0:4:1:3:2:1:2:0:0:,initialisation,5962.063842588813,
1:4:0:3:3:2:2:1:1:,initialisation,5840.38779094759,
1:4:1:3:3:2:2:1:1:,initialisation,6167.23003183705,
1:4:1:2:2:3:3:1:0:,initialisation,5908.397950348938,
1:4:0:3:3:2:2:0:1:,initialisation,5962.0004146929405,
1:4:1:3:3:1:2:0:1:,initialisation,5119.578515176015,
1:4:1:3:2:2:2:1:1:,initialisation,6312.495239471207,
1:4:0:4:4:1:1:0:1:,initialisation,5393.0329730628355,
1:4:1:2:2:2:2:1:1:,initialisation,5972.706999649614,
1:4:1:2:1:3:3:1:1:,initialisation,6063.376148441863,
1:4:1:3:2:2:2:1:1:,initialisation,6173.700157453052,
1:4:1:3:2:2:2:1:1:,initialisation,5973.897603264383,
1:4:1:3:3:2:2:1:1:,initialisation,6113.52836856606,
1:4:0:2:2:3:3:1:1:,initialisation,6150.589746837781,
1:4:1:2:2:2:2:1:1:,initialisation,5585.975276612624,
1:4:0:2:2:2:2:1:1:,initialisation,6031.55834815652,
1:4:1:2:2:2:3:0:1:,initialisation,6012.352692478223,
1:4:1:2:2:2:3:0:1:,initialisation,5688.937530379527,
1:4:1:3:3:1:1:0:1:,initialisation,5596.381739312854,
0:4:1:2:2:2:3:1:0:,initialisation,6074.567283908314,
1:4:1:2:2:2:3:1:1:,initialisation,5679.147487218105,
1:4:1:3:3:2:2:1:1:,initialisation,5829.689591203801,
1:4:1:2:2:3:3:1:1:,initialisation,6479.882104375701,
1:4:1:3:3:1:2:0:2:,initialisation,5486.3139210430045,
1:4:1:3:2:2:2:1:1:,initialisation,5832.320486372509,
1:4:1:3:3:2:2:0:1:,initialisation,6112.2423489355415,
2:4:0:4:4:1:1:0:2:,initialisation,6029.894136835639,
1:4:1:2:2:3:3:1:1:,initialisation,6203.055209329808,
1:4:1:3:3:2:2:1:1:,initialisation,5664.967592404964,
0:3:1:1:0:4:4:1:0:,initialisation,6022.693541461349,
1:4:1:2:2:3:3:1:1:,initialisation,5900.227573843447,
1:4:1:2:2:3:3:1:1:,initialisation,5694.767192238809,
1:4:0:3:3:1:1:0:1:,initialisation,5364.357795028304,
1:4:0:3:3:2:2:0:1:,initialisation,5882.252987386956,
1:4:0:3:3:2:2:1:2:,initialisation,5844.826673696756,
1:4:0:3:3:1:1:0:1:,initialisation,5240.258402255327,
1:4:1:3:3:2:1:1:1:,initialisation,5835.5933982219985,
1:4:0:3:2:2:2:1:1:,initialisation,6395.187324191112,
1:4:1:3:2:1:2:1:1:,initialisation,5676.883209319197,
2:4:0:4:4:1:1:1:2:,initialisation,5844.826673696756,
1:4:0:2:2:3:3:1:1:,initialisation,5844.826673696755,
0:3:1:1:0:4:4:2:0:,initialisation,6303.496099382394,
1:4:1:2:1:3:3:1:0:,initialisation,6133.54958141584,
1:4:1:2:2:2:2:1:1:,initialisation,5319.551711086278,
1:4:1:3:2:3:2:1:1:,initialisation,5555.594205810769,
1:4:0:2:2:2:2:1:1:,initialisation,5844.826673696756,
1:4:1:3:3:2:1:1:1:,initialisation,5476.085189447242,
1:4:1:2:2:2:2:0:1:,initialisation,5839.080685884209,
1:4:0:3:3:1:2:0:1:,initialisation,5594.7987178825115,
1:4:1:3:3:2:2:0:1:,initialisation,5762.814362144616,
0:4:1:2:2:2:2:0:0:,initialisation,6317.993535636196,
0:4:1:2:2:3:2:1:0:,initialisation,5459.5687542534915,
1:4:1:3:3:3:2:1:1:,initialisation,6316.438808202976,
1:4:1:3:2:2:2:0:1:,initialisation,5901.980066076362,
1:4:1:2:1:3:3:1:0:,initialisation,6028.019188296961,
2:4:0:3:3:2:2:1:2:,initialisation,5844.826673696756,
2:4:0:4:4:0:1:0:2:,initialisation,5548.124943952818,
1:4:1:3:3:1:1:0:1:,initialisation,5238.741583184154,
0:4:1:2:2:1:2:0:0:,initialisation,5198.549317898834,
1:4:1:3:2:1:2:0:1:,initialisation,5011.315562964837,
1:4:0:2:2:2:3:1:1:,initialisation,5844.826673696756,
1:4:1:2:2:3:3:1:1:,initialisation,5688.658348861565,
1:4:1:4:4:2:1:0:1:,initialisation,6102.95724953973,
1:4:1:2:2:3:3:1:0:,initialisation,5579.92359711249,
1:4:0:3:3:1:2:1:1:,initialisation,5675.824040608196,
2:4:0:4:4:1:1:0:2:,initialisation,5715.693895795409,
0:4:1:2:2:2:3:0:0:,initialisation,6196.999024957026,
0:4:1:2:2:3:3:1:0:,initialisation,6381.911698150499,
1:4:1:3:3:2:2:0:1:,initialisation,5687.428012583891,
0:4:1:2:2:3:3:1:0:,initialisation,6020.716144923313,
0:4:1:2:2:2:2:0:0:,initialisation,5254.162424082164,
0:4:1:3:3:2:1:0:0:,initialisation,5198.379346761595,
1:4:1:3:3:2:2:0:1:,initialisation,5364.807300716215,
1:4:0:2:2:2:2:1:1:,initialisation,5203.8138429128685,
1:4:0:3:3:2:2:0:1:,initialisation,5801.2806871647035,
0:2:1:0:0:4:4:2:0:,initialisation,6272.830041542383,
1:4:1:2:2:2:2:1:0:,initialisation,5899.233078293568,
2:4:0:3:3:2:2:1:2:,initialisation,5844.826673696754,
1:4:0:3:3:1:2:0:2:,initialisation,5795.189202964086,
1:4:0:3:2:2:2:1:1:,initialisation,5844.826673696756,
1:4:1:3:3:1:2:1:1:,initialisation,5700.916339658893,
0:4:1:3:2:2:2:0:0:,initialisation,5873.3543079585415,
1:4:1:3:2:2:2:1:1:,initialisation,5745.648249569342,
1:4:1:4:4:1:1:0:1:,initialisation,5365.858923876837,
0:4:1:2:1:3:3:0:0:,initialisation,6596.908917378679,
1:4:0:3:3:2:2:1:1:,initialisation,5628.162007651468,
2:4:0:4:4:2:1:0:2:,initialisation,5859.794093655028,
2:4:0:3:3:1:1:1:2:,initialisation,5994.605738567528,
0:4:1:2:2:2:3:1:0:,initialisation,5750.147400775919,
1:4:0:2:2:2:3:1:1:,initialisation,5703.922541214615,
1:4:1:2:2:2:3:1:1:,initialisation,5476.7249420397,
2:4:0:3:3:1:1:0:2:,initialisation,5741.540574248327,
1:4:0:3:2:2:2:1:1:,initialisation,5679.002132756695,
2:4:0:4:4:1:1:0:2:,initialisation,5265.016758469808,
0:4:1:2:2:3:3:0:0:,initialisation,6290.239651436682,
1:4:1:2:2:3:2:1:1:,initialisation,5943.051654112659,
1:4:1:3:3:2:1:0:1:,initialisation,5400.840604149825,
1:4:0:3:3:2:2:1:2:,initialisation,5844.826673696755,
1:4:1:2:2:1:2:0:1:,initialisation,5620.757044449136,
0:4:1:2:1:3:3:1:0:,initialisation,6406.342512861569,
1:4:0:3:2:2:2:1:1:,initialisation,5595.800954177342,
0:4:1:2:1:3:3:1:0:,initialisation,6215.3339148663645,
0:4:1:2:2:2:3:0:0:,initialisation,5679.880576293924,
1:4:1:2:2:2:3:1:0:,initialisation,5712.6355326542325,
1:4:0:2:2:3:3:2:1:,initialisation,5844.826673696755,
1:4:1:3:2:2:2:1:1:,initialisation,5558.477961018853,
1:4:1:3:3:0:0:0:1:,initialisation,4401.029391127285,
1:4:1:1:1:3:3:1:1:,initialisation,5798.340604765457,
1:4:0:3:3:2:2:0:1:,initialisation,5513.161177405919,
1:4:0:3:3:2:1:0:1:,initialisation,5577.529217806051,
0:4:1:1:1:4:4:1:0:,initialisation,5981.947503516571,
1:4:1:1:1:2:3:1:1:,initialisation,5570.0682729324135,
2:4:0:3:4:2:1:1:2:,initialisation,5709.843594563162,
2:4:1:4:4:1:1:0:2:,initialisation,5575.806453307553,
1:4:1:2:2:3:2:1:1:,initialisation,5825.692707591448,
1:4:1:2:1:3:3:1:1:,initialisation,5965.594696924806,
1:4:1:3:4:1:1:0:1:,initialisation,5494.7504722168815,
1:4:1:3:3:1:1:0:1:,initialisation,5080.653252367732,
0:4:1:2:1:3:3:1:0:,initialisation,5921.413263865352,
2:4:0:3:3:2:1:1:2:,initialisation,5844.826673696757,
1:4:1:3:3:2:2:1:1:,initialisation,5391.769608025879,
0:4:1:3:3:2:2:0:0:,initialisation,6288.8978169040065,
0:3:1:1:0:3:4:1:0:,initialisation,6733.5931188101185,
2:4:0:4:4:0:0:0:2:,initialisation,5042.7956183067445,
0:4:1:3:3:1:2:0:0:,initialisation,5275.86026161132,
1:4:1:2:1:2:3:1:1:,initialisation,5646.926051524337,
1:4:0:3:3:1:2:1:1:,initialisation,5607.28601101229,
1:4:0:4:4:1:1:0:2:,initialisation,5735.428306849747,
0:3:1:1:1:3:4:1:0:,initialisation,6864.63190768255,
1:4:1:2:2:2:3:0:1:,initialisation,5513.206205609627,
1:4:1:2:2:2:2:0:1:,initialisation,5759.448006060076,
0:4:1:1:1:3:3:1:0:,initialisation,5645.820763222044,
1:4:0:3:3:1:1:0:1:,initialisation,5187.05134030472,
1:4:1:2:2:2:2:0:1:,initialisation,5474.702760685923,
1:4:1:2:2:1:2:0:1:,initialisation,5273.508177672013,
2:4:0:3:3:2:1:0:2:,initialisation,5431.181261959132,
1:4:1:3:3:1:1:0:2:,initialisation,5674.454276038876,
1:4:1:3:2:3:2:0:1:,initialisation,6135.795328008864,
1:4:0:3:2:2:2:1:1:,initialisation,5566.630545218068,
1:4:0:4:4:1:1:0:2:,initialisation,5630.676031128221,
1:4:0:3:3:1:2:0:1:,initialisation,5477.438583665108,
1:4:0:3:3:1:2:1:2:,initialisation,5759.197106168947,
1:4:0:3:4:0:1:0:2:,initialisation,5144.2574058657665,
1:4:1:2:1:3:3:1:0:,initialisation,5977.558489992707,
2:4:0:3:3:2:1:1:2:,initialisation,5844.826673696756,
1:4:0:2:2:3:2:1:1:,initialisation,5872.5899315124225,
1:4:1:3:3:1:2:1:1:,initialisation,5510.30508814934,
1:4:0:3:3:2:2:1:1:,initialisation,5536.046804708932,
1:4:0:4:4:2:1:0:2:,initialisation,5962.132672591758,
2:4:1:4:4:1:1:0:2:,initialisation,5441.611778985179,
2:4:0:3:3:1:1:0:2:,initialisation,5575.860454295625,
1:4:1:2:2:3:3:1:1:,initialisation,5657.745490619845,
1:4:0:2:1:2:3:1:1:,initialisation,5844.826673696757,
1:4:0:4:4:1:1:0:2:,initialisation,5257.614457339673,
0:3:1:1:1:3:3:0:0:,initialisation,6253.46191030101,
0:4:1:3:3:2:2:0:0:,initialisation,5850.5261591291,
1:4:0:3:3:1:1:0:2:,initialisation,5389.296253805669,
0:4:1:2:1:2:3:0:0:,initialisation,6190.842495642681,
1:4:1:2:2:2:2:1:1:,initialisation,4986.441287094578,
1:4:1:3:3:0:1:0:1:,initialisation,5276.275551426231,
1:4:1:3:3:2:2:1:1:,initialisation,5381.429233712631,
1:4:0:4:4:1:1:0:1:,initialisation,5340.909879255291,
1:4:1:2:1:3:3:1:1:,initialisation,5778.40909704912,
1:4:1:2:2:1:2:1:1:,initialisation,5660.044144561758,
2:4:0:3:3:1:2:1:2:,initialisation,5797.554976271562,
1:4:1:3:3:1:2:0:1:,initialisation,5050.4362062644805,
0:4:1:2:2:2:2:0:0:,initialisation,5190.781011788226,
1:4:1:1:1:3:3:1:0:,initialisation,5856.87020035194,
1:4:1:3:3:0:1:0:1:,initialisation,5097.597483832603,
0:3:1:2:1:3:3:1:0:,initialisation,6214.904233470944,
0:4:1:1:1:3:4:0:0:,initialisation,6197.260515647409,
1:4:1:2:2:2:3:1:1:,initialisation,5343.612808597223,
0:4:2:1:1:3:4:1:0:,initialisation,6324.755318310689,
0:4:1:1:1:3:4:1:0:,initialisation,6271.774045038695,
1:4:0:3:3:2:2:0:1:,initialisation,5460.445524084911,
1:4:1:4:4:0:1:0:1:,initialisation,5780.503026290517,
2:4:0:4:4:2:1:1:2:,initialisation,5844.826673696757,
1:4:0:2:2:3:3:1:1:,initialisation,5714.538032073289,
1:4:1:2:2:1:3:0:1:,initialisation,5697.842319970416,
0:3:1:1:1:3:4:1:0:,initialisation,5622.910458269197,
1:4:0:3:3:1:2:0:1:,initialisation,5401.537563837405,
1:4:1:3:2:2:2:0:1:,initialisation,5694.267938624647,
1:4:1:3:3:3:2:1:1:,initialisation,6278.0633602308335,
1:4:1:4:4:0:1:0:1:,initialisation,5780.305190145297,
1:4:0:3:3:2:2:1:1:,initialisation,5102.643133750816,
1:4:1:3:3:3:2:0:1:,initialisation,6343.876924508183,
1:4:1:3:2:3:3:1:1:,initialisation,6688.483473382472,
1:4:1:3:2:2:2:1:1:,initialisation,5510.265442268497,
0:3:1:2:2:3:3:1:0:,initialisation,5850.054339235955,
0:4:1:2:1:3:3:0:0:,initialisation,6031.408525388442,
0:4:1:2:2:2:3:0:0:,initialisation,5629.600859420869,
0:3:1:2:2:2:3:0:0:,initialisation,5982.356546007569,
1:4:0:3:3:3:2:1:1:,initialisation,5844.826673696757,
1:4:1:2:2:1:2:0:1:,initialisation,5219.645583187101,
1:4:0:3:3:2:1:1:1:,initialisation,5844.826673696757,
0:4:1:3:2:3:3:0:0:,initialisation,7133.502137410311,
1:4:0:3:3:1:1:0:1:,initialisation,5098.65264307172,
0:4:1:2:1:4:3:1:0:,initialisation,6666.087365711043,
0:4:1:2:1:2:3:0:0:,initialisation,6169.184961865917,
1:4:1:2:2:3:3:0:1:,initialisation,6707.444912660279,
1:4:1:2:2:3:2:1:1:,initialisation,5400.140461669398,
1:4:1:3:3:1:2:0:1:,initialisation,4972.798603503773,
1:4:0:2:2:1:2:1:1:,initialisation,5153.7944607639265,
1:4:1:2:2:2:2:1:0:,initialisation,5853.170829756854,
1:4:0:3:3:2:2:0:2:,initialisation,6214.043986968598,
1:4:1:3:2:2:3:1:1:,initialisation,6472.868083038664,
0:4:1:2:1:3:3:1:0:,initialisation,5909.154420575503,
0:3:1:2:2:1:2:0:0:,initialisation,4920.4653466152095,
1:4:1:3:4:1:1:0:1:,initialisation,5151.4588808626895,
1:4:1:3:3:1:2:1:1:,initialisation,5500.432187506437,
0:3:1:1:1:4:4:2:0:,initialisation,5844.826673696758,
1:4:1:3:3:2:2:1:1:,initialisation,5290.588105309305,
1:4:1:3:3:1:1:0:1:,initialisation,5065.75507947544,
1:4:1:4:4:0:1:0:1:,initialisation,5556.811369144221,
1:4:1:3:3:1:2:1:1:,initialisation,5447.825032863455,
1:4:0:1:1:3:3:2:1:,initialisation,5844.826673696757,
1:4:1:3:3:3:2:1:1:,initialisation,5866.639645184114,
1:4:0:4:4:2:1:1:2:,initialisation,5844.826673696754,
0:4:1:2:2:2:3:0:0:,initialisation,5152.710659819209,
1:4:1:3:2:2:2:0:1:,initialisation,5665.785606139253,
1:4:1:2:2:2:2:1:1:,initialisation,4866.720745251498,
1:4:0:3:3:2:1:1:1:,initialisation,5701.872844870021,
1:4:0:3:2:3:2:1:1:,initialisation,5844.826673696758,
2:4:1:3:3:1:2:0:2:,initialisation,5893.010253887399,
1:4:0:3:3:1:1:1:1:,initialisation,5540.215619152416,
1:4:1:3:3:1:2:1:1:,initialisation,5135.784996305796,
1:4:1:2:2:1:2:1:1:,initialisation,5568.071410858565,
1:4:1:4:4:1:1:0:1:,initialisation,5231.577040593358,
1:4:1:3:2:1:2:1:1:,initialisation,5510.454241155398,
1:4:1:3:2:2:2:1:1:,initialisation,5498.923034513553,
1:4:1:2:2:2:3:1:0:,initialisation,5658.237142309436,
0:4:1:2:1:3:3:1:0:,initialisation,5552.684545227599,
1:4:1:2:2:2:2:0:1:,initialisation,5431.011262374827,
1:4:1:2:2:1:2:0:1:,initialisation,5219.121545290951,
1:4:0:3:3:1:1:0:2:,initialisation,5190.677940052372,
0:3:1:1:1:3:3:1:0:,initialisation,6136.711215669638,
1:4:1:3:2:1:2:1:1:,initialisation,5510.401134550791,
1:4:1:2:2:2:3:1:1:,initialisation,5139.233385646209,
1:4:1:3:3:2:1:0:2:,initialisation,5850.044008660479,
1:4:1:2:2:1:2:0:1:,initialisation,5047.590914752636,
2:4:0:3:3:2:2:1:2:,initialisation,5783.568662257239,
0:4:1:2:1:2:3:1:0:,initialisation,5466.946773636841,
1:4:1:2:2:1:2:1:1:,initialisation,5160.0186091132255,
1:4:1:3:3:1:1:0:1:,initialisation,5012.52621474764,
1:4:1:2:1:2:3:1:0:,initialisation,5819.392165413955,
0:3:1:2:1:3:3:1:0:,initialisation,6068.75380812293,
0:4:1:3:2:2:2:0:0:,initialisation,5810.6469151053425,
0:4:1:3:2:2:2:0:0:,initialisation,5544.169155104992,
1:4:0:3:3:1:2:1:1:,initialisation,5276.222582708988,
0:3:1:1:1:3:3:1:0:,initialisation,6131.768869155587,
0:4:1:2:2:3:3:1:0:,initialisation,5949.482878526116,
1:4:0:3:3:1:1:1:2:,initialisation,5620.698176795568,
1:4:1:3:3:2:2:0:1:,initialisation,5185.332958317918,
0:4:1:3:3:1:1:0:0:,initialisation,5051.8479560531405,
1:4:0:3:2:2:2:0:1:,initialisation,6098.16745634437,
0:3:1:1:1:4:4:1:0:,initialisation,5989.664933759979,
1:4:1:3:3:1:2:0:1:,initialisation,4771.783916714243,
1:4:0:3:3:2:2:0:2:,initialisation,5994.9307997090555,
1:4:0:3:3:2:1:1:2:,initialisation,5589.440944754926,
1:4:1:4:4:0:0:0:1:,initialisation,5146.2939171291155,
0:3:1:3:2:2:2:0:0:,initialisation,5452.756723265258,
1:4:1:2:1:3:3:1:1:,initialisation,5632.230704870684,
1:4:0:3:3:3:2:1:1:,initialisation,5844.826673696756,
1:4:0:4:4:1:1:0:1:,initialisation,5326.1433695891,
1:4:0:3:4:2:1:1:2:,initialisation,5680.539120841912,
0:4:1:2:2:3:3:1:0:,initialisation,5737.31831119182,
0:4:1:1:1:3:4:1:0:,initialisation,6168.540998567895,
1:4:1:3:2:2:2:0:1:,initialisation,5411.041027606521,
1:4:1:4:4:1:1:0:2:,initialisation,5218.748799045764,
2:4:1:3:4:1:1:0:2:,initialisation,5244.85326072718,
2:4:0:4:4:1:1:1:2:,initialisation,5727.594968237083,
0:4:1:2:2:2:2:1:0:,initialisation,5694.008848041605,
0:2:1:1:0:4:4:1:0:,initialisation,6976.349512943186,
1:4:1:3:4:0:1:0:2:,initialisation,5199.788355068086,
0:4:1:2:2:2:3:1:0:,initialisation,5687.008330837351,
1:4:1:2:1:2:3:1:0:,initialisation,5388.027498742081,
1:4:0:2:2:3:2:1:1:,initialisation,5844.826673696757,
1:4:1:3:3:0:1:0:1:,initialisation,4660.1513949786195,
1:4:1:3:3:1:1:0:2:,initialisation,5482.889076054244,
1:4:0:3:3:0:1:0:2:,initialisation,5158.656700940859,
1:4:0:3:2:3:2:1:1:,initialisation,5844.826673696757,
1:4:1:4:4:0:1:0:2:,initialisation,5300.9452462257195,
1:4:0:3:4:1:1:0:1:,initialisation,5770.955316213416,
1:4:1:3:3:2:2:0:1:,initialisation,5018.710701074855,
1:4:0:3:3:1:2:0:1:,initialisation,5275.733232638562,
1:4:1:3:2:2:3:0:1:,initialisation,6598.112844514611,
0:4:1:3:2:2:2:0:0:,initialisation,5524.344303038002,
1:4:0:3:2:2:3:1:1:,initialisation,6538.508106357053,
1:4:1:3:3:1:1:0:2:,initialisation,5472.755041551418,
1:4:1:3:3:2:2:1:1:,initialisation,5208.928449101355,
0:4:1:2:2:3:3:0:0:,initialisation,6038.092982454867,
1:4:1:3:4:2:1:0:1:,initialisation,5594.87855599838,
1:4:1:2:1:3:3:1:0:,initialisation,5928.183149136642,
0:4:1:3:2:1:2:0:0:,initialisation,5867.366285396475,
2:4:0:4:4:2:1:1:2:,initialisation,5844.826673696756,
0:4:2:2:1:3:3:1:0:,initialisation,7110.841681894391,
2:4:0:3:3:1:1:1:2:,initialisation,5844.826673696757,
1:4:0:3:3:1:2:1:1:,initialisation,5209.8633793503805,
0:4:1:2:2:2:3:1:0:,initialisation,5485.598768957734,
1:4:0:3:3:2:1:0:2:,initialisation,5788.681408898129,
0:4:1:2:2:1:2:0:0:,initialisation,5105.587110879634,
0:3:1:1:1:3:3:1:0:,initialisation,6124.289007695924,
0:3:1:2:1:2:3:1:0:,initialisation,6117.277184504323,
1:4:1:2:2:2:2:0:1:,initialisation,5093.629218139367,
1:4:1:3:3:1:1:0:1:,initialisation,4943.402816079484,
1:4:1:2:1:3:3:1:0:,initialisation,5889.775093865763,
0:4:2:2:1:3:3:0:0:,initialisation,5969.047592953712,
1:4:1:2:1:4:3:1:0:,initialisation,6427.989353316208,
0:4:1:2:2:2:2:0:0:,initialisation,5180.947505999801,
1:4:1:3:2:2:2:1:1:,initialisation,5452.103295285518,
1:4:1:2:1:3:3:1:0:,initialisation,5370.4766831282,
0:3:1:2:1:3:3:0:0:,initialisation,6446.371672702743,
1:4:0:3:3:1:2:0:2:,initialisation,5612.9243892269715,
1:4:1:3:3:2:1:0:1:,initialisation,5225.542783958204,
1:4:1:3:3:1:1:0:1:,initialisation,4698.828852559524,
1:4:1:3:3:1:1:1:1:,initialisation,5549.697755143916,
0:4:1:2:2:2:3:1:0:,initialisation,5438.978718494916,
0:4:1:3:3:1:2:0:0:,initialisation,5006.474764193655,
1:4:1:2:2:2:3:1:0:,initialisation,5470.610242241776,
1:4:1:2:2:3:3:1:1:,initialisation,5643.845405761749,
1:4:1:2:2:2:2:1:0:,initialisation,5704.9560782178205,
1:4:0:3:3:1:1:0:2:,initialisation,5099.535207003376,
1:4:0:3:3:2:2:0:1:,initialisation,5439.656000073093,
1:4:1:2:2:3:3:1:1:,initialisation,5606.787384717518,
1:4:1:3:2:2:2:1:1:,initialisation,5200.552558589783,
1:4:1:3:4:1:1:1:1:,initialisation,5698.7658265631635,
1:4:1:4:3:1:2:0:1:,initialisation,6225.705913200362,
1:4:1:4:4:0:0:0:1:,initialisation,4642.154503833208,
1:4:0:3:2:3:2:1:1:,initialisation,5726.5699503422975,
1:4:1:4:4:0:1:0:2:,initialisation,5232.734608443795,
0:4:1:3:2:1:2:0:0:,initialisation,5828.607349395463,
1:4:1:1:1:3:3:2:1:,initialisation,5778.5591861676085,
1:4:0:3:3:1:1:1:1:,initialisation,5450.815679733639,
1:4:0:2:2:2:2:0:1:,initialisation,5958.983503365261,
1:4:0:4:4:2:1:1:1:,initialisation,6059.77237289049,
1:4:0:3:3:1:2:0:2:,initialisation,5401.968325541324,
0:4:1:2:2:3:3:1:0:,initialisation,5670.514163939573,
1:4:1:3:3:0:2:0:1:,initialisation,5042.370549277034,
1:4:1:3:3:1:1:0:2:,initialisation,5420.683364262639,
0:4:1:2:2:2:2:0:0:,initialisation,4772.966219581333,
1:4:0:3:2:2:2:1:2:,initialisation,5844.826673696755,
0:3:1:1:1:3:4:0:0:,initialisation,6885.576747627609,
1:4:0:2:1:3:3:2:1:,initialisation,5844.826673696757,
1:4:1:2:2:3:3:0:1:,initialisation,6486.8599072022835,
1:4:0:3:3:2:1:0:1:,initialisation,5430.080304779862,
0:4:1:2:1:2:3:0:0:,initialisation,5768.167464347035,
1:4:0:2:2:1:2:1:1:,initialisation,5117.736319734161,
1:4:1:1:1:3:3:1:0:,initialisation,5503.571826052351,
0:4:1:4:4:0:1:0:0:,initialisation,5280.218261577184,
1:4:0:3:3:2:1:1:1:,initialisation,5465.949717816421,
0:3:1:2:1:3:3:0:0:,initialisation,6170.397639571632,
1:4:1:4:4:2:1:0:2:,initialisation,6323.325438543584,
0:3:0:2:2:3:3:1:0:,initialisation,5881.233705604946,
1:4:1:4:3:2:2:0:1:,initialisation,6449.733725875413,
1:4:1:4:4:1:0:0:1:,initialisation,4756.761349414132,
1:4:0:2:1:2:3:1:1:,initialisation,5742.214370862048,
1:4:0:2:1:3:3:1:1:,initialisation,5844.826673696757,
0:4:1:2:1:2:3:0:0:,initialisation,5630.085026594078,
1:4:0:2:2:3:2:1:1:,initialisation,5844.826673696756,
1:4:1:3:3:2:1:0:2:,initialisation,5708.198976522523,
2:4:0:3:3:2:2:0:2:,initialisation,6019.700812287958,
1:4:0:3:3:2:1:1:1:,initialisation,5422.11149088526,
1:4:1:4:4:0:1:0:1:,initialisation,5280.820978427225,
0:3:1:2:1:2:3:0:0:,initialisation,5839.468517352927,
1:4:0:3:2:2:2:0:1:,initialisation,5828.488068584085,
1:4:0:3:2:2:2:1:1:,initialisation,5343.293076692093,
1:4:1:1:1:3:4:1:1:,initialisation,6518.848767721756,
1:4:1:2:2:2:3:1:0:,initialisation,5303.897635227375,
0:3:1:1:1:3:4:0:0:,initialisation,6837.453557030144,
1:4:1:2:1:3:3:1:1:,initialisation,5609.898393564678,
1:4:0:3:4:1:1:0:1:,initialisation,5591.171962948893,
0:4:1:2:1:3:3:0:0:,initialisation,6001.663708896272,
1:4:1:4:4:2:1:0:1:,initialisation,5819.812772999612,
0:4:1:1:1:3:3:0:0:,initialisation,6539.010765133756,
1:4:1:3:2:1:2:1:1:,initialisation,5219.409024974692,
1:4:0:3:2:2:2:0:1:,initialisation,5652.972946761246,
1:4:1:3:3:2:1:0:1:,initialisation,5099.026827588665,
1:4:1:4:4:1:2:0:1:,initialisation,6156.686889345691,
1:4:1:3:2:2:2:0:1:,initialisation,5349.648074324536,
1:4:0:3:3:1:2:0:1:,initialisation,5271.069469780757,
1:4:1:3:4:0:1:0:1:,initialisation,4870.295003775465,
1:4:1:3:3:1:1:1:1:,initialisation,5405.297406875097,
0:3:1:2:2:3:3:0:0:,initialisation,6962.675077135823,
1:4:1:2:2:1:2:0:1:,initialisation,4789.092975286201,
1:4:0:3:2:2:2:0:1:,initialisation,5535.195115902238,
0:4:1:2:2:3:3:1:0:,initialisation,5574.911445812682,
1:4:0:4:4:2:1:0:2:,initialisation,5763.774290590257,
0:4:1:3:3:1:1:0:0:,initialisation,4400.433391986206,
1:4:0:3:4:1:1:0:1:,initialisation,5173.651691633285,
1:4:1:2:2:3:2:0:1:,initialisation,5917.183177078441,
1:4:1:3:2:3:2:0:1:,initialisation,6026.109160989513,
2:4:0:3:3:2:1:1:2:,initialisation,5844.826673696755,
1:4:0:3:3:1:1:1:1:,initialisation,5392.7356509477995,
1:4:0:2:2:1:2:0:1:,initialisation,5178.179240763611,
0:3:1:2:1:3:3:1:0:,initialisation,5904.777581999111,
1:4:0:3:4:1:1:0:2:,initialisation,5366.774981115389,
2:4:0:3:3:2:2:1:2:,initialisation,5692.213151943559,
1:4:0:3:3:1:2:0:1:,initialisation,5214.054877813711,
0:4:1:2:1:3:3:1:0:,initialisation,5284.713968941455,
0:4:1:3:3:2:2:0:0:,initialisation,5466.480841106114,
1:4:1:4:4:1:1:0:1:,initialisation,5184.853592752977,
1:4:1:3:4:1:1:0:1:,initialisation,5030.668476637057,
1:4:1:2:2:3:3:1:1:,initialisation,5528.212869140321,
1:4:0:3:3:2:1:0:1:,initialisation,5335.285361366201,
1:4:0:4:4:0:1:0:2:,initialisation,4991.283953346568,
1:4:1:2:1:2:3:1:1:,initialisation,5380.288480383304,
1:4:0:4:4:1:1:0:1:,initialisation,5320.566604099282,
1:4:0:4:4:0:1:0:1:,initialisation,5479.019189040215,
1:4:1:2:1:2:3:1:0:,initialisation,5335.584935045948,
1:4:0:3:2:1:2:1:1:,initialisation,5373.363336027716,
1:4:0:4:4:1:1:0:1:,initialisation,5313.891569401516,
1:4:0:4:4:1:1:0:1:,initialisation,5189.262499952389,
1:4:1:1:1:3:4:1:0:,initialisation,5888.054620044946,
1:4:0:4:4:2:1:1:2:,initialisation,5819.06318017773,
1:4:1:2:2:2:2:1:0:,initialisation,5033.348565057765,
0:4:2:1:1:3:3:1:0:,initialisation,5924.6691873249665,
0:3:1:2:1:3:3:0:0:,initialisation,5978.626421827193,
0:3:1:2:2:3:3:0:0:,initialisation,6113.935997513278,
1:4:0:4:4:2:1:0:1:,initialisation,5986.8153220556,
0:4:1:1:1:3:4:2:0:,initialisation,6036.94794225996,
1:4:0:3:2:2:2:0:1:,initialisation,5233.8823741966,
1:4:1:3:3:1:1:0:2:,initialisation,5295.228072155724,
0:4:1:3:2:1:2:0:0:,initialisation,5299.010829375599,
0:4:1:2:1:2:3:1:0:,initialisation,5298.620740436285,
0:4:1:2:2:1:2:0:0:,initialisation,4595.084125189607,
1:4:1:3:3:2:2:0:2:,initialisation,5884.7313709321625,
1:4:0:2:2:2:3:1:1:,initialisation,5629.51205325005,
1:4:1:4:4:0:1:0:1:,initialisation,4991.150553284355,
1:4:0:3:3:1:1:1:1:,initialisation,5260.56891786924,
0:4:1:1:1:2:3:1:0:,initialisation,6056.267390052521,
2:4:0:3:3:1:2:1:2:,initialisation,5667.186138327841,
1:4:0:3:3:2:2:0:2:,initialisation,5941.0929014489375,
1:4:0:3:3:2:2:0:1:,initialisation,5261.471568751702,
1:4:0:3:3:2:2:1:2:,initialisation,5682.95690992224,
2:4:0:3:3:1:1:1:2:,initialisation,5844.826673696756,
1:4:0:2:2:3:3:1:1:,initialisation,5712.161565581168,
0:4:1:1:1:4:3:1:0:,initialisation,6399.448941612274,
1:4:0:2:1:3:3:1:1:,initialisation,5794.662854309007,
1:4:0:3:2:2:2:1:1:,initialisation,5272.250911173793,
2:4:0:3:3:1:1:1:2:,initialisation,5844.826673696755,
0:4:1:2:2:2:2:1:0:,initialisation,5530.985674297371,
1:4:1:3:3:1:1:0:2:,initialisation,5229.927019014216,
0:3:1:1:1:3:3:1:0:,initialisation,6109.965867569934,
0:3:1:1:1:3:3:1:0:,initialisation,6103.837381434145,
2:4:0:3:4:1:1:0:2:,initialisation,5711.896645680701,
2:4:0:4:4:2:1:1:2:,initialisation,5844.826673696755,
1:4:1:1:1:3:3:1:1:,initialisation,5772.2930834358585,
1:4:1:3:3:2:1:0:2:,initialisation,5664.2280035381455,
1:4:0:3:3:1:2:0:1:,initialisation,5149.433743011614,
0:4:1:1:1:3:3:1:0:,initialisation,5013.770084303011,
1:4:0:3:2:2:2:1:1:,recombination,5230.3798809126765,1:4:1:2:2:1:2:1:1,1:4:0:3:2:2:2:1:1,MUTATE
1:4:0:3:3:1:2:1:2:,recombination,5572.783012146518,1:4:1:2:2:2:2:1:0,1:4:0:3:3:1:2:0:1,MUTATE
1:4:1:1:1:2:3:1:1:,recombination,5460.543230862553,1:4:0:3:3:2:2:0:1,1:4:1:1:1:3:3:1:1
0:2:1:0:0:4:4:2:0:,recombination,6004.749426693123,0:2:1:0:0:4:4:2:0,1:4:1:2:1:3:3:1:0,MUTATE
1:4:1:2:2:3:3:0:1:,recombination,6257.770602226504,0:4:1:2:1:3:3:0:0,1:4:0:4:4:1:1:0:2,MUTATE
1:4:1:1:1:3:4:1:0:,recombination,5857.699159093403,1:4:1:1:1:3:4:1:0,1:4:1:4:4:1:1:0:2,MUTATE
1:4:1:3:3:0:1:0:1:,clone,4646.953399681044,1:4:1:3:3:0:1:0:1
1:4:1:2:2:3:3:1:0:,clone,5528.212869140321,1:4:1:2:2:3:3:1:1
1:4:0:1:1:3:3:1:0:,recombination,5503.105137654456,1:4:0:2:1:3:3:1:1,1:4:0:2:2:2:3:1:1
1:4:1:4:4:1:1:0:1:,clone,5184.8535927529765,1:4:1:4:4:1:1:0:1
1:4:1:3:4:1:1:1:1:,clone,5478.486716464928,1:4:1:3:3:1:1:1:1
2:4:0:3:3:1:2:0:2:,recombination,5737.943333130957,1:4:1:3:3:2:2:0:2,1:4:1:2:1:2:3:1:0
1:4:1:2:2:3:3:0:1:,recombination,5983.528200328956,1:4:0:3:3:1:2:1:1,0:3:1:1:1:3:3:0:0,MUTATE
1:4:0:3:3:2:1:1:1:,recombination,5407.05200227519,1:4:1:3:3:2:2:1:1,2:4:0:4:4:1:1:0:2
1:4:1:2:1:2:3:1:1:,recombination,5224.689355673314,0:4:1:2:2:2:3:0:0,0:4:1:2:1:2:3:1:0,MUTATE
0:3:1:1:1:3:3:1:0:,recombination,5794.176716635493,1:4:1:2:1:2:3:1:0,0:4:1:2:2:3:3:1:0
1:4:1:2:1:2:3:1:0:,clone,5292.774251790018,1:4:1:2:1:2:3:1:0
1:4:0:3:3:1:1:0:1:,recombination,5050.542846870808,1:4:0:3:3:1:1:0:1,0:4:1:2:1:2:3:0:0,MUTATE
1:4:0:1:1:3:3:2:0:,recombination,5993.158473058661,0:3:1:1:1:4:4:2:0,1:4:1:2:1:4:3:1:0,MUTATE
1:4:1:2:2:3:3:1:1:,recombination,5461.301486920009,1:4:0:2:1:2:3:1:1,0:4:1:2:2:3:3:1:0
0:4:1:2:1:3:3:0:0:,recombination,5875.041558837866,0:4:1:2:2:2:2:0:0,0:4:1:2:1:3:3:0:0
1:4:1:1:1:2:3:1:0:,recombination,5617.919839942466,0:4:1:2:2:2:3:0:0,1:4:1:1:1:3:3:2:1,MUTATE
0:3:1:1:1:4:3:1:0:,recombination,6241.8894556194555,1:4:1:2:2:3:2:1:1,0:4:1:3:2:1:2:0:0,MUTATE
0:4:1:2:2:3:3:1:0:,recombination,5411.505048116796,1:4:1:2:2:3:2:1:1,1:4:1:2:2:3:3:1:1
1:4:1:4:4:0:1:0:2:,recombination,5169.647986339013,1:4:0:3:2:2:2:1:1,2:4:1:4:4:1:1:0:2
0:4:1:1:1:3:3:2:0:,recombination,6214.455044994569,1:4:0:2:2:3:2:1:1,0:4:1:2:1:2:3:1:0,MUTATE
1:4:1:2:2:2:3:1:0:,clone,5042.682570402317,1:4:1:2:2:2:2:1:0
1:4:0:2:2:3:3:1:1:,recombination,5609.255723981573,1:4:0:2:2:3:3:1:1,1:4:1:3:3:3:2:1:1
0:4:1:2:1:3:3:0:0:,recombination,5796.55426501329,0:3:1:1:1:3:3:0:0,1:4:1:3:3:2:2:0:1
1:4:0:3:3:1:2:1:1:,recombination,5186.537974741246,1:4:0:3:3:1:2:1:1,1:4:1:3:3:2:1:0:1
1:4:1:1:1:3:3:1:1:,recombination,5767.897645316528,1:4:1:2:1:3:3:1:1,1:4:0:2:2:2:3:1:1
1:4:0:1:1:3:3:2:0:,clone,5844.826673696757,1:4:0:2:1:3:3:2:1
1:4:1:2:1:2:3:1:0:,clone,5238.686296263834,1:4:1:2:1:2:3:1:0
1:4:1:4:4:1:0:0:2:,recombination,5309.9288899134135,2:4:0:4:4:1:1:1:2,1:4:1:4:4:1:0:0:1,MUTATE
0:4:1:2:2:3:3:0:0:,clone,5832.213075926235,0:4:1:2:1:3:3:0:0
1:4:1:2:2:2:3:1:1:,recombination,5106.942683022824,1:4:1:2:2:2:2:1:0,1:4:1:2:2:3:3:1:0
1:4:1:2:2:1:2:0:1:,clone,4771.783916714243,1:4:1:3:3:1:2:0:1
1:4:1:3:3:1:1:0:2:,clone,5102.943170015708,1:4:1:3:3:1:1:0:2
1:4:1:1:1:3:3:2:0:,recombination,5940.803379939889,1:4:0:1:1:3:3:2:0,1:4:1:3:3:1:2:0:1
1:4:1:2:1:3:3:1:1:,recombination,5404.068609105769,1:4:1:3:3:2:2:1:1,1:4:0:2:2:3:3:1:1,MUTATE
1:4:1:3:2:2:2:1:1:,recombination,5198.922397483169,1:4:1:2:2:3:3:1:1,1:4:1:3:3:1:1:0:2
0:4:1:3:3:2:1:0:0:,clone,5082.719940708943,0:4:1:3:3:2:1:0:0
1:4:1:2:2:2:2:0:1:,clone,4771.783916714243,1:4:1:2:2:1:2:0:1
1:4:0:2:2:3:2:1:1:,recombination,5840.277955261202,0:4:1:2:2:3:3:0:0,1:4:0:2:2:3:2:1:1
1:4:0:3:3:2:1:1:1:,recombination,5149.646436838302,1:4:1:3:2:3:2:1:1,2:4:0:4:4:1:1:0:2
2:4:0:3:3:1:2:1:2:,recombination,5483.588153033805,2:4:0:3:3:1:2:1:2,1:4:0:3:3:1:2:0:1
1:4:0:3:3:2:1:0:2:,clone,5788.681408898128,1:4:0:3:3:2:1:0:2
0:3:1:1:0:3:4:1:0:,recombination,6060.980268715965,0:4:1:2:1:3:3:0:0,1:4:1:2:1:2:3:1:1
1:4:1:2:2:1:2:0:1:,recombination,4530.586848813277,0:4:1:2:2:1:2:0:0,1:4:1:3:4:1:1:0:1,MUTATE
1:4:0:3:3:1:1:0:2:,recombination,4961.115613384831,2:4:0:3:3:1:1:0:2,1:4:1:3:3:2:1:0:1,MUTATE
2:4:0:3:3:1:2:1:2:,clone,5465.201026743845,2:4:0:3:3:1:2:1:2
1:4:0:2:2:2:2:1:1:,recombination,5185.550686933264,1:4:1:3:2:2:2:1:1,1:4:1:2:2:2:3:1:1
1:4:1:3:2:2:2:1:1:,recombination,5116.9789736509165,1:4:0:2:2:3:2:1:1,1:4:1:4:4:0:1:0:1,MUTATE
1:4:0:2:2:2:2:1:1:,recombination,5158.559545409673,0:4:1:2:1:3:3:1:0,2:4:0:3:3:1:1:0:2,MUTATE
1:4:1:3:2:2:2:0:1:,clone,5273.280086231394,1:4:1:3:2:2:2:1:1
1:4:1:2:2:3:2:1:1:,clone,5188.627470842424,1:4:1:2:2:3:2:1:1
0:3:1:1:1:3:4:1:0:,recombination,5542.094283808387,0:2:1:0:0:4:4:2:0,0:4:1:2:2:2:3:1:0,MUTATE
1:4:0:3:2:2:3:1:1:,clone,6538.508106357052,1:4:0:3:2:2:3:1:1
1:4:1:3:2:1:2:1:1:,recombination,5075.5785189124,0:4:1:2:2:3:3:1:0,1:4:1:3:3:1:1:0:1
1:4:1:3:2:2:2:0:1:,clone,5065.925096433689,1:4:1:2:2:2:2:0:1
1:4:1:3:2:1:2:1:1:,clone,5056.273083897224,1:4:1:3:2:1:2:1:1
1:4:1:2:1:3:3:1:0:,recombination,5278.867480295188,1:4:0:3:3:1:2:1:2,0:4:1:2:1:3:3:1:0,MUTATE
1:4:1:2:1:2:3:1:1:,clone,5191.937650037529,1:4:1:2:1:2:3:1:1
0:4:1:1:1:3:4:1:0:,recombination,5989.2497591499,1:4:1:1:1:3:4:1:0,0:4:1:4:4:0:1:0:0,MUTATE
0:3:1:2:2:2:2:0:0:,recombination,4933.380043528792,0:3:1:2:2:2:3:0:0,0:4:1:3:3:1:1:0:0
1:4:1:2:2:3:2:0:1:,clone,5803.183060564856,1:4:1:2:2:3:3:0:1
1:4:1:2:1:2:3:1:1:,recombination,5191.937650037528,1:4:1:2:1:2:3:1:1,1:4:0:3:2:3:2:1:1,MUTATE
1:4:0:3:3:2:2:1:1:,clone,5102.643133750815,1:4:0:3:3:2:2:1:1
1:4:1:2:2:3:3:0:1:,clone,5862.536894889686,1:4:1:2:2:3:3:0:1
1:4:0:3:2:2:2:1:1:,recombination,5124.273714798655,1:4:0:3:3:1:1:0:1,1:4:0:2:2:2:2:1:1
0:3:1:1:1:3:3:1:0:,recombination,5631.317722718763,1:4:1:3:2:2:2:1:1,0:4:1:2:2:2:3:1:0,MUTATE
0:3:1:1:1:3:4:1:0:,recombination,5517.118366929463,1:4:1:1:1:3:3:2:1,0:4:1:2:2:1:2:0:0,MUTATE
1:4:0:4:4:2:1:0:2:,recombination,5695.0736570460185,2:4:0:4:4:1:1:0:2,0:3:1:1:1:3:3:1:0,MUTATE
1:4:1:1:1:3:3:1:1:,recombination,5757.794454336091,0:3:1:2:1:3:3:0:0,1:4:0:2:2:3:3:1:1,MUTATE
1:4:1:4:4:0:0:0:1:,clone,4589.665210714116,1:4:1:3:3:0:0:0:1
1:4:1:3:2:1:2:0:1:,recombination,4955.62122524183,1:4:1:2:2:2:3:1:1,1:4:1:3:3:0:1:0:1
2:4:1:3:3:1:1:0:2:,clone,5276.8262861157245,2:4:1:3:4:1:1:0:2
0:4:1:3:3:2:2:0:0:,recombination,5410.90536870714,0:4:1:3:2:2:2:0:0,1:4:0:2:2:1:2:0:1
1:4:1:2:1:2:3:1:0:,recombination,5190.825316067887,0:4:1:2:1:2:3:1:0,1:4:1:3:2:1:2:0:1
1:4:0:2:1:3:3:2:1:,clone,5844.826673696756,1:4:0:2:1:3:3:1:1
0:3:1:1:1:3:3:1:0:,clone,5384.0870370017055,0:3:1:1:1:3:4:1:0
1:4:0:2:2:2:2:1:1:,clone,5124.273714798655,1:4:0:2:2:2:2:1:1
1:4:0:3:3:1:1:0:1:,clone,4936.551998708904,1:4:0:3:3:1:1:0:1
1:4:1:2:1:4:3:1:0:,clone,6412.022958914846,1:4:1:2:1:4:3:1:0
1:4:0:2:2:3:2:1:1:,recombination,5726.5699503422975,0:4:1:2:2:2:3:1:0,1:4:0:3:2:3:2:1:1,MUTATE
0:3:1:2:1:3:3:0:0:,clone,5842.19739092608,0:3:1:2:1:3:3:0:0
1:4:0:4:4:0:1:0:1:,clone,5247.939985079611,1:4:0:4:4:1:1:0:1
0:4:1:2:2:2:3:1:0:,recombination,5277.485352634206,1:4:1:3:2:2:2:0:1,0:4:1:2:2:2:3:1:0,MUTATE
1:4:1:2:2:2:3:0:1:,recombination,5244.05424196196,0:4:1:2:2:2:3:0:0,1:4:1:3:2:3:3:1:1,MUTATE
0:4:1:2:1:2:3:1:0:,recombination,5126.491048578463,1:4:1:2:2:3:3:1:1,1:4:1:2:1:2:3:1:0
1:4:0:2:2:2:2:1:0:,recombination,5026.190989170152,1:4:0:3:2:2:2:1:1,1:4:1:2:2:2:3:1:1,MUTATE
1:4:1:3:3:0:1:0:1:,clone,4594.231203543663,1:4:1:3:3:0:1:0:1
1:4:1:2:2:2:3:0:1:,clone,5144.714540711575,1:4:1:2:2:2:3:0:1
1:4:1:4:4:0:1:0:2:,clone,5135.522175506939,1:4:1:4:4:0:1:0:2
1:4:1:4:4:1:1:0:2:,clone,5135.522175506939,1:4:1:4:4:0:1:0:2
1:4:0:3:3:2:2:0:1:,clone,4902.699881287041,1:4:1:2:2:2:2:0:1
1:4:0:3:3:2:1:0:1:,clone,4966.214459314562,1:4:0:3:3:2:2:0:1
1:4:1:3:3:1:1:1:1:,clone,5220.479974533877,1:4:1:3:3:1:1:0:1
0:4:1:4:4:0:1:0:1:,clone,5257.825499943435,0:4:1:4:4:0:1:0:0
1:4:1:3:3:0:1:0:1:,recombination,4524.6327035830445,1:4:1:2:2:1:2:0:1,2:4:1:3:3:1:1:0:2,MUTATE
0:4:1:2:1:2:3:1:0:,recombination,4686.472763195338,1:4:1:2:2:1:2:0:1,0:3:1:1:1:3:3:1:0,MUTATE
1:4:0:3:3:2:2:0:1:,clone,4880.30711965329,1:4:0:3:3:2:2:0:1
1:4:1:2:2:2:2:1:0:,recombination,5024.301723148639,1:4:1:2:1:3:3:1:0,1:4:1:3:2:2:2:0:1
1:4:1:3:3:2:2:1:1:,recombination,5147.565350860953,1:4:1:3:2:3:2:0:1,1:4:1:2:2:1:2:1:1
1:4:0:2:2:2:2:0:1:,clone,4908.441093176248,1:4:0:3:3:2:2:0:1
1:4:0:3:3:2:2:0:1:,recombination,4876.909912794741,1:4:0:2:2:2:2:0:1,1:4:0:3:3:2:2:0:1,MUTATE
1:4:0:3:3:1:1:0:1:,clone,4669.574735795603,1:4:0:3:3:1:1:0:1
0:4:1:2:1:2:3:0:0:,recombination,5508.789857237544,0:4:1:2:1:2:3:0:0,1:4:1:3:2:2:2:0:1,MUTATE
1:4:1:2:2:3:2:0:1:,clone,5605.199056684045,1:4:1:2:2:3:3:0:1
0:4:1:2:2:2:2:1:0:,recombination,5211.936672614658,0:3:1:2:2:2:3:0:0,1:4:1:2:2:3:3:1:1
0:3:1:1:0:4:4:1:0:,recombination,5983.123983675602,2:4:0:3:3:1:1:1:2,0:3:1:1:0:4:4:1:0,MUTATE
0:4:1:3:2:3:3:0:0:,clone,6970.462483164412,0:4:1:3:2:3:3:0:0
1:4:1:4:4:1:0:0:2:,clone,5147.465895214104,1:4:1:4:4:1:0:0:2
0:4:1:2:2:3:3:1:0:,clone,5132.045619880836,0:4:1:2:1:3:3:1:0
1:4:1:3:2:1:2:0:1:,recombination,4704.842163548259,1:4:1:2:2:1:2:0:1,1:4:0:3:3:1:2:0:1
2:4:1:4:4:1:1:0:2:,recombination,5257.774462138633,2:4:1:3:4:1:1:0:2,0:3:1:2:2:2:3:0:0,MUTATE
1:4:1:3:3:2:2:0:2:,clone,5842.761980348968,1:4:1:3:3:2:1:0:2
1:4:1:2:2:2:2:1:1:,recombination,4864.1303697783305,1:4:0:3:2:2:2:1:1,1:4:0:3:3:2:2:0:1,MUTATE
0:3:1:2:1:3:3:1:0:,clone,5132.045619880836,0:4:1:2:2:3:3:1:0
0:4:1:3:3:2:1:0:0:,recombination,5005.992024962909,1:4:1:3:3:1:1:0:1,0:4:1:3:3:2:1:0:0
1:4:0:2:1:3:3:1:0:,recombination,5310.667086310339,0:4:1:2:2:3:3:1:0,1:4:0:4:4:1:1:0:2
1:4:0:3:3:2:1:0:1:,clone,4943.821697680812,1:4:0:3:3:2:1:0:1
1:4:1:3:3:1:1:1:1:,recombination,5034.941386778576,1:4:1:3:3:1:1:0:1,1:4:0:3:3:2:1:1:1,MUTATE
2:4:0:4:4:0:1:0:2:,recombination,5529.696753878361,1:4:1:4:4:1:0:0:2,1:4:1:3:3:1:2:1:1,MUTATE
1:4:1:1:1:3:3:1:0:,clone,5184.254142389585,0:4:1:1:1:3:3:1:0
0:3:1:2:1:2:3:1:0:,recombination,4787.708252079444,0:4:1:2:2:1:2:0:0,1:4:1:2:2:3:3:1:0,MUTATE
1:4:0:3:3:0:1:0:1:,recombination,5117.718268988015,1:4:0:4:4:0:1:0:2,1:4:1:3:2:2:2:1:1,MUTATE
1:4:0:2:2:2:3:1:1:,recombination,5476.287253596333,1:4:1:2:2:3:3:1:0,2:4:0:3:3:1:2:1:2,MUTATE
0:2:1:0:0:4:4:1:0:,clone,5942.04450758187,0:2:1:0:0:4:4:2:0
0:3:1:1:1:3:3:1:0:,recombination,5237.636979337006,0:4:1:2:2:3:3:1:0,0:3:1:2:1:3:3:1:0,MUTATE
0:4:1:2:2:2:2:1:0:,clone,5060.276718394592,0:4:1:2:2:2:2:1:0
0:3:1:1:0:4:4:2:0:,clone,5959.431631343706,0:3:1:1:0:4:4:1:0
1:4:1:2:2:3:3:1:0:,clone,5461.107188849831,1:4:1:2:2:2:2:1:1
1:4:1:3:3:2:2:1:1:,recombination,5017.111737497936,1:4:0:3:3:1:2:1:1,0:4:1:2:1:3:3:0:0,MUTATE
1:4:1:2:2:3:3:1:0:,recombination,5302.2092708299015,1:4:1:3:2:2:2:1:1,1:4:0:2:2:2:2:1:1,MUTATE
1:4:0:2:2:2:2:0:1:,recombination,4545.6739909953385,1:4:1:3:4:0:1:0:2,1:4:0:3:3:2:2:0:1,MUTATE
1:4:0:2:2:2:2:1:1:,recombination,5116.263144240661,1:4:0:3:3:3:2:1:1,1:4:0:2:2:2:2:0:1,MUTATE
1:4:1:2:1:2:3:1:0:,recombination,4732.183322919756,1:4:0:4:4:1:1:0:1,0:4:1:2:1:2:3:1:0,MUTATE
2:4:0:4:4:2:1:0:2:,clone,5790.016875247296,1:4:0:3:3:2:2:0:2
1:4:1:3:2:2:2:0:1:,clone,5056.303680792094,1:4:1:2:2:2:2:1:1
1:4:0:2:2:2:2:1:1:,clone,5108.798019325374,1:4:0:2:2:2:2:1:1
1:4:1:3:3:1:1:0:1:,clone,4566.038031717922,0:4:1:3:3:1:1:0:0
0:4:1:2:1:3:3:1:0:,recombination,5276.628612916539,0:4:1:2:2:2:2:1:0,1:4:1:2:2:2:2:1:0
0:3:1:1:1:4:4:1:0:,recombination,5679.594758627999,1:4:0:2:2:2:3:1:1,0:4:1:1:1:3:3:2:0,MUTATE
2:4:0:4:4:2:1:1:2:,recombination,5825.947876163268,1:4:1:3:2:3:2:0:1,2:4:0:3:3:2:1:1:2
0:3:1:0:0:4:4:1:0:,recombination,6719.283425397352,1:4:0:3:2:2:2:0:1,0:2:1:0:0:4:4:1:0,MUTATE
1:4:0:3:3:2:2:1:1:,clone,4988.813963169607,1:4:0:3:3:2:2:0:1
1:4:1:1:1:3:3:1:1:,clone,5628.900554427493,1:4:1:1:1:3:3:1:0
0:4:1:2:2:3:3:1:0:,recombination,4940.747892685624,0:3:1:2:1:3:3:1:0,1:4:1:3:3:0:1:0:1
0:3:1:1:1:3:4:1:0:,recombination,5441.872935333043,0:3:1:2:1:3:3:1:0,1:4:1:2:2:1:2:1:1
0:4:1:2:2:2:3:1:0:,clone,4922.945165282079,0:4:1:2:1:2:3:1:0
1:4:0:3:3:1:2:0:1:,clone,5109.917691235985,1:4:0:3:3:1:2:0:1
1:4:1:2:2:3:3:1:1:,recombination,5430.653105594473,1:4:0:2:2:3:3:1:1,1:4:1:2:2:2:3:1:1
0:3:1:1:1:3:3:0:0:,clone,6162.82259763764,0:3:1:2:1:3:3:0:0
0:4:1:1:1:2:3:1:0:,clone,4858.7261766458,0:4:1:1:1:2:3:1:0
1:4:0:3:3:1:2:1:2:,clone,5485.41132280352,1:4:0:3:3:1:2:1:2
1:4:0:2:2:3:2:1:1:,clone,5663.055372314776,1:4:0:2:2:3:2:1:1
1:4:1:3:3:2:1:1:1:,recombination,4976.708743256617,1:4:1:3:4:1:1:0:1,0:4:1:2:2:2:3:0:0
0:4:1:2:2:1:1:0:0:,clone,4345.732101892449,0:4:1:3:3:1:1:0:0
1:4:1:2:2:1:2:0:1:,clone,4512.060752356367,1:4:1:2:2:1:2:0:1
1:4:0:3:3:2:2:0:2:,clone,5806.297301893189,1:4:0:3:3:2:1:0:2
0:4:1:2:2:2:3:1:0:,recombination,4751.198630155308,0:4:1:2:2:2:3:1:0,0:3:1:2:1:2:3:1:0
2:4:0:3:3:2:1:1:2:,clone,5754.636216107945,2:4:0:3:3:2:1:1:2
0:4:1:2:1:3:3:1:0:,clone,5083.697278772762,0:4:1:2:1:3:3:1:0
1:4:0:2:2:3:2:1:1:,recombination,5490.195753847741,1:4:0:3:3:1:1:0:1,1:4:1:1:1:3:3:2:1,MUTATE
1:4:0:2:1:3:3:2:0:,recombination,5698.690936856131,0:4:1:1:1:3:3:2:0,1:4:0:2:2:3:3:2:1,MUTATE
0:3:1:1:0:4:4:2:0:,recombination,5737.224277673803,0:2:1:0:0:4:4:2:0,1:4:1:2:2:3:2:1:1
1:4:1:1:1:3:4:1:0:,recombination,5700.892057819539,1:4:1:1:1:3:3:2:1,1:4:0:4:4:0:1:0:2
1:4:1:3:2:2:3:0:1:,clone,6481.905064710214,1:4:1:3:2:2:3:0:1
0:3:1:1:1:2:3:1:0:,clone,4756.89002401214,0:3:1:1:1:3:3:1:0
1:4:1:4:4:1:0:0:2:,clone,5076.955937668897,1:4:1:4:4:1:0:0:2
2:4:0:4:4:2:1:1:2:,clone,5790.266640783894,2:4:0:3:4:2:1:1:2
1:4:0:4:4:2:1:0:1:,clone,5862.324062618289,1:4:0:4:4:2:1:0:2
1:4:1:3:3:2:1:0:1:,recombination,4998.439660489893,1:4:0:2:2:1:2:1:1,1:4:1:3:3:2:2:0:1
1:4:0:3:2:2:2:0:1:,clone,5162.94726961811,1:4:0:3:3:2:2:0:1
0:4:1:1:1:3:4:1:0:,clone,5963.212227676201,0:4:1:1:1:3:4:1:0
0:3:1:1:1:3:4:0:0:,recombination,6601.866246046553,0:3:1:1:1:3:4:0:0,0:4:2:1:1:3:4:1:0
1:4:1:1:1:3:4:1:0:,clone,5559.578509629334,1:4:1:1:1:3:4:1:0
0:3:1:1:0:4:4:2:0:,recombination,5325.687968624692,1:4:0:2:2:3:3:2:1,1:4:1:2:1:3:3:1:1
0:4:1:1:1:3:3:0:0:,recombination,6369.925268069652,1:4:1:2:2:3:3:1:0,0:4:1:3:2:2:2:0:0
1:4:1:2:1:3:3:0:1:,recombination,6050.44836123973,1:4:0:2:2:2:2:1:1,1:4:1:2:2:3:3:0:1,MUTATE
0:4:1:3:3:1:2:0:0:,clone,5000.394564026384,0:4:1:3:3:1:2:0:0
0:3:1:1:1:4:4:1:0:,recombination,5325.687968624692,0:3:1:1:0:4:4:2:0,1:4:0:3:4:0:1:0:2
0:3:1:1:1:4:3:1:0:,clone,6208.705176864686,0:3:1:1:1:4:3:1:0
1:4:1:2:2:3:3:1:0:,recombination,5004.406119000417,1:4:1:2:2:3:3:1:1,0:4:1:2:2:2:3:0:0,MUTATE
0:4:1:1:1:4:3:1:0:,recombination,5797.127318330502,1:4:0:3:3:2:1:1:1,0:3:1:1:1:3:3:1:0
1:4:1:2:2:3:3:0:1:,clone,5295.219597619645,1:4:1:2:1:3:3:0:1
1:4:0:3:3:2:1:0:1:,recombination,4731.2965627014055,1:4:0:3:3:1:2:0:1,1:4:1:3:3:2:1:1:1
1:4:0:2:2:2:2:1:1:,recombination,4932.958138699057,1:4:0:3:3:2:1:0:1,1:4:0:2:1:3:3:1:1,MUTATE
0:4:1:1:1:2:3:1:0:,clone,4835.293158537867,0:4:1:1:1:2:3:1:0
0:3:1:1:1:4:3:1:0:,clone,6204.831818677482,0:3:1:1:1:4:3:1:0
0:4:1:1:1:3:3:1:0:,recombination,5008.05647762948,0:3:1:1:1:4:4:2:0,0:4:1:2:1:3:3:1:0,MUTATE
1:4:0:3:3:2:2:1:1:,recombination,4934.350808338085,0:4:1:3:3:2:1:0:0,1:4:0:3:3:2:1:0:1
0:3:1:1:1:4:4:2:0:,clone,5844.826673696757,0:3:1:1:1:4:4:2:0
1:4:1:4:4:2:1:0:1:,clone,5663.557076619018,1:4:1:4:4:2:1:0:1
1:4:1:3:2:2:2:1:1:,clone,4993.786332888802,1:4:1:2:2:2:2:1:1
1:4:1:2:2:2:2:1:1:,recombination,4855.208748695042,1:4:0:3:3:1:2:0:1,1:4:0:3:3:2:1:0:1
1:4:0:2:2:3:3:2:1:,recombination,5698.690936856131,1:4:0:4:4:0:1:0:1,1:4:0:2:2:3:3:2:1
1:4:1:2:1:3:3:0:1:,clone,5322.454612423493,1:4:1:2:1:3:3:0:1
1:4:1:2:2:3:3:1:1:,clone,5422.25023490597,1:4:1:2:2:3:3:1:1
1:4:0:2:2:3:2:1:1:,recombination,5203.014095854603,1:4:0:3:4:2:1:1:2,1:4:1:2:2:2:2:1:1
0:3:1:1:1:4:4:1:0:,clone,5168.173602051264,0:3:1:1:1:4:4:1:0
1:4:0:2:2:3:3:1:1:,recombination,5440.041058593073,1:4:1:3:3:2:2:0:1,1:4:0:2:1:3:3:2:1,MUTATE
0:3:1:0:0:4:4:1:0:,clone,6688.403237510588,0:3:1:0:0:4:4:1:0
1:4:0:3:3:2:2:0:2:,recombination,5767.00076613348,2:4:0:3:3:2:1:0:2,1:4:1:3:2:1:2:1:1
0:4:1:2:2:3:2:0:0:,recombination,5458.679931570115,0:3:0:2:2:3:3:1:0,1:4:1:2:2:3:2:0:1,MUTATE
0:3:1:2:1:4:3:1:0:,recombination,6465.545014538438,1:4:0:2:2:2:3:1:1,0:4:1:3:2:3:3:0:0,MUTATE
0:3:1:1:1:4:4:1:0:,clone,5099.770174980572,0:3:1:1:1:4:4:1:0
0:2:1:0:0:4:4:2:0:,clone,5984.947594791802,0:2:1:0:0:4:4:1:0
0:3:1:1:1:3:3:1:0:,recombination,5171.580615962905,0:4:1:2:2:3:3:0:0,0:4:1:1:1:3:3:1:0
0:4:0:2:2:3:3:1:0:,clone,6036.2510983588845,0:3:0:2:2:3:3:1:0
1:4:1:4:4:2:1:0:1:,clone,5655.232922467461,1:4:1:4:4:2:1:0:1
1:4:1:2:2:3:3:1:1:,recombination,5037.689736917245,1:4:0:2:2:2:2:1:1,1:4:1:2:2:3:2:1:1,MUTATE
1:4:1:2:1:3:3:1:0:,recombination,5031.062459501397,1:4:1:1:1:3:3:1:0,1:4:1:2:2:2:3:1:0,MUTATE
2:4:0:3:3:1:2:0:2:,recombination,5573.071181349607,2:4:0:3:3:1:2:0:2,1:4:1:4:4:2:1:0:1,MUTATE
1:4:0:2:2:2:3:1:1:,clone,5328.40247683455,1:4:1:2:2:2:3:1:1
0:3:1:1:1:3:3:2:0:,recombination,5769.011308854992,1:4:1:2:2:2:3:1:0,1:4:1:2:2:2:3:1:1
0:4:1:1:0:4:4:2:0:,recombination,5987.070706628059,1:4:1:1:1:2:3:1:0,0:3:1:1:1:4:4:2:0
1:4:0:2:2:3:3:1:1:,recombination,5415.361141199689,1:4:1:3:3:2:1:1:1,1:4:0:2:2:3:2:1:1
1:4:1:1:1:3:3:1:1:,recombination,5410.181480310612,1:4:1:2:2:2:3:0:1,0:4:1:1:1:3:3:1:0
0:2:1:0:0:4:4:2:0:,clone,5931.350996808163,0:2:1:0:0:4:4:2:0
1:4:1:2:2:1:2:1:1:,recombination,4759.8091571509985,0:4:1:1:1:2:3:1:0,1:4:1:3:2:1:2:0:1,MUTATE
0:3:1:1:0:4:4:1:0:,recombination,5768.880128191178,0:4:1:1:1:3:3:1:0,0:3:1:1:1:4:3:1:0,MUTATE
1:4:0:3:3:2:2:1:1:,recombination,4879.557481576665,1:4:1:3:3:2:2:1:1,1:4:1:3:4:1:1:0:1
0:3:1:1:1:4:3:1:0:,recombination,5579.601553449554,1:4:1:2:2:3:3:1:1,0:3:1:2:1:3:3:1:0,MUTATE
0:4:1:1:1:3:4:1:0:,recombination,5578.874124056021,1:4:1:1:1:3:4:1:0,1:4:1:2:2:3:3:1:1,MUTATE
0:3:1:1:1:3:4:2:0:,clone,5565.736265409746,0:3:1:1:1:3:3:2:0
0:3:1:0:0:4:4:2:0:,recombination,5643.283088530125,1:4:1:4:4:1:0:0:2,1:4:1:4:4:0:1:0:2,MUTATE
1:4:1:2:2:3:2:1:0:,clone,5347.10048803885,1:4:1:2:2:2:2:1:1
0:3:1:1:1:4:4:2:0:,clone,5781.18836702965,0:3:1:1:1:4:4:2:0
0:2:1:0:0:4:4:2:0:,recombination,5760.514793989799,0:2:1:0:0:4:4:2:0,1:4:1:2:2:2:2:1:1
0:3:1:1:1:3:3:1:0:,clone,5003.507759193924,0:3:1:1:1:3:3:1:0
1:4:1:1:1:2:3:1:0:,recombination,4679.297688450241,1:4:0:3:3:2:1:1:2,0:4:1:1:1:2:3:1:0,MUTATE
0:4:1:3:3:2:2:0:0:,clone,5287.231460963907,0:4:1:3:3:1:2:0:0
0:3:1:1:0:4:4:1:0:,recombination,5674.79803000773,0:3:1:1:1:4:4:2:0,0:4:1:1:1:3:3:1:0
1:4:0:2:2:3:3:1:0:,clone,5415.361141199689,1:4:0:2:2:3:3:1:0
0:4:1:3:2:2:2:0:0:,clone,5369.57852897415,0:4:1:3:3:2:2:0:0
1:4:1:1:1:4:3:2:0:,recombination,5844.826673696757,0:4:1:2:2:3:3:1:0,1:4:0:1:1:3:3:2:0,MUTATE
1:4:1:2:1:2:3:1:1:,clone,5039.5412737473025,1:4:1:2:1:2:3:1:1
0:3:1:1:0:3:4:2:0:,recombination,5578.286505060262,1:4:1:4:4:0:1:0:2,2:4:1:4:4:1:1:0:2
2:4:0:3:3:1:1:1:2:,recombination,5805.247897981554,2:4:0:3:3:2:2:1:2,1:4:0:4:4:1:1:0:2
0:3:1:1:1:4:3:1:0:,recombination,5432.295724645919,1:4:1:3:3:2:1:0:1,0:3:1:0:0:4:4:2:0,MUTATE
0:4:1:2:2:2:2:0:0:,clone,4510.59310717955,0:4:1:2:2:2:2:0:0
1:4:0:3:3:3:2:1:1:,recombination,5743.804904293158,1:4:0:3:3:2:1:0:2,1:4:0:2:2:2:2:1:1,MUTATE
0:4:1:3:3:1:2:0:0:,clone,4739.613374951238,1:4:1:3:3:1:1:0:1
0:3:1:1:1:3:4:1:0:,recombination,5187.164401091691,0:4:1:1:1:3:3:1:0,1:4:0:3:2:2:2:0:1
1:4:0:3:3:2:2:0:2:,clone,5767.0007661334785,1:4:0:3:3:2:2:0:2
0:3:1:1:1:4:4:2:0:,recombination,5614.244864985848,1:4:0:3:3:1:1:0:1,1:4:0:2:2:2:2:1:1,MUTATE
0:4:1:2:2:2:2:1:0:,clone,4895.190042766526,1:4:1:2:2:1:2:1:1
1:4:0:3:3:1:2:1:1:,clone,4816.60380765931,1:4:0:3:3:1:1:0:1
0:4:1:1:0:3:4:1:0:,clone,5551.739231636144,1:4:1:1:1:3:4:1:0
1:4:0:4:4:1:1:0:2:,clone,5250.721297619427,1:4:0:4:4:1:1:0:1
2:4:0:3:3:1:1:1:2:,clone,5727.594968237083,2:4:0:4:4:1:1:1:2
0:3:1:1:0:4:4:1:0:,recombination,5248.861025767331,0:3:1:1:1:3:3:1:0,1:4:1:4:4:1:1:0:2
0:2:1:1:0:4:4:2:0:,recombination,5944.929291814975,0:2:1:0:0:4:4:2:0,1:4:0:2:2:2:2:1:0,MUTATE
1:4:0:1:1:3:3:2:1:,clone,5679.954521915406,1:4:0:1:1:3:3:2:1
0:4:0:2:1:3:3:1:0:,clone,5357.425944997326,1:4:0:2:2:3:3:1:0
0:4:1:3:2:1:1:0:0:,clone,4589.271306626928,0:4:1:2:2:1:2:0:0
0:3:1:1:1:4:3:2:0:,clone,5561.215286603723,0:3:1:1:1:4:3:2:0
0:3:1:1:1:3:3:2:0:,clone,5679.417433835373,0:3:1:1:1:3:3:2:0
0:3:2:1:1:3:4:1:0:,clone,6473.364126198127,0:4:2:1:1:3:4:1:0
0:3:0:2:2:2:3:1:0:,recombination,5164.645182228599,1:4:0:3:3:2:2:1:1,1:4:1:2:2:2:3:1:0,MUTATE
1:4:0:1:1:3:3:1:0:,recombination,5412.087571289827,1:4:1:3:2:3:2:0:1,1:4:0:1:1:3:3:1:0
0:4:1:1:1:2:3:1:0:,recombination,4597.800241172704,1:4:1:2:1:2:3:1:1,1:4:1:2:2:2:3:0:1
1:4:1:1:1:3:3:2:0:,clone,5795.263159764458,1:4:0:1:1:3:3:2:0
0:3:1:1:1:4:4:2:0:,recombination,5385.652000199663,1:4:0:2:2:2:2:1:1,0:3:1:1:0:4:4:2:0,MUTATE
1:4:0:1:1:3:3:2:0:,clone,5679.954521915406,1:4:0:1:1:3:3:2:1
1:4:0:3:2:2:2:1:1:,clone,5079.680361420449,1:4:0:2:2:2:2:1:1
1:4:0:2:2:2:2:1:1:,clone,4816.60380765931,1:4:0:2:2:2:2:1:1
2:4:0:3:3:1:1:0:2:,clone,5346.9323942681585,2:4:0:3:3:1:1:0:2
1:4:0:3:3:1:1:1:1:,clone,4975.345026501413,1:4:0:3:3:2:2:1:1
0:2:1:1:0:4:4:1:0:,clone,6836.930815318784,0:2:1:1:0:4:4:1:0
1:4:1:4:4:0:1:0:1:,clone,4933.326576608866,1:4:1:3:3:0:1:0:1
0:4:1:1:1:3:3:1:0:,recombination,4981.183336621333,0:4:1:1:1:2:3:1:0,1:4:1:1:1:3:3:1:1
0:4:1:2:1:4:3:1:0:,clone,6591.751029902409,1:4:1:2:1:4:3:1:0
0:3:1:1:1:3:3:1:0:,recombination,4981.183336621333,1:4:1:1:1:3:3:2:0,0:4:1:1:1:3:3:1:0,MUTATE
0:4:1:2:2:2:2:0:0:,recombination,4492.469226243903,1:4:0:3:3:2:2:1:1,0:4:1:2:2:2:2:0:0,MUTATE
1:4:1:4:4:2:1:1:1:,recombination,5990.993188231767,1:4:0:2:2:2:2:1:1,1:4:0:4:4:2:1:0:2
0:3:2:1:1:3:4:1:0:,recombination,6012.9648288074095,1:4:0:4:4:1:1:0:2,0:4:1:2:1:2:3:0:0,MUTATE
0:4:1:1:1:3:3:2:0:,recombination,5760.580325937197,1:4:1:1:1:3:3:2:0,0:3:1:1:1:3:3:2:0,MUTATE
0:4:1:3:3:2:2:0:0:,recombination,4895.634322799311,1:4:1:3:2:2:2:1:1,1:4:1:3:3:1:1:0:1,MUTATE
0:3:1:1:1:4:3:2:0:,recombination,5337.311744415629,0:3:1:1:1:3:3:1:0,1:4:0:1:1:3:3:2:0
1:4:1:4:4:1:0:0:2:,clone,5004.46601001389,1:4:1:4:4:1:0:0:2
1:4:0:4:4:2:1:1:2:,clone,5790.266640783894,2:4:0:4:4:2:1:1:2
1:4:0:3:3:1:1:1:1:,clone,4820.073794899716,1:4:0:3:3:2:2:1:1
0:4:1:3:3:2:2:0:0:,recombination,4876.240733753821,1:4:0:3:2:2:2:1:1,1:4:1:3:3:1:1:0:1
0:2:1:0:0:4:4:2:0:,recombination,5744.368289740702,1:4:1:2:2:3:3:1:1,0:2:1:0:0:4:4:2:0,MUTATE
1:4:1:2:2:2:2:1:1:,recombination,4708.550988117166,1:4:1:2:1:2:3:1:1,1:4:0:3:3:2:1:1:1,MUTATE
0:4:1:1:1:4:3:1:0:,recombination,5786.905072321349,0:3:1:1:1:4:4:1:0,1:4:0:3:2:2:3:1:1,MUTATE
0:2:1:0:0:4:4:2:0:,recombination,5372.875229150188,1:4:1:2:2:2:2:1:0,0:3:1:1:1:4:3:1:0
1:4:0:3:2:2:2:1:1:,recombination,4981.2421426624815,1:4:1:3:3:2:1:1:1,1:4:0:2:2:2:2:1:1,MUTATE
2:4:0:3:3:1:1:1:2:,recombination,5578.356168322465,1:4:0:3:3:1:2:0:2,2:4:0:3:3:2:2:1:2
0:3:1:1:0:3:4:1:0:,clone,5106.708026928449,0:3:1:1:0:3:4:1:0
0:3:1:0:0:4:4:2:0:,clone,5529.897343254581,0:3:1:1:0:4:4:2:0
0:3:1:2:2:3:3:1:0:,clone,5731.525848224743,0:3:1:2:2:3:3:1:0
0:3:1:0:0:4:4:1:0:,clone,5678.58141583755,0:3:1:1:0:3:4:1:0
1:4:0:4:4:1:1:0:2:,recombination,5055.933826097534,1:4:0:3:3:0:1:0:2,1:4:1:3:2:2:2:1:1,MUTATE
0:4:1:1:1:4:3:1:0:,recombination,5653.999832014588,1:4:1:3:3:1:1:1:1,0:3:1:1:0:4:4:1:0,MUTATE
1:4:0:3:3:0:1:0:1:,clone,4991.283953346568,1:4:0:3:3:0:1:0:1
1:4:1:2:2:2:3:1:1:,clone,5100.287206636172,1:4:1:2:2:2:2:1:1
0:3:2:1:0:3:4:1:0:,clone,5884.34488485082,0:3:2:1:1:3:4:1:0
1:4:1:1:1:3:3:1:0:,recombination,4905.831438193191,1:4:1:2:1:2:3:1:0,0:4:1:2:2:1:1:0:0
0:4:1:1:1:4:4:2:0:,clone,5966.5046698285705,0:4:1:1:1:3:4:2:0
0:2:1:0:0:4:4:1:0:,recombination,5744.946692610101,1:4:1:4:3:1:2:0:1,0:4:1:1:1:2:3:1:0,MUTATE
1:4:1:4:4:1:1:0:1:,clone,4944.647825779825,1:4:1:4:4:0:1:0:1
1:4:1:3:4:0:1:0:1:,recombination,4805.900596128228,1:4:1:4:4:1:1:0:1,1:4:1:2:1:3:3:1:1
0:4:1:1:1:3:3:2:0:,clone,5475.025689057505,0:4:1:1:1:3:3:2:0
1:4:1:3:3:1:1:0:1:,recombination,4460.326703494038,1:4:1:3:4:0:1:0:1,1:4:1:3:3:1:1:0:1,MUTATE
1:4:1:2:1:3:3:1:1:,recombination,5334.786269642145,1:4:1:3:2:2:2:1:1,0:4:1:2:1:2:3:1:0,MUTATE
0:4:0:2:2:2:3:1:0:,clone,5166.079845279776,0:4:0:2:2:2:3:1:0
0:4:1:2:1:4:3:1:0:,recombination,5584.692100936144,1:4:1:3:3:0:1:0:1,0:3:1:1:1:4:3:1:0,MUTATE
0:3:1:1:1:3:3:2:0:,recombination,5558.126691526135,1:4:1:3:3:2:2:1:1,1:4:1:4:4:0:1:0:2
0:3:1:0:0:4:4:2:0:,recombination,5463.98848193989,0:3:1:1:1:3:4:1:0,0:2:1:0:0:4:4:2:0
1:4:0:1:1:4:4:2:0:,clone,5679.954521915406,1:4:0:1:1:3:3:2:0
1:4:1:1:1:4:3:2:0:,clone,5574.224495864383,1:4:0:1:1:4:4:2:0
1:4:0:3:3:2:1:1:2:,clone,5393.7647819774775,1:4:0:3:3:2:1:1:2
0:4:1:2:2:2:2:0:0:,clone,4482.304789768457,0:3:1:2:2:2:2:1:0
0:4:1:1:1:3:4:2:0:,recombination,5952.428990931933,1:4:0:3:2:1:2:1:1,1:4:1:2:1:2:3:1:0,MUTATE
0:4:1:1:1:4:3:2:0:,clone,5658.4540373232485,1:4:1:1:1:4:3:2:0
0:3:2:1:0:3:4:1:0:,clone,5624.702094450226,0:3:2:1:0:3:4:1:0
0:4:1:2:2:2:2:1:0:,clone,4832.992238605631,1:4:1:2:2:2:2:1:1
0:3:1:1:1:3:3:1:0:,recombination,4753.062046001643,0:2:1:0:0:4:4:2:0,0:4:1:2:2:2:2:1:0
0:4:1:1:0:3:4:2:0:,clone,5619.410246978148,0:4:1:1:0:3:4:1:0
0:4:1:1:1:3:4:1:0:,clone,5492.426397979641,0:4:1:1:0:3:4:2:0
0:4:1:1:1:4:3:1:0:,recombination,5603.729418960508,0:4:1:1:1:3:4:0:0,1:4:0:1:1:3:3:1:0
0:4:1:2:2:1:2:0:0:,clone,4382.9169008151,0:4:1:2:2:1:2:0:0
0:4:1:1:1:3:4:1:0:,clone,5459.299112231639,0:4:1:1:1:3:4:1:0
1:4:1:2:2:2:3:1:0:,recombination,4904.751159293389,0:4:1:3:3:1:2:0:0,1:4:1:2:2:2:2:1:1
0:4:1:3:3:2:1:0:0:,clone,4938.139069171559,0:4:1:3:3:2:1:0:0
0:4:1:2:2:1:3:1:0:,recombination,5266.820789668271,1:4:1:2:2:2:3:1:0,0:4:1:3:2:2:2:0:0
0:4:1:2:2:2:2:1:0:,clone,4591.645423771339,0:4:1:2:2:2:2:1:0
0:4:1:2:2:1:2:1:0:,recombination,4547.960570853601,0:3:1:2:1:2:3:1:0,0:4:1:3:3:1:1:0:0,MUTATE
0:2:1:1:0:4:4:2:0:,clone,5887.646577481587,0:3:1:1:0:4:4:2:0
0:3:1:1:1:3:4:2:0:,recombination,5558.375329171662,1:4:1:2:2:3:3:1:1,1:4:0:2:2:2:2:1:1
0:3:1:2:2:2:2:1:0:,clone,5008.1167532549325,0:3:1:2:2:2:2:1:0
0:3:1:1:1:4:3:1:0:,recombination,4931.811351261266,1:4:1:3:3:2:1:0:1,0:3:1:0:0:4:4:2:0
0:3:1:1:1:3:3:1:0:,recombination,4742.717031843526,0:3:1:1:1:3:3:1:0,1:4:1:1:1:3:3:1:1
0:4:1:2:2:2:2:1:0:,clone,4482.304789768457,0:4:1:2:2:2:2:1:0
1:4:0:3:4:2:1:1:1:,recombination,5410.618919949342,1:4:0:4:4:2:1:0:2,0:3:1:1:1:3:3:1:0,MUTATE
1:4:1:2:2:2:2:1:0:,recombination,4981.933684878666,0:4:1:2:2:2:2:0:0,1:4:1:2:1:3:3:0:1,MUTATE
1:4:1:3:4:1:0:0:1:,recombination,4655.380222443859,1:4:1:4:4:0:1:0:1,0:4:1:3:3:2:1:0:0
2:4:0:4:4:2:1:1:2:,recombination,5754.636216107945,1:4:0:3:3:2:1:0:1,2:4:0:3:3:2:1:1:2
1:4:0:2:2:3:3:2:0:,clone,5736.329660943547,1:4:0:2:1:3:3:1:0
0:4:1:2:2:4:3:1:0:,recombination,5649.11699390828,1:4:1:3:3:3:2:1:1,1:4:0:2:2:2:2:1:0
1:4:1:3:3:3:2:0:1:,clone,6194.392590432525,1:4:1:3:2:3:2:0:1
1:4:1:2:2:4:3:1:0:,recombination,5613.844604543962,0:3:1:1:1:3:3:1:0,2:4:0:4:4:2:1:0:2
0:3:1:0:0:4:4:2:0:,clone,5377.073932740643,0:3:1:0:0:4:4:2:0
0:3:1:0:0:4:4:2:0:,clone,5264.1807451203495,0:3:1:0:0:4:4:2:0
0:3:1:0:0:4:4:1:0:,clone,5264.1807451203495,0:3:1:0:0:4:4:1:0
1:4:0:3:2:1:2:0:1:,clone,5328.845735865899,1:4:0:2:2:1:2:0:1
1:4:1:2:1:4:3:1:0:,recombination,5597.55246761033,1:4:1:3:3:2:2:0:1,0:3:1:2:1:3:3:1:0
0:3:1:1:1:3:4:2:0:,clone,5292.26896489263,0:3:1:1:1:3:4:2:0
0:3:1:1:0:4:4:1:0:,clone,5155.683732367142,0:3:1:0:0:4:4:1:0
1:4:1:3:3:2:1:0:1:,recombination,4683.1993783748885,1:4:1:3:4:1:0:0:1,0:3:1:2:1:3:3:1:0
0:2:1:0:0:4:4:2:0:,clone,5289.966615547977,0:2:1:0:0:4:4:2:0
0:2:1:1:0:4:4:1:0:,recombination,6243.275813362146,1:4:0:2:2:2:2:1:0,0:4:1:1:1:4:3:1:0,MUTATE
0:2:1:1:0:4:4:2:0:,recombination,5520.631271495123,1:4:0:3:3:1:1:0:2,1:4:1:2:2:2:3:1:1
0:4:1:1:1:3:3:0:0:,clone,6210.644509175064,0:4:1:1:1:3:4:0:0
2:4:0:3:3:1:1:1:2:,clone,5460.25052950548,2:4:0:3:3:1:2:1:2
0:2:1:1:0:4:4:1:0:,recombination,6087.788955020079,0:2:1:1:0:4:4:1:0,0:4:1:1:1:3:4:1:0
1:4:1:3:3:3:2:1:1:,recombination,5603.9571685596475,0:3:1:1:1:4:3:1:0,1:4:1:3:3:3:2:1:1,MUTATE
1:4:0:3:3:2:1:0:2:,clone,5774.913062860658,1:4:0:3:3:2:1:0:1
0:4:1:1:0:4:4:2:0:,recombination,5868.587920403704,1:4:0:1:1:3:3:2:0,1:4:1:3:3:2:1:0:1,MUTATE
1:4:0:3:4:1:1:1:1:,clone,5449.6661670672875,1:4:0:3:3:1:1:0:1
1:4:0:3:3:2:1:0:2:,recombination,5318.752982911813,2:4:0:3:3:2:1:0:2,1:4:0:3:2:2:2:0:1
2:4:0:3:3:2:2:0:2:,clone,5910.181356339299,2:4:0:3:3:1:2:0:2
1:4:0:2:2:1:2:0:1:,clone,5178.17924076361,1:4:0:2:2:1:2:0:1
0:4:1:1:1:4:4:1:0:,clone,5930.138431446235,0:4:1:1:0:4:4:2:0
1:4:1:1:1:4:3:1:0:,recombination,5750.28520569965,1:4:1:2:1:4:3:1:0,1:4:0:3:3:2:1:1:2
0:4:1:1:0:4:4:2:0:,clone,5791.71653534897,0:4:1:1:0:4:4:2:0
0:2:1:1:1:3:4:1:0:,recombination,5758.987174951547,2:4:0:3:3:1:1:1:2,1:4:0:2:2:2:2:1:0,MUTATE
0:4:1:1:0:4:4:2:0:,recombination,5553.747141891428,0:4:1:1:0:4:4:2:0,1:4:0:3:2:3:2:1:1
1:4:0:3:3:2:2:0:2:,clone,5745.309204557948,1:4:0:3:3:2:2:0:2
1:4:1:2:2:2:2:1:0:,clone,4904.488195315796,1:4:1:2:2:2:2:1:0
1:4:0:3:3:1:1:1:2:,recombination,5319.505911043651,2:4:0:3:3:1:1:1:2,1:4:0:2:1:2:3:1:1
0:2:1:1:0:4:4:1:0:,recombination,5933.679564375029,0:4:1:2:2:2:3:1:0,1:4:1:2:2:2:2:1:0,MUTATE
1:4:0:3:2:1:2:1:1:,clone,5360.094504214111,1:4:0:2:2:1:2:1:1
1:4:0:3:2:1:2:1:1:,clone,5328.845735865899,1:4:0:3:2:1:2:1:1
2:4:1:4:4:0:0:0:2:,recombination,5030.77788667854,1:4:1:4:4:1:1:0:1,1:4:1:2:2:2:3:1:1,MUTATE
1:4:1:3:4:0:0:0:1:,clone,4565.0499372839195,1:4:1:3:4:0:0:0:1
1:4:0:3:3:2:2:0:2:,clone,5668.311329812783,1:4:0:3:3:2:2:0:2
0:4:1:1:1:4:4:1:0:,clone,5717.253164410231,0:4:1:1:1:4:4:1:0
0:4:0:3:3:2:2:1:0:,recombination,6101.022202926695,1:4:0:2:2:2:2:1:1,0:4:1:3:2:2:2:0:0
0:4:1:1:1:4:4:1:0:,clone,5603.021532143952,0:4:1:1:1:4:4:1:0
0:3:1:2:2:2:2:1:0:,clone,4868.669368528438,0:4:1:2:2:2:3:1:0
1:4:1:4:4:0:1:0:1:,clone,4753.685756870751,1:4:1:4:4:0:1:0:1
0:3:2:1:1:4:4:1:0:,clone,6860.95862483106,0:4:2:1:1:3:4:1:0
0:4:0:2:1:3:3:2:0:,recombination,5862.426700160895,1:4:0:2:1:3:3:2:0,1:4:0:3:3:2:1:1:2,MUTATE
1:4:1:3:3:2:2:0:2:,clone,5650.960999904852,1:4:0:3:3:2:2:0:2
1:4:1:3:3:2:2:0:1:,clone,4825.451708543547,1:4:1:3:3:2:2:0:1
0:4:1:1:1:4:4:1:0:,clone,5445.539094939555,0:4:1:1:1:4:4:1:0
0:2:1:1:0:4:4:1:0:,recombination,5649.849312482479,0:3:1:2:1:3:3:0:0,1:4:1:2:1:2:3:1:0
1:4:1:1:1:3:3:2:0:,recombination,5682.846367550459,2:4:0:3:3:2:2:1:2,1:4:1:1:1:3:3:2:0
0:2:1:1:0:3:4:1:0:,clone,5756.215839678905,0:3:1:1:0:4:4:1:0
1:4:0:3:3:0:1:0:1:,clone,4926.043654718353,1:4:0:3:3:0:1:0:1
0:3:2:1:1:4:4:1:0:,clone,6845.315988881494,0:3:2:1:1:4:4:1:0
1:4:0:3:3:2:2:1:2:,clone,5610.484037757314,2:4:0:3:3:2:2:1:2
0:4:1:3:2:2:2:0:0:,recombination,5006.772960466912,0:3:1:3:2:2:2:0:0,2:4:0:3:3:2:1:1:2,MUTATE
0:4:1:1:0:4:4:1:0:,recombination,6478.227541899472,1:4:1:3:3:2:2:1:1,1:4:1:3:3:1:2:0:1
0:4:1:1:1:3:3:0:0:,clone,6200.915246014465,0:4:1:1:1:3:3:0:0
0:4:0:2:1:3:3:2:0:,clone,5862.426700160894,0:4:0:2:1:3:3:2:0
0:2:1:1:0:4:4:1:0:,clone,5599.241198205057,0:2:1:1:0:4:4:1:0
0:2:1:0:0:4:4:1:0:,clone,5734.650804738736,0:2:1:0:0:4:4:2:0
0:2:1:1:0:4:4:1:0:,recombination,5556.079977904298,1:4:0:3:2:2:2:0:1,0:4:1:2:1:3:3:0:0,MUTATE
0:3:2:1:0:4:4:1:0:,clone,7265.189703518292,0:3:2:1:1:4:4:1:0
0:3:1:2:2:2:3:1:0:,recombination,5391.272745883539,0:4:1:3:2:2:2:0:0,1:4:1:3:3:2:2:0:1
0:3:1:2:2:2:3:0:0:,recombination,5550.799853614786,1:4:1:2:2:1:2:1:1,0:3:1:2:2:1:2:0:0
2:4:0:4:4:0:0:0:3:,clone,5239.791190091318,0:3:1:1:1:4:4:1:0
1:4:1:3:3:0:2:0:1:,clone,4949.209725222519,1:4:1:3:3:0:2:0:1
0:4:1:2:2:3:3:0:0:,recombination,5776.723293922349,0:4:1:1:1:4:3:1:0,1:4:0:4:4:1:1:0:1
1:4:0:2:1:3:3:1:1:,recombination,5731.295827342991,1:4:0:3:3:2:1:0:1,1:4:1:2:2:2:2:0:1
1:4:0:3:2:3:2:1:1:,clone,5649.049328373388,1:4:0:3:2:3:2:1:1
0:3:1:2:1:3:3:0:0:,clone,5776.723293922349,0:4:1:2:2:3:3:0:0
0:3:2:1:0:4:4:1:0:,clone,7119.539912635276,0:3:2:1:0:4:4:1:0
1:4:0:2:1:2:3:1:1:,recombination,5715.824898972269,1:4:1:4:4:0:1:0:2,1:4:0:3:2:1:2:1:1
0:2:1:1:0:4:4:1:0:,clone,5458.13717023961,0:2:1:1:0:4:4:1:0
0:3:1:1:1:3:3:0:0:,clone,5988.637668098443,0:3:1:2:1:3:3:0:0
0:4:1:2:1:3:3:1:0:,recombination,4921.158582796752,2:4:0:3:3:1:1:1:2,1:4:1:1:1:3:4:1:0
0:4:1:1:1:4:3:1:0:,recombination,5537.314715545121,1:4:1:2:1:2:3:1:0,1:4:0:3:3:2:1:1:2,MUTATE
1:4:0:2:2:3:3:1:1:,recombination,5361.120692658838,1:4:1:2:2:2:2:0:1,0:4:1:2:2:2:2:0:0,MUTATE
1:4:1:2:1:3:3:1:0:,recombination,4949.148903389255,0:4:1:2:1:3:3:1:0,2:4:0:4:4:2:1:1:2
1:4:0:2:1:3:3:1:1:,clone,5570.669231241559,1:4:0:2:1:3:3:1:1
0:4:2:1:1:4:4:1:0:,clone,7057.08879625062,0:4:2:1:1:4:4:1:0
1:4:1:2:1:3:3:1:0:,clone,4847.942623417834,1:4:1:2:1:3:3:1:0
0:3:2:1:0:4:4:1:0:,recombination,6747.091464495813,0:3:2:1:0:4:4:1:0,1:4:1:3:2:2:2:1:1,MUTATE
0:4:1:1:1:3:3:1:0:,recombination,4966.04826223482,0:3:1:1:1:4:3:1:0,1:4:1:2:1:3:3:1:0,MUTATE
1:4:0:2:1:3:3:1:1:,clone,5543.035956109338,1:4:0:2:2:3:3:1:1
0:2:1:1:1:3:4:1:0:,clone,5542.336146948051,0:2:1:1:1:3:4:1:0
0:4:1:1:0:4:4:1:0:,clone,6093.706486388679,0:4:1:1:1:4:4:1:0
1:4:0:2:1:3:3:1:1:,clone,5377.317745949679,1:4:0:2:1:3:3:1:1
1:4:0:2:1:3:3:1:1:,clone,5220.727439359288,1:4:0:2:1:3:3:1:1
0:3:1:1:0:4:4:2:0:,recombination,5027.773375064618,1:4:0:2:2:3:3:1:1,1:4:1:1:1:2:3:1:0,MUTATE
1:4:1:3:3:1:2:1:1:,recombination,5135.322662189738,1:4:0:2:1:3:3:1:1,1:4:0:3:4:1:1:0:1
0:4:1:1:1:4:3:2:0:,clone,5316.632831694405,0:4:1:1:1:4:3:2:0
1:4:0:1:1:3:3:1:1:,clone,5614.955836482151,1:4:0:1:1:3:3:1:1
0:3:1:2:2:2:3:0:0:,clone,5452.82325692607,0:3:1:2:2:2:3:0:0
1:4:0:3:2:3:2:1:1:,recombination,5390.667278341179,2:4:0:3:3:1:1:1:2,2:4:0:3:3:2:2:0:2,MUTATE
0:4:2:1:1:4:4:1:0:,clone,6871.001848643042,0:4:2:1:1:4:4:1:0
1:4:0:1:1:3:3:2:0:,recombination,5614.955836482151,0:4:1:2:2:2:3:1:0,1:4:0:2:1:2:3:1:1
0:4:1:2:1:2:3:0:0:,clone,5470.4403029894,0:3:1:2:1:2:3:0:0
0:3:1:1:1:3:3:2:0:,recombination,5473.213666817663,0:4:1:2:1:3:3:1:0,1:4:0:3:3:1:2:1:1,MUTATE
0:3:0:2:1:3:3:2:0:,recombination,5599.174437817777,1:4:0:3:4:1:1:0:1,0:3:1:1:1:3:3:2:0
0:4:2:1:1:4:4:1:0:,recombination,6629.708642268744,0:4:2:2:1:3:3:0:0,0:3:2:1:0:4:4:1:0
0:3:1:1:1:3:3:2:0:,clone,5381.190598520575,0:3:1:1:1:3:3:2:0
0:3:1:1:1:3:3:2:0:,recombination,5377.180185722216,1:4:1:1:1:3:3:2:0,1:4:1:3:4:1:1:0:1,MUTATE
2:4:0:4:4:0:1:0:2:,recombination,5231.046514187563,1:4:1:2:1:2:3:1:1,0:3:1:1:1:4:4:1:0,MUTATE
1:4:1:4:3:1:1:0:1:,clone,6053.390761657441,1:4:1:3:3:1:1:0:1
0:2:1:1:0:4:4:2:0:,recombination,5514.1924856583355,0:4:1:2:2:3:3:1:0,0:3:1:2:2:3:3:0:0,MUTATE
2:4:0:4:4:1:1:0:2:,clone,5231.046514187563,2:4:0:4:4:1:1:0:2
1:4:0:2:2:2:3:1:1:,clone,5314.411237170252,1:4:0:2:2:2:2:1:1
0:2:1:1:1:4:4:2:0:,recombination,5776.328806630177,1:4:0:3:3:1:1:1:1,1:4:1:3:3:3:2:0:1,MUTATE
0:2:1:1:0:3:4:1:0:,clone,5549.548919517047,0:2:1:1:0:3:4:1:0
0:2:1:1:0:4:4:2:0:,recombination,5352.229302533747,0:3:1:1:1:4:3:2:0,0:2:1:1:0:4:4:2:0
0:4:0:2:2:3:3:1:0:,recombination,5820.340780046892,1:4:0:3:2:2:2:1:1,1:4:0:2:1:3:3:2:0,MUTATE
0:4:1:2:1:4:3:2:0:,recombination,6202.572714687545,0:4:1:2:2:1:3:1:0,0:4:0:2:2:3:3:1:0
1:4:0:3:4:1:1:0:2:,clone,5279.968205032261,2:4:0:4:4:1:1:0:2
0:4:1:2:1:2:3:0:0:,clone,5308.78162446227,0:4:1:2:2:2:3:0:0
2:4:0:3:4:1:1:0:2:,clone,5276.914746444562,1:4:0:3:4:1:1:0:2
0:3:0:1:1:3:3:1:0:,recombination,5869.19279710114,0:3:1:1:0:4:4:1:0,1:4:1:3:3:3:2:1:1,MUTATE
0:4:0:1:1:4:3:1:0:,clone,5842.2739415211245,0:4:0:2:1:3:3:1:0
0:4:1:2:1:4:3:2:0:,recombination,5883.7797345490335,0:3:1:1:1:3:3:1:0,2:4:0:3:3:1:1:0:2
0:2:1:0:0:4:4:2:0:,clone,5211.890360755033,0:2:1:0:0:4:4:2:0
0:3:0:1:1:4:3:1:0:,recombination,5923.209106281875,1:4:1:3:3:3:2:1:1,0:4:1:3:3:1:2:0:0
0:4:0:1:1:4:3:1:0:,clone,5789.246765257064,0:4:0:1:1:4:3:1:0
0:3:0:1:1:3:3:1:0:,recombination,5757.312273330601,0:4:0:1:1:4:3:1:0,1:4:0:3:3:2:1:1:1
0:3:0:1:1:3:3:2:0:,clone,5673.30553558801,0:3:1:1:1:3:3:2:0
2:4:0:4:4:0:0:0:3:,clone,5075.064715195761,0:2:1:0:0:4:4:2:0
1:4:0:2:1:4:3:2:0:,clone,5855.679538889368,0:4:0:2:1:4:3:2:0
1:4:0:2:2:2:3:1:1:,clone,5210.367985774013,1:4:0:2:2:2:3:1:1
0:2:1:1:1:3:3:1:0:,recombination,6116.158355712031,0:3:1:2:2:2:3:1:0,1:4:1:2:1:2:3:1:0
1:4:0:2:1:2:3:1:0:,clone,5210.367985774012,1:4:0:2:1:2:3:1:1
0:4:1:3:2:2:2:1:0:,recombination,6133.085107958249,0:3:1:2:2:2:3:0:0,0:4:2:1:1:4:4:1:0,MUTATE
1:4:0:2:1:2:3:1:1:,clone,5210.367985774013,1:4:0:2:1:2:3:1:1
0:4:0:1:1:2:3:1:0:,recombination,5457.652410305326,0:4:1:2:2:3:3:1:0,1:4:1:3:3:2:1:1:1,MUTATE
2:4:0:4:4:0:0:0:2:,clone,4948.934295109422,2:4:0:4:4:0:0:0:3
2:4:0:4:4:0:0:0:2:,recombination,4841.3969869779285,0:4:1:2:2:3:3:1:0,1:4:0:3:3:2:2:0:1,MUTATE
0:4:1:1:1:3:4:1:0:,clone,5385.374240409369,0:4:1:1:1:3:4:1:0
0:4:1:2:2:1:3:0:0:,recombination,5276.840761352755,1:4:1:3:3:0:1:0:1,1:4:1:3:3:0:2:0:1,MUTATE
1:4:1:2:1:3:3:2:0:,clone,5855.481423422672,1:4:1:2:1:3:3:2:0
0:3:0:1:1:3:3:1:0:,recombination,5560.412347967716,0:3:1:2:1:2:3:1:0,0:3:1:1:1:3:3:2:0,MUTATE
0:4:1:3:3:2:2:1:0:,recombination,5599.738938688527,0:4:1:3:2:2:2:0:0,1:4:0:4:4:2:1:1:2,MUTATE
0:4:0:2:2:3:3:1:0:,recombination,5459.768579694817,1:4:1:3:4:1:1:0:1,1:4:0:3:3:2:2:0:1,MUTATE
2:4:0:3:3:1:1:0:2:,recombination,5226.511702422041,0:3:1:1:1:4:3:1:0,1:4:0:3:3:0:1:0:1,MUTATE
0:4:1:1:1:3:4:1:0:,recombination,5354.226460693344,0:3:1:1:1:4:3:1:0,1:4:1:1:1:3:3:2:0,MUTATE
1:4:0:2:2:3:2:1:0:,clone,5301.698401608299,1:4:0:2:2:3:2:1:1
0:4:1:1:0:4:4:1:0:,recombination,5896.425833278974,1:4:0:2:1:2:3:1:1,2:4:0:3:3:2:1:1:2
0:4:1:1:0:3:4:1:0:,clone,5534.202921916172,0:4:1:1:1:3:4:1:0
0:4:1:1:0:3:4:1:0:,recombination,5392.5546032805,0:3:1:1:1:4:3:1:0,1:4:0:2:2:3:3:1:1
0:4:1:2:2:2:3:0:0:,recombination,5055.736043498919,0:3:2:1:0:4:4:1:0,0:4:1:2:1:2:3:0:0
0:2:1:0:0:4:4:1:0:,recombination,5727.8870622206,2:4:0:3:3:2:2:1:2,1:4:1:2:2:3:3:1:1,MUTATE
1:4:0:4:4:1:1:0:2:,clone,4950.307947145557,1:4:0:4:4:0:1:0:2
1:4:0:3:3:0:1:0:2:,clone,4611.778067395862,1:4:0:3:4:0:1:0:2
2:4:0:3:4:0:1:0:2:,clone,4647.2653008523275,1:4:0:3:4:0:1:0:2
0:2:1:0:0:4:4:1:0:,clone,5694.815453433694,0:2:1:0:0:4:4:1:0
0:2:1:1:1:4:4:1:0:,recombination,6822.445392124621,1:4:1:3:4:0:1:0:1,0:4:1:3:2:2:2:0:0,MUTATE
1:4:0:3:3:0:1:0:1:,recombination,4718.514964159903,0:3:1:1:0:4:4:1:0,1:4:1:3:2:2:2:0:1
1:4:0:3:3:0:1:0:1:,clone,4515.828934309585,1:4:0:3:3:0:1:0:1
0:2:1:0:0:4:4:1:0:,clone,5632.620748823324,0:2:1:0:0:4:4:1:0
1:4:0:3:3:1:1:0:1:,recombination,4655.871440556997,1:4:0:3:3:2:2:0:1,1:4:1:2:1:3:3:1:0,MUTATE
0:4:1:2:1:2:3:0:0:,clone,5197.60241534598,0:4:1:2:2:2:3:0:0
1:4:0:3:3:1:2:0:2:,clone,5290.277158106679,1:4:0:3:3:1:1:0:2
0:4:0:1:1:3:3:1:0:,clone,5728.575351861435,0:4:1:1:1:3:3:1:0
1:4:0:3:3:2:2:1:2:,clone,5408.4234854542965,1:4:0:3:3:2:2:1:1
0:3:1:1:0:3:4:2:0:,recombination,5304.8062524087145,0:2:1:0:0:4:4:2:0,0:4:1:1:1:3:3:2:0
0:3:1:1:1:3:4:1:0:,clone,5180.070654516177,0:3:1:1:1:3:4:1:0
0:3:1:1:1:3:4:1:0:,recombination,5163.924150267079,2:4:0:4:4:0:0:0:2,0:2:1:0:0:4:4:2:0,MUTATE
0:3:1:1:1:3:4:1:0:,clone,5085.57235644754,0:3:1:1:1:3:4:1:0
1:4:0:1:1:3:3:1:0:,recombination,5248.818022142832,1:4:0:3:3:0:1:0:1,1:4:1:2:2:3:3:1:1,MUTATE
0:3:1:1:0:3:4:1:0:,clone,5086.4954427965795,0:3:1:1:1:3:4:1:0
0:4:0:1:1:3:3:1:0:,recombination,5364.741281034031,1:4:1:2:2:2:2:1:1,1:4:0:3:3:2:2:1:2,MUTATE
0:4:2:1:0:4:4:1:0:,recombination,6879.342271763103,0:4:2:1:1:4:4:1:0,1:4:0:2:1:3:3:1:1,MUTATE
0:3:1:1:0:4:4:1:0:,clone,5151.791440645123,0:3:1:1:0:4:4:1:0
0:3:1:1:1:4:4:2:0:,recombination,5167.5709990637715,0:4:1:2:2:3:3:1:0,1:4:0:3:3:1:1:0:1,MUTATE
0:4:1:1:1:4:3:1:0:,clone,5353.810372272555,0:4:1:1:1:4:3:1:0
0:2:2:0:0:4:4:2:0:,recombination,6595.190101727883,1:4:1:2:2:3:3:1:1,1:4:1:1:1:3:3:1:1
0:2:2:0:0:4:4:2:0:,clone,6513.187269743365,0:2:2:0:0:4:4:2:0
0:2:1:1:0:4:4:1:0:,clone,5379.348611898012,0:3:1:1:0:4:4:1:0
0:3:1:2:2:3:3:1:0:,recombination,5669.657587685735,0:4:0:2:2:3:3:1:0,0:4:1:3:3:2:2:1:0,MUTATE
0:4:1:2:2:3:2:1:0:,clone,5327.412523903855,0:4:1:2:2:2:3:1:0
0:2:1:0:0:4:4:1:0:,recombination,5623.019790928179,1:4:1:3:2:2:2:0:1,0:3:1:1:1:3:3:2:0
0:3:2:0:0:4:4:1:0:,recombination,6312.664180325476,1:4:0:3:3:1:1:0:1,1:4:1:3:3:1:1:0:1
0:2:1:0:0:4:4:1:0:,clone,5555.927842198364,0:2:1:0:0:4:4:1:0
0:3:1:2:1:3:3:2:0:,recombination,6245.8224810982265,1:4:1:2:2:2:2:1:1,0:4:0:2:1:3:3:2:0
0:2:1:0:0:4:4:1:0:,recombination,5521.121748231278,1:4:0:3:3:1:1:0:2,0:3:1:1:1:3:3:2:0
0:3:1:2:2:3:3:1:0:,recombination,5449.890505908373,0:4:1:3:3:2:2:1:0,0:4:1:2:1:2:3:0:0
0:3:1:2:2:3:3:1:0:,recombination,5405.014578138769,0:2:1:0:0:4:4:2:0,0:4:1:4:4:0:1:0:0
0:3:1:1:1:3:3:2:0:,recombination,5363.4202094721795,0:4:1:3:3:2:2:1:0,2:4:0:3:3:1:1:1:2,MUTATE
0:2:1:1:0:3:4:1:0:,clone,5481.745836675468,0:2:1:0:0:4:4:1:0
0:2:1:1:1:4:4:2:0:,clone,5444.103131093526,0:3:1:1:1:3:3:2:0
0:3:1:2:2:3:3:1:0:,clone,5293.144139224177,0:3:1:2:2:3:3:1:0
0:3:1:2:2:3:3:1:0:,recombination,5165.404322256445,0:2:1:1:1:4:4:2:0,0:3:1:1:1:3:4:0:0
0:2:1:1:1:4:4:1:0:,clone,5591.366449483495,0:2:1:1:1:3:3:1:0
0:2:1:1:0:4:4:2:0:,clone,5213.425879027761,0:2:1:1:0:4:4:2:0
0:2:2:0:0:4:4:1:0:,recombination,6959.364772879231,2:4:0:4:4:0:0:0:3,1:4:0:2:2:3:3:1:1
0:2:2:0:0:4:4:2:0:,recombination,6392.847880404795,1:4:0:4:4:1:1:0:2,1:4:1:3:3:2:2:0:1
0:2:2:0:0:4:4:2:0:,clone,6300.7788968055165,0:2:1:0:0:4:4:1:0
0:4:2:1:1:3:4:1:0:,recombination,6280.281754417925,1:4:0:3:3:2:1:1:2,1:4:1:3:3:0:2:0:1
0:3:2:0:0:4:4:2:0:,recombination,6202.031658606179,1:4:0:3:3:2:2:0:2,1:4:0:3:2:2:2:1:1,MUTATE
0:4:1:2:2:4:3:1:0:,recombination,5482.435768262358,2:4:0:4:4:2:1:1:2,1:4:1:2:2:3:3:1:1,MUTATE
0:3:0:2:1:3:3:1:0:,recombination,5925.591848304147,1:4:0:2:2:3:2:1:1,0:3:1:2:1:3:3:0:0
0:3:1:2:1:4:3:2:0:,recombination,5906.618370235593,2:4:0:4:4:2:1:0:2,1:4:0:2:2:2:3:1:1,MUTATE
0:3:0:1:1:4:3:1:0:,recombination,5584.231583434229,1:4:0:2:2:3:2:1:1,0:3:1:1:1:4:3:2:0,MUTATE
0:2:2:0:0:4:4:1:0:,clone,6462.284072714587,0:2:1:0:0:4:4:2:0
0:3:1:2:1:4:3:1:0:,recombination,6030.1393249558705,2:4:0:4:4:2:1:0:2,1:4:0:2:2:3:3:1:0,MUTATE
0:2:2:0:0:4:4:1:0:,clone,6277.158251741206,0:2:2:0:0:4:4:1:0
0:2:1:1:0:4:4:1:0:,recombination,5284.6366578146535,0:3:1:2:1:2:3:0:0,1:4:1:3:2:1:2:0:1,MUTATE
0:2:1:0:0:4:4:1:0:,clone,5259.349978479141,0:2:1:0:0:4:4:2:0
0:3:2:1:1:4:4:1:0:,recombination,6639.6670530839,0:3:1:2:1:4:3:2:0,1:4:1:2:1:3:3:1:0
0:4:2:2:1:3:3:1:0:,clone,6986.259142016022,0:4:2:2:1:3:3:1:0
1:4:0:2:2:2:3:1:1:,recombination,5104.11591526849,1:4:1:2:2:2:2:0:1,1:4:1:3:3:2:1:0:2
0:3:1:1:0:3:4:2:0:,clone,5203.361263522379,0:3:1:1:0:3:4:2:0
0:2:2:0:0:4:4:2:0:,clone,6227.579096015978,0:2:2:0:0:4:4:1:0
1:4:1:2:1:3:3:1:1:,clone,5289.899791551581,1:4:1:2:2:2:3:1:1
0:3:1:1:1:3:4:1:0:,recombination,5060.622749538276,0:2:1:0:0:4:4:1:0,1:4:1:1:1:2:3:1:1
0:3:1:1:1:3:4:1:0:,clone,5010.80066189213,0:3:1:1:1:3:4:1:0
0:4:2:2:1:3:3:1:0:,clone,6478.24796543291,0:4:2:1:1:3:4:1:0
0:3:2:1:0:4:4:1:0:,recombination,6541.51038952737,0:4:1:1:1:4:3:1:0,1:4:1:2:2:2:2:1:0,MUTATE
0:2:1:1:0:3:4:1:0:,clone,5202.356369592815,0:2:1:1:0:4:4:1:0
0:2:2:0:0:4:4:1:0:,recombination,6045.175560244679,0:3:2:1:0:4:4:1:0,0:4:1:1:1:2:3:1:0,MUTATE
0:3:2:1:0:4:4:1:0:,recombination,6419.381308780632,0:4:2:1:1:3:4:1:0,1:4:0:3:2:3:2:1:1
2:4:0:4:4:0:0:0:2:,clone,4812.881139209822,2:4:0:4:4:0:0:0:2
1:4:0:3:4:1:1:0:2:,recombination,4860.673347847343,1:4:1:2:2:2:2:1:0,2:4:0:4:4:0:0:0:2
1:4:0:4:4:0:0:0:1:,recombination,4989.319296294514,0:2:1:1:0:4:4:1:0,2:4:0:4:4:0:0:0:2,MUTATE
1:4:0:4:4:0:0:0:2:,clone,4768.352859922935,2:4:0:4:4:0:0:0:2
2:4:0:4:4:0:0:0:2:,recombination,4673.5997620988965,0:3:1:2:1:3:3:1:0,1:4:1:3:2:2:2:1:1,MUTATE
1:4:0:2:2:2:2:1:0:,clone,4938.808812391358,1:4:0:2:2:2:2:1:1
1:4:0:2:2:3:3:1:0:,clone,5356.87168859372,1:4:0:2:2:3:3:1:0
1:4:0:4:4:0:0:0:2:,clone,4612.2316271980435,1:4:0:3:4:0:0:0:1
1:4:1:4:4:2:2:0:2:,clone,6177.357495453715,1:4:0:4:4:1:1:0:2
1:4:0:4:4:1:0:0:2:,recombination,4813.8846863805,0:4:1:3:2:1:1:0:0,0:4:1:2:2:1:2:1:0
1:4:0:4:4:1:0:0:1:,clone,4898.939886336776,1:4:1:4:4:1:0:0:1
1:4:1:3:4:1:1:0:1:,clone,4822.484945489686,1:4:1:3:4:1:1:0:1
1:4:1:4:4:1:1:0:1:,clone,4922.423977247814,1:4:1:3:4:1:1:0:1
1:4:1:4:4:1:1:0:2:,clone,5015.683801272995,1:4:1:3:4:1:1:0:1
0:3:1:2:1:4:3:1:0:,recombination,5835.499625933376,1:4:0:3:3:1:2:1:1,0:3:1:2:2:3:3:1:0
0:2:1:1:1:3:3:1:0:,recombination,5192.728527271373,0:3:1:2:2:1:2:0:0,1:4:0:3:3:2:1:0:1
0:3:1:0:0:3:4:2:0:,clone,5508.119449180162,0:3:1:0:0:4:4:2:0
1:4:2:2:2:3:3:0:1:,recombination,6480.321115121186,0:4:1:2:2:1:3:1:0,0:4:2:2:1:3:3:1:0,MUTATE
0:2:1:1:0:3:4:2:0:,recombination,5134.447599073327,1:4:1:2:2:2:2:0:1,2:4:0:3:3:1:1:0:2
1:4:0:1:1:3:3:1:1:,recombination,5503.05385957047,1:4:1:4:4:2:1:1:1,1:4:1:2:1:3:3:1:0
0:4:1:1:1:3:4:2:0:,recombination,5789.642089626758,0:4:1:3:2:1:2:0:0,1:4:0:3:2:1:2:1:1
0:4:1:2:1:3:3:2:0:,clone,5723.028397072447,0:4:1:2:1:3:3:2:0
0:4:1:1:1:4:4:2:0:,recombination,5759.441545100706,1:4:1:2:1:3:3:1:1,1:4:1:4:3:2:2:0:1
1:4:1:1:1:3:3:2:0:,recombination,5678.013869468824,0:2:1:1:0:4:4:2:0,1:4:1:3:2:2:2:1:1
0:4:2:1:1:4:3:1:0:,clone,6525.7467753444425,0:4:2:1:1:3:3:1:0
0:4:0:1:1:3:3:2:0:,clone,5966.473311636801,0:4:0:1:1:3:3:2:0
0:3:1:1:0:3:4:1:0:,clone,5057.909051276334,0:3:1:1:1:3:3:1:0
0:3:1:0:0:4:4:1:0:,recombination,5257.32299052236,0:3:1:1:0:3:4:1:0,0:4:1:2:2:2:2:0:0
0:3:1:0:0:4:4:1:0:,clone,5205.087441196649,0:3:1:0:0:4:4:1:0
0:4:2:1:0:4:4:1:0:,recombination,5930.99351259975,0:4:2:1:1:4:4:1:0,0:4:2:2:1:3:3:1:0
0:3:1:1:0:3:4:2:0:,clone,5142.936373374635,0:3:1:1:0:3:4:2:0
0:2:1:0:0:4:4:2:0:,recombination,5077.209966936038,1:4:0:2:2:2:3:1:1,0:3:1:0:0:4:4:1:0,MUTATE
0:3:1:1:0:3:4:2:0:,clone,5003.517675750232,0:3:1:1:0:3:4:2:0
0:3:1:0:0:4:4:2:0:,recombination,5091.718907429235,0:4:0:2:1:3:3:2:0,1:4:0:3:3:2:1:0:1
0:3:1:1:0:4:4:1:0:,clone,5050.659760306005,0:3:1:1:0:4:4:1:0
0:2:1:0:0:4:4:2:0:,clone,5002.941615997717,0:2:1:0:0:4:4:2:0
0:2:1:0:0:4:4:1:0:,clone,5155.108090096974,0:2:1:0:0:4:4:2:0
0:2:2:0:0:4:4:2:0:,clone,6136.401082841141,0:2:1:0:0:4:4:2:0
0:3:2:0:0:4:4:1:0:,clone,6308.973404858416,0:2:1:0:0:4:4:2:0
0:3:2:1:0:4:4:1:0:,recombination,6183.290117051722,1:4:0:3:3:1:2:0:1,1:4:1:4:4:2:1:0:1,MUTATE
0:3:2:1:0:4:4:1:0:,recombination,5813.7431381784545,0:4:1:2:2:3:3:1:0,1:4:0:4:4:2:1:0:2,MUTATE
0:3:2:0:0:4:4:1:0:,clone,5973.3687747011,0:3:2:0:0:4:4:1:0
0:3:2:0:0:4:4:1:0:,recombination,5709.228576543363,1:4:1:4:4:2:1:0:1,0:3:1:2:1:2:3:1:0,MUTATE
0:3:1:2:1:2:3:0:0:,recombination,5725.697672767968,0:4:1:3:3:2:2:0:0,0:3:1:2:2:1:2:0:0,MUTATE
0:2:1:0:0:4:4:2:0:,recombination,4929.224225310938,1:4:1:4:4:2:1:0:1,0:4:1:1:1:3:3:2:0
2:4:1:4:4:0:1:0:2:,recombination,5382.484559597163,2:4:0:3:3:2:1:1:2,1:4:0:2:2:2:2:1:1,MUTATE
0:3:1:2:2:2:3:1:0:,clone,5206.572221819214,0:4:1:2:1:3:3:1:0
0:3:1:2:1:4:3:1:0:,recombination,5759.863825470821,1:4:0:4:4:0:0:0:2,0:2:1:0:0:4:4:1:0
0:3:1:2:1:2:3:0:0:,clone,5712.7723640371405,0:3:1:2:1:2:3:0:0
0:3:2:1:0:4:4:2:0:,recombination,6398.590461975157,2:4:0:4:4:1:1:1:2,1:4:1:3:2:3:2:0:1
0:3:2:1:0:4:4:1:0:,recombination,5767.0111624432775,1:4:1:3:2:3:2:0:1,0:3:2:1:0:4:4:1:0,MUTATE
0:3:2:0:0:4:4:2:0:,recombination,5945.4111773174745,0:3:2:1:0:4:4:2:0,0:4:1:3:2:2:2:0:0
0:3:0:1:1:3:3:1:0:,clone,5465.479192712635,0:3:0:1:1:3:3:1:0
0:3:2:1:0:4:4:2:0:,recombination,6381.989062503815,0:3:2:1:0:4:4:2:0,0:3:2:1:0:4:4:2:0,MUTATE
0:2:2:0:0:4:4:2:0:,recombination,5808.444149065345,0:3:1:1:0:3:4:2:0,0:4:1:2:2:2:2:0:0
0:2:1:0:0:3:4:1:0:,recombination,5673.086555524875,1:4:1:1:1:3:3:2:0,1:4:1:3:3:1:2:0:2
2:4:1:4:4:0:0:0:2:,recombination,4812.6053972594,1:4:1:2:2:1:2:1:1,1:4:1:3:2:2:2:1:1,MUTATE
1:4:0:3:3:0:2:0:1:,clone,5541.307986699074,1:4:0:3:3:0:2:0:1
0:2:1:1:0:4:4:1:0:,clone,5229.165356572317,0:2:1:1:0:4:4:1:0
0:2:1:1:0:4:4:1:0:,recombination,4826.776287843903,2:4:0:3:3:2:2:1:2,0:2:1:1:0:4:4:1:0,MUTATE
1:4:1:2:2:4:3:1:1:,clone,6765.439312862766,1:4:1:2:2:3:3:1:1
1:4:0:4:4:0:0:0:1:,clone,4721.079497268215,1:4:0:4:4:0:0:0:2
1:4:0:4:4:1:0:0:1:,clone,4722.013792616238,1:4:0:4:4:0:0:0:1
1:4:0:4:4:1:0:0:2:,clone,4722.603980052989,1:4:0:4:4:1:0:0:1
1:4:0:4:4:1:1:0:1:,clone,5035.486828698637,1:4:0:3:4:1:1:0:1
0:3:0:1:1:3:4:1:0:,recombination,5809.373893950797,1:4:1:2:1:4:3:1:0,0:4:1:2:2:2:2:1:0,MUTATE
0:3:1:0:0:3:4:1:0:,recombination,5742.228170178217,1:4:1:1:1:4:3:1:0,0:3:1:1:1:3:4:1:0,MUTATE
1:4:0:3:3:2:1:1:1:,clone,5059.892017398674,1:4:1:3:3:2:2:1:1
1:4:0:3:3:2:1:1:1:,clone,4992.349708961236,1:4:0:3:3:2:1:1:1
1:4:0:3:3:2:1:1:1:,clone,4979.193473299542,1:4:0:3:3:2:1:1:1
1:4:1:1:1:3:4:1:0:,recombination,5311.807098382447,0:3:1:1:1:3:4:1:0,1:4:1:2:2:3:2:0:1
0:4:1:2:1:4:3:1:0:,recombination,5577.985087471344,0:4:1:1:1:4:4:1:0,1:4:1:2:2:2:2:1:0,MUTATE
1:4:1:4:4:0:0:0:2:,clone,5491.363367254538,1:4:1:4:4:0:0:0:2
0:2:1:1:0:4:4:2:0:,recombination,5067.519450041561,1:4:0:2:1:2:3:1:0,0:3:0:1:1:3:3:1:0,MUTATE
0:3:1:1:1:4:4:1:0:,clone,5074.530875463572,0:3:1:1:1:4:4:1:0
1:4:1:1:1:2:3:1:1:,clone,5357.822918139606,1:4:1:2:2:2:3:1:1
0:2:1:1:0:4:4:2:0:,clone,5028.253747970042,0:2:1:1:0:4:4:2:0
1:4:1:1:1:2:3:1:1:,clone,5302.620461012662,1:4:1:1:1:2:3:1:1
1:4:1:1:1:3:4:2:0:,recombination,6157.69521431593,1:4:0:1:1:3:3:1:1,1:4:0:2:1:3:3:1:1
1:4:0:3:3:1:1:0:2:,clone,4943.752568285182,1:4:0:4:4:1:1:0:2
1:4:1:2:2:1:2:1:1:,recombination,4717.920432611032,1:4:1:2:2:2:3:0:1,1:4:0:2:1:3:3:1:0
1:4:1:3:3:3:2:1:1:,recombination,5438.669614130698,0:2:1:1:0:4:4:2:0,1:4:1:2:2:1:2:0:1,MUTATE
0:2:1:2:1:3:3:1:0:,clone,6224.145572659689,0:2:1:2:1:3:3:1:0
1:4:1:1:1:2:3:1:1:,clone,5258.291122265207,1:4:1:1:1:2:3:1:1
0:3:1:0:0:3:4:1:0:,recombination,5392.835088178999,1:4:1:4:4:1:0:0:2,1:4:1:2:1:3:3:0:1,MUTATE
1:4:1:1:1:2:3:1:1:,clone,5242.885934880359,1:4:1:1:1:2:3:1:1
1:4:1:1:1:4:3:1:0:,recombination,5714.431747865364,0:2:1:1:0:4:4:2:0,0:2:2:0:0:4:4:2:0,MUTATE
1:4:1:1:1:3:3:1:1:,clone,5312.186760744914,1:4:1:1:1:3:3:1:1
1:4:1:1:1:3:3:1:1:,clone,5311.8503989458195,1:4:1:1:1:3:3:1:1
1:4:1:1:1:2:3:1:0:,clone,4604.549555710682,0:4:1:2:1:2:3:1:0
1:4:1:3:3:2:2:1:0:,clone,5606.314442922679,1:4:1:2:2:3:3:1:0
0:4:1:1:1:3:3:1:0:,clone,4912.9110350665105,0:4:1:1:1:3:3:1:0
2:4:0:4:4:0:0:0:2:,clone,4558.122464121157,0:2:1:0:0:4:4:2:0
1:4:1:3:3:0:1:0:2:,recombination,4984.07172707087,1:4:1:3:2:2:2:0:1,1:4:1:3:3:1:1:0:1
0:4:0:1:1:3:3:2:0:,recombination,5393.345634057308,0:4:1:1:0:4:4:2:0,0:4:1:1:1:4:4:1:0,MUTATE
2:4:1:4:4:0:1:0:2:,clone,5218.530956619607,2:4:0:4:4:0:1:0:2
0:2:2:0:0:4:4:2:0:,recombination,5590.201750953527,0:4:2:1:0:4:4:1:0,1:4:1:2:2:1:2:0:1
0:3:1:1:1:3:3:2:0:,recombination,5362.9947914160975,1:4:0:3:3:2:1:0:1,1:4:0:3:3:2:2:0:1,MUTATE
1:4:1:3:3:1:2:1:1:,clone,5093.757101451807,1:4:1:3:3:1:2:1:1
1:4:1:1:1:2:3:1:1:,recombination,4848.859806845515,1:4:1:3:3:2:2:0:1,0:3:1:1:1:4:3:1:0,MUTATE
0:3:1:1:1:2:4:1:0:,clone,5874.388065831303,0:3:1:1:1:2:4:1:0
0:4:1:1:1:2:4:1:0:,clone,5745.682131058259,0:3:1:1:1:2:4:1:0
1:4:0:2:2:2:3:1:0:,clone,5696.156793593839,1:4:1:2:2:2:3:1:0
0:3:1:1:0:2:4:1:0:,recombination,5766.448917728016,1:4:1:2:2:1:2:1:1,0:3:1:1:1:4:4:1:0
0:3:1:1:0:3:4:1:0:,clone,5008.626429744146,0:3:1:1:0:3:4:1:0
0:3:2:0:0:4:4:2:0:,recombination,5931.837955984246,0:4:2:1:0:4:4:1:0,0:3:1:1:0:3:4:1:0
0:3:2:0:0:3:4:1:0:,recombination,5929.820106523809,0:4:1:1:1:2:4:1:0,1:4:1:3:3:2:2:0:2
0:2:1:2:1:3:3:1:0:,clone,5988.631471466495,0:3:1:2:1:3:3:1:0
0:2:1:2:1:3:3:1:0:,clone,5929.838110229101,0:2:1:2:1:3:3:1:0
0:3:2:0:0:4:4:2:0:,recombination,5837.339657915609,0:3:2:0:0:4:4:2:0,1:4:1:2:1:4:3:1:0,MUTATE
0:3:0:2:1:4:3:1:0:,clone,5719.593849832391,0:4:0:2:1:3:3:1:0
1:4:1:3:3:2:2:1:0:,clone,5460.2716083930745,1:4:1:3:3:2:2:1:0
1:4:0:2:2:3:3:1:1:,recombination,5334.004779188824,2:4:0:4:4:1:1:0:2,0:3:1:1:1:2:3:1:0,MUTATE
0:2:1:2:1:3:3:1:0:,clone,5918.580066347437,0:2:1:2:1:3:3:1:0
0:2:1:1:0:3:4:1:0:,recombination,5176.608620856422,2:4:0:3:3:1:1:1:2,1:4:1:1:1:3:3:1:1
0:3:1:0:0:3:4:2:0:,recombination,5266.596498468467,0:4:1:1:1:3:3:1:0,0:3:1:1:1:3:3:2:0
0:2:1:0:0:3:4:2:0:,clone,5198.037886044338,0:2:1:1:0:3:4:1:0
0:2:1:1:0:3:4:1:0:,clone,5169.660863636728,0:2:1:1:0:3:4:1:0
0:2:2:0:0:4:4:2:0:,clone,5566.475569160211,0:2:2:0:0:4:4:2:0
0:2:1:1:0:3:4:1:0:,recombination,5090.4123721893,0:3:2:0:0:3:4:1:0,1:4:1:1:1:3:3:1:1
0:2:2:0:0:4:4:2:0:,clone,5479.227427826015,0:2:2:0:0:4:4:2:0
1:4:1:3:2:3:2:1:0:,clone,5715.311139417097,1:4:1:3:3:2:2:1:0
1:4:1:3:2:2:2:1:0:,clone,5598.299447588149,1:4:1:3:3:2:2:1:0
0:2:1:2:1:3:3:1:0:,clone,5848.564087064453,0:2:1:2:1:3:3:1:0
1:4:1:2:2:2:3:1:1:,recombination,4918.669828247084,1:4:1:1:1:3:4:1:0,1:4:1:3:4:2:1:0:1,MUTATE
0:2:1:1:1:4:3:1:0:,recombination,5502.240151784646,0:4:1:3:3:2:2:1:0,0:4:0:3:3:2:2:1:0,MUTATE
0:4:1:1:0:4:4:1:0:,clone,5674.730290562753,0:4:1:1:0:4:4:1:0
0:2:1:2:1:3:3:1:0:,clone,5789.42338703281,0:2:0:2:1:3:3:1:0
0:4:1:1:0:4:4:2:0:,clone,5547.861237484159,0:4:1:1:0:4:4:1:0
0:2:1:1:1:3:4:1:0:,recombination,5497.063584333429,0:4:1:2:1:3:3:1:0,0:2:1:2:1:3:3:1:0,MUTATE
0:4:1:1:0:3:4:1:0:,recombination,5233.299455064267,0:3:1:1:0:3:4:2:0,0:4:2:1:1:3:4:1:0,MUTATE
0:4:1:1:0:4:4:1:0:,clone,5558.321855167711,0:3:1:1:0:4:4:1:0
1:4:1:4:4:0:0:0:2:,clone,5298.949960962025,1:4:1:4:4:0:0:0:2
1:4:0:3:4:0:0:0:1:,clone,4655.887230511514,1:4:0:3:4:0:0:0:1
2:4:0:4:4:0:0:0:2:,clone,4518.26099047353,2:4:0:4:4:0:0:0:2
0:1:1:0:0:4:4:1:0:,clone,6242.777532384387,0:1:1:0:0:4:4:1:0
2:4:0:4:4:1:0:0:2:,clone,5152.194158494848,2:4:0:4:4:1:0:0:2
1:4:1:4:4:1:1:0:2:,recombination,4958.186686986646,1:4:1:2:2:3:3:0:1,0:4:1:1:1:3:3:1:0
0:3:0:1:1:3:3:1:0:,recombination,5401.081369176855,1:4:1:1:1:2:3:1:0,0:3:1:1:1:3:4:1:0,MUTATE
0:3:0:2:1:3:3:1:0:,clone,5378.410639856492,0:3:0:1:1:3:3:1:0
0:3:0:2:1:2:3:1:0:,clone,5057.948698630245,1:4:0:2:2:2:3:1:0
1:4:0:3:3:1:2:0:1:,recombination,4877.887165825494,2:4:0:4:4:0:0:0:2,0:3:1:1:1:4:3:1:0
1:4:0:2:2:2:3:1:0:,recombination,5342.540432937638,0:4:1:2:1:2:3:0:0,0:3:1:1:1:4:3:1:0,MUTATE
1:4:0:2:2:2:3:1:0:,clone,5315.883489781399,1:4:0:2:2:2:3:1:0
1:4:0:2:2:2:3:0:1:,clone,5742.693425960631,0:4:0:2:2:2:3:0:0
0:3:0:1:1:4:3:2:0:,recombination,5641.447271016774,0:4:1:1:1:3:3:1:0,0:2:1:1:0:4:4:2:0,MUTATE
1:4:1:1:1:3:3:1:1:,clone,5199.950232876008,1:4:1:1:1:3:3:1:1
1:4:0:4:4:2:1:0:1:,recombination,5749.807393212032,1:4:0:3:2:1:2:1:1,1:4:1:3:2:2:2:1:1
0:4:1:1:1:3:4:2:0:,clone,5620.8387245170725,0:4:1:1:1:3:3:2:0
0:3:1:0:0:4:4:2:0:,recombination,5071.807663020326,0:2:1:0:0:3:4:2:0,0:4:1:1:0:4:4:2:0
1:4:1:2:1:3:3:2:0:,clone,5811.938616615315,0:3:0:1:1:3:3:2:0
2:4:1:4:4:0:1:0:2:,clone,5029.819942497337,2:4:1:4:4:0:1:0:2
1:4:0:4:4:0:1:0:2:,clone,4959.458343485796,1:4:0:4:4:0:1:0:2
2:4:1:4:4:0:1:0:2:,clone,4965.733974419837,2:4:1:4:4:0:1:0:2
0:2:2:0:0:4:4:1:0:,clone,5995.8400786801885,0:2:2:0:0:4:4:1:0
2:4:0:4:4:0:1:0:2:,clone,5118.347496173034,2:4:0:4:4:0:1:0:2
2:4:0:4:4:0:1:0:2:,clone,5076.595188865069,2:4:0:4:4:0:1:0:2
0:3:1:1:1:3:4:2:0:,clone,5119.354793320212,0:3:1:1:1:3:4:2:0
0:2:1:1:0:4:4:1:0:,recombination,4821.982551301157,0:2:1:0:0:4:4:1:0,1:4:1:4:4:0:0:0:2,MUTATE
0:4:0:2:1:4:3:1:0:,recombination,6195.619769386545,2:4:0:4:4:0:1:0:2,0:2:1:2:1:3:3:1:0,MUTATE
0:2:1:1:0:3:4:2:0:,clone,5118.99209081869,0:2:1:1:0:3:4:2:0
2:4:0:3:3:2:2:0:2:,recombination,5781.315386492929,1:4:0:4:4:1:1:0:2,1:4:0:4:4:0:0:0:1
0:2:1:1:1:3:4:2:0:,recombination,5190.107141740457,0:3:1:1:1:3:4:0:0,1:4:1:2:2:2:3:1:1,MUTATE
0:2:1:1:0:4:4:2:0:,recombination,4991.987637475321,0:3:2:1:1:3:4:1:0,0:2:1:1:0:4:4:2:0
1:4:0:2:2:3:3:1:0:,clone,5246.6390195439435,1:4:0:2:2:3:3:1:0
1:4:1:2:1:3:3:1:1:,recombination,5224.603081018053,0:4:1:1:1:4:3:1:0,0:4:1:3:3:2:1:0:0,MUTATE
1:4:0:2:2:3:2:1:0:,recombination,5246.6390195439435,1:4:1:2:1:4:3:1:0,0:3:0:1:1:3:3:1:0,MUTATE
0:4:0:2:2:3:3:1:0:,clone,5367.876628233488,0:4:0:2:2:3:3:1:0
0:3:0:2:1:3:3:1:0:,clone,4974.589631948629,0:3:0:2:1:3:3:1:0
1:4:0:2:2:3:3:1:0:,clone,5242.133808551397,1:4:0:2:2:3:3:1:0
1:4:0:2:2:3:3:1:0:,recombination,4971.690634862881,1:4:1:2:1:3:3:2:0,0:2:1:1:0:3:4:1:0,MUTATE
1:4:1:2:2:3:3:1:0:,recombination,4918.2377422060135,1:4:0:3:3:1:1:0:2,0:4:1:1:1:3:4:1:0,MUTATE
0:4:0:2:2:3:3:1:0:,clone,5258.235112263165,0:4:0:2:1:3:3:1:0
1:4:0:3:3:1:1:0:1:,clone,4470.907888293838,1:4:0:3:3:1:1:0:1
1:4:0:3:3:1:0:0:1:,clone,4482.808390084367,1:4:0:3:3:1:1:0:1
0:3:0:2:2:3:3:1:0:,clone,5326.45740224145,0:3:0:2:2:3:3:1:0
0:3:1:2:1:3:3:1:0:,clone,5039.761073087506,0:3:1:2:1:3:3:1:0
1:4:1:3:2:1:2:0:1:,clone,4691.814157777174,1:4:1:3:2:1:2:0:1
1:4:0:2:1:3:3:1:0:,recombination,5283.55230647113,0:4:1:2:2:3:3:1:0,0:4:1:1:1:3:3:1:0,MUTATE
1:4:1:3:2:1:2:0:1:,clone,4691.814157777173,1:4:1:3:2:1:2:0:1
1:4:1:2:2:2:2:0:1:,clone,4691.814157777173,1:4:1:3:2:1:2:0:1
1:4:1:1:1:3:3:2:0:,clone,5662.1859389004885,0:4:1:1:1:3:3:2:0
0:3:1:1:1:4:4:1:0:,clone,5068.1466917124835,0:3:1:1:1:4:4:1:0
0:2:1:1:1:3:4:2:0:,clone,5007.281545316904,0:2:1:1:1:3:4:2:0
0:3:1:0:0:3:4:1:0:,clone,5359.33916679592,0:3:1:0:0:3:4:1:0
0:3:1:0:0:4:4:1:0:,clone,5187.592631669148,0:3:1:0:0:4:4:1:0
0:3:1:1:0:4:4:1:0:,clone,4974.7606769044005,0:3:1:1:0:4:4:1:0
0:3:1:1:0:4:4:2:0:,recombination,4812.270088499501,0:4:1:1:1:3:3:1:0,0:3:1:1:1:3:3:1:0
0:2:1:0:0:4:4:2:0:,clone,4810.122341901228,0:2:1:0:0:4:4:2:0
0:3:1:0:0:4:4:1:0:,clone,5037.679745926258,0:3:1:0:0:4:4:1:0
0:3:1:1:0:4:4:1:0:,clone,4907.5102369626775,0:3:1:1:0:4:4:1:0
0:2:1:0:0:4:4:1:0:,clone,5077.873241283667,0:2:1:0:0:4:4:1:0
2:4:0:3:3:0:1:0:2:,clone,5022.8282392455585,2:4:0:3:3:1:1:0:2
1:4:0:1:1:2:3:1:1:,recombination,5575.552444795036,0:2:1:0:0:4:4:1:0,1:4:0:3:3:2:1:0:1,MUTATE
2:4:0:3:3:1:1:0:2:,recombination,5022.8282392455585,1:4:1:1:1:2:3:1:0,0:3:1:0:0:4:4:2:0
2:4:0:3:3:1:1:0:2:,clone,4934.7691791266625,2:4:0:3:3:1:1:0:2
1:4:0:3:3:1:1:0:2:,recombination,4934.769179126662,2:4:0:3:3:2:2:1:2,0:2:1:0:0:4:4:1:0,MUTATE
2:4:0:3:4:1:1:0:2:,clone,5106.515714253434,2:4:0:3:3:1:1:0:2
0:4:1:1:0:3:4:1:0:,recombination,5166.232029656288,2:4:0:3:4:1:1:0:2,0:2:1:0:0:4:4:2:0,MUTATE
1:4:0:4:4:2:1:0:1:,clone,5518.442578539811,1:4:0:4:4:2:1:0:2
1:4:1:2:1:2:3:1:1:,clone,5002.708743373666,1:4:1:2:1:2:3:1:1
0:3:1:1:1:4:3:1:0:,clone,4922.538738324314,0:3:1:1:1:4:3:1:0
0:3:1:1:1:4:3:1:0:,recombination,4918.110127289665,0:3:1:1:1:4:3:1:0,0:4:1:2:2:1:2:0:0,MUTATE
0:3:1:1:1:4:3:1:0:,clone,4878.064664022598,0:3:1:1:1:4:3:1:0
1:4:1:2:1:3:3:1:1:,recombination,5122.3946741847185,0:3:1:0:0:4:4:2:0,1:4:0:3:3:1:1:0:2
0:4:1:1:1:4:4:1:0:,recombination,5152.336955480581,0:3:1:1:1:4:3:1:0,0:4:1:2:1:3:3:1:0,MUTATE
1:4:0:2:2:2:3:1:1:,clone,5063.421664681172,1:4:0:2:2:2:3:1:1
0:4:1:1:1:3:4:1:0:,recombination,5260.622634113009,0:3:1:1:1:4:3:1:0,1:4:0:4:4:1:1:0:2
0:3:1:1:1:4:4:1:0:,clone,5011.9565526424085,0:3:1:1:1:4:4:1:0
1:4:1:4:4:0:0:0:2:,clone,4823.803722461772,1:4:1:4:4:0:0:0:2
0:3:1:0:0:4:4:1:0:,clone,5033.674904259515,0:3:1:0:0:4:4:1:0
0:3:0:1:1:3:3:1:0:,clone,5364.796706595996,0:3:0:1:1:3:3:1:0
0:3:0:1:1:3:3:1:0:,clone,5364.796706595995,0:3:0:1:1:3:3:1:0
0:3:0:1:1:3:3:1:0:,clone,5355.013354593812,0:3:0:1:1:3:3:1:0
0:3:0:1:1:3:3:2:0:,clone,5286.79106461553,0:3:0:1:1:3:3:2:0
0:3:0:1:0:3:4:1:0:,clone,5273.553869795464,0:3:0:1:0:3:4:1:0
0:3:0:1:1:3:4:1:0:,clone,5344.643097044311,0:3:1:1:0:4:4:1:0
0:3:0:1:1:3:3:1:0:,recombination,5345.610185668707,2:4:0:4:4:0:1:0:2,0:3:1:0:0:3:4:1:0
1:4:0:2:2:1:2:1:1:,clone,5013.6057817667715,1:4:1:2:2:1:2:1:1
0:3:1:0:0:4:4:1:0:,clone,4997.623927141301,0:2:1:0:0:4:4:1:0
0:3:1:0:0:4:4:1:0:,clone,4627.023604046972,0:3:1:0:0:4:4:1:0
0:3:1:1:0:3:4:1:0:,recombination,4871.577951023796,1:4:1:1:1:3:3:1:1,0:3:0:1:1:3:3:1:0,MUTATE
0:3:1:1:1:3:3:1:0:,recombination,4642.243651662724,0:3:0:1:1:3:3:1:0,1:4:1:4:3:1:1:0:1,MUTATE
0:2:1:1:0:4:4:1:0:,clone,4755.066365638662,0:3:1:0:0:4:4:1:0
0:3:1:1:0:4:4:1:0:,clone,4730.907669447109,0:3:1:1:0:4:4:1:0
0:2:1:1:0:3:4:1:0:,clone,4756.7290489468,0:2:1:1:0:3:4:1:0
0:3:1:1:0:3:4:1:0:,recombination,4602.585265557129,1:4:1:2:2:2:2:0:1,1:4:0:4:4:2:1:0:1
0:3:1:1:0:4:4:1:0:,clone,4646.678127988244,0:3:1:1:0:4:4:1:0
0:2:1:0:0:4:4:1:0:,clone,4783.159583165361,0:2:1:0:0:4:4:1:0
0:3:0:1:1:3:3:1:0:,recombination,4827.402857828582,0:3:1:1:1:3:3:1:0,1:4:1:2:2:2:3:1:1,MUTATE
0:3:1:0:0:4:4:2:0:,clone,4970.047159369623,0:3:1:0:0:4:4:2:0
0:2:2:0:0:4:4:1:0:,clone,5938.350545161734,0:2:2:0:0:4:4:2:0
0:2:2:0:0:4:4:1:0:,clone,5884.897652504866,0:2:2:0:0:4:4:1:0
1:4:0:3:3:1:2:0:2:,clone,5248.803583312983,1:4:0:3:3:1:2:0:2
1:4:0:2:1:2:3:1:0:,recombination,5198.135749607243,1:4:1:2:2:2:3:1:1,1:4:0:1:1:3:3:1:0,MUTATE
0:2:1:0:0:3:4:2:0:,clone,5168.624135382415,0:2:1:0:0:3:4:2:0
1:4:1:4:4:2:1:0:2:,recombination,6308.8630093456495,1:4:1:3:4:1:1:1:1,1:4:1:4:3:2:2:0:1,MUTATE
0:2:1:0:0:3:4:1:0:,clone,5161.032213655609,0:2:1:0:0:3:4:1:0
1:4:1:1:1:3:4:1:1:,recombination,6320.35043873708,1:4:0:2:1:2:3:1:0,0:4:1:2:2:1:2:0:0
0:4:0:2:1:3:3:1:0:,recombination,5335.411488959911,1:4:1:2:2:3:3:1:1,1:4:1:1:1:3:3:2:0
1:4:0:1:1:3:3:1:1:,clone,5254.751942650513,1:4:0:1:1:3:3:1:1
0:3:2:0:0:4:4:2:0:,clone,5722.25126941934,0:3:2:0:0:4:4:2:0
1:4:0:2:1:2:3:1:1:,clone,4993.361258305815,1:4:0:2:1:2:3:1:1
0:2:2:0:0:4:4:1:0:,recombination,5675.850427805645,1:4:1:4:4:0:1:0:1,0:3:1:1:1:4:4:1:0,MUTATE
0:2:2:0:0:4:4:1:0:,clone,5646.940836274643,0:2:2:0:0:4:4:1:0
0:3:2:0:0:4:4:2:0:,clone,5664.749876633814,0:3:2:0:0:4:4:2:0
0:3:2:0:0:4:4:2:0:,clone,5588.1351694835985,0:3:2:0:0:4:4:2:0
0:2:2:0:0:4:4:2:0:,clone,5376.167591178976,0:2:1:0:0:4:4:2:0
0:3:1:1:1:3:3:2:0:,recombination,5264.302917729281,1:4:1:2:2:3:3:1:0,1:4:0:3:3:2:2:0:1,MUTATE
1:4:1:2:1:4:3:1:1:,recombination,7161.074558254452,2:4:0:3:3:1:1:1:2,0:4:0:2:1:3:3:2:0
1:4:0:2:1:4:3:1:1:,recombination,6007.256404347124,1:4:1:2:1:3:3:1:0,1:4:1:1:1:2:3:1:1
1:4:0:2:1:4:3:1:1:,recombination,5819.292521473282,0:4:1:2:1:3:3:1:0,1:4:1:1:1:2:3:1:1
1:4:1:2:2:2:3:0:1:,recombination,5129.175208686661,0:3:1:1:1:3:3:2:0,0:3:2:1:1:4:4:1:0
0:2:2:0:0:4:4:1:0:,recombination,5638.999001206601,0:3:1:1:1:4:4:1:0,0:4:1:1:0:4:4:2:0,MUTATE
0:2:2:0:0:4:4:1:0:,recombination,5635.02772810098,0:4:1:1:1:4:4:2:0,0:2:2:0:0:4:4:2:0,MUTATE
0:2:2:0:0:4:4:1:0:,recombination,5462.91980168575,0:3:1:1:1:4:3:1:0,0:4:1:1:1:3:3:1:0
0:2:2:0:0:4:4:2:0:,recombination,5287.200623250109,0:3:1:1:1:4:4:1:0,0:4:1:2:2:2:3:1:0
0:3:2:0:0:4:4:1:0:,clone,5666.371905857149,0:3:2:0:0:4:4:1:0
2:4:0:4:4:1:0:0:2:,clone,5100.706491576381,2:4:0:4:4:1:0:0:2
2:4:0:4:4:1:1:0:2:,clone,5203.209661967339,2:4:0:4:4:1:0:0:2
1:4:1:3:3:1:1:0:2:,recombination,4915.739503237815,0:4:1:2:2:2:2:0:0,0:4:1:1:0:4:4:1:0,MUTATE
2:4:1:3:4:1:1:0:2:,clone,5080.377838240987,1:4:1:3:3:1:1:0:2
2:4:0:4:4:2:1:0:2:,clone,5337.667771142265,1:4:0:3:3:2:1:0:2
0:3:2:0:0:4:4:1:0:,recombination,5387.632225851911,0:3:1:1:1:4:3:1:0,1:4:1:3:3:0:2:0:1,MUTATE
0:3:2:0:0:4:4:1:0:,clone,5376.1426479048005,0:3:2:0:0:4:4:1:0
1:4:0:2:1:3:3:1:1:,clone,5209.709602779092,1:4:1:2:1:3:3:1:1
2:4:1:4:4:1:1:0:2:,recombination,4972.407121357429,1:4:1:2:1:3:3:1:1,0:3:1:1:0:4:4:1:0,MUTATE
1:4:0:2:2:3:2:1:1:,recombination,5120.5609415144545,2:4:0:3:3:1:1:0:2,0:3:1:0:0:4:4:1:0,MUTATE
1:4:0:2:1:3:3:1:1:,recombination,4929.493329358993,0:3:0:1:1:3:4:1:0,0:4:1:2:1:3:3:0:0
1:4:0:1:1:3:3:2:0:,recombination,5493.090496005876,0:3:1:0:0:4:4:2:0,1:4:1:2:2:1:3:0:1
1:4:1:2:1:2:3:1:1:,clone,4994.076962609446,1:4:1:2:1:2:3:1:1
0:3:0:1:0:4:4:2:0:,clone,5552.250953141865,0:3:0:1:0:4:4:2:0
1:4:0:3:3:3:2:1:1:,clone,5724.850075565817,1:4:0:3:3:3:2:1:1
1:4:1:1:1:3:3:1:1:,clone,5199.766154940592,1:4:1:1:1:3:3:1:1
1:4:1:2:1:3:3:1:1:,recombination,5116.892866263884,1:4:0:2:1:3:3:1:1,1:4:0:3:3:1:2:1:2,MUTATE
1:4:0:2:1:3:3:1:0:,clone,5240.949830738321,1:4:1:2:1:3:3:1:0
0:4:1:1:1:4:4:2:0:,recombination,5753.573977648575,1:4:0:2:1:3:3:1:1,0:3:1:1:1:4:4:1:0
0:4:0:2:1:3:3:1:0:,recombination,5331.787009809912,0:4:1:3:2:2:2:0:0,0:3:1:1:0:4:4:1:0,MUTATE
1:4:1:2:1:4:3:1:1:,recombination,6622.566455884412,1:4:1:2:1:2:3:1:1,1:4:1:2:2:2:2:1:1,MUTATE
2:4:0:4:4:0:1:0:2:,recombination,5045.100523861399,1:4:1:2:2:3:2:1:1,1:4:1:1:1:2:3:1:1
1:4:0:3:4:0:1:0:2:,clone,4995.340669796895,1:4:0:4:4:0:1:0:2
1:4:0:3:4:1:1:0:1:,recombination,5156.290221848063,0:3:1:1:1:3:3:1:0,1:4:1:2:2:2:2:0:1,MUTATE
0:4:0:2:1:3:3:1:0:,recombination,5263.481750481569,0:4:1:1:0:3:4:1:0,0:2:1:1:0:3:4:1:0,MUTATE
0:4:0:2:1:3:3:1:0:,recombination,5127.052719580455,0:2:1:0:0:4:4:2:0,0:3:1:1:0:3:4:1:0,MUTATE
0:2:1:1:1:3:4:1:0:,clone,5366.652696246507,0:2:1:1:0:4:4:2:0
0:1:1:0:0:4:4:2:0:,clone,5442.4943916693455,0:1:1:0:0:4:4:2:0
1:4:1:1:1:3:4:2:0:,clone,5608.381605226407,1:4:1:1:1:3:4:2:0
0:4:1:2:2:2:3:1:0:,clone,4740.846373463297,0:4:1:2:2:2:3:1:0
1:4:1:1:1:3:4:2:0:,recombination,5557.861923255395,2:4:0:4:4:2:1:0:2,0:3:1:1:1:3:3:1:0
0:4:1:1:1:3:4:2:0:,clone,5557.861923255394,1:4:1:1:1:3:4:2:0
1:4:0:1:1:3:3:1:0:,clone,5049.700534429985,1:4:0:2:1:3:3:1:0
1:4:0:2:1:3:3:1:0:,clone,4983.407684842968,1:4:0:1:1:3:3:1:0
0:4:0:1:1:3:3:1:0:,clone,5214.338869433158,0:3:0:1:1:3:3:1:0
0:3:1:1:1:3:4:1:0:,clone,4956.470293973452,0:3:1:1:1:3:4:1:0
0:2:1:0:0:4:4:2:0:,recombination,4795.096460815951,0:3:1:0:0:4:4:1:0,0:4:1:1:1:3:4:1:0
1:4:1:4:4:0:0:0:1:,recombination,4555.094587705362,2:4:0:3:4:2:1:1:2,0:4:1:2:2:3:2:1:0,MUTATE
0:2:2:0:0:4:4:2:0:,recombination,5258.279005935486,0:3:2:1:0:4:4:2:0,0:2:2:0:0:4:4:1:0,MUTATE
0:3:0:1:1:4:3:1:0:,recombination,5364.408695616923,0:3:1:0:0:4:4:2:0,1:4:0:1:1:3:3:1:1,MUTATE
0:3:0:1:1:4:3:2:0:,recombination,5414.476957008343,1:4:0:1:1:3:3:1:1,1:4:0:3:3:1:2:0:1,MUTATE
1:4:0:3:2:1:2:1:1:,clone,4999.45680535494,1:4:0:3:2:1:2:1:1
1:4:0:3:3:1:2:0:1:,recombination,4826.91345129942,1:4:1:2:2:2:3:1:1,1:4:0:2:2:2:3:1:1,MUTATE
0:4:1:2:2:3:2:1:0:,recombination,5274.441508145948,1:4:0:4:4:2:1:0:1,0:4:1:1:1:3:4:1:0
1:4:0:2:2:1:2:1:1:,clone,4999.45680535494,1:4:0:2:2:1:2:1:1
1:4:0:2:2:1:2:0:1:,recombination,4956.277045274129,1:4:0:2:2:2:3:1:1,1:4:0:2:2:2:3:1:1,MUTATE
1:4:0:2:2:2:3:0:1:,recombination,5567.877555329674,0:2:1:1:0:4:4:2:0,1:4:0:2:2:2:3:1:1
0:2:1:0:0:4:4:1:0:,clone,4771.073269435924,0:2:1:0:0:4:4:2:0
0:3:2:0:0:4:4:2:0:,clone,5500.473997878938,0:2:1:0:0:4:4:2:0
1:4:1:4:4:0:0:0:2:,recombination,4413.65879038927,0:4:1:2:2:2:3:0:0,0:3:1:2:2:2:2:1:0
1:4:0:3:4:0:0:0:2:,clone,4545.580020874496,1:4:0:4:4:0:0:0:2
2:4:0:4:4:1:1:0:2:,clone,5111.698425179536,2:4:0:4:4:1:1:0:2
1:4:0:3:3:0:1:0:2:,clone,4535.882813805841,1:4:0:3:4:0:0:0:2
1:4:0:2:2:1:2:0:1:,recombination,4914.938325814765,1:4:1:3:2:1:2:0:1,0:4:1:2:2:2:2:0:0
0:3:2:0:0:4:4:2:0:,clone,5456.990168792491,0:3:2:0:0:4:4:2:0
1:4:0:3:4:0:1:0:2:,clone,4711.1238760967635,1:4:0:3:4:0:1:0:2
1:4:0:3:3:1:1:0:2:,clone,4871.613199651823,1:4:0:3:3:1:1:0:2
1:4:0:3:3:1:1:0:2:,recombination,4841.943400189055,2:4:0:4:4:1:1:0:2,0:3:1:2:2:2:2:1:0,MUTATE
1:4:1:3:3:2:2:0:2:,recombination,5431.900586951074,2:4:1:3:4:1:1:0:2,1:4:1:3:3:2:2:1:1
1:4:1:2:1:3:3:1:1:,recombination,5050.198022014824,0:2:1:2:1:3:3:1:0,1:4:1:3:3:1:1:0:1,MUTATE
1:4:1:1:1:3:3:2:0:,clone,5624.40107361508,1:4:1:1:1:3:3:2:0
0:2:2:0:0:4:4:2:0:,recombination,5250.991615985619,0:3:2:0:0:4:4:1:0,0:3:0:2:1:4:3:1:0,MUTATE
1:4:0:2:2:3:3:1:1:,recombination,5194.81872457375,1:4:1:2:1:2:3:1:1,0:3:1:1:1:3:3:2:0,MUTATE
1:4:0:4:4:0:0:0:1:,clone,4671.381450106877,1:4:0:4:4:0:0:0:1
1:4:0:3:3:1:1:0:2:,recombination,4808.59604688662,1:4:0:2:2:3:3:1:0,2:4:0:3:3:1:1:0:2,MUTATE
1:4:1:3:3:1:1:0:1:,recombination,4429.79559619387,1:4:1:2:2:1:2:1:1,0:3:0:1:1:3:4:1:0
1:4:0:3:2:3:2:0:1:,recombination,5833.768192321908,1:4:1:3:3:2:1:0:1,0:2:1:0:0:4:4:2:0,MUTATE
1:4:1:4:4:1:1:0:1:,recombination,4918.04368396418,2:4:0:3:3:1:1:0:2,1:4:1:3:2:2:2:0:1
1:4:1:1:1:3:3:2:0:,recombination,5561.9316153391255,0:3:1:1:0:4:4:1:0,0:3:1:2:2:3:3:1:0,MUTATE
1:4:1:3:4:1:1:0:2:,clone,5335.584557371575,1:4:1:3:4:1:1:0:2
1:4:1:3:4:1:1:0:2:,clone,5201.922294173287,1:4:1:3:4:1:1:0:2
1:4:1:4:4:0:1:0:2:,clone,4914.030773301682,2:4:1:4:4:0:0:0:2
0:4:1:1:0:4:4:1:0:,recombination,5552.9924814673,0:3:1:1:1:3:4:1:0,0:4:1:1:1:3:4:1:0
1:4:1:1:1:3:3:1:1:,clone,5092.137837800766,1:4:1:1:1:3:3:1:1
1:4:1:1:1:3:3:1:1:,recombination,5090.057885132208,0:2:1:1:0:4:4:1:0,1:4:1:3:3:1:1:0:1,MUTATE
0:2:2:0:0:4:4:2:0:,recombination,5141.14148048708,0:2:2:0:0:4:4:2:0,0:3:2:0:0:4:4:1:0,MUTATE
2:4:1:4:4:0:0:0:2:,recombination,4716.266290145419,1:4:1:2:2:2:2:1:1,0:3:0:1:1:3:3:1:0,MUTATE
0:4:1:3:2:2:2:1:0:,recombination,5625.419618294143,1:4:1:1:1:3:4:1:1,1:4:1:2:2:2:2:1:1,MUTATE
0:2:2:0:0:4:4:1:0:,clone,5412.711891787949,0:2:2:0:0:4:4:1:0
2:4:0:4:4:1:0:0:2:,clone,4981.71344102585,2:4:0:4:4:1:0:0:2
1:4:0:3:3:1:1:0:1:,clone,4457.072878325474,1:4:1:3:3:1:1:0:1
1:4:0:2:2:1:2:0:1:,clone,4686.338624904514,1:4:1:2:2:1:2:0:1
1:4:0:3:3:2:1:0:1:,recombination,4441.895890374028,0:3:1:2:1:3:3:1:0,0:3:0:1:1:3:3:1:0,MUTATE
1:4:1:3:3:1:2:0:1:,clone,4730.737094550624,1:4:0:3:3:1:1:0:1
1:4:1:3:4:0:0:0:1:,clone,4512.643004752887,2:4:0:4:4:1:0:0:2
1:4:1:3:4:0:0:0:1:,recombination,4402.42948234821,0:3:1:1:1:3:3:2:0,1:4:1:1:1:3:3:1:1
0:4:1:2:1:3:3:0:0:,recombination,5487.511441591295,1:4:1:3:3:3:2:1:1,0:2:1:2:1:3:3:1:0,MUTATE
1:4:1:3:3:2:1:0:1:,clone,4630.301937068314,1:4:1:3:3:2:1:0:1
1:4:1:3:3:1:1:0:1:,recombination,4275.320272433192,1:4:0:2:2:3:3:1:1,1:4:0:3:3:2:1:0:1,MUTATE
0:1:1:0:0:4:4:2:0:,clone,5338.594923648558,0:1:1:0:0:4:4:2:0
2:4:0:4:4:0:0:0:3:,clone,5035.506504488878,2:4:0:4:4:0:0:0:3
2:4:1:3:3:0:1:0:2:,clone,5116.633282941828,2:4:1:3:3:0:1:0:2
1:4:1:3:3:1:2:0:2:,recombination,5420.601076323355,1:4:1:1:1:2:3:1:1,1:4:1:4:4:0:1:0:1,MUTATE
2:4:0:4:4:1:1:0:2:,clone,5042.097709007768,2:4:0:4:4:1:1:0:2
2:4:0:3:3:2:1:1:2:,clone,5668.375827328589,2:4:0:3:3:2:1:1:2
1:4:0:2:1:4:3:2:0:,clone,5844.826673696756,1:4:0:2:1:4:3:2:0
0:2:2:0:0:4:4:1:0:,clone,5342.5800116557375,0:2:2:0:0:4:4:1:0
0:2:2:0:0:4:4:1:0:,recombination,5321.4157109246225,2:4:1:4:4:1:1:0:2,0:3:1:1:1:4:4:1:0,MUTATE
0:3:0:1:1:4:4:2:0:,recombination,5435.700451400647,1:4:0:2:2:3:3:1:1,0:3:1:1:0:3:4:1:0,MUTATE
1:4:0:3:3:2:1:0:2:,recombination,5309.603539864004,0:3:1:1:1:3:3:1:0,0:3:1:1:0:4:4:2:0
1:4:1:2:1:2:3:1:1:,clone,4790.070979830802,1:4:1:2:1:2:3:1:1
1:4:1:2:2:2:3:1:1:,clone,4755.369513433317,1:4:1:2:1:2:3:1:1
1:4:0:2:2:2:3:0:1:,clone,5332.488728458943,1:4:0:2:2:2:3:0:1
1:4:1:2:2:1:3:1:1:,clone,5042.4305153272435,1:4:1:2:2:1:3:1:1
1:4:0:1:1:2:3:1:0:,clone,5440.410390303888,1:4:0:1:1:2:3:1:0
0:2:1:0:0:3:4:2:0:,recombination,5066.397116679537,1:4:1:3:3:1:1:0:1,1:4:1:2:2:2:2:1:1,MUTATE
0:3:1:0:0:3:4:1:0:,clone,5029.826953188511,0:3:1:0:0:3:4:1:0
1:4:1:2:2:2:2:1:1:,clone,4660.073286526396,1:4:1:2:2:2:2:1:1
0:4:1:1:1:3:3:2:0:,clone,5304.441363711793,0:4:1:1:1:3:3:2:0
0:2:1:1:0:3:4:2:0:,clone,4889.465278227593,0:2:1:1:0:3:4:2:0
0:2:1:0:0:3:4:2:0:,clone,4791.877380907744,0:2:1:1:0:3:4:2:0
1:4:1:3:3:1:2:0:2:,clone,5387.576468956664,1:4:1:3:3:1:2:0:2
0:3:1:2:2:3:2:1:0:,recombination,5314.259182736063,1:4:1:1:1:3:3:2:0,0:2:1:1:1:4:4:2:0
0:3:1:1:1:3:3:2:0:,recombination,5019.498118270558,0:3:1:1:1:3:3:1:0,1:4:1:1:1:3:3:1:0,MUTATE
0:3:1:1:1:4:3:2:0:,recombination,5274.709984981339,1:4:0:4:4:0:0:0:1,1:4:0:4:4:2:1:1:1
1:4:1:4:4:1:0:0:2:,recombination,4957.189902698994,1:4:1:2:2:2:2:0:1,0:3:1:1:1:4:3:1:0
1:4:1:4:4:1:1:0:2:,clone,4919.241872262294,1:4:1:4:4:1:1:0:2
0:2:1:1:0:4:4:2:0:,clone,4834.636859464369,0:2:1:1:0:4:4:2:0
0:2:1:1:1:4:4:1:0:,recombination,5560.032719265362,0:3:1:2:2:1:2:0:0,0:2:1:1:0:4:4:1:0
1:4:1:1:1:3:3:1:1:,clone,5068.951922753813,1:4:1:1:1:3:3:1:0
0:4:2:1:1:3:4:1:0:,recombination,5927.680014672549,0:2:2:0:0:4:4:1:0,0:4:1:1:1:4:4:1:0,MUTATE
0:3:1:1:1:3:4:1:0:,recombination,4893.753731100873,1:4:1:4:4:1:0:0:2,0:4:2:1:1:4:4:1:0,MUTATE
0:3:2:1:0:3:4:1:0:,recombination,5530.113181283394,1:4:1:2:1:3:3:1:0,0:3:2:0:0:4:4:1:0
0:3:1:0:0:4:4:2:0:,clone,4834.8470230846715,0:3:1:0:0:4:4:2:0
0:3:2:1:0:4:4:1:0:,clone,5681.059318090774,0:3:2:1:0:4:4:1:0
0:3:2:1:0:4:4:2:0:,clone,5894.567380181683,0:3:2:1:0:4:4:1:0
1:4:0:3:3:2:2:0:2:,recombination,5660.448476489247,1:4:1:3:2:2:2:1:1,0:3:1:2:1:3:3:1:0
1:4:1:3:3:1:2:0:2:,clone,5272.768232711621,1:4:1:3:3:1:2:0:2
1:4:1:4:4:0:0:0:2:,recombination,4348.945786264106,0:2:2:0:0:4:4:2:0,1:4:1:3:3:1:2:0:2
2:4:1:4:4:0:0:0:2:,clone,4668.000653565619,2:4:1:4:4:0:0:0:2
1:4:1:3:4:1:1:0:2:,clone,5123.704702927438,1:4:1:3:4:1:1:0:2
1:4:0:2:2:2:3:1:1:,recombination,4987.099126915462,0:3:1:2:1:2:3:1:0,1:4:1:3:3:1:2:1:1,MUTATE
0:2:1:0:0:4:4:2:0:,clone,4746.633385568722,0:2:1:0:0:4:4:2:0
0:2:1:0:0:4:4:2:0:,recombination,4746.633385568721,0:3:1:1:1:4:3:2:0,0:2:1:0:0:4:4:2:0,MUTATE
0:3:2:0:0:4:4:2:0:,recombination,5288.321537183579,0:4:1:1:0:4:4:2:0,0:3:2:1:0:3:4:1:0,MUTATE
0:2:1:1:1:4:4:1:0:,clone,5449.879675927507,0:3:1:1:1:4:4:1:0
0:3:1:0:0:3:4:2:0:,clone,5176.765525170961,0:3:1:0:0:3:4:2:0
1:4:0:4:4:0:1:0:2:,clone,4898.601266063031,2:4:0:4:4:0:0:0:2
0:3:1:2:2:2:3:1:0:,recombination,4962.452924953888,1:4:0:2:2:2:3:1:1,1:4:0:3:3:1:2:1:1,MUTATE
1:4:1:3:3:2:2:1:1:,recombination,5005.942884485992,1:4:0:3:3:0:1:0:1,1:4:0:3:3:1:2:1:1,MUTATE
1:4:0:2:2:2:2:1:1:,recombination,4647.654758944675,1:4:0:2:2:2:3:1:1,1:4:0:2:1:2:3:1:1
1:4:1:3:3:0:1:0:2:,recombination,4925.990115074589,2:4:0:3:4:0:1:0:2,1:4:0:3:3:2:2:0:1
1:4:0:2:2:2:2:1:1:,clone,4534.761571324382,1:4:0:2:2:2:2:1:1
1:4:1:2:2:2:2:1:0:,recombination,4466.021115793124,0:3:1:1:1:4:3:1:0,1:4:0:2:2:2:2:1:1
0:3:1:2:1:3:3:1:0:,clone,4960.505495688998,0:3:1:2:2:2:3:1:0
1:4:1:2:2:2:2:1:0:,clone,4441.545121141941,1:4:1:2:2:2:2:1:0
0:4:1:2:1:2:3:1:0:,recombination,4602.969847789521,0:3:1:1:1:3:4:1:0,1:4:0:2:2:2:3:1:1,MUTATE
0:4:1:2:2:2:2:1:0:,recombination,4370.472157009378,1:4:1:2:2:2:2:1:0,1:4:1:2:2:2:2:1:0,MUTATE
0:3:1:1:1:2:3:1:0:,recombination,4742.915896422122,1:4:1:3:4:0:0:0:1,1:4:1:3:3:2:2:1:1
0:3:1:1:1:2:3:0:0:,clone,4573.795413062887,0:3:1:2:2:2:2:0:0
1:4:0:2:2:2:2:1:0:,clone,4718.6708750080825,1:4:0:2:2:2:2:1:0
1:4:0:4:4:0:1:0:1:,clone,5004.671073822794,1:4:0:4:4:0:1:0:1
0:4:0:2:2:3:3:1:0:,recombination,5198.46053177469,0:4:1:3:2:3:3:0:0,1:4:0:2:2:2:2:1:1,MUTATE
0:3:1:2:1:2:3:1:0:,clone,4742.7313733557385,0:3:1:1:1:3:3:1:0
1:4:0:3:4:0:1:0:1:,recombination,4881.358643127936,0:3:1:1:0:4:4:2:0,1:4:0:2:2:2:2:1:1
1:4:1:2:2:2:3:0:1:,recombination,4980.902072583694,1:4:0:2:2:2:3:1:1,0:3:1:0:0:4:4:1:0,MUTATE
1:4:0:3:2:2:2:0:1:,clone,5152.928570088571,1:4:0:3:3:2:2:0:1
0:4:1:1:1:3:3:1:0:,clone,4911.086443921874,0:4:1:1:1:3:3:1:0
0:1:1:0:0:4:4:2:0:,clone,5337.157781616007,0:1:1:0:0:4:4:2:0
1:4:0:4:4:2:1:0:2:,recombination,5430.759916053731,1:4:1:2:1:4:3:1:0,0:4:0:2:1:3:3:1:0
0:3:1:2:2:2:2:1:0:,clone,4852.581371340271,0:4:1:2:2:3:2:1:0
0:4:1:2:2:3:2:1:0:,clone,5178.870235388949,0:4:1:2:2:3:2:1:0
0:4:0:2:2:2:2:1:0:,clone,4974.337841213922,0:4:0:2:2:2:2:1:0
0:2:0:1:1:3:3:1:0:,recombination,4725.92469688728,0:4:1:2:1:2:3:1:0,0:3:1:1:1:3:3:1:0,MUTATE
1:4:1:3:3:2:1:0:2:,recombination,5477.073271416941,0:4:1:1:1:3:3:2:0,1:4:0:4:4:0:0:0:1,MUTATE
2:4:0:4:4:1:1:0:2:,clone,5013.884241491539,2:4:0:4:4:0:0:0:2
0:4:1:2:1:3:3:1:0:,clone,4904.387790629539,0:4:1:2:1:3:3:1:0
0:3:0:1:0:4:4:2:0:,clone,5374.061532823986,0:3:1:1:0:4:4:2:0
0:4:1:0:0:4:4:2:0:,recombination,5884.1666791673515,0:4:1:2:1:3:3:1:0,1:4:0:2:2:2:3:1:1
2:4:1:4:4:0:1:0:2:,recombination,4962.23679133875,0:4:1:1:1:2:3:1:0,0:2:2:0:0:4:4:1:0
1:4:1:3:3:1:2:1:1:,clone,4897.5344979975125,1:4:1:3:3:1:2:0:1
2:4:1:3:3:1:1:0:2:,clone,5055.837332768599,2:4:1:3:3:1:1:0:2
1:4:1:3:3:2:2:1:1:,clone,4862.292258398831,1:4:1:2:2:2:2:1:1
1:4:1:3:2:2:2:1:1:,clone,4954.168540416209,1:4:1:2:2:2:2:1:1
1:4:1:2:1:2:3:1:1:,recombination,4580.306630977263,0:3:1:1:1:4:4:2:0,1:4:1:4:4:1:0:0:2,MUTATE
1:4:1:2:2:2:2:1:1:,recombination,4607.882476183809,1:4:1:4:4:1:1:0:1,1:4:1:2:2:2:2:1:1
1:4:1:2:2:3:3:1:1:,clone,4840.8978107798375,1:4:1:2:2:3:3:1:1
0:4:1:1:0:3:4:1:0:,clone,5105.721196219437,0:4:1:1:0:3:4:1:0
0:4:1:1:0:4:4:1:0:,recombination,5312.543032251134,0:3:2:0:0:4:4:2:0,0:3:2:0:0:4:4:2:0,MUTATE
0:3:1:0:0:3:4:2:0:,recombination,5165.302032724221,1:4:0:2:1:2:3:1:0,1:4:1:1:1:4:3:1:0,MUTATE
1:4:1:1:1:3:4:1:1:,recombination,5972.435417016171,0:4:0:2:2:2:3:1:0,1:4:1:3:3:1:1:0:2,MUTATE
1:4:1:2:2:3:2:1:0:,clone,5338.180887798174,1:4:1:2:2:3:3:1:0
1:4:1:2:2:3:2:1:1:,recombination,5036.144638343094,0:2:1:0:0:3:4:2:0,0:3:1:2:1:4:3:1:0,MUTATE
1:4:1:2:1:3:3:2:0:,recombination,5744.282306702438,0:3:2:0:0:4:4:2:0,1:4:1:2:1:3:3:1:1
0:4:1:1:1:2:4:1:0:,recombination,5654.854297059575,1:4:0:2:2:1:2:1:1,1:4:1:1:1:4:3:2:0
0:3:2:0:0:4:4:2:0:,clone,5273.043325845956,0:3:2:0:0:4:4:2:0
