1:4:1:2:2:3:3:0:1:,initialisation,6196.27652123666,
1:4:0:3:3:2:2:1:1:,initialisation,5611.1368516105085,
1:4:1:3:3:1:1:0:1:,initialisation,4707.817509978044,
0:3:1:1:1:3:3:1:0:,initialisation,5120.01976148261,
0:4:1:2:2:3:3:0:0:,initialisation,6314.561883315326,
1:4:0:3:3:1:1:0:1:,initialisation,5461.588281740272,
1:4:0:3:3:2:2:0:1:,initialisation,6218.369985326316,
0:4:1:2:1:3:3:1:0:,initialisation,5442.4635708400265,
1:4:0:2:2:2:2:1:1:,initialisation,5999.69570437039,
0:4:1:2:2:2:2:0:0:,initialisation,5476.013054712491,
1:4:1:2:2:2:2:1:1:,initialisation,5143.364840227086,
1:4:1:2:2:1:2:0:1:,initialisation,5317.974021026425,
1:4:0:3:3:2:2:1:1:,initialisation,5611.136851610508,
1:4:1:2:2:2:3:1:1:,initialisation,6001.557143642191,
0:4:1:2:2:2:3:0:0:,initialisation,5677.8535828771055,
0:4:1:2:2:3:3:1:0:,initialisation,6289.572366358662,
1:4:0:2:2:2:2:1:1:,initialisation,5774.554492952495,
1:4:0:2:2:2:2:1:1:,initialisation,5744.257167568825,
1:4:1:3:3:2:2:0:1:,initialisation,5403.425123538982,
1:4:1:3:3:2:2:1:1:,initialisation,5962.845250427593,
1:4:1:3:2:1:2:0:1:,initialisation,5213.4549850139865,
1:4:1:3:3:1:2:0:1:,initialisation,5140.858940016104,
1:4:1:2:2:3:3:1:1:,initialisation,6211.374709198832,
1:4:0:3:3:1:2:1:1:,initialisation,5280.925346525324,
1:4:0:4:4:1:1:0:1:,initialisation,5735.536170158955,
1:4:1:2:1:3:3:1:0:,initialisation,6185.812469522041,
1:4:0:2:2:2:2:1:1:,initialisation,5611.1368516105085,
0:4:1:1:1:3:3:1:0:,initialisation,6427.842596329977,
1:4:1:2:2:3:3:1:0:,initialisation,6470.579244249027,
1:4:0:4:4:0:1:0:2:,initialisation,4875.343112536424,
1:4:1:2:2:2:3:1:1:,initialisation,5107.672947954388,
1:4:1:2:1:2:3:1:0:,initialisation,5365.335457981651,
1:4:0:3:3:1:2:0:1:,initialisation,5665.233539537115,
1:4:0:3:3:1:1:0:1:,initialisation,5270.633834408227,
1:4:1:2:2:2:2:0:1:,initialisation,5463.02153648229,
0:4:1:1:1:2:3:1:0:,initialisation,5391.935586990026,
1:4:0:3:3:1:1:0:1:,initialisation,5219.057667555681,
1:4:0:3:3:1:1:0:1:,initialisation,5139.247918918395,
1:4:0:2:2:3:2:1:1:,initialisation,5611.1368516105085,
0:4:1:2:2:2:3:1:0:,initialisation,5562.1750344605025,
0:4:1:2:2:2:2:1:0:,initialisation,5217.540381156497,
0:4:1:3:3:2:2:0:0:,initialisation,5503.052221218335,
1:4:1:3:3:2:1:0:1:,initialisation,5052.699792527094,
0:4:1:1:1:3:3:1:0:,initialisation,5623.8707115683665,
1:4:1:2:1:3:3:1:1:,initialisation,6060.8949060205,
1:4:0:3:3:2:2:0:1:,initialisation,5673.493016888347,
0:4:1:3:3:1:1:0:0:,initialisation,5046.726118399067,
1:4:0:3:3:2:2:1:1:,initialisation,5610.78811019264,
1:4:0:2:2:1:2:0:1:,initialisation,5291.742724992236,
1:4:0:2:2:2:3:0:1:,initialisation,6146.849622810661,
1:4:1:2:2:2:3:0:1:,initialisation,6613.9123921368355,
2:4:0:3:3:2:1:0:2:,initialisation,5611.1368516105085,
1:4:0:3:3:2:1:0:1:,initialisation,5819.547585313743,
0:4:1:2:1:3:3:0:0:,initialisation,6451.844106029445,
0:4:1:2:2:2:2:0:0:,initialisation,5459.82040015841,
1:4:0:2:2:1:2:1:1:,initialisation,4806.796228475598,
1:4:1:2:2:3:3:1:1:,initialisation,6008.544606285257,
0:4:1:2:2:3:3:1:0:,initialisation,5919.300464304511,
0:4:1:3:3:1:2:0:0:,initialisation,5284.202703111044,
1:4:0:2:2:2:2:0:1:,initialisation,5624.1175437164175,
1:4:0:3:3:1:2:0:1:,initialisation,5206.209864719588,
1:4:1:2:2:2:2:1:1:,initialisation,5097.608231432398,
1:4:0:3:2:2:2:1:1:,initialisation,5465.781941404853,
0:4:1:3:3:1:2:0:0:,initialisation,5191.47964094389,
1:4:1:2:2:2:3:1:0:,initialisation,5641.6036799328895,
1:4:1:3:2:1:2:0:1:,initialisation,5085.255270273443,
1:4:1:2:1:3:3:1:1:,initialisation,5809.128939339,
1:4:1:3:3:1:2:0:1:,initialisation,5018.515609190985,
1:4:1:3:2:2:2:0:1:,initialisation,6157.333073334302,
1:4:1:3:2:2:2:0:1:,initialisation,5257.0599599768475,
1:4:1:2:1:3:3:1:0:,initialisation,6063.671082904838,
1:4:1:3:3:2:2:0:1:,initialisation,5283.792856135716,
1:4:0:2:2:2:2:1:1:,initialisation,5381.614407795297,
1:4:0:4:4:1:1:0:1:,initialisation,5373.019116060893,
1:4:1:3:4:0:1:0:1:,initialisation,4851.960831104259,
1:4:0:3:3:2:2:0:1:,initialisation,5665.004484173766,
1:4:1:2:2:2:3:1:0:,initialisation,5302.696911018795,
1:4:1:2:1:2:3:1:1:,initialisation,5492.684626878327,
1:4:1:3:3:2:2:1:1:,initialisation,5363.902436336999,
1:4:0:2:2:2:3:1:1:,initialisation,5611.1368516105085,
1:4:0:2:2:2:2:1:1:,initialisation,5273.778173492931,
1:4:0:2:2:2:2:1:1:,initialisation,4949.037924685586,
1:4:0:3:3:2:1:1:1:,initialisation,5611.13685161051,
1:4:1:2:2:2:2:0:1:,initialisation,5226.641122204731,
1:4:0:3:2:3:2:1:1:,initialisation,5765.013680808412,
1:4:1:2:2:3:2:1:1:,initialisation,5714.2402709134985,
0:4:1:1:1:3:3:0:0:,initialisation,6181.552371211121,
1:4:0:2:2:3:3:1:1:,initialisation,5922.039600138054,
1:4:0:3:3:2:1:0:1:,initialisation,5444.096979586451,
1:4:1:2:2:3:3:1:0:,initialisation,6151.735237086332,
0:4:1:2:2:2:3:1:0:,initialisation,5164.084932955155,
0:2:1:0:0:4:4:2:0:,initialisation,5611.136851610508,
1:4:0:3:3:2:2:1:1:,initialisation,5591.78905666686,
1:4:1:2:2:2:2:0:1:,initialisation,5207.398063003401,
1:4:0:3:3:2:2:0:1:,initialisation,5395.2837362557775,
0:4:1:2:2:2:2:0:0:,initialisation,5375.814674326829,
1:4:1:3:3:2:2:0:1:,initialisation,5255.2058760812815,
1:4:0:2:1:3:3:1:0:,initialisation,4895.672056293283,
0:4:1:4:4:0:0:0:1:,initialisation,4371.950684497758,
0:4:1:1:1:3:3:1:0:,initialisation,5592.239153737402,
1:4:1:2:1:2:3:1:0:,initialisation,5147.3400795881125,
1:4:1:2:1:3:3:1:1:,initialisation,5481.5894264714625,
0:3:1:1:1:3:4:1:0:,initialisation,5578.472165802051,
1:4:1:2:2:3:3:1:1:,initialisation,5579.599895728023,
0:4:1:2:1:2:3:0:0:,initialisation,5340.94601004653,
0:4:1:2:2:3:3:1:0:,initialisation,5834.96017827034,
1:4:0:2:1:3:3:1:1:,initialisation,5867.0066603070345,
1:4:0:3:4:1:1:0:1:,initialisation,5410.6217704733435,
1:4:0:3:3:1:1:0:1:,initialisation,4762.817082007099,
1:4:0:2:2:3:3:1:1:,initialisation,5687.9661241753965,
0:4:1:2:1:3:3:1:0:,initialisation,5237.401093407413,
1:4:1:3:4:1:1:0:1:,initialisation,4986.621118253017,
1:4:0:2:2:3:2:1:1:,initialisation,5611.136851610508,
1:4:0:2:1:2:3:1:1:,initialisation,5533.083070080828,
0:4:1:1:1:3:3:1:0:,initialisation,5484.684128565404,
1:4:0:3:3:2:2:1:2:,initialisation,5611.1368516105085,
0:4:1:3:2:2:2:0:0:,initialisation,5899.902480022822,
1:4:1:2:2:2:2:0:1:,initialisation,5000.486044872128,
0:3:1:2:2:2:2:0:0:,initialisation,5717.445354168572,
1:4:1:3:2:2:2:1:1:,initialisation,5615.15561018911,
1:4:1:2:2:2:2:1:1:,initialisation,4904.581601551513,
1:4:1:3:2:1:2:0:1:,initialisation,4911.664153415434,
1:4:1:2:2:2:3:0:1:,initialisation,5798.586679770313,
1:4:0:4:4:1:1:0:1:,initialisation,5159.325983136544,
0:4:0:2:2:3:2:1:0:,initialisation,5224.8482265736675,
0:4:1:3:3:1:2:0:0:,initialisation,4908.735331336256,
1:4:0:3:3:2:2:0:1:,initialisation,5297.754343586295,
0:4:1:2:1:3:3:0:0:,initialisation,5682.66553344993,
1:4:1:3:2:2:2:1:1:,initialisation,5399.576097054718,
1:4:0:2:2:3:2:1:1:,initialisation,5611.136851610507,
1:4:0:3:2:2:2:0:1:,initialisation,5712.175536735919,
2:4:0:3:3:1:2:0:2:,initialisation,5611.1368516105085,
1:4:1:3:3:2:2:0:1:,initialisation,4821.478421816396,
1:4:1:3:3:3:2:0:1:,initialisation,6349.127057654053,
1:4:0:2:2:3:3:1:1:,initialisation,5611.136851610509,
1:4:0:3:2:3:2:1:1:,initialisation,5611.136851610508,
0:4:1:2:2:2:2:0:0:,initialisation,5124.177975149369,
1:4:1:3:2:2:2:1:1:,initialisation,5283.512613549135,
0:4:1:3:3:2:2:0:0:,initialisation,5428.911235055637,
1:4:0:3:3:2:2:1:1:,initialisation,5548.254588145645,
0:4:1:3:3:0:1:0:0:,initialisation,4350.222392976626,
0:4:1:1:1:4:3:1:0:,initialisation,5756.40036800451,
1:4:0:3:3:2:1:0:1:,initialisation,5347.993432684764,
1:4:1:2:2:3:3:1:1:,initialisation,5563.17717780649,
1:4:1:3:2:3:2:1:1:,initialisation,5997.185148672891,
0:3:1:1:1:3:4:0:0:,initialisation,6621.700456487216,
0:4:1:2:2:2:2:1:0:,initialisation,5191.131075861211,
1:4:0:4:4:1:1:0:2:,initialisation,5021.8492077331575,
1:4:1:2:2:2:3:0:1:,initialisation,4897.0550911733635,
1:4:1:2:2:3:3:1:0:,initialisation,5716.171620574002,
1:4:1:1:1:3:3:1:0:,initialisation,5228.229198398788,
1:4:0:2:2:3:3:1:0:,initialisation,5784.936464427891,
1:4:0:3:3:1:1:0:2:,initialisation,5144.511632845173,
1:4:1:2:2:3:3:1:0:,initialisation,5470.363054577018,
1:4:1:2:1:3:3:1:0:,initialisation,5712.602145922781,
1:4:1:3:3:1:2:0:1:,initialisation,4741.842557370033,
1:4:0:2:2:3:3:1:1:,initialisation,5611.136851610508,
1:4:1:2:2:2:2:1:0:,initialisation,5317.340644014518,
1:4:0:3:3:1:1:0:1:,initialisation,4749.858437272375,
1:4:0:4:4:0:0:0:2:,initialisation,5354.940736628669,
1:4:0:2:2:2:3:1:1:,initialisation,5611.136851610508,
0:4:1:1:1:3:3:1:0:,initialisation,5474.167495940469,
2:4:0:4:4:0:0:0:2:,initialisation,5410.369246950902,
0:4:1:2:2:1:2:0:0:,initialisation,5033.904997004811,
2:4:0:4:4:1:1:0:2:,initialisation,5611.1368516105085,
1:4:0:3:3:2:2:1:1:,initialisation,5375.68827261533,
1:4:1:2:2:3:3:1:0:,initialisation,5436.4694482331515,
1:4:1:3:2:2:2:0:1:,initialisation,5100.4216822143835,
1:4:0:2:2:2:3:1:1:,initialisation,5588.696771621822,
0:4:1:2:2:1:2:0:0:,initialisation,4281.907294908337,
1:4:0:2:2:2:3:1:1:,initialisation,5549.561588723291,
1:4:1:3:3:2:1:0:1:,initialisation,4870.03426657322,
1:4:1:2:2:3:2:1:1:,initialisation,5389.813554376427,
1:4:0:2:2:3:2:1:1:,initialisation,5340.737575593997,
0:4:1:2:2:2:3:0:0:,initialisation,5299.852761319001,
0:4:1:3:2:2:2:0:0:,initialisation,5697.709196535611,
1:4:1:3:2:3:2:0:1:,initialisation,6237.164289434291,
1:4:0:3:4:1:1:0:1:,initialisation,5239.400953152493,
1:4:1:2:2:3:3:0:1:,initialisation,5832.067754562643,
0:4:1:2:2:0:1:0:0:,initialisation,4211.256375872707,
1:4:0:2:2:2:2:0:1:,initialisation,5086.526234982614,
1:4:0:4:4:1:1:0:1:,initialisation,4993.78073203381,
2:4:0:4:4:0:1:0:2:,initialisation,5611.136851610509,
1:4:1:3:3:1:1:0:1:,initialisation,4646.941658734789,
1:4:1:2:2:2:3:1:1:,initialisation,4990.966517161021,
1:4:0:3:3:2:2:1:1:,initialisation,5351.965707280274,
1:4:1:2:2:1:2:0:1:,initialisation,5056.625302800124,
1:4:1:2:2:3:2:1:1:,initialisation,5377.323791697467,
1:4:1:2:2:3:2:1:1:,initialisation,5163.471567323088,
1:4:1:2:1:3:3:1:0:,initialisation,5507.203335162931,
1:4:1:3:2:2:2:0:1:,initialisation,4906.364938300269,
1:4:0:3:3:2:2:1:1:,initialisation,5302.964119765985,
1:4:0:2:2:2:3:1:1:,initialisation,5507.7393959842875,
1:4:1:2:2:2:2:1:1:,initialisation,4797.676673151076,
0:3:1:2:2:2:3:1:0:,initialisation,5084.090560563092,
1:4:0:3:3:2:1:0:1:,initialisation,5136.588986582118,
1:4:0:3:3:2:1:0:1:,initialisation,5089.783752571209,
0:4:1:2:1:2:3:1:0:,initialisation,5857.425811524825,
0:4:1:1:1:3:3:1:0:,initialisation,5287.083283142351,
1:4:0:3:2:2:2:1:1:,initialisation,5363.135317894914,
2:4:0:3:3:1:1:0:2:,initialisation,5611.1368516105085,
0:4:1:3:2:2:2:1:0:,initialisation,5851.407740791063,
1:4:0:3:2:2:2:0:1:,initialisation,5670.474676845548,
1:4:1:2:2:1:2:0:1:,initialisation,4901.178998065497,
1:4:0:4:4:2:1:0:1:,initialisation,6134.753822724656,
1:4:0:3:3:2:2:1:1:,initialisation,5161.000770224847,
0:4:1:2:2:2:3:1:0:,initialisation,5042.301913080944,
1:4:1:3:2:3:2:1:1:,initialisation,5451.918893178218,
1:4:0:3:3:2:2:0:1:,initialisation,5193.2312744580195,
0:4:1:3:2:1:2:0:0:,initialisation,5042.696657843276,
0:4:1:3:3:2:2:1:0:,initialisation,5391.314438289667,
1:4:1:3:3:0:0:0:1:,initialisation,4540.828090512838,
1:4:1:4:4:1:1:0:1:,initialisation,5569.259981230802,
0:3:1:2:2:3:3:0:0:,initialisation,5578.573255045378,
0:4:1:2:2:3:3:1:0:,initialisation,5378.442924788898,
1:4:1:2:2:3:2:1:0:,initialisation,5262.975522707422,
0:4:1:2:1:3:3:0:0:,initialisation,5530.619817167591,
0:4:1:2:1:2:3:1:0:,initialisation,5795.566088719036,
1:4:0:3:3:1:2:0:1:,initialisation,5088.765131918585,
0:4:1:2:2:3:3:0:0:,initialisation,5998.123048833089,
1:4:0:2:2:1:2:0:1:,initialisation,4780.68619588505,
1:4:0:2:1:3:3:1:1:,initialisation,5699.282859112902,
1:4:0:2:2:2:2:1:0:,initialisation,5411.387218461258,
1:4:0:3:3:1:1:1:1:,initialisation,5510.578552450493,
1:4:0:3:2:2:2:0:1:,initialisation,5591.828669474977,
1:4:0:3:3:2:1:1:2:,initialisation,5611.136851610509,
1:4:1:2:2:2:2:0:1:,initialisation,4982.897484390729,
2:4:0:3:3:1:1:0:2:,initialisation,5611.136851610508,
1:4:1:2:1:3:3:1:0:,initialisation,5458.387640546747,
1:4:0:4:4:0:1:0:1:,initialisation,5289.733984525858,
0:4:1:3:3:1:2:0:0:,initialisation,4896.374341006654,
1:4:0:2:2:2:2:1:0:,initialisation,5234.283123305692,
1:4:1:2:2:3:3:1:0:,initialisation,5360.015458835096,
1:4:0:3:3:2:1:0:1:,initialisation,5040.13876819338,
0:3:1:2:2:1:2:0:0:,initialisation,5138.272155668666,
1:4:0:3:3:1:1:1:2:,initialisation,5611.136851610509,
0:4:1:2:1:2:3:1:0:,initialisation,5721.962171975393,
1:4:0:3:2:1:2:0:1:,initialisation,5427.335787857578,
1:4:0:3:4:1:1:0:1:,initialisation,4985.716161789368,
0:4:0:2:2:3:3:1:0:,initialisation,6038.32913500152,
1:4:0:3:3:2:1:1:2:,initialisation,5611.1368516105085,
1:4:1:2:1:2:3:1:1:,initialisation,5489.284449290553,
0:4:1:2:1:4:3:1:0:,initialisation,6989.743033127102,
0:3:1:1:1:3:3:0:0:,initialisation,6416.710890630529,
1:4:0:2:2:2:2:0:1:,initialisation,4993.720159811221,
1:4:1:4:4:1:1:0:1:,initialisation,5084.83854648675,
1:4:0:3:3:1:2:0:1:,initialisation,4953.081181789989,
1:4:1:3:3:1:1:0:1:,initialisation,4536.404746174679,
1:4:1:2:2:1:2:1:1:,initialisation,5124.194242937514,
1:4:0:2:1:2:3:1:0:,initialisation,5787.964239431158,
0:4:1:2:2:3:2:1:0:,initialisation,5619.033934720671,
0:4:1:2:1:2:3:1:0:,initialisation,5607.51718534791,
0:4:1:2:2:2:3:0:0:,initialisation,4900.10443133168,
1:4:0:2:2:2:2:1:1:,initialisation,4840.9902683559385,
0:4:1:3:3:2:2:0:0:,initialisation,4945.011562850165,
0:4:1:1:1:2:3:0:0:,initialisation,5995.771907358028,
0:4:1:3:2:2:2:0:0:,initialisation,5309.409693140603,
1:4:1:4:4:0:1:0:1:,initialisation,4845.0933196929,
1:4:0:3:2:2:2:0:1:,initialisation,5453.969208337757,
1:4:1:2:1:3:3:1:1:,initialisation,5386.708024632658,
0:4:1:3:2:2:2:0:0:,initialisation,4988.983399560049,
1:4:1:4:4:0:0:0:1:,initialisation,5109.818670559816,
2:4:0:3:3:1:1:0:2:,initialisation,5611.136851610507,
1:4:0:2:2:2:3:1:0:,initialisation,5550.298764406055,
1:4:1:3:3:0:1:0:1:,initialisation,4814.137159297144,
1:4:0:2:2:3:3:1:0:,initialisation,5607.118541599868,
1:4:0:2:2:2:2:0:1:,initialisation,4917.114672963525,
1:4:1:3:2:1:2:0:1:,initialisation,4803.861888156693,
1:4:1:2:2:3:3:0:1:,initialisation,5613.953562443302,
1:4:0:2:2:2:3:1:1:,initialisation,5403.578904883627,
1:4:1:3:2:2:2:1:0:,initialisation,5937.900358709908,
1:4:0:2:2:2:3:1:0:,initialisation,5494.065201054718,
1:4:0:3:3:3:2:1:1:,initialisation,5965.80731384395,
1:4:1:3:3:0:1:0:1:,initialisation,4560.375448463677,
1:4:1:2:2:1:2:0:1:,initialisation,4799.814896494505,
1:4:1:2:2:3:2:0:1:,initialisation,6218.689029087908,
1:4:1:4:4:0:0:0:1:,initialisation,4791.5270182815275,
1:4:0:3:3:2:1:0:1:,initialisation,4950.422872922757,
1:4:0:3:3:1:2:0:1:,initialisation,4937.464122458048,
1:4:0:3:3:1:1:1:1:,initialisation,5215.593857420988,
1:4:0:3:3:2:2:0:1:,initialisation,5012.785365620868,
0:4:1:2:2:3:3:0:0:,initialisation,5930.587039577217,
1:4:0:3:3:1:2:0:1:,initialisation,4801.578553190816,
1:4:0:3:3:0:1:0:1:,initialisation,4793.713398529239,
1:4:0:4:4:2:1:0:1:,initialisation,5823.194222211213,
1:4:0:4:4:0:0:0:1:,initialisation,4894.742506516294,
1:4:0:3:3:0:1:0:1:,initialisation,4370.520988567925,
0:3:1:1:0:3:4:1:0:,initialisation,5847.761311795175,
0:3:1:1:1:4:4:1:0:,initialisation,6098.634748822934,
1:4:1:2:2:2:3:1:0:,initialisation,5252.096769187893,
1:4:0:2:2:3:3:1:1:,initialisation,5597.015326370381,
1:4:1:2:2:3:2:0:1:,initialisation,5380.928369363558,
1:4:1:3:3:3:2:1:1:,initialisation,6217.86749822806,
0:3:1:1:1:4:4:0:0:,initialisation,6833.182360111089,
0:4:1:3:3:1:1:0:0:,initialisation,4525.5931359416745,
1:4:0:4:4:0:0:0:1:,initialisation,4372.763670493684,
1:4:0:3:4:1:1:0:1:,initialisation,4941.623003471265,
1:4:0:2:2:2:2:1:2:,initialisation,5611.1368516105085,
0:4:1:2:2:2:2:0:0:,initialisation,4906.623012855827,
0:4:0:1:1:3:3:1:0:,initialisation,5611.136851610508,
1:4:0:2:1:3:3:1:1:,initialisation,5657.397392989472,
0:4:1:1:1:3:4:1:0:,initialisation,6578.544328855866,
0:4:1:1:1:3:3:1:0:,initialisation,5223.996490013766,
1:4:0:2:2:2:3:1:1:,initialisation,5324.596988010018,
0:4:1:1:1:3:4:1:0:,initialisation,6321.168960215011,
1:4:0:3:2:2:2:1:1:,initialisation,5124.689440209815,
2:4:0:4:4:1:1:0:2:,initialisation,5611.136851610508,
0:3:1:2:1:3:3:1:0:,initialisation,5506.302536117803,
1:4:0:2:2:2:3:1:0:,initialisation,5475.774519167346,
0:4:1:2:2:2:2:0:0:,initialisation,4683.696011683032,
1:4:1:2:1:2:3:1:1:,initialisation,5399.5114437602915,
1:4:0:3:3:2:1:0:1:,initialisation,4932.270113776425,
0:3:1:1:1:4:3:1:0:,initialisation,5615.085021709726,
1:4:1:3:3:0:1:0:1:,initialisation,4474.953019686055,
1:4:0:2:1:3:3:1:1:,initialisation,5470.857395185627,
1:4:0:3:3:2:2:1:2:,initialisation,5611.136851610508,
1:4:1:2:2:3:3:1:1:,initialisation,5466.619213734019,
1:4:1:2:2:3:3:1:1:,initialisation,5453.02568113832,
1:4:0:3:2:2:2:0:1:,initialisation,5349.3216858339265,
1:4:1:2:2:1:2:0:1:,initialisation,4664.384358988566,
0:4:1:2:2:3:2:1:0:,initialisation,4963.39031873766,
0:4:1:2:1:2:3:1:0:,initialisation,5573.583071093697,
1:4:0:4:4:1:1:1:2:,initialisation,5611.136851610509,
0:4:1:2:1:2:3:0:0:,initialisation,5293.154950997518,
1:4:0:3:3:3:2:0:1:,initialisation,6034.01304136813,
0:4:1:1:1:3:3:1:0:,initialisation,5160.702704604477,
1:4:1:2:2:1:2:1:1:,initialisation,5119.163475916626,
0:4:1:2:1:2:3:1:0:,initialisation,5497.251787738218,
0:4:1:1:1:3:3:0:0:,initialisation,6155.630770706949,
0:3:1:1:0:4:4:1:0:,initialisation,6690.717637675632,
1:4:1:3:2:3:2:0:1:,initialisation,5882.2859682531025,
1:4:0:3:3:3:2:1:1:,initialisation,5611.136851610508,
2:4:0:3:3:2:2:0:2:,initialisation,5611.1368516105085,
0:4:0:2:2:2:3:1:0:,initialisation,5609.020883198341,
0:4:1:2:1:3:3:0:0:,initialisation,5455.466856476451,
1:4:1:3:4:2:1:0:1:,initialisation,5866.158008844162,
0:4:1:2:2:3:3:1:0:,initialisation,5228.158407636937,
1:4:0:3:3:1:2:1:1:,initialisation,5276.381960574111,
0:4:1:3:2:2:2:1:0:,initialisation,5741.173345869226,
0:4:1:2:2:3:3:0:0:,initialisation,5812.8573892572595,
1:4:1:3:3:3:2:0:1:,initialisation,5902.568105064349,
1:4:0:2:2:3:3:0:1:,initialisation,5998.964321891386,
1:4:1:3:3:1:2:1:1:,initialisation,5496.582276277071,
1:4:0:3:3:2:1:1:1:,initialisation,5611.1368516105085,
1:4:0:3:2:1:2:0:1:,initialisation,5367.17636622001,
1:4:0:3:4:1:1:0:2:,initialisation,5764.6795815628275,
1:4:1:2:2:2:2:0:1:,initialisation,4772.20822740619,
0:4:1:2:1:2:3:1:0:,initialisation,5097.405888014522,
1:4:0:3:3:2:2:0:1:,initialisation,4876.950673022352,
0:4:1:2:1:3:3:1:0:,initialisation,5120.729537136027,
1:4:1:3:3:2:2:0:1:,initialisation,4773.87710138991,
0:3:1:1:0:3:4:1:0:,initialisation,5412.753464288577,
1:4:0:3:3:1:2:1:1:,initialisation,5246.672701503099,
1:4:0:2:2:4:3:1:1:,initialisation,5611.136851610509,
0:3:1:2:1:2:3:0:0:,initialisation,5494.2041309411725,
1:4:0:2:2:2:2:1:0:,initialisation,5068.803260306543,
0:3:1:1:1:4:4:1:0:,initialisation,5732.874690498352,
1:4:0:3:3:1:2:1:2:,initialisation,5611.13685161051,
1:4:1:3:3:2:2:1:1:,initialisation,5333.693026575069,
0:4:0:2:2:2:2:1:0:,initialisation,4972.784584012672,
1:4:0:3:3:2:2:1:1:,initialisation,5100.381371702703,
0:3:1:2:2:2:3:0:0:,initialisation,5293.169673551721,
0:4:1:2:2:3:3:1:0:,initialisation,5187.493612916525,
1:4:1:1:1:3:4:1:1:,initialisation,5743.580245779764,
1:4:1:1:1:3:3:1:1:,initialisation,5632.463152142626,
0:4:1:2:2:3:3:0:0:,initialisation,5469.755824949604,
0:4:0:1:1:3:3:1:0:,initialisation,5408.311264099232,
1:4:0:3:3:1:2:0:2:,initialisation,5530.303775109162,
0:4:1:1:1:4:4:1:0:,initialisation,6463.770523391719,
1:4:1:3:3:1:2:1:1:,initialisation,4926.270108464619,
1:4:0:2:1:4:3:1:0:,initialisation,5802.621066750046,
1:4:0:3:2:2:2:0:1:,initialisation,5205.117383447223,
2:4:0:4:4:1:0:0:2:,initialisation,5611.1368516105085,
1:4:0:2:2:3:3:1:1:,initialisation,5483.452566467957,
0:4:1:1:1:3:3:0:0:,initialisation,5128.529991331934,
0:4:0:2:2:3:3:1:0:,initialisation,5899.43798934227,
0:3:1:1:1:3:3:0:0:,initialisation,6145.801318301846,
1:4:0:2:2:2:3:1:0:,initialisation,5105.2027504628895,
0:3:0:1:1:3:3:1:0:,initialisation,5271.796173805588,
1:4:0:2:2:2:3:1:1:,initialisation,5318.133543719008,
1:4:0:2:2:2:3:0:1:,initialisation,5430.396442655309,
1:4:0:2:2:3:2:0:1:,initialisation,5912.849372086026,
0:4:1:3:3:1:1:0:0:,initialisation,4292.194572847904,
1:4:0:2:2:2:2:0:1:,initialisation,4813.966943477261,
0:4:1:1:1:2:3:1:0:,initialisation,4784.998505443035,
1:4:1:2:1:3:3:1:0:,initialisation,5440.7594208465425,
1:4:0:3:2:1:2:0:1:,initialisation,5035.137992168455,
1:4:1:2:1:2:3:0:1:,initialisation,5383.262067598138,
1:4:0:3:3:2:1:1:1:,initialisation,5611.136851610508,
1:4:1:3:3:1:1:0:1:,initialisation,4187.819907769763,
1:4:0:3:2:3:2:1:1:,initialisation,5322.0115104974675,
1:4:1:2:1:3:3:1:0:,initialisation,5177.4095408077355,
0:3:1:1:1:3:3:0:0:,initialisation,6035.533598629079,
1:4:0:3:3:1:2:1:2:,initialisation,5611.136851610509,
0:4:0:2:2:2:3:0:0:,initialisation,5735.489453518343,
1:4:0:2:2:3:3:1:1:,initialisation,5478.9758664551555,
1:4:1:3:3:2:3:0:1:,initialisation,7247.915146096378,
1:4:0:3:2:2:2:0:1:,initialisation,5068.057529500046,
1:4:1:2:2:2:3:1:1:,initialisation,4941.2859605375825,
1:4:1:2:2:3:2:0:1:,initialisation,5338.824401159345,
1:4:1:2:2:3:3:1:0:,initialisation,5312.743232619932,
1:4:1:1:1:3:3:1:1:,initialisation,5187.695375942522,
1:4:1:4:4:2:1:0:1:,initialisation,6249.51657319074,
1:4:0:2:2:3:3:1:1:,initialisation,5450.396544048784,
1:4:0:3:3:1:1:0:1:,initialisation,4738.670974410365,
0:4:1:2:1:2:3:0:0:,initialisation,5016.410049795972,
1:4:1:3:2:2:2:1:1:,initialisation,5135.158278555623,
0:4:1:2:1:3:3:1:0:,initialisation,5023.96125359761,
0:4:1:3:3:1:2:0:0:,initialisation,4791.6456007025035,
0:4:1:1:1:3:4:1:0:,initialisation,6171.65128433388,
0:3:1:2:2:2:2:0:0:,initialisation,5404.148618389002,
0:4:1:1:1:4:3:1:0:,initialisation,5675.676560212173,
1:4:1:3:2:3:2:1:1:,initialisation,5317.907099069741,
0:3:1:1:1:3:4:0:0:,initialisation,6496.740820570167,
1:4:0:4:4:2:1:0:1:,initialisation,5495.076194805719,
1:4:1:2:2:3:3:1:1:,initialisation,5280.709594847569,
2:4:0:4:4:1:0:0:2:,initialisation,5506.504168355426,
0:4:1:1:1:4:3:1:0:,initialisation,5385.855339614654,
0:3:1:2:1:3:3:0:0:,initialisation,5641.70494137386,
1:4:0:4:4:2:1:1:2:,initialisation,5611.136851610508,
1:4:0:3:4:1:1:1:1:,initialisation,5568.2985373855,
1:4:1:2:1:3:3:1:1:,initialisation,5353.092142810179,
2:4:0:3:3:2:2:0:2:,initialisation,5611.136851610508,
2:4:0:4:4:1:1:0:2:,initialisation,5388.414517195518,
1:4:0:1:1:3:3:1:0:,initialisation,5585.364247248655,
1:4:1:1:1:2:3:1:0:,initialisation,5139.574262256407,
1:4:0:2:2:3:2:1:1:,initialisation,5094.688616134672,
1:4:1:2:2:2:3:1:0:,initialisation,5251.99027588683,
1:4:0:3:3:1:2:1:1:,initialisation,5233.319220062278,
0:3:1:1:1:3:3:0:0:,initialisation,5977.309971492143,
0:4:0:2:2:3:3:1:0:,initialisation,5845.268124594131,
0:4:1:3:3:1:1:0:1:,initialisation,5098.168033576598,
0:2:1:0:0:4:4:1:0:,initialisation,6334.760524274576,
1:4:0:2:2:3:2:0:1:,initialisation,5854.966326336315,
0:4:1:1:1:2:3:0:0:,initialisation,5204.315530887953,
0:3:1:2:1:3:3:1:0:,initialisation,5077.011859949432,
2:4:1:4:4:0:0:0:2:,initialisation,4944.268613301434,
1:4:0:3:4:0:1:0:1:,initialisation,5292.027515353833,
1:4:0:1:1:3:3:1:1:,initialisation,5847.087523309192,
0:4:1:3:2:3:2:0:0:,initialisation,6486.262143830224,
1:4:1:2:1:2:3:1:1:,initialisation,5041.538250883905,
0:3:1:3:2:2:2:0:0:,initialisation,5749.964811138185,
0:3:1:1:1:3:3:0:0:,initialisation,5771.807252785421,
1:4:0:3:2:1:2:1:1:,initialisation,5611.136851610507,
1:4:0:2:2:2:2:1:1:,initialisation,4749.192182862907,
0:4:1:3:2:1:2:0:0:,initialisation,4825.422506425798,
1:4:0:3:3:2:2:1:2:,initialisation,5611.136851610507,
0:4:0:2:2:3:3:1:0:,initialisation,5790.173702410619,
1:4:1:2:2:2:2:1:0:,initialisation,5281.5963189826025,
1:4:0:2:2:3:3:1:1:,initialisation,5387.428351222475,
1:4:0:1:1:3:3:1:1:,initialisation,5611.136851610508,
0:3:1:1:0:4:4:1:0:,initialisation,6202.148570811092,
1:4:1:3:2:2:3:0:1:,initialisation,6648.853780961298,
0:4:1:4:4:1:1:0:0:,initialisation,5264.546347609616,
1:4:0:4:4:0:1:0:1:,initialisation,5101.2648443118715,
0:4:1:1:1:3:4:1:0:,initialisation,6054.342772275165,
2:4:0:3:3:2:2:0:2:,initialisation,5611.136851610507,
0:4:0:2:2:2:3:1:0:,initialisation,5522.7099651212,
1:4:0:3:3:1:1:1:2:,initialisation,5611.1368516105085,
1:4:0:2:2:1:2:0:1:,initialisation,4647.967497832078,
1:4:1:4:4:0:0:0:1:,initialisation,4762.501015526729,
1:4:1:2:1:3:3:1:1:,initialisation,5115.33305995767,
1:4:1:3:3:3:2:1:1:,initialisation,6080.962279387958,
0:3:1:1:1:3:3:0:0:,initialisation,5498.71522658295,
0:4:1:2:1:4:3:1:0:,initialisation,6326.028870947738,
1:4:0:3:3:2:1:1:1:,initialisation,5602.983363761734,
1:4:1:3:2:1:2:1:1:,initialisation,5424.726449068633,
0:4:1:1:1:3:4:1:0:,initialisation,5851.8615367717985,
1:4:1:1:0:3:4:1:0:,initialisation,5877.0257787589035,
2:4:0:3:4:1:1:0:2:,initialisation,5611.136851610509,
1:4:0:4:4:0:1:0:1:,initialisation,5008.765520916557,
0:3:1:2:1:2:3:1:0:,initialisation,5620.573565470714,
1:4:1:3:3:2:2:1:1:,initialisation,5102.605542309585,
0:4:1:2:2:3:2:0:0:,initialisation,5823.33452594343,
1:4:0:3:2:2:2:1:2:,initialisation,5611.1368516105085,
0:4:1:1:1:3:3:1:0:,initialisation,4968.197697921489,
1:4:0:3:3:2:2:0:2:,initialisation,5802.764239523433,
1:4:1:3:2:1:2:1:1:,initialisation,5404.629172868204,
1:4:1:1:1:2:3:1:1:,initialisation,6011.740927669323,
0:4:1:2:1:2:3:1:0:,initialisation,4868.336608015924,
1:4:1:2:1:3:3:1:0:,initialisation,5019.243986551753,
1:4:0:4:4:0:0:0:2:,initialisation,5327.898586271114,
0:4:1:2:2:2:2:0:0:,initialisation,4571.170473724383,
1:4:0:3:3:2:1:1:2:,initialisation,5611.136851610508,
1:4:1:3:4:1:1:0:1:,initialisation,4966.05735062512,
0:4:1:2:2:4:3:1:0:,initialisation,6034.217007558357,
0:4:1:2:2:3:2:0:0:,initialisation,5428.295313775054,
1:4:0:3:3:2:1:1:1:,initialisation,5339.4127985442965,
1:4:0:3:4:2:1:0:1:,initialisation,5610.891985335102,
1:4:0:3:2:1:2:0:1:,initialisation,5028.1121192077,
1:4:0:3:4:1:1:0:1:,initialisation,4882.46477177512,
0:3:1:1:0:4:4:1:0:,initialisation,6065.791963402937,
0:4:0:2:1:3:3:1:0:,initialisation,6311.882088576001,
1:4:0:3:4:1:1:0:1:,initialisation,4850.8114499395315,
0:3:0:2:1:2:3:1:0:,initialisation,5444.641936641064,
1:4:0:4:4:2:1:1:1:,initialisation,5611.136851610509,
1:4:1:3:3:3:2:1:1:,initialisation,5905.483517747959,
1:4:0:2:1:2:3:1:0:,initialisation,5484.750695041712,
1:4:0:3:3:2:2:1:1:,initialisation,5050.806955392325,
1:4:1:2:2:2:3:1:0:,recombination,5043.069110070228,1:4:0:4:4:1:1:0:1,1:4:1:2:1:2:3:1:1
1:4:1:2:2:2:2:1:0:,clone,5135.158278555623,1:4:1:3:2:2:2:1:1
1:4:1:2:2:1:2:0:1:,clone,4535.384855250163,1:4:1:2:2:1:2:0:1
1:4:1:2:2:3:2:1:1:,clone,5154.4733460282105,0:4:1:2:2:3:3:1:0
0:4:1:2:2:2:2:1:0:,recombination,5068.3246184180925,0:4:1:1:1:3:3:1:0,0:3:1:1:1:3:3:1:0,MUTATE
1:4:0:2:2:3:2:0:1:,clone,5594.444226013656,1:4:1:2:2:3:3:0:1
1:4:0:4:4:2:1:0:1:,clone,5495.076194805718,1:4:0:4:4:2:1:0:1
0:4:1:2:1:2:3:0:0:,clone,4961.181800037393,0:4:1:2:1:2:3:0:0
1:4:1:1:1:2:3:1:0:,clone,4931.515520743619,0:4:1:1:1:3:3:1:0
1:4:0:2:2:2:2:0:1:,recombination,4810.246559483213,1:4:0:2:2:2:2:0:1,1:4:1:2:1:2:3:1:1,MUTATE
1:4:0:3:3:1:1:0:1:,recombination,4494.581820861322,1:4:0:4:4:2:1:0:1,1:4:1:3:3:1:1:0:1
1:4:0:2:2:3:3:0:1:,clone,5716.2995532661,1:4:0:2:2:3:2:0:1
1:4:1:3:3:1:1:1:1:,clone,4946.37375780148,1:4:1:3:3:1:2:1:1
1:4:0:2:2:1:2:1:1:,clone,4619.808019739437,1:4:0:2:2:2:2:1:1
0:4:1:1:1:3:4:0:0:,clone,6691.220888640494,0:3:1:1:1:4:4:0:0
1:4:0:4:4:0:0:0:2:,recombination,4695.685926763738,1:4:0:4:4:0:1:0:1,1:4:0:2:2:2:2:0:1
1:4:1:2:2:3:2:1:1:,clone,5118.300159485355,1:4:1:2:2:3:2:1:1
1:4:1:3:3:3:2:0:1:,recombination,5896.625381643042,1:4:1:3:3:3:2:0:1,1:4:1:3:3:0:1:0:1
0:4:0:2:2:2:3:1:0:,recombination,5357.205646843425,1:4:0:2:2:2:3:1:1,1:4:1:2:1:2:3:1:1,MUTATE
0:3:1:2:2:1:2:0:0:,clone,5097.630061314996,0:3:1:2:2:1:2:0:0
1:4:0:2:2:2:2:0:1:,clone,4810.246559483212,1:4:0:2:2:2:2:0:1
1:4:1:2:2:3:3:1:1:,recombination,5080.7108793427715,0:4:1:2:2:1:2:0:0,1:4:0:2:1:3:3:1:1
1:4:0:4:4:1:1:0:2:,clone,4874.070881325377,1:4:0:4:4:0:0:0:2
0:4:1:2:2:2:2:1:0:,recombination,5050.378461727083,1:4:0:2:2:2:3:1:1,0:4:1:2:2:3:2:1:0
0:4:0:2:1:2:3:1:0:,recombination,5544.373468105074,1:4:0:2:2:2:3:1:1,1:4:1:3:3:1:2:1:1
1:4:0:2:2:3:3:1:0:,clone,5589.076802262383,1:4:0:2:2:3:3:1:0
0:4:1:2:2:2:2:1:0:,clone,4869.219259396161,0:4:1:2:2:2:2:1:0
0:4:1:2:1:3:3:0:0:,clone,5345.744729210988,0:4:1:2:1:3:3:1:0
0:3:1:1:1:4:3:1:0:,recombination,5416.195193095529,1:4:1:2:1:3:3:1:0,0:3:1:1:0:4:4:1:0
1:4:1:4:4:0:0:0:1:,recombination,4711.990286864027,1:4:0:4:4:0:0:0:1,0:4:1:2:2:3:2:0:0,MUTATE
1:4:0:3:2:2:2:1:1:,recombination,5109.830052448176,1:4:0:3:3:2:2:1:1,1:4:1:3:2:1:2:0:1,MUTATE
0:3:1:1:0:4:4:1:0:,clone,5824.540355043971,0:3:1:1:0:4:4:1:0
1:4:1:2:2:2:3:1:0:,recombination,4818.7687147332545,1:4:0:2:2:2:2:1:1,1:4:1:2:2:2:2:0:1,MUTATE
1:4:1:2:1:3:3:1:1:,clone,4958.815790136858,1:4:1:2:1:3:3:1:1
0:4:1:2:1:4:3:1:0:,recombination,6204.842202921612,0:4:1:3:3:2:2:1:0,1:4:1:2:2:3:2:1:1,MUTATE
2:4:0:4:4:1:0:0:2:,recombination,5418.550669982248,1:4:0:3:3:2:2:0:2,1:4:0:2:2:2:2:0:1
1:4:1:2:2:4:3:1:1:,recombination,5825.247172065359,0:4:1:2:2:3:3:1:0,2:4:0:4:4:0:1:0:2,MUTATE
1:4:0:2:2:2:3:1:1:,clone,5083.307267336977,1:4:1:2:2:2:3:1:1
1:4:1:2:2:3:3:1:0:,recombination,5249.461991701847,1:4:1:3:3:1:2:1:1,0:3:1:1:1:4:3:1:0
0:4:1:3:3:0:1:0:1:,clone,4684.674842202653,0:4:1:4:4:0:0:0:1
1:4:0:4:4:1:0:0:2:,clone,4695.685926763738,1:4:0:4:4:0:0:0:2
1:4:0:2:1:2:3:1:1:,recombination,5402.544163875395,0:4:1:2:2:2:2:1:0,1:4:0:2:2:3:2:0:1
0:4:1:2:2:2:2:1:0:,clone,4833.607601980111,1:4:1:2:2:2:3:1:0
1:4:1:2:2:2:2:0:1:,recombination,4622.489710988957,1:4:0:3:4:1:1:1:1,1:4:1:2:2:2:2:0:1,MUTATE
0:4:1:2:2:3:3:0:0:,recombination,5454.500323275059,0:4:1:2:2:3:3:0:0,0:4:1:2:2:2:3:0:0
2:4:0:3:3:1:1:0:2:,recombination,5438.945783349669,2:4:0:4:4:1:1:0:2,1:4:1:2:2:3:3:1:0,MUTATE
0:4:1:2:2:2:3:0:0:,recombination,4889.874090818324,0:4:1:2:2:1:2:0:0,1:4:1:2:2:4:3:1:1
1:4:0:3:3:1:2:1:2:,clone,5611.136851610508,1:4:0:3:3:1:2:1:2
0:3:1:1:0:4:4:1:0:,recombination,5591.851160013155,0:3:1:2:1:2:3:0:0,1:4:1:2:2:3:2:1:1
1:4:0:3:3:2:1:1:1:,clone,5271.383231198664,1:4:0:3:3:2:2:1:1
1:4:1:4:4:1:1:0:1:,recombination,5058.165528568947,0:4:1:3:2:2:2:0:0,1:4:1:3:3:2:1:0:1
1:4:1:2:2:3:2:0:1:,recombination,4904.340468715786,1:4:0:3:3:2:2:0:1,0:3:1:1:1:3:3:0:0
1:4:0:2:2:3:2:1:0:,clone,5076.827332083676,1:4:0:2:2:3:2:1:1
0:3:1:1:1:3:3:1:0:,recombination,5077.878837569424,0:3:1:1:1:3:3:0:0,1:4:0:2:2:3:3:1:1,MUTATE
1:4:0:3:3:2:1:0:1:,clone,4819.940574752011,1:4:0:3:3:2:1:0:1
1:4:1:1:1:2:3:1:1:,clone,5135.89895644933,1:4:1:1:1:3:3:1:1
0:4:0:2:1:2:3:1:0:,recombination,5435.500864095724,0:3:0:2:1:2:3:1:0,0:4:1:3:3:1:2:0:0,MUTATE
1:4:0:2:2:2:3:1:1:,clone,5083.307267336976,1:4:0:2:2:2:3:1:1
1:4:0:3:2:2:2:0:1:,clone,4866.676976343489,1:4:0:3:3:2:2:0:1
1:4:0:4:4:0:1:0:1:,recombination,5003.981382697109,1:4:0:4:4:0:1:0:1,1:4:0:3:2:3:2:1:1
1:4:1:3:4:0:0:0:1:,clone,4450.084238620114,0:4:1:3:3:0:1:0:1
1:4:0:4:4:0:0:0:2:,clone,4442.600493236967,1:4:0:4:4:0:0:0:1
1:4:0:2:2:3:3:1:0:,clone,5081.64039778196,1:4:0:2:2:3:3:1:0
0:3:1:1:1:4:3:1:0:,clone,5077.878837569424,0:3:1:1:1:4:3:1:0
1:4:0:3:3:2:1:1:1:,clone,5239.956501951814,1:4:0:3:3:2:1:1:1
1:4:1:2:2:2:2:1:1:,clone,4773.87710138991,1:4:1:3:3:2:2:0:1
1:4:1:2:2:2:2:1:0:,clone,5106.641720871022,0:4:1:2:2:2:2:1:0
1:4:0:2:1:2:3:1:1:,recombination,5379.688328370516,1:4:0:2:2:2:2:1:2,1:4:1:2:2:3:2:0:1
0:4:0:2:1:2:3:1:0:,clone,5231.907955224073,0:4:0:1:1:2:3:1:0
0:4:0:2:2:4:3:1:0:,recombination,5954.690188977815,1:4:0:3:3:2:2:1:1,0:4:1:2:1:4:3:1:0,MUTATE
1:4:0:2:2:3:2:0:1:,clone,5222.80624743518,1:4:0:2:2:2:2:0:1
1:4:1:2:2:2:2:1:1:,clone,4773.8771013899095,1:4:1:2:2:2:2:1:1
0:3:1:1:1:2:3:1:0:,recombination,4682.928572906654,1:4:0:3:3:2:1:0:1,0:4:1:2:2:2:3:0:0,MUTATE
0:4:1:1:1:3:3:1:0:,recombination,4910.370234572434,1:4:0:2:2:3:2:1:1,0:4:1:2:2:3:3:0:0,MUTATE
1:4:1:2:1:2:3:1:0:,clone,4876.438999851585,0:4:1:1:1:2:3:1:0
1:4:1:1:1:3:3:1:1:,clone,5108.039735549732,1:4:1:2:1:3:3:1:1
1:4:1:3:4:0:1:0:1:,clone,4763.009341810223,1:4:1:3:4:0:1:0:1
0:4:1:2:1:3:3:1:0:,clone,4830.872933570997,0:4:1:2:1:3:3:1:0
0:4:1:2:2:2:2:1:0:,clone,4773.8771013899095,1:4:1:2:2:2:2:1:1
1:4:1:3:3:3:2:0:1:,clone,5591.5887792232115,1:4:1:3:3:3:2:0:1
1:4:0:3:2:2:2:1:1:,recombination,5068.20274616643,1:4:0:3:3:2:1:1:1,1:4:0:3:3:2:2:0:1,MUTATE
2:4:0:3:3:1:2:0:2:,recombination,5611.136851610508,2:4:0:4:4:0:1:0:2,1:4:0:1:1:3:3:1:1,MUTATE
2:4:0:3:3:1:1:0:2:,clone,5388.414517195518,2:4:0:3:3:1:1:0:2
0:3:1:2:1:4:3:1:0:,clone,6336.882306614461,0:4:1:2:1:4:3:1:0
1:4:0:3:2:2:2:0:1:,clone,4866.676976343488,1:4:0:3:2:2:2:0:1
1:4:0:3:3:1:2:0:2:,recombination,5388.414517195518,2:4:0:3:3:1:1:0:2,2:4:0:3:4:1:1:0:2,MUTATE
1:4:0:2:2:2:2:0:1:,recombination,4657.720183440568,0:4:1:2:1:3:3:0:0,1:4:0:2:2:2:3:1:1
1:4:1:2:2:1:1:0:1:,clone,4374.79875680881,1:4:1:3:3:1:1:0:1
0:3:1:1:0:4:4:1:0:,clone,5139.346606177721,0:3:1:1:1:4:3:1:0
0:4:1:3:3:0:1:0:1:,clone,4605.369475319013,0:4:1:3:3:0:1:0:0
1:4:1:2:2:2:2:1:1:,recombination,4709.631529511799,1:4:1:2:2:2:2:0:1,1:4:1:2:1:2:3:1:1,MUTATE
0:4:1:2:2:2:2:0:0:,clone,4535.384855250163,1:4:1:2:2:1:2:0:1
1:4:1:2:2:2:2:0:1:,recombination,4458.413218137244,1:4:0:2:2:2:2:0:1,0:4:1:2:2:2:2:0:0
1:4:0:2:2:2:3:1:1:,clone,5053.612775771974,1:4:0:2:2:2:3:1:1
1:4:1:2:2:2:2:0:1:,recombination,4345.043219935833,1:4:0:1:1:3:3:1:1,0:4:1:2:2:2:2:0:0
1:4:0:3:3:2:1:0:1:,recombination,4807.193317690842,1:4:1:2:2:2:2:0:1,0:3:1:1:1:3:3:0:0
1:4:1:2:2:2:2:1:1:,clone,4542.820617747277,1:4:1:2:2:2:2:1:1
0:4:1:2:2:3:3:1:0:,clone,5120.263008007184,1:4:1:2:2:3:3:1:1
1:4:1:2:2:1:2:0:1:,clone,4486.7975890417265,1:4:1:3:3:1:1:0:1
0:4:1:3:3:0:0:0:1:,clone,4400.424979240125,1:4:1:3:4:0:0:0:1
0:4:1:2:1:3:3:0:0:,recombination,5145.156811556441,1:4:0:2:2:2:2:0:1,0:3:1:1:1:3:3:0:0
0:4:1:2:2:3:2:0:0:,recombination,5029.3805704171245,1:4:1:2:2:2:2:0:1,0:4:1:2:1:3:3:0:0
1:4:0:2:2:2:2:0:1:,clone,4367.16106127546,1:4:1:2:2:2:2:0:1
2:4:0:4:4:0:0:0:2:,recombination,5304.533873213441,1:4:1:2:1:3:3:1:1,1:4:0:3:3:1:1:0:2,MUTATE
1:4:0:3:4:2:1:0:1:,recombination,5379.438866048643,0:4:1:2:1:2:3:1:0,1:4:0:4:4:2:1:0:1,MUTATE
0:4:1:2:2:2:3:1:0:,recombination,5002.932227063712,0:4:1:2:2:2:3:1:0,0:4:1:2:2:2:2:1:0,MUTATE
1:4:1:2:2:2:1:0:1:,clone,4540.550277723777,1:4:1:2:2:2:2:0:1
1:4:0:4:3:1:2:0:1:,recombination,6324.911051384496,1:4:1:2:1:2:3:1:0,1:4:0:3:4:1:1:0:2
1:4:1:2:2:2:2:1:0:,recombination,5072.457728490196,1:4:0:2:2:2:2:1:1,1:4:1:3:3:3:2:1:1,MUTATE
1:4:1:3:4:0:1:0:1:,clone,4738.7431809823265,1:4:1:3:4:0:1:0:1
0:4:1:2:1:2:3:1:0:,recombination,4780.491465562088,2:4:0:3:3:2:1:0:2,0:4:1:1:1:3:3:1:0
1:4:0:3:3:1:1:0:1:,recombination,4467.149158401543,1:4:0:4:4:1:1:0:2,1:4:1:2:2:2:1:0:1,MUTATE
0:4:1:2:2:3:3:1:0:,clone,4932.409472312246,0:4:1:2:1:3:3:1:0
0:4:1:2:2:3:2:1:0:,recombination,4793.132411369309,0:4:1:2:2:2:2:0:0,1:4:1:3:3:2:2:0:1,MUTATE
0:4:0:1:1:2:3:1:0:,clone,5484.750695041712,1:4:0:2:1:2:3:1:0
0:3:1:2:2:2:2:0:0:,clone,5201.9165634090505,0:4:1:2:2:2:2:0:0
1:4:0:2:2:3:3:1:1:,clone,5069.368728641304,1:4:0:2:2:3:2:1:0
0:4:1:2:2:2:2:0:0:,recombination,4510.712670914395,1:4:1:3:3:2:1:0:1,1:4:0:2:2:2:2:0:1,MUTATE
1:4:1:3:4:1:1:0:1:,recombination,4910.666579742198,0:4:1:1:1:4:3:1:0,1:4:1:3:4:0:1:0:1,MUTATE
1:4:1:2:2:1:2:1:1:,clone,5018.917637048783,1:4:1:3:2:1:2:0:1
1:4:0:3:3:2:1:0:1:,clone,4701.12399699325,1:4:1:2:2:2:1:0:1
1:4:0:1:1:2:3:1:1:,recombination,5319.302272306261,1:4:0:2:2:2:3:1:1,1:4:0:2:1:2:3:1:1,MUTATE
1:4:1:2:1:3:3:1:1:,clone,4879.305127270465,0:4:1:2:1:3:3:1:0
0:4:1:1:1:3:3:1:0:,clone,4869.007548349027,0:4:1:1:1:3:3:1:0
1:4:1:2:2:3:3:0:1:,clone,5291.023228218826,1:4:0:2:2:3:3:1:1
1:4:1:2:1:2:3:1:1:,clone,4778.29504812427,1:4:1:2:1:3:3:1:1
1:4:1:4:4:2:1:0:1:,recombination,5802.8343485997475,1:4:0:3:3:2:2:0:1,1:4:0:4:4:2:1:0:1,MUTATE
1:4:1:3:2:3:2:0:1:,clone,5798.751663256562,1:4:1:3:3:3:2:0:1
1:4:1:3:3:2:1:0:1:,recombination,4857.8388220232455,0:4:1:2:2:2:2:0:0,1:4:0:3:2:2:2:1:1,MUTATE
0:4:1:1:1:4:3:1:0:,clone,5378.991523588257,0:4:1:1:1:4:3:1:0
0:3:1:1:1:3:4:0:0:,clone,6494.084180907972,0:3:1:1:1:3:4:0:0
0:4:1:1:1:3:3:1:0:,clone,4754.47811921912,0:4:1:1:1:3:3:1:0
0:3:1:1:1:3:4:1:0:,recombination,5419.784425075439,0:4:1:2:2:0:1:0:0,0:3:1:1:1:4:4:1:0
0:4:1:1:1:3:3:0:0:,recombination,4980.567669942469,0:3:1:1:1:3:3:1:0,1:4:0:3:2:1:2:0:1
1:4:0:3:3:1:2:1:1:,clone,5215.593857420988,1:4:0:3:3:1:1:1:1
0:4:1:2:2:2:2:1:0:,recombination,4757.210265505076,0:4:1:2:2:2:2:1:0,1:4:0:3:3:1:1:0:1,MUTATE
0:4:0:2:2:2:2:1:0:,recombination,4702.131016427208,1:4:0:2:2:3:3:1:1,1:4:0:3:3:1:2:0:1,MUTATE
0:4:0:2:2:2:2:0:0:,recombination,5356.612105300086,1:4:0:3:3:2:2:0:1,0:4:0:2:2:2:3:0:0
0:4:1:2:2:2:3:1:0:,clone,4999.911106150401,0:4:1:2:1:2:3:1:0
1:4:1:2:2:3:3:1:1:,clone,4980.841666011714,1:4:1:2:2:3:3:1:1
0:3:1:1:1:3:3:1:0:,clone,4884.762284507923,0:3:1:1:1:3:3:1:0
0:3:1:1:0:4:4:0:0:,clone,6619.300751375254,0:4:1:1:1:3:4:0:0
0:4:1:2:2:3:3:1:0:,clone,4899.204086382954,1:4:1:2:2:3:3:1:1
1:4:0:2:1:3:3:1:0:,clone,4853.01042145389,1:4:0:2:2:3:2:1:1
0:4:1:1:1:3:3:1:0:,clone,4522.7704721512655,0:4:1:1:1:3:3:1:0
0:4:1:2:1:3:3:1:0:,clone,4797.667547641706,0:4:1:2:1:3:3:1:0
0:3:0:1:1:3:3:1:0:,clone,4999.236052682539,0:4:0:2:1:2:3:1:0
1:4:1:3:4:2:1:0:1:,recombination,5866.1580088441615,1:4:0:2:2:3:3:1:1,1:4:1:3:4:2:1:0:1
1:4:0:2:2:3:3:1:0:,recombination,4958.565160494905,1:4:1:2:2:3:3:0:1,1:4:0:3:3:2:1:0:1,MUTATE
0:4:1:1:1:3:4:1:0:,recombination,5338.746863823234,1:4:1:2:2:3:2:0:1,1:4:0:2:2:2:3:1:1
1:4:0:2:2:2:2:1:0:,clone,4866.852783149654,1:4:0:2:2:2:2:1:0
0:3:1:2:1:3:3:1:0:,clone,4757.210265505076,0:3:1:2:1:3:3:1:0
0:3:1:1:1:3:3:1:0:,recombination,4634.756741306055,1:4:0:2:2:3:3:1:1,0:4:1:1:1:3:4:1:0
1:4:1:3:3:2:1:0:1:,recombination,4828.58822119758,1:4:0:3:2:2:2:0:1,1:4:1:3:3:2:1:0:1,MUTATE
1:4:1:2:2:3:3:1:0:,recombination,5108.243877816658,1:4:0:3:3:2:1:0:1,0:4:1:3:2:2:2:1:0,MUTATE
1:4:1:3:3:0:1:0:1:,recombination,4467.155492878998,1:4:0:3:2:2:2:0:1,1:4:0:4:4:0:0:0:2,MUTATE
0:3:1:1:1:4:4:1:0:,recombination,5510.078874060229,0:3:1:1:0:4:4:1:0,1:4:1:2:2:3:2:1:1
1:4:0:2:2:2:2:1:0:,clone,4844.412703160968,1:4:0:2:2:2:2:1:0
0:3:1:1:1:3:3:1:0:,clone,4522.7704721512655,0:4:1:1:1:3:3:1:0
0:3:1:1:1:3:4:1:0:,recombination,5243.543934572599,1:4:1:2:2:3:3:0:1,0:4:1:1:1:3:4:1:0,MUTATE
0:4:0:2:1:3:3:1:0:,clone,5205.583835935378,0:4:0:2:1:3:3:1:0
0:3:0:2:1:3:3:1:0:,recombination,5361.3965502308665,0:4:0:2:1:3:3:1:0,1:4:1:2:2:3:3:1:1,MUTATE
1:4:1:3:4:1:1:0:1:,recombination,4864.732269215049,1:4:1:3:3:2:2:1:1,0:4:1:3:3:0:1:0:1,MUTATE
1:4:0:2:2:2:2:1:0:,clone,4654.3459009808175,0:4:0:2:2:2:2:1:0
0:4:1:1:1:4:3:1:0:,clone,5281.625403322297,0:4:1:1:1:4:3:1:0
0:4:0:2:1:3:3:1:0:,recombination,4853.01042145389,1:4:0:2:2:2:3:1:1,1:4:0:2:1:3:3:1:0
0:3:1:2:1:2:3:0:0:,recombination,4851.327134165504,0:4:1:2:2:2:2:1:0,0:3:1:2:2:2:3:0:0
1:4:0:4:4:2:1:0:2:,recombination,5820.131457523946,2:4:0:4:4:1:0:0:2,1:4:0:2:2:3:3:1:1,MUTATE
1:4:1:3:3:2:2:1:1:,recombination,5101.316360875138,1:4:1:2:1:3:3:1:0,0:4:1:3:2:2:2:0:0,MUTATE
0:3:0:1:1:3:3:1:0:,recombination,4965.71551912868,0:4:0:2:1:3:3:1:0,0:4:1:1:1:4:3:1:0,MUTATE
0:3:1:1:1:4:4:1:0:,clone,5348.2463099227625,0:3:1:1:1:4:4:1:0
1:4:1:2:1:4:3:1:0:,recombination,6202.616464884655,0:4:0:2:2:4:3:1:0,1:4:1:3:3:3:2:0:1,MUTATE
0:4:0:2:2:3:3:1:0:,recombination,5117.768581991481,0:4:1:2:2:3:2:1:0,0:3:0:1:1:3:3:1:0,MUTATE
1:4:0:2:2:3:2:1:0:,recombination,4710.197210762277,1:4:0:2:2:3:3:1:1,1:4:0:3:3:2:1:1:1
0:3:0:1:1:3:3:1:0:,clone,4877.302220166944,0:3:0:1:1:3:3:1:0
0:4:0:2:2:3:3:1:0:,clone,4930.604905578298,0:4:0:2:2:3:3:1:0
2:4:0:4:4:1:0:0:2:,recombination,5202.926202965649,2:4:0:4:4:0:1:0:2,1:4:1:3:3:2:1:0:1,MUTATE
0:4:1:1:1:4:3:1:0:,recombination,5155.696998724656,0:3:0:1:1:3:3:1:0,0:4:1:2:2:3:2:0:0,MUTATE
1:4:1:2:2:1:2:1:1:,recombination,4803.8618881566945,1:4:1:3:2:1:2:0:1,0:4:1:1:1:3:3:0:0
0:3:0:2:2:2:3:1:0:,clone,5401.250627292785,0:3:0:2:1:2:3:1:0
1:4:1:3:2:3:3:0:1:,clone,7247.915146096378,1:4:1:3:3:2:3:0:1
0:4:1:1:0:3:4:1:0:,recombination,5493.845047446752,0:4:1:2:2:3:3:1:0,1:4:0:2:1:2:3:1:0
0:3:0:1:1:3:3:1:0:,recombination,4745.13146911598,0:4:1:1:1:3:3:1:0,0:4:0:2:2:3:3:1:0
1:4:0:3:3:3:2:1:1:,recombination,5527.096741187915,1:4:0:2:2:4:3:1:1,1:4:0:2:2:3:3:1:1
1:4:1:3:3:2:2:1:1:,clone,5014.568777948241,1:4:1:3:2:3:2:1:1
0:4:0:2:2:2:3:1:0:,recombination,5114.311123968441,0:4:0:2:2:2:3:0:0,1:4:0:2:2:2:2:1:0
1:4:1:3:4:0:0:0:1:,clone,4416.8471901738585,1:4:1:3:4:0:0:0:1
0:4:1:1:1:2:3:1:0:,recombination,4679.454743578473,0:4:1:2:1:2:3:1:0,1:4:1:2:1:2:3:1:1
1:4:1:2:2:1:2:1:1:,clone,4648.71880028653,1:4:1:2:2:1:2:1:1
0:3:1:2:2:2:2:0:0:,recombination,5175.244764945364,0:4:1:2:1:3:3:0:0,0:4:1:3:3:1:2:0:0,MUTATE
0:3:1:2:2:2:3:1:0:,recombination,4991.500797901505,1:4:1:3:3:2:2:0:1,0:4:1:2:2:2:2:0:0
1:4:0:3:4:0:0:0:1:,recombination,4255.539085505938,1:4:0:3:4:1:1:0:1,0:4:1:2:2:2:2:0:0,MUTATE
1:4:0:3:3:1:1:0:1:,recombination,4345.556937580293,1:4:0:3:4:1:1:0:1,0:3:1:1:1:3:4:1:0
2:4:0:3:3:2:1:0:2:,recombination,5522.475058896711,2:4:0:3:3:1:2:0:2,0:4:1:1:1:3:3:0:0,MUTATE
1:4:0:3:3:2:2:1:1:,recombination,5017.148292540781,2:4:0:4:4:1:0:0:2,1:4:0:2:2:2:2:1:1,MUTATE
2:4:0:4:4:0:1:0:2:,clone,5304.533873213441,2:4:0:4:4:0:0:0:2
1:4:0:2:2:3:2:1:1:,recombination,5069.846967140466,1:4:0:3:2:2:2:0:1,1:4:0:3:3:1:1:1:1,MUTATE
1:4:0:3:2:1:2:1:1:,clone,5059.0089704990805,1:4:1:3:2:1:2:0:1
0:4:1:2:1:4:3:1:0:,clone,5597.808425499396,0:4:1:1:1:4:3:1:0
0:3:1:1:1:3:4:1:0:,clone,5042.946209083163,0:3:1:1:1:3:4:1:0
1:4:0:3:2:2:2:1:0:,recombination,5997.056455761728,1:4:1:3:2:2:2:1:0,0:3:1:1:1:3:3:0:0,MUTATE
1:4:1:3:3:3:2:1:1:,recombination,5896.919787727953,1:4:1:3:3:3:2:0:1,1:4:0:3:3:2:2:1:1,MUTATE
1:4:1:2:1:4:3:1:1:,recombination,5720.571900945271,1:4:1:2:2:2:2:0:1,1:4:1:2:2:3:2:1:1
2:4:0:4:4:2:1:0:2:,recombination,5611.136851610508,0:4:1:2:2:3:2:0:0,1:4:0:3:3:2:1:1:2,MUTATE
1:4:1:2:2:2:2:1:1:,recombination,4501.207627391308,1:4:0:3:3:2:2:1:2,0:4:1:2:1:2:3:0:0
1:4:0:2:1:3:3:1:1:,clone,5420.727788399587,1:4:0:2:1:3:3:1:1
0:4:1:2:2:2:3:1:0:,recombination,4737.662521528893,0:4:1:2:2:2:2:1:0,0:3:1:2:2:2:3:1:0,MUTATE
0:4:1:3:2:2:2:1:0:,recombination,5381.981606780506,1:4:0:2:2:2:3:1:1,1:4:0:3:3:0:1:0:1,MUTATE
0:4:0:1:1:4:3:1:0:,recombination,5618.574254383108,1:4:0:2:1:3:3:1:1,0:3:1:1:1:3:3:0:0,MUTATE
0:2:1:0:0:4:4:1:0:,recombination,6218.511672338998,1:4:1:2:2:3:2:1:1,1:4:0:3:4:1:1:0:1,MUTATE
1:4:1:4:4:0:0:0:1:,recombination,4581.760233199063,1:4:0:4:4:0:0:0:1,0:4:1:3:3:0:1:0:1
1:4:1:1:1:4:3:1:0:,recombination,5924.195996216738,1:4:1:2:1:4:3:1:1,0:4:0:2:2:3:3:1:0
0:3:1:2:1:3:3:0:0:,clone,5632.101320374169,0:3:1:2:1:3:3:0:0
1:4:0:1:1:3:3:1:0:,recombination,5263.164116141866,0:4:1:1:1:3:4:1:0,0:4:1:1:1:3:3:0:0
2:4:0:4:4:0:0:0:2:,recombination,5232.526334014882,2:4:0:4:4:0:1:0:2,1:4:1:3:3:2:2:1:1,MUTATE
0:4:1:3:3:1:2:1:0:,clone,5256.592566376818,0:4:1:3:2:2:2:1:0
0:3:1:1:0:3:4:1:0:,clone,5255.432199871671,0:3:1:1:0:3:4:1:0
1:4:1:2:1:4:3:1:0:,clone,5915.4350513581685,0:4:1:2:1:4:3:1:0
0:4:1:2:1:3:3:1:0:,clone,4793.132411369309,0:4:1:2:1:3:3:1:0
0:4:1:1:1:2:3:1:0:,clone,4626.563451911434,0:4:1:1:1:2:3:1:0
1:4:0:2:1:3:3:1:1:,recombination,5106.905078192383,1:4:0:3:3:2:2:1:2,1:4:0:3:3:2:1:0:1
0:3:1:0:0:4:4:1:0:,recombination,5404.344144488539,1:4:1:2:2:3:3:1:1,1:4:0:3:3:2:2:1:2,MUTATE
1:4:1:2:2:2:3:0:1:,recombination,4886.89379957507,0:4:1:1:1:3:3:1:0,1:4:1:1:1:3:4:1:1
0:4:1:1:1:4:4:1:0:,clone,5901.640106441467,0:3:1:1:0:4:4:1:0
0:3:0:2:2:2:3:1:0:,recombination,5094.25010958008,1:4:1:1:1:2:3:1:1,1:4:0:3:3:2:2:1:1,MUTATE
1:4:0:2:2:1:2:0:1:,recombination,4617.129978252329,0:4:1:3:3:1:1:0:0,1:4:0:4:4:1:0:0:2
1:4:0:2:2:1:2:0:1:,recombination,4583.366120635043,1:4:0:2:2:1:2:0:1,1:4:0:3:3:2:2:1:2,MUTATE
0:3:0:2:2:2:2:1:0:,clone,5094.25010958008,0:4:0:2:2:2:2:1:0
0:4:1:2:1:2:3:0:0:,clone,4941.413687595618,0:4:1:2:2:2:2:0:0
1:4:1:3:3:0:1:0:1:,clone,4450.084238620114,1:4:1:3:3:0:1:0:1
1:4:1:4:4:1:1:0:2:,clone,5347.838311574028,2:4:1:4:4:0:0:0:2
1:4:0:3:3:2:2:0:2:,recombination,5665.843844029218,1:4:1:2:2:2:2:0:1,2:4:0:3:3:2:2:0:2
0:3:0:2:2:3:3:1:0:,clone,5782.46070216227,0:4:0:2:2:3:3:1:0
0:4:1:3:3:0:0:0:0:,clone,4395.640841020679,0:4:1:3:3:0:1:0:0
0:3:0:2:2:2:3:1:0:,clone,5082.265390567855,0:3:0:2:2:2:3:1:0
1:4:1:4:4:0:0:0:1:,recombination,4445.300100400667,1:4:1:3:3:0:1:0:1,1:4:1:4:4:1:1:0:1
0:4:0:2:2:2:2:0:0:,recombination,4918.134079366241,0:3:0:1:1:3:3:1:0,0:4:0:2:2:2:3:0:0,MUTATE
1:4:0:3:3:2:2:0:2:,clone,5665.8438440292175,2:4:0:3:3:2:1:0:2
0:3:1:1:0:4:4:2:0:,recombination,5582.9099977372425,0:4:1:1:1:4:4:1:0,0:3:1:2:2:2:3:1:0
1:4:0:2:1:3:3:1:1:,recombination,5027.99639882788,1:4:0:2:1:3:3:1:1,0:3:0:2:2:2:3:1:0
0:4:0:2:2:1:2:0:0:,clone,4543.996434617812,0:4:0:2:2:1:2:0:0
0:3:1:2:1:3:3:0:0:,clone,5538.6436259581915,0:3:1:2:1:3:3:0:0
1:4:0:1:1:3:3:1:0:,clone,4884.509036747337,1:4:0:2:1:3:3:1:1
1:4:0:2:1:3:3:1:1:,clone,4965.355642684493,1:4:0:1:1:3:3:1:0
1:4:0:4:4:1:0:0:1:,clone,5004.454356249828,1:4:0:4:4:1:0:0:1
0:4:1:2:1:2:3:0:0:,clone,4787.756771791118,0:4:1:2:1:2:3:0:0
1:4:0:4:4:0:1:0:1:,recombination,4885.227822977882,1:4:0:3:2:2:2:1:1,1:4:0:4:4:0:0:0:1
1:4:1:3:2:2:2:0:1:,recombination,4749.125337410625,0:4:1:2:2:2:2:0:0,1:4:0:3:2:2:2:0:1
1:4:0:2:2:3:3:1:0:,recombination,4955.629546974143,1:4:1:2:2:2:2:0:1,1:4:0:2:1:3:3:1:1
1:4:0:2:1:2:3:1:0:,clone,4975.295030491125,0:4:0:2:2:1:2:0:0
0:3:1:2:1:2:3:1:0:,recombination,5409.612449336748,1:4:1:3:3:2:2:0:1,1:4:1:2:2:2:3:1:0,MUTATE
1:4:1:2:2:4:3:1:0:,recombination,5598.9200489626855,1:4:0:3:3:3:2:1:1,0:4:1:1:1:4:3:1:0
0:4:1:2:1:2:3:1:0:,recombination,4565.344552485982,1:4:1:2:2:1:2:1:1,1:4:1:3:3:1:1:0:1
0:4:1:2:2:1:3:1:0:,recombination,4866.994676933207,1:4:1:2:2:1:2:1:1,0:4:1:2:2:2:2:0:0,MUTATE
0:2:1:0:0:4:4:1:0:,clone,6212.487602265741,0:2:1:0:0:4:4:1:0
0:4:0:2:1:2:3:1:0:,clone,5054.65282709521,0:4:0:2:2:2:3:1:0
0:3:0:2:1:2:3:1:0:,clone,5045.062141237855,0:3:0:2:2:2:3:1:0
0:4:1:2:2:2:2:0:0:,recombination,4495.484486327647,1:4:0:2:2:1:2:0:1,0:4:1:3:3:1:2:0:0,MUTATE
0:4:1:3:3:0:1:0:0:,clone,4336.936518953657,0:4:1:3:3:0:1:0:0
1:4:0:3:4:0:1:0:1:,clone,4885.227822977882,1:4:0:4:4:0:1:0:1
1:4:1:1:1:3:3:1:1:,recombination,5066.940216712264,1:4:0:2:1:3:3:1:1,0:4:1:1:1:2:3:1:0,MUTATE
0:4:0:2:2:3:2:1:0:,clone,5212.3892736665985,0:4:0:2:2:3:2:1:0
0:4:1:2:2:1:2:1:0:,clone,5054.190564149635,0:4:1:2:2:2:3:0:0
1:4:1:3:3:0:1:0:1:,recombination,4071.517196260567,1:4:0:2:2:3:3:1:1,1:4:1:3:4:0:0:0:1
0:3:1:2:1:2:3:1:0:,clone,5285.893555685658,0:3:1:2:1:2:3:1:0
0:3:0:2:2:2:2:1:0:,clone,5066.778879497718,0:3:0:2:2:2:2:1:0
1:4:0:2:2:2:1:0:1:,clone,4523.1370131644135,1:4:1:2:2:2:2:0:1
0:3:1:2:2:2:2:0:0:,recombination,4383.610663412861,0:4:1:2:2:0:1:0:0,1:4:1:2:2:2:3:1:0
0:4:1:2:1:2:3:0:0:,recombination,4697.630081205071,0:4:1:2:2:2:2:0:0,1:4:0:2:1:3:3:1:0,MUTATE
0:4:0:2:2:1:2:1:0:,clone,4496.208447318299,0:4:0:2:2:1:2:1:0
1:4:1:4:4:0:1:0:1:,clone,4791.898770635482,1:4:1:4:4:0:1:0:1
0:3:1:1:1:2:4:1:0:,recombination,5729.493543485,1:4:0:2:2:1:2:0:1,0:4:1:1:1:3:4:1:0
1:4:0:2:2:2:2:1:1:,recombination,4471.931620958002,1:4:1:2:2:3:3:1:0,0:4:0:2:1:2:3:1:0,MUTATE
1:4:1:2:2:3:3:1:0:,recombination,5016.602415040424,1:4:0:2:2:2:2:0:1,0:4:1:2:2:2:2:1:0
0:3:1:2:2:3:3:0:0:,recombination,5318.954577359783,0:4:1:3:3:0:1:0:0,0:4:1:2:1:4:3:1:0
0:3:0:2:2:3:3:1:0:,recombination,5201.039269595755,0:4:0:2:2:3:2:1:0,1:4:0:2:1:2:3:1:0
1:4:0:2:2:3:3:0:1:,recombination,5698.438269215104,1:4:0:2:2:2:2:0:1,1:4:0:2:2:3:3:0:1
0:3:1:1:1:4:4:1:0:,recombination,5171.380740303314,0:4:1:2:2:2:2:1:0,0:4:1:2:1:3:3:1:0,MUTATE
1:4:0:2:1:2:3:1:1:,recombination,4676.5975136638635,1:4:0:1:1:3:3:1:0,1:4:1:2:2:1:2:0:1,MUTATE
0:3:1:1:1:4:4:1:0:,clone,4876.995979859879,0:3:1:1:1:4:4:1:0
0:4:1:2:2:1:2:0:0:,clone,4241.659665493456,0:4:1:2:2:1:2:0:0
0:3:1:1:0:4:4:1:0:,recombination,4833.866614957425,0:2:1:0:0:4:4:1:0,1:4:1:2:1:2:3:1:1,MUTATE
0:4:0:2:2:2:3:1:0:,clone,4828.179177178248,0:4:0:2:1:2:3:1:0
0:3:0:2:1:2:3:1:0:,clone,5027.639070749395,0:3:0:2:1:2:3:1:0
1:4:0:2:2:2:2:1:0:,clone,4632.180819023468,0:4:0:2:2:2:3:1:0
0:2:1:0:0:4:4:1:0:,recombination,5904.389547104756,1:4:1:2:2:2:3:1:0,1:4:0:3:3:1:1:0:1,MUTATE
0:2:1:1:0:3:4:1:0:,recombination,5502.961296702915,0:3:1:1:1:4:3:1:0,0:3:1:1:1:3:4:1:0,MUTATE
0:4:1:2:2:2:2:0:0:,clone,4355.769950122534,0:4:1:2:2:1:2:0:0
0:3:0:1:1:3:4:1:0:,recombination,5305.32258610559,0:3:1:1:1:3:3:1:0,0:4:1:2:2:2:3:1:0,MUTATE
0:4:0:1:1:3:3:1:0:,clone,4967.3623432080285,0:4:1:1:1:3:3:1:0
1:4:0:3:3:0:1:0:1:,recombination,4322.415831348753,1:4:0:2:2:1:2:0:1,1:4:0:4:4:0:0:0:2
1:4:0:2:2:2:2:1:0:,recombination,4599.851210583489,1:4:0:2:2:2:2:1:0,1:4:0:2:2:2:2:1:1,MUTATE
1:4:0:3:4:0:1:0:1:,clone,4746.802684167559,1:4:0:4:4:0:1:0:2
1:4:1:2:2:1:2:0:1:,recombination,4309.331379838114,1:4:1:2:2:2:2:1:1,1:4:1:4:4:0:0:0:1
0:4:0:1:1:3:3:1:0:,recombination,4331.034657081061,1:4:0:2:1:2:3:1:1,0:4:1:2:2:3:3:1:0,MUTATE
0:3:0:1:1:3:3:1:0:,recombination,4457.897865123979,1:4:1:2:1:3:3:1:0,1:4:0:2:2:2:2:1:1
1:4:0:4:4:1:1:0:1:,recombination,4926.8112905381695,2:4:0:4:4:1:0:0:2,1:4:1:2:2:2:2:1:1
1:4:1:1:0:3:4:1:0:,clone,5770.114027596573,1:4:1:1:0:3:4:1:0
0:3:1:0:0:4:4:1:0:,recombination,5140.980748968305,1:4:1:2:2:3:2:1:1,0:3:1:0:0:4:4:1:0
0:4:0:2:1:3:3:1:0:,recombination,4849.902201918953,0:4:1:2:2:2:3:1:0,0:3:0:1:1:3:3:1:0
1:4:1:1:1:3:3:1:0:,recombination,5127.317509953436,1:4:1:1:1:3:3:1:0,1:4:0:2:2:3:3:1:1
0:4:0:1:1:2:3:1:0:,clone,5004.545631316789,0:4:0:1:1:2:3:1:0
0:3:1:1:0:3:4:1:0:,recombination,5169.918935253052,0:4:1:2:2:2:2:1:0,1:4:0:2:1:3:3:1:1,MUTATE
1:4:0:3:3:2:2:1:1:,recombination,4938.092916984276,1:4:1:3:3:0:1:0:1,1:4:0:3:3:2:1:1:2,MUTATE
0:2:1:0:0:4:4:1:0:,clone,5140.980748968305,0:2:1:0:0:4:4:1:0
0:4:1:1:1:4:4:1:0:,clone,5813.625243609967,0:3:1:1:1:4:3:1:0
0:4:1:2:1:3:3:1:0:,clone,4670.467289966958,0:4:1:2:1:3:3:1:0
1:4:0:2:2:2:3:1:0:,clone,5053.0102544990505,1:4:0:2:2:2:3:1:0
0:4:0:2:1:2:3:1:0:,clone,4770.73027027285,0:4:0:2:1:2:3:1:0
0:4:1:2:1:2:3:0:0:,recombination,4686.242677003857,0:4:1:2:1:2:3:0:0,0:4:1:2:2:1:2:1:0
0:3:1:1:0:3:4:1:0:,clone,5114.099318350077,0:3:1:1:0:3:4:1:0
0:3:1:1:1:4:3:1:0:,recombination,4998.226683319221,1:4:0:3:3:2:2:1:2,1:4:1:2:2:3:3:1:1
0:3:1:2:1:2:3:0:0:,recombination,4730.794957981298,0:3:1:2:2:2:2:0:0,1:4:1:2:2:3:3:1:0
0:3:1:1:0:3:4:1:0:,clone,4959.729481912738,0:3:1:1:0:3:4:1:0
1:4:0:2:2:2:3:0:1:,recombination,5269.334538883908,0:3:1:1:1:2:4:1:0,0:4:0:2:2:2:2:0:0,MUTATE
0:3:0:1:0:4:4:1:0:,recombination,5447.911949521502,1:4:0:2:2:3:3:1:1,1:4:1:2:2:3:3:0:1
0:2:1:1:0:4:4:1:0:,recombination,5204.875081886588,0:4:1:3:3:0:1:0:0,0:2:1:0:0:4:4:1:0
0:3:1:2:1:2:3:1:0:,clone,5241.481608898389,0:3:1:2:1:2:3:1:0
0:4:1:2:2:2:2:1:0:,clone,4325.769428008351,0:4:1:2:2:2:2:1:0
0:4:0:1:1:2:3:1:0:,recombination,4777.025274684214,1:4:0:2:1:2:3:1:0,1:4:0:3:3:3:2:0:1,MUTATE
0:2:1:0:0:4:4:1:0:,clone,4995.092724184355,0:3:1:0:0:4:4:1:0
1:4:1:2:1:2:3:0:1:,recombination,5216.016587372904,1:4:1:2:1:4:3:1:1,0:4:1:2:1:2:3:1:0
1:4:1:1:1:2:3:1:1:,recombination,4899.835393922641,1:4:1:1:1:3:3:1:1,1:4:1:2:2:2:3:0:1
1:4:1:2:1:3:3:1:0:,recombination,4902.138574711214,0:4:1:2:1:3:3:1:0,1:4:1:2:1:3:3:1:0
0:3:1:0:0:4:4:1:0:,clone,5055.550257419536,0:3:1:0:0:4:4:1:0
0:4:1:2:2:2:2:0:0:,clone,4325.769428008351,0:4:1:2:2:2:2:1:0
0:3:0:1:1:4:3:1:0:,recombination,4861.097778614109,1:4:1:4:4:1:1:0:1,0:2:1:0:0:4:4:1:0
1:4:0:1:1:3:3:1:1:,clone,5335.135935099382,1:4:0:1:1:3:3:1:1
0:2:1:1:1:3:4:1:0:,clone,4993.3441207751675,0:2:1:1:1:3:4:1:0
0:2:1:1:0:3:4:1:0:,clone,4851.837625181629,0:3:1:1:0:4:4:1:0
0:3:0:1:1:2:3:1:0:,clone,4814.971132781597,0:3:0:1:1:2:3:1:0
1:4:1:4:4:1:1:0:2:,clone,5292.6016094969555,1:4:1:4:4:1:1:0:2
1:4:0:1:1:3:3:1:1:,recombination,5251.5958097040575,0:4:1:2:2:3:3:0:0,1:4:0:3:3:2:2:1:1
0:3:1:1:1:2:3:1:0:,recombination,4451.149834345022,0:3:1:2:2:2:2:0:0,0:4:1:2:2:2:2:0:0
1:4:0:2:2:3:3:0:1:,clone,5698.438269215102,1:4:0:2:2:3:3:0:1
0:3:1:0:0:4:4:2:0:,clone,5849.9802571837,0:3:1:1:0:4:4:1:0
1:4:0:3:4:1:1:0:1:,clone,4714.914520102445,1:4:0:3:3:1:1:0:1
0:3:0:1:1:2:3:1:0:,clone,4729.103744285828,0:3:0:2:1:2:3:1:0
0:4:1:1:0:4:4:1:0:,recombination,5526.948960212083,1:4:1:2:2:2:2:1:1,0:3:1:1:1:3:3:1:0
0:4:1:3:3:1:2:0:0:,recombination,4639.312344122076,0:4:1:3:3:1:1:0:0,0:4:1:2:1:2:3:0:0,MUTATE
0:3:1:2:2:3:3:1:0:,recombination,5811.0194471379455,1:4:1:2:1:2:3:0:1,1:4:1:3:3:0:1:0:1
0:4:1:1:0:3:4:1:0:,recombination,5233.091980449126,0:4:1:1:1:4:4:1:0,1:4:0:1:1:3:3:1:1,MUTATE
0:4:1:2:1:2:2:0:0:,recombination,4590.983022179436,0:4:0:2:2:1:2:1:0,1:4:1:2:1:4:3:1:1,MUTATE
0:4:1:2:1:2:3:0:0:,clone,4482.390479222478,0:4:1:2:1:2:2:0:0
0:4:1:2:1:2:2:1:0:,recombination,4433.81293991602,1:4:0:3:3:2:2:1:1,0:4:1:2:2:2:2:0:0,MUTATE
0:4:1:1:1:4:4:1:0:,recombination,5429.494069768317,0:3:1:1:1:3:4:1:0,1:4:1:3:3:3:2:1:1
0:4:1:2:2:3:3:0:0:,recombination,5318.190856224982,1:4:1:2:2:3:3:1:0,1:4:0:2:2:2:3:0:1,MUTATE
0:4:1:3:2:2:2:1:0:,recombination,5283.00889645541,0:4:1:3:2:2:2:1:0,0:3:1:2:1:3:3:0:0,MUTATE
0:3:1:1:1:3:4:1:0:,clone,4847.502968385667,0:3:1:1:1:3:4:1:0
0:3:1:2:2:1:2:0:0:,recombination,4773.393224850906,0:4:1:3:3:2:2:0:0,0:3:1:2:2:1:2:0:0,MUTATE
0:2:1:0:0:4:4:1:0:,clone,4941.53982889339,0:2:1:0:0:4:4:1:0
0:3:1:2:1:3:3:0:0:,clone,5525.4402565220125,0:3:1:1:1:3:3:1:0
1:4:1:3:4:0:1:0:1:,clone,4715.489354106071,1:4:0:3:4:0:1:0:1
0:3:1:1:0:4:4:0:0:,clone,6594.946054079774,0:3:1:1:0:4:4:0:0
0:4:1:1:1:4:4:1:0:,recombination,5402.206915167943,1:4:1:2:1:2:3:1:0,1:4:0:3:3:2:2:1:1
0:3:0:1:1:4:4:2:0:,recombination,5611.1368516105085,1:4:1:2:2:3:3:1:0,0:3:1:1:1:4:4:1:0
0:3:0:1:1:2:3:1:0:,clone,4546.260767645455,0:3:0:1:1:2:3:1:0
0:3:0:2:1:2:3:1:0:,clone,4787.510270234299,0:3:0:1:1:2:3:1:0
0:4:1:1:1:4:4:1:0:,clone,5367.6690339265615,0:4:1:1:1:4:4:1:0
0:3:1:0:0:4:4:2:0:,recombination,5772.601675128917,0:4:1:2:2:3:2:1:0,1:4:0:2:1:2:3:1:0
0:3:1:1:0:3:4:0:0:,clone,6719.855701563507,0:4:1:1:1:3:4:0:0
0:3:1:0:0:4:4:2:0:,recombination,5368.33122093639,1:4:1:2:2:4:3:1:1,0:3:1:2:1:3:3:1:0
0:2:1:1:0:4:4:1:0:,recombination,4880.47018427915,0:3:1:2:2:3:3:0:0,0:3:1:0:0:4:4:1:0,MUTATE
1:4:0:4:4:2:1:0:1:,clone,5492.310395010617,1:4:0:4:4:2:1:0:1
1:4:1:4:4:1:1:0:2:,clone,5142.22061106808,1:4:1:4:4:1:1:0:2
0:3:1:1:0:3:4:2:0:,recombination,5876.28787604748,0:3:1:1:1:3:3:1:0,1:4:1:2:2:2:2:0:1,MUTATE
0:4:1:1:1:3:4:1:0:,recombination,5336.2891814761015,1:4:0:2:2:2:3:1:1,1:4:0:4:4:0:0:0:1,MUTATE
1:4:1:2:2:3:2:1:1:,recombination,5072.807081137317,0:4:0:2:2:3:2:1:0,1:4:0:3:3:2:1:1:1,MUTATE
0:3:1:1:0:4:4:2:0:,recombination,5564.598414486504,0:4:1:2:2:2:3:1:0,0:4:1:2:2:1:3:1:0
0:4:1:1:1:3:4:1:0:,clone,5098.418908056453,0:4:1:1:1:3:4:1:0
0:3:1:2:2:2:3:0:0:,clone,4820.897228519038,0:4:1:2:2:2:2:0:0
1:4:0:2:2:2:3:0:1:,recombination,5268.8326921902835,1:4:1:1:1:3:4:1:1,0:4:1:3:3:1:1:0:1,MUTATE
0:3:1:0:0:4:4:1:0:,recombination,5019.392179520575,0:4:1:1:1:4:4:1:0,0:3:1:1:1:3:4:1:0,MUTATE
0:2:1:0:0:4:4:2:0:,recombination,5294.653541790455,0:4:1:1:1:3:3:1:0,1:4:0:2:2:2:2:0:1,MUTATE
0:3:1:1:0:3:4:2:0:,recombination,5685.824445790551,0:3:1:1:1:4:4:1:0,1:4:1:2:2:2:2:0:1
1:4:1:2:2:3:2:1:0:,clone,5072.807081137317,1:4:1:2:2:3:2:1:1
0:2:1:0:0:4:4:2:0:,clone,5219.186345628068,0:2:1:0:0:4:4:1:0
0:3:1:1:1:3:3:1:0:,recombination,4504.422043752038,1:4:0:2:2:3:2:1:1,0:3:1:1:1:3:3:0:0,MUTATE
0:4:0:2:2:2:2:0:0:,recombination,4905.158398114027,1:4:1:4:4:1:1:0:1,0:3:1:1:1:3:3:0:0
0:4:0:2:2:2:2:0:0:,clone,4894.307425599159,0:4:0:2:2:2:2:0:0
0:3:1:2:1:1:2:0:0:,recombination,4417.354567993486,0:4:1:2:2:0:1:0:0,1:4:0:1:1:3:3:1:1
0:3:1:1:1:3:4:0:0:,recombination,6468.140870674232,0:4:1:2:2:2:2:1:0,0:3:1:1:1:4:4:0:0
0:4:1:1:0:3:4:1:0:,recombination,5091.28729744704,1:4:1:1:1:2:3:1:0,1:4:0:3:3:2:2:1:1,MUTATE
1:4:1:1:1:3:4:1:0:,recombination,5591.512846757861,1:4:0:3:3:2:2:0:2,1:4:0:1:1:3:3:1:1
0:3:1:2:2:3:3:1:0:,recombination,5622.267020213998,0:3:1:2:1:3:3:0:0,1:4:0:3:3:1:2:0:1,MUTATE
0:3:0:2:1:3:3:1:0:,recombination,4808.602385930539,0:4:0:2:2:3:2:1:0,1:4:0:2:2:3:3:1:1,MUTATE
1:4:1:1:1:3:4:1:0:,clone,5456.651149938881,1:4:1:1:1:3:4:1:0
0:3:1:1:0:3:4:1:0:,recombination,4741.075288802457,1:4:0:2:2:2:3:1:1,0:3:1:1:1:3:3:1:0,MUTATE
2:4:0:4:4:0:0:0:2:,clone,4731.107345506693,0:2:1:0:0:4:4:1:0
0:3:1:2:2:3:3:1:0:,clone,5552.942942364474,0:3:1:2:2:3:3:1:0
0:3:1:3:3:2:2:0:0:,clone,5473.527182161175,0:3:1:3:2:2:2:0:0
0:4:0:2:1:4:3:1:0:,clone,5802.621066750046,1:4:0:2:1:4:3:1:0
0:3:1:1:1:2:3:0:0:,recombination,5249.40640183569,0:3:1:1:1:4:3:1:0,0:3:1:2:2:1:2:0:0,MUTATE
0:4:0:2:2:2:2:1:0:,recombination,4627.8072350029115,0:2:1:0:0:4:4:2:0,0:3:1:1:0:3:4:1:0,MUTATE
0:3:1:2:2:3:2:0:0:,recombination,5216.325332923084,0:3:1:2:2:3:3:1:0,0:3:1:1:0:3:4:1:0
0:3:1:1:1:3:4:1:0:,clone,4800.46712905188,0:3:1:1:1:3:3:1:0
0:4:1:1:1:3:3:1:0:,recombination,4282.046987615869,1:4:0:3:4:0:1:0:1,0:4:1:1:1:3:4:1:0,MUTATE
0:2:1:1:1:4:4:1:0:,recombination,5456.710031997347,1:4:0:2:2:2:2:1:1,1:4:1:2:1:3:3:1:0,MUTATE
0:3:1:0:0:4:4:2:0:,recombination,5278.329841968109,1:4:1:3:4:0:1:0:1,0:3:1:1:1:4:4:1:0,MUTATE
0:3:1:1:0:3:3:1:0:,clone,4316.849306020698,0:3:1:1:0:3:3:1:0
0:3:1:1:1:4:4:1:0:,clone,4842.8324560904075,0:3:1:1:1:3:3:1:0
0:3:1:1:0:3:4:1:0:,clone,4636.415551272831,0:3:1:1:0:3:3:1:0
0:2:1:0:0:4:4:2:0:,clone,5125.666021436082,0:2:1:0:0:4:4:2:0
0:4:0:2:1:4:3:1:0:,clone,5611.136851610509,0:4:0:2:1:4:3:1:0
0:3:1:1:0:3:4:1:0:,clone,4395.623112972311,0:3:1:1:0:3:3:1:0
1:4:1:3:2:3:3:0:1:,clone,6672.403643964274,1:4:1:2:2:3:3:0:1
0:3:1:1:0:3:4:1:0:,clone,4351.38718726208,0:3:1:1:0:3:3:1:0
1:4:1:3:2:3:3:0:1:,clone,6651.883577982672,1:4:1:3:2:3:3:0:1
1:4:1:2:1:3:3:0:1:,recombination,6455.285581562301,1:4:0:2:2:3:3:0:1,1:4:1:2:2:3:3:1:1
0:2:1:0:0:4:4:2:0:,clone,5044.819415498923,0:2:1:0:0:4:4:2:0
0:2:1:1:0:4:4:2:0:,clone,5249.013562275168,0:2:1:0:0:4:4:2:0
0:3:1:2:2:1:2:0:0:,recombination,4648.491134306884,0:4:1:1:1:3:4:1:0,0:3:1:2:2:1:2:0:0
1:4:0:2:1:4:3:1:0:,clone,5611.136851610509,1:4:0:2:1:4:3:1:0
0:3:1:1:0:3:4:1:0:,clone,4351.387187262079,0:3:1:1:0:3:4:1:0
0:3:1:1:0:4:4:2:0:,clone,5534.070451803361,0:3:1:1:0:4:4:2:0
0:3:1:2:1:2:3:1:0:,recombination,5030.726944458466,1:4:1:3:2:1:2:1:1,1:4:0:2:2:3:3:1:1,MUTATE
0:3:1:1:0:4:4:2:0:,recombination,5317.183227187207,0:4:1:2:2:2:3:1:0,1:4:1:3:2:2:3:0:1,MUTATE
1:4:0:3:2:3:2:0:1:,clone,6001.788225071853,1:4:0:3:2:3:2:0:1
0:4:1:1:1:2:3:0:0:,recombination,4867.423060083961,0:3:1:2:2:2:2:0:0,1:4:1:1:1:3:4:1:1
0:3:1:0:0:4:4:1:0:,recombination,4929.279965750334,1:4:0:2:2:2:2:1:1,1:4:0:3:3:2:2:1:1,MUTATE
0:3:1:1:1:3:3:1:0:,clone,4264.590014049665,0:3:1:1:1:3:3:1:0
0:3:1:0:0:3:4:1:0:,recombination,5020.526095423967,1:4:0:2:2:2:3:1:0,0:3:1:0:0:4:4:1:0
0:4:1:1:1:3:4:1:0:,recombination,5075.182015962418,1:4:1:1:1:2:3:1:1,1:4:0:3:2:1:2:0:1
0:4:1:1:1:2:3:1:0:,recombination,4606.945454417649,0:4:1:1:1:2:3:0:0,0:4:1:1:1:3:4:1:0,MUTATE
0:3:1:3:3:2:2:0:0:,clone,5374.800203073702,0:3:1:3:3:2:2:0:0
0:2:1:0:0:4:4:1:0:,recombination,4704.078570435217,1:4:0:3:3:2:2:1:1,1:4:0:2:2:2:2:1:0,MUTATE
0:3:1:0:0:4:4:1:0:,clone,4857.004047742506,0:3:1:0:0:4:4:1:0
0:4:1:1:1:3:4:1:0:,clone,4955.10354568214,0:4:1:1:1:3:3:1:0
0:3:0:1:1:4:4:2:0:,recombination,5487.7242830939695,1:4:1:2:2:2:3:1:0,1:4:0:3:3:3:2:1:1
0:3:1:2:2:3:3:1:0:,recombination,5352.637870311166,0:4:1:3:3:1:1:0:0,0:3:1:2:2:2:3:1:0,MUTATE
1:4:0:4:4:1:1:1:1:,clone,5611.136851610509,1:4:0:4:4:1:1:0:2
0:2:1:0:0:4:4:2:0:,recombination,5043.942429958469,1:4:1:2:2:2:3:1:0,1:4:0:2:2:2:2:1:1,MUTATE
0:4:1:2:2:4:3:1:0:,clone,6003.689134103764,0:4:1:2:2:4:3:1:0
0:4:0:1:1:4:3:2:0:,recombination,5611.1368516105085,1:4:1:3:3:2:2:0:1,1:4:0:2:2:4:3:1:1
1:4:1:1:1:3:3:1:0:,clone,5082.694743499921,0:4:1:1:1:3:3:1:0
0:3:1:1:0:4:4:2:0:,clone,5192.655802746149,0:3:1:1:0:4:4:2:0
0:4:1:1:1:4:3:1:0:,recombination,5152.9859049415045,1:4:0:2:1:4:3:1:0,0:2:1:0:0:4:4:2:0,MUTATE
0:3:1:1:1:4:3:2:0:,recombination,5911.826841764795,0:4:0:2:1:4:3:1:0,1:4:1:2:2:2:3:0:1
0:3:1:0:0:4:4:2:0:,recombination,5160.337088826827,0:3:1:1:0:4:4:2:0,2:4:0:3:3:1:1:0:2,MUTATE
0:2:1:0:0:3:4:1:0:,recombination,5203.276949027923,1:4:0:2:2:2:2:1:1,0:3:1:2:2:1:2:0:0
0:4:1:1:1:4:3:1:0:,clone,5128.351892460725,0:4:1:1:1:4:3:1:0
0:3:1:1:1:3:4:0:0:,clone,5880.812290956864,0:3:1:1:0:3:4:1:0
0:3:1:3:3:2:2:0:0:,recombination,5153.494020483316,0:3:1:3:3:2:2:0:0,1:4:1:2:2:2:2:1:0
0:3:0:1:1:4:3:2:0:,recombination,5588.6967716218205,1:4:0:4:4:2:1:1:2,0:3:0:2:1:2:3:1:0
1:4:1:3:2:2:2:1:1:,clone,5031.375570814073,1:4:1:2:2:2:2:1:1
0:2:1:0:0:4:4:2:0:,recombination,5003.123280562886,1:4:0:2:2:2:2:1:0,1:4:1:3:3:1:1:0:1
0:4:1:3:2:3:2:0:0:,clone,6455.824093658303,0:4:1:3:2:3:2:0:0
0:3:1:0:0:3:4:1:0:,recombination,4963.103742793561,0:4:1:1:1:3:4:1:0,1:4:0:2:2:1:2:0:1,MUTATE
0:4:1:0:0:4:4:1:0:,clone,5798.3027294923095,0:3:1:0:0:4:4:1:0
1:4:0:2:2:4:3:1:0:,recombination,5611.136851610509,0:4:1:2:1:4:3:1:0,0:4:0:2:1:4:3:1:0
1:4:1:2:2:3:3:1:0:,recombination,5008.930927347453,2:4:0:4:4:0:0:0:2,0:3:1:1:1:4:3:2:0,MUTATE
1:4:1:1:1:3:3:1:0:,clone,5082.69474349992,1:4:1:1:1:3:3:1:0
0:4:0:2:1:4:3:1:0:,recombination,5406.010574045693,1:4:1:2:2:1:2:1:1,1:4:0:2:2:4:3:1:0
1:4:1:2:2:2:2:1:0:,recombination,5031.375570814073,1:4:1:3:2:2:2:1:1,0:4:0:2:1:2:3:1:0
0:4:0:1:1:4:3:1:0:,clone,5569.915409497165,0:4:0:1:1:4:3:1:0
0:3:0:2:2:3:2:1:0:,clone,4946.773119663381,0:4:0:2:2:2:2:1:0
0:4:1:2:1:3:3:1:0:,recombination,4638.211377685114,0:3:1:1:0:4:4:1:0,0:3:1:1:0:4:4:1:0
0:3:0:3:3:2:2:0:0:,clone,5110.91131774988,0:3:1:3:3:2:2:0:0
0:3:1:2:2:2:2:1:0:,recombination,4648.968058687207,1:4:0:2:2:2:2:1:1,0:3:1:1:0:4:4:1:0
1:4:1:3:3:2:3:0:1:,clone,7023.669328445802,1:4:1:3:3:2:3:0:1
0:4:0:1:1:4:3:1:0:,recombination,5359.135828659432,0:4:1:3:3:0:1:0:0,0:4:0:1:1:4:3:1:0
0:3:1:1:1:3:4:0:0:,recombination,5824.962925659275,0:3:1:2:1:2:3:1:0,0:3:1:2:2:1:2:0:0
0:4:1:2:2:2:3:0:0:,clone,4866.508953561184,0:4:1:2:2:2:3:0:0
0:3:0:2:2:2:2:1:0:,recombination,5057.4104226186155,0:3:0:2:2:3:2:1:0,1:4:1:3:3:2:2:1:1
1:4:1:2:2:2:2:1:0:,recombination,4889.7411990778555,1:4:0:4:4:0:0:0:2,1:4:0:3:2:1:2:0:1,MUTATE
0:3:0:2:2:3:3:1:0:,clone,5050.019867659583,0:4:1:2:2:2:2:1:0
1:4:1:2:2:2:3:1:0:,clone,4742.245560264719,1:4:1:2:2:2:3:1:0
0:4:1:0:0:4:4:1:0:,clone,5796.7552464456785,0:4:1:0:0:4:4:1:0
0:4:1:3:2:3:2:0:0:,clone,6454.938475053484,0:4:1:3:2:3:2:0:0
0:3:0:1:1:4:4:1:0:,recombination,5477.688117664684,1:4:0:2:2:2:3:1:0,1:4:0:2:1:4:3:1:0,MUTATE
1:4:1:1:0:3:4:1:0:,clone,5603.23431290736,1:4:1:1:0:3:4:1:0
0:4:0:1:1:3:4:1:0:,recombination,5325.284799590567,0:4:1:3:3:1:2:1:0,1:4:0:3:3:3:2:1:1,MUTATE
0:3:1:1:1:4:4:2:0:,recombination,5628.647295443143,0:4:0:2:2:2:2:0:0,1:4:0:2:1:2:3:1:0
0:4:1:0:0:4:4:1:0:,clone,5757.139319821481,0:4:1:0:0:4:4:1:0
1:4:1:2:2:2:3:1:1:,clone,4774.167566107346,0:4:1:2:2:2:3:1:0
0:3:1:2:1:4:3:1:0:,clone,6276.271068095991,0:3:1:2:1:4:3:1:0
0:2:1:0:0:4:4:2:0:,recombination,4941.693944435268,0:4:0:2:2:2:2:1:0,0:3:0:1:1:3:3:1:0
1:4:1:2:1:2:3:1:0:,clone,4774.167566107346,1:4:1:2:2:2:3:1:0
0:4:0:2:2:2:3:1:0:,recombination,4795.19710091203,2:4:0:4:4:1:0:0:2,1:4:1:2:2:2:2:1:0
1:4:1:2:1:2:3:1:0:,recombination,4772.100552008151,0:4:0:1:1:4:3:1:0,1:4:1:2:2:2:3:1:1
0:4:1:3:2:3:3:0:0:,clone,6767.185984238261,0:4:1:3:2:3:2:0:0
0:4:1:3:2:3:2:1:0:,clone,6215.771858971754,0:4:1:3:2:3:2:0:0
0:4:1:3:2:3:2:1:0:,clone,6190.531145339423,0:4:1:3:2:3:2:0:0
2:4:0:4:4:0:0:0:2:,clone,4630.019384525115,0:3:1:1:1:4:3:1:0
1:4:0:3:3:1:1:0:2:,recombination,5002.123368614381,1:4:1:2:2:3:2:1:1,2:4:0:4:4:0:0:0:2,MUTATE
1:4:0:4:4:0:0:0:2:,recombination,4418.883438627862,1:4:1:2:2:2:3:0:1,2:4:0:4:4:0:0:0:2,MUTATE
2:4:0:4:4:0:0:0:2:,recombination,4601.934751040261,1:4:0:2:1:2:3:1:1,2:4:0:4:4:0:0:0:2
0:3:1:1:0:3:4:2:0:,recombination,5338.502868799555,0:4:1:2:1:3:3:1:0,1:4:1:2:2:2:2:1:0,MUTATE
1:4:0:3:3:1:2:1:1:,clone,5178.75791480592,1:4:0:3:3:1:2:1:1
1:4:0:2:2:3:3:1:1:,recombination,4925.659750984829,0:2:1:1:0:4:4:1:0,2:4:0:4:4:0:0:0:2,MUTATE
0:3:1:1:1:3:4:2:0:,recombination,5776.2818335888705,0:3:1:1:0:4:4:2:0,1:4:0:3:3:1:2:1:2,MUTATE
0:4:0:4:4:0:1:0:0:,clone,4855.8881549528305,0:4:1:4:4:1:1:0:0
0:3:1:2:2:3:3:1:0:,clone,5310.016261892444,0:3:1:2:2:3:3:1:0
1:4:0:3:3:1:1:1:1:,recombination,5171.307888357099,0:4:1:1:1:4:3:1:0,1:4:0:4:4:0:0:0:2,MUTATE
0:3:1:2:2:3:3:1:0:,recombination,5309.071539564197,0:3:1:2:2:3:3:1:0,0:4:1:1:1:4:3:1:0,MUTATE
0:2:1:0:0:3:4:1:0:,clone,5155.674870492884,0:2:1:0:0:3:4:1:0
0:3:1:2:2:3:3:1:0:,clone,5281.669582813554,0:3:1:2:2:3:3:1:0
1:4:1:2:1:3:3:0:1:,clone,5951.007969002195,1:4:1:2:1:3:3:0:1
0:4:0:3:3:2:2:0:0:,recombination,5462.187563868908,0:4:0:4:4:0:1:0:0,2:4:0:4:4:1:0:0:2
0:2:0:1:1:4:4:1:0:,recombination,5544.275760337603,0:3:1:1:1:2:3:0:0,0:3:0:1:1:4:3:2:0,MUTATE
0:2:1:1:1:4:4:1:0:,clone,5350.5423983185,0:2:1:1:0:4:4:1:0
0:3:1:1:1:4:4:2:0:,clone,5526.179445177838,0:3:1:1:1:4:4:1:0
0:2:1:0:0:4:4:2:0:,recombination,4934.761288098692,0:3:0:2:2:3:3:1:0,0:3:1:1:0:4:4:2:0,MUTATE
0:2:1:0:0:4:4:2:0:,clone,4808.99551803047,0:2:1:0:0:4:4:2:0
0:4:1:4:4:1:1:0:0:,clone,5130.555720449215,0:4:1:4:4:1:1:0:0
0:4:0:4:4:1:0:0:0:,clone,4821.825106949397,0:4:1:4:4:1:1:0:0
0:2:1:1:1:3:3:1:0:,recombination,5942.563448471864,0:3:1:3:2:2:2:0:0,0:4:1:2:1:3:3:1:0
0:2:1:1:0:4:4:2:0:,recombination,5216.5665486825565,0:3:0:2:1:3:3:1:0,0:4:1:2:2:2:2:1:0
0:4:1:3:4:1:1:0:0:,clone,5434.26476040257,0:4:0:4:4:1:0:0:0
0:3:1:3:3:2:1:0:0:,recombination,5022.828984790592,1:4:1:2:2:2:2:0:1,0:4:1:4:4:1:1:0:0
0:4:0:1:1:4:3:1:0:,recombination,5269.424572128344,0:3:1:1:1:3:4:1:0,2:4:0:3:3:2:2:0:2
0:2:1:0:0:4:4:1:0:,clone,4702.158713078214,0:2:1:1:0:4:4:1:0
0:4:0:3:3:2:2:0:0:,recombination,5325.72397141621,1:4:0:2:2:2:2:0:1,0:4:1:4:4:1:1:0:0,MUTATE
0:3:0:1:1:3:4:2:0:,recombination,5214.647270297992,0:3:1:2:2:3:3:0:0,1:4:0:3:3:1:2:0:1
0:2:1:0:0:4:4:1:0:,recombination,4686.475036030087,1:4:0:2:2:2:3:1:0,1:4:0:2:2:3:2:0:1
0:4:0:3:3:1:1:0:0:,clone,5087.175356372066,0:4:1:3:3:1:1:0:0
0:3:0:1:0:3:4:1:0:,recombination,4887.480235283897,0:2:1:0:0:4:4:1:0,1:4:0:3:4:1:1:0:2,MUTATE
0:4:1:3:3:2:2:1:0:,recombination,5322.183309407813,0:4:1:4:4:1:1:0:0,1:4:0:2:2:3:3:1:0,MUTATE
0:4:1:4:4:1:1:0:0:,clone,4935.738935504952,0:4:1:3:3:1:1:0:0
0:4:1:3:3:2:1:0:0:,recombination,5252.7444650239995,0:4:1:4:4:1:1:0:0,1:4:1:2:1:3:3:1:1
0:4:0:3:3:1:1:0:0:,clone,4985.950466062701,0:4:0:3:3:1:1:0:0
0:3:1:2:2:3:3:1:0:,recombination,5272.040948187871,1:4:1:3:3:2:2:1:1,0:4:1:4:4:1:1:0:0,MUTATE
0:3:1:1:1:4:4:2:0:,recombination,5480.045519708618,1:4:0:3:3:2:1:0:1,1:4:0:2:2:2:3:1:1,MUTATE
1:4:0:4:4:0:0:0:2:,recombination,4418.79270429321,1:4:0:3:2:2:2:0:1,0:3:1:1:0:3:4:1:0,MUTATE
0:3:1:1:1:4:3:2:0:,recombination,5551.980754558688,0:4:0:1:1:2:3:1:0,1:4:1:4:4:0:0:0:1,MUTATE
1:4:0:2:2:1:2:0:1:,clone,4514.046231585478,1:4:0:2:2:1:2:0:1
0:3:1:1:1:4:3:2:0:,recombination,5466.476024121484,0:3:0:1:1:3:4:2:0,0:3:0:1:1:3:3:1:0
0:3:1:1:1:4:4:2:0:,recombination,5449.809188236651,0:3:1:1:1:4:3:2:0,0:3:1:1:1:3:3:0:0,MUTATE
0:3:1:2:1:2:3:1:0:,clone,4933.826791239909,0:3:1:2:2:2:2:1:0
0:2:1:1:1:3:3:1:0:,recombination,5588.636531563371,0:3:1:3:3:2:1:0:0,1:4:1:2:2:3:3:0:1
1:4:0:3:4:2:1:0:1:,recombination,5322.223716650417,0:3:1:2:2:3:3:0:0,1:4:0:3:3:1:1:1:2,MUTATE
0:3:0:1:1:3:4:1:0:,recombination,5194.455516737719,1:4:0:2:1:3:3:1:0,1:4:0:2:2:2:3:1:1
0:2:1:1:1:3:3:1:0:,clone,5199.862367571727,0:3:1:2:1:3:3:1:0
0:2:1:1:1:4:4:1:0:,recombination,5320.853795497276,0:4:0:1:1:2:3:1:0,1:4:0:2:2:2:3:1:1
0:2:1:1:1:4:3:1:0:,recombination,5424.576752062752,0:4:0:2:2:2:3:1:0,0:4:1:3:3:2:2:1:0
0:2:1:1:0:4:4:1:0:,recombination,4822.772663067876,1:4:1:3:3:0:1:0:1,1:4:0:4:4:1:1:0:2
0:3:1:0:0:4:4:2:0:,recombination,5143.201706500275,0:3:0:2:2:2:2:1:0,0:4:1:1:1:3:3:1:0,MUTATE
0:3:1:2:2:3:3:1:0:,clone,5096.823966602215,0:3:1:2:2:3:3:1:0
0:3:1:1:1:4:4:2:0:,recombination,5405.2140415395015,0:4:1:2:2:1:3:1:0,0:3:1:1:1:3:3:1:0,MUTATE
0:2:1:1:1:3:3:1:0:,recombination,5168.217990093236,0:4:0:3:3:1:1:0:0,0:4:1:1:1:3:4:1:0
0:2:0:1:1:3:4:1:0:,recombination,5068.882772830077,0:3:1:1:1:3:4:0:0,0:2:1:1:1:4:4:1:0,MUTATE
0:2:0:1:1:3:4:1:0:,clone,5052.525845888733,0:2:0:1:1:3:4:1:0
0:2:1:0:0:4:4:2:0:,clone,4796.341698327326,0:2:1:0:0:4:4:2:0
0:2:1:1:0:4:4:1:0:,recombination,4748.331349308876,0:2:1:0:0:4:4:2:0,1:4:0:2:2:2:3:1:1,MUTATE
0:2:1:0:0:4:4:2:0:,clone,4774.373291136681,0:2:1:0:0:4:4:1:0
1:4:1:2:2:1:3:0:1:,recombination,5278.643260094512,1:4:0:2:2:2:3:1:1,1:4:1:4:4:0:1:0:1
0:2:1:0:0:4:4:2:0:,recombination,4701.895323744338,0:4:0:2:2:2:2:1:0,0:4:1:2:2:2:2:0:0
0:2:0:1:0:4:4:1:0:,recombination,4912.665703025031,0:2:1:1:1:4:4:1:0,1:4:1:2:1:2:3:1:1,MUTATE
0:4:0:2:2:2:2:0:0:,clone,4881.26825796499,0:4:0:2:2:2:2:0:0
0:2:0:1:0:3:4:1:0:,recombination,4874.912203408723,1:4:0:2:2:2:3:1:1,1:4:0:2:2:2:3:1:0
0:2:1:1:0:4:4:1:0:,clone,4671.73662229977,0:2:1:1:0:4:4:1:0
0:2:0:1:1:4:3:1:0:,recombination,5199.968572815768,0:2:1:0:0:4:4:1:0,0:4:1:1:1:2:3:1:0,MUTATE
0:2:1:1:1:4:4:1:0:,clone,5163.122083283176,0:2:1:1:1:4:4:1:0
2:4:0:4:4:0:1:0:2:,clone,5173.268590450617,2:4:0:4:4:0:0:0:2
2:4:0:4:4:0:1:0:2:,clone,5096.543577586765,2:4:0:4:4:1:1:0:2
2:4:0:4:4:1:1:0:2:,clone,5334.080243479868,2:4:0:4:4:1:1:0:2
2:4:0:3:4:1:1:0:2:,clone,5114.810715363235,2:4:0:4:4:1:1:0:2
2:4:0:3:4:0:1:0:2:,clone,4838.609463406549,2:4:0:3:3:0:1:0:2
2:4:0:4:4:0:1:0:2:,clone,4976.492195994972,2:4:0:4:4:0:1:0:2
2:4:0:3:4:1:1:0:2:,clone,5093.459087356575,2:4:0:3:4:0:1:0:2
1:4:0:3:3:1:1:0:2:,clone,4987.459101613561,1:4:0:3:3:1:1:0:2
1:4:0:2:2:2:3:1:1:,recombination,5036.110033594416,1:4:1:3:3:3:2:0:1,1:4:0:4:4:0:0:0:2
1:4:0:1:1:2:3:1:1:,clone,5109.9741602843815,1:4:0:1:1:2:3:1:1
1:4:0:1:1:2:3:1:0:,recombination,4953.103046140018,0:4:1:3:2:2:2:1:0,2:4:0:3:4:1:1:0:2
1:4:0:1:1:3:3:1:1:,clone,5168.813980617995,1:4:0:1:1:3:3:1:1
0:3:0:1:1:4:4:2:0:,recombination,5388.4145171955215,0:4:1:2:1:2:3:0:0,1:4:0:3:3:2:1:0:1,MUTATE
0:3:0:1:1:4:4:1:0:,clone,5414.278736697236,0:3:0:1:1:4:4:1:0
0:2:0:0:0:4:4:2:0:,recombination,4952.325292909828,0:2:0:1:0:4:4:1:0,1:4:0:2:2:3:3:1:1
1:4:0:3:3:2:1:0:2:,clone,5479.522423329277,1:4:0:4:4:1:1:0:2
0:3:1:1:0:4:4:2:0:,recombination,4954.592377562714,2:4:0:3:4:1:1:0:2,1:4:0:4:4:2:1:0:2,MUTATE
1:4:0:3:4:1:1:0:2:,clone,5497.624909716455,1:4:0:3:3:2:1:0:2
0:2:1:0:0:3:4:2:0:,clone,5712.662671960124,0:2:1:0:0:3:4:1:0
0:3:1:1:0:4:4:1:0:,recombination,4831.094555139186,0:3:1:1:0:4:4:2:0,0:3:1:1:0:4:4:2:0,MUTATE
0:3:1:0:0:4:4:1:0:,recombination,4752.393362349572,0:3:1:1:0:4:4:1:0,0:4:1:1:1:3:4:1:0
0:3:1:0:0:4:4:1:0:,recombination,4734.439480331328,0:2:1:0:0:4:4:1:0,0:3:1:1:0:4:4:1:0,MUTATE
0:2:1:0:0:4:4:2:0:,recombination,4592.366443152311,0:4:1:2:1:3:3:1:0,0:4:0:2:1:3:3:1:0,MUTATE
0:2:1:0:0:4:4:1:0:,clone,4592.366443152311,0:2:1:0:0:4:4:2:0
0:4:1:1:1:4:4:1:0:,recombination,5367.182873183356,0:3:1:1:0:3:4:0:0,1:4:1:2:2:3:3:1:1
1:4:0:4:4:0:0:0:2:,clone,4370.628289293105,0:2:1:0:0:4:4:1:0
1:4:0:4:4:0:0:0:2:,clone,4318.900679455934,1:4:0:4:4:0:0:0:2
1:4:0:4:4:0:0:0:1:,clone,4343.767821238959,1:4:0:4:4:0:0:0:1
1:4:0:4:4:0:0:0:2:,clone,4149.671804369423,1:4:0:4:4:0:0:0:2
1:4:0:3:3:0:0:0:1:,recombination,4464.778913901667,1:4:0:4:4:0:0:0:2,1:4:1:4:4:1:1:0:2,MUTATE
0:4:0:1:1:4:4:1:0:,recombination,5448.609306200217,0:4:1:1:1:4:4:1:0,1:4:0:3:3:2:2:0:1,MUTATE
1:4:1:4:4:1:0:0:2:,recombination,5303.13432131638,1:4:0:3:4:1:1:1:1,1:4:1:3:3:1:1:0:1
1:4:0:1:1:4:3:1:0:,clone,5961.030287354897,1:4:1:2:1:4:3:1:0
0:3:1:0:0:4:4:2:0:,clone,4999.031798678942,0:3:1:0:0:4:4:2:0
0:4:1:1:1:4:4:1:0:,recombination,5258.243758773649,0:4:1:1:1:4:4:1:0,0:2:1:0:0:4:4:1:0
1:4:1:2:2:1:3:0:1:,recombination,5178.990089051966,1:4:0:3:3:0:1:0:1,0:4:1:1:1:2:3:0:0,MUTATE
1:4:0:3:3:1:1:1:1:,clone,4814.089568338678,1:4:0:3:3:1:1:0:1
1:4:0:3:3:2:1:1:1:,clone,4918.899509214204,1:4:0:3:3:2:2:1:1
1:4:0:3:3:2:1:0:1:,recombination,4657.522811317346,1:4:0:2:1:3:3:1:1,0:4:0:2:2:1:2:0:0,MUTATE
1:4:0:4:4:1:1:0:1:,clone,4852.871711729426,1:4:0:4:4:1:1:0:1
1:4:0:3:2:1:2:0:1:,clone,5027.308285391462,1:4:0:3:3:1:1:0:1
1:4:1:4:4:0:0:0:2:,recombination,5187.744594691011,1:4:1:4:4:1:0:0:2,0:4:0:2:2:1:2:0:0
2:4:0:4:4:0:1:0:2:,clone,4944.155399552642,2:4:0:4:4:0:1:0:2
1:4:1:2:2:2:2:1:0:,clone,4761.654746962797,1:4:1:2:2:2:2:1:0
1:4:1:2:2:2:2:1:0:,clone,4761.654746962796,1:4:1:2:2:2:2:1:0
1:4:0:3:4:1:1:0:2:,recombination,5104.190253787812,0:4:1:2:2:0:1:0:0,2:4:0:4:4:1:1:0:2
0:4:1:1:0:3:4:1:0:,recombination,5051.697717972747,1:4:1:4:4:0:1:0:1,0:4:0:2:2:2:3:1:0
1:4:0:3:3:1:1:0:2:,clone,4983.671146976868,1:4:0:3:3:1:1:0:2
0:4:1:1:0:3:4:1:0:,clone,4929.842390720304,0:4:1:1:0:3:4:1:0
1:4:0:3:3:1:1:0:2:,recombination,4975.978310853225,0:4:1:2:2:2:3:0:0,1:4:0:2:2:3:2:1:1
2:4:0:4:4:1:1:0:2:,clone,5269.523139469788,1:4:1:4:4:1:1:0:2
1:4:1:3:3:1:1:0:2:,clone,5328.565510161567,1:4:0:4:4:1:1:0:2
0:3:2:0:0:4:4:1:0:,recombination,6707.907413465664,1:4:0:2:2:2:3:0:1,1:4:1:3:3:2:2:1:1,MUTATE
0:3:0:2:1:3:3:1:0:,clone,4773.646433239385,0:3:0:2:1:3:3:1:0
1:4:0:3:3:1:2:0:1:,clone,4713.624628411768,0:4:0:2:2:1:2:0:0
0:4:0:2:1:3:3:1:0:,clone,4797.4936907337815,0:4:0:1:1:3:3:1:0
0:4:0:2:2:2:2:0:0:,clone,4681.288824549269,0:4:0:2:2:2:2:0:0
0:2:1:0:0:4:4:1:0:,recombination,4563.3250321627065,0:3:0:1:1:2:3:1:0,0:2:1:1:0:4:4:1:0
1:4:0:3:2:2:2:0:1:,clone,4843.833299130398,1:4:0:2:2:2:2:0:1
0:2:1:0:0:4:4:1:0:,clone,4556.012619448499,0:2:1:0:0:4:4:1:0
0:2:1:0:0:4:4:1:0:,clone,4524.360578254014,0:2:1:0:0:4:4:1:0
0:3:2:0:0:4:4:1:0:,clone,6508.775659148037,0:2:1:0:0:4:4:1:0
0:2:1:1:1:3:3:1:0:,recombination,5097.5729565601405,0:4:1:2:1:3:3:1:0,1:4:0:2:2:2:2:1:1,MUTATE
0:3:0:1:0:4:4:1:0:,recombination,5356.389088027744,1:4:0:3:2:2:2:0:1,0:4:0:2:2:3:3:1:0
0:3:0:1:0:4:4:1:0:,clone,5356.389088027742,0:3:0:1:0:4:4:1:0
0:3:0:1:1:3:3:2:0:,clone,5387.667996803613,0:3:0:1:1:3:3:2:0
0:3:0:1:1:4:3:2:0:,recombination,5387.667996803613,0:3:1:1:1:3:4:1:0,0:4:1:2:1:3:3:0:0,MUTATE
0:3:1:1:1:4:4:2:0:,recombination,5182.793270983759,0:4:0:1:1:3:3:1:0,0:4:1:2:1:4:3:1:0,MUTATE
0:2:1:1:0:4:4:2:0:,recombination,5094.131478269962,0:3:1:1:1:4:4:2:0,1:4:1:3:4:0:1:0:1,MUTATE
0:2:1:1:0:4:4:2:0:,clone,5037.710477982782,0:3:1:1:1:4:4:2:0
0:4:0:1:1:3:3:2:0:,recombination,5611.136851610508,1:4:0:4:4:2:1:1:2,1:4:0:4:4:1:1:0:1
0:3:1:1:1:3:4:2:0:,recombination,5592.212665809791,1:4:0:4:4:2:1:1:2,1:4:0:3:3:2:1:0:1
0:3:1:1:1:3:4:2:0:,clone,5546.043199297179,0:3:1:1:1:3:4:2:0
1:4:0:3:3:1:1:0:2:,clone,4957.830101841636,1:4:0:3:3:1:1:0:1
2:4:0:4:4:0:0:0:2:,clone,4418.260086300383,2:4:0:4:4:0:0:0:2
2:4:0:4:4:0:0:0:2:,clone,4222.478647014654,2:4:0:4:4:0:0:0:2
0:4:1:1:0:4:4:1:0:,clone,5337.253199672848,0:4:1:1:0:4:4:1:0
1:4:0:3:3:0:0:0:2:,clone,4555.480093977078,1:4:0:3:3:0:0:0:2
1:4:0:3:3:0:0:0:1:,clone,4274.925284608812,1:4:0:3:3:0:0:0:1
1:4:0:2:2:2:3:1:1:,recombination,5002.722398373078,1:4:0:3:4:1:1:0:1,1:4:0:3:3:2:1:0:1
1:4:0:3:2:1:2:0:1:,clone,4848.0995641613,1:4:0:3:2:1:2:0:1
0:2:1:1:0:4:4:2:0:,recombination,5033.5429690277315,1:4:1:3:3:1:1:0:1,0:2:1:1:0:4:4:1:0
0:3:1:1:0:4:4:1:0:,clone,4739.98087550534,0:3:1:1:0:4:4:1:0
1:4:0:3:3:1:1:0:2:,recombination,4917.807588473956,1:4:1:2:1:3:3:1:0,0:4:0:2:1:2:3:1:0,MUTATE
1:4:1:2:1:3:3:1:1:,recombination,4855.961218375976,1:4:1:2:1:3:3:1:0,1:4:0:3:3:1:1:0:1
0:3:1:1:1:4:3:1:0:,recombination,4804.308458381336,0:2:1:0:0:4:4:1:0,2:4:0:4:4:1:1:0:2
0:3:1:1:1:3:4:2:0:,clone,5533.760855262232,0:3:1:1:1:3:4:2:0
0:2:1:1:1:3:3:1:0:,recombination,5074.297019735563,0:3:1:0:0:4:4:2:0,0:3:1:1:0:3:4:1:0,MUTATE
0:4:1:2:2:3:2:1:0:,recombination,4701.146649488738,0:3:1:1:0:4:4:2:0,0:3:0:2:1:2:3:1:0
0:4:1:2:1:3:3:1:0:,recombination,4631.755970259039,1:4:1:2:2:3:3:1:0,0:4:1:2:2:3:2:1:0
1:4:0:3:3:2:2:1:1:,clone,4807.344609128748,1:4:0:3:3:2:2:1:1
1:4:1:4:4:0:0:0:2:,recombination,4844.416942534355,1:4:1:1:1:3:4:1:0,0:3:1:1:0:4:4:0:0
1:4:1:4:4:0:1:0:2:,recombination,5272.008002272533,0:4:1:0:0:4:4:1:0,1:4:0:3:3:2:1:0:1,MUTATE
1:4:0:3:3:3:2:1:1:,recombination,5361.2586669334305,0:3:1:1:1:4:4:2:0,1:4:1:2:2:1:3:0:1,MUTATE
1:4:1:1:1:3:3:1:0:,clone,5058.202832637932,1:4:1:1:1:3:3:1:0
0:4:1:2:2:2:3:1:0:,clone,4729.874261525162,1:4:1:2:2:2:3:1:0
1:4:1:3:3:3:2:1:1:,clone,5470.3958248887,1:4:0:2:2:3:2:1:1
1:4:0:2:2:2:3:1:0:,recombination,4926.52627917528,0:4:1:2:2:2:3:0:0,0:3:1:1:0:4:4:1:0,MUTATE
1:4:1:3:2:2:2:1:0:,clone,5818.382329411263,1:4:1:3:2:2:2:1:0
0:4:1:3:2:3:2:0:0:,clone,6120.379303591693,0:4:1:2:2:3:3:0:0
1:4:1:1:1:3:3:1:0:,clone,4840.039528039726,1:4:1:2:1:2:3:1:1
0:3:1:0:0:4:4:1:0:,clone,4695.16395714352,0:3:1:1:0:4:4:1:0
1:4:1:1:1:2:3:1:0:,recombination,4925.499624775832,0:3:1:1:1:3:4:0:0,1:4:1:2:2:2:3:0:1
0:3:1:0:0:3:4:2:0:,recombination,5172.8480186552715,1:4:1:1:1:3:4:1:1,0:2:1:1:1:3:3:1:0,MUTATE
1:4:0:4:4:0:1:0:1:,clone,4875.1424559566985,1:4:0:4:4:0:1:0:1
1:4:0:2:2:3:2:1:1:,recombination,4894.488216564463,1:4:0:3:3:0:1:0:1,0:4:1:2:1:2:3:1:0
0:4:1:2:1:4:3:1:0:,recombination,5270.428780196532,1:4:0:2:2:3:2:1:1,1:4:0:3:3:1:2:0:2
1:4:1:2:2:3:2:1:1:,recombination,5036.49255292008,1:4:0:2:2:2:1:0:1,1:4:1:3:3:2:2:1:1
0:4:0:2:1:4:3:1:0:,recombination,5340.34560013737,1:4:1:3:4:1:1:0:1,1:4:0:2:2:3:2:1:1,MUTATE
1:4:0:4:4:1:1:0:1:,clone,4843.077824701143,1:4:0:3:3:1:1:0:1
1:4:0:4:4:1:1:0:1:,clone,4843.077824701142,1:4:0:3:3:1:1:0:1
1:4:1:1:1:3:3:1:0:,recombination,4629.755068822646,1:4:1:3:3:1:1:0:1,0:4:0:2:1:3:3:1:0,MUTATE
0:4:1:3:2:2:2:1:0:,recombination,4918.955697269839,0:4:1:3:3:1:1:0:0,0:3:0:3:3:2:2:0:0
0:4:1:2:2:4:3:1:0:,recombination,5835.920976711347,1:4:1:3:3:2:1:0:1,0:2:1:1:1:3:3:1:0,MUTATE
0:3:1:1:1:4:4:1:0:,recombination,4823.390584982437,1:4:0:2:2:3:3:0:1,0:2:1:1:0:4:4:1:0
0:4:1:1:1:4:3:1:0:,recombination,5030.980701538601,0:3:1:3:3:2:2:0:0,0:3:1:1:1:4:4:1:0,MUTATE
0:2:0:0:0:4:4:1:0:,recombination,5142.4143081994525,1:4:0:2:2:2:2:1:1,0:4:1:3:3:0:1:0:1
1:4:0:4:4:1:0:0:1:,recombination,4980.329914857997,1:4:1:2:2:3:3:1:1,1:4:0:3:4:1:1:0:1
1:4:1:2:2:3:2:1:1:,recombination,4957.204229413151,0:4:1:2:1:3:3:1:0,1:4:0:3:3:2:1:1:1
0:3:1:1:0:4:4:1:0:,recombination,4608.033136219922,0:4:1:1:1:3:3:1:0,1:4:1:3:3:1:1:0:1
1:4:1:1:1:3:3:1:1:,recombination,5061.044547465868,0:4:1:1:1:3:3:1:0,1:4:0:2:1:3:3:1:1
0:4:1:2:1:3:3:0:0:,clone,5045.091331142248,0:4:1:2:2:2:2:0:0
0:2:1:0:0:4:4:1:0:,clone,4453.976748643425,0:2:1:1:0:4:4:1:0
1:4:1:2:1:3:3:0:1:,clone,5811.237695505091,1:4:1:2:2:2:3:0:1
0:4:1:1:0:4:4:1:0:,clone,5136.986320379666,0:3:1:1:0:4:4:1:0
1:4:1:2:1:3:3:1:1:,recombination,4828.857923620838,0:3:0:2:2:3:2:1:0,1:4:1:3:3:3:2:0:1,MUTATE
0:4:1:1:0:4:4:1:0:,clone,5057.894060315051,0:4:1:1:0:4:4:1:0
0:2:1:0:0:3:4:1:0:,recombination,5108.24854703403,0:3:0:1:1:3:3:1:0,0:3:0:3:3:2:2:0:0
1:4:0:4:4:1:0:0:1:,recombination,4694.786093587221,0:4:1:2:2:2:3:1:0,0:4:1:2:1:3:3:1:0
0:3:1:0:0:4:4:2:0:,clone,4941.919098543373,0:2:1:0:0:4:4:2:0
1:4:1:2:2:3:3:1:0:,recombination,4906.379514445452,1:4:0:2:2:2:3:0:1,0:3:1:0:0:4:4:1:0,MUTATE
1:4:1:2:2:3:3:1:1:,clone,4879.361435770199,1:4:1:2:2:3:3:1:0
1:4:0:4:4:0:1:0:1:,clone,4848.582501635909,1:4:0:4:4:0:0:0:1
0:3:1:0:0:4:4:1:0:,recombination,4603.303278346024,0:2:1:0:0:4:4:2:0,1:4:1:2:2:2:2:0:1,MUTATE
0:3:1:1:1:3:3:2:0:,recombination,5676.100269432851,1:4:1:3:3:1:2:1:1,0:4:1:2:1:3:3:0:0
0:3:1:1:1:3:3:2:0:,recombination,5216.04754953083,0:2:1:1:1:4:3:1:0,0:3:1:1:1:3:4:0:0
1:4:0:3:3:1:2:1:1:,recombination,5121.625623451755,0:3:1:1:1:3:4:0:0,0:4:1:3:3:0:1:0:1,MUTATE
1:4:0:3:2:1:2:1:1:,clone,5057.942529927579,1:4:0:3:2:1:2:1:1
1:4:1:2:2:3:2:0:1:,recombination,4892.828610572837,1:4:0:3:3:2:2:1:2,1:4:0:3:3:2:1:1:1
0:3:0:2:2:2:2:1:0:,clone,4800.120538096006,0:3:0:2:2:2:2:1:0
0:3:1:2:1:2:3:1:0:,clone,4731.74410378476,0:3:1:2:1:2:3:1:0
0:3:0:2:2:2:3:1:0:,recombination,4767.069621143831,0:3:0:2:2:2:2:1:0,0:4:1:2:2:2:2:0:0
0:3:1:2:2:2:3:1:0:,clone,4863.458741377266,0:3:0:2:2:2:3:1:0
1:4:0:4:4:0:0:0:1:,clone,4331.638863735752,0:2:1:0:0:4:4:1:0
2:4:0:4:4:1:1:0:2:,recombination,5260.819371715665,1:4:0:3:2:1:2:0:1,1:4:0:4:4:0:0:0:1,MUTATE
0:3:0:1:1:3:3:2:0:,recombination,5356.873422020857,1:4:0:2:2:3:2:0:1,0:3:0:1:1:2:3:1:0,MUTATE
0:3:0:1:1:4:4:1:0:,recombination,5374.31949338889,0:3:0:1:1:2:3:1:0,0:3:0:1:0:4:4:1:0
1:4:1:2:2:2:2:1:1:,clone,4477.551083861082,1:4:0:2:2:2:2:1:1
1:4:1:1:1:2:3:1:0:,recombination,4796.448146907084,1:4:1:2:2:3:3:1:1,0:4:0:2:2:3:3:1:0
1:4:0:2:1:2:3:1:1:,recombination,4520.888714455496,0:3:1:1:0:3:4:1:0,1:4:1:2:2:3:3:1:1,MUTATE
1:4:0:3:3:2:2:0:1:,recombination,4834.112817911794,0:3:1:2:2:2:3:1:0,1:4:1:2:2:3:2:1:1
1:4:1:2:1:2:3:1:1:,clone,4696.684495947033,1:4:1:2:1:2:3:1:1
1:4:0:3:4:0:1:0:2:,clone,5001.366130577447,1:4:0:3:3:0:1:0:2
1:4:0:3:3:0:1:0:2:,clone,4818.450893328699,1:4:0:3:3:0:1:0:2
1:4:1:2:1:2:3:1:1:,recombination,4571.996650238384,0:3:1:1:0:4:4:1:0,0:3:1:2:2:2:2:0:0
1:4:0:2:2:2:3:1:1:,clone,4635.5760656760385,1:4:0:2:1:2:3:1:1
1:4:0:3:3:0:1:0:2:,recombination,4807.96558220388,1:4:0:4:4:0:1:0:1,2:4:0:3:3:1:1:0:2
1:4:1:1:1:3:3:1:0:,clone,4583.531155004937,1:4:0:2:1:2:3:1:1
2:4:0:4:4:1:0:0:2:,clone,4790.609409044032,1:4:0:4:4:1:0:0:2
1:4:0:3:4:0:1:0:1:,clone,4630.382167280051,1:4:0:4:4:0:0:0:1
1:4:1:3:2:1:2:1:1:,recombination,5304.035694316416,1:4:0:2:2:3:3:1:1,0:4:1:1:1:3:4:1:0
1:4:0:2:2:3:3:0:1:,clone,5641.396866447329,1:4:1:2:2:3:3:1:1
0:3:1:1:1:3:4:1:0:,recombination,4794.186947211345,1:4:0:4:4:0:0:0:2,0:2:1:0:0:4:4:1:0,MUTATE
0:3:1:1:1:4:3:1:0:,recombination,4803.06775621584,1:4:0:4:4:1:0:0:1,0:3:1:1:1:3:4:1:0,MUTATE
0:3:0:1:0:4:4:1:0:,recombination,5313.3812079359905,1:4:1:1:1:3:3:1:0,1:4:0:2:2:3:3:1:1
0:3:0:1:0:4:4:1:0:,recombination,5192.284505671383,1:4:0:3:3:2:2:0:1,0:3:0:1:0:4:4:1:0
0:2:0:0:0:4:4:1:0:,clone,5095.973900892934,0:2:1:0:0:4:4:2:0
0:2:1:0:0:4:4:2:0:,clone,4560.781243609702,0:2:1:0:0:4:4:2:0
1:4:0:3:3:1:2:1:1:,recombination,5008.053881523333,0:3:1:2:2:1:2:0:0,1:4:0:3:3:2:2:1:1,MUTATE
1:4:0:3:3:2:2:0:1:,clone,4832.783938507392,1:4:0:3:3:2:2:0:1
1:4:0:3:2:2:2:1:1:,clone,5014.301206374574,1:4:0:3:3:2:2:0:1
0:2:1:1:1:3:3:1:0:,clone,4935.391132414987,0:2:1:1:1:3:3:1:0
0:2:1:1:0:3:4:1:0:,recombination,4849.3982898565555,1:4:1:2:1:2:3:1:1,0:4:0:2:1:3:3:1:0
0:2:1:0:0:3:4:1:0:,recombination,4694.103123612198,1:4:1:2:2:2:3:1:1,0:3:1:1:0:4:4:1:0
0:3:0:1:1:4:4:1:0:,recombination,5342.289662483183,0:3:1:1:1:4:3:2:0,1:4:0:4:4:0:1:0:1,MUTATE
1:4:0:3:3:1:1:0:2:,clone,4867.869816342942,1:4:0:3:4:1:1:0:2
0:3:1:1:0:3:4:2:0:,clone,5267.572604779878,0:3:1:1:0:3:4:1:0
0:2:1:1:1:4:4:1:0:,recombination,5160.3521198216,0:2:1:1:1:3:3:1:0,0:3:1:1:1:3:3:1:0
1:4:1:3:3:2:1:0:1:,recombination,4828.5057257939025,0:4:1:2:2:2:3:1:0,0:3:1:1:1:3:3:1:0,MUTATE
1:4:0:1:1:2:3:1:0:,clone,4856.1080058052385,1:4:0:1:1:2:3:1:0
1:4:0:4:4:1:0:0:2:,clone,4655.028363816273,1:4:0:4:4:0:0:0:2
1:4:1:1:1:2:3:1:0:,recombination,4699.364864245752,0:4:1:2:1:4:3:1:0,1:4:0:2:2:2:2:1:0
1:4:0:3:4:0:1:0:2:,recombination,4760.497244635578,0:3:1:2:2:3:3:1:0,1:4:1:3:2:1:2:0:1,MUTATE
0:2:1:0:0:3:4:1:0:,clone,4658.7772262461785,0:2:1:1:0:3:4:1:0
0:2:0:1:1:3:4:1:0:,clone,4677.963807929271,0:3:1:1:1:3:3:1:0
0:2:1:1:0:3:4:1:0:,recombination,4691.646868237493,1:4:1:2:1:3:3:1:1,0:4:1:2:1:4:3:1:0,MUTATE
0:2:1:1:0:3:4:1:0:,recombination,4413.032221408388,1:4:1:1:1:2:3:1:0,1:4:0:2:2:2:3:1:1
1:4:0:3:4:1:1:0:2:,clone,5075.5642405591325,1:4:0:3:3:1:1:0:2
0:2:2:0:0:4:4:1:0:,clone,6559.984164242973,0:2:1:0:0:4:4:1:0
0:2:2:0:0:4:4:1:0:,clone,6495.189607462654,0:2:1:0:0:4:4:1:0
1:4:0:3:3:0:0:0:2:,recombination,4520.76216407607,0:3:1:1:1:3:3:1:0,0:3:1:1:1:3:3:1:0,MUTATE
1:4:1:2:2:3:2:1:0:,recombination,5057.4770438531905,1:4:0:3:2:2:2:1:1,1:4:0:2:1:2:3:1:1
1:4:0:3:4:1:1:0:1:,clone,4710.962392537921,1:4:0:3:3:1:1:0:1
0:3:2:0:0:4:4:1:0:,clone,6408.265492139046,0:2:1:0:0:4:4:1:0
0:1:1:0:0:4:4:1:0:,recombination,6547.815331233852,1:4:0:3:3:1:1:0:1,0:3:0:1:1:4:4:2:0,MUTATE
0:2:0:1:0:4:4:2:0:,recombination,5314.3022778703,1:4:0:2:2:3:2:1:1,0:2:1:0:0:4:4:1:0,MUTATE
0:4:0:2:1:3:3:1:0:,recombination,4737.113766179318,0:4:0:2:2:2:2:1:0,1:4:0:3:3:1:1:1:1
1:4:0:1:1:3:3:1:1:,clone,4917.746642122581,1:4:0:1:1:3:3:1:1
1:4:0:3:4:0:0:0:2:,recombination,4509.750959395619,0:4:1:2:1:2:3:0:0,1:4:0:3:2:2:2:0:1,MUTATE
0:3:0:2:1:3:3:1:0:,recombination,4737.113766179318,0:4:0:2:2:3:3:1:0,0:4:0:2:2:2:2:1:0,MUTATE
0:3:0:2:1:3:3:1:0:,recombination,4728.637380533503,0:4:1:2:1:2:2:1:0,0:4:0:2:1:3:3:1:0,MUTATE
1:4:0:2:1:3:3:1:1:,clone,4956.311545734414,1:4:0:1:1:3:3:1:0
1:4:0:2:1:3:3:1:1:,clone,4925.935963020638,1:4:0:2:1:3:3:1:1
1:4:1:2:1:3:3:1:0:,recombination,4691.409112485228,0:3:0:2:2:2:3:1:0,1:4:1:2:2:2:2:0:1,MUTATE
1:4:0:4:4:1:0:0:1:,clone,4593.937257267583,1:4:0:4:4:1:0:0:1
1:4:1:2:2:3:2:1:1:,recombination,4950.486471813509,0:4:1:2:1:2:3:0:0,1:4:1:1:1:3:3:1:0
1:4:0:3:3:2:2:0:1:,recombination,4824.773051002903,0:3:1:1:0:4:4:1:0,0:3:1:2:1:2:3:1:0
1:4:0:3:3:2:2:0:1:,recombination,4806.988472611049,0:4:1:2:2:4:3:1:0,1:4:0:2:1:3:3:1:0
0:4:0:1:1:4:3:1:0:,clone,5204.313079450008,0:4:0:1:1:4:3:1:0
1:4:0:3:2:2:2:0:1:,recombination,4739.803737795422,1:4:0:4:4:1:0:0:1,0:4:1:1:1:4:3:1:0,MUTATE
1:4:0:2:2:3:2:0:1:,clone,5063.79813101204,1:4:0:2:2:3:2:0:1
0:3:1:1:1:4:4:1:0:,clone,4784.528532962573,0:2:1:1:0:4:4:1:0
1:4:1:2:2:3:3:1:1:,clone,4874.345981199676,1:4:1:2:2:3:3:1:1
1:4:0:2:2:3:3:1:0:,recombination,4849.326631421312,0:4:1:3:2:3:2:1:0,0:4:1:2:2:2:2:0:0
0:4:0:2:2:3:3:1:0:,clone,4776.007120210425,0:4:0:2:2:3:3:1:0
0:3:1:0:0:3:4:1:0:,recombination,4758.937985234809,0:3:1:1:1:3:4:1:0,1:4:0:2:2:2:2:1:1
0:4:1:1:1:2:3:1:0:,recombination,4574.230282189655,0:3:1:2:2:2:3:1:0,1:4:0:2:2:2:2:1:1,MUTATE
0:4:1:2:2:3:2:1:0:,clone,4676.233111508941,0:4:1:2:2:3:2:1:0
1:4:0:3:3:3:2:0:1:,clone,5740.987710619994,1:4:0:3:3:3:2:0:1
0:1:1:0:0:4:4:1:0:,recombination,5601.869621723819,1:4:1:2:1:3:3:1:0,0:4:1:1:1:2:3:1:0
0:2:1:1:0:4:4:1:0:,recombination,4643.980246252425,2:4:0:4:4:0:1:0:2,1:4:1:2:1:3:3:1:0,MUTATE
1:4:0:3:4:1:0:0:1:,clone,4655.401363790677,1:4:0:3:4:1:0:0:1
1:4:0:3:4:1:0:0:1:,clone,4581.313414678304,1:4:0:3:4:1:0:0:1
1:4:0:3:4:1:1:0:1:,clone,4655.401363790677,1:4:0:3:4:1:1:0:1
0:4:1:2:2:3:2:0:0:,recombination,4976.268459627753,1:4:0:4:4:1:1:0:1,0:4:1:2:2:2:2:0:0,MUTATE
1:4:1:2:2:3:2:1:0:,clone,5049.424256348772,1:4:1:2:2:3:2:1:0
1:4:1:4:4:2:1:0:1:,recombination,5770.826829007655,0:4:1:2:1:4:3:1:0,1:4:1:3:3:3:2:0:1
0:2:0:1:1:4:4:1:0:,recombination,5254.853102054001,1:4:1:2:1:3:3:1:1,1:4:0:2:1:3:3:1:1
0:4:1:2:2:3:3:1:0:,recombination,4894.59867890583,0:4:1:2:2:3:3:0:0,0:3:0:1:0:4:4:1:0
0:3:1:2:2:3:3:1:0:,clone,4894.59867890583,0:3:1:2:2:3:3:1:0
0:3:1:2:2:2:3:1:0:,recombination,4784.648014527927,0:2:1:1:1:3:3:1:0,0:3:1:2:2:3:3:0:0,MUTATE
0:2:0:1:1:4:4:1:0:,recombination,5045.366739616909,1:4:1:2:1:3:3:1:1,0:4:1:1:1:4:3:1:0,MUTATE
0:4:0:3:2:2:2:0:0:,recombination,5018.4465082196375,1:4:1:2:1:3:3:1:1,0:3:1:2:2:3:3:1:0,MUTATE
0:3:1:1:1:3:4:2:0:,clone,5512.726141441671,0:3:1:1:0:4:4:2:0
1:4:1:3:3:2:1:0:1:,clone,4604.217879038831,1:4:0:3:3:2:1:0:1
1:4:1:2:2:3:2:0:1:,clone,4800.9447953235685,1:4:1:2:2:2:2:0:1
0:4:1:2:2:2:3:0:0:,recombination,4751.798449287306,0:2:1:0:0:4:4:2:0,1:4:0:2:2:2:2:1:0
0:3:1:1:1:3:4:1:0:,clone,4709.28923722472,0:3:1:1:1:3:4:1:0
1:4:0:3:4:0:0:0:2:,clone,4399.3045789082935,1:4:0:3:4:0:0:0:2
0:3:1:1:0:4:4:1:0:,clone,4598.992705402278,0:3:1:1:0:4:4:1:0
0:3:1:1:1:3:4:2:0:,clone,5341.98861293754,0:3:1:1:1:3:4:2:0
1:4:0:4:4:0:1:0:2:,clone,4820.511233432735,1:4:0:4:4:0:1:0:2
1:4:0:4:4:0:1:0:1:,clone,4772.890141294434,1:4:0:3:3:0:1:0:1
0:3:1:1:0:3:4:2:0:,recombination,5229.739440688348,0:2:1:0:0:4:4:2:0,0:3:1:1:1:3:4:2:0,MUTATE
0:3:2:0:0:4:4:1:0:,recombination,6298.820724777313,0:2:2:0:0:4:4:1:0,0:3:1:0:0:4:4:1:0,MUTATE
0:3:2:0:0:4:4:1:0:,recombination,6162.619170141371,1:4:1:3:3:2:2:1:1,1:4:0:2:2:2:3:1:1,MUTATE
0:3:0:1:1:4:4:1:0:,recombination,5323.4366662272805,0:2:1:1:0:4:4:1:0,1:4:0:4:4:0:0:0:2,MUTATE
0:4:1:0:0:4:4:1:0:,recombination,5634.702860394712,1:4:0:4:4:1:1:0:1,1:4:0:2:2:3:3:1:1
0:4:1:0:0:4:4:1:0:,clone,5579.848528920386,0:4:1:0:0:4:4:1:0
0:4:1:2:1:1:2:0:0:,clone,4436.3440492766385,0:4:1:2:1:1:2:0:0
0:4:1:1:1:2:3:1:0:,recombination,4573.342155733589,1:4:0:3:3:0:1:0:1,1:4:1:3:2:3:2:0:1
0:4:1:1:1:2:3:0:0:,recombination,4373.14492154318,1:4:0:2:2:2:3:1:1,1:4:1:1:1:2:3:1:0,MUTATE
0:3:1:1:1:2:4:1:0:,recombination,4974.653217709958,0:4:0:2:2:1:2:1:0,1:4:1:2:1:3:3:1:0
1:4:1:2:2:1:3:0:1:,clone,4944.402413445563,1:4:1:2:2:1:2:0:1
1:4:1:2:2:1:3:0:1:,clone,4944.402413445562,1:4:1:2:2:1:3:0:1
1:4:1:2:2:1:2:1:1:,recombination,4645.273613700028,0:2:1:0:0:3:4:1:0,1:4:0:3:2:2:2:0:1,MUTATE
0:4:0:1:1:2:3:0:0:,recombination,4879.030682221511,0:4:1:1:1:2:3:1:0,0:3:1:1:0:4:4:1:0
0:4:0:1:1:2:3:0:0:,clone,4807.061874907309,0:4:0:1:1:2:3:0:0
0:4:0:2:1:1:3:0:0:,recombination,4623.550324056469,1:4:1:2:2:1:2:1:1,0:1:1:0:0:4:4:1:0
0:3:0:1:1:3:4:1:0:,clone,5150.587654911531,0:3:0:1:1:3:4:1:0
0:4:0:1:1:2:3:1:0:,recombination,4758.423045367597,1:4:0:3:3:3:2:0:1,0:4:1:1:1:3:4:1:0
2:4:0:4:4:1:1:0:2:,recombination,5001.8005928509465,1:4:1:1:1:2:3:1:0,1:4:0:2:2:3:3:1:1
1:4:0:3:4:1:1:0:2:,clone,5001.8005928509465,1:4:0:3:4:1:1:0:2
0:4:0:2:2:3:2:1:0:,clone,4804.385310255088,0:4:0:2:2:3:2:1:0
0:3:1:2:1:2:3:1:0:,recombination,4588.708657637119,0:3:1:1:0:3:4:1:0,1:4:0:3:3:1:2:0:1,MUTATE
0:2:1:1:1:3:4:1:0:,clone,4968.797575554271,0:2:1:1:1:3:4:1:0
0:4:1:2:2:3:3:1:0:,clone,4838.077383635415,0:4:1:2:2:3:3:1:0
0:4:1:2:2:3:3:1:0:,clone,4833.045406580645,0:4:1:2:2:3:3:1:0
0:4:0:2:2:2:2:1:0:,clone,4621.50280799596,0:4:0:2:2:2:2:1:0
0:3:1:2:2:2:3:1:0:,clone,4625.89033040898,0:4:1:2:1:2:3:1:0
0:3:0:1:0:4:4:2:0:,recombination,5368.6381369638275,1:4:0:2:2:2:3:1:1,0:2:0:0:0:4:4:1:0
0:3:1:2:2:2:2:1:0:,clone,4399.22418050797,0:3:1:2:2:2:2:1:0
1:4:0:1:1:3:3:1:0:,recombination,4846.695274711676,0:3:0:2:1:3:3:1:0,0:4:0:3:3:1:1:0:0
