1:4:1:2:2:2:2:0:1:,initialisation,5757.84812867103,
1:4:1:2:2:2:3:1:1:,initialisation,5721.550477391126,
1:4:0:3:3:1:1:0:1:,initialisation,5067.139839554903,
1:4:0:2:2:2:2:1:1:,initialisation,5372.584863077237,
1:4:0:3:3:1:2:0:1:,initialisation,5499.873907305168,
1:4:0:3:3:2:2:0:1:,initialisation,6360.681212670738,
1:4:0:2:2:3:3:1:0:,initialisation,5720.163473083897,
1:4:0:3:3:2:2:1:2:,initialisation,5611.1368516105085,
0:4:1:1:1:3:3:1:0:,initialisation,5477.642154430244,
1:4:0:3:3:1:2:1:1:,initialisation,5611.136851610508,
1:4:0:3:2:2:2:1:1:,initialisation,5611.1368516105085,
1:4:0:4:4:1:1:0:1:,initialisation,5414.86397121675,
1:4:1:3:3:2:2:0:1:,initialisation,5470.455567264135,
1:4:1:2:1:3:3:1:0:,initialisation,5621.002118260656,
1:4:1:2:2:3:2:1:1:,initialisation,5945.173912832587,
1:4:1:3:3:2:2:0:1:,initialisation,5222.534684885375,
1:4:0:3:2:2:2:0:1:,initialisation,5682.344045481083,
0:4:1:2:1:3:3:1:0:,initialisation,5986.037870795722,
0:4:1:2:1:2:3:1:0:,initialisation,5435.650727378581,
0:4:0:2:2:3:3:1:0:,initialisation,5659.197568087249,
1:4:0:3:3:2:2:1:1:,initialisation,5798.300528023692,
1:4:1:2:1:3:3:1:1:,initialisation,5339.580632842263,
1:4:0:3:3:1:1:0:1:,initialisation,5013.770731868526,
1:4:0:3:3:2:2:0:1:,initialisation,5644.443776982921,
1:4:1:3:4:2:1:0:1:,initialisation,5495.27370745519,
1:4:1:3:3:1:1:0:1:,initialisation,5342.428081071459,
1:4:0:3:3:2:1:0:1:,initialisation,5480.668109465253,
1:4:0:2:2:2:3:1:1:,initialisation,5606.197418594224,
1:4:0:2:2:3:2:1:1:,initialisation,5611.136851610508,
0:4:1:2:2:2:3:0:0:,initialisation,5769.664498445237,
1:4:1:3:3:1:2:0:1:,initialisation,5600.883434481941,
0:4:1:2:2:3:3:1:0:,initialisation,5455.412701555332,
1:4:1:2:2:2:3:1:1:,initialisation,5533.85516471961,
0:4:1:2:2:2:3:0:0:,initialisation,5752.20798798723,
0:4:1:2:2:1:2:0:0:,initialisation,5020.155112477433,
1:4:1:2:2:2:3:0:1:,initialisation,5899.249688747728,
0:4:1:2:2:2:2:0:0:,initialisation,5767.213890005019,
1:4:0:3:3:2:2:0:1:,initialisation,5145.146608756755,
1:4:0:3:3:1:2:0:1:,initialisation,5410.1151688747605,
1:4:1:3:3:1:1:0:1:,initialisation,4955.645612300735,
1:4:0:3:3:1:2:0:1:,initialisation,5331.620978636601,
1:4:1:3:3:0:1:0:1:,initialisation,5117.672373512785,
1:4:1:3:3:1:2:0:1:,initialisation,5579.029061020927,
1:4:1:2:2:3:3:1:1:,initialisation,5924.021981276351,
1:4:1:2:2:2:2:0:1:,initialisation,5734.0114494296495,
1:4:0:3:3:2:1:0:1:,initialisation,5283.081100124697,
1:4:1:2:2:2:2:0:1:,initialisation,5217.168916327881,
1:4:0:2:1:3:3:1:1:,initialisation,6070.765848984462,
1:4:0:2:2:1:2:1:1:,initialisation,5349.810691282475,
1:4:1:3:2:2:2:0:1:,initialisation,5762.493144325915,
1:4:1:2:2:2:3:1:0:,initialisation,5180.393249098059,
1:4:0:3:3:2:2:1:1:,initialisation,5786.057969062709,
1:4:1:2:2:2:2:1:1:,initialisation,5399.760606346275,
0:4:1:2:2:2:3:1:0:,initialisation,5321.079742330427,
1:4:0:4:4:2:1:0:1:,initialisation,5440.90876611456,
1:4:1:3:3:1:2:0:1:,initialisation,5226.57059019268,
1:4:0:2:2:2:2:0:1:,initialisation,5118.86200205608,
1:4:0:3:3:2:2:1:1:,initialisation,5611.1368516105085,
1:4:0:3:3:1:2:1:1:,initialisation,5274.114573844168,
1:4:1:2:2:2:2:1:1:,initialisation,5134.077173860677,
1:4:0:3:3:1:2:0:1:,initialisation,5331.405879292328,
1:4:0:2:2:3:3:1:1:,initialisation,5611.136851610509,
1:4:1:2:2:1:2:0:1:,initialisation,5147.923176691995,
0:4:1:2:2:2:3:1:0:,initialisation,5172.134322518124,
1:4:0:2:2:3:3:1:1:,initialisation,5611.1368516105085,
1:4:0:3:2:1:2:0:1:,initialisation,5186.947829213215,
0:4:1:2:1:3:3:0:0:,initialisation,6199.755085555646,
1:4:1:2:2:3:2:1:1:,initialisation,5766.684738821442,
0:4:1:3:3:1:2:0:0:,initialisation,5192.300180286178,
1:4:0:4:4:1:1:0:1:,initialisation,5138.749136471142,
1:4:0:2:2:2:2:1:1:,initialisation,5228.342893051607,
0:3:1:1:1:3:4:0:0:,initialisation,6747.7996828299765,
1:4:0:4:4:0:0:0:1:,initialisation,5336.949968542482,
1:4:0:3:3:1:2:0:1:,initialisation,5246.447002192952,
1:4:0:3:2:2:2:0:1:,initialisation,5658.409024781872,
1:4:0:3:3:2:2:1:1:,initialisation,5606.35271339106,
1:4:0:3:3:1:1:0:1:,initialisation,4939.909853410159,
1:4:0:2:2:3:3:1:1:,initialisation,5419.21512223929,
1:4:1:4:4:1:1:0:1:,initialisation,5199.618363502965,
0:3:1:1:1:4:3:1:0:,initialisation,6470.704806813874,
0:4:1:3:2:1:2:0:0:,initialisation,5088.439876227399,
1:4:0:2:2:2:2:1:1:,initialisation,5168.438632152662,
0:4:1:2:1:3:3:1:0:,initialisation,5495.553756061818,
1:4:1:2:2:2:2:0:1:,initialisation,5059.647410148417,
1:4:0:3:4:1:1:0:1:,initialisation,5587.975826530111,
1:4:0:3:3:1:1:0:2:,initialisation,5078.160642541654,
1:4:1:2:2:3:3:1:1:,initialisation,5476.085520171603,
0:4:1:2:2:3:3:1:0:,initialisation,5449.974986201889,
1:4:0:3:3:1:2:1:2:,initialisation,5611.136851610509,
1:4:0:3:3:1:1:1:2:,initialisation,5611.136851610509,
1:4:0:2:2:2:3:1:1:,initialisation,5446.850528802894,
1:4:0:3:4:1:1:0:1:,initialisation,5400.597235952217,
1:4:0:2:1:3:3:1:1:,initialisation,5611.136851610508,
0:4:1:2:1:3:3:0:0:,initialisation,5676.620079834092,
1:4:0:3:3:2:2:1:1:,initialisation,5481.6222751454725,
2:4:0:3:3:1:1:0:2:,initialisation,5611.136851610508,
1:4:0:3:3:2:2:1:1:,initialisation,5458.617537123327,
1:4:1:2:1:2:3:1:1:,initialisation,5502.487724032935,
1:4:1:4:4:0:1:0:1:,initialisation,4974.027340210771,
0:4:1:3:3:1:2:0:0:,initialisation,5170.135357938496,
0:4:1:1:1:2:3:1:0:,initialisation,5890.141637095691,
0:3:1:2:1:3:3:1:0:,initialisation,5359.042197821766,
1:4:1:3:3:2:1:0:1:,initialisation,5359.300777027902,
1:4:1:2:1:2:3:1:0:,initialisation,5536.790236980029,
1:4:1:4:4:0:0:0:1:,initialisation,4862.325090323017,
1:4:0:3:3:1:2:0:1:,initialisation,5225.902854824973,
1:4:0:4:4:1:1:0:1:,initialisation,4985.812683410446,
1:4:0:3:2:2:2:0:1:,initialisation,5375.568123635682,
1:4:1:3:2:2:2:1:1:,initialisation,5914.504316182845,
1:4:1:2:2:2:2:0:1:,initialisation,4987.213091645084,
0:4:1:2:2:2:2:1:0:,initialisation,5583.757073991213,
1:4:0:3:3:2:1:0:1:,initialisation,5184.918445897404,
1:4:1:3:2:3:2:0:1:,initialisation,6105.950945043938,
1:4:0:2:2:2:2:0:1:,initialisation,4864.695514001925,
2:4:0:3:3:2:2:0:2:,initialisation,5611.136851610508,
1:4:0:2:2:2:2:1:1:,initialisation,5148.672517882929,
1:4:1:2:2:1:2:0:1:,initialisation,4997.107114792849,
0:4:0:2:2:2:3:1:0:,initialisation,5546.784775108487,
1:4:0:4:4:1:1:0:2:,initialisation,5486.477334475917,
1:4:0:2:2:1:2:1:1:,initialisation,4920.27860984303,
0:4:1:1:1:3:3:1:0:,initialisation,5350.526134913938,
0:4:1:2:2:1:2:1:0:,initialisation,4993.8409439189045,
0:4:1:3:3:1:1:0:0:,initialisation,5069.573583489029,
1:4:1:2:2:2:3:0:1:,initialisation,5690.538744079345,
0:4:1:2:2:2:2:0:0:,initialisation,5370.312965649067,
1:4:1:3:3:2:2:1:1:,initialisation,5650.377134582999,
1:4:1:3:3:1:2:0:1:,initialisation,5139.6489414514635,
1:4:1:1:1:3:3:1:0:,initialisation,6014.964919964557,
1:4:0:2:2:2:3:0:1:,initialisation,6148.33654886318,
0:4:1:2:2:3:3:0:0:,initialisation,6184.226373315509,
1:4:0:2:2:3:2:1:1:,initialisation,5373.161295997506,
1:4:1:3:2:2:2:0:1:,initialisation,5609.948967471706,
0:4:1:2:2:2:2:0:0:,initialisation,5163.528791680365,
1:4:0:3:3:1:2:0:1:,initialisation,5131.37431046247,
1:4:1:3:2:2:2:0:1:,initialisation,5440.524697380819,
1:4:1:2:2:2:3:1:1:,initialisation,5457.798951006753,
1:4:0:3:4:1:1:0:2:,initialisation,5384.876536540129,
1:4:0:3:3:2:2:1:1:,initialisation,5346.716163540193,
0:3:1:1:1:3:4:1:0:,initialisation,6518.533153281087,
1:4:1:3:3:1:1:0:1:,initialisation,4760.880459647291,
0:3:1:2:2:2:3:0:0:,initialisation,5344.773976518544,
1:4:1:3:2:2:2:1:1:,initialisation,5475.246134862809,
1:4:0:2:2:1:2:0:1:,initialisation,4949.6174994702715,
0:4:1:1:1:3:3:1:0:,initialisation,5221.67586825829,
1:4:1:2:2:3:2:0:1:,initialisation,6147.935706717407,
0:4:1:1:1:4:3:1:0:,initialisation,6329.872376149688,
1:4:1:3:2:2:2:1:1:,initialisation,5435.065004758741,
1:4:1:3:3:0:1:0:1:,initialisation,4830.671343400852,
1:4:1:3:3:1:2:0:1:,initialisation,5094.529985244546,
1:4:0:3:2:2:2:1:1:,initialisation,5426.574114072115,
1:4:1:3:2:2:2:0:1:,initialisation,5326.537795993019,
0:3:1:1:1:3:4:0:0:,initialisation,5293.5391276336,
1:4:1:2:2:2:2:1:1:,initialisation,4759.416372686334,
1:4:1:3:2:3:2:1:1:,initialisation,6256.5226080885905,
0:3:1:1:0:4:4:1:0:,initialisation,5333.647333206693,
1:4:1:2:2:2:2:1:0:,initialisation,5116.841882800278,
1:4:1:3:3:2:2:1:1:,initialisation,5583.745400741664,
0:3:1:1:1:3:4:1:0:,initialisation,5742.699034337804,
0:4:1:4:4:1:1:0:1:,initialisation,5409.884691027677,
0:4:1:2:2:1:2:0:0:,initialisation,4657.766102041081,
1:4:1:2:2:2:3:0:1:,initialisation,5575.342212522717,
0:4:0:2:1:3:3:1:0:,initialisation,5057.840795531795,
1:4:1:2:2:3:2:1:1:,initialisation,5414.487145974263,
1:4:0:4:4:1:1:0:2:,initialisation,5465.24239875525,
1:4:1:4:4:0:1:0:1:,initialisation,4902.36042155214,
0:4:1:2:2:3:3:0:0:,initialisation,5847.899503642395,
0:4:1:2:1:3:3:1:0:,initialisation,5345.79552886807,
0:4:1:1:1:2:3:0:0:,initialisation,5109.057738462382,
1:4:0:3:3:2:1:0:1:,initialisation,4917.495996154079,
1:4:1:3:2:2:2:0:1:,initialisation,5024.0568712627555,
0:4:1:2:2:2:3:0:0:,initialisation,5543.923765880263,
2:4:0:4:4:2:1:0:2:,initialisation,5611.1368516105085,
1:4:1:3:3:2:2:1:1:,initialisation,5231.597326472102,
0:3:1:1:1:3:3:0:0:,initialisation,5930.744766422103,
2:4:0:3:3:1:2:0:2:,initialisation,5611.136851610509,
1:4:0:2:2:2:2:1:1:,initialisation,4732.860458528154,
1:4:0:3:3:2:1:1:1:,initialisation,5611.1368516105085,
2:4:0:4:4:0:0:0:2:,initialisation,5510.864002376785,
1:4:1:2:2:3:2:0:1:,initialisation,5706.765796627715,
0:4:1:2:2:2:2:1:0:,initialisation,4963.808091198372,
0:4:0:2:2:3:2:1:0:,initialisation,5645.384824813902,
0:4:1:2:2:2:2:1:0:,initialisation,4877.2776030417035,
0:4:1:2:2:2:3:0:0:,initialisation,5541.787549110938,
0:4:1:2:2:3:3:0:0:,initialisation,5698.805801818814,
1:4:0:3:3:1:2:0:2:,initialisation,5573.007990247042,
1:4:1:3:3:2:2:0:1:,initialisation,5040.141291694022,
1:4:1:2:2:3:2:1:1:,initialisation,5220.834328647348,
0:4:1:1:1:3:3:0:0:,initialisation,6237.521016700339,
1:4:1:3:3:1:2:0:1:,initialisation,5085.520006544201,
0:4:1:2:2:2:3:0:0:,initialisation,5443.34516191725,
1:4:0:2:2:2:3:1:1:,initialisation,5220.45679325298,
0:4:1:1:1:3:3:0:0:,initialisation,5792.288944566782,
0:3:1:1:1:3:3:1:0:,initialisation,5355.308036644198,
1:4:0:2:2:3:3:0:1:,initialisation,5857.221178005647,
1:4:1:2:2:3:3:1:0:,initialisation,6027.0004167991965,
0:4:1:3:3:2:2:0:0:,initialisation,5918.6552430481015,
1:4:0:3:2:2:2:0:1:,initialisation,5222.383801471371,
0:4:1:1:1:3:4:1:0:,initialisation,5972.90925128066,
0:4:1:2:1:2:3:0:0:,initialisation,5359.5275995738,
1:4:1:3:3:1:2:0:1:,initialisation,5066.434018775779,
1:4:0:3:3:2:2:1:1:,initialisation,5294.407928140059,
1:4:0:1:1:3:3:1:1:,initialisation,5611.136851610508,
0:4:1:3:3:1:1:0:0:,initialisation,4152.885387582421,
1:4:1:2:2:2:3:1:1:,initialisation,5264.18284564859,
0:4:1:3:3:2:2:0:0:,initialisation,5508.632315106122,
1:4:0:3:3:2:2:0:1:,initialisation,5027.851948285379,
1:4:0:4:4:0:1:0:2:,initialisation,5502.186572761767,
0:4:1:3:2:2:2:0:0:,initialisation,5971.19994372714,
2:4:0:3:3:2:1:0:2:,initialisation,5611.136851610509,
1:4:1:3:2:3:2:1:1:,initialisation,5863.043780898174,
0:3:1:1:1:3:3:0:0:,initialisation,5483.697865380958,
0:4:1:2:2:3:3:0:0:,initialisation,5613.0639270278525,
1:4:1:2:2:3:3:1:1:,initialisation,5402.735058168706,
1:4:0:2:1:3:3:1:0:,initialisation,5672.887228718338,
1:4:0:3:3:1:1:0:1:,initialisation,4810.855653456165,
1:4:1:3:3:2:2:0:1:,initialisation,4907.515346767489,
0:4:1:2:2:3:3:1:0:,initialisation,5407.070956902809,
0:4:1:2:2:1:1:0:1:,initialisation,4391.644717071397,
0:4:1:2:2:2:3:0:0:,initialisation,5214.636012515832,
1:4:0:4:4:1:0:0:2:,initialisation,5351.5053123710995,
1:4:1:2:1:3:3:1:0:,initialisation,5428.263257087435,
1:4:0:3:2:2:2:1:1:,initialisation,5315.54365274717,
1:4:1:2:2:1:2:1:1:,initialisation,4651.96752645939,
1:4:1:2:2:3:3:0:1:,initialisation,6271.375408897097,
1:4:0:2:2:2:2:1:0:,initialisation,4975.410404701481,
1:4:1:3:2:1:2:1:1:,initialisation,5601.053126731326,
1:4:0:3:3:2:1:1:2:,initialisation,5611.1368516105085,
1:4:1:2:2:2:2:1:0:,initialisation,4944.514900507221,
2:4:0:3:3:2:1:0:2:,initialisation,5611.136851610507,
0:4:1:1:1:3:3:0:0:,initialisation,5727.337896620464,
0:4:1:2:2:2:3:0:0:,initialisation,5194.039270455943,
2:4:0:4:4:1:0:0:2:,initialisation,5611.136851610508,
0:3:1:1:1:4:4:1:0:,initialisation,7436.159319130743,
0:4:1:3:3:1:1:0:1:,initialisation,5390.151703310004,
1:4:1:3:3:0:1:0:1:,initialisation,4702.019463914376,
1:4:0:2:1:3:3:1:0:,initialisation,5652.088937918146,
1:4:0:3:3:3:2:1:1:,initialisation,5611.136851610509,
0:4:1:2:2:2:2:0:0:,initialisation,4797.691982135701,
1:4:0:3:2:3:2:1:1:,initialisation,6081.343661895196,
1:4:1:3:3:1:1:0:1:,initialisation,4724.359537744345,
1:4:1:2:2:3:3:1:0:,initialisation,5996.480317598256,
1:4:1:3:2:1:2:0:1:,initialisation,5109.024082015226,
1:4:0:4:4:1:0:0:1:,initialisation,5152.31924458238,
0:4:1:2:1:3:3:1:0:,initialisation,5227.9590319376275,
1:4:1:2:2:2:3:0:1:,initialisation,5535.900105948991,
1:4:1:2:2:2:3:0:1:,initialisation,5203.5102189868085,
1:4:0:3:3:2:1:1:1:,initialisation,5611.136851610508,
1:4:1:2:2:2:2:0:1:,initialisation,4965.908868968093,
2:4:0:3:3:1:2:0:2:,initialisation,5611.1368516105085,
1:4:1:3:3:1:2:0:1:,initialisation,5016.537481282634,
0:4:1:3:3:1:2:0:0:,initialisation,5067.238413820522,
1:4:1:2:2:2:3:1:1:,initialisation,5062.842785892412,
1:4:1:3:2:2:2:1:1:,initialisation,5346.643930387132,
1:4:1:1:1:3:3:1:0:,initialisation,5644.899454429133,
1:4:0:3:2:2:2:0:1:,initialisation,5054.219281100471,
2:4:0:4:4:0:0:0:2:,initialisation,5187.481630095239,
0:4:1:2:2:2:3:0:0:,initialisation,5103.20609613356,
0:4:1:1:1:3:4:1:0:,initialisation,5859.696966784409,
0:4:1:3:3:1:2:0:0:,initialisation,5027.851399257229,
1:4:1:2:1:2:3:0:1:,initialisation,5506.059393062535,
2:4:0:4:4:1:1:0:2:,initialisation,5611.1368516105085,
1:4:0:3:2:1:2:1:1:,initialisation,5419.732317461298,
1:4:0:3:3:1:2:0:1:,initialisation,5113.575924920104,
1:4:1:3:3:2:2:1:1:,initialisation,5068.0188823845765,
1:4:0:3:2:1:2:0:1:,initialisation,5146.971409471656,
1:4:0:3:3:2:2:1:1:,initialisation,5282.917247455267,
0:4:1:2:2:3:3:1:0:,initialisation,5336.526800573623,
1:4:1:2:2:2:3:1:0:,initialisation,5088.256890201279,
1:4:0:3:3:3:2:1:1:,initialisation,5611.1368516105085,
1:4:1:2:2:1:2:0:1:,initialisation,4980.41926045593,
1:4:1:2:2:2:2:1:1:,initialisation,4754.572363416478,
0:4:1:2:2:3:3:1:0:,initialisation,5176.249091876518,
1:4:1:3:3:1:2:0:1:,initialisation,4735.3743915886735,
0:4:1:1:1:3:3:0:0:,initialisation,5389.302283401422,
1:4:1:2:2:1:2:0:1:,initialisation,4787.277939282817,
0:4:1:1:1:4:3:1:0:,initialisation,6065.0756330884315,
0:4:1:2:2:3:2:1:0:,initialisation,5389.093548193335,
0:3:1:2:1:3:3:0:0:,initialisation,6910.936841316312,
0:4:0:2:2:3:2:1:0:,initialisation,5410.083533854158,
0:3:1:2:1:3:3:0:0:,initialisation,6437.260607565407,
1:4:0:2:2:3:2:1:1:,initialisation,5352.596500884106,
1:4:0:3:3:2:2:1:1:,initialisation,5163.209736405271,
1:4:0:3:3:1:1:0:1:,initialisation,4684.533574438143,
0:4:1:3:2:2:2:0:0:,initialisation,5474.0871244874525,
0:3:1:1:1:4:4:1:0:,initialisation,6547.887412008775,
1:4:0:3:4:1:1:0:1:,initialisation,5171.203568885385,
0:4:1:2:2:2:2:1:0:,initialisation,4807.469795482053,
0:4:1:1:1:2:3:1:0:,initialisation,4890.604633972793,
2:4:0:4:4:1:1:0:2:,initialisation,5611.136851610507,
0:4:1:2:2:3:3:0:0:,initialisation,5517.657133136373,
1:4:0:3:3:1:2:1:1:,initialisation,5092.0027903541095,
0:4:1:3:3:2:2:0:0:,initialisation,5447.045433493286,
0:4:1:2:2:1:2:0:0:,initialisation,4597.443885934607,
1:4:1:2:1:2:3:1:1:,initialisation,5329.431474927381,
0:4:1:2:2:2:3:1:0:,initialisation,5150.917949458529,
1:4:1:2:1:3:3:1:0:,initialisation,5360.553050333909,
2:4:0:3:3:1:1:0:2:,initialisation,5611.136851610507,
1:4:1:2:2:3:3:1:0:,initialisation,5991.256224101277,
1:4:0:2:2:2:2:0:1:,initialisation,4826.947950438514,
1:4:0:4:4:2:1:1:2:,initialisation,5611.1368516105085,
1:4:0:3:3:2:1:1:1:,initialisation,5382.863244358301,
1:4:1:2:2:3:3:1:0:,initialisation,5957.436000009377,
1:4:1:2:1:3:3:1:1:,initialisation,5155.6152987212645,
1:4:1:1:1:3:3:1:1:,initialisation,5378.420221384265,
1:4:0:2:2:2:3:0:1:,initialisation,6023.560170574531,
0:3:1:2:1:3:3:0:0:,initialisation,6126.093769373436,
1:4:0:2:2:3:3:1:1:,initialisation,5315.924270894444,
0:4:1:2:1:2:3:1:0:,initialisation,4805.635796231899,
1:4:0:3:3:2:1:0:2:,initialisation,5541.067223704379,
0:4:1:1:1:3:4:1:0:,initialisation,5565.540520511185,
0:4:0:2:2:3:3:1:0:,initialisation,5497.705883323435,
0:3:1:2:2:2:2:0:0:,initialisation,5496.979302745882,
2:4:0:4:4:1:1:0:2:,initialisation,5599.760998751168,
1:4:1:2:2:3:3:1:0:,initialisation,5373.61129791802,
1:4:1:2:2:1:2:0:1:,initialisation,4703.14772902189,
1:4:0:4:4:0:1:0:1:,initialisation,5477.076931440288,
1:4:1:2:2:3:3:0:1:,initialisation,5900.8959340997935,
0:4:1:3:3:2:2:0:0:,initialisation,5373.916717605298,
1:4:1:2:2:1:3:1:1:,initialisation,5698.484288798522,
0:3:1:2:1:2:3:1:0:,initialisation,5906.337415570354,
0:4:1:2:2:2:3:0:0:,initialisation,5102.9338482535695,
1:4:0:3:2:3:2:1:1:,initialisation,5831.00494095047,
1:4:1:2:2:3:2:0:1:,initialisation,5610.517305900791,
0:4:0:2:2:2:3:1:0:,initialisation,4822.978187953223,
1:4:0:3:3:2:1:0:1:,initialisation,4774.749005625535,
1:4:0:3:3:2:1:1:1:,initialisation,5281.303717476624,
0:3:1:1:1:4:4:1:0:,initialisation,5831.781841110399,
1:4:1:2:2:3:2:1:0:,initialisation,5650.398416577423,
1:4:0:3:3:1:1:1:1:,initialisation,5373.018224304147,
1:4:1:2:1:2:3:1:0:,initialisation,5310.344102914399,
1:4:0:2:2:1:2:0:1:,initialisation,4900.994418453307,
1:4:1:3:3:3:2:0:1:,initialisation,5971.131657977014,
1:4:0:3:4:2:1:1:2:,initialisation,5611.1368516105085,
0:3:1:1:1:3:3:0:0:,initialisation,5039.859246975307,
1:4:0:3:3:2:2:0:1:,initialisation,4754.379384613014,
1:4:0:2:2:2:2:1:0:,initialisation,4917.98448027235,
1:4:0:3:3:2:2:0:2:,initialisation,5581.924350436776,
0:4:1:1:1:4:3:1:0:,initialisation,6025.641251807613,
1:4:0:2:2:2:3:0:1:,initialisation,5874.8021622583865,
1:4:0:3:3:1:2:1:2:,initialisation,5611.1368516105085,
2:4:0:3:3:1:1:0:2:,initialisation,5557.941170492275,
1:4:0:3:3:3:2:1:1:,initialisation,5611.136851610508,
1:4:1:2:2:1:2:0:1:,initialisation,4501.633932817085,
1:4:0:2:1:4:3:1:0:,initialisation,5611.136851610507,
1:4:0:3:4:1:1:0:1:,initialisation,5122.0024673602775,
0:3:1:1:0:3:4:1:0:,initialisation,6203.027144546438,
1:4:1:3:4:0:1:0:1:,initialisation,4847.412699520016,
1:4:0:2:1:3:3:1:0:,initialisation,5611.1368516105085,
1:4:0:3:4:0:1:0:1:,initialisation,5041.200128750679,
1:4:0:4:4:1:1:0:1:,initialisation,4944.826286521057,
1:4:0:3:3:2:2:1:2:,initialisation,5611.136851610508,
1:4:1:3:2:2:2:1:1:,initialisation,5210.115933058482,
1:4:0:2:2:2:3:0:1:,initialisation,5663.487217091515,
0:4:1:3:3:1:2:0:0:,initialisation,4962.079609080326,
1:4:0:3:3:0:1:0:1:,initialisation,5179.292639822214,
1:4:0:3:2:3:2:1:1:,initialisation,5611.136851610508,
0:4:1:4:4:0:1:0:1:,initialisation,5330.310464598241,
1:4:1:3:4:1:0:0:1:,initialisation,4645.09562643985,
0:3:1:1:1:4:3:1:0:,initialisation,6004.925757717627,
1:4:0:3:3:1:1:0:1:,initialisation,4541.484533453487,
1:4:0:3:3:0:1:0:1:,initialisation,5101.613507475832,
1:4:0:3:3:1:1:1:2:,initialisation,5611.1368516105085,
0:3:1:1:1:4:3:1:0:,initialisation,5855.822638355183,
1:4:1:2:1:3:3:1:0:,initialisation,4956.490519085749,
1:4:0:3:4:1:1:0:2:,initialisation,4963.143697638338,
1:4:0:3:3:1:1:1:1:,initialisation,5337.022918694416,
1:4:1:1:1:2:3:1:1:,initialisation,5136.379782162184,
1:4:0:3:3:3:2:1:1:,initialisation,5604.921344117662,
0:4:1:3:2:2:2:0:0:,initialisation,5311.6580531859745,
2:4:0:4:4:1:0:0:2:,initialisation,5354.015934548686,
1:4:1:3:2:1:2:0:1:,initialisation,4983.193969093793,
1:4:0:2:1:3:3:1:0:,initialisation,5604.946845166334,
0:3:1:1:1:3:4:1:0:,initialisation,5716.4276462851685,
0:4:1:2:1:3:3:1:0:,initialisation,5214.019240414985,
1:4:1:3:2:3:2:1:1:,initialisation,5724.234424940873,
0:3:1:2:1:3:3:0:0:,initialisation,5641.015424343311,
1:4:0:3:3:0:1:0:1:,initialisation,4602.053657406726,
0:4:1:2:2:1:2:1:0:,initialisation,4988.647627550502,
1:4:1:4:4:0:0:0:1:,initialisation,4782.335180317515,
1:4:1:2:1:2:3:1:1:,initialisation,5179.245766312543,
1:4:0:1:1:3:3:1:0:,initialisation,5611.1368516105085,
0:4:1:1:1:3:3:1:0:,initialisation,5199.458644080002,
0:4:1:3:3:2:2:0:0:,initialisation,5277.214223385441,
0:4:1:2:2:3:2:1:0:,initialisation,5277.445790846483,
1:4:0:2:2:2:3:1:1:,initialisation,5091.368705238773,
1:4:0:3:3:1:2:0:1:,initialisation,5036.191776347177,
0:4:1:3:2:3:2:0:0:,initialisation,6572.785878204565,
0:4:1:3:2:2:2:0:0:,initialisation,5284.2436283902025,
1:4:0:2:2:2:3:1:0:,initialisation,5478.341227626602,
1:4:0:2:1:3:3:1:0:,initialisation,5457.419243256567,
1:4:1:3:3:2:1:0:1:,initialisation,4877.581605642349,
1:4:0:4:4:1:0:0:1:,initialisation,4806.652952359942,
0:3:1:1:1:3:3:1:0:,initialisation,5210.392537985142,
0:3:1:1:1:3:4:1:0:,initialisation,5538.05018000462,
1:4:0:3:3:1:1:1:1:,initialisation,5057.18409927347,
2:4:0:3:4:1:1:0:2:,initialisation,5611.136851610508,
1:4:0:3:4:1:1:0:1:,initialisation,4882.229476894739,
1:4:1:2:2:2:2:0:1:,initialisation,4916.219002943511,
1:4:0:4:4:1:1:0:1:,initialisation,4798.206105495319,
1:4:1:1:1:2:3:1:0:,initialisation,5451.1112891990815,
0:4:0:2:2:2:2:1:0:,initialisation,5166.970162857897,
1:4:0:2:2:3:3:1:0:,initialisation,5611.1368516105085,
1:4:0:3:3:3:2:0:1:,initialisation,5911.094568003642,
1:4:0:4:4:0:1:0:1:,initialisation,5170.019911442868,
1:4:1:2:1:2:3:1:0:,initialisation,5245.620136422946,
0:4:1:2:1:2:3:0:0:,initialisation,5335.671557492652,
1:4:0:4:4:0:1:0:2:,initialisation,5328.856214117567,
0:4:1:2:2:2:3:1:0:,initialisation,5026.793884715033,
1:4:1:4:4:2:1:0:1:,initialisation,6103.452424931599,
1:4:0:3:3:3:2:1:1:,initialisation,5557.856084064188,
1:4:0:2:2:3:3:1:0:,initialisation,5578.8537868672265,
0:4:1:1:1:4:4:1:0:,initialisation,6697.315472723896,
0:4:0:2:2:2:2:1:0:,initialisation,5083.418240154132,
0:4:0:1:1:4:3:1:0:,initialisation,5611.136851610508,
1:4:1:4:4:2:1:0:1:,initialisation,5470.447157742906,
1:4:1:3:2:3:2:1:1:,initialisation,5613.802260371951,
0:3:1:1:1:3:3:1:0:,initialisation,5005.669454057996,
1:4:1:2:1:3:3:0:1:,initialisation,5126.793423826985,
0:4:1:2:1:3:3:0:0:,initialisation,5629.032804081285,
0:4:1:2:1:3:3:0:0:,initialisation,5611.779128166786,
1:4:0:3:3:2:2:1:1:,initialisation,4860.332516258158,
1:4:1:3:4:1:1:0:1:,initialisation,5450.471505976653,
0:4:0:3:2:2:2:1:0:,initialisation,5355.7331124016955,
0:4:1:2:2:3:2:0:0:,initialisation,5497.40372164926,
1:4:1:2:2:3:3:1:1:,initialisation,5317.6126177992755,
1:4:1:4:4:0:0:0:2:,initialisation,5205.460590954159,
0:3:1:2:1:2:3:1:0:,initialisation,5250.572523149707,
1:4:0:2:2:3:3:1:0:,initialisation,5551.442193595579,
1:4:0:1:1:3:3:1:0:,initialisation,5113.384754815435,
0:4:1:2:1:4:3:1:0:,initialisation,6203.02744634928,
1:4:1:2:2:2:2:0:1:,initialisation,4783.9743578647185,
1:4:0:2:2:3:2:1:1:,initialisation,4961.420296455733,
0:4:1:2:1:3:3:1:0:,initialisation,5143.792755372199,
2:4:0:4:4:1:1:0:2:,initialisation,5254.644040067419,
1:4:1:3:2:1:2:0:1:,initialisation,4860.511955877993,
0:4:1:2:1:2:3:0:0:,initialisation,5247.303505588439,
1:4:0:3:2:2:2:1:1:,initialisation,5298.241470346715,
0:3:1:2:1:2:3:0:0:,initialisation,5147.791928834395,
1:4:0:3:3:1:2:0:1:,initialisation,4729.005232427869,
1:4:0:2:2:2:2:0:1:,initialisation,4820.340729227286,
0:3:1:1:1:2:3:0:0:,initialisation,5950.533316137787,
1:4:0:3:2:1:2:0:1:,initialisation,4979.054622705593,
1:4:1:3:3:1:1:0:1:,initialisation,4530.410529586102,
1:4:0:2:1:2:3:1:1:,initialisation,5273.908670026926,
0:3:1:1:0:3:4:1:0:,initialisation,5832.622977612731,
0:4:1:1:1:4:4:1:0:,initialisation,6530.647767622388,
1:4:1:1:1:2:3:1:0:,initialisation,5231.9333728371685,
2:4:0:4:4:0:1:0:2:,initialisation,5697.015350099141,
0:3:1:2:1:3:3:0:0:,initialisation,5599.792125799248,
1:4:1:3:2:3:3:0:1:,initialisation,6576.521635589039,
1:4:0:3:3:2:1:0:2:,initialisation,5538.903567734852,
1:4:0:2:1:3:3:1:1:,initialisation,5436.3571948499475,
1:4:1:3:4:1:1:0:1:,initialisation,5345.735834890875,
1:4:1:2:2:2:2:0:1:,initialisation,4490.693842638894,
1:4:1:3:3:1:2:1:1:,initialisation,5493.4305758341425,
1:4:1:2:2:3:3:0:1:,initialisation,5826.555284043822,
1:4:1:2:2:1:2:0:1:,initialisation,4406.7507493057565,
0:4:0:1:1:3:3:1:0:,initialisation,5611.1368516105085,
0:4:1:1:1:4:3:1:0:,initialisation,5483.524879197407,
0:4:1:3:2:2:2:1:0:,initialisation,5684.336621420247,
0:3:1:2:1:3:3:1:0:,initialisation,5193.769812703033,
1:4:1:1:1:3:3:1:0:,initialisation,5460.060053440824,
0:3:1:1:0:3:4:1:0:,initialisation,5544.481540399451,
1:4:1:2:1:2:3:1:1:,initialisation,5141.342650086269,
1:4:1:3:4:1:1:0:1:,initialisation,4971.06852429935,
2:4:0:4:4:0:0:0:2:,initialisation,5129.394480914551,
1:4:1:2:1:2:3:1:1:,initialisation,5104.853315053256,
0:4:0:2:2:2:2:1:0:,initialisation,4838.1041306846855,
0:4:1:1:0:3:4:1:0:,initialisation,6182.754665442125,
0:3:1:2:2:2:2:0:0:,initialisation,5005.930712526565,
0:4:1:2:2:2:3:1:0:,initialisation,4797.209073324008,
1:4:0:4:4:0:0:0:1:,initialisation,5172.717794975923,
1:4:0:4:4:1:1:0:2:,initialisation,5353.321635302303,
1:4:0:4:4:1:0:0:2:,clone,5051.349868557079,2:4:0:4:4:1:1:0:2
1:4:1:2:2:3:3:1:0:,recombination,5200.591319920107,1:4:0:4:4:1:1:0:1,0:3:1:1:1:3:4:1:0
0:3:1:1:1:3:3:1:0:,recombination,4967.71603913445,0:3:1:2:1:2:3:1:0,0:3:1:1:1:3:4:1:0
0:3:1:2:1:3:3:0:0:,recombination,5327.422806297982,0:4:1:2:2:3:3:0:0,0:4:1:1:1:2:3:0:0
1:4:1:2:1:3:3:1:0:,clone,4955.599899288103,1:4:1:2:1:3:3:1:0
1:4:0:3:3:1:2:0:1:,recombination,4660.117045164027,0:3:1:2:1:2:3:0:0,1:4:1:3:3:2:2:0:1
0:3:0:2:2:3:3:1:0:,clone,5634.096826501833,0:4:0:2:2:3:2:1:0
1:4:0:2:2:2:2:1:1:,recombination,4646.678008574325,1:4:0:3:3:2:1:0:1,1:4:0:2:2:2:2:1:1
0:4:0:1:1:3:3:1:0:,recombination,5197.082913390063,1:4:1:2:1:3:3:1:1,1:4:0:2:1:3:3:1:0,MUTATE
0:3:0:1:1:3:3:1:0:,recombination,5265.01122556747,0:4:0:2:2:3:2:1:0,1:4:1:2:2:2:3:0:1,MUTATE
0:4:1:3:3:1:2:0:0:,clone,4765.684542070877,1:4:1:3:3:1:2:0:1
0:4:1:2:1:2:3:0:0:,recombination,4948.240732269981,1:4:0:2:2:2:2:1:1,0:4:1:1:1:3:3:0:0,MUTATE
0:4:0:2:2:2:3:0:0:,recombination,5529.924535569905,1:4:0:2:2:2:3:0:1,0:4:1:2:1:3:3:1:0,MUTATE
0:4:1:2:1:3:3:0:0:,clone,5400.202454773694,0:4:1:2:1:3:3:0:0
0:4:1:1:1:3:4:1:0:,clone,5358.377636477835,0:4:1:1:1:3:4:1:0
0:3:1:1:1:4:4:1:0:,clone,5690.537577308116,0:3:1:1:1:4:4:1:0
0:3:0:1:1:4:3:1:0:,clone,5794.397174886733,0:3:0:2:2:3:3:1:0
1:4:1:3:3:3:2:1:1:,recombination,5847.161650759058,1:4:1:3:2:3:2:1:1,0:4:1:3:2:2:2:1:0
1:4:1:2:2:2:2:0:1:,clone,4480.573499884448,1:4:1:2:2:2:2:0:1
0:4:1:1:1:3:3:1:0:,recombination,5035.689484230032,0:3:1:1:0:4:4:1:0,0:4:1:1:1:3:3:1:0,MUTATE
2:4:0:4:4:1:1:0:2:,recombination,5166.003237396964,2:4:0:3:3:2:1:0:2,1:4:0:3:4:1:1:0:1
0:4:1:1:0:4:4:1:0:,clone,6741.788992598136,0:4:1:1:1:4:4:1:0
1:4:0:3:3:2:1:1:1:,recombination,4922.974956807599,1:4:0:3:3:2:2:1:1,1:4:1:2:2:2:2:0:1
0:4:0:2:2:2:2:1:0:,recombination,4627.168672144679,1:4:0:2:2:2:2:1:1,0:3:1:1:1:3:4:1:0
0:4:0:2:2:2:2:0:0:,clone,5371.547040390221,0:4:0:2:2:2:3:0:0
0:3:1:1:0:3:4:0:0:,clone,5570.13184420923,0:3:1:1:1:3:4:0:0
1:4:0:2:1:3:3:1:0:,clone,5385.0470621075465,1:4:0:2:1:3:3:1:0
0:3:1:2:1:3:3:0:0:,clone,5083.370300050248,0:3:1:1:1:3:3:0:0
1:4:0:3:3:1:1:0:1:,clone,4445.605470293821,1:4:0:3:3:1:1:0:1
0:4:1:2:2:3:3:1:0:,clone,5112.822967092563,1:4:1:2:2:3:3:1:0
0:3:0:2:1:2:3:1:0:,clone,5141.8120337112005,0:3:1:2:1:2:3:1:0
0:4:1:3:2:1:2:0:0:,recombination,4790.944551678196,0:4:1:2:2:2:2:1:0,1:4:1:4:4:0:1:0:1,MUTATE
0:4:1:1:1:2:3:0:0:,recombination,4859.921599662233,0:4:1:1:1:3:3:0:0,1:4:1:2:2:2:2:0:1
0:4:1:2:2:1:2:0:0:,recombination,4581.685634898158,0:4:1:2:2:1:2:0:0,0:4:1:2:1:2:3:0:0,MUTATE
1:4:0:2:2:1:2:0:1:,recombination,4548.883482240381,1:4:0:3:3:2:2:0:1,1:4:1:2:2:1:2:0:1,MUTATE
1:4:1:2:2:3:3:1:1:,recombination,5029.160994372825,1:4:0:2:2:3:2:1:1,1:4:0:2:1:3:3:1:0,MUTATE
1:4:1:2:2:3:3:0:1:,recombination,5823.34335541752,1:4:1:2:2:3:3:0:1,1:4:1:2:2:3:3:0:1,MUTATE
0:4:1:2:2:1:2:0:0:,clone,4573.5931308853305,0:4:1:2:2:1:2:0:0
1:4:0:3:2:3:2:1:1:,recombination,5493.392454675304,1:4:0:3:3:3:2:1:1,1:4:0:2:1:3:3:1:1
1:4:1:2:2:2:2:1:1:,recombination,4744.056913220427,1:4:1:4:4:0:0:0:2,1:4:1:2:2:2:2:1:1,MUTATE
0:4:1:2:2:2:2:1:0:,recombination,4568.945491525294,1:4:0:3:3:2:1:1:1,0:4:1:2:2:1:2:1:0,MUTATE
2:4:1:4:4:1:1:0:2:,clone,5185.314853991632,2:4:0:4:4:0:0:0:2
1:4:1:2:2:3:2:1:0:,recombination,5224.130644794645,0:4:1:2:2:3:3:1:0,1:4:0:2:2:3:3:1:0
0:4:1:1:1:4:4:1:0:,clone,6449.565570670116,0:4:1:1:1:4:4:1:0
0:4:1:2:2:2:2:0:0:,recombination,4599.222372457804,1:4:0:3:3:2:2:0:1,1:4:0:2:1:3:3:1:0
1:4:0:3:3:2:1:1:1:,recombination,4792.474300821403,0:4:1:2:2:2:2:1:0,1:4:0:3:3:2:2:1:1,MUTATE
1:4:0:3:3:1:2:0:2:,recombination,5446.550852539977,1:4:0:3:3:1:2:1:2,1:4:0:2:1:3:3:1:1
1:4:1:2:2:2:3:1:0:,clone,4646.678008574325,0:4:0:2:2:2:2:1:0
1:4:1:3:2:1:2:0:1:,clone,4778.914947122466,0:4:1:3:2:1:2:0:0
1:4:1:3:3:2:1:0:1:,recombination,4736.491281633372,0:4:1:2:1:3:3:0:0,0:4:1:3:3:2:2:0:0,MUTATE
2:4:1:4:4:0:0:0:2:,clone,5247.445585375433,1:4:1:4:4:0:0:0:2
0:4:1:2:2:1:2:0:0:,clone,4441.553067710586,0:4:1:2:2:1:2:0:0
1:4:0:2:1:3:3:1:1:,clone,5315.924270894444,1:4:0:2:2:3:3:1:1
1:4:0:2:2:2:3:1:0:,clone,4822.978187953223,0:4:0:2:2:2:3:1:0
1:4:0:2:2:2:3:1:1:,recombination,5008.122905825708,1:4:0:1:1:3:3:1:1,1:4:0:3:3:1:2:0:1
1:4:0:2:1:3:3:1:1:,recombination,5039.867938221912,1:4:1:2:2:3:3:1:1,1:4:0:2:2:2:2:1:1
1:4:1:3:3:1:1:0:1:,clone,4227.884087398335,1:4:0:3:3:1:1:0:1
1:4:0:2:2:2:2:1:0:,recombination,4692.144247295308,0:4:1:2:2:2:2:1:0,1:4:1:3:2:2:2:1:1
0:4:1:2:1:3:3:1:0:,clone,4822.978187953223,1:4:0:2:2:2:3:1:0
0:3:1:1:1:4:4:1:0:,recombination,5656.374626585483,0:3:1:1:1:4:4:1:0,0:4:1:3:2:2:2:0:0,MUTATE
0:4:1:2:1:3:3:0:0:,clone,5392.890042059487,0:4:1:2:1:3:3:0:0
0:4:1:1:1:3:3:1:0:,recombination,4989.020370959646,0:4:0:1:1:3:3:1:0,0:4:1:1:1:2:3:1:0
1:4:1:2:2:2:3:0:1:,recombination,5111.885328840759,1:4:1:3:2:2:2:0:1,0:4:1:2:2:2:3:0:0,MUTATE
1:4:0:3:3:2:1:0:2:,clone,5499.590505787613,2:4:0:4:4:2:1:0:2
0:4:1:1:1:2:3:0:0:,clone,4497.222930520783,0:4:1:2:1:1:3:0:0
0:4:1:1:1:3:3:0:0:,clone,5333.394606258202,0:4:1:2:1:3:3:0:0
1:4:0:3:3:1:2:1:1:,clone,4916.248868073371,1:4:0:3:3:2:1:1:1
1:4:0:3:3:1:1:0:1:,recombination,4360.735548155693,1:4:0:3:3:1:2:0:1,1:4:0:3:2:1:2:0:1
0:4:1:2:2:1:2:0:0:,recombination,4315.058748638243,0:4:1:2:1:3:3:1:0,1:4:1:4:4:0:1:0:1
1:4:1:1:1:3:3:1:0:,clone,5273.908670026926,1:4:0:2:1:2:3:1:1
0:4:1:1:1:3:3:1:0:,recombination,4742.175182883061,1:4:1:2:2:2:2:0:1,0:4:1:1:1:2:3:1:0,MUTATE
1:4:1:4:4:1:1:0:1:,clone,5040.256720704126,1:4:1:3:4:1:1:0:1
0:4:0:2:2:2:2:1:0:,recombination,4576.973253174471,0:4:0:2:2:2:3:1:0,1:4:0:3:3:1:1:0:1
1:4:0:2:2:2:2:1:1:,clone,4559.9296510284585,1:4:0:2:2:2:2:1:1
0:4:1:2:1:3:3:0:0:,recombination,5294.748397672849,0:4:1:1:1:3:3:0:0,1:4:1:3:3:2:2:1:1,MUTATE
0:3:1:2:2:2:2:1:0:,clone,4315.058748638243,0:4:1:2:2:1:2:0:0
0:3:1:1:1:2:3:0:0:,recombination,5156.374896345342,0:3:1:1:1:3:4:0:0,0:4:0:2:2:2:2:1:0,MUTATE
1:4:0:2:2:3:3:1:1:,recombination,5197.082913390063,0:4:0:1:1:3:3:1:0,0:4:1:2:2:2:2:1:0,MUTATE
1:4:0:3:3:3:2:0:1:,clone,5692.451996035796,1:4:0:3:3:3:2:0:1
1:4:1:4:4:1:1:0:2:,recombination,5308.149791159815,2:4:0:4:4:0:0:0:2,0:4:1:1:1:3:4:1:0
0:3:0:2:1:4:3:1:0:,recombination,5866.935944328007,0:4:0:2:2:3:2:1:0,1:4:1:3:2:2:2:1:1
0:4:1:1:0:3:4:1:0:,clone,5618.208953692705,0:4:1:1:1:3:4:1:0
1:4:1:3:2:2:2:1:1:,clone,4757.688066611321,0:4:1:2:2:2:2:1:0
1:4:1:1:1:3:3:1:1:,clone,5196.239086840498,1:4:1:1:1:3:3:1:0
0:4:0:2:2:2:2:1:0:,recombination,4548.262760753018,0:4:1:2:2:1:2:0:0,1:4:0:3:4:2:1:1:2
1:4:0:2:2:1:2:1:1:,recombination,4683.136023489124,1:4:0:1:1:3:3:1:1,1:4:0:3:3:0:1:0:1,MUTATE
1:4:0:2:1:3:3:1:0:,recombination,5185.211488857844,0:4:0:2:2:3:2:1:0,1:4:1:3:2:2:2:1:1,MUTATE
1:4:1:2:2:2:2:1:1:,recombination,4640.866823633638,1:4:0:3:3:0:1:0:1,0:3:1:1:1:3:3:1:0,MUTATE
0:3:1:1:1:2:3:0:0:,clone,5155.686336132834,0:4:1:2:1:2:3:0:0
1:4:1:2:2:3:3:1:0:,recombination,5005.137394347442,1:4:1:2:2:3:3:1:0,1:4:1:2:1:3:3:1:1
1:4:1:3:3:1:1:0:2:,recombination,5727.809628827354,2:4:0:4:4:0:0:0:2,0:4:1:2:2:3:2:1:0
1:4:0:2:2:3:2:1:1:,recombination,4905.501411750425,1:4:0:2:2:3:2:1:1,0:4:1:1:1:4:3:1:0,MUTATE
1:4:0:2:1:3:3:1:0:,clone,5025.264060590403,1:4:0:2:1:3:3:1:0
1:4:0:3:3:2:2:1:1:,clone,4815.076733370846,1:4:0:2:2:2:2:1:1
1:4:0:3:3:1:1:0:1:,recombination,4348.729244637617,1:4:0:3:3:1:2:0:1,1:4:1:3:2:2:2:0:1,MUTATE
1:4:1:2:2:2:3:1:1:,recombination,5015.874286457002,1:4:1:2:1:3:3:1:0,1:4:0:2:2:2:2:1:1,MUTATE
0:3:1:1:1:3:4:1:0:,clone,5337.73632683395,0:3:1:1:1:3:4:1:0
1:4:1:4:4:0:1:0:1:,clone,4817.755875039731,1:4:1:4:4:0:0:0:1
0:4:0:2:1:2:3:1:0:,recombination,5266.6700821851055,1:4:0:3:3:2:1:1:1,0:4:1:3:3:1:2:0:0,MUTATE
0:3:1:1:1:3:4:1:0:,clone,5154.854206998467,0:3:1:1:1:3:4:1:0
0:4:1:2:1:3:3:1:0:,clone,4759.352589350193,0:4:1:2:1:3:3:1:0
1:4:0:3:3:1:1:0:2:,clone,5023.516304658551,1:4:0:3:3:1:1:0:2
1:4:0:4:4:0:0:0:1:,recombination,4679.721797296941,1:4:0:4:4:1:0:0:1,1:4:1:3:4:0:1:0:1
1:4:0:2:2:2:2:0:1:,recombination,4625.941718519925,0:4:1:2:2:1:2:0:0,1:4:0:3:3:2:2:1:1,MUTATE
1:4:0:3:3:1:1:0:2:,recombination,4913.631176855056,2:4:0:4:4:1:1:0:2,1:4:0:3:3:2:2:1:1
1:4:1:3:3:0:1:0:1:,recombination,4508.958325593115,1:4:0:3:4:0:1:0:1,0:4:1:3:3:1:1:0:1,MUTATE
0:4:1:2:1:2:3:1:0:,clone,4613.634421596315,0:3:1:2:2:2:2:0:0
0:3:0:2:2:3:3:1:0:,recombination,5448.189228222169,0:3:0:1:1:4:3:1:0,1:4:1:2:2:2:2:0:1,MUTATE
1:4:1:1:1:2:3:1:0:,recombination,5068.809350583164,1:4:1:1:1:3:3:1:0,1:4:1:2:1:2:3:1:0
1:4:0:3:2:2:2:1:1:,clone,5215.991013454265,1:4:0:3:3:2:2:0:1
1:4:0:3:3:2:2:1:1:,clone,4757.407676855957,1:4:0:3:3:2:2:1:1
0:4:1:2:1:2:3:0:0:,clone,4418.322320276172,0:4:1:1:1:2:3:0:0
0:3:1:1:1:2:3:1:0:,clone,4859.840050689973,0:4:1:2:1:2:3:1:0
1:4:0:4:4:0:1:0:1:,clone,5131.7797543957795,1:4:0:4:4:0:1:0:1
1:4:0:2:2:3:2:1:0:,recombination,5521.703787313288,1:4:0:3:3:3:2:1:1,0:3:0:2:2:3:3:1:0
0:3:1:1:0:3:4:1:0:,recombination,5009.33684139691,1:4:1:3:3:1:2:0:1,0:4:1:2:1:2:3:0:0,MUTATE
0:3:0:2:1:3:3:1:0:,clone,5706.988516060566,0:3:0:2:1:3:3:1:0
1:4:0:4:4:1:0:0:2:,clone,4974.227091095755,1:4:0:4:4:1:0:0:2
1:4:0:2:2:3:3:1:1:,clone,5135.924199582939,1:4:0:2:2:3:3:1:1
0:3:1:1:1:4:4:1:0:,recombination,5374.769592550473,0:3:1:1:1:3:3:1:0,0:4:1:3:2:2:2:0:0
1:4:1:3:3:1:1:0:2:,clone,5180.5307157721845,2:4:1:4:4:1:1:0:2
0:4:1:3:3:2:2:0:0:,recombination,5276.324428523486,0:3:1:1:1:3:4:1:0,0:4:1:3:3:2:2:0:0,MUTATE
0:2:1:1:1:3:4:1:0:,recombination,5373.223813819431,0:3:1:1:1:4:4:1:0,0:4:1:2:1:2:3:0:0
1:4:0:4:4:1:1:0:2:,recombination,5224.033862369006,1:4:0:4:4:2:1:1:2,1:4:0:3:4:1:1:0:2
0:3:1:1:1:3:4:1:0:,clone,5154.854206998465,0:3:1:1:1:3:4:1:0
0:4:1:1:1:2:3:1:0:,clone,4860.849204518486,0:4:1:1:1:2:3:1:0
1:4:1:2:2:3:2:1:1:,clone,5150.5893120063,1:4:1:2:2:3:2:1:1
1:4:0:3:4:0:0:0:1:,clone,4552.789584062944,1:4:0:3:3:1:1:0:1
0:4:1:3:2:2:2:1:0:,clone,5154.808828607322,0:4:1:2:2:2:2:1:0
1:4:1:2:2:1:3:0:1:,clone,5047.7294359664575,1:4:1:2:2:2:3:0:1
1:4:0:2:2:3:3:1:0:,clone,5494.446175908366,1:4:0:2:2:3:3:1:0
1:4:0:2:2:3:3:1:1:,clone,5088.569991682874,1:4:0:2:2:3:3:1:1
1:4:1:1:1:3:3:1:0:,clone,5154.927400152311,1:4:1:1:1:3:3:1:1
1:4:0:3:4:1:1:0:2:,recombination,4928.016780197642,1:4:0:4:4:1:0:0:1,2:4:0:4:4:1:1:0:2,MUTATE
0:4:0:2:2:3:2:1:0:,recombination,4874.820397655243,1:4:0:2:2:2:2:1:0,0:3:1:1:1:3:3:0:0,MUTATE
1:4:0:4:4:2:1:0:2:,recombination,5611.1368516105085,1:4:1:2:2:1:2:0:1,2:4:0:4:4:2:1:0:2
1:4:1:1:1:3:3:1:0:,clone,5116.362496540478,1:4:1:1:1:3:3:1:0
1:4:1:2:1:2:3:1:0:,clone,5217.723875216507,1:4:1:1:1:3:3:1:0
0:3:0:2:1:4:3:1:0:,clone,5786.5012010184955,0:3:0:1:1:4:3:1:0
0:3:1:1:1:3:3:1:0:,clone,4846.465567033109,0:3:1:1:1:3:3:1:0
1:4:0:1:1:3:3:1:1:,recombination,5318.22037203226,0:4:1:2:2:1:2:0:0,0:4:1:2:2:3:3:1:0
1:4:0:2:2:1:1:0:1:,recombination,4276.431198899362,1:4:1:3:3:1:1:0:1,0:3:1:2:1:2:3:0:0,MUTATE
0:3:1:1:1:3:4:1:0:,clone,5145.763377241714,0:3:1:1:0:3:4:1:0
1:4:1:2:2:3:2:1:0:,recombination,5106.96575966295,1:4:1:2:2:3:2:1:1,1:4:0:3:2:2:2:0:1
0:4:0:2:2:3:2:1:0:,clone,4833.5989555419,0:4:0:2:2:3:2:1:0
1:4:0:2:2:2:2:1:0:,clone,4634.797306184784,1:4:0:2:2:2:2:1:1
0:4:1:3:3:1:1:0:0:,clone,4152.158567517256,0:4:1:3:3:1:1:0:0
0:3:1:1:1:3:3:1:0:,clone,4711.6400293121915,0:3:1:1:1:3:4:1:0
0:4:1:1:1:2:3:1:0:,recombination,4709.464120401796,0:3:1:1:1:3:3:1:0,0:4:1:1:1:2:3:0:0,MUTATE
1:4:0:4:4:1:1:0:2:,clone,5224.033862369004,1:4:0:4:4:1:1:0:2
0:3:1:1:0:3:4:1:0:,recombination,4868.338322293591,0:3:1:1:1:3:3:1:0,1:4:1:2:1:2:3:1:0
1:4:1:2:2:3:2:0:1:,recombination,5509.169955486543,0:4:1:2:2:3:2:0:0,1:4:1:3:2:3:3:0:1,MUTATE
1:4:1:4:4:0:0:0:1:,clone,4676.115013249351,1:4:1:4:4:0:1:0:1
0:4:0:2:1:3:3:1:0:,clone,4789.994318724801,0:4:0:1:1:3:3:1:0
0:3:0:2:2:2:2:1:0:,clone,4751.25285870806,0:4:0:2:2:2:2:1:0
0:4:1:2:1:3:3:0:0:,clone,5211.133659305037,0:3:1:1:1:3:3:0:0
1:4:1:2:1:4:3:1:0:,recombination,6578.071898020731,2:4:0:4:4:0:1:0:2,0:4:1:1:1:4:3:1:0,MUTATE
1:4:1:2:2:3:2:1:1:,clone,5065.297886159678,1:4:1:2:2:3:2:1:1
0:4:1:2:2:2:3:0:0:,recombination,5091.464601058931,1:4:1:2:2:2:3:1:1,0:4:1:2:1:3:3:0:0
0:4:0:2:2:3:3:1:0:,recombination,5334.886581949916,1:4:0:3:3:1:2:1:1,1:4:0:3:3:2:2:0:1
0:3:1:1:1:4:3:1:0:,clone,5757.574670187139,0:3:1:1:1:4:3:1:0
1:4:0:2:2:3:3:1:0:,clone,5076.246986778488,1:4:0:2:2:3:2:1:1
0:4:1:1:0:4:4:1:0:,clone,5638.314568808855,0:4:1:1:0:4:4:1:0
1:4:1:3:3:3:2:0:1:,recombination,5729.134173213665,1:4:0:3:3:3:2:0:1,1:4:1:3:3:1:1:0:1,MUTATE
0:4:1:2:2:3:2:1:0:,recombination,4935.530623084858,0:4:1:3:3:1:2:0:0,1:4:1:2:2:3:2:1:1
0:4:1:1:0:4:4:1:0:,clone,5497.88989196455,0:4:1:1:1:3:3:1:0
0:4:1:1:1:3:3:0:0:,clone,5259.48877567243,0:4:1:1:1:3:3:0:0
1:4:1:2:2:2:3:1:1:,clone,5012.37334282719,1:4:1:2:2:2:3:1:1
1:4:0:2:2:2:2:1:0:,clone,4634.797306184783,1:4:0:2:2:2:2:1:0
0:4:1:1:0:3:4:1:0:,clone,5486.398252856736,0:4:1:1:0:3:4:1:0
1:4:1:2:1:2:3:1:0:,recombination,4999.808396911472,1:4:1:2:2:2:2:1:1,1:4:0:2:2:1:2:1:1
0:4:1:2:2:3:3:0:0:,clone,5446.464174194122,0:4:1:2:1:3:3:0:0
1:4:1:1:1:3:3:1:1:,recombination,4982.587302712787,1:4:0:2:2:3:3:1:1,1:4:1:2:2:2:2:0:1
0:2:1:0:0:4:4:2:0:,recombination,5526.803150095812,1:4:1:2:1:2:3:1:0,1:4:1:2:2:3:2:1:1,MUTATE
0:4:0:1:1:3:3:1:0:,clone,5129.515448593922,0:4:0:1:1:3:3:1:0
1:4:0:3:3:3:2:0:1:,recombination,5606.422375619369,1:4:1:3:3:3:2:0:1,0:3:0:2:1:3:3:1:0,MUTATE
0:3:1:1:1:3:4:1:0:,recombination,5011.496810699787,1:4:1:3:3:1:1:0:1,1:4:0:2:1:3:3:1:0
0:3:1:0:0:4:4:1:0:,recombination,5832.277397467389,0:4:1:2:1:2:3:1:0,0:3:1:1:1:4:4:1:0,MUTATE
1:4:1:2:2:2:3:0:1:,recombination,5054.2519605551615,1:4:0:3:3:3:2:0:1,0:4:1:1:1:3:3:0:0
0:4:0:2:2:1:2:0:0:,clone,4276.431198899362,1:4:0:2:2:1:1:0:1
1:4:1:1:1:3:3:1:1:,recombination,4982.389375480555,1:4:1:2:2:1:2:1:1,0:4:1:1:1:3:3:1:0
0:3:1:0:0:4:4:1:0:,clone,5825.361307228366,0:3:1:0:0:4:4:1:0
0:4:1:2:2:2:3:0:0:,recombination,5062.272745052015,0:4:1:2:1:2:3:0:0,1:4:0:3:3:3:2:0:1,MUTATE
0:3:1:0:0:4:4:1:0:,clone,5481.11626004601,0:3:1:0:0:4:4:1:0
0:3:1:1:0:4:4:1:0:,recombination,5311.27139862969,1:4:1:2:1:2:3:1:0,1:4:0:2:1:3:3:1:0
1:4:0:2:1:3:3:1:0:,recombination,4903.525469885058,0:4:1:2:2:2:2:1:0,1:4:1:2:1:2:3:1:1
1:4:1:3:4:1:1:0:2:,clone,5009.941548111719,1:4:1:4:4:1:1:0:2
0:2:1:0:0:4:4:2:0:,recombination,5518.87006835118,1:4:1:2:1:2:3:1:0,1:4:0:3:3:1:2:0:1
1:4:1:1:1:3:3:1:1:,clone,4962.482396508924,1:4:1:2:1:3:3:1:1
1:4:1:3:4:0:1:0:1:,recombination,4825.571076251324,1:4:1:2:2:3:2:1:0,1:4:0:4:4:0:1:0:2
1:4:1:2:1:3:3:1:0:,clone,4932.683915407122,1:4:1:2:1:3:3:1:0
1:4:1:1:1:3:3:1:0:,clone,5023.817464242855,1:4:1:2:1:3:3:1:1
1:4:0:3:2:2:2:1:1:,clone,5177.5000834908815,1:4:0:3:3:2:2:1:1
0:4:1:1:1:2:3:1:0:,recombination,4702.837426028131,0:4:1:1:1:2:3:1:0,0:4:1:3:3:2:2:0:0,MUTATE
0:4:1:1:0:4:4:1:0:,clone,5269.941719321153,0:4:1:1:0:4:4:1:0
0:2:1:0:0:4:4:1:0:,recombination,5176.518122409398,0:2:1:1:1:3:4:1:0,1:4:0:3:3:2:2:1:1
0:4:0:1:1:3:3:1:0:,recombination,4761.502510945967,0:4:1:2:2:2:2:1:0,1:4:0:3:3:2:2:1:1,MUTATE
0:4:1:2:2:3:3:1:0:,clone,5065.297886159678,0:4:1:2:2:3:3:1:0
1:4:0:3:2:2:2:1:1:,clone,5160.984607562648,1:4:0:3:2:2:2:1:1
0:4:1:1:0:3:4:1:0:,clone,5484.708721468458,0:4:1:1:0:3:4:1:0
0:4:1:1:1:4:3:1:0:,recombination,5453.367458371543,0:3:0:2:2:3:3:1:0,1:4:0:2:2:2:3:1:1
1:4:1:2:1:2:3:1:1:,clone,4942.335789845496,1:4:1:2:1:2:3:1:1
1:4:0:4:4:1:0:0:1:,recombination,4679.721797296941,1:4:0:4:4:0:0:0:1,0:2:1:0:0:4:4:2:0
1:4:1:1:1:3:3:1:0:,clone,4824.531059553084,1:4:1:1:1:3:3:1:0
2:4:0:3:3:1:1:0:2:,recombination,5549.594344164505,2:4:0:3:3:1:2:0:2,1:4:1:3:3:0:1:0:1
0:3:1:1:0:3:4:1:0:,clone,4863.638394123647,0:3:1:1:0:3:4:1:0
0:3:1:1:1:2:3:1:0:,clone,4838.89251387042,0:3:1:1:1:2:3:1:0
0:4:0:2:1:4:3:1:0:,recombination,5738.791261669874,1:4:0:2:1:3:3:1:0,1:4:0:3:2:3:2:1:1
0:3:1:1:1:3:3:1:0:,recombination,4644.761370419891,1:4:0:3:3:2:2:1:1,0:3:1:1:1:3:4:1:0,MUTATE
0:3:0:1:1:3:3:1:0:,recombination,4583.605091653549,1:4:0:3:3:2:2:1:1,0:4:1:1:0:3:4:1:0
0:4:1:1:1:4:4:1:0:,recombination,5694.632405955284,1:4:0:2:2:2:2:0:1,0:3:0:2:1:2:3:1:0
0:4:1:1:0:4:4:1:0:,clone,5268.252187932874,0:4:1:1:0:4:4:1:0
0:4:1:2:2:3:2:0:0:,recombination,5053.14906095845,1:4:1:2:2:3:2:0:1,1:4:0:3:3:1:1:0:1
1:4:1:3:4:1:0:0:1:,clone,4608.623804480523,1:4:1:3:4:1:0:0:1
1:4:1:2:2:3:2:0:1:,clone,5371.688784755446,1:4:1:2:2:3:2:0:1
0:4:0:1:1:3:3:1:0:,clone,4634.797306184784,0:4:0:1:1:3:3:1:0
0:3:1:0:0:4:4:2:0:,clone,5561.962865983169,0:3:1:0:0:4:4:2:0
0:4:1:2:2:3:3:0:0:,clone,5313.491940304748,0:4:1:2:2:3:3:0:0
1:4:1:2:2:2:3:0:1:,clone,5026.75238222865,0:4:1:2:2:3:3:0:0
0:4:1:2:2:2:2:0:0:,recombination,4569.3664757942925,1:4:1:3:3:1:1:0:1,0:4:1:1:1:4:3:1:0
0:3:1:1:1:4:3:1:0:,recombination,5446.233491118076,1:4:1:3:2:3:3:0:1,0:4:1:2:2:3:2:0:0,MUTATE
0:3:1:1:0:4:4:1:0:,recombination,5217.188056264639,0:3:1:1:1:4:4:1:0,1:4:1:2:2:2:2:1:1,MUTATE
0:3:1:2:1:2:3:1:0:,recombination,4896.481881175812,1:4:0:2:1:3:3:1:0,0:3:1:1:0:3:4:1:0,MUTATE
1:4:0:4:4:2:1:0:2:,clone,5579.484810416023,1:4:0:3:3:2:1:0:1
0:2:1:1:0:4:4:1:0:,recombination,5514.3397454124215,0:3:1:0:0:4:4:1:0,0:4:1:2:2:2:3:0:0,MUTATE
0:3:1:1:0:4:4:1:0:,recombination,5131.204979982201,0:4:1:2:1:3:3:0:0,1:4:0:2:2:3:3:1:1,MUTATE
0:4:1:1:1:3:3:1:0:,recombination,4700.500781727237,1:4:1:1:1:3:3:1:1,1:4:0:3:3:2:2:1:1,MUTATE
0:3:1:1:1:4:3:1:0:,recombination,5312.3513913734205,1:4:0:2:1:3:3:1:0,1:4:0:3:3:2:2:1:1,MUTATE
0:4:1:2:2:3:2:1:0:,clone,4826.909136572383,0:4:1:2:2:3:2:1:0
0:2:1:1:0:4:4:1:0:,clone,5318.86249133504,0:2:1:1:0:4:4:1:0
0:3:1:1:1:4:4:1:0:,clone,5129.515448593922,0:3:1:1:1:4:4:1:0
0:3:1:1:0:4:4:2:0:,clone,5446.6352646496125,0:3:1:1:0:4:4:2:0
1:4:0:3:2:1:2:0:1:,clone,4945.957585295231,1:4:0:3:3:1:2:0:1
1:4:1:2:1:2:3:1:1:,recombination,4810.253162918848,1:4:0:2:2:2:2:1:0,1:4:0:3:4:1:1:0:1
1:4:1:3:2:3:2:0:1:,clone,5759.15701601134,1:4:1:3:3:2:2:0:1
0:3:1:1:0:4:4:1:0:,recombination,5129.515448593922,1:4:1:2:1:3:3:1:0,0:3:1:1:0:4:4:1:0
1:4:1:2:2:3:2:1:0:,recombination,4931.976749843395,1:4:0:3:2:3:2:1:1,0:3:1:1:1:3:3:1:0,MUTATE
1:4:0:3:3:2:1:0:1:,clone,4662.983755498478,1:4:0:2:2:2:2:0:1
1:4:0:4:4:0:1:0:2:,recombination,5168.778413776289,1:4:1:4:4:0:0:0:2,0:3:1:1:1:4:4:1:0,MUTATE
1:4:1:4:4:2:1:0:1:,clone,5344.45615570972,1:4:1:4:4:2:1:0:1
1:4:1:2:1:3:3:1:1:,recombination,5053.806061721827,1:4:1:2:2:2:2:0:1,1:4:0:3:3:2:1:1:1,MUTATE
0:3:1:1:0:4:4:1:0:,clone,5112.848612709088,0:3:1:1:1:4:4:1:0
0:4:1:2:2:2:2:1:0:,recombination,4558.867122639115,0:4:0:1:1:3:3:1:0,1:4:1:3:4:1:1:0:2,MUTATE
0:4:1:1:1:3:3:1:0:,clone,4656.971242148646,0:4:1:1:1:3:3:1:0
1:4:1:2:1:3:3:1:1:,clone,4968.602120987411,1:4:1:2:1:3:3:1:1
0:4:0:2:2:3:3:1:0:,clone,5324.306087794038,0:4:0:2:2:3:3:1:0
1:4:0:4:4:0:1:0:2:,clone,4972.061937908859,1:4:0:4:4:0:1:0:2
1:4:0:2:1:2:3:1:0:,clone,5323.956432925552,0:4:1:1:1:2:3:1:0
1:4:0:4:4:0:1:0:1:,recombination,5064.088557081984,2:4:0:4:4:1:0:0:2,1:4:0:4:4:0:1:0:1
0:4:0:2:2:2:3:0:0:,recombination,5351.054736869506,1:4:1:3:3:2:2:0:1,1:4:1:3:3:1:1:0:1,MUTATE
1:4:0:1:1:3:3:1:1:,recombination,5251.191349458477,0:3:0:2:1:2:3:1:0,2:4:0:3:3:1:1:0:2,MUTATE
1:4:1:1:1:2:3:1:0:,clone,4922.878182388147,1:4:1:1:1:3:3:1:0
0:3:1:1:1:4:3:1:0:,recombination,4709.656083852749,1:4:0:2:2:2:2:1:0,1:4:1:2:2:3:2:0:1,MUTATE
1:4:1:1:1:3:3:0:1:,recombination,4842.448103554174,1:4:1:4:4:0:0:0:2,0:4:1:1:1:3:3:1:0
1:4:0:2:1:3:3:1:1:,recombination,4965.409275768106,1:4:0:3:3:1:2:0:2,0:4:0:1:1:3:3:1:0
0:3:1:2:2:2:3:0:0:,recombination,4884.0931989542305,1:4:1:3:4:1:0:0:1,1:4:1:3:3:1:2:0:1,MUTATE
1:4:1:2:1:2:3:1:1:,clone,4686.12345122286,1:4:1:2:1:2:3:1:1
0:4:1:1:1:4:3:1:0:,recombination,5158.263203902852,1:4:0:3:3:2:2:1:1,0:3:1:1:1:4:3:1:0
0:3:1:0:0:4:4:1:0:,recombination,5263.742538464471,0:3:1:1:0:3:4:1:0,0:3:1:1:1:4:4:1:0
0:3:1:1:0:4:4:1:0:,recombination,4811.159361314132,1:4:0:2:2:2:2:1:0,0:4:0:2:2:2:3:1:0
1:4:0:3:2:1:2:1:1:,clone,5260.687406075118,1:4:0:3:2:1:2:1:1
1:4:0:3:2:1:2:1:1:,clone,5260.687406075117,1:4:0:3:2:1:2:1:1
0:4:1:1:1:4:3:1:0:,recombination,4914.530809672604,2:4:0:3:4:1:1:0:2,0:4:1:1:1:4:3:1:0,MUTATE
1:4:1:2:1:2:3:1:0:,clone,4939.687979436231,0:4:1:2:1:2:3:1:0
1:4:1:3:2:2:2:0:1:,recombination,4900.427556997044,1:4:1:3:4:1:1:0:1,0:4:1:3:3:2:2:0:0
1:4:1:2:1:2:3:1:0:,clone,4939.68797943623,1:4:1:2:1:2:3:1:0
1:4:0:4:4:0:1:0:2:,clone,4955.94418841876,1:4:1:4:4:0:1:0:1
0:3:1:0:0:4:4:2:0:,clone,5496.200360576271,0:3:1:0:0:4:4:2:0
0:3:0:2:1:3:3:1:0:,clone,5503.106840923921,0:3:0:1:1:3:3:1:0
0:2:1:1:0:4:4:2:0:,clone,5446.6352646496125,0:2:1:1:0:4:4:2:0
1:4:0:3:4:2:1:0:1:,recombination,5728.302487471122,1:4:0:4:4:1:1:0:1,1:4:0:4:4:2:1:0:1
0:4:1:3:3:1:1:0:0:,clone,3986.1381651270667,0:4:1:3:3:1:1:0:0
1:4:1:2:2:3:2:1:0:,recombination,4833.944669264167,0:4:0:2:2:2:2:1:0,0:4:1:2:2:3:2:0:0
0:3:1:1:0:3:4:0:0:,clone,5060.283408375008,0:3:1:1:0:3:4:1:0
0:2:1:1:0:4:4:2:0:,clone,5446.635264649612,0:2:1:1:0:4:4:2:0
1:4:0:3:2:2:2:0:1:,clone,4957.215396720717,1:4:0:2:2:2:2:0:1
1:4:1:4:4:1:1:0:1:,clone,4934.667421160024,1:4:1:4:4:1:1:0:1
0:4:1:1:1:3:3:0:0:,recombination,5188.064612259246,0:4:1:1:1:3:3:0:0,1:4:0:2:2:2:2:1:0
0:4:1:2:2:1:1:0:0:,clone,4053.8293624408625,0:4:1:3:3:1:1:0:0
1:4:0:4:4:1:1:0:2:,clone,5064.906361639172,1:4:0:4:4:1:1:0:2
0:2:1:0:0:4:4:2:0:,recombination,5278.260912181305,0:2:1:1:0:4:4:1:0,1:4:0:3:3:2:1:0:1,MUTATE
0:4:1:2:2:1:2:0:0:,recombination,4286.566823536437,0:4:1:3:3:1:1:0:0,0:4:1:1:1:2:3:1:0
0:3:1:1:0:4:4:2:0:,recombination,5287.925548196729,0:3:1:0:0:4:4:1:0,1:4:1:2:2:2:2:1:1
1:4:1:1:1:3:4:1:0:,recombination,5059.051215200888,0:4:1:1:1:3:3:1:0,1:4:0:1:1:3:3:1:1
1:4:0:2:1:2:3:1:0:,clone,5242.390311237252,0:4:0:2:1:3:3:1:0
1:4:1:4:4:0:0:0:1:,recombination,4660.17912339011,0:4:1:2:2:1:2:0:0,1:4:0:4:4:0:0:0:1,MUTATE
1:4:1:3:3:0:1:0:1:,recombination,4464.335636194939,1:4:1:4:4:0:1:0:1,1:4:0:4:4:0:1:0:1
1:4:1:3:4:1:1:0:1:,recombination,4787.020751768197,1:4:1:4:4:0:0:0:1,1:4:1:3:3:3:2:0:1,MUTATE
1:4:0:2:2:4:3:1:1:,recombination,5611.136851610507,1:4:0:2:1:4:3:1:0,0:4:1:2:2:1:2:0:0
0:3:1:0:0:4:4:2:0:,recombination,5486.334897085688,0:4:1:2:1:3:3:0:0,0:3:0:2:1:4:3:1:0
1:4:1:2:2:1:2:0:1:,recombination,4371.750949529944,0:4:1:1:1:4:3:1:0,0:4:1:3:3:1:1:0:0
1:4:1:4:4:0:0:0:1:,recombination,4646.533137857971,2:4:0:3:3:1:1:0:2,1:4:1:4:4:0:0:0:1
0:3:1:2:2:3:3:1:0:,recombination,5769.005022778055,0:2:1:1:0:4:4:1:0,0:4:1:3:3:2:2:0:0,MUTATE
0:4:1:2:2:3:3:1:0:,recombination,4987.639865389205,1:4:1:2:1:3:3:1:1,0:4:1:2:2:3:3:1:0
1:4:1:3:4:0:1:0:1:,clone,4719.934934696322,1:4:1:4:4:0:0:0:1
0:3:1:1:1:4:4:2:0:,recombination,5586.3508403076485,0:4:1:2:2:3:3:0:0,1:4:1:2:2:2:2:1:1
0:4:1:2:1:4:3:1:0:,clone,6058.957940323243,0:4:1:2:1:4:3:1:0
1:4:0:2:1:2:3:1:0:,clone,5194.517052876892,1:4:0:2:1:2:3:1:0
1:4:1:3:4:1:1:0:1:,clone,4779.453580726037,1:4:1:3:3:1:1:0:1
0:3:1:2:1:3:3:1:0:,recombination,5143.069385750999,0:3:1:2:1:3:3:0:0,1:4:0:3:3:2:2:1:1
0:4:1:2:2:3:3:0:0:,clone,5112.6492509555155,0:4:1:2:2:2:2:0:0
1:4:0:2:1:2:3:1:0:,recombination,5153.304369993339,1:4:0:2:1:2:3:1:0,1:4:1:3:3:1:1:0:2
0:4:1:2:1:4:3:1:0:,clone,5784.639050678622,0:4:1:2:1:4:3:1:0
0:4:1:1:0:3:4:1:0:,clone,5249.559947724949,0:4:1:1:0:3:4:1:0
0:3:1:1:1:4:4:2:0:,recombination,5552.4467575266135,1:4:1:2:2:2:2:1:1,1:4:0:4:4:1:1:0:2,MUTATE
0:4:1:3:3:3:2:0:0:,recombination,6038.922374236983,0:4:1:3:2:2:2:0:0,1:4:0:4:4:2:1:0:1
0:3:1:0:0:4:4:2:0:,clone,5471.860014434661,0:3:1:0:0:4:4:2:0
0:4:1:3:3:1:1:0:1:,clone,5241.1579460025605,0:4:1:3:3:1:1:0:1
0:4:0:2:1:2:3:1:0:,recombination,5127.643746837792,1:4:0:3:3:2:1:0:1,1:4:0:2:1:3:3:1:1,MUTATE
1:4:0:2:2:3:2:1:0:,recombination,5160.984607562648,0:3:1:1:1:3:3:1:0,1:4:0:3:2:2:2:1:1
1:4:1:3:3:3:2:1:1:,clone,5552.798786355616,1:4:1:3:3:3:2:1:1
0:3:1:1:1:2:3:1:0:,clone,4789.4336888324915,0:3:1:1:1:3:3:1:0
0:3:1:0:0:4:4:2:0:,clone,5316.410747320021,0:3:1:0:0:4:4:1:0
0:4:1:2:1:4:3:1:0:,recombination,5473.0460974450825,0:4:1:1:1:3:3:1:0,1:4:1:3:3:3:2:0:1,MUTATE
0:4:1:1:1:4:4:1:0:,recombination,5656.42170239165,0:4:1:2:2:3:2:0:0,0:4:1:1:1:3:3:0:0,MUTATE
2:4:0:4:4:0:0:0:2:,recombination,4826.534724515242,1:4:0:4:4:0:1:0:1,1:4:0:2:2:3:3:0:1,MUTATE
0:3:0:1:0:4:4:2:0:,clone,5511.624086381843,0:3:0:1:0:4:4:2:0
1:4:0:2:2:2:3:1:1:,recombination,4677.700888111858,1:4:0:3:2:1:2:0:1,1:4:0:2:1:3:3:1:0,MUTATE
1:4:0:1:1:2:3:1:1:,clone,5553.171425410443,1:4:0:1:1:3:3:1:1
0:3:1:0:0:4:4:2:0:,clone,5256.477004039455,0:3:1:0:0:4:4:2:0
1:4:0:2:1:2:3:1:1:,clone,5254.368549431223,1:4:0:2:1:2:3:1:1
0:3:1:1:1:4:4:2:0:,clone,5296.8336722163,0:3:1:1:1:4:4:1:0
1:4:0:1:1:2:3:1:1:,clone,5538.679161138683,1:4:0:1:1:2:3:1:1
0:3:1:1:1:2:3:1:0:,clone,4673.757507428397,0:3:1:1:1:3:3:1:0
0:3:1:0:0:4:4:1:0:,clone,4963.504221606783,0:3:1:0:0:4:4:1:0
1:4:0:1:1:2:3:1:1:,recombination,5426.719726999328,0:4:0:2:2:3:3:1:0,1:4:0:2:1:2:3:1:1,MUTATE
0:4:1:2:1:4:3:1:0:,recombination,5264.775874756087,1:4:1:2:2:2:3:1:1,1:4:0:2:2:3:3:1:0,MUTATE
0:4:1:1:1:4:4:1:0:,clone,5269.850723785149,0:4:1:1:1:4:4:1:0
0:4:0:1:1:3:4:1:0:,clone,5504.200658087336,1:4:0:1:1:3:3:1:0
0:2:1:0:0:4:4:2:0:,clone,5256.477004039455,0:2:1:0:0:4:4:2:0
0:4:0:1:1:3:4:1:0:,recombination,5504.200658087335,1:4:0:3:3:2:2:1:1,0:4:1:1:0:3:4:1:0
2:4:0:4:4:0:0:0:2:,clone,4671.805190239105,2:4:0:4:4:0:0:0:2
0:2:1:0:0:4:4:2:0:,recombination,5234.3472816316935,1:4:1:3:3:1:2:0:1,0:3:1:1:1:3:3:1:0,MUTATE
1:4:0:4:4:0:0:0:2:,clone,4588.539509045315,2:4:0:4:4:0:0:0:2
0:3:1:1:1:2:3:1:0:,clone,4622.978332082352,0:3:1:1:1:2:3:1:0
0:2:1:0:0:4:4:2:0:,clone,5129.007018086725,0:2:1:0:0:4:4:2:0
0:3:1:1:0:4:4:2:0:,clone,5169.36368626357,0:3:1:1:0:4:4:2:0
0:4:0:3:2:3:2:0:0:,clone,6330.918162378372,0:4:0:3:3:3:2:0:0
1:4:1:3:3:2:1:1:1:,recombination,5247.724823327917,1:4:0:2:2:1:2:1:1,1:4:1:4:4:2:1:0:1
1:4:0:4:4:0:0:0:2:,clone,4574.65796036381,2:4:0:4:4:0:0:0:2
0:3:1:2:1:2:3:1:0:,recombination,4806.535647278995,0:4:1:2:2:1:1:0:0,0:3:1:0:0:4:4:1:0
0:4:0:2:1:2:3:1:0:,recombination,5066.399671542943,2:4:0:4:4:1:1:0:2,1:4:0:2:1:3:3:1:0,MUTATE
1:4:1:4:4:0:1:0:2:,clone,5394.076218164793,1:4:1:4:4:0:0:0:2
0:2:1:0:0:4:4:2:0:,recombination,5077.947309215854,1:4:0:3:2:1:2:0:1,0:3:1:1:1:3:3:1:0,MUTATE
0:3:1:2:1:4:3:1:0:,recombination,5984.845753154225,0:4:1:3:3:3:2:0:0,0:4:1:2:1:3:3:1:0,MUTATE
0:4:1:1:1:4:4:1:0:,clone,5207.94004239941,0:4:1:1:1:4:4:1:0
0:3:0:1:1:4:3:2:0:,recombination,5611.136851610507,1:4:0:2:2:4:3:1:1,1:4:0:3:2:2:2:1:1
0:2:1:0:0:4:4:2:0:,clone,4999.282577742897,0:2:1:0:0:4:4:2:0
0:3:0:1:1:4:3:1:0:,clone,5494.834010217356,0:3:0:1:1:4:3:1:0
1:4:0:1:1:2:3:1:0:,clone,5426.719726999328,1:4:0:1:1:2:3:1:1
0:4:0:1:1:2:3:1:0:,clone,5254.368549431223,1:4:0:2:1:2:3:1:0
0:3:0:1:0:4:4:1:0:,recombination,5576.8506069716595,1:4:0:2:2:3:2:1:0,0:3:1:0:0:4:4:2:0,MUTATE
0:4:1:1:1:3:4:1:0:,recombination,5217.793245161025,1:4:1:2:2:3:2:1:1,1:4:1:2:2:2:3:1:1
0:3:0:1:0:3:4:1:0:,recombination,5245.696360911017,1:4:0:3:3:2:1:1:1,2:4:0:4:4:1:1:0:2,MUTATE
0:4:0:2:2:2:2:0:0:,recombination,5127.888599280372,1:4:0:2:2:2:3:1:1,1:4:1:2:1:2:3:0:1
0:3:0:1:1:4:3:2:0:,clone,5462.979215973992,0:3:0:1:1:4:3:2:0
0:3:0:1:1:4:4:1:0:,recombination,5712.788731986694,1:4:0:3:3:1:2:1:1,1:4:1:3:2:2:2:1:1,MUTATE
0:3:0:1:0:4:4:2:0:,recombination,5333.094391558242,1:4:1:2:2:2:3:1:1,0:3:0:1:0:4:4:1:0
0:4:0:2:2:3:3:1:0:,recombination,5225.6371530048245,1:4:0:3:3:3:2:1:1,1:4:0:2:2:3:3:1:0,MUTATE
0:2:1:0:0:4:4:1:0:,clone,5059.347928593933,0:3:1:0:0:4:4:1:0
0:4:0:2:1:4:3:1:0:,recombination,5648.657465120684,1:4:1:2:2:2:3:0:1,0:4:0:2:2:3:3:1:0,MUTATE
0:3:0:2:1:3:3:1:0:,recombination,5206.975711421174,0:4:1:4:4:1:1:0:1,1:4:0:3:3:2:1:1:1,MUTATE
0:4:1:1:1:3:4:1:0:,clone,5194.541942006386,0:4:1:1:1:3:4:1:0
0:3:1:2:1:4:3:1:0:,clone,5548.693216037832,0:4:1:2:1:3:3:1:0
1:4:1:2:2:1:3:1:1:,clone,5557.766474354617,1:4:1:2:2:1:3:1:1
0:3:0:1:1:3:3:2:0:,recombination,5603.6381697272645,0:4:1:1:1:4:3:1:0,0:3:0:2:1:2:3:1:0,MUTATE
0:3:1:2:1:4:3:1:0:,recombination,5233.349145509237,1:4:0:3:3:0:1:0:1,0:4:1:2:1:4:3:1:0
0:4:1:1:1:3:4:1:0:,recombination,5021.961021755991,1:4:1:2:1:2:3:1:1,1:4:1:3:3:1:2:0:1,MUTATE
0:3:0:1:1:2:3:1:0:,clone,5153.304369993339,0:3:0:1:1:2:3:1:0
0:4:0:2:2:3:3:1:0:,recombination,5107.1082455093265,1:4:0:1:1:2:3:1:1,1:4:1:2:2:3:2:1:0,MUTATE
1:4:0:4:4:0:0:0:2:,clone,4363.498954749734,0:3:1:1:1:3:3:1:0
2:4:0:4:4:0:0:0:2:,clone,4596.161344859406,2:4:0:4:4:0:0:0:2
0:4:0:2:1:4:3:1:0:,recombination,5611.136851610507,1:4:0:2:2:3:3:1:0,1:4:0:2:1:4:3:1:0
0:3:1:1:0:3:4:1:0:,recombination,4844.807391016786,0:3:1:0:0:4:4:1:0,0:4:1:2:1:2:3:0:0,MUTATE
0:2:1:1:1:4:4:1:0:,clone,5896.969139885746,0:2:1:1:1:4:4:1:0
0:2:1:1:0:4:4:1:0:,clone,5195.470379324781,0:2:1:1:0:4:4:1:0
1:4:0:1:1:2:3:1:1:,recombination,5145.731952895498,0:4:1:2:2:3:3:0:0,1:4:1:1:1:3:3:1:1
0:2:1:1:0:3:4:1:0:,recombination,5103.5107232899545,0:4:1:2:2:1:2:0:0,0:2:1:0:0:4:4:1:0
0:4:1:4:4:1:1:0:1:,clone,5235.240270738208,0:4:1:4:4:1:1:0:1
1:4:0:3:2:1:2:1:1:,recombination,5248.591731003297,1:4:1:1:1:3:3:1:1,1:4:1:2:2:2:3:1:0
1:4:1:3:2:1:2:1:1:,recombination,5337.535563571328,1:4:0:2:2:2:3:0:1,1:4:1:3:3:0:1:0:1,MUTATE
0:3:0:1:1:3:4:1:0:,recombination,5259.6133682272575,1:4:0:2:1:2:3:1:0,0:4:1:1:1:4:4:1:0
1:4:1:2:2:3:3:1:0:,recombination,4970.263257022214,0:4:0:2:2:3:3:1:0,0:3:0:1:1:4:4:1:0
1:4:0:3:2:2:2:0:1:,recombination,4906.129308289243,0:4:1:2:2:2:2:0:0,2:4:0:4:4:0:0:0:2
0:3:0:2:1:3:3:1:0:,recombination,5171.0432041754275,1:4:1:2:2:3:3:1:0,0:4:1:2:1:3:3:1:0,MUTATE
0:3:1:1:1:4:3:2:0:,clone,5461.600393155354,0:3:1:1:1:4:3:2:0
0:3:0:2:1:2:3:1:0:,recombination,4975.861415846702,1:4:0:2:1:2:3:1:0,0:4:1:3:3:2:2:0:0,MUTATE
0:4:1:2:2:3:3:1:0:,clone,4715.116174679826,0:4:1:2:2:3:3:1:0
1:4:0:2:2:3:2:1:0:,recombination,4903.5586970200775,0:4:0:2:2:3:2:1:0,1:4:0:2:2:3:3:1:1,MUTATE
1:4:1:2:2:3:2:1:0:,clone,4815.391654504207,0:4:1:2:2:3:3:1:0
0:3:1:1:1:3:4:2:0:,clone,5373.654303402296,0:3:1:1:1:3:4:2:0
0:4:0:2:1:4:3:1:0:,recombination,5586.845052897452,0:4:0:2:1:4:3:1:0,1:4:0:4:4:2:1:0:2,MUTATE
1:4:0:2:2:3:3:1:1:,clone,5045.914759911326,1:4:0:2:2:3:2:1:1
0:3:0:1:1:2:3:1:0:,clone,4898.15728765095,0:3:0:1:1:2:3:1:0
1:4:0:2:2:3:2:1:1:,clone,4878.809750506657,1:4:0:2:2:3:2:1:1
0:4:0:1:1:4:3:1:0:,recombination,5552.876157553583,1:4:0:2:2:4:3:1:1,0:3:1:0:0:4:4:1:0
1:4:1:2:1:4:3:1:0:,recombination,6066.306472005604,2:4:0:4:4:0:1:0:2,1:4:0:3:4:1:1:0:1,MUTATE
0:4:0:2:2:3:3:1:0:,recombination,4710.888553968682,1:4:1:2:2:3:2:0:1,1:4:1:2:2:3:3:1:0,MUTATE
0:2:1:0:0:4:4:1:0:,clone,5028.087316923231,0:2:1:0:0:4:4:2:0
1:4:0:2:2:3:3:1:1:,clone,5009.113551275374,1:4:0:2:2:3:2:1:1
0:4:0:1:1:2:3:1:0:,clone,4961.5753836534,0:3:0:1:1:2:3:1:0
1:4:1:2:1:3:3:1:0:,clone,4878.809750506657,1:4:1:2:1:3:3:1:0
1:4:0:2:1:3:3:1:0:,clone,4842.785637877097,1:4:1:2:1:3:3:1:0
1:4:1:4:4:1:0:0:1:,clone,4789.047379489933,1:4:1:3:3:1:1:0:1
1:4:1:2:1:3:3:1:0:,clone,4848.744756588038,1:4:1:2:1:3:3:1:0
0:3:1:2:2:3:3:1:0:,recombination,5325.448379936835,0:4:0:3:2:3:2:0:0,1:4:1:2:2:3:2:0:1
0:2:1:0:0:4:4:1:0:,clone,4878.601561501376,0:2:1:0:0:4:4:1:0
0:3:1:1:0:3:4:1:0:,clone,4824.5535935206,0:3:1:1:1:3:3:1:0
0:3:1:1:0:3:4:1:0:,clone,4821.6207162620585,0:3:1:1:0:3:4:1:0
0:3:1:1:0:4:4:1:0:,clone,4793.025407341214,0:3:1:1:0:4:4:1:0
0:4:1:3:2:3:2:0:0:,clone,6300.335226390701,0:4:1:3:3:2:2:0:0
0:3:0:1:0:3:4:1:0:,clone,5244.339554381102,0:3:1:1:0:3:4:1:0
0:4:0:2:2:3:2:0:0:,clone,5746.977461405611,0:4:0:2:2:3:2:0:0
0:3:1:1:0:3:4:2:0:,recombination,5581.966454759696,0:4:1:1:1:2:3:1:0,1:4:1:2:1:2:3:1:1
0:4:1:4:4:0:0:0:1:,clone,5168.114255949815,0:4:1:4:4:1:1:0:1
0:2:0:1:1:4:4:1:0:,clone,5708.659580714837,0:2:0:1:1:4:4:1:0
0:4:0:1:1:4:3:1:0:,recombination,5396.336320373392,0:4:0:2:2:2:2:1:0,0:4:0:2:1:4:3:1:0
1:4:1:2:2:3:3:0:1:,clone,5740.8981828296655,1:4:1:2:2:3:3:0:1
0:2:1:1:0:4:4:1:0:,recombination,5043.905138719701,1:4:1:3:3:0:1:0:1,1:4:1:4:4:0:0:0:1,MUTATE
1:4:1:2:2:3:3:0:1:,clone,5677.480086827214,1:4:1:2:2:3:3:0:1
1:4:1:2:2:3:3:0:1:,clone,5636.595340348606,1:4:1:2:2:3:3:0:1
0:2:1:1:0:4:4:2:0:,recombination,5437.237646156965,1:4:1:2:2:3:3:1:1,1:4:0:1:1:2:3:1:1
0:4:1:1:0:3:4:1:0:,recombination,5218.009619324941,1:4:1:2:1:3:3:1:1,0:3:0:1:0:4:4:1:0,MUTATE
0:4:1:4:4:1:1:0:0:,clone,5466.581217617498,1:4:1:4:4:1:1:0:1
0:3:1:0:0:3:4:1:0:,recombination,5461.8583250721,2:4:0:4:4:0:0:0:2,1:4:1:4:4:0:0:0:1
1:4:0:3:2:3:2:1:0:,recombination,5946.252626700569,1:4:0:3:3:1:1:0:1,1:4:0:4:4:2:1:0:1,MUTATE
0:3:1:2:2:3:3:0:0:,clone,5697.042325764005,0:4:0:2:2:3:2:0:0
0:3:1:2:2:3:3:1:0:,recombination,5312.193709371596,1:4:1:2:2:3:2:0:1,0:4:1:1:1:3:4:1:0
0:4:1:3:3:2:1:0:0:,recombination,5387.988622537166,1:4:1:2:2:2:2:1:1,0:4:1:4:4:0:0:0:1,MUTATE
0:3:1:0:0:3:4:1:0:,recombination,5174.120422521531,1:4:1:2:2:2:2:0:1,0:3:1:1:1:3:4:1:0
1:4:1:1:1:2:3:1:1:,clone,4992.747797353924,1:4:1:1:1:2:3:1:1
0:2:1:1:1:4:4:1:0:,clone,5854.855115067157,0:2:1:1:1:4:4:1:0
0:4:1:1:0:3:4:1:0:,clone,5063.639782887603,0:4:1:1:0:3:4:1:0
0:3:1:0:0:3:4:1:0:,clone,5063.639782887603,0:4:1:1:0:3:4:1:0
0:2:1:1:0:4:4:2:0:,clone,5403.174908996962,0:3:1:1:0:4:4:2:0
0:2:1:0:0:4:4:2:0:,clone,4985.892915809694,0:2:1:0:0:4:4:2:0
0:3:1:1:1:3:4:1:0:,recombination,4876.262529796464,1:4:0:3:4:1:1:0:2,1:4:0:3:3:3:2:0:1,MUTATE
1:4:1:2:2:1:3:1:1:,recombination,5456.786853870293,1:4:1:2:2:1:3:1:1,1:4:0:3:3:0:1:0:1,MUTATE
0:4:1:3:2:3:2:1:0:,clone,6055.491691766247,0:4:1:3:2:3:2:1:0
0:3:0:1:1:4:4:2:0:,recombination,5313.2880624973495,0:3:1:1:1:3:4:1:0,0:2:1:1:0:4:4:2:0
1:4:1:2:1:4:3:1:0:,recombination,5934.875615814101,1:4:0:2:2:4:3:1:1,1:4:0:4:4:1:1:0:2,MUTATE
0:3:1:2:2:2:3:1:0:,clone,5398.0152416957535,0:3:1:2:2:2:3:1:0
1:4:1:3:2:3:3:1:1:,clone,6795.410262614232,1:4:1:3:2:3:3:1:1
0:4:1:1:1:3:3:1:0:,recombination,4631.053858499792,1:4:0:3:3:1:1:1:1,0:4:1:1:0:4:4:1:0
0:2:1:1:1:3:3:1:0:,recombination,5513.445013751318,1:4:0:2:1:3:3:1:0,0:4:1:3:2:3:2:0:0,MUTATE
1:4:1:3:2:3:3:1:1:,clone,6619.87067742032,1:4:1:3:2:3:3:1:1
0:2:1:1:1:3:3:1:0:,recombination,5488.295807349308,0:3:1:1:1:3:4:1:0,0:2:1:1:1:3:3:1:0,MUTATE
1:4:1:2:2:4:3:1:0:,clone,6272.633357513745,1:4:1:2:2:4:3:1:0
0:2:1:1:1:4:3:1:0:,clone,5431.149034593757,0:2:1:1:1:3:3:1:0
1:4:1:3:2:3:2:0:1:,clone,5660.098210610492,1:4:1:3:3:2:2:0:1
1:4:1:3:2:3:3:1:1:,clone,6615.086539200873,1:4:1:3:2:3:3:1:1
1:4:1:2:2:4:3:1:0:,clone,6252.638829474029,1:4:1:2:2:4:3:1:0
0:2:1:1:1:4:3:1:0:,clone,5045.840246167974,0:2:1:1:1:3:3:1:0
1:4:1:2:2:1:3:1:1:,clone,5395.142576033022,1:4:1:2:2:1:3:1:1
1:4:1:2:2:3:2:1:1:,recombination,4724.702845573081,0:4:1:1:1:3:3:1:0,1:4:0:3:3:1:1:1:2
0:3:1:1:1:4:4:1:0:,clone,5088.371409386508,0:3:1:1:1:4:4:1:0
1:4:1:3:3:2:1:1:1:,clone,5121.692152657737,1:4:1:3:3:2:1:1:1
1:4:1:2:2:1:3:1:1:,clone,5137.562863440402,1:4:1:2:2:1:3:1:1
0:2:1:0:0:4:4:2:0:,clone,4941.941347742027,0:2:1:0:0:4:4:2:0
0:3:0:1:1:4:4:1:0:,recombination,5613.512392653515,1:4:0:2:2:2:2:0:1,1:4:0:3:3:2:1:0:2
0:2:1:1:1:4:4:1:0:,clone,5710.022635228137,0:2:1:1:1:4:4:1:0
0:2:1:1:0:4:4:2:0:,clone,5380.76058888621,0:2:1:1:0:4:4:2:0
0:4:0:3:2:2:2:1:0:,clone,5341.609374246427,0:4:0:3:2:2:2:1:0
0:3:0:1:1:4:4:1:0:,clone,5442.648703948699,0:3:0:1:1:3:3:1:0
0:2:1:1:1:4:4:1:0:,clone,5538.71179246839,0:3:1:1:1:4:4:1:0
0:2:1:1:0:4:4:2:0:,recombination,4897.443550575712,1:4:0:1:1:2:3:1:1,0:3:0:1:0:4:4:2:0
1:4:0:2:1:2:3:1:1:,clone,5210.361186593901,1:4:1:1:1:2:3:1:0
0:2:1:1:1:4:4:1:0:,recombination,5188.113507683118,0:2:1:1:1:4:4:1:0,0:2:1:0:0:4:4:2:0,MUTATE
1:4:0:1:1:2:3:1:0:,recombination,5240.42618051252,0:4:1:2:2:2:2:1:0,1:4:0:2:1:2:3:1:1
1:4:1:3:3:2:2:1:0:,clone,5018.612315867777,1:4:1:3:3:2:2:1:0
0:3:1:0:0:3:4:2:0:,recombination,5902.0475292278625,0:3:1:1:1:3:3:0:0,1:4:0:2:1:2:3:1:0
0:3:1:1:1:3:3:1:0:,recombination,4427.930484536718,0:2:1:1:0:4:4:2:0,1:4:1:2:1:3:3:0:1,MUTATE
0:3:1:1:1:4:3:1:0:,clone,4531.407354664738,0:3:1:1:1:3:3:1:0
0:3:1:1:1:3:3:1:0:,recombination,4366.448779585039,1:4:1:4:4:1:1:0:1,0:3:1:1:1:3:3:1:0,MUTATE
0:3:1:1:1:4:4:1:0:,recombination,4945.5580891564005,1:4:0:3:3:1:2:0:2,0:3:1:1:1:4:3:1:0,MUTATE
0:3:1:1:1:4:4:1:0:,clone,4824.927205486726,0:3:1:1:1:4:3:1:0
0:3:1:1:1:4:4:1:0:,clone,4797.520589203718,0:3:1:1:1:4:4:1:0
1:4:0:4:4:0:0:0:1:,clone,4543.465673508887,1:4:0:4:4:0:0:0:1
1:4:0:4:4:0:0:0:1:,clone,4471.665550366354,1:4:1:4:4:0:0:0:1
1:4:1:3:4:0:0:0:1:,clone,4553.099538212259,1:4:1:4:4:0:0:0:1
0:3:1:2:1:3:3:1:0:,clone,5106.93890770446,0:3:1:1:1:3:3:1:0
0:2:1:1:1:4:4:2:0:,clone,5891.031891083826,0:3:1:1:1:4:4:2:0
0:3:1:0:0:3:4:2:0:,clone,5544.323434980472,0:3:1:0:0:3:4:2:0
1:4:0:3:2:1:2:0:1:,recombination,4655.910981152751,0:4:1:2:2:1:2:1:0,0:4:1:2:2:2:3:0:0,MUTATE
0:2:1:0:0:4:4:2:0:,recombination,4790.300347454868,0:4:0:2:1:2:3:1:0,0:4:1:1:1:3:4:1:0,MUTATE
0:2:1:1:1:4:4:2:0:,clone,5476.168183774535,0:2:1:1:1:4:4:2:0
0:2:1:0:0:4:4:1:0:,recombination,4717.7209732476,0:3:1:2:1:3:3:1:0,0:2:1:0:0:4:4:2:0
1:4:1:2:2:2:3:1:1:,clone,4939.902954319628,1:4:1:2:2:2:3:1:1
0:3:1:0:0:4:4:2:0:,clone,5112.955199221784,0:3:1:0:0:4:4:2:0
1:4:0:2:1:2:3:1:0:,recombination,5149.707210856441,0:4:1:2:2:2:3:0:0,0:4:1:1:1:3:3:1:0,MUTATE
1:4:0:4:4:0:0:0:1:,recombination,4087.3636401225403,1:4:1:2:2:2:3:0:1,1:4:0:3:3:2:1:0:1,MUTATE
0:4:1:3:3:2:2:0:0:,clone,5214.598703887767,1:4:1:3:3:1:2:0:1
1:4:0:4:4:0:0:0:1:,clone,3975.8172942996453,1:4:0:4:4:0:0:0:1
0:4:0:2:2:2:2:0:0:,recombination,4754.617501256487,0:3:1:2:1:3:3:1:0,0:4:1:2:2:1:1:0:1,MUTATE
0:3:1:2:2:2:3:1:0:,recombination,5159.762157795266,1:4:0:4:4:1:0:0:1,0:4:1:3:3:2:2:0:0,MUTATE
0:2:1:1:1:3:3:1:0:,recombination,4776.583800963955,1:4:1:3:2:1:2:0:1,0:4:0:2:1:3:3:1:0
0:3:1:2:2:3:3:1:0:,recombination,5014.798855336116,1:4:1:2:1:2:3:1:1,0:3:1:2:2:2:3:1:0
0:2:1:1:1:4:4:1:0:,clone,5041.96580604245,0:2:1:1:1:4:4:1:0
1:4:0:3:4:0:0:0:1:,clone,4121.73106485204,1:4:0:3:3:0:0:0:1
1:4:0:3:2:1:2:0:1:,recombination,4646.265744413039,1:4:0:3:4:1:1:0:2,1:4:0:3:3:2:1:0:1
0:2:1:1:0:4:4:1:0:,recombination,4950.950755769897,0:4:1:2:2:2:3:0:0,0:4:1:2:2:2:3:1:0,MUTATE
0:2:1:1:0:4:4:1:0:,recombination,4915.066315383532,0:2:1:1:0:4:4:1:0,0:4:1:2:1:3:3:0:0
1:4:0:3:3:0:1:0:1:,clone,4358.0065206987365,1:4:0:3:3:0:1:0:1
0:4:0:2:2:2:3:0:0:,clone,5220.502038577319,0:4:0:2:2:2:3:0:0
0:4:1:3:2:1:2:0:0:,clone,4773.8531712194845,0:4:1:2:2:1:2:0:0
0:2:1:1:0:3:4:1:0:,clone,4664.17134564126,0:2:1:1:0:4:4:1:0
0:4:0:2:1:2:3:0:0:,clone,5509.495612073748,0:4:0:2:2:2:3:0:0
1:4:1:3:2:2:2:1:0:,recombination,5412.855091593101,0:4:0:3:2:2:2:1:0,1:4:1:4:4:2:1:0:1,MUTATE
0:2:0:1:0:4:4:2:0:,clone,5044.264095949242,0:3:1:1:0:4:4:2:0
0:3:1:1:0:4:4:1:0:,recombination,4701.736364649418,0:4:1:2:2:2:3:0:0,0:4:1:2:2:2:3:1:0
0:2:1:0:0:3:4:1:0:,clone,5122.603033235756,0:2:1:1:0:4:4:1:0
0:2:1:1:1:4:4:2:0:,clone,5413.129437203204,0:2:1:1:1:4:4:2:0
0:2:1:0:0:4:4:1:0:,clone,4633.06958627996,0:2:1:0:0:4:4:1:0
0:2:1:1:1:4:4:2:0:,clone,5311.6067286836005,0:2:1:1:1:4:4:2:0
0:1:1:0:0:4:4:1:0:,recombination,5663.4848229966165,0:3:1:1:1:4:4:2:0,0:4:0:2:2:2:2:0:0,MUTATE
0:3:1:1:1:3:3:2:0:,recombination,5642.032883602261,1:4:1:2:2:2:2:0:1,1:4:1:4:4:2:1:0:1,MUTATE
0:3:1:1:1:4:3:2:0:,recombination,5365.680377447449,1:4:1:4:4:2:1:0:1,1:4:1:1:1:2:3:1:0,MUTATE
0:3:0:2:2:3:3:1:0:,clone,5257.829988621351,0:3:0:2:2:3:3:1:0
0:3:1:0:0:4:4:1:0:,recombination,4953.336258623433,0:3:1:1:1:4:3:1:0,0:4:0:2:1:2:3:0:0,MUTATE
0:3:1:1:0:3:4:1:0:,clone,4746.537929953817,0:2:1:0:0:4:4:1:0
2:4:0:4:4:0:1:0:2:,recombination,5337.204135011803,1:4:0:4:4:1:0:0:2,1:4:0:3:3:1:2:0:1,MUTATE
0:3:0:1:0:3:4:1:0:,recombination,5222.192808559359,0:4:1:1:1:4:4:1:0,0:4:1:2:1:3:3:1:0
0:3:0:2:1:4:3:1:0:,clone,5469.539168828017,0:4:1:2:1:3:3:1:0
2:4:0:4:4:0:0:0:3:,clone,5611.136851610509,2:4:0:4:4:0:0:0:2
2:4:0:4:4:0:0:0:3:,clone,5576.843787296828,2:4:0:4:4:0:0:0:3
0:4:1:2:2:2:3:0:0:,clone,5014.585162635144,0:4:1:2:1:2:3:1:0
0:3:1:2:1:3:3:1:0:,clone,5076.760995602961,0:3:1:2:1:3:3:1:0
0:3:1:2:1:3:3:1:0:,clone,5038.196091991127,0:3:1:2:1:3:3:1:0
0:2:1:1:0:4:4:1:0:,recombination,4912.902961555713,0:3:0:1:1:3:3:2:0,0:4:1:2:2:3:3:0:0,MUTATE
0:3:0:1:1:4:3:2:0:,clone,5444.470635152567,0:3:0:1:1:4:3:2:0
0:2:0:1:0:4:4:1:0:,recombination,5204.977772040872,0:4:1:2:1:3:3:0:0,1:4:1:3:3:2:1:1:1,MUTATE
0:3:1:1:0:3:4:1:0:,recombination,4628.699137304053,1:4:0:2:2:3:3:1:1,1:4:0:4:4:0:1:0:2,MUTATE
0:1:1:0:0:4:4:1:0:,clone,5237.055530036724,0:2:1:0:0:4:4:1:0
1:4:0:4:4:1:0:0:1:,clone,4567.948203181415,1:4:0:4:4:0:0:0:1
1:4:1:3:4:1:1:0:1:,clone,4631.442633934776,1:4:0:4:4:0:0:0:1
1:4:1:3:2:1:2:0:1:,recombination,4769.165407545504,1:4:0:2:2:3:3:1:1,0:3:1:1:0:4:4:1:0,MUTATE
1:4:1:3:3:2:2:0:1:,recombination,4866.76249805443,1:4:1:2:2:3:3:1:0,1:4:1:3:3:2:1:0:1,MUTATE
0:2:1:0:0:3:4:1:0:,recombination,4770.165503450359,0:2:1:1:1:4:3:1:0,1:4:1:2:2:2:3:1:0,MUTATE
1:4:1:3:3:2:2:0:1:,recombination,4838.230349622849,1:4:1:3:4:1:1:0:2,1:4:1:2:2:3:3:1:0
1:4:0:3:2:2:2:1:1:,clone,5081.342723468585,1:4:0:3:3:2:2:1:1
1:4:0:3:2:1:2:1:1:,clone,4895.034108546355,1:4:0:3:2:1:2:1:1
1:4:0:3:4:0:1:0:2:,clone,4908.2957329361325,1:4:0:3:4:0:1:0:2
0:3:1:1:0:4:4:2:0:,clone,5168.458175375157,0:3:1:0:0:4:4:2:0
2:4:0:4:4:1:0:0:2:,recombination,5102.704339624958,0:4:1:1:1:3:3:1:0,1:4:1:3:3:2:2:1:1,MUTATE
0:3:1:1:0:3:4:2:0:,clone,5250.547211005605,0:3:1:1:0:3:4:2:0
0:2:1:1:0:4:4:1:0:,clone,4752.0941750187385,0:2:1:1:0:4:4:1:0
0:2:1:1:0:4:4:1:0:,clone,4581.669920890642,0:2:1:1:0:4:4:1:0
0:3:1:0:0:3:4:2:0:,clone,5323.90414261612,0:3:1:0:0:3:4:2:0
2:4:0:4:4:0:0:0:2:,recombination,4425.803504715475,0:3:0:1:1:3:3:1:0,0:4:1:1:1:4:4:1:0,MUTATE
2:4:0:4:4:0:0:0:2:,clone,4322.785373447713,2:4:0:4:4:0:0:0:2
1:4:0:3:3:1:1:0:1:,recombination,4339.501963746154,0:4:1:1:1:4:4:1:0,1:4:0:2:2:2:3:0:1
1:4:0:4:4:0:0:0:2:,clone,4331.520948403612,2:4:0:4:4:0:0:0:2
0:4:1:2:2:2:2:0:0:,recombination,4330.599955800019,0:3:1:1:1:4:4:2:0,0:4:0:2:2:3:2:0:0,MUTATE
1:4:0:2:2:1:2:0:1:,clone,4414.388593439665,1:4:0:2:2:1:2:0:1
1:4:0:3:3:0:0:0:1:,clone,4544.46305406197,1:4:0:3:4:0:0:0:1
1:4:0:2:2:2:2:1:1:,clone,4552.444069404511,1:4:0:2:2:1:2:0:1
1:4:0:3:3:0:0:0:2:,clone,4389.482612513882,1:4:0:3:4:0:0:0:2
1:4:0:4:4:1:1:0:2:,recombination,5056.8268345882925,1:4:0:2:2:3:2:1:1,1:4:0:3:3:2:2:1:1,MUTATE
1:4:0:2:1:2:3:1:1:,recombination,5040.574107098102,1:4:0:2:2:2:2:1:1,0:4:1:2:1:3:3:1:0,MUTATE
1:4:0:3:4:1:0:0:1:,clone,4624.6480912362495,1:4:0:3:4:1:0:0:1
1:4:0:3:4:1:1:0:2:,clone,4864.767086811482,1:4:0:3:3:1:1:0:1
0:2:1:1:1:3:4:1:0:,clone,5143.103241476098,0:2:1:1:1:3:4:1:0
0:3:0:1:0:4:4:1:0:,recombination,5467.823798720217,0:4:0:2:2:2:3:1:0,1:4:1:2:2:2:3:1:1,MUTATE
0:4:0:1:1:3:4:1:0:,recombination,5501.496402969928,1:4:0:3:3:2:2:0:2,0:4:1:3:2:2:2:1:0,MUTATE
0:3:0:1:1:4:3:1:0:,clone,5190.727261761633,0:3:0:1:1:4:3:1:0
0:3:1:1:0:4:4:2:0:,recombination,5143.187629400246,1:4:1:2:2:3:2:1:1,0:3:0:2:1:3:3:1:0,MUTATE
1:4:1:2:1:2:3:0:1:,recombination,5283.069350204328,0:2:1:1:0:4:4:1:0,1:4:0:2:2:3:3:0:1
1:4:0:2:2:2:2:0:1:,recombination,4558.338700153939,0:3:1:2:1:2:3:1:0,1:4:0:2:1:2:3:1:0
1:4:0:3:2:2:2:0:1:,clone,4894.643638505877,1:4:0:3:2:2:2:0:1
0:4:1:2:2:2:2:1:0:,clone,4540.677564666413,0:4:1:2:2:2:2:1:0
1:4:1:4:4:0:0:0:2:,clone,4816.252752972004,1:4:0:4:4:0:0:0:2
1:4:0:1:1:2:3:1:0:,clone,5108.472777396542,1:4:0:1:1:2:3:1:0
0:2:1:1:0:3:4:2:0:,recombination,5569.8627456514705,1:4:0:2:1:2:3:1:1,0:4:1:1:1:2:3:1:0,MUTATE
0:4:1:3:3:2:2:0:0:,recombination,5151.066459442675,1:4:1:4:4:1:1:0:1,1:4:0:3:3:3:2:0:1
0:3:0:2:2:3:2:1:0:,recombination,5225.106559228051,2:4:0:4:4:0:1:0:2,0:4:1:2:2:3:3:0:0,MUTATE
0:3:0:2:2:3:3:1:0:,recombination,5230.259697220219,0:4:1:1:1:2:3:1:0,0:4:1:2:2:3:3:0:0
0:3:1:1:0:4:4:0:0:,clone,6005.850895631579,0:3:1:1:0:4:4:1:0
0:3:0:1:1:3:3:2:0:,recombination,5464.267457764779,1:4:1:2:2:3:2:1:1,0:3:0:2:2:3:3:1:0
0:3:1:1:1:3:3:2:0:,clone,5403.436291329869,0:3:1:1:1:3:3:2:0
2:4:0:4:4:0:1:0:2:,recombination,5204.591077574606,0:4:0:2:2:2:2:1:0,1:4:0:3:3:2:1:1:1
1:4:0:3:3:0:1:0:2:,recombination,5006.384078305889,0:3:1:0:0:3:4:2:0,2:4:0:3:3:1:1:0:2,MUTATE
0:4:1:1:1:2:3:1:0:,clone,4656.597746835598,0:4:1:1:1:2:3:1:0
0:4:1:1:1:2:3:1:0:,recombination,4612.793133682887,1:4:0:3:2:2:2:0:1,1:4:0:3:3:2:2:1:1
0:4:1:1:1:2:3:1:0:,clone,4396.18666863677,0:4:1:1:1:2:3:1:0
0:3:1:1:1:2:3:1:0:,recombination,4597.155643104618,0:4:0:1:1:3:3:1:0,0:4:1:1:1:3:3:0:0
0:4:0:1:1:4:3:1:0:,recombination,5360.3583124062125,0:3:1:0:0:4:4:1:0,0:3:0:2:1:3:3:1:0
2:4:0:4:4:1:1:0:2:,recombination,5154.650110005857,0:4:1:2:2:2:3:0:0,0:3:0:1:1:3:3:1:0
1:4:0:3:4:0:1:0:1:,recombination,4721.855518710358,1:4:0:4:4:1:0:0:1,0:4:0:2:2:3:3:1:0
1:4:1:3:3:1:2:0:1:,clone,4692.456289116914,1:4:1:3:3:1:1:0:1
1:4:1:3:2:1:2:0:1:,recombination,4753.493652491553,1:4:0:4:4:1:0:0:1,0:4:1:2:2:2:3:0:0,MUTATE
0:4:1:2:2:3:2:0:0:,clone,4978.364278898166,0:4:1:2:2:3:2:1:0
1:4:1:4:4:0:0:0:1:,clone,4568.131713605074,1:4:0:4:4:0:0:0:1
1:4:1:3:4:0:0:0:1:,clone,4447.76728199461,1:4:0:3:4:0:0:0:1
1:4:1:3:3:0:0:0:1:,clone,4310.214792246118,1:4:1:3:4:0:0:0:1
1:4:1:3:3:0:1:0:1:,clone,4456.141812470838,1:4:1:3:3:0:1:0:1
1:4:1:3:3:0:1:0:1:,recombination,4405.810663028513,2:4:0:3:3:2:2:0:2,1:4:1:2:2:3:3:1:0,MUTATE
1:4:1:3:3:0:1:0:1:,clone,4249.772283912097,1:4:1:3:3:0:1:0:1
0:4:1:2:2:2:3:1:0:,recombination,4793.38627811146,1:4:0:3:2:2:2:1:1,0:4:0:2:2:3:3:1:0,MUTATE
0:4:1:2:2:2:3:0:0:,recombination,4896.898496140179,1:4:1:3:4:0:0:0:1,1:4:0:2:2:3:3:1:1
1:4:0:4:4:1:1:0:2:,recombination,5005.1289575101455,1:4:1:3:3:0:1:0:1,0:4:1:2:2:3:3:1:0
2:4:0:4:4:1:1:0:2:,clone,5145.544953068282,1:4:0:4:4:1:1:0:2
2:4:0:3:3:1:1:0:2:,recombination,5091.095322872319,1:4:0:4:4:1:1:0:2,0:4:1:2:2:3:3:1:0,MUTATE
2:4:0:3:4:1:1:0:2:,clone,4835.948240529931,2:4:0:3:4:1:1:0:2
0:4:0:2:2:2:3:0:0:,recombination,5142.426102129509,1:4:0:2:2:3:3:1:0,0:4:1:2:2:2:2:0:0
1:4:1:2:2:2:2:1:0:,recombination,4918.879877498714,0:3:1:1:1:3:3:2:0,1:4:1:3:3:2:2:0:1,MUTATE
1:4:1:1:1:2:3:1:0:,clone,4796.631769936866,1:4:1:2:1:2:3:1:1
1:4:1:1:1:2:3:1:0:,recombination,4749.871159013722,0:4:0:2:2:3:2:1:0,1:4:0:3:4:0:1:0:1
1:4:1:2:2:2:3:1:1:,clone,4935.310101181811,1:4:1:2:2:2:3:1:1
1:4:1:1:1:2:3:1:1:,recombination,4933.072895307715,1:4:1:3:3:1:2:0:1,0:2:1:0:0:4:4:2:0
1:4:1:2:2:2:3:1:1:,clone,4849.839649132187,1:4:1:2:2:2:3:1:1
1:4:0:2:1:2:3:1:0:,clone,5021.904108363705,1:4:0:2:1:2:3:1:0
1:4:1:2:2:2:2:1:0:,recombination,4865.003435578038,1:4:0:3:2:2:2:1:1,0:4:1:2:1:4:3:1:0,MUTATE
1:4:1:1:1:3:3:1:0:,clone,4762.388707008095,1:4:1:1:1:3:3:1:0
0:3:0:2:1:2:3:0:0:,clone,4857.6503468879855,0:3:0:2:2:2:3:0:0
1:4:1:2:2:1:2:1:0:,clone,4889.035546601263,1:4:1:2:2:1:2:1:1
1:4:0:4:4:0:1:0:1:,clone,4990.349745419954,1:4:0:4:4:0:1:0:1
0:3:0:1:1:4:3:1:0:,recombination,4727.189430114864,1:4:0:2:2:1:2:0:1,1:4:1:2:2:3:2:1:0
0:3:1:1:1:3:4:2:0:,recombination,5260.871003356876,1:4:1:2:2:3:2:1:0,1:4:1:4:4:2:1:0:1,MUTATE
1:4:1:3:3:1:2:1:1:,recombination,5389.436602711185,1:4:0:2:2:3:2:1:1,1:4:0:3:3:2:2:1:2
0:2:1:0:0:4:4:2:0:,recombination,4775.863759028793,0:4:1:1:1:2:3:1:0,1:4:0:2:2:3:2:1:1
0:4:1:3:2:2:3:0:0:,recombination,6744.808533985639,1:4:0:3:4:1:1:0:1,0:4:0:2:1:4:3:1:0
1:4:0:2:2:3:2:0:1:,recombination,5906.46606052472,1:4:0:2:1:2:3:1:1,0:3:0:1:1:3:3:2:0
1:4:0:1:1:3:3:1:1:,recombination,5225.545481116973,1:4:1:2:2:1:2:0:1,1:4:1:3:3:1:1:0:1
1:4:0:4:4:0:1:0:1:,clone,4961.195578792917,1:4:0:4:4:0:1:0:1
1:4:0:3:4:0:1:0:2:,clone,4868.340420512743,1:4:0:4:4:0:0:0:2
2:4:0:4:4:0:1:0:2:,clone,5170.304587065156,1:4:0:4:4:0:1:0:2
1:4:0:4:4:0:1:0:1:,clone,4805.005582470419,1:4:0:3:4:0:1:0:1
0:3:1:1:0:4:4:2:0:,recombination,5134.635584614795,1:4:0:4:4:0:1:0:1,0:3:1:0:0:4:4:2:0
2:4:0:4:4:0:1:0:2:,clone,5032.145753074835,2:4:0:4:4:0:1:0:2
2:4:0:3:3:1:1:0:2:,clone,5032.145753074835,2:4:0:3:4:1:1:0:2
0:3:1:0:0:4:4:2:0:,recombination,4979.873929944542,1:4:0:3:3:2:1:1:2,1:4:0:3:2:2:2:1:1,MUTATE
0:3:0:1:1:4:4:1:0:,recombination,5392.86216264525,0:2:1:1:1:3:4:1:0,1:4:1:2:2:2:3:1:1
0:4:0:1:0:4:4:1:0:,clone,5509.469920865179,0:4:1:1:0:4:4:1:0
0:3:1:0:0:4:4:1:0:,recombination,4926.7027579815585,0:4:1:1:1:3:4:1:0,0:3:1:0:0:4:4:2:0,MUTATE
0:3:1:0:0:4:4:1:0:,recombination,4772.649810560869,0:3:1:0:0:4:4:2:0,0:2:1:1:0:4:4:1:0,MUTATE
0:3:1:0:0:4:4:1:0:,recombination,4711.01956367679,0:3:1:0:0:4:4:1:0,1:4:0:4:4:1:0:0:2
1:4:0:3:4:1:1:0:1:,clone,4832.977875390888,1:4:1:3:3:1:1:0:1
1:4:0:3:4:1:1:0:1:,recombination,4761.599815985443,0:4:1:2:2:2:3:0:0,0:3:1:1:0:3:4:0:0,MUTATE
1:4:0:3:4:1:1:0:1:,clone,4733.977274817255,1:4:0:3:4:1:1:0:1
1:4:0:4:4:1:1:0:1:,clone,4794.77343088975,1:4:0:3:3:1:1:0:1
0:3:0:2:1:3:3:1:0:,recombination,4908.187428816429,0:2:1:0:0:4:4:2:0,0:3:1:2:1:4:3:1:0,MUTATE
0:4:0:3:3:2:2:1:0:,clone,5571.699920175415,0:4:1:2:2:2:2:1:0
0:2:1:0:0:4:4:1:0:,recombination,4586.411628005133,0:2:1:1:0:4:4:2:0,1:4:0:4:4:1:1:0:2
0:3:1:2:2:2:3:1:0:,recombination,4826.648179660764,0:3:1:1:1:4:4:1:0,0:4:1:1:1:3:3:0:0,MUTATE
1:4:0:4:4:1:0:0:2:,clone,4879.668017249355,2:4:0:4:4:1:0:0:2
2:4:0:4:4:1:0:0:2:,clone,5029.8125921540195,1:4:0:4:4:1:0:0:2
1:4:0:4:4:1:0:0:2:,clone,4841.766530888699,1:4:0:4:4:1:0:0:2
1:4:0:3:3:1:1:0:2:,clone,4873.4285783473615,1:4:0:4:4:1:0:0:2
1:4:0:4:4:1:1:0:2:,clone,4782.662532342001,1:4:0:3:4:1:1:0:2
1:4:0:3:3:2:1:0:2:,clone,5371.510579785585,1:4:0:3:3:1:1:0:2
1:4:0:3:3:2:1:0:2:,recombination,5226.156678634127,0:3:1:2:2:2:2:0:0,1:4:0:4:4:1:1:0:2,MUTATE
0:3:0:1:0:4:4:1:0:,recombination,5160.288635398233,1:4:0:4:4:0:0:0:1,1:4:0:1:1:2:3:1:0
1:4:1:4:4:0:0:0:1:,recombination,4447.699906005991,0:4:1:1:1:3:3:0:0,0:3:1:2:2:2:3:1:0
1:4:1:3:3:2:2:1:1:,recombination,5027.824537548483,1:4:1:4:4:0:0:0:1,1:4:1:2:1:2:3:1:0
1:4:1:4:4:0:0:0:1:,recombination,4419.666993009649,1:4:0:3:3:1:1:0:1,1:4:1:4:4:0:0:0:1,MUTATE
0:3:0:1:1:3:4:2:0:,clone,5578.102239518255,0:3:1:1:0:3:4:2:0
1:4:1:4:4:1:0:0:1:,recombination,4598.895919338296,1:4:1:3:3:1:2:0:1,1:4:1:4:4:0:0:0:1
0:3:1:0:0:4:4:2:0:,recombination,4972.34325083181,0:4:1:1:1:4:3:1:0,1:4:1:2:1:4:3:1:0,MUTATE
0:2:1:0:0:4:4:2:0:,clone,4760.942024308244,0:2:1:0:0:4:4:2:0
0:2:1:0:0:4:4:2:0:,clone,4760.942024308243,0:2:1:0:0:4:4:2:0
0:2:1:0:0:4:4:2:0:,clone,4749.789617484151,0:2:1:0:0:4:4:2:0
0:2:1:0:0:4:4:2:0:,recombination,4720.451858787663,0:2:1:0:0:4:4:1:0,0:4:1:2:2:2:3:0:0
0:2:1:0:0:4:4:2:0:,recombination,4632.279173248646,0:2:1:0:0:4:4:2:0,1:4:1:2:1:2:3:1:1
0:2:1:0:0:3:4:2:0:,recombination,5130.32300026894,0:2:1:0:0:4:4:2:0,1:4:1:2:2:3:3:1:1,MUTATE
0:2:1:0:0:3:4:2:0:,recombination,5124.341720157026,0:3:1:2:1:2:3:1:0,1:4:0:4:4:0:1:0:1
2:4:0:4:4:0:1:0:2:,recombination,5005.613771986908,1:4:1:2:2:3:3:0:1,0:2:1:0:0:4:4:2:0
2:4:0:4:4:1:0:0:2:,clone,4997.500481411794,2:4:0:4:4:0:0:0:2
0:3:0:1:1:3:4:1:0:,recombination,5237.051290366079,0:2:1:1:1:3:4:1:0,1:4:1:2:2:3:3:0:1,MUTATE
1:4:1:2:2:1:1:0:1:,clone,4492.725984864933,1:4:1:2:2:1:1:0:1
1:4:1:3:3:2:2:0:1:,clone,4832.795803225578,1:4:1:2:2:2:2:0:1
1:4:1:2:2:2:2:1:1:,clone,4598.066363681426,1:4:1:2:2:2:2:0:1
1:4:0:2:1:3:3:0:1:,clone,5491.21001121498,1:4:1:2:1:3:3:0:1
1:4:0:3:2:2:2:1:0:,recombination,5785.030534452228,1:4:1:2:1:2:3:1:1,1:4:1:3:2:2:2:0:1
1:4:0:4:4:2:1:0:2:,clone,5535.352626368197,1:4:0:4:4:2:1:0:2
1:4:0:4:4:2:1:0:2:,clone,5535.352626368196,1:4:0:4:4:2:1:0:2
1:4:1:3:3:2:1:1:1:,clone,4986.6771874345495,1:4:1:3:3:2:1:0:1
1:4:0:3:3:0:1:0:2:,clone,4762.796270715513,1:4:0:3:3:0:1:0:2
1:4:0:1:1:3:3:1:1:,clone,4963.804464983686,1:4:0:1:1:3:3:1:1
0:4:1:1:0:4:4:1:0:,clone,5144.5303131849,0:4:1:1:0:4:4:1:0
0:4:0:1:1:3:4:1:0:,clone,5474.225292699668,0:4:0:1:1:3:4:1:0
0:3:1:0:0:3:4:1:0:,recombination,4641.493396155896,0:2:1:1:0:4:4:2:0,1:4:0:3:3:2:2:1:2
1:4:0:1:1:3:4:1:1:,recombination,5762.627277023928,0:4:0:1:1:3:3:1:0,2:4:0:4:4:0:0:0:2,MUTATE
1:4:0:3:4:2:1:0:1:,clone,5475.366810848967,1:4:0:3:3:2:1:0:1
1:4:0:3:4:2:1:0:1:,clone,5475.366810848966,1:4:0:3:4:2:1:0:1
1:4:1:2:1:2:3:0:1:,recombination,5223.054236052819,0:3:1:1:0:4:4:1:0,0:3:1:0:0:3:4:2:0,MUTATE
1:4:0:1:1:3:3:1:0:,clone,5056.204225261205,1:4:0:1:1:3:3:1:0
2:4:1:4:4:0:0:0:2:,clone,5095.51368959335,1:4:1:4:4:0:0:0:2
0:4:1:1:1:3:3:0:0:,clone,4713.837111971094,0:4:1:1:1:3:3:0:0
0:3:1:2:1:3:3:1:0:,clone,4995.644082791874,0:4:1:1:1:3:3:1:0
0:3:1:2:1:3:3:1:0:,recombination,4911.357461118196,0:4:1:1:1:3:4:1:0,0:3:1:2:1:3:3:1:0
1:4:1:4:4:1:1:0:2:,recombination,5167.062056867392,0:4:1:2:2:1:1:0:1,1:4:1:3:2:3:2:0:1,MUTATE
0:3:1:1:0:4:4:2:0:,clone,5072.598931637569,0:3:1:1:0:4:4:2:0
1:4:0:3:2:2:3:0:1:,recombination,6597.037550499577,1:4:1:3:2:1:2:0:1,0:3:1:1:0:3:4:1:0
0:2:0:1:0:3:4:1:0:,recombination,5402.709092948077,1:4:0:3:3:2:2:1:2,1:4:1:4:4:1:1:0:2,MUTATE
0:4:0:1:1:4:3:2:0:,clone,5611.13685161051,0:3:1:1:1:4:4:1:0
1:4:1:3:3:1:2:1:1:,recombination,5343.139984134731,0:4:1:1:1:4:4:1:0,1:4:0:3:3:2:1:0:2,MUTATE
0:3:1:1:0:3:4:2:0:,recombination,5208.846507445265,0:2:1:1:1:3:3:1:0,1:4:1:1:1:3:3:1:0
0:3:1:1:1:4:4:2:0:,recombination,5207.142216313716,1:4:0:2:2:2:2:1:1,1:4:0:3:4:0:1:0:1
0:3:1:1:1:4:4:2:0:,recombination,5117.927127794107,1:4:0:2:2:2:2:1:1,0:4:1:2:2:3:3:1:0
0:3:1:0:0:4:4:1:0:,recombination,4705.188093382778,0:2:1:1:0:4:4:2:0,1:4:0:3:2:2:2:1:1
0:2:2:0:0:4:4:1:0:,clone,7066.656099749242,0:2:2:0:0:4:4:1:0
0:3:2:0:0:4:4:1:0:,clone,6994.215601472391,0:2:2:0:0:4:4:1:0
1:4:0:3:3:0:1:0:2:,clone,4541.494492007073,1:4:0:3:3:0:1:0:2
0:4:0:3:3:2:2:0:0:,recombination,5397.881200688459,1:4:1:4:4:0:0:0:2,0:3:0:2:1:2:3:1:0
1:4:1:2:2:2:2:1:1:,clone,4589.457058747955,1:4:1:2:2:2:2:1:1
0:4:1:2:1:2:3:1:0:,clone,4589.457058747955,0:4:1:2:1:2:3:1:0
0:4:0:3:3:2:1:0:0:,recombination,5071.517057674614,0:3:1:2:1:3:3:1:0,1:4:0:3:2:2:3:0:1,MUTATE
0:4:0:1:1:4:3:1:0:,recombination,5269.826513469094,0:3:1:0:0:4:4:2:0,0:3:1:1:1:3:4:1:0,MUTATE
0:2:2:0:0:4:4:1:0:,clone,6599.799814564306,0:2:1:0:0:4:4:2:0
0:4:0:1:1:4:4:1:0:,clone,5666.0053707404695,0:4:0:1:1:4:4:1:0
0:3:1:0:0:4:4:2:0:,clone,4969.761735155123,0:3:1:0:0:4:4:2:0
1:4:0:3:3:1:1:0:2:,recombination,4854.778816859454,0:4:1:2:1:2:3:1:0,1:4:0:2:1:2:3:1:0,MUTATE
0:4:1:2:2:1:2:1:0:,recombination,4876.680349683058,1:4:0:1:1:2:3:1:0,0:4:1:2:1:3:3:0:0
0:2:1:1:0:4:4:2:0:,recombination,4872.135065868181,1:4:1:3:3:2:1:0:1,2:4:0:3:3:1:1:0:2,MUTATE
2:4:0:4:4:0:0:0:3:,clone,5547.564419101281,0:2:1:0:0:4:4:2:0
2:4:0:3:4:0:1:0:2:,clone,5152.293632842514,2:4:0:4:4:0:1:0:2
1:4:1:2:1:3:3:1:1:,recombination,4904.518347604835,1:4:1:2:2:3:2:1:1,0:2:1:1:1:4:3:1:0
0:4:1:1:1:3:4:1:0:,recombination,5010.926608858038,0:3:1:1:1:3:3:2:0,1:4:1:2:2:1:3:0:1,MUTATE
0:4:1:1:1:3:4:1:0:,recombination,5010.926608858037,1:4:0:3:3:1:1:0:1,0:4:1:1:1:3:4:1:0
0:3:2:0:0:4:4:1:0:,clone,6138.499375624771,0:2:1:0:0:4:4:1:0
2:4:0:3:4:0:1:0:2:,recombination,4791.515391000942,0:4:1:2:1:3:3:0:0,0:4:1:3:2:2:2:1:0
1:4:1:2:2:3:2:0:1:,recombination,5135.49445164851,0:3:1:1:1:3:3:1:0,0:3:1:1:1:3:3:0:0,MUTATE
1:4:0:2:2:2:3:0:1:,recombination,5376.719904357731,1:4:0:2:1:2:3:1:0,0:2:0:1:0:4:4:1:0,MUTATE
1:4:1:2:2:3:3:0:1:,clone,5446.746500343948,1:4:1:2:2:3:3:0:1
0:4:1:2:2:2:3:0:0:,clone,4865.8856166597,0:4:1:2:1:2:3:0:0
2:4:0:4:4:0:0:0:3:,clone,5524.826278739622,0:2:1:0:0:4:4:2:0
0:3:1:1:1:3:4:1:0:,clone,4796.757744944985,0:3:1:1:1:3:3:1:0
0:3:0:1:1:3:4:1:0:,clone,5200.842329210448,0:3:1:1:1:3:4:1:0
0:3:0:1:0:3:4:1:0:,clone,5144.710196180099,0:3:0:1:0:3:4:1:0
1:4:1:2:2:2:3:0:1:,clone,4961.76174087864,1:4:1:2:2:2:3:0:1
1:4:1:2:1:2:3:0:1:,recombination,4875.266276168654,1:4:1:3:3:2:2:0:1,1:4:0:1:1:3:3:1:1
0:4:1:2:2:2:3:0:0:,recombination,4814.202420413772,1:4:1:2:1:3:3:1:0,0:4:1:1:0:4:4:1:0,MUTATE
1:4:1:1:1:3:3:1:1:,recombination,4947.0134524637615,0:4:0:2:2:3:3:1:0,0:3:1:0:0:4:4:1:0,MUTATE
1:4:0:4:4:0:1:0:2:,clone,4855.558446428094,1:4:0:3:3:0:1:0:1
1:4:0:4:4:2:1:0:1:,recombination,5208.503378048827,0:2:1:1:1:4:4:2:0,0:3:1:0:0:4:4:2:0,MUTATE
0:4:1:2:2:4:3:1:0:,recombination,5818.121997582443,0:3:1:1:1:4:4:1:0,2:4:0:3:4:1:1:0:2
1:4:0:3:3:2:1:0:1:,clone,4627.782850753674,1:4:0:3:3:2:1:0:1
0:3:1:1:0:4:4:1:0:,clone,4695.806723837375,0:3:1:1:0:4:4:1:0
0:3:1:1:0:4:4:1:0:,clone,4681.978921833466,0:3:1:1:0:4:4:1:0
0:2:1:0:0:4:4:1:0:,recombination,4450.7146556359885,0:2:1:0:0:4:4:2:0,0:2:1:1:0:4:4:2:0,MUTATE
2:4:0:4:4:0:1:0:2:,recombination,4901.5148685799395,1:4:0:2:2:1:2:0:1,0:3:1:0:0:4:4:1:0,MUTATE
0:4:0:1:0:3:4:1:0:,clone,5377.302292734516,0:4:1:1:0:3:4:1:0
0:4:0:1:1:3:4:1:0:,recombination,5233.315700726966,0:3:1:1:1:4:3:1:0,1:4:0:3:3:2:1:1:2
0:4:1:1:1:3:3:1:0:,clone,4555.047962057579,0:3:1:1:1:3:3:1:0
0:4:0:2:1:2:3:1:0:,recombination,4997.494437493549,0:4:0:1:1:3:3:1:0,0:4:1:2:2:3:3:0:0
1:4:0:2:2:3:3:1:0:,recombination,4977.512640876961,0:4:0:1:1:3:3:1:0,1:4:0:3:2:2:2:1:0,MUTATE
0:3:1:2:1:3:3:1:0:,recombination,4900.269342020884,1:4:1:3:3:2:1:0:1,1:4:1:3:3:0:1:0:1,MUTATE
0:3:1:2:1:3:3:1:0:,clone,4861.70443840905,0:3:1:2:1:3:3:1:0
0:3:1:1:0:4:4:2:0:,recombination,4960.4025357520595,1:4:1:4:4:1:0:0:1,0:3:1:1:0:4:4:1:0
1:4:0:3:2:2:2:0:1:,clone,4814.198925918045,1:4:0:2:2:2:2:1:1
0:4:0:3:2:2:2:0:0:,clone,5528.613199395153,1:4:0:3:3:2:2:0:1
1:4:1:2:2:3:3:0:1:,clone,5258.782764103346,1:4:1:2:2:3:3:0:1
1:4:1:2:2:3:3:0:1:,recombination,5233.542050471015,1:4:1:2:2:3:3:0:1,1:4:1:3:2:2:2:1:0
1:4:1:3:2:1:2:0:1:,recombination,4598.421519371158,1:4:1:2:2:2:3:1:1,0:3:1:1:0:4:4:1:0,MUTATE
0:3:1:1:1:2:2:1:0:,clone,4168.943011199816,0:3:1:1:1:3:3:1:0
1:4:1:2:2:2:2:1:0:,recombination,4671.8232641846425,1:4:1:2:2:3:3:1:0,1:4:0:3:3:2:1:0:1,MUTATE
1:4:1:2:2:2:2:1:1:,recombination,4580.479978972706,0:2:1:0:0:4:4:2:0,0:4:1:2:2:3:3:1:0
0:3:1:2:1:2:3:1:0:,recombination,4664.190392435885,1:4:1:2:2:3:2:0:1,0:4:1:2:2:3:2:1:0
0:3:1:2:1:2:3:1:0:,clone,4538.1993904027,0:3:1:2:1:2:3:1:0
0:3:1:2:1:3:3:1:0:,clone,4832.457303861847,0:4:1:2:1:3:3:1:0
0:4:0:2:2:2:3:1:0:,clone,4785.705846953497,0:4:0:2:2:2:3:1:0
2:4:0:4:4:1:1:0:2:,clone,5137.331002045773,2:4:0:4:4:1:1:0:2
1:4:0:2:1:2:3:1:1:,clone,4931.475904981906,1:4:0:2:1:2:3:1:1
1:4:0:2:1:2:3:1:0:,clone,4979.690506198092,1:4:0:2:1:2:3:1:1
1:4:0:2:1:2:3:1:1:,clone,4929.812615338617,1:4:1:2:1:2:3:1:1
1:4:0:2:1:2:3:1:0:,clone,4944.754906611178,1:4:0:2:1:2:3:1:1
0:4:1:2:2:2:3:1:0:,clone,4778.359812348944,0:4:1:2:2:2:2:0:0
0:2:1:1:0:3:4:2:0:,recombination,5210.5813211382,0:3:1:0:0:4:4:1:0,1:4:1:2:2:3:3:0:1
0:2:1:0:0:3:4:1:0:,clone,4751.293146663992,0:2:1:0:0:3:4:1:0
0:2:1:0:0:3:4:2:0:,recombination,4877.395219843207,1:4:1:3:3:2:1:0:1,1:4:1:2:1:3:3:1:0,MUTATE
0:3:1:0:0:3:4:1:0:,recombination,4603.1242920525065,0:3:1:1:0:4:4:1:0,0:3:1:0:0:4:4:1:0,MUTATE
0:3:1:0:0:4:4:1:0:,clone,4690.572564612711,0:3:1:1:0:4:4:1:0
0:3:1:0:0:4:4:1:0:,clone,4573.407282179075,0:3:1:0:0:4:4:1:0
0:3:0:2:2:2:3:1:0:,clone,5187.459441480098,0:3:0:2:2:2:3:1:0
0:3:0:2:2:2:3:0:0:,clone,5763.142283072387,0:4:1:2:2:2:3:0:0
0:2:1:1:1:3:4:1:0:,clone,5065.189753086628,0:2:1:1:1:3:4:1:0
0:2:1:1:1:3:4:1:0:,recombination,5001.068245473513,0:3:1:1:1:4:4:1:0,0:3:0:2:2:2:3:1:0
0:4:0:2:2:3:3:0:0:,clone,6207.803243468958,0:4:0:2:2:3:3:0:0
0:4:1:2:1:2:3:1:0:,clone,4575.421405938048,1:4:1:2:2:2:2:1:0
1:4:1:4:4:0:0:0:2:,clone,4554.008995168062,1:4:0:4:4:0:0:0:2
1:4:1:4:4:0:0:0:1:,clone,4371.8116756369045,1:4:0:4:4:0:0:0:2
1:4:1:4:4:0:0:0:1:,clone,4327.33174051257,1:4:1:4:4:0:0:0:1
1:4:0:4:4:0:1:0:1:,clone,4784.63446672184,1:4:0:4:4:0:0:0:2
1:4:1:2:2:3:3:1:0:,clone,4702.333626889441,1:4:1:2:1:3:3:1:0
1:4:1:2:1:3:3:1:0:,clone,4713.438703884826,1:4:1:2:2:3:3:1:0
