4:4:4:4:4:1:2:4:4:,initialisation,15090.780071700328,
4:4:4:4:4:2:2:4:4:,initialisation,16730.71286994876,
4:4:4:4:4:2:2:4:4:,initialisation,16545.26460499151,
4:3:4:4:4:2:3:4:4:,initialisation,15579.173769946054,
4:3:4:4:4:2:3:4:4:,initialisation,14456.744303159714,
4:4:4:4:4:2:2:4:4:,initialisation,14766.395931723406,
4:3:4:4:4:3:3:4:4:,initialisation,15010.165780657593,
3:2:4:4:4:0:1:1:3:,initialisation,13326.829672520975,
3:2:4:4:4:2:3:4:2:,initialisation,14455.598426888328,
4:3:4:4:4:2:2:4:4:,initialisation,14543.838536268719,
4:4:4:4:4:1:1:4:4:,initialisation,13990.727870516042,
4:4:4:4:4:1:2:4:4:,initialisation,14891.462480159049,
4:3:4:4:4:1:2:4:4:,initialisation,14650.442474815902,
4:4:4:4:4:1:2:4:4:,initialisation,13200.266467041092,
4:4:4:4:4:2:3:4:4:,initialisation,15152.415051221207,
3:2:4:4:4:1:2:3:3:,initialisation,14065.011330651685,
4:3:4:4:4:1:1:4:4:,initialisation,14461.688492616977,
4:3:4:4:4:2:2:4:4:,initialisation,14021.333273646162,
2:2:4:4:4:1:2:4:2:,initialisation,13747.644130078956,
4:4:4:4:4:2:2:4:4:,initialisation,14732.666162091471,
2:2:4:4:4:2:2:4:2:,initialisation,15733.277822743821,
3:2:4:4:4:1:1:3:3:,initialisation,14222.963113666674,
4:4:4:4:4:1:1:4:4:,initialisation,13204.615847175308,
2:2:4:4:4:2:3:4:2:,initialisation,16200.20821875685,
4:3:4:4:4:1:2:4:4:,initialisation,13801.543785455717,
4:4:4:4:4:2:2:4:4:,initialisation,14558.537923151513,
4:4:4:4:4:3:3:4:4:,initialisation,16840.957892635935,
3:2:4:4:4:1:2:2:3:,initialisation,13182.489565321794,
4:3:4:4:4:2:2:4:4:,initialisation,12847.913617052582,
4:4:4:4:4:2:2:4:4:,initialisation,13958.07192860444,
2:2:4:4:4:1:1:3:2:,initialisation,14726.210522621308,
4:4:4:4:4:3:3:4:4:,initialisation,16171.79947683458,
3:2:4:4:4:1:1:2:3:,initialisation,14282.956714057482,
3:2:4:4:4:1:1:2:3:,initialisation,13509.950719450471,
4:4:4:4:4:2:3:4:4:,initialisation,14845.341795608167,
4:4:4:4:4:2:2:4:4:,initialisation,13634.222279999834,
3:2:4:4:4:1:2:3:3:,initialisation,13654.521610443377,
4:4:4:4:4:3:2:4:4:,initialisation,16730.71286994876,
4:4:4:4:4:3:3:4:4:,initialisation,15281.908446402467,
2:2:4:4:4:2:2:4:2:,initialisation,14709.960124467532,
3:2:4:4:4:0:0:1:3:,initialisation,14512.417777989678,
2:2:4:4:4:1:2:3:2:,initialisation,14439.206615646466,
4:3:4:4:4:1:2:4:4:,initialisation,13548.408931177702,
4:3:4:4:4:1:2:4:4:,initialisation,13392.24347456888,
4:3:4:4:4:2:3:4:4:,initialisation,14073.576532911398,
3:2:4:4:4:1:1:1:3:,initialisation,13522.98321256232,
2:2:4:4:4:1:1:2:2:,initialisation,16029.109575646578,
4:3:4:4:4:1:2:4:4:,initialisation,12710.005764289108,
3:2:4:4:4:2:2:4:3:,initialisation,14618.252094172174,
4:4:4:4:4:2:2:4:4:,initialisation,13243.52531911182,
3:2:4:4:4:0:1:2:3:,initialisation,13812.131329502143,
4:4:4:4:4:3:2:4:4:,initialisation,16730.712869948755,
4:4:4:4:4:1:1:4:4:,initialisation,13000.376295150907,
3:2:4:4:4:1:2:4:3:,initialisation,15635.53913694555,
2:2:4:4:4:1:1:2:2:,initialisation,14820.128344034136,
4:4:4:4:4:1:2:4:4:,initialisation,13164.562390731448,
3:2:4:4:4:1:1:2:3:,initialisation,13132.176475183069,
3:2:4:4:4:1:2:4:3:,initialisation,15445.65830101968,
4:4:4:4:4:2:3:4:4:,initialisation,14657.320112581281,
2:2:4:4:4:1:2:3:2:,initialisation,14002.401548184918,
3:2:4:4:4:2:3:4:3:,initialisation,15289.463016901169,
3:2:4:4:4:1:1:1:4:,initialisation,14261.119780604431,
3:2:4:4:4:1:2:4:3:,initialisation,14048.33181065095,
3:2:4:4:4:0:0:1:4:,initialisation,13714.776452309325,
4:4:4:4:4:1:1:4:4:,initialisation,12933.413331598153,
4:4:4:4:4:1:2:4:4:,initialisation,12955.450000875951,
2:2:4:4:4:1:1:1:3:,initialisation,14770.943157833563,
4:4:4:4:4:3:3:4:4:,initialisation,15168.854717292219,
3:2:4:4:4:2:2:4:3:,initialisation,14221.596094300221,
4:2:4:4:4:2:3:4:4:,initialisation,14404.733482257065,
2:2:4:4:4:2:2:4:2:,initialisation,14699.731785685119,
4:2:4:4:4:0:1:2:4:,initialisation,13361.563091284606,
4:4:4:4:4:2:2:4:4:,initialisation,13149.692578637652,
3:2:4:4:4:1:2:4:3:,initialisation,13776.199948385289,
4:2:4:4:4:0:1:2:4:,initialisation,12994.14979575282,
4:3:4:4:4:3:3:4:4:,initialisation,14823.038434176537,
3:2:4:4:4:0:1:1:3:,initialisation,12602.101003617705,
3:2:4:4:4:1:2:3:3:,initialisation,13470.321459317185,
2:2:4:4:4:0:0:0:3:,initialisation,14273.37266420954,
3:2:4:4:4:1:1:2:3:,initialisation,13080.540666666893,
3:2:4:4:4:0:1:1:4:,initialisation,13911.5974834012,
4:4:4:4:4:3:3:4:4:,initialisation,14645.027008731302,
4:2:4:4:4:0:0:1:4:,initialisation,12583.054478880475,
3:2:4:4:4:2:2:2:3:,initialisation,14786.699510540648,
3:2:4:4:4:0:0:1:4:,initialisation,13121.26612069976,
2:1:4:4:4:2:2:2:2:,initialisation,16063.231078782988,
4:4:4:4:4:0:1:4:4:,initialisation,12900.04978309829,
2:2:4:4:4:2:2:3:2:,initialisation,15674.338538962436,
3:2:4:4:4:0:0:0:3:,initialisation,14160.641810992147,
3:2:4:4:4:0:1:1:4:,initialisation,12645.81129615539,
4:2:4:4:4:0:0:0:4:,initialisation,12905.3588384264,
3:2:4:4:4:1:1:3:3:,initialisation,14179.361503770004,
3:2:4:4:4:0:1:2:3:,initialisation,13678.063346066152,
4:4:4:4:4:2:1:4:4:,initialisation,16730.712869948762,
3:2:4:4:4:0:0:1:3:,initialisation,13130.718781905342,
3:2:4:4:4:0:0:0:4:,initialisation,14064.501969119528,
4:2:4:4:4:0:1:2:4:,initialisation,12394.30884940361,
2:2:4:4:4:1:2:2:2:,initialisation,16040.082110373782,
4:3:4:4:4:1:1:4:4:,initialisation,13144.290451320945,
2:2:4:4:4:3:3:4:1:,initialisation,19324.1561892374,
4:3:4:4:4:1:1:4:4:,initialisation,12666.970243050784,
3:2:4:4:4:0:0:0:4:,initialisation,13374.794859865342,
4:3:4:4:4:2:3:4:4:,initialisation,13817.241475576662,
4:3:4:4:4:3:4:4:4:,initialisation,18198.440517055446,
2:2:4:4:4:2:3:4:2:,initialisation,14300.903152018687,
4:2:4:4:4:0:0:0:4:,initialisation,11783.39819243227,
3:2:4:4:4:0:1:2:3:,initialisation,13636.613444224582,
3:2:4:4:4:0:1:2:3:,initialisation,13633.80410176841,
3:2:4:4:4:0:0:1:4:,initialisation,11859.574575319442,
1:2:4:4:4:2:3:4:1:,initialisation,16943.579997090204,
3:2:4:4:4:1:1:1:3:,initialisation,13156.787425322333,
3:2:4:4:4:0:0:0:4:,initialisation,12295.375401941728,
3:2:4:4:4:1:1:3:3:,initialisation,13541.972846858036,
2:1:4:4:4:2:3:4:2:,initialisation,16823.737400262416,
3:2:4:4:4:2:2:3:3:,initialisation,14458.220558277762,
3:2:4:4:4:0:1:1:4:,initialisation,12006.087139097,
4:3:4:4:4:3:3:4:4:,initialisation,14594.894430695027,
4:4:4:4:4:2:3:4:4:,initialisation,14594.982125405371,
4:4:4:4:4:1:1:4:4:,initialisation,12820.003983984176,
2:2:4:4:4:0:1:1:3:,initialisation,14736.806433120526,
4:2:4:4:4:1:1:2:4:,initialisation,13754.450915862088,
2:2:4:4:4:3:3:4:2:,initialisation,16974.584990547814,
3:2:4:4:4:0:0:0:4:,initialisation,11802.242795940236,
4:2:4:4:4:0:0:0:4:,initialisation,11656.97240785064,
3:2:4:4:4:0:0:1:3:,initialisation,12888.863976312277,
4:4:4:4:4:2:1:4:4:,initialisation,16730.712869948755,
4:3:4:4:4:3:3:4:4:,initialisation,14212.825172142448,
4:4:4:4:4:1:2:4:4:,initialisation,12727.534114801103,
4:3:4:4:4:1:1:4:4:,initialisation,12036.415148747581,
4:4:4:4:4:3:2:4:4:,initialisation,16662.890289663275,
4:3:4:4:4:2:3:4:4:,initialisation,13466.161142012292,
4:4:4:4:4:2:3:4:4:,initialisation,14327.152199850829,
4:4:4:4:4:0:1:4:4:,initialisation,12741.352663440744,
3:2:4:4:4:1:2:1:3:,initialisation,14714.917349950183,
4:4:4:4:4:3:2:4:4:,initialisation,15508.26110341471,
2:2:4:4:4:2:3:4:1:,initialisation,16923.819379871013,
4:4:4:4:4:2:3:4:4:,initialisation,14067.134304792487,
3:2:4:4:4:2:2:3:3:,initialisation,14111.52363984903,
4:2:4:4:4:1:2:3:4:,initialisation,13821.035569797925,
4:4:4:4:4:2:3:4:4:,initialisation,13961.683776038193,
4:4:4:4:4:0:1:4:4:,initialisation,12368.52508455634,
4:2:4:4:4:0:1:1:4:,initialisation,13944.395374512373,
2:2:4:4:4:0:1:1:3:,initialisation,14326.95372349651,
3:2:4:4:4:1:2:3:3:,initialisation,13090.822997070207,
4:4:4:4:4:1:1:4:4:,initialisation,12769.500186962123,
3:2:4:4:4:2:3:3:3:,initialisation,14578.057343989678,
4:4:4:4:4:1:2:4:4:,initialisation,12498.25629575321,
3:2:4:4:4:0:0:1:3:,initialisation,12310.483942477214,
3:2:4:4:4:2:3:4:3:,initialisation,14290.90637675565,
2:2:4:4:4:3:3:4:2:,initialisation,16044.189728160856,
3:2:4:4:4:1:1:1:4:,initialisation,12393.312172012455,
3:2:4:4:4:2:2:3:3:,initialisation,13726.601539087067,
4:3:4:4:4:1:1:4:4:,initialisation,11955.903831371408,
4:4:4:4:4:0:0:0:4:,initialisation,12999.081084978796,
3:2:4:4:4:1:1:2:3:,initialisation,12617.639438055567,
4:3:4:4:4:0:1:4:4:,initialisation,12430.530804155773,
4:2:4:4:4:1:1:2:4:,initialisation,13048.574111823013,
4:4:4:4:4:1:1:4:4:,initialisation,12429.735932598414,
4:2:4:4:4:3:3:4:4:,initialisation,15081.940378498808,
4:3:4:4:4:2:2:4:4:,initialisation,12270.463437106238,
3:2:4:4:4:1:2:2:3:,initialisation,12619.374676360218,
3:2:4:4:4:1:1:3:3:,initialisation,12979.082529044259,
4:2:4:4:4:0:0:1:4:,initialisation,11923.259492906152,
2:2:4:4:4:3:3:4:2:,initialisation,15926.681935582577,
4:2:4:4:4:1:1:2:4:,initialisation,12930.153438820525,
4:4:4:4:4:1:1:4:4:,initialisation,12406.854492621578,
2:2:4:4:4:0:0:1:3:,initialisation,14115.540965451366,
3:2:4:4:4:0:0:0:3:,initialisation,13578.922050823723,
4:2:4:4:4:1:2:2:4:,initialisation,14549.218912635231,
4:4:4:4:4:2:1:4:4:,initialisation,16571.466133196216,
3:2:4:4:4:2:2:4:3:,initialisation,13554.629662824715,
2:2:4:4:4:2:2:4:2:,initialisation,14605.570633544801,
4:3:4:4:4:3:3:4:4:,initialisation,14195.585411879618,
2:2:4:4:0:4:4:4:0:,initialisation,16754.42308484141,
3:2:4:4:4:0:0:0:3:,initialisation,12489.556419748853,
2:1:4:4:4:2:3:4:2:,initialisation,14438.911849197048,
4:3:4:4:4:1:2:4:4:,initialisation,12709.845883302578,
2:2:4:4:4:3:3:4:2:,initialisation,15732.663137640613,
2:2:4:4:4:2:2:3:2:,initialisation,15077.215665483429,
4:3:4:4:4:3:4:4:4:,initialisation,16692.0398811139,
4:4:4:4:4:0:1:4:4:,initialisation,12243.019813926214,
2:2:4:4:4:0:0:1:3:,clone,14057.787919033568,2:2:4:4:4:0:0:0:3
4:3:4:4:4:0:0:0:4:,recombination,11942.156869161667,4:4:4:4:4:1:1:4:4,4:2:4:4:4:0:0:1:4
3:2:4:4:4:0:0:0:3:,clone,12188.656826954943,3:2:4:4:4:0:0:0:3
4:3:4:4:4:2:2:4:4:,clone,12146.416103771113,4:3:4:4:4:2:2:4:4
4:3:4:4:4:1:2:4:4:,recombination,11942.90171220564,4:3:4:4:4:1:1:4:4,4:4:4:4:4:2:2:4:4
4:2:4:4:4:0:0:2:4:,recombination,14476.949107690953,2:2:4:4:4:0:0:1:3,4:4:4:4:4:1:1:4:4
4:4:4:4:4:0:1:4:4:,clone,12214.786274111357,4:4:4:4:4:0:1:4:4
4:3:4:4:4:1:1:4:4:,clone,11942.281794071423,4:3:4:4:4:1:1:4:4
4:4:4:4:4:2:3:4:4:,clone,13909.438975023644,4:4:4:4:4:2:3:4:4
3:2:4:4:4:1:2:3:3:,recombination,12668.543487525292,3:2:4:4:4:2:2:4:3,2:2:4:4:4:0:0:0:3
4:2:4:4:4:0:0:0:4:,recombination,11550.85948423603,4:4:4:4:4:1:2:4:4,3:2:4:4:4:1:1:2:3,MUTATE
4:2:4:4:4:0:1:3:4:,recombination,12290.872752318966,4:4:4:4:4:2:3:4:4,3:2:4:4:4:1:2:3:3
4:3:4:4:4:0:1:2:4:,recombination,13693.684147719618,4:4:4:4:4:1:1:4:4,3:2:4:4:4:0:1:1:4,MUTATE
4:3:4:4:4:1:2:4:4:,clone,11808.505098834981,4:3:4:4:4:1:2:4:4
4:2:4:4:4:2:2:4:4:,recombination,13384.25628607094,2:1:4:4:4:2:3:4:2,4:4:4:4:4:2:2:4:4
4:2:4:4:4:0:1:1:4:,clone,12192.291051444385,3:2:4:4:4:0:1:1:4
4:3:4:4:4:1:1:4:4:,clone,11716.977981489083,4:3:4:4:4:1:2:4:4
4:3:4:4:4:0:0:2:4:,clone,12936.195639975645,4:3:4:4:4:0:0:2:4
4:2:4:4:4:1:1:2:4:,clone,12347.269284515383,4:2:4:4:4:1:1:2:4
4:2:4:4:4:1:2:4:4:,recombination,12493.54592019258,4:3:4:4:4:2:2:4:4,2:2:4:4:4:1:2:4:2
4:3:4:4:4:3:4:4:4:,recombination,16633.35081950202,4:4:4:4:4:1:2:4:4,4:3:4:4:4:3:4:4:4
4:2:4:4:4:1:1:3:4:,recombination,12514.798917802058,3:2:4:4:4:1:1:3:3,4:3:4:4:4:3:3:4:4,MUTATE
4:3:4:4:4:1:1:3:4:,recombination,13959.654346720565,4:4:4:4:4:1:1:4:4,3:2:4:4:4:0:0:0:3
4:3:4:4:4:0:0:1:4:,recombination,13129.431111453703,4:3:4:4:4:0:0:0:4,2:2:4:4:4:2:2:3:2,MUTATE
4:2:4:4:4:0:1:1:4:,recombination,12027.732570853828,4:4:4:4:4:2:3:4:4,3:2:4:4:4:0:1:1:3
4:3:4:4:4:0:1:3:4:,recombination,14334.577771418888,4:3:4:4:4:0:0:2:4,3:2:4:4:4:2:3:4:2
4:4:4:4:4:0:1:4:4:,clone,12189.97287704948,4:4:4:4:4:0:1:4:4
4:2:4:4:4:0:1:1:4:,recombination,11902.943843643201,4:2:4:4:4:1:2:3:4,3:2:4:4:4:0:1:1:4
4:3:4:4:4:0:1:1:4:,clone,13275.636739633459,4:3:4:4:4:0:0:1:4
4:2:4:4:4:1:1:2:4:,clone,12046.259699385726,4:2:4:4:4:1:1:2:4
2:2:4:4:3:4:4:4:1:,recombination,16667.60897801922,2:2:4:4:0:4:4:4:0,4:3:4:4:4:0:0:2:4,MUTATE
4:2:4:4:4:0:1:2:4:,recombination,11789.101211546202,4:3:4:4:4:1:2:4:4,4:2:4:4:4:0:1:1:4
3:2:4:4:4:0:0:0:4:,clone,11553.053596864505,3:2:4:4:4:0:0:0:4
2:2:4:4:4:0:1:2:2:,recombination,15004.069065070402,2:2:4:4:4:0:0:0:3,2:2:4:4:4:1:1:3:2,MUTATE
4:2:4:4:4:1:2:3:4:,recombination,13234.118093061572,3:2:4:4:4:1:1:2:3,4:3:4:4:4:1:1:4:4
4:3:4:4:4:0:1:4:4:,clone,12171.133736127305,4:3:4:4:4:0:1:4:4
3:2:4:4:4:0:0:1:3:,recombination,12100.669546714147,2:2:4:4:4:2:2:4:2,3:2:4:4:4:1:1:2:3,MUTATE
3:2:4:4:4:1:2:4:3:,clone,13424.894608740418,2:2:4:4:4:1:2:4:2
4:4:4:4:4:1:1:4:4:,recombination,12131.726779531662,4:3:4:4:4:1:2:4:4,4:4:4:4:4:1:2:4:4
4:2:4:4:4:1:1:2:4:,clone,12042.55644321888,4:2:4:4:4:1:1:2:4
4:2:4:4:4:1:1:4:4:,recombination,12703.27854795889,4:3:4:4:4:2:2:4:4,3:2:4:4:4:2:2:2:3,MUTATE
4:3:4:4:4:0:1:3:4:,recombination,11980.432555390966,4:4:4:4:4:0:1:4:4,3:2:4:4:4:0:0:0:4,MUTATE
4:3:4:4:4:0:0:2:4:,recombination,12789.394744191628,4:3:4:4:4:0:0:2:4,4:3:4:4:4:0:1:2:4
3:2:4:4:4:1:2:3:3:,clone,12460.20198663171,3:2:4:4:4:1:2:3:3
4:4:4:4:4:3:3:4:4:,clone,14529.30686839968,4:4:4:4:4:3:3:4:4
4:2:4:4:4:1:1:4:4:,recombination,12128.038308314504,3:2:4:4:4:1:1:2:3,4:4:4:4:4:1:2:4:4
3:2:4:4:4:0:1:1:3:,recombination,11930.280970584961,3:2:4:4:4:0:0:1:3,3:2:4:4:4:2:2:2:3
3:2:4:4:4:0:1:2:3:,clone,13556.035491841276,3:2:4:4:4:0:1:2:3
4:2:4:4:4:1:2:3:4:,recombination,12669.728849691226,4:2:4:4:4:1:1:2:4,4:2:4:4:4:0:1:2:4,MUTATE
4:3:4:4:4:1:1:3:4:,clone,12608.428981851419,4:3:4:4:4:0:1:3:4
4:2:4:4:4:1:0:2:4:,recombination,12624.277561246898,3:2:4:4:4:0:0:0:3,4:4:4:4:4:3:2:4:4
3:2:4:4:4:0:0:0:4:,clone,11356.053622918955,3:2:4:4:4:0:1:1:3
3:2:4:4:4:1:1:3:3:,recombination,12650.855316397012,3:2:4:4:4:0:0:0:4,2:2:4:4:4:0:0:1:3,MUTATE
4:2:4:4:4:0:0:3:4:,clone,14182.257228696351,4:2:4:4:4:0:0:3:4
2:2:4:4:4:2:2:4:2:,recombination,14595.737529604085,3:2:4:4:4:0:0:0:4,2:2:4:4:4:2:3:4:2
2:2:4:4:4:1:2:3:2:,clone,13809.72642899832,2:2:4:4:4:1:2:3:2
4:2:4:4:4:0:1:2:4:,recombination,11435.52203076763,4:3:4:4:4:0:1:4:4,4:2:4:4:4:0:1:2:4
4:3:4:4:4:0:0:3:4:,recombination,12472.158788747098,4:4:4:4:4:2:3:4:4,2:2:4:4:4:0:0:0:3,MUTATE
4:2:4:4:4:1:1:4:4:,clone,12078.023914912474,4:3:4:4:4:1:1:4:4
4:3:4:4:4:0:0:3:4:,recombination,11350.456213999416,4:3:4:4:4:1:2:4:4,4:2:4:4:4:1:1:4:4,MUTATE
4:2:4:4:4:2:3:4:4:,clone,14312.265305878782,4:2:4:4:4:2:2:4:4
4:2:4:4:4:0:0:2:4:,clone,11861.241033762644,4:2:4:4:4:0:1:2:4
3:2:4:4:4:0:0:0:4:,clone,11187.39910115423,3:2:4:4:4:0:0:0:4
4:4:4:4:4:0:0:0:4:,recombination,12185.075642912283,4:3:4:4:4:1:2:4:4,4:4:4:4:4:0:0:0:4,MUTATE
4:2:4:4:4:1:2:4:4:,clone,11984.661273513142,4:2:4:4:4:1:1:3:4
4:3:4:4:4:0:0:1:4:,clone,12070.743201904985,4:3:4:4:4:0:0:1:4
4:3:4:4:4:2:3:4:4:,clone,13381.801230388419,4:3:4:4:4:2:2:4:4
4:3:4:4:4:3:4:4:4:,clone,16572.07737453641,4:3:4:4:4:3:4:4:4
3:2:4:4:4:1:2:3:3:,clone,12197.241662000197,3:2:4:4:4:1:2:3:3
4:3:4:4:4:3:4:4:4:,clone,16292.03155328991,4:3:4:4:4:3:4:4:4
4:4:4:4:4:2:1:4:4:,clone,16535.071766387486,4:4:4:4:4:2:1:4:4
3:2:4:4:4:1:1:4:3:,clone,13497.487589271426,3:2:4:4:4:1:1:4:3
4:2:4:4:4:1:1:3:4:,recombination,12390.194933946252,4:3:4:4:4:3:4:4:4,3:2:4:4:4:0:1:1:4,MUTATE
4:2:4:4:4:0:1:1:4:,recombination,11806.406706035485,4:2:4:4:4:0:1:2:4,3:2:4:4:4:2:2:4:3,MUTATE
4:2:4:4:4:1:1:3:4:,recombination,12255.07751040215,2:2:4:4:4:3:3:4:2,4:2:4:4:4:0:1:2:4,MUTATE
3:2:4:4:4:3:3:4:3:,recombination,16697.399629868385,4:4:4:4:4:1:1:4:4,2:1:4:4:4:2:3:4:2,MUTATE
3:2:4:4:4:0:1:1:4:,clone,11812.774473039442,3:2:4:4:4:0:1:1:4
4:2:4:4:4:1:1:3:4:,recombination,11790.294546548748,3:2:4:4:4:1:2:3:3,4:4:4:4:4:1:2:4:4,MUTATE
4:2:4:4:4:0:1:0:4:,recombination,14267.689438033049,2:2:4:4:4:1:1:1:3,3:2:4:4:4:1:1:2:3,MUTATE
2:2:4:4:4:2:2:4:2:,clone,14073.913538371948,2:2:4:4:4:2:2:4:2
3:2:4:4:4:1:2:4:3:,recombination,13083.191503639297,3:2:4:4:4:1:1:3:3,2:2:4:4:4:2:2:4:2
4:2:4:4:4:0:1:4:4:,recombination,11645.19179968641,3:2:4:4:4:1:2:1:3,4:4:4:4:4:1:2:4:4
4:4:4:4:4:2:1:4:4:,recombination,16323.91253284657,3:2:4:4:4:1:2:4:3,4:4:4:4:4:2:1:4:4,MUTATE
4:2:4:4:4:0:1:3:4:,recombination,12058.007958577062,4:3:4:4:4:1:2:4:4,2:2:4:4:4:0:0:1:3,MUTATE
2:2:4:4:4:1:2:3:2:,clone,13583.479542415602,2:2:4:4:4:1:2:3:2
4:2:4:4:4:1:2:3:4:,clone,12274.055330964406,3:2:4:4:4:1:2:3:3
4:4:4:4:4:2:3:4:4:,clone,13906.755133992097,4:4:4:4:4:2:3:4:4
4:2:4:4:4:1:1:3:4:,recombination,11560.682612657076,4:2:4:4:4:1:1:3:4,4:4:4:4:4:1:1:4:4,MUTATE
4:2:4:4:4:0:1:0:4:,recombination,12247.090353071875,4:2:4:4:4:0:0:2:4,4:2:4:4:4:0:0:0:4
3:2:4:4:4:3:3:4:2:,recombination,15796.143275155075,2:2:4:4:3:4:4:4:1,3:2:4:4:4:0:1:1:3,MUTATE
4:3:4:4:4:2:3:4:4:,clone,13251.909435117663,4:3:4:4:4:2:3:4:4
2:2:4:4:3:4:4:4:1:,clone,16514.16366002045,2:2:4:4:3:4:4:4:1
2:1:4:4:4:3:3:4:2:,recombination,14973.572716066816,4:2:4:4:4:2:3:4:4,2:2:4:4:4:0:1:1:3
3:2:4:4:4:1:2:4:3:,recombination,12971.052127278368,3:2:4:4:4:2:2:2:3,4:3:4:4:4:2:3:4:4,MUTATE
3:2:4:4:4:4:4:4:1:,recombination,16514.16366002045,4:2:4:4:4:0:1:1:4,2:2:4:4:3:4:4:4:1
4:2:4:4:4:2:3:4:4:,recombination,13614.062585563779,2:2:4:4:4:2:2:4:2,4:3:4:4:4:2:3:4:4,MUTATE
4:3:4:4:4:2:3:4:4:,clone,13140.524147712826,4:3:4:4:4:2:3:4:4
4:3:4:4:4:1:1:4:4:,recombination,11492.5230081832,4:3:4:4:4:2:3:4:4,3:2:4:4:4:0:1:1:3
4:2:4:4:4:3:3:4:4:,clone,14732.840193218448,4:2:4:4:4:3:3:4:4
4:2:4:4:4:1:1:4:4:,clone,11944.09736144784,4:2:4:4:4:1:1:4:4
3:2:4:4:4:3:3:4:3:,clone,16070.646802350162,3:2:4:4:4:3:3:4:3
4:3:4:4:4:1:2:4:4:,recombination,11301.361172621306,4:3:4:4:4:1:1:4:4,3:2:4:4:4:0:1:2:3
3:2:4:4:4:3:3:4:2:,clone,14826.476638317215,3:2:4:4:4:2:3:4:2
4:4:4:4:4:0:1:2:4:,recombination,12626.827474667207,4:4:4:4:4:0:0:0:4,4:4:4:4:4:0:1:4:4,MUTATE
4:3:4:4:4:1:1:3:4:,clone,12392.444032736246,4:4:4:4:4:1:1:3:4
4:2:4:4:4:0:1:2:4:,recombination,11319.425110923323,2:2:4:4:4:2:3:4:2,2:2:4:4:4:1:2:4:2
4:2:4:4:4:0:1:2:4:,clone,11269.191423146034,4:2:4:4:4:0:1:2:4
4:2:4:4:4:1:2:2:4:,clone,13364.452740803597,4:2:4:4:4:1:2:2:4
3:2:4:4:4:2:2:4:3:,recombination,13388.969622282839,1:2:4:4:4:2:3:4:1,3:2:4:4:4:2:2:4:3
2:2:4:4:4:2:3:3:2:,clone,14938.193413684803,2:1:4:4:4:2:3:4:2
3:2:4:4:4:1:1:1:4:,clone,12366.16975237435,3:2:4:4:4:1:1:1:4
4:2:4:4:4:1:1:3:4:,recombination,11309.929926016497,4:2:4:4:4:0:1:2:4,4:3:4:4:4:1:1:4:4,MUTATE
4:2:4:4:4:1:1:3:4:,clone,11309.929926016495,4:2:4:4:4:1:1:3:4
4:2:4:4:4:1:1:3:4:,clone,10813.097279668445,4:2:4:4:4:1:2:3:4
2:2:4:4:4:3:3:4:2:,clone,15090.410483533342,3:2:4:4:4:3:3:4:2
4:3:4:4:4:1:1:2:4:,recombination,13051.351947976718,4:3:4:4:4:0:1:1:4,3:2:4:4:4:1:1:1:4,MUTATE
4:4:4:4:4:0:0:1:4:,clone,12540.8755303201,4:4:4:4:4:0:0:0:4
4:3:4:4:4:0:1:4:4:,recombination,12047.6336135605,4:3:4:4:4:0:1:4:4,2:2:4:4:4:2:2:3:2,MUTATE
4:3:4:4:4:0:1:2:4:,clone,12464.03097598787,4:3:4:4:4:0:0:1:4
4:4:4:4:4:0:1:3:4:,clone,12768.408105765315,4:4:4:4:4:0:1:3:4
4:2:4:4:4:3:3:4:3:,clone,17376.04999908007,4:2:4:4:4:3:3:4:3
3:2:4:4:4:2:3:4:3:,recombination,14111.563282611867,2:2:4:4:4:2:3:4:2,4:3:4:4:4:0:0:3:4
4:2:4:4:4:2:3:4:4:,recombination,13139.196491076471,4:3:4:4:4:2:3:4:4,4:2:4:4:4:3:3:4:3,MUTATE
4:2:4:4:4:2:3:4:4:,clone,12841.37184781279,4:2:4:4:4:2:3:4:4
4:2:4:4:4:3:4:4:4:,clone,17675.155848915252,4:2:4:4:4:3:4:4:4
4:2:4:4:4:4:4:4:3:,clone,17950.895255970892,4:2:4:4:4:4:4:4:3
4:2:4:4:4:0:1:3:4:,recombination,12051.685628440335,3:2:4:4:4:0:0:1:4,4:2:4:4:4:1:1:3:4,MUTATE
4:2:4:4:4:1:2:4:4:,clone,11898.091071877605,4:2:4:4:4:1:1:3:4
4:2:4:4:4:1:1:4:4:,clone,11764.393940117394,4:2:4:4:4:1:1:4:4
4:2:4:4:4:1:1:2:4:,clone,11944.59580375308,4:2:4:4:4:0:1:2:4
4:2:4:4:4:3:4:4:3:,recombination,16798.931668208752,3:2:4:4:4:0:1:1:4,4:3:4:4:4:3:3:4:4
4:2:4:4:4:1:2:4:4:,clone,11814.071879079267,4:2:4:4:4:1:2:4:4
4:3:4:4:4:0:1:2:4:,clone,12452.508788820802,4:3:4:4:4:0:1:2:4
3:2:4:4:4:1:2:1:4:,recombination,14031.229267672734,4:3:4:4:4:1:1:4:4,2:2:4:4:4:2:2:3:2
4:2:4:4:4:3:4:4:4:,clone,17509.51841640871,4:2:4:4:4:3:4:4:4
4:2:4:4:4:3:4:4:4:,recombination,17341.67736841235,3:2:4:4:4:2:3:3:3,3:2:4:4:4:0:1:1:4,MUTATE
3:2:4:4:4:2:3:4:3:,clone,13403.879525075734,3:2:4:4:4:2:3:4:3
2:2:4:4:3:4:4:4:1:,recombination,16164.065934715323,3:2:4:4:4:2:3:3:3,2:2:4:4:3:4:4:4:1
3:2:4:4:4:3:3:4:2:,clone,14806.604548214578,3:2:4:4:4:2:3:4:2
2:2:4:4:3:4:4:4:1:,clone,15840.131743764745,2:2:4:4:3:4:4:4:1
4:2:4:4:4:4:4:4:2:,recombination,15590.016038900303,4:3:4:4:4:3:4:4:4,2:2:4:4:3:4:4:4:1
3:2:4:4:4:2:2:4:2:,recombination,14254.768140388021,2:2:4:4:3:4:4:4:1,3:2:4:4:4:1:1:1:3
4:4:4:4:4:0:1:3:4:,clone,12466.713306280539,4:4:4:4:4:0:1:3:4
4:2:4:4:4:3:4:4:4:,clone,17298.36246288803,4:2:4:4:4:3:4:4:4
4:2:4:4:4:3:4:4:4:,clone,16649.498084555365,4:2:4:4:4:3:4:4:4
3:2:4:4:4:2:3:4:2:,clone,13966.680673317962,3:2:4:4:4:2:3:4:2
4:2:4:4:4:4:4:4:3:,recombination,17485.29523004122,3:2:4:4:4:4:4:4:1,4:4:4:4:4:3:3:4:4,MUTATE
4:2:4:4:4:3:3:4:3:,recombination,14796.44612713393,4:2:4:4:4:2:3:4:4,2:2:4:4:3:4:4:4:1
3:2:4:4:4:2:2:4:3:,clone,12903.276311931762,2:2:4:4:4:2:3:4:2
3:2:4:4:4:3:4:4:3:,clone,17407.867439506357,4:2:4:4:4:3:3:4:3
4:3:4:4:4:3:4:4:4:,recombination,15814.72386134493,4:4:4:4:4:1:2:4:4,4:3:4:4:4:3:3:4:4,MUTATE
3:2:4:4:4:4:4:4:2:,recombination,16339.599137629877,4:4:4:4:4:1:1:4:4,3:2:4:4:4:4:4:4:1,MUTATE
4:2:4:4:4:3:4:4:3:,clone,15770.184280339035,4:2:4:4:4:3:3:4:3
4:2:4:4:4:2:3:4:3:,clone,14727.70873066945,4:2:4:4:4:2:3:4:3
2:2:4:4:4:1:1:3:2:,clone,14069.03591663299,2:2:4:4:4:1:2:3:2
2:2:4:4:4:3:3:4:2:,clone,14835.409521939606,2:2:4:4:4:3:3:4:2
4:4:4:4:4:0:0:1:4:,clone,12418.428125504646,4:4:4:4:4:0:0:1:4
4:2:4:4:4:3:4:4:3:,recombination,14857.03231000761,3:2:4:4:4:1:1:2:3,4:3:4:4:4:3:4:4:4
3:2:4:4:4:4:4:4:1:,recombination,15189.83055200767,3:2:4:4:4:2:3:4:3,2:2:4:4:3:4:4:4:1,MUTATE
3:2:4:4:4:4:4:4:2:,clone,16238.015105886345,3:2:4:4:4:4:4:4:2
4:4:4:4:4:1:1:3:4:,recombination,12782.50310609532,4:4:4:4:4:0:0:1:4,4:2:4:4:4:0:0:1:4
2:1:4:4:4:2:2:3:2:,clone,15967.610613069734,2:1:4:4:4:2:2:3:2
4:2:4:4:4:4:4:4:3:,recombination,17360.82534042742,4:2:4:4:4:4:4:4:3,4:4:4:4:4:3:3:4:4
4:3:4:4:4:1:1:3:4:,clone,12365.39341322461,4:3:4:4:4:1:1:3:4
3:2:4:4:4:3:3:4:3:,recombination,15369.616567407826,3:2:4:4:4:2:2:2:3,4:3:4:4:4:2:3:4:4,MUTATE
4:2:4:4:4:3:4:4:4:,clone,16276.510130268422,4:2:4:4:4:3:3:4:4
4:2:4:4:4:2:2:4:4:,clone,13175.259806519196,4:2:4:4:4:2:2:4:4
4:4:4:4:4:2:3:4:4:,recombination,13885.075335843552,3:2:4:4:4:4:4:4:1,4:4:4:4:4:3:3:4:4,MUTATE
3:2:4:4:4:3:3:4:3:,clone,15112.061464768469,3:2:4:4:4:3:3:4:3
3:2:4:4:4:4:4:4:2:,recombination,15605.463192387831,4:2:4:4:4:4:4:4:2,4:4:4:4:4:0:0:0:4,MUTATE
4:2:4:4:4:3:3:4:4:,clone,14508.557914073333,4:2:4:4:4:3:3:4:4
3:2:4:4:4:3:4:4:2:,recombination,17308.47957864172,3:2:4:4:4:2:2:4:2,4:2:4:4:4:0:0:0:4,MUTATE
4:3:4:4:4:2:3:4:4:,recombination,12861.293578828438,4:4:4:4:4:2:3:4:4,3:2:4:4:4:0:1:1:4,MUTATE
2:2:4:4:4:4:4:4:1:,clone,16337.653455464993,2:2:4:4:4:4:4:4:1
4:4:4:4:4:0:0:1:4:,recombination,12389.508076428223,4:3:4:4:4:1:2:4:4,4:4:4:4:4:0:0:0:4
3:2:4:4:4:1:1:4:3:,recombination,13072.899032236934,2:2:4:4:4:0:1:2:2,3:2:4:4:4:1:1:1:4,MUTATE
4:3:4:4:4:2:3:4:4:,clone,12829.283354353764,4:3:4:4:4:2:3:4:4
4:3:4:4:4:3:4:4:4:,clone,15318.535883620978,4:3:4:4:4:3:4:4:4
4:2:4:4:4:2:2:4:4:,clone,12836.663877918028,4:2:4:4:4:2:2:4:4
4:3:4:4:4:0:0:0:4:,recombination,10893.643235421447,3:2:4:4:4:1:1:3:3,2:2:4:4:4:1:2:3:2,MUTATE
2:1:4:4:4:2:2:3:2:,clone,15940.928618005433,2:1:4:4:4:2:2:3:2
4:3:4:4:4:1:2:3:4:,clone,14329.965203286538,4:3:4:4:4:1:2:3:4
4:3:4:4:4:0:0:1:4:,recombination,11132.780087667912,3:2:4:4:4:0:1:1:4,4:2:4:4:4:2:2:4:4,MUTATE
4:3:4:4:4:3:4:4:4:,clone,15265.724872868628,4:3:4:4:4:3:4:4:4
4:2:4:4:4:4:4:4:3:,recombination,15937.092871049368,4:2:4:4:4:3:3:4:3,3:2:4:4:4:4:4:4:2
4:3:4:4:4:0:0:1:4:,clone,11116.30537803491,4:3:4:4:4:0:0:1:4
4:4:4:4:4:0:0:2:4:,recombination,11976.422279364677,4:4:4:4:4:0:0:0:4,3:2:4:4:4:0:1:1:3
4:3:4:4:4:1:1:3:4:,recombination,12322.223151704857,4:2:4:4:4:0:1:2:4,4:3:4:4:4:0:0:1:4,MUTATE
4:3:4:4:4:2:3:4:4:,clone,12576.334000575931,4:3:4:4:4:2:3:4:4
4:2:4:4:4:3:4:4:4:,clone,15705.860441933924,4:2:4:4:4:3:4:4:4
4:2:4:4:4:3:3:4:4:,clone,14394.038409278435,4:2:4:4:4:3:3:4:4
4:3:4:4:4:1:2:3:4:,clone,14245.258215809281,4:3:4:4:4:1:2:4:4
4:2:4:4:4:1:1:1:4:,recombination,12999.223674117022,3:2:4:4:4:1:1:1:3,2:2:4:4:4:1:2:3:2,MUTATE
4:2:4:4:4:1:2:2:4:,clone,12748.888044412566,4:2:4:4:4:1:2:2:4
4:2:4:4:4:3:4:4:4:,clone,15543.531835761352,4:2:4:4:4:3:4:4:4
4:3:4:4:4:1:1:3:4:,clone,12274.655766792428,4:3:4:4:4:1:1:3:4
4:4:4:4:4:0:1:3:4:,clone,12224.6766359028,4:4:4:4:4:0:1:3:4
4:2:4:4:4:3:4:4:4:,clone,15462.172229684009,4:3:4:4:4:3:4:4:4
4:2:4:4:4:2:3:3:4:,clone,15274.641628766007,3:2:4:4:4:2:2:3:3
4:3:4:4:4:0:1:2:4:,recombination,12290.910974493276,4:3:4:4:4:0:1:2:4,2:2:4:4:4:2:2:4:2
2:1:4:4:4:2:2:4:2:,clone,15940.928618005433,2:1:4:4:4:2:2:3:2
4:2:4:4:4:3:4:4:4:,clone,15272.931125183313,4:2:4:4:4:3:4:4:4
3:2:4:4:4:1:2:4:3:,recombination,12875.194777491897,3:2:4:4:4:1:2:4:3,2:2:4:4:4:3:3:4:2
4:4:4:4:4:0:0:1:4:,clone,12347.611808806805,4:4:4:4:4:0:0:1:4
2:2:4:4:2:4:4:4:1:,clone,16888.740261977222,3:2:4:4:2:4:4:4:1
4:4:4:4:4:2:3:4:4:,recombination,13843.033693737727,4:3:4:4:4:2:3:4:4,4:4:4:4:4:3:3:4:4,MUTATE
4:2:4:4:4:4:4:4:4:,recombination,15883.147269090243,2:2:4:4:2:4:4:4:1,4:4:4:4:4:1:1:4:4
4:3:4:4:4:0:1:2:4:,clone,11985.367404094395,4:3:4:4:4:0:0:2:4
4:4:4:4:4:1:1:3:4:,clone,12581.58413678951,4:4:4:4:4:0:1:3:4
3:2:4:4:2:4:4:4:1:,clone,17226.537755487403,3:2:4:4:2:4:4:4:1
4:3:4:4:4:4:4:4:4:,recombination,17158.52230750214,2:2:4:4:3:4:4:4:1,4:4:4:4:4:2:3:4:4
4:2:4:4:4:0:0:1:4:,recombination,11139.803330532333,4:2:4:4:4:1:1:4:4,4:3:4:4:4:0:0:0:4,MUTATE
4:3:4:4:4:0:1:2:4:,recombination,11737.787022797213,4:3:4:4:4:0:1:2:4,4:3:4:4:4:0:1:2:4
3:2:4:4:4:3:3:4:2:,clone,14703.602497603131,3:2:4:4:4:3:3:4:2
4:2:4:4:4:3:4:4:4:,clone,15238.816524150314,4:2:4:4:4:3:4:4:4
2:2:4:4:4:3:4:4:2:,clone,18209.42996543086,2:2:4:4:4:3:4:4:2
3:2:4:4:2:4:4:4:1:,clone,16940.488415016844,3:2:4:4:2:4:4:4:1
4:4:4:4:4:2:3:4:4:,clone,13833.419739928619,4:4:4:4:4:2:3:4:4
4:2:4:4:4:0:1:1:4:,recombination,11779.21952621233,4:2:4:4:4:1:2:2:4,2:2:4:4:4:1:1:3:2
4:3:4:4:4:0:1:2:4:,clone,11509.428430818294,4:3:4:4:4:0:1:2:4
3:2:4:4:2:4:4:4:1:,clone,16890.688011820886,3:2:4:4:2:4:4:4:1
4:2:4:4:4:3:4:4:4:,clone,14684.17516026933,4:2:4:4:4:3:4:4:4
4:3:4:4:4:3:4:4:4:,recombination,14971.653774051425,4:2:4:4:4:3:4:4:4,4:2:4:4:4:1:1:4:4,MUTATE
2:2:4:4:1:4:4:4:0:,recombination,16211.976240919166,2:2:4:4:3:4:4:4:1,4:3:4:4:4:1:1:3:4
4:3:4:4:4:0:1:1:4:,clone,12188.982561736613,4:3:4:4:4:0:1:1:4
4:3:4:4:4:1:2:3:4:,recombination,13846.578468537145,4:2:4:4:4:0:1:1:4,4:3:4:4:4:1:1:3:4,MUTATE
4:4:4:4:4:0:1:4:4:,recombination,11778.166804487239,4:4:4:4:4:0:1:2:4,4:3:4:4:4:1:2:4:4,MUTATE
4:3:4:4:4:3:3:4:4:,recombination,14184.628492377042,3:2:4:4:4:1:1:3:3,4:2:4:4:4:3:4:4:4
4:4:4:4:4:0:1:4:4:,clone,11648.078973755823,4:4:4:4:4:0:1:4:4
4:4:4:4:4:0:0:3:4:,clone,12157.471684066384,4:4:4:4:4:0:0:3:4
4:2:4:4:4:3:3:4:4:,clone,14223.933374169343,4:2:4:4:4:3:3:4:4
4:3:4:4:4:0:1:3:4:,recombination,11950.077847556273,3:2:4:4:4:1:2:3:3,4:3:4:4:4:0:0:1:4
3:2:4:4:4:3:3:4:3:,clone,14698.960129301046,3:2:4:4:4:2:2:4:3
4:3:4:4:4:0:1:2:4:,clone,11492.81028656242,4:3:4:4:4:0:1:2:4
4:2:4:4:4:2:2:2:4:,clone,15000.532627770868,4:2:4:4:4:2:3:3:4
4:3:4:4:4:0:1:3:4:,clone,11570.023573673474,4:3:4:4:4:0:1:2:4
4:2:4:4:4:3:3:4:4:,clone,14106.828149253426,4:2:4:4:4:3:4:4:4
2:2:4:4:2:4:4:4:1:,recombination,15997.875744578256,2:2:4:4:2:4:4:4:1,2:2:4:4:1:4:4:4:0,MUTATE
4:3:4:4:4:0:1:3:4:,clone,11534.306516631592,4:3:4:4:4:0:1:3:4
2:2:4:4:2:4:4:4:1:,clone,15813.82241007485,2:2:4:4:2:4:4:4:1
4:2:4:4:4:1:2:2:4:,recombination,12579.929009188552,4:2:4:4:4:1:2:2:4,2:2:4:4:4:0:1:1:3,MUTATE
4:3:4:4:4:0:1:2:4:,recombination,11457.570643991663,4:3:4:4:4:0:0:1:4,4:2:4:4:4:1:1:3:4
4:2:4:4:4:3:3:4:4:,recombination,13796.267457152278,4:2:4:4:4:3:3:4:4,2:2:4:4:4:3:3:4:2
4:3:4:4:4:1:1:3:4:,clone,11643.955256782301,4:3:4:4:4:1:1:3:4
4:3:4:4:4:1:1:2:4:,clone,11457.570643991663,4:3:4:4:4:1:1:2:4
4:4:4:4:4:2:1:4:4:,clone,15800.038531307211,4:4:4:4:4:2:1:4:4
4:2:4:4:4:1:2:4:3:,clone,13267.591351755944,4:2:4:4:4:1:2:4:3
4:2:4:4:4:3:3:4:3:,clone,14442.570408740887,4:2:4:4:4:3:3:4:3
4:2:4:4:4:1:2:4:3:,recombination,13266.734537311131,4:3:4:4:4:0:0:0:4,3:2:4:4:4:1:2:4:3,MUTATE
4:2:4:4:4:3:3:4:3:,clone,14059.462469068621,4:2:4:4:4:3:3:4:3
3:2:4:4:3:4:4:4:1:,clone,16580.695376165782,3:2:4:4:3:4:4:4:1
2:2:4:4:4:2:3:4:2:,recombination,14232.446135585007,3:2:4:4:4:0:0:0:4,3:2:4:4:4:1:2:2:3,MUTATE
4:2:4:4:4:3:3:4:3:,recombination,13444.691451126544,4:3:4:4:4:3:3:4:4,4:4:4:4:4:2:3:4:4,MUTATE
3:2:4:4:4:3:3:4:3:,recombination,14437.223200362363,3:2:4:4:4:1:2:4:3,4:3:4:4:4:2:3:4:4
1:2:4:4:2:4:4:4:0:,recombination,17719.364606708907,4:2:4:4:4:3:4:4:4,2:1:4:4:4:2:2:3:2,MUTATE
4:2:4:4:4:3:4:4:4:,recombination,14378.253802681533,4:2:4:4:4:3:3:4:3,4:4:4:4:4:2:2:4:4
4:2:4:4:4:4:4:4:3:,clone,15572.888401059667,4:2:4:4:4:3:4:4:3
1:2:4:4:0:4:4:4:0:,clone,16996.20937144375,1:2:4:4:0:4:4:4:0
4:2:4:4:4:3:4:4:3:,clone,14774.121163920478,4:2:4:4:4:3:4:4:3
2:2:4:4:2:4:4:4:1:,clone,15630.736072967718,2:2:4:4:2:4:4:4:1
4:2:4:4:4:1:2:4:4:,recombination,11617.02037651429,3:2:4:4:4:2:3:4:3,2:2:4:4:4:0:0:1:3
4:2:4:4:4:4:4:4:3:,clone,15430.470924783283,4:2:4:4:4:4:4:4:3
3:2:4:4:4:0:1:2:3:,clone,12885.44030784452,3:2:4:4:4:0:1:2:3
3:2:4:4:4:3:4:4:2:,recombination,16983.247314912875,4:3:4:4:4:1:2:4:4,3:2:4:4:4:0:1:2:3,MUTATE
4:2:4:4:4:1:1:4:4:,clone,11625.039462055403,4:2:4:4:4:1:2:4:4
4:2:4:4:4:3:4:4:3:,clone,14754.427084117422,4:2:4:4:4:4:4:4:3
3:2:4:4:4:1:1:4:3:,recombination,13049.866266468798,2:2:4:4:4:1:2:3:2,3:2:4:4:4:1:1:3:3,MUTATE
4:2:4:4:4:1:2:4:3:,clone,12994.954482532643,3:2:4:4:4:1:2:4:3
4:2:4:4:4:2:2:4:3:,clone,13248.694451035315,4:2:4:4:4:1:2:4:3
3:2:4:4:4:1:1:4:3:,recombination,13009.78620374028,2:2:4:4:4:1:1:2:2,3:2:4:4:4:1:1:4:3
4:2:4:4:4:3:4:4:3:,clone,14328.034991495068,4:2:4:4:4:3:4:4:3
4:2:4:4:4:4:4:4:3:,clone,15052.020971632672,4:2:4:4:4:4:4:4:3
3:2:4:4:3:4:4:4:1:,clone,16151.764840283475,3:2:4:4:3:4:4:4:1
3:2:4:4:4:3:4:4:2:,clone,14534.838836491206,3:2:4:4:4:3:4:4:2
4:2:4:4:4:1:1:4:4:,recombination,11609.23180878055,4:2:4:4:4:3:3:4:3,3:2:4:4:4:0:1:2:3
3:2:4:4:4:2:3:4:2:,clone,13935.746162090125,3:2:4:4:4:2:3:4:2
2:2:4:4:2:4:4:4:0:,recombination,17621.78703987623,3:2:4:4:4:0:1:1:3,4:3:4:4:4:2:2:4:4,MUTATE
2:2:4:4:3:4:4:4:1:,clone,15833.839595187203,2:2:4:4:2:4:4:4:1
3:2:4:4:4:4:4:4:2:,clone,15280.444112958043,3:2:4:4:4:4:4:4:2
3:2:4:4:4:3:4:4:2:,clone,14382.733315873546,3:2:4:4:4:3:4:4:2
1:2:4:4:2:4:4:4:0:,clone,17655.323002235888,1:2:4:4:2:4:4:4:0
2:2:4:4:4:3:4:4:1:,recombination,15449.109508073072,3:2:4:4:4:0:0:0:4,3:2:4:4:4:1:2:2:3,MUTATE
3:2:4:4:4:4:4:4:2:,clone,15249.690396236922,3:2:4:4:4:4:4:4:2
3:2:4:4:4:3:4:4:3:,recombination,16670.29780065916,4:4:4:4:4:1:1:4:4,2:1:4:4:4:2:2:2:2,MUTATE
3:2:4:4:3:4:4:4:1:,clone,16093.619912321716,3:2:4:4:3:4:4:4:1
4:2:4:4:4:2:3:4:3:,recombination,12875.611050251926,3:2:4:4:4:2:3:4:3,3:2:4:4:4:3:3:4:2,MUTATE
3:2:4:4:4:4:4:4:2:,recombination,14994.965247383241,4:2:4:4:4:3:3:4:4,4:2:4:4:4:1:1:3:4
2:2:4:4:2:4:4:4:1:,clone,15431.820885531974,2:2:4:4:2:4:4:4:1
4:3:4:4:4:4:4:4:4:,recombination,16626.89053158522,4:2:4:4:4:0:0:1:4,4:4:4:4:4:2:3:4:4
4:3:4:4:4:4:4:4:4:,recombination,16388.139786356664,4:3:4:4:4:3:4:4:4,4:3:4:4:4:2:2:4:4,MUTATE
4:2:4:4:4:0:0:1:4:,recombination,10800.660629116233,4:2:4:4:4:0:1:1:4,3:2:4:4:4:0:1:2:3,MUTATE
3:2:4:4:3:4:4:4:1:,clone,16064.991664080742,3:2:4:4:3:4:4:4:1
3:2:4:4:4:2:2:4:2:,clone,13591.546625635405,3:2:4:4:4:2:2:4:2
4:2:4:4:4:2:3:3:4:,clone,15098.197858256759,4:2:4:4:4:2:2:3:4
2:2:4:4:1:4:4:4:0:,clone,15608.335236581215,2:2:4:4:1:4:4:4:0
2:2:4:4:1:4:4:4:0:,recombination,15431.820885531974,2:2:4:4:2:4:4:4:1,2:2:4:4:3:4:4:4:1
1:2:4:4:4:3:4:4:1:,recombination,19391.115873086062,2:2:4:4:4:3:4:4:2,3:2:4:4:4:0:1:1:4,MUTATE
3:2:4:4:4:3:4:4:3:,recombination,16525.69927507497,2:2:4:4:4:3:3:4:2,4:2:4:4:4:2:3:4:3,MUTATE
3:2:4:4:2:4:4:4:1:,clone,15865.42812883569,2:2:4:4:2:4:4:4:1
2:2:4:4:4:3:3:4:1:,recombination,16280.867280827219,4:4:4:4:4:2:2:4:4,3:2:4:4:4:2:2:4:2
2:2:4:4:3:4:4:4:0:,recombination,17453.04568600481,3:2:4:4:4:0:0:0:4,4:3:4:4:4:1:1:4:4,MUTATE
3:2:4:4:4:1:2:4:2:,recombination,14046.977384538535,2:2:4:4:4:1:1:2:2,3:2:4:4:4:0:0:0:4,MUTATE
4:2:4:4:4:2:2:4:4:,clone,12349.386133497053,4:2:4:4:4:1:2:4:4
4:3:4:4:4:4:4:4:4:,clone,16227.973755149673,4:3:4:4:4:4:4:4:4
2:2:4:4:2:4:4:4:0:,clone,16994.627651252966,2:2:4:4:2:4:4:4:0
3:2:4:4:4:2:2:4:2:,recombination,13304.025676526036,4:2:4:4:4:2:2:4:3,3:2:4:4:4:2:3:4:2,MUTATE
2:2:4:4:3:4:4:4:0:,recombination,16851.678948878754,4:3:4:4:4:1:1:4:4,3:2:4:4:2:4:4:4:1,MUTATE
4:3:4:4:4:4:4:4:4:,recombination,15876.31145110987,4:3:4:4:4:3:4:4:4,4:4:4:4:4:1:1:4:4
4:2:4:4:4:1:1:4:4:,recombination,11448.742135816776,3:2:4:4:4:0:1:2:3,3:2:4:4:4:1:2:1:3,MUTATE
4:2:4:4:4:2:2:3:4:,clone,15225.174729460652,4:2:4:4:4:2:3:3:4
2:2:4:4:3:4:4:4:0:,clone,16754.088163504275,2:2:4:4:3:4:4:4:0
4:3:4:4:4:0:1:4:4:,clone,11139.362717492435,4:2:4:4:4:1:1:4:4
4:2:4:4:4:3:4:4:2:,recombination,15903.777284914097,3:2:4:4:4:3:4:4:2,4:2:4:4:4:0:1:4:4,MUTATE
2:2:4:4:4:4:4:4:1:,recombination,16034.386895551801,3:2:4:4:4:0:0:0:4,3:2:4:4:4:3:3:4:3
4:2:4:4:4:0:1:3:4:,clone,11559.411639890865,4:2:4:4:4:0:1:3:4
2:2:4:4:3:4:4:4:0:,clone,16482.164398574103,2:2:4:4:3:4:4:4:0
4:2:4:4:4:2:2:4:4:,clone,12201.546966473177,4:2:4:4:4:1:2:4:4
4:3:4:4:4:4:3:4:4:,recombination,16487.51978978013,4:2:4:4:4:1:1:3:4,4:3:4:4:4:2:2:4:4,MUTATE
4:3:4:4:4:3:3:4:4:,recombination,13972.456674523348,4:3:4:4:4:0:1:3:4,2:2:4:4:4:2:2:4:2
4:2:4:4:4:2:2:4:3:,recombination,13221.651119610495,4:4:4:4:4:3:3:4:4,2:2:4:4:4:1:1:2:2
2:2:4:4:4:3:4:4:2:,recombination,16474.525262350275,4:2:4:4:4:3:3:4:4,3:2:4:4:4:2:3:3:3
4:2:4:4:4:2:2:3:4:,recombination,14857.529700294479,4:3:4:4:4:1:1:4:4,4:2:4:4:4:2:3:3:4
4:3:4:4:4:4:4:4:3:,recombination,18300.10515273539,4:4:4:4:4:1:2:4:4,4:3:4:4:4:1:2:4:4,MUTATE
2:2:4:4:4:2:3:4:2:,clone,13651.335755023454,2:2:4:4:4:2:3:4:2
3:2:4:4:4:3:3:4:2:,recombination,14618.283884235276,3:2:4:4:4:2:3:4:2,4:2:4:4:4:0:1:1:4,MUTATE
1:2:4:4:1:4:4:4:0:,clone,18789.719800687843,1:2:4:4:2:4:4:4:0
4:2:4:4:4:1:1:1:4:,clone,12972.738966527333,3:2:4:4:4:1:1:1:4
4:2:4:4:4:3:4:4:2:,recombination,15702.728380918927,4:3:4:4:4:3:3:4:4,4:3:4:4:4:3:4:4:4
2:2:4:4:4:4:4:4:0:,recombination,16870.470000292396,4:2:4:4:4:4:4:4:3,3:2:4:4:4:0:0:1:3
3:2:4:4:4:3:3:4:2:,clone,14473.67277362073,3:2:4:4:4:2:3:4:2
2:2:4:4:4:4:4:4:1:,recombination,15368.334997617452,4:2:4:4:4:4:4:4:3,3:2:4:4:4:3:3:4:2
3:2:4:4:4:2:3:4:2:,clone,13813.916547056499,3:2:4:4:4:2:3:4:2
3:2:4:4:4:3:3:4:2:,clone,14158.36704757773,3:2:4:4:4:3:3:4:2
2:2:4:4:4:3:3:4:1:,clone,15718.39458793442,2:2:4:4:4:3:3:4:1
3:2:4:4:4:3:3:4:2:,clone,13999.033756629884,3:2:4:4:4:2:3:4:2
4:3:4:4:4:4:4:4:3:,recombination,17580.498325264343,4:3:4:4:4:4:4:4:4,4:3:4:4:4:1:1:4:4
4:2:4:4:4:3:4:4:2:,recombination,15457.026076628801,3:2:4:4:4:0:0:0:4,2:2:4:4:4:1:2:3:2
2:2:4:4:0:4:4:4:0:,clone,15837.33274508874,2:2:4:4:1:4:4:4:0
4:2:4:4:3:4:4:4:2:,recombination,16671.99661186926,4:2:4:4:4:4:4:4:2,4:3:4:4:4:4:4:4:4,MUTATE
3:2:4:4:4:3:3:4:3:,recombination,14359.583608395365,3:2:4:4:4:2:3:4:2,3:2:4:4:4:2:2:4:3,MUTATE
3:2:4:4:1:4:4:4:1:,clone,16732.671687732738,3:2:4:4:1:4:4:4:1
2:2:4:4:2:4:4:4:0:,recombination,15952.14393769374,3:2:4:4:2:4:4:4:1,4:3:4:4:4:3:4:4:4
3:2:4:4:4:3:4:4:1:,recombination,13920.849889665333,2:2:4:4:2:4:4:4:0,2:2:4:4:4:1:1:1:3
1:2:4:4:1:4:4:4:0:,clone,18288.34582060588,1:2:4:4:1:4:4:4:0
2:2:4:4:4:3:3:4:2:,clone,14811.536814264737,2:2:4:4:4:3:3:4:2
1:2:4:4:3:4:4:4:0:,clone,18395.099150197057,2:2:4:4:4:4:4:4:1
2:2:4:4:4:3:3:4:2:,clone,14776.457689662895,2:2:4:4:4:3:3:4:2
1:2:4:4:4:4:4:4:0:,recombination,18116.187425791013,3:2:4:4:4:1:1:3:3,1:2:4:4:1:4:4:4:0,MUTATE
4:3:4:4:4:4:4:4:3:,recombination,16613.82649996683,3:2:4:4:4:1:2:4:3,4:3:4:4:4:4:4:4:3,MUTATE
2:2:4:4:4:4:4:4:1:,clone,15300.332867412311,2:2:4:4:4:4:4:4:1
2:2:4:4:2:4:4:4:0:,clone,15822.286502803807,2:2:4:4:2:4:4:4:0
2:2:4:4:4:4:4:4:0:,recombination,16844.70217069582,3:2:4:4:4:1:1:4:3,4:2:4:4:4:3:3:4:4,MUTATE
3:2:4:4:4:3:4:4:3:,recombination,15570.20074069117,3:2:4:4:4:1:1:1:4,4:3:4:4:4:0:0:3:4,MUTATE
1:2:4:4:1:4:4:4:0:,clone,17134.182973139614,1:2:4:4:1:4:4:4:0
2:2:4:4:4:4:4:4:0:,recombination,16677.01715917068,1:2:4:4:4:2:3:4:1,3:2:4:4:3:4:4:4:1,MUTATE
2:2:4:4:4:4:4:4:0:,recombination,16498.581141044247,4:2:4:4:4:3:4:4:4,2:2:4:4:4:3:4:4:1
2:2:4:4:4:3:4:4:1:,clone,14720.09695544235,2:2:4:4:4:3:4:4:1
2:2:4:4:1:4:4:4:1:,clone,18247.62375774423,2:2:4:4:1:4:4:4:1
4:2:4:4:4:3:4:4:3:,recombination,14312.909827862597,3:2:4:4:4:0:1:1:4,4:3:4:4:4:0:1:1:4,MUTATE
2:2:4:4:3:4:4:4:0:,recombination,16338.274283666453,3:2:4:4:4:0:1:1:3,2:2:4:4:4:3:3:4:1,MUTATE
4:2:4:4:4:4:4:4:2:,clone,15560.251334196691,4:2:4:4:4:4:4:4:2
4:2:4:4:4:3:4:4:2:,clone,14796.244829797259,4:2:4:4:4:3:4:4:3
4:2:4:4:4:3:4:4:2:,clone,14698.200439353808,4:2:4:4:4:3:4:4:2
2:2:4:4:4:4:4:4:0:,clone,16109.335194478923,2:2:4:4:4:4:4:4:0
2:2:4:4:1:4:4:4:1:,recombination,16312.949824307203,4:3:4:4:4:1:1:3:4,4:2:4:4:4:0:1:1:4,MUTATE
2:2:4:4:3:4:4:4:0:,clone,16237.663762988335,2:2:4:4:3:4:4:4:0
4:2:4:4:4:1:1:1:4:,clone,12734.243296066263,4:2:4:4:4:1:1:1:4
2:2:4:4:4:3:4:4:1:,clone,14142.220711548829,2:2:4:4:4:3:4:4:1
4:3:4:4:4:4:3:4:4:,clone,16147.764638244695,4:3:4:4:4:4:3:4:4
4:3:4:4:4:4:3:4:4:,clone,16130.032565503703,4:3:4:4:4:4:3:4:4
2:2:4:4:4:3:4:4:1:,clone,14048.106188337348,2:2:4:4:4:3:4:4:1
2:2:4:4:4:4:4:4:2:,recombination,17482.29626061774,3:2:4:4:4:1:2:1:4,3:2:4:4:4:3:3:4:2,MUTATE
2:2:4:4:4:3:3:4:1:,recombination,15257.693215560781,2:2:4:4:4:3:4:4:1,4:2:4:4:4:2:2:3:4,MUTATE
2:1:4:4:1:4:4:4:0:,recombination,17385.87854085288,3:2:4:4:4:2:2:4:3,2:2:4:4:4:1:2:4:2
3:2:4:4:4:3:4:4:3:,clone,14739.775209652393,3:2:4:4:4:3:4:4:2
3:2:4:4:4:3:4:4:3:,recombination,14319.196458227974,4:2:4:4:4:2:2:4:3,3:2:4:4:4:3:4:4:3
2:2:4:4:3:4:4:4:0:,recombination,16203.125701942223,4:2:4:4:4:3:4:4:4,4:2:4:4:4:3:4:4:4,MUTATE
2:2:4:4:3:4:4:4:0:,clone,16190.988024766959,2:2:4:4:3:4:4:4:0
1:2:4:4:4:3:4:4:1:,clone,19068.226752105387,1:2:4:4:4:3:4:4:1
3:2:4:4:4:3:3:4:1:,recombination,15534.92803542438,4:2:4:4:4:0:1:1:4,4:3:4:4:4:1:1:4:4,MUTATE
4:2:4:4:4:4:4:4:3:,recombination,14902.091112930673,4:3:4:4:4:3:4:4:4,4:4:4:4:4:2:2:4:4,MUTATE
2:1:4:4:4:3:4:4:1:,recombination,16600.70832122408,3:2:4:4:4:1:1:4:3,4:2:4:4:4:0:1:2:4,MUTATE
1:1:4:4:0:4:4:4:0:,recombination,19356.657804549057,4:2:4:4:4:3:3:4:4,2:2:4:4:4:4:4:4:2,MUTATE
1:2:4:4:4:4:4:4:0:,recombination,17360.963993419547,3:2:4:4:2:4:4:4:1,4:2:4:4:4:0:1:3:4,MUTATE
1:1:4:4:0:4:4:4:0:,clone,18889.391904244338,1:1:4:4:0:4:4:4:0
3:2:4:4:4:4:4:4:3:,clone,17256.139719426174,3:2:4:4:4:4:4:4:3
1:2:4:4:3:4:4:4:0:,clone,18026.128527966845,1:2:4:4:3:4:4:4:0
1:2:4:4:3:4:4:4:0:,clone,17718.12949528462,1:2:4:4:3:4:4:4:0
3:2:4:4:4:4:4:4:3:,clone,16830.09199824234,3:2:4:4:4:4:4:4:3
3:2:4:4:4:4:4:4:3:,recombination,16726.846953525914,3:2:4:4:4:4:4:4:3,4:3:4:4:4:0:1:2:4
3:2:4:4:4:4:4:4:1:,recombination,15035.290157372334,3:2:4:4:4:3:3:4:1,3:2:4:4:4:3:3:4:1,MUTATE
4:2:4:4:4:2:2:4:3:,recombination,12691.519795622135,4:3:4:4:4:2:2:4:4,1:2:4:4:4:3:4:4:1
2:2:4:4:3:4:4:4:0:,clone,16027.584121611953,2:2:4:4:3:4:4:4:0
4:2:4:4:4:4:4:4:2:,recombination,15096.785811070587,4:2:4:4:4:4:4:4:3,4:3:4:4:4:4:4:4:3
2:2:4:4:3:4:4:4:0:,clone,15918.163143661586,2:2:4:4:3:4:4:4:0
2:2:4:4:3:4:4:4:0:,clone,15863.337667102274,2:2:4:4:3:4:4:4:0
2:2:4:4:3:4:4:4:0:,clone,15707.262696153846,2:2:4:4:3:4:4:4:0
1:2:4:4:2:4:4:4:0:,clone,17283.316865251767,1:2:4:4:2:4:4:4:0
2:2:4:4:3:4:4:4:0:,clone,15646.918186755212,2:2:4:4:3:4:4:4:0
2:2:4:4:0:4:4:4:0:,clone,15585.386978198743,2:2:4:4:0:4:4:4:0
4:4:4:4:4:0:1:1:4:,recombination,13227.070125670034,4:4:4:4:4:3:2:4:4,4:3:4:4:4:2:3:4:4,MUTATE
4:2:4:4:4:4:4:4:4:,recombination,15772.398891552706,4:2:4:4:4:4:4:4:3,4:3:4:4:4:1:1:4:4
4:2:4:4:4:4:4:4:4:,clone,15527.387570544088,4:2:4:4:4:4:4:4:4
4:2:4:4:4:3:3:4:2:,recombination,16044.547908229491,4:3:4:4:4:0:1:3:4,2:2:4:4:4:3:3:4:1,MUTATE
4:4:4:4:4:0:0:0:4:,clone,11999.621144372028,4:4:4:4:4:0:0:0:4
4:2:4:4:4:3:3:4:2:,clone,15960.039900027094,4:2:4:4:4:3:3:4:2
4:4:4:4:4:0:0:1:4:,clone,12050.132086284566,4:4:4:4:4:0:0:1:4
4:4:4:4:4:0:0:1:4:,clone,11889.659088373826,4:4:4:4:4:0:0:1:4
4:4:4:4:4:0:0:2:4:,clone,11889.659088373826,4:4:4:4:4:0:0:1:4
2:2:4:4:4:3:4:4:2:,recombination,16441.9500020153,4:3:4:4:4:3:3:4:4,2:2:4:4:4:1:1:1:3
4:4:4:4:4:0:0:3:4:,clone,12127.943398133213,4:4:4:4:4:0:0:2:4
4:3:4:4:4:3:4:4:4:,recombination,14806.797112849341,4:4:4:4:4:3:3:4:4,4:2:4:4:4:1:2:2:4,MUTATE
1:2:4:4:0:4:4:4:0:,clone,16594.3913007096,1:2:4:4:0:4:4:4:0
4:2:4:4:4:2:2:3:4:,clone,14834.24538508202,4:2:4:4:4:2:2:3:4
4:3:4:4:4:4:4:4:4:,clone,15650.911210419705,4:3:4:4:4:3:4:4:4
4:3:4:4:4:4:4:4:4:,clone,15538.045078143143,4:3:4:4:4:3:4:4:4
1:2:4:4:4:4:4:4:0:,clone,16340.656372752877,1:2:4:4:4:4:4:4:0
4:4:4:4:4:0:0:0:4:,clone,11585.263915508596,4:2:4:4:4:3:4:4:4
4:3:4:4:4:4:4:4:3:,recombination,16528.724825858935,4:2:4:4:4:3:4:4:2,4:3:4:4:4:3:4:4:4
4:2:4:4:4:1:2:3:4:,clone,12111.582363778847,4:2:4:4:4:1:2:3:4
1:1:4:4:0:4:4:4:0:,clone,17973.296390013795,4:2:4:4:4:2:2:4:4
1:1:4:4:0:4:4:4:0:,recombination,17645.941249474785,1:2:4:4:4:4:4:4:0,4:4:4:4:4:0:0:2:4,MUTATE
1:1:4:4:4:4:4:4:0:,clone,18202.53764248124,1:1:4:4:4:4:4:4:0
4:2:4:4:4:1:2:3:4:,clone,12044.964071405338,4:2:4:4:4:1:2:3:4
1:1:4:4:4:4:4:4:0:,clone,17637.77412102283,1:1:4:4:4:4:4:4:0
1:2:4:4:4:3:3:4:1:,recombination,17062.038466889422,4:3:4:4:4:3:4:4:4,4:4:4:4:4:2:3:4:4
1:1:4:4:4:4:4:4:0:,recombination,17620.632901750465,4:4:4:4:4:3:3:4:4,4:4:4:4:4:2:3:4:4
1:1:4:4:4:4:4:4:0:,clone,17365.3773847781,1:1:4:4:4:4:4:4:0
1:1:4:4:4:4:4:4:0:,clone,16996.489524619916,1:1:4:4:4:4:4:4:0
1:1:4:4:3:4:4:4:0:,recombination,17743.03798050536,4:4:4:4:4:2:3:4:4,4:2:4:4:4:1:1:2:4
1:1:4:4:4:4:4:4:0:,clone,16914.744576601137,1:1:4:4:4:4:4:4:0
1:1:4:4:4:4:4:4:0:,clone,16840.63807900173,1:1:4:4:4:4:4:4:0
2:1:4:4:4:4:4:4:1:,recombination,18591.83717811497,4:3:4:4:4:1:2:4:4,1:1:4:4:4:4:4:4:0,MUTATE
1:2:4:4:4:3:3:4:1:,recombination,16994.93658962511,3:2:4:4:4:0:0:0:4,2:1:4:4:4:2:3:4:2
4:4:4:4:4:0:1:3:4:,recombination,12099.84690403147,4:4:4:4:4:0:1:1:4,4:2:4:4:4:0:0:1:4,MUTATE
4:4:4:4:4:0:0:0:4:,clone,11574.65221535369,4:4:4:4:4:0:0:0:4
4:4:4:4:4:0:0:1:4:,clone,11873.272532383577,4:4:4:4:4:0:0:1:4
4:4:4:4:4:1:1:2:4:,clone,12766.016594789597,4:4:4:4:4:1:1:2:4
4:4:4:4:4:0:0:1:4:,clone,11855.556200036708,4:4:4:4:4:0:0:1:4
4:2:4:4:4:4:4:4:4:,recombination,15445.610792807021,4:2:4:4:4:2:3:4:3,3:2:4:4:4:1:1:4:3
2:1:4:4:4:4:4:4:1:,recombination,17308.86474570043,4:2:4:4:4:1:1:3:4,2:2:4:4:4:3:3:4:1,MUTATE
3:2:4:4:0:4:4:4:1:,recombination,17190.62540421848,3:2:4:4:4:3:4:4:3,2:2:4:4:4:4:4:4:0
3:2:4:4:3:4:4:4:1:,clone,16052.812140448475,3:2:4:4:3:4:4:4:1
2:2:4:4:4:4:4:4:2:,recombination,16144.24584010784,2:2:4:4:4:3:3:4:1,3:2:4:4:4:1:2:4:3
3:2:4:4:3:4:4:4:1:,recombination,15674.221721625441,3:2:4:4:4:4:4:4:2,3:2:4:4:4:0:0:1:3,MUTATE
2:2:4:4:2:4:4:4:0:,recombination,15769.729779946503,1:2:4:4:3:4:4:4:0,3:2:4:4:4:4:4:4:2
2:2:4:4:3:4:4:4:1:,recombination,15460.510354175187,3:2:4:4:3:4:4:4:1,3:2:4:4:4:1:1:2:3,MUTATE
4:3:4:4:4:4:3:4:4:,recombination,15887.05690261527,4:4:4:4:4:2:3:4:4,4:2:4:4:4:0:1:0:4
3:2:4:4:3:4:4:4:1:,clone,15192.459596229472,3:2:4:4:3:4:4:4:1
3:2:4:4:3:4:4:4:1:,clone,15038.617730679069,3:2:4:4:3:4:4:4:1
2:2:4:4:2:4:4:4:0:,clone,15656.514295823259,2:2:4:4:2:4:4:4:0
2:2:4:4:4:3:4:4:2:,clone,16026.734446771925,2:2:4:4:4:3:4:4:2
2:2:4:4:3:4:4:4:1:,recombination,15008.270549956056,4:3:4:4:4:0:0:1:4,2:2:4:4:3:4:4:4:1
4:4:4:4:4:4:4:4:4:,recombination,17251.58813686187,2:2:4:4:4:3:4:4:1,4:4:4:4:4:0:1:1:4,MUTATE
4:2:4:4:4:4:4:4:4:,recombination,15347.087799917754,4:3:4:4:4:0:0:0:4,4:4:4:4:4:3:2:4:4,MUTATE
3:2:4:4:2:4:4:4:1:,clone,15541.8781514549,3:2:4:4:2:4:4:4:1
4:2:4:4:4:4:4:4:4:,clone,15292.230595915811,4:2:4:4:4:4:4:4:4
2:2:4:4:4:3:4:4:2:,recombination,15642.336669367343,3:2:4:4:4:3:4:4:1,2:2:4:4:4:4:4:4:2,MUTATE
2:2:4:4:4:4:4:4:1:,recombination,14889.540199024337,4:3:4:4:4:3:4:4:4,4:3:4:4:4:1:2:4:4,MUTATE
1:2:4:4:1:4:4:4:0:,recombination,17045.028865050495,4:2:4:4:4:2:3:4:4,2:2:4:4:2:4:4:4:1
2:2:4:4:4:3:4:4:2:,recombination,15301.339338435724,1:2:4:4:4:3:4:4:1,2:2:4:4:4:3:4:4:1
4:2:4:4:4:4:3:4:3:,clone,17962.300381005236,4:2:4:4:4:4:4:4:3
2:2:4:4:2:4:4:4:0:,recombination,15238.451805639666,4:4:4:4:4:2:2:4:4,3:2:4:4:4:0:1:1:3,MUTATE
2:2:4:4:4:4:4:4:0:,clone,15156.551992662711,2:2:4:4:4:4:4:4:0
2:2:4:4:4:4:4:4:0:,clone,15123.33162327977,2:2:4:4:4:4:4:4:0
3:2:4:4:1:4:4:4:1:,clone,15926.538775547284,3:2:4:4:1:4:4:4:1
4:4:4:4:4:4:3:4:4:,clone,17202.17743867997,4:4:4:4:4:4:3:4:4
4:4:4:4:4:4:3:4:4:,clone,16791.410209600464,4:4:4:4:4:4:3:4:4
4:4:4:4:4:4:3:4:4:,clone,16791.41020960046,4:4:4:4:4:4:3:4:4
2:2:4:4:1:4:4:4:1:,clone,16294.899440004367,3:2:4:4:1:4:4:4:1
3:2:4:4:1:4:4:4:1:,clone,15685.71889295356,3:2:4:4:1:4:4:4:1
4:4:4:4:4:4:3:4:4:,clone,16787.96401269577,4:4:4:4:4:4:3:4:4
4:2:4:4:4:4:4:4:4:,recombination,15289.373057024206,2:2:4:4:4:4:4:4:0,3:2:4:4:4:1:1:2:3,MUTATE
4:4:4:4:4:4:3:4:4:,recombination,16611.162798028603,4:2:4:4:4:0:1:0:4,4:4:4:4:4:0:0:1:4,MUTATE
4:2:4:4:4:4:4:4:3:,recombination,14873.569737865295,2:2:4:4:3:4:4:4:1,4:3:4:4:4:1:2:4:4
4:4:4:4:4:0:0:4:4:,recombination,13311.61168698207,3:2:4:4:4:1:1:3:3,4:3:4:4:4:0:0:1:4,MUTATE
4:3:4:4:4:4:4:4:3:,clone,16346.190188977478,4:3:4:4:4:4:4:4:3
4:3:4:4:4:4:4:4:4:,recombination,15522.615048315522,4:3:4:4:4:2:3:4:4,4:3:4:4:4:3:4:4:4
4:3:4:4:4:4:4:4:4:,recombination,15398.401634051359,4:3:4:4:4:4:4:4:4,4:2:4:4:4:1:1:3:4
4:3:4:4:4:4:4:4:2:,recombination,16730.71286994876,4:2:4:4:4:4:4:4:3,3:2:4:4:4:4:4:4:2,MUTATE
3:2:4:4:2:4:4:4:0:,clone,18310.062085279187,3:2:4:4:2:4:4:4:0
3:2:4:4:2:4:4:4:0:,clone,17997.83099739946,3:2:4:4:2:4:4:4:0
3:2:4:4:0:4:4:4:0:,clone,17000.883335201852,3:2:4:4:0:4:4:4:0
4:2:4:4:4:4:4:4:1:,recombination,16259.070007340517,4:3:4:4:4:4:3:4:4,4:2:4:4:4:0:1:2:4,MUTATE
3:2:4:4:2:4:4:4:0:,recombination,16684.643924624837,2:2:4:4:3:4:4:4:0,3:2:4:4:4:3:4:4:2
3:2:4:4:1:4:4:4:0:,clone,17417.781220434605,3:2:4:4:1:4:4:4:0
4:3:4:4:4:4:4:4:2:,clone,16614.042293811828,4:3:4:4:4:4:4:4:2
3:2:4:4:3:4:4:4:2:,clone,17969.648811411345,3:2:4:4:3:4:4:4:2
3:2:4:4:3:4:4:4:2:,clone,17860.655014055243,3:2:4:4:3:4:4:4:2
2:2:4:4:0:4:4:4:1:,recombination,18073.186245670942,3:2:4:4:4:3:4:4:3,2:2:4:4:4:3:3:4:2,MUTATE
4:2:4:4:1:4:4:4:1:,recombination,16940.993467456137,4:2:4:4:4:4:4:4:3,3:2:4:4:2:4:4:4:1,MUTATE
3:2:4:4:1:4:4:4:0:,recombination,16975.353222792553,4:4:4:4:4:3:3:4:4,3:2:4:4:1:4:4:4:0,MUTATE
3:2:4:4:0:4:4:4:0:,clone,16824.38224681349,3:2:4:4:0:4:4:4:0
4:2:4:4:2:4:4:4:1:,recombination,17767.999580306623,3:2:4:4:4:2:3:4:2,4:2:4:4:4:0:1:2:4
4:2:4:4:1:4:4:4:1:,clone,16507.145530580077,4:2:4:4:1:4:4:4:1
4:3:4:4:4:4:4:4:3:,clone,16194.21545630776,4:3:4:4:4:4:4:4:3
3:2:4:4:0:4:4:4:0:,clone,16757.040631297717,3:2:4:4:0:4:4:4:0
4:3:4:4:4:3:4:4:3:,recombination,17307.607191897278,4:4:4:4:4:2:3:4:4,4:3:4:4:4:2:3:4:4,MUTATE
3:2:4:4:1:4:4:4:0:,recombination,16961.538211473708,4:3:4:4:4:1:1:3:4,3:2:4:4:4:4:4:4:2
3:2:4:4:1:4:4:4:0:,recombination,16832.850630076467,4:3:4:4:4:4:4:4:3,3:2:4:4:4:4:4:4:2
3:2:4:4:2:4:4:4:0:,clone,16307.784153780205,3:2:4:4:2:4:4:4:0
2:2:4:4:4:4:4:4:1:,recombination,14439.307867750947,4:2:4:4:4:3:3:4:4,4:2:4:4:4:1:2:4:4
3:2:4:4:4:3:4:4:2:,clone,14310.801645258802,3:2:4:4:4:3:4:4:2
4:2:4:4:4:3:4:4:2:,recombination,14634.040951817024,1:1:4:4:3:4:4:4:0,4:2:4:4:4:1:2:4:4,MUTATE
1:1:4:4:0:4:4:4:0:,recombination,17269.936214219484,2:2:4:4:2:4:4:4:1,4:3:4:4:4:2:3:4:4,MUTATE
4:2:4:4:4:4:3:4:3:,recombination,17446.538716395473,4:2:4:4:4:4:3:4:3,3:2:4:4:3:4:4:4:1
4:2:4:4:4:4:3:4:4:,recombination,16369.878525676624,4:3:4:4:4:2:2:4:4,2:2:4:4:4:3:4:4:1,MUTATE
4:2:4:4:2:4:4:4:1:,clone,16730.71286994876,2:2:4:4:0:4:4:4:0
3:2:4:4:1:4:4:4:0:,clone,16645.469031381643,3:2:4:4:1:4:4:4:0
4:2:4:4:4:4:3:4:4:,clone,16329.078177096857,4:2:4:4:4:4:3:4:4
3:2:4:4:0:4:4:4:0:,recombination,16603.23695565588,4:2:4:4:4:2:3:4:4,1:2:4:4:2:4:4:4:0
3:2:4:4:1:4:4:4:0:,recombination,16442.11925119068,4:2:4:4:4:1:1:3:4,4:2:4:4:4:3:3:4:3,MUTATE
3:2:4:4:0:4:4:4:0:,clone,16479.226358403936,3:2:4:4:0:4:4:4:0
1:2:4:4:3:4:4:4:0:,recombination,16527.659508061035,2:2:4:4:4:0:1:2:2,2:2:4:4:4:3:4:4:2
3:2:4:4:3:4:4:4:2:,recombination,16676.38951240452,3:2:4:4:4:1:2:4:3,3:2:4:4:4:0:1:2:3
4:2:4:4:4:4:3:4:4:,recombination,16324.979867534885,2:2:4:4:4:4:4:4:1,4:3:4:4:4:2:2:4:4
4:2:4:4:2:4:4:4:1:,clone,16719.450135648975,4:2:4:4:2:4:4:4:1
4:2:4:4:2:4:4:4:1:,clone,16577.627315168967,4:2:4:4:2:4:4:4:1
4:2:4:4:4:4:3:4:4:,clone,16190.491791975079,4:2:4:4:4:4:3:4:4
1:1:4:4:0:4:4:4:0:,recombination,16951.788084082145,2:2:4:4:4:3:4:4:1,3:2:4:4:4:0:1:2:3,MUTATE
1:1:4:4:0:4:4:4:0:,clone,16874.349281480077,1:1:4:4:0:4:4:4:0
1:1:4:4:0:4:4:4:0:,clone,16642.485004795148,1:1:4:4:0:4:4:4:0
4:2:4:4:4:4:3:4:4:,clone,16179.164742076531,4:2:4:4:4:4:3:4:4
3:2:4:4:1:4:4:4:0:,recombination,16337.49349478276,4:4:4:4:4:4:3:4:4,2:2:4:4:2:4:4:4:0,MUTATE
4:3:4:4:4:3:4:4:3:,recombination,16299.876255356736,2:2:4:4:4:4:4:4:1,4:3:4:4:4:1:1:3:4,MUTATE
2:2:4:4:1:4:4:4:0:,recombination,15116.79881414373,4:2:4:4:4:3:4:4:3,4:3:4:4:4:4:4:4:4,MUTATE
2:1:4:4:0:4:4:4:0:,clone,16216.977803887405,2:1:4:4:0:4:4:4:0
2:2:4:4:1:4:4:4:1:,recombination,15817.1501591631,2:1:4:4:4:3:3:4:2,2:2:4:4:1:4:4:4:0,MUTATE
1:1:4:4:0:4:4:4:0:,clone,16611.61761081625,1:1:4:4:0:4:4:4:0
1:1:4:4:0:4:4:4:0:,clone,15735.922342264776,1:1:4:4:0:4:4:4:0
1:2:4:4:0:4:4:4:0:,clone,16400.475036513297,2:2:4:4:0:4:4:4:0
2:2:4:4:0:4:4:4:0:,recombination,15476.328840495555,3:2:4:4:4:1:2:4:3,2:2:4:4:4:4:4:4:0
1:2:4:4:0:4:4:4:0:,clone,16304.997440838706,1:2:4:4:0:4:4:4:0
1:2:4:4:0:4:4:4:0:,clone,16210.884405519497,1:2:4:4:0:4:4:4:0
1:2:4:4:0:4:4:4:0:,clone,16027.68805702151,1:2:4:4:0:4:4:4:0
4:2:4:4:4:3:3:4:2:,clone,15683.968731587205,4:2:4:4:4:3:4:4:3
1:1:4:4:3:4:4:4:0:,clone,17580.84301649418,1:1:4:4:3:4:4:4:0
1:2:4:4:4:3:4:4:1:,clone,16408.093097495144,1:2:4:4:4:3:4:4:1
1:2:4:4:4:3:4:4:1:,clone,16299.41197242351,1:2:4:4:4:3:4:4:1
1:1:4:4:3:4:4:4:0:,clone,17104.508259531587,1:1:4:4:3:4:4:4:0
1:2:4:4:4:3:4:4:1:,clone,16016.609683938683,2:2:4:4:4:4:4:4:1
1:1:4:4:3:4:4:4:0:,clone,16961.060873975133,1:2:4:4:3:4:4:4:0
1:2:4:4:3:4:4:4:0:,recombination,16137.619929198012,2:2:4:4:4:4:4:4:2,4:4:4:4:4:0:0:1:4,MUTATE
4:2:4:4:3:4:4:4:1:,recombination,16730.71286994876,3:2:4:4:4:0:0:0:4,3:2:4:4:4:0:1:1:4,MUTATE
3:2:4:4:4:4:4:4:1:,recombination,15033.993240069562,3:2:4:4:4:3:3:4:3,2:2:4:4:1:4:4:4:1
3:2:4:4:4:3:3:4:2:,clone,13705.791270133643,3:2:4:4:4:3:3:4:2
3:2:4:4:4:3:3:4:2:,recombination,13666.876539071967,4:2:4:4:4:2:2:4:4,3:2:4:4:4:3:3:4:3
4:2:4:4:4:3:3:4:2:,recombination,14384.228818753068,2:2:4:4:4:3:4:4:2,3:2:4:4:4:4:4:4:1
3:2:4:4:4:3:4:4:2:,clone,14283.728763664214,3:2:4:4:4:3:4:4:2
3:2:4:4:4:4:4:4:2:,recombination,14916.411045553117,4:3:4:4:4:1:1:3:4,4:3:4:4:4:0:1:1:4,MUTATE
4:2:4:4:4:4:4:4:2:,clone,14910.775306536001,4:2:4:4:4:4:4:4:2
3:2:4:4:4:4:4:4:2:,clone,14659.035494740927,3:2:4:4:4:4:4:4:2
4:2:4:4:4:3:4:4:2:,clone,14621.10112083023,4:2:4:4:4:3:4:4:2
4:2:4:4:4:3:4:4:2:,clone,14552.269614929275,4:2:4:4:4:3:4:4:2
4:2:4:4:4:4:4:4:2:,clone,14815.701536331084,4:2:4:4:4:4:4:4:2
2:2:4:4:3:4:4:4:0:,recombination,15620.640925453888,4:3:4:4:4:2:3:4:4,4:2:4:4:4:3:3:4:2,MUTATE
2:2:4:4:3:4:4:4:0:,clone,15587.177643832458,2:2:4:4:3:4:4:4:0
3:2:4:4:1:4:4:4:0:,recombination,16284.663023505202,3:2:4:4:3:4:4:4:1,4:3:4:4:4:2:3:4:4,MUTATE
2:2:4:4:0:4:4:4:1:,recombination,17960.8992657154,1:2:4:4:4:3:4:4:1,2:2:4:4:2:4:4:4:1,MUTATE
2:2:4:4:3:4:4:4:0:,clone,15431.82504295735,2:2:4:4:3:4:4:4:0
3:2:4:4:3:4:4:4:0:,recombination,16197.789384517182,4:4:4:4:4:3:3:4:4,4:3:4:4:4:2:3:4:4,MUTATE
2:2:4:4:0:4:4:4:1:,recombination,17822.831310707363,1:2:4:4:4:3:4:4:1,4:3:4:4:4:1:2:4:4,MUTATE
3:2:4:4:0:4:4:4:0:,clone,15339.658693361702,3:2:4:4:0:4:4:4:0
2:2:4:4:0:4:4:4:1:,recombination,17645.06992721807,1:2:4:4:4:3:4:4:1,4:2:4:4:4:2:3:4:4
3:2:4:4:0:4:4:4:1:,recombination,16234.108521719125,1:2:4:4:4:3:4:4:1,4:3:4:4:4:2:3:4:4,MUTATE
2:2:4:4:0:4:4:4:1:,clone,17516.235038725055,2:2:4:4:0:4:4:4:1
2:2:4:4:3:4:4:4:0:,clone,15265.88164586302,2:2:4:4:3:4:4:4:0
0:1:4:4:0:4:4:4:0:,recombination,19232.10957174201,4:2:4:4:4:4:3:4:4,4:2:4:4:4:4:3:4:3,MUTATE
1:2:4:4:3:4:4:4:1:,clone,18383.470585272393,1:2:4:4:1:4:4:4:0
0:2:4:4:0:4:4:4:0:,clone,19689.84732506697,2:2:4:4:2:4:4:4:0
1:1:4:4:2:4:4:4:0:,clone,18579.49460213322,1:1:4:4:2:4:4:4:0
1:2:4:4:2:4:4:4:0:,recombination,17206.900489092855,4:4:4:4:4:1:2:4:4,1:2:4:4:3:4:4:4:0,MUTATE
4:2:4:4:4:4:3:4:4:,clone,16062.453627977266,4:3:4:4:4:3:3:4:4
4:2:4:4:1:4:4:4:0:,clone,16730.71286994876,2:2:4:4:2:4:4:4:0
3:2:4:4:3:4:4:4:0:,recombination,15683.436221356144,4:2:4:4:4:4:4:4:1,3:2:4:4:4:3:3:4:2
4:2:4:4:3:4:4:4:1:,recombination,16553.36215962054,4:4:4:4:4:2:3:4:4,3:2:4:4:4:3:3:4:2
3:2:4:4:1:4:4:4:0:,recombination,15884.033847533066,4:4:4:4:4:0:0:1:4,4:2:4:4:4:3:4:4:4,MUTATE
4:2:4:4:3:4:4:4:2:,recombination,16611.144679353478,4:2:4:4:2:4:4:4:1,4:3:4:4:4:1:2:4:4
4:2:4:4:3:4:4:4:1:,recombination,16336.134954323119,3:2:4:4:4:3:3:4:2,3:2:4:4:4:3:3:4:3,MUTATE
3:2:4:4:3:4:4:4:2:,clone,16624.732550047298,3:2:4:4:3:4:4:4:2
3:2:4:4:3:4:4:4:2:,clone,16555.52700684095,3:2:4:4:3:4:4:4:2
3:2:4:4:1:4:4:4:1:,recombination,15332.733075647464,4:2:4:4:4:2:2:4:4,4:2:4:4:4:3:3:4:4
4:2:4:4:4:4:4:4:1:,recombination,15769.120018129897,4:2:4:4:4:3:4:4:4,3:2:4:4:4:4:4:4:2
4:3:4:4:4:4:4:4:4:,clone,14808.332459854411,4:3:4:4:4:4:4:4:4
4:3:4:4:4:4:4:4:4:,clone,14774.104479472802,4:3:4:4:4:4:4:4:4
3:2:4:4:3:4:4:4:0:,recombination,15267.450344951461,1:2:4:4:4:4:4:4:0,3:2:4:4:4:3:4:4:3,MUTATE
4:3:4:4:4:4:4:4:4:,clone,14416.216462128325,4:3:4:4:4:4:4:4:4
4:2:4:4:4:4:4:4:4:,recombination,14900.593246450868,3:2:4:4:0:4:4:4:0,4:3:4:4:4:4:4:4:4,MUTATE
2:2:4:4:0:4:4:4:0:,clone,15397.745652284671,2:2:4:4:0:4:4:4:0
2:2:4:4:0:4:4:4:0:,clone,15239.47756932467,2:2:4:4:0:4:4:4:0
2:2:4:4:0:4:4:4:0:,clone,15177.369591572191,2:2:4:4:0:4:4:4:0
1:2:4:4:0:4:4:4:0:,recombination,15848.568127198256,2:2:4:4:2:4:4:4:1,4:3:4:4:4:4:4:4:3,MUTATE
3:2:4:4:2:4:4:4:1:,recombination,15288.711199724808,2:2:4:4:0:4:4:4:0,4:3:4:4:4:0:1:3:4
2:2:4:4:2:4:4:4:1:,recombination,15241.73606851846,3:2:4:4:3:4:4:4:2,3:2:4:4:2:4:4:4:1,MUTATE
4:3:4:4:4:4:3:4:4:,recombination,15776.321896604637,2:2:4:4:1:4:4:4:1,4:2:4:4:4:1:1:4:4
1:2:4:4:0:4:4:4:0:,recombination,15767.251970769928,3:2:4:4:4:2:2:4:2,2:2:4:4:4:0:0:1:3,MUTATE
4:3:4:4:4:4:4:4:3:,recombination,16027.192529558968,4:2:4:4:4:4:4:4:3,4:2:4:4:4:4:3:4:4
4:3:4:4:4:4:4:4:3:,clone,15958.802636718736,4:3:4:4:4:4:4:4:3
4:2:4:4:3:4:4:4:2:,recombination,16601.48991373303,2:2:4:4:3:4:4:4:0,4:2:4:4:2:4:4:4:1
4:2:4:4:3:4:4:4:2:,recombination,16199.779438873311,4:4:4:4:4:3:3:4:4,4:2:4:4:1:4:4:4:0,MUTATE
3:2:4:4:2:4:4:4:0:,recombination,16089.255508415154,3:2:4:4:4:3:4:4:2,4:2:4:4:4:3:3:4:2,MUTATE
4:2:4:4:2:4:4:4:2:,recombination,16670.11945275133,3:2:4:4:1:4:4:4:0,2:2:4:4:1:4:4:4:1,MUTATE
3:2:4:4:2:4:4:4:2:,recombination,18314.048087823907,4:4:4:4:4:0:0:1:4,4:4:4:4:4:0:0:4:4
4:2:4:4:2:4:4:4:2:,recombination,16400.09201397027,4:2:4:4:2:4:4:4:2,4:2:4:4:4:3:4:4:2
4:2:4:4:1:4:4:4:2:,clone,16793.507730299712,4:2:4:4:1:4:4:4:2
3:2:4:4:4:4:4:4:0:,recombination,18104.9613334512,3:2:4:4:0:4:4:4:0,4:4:4:4:4:3:3:4:4
4:2:4:4:3:4:4:4:2:,clone,15876.941981834227,4:2:4:4:3:4:4:4:2
4:3:4:4:4:3:3:4:4:,recombination,13972.43525305035,3:2:4:4:4:2:3:4:3,4:2:4:4:4:4:3:4:3
4:3:4:4:4:3:3:4:4:,clone,13865.46066142415,4:3:4:4:4:3:3:4:4
4:3:4:4:4:3:3:4:4:,clone,13850.882188407637,4:3:4:4:4:3:3:4:4
4:2:4:4:1:4:4:4:1:,recombination,16125.555655713939,4:3:4:4:4:2:3:4:4,3:2:4:4:1:4:4:4:1
4:3:4:4:4:3:4:4:3:,recombination,16106.711850537522,4:3:4:4:4:0:1:2:4,1:1:4:4:4:4:4:4:0,MUTATE
4:2:4:4:4:4:3:4:3:,clone,15434.955238077862,4:2:4:4:4:3:3:4:4
3:2:4:4:4:4:4:4:2:,recombination,14639.163246597465,4:3:4:4:4:3:3:4:4,4:2:4:4:4:0:1:1:4
4:2:4:4:4:4:4:4:2:,recombination,14569.166531033074,4:4:4:4:4:1:1:2:4,3:2:4:4:4:4:4:4:2
4:2:4:4:4:3:4:4:4:,recombination,13726.951159775901,4:4:4:4:4:1:1:4:4,3:2:4:4:4:4:4:4:2,MUTATE
4:2:4:4:4:4:4:4:3:,recombination,14869.243949487476,4:2:4:4:4:4:4:4:2,4:2:4:4:4:3:4:4:2
4:2:4:4:4:4:4:4:3:,clone,14313.918173986689,4:2:4:4:4:4:4:4:3
4:2:4:4:4:4:4:4:2:,clone,14495.834604061127,4:2:4:4:4:4:4:4:2
4:2:4:4:4:3:3:4:4:,clone,13272.55191351008,4:3:4:4:4:3:3:4:4
4:3:4:4:4:3:3:4:4:,clone,13302.704143705481,4:2:4:4:4:3:3:4:4
1:1:4:4:4:3:4:4:1:,clone,18222.91688731278,4:2:4:4:4:4:4:4:3
1:1:4:4:4:4:4:4:1:,clone,18905.158759217426,1:1:4:4:4:4:4:4:1
3:2:4:4:4:2:3:4:3:,recombination,13317.133759454415,3:2:4:4:3:4:4:4:1,2:2:4:4:4:3:3:4:1,MUTATE
1:2:4:4:4:4:4:4:1:,recombination,18569.648779434316,2:1:4:4:4:4:4:4:1,1:1:4:4:4:4:4:4:1,MUTATE
3:2:4:4:4:4:4:4:3:,clone,15876.975044886622,4:2:4:4:4:3:3:4:3
3:2:4:4:4:3:3:4:3:,clone,14258.648173625394,3:2:4:4:4:3:3:4:3
3:2:4:4:4:3:3:4:3:,clone,14090.515423849482,3:2:4:4:4:3:3:4:3
4:2:4:4:4:3:3:4:3:,recombination,13434.93064127205,1:2:4:4:4:2:3:4:1,4:2:4:4:1:4:4:4:1
4:3:4:4:4:4:4:4:3:,recombination,15891.843324245703,4:2:4:4:4:3:4:4:3,4:2:4:4:4:1:1:3:4
4:3:4:4:4:4:4:4:3:,clone,15743.3206622138,4:3:4:4:4:4:4:4:3
4:3:4:4:4:3:4:4:3:,clone,15091.491881432677,4:3:4:4:4:4:4:4:3
4:3:4:4:4:3:4:4:3:,clone,14993.753065586769,4:3:4:4:4:3:4:4:3
4:4:4:4:4:3:2:4:4:,clone,14898.374545421146,4:4:4:4:4:2:2:4:4
4:3:4:4:4:4:3:4:4:,recombination,15442.057287616808,2:2:4:4:4:3:3:4:2,3:2:4:4:3:4:4:4:1,MUTATE
4:4:4:4:4:4:3:4:4:,recombination,16589.654508279167,1:1:4:4:0:4:4:4:0,4:2:4:4:4:4:4:4:3,MUTATE
2:2:4:4:2:4:4:4:0:,recombination,15074.858191731568,2:2:4:4:4:4:4:4:2,4:3:4:4:4:2:3:4:4,MUTATE
3:2:4:4:4:4:4:4:1:,recombination,14689.544416990531,2:2:4:4:2:4:4:4:0,4:4:4:4:4:0:0:0:4
3:2:4:4:4:4:4:4:1:,clone,14673.34486622644,2:2:4:4:4:4:4:4:1
3:2:4:4:4:4:4:4:1:,clone,14584.419794858564,3:2:4:4:4:4:4:4:1
4:2:4:4:4:4:4:4:4:,recombination,14551.71671453846,4:2:4:4:4:1:2:4:4,4:3:4:4:4:3:3:4:4
4:3:4:4:4:3:4:4:4:,recombination,14772.970420272304,4:2:4:4:4:4:4:4:4,4:2:4:4:4:1:2:4:4
1:1:4:4:4:3:4:4:1:,clone,17470.92180701812,1:2:4:4:4:3:3:4:1
1:2:4:4:4:4:4:4:1:,clone,17436.585174660064,1:1:4:4:4:3:4:4:1
1:2:4:4:4:4:4:4:1:,clone,17205.499274754515,1:2:4:4:4:4:4:4:1
1:1:4:4:2:4:4:4:0:,recombination,18117.090178701685,4:3:4:4:4:2:3:4:4,4:2:4:4:4:1:2:4:3
1:2:4:4:2:4:4:4:0:,clone,16498.90809922595,1:2:4:4:2:4:4:4:0
4:2:4:4:3:4:4:4:1:,recombination,16295.143049369603,4:2:4:4:4:0:1:2:4,1:2:4:4:3:4:4:4:0
4:2:4:4:3:4:4:4:1:,recombination,16188.823763642851,4:4:4:4:4:2:2:4:4,4:2:4:4:4:4:3:4:3
2:1:4:4:1:4:4:4:0:,clone,17058.530388890016,2:2:4:4:1:4:4:4:0
3:2:4:4:1:4:4:4:0:,clone,15864.669757017926,2:2:4:4:1:4:4:4:0
2:1:4:4:2:4:4:4:0:,clone,16801.783151499618,2:2:4:4:1:4:4:4:0
3:2:4:4:1:4:4:4:0:,recombination,15610.294513371971,4:2:4:4:4:3:4:4:4,2:2:4:4:2:4:4:4:0,MUTATE
3:2:4:4:1:4:4:4:0:,clone,15426.241178868568,3:2:4:4:1:4:4:4:0
4:2:4:4:3:4:4:4:1:,recombination,15852.714390265188,4:2:4:4:4:4:3:4:4,4:3:4:4:4:1:2:4:4
3:2:4:4:4:4:4:4:2:,clone,14252.831227349143,3:2:4:4:4:4:4:4:2
2:1:4:4:4:4:4:4:0:,clone,16486.25232495699,2:2:4:4:4:4:4:4:0
2:1:4:4:4:4:4:4:0:,clone,15882.245035117245,2:1:4:4:4:4:4:4:0
2:1:4:4:4:4:4:4:0:,recombination,15870.807720907449,3:2:4:4:4:3:3:4:2,4:2:4:4:4:0:1:2:4
3:2:4:4:4:4:4:4:0:,recombination,17143.293206894316,3:2:4:4:4:3:3:4:3,4:4:4:4:4:2:2:4:4,MUTATE
3:2:4:4:4:4:4:4:0:,clone,17124.856504269548,3:2:4:4:4:4:4:4:0
4:3:4:4:4:3:4:4:4:,clone,14681.134518244795,4:3:4:4:4:3:4:4:4
4:3:4:4:4:3:4:4:4:,clone,14395.50706696363,4:3:4:4:4:3:4:4:4
3:2:4:4:4:4:4:4:0:,clone,16231.70386455064,3:2:4:4:1:4:4:4:0
4:3:4:4:4:3:4:4:4:,clone,14225.028749769259,4:3:4:4:4:3:4:4:4
4:4:4:4:4:4:3:4:4:,recombination,16439.736223688207,4:2:4:4:4:3:4:4:4,1:2:4:4:4:2:3:4:1
4:4:4:4:4:4:3:4:4:,clone,16359.612249745767,4:4:4:4:4:4:3:4:4
4:2:4:4:4:4:3:4:3:,recombination,15284.472531532796,4:3:4:4:4:4:3:4:4,4:3:4:4:4:1:1:4:4,MUTATE
0:1:4:4:0:4:4:4:0:,clone,19174.111679259862,1:1:4:4:0:4:4:4:0
2:2:4:4:1:4:4:4:0:,clone,14941.01442618205,2:2:4:4:1:4:4:4:0
4:2:4:4:2:4:4:4:1:,recombination,16391.847056959676,4:3:4:4:4:2:2:4:4,4:3:4:4:4:4:4:4:3,MUTATE
4:4:4:4:4:1:1:3:4:,clone,12384.164345319065,4:4:4:4:4:0:0:2:4
1:2:4:4:0:4:4:4:0:,recombination,15758.896697616576,4:3:4:4:4:3:3:4:4,4:4:4:4:4:2:3:4:4,MUTATE
3:2:4:4:4:4:4:4:0:,recombination,15638.988427634224,4:2:4:4:4:2:2:4:3,4:2:4:4:1:4:4:4:1,MUTATE
1:2:4:4:1:4:4:4:0:,clone,16958.253102854924,2:2:4:4:1:4:4:4:0
1:2:4:4:1:4:4:4:0:,clone,16893.54986753113,1:2:4:4:1:4:4:4:0
0:1:4:4:0:4:4:4:0:,clone,18757.028190610883,2:2:4:4:0:4:4:4:0
3:2:4:4:1:4:4:4:2:,recombination,17636.49065675854,4:4:4:4:4:1:1:3:4,4:4:4:4:4:0:1:3:4,MUTATE
4:2:4:4:4:3:4:4:2:,recombination,14224.625967701417,4:2:4:4:4:3:3:4:3,2:2:4:4:2:4:4:4:0,MUTATE
4:3:4:4:4:0:0:2:4:,clone,12712.330426813956,4:3:4:4:4:0:1:3:4
4:3:4:4:4:0:0:2:4:,clone,12698.253657637839,4:3:4:4:4:0:0:2:4
4:2:4:4:4:3:4:4:3:,recombination,14262.698949198624,4:2:4:4:4:3:4:4:2,4:3:4:4:4:1:1:4:4
4:2:4:4:4:4:4:4:4:,recombination,14526.7115366044,4:2:4:4:4:4:4:4:2,2:2:4:4:3:4:4:4:1,MUTATE
1:1:4:4:0:4:4:4:0:,clone,15587.99048306543,1:1:4:4:0:4:4:4:0
4:4:4:4:4:2:2:4:4:,recombination,13097.580890244819,4:2:4:4:4:4:3:4:4,4:4:4:4:4:1:1:3:4
1:2:4:4:0:4:4:4:0:,clone,15712.410660947662,1:2:4:4:0:4:4:4:0
1:2:4:4:0:4:4:4:0:,clone,15439.915568034034,1:2:4:4:0:4:4:4:0
1:1:4:4:0:4:4:4:0:,clone,15488.301556910403,1:1:4:4:0:4:4:4:0
1:1:4:4:0:4:4:4:0:,clone,15235.093351494608,1:2:4:4:0:4:4:4:0
1:2:4:4:0:4:4:4:0:,clone,15405.896873346439,1:2:4:4:0:4:4:4:0
2:2:4:4:0:4:4:4:1:,recombination,16478.998996365586,4:2:4:4:4:1:2:4:4,1:2:4:4:3:4:4:4:0,MUTATE
3:2:4:4:2:4:4:4:0:,clone,15856.75277509967,3:2:4:4:2:4:4:4:0
2:2:4:4:3:4:4:4:0:,recombination,14966.450541610411,4:2:4:4:4:2:2:4:4,1:1:4:4:4:3:4:4:1
2:2:4:4:3:4:4:4:0:,clone,14841.142580803044,2:2:4:4:3:4:4:4:0
4:2:4:4:4:4:4:4:3:,recombination,14238.798945237559,4:3:4:4:4:0:1:3:4,2:2:4:4:4:3:4:4:1
4:2:4:4:4:4:4:4:3:,clone,14160.261543202934,4:2:4:4:4:4:4:4:3
2:2:4:4:3:4:4:4:0:,clone,14762.60517876842,2:2:4:4:3:4:4:4:0
3:2:4:4:3:4:4:4:2:,clone,16294.51023576289,3:2:4:4:3:4:4:4:2
3:2:4:4:3:4:4:4:2:,recombination,16278.121467384102,2:2:4:4:3:4:4:4:0,4:2:4:4:4:4:4:4:3,MUTATE
2:1:4:4:0:4:4:4:0:,recombination,15834.265842467381,4:4:4:4:4:0:0:1:4,4:2:4:4:4:4:4:4:4,MUTATE
2:1:4:4:0:4:4:4:0:,clone,15673.30446358922,2:1:4:4:0:4:4:4:0
4:4:4:4:4:0:0:4:4:,recombination,12835.778334316272,3:2:4:4:4:3:3:4:2,2:2:4:4:4:4:4:4:0,MUTATE
4:3:4:4:4:1:2:3:4:,recombination,13450.968444164622,3:2:4:4:4:0:0:0:4,4:3:4:4:4:3:4:4:4,MUTATE
1:1:4:4:4:4:4:4:0:,clone,16544.209482494105,1:2:4:4:4:4:4:4:0
2:1:4:4:4:4:4:4:0:,recombination,15748.846098416458,1:2:4:4:4:3:4:4:1,1:1:4:4:4:4:4:4:0,MUTATE
4:2:4:4:4:4:3:4:4:,recombination,15651.41816304067,4:2:4:4:4:3:4:4:3,4:3:4:4:4:2:3:4:4,MUTATE
2:1:4:4:3:4:4:4:0:,clone,16075.994600817601,2:2:4:4:3:4:4:4:0
4:4:4:4:4:0:0:0:4:,clone,11213.944476110826,4:4:4:4:4:1:1:4:4
4:4:4:4:4:0:0:0:4:,clone,11158.609422789137,4:4:4:4:4:0:0:0:4
4:4:4:4:4:0:1:2:4:,clone,12195.039811375313,4:4:4:4:4:0:1:2:4
4:4:4:4:4:1:0:4:4:,clone,14066.68502257138,4:4:4:4:4:1:0:4:4
1:1:4:4:1:4:4:4:0:,recombination,19046.327343713438,4:2:4:4:4:4:4:4:4,1:1:4:4:0:4:4:4:0
2:2:4:4:4:4:4:4:0:,recombination,15095.46603185144,4:2:4:4:4:3:3:4:4,3:2:4:4:4:3:4:4:2
2:2:4:4:1:4:4:4:0:,clone,14840.08511199795,2:2:4:4:1:4:4:4:0
3:2:4:4:4:4:4:4:1:,clone,14569.175841956761,2:2:4:4:4:4:4:4:1
4:3:4:4:4:4:4:4:3:,recombination,15603.184331580169,4:2:4:4:4:1:1:4:4,2:1:4:4:1:4:4:4:0
3:2:4:4:2:4:4:4:2:,clone,17363.540495677487,3:2:4:4:2:4:4:4:2
4:2:4:4:1:4:4:4:0:,clone,16730.712869948755,1:1:4:4:0:4:4:4:0
4:2:4:4:1:4:4:4:0:,clone,16531.37976424163,4:2:4:4:1:4:4:4:0
2:2:4:4:0:4:4:4:1:,recombination,16372.800889596583,3:2:4:4:1:4:4:4:0,4:3:4:4:4:3:4:4:4
4:4:4:4:4:0:0:0:4:,clone,10858.592619209363,2:2:4:4:0:4:4:4:0
4:4:4:4:4:0:0:1:4:,clone,11473.453845746953,4:4:4:4:4:0:0:1:4
4:2:4:4:4:3:4:4:3:,clone,13966.01099187357,4:2:4:4:4:3:4:4:3
4:2:4:4:4:3:4:4:3:,clone,13925.997871251375,4:2:4:4:4:3:4:4:3
4:2:4:4:4:3:4:4:3:,clone,13894.050204540277,4:2:4:4:4:3:4:4:3
4:2:4:4:0:4:4:4:0:,recombination,16730.712869948762,4:2:4:4:4:0:0:3:4,2:2:4:4:0:4:4:4:1,MUTATE
3:2:4:4:3:4:4:4:1:,clone,14812.857610523493,3:2:4:4:3:4:4:4:1
2:2:4:4:3:4:4:4:1:,clone,14997.771044130579,2:2:4:4:3:4:4:4:1
3:2:4:4:4:3:4:4:2:,clone,14098.555684597246,3:2:4:4:4:4:4:4:2
2:2:4:4:3:4:4:4:1:,clone,14656.344505710142,2:2:4:4:3:4:4:4:1
3:2:4:4:4:4:4:4:1:,recombination,14415.530303438683,3:2:4:4:4:0:0:0:3,2:2:4:4:4:4:4:4:2,MUTATE
3:2:4:4:4:4:4:4:1:,clone,14258.868804806092,3:2:4:4:4:4:4:4:1
2:2:4:4:4:4:4:4:0:,recombination,14892.328545120628,3:2:4:4:4:4:4:4:1,4:3:4:4:4:3:4:4:4
3:2:4:4:4:3:3:4:1:,recombination,15151.08455744657,4:4:4:4:4:1:2:4:4,3:2:4:4:4:3:4:4:3
4:3:4:4:4:0:1:1:4:,recombination,11869.40045936292,4:3:4:4:4:3:4:4:4,1:2:4:4:0:4:4:4:0
3:2:4:4:4:1:2:4:3:,recombination,12401.191659792523,2:2:4:4:0:4:4:4:1,2:2:4:4:4:3:4:4:1,MUTATE
2:2:4:4:4:3:3:4:1:,recombination,14853.570015962068,3:2:4:4:3:4:4:4:1,4:3:4:4:4:4:4:4:4
3:2:4:4:3:4:4:4:2:,clone,15736.707794770047,3:2:4:4:3:4:4:4:2
3:2:4:4:4:4:4:4:2:,clone,14221.06459786244,3:2:4:4:4:4:4:4:2
3:2:4:4:3:4:4:4:2:,clone,15539.36077283605,3:2:4:4:3:4:4:4:2
3:2:4:4:4:4:4:4:1:,clone,14191.21446023256,3:2:4:4:4:4:4:4:1
4:4:4:4:4:1:1:3:4:,recombination,12329.214261081645,4:2:4:4:4:2:3:3:4,3:2:4:4:3:4:4:4:0
3:2:4:4:2:4:4:4:2:,clone,16147.198028194913,3:2:4:4:3:4:4:4:2
4:4:4:4:4:1:1:3:4:,clone,12261.960800321827,4:4:4:4:4:1:1:3:4
4:4:4:4:4:0:0:3:4:,recombination,12027.488703748293,3:2:4:4:4:1:2:3:3,4:3:4:4:4:2:3:4:4
4:4:4:4:4:1:1:4:4:,clone,12022.648601606834,4:4:4:4:4:1:1:4:4
4:4:4:4:4:1:1:3:4:,recombination,12104.071736708021,2:2:4:4:4:2:3:3:2,4:3:4:4:4:2:3:4:4
4:4:4:4:4:1:1:3:4:,clone,12104.07173670802,4:4:4:4:4:1:1:3:4
4:4:4:4:4:0:0:2:4:,clone,11632.000943708155,4:4:4:4:4:0:0:2:4
4:4:4:4:4:0:0:3:4:,clone,11867.855723885432,4:4:4:4:4:0:0:3:4
4:4:4:4:4:0:0:4:4:,clone,12167.729369835068,4:4:4:4:4:0:0:4:4
4:4:4:4:4:3:3:4:4:,recombination,14213.87960399898,4:2:4:4:4:4:4:4:2,4:4:4:4:4:0:1:3:4,MUTATE
4:4:4:4:4:3:4:4:4:,clone,16730.712869948755,4:3:4:4:4:3:3:4:4
4:4:4:4:4:4:4:4:4:,recombination,16866.114673635748,3:2:4:4:3:4:4:4:1,4:2:4:4:4:4:3:4:4
4:3:4:4:4:3:2:4:4:,recombination,14511.409907927187,1:2:4:4:2:4:4:4:0,4:3:4:4:4:2:3:4:4
4:4:4:4:4:3:2:4:4:,clone,14896.794147580336,4:4:4:4:4:2:2:4:4
1:2:4:4:4:4:4:4:0:,recombination,16192.767060257553,3:2:4:4:4:0:0:1:4,2:2:4:4:4:1:1:3:2,MUTATE
1:2:4:4:4:4:4:4:0:,recombination,15500.904452000092,1:2:4:4:4:4:4:4:0,4:3:4:4:4:0:1:2:4,MUTATE
1:2:4:4:4:4:4:4:0:,clone,15128.873583754355,1:2:4:4:4:4:4:4:0
4:4:4:4:4:0:1:3:4:,recombination,12082.885930983222,4:3:4:4:4:3:3:4:4,3:2:4:4:1:4:4:4:0
1:1:4:4:1:4:4:4:0:,recombination,18540.791864202776,2:2:4:4:3:4:4:4:0,2:2:4:4:1:4:4:4:0
1:2:4:4:1:4:4:4:0:,clone,16888.589300305837,1:2:4:4:1:4:4:4:0
4:4:4:4:4:0:1:2:4:,clone,11690.254517094048,4:4:4:4:4:0:1:2:4
4:4:4:4:4:0:0:2:4:,recombination,10672.700083394979,4:2:4:4:4:4:4:4:2,4:4:4:4:4:1:2:4:4
4:4:4:4:4:0:0:1:4:,clone,10552.976614861931,4:4:4:4:4:0:0:1:4
4:4:4:4:4:0:1:3:4:,recombination,11565.024721773401,4:2:4:4:4:4:4:4:2,4:2:4:4:4:3:3:4:3
4:4:4:4:4:0:1:4:4:,recombination,11356.372231746078,4:4:4:4:4:0:1:3:4,3:2:4:4:4:1:1:1:4
4:4:4:4:4:0:1:3:4:,clone,11541.622570267255,4:4:4:4:4:0:1:3:4
4:4:4:4:4:0:1:4:4:,clone,11305.208494170252,4:4:4:4:4:0:1:4:4
4:4:4:4:4:0:1:2:4:,recombination,11184.79072533178,4:4:4:4:4:0:0:1:4,4:2:4:4:4:2:3:4:4,MUTATE
4:4:4:4:4:1:2:4:4:,clone,12320.117111072514,4:4:4:4:4:1:2:4:4
4:4:4:4:4:1:2:4:4:,clone,12194.975007269626,4:4:4:4:4:1:2:4:4
2:1:4:4:0:4:4:4:0:,clone,15588.288752927594,2:1:4:4:0:4:4:4:0
2:2:4:4:1:4:4:4:0:,recombination,14726.948112682307,3:2:4:4:4:0:0:1:3,2:2:4:4:1:4:4:4:1,MUTATE
2:2:4:4:0:4:4:4:0:,clone,14999.806112869228,2:2:4:4:0:4:4:4:0
2:2:4:4:0:4:4:4:0:,recombination,14992.477205151637,4:4:4:4:4:1:1:4:4,2:2:4:4:1:4:4:4:0
4:2:4:4:4:4:3:4:4:,clone,15032.07131132227,4:2:4:4:4:3:3:4:4
4:4:4:4:4:1:0:4:4:,clone,13770.225621523863,4:4:4:4:4:0:0:4:4
2:2:4:4:1:4:4:4:1:,clone,15714.953240923145,3:2:4:4:1:4:4:4:1
3:2:4:4:4:4:4:4:3:,recombination,15868.63968267709,2:2:4:4:3:4:4:4:0,4:4:4:4:4:1:2:4:4
4:3:4:4:4:4:3:4:4:,recombination,15396.703371272615,4:3:4:4:4:0:0:2:4,4:3:4:4:4:2:2:4:4,MUTATE
4:3:4:4:4:4:3:4:4:,clone,15304.507926699684,4:3:4:4:4:4:3:4:4
4:3:4:4:4:4:3:4:4:,recombination,14674.731869583444,4:3:4:4:4:4:3:4:4,4:3:4:4:4:1:1:4:4,MUTATE
4:3:4:4:4:4:3:4:4:,clone,14622.630571118589,4:3:4:4:4:4:3:4:4
3:2:4:4:2:4:4:4:0:,clone,15566.02029957167,3:2:4:4:2:4:4:4:0
3:2:4:4:2:4:4:4:0:,clone,15548.62370735588,3:2:4:4:2:4:4:4:0
3:2:4:4:2:4:4:4:0:,recombination,15464.150877494303,2:2:4:4:0:4:4:4:1,4:3:4:4:4:3:3:4:4,MUTATE
3:2:4:4:2:4:4:4:0:,clone,15353.72642265854,3:2:4:4:2:4:4:4:0
3:2:4:4:2:4:4:4:0:,recombination,15112.499851429224,2:2:4:4:0:4:4:4:1,3:2:4:4:2:4:4:4:0,MUTATE
2:2:4:4:0:4:4:4:0:,recombination,14880.30297154129,4:4:4:4:4:0:0:1:4,2:2:4:4:0:4:4:4:0
2:2:4:4:0:4:4:4:0:,recombination,14615.037333828846,2:2:4:4:0:4:4:4:0,4:4:4:4:4:1:1:4:4,MUTATE
2:2:4:4:0:4:4:4:0:,clone,14509.520827052904,2:2:4:4:0:4:4:4:0
4:3:4:4:4:0:0:2:4:,clone,12115.392451592872,4:3:4:4:4:0:0:2:4
4:3:4:4:4:0:1:3:4:,recombination,11335.715429899104,1:1:4:4:4:4:4:4:0,3:2:4:4:4:1:2:3:3,MUTATE
4:3:4:4:4:0:0:2:4:,clone,11255.818313024456,4:3:4:4:4:0:0:2:4
4:4:4:4:4:0:0:4:4:,clone,12101.314187747033,4:4:4:4:4:0:0:4:4
3:2:4:4:2:4:4:4:1:,recombination,15087.184500025636,4:2:4:4:4:3:4:4:4,3:2:4:4:4:3:3:4:2,MUTATE
3:2:4:4:2:4:4:4:1:,clone,15081.631655039153,3:2:4:4:2:4:4:4:1
4:4:4:4:4:2:2:4:4:,clone,12881.249225995183,4:4:4:4:4:2:2:4:4
4:4:4:4:4:2:2:4:4:,clone,12737.030942279194,4:4:4:4:4:2:2:4:4
4:4:4:4:4:1:0:3:4:,recombination,13831.94060170676,4:2:4:4:4:3:3:4:4,3:2:4:4:4:0:1:2:3,MUTATE
4:3:4:4:4:3:2:4:4:,recombination,13718.356159457184,4:4:4:4:4:2:2:4:4,4:3:4:4:4:4:3:4:4,MUTATE
4:4:4:4:4:4:4:4:4:,clone,16730.712869948762,4:2:4:4:4:4:4:4:3
4:4:4:4:4:4:4:4:4:,clone,16626.244952448837,4:4:4:4:4:4:4:4:4
4:4:4:4:4:1:1:1:4:,clone,14295.844918998024,4:4:4:4:4:1:1:1:4
4:4:4:4:4:1:1:4:4:,clone,11629.002000969293,4:4:4:4:4:1:1:4:4
4:4:4:4:4:1:2:4:4:,clone,12091.806078404516,4:4:4:4:4:1:2:4:4
4:4:4:4:4:1:2:4:4:,clone,11875.724261638697,4:4:4:4:4:1:2:4:4
4:4:4:4:4:1:2:4:4:,recombination,11524.397570360037,4:4:4:4:4:1:1:4:4,4:2:4:4:4:4:4:4:4,MUTATE
4:3:4:4:4:3:4:4:4:,clone,14210.2439894957,4:3:4:4:4:3:4:4:4
4:3:4:4:4:3:4:4:4:,recombination,14071.57322454761,3:2:4:4:2:4:4:4:1,4:3:4:4:4:0:1:3:4
1:1:4:4:4:3:4:4:1:,recombination,16384.11723121546,3:2:4:4:1:4:4:4:0,1:1:4:4:1:4:4:4:0
1:1:4:4:1:4:4:4:0:,recombination,18525.9601786805,3:2:4:4:4:1:1:1:3,2:2:4:4:4:4:4:4:0,MUTATE
1:1:4:4:1:4:4:4:0:,clone,18228.162134753024,1:1:4:4:1:4:4:4:0
1:1:4:4:4:4:4:4:0:,recombination,15980.815407299388,4:2:4:4:4:3:4:4:4,3:2:4:4:4:2:2:3:3
1:1:4:4:2:4:4:4:0:,clone,17550.485597519815,1:1:4:4:2:4:4:4:0
4:3:4:4:4:4:4:4:2:,clone,16392.323466090504,4:3:4:4:4:4:4:4:2
3:2:4:4:4:2:3:4:2:,recombination,13763.326870769313,4:3:4:4:4:3:3:4:4,2:2:4:4:4:1:2:2:2
4:2:4:4:4:3:4:4:2:,recombination,13828.161222085992,3:2:4:4:1:4:4:4:0,1:1:4:4:0:4:4:4:0,MUTATE
2:1:4:4:4:3:4:4:1:,recombination,15940.559653473652,1:1:4:4:3:4:4:4:0,4:2:4:4:4:3:4:4:4,MUTATE
3:2:4:4:4:3:3:4:3:,clone,13914.630364081682,4:2:4:4:4:3:3:4:3
2:2:4:4:4:3:3:4:2:,clone,14463.62008880381,2:2:4:4:4:3:3:4:2
4:2:4:4:4:3:4:4:2:,clone,13666.919216943588,4:2:4:4:4:3:4:4:2
4:2:4:4:4:2:3:4:3:,clone,12803.666366975829,4:2:4:4:4:2:3:4:3
3:2:4:4:4:3:4:4:2:,recombination,13810.365043087611,4:2:4:4:4:3:4:4:2,2:2:4:4:3:4:4:4:0,MUTATE
4:2:4:4:4:3:4:4:3:,recombination,13548.972208579467,4:4:4:4:4:1:2:4:4,4:2:4:4:4:3:4:4:3,MUTATE
4:2:4:4:4:3:4:4:3:,clone,13534.787720808363,4:2:4:4:4:3:4:4:3
4:2:4:4:4:3:3:4:4:,clone,12978.12016820411,4:2:4:4:4:3:4:4:3
4:2:4:4:4:3:3:4:4:,clone,12969.446151370817,4:2:4:4:4:3:3:4:4
3:2:4:4:4:3:3:4:2:,recombination,13598.27632057475,4:3:4:4:4:3:3:4:4,4:4:4:4:4:2:3:4:4
3:2:4:4:4:4:4:4:1:,recombination,14091.290843131344,3:2:4:4:4:3:4:4:2,3:2:4:4:0:4:4:4:0
3:2:4:4:4:4:4:4:1:,clone,14022.381318618325,3:2:4:4:4:4:4:4:1
4:4:4:4:4:1:2:3:4:,recombination,14060.920051069006,3:2:4:4:3:4:4:4:1,4:2:4:4:4:1:1:1:4
4:4:4:4:4:0:0:0:4:,clone,10664.305134323571,1:2:4:4:0:4:4:4:0
4:4:4:4:4:0:1:1:4:,recombination,12235.91358203927,2:2:4:4:3:4:4:4:0,4:2:4:4:4:1:1:4:4,MUTATE
4:2:4:4:4:4:4:4:2:,recombination,14284.005680789582,4:3:4:4:4:4:4:4:4,2:2:4:4:0:4:4:4:0,MUTATE
2:2:4:4:3:4:4:4:0:,clone,14694.867602985232,2:2:4:4:3:4:4:4:0
4:2:4:4:4:4:4:4:1:,recombination,15756.291141668395,2:1:4:4:2:4:4:4:0,3:2:4:4:4:1:2:4:3,MUTATE
2:1:4:4:0:4:4:4:0:,recombination,15439.250285009251,4:4:4:4:4:0:0:1:4,4:3:4:4:4:1:1:4:4,MUTATE
1:2:4:4:4:3:4:4:0:,recombination,19418.28680179313,3:2:4:4:0:4:4:4:0,4:2:4:4:4:4:4:4:4,MUTATE
4:4:4:4:4:2:1:4:4:,recombination,14861.91585262433,4:3:4:4:4:4:4:4:3,4:2:4:4:4:4:3:4:4
2:2:4:4:0:4:4:4:1:,clone,16067.877796366916,3:2:4:4:0:4:4:4:1
2:2:4:4:0:4:4:4:1:,clone,15706.92177281996,2:2:4:4:0:4:4:4:1
4:2:4:4:4:4:4:4:1:,recombination,15693.202484816466,2:2:4:4:0:4:4:4:0,2:1:4:4:4:4:4:4:0,MUTATE
4:3:4:4:4:4:4:4:3:,recombination,15326.684463269967,4:3:4:4:4:3:2:4:4,4:3:4:4:4:3:4:4:4,MUTATE
1:2:4:4:4:4:4:4:1:,clone,17189.12181888745,4:3:4:4:4:4:4:4:4
1:2:4:4:4:4:4:4:1:,clone,16182.13173673772,1:2:4:4:4:4:4:4:1
1:2:4:4:1:4:4:4:0:,recombination,16666.47474390014,3:2:4:4:4:3:3:4:3,3:2:4:4:1:4:4:4:0,MUTATE
1:2:4:4:4:4:4:4:1:,clone,15714.333809803182,1:2:4:4:4:4:4:4:1
1:1:4:4:4:4:4:4:1:,recombination,16251.21300468335,4:3:4:4:4:0:0:3:4,1:2:4:4:4:4:4:4:1,MUTATE
4:4:4:4:4:2:3:4:4:,clone,13701.265826004825,4:4:4:4:4:2:2:4:4
4:2:4:4:3:4:4:4:2:,recombination,15857.154960700283,4:3:4:4:4:0:1:3:4,4:2:4:4:3:4:4:4:2,MUTATE
1:2:4:4:4:3:3:4:1:,clone,16705.41732690839,1:2:4:4:4:3:3:4:1
2:2:4:4:4:4:4:4:0:,recombination,14745.016539807448,3:2:4:4:4:3:4:4:2,4:2:4:4:4:1:1:2:4
1:1:4:4:4:4:4:4:0:,clone,15662.403218462188,1:1:4:4:4:4:4:4:0
1:1:4:4:4:4:4:4:0:,clone,15363.921585478964,1:1:4:4:4:4:4:4:0
1:2:4:4:1:4:4:4:0:,clone,16407.751261693527,1:2:4:4:1:4:4:4:0
1:2:4:4:2:4:4:4:0:,recombination,15784.84086741727,3:2:4:4:3:4:4:4:1,2:2:4:4:3:4:4:4:0
1:2:4:4:1:4:4:4:0:,clone,16327.68285697572,1:2:4:4:1:4:4:4:0
1:2:4:4:2:4:4:4:0:,clone,15606.215754160325,1:2:4:4:2:4:4:4:0
1:2:4:4:3:4:4:4:0:,recombination,15496.380932598026,1:1:4:4:4:4:4:4:0,3:2:4:4:4:3:3:4:3,MUTATE
1:2:4:4:1:4:4:4:0:,recombination,15903.46746874062,1:1:4:4:4:4:4:4:0,1:1:4:4:4:3:4:4:1
1:1:4:4:1:4:4:4:0:,clone,17617.289965429998,1:2:4:4:1:4:4:4:0
1:1:4:4:2:4:4:4:0:,clone,16656.59693379603,1:1:4:4:2:4:4:4:0
4:2:4:4:0:4:4:4:0:,clone,16608.51440408007,4:2:4:4:0:4:4:4:0
4:2:4:4:0:4:4:4:0:,clone,16575.500882248594,4:2:4:4:0:4:4:4:0
4:3:4:4:4:3:3:4:3:,clone,15511.185263136267,4:3:4:4:4:4:4:4:3
4:3:4:4:4:4:4:4:3:,recombination,15300.73265746335,3:2:4:4:4:3:4:4:2,4:4:4:4:4:2:2:4:4
4:2:4:4:4:4:4:4:1:,recombination,15571.125985170282,4:2:4:4:4:1:2:3:4,4:2:4:4:4:3:4:4:2
1:2:4:4:4:3:4:4:1:,clone,15978.721070204576,1:2:4:4:4:4:4:4:1
2:2:4:4:4:3:3:4:1:,clone,14467.27947290186,2:2:4:4:4:3:3:4:1
2:2:4:4:4:3:3:4:1:,clone,14373.558207383488,2:2:4:4:4:3:3:4:1
2:2:4:4:1:4:4:4:1:,recombination,15552.474626856723,4:3:4:4:4:4:4:4:3,3:2:4:4:1:4:4:4:0
3:2:4:4:2:4:4:4:1:,recombination,15027.551907781872,4:4:4:4:4:0:0:3:4,4:2:4:4:4:3:3:4:4,MUTATE
4:2:4:4:4:4:4:4:2:,recombination,14239.68088477638,4:3:4:4:4:3:3:4:4,3:2:4:4:4:1:2:1:4
4:4:4:4:4:3:2:4:4:,recombination,14755.008493702357,1:2:4:4:0:4:4:4:0,1:2:4:4:3:4:4:4:0
2:1:4:4:4:3:3:4:1:,recombination,16311.841186940392,4:3:4:4:4:2:3:4:4,2:1:4:4:4:2:2:4:2,MUTATE
1:2:4:4:4:3:4:4:1:,clone,15862.626053727538,1:2:4:4:4:3:4:4:1
