3:2:4:4:4:1:1:3:3:,initialisation,13839.559770452439,
4:4:4:4:4:2:2:4:4:,initialisation,14455.76175152961,
4:4:4:4:4:1:2:4:4:,initialisation,14737.902716471135,
4:3:4:4:4:3:3:4:4:,initialisation,15946.89049479033,
4:3:4:4:4:2:3:4:4:,initialisation,14618.389525982042,
4:3:4:4:4:2:2:4:4:,initialisation,13702.730251284893,
3:2:4:4:4:0:1:1:4:,initialisation,14018.211730667974,
4:4:4:4:4:2:3:4:4:,initialisation,16080.774548875854,
4:4:4:4:4:2:3:4:4:,initialisation,15403.565121988886,
4:4:4:4:4:2:3:4:4:,initialisation,14705.058940614783,
4:4:4:4:4:1:2:4:4:,initialisation,14712.247502787646,
4:4:4:4:4:1:2:4:4:,initialisation,14264.149987687368,
4:4:4:4:4:0:0:0:4:,initialisation,13434.123641171987,
4:3:4:4:4:3:3:4:4:,initialisation,15620.339868917617,
4:4:4:4:4:1:1:4:4:,initialisation,12870.652106553649,
4:4:4:4:4:0:1:4:4:,initialisation,12764.217130907482,
4:4:4:4:4:2:2:4:4:,initialisation,14102.533484428266,
4:4:4:4:4:1:2:4:4:,initialisation,14153.419136954435,
3:2:4:4:4:0:1:2:3:,initialisation,13297.883897394004,
4:4:4:4:4:1:2:4:4:,initialisation,14069.22536573958,
4:3:4:4:4:3:3:4:4:,initialisation,15124.815142366815,
4:4:4:4:4:3:3:4:4:,initialisation,17209.62198763165,
4:4:4:4:4:1:2:4:4:,initialisation,13677.620298082456,
3:2:4:4:4:1:2:3:3:,initialisation,14713.442578377744,
4:4:4:4:4:2:2:4:4:,initialisation,14029.915928262335,
4:4:4:4:4:3:3:4:4:,initialisation,16570.00632866479,
3:2:4:4:4:0:0:0:4:,initialisation,13073.822741251966,
4:4:4:4:4:2:2:4:4:,initialisation,14025.837741076812,
4:3:4:4:4:2:3:4:4:,initialisation,14552.408606434534,
3:2:4:4:4:0:1:1:3:,initialisation,13423.233854795999,
3:2:4:4:4:1:1:2:3:,initialisation,14043.000756298767,
4:4:4:4:4:1:2:4:4:,initialisation,13608.656394004718,
4:4:4:4:4:3:2:4:4:,initialisation,16730.712869948762,
4:4:4:4:4:2:2:4:4:,initialisation,13595.585817089892,
4:3:4:4:4:2:3:4:4:,initialisation,13434.618418293097,
4:4:4:4:4:3:3:4:4:,initialisation,15785.612020461112,
4:3:4:4:4:1:2:4:4:,initialisation,14569.54693200165,
4:2:4:4:4:1:2:3:4:,initialisation,15153.003537894712,
4:3:4:4:4:1:2:4:4:,initialisation,13595.664710698917,
4:3:4:4:4:1:2:4:4:,initialisation,11950.94168790039,
3:2:4:4:4:1:2:2:3:,initialisation,14190.757934062938,
2:2:4:4:4:2:2:4:2:,initialisation,17401.463549986864,
2:2:4:4:4:2:2:4:2:,initialisation,15245.90454133294,
3:2:4:4:4:1:2:4:3:,initialisation,13643.615333805843,
2:2:4:4:4:1:2:4:2:,initialisation,16376.680274372657,
4:4:4:4:4:1:2:4:4:,initialisation,13607.442406267533,
4:3:4:4:4:0:1:4:4:,initialisation,11944.243468637287,
3:2:4:4:4:2:2:4:3:,initialisation,15189.734848048072,
4:4:4:4:4:2:2:4:4:,initialisation,13234.052000986543,
4:3:4:4:4:3:3:4:4:,initialisation,15077.268997719444,
2:2:4:4:4:1:2:3:2:,initialisation,14201.100843327018,
4:2:4:4:4:1:1:2:4:,initialisation,13999.28422974719,
2:2:4:4:4:1:1:2:2:,initialisation,16001.482852597228,
4:4:4:4:4:2:3:4:4:,initialisation,14533.24811456366,
3:2:4:4:4:1:2:2:3:,initialisation,13931.831486080975,
4:2:4:4:4:0:0:0:4:,initialisation,13301.544355042764,
3:2:4:4:4:0:0:0:3:,initialisation,14087.670075995195,
3:2:4:4:4:2:3:4:2:,initialisation,16321.899487467927,
4:2:4:4:4:1:1:2:4:,initialisation,13160.398193605999,
3:2:4:4:4:1:1:3:3:,initialisation,12867.559279913437,
3:2:4:4:4:1:1:2:3:,initialisation,13076.99205732637,
3:2:4:4:4:0:0:0:3:,initialisation,13332.685114438924,
4:4:4:4:4:1:1:4:4:,initialisation,12457.906406088909,
3:2:4:4:4:1:2:2:3:,initialisation,13524.822241515467,
2:2:4:4:4:2:3:4:2:,initialisation,14644.525145507196,
4:4:4:4:4:1:2:4:4:,initialisation,13552.183461599465,
3:2:4:4:4:2:3:4:3:,initialisation,16321.158427568336,
4:4:4:4:4:3:3:4:4:,initialisation,15263.859004701064,
4:4:4:4:4:1:1:4:4:,initialisation,12385.429765806066,
2:2:4:4:4:1:1:3:2:,initialisation,14863.980123095771,
3:2:4:4:4:1:1:1:3:,initialisation,13474.506698993075,
3:2:4:4:4:1:1:2:3:,initialisation,12961.60418704134,
4:3:4:4:4:2:2:4:4:,initialisation,13692.62722940735,
4:3:4:4:4:1:1:4:4:,initialisation,13389.279282495374,
3:2:4:4:4:1:2:3:3:,initialisation,14660.24035447897,
3:2:4:4:4:0:0:2:3:,initialisation,15828.99423886808,
4:3:4:4:4:3:4:4:4:,initialisation,17153.49991165547,
4:4:4:4:4:3:3:4:4:,initialisation,15098.056909246941,
3:2:4:4:4:0:0:0:3:,initialisation,12748.516832901418,
4:2:4:4:4:0:1:2:4:,initialisation,13713.663425020233,
3:2:4:4:4:0:0:1:4:,initialisation,11941.09928151099,
2:2:4:4:4:2:2:4:2:,initialisation,14760.387667537881,
4:4:4:4:4:1:2:4:4:,initialisation,13095.640973771699,
4:2:4:4:4:0:1:2:4:,initialisation,11956.242553987538,
4:3:4:4:4:2:2:4:4:,initialisation,12884.333789262839,
3:2:4:4:4:0:1:0:3:,initialisation,13151.307837401002,
3:2:4:4:4:0:0:1:3:,initialisation,13551.996947485106,
4:3:4:4:4:3:3:4:4:,initialisation,14627.948367200559,
3:2:4:4:4:0:1:1:3:,initialisation,12093.303197729698,
3:2:4:4:4:0:1:1:4:,initialisation,12588.572914957409,
4:4:4:4:4:2:3:4:4:,initialisation,14485.989653679055,
3:2:4:4:4:1:1:1:4:,initialisation,12580.784912402416,
3:2:4:4:4:2:3:4:3:,initialisation,14837.040321236496,
4:4:4:4:4:3:2:4:4:,initialisation,16730.712869948755,
4:4:4:4:4:2:1:4:4:,initialisation,15399.362679341946,
4:2:4:4:4:1:2:3:4:,initialisation,13780.760089863057,
4:4:4:4:4:3:2:4:4:,initialisation,16348.994297925063,
3:2:4:4:4:2:2:4:3:,initialisation,14482.104912369752,
2:2:4:4:4:2:2:3:2:,initialisation,14396.689113006985,
4:4:4:4:4:1:2:4:4:,initialisation,13002.493410084047,
3:2:4:4:4:1:2:3:3:,initialisation,13195.46490416019,
3:2:4:4:4:0:1:2:3:,initialisation,13039.655723135993,
4:2:4:4:4:0:1:1:4:,initialisation,15344.813588206587,
4:4:4:4:4:2:1:4:4:,initialisation,13534.612494976074,
4:3:4:4:4:1:1:4:4:,initialisation,12297.940180241034,
3:2:4:4:4:1:1:1:3:,initialisation,13367.649128491921,
3:2:4:4:4:1:2:2:3:,initialisation,13457.27748704057,
1:1:4:4:4:3:3:4:1:,initialisation,17009.756994608986,
4:4:4:4:4:2:3:4:4:,initialisation,14472.868061243285,
3:2:4:4:4:0:0:0:4:,initialisation,11808.982317207945,
4:2:4:4:4:1:1:2:4:,initialisation,12429.78932506235,
4:2:4:4:4:1:2:3:4:,initialisation,12639.985574182181,
4:4:4:4:4:3:2:4:4:,initialisation,15266.01264299193,
4:4:4:4:4:1:2:4:4:,initialisation,12779.338961283069,
2:2:4:4:4:3:3:4:2:,initialisation,17435.72045675104,
3:2:4:4:4:1:1:2:3:,initialisation,11939.721324268301,
3:2:4:4:4:1:1:3:3:,initialisation,12852.889629662684,
4:2:4:4:4:0:0:0:4:,initialisation,12678.067668778549,
3:2:4:4:4:2:2:3:3:,initialisation,14849.974702049076,
3:2:4:4:4:0:0:0:3:,initialisation,12549.26066792667,
3:2:4:4:4:0:0:2:3:,initialisation,13236.11413731249,
2:2:4:4:4:1:2:2:2:,initialisation,14644.976922240443,
4:2:4:4:4:1:1:2:4:,initialisation,12125.117113724395,
3:2:4:4:4:0:1:1:4:,initialisation,12134.008324014188,
2:2:4:4:4:0:1:1:3:,initialisation,13348.413681246484,
4:4:4:4:4:0:1:4:4:,initialisation,12470.30623694849,
3:2:4:4:4:1:2:3:3:,initialisation,13144.995154678205,
4:4:4:4:4:2:3:4:4:,initialisation,13886.436942198867,
2:2:4:4:4:1:2:4:2:,initialisation,15098.284295875123,
3:2:4:4:4:0:0:1:3:,initialisation,13442.977873327192,
3:2:4:4:4:0:0:1:3:,initialisation,12698.879336559134,
4:2:4:4:4:0:0:0:4:,initialisation,12268.414771024902,
4:2:4:4:4:0:0:1:4:,initialisation,12773.878897477065,
4:2:4:4:4:0:1:1:4:,initialisation,12872.277557128338,
3:2:4:4:4:0:0:0:3:,initialisation,12464.992797392497,
2:2:4:4:4:2:2:4:2:,initialisation,14450.832289017773,
3:2:4:4:4:1:1:1:4:,initialisation,12424.691938382857,
4:3:4:4:4:2:2:4:4:,initialisation,12764.821753819499,
3:2:4:4:4:0:0:1:3:,initialisation,12592.191279456214,
4:3:4:4:4:2:1:4:4:,initialisation,13490.316660444762,
4:4:4:4:4:2:2:4:4:,initialisation,13092.330625044115,
2:2:4:4:4:0:0:1:3:,initialisation,14103.718098018051,
2:2:4:4:4:1:1:2:2:,initialisation,15038.963277454217,
4:3:4:4:4:4:4:4:4:,initialisation,17873.617513156376,
3:2:4:4:4:0:1:2:3:,initialisation,11765.222740750862,
2:2:4:4:4:1:1:3:2:,initialisation,14111.884390961339,
3:2:4:4:4:1:2:3:3:,initialisation,12847.645360600496,
2:2:4:4:4:1:2:4:2:,initialisation,14537.29651271151,
4:4:4:4:4:1:1:4:4:,initialisation,12211.365262517691,
2:2:4:4:4:3:3:4:2:,initialisation,16021.64641652647,
3:2:4:4:4:0:0:0:4:,initialisation,11120.225891526954,
2:2:4:4:4:1:1:2:2:,initialisation,14566.87996132533,
4:3:4:4:4:2:2:4:4:,initialisation,12702.840459168994,
3:2:4:4:4:2:2:4:3:,initialisation,14256.35268233922,
4:3:4:4:4:2:3:4:4:,initialisation,13212.697390790734,
3:2:4:4:4:1:1:1:3:,initialisation,12973.352766208422,
2:1:4:4:4:2:2:3:2:,initialisation,16683.654608550987,
4:2:4:4:4:1:2:2:4:,initialisation,13788.854749507267,
3:2:4:4:4:2:2:3:3:,initialisation,14001.565395618072,
4:2:4:4:4:1:1:3:4:,initialisation,14240.831510316666,
4:2:4:4:4:0:1:1:4:,initialisation,12248.313471180554,
2:1:4:4:4:2:3:4:2:,initialisation,16059.839041621595,
4:3:4:4:4:2:3:4:4:,clone,12967.866339948727,4:3:4:4:4:2:3:4:4
4:2:4:4:4:1:1:4:4:,recombination,13987.968714044451,4:4:4:4:4:1:2:4:4,3:2:4:4:4:2:2:4:3,MUTATE
4:4:4:4:4:1:2:4:4:,clone,12713.334076286112,4:4:4:4:4:1:2:4:4
4:2:4:4:4:1:1:2:4:,recombination,12006.8598989536,4:2:4:4:4:1:1:2:4,3:2:4:4:4:0:1:1:3,MUTATE
4:2:4:4:4:1:1:1:4:,clone,11332.912278548214,4:2:4:4:4:1:1:2:4
4:3:4:4:4:3:4:4:4:,clone,17091.828338828527,4:3:4:4:4:3:4:4:4
4:4:4:4:4:1:2:4:4:,clone,12578.941480899211,4:4:4:4:4:1:2:4:4
4:2:4:4:4:0:1:3:4:,recombination,13527.29367611816,4:4:4:4:4:1:1:4:4,4:2:4:4:4:1:1:3:4,MUTATE
3:2:4:4:4:2:3:4:3:,clone,14511.039388905034,3:2:4:4:4:2:3:4:3
4:2:4:4:4:0:1:2:4:,clone,11778.796812403854,4:2:4:4:4:0:1:2:4
4:4:4:4:4:1:2:4:4:,clone,12313.476071981437,4:4:4:4:4:1:2:4:4
3:2:4:4:4:1:2:2:3:,recombination,13433.28822904308,3:2:4:4:4:0:1:2:3,3:2:4:4:4:0:1:1:3,MUTATE
4:3:4:4:4:0:1:3:4:,recombination,12675.149495934867,3:2:4:4:4:0:0:1:4,4:4:4:4:4:2:2:4:4,MUTATE
3:2:4:4:4:0:1:1:4:,clone,11301.248714482388,3:2:4:4:4:1:1:2:3
4:2:4:4:4:1:1:3:4:,recombination,13238.725675665271,4:3:4:4:4:1:1:4:4,3:2:4:4:4:1:2:2:3,MUTATE
4:2:4:4:4:1:2:3:4:,clone,12578.053614793007,4:2:4:4:4:1:2:3:4
4:3:4:4:4:2:2:4:4:,clone,12665.35013700533,4:3:4:4:4:2:2:4:4
4:4:4:4:4:2:3:4:4:,clone,13840.634422592742,4:4:4:4:4:2:3:4:4
3:2:4:4:4:2:2:4:3:,clone,13579.991315075542,3:2:4:4:4:1:2:3:3
4:3:4:4:4:1:1:4:4:,recombination,11840.085449211863,3:2:4:4:4:1:1:2:3,4:3:4:4:4:2:1:4:4,MUTATE
4:4:4:4:4:0:1:4:4:,recombination,11491.538545955973,4:2:4:4:4:0:1:2:4,4:4:4:4:4:1:2:4:4,MUTATE
4:2:4:4:4:0:0:0:4:,clone,12237.475580689617,4:2:4:4:4:0:0:0:4
4:3:4:4:4:0:1:2:4:,clone,12840.858283873205,4:3:4:4:4:0:1:3:4
4:2:4:4:4:0:1:1:4:,clone,11168.342374973996,3:2:4:4:4:0:1:1:4
4:4:4:4:4:3:3:4:4:,clone,15072.303292158856,4:4:4:4:4:3:3:4:4
4:2:4:4:4:0:1:3:4:,recombination,12874.192283977605,4:2:4:4:4:1:1:3:4,3:2:4:4:4:2:2:3:3
4:2:4:4:4:1:2:3:4:,clone,12402.484392439266,4:2:4:4:4:1:2:3:4
3:2:4:4:4:2:2:4:3:,recombination,13569.36465046464,3:2:4:4:4:2:2:4:3,3:2:4:4:4:1:1:3:3
3:2:4:4:4:1:1:3:3:,clone,12687.153647117659,3:2:4:4:4:1:1:3:3
4:2:4:4:4:1:2:4:4:,recombination,13381.564929817108,3:2:4:4:4:0:1:2:3,4:3:4:4:4:0:1:3:4
4:2:4:4:4:0:0:0:4:,clone,11052.322755467872,3:2:4:4:4:0:0:0:4
4:4:4:4:4:1:2:4:4:,clone,12018.563105248033,4:4:4:4:4:1:2:4:4
4:3:4:4:4:1:1:2:4:,recombination,14025.30052553335,3:2:4:4:4:2:2:3:3,4:3:4:4:4:0:1:2:4
3:2:4:4:4:0:1:1:4:,clone,11288.9148159588,3:2:4:4:4:0:1:1:4
3:2:4:4:4:0:0:0:3:,clone,12373.625997891657,3:2:4:4:4:0:0:0:3
4:3:4:4:4:1:1:4:4:,clone,11742.833799740696,4:3:4:4:4:1:1:4:4
4:2:4:4:4:3:3:4:4:,recombination,17146.546555430265,2:2:4:4:4:2:2:4:2,4:3:4:4:4:1:1:4:4,MUTATE
4:4:4:4:4:3:3:4:4:,clone,14162.036642850571,4:4:4:4:4:2:3:4:4
4:2:4:4:4:2:3:4:4:,recombination,14721.447644340258,2:2:4:4:4:2:2:4:2,4:3:4:4:4:2:2:4:4,MUTATE
4:2:4:4:4:1:1:4:4:,recombination,13526.81371664681,4:2:4:4:4:0:0:1:4,4:3:4:4:4:2:2:4:4,MUTATE
4:2:4:4:4:1:2:4:4:,clone,12673.877299067268,4:2:4:4:4:1:2:3:4
4:2:4:4:4:0:1:1:4:,recombination,11098.814010189803,4:2:4:4:4:1:1:2:4,4:2:4:4:4:0:0:0:4,MUTATE
3:2:4:4:4:0:0:0:3:,clone,12262.033306043955,3:2:4:4:4:0:0:0:3
4:2:4:4:4:0:0:0:4:,clone,11051.262826301514,4:2:4:4:4:0:0:0:4
4:2:4:4:4:1:2:2:4:,clone,12381.178815261519,4:2:4:4:4:1:1:1:4
4:2:4:4:4:1:1:3:4:,clone,13092.694566452352,4:2:4:4:4:1:2:3:4
4:2:4:4:4:1:1:1:4:,clone,10991.511789493758,4:2:4:4:4:1:1:1:4
3:2:4:4:4:1:2:4:3:,recombination,12804.757769176815,4:2:4:4:4:1:2:3:4,4:3:4:4:4:1:2:4:4,MUTATE
4:2:4:4:4:2:2:4:4:,clone,13953.311044647999,4:2:4:4:4:2:2:4:4
3:2:4:4:4:3:3:4:2:,clone,16737.45642157338,3:2:4:4:4:3:3:4:2
4:2:4:4:4:3:3:4:4:,clone,17090.757603463262,4:2:4:4:4:3:3:4:4
4:2:4:4:4:0:1:2:4:,clone,11611.86955312356,4:2:4:4:4:0:1:2:4
4:2:4:4:4:2:2:4:4:,recombination,13736.188889022596,4:4:4:4:4:2:3:4:4,2:2:4:4:4:2:2:3:2
4:2:4:4:4:1:2:4:4:,recombination,12233.946456975093,3:2:4:4:4:0:1:2:3,4:3:4:4:4:2:2:4:4,MUTATE
4:2:4:4:4:2:2:4:4:,recombination,13703.516013109042,4:3:4:4:4:2:2:4:4,2:2:4:4:4:2:2:3:2,MUTATE
4:3:4:4:4:0:1:4:4:,recombination,11331.786170191652,4:3:4:4:4:1:2:4:4,3:2:4:4:4:1:2:2:3
3:2:4:4:4:0:1:1:4:,recombination,11233.089023318538,4:2:4:4:4:0:1:1:4,3:2:4:4:4:2:2:3:3,MUTATE
4:2:4:4:4:0:1:3:4:,recombination,12412.49662478137,4:3:4:4:4:2:2:4:4,4:2:4:4:4:0:1:2:4,MUTATE
4:2:4:4:4:1:1:3:4:,clone,11722.002617403143,4:2:4:4:4:1:1:3:4
4:2:4:4:4:0:0:3:4:,recombination,11356.291637796154,4:3:4:4:4:2:3:4:4,3:2:4:4:4:0:0:1:3
3:2:4:4:4:2:2:3:3:,clone,13819.868270765804,3:2:4:4:4:2:2:3:3
3:2:4:4:4:1:2:2:3:,clone,13285.652369487301,3:2:4:4:4:1:2:2:3
4:4:4:4:4:0:1:4:4:,clone,11472.405704896995,4:4:4:4:4:0:1:4:4
4:2:4:4:4:2:3:4:4:,clone,12897.97801443476,4:2:4:4:4:1:2:4:4
4:3:4:4:4:0:1:2:4:,clone,12599.591223502337,4:3:4:4:4:1:1:2:4
3:2:4:4:4:1:1:3:3:,clone,12680.879349925555,3:2:4:4:4:1:1:3:3
4:3:4:4:4:0:1:3:4:,recombination,10845.814522785113,4:3:4:4:4:0:1:4:4,4:2:4:4:4:1:1:2:4
3:2:4:4:4:3:3:4:2:,clone,16175.940555519288,3:2:4:4:4:3:3:4:2
4:4:4:4:4:1:2:4:4:,clone,11992.213574570274,4:4:4:4:4:1:2:4:4
4:2:4:4:4:0:1:3:4:,recombination,11952.626767378635,4:2:4:4:4:0:0:3:4,4:2:4:4:4:0:1:1:4
2:2:4:4:4:0:0:1:3:,clone,13096.53531516042,3:2:4:4:4:0:0:1:3
4:4:4:4:4:2:3:4:4:,recombination,13796.291996969341,4:4:4:4:4:3:3:4:4,4:3:4:4:4:2:2:4:4
3:2:4:4:4:2:2:3:3:,clone,13512.167652855207,3:2:4:4:4:2:2:3:3
4:2:4:4:4:0:0:0:4:,recombination,10633.26272680003,4:4:4:4:4:1:2:4:4,3:2:4:4:4:0:0:2:3
3:2:4:4:4:0:0:0:3:,clone,12152.675377447744,3:2:4:4:4:0:0:0:3
4:2:4:4:4:2:2:4:4:,clone,13589.080637406936,4:2:4:4:4:2:2:4:4
4:3:4:4:4:1:1:4:4:,clone,11564.003423246768,4:3:4:4:4:1:1:4:4
4:2:4:4:4:0:1:2:4:,recombination,11399.04788023838,4:2:4:4:4:0:1:2:4,4:2:4:4:4:0:1:2:4,MUTATE
4:3:4:4:4:1:2:4:4:,recombination,11907.195758657079,4:3:4:4:4:2:2:4:4,3:2:4:4:4:2:2:3:3,MUTATE
3:2:4:4:4:0:0:1:4:,clone,11577.28044078558,4:2:4:4:4:0:0:0:4
4:2:4:4:4:1:1:4:4:,clone,12984.306568225666,4:2:4:4:4:1:1:4:4
4:4:4:4:4:2:2:4:4:,clone,12968.219099659414,4:4:4:4:4:2:2:4:4
3:2:4:4:4:3:3:4:3:,clone,16106.050582006415,3:2:4:4:4:3:3:4:3
3:2:4:4:4:2:2:3:3:,recombination,12588.403904326233,3:2:4:4:4:2:3:4:3,2:2:4:4:4:0:0:1:3,MUTATE
4:2:4:4:4:0:0:1:4:,recombination,11137.434270658536,3:2:4:4:4:0:0:0:4,4:3:4:4:4:1:2:4:4,MUTATE
4:4:4:4:4:0:0:0:4:,recombination,11736.73844327482,3:2:4:4:4:1:2:2:3,4:4:4:4:4:0:0:0:4
4:2:4:4:4:2:2:3:4:,recombination,13519.327433489272,2:2:4:4:4:2:2:3:2,4:2:4:4:4:1:2:4:4,MUTATE
4:2:4:4:4:2:2:4:4:,clone,12311.713073825857,4:2:4:4:4:1:2:4:4
4:2:4:4:4:2:2:4:4:,recombination,12252.383946930358,4:2:4:4:4:2:2:4:4,3:2:4:4:4:0:0:0:3,MUTATE
3:2:4:4:4:3:3:4:3:,clone,15531.587189025317,3:2:4:4:4:3:3:4:3
4:2:4:4:4:1:1:4:4:,recombination,12201.097856955434,3:2:4:4:4:0:0:1:4,4:2:4:4:4:1:2:2:4,MUTATE
4:2:4:4:4:1:1:2:4:,clone,11986.046051811385,4:2:4:4:4:0:0:1:4
4:2:4:4:4:0:0:1:4:,clone,11085.391395696019,4:2:4:4:4:0:0:1:4
3:2:4:4:4:2:2:4:3:,clone,13558.652993310701,4:2:4:4:4:2:2:4:4
4:2:4:4:4:1:2:3:4:,clone,12325.084934994184,3:2:4:4:4:1:1:3:3
2:1:4:4:4:3:3:4:1:,recombination,16996.34526696562,4:2:4:4:4:0:0:0:4,1:1:4:4:4:3:3:4:1,MUTATE
4:3:4:4:4:1:1:4:4:,recombination,11553.264793289016,3:2:4:4:4:0:1:2:3,4:4:4:4:4:2:2:4:4
4:2:4:4:4:1:1:2:4:,recombination,11490.752426057932,3:2:4:4:4:1:1:3:3,3:2:4:4:4:2:2:3:3
4:4:4:4:4:1:1:4:4:,clone,11751.754306120052,4:4:4:4:4:1:1:4:4
4:4:4:4:4:1:1:4:4:,clone,11619.236983120658,4:4:4:4:4:1:1:4:4
4:3:4:4:4:1:1:4:4:,clone,11490.565600494667,4:3:4:4:4:1:1:4:4
4:2:4:4:4:0:1:0:4:,clone,11764.501936674173,4:2:4:4:4:0:0:0:4
3:2:4:4:4:0:0:1:3:,clone,12293.85180338996,3:2:4:4:4:1:1:3:3
4:3:4:4:4:1:1:4:4:,clone,11458.940306057662,4:3:4:4:4:1:1:4:4
3:2:4:4:4:3:3:4:2:,recombination,15632.944756752358,3:2:4:4:4:3:3:4:2,3:2:4:4:4:0:0:0:3,MUTATE
4:3:4:4:4:0:1:4:4:,recombination,10935.3870139227,4:3:4:4:4:0:1:3:4,3:2:4:4:4:0:1:1:3,MUTATE
4:3:4:4:4:1:1:4:4:,recombination,11250.051239430952,4:2:4:4:4:1:1:3:4,4:3:4:4:4:1:2:4:4,MUTATE
4:3:4:4:4:1:2:3:4:,recombination,13388.4399836272,2:2:4:4:4:1:2:4:2,4:4:4:4:4:0:0:0:4
2:2:4:4:4:0:0:1:3:,recombination,13087.18223903735,3:2:4:4:4:1:1:1:3,2:2:4:4:4:0:1:1:3
3:2:4:4:4:2:2:4:3:,clone,12516.457797307661,3:2:4:4:4:2:2:3:3
4:2:4:4:4:1:1:2:4:,clone,11345.664213583033,4:2:4:4:4:1:1:2:4
4:2:4:4:4:0:1:3:4:,recombination,11231.432193744791,4:3:4:4:4:0:1:3:4,2:1:4:4:4:2:3:4:2,MUTATE
4:2:4:4:4:0:0:0:4:,clone,10545.365373888488,4:2:4:4:4:1:1:2:4
4:3:4:4:4:1:2:3:4:,clone,13199.158169502161,4:3:4:4:4:1:2:3:4
4:3:4:4:4:1:2:4:4:,clone,11838.152299352776,4:3:4:4:4:1:1:4:4
4:2:4:4:4:3:3:4:4:,recombination,16767.5272198572,2:2:4:4:4:2:3:4:2,4:3:4:4:4:4:4:4:4,MUTATE
3:2:4:4:4:1:1:3:3:,recombination,12337.226791627241,4:2:4:4:4:1:1:3:4,3:2:4:4:4:0:0:0:3,MUTATE
4:4:4:4:4:0:0:1:4:,recombination,12335.260713423553,3:2:4:4:4:1:2:2:3,4:4:4:4:4:0:0:0:4
2:2:4:4:4:3:3:4:2:,clone,15805.888038972862,1:1:4:4:4:3:3:4:1
4:2:4:4:4:1:2:3:4:,recombination,11935.726278260487,4:3:4:4:4:1:2:4:4,3:2:4:4:4:2:2:4:3
4:4:4:4:4:0:0:1:4:,clone,12224.213257698628,4:4:4:4:4:0:0:0:4
4:3:4:4:4:1:2:4:4:,clone,11771.789019962318,4:3:4:4:4:1:2:4:4
4:2:4:4:4:1:2:3:4:,clone,11900.972879924173,4:2:4:4:4:1:2:3:4
3:2:4:4:4:1:2:3:3:,clone,12546.175631757946,4:2:4:4:4:1:2:3:4
4:2:4:4:4:0:0:2:4:,recombination,9546.881663740029,4:3:4:4:4:1:1:4:4,4:2:4:4:4:0:0:0:4
4:3:4:4:4:4:3:4:4:,recombination,16990.444893618238,4:3:4:4:4:3:3:4:4,3:2:4:4:4:1:1:2:3,MUTATE
4:3:4:4:4:1:2:4:4:,clone,11575.176018458475,4:3:4:4:4:1:2:4:4
3:2:4:4:4:2:3:4:3:,recombination,12651.82907413233,3:2:4:4:4:2:3:4:3,4:2:4:4:4:1:2:3:4,MUTATE
4:2:4:4:4:1:1:2:4:,recombination,10707.574847345426,4:3:4:4:4:1:2:4:4,3:2:4:4:4:2:2:4:3,MUTATE
4:3:4:4:4:3:3:4:4:,recombination,14422.606778587508,4:4:4:4:4:1:2:4:4,4:4:4:4:4:3:3:4:4
4:4:4:4:4:2:3:4:4:,clone,13794.39287259923,4:4:4:4:4:2:3:4:4
4:2:4:4:4:1:1:3:4:,clone,10811.787909782643,4:2:4:4:4:1:1:2:4
4:4:4:4:4:2:3:4:4:,clone,13650.433231033425,4:4:4:4:4:2:3:4:4
3:2:4:4:4:1:1:1:4:,clone,12363.229127320006,3:2:4:4:4:1:1:1:4
3:2:4:4:4:1:2:4:3:,clone,12203.55924105411,4:2:4:4:4:1:2:3:4
3:2:4:4:4:2:3:4:2:,clone,15668.597275227286,3:2:4:4:4:3:3:4:2
4:2:4:4:4:1:1:4:4:,clone,11120.140965458277,4:2:4:4:4:1:1:3:4
3:2:4:4:4:2:3:4:2:,clone,15582.159048593394,3:2:4:4:4:1:2:4:3
4:2:4:4:4:3:3:4:3:,recombination,16169.229254453998,1:1:4:4:4:3:3:4:1,4:3:4:4:4:3:3:4:4
4:2:4:4:4:1:2:4:4:,recombination,11631.624560158949,4:3:4:4:4:1:2:4:4,4:2:4:4:4:1:2:3:4
4:3:4:4:4:2:3:4:4:,clone,12777.976274499377,4:3:4:4:4:2:2:4:4
4:2:4:4:4:1:2:4:4:,clone,11171.957015800814,4:2:4:4:4:1:1:4:4
4:3:4:4:4:2:2:4:4:,recombination,12574.70331690682,4:3:4:4:4:1:2:4:4,3:2:4:4:4:0:0:0:3
4:3:4:4:4:3:3:4:4:,clone,14271.469475461707,4:3:4:4:4:3:3:4:4
4:3:4:4:4:1:1:2:4:,recombination,12858.026621451325,4:4:4:4:4:2:3:4:4,4:3:4:4:4:0:1:2:4
4:2:4:4:4:2:2:3:4:,clone,13420.472857916595,4:2:4:4:4:1:1:2:4
4:3:4:4:4:1:1:4:4:,recombination,11208.736805493403,4:4:4:4:4:3:3:4:4,4:2:4:4:4:1:1:2:4
4:3:4:4:4:1:1:4:4:,clone,11173.576541624736,4:3:4:4:4:1:1:4:4
4:3:4:4:4:1:1:4:4:,recombination,11009.083838954668,4:2:4:4:4:1:1:4:4,4:2:4:4:4:0:1:3:4,MUTATE
4:2:4:4:4:3:3:4:4:,recombination,14092.03789074631,4:4:4:4:4:2:2:4:4,4:2:4:4:4:2:3:4:4
4:2:4:4:4:2:2:4:4:,clone,12155.17791731034,4:2:4:4:4:2:2:4:4
4:3:4:4:4:0:0:1:4:,recombination,11766.565767081729,4:3:4:4:4:1:1:4:4,3:2:4:4:4:0:0:0:3,MUTATE
4:3:4:4:4:3:3:4:4:,recombination,13890.363375343746,4:2:4:4:4:0:1:2:4,4:3:4:4:4:3:3:4:4,MUTATE
3:2:4:4:4:3:4:4:2:,clone,16788.75646722519,3:2:4:4:4:3:4:4:2
4:3:4:4:4:1:1:3:4:,recombination,13240.43447381139,3:2:4:4:4:0:0:0:3,4:3:4:4:4:0:1:4:4
4:2:4:4:4:1:1:4:4:,recombination,10693.773708312288,4:2:4:4:4:1:1:3:4,4:2:4:4:4:0:0:1:4,MUTATE
4:3:4:4:4:0:1:3:4:,clone,10663.67032170976,4:3:4:4:4:0:1:3:4
4:2:4:4:4:1:2:4:4:,recombination,10939.989780185966,4:3:4:4:4:2:3:4:4,4:2:4:4:4:1:1:4:4,MUTATE
4:3:4:4:4:0:1:3:4:,clone,10503.345705459931,4:3:4:4:4:0:1:3:4
4:3:4:4:4:0:1:3:4:,recombination,10458.016538466503,3:2:4:4:4:1:1:3:3,4:3:4:4:4:0:1:3:4,MUTATE
4:3:4:4:4:0:1:4:4:,clone,10492.290450285445,4:3:4:4:4:0:1:4:4
4:3:4:4:4:0:1:4:4:,clone,10438.74592463297,4:3:4:4:4:0:1:4:4
4:3:4:4:4:1:2:4:4:,recombination,11386.180297373128,4:3:4:4:4:1:2:4:4,4:3:4:4:4:0:1:3:4
4:3:4:4:4:0:1:4:4:,recombination,10415.961874779467,4:3:4:4:4:1:1:4:4,4:3:4:4:4:1:1:4:4,MUTATE
4:3:4:4:4:0:1:2:4:,recombination,12057.044788922514,4:2:4:4:4:0:0:1:4,4:3:4:4:4:1:1:3:4
2:2:4:4:4:3:4:4:2:,clone,16307.314129173656,3:2:4:4:4:2:3:4:2
4:3:4:4:4:1:2:4:4:,clone,11207.61799916899,4:3:4:4:4:1:2:4:4
4:3:4:4:4:1:2:4:4:,clone,11194.58788147972,4:3:4:4:4:1:2:4:4
2:2:4:4:4:1:2:2:2:,clone,14556.114547592791,2:2:4:4:4:1:2:2:2
2:2:4:4:4:1:2:4:2:,clone,14417.163330446034,2:2:4:4:4:1:1:3:2
4:3:4:4:4:4:4:4:4:,clone,17765.07569931592,4:3:4:4:4:4:4:4:4
4:3:4:4:4:1:1:2:4:,clone,12788.464639697393,4:3:4:4:4:1:1:2:4
2:2:4:4:4:1:1:4:2:,clone,14329.78211642226,2:2:4:4:4:1:2:4:2
4:2:4:4:4:2:3:4:4:,clone,12525.471549482205,4:2:4:4:4:2:2:4:4
4:3:4:4:4:0:0:3:4:,clone,11516.938809306232,4:2:4:4:4:0:0:3:4
4:3:4:4:4:1:1:4:4:,recombination,10995.24314791613,4:3:4:4:4:1:1:4:4,4:2:4:4:4:1:1:3:4
4:4:4:4:4:0:0:2:4:,clone,11802.300876656407,4:4:4:4:4:0:0:2:4
4:3:4:4:4:0:1:4:4:,clone,10327.806049564066,4:3:4:4:4:0:1:4:4
4:3:4:4:4:0:1:4:4:,clone,10303.281440662604,4:3:4:4:4:0:1:4:4
4:2:4:4:4:2:2:4:4:,clone,11950.532585504454,4:2:4:4:4:1:2:4:4
4:3:4:4:4:2:2:4:4:,recombination,12010.815768337878,4:3:4:4:4:1:2:4:4,3:2:4:4:4:0:0:0:3,MUTATE
4:2:4:4:4:0:1:4:4:,clone,11122.983754636125,4:2:4:4:4:0:1:3:4
4:3:4:4:4:1:1:4:4:,recombination,10879.94622444541,4:3:4:4:4:1:1:4:4,4:2:4:4:4:1:2:4:4
4:2:4:4:4:1:3:4:4:,recombination,12848.738339761185,4:3:4:4:4:1:1:4:4,3:2:4:4:4:1:1:1:4,MUTATE
2:2:4:4:4:3:4:4:1:,clone,16672.35527741435,2:2:4:4:4:3:4:4:2
4:2:4:4:4:1:1:4:4:,clone,10362.667669813743,4:2:4:4:4:1:1:4:4
4:3:4:4:4:0:1:2:4:,recombination,11221.561340079432,4:3:4:4:4:0:1:2:4,3:2:4:4:4:0:0:2:3,MUTATE
4:3:4:4:4:0:1:4:4:,clone,10179.715027341732,4:3:4:4:4:0:1:4:4
4:3:4:4:4:4:4:4:4:,clone,17745.11981005439,4:3:4:4:4:4:4:4:4
4:2:4:4:4:0:1:4:4:,clone,10157.932989255742,4:2:4:4:4:0:1:4:4
4:3:4:4:4:1:1:4:4:,recombination,10644.818810770877,4:3:4:4:4:0:1:4:4,4:2:4:4:4:0:0:0:4,MUTATE
4:2:4:4:4:2:3:4:3:,recombination,14188.496383687003,4:2:4:4:4:2:3:4:4,2:2:4:4:4:1:2:3:2,MUTATE
4:4:4:4:4:0:1:3:4:,clone,12919.027284906142,4:4:4:4:4:0:1:3:4
4:3:4:4:4:3:4:4:4:,clone,16980.278734629348,4:3:4:4:4:3:4:4:4
4:3:4:4:4:1:1:4:4:,clone,10517.198446007931,4:3:4:4:4:1:1:4:4
4:3:4:4:4:1:1:4:4:,clone,10474.610715028786,4:3:4:4:4:1:1:4:4
4:4:4:4:4:0:1:2:4:,recombination,12734.900390571163,4:4:4:4:4:0:0:2:4,3:2:4:4:4:0:0:0:4
4:2:4:4:4:3:3:4:4:,recombination,14029.016186998997,4:3:4:4:4:2:3:4:4,4:3:4:4:4:4:4:4:4,MUTATE
4:4:4:4:4:0:1:3:4:,clone,12857.161411358717,4:4:4:4:4:0:1:3:4
4:3:4:4:4:2:2:4:4:,clone,11933.226311693894,4:2:4:4:4:1:1:4:4
3:2:4:4:4:2:3:4:2:,clone,15298.553364379019,2:2:4:4:4:3:4:4:2
4:4:4:4:4:0:0:3:4:,recombination,12839.936877323718,4:3:4:4:4:3:3:4:4,4:4:4:4:4:0:0:0:4,MUTATE
4:2:4:4:4:2:2:4:4:,clone,11736.557992419615,4:2:4:4:4:2:2:4:4
4:3:4:4:4:4:4:4:4:,clone,17674.356639353668,4:3:4:4:4:4:4:4:4
4:3:4:4:4:3:4:4:4:,clone,16588.297627077394,4:3:4:4:4:3:3:4:4
3:2:4:4:4:3:3:4:3:,recombination,15272.32314356773,4:3:4:4:4:4:4:4:4,3:2:4:4:4:0:0:0:3
4:3:4:4:4:4:4:4:4:,clone,17640.619602758296,4:3:4:4:4:4:4:4:4
4:3:4:4:4:3:4:4:4:,clone,16580.89151084776,4:3:4:4:4:3:4:4:4
4:2:4:4:4:3:3:4:3:,clone,16119.275441022324,3:2:4:4:4:3:3:4:3
3:2:4:4:4:2:3:4:2:,clone,14371.71576498055,3:2:4:4:4:2:3:4:2
4:2:4:4:4:3:3:4:3:,recombination,15989.474164765914,2:2:4:4:4:2:2:4:2,2:2:4:4:4:1:1:3:2
4:3:4:4:4:4:4:4:4:,clone,17535.195533040467,4:3:4:4:4:4:4:4:4
3:2:4:4:4:3:3:4:2:,recombination,14354.012310294534,4:4:4:4:4:0:1:2:4,4:2:4:4:4:2:3:4:3,MUTATE
4:3:4:4:4:3:4:4:4:,clone,16490.46526458533,4:3:4:4:4:3:4:4:4
4:2:4:4:4:2:3:4:4:,clone,12425.133184216713,4:2:4:4:4:2:3:4:4
4:2:4:4:4:3:3:4:3:,recombination,13867.3413028846,4:2:4:4:4:0:0:2:4,4:2:4:4:4:2:2:4:4,MUTATE
4:3:4:4:4:4:4:4:4:,clone,17409.08814928641,4:3:4:4:4:4:4:4:4
2:2:4:4:4:3:4:4:2:,clone,15635.464270784772,2:2:4:4:4:3:4:4:2
4:2:4:4:4:4:4:4:3:,recombination,18303.552489322334,4:3:4:4:4:4:4:4:4,4:2:4:4:4:1:2:4:4
2:2:4:4:4:4:4:4:1:,recombination,18302.276727125423,2:1:4:4:4:3:3:4:1,3:2:4:4:4:1:2:4:3
4:3:4:4:4:4:4:4:4:,recombination,15801.389878201006,4:3:4:4:4:3:3:4:4,4:2:4:4:4:2:2:4:4
4:2:4:4:4:3:4:4:3:,recombination,15935.9125878127,4:2:4:4:4:0:0:0:4,3:2:4:4:4:1:1:3:3,MUTATE
2:2:4:4:4:4:4:4:2:,recombination,17719.99271974753,2:1:4:4:4:3:3:4:1,4:4:4:4:4:1:2:4:4,MUTATE
4:3:4:4:4:3:4:4:4:,clone,15128.775456152815,4:3:4:4:4:3:4:4:4
4:2:4:4:4:2:3:4:3:,recombination,14033.975152161596,4:3:4:4:4:1:2:4:4,2:2:4:4:4:2:2:4:2,MUTATE
4:2:4:4:4:3:3:4:4:,recombination,13841.23195111426,3:2:4:4:4:0:0:1:4,4:2:4:4:4:3:3:4:3
4:2:4:4:4:4:4:4:3:,clone,18225.224450550897,4:2:4:4:4:4:4:4:3
4:2:4:4:4:3:4:4:4:,recombination,17542.709860338266,4:2:4:4:4:4:4:4:3,2:2:4:4:4:1:1:3:2
4:2:4:4:4:3:4:4:4:,recombination,15987.657854038673,3:2:4:4:4:3:3:4:3,3:2:4:4:4:0:0:0:3,MUTATE
4:2:4:4:4:2:2:4:3:,recombination,15938.112322167755,4:2:4:4:4:1:1:2:4,2:1:4:4:4:2:3:4:2,MUTATE
4:3:4:4:4:3:4:4:4:,clone,15112.532013328708,4:3:4:4:4:3:4:4:4
4:2:4:4:4:4:4:4:4:,recombination,17690.468266149575,3:2:4:4:4:0:1:1:4,4:2:4:4:4:0:1:2:4,MUTATE
4:2:4:4:4:3:4:4:3:,clone,14811.067503372049,4:2:4:4:4:3:4:4:3
3:2:4:4:4:1:1:4:3:,recombination,14141.49545858908,4:2:4:4:4:0:0:0:4,2:2:4:4:4:0:1:1:3
3:2:4:4:4:3:4:4:2:,clone,16762.36763146091,3:2:4:4:4:3:3:4:3
4:2:4:4:4:3:4:4:4:,clone,15408.800935686968,4:2:4:4:4:3:4:4:4
3:2:4:4:4:3:4:4:3:,recombination,18170.94482426816,4:4:4:4:4:3:3:4:4,1:1:4:4:4:3:3:4:1,MUTATE
4:3:4:4:4:4:4:4:4:,clone,15548.197175159003,4:3:4:4:4:3:4:4:4
3:2:4:4:4:3:4:4:2:,recombination,15755.846191511404,4:3:4:4:4:2:3:4:4,4:2:4:4:4:2:3:4:3
4:2:4:4:4:3:4:4:4:,recombination,15270.053297755985,4:2:4:4:4:1:2:3:4,4:3:4:4:4:2:2:4:4,MUTATE
2:2:4:4:4:3:3:4:1:,recombination,16025.992280023485,2:1:4:4:4:3:3:4:1,3:2:4:4:4:1:1:1:3
4:3:4:4:4:3:4:4:4:,recombination,15074.536432420951,4:4:4:4:4:2:2:4:4,4:3:4:4:4:3:4:4:4
4:2:4:4:4:3:4:4:4:,recombination,15008.10237371733,4:3:4:4:4:3:4:4:4,3:2:4:4:4:1:1:2:3
2:2:4:4:4:4:4:4:2:,clone,17260.83088683083,3:2:4:4:4:3:4:4:2
1:2:4:4:4:3:4:4:1:,clone,16103.000790916965,1:2:4:4:4:3:4:4:1
2:2:4:4:4:4:4:4:1:,recombination,18271.98479327545,2:2:4:4:4:4:4:4:2,2:2:4:4:4:4:4:4:1
4:2:4:4:4:4:4:4:4:,recombination,16935.57047063912,4:2:4:4:4:3:3:4:4,4:4:4:4:4:1:2:4:4
4:2:4:4:4:4:4:4:4:,clone,16894.624018453804,4:2:4:4:4:4:4:4:4
3:2:4:4:4:4:4:4:2:,clone,16917.451961317627,3:2:4:4:4:4:4:4:2
4:3:4:4:4:3:3:4:4:,clone,13703.714714623446,4:3:4:4:4:3:3:4:4
4:2:4:4:4:4:4:4:3:,recombination,16626.28958680684,4:2:4:4:4:4:4:4:4,4:3:4:4:4:2:2:4:4,MUTATE
4:3:4:4:4:3:3:4:4:,clone,13672.29454865329,4:3:4:4:4:3:3:4:4
4:2:4:4:4:4:4:4:4:,recombination,16436.70949362585,4:2:4:4:4:4:4:4:3,4:3:4:4:4:2:3:4:4
3:2:4:4:4:1:1:4:3:,recombination,13417.437347746998,2:2:4:4:4:0:1:1:3,4:2:4:4:4:0:1:2:4
4:3:4:4:4:3:4:4:4:,recombination,15013.824218851692,4:3:4:4:4:1:1:4:4,4:2:4:4:4:3:3:4:4,MUTATE
1:2:4:4:4:4:4:4:1:,recombination,18636.45824872231,2:2:4:4:4:4:4:4:1,3:2:4:4:4:2:3:4:2,MUTATE
4:2:4:4:4:4:4:4:4:,recombination,16320.862605336357,4:3:4:4:4:2:3:4:4,4:4:4:4:4:1:1:4:4
4:2:4:4:4:4:4:4:4:,clone,16266.586963690803,4:2:4:4:4:4:4:4:4
4:2:4:4:4:4:4:4:3:,recombination,16329.34100803472,3:2:4:4:4:4:4:4:2,4:2:4:4:4:1:1:3:4,MUTATE
3:2:4:4:4:4:4:4:2:,recombination,15868.726106579277,4:3:4:4:4:3:4:4:4,2:1:4:4:4:3:3:4:1
2:2:4:4:4:4:4:4:1:,recombination,17955.074538077923,2:1:4:4:4:3:3:4:1,4:3:4:4:4:1:1:4:4,MUTATE
2:2:4:4:4:2:3:3:2:,clone,15668.013749628457,2:2:4:4:4:2:2:3:2
4:2:4:4:4:4:4:4:4:,recombination,15925.291962351079,4:2:4:4:4:1:2:4:4,4:2:4:4:4:1:2:3:4
3:2:4:4:4:1:1:4:3:,clone,13367.352167713818,3:2:4:4:4:1:1:4:3
2:2:4:4:4:4:4:4:1:,recombination,16472.960864767796,4:2:4:4:4:4:4:4:3,3:2:4:4:4:3:3:4:2,MUTATE
4:2:4:4:4:2:3:4:3:,recombination,13917.282531615545,4:3:4:4:4:1:1:2:4,4:3:4:4:4:3:3:4:4,MUTATE
3:2:4:4:4:4:4:4:1:,clone,17182.259491211447,3:2:4:4:4:4:4:4:2
2:2:4:4:4:3:3:4:2:,clone,15178.300593420268,2:2:4:4:4:3:3:4:1
2:2:4:4:4:4:4:4:2:,recombination,17254.4688841933,2:2:4:4:4:4:4:4:2,2:2:4:4:4:1:1:4:2
2:2:4:4:4:4:4:4:1:,clone,16226.81753744172,2:2:4:4:4:4:4:4:1
4:2:4:4:4:4:4:4:3:,recombination,16195.508476764091,3:2:4:4:4:3:3:4:2,4:2:4:4:4:4:4:4:4,MUTATE
4:3:4:4:4:3:4:4:4:,clone,14623.044280203718,4:3:4:4:4:3:4:4:4
4:2:4:4:4:4:4:4:2:,recombination,16484.945241729554,3:2:4:4:4:0:1:2:3,4:3:4:4:4:3:3:4:4,MUTATE
4:2:4:4:4:4:4:4:2:,clone,16423.660326738955,4:2:4:4:4:4:4:4:2
3:2:4:4:4:4:4:4:1:,recombination,16260.916400824572,3:2:4:4:4:3:3:4:2,4:3:4:4:4:1:1:3:4,MUTATE
3:2:4:4:4:3:4:4:3:,recombination,15607.685053467954,3:2:4:4:4:1:2:3:3,2:2:4:4:4:4:4:4:2,MUTATE
2:2:4:4:4:4:4:4:1:,clone,16039.414820026439,2:2:4:4:4:4:4:4:1
4:2:4:4:4:2:2:4:3:,recombination,14006.298282337473,4:4:4:4:4:2:2:4:4,3:2:4:4:4:0:1:0:3
4:2:4:4:4:4:4:4:2:,clone,16323.289297044601,4:2:4:4:4:4:4:4:2
4:2:4:4:4:4:4:4:3:,clone,16123.801516717847,4:2:4:4:4:4:4:4:3
4:2:4:4:4:4:4:4:3:,clone,15690.174005401866,4:2:4:4:4:4:4:4:3
4:3:4:4:4:4:4:4:3:,recombination,17315.30523689522,4:3:4:4:4:4:4:4:4,4:2:4:4:4:1:2:3:4
4:2:4:4:4:2:3:4:3:,clone,13217.173432794167,4:2:4:4:4:2:2:4:3
2:2:4:4:4:3:3:4:2:,clone,15048.67204995013,2:2:4:4:4:3:3:4:2
4:3:4:4:4:4:4:4:3:,clone,17246.109505333676,4:3:4:4:4:4:4:4:3
4:3:4:4:4:4:4:4:4:,clone,15523.244701831043,4:3:4:4:4:4:4:4:4
2:2:4:4:4:3:3:4:2:,recombination,14787.693679635995,2:2:4:4:4:3:3:4:2,4:2:4:4:4:2:2:4:3
2:2:4:4:4:3:4:4:1:,recombination,16537.175233096335,3:2:4:4:4:1:2:2:3,2:2:4:4:4:1:2:2:2,MUTATE
4:2:4:4:4:4:4:4:2:,clone,16312.00726473605,4:2:4:4:4:4:4:4:2
4:2:4:4:4:4:4:4:2:,clone,16100.179312386237,4:2:4:4:4:4:4:4:2
3:2:4:4:4:3:4:4:2:,clone,15018.005484133873,3:2:4:4:4:3:4:4:2
2:2:4:4:4:3:4:4:1:,recombination,15719.65986295561,4:2:4:4:4:1:2:3:4,2:2:4:4:4:3:4:4:2
3:2:4:4:4:3:3:4:3:,clone,15026.987039285872,3:2:4:4:4:3:3:4:2
4:2:4:4:4:4:4:4:3:,recombination,15643.317949240747,4:2:4:4:4:0:0:2:4,4:2:4:4:4:2:2:4:4
2:2:4:4:3:4:4:4:1:,recombination,16175.223412697971,4:4:4:4:4:1:2:4:4,3:2:4:4:4:3:3:4:2
3:2:4:4:4:2:3:3:3:,clone,15865.791760317887,2:2:4:4:4:2:3:3:2
4:3:4:4:4:4:4:4:4:,recombination,15513.86387523402,4:3:4:4:4:4:4:4:4,3:2:4:4:4:1:1:3:3
4:2:4:4:4:4:4:4:4:,recombination,15820.136674543272,4:4:4:4:4:1:2:4:4,4:2:4:4:4:4:4:4:3
2:2:4:4:4:4:4:4:1:,recombination,15945.633015352589,4:2:4:4:4:4:4:4:4,3:2:4:4:4:3:3:4:2
4:2:4:4:4:4:4:4:4:,recombination,15779.655308547017,4:2:4:4:4:4:4:4:2,4:3:4:4:4:2:2:4:4
3:2:4:4:4:4:4:4:2:,recombination,15525.577805384344,4:2:4:4:4:2:3:4:3,3:2:4:4:4:2:3:4:2
4:2:4:4:4:4:4:4:3:,recombination,15310.524702154667,4:2:4:4:4:4:4:4:3,4:2:4:4:4:0:1:4:4
4:3:4:4:4:4:3:4:4:,clone,15864.01496970695,4:3:4:4:4:4:3:4:4
4:2:4:4:4:4:4:4:3:,clone,15301.82022906245,4:2:4:4:4:4:4:4:3
4:2:4:4:4:4:4:4:2:,clone,15402.552641829297,4:2:4:4:4:4:4:4:2
2:2:4:4:4:3:4:4:1:,clone,15517.764834247439,2:2:4:4:4:3:4:4:1
2:2:4:4:2:4:4:4:0:,recombination,16072.411380108379,2:2:4:4:4:4:4:4:1,4:3:4:4:4:3:4:4:4,MUTATE
4:4:4:4:4:4:4:4:4:,recombination,16630.23662870926,4:4:4:4:4:2:3:4:4,4:2:4:4:4:2:3:4:4,MUTATE
4:3:4:4:4:4:3:4:4:,clone,15597.087872861279,4:3:4:4:4:4:3:4:4
4:3:4:4:4:4:4:4:3:,clone,16308.044170288773,4:3:4:4:4:4:4:4:3
4:2:4:4:4:2:3:4:3:,recombination,13147.186553058044,4:2:4:4:4:4:4:4:4,2:2:4:4:4:1:1:2:2,MUTATE
4:2:4:4:4:4:4:4:4:,recombination,15438.523443049176,4:2:4:4:4:4:4:4:4,4:4:4:4:4:3:2:4:4,MUTATE
4:4:4:4:4:4:3:4:4:,recombination,17317.539297096457,4:3:4:4:4:3:4:4:4,4:4:4:4:4:2:3:4:4,MUTATE
4:2:4:4:4:4:4:4:4:,clone,15167.754337577142,4:2:4:4:4:4:4:4:4
4:2:4:4:4:4:4:4:2:,clone,15279.762751454935,4:2:4:4:4:4:4:4:2
3:2:4:4:4:3:3:4:2:,recombination,14280.136750042198,4:4:4:4:4:1:2:4:4,3:2:4:4:4:3:3:4:3,MUTATE
3:2:4:4:3:4:4:4:1:,clone,18642.74581345168,3:2:4:4:4:4:4:4:2
4:3:4:4:4:1:1:3:4:,clone,12449.629989932682,4:3:4:4:4:1:1:3:4
2:2:4:4:2:4:4:4:1:,recombination,18449.979668714524,3:2:4:4:4:3:3:4:2,4:2:4:4:4:3:4:4:4
4:2:4:4:4:4:4:4:2:,clone,15067.542168284504,4:2:4:4:4:4:4:4:2
2:2:4:4:1:4:4:4:0:,recombination,18042.589028486156,2:2:4:4:2:4:4:4:1,4:2:4:4:4:4:4:4:3
3:2:4:4:4:4:4:4:2:,clone,15296.165604087504,3:2:4:4:4:4:4:4:2
3:2:4:4:4:3:4:4:1:,clone,14520.825416563946,3:2:4:4:4:4:4:4:1
3:2:4:4:4:4:4:4:2:,clone,15148.04996150697,3:2:4:4:4:4:4:4:2
4:2:4:4:4:3:3:4:2:,recombination,16832.619798864074,4:3:4:4:4:1:1:2:4,4:3:4:4:4:3:4:4:4,MUTATE
3:2:4:4:4:4:4:4:1:,recombination,16189.377914844094,2:2:4:4:4:4:4:4:1,3:2:4:4:4:2:3:4:3
3:2:4:4:4:4:4:4:2:,clone,14827.412351920011,3:2:4:4:4:4:4:4:2
3:2:4:4:4:3:4:4:2:,recombination,15002.059791267504,3:2:4:4:4:3:3:4:2,3:2:4:4:4:1:2:4:3
4:3:4:4:4:1:1:3:4:,clone,12435.39375807594,4:3:4:4:4:1:1:3:4
4:3:4:4:4:1:1:3:4:,clone,12261.731752364505,4:3:4:4:4:1:1:3:4
4:3:4:4:4:4:4:4:4:,recombination,15202.699513232787,3:2:4:4:4:3:3:4:3,4:2:4:4:4:4:4:4:4
4:2:4:4:4:4:4:4:3:,recombination,15136.199354447464,4:2:4:4:4:0:1:1:4,4:2:4:4:4:4:4:4:4
3:2:4:4:4:4:4:4:1:,clone,14740.355476771872,3:2:4:4:4:4:4:4:1
4:4:4:4:4:3:4:4:4:,clone,16806.097852847488,4:4:4:4:4:3:3:4:4
3:2:4:4:4:4:4:4:1:,clone,14548.85169965777,3:2:4:4:4:4:4:4:1
4:3:4:4:4:4:4:4:3:,clone,15743.622757246754,4:3:4:4:4:4:4:4:4
2:2:4:4:3:4:4:4:0:,clone,17807.681775449768,2:2:4:4:3:4:4:4:0
2:2:4:4:4:3:3:4:1:,recombination,14961.90301628455,4:2:4:4:4:1:2:4:4,2:2:4:4:4:2:3:3:2,MUTATE
3:2:4:4:3:4:4:4:1:,clone,18547.31402418172,3:2:4:4:3:4:4:4:1
2:2:4:4:3:4:4:4:0:,recombination,17111.815465070667,4:2:4:4:4:4:4:4:2,4:3:4:4:4:3:4:4:4
2:2:4:4:4:4:4:4:1:,clone,15545.261730352488,2:2:4:4:4:4:4:4:1
2:2:4:4:0:4:4:4:0:,recombination,18345.315250606982,4:4:4:4:4:0:1:3:4,4:2:4:4:4:2:2:4:4,MUTATE
2:2:4:4:3:4:4:4:0:,recombination,15903.482635348002,4:3:4:4:4:4:3:4:4,4:2:4:4:4:4:4:4:2
2:2:4:4:1:4:4:4:0:,clone,18007.864615897604,2:2:4:4:3:4:4:4:0
4:2:4:4:4:3:4:4:2:,clone,15530.84410847514,4:2:4:4:4:3:4:4:3
2:2:4:4:1:4:4:4:0:,clone,16233.705492468922,2:2:4:4:1:4:4:4:0
4:4:4:4:4:3:4:4:4:,clone,16740.05895061677,4:4:4:4:4:3:4:4:4
3:2:4:4:3:4:4:4:1:,clone,18479.039815556203,3:2:4:4:4:4:4:4:1
3:2:4:4:3:4:4:4:1:,recombination,17803.175038413945,4:2:4:4:4:0:1:3:4,4:2:4:4:4:4:4:4:3,MUTATE
3:2:4:4:2:4:4:4:1:,recombination,18220.150436029497,4:2:4:4:4:1:2:4:4,4:2:4:4:4:3:4:4:4,MUTATE
2:2:4:4:3:4:4:4:0:,clone,15805.642037291844,2:2:4:4:3:4:4:4:0
2:2:4:4:0:4:4:4:0:,recombination,17546.79154291548,4:3:4:4:4:3:4:4:4,4:3:4:4:4:3:4:4:4,MUTATE
3:2:4:4:3:4:4:4:1:,recombination,16858.94703700642,4:2:4:4:4:1:1:4:4,4:2:4:4:4:4:4:4:4,MUTATE
3:2:4:4:3:4:4:4:1:,recombination,16616.686675058856,4:3:4:4:4:4:3:4:4,3:2:4:4:4:2:2:4:3
1:2:4:4:0:4:4:4:0:,clone,17482.32758193605,2:2:4:4:0:4:4:4:0
3:2:4:4:4:2:3:4:2:,recombination,13299.484818932036,4:2:4:4:4:4:4:4:3,3:2:4:4:4:0:0:2:3
4:2:4:4:4:3:3:4:4:,recombination,13718.523927337113,4:2:4:4:4:1:1:2:4,2:2:4:4:4:3:3:4:2,MUTATE
2:2:4:4:0:4:4:4:0:,recombination,17063.872569119652,3:2:4:4:4:4:4:4:2,4:3:4:4:4:3:4:4:4,MUTATE
3:2:4:4:4:2:3:4:2:,recombination,12925.285093360642,4:2:4:4:4:0:1:2:4,3:2:4:4:4:2:3:4:2,MUTATE
2:2:4:4:0:4:4:4:0:,recombination,16953.545359547134,4:3:4:4:4:3:4:4:4,4:3:4:4:4:3:4:4:4,MUTATE
4:2:4:4:4:3:4:4:4:,recombination,14858.619498270791,2:2:4:4:1:4:4:4:0,2:2:4:4:4:3:3:4:2,MUTATE
4:2:4:4:4:3:3:4:4:,recombination,12745.068596149391,4:3:4:4:4:3:3:4:4,4:2:4:4:4:0:0:1:4
2:2:4:4:4:4:4:4:0:,recombination,16745.55843552018,4:2:4:4:4:2:3:4:4,3:2:4:4:4:1:1:4:3
4:4:4:4:4:3:4:4:4:,clone,16538.411180424955,4:3:4:4:4:3:4:4:4
3:2:4:4:4:3:3:4:3:,recombination,14422.312396295158,3:2:4:4:4:2:3:4:3,4:2:4:4:4:2:2:4:3,MUTATE
2:2:4:4:2:4:4:4:1:,recombination,17259.435566328993,4:2:4:4:4:1:1:4:4,4:3:4:4:4:4:4:4:4,MUTATE
2:2:4:4:2:4:4:4:1:,clone,17167.99354801848,2:2:4:4:2:4:4:4:1
2:2:4:4:4:4:4:4:0:,recombination,16661.839665297586,4:2:4:4:4:2:2:4:4,4:2:4:4:4:4:4:4:2,MUTATE
4:2:4:4:4:3:4:4:2:,recombination,15258.98114375449,4:2:4:4:4:1:2:3:4,3:2:4:4:4:1:1:3:3
4:4:4:4:4:3:4:4:4:,clone,16448.503506963443,4:4:4:4:4:3:4:4:4
2:2:4:4:4:3:4:4:2:,clone,15082.569301508895,2:2:4:4:4:3:4:4:2
2:2:4:4:2:4:4:4:1:,clone,17133.644641250496,2:2:4:4:4:4:4:4:1
2:2:4:4:0:4:4:4:0:,recombination,16899.312404540284,4:3:4:4:4:0:0:1:4,4:2:4:4:4:4:4:4:2,MUTATE
2:2:4:4:4:4:4:4:0:,recombination,16524.518738176164,4:2:4:4:4:4:4:4:2,4:2:4:4:4:1:1:4:4,MUTATE
3:2:4:4:4:2:3:3:3:,clone,15775.011640535524,3:2:4:4:4:2:3:3:3
3:2:4:4:2:4:4:4:1:,recombination,16806.860266813135,4:3:4:4:4:3:3:4:4,4:2:4:4:4:4:4:4:4
4:2:4:4:4:3:4:4:2:,recombination,14947.06775077809,3:2:4:4:4:1:2:3:3,4:2:4:4:4:1:1:4:4
4:2:4:4:4:3:4:4:3:,recombination,14605.046277252615,4:4:4:4:4:0:1:4:4,4:2:4:4:4:3:4:4:2,MUTATE
4:3:4:4:4:3:4:4:4:,recombination,14605.07657148278,4:2:4:4:4:3:3:4:4,4:2:4:4:4:3:4:4:4,MUTATE
2:2:4:4:4:4:4:4:0:,recombination,15685.249319618983,4:2:4:4:4:2:3:4:4,1:2:4:4:4:3:4:4:1,MUTATE
4:2:4:4:4:4:4:4:4:,recombination,14927.67785187194,4:2:4:4:4:3:3:4:4,4:2:4:4:4:1:1:4:4,MUTATE
3:2:4:4:3:4:4:4:1:,recombination,16411.481781329465,3:2:4:4:3:4:4:4:1,3:2:4:4:4:1:2:3:3,MUTATE
3:2:4:4:4:2:2:4:2:,recombination,13075.00112062169,4:2:4:4:4:2:2:4:4,2:1:4:4:4:2:2:3:2
4:2:4:4:4:3:3:4:2:,recombination,15846.429624371658,3:2:4:4:4:0:0:2:3,4:2:4:4:4:1:1:2:4,MUTATE
1:2:4:4:0:4:4:4:0:,recombination,17318.138642825263,3:2:4:4:3:4:4:4:1,4:3:4:4:4:1:1:4:4,MUTATE
3:2:4:4:4:2:2:4:3:,clone,12396.908059626512,3:2:4:4:4:2:3:4:3
4:2:4:4:4:4:4:4:2:,clone,15031.151018965506,4:2:4:4:4:3:4:4:2
2:2:4:4:0:4:4:4:0:,recombination,16707.86234739792,4:2:4:4:4:1:1:4:4,4:2:4:4:4:4:4:4:4
4:2:4:4:4:3:4:4:2:,clone,14901.777164256127,4:2:4:4:4:3:4:4:2
4:2:4:4:4:3:4:4:2:,clone,14794.353659957895,4:2:4:4:4:3:4:4:2
1:2:4:4:0:4:4:4:0:,recombination,16598.044669247636,3:2:4:4:3:4:4:4:1,2:2:4:4:4:3:4:4:1,MUTATE
3:2:4:4:3:4:4:4:1:,clone,16343.515629655678,3:2:4:4:3:4:4:4:1
4:2:4:4:4:3:3:4:3:,clone,13111.722727088574,4:2:4:4:4:3:3:4:3
3:2:4:4:4:3:3:4:3:,clone,13675.504686051365,3:2:4:4:4:3:3:4:3
2:2:4:4:0:4:4:4:0:,recombination,16602.741424119387,4:3:4:4:4:3:3:4:4,3:2:4:4:4:1:1:3:3,MUTATE
3:2:4:4:4:3:3:4:3:,recombination,13491.4617784346,3:2:4:4:4:2:3:4:2,3:2:4:4:4:0:0:1:3
2:2:4:4:4:4:4:4:0:,recombination,15653.513422618098,2:2:4:4:4:4:4:4:0,2:2:4:4:4:3:4:4:1,MUTATE
3:2:4:4:4:3:4:4:2:,recombination,14599.17827536764,4:2:4:4:4:2:2:4:4,3:2:4:4:4:2:2:4:3
2:2:4:4:4:4:4:4:1:,recombination,15457.757061915361,4:3:4:4:4:3:3:4:4,3:2:4:4:4:0:0:1:4,MUTATE
3:2:4:4:4:3:3:4:3:,clone,13336.78516144941,3:2:4:4:4:3:3:4:3
2:2:4:4:1:4:4:4:1:,recombination,17704.62921800656,3:2:4:4:4:1:1:3:3,4:3:4:4:4:1:2:4:4,MUTATE
4:2:4:4:4:2:3:4:3:,recombination,12746.359663052135,4:4:4:4:4:1:1:4:4,3:2:4:4:4:3:3:4:3,MUTATE
4:3:4:4:4:4:4:4:4:,clone,15116.545661214595,4:3:4:4:4:4:4:4:4
3:2:4:4:2:4:4:4:1:,clone,16010.424668816871,3:2:4:4:2:4:4:4:1
2:2:4:4:4:4:4:4:1:,recombination,15428.84386840007,3:2:4:4:4:1:1:2:3,2:2:4:4:4:4:4:4:1,MUTATE
4:2:4:4:4:2:2:4:3:,recombination,13894.624383197008,3:2:4:4:4:2:3:3:3,4:2:4:4:4:3:3:4:4,MUTATE
2:2:4:4:0:4:4:4:0:,clone,16277.324712211925,2:2:4:4:0:4:4:4:0
4:3:4:4:4:4:4:4:4:,clone,14989.997048145977,4:3:4:4:4:4:4:4:4
4:2:4:4:4:4:3:4:3:,clone,16085.098579593148,4:2:4:4:4:3:3:4:3
2:2:4:4:4:4:4:4:1:,recombination,15042.80236956625,4:2:4:4:4:2:2:4:4,3:2:4:4:4:2:3:4:2,MUTATE
2:2:4:4:2:4:4:4:1:,recombination,16728.521571171277,2:2:4:4:4:4:4:4:0,4:4:4:4:4:2:2:4:4
3:2:4:4:2:4:4:4:1:,recombination,15500.195787618097,4:3:4:4:4:1:2:4:4,2:2:4:4:4:1:2:3:2
2:2:4:4:2:4:4:4:0:,recombination,15864.805256153173,2:2:4:4:3:4:4:4:0,3:2:4:4:3:4:4:4:1
4:2:4:4:4:3:4:4:2:,recombination,13934.46351472229,3:2:4:4:4:3:4:4:2,1:2:4:4:0:4:4:4:0,MUTATE
4:2:4:4:4:4:4:4:2:,clone,14780.708793177766,4:2:4:4:4:4:4:4:2
4:2:4:4:4:4:4:4:2:,recombination,14665.317622879405,2:2:4:4:4:4:4:4:1,3:2:4:4:4:0:0:1:4
2:2:4:4:2:4:4:4:0:,recombination,15544.511777057865,2:2:4:4:0:4:4:4:0,2:2:4:4:0:4:4:4:0
4:2:4:4:4:4:4:4:3:,recombination,14718.279333496102,4:2:4:4:4:2:2:4:4,4:3:4:4:4:0:1:2:4,MUTATE
2:2:4:4:2:4:4:4:0:,recombination,15338.976457719895,4:2:4:4:4:4:4:4:2,4:3:4:4:4:3:3:4:4,MUTATE
4:2:4:4:4:3:4:4:3:,recombination,14402.670855942708,2:2:4:4:4:2:2:3:2,4:3:4:4:4:1:2:4:4,MUTATE
4:2:4:4:4:3:4:4:4:,recombination,14513.111564354382,4:3:4:4:4:3:4:4:4,3:2:4:4:4:2:2:4:3,MUTATE
2:2:4:4:4:4:4:4:0:,clone,15276.450520799637,2:2:4:4:4:4:4:4:0
3:2:4:4:2:4:4:4:1:,clone,15418.543813796605,3:2:4:4:2:4:4:4:1
3:2:4:4:3:4:4:4:1:,recombination,15076.626223982828,4:3:4:4:4:3:3:4:4,4:4:4:4:4:1:2:4:4
4:2:4:4:4:3:4:4:4:,clone,14236.634113602551,4:2:4:4:4:3:4:4:4
4:2:4:4:4:4:4:4:2:,recombination,14640.191128853614,4:2:4:4:4:2:2:4:4,4:2:4:4:4:4:4:4:2
3:2:4:4:4:4:4:4:2:,clone,14595.968782585163,3:2:4:4:4:4:4:4:2
4:2:4:4:4:4:4:4:2:,recombination,14342.417502212737,4:3:4:4:4:3:4:4:4,4:4:4:4:4:1:1:4:4,MUTATE
3:2:4:4:4:4:4:4:1:,clone,14517.444342746623,3:2:4:4:4:4:4:4:2
3:2:4:4:4:4:4:4:2:,recombination,14095.31819998687,3:2:4:4:3:4:4:4:1,3:2:4:4:4:2:2:4:3,MUTATE
2:2:4:4:4:4:4:4:0:,clone,15234.90122068236,2:2:4:4:4:4:4:4:0
2:2:4:4:4:4:4:4:1:,recombination,14797.901194425627,4:3:4:4:4:1:1:4:4,4:2:4:4:4:3:3:4:3
4:2:4:4:4:3:4:4:3:,clone,13993.992522920851,4:2:4:4:4:3:4:4:3
2:2:4:4:0:4:4:4:0:,clone,15583.45942453097,2:2:4:4:0:4:4:4:0
2:2:4:4:0:4:4:4:0:,clone,15540.016192643463,2:2:4:4:0:4:4:4:0
2:2:4:4:1:4:4:4:0:,recombination,15665.401435212614,4:2:4:4:4:4:4:4:4,3:2:4:4:3:4:4:4:1,MUTATE
3:2:4:4:4:4:4:4:3:,recombination,16917.894322185482,2:2:4:4:1:4:4:4:0,1:2:4:4:4:4:4:4:1,MUTATE
2:2:4:4:4:4:4:4:2:,recombination,16277.319099010725,4:2:4:4:4:0:1:1:4,4:2:4:4:4:4:4:4:4,MUTATE
2:2:4:4:3:4:4:4:1:,recombination,15745.400631095628,4:3:4:4:4:0:1:3:4,4:3:4:4:4:2:3:4:4,MUTATE
3:2:4:4:1:4:4:4:1:,recombination,17094.47716486007,4:2:4:4:4:1:2:3:4,4:3:4:4:4:4:4:4:3,MUTATE
4:4:4:4:4:0:0:0:4:,clone,11610.552611230269,1:2:4:4:0:4:4:4:0
4:4:4:4:4:0:1:3:4:,recombination,12139.234732836676,4:2:4:4:4:1:1:4:4,2:2:4:4:4:4:4:4:1,MUTATE
4:3:4:4:4:1:2:3:4:,recombination,12549.34462471309,3:2:4:4:4:1:1:4:3,3:2:4:4:4:2:2:4:3,MUTATE
4:3:4:4:4:1:1:2:4:,recombination,12653.705906021027,4:3:4:4:4:1:2:3:4,3:2:4:4:4:4:4:4:2,MUTATE
4:4:4:4:4:0:0:3:4:,recombination,12061.236280250014,2:2:4:4:4:4:4:4:0,4:2:4:4:4:3:3:4:3,MUTATE
4:4:4:4:4:0:0:1:4:,clone,12101.031475426524,4:4:4:4:4:0:0:1:4
4:4:4:4:4:0:0:1:4:,clone,12034.290540468804,4:4:4:4:4:0:0:1:4
4:4:4:4:4:0:0:1:4:,clone,11876.745989242012,4:4:4:4:4:0:0:1:4
4:3:4:4:4:0:0:2:4:,clone,11469.730888288048,4:3:4:4:4:0:0:1:4
4:4:4:4:4:1:1:3:4:,clone,13429.022428384926,4:4:4:4:4:0:1:3:4
4:3:4:4:4:2:1:4:4:,clone,12978.26414653565,4:3:4:4:4:1:1:4:4
2:2:4:4:2:4:4:4:1:,recombination,16084.393318985927,4:2:4:4:4:1:1:3:4,4:3:4:4:4:2:3:4:4,MUTATE
2:2:4:4:2:4:4:4:1:,clone,15848.40699611491,2:2:4:4:2:4:4:4:1
3:2:4:4:2:4:4:4:1:,clone,15398.192813276235,3:2:4:4:2:4:4:4:1
2:2:4:4:1:4:4:4:1:,recombination,17011.144972872444,4:3:4:4:4:4:4:4:4,4:2:4:4:4:3:4:4:2,MUTATE
4:4:4:4:4:1:1:3:4:,clone,12681.086609884076,4:4:4:4:4:1:1:3:4
4:3:4:4:4:3:4:4:4:,clone,14456.717146206911,4:3:4:4:4:3:4:4:4
4:3:4:4:4:4:4:4:4:,recombination,14882.643158721474,4:4:4:4:4:0:0:1:4,4:2:4:4:4:1:2:4:4,MUTATE
4:2:4:4:4:4:4:4:3:,clone,14613.422498246076,4:2:4:4:4:4:4:4:3
4:3:4:4:4:3:4:4:4:,clone,14327.46958930723,4:3:4:4:4:3:4:4:4
4:4:4:4:4:2:3:4:4:,clone,13534.533793575618,4:4:4:4:4:2:3:4:4
4:3:4:4:4:2:3:4:4:,clone,12753.160092427617,4:3:4:4:4:2:3:4:4
4:3:4:4:4:4:4:4:4:,recombination,14784.410226343107,4:3:4:4:4:4:4:4:4,4:2:4:4:4:0:1:3:4,MUTATE
4:3:4:4:4:3:4:4:4:,clone,14240.569390563527,4:3:4:4:4:3:4:4:4
4:3:4:4:4:3:4:4:4:,recombination,14202.482731940932,4:2:4:4:4:3:4:4:3,4:2:4:4:4:4:3:4:3,MUTATE
4:3:4:4:4:4:4:4:3:,clone,15582.931747852226,4:2:4:4:4:4:4:4:3
4:4:4:4:4:2:3:4:4:,clone,13470.627990592813,4:4:4:4:4:2:3:4:4
4:2:4:4:4:3:4:4:4:,clone,14231.239884490711,4:2:4:4:4:3:4:4:4
4:4:4:4:4:2:3:4:4:,recombination,13464.208245894642,4:2:4:4:4:3:3:4:4,4:4:4:4:4:2:3:4:4
4:2:4:4:4:3:4:4:4:,clone,14093.896552042004,4:2:4:4:4:3:4:4:4
4:3:4:4:4:3:4:4:4:,clone,14141.311816918438,4:2:4:4:4:3:4:4:4
4:3:4:4:4:4:4:4:3:,recombination,15472.712984495662,4:3:4:4:4:3:4:4:4,4:3:4:4:4:4:4:4:4
3:2:4:4:3:4:4:4:2:,clone,16700.591770799394,3:2:4:4:3:4:4:4:2
3:2:4:4:3:4:4:4:2:,clone,16360.35374833265,3:2:4:4:3:4:4:4:2
4:2:4:4:4:3:4:4:4:,clone,14028.148956446039,4:2:4:4:4:3:4:4:4
4:2:4:4:4:3:4:4:4:,clone,13922.804316528276,4:2:4:4:4:3:4:4:4
4:2:4:4:4:3:4:4:3:,recombination,13778.687221989363,4:2:4:4:4:1:1:1:4,4:3:4:4:4:3:4:4:4
4:2:4:4:4:3:4:4:4:,clone,13619.492784018812,4:2:4:4:4:3:4:4:4
4:2:4:4:4:3:4:4:4:,clone,13572.010175070367,4:2:4:4:4:3:4:4:4
3:2:4:4:3:4:4:4:2:,clone,15828.19956598219,3:2:4:4:3:4:4:4:2
3:2:4:4:3:4:4:4:2:,recombination,15441.116239667625,4:3:4:4:4:4:4:4:4,4:3:4:4:4:4:4:4:4,MUTATE
4:4:4:4:4:4:3:4:4:,clone,16730.71286994875,4:2:4:4:4:3:4:4:3
2:2:4:4:3:4:4:4:1:,clone,15346.069485051697,2:2:4:4:3:4:4:4:1
2:2:4:4:3:4:4:4:1:,clone,15117.92220329921,2:2:4:4:3:4:4:4:1
3:2:4:4:3:4:4:4:1:,clone,15022.142213557068,3:2:4:4:3:4:4:4:1
2:2:4:4:1:4:4:4:0:,clone,15586.74153339855,2:2:4:4:1:4:4:4:0
2:2:4:4:0:4:4:4:0:,clone,15443.36521723595,2:2:4:4:0:4:4:4:0
2:2:4:4:0:4:4:4:0:,recombination,15283.9124409163,4:3:4:4:4:4:4:4:4,4:3:4:4:4:0:1:2:4,MUTATE
2:2:4:4:0:4:4:4:0:,recombination,15266.42392596,4:3:4:4:4:4:4:4:4,3:2:4:4:3:4:4:4:1,MUTATE
1:2:4:4:0:4:4:4:0:,clone,15848.303540359564,1:2:4:4:0:4:4:4:0
2:2:4:4:1:4:4:4:0:,clone,15449.254162644347,2:2:4:4:1:4:4:4:0
2:2:4:4:0:4:4:4:0:,clone,15236.065704137669,2:2:4:4:0:4:4:4:0
2:2:4:4:1:4:4:4:1:,recombination,16509.6628371974,3:2:4:4:3:4:4:4:2,4:4:4:4:4:1:2:4:4
3:2:4:4:1:4:4:4:1:,recombination,16604.526567862835,4:3:4:4:4:3:4:4:4,4:3:4:4:4:3:4:4:4
4:2:4:4:3:4:4:4:2:,clone,17772.30520069897,4:2:4:4:3:4:4:4:2
1:2:4:4:0:4:4:4:0:,recombination,15691.779116360172,4:2:4:4:4:4:4:4:4,3:2:4:4:3:4:4:4:1
4:2:4:4:3:4:4:4:2:,recombination,17444.765183355765,3:2:4:4:1:4:4:4:1,2:2:4:4:4:4:4:4:2
2:2:4:4:3:4:4:4:0:,recombination,15305.785798897741,4:3:4:4:4:1:2:3:4,4:3:4:4:4:4:4:4:4,MUTATE
2:2:4:4:1:4:4:4:0:,clone,15420.383673879955,2:2:4:4:1:4:4:4:0
2:2:4:4:1:4:4:4:0:,clone,15235.660067872519,2:2:4:4:1:4:4:4:0
2:2:4:4:1:4:4:4:1:,recombination,16352.812247689368,3:2:4:4:4:2:3:4:3,4:2:4:4:4:3:4:4:4,MUTATE
3:2:4:4:4:3:4:4:2:,recombination,14324.480911762203,4:3:4:4:4:3:4:4:4,3:2:4:4:4:0:1:0:3,MUTATE
3:2:4:4:4:3:4:4:2:,clone,14212.152546167672,3:2:4:4:4:3:4:4:2
1:1:4:4:0:4:4:4:0:,recombination,17774.882089575483,4:2:4:4:4:4:4:4:2,4:4:4:4:4:1:2:4:4,MUTATE
4:4:4:4:4:0:0:0:4:,clone,11284.714661484748,3:2:4:4:4:4:4:4:1
4:4:4:4:4:1:1:3:4:,recombination,12513.23781861534,4:3:4:4:4:4:4:4:4,4:4:4:4:4:0:0:0:4
4:4:4:4:4:0:0:0:4:,clone,11244.383689958284,4:4:4:4:4:0:0:0:4
4:4:4:4:4:0:0:0:4:,clone,11197.953413317402,4:4:4:4:4:0:0:0:4
4:4:4:4:4:0:0:0:4:,clone,11022.882109160151,4:4:4:4:4:0:0:0:4
4:4:4:4:4:0:0:0:4:,clone,11005.852566817075,4:4:4:4:4:0:0:0:4
4:4:4:4:4:0:0:2:4:,clone,11221.902524654832,4:4:4:4:4:0:0:1:4
4:4:4:4:4:0:0:1:4:,clone,11556.08124594198,4:4:4:4:4:0:0:2:4
4:4:4:4:4:0:0:3:4:,recombination,11690.035949927587,4:4:4:4:4:0:0:2:4,4:3:4:4:4:4:4:4:4
4:4:4:4:4:0:0:1:4:,clone,11285.836828118656,4:4:4:4:4:0:0:1:4
4:4:4:4:4:0:1:3:4:,clone,12102.401483001124,4:4:4:4:4:0:1:3:4
4:4:4:4:4:0:1:3:4:,recombination,11839.128759064126,4:4:4:4:4:0:0:1:4,3:2:4:4:4:3:3:4:2,MUTATE
1:2:4:4:4:4:4:4:0:,clone,19098.217799729686,3:2:4:4:4:4:4:4:1
1:2:4:4:4:4:4:4:0:,recombination,16842.276083856712,3:2:4:4:4:2:2:4:3,4:3:4:4:4:1:1:4:4
2:2:4:4:2:4:4:4:1:,clone,15763.878544646712,2:2:4:4:2:4:4:4:1
1:2:4:4:4:4:4:4:0:,clone,16258.843980160134,1:2:4:4:4:4:4:4:0
1:2:4:4:4:4:4:4:0:,recombination,16200.24295530482,4:3:4:4:4:3:4:4:4,4:3:4:4:4:0:1:4:4,MUTATE
1:2:4:4:1:4:4:4:0:,clone,17883.627732262456,1:2:4:4:0:4:4:4:0
3:2:4:4:4:3:4:4:2:,recombination,13980.679768104681,4:2:4:4:4:1:3:4:4,2:2:4:4:4:2:3:4:2
3:2:4:4:1:4:4:4:1:,recombination,16412.413206935984,3:2:4:4:4:4:4:4:2,4:3:4:4:4:3:4:4:4,MUTATE
1:2:4:4:2:4:4:4:0:,clone,18778.29753550955,2:2:4:4:2:4:4:4:0
4:4:4:4:4:0:0:0:4:,recombination,10906.299754048065,4:4:4:4:4:0:1:3:4,4:3:4:4:4:3:3:4:4,MUTATE
4:2:4:4:4:1:2:4:4:,recombination,10861.529355272402,3:2:4:4:4:3:4:4:2,3:2:4:4:4:0:1:0:3
1:2:4:4:4:3:4:4:1:,clone,15413.670925464467,4:2:4:4:4:3:4:4:2
4:4:4:4:4:0:1:2:4:,clone,12565.471445058216,4:4:4:4:4:0:1:2:4
3:2:4:4:4:3:4:4:2:,recombination,13864.707118394444,4:4:4:4:4:3:4:4:4,4:4:4:4:4:1:1:4:4,MUTATE
2:1:4:4:1:4:4:4:0:,clone,17840.657872363077,2:1:4:4:1:4:4:4:0
3:2:4:4:4:4:4:4:3:,recombination,16431.423315362026,4:3:4:4:4:0:1:2:4,4:3:4:4:4:0:1:3:4,MUTATE
3:2:4:4:4:3:3:4:2:,clone,13737.773702956945,3:2:4:4:4:3:3:4:2
3:2:4:4:4:3:4:4:2:,clone,13822.95885703638,3:2:4:4:4:3:4:4:2
3:2:4:4:4:3:4:4:2:,recombination,13801.027834310838,3:2:4:4:4:4:4:4:3,4:2:4:4:4:1:2:4:4
4:2:4:4:4:3:3:4:2:,recombination,14092.143470653938,2:2:4:4:2:4:4:4:0,4:4:4:4:4:0:1:4:4
2:2:4:4:4:4:4:4:1:,clone,14500.286271938085,3:2:4:4:4:3:4:4:2
2:2:4:4:0:4:4:4:1:,clone,16506.18463816529,2:2:4:4:0:4:4:4:1
2:2:4:4:4:3:4:4:1:,clone,14363.008738385997,2:2:4:4:4:3:4:4:1
2:2:4:4:3:4:4:4:0:,clone,15304.453121304545,2:2:4:4:3:4:4:4:0
1:2:4:4:4:4:4:4:0:,clone,15262.030468500241,1:2:4:4:4:4:4:4:0
2:2:4:4:2:4:4:4:0:,clone,15177.929174708712,2:2:4:4:2:4:4:4:0
2:2:4:4:0:4:4:4:0:,clone,15220.416245038456,2:2:4:4:0:4:4:4:0
2:2:4:4:2:4:4:4:0:,clone,14952.872485288652,2:2:4:4:2:4:4:4:0
2:2:4:4:3:4:4:4:1:,recombination,15062.491933908846,4:3:4:4:4:3:4:4:4,4:2:4:4:4:0:0:1:4
1:1:4:4:0:4:4:4:0:,recombination,16110.150484101798,2:2:4:4:2:4:4:4:0,3:2:4:4:4:0:0:0:4
4:2:4:4:3:4:4:4:2:,recombination,16777.287759711886,4:3:4:4:4:1:1:3:4,4:3:4:4:4:1:2:4:4
2:2:4:4:1:4:4:4:1:,recombination,16160.89010108767,4:3:4:4:4:0:1:2:4,1:2:4:4:4:4:4:4:0
2:2:4:4:1:4:4:4:1:,recombination,16075.25863165646,3:2:4:4:4:3:4:4:2,4:2:4:4:4:3:3:4:4
2:2:4:4:1:4:4:4:1:,clone,15644.352840405525,2:2:4:4:1:4:4:4:1
3:2:4:4:1:4:4:4:0:,recombination,16102.267443964045,4:2:4:4:4:4:4:4:3,4:2:4:4:4:3:3:4:4
3:2:4:4:1:4:4:4:0:,recombination,16051.646979020092,3:2:4:4:3:4:4:4:1,4:2:4:4:4:2:2:4:3
3:2:4:4:1:4:4:4:1:,clone,16007.110766637225,3:2:4:4:1:4:4:4:1
3:2:4:4:1:4:4:4:0:,recombination,15594.936569264204,2:2:4:4:0:4:4:4:0,3:2:4:4:1:4:4:4:0,MUTATE
4:2:4:4:3:4:4:4:2:,clone,16732.945563580426,4:2:4:4:3:4:4:4:2
1:2:4:4:4:4:4:4:1:,clone,16969.150436374435,2:2:4:4:4:3:3:4:1
1:2:4:4:1:4:4:4:0:,clone,17426.013107435392,1:2:4:4:1:4:4:4:0
4:2:4:4:2:4:4:4:2:,recombination,17981.16279183475,4:3:4:4:4:1:1:3:4,4:2:4:4:4:1:1:2:4
1:1:4:4:4:4:4:4:0:,clone,18917.42250719577,3:2:4:4:1:4:4:4:1
1:1:4:4:4:4:4:4:0:,clone,17790.006831076313,1:1:4:4:4:4:4:4:0
1:1:4:4:4:4:4:4:0:,clone,17768.13915611229,1:1:4:4:4:4:4:4:0
1:1:4:4:4:4:4:4:0:,recombination,17653.20812910196,2:2:4:4:4:2:3:4:2,1:1:4:4:4:4:4:4:0,MUTATE
1:2:4:4:2:4:4:4:0:,recombination,17055.909770743907,1:1:4:4:0:4:4:4:0,2:2:4:4:1:4:4:4:0
1:2:4:4:1:4:4:4:0:,recombination,17204.12877415239,3:2:4:4:4:4:4:4:3,2:2:4:4:1:4:4:4:0,MUTATE
3:2:4:4:2:4:4:4:1:,clone,15213.970134600806,3:2:4:4:2:4:4:4:1
1:1:4:4:4:4:4:4:0:,clone,16800.52447575987,1:2:4:4:4:4:4:4:0
2:2:4:4:2:4:4:4:1:,clone,15550.792549412787,2:2:4:4:2:4:4:4:1
2:2:4:4:3:4:4:4:0:,recombination,15122.032526994704,3:2:4:4:4:0:1:1:4,4:2:4:4:4:3:3:4:3
4:4:4:4:4:0:1:2:4:,recombination,10952.906201225444,1:2:4:4:4:4:4:4:0,2:2:4:4:4:2:2:4:2,MUTATE
4:3:4:4:4:3:4:4:4:,clone,14128.629418137596,4:3:4:4:4:3:4:4:4
4:4:4:4:4:2:3:4:4:,recombination,13350.099710456205,3:2:4:4:4:3:3:4:3,4:2:4:4:4:1:3:4:4,MUTATE
4:3:4:4:4:3:4:4:4:,clone,14059.186972849478,4:3:4:4:4:3:4:4:4
3:2:4:4:2:4:4:4:0:,clone,17264.629403095416,3:2:4:4:2:4:4:4:0
4:2:4:4:4:3:4:4:4:,clone,13396.732970227666,4:2:4:4:4:3:4:4:4
4:2:4:4:4:3:4:4:4:,recombination,13232.611955980254,4:2:4:4:4:3:4:4:4,2:2:4:4:3:4:4:4:0,MUTATE
4:2:4:4:4:4:4:4:4:,clone,14723.020460965436,4:2:4:4:4:4:4:4:4
4:3:4:4:4:4:4:4:4:,recombination,14677.591698077864,4:4:4:4:4:2:3:4:4,4:2:4:4:4:3:4:4:4
4:2:4:4:4:4:4:4:3:,recombination,14461.40000675913,2:2:4:4:4:4:4:4:1,4:3:4:4:4:4:4:4:4,MUTATE
1:2:4:4:4:4:4:4:1:,recombination,15602.142578290694,4:4:4:4:4:1:2:4:4,4:4:4:4:4:2:3:4:4
4:2:4:4:4:4:3:4:4:,recombination,16029.760156980845,1:1:4:4:0:4:4:4:0,4:2:4:4:4:1:1:4:4,MUTATE
3:2:4:4:2:4:4:4:0:,recombination,16531.874122404963,1:1:4:4:0:4:4:4:0,3:2:4:4:4:1:2:3:3,MUTATE
4:4:4:4:4:0:1:1:4:,clone,13346.714793906178,4:4:4:4:4:0:0:1:4
3:2:4:4:2:4:4:4:0:,clone,16457.374530534977,3:2:4:4:2:4:4:4:0
1:2:4:4:2:4:4:4:0:,recombination,16266.920774692844,3:2:4:4:1:4:4:4:0,4:4:4:4:4:1:2:4:4,MUTATE
4:2:4:4:4:4:4:4:1:,clone,16363.41192548239,4:2:4:4:4:4:4:4:1
3:2:4:4:3:4:4:4:0:,clone,15826.815823650819,3:2:4:4:3:4:4:4:0
3:2:4:4:2:4:4:4:0:,recombination,16363.186960863512,4:3:4:4:4:2:3:4:4,4:2:4:4:4:3:4:4:3
4:4:4:4:4:3:2:4:4:,recombination,14784.588379966548,4:4:4:4:4:0:0:1:4,4:4:4:4:4:2:1:4:4
4:2:4:4:3:4:4:4:1:,clone,17369.78924959118,4:2:4:4:4:4:4:4:1
1:1:4:4:4:4:4:4:1:,clone,16706.2355590317,1:1:4:4:4:3:4:4:1
1:1:4:4:4:4:4:4:0:,recombination,16628.996265157235,2:2:4:4:1:4:4:4:1,4:2:4:4:4:4:4:4:3,MUTATE
1:2:4:4:0:4:4:4:0:,recombination,15591.001966628959,2:2:4:4:1:4:4:4:0,4:2:4:4:4:4:4:4:2,MUTATE
1:2:4:4:1:4:4:4:0:,clone,17192.004619030165,1:2:4:4:1:4:4:4:0
1:2:4:4:1:4:4:4:0:,clone,17167.29127267852,1:2:4:4:1:4:4:4:0
1:2:4:4:1:4:4:4:0:,clone,17054.745857825583,1:2:4:4:1:4:4:4:0
4:2:4:4:4:4:3:4:4:,recombination,15540.2168225892,4:4:4:4:4:0:0:3:4,3:2:4:4:4:3:4:4:2
2:2:4:4:2:4:4:4:1:,clone,15180.218812329305,2:2:4:4:2:4:4:4:1
2:2:4:4:0:4:4:4:0:,clone,15029.251524016136,2:2:4:4:0:4:4:4:0
2:2:4:4:2:4:4:4:1:,clone,14720.782856654745,2:2:4:4:2:4:4:4:1
2:2:4:4:0:4:4:4:0:,recombination,14901.673312629266,2:2:4:4:0:4:4:4:0,4:4:4:4:4:1:2:4:4
3:2:4:4:0:4:4:4:0:,clone,17583.99256341663,3:2:4:4:0:4:4:4:0
1:1:4:4:0:4:4:4:0:,clone,15949.260566124216,1:1:4:4:0:4:4:4:0
4:4:4:4:4:2:1:4:4:,clone,13517.41047585541,4:4:4:4:4:2:1:4:4
4:4:4:4:4:1:1:4:4:,recombination,11572.10295715107,4:3:4:4:4:3:4:4:4,3:2:4:4:4:0:0:1:4,MUTATE
4:4:4:4:4:2:1:4:4:,recombination,13107.124963628241,4:2:4:4:4:1:1:3:4,3:2:4:4:4:4:4:4:1,MUTATE
4:3:4:4:4:2:1:4:4:,clone,12822.829260671999,4:3:4:4:4:2:1:4:4
4:3:4:4:4:2:1:4:4:,recombination,12672.2986548921,3:2:4:4:4:4:4:4:1,3:2:4:4:4:3:3:4:3,MUTATE
3:2:4:4:4:4:4:4:1:,recombination,14308.638544557256,4:3:4:4:4:0:0:1:4,4:4:4:4:4:2:2:4:4,MUTATE
2:2:4:4:1:4:4:4:0:,clone,15157.195053293199,2:2:4:4:1:4:4:4:0
1:2:4:4:3:4:4:4:0:,clone,18804.044878034154,1:2:4:4:3:4:4:4:0
1:2:4:4:3:4:4:4:0:,clone,18625.882227763166,1:2:4:4:3:4:4:4:0
1:2:4:4:3:4:4:4:0:,clone,18527.54408989551,1:2:4:4:3:4:4:4:0
1:2:4:4:3:4:4:4:0:,recombination,17011.050152513508,4:2:4:4:4:3:4:4:4,3:2:4:4:1:4:4:4:0
2:2:4:4:4:3:3:4:2:,recombination,14623.833896542626,4:2:4:4:4:3:4:4:3,4:3:4:4:4:3:4:4:4,MUTATE
4:4:4:4:4:1:1:2:4:,recombination,13473.667259175958,4:2:4:4:4:3:3:4:4,4:3:4:4:4:1:1:4:4
2:2:4:4:4:3:3:4:2:,clone,14414.291051370968,2:2:4:4:4:3:3:4:2
2:2:4:4:4:3:4:4:2:,recombination,14692.967447173805,4:2:4:4:4:0:1:2:4,4:2:4:4:4:4:4:4:4
4:4:4:4:4:1:1:2:4:,clone,12590.722563153211,4:4:4:4:4:1:1:2:4
4:4:4:4:4:1:1:3:4:,recombination,12479.709962713467,4:2:4:4:4:4:4:4:2,4:2:4:4:4:0:1:3:4
4:3:4:4:4:3:3:4:4:,recombination,13552.68899404415,2:2:4:4:4:3:4:4:1,4:4:4:4:4:3:2:4:4,MUTATE
4:2:4:4:4:4:4:4:2:,recombination,14342.192592383979,4:3:4:4:4:4:4:4:4,4:4:4:4:4:0:0:1:4
2:1:4:4:4:4:4:4:1:,recombination,16828.402175608342,3:2:4:4:4:1:2:2:3,4:3:4:4:4:1:2:3:4,MUTATE
3:2:4:4:4:3:4:4:3:,clone,15438.363445915347,4:2:4:4:4:3:3:4:3
3:2:4:4:4:4:4:4:3:,clone,15572.405183002296,3:2:4:4:4:3:4:4:2
3:2:4:4:4:4:4:4:3:,clone,15388.002116451697,3:2:4:4:4:4:4:4:3
4:3:4:4:4:3:4:4:4:,recombination,13890.163833976176,1:1:4:4:4:4:4:4:0,2:2:4:4:4:4:4:4:0,MUTATE
4:3:4:4:4:3:4:4:3:,recombination,15595.777937864419,4:3:4:4:4:2:2:4:4,4:2:4:4:4:1:2:4:4
1:2:4:4:1:4:4:4:0:,recombination,16017.161510060563,3:2:4:4:4:4:4:4:3,4:2:4:4:4:4:4:4:2,MUTATE
1:1:4:4:1:4:4:4:0:,recombination,17675.28997559108,4:2:4:4:4:4:4:4:4,3:2:4:4:4:4:4:4:3,MUTATE
3:2:4:4:4:3:4:4:2:,clone,13679.503967456389,3:2:4:4:4:3:4:4:2
4:2:4:4:4:4:4:4:2:,recombination,14171.130504242738,4:4:4:4:4:2:3:4:4,3:2:4:4:4:3:4:4:2,MUTATE
3:2:4:4:0:4:4:4:1:,recombination,17507.75404034438,4:2:4:4:4:0:1:3:4,4:4:4:4:4:1:1:4:4,MUTATE
3:2:4:4:2:4:4:4:1:,recombination,14924.201754780657,1:2:4:4:4:4:4:4:1,3:2:4:4:2:4:4:4:1
2:2:4:4:4:4:4:4:0:,recombination,15179.987660150975,1:2:4:4:3:4:4:4:0,4:2:4:4:4:4:4:4:2,MUTATE
2:1:4:4:0:4:4:4:0:,recombination,16142.822246475725,4:2:4:4:4:3:4:4:2,4:4:4:4:4:1:2:4:4
4:4:4:4:4:0:0:0:4:,recombination,10724.649139333176,4:2:4:4:4:4:4:4:2,2:2:4:4:1:4:4:4:0,MUTATE
4:4:4:4:4:0:1:1:4:,recombination,12729.484395892456,2:1:4:4:4:3:3:4:1,2:2:4:4:1:4:4:4:0,MUTATE
4:3:4:4:4:2:3:4:4:,recombination,12561.112432375228,4:3:4:4:4:1:2:4:4,2:1:4:4:0:4:4:4:0
3:2:4:4:4:1:1:3:3:,recombination,11608.108365758802,4:2:4:4:4:3:4:4:4,4:2:4:4:4:3:3:4:4
4:2:4:4:4:2:2:4:3:,recombination,12955.954720796442,4:2:4:4:4:4:4:4:3,4:3:4:4:4:2:3:4:4,MUTATE
4:2:4:4:4:0:0:1:4:,recombination,10515.858787879304,4:4:4:4:4:2:3:4:4,2:2:4:4:3:4:4:4:1,MUTATE
4:3:4:4:4:0:0:1:4:,clone,11752.429736702632,4:3:4:4:4:0:0:1:4
4:3:4:4:4:0:1:1:4:,clone,12261.633187314877,4:3:4:4:4:1:1:2:4
4:2:4:4:4:0:1:3:4:,recombination,10787.751452586343,4:2:4:4:4:4:4:4:2,4:2:4:4:4:1:2:4:4
4:3:4:4:4:0:0:1:4:,clone,10401.721157238633,4:3:4:4:4:0:0:1:4
4:3:4:4:4:0:0:1:4:,recombination,10278.333960859687,4:3:4:4:4:4:4:4:4,4:2:4:4:4:4:4:4:4,MUTATE
4:3:4:4:4:1:1:3:4:,clone,11807.114303146895,4:3:4:4:4:1:1:3:4
4:3:4:4:4:1:1:3:4:,clone,11649.103114848609,4:3:4:4:4:1:1:3:4
4:3:4:4:4:0:1:1:4:,clone,10720.672514565524,4:3:4:4:4:0:1:1:4
4:3:4:4:4:0:1:2:4:,clone,10572.476065314519,4:3:4:4:4:0:1:2:4
4:3:4:4:4:1:1:3:4:,clone,11356.846425644511,4:3:4:4:4:0:1:2:4
4:4:4:4:4:0:0:1:4:,clone,11254.381085977528,4:4:4:4:4:0:0:1:4
4:3:4:4:4:1:1:3:4:,recombination,10906.735509292736,4:3:4:4:4:0:1:2:4,4:3:4:4:4:1:1:4:4,MUTATE
4:4:4:4:4:0:1:1:4:,recombination,11847.75838385985,2:2:4:4:3:4:4:4:1,4:2:4:4:4:3:4:4:3,MUTATE
4:4:4:4:4:0:1:3:4:,clone,11673.610891562468,4:4:4:4:4:0:1:3:4
4:2:4:4:4:2:4:4:4:,clone,14030.07817982341,4:2:4:4:4:2:3:4:4
3:2:4:4:0:4:4:4:0:,clone,16730.712869948755,2:2:4:4:0:4:4:4:0
3:2:4:4:4:4:4:4:0:,recombination,16620.102051596896,3:2:4:4:4:4:4:4:1,1:2:4:4:0:4:4:4:0
2:2:4:4:4:4:3:4:2:,clone,16241.043109461807,2:2:4:4:4:3:3:4:2
2:1:4:4:4:4:4:4:1:,recombination,15773.784574878699,3:2:4:4:4:3:4:4:2,4:2:4:4:4:4:4:4:3,MUTATE
4:4:4:4:4:0:0:4:4:,clone,15333.604185935119,4:4:4:4:4:0:0:4:4
4:4:4:4:4:1:0:4:4:,clone,15210.789507238951,4:4:4:4:4:1:0:4:4
4:4:4:4:4:0:0:4:4:,clone,14816.87568268311,4:4:4:4:4:0:0:4:4
4:4:4:4:4:0:0:4:4:,clone,14768.86870854864,4:4:4:4:4:0:0:4:4
4:4:4:4:4:0:0:4:4:,recombination,14673.458182047056,3:2:4:4:4:4:4:4:1,4:4:4:4:4:1:2:4:4
4:4:4:4:4:1:0:4:4:,clone,14699.797216753555,4:4:4:4:4:1:0:4:4
4:4:4:4:4:0:0:4:4:,clone,14350.167115763112,4:4:4:4:4:0:0:4:4
4:4:4:4:4:0:0:4:4:,clone,14013.849749529016,4:4:4:4:4:0:0:4:4
3:2:4:4:4:3:4:4:3:,clone,15404.468966689197,3:2:4:4:4:3:4:4:3
2:2:4:4:4:4:4:4:0:,clone,15170.953339749327,2:2:4:4:4:4:4:4:0
4:2:4:4:3:4:4:4:2:,clone,16496.814589039514,3:2:4:4:4:4:4:4:2
4:2:4:4:2:4:4:4:2:,clone,16978.615194401948,4:2:4:4:2:4:4:4:2
4:2:4:4:2:4:4:4:2:,clone,16978.615194401944,4:2:4:4:2:4:4:4:2
4:2:4:4:2:4:4:4:2:,recombination,16812.163866957995,4:3:4:4:4:1:1:4:4,4:3:4:4:4:0:0:2:4,MUTATE
4:2:4:4:2:4:4:4:2:,recombination,16760.80496186244,4:3:4:4:4:0:1:4:4,3:2:4:4:4:2:3:4:2,MUTATE
3:2:4:4:1:4:4:4:1:,recombination,15828.680184480658,4:2:4:4:4:4:4:4:3,4:3:4:4:4:1:1:4:4
4:2:4:4:2:4:4:4:2:,recombination,16407.790845083226,4:2:4:4:2:4:4:4:2,4:2:4:4:4:3:4:4:4,MUTATE
3:2:4:4:2:4:4:4:2:,recombination,16762.354312079915,4:3:4:4:4:0:1:4:4,3:2:4:4:4:1:2:3:3
3:2:4:4:3:4:4:4:1:,recombination,14998.448390504578,3:2:4:4:4:4:4:4:2,3:2:4:4:3:4:4:4:1,MUTATE
3:2:4:4:0:4:4:4:1:,clone,16610.57863673298,3:2:4:4:0:4:4:4:1
4:4:4:4:4:0:0:1:4:,clone,11211.747567827211,4:4:4:4:4:0:0:1:4
4:4:4:4:4:1:1:3:4:,recombination,12030.93546045905,4:2:4:4:4:4:4:4:2,4:4:4:4:4:2:2:4:4
4:3:4:4:4:1:2:2:4:,clone,12943.07947454049,4:3:4:4:4:1:2:2:4
3:2:4:4:4:4:3:4:2:,recombination,16154.441566190744,2:2:4:4:0:4:4:4:0,4:4:4:4:4:0:1:4:4,MUTATE
1:1:4:4:1:4:4:4:0:,clone,17600.686847617177,1:1:4:4:1:4:4:4:0
4:2:4:4:4:4:4:4:3:,clone,14332.52627626031,4:2:4:4:4:4:4:4:3
2:2:4:4:3:4:4:4:1:,clone,15056.127725132086,2:2:4:4:3:4:4:4:1
2:2:4:4:3:4:4:4:1:,recombination,15002.485203846803,3:2:4:4:2:4:4:4:1,2:2:4:4:4:0:0:1:3,MUTATE
3:2:4:4:3:4:4:4:1:,clone,14784.63415498332,3:2:4:4:3:4:4:4:1
2:2:4:4:1:4:4:4:0:,clone,15054.89844469955,2:2:4:4:1:4:4:4:0
2:2:4:4:1:4:4:4:0:,clone,14853.711584810982,2:2:4:4:1:4:4:4:0
2:2:4:4:2:4:4:4:0:,recombination,14844.480881689442,3:2:4:4:3:4:4:4:1,4:3:4:4:4:4:4:4:3
2:2:4:4:1:4:4:4:0:,clone,14750.999977165255,2:2:4:4:1:4:4:4:0
2:2:4:4:1:4:4:4:0:,clone,14750.999977165253,2:2:4:4:1:4:4:4:0
4:3:4:4:4:3:3:4:4:,recombination,13316.722073330757,2:2:4:4:2:4:4:4:0,3:2:4:4:3:4:4:4:2
4:3:4:4:4:3:3:4:4:,clone,13083.017395764024,4:3:4:4:4:3:3:4:4
4:3:4:4:4:3:3:4:4:,clone,13066.692893540132,4:3:4:4:4:3:3:4:4
4:2:4:4:1:4:4:4:0:,clone,16730.71286994876,2:2:4:4:1:4:4:4:0
4:2:4:4:4:4:4:4:1:,recombination,16172.904365578459,4:4:4:4:4:2:3:4:4,3:2:4:4:4:0:0:0:3,MUTATE
4:4:4:4:4:2:2:4:4:,clone,12929.854124320362,4:4:4:4:4:2:2:4:4
4:2:4:4:1:4:4:4:0:,clone,16648.789118540793,4:2:4:4:1:4:4:4:0
4:2:4:4:3:4:4:4:1:,recombination,16956.120717021993,4:4:4:4:4:1:1:4:4,3:2:4:4:4:0:0:0:3
3:2:4:4:1:4:4:4:0:,clone,15452.446517294387,3:2:4:4:1:4:4:4:0
3:2:4:4:2:4:4:4:0:,recombination,16157.43240850722,3:2:4:4:0:4:4:4:0,2:2:4:4:4:1:1:4:2,MUTATE
4:2:4:4:3:4:4:4:1:,clone,16730.712869948755,3:2:4:4:2:4:4:4:1
4:2:4:4:2:4:4:4:1:,recombination,16661.479461284576,4:3:4:4:4:3:4:4:4,4:4:4:4:4:0:0:0:4,MUTATE
4:2:4:4:4:4:4:4:1:,recombination,16040.358360437764,4:2:4:4:3:4:4:4:2,1:2:4:4:4:3:4:4:1
4:2:4:4:2:4:4:4:1:,clone,16227.273029001657,4:2:4:4:2:4:4:4:1
3:2:4:4:0:4:4:4:0:,clone,16670.004734782073,3:2:4:4:0:4:4:4:0
3:2:4:4:0:4:4:4:0:,clone,16549.460688447973,3:2:4:4:0:4:4:4:0
3:2:4:4:2:4:4:4:0:,recombination,15893.482252617874,4:2:4:4:4:4:4:4:3,4:2:4:4:4:4:4:4:4
3:2:4:4:2:4:4:4:0:,recombination,15558.818157399994,1:2:4:4:0:4:4:4:0,4:2:4:4:4:4:4:4:3,MUTATE
3:2:4:4:0:4:4:4:0:,clone,16296.270958836316,3:2:4:4:0:4:4:4:0
3:2:4:4:2:4:4:4:0:,clone,15196.18664398176,3:2:4:4:2:4:4:4:0
3:2:4:4:2:4:4:4:0:,clone,15078.787372146471,3:2:4:4:2:4:4:4:0
4:2:4:4:3:4:4:4:1:,clone,16152.264861521393,4:2:4:4:3:4:4:4:1
3:2:4:4:0:4:4:4:0:,recombination,15364.295367901801,4:3:4:4:4:4:4:4:3,3:2:4:4:4:4:4:4:3
2:2:4:4:4:4:4:4:0:,recombination,14846.287066785897,4:4:4:4:4:2:2:4:4,4:2:4:4:4:3:4:4:4,MUTATE
1:2:4:4:3:4:4:4:0:,clone,16667.077569620913,1:2:4:4:3:4:4:4:0
1:2:4:4:3:4:4:4:0:,clone,16494.504559868372,1:2:4:4:3:4:4:4:0
1:1:4:4:0:4:4:4:0:,recombination,15883.45089065433,2:2:4:4:3:4:4:4:1,3:2:4:4:4:4:4:4:1,MUTATE
1:1:4:4:0:4:4:4:0:,clone,15852.735834252057,1:1:4:4:0:4:4:4:0
1:1:4:4:0:4:4:4:0:,clone,15599.49470044032,1:1:4:4:0:4:4:4:0
1:2:4:4:0:4:4:4:0:,recombination,15294.684722055576,4:4:4:4:4:1:2:4:4,4:3:4:4:4:0:1:4:4,MUTATE
0:1:4:4:0:4:4:4:0:,clone,19354.899159158173,2:2:4:4:0:4:4:4:0
4:2:4:4:4:4:4:4:1:,clone,15743.583387841112,4:2:4:4:4:4:4:4:1
4:4:4:4:4:0:0:2:4:,clone,10934.628279998538,4:4:4:4:4:0:0:2:4
2:2:4:4:4:3:4:4:1:,clone,14320.475094767606,3:2:4:4:4:3:4:4:1
4:2:4:4:4:3:4:4:3:,recombination,13632.20332002391,4:2:4:4:2:4:4:4:1,2:2:4:4:0:4:4:4:0,MUTATE
3:2:4:4:1:4:4:4:1:,clone,15576.197216476525,3:2:4:4:1:4:4:4:1
4:3:4:4:4:4:3:4:4:,recombination,15112.394507871519,4:3:4:4:4:0:1:1:4,1:2:4:4:0:4:4:4:0
3:2:4:4:0:4:4:4:1:,clone,15524.682059166124,3:2:4:4:0:4:4:4:1
3:2:4:4:1:4:4:4:1:,recombination,15503.887672952344,4:3:4:4:4:4:4:4:4,4:2:4:4:4:2:2:4:4,MUTATE
3:2:4:4:1:4:4:4:1:,recombination,15372.590281343173,4:3:4:4:4:2:1:4:4,4:4:4:4:4:0:0:0:4
4:2:4:4:1:4:4:4:1:,clone,16697.726342881215,4:2:4:4:2:4:4:4:1
4:2:4:4:2:4:4:4:1:,recombination,16159.260936102592,2:2:4:4:0:4:4:4:0,3:2:4:4:1:4:4:4:1,MUTATE
4:2:4:4:2:4:4:4:2:,recombination,15619.121653682414,3:2:4:4:1:4:4:4:1,2:2:4:4:3:4:4:4:1
4:2:4:4:2:4:4:4:1:,recombination,15927.684175457593,4:3:4:4:4:2:1:4:4,3:2:4:4:1:4:4:4:1
4:2:4:4:1:4:4:4:1:,clone,16537.863129030295,4:2:4:4:1:4:4:4:1
4:2:4:4:1:4:4:4:1:,clone,16495.634532798533,4:2:4:4:1:4:4:4:1
4:2:4:4:1:4:4:4:1:,recombination,16021.194470936867,3:2:4:4:4:4:4:4:2,3:2:4:4:4:1:2:3:3,MUTATE
4:2:4:4:2:4:4:4:1:,clone,15443.627317215856,4:2:4:4:2:4:4:4:1
4:2:4:4:2:4:4:4:1:,clone,15323.641998370864,4:2:4:4:2:4:4:4:1
4:2:4:4:2:4:4:4:2:,clone,15256.63495950057,4:2:4:4:2:4:4:4:2
3:2:4:4:1:4:4:4:1:,clone,15170.7773522681,3:2:4:4:1:4:4:4:1
4:2:4:4:3:4:4:4:2:,recombination,15815.710492680928,4:3:4:4:4:3:4:4:4,4:4:4:4:4:3:3:4:4
2:1:4:4:0:4:4:4:0:,clone,16028.13300847343,1:1:4:4:0:4:4:4:0
3:2:4:4:4:3:4:4:1:,recombination,14321.848754513498,4:2:4:4:4:0:0:3:4,4:2:4:4:4:1:1:4:4,MUTATE
1:1:4:4:4:2:3:4:1:,clone,16299.366864581225,4:2:4:4:4:4:4:4:2
2:1:4:4:4:2:3:4:1:,clone,16213.344127367778,2:1:4:4:4:2:3:4:1
1:1:4:4:4:3:4:4:1:,clone,17083.57495886305,1:2:4:4:4:3:4:4:1
1:1:4:4:4:3:4:4:1:,clone,16987.49004742053,1:1:4:4:4:3:4:4:1
1:1:4:4:4:3:4:4:1:,clone,16909.49374243029,1:1:4:4:4:3:4:4:1
1:1:4:4:4:3:4:4:1:,clone,16880.597468223168,1:2:4:4:4:3:4:4:1
1:1:4:4:4:3:4:4:1:,clone,16838.64348956681,1:1:4:4:4:3:4:4:1
2:2:4:4:0:4:4:4:0:,clone,14772.062521901991,2:2:4:4:0:4:4:4:0
2:2:4:4:0:4:4:4:0:,recombination,14560.65063194835,2:2:4:4:2:4:4:4:0,2:2:4:4:0:4:4:4:0,MUTATE
4:4:4:4:4:2:2:4:4:,recombination,12916.849881873866,3:2:4:4:4:1:1:3:3,4:2:4:4:4:4:4:4:3
4:3:4:4:4:4:3:4:4:,clone,15077.832263869068,4:3:4:4:4:4:3:4:4
2:1:4:4:4:3:4:4:1:,clone,17601.099153550822,2:2:4:4:4:3:4:4:1
2:2:4:4:1:4:4:4:1:,clone,15251.157148516015,3:2:4:4:1:4:4:4:1
4:2:4:4:4:3:4:4:3:,recombination,13558.493981046298,4:3:4:4:4:0:1:4:4,2:2:4:4:1:4:4:4:0
4:2:4:4:4:3:4:4:2:,clone,13374.9072780788,4:2:4:4:4:3:4:4:2
3:2:4:4:4:4:4:4:0:,clone,15762.907967768851,3:2:4:4:4:4:4:4:0
4:4:4:4:4:0:0:4:4:,clone,13026.994560733994,4:4:4:4:4:0:0:4:4
4:2:4:4:4:4:4:4:4:,recombination,14649.737957304995,4:2:4:4:4:4:4:4:1,3:2:4:4:4:1:1:3:3
3:2:4:4:4:4:4:4:0:,recombination,14902.044830510384,4:3:4:4:4:1:2:4:4,4:2:4:4:2:4:4:4:2
4:4:4:4:4:0:0:4:4:,clone,12941.813786366143,4:4:4:4:4:0:0:4:4
3:2:4:4:3:4:4:4:1:,recombination,14774.373357901492,3:2:4:4:1:4:4:4:0,4:3:4:4:4:4:3:4:4
3:2:4:4:3:4:4:4:0:,recombination,15806.298911604616,4:3:4:4:4:4:4:4:4,4:4:4:4:4:2:3:4:4,MUTATE
4:4:4:4:4:0:0:4:4:,clone,12879.775224748753,4:4:4:4:4:0:0:4:4
3:2:4:4:2:4:4:4:2:,recombination,16486.558916872098,4:3:4:4:4:1:2:4:4,4:4:4:4:4:1:1:4:4
3:2:4:4:2:4:4:4:2:,recombination,15770.70442096007,3:2:4:4:4:2:2:4:3,4:3:4:4:4:1:1:2:4
4:2:4:4:1:4:4:4:2:,clone,16997.386049540044,4:2:4:4:1:4:4:4:2
2:1:4:4:0:4:4:4:0:,recombination,15908.818302271007,4:2:4:4:4:4:4:4:1,4:3:4:4:4:1:1:4:4,MUTATE
1:2:4:4:0:4:4:4:0:,recombination,15276.650702623565,4:2:4:4:2:4:4:4:1,4:3:4:4:4:4:4:4:4
4:3:4:4:4:1:3:4:4:,clone,13916.760670305513,4:3:4:4:4:1:3:4:4
3:2:4:4:1:4:4:4:0:,recombination,15148.060078968763,3:2:4:4:4:2:3:4:2,2:2:4:4:4:4:4:4:1
4:4:4:4:4:0:0:4:4:,clone,12693.884088347799,4:4:4:4:4:0:0:4:4
4:4:4:4:4:0:0:4:4:,clone,12580.42475705628,4:4:4:4:4:0:0:4:4
4:2:4:4:3:4:4:4:1:,recombination,15695.532670407327,4:2:4:4:4:1:2:4:4,3:2:4:4:4:3:3:4:2,MUTATE
3:2:4:4:4:4:4:4:0:,clone,14518.707902971648,3:2:4:4:4:4:4:4:0
2:2:4:4:4:4:4:4:0:,recombination,14834.536598542561,3:2:4:4:4:2:3:4:2,4:2:4:4:4:2:2:4:4,MUTATE
4:2:4:4:4:4:4:4:1:,recombination,14864.87799670168,4:4:4:4:4:2:1:4:4,4:2:4:4:4:1:2:4:4
3:2:4:4:2:4:4:4:1:,clone,14881.950112789691,3:2:4:4:2:4:4:4:1
4:3:4:4:4:4:3:4:4:,clone,14955.334168763131,4:3:4:4:4:4:3:4:4
3:2:4:4:0:4:4:4:0:,clone,15332.6143570234,3:2:4:4:0:4:4:4:0
4:3:4:4:4:4:4:4:4:,recombination,14658.953308836952,3:2:4:4:4:4:4:4:2,2:2:4:4:0:4:4:4:0,MUTATE
1:2:4:4:3:4:4:4:0:,clone,16330.835392603376,1:2:4:4:4:4:4:4:0
4:2:4:4:3:4:4:4:3:,clone,15920.200060648904,4:2:4:4:3:4:4:4:3
3:2:4:4:2:4:4:4:0:,recombination,15052.239061618116,4:2:4:4:4:4:4:4:1,4:3:4:4:4:4:4:4:4
4:2:4:4:3:4:4:4:2:,clone,15783.27466071984,4:2:4:4:3:4:4:4:3
2:2:4:4:2:4:4:4:0:,recombination,14750.445990330682,4:2:4:4:4:2:2:4:4,4:3:4:4:4:0:0:2:4
3:2:4:4:2:4:4:4:0:,clone,14899.925478844723,3:2:4:4:2:4:4:4:0
4:2:4:4:3:4:4:4:1:,recombination,15661.432804453461,4:3:4:4:4:4:3:4:4,4:2:4:4:4:1:1:4:4
4:3:4:4:4:4:4:4:3:,recombination,15311.02609621224,2:2:4:4:4:4:4:4:0,2:2:4:4:1:4:4:4:0,MUTATE
2:2:4:4:3:4:4:4:0:,recombination,14847.077633918003,3:2:4:4:0:4:4:4:0,2:2:4:4:2:4:4:4:0
4:2:4:4:4:4:3:4:3:,recombination,15212.594468071613,4:2:4:4:4:3:3:4:2,4:4:4:4:4:0:0:0:4
4:3:4:4:4:4:4:4:2:,recombination,16730.71286994876,4:2:4:4:4:2:3:4:3,3:2:4:4:4:1:2:2:3,MUTATE
3:2:4:4:3:4:4:4:0:,recombination,15401.021325966343,4:2:4:4:4:4:4:4:3,4:2:4:4:2:4:4:4:1,MUTATE
4:2:4:4:2:4:4:4:0:,recombination,16730.712869948755,4:3:4:4:4:1:2:3:4,4:2:4:4:4:3:4:4:3,MUTATE
2:2:4:4:0:4:4:4:1:,recombination,16299.635538925319,1:2:4:4:1:4:4:4:0,1:2:4:4:4:4:4:4:0,MUTATE
4:2:4:4:4:4:4:4:4:,clone,14618.01844318359,4:2:4:4:4:4:4:4:4
4:2:4:4:4:4:4:4:4:,clone,14417.935152918673,4:2:4:4:4:4:4:4:4
1:1:4:4:2:4:4:4:0:,recombination,17482.641134010737,4:4:4:4:4:3:2:4:4,4:2:4:4:4:4:4:4:3,MUTATE
2:1:4:4:3:4:4:4:0:,clone,16124.957937205996,1:2:4:4:0:4:4:4:0
2:2:4:4:0:4:4:4:1:,recombination,16055.130897316018,3:2:4:4:4:4:4:4:3,4:2:4:4:4:0:1:3:4
3:2:4:4:1:4:4:4:2:,recombination,17785.747958643366,2:2:4:4:0:4:4:4:0,4:3:4:4:4:1:1:2:4
3:2:4:4:1:4:4:4:2:,clone,17105.5248286687,3:2:4:4:1:4:4:4:2
3:2:4:4:1:4:4:4:2:,clone,16829.138107563125,3:2:4:4:1:4:4:4:2
4:3:4:4:4:1:3:4:4:,recombination,13370.434114411428,4:3:4:4:4:2:2:4:4,4:2:4:4:2:4:4:4:2,MUTATE
4:4:4:4:4:0:0:4:4:,recombination,11441.987282145332,4:3:4:4:4:0:0:1:4,4:3:4:4:4:3:4:4:4,MUTATE
4:4:4:4:4:0:0:4:4:,clone,11272.417269014244,4:4:4:4:4:0:0:4:4
4:4:4:4:4:2:3:4:4:,clone,13142.067127897844,4:4:4:4:4:2:3:4:4
1:2:4:4:3:4:4:4:0:,clone,16325.482339543047,1:2:4:4:3:4:4:4:0
2:2:4:4:3:4:4:4:1:,clone,14872.103152854494,2:2:4:4:3:4:4:4:1
4:3:4:4:4:0:0:3:4:,clone,11463.34989814696,4:3:4:4:4:0:0:3:4
3:2:4:4:4:4:4:4:1:,recombination,14255.767457110986,4:3:4:4:4:4:4:4:4,2:2:4:4:3:4:4:4:0
2:2:4:4:4:4:4:4:1:,clone,14113.011327923132,2:2:4:4:4:4:4:4:1
2:2:4:4:4:4:4:4:1:,clone,13740.459172244608,2:2:4:4:4:4:4:4:1
2:2:4:4:3:4:4:4:0:,recombination,14736.863078194196,3:2:4:4:4:4:4:4:3,3:2:4:4:3:4:4:4:0
3:2:4:4:3:4:4:4:1:,recombination,14731.047283698272,4:4:4:4:4:0:1:4:4,4:2:4:4:4:4:4:4:4
4:2:4:4:4:4:4:4:3:,clone,14325.32897776978,4:2:4:4:4:4:4:4:3
4:4:4:4:4:3:2:4:4:,clone,14369.432644408582,4:4:4:4:4:3:2:4:4
2:2:4:4:3:4:4:4:0:,recombination,14229.043095912828,4:2:4:4:3:4:4:4:1,2:2:4:4:4:3:4:4:1
2:2:4:4:2:4:4:4:0:,recombination,14703.10223951161,4:2:4:4:1:4:4:4:1,4:2:4:4:4:1:1:4:4
4:4:4:4:4:1:0:3:4:,clone,13483.124018308985,4:4:4:4:4:1:0:3:4
4:2:4:4:4:3:4:4:3:,clone,13517.744218018544,4:2:4:4:4:3:4:4:3
4:2:4:4:4:3:4:4:3:,clone,13458.426489531184,4:2:4:4:4:3:4:4:3
3:2:4:4:1:4:4:4:1:,clone,15116.04560047297,3:2:4:4:1:4:4:4:1
4:2:4:4:4:4:3:4:4:,clone,15192.104148296681,4:2:4:4:4:4:3:4:4
4:3:4:4:4:3:2:4:4:,clone,14410.016051467026,4:4:4:4:4:3:2:4:4
3:2:4:4:4:4:4:4:2:,clone,13975.249908643273,3:2:4:4:4:4:4:4:2
3:2:4:4:4:4:4:4:2:,clone,13957.53985638221,3:2:4:4:4:4:4:4:2
4:2:4:4:4:4:4:4:2:,clone,14100.897813629685,3:2:4:4:4:4:4:4:2
4:2:4:4:4:4:4:4:2:,clone,13980.302520013129,4:2:4:4:4:4:4:4:2
1:1:4:4:0:4:4:4:0:,recombination,15397.460004615961,3:2:4:4:4:3:3:4:2,1:1:4:4:1:4:4:4:0
1:2:4:4:0:4:4:4:0:,recombination,15138.664176571092,3:2:4:4:4:4:4:4:1,4:4:4:4:4:0:0:0:4,MUTATE
2:2:4:4:2:4:4:4:0:,recombination,14565.23563995064,3:2:4:4:4:2:2:4:3,1:2:4:4:4:4:4:4:0,MUTATE
2:2:4:4:3:4:4:4:1:,clone,14861.106974460065,2:2:4:4:3:4:4:4:1
2:2:4:4:3:4:4:4:1:,clone,14750.422060181629,2:2:4:4:3:4:4:4:1
1:1:4:4:0:4:4:4:0:,recombination,15301.054294957405,3:2:4:4:1:4:4:4:0,2:2:4:4:2:4:4:4:0,MUTATE
1:1:4:4:0:4:4:4:0:,recombination,15237.4273049211,4:2:4:4:4:3:4:4:4,4:3:4:4:4:2:3:4:4,MUTATE
2:2:4:4:1:4:4:4:0:,clone,14746.073992252732,2:2:4:4:1:4:4:4:0
4:4:4:4:4:0:0:1:4:,clone,11151.684109754244,4:4:4:4:4:0:0:1:4
4:2:4:4:4:4:4:4:3:,recombination,14067.007088184744,3:2:4:4:1:4:4:4:0,2:2:4:4:0:4:4:4:0
4:3:4:4:4:4:4:4:4:,clone,14514.118114750261,4:3:4:4:4:4:4:4:4
4:2:4:4:2:4:4:4:2:,recombination,15193.15454944118,1:2:4:4:3:4:4:4:0,2:2:4:4:1:4:4:4:1
4:2:4:4:2:4:4:4:2:,clone,15045.257904478432,4:2:4:4:2:4:4:4:2
4:2:4:4:3:4:4:4:2:,clone,14753.941650600771,4:2:4:4:2:4:4:4:2
4:4:4:4:4:3:3:4:4:,recombination,14145.803115365627,4:3:4:4:4:3:3:4:4,1:2:4:4:4:4:4:4:1,MUTATE
3:2:4:4:3:4:4:4:1:,recombination,14688.990915529386,4:2:4:4:3:4:4:4:2,1:1:4:4:0:4:4:4:0
3:2:4:4:3:4:4:4:1:,clone,14452.085069916215,3:2:4:4:3:4:4:4:1
4:2:4:4:2:4:4:4:1:,clone,15009.704631492243,4:2:4:4:2:4:4:4:1
4:3:4:4:4:4:4:4:3:,recombination,15249.98509906153,4:2:4:4:4:1:2:4:4,4:4:4:4:4:1:0:4:4,MUTATE
2:1:4:4:0:4:4:4:0:,recombination,15788.640458492415,4:4:4:4:4:3:3:4:4,3:2:4:4:4:1:1:4:3,MUTATE
2:1:4:4:0:4:4:4:0:,clone,15330.425962129104,2:1:4:4:0:4:4:4:0
2:1:4:4:0:4:4:4:0:,clone,15186.781861611928,2:1:4:4:0:4:4:4:0
0:1:4:4:0:4:4:4:0:,clone,19017.98998757889,2:2:4:4:0:4:4:4:0
1:1:4:4:1:4:4:4:0:,clone,17222.594375950564,1:1:4:4:1:4:4:4:0
1:1:4:4:1:4:4:4:0:,clone,17214.00659116348,1:1:4:4:1:4:4:4:0
1:1:4:4:2:4:4:4:0:,clone,16541.1187545824,1:1:4:4:2:4:4:4:0
4:3:4:4:4:0:0:3:4:,clone,11264.245153593394,4:3:4:4:4:0:1:3:4
4:4:4:4:4:1:1:3:4:,clone,11920.7477688521,4:4:4:4:4:1:1:4:4
4:4:4:4:4:0:0:3:4:,recombination,11561.554040067109,3:2:4:4:4:3:4:4:3,4:4:4:4:4:0:0:1:4,MUTATE
4:2:4:4:4:4:4:4:3:,recombination,13859.268398764663,1:2:4:4:4:4:4:4:0,4:2:4:4:4:4:4:4:2,MUTATE
2:1:4:4:4:4:4:4:0:,recombination,17138.93051245111,4:2:4:4:4:1:2:3:4,4:2:4:4:4:1:1:4:4,MUTATE
3:2:4:4:4:3:3:4:1:,clone,16037.880797792526,2:2:4:4:4:4:4:4:1
3:2:4:4:4:3:3:4:1:,recombination,15678.966821287151,4:2:4:4:4:4:4:4:1,4:2:4:4:4:2:2:4:4
3:2:4:4:4:3:3:4:1:,clone,15416.996891062121,3:2:4:4:4:3:3:4:1
4:4:4:4:4:1:3:4:4:,recombination,15648.443042367093,4:4:4:4:4:1:1:3:4,2:2:4:4:4:4:4:4:1,MUTATE
2:2:4:4:1:4:4:4:0:,clone,14697.878964949427,2:2:4:4:1:4:4:4:0
2:2:4:4:4:3:3:4:2:,clone,13817.196973006867,2:2:4:4:4:3:3:4:2
2:2:4:4:4:2:3:4:1:,clone,16524.080609450717,2:2:4:4:4:2:3:4:1
3:2:4:4:2:4:4:4:1:,recombination,14834.383194984552,4:2:4:4:4:4:4:4:3,2:2:4:4:4:3:3:4:2,MUTATE
2:2:4:4:1:4:4:4:0:,recombination,14615.526842554731,2:2:4:4:4:3:4:4:1,4:2:4:4:4:3:3:4:4,MUTATE
4:2:4:4:3:4:4:4:1:,recombination,15497.940501211126,4:3:4:4:4:4:4:4:3,3:2:4:4:4:0:0:1:3,MUTATE
4:4:4:4:4:4:3:4:4:,clone,16578.372856713697,4:4:4:4:4:4:3:4:4
4:4:4:4:4:4:3:4:4:,clone,16440.683788990427,4:4:4:4:4:4:3:4:4
4:4:4:4:4:0:0:1:4:,recombination,10539.424259128094,4:3:4:4:4:1:2:4:4,4:4:4:4:4:3:2:4:4,MUTATE
3:2:4:4:4:4:4:4:1:,recombination,13896.4214607964,4:2:4:4:4:3:3:4:3,4:3:4:4:4:3:3:4:4
2:2:4:4:2:4:4:4:0:,recombination,14357.895044192921,4:3:4:4:4:1:1:4:4,3:2:4:4:4:4:4:4:1,MUTATE
1:2:4:4:0:4:4:4:0:,recombination,15063.218780477937,4:3:4:4:4:2:3:4:4,3:2:4:4:4:2:3:4:3
2:2:4:4:4:4:4:4:0:,clone,14705.042224728828,2:2:4:4:4:4:4:4:0
2:2:4:4:0:4:4:4:1:,recombination,15545.4892907844,2:1:4:4:4:3:4:4:1,3:2:4:4:2:4:4:4:1,MUTATE
1:2:4:4:4:3:4:4:0:,clone,19379.290403785795,1:2:4:4:4:3:4:4:0
4:3:4:4:4:0:0:0:4:,clone,10261.465964539231,1:2:4:4:0:4:4:4:0
1:2:4:4:4:3:3:4:1:,clone,16844.78074185482,4:2:4:4:4:3:4:4:3
2:2:4:4:4:2:3:4:1:,recombination,15772.756234538061,2:2:4:4:0:4:4:4:0,4:2:4:4:4:4:4:4:4
4:2:4:4:4:0:0:0:4:,recombination,10424.053097623473,1:2:4:4:4:4:4:4:0,3:2:4:4:4:2:3:4:2,MUTATE
3:2:4:4:4:2:4:4:3:,recombination,14859.989353493604,4:4:4:4:4:0:0:4:4,4:2:4:4:3:4:4:4:3,MUTATE
4:2:4:4:4:2:3:4:4:,recombination,12040.204972158634,4:4:4:4:4:0:0:0:4,3:2:4:4:4:3:3:4:3,MUTATE
4:2:4:4:4:0:1:2:4:,clone,10399.979842948633,4:2:4:4:4:0:1:2:4
4:2:4:4:4:0:1:2:4:,clone,10208.898552476809,4:2:4:4:4:0:1:2:4
4:3:4:4:4:0:1:3:4:,recombination,10454.215068932761,3:2:4:4:4:2:2:4:3,4:3:4:4:4:3:4:4:4,MUTATE
3:2:4:4:2:4:4:4:0:,recombination,14883.642756497467,4:2:4:4:4:1:1:4:4,2:2:4:4:4:1:1:2:2
4:3:4:4:4:1:3:4:4:,recombination,13254.235921608666,3:2:4:4:4:0:0:0:4,4:4:4:4:4:2:3:4:4
3:2:4:4:4:3:4:4:3:,clone,15247.102249553314,3:2:4:4:4:3:4:4:3
3:2:4:4:4:3:4:4:3:,recombination,15127.367667484861,4:4:4:4:4:4:3:4:4,4:2:4:4:4:1:1:1:4,MUTATE
3:2:4:4:4:3:4:4:3:,clone,15056.137752746996,3:2:4:4:4:3:4:4:3
2:1:4:4:4:4:4:4:0:,clone,16603.14302539208,2:1:4:4:4:4:4:4:0
4:4:4:4:4:1:3:4:4:,clone,14524.778019670868,4:4:4:4:4:1:3:4:4
1:1:4:4:4:4:4:4:0:,clone,16383.219026100604,1:1:4:4:4:4:4:4:0
4:3:4:4:4:4:3:4:4:,clone,14900.45345274927,4:2:4:4:4:4:4:4:4
2:2:4:4:1:4:4:4:0:,recombination,14444.642537355892,3:2:4:4:4:4:4:4:2,1:1:4:4:2:4:4:4:0,MUTATE
2:2:4:4:1:4:4:4:0:,clone,14408.072925372166,2:2:4:4:1:4:4:4:0
1:2:4:4:0:4:4:4:0:,recombination,14861.54769705795,4:3:4:4:4:1:1:3:4,2:2:4:4:1:4:4:4:0
4:4:4:4:4:2:2:4:4:,clone,12889.073394297566,4:4:4:4:4:2:2:4:4
4:3:4:4:4:3:2:4:4:,recombination,14074.501038544868,1:2:4:4:0:4:4:4:0,4:3:4:4:4:3:2:4:4,MUTATE
4:3:4:4:4:3:3:4:4:,recombination,12948.981721391412,4:2:4:4:4:0:1:3:4,4:4:4:4:4:4:3:4:4
2:2:4:4:3:4:4:4:1:,recombination,14536.966497806588,3:2:4:4:4:0:0:0:4,3:2:4:4:2:4:4:4:0
1:1:4:4:4:4:4:4:1:,clone,15828.669943726794,1:1:4:4:4:4:4:4:1
1:1:4:4:3:4:4:4:0:,clone,17402.308006556246,1:1:4:4:3:4:4:4:0
1:1:4:4:3:4:4:4:0:,clone,17144.044155056246,1:2:4:4:3:4:4:4:0
4:4:4:4:4:4:3:4:4:,recombination,16394.05841788138,2:1:4:4:4:4:4:4:0,2:2:4:4:4:2:2:3:2,MUTATE
4:4:4:4:4:4:3:4:4:,clone,16260.426659017974,4:4:4:4:4:4:3:4:4
3:2:4:4:0:4:4:4:0:,clone,15299.609143136799,3:2:4:4:0:4:4:4:0
1:1:4:4:0:4:4:4:0:,clone,15093.354677345933,2:2:4:4:0:4:4:4:0
1:1:4:4:0:4:4:4:0:,clone,15078.424384085574,2:1:4:4:0:4:4:4:0
4:2:4:4:4:2:4:4:4:,recombination,13782.202750174436,3:2:4:4:4:2:4:4:3,4:3:4:4:4:3:3:4:4
4:4:4:4:4:0:1:4:4:,recombination,11435.372181880924,4:2:4:4:4:3:4:4:2,4:2:4:4:4:1:1:2:4
4:4:4:4:4:0:1:3:4:,recombination,11542.122161411733,2:2:4:4:4:4:4:4:1,4:4:4:4:4:0:1:4:4
1:2:4:4:2:4:4:4:0:,clone,15910.254861583455,1:1:4:4:2:4:4:4:0
1:2:4:4:2:4:4:4:0:,recombination,15201.237048130468,2:2:4:4:0:4:4:4:0,4:3:4:4:4:0:0:1:4
1:1:4:4:1:4:4:4:0:,clone,16902.81967518548,1:1:4:4:1:4:4:4:0
2:1:4:4:4:4:4:4:0:,recombination,15749.123536442981,4:3:4:4:4:1:3:4:4,4:4:4:4:4:0:1:3:4
3:2:4:4:4:4:3:4:1:,clone,15538.303209443799,3:2:4:4:4:4:3:4:1
3:2:4:4:4:4:3:4:1:,recombination,15316.553128088091,4:2:4:4:3:4:4:4:2,4:2:4:4:2:4:4:4:2
2:2:4:4:4:4:3:4:1:,clone,15653.597095892716,2:2:4:4:4:4:3:4:1
2:2:4:4:4:4:3:4:1:,recombination,15589.819706380758,4:2:4:4:3:4:4:4:2,2:2:4:4:1:4:4:4:1
4:2:4:4:4:4:3:4:4:,clone,14508.818000013556,4:2:4:4:4:4:3:4:4
4:2:4:4:4:4:4:4:2:,recombination,13794.49001787414,2:2:4:4:4:3:4:4:1,4:3:4:4:4:2:1:4:4,MUTATE
4:2:4:4:4:4:4:4:2:,clone,13432.570690055178,4:2:4:4:4:4:4:4:2
4:2:4:4:4:4:4:4:3:,clone,13679.150745298895,4:2:4:4:4:4:4:4:3
3:2:4:4:2:4:4:4:1:,recombination,14781.51482049327,4:2:4:4:4:4:4:4:2,4:4:4:4:4:2:3:4:4,MUTATE
1:1:4:4:0:4:4:4:0:,clone,14995.196142727189,1:1:4:4:0:4:4:4:0
4:2:4:4:1:4:4:4:2:,clone,16129.466380426047,4:2:4:4:1:4:4:4:2
4:2:4:4:1:4:4:4:2:,clone,15530.649868354183,4:2:4:4:1:4:4:4:2
3:2:4:4:1:4:4:4:2:,clone,15470.072493193626,3:2:4:4:1:4:4:4:2
3:2:4:4:0:4:4:4:1:,clone,15397.67911646825,3:2:4:4:0:4:4:4:1
2:1:4:4:4:4:4:4:0:,recombination,15044.647228042191,3:2:4:4:2:4:4:4:2,1:2:4:4:3:4:4:4:0
2:2:4:4:4:2:3:4:2:,recombination,14092.102262256421,2:2:4:4:2:4:4:4:1,4:2:4:4:4:3:3:4:2,MUTATE
2:2:4:4:4:3:3:4:1:,clone,14781.004339464576,2:2:4:4:4:3:3:4:1
2:2:4:4:4:3:3:4:1:,recombination,14733.111946167855,4:2:4:4:4:3:3:4:2,1:2:4:4:3:4:4:4:0
2:2:4:4:4:3:3:4:2:,recombination,13657.939876326413,2:2:4:4:4:2:3:4:2,1:1:4:4:0:4:4:4:0,MUTATE
2:2:4:4:4:3:4:4:1:,recombination,14283.206146508073,2:2:4:4:0:4:4:4:1,2:2:4:4:2:4:4:4:1,MUTATE
