4:4:4:4:4:3:3:4:4:,initialisation,16684.469638336497,
4:4:4:4:4:2:2:4:4:,initialisation,16194.882201074577,
4:4:4:4:4:2:2:4:4:,initialisation,15955.273685563085,
4:4:4:4:4:2:2:4:4:,initialisation,15725.93486128079,
4:4:4:4:4:2:2:4:4:,initialisation,14819.818137438664,
4:4:4:4:4:2:3:4:4:,initialisation,16080.155381140275,
4:4:4:4:4:1:2:4:4:,initialisation,14512.322370205768,
4:4:4:4:4:2:3:4:4:,initialisation,14527.724435748134,
4:4:4:4:4:2:3:4:4:,initialisation,13554.066396943346,
4:4:4:4:4:2:2:4:4:,initialisation,13625.232441369555,
4:4:4:4:4:3:3:4:4:,initialisation,16216.59717440529,
4:4:4:4:4:1:2:4:4:,initialisation,14220.1418062673,
4:4:4:4:4:1:1:4:4:,initialisation,15486.930780503468,
4:4:4:4:4:1:2:4:4:,initialisation,13502.469930978921,
4:4:4:4:4:1:1:4:4:,initialisation,13865.441211127825,
4:4:4:4:4:3:3:4:4:,initialisation,15355.776148077683,
4:4:4:4:4:3:3:4:4:,initialisation,15199.415326731789,
4:4:4:4:4:3:2:4:4:,initialisation,16506.75132514376,
4:4:4:4:4:1:1:4:4:,initialisation,13051.940031797076,
4:4:4:4:4:2:1:4:4:,initialisation,14776.187525236917,
4:4:4:4:4:1:2:4:4:,initialisation,13291.045543104505,
4:3:4:4:4:3:3:4:4:,initialisation,15853.054891000964,
4:4:4:4:4:3:3:4:4:,initialisation,14842.778971501597,
4:4:4:4:4:1:1:4:4:,initialisation,12902.900052164518,
4:4:4:4:4:2:2:4:4:,initialisation,13498.933027327967,
4:4:4:4:4:2:2:4:4:,initialisation,13469.087114579788,
4:4:4:4:4:3:2:4:4:,initialisation,16130.148824609063,
4:4:4:4:4:1:1:4:4:,initialisation,12820.863148865526,
4:4:4:4:4:1:2:4:4:,initialisation,13264.695590590154,
4:4:4:4:4:1:2:4:4:,initialisation,13155.024358599738,
4:3:4:4:4:3:3:4:4:,initialisation,15784.852869163555,
2:2:4:4:0:4:4:4:0:,initialisation,16688.422576845292,
4:4:4:4:4:3:3:4:4:,initialisation,14771.678241753603,
4:4:4:4:4:2:2:4:4:,initialisation,12910.814567605883,
4:4:4:4:4:3:2:4:4:,initialisation,15688.601822832392,
4:4:4:4:4:3:3:4:4:,initialisation,14595.157775494086,
4:4:4:4:4:2:1:4:4:,initialisation,14321.076677798574,
4:4:4:4:4:0:1:4:4:,initialisation,14840.646213867129,
4:4:4:4:4:3:3:4:4:,initialisation,14573.342476886477,
4:4:4:4:4:3:2:4:4:,initialisation,15505.889761605757,
4:3:4:4:4:2:3:4:4:,initialisation,14742.378640074225,
4:4:4:4:4:3:2:4:4:,initialisation,15230.818628285293,
4:4:4:4:4:1:2:4:4:,initialisation,12490.157502243066,
4:4:4:4:4:0:0:0:4:,initialisation,12224.705983358304,
4:4:4:4:4:3:2:4:4:,initialisation,15112.646142379268,
4:4:4:4:4:3:2:4:4:,recombination,14846.845252255314,4:4:4:4:4:3:2:4:4,4:4:4:4:4:1:2:4:4
4:4:4:4:4:1:1:4:4:,clone,12465.223618026295,4:4:4:4:4:1:2:4:4
4:4:4:4:4:0:1:4:4:,clone,14840.646213867127,4:4:4:4:4:0:1:4:4
4:3:4:4:4:4:4:4:2:,recombination,15792.935979297554,4:4:4:4:4:1:1:4:4,2:2:4:4:0:4:4:4:0,MUTATE
4:4:4:4:4:1:2:4:4:,recombination,12433.531836154638,4:4:4:4:4:2:3:4:4,4:4:4:4:4:1:2:4:4
4:3:4:4:4:4:4:4:2:,clone,15761.188288508767,4:3:4:4:4:4:4:4:2
4:3:4:4:4:4:4:4:4:,recombination,15825.501635238677,4:3:4:4:4:4:4:4:2,4:4:4:4:4:2:2:4:4
4:3:4:4:4:4:4:4:3:,recombination,15886.410227688624,4:4:4:4:4:1:2:4:4,4:3:4:4:4:4:4:4:2,MUTATE
4:4:4:4:4:0:1:4:4:,recombination,13388.593023452904,4:4:4:4:4:1:1:4:4,4:4:4:4:4:0:0:0:4,MUTATE
4:2:4:4:4:4:4:4:2:,clone,16070.892333391932,4:3:4:4:4:4:4:4:2
4:3:4:4:4:3:3:4:4:,recombination,15058.713189213604,4:3:4:4:4:4:4:4:4,4:4:4:4:4:1:2:4:4
4:3:4:4:4:4:4:4:3:,recombination,15059.047696348494,4:2:4:4:4:4:4:4:2,4:4:4:4:4:2:2:4:4
4:4:4:4:4:3:3:4:4:,clone,14494.481302342994,4:4:4:4:4:3:3:4:4
4:4:4:4:4:0:0:1:4:,recombination,12965.583820079362,4:3:4:4:4:3:3:4:4,4:4:4:4:4:0:0:0:4
4:3:4:4:4:3:3:4:4:,clone,14917.845840112343,4:3:4:4:4:3:3:4:4
4:4:4:4:4:3:3:4:4:,clone,14493.3601959085,4:4:4:4:4:3:3:4:4
2:2:4:4:0:4:4:4:0:,recombination,16611.47643199551,2:2:4:4:0:4:4:4:0,4:3:4:4:4:4:4:4:2
4:4:4:4:4:3:3:4:4:,recombination,14223.272714131777,4:4:4:4:4:3:3:4:4,4:4:4:4:4:2:3:4:4
4:3:4:4:4:4:4:4:2:,recombination,15411.319896873014,4:4:4:4:4:3:3:4:4,4:3:4:4:4:4:4:4:2,MUTATE
4:4:4:4:4:3:3:4:4:,clone,14197.115278907968,4:4:4:4:4:3:3:4:4
4:4:4:4:4:0:1:4:4:,recombination,13272.33481563818,4:4:4:4:4:0:0:0:4,4:2:4:4:4:4:4:4:2,MUTATE
3:2:4:4:4:4:4:4:1:,recombination,16053.042040357494,2:2:4:4:0:4:4:4:0,4:4:4:4:4:2:2:4:4
4:4:4:4:4:0:1:4:4:,recombination,13082.879699094417,4:4:4:4:4:0:1:4:4,4:3:4:4:4:3:3:4:4
4:3:4:4:4:3:4:4:4:,recombination,16355.812856485372,4:3:4:4:4:3:3:4:4,4:4:4:4:4:3:3:4:4
4:4:4:4:4:0:1:3:4:,recombination,13445.933299720778,4:4:4:4:4:0:0:1:4,4:4:4:4:4:2:2:4:4,MUTATE
4:3:4:4:4:4:4:4:4:,clone,15681.825420311243,4:3:4:4:4:4:4:4:3
4:4:4:4:4:0:0:2:4:,recombination,13116.543488499557,4:4:4:4:4:0:1:4:4,4:4:4:4:4:0:0:0:4,MUTATE
4:4:4:4:4:3:3:4:4:,clone,13999.162385946347,4:4:4:4:4:3:3:4:4
4:3:4:4:4:3:4:4:4:,recombination,15845.911370707085,4:4:4:4:4:3:2:4:4,4:3:4:4:4:4:4:4:2,MUTATE
4:3:4:4:4:4:4:4:1:,clone,16175.006538611251,4:3:4:4:4:4:4:4:1
2:2:4:4:0:4:4:4:0:,clone,16605.7180074498,2:2:4:4:0:4:4:4:0
4:3:4:4:4:3:3:4:4:,recombination,14290.403255320116,4:4:4:4:4:2:2:4:4,4:3:4:4:4:4:4:4:2
3:2:4:4:3:4:4:4:1:,clone,16623.10342047355,4:3:4:4:4:4:4:4:1
4:3:4:4:4:4:4:4:1:,clone,16015.93994114088,4:3:4:4:4:4:4:4:1
4:3:4:4:4:3:4:4:4:,recombination,15712.749553595198,4:4:4:4:4:3:2:4:4,4:3:4:4:4:4:4:4:2,MUTATE
4:4:4:4:4:1:3:4:4:,recombination,14194.461621693597,4:4:4:4:4:1:1:4:4,4:4:4:4:4:0:1:4:4,MUTATE
4:3:4:4:4:4:3:4:4:,recombination,15645.515940877262,2:2:4:4:0:4:4:4:0,4:4:4:4:4:3:3:4:4,MUTATE
4:3:4:4:4:2:3:4:4:,clone,14578.753690030375,4:3:4:4:4:2:3:4:4
4:3:4:4:4:3:3:4:4:,recombination,14271.790916885418,4:4:4:4:4:2:2:4:4,4:4:4:4:4:1:1:4:4
4:4:4:4:4:3:3:4:4:,recombination,13874.909996550701,4:4:4:4:4:1:2:4:4,4:4:4:4:4:2:2:4:4
4:2:4:4:4:4:4:4:1:,recombination,16406.0156069827,3:2:4:4:3:4:4:4:1,4:4:4:4:4:1:2:4:4
4:4:4:4:4:3:3:4:4:,clone,13749.430164223277,4:4:4:4:4:3:3:4:4
4:4:4:4:4:3:4:4:4:,recombination,14950.893905697432,4:4:4:4:4:3:3:4:4,4:3:4:4:4:4:4:4:2,MUTATE
4:4:4:4:4:3:3:4:4:,clone,13726.314455449055,4:4:4:4:4:3:3:4:4
4:3:4:4:4:3:3:4:4:,clone,13984.373711739043,4:3:4:4:4:3:3:4:4
4:4:4:4:4:0:1:3:4:,recombination,13135.000150870126,4:4:4:4:4:0:0:0:4,4:4:4:4:4:3:3:4:4,MUTATE
4:4:4:4:4:3:3:4:4:,clone,13710.457175222664,4:4:4:4:4:3:3:4:4
4:4:4:4:4:3:2:4:4:,clone,14317.052735961926,4:4:4:4:4:3:3:4:4
4:4:4:4:4:3:2:4:4:,clone,14317.052735961925,4:4:4:4:4:3:2:4:4
3:2:4:4:0:4:4:4:0:,clone,17196.092755699876,2:2:4:4:0:4:4:4:0
4:4:4:4:4:3:2:4:4:,recombination,14239.169907321,4:4:4:4:4:3:3:4:4,4:4:4:4:4:3:2:4:4,MUTATE
4:4:4:4:4:0:0:3:4:,clone,13508.23676928216,4:4:4:4:4:0:0:2:4
4:3:4:4:4:2:3:4:4:,clone,14343.789150491122,4:3:4:4:4:2:3:4:4
4:3:4:4:4:4:4:4:4:,recombination,15637.405104331627,4:4:4:4:4:2:3:4:4,4:3:4:4:4:3:3:4:4,MUTATE
4:3:4:4:4:3:4:4:3:,recombination,15887.189478824544,4:3:4:4:4:2:3:4:4,3:2:4:4:3:4:4:4:1
4:2:4:4:3:4:4:4:1:,clone,16762.09149369193,4:2:4:4:3:4:4:4:1
4:3:4:4:4:4:4:4:4:,clone,15548.414490839194,4:3:4:4:4:3:3:4:4
4:4:4:4:4:0:0:3:4:,clone,13397.62939648705,4:4:4:4:4:0:0:2:4
4:4:4:4:4:4:4:4:4:,clone,15683.422819092797,4:3:4:4:4:4:4:4:4
4:3:4:4:4:4:4:4:4:,recombination,15473.394190725341,4:4:4:4:4:3:3:4:4,4:3:4:4:4:3:3:4:4
4:3:4:4:4:4:4:4:4:,clone,15464.705048565984,4:3:4:4:4:4:4:4:4
4:4:4:4:4:4:4:4:4:,clone,15485.857427662786,4:3:4:4:4:4:4:4:4
4:3:4:4:4:4:4:4:4:,recombination,15352.800894372907,4:3:4:4:4:3:3:4:4,2:2:4:4:0:4:4:4:0
3:2:4:4:0:4:4:4:0:,clone,16831.294357005914,3:2:4:4:0:4:4:4:0
3:2:4:4:1:4:4:4:0:,recombination,17169.28749370769,3:2:4:4:3:4:4:4:1,4:4:4:4:4:3:3:4:4
3:2:4:4:3:4:4:4:1:,clone,16461.292172908896,3:2:4:4:3:4:4:4:1
4:2:4:4:4:4:4:4:1:,clone,16309.640819119611,4:2:4:4:4:4:4:4:1
4:4:4:4:4:4:3:4:4:,recombination,15956.015769313217,4:4:4:4:4:3:2:4:4,4:4:4:4:4:3:2:4:4
4:4:4:4:4:4:3:4:4:,clone,15797.77066286706,4:4:4:4:4:4:3:4:4
3:2:4:4:1:4:4:4:0:,clone,16163.45034146356,3:2:4:4:1:4:4:4:0
4:2:4:4:4:4:4:4:1:,clone,16248.952321249939,4:2:4:4:4:4:4:4:1
4:3:4:4:3:4:4:4:1:,recombination,16883.36219540127,4:4:4:4:4:3:2:4:4,3:2:4:4:0:4:4:4:0,MUTATE
4:4:4:4:4:4:3:4:4:,recombination,15653.252402389337,4:4:4:4:4:2:3:4:4,4:4:4:4:4:3:3:4:4
4:3:4:4:4:3:4:4:3:,recombination,15838.971847026898,4:3:4:4:4:3:4:4:3,2:2:4:4:0:4:4:4:0,MUTATE
4:3:4:4:2:4:4:4:2:,clone,16725.98172860111,4:3:4:4:2:4:4:4:2
3:2:4:4:2:4:4:4:1:,clone,17076.65103721191,4:3:4:4:4:4:4:4:1
4:3:4:4:1:4:4:4:1:,clone,16725.981728601106,4:3:4:4:1:4:4:4:1
4:3:4:4:1:4:4:4:1:,clone,16512.080184688064,4:3:4:4:1:4:4:4:1
3:2:4:4:2:4:4:4:1:,clone,16959.982429264644,3:2:4:4:2:4:4:4:1
4:3:4:4:4:2:3:4:4:,recombination,14256.94928163634,4:4:4:4:4:3:3:4:4,4:3:4:4:4:2:3:4:4,MUTATE
4:3:4:4:4:3:4:4:4:,recombination,14568.212686407414,4:4:4:4:4:1:3:4:4,4:3:4:4:1:4:4:4:1
4:3:4:4:4:3:4:4:3:,clone,15795.193609920056,4:3:4:4:4:3:4:4:3
4:3:4:4:4:3:4:4:4:,clone,14457.731600744331,4:3:4:4:4:3:4:4:4
4:3:4:4:4:2:3:4:4:,clone,14117.932227188065,4:3:4:4:4:2:3:4:4
4:3:4:4:1:4:4:4:1:,clone,16467.209125230966,4:3:4:4:1:4:4:4:1
4:3:4:4:4:2:3:4:4:,clone,13968.191714844488,4:3:4:4:4:2:3:4:4
4:3:4:4:4:2:3:4:4:,clone,13941.194187168654,4:3:4:4:4:2:3:4:4
4:3:4:4:2:4:4:4:2:,recombination,16523.544607919324,4:3:4:4:4:4:4:4:2,4:4:4:4:4:0:0:0:4,MUTATE
3:3:4:4:4:4:4:4:1:,recombination,16618.212850692868,3:2:4:4:2:4:4:4:1,4:3:4:4:4:4:4:4:4,MUTATE
4:3:4:4:4:3:4:4:2:,clone,16334.902218839268,4:3:4:4:4:3:4:4:3
3:2:4:4:2:4:4:4:1:,clone,16883.054933258616,3:2:4:4:2:4:4:4:1
4:2:4:4:2:4:4:4:1:,clone,17369.331990025712,4:2:4:4:2:4:4:4:1
4:2:4:4:3:4:4:4:1:,recombination,16682.368510386896,4:2:4:4:4:4:4:4:1,4:3:4:4:4:3:3:4:4,MUTATE
4:2:4:4:3:4:4:4:1:,recombination,16645.06341906773,4:2:4:4:4:4:4:4:1,4:4:4:4:4:3:3:4:4
4:2:4:4:1:4:4:4:1:,clone,16957.669806751182,4:2:4:4:1:4:4:4:1
4:3:4:4:2:4:4:4:1:,recombination,16599.20293012841,4:3:4:4:4:3:3:4:4,4:3:4:4:2:4:4:4:2,MUTATE
3:2:4:4:2:4:4:4:1:,clone,16778.248868904313,3:2:4:4:2:4:4:4:1
3:3:4:4:1:4:4:4:1:,clone,16591.413464457226,4:2:4:4:1:4:4:4:1
4:2:4:4:1:4:4:4:1:,clone,16751.817217064505,4:2:4:4:1:4:4:4:1
3:2:4:4:2:4:4:4:1:,recombination,16777.284771567276,3:3:4:4:4:4:4:4:1,2:2:4:4:0:4:4:4:0
3:3:4:4:2:4:4:4:1:,clone,16677.172269326387,3:3:4:4:2:4:4:4:1
3:3:4:4:0:4:4:4:1:,clone,16601.293437629083,3:3:4:4:0:4:4:4:1
3:3:4:4:0:4:4:4:1:,clone,16258.884082114973,3:3:4:4:0:4:4:4:1
4:3:4:4:3:4:4:4:2:,recombination,16313.806616961825,3:3:4:4:1:4:4:4:1,4:4:4:4:4:0:1:4:4,MUTATE
4:3:4:4:4:3:4:4:2:,recombination,16061.671880881731,4:3:4:4:4:3:4:4:3,4:4:4:4:4:3:2:4:4
3:2:4:4:0:4:4:4:0:,clone,16252.79621935915,3:2:4:4:0:4:4:4:0
3:3:4:4:4:4:4:4:1:,recombination,15858.928171624444,3:2:4:4:2:4:4:4:1,4:3:4:4:2:4:4:4:1,MUTATE
4:3:4:4:4:3:4:4:2:,clone,16010.991876682554,4:3:4:4:4:3:4:4:2
4:3:4:4:4:3:4:4:2:,clone,15999.450691742664,4:3:4:4:4:3:4:4:2
3:2:4:4:0:4:4:4:1:,clone,16498.809873952887,3:2:4:4:0:4:4:4:1
3:2:4:4:4:4:4:4:1:,recombination,16028.77347440514,3:3:4:4:4:4:4:4:1,4:3:4:4:3:4:4:4:1,MUTATE
3:2:4:4:2:4:4:4:0:,recombination,16740.075736552004,3:2:4:4:1:4:4:4:0,3:3:4:4:4:4:4:4:1,MUTATE
4:3:4:4:4:3:4:4:2:,clone,15929.335558206787,4:3:4:4:4:3:4:4:2
3:2:4:4:0:4:4:4:1:,recombination,16428.69474041701,4:3:4:4:4:4:4:4:2,4:4:4:4:4:1:1:4:4
3:2:4:4:2:4:4:4:0:,clone,16669.96060301613,3:2:4:4:2:4:4:4:0
3:2:4:4:3:4:4:4:1:,recombination,16224.911045249635,4:3:4:4:4:4:4:4:4,4:3:4:4:2:4:4:4:2,MUTATE
3:3:4:4:2:4:4:4:1:,clone,16173.543648290311,3:3:4:4:0:4:4:4:1
4:2:4:4:3:4:4:4:1:,recombination,16492.316076826508,4:3:4:4:4:3:3:4:4,4:3:4:4:4:4:4:4:2
4:3:4:4:3:4:4:4:2:,recombination,16077.746254965787,4:3:4:4:1:4:4:4:1,4:3:4:4:4:3:3:4:4,MUTATE
4:3:4:4:2:4:4:4:1:,clone,16137.581223233314,4:3:4:4:2:4:4:4:1
4:2:4:4:3:4:4:4:1:,recombination,16399.23351012356,3:2:4:4:3:4:4:4:1,3:3:4:4:1:4:4:4:1,MUTATE
4:3:4:4:2:4:4:4:1:,clone,15858.394708000158,4:3:4:4:2:4:4:4:1
4:2:4:4:4:4:4:4:1:,recombination,16002.133682934525,3:2:4:4:4:4:4:4:1,4:4:4:4:4:3:3:4:4,MUTATE
4:2:4:4:2:4:4:4:1:,clone,15975.46469025314,4:2:4:4:2:4:4:4:1
3:3:4:4:3:4:4:4:1:,recombination,16062.309711259224,3:2:4:4:0:4:4:4:0,4:4:4:4:4:2:3:4:4
3:2:4:4:4:4:4:4:1:,clone,15660.312591765538,4:2:4:4:4:4:4:4:1
3:2:4:4:4:4:4:4:1:,clone,15639.046321736392,3:2:4:4:4:4:4:4:1
3:2:4:4:4:4:4:4:1:,clone,15583.458042799224,4:2:4:4:4:4:4:4:1
3:2:4:4:3:4:4:4:0:,clone,16179.126685701825,3:2:4:4:3:4:4:4:0
3:2:4:4:2:4:4:4:1:,clone,16249.7633433917,3:3:4:4:2:4:4:4:1
3:3:4:4:2:4:4:4:1:,recombination,16081.816525697028,3:2:4:4:2:4:4:4:1,3:3:4:4:2:4:4:4:1,MUTATE
4:3:4:4:4:3:4:4:2:,clone,15915.14145277353,4:3:4:4:4:3:4:4:2
3:2:4:4:3:4:4:4:0:,clone,16173.296193509826,3:2:4:4:3:4:4:4:0
4:3:4:4:4:3:4:4:2:,recombination,15708.372765753147,4:3:4:4:4:3:4:4:2,4:3:4:4:4:3:4:4:3
4:2:4:4:3:4:4:4:1:,clone,16280.701441084417,4:2:4:4:3:4:4:4:1
3:3:4:4:1:4:4:4:1:,clone,15901.642740882455,3:2:4:4:3:4:4:4:1
3:2:4:4:2:4:4:4:1:,recombination,16200.621429249497,3:2:4:4:0:4:4:4:0,4:3:4:4:4:3:3:4:4,MUTATE
4:2:4:4:4:4:4:4:1:,clone,15828.634462347558,3:2:4:4:4:4:4:4:1
4:3:4:4:4:3:4:4:2:,clone,15705.417744062774,4:3:4:4:4:3:4:4:2
3:3:4:4:2:4:4:4:0:,clone,16719.65314079371,3:2:4:4:2:4:4:4:0
4:3:4:4:4:3:4:4:2:,clone,15539.16406726945,4:3:4:4:4:3:4:4:2
3:2:4:4:0:4:4:4:1:,clone,15952.839979991766,3:2:4:4:0:4:4:4:1
3:2:4:4:3:4:4:4:0:,recombination,16171.102996106058,4:2:4:4:4:4:4:4:2,3:2:4:4:3:4:4:4:0
3:2:4:4:3:4:4:4:0:,recombination,15907.820024261522,3:2:4:4:3:4:4:4:0,3:3:4:4:0:4:4:4:1,MUTATE
3:2:4:4:3:4:4:4:1:,recombination,16100.271512885362,3:2:4:4:4:4:4:4:1,3:2:4:4:3:4:4:4:1,MUTATE
3:2:4:4:3:4:4:4:0:,clone,15549.183997335052,3:2:4:4:3:4:4:4:0
3:2:4:4:3:4:4:4:1:,clone,16008.866461461686,3:2:4:4:3:4:4:4:1
3:2:4:4:0:4:4:4:0:,recombination,16064.963371490825,4:3:4:4:4:3:4:4:4,3:3:4:4:0:4:4:4:1
4:3:4:4:4:3:4:4:3:,recombination,15518.216446699958,4:3:4:4:4:3:4:4:2,4:3:4:4:2:4:4:4:2
3:2:4:4:0:4:4:4:1:,recombination,15737.49654071269,3:2:4:4:0:4:4:4:1,4:3:4:4:2:4:4:4:1,MUTATE
2:2:4:4:0:4:4:4:0:,clone,15949.88358150445,3:2:4:4:3:4:4:4:0
3:2:4:4:1:4:4:4:0:,clone,16148.151251922302,3:2:4:4:1:4:4:4:0
4:3:4:4:4:3:4:4:3:,clone,15452.37065368456,4:3:4:4:4:3:4:4:3
3:2:4:4:1:4:4:4:0:,recombination,15989.614079310877,3:2:4:4:4:4:4:4:1,4:4:4:4:4:3:3:4:4
3:2:4:4:1:4:4:4:0:,recombination,15333.78619210169,3:3:4:4:1:4:4:4:1,4:4:4:4:4:3:3:4:4,MUTATE
3:2:4:4:0:4:4:4:0:,recombination,16023.137950990134,3:2:4:4:4:4:4:4:1,4:3:4:4:4:2:3:4:4,MUTATE
3:2:4:4:1:4:4:4:1:,recombination,15576.426188148816,3:3:4:4:2:4:4:4:1,4:3:4:4:4:3:4:4:4
2:2:4:4:1:4:4:4:0:,clone,15906.984787377562,2:2:4:4:1:4:4:4:0
2:2:4:4:0:4:4:4:0:,clone,15764.279727811647,2:2:4:4:0:4:4:4:0
4:3:4:4:4:4:4:4:1:,recombination,15807.261252876053,4:2:4:4:2:4:4:4:1,4:3:4:4:4:4:4:4:4,MUTATE
2:2:4:4:0:4:4:4:0:,clone,15750.895287800073,2:2:4:4:0:4:4:4:0
2:2:4:4:0:4:4:4:0:,clone,15750.895287800071,2:2:4:4:0:4:4:4:0
3:2:4:4:0:4:4:4:0:,clone,15961.708838040615,3:2:4:4:0:4:4:4:0
4:3:4:4:4:3:4:4:3:,clone,15417.532385864924,4:3:4:4:4:3:4:4:3
2:2:4:4:0:4:4:4:0:,clone,15721.189641686293,2:2:4:4:0:4:4:4:0
2:2:4:4:0:4:4:4:0:,recombination,15660.249932625211,3:3:4:4:2:4:4:4:1,3:3:4:4:1:4:4:4:1
2:2:4:4:1:4:4:4:0:,clone,15901.032519452798,2:2:4:4:1:4:4:4:0
3:3:4:4:2:4:4:4:1:,recombination,16035.320793382542,4:2:4:4:4:4:4:4:2,4:4:4:4:4:2:3:4:4,MUTATE
3:2:4:4:0:4:4:4:0:,recombination,15961.708838040613,3:2:4:4:3:4:4:4:0,3:2:4:4:0:4:4:4:0
2:2:4:4:0:4:4:4:0:,clone,15555.4484574105,2:2:4:4:0:4:4:4:0
2:2:4:4:1:4:4:4:0:,recombination,15468.730606327632,3:2:4:4:2:4:4:4:1,2:2:4:4:1:4:4:4:0,MUTATE
3:2:4:4:3:4:4:4:1:,recombination,15800.304233311746,3:3:4:4:1:4:4:4:1,4:3:4:4:4:4:4:4:4,MUTATE
4:3:4:4:4:3:4:4:3:,clone,15339.740213991952,4:3:4:4:4:3:4:4:3
4:3:4:4:4:3:4:4:3:,clone,15277.438378558632,4:3:4:4:4:3:4:4:3
3:2:4:4:0:4:4:4:0:,clone,15961.276393654349,3:2:4:4:0:4:4:4:0
2:2:4:4:0:4:4:4:0:,clone,15533.458379009566,2:2:4:4:0:4:4:4:0
2:2:4:4:0:4:4:4:0:,clone,15481.774598950118,2:2:4:4:0:4:4:4:0
3:2:4:4:0:4:4:4:0:,clone,15888.698671318089,3:2:4:4:0:4:4:4:0
2:2:4:4:2:4:4:4:0:,recombination,15312.99200879181,3:2:4:4:2:4:4:4:1,4:3:4:4:4:3:4:4:3
3:2:4:4:1:4:4:4:0:,recombination,15283.971785552832,3:3:4:4:0:4:4:4:1,4:4:4:4:4:2:2:4:4
3:2:4:4:0:4:4:4:0:,clone,15836.175715982718,3:2:4:4:0:4:4:4:0
3:2:4:4:3:4:4:4:1:,clone,15638.750740057709,3:2:4:4:3:4:4:4:1
3:2:4:4:2:4:4:4:1:,clone,15676.389211894719,3:2:4:4:2:4:4:4:1
3:2:4:4:1:4:4:4:1:,recombination,15300.571904477934,4:2:4:4:4:4:4:4:1,3:2:4:4:1:4:4:4:1
3:2:4:4:0:4:4:4:0:,clone,15694.203878397888,3:2:4:4:0:4:4:4:0
2:2:4:4:0:4:4:4:0:,clone,15354.234370602704,2:2:4:4:0:4:4:4:0
2:2:4:4:0:4:4:4:0:,recombination,15314.264889857392,4:2:4:4:4:4:4:4:1,2:2:4:4:0:4:4:4:0
4:2:4:4:4:4:4:4:2:,recombination,15247.134345686982,4:4:4:4:4:1:2:4:4,3:2:4:4:0:4:4:4:0
4:2:4:4:3:4:4:4:1:,recombination,15380.875833980517,2:2:4:4:0:4:4:4:0,4:3:4:4:4:3:4:4:4
4:3:4:4:4:4:4:4:1:,recombination,15687.516939558382,4:3:4:4:2:4:4:4:1,4:4:4:4:4:3:3:4:4
3:3:4:4:3:4:4:4:1:,clone,15938.600649323347,3:3:4:4:3:4:4:4:1
3:2:4:4:4:4:4:4:1:,recombination,15454.652578841253,4:3:4:4:2:4:4:4:2,4:4:4:4:4:0:1:4:4,MUTATE
3:3:4:4:3:4:4:4:1:,clone,15776.550149470477,3:3:4:4:3:4:4:4:1
3:2:4:4:3:4:4:4:1:,recombination,15583.291275810418,3:2:4:4:1:4:4:4:0,4:3:4:4:4:4:3:4:4,MUTATE
3:2:4:4:1:4:4:4:0:,clone,15187.309971378956,3:2:4:4:1:4:4:4:0
3:2:4:4:1:4:4:4:0:,recombination,14994.601697426991,4:3:4:4:2:4:4:4:1,3:2:4:4:3:4:4:4:1,MUTATE
3:3:4:4:3:4:4:4:1:,clone,15725.870145271296,3:3:4:4:3:4:4:4:1
3:3:4:4:4:4:4:4:1:,recombination,15808.699376506063,3:3:4:4:3:4:4:4:1,4:3:4:4:4:2:3:4:4
3:2:4:4:3:4:4:4:1:,clone,15538.92844228139,3:2:4:4:3:4:4:4:1
3:2:4:4:2:4:4:4:0:,recombination,16180.240118963075,4:3:4:4:1:4:4:4:1,4:4:4:4:4:0:0:3:4,MUTATE
3:2:4:4:2:4:4:4:0:,clone,15955.456896201225,3:2:4:4:2:4:4:4:0
3:2:4:4:2:4:4:4:0:,clone,15745.323583742376,3:2:4:4:2:4:4:4:0
4:3:4:4:3:4:4:4:1:,recombination,15963.704075152398,3:2:4:4:2:4:4:4:0,4:2:4:4:3:4:4:4:1
3:2:4:4:3:4:4:4:1:,recombination,15522.660002289811,3:2:4:4:0:4:4:4:1,3:3:4:4:3:4:4:4:1,MUTATE
4:2:4:4:4:4:4:4:1:,recombination,15391.667976385565,3:2:4:4:3:4:4:4:1,4:4:4:4:4:4:3:4:4
4:2:4:4:4:4:4:4:1:,clone,15379.755006486539,4:2:4:4:4:4:4:4:1
3:2:4:4:3:4:4:4:1:,recombination,15461.232966207906,4:2:4:4:3:4:4:4:1,3:3:4:4:3:4:4:4:1,MUTATE
3:2:4:4:3:4:4:4:1:,recombination,14998.471861582602,4:2:4:4:2:4:4:4:1,3:3:4:4:3:4:4:4:1
4:3:4:4:4:4:4:4:2:,recombination,15349.990475686911,4:3:4:4:4:3:4:4:3,3:2:4:4:3:4:4:4:1
3:3:4:4:4:4:4:4:1:,clone,15516.674409938041,3:3:4:4:4:4:4:4:1
3:2:4:4:4:4:4:4:1:,recombination,15393.11948230409,4:3:4:4:4:4:4:4:1,4:3:4:4:4:4:4:4:1
3:2:4:4:0:4:4:4:0:,recombination,15459.440686227314,2:2:4:4:0:4:4:4:0,4:4:4:4:4:4:4:4:4
2:2:4:4:0:4:4:4:0:,recombination,15290.131112612144,3:3:4:4:4:4:4:4:1,4:4:4:4:4:3:3:4:4,MUTATE
2:2:4:4:0:4:4:4:0:,clone,15284.367877645112,2:2:4:4:0:4:4:4:0
2:2:4:4:0:4:4:4:0:,recombination,15209.556542124043,3:2:4:4:2:4:4:4:0,4:3:4:4:4:4:4:4:4,MUTATE
2:2:4:4:0:4:4:4:0:,clone,15080.399263199353,3:2:4:4:1:4:4:4:0
3:2:4:4:2:4:4:4:1:,recombination,15407.079987439027,4:3:4:4:4:4:4:4:4,2:2:4:4:1:4:4:4:0,MUTATE
3:2:4:4:2:4:4:4:0:,clone,15546.276067550532,3:2:4:4:2:4:4:4:0
2:2:4:4:0:4:4:4:0:,clone,15059.175102631762,2:2:4:4:0:4:4:4:0
2:2:4:4:0:4:4:4:0:,clone,15032.944233225353,2:2:4:4:0:4:4:4:0
4:3:4:4:4:4:4:4:1:,clone,15464.838902433816,4:3:4:4:4:4:4:4:1
3:2:4:4:2:4:4:4:0:,clone,15437.304472298396,3:2:4:4:2:4:4:4:0
2:2:4:4:0:4:4:4:0:,clone,14950.574021721815,2:2:4:4:0:4:4:4:0
4:3:4:4:4:4:4:4:1:,clone,15355.86730718168,4:3:4:4:4:4:4:4:1
3:2:4:4:0:4:4:4:0:,clone,15034.409964670085,3:2:4:4:0:4:4:4:0
2:2:4:4:0:4:4:4:0:,recombination,14871.812265628912,2:2:4:4:0:4:4:4:0,4:4:4:4:4:3:3:4:4,MUTATE
3:2:4:4:4:4:4:4:0:,recombination,15340.090663952971,4:3:4:4:4:3:4:4:2,2:2:4:4:0:4:4:4:0,MUTATE
3:2:4:4:2:4:4:4:1:,clone,15191.24686914789,3:2:4:4:2:4:4:4:1
3:2:4:4:2:4:4:4:1:,clone,15010.221112515888,3:2:4:4:2:4:4:4:1
4:3:4:4:4:4:4:4:2:,recombination,15233.168150342997,3:3:4:4:4:4:4:4:1,2:2:4:4:0:4:4:4:0,MUTATE
3:2:4:4:1:4:4:4:0:,recombination,14991.672616219097,3:2:4:4:3:4:4:4:1,3:2:4:4:2:4:4:4:1,MUTATE
3:2:4:4:2:4:4:4:0:,recombination,15406.74318347033,3:2:4:4:0:4:4:4:1,3:2:4:4:2:4:4:4:0
3:2:4:4:2:4:4:4:0:,recombination,14947.850393057182,3:2:4:4:2:4:4:4:0,2:2:4:4:0:4:4:4:0
3:2:4:4:4:4:4:4:1:,recombination,15130.555764206485,4:3:4:4:4:3:4:4:3,3:2:4:4:2:4:4:4:1
3:3:4:4:4:4:4:4:1:,clone,15399.060259010994,3:3:4:4:4:4:4:4:1
3:3:4:4:0:4:4:4:0:,recombination,17229.71853555192,4:2:4:4:2:4:4:4:1,3:3:4:4:2:4:4:4:0
3:3:4:4:4:4:4:4:1:,recombination,15268.941806020248,2:2:4:4:0:4:4:4:0,3:2:4:4:4:4:4:4:1
3:3:4:4:4:4:4:4:1:,recombination,14871.12005165231,3:2:4:4:4:4:4:4:1,3:2:4:4:4:4:4:4:1
3:2:4:4:4:4:4:4:1:,clone,14871.12005165231,3:3:4:4:4:4:4:4:1
3:3:4:4:1:4:4:4:0:,clone,16064.52088054402,3:3:4:4:1:4:4:4:0
3:3:4:4:1:4:4:4:0:,recombination,15954.552816224319,2:2:4:4:1:4:4:4:0,4:4:4:4:4:3:2:4:4,MUTATE
3:3:4:4:2:4:4:4:1:,clone,15989.839760575083,3:3:4:4:2:4:4:4:1
2:3:4:4:1:4:4:4:0:,clone,15644.032977914647,2:3:4:4:1:4:4:4:0
4:3:4:4:4:4:4:4:1:,recombination,14979.23210964067,4:3:4:4:4:2:3:4:4,3:3:4:4:4:4:4:4:1
3:3:4:4:1:4:4:4:0:,recombination,15414.189689560619,3:2:4:4:0:4:4:4:0,3:2:4:4:2:4:4:4:1
2:3:4:4:0:4:4:4:0:,clone,17339.42982798824,2:3:4:4:0:4:4:4:0
3:3:4:4:1:4:4:4:0:,clone,15384.665839565168,3:3:4:4:1:4:4:4:0
2:3:4:4:1:4:4:4:0:,recombination,15574.700436230001,2:2:4:4:0:4:4:4:0,3:3:4:4:1:4:4:4:0
4:3:4:4:4:4:4:4:4:,recombination,15346.775259760469,3:2:4:4:2:4:4:4:1,4:3:4:4:4:2:3:4:4,MUTATE
3:3:4:4:0:4:4:4:0:,recombination,16179.69565263934,3:2:4:4:1:4:4:4:0,4:3:4:4:3:4:4:4:2,MUTATE
3:3:4:4:2:4:4:4:1:,clone,15875.337967774261,3:3:4:4:2:4:4:4:1
4:3:4:4:4:4:4:4:2:,recombination,15007.967055659687,4:2:4:4:4:4:4:4:2,2:2:4:4:0:4:4:4:0,MUTATE
3:3:4:4:0:4:4:4:0:,clone,15948.224921191344,3:3:4:4:0:4:4:4:0
3:3:4:4:2:4:4:4:1:,clone,15774.323600550993,3:3:4:4:2:4:4:4:1
4:3:4:4:3:4:4:4:1:,recombination,15936.654659316055,4:2:4:4:3:4:4:4:1,4:4:4:4:4:3:3:4:4,MUTATE
3:3:4:4:2:4:4:4:0:,recombination,15727.639386474362,3:3:4:4:1:4:4:4:0,3:2:4:4:2:4:4:4:0
2:3:4:4:0:4:4:4:0:,recombination,16483.933224664914,2:2:4:4:0:4:4:4:0,4:4:4:4:4:1:1:4:4
3:3:4:4:2:4:4:4:1:,recombination,15600.613995761374,3:2:4:4:0:4:4:4:0,3:3:4:4:2:4:4:4:1
4:2:4:4:4:4:4:4:1:,clone,15313.217818660594,4:2:4:4:4:4:4:4:1
4:2:4:4:4:4:4:4:1:,clone,15170.524962788457,4:2:4:4:4:4:4:4:1
4:2:4:4:4:4:4:4:1:,clone,15067.97250339807,4:2:4:4:4:4:4:4:1
4:2:4:4:4:4:4:4:1:,clone,15026.172229054686,4:2:4:4:4:4:4:4:1
4:2:4:4:4:4:4:4:2:,recombination,15166.394762759477,4:2:4:4:4:4:4:4:1,3:3:4:4:4:4:4:4:1
2:3:4:4:0:4:4:4:0:,recombination,16434.61016268506,4:3:4:4:4:4:4:4:1,3:3:4:4:2:4:4:4:0,MUTATE
4:3:4:4:4:4:4:4:4:,recombination,15105.040110296726,4:4:4:4:4:3:3:4:4,4:4:4:4:4:0:0:3:4,MUTATE
4:3:4:4:4:4:4:4:4:,recombination,15085.332412228172,2:2:4:4:0:4:4:4:0,4:3:4:4:4:4:4:4:4,MUTATE
4:3:4:4:4:4:4:4:4:,clone,15037.022766607228,4:3:4:4:4:4:4:4:4
4:3:4:4:4:4:4:4:4:,clone,15031.04484324303,4:3:4:4:4:4:4:4:4
4:3:4:4:4:4:4:4:4:,clone,14985.306546018719,4:3:4:4:4:4:4:4:4
4:3:4:4:4:4:4:4:4:,clone,14914.778823936567,4:3:4:4:4:4:4:4:4
4:2:4:4:1:4:4:4:0:,clone,16730.712869948762,3:2:4:4:1:4:4:4:0
4:2:4:4:1:4:4:4:0:,clone,16702.983395203868,4:2:4:4:1:4:4:4:0
4:4:4:4:4:0:0:4:4:,recombination,15277.703133753042,4:4:4:4:4:0:0:3:4,4:3:4:4:4:4:4:4:4,MUTATE
4:4:4:4:4:0:0:4:4:,clone,15188.273527170195,4:4:4:4:4:0:0:4:4
4:3:4:4:4:4:3:4:4:,clone,15179.75703609252,4:3:4:4:4:4:3:4:4
4:3:4:4:4:4:3:4:4:,clone,15164.069415931182,4:3:4:4:4:4:3:4:4
4:3:4:4:4:4:3:4:4:,clone,14961.14337516277,4:3:4:4:4:4:3:4:4
4:3:4:4:4:4:4:4:4:,clone,14890.572746387155,4:3:4:4:4:4:4:4:4
4:3:4:4:4:4:4:4:4:,clone,14715.376180363637,4:3:4:4:4:4:4:4:4
4:4:4:4:4:4:3:4:4:,clone,15588.865434074705,4:4:4:4:4:4:3:4:4
4:3:4:4:4:4:4:4:4:,clone,14658.985747606126,4:3:4:4:4:4:4:4:4
4:3:4:4:4:4:4:4:4:,clone,14561.030397280896,4:3:4:4:4:4:4:4:4
4:3:4:4:4:4:4:4:4:,clone,14286.320804815194,4:3:4:4:4:4:4:4:4
4:3:4:4:4:4:4:4:4:,clone,14216.422047323926,4:3:4:4:4:4:4:4:4
4:3:4:4:4:4:4:4:4:,clone,14110.659847668221,4:3:4:4:4:4:4:4:4
4:3:4:4:4:4:3:4:4:,recombination,13981.46495932061,3:2:4:4:1:4:4:4:0,4:3:4:4:4:4:4:4:4
4:2:4:4:1:4:4:4:1:,clone,16604.153607744647,4:2:4:4:2:4:4:4:1
4:2:4:4:2:4:4:4:2:,clone,16883.14316522145,4:2:4:4:2:4:4:4:2
4:2:4:4:3:4:4:4:2:,clone,16735.694748661383,4:2:4:4:1:4:4:4:1
4:2:4:4:3:4:4:4:2:,clone,16639.966524952877,4:2:4:4:3:4:4:4:2
4:3:4:4:1:4:4:4:1:,recombination,16159.686486163879,4:3:4:4:3:4:4:4:1,3:2:4:4:4:4:4:4:1
4:3:4:4:3:4:4:4:2:,clone,15648.290933760656,4:3:4:4:3:4:4:4:2
4:2:4:4:3:4:4:4:2:,recombination,15723.142935709726,3:2:4:4:3:4:4:4:0,4:3:4:4:4:4:4:4:4
4:3:4:4:3:4:4:4:1:,recombination,15809.207948649999,4:4:4:4:4:2:2:4:4,4:3:4:4:4:4:4:4:4
3:3:4:4:3:4:4:4:1:,clone,15525.79931894476,3:3:4:4:3:4:4:4:1
4:3:4:4:3:4:4:4:1:,recombination,15782.47195417235,4:4:4:4:4:4:4:4:4,4:4:4:4:4:3:3:4:4,MUTATE
2:2:4:4:1:4:4:4:0:,recombination,15252.441965668146,3:2:4:4:2:4:4:4:0,4:2:4:4:4:4:4:4:1,MUTATE
4:2:4:4:2:4:4:4:1:,recombination,15476.822133469186,4:3:4:4:4:3:4:4:2,3:3:4:4:3:4:4:4:1,MUTATE
4:3:4:4:4:4:4:4:3:,recombination,14617.166753599504,3:3:4:4:0:4:4:4:0,4:2:4:4:4:4:4:4:1
4:3:4:4:4:4:4:4:2:,clone,14923.34485032197,4:3:4:4:4:4:4:4:2
4:3:4:4:4:4:4:4:2:,clone,14901.853164449723,4:3:4:4:4:4:4:4:2
4:3:4:4:4:4:4:4:2:,clone,14804.42549929874,4:3:4:4:4:4:4:4:2
4:3:4:4:4:4:4:4:2:,clone,14782.69254814112,4:3:4:4:4:4:4:4:2
4:3:4:4:4:4:4:4:2:,clone,14626.383691077535,4:3:4:4:4:4:4:4:2
3:3:4:4:3:4:4:4:1:,recombination,15441.781032692626,3:2:4:4:2:4:4:4:0,4:3:4:4:4:4:4:4:2,MUTATE
3:3:4:4:4:4:4:4:1:,recombination,14612.286017205724,4:3:4:4:4:4:4:4:3,4:2:4:4:2:4:4:4:1,MUTATE
3:2:4:4:4:4:4:4:1:,recombination,14755.125905418405,3:3:4:4:4:4:4:4:1,2:2:4:4:0:4:4:4:0,MUTATE
3:2:4:4:4:4:4:4:0:,recombination,15097.79373494105,4:3:4:4:3:4:4:4:1,4:3:4:4:4:4:4:4:3
3:2:4:4:4:4:4:4:2:,recombination,16484.470539390688,2:2:4:4:0:4:4:4:0,4:3:4:4:4:3:4:4:2,MUTATE
2:2:4:4:3:4:4:4:0:,clone,16095.66687952005,2:2:4:4:3:4:4:4:0
4:2:4:4:4:4:4:4:1:,recombination,14928.397787399781,4:3:4:4:4:4:4:4:4,4:4:4:4:4:0:1:4:4
2:2:4:4:1:4:4:4:0:,clone,15251.114447761174,2:2:4:4:1:4:4:4:0
3:2:4:4:1:4:4:4:0:,clone,14989.966808626368,3:2:4:4:1:4:4:4:0
3:2:4:4:3:4:4:4:0:,recombination,15533.822765507504,3:2:4:4:0:4:4:4:0,4:4:4:4:4:1:2:4:4
3:2:4:4:3:4:4:4:0:,clone,15291.472962794729,3:2:4:4:3:4:4:4:0
3:2:4:4:3:4:4:4:0:,recombination,15285.971237238984,3:2:4:4:4:4:4:4:2,3:3:4:4:2:4:4:4:1,MUTATE
2:3:4:4:2:4:4:4:0:,clone,16173.120462151888,2:3:4:4:2:4:4:4:0
2:3:4:4:0:4:4:4:0:,recombination,16049.800614532587,3:2:4:4:3:4:4:4:1,4:3:4:4:4:2:3:4:4,MUTATE
2:2:4:4:0:4:4:4:0:,clone,14750.130153413398,2:2:4:4:0:4:4:4:0
2:2:4:4:0:4:4:4:0:,recombination,14590.362019469703,4:3:4:4:4:2:3:4:4,4:3:4:4:4:4:3:4:4
2:3:4:4:0:4:4:4:0:,recombination,15165.907738672873,2:2:4:4:0:4:4:4:0,4:2:4:4:2:4:4:4:1,MUTATE
3:2:4:4:4:4:4:4:1:,clone,14742.52808835127,3:2:4:4:4:4:4:4:1
2:2:4:4:2:4:4:4:0:,recombination,14970.222140282038,4:3:4:4:4:4:3:4:4,3:2:4:4:4:4:4:4:1
2:2:4:4:0:4:4:4:0:,recombination,14563.823444827669,4:4:4:4:4:1:2:4:4,2:2:4:4:3:4:4:4:0,MUTATE
2:2:4:4:0:4:4:4:0:,recombination,14506.506908724306,2:2:4:4:1:4:4:4:0,2:2:4:4:0:4:4:4:0
2:2:4:4:0:4:4:4:0:,clone,14506.506908724305,2:2:4:4:0:4:4:4:0
3:2:4:4:1:4:4:4:0:,recombination,14864.399770649467,2:2:4:4:0:4:4:4:0,4:2:4:4:4:4:4:4:1,MUTATE
4:2:4:4:1:4:4:4:0:,recombination,16616.59863331434,2:2:4:4:1:4:4:4:0,4:2:4:4:4:4:4:4:1
4:2:4:4:1:4:4:4:0:,clone,16485.536450400425,4:2:4:4:1:4:4:4:0
4:2:4:4:1:4:4:4:0:,clone,16345.861244125163,4:2:4:4:1:4:4:4:0
1:2:4:4:0:4:4:4:0:,clone,15665.39351381193,2:2:4:4:0:4:4:4:0
1:2:4:4:0:4:4:4:0:,clone,15538.241245760588,1:2:4:4:0:4:4:4:0
3:2:4:4:3:4:4:4:0:,recombination,15260.028902916132,4:3:4:4:4:4:4:4:4,4:4:4:4:4:0:1:3:4,MUTATE
2:3:4:4:2:4:4:4:0:,recombination,15716.863531057257,4:3:4:4:4:3:4:4:3,4:3:4:4:4:4:4:4:4
1:2:4:4:0:4:4:4:0:,clone,15465.284715682505,1:2:4:4:0:4:4:4:0
3:2:4:4:3:4:4:4:0:,clone,15116.167089460072,3:2:4:4:3:4:4:4:0
2:2:4:4:3:4:4:4:0:,clone,15089.07405651881,2:2:4:4:3:4:4:4:0
3:3:4:4:3:4:4:4:0:,clone,15775.891968658638,3:2:4:4:3:4:4:4:0
4:4:4:4:4:0:0:4:4:,clone,14613.2071102927,4:4:4:4:4:0:0:4:4
4:4:4:4:4:0:0:4:4:,clone,14542.383862694456,4:4:4:4:4:0:0:4:4
4:4:4:4:4:0:0:4:4:,recombination,14440.67241870481,3:2:4:4:3:4:4:4:1,4:2:4:4:3:4:4:4:1
4:4:4:4:4:0:0:4:4:,clone,14270.775514561887,4:4:4:4:4:0:0:4:4
4:2:4:4:1:4:4:4:1:,clone,16498.854045306074,4:2:4:4:1:4:4:4:1
4:3:4:4:4:3:4:4:3:,clone,14846.088868587362,4:3:4:4:4:4:4:4:3
4:2:4:4:4:4:4:4:2:,clone,15040.787038876688,4:2:4:4:4:4:4:4:2
2:3:4:4:3:4:4:4:0:,recombination,16876.294908439435,4:3:4:4:4:3:4:4:2,3:2:4:4:0:4:4:4:0
2:3:4:4:3:4:4:4:0:,recombination,16361.2497885795,4:3:4:4:4:3:4:4:2,4:4:4:4:4:3:3:4:4
2:2:4:4:3:4:4:4:1:,clone,16502.845004578558,2:2:4:4:3:4:4:4:1
4:3:4:4:4:3:4:4:4:,clone,14447.219901207529,4:3:4:4:4:3:4:4:4
4:2:4:4:3:4:4:4:1:,recombination,15354.836790984524,4:3:4:4:4:4:4:4:4,4:4:4:4:4:2:2:4:4,MUTATE
4:4:4:4:4:4:4:4:4:,recombination,14890.511183868912,3:3:4:4:1:4:4:4:1,2:2:4:4:2:4:4:4:0,MUTATE
4:4:4:4:4:3:4:4:4:,recombination,14881.853707982424,3:2:4:4:3:4:4:4:0,3:2:4:4:1:4:4:4:0,MUTATE
4:2:4:4:4:4:4:4:3:,recombination,15259.813242342745,4:4:4:4:4:0:0:4:4,4:4:4:4:4:2:2:4:4,MUTATE
4:3:4:4:3:4:4:4:2:,recombination,15533.92738060499,4:4:4:4:4:3:2:4:4,3:3:4:4:1:4:4:4:0
4:3:4:4:2:4:4:4:2:,recombination,15938.159465942395,2:3:4:4:0:4:4:4:0,4:3:4:4:4:4:4:4:4
4:3:4:4:3:4:4:4:1:,recombination,15754.188065670154,3:2:4:4:3:4:4:4:1,3:3:4:4:3:4:4:4:1,MUTATE
4:3:4:4:3:4:4:4:1:,recombination,15248.322410902976,3:3:4:4:3:4:4:4:0,4:3:4:4:4:4:4:4:4
3:3:4:4:3:4:4:4:1:,recombination,15349.178039486753,4:4:4:4:4:4:4:4:4,3:2:4:4:2:4:4:4:0,MUTATE
4:3:4:4:3:4:4:4:2:,recombination,15299.799764603298,3:3:4:4:3:4:4:4:1,2:2:4:4:0:4:4:4:0,MUTATE
4:3:4:4:2:4:4:4:2:,recombination,15847.277779713228,4:2:4:4:4:4:4:4:3,2:2:4:4:0:4:4:4:0,MUTATE
4:3:4:4:2:4:4:4:2:,clone,15672.870104049462,4:3:4:4:2:4:4:4:2
4:3:4:4:2:4:4:4:2:,clone,15514.983760008881,4:3:4:4:2:4:4:4:2
4:3:4:4:3:4:4:4:2:,clone,15298.023463728661,4:3:4:4:3:4:4:4:2
4:2:4:4:2:4:4:4:2:,clone,15712.203004011777,4:3:4:4:2:4:4:4:2
3:3:4:4:2:4:4:4:1:,clone,15586.641817367792,3:3:4:4:2:4:4:4:1
3:3:4:4:2:4:4:4:1:,recombination,15495.611440855937,4:3:4:4:2:4:4:4:1,3:3:4:4:2:4:4:4:1,MUTATE
4:3:4:4:2:4:4:4:1:,recombination,15344.081820417761,3:3:4:4:2:4:4:4:1,4:4:4:4:4:4:3:4:4,MUTATE
3:3:4:4:2:4:4:4:1:,recombination,15333.516758961881,4:3:4:4:3:4:4:4:1,4:3:4:4:2:4:4:4:2
4:2:4:4:4:4:4:4:2:,recombination,14925.160508873658,4:3:4:4:4:4:4:4:4,4:3:4:4:4:3:4:4:4
3:3:4:4:0:4:4:4:1:,clone,15741.544320204992,3:3:4:4:0:4:4:4:1
3:3:4:4:0:4:4:4:1:,recombination,15668.943289733712,3:3:4:4:0:4:4:4:1,3:3:4:4:2:4:4:4:1
4:2:4:4:2:4:4:4:1:,recombination,15126.48981479846,3:3:4:4:1:4:4:4:0,4:3:4:4:4:4:4:4:4,MUTATE
4:2:4:4:2:4:4:4:1:,recombination,14779.766002525528,4:2:4:4:2:4:4:4:2,4:3:4:4:4:4:4:4:4,MUTATE
3:2:4:4:1:4:4:4:1:,recombination,15057.24468525251,4:3:4:4:4:2:3:4:4,4:3:4:4:4:4:4:4:4
3:2:4:4:1:4:4:4:1:,recombination,14879.14533155034,3:2:4:4:1:4:4:4:1,3:3:4:4:4:4:4:4:1
4:2:4:4:0:4:4:4:1:,recombination,16475.205958935683,3:2:4:4:1:4:4:4:0,3:2:4:4:4:4:4:4:2,MUTATE
4:2:4:4:1:4:4:4:1:,clone,16007.617119613784,4:2:4:4:1:4:4:4:1
3:3:4:4:1:4:4:4:1:,clone,15884.355822575302,3:3:4:4:1:4:4:4:1
3:3:4:4:1:4:4:4:1:,recombination,15847.091727006893,3:2:4:4:4:4:4:4:1,2:2:4:4:2:4:4:4:0,MUTATE
3:3:4:4:0:4:4:4:0:,recombination,15818.896726736495,3:2:4:4:3:4:4:4:0,4:3:4:4:4:2:3:4:4
3:3:4:4:0:4:4:4:0:,clone,15807.610019134236,3:2:4:4:0:4:4:4:0
3:3:4:4:1:4:4:4:1:,clone,15767.72515680512,3:3:4:4:1:4:4:4:1
3:3:4:4:1:4:4:4:1:,recombination,15621.876130520945,4:2:4:4:1:4:4:4:0,4:4:4:4:4:4:3:4:4
3:2:4:4:0:4:4:4:0:,clone,14971.186294389388,2:2:4:4:0:4:4:4:0
3:2:4:4:0:4:4:4:0:,recombination,14932.190013285952,4:2:4:4:3:4:4:4:2,4:3:4:4:4:4:4:4:4,MUTATE
3:2:4:4:0:4:4:4:0:,recombination,14719.55458678598,3:2:4:4:0:4:4:4:0,4:2:4:4:2:4:4:4:1
2:2:4:4:0:4:4:4:0:,recombination,14416.109234557623,3:3:4:4:4:4:4:4:1,3:3:4:4:2:4:4:4:1,MUTATE
2:2:4:4:0:4:4:4:0:,clone,14349.816177146216,2:2:4:4:0:4:4:4:0
2:2:4:4:0:4:4:4:0:,clone,14341.922447452296,2:2:4:4:0:4:4:4:0
4:4:4:4:4:0:0:4:4:,clone,13997.015458532689,4:4:4:4:4:0:0:4:4
4:2:4:4:3:4:4:4:1:,clone,15057.196029545192,4:2:4:4:3:4:4:4:1
4:2:4:4:3:4:4:4:1:,clone,15057.196029545188,4:2:4:4:3:4:4:4:1
4:4:4:4:4:4:3:4:4:,clone,15516.517917805637,4:4:4:4:4:4:3:4:4
4:3:4:4:4:4:4:4:2:,recombination,14597.40854063004,4:3:4:4:4:4:4:4:2,4:2:4:4:2:4:4:4:1
4:3:4:4:4:4:4:4:2:,clone,14438.874747951337,4:3:4:4:4:4:4:4:2
4:4:4:4:4:4:3:4:4:,clone,15415.591708867778,4:4:4:4:4:4:3:4:4
3:2:4:4:2:4:4:4:0:,recombination,14752.395882030554,2:2:4:4:0:4:4:4:0,4:3:4:4:4:4:4:4:4,MUTATE
2:2:4:4:2:4:4:4:0:,clone,14943.33223614255,2:2:4:4:2:4:4:4:0
4:4:4:4:4:4:3:4:4:,clone,15323.392559714011,4:4:4:4:4:4:3:4:4
3:2:4:4:3:4:4:4:1:,clone,14981.151478233809,3:2:4:4:3:4:4:4:1
3:2:4:4:3:4:4:4:1:,clone,14696.673708011658,3:2:4:4:3:4:4:4:1
2:3:4:4:2:4:4:4:0:,recombination,15566.498526899046,3:3:4:4:3:4:4:4:0,3:2:4:4:3:4:4:4:1,MUTATE
3:2:4:4:4:4:4:4:2:,recombination,16470.191534815927,4:2:4:4:1:4:4:4:1,4:3:4:4:3:4:4:4:2
3:3:4:4:4:4:4:4:2:,clone,15783.467595336459,3:3:4:4:4:4:4:4:2
2:3:4:4:2:4:4:4:0:,recombination,15152.528547095637,4:3:4:4:3:4:4:4:1,2:2:4:4:0:4:4:4:0
2:2:4:4:2:4:4:4:0:,clone,14714.859720356259,2:2:4:4:2:4:4:4:0
2:2:4:4:2:4:4:4:0:,clone,14695.400660347708,2:2:4:4:2:4:4:4:0
3:2:4:4:2:4:4:4:0:,recombination,14619.634068241035,4:3:4:4:3:4:4:4:1,4:4:4:4:4:3:4:4:4
3:3:4:4:3:4:4:4:0:,recombination,15251.418723762667,3:2:4:4:3:4:4:4:0,3:3:4:4:3:4:4:4:1,MUTATE
2:3:4:4:1:4:4:4:0:,recombination,15531.05144166726,3:2:4:4:2:4:4:4:1,4:3:4:4:3:4:4:4:1
2:2:4:4:1:4:4:4:0:,clone,15212.549418126702,2:2:4:4:1:4:4:4:0
2:3:4:4:1:4:4:4:0:,recombination,15349.75017037688,3:2:4:4:3:4:4:4:1,2:2:4:4:1:4:4:4:0,MUTATE
2:2:4:4:1:4:4:4:0:,clone,15193.420332518617,2:2:4:4:1:4:4:4:0
3:2:4:4:3:4:4:4:0:,recombination,14896.081939810292,3:2:4:4:4:4:4:4:1,3:2:4:4:3:4:4:4:0
3:2:4:4:3:4:4:4:0:,recombination,14835.21367847077,3:2:4:4:3:4:4:4:0,3:2:4:4:2:4:4:4:0
2:2:4:4:4:4:4:4:1:,recombination,15865.312721815952,2:2:4:4:0:4:4:4:0,3:2:4:4:0:4:4:4:1,MUTATE
3:2:4:4:4:4:4:4:1:,recombination,14567.727218741476,3:3:4:4:1:4:4:4:1,4:3:4:4:4:3:4:4:2
4:4:4:4:4:0:0:4:4:,clone,13601.338720380129,4:4:4:4:4:0:0:4:4
3:2:4:4:4:4:4:4:1:,clone,14457.561588385064,3:2:4:4:4:4:4:4:1
3:2:4:4:4:4:4:4:1:,recombination,14406.881584185887,2:2:4:4:1:4:4:4:0,3:2:4:4:4:4:4:4:1
3:3:4:4:4:4:4:4:2:,recombination,15629.946277653875,2:3:4:4:3:4:4:4:0,4:4:4:4:4:4:4:4:4
4:4:4:4:4:1:0:4:4:,recombination,14969.588221575359,3:2:4:4:0:4:4:4:0,3:3:4:4:2:4:4:4:0,MUTATE
4:4:4:4:4:1:0:4:4:,clone,14834.162338093927,4:4:4:4:4:1:0:4:4
4:4:4:4:4:1:0:4:4:,clone,14479.384070390093,4:4:4:4:4:1:0:4:4
4:4:4:4:4:1:0:4:4:,clone,14277.277965860665,4:4:4:4:4:1:0:4:4
4:4:4:4:4:1:0:4:4:,recombination,14198.406123327424,3:3:4:4:2:4:4:4:1,3:2:4:4:0:4:4:4:0
2:2:4:4:1:4:4:4:0:,clone,15022.37001482415,2:2:4:4:1:4:4:4:0
2:2:4:4:1:4:4:4:0:,recombination,14854.797584825823,4:3:4:4:4:4:4:4:4,3:2:4:4:1:4:4:4:1
2:2:4:4:1:4:4:4:0:,recombination,14812.54909341038,3:2:4:4:1:4:4:4:0,4:3:4:4:4:4:4:4:4,MUTATE
3:2:4:4:1:4:4:4:0:,clone,14812.54909341038,2:2:4:4:1:4:4:4:0
2:2:4:4:4:4:4:4:0:,clone,16539.519516582543,2:2:4:4:3:4:4:4:0
2:3:4:4:3:4:4:4:0:,recombination,15548.166105201499,2:3:4:4:0:4:4:4:0,4:3:4:4:4:3:4:4:2
3:3:4:4:4:4:4:4:0:,recombination,16215.174027432531,2:2:4:4:4:4:4:4:0,3:3:4:4:4:4:4:4:2,MUTATE
1:2:4:4:0:4:4:4:0:,recombination,15299.986817174202,3:2:4:4:1:4:4:4:0,3:3:4:4:1:4:4:4:0,MUTATE
2:2:4:4:4:4:4:4:0:,recombination,15902.755807950802,2:2:4:4:2:4:4:4:0,3:3:4:4:4:4:4:4:0
3:3:4:4:4:4:4:4:2:,clone,14821.082316787732,3:3:4:4:4:4:4:4:2
2:2:4:4:3:4:4:4:1:,recombination,15166.196542711361,2:2:4:4:0:4:4:4:0,4:3:4:4:4:3:4:4:3
2:2:4:4:3:4:4:4:1:,clone,15000.424296741649,2:2:4:4:3:4:4:4:1
4:4:4:4:4:0:0:2:4:,clone,13113.767538046599,4:4:4:4:4:0:0:2:4
4:4:4:4:4:0:0:3:4:,recombination,12801.932790429371,3:3:4:4:1:4:4:4:0,3:3:4:4:1:4:4:4:1
4:4:4:4:4:1:0:4:4:,recombination,13691.649150563937,3:2:4:4:4:4:4:4:1,2:3:4:4:2:4:4:4:0
4:4:4:4:4:0:0:1:4:,clone,12370.207708707243,4:4:4:4:4:0:0:1:4
4:4:4:4:4:0:0:4:4:,recombination,12809.935984216727,4:2:4:4:4:4:4:4:1,2:2:4:4:0:4:4:4:0
4:4:4:4:4:4:3:4:4:,recombination,14937.408641640706,4:3:4:4:3:4:4:4:1,3:2:4:4:4:4:4:4:1
4:2:4:4:4:4:4:4:2:,clone,14857.701556115213,4:2:4:4:4:4:4:4:2
4:2:4:4:4:4:4:4:2:,clone,14837.713147231128,4:2:4:4:4:4:4:4:2
4:2:4:4:4:4:4:4:1:,recombination,14837.713147231132,4:3:4:4:4:4:4:4:4,4:2:4:4:2:4:4:4:1
4:2:4:4:4:4:4:4:2:,clone,14738.389459980026,4:2:4:4:4:4:4:4:2
4:2:4:4:4:4:4:4:2:,clone,14454.565565773428,4:2:4:4:4:4:4:4:2
4:2:4:4:4:4:4:4:1:,clone,14778.51151023192,4:2:4:4:4:4:4:4:1
4:3:4:4:4:4:4:4:1:,recombination,14788.09126936616,3:3:4:4:3:4:4:4:0,2:2:4:4:0:4:4:4:0,MUTATE
4:2:4:4:3:4:4:4:1:,recombination,14982.829620275375,3:2:4:4:3:4:4:4:0,3:2:4:4:3:4:4:4:1,MUTATE
4:2:4:4:3:4:4:4:1:,clone,14962.859406449306,4:2:4:4:3:4:4:4:1
4:2:4:4:3:4:4:4:1:,recombination,14843.476571177316,2:2:4:4:3:4:4:4:0,4:3:4:4:4:4:4:4:4,MUTATE
4:4:4:4:4:0:0:2:4:,recombination,13035.044019953275,3:2:4:4:1:4:4:4:0,2:2:4:4:0:4:4:4:0,MUTATE
3:2:4:4:2:4:4:4:1:,clone,14870.898977083425,3:2:4:4:2:4:4:4:1
3:3:4:4:2:4:4:4:0:,clone,15716.145906929307,3:3:4:4:2:4:4:4:0
3:3:4:4:2:4:4:4:0:,clone,15421.47860309317,3:3:4:4:2:4:4:4:0
3:3:4:4:3:4:4:4:1:,clone,15254.002638030437,3:3:4:4:3:4:4:4:1
2:2:4:4:2:4:4:4:1:,recombination,15559.794801103766,3:3:4:4:4:4:4:4:1,4:4:4:4:4:3:3:4:4,MUTATE
3:2:4:4:2:4:4:4:1:,clone,14621.11478254824,3:2:4:4:2:4:4:4:1
2:2:4:4:1:4:4:4:0:,clone,14667.610857409425,2:2:4:4:1:4:4:4:0
3:2:4:4:2:4:4:4:1:,clone,14601.46332727863,3:2:4:4:2:4:4:4:1
3:3:4:4:3:4:4:4:1:,recombination,14925.675397863159,3:2:4:4:1:4:4:4:1,2:2:4:4:1:4:4:4:0
3:3:4:4:2:4:4:4:1:,clone,14605.697548696748,3:3:4:4:2:4:4:4:1
3:3:4:4:4:4:4:4:1:,clone,14524.246045890484,3:2:4:4:4:4:4:4:1
3:2:4:4:3:4:4:4:1:,recombination,14649.097034587354,3:2:4:4:3:4:4:4:1,4:4:4:4:4:0:0:4:4,MUTATE
3:2:4:4:2:4:4:4:1:,clone,14520.022933027425,3:2:4:4:2:4:4:4:1
2:3:4:4:1:4:4:4:0:,recombination,15337.261690633093,3:2:4:4:4:4:4:4:1,2:2:4:4:0:4:4:4:0,MUTATE
3:2:4:4:3:4:4:4:1:,recombination,14582.942805491619,4:3:4:4:4:4:4:4:2,3:3:4:4:1:4:4:4:0
3:2:4:4:1:4:4:4:0:,recombination,14784.066945999784,3:2:4:4:2:4:4:4:1,3:2:4:4:3:4:4:4:1,MUTATE
3:2:4:4:1:4:4:4:0:,recombination,14654.303037282996,2:2:4:4:1:4:4:4:0,3:3:4:4:4:4:4:4:1
3:2:4:4:1:4:4:4:0:,clone,14502.189298137115,3:2:4:4:1:4:4:4:0
3:2:4:4:0:4:4:4:0:,clone,14634.119542883904,3:2:4:4:0:4:4:4:0
2:2:4:4:1:4:4:4:0:,clone,14186.266536986488,3:2:4:4:1:4:4:4:0
3:2:4:4:0:4:4:4:0:,clone,14497.470296849724,3:2:4:4:0:4:4:4:0
2:2:4:4:3:4:4:4:0:,recombination,14691.032643731385,2:3:4:4:2:4:4:4:0,4:3:4:4:4:4:4:4:2
2:2:4:4:1:4:4:4:0:,recombination,14159.030110747224,3:2:4:4:2:4:4:4:1,2:2:4:4:1:4:4:4:0
3:3:4:4:1:4:4:4:0:,clone,15168.383012737208,3:2:4:4:1:4:4:4:0
3:3:4:4:0:4:4:4:0:,clone,15137.490898203709,3:2:4:4:0:4:4:4:0
3:2:4:4:1:4:4:4:0:,recombination,14221.547689406478,3:3:4:4:4:4:4:4:2,2:2:4:4:1:4:4:4:0
3:2:4:4:0:4:4:4:0:,recombination,14119.171764043575,3:2:4:4:1:4:4:4:0,3:2:4:4:2:4:4:4:1
3:2:4:4:1:4:4:4:0:,clone,14171.112508104987,3:2:4:4:1:4:4:4:0
2:2:4:4:0:4:4:4:0:,clone,14117.366241376056,2:2:4:4:0:4:4:4:0
2:2:4:4:0:4:4:4:0:,recombination,14068.736582742082,4:3:4:4:3:4:4:4:1,3:2:4:4:2:4:4:4:1
2:2:4:4:0:4:4:4:0:,recombination,14003.252004741638,3:2:4:4:3:4:4:4:1,4:2:4:4:2:4:4:4:1
2:2:4:4:0:4:4:4:0:,clone,13927.37769226306,2:2:4:4:0:4:4:4:0
4:3:4:4:4:3:4:4:3:,recombination,14686.596068706207,4:3:4:4:4:4:4:4:4,4:2:4:4:4:4:4:4:1,MUTATE
4:2:4:4:4:4:4:4:1:,recombination,14695.80953186743,3:2:4:4:3:4:4:4:0,3:2:4:4:1:4:4:4:0
4:4:4:4:4:3:4:4:4:,clone,14778.59017003541,4:4:4:4:4:3:3:4:4
4:3:4:4:1:4:4:4:1:,clone,16076.579821274392,4:3:4:4:1:4:4:4:1
4:3:4:4:3:4:4:4:2:,recombination,15096.345232703025,3:2:4:4:2:4:4:4:0,3:2:4:4:1:4:4:4:1
4:3:4:4:1:4:4:4:1:,recombination,15950.600615490128,2:2:4:4:0:4:4:4:0,3:3:4:4:2:4:4:4:0,MUTATE
4:2:4:4:1:4:4:4:1:,recombination,15243.43094079233,3:2:4:4:2:4:4:4:1,4:3:4:4:2:4:4:4:2
4:3:4:4:2:4:4:4:2:,clone,15357.166454885257,4:3:4:4:2:4:4:4:2
4:3:4:4:4:4:4:4:3:,recombination,14510.961263987441,3:2:4:4:0:4:4:4:0,3:2:4:4:1:4:4:4:0
4:2:4:4:2:4:4:4:2:,recombination,14978.511862989031,2:2:4:4:0:4:4:4:0,3:2:4:4:0:4:4:4:0,MUTATE
4:2:4:4:2:4:4:4:2:,clone,14767.236218241635,4:2:4:4:2:4:4:4:2
4:2:4:4:2:4:4:4:2:,clone,14490.912605823594,4:2:4:4:2:4:4:4:2
4:3:4:4:1:4:4:4:1:,recombination,15878.724497413239,3:2:4:4:1:4:4:4:0,4:3:4:4:4:3:3:4:4,MUTATE
4:2:4:4:2:4:4:4:2:,clone,14443.280481156311,4:2:4:4:2:4:4:4:2
4:2:4:4:3:4:4:4:2:,recombination,14465.68828096173,3:3:4:4:4:4:4:4:1,3:2:4:4:2:4:4:4:1,MUTATE
4:2:4:4:2:4:4:4:2:,recombination,14364.86554066513,3:2:4:4:1:4:4:4:0,3:2:4:4:0:4:4:4:0
4:2:4:4:3:4:4:4:1:,recombination,14792.182633913593,4:3:4:4:4:3:4:4:3,4:3:4:4:4:4:4:4:2
4:2:4:4:1:4:4:4:1:,clone,15161.89344585177,4:2:4:4:1:4:4:4:1
4:3:4:4:3:4:4:4:2:,recombination,14672.962840129834,2:2:4:4:0:4:4:4:0,3:2:4:4:0:4:4:4:0
4:2:4:4:2:4:4:4:1:,recombination,14572.833183265786,4:2:4:4:2:4:4:4:2,4:2:4:4:4:4:4:4:1
3:2:4:4:2:4:4:4:1:,recombination,14483.16078073213,4:2:4:4:2:4:4:4:1,4:2:4:4:2:4:4:4:1
3:2:4:4:2:4:4:4:1:,recombination,14454.760357485136,4:4:4:4:4:4:3:4:4,3:2:4:4:1:4:4:4:0,MUTATE
3:2:4:4:0:4:4:4:1:,recombination,15638.455254940267,2:2:4:4:0:4:4:4:0,2:2:4:4:1:4:4:4:0,MUTATE
3:2:4:4:0:4:4:4:1:,recombination,15056.529236002041,3:3:4:4:0:4:4:4:0,3:2:4:4:1:4:4:4:0
4:2:4:4:4:4:4:4:1:,recombination,14669.674467854335,3:2:4:4:2:4:4:4:1,4:4:4:4:4:2:3:4:4,MUTATE
3:2:4:4:4:4:4:4:1:,recombination,14378.992258400884,3:2:4:4:2:4:4:4:1,4:2:4:4:2:4:4:4:1,MUTATE
4:2:4:4:4:4:4:4:1:,clone,14532.100936556299,3:2:4:4:3:4:4:4:1
3:2:4:4:4:4:4:4:1:,clone,14368.010106465645,3:2:4:4:4:4:4:4:1
3:2:4:4:4:4:4:4:1:,recombination,14316.891474077556,4:2:4:4:2:4:4:4:2,3:2:4:4:1:4:4:4:0,MUTATE
3:2:4:4:4:4:4:4:1:,clone,14280.924735593006,3:2:4:4:4:4:4:4:1
4:2:4:4:4:4:4:4:2:,recombination,14295.045709284297,3:3:4:4:4:4:4:4:2,3:2:4:4:4:4:4:4:1,MUTATE
3:2:4:4:2:4:4:4:0:,recombination,14594.438235085792,3:3:4:4:2:4:4:4:0,2:2:4:4:0:4:4:4:0,MUTATE
3:2:4:4:2:4:4:4:0:,clone,14574.603011421546,3:2:4:4:2:4:4:4:0
2:2:4:4:2:4:4:4:0:,clone,14681.840777179677,2:2:4:4:2:4:4:4:0
2:2:4:4:2:4:4:4:0:,clone,14554.970213079407,2:2:4:4:2:4:4:4:0
2:2:4:4:3:4:4:4:0:,clone,14516.779900342213,2:2:4:4:2:4:4:4:0
3:3:4:4:1:4:4:4:1:,recombination,15611.100191472786,4:4:4:4:4:4:3:4:4,4:3:4:4:3:4:4:4:2,MUTATE
4:3:4:4:4:3:3:4:4:,clone,13936.162529030755,4:3:4:4:4:3:3:4:4
4:3:4:4:4:3:4:4:3:,clone,14640.841589633186,4:3:4:4:4:3:4:4:3
4:3:4:4:4:4:4:4:1:,clone,14773.326726887453,3:3:4:4:4:4:4:4:1
2:2:4:4:3:4:4:4:0:,recombination,14511.73994558091,3:3:4:4:3:4:4:4:1,4:2:4:4:3:4:4:4:2,MUTATE
4:4:4:4:4:0:0:2:4:,clone,12733.672277327893,4:4:4:4:4:0:0:2:4
4:4:4:4:4:0:0:1:4:,recombination,12216.237218807726,4:4:4:4:4:0:0:2:4,4:2:4:4:4:4:4:4:2,MUTATE
4:4:4:4:4:0:0:2:4:,clone,12589.260212272628,4:4:4:4:4:0:0:2:4
4:4:4:4:4:0:0:3:4:,recombination,12641.14968107807,4:4:4:4:4:0:0:4:4,3:2:4:4:1:4:4:4:1
4:4:4:4:4:1:0:4:4:,clone,13580.522961407714,4:4:4:4:4:1:1:4:4
4:4:4:4:4:1:0:4:4:,clone,12731.619281889914,4:4:4:4:4:1:0:4:4
4:4:4:4:4:1:0:4:4:,clone,12626.6840195661,4:4:4:4:4:1:0:4:4
4:4:4:4:4:2:1:4:4:,clone,13941.506084272145,4:4:4:4:4:1:1:4:4
1:2:4:4:0:4:4:4:0:,recombination,14442.048784055754,4:3:4:4:4:4:4:4:2,3:2:4:4:2:4:4:4:1,MUTATE
4:4:4:4:4:2:3:4:4:,clone,12897.6110123572,4:4:4:4:4:2:3:4:4
4:3:4:4:4:2:3:4:4:,clone,12826.66870929411,4:3:4:4:4:2:3:4:4
4:3:4:4:4:3:3:4:4:,recombination,13764.896947479769,4:3:4:4:4:4:4:4:1,3:3:4:4:2:4:4:4:1,MUTATE
4:3:4:4:4:2:3:4:4:,recombination,12753.682623540164,4:3:4:4:4:4:4:4:1,3:2:4:4:2:4:4:4:1,MUTATE
4:3:4:4:4:3:3:4:4:,recombination,13039.873457765676,4:3:4:4:4:4:4:4:2,1:2:4:4:0:4:4:4:0
4:3:4:4:4:2:3:4:4:,clone,12692.199875502149,4:3:4:4:4:2:3:4:4
4:4:4:4:4:2:3:4:4:,clone,12823.13033129415,4:3:4:4:4:2:3:4:4
4:3:4:4:4:3:3:4:4:,recombination,12871.5388288063,3:2:4:4:2:4:4:4:1,3:2:4:4:4:4:4:4:1,MUTATE
4:4:4:4:4:3:3:4:4:,clone,13638.8926219371,4:4:4:4:4:3:3:4:4
4:4:4:4:4:3:3:4:4:,recombination,13483.61060940255,4:3:4:4:4:4:4:4:4,2:2:4:4:3:4:4:4:0
4:4:4:4:4:3:3:4:4:,recombination,13057.417071578384,3:2:4:4:2:4:4:4:1,3:2:4:4:3:4:4:4:1
4:3:4:4:4:4:4:4:2:,clone,13701.267247821876,4:3:4:4:4:4:4:4:3
4:2:4:4:4:4:4:4:2:,recombination,13809.068254849326,4:4:4:4:4:3:3:4:4,4:4:4:4:4:1:0:4:4,MUTATE
4:2:4:4:4:4:4:4:2:,clone,13800.521153718306,4:2:4:4:4:4:4:4:2
3:2:4:4:4:4:4:4:2:,clone,14315.168409338035,4:2:4:4:4:4:4:4:2
4:3:4:4:4:4:4:4:2:,clone,13659.204474495475,4:3:4:4:4:4:4:4:2
4:3:4:4:4:3:3:4:3:,clone,14614.456488056427,4:3:4:4:4:3:3:4:3
4:3:4:4:4:4:4:4:2:,clone,13610.727507404352,4:3:4:4:4:4:4:4:2
4:3:4:4:4:3:4:4:3:,recombination,14055.41131806282,2:2:4:4:1:4:4:4:0,2:3:4:4:1:4:4:4:0,MUTATE
4:3:4:4:4:4:4:4:3:,clone,13715.31218199565,4:3:4:4:4:4:4:4:2
4:3:4:4:4:4:4:4:3:,clone,13590.15099843617,4:3:4:4:4:4:4:4:3
4:3:4:4:4:4:4:4:3:,recombination,13573.22973452237,4:2:4:4:2:4:4:4:1,4:3:4:4:4:4:4:4:2,MUTATE
4:3:4:4:2:4:4:4:1:,recombination,15285.01142511021,4:4:4:4:4:3:3:4:4,4:3:4:4:4:3:3:4:4,MUTATE
4:3:4:4:2:4:4:4:1:,recombination,15054.82473955592,4:4:4:4:4:3:3:4:4,3:2:4:4:3:4:4:4:1,MUTATE
3:3:4:4:0:4:4:4:1:,clone,15601.906087966252,3:3:4:4:0:4:4:4:1
4:2:4:4:0:4:4:4:0:,recombination,16865.01986832393,4:4:4:4:4:0:0:2:4,2:3:4:4:0:4:4:4:0,MUTATE
4:2:4:4:0:4:4:4:0:,clone,16737.265846133738,4:2:4:4:0:4:4:4:0
4:3:4:4:0:4:4:4:1:,recombination,16403.687846502995,3:3:4:4:0:4:4:4:1,2:2:4:4:0:4:4:4:0,MUTATE
4:3:4:4:0:4:4:4:1:,recombination,16191.539921312398,3:3:4:4:2:4:4:4:1,4:3:4:4:4:4:4:4:4
4:3:4:4:0:4:4:4:1:,clone,15990.3701837446,4:3:4:4:0:4:4:4:1
4:2:4:4:0:4:4:4:1:,recombination,16360.53153501522,4:4:4:4:4:1:3:4:4,3:2:4:4:2:4:4:4:1,MUTATE
4:2:4:4:0:4:4:4:1:,recombination,15992.287540596559,3:3:4:4:0:4:4:4:1,3:2:4:4:0:4:4:4:0,MUTATE
4:2:4:4:0:4:4:4:1:,clone,15918.868526937762,4:2:4:4:0:4:4:4:1
4:2:4:4:0:4:4:4:1:,recombination,15756.092597407745,3:3:4:4:2:4:4:4:1,3:2:4:4:1:4:4:4:0
3:3:4:4:1:4:4:4:1:,clone,15466.509971968193,3:3:4:4:1:4:4:4:1
3:2:4:4:0:4:4:4:1:,clone,14972.8021961149,3:2:4:4:0:4:4:4:1
4:2:4:4:0:4:4:4:1:,recombination,15751.467648810214,4:4:4:4:4:1:1:4:4,4:3:4:4:4:2:3:4:4,MUTATE
2:3:4:4:0:4:4:4:0:,clone,15007.351711787665,2:3:4:4:0:4:4:4:0
2:3:4:4:1:4:4:4:0:,clone,15102.588755905228,2:2:4:4:1:4:4:4:0
3:2:4:4:3:4:4:4:0:,recombination,14760.90758134907,3:2:4:4:2:4:4:4:0,4:3:4:4:4:3:4:4:3
4:2:4:4:2:4:4:4:0:,clone,16621.361573778042,4:2:4:4:2:4:4:4:0
4:2:4:4:2:4:4:4:0:,clone,16621.36157377804,4:2:4:4:2:4:4:4:0
4:3:4:4:4:3:4:4:4:,clone,14170.32406839054,4:3:4:4:4:3:4:4:4
3:2:4:4:4:4:4:4:1:,clone,14225.260324617468,3:2:4:4:4:4:4:4:1
4:2:4:4:4:4:4:4:1:,recombination,14222.665419717123,4:3:4:4:4:4:4:4:2,3:2:4:4:2:4:4:4:1,MUTATE
4:3:4:4:3:4:4:4:1:,recombination,15136.107896161217,4:4:4:4:4:0:0:1:4,4:2:4:4:3:4:4:4:1
3:3:4:4:3:4:4:4:1:,clone,14914.350538775645,3:3:4:4:3:4:4:4:1
3:3:4:4:3:4:4:4:1:,clone,14859.973678176895,3:3:4:4:3:4:4:4:1
4:3:4:4:2:4:4:4:2:,clone,15011.46395021364,4:3:4:4:2:4:4:4:2
4:3:4:4:2:4:4:4:2:,clone,15011.463950213638,4:3:4:4:2:4:4:4:2
4:3:4:4:2:4:4:4:1:,recombination,14940.452161746021,2:2:4:4:2:4:4:4:0,3:2:4:4:2:4:4:4:0
2:3:4:4:3:4:4:4:0:,recombination,15149.7629106355,4:3:4:4:4:4:4:4:3,4:4:4:4:4:1:2:4:4,MUTATE
4:4:4:4:4:0:0:2:4:,clone,10998.71181053909,4:4:4:4:4:0:1:4:4
4:4:4:4:4:0:1:3:4:,clone,11380.405993872124,4:4:4:4:4:0:1:3:4
4:4:4:4:4:0:1:4:4:,recombination,12661.299652496744,4:3:4:4:3:4:4:4:1,4:3:4:4:4:4:4:4:1,MUTATE
4:4:4:4:4:0:1:4:4:,clone,12215.115897055377,4:4:4:4:4:0:1:4:4
4:4:4:4:4:0:1:4:4:,clone,11890.220588931048,4:4:4:4:4:0:1:4:4
4:4:4:4:4:1:1:4:4:,clone,12333.801048391246,4:4:4:4:4:0:1:4:4
4:4:4:4:4:1:1:4:4:,recombination,12267.206577466359,3:2:4:4:0:4:4:4:0,4:4:4:4:4:2:3:4:4
4:3:4:4:4:3:4:4:4:,recombination,13890.859363797454,4:2:4:4:4:4:4:4:2,4:4:4:4:4:3:3:4:4
2:2:4:4:4:4:4:4:1:,clone,14044.162702945494,3:2:4:4:2:4:4:4:1
2:2:4:4:2:4:4:4:0:,recombination,13816.514649817505,4:3:4:4:4:3:4:4:4,3:3:4:4:1:4:4:4:0,MUTATE
2:2:4:4:4:4:4:4:1:,recombination,13936.56367025928,2:2:4:4:0:4:4:4:0,3:2:4:4:4:4:4:4:1
2:2:4:4:2:4:4:4:1:,recombination,14894.35354294997,4:3:4:4:2:4:4:4:1,3:2:4:4:3:4:4:4:1
3:2:4:4:4:4:4:4:1:,recombination,14138.942339975792,4:2:4:4:3:4:4:4:1,2:2:4:4:1:4:4:4:0
2:3:4:4:2:4:4:4:1:,recombination,15212.424687009701,3:2:4:4:2:4:4:4:0,2:2:4:4:2:4:4:4:0
3:2:4:4:4:4:4:4:1:,clone,13834.62453721514,3:2:4:4:4:4:4:4:1
2:2:4:4:4:4:4:4:1:,clone,13824.587020264551,2:2:4:4:4:4:4:4:1
2:2:4:4:3:4:4:4:0:,clone,14304.843764459814,2:2:4:4:3:4:4:4:0
2:2:4:4:3:4:4:4:0:,clone,14218.006243668271,2:2:4:4:3:4:4:4:0
3:3:4:4:4:4:4:4:1:,clone,14414.835061329493,3:3:4:4:4:4:4:4:1
4:4:4:4:4:1:1:4:4:,recombination,12019.45592759128,4:2:4:4:4:4:4:4:2,4:2:4:4:2:4:4:4:2
4:4:4:4:4:0:0:4:4:,recombination,12670.767696010369,3:2:4:4:0:4:4:4:1,2:2:4:4:3:4:4:4:0,MUTATE
4:4:4:4:4:2:1:4:4:,clone,13714.923067254133,4:4:4:4:4:1:1:4:4
4:4:4:4:4:2:1:4:4:,clone,13638.508988101603,4:4:4:4:4:2:2:4:4
4:4:4:4:4:3:2:4:4:,recombination,14035.166245330216,4:3:4:4:4:4:4:4:1,4:4:4:4:4:3:3:4:4
4:2:4:4:4:4:4:4:3:,clone,14956.542379938046,4:3:4:4:4:4:4:4:3
4:2:4:4:4:4:4:4:3:,clone,14852.610406347676,4:2:4:4:4:4:4:4:3
4:2:4:4:4:3:4:4:3:,recombination,14714.21479867113,2:2:4:4:0:4:4:4:0,4:3:4:4:3:4:4:4:1,MUTATE
3:2:4:4:2:4:4:4:0:,clone,14552.91569092306,3:2:4:4:2:4:4:4:0
3:2:4:4:2:4:4:4:0:,recombination,14358.827604731961,4:4:4:4:4:2:3:4:4,2:2:4:4:2:4:4:4:0
4:3:4:4:1:4:4:4:1:,clone,15605.701092188514,4:3:4:4:2:4:4:4:1
4:3:4:4:1:4:4:4:1:,clone,15491.793171036597,4:3:4:4:1:4:4:4:1
2:2:4:4:0:4:4:4:0:,clone,13812.791774655994,2:2:4:4:0:4:4:4:0
3:2:4:4:0:4:4:4:1:,recombination,14518.040391265036,3:3:4:4:2:4:4:4:1,2:2:4:4:2:4:4:4:0
3:3:4:4:0:4:4:4:1:,clone,14749.690915748388,3:3:4:4:0:4:4:4:1
3:3:4:4:0:4:4:4:1:,clone,14749.690915748386,3:3:4:4:0:4:4:4:1
4:3:4:4:4:3:4:4:2:,recombination,15141.042124698779,4:4:4:4:4:0:0:3:4,2:3:4:4:0:4:4:4:0,MUTATE
4:3:4:4:4:3:4:4:2:,recombination,15027.600596764047,4:3:4:4:4:3:4:4:2,4:4:4:4:4:2:2:4:4,MUTATE
4:4:4:4:4:1:1:4:4:,recombination,11420.625959143399,3:3:4:4:1:4:4:4:1,4:3:4:4:4:4:4:4:3,MUTATE
4:4:4:4:4:0:0:4:4:,clone,12066.097461275713,4:4:4:4:4:0:0:4:4
4:4:4:4:4:0:0:3:4:,recombination,12193.395662167602,3:3:4:4:3:4:4:4:1,3:2:4:4:0:4:4:4:0,MUTATE
4:4:4:4:4:1:1:4:4:,recombination,11259.913810280157,3:2:4:4:4:4:4:4:1,3:3:4:4:4:4:4:4:1,MUTATE
4:4:4:4:4:0:1:4:4:,clone,11862.604050386219,4:4:4:4:4:0:1:4:4
4:4:4:4:4:1:2:4:4:,clone,12400.838286954711,4:4:4:4:4:1:2:4:4
4:4:4:4:4:1:2:4:4:,recombination,12302.170775712617,4:3:4:4:4:3:3:4:4,4:3:4:4:4:4:4:4:4
4:4:4:4:4:2:2:4:4:,recombination,12833.964956332022,4:4:4:4:4:3:2:4:4,3:2:4:4:1:4:4:4:0
4:4:4:4:4:0:0:0:4:,clone,11812.737791630861,4:4:4:4:4:2:2:4:4
4:4:4:4:4:0:0:1:4:,recombination,12158.158326806719,4:4:4:4:4:0:0:4:4,4:2:4:4:2:4:4:4:1
4:4:4:4:4:0:0:1:4:,clone,12119.102737047926,4:4:4:4:4:0:0:1:4
4:4:4:4:4:0:0:1:4:,clone,12116.019358752937,4:4:4:4:4:0:0:1:4
4:4:4:4:4:3:4:4:4:,clone,14616.04139412441,4:4:4:4:4:3:4:4:4
4:4:4:4:4:3:4:4:4:,recombination,14394.0532675453,4:4:4:4:4:2:3:4:4,1:2:4:4:0:4:4:4:0
4:3:4:4:3:4:4:4:1:,clone,15120.342458060235,4:3:4:4:3:4:4:4:1
3:2:4:4:1:4:4:4:1:,clone,14872.96326560829,3:2:4:4:1:4:4:4:1
3:2:4:4:1:4:4:4:1:,clone,14612.03037326586,3:2:4:4:1:4:4:4:1
3:3:4:4:3:4:4:4:0:,clone,15226.000903110218,3:3:4:4:3:4:4:4:0
3:3:4:4:3:4:4:4:1:,recombination,14737.183686779254,3:3:4:4:3:4:4:4:1,4:3:4:4:1:4:4:4:1,MUTATE
2:3:4:4:3:4:4:4:0:,recombination,14932.298983977482,4:3:4:4:1:4:4:4:1,4:3:4:4:4:2:3:4:4,MUTATE
3:2:4:4:3:4:4:4:0:,clone,14626.404535191261,3:2:4:4:3:4:4:4:0
3:2:4:4:3:4:4:4:0:,clone,14388.182457977693,3:2:4:4:3:4:4:4:0
2:2:4:4:0:4:4:4:0:,recombination,13728.017281661352,4:3:4:4:3:4:4:4:1,2:2:4:4:0:4:4:4:0,MUTATE
3:3:4:4:2:4:4:4:0:,recombination,15413.80606748037,4:4:4:4:4:4:3:4:4,4:4:4:4:4:0:0:2:4,MUTATE
4:4:4:4:4:4:3:4:4:,recombination,14935.18453607159,2:2:4:4:2:4:4:4:1,2:2:4:4:0:4:4:4:0
4:4:4:4:4:4:3:4:4:,recombination,14507.2399778419,4:2:4:4:4:4:4:4:2,1:2:4:4:0:4:4:4:0,MUTATE
4:4:4:4:4:4:4:4:4:,recombination,14819.379135033283,4:4:4:4:4:3:2:4:4,2:2:4:4:2:4:4:4:0
3:2:4:4:3:4:4:4:1:,clone,14487.553974476043,3:2:4:4:3:4:4:4:1
4:4:4:4:4:1:1:3:4:,clone,14807.341288965426,4:4:4:4:4:1:1:3:4
4:2:4:4:3:4:4:4:0:,clone,16875.17999578755,4:2:4:4:3:4:4:4:0
4:2:4:4:3:4:4:4:0:,clone,16613.469887148716,4:2:4:4:3:4:4:4:0
3:3:4:4:4:4:4:4:2:,clone,14086.730006548094,3:2:4:4:4:4:4:4:2
3:2:4:4:4:3:4:4:2:,clone,13686.711504032113,3:2:4:4:4:3:4:4:2
3:2:4:4:4:4:4:4:2:,recombination,14214.23751711002,4:3:4:4:4:3:4:4:3,3:2:4:4:2:4:4:4:0,MUTATE
3:2:4:4:4:4:4:4:2:,clone,14020.292605337665,3:2:4:4:4:4:4:4:2
3:2:4:4:4:4:4:4:2:,recombination,13752.906703891817,2:2:4:4:0:4:4:4:0,4:2:4:4:4:4:4:4:2
4:3:4:4:4:3:3:4:3:,recombination,13754.553701969755,3:2:4:4:1:4:4:4:1,3:3:4:4:2:4:4:4:1
3:2:4:4:1:4:4:4:1:,clone,14382.045378105895,3:2:4:4:1:4:4:4:1
4:2:4:4:0:4:4:4:0:,recombination,16480.453233094355,4:2:4:4:1:4:4:4:0,3:3:4:4:2:4:4:4:1,MUTATE
3:3:4:4:1:4:4:4:1:,recombination,15103.250932649882,4:2:4:4:4:4:4:4:1,4:3:4:4:4:3:4:4:2,MUTATE
3:2:4:4:1:4:4:4:1:,recombination,14347.180744566582,4:4:4:4:4:0:1:4:4,3:3:4:4:2:4:4:4:1
4:4:4:4:4:2:1:4:4:,clone,13624.752174908312,4:4:4:4:4:2:1:4:4
4:4:4:4:4:2:1:4:4:,clone,13417.448621951555,4:4:4:4:4:2:2:4:4
4:4:4:4:4:2:1:4:4:,recombination,13381.207303485084,3:2:4:4:2:4:4:4:1,4:2:4:4:4:4:4:4:2,MUTATE
4:4:4:4:4:3:2:4:4:,recombination,13809.16067166102,3:2:4:4:3:4:4:4:1,2:2:4:4:2:4:4:4:0
4:4:4:4:4:3:2:4:4:,recombination,13758.610510343698,3:2:4:4:3:4:4:4:1,4:3:4:4:4:4:4:4:3
4:4:4:4:4:3:2:4:4:,recombination,13633.567600769049,4:4:4:4:4:0:1:4:4,2:2:4:4:0:4:4:4:0
4:3:4:4:4:2:3:4:4:,clone,12570.203989757232,4:3:4:4:4:2:3:4:4
4:4:4:4:4:2:3:4:4:,recombination,12662.627779679386,3:2:4:4:0:4:4:4:1,3:3:4:4:3:4:4:4:1
4:3:4:4:4:2:3:4:4:,recombination,12212.95131447785,3:2:4:4:4:4:4:4:2,4:3:4:4:4:4:4:4:2,MUTATE
4:4:4:4:4:2:3:4:4:,recombination,12373.544485214645,4:4:4:4:4:0:1:4:4,4:4:4:4:4:1:1:4:4,MUTATE
4:3:4:4:4:3:3:4:4:,clone,12835.406685676324,4:3:4:4:4:2:3:4:4
4:3:4:4:4:3:3:4:4:,recombination,12681.947435355729,2:2:4:4:0:4:4:4:0,3:2:4:4:2:4:4:4:1
4:3:4:4:4:3:3:4:4:,clone,12409.274003790904,4:3:4:4:4:3:3:4:4
4:3:4:4:4:4:3:4:4:,clone,13955.691399550758,4:3:4:4:4:4:3:4:4
4:3:4:4:4:4:4:4:4:,recombination,14097.847204496686,4:4:4:4:4:0:0:3:4,2:2:4:4:0:4:4:4:0
4:3:4:4:4:4:4:4:1:,clone,14617.858177882972,4:3:4:4:4:4:4:4:1
3:2:4:4:3:4:4:4:1:,clone,14299.777583109224,3:2:4:4:3:4:4:4:1
3:2:4:4:3:4:4:4:1:,clone,14234.613196386725,3:2:4:4:3:4:4:4:1
3:3:4:4:3:4:4:4:1:,clone,14460.427165471856,3:3:4:4:3:4:4:4:1
4:3:4:4:2:4:4:4:1:,clone,14826.712975286051,4:3:4:4:2:4:4:4:1
4:4:4:4:4:2:2:4:4:,recombination,12588.804549803039,3:2:4:4:3:4:4:4:0,4:4:4:4:4:0:0:0:4,MUTATE
4:4:4:4:4:1:2:4:4:,recombination,12161.50101735211,4:3:4:4:4:3:4:4:4,4:3:4:4:4:4:4:4:4,MUTATE
4:4:4:4:4:2:2:4:4:,clone,12542.954427892542,4:4:4:4:4:2:2:4:4
4:3:4:4:3:4:4:4:1:,recombination,15072.147427966915,3:2:4:4:3:4:4:4:1,4:3:4:4:1:4:4:4:1
3:3:4:4:2:4:4:4:0:,recombination,15201.158485270113,4:2:4:4:4:4:4:4:3,4:3:4:4:2:4:4:4:1
4:3:4:4:3:4:4:4:1:,clone,14953.942112175011,4:3:4:4:3:4:4:4:1
3:2:4:4:2:4:4:4:0:,clone,14344.607998209707,3:2:4:4:2:4:4:4:0
4:2:4:4:2:4:4:4:0:,recombination,16532.809032765144,3:3:4:4:4:4:4:4:1,3:2:4:4:3:4:4:4:1
4:3:4:4:4:4:4:4:4:,recombination,14027.224719136431,3:2:4:4:1:4:4:4:0,4:4:4:4:4:4:3:4:4,MUTATE
4:3:4:4:4:4:4:4:4:,recombination,13934.349339640272,4:4:4:4:4:1:2:4:4,4:2:4:4:2:4:4:4:2
4:4:4:4:4:0:0:0:4:,clone,11087.898605021457,4:4:4:4:4:0:0:2:4
4:4:4:4:4:0:0:0:4:,recombination,11055.868883633964,4:3:4:4:4:3:3:4:4,4:4:4:4:4:0:0:2:4
4:4:4:4:4:0:0:0:4:,clone,10918.709360990837,4:4:4:4:4:0:0:0:4
4:4:4:4:4:0:0:0:4:,clone,10768.944559230325,4:4:4:4:4:0:0:0:4
4:4:4:4:4:0:0:1:4:,clone,11148.498516926722,4:4:4:4:4:0:0:1:4
4:4:4:4:4:0:0:1:4:,clone,11108.911232826393,4:4:4:4:4:0:0:1:4
4:4:4:4:4:0:0:1:4:,clone,11043.353152483432,4:4:4:4:4:0:0:1:4
4:4:4:4:4:0:0:3:4:,clone,12183.163579337726,4:4:4:4:4:0:0:3:4
4:4:4:4:4:0:0:3:4:,clone,12126.726890829192,4:4:4:4:4:0:0:3:4
4:4:4:4:4:1:1:3:4:,clone,12500.451635017198,4:4:4:4:4:1:1:3:4
4:3:4:4:4:3:4:4:4:,clone,13810.97926160845,4:3:4:4:4:3:3:4:4
4:3:4:4:4:3:4:4:4:,recombination,13259.715902753354,3:3:4:4:3:4:4:4:1,3:3:4:4:3:4:4:4:1,MUTATE
3:2:4:4:2:4:4:4:1:,recombination,14424.297809965572,4:2:4:4:1:4:4:4:1,4:3:4:4:4:3:4:4:4
2:2:4:4:0:4:4:4:0:,clone,13724.693086334128,2:2:4:4:0:4:4:4:0
4:2:4:4:3:4:4:4:1:,recombination,14611.984027815824,4:4:4:4:4:4:3:4:4,4:3:4:4:4:3:4:4:4,MUTATE
4:3:4:4:4:4:4:4:1:,recombination,14584.599829080507,4:4:4:4:4:0:0:0:4,3:3:4:4:3:4:4:4:1,MUTATE
4:2:4:4:4:4:4:4:1:,clone,14109.96727531555,3:2:4:4:4:4:4:4:1
3:3:4:4:4:4:4:4:1:,clone,14310.784476123987,3:3:4:4:4:4:4:4:1
3:3:4:4:4:4:4:4:1:,recombination,14267.748101354355,3:2:4:4:0:4:4:4:0,4:3:4:4:4:4:4:4:1
3:2:4:4:3:4:4:4:1:,clone,14120.833507928854,3:2:4:4:3:4:4:4:1
4:3:4:4:4:4:4:4:1:,recombination,14503.637437946067,4:3:4:4:4:4:4:4:3,4:2:4:4:4:4:4:4:1,MUTATE
4:3:4:4:4:4:4:4:1:,recombination,14373.474815286398,4:4:4:4:4:0:0:2:4,4:3:4:4:4:4:4:4:4
4:3:4:4:4:4:4:4:1:,clone,14364.006920107013,4:3:4:4:4:4:4:4:1
4:3:4:4:4:4:4:4:1:,clone,14357.585546061671,4:3:4:4:4:4:4:4:1
4:3:4:4:4:4:4:4:1:,recombination,14320.210473652554,4:4:4:4:4:0:0:0:4,4:2:4:4:1:4:4:4:1
3:3:4:4:0:4:4:4:0:,recombination,14997.771770030058,4:3:4:4:4:4:4:4:4,4:3:4:4:4:4:4:4:4,MUTATE
3:3:4:4:0:4:4:4:0:,clone,14849.675664543694,3:3:4:4:0:4:4:4:0
2:2:4:4:1:4:4:4:0:,clone,13980.407416844693,2:2:4:4:1:4:4:4:0
3:2:4:4:3:4:4:4:0:,recombination,14348.309567305096,4:3:4:4:4:2:3:4:4,4:3:4:4:1:4:4:4:1
3:2:4:4:2:4:4:4:0:,clone,14242.738510196721,3:2:4:4:3:4:4:4:0
3:2:4:4:4:4:4:4:0:,recombination,14828.180933575199,4:4:4:4:4:0:0:3:4,4:4:4:4:4:0:0:3:4,MUTATE
3:3:4:4:4:4:4:4:1:,recombination,14136.42199619425,4:2:4:4:1:4:4:4:1,4:4:4:4:4:0:1:3:4
3:3:4:4:4:4:4:4:1:,recombination,13829.8825910556,4:3:4:4:3:4:4:4:1,4:4:4:4:4:1:1:4:4,MUTATE
2:2:4:4:1:4:4:4:0:,clone,13693.237029994838,3:2:4:4:1:4:4:4:0
2:2:4:4:1:4:4:4:0:,clone,13677.379749768448,2:2:4:4:1:4:4:4:0
2:2:4:4:4:4:4:4:0:,recombination,14810.430978854669,3:2:4:4:0:4:4:4:0,4:2:4:4:4:4:4:4:1
2:2:4:4:4:4:4:4:0:,clone,14647.721302474121,2:2:4:4:1:4:4:4:0
2:2:4:4:3:4:4:4:0:,clone,14120.268295393807,2:2:4:4:1:4:4:4:0
2:2:4:4:4:4:4:4:0:,recombination,14435.320971346297,4:3:4:4:2:4:4:4:2,4:4:4:4:4:2:2:4:4,MUTATE
2:2:4:4:4:4:4:4:0:,recombination,14186.991912212361,3:2:4:4:0:4:4:4:0,3:2:4:4:2:4:4:4:0
2:3:4:4:1:4:4:4:0:,recombination,14835.553534280853,3:3:4:4:1:4:4:4:0,4:3:4:4:4:2:3:4:4
2:2:4:4:3:4:4:4:0:,clone,14010.483942588335,2:2:4:4:3:4:4:4:0
3:3:4:4:1:4:4:4:0:,clone,14947.919115101295,3:3:4:4:1:4:4:4:0
2:2:4:4:0:4:4:4:0:,clone,13693.034589121007,2:2:4:4:0:4:4:4:0
4:4:4:4:4:0:1:4:4:,recombination,11840.754705741312,4:2:4:4:4:4:4:4:2,4:4:4:4:4:1:2:4:4
4:4:4:4:4:4:3:4:4:,clone,14354.86257078208,4:4:4:4:4:4:3:4:4
4:3:4:4:3:4:4:4:1:,recombination,14750.217652700885,4:3:4:4:4:4:4:4:1,3:3:4:4:4:4:4:4:1
2:2:4:4:2:4:4:4:0:,recombination,13783.217664465295,4:4:4:4:4:4:3:4:4,3:2:4:4:2:4:4:4:1,MUTATE
2:2:4:4:2:4:4:4:0:,clone,13693.034589121007,2:2:4:4:2:4:4:4:0
2:2:4:4:2:4:4:4:0:,clone,13539.828743329483,2:2:4:4:2:4:4:4:0
2:3:4:4:4:4:4:4:1:,clone,15849.1057444223,2:2:4:4:4:4:4:4:1
2:3:4:4:2:4:4:4:0:,clone,14931.554198294445,2:3:4:4:2:4:4:4:0
2:3:4:4:2:4:4:4:0:,clone,14444.245903718793,2:3:4:4:2:4:4:4:0
2:3:4:4:2:4:4:4:0:,clone,14206.300277908298,2:3:4:4:2:4:4:4:0
2:3:4:4:2:4:4:4:0:,clone,14124.09261889982,2:2:4:4:2:4:4:4:0
3:3:4:4:2:4:4:4:0:,recombination,14502.747654117988,4:3:4:4:4:3:4:4:3,2:2:4:4:0:4:4:4:0
2:2:4:4:0:4:4:4:0:,clone,13642.632577459784,2:2:4:4:0:4:4:4:0
4:3:4:4:3:4:4:4:1:,clone,14665.570463410984,4:2:4:4:3:4:4:4:1
4:3:4:4:3:4:4:4:1:,clone,14430.82796796618,4:3:4:4:3:4:4:4:1
2:2:4:4:3:4:4:4:1:,recombination,14807.780654934635,3:2:4:4:0:4:4:4:0,4:2:4:4:4:4:4:4:3
2:2:4:4:3:4:4:4:1:,recombination,14504.411971917993,4:3:4:4:4:4:4:4:1,4:4:4:4:4:1:2:4:4
2:3:4:4:1:4:4:4:0:,clone,13980.574627855578,2:2:4:4:1:4:4:4:0
2:2:4:4:3:4:4:4:1:,clone,14500.036297755287,3:2:4:4:3:4:4:4:1
3:2:4:4:1:4:4:4:0:,recombination,14156.79386177134,3:2:4:4:0:4:4:4:0,2:2:4:4:1:4:4:4:0,MUTATE
3:2:4:4:1:4:4:4:0:,clone,14125.091139194365,3:2:4:4:1:4:4:4:0
3:2:4:4:1:4:4:4:0:,clone,14105.160308496239,3:2:4:4:1:4:4:4:0
2:2:4:4:0:4:4:4:0:,clone,13586.955052775565,2:2:4:4:0:4:4:4:0
2:2:4:4:0:4:4:4:0:,clone,13528.611851392741,2:2:4:4:0:4:4:4:0
2:2:4:4:0:4:4:4:0:,recombination,13397.816313454141,2:2:4:4:2:4:4:4:0,3:2:4:4:1:4:4:4:0
2:2:4:4:0:4:4:4:0:,clone,13299.993540444171,2:2:4:4:0:4:4:4:0
3:2:4:4:3:4:4:4:1:,recombination,14099.398023357255,3:2:4:4:2:4:4:4:1,3:3:4:4:1:4:4:4:0
3:2:4:4:3:4:4:4:1:,clone,14063.973261458978,3:2:4:4:3:4:4:4:1
3:2:4:4:3:4:4:4:1:,recombination,14013.915496415986,4:2:4:4:1:4:4:4:1,2:2:4:4:1:4:4:4:0
3:2:4:4:2:4:4:4:1:,recombination,14214.450392916187,4:4:4:4:4:0:0:2:4,4:4:4:4:4:1:3:4:4
4:4:4:4:4:3:3:4:4:,clone,13010.507782499013,4:3:4:4:4:3:3:4:4
4:4:4:4:4:3:3:4:4:,clone,12857.172913789176,4:4:4:4:4:3:3:4:4
4:4:4:4:4:4:3:4:4:,clone,14261.792149791121,4:4:4:4:4:4:3:4:4
2:3:4:4:0:4:4:4:0:,recombination,14940.844864827066,4:2:4:4:4:4:4:4:1,2:3:4:4:3:4:4:4:0,MUTATE
2:3:4:4:0:4:4:4:0:,clone,14388.03580914957,2:3:4:4:0:4:4:4:0
4:4:4:4:4:4:4:4:4:,recombination,14738.221393409662,4:3:4:4:2:4:4:4:1,3:3:4:4:3:4:4:4:1
4:4:4:4:4:1:0:3:4:,recombination,13904.03124991915,4:3:4:4:4:4:4:4:4,4:4:4:4:4:3:3:4:4,MUTATE
4:2:4:4:3:4:4:4:1:,recombination,14495.648540114733,4:2:4:4:1:4:4:4:1,2:2:4:4:0:4:4:4:0,MUTATE
4:2:4:4:3:4:4:4:1:,recombination,14214.524068152281,4:2:4:4:3:4:4:4:1,3:2:4:4:0:4:4:4:0
4:4:4:4:4:4:4:4:4:,recombination,14240.676530392611,4:3:4:4:3:4:4:4:1,2:3:4:4:1:4:4:4:0,MUTATE
4:4:4:4:4:3:4:4:4:,clone,14355.709928268108,4:4:4:4:4:3:4:4:4
4:2:4:4:2:4:4:4:1:,clone,14511.58171713673,4:2:4:4:2:4:4:4:1
4:2:4:4:2:4:4:4:1:,recombination,14451.608448336949,3:2:4:4:3:4:4:4:0,4:4:4:4:4:3:2:4:4
4:3:4:4:3:4:4:4:2:,recombination,14483.0715605311,3:2:4:4:4:4:4:4:0,4:3:4:4:4:4:3:4:4,MUTATE
4:2:4:4:3:4:4:4:2:,recombination,14298.016264071963,3:2:4:4:3:4:4:4:1,4:3:4:4:4:4:3:4:4,MUTATE
4:2:4:4:2:4:4:4:1:,clone,14121.656612642297,4:2:4:4:2:4:4:4:1
4:2:4:4:3:4:4:4:1:,clone,14205.808408647858,4:2:4:4:3:4:4:4:1
4:2:4:4:3:4:4:4:1:,clone,14167.273485373951,4:2:4:4:3:4:4:4:1
4:2:4:4:2:4:4:4:1:,clone,14112.51805023993,4:2:4:4:2:4:4:4:1
4:2:4:4:3:4:4:4:1:,recombination,14146.369983738357,3:2:4:4:2:4:4:4:0,4:2:4:4:3:4:4:4:1
4:3:4:4:3:4:4:4:2:,clone,13973.957700966528,4:3:4:4:3:4:4:4:2
3:3:4:4:2:4:4:4:1:,recombination,14240.016773834403,3:2:4:4:3:4:4:4:1,4:4:4:4:4:3:2:4:4
3:3:4:4:3:4:4:4:1:,recombination,14345.28181862897,3:2:4:4:4:4:4:4:1,3:2:4:4:1:4:4:4:0
3:3:4:4:3:4:4:4:1:,clone,14196.55533964876,3:3:4:4:3:4:4:4:1
3:2:4:4:1:4:4:4:1:,clone,14228.549199165735,3:2:4:4:1:4:4:4:1
3:3:4:4:1:4:4:4:1:,clone,14487.583527377004,3:3:4:4:1:4:4:4:1
3:2:4:4:2:4:4:4:1:,recombination,14044.85912535979,4:3:4:4:4:4:4:4:4,3:3:4:4:4:4:4:4:2
3:2:4:4:2:4:4:4:1:,recombination,13992.454768954492,2:2:4:4:0:4:4:4:0,3:2:4:4:2:4:4:4:1
3:3:4:4:1:4:4:4:1:,clone,14274.01216761883,3:3:4:4:1:4:4:4:1
3:2:4:4:2:4:4:4:1:,recombination,13896.763019873426,4:4:4:4:4:1:1:4:4,4:3:4:4:4:4:4:4:4,MUTATE
4:2:4:4:1:4:4:4:1:,recombination,14998.065751247688,3:2:4:4:4:4:4:4:0,3:3:4:4:0:4:4:4:0
3:2:4:4:0:4:4:4:1:,clone,14491.548997541695,4:2:4:4:1:4:4:4:1
3:2:4:4:0:4:4:4:1:,clone,14356.814000882476,3:2:4:4:0:4:4:4:1
4:2:4:4:1:4:4:4:1:,clone,14687.657756853916,4:2:4:4:1:4:4:4:1
4:3:4:4:2:4:4:4:2:,recombination,14646.100080352086,2:3:4:4:4:4:4:4:1,4:3:4:4:3:4:4:4:1,MUTATE
4:2:4:4:4:4:4:4:2:,clone,13625.852284594486,4:3:4:4:4:4:4:4:2
3:2:4:4:1:4:4:4:0:,clone,14068.733632284255,3:2:4:4:1:4:4:4:0
4:4:4:4:4:3:4:4:4:,clone,14206.207706441022,4:4:4:4:4:3:4:4:4
3:2:4:4:0:4:4:4:0:,clone,14083.153962218816,3:2:4:4:0:4:4:4:0
3:2:4:4:0:4:4:4:0:,recombination,14071.86764396027,4:4:4:4:4:2:3:4:4,2:2:4:4:0:4:4:4:0
4:3:4:4:4:4:3:4:4:,recombination,13902.023519174061,4:3:4:4:3:4:4:4:2,4:4:4:4:4:2:3:4:4
4:3:4:4:4:4:4:4:4:,clone,13807.120884278569,4:3:4:4:4:4:4:4:4
4:3:4:4:4:4:4:4:4:,clone,13777.923966552456,4:3:4:4:4:4:4:4:4
3:3:4:4:1:4:4:4:0:,clone,14790.285313867831,3:3:4:4:1:4:4:4:0
4:2:4:4:4:4:4:4:1:,clone,14037.74185240202,4:2:4:4:4:4:4:4:1
4:3:4:4:4:4:4:4:1:,clone,14144.091845655541,4:2:4:4:4:4:4:4:1
4:2:4:4:4:4:4:4:1:,recombination,14037.741852402018,4:2:4:4:4:4:4:4:1,2:2:4:4:0:4:4:4:0
4:3:4:4:4:4:4:4:1:,recombination,14091.323610213223,3:2:4:4:0:4:4:4:0,2:2:4:4:0:4:4:4:0,MUTATE
4:2:4:4:4:4:4:4:1:,recombination,13928.946712542256,2:2:4:4:2:4:4:4:0,3:2:4:4:1:4:4:4:1
4:2:4:4:4:4:4:4:1:,clone,13875.643571146818,4:2:4:4:4:4:4:4:1
3:2:4:4:1:4:4:4:0:,clone,14042.861528275584,2:2:4:4:0:4:4:4:0
3:2:4:4:2:4:4:4:0:,recombination,14232.622269752916,3:2:4:4:3:4:4:4:1,4:4:4:4:4:4:3:4:4
3:2:4:4:2:4:4:4:0:,clone,14194.401304111,3:2:4:4:2:4:4:4:0
3:2:4:4:2:4:4:4:0:,clone,14013.8778806529,3:2:4:4:2:4:4:4:0
3:2:4:4:2:4:4:4:0:,recombination,14005.61078029487,4:3:4:4:4:4:4:4:4,2:2:4:4:0:4:4:4:0,MUTATE
3:2:4:4:2:4:4:4:0:,recombination,13969.399930898673,3:2:4:4:1:4:4:4:0,3:2:4:4:1:4:4:4:0
4:3:4:4:1:4:4:4:1:,recombination,15419.001182956881,3:3:4:4:2:4:4:4:0,2:3:4:4:2:4:4:4:0,MUTATE
4:3:4:4:1:4:4:4:1:,recombination,15403.604568653784,2:2:4:4:2:4:4:4:0,4:3:4:4:1:4:4:4:1,MUTATE
3:3:4:4:4:4:4:4:1:,recombination,13658.064836896132,4:3:4:4:1:4:4:4:1,4:3:4:4:4:2:3:4:4,MUTATE
3:3:4:4:4:4:4:4:2:,recombination,13923.713365862075,4:4:4:4:4:4:4:4:4,4:3:4:4:3:4:4:4:2
3:3:4:4:4:4:4:4:2:,clone,13751.166538177396,3:3:4:4:4:4:4:4:2
2:2:4:4:1:4:4:4:0:,recombination,13432.005599438027,2:2:4:4:1:4:4:4:0,2:2:4:4:3:4:4:4:1
