4:3:4:4:4:3:3:4:4:,initialisation,4784.124143679007,
4:4:4:4:4:2:2:4:4:,initialisation,4204.753779944771,
3:3:4:4:4:3:3:4:3:,initialisation,4873.2957398478,
4:3:4:4:4:2:2:4:4:,initialisation,4075.873375846784,
4:4:4:4:4:1:2:4:4:,initialisation,5137.658207120939,
4:4:4:4:4:1:1:2:4:,initialisation,3522.262972358099,
4:4:4:4:4:1:2:4:4:,initialisation,4485.099224693217,
4:4:4:4:4:0:0:1:4:,initialisation,4240.3991338924225,
4:4:4:4:4:2:2:3:4:,initialisation,4768.744687464131,
4:4:4:4:4:3:3:4:4:,initialisation,4895.285548861162,
4:4:4:4:4:1:1:3:4:,initialisation,4817.292071616279,
4:4:4:4:4:2:3:4:4:,initialisation,4640.183787853084,
3:3:4:4:4:3:3:4:3:,initialisation,4459.284019253667,
4:4:4:4:4:1:2:2:4:,initialisation,4314.431581980736,
3:3:4:4:4:2:3:4:3:,initialisation,4473.791294663403,
4:4:4:4:4:2:3:4:4:,initialisation,4594.936237458608,
4:3:4:4:4:3:3:4:3:,initialisation,4806.6567296689045,
4:4:4:4:4:2:2:3:4:,initialisation,4447.204890220219,
4:4:4:4:4:1:1:3:4:,initialisation,4728.468460836559,
4:4:4:4:4:1:1:3:4:,initialisation,4456.834122442015,
4:4:4:4:4:3:2:4:4:,initialisation,4785.8005806710935,
4:4:4:4:4:3:3:4:3:,initialisation,5139.678345640515,
3:3:4:4:4:2:2:3:3:,initialisation,4035.107756261334,
4:4:3:4:4:2:1:4:4:,initialisation,5283.500042503195,
4:4:4:4:4:1:2:3:4:,initialisation,4435.289761651073,
4:4:4:4:4:1:2:4:4:,initialisation,4292.272209823593,
4:4:4:4:4:1:1:4:4:,initialisation,4614.5492428178595,
4:4:4:4:4:2:3:4:4:,initialisation,4491.288031571687,
4:4:4:4:4:2:2:3:4:,initialisation,4357.466146114016,
2:3:4:4:4:2:3:3:2:,initialisation,4258.184168477248,
4:4:4:4:4:2:2:3:4:,initialisation,4251.949475401565,
4:4:4:4:4:1:1:4:4:,initialisation,4562.117645514614,
4:4:4:4:4:3:3:4:4:,initialisation,4884.913082162403,
4:4:4:4:4:2:1:4:4:,initialisation,5283.500042503194,
4:3:4:4:4:3:2:4:4:,initialisation,4656.600871683688,
4:4:4:4:4:1:2:2:4:,initialisation,3914.934005189703,
4:4:4:4:4:0:1:1:4:,initialisation,3727.155132665297,
4:4:4:4:4:1:2:3:4:,initialisation,4046.7717771163884,
2:3:4:4:4:2:3:3:2:,initialisation,3673.4579290161537,
4:4:4:4:4:1:1:4:4:,initialisation,4222.350343616026,
4:4:4:4:4:3:3:4:4:,initialisation,4652.363894258915,
4:4:4:4:4:1:1:3:4:,initialisation,4274.759092361583,
4:4:4:4:4:2:2:3:4:,initialisation,4000.0631783230374,
4:4:4:4:4:3:2:4:4:,initialisation,4780.810168416148,
4:3:4:4:4:3:3:4:4:,initialisation,4777.812341999687,
4:4:4:4:4:1:1:3:4:,initialisation,4270.189142213117,
2:3:4:4:4:3:3:4:2:,initialisation,4354.758636985623,
4:3:4:4:4:3:3:4:4:,initialisation,4770.938978904127,
4:4:4:4:4:2:2:2:4:,initialisation,4107.617013655527,
4:4:4:4:4:2:2:4:4:,initialisation,4191.257048636367,
4:3:4:4:4:3:3:4:4:,initialisation,4733.134637744379,
4:4:4:4:4:2:2:4:4:,initialisation,4017.3081101302264,
4:3:4:4:4:3:3:4:3:,initialisation,4706.128328501364,
4:3:4:4:4:2:3:4:4:,initialisation,4685.834776357843,
4:4:4:4:4:0:1:2:4:,initialisation,4802.623561926752,
4:3:4:4:4:4:3:4:3:,initialisation,5283.500042503194,
3:3:4:4:4:4:4:4:2:,initialisation,4819.302502662973,
4:4:4:4:4:1:2:4:4:,initialisation,4258.973751384742,
4:4:4:4:4:3:2:3:4:,initialisation,4220.961720185143,
4:3:4:4:4:2:3:4:4:,initialisation,4479.095655576953,
3:3:4:4:4:2:3:3:3:,initialisation,4214.1081724141695,
4:4:4:4:4:1:1:1:4:,initialisation,4125.434927637153,
4:4:4:4:4:1:1:3:4:,initialisation,4220.974269452415,
4:3:4:4:4:3:3:4:4:,initialisation,4697.403787085588,
4:4:4:4:4:3:3:4:4:,initialisation,4534.0308203649465,
3:3:4:4:4:2:3:4:3:,initialisation,4130.292088012317,
4:4:4:4:4:2:3:3:4:,initialisation,4761.330832316038,
4:4:4:4:4:1:1:3:4:,initialisation,4183.970195359564,
4:4:4:4:4:2:3:4:4:,initialisation,4422.246623940773,
3:3:4:4:4:3:2:4:3:,initialisation,4545.395918436886,
4:3:4:4:4:2:2:4:4:,initialisation,4036.460815952026,
2:3:4:4:4:2:3:4:2:,initialisation,4259.761971325104,
4:4:4:4:4:1:2:3:4:,initialisation,3992.4354953307393,
2:3:4:4:4:3:4:4:2:,initialisation,4457.264814885064,
4:4:4:4:4:1:2:4:4:,initialisation,4206.180759745125,
2:2:4:4:4:3:3:4:2:,initialisation,4503.700135231349,
4:4:4:4:4:2:3:4:4:,initialisation,4364.08999645396,
4:4:4:4:4:3:2:4:4:,initialisation,4554.1668120114255,
4:4:4:4:4:0:0:1:4:,initialisation,4098.952547690176,
2:3:4:4:4:2:3:4:2:,initialisation,3850.181330053503,
4:4:4:4:4:1:1:1:4:,initialisation,3806.0288079096554,
4:4:4:4:4:2:1:4:4:,initialisation,4892.83144035451,
4:4:4:4:4:2:1:3:4:,initialisation,4706.047242262743,
3:3:4:4:4:3:3:3:3:,initialisation,4540.512385969792,
3:3:4:4:4:3:3:4:3:,initialisation,4424.171599790639,
4:4:4:4:4:1:2:2:4:,initialisation,3795.4337314713703,
3:3:4:4:4:1:2:2:3:,initialisation,4041.3829359320753,
3:4:4:4:4:2:2:4:3:,initialisation,4429.6144161881775,
3:3:4:4:4:2:2:4:3:,initialisation,4212.485398791422,
4:4:4:4:4:2:1:3:4:,initialisation,4492.7229095709345,
4:4:4:4:4:2:2:4:4:,initialisation,4013.7366410356003,
3:3:4:4:4:3:3:4:3:,initialisation,4421.2739670379015,
4:3:4:4:4:3:3:4:4:,initialisation,4517.795415342113,
4:3:4:4:4:2:3:3:4:,initialisation,3970.3385507702537,
4:4:4:4:4:3:3:4:4:,initialisation,4502.031930744148,
4:4:4:4:4:1:2:3:4:,initialisation,3965.180245928005,
3:3:4:4:4:1:2:3:3:,initialisation,3791.7207131860687,
4:4:4:4:4:1:1:3:4:,initialisation,4089.7536492578743,
4:4:4:4:4:2:1:2:4:,initialisation,4134.645272840365,
4:4:4:4:4:2:1:4:4:,initialisation,4780.540395664139,
4:4:4:4:4:2:2:3:4:,initialisation,3932.4736832771123,
4:4:4:4:4:0:0:2:4:,initialisation,4734.50063088391,
3:3:4:4:4:3:3:4:3:,initialisation,4265.145559814384,
4:4:4:4:4:1:1:2:4:,initialisation,3454.8572167566886,
4:4:4:4:4:3:3:4:4:,initialisation,4455.877168834529,
4:4:4:4:4:1:1:3:4:,initialisation,4076.322219512567,
4:4:4:4:4:0:1:2:4:,initialisation,4437.811106407797,
2:3:4:4:4:2:2:4:2:,initialisation,4061.6995046273955,
3:4:4:4:4:3:2:4:3:,initialisation,4544.080316006451,
3:3:4:4:4:1:3:3:3:,initialisation,4008.609231458308,
3:3:4:4:4:3:4:4:2:,initialisation,4926.488196389172,
3:3:4:4:4:2:3:3:3:,initialisation,3887.849883083913,
4:4:4:4:4:0:1:3:4:,initialisation,4197.6116832004745,
4:4:4:4:4:2:2:4:4:,initialisation,3965.743332164341,
2:3:4:4:4:4:4:4:2:,initialisation,4977.198341598047,
1:2:4:4:4:3:3:4:1:,initialisation,4417.629482918096,
4:4:4:4:4:2:1:4:4:,initialisation,4552.2864131116285,
2:2:4:4:4:4:4:4:1:,initialisation,4722.458943783779,
3:3:4:4:4:3:4:4:2:,initialisation,4843.080292789914,
4:4:4:4:4:1:1:4:4:,initialisation,4158.569931245045,
2:3:4:4:4:4:4:4:2:,initialisation,4908.740115528196,
4:4:4:4:4:0:0:2:4:,initialisation,4261.907289019858,
3:3:4:4:4:3:4:4:3:,initialisation,5050.0652339231565,
4:3:4:4:4:3:2:4:4:,initialisation,4623.047937000207,
2:3:4:4:4:3:3:4:2:,initialisation,4344.1659859317015,
4:4:4:4:4:1:2:3:4:,initialisation,3835.5182741032745,
4:3:4:4:4:4:3:4:3:,initialisation,4952.993036166766,
3:3:4:4:4:1:2:3:3:,initialisation,3685.9756953818605,
4:3:4:4:4:1:2:2:4:,initialisation,3962.2347973589185,
4:3:4:4:4:3:2:4:4:,initialisation,4469.621080922135,
3:3:4:4:4:2:2:3:3:,initialisation,4032.6376715546744,
3:3:4:4:4:2:2:4:3:,initialisation,3847.776839585925,
4:3:4:4:4:2:2:3:4:,initialisation,4191.370141469977,
4:4:4:4:4:2:3:3:4:,initialisation,4275.068002279657,
3:3:4:4:4:2:3:4:3:,initialisation,4121.519073925858,
4:4:3:4:4:1:1:3:4:,initialisation,5283.500042503196,
4:4:4:4:4:2:1:3:4:,initialisation,4299.264067393393,
4:4:3:4:4:1:1:4:4:,initialisation,5283.500042503193,
4:4:4:4:4:0:1:2:4:,initialisation,4183.120889030104,
4:3:4:4:4:3:4:4:3:,initialisation,5317.899695434768,
4:4:4:4:4:0:0:1:4:,initialisation,3568.6591571879585,
4:4:4:4:4:3:2:4:4:,initialisation,4486.249068886028,
4:4:4:4:4:2:2:2:4:,initialisation,3954.3943085977307,
4:3:4:4:4:2:3:4:3:,initialisation,4589.134037501141,
4:4:4:4:4:1:2:3:4:,initialisation,3762.8005084878278,
3:3:4:4:4:4:3:4:3:,initialisation,4778.514162250515,
4:4:4:4:4:1:2:4:4:,initialisation,4160.67460582424,
4:4:4:4:4:1:1:1:4:,initialisation,3774.2045373958495,
4:3:4:4:4:1:2:4:4:,initialisation,4092.5522927753764,
4:3:4:4:4:2:3:4:4:,initialisation,4393.941758051981,
2:3:4:4:4:3:3:4:2:,initialisation,4235.47156054304,
4:4:4:4:4:2:2:3:4:,initialisation,3809.875350723867,
3:4:4:4:4:2:3:4:3:,initialisation,4385.767858526509,
4:4:4:4:4:2:1:4:4:,initialisation,4283.255772912812,
4:4:4:4:4:2:2:4:4:,initialisation,3628.0512659164906,
4:3:4:4:4:1:2:3:4:,initialisation,3666.8935593868623,
4:4:4:4:4:2:2:3:4:,initialisation,3793.9797446253697,
4:4:4:4:4:1:2:2:4:,initialisation,3702.6766361733357,
4:4:4:4:4:2:1:3:4:,initialisation,4238.073038311171,
3:3:4:4:4:0:0:1:4:,initialisation,3422.895348574064,
3:3:4:4:4:2:2:3:3:,initialisation,3814.861267166966,
4:4:4:4:4:1:2:4:4:,initialisation,3798.3684154915322,
3:3:4:4:4:2:2:3:3:,initialisation,3768.9870476089936,
4:4:4:4:4:0:1:2:4:,initialisation,3334.2278827257755,
4:4:4:4:4:1:2:1:4:,initialisation,3876.086572529428,
4:3:4:4:4:3:3:4:4:,initialisation,4515.9918827647925,
4:4:4:4:4:2:3:4:4:,initialisation,4204.895795767904,
4:3:4:4:4:3:3:4:4:,initialisation,4427.6503446581455,
4:4:4:4:4:1:1:3:4:,initialisation,3962.4238957440666,
2:3:4:4:4:3:4:4:2:,initialisation,4311.495278779726,
3:3:4:4:4:2:3:2:3:,initialisation,4115.421780281067,
4:4:4:4:4:1:1:1:4:,initialisation,3281.5205708940753,
3:3:4:4:4:2:3:4:3:,initialisation,4116.418580120769,
3:3:4:4:4:1:2:2:3:,initialisation,3923.0090261989135,
3:3:4:4:4:3:3:4:2:,initialisation,4474.527615237176,
3:3:4:4:4:4:3:4:2:,initialisation,4909.354427374724,
4:4:4:4:4:1:1:4:4:,initialisation,4079.5067216894436,
2:3:4:4:4:3:3:4:2:,initialisation,3942.0760216121353,
3:4:4:4:4:3:3:4:3:,initialisation,4524.645718024856,
4:4:4:4:4:1:2:1:4:,initialisation,3809.8840167546773,
2:2:4:4:4:4:4:4:2:,initialisation,4927.238327190244,
4:3:4:4:4:1:2:2:4:,initialisation,3913.029342974656,
3:3:4:4:4:3:3:4:3:,initialisation,4209.065914174801,
4:4:4:4:4:2:3:4:4:,initialisation,4183.544083696312,
4:3:4:4:4:3:3:4:3:,initialisation,4624.643908944273,
1:2:4:2:0:4:4:4:0:,initialisation,5144.621692969386,
4:4:4:4:4:2:2:3:4:,initialisation,3526.1228740481447,
4:3:4:4:4:2:2:3:4:,initialisation,4026.025240106297,
2:2:4:4:4:3:4:4:1:,initialisation,4536.736463720495,
2:3:4:4:4:2:2:3:2:,initialisation,4020.7004797528125,
3:4:4:4:4:2:3:4:3:,initialisation,4321.013321544624,
4:4:4:4:4:2:2:2:4:,initialisation,3894.301566986674,
3:3:4:4:4:2:3:4:3:,initialisation,4070.5086561162466,
4:3:4:4:4:2:3:4:4:,initialisation,4374.143054050535,
4:4:4:4:4:1:1:4:4:,initialisation,4071.644731408809,
3:3:4:4:4:2:3:2:3:,initialisation,3992.5790339562463,
4:3:4:4:4:3:3:4:3:,initialisation,4546.73498858567,
4:4:4:4:4:1:2:2:4:,initialisation,3680.4382976051584,
4:3:4:4:4:2:2:2:4:,initialisation,3824.892962800496,
4:3:4:4:4:2:3:4:4:,initialisation,4368.425606621212,
4:4:4:4:4:1:1:3:4:,initialisation,3863.85317710195,
4:4:4:4:4:0:0:2:4:,initialisation,4069.211527897852,
4:4:4:4:4:1:3:3:4:,initialisation,4195.255221134528,
0:2:4:2:0:4:4:4:0:,initialisation,5050.236051726852,
3:3:4:4:4:2:2:3:3:,initialisation,3585.75796626193,
3:4:4:4:4:2:2:3:3:,initialisation,4152.559912557961,
3:3:4:4:4:1:3:4:3:,initialisation,4286.805244066542,
3:4:4:4:4:2:3:4:3:,initialisation,4257.764516620415,
3:3:4:4:4:3:3:4:3:,initialisation,4027.1992246843333,
4:4:4:4:4:0:1:1:4:,initialisation,3580.3201480331577,
3:3:4:4:4:3:3:3:3:,initialisation,4530.302336667781,
4:4:4:4:4:3:3:4:4:,initialisation,4443.202725388528,
4:4:4:4:4:1:3:4:4:,initialisation,4377.090463978753,
4:3:4:4:4:4:3:4:4:,initialisation,4946.259141474005,
2:2:4:4:4:1:3:3:2:,initialisation,3744.5449138340937,
1:2:4:4:4:3:4:4:1:,initialisation,4194.73495847926,
4:4:4:4:4:1:1:2:4:,initialisation,3399.702567083389,
4:4:4:4:4:0:1:1:4:,initialisation,3555.808043531812,
4:3:4:4:4:3:3:4:4:,initialisation,4372.220042616638,
4:4:4:4:4:2:3:3:4:,initialisation,4238.1533764876185,
1:2:4:4:3:4:4:4:1:,initialisation,5039.405848214457,
3:2:4:4:4:3:3:4:2:,initialisation,4806.309029858834,
4:4:4:4:4:1:1:3:4:,initialisation,3550.217179858855,
2:2:4:4:4:3:4:4:2:,initialisation,4872.356870069477,
3:3:4:4:4:1:2:3:3:,initialisation,3595.491187314711,
4:4:4:4:4:3:3:4:3:,initialisation,4943.06650000569,
4:4:4:4:4:3:3:4:3:,initialisation,4622.440065039985,
2:3:4:4:4:4:3:4:2:,initialisation,5035.464894306561,
3:4:4:4:4:2:3:4:3:,initialisation,4153.918059743847,
4:3:4:4:4:2:3:4:3:,initialisation,4460.534198589727,
3:3:4:4:4:4:4:4:3:,initialisation,4930.950603660079,
3:3:4:4:4:1:2:2:3:,initialisation,3796.6194643028716,
3:4:4:4:4:1:2:3:3:,initialisation,3862.715754997571,
4:3:4:4:4:3:3:4:3:,initialisation,4407.331963743779,
3:3:4:4:4:2:3:3:3:,initialisation,3750.8512816973625,
4:4:4:4:4:1:2:3:4:,initialisation,3686.9950260323503,
3:3:4:4:4:3:3:4:2:,initialisation,4201.396736958313,
2:2:4:4:3:4:4:4:1:,initialisation,4919.042916195596,
3:3:4:4:4:2:3:4:3:,initialisation,3921.563544144477,
4:3:4:4:4:2:3:4:4:,initialisation,4328.603696828881,
3:4:4:4:4:2:3:3:3:,initialisation,4405.904555831099,
3:3:4:4:4:4:4:4:3:,initialisation,4840.015984573052,
1:1:4:2:0:4:4:4:0:,initialisation,4954.150624485222,
2:2:4:4:4:3:3:4:2:,initialisation,4412.157086906308,
3:3:4:4:4:1:2:2:3:,initialisation,3433.7136002079546,
4:4:4:4:4:3:3:4:4:,initialisation,4415.100186320241,
3:3:4:4:4:2:2:4:3:,initialisation,3792.620624124816,
4:3:4:4:4:2:3:4:4:,initialisation,4202.014989169675,
4:3:4:4:4:1:1:2:4:,initialisation,3651.130097979923,
3:3:4:4:4:3:4:4:2:,initialisation,4799.92649323615,
3:3:4:4:4:1:2:4:3:,initialisation,3995.873574610166,
4:3:4:4:4:3:2:4:4:,initialisation,4363.491715085796,
4:4:4:4:4:1:2:1:4:,clone,3396.6796214501564,4:4:4:4:4:1:1:1:4
4:4:4:4:4:1:1:4:4:,clone,3919.4717771296014,4:4:4:4:4:1:1:4:4
4:4:4:4:4:0:1:1:4:,clone,3319.479832089922,4:3:4:4:4:1:1:2:4
4:3:4:4:4:3:3:4:3:,clone,4392.987948576147,4:3:4:4:4:3:3:4:3
4:4:4:4:4:1:2:2:4:,clone,3447.8094944397535,4:4:4:4:4:1:2:1:4
3:3:4:4:4:4:4:4:3:,clone,4796.524036658944,3:3:4:4:4:4:4:4:3
4:4:4:4:4:1:1:1:4:,recombination,3167.58985209651,4:4:4:4:4:1:1:3:4,4:4:4:4:4:1:1:1:4,MUTATE
4:3:4:4:4:2:2:4:4:,recombination,3927.345685737717,4:4:3:4:4:1:1:3:4,4:4:4:4:4:1:1:3:4,MUTATE
3:4:4:4:4:2:3:4:3:,recombination,4006.2246658683894,3:3:4:4:4:3:3:4:3,4:4:4:4:4:1:1:3:4
3:3:4:4:4:3:4:4:3:,clone,4466.570723629135,2:3:4:4:4:3:4:4:2
4:3:4:4:4:2:1:3:4:,recombination,3768.776794446031,4:4:4:4:4:1:1:3:4,3:3:4:4:4:2:2:4:3
4:4:4:4:4:1:1:3:4:,clone,3493.0946103774213,4:4:4:4:4:1:1:3:4
3:3:4:4:4:3:3:4:3:,clone,3979.904956655526,2:3:4:4:4:3:3:4:2
2:2:4:4:4:2:3:4:2:,recombination,4347.477611297333,3:3:4:4:4:1:3:3:3,1:2:4:2:0:4:4:4:0,MUTATE
2:2:4:4:4:1:3:3:2:,clone,3673.1527884432985,2:2:4:4:4:1:3:3:2
4:4:4:4:4:1:2:3:4:,recombination,3674.581382669412,4:4:4:4:4:1:2:3:4,4:4:4:4:4:1:2:2:4
2:2:4:4:2:4:4:4:1:,clone,5008.5299251581055,2:2:4:4:3:4:4:4:1
3:4:4:4:4:3:3:4:3:,recombination,4496.533498819395,3:4:4:4:4:3:3:4:3,4:3:4:4:4:2:2:2:4,MUTATE
4:3:4:4:4:1:2:2:4:,clone,3445.1251158523423,3:3:4:4:4:1:2:2:3
4:4:4:4:4:1:1:4:4:,recombination,3910.9821856103727,3:3:4:4:4:3:3:4:3,4:4:4:4:4:2:1:3:4
2:2:4:4:3:4:4:4:1:,recombination,4722.458943783779,2:2:4:4:4:4:4:4:1,3:3:4:4:4:2:3:4:3
3:3:4:4:4:3:2:4:3:,recombination,4363.491715085796,4:3:4:4:4:3:2:4:4,4:3:4:4:4:2:3:4:4
4:4:4:4:4:1:2:1:4:,recombination,3243.179718531279,1:2:4:4:4:3:4:4:1,4:4:4:4:4:1:2:2:4
2:3:4:4:4:3:3:3:2:,recombination,4053.1847597892324,2:3:4:4:4:2:3:4:2,2:3:4:4:4:3:3:4:2,MUTATE
4:4:4:4:4:1:2:3:4:,recombination,3597.0278254391224,4:4:4:4:4:2:2:3:4,3:3:4:4:4:1:2:4:3,MUTATE
4:4:4:4:4:2:1:3:4:,clone,3911.6521827035554,4:3:4:4:4:2:1:3:4
3:3:4:4:4:1:2:4:3:,clone,3951.467285362675,3:3:4:4:4:1:3:3:3
3:3:4:4:4:4:4:4:2:,clone,4795.963345081583,3:3:4:4:4:4:3:4:3
4:4:4:4:4:1:2:3:4:,recombination,3476.3596015167864,4:4:4:4:4:1:2:1:4,3:4:4:4:4:2:3:4:3
4:3:4:4:4:2:2:4:4:,clone,3875.528896836866,3:3:4:4:4:2:2:4:3
4:3:4:4:4:1:2:3:4:,recombination,3557.3160933613467,4:4:4:4:4:1:2:3:4,4:4:4:4:4:2:2:4:4
4:4:4:4:4:3:3:4:4:,recombination,4370.331118816581,4:4:4:4:4:3:3:4:3,4:4:4:4:4:1:2:1:4
4:4:4:4:4:1:1:2:4:,recombination,3346.825301728822,4:4:4:4:4:3:3:4:4,4:4:4:4:4:1:1:3:4,MUTATE
2:2:4:4:4:2:3:4:2:,clone,4215.8924477213795,1:2:4:4:4:3:4:4:1
4:3:4:4:4:2:3:4:4:,recombination,4019.831191459165,4:4:4:4:4:1:2:3:4,4:4:4:4:4:1:2:4:4
3:3:4:4:4:3:3:3:3:,clone,4509.934620984876,3:3:4:4:4:3:3:3:3
2:3:4:4:4:2:3:4:2:,recombination,3715.9320704777538,2:2:4:4:3:4:4:4:1,4:4:4:4:4:1:1:3:4
4:4:4:4:4:1:2:3:4:,recombination,3346.825301728822,4:4:4:4:4:1:1:2:4,4:4:4:4:4:1:1:2:4,MUTATE
4:4:4:4:4:2:2:4:4:,clone,3581.5696963120977,4:4:4:4:4:2:2:3:4
3:3:4:4:4:1:2:3:3:,clone,3568.9867470396152,2:2:4:4:4:1:3:3:2
3:3:4:4:4:1:2:4:3:,clone,3774.9883744130398,3:3:4:4:4:1:2:4:3
4:4:4:4:4:2:2:4:4:,clone,3490.4355381566534,4:4:4:4:4:1:2:3:4
2:3:4:4:3:3:4:4:2:,recombination,4522.099900954313,3:3:4:4:4:2:2:3:3,4:4:4:4:4:1:2:3:4,MUTATE
3:4:4:4:4:3:3:4:3:,clone,4370.331118816581,4:4:4:4:4:3:3:4:4
3:3:4:4:4:3:4:4:2:,recombination,4157.460029230507,3:3:4:4:4:2:2:3:3,4:4:4:4:4:3:3:4:4,MUTATE
3:3:4:4:4:3:3:4:3:,recombination,3841.4038231076584,4:4:4:4:4:1:1:4:4,2:3:4:4:4:3:3:4:2,MUTATE
4:4:4:4:4:2:3:4:4:,clone,4106.46106605907,4:4:4:4:4:2:3:4:4
4:4:4:4:4:1:1:2:4:,recombination,3328.929229319749,4:4:4:4:4:3:3:4:4,4:3:4:4:4:1:2:2:4,MUTATE
4:4:4:4:4:4:3:4:4:,recombination,5102.804152812737,4:3:4:4:4:4:3:4:3,4:3:4:4:4:4:3:4:4
2:2:4:4:4:3:3:4:2:,clone,4384.430519733956,2:2:4:4:4:3:3:4:2
1:2:4:4:2:4:4:4:1:,recombination,4875.272390251168,0:2:4:2:0:4:4:4:0,4:4:4:4:4:3:2:4:4,MUTATE
4:3:4:4:4:2:2:3:4:,recombination,3993.599455205447,4:3:4:4:4:2:2:4:4,4:4:4:4:4:2:1:3:4
3:3:4:4:4:3:4:4:3:,recombination,4378.632288601204,4:4:4:4:4:3:3:4:4,4:3:4:4:4:3:3:4:3,MUTATE
1:2:4:4:2:4:4:4:1:,clone,4668.24181060939,2:2:4:4:4:3:4:4:1
2:3:4:4:4:3:4:4:2:,clone,4156.355497885322,3:3:4:4:4:3:4:4:2
3:3:4:4:4:2:3:4:3:,clone,3809.0847853038695,3:3:4:4:4:2:3:3:3
3:3:4:4:4:1:1:1:4:,clone,3239.167963516809,4:3:4:4:4:1:1:2:4
3:3:4:4:4:2:3:4:3:,clone,3692.9110239477104,3:3:4:4:4:2:3:3:3
3:3:4:4:4:2:2:4:3:,recombination,3722.7200236175427,3:3:4:4:4:3:3:4:3,4:4:4:4:4:1:1:2:4,MUTATE
0:2:4:2:0:4:4:4:0:,recombination,4952.113252902045,4:3:4:4:4:2:2:3:4,0:2:4:2:0:4:4:4:0
3:3:4:4:4:1:3:3:3:,clone,3771.681109029862,3:3:4:4:4:1:2:3:3
3:2:4:4:4:3:3:4:2:,clone,4657.969446751951,3:2:4:4:4:3:3:4:2
4:3:4:4:4:1:2:3:4:,clone,3544.729087345067,4:4:4:4:4:0:1:2:4
2:2:4:4:2:4:4:4:1:,clone,4966.187317655635,2:2:4:4:3:4:4:4:1
0:2:4:2:0:4:4:4:0:,clone,4951.1593114361185,0:2:4:2:0:4:4:4:0
4:4:4:4:4:2:3:4:4:,recombination,4067.222459285983,4:4:4:4:4:2:2:3:4,4:4:4:4:4:1:2:1:4
4:3:4:4:4:1:2:3:4:,recombination,3457.271666515151,4:3:4:4:4:1:2:2:4,4:4:4:4:4:1:1:2:4,MUTATE
4:3:4:4:4:1:1:2:4:,recombination,3377.812794971734,4:4:4:4:4:1:1:2:4,3:3:4:4:4:1:2:3:3
3:3:4:4:4:2:3:4:2:,recombination,4434.410561028293,4:4:4:4:4:2:2:3:4,4:4:4:4:4:0:1:2:4,MUTATE
2:2:4:4:4:2:3:4:2:,recombination,4079.084174399724,2:2:4:4:4:2:3:4:2,4:3:4:4:4:3:3:4:4,MUTATE
4:4:4:4:4:1:1:3:4:,recombination,3455.680887997507,4:4:3:4:4:1:1:3:4,3:3:4:4:4:1:1:1:4
4:3:4:4:4:1:1:2:4:,clone,3328.9292293197495,4:3:4:4:4:1:1:2:4
3:3:4:4:4:3:3:4:2:,clone,4196.09104695083,3:3:4:4:4:3:3:4:2
3:3:4:4:4:2:2:2:3:,clone,3956.044269555364,4:3:4:4:4:2:2:2:4
0:1:4:2:0:4:4:4:0:,clone,5209.267020004875,3:3:4:4:4:3:3:4:3
2:3:4:4:4:4:3:4:2:,clone,4587.5191833309445,3:3:4:4:4:3:3:4:2
2:3:4:4:4:4:4:4:2:,clone,4646.100441326531,3:3:4:4:4:3:3:4:2
2:3:4:4:3:4:4:4:1:,clone,4517.904085927668,2:3:4:4:3:4:4:4:1
3:3:4:4:4:4:3:4:2:,clone,4902.151501767244,3:3:4:4:4:4:3:4:2
4:3:4:4:4:2:2:4:4:,clone,3582.2641143764567,4:3:4:4:4:2:2:4:4
4:4:4:4:4:2:2:2:4:,clone,3676.8732949528467,4:4:4:4:4:2:2:2:4
3:3:4:4:4:2:2:4:3:,clone,3582.2641143764567,4:3:4:4:4:2:2:4:4
2:3:4:4:4:4:4:4:2:,recombination,4428.654147725162,2:3:4:4:3:3:4:4:2,3:3:4:4:4:2:2:4:3
4:3:4:4:4:0:1:2:4:,recombination,3483.610388111847,4:4:3:4:4:1:1:3:4,3:3:4:4:4:0:0:1:4,MUTATE
1:2:4:4:1:4:4:4:1:,clone,4562.739506275044,2:2:4:4:3:4:4:4:1
2:2:4:4:4:4:4:4:1:,recombination,4686.580870890148,2:3:4:4:4:4:3:4:2,4:4:4:4:4:1:2:3:4
4:4:3:4:4:1:1:3:4:,recombination,5084.654903131095,4:3:4:4:4:2:3:4:4,4:4:3:4:4:1:1:3:4,MUTATE
2:2:4:4:4:4:4:4:1:,recombination,4597.0256918082305,2:3:4:4:4:4:4:4:2,3:3:4:4:4:3:3:4:3,MUTATE
1:2:4:4:3:4:4:4:1:,recombination,4642.439509807633,3:3:4:4:4:3:4:4:2,3:3:4:4:4:3:3:4:3
1:2:4:3:0:4:4:4:0:,recombination,4905.831386981237,3:4:4:4:4:2:3:4:3,2:3:4:4:4:3:3:4:2,MUTATE
2:3:4:4:4:4:4:4:1:,recombination,4861.171788034021,2:2:4:4:4:4:4:4:1,2:3:4:4:4:3:3:4:2,MUTATE
3:2:4:4:4:4:4:4:2:,recombination,4585.289465409758,4:3:4:4:4:2:2:4:4,3:3:4:4:4:3:3:4:3
2:2:4:4:2:4:4:4:1:,recombination,4436.444919702424,4:4:4:4:4:2:2:2:4,2:3:4:4:4:3:3:4:2
4:3:4:4:4:2:2:2:4:,recombination,3747.091356189754,4:4:4:4:4:2:2:2:4,4:3:4:4:4:2:2:2:4
3:3:4:4:4:4:4:4:2:,clone,4550.811296940882,3:2:4:4:4:4:4:4:2
1:2:4:3:1:4:4:4:1:,clone,4509.523494948238,2:2:4:4:2:4:4:4:1
2:2:4:4:3:3:4:4:1:,recombination,4531.883791692021,3:3:4:4:4:3:4:4:3,3:3:4:4:4:3:3:4:2,MUTATE
2:3:4:4:4:4:3:4:2:,recombination,4277.371778055675,3:3:4:4:4:4:4:4:3,4:4:4:4:4:1:1:2:4
2:3:4:4:4:4:4:4:1:,recombination,4641.6883330344845,4:4:4:4:4:2:3:4:4,3:3:4:4:4:3:3:4:3,MUTATE
3:3:4:4:4:2:2:3:3:,clone,3579.862997447773,3:3:4:4:4:2:2:3:3
2:3:4:4:3:4:4:4:2:,clone,4822.207755481957,2:3:4:4:3:4:4:4:2
2:2:4:4:4:4:4:4:2:,recombination,4836.699794085024,1:2:4:4:3:4:4:4:1,3:3:4:4:4:4:4:4:2
2:2:4:4:4:3:3:4:2:,recombination,3964.705034382017,4:3:4:4:4:1:2:2:4,0:1:4:2:0:4:4:4:0
3:3:4:4:4:3:3:4:2:,recombination,3942.634711504886,4:3:4:4:4:1:2:3:4,4:4:4:4:4:1:1:3:4
3:3:4:4:4:1:3:4:3:,clone,4164.142052751143,3:3:4:4:4:1:3:4:3
2:2:4:4:4:4:4:4:2:,clone,4550.811296940882,3:3:4:4:4:4:4:4:2
1:2:4:3:1:4:4:4:0:,clone,4562.739506275044,1:2:4:3:1:4:4:4:0
3:2:4:4:4:1:3:3:3:,clone,3840.888108379132,3:3:4:4:4:1:2:3:3
2:2:4:4:4:2:3:4:2:,recombination,3700.678363525807,3:3:4:4:4:3:3:4:3,2:2:4:4:4:1:3:3:2,MUTATE
4:4:4:4:4:0:1:3:4:,clone,4197.611683200474,4:4:4:4:4:0:1:3:4
3:3:4:4:4:2:3:4:3:,recombination,3625.5523484154155,2:2:4:4:4:3:3:4:2,2:2:4:4:4:1:3:3:2,MUTATE
3:3:4:4:4:4:4:4:3:,clone,4790.292647092323,3:3:4:4:4:4:4:4:3
0:2:4:2:0:4:4:4:0:,clone,4908.898366215913,0:2:4:2:0:4:4:4:0
1:2:4:2:0:4:4:4:0:,recombination,5141.8792309821665,0:1:4:2:0:4:4:4:0,2:2:4:4:4:4:4:4:2
4:4:4:4:4:1:3:4:4:,clone,4295.232566814867,4:4:4:4:4:1:3:3:4
3:3:4:4:4:4:3:4:2:,recombination,4384.6986215218685,2:3:4:4:4:4:3:4:2,3:3:4:4:4:3:3:3:3
2:2:4:4:4:2:3:3:2:,recombination,3628.2271847599613,3:3:4:4:4:2:3:3:3,3:3:4:4:4:1:2:3:3
3:3:4:4:4:1:3:4:3:,clone,3716.9831538386125,3:3:4:4:4:2:3:4:3
2:2:4:4:4:3:4:4:2:,clone,4331.488317041968,3:3:4:4:4:3:3:4:2
1:2:4:4:4:2:3:4:1:,recombination,3942.433432823873,3:3:4:4:4:3:3:4:3,2:2:4:4:4:2:3:4:2
2:2:4:4:4:3:4:4:2:,clone,4303.630524789675,2:2:4:4:4:3:4:4:2
3:3:4:4:4:1:3:4:3:,clone,3633.5260962008733,3:3:4:4:4:1:3:4:3
4:3:4:4:4:2:3:4:4:,clone,3952.6627416484025,4:3:4:4:4:2:3:3:4
2:3:4:4:4:2:3:4:2:,recombination,3691.833674321104,2:2:4:4:4:4:4:4:1,3:3:4:4:4:1:3:4:3,MUTATE
3:3:4:4:4:2:3:4:3:,recombination,3420.91114031063,2:2:4:4:4:3:3:4:2,4:3:4:4:4:0:1:2:4,MUTATE
2:3:4:4:4:2:3:4:2:,recombination,3613.610988120364,4:4:4:4:4:1:1:3:4,3:3:4:4:4:1:2:3:3,MUTATE
4:3:4:4:4:1:2:4:4:,recombination,3654.854258145089,4:4:4:4:4:1:1:3:4,3:3:4:4:4:2:3:4:3
2:2:4:4:4:4:4:4:1:,recombination,4495.515190743286,2:3:4:4:4:2:3:3:2,1:2:4:4:3:4:4:4:1
4:4:3:4:4:1:1:3:4:,clone,4979.9206818265775,4:4:3:4:4:1:1:3:4
4:3:4:4:4:3:4:4:3:,recombination,5317.8640366687105,4:3:4:4:4:3:4:4:3,3:4:4:4:4:3:3:4:3,MUTATE
4:4:4:4:4:3:3:4:4:,clone,3994.3044335433697,4:4:4:4:4:3:3:4:4
4:4:3:4:4:1:1:2:4:,recombination,4971.079921055341,4:4:4:4:4:0:1:1:4,4:4:3:4:4:1:1:3:4,MUTATE
4:4:4:4:4:3:3:3:4:,clone,4527.025940772302,3:3:4:4:4:3:3:3:3
2:3:4:4:4:4:4:4:1:,recombination,4580.248237194269,4:4:4:4:4:2:3:4:4,3:3:4:4:4:2:3:3:3,MUTATE
2:2:4:4:3:4:4:4:1:,clone,4711.566589870919,2:2:4:4:4:4:4:4:1
1:2:4:4:3:4:4:4:1:,recombination,4225.970296628028,4:4:4:4:4:2:2:4:4,2:2:4:4:4:3:3:4:2,MUTATE
1:2:4:4:1:4:4:4:0:,recombination,5297.077052578813,4:4:4:4:4:2:2:4:4,2:3:4:4:3:4:4:4:1
1:2:4:2:0:4:4:4:0:,clone,5076.413082437777,1:2:4:2:0:4:4:4:0
3:4:4:4:4:2:3:3:3:,clone,4379.168654687074,3:4:4:4:4:2:3:4:3
2:2:4:4:3:4:4:4:1:,recombination,4431.389408140127,4:4:4:4:4:2:2:2:4,1:2:4:4:4:3:4:4:1
1:2:4:2:0:4:4:4:0:,clone,5059.777982039232,1:2:4:2:0:4:4:4:0
2:3:4:4:3:4:4:4:1:,recombination,4496.137335393396,3:3:4:4:4:1:3:4:3,2:2:4:4:3:4:4:4:1,MUTATE
0:2:4:2:0:4:4:4:0:,recombination,4788.296163824303,2:3:4:4:4:3:4:4:2,1:2:4:2:0:4:4:4:0
2:2:4:4:3:3:4:4:1:,recombination,4274.220607678792,4:4:4:4:4:1:2:3:4,2:2:4:4:4:3:3:4:2,MUTATE
2:3:4:4:3:3:4:4:1:,recombination,4388.609124630633,2:3:4:4:4:4:3:4:2,4:3:4:4:4:2:3:4:4
1:2:4:2:0:4:4:4:0:,recombination,4743.697299867271,1:2:4:2:0:4:4:4:0,3:3:4:4:4:2:2:4:3
3:3:4:4:4:1:2:4:3:,recombination,3681.317759657514,3:3:4:4:4:1:2:3:3,3:3:4:4:4:1:3:3:3
3:3:4:4:4:3:3:4:2:,clone,3915.5074587675963,3:3:4:4:4:3:3:4:3
3:3:4:4:4:0:1:1:4:,clone,3442.4148551154276,3:3:4:4:4:0:1:1:4
2:2:4:4:4:3:4:4:1:,clone,4496.350857189649,2:2:4:4:4:3:4:4:1
2:2:4:4:4:4:4:4:1:,recombination,4479.8734290791035,2:2:4:4:4:4:4:4:1,4:4:4:4:4:3:2:4:4,MUTATE
4:4:4:4:4:3:2:4:4:,clone,4447.450499994629,4:4:4:4:4:3:2:4:4
3:3:4:4:4:2:3:4:2:,recombination,4063.5940762403775,4:4:4:4:4:1:1:3:4,3:3:4:4:4:3:3:4:2,MUTATE
4:3:4:4:4:3:3:4:4:,recombination,4203.118593335482,3:3:4:4:4:1:2:2:3,3:3:4:4:4:3:3:4:2
2:2:4:4:3:3:4:4:1:,clone,4246.539876500951,2:2:4:4:3:3:4:4:1
2:2:4:4:3:4:4:4:1:,recombination,4256.872592016101,3:3:4:4:4:2:3:4:3,2:3:4:4:4:4:4:4:1
1:2:4:3:0:4:4:4:0:,recombination,4811.7618405796775,2:3:4:4:4:4:4:4:1,0:2:4:2:0:4:4:4:0,MUTATE
0:2:4:2:0:4:4:4:0:,clone,4787.24884892353,0:2:4:2:0:4:4:4:0
1:2:4:4:4:4:4:4:1:,clone,4422.0649362279455,1:2:4:4:4:4:4:4:1
2:2:4:4:4:3:4:4:2:,clone,4241.603058541532,2:2:4:4:4:3:4:4:2
2:3:4:4:4:3:4:4:2:,recombination,4149.225578589936,4:4:4:4:4:1:1:4:4,4:4:4:4:4:1:3:4:4,MUTATE
2:2:4:4:4:3:4:4:1:,clone,3974.234675239882,2:2:4:4:4:3:4:4:2
4:3:4:4:4:3:3:4:3:,recombination,4246.428185790775,4:4:4:4:4:1:1:4:4,3:4:4:4:4:2:3:4:3
4:4:4:4:4:0:1:3:4:,recombination,4062.668356606777,3:4:4:4:4:1:2:3:3,4:4:4:4:4:2:1:4:4
1:2:4:3:0:4:4:4:0:,recombination,4798.12705634214,1:2:4:3:0:4:4:4:0,4:3:4:4:4:1:2:3:4
2:3:4:4:3:3:4:4:1:,recombination,4283.132329371034,2:2:4:4:3:4:4:4:1,4:4:4:4:4:0:1:1:4
2:2:4:4:4:3:4:4:2:,recombination,4236.096196431909,4:4:4:4:4:1:1:3:4,2:2:4:4:4:2:3:4:2,MUTATE
2:3:4:4:4:2:3:4:2:,clone,3572.2024883723466,2:3:4:4:4:2:3:4:2
1:2:4:3:1:4:4:4:0:,recombination,4229.528482814686,2:2:4:4:4:3:4:4:1,2:2:4:4:4:4:4:4:1
2:3:4:4:4:2:2:4:2:,recombination,3440.461504841145,4:4:4:4:4:1:1:4:4,4:4:4:4:4:0:1:1:4
2:2:4:4:3:3:4:4:1:,clone,4219.927931905424,2:2:4:4:4:3:4:4:1
2:3:4:4:4:2:3:4:2:,clone,3420.91114031063,2:3:4:4:4:2:3:4:2
1:2:4:4:1:4:4:4:0:,clone,5186.9522194842,1:2:4:4:1:4:4:4:0
0:2:4:2:0:4:4:4:0:,clone,4773.605441232033,0:2:4:2:0:4:4:4:0
2:2:4:4:4:3:4:4:2:,clone,4207.65644693925,2:2:4:4:4:3:4:4:2
2:2:4:4:4:3:3:4:1:,recombination,4393.795139119431,4:3:4:4:4:0:1:2:4,2:3:4:4:3:3:4:4:2
2:2:4:4:3:3:4:4:1:,clone,4181.376494601534,2:2:4:4:3:3:4:4:1
1:2:4:4:2:4:4:4:1:,recombination,4484.291642444639,4:3:4:4:4:2:2:4:4,2:2:4:4:2:4:4:4:1
3:3:4:4:4:3:2:4:3:,clone,4316.666705879449,3:3:4:4:4:3:2:4:3
2:3:4:4:2:4:4:4:1:,clone,4870.802404249523,2:3:4:4:3:4:4:4:2
1:2:4:4:2:4:4:4:1:,clone,4399.318850405818,1:2:4:4:2:4:4:4:1
2:3:4:4:3:4:4:4:2:,recombination,4693.74351747431,4:4:4:4:4:1:2:1:4,3:3:4:4:4:4:4:4:3,MUTATE
3:3:4:4:4:2:3:4:2:,recombination,3861.021681083765,2:3:4:4:4:2:3:4:2,2:3:4:4:4:2:3:4:2
4:3:4:4:4:2:3:4:3:,recombination,4337.106130557197,3:3:4:4:4:3:3:4:3,4:4:4:4:4:1:1:4:4
1:2:4:3:0:4:4:4:0:,clone,4745.462951162586,1:2:4:3:0:4:4:4:0
1:2:4:4:2:4:4:4:0:,clone,4672.800821136437,1:2:4:4:3:4:4:4:1
1:2:4:4:1:4:4:4:0:,recombination,4771.759474134655,3:4:4:4:4:2:3:4:3,1:2:4:4:4:4:4:4:1,MUTATE
1:2:4:3:0:4:4:4:0:,recombination,4741.1851320339765,2:2:4:4:4:4:4:4:2,3:4:4:4:4:2:3:4:3
1:2:4:4:3:4:4:4:1:,recombination,4169.147002989942,2:2:4:4:3:3:4:4:1,2:3:4:4:4:4:4:4:1
2:3:4:4:2:4:4:4:1:,recombination,4711.1451166873385,4:4:4:4:4:2:3:4:4,3:3:4:4:4:2:3:4:3
1:2:4:4:2:4:4:4:1:,clone,4343.130309482851,1:2:4:4:2:4:4:4:1
2:2:4:4:4:4:3:4:1:,recombination,4729.548124630938,4:4:4:4:4:1:2:3:4,1:2:4:4:4:3:3:4:1
1:2:4:4:1:4:4:4:0:,clone,4719.92841375062,1:2:4:4:1:4:4:4:0
0:2:4:2:0:4:4:4:0:,recombination,4767.598839321205,3:3:4:4:4:2:2:3:3,0:2:4:2:0:4:4:4:0,MUTATE
1:2:4:4:3:4:4:4:0:,recombination,4340.499748271886,4:3:4:4:4:1:1:2:4,0:2:4:2:0:4:4:4:0,MUTATE
4:4:4:4:4:4:3:4:4:,clone,5074.166912791188,4:4:4:4:4:4:3:4:4
4:4:4:4:4:0:0:0:4:,recombination,3829.2808509186807,4:4:4:4:4:1:3:3:4,4:4:4:4:4:1:1:3:4,MUTATE
2:2:4:4:4:4:4:4:2:,recombination,4327.948211293506,1:2:4:4:2:4:4:4:1,3:3:4:4:4:2:2:4:3
2:3:4:4:4:3:4:4:2:,recombination,4139.074442598919,2:2:4:4:4:3:4:4:1,4:3:4:4:4:2:3:4:4
2:3:4:4:3:3:4:4:2:,clone,4337.643158157063,2:3:4:4:3:3:4:4:2
1:2:4:4:2:4:4:4:0:,clone,4655.038337179571,1:2:4:4:2:4:4:4:0
1:2:4:3:0:4:4:4:0:,recombination,4697.540973345498,1:2:4:4:2:4:4:4:1,0:2:4:2:0:4:4:4:0
2:2:4:4:3:4:4:4:2:,recombination,4476.337715073771,3:3:4:4:4:1:3:4:3,4:4:4:4:4:1:1:3:4,MUTATE
1:2:4:3:0:4:4:4:0:,recombination,4420.557001416787,2:3:4:4:4:4:3:4:2,2:2:4:4:4:4:4:4:1
2:2:4:4:4:4:3:4:2:,recombination,4400.647994252282,2:3:4:4:4:3:3:4:2,4:4:4:4:4:2:1:3:4
1:2:4:4:1:4:4:4:1:,recombination,4557.793885078607,2:3:4:4:4:4:3:4:2,2:3:4:4:4:3:3:4:2
1:2:4:4:2:4:4:4:0:,recombination,4589.939018269687,4:4:4:4:4:2:3:4:4,0:2:4:2:0:4:4:4:0
1:2:4:3:0:4:4:4:0:,clone,4391.989345256973,1:2:4:3:0:4:4:4:0
1:3:4:4:2:4:4:4:1:,recombination,4929.737772942323,4:4:4:4:4:2:3:4:4,2:2:4:4:4:3:4:4:1,MUTATE
4:3:4:4:4:2:3:4:3:,clone,4164.613712755182,4:3:4:4:4:2:3:4:3
2:3:4:4:3:4:4:4:2:,clone,4582.987123270275,2:2:4:4:3:4:4:4:1
3:3:4:4:4:4:3:4:2:,recombination,4253.466687311898,3:3:4:4:4:2:2:4:3,3:3:4:4:4:4:3:4:2
2:2:4:4:4:4:4:4:1:,recombination,4358.696076363134,1:2:4:4:2:4:4:4:0,2:3:4:4:3:4:4:4:2
2:3:4:4:3:3:4:4:2:,recombination,4287.827636196471,3:3:4:4:4:0:1:1:4,2:2:4:4:3:3:4:4:1
3:3:4:4:4:1:3:4:3:,clone,3589.7448310369355,3:3:4:4:4:1:3:4:3
0:2:4:2:0:4:4:4:0:,clone,4553.3453500212445,0:2:4:2:0:4:4:4:0
3:2:4:4:4:3:3:4:2:,recombination,4250.2789860332805,2:2:4:4:2:4:4:4:1,4:4:4:4:4:1:1:4:4
1:2:4:4:2:4:4:4:0:,recombination,4406.83497519214,3:3:4:4:4:3:4:4:2,4:4:4:4:4:1:2:3:4
3:3:4:4:4:3:3:3:3:,clone,4456.914455907543,3:3:4:4:4:3:3:3:3
3:3:4:4:4:4:4:4:2:,clone,4507.441333814994,3:3:4:4:4:4:4:4:2
2:2:4:4:2:4:4:4:2:,recombination,4896.636143209081,2:3:4:4:3:3:4:4:2,4:3:4:4:4:2:3:4:4
2:2:4:4:4:3:3:4:2:,clone,3878.8896993906674,2:3:4:4:4:2:3:4:2
1:2:4:4:4:4:4:4:1:,clone,4420.286811219996,1:2:4:4:4:4:4:4:1
1:2:4:3:1:4:4:4:1:,recombination,4498.039640004693,3:3:4:4:4:4:4:4:3,1:2:4:4:1:4:4:4:0,MUTATE
3:3:4:4:4:4:3:4:3:,clone,4685.558425787805,3:3:4:4:4:4:4:4:3
2:3:4:4:4:4:4:4:2:,recombination,4349.269151188562,4:3:4:4:4:1:1:2:4,3:3:4:4:4:4:4:4:2,MUTATE
2:3:4:4:4:4:4:4:2:,recombination,4329.334919647147,3:3:4:4:4:3:3:4:3,3:3:4:4:4:4:4:4:2,MUTATE
1:2:4:4:3:3:4:4:1:,clone,4362.147613161493,1:2:4:4:3:3:4:4:1
4:4:4:4:4:0:0:0:4:,clone,3620.993542502328,4:4:4:4:4:0:0:0:4
4:4:4:4:4:0:0:1:4:,recombination,3498.706465681841,4:4:4:4:4:1:1:4:4,4:4:4:4:4:0:0:0:4
3:3:4:4:4:4:4:4:3:,recombination,4772.188458382537,4:4:4:4:4:3:3:4:4,3:3:4:4:4:3:4:4:3,MUTATE
4:4:4:4:4:1:0:1:4:,clone,4375.063346943178,4:4:4:4:4:1:0:1:4
1:2:4:4:4:2:3:4:1:,recombination,3861.1847833275356,2:2:4:4:4:3:3:4:2,3:3:4:4:4:0:0:1:4,MUTATE
4:4:4:4:4:3:2:4:4:,clone,4426.275753176405,4:4:4:4:4:3:2:4:4
4:4:4:4:4:4:3:4:4:,clone,5018.486587021898,4:4:4:4:4:4:3:4:4
4:4:4:4:4:1:0:1:4:,recombination,4356.014213281736,3:3:4:4:4:2:2:4:3,2:3:4:4:4:4:4:4:2,MUTATE
4:3:4:4:4:4:4:4:3:,recombination,4824.092910653914,3:3:4:4:4:1:2:2:3,4:4:4:4:4:1:2:1:4,MUTATE
3:4:4:4:4:2:2:4:3:,recombination,4297.911388785117,3:4:4:4:4:2:2:4:3,2:3:4:4:4:2:3:3:2
4:3:4:4:4:3:4:4:3:,recombination,5008.944544865734,4:4:4:4:4:1:2:2:4,3:3:4:4:4:3:3:4:2,MUTATE
4:4:4:4:4:3:3:4:3:,recombination,4572.40096776775,1:2:4:4:3:4:4:4:1,4:4:4:4:4:1:2:3:4
2:3:4:4:4:3:4:4:1:,recombination,4333.615403349672,4:4:4:4:4:2:2:3:4,4:4:4:4:4:0:1:1:4
4:3:4:4:4:3:2:4:4:,recombination,4202.0684089251035,2:3:4:4:4:2:3:4:2,4:4:4:4:4:1:2:1:4
3:3:4:4:3:4:4:4:2:,recombination,4471.946303764805,4:3:4:4:4:2:2:4:4,2:3:4:4:4:4:4:4:1
4:4:4:4:4:0:0:1:4:,clone,3466.4312415824234,4:4:4:4:4:0:0:1:4
1:2:4:4:4:4:4:4:1:,recombination,4226.008310436588,3:3:4:4:4:1:3:4:3,1:2:4:3:0:4:4:4:0
2:3:4:4:4:3:3:4:2:,clone,3807.6611426840573,2:3:4:4:4:3:3:4:2
2:3:4:4:3:3:4:4:1:,clone,4099.544276088109,1:3:4:4:4:3:4:4:1
1:3:4:4:4:3:4:4:1:,clone,4085.9559554294515,1:3:4:4:4:3:4:4:1
2:3:4:4:4:3:4:4:2:,recombination,4053.376986881407,2:2:4:4:3:4:4:4:1,2:2:4:4:4:2:3:4:2,MUTATE
2:3:4:4:3:4:4:4:1:,clone,4473.902612211065,1:2:4:4:2:4:4:4:1
2:3:4:4:3:4:4:4:1:,recombination,4324.524448678361,4:4:4:4:4:2:3:4:4,2:3:4:4:4:3:4:4:2
3:3:4:4:4:3:2:4:3:,recombination,4235.305735352776,4:4:4:4:4:3:2:3:4,0:2:4:2:0:4:4:4:0
2:2:4:4:1:4:4:4:1:,clone,4895.251782104618,1:2:4:4:1:4:4:4:1
4:3:4:4:4:4:3:4:3:,recombination,4861.855325829,4:4:4:4:4:2:3:4:4,4:4:4:4:4:4:3:4:4,MUTATE
2:3:4:4:2:4:4:4:1:,recombination,4689.788995195107,1:2:4:4:4:4:4:4:1,2:3:4:4:3:4:4:4:1
2:3:4:4:4:3:4:4:2:,clone,4021.1062389230606,2:2:4:4:4:3:3:4:2
2:2:4:4:4:4:4:4:1:,recombination,4318.458339020112,3:3:4:4:4:3:4:4:2,4:3:4:4:4:2:3:4:4,MUTATE
2:3:4:4:4:4:4:4:1:,clone,4481.025330810932,2:3:4:4:4:4:4:4:1
4:3:4:4:4:2:2:3:4:,clone,3939.6663876999373,3:3:4:4:4:2:2:4:3
2:3:4:4:4:4:4:4:1:,recombination,4321.583478925836,2:2:4:4:4:3:3:4:2,2:3:4:4:3:3:4:4:2,MUTATE
2:3:4:4:3:4:4:4:2:,recombination,4573.012845582695,1:2:4:4:3:4:4:4:1,4:4:4:4:4:2:1:4:4,MUTATE
2:2:4:4:1:4:4:4:1:,recombination,4880.174886781069,2:2:4:4:4:3:4:4:2,3:3:4:4:4:1:2:3:3,MUTATE
1:2:4:4:1:4:4:4:1:,clone,4510.118789405603,1:2:4:4:1:4:4:4:1
1:2:4:3:1:4:4:4:1:,clone,4465.747791482122,1:2:4:3:1:4:4:4:0
1:2:4:3:1:4:4:4:0:,clone,4109.666226128109,1:2:4:3:1:4:4:4:0
0:2:4:2:0:4:4:4:0:,recombination,4547.428565423612,2:3:4:4:3:4:4:4:1,2:3:4:4:3:3:4:4:1
1:2:4:3:1:4:4:4:0:,clone,4106.442926411533,1:2:4:3:1:4:4:4:0
2:2:4:4:3:4:4:4:1:,recombination,4147.952380979928,3:3:4:4:3:4:4:4:2,2:2:4:4:4:4:4:4:1
1:2:4:4:1:4:4:4:0:,recombination,4491.836804936549,2:3:4:4:4:3:3:4:2,4:4:4:4:4:3:2:4:4,MUTATE
1:2:4:4:2:4:4:4:1:,clone,4330.713257913191,1:2:4:4:2:4:4:4:1
1:2:4:4:2:4:4:4:1:,recombination,4321.583478925836,4:4:4:4:4:0:0:0:4,2:3:4:4:4:4:4:4:1
1:2:4:3:2:4:4:4:0:,clone,4202.662898354859,1:2:4:3:1:4:4:4:0
2:2:4:4:4:4:3:4:2:,recombination,4379.218964956405,2:2:4:4:4:4:4:4:1,4:4:4:4:4:4:3:4:4
2:3:4:4:3:4:4:4:2:,recombination,4333.38221424723,2:3:4:4:3:4:4:4:2,2:3:4:4:4:4:3:4:2
1:2:4:2:0:4:4:4:0:,clone,4656.605166974821,1:2:4:2:0:4:4:4:0
1:1:4:2:0:4:4:4:0:,clone,4842.644095744654,1:2:4:2:0:4:4:4:0
2:2:4:4:1:4:4:4:1:,recombination,4839.1737809360675,0:2:4:2:0:4:4:4:0,4:4:4:4:4:0:0:1:4
2:2:4:4:1:4:4:4:1:,clone,4770.838104926638,1:2:4:4:1:4:4:4:1
2:3:4:4:2:3:4:4:1:,recombination,4785.388752032191,3:3:4:4:4:3:3:4:3,3:3:4:4:3:4:4:4:2
1:1:4:2:0:4:4:4:0:,recombination,4728.353682788282,2:2:4:4:2:4:4:4:1,2:2:4:4:1:4:4:4:1,MUTATE
1:1:4:2:0:4:4:4:0:,clone,4515.838029194393,1:1:4:2:0:4:4:4:0
4:4:4:4:4:0:0:2:4:,clone,4028.8399227703403,4:4:4:4:4:0:0:1:4
3:3:4:4:4:4:4:4:3:,recombination,4702.967240520031,1:2:4:3:0:4:4:4:0,4:4:4:4:4:1:2:3:4,MUTATE
3:3:4:4:4:4:3:4:3:,clone,4648.928775648561,3:3:4:4:4:3:3:4:3
2:2:4:3:1:4:4:4:1:,recombination,4626.180656395755,4:4:4:4:4:0:0:1:4,4:4:4:4:4:2:3:4:4,MUTATE
2:3:4:4:2:4:4:4:1:,clone,4456.409348529032,2:3:4:4:2:4:4:4:1
1:2:4:3:1:4:4:4:1:,clone,4440.197128634439,2:2:4:4:2:4:4:4:1
2:2:4:4:4:4:3:4:1:,recombination,4284.982107567101,4:4:4:4:4:2:2:2:4,4:4:4:4:4:2:1:3:4,MUTATE
4:3:4:4:4:2:2:3:4:,clone,3937.1808576633666,4:3:4:4:4:2:2:3:4
0:1:4:2:0:4:4:4:0:,clone,4754.468516018778,1:2:4:2:0:4:4:4:0
1:2:4:4:2:4:4:4:1:,recombination,4305.6577950721785,2:2:4:4:2:4:4:4:1,1:2:4:4:1:4:4:4:1,MUTATE
1:2:4:3:1:4:4:4:1:,recombination,4415.358030560818,1:2:4:3:1:4:4:4:1,2:3:4:4:3:3:4:4:1,MUTATE
1:2:4:4:4:3:4:4:1:,clone,3941.4708923474477,2:2:4:4:4:3:3:4:2
1:2:4:4:2:4:4:4:1:,clone,4280.960902981366,1:2:4:4:2:4:4:4:1
2:2:4:4:4:3:3:4:1:,clone,4352.754431935802,2:2:4:4:3:4:4:4:1
1:2:4:4:3:3:4:4:1:,clone,4294.547571356024,1:2:4:4:3:3:4:4:1
1:2:4:4:4:3:4:4:1:,recombination,3834.1801429728803,2:3:4:4:4:3:4:4:2,2:3:4:4:4:3:3:4:2
1:2:4:4:2:3:4:4:1:,recombination,4768.933395175045,3:3:4:4:4:1:2:4:3,2:2:4:4:3:4:4:4:2
1:2:4:4:2:3:4:4:1:,clone,4309.144530122085,1:2:4:4:2:3:4:4:1
1:2:4:4:3:3:4:4:1:,recombination,4280.984863667598,4:3:4:4:4:3:3:4:3,4:4:4:4:4:1:1:3:4
4:4:4:4:4:4:3:4:4:,clone,4968.757214101044,4:3:4:4:4:3:3:4:4
1:2:4:4:1:4:4:4:1:,recombination,4472.185294365027,2:2:4:4:4:4:4:4:1,3:2:4:4:4:3:3:4:2
0:1:4:2:0:4:4:4:0:,recombination,4588.7134724570615,3:3:4:4:4:3:3:4:3,4:4:4:4:4:2:2:2:4,MUTATE
1:3:4:4:2:4:4:4:1:,clone,4600.620832595942,1:3:4:4:2:4:4:4:1
2:2:4:4:1:4:4:4:1:,clone,4676.164453458082,2:2:4:4:1:4:4:4:1
2:2:4:3:0:4:4:4:1:,clone,4747.94894204422,1:2:4:3:0:4:4:4:1
1:2:4:3:0:4:4:4:1:,recombination,4804.666713391341,3:3:4:4:4:4:3:4:3,2:2:4:4:1:4:4:4:1
4:3:4:4:4:4:3:4:3:,clone,4742.342576286824,4:3:4:4:4:4:3:4:3
0:2:4:2:0:4:4:4:0:,recombination,4447.312545555271,2:2:4:4:4:4:4:4:1,4:3:4:4:4:2:3:4:4,MUTATE
0:2:4:2:0:4:4:4:0:,clone,4317.325094464949,0:2:4:2:0:4:4:4:0
1:2:4:2:0:4:4:4:0:,recombination,4626.683148638657,2:2:4:4:3:3:4:4:1,4:4:4:4:4:1:1:1:4,MUTATE
2:2:4:4:1:4:4:4:1:,recombination,4656.788380586087,4:4:4:4:4:2:3:4:4,2:3:4:4:4:4:4:4:1
1:2:4:2:0:4:4:4:0:,recombination,4547.40115449932,2:3:4:4:3:3:4:4:2,3:3:4:4:4:2:3:4:3,MUTATE
3:3:4:4:4:3:2:4:3:,clone,4086.6247382317833,3:3:4:4:4:3:2:4:3
1:2:4:4:3:4:4:4:1:,recombination,4140.367255474692,0:2:4:2:0:4:4:4:0,2:3:4:4:4:3:4:4:2
2:2:4:4:3:3:4:4:1:,recombination,4165.9534425705615,1:2:4:4:4:3:4:4:1,4:4:4:4:4:0:1:1:4
1:2:4:2:0:4:4:4:0:,clone,4537.942769331769,1:2:4:2:0:4:4:4:0
2:2:4:4:4:3:4:4:1:,clone,3961.19067864321,2:2:4:4:4:3:4:4:1
1:2:4:2:0:4:4:4:0:,recombination,4523.013755445784,4:3:4:4:4:3:4:4:3,1:2:4:2:0:4:4:4:0
0:2:4:2:0:4:4:4:0:,clone,4308.810864018717,0:2:4:2:0:4:4:4:0
0:1:4:2:0:4:4:4:0:,clone,4507.6131313177675,0:1:4:2:0:4:4:4:0
1:2:4:2:0:4:4:4:0:,clone,4365.891047677942,1:2:4:2:0:4:4:4:0
2:2:4:4:3:3:4:4:1:,clone,4091.7677128406076,2:2:4:4:4:3:4:4:1
1:1:4:3:0:4:4:4:0:,recombination,5383.889919947965,4:4:4:4:4:2:2:4:4,2:2:4:4:4:4:3:4:2
1:2:4:3:0:4:4:4:1:,recombination,4707.011259684663,3:3:4:4:4:4:3:4:3,3:3:4:4:4:2:3:4:3,MUTATE
1:2:4:4:2:4:4:4:0:,recombination,4045.7759793925943,1:2:4:4:3:4:4:4:1,4:4:4:4:4:0:1:2:4
1:2:4:2:0:4:4:4:0:,clone,4362.313138773424,1:2:4:2:0:4:4:4:0
1:2:4:3:1:4:4:4:1:,recombination,4385.26396480703,4:4:4:4:4:2:3:4:4,1:2:4:3:1:4:4:4:1,MUTATE
4:3:4:4:4:4:3:4:3:,clone,4721.915586336601,4:3:4:4:4:4:3:4:3
2:2:4:3:1:4:4:4:1:,clone,4613.012571247915,2:2:4:3:1:4:4:4:1
2:2:4:3:1:4:4:4:1:,clone,4527.945743250592,2:2:4:3:1:4:4:4:1
1:2:4:3:0:4:4:4:1:,clone,4614.984762100448,1:2:4:3:0:4:4:4:1
1:2:4:3:1:3:4:4:0:,recombination,4153.287682885323,1:2:4:4:2:4:4:4:1,3:4:4:4:4:1:2:3:3
2:2:4:3:1:4:4:4:1:,recombination,4379.40966106088,3:3:4:4:4:4:3:4:3,2:3:4:4:4:3:4:4:2
3:3:4:4:3:4:4:4:2:,recombination,4447.082478528694,4:4:4:4:4:1:3:4:4,3:3:4:4:4:3:4:4:2
1:2:4:3:1:4:4:4:0:,recombination,4089.3489512221336,4:4:4:4:4:3:2:4:4,4:4:4:4:4:0:1:3:4
2:3:4:3:1:4:4:4:1:,clone,4413.297112145906,2:3:4:3:1:4:4:4:1
3:4:4:4:4:4:4:4:3:,recombination,4981.583871224109,4:4:4:4:4:3:3:3:4,1:2:4:3:0:4:4:4:0,MUTATE
0:2:4:2:0:4:4:4:0:,clone,4257.596690191684,0:2:4:2:0:4:4:4:0
1:2:4:3:1:4:4:4:1:,clone,4328.522269569734,1:2:4:3:1:4:4:4:1
2:2:4:3:1:4:4:4:1:,clone,4256.1744043780645,1:2:4:3:1:4:4:4:1
1:2:4:3:1:4:4:4:1:,recombination,4285.411861939801,3:3:4:4:4:3:3:4:3,2:2:4:3:1:4:4:4:1
1:2:4:3:0:4:4:4:0:,recombination,4322.127637363314,4:4:4:4:4:3:2:4:4,2:3:4:4:2:3:4:4:1
1:2:4:3:0:4:4:4:1:,recombination,4538.0723258899625,4:4:4:4:4:0:1:2:4,2:2:4:4:4:4:4:4:1
1:2:4:2:0:4:4:4:0:,clone,4332.776264325745,0:2:4:2:0:4:4:4:0
1:2:4:4:4:4:4:4:0:,clone,4877.809308233535,1:2:4:4:2:4:4:4:0
3:2:4:4:4:3:4:4:2:,clone,4905.545081697204,3:2:4:4:4:3:4:4:2
1:2:4:3:0:4:4:4:0:,recombination,4052.0973436139525,1:2:4:3:1:4:4:4:0,3:3:4:4:4:2:2:4:3,MUTATE
2:3:4:3:1:4:4:4:1:,clone,4279.161027261774,2:3:4:3:1:4:4:4:1
1:2:4:4:1:4:4:4:1:,recombination,4466.827248002727,2:3:4:4:4:2:3:4:2,2:3:4:4:4:4:4:4:2,MUTATE
2:2:4:4:2:3:4:4:1:,recombination,4693.472351067236,4:4:4:4:4:2:1:2:4,3:3:4:4:4:3:4:4:2,MUTATE
0:1:4:2:0:4:4:4:0:,clone,4481.664754387448,0:1:4:2:0:4:4:4:0
2:2:4:4:3:3:4:4:2:,recombination,4381.563356782187,4:4:4:4:4:0:1:2:4,4:3:4:4:4:3:3:4:4
1:2:4:4:1:4:4:4:1:,recombination,4452.89578212172,3:3:4:4:4:3:3:4:2,1:2:4:4:1:4:4:4:1,MUTATE
2:3:4:4:4:3:3:4:1:,recombination,4729.336456004617,4:4:4:4:4:1:2:3:4,3:4:4:4:4:2:2:3:3
2:2:4:4:2:3:4:4:1:,clone,4579.172353454345,2:2:4:4:2:3:4:4:1
2:2:4:4:3:3:4:4:2:,recombination,4374.737134804377,2:3:4:4:4:3:3:3:2,2:2:4:4:4:3:4:4:2
3:3:4:4:3:3:4:4:2:,recombination,4738.581633359614,1:2:4:3:0:4:4:4:1,1:2:4:4:4:3:3:4:1
1:2:4:4:2:3:4:4:0:,recombination,4284.093930376299,2:2:4:4:3:3:4:4:1,3:3:4:4:4:0:0:1:4
2:3:4:4:4:3:3:4:1:,clone,4684.118414298164,2:3:4:4:4:3:3:4:1
0:1:4:2:0:4:4:4:0:,recombination,4427.74284250407,3:3:4:4:4:2:3:4:3,3:3:4:4:4:1:2:3:3,MUTATE
2:3:4:4:2:3:4:4:1:,recombination,4694.445582346405,4:4:4:4:4:2:1:2:4,4:4:4:4:4:1:2:3:4
2:2:4:4:2:3:4:4:1:,recombination,4579.171341860869,4:4:4:4:4:2:1:2:4,3:3:4:4:4:4:3:4:3,MUTATE
3:4:4:4:4:4:3:4:3:,recombination,4948.526242423643,4:4:4:4:4:3:3:3:4,3:3:4:4:4:3:3:3:3
2:2:4:4:4:3:3:4:1:,recombination,4223.1004008559485,1:2:4:4:2:4:4:4:1,4:3:4:4:4:2:2:3:4,MUTATE
1:2:4:4:2:3:4:4:0:,clone,4137.586633251374,1:2:4:4:2:3:4:4:0
2:2:4:4:2:4:4:4:1:,clone,4366.947303308399,2:2:4:4:2:4:4:4:1
2:2:4:4:2:4:4:4:1:,clone,4326.008416081296,2:2:4:4:2:4:4:4:1
2:3:4:4:2:3:4:4:1:,clone,4694.445582346404,2:3:4:4:2:3:4:4:1
3:3:4:4:3:3:4:4:2:,clone,4586.338539985634,3:3:4:4:3:3:4:4:2
2:2:4:4:3:3:4:4:2:,recombination,4269.625448211746,2:2:4:4:2:4:4:4:1,2:2:4:4:4:4:4:4:1
3:3:4:4:3:3:4:4:2:,recombination,4532.049095552922,3:3:4:4:3:3:4:4:2,4:4:4:4:4:1:2:2:4
3:4:4:4:4:4:3:4:3:,clone,4940.698613294638,3:4:4:4:4:4:3:4:3
1:2:4:4:1:4:4:4:1:,recombination,4398.069003115954,2:2:4:4:2:4:4:4:1,4:3:4:4:4:2:3:4:4
3:4:4:4:4:4:3:4:3:,clone,4834.633603339275,3:4:4:4:4:4:3:4:3
4:4:4:4:4:1:0:2:4:,clone,4706.289330792373,4:4:4:4:4:1:0:2:4
1:2:4:4:3:3:4:4:0:,recombination,4160.696787939676,1:2:4:4:2:3:4:4:0,1:2:4:4:2:4:4:4:0
2:3:4:4:2:4:4:4:2:,clone,4758.365982914574,2:3:4:4:3:4:4:4:2
2:3:4:4:4:3:3:4:1:,recombination,4621.663320483168,2:3:4:4:4:3:3:4:1,1:2:4:3:0:4:4:4:0
4:4:4:4:4:1:1:4:4:,recombination,3894.5209475728084,1:2:4:2:0:4:4:4:0,4:3:4:4:4:2:3:4:3,MUTATE
2:2:4:4:4:3:4:4:2:,clone,4177.614897067387,2:2:4:4:4:3:4:4:2
1:2:4:4:3:3:4:4:1:,clone,4235.838710266546,1:2:4:4:2:4:4:4:0
2:2:4:4:4:3:4:4:2:,clone,4149.160847135168,2:2:4:4:4:3:4:4:2
1:2:4:4:2:4:4:4:1:,clone,4261.254349555402,1:2:4:4:2:4:4:4:1
2:3:4:4:4:4:4:4:2:,recombination,4278.082200868624,2:2:4:4:3:3:4:4:2,4:3:4:4:4:1:2:4:4
1:2:4:4:2:4:4:4:1:,recombination,4173.238290050301,1:2:4:4:1:4:4:4:1,4:4:4:4:4:4:3:4:4,MUTATE
1:2:4:4:3:4:4:4:1:,clone,4133.629734686058,1:2:4:4:2:4:4:4:1
2:2:4:4:4:3:4:4:1:,recombination,3951.8149954461996,2:3:4:4:4:2:3:4:2,1:2:4:3:0:4:4:4:0,MUTATE
1:2:4:4:3:4:4:4:1:,recombination,4097.521580853325,4:4:4:4:4:1:1:4:4,3:3:4:4:4:3:3:4:2
3:3:4:4:4:3:4:4:2:,recombination,3968.387382677664,1:3:4:4:4:3:4:4:1,2:2:4:4:4:3:4:4:1,MUTATE
1:2:4:3:1:4:4:4:1:,clone,4244.708502713622,1:2:4:4:1:4:4:4:1
1:2:4:3:1:4:4:4:1:,clone,4237.391675825693,1:2:4:3:1:4:4:4:1
1:2:4:4:1:4:4:4:1:,clone,4374.711165457569,1:2:4:4:1:4:4:4:1
1:2:4:4:2:3:4:4:1:,recombination,3967.169615072469,1:2:4:3:0:4:4:4:0,1:2:4:3:1:4:4:4:0,MUTATE
2:3:4:4:4:3:3:4:1:,recombination,4416.034698671437,2:2:4:4:4:2:3:4:2,2:3:4:4:4:2:2:3:2,MUTATE
1:1:4:2:0:4:4:4:0:,clone,4461.91604701526,1:1:4:2:0:4:4:4:0
2:3:4:4:2:3:4:4:1:,recombination,4449.572095026017,1:2:4:2:0:4:4:4:0,3:4:4:4:4:2:3:3:3
2:3:4:4:4:3:3:4:1:,recombination,4409.4141110576875,2:3:4:4:4:3:3:4:1,1:2:4:3:1:4:4:4:1
2:2:4:4:1:4:4:4:1:,clone,4616.852821195403,1:2:4:4:1:4:4:4:1
2:2:4:4:1:4:4:4:1:,clone,4492.743375372878,2:2:4:4:1:4:4:4:1
2:3:4:4:4:3:3:4:1:,clone,4395.190470065506,2:3:4:4:4:3:3:4:1
1:2:4:4:4:4:3:4:1:,recombination,4527.896227235571,2:3:4:4:4:3:3:4:1,3:3:4:4:4:3:3:4:3,MUTATE
1:2:4:3:1:4:4:4:0:,clone,4083.3054660106086,1:2:4:3:1:4:4:4:0
1:1:4:2:0:4:4:4:0:,clone,4453.0671136246965,0:1:4:2:0:4:4:4:0
2:2:4:4:3:4:4:4:1:,recombination,4081.3230247238535,3:3:4:4:4:2:3:4:3,4:4:4:4:4:0:1:2:4,MUTATE
0:1:4:2:0:4:4:4:0:,recombination,4321.528494011629,1:2:4:4:4:4:4:4:1,3:3:4:4:4:2:3:4:3
2:2:4:4:4:2:4:4:2:,recombination,4502.795175873468,1:2:4:4:4:4:4:4:1,2:3:4:4:4:2:3:3:2,MUTATE
2:3:4:4:4:3:3:4:1:,recombination,4393.5402893253995,2:3:4:4:4:3:3:4:1,4:3:4:4:4:2:2:4:4,MUTATE
2:3:4:4:2:4:4:4:2:,clone,4685.010353218988,2:3:4:4:3:4:4:4:2
1:2:4:4:4:4:3:4:1:,recombination,4493.006883042535,2:3:4:4:4:3:3:4:1,4:3:4:4:4:1:2:2:4,MUTATE
2:3:4:4:4:4:3:4:1:,recombination,4646.8816949629345,2:3:4:4:4:2:2:3:2,4:4:4:4:4:1:1:2:4,MUTATE
2:3:4:4:4:4:3:4:1:,recombination,4548.513195044221,2:3:4:4:3:4:4:4:2,2:3:4:4:4:3:3:4:1
2:3:4:4:4:3:3:4:1:,recombination,4195.952153122765,2:3:4:4:4:3:3:4:1,1:2:4:4:4:4:4:4:1,MUTATE
2:2:4:4:4:3:3:4:1:,recombination,3889.4536385057627,2:3:4:4:3:3:4:4:2,4:3:4:4:4:0:1:2:4,MUTATE
1:3:4:4:1:4:4:4:1:,clone,5014.996601234505,1:3:4:4:1:4:4:4:1
1:2:4:3:0:4:4:4:1:,recombination,4520.727694736653,3:3:4:4:4:3:4:4:2,2:3:4:4:4:3:4:4:2
0:2:4:2:0:4:4:4:0:,recombination,4082.491352864078,2:2:4:4:4:4:4:4:1,3:3:4:4:4:4:4:4:3,MUTATE
4:3:4:4:4:3:2:4:3:,recombination,4632.3455698300095,4:3:4:4:4:2:2:4:4,4:4:3:4:4:1:1:3:4
2:3:4:4:2:4:4:4:1:,recombination,4440.711661774183,4:3:4:4:4:2:2:4:4,3:3:4:4:4:3:4:4:3,MUTATE
1:3:4:4:3:4:4:4:1:,clone,4789.829731866943,1:2:4:4:3:4:4:4:1
1:1:4:2:0:4:4:4:0:,clone,4356.399712063822,1:1:4:2:0:4:4:4:0
1:3:4:3:0:4:4:4:1:,recombination,4946.165329708959,1:2:4:4:4:3:3:4:1,3:4:4:4:4:4:3:4:3
0:1:4:2:0:4:4:4:0:,recombination,4306.169611938777,1:2:4:4:1:4:4:4:0,4:4:4:4:4:0:1:3:4
1:2:4:2:0:4:4:4:0:,recombination,4332.275019035099,4:3:4:4:4:3:4:4:3,0:2:4:2:0:4:4:4:0,MUTATE
3:2:4:4:4:4:3:4:2:,clone,4612.762878083891,3:3:4:4:4:4:3:4:2
1:2:4:3:0:4:4:4:1:,recombination,4499.887898117327,4:4:4:4:4:3:3:4:4,2:3:4:4:4:3:3:4:1
1:2:4:4:1:4:4:4:0:,recombination,4447.484214599559,4:3:4:4:4:3:3:4:4,4:4:4:4:4:0:0:1:4
1:2:4:4:3:3:4:4:1:,recombination,4126.548980190737,3:3:4:4:4:2:3:4:3,4:4:4:4:4:2:1:3:4
1:2:4:4:3:3:4:4:1:,clone,4120.7198598837385,1:2:4:4:3:3:4:4:1
1:2:4:3:0:4:4:4:1:,clone,4455.39106649363,1:2:4:3:0:4:4:4:1
1:2:4:3:0:4:4:4:1:,clone,4440.630531407056,1:2:4:3:0:4:4:4:1
1:2:4:3:1:4:4:4:0:,recombination,4020.783536635434,3:3:4:4:4:1:2:2:3,4:4:4:4:4:2:3:3:4,MUTATE
4:4:4:4:4:2:3:4:3:,recombination,4467.718904932222,1:1:4:2:0:4:4:4:0,3:3:4:4:4:3:3:4:3,MUTATE
2:3:4:4:1:4:4:4:1:,recombination,5142.32523992335,1:2:4:3:0:4:4:4:1,3:4:4:4:4:3:3:4:3
2:2:4:3:0:4:4:4:1:,recombination,4646.0193029029215,1:2:4:3:0:4:4:4:1,2:3:4:4:4:3:4:4:2
1:1:4:2:0:4:4:4:0:,clone,4339.973319378029,1:1:4:2:0:4:4:4:0
0:1:4:2:0:4:4:4:0:,clone,4199.046977111157,0:1:4:2:0:4:4:4:0
1:2:4:2:0:4:4:4:0:,clone,4269.205166730706,0:2:4:2:0:4:4:4:0
1:1:4:2:0:4:4:4:0:,clone,4322.081714006847,1:1:4:2:0:4:4:4:0
1:2:4:4:2:4:4:4:1:,clone,4163.752654131771,1:2:4:4:2:4:4:4:1
2:2:4:3:0:4:4:4:1:,recombination,4621.623506254584,4:4:4:4:4:2:2:4:4,4:4:4:4:4:0:0:2:4,MUTATE
2:2:4:4:4:4:4:4:1:,clone,4179.86722731039,2:2:4:4:3:4:4:4:1
2:2:4:4:4:3:3:4:2:,recombination,3866.973634048867,3:3:4:4:4:1:2:2:3,4:3:4:4:4:1:2:2:4,MUTATE
1:2:4:4:2:4:4:4:1:,clone,4135.203677891776,1:2:4:4:2:4:4:4:1
2:2:4:4:3:3:4:4:1:,recombination,3981.2813125209796,4:3:4:4:4:1:2:3:4,3:3:4:4:4:3:3:4:3
2:2:4:4:4:3:4:4:2:,clone,4109.430105020014,2:2:4:4:4:3:3:4:2
1:2:4:3:1:4:4:4:1:,clone,4158.132747542497,1:2:4:3:1:4:4:4:1
1:2:4:3:1:4:4:4:1:,clone,4148.798899164117,1:2:4:3:1:4:4:4:1
1:2:4:3:1:4:4:4:1:,recombination,4038.745737790195,0:2:4:2:0:4:4:4:0,2:3:4:4:4:3:3:4:1
1:2:4:3:1:4:4:4:1:,clone,4026.8917204667327,1:2:4:3:1:4:4:4:1
2:3:4:4:3:3:4:4:2:,clone,4269.463979110869,2:3:4:4:3:3:4:4:2
1:2:4:2:0:4:4:4:0:,recombination,4026.8917204667327,1:2:4:3:1:4:4:4:1,4:4:4:4:4:1:1:4:4,MUTATE
1:2:4:3:1:4:4:4:0:,clone,3939.645011457905,1:2:4:3:1:4:4:4:0
4:4:4:4:4:1:0:2:4:,clone,4559.670067925604,4:4:4:4:4:1:0:2:4
4:4:4:4:4:1:0:2:4:,clone,4501.584275900499,4:4:4:4:4:1:0:2:4
4:4:4:4:4:3:2:4:4:,clone,4373.7061044518605,4:4:4:4:4:3:2:4:4
4:3:4:4:4:3:4:4:3:,clone,4884.275675571743,4:3:4:4:4:3:4:4:3
3:3:4:4:4:4:4:4:3:,clone,4541.3218555407775,3:3:4:4:4:4:4:4:3
3:3:4:4:4:4:3:4:3:,clone,4352.472532372932,3:3:4:4:4:4:3:4:3
3:3:4:4:4:4:3:4:3:,clone,4349.249232656357,3:3:4:4:4:4:3:4:3
3:3:4:4:4:4:3:4:3:,recombination,4334.175199882662,1:2:4:4:3:3:4:4:1,1:2:4:3:0:4:4:4:1,MUTATE
3:3:4:4:4:4:4:4:2:,recombination,4416.683123450284,3:3:4:4:4:4:3:4:3,2:3:4:4:2:4:4:4:1,MUTATE
2:2:4:4:3:4:4:4:2:,clone,4429.810912095149,2:3:4:4:3:4:4:4:2
2:2:4:4:3:4:4:4:2:,recombination,4361.828888076963,4:4:4:4:4:0:1:1:4,1:2:4:3:0:4:4:4:0
4:4:3:4:4:0:0:0:4:,clone,4532.825629172411,4:4:4:4:4:0:0:0:4
2:2:4:4:4:4:3:4:2:,recombination,4276.517107904337,2:2:4:4:3:3:4:4:2,3:3:4:4:4:1:3:3:3,MUTATE
3:2:4:4:4:3:4:4:2:,clone,4653.306392576602,3:2:4:4:4:3:4:4:2
4:4:4:4:4:1:0:2:4:,clone,4422.821986563025,4:4:4:4:4:1:0:1:4
2:2:4:4:4:4:3:4:1:,recombination,4183.308351396622,2:3:4:4:2:4:4:4:1,4:4:4:4:4:0:1:2:4
1:1:4:3:0:4:4:4:0:,recombination,5017.747690248718,4:4:4:4:4:1:2:4:4,1:1:4:2:0:4:4:4:0,MUTATE
1:1:4:3:1:4:4:4:0:,recombination,5152.656202573834,3:3:4:4:4:3:3:4:3,2:2:4:4:4:4:3:4:2
2:3:4:4:4:3:3:4:2:,clone,3546.1997219882924,3:3:4:4:4:3:3:4:3
2:3:4:4:4:3:4:4:1:,recombination,3940.570431713215,4:4:4:4:4:0:0:2:4,1:2:4:3:1:4:4:4:0,MUTATE
4:4:4:4:4:1:0:1:4:,clone,4026.5001802741554,4:4:4:4:4:1:1:1:4
1:2:4:4:2:4:4:4:1:,recombination,4061.0719020282586,0:2:4:2:0:4:4:4:0,1:2:4:4:1:4:4:4:1,MUTATE
1:2:4:3:1:4:4:4:0:,clone,3883.2360880364818,1:2:4:4:2:4:4:4:1
1:2:4:4:2:4:4:4:1:,clone,4021.5636681093747,1:2:4:4:2:4:4:4:1
1:3:4:4:2:4:4:4:1:,recombination,4454.3163543802775,0:2:4:2:0:4:4:4:0,2:2:4:4:1:4:4:4:1,MUTATE
2:2:4:4:3:3:4:4:1:,recombination,3798.4670755445823,1:3:4:4:2:4:4:4:1,1:2:4:2:0:4:4:4:0,MUTATE
4:3:4:4:4:3:4:4:3:,recombination,4800.556370074605,2:2:4:4:4:3:4:4:1,3:3:4:4:4:1:2:3:3,MUTATE
4:3:4:4:4:4:3:4:3:,clone,4694.291149757231,4:3:4:4:4:3:3:4:4
2:3:4:4:1:4:4:4:1:,recombination,4556.1869968047995,4:3:4:4:4:3:4:4:3,1:2:4:4:4:4:4:4:1
2:2:4:4:2:4:4:4:2:,recombination,4739.7337235931955,2:2:4:4:4:3:4:4:1,3:3:4:4:4:4:3:4:2,MUTATE
2:2:4:4:2:4:4:4:1:,recombination,4320.806314940934,3:3:4:4:3:3:4:4:2,2:3:4:4:4:3:3:4:2,MUTATE
1:2:4:3:0:4:4:4:1:,clone,4440.580488290869,1:2:4:3:0:4:4:4:1
2:2:4:3:0:4:4:4:1:,clone,4515.118124426814,2:2:4:3:0:4:4:4:1
1:2:4:3:0:4:4:4:1:,clone,4417.702728881308,1:2:4:3:0:4:4:4:1
1:2:4:3:0:4:4:4:1:,recombination,4360.818651034046,2:2:4:4:3:4:4:4:1,3:3:4:4:4:4:4:4:2,MUTATE
0:2:4:2:0:4:4:4:0:,recombination,4075.3783819195596,4:4:4:4:4:1:1:3:4,1:2:4:4:2:4:4:4:1,MUTATE
1:1:4:2:0:4:4:4:0:,clone,4259.958656183009,1:1:4:2:0:4:4:4:0
1:2:4:3:0:4:4:4:1:,clone,4325.109041524217,1:2:4:3:0:4:4:4:1
0:2:4:2:0:4:4:4:0:,clone,3986.8694001732197,0:2:4:2:0:4:4:4:0
4:4:4:4:4:3:3:4:3:,recombination,4256.720054151367,4:4:4:4:4:1:2:4:4,1:2:4:3:0:4:4:4:0
3:2:4:4:4:3:4:4:2:,clone,4572.239987782249,3:2:4:4:4:3:4:4:2
1:2:4:4:1:4:4:4:1:,clone,4356.8467089552505,1:2:4:3:1:4:4:4:1
0:2:4:2:0:4:4:4:0:,recombination,3968.06647753142,1:2:4:3:1:4:4:4:0,1:2:4:4:2:4:4:4:1
1:2:4:4:1:4:4:4:1:,recombination,4355.092961912902,1:1:4:2:0:4:4:4:0,4:3:4:4:4:1:1:2:4
3:3:4:4:4:4:4:4:2:,recombination,4360.273154069793,0:1:4:2:0:4:4:4:0,3:3:4:4:4:4:3:4:3,MUTATE
1:2:4:4:1:4:4:4:1:,clone,4334.904057303604,1:2:4:4:1:4:4:4:1
0:1:4:2:0:4:4:4:0:,clone,4159.678182651514,0:2:4:2:0:4:4:4:0
1:1:4:2:0:4:4:4:0:,clone,4162.787379466396,1:1:4:2:0:4:4:4:0
0:1:4:2:0:4:4:4:0:,clone,4021.8933452907913,0:2:4:2:0:4:4:4:0
0:2:4:2:0:4:4:4:0:,clone,3927.7600079975496,0:2:4:2:0:4:4:4:0
1:1:4:4:2:4:4:4:0:,recombination,5246.766766066987,2:2:4:4:2:4:4:4:2,3:3:4:4:4:0:0:1:4
1:1:4:2:0:4:4:4:0:,recombination,4096.454149763463,1:2:4:3:0:4:4:4:1,2:2:4:3:0:4:4:4:1
4:3:4:4:4:3:3:4:4:,clone,4059.1150170995097,4:3:4:4:4:3:3:4:4
4:4:4:4:4:3:2:4:4:,clone,4190.918038217767,4:4:4:4:4:3:2:4:4
1:1:4:3:0:4:4:4:0:,clone,4781.079860657667,1:1:4:3:0:4:4:4:0
1:1:4:3:0:4:4:4:0:,clone,4769.7137150550525,1:1:4:3:0:4:4:4:0
4:4:4:4:4:0:0:3:4:,clone,4699.663261026139,4:4:4:4:4:0:0:2:4
1:1:4:3:1:4:4:4:0:,recombination,4866.6697314345,1:1:4:3:0:4:4:4:0,2:2:4:4:4:3:4:4:2,MUTATE
3:2:4:4:3:4:4:4:2:,clone,5208.962406367251,2:3:4:4:3:4:4:4:2
3:2:4:4:3:4:4:4:2:,recombination,5126.543984603573,0:1:4:2:0:4:4:4:0,4:4:4:4:4:1:0:2:4,MUTATE
1:1:4:3:1:4:4:4:0:,clone,4796.450411353433,1:1:4:3:1:4:4:4:0
2:2:4:4:4:3:4:4:2:,clone,4105.656106751007,2:2:4:4:4:3:4:4:2
1:1:4:3:1:4:4:4:0:,clone,4794.692311549501,1:1:4:3:1:4:4:4:0
2:3:4:4:4:4:4:4:1:,recombination,4262.101154386903,2:3:4:4:2:4:4:4:1,1:2:4:3:1:4:4:4:0,MUTATE
1:2:4:3:2:4:4:4:1:,recombination,4172.641215489577,2:2:4:4:4:3:4:4:2,3:3:4:4:4:1:2:3:3,MUTATE
1:1:4:4:2:4:4:4:0:,clone,5071.192373225458,1:2:4:4:2:4:4:4:0
2:3:4:4:4:4:4:4:2:,recombination,4223.391057248036,1:1:4:3:1:4:4:4:0,0:2:4:2:0:4:4:4:0,MUTATE
4:4:4:4:4:2:3:4:4:,recombination,4048.62241580752,3:3:4:4:4:4:3:4:3,1:2:4:4:3:4:4:4:1,MUTATE
2:2:4:4:3:4:4:4:2:,clone,4336.191687575195,2:3:4:4:4:4:4:4:2
1:2:4:4:4:4:4:4:0:,clone,4640.400046439205,1:2:4:4:3:4:4:4:1
2:3:4:4:3:4:4:4:1:,clone,4237.068156114092,2:3:4:4:3:4:4:4:1
2:3:4:4:3:4:4:4:1:,recombination,4199.9457082481,0:2:4:2:0:4:4:4:0,3:4:4:4:4:2:3:4:3
1:1:4:4:1:4:4:4:0:,clone,5149.388882507712,1:1:4:4:1:4:4:4:0
2:2:4:4:2:3:4:4:1:,recombination,4549.823051833175,4:4:4:4:4:1:1:4:4,2:2:4:4:2:3:4:4:1
2:3:4:4:3:4:4:4:1:,recombination,4083.334838970627,2:2:4:3:0:4:4:4:1,2:3:4:4:3:4:4:4:1,MUTATE
2:2:4:4:4:4:4:4:1:,clone,4114.232276217708,2:2:4:4:4:4:4:4:1
2:2:4:4:4:4:4:4:1:,clone,3797.5887917032614,3:3:4:4:4:4:4:4:2
1:1:4:4:1:4:4:4:0:,clone,5048.107540051369,1:2:4:4:1:4:4:4:0
2:2:4:4:3:4:4:4:1:,clone,3940.1154608610864,2:2:4:4:3:4:4:4:1
1:2:4:4:4:4:4:4:1:,clone,3894.765196315434,1:2:4:4:4:4:4:4:1
2:3:4:4:4:4:3:4:2:,clone,4080.6377927015496,2:3:4:4:4:4:3:4:2
2:3:4:4:4:4:3:4:2:,clone,4072.5031463728155,2:3:4:4:4:4:3:4:2
4:4:3:4:4:0:0:0:4:,clone,4450.72009277932,4:4:3:4:4:0:0:0:4
1:2:4:4:2:4:4:4:1:,clone,4016.4326069537656,1:2:4:4:2:4:4:4:1
1:2:4:4:2:4:4:4:1:,recombination,4007.4780987558224,0:1:4:2:0:4:4:4:0,2:2:4:4:3:4:4:4:1
2:2:4:3:0:4:4:4:1:,clone,4500.774995674994,2:2:4:3:0:4:4:4:1
2:3:4:4:3:4:4:4:2:,recombination,4271.404307813145,3:3:4:4:4:4:4:4:3,4:4:4:4:4:3:3:4:3
4:4:3:4:4:0:0:0:4:,clone,4231.324717780264,4:4:4:4:4:0:0:0:4
0:2:4:2:0:4:4:4:0:,recombination,3920.9164145947884,3:3:4:4:3:3:4:4:2,1:2:4:4:2:4:4:4:1
0:2:4:2:0:4:4:4:0:,clone,3896.4455713270186,0:2:4:2:0:4:4:4:0
4:4:3:4:4:0:0:0:4:,clone,4100.747683582867,4:4:3:4:4:0:0:0:4
4:4:4:4:4:1:0:2:4:,clone,4130.69683261832,4:4:4:4:4:1:1:2:4
1:2:4:2:0:4:4:4:0:,clone,3976.5724795979513,1:2:4:2:0:4:4:4:0
4:3:4:4:4:3:3:4:3:,recombination,4136.697230305243,1:2:4:3:0:4:4:4:1,1:2:4:3:0:4:4:4:0,MUTATE
4:3:4:4:4:2:3:4:3:,recombination,3922.3195506545735,0:2:4:2:0:4:4:4:0,4:3:4:4:4:1:2:2:4
4:3:4:4:4:2:2:4:3:,recombination,4432.952697727762,2:3:4:4:4:2:3:4:2,1:2:4:4:1:4:4:4:1,MUTATE
2:3:4:4:4:4:3:4:1:,recombination,4445.075632038614,2:2:4:4:3:4:4:4:1,2:2:4:4:4:3:3:4:2
3:3:4:4:4:4:4:4:2:,recombination,4317.622365413752,4:4:4:4:4:3:3:4:3,2:2:4:4:3:3:4:4:1,MUTATE
2:3:4:4:3:4:4:4:2:,clone,4225.601428265035,2:3:4:4:3:4:4:4:2
2:3:4:4:2:4:4:4:1:,clone,4355.147263787652,2:3:4:4:3:4:4:4:2
4:4:4:4:4:1:2:4:4:,clone,3792.244375749498,4:4:4:4:4:1:2:3:4
4:4:4:4:4:0:1:0:4:,recombination,4280.743365247401,2:2:4:3:1:4:4:4:1,2:2:4:3:0:4:4:4:1
4:4:4:4:4:0:0:0:4:,clone,3430.355185139872,4:4:4:4:4:0:0:0:4
2:3:4:4:2:4:4:4:1:,clone,4319.584305124882,2:3:4:4:2:4:4:4:1
3:2:4:4:4:4:4:4:2:,recombination,4564.380515810616,1:2:4:3:0:4:4:4:1,4:4:4:4:4:0:1:3:4
4:4:4:4:4:2:1:3:4:,clone,3774.8240292303244,4:4:4:4:4:2:1:3:4
4:3:4:4:4:3:3:4:4:,clone,3903.354719229325,4:3:4:4:4:3:3:4:4
4:3:4:4:4:3:2:4:4:,clone,4183.198958822537,4:3:4:4:4:2:2:4:4
4:3:4:4:4:2:3:4:4:,recombination,3846.4852534135243,4:4:4:4:4:0:0:0:4,2:2:4:4:4:3:3:4:2,MUTATE
4:4:4:4:4:3:2:4:4:,clone,4057.759025271252,4:4:4:4:4:3:2:4:4
3:3:4:4:4:4:3:4:3:,recombination,4328.738386764131,3:3:4:4:4:4:4:4:2,3:3:4:4:4:2:2:3:3,MUTATE
4:3:4:4:4:3:3:4:3:,recombination,4061.1904204288217,2:2:4:4:3:3:4:4:1,2:2:4:4:4:4:4:4:1
3:3:4:4:4:4:3:4:2:,recombination,4221.423553290188,2:3:4:4:3:4:4:4:2,4:3:4:4:4:3:3:4:4
4:3:4:4:4:3:2:4:4:,recombination,4147.579894200454,4:3:4:4:4:2:3:4:4,4:4:3:4:4:0:0:0:4,MUTATE
4:4:4:4:4:1:0:0:4:,recombination,4291.447447758349,1:2:4:3:1:4:4:4:1,1:2:4:2:0:4:4:4:0
2:3:4:4:3:3:4:4:2:,clone,4212.975302598481,2:3:4:4:3:3:4:4:2
1:2:4:4:4:4:4:4:0:,recombination,4583.443597800283,2:2:4:3:0:4:4:4:1,3:3:4:4:4:2:3:2:3,MUTATE
2:3:4:4:4:4:4:4:1:,recombination,4241.544819543813,2:2:4:4:3:3:4:4:1,4:4:3:4:4:0:0:0:4
1:2:4:2:0:4:4:4:0:,recombination,3953.1158586917363,4:4:4:4:4:1:2:3:4,1:1:4:2:0:4:4:4:0
0:1:4:2:0:4:4:4:0:,clone,3920.699670682287,0:1:4:2:0:4:4:4:0
1:2:4:4:3:4:4:4:1:,clone,4071.898972006893,1:2:4:4:3:4:4:4:1
1:2:4:4:3:4:4:4:1:,clone,4071.074902594366,1:2:4:4:3:4:4:4:1
2:3:4:4:2:4:4:4:2:,recombination,4557.354272030269,2:2:4:4:2:4:4:4:1,2:3:4:4:3:3:4:4:2,MUTATE
2:2:4:4:3:3:4:4:2:,clone,4133.052406174457,2:2:4:4:3:3:4:4:2
1:2:4:3:0:4:4:4:1:,clone,4256.0725842698885,1:2:4:3:0:4:4:4:1
2:3:4:4:4:4:3:4:1:,recombination,4252.727300455849,1:2:4:2:0:4:4:4:0,4:4:3:4:4:0:0:0:4,MUTATE
1:3:4:4:3:4:4:4:1:,clone,4703.863170749839,1:3:4:4:3:4:4:4:1
1:3:4:4:3:4:4:4:1:,recombination,4554.907371798939,3:3:4:4:4:4:3:4:3,4:3:4:4:4:3:2:4:4,MUTATE
1:2:4:4:2:4:4:4:0:,recombination,3919.343161855099,4:4:3:4:4:0:0:0:4,0:2:4:2:0:4:4:4:0
4:4:4:4:4:0:0:2:4:,clone,3891.9796125408775,4:4:4:4:4:0:0:2:4
4:4:4:4:4:2:1:4:4:,clone,4212.1225477681,4:4:4:4:4:2:1:4:4
2:3:4:4:2:4:4:4:2:,clone,4397.7171027573995,2:3:4:4:3:4:4:4:2
2:2:4:4:4:4:4:4:2:,clone,4265.710390735297,2:2:4:4:3:4:4:4:2
2:2:4:4:4:3:4:4:2:,recombination,4090.372423009071,4:3:4:4:4:1:2:3:4,1:2:4:4:2:4:4:4:1,MUTATE
1:1:4:2:0:4:4:4:0:,recombination,4025.006827270532,1:2:4:4:2:4:4:4:1,4:4:4:4:4:0:1:1:4
0:2:4:2:0:4:4:4:0:,clone,3880.9998048204675,0:2:4:2:0:4:4:4:0
4:4:4:4:4:2:3:4:4:,clone,4030.784223002129,4:4:4:4:4:2:3:4:4
2:3:4:4:4:3:4:4:2:,recombination,3953.5037354819888,1:2:4:4:3:4:4:4:1,2:3:4:4:3:4:4:4:1,MUTATE
1:2:4:4:2:4:4:4:1:,recombination,3909.930614560009,1:2:4:4:2:4:4:4:1,4:3:4:4:4:3:3:4:3
1:2:4:4:2:4:4:4:1:,clone,3813.0321323309495,1:2:4:4:2:4:4:4:1
1:2:4:4:1:4:4:4:1:,recombination,4319.8816748899035,1:2:4:2:0:4:4:4:0,1:2:4:2:0:4:4:4:0,MUTATE
1:2:4:4:4:4:4:4:0:,recombination,4536.390877846258,4:4:4:4:4:2:2:2:4,1:2:4:4:4:3:3:4:1,MUTATE
1:2:4:4:4:4:4:4:0:,clone,4523.908921378223,1:2:4:4:4:4:4:4:0
1:2:4:4:4:4:4:4:0:,recombination,4446.720254212176,4:4:4:4:4:2:2:3:4,1:2:4:4:4:4:4:4:0
1:1:4:2:0:4:4:4:0:,recombination,3991.0832055377305,4:4:4:4:4:1:1:2:4,1:2:4:4:1:4:4:4:1
4:4:4:4:4:2:3:4:4:,recombination,3938.491742093625,1:2:4:4:2:4:4:4:1,3:3:4:4:3:4:4:4:2,MUTATE
3:3:4:4:4:3:3:4:2:,recombination,3898.081642409713,1:2:4:3:2:4:4:4:0,0:1:4:2:0:4:4:4:0,MUTATE
4:3:4:4:4:4:3:4:3:,recombination,4684.961759905409,4:3:4:4:4:3:3:4:3,4:4:4:4:4:2:2:4:4
3:3:4:4:4:4:4:4:2:,clone,4284.625887494114,3:3:4:4:4:4:4:4:2
2:2:4:4:4:4:4:4:2:,clone,4236.998014930892,2:2:4:4:4:4:4:4:2
4:3:4:4:4:4:3:4:3:,recombination,4658.865023090313,1:2:4:3:0:4:4:4:1,2:2:4:4:3:3:4:4:1
3:2:4:4:2:4:4:4:2:,recombination,5218.925156358047,4:3:4:4:4:4:3:4:3,3:3:4:4:4:1:3:3:3
3:2:4:4:3:4:4:4:2:,recombination,4966.49933188877,2:2:4:4:3:4:4:4:1,1:1:4:2:0:4:4:4:0,MUTATE
1:1:4:2:0:4:4:4:0:,recombination,3976.0644033679064,2:2:4:4:4:4:4:4:1,4:3:4:4:4:3:3:4:4,MUTATE
2:2:4:4:1:4:4:4:1:,clone,4419.22276406857,2:2:4:4:1:4:4:4:1
2:2:4:4:2:4:4:4:2:,recombination,4604.472281071753,2:3:4:4:4:2:3:4:2,2:2:4:4:4:3:4:4:2
3:3:4:4:4:3:4:4:3:,recombination,4193.145554374169,3:3:4:4:4:3:4:4:2,2:2:4:3:0:4:4:4:1
2:2:4:4:2:4:4:4:1:,clone,4178.578846436789,2:2:4:4:2:4:4:4:1
2:2:4:4:2:4:4:4:1:,recombination,4103.261050088717,3:3:4:4:4:4:3:4:2,4:4:4:4:4:0:0:0:4,MUTATE
1:2:4:2:0:4:4:4:0:,clone,3939.4049729736516,1:2:4:3:0:4:4:4:0
2:3:4:4:3:4:4:4:2:,recombination,4075.402409027696,2:3:4:4:3:3:4:4:2,3:3:4:4:4:4:3:4:2,MUTATE
2:2:4:4:2:3:4:4:1:,recombination,4537.911138144402,3:3:4:4:4:2:3:3:3,4:3:4:4:4:1:2:3:4,MUTATE
2:2:4:3:0:4:4:4:1:,clone,4412.62855978726,2:2:4:3:0:4:4:4:1
4:4:3:4:4:1:0:2:4:,clone,4833.301358564873,4:4:4:4:4:1:0:2:4
2:2:4:4:2:4:4:4:2:,recombination,4297.350707669748,3:3:4:4:4:4:4:4:3,4:4:4:4:4:0:1:0:4
2:2:4:3:0:4:4:4:1:,clone,4407.2456302150695,2:2:4:3:0:4:4:4:1
2:2:4:3:0:4:4:4:1:,clone,4351.568557127202,2:2:4:3:0:4:4:4:1
2:2:4:3:0:4:4:4:1:,recombination,4278.665863286007,2:3:4:4:3:3:4:4:2,2:2:4:4:2:4:4:4:2,MUTATE
3:3:4:4:4:4:3:4:3:,recombination,4304.688951020647,4:4:4:4:4:1:1:3:4,2:2:4:3:0:4:4:4:1
2:2:4:4:1:4:4:4:1:,recombination,4412.680602552788,0:1:4:2:0:4:4:4:0,3:3:4:4:4:2:2:3:3
2:2:4:4:2:3:4:4:2:,recombination,4457.284172614789,2:2:4:4:1:4:4:4:1,2:3:4:4:4:3:3:4:1,MUTATE
2:2:4:4:1:4:4:4:1:,clone,4339.445405390763,2:2:4:4:1:4:4:4:1
1:2:4:4:1:4:4:4:0:,recombination,4429.583252703162,2:2:4:4:4:3:4:4:2,3:3:4:4:4:3:4:4:2
4:4:4:4:4:1:1:2:4:,clone,3265.5507737347907,4:4:4:4:4:0:1:1:4
4:4:4:4:4:0:1:1:4:,clone,3111.1615142423093,4:4:4:4:4:1:1:2:4
4:4:4:4:4:1:1:3:4:,recombination,3431.795954916731,4:4:4:4:4:3:2:4:4,3:3:4:4:4:4:4:4:3,MUTATE
4:4:4:4:4:1:2:4:4:,recombination,3710.167156178954,1:2:4:4:2:4:4:4:1,1:2:4:4:1:4:4:4:1
4:4:4:4:4:0:1:2:4:,clone,3257.4905691172735,4:4:4:4:4:0:1:2:4
1:2:4:4:1:4:4:4:0:,clone,4420.19753594087,1:2:4:4:1:4:4:4:0
2:3:4:4:4:4:4:4:2:,clone,4196.719123741944,2:2:4:4:4:4:4:4:1
2:2:4:4:2:3:4:4:1:,clone,4220.277846678375,2:2:4:4:2:3:4:4:1
4:4:4:4:4:1:0:1:4:,recombination,3887.3838264962715,4:4:4:4:4:2:1:4:4,1:2:4:2:0:4:4:4:0,MUTATE
4:4:3:4:4:0:0:1:4:,clone,4564.774524802471,4:4:4:4:4:0:0:1:4
1:2:4:2:0:4:4:4:0:,clone,3892.884808280823,1:2:4:2:0:4:4:4:0
1:2:4:2:0:4:4:4:0:,clone,3877.452214616917,1:2:4:2:0:4:4:4:0
0:2:4:2:0:4:4:4:0:,recombination,3868.057519722939,4:3:4:4:4:2:2:4:4,4:4:4:4:4:2:3:4:4,MUTATE
4:4:4:4:4:4:3:4:3:,recombination,4857.508482860053,2:3:4:4:3:3:4:4:2,3:3:4:4:4:4:4:4:3
4:4:4:4:4:1:0:2:4:,clone,4101.6407592184205,4:4:4:4:4:0:0:1:4
1:1:4:4:2:4:4:4:0:,clone,4826.539760574631,1:2:4:4:1:4:4:4:1
1:1:4:3:1:4:4:4:0:,clone,4743.597836105223,1:1:4:4:2:4:4:4:0
1:1:4:3:1:4:4:4:0:,clone,4729.118242652017,1:1:4:3:1:4:4:4:0
1:1:4:3:1:4:4:4:0:,clone,4704.205283904644,1:1:4:3:1:4:4:4:0
3:3:4:4:4:3:2:4:3:,clone,4026.8306393341804,3:3:4:4:4:3:2:4:3
2:2:4:4:4:3:4:4:1:,recombination,3912.756912790412,4:3:4:4:4:2:2:4:3,3:3:4:4:4:2:3:4:3,MUTATE
2:2:4:4:4:3:4:4:1:,clone,3837.845925742,2:2:4:4:4:3:4:4:1
2:2:4:4:4:3:4:4:1:,clone,3781.0461810789193,2:2:4:4:4:3:4:4:1
2:3:4:4:4:3:4:4:2:,recombination,3910.745328191454,1:2:4:3:0:4:4:4:0,3:3:4:4:4:2:3:4:3,MUTATE
0:1:4:2:0:4:4:4:0:,clone,3912.6460122030744,0:1:4:2:0:4:4:4:0
0:2:4:2:0:4:4:4:0:,clone,3865.5000084634657,0:2:4:2:0:4:4:4:0
1:3:4:4:1:4:4:4:1:,recombination,4958.953479985574,1:1:4:3:1:4:4:4:0,4:4:4:4:4:2:1:2:4
4:4:4:4:4:0:0:0:4:,clone,3177.759938789281,0:2:4:2:0:4:4:4:0
4:4:4:4:4:0:0:0:4:,clone,3172.863568214076,4:4:4:4:4:0:0:0:4
4:4:4:4:4:1:2:4:4:,clone,3626.7285043383713,4:4:4:4:4:1:2:4:4
3:4:4:4:4:3:3:4:3:,recombination,4293.25726424293,3:3:4:4:4:3:2:4:3,1:2:4:4:4:4:4:4:0
4:4:4:4:4:0:0:1:4:,clone,3413.4202966093876,4:4:4:4:4:0:0:1:4
4:4:4:4:4:2:1:3:4:,clone,3674.66218880558,4:4:4:4:4:1:1:2:4
4:4:4:4:4:2:1:2:4:,clone,3668.8059611858316,4:4:4:4:4:2:1:2:4
4:4:4:4:4:2:2:3:4:,recombination,3507.656637904932,4:4:4:4:4:2:2:2:4,4:4:4:4:4:2:1:3:4,MUTATE
4:4:4:4:4:1:2:2:4:,clone,3421.767956950428,4:4:4:4:4:2:2:3:4
4:4:4:4:4:2:3:4:4:,recombination,3806.2645251370877,4:4:4:4:4:1:2:1:4,3:3:4:4:4:4:4:4:2,MUTATE
2:3:4:4:3:3:4:4:2:,recombination,3915.341271950928,4:4:4:4:4:0:0:1:4,1:2:4:4:2:4:4:4:1,MUTATE
3:3:4:4:4:3:3:4:3:,recombination,3761.5960276863048,1:2:4:4:4:4:4:4:0,0:1:4:2:0:4:4:4:0,MUTATE
4:4:4:4:4:3:3:4:4:,clone,3875.8941556791897,4:4:4:4:4:2:2:4:4
2:3:4:4:4:4:4:4:2:,recombination,4181.057838619712,3:3:4:4:4:3:2:4:3,3:3:4:4:4:3:3:4:3
3:3:4:4:4:4:4:4:2:,recombination,4184.980484088197,4:4:4:4:4:1:2:4:4,4:3:4:4:4:2:3:4:4
0:2:4:2:0:4:4:4:0:,clone,3840.0773992995564,1:2:4:2:0:4:4:4:0
1:2:4:3:2:4:4:4:1:,recombination,4112.798467796688,4:4:4:4:4:0:0:0:4,1:2:4:2:0:4:4:4:0,MUTATE
2:3:4:4:4:4:4:4:1:,clone,4181.311212912886,2:2:4:4:3:4:4:4:1
1:3:4:4:1:4:4:4:1:,clone,4922.555556058748,1:3:4:4:1:4:4:4:1
3:3:4:4:4:3:3:4:2:,recombination,3831.3050936998857,2:2:4:4:3:3:4:4:2,1:2:4:4:1:4:4:4:0,MUTATE
2:2:4:4:4:3:4:4:2:,recombination,4068.132896683046,0:2:4:2:0:4:4:4:0,4:3:4:4:4:4:3:4:3
1:2:4:4:3:3:4:4:1:,recombination,4042.53547147135,1:2:4:4:3:4:4:4:1,4:3:4:4:4:3:3:4:4
1:3:4:4:1:4:4:4:1:,clone,4914.58526862707,1:3:4:4:1:4:4:4:1
4:3:4:4:4:4:3:4:3:,recombination,4500.354179807196,2:3:4:4:4:4:4:4:2,2:3:4:4:4:4:4:4:2
1:3:4:4:1:4:4:4:1:,clone,4813.075794139068,1:3:4:4:1:4:4:4:1
1:3:4:4:1:4:4:4:1:,clone,4757.628971875115,1:3:4:4:1:4:4:4:1
1:3:4:4:1:4:4:4:1:,clone,4738.2162686666015,1:3:4:4:1:4:4:4:1
1:3:4:4:1:4:4:4:1:,clone,4682.769446402647,1:3:4:4:1:4:4:4:1
4:4:1:4:4:0:0:0:4:,clone,4609.534010443187,1:1:4:2:0:4:4:4:0
4:4:2:4:4:0:0:0:4:,clone,4339.649308015086,4:4:2:4:4:0:0:0:4
4:4:2:4:4:0:0:1:4:,clone,4478.956976245789,4:4:2:4:4:0:0:1:4
4:4:3:4:4:0:1:2:4:,clone,4506.034036443503,4:4:3:4:4:0:1:2:4
4:4:3:4:4:0:0:1:4:,clone,4354.329560486727,4:4:3:4:4:0:0:1:4
4:4:3:4:4:0:0:1:4:,clone,4327.665628184072,4:4:3:4:4:0:0:1:4
3:2:4:4:2:4:4:4:2:,recombination,4922.744570794051,2:2:4:3:0:4:4:4:1,1:2:4:4:2:4:4:4:1,MUTATE
3:2:4:4:4:3:3:4:2:,recombination,4115.343494049463,2:3:4:4:2:3:4:4:1,2:2:4:4:4:3:4:4:1
3:2:4:4:4:3:4:4:2:,clone,4527.243523795005,3:2:4:4:4:3:4:4:2
3:2:4:4:4:3:4:4:2:,recombination,4371.938709768974,1:2:4:4:1:4:4:4:0,2:2:4:4:4:3:4:4:1
2:2:4:4:4:3:4:4:2:,clone,3844.0468674178937,2:2:4:4:4:3:4:4:2
3:2:4:4:4:3:3:4:2:,clone,3951.5762359983946,3:2:4:4:4:3:3:4:2
2:2:4:4:4:3:3:4:2:,clone,3788.3480623030127,3:2:4:4:4:3:3:4:2
2:2:4:4:4:2:4:4:1:,clone,3590.8485495224963,2:2:4:4:4:2:4:4:1
1:2:4:4:2:3:4:4:1:,recombination,3963.1017421579277,1:2:4:3:0:4:4:4:0,4:3:4:4:4:2:2:4:3,MUTATE
2:2:4:4:4:2:3:4:2:,clone,3683.5915361801963,2:2:4:4:4:2:3:4:2
2:2:4:4:4:3:4:4:1:,recombination,3706.592756666524,4:4:4:4:4:1:1:1:4,2:2:4:4:4:3:4:4:2
1:2:4:4:2:3:4:4:1:,clone,3778.0030101021366,1:2:4:4:2:3:4:4:1
1:2:4:3:1:4:4:4:1:,clone,4005.7669251845455,1:2:4:3:1:4:4:4:1
4:4:4:4:4:1:0:1:4:,clone,3614.9703176447974,4:4:4:4:4:1:1:1:4
4:4:4:4:4:4:3:4:4:,recombination,4735.242211803443,1:2:4:3:1:4:4:4:0,3:3:4:4:4:3:3:4:3,MUTATE
4:4:4:4:4:1:1:3:4:,recombination,3424.3120758494315,1:2:4:4:3:3:4:4:1,3:3:4:4:4:2:3:4:2
4:4:4:4:4:2:2:2:4:,recombination,3388.4892169027667,2:3:4:4:3:4:4:4:2,2:3:4:4:3:4:4:4:2,MUTATE
4:4:4:4:4:3:2:4:4:,recombination,3997.8232702496944,4:4:4:4:4:2:1:4:4,2:2:4:4:4:4:4:4:1
3:3:4:4:4:3:2:4:3:,recombination,3763.5547199064094,1:2:4:4:4:4:4:4:1,4:4:4:4:4:2:2:2:4,MUTATE
3:3:4:4:4:3:3:4:3:,recombination,3760.305384988832,2:2:4:4:4:4:4:4:1,4:4:4:4:4:1:2:3:4
3:3:4:4:4:2:2:4:3:,clone,3516.772621747928,4:3:4:4:4:2:2:4:4
3:3:4:4:4:3:3:4:3:,recombination,3752.1344686952325,1:2:4:4:2:4:4:4:1,2:3:4:4:3:4:4:4:1
1:2:4:4:4:3:3:4:1:,clone,3451.100493539356,2:2:4:4:4:3:4:4:2
1:2:4:4:4:3:3:4:1:,clone,3326.6775964319477,1:2:4:4:4:3:3:4:1
2:2:4:4:4:3:3:4:1:,clone,3752.556203527192,2:2:4:4:4:3:3:4:1
2:2:4:4:3:3:4:4:1:,clone,3700.2432876637686,2:2:4:4:3:3:4:4:1
2:3:4:4:3:4:4:4:1:,recombination,3979.9790165600602,3:3:4:4:4:3:3:4:2,1:2:4:2:0:4:4:4:0
3:4:4:4:4:3:4:4:3:,recombination,4936.81597036506,4:4:4:4:4:2:3:4:4,4:3:4:4:4:2:2:3:4
2:3:4:4:4:4:4:4:2:,clone,4142.42195477331,2:3:4:4:4:4:4:4:2
2:2:4:4:4:4:3:4:2:,clone,4179.484101291515,3:3:4:4:4:3:3:4:2
2:3:4:4:4:4:4:4:2:,recombination,4137.116264765827,2:3:4:4:4:4:4:4:2,1:2:4:3:2:4:4:4:0,MUTATE
4:3:4:4:4:1:3:4:4:,clone,3917.1893633332907,4:3:4:4:4:1:3:4:4
3:2:4:4:4:2:3:4:2:,clone,4386.046051154454,3:2:4:4:4:2:3:4:2
2:2:4:4:2:3:4:4:1:,recombination,4185.938631194958,4:4:4:4:4:0:0:1:4,3:3:4:4:4:1:2:2:3,MUTATE
3:3:4:4:4:4:4:4:3:,recombination,4204.15564748522,2:3:4:4:4:4:4:4:2,1:2:4:4:1:4:4:4:1,MUTATE
2:2:4:4:2:4:4:4:2:,recombination,3830.573591169676,3:3:4:4:4:4:4:4:3,1:2:4:4:2:4:4:4:1,MUTATE
1:2:4:4:1:4:4:4:1:,clone,4293.722859067312,1:2:4:3:1:4:4:4:1
2:2:4:3:1:4:4:4:1:,recombination,3948.3763557293714,4:4:4:4:4:1:1:1:4,4:3:4:4:4:2:3:4:4
2:2:4:4:3:4:4:4:2:,recombination,4298.484017472753,4:4:4:4:4:1:2:3:4,3:3:4:4:4:3:3:4:2,MUTATE
2:2:4:4:2:4:4:4:1:,clone,3938.925635394183,2:2:4:4:2:4:4:4:1
2:2:4:4:2:4:4:4:1:,recombination,3919.120911272451,2:2:4:4:2:4:4:4:2,1:2:4:4:2:4:4:4:0
2:2:4:4:2:4:4:4:1:,clone,3913.3470800786345,2:2:4:4:2:4:4:4:1
1:2:4:4:3:4:4:4:0:,recombination,4286.927272428624,1:2:4:3:0:4:4:4:1,4:3:4:4:4:4:3:4:3,MUTATE
2:3:4:4:4:4:4:4:1:,recombination,4088.4727640957617,3:2:4:4:4:3:3:4:2,1:2:4:2:0:4:4:4:0,MUTATE
3:2:4:4:3:4:4:4:2:,recombination,4940.9395744593685,3:3:4:4:4:4:4:4:2,2:3:4:4:2:4:4:4:2,MUTATE
3:3:4:4:4:3:4:4:3:,recombination,4153.364071792923,1:3:4:4:3:4:4:4:1,0:1:4:2:0:4:4:4:0
1:3:4:3:1:4:4:4:1:,clone,4664.285339041855,1:2:4:3:1:4:4:4:0
4:3:4:4:4:3:2:4:4:,clone,4113.852297693471,4:3:4:4:4:3:2:4:4
2:3:4:4:2:4:4:4:2:,recombination,4396.1012496635885,2:3:4:4:3:3:4:4:1,1:2:4:4:1:4:4:4:1
1:1:4:4:2:4:4:4:0:,recombination,4792.24363711121,4:4:4:4:4:1:0:2:4,3:3:4:4:4:0:0:1:4
3:3:4:4:3:3:4:4:2:,recombination,4418.378416786429,2:2:4:4:3:4:4:4:1,1:1:4:4:1:4:4:4:0,MUTATE
1:2:4:3:0:4:4:4:1:,recombination,4219.437450128899,4:4:4:4:4:1:2:3:4,2:2:4:4:2:4:4:4:2,MUTATE
1:2:4:2:0:4:4:4:1:,clone,4000.7733448099784,1:2:4:2:0:4:4:4:1
1:3:4:3:0:4:4:4:1:,clone,4490.8405334530635,1:3:4:3:0:4:4:4:1
1:2:4:3:2:4:4:4:0:,clone,3988.472784139695,1:2:4:3:2:4:4:4:0
1:2:4:3:2:4:4:4:0:,clone,3862.8663561254393,1:2:4:3:2:4:4:4:0
1:2:4:3:2:4:4:4:0:,clone,3731.0354773448125,1:2:4:3:2:4:4:4:0
4:4:3:4:4:1:1:4:4:,clone,4950.028070329257,4:4:4:4:4:1:1:4:4
3:3:4:4:4:4:3:4:3:,clone,4274.190886917931,3:3:4:4:4:4:3:4:3
2:2:4:4:3:4:4:4:2:,recombination,4192.215916663514,4:4:4:4:4:3:3:4:3,0:2:4:2:0:4:4:4:0
2:2:4:4:4:4:4:4:2:,clone,3976.7088641857918,2:2:4:4:4:4:4:4:2
3:3:4:4:4:4:3:4:2:,recombination,4066.688502763408,1:2:4:4:4:3:4:4:1,4:4:4:4:4:3:2:4:4
2:3:4:4:4:4:4:4:2:,recombination,4095.734307122238,2:3:4:4:3:4:4:4:2,1:2:4:3:1:4:4:4:1,MUTATE
2:3:4:4:4:4:4:4:2:,clone,4004.0997397032747,2:3:4:4:4:4:4:4:2
2:2:4:4:3:4:4:4:1:,clone,3870.654904241089,2:2:4:4:3:4:4:4:1
1:2:4:3:0:4:4:4:0:,clone,4040.9950266156807,1:2:4:3:1:4:4:4:0
1:2:4:4:3:4:4:4:1:,clone,4034.738033094647,1:2:4:4:3:4:4:4:1
1:1:4:3:1:4:4:4:0:,clone,4527.4972876283655,1:1:4:3:1:4:4:4:0
1:2:4:4:1:4:4:4:0:,clone,4351.133913521748,1:2:4:3:1:4:4:4:0
2:3:4:4:2:4:4:4:1:,recombination,4199.64422479488,2:3:4:4:3:4:4:4:1,2:3:4:4:2:4:4:4:1
0:2:4:2:0:4:4:4:0:,clone,3839.6240094927134,0:2:4:2:0:4:4:4:0
0:2:4:2:0:4:4:4:0:,clone,3837.197394941013,0:2:4:2:0:4:4:4:0
2:2:4:4:3:3:4:4:2:,clone,3881.073929588712,2:2:4:4:3:3:4:4:2
2:2:4:4:3:4:4:4:2:,clone,3993.6183433600804,2:2:4:4:3:4:4:4:2
2:3:4:4:3:4:4:4:2:,clone,4043.1784358903155,2:3:4:4:3:4:4:4:2
4:4:4:4:4:2:3:4:3:,recombination,4405.299146331802,2:2:4:3:0:4:4:4:1,2:3:4:4:3:4:4:4:2
4:4:2:4:4:0:0:0:4:,clone,4287.932638781305,1:1:4:2:0:4:4:4:0
3:3:4:4:4:2:3:4:2:,clone,3839.5530961216778,3:3:4:4:4:2:3:4:3
1:2:4:4:3:3:4:4:1:,clone,3551.3635285381524,3:3:4:4:4:3:3:4:2
1:2:4:4:4:4:4:4:1:,recombination,3881.442083223986,2:2:4:4:3:3:4:4:1,2:2:4:3:0:4:4:4:1
2:2:4:4:4:3:4:4:2:,clone,3685.798473845844,2:2:4:4:4:3:4:4:2
2:3:4:4:4:3:4:4:2:,recombination,3797.3264309164374,1:1:4:2:0:4:4:4:0,1:2:4:4:3:3:4:4:1
2:3:4:4:4:3:4:4:2:,clone,3699.5731867569075,2:3:4:4:4:3:4:4:2
2:3:4:4:3:3:4:4:1:,recombination,3837.002863787622,1:2:4:2:0:4:4:4:0,1:2:4:4:4:3:3:4:1,MUTATE
2:3:4:4:4:3:4:4:2:,clone,3685.5613249273842,2:3:4:4:4:3:4:4:2
2:2:4:4:4:2:3:4:2:,clone,3272.5868447953417,2:2:4:4:4:3:3:4:2
2:3:4:4:3:3:4:4:1:,clone,3734.0030559909683,2:3:4:4:3:3:4:4:1
2:2:4:4:4:3:3:4:2:,clone,3550.6338355625644,2:2:4:4:4:3:3:4:2
1:2:4:4:3:4:4:4:1:,clone,3876.8168028658943,1:2:4:4:2:4:4:4:1
1:1:4:2:0:4:4:4:0:,recombination,3974.7492884850694,1:3:4:4:1:4:4:4:1,2:3:4:4:3:4:4:4:2,MUTATE
2:3:4:4:2:4:4:4:1:,clone,4151.163746775605,2:3:4:4:2:4:4:4:1
3:4:4:4:4:3:3:4:3:,recombination,3990.454728898668,4:4:4:4:4:1:1:4:4,1:2:4:3:1:4:4:4:1,MUTATE
1:2:4:2:0:4:4:4:0:,recombination,3840.778407700352,2:2:4:4:3:3:4:4:2,2:2:4:4:4:3:4:4:2
1:2:4:2:0:4:4:4:0:,recombination,3744.534903990643,1:2:4:2:0:4:4:4:0,3:3:4:4:4:4:3:4:2,MUTATE
4:4:4:4:4:2:1:4:4:,recombination,3986.909491196898,4:3:4:4:4:1:1:2:4,1:2:4:4:1:4:4:4:0
0:1:4:2:0:4:4:4:0:,clone,3912.617270650205,0:1:4:2:0:4:4:4:0
1:2:4:3:1:4:4:4:0:,recombination,3828.7645496826863,1:2:4:3:0:4:4:4:1,2:2:4:4:4:3:4:4:2
2:3:4:4:4:3:3:4:2:,recombination,3445.1493280204522,2:2:4:4:4:3:3:4:1,1:2:4:4:3:3:4:4:1,MUTATE
2:3:4:4:4:3:3:4:2:,clone,3408.524428410215,2:3:4:4:4:3:3:4:2
2:2:4:4:3:4:4:4:1:,recombination,3843.9610793748416,2:2:4:4:3:4:4:4:1,1:2:4:4:1:4:4:4:1
2:3:4:4:4:4:4:4:2:,clone,3790.860829433001,2:3:4:4:4:3:4:4:2
2:2:4:4:4:4:4:4:2:,clone,3746.2674194771,2:2:4:4:4:4:4:4:2
1:2:4:3:1:4:4:4:1:,clone,3832.3674134401226,1:2:4:3:1:4:4:4:1
1:2:4:4:2:4:4:4:1:,clone,3706.6143643727737,1:2:4:4:2:4:4:4:1
3:3:4:4:4:3:4:4:2:,recombination,3766.7803415277012,4:4:4:4:4:2:2:4:4,2:2:4:4:3:4:4:4:1
2:2:4:4:2:4:4:4:1:,clone,3819.6367767686115,1:2:4:3:1:4:4:4:1
2:3:4:4:4:4:4:4:2:,clone,3783.100145527724,2:3:4:4:4:4:4:4:2
3:3:4:4:3:4:4:4:2:,recombination,4169.811252510559,3:3:4:4:4:2:3:4:2,4:4:4:4:4:1:0:1:4
2:2:4:4:4:3:3:4:2:,clone,3518.9508038046406,2:2:4:4:4:3:3:4:2
1:2:4:3:1:4:4:4:1:,clone,3807.148865269306,1:2:4:3:1:4:4:4:1
4:4:4:4:4:2:3:4:4:,recombination,3746.8725142573353,1:2:4:4:3:4:4:4:1,1:2:4:3:0:4:4:4:1,MUTATE
2:2:4:4:4:3:3:4:2:,clone,3506.5801349032163,2:2:4:4:4:3:3:4:2
2:3:4:4:2:4:4:4:2:,recombination,4040.289104228018,3:3:4:4:4:3:4:4:2,0:2:4:2:0:4:4:4:0
2:2:4:4:3:4:4:4:1:,recombination,3612.487009663665,1:2:4:4:3:4:4:4:0,1:2:4:4:4:4:4:4:1
3:3:4:4:4:4:4:4:2:,recombination,4088.327934688043,3:3:4:4:4:4:3:4:2,3:3:4:4:4:4:3:4:3,MUTATE
3:2:4:4:4:3:4:4:2:,clone,3900.5716844594317,3:2:4:4:4:3:4:4:2
1:2:4:4:2:3:4:4:1:,clone,3427.012986789078,1:2:4:4:3:3:4:4:1
1:2:4:2:1:4:4:4:0:,clone,3806.0993904107154,1:2:4:2:1:4:4:4:0
1:2:4:4:3:3:4:4:1:,clone,3413.4757387347368,1:2:4:4:3:3:4:4:1
1:2:4:3:2:4:4:4:1:,clone,3701.115158298587,1:2:4:3:2:4:4:4:1
2:2:4:4:3:3:4:4:1:,clone,3524.25980606206,1:2:4:4:2:3:4:4:1
2:2:4:4:4:3:4:4:1:,clone,3640.4957545809148,2:2:4:4:4:3:4:4:1
1:2:4:4:4:2:3:4:1:,clone,3387.921489279024,1:2:4:4:4:2:3:4:1
1:2:4:4:1:4:4:4:1:,clone,4273.339235157994,1:2:4:4:1:4:4:4:1
1:2:4:3:1:4:4:4:0:,recombination,3761.676836719487,1:2:4:4:3:3:4:4:1,3:3:4:4:4:3:4:4:3
4:4:4:4:4:1:1:4:4:,recombination,3730.8364222409673,3:3:4:4:4:4:4:4:3,1:2:4:2:0:4:4:4:0
1:2:4:3:1:3:4:4:0:,recombination,3869.1040685217217,4:4:4:4:4:0:1:2:4,1:2:4:3:2:4:4:4:0
1:2:4:4:3:4:4:4:1:,recombination,3813.4176230125536,2:3:4:4:3:3:4:4:2,2:2:4:4:4:4:4:4:1,MUTATE
0:1:4:2:0:4:4:4:0:,recombination,3909.0731130887702,1:2:4:4:3:3:4:4:1,1:2:4:4:3:3:4:4:1,MUTATE
1:2:4:3:2:4:4:4:1:,clone,3672.258355067405,1:2:4:3:2:4:4:4:1
4:4:3:4:4:1:1:3:4:,recombination,4926.67637777333,2:3:4:4:4:4:4:4:2,2:2:4:4:4:2:3:3:2,MUTATE
4:4:4:4:4:1:0:3:4:,clone,4766.131285604315,4:4:4:4:4:1:0:3:4
4:3:4:4:4:2:2:3:4:,recombination,3823.5523578326765,4:3:4:4:4:2:3:4:3,1:2:4:3:0:4:4:4:1,MUTATE
3:3:4:4:4:2:2:3:3:,clone,3222.735998609995,3:3:4:4:4:2:2:3:3
4:3:4:4:4:2:2:4:4:,clone,3383.147422519163,4:3:4:4:4:2:2:4:4
4:3:4:4:4:2:2:4:4:,clone,3383.1474225191623,4:3:4:4:4:2:2:4:4
4:3:4:4:4:2:2:3:4:,recombination,3359.4400293218687,0:1:4:2:0:4:4:4:0,1:2:4:4:2:4:4:4:1,MUTATE
4:3:4:4:4:2:3:3:4:,recombination,3798.5791084907864,4:4:4:4:4:1:0:1:4,4:4:4:4:4:4:3:4:4
2:2:4:4:4:4:3:4:1:,recombination,4109.727448839364,0:1:4:2:0:4:4:4:0,2:3:4:4:2:4:4:4:1
4:3:4:4:4:4:4:4:3:,recombination,4571.246566472691,4:4:4:4:4:2:3:4:4,2:3:4:4:4:4:4:4:2
0:1:4:2:0:4:4:4:0:,clone,3900.3071648242985,0:2:4:2:0:4:4:4:0
3:2:4:4:3:3:4:4:2:,recombination,5066.336923816281,4:4:3:4:4:0:0:1:4,4:4:4:4:4:1:2:4:4
3:4:4:4:4:2:2:4:3:,recombination,3604.6272824349267,4:4:4:4:4:2:2:3:4,1:3:4:3:0:4:4:4:1
1:2:4:4:3:4:4:4:0:,recombination,4189.27455144219,1:2:4:4:2:3:4:4:1,1:2:4:4:4:4:4:4:0,MUTATE
3:3:4:4:4:3:3:4:3:,recombination,3695.875923453744,3:3:4:4:4:4:3:4:2,4:4:4:4:4:0:0:0:4,MUTATE
3:4:4:4:4:2:3:3:3:,clone,3840.0398968874024,3:3:4:4:4:2:2:3:3
3:3:4:4:4:2:3:3:3:,clone,3747.814611252399,3:3:4:4:4:2:3:3:3
1:3:4:4:1:4:4:4:1:,recombination,4638.928268521553,2:2:4:4:3:3:4:4:1,2:3:4:4:4:3:3:3:2
4:3:4:4:4:2:3:4:4:,clone,3799.204921850183,4:4:4:4:4:2:3:4:4
2:3:4:4:3:4:4:4:2:,recombination,4034.8487653300945,4:4:4:4:4:0:0:1:4,3:3:4:4:4:3:4:4:2,MUTATE
4:4:4:4:4:4:3:4:4:,recombination,4616.691258789284,1:2:4:4:4:4:4:4:0,3:3:4:4:4:4:4:4:2,MUTATE
4:4:4:4:4:1:3:4:4:,recombination,3908.4678278429406,1:2:4:4:1:4:4:4:1,4:4:2:4:4:0:0:1:4
4:3:4:4:4:3:4:4:3:,recombination,4504.253932284093,2:2:4:4:1:4:4:4:1,3:4:4:4:4:3:3:4:3,MUTATE
2:3:4:4:2:3:4:4:2:,recombination,4761.547373876092,4:4:4:4:4:0:0:2:4,1:1:4:2:0:4:4:4:0,MUTATE
3:3:4:4:4:3:4:4:3:,clone,4137.879894272213,3:3:4:4:4:3:4:4:3
1:2:4:3:0:4:4:4:1:,recombination,4158.896424699827,3:3:4:4:3:3:4:4:2,2:3:4:4:4:3:4:4:2,MUTATE
