4:4:4:4:4:1:2:4:4:,initialisation,6062.550418195542,
4:4:4:4:4:2:3:4:4:,initialisation,5523.020710372192,
4:4:4:4:4:3:2:4:4:,initialisation,6010.135662139724,
1:2:4:3:0:4:4:4:0:,initialisation,6387.631479521737,
4:4:4:4:4:2:2:4:4:,initialisation,6055.265952183801,
4:4:4:4:4:1:2:4:4:,initialisation,5852.547687830305,
4:4:4:4:4:2:2:4:4:,initialisation,5257.545308305382,
4:4:4:4:4:3:3:4:4:,initialisation,6364.094098808868,
4:3:4:4:4:3:3:4:4:,initialisation,6603.3060547399355,
4:4:4:4:4:3:2:4:4:,initialisation,5745.001445892226,
4:4:4:4:4:1:1:4:4:,initialisation,5205.6317154129865,
4:4:4:4:4:3:3:4:4:,initialisation,6055.265952183799,
4:3:4:4:4:2:3:4:4:,initialisation,5684.0729028994665,
4:4:3:4:4:1:1:4:4:,initialisation,6055.2659521838,
4:4:4:4:4:3:3:4:4:,initialisation,5985.781648154699,
4:4:4:4:4:1:2:4:4:,initialisation,5742.632202173724,
3:3:4:4:4:3:3:4:3:,initialisation,6002.700136681788,
4:4:4:4:4:0:0:2:4:,initialisation,5391.502293067719,
4:4:4:4:4:3:3:4:4:,initialisation,5694.182276667234,
3:3:4:4:4:3:3:4:3:,initialisation,5482.054195415,
4:4:4:4:4:1:2:2:4:,initialisation,6116.878879195756,
3:3:4:4:4:1:2:4:3:,initialisation,5341.368498669852,
4:3:4:4:4:3:3:4:3:,initialisation,5874.493983537584,
4:4:4:4:4:1:2:4:4:,initialisation,5661.805256387073,
4:4:4:4:4:1:1:4:4:,initialisation,5140.366872717171,
4:4:4:4:4:1:2:4:4:,initialisation,5481.530285016053,
4:4:4:4:4:3:2:4:4:,initialisation,5325.59305034193,
4:3:4:4:4:1:2:3:4:,initialisation,5599.5328370449,
4:4:4:4:4:3:3:4:4:,initialisation,5544.356460434603,
3:3:4:4:4:2:3:4:2:,initialisation,6147.033900823647,
4:4:4:4:4:1:2:3:4:,initialisation,5236.658797584617,
4:4:4:4:4:0:1:3:4:,initialisation,4798.922633434916,
4:4:4:4:4:1:1:4:4:,initialisation,5020.014395393707,
4:4:4:4:4:1:2:4:4:,initialisation,5441.500011881401,
2:3:4:4:4:3:3:4:2:,initialisation,5885.161459795562,
4:4:4:4:4:1:1:3:4:,initialisation,5106.209776020445,
4:4:4:4:4:1:2:3:4:,initialisation,4585.088231235704,
4:4:4:4:4:2:1:4:4:,initialisation,6055.265952183799,
4:3:4:4:4:2:2:2:4:,initialisation,5846.567563525015,
4:4:4:4:4:1:2:4:4:,initialisation,5439.386189552331,
4:4:3:4:4:0:1:3:4:,initialisation,6055.2659521837995,
4:4:4:4:4:1:2:2:4:,initialisation,4968.469729794897,
4:4:4:4:4:1:3:4:4:,initialisation,6152.547959967857,
4:4:4:4:4:2:2:4:4:,initialisation,5229.738818526364,
4:4:4:4:4:2:2:3:4:,initialisation,6171.0882470563065,
4:3:4:4:4:2:2:3:4:,initialisation,5632.268137582318,
4:4:4:4:4:1:2:4:4:,initialisation,5318.135443084856,
4:4:4:4:4:3:2:4:4:,initialisation,5272.290238340008,
4:4:4:4:4:1:3:4:4:,initialisation,6118.239329844665,
4:3:4:4:4:3:3:4:3:,initialisation,5831.589334808999,
3:3:4:4:4:4:4:4:3:,initialisation,6244.914464282727,
4:4:4:4:4:2:2:3:4:,initialisation,5449.059445996779,
4:3:4:4:4:2:2:4:4:,initialisation,5584.998691289531,
4:4:4:4:4:1:1:1:4:,initialisation,5107.504973058603,
2:3:4:4:4:4:4:4:2:,initialisation,6220.367208780714,
3:3:4:4:4:3:3:4:2:,initialisation,6490.574613535861,
4:4:4:4:4:0:0:0:4:,initialisation,4312.579615939708,
4:4:4:4:4:1:1:2:4:,initialisation,6299.946691861532,
4:3:4:4:4:3:3:4:4:,initialisation,6340.0124474912645,
3:3:4:4:4:0:1:1:4:,initialisation,5732.084819843208,
4:4:4:4:4:1:2:4:4:,initialisation,5170.289872994376,
3:3:4:4:4:3:3:4:3:,initialisation,5201.380044320656,
3:3:4:4:4:2:3:4:3:,initialisation,6018.778457662387,
3:3:4:4:4:3:4:4:2:,initialisation,6595.598738894347,
4:4:4:4:4:1:1:2:4:,initialisation,5151.152416698054,
4:4:4:4:4:0:1:4:4:,initialisation,5212.3457492795405,
4:4:4:4:4:2:1:2:4:,initialisation,5867.413340648806,
4:4:4:4:4:3:2:4:4:,initialisation,5097.0419317299575,
4:4:4:4:4:2:1:4:4:,initialisation,5450.127179856087,
4:3:4:4:4:3:3:4:4:,initialisation,6021.289559031567,
4:4:4:4:4:0:1:2:4:,initialisation,4833.724696451008,
4:3:4:4:4:4:3:4:3:,initialisation,5641.643065131483,
4:3:4:4:4:2:3:4:3:,initialisation,6073.642954254516,
4:4:4:4:4:2:2:3:4:,initialisation,4757.55978989389,
2:3:4:4:4:2:3:4:2:,initialisation,5367.848977543908,
3:3:4:4:4:2:2:3:3:,initialisation,5028.953246463177,
4:4:4:4:4:1:1:3:4:,initialisation,4936.267148663179,
4:3:4:4:4:1:2:4:4:,initialisation,4710.303323665668,
4:4:4:4:4:2:3:3:4:,initialisation,6647.791597394698,
4:3:4:4:4:3:3:4:4:,initialisation,5946.130318448288,
4:3:4:4:4:4:3:4:4:,initialisation,6055.265952183801,
3:3:4:4:4:2:3:4:3:,initialisation,5870.498430951523,
3:3:4:4:4:1:3:4:3:,initialisation,6144.817951380816,
4:4:4:4:4:1:1:2:4:,initialisation,5079.797177496275,
3:3:4:4:4:3:4:4:3:,initialisation,6028.144823761153,
2:3:4:4:4:3:3:4:2:,initialisation,5772.1087015824705,
4:4:4:4:4:2:2:4:4:,initialisation,5140.715594003808,
3:3:4:4:4:2:3:3:3:,initialisation,6084.583221811372,
3:3:4:4:4:4:3:4:3:,initialisation,6081.978504709746,
4:3:4:4:4:2:3:4:4:,initialisation,5078.398605336744,
4:4:4:4:4:2:2:4:4:,initialisation,4851.657330683126,
4:4:4:4:4:1:2:4:4:,initialisation,5068.495758453794,
4:4:4:4:4:1:2:4:4:,initialisation,4937.411605908162,
4:3:4:4:4:2:2:4:4:,initialisation,5228.094765047204,
4:3:4:4:4:2:2:2:4:,initialisation,5615.935676414687,
4:3:4:4:4:2:3:3:4:,initialisation,6065.316569775052,
4:3:4:4:4:2:2:4:4:,initialisation,5036.363939744493,
4:3:4:4:4:3:2:4:4:,initialisation,5099.981707516654,
4:4:4:4:4:1:1:3:4:,initialisation,4733.486811049343,
4:3:4:4:4:3:3:4:4:,initialisation,5740.953099913895,
4:4:4:4:4:2:1:4:4:,initialisation,5409.8294091741245,
4:4:4:4:4:2:2:2:4:,initialisation,5481.4836916203085,
4:4:4:4:4:3:3:4:4:,initialisation,5477.216844636082,
3:3:4:4:4:3:3:3:3:,initialisation,6063.125941560392,
4:3:4:4:4:2:3:4:3:,initialisation,5388.997907928427,
3:3:4:4:4:1:3:4:3:,initialisation,5323.847390068621,
4:4:4:4:4:2:3:4:4:,initialisation,5373.548295375807,
4:4:2:4:4:0:0:2:4:,initialisation,6055.265952183801,
4:4:4:4:4:0:0:1:4:,initialisation,3971.9589891940127,
2:3:4:4:4:4:3:4:2:,initialisation,6381.008714993558,
4:3:4:4:4:3:3:4:4:,initialisation,5588.2350330439995,
3:3:4:4:4:2:3:4:3:,initialisation,5146.184470325336,
4:4:4:4:4:1:3:4:4:,initialisation,5871.149418505202,
4:3:4:4:4:1:3:4:4:,initialisation,5039.745602251791,
3:3:4:4:4:2:2:4:3:,initialisation,5221.879886352469,
4:4:4:4:4:1:2:4:4:,initialisation,4924.002394007977,
4:4:4:4:4:0:1:1:4:,initialisation,5045.683800697436,
4:3:4:4:4:3:3:4:4:,initialisation,5473.97779484067,
3:3:4:4:4:2:2:4:3:,initialisation,5196.847687748617,
3:3:4:4:4:1:3:4:3:,initialisation,5193.699679020794,
4:4:4:4:4:2:1:3:4:,initialisation,5718.7844769888325,
4:3:4:4:4:1:2:3:4:,initialisation,4421.616849969635,
4:4:4:4:4:1:2:4:4:,initialisation,4789.679996712611,
4:4:4:4:4:1:1:2:4:,initialisation,4651.903151949775,
4:3:4:4:4:2:1:3:4:,initialisation,4720.211848833278,
4:3:4:4:4:3:3:4:3:,initialisation,5817.158245202121,
4:3:4:4:4:3:3:4:3:,initialisation,5668.628131712088,
4:4:4:4:4:1:2:4:4:,initialisation,4781.077752422873,
4:3:4:4:4:3:3:4:4:,initialisation,5468.018071965043,
4:3:4:4:4:1:1:3:4:,initialisation,4959.9120943907055,
4:4:4:4:4:1:3:4:4:,initialisation,5561.578884758591,
3:3:4:4:4:3:3:4:2:,initialisation,5506.612190971673,
4:4:4:4:4:1:2:2:4:,initialisation,4749.016579995729,
3:3:4:4:4:2:2:4:3:,initialisation,4759.38434170826,
4:4:4:4:4:0:1:1:4:,initialisation,4388.579133964864,
4:4:3:4:4:0:1:3:4:,initialisation,5644.065385800057,
4:4:4:4:4:1:2:2:4:,initialisation,4332.34652645817,
3:3:4:4:4:2:3:4:3:,initialisation,5065.201824587885,
4:4:4:4:4:0:1:4:4:,initialisation,5146.402881977433,
4:4:4:4:4:2:2:3:4:,initialisation,4682.969709870313,
2:3:4:4:4:2:3:4:2:,initialisation,5141.158711180115,
3:3:4:4:4:1:2:3:3:,initialisation,5058.170951512826,
4:4:4:4:4:0:2:4:4:,initialisation,5104.199328490851,
4:4:4:4:4:2:1:3:4:,initialisation,5451.539006267973,
4:4:4:4:4:2:1:4:4:,initialisation,5405.766085559422,
4:4:4:4:4:2:3:4:4:,initialisation,5268.891608661723,
4:3:4:4:4:2:2:3:4:,initialisation,5063.735067039503,
4:4:4:4:4:1:1:4:4:,initialisation,4782.515832951465,
4:3:4:4:4:1:1:2:4:,initialisation,5394.100390946282,
3:3:4:4:4:4:4:4:3:,initialisation,5988.887523459614,
4:3:4:4:4:2:3:3:4:,initialisation,5908.897380818353,
4:3:4:4:4:1:2:2:4:,initialisation,4965.293906565851,
4:4:4:4:4:0:1:2:4:,initialisation,4573.648403913483,
3:3:4:4:4:1:3:4:3:,initialisation,4843.474674357463,
4:3:4:4:4:4:3:4:4:,initialisation,6055.2659521837995,
4:4:4:4:4:1:2:4:4:,initialisation,4715.143565718972,
4:4:4:4:4:2:1:3:4:,initialisation,5377.07909886129,
4:4:4:4:4:2:1:2:4:,initialisation,5807.373086875774,
4:4:4:4:4:1:3:4:4:,initialisation,5102.896632739602,
3:4:4:4:4:3:3:4:3:,initialisation,6021.605770618159,
4:3:4:4:4:2:3:4:4:,initialisation,4970.272186702828,
2:2:4:4:4:1:3:4:2:,initialisation,5908.544356938627,
4:4:4:4:4:0:1:1:4:,initialisation,4327.468993445299,
4:4:4:4:4:0:0:2:4:,initialisation,4890.739001269933,
4:4:4:4:4:2:2:2:4:,initialisation,4858.149717824095,
4:4:4:4:4:3:3:4:4:,initialisation,5152.52476243958,
4:3:4:4:4:3:3:4:4:,initialisation,5415.777914021963,
4:4:4:4:4:2:1:3:4:,initialisation,5087.780081651344,
2:2:4:4:4:3:3:4:2:,initialisation,6206.052262741113,
4:4:4:4:4:2:2:2:4:,initialisation,4733.597592945347,
3:3:4:4:4:2:2:2:3:,initialisation,5362.261889926424,
4:4:4:4:4:1:2:4:4:,initialisation,4589.590368194404,
4:4:4:4:4:2:1:3:4:,initialisation,4934.72437830762,
4:4:3:4:4:1:1:4:4:,initialisation,6011.2797220083885,
4:3:4:4:4:4:3:4:4:,initialisation,5817.869445671304,
3:3:4:4:4:3:3:3:3:,initialisation,5631.426992998061,
4:4:4:4:4:2:3:4:4:,initialisation,5188.770238373886,
3:3:4:4:4:2:3:4:3:,initialisation,4752.398163552307,
4:4:4:4:4:4:3:4:4:,initialisation,6863.215082001885,
4:4:4:4:4:0:0:0:4:,initialisation,3987.884717389382,
4:3:4:4:4:1:2:2:4:,initialisation,4964.487541051925,
4:4:4:4:4:4:3:4:4:,initialisation,6203.616535218169,
4:4:4:4:4:2:1:4:4:,initialisation,5348.551452011509,
4:3:4:4:4:3:3:4:3:,initialisation,5582.5419792566545,
4:4:4:4:4:2:1:2:4:,initialisation,5309.263814188179,
4:4:4:4:4:2:3:4:4:,initialisation,5067.319985877312,
4:3:4:4:4:1:1:2:4:,initialisation,4368.716879347754,
3:3:4:4:4:4:4:4:2:,initialisation,6224.633070442537,
4:4:4:4:4:1:3:3:4:,initialisation,5650.929225937432,
2:3:4:4:4:3:3:4:2:,initialisation,5410.1868305857415,
3:3:4:4:4:1:2:3:3:,initialisation,4545.7235027196075,
4:4:3:4:4:1:0:3:4:,initialisation,6055.2659521838,
4:3:4:4:4:4:3:4:4:,initialisation,5809.1076779454215,
4:3:4:4:4:3:3:4:3:,initialisation,5479.007085227705,
3:3:4:4:4:4:4:4:2:,initialisation,5631.596164191676,
3:3:4:4:4:2:4:4:2:,initialisation,6953.198718926342,
4:4:4:4:4:2:3:4:4:,initialisation,5056.09767684391,
3:3:4:4:4:3:3:3:3:,initialisation,5437.875536601228,
4:4:4:4:4:2:1:4:4:,initialisation,4936.097810769503,
4:3:4:4:4:3:3:4:4:,initialisation,5123.563550763716,
4:3:4:4:4:0:1:1:4:,initialisation,3866.6242141249077,
4:4:4:4:4:3:2:3:4:,initialisation,5897.377995644059,
4:4:4:4:4:1:1:1:4:,initialisation,4419.813061899822,
4:3:4:4:4:2:2:4:4:,initialisation,5008.820500210606,
0:2:4:3:0:4:4:4:0:,initialisation,6666.558673989281,
4:4:4:4:4:2:1:4:4:,initialisation,4771.695398543466,
2:3:4:4:4:3:3:4:2:,initialisation,5287.516221276522,
4:4:4:4:4:4:3:4:4:,initialisation,6055.2659521837995,
4:3:4:4:4:2:2:2:4:,initialisation,4984.924321161865,
3:3:4:4:4:4:4:4:2:,initialisation,5456.156612588785,
3:3:4:4:4:2:2:3:3:,initialisation,4837.882424893576,
4:4:4:4:4:2:2:4:4:,initialisation,4809.587511492452,
3:3:4:4:4:2:3:3:3:,initialisation,5836.876941730907,
4:4:4:4:4:1:0:1:4:,initialisation,4632.246712286442,
3:3:4:4:4:2:2:4:3:,initialisation,4608.477603284053,
3:3:4:4:4:2:3:3:3:,initialisation,5203.563363033939,
3:3:4:4:4:4:3:4:2:,initialisation,5965.878469968191,
4:4:4:4:4:3:2:2:4:,initialisation,5889.546368905133,
4:4:4:4:4:0:1:3:4:,initialisation,4791.458163129697,
1:2:4:4:4:4:4:4:1:,initialisation,6171.593190131664,
4:4:4:4:4:2:1:3:4:,initialisation,4659.825212804725,
2:3:4:4:4:3:4:4:2:,initialisation,6870.437351062449,
4:3:4:4:4:2:2:3:4:,initialisation,4940.734885633729,
4:3:4:4:4:2:2:4:4:,initialisation,4848.6748740154235,
4:3:4:4:4:2:2:4:4:,initialisation,4627.7903533587,
2:3:4:4:4:3:4:4:2:,initialisation,6589.563304913006,
4:3:4:4:4:1:3:3:4:,initialisation,5824.561715671649,
2:3:4:4:4:4:4:4:2:,initialisation,6034.926698924799,
4:4:4:4:4:0:2:4:4:,initialisation,4998.547696258836,
4:3:4:4:4:2:3:4:4:,initialisation,4888.066206988899,
4:3:4:4:4:2:2:3:4:,initialisation,4910.382585119163,
4:3:4:4:4:2:3:4:4:,initialisation,4836.1359351358315,
4:4:4:4:4:0:1:3:4:,initialisation,4695.673228906345,
3:3:4:4:4:1:3:3:3:,initialisation,5474.310000499039,
4:4:4:4:4:1:2:3:4:,initialisation,4575.9329046135,
4:4:4:4:4:3:2:4:4:,initialisation,5082.411382134857,
4:3:4:4:4:2:2:2:4:,initialisation,4916.018624327023,
3:3:4:4:4:4:3:4:3:,initialisation,5736.980555773089,
4:3:4:4:4:3:3:4:3:,initialisation,5249.6761343838625,
4:4:4:4:4:1:1:4:4:,initialisation,4703.1195947258675,
4:4:4:4:4:2:2:4:4:,recombination,4760.7874262913865,4:3:4:4:4:3:3:4:4,4:4:4:4:4:1:2:4:4,MUTATE
4:4:4:4:4:0:1:3:4:,recombination,4407.977789634307,4:4:4:4:4:1:1:4:4,4:4:4:4:4:2:1:4:4
4:4:4:4:4:1:1:2:4:,clone,4554.103375319477,4:3:4:4:4:1:1:2:4
2:2:4:4:4:4:4:4:1:,recombination,6127.947087681629,4:4:4:4:4:3:2:4:4,2:2:4:4:4:3:3:4:2,MUTATE
3:4:4:4:4:3:3:4:3:,recombination,5920.766730093995,3:4:4:4:4:3:3:4:3,4:3:4:4:4:2:3:3:4
4:4:4:4:4:2:2:3:4:,clone,4524.465915346225,4:4:4:4:4:2:2:3:4
4:4:4:4:4:2:1:3:4:,recombination,4641.115076431917,4:4:4:4:4:2:1:3:4,4:4:4:4:4:1:1:2:4
4:4:4:4:4:2:3:3:4:,recombination,5814.222072872785,4:3:4:4:4:1:2:2:4,3:3:4:4:4:2:3:3:3,MUTATE
4:4:4:4:4:2:1:2:4:,recombination,4630.167130227522,4:4:4:4:4:2:2:2:4,4:4:4:4:4:2:1:4:4,MUTATE
3:3:4:4:4:2:2:3:3:,recombination,4577.7284452629465,4:4:4:4:4:0:1:1:4,3:3:4:4:4:1:3:4:3,MUTATE
4:4:4:4:4:2:2:3:4:,clone,4513.635264554628,4:4:4:4:4:2:2:3:4
2:3:4:4:4:3:3:4:2:,clone,5011.692700469712,3:3:4:4:4:2:2:4:3
3:3:4:4:4:3:3:4:2:,recombination,5174.294319696717,4:3:4:4:4:3:3:4:3,3:3:4:4:4:2:2:4:3,MUTATE
3:3:4:4:4:3:2:3:3:,recombination,5432.307382600266,3:3:4:4:4:3:3:3:3,3:3:4:4:4:3:3:4:3,MUTATE
4:4:4:4:4:3:2:4:4:,recombination,5050.081301526533,4:4:4:4:4:3:3:4:4,4:4:4:4:4:2:1:3:4,MUTATE
4:4:4:4:4:0:1:3:4:,recombination,4200.308871630106,4:4:4:4:4:2:2:3:4,4:4:4:4:4:0:1:3:4
4:4:4:4:4:2:2:4:4:,clone,4738.5704223815355,4:4:4:4:4:2:1:4:4
4:3:4:4:4:3:3:4:3:,clone,5123.563550763716,4:3:4:4:4:3:3:4:4
3:3:4:4:4:4:3:4:3:,recombination,5684.094763910063,4:4:4:4:4:2:3:4:4,4:3:4:4:4:3:3:4:4
4:4:4:4:4:1:1:2:4:,clone,4538.70987048949,4:4:4:4:4:1:1:2:4
3:3:4:4:4:1:2:2:3:,clone,4964.487541051925,4:3:4:4:4:1:2:2:4
3:3:4:4:4:3:3:4:2:,recombination,5145.165556326616,4:4:4:4:4:2:3:3:4,3:3:4:4:4:3:3:4:2
3:3:4:4:4:3:4:4:2:,recombination,6011.552710109665,3:4:4:4:4:3:3:4:3,4:3:4:4:4:2:3:4:4,MUTATE
4:3:4:4:4:1:2:3:4:,recombination,4364.187732205047,3:3:4:4:4:2:3:4:3,4:3:4:4:4:2:2:4:4
4:4:4:4:4:1:1:2:4:,recombination,4468.129646310018,4:4:4:4:4:0:1:3:4,4:4:4:4:4:1:1:1:4,MUTATE
4:4:4:4:4:2:3:3:4:,clone,5396.69008851903,4:4:4:4:4:2:3:3:4
4:4:4:4:4:3:2:4:4:,clone,4920.321498631676,4:4:4:4:4:3:2:4:4
3:3:4:4:4:3:3:4:3:,clone,5158.941453898645,3:3:4:4:4:3:3:4:3
4:4:4:4:4:1:2:2:4:,clone,4302.143729648467,4:4:4:4:4:1:2:2:4
4:4:4:4:4:0:1:2:4:,clone,4426.852488239296,4:4:4:4:4:0:1:3:4
4:3:4:4:4:2:3:4:4:,recombination,4695.887793304107,4:4:4:4:4:3:2:4:4,4:3:4:4:4:2:3:4:4
4:4:4:4:4:1:2:4:4:,recombination,4478.045155175244,4:4:4:4:4:2:2:4:4,4:3:4:4:4:1:1:2:4,MUTATE
4:4:4:4:4:2:1:4:4:,clone,4641.115076431917,4:4:4:4:4:2:1:3:4
4:3:4:4:4:2:1:2:4:,clone,4601.525040127247,4:3:4:4:4:2:2:2:4
4:4:4:4:4:1:1:3:4:,clone,4264.2553843286505,4:4:4:4:4:1:2:4:4
4:4:4:4:4:2:2:4:4:,clone,4604.226842737841,4:4:4:4:4:2:2:4:4
3:3:4:4:4:1:2:2:3:,clone,4808.990084973488,4:3:4:4:4:1:2:2:4
2:3:4:4:4:3:4:4:2:,recombination,6427.060941521709,3:3:4:4:4:1:3:4:3,2:3:4:4:4:3:4:4:2
4:4:4:4:4:1:1:1:4:,clone,4271.958326084745,4:4:4:4:4:1:1:2:4
3:3:4:4:4:1:2:4:3:,recombination,4352.940996689826,4:3:4:4:4:0:1:1:4,3:3:4:4:4:4:4:4:3
4:4:4:4:4:1:1:4:4:,clone,4701.665136341195,4:4:4:4:4:1:2:4:4
4:4:4:4:4:3:3:4:4:,clone,4919.833330447751,4:4:4:4:4:3:3:4:4
3:3:4:4:4:4:3:4:3:,clone,5641.643065131483,4:3:4:4:4:4:3:4:3
4:3:4:4:4:2:3:4:3:,clone,5387.0630720048275,4:3:4:4:4:2:3:4:3
2:2:4:4:4:1:3:4:2:,clone,5848.159743258772,2:2:4:4:4:1:3:4:2
4:3:4:4:4:2:2:4:4:,recombination,4102.457629890887,4:3:4:4:4:3:3:4:4,4:4:4:4:4:1:2:4:4
2:3:4:4:4:2:3:4:2:,recombination,5044.812369965145,4:3:4:4:4:2:2:4:4,2:3:4:4:4:2:3:4:2,MUTATE
4:4:4:4:4:1:2:3:4:,clone,4489.890412906463,4:4:4:4:4:1:2:2:4
4:4:4:4:4:2:2:4:4:,recombination,4581.223530503856,4:4:4:4:4:1:3:4:4,4:4:4:4:4:2:2:3:4
4:3:4:4:4:1:2:4:4:,recombination,4666.819274340637,3:3:4:4:4:1:2:4:3,4:4:3:4:4:0:1:3:4,MUTATE
4:3:4:4:4:3:3:4:4:,clone,5010.063953810052,4:3:4:4:4:3:3:4:4
4:4:4:4:4:3:2:4:4:,clone,4883.413785320676,4:3:4:4:4:3:3:4:4
2:2:4:4:4:4:4:4:2:,recombination,6186.857603430881,4:3:4:4:4:4:3:4:4,2:2:4:4:4:3:3:4:2,MUTATE
4:3:4:4:4:2:3:4:4:,recombination,4482.119060163199,4:3:4:4:4:1:2:3:4,4:4:4:4:4:2:2:4:4,MUTATE
2:2:4:4:4:3:3:4:2:,recombination,5784.712983117289,2:2:4:4:4:3:3:4:2,3:3:4:4:4:0:1:1:4,MUTATE
4:4:4:4:4:1:1:2:4:,clone,4395.057637351872,4:4:4:4:4:1:2:2:4
4:4:4:4:4:0:1:1:4:,clone,4167.39501303872,4:3:4:4:4:0:1:1:4
1:2:4:4:1:4:4:4:0:,recombination,6549.356674730818,4:4:4:4:4:2:1:3:4,1:2:4:3:0:4:4:4:0,MUTATE
2:2:4:4:4:4:4:4:1:,recombination,6006.0492314889925,2:3:4:4:4:3:3:4:2,2:2:4:4:4:4:4:4:1
1:2:4:4:1:4:4:4:0:,clone,6384.923647990384,1:2:4:4:1:4:4:4:0
4:4:4:4:4:2:2:4:4:,recombination,4572.698622460968,4:3:4:4:4:3:3:4:4,4:3:4:4:4:2:2:4:4
4:4:4:4:4:2:1:2:4:,clone,4620.174423887905,4:4:4:4:4:2:1:2:4
1:2:4:4:4:2:4:4:1:,recombination,6800.68589059123,2:2:4:4:4:1:3:4:2,4:4:4:4:4:0:1:1:4
4:4:4:4:4:0:1:2:4:,clone,4414.39247824593,4:4:4:4:4:0:1:2:4
4:3:4:4:4:2:2:3:4:,recombination,4770.189208316598,4:4:4:4:4:1:1:1:4,4:4:4:4:4:3:3:4:4,MUTATE
4:3:4:4:4:3:3:4:4:,clone,5006.515482546292,4:3:4:4:4:3:3:4:4
4:4:4:4:4:4:3:4:4:,recombination,5503.404102663122,4:4:4:4:4:2:2:4:4,3:3:4:4:4:4:3:4:3,MUTATE
4:3:4:4:4:4:3:4:4:,clone,5503.404102663122,4:4:4:4:4:4:3:4:4
4:4:4:4:4:3:2:3:4:,recombination,5547.558884871637,4:4:4:4:4:0:1:3:4,4:4:4:4:4:3:2:3:4
3:3:4:4:4:4:3:4:3:,clone,5624.660496696325,4:3:4:4:4:3:3:4:4
4:3:4:4:4:3:3:4:4:,clone,4637.528087050131,4:3:4:4:4:2:3:4:4
4:4:4:4:4:2:3:4:4:,clone,4977.1021957042685,4:4:4:4:4:2:3:4:4
4:4:4:4:4:1:1:2:4:,clone,4383.08159001004,4:4:4:4:4:1:2:2:4
4:3:4:4:4:4:3:4:3:,clone,5503.404102663122,4:3:4:4:4:4:3:4:4
4:3:4:4:4:0:2:2:4:,recombination,4266.087728729532,4:3:4:4:4:2:2:2:4,4:4:4:4:4:1:1:2:4
4:4:4:4:4:2:2:4:4:,recombination,4518.539150692765,4:4:4:4:4:2:1:3:4,4:3:4:4:4:2:2:4:4,MUTATE
4:4:4:4:4:1:2:3:4:,recombination,4006.5846715483326,4:3:4:4:4:3:3:4:4,4:4:4:4:4:1:2:2:4
3:2:4:4:4:3:3:4:2:,recombination,5276.328713037244,4:4:4:4:4:1:1:2:4,4:3:4:4:4:4:3:4:4,MUTATE
3:3:4:4:4:3:3:4:3:,recombination,4959.637875728629,4:4:4:4:4:0:1:1:4,4:3:4:4:4:4:3:4:3
4:3:4:4:4:2:2:2:4:,clone,4797.8024055207825,4:3:4:4:4:2:2:2:4
4:3:4:4:4:3:3:4:3:,clone,4669.220318448828,4:3:4:4:4:3:3:4:3
4:3:4:4:4:3:3:4:3:,clone,4637.528087050131,4:3:4:4:4:3:3:4:3
3:3:4:4:4:3:3:4:3:,recombination,4419.453845357049,4:3:4:4:4:3:3:4:3,4:4:4:4:4:2:1:4:4,MUTATE
4:4:4:4:4:1:1:2:4:,recombination,4045.2222033215157,4:4:4:4:4:1:2:3:4,3:3:4:4:4:1:3:4:3
2:2:4:4:4:4:4:4:2:,clone,6092.327829318954,2:2:4:4:4:4:4:4:1
3:3:4:4:4:4:3:4:2:,recombination,5961.536754075827,3:3:4:4:4:4:3:4:3,4:3:4:4:4:3:3:4:4
4:4:4:4:4:1:1:4:4:,recombination,4382.9834159603415,4:4:4:4:4:1:1:2:4,4:3:4:4:4:3:3:4:4,MUTATE
4:3:4:4:4:2:2:3:4:,clone,4765.593253748793,4:3:4:4:4:1:2:3:4
4:3:4:4:4:1:2:4:4:,clone,4509.470249058577,4:3:4:4:4:1:2:3:4
4:3:4:4:4:1:2:3:4:,clone,4191.292723293865,4:3:4:4:4:1:2:3:4
4:4:4:4:4:2:2:4:4:,recombination,4441.62171021631,4:4:4:4:4:1:1:4:4,3:3:4:4:4:3:4:4:2
1:2:4:4:4:3:4:4:1:,recombination,5424.946221575117,0:2:4:3:0:4:4:4:0,4:4:4:4:4:2:2:2:4,MUTATE
2:3:4:4:4:4:4:4:2:,clone,5624.660496696325,3:3:4:4:4:4:3:4:2
4:3:4:4:4:2:2:3:4:,clone,4720.579015598271,4:3:4:4:4:2:2:3:4
4:3:4:4:4:1:2:4:4:,recombination,4241.2935019583565,4:3:4:4:4:1:2:3:4,4:4:4:4:4:1:2:3:4
2:2:4:4:4:4:4:4:2:,clone,5725.852182185795,3:3:4:4:4:4:4:4:2
2:3:4:4:4:3:4:4:2:,recombination,5110.280372975374,3:3:4:4:4:3:3:4:2,4:3:4:4:4:3:3:4:3
3:3:4:4:4:4:3:4:3:,clone,5593.475200738302,3:3:4:4:4:4:3:4:3
1:2:4:4:2:4:4:4:1:,recombination,6153.737324629844,3:3:4:4:4:2:4:4:2,3:3:4:4:4:4:4:4:2
4:4:4:4:4:0:2:4:4:,clone,4993.93317774571,4:4:4:4:4:0:2:4:4
4:3:4:4:4:2:3:4:3:,clone,5039.542841719835,4:3:4:4:4:3:3:4:3
2:2:4:4:3:4:4:4:2:,recombination,5642.847695722159,3:3:4:4:4:4:4:4:2,4:4:4:4:4:2:1:2:4
2:2:4:4:4:4:4:4:2:,clone,5535.130312646145,2:2:4:4:4:4:4:4:2
4:4:4:4:4:1:1:3:4:,recombination,4155.375443609857,4:4:4:4:4:1:1:4:4,4:4:4:4:4:1:1:1:4,MUTATE
2:2:4:4:3:4:4:4:1:,clone,5848.345900482133,2:2:4:4:4:4:4:4:2
4:4:4:4:4:3:2:3:4:,recombination,5540.990043376998,4:4:4:4:4:3:2:3:4,4:3:4:4:4:0:1:1:4
3:3:4:4:4:1:3:4:3:,recombination,4697.290919748742,4:4:4:4:4:0:1:2:4,4:4:4:4:4:2:2:4:4,MUTATE
4:4:4:4:4:0:2:4:4:,recombination,4907.444009863624,4:4:4:4:4:0:2:4:4,4:4:4:4:4:1:2:3:4,MUTATE
1:2:4:4:2:4:4:4:1:,clone,5683.775430507321,2:2:4:4:2:4:4:4:1
4:4:4:4:4:0:1:2:4:,recombination,4138.156524909025,3:3:4:4:4:2:3:4:3,3:3:4:4:4:1:2:3:3
4:3:4:4:4:2:2:2:4:,clone,4649.943438599462,4:3:4:4:4:2:2:2:4
3:3:4:4:4:2:3:4:2:,recombination,5096.332903809304,4:4:4:4:4:1:2:4:4,3:3:4:4:4:1:3:4:3,MUTATE
3:3:4:4:4:3:3:4:2:,clone,4937.403562493781,3:3:4:4:4:3:3:4:2
4:4:4:4:4:2:2:4:4:,recombination,4293.842023238985,4:4:4:4:4:1:2:3:4,4:4:4:4:4:1:1:1:4,MUTATE
4:4:4:4:4:2:2:3:4:,recombination,4459.60391300843,4:4:4:4:4:2:2:2:4,3:3:4:4:4:2:2:4:3
4:4:4:4:4:1:3:3:4:,clone,5573.875128125536,4:4:4:4:4:1:3:4:4
4:3:4:4:4:3:2:3:4:,clone,5551.4363505959755,3:3:4:4:4:3:3:3:3
4:3:4:4:4:1:3:4:4:,clone,4864.668975254702,4:3:4:4:4:1:2:4:4
4:3:4:4:4:2:2:3:4:,clone,4616.037855191864,4:4:4:4:4:2:2:3:4
1:2:4:4:4:2:4:4:1:,clone,6790.984027881921,1:2:4:4:4:2:4:4:1
3:3:4:4:4:2:4:4:3:,recombination,5797.693225652707,4:4:4:4:4:2:3:4:4,2:3:4:4:4:2:3:4:2,MUTATE
4:3:4:4:4:2:3:4:4:,clone,4379.795949691128,4:3:4:4:4:2:3:4:4
3:3:4:4:4:4:4:4:2:,recombination,5395.941031257488,3:3:4:4:4:2:3:4:3,3:3:4:4:4:4:3:4:3,MUTATE
4:4:4:4:4:2:3:4:4:,clone,4675.355007791262,4:4:4:4:4:2:3:4:4
2:2:4:4:4:3:4:4:2:,recombination,5327.454684958365,4:3:4:4:4:2:3:4:3,3:4:4:4:4:3:3:4:3
2:3:4:4:4:4:4:4:2:,clone,5401.784827922737,2:2:4:4:4:4:4:4:2
3:3:4:4:4:3:4:4:2:,recombination,5508.235748746278,2:2:4:4:4:4:4:4:1,1:2:4:4:4:2:4:4:1
3:3:4:4:4:2:3:4:3:,recombination,4632.996057587431,4:3:4:4:4:1:2:4:4,4:4:4:4:4:1:1:2:4
2:2:4:4:3:4:4:4:1:,recombination,5492.609019909854,2:3:4:4:4:4:4:4:2,4:3:4:4:4:4:3:4:4,MUTATE
3:3:4:4:4:3:3:4:2:,recombination,4738.0159983187505,4:3:4:4:4:3:3:4:3,3:3:4:4:4:3:3:4:3,MUTATE
4:3:4:4:4:2:2:3:4:,recombination,4568.542614380129,4:4:4:4:4:0:1:1:4,4:4:4:4:4:1:1:3:4
2:2:4:4:4:4:4:4:1:,recombination,4808.815242039687,3:3:4:4:4:3:3:4:2,4:4:4:4:4:3:3:4:4,MUTATE
4:3:4:4:4:2:3:3:4:,recombination,5453.509920613422,4:3:4:4:4:1:2:2:4,3:3:4:4:4:2:3:3:3
3:3:4:4:4:1:2:4:3:,recombination,4100.789973303237,4:4:4:4:4:0:0:0:4,4:3:4:4:4:3:3:4:3,MUTATE
3:3:4:4:4:2:3:4:3:,clone,4448.288005841899,3:3:4:4:4:2:3:4:3
4:4:4:4:4:1:0:2:4:,recombination,5939.634100680831,4:4:3:4:4:1:0:3:4,4:3:4:4:4:2:2:3:4
4:3:4:4:4:1:2:4:4:,recombination,4116.3424820610335,4:3:4:4:4:2:3:4:3,4:4:4:4:4:0:0:0:4,MUTATE
1:2:4:4:3:4:4:4:1:,clone,5872.041911741838,1:2:4:4:3:4:4:4:1
1:2:4:4:3:4:4:4:1:,recombination,5750.923482393477,2:3:4:4:4:2:3:4:2,1:2:4:4:4:3:4:4:1
4:4:4:4:4:0:1:4:4:,clone,5107.142424643265,4:4:4:4:4:0:1:4:4
3:3:4:4:4:2:3:4:3:,recombination,4313.917823146368,4:3:4:4:4:1:3:3:4,3:3:4:4:4:2:3:4:3
3:3:4:4:4:1:2:4:3:,clone,4066.809772827191,3:3:4:4:4:2:3:4:3
3:3:4:4:4:1:3:4:3:,recombination,4330.771376623297,4:4:4:4:4:1:1:4:4,3:3:4:4:4:2:3:4:3
2:2:4:4:4:3:4:4:2:,clone,5325.902842488092,2:2:4:4:4:3:4:4:2
3:3:4:4:4:2:3:3:3:,recombination,5041.819602332456,3:3:4:4:4:2:3:4:3,4:3:4:4:4:1:2:2:4,MUTATE
2:3:4:4:3:4:4:4:1:,recombination,5799.970476770594,3:3:4:4:4:4:3:4:2,2:2:4:4:3:4:4:4:2
1:2:4:4:1:4:4:4:1:,clone,6172.200414406129,1:2:4:4:1:4:4:4:1
3:3:4:4:4:3:4:4:2:,clone,5202.284666350442,3:3:4:4:4:3:4:4:2
3:3:4:4:4:2:3:4:2:,recombination,4767.15112824,3:3:4:4:4:1:3:4:3,4:4:4:4:4:1:2:2:4
2:2:4:4:4:4:4:4:2:,recombination,5289.302551416322,4:4:4:4:4:3:3:4:4,2:3:4:4:4:3:4:4:2,MUTATE
2:2:4:4:3:4:4:4:1:,clone,5320.758054691942,2:3:4:4:4:3:4:4:2
3:3:4:4:4:3:4:4:3:,recombination,5468.352797471961,3:3:4:4:4:2:2:4:3,3:3:4:4:4:1:3:4:3
3:3:4:4:4:2:4:4:3:,clone,5709.08682886633,3:3:4:4:4:2:4:4:3
4:4:4:4:4:0:1:4:4:,recombination,5103.857467763607,4:4:4:4:4:0:1:4:4,4:3:4:4:4:0:2:2:4,MUTATE
3:3:4:4:4:1:3:3:3:,clone,5457.28192621185,3:3:4:4:4:1:3:3:3
2:2:4:4:4:4:4:4:2:,clone,5017.609415855135,2:2:4:4:4:4:4:4:2
3:3:4:4:4:2:3:4:2:,recombination,4549.503687644927,3:3:4:4:4:2:3:4:2,4:4:4:4:4:2:2:4:4
4:3:4:4:4:1:1:2:4:,clone,4273.676210228192,4:4:4:4:4:0:1:1:4
2:2:4:4:3:4:4:4:1:,clone,4826.245866879702,2:2:4:4:3:4:4:4:1
3:3:4:4:4:4:3:4:2:,clone,5101.578369294803,3:3:4:4:4:3:3:4:2
4:3:4:4:4:2:3:3:4:,clone,5012.230990793265,4:3:4:4:4:2:3:3:4
3:3:4:4:4:4:4:4:3:,recombination,5219.033674677917,4:4:4:4:4:1:3:4:4,4:4:4:4:4:1:1:4:4,MUTATE
3:3:4:4:4:3:3:4:2:,clone,4731.503918038363,3:3:4:4:4:3:3:4:2
4:3:4:4:4:1:2:2:4:,recombination,4771.142010204783,2:2:4:4:4:4:4:4:1,4:3:4:4:4:0:1:1:4,MUTATE
2:2:4:4:2:4:4:4:1:,clone,5364.023072524518,2:2:4:4:3:4:4:4:1
3:3:4:4:4:3:4:4:2:,recombination,4996.199306556471,3:3:4:4:4:3:4:4:3,2:2:4:4:3:4:4:4:1
4:3:4:4:4:2:3:4:3:,recombination,4778.893317530808,3:3:4:4:4:2:3:3:3,4:4:4:4:4:2:2:4:4
1:2:4:4:1:4:4:4:0:,clone,6079.60522048774,1:2:4:4:1:4:4:4:0
2:3:4:4:4:3:3:4:2:,clone,4930.016058263661,2:3:4:4:4:3:3:4:2
2:2:4:4:2:4:4:4:1:,recombination,5115.437477440335,2:3:4:4:4:3:4:4:2,4:4:4:4:4:1:3:4:4,MUTATE
2:3:4:4:3:4:4:4:1:,clone,5731.16156716864,2:3:4:4:3:4:4:4:1
3:3:4:4:4:2:3:4:2:,recombination,4436.98304995192,4:3:4:4:4:2:2:3:4,4:4:4:4:4:1:1:2:4,MUTATE
3:3:4:4:4:3:4:4:3:,clone,5194.816393737914,3:3:4:4:4:3:4:4:2
2:3:4:4:4:3:4:4:2:,recombination,5081.770646462844,4:3:4:4:4:3:3:4:4,4:3:4:4:4:1:2:3:4
3:3:4:4:4:3:3:4:2:,recombination,4656.889572210185,3:3:4:4:4:2:3:4:2,1:2:4:4:4:3:4:4:1,MUTATE
1:2:4:4:4:2:3:4:1:,clone,6812.783890082795,1:2:4:4:4:2:4:4:1
3:3:4:4:4:3:4:4:2:,recombination,4991.275862874138,3:3:4:4:4:3:3:4:3,3:3:4:4:4:3:4:4:2
2:3:4:4:3:4:4:4:1:,recombination,5408.815702013952,2:3:4:4:4:3:4:4:2,4:4:4:4:4:2:3:4:4
2:3:4:4:4:4:4:4:2:,recombination,5178.040373649675,2:2:4:4:4:4:4:4:2,4:4:4:4:4:1:2:3:4
2:2:4:4:4:2:3:4:2:,clone,5677.694678935034,2:2:4:4:4:1:3:4:2
2:2:4:4:4:3:4:4:1:,clone,4983.629563915292,2:3:4:4:4:3:3:4:2
2:2:4:4:4:3:4:4:1:,clone,4969.231945279069,2:2:4:4:4:3:4:4:1
2:2:4:4:2:4:4:4:1:,recombination,4811.848248243478,4:4:4:4:4:1:2:3:4,4:4:4:4:4:2:2:4:4,MUTATE
3:3:4:4:4:3:3:4:2:,clone,4587.485768155148,3:3:4:4:4:3:3:4:2
2:3:4:4:4:4:4:4:1:,recombination,6232.442617180747,3:3:4:4:4:4:4:4:2,3:3:4:4:4:4:4:4:2
2:2:4:4:4:3:4:4:1:,recombination,4656.4363496731485,4:4:4:4:4:0:0:0:4,4:4:4:4:4:1:1:3:4,MUTATE
3:2:4:4:4:4:4:4:2:,recombination,5813.300779256818,4:4:4:4:4:1:2:4:4,4:4:4:4:4:2:3:4:4,MUTATE
2:3:4:4:4:2:4:4:2:,recombination,6392.853682410412,1:2:4:4:4:2:4:4:1,3:3:4:4:4:3:4:4:2
2:2:4:4:3:3:4:4:1:,recombination,5063.440072860884,4:3:4:4:4:2:3:4:4,2:2:4:4:4:4:4:4:2,MUTATE
2:2:4:4:4:3:3:4:2:,recombination,5012.4206046642785,4:3:4:4:4:1:1:2:4,2:3:4:4:4:3:3:4:2,MUTATE
2:2:4:4:2:4:4:4:1:,clone,4662.855773515371,2:2:4:4:2:4:4:4:1
1:2:4:3:0:4:4:4:0:,recombination,5072.19044090827,4:3:4:4:4:2:3:4:4,4:3:4:4:4:2:2:4:4,MUTATE
2:3:4:4:4:3:3:4:2:,recombination,4575.372799390492,4:3:4:4:4:3:3:4:4,3:3:4:4:4:2:3:4:2,MUTATE
3:2:4:4:4:4:4:4:2:,recombination,5813.300779256817,3:2:4:4:4:4:4:4:2,2:3:4:4:4:4:4:4:2
2:3:4:4:4:2:4:4:2:,clone,5966.039078447565,2:3:4:4:4:2:4:4:2
4:4:2:4:4:0:0:3:4:,recombination,6055.2659521838,4:4:4:4:4:1:2:3:4,4:4:2:4:4:0:0:2:4
4:3:4:4:4:1:1:1:4:,clone,3921.8059650288687,4:3:4:4:4:1:1:2:4
2:2:4:4:4:4:4:4:1:,clone,4766.257962433751,2:2:4:4:4:4:4:4:1
1:2:4:4:1:4:4:4:0:,recombination,5894.680452499179,4:4:4:4:4:0:1:3:4,1:2:4:4:2:4:4:4:1
1:2:4:3:1:4:4:4:0:,recombination,5330.483863567421,2:3:4:4:4:4:4:4:2,1:2:4:3:0:4:4:4:0
2:2:4:4:4:3:3:4:2:,clone,4641.032264306106,2:2:4:4:4:3:3:4:2
4:4:2:4:4:0:0:2:4:,clone,6055.2659521838,4:4:2:4:4:0:0:2:4
2:2:4:4:4:3:4:4:1:,clone,4633.955628021724,2:2:4:4:4:3:4:4:1
1:2:4:4:2:4:4:4:1:,recombination,5498.469474083543,2:3:4:4:4:3:4:4:2,3:3:4:4:4:1:2:4:3,MUTATE
1:2:4:4:3:4:4:4:1:,recombination,5015.535434619456,2:2:4:4:4:3:4:4:1,4:3:4:4:4:2:3:4:4
2:2:4:4:4:3:4:4:1:,recombination,4631.261121899134,4:4:4:4:4:0:0:0:4,4:4:4:4:4:1:1:2:4,MUTATE
3:3:4:4:4:4:3:4:3:,recombination,5429.370215063194,1:2:4:4:1:4:4:4:0,4:3:4:4:4:3:3:4:4,MUTATE
2:2:4:4:2:3:4:4:1:,clone,5040.500734633166,2:2:4:4:2:4:4:4:1
0:2:4:3:0:4:4:4:0:,recombination,6612.395973007643,4:4:4:4:4:3:2:2:4,0:2:4:3:0:4:4:4:0,MUTATE
4:4:3:4:4:1:1:3:4:,clone,6233.0845853819155,4:4:3:4:4:1:1:3:4
2:2:4:4:3:4:4:4:2:,recombination,5604.726214670931,4:4:4:4:4:1:2:4:4,4:4:4:4:4:1:2:2:4,MUTATE
4:4:2:4:4:0:0:2:4:,clone,5975.729741613101,4:4:2:4:4:0:0:3:4
2:2:4:4:4:3:4:4:2:,recombination,5027.809455112263,4:3:4:4:4:2:3:4:3,2:2:4:4:2:4:4:4:1
2:2:4:4:4:2:4:4:1:,recombination,6576.96352626483,1:2:4:4:4:2:4:4:1,3:3:4:4:4:2:3:4:2,MUTATE
4:3:4:4:4:3:4:4:3:,recombination,5656.600641322908,4:4:3:4:4:1:1:4:4,3:3:4:4:4:3:4:4:3,MUTATE
3:2:4:4:4:4:4:4:2:,recombination,5595.891001530957,4:3:4:4:4:3:3:4:4,4:3:4:4:4:2:2:4:4
1:2:4:4:4:2:3:4:1:,clone,6699.104989202722,1:2:4:4:4:2:4:4:1
2:2:4:4:4:2:4:4:2:,clone,5861.316930188098,2:2:4:4:4:2:3:4:2
1:2:4:4:0:4:4:4:0:,clone,6242.221028392677,1:2:4:3:0:4:4:4:0
4:3:4:4:4:4:3:4:3:,clone,5412.040680368179,3:3:4:4:4:3:3:4:3
2:3:4:4:4:4:4:4:1:,clone,6225.3333951874465,2:3:4:4:4:4:4:4:1
3:2:4:4:3:4:4:4:2:,recombination,6195.676807550602,3:3:4:4:4:4:4:4:3,3:3:4:4:4:1:2:4:3
1:2:4:4:0:4:4:4:0:,recombination,6133.23614827369,1:2:4:4:4:3:4:4:1,1:2:4:4:1:4:4:4:0,MUTATE
2:3:4:4:4:4:4:4:1:,clone,6188.115400525427,2:3:4:4:4:4:4:4:1
3:3:4:4:4:4:4:4:2:,clone,5310.85767190567,2:3:4:4:4:4:4:4:2
1:2:4:4:2:3:4:4:0:,recombination,6822.187044916795,2:2:4:4:4:2:3:4:2,4:4:4:4:4:2:2:4:4
2:2:4:4:4:1:3:4:2:,clone,5685.409958595602,2:2:4:4:4:1:3:4:2
2:3:4:4:4:3:4:4:1:,recombination,5745.2422827659575,4:4:4:4:4:1:2:4:4,2:2:4:4:4:3:4:4:1
2:2:4:4:4:4:4:4:2:,recombination,5004.668509616003,4:3:4:4:4:2:2:4:4,4:4:4:4:4:1:2:4:4
3:2:4:4:4:3:4:4:2:,clone,5218.809999982189,3:3:4:4:4:3:4:4:2
4:4:2:4:4:0:0:2:4:,clone,5954.923503778282,4:4:2:4:4:0:0:2:4
2:3:4:4:4:4:4:4:1:,recombination,5828.839130803547,3:3:4:4:4:2:3:3:3,0:2:4:3:0:4:4:4:0
2:2:4:4:1:4:4:4:1:,recombination,5216.97031646707,2:2:4:4:4:4:4:4:2,2:2:4:4:3:4:4:4:2,MUTATE
1:2:4:4:3:3:4:4:0:,recombination,7010.053928185597,1:2:4:4:4:2:3:4:1,4:4:4:4:4:1:2:2:4
1:2:4:4:2:3:4:4:0:,clone,6661.604288091848,1:2:4:4:2:3:4:4:0
3:3:4:4:4:2:4:4:2:,recombination,6478.122381545402,2:2:4:4:4:2:4:4:2,4:4:4:4:4:1:3:4:4
2:2:4:4:4:2:4:4:2:,clone,5752.80361733218,2:2:4:4:4:2:4:4:2
2:2:4:4:3:3:4:4:1:,recombination,5053.093043543841,3:3:4:4:4:3:4:4:3,4:4:4:4:4:3:3:4:4
2:2:4:4:4:2:4:4:1:,clone,6293.4984806825105,2:2:4:4:4:2:4:4:1
1:2:4:4:2:3:4:4:0:,recombination,6599.9405159025955,1:2:4:4:2:3:4:4:0,3:2:4:4:3:4:4:4:2,MUTATE
1:2:4:3:1:4:4:4:0:,recombination,5020.08734748551,3:3:4:4:4:2:2:4:3,1:2:4:4:4:3:4:4:1
1:2:4:4:2:4:4:4:1:,recombination,5438.159016456468,3:3:4:4:4:3:3:4:2,3:4:4:4:4:3:3:4:3,MUTATE
1:2:4:4:2:3:4:4:0:,recombination,6419.882460034909,2:2:4:4:4:2:4:4:1,4:4:4:4:4:1:2:4:4,MUTATE
3:3:4:4:4:2:3:3:3:,recombination,5007.9367527536915,3:3:4:4:4:3:4:4:2,4:3:4:4:4:1:2:2:4
4:4:4:4:4:0:0:1:4:,recombination,3902.128285207318,4:4:4:4:4:0:0:1:4,3:3:4:4:4:4:3:4:3,MUTATE
1:2:4:4:2:4:4:4:1:,clone,5121.477670117912,2:2:4:4:2:4:4:4:1
3:3:4:4:4:4:4:4:2:,recombination,5288.248001964086,2:3:4:4:4:3:4:4:2,3:3:4:4:4:4:3:4:3
3:3:4:4:4:4:3:4:3:,clone,5228.78683135002,3:3:4:4:4:4:3:4:3
1:2:4:4:3:3:4:4:1:,recombination,6084.993177609107,3:3:4:4:4:2:3:3:3,4:4:4:4:4:1:2:2:4
1:2:4:4:3:3:4:4:1:,clone,6037.614782511809,2:2:4:4:4:3:4:4:1
3:3:4:4:4:4:4:4:2:,recombination,5228.786831350019,2:2:4:4:3:4:4:4:1,4:3:4:4:4:3:3:4:3
4:4:3:4:4:1:0:2:4:,clone,5828.42827447915,4:4:3:4:4:1:0:2:4
1:2:4:4:1:4:4:4:0:,clone,5730.222337446448,1:2:4:4:1:4:4:4:0
2:3:4:4:4:1:3:4:2:,recombination,5507.957724363888,4:4:2:4:4:0:0:3:4,2:2:4:4:4:1:3:4:2,MUTATE
2:2:4:4:4:2:3:4:2:,recombination,4957.688368337584,3:3:4:4:4:2:2:3:3,2:2:4:4:4:4:4:4:2,MUTATE
3:2:4:4:4:3:3:4:2:,recombination,5173.564832263752,3:3:4:4:4:2:3:4:3,3:3:4:4:4:3:4:4:2
1:2:4:4:1:4:4:4:1:,recombination,5273.377037866919,4:4:4:4:4:2:2:4:4,1:2:4:4:0:4:4:4:0
1:2:4:4:1:4:4:4:0:,recombination,5697.959592549558,1:2:4:4:3:4:4:4:1,4:4:4:4:4:2:2:4:4,MUTATE
2:3:4:4:4:4:3:4:2:,recombination,4963.658841161614,4:3:4:4:4:1:2:3:4,4:3:4:4:4:3:3:4:4,MUTATE
2:2:4:4:4:3:4:4:2:,clone,4742.5259485443685,2:2:4:4:4:3:4:4:2
1:2:4:4:1:4:4:4:0:,recombination,5535.0442429338755,2:2:4:4:4:3:4:4:1,4:4:4:4:4:3:2:4:4
1:2:4:4:3:3:4:4:1:,recombination,5716.495129430955,3:3:4:4:4:3:3:4:2,2:2:4:4:4:3:4:4:2,MUTATE
2:2:4:4:3:3:4:4:1:,clone,5032.390648258152,2:2:4:4:3:3:4:4:1
2:2:4:4:4:4:3:4:2:,clone,4951.037041452472,2:2:4:4:4:4:3:4:2
1:2:4:4:1:4:4:4:0:,recombination,5493.02423263821,1:2:4:4:1:4:4:4:0,4:4:4:4:4:0:1:4:4,MUTATE
3:2:4:4:4:4:4:4:2:,clone,5387.686771495264,3:3:4:4:4:4:4:4:2
3:2:4:4:4:4:4:4:2:,clone,5305.1985451331975,3:3:4:4:4:4:4:4:2
3:2:4:4:4:2:3:4:2:,recombination,5190.820607284284,3:3:4:4:4:2:2:2:3,2:2:4:4:4:4:4:4:2,MUTATE
1:2:4:2:0:4:4:4:0:,recombination,5541.399435507605,2:2:4:4:2:4:4:4:1,2:3:4:4:4:4:4:4:1,MUTATE
1:2:4:4:1:4:4:4:0:,clone,5453.588982198801,1:2:4:4:1:4:4:4:0
3:3:4:4:4:2:4:4:2:,recombination,6257.099789323654,1:2:4:4:2:3:4:4:0,3:3:4:4:4:2:4:4:2
1:2:4:4:1:4:4:4:0:,clone,5293.801957602896,1:2:4:4:1:4:4:4:0
1:2:4:4:1:4:4:4:0:,recombination,5291.639507329128,3:3:4:4:4:2:3:4:3,3:3:4:4:4:4:3:4:2
3:3:4:4:4:4:4:4:2:,clone,5058.483096709841,3:3:4:4:4:4:4:4:2
1:2:4:4:1:4:4:4:0:,clone,5244.958710626246,1:2:4:4:1:4:4:4:0
3:2:4:4:4:4:3:4:2:,recombination,5393.478736663155,3:3:4:4:4:3:4:4:2,4:3:4:4:4:2:2:2:4
1:2:4:4:4:3:3:4:1:,recombination,5187.827173932014,2:2:4:4:4:2:3:4:2,2:2:4:4:4:4:4:4:1
1:2:4:4:2:4:4:4:0:,recombination,6009.382231990928,2:2:4:4:4:4:4:4:1,2:3:4:4:4:3:4:4:1
3:2:4:4:4:3:3:4:2:,clone,5097.7007932974575,3:3:4:4:4:4:4:4:2
2:3:4:4:4:2:3:4:2:,recombination,4925.932940427165,4:4:4:4:4:0:0:0:4,3:3:4:4:4:2:2:3:3,MUTATE
3:2:4:4:4:4:4:4:2:,clone,4974.625104883806,3:2:4:4:4:4:4:4:2
0:2:4:3:0:4:4:4:0:,clone,6018.266757813665,1:2:4:3:0:4:4:4:0
2:2:4:4:4:2:3:4:1:,recombination,4791.114888252668,2:3:4:4:4:2:3:4:2,4:4:4:4:4:2:2:4:4,MUTATE
2:2:4:4:4:4:4:4:2:,clone,4969.191412007122,2:2:4:4:4:4:4:4:2
3:2:4:4:4:3:3:4:2:,clone,4767.127353048066,3:2:4:4:4:3:3:4:2
2:2:4:4:4:3:3:4:1:,recombination,5524.4947115597115,4:4:4:4:4:1:2:4:4,3:3:4:4:4:3:3:4:3,MUTATE
3:2:4:4:4:4:4:4:2:,clone,4932.936410928237,3:2:4:4:4:4:4:4:2
2:3:4:4:3:4:4:4:2:,clone,6405.379217427287,2:3:4:4:3:4:4:4:2
3:2:4:4:4:2:3:4:2:,recombination,4962.098096090576,4:3:4:4:4:2:2:3:4,2:3:4:4:4:2:3:4:2
2:3:4:4:3:4:4:4:2:,recombination,6289.320617631001,4:4:4:4:4:1:1:2:4,4:4:4:4:4:1:2:2:4
2:2:4:4:4:3:3:4:1:,recombination,5001.946565183017,3:3:4:4:4:2:2:3:3,4:3:4:4:4:2:2:4:4,MUTATE
2:2:4:4:4:2:2:4:2:,recombination,4648.110387654986,3:3:4:4:4:2:2:3:3,4:4:4:4:4:1:2:2:4,MUTATE
1:2:4:4:2:4:4:4:0:,clone,5542.027828456553,1:2:4:4:2:4:4:4:0
4:3:4:4:4:4:4:4:3:,recombination,6814.98201979024,4:4:4:4:4:1:3:4:4,1:2:4:4:2:3:4:4:0,MUTATE
2:3:4:4:4:4:4:4:1:,recombination,5522.697279425619,1:2:4:3:0:4:4:4:0,4:4:4:4:4:2:2:2:4
1:2:4:4:2:3:4:4:1:,recombination,6146.28745032438,2:2:4:4:3:4:4:4:2,2:2:4:4:4:4:4:4:1
3:3:4:4:3:4:4:4:2:,clone,5903.699930049427,2:3:4:4:3:4:4:4:2
2:2:4:4:4:2:4:4:2:,clone,4955.2901113951375,2:2:4:4:4:2:4:4:2
3:2:4:4:4:2:4:4:2:,recombination,5399.66444486629,4:3:4:4:4:2:2:3:4,3:3:4:4:4:2:3:4:2,MUTATE
1:2:4:4:2:4:4:4:0:,recombination,4986.892697148426,1:2:4:4:1:4:4:4:1,2:3:4:4:4:3:4:4:2,MUTATE
4:3:4:4:4:3:2:4:4:,recombination,5018.540999371832,4:3:4:4:4:3:2:4:4,4:3:4:4:4:3:3:4:3
2:2:4:4:4:2:4:4:1:,recombination,5614.583112749832,3:3:4:4:4:1:3:3:3,4:4:4:4:4:1:1:2:4
1:2:4:2:0:4:4:4:0:,recombination,5380.825211769494,4:4:4:4:4:2:2:4:4,1:2:4:4:1:4:4:4:0
1:2:4:4:1:4:4:4:0:,clone,5158.868974222279,2:2:4:4:3:4:4:4:1
1:2:4:4:4:3:4:4:1:,recombination,4997.212825510889,3:3:4:4:4:2:3:4:3,4:3:4:4:4:1:2:2:4,MUTATE
1:2:4:4:2:4:4:4:0:,recombination,4929.22572692095,1:2:4:4:2:4:4:4:0,3:3:4:4:4:3:3:4:2
4:3:4:4:4:2:2:3:4:,clone,4402.475067161237,4:3:4:4:4:2:2:3:4
1:2:4:4:2:4:4:4:0:,clone,4925.6772556571905,1:2:4:4:2:4:4:4:0
1:2:4:2:0:4:4:4:0:,recombination,5252.639526017915,3:3:4:4:4:3:3:4:2,4:4:4:4:4:2:2:4:4,MUTATE
3:2:4:4:4:2:4:4:2:,clone,5153.0355540305245,3:2:4:4:4:2:3:4:2
3:2:4:4:4:3:4:4:2:,recombination,5098.0793521588475,4:4:4:4:4:1:3:3:4,4:3:4:4:4:2:2:4:4,MUTATE
3:3:4:4:4:2:4:4:2:,recombination,6157.986072433126,2:3:4:4:4:3:3:4:2,4:4:4:4:4:0:0:0:4,MUTATE
1:2:4:4:4:4:4:4:1:,clone,6096.916834677542,1:2:4:4:4:4:4:4:1
1:1:4:3:0:4:4:4:0:,recombination,6676.1595977909565,3:3:4:4:4:3:3:4:2,0:2:4:3:0:4:4:4:0,MUTATE
1:1:4:3:0:4:4:4:0:,recombination,6003.669551892566,3:3:4:4:4:4:4:4:3,3:3:4:4:4:1:3:4:3
1:1:4:3:0:4:4:4:0:,clone,5880.250378600882,1:1:4:3:0:4:4:4:0
1:2:4:4:3:3:4:4:1:,clone,5513.883799501822,1:2:4:4:3:3:4:4:1
3:2:4:4:4:2:4:4:2:,clone,5064.271357480537,3:2:4:4:4:2:4:4:2
2:2:4:4:3:3:4:4:1:,clone,5011.648679926197,2:2:4:4:3:3:4:4:1
1:2:4:2:0:4:4:4:0:,recombination,5235.890196996989,3:3:4:4:4:3:3:4:2,2:2:4:4:4:3:4:4:2,MUTATE
1:2:4:2:0:4:4:4:0:,clone,5167.661306635479,1:2:4:2:0:4:4:4:0
1:2:4:4:2:3:4:4:0:,clone,6413.629747465492,1:2:4:4:3:3:4:4:1
1:2:4:4:4:3:4:4:1:,recombination,4810.447240340546,3:3:4:4:4:4:3:4:3,3:2:4:4:4:2:3:4:2
1:2:4:2:0:4:4:4:0:,recombination,5024.138003049159,4:4:4:4:4:1:2:3:4,4:4:4:4:4:2:2:4:4
1:2:4:4:4:4:4:4:1:,recombination,5358.49780158624,3:3:4:4:4:3:3:4:3,4:3:4:4:4:2:3:4:4,MUTATE
3:3:4:4:4:2:2:4:3:,recombination,4457.498384547399,4:3:4:4:4:2:1:3:4,4:3:4:4:4:2:2:3:4,MUTATE
1:2:4:4:1:4:4:4:1:,recombination,5197.007689244716,3:3:4:4:4:4:3:4:3,3:3:4:4:4:3:4:4:2
1:1:4:3:0:4:4:4:0:,recombination,5731.759635981887,3:2:4:4:4:2:4:4:2,2:2:4:4:2:3:4:4:1,MUTATE
0:2:4:2:0:4:4:4:0:,clone,5053.832931815422,1:2:4:3:1:4:4:4:0
1:1:4:2:0:4:4:4:0:,recombination,5627.794729273629,3:3:4:4:4:2:3:4:3,4:3:4:4:4:3:3:4:4,MUTATE
1:2:4:4:0:4:4:4:0:,recombination,6067.64727599515,4:4:4:4:4:2:1:4:4,4:3:4:4:4:2:3:4:4,MUTATE
3:3:4:4:4:2:4:4:2:,recombination,6023.169792209536,3:3:4:4:4:4:4:4:2,2:2:4:4:4:1:3:4:2
1:1:4:2:0:4:4:4:0:,recombination,5591.939716584501,3:3:4:4:4:2:3:4:3,3:3:4:4:4:3:4:4:3,MUTATE
1:2:4:4:3:4:4:4:0:,recombination,6167.343375526546,4:3:4:4:4:3:3:4:3,0:2:4:3:0:4:4:4:0
2:2:4:4:4:4:4:4:2:,recombination,4900.48010561802,2:2:4:4:4:4:4:4:2,4:3:4:4:4:2:2:3:4
1:2:4:4:2:3:4:4:0:,clone,5844.874816426126,1:2:4:4:2:3:4:4:0
2:2:4:4:4:3:4:4:2:,recombination,4667.487206911544,2:2:4:4:4:4:4:4:2,3:3:4:4:4:2:3:4:3,MUTATE
1:2:4:4:2:3:4:4:1:,clone,5321.985271579297,2:2:4:4:3:3:4:4:1
1:2:4:4:2:3:4:4:1:,clone,5103.911029886214,1:2:4:4:2:3:4:4:1
3:3:4:4:4:4:3:4:2:,recombination,5013.781959728607,4:3:4:4:4:2:3:4:3,4:3:4:4:4:2:2:3:4
1:2:4:4:2:4:4:4:1:,recombination,4693.826040938911,2:2:4:4:4:4:4:4:2,4:3:4:4:4:2:3:3:4,MUTATE
4:3:4:4:4:3:2:4:4:,recombination,4598.188426701767,2:2:4:4:4:3:4:4:2,4:3:4:4:4:3:2:4:4,MUTATE
3:3:4:4:4:2:4:4:2:,clone,5997.669714373141,3:3:4:4:4:2:4:4:2
1:2:4:3:0:4:4:4:0:,clone,5042.206079842048,1:2:4:3:0:4:4:4:0
2:3:4:4:4:2:2:4:2:,recombination,5385.216077282249,3:2:4:4:4:4:3:4:2,4:3:4:4:4:2:1:3:4,MUTATE
1:2:4:2:0:4:4:4:0:,clone,5016.31599608988,1:2:4:2:0:4:4:4:0
3:3:4:4:4:2:2:4:2:,recombination,5710.983126293137,2:3:4:4:4:2:2:4:2,3:3:4:4:4:2:3:4:3
0:1:4:3:0:4:4:4:0:,clone,5821.5199382035635,0:1:4:3:0:4:4:4:0
4:3:4:4:4:4:4:4:3:,recombination,6194.182831239239,4:4:4:4:4:1:2:4:4,3:3:4:4:4:2:4:4:3,MUTATE
1:2:4:4:2:3:4:4:0:,clone,5296.788630906158,1:2:4:4:2:3:4:4:0
1:2:4:4:3:3:4:4:1:,clone,5481.080451221752,2:2:4:4:3:3:4:4:1
1:1:4:2:0:4:4:4:0:,clone,5479.9269394932,1:1:4:3:0:4:4:4:0
2:2:4:4:4:2:4:4:1:,recombination,5282.657766132099,3:2:4:4:4:2:4:4:2,4:3:4:4:4:3:2:4:4,MUTATE
1:2:4:4:3:3:4:4:1:,recombination,5385.273200973299,4:4:4:4:4:1:2:4:4,1:2:4:4:4:2:3:4:1
1:1:4:2:0:4:4:4:0:,recombination,5474.049651911543,4:4:4:4:4:1:1:2:4,3:3:4:4:4:1:2:2:3
4:4:4:4:4:1:2:4:4:,clone,4471.460969892471,4:4:4:4:4:1:2:4:4
2:3:4:4:3:4:4:4:2:,clone,5314.62106256298,2:3:4:4:3:4:4:4:2
1:2:4:4:0:4:4:4:0:,recombination,6055.202839640982,1:2:4:4:4:2:4:4:1,2:2:4:4:4:3:4:4:1,MUTATE
3:3:4:4:4:2:4:4:3:,recombination,5297.198770130259,3:3:4:4:4:2:3:3:3,4:3:4:4:4:1:2:4:4,MUTATE
3:2:4:4:3:4:4:4:2:,recombination,5746.592890616063,1:2:4:4:2:4:4:4:0,3:3:4:4:4:3:3:4:3,MUTATE
3:3:4:4:4:4:3:4:3:,recombination,5213.859332424225,3:3:4:4:4:2:3:4:3,2:2:4:4:4:2:3:4:2
2:2:4:4:3:4:4:4:2:,recombination,5568.716468024266,4:3:4:4:4:1:2:3:4,1:2:4:4:3:3:4:4:1
4:4:4:4:4:0:2:4:4:,recombination,4894.825646954867,3:3:4:4:4:3:3:4:3,4:4:4:4:4:0:0:1:4
3:3:4:4:4:2:4:4:3:,recombination,5146.444295933178,3:3:4:4:4:2:3:3:3,3:3:4:4:4:2:4:4:2,MUTATE
4:4:4:4:4:2:1:3:4:,clone,4563.732271853781,4:4:4:4:4:2:1:2:4
1:2:4:4:3:4:4:4:0:,clone,5525.440194228145,1:2:4:2:0:4:4:4:0
1:2:4:4:0:4:4:4:0:,clone,5991.806815691944,1:2:4:4:0:4:4:4:0
1:2:4:4:0:4:4:4:0:,recombination,5964.082543939149,3:3:4:4:4:3:3:4:2,3:3:4:4:4:1:3:4:3,MUTATE
3:3:4:4:4:2:4:4:2:,clone,5410.545689093425,3:3:4:4:4:2:4:4:2
4:4:4:4:4:0:1:3:4:,recombination,4176.1781911560465,3:3:4:4:4:4:4:4:2,4:4:4:4:4:0:0:1:4,MUTATE
1:2:4:4:4:3:4:4:0:,recombination,5213.834831857526,0:2:4:3:0:4:4:4:0,4:4:4:4:4:0:2:4:4,MUTATE
1:2:4:4:1:4:4:4:0:,clone,5090.6188727292,1:2:4:4:1:4:4:4:0
1:2:4:4:3:3:4:4:1:,clone,4858.812781263831,1:2:4:4:3:3:4:4:1
1:2:4:3:1:4:4:4:0:,clone,4944.788174621192,1:2:4:3:1:4:4:4:0
1:2:4:3:1:4:4:4:0:,clone,4782.666094533192,1:2:4:4:1:4:4:4:0
3:3:4:4:4:3:2:4:3:,recombination,4997.945607237768,4:3:4:4:4:2:1:3:4,3:3:4:4:4:3:3:3:3
2:2:4:4:3:3:4:4:1:,clone,4858.812781263831,2:2:4:4:3:3:4:4:1
1:2:4:4:1:4:4:4:0:,clone,5087.07040146544,1:2:4:4:1:4:4:4:0
1:1:4:2:0:4:4:4:0:,clone,5189.738106051321,1:1:4:2:0:4:4:4:0
1:2:4:4:1:4:4:4:0:,clone,4786.9578649226705,1:2:4:3:1:4:4:4:0
1:2:4:4:2:3:4:4:0:,recombination,4969.422908200925,1:2:4:4:2:3:4:4:0,1:2:4:4:2:3:4:4:0,MUTATE
1:2:4:2:0:4:4:4:0:,recombination,4987.72334059799,2:2:4:4:3:4:4:4:2,4:3:4:4:4:4:3:4:3,MUTATE
2:2:4:4:4:2:3:4:2:,recombination,4817.946219361704,1:2:4:4:2:3:4:4:0,4:4:3:4:4:1:1:4:4,MUTATE
1:2:4:4:2:3:4:4:0:,recombination,4894.168416813718,1:2:4:4:2:3:4:4:0,4:4:4:4:4:2:2:4:4,MUTATE
2:2:4:4:0:4:4:4:1:,recombination,6295.938724202213,4:3:4:4:4:3:4:4:3,1:1:4:2:0:4:4:4:0,MUTATE
1:1:4:4:2:3:4:4:0:,recombination,5118.618920941703,2:2:4:4:4:2:3:4:2,4:4:4:4:4:3:3:4:4,MUTATE
1:2:4:3:1:3:4:4:0:,recombination,5100.072498829218,4:4:4:4:4:1:1:4:4,1:2:4:3:0:4:4:4:0,MUTATE
0:2:4:3:0:4:4:4:0:,recombination,5950.546034872619,4:3:4:4:4:2:2:2:4,2:2:4:4:2:4:4:4:1
1:2:4:4:1:3:4:4:0:,clone,5487.461062663871,1:2:4:4:1:3:4:4:0
2:3:4:4:4:4:4:4:1:,recombination,5426.740645025276,3:3:4:4:4:1:2:3:3,4:4:4:4:4:2:2:4:4
2:3:4:4:4:4:4:4:1:,clone,5108.4069804443725,2:3:4:4:4:4:4:4:1
2:3:4:4:4:4:3:4:2:,recombination,4883.906941649191,4:3:4:4:4:2:1:3:4,2:2:4:4:4:3:4:4:1
2:3:4:4:2:4:4:4:1:,recombination,5960.5101167237335,4:4:3:4:4:0:1:3:4,2:3:4:4:4:4:4:4:2,MUTATE
1:2:4:2:0:4:4:4:0:,clone,4946.056187897522,1:2:4:2:0:4:4:4:0
0:2:4:3:0:4:4:4:0:,clone,5797.706932832996,1:2:4:3:0:4:4:4:0
1:2:4:2:0:4:4:4:0:,recombination,4832.666873197685,1:2:4:3:1:4:4:4:0,2:3:4:4:4:4:4:4:1,MUTATE
1:2:4:3:0:4:4:4:1:,clone,6134.466996780011,1:2:4:4:0:4:4:4:1
1:2:4:4:3:4:4:4:0:,recombination,4658.498295862055,1:2:4:4:1:4:4:4:0,1:2:4:4:2:3:4:4:0
2:3:4:4:2:4:4:4:1:,clone,5816.374948185364,2:3:4:4:2:4:4:4:1
0:2:4:2:0:4:4:4:0:,clone,5004.811201084813,0:2:4:2:0:4:4:4:0
1:2:4:4:4:4:4:4:1:,recombination,4933.023023707891,2:3:4:4:4:4:3:4:2,1:2:4:4:0:4:4:4:0,MUTATE
1:2:4:4:4:2:4:4:1:,recombination,5420.638240624314,4:3:4:4:4:2:2:3:4,1:2:4:4:4:3:4:4:0
2:3:4:4:4:2:4:4:2:,recombination,5401.016479194834,2:2:4:4:4:3:4:4:2,4:3:4:4:4:1:2:2:4
2:2:4:4:4:4:3:4:1:,recombination,6185.245251911527,3:3:4:4:4:2:4:4:2,3:3:4:4:4:2:2:2:3,MUTATE
2:2:4:3:0:4:4:4:1:,clone,6041.9572744751,2:2:4:3:0:4:4:4:1
1:2:4:4:1:3:4:4:0:,recombination,5246.9281250444665,1:2:4:4:1:3:4:4:0,2:2:4:4:4:4:4:4:2,MUTATE
1:2:4:4:0:4:4:4:0:,recombination,5943.604426254398,4:3:4:4:4:1:1:2:4,4:3:4:4:4:3:3:4:3,MUTATE
3:3:4:4:4:3:3:4:2:,recombination,4585.773119714768,1:1:4:2:0:4:4:4:0,4:4:4:4:4:1:1:1:4,MUTATE
2:2:4:3:0:4:4:4:1:,recombination,5468.013942287922,2:2:4:4:0:4:4:4:1,4:3:4:4:4:3:3:4:3,MUTATE
1:1:4:3:0:4:4:4:0:,clone,5726.288710285484,1:1:4:3:0:4:4:4:0
3:3:4:4:4:3:3:4:2:,clone,4490.481198153048,3:3:4:4:4:3:3:4:2
1:2:4:4:2:3:4:4:0:,clone,4745.4741779383685,1:2:4:4:2:3:4:4:0
1:2:4:2:0:4:4:4:0:,recombination,4722.07979830995,4:3:4:4:4:3:3:4:4,4:4:4:4:4:2:2:4:4,MUTATE
2:2:4:4:4:3:3:4:2:,clone,4513.401872077246,3:2:4:4:4:3:3:4:2
3:2:4:4:4:3:3:4:2:,clone,4710.9478347621525,2:2:4:4:4:3:3:4:2
2:2:4:4:4:4:3:4:1:,recombination,6046.194994928728,2:2:4:4:4:4:3:4:1,4:3:4:4:4:1:2:2:4
1:1:4:2:0:4:4:4:0:,recombination,5177.23704639716,3:2:4:4:3:4:4:4:2,1:2:4:4:1:4:4:4:0
1:1:4:2:0:4:4:4:0:,clone,5121.44636566679,1:1:4:2:0:4:4:4:0
1:1:4:2:0:4:4:4:0:,clone,5109.059048756053,1:1:4:2:0:4:4:4:0
1:1:4:3:0:4:4:4:0:,recombination,5718.723130308903,4:4:4:4:4:1:1:3:4,4:4:4:4:4:1:1:2:4
2:2:4:4:4:4:3:4:1:,recombination,5762.822036135361,2:2:4:4:4:4:3:4:1,2:3:4:4:4:4:3:4:2
0:2:4:3:0:4:4:4:0:,clone,5757.397274976933,1:2:4:2:0:4:4:4:0
3:2:4:4:4:4:3:4:2:,recombination,5284.413464957818,3:2:4:4:4:3:3:4:2,4:3:4:4:4:2:3:3:4,MUTATE
1:2:4:4:4:4:4:4:0:,recombination,5927.028552296368,2:2:4:4:4:4:3:4:1,0:2:4:2:0:4:4:4:0
0:2:4:3:0:4:4:4:0:,clone,5721.741185525109,0:2:4:3:0:4:4:4:0
1:1:4:3:1:4:4:4:0:,recombination,5375.671240494212,4:4:4:4:4:2:2:4:4,4:4:4:4:4:1:1:1:4
3:3:4:4:4:4:4:4:3:,recombination,5181.173853218195,3:2:4:4:4:4:4:4:2,4:3:4:4:4:3:3:4:3,MUTATE
2:2:4:4:3:3:4:4:2:,clone,6014.942300290548,2:2:4:4:3:3:4:4:2
4:3:4:4:4:3:4:4:3:,clone,5554.106715561595,4:3:4:4:4:3:4:4:3
4:3:4:4:4:4:4:4:3:,recombination,6055.265952183799,1:2:4:4:3:3:4:4:1,2:2:4:4:4:1:3:4:2,MUTATE
3:3:4:4:4:2:4:4:2:,recombination,5294.328971703459,4:4:4:4:4:2:1:3:4,4:4:4:4:4:2:2:4:4
2:3:4:4:4:4:4:4:2:,recombination,5118.320326487435,1:2:4:4:3:4:4:4:1,4:4:4:4:4:2:1:3:4
1:1:4:3:0:4:4:4:0:,recombination,5717.066859296543,4:3:4:4:4:3:3:4:4,4:3:4:4:4:3:3:4:4,MUTATE
1:1:4:2:0:4:4:4:0:,recombination,5007.391587840762,1:2:4:4:2:4:4:4:0,2:2:4:4:4:3:3:4:1,MUTATE
1:2:4:4:4:4:4:4:0:,recombination,5870.453623310896,1:2:4:4:4:4:4:4:0,2:2:4:4:3:4:4:4:1,MUTATE
2:2:4:3:1:4:4:4:1:,recombination,5575.553229087856,4:3:4:4:4:3:2:3:4,2:2:4:4:4:4:4:4:2,MUTATE
1:1:4:3:0:4:4:4:0:,clone,5707.071669594942,1:1:4:3:0:4:4:4:0
1:2:4:4:0:4:4:4:1:,recombination,6286.60719114338,2:2:4:3:0:4:4:4:1,2:3:4:4:4:2:4:4:2,MUTATE
1:2:4:3:1:4:4:4:1:,recombination,5101.39469115059,1:2:4:4:2:3:4:4:0,1:2:4:4:4:3:4:4:0
2:3:4:4:3:3:4:4:2:,recombination,5811.088823829969,4:4:4:4:4:1:3:3:4,4:4:4:4:4:3:3:4:4
1:2:4:3:1:3:4:4:0:,clone,4951.156932960849,1:2:4:3:1:3:4:4:0
1:2:4:3:0:4:4:4:1:,clone,5687.419841953278,1:2:4:3:0:4:4:4:1
1:2:4:3:1:3:4:4:0:,clone,4921.1776867565495,1:2:4:3:1:3:4:4:0
1:2:4:4:0:4:4:4:1:,recombination,6274.296157701243,1:2:4:4:0:4:4:4:1,0:2:4:3:0:4:4:4:0
2:3:4:4:3:3:4:4:2:,recombination,5637.509427256571,4:4:4:4:4:1:3:3:4,4:4:4:4:4:1:2:4:4,MUTATE
3:3:4:4:4:4:3:4:3:,recombination,5075.792544691888,4:4:4:4:4:0:1:2:4,4:4:4:4:4:0:0:0:4
1:2:4:4:2:3:4:4:1:,recombination,5026.949782311017,4:3:4:4:4:3:3:4:4,3:3:4:4:4:1:2:2:3
2:2:4:4:3:3:4:4:2:,clone,5298.093440813052,2:3:4:4:3:3:4:4:2
1:1:4:3:0:4:4:4:0:,recombination,5702.527413195914,3:3:4:4:4:2:3:4:2,3:3:4:4:4:3:4:4:2,MUTATE
1:2:4:4:4:4:4:4:1:,recombination,4893.5649561441605,2:3:4:4:4:3:3:4:2,3:3:4:4:4:3:3:4:2,MUTATE
2:3:4:4:3:3:4:4:2:,clone,5637.340349515645,2:2:4:4:3:3:4:4:2
1:2:4:4:4:4:4:4:1:,clone,4857.189304341344,1:2:4:4:4:4:4:4:1
2:2:4:4:3:3:4:4:1:,recombination,4632.072564394849,2:2:4:4:3:3:4:4:2,3:3:4:4:4:3:3:4:3,MUTATE
2:3:4:4:3:3:4:4:2:,recombination,5475.050400447312,2:2:4:4:3:3:4:4:2,4:4:4:4:4:1:3:4:4,MUTATE
1:2:4:3:1:3:4:4:0:,recombination,4576.29191741338,4:3:4:4:4:3:3:4:3,4:3:4:4:4:2:3:3:4,MUTATE
2:2:4:3:0:4:4:4:1:,clone,5363.316896624707,2:2:4:3:0:4:4:4:1
2:2:4:4:2:4:4:4:1:,clone,4655.410115921555,2:2:4:4:2:4:4:4:1
2:2:4:4:4:4:4:4:2:,recombination,4891.410381732089,2:2:4:4:4:2:4:4:2,3:3:4:4:4:4:3:4:3,MUTATE
2:3:4:4:3:3:4:4:2:,clone,5418.279284074908,2:2:4:4:3:3:4:4:2
2:3:4:4:3:3:4:4:2:,clone,5274.144115536538,2:3:4:4:3:3:4:4:2
2:2:4:3:1:4:4:4:1:,recombination,5551.113554499429,2:2:4:3:1:4:4:4:1,4:4:4:4:4:1:2:4:4,MUTATE
3:2:4:4:4:4:4:4:2:,recombination,4904.109505764427,1:2:4:4:0:4:4:4:1,2:2:4:4:4:4:4:4:2,MUTATE
3:2:4:4:4:4:4:4:2:,clone,4755.1170310363195,3:2:4:4:4:4:4:4:2
3:2:4:4:4:4:3:4:2:,clone,5095.6174163122705,3:2:4:4:4:4:3:4:2
3:2:4:4:4:4:3:4:2:,clone,4993.106028926832,3:2:4:4:4:4:3:4:2
3:2:4:4:4:4:3:4:2:,clone,4946.624941584164,3:2:4:4:4:4:3:4:2
2:2:4:4:4:4:3:4:2:,recombination,4851.333020022444,4:4:4:4:4:2:1:3:4,3:2:4:4:4:4:4:4:2
1:1:4:4:1:4:4:4:0:,clone,6384.596440057905,1:1:4:4:1:4:4:4:0
1:2:4:3:1:4:4:4:0:,clone,4612.126574756478,1:2:4:3:1:4:4:4:0
2:3:4:4:4:4:4:4:2:,recombination,4998.404031120176,1:2:4:4:4:4:4:4:1,3:3:4:4:4:4:3:4:3
1:2:4:4:2:4:4:4:0:,recombination,4891.424121180597,0:2:4:3:0:4:4:4:0,3:2:4:4:4:4:4:4:2
2:2:4:3:1:4:4:4:1:,clone,5347.630262760221,2:2:4:3:1:4:4:4:1
3:2:4:4:4:4:3:4:2:,clone,4717.091106215313,3:2:4:4:4:4:3:4:2
2:2:4:4:4:4:3:4:2:,clone,4729.233173805539,3:2:4:4:4:4:3:4:2
1:1:4:4:1:4:4:4:0:,recombination,6211.572383526282,1:1:4:4:1:4:4:4:0,1:1:4:4:1:4:4:4:0,MUTATE
1:2:4:4:4:4:4:4:0:,recombination,5798.991046874889,4:4:4:4:4:0:0:0:4,2:3:4:4:4:3:4:4:2,MUTATE
2:2:4:3:1:4:4:4:1:,recombination,4979.110116242141,2:2:4:3:1:4:4:4:1,3:3:4:4:4:3:3:4:3
1:1:4:3:0:4:4:4:0:,clone,5700.14345435413,1:2:4:2:0:4:4:4:0
1:2:4:4:4:4:4:4:0:,clone,5505.974706425042,1:2:4:4:4:4:4:4:0
0:2:4:3:0:4:4:4:0:,clone,5719.574409461128,0:2:4:3:0:4:4:4:0
1:1:4:2:0:4:4:4:0:,clone,4892.988539816271,1:1:4:2:0:4:4:4:0
4:4:4:4:4:3:3:4:3:,clone,6301.747034532104,3:3:4:4:4:3:4:4:3
4:3:4:4:4:4:3:4:3:,clone,5235.561484281773,3:3:4:4:4:4:3:4:3
2:2:4:4:0:4:4:4:1:,recombination,6193.162877552133,2:2:4:4:4:4:4:4:1,4:4:4:4:4:2:3:4:4,MUTATE
4:3:4:4:4:4:3:4:4:,recombination,5450.91972577345,2:2:4:3:0:4:4:4:1,2:3:4:4:4:4:4:4:1
4:3:4:4:4:4:4:4:3:,recombination,5956.88182525414,1:1:4:2:0:4:4:4:0,4:3:4:4:4:3:3:4:4,MUTATE
0:2:4:4:0:4:4:4:0:,recombination,7810.901667843647,4:4:4:4:4:2:3:3:4,1:2:4:4:4:3:4:4:0
0:1:4:3:0:4:4:4:0:,recombination,5742.165843528894,1:2:4:3:0:4:4:4:1,1:1:4:2:0:4:4:4:0,MUTATE
0:1:4:2:0:4:4:4:0:,clone,5078.668552433525,0:1:4:2:0:4:4:4:0
1:1:4:3:0:4:4:4:0:,clone,5699.63772356326,1:2:4:3:0:4:4:4:0
1:2:4:3:0:4:4:4:0:,recombination,4778.653879853017,3:3:4:4:4:3:4:4:2,3:2:4:4:4:4:3:4:2
4:3:4:4:4:4:4:4:3:,recombination,5738.075040073503,1:2:4:4:2:3:4:4:1,2:2:4:3:1:4:4:4:1,MUTATE
2:3:4:4:2:4:4:4:2:,clone,4847.676266759095,2:2:4:4:2:4:4:4:2
4:4:3:4:4:0:0:0:4:,clone,5396.041753332184,3:2:4:4:4:4:4:4:2
2:3:4:4:4:3:4:4:2:,recombination,5033.463770250236,1:2:4:4:2:4:4:4:1,1:2:4:4:0:4:4:4:0
1:2:4:3:0:4:4:4:0:,clone,4661.33907656651,1:2:4:3:0:4:4:4:0
2:2:4:4:3:3:4:4:1:,clone,4575.089071176781,2:2:4:4:3:3:4:4:1
2:2:4:4:4:4:3:4:2:,clone,4532.729078648834,2:2:4:4:4:4:3:4:2
2:2:4:4:4:4:4:4:2:,recombination,4730.27504133374,1:2:4:3:1:4:4:4:0,2:2:4:4:3:3:4:4:2
3:2:4:4:4:3:3:4:3:,clone,4495.876635152632,3:2:4:4:4:3:3:4:3
2:2:4:4:4:3:3:4:2:,recombination,4394.599472736637,1:2:4:3:0:4:4:4:0,3:2:4:4:4:4:4:4:2
1:2:4:4:1:4:4:4:1:,recombination,5177.249178322226,2:2:4:4:4:4:4:4:1,4:4:4:4:4:2:1:4:4
2:2:4:4:4:3:4:4:2:,recombination,4653.683682839726,2:3:4:4:2:4:4:4:2,3:2:4:4:4:2:4:4:2
1:2:4:4:3:3:4:4:0:,clone,5640.264313987679,1:2:4:4:1:4:4:4:0
1:2:4:4:3:3:4:4:0:,recombination,5570.139309805353,2:2:4:4:4:1:3:4:2,1:2:4:4:3:3:4:4:0
0:1:4:3:0:4:4:4:0:,recombination,5724.993180494254,4:4:4:4:4:1:2:4:4,4:4:4:4:4:3:2:4:4,MUTATE
1:2:4:4:3:3:4:4:0:,clone,5547.416209457522,1:2:4:4:3:3:4:4:0
2:2:4:4:4:4:3:4:1:,recombination,5192.501587609493,4:3:4:4:4:3:3:4:4,4:4:4:4:4:0:1:4:4,MUTATE
1:2:4:4:3:3:4:4:0:,clone,5449.210041965849,1:2:4:4:3:3:4:4:0
1:2:4:4:3:3:4:4:0:,clone,5071.229558795005,1:2:4:4:3:3:4:4:0
4:4:2:4:4:0:0:0:4:,clone,5600.698728110056,1:1:4:3:0:4:4:4:0
4:4:3:4:4:0:0:1:4:,clone,5749.691202838164,4:4:3:4:4:0:0:0:4
4:3:4:4:4:4:3:4:3:,clone,5182.075366776447,4:3:4:4:4:4:3:4:3
4:4:4:4:4:1:0:2:4:,recombination,5600.698728110057,1:1:4:3:0:4:4:4:0,1:2:4:4:4:4:4:4:1,MUTATE
4:4:4:4:4:1:0:2:4:,recombination,5600.698728110056,1:2:4:4:4:4:4:4:1,3:3:4:4:4:3:3:4:2,MUTATE
4:4:4:4:4:1:0:2:4:,clone,5396.350926124913,4:4:4:4:4:2:1:3:4
1:2:4:4:3:4:4:4:1:,clone,4957.572532536576,1:2:4:4:3:4:4:4:1
1:2:4:4:3:4:4:4:1:,clone,4830.31522895216,1:2:4:4:4:4:4:4:1
1:2:4:4:2:4:4:4:0:,clone,4672.644062425419,1:2:4:4:2:4:4:4:0
4:3:4:4:4:4:3:4:4:,clone,5239.595852094228,4:3:4:4:4:4:3:4:3
4:3:4:4:4:4:3:4:3:,clone,5051.877648776774,4:3:4:4:4:4:3:4:3
1:2:4:4:2:3:4:4:1:,clone,4613.915812445412,1:2:4:4:2:4:4:4:1
1:2:4:4:2:3:4:4:1:,clone,4613.91581244541,1:2:4:4:2:3:4:4:1
0:2:4:2:0:4:4:4:0:,recombination,4732.187375190407,4:3:4:4:4:3:4:4:3,2:3:4:4:4:1:3:4:2,MUTATE
0:2:4:3:0:4:4:4:0:,clone,5699.620562592389,0:2:4:3:0:4:4:4:0
4:4:3:4:4:0:0:1:4:,clone,5438.923077986958,4:4:3:4:4:0:0:1:4
1:1:4:2:0:4:4:4:0:,recombination,4825.019573612155,2:2:4:4:4:4:3:4:2,2:2:4:4:4:3:3:4:2
1:2:4:2:0:4:4:4:0:,clone,4676.58661945501,1:2:4:2:0:4:4:4:0
1:2:4:2:0:4:4:4:0:,clone,4532.451450916641,1:2:4:2:0:4:4:4:0
1:2:4:2:0:4:4:4:0:,clone,4358.586376940656,1:2:4:2:0:4:4:4:0
1:1:4:4:1:4:4:4:0:,clone,5597.791856498967,1:2:4:4:1:4:4:4:0
1:1:4:2:0:4:4:4:0:,clone,4660.586658207488,1:1:4:2:0:4:4:4:0
0:2:4:4:0:4:4:4:0:,recombination,7760.25760136422,3:3:4:4:4:2:4:4:3,3:3:4:4:4:2:4:4:2
3:2:4:4:4:3:4:4:2:,recombination,5085.171386055017,2:2:4:4:4:3:3:4:2,4:4:4:4:4:0:1:3:4
2:2:4:4:3:4:4:4:2:,clone,5413.0848292515575,2:2:4:4:3:4:4:4:2
2:2:4:4:3:4:4:4:2:,recombination,5162.202966477955,1:2:4:3:0:4:4:4:0,1:2:4:3:1:4:4:4:0,MUTATE
4:3:4:4:4:4:4:4:3:,recombination,5552.641280361111,4:4:4:4:4:1:2:4:4,3:3:4:4:4:3:2:4:3,MUTATE
2:2:4:4:3:4:4:4:1:,clone,4675.532884731457,2:2:4:4:3:4:4:4:1
1:2:4:4:3:4:4:4:1:,clone,4513.494860191712,1:2:4:4:3:4:4:4:1
4:3:4:4:4:3:3:4:3:,recombination,4632.293634801827,4:4:3:4:4:0:0:0:4,4:3:4:4:4:3:3:4:4,MUTATE
2:2:4:4:2:4:4:4:2:,clone,5886.06837007566,2:2:4:4:2:4:4:4:2
2:3:4:4:4:4:4:4:2:,recombination,4888.7569542027095,0:2:4:2:0:4:4:4:0,1:2:4:4:1:4:4:4:0
2:2:4:4:2:4:4:4:2:,recombination,5307.652027025665,1:2:4:4:3:3:4:4:0,1:2:4:3:1:3:4:4:0
3:3:4:4:4:4:4:4:2:,recombination,5049.78725943363,1:2:4:4:1:4:4:4:1,1:1:4:2:0:4:4:4:0,MUTATE
3:3:4:4:4:3:4:4:3:,clone,4875.212246052103,3:3:4:4:4:3:3:4:3
2:2:4:3:0:4:4:4:1:,clone,5210.604094665513,2:2:4:3:0:4:4:4:1
2:2:4:4:3:4:4:4:2:,clone,5042.1930520562255,2:2:4:4:3:4:4:4:2
2:2:4:3:0:4:4:4:1:,clone,5210.604094665512,2:2:4:3:0:4:4:4:1
2:2:4:4:3:4:4:4:2:,clone,4852.8808175592585,2:2:4:4:3:4:4:4:2
4:3:4:4:4:4:4:4:3:,recombination,5386.494181840511,4:3:4:4:4:1:2:4:4,1:2:4:4:1:3:4:4:0
3:3:4:4:4:4:4:4:3:,recombination,4991.125260600075,2:3:4:4:4:3:4:4:2,1:2:4:4:3:3:4:4:1
2:3:4:4:3:4:4:4:2:,clone,4983.214713981111,2:3:4:4:3:4:4:4:2
3:2:4:4:3:4:4:4:2:,clone,5654.3799277793205,3:2:4:4:3:4:4:4:2
1:2:4:3:1:4:4:4:0:,clone,4586.825586446681,1:2:4:3:1:4:4:4:0
1:1:4:3:1:4:4:4:0:,recombination,4909.8964398998,1:1:4:2:0:4:4:4:0,3:2:4:4:4:3:4:4:2
1:1:4:4:3:4:4:4:0:,recombination,5213.081646245916,0:2:4:3:0:4:4:4:0,2:2:4:4:4:4:3:4:2
1:1:4:4:1:4:4:4:0:,clone,5435.133931614526,1:1:4:4:1:4:4:4:0
1:1:4:4:1:4:4:4:0:,clone,5371.218140451951,1:1:4:4:1:4:4:4:0
1:1:4:3:0:4:4:4:0:,recombination,5426.534251689871,2:2:4:4:4:2:4:4:1,2:2:4:4:4:4:4:4:2
4:3:4:4:4:3:3:4:4:,clone,4590.906099894314,4:3:4:4:4:3:3:4:4
4:3:4:4:4:3:3:4:3:,clone,4590.906099894314,4:3:4:4:4:3:3:4:3
1:1:4:3:0:4:4:4:0:,clone,5201.23161951066,1:1:4:3:0:4:4:4:0
3:2:4:4:4:3:4:4:2:,recombination,4809.67963089877,3:3:4:4:4:4:4:4:2,1:1:4:2:0:4:4:4:0,MUTATE
3:2:4:4:4:3:3:4:2:,clone,4508.554301906765,3:2:4:4:4:3:3:4:2
3:3:4:4:4:3:4:4:2:,clone,4983.177959185812,3:3:4:4:4:3:4:4:2
2:2:4:4:4:4:4:4:2:,clone,4716.2025021220725,3:2:4:4:4:3:3:4:2
2:2:4:4:4:3:4:4:1:,recombination,4586.322971113743,2:2:4:3:1:4:4:4:1,1:2:4:3:1:4:4:4:0
1:2:4:4:1:4:4:4:0:,clone,4710.673715732473,1:2:4:4:1:4:4:4:0
1:2:4:3:1:4:4:4:0:,recombination,4580.207279764714,3:3:4:4:4:3:4:4:2,1:2:4:2:0:4:4:4:0,MUTATE
1:2:4:3:1:4:4:4:0:,recombination,4434.133945620091,4:3:4:4:4:3:3:4:3,3:2:4:4:4:4:3:4:2
2:2:4:3:0:4:4:4:1:,clone,4831.595081028857,1:2:4:3:0:4:4:4:0
3:3:4:4:4:4:3:4:3:,recombination,4777.657814238755,3:2:4:4:4:3:3:4:2,3:2:4:4:4:3:3:4:3,MUTATE
4:3:4:4:4:4:3:4:3:,clone,4882.1885506116905,4:3:4:4:4:4:3:4:3
3:3:4:4:4:4:4:4:3:,clone,4882.1885506116905,3:3:4:4:4:4:4:4:3
4:3:4:4:4:4:3:4:4:,recombination,5198.6837807864895,3:2:4:4:4:2:4:4:2,3:3:4:4:4:4:3:4:3
3:3:4:4:4:4:4:4:2:,clone,5022.334144586419,3:3:4:4:4:4:4:4:2
3:3:4:4:4:4:4:4:2:,recombination,4982.7297124209845,0:2:4:2:0:4:4:4:0,4:3:4:4:4:3:3:4:4
4:4:2:4:4:0:0:2:4:,clone,5740.801626892964,4:4:2:4:4:0:0:2:4
3:2:4:4:3:4:4:4:2:,clone,5440.424730112502,2:2:4:4:3:4:4:4:2
3:3:4:4:3:4:4:4:2:,recombination,5658.626208675025,4:3:4:4:4:3:3:4:4,4:4:4:4:4:2:2:2:4,MUTATE
3:2:4:4:2:4:4:4:2:,recombination,5518.974373292243,2:2:4:3:0:4:4:4:1,4:4:4:4:4:1:2:3:4,MUTATE
1:1:4:4:1:4:4:4:0:,recombination,5139.960308008178,2:2:4:4:3:4:4:4:2,1:2:4:4:4:4:4:4:1,MUTATE
2:2:4:4:0:4:4:4:1:,clone,6023.390569195228,1:2:4:4:0:4:4:4:0
2:3:4:4:3:3:4:4:2:,recombination,5263.511781350134,1:2:4:4:3:4:4:4:1,4:3:4:4:4:1:1:2:4
2:3:4:4:3:3:4:4:2:,recombination,5068.18301582491,1:2:4:4:3:4:4:4:1,1:2:4:2:0:4:4:4:0,MUTATE
3:3:4:4:4:2:4:4:2:,recombination,5278.755928018558,1:2:4:2:0:4:4:4:0,1:1:4:3:0:4:4:4:0,MUTATE
2:3:4:4:3:3:4:4:1:,recombination,5941.151659277271,3:3:4:4:4:3:4:4:3,1:2:4:4:2:3:4:4:0
1:2:4:4:3:3:4:4:1:,clone,4692.7848730783535,1:2:4:4:3:4:4:4:1
2:2:4:4:4:3:4:4:1:,recombination,4525.448130496066,3:3:4:4:4:1:2:2:3,1:2:4:4:3:4:4:4:1
2:2:4:4:4:3:4:4:1:,clone,4483.171224419942,2:2:4:4:4:3:4:4:1
2:2:4:4:4:4:4:4:1:,recombination,4693.526374682475,2:2:4:4:4:2:4:4:1,3:2:4:4:3:4:4:4:2,MUTATE
1:2:4:4:3:4:4:4:1:,recombination,4510.7734702359,2:2:4:4:4:3:4:4:1,1:2:4:3:0:4:4:4:0
1:2:4:4:1:4:4:4:1:,recombination,4982.832818485423,4:4:4:4:4:0:1:3:4,3:3:4:4:4:4:4:4:3,MUTATE
2:3:4:4:4:3:4:4:2:,recombination,4946.380623005303,4:3:4:4:4:2:2:4:4,1:2:4:4:1:4:4:4:0
2:3:4:4:4:3:4:4:2:,clone,4830.680477785265,2:3:4:4:4:3:4:4:2
2:3:4:4:4:2:3:4:2:,clone,4453.303725072083,2:3:4:4:4:3:4:4:2
2:3:4:4:4:3:3:4:2:,clone,4481.695360017321,2:3:4:4:4:3:4:4:2
2:2:4:4:4:4:4:4:1:,clone,4548.803411811423,2:2:4:4:4:4:4:4:1
2:3:4:4:4:3:4:4:2:,clone,4327.247521345994,2:3:4:4:4:3:4:4:2
1:2:4:4:3:4:4:4:1:,clone,4415.258641786813,2:2:4:4:4:4:4:4:1
2:2:4:4:4:3:4:4:1:,clone,4193.702751321384,2:2:4:4:4:3:4:4:1
2:2:4:4:4:4:4:4:2:,clone,4582.240429435104,1:2:4:4:3:4:4:4:1
1:2:4:4:1:4:4:4:1:,clone,4981.49059828947,1:2:4:4:1:4:4:4:1
2:2:4:4:4:3:4:4:2:,recombination,4380.305821260372,1:2:4:4:2:4:4:4:0,4:4:4:4:4:2:2:4:4
2:2:4:4:3:4:4:4:1:,recombination,4612.031173266981,3:3:4:4:4:3:3:4:3,3:3:4:4:4:4:4:4:2,MUTATE
2:2:4:4:3:4:4:4:1:,recombination,4530.834364106555,1:1:4:2:0:4:4:4:0,4:3:4:4:4:3:3:4:4,MUTATE
2:2:4:4:3:4:4:4:1:,clone,4481.9911171299045,2:2:4:4:3:4:4:4:1
2:2:4:4:4:2:3:4:2:,recombination,4540.25420874221,1:1:4:3:0:4:4:4:0,2:3:4:4:4:2:3:4:2
3:3:4:4:4:3:4:4:2:,clone,4945.252302559601,3:3:4:4:4:3:4:4:2
1:1:4:3:1:4:4:4:0:,clone,4891.609132107297,1:1:4:3:1:4:4:4:0
2:2:4:4:1:4:4:4:1:,recombination,5007.146869318192,3:3:4:4:4:4:3:4:3,2:2:4:4:4:4:4:4:2,MUTATE
2:2:4:4:2:3:4:4:1:,clone,4875.26105519604,2:2:4:4:2:4:4:4:1
2:2:4:4:2:3:4:4:1:,clone,4691.909068288774,2:2:4:4:2:3:4:4:1
1:2:4:4:2:3:4:4:1:,clone,4547.773899750403,1:2:4:4:2:3:4:4:1
2:2:4:4:4:2:4:4:1:,recombination,5111.435921522402,2:2:4:4:4:2:3:4:2,1:1:4:2:0:4:4:4:0,MUTATE
1:2:4:4:2:3:4:4:1:,clone,4525.6391258205595,1:2:4:4:2:3:4:4:1
2:2:4:4:4:2:3:4:1:,clone,4667.689374034953,2:2:4:4:4:2:3:4:1
1:2:4:4:2:4:4:4:1:,clone,4640.796245174085,1:2:4:4:2:4:4:4:1
1:2:4:4:4:3:4:4:1:,recombination,4679.942485751829,2:2:4:4:4:2:3:4:1,2:3:4:4:4:3:3:4:2,MUTATE
1:2:4:4:4:3:4:4:1:,clone,4679.942485751827,1:2:4:4:4:3:4:4:1
1:2:4:4:2:4:4:4:1:,clone,4529.013682777859,1:2:4:4:2:4:4:4:1
1:2:4:4:4:3:4:4:1:,clone,4535.807317213457,1:2:4:4:4:3:4:4:1
1:2:4:4:2:4:4:4:1:,clone,4384.878514239491,1:2:4:4:2:4:4:4:1
1:1:4:4:1:4:4:4:0:,clone,4859.3193400261525,1:1:4:4:1:4:4:4:0
1:2:4:4:1:3:4:4:0:,recombination,5106.58001064901,1:2:4:4:3:3:4:4:0,1:1:4:3:0:4:4:4:0,MUTATE
0:2:4:2:0:4:4:4:0:,recombination,4517.299707278801,3:3:4:4:4:3:3:4:3,1:2:4:4:2:4:4:4:1
1:1:4:2:0:4:4:4:0:,recombination,4603.841656227084,1:2:4:2:0:4:4:4:0,4:3:4:4:4:3:3:4:3
0:1:4:2:0:4:4:4:0:,clone,4781.8737379525755,0:1:4:2:0:4:4:4:0
0:1:4:2:0:4:4:4:0:,clone,4695.5781647129825,0:1:4:2:0:4:4:4:0
2:2:4:4:0:4:4:4:1:,recombination,5949.592075967258,4:4:4:4:4:1:2:4:4,4:4:4:4:4:1:2:2:4,MUTATE
2:2:4:4:0:4:4:4:1:,clone,5938.254160128514,2:2:4:4:0:4:4:4:1
1:2:4:4:1:4:4:4:0:,recombination,4520.784447045594,4:4:4:4:4:1:2:4:4,1:2:4:4:3:4:4:4:1
2:3:4:4:4:3:4:4:1:,recombination,5091.591896521189,1:2:4:2:0:4:4:4:0,4:3:4:4:4:1:2:4:4,MUTATE
0:2:4:4:0:4:4:4:0:,clone,7627.754554770712,0:2:4:4:0:4:4:4:0
0:1:4:2:0:4:4:4:0:,recombination,4685.665194922157,1:2:4:4:1:4:4:4:0,1:2:4:3:1:4:4:4:0
1:1:4:2:0:4:4:4:0:,recombination,4484.781538410879,1:2:4:3:1:4:4:4:0,3:2:4:4:4:4:3:4:2,MUTATE
1:1:4:2:0:4:4:4:0:,recombination,4340.64636987251,4:3:4:4:4:3:3:4:4,4:3:4:4:4:4:3:4:3,MUTATE
1:2:4:2:0:4:4:4:0:,recombination,4310.32248398649,1:2:4:2:0:4:4:4:0,1:2:4:4:3:4:4:4:1
1:2:4:3:0:4:4:4:1:,clone,4925.653744331523,2:2:4:3:0:4:4:4:1
2:2:4:3:0:4:4:4:1:,recombination,4806.509852142906,3:3:4:4:4:3:4:4:2,4:3:4:4:4:4:3:4:3
4:4:4:4:4:0:1:0:4:,clone,4471.8365488069385,4:4:4:4:4:0:1:0:4
4:4:4:4:4:0:1:0:4:,clone,4432.776688133116,4:4:4:4:4:0:1:0:4
1:2:4:4:4:4:4:4:0:,clone,4904.144110929369,1:2:4:4:4:4:4:4:0
4:4:4:4:4:2:2:4:4:,recombination,4219.186458373946,1:2:4:2:0:4:4:4:0,4:4:4:4:4:3:3:4:4,MUTATE
0:1:4:3:0:4:4:4:0:,clone,5701.110042084144,0:1:4:3:0:4:4:4:0
3:3:4:4:4:4:3:4:2:,recombination,4931.594987447352,3:3:4:4:4:2:4:4:2,2:2:4:4:4:4:3:4:2
4:3:4:4:4:2:3:4:4:,clone,4374.459612500009,4:3:4:4:4:2:3:4:4
4:3:4:4:4:2:3:4:4:,clone,4360.714475839683,4:3:4:4:4:2:3:4:4
3:3:4:4:4:4:3:4:2:,clone,4909.27924004292,3:3:4:4:4:4:3:4:3
4:3:4:4:4:2:3:4:4:,clone,4195.549073701937,4:3:4:4:4:2:3:4:4
3:3:4:4:4:2:3:4:3:,recombination,4110.629633408312,2:2:4:4:4:2:3:4:1,4:4:4:4:4:0:1:0:4,MUTATE
4:4:4:4:4:3:2:4:4:,clone,4543.992290371982,4:4:4:4:4:3:2:4:4
3:3:4:4:4:4:3:4:2:,recombination,4760.286765314813,4:4:4:4:4:1:1:2:4,2:2:4:4:3:4:4:4:2
3:3:4:4:4:2:3:4:3:,clone,3952.7493282096148,3:3:4:4:4:2:3:4:3
2:2:4:4:4:3:3:4:2:,recombination,4117.435902543646,3:3:4:4:4:2:3:4:3,4:4:4:4:4:1:2:2:4,MUTATE
2:2:4:4:4:3:3:4:2:,clone,4050.593783898867,2:2:4:4:4:3:3:4:2
4:3:4:4:4:2:2:4:4:,recombination,4083.993036035238,1:2:4:4:1:3:4:4:0,4:4:4:4:4:2:2:4:4
2:2:4:4:4:3:4:4:1:,recombination,4079.577191469379,3:3:4:4:4:2:3:4:3,4:4:4:4:4:1:1:3:4,MUTATE
2:2:4:4:4:4:4:4:1:,clone,4390.860340936478,2:2:4:4:4:3:4:4:1
3:3:4:4:4:4:3:4:2:,clone,4716.688234796675,3:3:4:4:4:4:3:4:2
2:2:4:4:4:3:3:4:2:,clone,4042.5746776308006,2:2:4:4:4:3:4:4:1
2:2:4:4:4:3:4:4:1:,recombination,4021.7375961706025,2:2:4:4:4:3:4:4:1,2:2:4:4:1:4:4:4:1,MUTATE
2:3:4:4:4:4:3:4:1:,clone,5300.068100480312,2:2:4:4:4:4:4:4:1
3:2:4:4:4:4:3:4:2:,clone,4696.3077039589,3:3:4:4:4:4:3:4:2
2:2:4:4:4:3:4:4:1:,clone,3988.871179094062,2:2:4:4:4:3:4:4:1
4:3:4:4:4:2:3:4:3:,recombination,4763.770993712865,3:3:4:4:4:2:4:4:2,4:3:4:4:4:2:2:4:4
1:2:4:4:4:4:4:4:1:,clone,4427.534982710015,1:2:4:4:4:4:4:4:1
4:4:4:4:4:1:0:1:4:,clone,4609.568566315597,4:4:4:4:4:1:0:1:4
4:3:4:4:4:3:4:4:3:,recombination,5240.409118730425,2:2:4:4:4:4:4:4:2,4:4:4:4:4:0:1:2:4,MUTATE
4:3:4:4:4:3:3:4:4:,clone,4579.76027512518,4:3:4:4:4:2:2:4:4
4:4:4:4:4:3:3:4:4:,recombination,4899.627260077613,4:4:4:4:4:1:2:3:4,3:3:4:4:3:4:4:4:2
4:4:4:4:4:2:2:3:4:,recombination,4381.135275659521,1:2:4:3:1:4:4:4:0,1:2:4:4:1:3:4:4:0
1:2:4:4:0:4:4:4:0:,clone,5931.548546736817,1:2:4:4:0:4:4:4:0
4:4:4:4:4:2:2:3:4:,recombination,4230.686188657231,1:2:4:4:3:4:4:4:1,4:4:4:4:4:1:2:4:4
4:4:4:4:4:2:2:3:4:,clone,4174.998699260945,4:4:4:4:4:2:2:3:4
4:4:4:4:4:2:2:3:4:,clone,4160.26686634339,4:4:4:4:4:2:2:3:4
4:4:4:4:4:1:2:4:4:,recombination,4300.345263605872,3:3:4:4:4:3:4:4:2,3:3:4:4:4:1:3:4:3
1:2:4:4:1:4:4:4:1:,clone,4472.7120486686135,1:2:4:4:1:4:4:4:1
2:2:4:4:2:4:4:4:2:,recombination,4867.158762362737,2:3:4:4:4:2:3:4:2,2:2:4:4:4:4:3:4:2
4:4:4:4:4:2:3:4:4:,recombination,4639.544102668771,4:3:4:4:4:1:2:4:4,3:3:4:4:4:4:3:4:3
4:3:4:4:4:3:3:4:3:,recombination,4540.08305763409,1:1:4:2:0:4:4:4:0,3:2:4:4:4:4:3:4:2,MUTATE
2:2:4:4:0:4:4:4:1:,recombination,5931.548546736817,2:3:4:4:4:4:3:4:2,1:2:4:4:0:4:4:4:0
2:2:4:4:1:4:4:4:1:,clone,4977.016298616049,2:2:4:4:1:4:4:4:1
2:2:4:4:1:4:4:4:1:,clone,4954.881524686206,2:2:4:4:1:4:4:4:1
1:2:4:3:0:4:4:4:0:,clone,4583.0638624808635,1:2:4:3:0:4:4:4:0
2:2:4:4:2:4:4:4:1:,clone,4624.898306132002,2:2:4:4:2:4:4:4:1
1:2:4:3:1:4:4:4:0:,clone,4411.140267028456,1:2:4:3:1:4:4:4:0
0:2:4:2:0:4:4:4:0:,clone,4259.923803480591,1:2:4:2:0:4:4:4:0
1:1:4:4:2:4:4:4:0:,recombination,6964.4547673534535,3:3:4:4:4:3:3:3:3,4:4:3:4:4:1:0:3:4
2:2:4:4:3:4:4:4:1:,recombination,4307.56771593151,2:2:4:3:0:4:4:4:1,2:2:4:3:0:4:4:4:1,MUTATE
4:4:4:4:4:0:1:4:4:,clone,4912.999937823324,4:4:4:4:4:0:1:4:4
1:2:4:2:0:4:4:4:0:,recombination,4302.200709556716,1:2:4:2:0:4:4:4:0,1:2:4:2:0:4:4:4:0
1:2:4:4:3:3:4:4:0:,recombination,4941.2724825411615,4:4:4:4:4:2:2:4:4,4:3:4:4:4:4:3:4:4,MUTATE
3:3:4:4:4:4:4:4:2:,recombination,4883.794211894503,0:1:4:2:0:4:4:4:0,3:2:4:4:4:4:4:4:2
2:2:4:4:2:4:4:4:1:,clone,4599.793930364903,2:2:4:4:2:4:4:4:1
1:2:4:4:3:3:4:4:0:,clone,4556.772252623931,1:2:4:4:3:3:4:4:0
0:2:4:2:0:4:4:4:0:,recombination,4128.33563558073,2:3:4:4:3:3:4:4:2,1:2:4:2:0:4:4:4:0,MUTATE
0:1:4:3:0:4:4:4:0:,clone,5699.814061037493,0:1:4:2:0:4:4:4:0
0:1:4:2:0:4:4:4:0:,clone,4404.999797119552,0:1:4:2:0:4:4:4:0
4:4:4:4:4:0:0:2:4:,clone,4842.047683450639,4:4:4:4:4:0:0:1:4
4:4:4:4:4:2:3:4:4:,clone,4617.769025741262,4:3:4:4:4:2:3:4:4
4:4:4:4:4:3:3:4:4:,recombination,4773.232596680427,1:1:4:2:0:4:4:4:0,3:2:4:4:4:4:4:4:2,MUTATE
4:4:4:4:4:3:3:4:4:,clone,4665.320640688419,4:4:4:4:4:3:3:4:4
4:4:4:4:4:3:3:4:4:,clone,4600.729807344426,4:4:4:4:4:3:3:4:4
1:1:4:2:0:4:4:4:0:,clone,4298.388414351237,1:1:4:2:0:4:4:4:0
1:2:4:4:4:3:3:4:0:,recombination,6003.767273937571,3:3:4:4:4:4:3:4:3,4:4:3:4:4:1:0:2:4,MUTATE
4:4:4:4:4:1:0:0:4:,recombination,5088.47862093081,4:4:4:4:4:3:3:4:4,4:4:4:4:4:2:2:3:4
3:2:4:4:3:4:4:4:2:,recombination,5340.606221901879,3:3:4:4:4:4:3:4:2,3:3:4:4:4:3:3:4:2
3:3:4:4:4:4:3:4:3:,clone,4741.280830479466,4:3:4:4:4:3:3:4:3
4:3:4:4:4:3:3:4:3:,recombination,4534.293136985885,0:2:4:2:0:4:4:4:0,4:4:4:4:4:1:1:2:4,MUTATE
2:3:4:4:4:4:4:4:2:,recombination,4823.181449135651,2:3:4:4:3:3:4:4:2,4:4:4:4:4:3:3:4:4
1:2:4:2:0:4:4:4:0:,recombination,4226.998209040795,3:3:4:4:4:4:3:4:2,1:2:4:4:2:3:4:4:1,MUTATE
3:3:4:4:3:4:4:4:2:,clone,5427.115113732667,3:3:4:4:3:4:4:4:2
1:1:4:4:0:4:4:4:0:,recombination,7697.235962436696,2:2:4:4:4:1:3:4:2,4:4:3:4:4:1:1:3:4,MUTATE
3:3:4:4:3:4:4:4:2:,recombination,5327.236221341004,4:3:4:4:4:4:4:4:3,2:2:4:4:4:3:4:4:2,MUTATE
0:1:4:4:0:4:4:4:0:,clone,7933.461566215604,1:1:4:4:0:4:4:4:0
4:4:2:4:4:0:0:0:4:,recombination,5332.1833371876555,3:3:4:4:4:3:3:4:3,4:4:4:4:4:2:2:3:4,MUTATE
4:4:3:4:4:0:0:1:4:,recombination,5332.1833371876555,3:3:4:4:4:3:3:4:3,4:3:4:4:4:1:2:2:4
4:4:3:4:4:0:0:1:4:,recombination,5152.238617805365,4:4:4:4:4:1:2:4:4,3:2:4:4:4:3:4:4:2,MUTATE
4:4:4:4:4:1:0:2:4:,clone,5159.775086850586,4:4:4:4:4:1:0:1:4
4:4:4:4:4:1:0:2:4:,clone,4989.347781013383,4:4:4:4:4:1:0:2:4
4:4:4:4:4:1:0:2:4:,recombination,4957.052125850141,1:2:4:3:1:4:4:4:0,4:4:4:4:4:2:3:4:4,MUTATE
3:3:4:4:4:3:4:4:2:,recombination,4911.663300727545,2:3:4:4:4:2:3:4:2,4:4:4:4:4:1:0:2:4
0:1:4:4:0:4:4:4:0:,clone,7796.570102518408,0:2:4:4:0:4:4:4:0
0:1:4:4:0:4:4:4:0:,clone,7778.2515799675075,0:2:4:4:0:4:4:4:0
0:1:4:4:0:4:4:4:0:,clone,7615.501795304336,0:1:4:4:0:4:4:4:0
4:4:4:4:4:4:4:4:4:,clone,6272.142042326226,4:3:4:4:4:3:4:4:4
4:3:4:4:4:3:4:4:4:,clone,5951.6599961010015,4:3:4:4:4:3:4:4:4
2:2:4:4:3:3:4:4:2:,recombination,5220.727632045059,1:2:4:4:2:3:4:4:0,1:2:4:4:3:4:4:4:1
3:2:4:4:3:4:4:4:2:,recombination,5335.575347636789,4:4:4:4:4:1:1:2:4,4:3:4:4:4:2:1:3:4,MUTATE
3:2:4:4:3:4:4:4:2:,recombination,5220.6653700108345,1:2:4:4:4:4:4:4:1,0:1:4:3:0:4:4:4:0
4:4:3:4:4:0:0:0:4:,clone,4759.998522116176,1:1:4:2:0:4:4:4:0
4:4:4:4:4:0:0:2:4:,clone,4634.91594391275,4:4:4:4:4:0:0:2:4
4:4:4:4:4:0:0:2:4:,recombination,4602.11821691748,2:2:4:4:4:3:4:4:1,1:2:4:2:0:4:4:4:0,MUTATE
4:3:4:4:4:4:3:4:3:,recombination,4846.508622365046,1:2:4:4:3:3:4:4:1,4:4:4:4:4:3:3:4:4
1:2:4:4:1:3:4:4:0:,recombination,4846.5027678909555,2:2:4:3:1:4:4:4:1,3:3:4:4:4:3:3:4:2
4:4:3:4:4:0:0:2:4:,recombination,5486.938594587383,4:4:4:4:4:2:2:4:4,4:4:4:4:4:2:1:3:4,MUTATE
1:2:4:4:2:4:4:4:0:,clone,4581.627576610583,1:2:4:4:1:4:4:4:0
1:2:4:4:4:3:4:4:0:,recombination,4786.129427062886,1:2:4:4:4:3:3:4:1,4:4:4:4:4:1:2:4:4
4:3:4:4:4:3:3:4:3:,clone,4530.199371420901,4:3:4:4:4:3:3:4:3
2:2:4:4:4:4:4:4:2:,clone,4563.49482914031,2:2:4:4:4:4:4:4:2
2:2:4:4:4:4:4:4:2:,recombination,4468.202907578592,1:2:4:4:1:4:4:4:1,4:4:3:4:4:0:0:0:4
1:2:4:3:1:4:4:4:1:,recombination,4908.085729492307,2:2:4:4:1:4:4:4:1,2:2:4:4:4:2:3:4:1
2:2:4:3:1:4:4:4:1:,clone,4913.393997522588,2:2:4:3:1:4:4:4:1
0:2:4:4:0:4:4:4:0:,clone,7604.360093221757,0:2:4:4:0:4:4:4:0
1:2:4:4:0:4:4:4:1:,recombination,6182.324972742932,2:2:4:4:3:4:4:4:2,3:3:4:4:4:2:2:3:3,MUTATE
4:3:4:4:4:4:4:4:3:,recombination,5379.137883520383,0:1:4:2:0:4:4:4:0,4:4:4:4:4:1:3:4:4,MUTATE
2:2:4:4:3:4:4:4:2:,recombination,4741.483597537424,2:2:4:3:0:4:4:4:1,3:2:4:4:4:3:3:4:2
2:3:4:4:2:4:4:4:1:,recombination,5393.466971689225,4:4:4:4:4:1:1:3:4,2:2:4:4:4:1:3:4:2
4:3:4:4:4:3:3:4:4:,clone,4454.69507632762,4:3:4:4:4:3:3:4:4
4:4:4:4:4:3:3:4:4:,recombination,4559.0016674480685,2:2:4:4:4:2:3:4:2,2:3:4:4:3:3:4:4:2
4:4:4:4:4:3:3:4:4:,recombination,4541.597360619821,2:2:4:4:4:2:3:4:1,4:3:4:4:4:3:3:4:4
4:3:4:4:4:3:3:4:4:,recombination,4383.717055421126,1:2:4:4:3:3:4:4:0,2:2:4:4:4:4:4:4:2
4:3:4:4:4:2:3:4:3:,clone,4666.500048256274,4:3:4:4:4:2:3:4:3
3:3:4:4:4:3:3:4:2:,recombination,4405.85182935097,4:3:4:4:4:4:3:4:3,4:4:4:4:4:3:3:4:4
3:3:4:4:4:3:4:4:3:,recombination,4549.728918656746,4:3:4:4:4:3:3:4:4,4:3:4:4:4:3:4:4:3
2:3:4:4:3:3:4:4:2:,clone,4894.050158910077,2:2:4:4:3:3:4:4:2
4:3:4:4:4:3:4:4:3:,recombination,5031.907816830283,4:3:4:4:4:3:3:4:4,2:3:4:4:4:3:4:4:2,MUTATE
3:3:4:4:4:3:4:4:2:,clone,4898.363046805674,3:3:4:4:4:3:4:4:2
3:3:4:4:4:3:4:4:2:,recombination,4725.814995562583,4:4:4:4:4:3:3:4:4,3:2:4:4:4:3:3:4:2
3:3:4:4:4:3:4:4:2:,clone,4680.899507350608,3:3:4:4:4:3:4:4:2
4:4:4:4:4:1:1:0:4:,recombination,5056.8701446360865,1:2:4:4:3:4:4:4:1,2:2:4:4:4:3:3:4:2,MUTATE
2:2:4:4:1:4:4:4:1:,clone,4897.56712252086,2:2:4:4:1:4:4:4:1
1:2:4:4:0:4:4:4:1:,recombination,6094.109573447996,2:2:4:4:0:4:4:4:1,4:4:4:4:4:3:2:4:4,MUTATE
4:3:4:4:4:4:4:4:4:,clone,6508.046483830121,4:3:4:4:4:4:3:4:4
4:3:4:4:4:4:4:4:4:,recombination,6429.038860016524,2:2:4:4:4:3:3:4:2,4:3:4:4:4:2:3:4:4,MUTATE
1:2:4:4:3:3:4:4:1:,clone,4676.671453046122,1:2:4:4:3:3:4:4:1
3:3:4:4:4:4:3:4:3:,clone,4620.95226063259,3:3:4:4:4:4:3:4:3
3:3:4:4:4:4:4:4:2:,clone,4754.4970306571995,3:3:4:4:4:4:3:4:3
3:3:4:4:4:4:4:4:2:,clone,4620.95226063259,3:3:4:4:4:4:4:4:2
3:3:4:4:4:4:3:4:2:,recombination,4596.079661384711,4:3:4:4:4:3:3:4:3,2:3:4:4:4:4:4:4:2
1:2:4:4:2:4:4:4:0:,clone,4544.517819397835,1:2:4:3:1:4:4:4:0
1:2:4:3:1:4:4:4:0:,recombination,4302.200709556715,4:4:4:4:4:3:3:4:4,0:2:4:2:0:4:4:4:0
1:1:4:4:2:4:4:4:0:,recombination,5039.902658918321,4:4:4:4:4:0:1:2:4,3:2:4:4:4:4:3:4:2
1:1:4:4:2:4:4:4:0:,clone,4953.607085678728,1:1:4:4:2:4:4:4:0
2:2:4:4:1:4:4:4:1:,recombination,4859.2408619086955,2:2:4:4:4:4:4:4:2,4:4:4:4:4:1:2:2:4
3:3:4:4:4:4:3:4:3:,clone,4599.912362539735,3:3:4:4:4:4:3:4:3
2:2:4:4:4:4:4:4:2:,recombination,4420.386394901978,2:2:4:3:0:4:4:4:1,4:3:4:4:4:3:3:4:4,MUTATE
3:3:4:4:4:4:3:4:3:,clone,4599.912362539734,3:3:4:4:4:4:3:4:3
2:3:4:4:3:4:4:4:2:,recombination,4804.306932633748,2:2:4:4:4:3:4:4:1,4:4:4:4:4:1:0:2:4
2:2:4:4:4:4:4:4:2:,clone,4132.0022524111855,2:2:4:4:4:4:4:4:2
2:2:4:3:1:4:4:4:1:,recombination,4888.94851396393,3:3:4:4:4:3:4:4:3,4:3:4:4:4:4:4:4:3
1:2:4:3:1:4:4:4:1:,clone,4477.652371417152,1:2:4:3:1:4:4:4:1
2:2:4:4:2:4:4:4:1:,clone,4300.653067883434,2:2:4:4:2:4:4:4:1
2:2:4:4:2:4:4:4:1:,clone,4278.518293953592,2:2:4:4:2:4:4:4:1
1:2:4:3:0:4:4:4:0:,recombination,4404.05897201896,0:2:4:2:0:4:4:4:0,0:2:4:2:0:4:4:4:0,MUTATE
1:2:4:4:2:4:4:4:1:,recombination,4190.979122828562,4:3:4:4:4:3:3:4:3,1:2:4:3:1:4:4:4:0
2:3:4:4:4:4:4:4:2:,clone,4803.976693230403,2:3:4:4:4:4:4:4:2
4:4:4:4:4:1:1:1:4:,clone,4254.439334225112,4:4:4:4:4:1:1:1:4
4:4:4:4:4:1:1:3:4:,clone,4060.9018621945534,4:4:4:4:4:1:1:2:4
4:4:4:4:4:2:2:4:4:,clone,4047.8925941382963,4:4:4:4:4:2:2:4:4
2:2:4:4:3:3:4:4:2:,recombination,5112.316902684352,3:2:4:4:4:4:3:4:2,4:4:4:4:4:1:2:4:4
4:3:4:4:4:2:3:4:3:,clone,4567.380253119547,4:3:4:4:4:2:3:4:3
4:3:4:4:4:2:3:4:3:,recombination,4556.256012804669,1:1:4:2:0:4:4:4:0,2:3:4:4:4:3:4:4:2
3:2:4:4:4:2:3:4:2:,clone,4602.939480222692,3:2:4:4:4:3:3:4:2
2:2:4:4:4:2:4:4:1:,clone,4938.002601316554,2:2:4:4:4:2:4:4:1
1:2:4:4:2:3:4:4:1:,clone,4476.275262796659,1:2:4:4:2:3:4:4:1
1:2:4:4:2:3:4:4:1:,recombination,4332.1400942582895,2:2:4:4:4:4:4:4:2,1:2:4:4:2:3:4:4:1,MUTATE
2:2:4:4:4:2:4:4:1:,recombination,4867.027770044318,2:2:4:4:4:4:4:4:2,3:3:4:4:4:2:3:3:3
1:2:4:4:3:3:4:4:1:,recombination,4574.777351059708,4:4:4:4:4:2:2:3:4,2:2:4:3:0:4:4:4:1
1:2:4:4:2:3:4:4:1:,recombination,4293.688072642266,4:4:4:4:4:3:3:4:4,3:3:4:4:4:3:4:4:3
1:2:4:4:3:3:4:4:1:,recombination,4453.076712110586,4:4:4:4:4:2:2:4:4,4:3:4:4:4:3:3:4:4,MUTATE
1:1:4:2:0:4:4:4:0:,recombination,4175.343008758451,2:2:4:4:4:3:4:4:2,2:2:4:4:4:4:4:4:2
1:1:4:2:0:4:4:4:0:,clone,4175.34300875845,1:1:4:2:0:4:4:4:0
4:4:4:4:4:1:0:0:4:,clone,4705.803115064315,4:4:4:4:4:1:0:0:4
4:4:4:4:4:1:0:1:4:,clone,4572.941637345713,4:4:4:4:4:1:1:1:4
4:4:4:4:4:1:0:1:4:,recombination,4224.891416943519,2:3:4:4:4:3:4:4:2,1:1:4:2:0:4:4:4:0,MUTATE
4:4:3:4:4:1:0:2:4:,clone,5503.2433242183815,4:4:4:4:4:1:0:2:4
1:2:4:4:0:4:4:4:1:,recombination,6077.705175717838,1:2:4:4:0:4:4:4:0,1:2:4:4:0:4:4:4:1
4:4:4:4:4:2:1:2:4:,recombination,4305.478953900553,4:4:4:4:4:2:2:4:4,3:2:4:4:4:4:4:4:2,MUTATE
3:3:4:4:4:4:4:4:3:,clone,4793.547286375319,4:3:4:4:4:3:3:4:3
2:3:4:4:4:4:3:4:2:,clone,4644.772109611948,2:3:4:4:4:4:3:4:2
2:3:4:4:4:4:3:4:2:,clone,4622.637335682105,2:3:4:4:4:4:4:4:2
2:3:4:4:4:4:4:4:2:,recombination,4799.563029094381,3:3:4:4:4:4:4:4:2,1:1:4:2:0:4:4:4:0
2:3:4:4:3:4:4:4:1:,clone,4666.523191915275,2:3:4:4:3:4:4:4:1
1:2:4:4:3:4:4:4:1:,clone,4392.146419576905,2:2:4:4:2:4:4:4:1
1:2:4:4:2:4:4:4:0:,clone,4535.355401205843,1:2:4:4:2:4:4:4:0
1:2:4:4:2:4:4:4:0:,clone,4401.810631181234,1:2:4:4:2:4:4:4:0
1:2:4:4:2:4:4:4:0:,recombination,4181.76134993438,4:4:4:4:4:1:2:4:4,3:3:4:4:4:4:3:4:2
4:3:4:4:4:4:3:4:4:,recombination,4871.617506330425,2:2:4:4:3:4:4:4:2,1:2:4:4:1:4:4:4:1,MUTATE
3:2:4:4:4:3:3:4:2:,recombination,4265.219516265537,1:2:4:4:4:4:4:4:1,4:4:4:4:4:2:2:4:4
1:2:4:4:1:4:4:4:0:,clone,4339.379088132164,1:2:4:4:1:4:4:4:0
1:2:4:3:0:4:4:4:1:,clone,4676.674646288447,1:2:4:3:0:4:4:4:1
2:2:4:3:0:4:4:4:1:,recombination,4760.25596256422,4:4:4:4:4:1:2:4:4,3:3:4:4:4:4:4:4:3
2:2:4:3:0:4:4:4:1:,recombination,4664.9640410025,1:1:4:3:1:4:4:4:0,3:3:4:4:4:4:3:4:2,MUTATE
4:3:4:4:4:4:3:4:3:,clone,4777.7603524033575,4:3:4:4:4:4:3:4:3
2:3:4:4:1:4:4:4:1:,clone,5544.689863808638,2:3:4:4:1:4:4:4:1
2:2:4:4:4:4:3:4:1:,clone,4860.602703658576,2:2:4:4:4:4:4:4:1
4:4:4:4:4:0:2:4:4:,recombination,4855.696067035431,4:4:4:4:4:1:2:4:4,3:3:4:4:4:3:4:4:2,MUTATE
3:3:4:4:4:1:3:4:3:,recombination,4194.810786267756,4:4:4:4:4:2:2:4:4,2:3:4:4:4:2:3:4:2,MUTATE
3:3:4:4:4:3:3:4:2:,clone,4283.184728435888,3:3:4:4:4:3:3:4:2
2:3:4:4:4:2:3:4:2:,recombination,4444.760612621975,4:4:4:4:4:3:3:4:4,1:2:4:4:4:4:4:4:1
3:3:4:4:4:3:3:4:3:,clone,4386.483393516954,3:3:4:4:4:3:3:4:3
4:3:4:4:4:3:3:4:3:,recombination,4441.913625166207,0:1:4:2:0:4:4:4:0,3:3:4:4:4:4:4:4:2
2:3:4:4:4:4:4:4:2:,recombination,4745.448891194418,4:4:4:4:4:2:3:4:4,1:2:4:4:2:4:4:4:0
4:3:4:4:4:4:4:4:3:,clone,5291.947034236646,4:3:4:4:4:4:4:4:3
4:4:4:4:4:1:3:4:4:,clone,5091.161057117139,4:4:4:4:4:1:2:4:4
4:3:4:4:4:4:4:4:3:,recombination,5217.965452811762,2:2:4:4:2:4:4:4:1,3:3:4:4:4:2:3:4:3
4:3:4:4:4:4:3:4:3:,clone,4726.542241296609,4:3:4:4:4:4:3:4:3
4:4:4:4:4:4:3:4:4:,clone,5342.778524482696,4:4:4:4:4:4:3:4:4
2:2:4:4:4:3:3:4:1:,clone,4997.225671579468,2:2:4:4:4:4:4:4:1
2:2:4:3:1:4:4:4:1:,recombination,4877.321179281768,2:2:4:4:4:4:4:4:2,3:3:4:4:4:0:1:1:4
2:2:4:4:1:4:4:4:1:,recombination,4801.352454426401,2:2:4:3:1:4:4:4:1,0:2:4:2:0:4:4:4:0,MUTATE
2:2:4:4:1:4:4:4:1:,clone,4800.916128230245,2:2:4:4:1:4:4:4:1
2:2:4:3:1:4:4:4:1:,clone,4741.447414102387,1:2:4:4:1:4:4:4:1
3:3:4:4:4:3:3:4:3:,recombination,4255.271959428162,1:2:4:4:2:4:4:4:1,4:4:4:4:4:1:1:4:4,MUTATE
4:4:4:4:4:0:1:4:4:,clone,4864.2119112822,4:4:4:4:4:0:1:4:4
0:1:4:2:0:4:4:4:0:,clone,4336.560221735875,0:1:4:2:0:4:4:4:0
4:4:4:4:4:1:0:2:4:,clone,4795.164640080847,4:4:4:4:4:1:0:2:4
4:4:4:4:4:1:0:2:4:,clone,4715.155728762047,4:4:4:4:4:1:0:2:4
4:4:4:4:4:0:1:4:4:,recombination,4707.085084248027,2:3:4:4:4:4:4:4:2,4:4:3:4:4:0:0:1:4,MUTATE
2:2:4:4:4:3:4:4:2:,clone,4327.8287232366665,2:2:4:4:4:3:4:4:2
2:2:4:4:4:2:3:4:2:,clone,4416.334830502972,2:2:4:4:4:2:3:4:2
4:4:4:4:4:2:0:2:4:,clone,5376.72696661909,4:4:4:4:4:2:0:2:4
4:4:4:4:4:0:0:3:4:,clone,5222.542305359164,4:4:4:4:4:0:0:2:4
2:2:4:4:4:4:3:4:2:,clone,4481.340480082879,2:2:4:4:4:4:3:4:2
4:4:4:4:4:1:0:2:4:,recombination,4699.313520830431,2:3:4:4:2:4:4:4:1,4:4:3:4:4:0:0:1:4
4:4:4:4:4:1:0:2:4:,clone,4571.780612161297,4:4:4:4:4:1:0:2:4
4:4:3:4:4:0:0:1:4:,clone,5055.924751913242,4:4:3:4:4:0:0:1:4
4:3:4:4:4:4:4:4:4:,clone,6233.62822880604,4:3:4:4:4:4:4:4:4
1:2:4:4:3:4:4:4:1:,clone,4347.84233356851,1:2:4:4:3:4:4:4:1
4:4:4:4:4:0:0:2:4:,recombination,4435.633142936491,4:4:4:4:4:1:1:1:4,1:2:4:2:0:4:4:4:0
4:4:4:4:4:1:1:2:4:,recombination,3919.549439550692,4:4:4:4:4:1:0:2:4,1:2:4:4:2:4:4:4:1
4:4:4:4:4:1:1:2:4:,recombination,3912.179437227723,4:4:4:4:4:1:1:2:4,2:2:4:4:4:4:3:4:2
4:4:4:4:4:2:1:4:4:,clone,4428.454601165042,4:4:4:4:4:1:1:3:4
4:3:4:4:4:1:1:3:4:,clone,4203.990586695191,4:3:4:4:4:1:2:4:4
3:3:4:4:4:2:2:4:3:,clone,4426.21216682604,3:3:4:4:4:2:2:4:3
3:3:4:4:4:3:4:4:2:,recombination,4491.881335943527,4:4:4:4:4:2:2:4:4,2:2:4:4:0:4:4:4:1
3:3:4:4:4:3:4:4:2:,clone,4491.881335943526,3:3:4:4:4:3:4:4:2
4:4:4:4:4:2:3:4:4:,clone,4593.457975106254,4:4:4:4:4:2:3:4:4
2:2:4:4:4:4:3:4:2:,clone,4403.470424110929,2:2:4:4:4:4:3:4:2
2:3:4:4:4:4:4:4:2:,clone,4692.993795786567,2:3:4:4:4:4:4:4:2
3:3:4:4:3:4:4:4:2:,recombination,5247.695589300541,1:2:4:3:1:4:4:4:0,4:4:4:4:4:3:2:4:4
2:2:4:4:1:4:4:4:1:,clone,4800.041494386626,2:2:4:4:1:4:4:4:1
2:2:4:4:1:4:4:4:1:,clone,4800.041494386625,2:2:4:4:1:4:4:4:1
4:4:4:4:4:1:0:1:4:,clone,4207.020258551166,4:4:4:4:4:1:0:1:4
4:4:4:4:4:1:1:2:4:,clone,3870.721992316944,4:4:4:4:4:1:1:2:4
4:4:4:4:4:0:0:2:4:,recombination,4380.940936632795,2:3:4:4:4:3:3:4:2,1:2:4:2:0:4:4:4:0,MUTATE
4:4:4:4:4:0:1:4:4:,recombination,4640.693799192164,4:3:4:4:4:0:1:1:4,4:4:4:4:4:3:3:4:4,MUTATE
4:3:4:4:4:1:2:4:4:,clone,4115.305571342278,4:3:4:4:4:2:2:4:4
2:2:4:4:3:3:4:4:2:,clone,4907.711206564337,2:2:4:4:3:3:4:4:2
4:3:4:4:4:2:2:4:3:,recombination,5291.129359208099,1:1:4:3:0:4:4:4:0,1:2:4:4:0:4:4:4:0,MUTATE
4:4:1:4:4:0:0:0:4:,clone,5646.593152388334,1:1:4:3:0:4:4:4:0
4:4:1:4:4:0:0:0:4:,clone,5501.259847828146,4:4:2:4:4:0:0:0:4
2:3:4:4:4:4:4:4:2:,recombination,4685.057090710628,4:4:4:4:4:0:1:4:4,4:4:4:4:4:1:0:2:4,MUTATE
1:2:4:4:1:3:4:4:0:,clone,4799.830286343938,1:2:4:4:1:3:4:4:0
3:2:4:4:4:3:4:4:2:,recombination,4748.470151325621,2:2:4:4:4:3:4:4:1,2:2:4:4:3:4:4:4:1
2:2:4:4:3:3:4:4:1:,clone,4520.04606283383,2:2:4:4:3:3:4:4:1
4:4:3:4:4:0:0:1:4:,clone,4968.939442152079,4:4:4:4:4:0:0:2:4
4:3:4:4:4:3:3:4:3:,clone,4353.140552056764,4:3:4:4:4:3:3:4:3
4:4:4:4:4:0:1:2:4:,clone,4123.155107579789,4:4:4:4:4:0:1:2:4
4:4:4:4:4:1:2:4:4:,recombination,4123.155107579789,4:4:4:4:4:2:3:4:4,2:2:4:4:4:3:4:4:2
3:3:4:4:4:4:4:4:3:,clone,4730.088682530268,3:3:4:4:4:4:4:4:3
2:2:4:4:1:4:4:4:1:,recombination,4719.183886506037,1:2:4:3:0:4:4:4:0,0:1:4:3:0:4:4:4:0
1:2:4:3:1:4:4:4:0:,clone,4151.787432243467,1:2:4:3:1:4:4:4:0
0:1:4:2:0:4:4:4:0:,clone,4309.591400293956,0:1:4:2:0:4:4:4:0
2:2:4:4:3:4:4:4:2:,clone,4735.760923875263,2:2:4:4:3:4:4:4:1
0:1:4:2:0:4:4:4:0:,recombination,4150.470409510573,1:2:4:2:0:4:4:4:0,2:2:4:4:2:4:4:4:1
1:2:4:3:1:4:4:4:1:,clone,4305.510374073172,1:2:4:3:1:4:4:4:0
1:2:4:4:3:3:4:4:1:,recombination,4317.882736643538,2:2:4:4:1:4:4:4:1,4:3:4:4:4:4:3:4:3,MUTATE
1:2:4:4:1:3:4:4:0:,recombination,4796.2273947239355,2:2:4:4:3:3:4:4:2,2:2:4:3:0:4:4:4:1,MUTATE
4:4:4:4:4:1:0:0:4:,recombination,4635.551772304929,4:4:4:4:4:1:2:4:4,1:2:4:4:1:4:4:4:0
4:4:4:4:4:2:1:3:4:,recombination,4519.881715007378,4:4:4:4:4:1:0:2:4,4:4:4:4:4:4:3:4:4
4:3:4:4:4:2:3:4:3:,clone,4433.406229172095,4:3:4:4:4:2:3:4:4
4:3:4:4:4:2:3:4:3:,clone,4421.72408297344,3:3:4:4:4:2:3:4:3
4:4:4:4:4:0:1:2:4:,recombination,4060.2642378404003,4:3:4:4:4:3:3:4:4,1:2:4:2:0:4:4:4:0
4:4:4:4:4:1:1:4:4:,recombination,4111.009542227114,3:3:4:4:4:1:2:4:3,4:4:4:4:4:2:1:3:4
4:4:4:4:4:1:1:4:4:,recombination,4050.440189580945,2:3:4:4:3:4:4:4:1,3:3:4:4:4:3:3:4:2
4:4:4:4:4:0:1:4:4:,recombination,4502.105762900196,4:4:4:4:4:1:0:1:4,4:4:4:4:4:1:1:2:4
4:3:4:4:4:1:2:4:4:,recombination,4028.6441064293444,4:4:4:4:4:1:2:4:4,1:2:4:4:3:4:4:4:1
4:4:4:4:4:2:1:4:4:,clone,4383.006978995823,4:4:4:4:4:2:1:4:4
1:1:4:3:1:4:4:4:0:,clone,4818.840691553029,1:2:4:3:1:4:4:4:0
1:1:4:3:1:4:4:4:0:,clone,4536.410153298293,1:2:4:3:1:4:4:4:0
2:2:4:4:4:3:3:4:1:,clone,4969.460214539166,2:2:4:4:4:4:4:4:1
2:2:4:3:1:4:4:4:1:,recombination,4733.1860107433995,4:3:4:4:4:1:2:3:4,1:2:4:3:0:4:4:4:0
1:2:4:3:1:4:4:4:0:,recombination,4128.33563558073,0:2:4:2:0:4:4:4:0,3:3:4:4:4:3:4:4:2
4:4:4:4:4:0:0:2:4:,clone,4318.593943532737,4:4:4:4:4:0:0:2:4
3:2:4:4:4:3:4:4:2:,recombination,4610.665181345362,1:2:4:4:4:4:4:4:1,1:2:4:4:3:4:4:4:1
1:2:4:3:1:4:4:4:0:,clone,4110.336085734999,1:2:4:3:1:4:4:4:0
4:3:4:4:4:2:2:4:3:,recombination,5010.3107287026005,1:2:4:4:0:4:4:4:0,4:4:4:4:4:3:3:4:4
2:2:4:4:4:3:3:4:1:,recombination,4776.17757325736,2:2:4:4:0:4:4:4:1,1:2:4:4:3:4:4:4:1,MUTATE
1:2:4:4:4:3:3:4:0:,recombination,5890.23715342344,1:2:4:4:4:3:4:4:1,4:4:4:4:4:3:2:4:4,MUTATE
4:3:4:4:4:1:3:4:4:,clone,4766.623287900138,4:3:4:4:4:1:2:4:4
4:4:4:4:4:0:0:3:4:,recombination,5010.033399750975,4:3:4:4:4:2:2:3:4,4:4:4:4:4:1:1:4:4
4:4:3:4:4:0:0:1:4:,clone,4918.249505564417,4:4:3:4:4:0:0:1:4
2:2:4:4:4:3:3:4:1:,clone,4529.262991360587,2:2:4:4:4:3:3:4:1
2:2:4:4:3:3:4:4:2:,recombination,4381.2305742155795,4:4:4:4:4:2:2:4:4,4:4:4:4:4:2:2:4:4,MUTATE
1:2:4:3:1:4:4:4:0:,clone,4075.777332339732,1:2:4:3:1:4:4:4:0
4:4:4:4:4:1:1:1:4:,recombination,4195.401233084562,4:4:4:4:4:2:2:4:4,4:4:3:4:4:0:0:1:4
4:4:4:4:4:1:1:1:4:,clone,4101.414787308771,4:4:4:4:4:1:1:1:4
4:4:4:4:4:1:1:1:4:,clone,4069.136413808539,4:4:4:4:4:1:1:1:4
4:4:4:4:4:0:1:2:4:,recombination,3978.678822210547,4:4:4:4:4:1:2:4:4,4:4:4:4:4:1:1:2:4,MUTATE
4:4:4:4:4:1:0:2:4:,clone,4329.689340324474,4:4:4:4:4:1:0:2:4
4:4:4:4:4:1:0:2:4:,clone,4285.524019285398,4:4:4:4:4:1:0:2:4
4:4:4:4:4:0:1:3:4:,recombination,4077.3413956706113,4:4:4:4:4:2:1:4:4,4:3:4:4:4:1:2:4:4
4:4:4:4:4:1:1:3:4:,clone,3978.678822210547,4:4:4:4:4:0:1:3:4
2:3:4:4:4:4:4:4:1:,clone,5001.66133894029,2:3:4:4:4:4:4:4:1
2:2:4:4:4:4:4:4:1:,clone,4357.966090383556,2:2:4:4:3:4:4:4:1
2:3:4:4:4:3:3:4:2:,clone,4242.526006706605,3:3:4:4:4:3:3:4:3
2:2:4:4:4:2:3:4:2:,clone,3911.935978972605,2:2:4:4:4:2:3:4:2
3:3:4:4:4:4:4:4:2:,clone,4601.615228882406,3:3:4:4:4:4:4:4:2
4:4:4:4:4:0:2:4:4:,recombination,4839.6611061501235,1:2:4:4:2:3:4:4:1,1:2:4:4:1:4:4:4:0
4:4:4:4:4:0:2:4:4:,recombination,4728.891949835569,1:1:4:3:0:4:4:4:0,4:4:4:4:4:4:3:4:4,MUTATE
4:4:4:4:4:0:2:3:4:,clone,4722.595483970302,4:4:4:4:4:0:1:3:4
4:4:4:4:4:0:2:4:4:,recombination,4519.5114840190445,1:2:4:4:1:4:4:4:0,4:4:4:4:4:0:2:4:4,MUTATE
4:4:4:4:4:2:2:3:4:,clone,4093.925107000765,4:4:4:4:4:2:2:3:4
4:4:4:4:4:2:2:3:4:,clone,4081.1717026032616,4:4:4:4:4:2:2:3:4
4:4:4:4:4:2:1:3:4:,recombination,4515.631752361813,2:2:4:4:1:4:4:4:1,4:3:4:4:4:3:3:4:4
4:4:4:4:4:2:1:3:4:,recombination,4482.362514826975,3:3:4:4:4:3:3:4:2,4:4:4:4:4:1:2:4:4
1:2:4:4:3:4:4:4:1:,recombination,4285.094208847324,4:4:4:4:4:2:1:4:4,4:4:4:4:4:2:2:4:4
2:2:4:4:3:4:4:4:1:,recombination,4286.215940779426,3:3:4:4:4:4:3:4:2,4:4:4:4:4:1:1:2:4
4:4:4:4:4:0:0:0:4:,clone,3742.8899812044224,1:2:4:3:1:4:4:4:0
4:4:4:4:4:0:1:1:4:,recombination,3952.4428978332917,4:4:4:4:4:2:1:3:4,2:3:4:4:4:3:3:4:2,MUTATE
4:4:4:4:4:0:0:0:4:,recombination,3585.009676005726,3:3:4:4:4:1:3:4:3,4:4:4:4:4:2:2:3:4
4:4:4:4:4:1:0:1:4:,clone,3919.461386962309,4:4:4:4:4:1:0:1:4
