4:4:4:4:4:2:2:4:4:,initialisation,11945.295949299056,
4:4:4:4:4:1:2:2:4:,initialisation,11869.515149637262,
4:4:4:4:4:1:2:3:4:,initialisation,11775.260852855063,
3:4:4:4:4:2:2:2:3:,initialisation,11883.890651961445,
4:4:4:4:4:3:2:4:4:,initialisation,13204.188479403692,
4:4:4:4:4:1:1:2:4:,initialisation,11729.85045085481,
3:3:4:4:4:2:3:4:3:,initialisation,12982.548712000049,
3:4:4:4:4:2:3:4:3:,initialisation,13082.48495148126,
4:4:4:4:4:2:2:4:4:,initialisation,11856.52724619781,
3:3:4:4:4:2:3:4:3:,initialisation,12450.352683181718,
3:4:4:4:4:1:1:2:4:,initialisation,10553.400945044612,
3:3:4:4:4:2:2:4:3:,initialisation,12394.051835919201,
4:4:4:4:4:2:2:3:4:,initialisation,12037.685782517347,
4:4:4:4:4:1:2:3:4:,initialisation,11022.05756150557,
3:4:4:4:4:2:3:3:3:,initialisation,12756.755617856936,
3:3:4:4:4:3:3:4:3:,initialisation,13235.227653707952,
4:4:4:4:4:2:3:4:4:,initialisation,13109.38937493646,
3:3:4:4:4:2:3:4:3:,initialisation,12123.76811824139,
3:3:4:4:4:2:2:3:3:,initialisation,11586.865323955313,
4:4:4:4:4:2:3:4:4:,initialisation,13036.053540809418,
3:4:4:4:4:3:3:4:3:,initialisation,13420.23600625826,
2:3:4:4:4:2:3:3:2:,initialisation,12976.000929897818,
3:4:4:4:4:2:2:4:3:,initialisation,12060.647237847994,
3:3:4:4:4:3:3:4:3:,initialisation,13151.362059236943,
4:4:4:4:4:2:2:3:4:,initialisation,11555.1434423592,
4:4:3:4:4:2:2:4:4:,initialisation,13204.188479403687,
3:4:4:4:4:1:2:4:3:,initialisation,11337.468926588528,
3:4:4:4:4:2:2:3:4:,initialisation,11554.202950658444,
4:4:4:4:4:2:2:3:4:,initialisation,11084.273103659016,
3:3:4:4:4:2:2:4:3:,initialisation,11990.33432550455,
4:4:3:4:4:2:2:4:4:,initialisation,13046.147510591569,
4:4:3:4:4:1:2:4:4:,initialisation,11500.56962844397,
3:4:4:4:4:2:2:3:3:,initialisation,10771.606184460083,
3:4:4:4:4:2:3:4:3:,initialisation,12498.809691891702,
4:4:2:4:4:1:1:4:4:,initialisation,13204.188479403689,
4:4:4:4:4:1:2:4:4:,initialisation,11557.527271247027,
4:4:4:4:4:3:2:4:4:,initialisation,13053.575840984433,
4:4:3:4:4:2:2:4:4:,initialisation,13023.080611606214,
4:4:3:4:4:1:2:2:4:,initialisation,12727.807624801308,
3:3:4:4:4:3:3:4:3:,initialisation,13084.8535812541,
2:3:4:4:4:2:3:3:2:,initialisation,12641.83435729825,
4:4:4:4:4:1:1:3:4:,initialisation,12305.883703108182,
3:4:4:4:4:3:3:4:3:,initialisation,13078.106285789965,
4:4:3:4:4:1:1:2:4:,initialisation,11891.728602430814,
2:3:4:4:4:1:2:2:3:,initialisation,10166.133662423423,
2:3:4:4:4:3:3:3:2:,initialisation,12872.060144760157,
4:4:4:4:4:1:1:3:4:,initialisation,11690.223014391335,
3:3:4:4:4:1:2:2:3:,initialisation,10887.770581109973,
3:3:4:4:4:1:2:2:3:,initialisation,10533.52065059705,
4:4:4:4:4:2:2:4:4:,initialisation,11636.596030696452,
2:3:4:4:3:3:3:4:2:,initialisation,12726.147961928868,
3:3:4:4:4:1:2:3:3:,initialisation,10668.786380300737,
4:4:4:4:4:2:3:4:4:,initialisation,12310.259403946246,
4:4:4:4:4:1:1:3:4:,initialisation,11679.838024205113,
4:4:2:4:4:1:1:3:4:,initialisation,13204.188479403689,
3:3:4:4:4:3:3:4:3:,initialisation,12788.074689779258,
3:4:4:4:4:2:2:4:3:,initialisation,12016.608739518491,
2:3:4:4:4:2:3:3:2:,initialisation,12424.888839420491,
4:4:4:4:4:2:2:4:4:,initialisation,11321.294771438123,
2:3:4:4:4:2:2:3:2:,initialisation,10878.237641267335,
2:3:4:4:4:2:2:2:3:,initialisation,11387.594228190332,
4:4:2:4:4:1:1:4:4:,initialisation,13204.188479403687,
2:3:4:4:4:2:3:2:2:,initialisation,12181.114631912507,
3:3:4:4:4:2:3:3:3:,initialisation,12145.399685863606,
3:3:4:4:3:3:3:4:2:,initialisation,14232.126616848285,
2:3:4:4:4:2:3:4:2:,initialisation,12357.131631670942,
3:3:4:4:4:1:2:2:3:,initialisation,9656.208745257889,
4:4:4:4:4:3:3:4:4:,initialisation,13719.239097920878,
4:4:4:4:4:1:2:4:4:,initialisation,11538.709759866379,
4:4:4:4:4:3:3:4:4:,initialisation,13204.188479403689,
2:3:4:4:4:3:3:4:2:,initialisation,13109.167993313693,
3:3:4:4:4:3:3:4:2:,initialisation,13398.648543483527,
2:3:4:4:4:2:2:2:2:,initialisation,11618.724969212908,
3:4:4:4:4:1:1:1:4:,initialisation,10640.467195130386,
3:4:4:4:4:2:2:3:4:,initialisation,11284.111987177032,
4:4:4:4:4:1:1:3:4:,initialisation,11499.552521912461,
3:3:4:4:4:2:2:4:3:,initialisation,11302.474580249342,
3:4:4:4:4:1:1:2:3:,initialisation,10059.990485713415,
4:4:4:4:4:2:1:2:4:,initialisation,11768.9330906279,
3:4:4:4:4:1:2:2:3:,initialisation,10694.877334244018,
3:3:4:4:4:3:3:4:3:,initialisation,12635.539666325749,
3:4:4:4:4:1:2:3:4:,initialisation,11158.514057014918,
2:3:4:4:4:2:3:4:2:,initialisation,11408.209942261577,
3:3:4:4:4:1:2:3:3:,initialisation,10280.342744487849,
2:3:4:4:4:2:3:3:2:,initialisation,12045.097921411403,
4:3:4:4:4:2:2:4:4:,initialisation,12483.001088386574,
3:3:4:4:4:3:3:4:3:,initialisation,12015.362500549332,
3:3:4:4:4:2:3:4:3:,initialisation,11950.032654045233,
4:4:4:4:4:1:2:2:4:,initialisation,11349.573282823205,
4:4:4:4:4:1:2:4:4:,initialisation,11409.028386137643,
3:4:4:4:4:2:3:4:3:,initialisation,12380.120592137708,
4:4:4:4:4:2:2:4:4:,initialisation,11302.911349596088,
4:4:3:4:4:1:2:3:4:,initialisation,12773.397681630313,
2:2:4:4:3:3:4:4:1:,initialisation,13620.34809817842,
2:3:4:4:4:2:3:3:2:,initialisation,11672.058993307182,
4:4:3:4:4:1:1:3:4:,initialisation,12370.722065893384,
4:4:4:4:4:1:1:2:4:,initialisation,11655.857240899953,
2:3:4:4:4:2:3:3:2:,initialisation,11069.449770900645,
4:4:3:4:4:2:2:4:4:,initialisation,12702.826068054776,
4:4:4:4:4:1:1:2:4:,initialisation,9771.247749690287,
4:3:4:4:4:2:3:4:4:,initialisation,12661.401874403024,
4:4:4:4:4:1:1:3:4:,initialisation,11477.971581760663,
4:4:4:4:4:2:2:2:4:,initialisation,12692.049068862163,
3:4:4:4:4:2:2:4:3:,initialisation,11811.630032820638,
4:4:4:4:4:3:3:4:4:,initialisation,13090.563580347232,
3:4:4:4:4:2:2:4:3:,initialisation,11717.141084727866,
3:3:4:4:4:2:3:4:2:,initialisation,11846.015525908175,
3:4:4:4:4:2:3:4:3:,initialisation,12367.595017014222,
3:4:4:4:4:3:3:4:3:,initialisation,12904.948153488001,
2:3:4:4:4:3:3:4:2:,initialisation,13043.170639976704,
4:4:4:4:4:1:2:4:4:,initialisation,11229.209430818653,
3:3:4:4:4:2:3:3:3:,initialisation,12023.160734938017,
3:3:4:4:4:2:2:2:3:,initialisation,11958.234846069261,
4:4:4:4:4:1:1:3:4:,initialisation,11030.423416143967,
2:3:4:4:4:2:2:2:3:,initialisation,11202.191033486002,
4:4:3:4:4:2:2:4:4:,initialisation,11242.251751939202,
3:3:4:4:4:2:2:3:3:,initialisation,11398.942474981208,
4:3:3:4:4:2:2:3:4:,initialisation,12641.073185562922,
2:3:4:4:4:2:3:2:2:,initialisation,12066.203114207203,
3:4:4:4:4:2:3:4:3:,initialisation,12340.476801200466,
3:3:4:4:4:2:2:2:3:,initialisation,11574.51119989207,
3:4:4:4:4:2:3:3:4:,initialisation,13198.182963807387,
3:4:4:4:4:1:2:2:4:,initialisation,10838.01045043893,
4:4:4:4:4:2:3:3:4:,initialisation,12422.018548181235,
3:4:4:4:4:2:3:4:3:,initialisation,12233.365229881216,
2:3:4:4:4:2:3:3:2:,initialisation,10822.164280901114,
1:2:4:4:4:3:3:3:1:,initialisation,12693.351308368476,
4:4:3:4:4:1:1:2:4:,initialisation,11812.103260694435,
3:3:4:4:4:2:3:4:3:,initialisation,11695.061111216506,
4:4:3:4:4:3:2:4:4:,initialisation,13204.188479403692,
2:3:4:4:4:1:2:1:2:,initialisation,9878.70906496413,
4:4:3:4:4:1:1:3:4:,initialisation,12043.355005021001,
4:4:3:4:4:1:2:3:4:,initialisation,12415.686468560836,
2:3:4:4:4:3:3:3:2:,initialisation,12817.296054057106,
4:4:3:4:4:1:2:3:4:,initialisation,12051.36470769477,
3:3:4:4:4:2:2:3:3:,initialisation,10850.686706720257,
2:3:4:4:4:2:3:4:2:,initialisation,11189.866519344645,
4:4:3:4:4:1:1:3:4:,initialisation,11920.544335305663,
3:4:4:4:4:2:2:4:3:,initialisation,11691.25496662123,
4:4:4:4:4:0:1:1:4:,initialisation,10457.40182664879,
3:3:3:4:4:1:2:3:3:,initialisation,11024.680330890404,
3:4:4:4:4:1:2:2:3:,initialisation,10631.301365769916,
4:4:3:4:4:2:2:3:4:,initialisation,12564.634968963592,
2:3:4:4:4:3:3:3:2:,initialisation,12368.957855138015,
4:4:3:4:4:3:2:4:4:,initialisation,13204.188479403687,
3:4:4:4:4:2:2:4:3:,initialisation,11635.742378630588,
1:2:4:4:3:3:3:4:1:,initialisation,12182.61351782175,
4:4:4:4:4:1:2:3:4:,initialisation,10789.583741411483,
3:4:4:4:4:2:3:3:3:,initialisation,12552.29970898112,
4:3:4:4:4:2:2:4:4:,initialisation,12306.475204043632,
3:4:4:4:4:1:2:3:4:,initialisation,11034.079358578912,
3:4:4:4:4:2:2:2:3:,initialisation,11699.910393587315,
4:4:3:4:4:2:2:3:4:,initialisation,12363.883494129443,
2:2:4:4:4:2:3:3:2:,initialisation,12395.642609254863,
2:3:4:4:4:2:2:2:2:,initialisation,11424.466111940063,
3:4:4:4:4:1:1:1:4:,initialisation,9819.249638881685,
4:4:3:4:4:1:1:3:4:,initialisation,11828.985077322943,
4:4:4:4:4:3:3:4:4:,initialisation,12824.197529750367,
2:3:4:4:4:2:3:2:2:,initialisation,11319.859345955178,
4:4:3:4:4:1:1:3:4:,initialisation,11716.114956617821,
4:4:4:4:4:2:3:4:4:,initialisation,12258.036001005341,
2:3:4:4:4:3:3:4:2:,initialisation,12797.887819868505,
3:3:4:4:4:2:2:2:3:,initialisation,11240.604262557608,
3:3:4:4:4:2:3:3:3:,initialisation,11651.087846385753,
3:3:4:4:4:1:2:4:3:,initialisation,11629.888021866524,
3:4:4:4:4:3:3:4:3:,initialisation,12478.465864600696,
3:3:4:4:4:2:2:3:4:,initialisation,11998.965277845495,
2:3:4:4:4:3:3:4:2:,initialisation,12479.09089114322,
4:4:3:4:4:1:1:2:4:,initialisation,11492.95691295824,
3:4:4:4:4:2:3:4:3:,initialisation,12200.71883324098,
2:3:4:4:4:1:2:3:2:,initialisation,10893.564513118386,
2:3:4:4:4:1:2:2:2:,initialisation,10918.565794032284,
2:3:4:4:4:2:2:2:2:,initialisation,10964.315119824068,
2:3:4:4:4:3:3:4:2:,initialisation,12470.7830905192,
3:3:4:4:4:2:2:2:3:,initialisation,11034.222590519375,
4:4:2:4:4:2:1:4:4:,initialisation,13204.188479403687,
3:3:4:4:4:1:2:1:3:,initialisation,10733.804292420138,
4:4:3:4:4:1:2:3:4:,initialisation,11543.644145741924,
2:3:4:4:4:2:2:2:2:,initialisation,10701.731049525393,
2:3:4:4:4:1:2:2:2:,initialisation,10890.53822029273,
2:3:4:4:4:1:2:2:3:,initialisation,10061.743740716787,
3:3:4:4:4:2:2:1:3:,initialisation,11756.838418514479,
3:4:4:4:4:2:3:4:3:,initialisation,12116.090962889462,
4:4:4:4:4:2:1:4:4:,initialisation,12141.637087396955,
2:3:4:4:4:2:2:3:2:,initialisation,10613.36736676781,
4:4:4:4:4:2:1:3:4:,initialisation,11777.086838103394,
3:4:4:4:4:2:3:3:4:,initialisation,13057.14466461932,
3:3:4:4:4:1:1:1:3:,initialisation,10247.910477504844,
4:4:3:4:4:1:2:3:4:,initialisation,11327.664732672672,
3:4:4:4:4:3:2:4:3:,initialisation,12880.738770004004,
3:3:4:4:4:1:2:3:4:,initialisation,10637.550606457216,
3:3:4:4:4:3:3:4:2:,initialisation,12307.651956308731,
4:4:4:4:4:1:2:4:4:,initialisation,11036.082410416477,
4:4:3:4:4:0:0:0:4:,initialisation,11329.020032448057,
4:3:4:4:4:2:2:4:4:,initialisation,12197.09826414163,
3:4:4:4:4:2:3:4:3:,initialisation,11876.44177006054,
3:3:4:4:4:1:3:3:3:,initialisation,11003.253376040713,
2:3:4:4:4:2:2:2:3:,initialisation,10778.926437041646,
4:4:4:4:4:2:2:2:4:,initialisation,12110.208672752806,
2:3:4:4:3:4:3:4:2:,initialisation,13624.49734254413,
3:3:4:4:4:2:2:4:3:,initialisation,10999.30013423986,
3:3:4:4:4:3:3:3:3:,initialisation,12691.175968667982,
2:2:4:4:3:3:4:3:2:,initialisation,14695.716348796283,
4:3:3:4:4:2:2:4:4:,initialisation,12187.221286453487,
2:3:4:4:4:3:3:4:2:,initialisation,12213.361037351571,
3:3:4:4:4:1:1:2:3:,initialisation,9961.42418328265,
2:3:4:4:4:2:3:2:3:,initialisation,12421.909597811162,
4:4:4:4:4:2:2:3:4:,initialisation,10976.247600648558,
3:4:4:4:4:2:3:3:3:,initialisation,12464.464701704597,
3:3:4:4:4:2:3:4:3:,initialisation,11642.033854648833,
1:2:4:4:3:3:3:3:1:,initialisation,13072.112959443853,
4:4:3:4:4:1:1:2:4:,initialisation,11239.719429169998,
2:3:4:4:3:3:4:4:2:,initialisation,13076.48460275218,
3:4:4:4:4:2:3:2:3:,initialisation,12610.393803458464,
3:3:4:4:4:0:1:1:3:,initialisation,8913.786359487693,
3:4:4:4:4:2:2:4:3:,initialisation,10897.378672194842,
3:3:4:4:4:2:3:2:3:,initialisation,12989.307868327578,
3:4:4:4:4:2:2:3:3:,initialisation,10759.51708057451,
3:3:3:4:4:2:3:4:3:,initialisation,12573.572499023003,
2:3:4:4:4:1:2:2:2:,initialisation,10880.133725705598,
2:2:4:4:4:2:3:3:2:,initialisation,12274.104538698208,
4:4:3:4:4:2:2:3:4:,initialisation,12250.440903070272,
4:4:4:4:4:3:3:4:4:,initialisation,12757.830081089875,
3:3:4:4:4:3:3:4:3:,initialisation,11941.832194183391,
4:3:4:4:4:2:2:4:4:,initialisation,11605.00082872847,
3:4:4:4:4:2:3:3:4:,initialisation,12692.390073186009,
2:3:4:4:3:4:4:4:1:,initialisation,13541.12900312575,
4:4:4:4:4:1:1:3:4:,initialisation,10888.804430556798,
4:4:4:4:4:2:3:4:4:,initialisation,12257.154136541032,
4:4:3:4:4:2:2:3:4:,initialisation,11903.80319583462,
4:4:4:4:4:1:2:2:4:,initialisation,10621.34595926102,
4:3:4:4:4:3:3:4:3:,initialisation,13204.188479403685,
3:3:4:4:4:2:3:3:3:,initialisation,11341.83862650502,
3:3:4:4:4:2:3:2:3:,initialisation,12224.524261670862,
4:4:2:4:4:1:1:4:4:,initialisation,13033.66525185162,
2:3:4:4:4:1:2:3:2:,initialisation,10556.646114459912,
2:3:4:4:4:3:3:4:2:,initialisation,12017.046736958058,
3:4:4:4:4:3:2:4:3:,initialisation,12305.534835298346,
4:4:3:4:4:1:2:2:4:,initialisation,11019.881786972772,
4:4:4:4:4:1:1:4:4:,initialisation,12126.28020323921,
2:3:4:4:4:3:3:3:2:,initialisation,12242.821440471294,
2:3:4:4:4:3:3:4:1:,initialisation,12317.881444958619,
3:3:4:4:4:2:2:3:3:,initialisation,10389.916379780245,
3:3:4:4:4:1:2:1:3:,initialisation,10712.451423816035,
4:4:4:4:4:2:3:4:4:,initialisation,12094.816114093317,
3:4:4:4:4:1:2:3:3:,initialisation,11780.450138028917,
3:4:4:4:4:1:2:3:4:,initialisation,10962.956965120364,
4:4:4:4:4:1:1:3:4:,initialisation,10678.519601975715,
4:4:4:4:4:2:2:4:4:,initialisation,11270.957533313565,
4:4:4:4:4:3:2:4:4:,initialisation,12655.819360454456,
1:2:4:4:3:3:4:3:1:,initialisation,14439.241173037404,
3:4:4:4:4:2:2:2:3:,initialisation,11567.172872058516,
3:4:4:4:4:1:1:1:3:,initialisation,10444.389984844272,
4:4:4:4:4:0:0:0:4:,initialisation,8927.878580938179,
3:3:4:4:4:1:2:1:3:,initialisation,10609.32912041171,
4:4:3:4:4:1:1:3:4:,initialisation,11628.434066981104,
3:3:4:4:4:2:2:2:3:,initialisation,10869.846406285427,
4:4:4:4:4:3:2:4:4:,initialisation,12605.801544738208,
4:4:4:4:4:3:2:4:4:,initialisation,12605.145062987815,
4:4:2:4:4:2:1:4:4:,initialisation,13204.188479403685,
3:3:4:4:4:2:2:2:3:,initialisation,10469.155488594355,
2:3:4:4:4:1:2:2:2:,initialisation,10321.991311600437,
3:4:4:4:4:2:2:2:3:,initialisation,11267.807500339712,
4:3:3:4:4:2:3:4:4:,initialisation,13377.729249537793,
4:4:3:4:4:1:1:3:4:,initialisation,11600.675793444088,
3:3:4:4:3:3:3:4:2:,initialisation,13810.713467071655,
4:4:4:4:4:1:1:4:4:,initialisation,11714.93581802968,
2:3:4:4:3:3:3:4:2:,initialisation,12600.784769492511,
2:3:4:4:3:3:3:4:2:,initialisation,12141.543270424616,
2:3:4:4:4:2:2:2:3:,initialisation,10435.550172593903,
4:4:3:4:4:1:1:3:4:,initialisation,11584.559984161913,
4:4:3:4:4:3:2:4:4:,initialisation,13204.188479403685,
3:3:4:4:4:3:3:4:3:,initialisation,11655.312847925841,
2:3:4:4:4:1:2:3:2:,initialisation,10499.024122449331,
3:4:4:4:4:2:3:4:3:,initialisation,11867.77062505081,
4:4:2:4:4:2:1:4:4:,initialisation,13051.233793432262,
4:4:4:4:4:2:2:2:4:,initialisation,11575.084865555256,
4:4:3:4:4:2:1:4:4:,initialisation,13342.144401511567,
3:4:4:4:4:1:2:3:3:,initialisation,10824.25296964847,
3:4:4:4:4:1:2:3:4:,initialisation,10957.180403939197,
3:3:4:4:4:1:2:4:3:,initialisation,11165.871039426862,
4:4:2:4:4:1:1:3:4:,initialisation,13204.188479403687,
3:4:4:4:4:2:2:3:4:,initialisation,11072.440716819854,
3:3:4:4:4:2:3:4:3:,initialisation,11564.53263795946,
4:4:4:4:4:2:2:4:4:,initialisation,11229.885541509073,
3:4:4:4:4:1:1:1:3:,initialisation,10217.867967274655,
4:4:4:4:4:2:2:3:4:,initialisation,10955.862518231152,
3:3:4:4:4:3:2:4:3:,initialisation,12469.960210527008,
2:3:4:4:4:3:3:4:2:,initialisation,11869.83782652556,
1:2:4:4:4:2:3:3:1:,initialisation,11885.221220215943,
1:2:4:4:3:3:4:4:1:,initialisation,14169.306712048532,
4:4:3:4:4:1:1:4:4:,initialisation,12365.097135867562,
3:3:4:4:4:2:3:2:3:,initialisation,11617.506523540247,
2:3:4:4:4:3:3:4:2:,initialisation,11322.752656387818,
4:4:4:4:4:1:1:1:4:,initialisation,10720.127457063221,
3:3:4:4:4:1:1:2:3:,initialisation,9661.265986732447,
3:4:4:4:4:1:2:2:3:,initialisation,10293.044690723229,
3:3:4:4:4:1:2:1:3:,initialisation,10390.878717897986,
4:4:4:4:4:3:2:4:4:,clone,12605.145062987813,4:4:4:4:4:3:2:4:4
4:4:4:4:4:3:3:4:4:,clone,12748.248253495443,4:4:4:4:4:3:3:4:4
3:3:4:4:4:3:3:4:2:,recombination,12148.24435583852,3:4:4:4:4:2:2:3:4,3:3:4:4:4:3:3:4:3
2:3:4:4:4:2:2:2:2:,recombination,10386.94057534406,2:3:4:4:4:2:2:2:3,3:4:4:4:4:2:2:2:3
4:3:4:4:4:2:2:4:4:,clone,11469.097203425208,4:3:4:4:4:2:2:4:4
4:3:4:4:4:2:2:4:4:,recombination,11273.299746757604,4:4:4:4:4:1:2:3:4,2:3:4:4:4:3:3:4:2
3:3:4:4:4:1:2:1:3:,clone,10151.561163203945,3:3:4:4:4:1:2:1:3
3:3:4:4:4:1:2:3:3:,recombination,9986.996394860507,3:3:4:4:4:2:2:2:3,2:3:4:4:4:2:2:2:2,MUTATE
2:2:4:4:3:3:3:3:2:,clone,14580.070171485935,2:2:4:4:3:3:4:3:2
2:3:4:4:4:2:2:2:2:,clone,10270.27075164579,2:3:4:4:4:2:2:2:2
4:4:3:4:4:2:2:3:4:,recombination,11621.823725327877,4:4:3:4:4:2:2:3:4,4:4:3:4:4:1:1:2:4
3:3:4:4:4:2:2:2:3:,clone,10408.638483741628,3:3:4:4:4:2:2:2:3
2:2:4:4:4:3:3:4:2:,recombination,12182.61351782175,1:2:4:4:3:3:3:4:1,2:3:4:4:4:2:3:4:2,MUTATE
4:4:4:4:4:2:2:4:4:,recombination,11131.47980395698,3:4:4:4:4:2:2:4:3,4:3:3:4:4:2:2:4:4,MUTATE
3:4:4:4:4:2:2:3:3:,recombination,10651.315694193954,3:3:4:4:4:2:2:2:3,3:3:4:4:4:3:3:4:3
4:4:4:4:4:2:1:4:4:,clone,11876.044759222154,4:4:4:4:4:2:1:4:4
3:4:4:4:4:2:2:2:3:,recombination,11184.355106330673,3:3:4:4:4:1:2:1:3,4:4:4:4:4:1:2:2:4,MUTATE
3:4:4:4:4:2:3:4:3:,clone,11691.76407654374,3:4:4:4:4:2:3:4:3
3:3:4:4:3:3:3:4:2:,clone,13810.713467071653,3:3:4:4:3:3:3:4:2
4:4:4:4:4:2:2:4:4:,recombination,10906.158258279118,4:4:3:4:4:2:2:4:4,3:4:4:4:4:2:2:4:3,MUTATE
3:4:4:4:4:1:2:3:3:,clone,10708.134496663859,3:4:4:4:4:1:2:3:3
3:3:4:4:4:2:2:4:3:,clone,10910.741804831365,3:3:4:4:4:2:2:4:3
2:3:4:4:3:3:3:4:1:,recombination,13208.484575080103,1:2:4:4:3:3:3:4:1,1:2:4:4:3:3:4:4:1
3:4:4:4:4:1:2:3:4:,clone,10914.471536792415,3:4:4:4:4:1:2:3:3
3:3:4:4:4:1:1:2:4:,recombination,9928.885500386777,3:3:4:4:4:1:2:3:4,2:3:4:4:4:1:2:2:2
4:4:3:4:4:2:1:4:4:,recombination,12979.706351567362,3:3:4:4:4:2:2:2:3,4:4:3:4:4:2:1:4:4
3:3:4:4:4:2:2:3:3:,recombination,10252.63389962837,3:3:4:4:4:1:2:2:3,4:4:4:4:4:3:2:4:4
2:3:4:4:4:2:3:2:2:,clone,11264.424795298008,2:3:4:4:4:1:2:2:2
2:3:4:4:4:2:2:2:2:,clone,10161.214033723238,2:3:4:4:4:2:2:2:2
2:3:4:4:4:2:2:2:2:,recombination,9556.989403615406,3:4:4:4:4:2:2:4:3,2:3:4:4:4:2:2:2:2,MUTATE
3:4:4:4:4:1:1:1:4:,clone,9658.227073560689,3:4:4:4:4:1:1:1:4
4:4:4:4:4:2:2:3:4:,clone,10953.108915989833,4:4:4:4:4:2:2:3:4
3:4:4:4:4:2:2:2:3:,recombination,11058.016617188821,3:3:4:4:4:1:2:3:3,3:4:4:4:4:2:3:2:3
2:3:4:4:4:1:2:2:2:,recombination,10186.653008182255,3:4:4:4:4:2:2:4:3,2:3:4:4:4:1:2:3:2
1:2:4:4:3:3:4:3:1:,recombination,13842.838356829416,1:2:4:4:4:3:3:3:1,1:2:4:4:3:3:4:4:1,MUTATE
2:3:4:4:4:1:2:2:3:,clone,9453.84706887106,2:3:4:4:4:2:2:2:2
4:3:4:4:4:2:2:4:4:,recombination,11262.393314395766,2:3:4:4:4:3:3:4:2,4:4:3:4:4:2:2:4:4
3:4:4:4:4:2:2:3:4:,clone,10925.18768648512,3:4:4:4:4:2:2:3:4
3:3:4:4:4:1:1:2:3:,clone,9538.97945935203,3:3:4:4:4:1:1:2:3
3:4:4:4:4:2:2:3:3:,recombination,10537.224346869414,2:3:4:4:4:2:2:2:2,4:4:3:4:4:1:1:2:4,MUTATE
4:4:4:4:4:1:2:3:4:,clone,10601.312545614092,4:4:4:4:4:1:2:3:4
1:2:4:4:2:3:4:4:1:,recombination,14337.703709910495,3:3:4:4:4:2:2:2:3,2:2:4:4:3:3:4:3:2,MUTATE
2:3:4:4:4:1:2:3:2:,clone,10489.843539077408,2:3:4:4:4:1:2:3:2
3:4:4:4:4:2:2:3:4:,clone,10635.455232479702,3:4:4:4:4:2:2:3:3
4:4:4:4:4:1:1:4:4:,recombination,11504.012434866536,4:4:4:4:4:1:1:3:4,4:4:4:4:4:1:1:4:4,MUTATE
2:2:4:4:4:2:3:3:2:,clone,12040.887660440414,2:2:4:4:4:3:3:4:2
4:4:4:4:4:2:2:3:4:,recombination,10945.347792628121,4:4:4:4:4:2:2:3:4,4:4:4:4:4:1:2:3:4
2:3:4:4:4:3:3:3:2:,clone,12179.773704922716,2:3:4:4:4:3:3:3:2
1:2:4:4:3:3:4:4:1:,recombination,13150.69998662878,1:2:4:4:3:3:4:4:1,1:2:4:4:3:3:4:3:1
3:3:4:4:4:3:3:3:3:,clone,12544.802042558507,3:3:4:4:4:3:3:3:3
4:4:4:4:4:2:2:3:4:,clone,10864.24266462604,3:4:4:4:4:2:2:3:4
3:4:4:4:4:2:2:2:3:,recombination,10590.336736962765,2:3:4:4:4:1:2:2:3,4:4:4:4:4:1:1:3:4
3:3:4:4:4:2:3:4:3:,clone,11542.8599125104,3:3:4:4:4:2:2:4:3
4:4:3:4:4:2:1:4:4:,clone,12979.70635156736,4:4:3:4:4:2:1:4:4
3:4:4:4:4:1:1:2:4:,recombination,9625.968649568873,3:3:4:4:4:2:3:4:3,3:3:4:4:4:0:1:1:3
3:4:4:4:4:2:3:3:3:,clone,12423.005267930266,3:3:4:4:4:3:3:3:3
3:3:4:4:4:2:2:2:3:,recombination,10180.198501220239,2:3:4:4:4:1:2:2:3,3:3:4:4:4:3:3:3:3
4:4:3:4:4:1:1:3:4:,clone,11281.95287544118,4:4:3:4:4:1:1:3:4
4:3:4:4:4:2:3:4:4:,recombination,12032.168960939882,2:3:4:4:4:2:2:2:2,4:4:4:4:4:2:3:4:4,MUTATE
3:3:4:4:4:2:3:2:3:,clone,11524.48013630884,3:3:4:4:4:2:3:2:3
2:3:4:4:4:1:2:3:2:,clone,10341.272822614743,2:3:4:4:4:1:2:3:2
3:3:4:4:4:2:3:4:2:,recombination,11700.662854423614,3:3:4:4:4:3:3:4:3,3:4:4:4:4:2:3:4:3,MUTATE
3:4:4:4:4:1:2:3:4:,clone,10775.756532524714,3:4:4:4:4:1:2:3:4
4:4:4:4:4:2:2:3:4:,clone,10826.041615367445,4:4:4:4:4:2:2:3:4
3:3:3:4:4:2:2:3:3:,clone,11713.1823858554,3:3:4:4:4:2:2:3:3
2:3:4:4:3:4:4:4:2:,clone,13624.49734254413,2:3:4:4:3:4:3:4:2
3:3:4:4:4:2:2:2:3:,clone,9845.806672113436,3:3:4:4:4:2:2:2:3
4:4:4:4:4:1:1:2:4:,clone,9505.736881386572,3:4:4:4:4:1:1:2:4
4:4:4:4:4:1:2:2:4:,recombination,10442.076869851388,2:3:4:4:4:2:2:2:2,4:4:4:4:4:1:2:3:4
4:4:4:4:4:1:2:3:4:,recombination,10341.716993138882,3:3:4:4:4:2:2:2:3,3:4:4:4:4:2:2:3:4
3:3:4:4:4:2:3:4:2:,recombination,11449.24285334257,3:3:4:4:4:1:2:2:3,3:3:4:4:4:1:2:4:3,MUTATE
2:3:4:4:4:2:2:4:2:,recombination,11160.454050470922,4:3:4:4:4:2:2:4:4,1:2:4:4:4:3:3:3:1
3:3:4:4:4:2:3:4:2:,clone,11225.723449901516,3:3:4:4:4:2:3:4:2
4:3:4:4:4:2:2:3:4:,recombination,12731.521265618607,2:3:4:4:4:2:2:2:3,4:3:3:4:4:2:2:3:4
1:2:4:4:3:3:3:3:1:,clone,13061.859507597132,1:2:4:4:3:3:4:4:1
3:3:4:4:4:3:3:4:2:,clone,11879.22977624741,3:3:4:4:4:3:3:4:2
3:3:4:4:4:1:2:2:3:,recombination,9276.947843667736,2:3:4:4:4:1:2:3:2,2:3:4:4:4:2:2:2:2,MUTATE
3:3:4:4:4:2:2:3:4:,recombination,10888.79423332635,2:3:4:4:4:2:2:2:2,3:3:4:4:4:3:3:4:2
4:4:4:4:4:0:1:1:4:,recombination,9259.681359018456,3:4:4:4:4:2:2:2:3,3:3:4:4:4:0:1:1:3
2:2:4:4:4:2:3:4:2:,clone,12040.887660440414,2:2:4:4:4:2:3:3:2
4:4:4:4:4:1:1:3:4:,clone,10574.299480059784,4:4:4:4:4:1:1:3:4
2:2:4:4:4:3:3:3:2:,recombination,13575.103513067732,2:2:4:4:3:3:3:3:2,4:4:3:4:4:1:1:3:4,MUTATE
3:4:4:4:4:1:2:2:3:,recombination,9884.73324369835,4:4:4:4:4:1:1:2:4,3:4:4:4:4:2:3:3:3
4:4:3:4:4:1:1:3:4:,clone,11266.133524313524,4:4:3:4:4:1:1:3:4
2:3:4:4:4:1:2:2:2:,clone,9742.588663269978,2:3:4:4:4:1:2:1:2
3:3:3:4:4:2:2:4:3:,recombination,11388.564660967026,4:4:4:4:4:1:1:3:4,4:3:4:4:4:2:2:4:4
3:4:4:4:4:2:2:2:4:,recombination,11177.202396692777,4:4:3:4:4:2:2:3:4,2:3:4:4:4:2:3:2:2
4:4:3:4:4:0:0:0:4:,clone,11105.540472201808,4:4:3:4:4:0:0:0:4
2:2:4:4:4:3:3:3:2:,clone,13464.819701561684,2:2:4:4:4:3:3:3:2
3:3:4:4:4:1:2:3:3:,clone,9973.209748090936,3:3:4:4:4:1:2:3:3
4:4:4:4:4:1:1:3:4:,recombination,9975.453983690284,4:4:3:4:4:2:2:4:4,3:4:4:4:4:1:1:2:4,MUTATE
3:3:4:4:4:3:2:4:3:,clone,12305.534835298346,3:4:4:4:4:3:2:4:3
2:3:4:4:4:2:3:4:2:,clone,11088.569899439055,2:3:4:4:4:2:3:4:2
2:3:4:4:4:2:2:4:2:,recombination,11126.561130439875,3:4:4:4:4:2:2:2:3,3:3:4:4:4:2:2:3:3,MUTATE
3:4:4:4:4:1:2:3:4:,clone,10097.950312902782,3:4:4:4:4:1:2:3:4
2:2:4:4:3:3:4:4:1:,recombination,13481.28049353629,2:2:4:4:3:3:4:4:1,4:4:3:4:4:1:1:2:4
3:3:3:4:4:1:2:3:3:,clone,10749.957433181857,3:3:4:4:4:1:2:3:4
3:4:4:4:4:1:2:3:3:,clone,10097.950312902782,3:4:4:4:4:1:2:3:4
3:3:4:4:4:1:1:1:3:,clone,10128.491319823219,3:3:4:4:4:1:1:1:3
2:3:4:4:4:2:3:4:2:,clone,10905.855378010072,2:3:4:4:4:2:3:4:2
2:3:4:4:4:2:2:4:2:,clone,10858.447140004222,2:3:4:4:4:2:3:4:2
4:4:4:4:4:2:2:2:4:,recombination,11490.11765306704,4:4:3:4:4:2:2:3:4,4:4:4:4:4:1:1:4:4
3:4:4:4:4:1:2:2:4:,clone,10789.243415581926,3:4:4:4:4:1:2:2:3
2:2:4:4:3:3:3:4:1:,recombination,11975.646359370077,2:2:4:4:4:3:3:4:2,3:3:4:4:4:2:3:4:2,MUTATE
2:3:4:4:4:1:2:2:2:,recombination,9504.607515980855,2:3:4:4:4:1:2:1:2,4:4:3:4:4:2:1:4:4
3:4:4:4:4:1:1:1:3:,clone,10185.803005992364,3:4:4:4:4:1:1:1:3
2:3:4:4:4:2:2:4:2:,clone,10647.95090869606,2:3:4:4:4:2:3:4:2
1:3:4:4:4:3:3:3:1:,clone,11927.674499472258,1:2:4:4:4:2:3:3:1
4:4:4:4:4:2:2:4:4:,recombination,10835.320413419397,2:3:4:4:4:3:3:3:2,4:4:3:4:4:2:2:4:4,MUTATE
4:4:4:4:4:3:2:4:4:,clone,12463.849771483467,4:4:4:4:4:3:2:4:4
3:3:4:4:4:2:2:4:3:,recombination,10618.439061589906,3:3:4:4:4:2:3:4:2,4:4:3:4:4:2:2:4:4
1:2:4:4:4:3:3:4:1:,recombination,12968.434656913092,2:3:4:4:4:2:2:2:3,1:2:4:4:2:3:4:4:1
2:3:4:4:4:3:3:4:1:,clone,12025.187675872614,2:2:4:4:3:3:3:4:1
3:4:4:4:4:1:1:1:3:,clone,9965.594214087881,3:4:4:4:4:1:1:1:3
2:2:4:4:3:3:3:3:2:,clone,13837.228648084863,2:2:4:4:4:3:3:3:2
3:3:4:4:4:2:2:4:3:,recombination,10502.637976026444,4:4:2:4:4:1:1:4:4,3:3:4:4:4:2:2:4:3
3:3:4:4:4:1:2:1:3:,recombination,9675.742276262852,3:3:4:4:4:1:2:1:3,3:3:4:4:4:0:1:1:3,MUTATE
1:2:4:3:2:3:4:4:1:,clone,14710.112656433672,1:2:4:3:2:3:4:4:1
4:4:4:4:4:1:1:1:4:,recombination,10245.646835107213,3:4:4:4:4:1:1:1:3,4:4:3:4:4:0:0:0:4
2:2:4:4:3:3:3:3:2:,clone,13831.355426235088,2:2:4:4:3:3:3:3:2
1:2:4:4:2:3:4:3:1:,recombination,14439.632117913708,1:2:4:4:2:3:4:4:1,1:2:4:4:3:3:4:3:1,MUTATE
3:3:4:4:4:1:2:2:4:,recombination,11021.770848813987,4:4:3:4:4:1:1:3:4,4:4:4:4:4:1:1:3:4,MUTATE
4:4:4:4:4:3:2:4:4:,recombination,12410.504562730577,3:4:4:4:4:3:3:4:3,4:4:4:4:4:3:2:4:4,MUTATE
4:4:4:4:4:2:1:2:4:,clone,11733.978411089583,4:4:4:4:4:2:1:2:4
1:2:4:4:2:3:4:4:1:,recombination,13823.996383631325,3:3:4:4:4:1:2:3:3,2:2:4:4:4:3:3:3:2,MUTATE
3:3:4:4:4:2:2:2:4:,recombination,11289.494771232823,3:3:4:4:4:2:2:3:4,3:3:4:4:4:1:2:2:4,MUTATE
2:3:4:4:4:1:2:2:2:,clone,9431.585102695297,2:3:4:4:4:1:2:2:2
1:2:4:3:2:3:4:4:1:,clone,13976.188445106227,1:2:4:4:3:3:4:4:1
4:4:3:4:4:2:2:2:4:,clone,11743.786468524006,4:4:3:4:4:2:1:2:4
2:2:4:4:4:3:3:4:1:,recombination,11963.190554275521,2:3:4:4:4:3:3:4:1,3:3:3:4:4:1:2:3:3
1:2:4:4:2:4:4:4:1:,recombination,15031.323907497594,2:2:4:4:4:3:3:3:2,3:3:4:4:4:2:3:4:3
3:3:4:4:4:2:3:4:3:,recombination,11103.585414609463,3:3:4:4:4:3:3:4:3,3:3:4:4:4:0:1:1:3,MUTATE
2:2:4:4:3:3:3:4:2:,recombination,12354.043903089918,2:2:4:4:4:2:3:3:2,2:3:4:4:4:2:3:3:2,MUTATE
2:3:4:4:4:2:3:3:2:,recombination,10607.244334464403,3:3:4:4:4:1:2:1:3,3:3:4:4:4:1:2:3:3
3:4:4:4:4:1:1:1:3:,clone,9728.865218934256,3:4:4:4:4:1:1:1:3
2:2:4:4:3:3:4:4:1:,recombination,13144.013900279238,3:4:4:4:4:2:2:2:3,1:2:4:4:4:3:3:4:1
1:3:4:4:3:3:4:3:1:,recombination,14475.50308978885,1:2:4:4:2:3:4:4:1,3:3:4:4:4:2:3:4:3
4:4:4:4:4:3:2:4:4:,clone,12323.4356451645,4:4:4:4:4:3:2:4:4
2:2:4:4:2:4:4:4:1:,recombination,13933.597184944305,4:4:4:4:4:1:1:3:4,2:3:4:4:3:4:3:4:2,MUTATE
3:3:3:4:4:2:2:3:4:,clone,12641.073185562922,3:3:3:4:4:2:2:3:4
2:2:4:4:3:3:4:4:2:,recombination,15110.380040302882,1:2:4:4:2:4:4:4:1,3:4:4:4:4:2:2:2:3,MUTATE
2:3:4:4:4:2:2:4:2:,recombination,10418.960896027018,4:4:4:4:4:2:2:4:4,3:3:4:4:4:2:3:3:3
2:2:4:4:4:3:3:4:2:,clone,11937.18184450587,2:3:4:4:4:3:3:4:2
2:3:4:4:3:3:3:4:1:,recombination,11583.243870248443,3:3:4:4:4:2:2:3:4,2:3:4:4:4:3:3:4:2,MUTATE
3:4:4:4:4:1:2:2:4:,recombination,10432.454092468002,4:4:3:4:4:1:1:2:4,3:4:4:4:4:1:1:1:4
1:3:4:4:3:3:4:4:1:,clone,14639.177233960363,1:2:4:4:3:3:4:4:1
3:3:4:4:4:1:2:4:3:,clone,10471.664465758487,3:3:4:4:4:2:2:3:3
2:3:4:4:4:2:3:2:2:,clone,11162.717186542404,2:3:4:4:4:2:3:2:2
2:3:4:4:4:2:2:3:2:,clone,10321.406225193301,2:3:4:4:4:2:3:3:2
3:3:4:4:3:3:3:4:2:,clone,13708.443980379692,3:3:4:4:3:3:3:4:2
3:3:4:4:4:1:2:3:3:,recombination,9781.314664427673,2:3:4:4:4:2:3:3:2,3:3:4:4:4:3:3:4:3
1:2:4:3:2:3:4:4:1:,clone,13674.800499751174,1:2:4:3:2:3:4:4:1
1:2:4:4:2:4:4:4:1:,recombination,14892.599700410057,1:2:4:4:2:4:4:4:1,1:2:4:4:4:2:3:3:1
3:3:4:4:4:2:3:3:3:,clone,10824.556849089586,3:3:4:4:4:2:3:3:3
2:3:4:4:3:3:3:4:2:,recombination,11796.779644053795,3:3:4:4:4:2:2:4:3,2:3:4:4:3:3:3:4:1,MUTATE
2:3:4:4:4:3:3:4:1:,clone,11881.056928358312,2:2:4:4:4:3:3:4:1
1:2:4:3:2:4:4:4:1:,clone,14521.928598301216,1:2:4:3:2:3:4:4:1
4:4:4:4:4:0:0:1:4:,recombination,10269.100967071132,4:4:4:4:4:0:0:0:4,3:3:4:4:4:2:3:4:3
2:2:4:4:3:3:3:4:1:,recombination,11932.597101444491,1:2:4:3:2:3:4:4:1,3:3:4:4:4:2:3:2:3,MUTATE
2:3:4:4:4:2:3:4:2:,clone,10824.556849089586,3:3:4:4:4:2:3:3:3
3:3:4:4:4:2:3:4:3:,recombination,10970.960674447302,3:3:4:4:4:2:3:3:3,4:4:4:4:4:2:3:4:4,MUTATE
1:3:4:4:3:3:4:4:1:,recombination,13454.449872063415,1:2:4:4:2:3:4:4:1,4:4:3:4:4:1:2:4:4
2:2:4:4:3:3:3:4:1:,recombination,11618.32573707516,3:3:4:4:4:2:2:2:3,2:3:4:4:3:3:3:4:1
4:3:4:4:4:3:3:4:3:,recombination,13093.513598130541,3:4:4:4:4:3:2:4:3,4:3:4:4:4:3:3:4:3,MUTATE
3:3:4:4:4:1:1:1:3:,clone,10035.781522340973,3:3:4:4:4:1:1:1:3
4:4:4:4:4:3:2:4:4:,clone,12145.784119342437,4:4:4:4:4:3:2:4:4
2:3:4:4:3:3:4:4:1:,clone,12994.177159236222,2:3:4:4:3:3:4:4:1
1:2:4:4:4:2:3:4:1:,recombination,11197.66903571172,4:4:4:4:4:1:1:3:4,2:3:4:4:4:2:3:3:2,MUTATE
3:4:4:4:4:2:3:4:3:,recombination,11583.757972822097,3:4:4:4:4:2:3:4:3,2:3:4:4:4:2:3:2:2
2:3:4:4:4:2:3:4:1:,clone,10845.386425151883,2:3:4:4:4:2:3:4:1
2:3:4:4:4:2:3:4:2:,clone,10609.81337825636,2:3:4:4:4:2:3:4:2
2:3:4:3:2:3:4:4:1:,clone,13359.712070461965,2:3:4:4:3:3:4:4:1
2:2:4:3:2:3:4:4:1:,recombination,13035.928735590005,2:3:4:4:3:3:4:4:2,4:4:4:4:4:1:1:4:4
2:3:4:3:2:3:4:4:1:,recombination,12862.907285956324,2:3:4:4:4:2:2:2:3,1:2:4:4:4:2:3:4:1,MUTATE
1:2:4:4:3:3:3:3:1:,clone,12249.499544688662,1:2:4:4:3:3:3:3:1
2:3:4:4:3:2:3:4:1:,recombination,11644.279388534685,2:3:4:4:4:3:3:3:2,2:3:4:4:4:3:3:4:1
2:3:4:3:2:4:4:4:1:,recombination,13040.66932656487,2:2:4:4:3:3:3:4:1,2:3:4:4:3:3:4:4:1
2:3:4:4:3:3:4:4:1:,recombination,12958.7325164219,3:4:4:4:4:3:2:4:3,2:2:4:4:3:3:4:4:1
3:3:3:4:4:2:2:3:4:,clone,11665.34243217428,3:3:3:4:4:2:2:3:3
1:3:4:4:3:3:3:4:1:,clone,11638.103319459173,1:3:4:4:3:3:3:4:1
2:3:4:4:3:3:4:4:1:,clone,12867.078550629296,2:3:4:4:3:3:4:4:1
2:3:4:4:3:3:4:4:1:,clone,12761.185269380943,2:3:4:4:3:3:4:4:1
3:4:4:4:4:1:2:2:4:,clone,10210.613233787832,3:4:4:4:4:1:1:2:4
1:2:4:4:3:3:3:3:1:,clone,12012.490477754058,1:2:4:4:3:3:3:3:1
1:2:4:3:2:3:4:4:1:,clone,13023.752389884605,2:3:4:3:2:3:4:4:1
2:2:4:4:3:3:4:4:1:,recombination,12805.254619686677,2:3:4:3:2:3:4:4:1,2:3:4:4:4:2:2:2:2
2:3:4:4:4:1:2:1:3:,clone,10310.043073662368,3:3:4:4:4:1:1:1:3
2:3:4:4:3:3:3:4:2:,recombination,11275.282266403288,3:3:4:4:4:2:3:3:3,2:2:4:4:4:3:3:4:2,MUTATE
1:2:4:3:1:4:4:4:1:,recombination,14132.277908250797,1:3:4:4:3:3:4:3:1,2:3:4:3:2:3:4:4:1
3:3:4:4:4:2:2:3:3:,clone,9871.668913174679,3:3:4:4:4:2:2:3:3
2:3:4:4:4:2:2:3:2:,recombination,9967.837172263096,3:3:4:4:4:1:2:1:3,2:2:4:4:3:3:3:4:1
1:2:4:4:3:3:4:4:1:,recombination,13135.355010727071,4:4:4:4:4:2:2:3:4,2:3:4:4:4:2:3:4:1
4:4:4:4:4:2:1:3:4:,clone,11733.978411089583,4:4:4:4:4:2:1:2:4
2:3:4:4:4:2:3:4:2:,clone,10320.031668092617,2:3:4:4:4:2:3:4:2
1:2:4:3:2:4:4:4:1:,clone,14500.97280021839,1:2:4:3:2:4:4:4:1
2:3:4:4:4:2:2:3:2:,recombination,9909.039165282451,4:4:3:4:4:2:1:4:4,3:3:4:4:4:2:2:3:3
2:2:4:4:3:4:4:4:1:,recombination,13989.425725127363,3:4:4:4:4:2:2:2:3,4:4:3:4:4:2:2:4:4,MUTATE
3:4:4:4:4:0:1:2:4:,recombination,9187.968240116437,4:4:3:4:4:1:1:3:4,3:4:4:4:4:1:1:1:3
2:2:4:3:2:3:4:4:1:,recombination,12881.708793089845,2:3:4:4:3:3:4:4:1,1:2:4:3:2:3:4:4:1
2:3:4:4:2:3:4:4:1:,recombination,13336.95724480942,4:4:3:4:4:1:2:3:4,3:4:4:4:4:2:2:2:3,MUTATE
2:3:4:4:4:2:2:3:2:,clone,9865.183923144794,2:3:4:4:4:2:3:3:2
2:3:4:4:3:3:3:4:1:,recombination,11578.517930135782,3:3:4:4:4:2:2:2:3,4:4:4:4:4:1:2:2:4,MUTATE
1:2:4:4:3:3:3:4:1:,recombination,12012.042954624712,3:4:4:4:4:2:2:4:3,2:3:4:4:4:3:3:4:1
1:2:4:3:2:3:4:4:1:,clone,12632.45556121895,1:2:4:3:2:3:4:4:1
1:2:4:4:3:3:4:4:1:,recombination,12712.821684816437,4:4:4:4:4:1:1:3:4,3:3:4:4:4:1:2:2:3
2:3:4:4:4:2:2:3:2:,clone,9812.65890458918,2:3:4:4:4:2:2:3:2
1:2:4:3:2:3:4:4:1:,recombination,12377.358650554077,1:2:4:4:3:3:3:4:1,3:3:4:4:4:2:2:2:3,MUTATE
2:3:4:4:2:4:4:4:2:,recombination,13077.711987031558,3:3:4:4:4:2:2:2:3,4:3:4:4:4:3:3:4:3
2:3:4:4:4:2:2:4:2:,clone,9812.65890458918,2:3:4:4:4:2:2:4:2
2:2:4:4:4:2:3:4:1:,recombination,12099.736018289665,4:4:4:4:4:1:1:3:4,2:3:4:4:4:1:2:3:2,MUTATE
2:2:4:4:3:4:3:4:2:,clone,13464.742479807845,2:3:4:4:3:4:4:4:2
2:3:4:4:4:3:3:4:2:,recombination,11098.178617658596,3:3:4:4:4:2:3:3:3,3:4:4:4:4:1:2:2:3
4:4:4:4:4:2:1:3:4:,recombination,11627.647671817875,3:3:4:4:4:2:2:4:3,4:4:4:4:4:2:1:2:4,MUTATE
2:3:4:4:4:2:3:4:2:,clone,10077.758023781793,2:3:4:4:4:2:3:4:2
2:3:4:4:4:2:3:2:2:,clone,10878.291353652881,2:3:4:4:4:2:2:3:2
1:2:4:3:2:4:4:4:1:,recombination,13612.03486228588,1:3:4:4:3:3:3:4:1,2:2:4:4:3:4:4:4:1,MUTATE
1:2:4:4:3:3:4:4:1:,clone,12703.022381909477,1:2:4:4:3:3:4:4:1
2:3:4:4:4:2:3:3:2:,recombination,10138.501136719262,2:3:4:4:4:2:2:4:2,2:3:4:4:3:3:3:4:2,MUTATE
2:2:4:4:3:3:4:4:1:,recombination,12706.103947900703,3:3:4:4:4:2:2:2:3,4:4:3:4:4:3:2:4:4,MUTATE
3:3:4:4:4:2:2:4:2:,recombination,11046.693903831296,3:3:4:4:4:2:3:4:2,2:3:4:4:3:3:3:4:2
1:2:4:3:2:3:4:4:1:,recombination,12136.44674950914,2:3:4:4:4:2:2:2:2,3:3:4:4:4:2:2:2:3
1:2:4:3:2:3:4:4:1:,clone,12133.225894590252,1:2:4:3:2:3:4:4:1
3:3:4:4:4:1:1:1:3:,recombination,9320.29231711594,2:3:4:4:4:3:3:3:2,3:3:4:4:4:1:1:1:3
1:2:4:4:3:3:4:4:1:,recombination,12436.338512279079,3:3:4:4:4:2:2:2:3,4:4:4:4:4:1:1:2:4
1:2:4:4:3:3:4:4:1:,clone,12430.064752457247,1:2:4:4:3:3:4:4:1
1:2:4:4:4:2:3:3:1:,clone,11691.340218377061,1:2:4:4:3:3:3:3:1
3:4:4:4:4:1:1:1:3:,clone,9391.52286843456,3:3:4:4:4:1:1:1:3
2:3:4:4:4:2:2:4:2:,clone,9763.017975128636,2:3:4:4:4:2:2:3:2
3:4:4:4:4:1:1:1:4:,clone,9441.61736730782,3:4:4:4:4:1:1:1:3
1:2:4:3:2:3:4:4:1:,clone,12055.773784863817,1:2:4:3:2:3:4:4:1
2:2:4:4:3:3:4:4:2:,clone,14085.981894197743,2:2:4:4:3:3:4:4:2
2:3:4:4:4:3:3:4:1:,clone,11510.590223084859,2:3:4:4:4:3:3:4:1
1:2:4:3:3:3:4:4:1:,clone,12190.578342486288,1:3:4:4:3:3:3:4:1
1:2:4:4:3:3:3:4:1:,recombination,11818.056074375148,3:4:4:4:4:2:2:2:3,3:3:4:4:4:2:2:2:3
3:4:4:4:4:1:1:2:3:,clone,9555.568281887683,3:4:4:4:4:1:1:1:4
2:2:4:4:4:2:3:3:2:,clone,12032.832815725957,1:2:4:4:4:2:3:3:1
2:2:4:4:3:3:4:4:2:,recombination,13811.9702805137,1:2:4:4:2:4:4:4:1,4:4:4:4:4:2:3:3:4,MUTATE
3:4:4:4:4:1:1:2:3:,clone,9505.473783014424,3:4:4:4:4:1:1:2:3
4:3:3:4:4:2:3:4:4:,recombination,12825.024392173418,3:3:3:4:4:2:3:4:3,3:4:4:4:4:2:3:3:4,MUTATE
1:2:4:3:2:3:4:4:1:,clone,11790.049068016118,1:2:4:3:2:3:4:4:1
3:3:4:4:3:3:3:4:2:,clone,13708.44398037969,3:3:4:4:3:3:3:4:2
1:2:4:3:2:4:4:4:1:,recombination,12966.608724514419,3:4:4:4:4:2:2:3:4,1:2:4:4:3:3:4:4:1,MUTATE
1:2:4:3:2:4:4:4:1:,clone,12297.553413040243,1:2:4:3:2:4:4:4:1
4:4:3:4:4:1:1:2:4:,clone,10927.940283584881,4:4:3:4:4:1:2:2:4
1:3:4:4:3:3:3:4:1:,clone,11439.641362388316,1:3:4:4:3:3:3:4:1
1:2:4:4:3:2:3:3:1:,recombination,11662.08020828875,1:2:4:4:3:3:4:4:1,2:3:4:4:4:1:2:2:2
1:2:4:4:3:3:3:4:1:,clone,11253.614733978264,1:3:4:4:3:3:3:4:1
2:3:4:4:4:3:3:3:2:,recombination,11913.638871560848,3:4:4:4:4:2:3:3:4,2:2:4:4:3:3:3:4:2
2:3:4:3:2:4:4:4:1:,clone,13029.06225374993,2:3:4:3:2:4:4:4:1
2:2:4:3:2:4:4:4:1:,clone,12873.42593860051,2:2:4:3:2:4:4:4:1
2:2:4:4:3:4:4:4:2:,clone,13355.818266837636,2:3:4:4:3:4:4:4:2
1:3:4:4:4:2:3:4:1:,clone,11110.882110812847,1:3:4:4:4:2:3:4:1
1:3:4:4:3:3:4:4:1:,clone,12891.638779255294,1:3:4:4:3:3:4:4:1
1:2:4:4:3:3:4:4:1:,recombination,12094.143414382328,2:3:4:4:4:2:2:2:2,2:2:4:4:4:3:3:4:2,MUTATE
2:2:4:3:2:4:4:4:1:,clone,12775.195052990224,2:2:4:3:2:4:4:4:1
1:2:4:4:3:3:4:4:1:,recombination,12044.477408728264,1:2:4:4:3:3:4:4:1,4:4:3:4:4:2:2:3:4,MUTATE
1:2:4:2:1:4:4:4:0:,recombination,13217.5545393368,2:3:4:3:2:4:4:4:1,2:2:4:3:2:3:4:4:1,MUTATE
1:2:4:2:1:4:4:4:0:,recombination,12314.192139872053,2:3:4:4:4:2:2:2:3,2:3:4:4:2:3:4:4:1
2:3:4:4:3:4:4:4:2:,recombination,13587.629652236461,3:4:4:4:4:2:2:4:3,4:4:4:4:4:1:1:2:4,MUTATE
2:2:4:3:3:3:4:4:1:,clone,12181.225334931645,2:2:4:3:3:3:4:4:1
1:3:4:3:2:4:4:4:1:,recombination,12699.563518490604,3:3:4:4:4:1:2:1:3,3:3:4:4:4:2:2:2:3,MUTATE
2:3:4:3:2:4:4:4:1:,recombination,12797.235988444849,2:3:4:4:4:2:3:4:2,1:2:4:3:2:3:4:4:1,MUTATE
1:2:4:3:2:4:4:4:1:,recombination,12151.31229788932,3:4:4:4:4:2:2:2:3,2:3:4:4:3:3:3:4:2,MUTATE
2:3:4:4:3:3:4:4:2:,recombination,12751.909927141525,4:4:4:4:4:2:2:3:4,2:3:4:4:4:3:3:4:2,MUTATE
2:2:4:4:3:3:3:4:1:,recombination,11572.268731641489,1:2:4:4:2:3:4:3:1,3:4:4:4:4:2:2:3:3
2:2:4:4:3:2:3:4:1:,recombination,11705.608746558668,1:2:4:4:3:3:4:3:1,1:2:4:4:3:2:3:3:1,MUTATE
3:4:4:4:4:1:1:2:3:,clone,9505.473783014422,3:4:4:4:4:1:1:2:3
4:3:4:4:4:3:3:4:3:,recombination,12841.789382876183,3:3:4:4:4:1:1:2:3,4:3:4:4:4:3:3:4:3,MUTATE
2:3:4:4:3:3:3:4:1:,clone,11294.744049193912,2:3:4:4:3:3:3:4:1
2:2:4:4:3:4:4:4:1:,clone,13464.742479807845,2:2:4:4:3:4:4:4:1
3:3:4:4:4:1:1:2:3:,clone,9505.473783014424,3:4:4:4:4:1:1:2:3
2:3:4:4:4:2:2:2:3:,clone,10154.961498651614,3:3:4:4:4:1:2:2:3
1:2:4:3:1:4:4:4:1:,clone,12608.246010965995,1:2:4:3:1:4:4:4:1
2:2:4:4:3:4:4:4:1:,clone,13438.536774642174,2:2:4:4:2:4:4:4:1
3:3:4:4:4:3:3:4:2:,recombination,11847.205507635044,4:4:4:4:4:2:2:4:4,4:4:4:4:4:2:2:4:4
1:2:4:3:1:4:4:4:1:,recombination,12598.746058935098,3:4:4:4:4:2:2:2:3,2:3:4:4:3:3:3:4:2,MUTATE
1:2:4:2:1:4:4:4:1:,recombination,13216.788324621106,2:2:4:4:3:3:4:4:1,2:3:4:4:4:2:2:4:2,MUTATE
3:3:4:4:4:3:3:4:2:,recombination,11520.774281299944,3:3:4:4:4:2:3:2:3,2:3:4:4:4:2:2:4:2
2:2:4:4:4:2:3:4:2:,recombination,12029.92064028981,2:2:4:4:4:2:3:3:2,2:3:4:4:4:2:2:2:2
1:3:4:4:2:3:4:4:1:,clone,13178.122280372305,1:3:4:4:3:3:4:4:1
3:4:4:4:4:1:2:4:3:,recombination,10918.981095447463,3:3:3:4:4:1:2:3:3,3:3:4:4:4:2:3:2:3
2:2:4:4:2:3:4:4:1:,recombination,13161.755581971775,2:3:4:4:4:3:3:4:2,3:4:4:4:4:2:2:2:3,MUTATE
2:2:4:4:3:3:3:4:2:,recombination,12348.41027942291,3:3:4:4:4:2:3:3:3,3:3:4:4:4:3:3:4:3
1:2:4:3:1:4:4:4:0:,recombination,13499.121620299276,2:2:4:4:3:3:4:4:1,4:4:3:4:4:2:2:4:4,MUTATE
2:3:4:4:3:3:4:4:1:,clone,12164.058540690652,2:3:4:4:3:3:3:4:2
1:2:4:3:1:4:4:4:0:,recombination,12905.086009076951,2:2:4:4:3:3:4:4:1,3:3:4:4:4:1:2:1:3
1:2:4:2:1:4:4:4:1:,recombination,12433.8010217567,1:2:4:3:1:4:4:4:1,2:3:4:4:4:2:2:3:2,MUTATE
3:4:4:4:4:2:3:4:3:,recombination,11519.49852306801,4:4:4:4:4:1:1:2:4,3:4:4:4:4:2:3:4:3,MUTATE
1:2:4:3:3:3:4:4:1:,clone,11598.079961859858,1:2:4:3:3:3:4:4:1
1:2:4:4:4:3:3:4:1:,clone,12032.816653212503,2:2:4:4:4:2:3:3:2
2:2:4:4:4:2:3:4:2:,recombination,11560.195655309495,2:3:4:4:4:1:2:3:2,3:4:4:4:4:2:2:2:3
2:2:4:3:2:4:4:4:1:,recombination,12615.664999130677,2:2:4:4:4:3:3:4:2,3:3:4:4:4:2:2:2:3
2:2:4:3:2:3:4:4:1:,recombination,12467.416909370399,3:3:4:4:4:2:2:2:3,3:4:4:4:4:1:1:1:3,MUTATE
2:2:4:3:2:3:4:4:1:,clone,11707.143325963994,2:2:4:3:2:3:4:4:1
1:2:4:3:3:3:3:4:1:,recombination,11465.48229124136,3:3:4:4:4:1:2:1:3,3:3:4:4:4:2:2:3:4,MUTATE
1:3:4:4:2:4:4:4:1:,clone,13905.90844820522,1:3:4:3:2:4:4:4:1
2:2:4:4:3:4:4:4:1:,recombination,12425.220569253814,4:3:4:4:4:2:2:4:4,3:3:4:4:4:1:2:3:3
2:3:4:3:2:4:4:4:1:,clone,12471.993830525555,2:2:4:3:2:4:4:4:1
2:2:4:3:2:4:4:4:1:,recombination,12344.95995393257,2:2:4:3:2:4:4:4:1,2:2:4:3:2:4:4:4:1,MUTATE
2:2:4:4:3:3:4:4:1:,recombination,12694.554804161691,3:3:3:4:4:1:2:3:3,3:3:4:4:4:1:2:1:3
2:3:4:3:2:3:4:4:1:,clone,12119.456876113742,2:3:4:3:2:3:4:4:1
2:3:4:4:3:4:3:4:2:,clone,13016.737658867687,2:3:4:4:3:4:3:4:2
2:2:4:4:3:3:4:4:1:,recombination,12665.273607739555,4:4:4:4:4:2:3:4:4,3:4:4:4:4:2:2:2:3,MUTATE
1:2:4:2:0:4:4:4:0:,recombination,12844.706234833615,3:3:4:4:4:2:2:2:3,4:4:4:4:4:1:1:2:4,MUTATE
1:2:4:2:1:4:4:4:1:,recombination,12227.055942951396,1:2:4:3:2:3:4:4:1,2:3:4:4:4:2:2:3:2,MUTATE
2:3:4:4:3:4:4:4:1:,clone,13452.870914806212,2:3:4:4:3:4:4:4:1
2:2:4:4:3:3:3:4:1:,recombination,11482.00765577073,2:3:4:4:3:3:3:4:2,2:3:4:4:4:2:3:4:2
2:3:4:4:3:4:4:4:2:,recombination,13106.23726758633,4:4:4:4:4:1:1:3:4,3:3:4:4:4:2:3:3:3,MUTATE
1:2:4:3:2:3:4:4:1:,recombination,11770.946284057227,1:2:4:4:3:3:4:4:1,2:3:4:3:2:3:4:4:1,MUTATE
2:3:4:4:3:4:3:4:2:,clone,12926.863283461835,2:3:4:4:3:4:4:4:1
2:2:4:4:3:3:4:4:2:,recombination,12562.7609292774,4:3:4:4:4:2:3:4:4,2:3:4:4:4:2:3:3:2,MUTATE
1:2:4:3:2:3:4:4:1:,recombination,11681.599540389543,3:4:4:4:4:2:2:2:3,1:2:4:3:3:3:4:4:1
2:3:4:4:4:3:3:4:2:,recombination,10799.13145125839,2:3:4:4:4:3:3:4:2,1:2:4:4:4:3:3:3:1,MUTATE
2:2:4:4:4:2:3:3:2:,clone,11711.68255634896,2:2:4:4:4:2:3:3:2
2:3:4:3:3:3:4:4:1:,recombination,12169.014670208071,4:4:4:4:4:1:1:2:4,2:3:4:4:4:1:2:2:3
4:3:3:4:4:2:2:4:4:,clone,11828.567569108644,3:3:4:4:4:2:2:4:3
1:2:4:2:1:4:4:4:0:,clone,12218.249565228927,1:2:4:2:1:4:4:4:0
1:2:4:3:2:3:4:4:1:,recombination,11174.302613462092,2:2:4:4:3:3:4:4:2,2:3:4:4:4:2:2:3:2
2:2:4:4:2:4:4:4:1:,recombination,13278.781911905888,3:4:4:4:4:2:2:3:4,2:2:4:4:3:4:3:4:2,MUTATE
1:2:4:2:1:4:4:4:1:,recombination,12122.107069045795,3:4:4:4:4:2:2:3:4,2:3:4:4:3:3:4:4:1,MUTATE
1:2:4:2:1:4:4:4:1:,recombination,11903.344573331766,3:4:4:4:4:2:2:2:3,2:3:4:4:4:3:3:4:2
1:2:4:2:1:4:4:4:0:,recombination,11701.354276152097,3:4:4:4:4:2:2:2:3,2:3:4:4:4:3:3:4:2,MUTATE
2:3:4:4:3:3:4:4:2:,clone,12429.177471632967,2:3:4:4:3:3:4:4:2
1:2:4:1:0:4:4:4:0:,clone,13165.17024838215,1:2:4:1:0:4:4:4:0
1:2:4:1:0:4:4:4:0:,clone,12893.54360539273,1:2:4:1:0:4:4:4:0
2:3:4:4:4:1:2:2:3:,clone,9143.245228606193,2:3:4:4:4:1:2:2:3
1:2:4:1:0:4:4:4:0:,clone,12687.698323592987,1:2:4:1:0:4:4:4:0
2:2:4:4:4:2:3:4:2:,clone,11485.262120579835,2:3:4:4:4:3:3:4:2
3:3:4:4:3:3:3:4:2:,recombination,12716.579320544959,4:4:4:4:4:2:3:3:4,2:3:4:3:2:4:4:4:1
1:2:4:2:0:4:4:4:0:,clone,12724.904775505165,1:2:4:2:0:4:4:4:0
2:2:4:4:4:2:3:4:1:,recombination,11150.896269370887,4:4:4:4:4:1:2:2:4,2:3:4:4:4:1:2:2:3,MUTATE
2:3:4:3:2:4:4:4:2:,clone,13163.453665545525,2:3:4:3:2:4:4:4:2
2:3:4:4:2:3:4:4:2:,recombination,13059.989013680733,2:3:4:4:4:2:3:3:2,4:4:4:4:4:2:2:4:4
4:4:4:4:4:1:2:4:4:,clone,10974.410370393289,4:4:4:4:4:1:2:4:4
2:3:4:3:2:4:4:4:2:,recombination,12574.11697274826,2:3:4:4:4:2:3:3:2,2:3:4:4:3:4:4:4:1,MUTATE
2:3:4:3:2:3:4:4:2:,recombination,12639.531645525743,2:3:4:4:4:2:3:3:2,3:3:4:4:4:2:3:4:3,MUTATE
0:2:4:1:0:4:4:4:0:,recombination,13908.460508331289,3:4:4:4:4:1:2:2:3,2:3:4:4:4:2:2:2:2,MUTATE
2:3:4:4:3:3:3:4:1:,recombination,10857.994279194512,1:3:4:4:3:3:4:4:1,2:3:4:4:4:1:2:2:2
0:2:4:1:0:4:4:4:0:,recombination,13251.595043866737,1:2:4:3:1:4:4:4:1,4:4:4:4:4:1:1:3:4,MUTATE
2:2:4:4:2:4:4:4:1:,clone,13024.004011078447,2:2:4:4:2:4:4:4:1
3:4:4:4:4:1:2:4:3:,clone,10829.997296055808,4:4:4:4:4:1:2:4:4
4:4:4:4:4:3:3:4:3:,recombination,12899.407773055253,2:3:4:3:2:4:4:4:2,4:4:2:4:4:2:1:4:4
0:2:4:2:0:4:4:4:0:,clone,13009.127314263404,1:2:4:2:0:4:4:4:0
2:2:4:2:1:4:4:4:1:,clone,12927.99301586907,2:2:4:2:1:4:4:4:1
2:2:4:2:1:4:4:4:1:,recombination,12894.161264404418,2:3:4:4:4:2:2:3:2,1:2:4:2:1:4:4:4:1,MUTATE
2:3:4:4:3:4:4:4:1:,recombination,12949.675770047008,2:3:4:4:3:4:4:4:2,1:2:4:3:3:3:3:4:1
2:2:4:4:3:2:3:4:1:,recombination,11694.604679299337,4:4:4:4:4:1:2:3:4,2:3:4:4:4:1:2:2:2,MUTATE
1:3:4:3:2:3:4:4:1:,recombination,13103.089327633243,2:2:4:3:2:4:4:4:1,4:4:4:4:4:2:2:3:4
2:2:4:3:1:4:4:4:1:,clone,13115.549233643444,2:2:4:3:1:4:4:4:1
2:2:4:2:1:4:4:4:1:,clone,12882.34990640073,2:2:4:2:1:4:4:4:1
1:2:4:4:2:4:4:4:1:,clone,14681.061654799838,1:2:4:3:2:4:4:4:1
2:2:4:3:1:4:4:4:1:,clone,13078.302763274145,2:2:4:3:2:4:4:4:1
2:2:4:3:1:4:4:4:1:,recombination,13034.224748939614,3:3:4:4:4:1:2:3:3,2:3:4:3:2:4:4:4:1,MUTATE
2:3:4:3:2:3:4:4:2:,recombination,12572.070497732231,3:4:4:4:4:1:1:1:4,3:3:4:4:3:3:3:4:2,MUTATE
2:2:4:3:1:4:4:4:1:,clone,13034.224748939612,2:2:4:3:1:4:4:4:1
2:2:4:3:1:4:4:4:1:,recombination,12889.45107475744,3:3:4:4:4:2:2:3:3,2:3:4:4:4:2:2:3:2,MUTATE
1:3:4:3:2:3:4:4:1:,recombination,12976.950995638725,1:2:4:4:3:3:3:3:1,2:2:4:4:3:3:4:4:1,MUTATE
1:2:4:2:1:3:4:4:0:,recombination,12914.795479048484,1:2:4:4:3:3:4:4:1,3:4:4:4:4:1:2:2:3
1:2:4:4:2:3:4:4:1:,clone,12920.243486469628,1:2:4:4:3:3:4:4:1
1:3:4:2:1:4:4:4:1:,recombination,13793.456944140162,2:3:4:4:4:2:3:3:2,3:4:4:4:4:1:2:3:3
1:3:4:3:1:4:4:4:1:,recombination,13744.185289974614,1:3:4:4:4:2:3:4:1,4:4:4:4:4:2:3:4:4
0:2:4:1:0:4:4:4:0:,clone,13164.672295665325,0:2:4:1:0:4:4:4:0
2:2:4:4:3:4:3:4:1:,recombination,12876.932878491367,4:4:4:4:4:3:2:4:4,3:4:4:4:4:2:2:3:3,MUTATE
2:3:4:3:3:3:4:4:2:,recombination,11971.97799602353,3:4:4:4:4:1:1:1:3,2:2:4:3:1:4:4:4:1,MUTATE
1:2:4:2:1:3:4:4:1:,clone,12042.867989933346,1:2:4:2:1:4:4:4:1
2:2:4:4:3:3:3:4:2:,recombination,12128.11129454484,3:3:4:4:4:3:3:4:3,3:3:3:4:4:2:2:3:4,MUTATE
1:3:4:3:2:3:4:4:1:,recombination,12969.70396237221,1:2:4:3:2:3:4:4:1,2:3:4:4:3:3:3:4:1,MUTATE
1:2:4:2:1:3:4:4:0:,clone,12585.432463522793,1:2:4:2:1:3:4:4:0
1:3:4:4:3:3:4:4:1:,recombination,12774.895425169538,3:3:4:4:4:2:3:2:3,3:3:4:4:4:2:2:3:3
1:3:4:4:3:3:4:4:1:,recombination,12597.303247086473,1:3:4:4:3:3:4:4:1,2:3:4:4:4:2:3:3:2
4:3:4:4:4:2:2:4:4:,clone,11168.029177430615,4:3:4:4:4:2:2:4:4
0:2:4:1:0:4:4:4:0:,clone,13139.136719407486,0:2:4:1:0:4:4:4:0
2:3:4:4:2:4:4:4:1:,recombination,13076.239389168588,3:3:4:4:4:2:3:3:3,4:4:4:4:4:3:3:4:4
4:4:3:4:4:0:0:0:4:,clone,10368.972948217857,3:4:4:4:4:3:3:4:3
2:2:4:4:3:3:3:4:1:,recombination,11121.287867509813,2:2:4:4:4:3:3:4:1,2:2:4:4:4:2:3:4:2,MUTATE
4:4:3:4:4:0:0:0:4:,clone,10198.622252613992,4:4:3:4:4:0:0:0:4
2:2:4:4:4:3:3:4:1:,clone,11735.95286695598,2:2:4:4:3:3:3:4:1
1:2:4:3:1:3:4:4:1:,clone,12470.82795132995,1:2:4:3:2:3:4:4:1
2:2:4:3:2:4:4:4:2:,clone,13819.980588519367,2:3:4:4:3:3:4:4:2
4:4:3:4:4:1:2:4:4:,clone,11404.82287011772,4:4:3:4:4:1:2:4:4
0:2:4:1:0:4:4:4:0:,clone,13023.35589882967,0:2:4:1:0:4:4:4:0
1:2:4:3:1:3:4:4:1:,clone,12391.81619728313,1:2:4:3:1:3:4:4:1
3:4:4:4:4:3:3:4:3:,recombination,12389.790875901552,4:4:4:4:4:2:3:4:4,4:4:4:4:4:2:1:3:4
2:3:4:4:3:4:4:4:2:,recombination,12884.508952148479,0:2:4:1:0:4:4:4:0,4:4:3:4:4:3:2:4:4,MUTATE
2:3:4:4:3:4:3:4:1:,clone,12940.428757220112,2:2:4:4:3:4:3:4:1
2:3:4:4:3:4:4:4:2:,clone,12775.345762103618,2:3:4:4:3:4:4:4:2
1:2:4:2:0:4:4:4:0:,clone,12622.650338608528,1:2:4:2:0:4:4:4:0
1:2:4:2:0:4:4:4:0:,clone,12617.208996043164,1:2:4:2:0:4:4:4:0
0:2:4:1:0:4:4:4:0:,recombination,12979.922005648295,2:3:4:4:4:2:2:2:2,1:2:4:4:4:2:3:4:1,MUTATE
0:2:4:1:0:4:4:4:0:,recombination,12640.326410621157,3:3:4:4:4:1:2:3:3,1:2:4:2:1:4:4:4:0
1:2:4:1:0:4:4:4:0:,clone,12560.594604538248,1:2:4:2:0:4:4:4:0
2:3:4:4:3:4:4:4:2:,clone,12614.699472113924,2:3:4:4:3:4:4:4:2
4:4:4:4:4:1:2:4:4:,clone,10856.209397464034,4:4:4:4:4:1:2:4:4
2:2:4:4:2:4:4:4:1:,recombination,12916.53397232615,4:3:3:4:4:2:3:4:4,2:3:4:4:4:2:2:3:2
2:2:4:4:4:3:3:3:2:,recombination,12313.661443207759,3:3:4:4:4:0:1:1:3,2:3:4:4:4:1:2:2:2,MUTATE
2:2:4:4:2:4:4:4:1:,recombination,12886.1418341488,3:3:4:4:4:1:2:1:3,2:2:4:4:2:4:4:4:1
1:2:4:3:1:4:4:4:1:,recombination,12469.172300825645,2:3:4:4:4:3:3:4:2,3:3:4:4:4:2:2:4:3,MUTATE
1:2:4:3:1:4:4:4:1:,clone,12402.02439144025,1:2:4:3:1:4:4:4:1
2:2:4:4:4:3:3:3:2:,clone,12287.529734563406,2:2:4:4:4:3:3:3:2
3:3:3:4:4:3:3:4:3:,recombination,13050.796332361806,4:3:3:4:4:2:3:4:4,1:3:4:4:3:3:4:4:1
2:2:4:4:2:3:4:4:1:,recombination,13002.061064439684,2:2:4:4:3:3:3:4:1,2:3:4:4:3:3:3:4:1
4:4:4:4:4:0:0:1:4:,recombination,9259.858024487125,2:2:4:4:4:2:3:4:2,4:4:4:4:4:0:0:0:4,MUTATE
1:2:4:3:1:4:4:4:0:,recombination,12372.885720587736,3:4:4:4:4:2:2:3:3,2:2:4:4:3:3:3:4:1
2:2:4:4:3:3:4:4:1:,recombination,12526.430629417704,4:4:4:4:4:1:1:3:4,2:2:4:4:4:2:3:4:2,MUTATE
0:2:4:1:0:4:4:4:0:,recombination,12592.21432133068,1:2:4:3:1:4:4:4:0,3:3:4:4:4:1:2:1:3
2:2:4:4:4:3:3:4:2:,recombination,11445.69033608877,1:2:4:4:4:3:3:4:1,2:2:4:4:4:2:3:4:2
4:3:3:4:4:2:2:3:4:,recombination,12401.307533790616,4:3:3:4:4:2:2:4:4,4:4:3:4:4:1:1:2:4
1:2:4:3:1:4:4:4:0:,recombination,12024.90290013622,3:3:4:4:4:2:2:2:3,1:2:4:3:1:4:4:4:0
4:3:3:4:4:1:2:3:4:,recombination,11148.396456451894,4:4:4:4:4:0:0:1:4,4:4:3:4:4:1:1:2:4,MUTATE
2:2:4:4:4:3:3:4:2:,clone,11323.856969808608,2:2:4:4:4:3:3:4:2
1:2:4:3:1:4:4:4:0:,clone,11587.62360308845,1:2:4:3:1:4:4:4:0
1:2:4:2:0:4:4:4:0:,recombination,12340.68133255398,1:2:4:2:1:4:4:4:0,0:2:4:1:0:4:4:4:0,MUTATE
4:3:4:4:4:3:3:4:3:,recombination,12327.047683194136,3:3:4:4:3:3:3:4:2,4:4:3:4:4:3:2:4:4
0:1:4:1:0:4:4:4:0:,clone,13532.273620903203,0:2:4:1:0:4:4:4:0
2:2:4:4:3:3:4:4:1:,clone,12274.298739632422,2:2:4:4:3:3:4:4:1
4:4:3:4:4:0:1:1:4:,recombination,10894.344781830292,3:3:3:4:4:2:3:4:3,4:4:3:4:4:0:0:0:4,MUTATE
3:3:4:4:3:3:3:4:2:,recombination,12636.884880246065,4:4:3:4:4:1:2:3:4,1:2:4:2:0:4:4:4:0,MUTATE
2:3:4:4:2:3:4:4:1:,recombination,13306.970944766841,2:2:4:4:3:3:3:4:1,3:3:4:4:4:1:1:2:3
1:2:4:4:2:4:4:4:1:,recombination,13529.703571646573,4:4:4:4:4:2:3:4:4,3:3:3:4:4:2:2:4:3
4:4:4:4:4:3:3:4:4:,recombination,12578.623144914725,4:4:4:4:4:2:2:4:4,4:3:4:4:4:3:3:4:3
3:4:4:4:4:3:3:4:3:,clone,12248.907551907467,3:4:4:4:4:3:3:4:3
2:3:4:4:3:4:3:4:1:,recombination,12867.715124010398,2:3:4:4:3:4:3:4:1,1:2:4:4:4:3:3:4:1
3:4:4:4:4:3:3:4:3:,clone,12175.267488626796,3:4:4:4:4:2:3:4:3
3:3:4:4:3:3:4:4:2:,clone,13648.834267799224,3:3:4:4:3:3:3:4:2
3:3:4:4:3:3:4:4:2:,clone,13380.138247892915,3:3:4:4:3:3:4:4:2
1:3:4:3:2:3:4:4:1:,recombination,12930.189437111569,3:3:4:4:4:2:3:2:3,2:3:4:3:2:3:4:4:2,MUTATE
1:3:4:4:4:3:3:4:1:,recombination,13886.976776218027,2:2:4:4:3:3:3:3:2,2:2:4:4:4:3:3:4:1,MUTATE
2:3:4:4:3:4:3:4:1:,clone,12735.334357376882,2:3:4:4:3:4:3:4:1
3:3:4:4:3:3:3:4:3:,clone,13283.868876039058,3:3:4:4:3:3:4:4:2
4:4:4:4:4:3:3:4:3:,clone,12358.070741952326,3:4:4:4:4:3:3:4:3
2:2:4:3:3:3:4:4:1:,clone,11932.311051351797,2:2:4:3:2:3:4:4:1
1:2:4:2:1:3:4:4:0:,recombination,12453.046355948303,3:3:4:4:4:2:2:4:3,3:3:4:4:4:2:2:2:3,MUTATE
1:3:4:4:3:4:4:4:1:,clone,13453.631500480573,1:2:4:4:3:4:4:4:1
3:3:4:4:3:3:3:4:3:,clone,12833.738289581373,3:3:4:4:3:3:3:4:3
0:2:4:1:0:4:4:4:0:,recombination,12521.750221628097,1:2:4:1:0:4:4:4:0,3:3:4:4:4:1:2:3:3
2:3:4:4:4:4:3:4:2:,recombination,12957.295418459318,4:4:4:4:4:2:2:4:4,4:4:4:4:4:1:1:4:4
2:3:4:4:3:4:3:4:1:,clone,12700.913936408977,2:3:4:4:3:4:3:4:1
2:2:4:4:3:4:3:4:2:,recombination,12376.171052346863,1:2:4:3:2:4:4:4:1,3:4:4:4:4:3:3:4:3
2:3:4:4:3:4:3:4:2:,recombination,12817.648674343201,1:3:4:3:1:4:4:4:1,4:3:4:4:4:3:3:4:3,MUTATE
2:3:4:4:3:4:3:4:2:,clone,12817.6486743432,2:3:4:4:3:4:3:4:2
1:3:4:3:2:3:4:4:1:,clone,12906.600404452807,1:2:4:3:2:4:4:4:1
1:3:4:3:2:3:4:4:1:,clone,12690.236193975068,1:3:4:3:2:3:4:4:1
2:2:4:4:3:3:3:4:2:,clone,11618.459114344738,2:3:4:4:4:3:3:4:2
1:3:4:3:2:3:4:4:1:,recombination,12629.862221517118,1:3:4:4:3:3:4:4:1,4:4:4:4:4:2:2:3:4
3:3:4:4:4:3:3:4:3:,recombination,11602.720041263463,3:3:3:4:4:1:2:3:3,2:3:4:4:4:1:2:2:2,MUTATE
3:3:4:4:4:2:3:4:3:,clone,10914.304635672786,3:3:4:4:4:2:3:4:3
1:3:4:3:2:3:4:4:1:,recombination,12503.53402566832,1:3:4:4:3:3:4:4:1,1:3:4:4:3:3:4:4:1
3:3:4:4:4:3:3:4:3:,clone,11456.471888114593,3:3:4:4:4:3:3:4:3
1:3:4:3:2:4:4:4:1:,recombination,12507.103274409443,4:4:4:4:4:1:2:4:4,2:3:4:4:4:2:2:2:2
1:3:4:4:3:3:4:4:1:,clone,12488.087545081504,1:3:4:4:3:3:4:4:1
1:3:4:3:2:3:4:4:1:,recombination,12417.233398805318,2:2:4:4:3:3:3:4:1,3:4:4:4:4:2:2:2:4
3:3:4:4:4:2:3:4:2:,clone,10954.241702203895,3:3:4:4:4:2:3:4:3
2:2:4:4:3:4:4:4:1:,clone,12316.839646784114,2:2:4:4:3:3:3:4:1
1:3:4:3:2:3:4:4:1:,clone,12240.162517915562,1:3:4:3:2:3:4:4:1
2:2:4:4:3:4:3:4:1:,recombination,12533.881671582962,2:2:4:4:2:3:4:4:1,4:3:4:4:4:2:2:4:4
2:2:4:3:3:4:4:4:1:,clone,12486.250614710578,2:2:4:4:3:4:4:4:1
3:3:4:4:4:3:3:4:3:,recombination,11197.44964571416,3:3:4:4:4:3:3:4:3,4:4:3:4:4:1:2:2:4
3:3:4:4:4:2:3:4:2:,clone,10910.784922323264,3:3:4:4:4:2:3:4:2
3:3:4:4:4:2:3:4:2:,clone,10551.38799313245,3:3:4:4:4:2:3:4:3
2:3:4:4:2:3:4:4:1:,clone,13149.941940003928,2:3:4:4:2:3:4:4:1
4:4:4:4:4:2:3:4:3:,recombination,12957.058687730125,2:3:4:4:4:1:2:3:2,4:4:2:4:4:2:1:4:4
3:3:4:4:4:2:3:4:2:,clone,10416.835841007776,3:3:4:4:4:2:3:4:2
1:2:4:3:2:4:4:4:1:,recombination,12011.498428404984,4:4:4:4:4:1:1:4:4,1:2:4:2:1:4:4:4:1,MUTATE
3:3:4:4:4:2:3:4:3:,recombination,10487.185770797167,3:3:4:4:4:2:3:4:2,3:3:4:4:4:2:3:4:2
1:2:4:3:3:3:3:4:1:,recombination,11220.307845933721,3:4:4:4:4:2:3:4:3,4:4:4:4:4:2:2:4:4,MUTATE
0:2:4:2:0:4:4:4:0:,clone,12879.506305600342,0:2:4:2:0:4:4:4:0
1:2:4:3:2:4:4:4:0:,clone,11830.225905061188,1:2:4:3:2:4:4:4:0
3:3:4:4:4:2:2:4:3:,recombination,10450.191691491234,3:4:4:4:4:2:3:4:3,3:3:4:4:4:1:3:3:3
0:2:4:2:0:4:4:4:0:,clone,12865.21342525944,0:2:4:2:0:4:4:4:0
2:2:4:4:2:3:4:4:1:,recombination,12988.599562476425,2:2:4:4:3:3:4:4:1,2:3:4:4:2:3:4:4:1
2:3:4:4:3:4:3:4:2:,recombination,12643.796767454356,3:3:4:4:4:3:3:4:3,2:2:4:4:3:4:4:4:2
1:2:4:3:2:4:4:4:1:,recombination,11892.574398110268,3:4:4:4:4:2:3:4:3,1:2:4:3:2:4:4:4:1
1:2:4:1:0:4:4:4:0:,recombination,12376.341879643684,3:4:4:4:4:2:3:4:3,2:3:4:4:4:2:2:2:2
1:2:4:4:3:4:4:4:1:,clone,12308.261160631702,1:2:4:4:3:3:3:4:1
1:2:4:3:2:3:4:4:0:,clone,13357.363704659689,1:2:4:3:2:4:4:4:1
1:2:4:3:2:4:4:4:1:,clone,11655.871483192659,1:2:4:3:2:4:4:4:1
4:4:3:4:4:0:0:1:4:,clone,11778.365619415144,4:4:3:4:4:0:0:1:4
1:2:4:3:2:3:4:4:0:,recombination,13357.363704659685,1:3:4:4:4:3:3:4:1,1:2:4:3:2:3:4:4:0
1:2:4:2:1:4:4:4:0:,clone,11693.660543845468,1:2:4:2:1:4:4:4:0
0:2:4:2:1:4:4:4:0:,recombination,13008.318408868046,3:3:4:4:4:2:3:3:3,3:4:4:4:4:1:2:3:4
4:4:3:4:4:1:1:1:4:,clone,11616.432750575157,4:4:3:4:4:1:1:1:4
2:3:4:4:2:4:4:4:1:,clone,13045.421943900212,2:3:4:3:2:4:4:4:1
1:2:4:2:0:4:4:4:0:,recombination,12290.277503786863,1:2:4:1:0:4:4:4:0,3:3:4:4:4:1:2:2:3,MUTATE
2:3:4:4:2:3:4:4:1:,clone,12913.720887478592,2:3:4:4:3:3:4:4:1
2:2:4:3:2:4:4:4:1:,recombination,12074.275855850945,3:4:4:4:4:2:3:4:3,4:4:4:4:4:2:2:3:4
2:3:4:3:2:3:4:4:1:,recombination,11797.930516676515,1:3:4:3:2:4:4:4:1,3:4:4:4:4:2:2:4:3
2:3:4:3:2:4:4:4:1:,recombination,12209.727357955866,1:3:4:3:2:4:4:4:1,3:4:4:4:4:3:3:4:3
2:2:4:4:4:3:3:4:2:,recombination,11108.623681102135,3:3:4:4:4:1:1:2:4,1:2:4:3:2:4:4:4:1
2:3:4:4:3:4:4:4:1:,clone,12929.474956419112,2:2:4:4:3:4:4:4:1
0:2:4:1:0:4:4:4:0:,recombination,12114.772250234246,4:4:4:4:4:1:2:3:4,2:3:4:4:4:2:3:3:2
2:2:4:4:4:3:3:4:2:,recombination,10966.31069353501,4:4:4:4:4:1:2:4:4,1:2:4:4:3:3:3:4:1,MUTATE
3:3:4:4:4:2:3:3:3:,recombination,10538.003941548308,3:3:4:4:4:2:3:4:3,3:3:4:4:4:2:2:4:3
2:3:4:4:3:3:3:4:2:,clone,11129.245343672403,2:2:4:4:3:3:3:4:2
2:3:4:3:2:3:4:4:1:,recombination,11693.93149536456,2:3:4:3:2:4:4:4:1,3:3:4:4:4:2:3:3:3,MUTATE
2:2:4:4:3:3:3:4:2:,recombination,11387.9621310967,3:3:4:4:4:2:3:4:3,4:3:4:4:4:2:2:4:4,MUTATE
1:3:4:3:1:4:4:4:1:,recombination,13162.773037343128,3:4:4:4:4:2:2:3:4,2:3:4:3:2:4:4:4:1,MUTATE
1:2:4:3:2:3:4:4:0:,clone,12180.052858821738,1:2:4:2:1:4:4:4:0
2:2:4:4:3:3:4:4:1:,recombination,12040.796144033544,2:3:4:4:2:4:4:4:1,3:3:4:4:4:2:3:4:3,MUTATE
4:4:3:4:4:0:0:0:4:,recombination,10023.772993236496,1:2:4:4:4:3:3:4:1,2:2:4:4:4:2:3:3:2,MUTATE
0:1:4:1:0:4:4:4:0:,clone,13120.834678428935,0:2:4:1:0:4:4:4:0
4:4:3:4:4:0:0:0:4:,clone,9954.862598466649,4:4:3:4:4:0:0:0:4
3:3:4:4:4:3:2:4:3:,recombination,12250.855905958879,2:3:4:4:3:4:4:4:1,4:4:3:4:4:1:2:4:4
4:4:3:4:4:0:0:0:4:,clone,9655.231133945657,4:4:3:4:4:0:0:0:4
4:4:4:4:4:3:2:4:3:,recombination,13096.276746523145,4:4:2:4:4:1:1:4:4,4:3:4:4:4:2:2:4:4
4:4:3:4:4:0:0:0:4:,recombination,9534.976851100191,4:4:3:4:4:0:0:0:4,2:2:4:4:4:2:3:3:2
2:2:4:4:2:4:4:4:2:,recombination,14134.150560062315,2:3:4:4:4:1:2:2:2,3:3:3:4:4:2:3:4:3
1:1:4:1:0:4:4:4:0:,recombination,13565.345168453227,4:4:4:4:4:2:2:4:4,4:3:4:4:4:2:2:4:4,MUTATE
2:2:4:4:2:4:4:4:2:,recombination,13545.503586813495,2:3:4:4:4:2:2:2:3,3:3:4:4:4:3:2:4:3
4:4:4:4:4:0:1:2:4:,recombination,10422.874478947644,2:2:4:4:2:4:4:4:1,2:2:4:4:4:2:3:3:2,MUTATE
0:1:4:1:0:4:4:4:0:,recombination,13060.836894069307,2:3:4:4:4:2:2:3:2,2:3:4:4:4:2:2:2:2
4:3:3:4:4:2:2:4:4:,clone,11099.902077737599,4:4:3:4:4:2:2:4:4
1:2:4:3:1:3:4:4:0:,recombination,12544.533011085612,4:3:4:4:4:3:3:4:3,2:2:4:4:3:3:4:4:1,MUTATE
4:4:3:4:4:0:1:1:4:,recombination,10716.831872816014,2:2:4:4:4:2:3:3:2,4:4:4:4:4:2:3:4:4,MUTATE
1:2:4:3:1:3:4:4:0:,clone,12535.249197742276,1:2:4:3:1:3:4:4:0
4:3:3:4:4:1:2:3:4:,clone,10643.299526345054,4:3:3:4:4:2:2:4:4
4:4:3:4:4:0:1:1:4:,recombination,10705.911291793009,4:4:3:4:4:0:0:0:4,4:4:4:4:4:2:3:4:4,MUTATE
4:4:3:4:4:1:1:3:4:,clone,10832.921259746334,4:3:3:4:4:1:2:3:4
1:2:4:3:1:3:4:4:0:,recombination,12137.85326824589,1:2:4:3:1:3:4:4:0,4:4:4:4:4:3:3:4:4
3:3:3:4:4:2:2:4:3:,recombination,11072.30814091495,4:4:4:4:4:2:1:2:4,4:4:3:4:4:1:1:3:4
1:2:4:2:1:3:4:4:0:,clone,12148.206471166315,1:2:4:3:2:3:4:4:0
4:4:3:4:4:2:2:4:4:,clone,11143.233756474543,4:4:3:4:4:2:2:4:4
4:4:3:4:4:2:2:3:4:,clone,11078.707765429888,4:4:3:4:4:2:2:4:4
1:2:4:3:2:3:4:4:0:,clone,11900.665798471564,1:2:4:3:2:3:4:4:0
2:3:4:3:2:3:4:4:2:,recombination,12468.184952513826,3:3:4:4:4:1:2:3:4,4:3:4:4:4:2:2:4:4,MUTATE
1:2:4:3:2:3:4:4:0:,clone,11628.84177219276,1:2:4:3:2:3:4:4:0
4:4:3:4:4:0:0:1:4:,recombination,10866.190605104655,1:2:4:4:3:3:3:3:1,2:2:4:3:2:3:4:4:1,MUTATE
4:4:3:4:4:1:1:4:4:,clone,12235.48503390236,4:4:3:4:4:1:2:4:4
1:2:4:3:1:3:4:4:1:,recombination,12158.060182727388,3:4:4:4:4:2:2:2:3,2:2:4:3:1:4:4:4:1
4:4:3:4:4:1:1:1:4:,recombination,11442.762466220385,2:3:4:4:4:2:3:4:2,1:2:4:4:3:3:3:3:1
2:2:4:4:2:3:4:4:1:,recombination,12966.01567429146,2:2:4:4:4:2:3:4:2,2:3:4:3:2:3:4:4:1
4:4:3:4:4:1:1:1:4:,recombination,11176.121890947934,2:3:4:4:3:3:3:4:2,1:2:4:4:3:3:3:3:1,MUTATE
4:3:4:4:4:2:2:3:4:,recombination,12318.0406811781,2:3:4:4:4:3:3:3:2,2:2:4:4:4:2:3:3:2,MUTATE
2:3:4:4:3:3:4:4:2:,recombination,12348.956940338445,4:4:4:4:4:3:2:4:4,4:3:3:4:4:2:2:4:4
2:3:4:4:2:3:4:4:2:,clone,12837.35392656873,2:2:4:4:2:3:4:4:1
1:2:4:2:1:4:4:4:1:,clone,11819.442970330469,1:2:4:2:1:4:4:4:1
1:2:4:2:0:4:4:4:0:,clone,12289.117073392199,1:2:4:2:0:4:4:4:0
1:2:4:2:1:4:4:4:1:,clone,11711.564377448356,1:2:4:2:1:4:4:4:1
1:2:4:2:0:4:4:4:0:,clone,12188.69452975963,1:2:4:2:0:4:4:4:0
4:4:3:4:4:0:0:1:4:,clone,10820.617198880851,4:4:3:4:4:0:0:1:4
1:2:4:2:1:4:4:4:1:,clone,11675.081957301843,1:2:4:2:1:4:4:4:1
1:2:4:2:0:4:4:4:0:,clone,12179.112734026594,1:2:4:2:0:4:4:4:0
1:2:4:2:0:4:4:4:0:,clone,12043.828928008623,1:2:4:2:0:4:4:4:0
1:2:4:2:0:4:4:4:0:,recombination,12010.917904424026,1:2:4:2:0:4:4:4:0,3:3:4:4:4:2:2:3:3
1:2:4:2:0:4:4:4:0:,recombination,12006.583305572396,2:2:4:3:2:3:4:4:1,2:3:4:4:4:2:2:3:2
1:2:4:2:1:4:4:4:0:,recombination,11675.081957301843,1:2:4:3:2:3:4:4:1,2:3:4:4:4:2:2:3:2,MUTATE
1:2:4:1:0:4:4:4:0:,clone,12290.738684806662,1:2:4:2:1:4:4:4:0
1:2:4:1:0:4:4:4:0:,recombination,12275.403676935151,2:3:4:4:4:2:3:4:2,1:2:4:2:0:4:4:4:0,MUTATE
4:3:4:4:4:3:3:4:4:,recombination,13447.257486643855,4:4:2:4:4:2:1:4:4,1:2:4:4:2:3:4:4:1
3:3:4:4:4:3:2:4:3:,recombination,11922.812130113303,3:4:4:4:4:1:2:2:3,4:4:4:4:4:2:2:4:4,MUTATE
1:3:4:3:1:4:4:4:1:,recombination,12700.138147963895,0:2:4:1:0:4:4:4:0,3:3:4:4:4:2:2:2:4,MUTATE
4:4:4:4:4:2:3:4:3:,recombination,12826.315079623833,2:3:4:4:3:3:3:4:2,4:4:3:4:4:1:1:4:4,MUTATE
2:2:4:4:3:4:4:4:2:,recombination,12512.400302425958,4:4:3:4:4:1:1:3:4,2:3:4:4:2:4:4:4:2,MUTATE
2:3:4:4:3:4:4:4:1:,recombination,12684.888846105216,4:4:3:4:4:1:1:3:4,4:4:4:4:4:2:2:3:4
2:3:4:4:3:4:4:4:1:,recombination,12493.089901268886,3:3:4:4:4:1:2:3:3,2:3:4:4:3:4:4:4:1
0:1:4:1:0:4:4:4:0:,recombination,12784.688392279599,4:4:4:4:4:2:2:3:4,4:4:4:4:4:2:2:4:4
1:2:4:1:0:4:4:4:0:,recombination,12236.237698564231,4:4:4:4:4:2:2:3:4,2:2:4:4:4:3:3:3:2,MUTATE
3:3:4:4:3:4:3:4:2:,recombination,12871.971173196074,4:4:3:4:4:2:2:4:4,3:3:4:4:4:2:3:4:3,MUTATE
2:3:4:4:3:4:3:4:2:,recombination,12479.264784200335,4:4:3:4:4:1:1:3:4,4:4:4:4:4:1:1:3:4,MUTATE
2:3:4:4:3:4:4:4:2:,recombination,12593.033471392064,2:3:4:4:3:3:4:4:2,3:4:4:4:4:1:2:2:4
2:3:4:4:2:4:4:4:1:,clone,12967.943902645433,2:3:4:4:2:4:4:4:1
0:2:4:2:0:4:4:4:0:,clone,12474.928310212477,0:2:4:2:0:4:4:4:0
2:2:4:3:1:4:4:4:1:,recombination,12742.627629141414,4:4:4:4:4:3:2:4:4,4:4:3:4:4:2:2:4:4
0:2:4:2:0:4:4:4:0:,clone,12387.859392646404,0:2:4:2:0:4:4:4:0
0:1:4:1:0:4:4:4:0:,clone,12781.263261422908,0:1:4:1:0:4:4:4:0
1:2:4:2:1:3:4:4:0:,recombination,12070.998526059535,1:2:4:3:3:3:4:4:1,3:4:4:4:4:0:1:2:4
1:3:4:3:2:4:4:4:1:,recombination,12271.993436115208,4:4:3:4:4:0:1:1:4,2:3:4:4:3:4:4:4:2,MUTATE
1:2:4:2:1:3:4:4:0:,recombination,12041.622259032933,1:2:4:2:1:3:4:4:0,3:3:4:4:4:2:2:2:3
3:4:4:4:4:2:3:3:3:,recombination,12300.106838544454,2:3:4:4:3:3:3:4:1,3:4:4:4:4:2:3:2:3
3:4:4:4:4:2:3:3:3:,clone,12030.58030113722,3:4:4:4:4:2:3:3:3
2:3:4:4:2:4:4:4:1:,clone,12907.09699308565,2:3:4:3:2:4:4:4:1
2:3:4:3:1:4:4:4:1:,recombination,13478.302607113645,4:4:4:4:4:1:1:2:4,2:2:4:3:2:4:4:4:1
1:2:4:4:2:4:4:4:1:,recombination,13395.41858033007,2:3:4:4:4:2:3:2:2,2:3:4:4:3:4:3:4:1
2:2:4:4:3:3:4:4:1:,recombination,12012.273393865544,2:3:4:4:4:2:2:3:2,2:2:4:4:4:2:3:3:2,MUTATE
2:2:4:3:2:3:4:4:1:,recombination,11677.40028943691,1:2:4:2:1:3:4:4:0,4:4:3:4:4:0:1:1:4
1:1:4:1:0:4:4:4:0:,recombination,12958.503601130335,3:3:4:4:4:2:3:4:2,1:2:4:1:0:4:4:4:0
1:2:4:2:1:3:4:4:1:,clone,11921.292935660793,1:2:4:2:1:3:4:4:1
2:3:4:4:3:2:3:4:2:,recombination,12320.620985284695,2:2:4:4:3:3:4:4:1,4:4:4:4:4:0:0:0:4
0:1:4:1:0:4:4:4:0:,recombination,12699.917236047919,3:3:4:4:4:1:2:1:3,1:2:4:3:2:3:4:4:0
2:2:4:4:3:3:4:4:2:,clone,12348.424104578606,2:2:4:4:3:3:4:4:2
0:1:4:1:0:4:4:4:0:,clone,12575.135844501501,0:1:4:1:0:4:4:4:0
1:2:4:3:1:3:4:4:1:,recombination,12133.406418129041,1:2:4:3:3:3:4:4:1,2:2:4:3:2:3:4:4:1,MUTATE
1:2:4:2:1:3:4:4:1:,clone,11715.942271125057,1:2:4:2:1:3:4:4:1
1:2:4:3:1:3:4:4:1:,clone,12010.394743267641,1:2:4:3:1:3:4:4:1
1:3:4:4:3:3:4:4:1:,recombination,12450.747732554832,2:3:4:4:3:4:4:4:1,3:4:4:4:4:2:3:3:3
1:2:4:4:3:3:4:4:1:,clone,12030.079290105527,1:2:4:4:3:3:4:4:1
0:1:4:1:0:4:4:4:0:,recombination,12545.555727392473,3:4:4:4:4:2:2:4:3,1:2:4:2:1:4:4:4:1,MUTATE
1:3:4:4:2:3:4:4:1:,clone,13140.088113994701,1:3:4:4:3:3:4:4:1
3:4:4:4:4:2:3:2:3:,clone,12495.281482761566,3:4:4:4:4:2:2:2:3
0:1:4:1:0:4:4:4:0:,clone,12461.370702430184,0:1:4:1:0:4:4:4:0
1:2:4:2:0:4:4:4:0:,recombination,12006.234125259576,2:2:4:2:1:4:4:4:1,1:2:4:3:1:3:4:4:1
1:3:4:4:3:4:4:4:1:,recombination,13201.643203041587,3:4:4:4:4:2:3:2:3,4:4:4:4:4:2:2:3:4
0:1:4:1:0:4:4:4:0:,clone,12431.446547176394,0:2:4:1:0:4:4:4:0
4:4:2:4:4:0:0:0:4:,clone,11544.472901182899,2:3:4:4:4:3:3:4:2
4:4:1:4:4:0:0:0:4:,recombination,12032.323932358553,3:4:4:4:4:2:3:3:4,4:4:2:4:4:1:1:3:4,MUTATE
4:4:2:4:4:0:0:0:4:,clone,10029.096370569481,1:2:4:1:0:4:4:4:0
2:2:4:4:3:3:3:4:2:,clone,10973.517585136186,2:2:4:4:3:3:3:4:2
4:4:3:4:4:1:1:2:4:,clone,10371.763897112814,4:4:3:4:4:0:1:1:4
4:4:3:4:4:0:0:1:4:,clone,10719.061942334043,4:4:3:4:4:0:0:1:4
4:3:4:4:4:2:2:3:4:,clone,11136.567736608662,3:3:4:4:4:2:2:3:4
4:4:2:4:4:0:0:1:4:,recombination,11949.963046617931,3:4:4:4:4:1:1:2:3,4:4:1:4:4:0:0:0:4
4:4:3:4:4:0:1:2:4:,recombination,11687.001149920654,4:4:4:4:4:2:3:4:4,4:4:2:4:4:2:1:4:4,MUTATE
2:2:4:3:3:3:4:4:1:,clone,11707.328597884407,2:2:4:3:3:3:4:4:1
4:4:3:4:4:1:2:3:4:,recombination,11222.598578199992,1:2:4:1:0:4:4:4:0,2:3:4:3:2:3:4:4:1
4:4:2:4:4:0:1:2:4:,clone,12880.559294488401,4:4:2:4:4:0:1:1:4
2:2:4:4:3:3:4:4:1:,clone,12009.703748988866,2:2:4:3:2:3:4:4:1
2:2:4:3:2:3:4:4:2:,recombination,12668.951376081404,2:3:4:4:4:3:3:3:2,2:3:4:4:3:3:3:4:2
1:2:4:2:1:4:4:4:1:,recombination,11526.994793118709,4:4:3:4:4:1:1:2:4,2:2:4:4:3:3:3:4:2,MUTATE
1:2:4:3:2:4:4:4:1:,recombination,11353.888844314384,1:2:4:2:1:4:4:4:1,1:2:4:4:3:3:4:4:1
1:2:4:3:1:4:4:4:1:,clone,12359.502829130011,1:2:4:3:1:4:4:4:1
1:2:4:2:1:4:4:4:1:,clone,11353.888844314384,1:2:4:3:2:4:4:4:1
1:2:4:2:1:4:4:4:0:,clone,11586.997432761273,1:2:4:2:1:4:4:4:1
2:2:4:3:3:3:3:4:1:,clone,11597.687306747579,2:2:4:3:3:3:3:4:1
1:2:4:3:1:4:4:4:1:,clone,12060.635077727151,1:2:4:2:1:4:4:4:1
1:2:4:3:2:3:4:4:1:,clone,10790.536698496788,1:2:4:3:2:3:4:4:1
1:2:4:2:1:3:4:4:1:,recombination,11465.585860738027,1:2:4:2:1:4:4:4:1,2:2:4:4:3:3:4:4:1,MUTATE
1:2:4:2:1:4:4:4:0:,recombination,11550.630118739158,4:4:3:4:4:1:1:2:4,2:2:4:4:3:3:3:4:2,MUTATE
4:4:2:4:4:0:0:1:4:,clone,10932.506621105505,4:4:2:4:4:0:0:1:4
4:4:3:4:4:0:0:1:4:,clone,10667.584964421932,4:4:3:4:4:0:0:1:4
4:4:3:4:4:1:1:1:4:,clone,11172.215058122187,4:4:3:4:4:1:1:1:4
4:4:3:4:4:1:1:1:4:,clone,10819.751004073225,4:4:3:4:4:1:1:1:4
4:4:3:4:4:1:2:3:4:,clone,11204.923160667035,4:4:3:4:4:1:2:3:4
4:4:3:4:4:1:0:2:4:,clone,10570.790793753704,4:4:3:4:4:1:1:2:4
4:4:2:4:4:0:0:1:4:,recombination,10914.043927682473,3:4:4:4:4:2:3:3:4,4:4:3:4:4:1:1:1:4
4:4:3:4:4:1:0:2:4:,clone,10542.436730847037,4:4:3:4:4:1:1:2:4
1:2:4:2:0:4:4:4:0:,clone,11993.517048756989,1:2:4:2:0:4:4:4:0
4:4:3:4:4:0:1:1:4:,clone,10602.82085547959,4:4:3:4:4:0:1:1:4
1:2:4:2:0:4:4:4:0:,clone,11918.318685495564,1:2:4:2:0:4:4:4:0
4:4:3:4:4:1:2:4:4:,clone,10994.922158449417,4:4:3:4:4:1:2:4:4
1:2:4:1:0:4:4:4:0:,recombination,12218.601489625442,1:2:4:3:1:4:4:4:0,3:4:4:4:4:2:3:4:3
0:2:4:1:0:4:4:4:0:,recombination,12021.454952626436,3:3:4:4:4:2:3:4:3,2:2:4:3:2:3:4:4:1
0:2:4:2:0:4:4:4:0:,recombination,12284.906786312597,4:3:4:4:4:2:2:4:4,0:2:4:1:0:4:4:4:0,MUTATE
4:3:4:4:4:2:2:4:4:,clone,11114.795528811434,4:3:4:4:4:2:2:4:4
0:1:4:1:0:4:4:4:0:,clone,12420.529410141095,1:2:4:2:0:4:4:4:0
4:4:3:4:4:1:0:1:4:,clone,12244.245062783395,4:4:3:4:4:1:0:1:4
4:4:4:4:4:1:1:4:4:,clone,11222.869933534006,4:4:4:4:4:1:1:4:4
4:4:2:4:4:1:1:2:4:,clone,12749.874182605081,4:4:2:4:4:0:1:2:4
4:4:2:4:4:1:1:2:4:,recombination,12375.811432210237,2:2:4:4:2:4:4:4:1,4:4:1:4:4:0:0:0:4,MUTATE
0:1:4:2:0:4:4:4:0:,recombination,13727.161978939617,4:4:3:4:4:3:2:4:4,3:4:4:4:4:1:2:3:3
4:4:3:4:4:1:1:4:4:,clone,11699.91472423215,4:4:3:4:4:1:1:4:4
4:4:2:4:4:1:1:2:4:,clone,12184.025513561275,4:4:2:4:4:0:1:2:4
4:4:2:4:4:1:1:3:4:,recombination,13161.00448505083,4:4:3:4:4:1:0:1:4,4:4:2:4:4:1:1:3:4,MUTATE
1:2:4:4:2:4:4:4:1:,recombination,12950.269836321517,4:4:4:4:4:2:1:2:4,2:3:4:4:4:2:3:4:2,MUTATE
1:2:4:4:2:4:4:4:1:,clone,12894.501098665178,1:2:4:4:2:4:4:4:1
4:4:3:4:4:0:0:1:4:,clone,10276.853735837742,4:4:4:4:4:0:0:1:4
4:4:3:4:4:0:1:2:4:,clone,10794.836221612471,4:4:3:4:4:0:1:2:4
2:2:4:4:3:4:4:4:1:,clone,12269.147397518112,2:2:4:4:3:4:4:4:1
2:3:4:4:4:4:3:4:2:,recombination,12862.98149405784,4:4:4:4:4:1:1:2:4,1:2:4:3:1:3:4:4:1,MUTATE
2:2:4:4:3:4:3:4:1:,clone,12153.000801423135,2:2:4:4:3:4:3:4:1
1:2:4:4:2:4:4:4:1:,clone,12849.758366295331,1:2:4:3:2:4:4:4:1
2:2:4:3:2:4:4:4:2:,recombination,13489.637531931143,3:3:4:4:4:2:3:3:3,4:4:2:4:4:0:1:2:4
4:4:3:4:4:1:0:1:4:,recombination,11618.178948357836,3:3:4:4:4:2:2:3:3,1:3:4:4:3:3:4:3:1,MUTATE
2:2:4:2:1:4:4:4:1:,clone,12486.773569448991,2:2:4:2:1:4:4:4:1
4:4:3:4:4:2:1:3:4:,recombination,12366.1060706879,1:2:4:2:0:4:4:4:0,4:4:3:4:4:1:0:1:4
3:3:4:4:4:3:2:4:3:,recombination,11880.587947587841,3:3:4:4:4:1:2:3:3,2:2:4:4:3:3:4:4:2,MUTATE
2:3:4:4:3:4:3:4:1:,recombination,12429.209263873598,4:4:3:4:4:2:2:4:4,2:3:4:4:4:2:3:4:2
2:2:4:4:2:3:4:4:1:,recombination,12773.452080155324,3:4:4:4:4:1:2:3:4,3:4:4:4:4:1:1:1:4
2:3:4:4:2:3:4:4:1:,recombination,12864.719686078126,2:2:4:4:3:4:4:4:1,3:3:4:4:4:3:3:3:3,MUTATE
4:4:4:4:4:2:3:4:3:,clone,12596.793502943397,4:4:4:4:4:2:3:4:3
1:3:4:2:1:4:4:4:1:,clone,13234.757011320105,1:3:4:2:1:4:4:4:1
1:2:4:4:2:3:4:4:1:,clone,12904.24012480711,1:2:4:4:2:4:4:4:1
3:3:4:4:4:4:3:4:2:,recombination,13349.0814807278,3:3:4:4:4:2:3:2:3,4:4:2:4:4:1:1:3:4
2:3:4:4:4:4:3:4:2:,recombination,12536.818405816866,2:2:4:4:3:4:4:4:1,1:2:4:2:1:3:4:4:0,MUTATE
2:3:4:4:4:4:3:4:2:,recombination,12520.33955399338,2:3:4:4:4:4:3:4:2,3:3:4:4:4:2:2:4:3,MUTATE
1:2:4:4:3:3:3:4:1:,clone,11098.341865290586,1:2:4:4:3:3:3:4:1
2:2:4:3:2:4:4:4:1:,clone,11955.468929687897,2:2:4:3:2:3:4:4:1
2:3:4:3:3:3:4:4:1:,recombination,11948.996530039425,4:4:4:4:4:3:2:4:3,3:3:4:4:4:2:3:4:3,MUTATE
4:4:2:4:4:0:0:1:4:,recombination,10666.585879881803,2:2:4:4:3:3:4:4:1,2:3:4:4:4:2:2:2:2
4:4:3:4:4:1:2:3:4:,clone,11191.642874769028,4:4:3:4:4:1:2:3:4
2:3:4:4:3:4:3:4:2:,recombination,12380.697853673975,2:3:4:4:2:3:4:4:1,4:4:3:4:4:1:2:3:4
2:3:4:4:3:3:4:4:1:,recombination,11961.932551202131,2:3:4:3:3:3:4:4:1,3:3:4:4:4:2:2:2:3,MUTATE
2:3:4:4:2:4:4:4:1:,recombination,12904.731392472242,2:3:4:4:3:2:3:4:2,4:4:2:4:4:0:0:1:4,MUTATE
1:2:4:1:0:4:4:4:0:,clone,12203.342113730481,1:2:4:1:0:4:4:4:0
1:2:4:2:0:4:4:4:1:,recombination,13286.075790168554,2:3:4:4:4:3:3:3:2,3:3:4:4:4:2:3:3:3,MUTATE
1:2:4:1:0:4:4:4:0:,clone,12122.45897660381,1:2:4:1:0:4:4:4:0
1:2:4:1:0:4:4:4:0:,clone,11962.262882664292,1:2:4:1:0:4:4:4:0
0:2:4:1:0:4:4:4:0:,recombination,12018.23696177681,4:4:2:4:4:0:0:1:4,3:4:4:4:4:3:3:4:3
0:2:4:1:0:4:4:4:0:,recombination,11508.813581371372,4:4:3:4:4:1:2:3:4,1:2:4:4:3:4:4:4:1,MUTATE
4:4:1:4:4:0:0:0:4:,clone,11217.654353372916,0:2:4:1:0:4:4:4:0
4:4:2:4:4:1:1:3:4:,clone,11960.630089362097,4:4:2:4:4:1:1:3:4
4:4:2:4:4:1:1:2:4:,recombination,11755.765987368475,4:4:4:4:4:1:2:3:4,2:3:4:4:4:1:2:2:3
4:4:3:4:4:1:2:4:4:,clone,10744.644840877067,4:3:3:4:4:2:2:4:4
2:3:4:4:3:4:4:4:1:,clone,12446.62592483422,2:3:4:4:3:4:4:4:1
4:4:4:4:4:2:1:3:4:,clone,11231.742682011336,4:4:4:4:4:2:2:4:4
4:4:3:4:4:0:0:1:4:,recombination,10190.527913449707,4:4:3:4:4:1:1:3:4,4:4:3:4:4:1:1:3:4,MUTATE
1:2:4:1:0:4:4:4:0:,clone,11723.08134238744,1:2:4:1:0:4:4:4:0
1:2:4:2:1:4:4:4:0:,recombination,11527.815833620034,3:4:4:4:4:2:3:3:4,0:2:4:1:0:4:4:4:0
1:2:4:2:0:4:4:4:0:,clone,11517.895768597153,1:2:4:2:0:4:4:4:0
2:2:4:3:2:3:4:4:1:,recombination,11607.567018545438,3:3:4:4:4:1:2:2:3,2:3:4:3:2:3:4:4:2
1:2:4:2:1:4:4:4:0:,clone,11404.28329127286,1:2:4:2:1:4:4:4:0
2:3:4:4:3:3:4:4:2:,recombination,12339.017594250812,2:2:4:4:2:3:4:4:1,2:3:4:4:4:3:3:4:1,MUTATE
0:2:4:2:1:4:4:4:0:,clone,12404.452008099917,1:2:4:2:0:4:4:4:0
4:4:4:4:4:2:3:4:4:,clone,12024.779913174567,4:4:4:4:4:2:3:4:4
2:2:4:3:1:4:4:4:1:,recombination,12544.941216610494,4:3:4:4:4:2:3:4:4,2:2:4:4:3:3:3:4:2,MUTATE
2:2:4:3:2:4:4:4:1:,clone,11954.378259560533,2:2:4:3:2:4:4:4:1
0:1:4:1:0:4:4:4:0:,recombination,12283.467399903724,2:2:4:4:4:3:3:4:2,3:3:4:4:4:2:3:3:3,MUTATE
0:1:4:1:0:4:4:4:0:,clone,12277.105626925611,0:1:4:1:0:4:4:4:0
3:3:4:4:4:3:3:4:2:,clone,11370.929260227924,3:3:4:4:4:3:3:4:2
0:1:4:2:0:4:4:4:0:,clone,13629.324623659913,0:1:4:2:0:4:4:4:0
1:1:4:2:0:4:4:4:0:,recombination,13510.634879860787,4:4:4:4:4:1:1:4:4,3:4:4:4:4:2:2:4:3,MUTATE
0:1:4:2:0:4:4:4:0:,clone,13470.320128583307,0:1:4:2:0:4:4:4:0
2:3:4:4:2:4:4:4:2:,recombination,13008.998880431527,3:3:4:4:4:2:2:1:3,4:4:2:4:4:2:1:4:4
4:4:1:4:4:0:0:1:4:,clone,11842.448890422089,4:4:1:4:4:0:0:1:4
4:4:2:4:4:0:1:2:4:,recombination,12054.695634492771,2:3:4:4:4:2:3:3:2,0:1:4:1:0:4:4:4:0
2:3:4:4:2:4:4:4:2:,clone,12971.758206304386,2:3:4:4:2:4:4:4:2
4:4:2:4:4:0:1:2:4:,clone,11331.221597592712,4:4:2:4:4:0:1:2:4
1:2:4:3:2:4:4:4:0:,clone,11607.4401755676,1:2:4:3:2:4:4:4:0
1:2:4:2:1:3:4:4:0:,clone,11657.756355736175,1:2:4:2:1:3:4:4:0
2:3:4:3:1:4:4:4:1:,recombination,13468.11337129157,1:2:4:2:1:3:4:4:1,4:4:4:4:4:2:3:4:4
1:2:4:2:1:3:4:4:0:,clone,11635.540846512497,1:2:4:2:1:3:4:4:0
4:4:2:4:4:0:1:1:4:,clone,11243.826845615056,4:4:2:4:4:0:1:1:4
3:4:4:4:4:2:2:4:3:,clone,10879.032020131734,3:4:4:4:4:2:2:4:3
4:4:2:4:4:1:1:1:4:,clone,11255.141915479953,4:4:2:4:4:1:1:1:4
4:4:4:4:4:1:2:2:4:,clone,10338.711461176305,4:4:4:4:4:1:2:2:4
4:4:2:4:4:1:1:1:4:,clone,10997.16222957846,4:4:2:4:4:1:1:1:4
4:4:4:4:4:1:2:2:4:,clone,10275.563351287603,4:4:4:4:4:1:2:2:4
3:3:3:4:4:2:2:3:3:,recombination,11149.765430489737,2:3:4:3:2:3:4:4:2,1:2:4:2:1:4:4:4:0
2:2:4:4:4:2:3:4:2:,recombination,11383.74739921512,2:2:4:3:3:3:4:4:1,4:4:3:4:4:2:2:3:4,MUTATE
3:3:4:4:3:3:3:4:2:,recombination,12149.569558413092,2:2:4:4:3:3:3:3:2,4:3:4:4:4:2:2:3:4
2:2:4:2:1:4:4:4:1:,recombination,12388.306029452766,3:3:4:4:4:2:3:3:3,4:4:3:4:4:0:0:0:4
1:2:4:3:1:4:4:4:1:,recombination,11888.066764476765,3:3:3:4:4:1:2:3:3,2:2:4:3:2:4:4:4:1
2:3:4:3:2:3:4:4:2:,clone,12250.85516971029,2:3:4:4:3:3:4:4:2
2:2:4:4:3:3:4:4:1:,recombination,12005.91260811491,1:3:4:4:3:3:3:4:1,3:4:4:4:4:1:2:3:4
4:4:2:4:4:1:0:1:4:,clone,12069.358060137427,4:4:2:4:4:0:0:1:4
4:4:3:4:4:1:0:1:4:,clone,11610.283395382556,4:4:3:4:4:0:0:1:4
4:4:3:4:4:1:0:1:4:,clone,11576.44099315135,4:4:3:4:4:1:0:1:4
1:2:4:3:1:3:4:4:1:,clone,11976.82915068592,1:2:4:3:1:3:4:4:1
4:4:2:4:4:0:0:0:4:,clone,9845.23782734924,4:4:3:4:4:0:0:0:4
4:4:2:4:4:1:1:4:4:,recombination,12439.267697101854,4:4:2:4:4:0:0:0:4,3:4:4:4:4:1:2:4:3,MUTATE
4:3:4:4:4:2:3:4:3:,recombination,12548.782027220705,2:3:4:3:2:3:4:4:1,3:4:4:4:4:2:2:4:3
4:4:3:4:4:0:1:2:4:,clone,10642.404295190518,4:4:3:4:4:0:1:2:4
2:2:4:3:2:4:4:4:2:,clone,12816.082347997966,2:2:4:3:2:4:4:4:2
2:3:4:3:2:4:4:4:2:,clone,12454.930664628018,2:3:4:3:2:4:4:4:2
4:4:4:4:4:3:3:4:3:,clone,12260.413827505286,4:4:4:4:4:3:3:4:3
4:4:4:4:4:3:3:4:3:,clone,12112.018111322894,4:4:4:4:4:3:3:4:3
2:3:4:4:3:4:4:4:2:,recombination,12569.402759730256,4:4:2:4:4:1:1:1:4,4:4:4:4:4:2:2:3:4
2:3:4:4:3:3:4:4:2:,recombination,12089.973089503124,2:3:4:4:3:3:3:4:2,2:2:4:4:4:2:3:4:2,MUTATE
2:3:4:3:1:4:4:4:1:,recombination,13273.207528380746,3:4:4:4:4:2:3:2:3,4:3:3:4:4:2:2:4:4,MUTATE
2:3:4:3:1:4:4:4:1:,clone,13237.91799538424,2:3:4:3:1:4:4:4:1
4:4:3:4:4:1:1:1:4:,recombination,10318.442657394886,1:2:4:4:4:3:3:4:1,2:3:4:4:3:3:3:4:1,MUTATE
4:4:3:4:4:0:1:0:4:,recombination,10779.632180005014,4:4:3:4:4:1:1:1:4,2:3:4:4:3:4:3:4:1,MUTATE
3:3:4:4:3:3:4:4:2:,recombination,13342.878085574883,2:2:4:4:4:2:3:4:2,1:2:4:2:1:4:4:4:1,MUTATE
2:2:4:4:2:3:4:4:2:,recombination,12982.461543948286,3:4:4:4:4:1:2:4:3,2:3:4:4:4:2:3:4:2
2:3:4:3:2:3:4:4:2:,recombination,12243.098968413253,4:4:4:4:4:3:3:4:3,4:4:4:4:4:2:1:3:4
4:4:3:4:4:2:2:4:4:,recombination,11104.639204088106,2:2:4:4:3:3:3:4:2,3:3:4:4:4:2:3:4:3,MUTATE
4:4:3:4:4:2:2:4:4:,clone,10950.535243420809,4:4:3:4:4:2:2:4:4
2:3:4:3:2:3:4:4:2:,recombination,12173.523085545374,3:3:4:4:3:3:4:4:2,1:2:4:4:3:3:4:4:1,MUTATE
4:4:2:4:4:1:1:2:4:,clone,11546.735193072192,4:4:2:4:4:1:1:2:4
2:3:4:4:3:3:4:4:1:,clone,11882.790755624173,2:3:4:4:3:3:3:4:2
0:1:4:1:0:4:4:4:0:,clone,12221.073643265927,0:1:4:1:0:4:4:4:0
0:1:4:1:0:4:4:4:0:,clone,12213.595768189076,0:1:4:1:0:4:4:4:0
4:4:3:4:4:2:1:3:4:,recombination,12239.30361382242,2:3:4:3:2:3:4:4:1,3:4:4:4:4:3:3:4:3,MUTATE
2:3:4:3:1:4:4:4:1:,recombination,12949.791711797814,3:3:4:4:4:3:3:4:3,0:1:4:1:0:4:4:4:0
2:3:4:2:1:4:4:4:1:,clone,12748.528089730644,2:3:4:3:1:4:4:4:1
2:3:4:3:1:4:4:4:1:,recombination,12671.410163091012,2:3:4:3:1:4:4:4:1,1:2:4:1:0:4:4:4:0
4:4:3:4:4:2:1:3:4:,clone,12066.076195469495,4:4:3:4:4:2:1:3:4
2:2:4:4:4:4:3:4:2:,recombination,13611.905305730643,1:2:4:2:0:4:4:4:0,1:3:4:4:3:3:4:4:1
2:3:4:4:3:4:3:4:1:,recombination,12405.381256706805,1:2:4:4:3:3:4:3:1,4:4:3:4:4:2:2:4:4,MUTATE
2:3:4:4:3:4:4:4:1:,clone,12407.63752192322,2:3:4:4:3:4:4:4:1
2:3:4:3:3:3:3:4:1:,clone,11736.970060228146,2:3:4:3:3:3:3:4:1
1:2:4:3:3:4:4:4:1:,recombination,12055.546290502465,4:4:4:4:4:1:2:3:4,1:2:4:1:0:4:4:4:0,MUTATE
2:3:4:4:2:3:4:4:1:,recombination,12789.290078181777,4:4:2:4:4:0:1:2:4,1:2:4:3:1:4:4:4:0
4:4:4:4:4:1:2:4:4:,clone,10657.263434962337,4:4:4:4:4:1:2:4:4
4:4:3:4:4:1:2:3:4:,recombination,10640.064103495604,2:3:4:4:3:3:4:4:1,1:3:4:3:2:3:4:4:1
4:4:3:4:4:1:1:2:4:,clone,10243.284064734265,4:4:3:4:4:1:1:2:4
1:2:4:3:3:3:4:4:1:,recombination,11551.63024898567,1:2:4:2:0:4:4:4:0,2:3:4:3:2:4:4:4:2,MUTATE
4:4:3:4:4:1:1:3:4:,clone,10814.262670943353,4:4:4:4:4:1:1:3:4
1:2:4:4:3:3:4:4:1:,recombination,11983.853998536988,2:3:4:4:4:2:3:4:2,1:2:4:3:2:4:4:4:0
2:2:4:4:3:4:3:4:1:,clone,12085.762965026588,2:2:4:4:3:4:3:4:1
3:4:4:4:4:2:2:3:4:,clone,10320.33945530984,3:4:4:4:4:2:2:3:4
4:4:3:4:4:0:0:1:4:,clone,9962.819069387313,4:4:4:4:4:0:0:1:4
4:4:4:4:4:2:2:3:4:,recombination,10589.127993676118,2:3:4:4:3:4:4:4:1,3:4:4:4:4:2:2:3:4
4:3:4:4:4:2:2:4:4:,clone,10827.915309420443,4:3:4:4:4:2:2:4:4
1:2:4:3:2:4:4:4:0:,recombination,11565.630935271225,2:3:4:4:2:3:4:4:1,4:4:4:4:4:1:2:4:4,MUTATE
0:1:4:1:0:4:4:4:0:,clone,12130.98555950121,0:1:4:1:0:4:4:4:0
2:3:4:4:3:3:4:4:2:,clone,11946.311194807797,2:3:4:4:3:3:4:4:2
2:2:4:3:2:3:4:4:1:,clone,11586.87194941824,2:2:4:3:2:3:4:4:1
2:2:4:3:2:4:4:4:1:,clone,11916.479233108406,2:2:4:3:2:3:4:4:1
2:2:4:3:2:4:4:4:1:,clone,11865.828221701562,2:2:4:3:2:4:4:4:1
2:2:4:3:2:4:4:4:1:,clone,11855.754009044727,2:2:4:3:2:4:4:4:1
2:2:4:3:3:3:3:4:1:,clone,11556.413305411084,2:2:4:3:2:4:4:4:1
0:2:4:2:1:4:4:4:0:,recombination,12299.92841892836,1:2:4:4:3:3:3:4:1,3:3:4:4:4:3:3:4:3
1:2:4:3:1:4:4:4:1:,recombination,11832.714721828634,3:3:4:4:4:2:3:4:3,2:2:4:3:2:4:4:4:1,MUTATE
4:4:4:4:4:1:0:1:4:,recombination,11047.270652869547,2:3:4:4:3:4:4:4:2,2:3:4:4:4:2:3:2:2
4:4:4:4:4:3:3:4:4:,clone,12561.331061817596,4:4:4:4:4:3:3:4:4
0:1:4:1:0:4:4:4:0:,recombination,12078.207066554696,2:2:4:4:3:3:3:4:2,3:3:3:4:4:2:3:4:3,MUTATE
2:2:4:4:3:3:3:4:1:,clone,11109.018063116018,2:2:4:4:3:3:3:4:1
1:2:4:3:1:3:4:4:1:,clone,11803.651838285447,1:2:4:3:1:3:4:4:1
1:2:4:2:1:3:4:4:0:,clone,11457.589413552008,1:2:4:2:1:3:4:4:0
1:2:4:2:2:3:4:4:1:,clone,11275.53900597599,1:2:4:2:2:3:4:4:1
2:3:4:3:2:4:4:4:1:,recombination,12114.234661713437,2:3:4:4:3:4:4:4:2,4:4:3:4:4:2:1:3:4,MUTATE
2:2:4:4:3:3:3:4:1:,clone,11027.621424707615,2:2:4:4:3:3:3:4:1
4:4:2:4:4:0:0:0:4:,recombination,9588.66985022793,1:2:4:2:0:4:4:4:0,1:2:4:2:1:4:4:4:0,MUTATE
4:4:3:4:4:0:1:2:4:,clone,10338.746807924246,4:4:3:4:4:0:1:2:4
4:4:3:4:4:0:1:2:4:,clone,10243.798453000807,4:4:3:4:4:0:1:2:4
4:4:4:4:4:1:1:1:4:,recombination,10066.80390026301,3:3:4:4:4:2:3:3:3,1:2:4:2:1:4:4:4:0
4:4:3:4:4:0:0:0:4:,recombination,9134.299971337221,1:2:4:2:1:4:4:4:0,2:2:4:4:4:2:3:4:2
4:4:4:4:4:0:1:2:4:,clone,9696.008105296154,4:4:4:4:4:0:1:2:4
4:4:3:4:4:0:0:0:4:,recombination,9004.493212263988,2:3:4:4:3:4:4:4:1,3:4:4:4:4:1:2:3:3
4:4:3:4:4:1:1:2:4:,clone,10158.379264254823,4:4:3:4:4:1:1:2:4
4:4:3:4:4:0:1:1:4:,clone,10313.510615337922,4:4:3:4:4:0:1:1:4
4:4:3:4:4:0:0:1:4:,clone,9684.182502224614,4:4:3:4:4:0:0:1:4
4:4:3:4:4:1:1:3:4:,recombination,10574.115312230266,4:4:2:4:4:0:0:1:4,2:3:4:4:4:2:2:2:2
4:4:3:4:4:1:0:2:4:,clone,10285.258522551578,4:4:3:4:4:0:0:1:4
4:4:3:4:4:1:1:2:4:,clone,10093.45957771525,4:4:3:4:4:1:1:2:4
2:3:4:4:3:4:4:4:1:,clone,12328.79108837497,2:3:4:4:3:4:4:4:1
4:4:4:4:4:2:1:3:4:,clone,11033.328253740608,4:4:4:4:4:2:1:3:4
3:4:4:4:4:3:2:4:3:,recombination,12125.119200730665,4:4:4:4:4:2:1:3:4,2:3:4:3:2:4:4:4:2
2:2:4:4:2:3:4:4:1:,clone,12756.011007463658,2:3:4:4:3:3:4:4:1
4:4:4:4:4:2:1:4:4:,clone,11457.847910468163,4:4:4:4:4:2:1:4:4
4:4:3:4:4:2:1:3:4:,clone,11829.001547752272,4:4:3:4:4:1:1:3:4
4:3:4:4:4:3:2:4:4:,recombination,12860.321605332372,4:4:4:4:4:2:1:3:4,2:3:4:4:3:2:3:4:2
2:3:4:4:4:4:3:4:2:,recombination,12483.342800670118,2:3:4:4:2:3:4:4:1,3:3:4:4:4:2:3:4:2
1:3:4:4:2:4:4:4:1:,recombination,13755.041391211458,2:2:4:4:2:4:4:4:1,4:3:4:4:4:2:3:4:4,MUTATE
4:4:4:4:4:2:1:4:4:,clone,11455.14515496819,4:4:4:4:4:2:2:4:4
4:4:4:4:4:2:2:4:4:,clone,10822.747828365376,4:4:4:4:4:2:2:4:4
2:3:4:4:3:4:3:4:2:,clone,12380.119640579815,2:3:4:4:3:4:3:4:2
4:4:1:4:4:0:0:0:4:,recombination,10667.173149878148,2:2:4:4:3:3:4:4:1,2:3:4:4:3:3:4:4:1,MUTATE
1:3:4:4:2:3:4:4:1:,recombination,12965.616311724372,2:3:4:4:4:2:2:3:2,1:2:4:3:2:4:4:4:1,MUTATE
1:2:4:4:3:2:3:4:1:,clone,11029.21504645492,1:2:4:4:3:2:3:4:1
1:2:4:4:3:3:3:4:1:,clone,10993.513893497071,1:2:4:4:3:3:3:4:1
1:3:4:4:3:3:3:4:1:,recombination,11234.574634717887,2:3:4:4:4:2:2:2:2,2:3:4:4:4:4:3:4:2,MUTATE
1:2:4:3:1:3:4:4:0:,clone,12115.146429439674,1:2:4:3:1:3:4:4:0
4:4:4:4:4:0:1:2:4:,recombination,9310.771459024141,4:4:3:4:4:0:0:0:4,2:2:4:4:3:3:3:4:1
4:4:4:4:4:2:2:4:4:,recombination,10764.303831506964,2:2:4:4:3:3:4:4:1,1:2:4:4:3:3:4:4:1,MUTATE
3:4:4:4:4:2:2:4:3:,recombination,10817.863512754657,4:4:3:4:4:1:1:3:4,4:4:3:4:4:2:1:3:4,MUTATE
2:2:4:4:4:3:3:4:1:,clone,11289.790935464485,2:3:4:4:4:3:3:4:1
2:3:4:4:3:2:3:4:2:,clone,11136.943134483003,2:3:4:4:3:3:3:4:2
2:2:4:3:3:3:3:4:1:,recombination,11529.590694249559,3:3:4:4:4:1:1:2:3,3:3:4:4:4:2:2:3:3
1:1:4:1:0:4:4:4:0:,recombination,12905.71192675941,0:1:4:1:0:4:4:4:0,2:2:4:4:3:3:3:4:1
2:3:4:4:3:4:4:4:2:,recombination,12382.327537174055,3:4:4:4:4:2:3:3:4,3:4:4:4:4:2:2:3:3
2:2:4:4:2:4:4:4:2:,clone,13516.363278450342,2:2:4:4:2:4:4:4:2
2:3:4:4:2:4:4:4:1:,recombination,12812.092019932175,2:2:4:3:2:4:4:4:1,3:3:4:4:4:1:1:1:3,MUTATE
1:1:4:1:0:4:4:4:0:,clone,12709.367608557324,1:1:4:1:0:4:4:4:0
0:2:4:2:1:4:4:4:0:,recombination,12296.344629208315,0:1:4:2:0:4:4:4:0,2:2:4:3:2:4:4:4:1
0:2:4:2:0:4:4:4:0:,clone,12273.615947595361,0:2:4:2:0:4:4:4:0
0:1:4:2:0:4:4:4:0:,clone,12804.02711745047,0:1:4:2:0:4:4:4:0
0:2:4:2:0:4:4:4:0:,recombination,12025.259305205038,2:2:4:3:1:4:4:4:1,2:2:4:4:3:3:3:3:2
0:1:4:2:0:4:4:4:0:,recombination,12360.612892293044,1:1:4:1:0:4:4:4:0,2:2:4:3:2:4:4:4:2,MUTATE
0:2:4:2:0:4:4:4:0:,clone,11897.598612885165,0:2:4:2:0:4:4:4:0
0:2:4:2:0:4:4:4:0:,recombination,11891.236839907051,0:2:4:2:0:4:4:4:0,2:3:4:4:3:3:3:4:2
0:2:4:2:0:4:4:4:0:,recombination,11861.767847032494,4:4:4:4:4:2:3:4:4,2:3:4:3:2:4:4:4:2,MUTATE
3:3:4:4:4:3:3:4:3:,recombination,11025.591669881678,1:2:4:3:2:4:4:4:1,3:4:4:4:4:1:1:1:4
2:3:4:4:4:3:3:4:2:,clone,10758.310811219912,2:3:4:4:4:3:3:4:2
2:2:4:4:3:3:3:4:1:,clone,11024.085667910216,2:2:4:4:3:3:3:4:1
2:2:4:3:3:3:4:4:1:,recombination,11640.530788547703,1:2:4:2:1:3:4:4:1,2:2:4:4:3:3:3:4:1
2:3:4:4:3:4:3:4:1:,recombination,12296.411875779324,3:3:4:4:4:1:1:2:3,2:3:4:4:4:2:2:2:2,MUTATE
2:3:4:4:3:4:3:4:1:,clone,12188.54317901494,2:2:4:4:3:4:4:4:1
1:2:4:3:2:3:3:4:1:,recombination,11307.10110843084,2:3:4:4:4:3:3:4:2,2:2:4:4:4:2:3:3:2
1:2:4:4:3:4:3:4:1:,recombination,12250.2465734328,2:3:4:4:4:4:3:4:2,3:4:4:4:4:2:3:4:3
2:2:4:4:3:3:4:4:1:,recombination,11989.79947111787,4:4:2:4:4:1:1:1:4,1:2:4:3:2:4:4:4:1,MUTATE
1:3:4:4:2:4:4:4:1:,recombination,13046.148381778454,2:2:4:4:3:3:4:4:2,0:2:4:2:0:4:4:4:0
2:2:4:3:3:4:4:4:1:,clone,11857.479471754074,2:2:4:3:3:4:4:4:1
2:2:4:3:2:4:4:4:1:,clone,11832.756605024131,2:2:4:3:2:4:4:4:1
1:2:4:2:1:4:4:4:0:,clone,11190.075873933953,1:2:4:2:1:4:4:4:0
3:4:4:4:4:3:3:4:3:,clone,12034.583183607574,3:4:4:4:4:3:3:4:3
2:3:4:4:2:4:4:4:2:,recombination,12813.210480843272,2:3:4:4:4:1:2:2:2,4:4:3:4:4:1:2:4:4
1:3:4:3:2:4:4:4:1:,clone,12067.595199599898,1:3:4:3:2:4:4:4:1
2:3:4:3:2:4:4:4:1:,recombination,11843.759739884345,1:2:4:1:0:4:4:4:0,1:2:4:2:0:4:4:4:0,MUTATE
4:4:3:4:4:2:1:3:4:,recombination,11671.808326037284,1:2:4:3:1:4:4:4:1,1:2:4:2:1:4:4:4:0,MUTATE
4:4:3:4:4:1:1:4:4:,clone,11350.806479129567,4:4:3:4:4:2:2:4:4
3:3:4:4:4:3:2:4:3:,clone,11802.332668830257,3:3:4:4:4:3:2:4:3
2:2:4:4:4:2:3:4:2:,recombination,10616.554129878881,2:2:4:2:1:4:4:4:1,1:2:4:2:1:4:4:4:0,MUTATE
2:3:4:4:4:3:3:4:2:,clone,10705.654938464284,2:3:4:4:4:2:3:4:2
2:3:4:4:4:3:3:4:2:,recombination,10638.50960269368,2:2:4:3:2:3:4:4:1,0:2:4:2:1:4:4:4:0,MUTATE
2:2:4:4:4:3:3:4:2:,recombination,10894.795919303522,1:2:4:2:1:4:4:4:0,4:4:4:4:4:3:3:4:4
2:2:4:4:3:3:3:4:1:,clone,10530.860728992022,2:2:4:4:3:3:3:4:1
1:2:4:3:2:3:3:4:1:,recombination,11026.73294151323,2:3:4:4:3:4:3:4:1,4:4:3:4:4:1:1:4:4
2:2:4:3:3:3:3:4:1:,recombination,11202.761958665873,1:2:4:2:1:4:4:4:1,1:2:4:4:2:4:4:4:1
2:2:4:4:3:3:3:4:2:,clone,10619.961537577425,2:2:4:4:3:3:3:4:2
2:2:4:3:3:3:3:4:1:,clone,11116.74171304267,2:2:4:3:3:3:3:4:1
1:2:4:3:2:3:3:4:1:,recombination,11017.8505607332,0:2:4:1:0:4:4:4:0,2:2:4:4:3:4:3:4:1,MUTATE
1:1:4:2:0:4:4:4:0:,recombination,12940.9000267901,2:2:4:4:3:3:3:4:1,1:2:4:2:0:4:4:4:0
0:1:4:2:1:4:4:4:0:,recombination,12559.364345320788,2:2:4:4:3:4:4:4:1,2:2:4:4:3:3:3:4:1,MUTATE
1:2:4:3:1:4:4:4:1:,clone,11761.967625505196,1:2:4:3:1:4:4:4:1
4:4:4:4:4:2:2:2:4:,clone,11177.482232353985,4:4:4:4:4:2:2:3:4
1:2:4:3:1:4:4:4:1:,clone,11760.584582139398,1:2:4:3:1:4:4:4:1
4:4:4:4:4:1:1:1:4:,clone,9850.73717280724,4:4:4:4:4:1:1:1:4
3:3:4:4:4:1:2:3:3:,clone,9774.978484826446,3:3:4:4:4:1:2:3:3
3:3:4:4:4:1:2:3:3:,clone,9704.980727554619,3:3:4:4:4:1:2:3:3
1:2:4:4:3:3:3:4:1:,recombination,10915.241467104399,4:4:4:4:4:0:1:2:4,4:4:4:4:4:1:2:4:4,MUTATE
3:3:4:4:4:1:1:3:3:,recombination,10050.23142567519,2:3:4:4:4:3:3:3:2,2:3:4:4:4:2:2:3:2
3:3:4:4:4:2:2:4:3:,clone,10092.65392191781,3:3:4:4:4:2:2:4:3
0:1:4:1:0:4:4:4:0:,recombination,11975.98817032194,2:2:4:4:3:3:3:4:1,4:3:4:4:4:2:2:4:4
4:4:4:4:4:3:3:4:4:,recombination,12406.985390223012,4:4:4:4:4:3:2:4:4,4:4:4:4:4:3:3:4:4,MUTATE
4:4:3:4:4:0:0:2:4:,clone,11050.196037787577,4:4:3:4:4:0:0:1:4
4:4:3:4:4:1:1:4:4:,recombination,11241.529446108996,4:4:4:4:4:3:2:4:4,4:4:3:4:4:0:1:1:4
2:3:4:3:2:3:4:4:2:,recombination,12151.261115418745,3:3:4:4:4:3:3:4:2,2:2:4:4:3:3:4:4:1
2:3:4:3:2:3:4:4:2:,recombination,12049.41023831206,0:2:4:1:0:4:4:4:0,0:2:4:1:0:4:4:4:0
2:3:4:3:2:3:4:4:2:,clone,11967.84325547091,2:3:4:4:3:3:3:4:2
2:3:4:3:3:3:4:4:1:,recombination,11872.143257638952,2:2:4:3:3:3:4:4:1,1:2:4:1:0:4:4:4:0,MUTATE
4:4:2:4:4:1:1:2:4:,clone,11383.943432393786,4:4:2:4:4:1:1:2:4
4:4:2:4:4:0:0:1:4:,clone,10648.474403534,4:4:2:4:4:0:0:0:4
4:4:2:4:4:0:0:1:4:,clone,10361.631255805696,4:4:2:4:4:0:0:1:4
4:3:3:4:4:2:2:3:4:,recombination,11550.209138225722,0:1:4:1:0:4:4:4:0,4:4:3:4:4:1:1:3:4
4:4:3:4:4:2:1:3:4:,clone,11231.343760197062,4:4:3:4:4:2:1:3:4
1:3:4:3:3:3:4:4:1:,recombination,12294.439601595006,3:4:4:4:4:1:1:2:3,1:2:4:2:1:3:4:4:0
2:2:4:3:2:3:4:4:1:,recombination,11510.735344261675,4:4:3:4:4:1:2:3:4,3:3:4:4:4:2:3:4:3
2:3:4:3:3:3:4:4:1:,clone,11838.85796719363,2:3:4:3:3:3:4:4:1
2:2:4:3:1:4:4:4:1:,recombination,12501.409863149256,2:3:4:4:4:2:3:4:2,2:3:4:3:2:3:4:4:2
2:3:4:3:2:4:4:4:2:,recombination,12404.258135621418,2:3:4:4:4:2:3:3:2,4:4:3:4:4:2:1:3:4
1:3:4:3:3:3:4:4:1:,clone,11917.78686128619,1:3:4:3:3:3:4:4:1
1:3:4:3:2:4:4:4:1:,recombination,11923.190747507917,1:2:4:1:0:4:4:4:0,3:4:4:4:4:1:1:2:3
1:3:4:3:2:3:4:4:1:,clone,12157.23756750643,1:3:4:3:2:3:4:4:1
4:4:4:4:4:0:1:0:4:,clone,11387.603746495628,4:4:4:4:4:0:1:0:4
1:2:4:3:2:3:4:4:0:,recombination,11512.35031206777,1:3:4:3:1:4:4:4:1,4:4:4:4:4:2:1:3:4,MUTATE
2:3:4:3:3:4:4:4:2:,recombination,12655.871878010697,1:2:4:2:1:3:4:4:0,1:3:4:3:2:3:4:4:1
2:3:4:3:2:3:4:4:1:,clone,11347.139752199728,2:3:4:3:3:3:3:4:1
2:3:4:3:3:3:4:4:1:,recombination,11777.94225860348,2:2:4:4:4:2:3:4:2,3:4:4:4:4:3:3:4:3
4:4:4:4:4:2:3:4:4:,recombination,11741.615369912846,2:3:4:4:4:2:3:4:2,1:3:4:4:3:3:4:4:1,MUTATE
4:4:3:4:4:0:1:1:4:,clone,10243.575137526042,4:4:3:4:4:0:1:1:4
4:4:4:4:4:2:2:4:4:,clone,10485.969630504387,4:4:4:4:4:2:2:4:4
1:2:4:4:3:3:4:4:1:,clone,11916.81045269331,2:2:4:4:3:3:3:4:1
4:4:4:4:4:1:0:1:4:,recombination,10780.7566930753,4:4:3:4:4:3:2:4:4,1:2:4:4:3:4:4:4:1,MUTATE
2:3:4:4:3:3:4:4:2:,recombination,11924.634637935484,4:4:4:4:4:2:3:4:4,2:3:4:3:2:3:4:4:1
2:3:4:3:3:3:4:4:1:,clone,11719.441108709298,2:3:4:3:3:3:4:4:1
2:3:4:3:3:3:4:4:2:,clone,11658.81792180711,2:3:4:3:3:3:4:4:2
2:3:4:4:3:3:4:4:1:,clone,11876.789380106318,2:2:4:3:2:3:4:4:1
1:3:4:3:1:4:4:4:1:,clone,12669.222524574408,1:3:4:3:1:4:4:4:1
1:3:4:4:3:4:3:4:1:,recombination,12919.734800078584,2:3:4:4:3:3:3:4:1,2:3:4:4:3:4:3:4:1
2:3:4:4:3:4:3:4:1:,clone,11969.640882086023,2:3:4:4:3:4:3:4:1
2:3:4:4:3:4:4:4:1:,clone,12328.34968952,2:3:4:4:3:4:4:4:1
2:3:4:4:3:4:4:4:1:,clone,12081.815753846475,2:3:4:4:3:3:3:4:1
2:3:4:3:2:4:4:4:1:,recombination,11787.728418956282,2:3:4:3:2:4:4:4:1,1:3:4:3:2:3:4:4:1
2:3:4:4:4:3:3:4:1:,clone,11418.079710671886,2:3:4:4:4:3:3:4:1
2:3:4:4:3:3:3:4:2:,clone,11120.845861379992,2:3:4:4:4:3:3:4:2
1:3:4:2:1:4:4:4:1:,recombination,12759.427119406702,3:3:4:4:4:3:2:4:3,2:3:4:3:2:4:4:4:1
4:4:3:4:4:1:1:3:4:,clone,10261.727089121678,4:4:4:4:4:1:1:3:4
3:3:4:4:4:1:2:4:3:,clone,10372.761358415479,3:3:4:4:4:1:2:4:3
3:3:3:4:4:2:3:4:3:,recombination,11995.497317821772,1:2:4:2:1:4:4:4:0,2:2:4:4:2:3:4:4:1
2:3:4:3:2:4:4:4:2:,clone,12399.13805833166,2:3:4:3:2:4:4:4:2
2:2:4:2:1:3:4:4:1:,recombination,12891.468868820424,2:2:4:4:4:3:3:4:1,1:2:4:2:0:4:4:4:1,MUTATE
2:3:4:2:1:4:4:4:1:,recombination,12606.425325558388,2:2:4:3:1:4:4:4:1,4:4:3:4:4:1:2:4:4,MUTATE
3:3:4:4:4:1:1:3:4:,clone,10104.16273823685,3:3:4:4:4:1:1:3:4
3:4:4:4:4:1:2:3:4:,clone,10090.981375330042,3:4:4:4:4:1:2:3:4
1:3:4:2:1:4:4:4:0:,clone,13933.142779929442,1:2:4:2:1:4:4:4:0
3:3:4:4:4:2:2:4:2:,recombination,10935.293374411036,2:2:4:4:3:3:4:4:1,4:4:3:4:4:2:1:3:4,MUTATE
1:2:4:3:3:4:4:4:1:,clone,11912.741975389732,1:2:4:3:3:4:4:4:1
4:4:3:4:4:1:0:1:4:,clone,11178.272907942437,4:4:3:4:4:1:0:1:4
4:4:3:4:4:1:0:1:4:,clone,11037.268451590959,4:4:3:4:4:1:0:1:4
4:4:2:4:4:1:0:1:4:,clone,11491.694804887822,4:4:2:4:4:1:0:1:4
3:3:4:4:4:3:2:4:3:,recombination,11568.4395890668,1:2:4:3:2:3:4:4:0,1:3:4:3:2:3:4:4:1,MUTATE
3:3:4:4:4:3:2:4:3:,clone,11297.420099813944,3:3:4:4:4:2:2:4:3
1:2:4:4:3:4:4:4:1:,recombination,12227.042859121173,1:2:4:4:3:3:4:4:1,1:3:4:2:1:4:4:4:0
2:3:4:4:4:3:3:4:1:,clone,11377.053443248387,2:3:4:4:4:3:3:4:2
1:2:4:4:3:4:3:4:1:,clone,11968.193938464112,1:2:4:4:3:4:3:4:1
2:3:4:3:3:4:4:4:1:,recombination,12560.669681982617,4:4:3:4:4:2:2:4:4,0:1:4:2:0:4:4:4:0
1:3:4:4:3:4:4:4:1:,recombination,12355.408683315367,2:3:4:3:3:3:4:4:2,4:4:3:4:4:1:0:1:4
1:2:4:4:3:4:4:4:1:,recombination,12059.164114947698,1:3:4:3:2:3:4:4:1,2:3:4:3:2:4:4:4:2
0:2:4:2:1:4:4:4:0:,clone,12145.613652570439,0:2:4:2:1:4:4:4:0
3:3:4:4:4:3:3:4:2:,recombination,11352.68381979875,2:2:4:3:2:4:4:4:2,4:4:3:4:4:1:1:2:4
1:2:4:4:4:3:3:4:1:,recombination,11884.6048109817,2:2:4:3:3:3:3:4:1,0:2:4:2:0:4:4:4:0
1:3:4:3:3:3:4:4:1:,recombination,11913.526151117634,0:1:4:1:0:4:4:4:0,1:2:4:3:2:3:4:4:0
0:1:4:1:0:4:4:4:0:,recombination,11703.031778783623,2:2:4:4:3:3:3:4:1,2:2:4:4:3:3:3:4:1
0:2:4:2:0:4:4:4:0:,recombination,11772.905356714256,0:1:4:1:0:4:4:4:0,4:4:3:4:4:1:1:3:4,MUTATE
0:1:4:2:0:4:4:4:0:,clone,11835.279812487232,0:1:4:2:0:4:4:4:0
0:2:4:2:0:4:4:4:0:,recombination,11641.04431811857,1:2:4:4:3:2:3:4:1,2:2:4:4:3:3:3:4:1,MUTATE
2:3:4:3:3:3:3:4:1:,recombination,11556.220868649974,4:4:3:4:4:1:2:3:4,1:3:4:2:1:4:4:4:1
1:2:4:4:3:3:3:4:1:,clone,10534.249762372576,1:2:4:4:3:3:3:4:1
2:2:4:4:4:2:2:4:2:,clone,10353.231747398117,2:2:4:4:4:2:2:4:2
2:2:4:4:4:2:3:4:2:,clone,10400.435867680144,2:2:4:4:4:2:3:4:2
2:2:4:4:4:2:3:4:1:,clone,10623.28394313168,2:2:4:4:4:2:3:4:2
2:2:4:4:4:2:3:4:1:,clone,10518.770197887852,2:2:4:4:4:2:3:4:2
3:3:3:4:4:2:2:4:3:,recombination,10739.249168771152,2:2:4:3:2:3:4:4:1,1:3:4:3:2:3:4:4:1,MUTATE
2:2:4:4:4:2:3:4:1:,clone,10477.721813346056,2:2:4:4:4:2:3:4:1
2:2:4:4:4:3:3:4:1:,recombination,11053.829674059405,0:1:4:1:0:4:4:4:0,1:2:4:4:3:3:3:4:1
2:2:4:4:4:3:3:4:2:,recombination,10674.580053152602,0:2:4:2:0:4:4:4:0,3:3:4:4:4:1:1:3:4
1:2:4:4:4:3:3:4:1:,recombination,11380.124188400197,3:4:4:4:4:1:2:3:3,2:2:4:4:3:3:3:4:2,MUTATE
1:2:4:3:2:3:4:4:0:,clone,11095.856267241357,1:2:4:3:2:3:4:4:0
1:2:4:3:1:3:4:4:0:,recombination,12082.354886576559,1:2:4:4:3:3:3:4:1,1:2:4:4:4:2:3:3:1,MUTATE
1:2:4:3:3:3:3:4:1:,recombination,11147.400167057129,1:2:4:2:1:4:4:4:0,4:4:3:4:4:2:2:4:4
1:2:4:3:2:4:4:4:0:,clone,11475.720598657328,1:2:4:3:2:4:4:4:0
1:2:4:3:2:4:4:4:0:,clone,11429.480649859086,1:2:4:3:2:4:4:4:0
1:2:4:3:3:3:3:4:1:,recombination,10954.073305501217,4:4:2:4:4:1:1:2:4,1:2:4:3:1:3:4:4:0
1:2:4:3:2:4:4:4:1:,clone,11303.306014172873,1:2:4:3:2:4:4:4:1
1:2:4:2:2:4:4:4:0:,recombination,11241.250814813871,1:2:4:3:2:4:4:4:1,3:3:4:4:4:2:2:3:4,MUTATE
3:4:4:4:4:2:2:4:3:,clone,10789.895358458572,3:4:4:4:4:2:2:4:3
4:4:2:4:4:0:1:0:4:,clone,12559.982570494269,4:4:2:4:4:0:0:0:4
4:4:4:4:4:3:3:3:4:,clone,14064.467438962693,4:4:4:4:4:2:3:3:4
2:2:4:4:2:4:4:4:2:,recombination,13375.272594335634,3:3:3:4:4:1:2:3:3,2:3:4:4:4:1:2:2:2,MUTATE
3:3:3:4:4:2:3:4:3:,clone,11660.321413302967,3:3:3:4:4:2:3:4:3
3:3:4:4:4:3:3:4:2:,clone,11303.793140970534,3:3:4:4:4:3:3:4:2
3:3:4:4:4:3:3:4:2:,recombination,11258.665761279106,3:4:4:4:4:1:2:3:4,4:4:3:4:4:2:2:4:4
2:2:4:4:3:3:4:4:1:,clone,11947.600905810841,2:2:4:4:3:3:4:4:1
2:2:4:4:3:3:4:4:1:,recombination,11940.209754449348,0:2:4:2:0:4:4:4:0,1:2:4:3:2:3:4:4:0
4:4:4:4:4:2:3:4:3:,clone,12254.116081295271,4:4:4:4:4:2:3:4:3
4:4:3:4:4:2:3:4:4:,clone,13620.286533250337,4:4:3:4:4:2:2:4:4
4:4:3:4:4:2:3:4:4:,clone,13465.621568936065,4:4:3:4:4:2:3:4:4
4:4:2:4:4:0:0:0:4:,recombination,8872.90953193696,4:4:2:4:4:1:1:1:4,2:2:4:4:3:3:4:4:1,MUTATE
4:4:2:4:4:0:0:0:4:,clone,8652.03724693531,4:4:2:4:4:0:0:0:4
4:3:3:4:4:1:1:3:4:,clone,9811.594494632647,4:3:3:4:4:1:1:3:4
4:4:2:4:4:0:0:1:4:,clone,9952.442428743307,4:4:2:4:4:0:0:1:4
4:4:2:4:4:0:0:1:4:,clone,9379.319103990038,4:4:2:4:4:0:0:1:4
3:3:4:4:4:1:1:3:3:,recombination,10020.909468391203,2:3:4:4:3:3:3:4:2,3:4:4:4:4:3:3:4:3
4:4:3:4:4:1:1:2:4:,recombination,9795.551842126948,2:2:4:4:3:3:3:4:2,4:4:2:4:4:0:1:2:4
3:3:3:4:4:1:2:3:3:,recombination,10225.403834203295,1:2:4:2:1:4:4:4:0,1:3:4:3:2:3:4:4:1
4:4:3:4:4:0:0:1:4:,recombination,9427.47839351225,4:4:3:4:4:1:1:3:4,2:2:4:4:3:3:4:4:1
3:3:4:4:4:1:2:4:3:,clone,10133.479862138714,3:3:4:4:4:1:2:3:3
3:3:4:4:4:1:1:3:3:,recombination,9970.667106919125,4:4:3:4:4:2:2:4:4,4:4:4:4:4:1:2:4:4,MUTATE
4:4:3:4:4:0:0:1:4:,recombination,9362.878545464799,2:2:4:4:4:2:3:4:2,2:3:4:4:4:3:3:4:2
4:4:3:4:4:0:1:1:4:,recombination,9946.673996860396,3:4:4:4:4:2:2:2:4,4:4:3:4:4:1:1:3:4
4:4:2:4:4:0:0:1:4:,clone,9238.515638342467,4:4:2:4:4:0:0:1:4
3:3:4:4:4:2:2:4:2:,recombination,10885.99218606962,2:3:4:4:4:4:3:4:2,3:3:4:4:4:2:3:4:3
2:2:4:3:2:4:4:4:1:,clone,11554.510932987805,2:2:4:3:2:4:4:4:1
3:3:3:4:4:2:2:3:4:,recombination,11406.83214362598,3:3:4:4:4:1:1:3:4,4:4:3:4:4:1:2:3:4
4:4:3:4:4:1:1:3:4:,clone,10259.70976281266,4:4:3:4:4:1:1:3:4
3:3:4:4:4:1:2:3:4:,clone,10516.194304432376,3:3:4:4:4:1:2:3:4
4:4:3:4:4:1:2:3:4:,clone,10566.619923713604,4:4:4:4:4:1:2:3:4
4:4:4:4:4:1:2:4:4:,clone,10635.3310564538,4:4:4:4:4:1:2:3:4
4:3:4:4:4:2:2:4:4:,recombination,10710.716037180335,2:2:4:4:3:3:3:4:2,1:2:4:3:2:4:4:4:0,MUTATE
4:3:4:4:4:2:2:4:4:,clone,10538.841762595395,4:3:4:4:4:2:2:4:4
2:2:4:3:3:3:4:4:1:,recombination,11636.40295507881,0:2:4:2:0:4:4:4:0,1:2:4:4:3:4:4:4:1
3:3:4:4:4:1:2:3:4:,recombination,10006.89039230201,3:3:4:4:4:1:1:3:3,1:2:4:2:1:3:4:4:0
4:4:3:4:4:0:1:2:4:,clone,9561.877368338153,4:4:3:4:4:1:1:2:4
4:4:4:4:4:1:2:3:4:,recombination,10177.338299393785,2:2:4:4:4:2:2:4:2,2:3:4:3:2:3:4:4:1
4:3:4:4:4:1:2:4:4:,recombination,10690.918310703155,3:3:3:4:4:1:2:3:3,2:2:4:4:4:3:3:4:2,MUTATE
2:3:4:4:2:3:4:4:2:,recombination,12810.860486890868,2:3:4:4:3:3:4:4:2,1:2:4:3:3:3:3:4:1,MUTATE
3:4:4:4:4:2:2:4:3:,recombination,10478.519403853834,1:2:4:1:0:4:4:4:0,0:1:4:1:0:4:4:4:0,MUTATE
4:4:4:4:4:1:2:3:4:,clone,9923.362853021636,4:4:4:4:4:1:1:3:4
4:4:4:4:4:1:2:3:4:,clone,9823.09458013024,4:4:4:4:4:1:2:3:4
1:3:4:4:3:4:3:4:1:,clone,12201.189422968018,1:3:4:4:3:4:3:4:1
3:4:4:4:4:3:2:4:3:,clone,11842.719871437457,3:4:4:4:4:2:2:3:3
4:4:3:4:4:1:0:1:4:,clone,10675.837032661504,4:4:3:4:4:1:0:1:4
4:4:3:4:4:1:1:1:4:,clone,10307.126864943577,4:4:3:4:4:1:1:1:4
4:3:4:4:4:3:2:4:3:,clone,12181.693848673956,3:3:4:4:4:3:2:4:3
2:2:4:4:3:4:4:4:1:,clone,12195.466460798056,2:2:4:4:3:3:3:4:1
2:3:4:3:3:4:4:4:1:,recombination,12507.43013805388,4:4:3:4:4:1:1:3:4,4:4:3:4:4:1:1:3:4,MUTATE
4:4:2:4:4:1:1:3:4:,recombination,11418.243702004505,3:3:4:4:4:1:2:4:3,3:4:4:4:4:2:3:4:3,MUTATE
2:3:4:3:3:4:4:4:1:,recombination,12481.212764841357,1:2:4:2:1:4:4:4:1,0:1:4:1:0:4:4:4:0,MUTATE
