4:4:3:4:4:2:2:4:4:,initialisation,13204.188479403687,
4:4:4:4:4:2:2:4:4:,initialisation,12554.739943267472,
4:4:4:4:4:1:2:3:4:,initialisation,11906.119349708046,
4:4:4:4:4:2:3:4:4:,initialisation,14153.47355474932,
4:4:4:4:4:3:3:4:4:,initialisation,13204.188479403689,
4:4:4:4:4:2:2:3:4:,initialisation,13217.624958603372,
3:3:4:4:4:2:2:2:3:,initialisation,10965.372917762908,
3:4:4:4:4:3:3:4:3:,initialisation,13516.249272494117,
4:4:3:4:4:2:2:4:4:,initialisation,13204.188479403685,
2:3:4:4:4:2:2:2:2:,initialisation,10783.176054536985,
4:4:4:4:4:2:2:4:4:,initialisation,12495.789750014574,
3:3:4:4:4:3:3:4:3:,initialisation,13276.082326387754,
4:4:4:4:4:2:2:4:4:,initialisation,12267.41819044049,
3:4:4:4:4:2:3:4:3:,initialisation,13858.346347872652,
3:3:4:4:4:2:3:4:3:,initialisation,12132.765426769629,
4:4:4:4:4:2:3:4:4:,initialisation,13008.450158721593,
4:4:4:4:4:1:1:2:4:,initialisation,11537.5531049993,
3:3:4:4:4:2:2:3:3:,initialisation,12649.326634230394,
4:4:2:4:4:1:1:4:4:,initialisation,13095.7164698505,
4:4:4:4:4:1:1:3:4:,initialisation,11112.637166802622,
3:3:4:4:4:2:3:4:3:,initialisation,11899.692567617829,
4:4:4:4:4:2:2:4:4:,initialisation,11833.59026419711,
3:4:4:4:4:1:2:2:3:,initialisation,11501.949154070257,
4:4:4:4:4:2:2:3:4:,initialisation,13180.825477025626,
4:4:4:4:4:1:2:4:4:,initialisation,11496.612288037222,
4:4:4:4:4:3:2:4:4:,initialisation,13204.188479403687,
3:3:4:4:4:2:2:4:3:,initialisation,11857.401571713637,
4:4:3:4:4:2:2:4:4:,initialisation,12694.143966235237,
4:4:4:4:4:2:2:3:4:,initialisation,12716.692540859583,
3:4:4:4:4:2:3:4:3:,initialisation,12729.817109379155,
3:3:4:4:4:3:3:4:3:,initialisation,13244.030654526685,
2:3:4:4:4:2:3:3:2:,initialisation,12162.375520857404,
1:2:4:4:3:3:3:4:1:,initialisation,12997.269117429485,
3:4:4:4:4:2:2:4:3:,initialisation,12739.718988379673,
3:3:4:4:4:2:3:3:3:,initialisation,13238.013103039522,
3:4:4:4:4:2:3:4:3:,initialisation,12623.59172883719,
4:4:4:4:4:2:2:3:4:,initialisation,11941.853630639618,
2:3:4:4:4:3:3:4:2:,initialisation,13787.941303311563,
3:4:4:4:4:2:2:4:3:,initialisation,11481.096412496574,
3:3:4:4:4:2:3:3:3:,initialisation,11453.071647046456,
3:3:4:4:4:3:3:4:3:,initialisation,12932.042130814752,
3:3:4:4:4:2:2:3:3:,initialisation,11115.303305076393,
3:3:4:4:4:2:2:4:3:,initialisation,11699.844485470523,
3:4:4:4:4:2:3:3:3:,initialisation,13163.579759902143,
2:3:4:4:4:2:3:2:2:,initialisation,12507.596304926054,
4:4:4:4:4:2:2:4:4:,initialisation,11724.563231128213,
4:4:4:4:4:1:2:2:4:,initialisation,12586.702142748964,
4:4:4:4:4:1:2:3:4:,initialisation,11851.156461363988,
4:4:3:4:4:2:2:4:4:,initialisation,12050.64232051647,
3:4:4:4:4:3:3:4:3:,initialisation,12723.572262459355,
3:3:4:4:4:2:2:4:3:,initialisation,11000.663438401425,
3:4:4:4:4:2:2:2:3:,initialisation,12431.717773063507,
0:2:4:1:0:4:4:4:0:,initialisation,13698.456848235295,
2:3:4:4:4:2:3:2:2:,initialisation,11155.251302591088,
3:4:4:4:4:1:1:1:4:,initialisation,10659.212004357854,
4:4:4:4:4:2:2:3:4:,initialisation,11501.514750706076,
3:4:4:4:4:2:3:4:3:,initialisation,12072.594023376952,
4:4:4:4:4:1:2:3:4:,initialisation,11722.82992384114,
3:3:4:4:4:3:3:4:3:,initialisation,12910.307400746551,
4:4:4:4:4:1:1:2:4:,initialisation,10831.49839705407,
2:3:4:4:4:2:2:2:3:,initialisation,12065.879602194258,
4:4:4:4:4:1:2:3:4:,initialisation,11617.00492203801,
2:3:4:4:4:3:3:3:2:,initialisation,13433.694649066772,
4:4:3:4:4:3:2:4:4:,initialisation,13204.188479403687,
2:3:4:4:4:3:3:3:2:,initialisation,13390.252454687721,
3:3:4:4:4:3:3:4:3:,initialisation,12674.533481773478,
4:4:4:4:4:1:2:3:4:,initialisation,11313.166711049487,
3:4:4:4:4:1:2:2:4:,initialisation,10796.964301775828,
2:3:4:4:4:3:3:4:2:,initialisation,13772.870974607878,
4:4:3:4:4:1:1:3:4:,initialisation,12149.62426686698,
2:3:4:4:4:1:2:2:3:,initialisation,10683.663162977946,
4:4:4:4:4:3:2:4:4:,initialisation,12792.194427716944,
3:3:4:4:4:3:3:4:3:,initialisation,12469.34108952627,
4:4:4:4:4:2:3:4:4:,initialisation,12995.266470705832,
3:4:4:4:4:1:2:3:3:,initialisation,11174.688285743803,
2:3:4:4:4:2:2:3:2:,initialisation,10854.488889380535,
3:3:4:4:4:1:2:2:3:,initialisation,9834.782776524054,
2:3:4:4:4:2:2:2:3:,initialisation,11701.254011715224,
2:3:4:4:3:3:3:4:1:,initialisation,12346.566068526789,
4:4:3:4:4:1:2:3:4:,initialisation,12092.139694985059,
2:3:4:4:4:3:3:4:2:,initialisation,13141.73573490195,
4:4:4:4:4:2:2:4:4:,initialisation,11572.916498817514,
2:3:4:4:4:2:3:4:2:,initialisation,12166.891773805339,
3:3:4:4:4:2:3:4:3:,initialisation,11733.9266425313,
3:4:4:4:4:1:2:3:4:,initialisation,11675.386307551815,
4:4:4:4:4:2:2:4:4:,initialisation,11170.94924102021,
3:3:4:4:4:1:2:3:3:,initialisation,10735.107138285177,
2:3:4:4:4:1:2:2:2:,initialisation,10699.931402897419,
2:3:4:4:4:3:3:4:2:,initialisation,12800.851957274566,
3:3:4:4:4:2:3:4:2:,initialisation,12272.162178005561,
4:4:4:4:4:3:3:4:4:,initialisation,13204.188479403683,
3:4:4:4:4:1:2:2:3:,initialisation,10357.375689972767,
4:3:4:4:4:2:2:4:4:,initialisation,11351.869527295497,
4:4:4:4:4:2:2:3:4:,initialisation,11215.910317282183,
1:2:4:4:4:2:3:3:1:,initialisation,12995.524800229567,
3:4:4:4:4:3:3:4:3:,initialisation,12426.770530663733,
2:3:4:4:4:1:2:3:2:,initialisation,10342.559643728075,
3:4:4:4:4:2:2:3:3:,initialisation,11510.013455274397,
4:4:4:4:4:1:1:4:4:,initialisation,11516.112014893988,
4:4:4:4:4:2:2:3:4:,initialisation,11189.43276014232,
3:4:4:4:4:1:2:1:3:,initialisation,11261.630085046992,
3:3:4:4:4:3:2:4:3:,initialisation,12656.95591984424,
4:4:4:4:4:1:2:2:4:,initialisation,12290.77668765661,
2:3:4:4:4:2:3:3:2:,initialisation,11856.103135220148,
3:3:4:4:4:3:3:4:2:,initialisation,13153.085263480809,
2:3:4:4:3:3:3:4:2:,initialisation,13646.40274914896,
4:4:3:4:4:1:1:2:4:,initialisation,12147.60682808195,
2:3:4:4:4:2:3:3:2:,initialisation,11757.71881494734,
3:4:4:4:4:2:2:3:4:,initialisation,12867.162205007435,
3:3:4:4:4:3:3:4:2:,initialisation,12962.226510013463,
4:4:3:4:4:2:2:3:4:,initialisation,12828.88195121581,
2:3:4:4:4:2:3:3:2:,initialisation,11517.615152070462,
4:4:3:4:4:1:1:4:4:,initialisation,12181.858756902335,
3:4:4:4:4:2:2:4:3:,initialisation,11289.234983028688,
3:4:4:4:4:2:2:2:3:,initialisation,11824.34766920051,
4:4:3:4:4:1:2:4:4:,initialisation,11731.725202879636,
2:2:4:3:2:4:4:4:1:,initialisation,14113.38401805081,
2:3:4:4:4:3:3:4:2:,initialisation,12710.832990818963,
2:3:4:4:4:3:3:3:2:,initialisation,13280.749159927664,
4:4:4:4:4:1:2:3:4:,initialisation,11228.41517743771,
3:3:4:4:4:3:3:4:3:,initialisation,12334.991044979544,
1:2:4:4:3:3:4:4:1:,initialisation,12947.837526882155,
3:3:4:4:4:1:2:3:4:,initialisation,11777.850805646553,
4:4:4:4:4:2:3:4:4:,initialisation,12526.894706530125,
4:4:4:4:4:1:2:4:4:,initialisation,11133.003037087388,
3:3:4:4:4:1:1:1:3:,initialisation,10198.068377084459,
2:3:4:4:4:1:2:2:2:,initialisation,9677.958901094356,
3:4:4:4:4:2:2:3:4:,initialisation,11704.273097368508,
2:3:4:4:4:3:3:3:2:,initialisation,13272.528816051643,
3:3:4:4:4:3:3:4:3:,initialisation,12254.837286797407,
4:4:2:4:4:0:0:0:4:,initialisation,11328.184544849897,
3:4:4:4:4:1:1:2:3:,initialisation,10574.871979774647,
2:3:4:4:4:3:3:4:2:,initialisation,12078.512428883803,
4:4:4:4:4:1:2:3:4:,initialisation,11217.872120944414,
3:3:4:4:4:3:3:4:2:,initialisation,12522.920977179305,
3:4:4:4:4:2:2:3:4:,initialisation,11483.093467330165,
4:4:4:4:4:2:3:4:4:,initialisation,11820.208859554281,
4:4:4:4:4:1:2:3:4:,initialisation,11200.786957031805,
3:3:4:4:4:2:3:4:3:,initialisation,11427.64985543473,
3:3:4:4:4:2:3:4:2:,initialisation,11748.618002941846,
3:3:4:4:4:2:2:3:3:,initialisation,10691.750512987062,
3:4:4:4:4:1:1:1:4:,initialisation,10635.341749985168,
3:4:4:4:4:2:2:4:3:,initialisation,11253.287539533188,
4:4:4:4:4:2:2:2:4:,initialisation,12466.753048862085,
4:4:4:4:4:1:2:4:4:,initialisation,11131.680541248772,
2:3:4:4:4:2:2:2:3:,initialisation,11402.400691532415,
3:4:4:4:4:2:2:3:4:,initialisation,11326.482693201975,
2:2:4:4:4:2:3:3:2:,initialisation,12998.690413376977,
3:4:4:4:4:1:2:3:4:,initialisation,11320.837088442027,
3:4:4:4:4:1:2:2:3:,initialisation,10277.097207487772,
2:3:4:4:4:2:3:3:2:,initialisation,11510.098337769537,
4:4:3:4:4:3:2:4:4:,initialisation,13204.188479403685,
2:2:4:4:4:1:3:2:2:,initialisation,11383.980695663242,
4:4:3:4:4:2:2:3:4:,initialisation,12099.24486435812,
2:3:4:4:4:1:2:2:3:,initialisation,10169.19102734875,
3:3:4:4:4:1:2:1:3:,initialisation,10283.955255289642,
4:4:4:4:4:1:1:1:4:,initialisation,9986.02225410751,
2:3:4:4:4:2:3:3:2:,initialisation,11245.470239823777,
4:4:4:4:4:1:2:3:4:,initialisation,10864.711137842176,
2:3:4:4:4:2:3:3:2:,initialisation,11186.978685275126,
2:2:4:4:4:2:3:3:2:,initialisation,12402.110411488293,
4:4:2:4:4:1:1:3:4:,initialisation,13063.078144079846,
3:4:4:4:4:2:3:3:3:,initialisation,12953.57792534217,
2:3:4:4:4:2:3:4:2:,initialisation,10789.372546251981,
2:3:4:4:4:2:3:2:3:,initialisation,12969.329005690073,
4:4:3:4:4:1:2:3:4:,initialisation,11850.825064040198,
3:4:4:4:4:1:2:3:4:,initialisation,10790.484584203115,
3:3:4:4:4:1:1:1:3:,initialisation,9806.018664623633,
3:4:4:4:4:1:1:2:4:,initialisation,10462.272963408213,
2:3:4:4:4:1:2:2:3:,initialisation,9796.701189625905,
4:3:4:4:4:3:3:4:3:,initialisation,13204.188479403689,
3:4:4:4:4:3:2:4:3:,initialisation,12658.39058073779,
3:4:4:4:4:1:1:2:3:,initialisation,10012.002048014354,
4:4:2:4:4:2:1:4:4:,initialisation,13204.188479403689,
3:3:4:4:4:3:3:4:2:,initialisation,12520.077927654498,
2:3:4:4:4:2:2:2:3:,initialisation,11007.038882586421,
4:4:2:4:4:2:2:4:4:,initialisation,13204.188479403689,
4:4:3:4:4:1:1:3:4:,initialisation,11849.59753781978,
4:4:4:4:4:2:2:3:4:,initialisation,11148.586008076683,
3:4:4:4:4:1:1:1:3:,initialisation,10719.68942513771,
2:2:4:4:3:3:4:4:1:,initialisation,13535.504194846026,
2:3:4:4:4:2:3:2:3:,initialisation,12368.402273350948,
4:4:4:4:4:3:3:4:4:,initialisation,12863.781877269803,
4:4:4:4:4:2:2:2:4:,initialisation,11982.831430334,
4:4:3:4:4:1:1:2:4:,initialisation,11424.10206042874,
2:3:4:4:4:3:3:3:2:,initialisation,12707.338218435403,
2:3:4:4:4:3:3:3:2:,initialisation,12686.468671725981,
3:4:4:4:4:1:2:3:3:,initialisation,11078.42727889799,
1:2:4:4:3:3:3:4:1:,initialisation,11998.936277020808,
3:4:4:4:4:1:2:3:3:,initialisation,10718.026790742515,
3:4:4:4:4:3:2:4:3:,initialisation,11742.268973926626,
4:4:3:4:4:1:2:3:4:,initialisation,11585.361351473979,
3:3:4:4:4:3:3:4:2:,initialisation,12006.303917324796,
2:3:4:4:4:2:3:3:2:,initialisation,11078.881894774851,
3:4:4:4:4:2:2:2:3:,initialisation,11384.161751326494,
3:4:4:4:4:1:1:1:3:,initialisation,9831.21986481803,
4:4:4:4:4:1:1:2:4:,initialisation,10468.751854402119,
3:4:4:4:4:2:3:3:4:,initialisation,13019.624833631804,
4:4:3:4:4:2:2:4:4:,initialisation,11998.706322166525,
2:3:4:4:4:2:2:2:2:,initialisation,10709.588458648248,
2:3:4:4:4:1:2:1:3:,initialisation,11117.386139854867,
4:3:4:4:4:2:3:4:4:,initialisation,13695.190778652255,
4:4:4:4:4:2:3:3:4:,initialisation,13407.276257213925,
3:4:4:4:4:1:2:3:4:,initialisation,10317.851019759146,
3:4:4:4:4:2:3:4:3:,initialisation,11858.9871514195,
3:4:4:4:4:1:1:2:4:,initialisation,10195.908212070884,
2:3:4:4:3:3:3:4:2:,initialisation,13582.646198777711,
2:3:4:4:4:2:3:2:3:,initialisation,11200.725842769638,
4:4:4:4:4:0:1:2:4:,initialisation,11448.710230089753,
4:4:4:4:4:1:2:3:4:,initialisation,10772.547166078873,
3:4:4:4:4:0:1:2:3:,initialisation,9916.737569911153,
3:4:4:4:4:2:3:4:3:,initialisation,11676.911548567265,
4:4:4:4:4:3:2:4:4:,initialisation,12473.067842471819,
4:4:3:4:4:1:2:2:4:,initialisation,12330.963684151187,
3:3:4:4:4:3:3:4:3:,initialisation,12112.414302167716,
2:3:4:4:3:3:3:4:2:,initialisation,13349.63015663945,
4:3:3:4:4:2:2:4:4:,initialisation,12760.399248013184,
2:3:4:4:4:1:2:3:2:,initialisation,10297.632100987998,
2:2:4:4:4:2:3:2:2:,initialisation,11085.358463708042,
2:3:4:4:4:1:2:1:2:,initialisation,10257.902598007973,
4:3:4:4:4:3:3:4:3:,initialisation,13204.188479403687,
4:4:4:4:4:1:2:3:4:,initialisation,10625.746862290314,
3:4:4:4:4:2:3:3:4:,initialisation,12798.7614532877,
3:4:4:4:4:3:3:4:3:,initialisation,12345.797499404578,
3:3:4:4:4:3:3:4:3:,initialisation,12004.220681248584,
4:4:4:4:4:2:2:4:4:,initialisation,11128.488090152707,
2:3:4:4:4:2:2:2:3:,initialisation,10820.563279079697,
1:2:4:4:4:3:3:3:1:,initialisation,13460.800670164259,
1:3:4:4:3:3:4:4:1:,initialisation,12476.400574248533,
4:4:3:4:4:3:2:4:4:,initialisation,13066.122782805163,
4:4:4:4:4:1:1:3:4:,initialisation,10561.3185512209,
4:4:3:4:4:1:1:3:4:,initialisation,11091.074727238367,
4:4:4:4:4:1:2:2:4:,initialisation,11174.487338577199,
3:4:4:4:4:0:1:1:4:,initialisation,9911.862922501216,
3:3:4:4:4:1:2:3:3:,initialisation,10685.781700138292,
3:3:4:4:4:2:3:2:3:,initialisation,12366.700812071012,
4:4:2:4:4:2:1:4:4:,initialisation,13204.188479403685,
4:4:4:4:4:2:2:3:4:,initialisation,11101.126314062405,
2:3:4:4:4:3:3:2:2:,initialisation,13210.506184186122,
4:4:4:4:4:2:3:4:3:,initialisation,12258.96109060124,
3:4:4:4:4:1:1:2:3:,initialisation,9778.712969363312,
3:4:4:4:4:2:2:3:3:,initialisation,11265.881523006627,
2:3:4:4:3:3:4:4:2:,initialisation,12637.314923704447,
4:3:3:4:4:2:2:3:4:,initialisation,12802.687412275764,
1:2:4:4:4:3:3:4:1:,initialisation,12412.08244227574,
2:3:4:4:4:3:3:4:2:,initialisation,12025.56484263738,
3:4:4:4:4:0:1:1:3:,initialisation,9450.870369421415,
3:4:4:4:4:1:2:4:3:,initialisation,11485.60944408958,
3:3:4:4:4:2:2:1:3:,initialisation,11782.73519149099,
3:4:4:4:4:1:1:1:4:,initialisation,9943.06230667549,
3:3:4:4:4:1:2:3:3:,initialisation,10502.348480617271,
4:4:4:4:4:1:1:4:4:,initialisation,11471.030129519211,
3:4:4:4:4:1:2:2:4:,initialisation,10796.472008040379,
2:3:4:4:3:3:3:4:2:,initialisation,13251.699184098467,
4:4:3:4:4:2:2:4:4:,initialisation,11717.347210540796,
4:3:4:4:4:3:3:4:3:,initialisation,13111.09202516333,
4:4:4:4:4:3:3:4:4:,initialisation,12763.921983840739,
3:4:4:4:4:1:1:2:4:,initialisation,10081.117259980094,
3:3:4:4:4:3:2:4:3:,initialisation,12580.306421487872,
2:3:4:4:4:2:3:3:2:,initialisation,10847.619554436398,
3:4:4:4:4:3:3:3:3:,initialisation,13986.273834682323,
4:4:4:4:4:1:2:4:4:,initialisation,11005.059977539408,
3:3:4:4:4:2:3:3:3:,initialisation,11341.969509371349,
4:4:3:4:4:1:1:2:4:,initialisation,11154.114917347693,
4:4:4:4:4:2:1:3:4:,initialisation,12510.78278790148,
4:4:4:4:4:1:1:2:4:,initialisation,10455.293071415153,
2:3:4:4:4:2:3:3:2:,initialisation,10712.123340379765,
2:3:4:4:4:2:2:3:2:,initialisation,10821.061614347482,
4:4:4:4:4:3:3:4:4:,initialisation,12761.060575801037,
4:4:4:4:4:2:3:3:4:,initialisation,13382.536542348478,
4:3:3:4:4:2:2:4:4:,initialisation,12148.844943497905,
1:3:4:4:4:3:3:3:1:,initialisation,13440.137564489807,
4:4:4:4:4:1:1:2:4:,initialisation,10392.223582598039,
3:3:4:4:4:2:3:3:3:,initialisation,11251.835117369432,
1:3:4:4:4:3:3:4:1:,initialisation,13468.520981515727,
1:2:4:3:2:3:4:4:1:,initialisation,14120.836787950162,
3:4:4:4:4:1:2:2:3:,initialisation,9899.538228440288,
2:3:4:4:3:3:3:3:2:,initialisation,14073.334792229263,
4:4:4:4:4:0:1:2:4:,initialisation,10544.6975284328,
3:4:4:4:4:1:2:1:3:,initialisation,11097.341883310602,
1:3:4:4:3:2:3:3:1:,initialisation,12798.425452918378,
4:4:4:4:4:2:1:3:4:,initialisation,12067.380516205381,
3:3:4:4:4:1:2:4:3:,initialisation,11472.772780919813,
3:4:4:4:4:2:3:3:3:,initialisation,12809.145066366902,
4:3:4:4:4:2:3:4:4:,initialisation,12503.38915549366,
1:2:4:4:3:3:4:4:1:,initialisation,12837.424028830643,
2:3:4:4:4:3:3:3:2:,initialisation,12107.995328854937,
3:4:4:4:4:2:3:3:3:,initialisation,12117.28520152217,
4:4:4:4:4:3:3:4:4:,initialisation,12593.19167619769,
4:4:4:4:4:2:1:3:4:,initialisation,11811.472599126268,
2:2:4:4:3:4:4:4:1:,initialisation,13317.904431657193,
4:4:4:4:4:2:2:4:4:,initialisation,10979.825058679757,
4:4:4:4:4:1:2:4:4:,initialisation,10903.8762565353,
3:4:4:4:4:2:2:2:4:,initialisation,12308.72119425842,
3:3:4:4:4:2:2:1:3:,initialisation,11689.243289691687,
4:4:4:4:4:1:2:2:4:,initialisation,11057.747627794564,
3:3:4:4:4:3:3:4:3:,clone,11929.756847021741,3:3:4:4:4:3:3:4:3
3:3:4:4:4:1:2:3:3:,recombination,10195.715787967847,3:4:4:4:4:1:2:3:4,4:4:4:4:4:1:1:2:4,MUTATE
1:3:4:4:4:3:3:3:1:,recombination,13194.990924367565,1:3:4:4:4:3:3:3:1,2:3:4:4:4:2:2:3:2,MUTATE
3:3:4:4:4:3:3:4:3:,recombination,11586.332922022502,3:3:4:4:4:3:3:4:3,1:2:4:3:2:3:4:4:1
4:4:2:4:4:1:1:4:4:,recombination,12972.493639787745,4:4:4:4:4:2:1:3:4,4:4:2:4:4:1:1:4:4,MUTATE
3:3:4:4:4:2:2:2:3:,clone,10796.984677403063,3:3:4:4:4:2:2:3:3
3:3:4:4:4:1:1:2:3:,recombination,10015.33072194711,2:3:4:4:4:1:2:2:2,3:4:4:4:4:0:1:2:3,MUTATE
4:4:3:4:4:1:1:2:4:,recombination,11001.303216953673,3:4:4:4:4:0:1:2:3,4:4:3:4:4:1:1:3:4,MUTATE
4:4:3:4:4:1:1:2:4:,clone,10856.748016823325,4:4:3:4:4:1:1:3:4
1:2:4:4:2:3:4:4:1:,recombination,13620.477588975298,3:3:4:4:4:3:3:4:3,1:2:4:4:3:3:3:4:1,MUTATE
3:3:4:4:4:2:2:3:3:,recombination,10585.516993789683,3:3:4:4:4:2:2:3:3,3:4:4:4:4:2:2:4:3
2:3:4:4:4:1:2:2:3:,clone,9705.885799796504,2:3:4:4:4:1:2:2:3
3:4:4:4:4:3:3:4:3:,recombination,11734.56987387893,3:3:4:4:4:2:2:4:3,3:4:4:4:4:3:2:4:3,MUTATE
2:3:4:4:4:3:3:4:2:,recombination,11660.143730074864,2:3:4:4:4:3:3:4:2,3:3:4:4:4:3:3:4:3,MUTATE
1:2:4:4:3:3:4:4:1:,clone,12541.940909317604,1:2:4:4:3:3:4:4:1
3:4:4:4:4:2:2:4:3:,clone,11104.275006183389,4:4:4:4:4:2:2:4:4
3:4:4:4:4:2:2:4:3:,recombination,10150.356704563508,3:4:4:4:4:2:2:4:3,2:3:4:4:4:2:3:4:2,MUTATE
3:3:4:4:4:1:2:3:3:,recombination,9822.02616232739,3:4:4:4:4:1:2:2:4,3:4:4:4:4:1:2:2:3
3:4:4:4:4:1:1:1:3:,clone,9710.686604930275,3:4:4:4:4:1:1:1:4
3:3:3:4:4:2:2:4:3:,clone,12011.049335260182,4:3:3:4:4:2:2:4:4
4:4:3:4:4:2:2:3:4:,clone,11609.269827953529,4:4:4:4:4:1:2:3:4
2:3:4:4:4:2:3:3:2:,clone,10602.096932043789,2:3:4:4:4:2:3:3:2
3:3:4:4:4:2:2:1:3:,clone,11390.953971960764,3:3:4:4:4:2:2:1:3
4:4:3:4:4:1:1:4:4:,clone,11814.175196659116,4:4:3:4:4:1:1:4:4
3:3:4:4:4:2:3:4:3:,recombination,11358.328001995262,3:3:4:4:4:2:3:4:3,2:2:4:4:4:2:3:3:2
3:3:4:4:4:1:1:2:3:,recombination,9275.923583366926,3:3:4:4:4:1:1:1:3,3:3:4:4:4:1:2:3:3
2:3:4:4:4:2:2:3:2:,recombination,10728.18759341739,3:4:4:4:4:1:2:2:3,2:3:4:4:4:3:3:2:2,MUTATE
2:3:4:4:4:3:3:2:2:,recombination,12452.092685196529,3:3:4:4:4:2:2:2:3,2:3:4:4:4:3:3:2:2
3:4:4:4:4:1:2:2:4:,recombination,10324.658031149138,4:4:3:4:4:1:2:4:4,3:4:4:4:4:1:1:1:3,MUTATE
2:3:4:4:3:3:3:4:2:,recombination,12252.631250865454,3:3:4:4:4:3:3:4:2,3:4:4:4:4:2:3:4:3
3:4:4:4:4:2:2:3:3:,recombination,10451.044297153048,2:3:4:4:4:2:3:4:2,2:3:4:4:4:1:2:2:2
3:4:4:4:4:1:1:1:4:,clone,9914.431740651766,3:4:4:4:4:1:1:1:3
3:4:4:4:4:1:2:4:3:,clone,10317.851019759146,3:4:4:4:4:1:2:4:3
4:4:3:4:4:0:1:3:4:,recombination,11458.58828856507,4:4:2:4:4:1:1:3:4,4:4:4:4:4:0:1:2:4,MUTATE
1:2:4:2:1:4:4:4:0:,recombination,13171.972930835698,3:4:4:4:4:1:1:1:4,0:2:4:1:0:4:4:4:0,MUTATE
2:3:4:4:3:3:3:4:2:,recombination,12069.10001867209,2:3:4:4:3:3:3:4:2,3:3:4:4:4:1:2:4:3
4:4:4:4:4:1:2:3:4:,recombination,10305.59709910792,3:3:4:4:4:1:1:2:3,4:4:4:4:4:1:2:3:4
3:3:4:4:4:2:2:1:3:,recombination,11348.31521230561,4:4:4:4:4:2:1:3:4,3:3:4:4:4:2:2:1:3
1:2:4:2:1:4:4:4:0:,clone,13012.205885223824,1:2:4:2:1:4:4:4:0
3:4:4:4:4:1:1:2:4:,clone,9529.768435967973,3:4:4:4:4:1:1:2:3
1:3:4:4:3:3:3:4:1:,clone,12346.566068526789,2:3:4:4:3:3:3:4:1
4:4:3:4:4:1:1:4:4:,clone,11814.175196659115,4:4:3:4:4:1:1:4:4
3:4:4:4:4:1:1:2:3:,clone,9586.210251664226,3:4:4:4:4:1:1:2:4
2:3:4:4:4:2:3:3:2:,clone,10537.021271608524,2:3:4:4:4:2:3:3:2
4:4:4:4:4:1:2:4:4:,clone,10507.81184858758,4:4:4:4:4:1:2:4:4
3:3:4:4:4:2:3:4:3:,clone,11358.32800199526,3:3:4:4:4:2:3:4:3
3:4:4:4:4:1:2:3:3:,recombination,10017.908941787133,3:4:4:4:4:1:2:3:4,1:2:4:4:3:3:3:4:1
4:4:3:4:4:2:1:4:4:,recombination,12682.682912695329,4:4:2:4:4:2:1:4:4,1:3:4:4:3:2:3:3:1
2:3:4:4:4:2:2:3:2:,recombination,9875.71580458475,3:4:4:4:4:2:3:4:3,2:3:4:4:4:1:2:3:2
4:4:4:4:4:1:1:3:4:,recombination,10390.72665107128,3:4:4:4:4:1:2:3:3,3:3:4:4:4:2:3:4:2,MUTATE
4:4:2:4:4:1:2:2:4:,recombination,12521.550067038928,3:4:4:4:4:1:1:2:4,4:4:3:4:4:1:2:2:4,MUTATE
2:2:4:4:3:3:4:4:1:,clone,13385.953168649075,2:2:4:4:3:3:4:4:1
4:4:4:4:4:3:2:4:4:,clone,12304.384867500974,4:4:4:4:4:3:2:4:4
3:4:4:4:4:1:2:3:4:,clone,10240.823045354799,4:4:4:4:4:1:1:3:4
2:2:4:3:2:4:4:4:1:,clone,14096.907667156589,2:2:4:3:2:4:4:4:1
3:4:4:4:4:0:1:1:4:,clone,9854.225198524766,3:4:4:4:4:0:1:1:4
3:3:4:4:4:2:2:3:3:,clone,10298.862586244068,3:3:4:4:4:2:2:3:3
4:4:3:4:4:1:1:1:4:,recombination,11386.506192274717,4:4:2:4:4:0:0:0:4,3:3:4:4:4:3:3:4:3
2:3:4:4:4:2:2:2:2:,recombination,10201.010488818543,3:4:4:4:4:1:2:2:3,2:3:4:4:4:2:3:3:2,MUTATE
4:4:4:4:4:1:2:2:4:,recombination,11056.697039964225,3:3:4:4:4:1:2:3:4,4:4:3:4:4:1:2:2:4,MUTATE
4:4:4:4:4:2:2:4:4:,clone,10291.789750264694,4:4:4:4:4:2:2:4:4
4:4:2:4:4:0:0:0:4:,clone,11258.371773650513,4:4:2:4:4:0:0:0:4
2:3:4:4:4:1:2:2:3:,clone,9540.765536646964,2:3:4:4:4:1:2:2:3
2:2:4:4:3:3:4:4:2:,recombination,13225.928352817862,2:2:4:3:2:4:4:4:1,3:3:4:4:4:2:3:4:3
3:4:4:4:4:0:1:1:4:,recombination,9364.479269557465,3:4:4:4:4:0:1:1:4,2:3:4:4:4:2:2:3:2,MUTATE
2:2:4:3:2:4:4:4:1:,clone,13869.071601192194,2:2:4:3:2:4:4:4:1
2:2:4:3:2:4:4:4:1:,recombination,13348.069148902414,2:3:4:4:4:3:3:4:2,2:2:4:3:2:4:4:4:1,MUTATE
3:3:3:4:4:2:2:3:3:,recombination,12630.249707003362,4:3:3:4:4:2:2:3:4,4:4:4:4:4:2:3:4:4,MUTATE
4:4:4:4:4:1:2:4:4:,clone,10506.558010264072,4:4:4:4:4:1:2:4:4
3:3:4:4:4:2:2:2:3:,clone,10563.935336708713,3:3:4:4:4:2:2:2:3
2:3:4:4:4:2:2:3:2:,recombination,9674.094797994354,3:4:4:4:4:1:2:2:3,2:3:4:4:4:2:2:3:2,MUTATE
3:3:4:4:4:2:2:4:3:,clone,11000.663438401423,3:3:4:4:4:2:2:4:3
3:3:4:4:4:2:2:4:3:,recombination,10521.03321122843,3:3:4:4:4:1:2:1:3,3:4:4:4:4:2:2:4:3
4:4:4:4:4:1:1:2:4:,recombination,10254.978933328255,3:4:4:4:4:0:1:1:4,3:4:4:4:4:1:1:2:4,MUTATE
2:3:4:4:4:3:3:4:2:,recombination,11556.052896252635,3:3:4:4:4:1:2:3:3,1:3:4:4:3:3:3:4:1
4:4:3:4:4:0:0:0:4:,recombination,10373.230993920713,4:4:2:4:4:0:0:0:4,3:4:4:4:4:2:2:2:3,MUTATE
3:3:4:4:4:2:2:3:3:,recombination,10250.518703372049,3:4:4:4:4:1:2:2:3,2:3:4:4:4:1:2:3:2,MUTATE
3:3:4:4:4:1:2:3:3:,recombination,9669.582881928884,3:3:4:4:4:2:3:4:3,2:3:4:4:4:2:2:3:2
1:3:4:4:4:2:3:3:1:,clone,11873.231380804906,1:2:4:4:4:3:3:4:1
4:4:3:4:4:1:1:4:4:,clone,11672.34517147825,4:4:3:4:4:1:1:4:4
4:4:4:4:4:2:2:2:4:,clone,11827.767169600234,4:4:4:4:4:2:2:2:4
4:4:4:4:4:3:3:4:4:,recombination,12475.481850639677,4:4:4:4:4:3:2:4:4,4:4:4:4:4:2:1:3:4,MUTATE
2:3:4:4:3:3:3:4:1:,recombination,11964.129001751071,2:3:4:4:4:2:3:3:2,3:3:4:4:4:3:3:4:3
4:4:3:4:4:1:1:4:4:,clone,11614.488457812899,4:4:3:4:4:1:1:4:4
3:4:4:4:4:2:2:2:4:,clone,12157.400619196487,3:4:4:4:4:2:2:2:4
2:2:4:4:3:3:3:4:1:,recombination,11625.904603643083,2:2:4:3:2:4:4:4:1,3:3:4:4:4:2:2:1:3,MUTATE
3:4:4:4:4:2:2:3:4:,clone,11189.004488473085,3:4:4:4:4:2:2:3:4
2:2:4:3:2:3:4:4:1:,clone,12532.779141040292,2:2:4:3:2:4:4:4:1
4:4:3:4:4:3:2:4:4:,clone,12814.15804683066,4:4:3:4:4:3:2:4:4
3:4:4:4:4:1:1:1:4:,recombination,9913.673998971179,3:3:4:4:4:1:1:2:3,2:3:4:4:4:1:2:2:3
1:2:4:3:1:4:4:4:1:,clone,13463.09721290682,2:2:4:3:2:3:4:4:1
2:2:4:4:4:3:3:3:2:,recombination,12678.420455523674,1:3:4:4:4:3:3:4:1,2:3:4:4:4:2:3:2:2,MUTATE
2:3:4:3:2:3:4:4:1:,recombination,13518.95145705835,1:2:4:2:1:4:4:4:0,2:3:4:4:3:3:3:4:2,MUTATE
3:3:4:4:4:3:3:4:2:,recombination,11955.642934546824,2:3:4:4:3:3:3:4:2,3:4:4:4:4:2:2:4:3,MUTATE
3:3:4:4:4:2:3:4:2:,clone,11649.323532705554,3:3:4:4:4:2:3:4:2
4:4:3:4:4:1:1:2:4:,recombination,10849.397498256227,2:3:4:4:4:2:3:4:2,4:4:3:4:4:1:1:3:4,MUTATE
3:3:4:4:4:2:2:4:3:,clone,9819.976617719292,3:3:4:4:4:2:2:4:3
3:4:4:4:4:2:2:3:4:,recombination,10985.98402885069,4:4:4:4:4:1:2:3:4,3:4:4:4:4:1:2:2:3,MUTATE
2:3:4:4:3:3:3:4:2:,clone,11926.332670167267,2:3:4:4:3:3:3:4:2
4:4:4:4:4:1:2:2:4:,clone,10569.820504924344,4:4:4:4:4:1:2:2:4
3:4:4:4:4:2:2:3:4:,clone,10825.09777342716,3:4:4:4:4:2:2:3:4
4:4:3:4:4:1:1:2:4:,clone,10694.382517588874,4:4:3:4:4:1:1:2:4
3:4:4:4:4:1:2:1:4:,recombination,11189.006775092608,3:4:4:4:4:2:2:2:4,2:3:4:4:4:1:2:1:2,MUTATE
4:4:3:4:4:1:0:1:4:,recombination,11226.100558133043,4:4:3:4:4:2:2:3:4,4:4:3:4:4:1:1:1:4
3:3:4:4:4:2:2:3:4:,recombination,11871.33111548171,4:3:3:4:4:2:2:3:4,3:4:4:4:4:2:2:4:3
3:4:4:4:4:2:3:4:3:,recombination,11212.268538874308,2:3:4:4:4:2:2:3:2,3:4:4:4:4:2:3:4:3
4:4:4:4:4:1:2:2:4:,clone,10518.862281089876,4:4:4:4:4:1:2:2:4
4:4:3:4:4:1:1:3:4:,recombination,10926.711623130026,4:4:4:4:4:1:1:1:4,4:4:3:4:4:2:2:4:4,MUTATE
3:4:4:4:4:2:2:3:4:,clone,10732.057654945262,3:4:4:4:4:2:2:3:4
4:4:4:4:4:1:2:2:4:,recombination,10487.949478059745,4:4:4:4:4:1:2:2:4,3:3:4:4:4:1:2:3:3
3:3:4:4:4:2:3:4:3:,recombination,11235.669101476353,4:4:4:4:4:2:2:4:4,1:3:4:4:3:3:3:4:1,MUTATE
3:3:4:4:4:2:3:4:2:,clone,11620.757183786602,3:3:4:4:4:2:3:4:2
4:4:3:4:4:0:1:1:4:,recombination,11397.650393966685,3:4:4:4:4:2:3:4:3,4:4:3:4:4:1:0:1:4,MUTATE
4:4:4:4:4:1:2:4:4:,clone,10337.78648873247,4:4:4:4:4:1:2:3:4
2:3:4:4:3:3:3:4:2:,clone,11523.629667510115,2:3:4:4:3:3:3:4:2
1:2:4:2:1:4:4:4:1:,recombination,13005.33193580971,4:4:4:4:4:3:3:4:4,1:2:4:2:1:4:4:4:0,MUTATE
2:3:4:4:4:2:2:2:3:,clone,10590.78637136842,2:3:4:4:4:2:2:2:3
4:4:4:4:4:1:1:4:4:,clone,11471.03012951921,4:4:4:4:4:1:1:4:4
4:4:3:4:4:1:1:2:4:,clone,10557.838277539553,4:4:3:4:4:1:1:2:4
2:2:4:4:3:3:3:4:2:,clone,11807.672061514579,2:2:4:4:3:3:3:4:2
2:3:4:4:3:3:4:4:1:,recombination,13997.957811058632,4:4:2:4:4:1:2:2:4,2:3:4:4:3:3:3:3:2
1:2:4:4:4:3:3:3:1:,recombination,13233.509190159839,1:2:4:4:4:2:3:3:1,3:3:4:4:4:2:2:1:3
3:3:4:4:4:3:3:4:2:,recombination,11776.255008683442,2:3:4:4:3:3:3:4:2,3:3:4:4:4:3:3:4:3,MUTATE
2:3:4:4:4:3:3:4:1:,recombination,12531.021785623821,1:2:4:4:3:3:4:4:1,3:3:4:4:4:2:2:3:3
4:4:3:4:4:1:1:3:4:,clone,10926.711623130024,4:4:3:4:4:1:1:3:4
4:4:4:4:4:0:1:2:4:,clone,10294.527529241377,4:4:4:4:4:0:1:2:4
3:3:4:4:4:2:3:4:3:,clone,11229.618509376973,3:3:4:4:4:2:2:4:3
2:3:4:3:2:4:4:4:2:,recombination,13306.417977002595,3:3:4:4:4:1:2:4:3,2:2:4:3:2:4:4:4:1,MUTATE
3:3:4:4:4:1:2:2:3:,clone,9728.182771108495,3:3:4:4:4:1:2:2:3
1:2:4:3:2:4:4:4:1:,recombination,13474.739652018428,2:2:4:3:2:3:4:4:1,3:4:4:4:4:2:2:3:4
2:3:4:4:4:2:3:2:3:,clone,11187.220982479355,2:3:4:4:4:2:3:2:3
2:3:4:4:4:3:3:3:2:,clone,11947.928518611738,2:3:4:4:4:3:3:3:2
4:4:3:4:4:1:2:2:4:,clone,12216.99001666421,4:4:3:4:4:1:2:2:4
4:4:3:4:4:1:1:3:4:,clone,10828.141037220466,4:4:3:4:4:1:1:3:4
2:2:4:3:2:3:4:4:1:,clone,11949.547846091762,2:2:4:4:3:3:3:4:2
4:4:4:4:4:1:1:2:4:,clone,10214.921644391732,4:4:4:4:4:1:1:2:4
4:4:4:4:4:2:1:4:4:,clone,11766.305094473895,4:4:4:4:4:2:1:3:4
2:3:4:4:4:2:3:2:3:,clone,11186.930882226108,2:3:4:4:4:2:3:2:3
3:3:4:4:4:2:3:3:3:,clone,11169.16969485633,3:3:4:4:4:2:2:3:3
3:3:4:4:4:3:3:4:3:,clone,11342.124732993498,3:3:4:4:4:3:3:4:3
3:3:3:4:4:2:3:4:3:,recombination,12281.839420430924,3:3:3:4:4:2:2:4:3,3:3:4:4:4:3:3:4:3
4:4:3:4:4:1:1:3:4:,clone,10495.549122672928,4:4:3:4:4:1:1:2:4
1:2:4:3:2:3:4:4:1:,recombination,12736.162950088685,4:4:3:4:4:1:1:4:4,2:2:4:4:3:3:4:4:1,MUTATE
2:3:4:4:4:3:3:4:2:,recombination,11412.05201942048,3:3:4:4:4:3:3:4:2,4:4:4:4:4:2:2:4:4,MUTATE
1:2:4:4:4:2:3:3:1:,clone,11808.003209744775,2:2:4:4:4:2:3:3:2
4:4:4:4:4:1:2:4:4:,clone,10273.09137707256,4:4:4:4:4:1:2:4:4
2:3:4:4:4:3:3:3:2:,clone,11840.049925729625,2:3:4:4:4:3:3:3:2
3:3:4:4:4:3:3:4:2:,clone,11342.124732993498,3:3:4:4:4:3:3:4:2
3:3:4:4:4:2:3:4:2:,clone,11206.925197271356,3:3:4:4:4:3:3:4:2
4:4:3:4:4:1:2:3:4:,clone,10713.536467732818,4:4:3:4:4:1:1:3:4
4:4:3:4:4:1:2:3:4:,clone,10713.536467732816,4:4:3:4:4:1:2:3:4
3:3:4:4:4:3:3:4:2:,clone,11170.825970427231,3:3:4:4:4:3:3:4:2
2:2:4:4:4:3:3:4:2:,recombination,12671.556416861851,3:3:4:4:4:3:3:4:3,1:2:4:4:4:3:3:3:1
2:3:4:4:4:2:2:4:2:,recombination,10017.043712480036,4:4:4:4:4:1:2:4:4,2:3:4:4:3:3:3:4:2,MUTATE
1:2:4:2:1:4:4:4:0:,clone,12855.28103748291,1:2:4:2:1:4:4:4:0
3:3:4:4:4:2:3:4:2:,clone,10938.1048259086,3:3:4:4:4:2:3:4:2
4:4:4:4:4:1:1:2:4:,recombination,10059.646088850357,4:4:4:4:4:1:1:2:4,3:4:4:4:4:1:1:1:3,MUTATE
3:3:3:4:4:2:2:3:4:,clone,12902.464125822915,4:3:3:4:4:2:2:3:4
1:3:4:4:3:3:3:4:1:,recombination,11881.794344603304,1:2:4:4:3:3:3:4:1,3:4:4:4:4:2:2:3:4
3:4:4:4:4:1:1:3:4:,recombination,9676.047839170053,4:4:4:4:4:1:2:4:4,3:4:4:4:4:1:2:2:3,MUTATE
4:4:4:4:4:1:1:3:4:,recombination,10030.675360511661,4:4:4:4:4:1:2:4:4,4:4:3:4:4:0:0:0:4,MUTATE
2:3:4:4:3:4:3:4:2:,recombination,13249.079108891287,4:4:4:4:4:3:2:4:4,0:2:4:1:0:4:4:4:0
4:4:3:4:4:1:2:3:4:,clone,10700.181167288629,4:4:3:4:4:1:2:3:4
3:4:4:4:4:2:3:2:3:,recombination,12723.626153227266,3:4:4:4:4:2:2:2:4,2:3:4:4:4:2:2:2:2
1:2:4:4:4:3:3:3:1:,clone,11964.337944646279,1:3:4:4:3:3:3:4:1
4:4:4:4:4:1:1:3:4:,recombination,9923.356803702747,4:4:4:4:4:1:1:3:4,3:4:4:4:4:2:2:3:3
1:2:4:3:1:4:4:4:1:,recombination,13355.39799438773,1:2:4:3:1:4:4:4:1,2:3:4:4:4:3:3:4:2,MUTATE
1:2:4:3:2:3:4:4:1:,clone,12588.861519157232,1:2:4:3:2:3:4:4:1
2:2:4:4:4:3:3:4:2:,clone,12524.279232019864,2:2:4:4:4:3:3:3:2
1:2:4:4:3:3:4:4:1:,recombination,12161.876611060097,2:2:4:4:3:3:3:4:1,4:4:4:4:4:3:2:4:4
4:4:4:4:4:2:2:3:4:,recombination,10972.833940328912,3:4:4:4:4:1:2:2:4,4:4:4:4:4:1:1:3:4,MUTATE
3:4:4:4:4:1:2:3:4:,clone,10002.143634177683,3:4:4:4:4:1:2:3:4
4:4:3:4:4:1:2:4:4:,clone,11614.488457812899,4:4:3:4:4:1:1:4:4
3:3:4:4:4:2:3:4:3:,recombination,10963.81333321017,3:3:4:4:4:3:3:4:3,3:3:4:4:4:2:3:4:2,MUTATE
1:2:4:4:4:3:3:4:1:,clone,11820.140291252712,1:2:4:4:4:3:3:4:1
2:2:4:3:2:3:4:4:1:,clone,11807.672061514579,2:2:4:4:3:3:3:4:2
4:4:4:4:4:1:1:2:4:,recombination,10037.252230802043,4:4:4:4:4:2:3:4:3,4:4:4:4:4:1:1:2:4,MUTATE
2:3:4:4:4:2:3:4:2:,recombination,10214.019458861325,2:3:4:4:4:2:2:4:2,1:3:4:4:3:3:4:4:1
4:4:4:4:4:2:2:2:4:,recombination,11641.375505513928,3:3:4:4:4:1:1:1:3,3:3:4:4:4:2:2:3:3,MUTATE
2:3:4:4:3:4:4:4:2:,recombination,13552.686311301079,1:2:4:3:1:4:4:4:1,4:4:4:4:4:2:2:3:4,MUTATE
2:3:4:4:4:1:2:1:2:,recombination,10169.240968412489,3:4:4:4:4:2:2:3:4,2:3:4:4:4:1:2:1:2,MUTATE
2:3:4:4:4:2:3:3:2:,recombination,10532.213741582562,2:3:4:4:4:1:2:2:3,2:3:4:4:3:3:3:4:2
2:2:4:3:3:3:4:4:1:,recombination,12483.63392102479,2:3:4:4:3:3:3:4:2,3:4:4:4:4:2:3:3:3
2:3:4:4:3:4:4:4:2:,recombination,13457.107726829809,2:2:4:4:3:4:4:4:1,2:3:4:4:4:2:3:2:3
3:4:4:4:4:3:3:4:3:,recombination,11734.569873878929,1:2:4:2:1:4:4:4:0,3:4:4:4:4:3:3:4:3,MUTATE
2:2:4:4:3:3:3:4:1:,clone,11477.707549090024,2:2:4:4:3:3:3:4:1
0:2:4:1:0:4:4:4:0:,clone,13642.398412819111,0:2:4:1:0:4:4:4:0
2:2:4:3:2:3:4:4:1:,clone,11695.286844068507,2:2:4:3:2:3:4:4:1
3:3:3:4:4:2:2:3:4:,recombination,11463.761220428412,4:4:3:4:4:1:2:3:4,2:3:4:4:3:4:4:4:2
4:4:4:4:4:0:0:0:4:,recombination,10978.618316968246,3:4:4:4:4:1:2:2:3,4:4:3:4:4:0:0:0:4,MUTATE
4:4:4:4:4:3:2:4:4:,clone,12181.689031517055,4:4:4:4:4:3:2:4:4
4:4:4:4:4:1:1:2:4:,clone,9928.780221248853,4:4:4:4:4:1:1:2:4
2:3:4:4:4:3:3:4:1:,clone,11937.282223670216,1:2:4:4:4:3:3:4:1
2:2:4:4:3:3:3:4:1:,recombination,11296.771533595185,2:3:4:4:4:3:3:4:2,3:4:4:4:4:1:1:2:4,MUTATE
1:2:4:3:2:3:4:4:1:,clone,11695.286844068507,2:2:4:3:2:3:4:4:1
2:3:4:3:2:4:4:4:1:,recombination,13261.536183576323,2:2:4:3:2:4:4:4:1,4:4:3:4:4:3:2:4:4,MUTATE
1:2:4:4:4:2:3:3:1:,clone,11437.434517228976,1:2:4:4:4:2:3:3:1
2:2:4:4:4:2:3:4:2:,recombination,10636.446226006108,3:4:4:4:4:1:2:2:4,2:3:4:4:4:2:3:4:2,MUTATE
4:4:4:4:4:2:1:2:4:,clone,11205.026373545905,4:4:4:4:4:2:1:2:4
2:3:4:4:4:2:3:3:2:,clone,10436.221535676226,2:3:4:4:4:2:3:3:2
2:3:4:4:3:3:3:4:2:,clone,11389.89223282648,2:2:4:4:3:3:3:4:1
2:2:4:4:4:2:3:3:2:,clone,11468.621636382903,1:2:4:4:4:2:3:3:1
3:4:4:4:4:2:2:2:3:,clone,10918.637120745048,3:3:4:4:4:2:2:2:3
2:3:4:4:3:3:4:3:2:,recombination,13679.923565275245,1:2:4:4:4:3:3:4:1,2:3:4:4:3:3:3:3:2
4:4:4:4:4:3:2:4:4:,recombination,11924.930602582706,4:4:3:4:4:2:2:3:4,3:4:4:4:4:3:3:4:3
1:2:4:4:3:3:3:4:1:,clone,11937.282223670216,1:2:4:4:3:3:3:4:1
1:2:4:4:3:3:3:3:1:,clone,13514.093100923175,1:2:4:4:4:3:3:3:1
4:4:4:4:4:0:0:0:4:,clone,10918.805578587295,4:4:4:4:4:0:0:0:4
2:2:4:3:2:4:4:4:1:,recombination,12977.828645741914,3:4:4:4:4:1:1:2:4,1:2:4:3:1:4:4:4:1
4:4:4:4:4:0:0:0:4:,clone,10777.98884348439,4:4:4:4:4:0:0:0:4
1:2:4:4:2:3:4:4:1:,recombination,13276.889290794086,2:3:4:4:3:4:4:4:2,1:2:4:4:3:3:3:4:1,MUTATE
4:4:4:4:4:0:0:1:4:,recombination,10747.68871325399,4:4:4:4:4:0:0:0:4,4:4:4:4:4:2:2:4:4,MUTATE
2:3:4:4:4:3:3:4:2:,recombination,11404.053428693544,2:3:4:4:3:3:3:4:2,2:3:4:4:3:4:4:4:2
1:2:4:3:2:3:4:4:1:,clone,11393.440020952943,1:2:4:3:2:3:4:4:1
1:2:4:4:3:3:4:4:1:,clone,12026.99340654329,1:2:4:4:3:3:4:4:1
2:2:4:3:2:3:4:4:1:,recombination,11592.56448036687,3:3:3:4:4:2:2:4:3,1:2:4:3:2:3:4:4:1,MUTATE
1:2:4:2:0:4:4:4:0:,recombination,12767.960214595209,2:2:4:4:3:3:4:4:2,2:2:4:3:2:3:4:4:1,MUTATE
2:2:4:4:3:3:3:4:2:,clone,11530.112657772306,2:2:4:4:3:3:3:4:2
1:2:4:4:3:3:3:4:1:,clone,11740.218311656938,2:2:4:4:4:3:3:4:1
2:3:4:4:3:4:4:4:1:,clone,13587.760312503096,2:2:4:4:3:4:4:4:1
1:3:4:4:4:3:3:3:1:,recombination,11832.820288454192,1:3:4:4:4:2:3:3:1,1:2:4:4:4:2:3:3:1,MUTATE
2:2:4:4:4:2:3:4:1:,recombination,10390.120774995572,4:4:4:4:4:1:2:4:4,1:2:4:4:4:3:3:3:1
1:2:4:3:2:4:4:4:1:,recombination,12471.303835598206,4:4:3:4:4:1:1:3:4,1:2:4:3:1:4:4:4:1
4:3:4:4:4:3:3:4:3:,recombination,12364.94976861613,4:4:4:4:4:1:2:2:4,3:3:4:4:4:3:3:4:3,MUTATE
2:2:4:3:2:4:4:4:1:,recombination,12644.707600452406,2:2:4:4:3:3:3:4:1,3:3:4:4:4:2:3:4:2,MUTATE
1:2:4:2:1:4:4:4:1:,recombination,12996.857550382403,1:2:4:4:3:3:4:4:1,4:4:3:4:4:1:1:3:4
3:4:4:4:4:2:3:3:3:,recombination,12090.15243872824,4:4:4:4:4:0:0:1:4,2:3:4:4:4:2:3:3:2
1:2:4:2:1:4:4:4:0:,clone,12784.54639146739,1:2:4:2:1:4:4:4:0
4:3:3:4:4:2:2:3:4:,recombination,12552.417630559243,4:4:3:4:4:1:2:2:4,1:2:4:3:2:3:4:4:1
3:3:4:4:4:3:3:3:3:,recombination,13025.129938954095,4:4:4:4:4:2:2:2:4,2:3:4:4:3:3:4:4:1
0:2:4:1:0:4:4:4:0:,clone,13450.878038062358,0:2:4:1:0:4:4:4:0
2:3:4:4:4:1:3:3:2:,recombination,10746.120227575282,1:2:4:3:2:3:4:4:1,2:3:4:4:4:1:2:1:2,MUTATE
2:3:4:3:2:3:4:4:1:,clone,12069.46840204526,1:2:4:3:2:3:4:4:1
1:3:4:3:3:3:3:4:1:,recombination,11716.91260021582,2:3:4:4:4:2:3:4:2,2:3:4:4:4:2:3:3:2,MUTATE
3:3:4:4:4:3:2:4:3:,recombination,12349.736393344634,4:4:3:4:4:3:2:4:4,2:3:4:4:4:2:2:2:3,MUTATE
2:2:4:3:2:4:4:4:1:,clone,12587.963435236523,2:2:4:3:2:4:4:4:1
1:2:4:2:1:4:4:4:1:,clone,12891.12009251163,1:2:4:2:1:4:4:4:1
2:2:4:4:2:3:4:4:1:,clone,13551.87656322683,1:2:4:4:2:3:4:4:1
3:3:4:4:4:3:2:4:3:,recombination,12188.896326792134,3:3:4:4:4:3:2:4:3,2:3:4:4:4:1:2:2:3,MUTATE
1:2:4:3:1:4:4:4:1:,clone,12596.535702540219,1:2:4:3:2:4:4:4:1
2:3:4:4:3:3:3:3:2:,clone,13724.18653060818,2:3:4:4:3:3:4:3:2
2:3:4:4:3:2:3:4:2:,recombination,12218.19861793638,2:2:4:4:3:3:3:4:2,4:4:4:4:4:1:1:2:4,MUTATE
3:3:4:4:4:3:2:4:3:,clone,12057.196403194446,3:3:4:4:4:3:2:4:3
0:2:4:2:0:4:4:4:0:,clone,13126.867668356224,0:2:4:2:0:4:4:4:0
2:2:4:4:4:1:2:2:2:,clone,11615.03619740521,2:2:4:4:4:1:3:2:2
4:4:4:4:4:0:1:1:4:,recombination,11236.533883659775,4:4:4:4:4:0:0:1:4,4:4:4:4:4:2:3:4:4
3:4:4:4:4:2:2:2:4:,clone,11972.143508347672,3:4:4:4:4:2:2:3:4
2:3:4:4:3:3:4:4:1:,clone,13722.571152024317,2:3:4:4:3:3:4:4:1
3:3:4:4:4:3:2:4:3:,clone,11742.058554755578,3:3:4:4:4:3:2:4:3
2:3:4:4:3:3:3:4:1:,recombination,11231.095607403091,2:3:4:4:4:2:2:3:2,2:3:4:4:4:2:3:3:2,MUTATE
2:3:4:3:2:3:4:4:2:,clone,12853.074414596258,2:3:4:3:2:4:4:4:2
1:2:4:2:1:4:4:4:0:,recombination,12706.666810152778,0:2:4:2:0:4:4:4:0,4:4:4:4:4:2:2:4:4,MUTATE
0:2:4:2:0:4:4:4:0:,recombination,13106.208605205467,1:2:4:2:1:4:4:4:0,1:2:4:3:2:3:4:4:1
2:3:4:4:3:3:3:3:2:,clone,13448.799871573865,2:3:4:4:3:3:3:3:2
2:3:4:4:3:3:4:4:2:,clone,12544.042173326512,2:2:4:3:2:3:4:4:1
2:3:4:4:2:3:4:4:1:,recombination,13094.07441720802,3:3:4:4:4:2:2:4:3,3:3:4:4:4:3:3:4:3,MUTATE
4:4:3:4:4:0:1:2:4:,recombination,11376.643355974937,4:4:2:4:4:0:0:0:4,3:4:4:4:4:2:2:3:3
2:3:4:4:3:3:4:4:1:,recombination,12590.241350954895,1:2:4:3:2:3:4:4:1,3:3:4:4:4:2:3:4:2,MUTATE
1:3:4:3:2:3:4:4:1:,recombination,12816.808568345727,2:3:4:4:4:2:2:2:2,3:3:4:4:4:3:2:4:3
1:2:4:4:3:3:3:4:1:,clone,11486.441372148332,1:2:4:4:3:3:3:4:1
2:3:4:4:2:3:4:4:1:,clone,12995.055274149208,2:3:4:4:2:3:4:4:1
2:2:4:4:3:3:4:4:1:,recombination,12586.959557027147,4:4:4:4:4:1:2:3:4,2:3:4:4:4:2:3:3:2,MUTATE
2:2:4:4:3:3:4:4:1:,recombination,12491.037749097435,2:3:4:4:3:3:3:4:2,2:2:4:4:3:3:3:4:1
1:2:4:3:1:4:4:4:1:,clone,12569.29983631324,1:2:4:3:1:4:4:4:1
1:2:4:2:1:4:4:4:0:,recombination,12229.319300568119,2:2:4:3:2:4:4:4:1,3:3:4:4:4:2:2:4:3
4:4:4:4:4:0:1:1:4:,clone,11078.748021450767,4:4:4:4:4:0:1:1:4
2:3:4:4:3:4:4:4:1:,recombination,13114.872020482146,1:3:4:3:3:3:3:4:1,3:4:4:4:4:2:2:4:3,MUTATE
1:3:4:4:4:3:3:4:1:,recombination,13450.911031875514,1:2:4:4:2:3:4:4:1,1:3:4:4:4:3:3:4:1,MUTATE
2:3:4:4:3:3:4:4:1:,clone,12580.911995688926,2:3:4:4:3:3:4:4:1
2:2:4:4:3:4:4:4:1:,recombination,13218.175956462312,3:3:4:4:4:2:3:4:3,2:3:4:4:4:3:3:4:2,MUTATE
2:3:4:4:4:1:2:3:2:,clone,9740.760674657202,2:3:4:4:4:2:2:3:2
2:3:4:4:3:4:4:4:2:,clone,13430.251993877926,2:3:4:4:3:4:3:4:2
4:4:3:4:4:0:0:1:4:,clone,10982.062056274064,4:4:3:4:4:0:0:0:4
4:4:4:4:4:0:0:1:4:,recombination,10522.230232495596,4:4:4:4:4:0:0:1:4,3:4:4:4:4:2:2:2:4,MUTATE
1:2:4:2:1:4:4:4:1:,clone,12476.908451103072,1:2:4:2:1:4:4:4:1
2:3:4:4:4:1:2:3:2:,clone,9622.85208935526,2:3:4:4:4:1:2:3:2
1:2:4:2:1:4:4:4:1:,recombination,12297.710739906432,4:4:3:4:4:1:2:3:4,2:3:4:3:2:4:4:4:1
1:3:4:3:2:4:4:4:1:,recombination,13347.056932418007,3:3:4:4:4:2:3:4:3,3:4:4:4:4:2:3:3:4,MUTATE
4:4:2:4:4:0:0:1:4:,recombination,11628.990967914016,4:4:2:4:4:0:0:0:4,2:2:4:4:4:1:2:2:2,MUTATE
1:2:4:1:0:4:4:4:0:,recombination,12784.085058171902,1:2:4:2:1:4:4:4:0,0:2:4:1:0:4:4:4:0,MUTATE
2:2:4:4:4:3:3:3:2:,clone,12521.844275811587,2:3:4:4:4:3:3:3:2
2:3:4:4:3:3:3:3:2:,clone,13262.160407834666,2:3:4:4:3:3:3:3:2
2:3:4:3:2:4:4:4:1:,recombination,13010.797906717171,1:2:4:2:1:4:4:4:0,4:4:4:4:4:3:2:4:4
4:4:4:4:4:0:1:1:4:,recombination,10823.387588595626,4:4:3:4:4:0:0:1:4,2:3:4:4:3:3:4:3:2
2:3:4:4:3:3:4:4:1:,clone,12335.471080792826,2:3:4:4:3:3:3:4:1
1:3:4:3:2:3:4:4:1:,recombination,12307.607879926576,1:2:4:2:1:4:4:4:0,2:3:4:4:4:2:3:2:2,MUTATE
2:3:4:4:2:4:4:4:2:,recombination,13645.872628474723,3:3:4:4:4:3:3:4:2,2:3:4:3:2:4:4:4:2
1:2:4:4:3:4:4:4:1:,recombination,13447.805530848327,4:4:3:4:4:1:1:2:4,1:2:4:4:3:3:4:4:1,MUTATE
2:3:4:4:2:4:4:4:1:,clone,13759.532400877084,2:3:4:4:3:3:4:4:1
1:2:4:3:1:4:4:4:1:,clone,12532.949040822235,1:2:4:3:1:4:4:4:1
4:4:2:4:4:0:0:1:4:,clone,11521.444509838322,4:4:2:4:4:0:0:1:4
3:3:4:4:4:3:3:3:3:,clone,12942.456842719297,3:3:4:4:4:3:3:3:3
2:3:4:3:2:4:4:4:1:,recombination,12971.675681963114,2:2:4:4:3:3:4:4:1,2:3:4:4:3:3:3:4:2,MUTATE
1:2:4:3:2:4:4:4:1:,clone,12446.503314809903,1:2:4:3:2:4:4:4:1
4:4:3:4:4:2:2:2:4:,recombination,12640.181246012738,4:4:2:4:4:1:2:2:4,4:4:3:4:4:0:1:3:4
2:2:4:4:3:4:4:4:1:,clone,12842.706434651169,2:2:4:4:3:3:4:4:1
2:3:4:4:2:4:4:4:1:,clone,13057.857520563559,2:3:4:4:2:4:4:4:1
2:3:4:4:3:4:4:4:2:,recombination,12827.45589810509,4:4:4:4:4:1:2:2:4,3:4:4:4:4:1:1:1:4
3:3:4:4:4:1:2:4:3:,recombination,11446.837618203786,3:4:4:4:4:0:1:1:4,3:3:4:4:4:1:1:1:3,MUTATE
1:2:4:2:1:3:4:4:1:,clone,12352.943667873435,1:2:4:3:2:3:4:4:1
1:2:4:3:1:3:4:4:1:,clone,12411.105260358143,1:2:4:3:1:3:4:4:1
4:4:4:4:4:1:1:1:4:,clone,9957.344082995594,4:4:4:4:4:1:1:1:4
2:2:4:4:2:4:4:4:1:,recombination,14262.197127213305,3:3:4:4:4:3:3:4:3,2:2:4:4:2:3:4:4:1
2:2:4:4:4:3:3:4:1:,recombination,12513.363938222936,2:2:4:4:4:3:3:3:2,4:4:4:4:4:1:2:3:4,MUTATE
2:3:4:4:3:4:4:4:1:,recombination,13094.751203995691,2:3:4:3:2:4:4:4:1,2:3:4:4:4:3:3:4:2,MUTATE
4:4:4:4:4:0:1:1:4:,clone,10693.733222944871,4:4:4:4:4:0:1:1:4
0:1:4:1:0:4:4:4:0:,clone,13672.550757089024,2:3:4:4:3:3:3:4:2
1:3:4:3:2:4:4:4:1:,recombination,13222.499354478763,2:3:4:4:4:3:3:3:2,1:2:4:1:0:4:4:4:0,MUTATE
4:4:4:4:4:0:1:1:4:,clone,10375.724189666193,4:4:4:4:4:0:1:1:4
4:4:3:4:4:0:1:1:4:,clone,10965.699870478677,4:4:3:4:4:0:0:1:4
2:2:4:4:3:4:3:4:2:,clone,13210.60718505688,2:3:4:4:3:3:3:4:2
4:4:4:4:4:1:1:1:4:,clone,9780.232906978774,4:4:4:4:4:1:1:1:4
0:1:4:1:0:4:4:4:0:,clone,13523.957381223894,0:1:4:1:0:4:4:4:0
3:3:4:4:4:2:3:2:3:,recombination,11883.270207644968,2:3:4:4:4:2:2:2:3,3:3:4:4:4:2:3:2:3,MUTATE
2:2:4:4:2:4:4:4:1:,recombination,13891.858654545766,2:3:4:4:2:3:4:4:1,3:4:4:4:4:1:2:3:3,MUTATE
4:4:4:4:4:3:3:4:3:,recombination,13155.09929898415,2:2:4:4:3:3:4:4:1,4:4:2:4:4:2:1:4:4
2:2:4:4:3:4:4:4:1:,recombination,12626.53363239119,3:3:4:4:4:3:3:4:3,2:2:4:3:2:4:4:4:1,MUTATE
0:1:4:1:0:4:4:4:0:,clone,13523.471902219177,0:1:4:1:0:4:4:4:0
1:2:4:3:2:4:4:4:1:,clone,12267.305603613262,1:2:4:3:2:4:4:4:1
2:2:4:4:2:4:4:4:1:,recombination,13087.018987496815,4:4:4:4:4:3:3:4:4,2:3:4:4:2:4:4:4:1,MUTATE
2:3:4:4:3:4:3:4:1:,recombination,12818.921675270723,2:2:4:4:3:3:3:4:1,3:3:4:4:4:2:2:3:3
4:4:4:4:4:1:1:4:4:,clone,11205.677143596124,4:4:4:4:4:1:2:4:4
1:2:4:3:1:4:4:4:0:,recombination,14792.449629475697,1:3:4:4:4:3:3:4:1,1:2:4:4:4:3:3:4:1
2:2:4:4:2:3:4:4:1:,recombination,12879.332144285316,1:3:4:4:3:3:3:4:1,1:3:4:3:2:3:4:4:1,MUTATE
3:3:4:4:4:2:3:2:3:,recombination,11838.248760709455,4:4:4:4:4:1:1:1:4,3:3:4:4:4:2:3:2:3
1:2:4:3:2:3:4:4:0:,recombination,12759.286095756921,3:3:4:4:4:1:2:3:3,1:3:4:4:4:3:3:4:1,MUTATE
2:2:4:4:4:2:3:4:2:,recombination,10523.732862204848,1:3:4:4:4:3:3:3:1,2:3:4:4:4:1:2:2:2,MUTATE
1:2:4:4:2:4:4:4:1:,recombination,13667.603824781405,4:4:4:4:4:2:2:4:4,1:3:4:4:3:3:3:4:1
1:2:4:4:3:4:4:4:1:,clone,12965.915235828625,2:2:4:4:3:3:4:4:1
0:2:4:1:0:4:4:4:0:,recombination,13446.479938547576,2:2:4:4:3:4:4:4:1,0:2:4:1:0:4:4:4:0,MUTATE
1:2:4:3:2:4:4:4:1:,clone,12148.454318045951,1:2:4:3:2:4:4:4:1
2:2:4:4:3:4:4:4:1:,clone,12520.796174520417,2:2:4:4:3:4:4:4:1
2:2:4:4:4:3:3:4:1:,recombination,11804.677695447035,3:4:4:4:4:1:2:4:3,2:3:4:4:3:4:4:4:2,MUTATE
1:2:4:4:3:4:4:4:1:,recombination,12847.434472373647,1:2:4:4:3:4:4:4:1,3:3:4:4:4:1:2:3:3
2:2:4:3:2:4:4:4:1:,clone,12520.796174520417,1:2:4:3:2:4:4:4:1
2:3:4:3:2:4:4:4:2:,recombination,12691.528508245754,4:4:4:4:4:3:2:4:4,2:2:4:3:2:4:4:4:1
3:4:4:4:4:0:1:1:3:,clone,9156.0200641105,3:4:4:4:4:0:1:1:3
2:2:4:4:4:2:2:3:2:,clone,10135.271541673015,2:2:4:4:4:2:3:3:2
2:2:4:4:3:3:4:4:1:,clone,12343.404420123907,2:2:4:4:3:3:4:4:1
1:2:4:3:2:4:4:4:0:,recombination,13276.352503572532,2:3:4:4:4:2:2:2:2,3:3:4:4:4:3:3:3:3
2:2:4:4:4:2:3:3:2:,clone,11068.79003231816,2:2:4:4:4:2:3:3:2
2:3:4:4:3:4:4:4:2:,recombination,12719.859757135524,4:4:3:4:4:1:2:2:4,1:2:4:3:2:4:4:4:1
2:2:4:4:3:3:4:4:1:,clone,12343.404420123905,2:2:4:4:3:3:4:4:1
1:2:4:3:1:4:4:4:1:,recombination,12244.294381166954,1:2:4:4:3:3:4:4:1,3:3:4:4:4:2:3:4:3,MUTATE
1:3:4:3:2:4:4:4:1:,clone,13197.85837631093,1:3:4:3:2:4:4:4:1
2:3:4:4:3:4:4:4:1:,clone,12493.761602223487,2:3:4:4:4:3:3:4:2
3:4:4:4:4:0:1:1:3:,recombination,9145.896441401948,3:4:4:4:4:3:2:4:3,3:4:4:4:4:0:1:1:3,MUTATE
2:2:4:4:3:3:4:4:1:,clone,12220.753065525629,2:2:4:4:3:3:4:4:1
0:2:4:1:0:4:4:4:0:,clone,13351.926242698331,0:2:4:1:0:4:4:4:0
2:2:4:4:3:4:4:4:1:,clone,12471.574950140728,2:2:4:4:3:4:4:4:1
1:3:4:3:2:4:4:4:1:,recombination,13047.750917148926,1:3:4:3:2:4:4:4:1,4:4:4:4:4:1:2:3:4,MUTATE
1:2:4:3:1:4:4:4:0:,recombination,13711.119370867224,4:4:3:4:4:1:2:3:4,3:3:4:4:4:3:3:4:3,MUTATE
1:2:4:4:2:4:4:4:1:,recombination,13279.395934763927,2:3:4:4:3:4:4:4:1,2:3:4:4:4:2:2:2:3
1:2:4:4:4:2:3:4:1:,recombination,12338.048184770556,2:2:4:4:4:2:2:3:2,1:3:4:3:2:4:4:4:1
1:2:4:3:2:3:4:4:0:,recombination,12332.179451029164,2:2:4:4:4:2:3:3:2,3:3:4:4:4:2:2:4:3
1:2:4:4:4:3:3:4:1:,recombination,11481.10003797144,2:3:4:4:4:1:2:3:2,2:2:4:4:3:4:4:4:1,MUTATE
2:2:4:4:2:4:4:4:1:,clone,13047.28317035082,2:2:4:4:2:4:4:4:1
1:2:4:2:1:4:4:4:0:,clone,12194.928224030387,1:2:4:2:1:4:4:4:0
2:2:4:4:3:4:4:4:2:,recombination,13444.485434582604,2:3:4:4:3:2:3:4:2,2:3:4:4:3:4:4:4:2
1:3:4:4:2:3:4:4:1:,clone,13165.207975587975,1:3:4:3:2:3:4:4:1
3:3:4:4:4:3:2:4:3:,recombination,11685.56575281304,4:4:3:4:4:3:2:4:4,2:3:4:4:4:1:2:2:2
1:2:4:3:2:4:4:4:0:,clone,13119.033359885652,1:2:4:3:1:4:4:4:0
0:2:4:2:1:4:4:4:0:,recombination,14031.637818692787,2:3:4:4:4:2:3:3:2,3:3:4:4:4:3:3:3:3,MUTATE
2:3:4:4:3:4:3:4:2:,recombination,13179.1428237409,4:4:4:4:4:1:2:4:4,3:4:4:4:4:3:2:4:3
2:3:4:4:3:4:3:4:2:,recombination,12894.543763239866,3:3:4:4:4:3:2:4:3,4:4:4:4:4:2:2:4:4,MUTATE
2:3:4:4:4:3:3:4:2:,recombination,11108.885332206995,3:4:4:4:4:0:1:1:3,3:4:4:4:4:1:1:2:3
2:3:4:4:4:3:3:4:2:,clone,11098.727135956251,2:3:4:4:4:3:3:4:2
2:3:4:4:4:2:3:3:2:,recombination,10426.097496536675,2:2:4:4:4:2:2:3:2,4:4:3:4:4:0:1:2:4,MUTATE
2:3:4:4:4:3:3:4:2:,clone,10792.452594582119,2:3:4:4:4:3:3:4:2
1:2:4:3:1:4:4:4:0:,recombination,13543.90823984736,1:2:4:3:1:4:4:4:0,3:3:4:4:4:2:3:4:2,MUTATE
1:2:4:3:2:4:4:4:1:,recombination,11653.72247334259,1:2:4:2:1:4:4:4:0,2:2:4:3:2:4:4:4:1
4:4:4:4:4:3:3:4:3:,recombination,12532.925043928431,4:4:3:4:4:3:2:4:4,4:4:3:4:4:1:2:4:4
1:2:4:2:0:4:4:4:0:,recombination,11902.51960329914,2:3:4:4:4:3:3:4:2,0:2:4:1:0:4:4:4:0,MUTATE
1:2:4:2:1:4:4:4:0:,recombination,12164.775861439974,2:3:4:4:4:2:2:2:3,1:2:4:3:1:4:4:4:1
2:3:4:4:4:2:3:4:1:,recombination,11956.75528955096,1:2:4:4:4:2:3:4:1,4:4:4:4:4:3:3:4:4,MUTATE
1:2:4:3:1:4:4:4:0:,recombination,13390.436776907505,2:3:4:4:4:2:3:3:2,4:4:4:4:4:2:2:4:4
1:2:4:4:2:3:4:4:1:,clone,13093.303460574116,2:3:4:4:3:3:4:4:1
3:4:4:4:4:1:1:1:3:,recombination,9685.295714627553,4:4:4:4:4:2:3:3:4,3:4:4:4:4:0:1:1:3,MUTATE
3:4:4:4:4:1:1:1:4:,clone,9820.533770115973,3:4:4:4:4:0:1:1:4
1:2:4:4:2:3:4:4:1:,clone,13093.303460574114,1:2:4:4:2:3:4:4:1
1:2:4:2:1:4:4:4:1:,clone,11879.11269291433,1:2:4:2:1:4:4:4:1
2:3:4:3:2:4:4:4:1:,clone,12329.052877084643,2:3:4:3:2:3:4:4:1
2:3:4:4:3:3:3:3:2:,clone,12435.527581140514,2:3:4:4:4:3:3:4:2
1:2:4:2:1:3:4:4:0:,recombination,11919.936768880232,1:2:4:2:0:4:4:4:0,1:2:4:3:1:3:4:4:1
3:3:4:4:4:1:3:3:3:,recombination,11420.941952863912,4:4:4:4:4:2:3:4:4,2:3:4:4:4:1:2:1:2,MUTATE
1:2:4:4:4:2:3:4:1:,clone,12033.079859252422,2:2:4:4:4:2:3:4:2
4:4:4:4:4:0:1:1:4:,recombination,9909.967026766368,3:4:4:4:4:2:2:2:4,3:4:4:4:4:1:1:1:4,MUTATE
1:2:4:3:1:3:4:4:0:,recombination,12553.268183334785,2:3:4:4:4:1:2:2:2,0:2:4:1:0:4:4:4:0,MUTATE
0:1:4:2:0:4:4:4:0:,recombination,14154.537403681321,4:4:3:4:4:1:1:3:4,3:3:4:4:4:1:2:3:3
1:2:4:3:3:3:4:4:1:,recombination,11952.91199826523,2:3:4:4:4:1:2:2:2,2:3:4:4:3:3:4:4:1,MUTATE
2:2:4:4:4:3:3:4:2:,clone,11924.664185625483,2:2:4:4:4:3:3:4:2
1:2:4:3:2:3:4:4:0:,clone,12298.845704324956,1:2:4:3:1:3:4:4:0
1:3:4:3:2:4:4:4:1:,clone,12537.305976020907,1:2:4:3:2:4:4:4:1
1:3:4:3:2:4:4:4:1:,clone,12338.806817519227,1:3:4:3:2:4:4:4:1
3:3:4:4:3:3:3:4:2:,recombination,14359.891010209,4:4:4:4:4:2:3:3:4,2:2:4:4:2:3:4:4:1,MUTATE
0:2:4:1:0:4:4:4:0:,clone,13285.320251506935,0:2:4:1:0:4:4:4:0
1:3:4:2:1:4:4:4:1:,recombination,14693.135218703232,2:3:4:4:3:3:4:4:1,4:4:3:4:4:1:1:2:4
1:2:4:1:0:4:4:4:0:,clone,12405.142274148415,1:2:4:1:0:4:4:4:0
1:2:4:3:1:4:4:4:0:,recombination,12973.465831241156,3:4:4:4:4:2:3:3:3,2:2:4:4:3:3:3:4:1,MUTATE
1:3:4:2:1:4:4:4:1:,clone,14560.607937966728,1:2:4:2:1:4:4:4:1
1:2:4:3:1:4:4:4:1:,clone,12121.408310338078,1:2:4:3:1:4:4:4:1
1:3:4:4:2:4:4:4:1:,recombination,13535.86897533435,2:3:4:4:4:2:2:2:2,4:4:3:4:4:2:2:3:4
3:3:3:4:4:2:2:3:3:,recombination,11827.58981779238,3:3:3:4:4:2:2:3:3,3:4:4:4:4:2:3:4:3,MUTATE
2:2:4:4:4:3:3:4:2:,clone,11813.796854833734,2:2:4:4:4:3:3:4:2
4:4:3:4:4:0:0:0:4:,recombination,10121.721716067997,2:2:4:4:4:3:3:4:2,1:2:4:3:2:3:4:4:1,MUTATE
0:1:4:1:0:4:4:4:0:,clone,13425.949022063729,0:2:4:1:0:4:4:4:0
4:4:4:4:4:0:0:1:4:,clone,9656.216649154034,4:4:4:4:4:0:0:1:4
4:4:4:4:4:0:1:1:4:,clone,9656.216649154034,4:4:4:4:4:0:0:1:4
2:2:4:4:4:3:3:4:2:,recombination,11642.996994478293,4:4:4:4:4:1:2:3:4,3:3:4:4:4:2:3:3:3,MUTATE
1:2:4:4:2:3:4:4:1:,clone,12854.27413806168,1:2:4:3:2:3:4:4:1
1:3:4:2:1:4:4:4:1:,recombination,14529.630794778439,2:3:4:3:2:4:4:4:1,2:3:4:4:4:3:3:3:2
2:2:4:3:1:4:4:4:1:,recombination,13487.763716773274,2:3:4:4:2:4:4:4:2,2:2:4:4:3:4:4:4:1
2:3:4:4:3:4:3:4:2:,clone,12827.674747510851,2:3:4:4:3:4:3:4:2
4:4:4:4:4:0:1:2:4:,recombination,10281.271816864666,4:4:4:4:4:0:1:1:4,3:3:4:4:4:2:2:2:3,MUTATE
0:2:4:1:0:4:4:4:0:,recombination,13153.281746361266,3:3:4:4:4:3:3:3:3,4:4:4:4:4:2:2:4:4,MUTATE
0:1:4:1:0:4:4:4:0:,clone,13425.949022063727,0:1:4:1:0:4:4:4:0
2:3:4:4:3:4:3:4:2:,recombination,12780.101147447702,3:4:4:4:4:1:2:3:4,1:3:4:3:2:4:4:4:1,MUTATE
1:2:4:3:1:4:4:4:0:,clone,12666.719586081415,1:2:4:2:1:4:4:4:0
2:2:4:3:1:4:4:4:1:,clone,13330.51174824211,2:2:4:3:1:4:4:4:1
2:3:4:3:2:3:4:4:2:,clone,12782.124962550515,2:3:4:3:2:4:4:4:2
1:3:4:3:1:4:4:4:1:,clone,14246.999743547387,1:3:4:3:1:4:4:4:1
2:3:4:4:2:3:4:4:2:,recombination,14087.033394029928,4:4:4:4:4:2:2:3:4,3:3:4:4:3:3:3:4:2
1:2:4:4:2:3:4:4:1:,clone,12815.18686935443,1:2:4:4:2:3:4:4:1
1:3:4:3:1:4:4:4:1:,clone,14205.234794329477,1:3:4:3:1:4:4:4:1
0:2:4:1:0:4:4:4:0:,recombination,13018.041192058905,3:4:4:4:4:2:3:3:3,0:1:4:1:0:4:4:4:0
2:3:4:4:2:3:4:4:1:,recombination,12970.275970201317,3:3:4:4:4:2:3:2:3,2:2:4:3:2:4:4:4:1
2:3:4:4:2:3:4:4:1:,recombination,12967.64830354416,3:3:4:4:4:2:3:3:3,2:3:4:4:2:3:4:4:1
2:2:4:3:2:4:4:4:1:,clone,12381.594073112332,2:2:4:3:2:4:4:4:1
2:3:4:4:3:3:4:4:2:,clone,12321.58578401617,2:3:4:4:3:3:4:4:2
1:3:4:4:2:3:4:4:1:,recombination,13097.72413756129,2:2:4:4:4:2:3:2:2,1:3:4:3:2:4:4:4:1,MUTATE
2:3:4:3:2:3:4:4:1:,clone,12009.09733683226,2:2:4:3:2:3:4:4:1
2:3:4:4:3:3:4:4:2:,clone,12208.372744360911,2:3:4:4:3:3:4:4:2
0:2:4:1:0:4:4:4:0:,recombination,12822.841444171785,2:2:4:4:4:3:3:4:2,1:2:4:3:2:4:4:4:1,MUTATE
2:2:4:2:1:4:4:4:1:,clone,13441.762107180253,2:2:4:2:1:4:4:4:1
2:3:4:3:3:3:4:4:1:,clone,12254.139893212021,2:3:4:3:3:3:4:4:1
1:3:4:4:2:3:4:4:1:,recombination,12950.16494371345,2:3:4:4:3:3:4:4:1,2:3:4:4:4:2:2:2:2
1:3:4:4:2:4:4:4:1:,recombination,13209.802933843139,2:3:4:3:2:4:4:4:2,4:4:3:4:4:1:1:2:4
2:2:4:2:1:4:4:4:1:,clone,13441.762107180251,2:2:4:2:1:4:4:4:1
2:3:4:3:2:4:4:4:1:,clone,12208.372744360913,2:3:4:3:2:4:4:4:1
2:3:4:3:2:4:4:4:1:,clone,12086.067759340476,2:3:4:3:2:4:4:4:1
1:2:4:2:1:4:4:4:0:,clone,12130.840544918974,1:2:4:3:2:4:4:4:1
1:3:4:3:2:4:4:4:1:,clone,12086.067759340476,1:3:4:3:2:4:4:4:1
1:3:4:4:2:4:4:4:1:,recombination,13209.802933843137,2:2:4:4:4:2:3:3:2,1:3:4:4:2:4:4:4:1
2:2:4:4:3:4:4:4:2:,recombination,13394.973529854375,4:4:3:4:4:1:2:3:4,2:3:4:4:4:3:3:3:2
0:1:4:1:0:4:4:4:0:,clone,13326.34439118895,0:1:4:1:0:4:4:4:0
0:1:4:1:0:4:4:4:0:,clone,13308.902315436268,0:1:4:1:0:4:4:4:0
0:1:4:1:0:4:4:4:0:,clone,13168.722292116885,0:1:4:1:0:4:4:4:0
2:2:4:4:3:3:4:4:1:,recombination,12122.065275908013,4:4:4:4:4:2:2:3:4,2:3:4:4:3:4:4:4:2,MUTATE
3:3:4:4:3:3:3:4:2:,recombination,13004.846114102344,3:4:4:4:4:3:2:4:3,4:4:3:4:4:1:1:1:4,MUTATE
2:3:4:4:4:1:2:4:2:,clone,10962.008472170719,2:3:4:4:4:1:2:4:2
2:2:4:4:3:4:4:4:2:,recombination,13310.275802267071,2:3:4:4:4:3:3:3:2,2:3:4:4:3:3:3:4:2,MUTATE
0:2:4:1:0:4:4:4:0:,recombination,12604.39505782684,2:2:4:3:2:4:4:4:1,3:3:4:4:4:2:2:4:3
1:2:4:4:2:4:4:4:1:,recombination,13026.837257235176,4:4:3:4:4:3:2:4:4,2:3:4:4:4:3:3:4:2
1:2:4:4:3:4:4:4:1:,recombination,12610.333763125771,2:3:4:4:4:2:3:4:1,1:2:4:3:2:3:4:4:1
4:4:3:4:4:1:2:4:4:,clone,10858.74989716299,4:4:4:4:4:1:2:4:4
2:2:4:4:3:4:3:4:1:,recombination,12814.357627840704,2:3:4:4:4:2:3:3:2,1:2:4:3:2:3:4:4:1,MUTATE
1:2:4:4:3:3:3:3:1:,clone,12651.292428343613,2:3:4:4:4:2:3:3:2
2:3:4:4:3:3:4:4:1:,recombination,12256.397096841501,2:3:4:4:4:2:3:2:2,2:3:4:4:3:4:4:4:1,MUTATE
0:1:4:1:0:4:4:4:0:,recombination,12873.504252835322,4:4:4:4:4:1:2:4:4,0:1:4:1:0:4:4:4:0
1:3:4:4:3:3:4:4:1:,clone,12420.733239227826,1:3:4:4:3:3:4:4:1
1:2:4:4:3:3:4:3:1:,clone,12973.395365309218,1:2:4:4:3:3:3:3:1
2:2:4:3:1:4:4:4:1:,clone,13308.589163865576,2:2:4:3:1:4:4:4:1
4:4:2:4:4:0:0:0:4:,clone,10699.819393247732,1:2:4:3:2:4:4:4:1
1:2:4:2:1:4:4:4:0:,recombination,12122.681876664894,3:3:4:4:4:2:3:2:3,0:1:4:1:0:4:4:4:0
4:4:2:4:4:0:0:0:4:,clone,10652.536541035108,4:4:2:4:4:0:0:0:4
4:4:2:4:4:0:0:1:4:,recombination,10711.862250202588,4:4:3:4:4:1:0:1:4,4:4:4:4:4:2:2:4:4,MUTATE
4:4:3:4:4:1:1:3:4:,clone,10491.951379146958,4:4:3:4:4:1:2:4:4
4:4:2:4:4:0:0:1:4:,clone,10709.751078892647,4:4:2:4:4:0:0:1:4
1:2:4:2:1:4:4:4:0:,clone,11852.987243685742,1:2:4:2:1:4:4:4:0
4:4:2:4:4:1:1:2:4:,recombination,11049.87115524449,4:4:2:4:4:0:0:0:4,2:3:4:4:4:3:3:3:2
2:2:4:4:2:3:4:4:1:,recombination,12849.624699072288,2:3:4:4:4:2:3:3:2,2:3:4:4:4:2:3:2:2,MUTATE
4:4:3:4:4:1:2:3:4:,recombination,10644.198473863413,4:4:3:4:4:1:1:3:4,2:3:4:4:3:4:4:4:2,MUTATE
1:2:4:3:2:4:4:4:0:,clone,12949.734548610737,1:2:4:3:2:4:4:4:0
2:3:4:4:3:4:4:4:2:,recombination,12709.249209795611,4:4:4:4:4:1:1:2:4,2:3:4:4:4:3:3:3:2
4:4:2:4:4:0:0:1:4:,recombination,10650.425369725166,4:4:2:4:4:0:0:1:4,3:3:4:4:4:3:2:4:3,MUTATE
4:3:4:4:4:1:2:4:4:,clone,11132.566945550174,4:3:4:4:4:1:2:4:4
3:3:4:4:4:1:2:4:3:,recombination,10954.230735745305,3:3:4:4:4:2:3:4:3,4:4:4:4:4:1:1:4:4
2:3:4:4:3:2:3:4:2:,recombination,11943.884911742225,3:3:4:4:4:1:2:2:3,3:3:4:4:4:1:2:3:3
3:3:4:4:4:2:2:3:4:,recombination,11862.958860089291,4:4:3:4:4:0:1:2:4,3:4:4:4:4:1:2:2:3,MUTATE
4:3:4:4:4:1:2:4:4:,clone,10955.984169970425,4:3:4:4:4:1:2:4:4
2:2:4:3:1:4:4:4:1:,clone,13287.347522035345,2:2:4:3:1:4:4:4:1
1:3:4:3:1:4:4:4:1:,clone,14051.047251335878,1:2:4:2:1:4:4:4:1
4:3:3:4:4:1:2:4:4:,clone,10998.891552216088,3:3:4:4:4:2:2:4:3
1:3:4:3:1:4:4:4:1:,clone,13868.93621960972,1:3:4:3:1:4:4:4:1
2:2:4:3:1:4:4:4:1:,clone,13063.867961789098,2:2:4:3:1:4:4:4:1
4:4:3:4:4:0:0:1:4:,clone,10684.559248706557,4:4:3:4:4:0:0:1:4
1:2:4:2:1:4:4:4:0:,clone,11827.088599997702,1:2:4:2:1:4:4:4:0
3:3:4:4:4:2:3:4:2:,recombination,10820.168741071278,3:3:4:4:4:3:3:4:2,4:4:3:4:4:1:2:4:4
0:1:4:1:0:4:4:4:0:,clone,12563.123205957858,0:1:4:1:0:4:4:4:0
4:4:3:4:4:0:0:1:4:,clone,10596.548200377036,4:4:3:4:4:0:0:1:4
0:1:4:2:0:4:4:4:0:,clone,13856.933813697944,0:1:4:2:1:4:4:4:0
1:1:4:1:0:4:4:4:0:,clone,13294.819796286429,1:1:4:1:0:4:4:4:0
0:1:4:1:0:4:4:4:0:,clone,12420.899738658758,0:1:4:1:0:4:4:4:0
1:3:4:3:2:3:4:4:1:,recombination,12245.159945446738,4:4:4:4:4:0:0:0:4,2:3:4:4:3:3:4:4:2
4:4:3:4:4:0:1:2:4:,clone,10807.165416440563,4:4:3:4:4:0:1:2:4
1:2:4:2:0:4:4:4:1:,clone,13779.985380101512,1:2:4:2:0:4:4:4:1
4:4:3:4:4:0:1:1:4:,clone,10748.397292483774,4:4:3:4:4:0:1:1:4
4:4:3:4:4:0:1:2:4:,clone,10612.04129562586,4:4:3:4:4:0:1:1:4
1:3:4:3:1:4:4:4:1:,clone,13725.608590474125,1:3:4:3:1:4:4:4:1
2:2:4:4:3:3:4:4:2:,recombination,12908.902347957992,4:4:3:4:4:1:2:4:4,4:4:4:4:4:2:2:4:4,MUTATE
2:2:4:4:2:3:4:4:1:,recombination,12838.731241112944,4:4:3:4:4:0:0:0:4,1:2:4:4:2:3:4:4:1
3:3:4:4:4:2:3:4:3:,recombination,10934.976974990059,2:3:4:4:3:2:3:4:2,4:4:3:4:4:1:1:3:4
1:2:4:1:0:4:4:4:0:,clone,12323.90223910612,1:2:4:1:0:4:4:4:0
1:3:4:3:1:4:4:4:1:,clone,13565.590419001606,1:3:4:3:1:4:4:4:1
0:2:4:1:0:4:4:4:0:,clone,12428.779509339636,0:2:4:1:0:4:4:4:0
0:2:4:1:0:4:4:4:0:,clone,12084.475648537109,0:2:4:1:0:4:4:4:0
2:2:4:3:3:3:4:4:1:,recombination,12280.208388176334,4:4:3:4:4:0:0:0:4,3:3:4:4:4:3:3:4:2,MUTATE
2:2:4:3:3:3:4:4:1:,recombination,12154.02909386823,2:2:4:4:4:3:3:4:1,4:4:4:4:4:1:2:3:4,MUTATE
2:3:4:3:3:3:4:4:1:,recombination,12193.441921656753,2:2:4:4:4:3:3:4:1,2:3:4:4:4:1:2:1:2,MUTATE
2:3:4:4:2:3:4:4:2:,recombination,13236.943781424325,1:3:4:4:4:3:3:3:1,4:4:3:4:4:0:1:3:4,MUTATE
2:2:4:3:2:4:4:4:1:,recombination,12300.14810266359,4:4:4:4:4:0:0:1:4,4:4:4:4:4:1:2:4:4,MUTATE
1:3:4:3:3:3:4:4:1:,clone,12159.202748780288,1:3:4:4:3:3:3:4:1
2:2:4:3:1:4:4:4:1:,clone,12924.390407083885,2:2:4:3:1:4:4:4:1
2:2:4:4:3:3:4:4:1:,clone,12005.09644132557,2:2:4:4:3:3:4:4:1
2:3:4:4:3:3:4:4:1:,clone,12126.0498111381,2:2:4:4:3:3:4:4:1
2:2:4:4:3:3:4:4:1:,clone,11971.597213279889,2:2:4:4:3:3:4:4:1
2:3:4:4:3:3:4:4:1:,clone,12087.417206145587,2:2:4:4:3:3:4:4:1
4:4:3:4:4:2:2:2:4:,clone,12620.701983162264,4:4:3:4:4:2:2:2:4
0:2:4:2:1:4:4:4:0:,clone,13959.08362344372,1:2:4:2:1:4:4:4:0
1:2:4:3:2:4:4:4:0:,clone,12656.328924738113,1:2:4:3:2:4:4:4:1
3:3:4:4:4:2:2:3:4:,clone,11851.432017319561,3:3:4:4:4:2:2:3:4
2:3:4:4:3:3:4:4:2:,clone,12110.156395044925,2:3:4:4:3:3:4:4:2
2:3:4:4:3:3:4:4:2:,clone,12107.35068773693,2:3:4:4:3:3:4:4:2
2:2:4:3:1:4:4:4:1:,recombination,12625.826098037498,2:3:4:4:3:3:4:4:1,4:4:4:4:4:2:2:4:4,MUTATE
2:3:4:3:2:3:4:4:2:,clone,12261.604476854776,2:3:4:3:2:3:4:4:2
1:2:4:3:1:4:4:4:0:,recombination,12654.272231524623,2:2:4:4:4:3:3:4:2,3:3:4:4:4:3:2:4:3
2:3:4:4:4:2:3:4:1:,clone,10889.414968460824,2:3:4:4:4:3:3:4:2
1:3:4:4:3:3:3:4:1:,clone,11126.594701222268,1:3:4:4:3:3:3:4:1
2:3:4:4:3:2:3:4:1:,clone,10391.649560481696,2:3:4:4:3:2:3:4:1
1:2:4:3:3:3:3:4:1:,clone,10259.069711762528,1:2:4:3:3:3:3:4:1
1:2:4:3:2:3:4:4:1:,clone,10563.842947152354,1:2:4:3:3:3:3:4:1
1:2:4:4:3:3:3:4:1:,recombination,11415.684195913185,2:3:4:4:4:3:3:3:2,4:4:4:4:4:1:1:4:4,MUTATE
2:3:4:3:3:3:4:4:2:,clone,12175.527905473678,2:3:4:4:3:3:3:4:2
1:3:4:4:3:3:4:4:1:,clone,12420.11891492919,1:3:4:4:3:3:3:4:1
2:3:4:3:3:3:4:4:1:,recombination,11562.487733804866,4:4:3:4:4:1:2:3:4,2:3:4:4:3:3:4:4:1
1:2:4:4:3:3:3:4:1:,clone,11391.297062540352,1:2:4:4:3:3:3:4:1
1:2:4:4:3:2:3:4:1:,recombination,11317.851046803593,4:4:3:4:4:1:2:3:4,0:1:4:2:0:4:4:4:0,MUTATE
1:2:4:3:1:3:4:4:1:,recombination,12200.394208371501,3:3:4:4:4:2:3:4:2,3:3:4:4:4:3:3:4:2,MUTATE
2:2:4:3:2:4:4:4:1:,recombination,12167.238879172806,1:2:4:4:4:3:3:4:1,2:3:4:3:2:3:4:4:2
1:2:4:2:1:3:4:4:1:,clone,11603.760364433561,1:2:4:2:1:3:4:4:1
2:3:4:4:3:3:4:4:2:,clone,11998.653719167263,2:3:4:4:3:3:4:4:2
2:2:4:3:3:3:3:4:1:,recombination,11622.618047780146,4:4:3:4:4:1:1:3:4,3:3:4:4:4:2:3:4:3
1:3:4:3:3:3:4:4:1:,recombination,11980.849400003834,1:3:4:4:3:3:3:4:1,2:3:4:4:4:2:2:2:2,MUTATE
1:3:4:3:2:3:4:4:1:,recombination,11955.661380013433,3:3:4:4:4:2:2:3:3,2:3:4:4:3:2:3:4:1
1:3:4:3:2:3:4:4:1:,clone,11929.62913341379,1:2:4:3:2:3:4:4:1
0:1:4:1:0:4:4:4:0:,clone,12406.356522258811,0:1:4:1:0:4:4:4:0
2:2:4:3:2:3:4:4:1:,recombination,11507.65204934204,3:3:4:4:4:1:2:4:3,2:2:4:3:3:3:4:4:1
1:2:4:1:0:4:4:4:0:,recombination,12162.689435936096,2:2:4:3:2:4:4:4:1,0:1:4:1:0:4:4:4:0
3:3:4:4:4:3:2:4:2:,recombination,12118.734959001185,2:3:4:4:4:2:2:2:3,4:4:4:4:4:2:1:3:4,MUTATE
4:4:2:4:4:1:1:1:4:,clone,12635.049509465633,4:4:3:4:4:1:1:1:4
0:1:4:1:0:4:4:4:0:,clone,12168.39777305819,0:1:4:1:0:4:4:4:0
2:2:4:3:2:3:4:4:1:,clone,11498.679744622448,1:2:4:3:2:3:4:4:1
1:2:4:3:1:4:4:4:1:,recombination,12111.26415084122,2:2:4:4:3:4:4:4:1,2:2:4:3:2:3:4:4:1,MUTATE
0:2:4:2:0:4:4:4:0:,recombination,12990.39621632209,4:4:4:4:4:1:1:2:4,1:2:4:1:0:4:4:4:0,MUTATE
2:2:4:4:2:4:4:4:1:,recombination,13039.167822426987,1:2:4:4:3:3:4:4:1,1:2:4:2:1:4:4:4:0
4:4:3:4:4:1:2:2:4:,clone,11833.913575897168,4:4:3:4:4:1:2:3:4
4:4:3:4:4:2:1:3:4:,clone,13165.092054018358,4:4:3:4:4:2:1:3:4
2:3:4:4:2:4:4:4:2:,clone,13612.231886871485,2:3:4:4:2:4:4:4:2
2:3:4:4:2:4:4:4:2:,clone,13379.781689917954,2:3:4:4:2:4:4:4:2
4:4:3:4:4:0:0:0:4:,clone,10095.525578060056,4:4:3:4:4:0:0:0:4
4:4:3:4:4:2:1:3:4:,clone,12786.959344150977,4:4:3:4:4:2:1:3:4
4:4:4:4:4:0:0:0:4:,clone,10513.066527778168,4:4:3:4:4:0:0:0:4
2:2:4:3:2:4:4:4:1:,recombination,11877.906871917176,2:2:4:3:2:3:4:4:1,4:4:4:4:4:2:2:4:4
2:2:4:4:3:2:3:4:1:,clone,12156.012742510899,2:2:4:4:4:2:3:4:2
2:2:4:4:3:3:3:4:2:,recombination,11306.42248615899,2:2:4:3:2:3:4:4:1,4:4:4:4:4:1:2:3:4,MUTATE
4:4:3:4:4:1:1:1:4:,clone,10879.836903159201,4:4:4:4:4:1:1:1:4
2:3:4:4:3:3:4:4:1:,recombination,12071.9357406005,2:3:4:4:4:2:3:3:2,4:4:3:4:4:2:2:3:4
2:3:4:4:3:3:3:4:2:,clone,11306.42248615899,2:2:4:4:3:3:3:4:2
2:2:4:3:2:3:4:4:2:,recombination,13066.841545375659,3:3:4:4:4:1:1:2:3,1:2:4:3:2:3:4:4:1
2:2:4:3:2:4:4:4:2:,recombination,13322.183110525311,2:3:4:4:2:4:4:4:1,3:4:4:4:4:1:2:2:3,MUTATE
2:2:4:3:3:3:4:4:1:,clone,11752.565304635822,2:2:4:4:3:3:3:4:1
2:2:4:4:3:3:4:4:2:,clone,12381.582491642728,2:2:4:4:3:3:4:4:2
3:3:4:4:4:2:2:3:4:,recombination,11313.08087652802,3:4:4:4:4:1:1:3:4,2:2:4:4:3:3:4:4:1
2:2:4:4:3:3:4:4:2:,recombination,12262.143400326788,0:2:4:1:0:4:4:4:0,2:2:4:4:3:4:4:4:1
2:2:4:3:2:3:4:4:2:,clone,12464.988211828138,2:3:4:4:3:3:4:4:2
2:2:4:4:3:4:4:4:1:,recombination,12450.353660232153,2:2:4:3:2:4:4:4:1,3:4:4:4:4:1:2:3:3,MUTATE
4:4:3:4:4:1:1:1:4:,recombination,10679.477627651098,4:4:3:4:4:0:0:0:4,4:4:4:4:4:0:0:0:4
1:2:4:3:2:3:4:4:0:,clone,11534.520525188324,1:2:4:3:2:3:4:4:0
2:3:4:4:3:4:4:4:2:,recombination,12635.235284837701,3:4:4:4:4:2:2:3:3,0:2:4:1:0:4:4:4:0
2:3:4:4:3:4:3:4:2:,recombination,12425.234268331147,0:1:4:1:0:4:4:4:0,1:3:4:4:2:3:4:4:1
2:2:4:4:3:2:3:4:2:,clone,12114.070235899077,2:2:4:4:3:2:3:4:2
2:2:4:4:3:4:4:4:1:,recombination,12405.391320820454,3:4:4:4:4:2:3:4:3,3:4:4:4:4:1:2:3:4
2:3:4:4:2:3:4:4:1:,recombination,12879.739198110547,4:4:4:4:4:3:2:4:4,2:3:4:4:3:3:3:4:2,MUTATE
2:3:4:4:2:3:4:4:2:,recombination,13231.554392171072,2:3:4:3:2:4:4:4:1,4:4:4:4:4:2:1:2:4,MUTATE
4:4:3:4:4:2:2:2:4:,clone,12513.510198773076,4:4:3:4:4:1:1:2:4
2:2:4:4:3:2:3:4:1:,clone,12000.97418435472,2:2:4:4:3:2:3:4:1
2:3:4:4:2:3:4:4:2:,recombination,13096.300766866143,1:2:4:3:2:3:4:4:1,3:3:4:4:4:3:3:4:2,MUTATE
2:3:4:3:2:3:4:4:1:,recombination,11940.51881869477,4:4:3:4:4:1:1:4:4,0:2:4:1:0:4:4:4:0
1:3:4:2:1:4:4:4:1:,recombination,13845.397913924184,1:3:4:3:1:4:4:4:1,2:3:4:4:4:2:3:2:2,MUTATE
2:2:4:4:3:2:3:4:1:,clone,11696.473464430132,2:2:4:4:3:2:3:4:1
1:2:4:2:1:4:4:4:0:,clone,11650.441099728176,1:2:4:2:1:4:4:4:0
1:3:4:3:1:4:4:4:1:,clone,13251.56436477359,2:3:4:3:2:4:4:4:1
1:2:4:2:1:4:4:4:0:,clone,11595.70572577775,1:2:4:2:1:4:4:4:0
1:3:4:2:1:4:4:4:0:,recombination,13887.860825587582,1:3:4:4:2:3:4:4:1,4:4:4:4:4:0:1:1:4
1:2:4:2:1:4:4:4:0:,clone,11474.581488772643,1:2:4:2:1:4:4:4:0
1:2:4:2:1:4:4:4:0:,clone,11241.426274744776,1:2:4:2:1:4:4:4:0
3:3:4:4:4:1:2:4:3:,clone,10892.992773927434,3:3:4:4:4:1:2:4:3
3:3:4:4:4:1:2:4:3:,clone,10770.293825204275,3:3:4:4:4:1:2:4:3
1:2:4:2:1:3:4:4:0:,clone,11241.699199742945,1:2:4:2:1:4:4:4:0
3:3:4:4:4:1:2:4:3:,clone,10414.692667462665,3:3:4:4:4:1:2:4:3
1:2:4:2:1:3:4:4:0:,clone,10894.446831327274,1:2:4:2:1:3:4:4:0
1:2:4:2:1:4:4:4:0:,clone,11100.665405276377,1:2:4:2:1:3:4:4:0
1:2:4:3:2:3:4:4:0:,clone,11393.747165695591,1:2:4:2:1:4:4:4:0
0:2:4:2:0:4:4:4:0:,recombination,12113.234798634217,2:3:4:4:3:4:3:4:2,3:3:4:4:4:1:1:2:3
2:2:4:3:2:3:4:4:1:,clone,10894.904826762175,2:2:4:3:2:3:4:4:1
0:2:4:2:0:4:4:4:0:,clone,11989.997603994982,0:2:4:2:0:4:4:4:0
4:4:4:4:4:2:3:4:3:,recombination,12179.633387204187,2:3:4:3:2:3:4:4:2,1:2:4:4:3:3:3:4:1,MUTATE
2:3:4:4:4:4:3:4:2:,recombination,13551.025955087047,2:3:4:4:3:3:3:4:2,4:4:4:4:4:2:1:4:4,MUTATE
2:3:4:3:2:3:4:4:1:,recombination,11456.797231852514,2:2:4:3:2:3:4:4:1,1:3:4:3:1:4:4:4:1
2:3:4:3:2:3:4:4:1:,clone,11308.838545278706,2:3:4:3:2:3:4:4:1
2:3:4:3:2:3:4:4:1:,clone,11231.268055724775,2:3:4:3:2:3:4:4:1
3:3:4:4:4:1:2:4:3:,clone,10378.220301317311,3:3:4:4:4:1:2:4:3
1:3:4:2:1:4:4:4:1:,recombination,13620.638826291684,1:3:4:2:1:4:4:4:1,4:4:4:4:4:1:1:4:4
1:3:4:2:1:4:4:4:1:,clone,13620.638826291683,1:3:4:2:1:4:4:4:1
3:3:4:4:4:2:3:4:3:,clone,10782.4447157833,3:3:4:4:4:2:3:4:3
2:2:4:4:3:2:3:4:1:,recombination,11326.437356232704,3:3:4:4:4:2:3:4:3,2:3:4:4:4:3:3:4:2
1:2:4:4:3:3:3:4:1:,recombination,11186.329968076952,3:3:4:4:4:2:3:4:3,4:4:4:4:4:0:1:2:4
2:3:4:4:4:1:2:4:2:,clone,10080.654996189956,2:3:4:4:4:1:2:4:2
0:2:4:2:1:4:4:4:0:,clone,11472.005579840206,0:2:4:2:1:4:4:4:0
3:3:4:4:4:1:2:4:3:,clone,10281.023450278046,2:3:4:4:4:2:2:4:2
1:2:4:2:0:4:4:4:0:,clone,11758.3817946312,1:2:4:2:0:4:4:4:0
0:2:4:2:0:4:4:4:0:,clone,11754.126855993303,1:2:4:2:0:4:4:4:0
0:2:4:2:0:4:4:4:0:,clone,11463.299797883648,0:2:4:2:0:4:4:4:0
3:3:4:4:4:1:2:4:3:,clone,9913.318389486552,3:3:4:4:4:1:2:4:3
2:3:4:4:3:2:3:4:2:,clone,11140.763269555537,2:3:4:4:3:2:3:4:2
1:2:4:2:0:4:4:4:0:,recombination,11658.225478317478,1:2:4:4:3:3:3:4:1,0:2:4:2:1:4:4:4:0,MUTATE
1:2:4:2:0:4:4:4:0:,clone,11642.700889907654,1:2:4:2:0:4:4:4:0
1:2:4:3:3:3:4:4:1:,recombination,11790.503264294339,1:2:4:4:3:3:3:4:1,1:2:4:3:1:4:4:4:0
1:2:4:2:0:4:4:4:0:,clone,11574.735095234235,1:2:4:2:0:4:4:4:0
0:2:4:1:0:4:4:4:0:,recombination,11816.325032057388,4:4:4:4:4:1:2:2:4,1:2:4:3:2:3:4:4:0,MUTATE
0:1:4:1:0:4:4:4:0:,recombination,12134.650640857866,4:4:3:4:4:1:2:2:4,1:3:4:2:1:4:4:4:1
1:1:4:2:0:4:4:4:0:,recombination,13660.740960667934,1:2:4:3:1:4:4:4:1,4:4:4:4:4:3:2:4:4
2:3:4:4:2:3:4:4:1:,clone,12865.122171999406,2:3:4:4:2:3:4:4:1
1:3:4:2:1:4:4:4:1:,recombination,13589.157502811035,2:3:4:4:4:3:3:4:2,3:3:4:4:4:1:2:4:3
1:3:4:2:1:4:4:4:1:,clone,13449.362646452575,1:3:4:2:1:4:4:4:1
2:3:4:3:1:4:4:4:1:,recombination,14236.179192435808,4:3:3:4:4:2:2:4:4,1:2:4:4:4:3:3:4:1,MUTATE
2:2:4:2:1:4:4:4:1:,clone,13233.385790986655,2:2:4:2:1:4:4:4:1
2:2:4:2:1:4:4:4:1:,clone,13113.385546793757,2:2:4:2:1:4:4:4:1
4:4:2:4:4:0:1:2:4:,recombination,12109.350764913452,4:4:4:4:4:1:2:3:4,3:4:4:4:4:1:2:3:4,MUTATE
4:4:2:4:4:0:1:2:4:,clone,12096.764141313752,4:4:2:4:4:0:1:2:4
4:4:2:4:4:0:1:2:4:,clone,11957.768010126452,4:4:2:4:4:0:1:2:4
4:4:2:4:4:1:1:3:4:,clone,12215.775931781898,4:4:2:4:4:1:1:3:4
1:2:4:3:2:4:4:4:0:,recombination,11943.130806265664,0:2:4:1:0:4:4:4:0,1:2:4:4:3:3:4:3:1
4:4:2:4:4:0:0:0:4:,clone,10647.09021350725,0:2:4:1:0:4:4:4:0
1:2:4:3:1:4:4:4:0:,clone,12557.802107790241,1:2:4:3:1:4:4:4:0
2:2:4:4:3:4:4:4:2:,clone,13065.305150680326,2:3:4:4:3:4:4:4:2
4:4:2:4:4:0:0:0:4:,clone,10605.923925082432,4:4:2:4:4:0:0:0:4
1:2:4:3:1:4:4:4:0:,recombination,12529.405355874973,1:2:4:2:1:4:4:4:0,4:4:4:4:4:1:2:3:4,MUTATE
1:2:4:3:1:4:4:4:0:,clone,12415.86319667618,1:2:4:3:1:4:4:4:0
2:2:4:4:2:4:4:4:1:,recombination,12948.249486423438,1:2:4:3:1:4:4:4:1,2:3:4:4:2:4:4:4:2,MUTATE
2:3:4:4:4:4:3:4:2:,recombination,13354.952570980904,4:4:4:4:4:1:2:3:4,1:2:4:4:2:3:4:4:1
4:4:4:4:4:2:2:4:3:,clone,12283.702787837381,4:4:4:4:4:2:2:4:4
1:3:4:4:4:3:3:4:1:,clone,13313.796621989328,1:3:4:4:3:3:3:4:1
2:2:4:4:2:4:4:4:1:,clone,12826.65468514773,2:2:4:3:2:4:4:4:1
1:2:4:1:0:4:4:4:0:,recombination,12158.71261875107,3:3:4:4:4:2:3:2:3,2:3:4:4:3:3:3:4:2
1:2:4:2:1:4:4:4:1:,clone,11789.542494111569,1:2:4:2:1:4:4:4:1
1:1:4:1:0:4:4:4:0:,recombination,13127.104666149171,0:1:4:1:0:4:4:4:0,2:2:4:4:3:3:4:4:2
1:2:4:2:1:4:4:4:1:,clone,11788.266192502337,1:2:4:2:1:4:4:4:1
1:2:4:2:1:4:4:4:1:,clone,11786.592143542399,1:2:4:2:1:4:4:4:1
1:2:4:2:1:4:4:4:1:,clone,11786.592143542397,1:2:4:2:1:4:4:4:1
2:3:4:4:3:4:3:4:1:,clone,12802.86353816811,2:3:4:4:3:4:3:4:1
2:3:4:4:2:3:4:4:1:,recombination,12842.155014474818,4:4:4:4:4:2:2:2:4,2:3:4:4:3:3:4:4:2,MUTATE
4:4:4:4:4:0:0:0:4:,clone,9964.406229186876,0:2:4:1:0:4:4:4:0
2:3:4:3:1:4:4:4:1:,clone,13102.218968187219,2:3:4:3:1:4:4:4:1
2:3:4:4:3:4:4:4:2:,recombination,12544.219110544585,2:3:4:4:3:3:4:4:2,2:3:4:4:3:4:3:4:1,MUTATE
4:4:4:4:4:2:3:4:4:,clone,11765.789970807746,4:4:4:4:4:2:3:4:4
2:3:4:3:2:4:4:4:2:,clone,12662.334734703263,2:3:4:3:2:4:4:4:2
1:1:4:1:0:4:4:4:0:,recombination,13032.45073474356,0:2:4:1:0:4:4:4:0,3:3:4:4:4:1:2:3:3
1:3:4:2:1:3:4:4:1:,clone,12931.806358296913,1:3:4:2:1:3:4:4:1
3:3:4:4:3:3:3:4:2:,clone,12136.971979149333,3:3:4:4:3:3:3:4:2
2:3:4:3:2:3:4:4:2:,clone,12238.649707589113,2:3:4:3:2:3:4:4:2
1:3:4:2:1:4:4:4:1:,recombination,13142.856446551912,1:3:4:3:2:4:4:4:1,4:4:4:4:4:0:1:1:4
2:3:4:4:2:3:4:4:2:,clone,13076.698900568494,2:3:4:4:2:3:4:4:2
2:3:4:4:2:3:4:4:2:,recombination,13009.566032576358,4:4:4:4:4:0:1:1:4,3:4:4:4:4:1:1:2:3
2:3:4:3:3:3:4:4:2:,clone,12161.903585820013,2:3:4:3:3:3:4:4:2
4:4:3:4:4:0:0:0:4:,clone,9904.548294084936,0:2:4:1:0:4:4:4:0
2:2:4:3:3:3:3:4:1:,clone,11581.516493207388,2:3:4:4:3:3:3:4:2
0:1:4:2:0:4:4:4:0:,recombination,13850.00419530039,1:2:4:3:2:4:4:4:1,0:1:4:1:0:4:4:4:0
3:4:4:4:4:2:2:2:4:,recombination,11949.29406255177,1:2:4:4:3:3:3:4:1,3:3:4:4:4:2:3:4:3,MUTATE
2:3:4:2:1:4:4:4:1:,recombination,13808.894834603192,2:3:4:4:3:3:4:4:2,3:3:4:4:4:3:3:4:3
0:1:4:2:0:4:4:4:0:,recombination,12453.388455995679,2:3:4:4:4:1:2:3:2,2:2:4:3:2:3:4:4:1
1:1:4:2:1:4:4:4:0:,clone,11993.649290237647,1:1:4:2:1:4:4:4:0
3:3:4:4:3:3:3:4:3:,recombination,13920.921039484598,2:3:4:4:2:4:4:4:1,3:3:4:4:4:1:2:4:3
2:2:4:4:3:4:3:4:1:,recombination,12791.21461105547,1:2:4:3:1:4:4:4:1,3:3:4:4:4:1:2:1:3
2:3:4:4:3:4:3:4:1:,clone,12652.384635412416,2:3:4:4:3:4:3:4:1
2:2:4:4:3:4:3:4:1:,clone,12652.272754465552,2:2:4:4:3:4:3:4:1
2:2:4:4:3:4:3:4:1:,clone,12527.945524987312,2:2:4:4:3:4:3:4:1
2:2:4:3:3:4:4:4:1:,recombination,12082.89163293859,2:2:4:3:2:4:4:4:1,3:3:4:4:4:2:3:4:3
4:4:2:4:4:0:0:0:4:,recombination,10305.613860775708,4:4:4:4:4:1:2:4:4,1:2:4:3:2:3:4:4:0
4:4:2:4:4:0:0:0:4:,clone,10184.664996455695,4:4:2:4:4:0:0:0:4
2:3:4:4:3:4:4:4:1:,recombination,12259.160143320623,3:3:4:4:4:3:2:4:3,4:4:3:4:4:1:2:3:4,MUTATE
1:2:4:3:1:3:4:4:1:,recombination,12186.959813462328,1:2:4:2:1:4:4:4:0,2:2:4:4:2:3:4:4:1,MUTATE
2:3:4:4:3:3:4:4:1:,recombination,12040.661160469897,2:3:4:4:3:3:3:4:2,2:2:4:3:2:3:4:4:1
4:4:4:4:4:0:1:2:4:,recombination,9859.257396477044,0:2:4:1:0:4:4:4:0,2:2:4:3:2:3:4:4:1
4:4:3:4:4:0:1:1:4:,clone,10459.700768782151,4:4:3:4:4:0:0:1:4
4:4:3:4:4:1:1:2:4:,clone,10459.700768782153,4:4:3:4:4:1:1:2:4
2:2:4:2:1:4:4:4:1:,recombination,13013.849868177072,2:3:4:4:4:2:3:2:3,3:4:4:4:4:1:1:2:3,MUTATE
2:2:4:4:3:3:3:4:1:,clone,11274.440726711582,2:2:4:4:3:3:3:4:1
2:2:4:4:4:3:3:4:2:,clone,11534.8242834085,2:2:4:4:3:3:3:4:1
2:2:4:4:3:3:4:4:1:,clone,11901.563987911346,2:2:4:3:3:3:3:4:1
1:2:4:1:0:4:4:4:0:,clone,12109.132888649185,1:2:4:1:0:4:4:4:0
1:2:4:1:0:4:4:4:0:,clone,11958.983839479211,1:2:4:1:0:4:4:4:0
0:2:4:1:0:4:4:4:0:,recombination,11728.884805384743,4:4:4:4:4:0:0:0:4,3:3:4:4:4:1:2:4:3
0:2:4:1:0:4:4:4:0:,clone,11601.746205739628,0:2:4:1:0:4:4:4:0
1:1:4:2:0:4:4:4:0:,recombination,13482.722988564747,1:3:4:3:2:3:4:4:1,2:2:4:4:3:3:3:4:1,MUTATE
1:2:4:2:1:4:4:4:1:,recombination,11739.295554618413,4:4:4:4:4:0:0:1:4,4:4:4:4:4:0:0:0:4,MUTATE
1:2:4:2:1:4:4:4:1:,clone,11648.72299622452,1:2:4:2:1:4:4:4:1
1:2:4:2:1:4:4:4:1:,recombination,11618.411806745054,1:2:4:2:1:4:4:4:1,4:4:4:4:4:0:0:0:4
4:4:4:4:4:2:3:3:4:,clone,13171.003766597916,4:4:4:4:4:2:2:3:4
2:2:4:4:2:3:4:4:2:,recombination,13820.6698739479,4:4:3:4:4:0:1:1:4,1:2:4:4:3:3:4:4:1
1:2:4:3:1:3:4:4:1:,recombination,12156.320858991092,4:4:2:4:4:0:0:0:4,4:3:4:4:4:2:3:4:4,MUTATE
1:2:4:3:1:3:4:4:1:,clone,12041.77694439828,1:2:4:3:1:3:4:4:1
2:3:4:4:3:3:4:4:1:,recombination,12034.216174728965,4:4:2:4:4:2:1:4:4,4:4:3:4:4:1:1:2:4,MUTATE
2:3:4:4:3:3:4:4:1:,clone,11966.250380055546,2:3:4:4:3:3:4:4:1
2:3:4:4:3:3:3:4:2:,recombination,11205.829854833984,1:2:4:1:0:4:4:4:0,2:3:4:3:2:3:4:4:1,MUTATE
4:3:4:4:4:1:2:3:4:,recombination,12023.148756871857,2:3:4:4:4:2:3:3:2,4:3:3:4:4:2:2:4:4,MUTATE
4:4:2:4:4:0:0:0:4:,recombination,9549.17656061018,1:2:4:3:1:4:4:4:1,2:3:4:4:4:2:3:3:2,MUTATE
4:4:3:4:4:0:0:0:4:,clone,9827.083695536032,4:4:3:4:4:0:0:0:4
4:4:3:4:4:0:0:0:4:,clone,9599.666837546189,4:4:3:4:4:0:0:0:4
4:4:3:4:4:0:0:0:4:,clone,9109.009393487488,4:4:3:4:4:0:0:0:4
4:4:3:4:4:0:0:1:4:,clone,9660.64071907065,4:4:3:4:4:0:0:1:4
4:4:4:4:4:1:1:2:4:,recombination,9913.73870212905,4:4:3:4:4:0:0:0:4,1:2:4:3:2:4:4:4:0
4:4:3:4:4:0:0:1:4:,clone,9356.612132002003,4:4:3:4:4:0:0:0:4
4:4:3:4:4:1:1:1:4:,clone,10534.777639930344,4:4:3:4:4:1:1:1:4
4:3:4:4:4:1:1:2:4:,clone,10537.16692472597,4:4:3:4:4:1:1:2:4
4:4:3:4:4:0:0:1:4:,clone,9286.121955588562,4:4:3:4:4:0:0:1:4
4:4:3:4:4:1:1:1:4:,clone,10109.13616645453,4:4:3:4:4:1:1:1:4
1:2:4:3:1:3:4:4:0:,recombination,12488.103541865943,1:3:4:4:2:4:4:4:1,1:2:4:3:1:4:4:4:1
2:2:4:4:3:3:3:4:1:,recombination,11091.35622725143,4:4:3:4:4:1:1:1:4,2:3:4:4:2:4:4:4:2
3:3:4:4:4:1:1:2:4:,recombination,10501.943576958201,4:4:4:4:4:1:1:2:4,3:3:4:4:4:1:2:1:3
4:4:3:4:4:1:2:2:4:,clone,10812.206480437517,4:4:3:4:4:1:1:2:4
1:3:4:4:3:4:4:4:1:,clone,13321.516960440253,1:2:4:4:3:4:4:4:1
2:2:4:4:3:3:3:4:2:,clone,11123.980457907985,2:2:4:4:3:3:3:4:2
4:4:3:4:4:2:2:3:4:,clone,11346.85300441025,4:4:4:4:4:2:2:3:4
2:2:4:4:2:4:4:4:2:,recombination,13595.632507654967,4:4:3:4:4:1:1:1:4,2:2:4:2:1:4:4:4:1
4:4:2:4:4:0:0:1:4:,clone,10331.689419442951,4:4:2:4:4:0:0:1:4
4:4:2:4:4:0:0:1:4:,clone,10301.36856199736,4:4:2:4:4:0:0:1:4
4:4:2:4:4:0:1:1:4:,clone,11506.481484915188,4:4:2:4:4:0:1:1:4
4:4:3:4:4:0:1:2:4:,clone,10586.794889249326,4:4:3:4:4:0:1:2:4
2:2:4:4:3:4:3:4:2:,recombination,13184.151085952377,4:4:2:4:4:1:2:2:4,2:3:4:4:3:3:4:4:1
4:3:4:4:4:3:3:4:4:,recombination,13560.458381337736,2:3:4:3:2:3:4:4:1,1:2:4:3:2:4:4:4:1
2:3:4:4:3:4:4:4:2:,clone,12224.02383948375,2:3:4:4:3:4:4:4:2
2:3:4:3:2:3:4:4:2:,clone,11915.99670511843,2:3:4:3:2:3:4:4:2
2:3:4:3:3:4:4:4:2:,clone,12110.01819968281,2:3:4:4:3:4:4:4:2
2:2:4:4:2:3:4:4:1:,clone,12821.14649453587,2:2:4:4:2:3:4:4:1
2:2:4:3:2:4:4:4:1:,recombination,11511.746438283248,2:2:4:3:2:3:4:4:1,0:2:4:2:0:4:4:4:0,MUTATE
1:2:4:2:2:3:4:4:1:,clone,11076.111367455527,1:2:4:2:1:4:4:4:0
2:2:4:3:2:3:3:4:2:,clone,11229.695344558495,2:2:4:3:2:3:3:4:2
2:2:4:3:3:3:3:4:1:,recombination,11270.228120854461,0:1:4:2:0:4:4:4:0,0:1:4:2:0:4:4:4:0
2:2:4:3:3:3:3:4:2:,clone,11580.456313948749,2:2:4:3:3:3:3:4:2
1:1:4:1:0:4:4:4:0:,clone,12433.320037312375,0:1:4:2:0:4:4:4:0
2:2:4:3:2:4:4:4:2:,clone,11946.65333097593,2:2:4:3:3:3:3:4:2
2:3:4:3:2:3:4:4:2:,recombination,11555.456444829442,2:2:4:3:2:4:4:4:1,4:4:3:4:4:1:1:1:4
1:2:4:1:0:4:4:4:0:,recombination,11881.607917393945,3:3:4:4:4:3:3:4:3,0:2:4:2:0:4:4:4:0
1:2:4:3:2:3:4:4:0:,clone,11331.65241203384,1:2:4:3:2:3:4:4:0
1:2:4:3:2:4:4:4:1:,recombination,11585.057553002089,2:3:4:3:2:3:4:4:2,2:3:4:3:2:3:4:4:1
0:1:4:1:0:4:4:4:0:,clone,12126.98550607641,0:1:4:1:0:4:4:4:0
1:3:4:4:3:4:4:4:1:,recombination,13315.077299693248,4:4:2:4:4:2:1:4:4,3:4:4:4:4:2:2:2:3
1:3:4:4:3:4:4:4:1:,clone,13209.450951956302,1:3:4:4:3:4:4:4:1
2:2:4:4:3:4:4:4:1:,clone,12305.268079154148,2:2:4:4:3:3:3:4:1
0:1:4:1:0:4:4:4:0:,clone,12081.552483370384,0:1:4:1:0:4:4:4:0
2:3:4:4:3:4:3:4:2:,recombination,11998.558426338135,1:2:4:3:2:3:4:4:0,4:4:4:4:4:1:2:4:4,MUTATE
4:4:3:4:4:1:1:2:4:,recombination,10295.484825218286,4:4:4:4:4:1:2:4:4,2:2:4:4:3:3:4:4:1,MUTATE
4:4:3:4:4:1:1:2:4:,clone,10185.92257135126,4:4:3:4:4:1:1:2:4
1:2:4:3:3:3:4:4:1:,clone,11704.423380024811,1:2:4:3:2:3:4:4:1
3:4:4:4:4:2:3:3:4:,clone,12499.647940634044,3:4:4:4:4:2:3:3:4
2:3:4:4:2:4:4:4:1:,recombination,12759.919291518301,1:2:4:4:3:3:3:4:1,3:4:4:4:4:1:1:2:4
3:3:4:4:4:3:2:4:3:,clone,11682.649839115884,3:3:4:4:4:3:2:4:3
3:3:4:4:4:4:3:4:2:,recombination,13847.468018174894,1:1:4:1:0:4:4:4:0,1:2:4:3:1:3:4:4:1
0:1:4:2:0:4:4:4:0:,recombination,12429.040384312135,0:1:4:2:0:4:4:4:0,2:3:4:4:4:2:3:3:2
0:1:4:1:0:4:4:4:0:,clone,11771.124726492482,0:1:4:1:0:4:4:4:0
0:1:4:2:0:4:4:4:0:,clone,12344.312414324537,0:1:4:1:0:4:4:4:0
1:2:4:3:1:4:4:4:0:,clone,12364.121128482964,1:2:4:3:1:4:4:4:0
2:3:4:4:2:3:4:4:1:,clone,12813.884181614772,2:3:4:4:2:3:4:4:1
4:4:2:4:4:0:1:1:4:,clone,11302.28790627035,4:4:2:4:4:0:1:1:4
2:3:4:4:2:3:4:4:2:,recombination,13003.52145753956,2:3:4:4:3:4:4:4:1,4:4:3:4:4:0:0:1:4
1:3:4:4:3:4:4:4:1:,recombination,13099.545747950002,1:3:4:2:1:4:4:4:1,3:3:4:4:4:2:3:2:3
3:3:4:4:4:1:2:3:4:,recombination,11651.367584339017,4:4:3:4:4:0:0:0:4,4:4:3:4:4:0:0:1:4,MUTATE
3:3:4:4:4:4:3:4:2:,recombination,13489.673776160274,1:3:4:3:2:4:4:4:1,1:3:4:3:2:4:4:4:1
1:3:4:3:1:4:4:4:1:,clone,12842.738069370447,1:3:4:3:1:4:4:4:1
1:3:4:3:1:4:4:4:1:,clone,12772.886262233711,1:3:4:3:1:4:4:4:1
2:2:4:4:4:3:3:4:1:,recombination,11428.423303338954,2:3:4:4:4:2:2:3:2,2:3:4:4:4:1:2:1:3,MUTATE
1:3:4:2:1:4:4:4:0:,recombination,12891.091449503416,2:3:4:3:2:4:4:4:1,1:3:4:3:1:4:4:4:1
1:3:4:3:1:4:4:4:1:,clone,12766.201197783783,1:3:4:3:1:4:4:4:1
4:4:3:4:4:3:3:4:4:,recombination,13412.532772026707,4:4:3:4:4:1:2:3:4,3:4:4:4:4:1:1:1:4
2:3:4:4:2:4:4:4:2:,recombination,13285.621573248392,4:4:3:4:4:1:2:3:4,4:4:4:4:4:1:2:3:4
2:3:4:4:4:4:3:4:2:,recombination,12928.828310580991,2:3:4:4:3:2:3:4:1,1:3:4:3:2:4:4:4:1
2:3:4:4:2:4:4:4:2:,clone,13166.609782780244,2:3:4:4:2:4:4:4:2
0:2:4:3:1:4:4:4:0:,recombination,13309.749041795638,1:2:4:4:3:2:3:4:1,4:4:2:4:4:0:0:1:4
4:4:2:4:4:0:1:2:4:,clone,11330.702748832504,4:4:3:4:4:0:1:2:4
1:2:4:3:1:4:4:4:0:,recombination,12259.162556412477,3:3:4:4:4:1:2:1:3,3:3:4:4:4:1:2:4:3
1:2:4:3:1:4:4:4:0:,clone,12208.686179954426,1:2:4:2:1:4:4:4:0
1:1:4:2:0:4:4:4:0:,recombination,13422.8723392341,1:2:4:3:1:4:4:4:1,2:3:4:4:3:3:4:4:2,MUTATE
2:2:4:4:3:4:3:4:1:,recombination,12507.552523473281,4:4:3:4:4:0:1:2:4,4:4:2:4:4:0:1:2:4
2:2:4:3:3:3:4:4:1:,clone,11740.574284739647,2:2:4:3:3:3:4:4:1
3:3:4:4:4:3:3:4:3:,recombination,11296.679790522436,3:4:4:4:4:1:2:3:4,0:2:4:1:0:4:4:4:0,MUTATE
1:2:4:2:1:4:4:4:1:,recombination,11571.324247988345,3:3:4:4:4:3:3:4:3,0:2:4:1:0:4:4:4:0
4:4:2:4:4:1:1:1:4:,clone,11953.959312929554,4:4:2:4:4:1:1:1:4
4:4:3:4:4:0:0:2:4:,recombination,11500.33053516345,2:3:4:4:3:3:3:4:2,2:3:4:4:3:2:3:4:1
4:4:3:4:4:0:1:2:4:,recombination,10518.535339787231,4:4:3:4:4:1:1:3:4,4:4:4:4:4:2:3:4:3,MUTATE
4:3:3:4:4:2:2:4:4:,recombination,12148.586699078825,4:4:3:4:4:3:3:4:4,2:2:4:3:1:4:4:4:1
4:4:4:4:4:0:0:0:4:,clone,9600.64414981551,4:4:4:4:4:0:0:0:4
3:4:4:4:4:2:2:2:4:,clone,11792.68932266065,3:4:4:4:4:2:2:2:4
4:3:3:4:4:2:2:3:4:,clone,12177.56444135522,4:4:4:4:4:2:2:3:4
4:3:3:4:4:2:2:3:4:,clone,12000.723331937013,4:3:3:4:4:2:2:3:4
3:3:4:4:4:4:3:4:2:,recombination,13275.667090119345,3:3:4:4:4:1:2:4:3,4:3:3:4:4:2:2:3:4
4:4:2:4:4:0:0:2:4:,recombination,11286.656918933146,2:3:4:4:2:3:4:4:1,0:1:4:1:0:4:4:4:0
2:3:4:4:4:4:3:4:2:,recombination,12839.033239800981,3:3:4:4:4:2:2:3:4,2:2:4:4:3:3:4:4:1
4:4:3:4:4:1:0:1:4:,clone,11207.14813746308,4:4:3:4:4:1:1:1:4
4:4:3:4:4:1:1:4:4:,recombination,11535.54242927074,2:2:4:4:3:4:4:4:1,2:3:4:4:4:1:2:2:2
4:4:4:4:4:2:1:3:4:,clone,11109.871844359257,4:4:4:4:4:2:1:3:4
4:4:4:4:4:2:1:3:4:,clone,11100.920166396261,4:4:4:4:4:2:1:3:4
4:4:4:4:4:2:1:3:4:,clone,11064.737386790674,4:4:4:4:4:2:2:3:4
4:4:4:4:4:2:2:3:4:,clone,10909.798909033112,4:4:4:4:4:2:2:3:4
4:4:4:4:4:2:2:3:4:,recombination,10856.91959120211,2:2:4:4:3:4:4:4:1,4:4:2:4:4:0:0:0:4
4:3:4:4:4:3:3:4:4:,recombination,13016.603875820758,4:4:4:4:4:0:1:2:4,2:3:4:4:4:2:3:3:2
4:4:3:4:4:0:0:2:4:,clone,11176.422448711337,4:4:3:4:4:0:0:2:4
4:4:3:4:4:2:2:4:4:,clone,11703.553342478455,4:4:3:4:4:1:2:4:4
2:2:4:3:1:4:4:4:1:,recombination,12611.913513517156,2:3:4:4:4:2:3:2:2,2:2:4:4:3:3:3:4:2
2:2:4:3:1:3:4:4:1:,recombination,13116.635721472043,3:4:4:4:4:1:1:1:4,1:2:4:4:4:2:3:4:1
2:3:4:3:2:4:4:4:2:,clone,12556.561065069436,2:3:4:3:2:4:4:4:2
1:3:4:3:1:3:4:4:1:,recombination,13811.786706008306,4:4:4:4:4:2:2:2:4,2:3:4:4:4:1:2:4:2
1:1:4:2:0:4:4:4:0:,clone,13049.215950266323,1:1:4:2:0:4:4:4:0
2:3:4:4:3:4:3:4:1:,clone,12391.095584574123,2:3:4:4:3:4:3:4:1
1:3:4:4:3:4:4:4:1:,recombination,12691.33466495019,4:3:3:4:4:2:2:4:4,3:4:4:4:4:1:1:1:3,MUTATE
3:3:4:4:4:2:3:4:2:,recombination,10783.425020483835,2:2:4:3:3:3:4:4:1,2:3:4:4:3:4:4:4:2,MUTATE
3:3:4:4:4:2:2:3:4:,recombination,11290.162324613926,3:3:4:4:4:2:3:4:3,0:2:4:2:0:4:4:4:0
2:3:4:4:4:1:2:2:2:,clone,9457.298934158782,4:4:4:4:4:2:2:3:4
1:2:4:4:3:2:3:4:1:,recombination,11039.623332030375,2:2:4:4:3:4:3:4:1,2:3:4:4:2:3:4:4:2
1:2:4:4:4:2:3:3:1:,recombination,9975.033475179016,1:2:4:2:0:4:4:4:0,1:3:4:3:1:4:4:4:1,MUTATE
2:3:4:4:4:1:1:1:2:,clone,9441.705685078074,2:3:4:4:4:1:1:1:2
1:2:4:4:4:2:3:4:1:,recombination,10601.658874924424,2:3:4:4:3:3:3:4:2,1:2:4:3:2:4:4:4:1,MUTATE
2:3:4:4:4:1:2:2:2:,recombination,9350.563061332943,4:4:4:4:4:2:1:3:4,3:3:4:4:4:3:3:4:2
2:2:4:4:4:2:2:4:2:,recombination,10221.698130207344,4:4:3:4:4:1:1:4:4,4:4:2:4:4:0:0:0:4
2:2:4:4:4:2:3:4:1:,clone,10217.337195609438,1:2:4:4:4:2:3:4:1
1:2:4:4:4:2:3:4:1:,clone,10410.950923108243,1:2:4:4:4:2:3:4:1
2:2:4:4:4:2:2:3:2:,clone,9681.76283773305,2:2:4:4:4:1:2:3:2
2:3:4:4:4:2:3:4:2:,clone,10041.422549071052,2:3:4:4:4:2:3:4:2
2:2:4:4:4:3:3:4:1:,recombination,11196.295776415318,4:4:4:4:4:2:1:3:4,4:4:3:4:4:0:1:2:4
1:2:4:4:3:3:3:4:1:,recombination,11127.985607187456,1:2:4:3:1:3:4:4:1,2:3:4:4:3:4:4:4:2,MUTATE
2:2:4:4:4:2:3:3:2:,clone,10517.879831869099,2:2:4:4:4:2:3:3:2
1:2:4:4:3:3:3:4:1:,clone,10990.77802211728,1:2:4:4:3:3:3:4:1
2:2:4:4:4:2:3:4:2:,recombination,10521.536724980253,2:3:4:4:4:2:3:3:2,3:3:4:4:4:2:2:3:4,MUTATE
2:2:4:4:4:3:3:4:2:,recombination,11418.325418466999,2:2:4:3:2:4:4:4:1,2:3:4:4:4:1:2:2:2,MUTATE
2:2:4:4:4:3:3:4:2:,recombination,11089.958766270263,2:2:4:4:3:3:4:4:1,4:4:2:4:4:0:0:1:4,MUTATE
1:2:4:2:1:4:4:4:1:,clone,11519.414380028216,1:2:4:2:1:4:4:4:1
1:2:4:2:1:3:4:4:1:,recombination,11460.689258261276,0:1:4:1:0:4:4:4:0,4:4:3:4:4:0:1:1:4
1:2:4:3:1:4:4:4:0:,clone,11915.67979065567,1:2:4:2:1:4:4:4:0
1:2:4:3:2:4:4:4:1:,clone,11282.888750101169,1:2:4:2:1:4:4:4:0
1:2:4:3:1:4:4:4:0:,recombination,11908.086989569752,1:2:4:3:1:4:4:4:0,1:2:4:3:1:4:4:4:0,MUTATE
4:4:4:4:4:1:1:2:4:,recombination,9882.858570016464,4:4:3:4:4:0:1:1:4,2:3:4:4:4:2:3:3:2
4:4:4:4:4:0:1:1:4:,clone,9649.082411759135,4:4:4:4:4:0:1:1:4
4:4:3:4:4:0:1:2:4:,recombination,10442.499424201418,4:4:3:4:4:1:2:3:4,1:2:4:4:4:2:3:3:1,MUTATE
4:4:3:4:4:1:2:2:4:,clone,10704.040158694866,4:4:3:4:4:1:2:2:4
4:4:3:4:4:0:1:1:4:,recombination,10349.643626917494,2:2:4:4:4:2:3:3:2,1:3:4:3:2:4:4:4:1
4:4:2:4:4:1:1:1:4:,recombination,11193.863736938792,4:4:4:4:4:1:2:3:4,1:2:4:3:1:4:4:4:0,MUTATE
4:3:3:4:4:2:2:4:4:,clone,11336.545988857079,4:3:3:4:4:2:2:4:4
4:4:2:4:4:1:1:2:4:,recombination,10960.609730609922,0:1:4:1:0:4:4:4:0,4:4:4:4:4:2:2:3:4,MUTATE
4:3:4:4:4:2:3:4:3:,clone,12619.961540252547,4:3:4:4:4:2:3:4:3
4:4:3:4:4:0:1:1:4:,clone,10119.033464740744,4:4:3:4:4:0:1:1:4
3:3:3:4:4:2:2:4:3:,clone,11051.474997702786,3:3:3:4:4:2:2:4:3
4:3:4:4:4:2:2:4:4:,recombination,11298.214896605421,1:2:4:4:3:3:3:4:1,4:4:4:4:4:1:2:3:4,MUTATE
4:4:3:4:4:2:2:4:4:,clone,11327.486286456942,4:4:3:4:4:1:2:3:4
4:4:3:4:4:2:1:3:4:,clone,11740.24701801371,4:4:3:4:4:2:1:3:4
4:3:4:4:4:2:3:4:4:,clone,12208.279677165148,4:3:4:4:4:2:3:4:4
2:3:4:4:2:3:4:4:2:,clone,12985.175766512459,2:3:4:4:2:3:4:4:2
4:4:1:4:4:0:0:0:4:,clone,10681.443115637512,4:4:2:4:4:0:0:0:4
4:3:3:4:4:1:2:3:4:,clone,11912.828147854607,4:3:3:4:4:1:2:3:4
4:4:2:4:4:0:1:1:4:,clone,11206.213349266738,4:4:2:4:4:0:1:1:4
3:3:3:4:4:1:2:3:3:,clone,10954.572209215916,3:3:4:4:4:1:2:3:3
4:4:2:4:4:0:1:1:4:,recombination,11121.726412784865,3:4:4:4:4:2:2:2:3,4:3:3:4:4:2:2:4:4,MUTATE
4:3:4:4:4:1:2:3:4:,clone,11085.438437470233,4:3:4:4:4:1:2:3:4
4:4:2:4:4:0:1:1:4:,clone,10954.51724262451,4:4:2:4:4:0:1:1:4
3:3:4:4:4:1:2:3:4:,clone,10908.691007298068,3:3:4:4:4:2:2:3:4
4:4:2:4:4:0:1:1:4:,clone,10460.783032059973,4:4:2:4:4:0:1:1:4
3:3:3:4:4:2:2:3:3:,clone,11394.113332569075,3:3:3:4:4:2:2:3:3
4:4:2:4:4:1:1:1:4:,clone,11077.178372079838,4:4:2:4:4:1:1:1:4
4:4:3:4:4:2:2:2:4:,clone,11713.466351957453,4:4:3:4:4:1:1:2:4
4:3:4:4:4:3:2:4:4:,recombination,12169.468942651152,4:4:4:4:4:1:1:3:4,3:3:4:4:4:2:3:4:2,MUTATE
2:3:4:3:3:3:3:4:1:,recombination,11383.025073518485,4:4:4:4:4:1:1:3:4,1:2:4:4:4:2:3:4:1,MUTATE
2:2:4:3:3:3:4:4:1:,clone,11534.909657657588,2:2:4:3:3:3:3:4:1
2:2:4:2:1:4:4:4:1:,recombination,12238.437320547104,1:2:4:4:3:3:3:4:1,2:3:4:4:4:3:3:4:2
1:2:4:2:0:4:4:4:1:,recombination,12690.87000320176,4:4:4:4:4:2:2:2:4,2:3:4:3:2:3:4:4:2,MUTATE
1:2:4:3:1:4:4:4:1:,recombination,12013.189125521701,4:4:4:4:4:2:1:2:4,4:4:3:4:4:0:1:2:4
1:2:4:1:0:4:4:4:0:,clone,11742.102390642141,1:2:4:1:0:4:4:4:0
4:4:4:4:4:0:0:2:4:,clone,11562.246772964609,4:4:4:4:4:0:0:2:4
2:2:4:4:3:4:3:4:2:,clone,12753.994423477703,2:2:4:4:3:4:3:4:2
4:4:3:4:4:0:0:2:4:,recombination,10828.581764522287,4:4:3:4:4:1:1:2:4,4:4:4:4:4:0:0:1:4,MUTATE
4:4:2:4:4:0:1:2:4:,clone,10989.00083929089,4:4:2:4:4:0:1:1:4
1:3:4:2:1:4:4:4:1:,recombination,13104.589452101756,1:3:4:3:1:4:4:4:1,2:3:4:4:4:2:2:2:3
1:3:4:2:1:4:4:4:1:,clone,12876.25887744138,1:3:4:2:1:4:4:4:1
4:4:2:4:4:0:0:0:4:,clone,9193.474344676102,0:2:4:1:0:4:4:4:0
4:4:4:4:4:1:1:2:4:,recombination,9729.170252518985,4:4:4:4:4:2:2:3:4,1:3:4:3:1:4:4:4:1
4:4:3:4:4:0:1:1:4:,recombination,9984.942876096487,0:1:4:2:0:4:4:4:0,2:2:4:4:3:3:4:4:1,MUTATE
4:4:2:4:4:0:0:0:4:,clone,9063.117222445067,4:4:3:4:4:0:0:0:4
4:3:4:4:4:1:2:4:4:,clone,10561.395437168732,3:3:4:4:4:1:2:4:3
4:4:3:4:4:0:1:1:4:,recombination,9970.352851971016,4:4:2:4:4:0:1:2:4,1:2:4:2:1:4:4:4:0
4:4:3:4:4:0:1:1:4:,clone,9912.648103699858,4:4:3:4:4:0:1:1:4
4:4:3:4:4:1:1:1:4:,clone,10050.249932654278,4:4:3:4:4:0:1:1:4
3:3:4:4:4:1:2:3:3:,recombination,9453.797419849978,4:4:4:4:4:1:1:2:4,2:3:4:4:3:4:4:4:2,MUTATE
4:4:3:4:4:0:1:1:4:,recombination,9259.045529124356,4:4:2:4:4:0:0:0:4,4:4:4:4:4:2:2:3:4
4:4:4:4:4:1:2:3:4:,recombination,10219.603314610918,4:4:4:4:4:1:1:2:4,3:3:4:4:4:3:2:4:3
4:4:3:4:4:0:1:2:4:,clone,10092.162712564588,4:4:3:4:4:0:1:2:4
2:3:4:4:3:3:4:4:1:,clone,11892.274569538053,2:2:4:3:2:3:4:4:1
4:3:4:4:4:2:2:4:4:,recombination,10962.948201323587,4:4:4:4:4:2:1:3:4,4:4:3:4:4:1:2:2:4
4:4:3:4:4:1:1:3:4:,clone,10303.938245721092,4:4:3:4:4:1:1:3:4
4:4:3:4:4:1:2:3:4:,recombination,10635.957701608211,4:4:3:4:4:0:1:1:4,3:4:4:4:4:1:2:3:4,MUTATE
3:3:4:4:4:2:3:4:3:,clone,10764.102270166117,3:3:4:4:4:2:3:4:3
3:3:3:4:4:2:2:4:3:,clone,10937.750374111532,3:3:3:4:4:2:2:4:3
3:3:3:4:4:2:3:4:3:,clone,11869.53690611589,3:3:3:4:4:2:3:4:3
3:3:3:4:4:2:3:4:3:,clone,11707.36018058979,3:3:3:4:4:2:3:4:3
4:4:3:4:4:0:0:2:4:,recombination,10664.061509905048,2:3:4:3:2:3:4:4:2,4:4:2:4:4:0:0:0:4,MUTATE
4:4:2:4:4:1:0:2:4:,clone,11551.477540396563,4:4:2:4:4:1:0:2:4
4:4:3:4:4:1:1:2:4:,clone,10083.843795180397,4:4:3:4:4:1:1:2:4
4:4:3:4:4:1:1:2:4:,recombination,10046.092305136237,2:2:4:3:3:3:4:4:1,1:2:4:1:0:4:4:4:0,MUTATE
4:4:3:4:4:2:2:4:4:,recombination,11290.378988651159,4:4:4:4:4:1:2:4:4,2:2:4:4:3:4:4:4:1,MUTATE
1:2:4:3:1:4:4:4:1:,recombination,12012.857013916831,4:4:3:4:4:1:1:1:4,4:4:3:4:4:3:2:4:4,MUTATE
4:3:4:4:4:2:3:4:3:,recombination,12574.920079798485,3:4:4:4:4:2:3:4:3,1:2:4:2:1:3:4:4:1
1:3:4:4:4:3:3:4:1:,clone,12398.554632756302,2:3:4:4:4:3:3:4:1
1:1:4:2:0:4:4:4:0:,clone,13014.875325237703,1:2:4:2:0:4:4:4:0
4:4:4:4:4:1:2:2:4:,recombination,10350.25789296332,3:3:3:4:4:2:3:4:3,3:3:4:4:4:1:2:3:3,MUTATE
4:4:4:4:4:2:2:3:4:,clone,10823.463194392341,4:4:4:4:4:1:2:3:4
4:4:4:4:4:1:2:3:4:,clone,10159.874185773018,4:4:4:4:4:1:1:2:4
4:3:4:4:4:2:2:4:4:,clone,10801.851559782466,4:3:4:4:4:2:2:4:4
3:3:4:4:4:2:2:3:3:,clone,10162.599392783453,3:3:4:4:4:2:2:3:3
3:3:4:4:4:2:2:3:3:,clone,10154.320582944116,3:3:4:4:4:2:2:3:3
3:3:4:4:4:1:2:3:4:,clone,10262.173455274567,3:3:4:4:4:1:2:3:4
3:3:4:4:4:2:2:3:3:,clone,10030.99175212906,3:3:4:4:4:2:2:3:3
2:2:4:4:4:2:3:4:2:,recombination,10149.037602766764,4:4:3:4:4:1:1:1:4,0:2:4:1:0:4:4:4:0,MUTATE
3:3:4:4:4:2:2:3:4:,recombination,10830.244753755413,3:3:4:4:4:1:2:3:3,2:3:4:4:2:3:4:4:2
2:2:4:4:3:3:4:4:1:,recombination,11843.653534676176,1:2:4:1:0:4:4:4:0,1:3:4:4:3:4:4:4:1,MUTATE
3:3:4:4:4:2:3:4:3:,clone,10711.443335415113,3:3:4:4:4:2:3:4:3
2:2:4:4:3:3:3:4:1:,recombination,10947.76941387133,4:4:4:4:4:1:2:3:4,3:3:4:4:4:3:3:4:3
2:2:4:4:4:3:3:4:2:,clone,10634.104157982223,2:2:4:4:4:3:3:4:2
1:1:4:2:0:4:4:4:0:,recombination,12841.663700129233,4:4:3:4:4:1:1:2:4,0:2:4:1:0:4:4:4:0,MUTATE
2:3:4:2:1:4:4:4:1:,clone,13546.782272629354,2:2:4:2:1:4:4:4:1
0:2:4:2:1:3:4:4:0:,recombination,13140.776949568137,1:3:4:4:4:3:3:4:1,2:3:4:4:3:3:3:4:2,MUTATE
4:4:4:4:4:2:1:4:4:,clone,11644.546409750748,4:4:4:4:4:1:1:3:4
4:3:3:4:4:2:3:4:4:,recombination,12796.930464009078,4:4:3:4:4:1:1:2:4,3:3:4:4:4:2:2:3:3
2:2:4:4:2:3:4:4:1:,recombination,12817.763300662242,1:2:4:2:1:4:4:4:1,2:3:4:3:3:3:3:4:1
4:4:4:4:4:1:1:2:4:,clone,9651.697282270923,4:4:4:4:4:1:1:2:4
4:4:4:4:4:1:1:2:4:,clone,9479.831921212237,4:4:4:4:4:1:1:2:4
4:4:4:4:4:1:1:2:4:,recombination,9479.831921212235,4:4:4:4:4:1:1:2:4,2:3:4:4:3:4:4:4:2,MUTATE
4:4:4:4:4:1:1:2:4:,clone,9203.812527747155,4:4:4:4:4:1:1:2:4
4:4:4:4:4:1:1:3:4:,clone,9589.363242269454,4:4:4:4:4:1:1:2:4
3:3:4:4:4:1:1:3:4:,clone,9589.363242269454,4:4:4:4:4:1:1:3:4
4:4:4:4:4:1:2:3:4:,recombination,10011.107645620845,4:4:4:4:4:2:1:2:4,4:4:4:4:4:0:1:2:4,MUTATE
3:3:4:4:4:1:2:3:4:,recombination,9922.129990161124,4:4:3:4:4:1:2:2:4,2:3:4:4:3:4:4:4:2
3:4:4:4:4:1:2:4:3:,clone,10280.51069146023,3:4:4:4:4:1:2:4:3
4:4:3:4:4:1:1:2:4:,clone,9984.259582671362,4:4:3:4:4:1:1:2:4
4:4:4:4:4:0:1:1:4:,recombination,9613.699996965957,2:2:4:4:3:4:4:4:1,1:1:4:2:0:4:4:4:0
4:4:4:4:4:2:2:3:4:,recombination,10611.437524234054,3:4:4:4:4:1:2:3:4,2:2:4:3:3:3:3:4:1
3:3:4:4:4:2:2:3:4:,clone,10507.3710970128,3:3:4:4:4:2:2:3:4
4:4:4:4:4:2:2:3:4:,clone,10507.830904911221,4:4:4:4:4:2:2:3:4
4:4:4:4:4:2:2:3:4:,clone,10386.168492469204,4:4:4:4:4:1:2:3:4
3:3:4:4:4:3:3:4:3:,clone,11048.961242690188,3:3:4:4:4:3:3:4:3
4:4:3:4:4:0:0:0:4:,recombination,9084.498718156185,2:3:4:3:2:3:4:4:2,3:3:4:4:4:2:2:3:3,MUTATE
4:4:4:4:4:0:0:0:4:,clone,9065.126738926514,4:4:4:4:4:0:0:0:4
4:4:3:4:4:1:2:3:4:,recombination,10549.039305582111,1:2:4:4:3:3:3:4:1,3:4:4:4:4:1:1:2:4,MUTATE
4:4:2:4:4:0:1:2:4:,clone,10487.702619950282,4:4:3:4:4:0:1:2:4
4:4:2:4:4:0:0:1:4:,clone,10267.278009408054,4:4:2:4:4:0:0:1:4
4:4:2:4:4:0:1:1:4:,clone,10289.86233108896,4:4:3:4:4:0:1:1:4
4:3:3:4:4:2:2:4:4:,clone,10751.41782741267,4:3:3:4:4:2:2:4:4
3:4:4:4:4:2:2:3:4:,clone,10518.983205031096,3:4:4:4:4:2:2:3:4
4:3:3:4:4:1:2:3:4:,clone,11051.367957693428,4:4:3:4:4:1:2:3:4
3:3:4:4:4:3:3:4:2:,recombination,11056.560745966599,1:2:4:3:1:4:4:4:1,2:3:4:4:4:2:3:2:3,MUTATE
3:3:4:4:4:2:2:3:3:,clone,9950.837743701084,3:3:4:4:4:2:2:3:3
4:4:4:4:4:1:2:2:4:,recombination,10273.098141617114,3:4:4:4:4:2:2:3:4,3:3:4:4:4:3:3:4:3
2:3:4:4:3:3:3:4:2:,clone,10816.441045857518,2:3:4:4:4:3:3:4:2
3:3:4:4:4:2:2:3:3:,clone,9914.059077814878,3:3:4:4:4:2:2:3:3
2:2:4:4:3:3:3:4:1:,recombination,10816.441045857518,2:3:4:4:4:4:3:4:2,3:3:4:4:4:3:3:4:2
3:4:4:4:4:2:2:3:3:,recombination,10307.860443058455,4:4:3:4:4:0:0:0:4,2:2:4:2:1:4:4:4:1,MUTATE
3:4:4:4:4:2:2:3:4:,clone,10392.407594117334,3:4:4:4:4:2:2:3:4
3:3:4:4:4:2:3:4:3:,clone,10707.054233369052,3:3:4:4:4:2:3:4:3
4:3:4:4:4:2:2:4:4:,recombination,10750.019340444602,4:4:3:4:4:1:1:3:4,4:4:2:4:4:0:1:1:4
1:2:4:4:3:2:3:4:1:,clone,10029.943277997516,1:2:4:4:3:2:3:4:1
2:2:4:4:3:2:3:4:1:,clone,10632.828312388565,2:2:4:4:4:2:3:4:1
2:2:4:4:3:2:3:4:2:,clone,11764.015368497825,2:2:4:4:3:2:3:4:2
2:2:4:4:3:2:3:4:2:,clone,11526.605562604915,2:2:4:4:3:2:3:4:2
1:2:4:4:2:3:4:4:1:,recombination,12794.682278126364,3:4:4:4:4:2:2:2:4,0:1:4:1:0:4:4:4:0,MUTATE
2:2:4:4:3:4:3:4:1:,recombination,12495.716674817242,4:4:4:4:4:1:1:4:4,4:3:4:4:4:1:2:4:4,MUTATE
2:2:4:4:3:4:3:4:1:,recombination,12480.016425543588,4:4:3:4:4:1:1:4:4,4:4:2:4:4:1:1:2:4,MUTATE
2:2:4:4:2:4:4:4:1:,clone,12796.719271251186,2:3:4:4:3:4:4:4:1
2:2:4:4:3:4:3:4:1:,recombination,12388.305925773106,4:4:3:4:4:0:1:1:4,4:4:3:4:4:1:1:1:4
2:2:4:4:3:4:3:4:1:,clone,12280.190175840631,2:2:4:4:3:4:4:4:1
2:2:4:4:3:4:4:4:2:,clone,12819.07708202186,2:3:4:4:3:4:3:4:2
4:4:1:4:4:0:0:2:4:,recombination,12704.780391512544,2:3:4:4:3:3:3:4:2,3:4:4:4:4:2:2:4:3,MUTATE
0:1:4:2:0:4:4:4:0:,clone,11963.65145890872,0:1:4:2:1:4:4:4:0
0:1:4:2:1:4:4:4:0:,clone,12501.748351008164,0:1:4:2:1:4:4:4:0
0:1:4:2:1:4:4:4:0:,clone,12291.926827215966,0:1:4:2:1:4:4:4:0
0:1:4:2:0:4:4:4:0:,clone,11948.09005372229,0:1:4:2:0:4:4:4:0
0:1:4:2:1:4:4:4:0:,clone,12237.01308610329,0:1:4:2:1:4:4:4:0
4:4:1:4:4:0:0:1:4:,recombination,12513.54243204325,4:4:3:4:4:3:2:4:4,4:4:4:4:4:2:2:4:4
4:4:1:4:4:0:0:1:4:,clone,12380.06418651574,4:4:1:4:4:0:0:1:4
2:2:4:4:3:3:4:4:2:,recombination,12085.738063751747,4:4:4:4:4:1:2:3:4,2:3:4:3:2:4:4:4:2
4:4:4:4:4:0:0:0:4:,recombination,8179.667183251873,2:2:4:3:2:4:4:4:1,2:3:4:4:3:4:4:4:2,MUTATE
3:3:4:4:4:0:1:1:3:,clone,8655.53269426725,3:3:4:4:4:0:1:1:3
4:4:4:4:4:0:0:0:4:,clone,8102.096693697941,4:4:4:4:4:0:0:0:4
4:4:4:4:4:0:0:1:4:,clone,8378.094599990607,4:4:4:4:4:0:0:1:4
3:3:4:4:4:1:1:1:3:,recombination,8787.808826966031,1:2:4:2:1:4:4:4:1,2:3:4:3:2:3:4:4:2
3:3:4:4:4:0:1:1:3:,clone,8511.000163543227,3:3:4:4:4:0:1:1:3
3:3:4:4:4:0:1:1:3:,clone,8152.463658480616,3:3:4:4:4:0:1:1:3
4:4:4:4:4:0:0:1:4:,recombination,8165.759708502636,4:4:4:4:4:1:1:2:4,4:3:4:4:4:2:3:4:3,MUTATE
3:3:4:4:4:1:2:2:3:,recombination,9578.560706654778,4:4:3:4:4:2:2:4:4,2:3:4:4:2:3:4:4:2,MUTATE
3:3:4:4:4:1:1:2:3:,recombination,8959.350065432714,2:2:4:4:4:2:2:4:2,3:3:4:4:4:3:3:4:3
3:3:4:4:4:1:1:2:3:,recombination,8831.86463654728,3:3:4:4:4:2:2:3:4,1:2:4:4:2:3:4:4:1
3:4:4:4:4:0:1:1:4:,recombination,8320.89811554776,4:4:3:4:4:1:2:2:4,2:3:4:3:2:4:4:4:1,MUTATE
3:3:4:4:4:1:1:2:4:,clone,9166.487109497415,3:3:4:4:4:1:1:2:4
4:4:3:4:4:0:0:0:4:,clone,8581.584293129445,4:4:4:4:4:0:0:0:4
4:4:3:4:4:0:0:1:4:,clone,8454.001430003176,4:4:3:4:4:0:0:1:4
4:3:3:4:4:0:1:1:4:,clone,9002.41534163828,3:3:3:4:4:0:1:1:4
4:3:3:4:4:1:1:2:4:,clone,10050.40921701136,4:3:3:4:4:1:1:2:4
3:3:3:4:4:1:2:4:3:,recombination,10690.20411248031,2:3:4:4:3:3:3:4:2,1:3:4:4:2:4:4:4:1
4:4:2:4:4:1:1:4:4:,recombination,12778.443236475625,2:2:4:2:1:4:4:4:1,4:4:4:4:4:0:1:2:4
4:4:2:4:4:1:0:1:4:,clone,13074.547358745815,4:4:2:4:4:1:0:1:4
4:4:2:4:4:2:1:4:4:,recombination,13143.015206732502,2:2:4:3:3:3:3:4:1,1:2:4:2:1:4:4:4:0
4:4:2:4:4:2:1:4:4:,clone,13039.851341348702,4:4:2:4:4:2:1:4:4
4:4:4:4:4:3:3:4:4:,recombination,12401.682413460398,4:4:4:4:4:1:1:2:4,4:4:3:4:4:1:1:2:4
4:4:4:4:4:3:3:4:3:,recombination,12293.549708794562,4:3:4:4:4:1:2:3:4,3:3:4:4:4:2:2:2:3,MUTATE
4:4:4:4:4:3:3:4:3:,recombination,12179.005794201752,2:2:4:3:2:3:4:4:1,4:4:4:4:4:2:1:3:4
4:4:4:4:4:3:3:4:4:,clone,12352.889950026814,4:4:4:4:4:3:3:4:4
1:2:4:1:0:4:4:4:0:,clone,11634.23956675919,0:2:4:1:0:4:4:4:0
4:4:2:4:4:0:0:1:4:,recombination,9894.275250741983,4:4:4:4:4:0:0:1:4,2:2:4:4:2:4:4:4:1
4:4:1:4:4:0:0:0:4:,recombination,10485.577016764322,4:4:2:4:4:1:1:1:4,4:4:3:4:4:2:2:2:4,MUTATE
4:4:2:4:4:1:1:2:4:,clone,10940.53919694745,4:4:2:4:4:1:1:2:4
4:4:3:4:4:2:2:4:4:,recombination,11231.268692401562,4:4:4:4:4:2:3:3:4,3:4:4:4:4:2:2:3:4
4:3:3:4:4:2:3:4:4:,recombination,12772.966987315798,4:4:4:4:4:0:1:2:4,2:3:4:4:3:3:3:4:2
4:3:3:4:4:2:3:4:4:,clone,12549.87395909388,4:3:3:4:4:2:3:4:4
2:2:4:4:3:3:3:4:2:,recombination,11096.948852677511,2:3:4:4:2:3:4:4:2,4:4:4:4:4:3:2:4:4
1:2:4:3:3:3:4:4:1:,clone,11608.404073804866,1:2:4:4:3:3:3:4:1
1:2:4:3:1:3:4:4:1:,clone,12038.813177286478,1:2:4:3:1:3:4:4:1
1:2:4:3:1:3:4:4:1:,clone,11934.341200031542,1:2:4:3:1:3:4:4:1
2:2:4:3:3:3:3:4:1:,clone,11268.290968968886,2:3:4:4:3:3:3:4:1
2:3:4:3:1:4:4:4:1:,recombination,12962.980713036219,3:3:4:4:4:2:2:3:4,1:3:4:3:2:4:4:4:1
3:3:4:4:4:3:2:4:3:,recombination,11625.055338958126,0:1:4:1:0:4:4:4:0,1:3:4:3:3:3:3:4:1
3:3:4:4:4:3:2:4:3:,clone,11453.08664126468,3:3:4:4:4:3:2:4:3
3:3:4:4:4:3:2:4:3:,clone,11453.086641264677,3:3:4:4:4:3:2:4:3
4:4:4:4:4:0:1:1:4:,recombination,9602.06776690358,3:3:4:4:4:2:2:3:4,4:4:3:4:4:0:0:2:4
3:3:4:4:4:1:2:2:4:,clone,10911.178639329277,3:3:4:4:4:1:2:2:4
4:4:4:4:4:0:1:0:4:,clone,10339.184627978877,4:4:4:4:4:0:1:0:4
4:3:4:4:4:1:2:2:4:,clone,10801.754924466139,3:3:4:4:4:1:2:2:4
3:3:4:4:4:2:3:3:4:,recombination,13134.975729170186,2:3:4:4:4:1:2:2:3,0:2:4:1:0:4:4:4:0,MUTATE
2:3:4:4:3:3:3:4:1:,clone,11030.4062415655,2:3:4:4:3:3:3:4:1
2:2:4:3:2:3:3:4:1:,recombination,10983.326230074937,3:4:4:4:4:0:1:1:4,3:3:4:4:4:2:3:4:2,MUTATE
2:2:4:3:3:3:3:4:1:,recombination,11082.206092805087,2:2:4:4:3:4:3:4:1,2:2:4:4:3:2:3:4:1
1:2:4:2:1:3:4:4:1:,recombination,10975.119033903387,1:2:4:4:2:4:4:4:1,4:4:2:4:4:1:1:1:4
2:3:4:3:3:3:4:4:2:,recombination,11574.285885499372,4:4:4:4:4:0:1:1:4,1:2:4:2:1:4:4:4:0,MUTATE
4:4:1:4:4:0:0:0:4:,clone,9899.457715525998,0:1:4:1:0:4:4:4:0
1:2:4:3:3:4:4:4:1:,clone,12448.086915248254,1:2:4:3:3:4:4:4:1
2:3:4:4:4:3:3:4:1:,recombination,11845.453848067442,3:3:4:4:4:2:2:3:3,4:4:4:4:4:1:2:2:4,MUTATE
1:2:4:4:2:4:4:4:1:,recombination,12903.069949738125,3:3:3:4:4:2:2:4:3,1:3:4:4:3:2:3:3:1,MUTATE
2:2:4:4:3:4:4:4:2:,clone,12742.13857043214,2:2:4:4:3:4:4:4:2
1:2:4:4:3:4:4:4:1:,recombination,12562.373408116126,1:2:4:3:2:4:4:4:0,1:2:4:4:2:4:4:4:1
3:4:4:4:4:3:3:4:3:,recombination,11697.351756596208,2:3:4:4:2:4:4:4:1,4:4:4:4:4:1:1:2:4,MUTATE
4:4:4:4:4:2:1:3:4:,recombination,10912.602688254912,4:4:3:4:4:1:1:2:4,3:4:4:4:4:2:2:3:3
2:2:4:4:3:4:3:4:2:,clone,11946.806401840735,2:2:4:4:3:4:3:4:2
1:1:4:1:0:4:4:4:0:,clone,12271.940855792936,1:1:4:1:0:4:4:4:0
4:4:4:4:4:0:1:1:4:,recombination,9533.87154113606,2:2:4:4:3:3:3:4:1,1:2:4:2:0:4:4:4:0
4:4:4:4:4:1:1:2:4:,clone,9147.502634456461,4:4:4:4:4:1:1:2:4
4:4:4:4:4:0:1:2:4:,clone,9318.614971237967,4:4:4:4:4:0:1:2:4
4:4:4:4:4:0:1:1:4:,clone,9053.198656559187,4:4:4:4:4:0:1:1:4
4:4:4:4:4:0:1:1:4:,clone,8922.563588785197,4:4:4:4:4:0:1:1:4
4:4:4:4:4:0:1:0:4:,clone,9896.102093560678,4:4:4:4:4:0:1:0:4
3:3:4:4:4:1:2:3:3:,recombination,9422.97248589842,4:4:3:4:4:1:2:2:4,4:4:4:4:4:1:1:2:4,MUTATE
3:3:4:4:4:2:2:2:4:,clone,10896.245523390078,3:3:4:4:4:2:2:3:3
4:4:3:4:4:0:1:2:4:,clone,9714.652422500809,4:4:4:4:4:0:1:2:4
2:2:4:4:2:4:4:4:2:,recombination,13017.721450287976,2:3:4:4:4:4:3:4:2,3:4:4:4:4:2:2:2:4,MUTATE
4:4:3:4:4:1:1:3:4:,clone,9661.184350733969,4:4:4:4:4:1:1:3:4
2:2:4:4:3:2:3:4:2:,clone,10829.306541599486,2:3:4:4:4:2:3:4:2
2:3:4:4:3:3:3:4:1:,recombination,11002.708588012509,1:2:4:2:1:3:4:4:1,3:4:4:4:4:2:2:3:4
2:2:4:3:1:4:4:4:1:,recombination,12372.316295715631,2:2:4:3:2:4:4:4:1,1:2:4:2:1:3:4:4:1,MUTATE
4:4:4:4:4:3:3:4:4:,clone,12342.376803110417,4:4:4:4:4:3:3:4:4
2:2:4:4:2:4:4:4:1:,clone,12788.819112133584,2:2:4:3:2:4:4:4:1
2:3:4:4:3:4:3:4:1:,recombination,12268.140060368263,4:4:4:4:4:0:1:2:4,4:4:4:4:4:0:1:1:4
0:1:4:2:1:4:4:4:0:,clone,12150.209738411098,0:1:4:2:1:4:4:4:0
0:1:4:2:1:4:4:4:0:,clone,12093.65915034504,0:1:4:2:1:4:4:4:0
1:1:4:1:0:4:4:4:0:,clone,12062.06356816701,1:1:4:1:0:4:4:4:0
1:2:4:3:1:4:4:4:1:,clone,11861.619943061472,1:2:4:3:1:4:4:4:1
2:2:4:4:3:4:4:4:1:,recombination,12068.956844152912,4:3:3:4:4:2:2:4:4,0:1:4:2:1:4:4:4:0,MUTATE
1:2:4:4:3:3:4:4:1:,clone,11924.855369735467,1:2:4:4:3:3:4:4:1
4:4:2:4:4:0:1:2:4:,clone,10305.833495864194,4:4:3:4:4:0:1:2:4
4:4:3:4:4:2:1:4:4:,recombination,12444.73898151105,2:3:4:4:3:3:3:4:2,4:4:4:4:4:0:0:0:4,MUTATE
4:4:3:4:4:2:1:4:4:,clone,12348.37135930907,4:4:3:4:4:2:1:3:4
4:4:3:4:4:2:1:4:4:,recombination,12242.97306035545,2:2:4:4:3:2:3:4:1,3:4:4:4:4:1:2:4:3,MUTATE
4:4:3:4:4:2:1:4:4:,recombination,12116.134098682469,3:4:4:4:4:1:2:3:4,4:4:3:4:4:0:1:2:4,MUTATE
4:4:3:4:4:2:1:4:4:,clone,11772.254490893178,4:4:3:4:4:2:1:4:4
4:3:3:4:4:3:3:4:3:,clone,12913.923786795527,4:3:3:4:4:3:3:4:3
4:3:3:4:4:3:3:4:4:,recombination,12885.180272010533,2:2:4:2:1:4:4:4:1,1:2:4:2:1:4:4:4:1
4:3:3:4:4:3:3:4:3:,recombination,12866.979258081998,4:4:2:4:4:0:0:0:4,4:4:4:4:4:1:1:2:4
4:3:3:4:4:3:3:4:3:,recombination,12606.961459430651,4:4:4:4:4:1:2:3:4,0:1:4:2:1:4:4:4:0
4:3:3:4:4:3:3:4:4:,recombination,12753.744182832887,0:1:4:2:1:4:4:4:0,4:4:3:4:4:1:1:3:4
4:4:3:4:4:3:3:4:4:,recombination,12901.79162123613,4:4:3:4:4:1:2:3:4,4:4:4:4:4:2:3:4:4
3:3:3:4:4:3:3:4:3:,clone,12800.171747352666,3:3:3:4:4:3:3:4:3
4:3:3:4:4:2:3:4:4:,recombination,12488.338667040593,3:3:4:4:4:1:2:3:3,3:4:4:4:4:0:1:1:4
3:3:3:4:4:3:3:4:3:,clone,12609.662871549901,3:3:3:4:4:3:3:4:3
4:4:4:4:4:2:3:4:3:,clone,11905.347226723665,4:4:4:4:4:2:3:4:4
2:3:4:3:3:3:3:4:2:,recombination,11543.000238552302,2:3:4:4:4:1:2:2:2,4:4:3:4:4:1:1:3:4,MUTATE
