4:4:2:4:4:2:2:4:4:,initialisation,10693.13647063831,
4:4:2:4:4:2:2:4:4:,initialisation,10693.136470638306,
4:4:4:4:4:3:3:4:4:,initialisation,11133.90567170825,
4:4:4:4:4:2:2:4:4:,initialisation,10866.266611993353,
4:4:4:4:4:2:3:4:4:,initialisation,11519.793618650496,
4:4:4:4:4:1:1:2:4:,initialisation,10282.41728153708,
4:4:4:4:4:2:2:4:4:,initialisation,9822.164421682965,
3:3:4:4:4:2:2:3:4:,initialisation,12505.911738833976,
4:4:4:4:4:1:1:4:4:,initialisation,10519.905391452356,
4:4:4:4:4:2:3:4:4:,initialisation,10849.053692704554,
4:4:3:4:4:2:2:4:4:,initialisation,10693.136470638308,
3:3:4:4:4:2:3:4:3:,initialisation,11186.300353211704,
4:4:4:4:4:1:1:4:4:,initialisation,10229.694264163994,
3:3:4:4:4:3:3:4:3:,initialisation,11616.722281360067,
4:4:4:4:4:3:2:4:4:,initialisation,11675.660592973178,
4:4:4:4:4:1:2:4:4:,initialisation,11324.892716398152,
4:3:4:4:4:3:3:4:3:,initialisation,11707.520957348139,
4:4:3:4:4:0:0:0:4:,initialisation,10065.070858724397,
4:4:4:4:4:3:3:4:4:,initialisation,11042.879614425166,
4:4:4:4:4:2:3:4:4:,initialisation,10738.680468185352,
3:3:4:4:3:3:3:4:3:,initialisation,11846.192830021146,
4:4:4:4:4:3:3:4:4:,initialisation,11033.034033218319,
4:4:4:4:4:1:2:4:4:,initialisation,10288.741268378386,
3:3:4:4:4:1:2:3:4:,initialisation,10652.39937527731,
4:4:3:4:4:3:3:4:4:,initialisation,10693.136470638305,
3:3:4:4:4:1:2:3:3:,initialisation,11353.611378086509,
4:4:4:4:4:1:2:4:4:,initialisation,10034.485425492923,
4:4:3:4:4:2:2:4:4:,initialisation,10693.136470638303,
3:3:4:4:4:2:2:3:3:,initialisation,11627.309418956898,
3:4:4:4:4:2:2:4:3:,initialisation,11495.73765912995,
3:3:4:4:4:2:2:4:3:,initialisation,10566.458499687815,
2:3:4:4:3:3:3:4:2:,initialisation,12422.755746796654,
3:3:4:4:4:1:3:3:3:,initialisation,11467.421706659126,
4:3:4:4:4:2:3:4:4:,initialisation,11744.901526815886,
4:3:4:4:4:3:3:4:4:,initialisation,11553.364172705049,
4:3:4:4:4:2:3:4:4:,initialisation,11449.202804563727,
4:4:4:4:4:1:1:4:4:,initialisation,9863.828132044897,
4:4:4:4:4:3:3:4:4:,initialisation,10830.621116089213,
4:3:4:4:4:3:3:4:4:,initialisation,11149.75403800009,
4:4:3:4:4:3:3:4:4:,initialisation,10693.136470638301,
3:3:4:4:4:2:2:3:3:,initialisation,11500.981205112605,
4:4:3:4:4:3:2:4:4:,initialisation,10693.136470638305,
4:4:4:4:4:3:2:4:4:,initialisation,11203.091516453944,
4:3:4:4:4:2:3:4:4:,initialisation,10689.177302783224,
4:4:2:4:4:2:2:4:4:,initialisation,10693.136470638303,
3:4:4:4:4:2:2:3:4:,initialisation,11039.590478421316,
3:3:4:4:4:3:3:4:2:,initialisation,11102.188115383133,
4:3:4:4:4:2:2:4:4:,initialisation,10727.53281412315,
4:4:4:4:4:2:3:4:4:,initialisation,10374.306024679541,
4:4:2:4:4:1:1:4:4:,initialisation,10693.136470638312,
4:4:4:4:4:2:1:4:4:,initialisation,10728.246483596038,
4:4:4:4:4:1:2:3:4:,initialisation,10856.740332523032,
4:3:4:4:4:2:3:4:4:,initialisation,10453.288763342589,
4:4:3:4:4:2:2:4:4:,initialisation,10663.335498434539,
4:4:4:4:4:2:3:4:4:,initialisation,10276.434186313396,
4:4:4:4:4:2:2:3:4:,initialisation,11155.417846293854,
4:3:4:4:3:3:3:4:4:,initialisation,12452.953630697413,
4:4:4:4:4:1:2:2:4:,initialisation,10873.638849173607,
3:3:4:4:4:2:2:3:3:,initialisation,10739.619619537256,
4:3:4:4:4:3:3:4:3:,initialisation,11287.642151206073,
3:3:4:4:4:2:2:3:4:,initialisation,10858.969544849597,
4:4:4:4:4:1:2:4:4:,initialisation,9762.42546714857,
4:4:2:4:4:1:1:4:4:,initialisation,10693.136470638308,
3:4:4:4:4:2:3:4:3:,initialisation,12607.348237900233,
2:3:4:3:2:3:4:4:2:,initialisation,12840.299023026362,
4:3:4:4:3:3:3:4:4:,initialisation,12143.776258986489,
4:4:4:4:4:2:3:3:4:,initialisation,13218.440849745173,
4:4:2:4:4:2:2:4:4:,initialisation,10693.136470638301,
3:3:4:4:4:2:3:3:3:,initialisation,11960.85768479642,
4:4:4:4:4:1:2:2:4:,initialisation,10836.104315449089,
2:3:4:4:3:3:3:4:2:,initialisation,12170.261446027838,
3:4:4:4:4:2:2:4:3:,initialisation,11237.414059281833,
4:4:4:4:4:2:2:4:4:,initialisation,9711.750856885512,
3:3:4:4:4:1:2:4:3:,initialisation,10649.025076905715,
4:4:3:4:4:3:2:4:4:,initialisation,10693.136470638303,
1:1:4:1:0:4:4:4:0:,initialisation,12566.173003122698,
3:3:4:4:4:2:3:3:3:,initialisation,11371.126968470739,
1:1:4:1:0:4:4:4:0:,initialisation,11317.089732761831,
4:4:4:4:4:2:2:3:4:,initialisation,11041.914666052406,
4:4:4:4:4:2:1:4:4:,initialisation,10580.671187227405,
4:4:2:4:4:1:2:4:4:,initialisation,10693.136470638308,
4:4:4:4:4:1:1:3:4:,initialisation,9633.453709216661,
4:3:4:4:4:2:2:4:4:,initialisation,10461.624325055367,
4:4:4:4:3:3:3:4:4:,initialisation,11131.036394623297,
4:4:4:4:4:1:2:3:4:,initialisation,10628.724475721272,
4:3:4:4:4:2:2:4:4:,initialisation,10237.829810219944,
3:3:4:4:4:2:3:4:3:,initialisation,10797.10199532726,
4:4:2:4:4:2:1:4:4:,initialisation,10620.916125457816,
4:4:4:4:4:1:1:2:4:,initialisation,10126.780004211903,
3:4:4:4:4:1:2:3:4:,initialisation,11224.448386056498,
4:4:2:4:4:1:1:4:4:,initialisation,10693.136470638301,
2:3:4:4:3:3:4:4:2:,initialisation,13557.565217299407,
4:4:4:4:4:0:1:2:4:,initialisation,10142.256828432932,
4:4:3:4:4:3:2:4:4:,initialisation,10676.719131619657,
4:4:4:4:4:1:2:2:4:,initialisation,10450.93914447209,
3:3:4:4:4:1:2:3:3:,initialisation,10744.859267626836,
4:4:3:4:4:2:2:4:4:,initialisation,10612.231666866319,
4:3:4:4:4:3:3:4:4:,initialisation,11098.58494876878,
4:4:4:4:4:1:1:4:4:,initialisation,9853.810427490578,
3:4:4:4:4:2:2:4:3:,initialisation,10647.615784941807,
4:4:2:4:4:2:2:4:4:,initialisation,10555.507065445112,
4:4:4:4:4:1:2:3:4:,initialisation,10431.349747324586,
4:4:2:4:4:1:2:4:4:,initialisation,10693.136470638306,
4:4:2:4:4:1:2:4:4:,initialisation,10693.136470638305,
4:4:3:4:4:1:1:4:4:,initialisation,10567.439913857474,
4:4:3:4:4:2:2:4:4:,initialisation,10598.90464400435,
4:4:4:4:4:2:2:3:4:,initialisation,10747.99714363614,
4:3:4:4:4:3:3:4:4:,initialisation,10528.088250305926,
4:4:4:4:4:3:2:4:4:,initialisation,10948.066484285984,
4:3:4:4:4:2:3:4:3:,initialisation,10962.289075708428,
4:4:4:4:4:3:2:4:4:,initialisation,10349.468209352337,
2:3:4:4:4:3:3:4:2:,initialisation,12401.447376118198,
3:3:4:4:4:1:2:3:3:,initialisation,10452.96693520597,
4:3:4:4:4:2:3:4:4:,initialisation,10132.592468357992,
3:3:4:4:4:2:2:3:3:,initialisation,10618.347822073636,
4:4:2:4:4:1:2:4:4:,initialisation,10693.136470638303,
4:4:4:4:4:1:2:3:4:,initialisation,10211.488906073973,
4:4:4:4:4:2:2:2:4:,initialisation,11719.291184560401,
3:4:4:4:4:1:2:3:4:,initialisation,10452.959040649976,
4:4:4:4:4:1:1:1:4:,initialisation,10783.275416674971,
3:3:4:4:4:2:2:3:3:,initialisation,10373.082112524982,
4:4:4:4:4:1:2:3:4:,initialisation,9454.469823657972,
3:4:4:4:4:2:3:3:4:,initialisation,12343.20598223141,
3:4:4:4:4:2:2:3:3:,initialisation,11784.063411231615,
4:3:4:4:4:2:2:4:4:,initialisation,9890.053753298374,
4:4:2:4:4:1:2:4:4:,initialisation,10688.144271048963,
4:4:3:4:4:2:3:4:4:,initialisation,10693.136470638308,
3:3:4:4:4:3:3:4:3:,initialisation,11255.588130917267,
4:4:4:4:4:1:2:2:4:,initialisation,10129.132408631553,
4:4:3:4:4:1:1:4:4:,initialisation,10523.067356788304,
3:4:4:4:4:2:3:4:3:,initialisation,12227.623001110784,
4:4:2:4:4:1:2:4:4:,initialisation,10677.972522195812,
4:4:3:4:4:2:3:4:4:,initialisation,10693.136470638306,
4:4:4:4:4:2:1:4:4:,initialisation,10225.673840172145,
4:3:4:4:4:1:2:2:4:,initialisation,10173.12415496793,
4:4:4:4:4:1:1:4:4:,initialisation,9422.754575072971,
3:4:4:4:4:2:3:4:3:,initialisation,11519.226275355566,
4:4:4:4:4:2:2:3:4:,initialisation,10575.086195512918,
4:4:2:4:4:1:1:4:4:,initialisation,10552.33498294608,
4:4:3:4:4:3:2:4:4:,initialisation,10665.774849899282,
3:3:4:4:3:3:4:4:3:,initialisation,13368.853321585802,
3:3:4:4:4:2:3:3:4:,initialisation,12247.44378856351,
4:3:4:4:4:3:3:4:3:,initialisation,10644.02401099056,
2:3:4:4:4:2:3:4:2:,initialisation,12193.607711528812,
4:3:4:4:3:3:3:4:4:,initialisation,11443.362478233044,
4:4:3:4:4:2:2:4:4:,initialisation,10305.656579092492,
4:4:3:4:4:1:2:4:4:,initialisation,11199.704300990796,
4:4:3:4:4:1:1:3:4:,initialisation,9864.387296180812,
3:3:4:4:4:1:2:3:4:,initialisation,10136.461384648872,
3:3:4:4:4:1:2:3:3:,initialisation,10438.205626765075,
3:3:4:4:4:1:2:3:3:,initialisation,9578.092420457153,
3:4:4:4:4:2:3:4:3:,initialisation,11497.025710675665,
2:3:4:4:4:2:3:4:2:,initialisation,11884.176484379559,
4:4:4:4:4:2:3:3:4:,initialisation,11408.582062862186,
2:3:4:4:4:2:3:4:2:,initialisation,11603.974157737175,
4:4:3:4:4:2:2:4:4:,initialisation,10284.077607517895,
4:4:4:4:4:3:3:4:4:,initialisation,10804.214526329042,
4:4:4:4:4:3:3:4:4:,initialisation,10736.239268735859,
4:4:3:4:4:2:1:4:4:,initialisation,10332.337055835083,
3:3:4:4:4:2:3:4:2:,initialisation,12101.63167998662,
4:3:4:4:4:1:2:3:4:,initialisation,10978.308609157828,
3:4:4:4:4:2:3:4:3:,initialisation,11050.93567466231,
4:4:4:4:4:2:3:3:4:,initialisation,11300.376879445485,
3:3:4:4:4:2:3:4:3:,initialisation,10661.362257972742,
4:4:3:4:4:1:1:4:4:,initialisation,10503.934525175844,
4:4:3:4:4:2:3:4:4:,initialisation,10693.136470638305,
3:4:4:4:4:2:3:3:4:,initialisation,11877.440491735873,
3:3:4:4:4:3:3:4:3:,initialisation,11158.890911633309,
4:4:4:4:4:2:3:2:4:,initialisation,11936.17237663255,
4:3:4:4:4:2:2:2:4:,initialisation,11687.878476183883,
4:4:4:4:4:1:2:4:4:,initialisation,9611.603108725352,
3:4:4:4:4:3:3:4:3:,initialisation,12072.026936259575,
2:3:4:4:4:3:3:4:2:,initialisation,12166.739683236026,
4:3:4:4:3:3:3:4:3:,initialisation,11094.426072690814,
3:3:4:4:4:3:3:4:3:,initialisation,10766.51256223665,
3:3:4:4:4:2:2:3:3:,initialisation,10343.395179036612,
4:4:3:4:4:1:2:4:4:,initialisation,10669.13230828055,
4:4:4:4:4:3:3:4:4:,initialisation,10471.390709173147,
3:4:4:4:4:3:3:4:3:,initialisation,11881.21241180453,
1:1:4:1:0:4:4:4:0:,initialisation,11222.293915694137,
4:4:4:4:4:1:1:2:4:,initialisation,9884.179427363508,
4:4:4:4:4:2:2:3:4:,initialisation,10450.761752882034,
4:4:4:4:4:0:0:0:4:,initialisation,9981.647931046602,
4:4:4:4:4:2:1:4:4:,initialisation,10079.243090028696,
4:4:4:4:4:2:3:4:4:,initialisation,10254.603005738718,
4:4:4:4:4:1:2:4:4:,initialisation,9386.68917894123,
3:3:4:4:4:1:3:3:4:,initialisation,11398.243755602054,
4:4:4:4:4:2:2:2:4:,initialisation,10345.946402357025,
3:3:4:4:4:2:2:4:3:,initialisation,10366.536387756481,
3:3:4:4:4:1:2:3:4:,initialisation,10109.714999537722,
4:4:4:4:4:2:1:4:4:,initialisation,9859.268206861474,
4:3:4:4:4:3:3:4:4:,initialisation,10509.64537897738,
2:3:4:4:3:3:4:4:2:,initialisation,12942.474090187481,
3:4:4:4:4:2:3:3:3:,initialisation,12063.681888562738,
2:3:4:4:4:2:3:4:2:,initialisation,11464.182499811917,
2:3:4:4:4:3:3:4:2:,initialisation,11522.47916829019,
2:3:4:4:4:2:3:3:2:,initialisation,12786.876569782848,
3:3:4:4:4:2:3:3:4:,initialisation,11809.037450588308,
1:1:4:1:0:4:4:4:0:,initialisation,10693.136470638305,
3:4:4:4:4:2:3:3:4:,initialisation,11799.426042181907,
3:3:4:4:3:3:3:4:3:,initialisation,11232.649267456018,
3:3:4:4:4:2:3:4:2:,initialisation,11123.115668738275,
4:3:4:4:4:3:2:4:4:,initialisation,11078.231162927146,
3:4:4:4:4:1:2:4:3:,initialisation,11540.852313520238,
4:4:4:4:4:1:1:3:4:,recombination,9148.172547089343,3:3:4:4:4:2:2:3:3,4:4:4:4:4:1:2:3:4
4:3:4:4:4:2:2:4:4:,clone,9863.132288374636,4:3:4:4:4:2:2:4:4
4:4:4:4:4:3:2:4:4:,recombination,10349.468209352335,3:3:4:4:4:1:2:3:4,4:4:4:4:4:3:2:4:4,MUTATE
4:4:4:4:4:1:1:4:4:,recombination,9398.129511264398,4:4:4:4:4:1:1:3:4,4:4:3:4:4:2:2:4:4,MUTATE
4:4:2:4:4:1:2:4:4:,recombination,10511.504183307661,4:4:2:4:4:1:2:4:4,4:4:4:4:4:2:1:4:4
3:3:4:4:4:2:2:3:3:,clone,10263.74499253124,3:3:4:4:4:2:2:3:3
3:3:4:4:4:1:2:3:3:,recombination,9435.83065391094,3:3:4:4:4:1:2:3:3,2:3:4:4:4:3:3:4:2,MUTATE
4:3:4:4:4:2:2:3:4:,recombination,10544.892908232583,4:4:4:4:4:2:2:2:4,4:4:4:4:4:3:3:4:4
2:2:4:3:3:3:3:4:2:,recombination,10109.686856943265,1:1:4:1:0:4:4:4:0,4:4:4:4:4:1:2:3:4
2:3:4:4:3:3:3:4:2:,clone,12146.10806669818,2:3:4:4:3:3:3:4:2
2:3:4:4:3:3:3:4:2:,clone,12136.506616777595,2:3:4:4:3:3:3:4:2
4:3:4:4:4:3:3:4:4:,clone,10443.52048090081,4:3:4:4:4:3:3:4:4
4:3:4:4:3:3:3:4:4:,recombination,11401.712835855973,4:3:4:4:3:3:3:4:4,4:4:4:4:4:2:2:2:4,MUTATE
2:2:4:4:3:3:3:4:2:,clone,12098.972616741537,2:3:4:4:3:3:3:4:2
4:4:4:4:4:2:2:4:4:,recombination,9665.129298332433,4:4:4:4:4:1:2:4:4,4:4:4:4:4:3:2:4:4,MUTATE
4:4:4:4:4:3:2:4:4:,clone,10267.694014766455,4:4:4:4:4:3:2:4:4
3:4:4:4:4:1:2:3:4:,clone,10320.69994684631,3:4:4:4:4:1:2:3:4
2:2:4:2:1:4:4:4:1:,recombination,11345.881818265703,1:1:4:1:0:4:4:4:0,3:3:4:4:4:2:3:3:4
4:4:4:4:4:2:2:2:4:,clone,10321.796696455609,4:4:4:4:4:2:2:2:4
4:4:3:4:4:3:3:4:4:,clone,10693.1364706383,4:4:3:4:4:3:3:4:4
4:3:4:4:4:1:2:4:4:,recombination,9954.747290874979,3:3:4:4:4:2:3:4:3,4:4:4:4:4:1:1:3:4,MUTATE
4:3:4:4:4:3:3:4:4:,clone,10391.809415588034,4:4:4:4:4:3:3:4:4
4:4:4:4:4:2:2:3:4:,clone,10095.81845466575,4:4:4:4:4:2:2:2:4
4:3:4:4:4:2:3:4:4:,clone,10006.947545921123,4:3:4:4:4:2:3:4:4
3:3:4:4:4:2:3:3:4:,clone,11715.658463060576,3:3:4:4:4:2:3:3:4
3:3:4:4:4:2:2:3:4:,recombination,10465.622346764498,3:3:4:4:4:2:2:3:3,4:4:4:4:4:1:1:4:4
3:3:4:4:4:2:2:4:3:,recombination,10011.11025326008,4:4:4:4:4:1:2:3:4,3:3:4:4:4:2:3:4:3
2:2:4:3:3:3:3:4:2:,recombination,10020.717366565685,2:2:4:3:3:3:3:4:2,4:4:4:4:4:1:2:3:4,MUTATE
4:3:4:4:4:2:2:3:4:,clone,10332.09863985178,4:4:4:4:4:2:2:2:4
4:4:4:4:4:1:2:4:4:,recombination,9383.903768249855,4:4:4:4:4:1:2:3:4,4:4:4:4:4:1:1:3:4
4:3:4:4:4:3:2:4:4:,recombination,10099.753415602647,4:3:4:4:4:2:2:4:4,4:4:2:4:4:2:2:4:4
4:3:4:4:4:2:2:4:3:,recombination,10210.233362305511,4:3:4:4:4:2:2:4:4,3:3:4:4:4:2:2:3:4,MUTATE
4:3:4:4:4:2:3:4:3:,recombination,10764.446545860434,4:4:4:4:4:2:2:4:4,2:3:4:4:3:3:3:4:2
4:4:4:4:4:3:3:4:4:,recombination,10377.388798902373,4:3:4:4:4:2:3:4:4,4:4:4:4:4:3:3:4:4,MUTATE
4:4:2:4:4:1:1:4:4:,recombination,10532.202225828718,4:4:4:4:4:2:2:2:4,4:4:2:4:4:1:1:4:4
4:3:4:4:4:2:2:3:4:,recombination,10123.216324166202,4:4:4:4:4:2:2:3:4,4:4:3:4:4:1:1:4:4
4:4:3:4:4:2:3:4:4:,clone,10546.399355880023,4:4:3:4:4:2:3:4:4
2:2:4:3:2:4:4:4:1:,recombination,12250.907881252218,1:1:4:1:0:4:4:4:0,4:4:4:4:4:2:3:2:4,MUTATE
4:4:4:4:4:2:2:4:4:,recombination,9377.995842114062,4:4:4:4:4:1:2:4:4,4:4:2:4:4:2:2:4:4,MUTATE
4:3:4:4:4:2:2:3:4:,recombination,10106.12039806192,4:4:4:4:4:2:2:3:4,4:4:4:4:4:2:2:3:4
3:4:4:4:4:1:2:3:4:,clone,9491.499388583466,3:3:4:4:4:1:2:3:3
2:3:4:3:2:3:4:4:2:,clone,12657.0562013689,2:3:4:3:2:3:4:4:2
4:4:4:4:4:1:3:3:4:,recombination,11386.653695933965,3:3:4:4:4:1:3:3:4,3:3:4:4:4:2:3:3:3,MUTATE
3:3:4:4:3:3:3:4:3:,recombination,11036.17970827086,2:3:4:4:3:3:3:4:2,3:3:4:4:3:3:3:4:3,MUTATE
2:3:4:4:4:2:3:4:2:,clone,11397.577352759707,2:3:4:4:4:2:3:4:2
3:3:4:3:3:3:3:4:2:,recombination,11032.750041521202,2:2:4:3:2:4:4:4:1,4:3:4:4:4:1:2:2:4
4:4:4:4:4:2:2:3:4:,clone,10037.423925036925,4:3:4:4:4:2:2:3:4
4:3:4:4:4:2:2:3:4:,clone,10028.448321357462,4:3:4:4:4:2:2:3:4
3:2:4:4:3:3:3:4:2:,recombination,10208.36831101776,4:3:4:4:4:2:2:4:4,2:2:4:3:3:3:3:4:2
4:3:4:4:4:3:3:4:4:,clone,10346.677337929843,4:3:4:4:4:2:2:4:4
4:4:3:4:4:1:1:4:4:,clone,10279.449753088158,4:4:3:4:4:2:1:4:4
4:4:4:4:4:2:2:3:4:,clone,9959.751848332466,4:4:4:4:4:2:2:3:4
4:4:4:4:4:2:2:4:4:,recombination,9182.024226669295,4:4:4:4:4:2:2:4:4,3:3:4:4:4:1:2:3:3
4:3:4:4:4:2:2:4:4:,clone,9182.024226669295,4:4:4:4:4:2:2:4:4
4:4:4:4:4:1:1:2:4:,clone,9875.717271237027,4:4:4:4:4:1:1:2:4
4:4:3:4:4:1:2:4:4:,recombination,10602.887493460305,4:4:3:4:4:1:2:4:4,4:4:2:4:4:2:1:4:4
4:4:2:4:4:1:1:4:4:,recombination,10433.436206544382,4:4:4:4:4:2:1:4:4,4:4:2:4:4:1:2:4:4,MUTATE
4:4:4:4:4:3:2:4:4:,clone,10186.1557229957,4:4:4:4:4:3:2:4:4
4:4:4:4:4:1:1:2:4:,recombination,9838.668754873957,4:4:4:4:4:2:3:4:4,4:4:4:4:4:1:1:2:4,MUTATE
3:3:4:4:3:3:3:4:3:,recombination,10851.941130237328,4:4:4:4:4:2:3:4:4,3:3:4:4:3:3:3:4:3
4:4:4:4:4:1:2:4:4:,recombination,9135.700431126546,3:4:4:4:4:2:3:4:3,4:4:4:4:4:1:2:4:4
3:3:4:4:4:2:3:4:3:,recombination,10011.11025326008,3:3:4:4:4:2:2:4:3,3:3:4:4:4:2:3:4:3,MUTATE
4:3:4:4:4:1:2:3:4:,recombination,10274.6690750145,4:4:4:4:4:1:1:4:4,4:3:4:4:4:2:2:3:4
3:3:4:3:3:3:3:4:2:,recombination,10141.233212223646,4:3:4:4:4:2:3:4:4,1:1:4:1:0:4:4:4:0
2:3:4:4:4:2:3:4:2:,recombination,11306.937258589272,3:4:4:4:4:2:3:4:3,2:3:4:4:4:3:3:4:2,MUTATE
4:3:4:4:4:1:2:4:4:,clone,9589.073900885962,4:3:4:4:4:1:2:4:4
4:4:4:4:4:1:2:4:4:,recombination,9033.590837540201,4:4:4:4:4:1:2:3:4,4:4:4:4:4:1:2:4:4
3:3:4:4:4:2:2:3:4:,clone,10254.42656314732,4:3:4:4:4:2:2:3:4
4:3:4:4:3:3:3:4:4:,recombination,11213.970233274104,4:3:4:4:3:3:3:4:4,4:4:3:4:4:2:2:4:4,MUTATE
4:3:4:4:4:2:2:3:4:,recombination,9959.751848332466,4:4:4:4:4:2:2:3:4,4:4:4:4:4:2:2:3:4
1:1:4:2:1:4:4:4:0:,recombination,10768.229501538002,4:3:4:4:4:2:2:3:4,1:1:4:1:0:4:4:4:0
4:3:4:4:4:2:3:4:4:,recombination,9683.275920892645,4:4:4:4:4:1:2:4:4,4:4:4:4:4:3:2:4:4
4:3:4:4:3:2:3:4:4:,recombination,10936.652717358395,4:3:4:4:3:3:3:4:4,3:4:4:4:4:2:3:4:3
4:3:4:4:4:3:3:4:4:,clone,10339.109686059486,4:3:4:4:4:3:3:4:4
4:4:3:4:4:1:2:4:4:,recombination,10301.16859547013,4:4:3:4:4:1:1:4:4,4:4:2:4:4:1:2:4:4
3:3:4:4:4:2:2:4:3:,clone,9648.220849806088,4:3:4:4:4:2:2:4:4
4:3:4:4:4:1:2:3:4:,recombination,10106.270941436876,4:3:4:4:4:2:2:3:4,4:3:4:4:4:1:2:2:4
4:3:4:4:4:3:3:4:4:,recombination,10285.060369164974,4:4:4:4:4:2:1:4:4,1:1:4:1:0:4:4:4:0
4:4:4:4:4:2:3:2:4:,clone,11921.91046866642,4:4:4:4:4:2:3:2:4
3:3:4:4:3:3:4:4:3:,clone,13241.28374820634,3:3:4:4:3:3:4:4:3
3:3:4:4:4:1:2:3:4:,clone,10100.767102804686,3:3:4:4:4:1:2:3:4
4:4:4:4:4:0:1:2:4:,recombination,9438.12292688442,4:4:4:4:4:1:1:3:4,4:4:4:4:4:1:1:1:4
2:2:4:3:2:3:4:4:2:,clone,10241.416158872697,2:2:4:3:2:3:4:4:2
3:3:4:4:4:2:3:4:3:,clone,9863.6397463528,3:3:4:4:4:2:2:4:3
4:3:4:4:4:3:2:4:3:,recombination,10166.864389255581,3:3:4:4:4:2:2:3:3,4:3:4:4:4:3:3:4:4,MUTATE
3:3:4:4:4:2:3:4:3:,clone,9817.307446729026,3:3:4:4:4:2:2:4:3
3:3:4:4:4:2:2:4:3:,clone,9605.534164462792,3:3:4:4:4:2:2:4:3
3:3:4:4:4:3:3:4:3:,clone,10631.464392172655,3:3:4:4:4:3:3:4:3
4:4:3:4:4:2:2:4:4:,recombination,10250.007488364698,3:3:4:4:4:2:2:3:4,4:4:3:4:4:2:3:4:4
3:3:4:4:4:3:3:4:2:,recombination,10581.69766024586,4:4:3:4:4:3:3:4:4,4:3:4:4:4:3:2:4:3,MUTATE
3:3:4:4:4:2:3:3:3:,recombination,11149.666880274906,4:4:4:4:4:2:3:2:4,4:4:4:4:4:1:2:3:4
4:4:4:4:4:0:1:1:4:,recombination,10868.565618986117,4:4:4:4:4:1:1:1:4,3:4:4:4:4:2:3:4:3
2:2:4:3:2:3:4:4:1:,recombination,12383.579583181918,2:2:4:2:1:4:4:4:1,3:3:4:4:3:3:4:4:3,MUTATE
4:3:4:4:4:3:3:4:3:,recombination,10605.67275959295,3:3:4:4:4:3:3:4:3,4:4:2:4:4:1:1:4:4,MUTATE
4:4:4:4:4:2:3:2:4:,recombination,11411.730337258883,4:4:4:4:4:1:1:2:4,4:4:4:4:4:2:3:2:4
3:3:4:4:4:2:3:3:4:,clone,11688.509818722261,3:3:4:4:4:1:3:3:4
3:3:4:4:4:3:3:4:3:,clone,10605.67275959295,3:3:4:4:4:3:3:4:3
4:4:4:4:4:1:2:2:4:,clone,9838.668754873957,4:4:4:4:4:1:2:2:4
4:4:4:4:4:1:2:2:4:,clone,9722.052733994702,4:4:4:4:4:1:2:2:4
2:3:4:4:4:3:3:4:2:,recombination,11428.114897684725,2:3:4:4:3:3:3:4:2,3:3:4:4:3:3:4:4:3,MUTATE
4:3:4:4:4:2:3:4:4:,recombination,9441.412210429135,4:3:4:4:4:2:2:4:4,4:4:3:4:4:2:2:4:4
2:3:4:4:3:3:3:4:2:,recombination,11035.506452961936,2:2:4:3:3:3:3:4:2,4:3:4:4:4:2:2:2:4
4:4:4:4:4:1:1:2:4:,clone,9654.020296281344,4:4:4:4:4:1:2:2:4
2:2:4:2:1:4:4:4:1:,recombination,11004.07400674012,1:1:4:2:1:4:4:4:0,4:4:4:4:4:3:3:4:4,MUTATE
4:4:3:4:4:1:2:4:4:,recombination,10262.732866397604,4:4:3:4:4:2:2:4:4,4:4:3:4:4:1:2:4:4,MUTATE
4:4:3:4:4:2:1:4:4:,clone,10279.449753088158,4:4:3:4:4:1:1:4:4
3:3:4:4:3:3:3:4:2:,recombination,11208.93418596543,3:3:4:4:4:2:2:4:3,2:2:4:3:2:4:4:4:1
3:3:4:4:4:3:3:4:3:,recombination,10242.210351063208,4:3:4:4:4:3:2:4:3,4:3:4:4:4:3:3:4:4
4:3:4:4:3:3:3:4:4:,clone,10995.241273403608,4:3:4:4:3:3:3:4:4
2:2:4:3:2:3:4:4:1:,recombination,11485.571648405372,2:3:4:4:3:3:3:4:2,4:3:4:4:4:2:2:4:4
3:3:4:4:4:2:3:4:3:,clone,9648.220849806088,3:3:4:4:4:2:2:4:3
3:3:4:4:4:2:3:4:3:,clone,9448.370219302768,3:3:4:4:4:2:3:4:3
2:2:4:3:3:3:3:4:1:,recombination,11123.32052954855,2:2:4:3:2:3:4:4:1,3:3:4:4:4:3:3:4:3,MUTATE
3:3:4:4:3:3:3:4:2:,clone,10700.387513912163,3:3:4:4:3:3:3:4:2
3:4:4:4:4:2:2:3:4:,clone,10587.219757608516,3:3:4:4:4:2:2:3:3
3:3:4:4:3:3:3:4:2:,recombination,10082.976144010203,4:4:4:4:4:2:2:4:4,3:3:4:4:4:3:3:4:2,MUTATE
3:3:4:4:4:2:2:4:3:,clone,9268.351918471004,3:3:4:4:4:2:2:4:3
4:3:4:4:4:3:3:4:4:,clone,9903.85381952059,4:3:4:4:4:3:3:4:4
4:4:4:4:4:2:3:3:4:,recombination,10960.056615392843,4:4:4:4:4:1:2:2:4,3:3:4:4:3:3:4:4:3,MUTATE
2:2:4:2:1:4:4:4:1:,clone,10764.790069772293,2:2:4:2:1:4:4:4:1
4:4:4:4:4:2:3:4:4:,recombination,9569.912319841347,3:3:4:4:4:2:3:4:3,4:4:3:4:4:2:2:4:4,MUTATE
2:3:4:3:3:3:3:4:2:,clone,11078.406578019994,2:2:4:3:3:3:3:4:2
4:3:4:4:3:3:3:4:4:,recombination,10592.922175477981,4:4:3:4:4:2:3:4:4,4:4:2:4:4:1:1:4:4
3:3:4:3:2:3:3:4:3:,recombination,10895.855917511679,2:3:4:4:3:3:3:4:2,4:3:4:4:4:3:3:4:4
3:3:4:4:4:2:3:4:3:,recombination,9168.911998745381,4:4:3:4:4:2:1:4:4,4:3:4:4:4:2:3:4:4,MUTATE
3:3:4:4:4:2:3:4:3:,clone,9109.455002624807,3:3:4:4:4:2:3:4:3
3:3:4:4:3:3:3:4:3:,recombination,9530.433980008715,4:4:2:4:4:1:2:4:4,4:3:4:4:4:2:3:4:4
4:3:4:4:3:3:3:4:3:,recombination,10805.924591873018,3:3:4:4:3:3:3:4:3,4:3:4:4:4:3:3:4:4
1:2:4:1:0:4:4:4:0:,recombination,11003.005516559699,4:4:2:4:4:1:2:4:4,1:1:4:1:0:4:4:4:0
2:2:4:3:2:3:3:4:2:,clone,10082.976144010203,2:2:4:3:2:3:3:4:2
3:3:4:4:3:2:3:4:3:,recombination,9675.292807839644,4:4:4:4:4:1:1:2:4,3:3:4:4:3:3:3:4:3
3:3:4:4:3:2:3:4:3:,clone,9178.982935034686,3:3:4:4:4:2:3:4:3
4:3:4:4:4:2:3:4:3:,recombination,10087.553001279302,4:4:4:4:4:3:2:4:4,4:3:4:4:4:2:2:4:4,MUTATE
4:3:4:4:3:3:3:4:3:,recombination,9926.837873497185,3:3:4:4:3:3:4:4:3,4:3:4:4:4:3:3:4:4,MUTATE
3:3:4:4:3:3:4:4:2:,clone,13441.596417803281,3:3:4:4:3:3:4:4:3
3:3:4:4:3:3:3:4:3:,clone,9484.589266939265,3:3:4:4:3:3:3:4:3
3:3:4:3:2:3:3:4:2:,recombination,10560.06067554424,4:4:4:4:4:2:3:3:4,1:1:4:1:0:4:4:4:0
3:3:4:4:3:3:3:4:2:,clone,9484.589266939265,3:3:4:4:3:3:3:4:3
2:2:4:4:3:3:3:4:2:,clone,10331.005884074,2:2:4:4:3:3:3:4:2
4:3:4:4:3:3:3:4:4:,recombination,10592.92217547798,3:3:4:4:4:2:3:4:3,4:3:4:4:3:3:3:4:4
1:2:4:1:0:4:4:4:0:,recombination,10744.889784727542,4:4:4:4:4:2:3:4:4,4:4:2:4:4:1:1:4:4,MUTATE
4:4:4:4:4:3:3:4:4:,recombination,10203.523176231696,4:4:4:4:4:2:2:2:4,4:4:4:4:4:3:2:4:4,MUTATE
4:3:4:4:3:3:3:4:4:,recombination,10368.146397621014,4:4:2:4:4:2:2:4:4,4:3:4:4:3:3:3:4:4
3:3:4:4:4:3:3:4:2:,recombination,10473.079409450707,3:3:4:4:4:2:3:3:3,3:3:4:4:4:3:3:4:3,MUTATE
4:3:4:4:4:3:3:4:3:,recombination,10297.560784324281,4:4:4:4:4:2:3:4:4,4:4:4:4:4:3:3:4:4
3:3:4:4:3:2:3:4:3:,clone,9116.6182638448,3:3:4:4:3:2:3:4:3
3:3:4:4:4:2:3:4:2:,clone,11102.692503898332,3:3:4:4:4:2:3:4:2
4:3:4:4:4:1:2:2:4:,clone,10154.770885903843,4:3:4:4:4:1:2:2:4
3:3:4:3:2:3:4:4:2:,recombination,11235.354022207057,2:3:4:4:3:3:4:4:2,3:3:4:4:4:2:3:4:3
4:4:3:4:4:2:3:4:4:,clone,10536.021262851835,4:4:3:4:4:2:3:4:4
2:3:4:4:2:3:4:4:2:,recombination,13730.080081205748,2:3:4:4:3:3:4:4:2,4:3:4:4:4:1:2:3:4,MUTATE
4:3:4:4:4:3:3:4:3:,recombination,9654.678558545009,4:3:4:4:4:3:2:4:4,3:3:4:4:4:2:3:4:3,MUTATE
1:2:4:1:0:4:4:4:0:,recombination,10394.561890065981,4:4:4:4:4:2:3:4:4,1:1:4:1:0:4:4:4:0
4:4:4:4:4:1:2:4:4:,recombination,8999.738961073233,4:3:4:4:3:3:3:4:3,4:4:4:4:4:0:1:2:4,MUTATE
3:3:4:3:3:3:3:4:3:,recombination,9932.67003975311,4:4:4:4:4:2:1:4:4,3:3:4:4:4:2:3:4:3
4:3:4:4:3:3:3:4:4:,clone,10368.146397621013,4:3:4:4:3:3:3:4:4
2:2:4:2:1:4:4:4:1:,recombination,10571.71246722984,4:4:3:4:4:2:2:4:4,1:2:4:1:0:4:4:4:0
4:4:4:4:4:3:3:4:4:,recombination,10140.408270599668,4:4:3:4:4:3:2:4:4,4:4:4:4:4:2:3:4:4
2:3:4:3:3:3:3:4:2:,recombination,10816.072023117255,4:4:4:4:4:2:2:3:4,2:3:4:4:3:3:3:4:2
3:3:4:4:3:3:3:4:3:,recombination,9248.72484114581,4:4:4:4:4:2:2:4:4,4:4:4:4:4:3:3:4:4,MUTATE
4:3:4:4:4:2:3:4:3:,recombination,10011.16606521391,4:3:4:4:4:3:2:4:4,4:3:4:4:4:3:3:4:3,MUTATE
4:4:4:4:4:3:3:4:4:,recombination,10056.689835558307,4:4:4:4:4:3:2:4:4,2:2:4:2:1:4:4:4:1,MUTATE
3:3:4:3:2:4:4:4:2:,recombination,11229.800409005207,4:4:4:4:3:3:3:4:4,1:1:4:1:0:4:4:4:0
3:3:4:4:3:3:3:4:3:,clone,9202.414107137361,3:3:4:4:3:3:3:4:3
2:3:4:4:4:3:3:4:2:,recombination,10680.42702673466,4:3:4:4:4:2:3:4:4,2:3:4:4:4:3:3:4:2,MUTATE
4:3:4:4:4:2:3:4:3:,clone,9522.33132666601,4:3:4:4:4:2:3:4:3
2:2:4:2:1:3:4:4:1:,recombination,10973.969880528077,1:1:4:1:0:4:4:4:0,4:4:4:4:4:1:1:4:4,MUTATE
3:3:4:4:3:3:4:4:3:,clone,13000.643501827648,3:3:4:4:3:3:4:4:3
4:4:4:4:4:1:2:4:4:,recombination,8836.432446812982,4:4:4:4:4:1:2:4:4,3:4:4:4:4:1:2:4:3
4:4:3:4:4:2:3:4:4:,clone,10418.581946148093,4:4:4:4:4:2:3:4:4
2:3:4:3:2:4:4:4:1:,clone,13016.125330623383,2:3:4:4:3:3:4:4:2
3:3:4:4:4:3:3:4:3:,clone,9739.945606173736,3:3:4:4:3:3:3:4:3
3:3:4:3:3:3:4:4:2:,recombination,11938.426218818244,2:3:4:3:2:4:4:4:1,4:4:4:4:4:1:1:4:4
3:3:4:4:4:1:2:4:3:,clone,9891.936364872101,4:3:4:4:4:1:2:4:4
4:3:4:4:4:1:2:4:4:,clone,8995.281763427573,4:3:4:4:4:1:2:4:4
2:2:4:2:2:3:4:4:2:,recombination,10804.047226291497,2:2:4:2:1:4:4:4:1,4:4:4:4:4:2:2:4:4
4:3:4:4:4:2:2:4:4:,recombination,9157.769448007546,4:4:4:4:4:1:2:4:4,4:4:4:4:4:3:2:4:4
4:3:4:4:4:3:2:4:4:,recombination,10079.698272314183,4:4:4:4:4:3:3:4:4,3:3:4:4:4:3:3:4:3
2:2:4:2:1:4:4:4:1:,clone,10341.569484071631,2:2:4:2:1:4:4:4:1
2:3:4:3:2:3:3:4:2:,recombination,10836.50491982947,2:3:4:4:3:3:3:4:2,4:4:3:4:4:1:2:4:4
4:3:4:3:2:3:4:4:3:,recombination,10777.188053383685,4:4:2:4:4:1:2:4:4,4:3:4:4:3:3:3:4:4
2:2:4:2:2:4:4:4:1:,clone,10022.604461869276,2:2:4:2:2:4:4:4:1
2:3:4:3:3:3:3:4:2:,clone,10595.490290362013,2:2:4:3:3:3:3:4:2
3:3:4:4:4:1:2:4:3:,clone,9618.34788346471,3:3:4:4:4:1:2:4:3
3:3:4:4:4:1:1:3:4:,clone,9894.163240337217,3:3:4:4:4:1:2:3:4
2:3:4:3:2:3:4:4:2:,recombination,12571.939347619595,4:3:4:4:4:2:2:4:4,2:3:4:4:3:3:4:4:2
3:2:4:3:2:3:3:4:2:,clone,10181.7045599034,2:2:4:3:2:3:4:4:2
3:3:4:3:2:3:4:4:2:,recombination,11163.632748236605,4:4:2:4:4:1:1:4:4,4:4:4:4:4:2:3:4:4,MUTATE
4:4:4:4:4:0:0:0:4:,clone,9281.579713600267,3:4:4:4:4:2:2:3:3
3:3:4:3:2:3:3:4:2:,recombination,10461.315650531445,4:4:4:4:4:1:1:2:4,2:2:4:4:3:3:3:4:2
4:4:4:4:3:2:3:4:4:,recombination,10576.026242955957,4:3:4:4:3:3:3:4:4,4:4:3:4:4:2:2:4:4,MUTATE
1:2:4:2:1:4:4:4:0:,recombination,11182.037571614715,3:3:4:4:4:3:3:4:3,4:4:2:4:4:1:1:4:4,MUTATE
3:4:4:4:4:1:2:3:3:,recombination,10791.055622053507,3:4:4:4:4:1:2:3:4,3:4:4:4:4:2:2:4:3,MUTATE
2:2:4:2:1:3:4:4:2:,clone,10663.955775762322,2:2:4:2:1:3:4:4:2
3:2:4:2:1:4:4:4:2:,recombination,11154.921333726503,4:4:2:4:4:1:2:4:4,4:4:3:4:4:1:2:4:4
2:2:4:1:0:4:4:4:1:,clone,10417.574639008797,2:2:4:1:0:4:4:4:1
3:2:4:3:2:3:4:4:2:,recombination,11353.571459026653,4:4:4:4:4:1:2:2:4,4:4:2:4:4:1:1:4:4
3:3:4:4:4:3:3:4:2:,recombination,9969.920966664891,4:3:4:4:4:2:3:4:4,3:3:4:4:4:2:2:4:3
3:3:4:4:3:4:3:4:2:,recombination,10438.41626232702,4:4:4:4:4:3:3:4:4,4:4:2:4:4:1:1:4:4,MUTATE
2:3:4:3:3:3:3:4:2:,recombination,10403.929720156468,4:4:3:4:4:1:1:4:4,2:3:4:4:3:3:3:4:2,MUTATE
2:2:4:2:0:4:4:4:1:,clone,10554.064725699425,2:2:4:1:0:4:4:4:1
3:3:4:4:4:3:3:4:3:,clone,9638.872962212916,3:3:4:4:4:3:3:4:3
2:3:4:4:3:3:3:4:2:,recombination,10820.95839916862,3:3:4:3:2:3:4:4:2,4:4:4:4:4:1:2:4:4,MUTATE
3:3:4:4:4:1:2:4:3:,recombination,9589.717146806832,3:3:4:4:4:1:2:3:3,4:3:4:4:4:1:2:3:4
1:2:4:2:1:4:4:4:1:,recombination,12363.85713850928,2:2:4:2:1:3:4:4:1,3:3:4:4:4:2:3:3:3,MUTATE
2:3:4:4:3:3:3:4:2:,clone,10695.809377908203,2:3:4:4:3:3:3:4:2
3:3:4:3:2:3:4:4:2:,recombination,10778.574996854013,4:4:3:4:4:1:1:4:4,4:4:2:4:4:1:2:4:4,MUTATE
2:2:4:3:2:4:4:4:1:,recombination,11505.939575938335,2:2:4:3:3:3:3:4:2,4:3:4:4:3:3:3:4:3
1:1:4:1:0:4:4:4:0:,clone,10644.680892410815,1:1:4:1:0:4:4:4:0
1:2:4:2:1:4:4:4:0:,clone,11121.80639935253,1:2:4:2:1:4:4:4:0
4:3:4:3:3:3:3:4:4:,recombination,10709.940654066291,4:3:4:4:4:2:3:4:4,4:3:4:4:3:3:3:4:4,MUTATE
3:3:4:3:2:3:4:4:2:,clone,10753.561973381074,3:3:4:3:2:3:4:4:2
2:3:4:4:3:3:4:4:2:,recombination,12622.111386487695,3:3:4:4:4:2:3:4:3,2:3:4:3:2:4:4:4:1,MUTATE
2:3:4:4:3:3:3:4:2:,recombination,10087.615210356345,3:4:4:4:4:1:2:3:4,1:2:4:1:0:4:4:4:0,MUTATE
4:3:4:4:3:3:3:4:4:,recombination,9782.069372363994,4:4:4:4:4:1:2:3:4,4:3:4:4:3:3:3:4:4,MUTATE
2:2:4:3:2:3:4:4:1:,clone,10470.92678544515,2:2:4:3:2:3:4:4:1
3:3:4:4:4:3:3:4:2:,clone,9578.096040036851,3:3:4:4:4:3:3:4:2
3:3:4:3:2:3:4:4:3:,recombination,11518.658594485858,3:3:4:3:2:4:4:4:2,2:2:4:2:1:3:4:4:1
4:3:4:4:3:3:3:4:4:,clone,9770.86651554699,4:3:4:3:3:3:3:4:4
3:3:4:4:4:3:3:4:3:,recombination,9433.438757883174,3:3:4:4:3:3:3:4:3,4:3:4:4:4:2:3:4:3
2:2:4:3:2:3:4:4:1:,clone,10097.380884514227,2:2:4:3:2:3:4:4:1
1:1:4:1:0:4:4:4:0:,recombination,10505.547900374784,1:1:4:1:0:4:4:4:0,1:1:4:1:0:4:4:4:0,MUTATE
3:3:4:4:4:2:3:4:2:,recombination,10262.136871168399,4:3:4:4:4:2:3:4:3,3:3:4:4:3:3:3:4:2
2:2:4:2:2:4:4:4:1:,clone,9590.12563804512,2:2:4:2:2:4:4:4:1
2:3:4:4:3:3:3:4:2:,recombination,9861.180487264844,3:2:4:3:2:3:3:4:2,3:3:4:4:3:3:3:4:3
4:4:3:4:4:3:3:4:4:,clone,10691.608349184287,4:4:3:4:4:3:2:4:4
3:3:4:3:2:4:3:4:3:,clone,11351.24077267721,3:3:4:3:2:4:4:4:2
3:3:4:4:4:3:3:4:2:,clone,9395.898988667546,2:3:4:4:3:3:3:4:2
2:3:4:4:4:2:3:4:2:,recombination,10989.758860508637,2:3:4:4:4:2:3:4:2,3:3:4:4:4:1:2:3:3,MUTATE
2:2:4:4:3:3:3:4:1:,recombination,11041.506484034826,3:3:4:4:4:2:2:3:3,2:2:4:1:0:4:4:4:1
3:3:4:4:4:1:2:4:3:,clone,9539.96036103898,3:3:4:4:4:1:2:4:3
1:2:4:2:1:4:4:4:0:,recombination,10991.585286722724,4:4:4:4:4:3:2:4:4,1:2:4:2:1:4:4:4:0
2:3:4:3:2:3:4:4:2:,recombination,10812.52756410454,2:2:4:3:3:3:3:4:1,4:4:4:4:4:1:2:3:4
2:2:4:2:1:4:4:4:2:,recombination,11180.299200544241,4:4:2:4:4:1:2:4:4,3:3:4:3:2:3:4:4:2
3:2:4:3:2:3:4:4:2:,clone,10728.853394363094,3:2:4:3:2:3:4:4:2
3:3:4:4:4:1:2:4:3:,clone,9474.618674071979,3:3:4:4:4:1:2:4:3
0:2:4:1:0:4:4:4:0:,recombination,11540.750050076404,3:3:4:4:4:3:3:4:2,3:3:4:4:3:3:3:4:2,MUTATE
4:4:3:4:4:3:2:4:4:,clone,10469.388794664977,4:4:3:4:4:3:2:4:4
4:4:3:4:4:3:2:4:4:,clone,10468.667984226038,4:4:3:4:4:3:2:4:4
3:3:4:3:2:4:4:4:3:,recombination,11018.975439718379,4:4:4:4:4:2:2:4:4,4:4:3:4:4:3:2:4:4,MUTATE
4:3:4:3:2:3:3:4:3:,clone,10351.918146485637,4:3:4:3:2:3:3:4:3
1:2:4:1:0:4:4:4:1:,recombination,10958.881559124253,3:3:4:4:4:2:3:4:3,3:3:4:4:4:2:3:4:3
4:3:4:3:3:3:3:4:3:,recombination,10729.199568706212,4:4:3:4:4:2:3:4:4,4:3:4:4:3:3:3:4:4
3:3:4:3:2:3:4:4:3:,recombination,11224.347497035133,4:3:4:4:4:3:3:4:3,4:4:3:4:4:2:2:4:4
4:4:3:4:4:2:3:4:4:,recombination,10328.312223934527,4:4:3:4:4:2:3:4:4,4:4:3:4:4:3:3:4:4
3:4:4:4:4:1:2:4:3:,clone,10789.307596074239,3:4:4:4:4:1:2:4:3
4:4:3:4:4:3:3:4:4:,recombination,10640.75962672547,4:3:4:4:4:1:2:4:4,4:4:3:4:4:3:2:4:4
2:2:4:3:2:4:4:4:2:,clone,11150.267438333274,2:2:4:3:2:4:4:4:2
4:3:4:3:2:3:4:4:3:,clone,10388.69526123023,4:3:4:3:2:3:3:4:3
2:2:4:2:1:4:4:4:1:,clone,10298.025160427014,2:2:4:2:1:4:4:4:1
3:3:4:4:4:1:2:3:4:,clone,9896.231665337906,3:3:4:4:4:1:2:3:4
2:2:4:3:1:4:4:4:1:,recombination,12091.343315653146,2:3:4:4:3:3:3:4:2,3:3:4:4:4:2:2:3:3,MUTATE
4:3:4:3:2:3:3:4:3:,clone,10314.464408806942,4:3:4:3:2:3:4:4:3
3:3:4:4:3:2:3:4:2:,recombination,10930.580294897796,3:4:4:4:4:2:2:4:3,3:3:4:4:3:3:3:4:3
2:2:4:3:2:4:4:4:1:,clone,11010.563747939039,2:2:4:3:2:3:4:4:1
1:2:4:2:1:4:4:4:1:,recombination,12259.640746223653,3:3:4:3:3:3:4:4:2,4:3:4:4:4:2:3:4:3
3:3:4:3:2:3:4:4:3:,recombination,11073.733887186381,4:4:3:4:4:3:3:4:4,4:4:4:4:4:2:3:4:4
4:3:4:4:4:3:2:4:4:,recombination,9931.286735512955,4:4:4:4:4:3:3:4:4,4:3:4:4:4:3:3:4:4
3:3:4:3:2:4:4:4:2:,recombination,11209.721862912373,4:4:4:4:3:3:3:4:4,1:2:4:2:1:4:4:4:0
2:2:4:2:1:4:4:4:2:,clone,11137.45646846242,2:2:4:2:1:4:4:4:2
3:3:4:4:3:3:4:4:2:,clone,13306.257221291238,3:3:4:4:3:3:4:4:2
2:3:4:3:2:3:4:4:2:,recombination,10512.001136814311,2:3:4:3:3:3:3:4:2,4:4:3:4:4:3:3:4:4
4:3:4:4:4:2:2:4:3:,recombination,10130.650002825232,4:4:4:4:4:3:3:4:4,3:3:4:4:4:1:2:3:4
4:3:4:4:4:3:2:4:4:,recombination,9904.646941267678,4:3:4:4:4:3:2:4:4,4:3:4:4:4:3:3:4:4,MUTATE
3:3:4:3:2:3:4:4:3:,clone,10925.247493940955,3:3:4:3:2:3:4:4:3
3:2:4:3:2:3:4:4:2:,clone,10518.97888880312,3:2:4:3:2:3:4:4:2
4:3:4:4:4:2:2:4:3:,recombination,10090.399385600902,4:3:4:4:4:2:3:4:3,4:3:4:4:4:2:2:4:3
2:2:4:2:1:4:4:4:2:,recombination,10740.451135814274,3:3:4:4:3:3:3:4:2,4:3:4:3:2:3:4:4:3
3:3:4:3:2:3:4:4:2:,recombination,10665.938763540697,4:4:4:4:4:3:2:4:4,3:2:4:3:2:3:4:4:2
1:2:4:2:0:4:4:4:0:,recombination,12243.74133068583,4:3:4:4:3:3:3:4:3,3:3:4:3:3:3:3:4:3,MUTATE
3:2:4:3:2:4:4:4:2:,recombination,11155.763786068086,4:4:2:4:4:1:2:4:4,4:3:4:4:4:1:2:2:4
1:2:4:2:0:4:4:4:0:,recombination,11761.492964547002,4:4:2:4:4:1:1:4:4,2:3:4:3:3:3:3:4:2
3:2:4:3:2:3:3:4:2:,recombination,9991.576248015905,4:4:4:4:4:3:3:4:4,2:2:4:2:2:4:4:4:1
2:3:4:3:3:3:4:4:2:,clone,12419.74325709422,2:3:4:3:3:3:4:4:2
1:2:4:3:2:3:4:4:1:,recombination,12573.784552161342,2:3:4:4:4:3:3:4:2,3:3:4:4:4:2:3:3:3,MUTATE
1:2:4:3:2:3:4:4:1:,recombination,11115.44121234812,2:3:4:4:3:3:3:4:2,3:3:4:4:4:1:1:3:4
4:3:4:3:3:3:3:4:3:,recombination,10148.435330568576,4:4:2:4:4:2:2:4:4,4:4:4:4:4:3:2:4:4
2:2:4:2:1:4:4:4:1:,recombination,10162.631030045182,2:2:4:3:2:3:3:4:2,4:4:4:4:4:2:2:3:4
2:2:4:3:2:4:4:4:2:,recombination,11003.000038985632,3:3:4:4:4:2:3:4:3,3:3:4:4:4:2:2:3:3
2:2:4:3:2:4:4:4:1:,recombination,10905.165824214126,3:3:4:4:4:3:3:4:3,4:3:4:4:4:2:2:4:3
2:2:4:4:4:3:3:4:2:,recombination,10920.303375720125,2:2:4:2:1:4:4:4:1,3:3:4:4:4:2:3:3:4
2:3:4:4:3:2:3:4:2:,recombination,10828.74373307715,4:3:4:4:4:1:2:4:4,3:3:4:4:4:2:3:3:3
2:2:4:3:2:4:4:4:2:,recombination,10199.05197212717,4:4:4:4:4:3:3:4:4,4:3:4:4:4:2:3:4:4
1:2:4:2:0:4:4:4:1:,recombination,11809.273240777742,1:2:4:2:1:4:4:4:1,2:2:4:2:1:3:4:4:1,MUTATE
3:3:4:3:3:4:3:4:2:,recombination,10147.287696536976,3:3:4:4:3:2:3:4:3,3:3:4:4:3:4:3:4:2,MUTATE
1:2:4:3:2:4:4:4:1:,recombination,11093.412544766672,2:3:4:4:3:3:3:4:2,2:2:4:3:2:4:4:4:1,MUTATE
4:3:4:3:2:3:4:4:3:,recombination,10287.621044422925,4:3:4:4:3:3:3:4:4,4:3:4:4:4:2:3:4:4
2:3:4:3:2:4:4:4:1:,recombination,11474.626137511186,3:3:4:4:4:2:3:4:3,2:3:4:4:4:2:3:3:2
3:2:4:3:2:3:4:4:2:,clone,10483.263533324354,3:2:4:3:2:3:4:4:2
3:3:4:3:3:3:4:4:2:,recombination,11578.547986930635,2:2:4:4:3:3:3:4:2,4:4:4:4:4:2:2:2:4
2:2:4:4:3:3:3:4:2:,recombination,10219.367561465933,3:3:4:4:4:1:2:3:3,2:2:4:2:1:4:4:4:1
1:2:4:1:0:4:4:4:0:,recombination,10363.922273722452,4:4:4:4:4:1:1:4:4,2:2:4:2:2:4:4:4:1,MUTATE
2:3:4:4:3:3:4:4:2:,clone,12428.914010466111,2:3:4:4:3:3:4:4:2
2:3:4:3:2:3:4:4:2:,clone,10454.074823207342,2:3:4:3:2:3:4:4:2
3:3:4:3:2:3:4:4:3:,recombination,10744.89979279207,4:4:3:4:4:1:2:4:4,3:3:4:4:4:3:3:4:2
3:3:4:3:2:3:3:4:3:,clone,10239.381277823173,3:3:4:3:2:3:3:4:3
3:3:4:4:3:2:3:4:2:,recombination,9828.146075646155,3:3:4:4:3:2:3:4:3,4:4:4:4:4:1:2:4:4,MUTATE
4:4:3:4:4:0:0:0:4:,recombination,9880.704411684226,3:3:4:4:4:2:3:4:2,4:4:3:4:4:0:0:0:4
4:3:4:3:2:3:3:4:3:,clone,10204.567444377994,4:3:4:3:2:3:3:4:3
3:3:4:3:2:3:4:4:2:,recombination,10556.574073599211,4:4:4:4:4:3:2:4:4,3:2:4:3:2:3:4:4:2
4:3:4:3:2:3:3:4:3:,clone,10106.889021383642,4:3:4:3:2:3:3:4:3
3:3:4:4:4:2:3:4:2:,recombination,10184.989030759169,4:4:4:4:4:1:2:4:4,2:2:4:3:3:3:3:4:1,MUTATE
2:2:4:3:2:4:4:4:1:,clone,10832.072644107335,2:2:4:3:2:4:4:4:1
1:2:4:1:0:4:4:4:1:,recombination,10714.808106791843,3:3:4:4:4:2:3:4:3,2:2:4:2:1:4:4:4:1
3:3:4:4:3:4:3:4:2:,clone,10250.647581043497,3:3:4:4:3:4:3:4:2
3:3:4:3:2:3:4:4:3:,clone,10443.540198967105,3:3:4:3:2:3:4:4:3
3:3:4:3:2:3:4:4:3:,clone,10345.861775972753,3:3:4:3:2:3:4:4:3
2:3:4:3:2:4:4:4:2:,recombination,12786.637363277063,3:3:4:4:3:3:4:4:2,3:3:4:4:4:2:3:4:3,MUTATE
3:3:4:3:2:4:4:4:2:,recombination,10895.434196238924,2:2:4:2:2:4:4:4:1,3:3:4:4:4:2:2:3:4
1:2:4:2:1:4:4:4:1:,recombination,11758.8747199342,3:3:4:4:4:2:2:4:3,4:3:4:4:4:3:3:4:4,MUTATE
1:2:4:1:0:4:4:4:0:,recombination,9876.1551381247,2:2:4:2:2:4:4:4:1,4:3:4:4:4:3:2:4:3,MUTATE
3:3:4:4:3:3:4:4:2:,recombination,12256.140841780189,3:3:4:3:3:3:4:4:2,2:3:4:3:2:3:4:4:2
1:2:4:2:0:4:4:4:0:,clone,11741.194671294294,1:2:4:2:0:4:4:4:0
3:2:4:3:2:4:4:4:2:,clone,10948.991668091461,3:2:4:3:2:4:4:4:2
3:3:4:2:1:4:4:4:2:,recombination,10710.72639530224,4:3:4:3:2:3:4:4:3,1:2:4:2:1:4:4:4:0,MUTATE
2:3:4:3:2:3:4:4:2:,clone,10354.84672793864,2:3:4:3:2:3:4:4:2
2:2:4:4:3:3:3:4:2:,clone,10190.496898048004,2:2:4:4:3:3:3:4:2
2:3:4:4:3:3:4:4:2:,recombination,11873.550196415177,4:4:4:4:4:1:2:4:4,4:3:4:4:4:2:2:3:4
2:3:4:4:4:2:3:4:2:,clone,10640.719258055637,3:3:4:4:4:2:3:4:2
3:2:4:2:1:4:4:4:2:,recombination,10737.382410394725,4:4:2:4:4:2:2:4:4,2:2:4:2:0:4:4:4:1,MUTATE
2:2:4:4:3:3:3:4:1:,recombination,10095.229800037161,2:2:4:4:3:3:3:4:2,4:4:4:4:4:2:1:4:4,MUTATE
2:3:4:3:2:3:3:4:2:,recombination,10663.613312899966,4:4:4:4:4:1:2:2:4,3:3:4:3:2:4:4:4:2
3:4:4:4:4:1:2:3:3:,recombination,10088.249880109954,3:3:4:4:4:1:2:3:3,3:3:4:4:4:1:2:3:4,MUTATE
0:2:4:1:0:4:4:4:0:,recombination,11479.28592136702,2:3:4:4:3:3:3:4:2,3:3:4:4:4:1:2:3:3
3:3:4:4:3:3:4:4:2:,clone,12210.567123252955,3:3:4:4:3:3:4:4:2
3:3:4:4:3:3:4:4:2:,clone,12149.95217164172,3:3:4:4:3:3:4:4:2
2:3:4:4:3:2:3:4:2:,clone,10821.777069476342,2:3:4:4:3:2:3:4:2
2:3:4:4:3:2:3:4:2:,recombination,10773.278842201493,4:3:4:4:4:2:2:4:4,2:3:4:4:4:2:3:4:2,MUTATE
1:2:4:2:0:4:4:4:0:,clone,11509.00222608536,1:2:4:2:0:4:4:4:0
4:4:4:4:3:3:3:4:4:,clone,10940.583959192494,4:4:4:4:3:3:3:4:4
4:3:4:4:3:2:3:4:4:,recombination,10380.009477651445,4:4:3:4:4:2:3:4:4,3:3:4:4:4:1:2:3:3,MUTATE
1:2:4:3:2:3:4:4:1:,clone,10813.627967873825,1:2:4:3:2:3:4:4:1
2:3:4:4:3:2:3:4:2:,clone,10695.207270898809,2:3:4:4:3:2:3:4:2
1:2:4:2:1:4:4:4:1:,recombination,10998.910713107034,1:2:4:3:2:3:4:4:1,4:3:4:4:4:2:2:3:4
2:2:4:2:1:4:4:4:2:,clone,10694.982693433263,2:2:4:2:1:4:4:4:1
4:4:4:4:3:3:3:4:4:,clone,10862.704879199795,4:4:4:4:3:3:3:4:4
1:2:4:2:0:4:4:4:0:,recombination,10849.143555754135,4:4:4:4:4:3:2:4:4,1:2:4:1:0:4:4:4:0
4:3:4:3:2:3:4:4:4:,recombination,11318.824755169706,4:4:4:4:3:3:3:4:4,3:3:4:4:4:3:3:4:3,MUTATE
2:3:4:3:2:3:4:4:1:,recombination,11895.924426884398,2:3:4:4:2:3:4:4:2,2:3:4:3:2:4:4:4:1,MUTATE
3:3:4:3:3:4:3:4:3:,recombination,10650.65451905352,4:4:4:4:4:2:3:4:4,4:4:2:4:4:2:2:4:4,MUTATE
3:2:4:3:2:4:4:4:2:,recombination,10810.631736295683,2:2:4:2:2:4:4:4:1,4:4:3:4:4:3:3:4:4,MUTATE
3:3:4:3:2:4:4:4:2:,clone,10866.498001711361,3:3:4:3:2:3:4:4:3
1:2:4:2:1:4:4:4:0:,recombination,10896.94039819011,3:3:4:4:4:3:3:4:3,4:4:4:4:4:3:3:4:4,MUTATE
2:3:4:4:4:2:3:4:2:,recombination,10467.946930152764,3:3:4:4:4:1:2:4:3,2:3:4:4:4:2:3:4:2,MUTATE
2:2:4:4:3:3:4:4:2:,clone,12037.979075724686,2:2:4:4:3:3:4:4:2
4:4:4:4:4:0:0:1:4:,recombination,9807.75369278859,4:4:4:4:4:0:0:0:4,4:4:4:4:4:2:2:3:4,MUTATE
3:3:4:3:2:4:4:4:2:,clone,10785.000516392334,3:3:4:3:2:4:4:4:2
2:2:4:3:2:4:4:4:1:,recombination,10722.906687515788,3:4:4:4:4:2:3:4:3,2:2:4:2:2:4:4:4:1,MUTATE
2:3:4:2:1:4:4:4:2:,recombination,10970.059727235446,4:3:4:4:4:2:2:3:4,4:3:4:4:4:3:3:4:3
3:3:4:3:2:4:4:4:2:,recombination,10432.516520568428,4:4:3:4:4:1:2:4:4,2:2:4:3:2:4:4:4:2
1:2:4:2:1:4:4:4:1:,recombination,10966.661900178558,1:2:4:3:2:3:4:4:1,1:1:4:1:0:4:4:4:0,MUTATE
1:2:4:2:1:4:4:4:1:,clone,10956.582759293602,1:2:4:2:1:4:4:4:1
3:3:4:2:2:3:4:4:2:,recombination,10517.065397688386,2:2:4:2:1:3:4:4:2,4:4:4:4:4:3:3:4:4
1:2:4:2:1:4:4:4:1:,clone,10616.334370812694,1:2:4:2:1:4:4:4:1
4:4:4:4:3:3:3:4:4:,recombination,10672.883739128842,4:4:3:4:4:1:1:4:4,4:4:3:4:4:3:2:4:4,MUTATE
1:2:4:2:0:4:4:4:0:,clone,10779.546848658838,1:2:4:2:0:4:4:4:0
1:2:4:2:1:4:4:4:1:,recombination,10507.139263167126,1:2:4:1:0:4:4:4:0,2:3:4:3:2:3:4:4:2
0:2:4:1:0:4:4:4:0:,clone,11215.209287900794,0:2:4:1:0:4:4:4:0
1:2:4:2:2:3:4:4:1:,clone,10583.527146518167,1:2:4:2:2:3:4:4:1
3:3:4:3:2:3:4:4:2:,clone,10416.157584833938,3:3:4:3:2:4:4:4:2
2:2:4:3:2:3:3:4:1:,recombination,10940.082736998376,2:3:4:4:4:3:3:4:2,4:4:4:4:4:0:1:2:4,MUTATE
2:2:4:3:2:4:4:4:1:,clone,10439.138289233433,2:2:4:3:2:4:4:4:1
4:4:3:4:4:0:0:1:4:,clone,10194.096844684569,4:4:3:4:4:0:0:0:4
2:3:4:3:2:3:3:4:2:,recombination,10553.229340014514,3:3:4:3:3:3:3:4:2,1:2:4:3:2:3:4:4:1
1:1:4:1:0:4:4:4:0:,clone,10475.574211699508,1:1:4:1:0:4:4:4:0
1:2:4:2:1:4:4:4:1:,recombination,10421.203202173909,4:4:4:4:4:2:2:4:4,2:2:4:3:2:3:4:4:1
2:3:4:3:2:4:4:4:2:,recombination,10994.48000744293,2:3:4:3:2:4:4:4:1,4:4:4:4:4:1:2:2:4,MUTATE
1:2:4:2:1:4:4:4:0:,recombination,10713.133196666853,4:4:4:4:4:2:2:4:4,4:4:4:4:4:0:1:1:4,MUTATE
1:2:4:2:2:3:4:4:1:,clone,10507.81542830642,1:2:4:3:2:3:4:4:1
1:2:4:2:1:4:4:4:0:,recombination,10442.025328084195,1:2:4:1:0:4:4:4:0,4:4:4:4:4:2:2:2:4
2:3:4:3:2:4:4:4:2:,recombination,10721.375696118872,4:3:4:4:4:3:3:4:3,1:2:4:2:1:4:4:4:1
2:2:4:2:1:4:4:4:1:,recombination,9936.396708120039,2:2:4:3:2:3:3:4:2,3:4:4:4:4:2:3:4:3
3:3:4:4:3:4:3:4:3:,recombination,10960.563681189724,3:3:4:3:3:4:3:4:2,3:3:4:4:4:2:2:3:4
1:2:4:2:2:3:4:4:1:,clone,10504.06835731979,1:2:4:2:2:3:4:4:1
2:2:4:3:2:4:3:4:1:,recombination,10448.932378460771,2:2:4:3:2:4:4:4:1,2:2:4:3:2:4:4:4:2,MUTATE
1:2:4:2:1:4:4:4:0:,recombination,10405.136971812866,3:3:4:4:4:1:2:3:3,1:1:4:1:0:4:4:4:0,MUTATE
2:3:4:3:3:4:3:4:2:,clone,11026.610579501503,3:3:4:3:3:4:3:4:2
1:2:4:2:1:4:4:4:1:,recombination,10341.800311270754,3:3:4:4:4:1:2:4:3,2:2:4:2:1:4:4:4:1,MUTATE
2:2:4:2:2:4:4:4:2:,clone,10384.017346115324,2:2:4:2:2:4:4:4:2
3:3:4:2:2:4:4:4:2:,recombination,10996.29854721873,4:4:3:4:4:3:2:4:4,4:3:4:4:4:2:3:4:4
1:1:4:1:0:4:4:4:0:,clone,10475.574211699506,1:1:4:1:0:4:4:4:0
2:2:4:2:2:3:4:4:1:,recombination,10473.21409488281,1:2:4:2:0:4:4:4:0,3:3:4:4:4:2:3:3:3,MUTATE
2:2:4:3:3:4:3:4:2:,recombination,10715.602596954719,0:2:4:1:0:4:4:4:0,4:4:4:4:4:3:2:4:4
1:2:4:2:2:3:4:4:1:,clone,10459.528813855828,1:2:4:2:2:3:4:4:1
3:2:4:3:3:3:3:4:2:,recombination,10343.268025118245,2:2:4:2:1:4:4:4:1,4:4:4:4:4:3:3:4:4,MUTATE
4:4:4:4:4:0:0:0:4:,clone,9235.794092768157,4:4:4:4:4:0:0:0:4
3:3:4:3:2:4:4:4:2:,recombination,10268.607428634743,3:3:4:3:2:4:4:4:2,4:4:4:4:4:3:2:4:4,MUTATE
2:3:4:3:2:3:4:4:2:,recombination,10148.44872019552,2:3:4:3:2:4:4:4:2,3:4:4:4:4:2:3:4:3
2:2:4:3:3:3:3:4:1:,recombination,10964.68417570774,3:2:4:3:2:4:4:4:2,3:3:4:4:4:1:3:3:3
2:2:4:3:2:4:4:4:1:,recombination,10144.439655943277,2:3:4:3:2:4:4:4:2,3:3:4:4:4:1:2:3:3
1:2:4:2:1:4:4:4:1:,clone,10240.748515104195,1:2:4:2:1:4:4:4:1
3:3:4:4:4:4:3:4:3:,clone,11244.123004953522,3:3:4:4:4:4:3:4:3
3:3:4:3:2:4:3:4:2:,recombination,9973.168689307304,4:3:4:4:4:2:2:4:3,3:3:4:3:2:4:4:4:2,MUTATE
3:3:4:4:4:4:3:4:3:,clone,11168.117850016357,3:3:4:4:4:4:3:4:3
1:2:4:2:1:4:4:4:1:,clone,10191.322178833016,1:2:4:2:1:4:4:4:1
1:2:4:2:1:4:4:4:1:,recombination,10105.758963153869,2:3:4:4:3:3:3:4:2,1:2:4:2:1:4:4:4:1,MUTATE
2:2:4:3:2:4:4:4:1:,clone,9930.763237758225,2:2:4:3:2:4:4:4:1
1:1:4:1:0:4:4:4:0:,clone,10470.728743971034,1:1:4:1:0:4:4:4:0
1:2:4:2:0:4:4:4:0:,recombination,10635.819544152082,4:3:4:4:4:3:3:4:3,3:3:4:4:4:3:3:4:3,MUTATE
2:2:4:3:2:3:3:4:1:,recombination,10085.325957349649,4:3:4:4:4:2:3:4:3,3:4:4:4:4:1:2:3:3
1:2:4:2:1:4:4:4:0:,clone,10384.295254189701,1:2:4:2:1:4:4:4:0
2:3:4:3:2:3:4:4:1:,clone,10460.514057986813,2:3:4:3:2:3:4:4:1
4:3:4:4:4:4:3:4:3:,recombination,10906.49620945828,4:3:4:4:4:3:2:4:4,4:4:4:4:4:2:2:2:4
3:2:4:4:3:3:3:4:2:,recombination,10098.042692837627,4:3:4:4:4:3:2:4:4,2:2:4:3:2:4:4:4:1
2:2:4:3:2:4:3:4:2:,clone,10593.752289690174,2:2:4:3:2:4:3:4:2
4:4:4:4:4:1:1:2:4:,recombination,9571.844638178718,4:4:4:4:4:1:1:2:4,3:4:4:4:4:2:2:3:3,MUTATE
4:4:4:4:4:0:1:2:4:,clone,9405.099169956951,4:4:4:4:4:1:1:2:4
2:2:4:3:2:3:3:4:2:,recombination,9783.160305502088,4:4:4:4:3:3:3:4:4,2:2:4:3:2:4:4:4:1,MUTATE
2:2:4:3:3:3:3:4:1:,clone,10898.182811706438,2:2:4:3:2:3:3:4:1
2:2:4:4:3:4:3:4:2:,recombination,11074.929309009385,4:4:4:4:4:3:2:4:4,4:3:4:4:4:2:3:4:4
4:4:4:4:4:1:1:4:4:,recombination,9251.572325194924,3:3:4:4:4:2:2:4:3,4:4:4:4:4:0:1:2:4
2:3:4:4:2:3:4:4:2:,recombination,13056.89726890373,2:3:4:4:2:3:4:4:2,4:3:4:4:3:2:3:4:4
1:2:4:2:1:4:4:4:0:,recombination,10342.494880431985,4:4:4:4:4:2:2:4:4,1:2:4:2:1:4:4:4:1
2:2:4:3:2:4:3:4:2:,recombination,9985.916860746353,3:3:4:3:2:4:3:4:2,4:4:4:4:3:3:3:4:4,MUTATE
2:2:4:3:2:3:4:4:2:,clone,9580.675206338165,2:2:4:3:2:3:4:4:2
3:2:4:3:3:4:3:4:2:,recombination,11438.803589527335,4:4:4:4:4:3:3:4:4,3:2:4:3:3:3:3:4:2,MUTATE
1:2:4:2:1:4:4:4:0:,clone,10172.730477946263,1:2:4:2:1:4:4:4:0
1:2:4:2:0:4:4:4:1:,recombination,11221.137678336105,4:4:2:4:4:2:2:4:4,2:2:4:3:2:4:4:4:2,MUTATE
3:2:4:4:3:4:3:4:2:,clone,11379.361098600308,3:3:4:4:3:4:3:4:2
2:2:4:2:2:3:4:4:2:,recombination,10519.496099298307,3:3:4:3:2:3:4:4:2,2:2:4:4:3:3:3:4:2
2:3:4:3:3:3:4:4:2:,clone,12335.45474524692,2:3:4:4:3:3:4:4:2
4:4:4:4:4:1:1:1:4:,recombination,10752.575835503925,3:4:4:4:4:2:2:3:3,3:4:4:4:4:3:3:4:3,MUTATE
2:3:4:4:4:3:3:4:2:,recombination,10360.166797800273,3:4:4:4:4:2:3:4:3,3:3:4:4:4:2:2:4:3,MUTATE
1:2:4:2:0:4:4:4:1:,recombination,11193.707369235677,3:3:4:4:3:3:3:4:2,4:4:3:4:4:2:2:4:4
1:1:4:1:0:4:4:4:0:,recombination,10453.911830150404,1:2:4:2:2:3:4:4:1,1:2:4:2:0:4:4:4:0,MUTATE
2:2:4:3:3:3:4:4:2:,clone,11468.641287345103,2:2:4:3:3:3:3:4:2
2:3:4:4:4:2:3:4:2:,clone,10105.387209914743,2:3:4:4:4:3:3:4:2
3:2:4:4:3:4:3:4:2:,clone,10738.097096437492,3:2:4:4:3:4:3:4:2
3:3:4:4:3:3:4:4:3:,clone,12209.47388603494,3:3:4:4:3:3:3:4:3
2:3:4:2:1:3:4:4:2:,recombination,10776.611111906,4:4:3:4:4:3:2:4:4,1:2:4:2:2:3:4:4:1,MUTATE
4:4:4:4:4:0:1:1:4:,recombination,10482.38599441728,4:4:3:4:4:0:0:0:4,2:3:4:4:3:3:3:4:2,MUTATE
2:3:4:3:3:3:4:4:2:,recombination,12212.23260912198,3:3:4:4:4:2:3:3:4,2:3:4:3:2:4:4:4:2
2:3:4:3:3:3:4:4:2:,clone,12114.844525138073,2:3:4:3:3:3:4:4:2
2:2:4:3:3:4:3:4:1:,recombination,10972.655038389323,2:3:4:3:3:4:3:4:2,3:4:4:4:4:2:3:4:3,MUTATE
2:2:4:3:3:4:3:4:1:,clone,10596.244513941252,2:2:4:3:2:4:3:4:1
3:2:4:3:2:4:4:4:2:,clone,10693.136470638308,2:2:4:2:1:4:4:4:1
2:2:4:4:4:2:3:4:2:,recombination,9714.338408435451,4:4:4:4:4:2:1:4:4,2:3:4:4:4:2:3:4:2
2:2:4:3:3:4:3:4:2:,recombination,10654.824527006687,4:3:4:4:4:3:2:4:4,1:2:4:1:0:4:4:4:0
1:1:4:2:1:4:4:4:0:,clone,10346.216119795576,1:1:4:2:1:4:4:4:0
3:2:4:3:3:4:3:4:2:,recombination,10982.93768551493,3:3:4:4:4:3:3:4:2,4:4:4:4:4:3:2:4:4,MUTATE
3:3:4:4:3:4:3:4:3:,recombination,10491.270874681164,3:2:4:3:2:3:4:4:2,4:4:4:4:4:3:2:4:4
3:2:4:3:3:4:3:4:2:,recombination,10976.60944906,3:3:4:4:3:3:3:4:3,4:4:4:4:4:3:2:4:4,MUTATE
3:2:4:4:3:4:3:4:2:,clone,10693.200345789304,3:2:4:4:3:4:3:4:2
1:1:4:2:1:4:4:4:0:,recombination,10135.320751558498,1:2:4:2:1:4:4:4:0,1:2:4:2:1:4:4:4:0,MUTATE
2:2:4:2:1:4:4:4:2:,clone,10491.32346608489,2:2:4:2:1:4:4:4:2
1:1:4:2:1:4:4:4:0:,clone,10036.30256012655,1:1:4:2:1:4:4:4:0
1:1:4:1:0:4:4:4:0:,recombination,10446.520174878815,2:2:4:2:2:4:4:4:1,2:2:4:2:1:4:4:4:1,MUTATE
3:2:4:3:2:4:3:4:2:,recombination,10396.998135676049,4:4:3:4:4:1:1:4:4,2:2:4:4:3:4:3:4:2,MUTATE
1:2:4:2:0:4:4:4:1:,recombination,10882.552652828868,4:3:4:4:4:1:2:3:4,2:2:4:2:1:4:4:4:1,MUTATE
4:4:4:4:4:0:1:1:4:,recombination,10086.982390340465,3:3:4:4:4:3:3:4:3,4:4:4:4:4:0:0:0:4,MUTATE
1:2:4:1:0:4:4:4:1:,clone,10334.790327806917,1:2:4:1:0:4:4:4:1
1:2:4:1:0:4:4:4:1:,clone,10334.790327806915,1:2:4:1:0:4:4:4:1
1:2:4:1:0:4:4:4:1:,clone,10320.969144556619,1:2:4:1:0:4:4:4:1
2:2:4:2:1:3:4:4:1:,recombination,10969.383733744526,2:2:4:3:2:4:4:4:1,4:4:4:4:4:2:1:4:4,MUTATE
1:1:4:1:0:4:4:4:0:,recombination,10431.652071931818,4:4:4:4:4:2:2:4:4,1:2:4:1:0:4:4:4:0,MUTATE
2:2:4:3:3:4:3:4:1:,recombination,10504.20959199927,4:4:4:4:4:1:1:1:4,1:1:4:1:0:4:4:4:0
2:2:4:4:3:4:3:4:1:,recombination,10960.687893802946,1:2:4:2:0:4:4:4:1,4:3:4:4:4:3:2:4:4,MUTATE
2:2:4:4:3:4:3:4:2:,recombination,10962.352120682393,2:2:4:3:3:4:3:4:1,4:4:4:4:4:1:1:4:4
2:2:4:4:3:4:3:4:2:,clone,10557.353913315492,2:2:4:4:3:4:3:4:2
2:2:4:3:3:4:3:4:1:,clone,10417.300696017934,2:2:4:3:3:4:3:4:1
2:3:4:4:4:3:3:4:2:,recombination,10216.559730227054,3:4:4:4:4:2:2:3:4,4:4:4:4:4:2:2:3:4,MUTATE
2:2:4:3:1:4:4:4:2:,recombination,11881.92105107931,3:3:4:4:4:1:2:3:3,3:3:4:3:2:3:4:4:3
2:3:4:3:2:4:4:4:2:,recombination,10569.351496590358,3:4:4:4:4:3:3:4:3,3:3:4:4:4:3:3:4:3
1:2:4:2:2:4:4:4:1:,recombination,10810.471385716382,1:2:4:2:0:4:4:4:1,4:3:4:4:4:1:2:2:4,MUTATE
2:2:4:3:1:4:4:4:1:,recombination,11730.815750298427,2:2:4:3:2:3:3:4:1,4:3:4:4:4:1:2:4:4
2:3:4:3:2:4:3:4:1:,clone,10882.770289474765,2:3:4:3:2:4:4:4:2
2:2:4:2:1:3:4:4:1:,recombination,10778.735977116527,3:3:4:4:4:3:3:4:3,2:3:4:3:3:3:3:4:2,MUTATE
3:2:4:3:2:4:4:4:2:,recombination,10580.54181596088,2:3:4:3:2:4:4:4:2,3:3:4:3:2:4:4:4:3,MUTATE
3:3:4:3:3:3:4:4:3:,clone,11855.586221427076,3:3:4:4:3:3:3:4:3
2:2:4:2:1:3:4:4:1:,clone,10707.90920948023,2:2:4:2:1:3:4:4:1
2:3:4:3:2:4:4:4:1:,recombination,10553.872428830578,3:3:4:4:4:2:2:4:3,2:3:4:3:2:4:4:4:2
2:3:4:3:2:4:4:4:2:,recombination,10558.554477477885,2:3:4:3:2:4:4:4:2,3:3:4:4:4:3:3:4:3
1:1:4:2:0:4:4:4:0:,recombination,11976.324533278868,2:2:4:2:2:3:4:4:2,4:4:2:4:4:1:1:4:4,MUTATE
4:4:3:4:4:0:0:0:4:,recombination,9678.04573049711,3:2:4:3:2:4:4:4:2,2:2:4:4:3:3:3:4:1,MUTATE
4:4:3:4:4:2:1:4:4:,clone,9864.497206651824,4:4:3:4:4:2:1:4:4
4:4:3:4:4:2:2:4:4:,recombination,10157.103641311103,1:2:4:2:1:4:4:4:1,1:1:4:2:1:4:4:4:0,MUTATE
4:4:3:4:4:0:0:1:4:,recombination,10056.804897941061,4:3:4:4:4:2:2:3:4,4:4:3:4:4:0:0:0:4,MUTATE
3:3:4:4:3:4:4:4:2:,recombination,11888.843534626327,4:4:4:4:4:1:2:2:4,2:2:4:4:3:4:3:4:2,MUTATE
2:3:4:4:3:4:3:4:2:,recombination,11753.479351124675,4:4:4:4:4:3:2:4:4,3:3:4:4:3:3:3:4:3
4:4:3:4:4:0:0:0:4:,clone,9402.659646745371,4:4:3:4:4:0:0:0:4
3:3:4:3:2:4:3:4:3:,clone,10639.560312079522,3:3:4:3:2:4:3:4:3
3:3:4:3:2:4:4:4:3:,recombination,10946.835288032864,3:2:4:3:3:4:3:4:2,0:2:4:1:0:4:4:4:0,MUTATE
3:3:4:3:3:3:4:4:3:,recombination,11690.837411145994,2:2:4:2:1:3:4:4:1,4:3:4:4:3:2:3:4:4,MUTATE
2:3:4:4:4:2:3:3:2:,clone,12783.634628072223,2:3:4:4:4:2:3:3:2
2:2:4:4:4:3:3:4:2:,recombination,10489.60803226328,4:4:4:4:4:2:2:2:4,3:4:4:4:4:2:2:4:3,MUTATE
3:3:4:4:3:4:4:4:3:,recombination,12403.600442423283,4:3:4:4:4:3:3:4:4,2:3:4:4:3:4:3:4:2,MUTATE
4:4:4:4:4:0:1:3:4:,clone,10117.048242137373,4:4:4:4:4:0:1:3:4
4:4:4:4:4:0:1:3:4:,recombination,10052.720356527665,4:4:4:4:4:1:1:1:4,3:4:4:4:4:1:2:4:3
2:2:4:2:1:4:4:4:2:,clone,10461.140608387428,2:2:4:2:1:4:4:4:2
2:2:4:3:3:4:4:4:1:,recombination,11790.54540376622,2:2:4:4:4:3:3:4:2,3:3:4:4:3:3:4:4:2
3:3:4:3:2:4:3:4:3:,recombination,10600.961834087615,1:1:4:1:0:4:4:4:0,3:3:4:4:3:3:3:4:2,MUTATE
3:3:4:3:1:4:4:4:2:,clone,12067.136808582522,3:3:4:3:1:4:4:4:2
4:4:4:4:4:0:1:1:4:,recombination,9953.28834273256,1:2:4:2:1:4:4:4:0,4:4:3:4:4:0:0:0:4
3:2:4:3:1:4:4:4:2:,clone,11869.075910996338,3:2:4:3:1:4:4:4:2
4:3:4:4:3:2:3:4:3:,recombination,11048.782194459205,4:3:4:4:4:2:2:4:4,4:4:4:4:4:0:1:1:4
4:4:4:4:4:0:0:2:4:,clone,9893.668329292948,4:4:4:4:4:0:0:2:4
4:3:4:4:3:2:3:4:3:,recombination,10452.0709448304,2:2:4:4:3:3:3:4:2,4:4:4:4:4:1:2:2:4
2:2:4:3:3:3:4:4:1:,clone,11821.682578664275,2:2:4:3:3:3:3:4:1
3:2:4:3:2:4:4:4:2:,clone,10539.877953133968,3:2:4:3:2:4:4:4:2
3:2:4:2:1:4:4:4:2:,clone,10241.863084405406,3:2:4:2:1:4:4:4:2
3:2:4:3:2:3:4:4:2:,clone,10437.556318809591,3:2:4:3:2:3:4:4:2
3:3:4:3:2:3:3:4:2:,recombination,10350.41809017902,3:3:4:4:3:3:3:4:3,1:2:4:1:0:4:4:4:1
3:3:4:4:4:2:3:3:4:,clone,11575.121045090416,3:3:4:4:4:2:3:3:4
2:3:4:4:3:4:4:4:2:,recombination,12048.222982173149,3:4:4:4:4:2:3:4:3,2:2:4:4:3:4:3:4:2
2:2:4:2:1:4:4:4:2:,clone,10384.172510606344,2:2:4:2:1:4:4:4:2
3:2:4:3:2:3:4:4:2:,clone,10271.433194252033,3:2:4:3:2:3:4:4:2
3:3:4:3:2:3:4:4:2:,recombination,10384.172510606344,2:2:4:2:1:4:4:4:2,1:1:4:2:1:4:4:4:0,MUTATE
3:2:4:2:2:3:4:4:2:,recombination,10828.867782921274,3:3:4:3:2:3:4:4:2,2:3:4:4:3:3:3:4:2
3:2:4:3:2:4:4:4:2:,recombination,10474.0529764495,2:2:4:4:3:3:4:4:2,1:2:4:2:0:4:4:4:1
2:3:4:3:3:3:4:4:2:,recombination,11915.326402985336,4:4:3:4:4:2:3:4:4,3:3:4:4:4:2:3:3:3,MUTATE
2:2:4:4:3:4:4:4:2:,recombination,12575.818521061705,2:3:4:4:3:4:4:4:2,3:4:4:4:4:2:2:4:3,MUTATE
2:2:4:4:3:3:3:4:2:,clone,10082.680448789135,2:2:4:4:3:3:3:4:2
4:3:3:4:4:3:3:4:4:,recombination,10956.526703760173,1:2:4:2:1:4:4:4:1,4:4:2:4:4:2:1:4:4
2:2:4:3:3:4:4:4:2:,recombination,11900.241979981105,4:3:4:4:3:3:3:4:4,2:3:4:4:3:4:4:4:2
2:3:4:4:4:2:3:3:2:,clone,12122.45217900765,2:3:4:4:4:2:3:3:2
1:2:4:3:1:4:4:4:1:,recombination,12842.38798408227,4:4:4:4:4:1:2:3:4,2:3:4:4:2:3:4:4:2,MUTATE
2:3:4:4:4:2:3:3:2:,clone,12121.406302844684,2:3:4:4:4:2:3:3:2
0:1:4:1:0:4:4:4:0:,recombination,11706.83595605004,1:2:4:2:1:4:4:4:1,3:3:4:4:3:3:3:4:2
0:1:4:1:0:4:4:4:0:,clone,11679.708879795093,0:1:4:1:0:4:4:4:0
2:2:4:3:1:4:4:4:2:,recombination,11848.520340371939,3:3:4:4:4:3:3:4:2,4:4:3:4:4:3:2:4:4,MUTATE
2:2:4:3:3:3:3:4:1:,clone,10607.338935951022,2:2:4:3:3:3:3:4:1
4:3:4:4:4:2:3:3:4:,clone,11408.78146727588,4:3:4:4:4:2:3:4:4
1:2:4:3:1:4:4:4:1:,recombination,12051.858626037418,3:3:4:3:2:4:4:4:2,3:4:4:4:4:2:3:4:3
2:3:4:3:1:4:4:4:1:,recombination,12426.309165333892,4:3:4:4:4:2:2:4:3,3:4:4:4:4:2:3:4:3,MUTATE
2:3:4:3:2:4:3:4:2:,recombination,10866.878645569037,2:3:4:3:2:4:3:4:1,3:3:4:4:3:2:3:4:3,MUTATE
2:3:4:4:4:2:3:3:2:,clone,11998.744298742999,2:3:4:4:4:2:3:4:2
2:2:4:2:1:3:4:4:1:,clone,10647.706426622139,2:2:4:2:1:3:4:4:1
3:3:4:4:3:3:4:4:2:,recombination,12067.452835595477,2:3:4:2:1:3:4:4:2,3:4:4:4:4:1:2:3:4,MUTATE
2:2:4:3:3:3:4:4:1:,recombination,11805.957844545415,2:3:4:4:4:2:3:3:2,3:3:4:3:2:3:4:4:2
2:2:4:2:1:3:4:4:1:,recombination,10508.07333156218,2:2:4:4:4:2:3:4:2,3:3:4:4:3:3:4:4:3,MUTATE
2:2:4:2:1:3:4:4:1:,recombination,10340.381261251863,3:3:4:4:3:3:3:4:3,2:2:4:2:1:3:4:4:1,MUTATE
1:1:4:1:0:4:4:4:0:,clone,10219.66798099573,1:1:4:1:0:4:4:4:0
2:2:4:2:1:3:4:4:1:,recombination,10148.3955774032,4:4:3:4:4:2:2:4:4,2:2:4:2:1:3:4:4:1,MUTATE
3:3:4:3:2:3:4:4:2:,recombination,10043.365569238953,3:3:4:4:4:2:3:4:3,2:2:4:4:3:3:3:4:1
2:2:4:2:1:3:4:4:1:,recombination,10059.898332106284,2:2:4:2:1:3:4:4:1,2:3:4:3:2:3:4:4:2
1:1:4:1:0:4:4:4:0:,clone,10031.247742388228,1:1:4:1:0:4:4:4:0
1:2:4:2:1:3:4:4:1:,recombination,11392.740713964546,4:4:2:4:4:1:1:4:4,4:4:4:4:4:0:0:2:4,MUTATE
1:1:4:1:0:4:4:4:0:,clone,10002.14050579275,1:1:4:1:0:4:4:4:0
3:3:4:3:2:3:3:4:3:,clone,10124.641114501443,3:3:4:3:2:3:3:4:3
3:3:4:3:2:3:3:4:3:,clone,10062.371678054935,3:3:4:3:2:3:3:4:3
3:3:4:3:2:3:4:4:3:,recombination,10001.360606208313,4:4:4:4:4:0:1:1:4,1:2:4:2:1:4:4:4:0,MUTATE
3:2:4:2:1:4:4:4:2:,recombination,10113.762825948636,3:3:4:3:2:3:3:4:3,4:3:4:4:4:2:2:3:4,MUTATE
2:2:4:2:1:4:4:4:2:,recombination,10364.249948700857,3:3:4:3:2:3:4:4:3,4:3:4:3:3:3:3:4:4
3:2:4:2:2:4:4:4:2:,recombination,10231.43071235179,3:3:4:4:4:2:2:3:3,4:4:3:4:4:2:2:4:4,MUTATE
2:2:4:2:1:4:4:4:2:,recombination,10219.018618228482,1:2:4:2:1:4:4:4:0,2:2:4:3:2:3:4:4:1
3:2:4:2:1:4:4:4:2:,recombination,10104.722840219525,1:1:4:2:1:4:4:4:0,1:1:4:1:0:4:4:4:0,MUTATE
2:2:4:2:1:4:4:4:2:,recombination,10216.47024186132,4:4:3:4:4:2:2:4:4,1:1:4:1:0:4:4:4:0
3:3:4:3:3:4:4:4:2:,recombination,11893.46312760242,2:3:4:3:2:4:4:4:2,3:3:4:4:4:1:2:4:3,MUTATE
3:3:4:2:1:3:4:4:2:,clone,11568.19098473164,3:3:4:2:1:3:4:4:2
3:3:4:2:1:3:4:4:2:,recombination,11240.742526756632,3:3:4:4:4:3:3:4:2,3:3:4:3:3:3:3:4:3
3:2:4:2:1:3:4:4:2:,clone,11560.99647475494,3:2:4:2:1:3:4:4:2
3:3:4:4:3:3:4:4:3:,recombination,12124.249739456245,3:3:4:4:4:1:2:3:4,2:3:4:4:3:3:3:4:2,MUTATE
3:2:4:2:1:3:4:4:2:,recombination,11361.732048544838,3:3:4:4:4:2:2:4:3,3:3:4:4:4:2:3:4:3
3:2:4:2:1:3:4:4:2:,clone,10623.547732856321,3:2:4:2:1:3:4:4:2
2:3:4:3:1:4:4:4:2:,recombination,12852.683604144211,3:3:4:4:3:3:4:4:2,0:2:4:1:0:4:4:4:0,MUTATE
3:3:4:2:1:3:4:4:2:,clone,11060.373051029954,3:3:4:2:1:4:4:4:2
2:3:4:2:1:4:4:4:2:,clone,10885.24897125744,2:3:4:2:1:4:4:4:2
2:2:4:2:2:3:4:4:2:,recombination,10383.878437757943,4:4:4:4:4:2:3:4:4,2:2:4:2:1:4:4:4:1,MUTATE
3:3:4:3:2:3:3:4:2:,clone,10083.35228765338,3:3:4:3:2:3:3:4:2
2:2:4:2:2:3:4:4:1:,clone,10417.683649881807,2:2:4:2:2:3:4:4:1
2:3:4:4:3:3:3:4:1:,recombination,12005.029388412471,4:4:4:4:4:2:1:4:4,3:4:4:4:4:2:2:4:3,MUTATE
2:2:4:3:3:4:4:4:2:,recombination,11811.641078467677,4:3:4:4:4:3:3:4:3,2:3:4:4:4:3:3:4:2,MUTATE
4:4:3:4:4:0:0:0:4:,recombination,9259.542331581206,1:2:4:2:1:4:4:4:0,3:3:4:4:3:2:3:4:2,MUTATE
4:4:3:4:4:0:1:2:4:,recombination,9628.171848591075,3:2:4:3:2:3:4:4:2,4:4:4:4:4:1:2:4:4
4:4:4:4:4:3:2:4:4:,recombination,9939.778999283079,1:2:4:2:1:4:4:4:1,4:3:4:4:4:2:3:4:4,MUTATE
4:4:3:4:4:0:0:0:4:,clone,9256.053698781583,4:4:3:4:4:0:0:0:4
4:3:3:4:4:3:3:4:4:,clone,10693.136470638308,4:3:3:4:4:3:3:4:4
4:3:3:4:4:3:3:4:4:,clone,10693.136470638306,4:3:3:4:4:3:3:4:4
4:4:4:4:4:0:0:1:4:,recombination,9181.20276282325,4:4:3:4:4:2:2:4:4,4:4:4:4:4:1:2:4:4
4:4:4:4:4:3:2:4:4:,clone,9915.63786935877,4:4:4:4:4:2:2:4:4
4:4:4:4:4:0:1:3:4:,recombination,9552.723620355811,4:3:4:4:4:1:2:4:4,4:4:3:4:4:0:0:0:4,MUTATE
4:4:4:4:4:3:3:4:4:,recombination,9481.975868228821,1:2:4:2:1:4:4:4:0,1:2:4:1:0:4:4:4:1,MUTATE
4:3:4:4:4:3:3:4:4:,clone,9748.663792229447,4:3:4:4:4:3:3:4:4
4:3:4:4:4:3:3:4:4:,clone,9659.477089201755,4:3:4:4:4:3:3:4:4
4:4:4:4:4:3:2:4:4:,recombination,9629.889728480308,4:4:4:4:4:3:3:4:4,2:3:4:3:2:4:3:4:2,MUTATE
4:3:4:4:4:3:3:4:4:,recombination,9534.950639946355,1:2:4:2:1:4:4:4:1,4:4:3:4:4:2:2:4:4,MUTATE
4:3:4:4:3:4:3:4:3:,recombination,11135.672667000606,1:2:4:1:0:4:4:4:1,2:2:4:3:3:4:3:4:1
2:2:4:3:3:4:4:4:1:,clone,11566.166588736558,2:2:4:3:3:4:3:4:1
3:3:4:4:3:3:4:4:2:,recombination,12035.027359368123,3:4:4:4:4:2:3:3:4,3:4:4:4:4:2:3:4:3,MUTATE
3:3:4:4:3:4:3:4:3:,clone,10481.390098297066,3:3:4:4:3:4:3:4:3
4:4:3:4:4:0:0:2:4:,clone,9597.850279385364,4:4:3:4:4:0:0:2:4
4:4:3:4:4:0:0:2:4:,recombination,9467.638025812234,2:2:4:4:4:3:3:4:2,4:4:3:4:4:0:0:0:4
3:3:4:3:2:4:3:4:3:,clone,10397.208382519417,3:3:4:3:2:4:3:4:3
4:4:3:4:4:1:1:4:4:,recombination,9593.335528643413,4:3:4:4:3:3:3:4:4,4:3:4:4:4:2:2:4:4,MUTATE
4:3:4:3:3:3:3:4:3:,clone,9966.355879408973,4:3:4:4:3:3:3:4:3
2:3:4:3:3:3:4:4:2:,clone,11533.679257852102,2:3:4:3:3:3:4:4:2
3:3:4:3:3:3:3:4:2:,recombination,9959.656012615933,4:4:3:4:4:3:3:4:4,4:3:4:4:4:3:3:4:4
3:3:4:3:2:4:4:4:2:,clone,10203.867513014839,3:3:4:3:2:4:4:4:2
3:2:4:3:2:4:4:4:2:,recombination,10201.403314394112,3:3:4:3:3:4:3:4:3,2:2:4:2:1:4:4:4:1,MUTATE
2:2:4:3:3:4:3:4:2:,recombination,10080.274986553111,1:2:4:2:1:4:4:4:1,2:3:4:3:2:4:4:4:2,MUTATE
2:3:4:4:3:4:3:4:2:,recombination,11719.939728473517,2:2:4:2:1:3:4:4:1,1:2:4:2:0:4:4:4:0,MUTATE
3:3:4:3:3:4:4:4:2:,recombination,11530.981907035233,2:2:4:3:2:3:3:4:1,2:3:4:4:3:3:3:4:2
2:3:4:3:3:4:3:4:2:,recombination,10630.755556757342,1:2:4:2:0:4:4:4:0,4:3:4:4:4:3:3:4:4,MUTATE
3:2:4:4:3:4:4:4:2:,recombination,12565.528986767735,4:3:4:4:4:3:3:4:4,3:3:4:4:4:1:2:3:3
2:3:4:2:1:4:4:4:1:,recombination,12730.434090718132,4:4:3:4:4:3:2:4:4,2:3:4:4:3:4:4:4:2,MUTATE
2:3:4:3:1:4:4:4:2:,clone,12545.951150306824,2:3:4:3:2:4:4:4:2
1:2:4:2:0:4:4:4:1:,clone,10855.235608039664,1:2:4:2:0:4:4:4:1
1:2:4:2:0:4:4:4:1:,clone,10540.758909536173,1:2:4:2:0:4:4:4:1
2:3:4:3:1:4:4:4:2:,clone,12369.429573630256,2:3:4:3:1:4:4:4:2
2:2:4:3:1:4:4:4:1:,recombination,11656.69451192171,3:3:4:4:3:3:4:4:2,1:2:4:2:2:4:4:4:1
4:4:3:4:4:0:0:1:4:,clone,10016.894205792942,4:4:3:4:4:0:0:1:4
2:3:4:2:2:4:4:4:2:,recombination,10743.336487028064,2:2:4:2:1:4:4:4:1,3:3:4:2:1:3:4:4:2,MUTATE
3:3:4:2:2:4:4:4:2:,clone,10761.001291823199,3:3:4:2:2:4:4:4:2
3:3:4:3:2:4:4:4:3:,clone,10585.207813873882,3:3:4:3:2:4:4:4:3
3:3:4:3:3:3:3:4:3:,recombination,9905.535063821542,1:2:4:1:0:4:4:4:1,4:3:4:4:4:2:2:4:4,MUTATE
4:4:4:4:4:0:0:2:4:,clone,9873.946952242866,4:4:4:4:4:0:0:2:4
1:2:4:2:1:3:4:4:1:,clone,11034.91282553245,2:2:4:2:1:4:4:4:1
3:3:4:3:3:3:4:4:3:,recombination,11549.428480863677,4:3:4:4:4:2:2:4:4,3:3:4:4:3:3:4:4:3
3:2:4:4:4:3:3:4:2:,recombination,11257.972341224138,3:3:4:4:4:2:2:4:3,3:3:4:4:4:1:2:4:3,MUTATE
2:2:4:4:2:3:4:4:1:,recombination,13108.185594544717,3:2:4:3:3:4:3:4:2,2:3:4:4:4:2:3:3:2,MUTATE
2:3:4:2:1:4:4:4:2:,recombination,10853.43557805709,4:3:4:4:4:3:3:4:4,4:4:4:4:4:2:3:2:4
1:2:4:1:0:4:4:4:0:,recombination,9828.414497240892,3:4:4:4:4:1:2:3:4,4:4:4:4:4:3:3:4:4,MUTATE
2:2:4:3:1:3:4:4:2:,clone,11946.008808643322,2:2:4:2:1:4:4:4:2
2:2:4:3:3:3:4:4:1:,recombination,11716.042452734824,4:4:4:4:4:1:1:4:4,4:3:4:4:4:1:2:3:4
2:2:4:3:1:4:4:4:2:,recombination,11766.692615091002,4:4:4:4:4:1:2:2:4,2:3:4:3:2:3:3:4:2,MUTATE
0:1:4:1:0:4:4:4:0:,clone,11466.002536856633,0:1:4:1:0:4:4:4:0
0:1:4:1:0:4:4:4:0:,clone,11174.484814356883,0:1:4:1:0:4:4:4:0
2:3:4:3:1:4:4:4:2:,clone,12221.46432617999,2:2:4:2:1:4:4:4:1
2:2:4:2:2:3:4:4:1:,recombination,10331.643538760358,2:2:4:3:2:4:3:4:2,2:3:4:2:1:4:4:4:2,MUTATE
2:2:4:4:3:4:4:4:2:,recombination,12348.20358265914,3:4:4:4:4:2:3:3:4,0:2:4:1:0:4:4:4:0
1:1:4:2:0:4:4:4:0:,recombination,11161.018044230745,3:3:4:4:4:3:3:4:2,3:3:4:4:4:2:2:3:4
1:1:4:2:0:4:4:4:0:,clone,11053.392133198278,1:1:4:2:0:4:4:4:0
2:2:4:3:1:3:4:4:1:,recombination,12275.659671798328,1:2:4:2:1:4:4:4:1,2:3:4:4:4:2:3:3:2
2:3:4:3:1:4:4:4:1:,recombination,12367.78402298212,2:2:4:3:3:3:3:4:1,3:4:4:4:4:3:3:4:3
4:4:4:4:4:1:1:2:4:,clone,9567.945325251298,4:4:4:4:4:1:1:2:4
2:3:4:2:2:3:4:4:2:,recombination,10979.61370310716,3:3:4:4:4:3:3:4:2,3:3:4:4:3:3:4:4:2,MUTATE
4:3:4:4:3:2:3:4:3:,recombination,10025.62636422032,4:4:4:4:4:2:2:4:4,1:2:4:2:1:4:4:4:0,MUTATE
4:3:4:4:3:2:3:4:4:,clone,10358.082290943457,4:3:4:4:3:2:3:4:4
1:1:4:2:0:4:4:4:0:,recombination,10996.033262646772,4:4:4:4:4:2:2:3:4,4:4:4:4:4:1:1:4:4
1:1:4:2:0:4:4:4:0:,clone,10934.36876025504,1:1:4:2:0:4:4:4:0
4:3:4:4:3:2:3:4:4:,clone,10167.175035437846,4:3:4:4:3:3:3:4:3
4:3:4:4:3:3:3:4:3:,clone,9895.074007685598,4:3:4:4:3:3:3:4:3
1:1:4:2:0:4:4:4:0:,clone,10706.401749331062,1:1:4:2:0:4:4:4:0
3:3:4:3:1:4:4:4:2:,clone,12036.666688335437,2:3:4:2:1:4:4:4:2
2:3:4:3:2:3:3:4:2:,clone,10134.608389872725,2:3:4:3:2:3:3:4:2
3:2:4:3:2:3:4:4:2:,recombination,10167.431738532781,3:3:4:3:2:4:3:4:3,2:3:4:4:3:3:3:4:1
2:3:4:3:1:4:4:4:1:,clone,12346.127163268935,2:3:4:3:1:4:4:4:1
2:2:4:3:1:4:4:4:1:,clone,11653.173630565592,2:2:4:3:1:4:4:4:1
3:3:4:4:3:3:4:4:2:,clone,12005.131089467683,3:3:4:4:3:3:4:4:2
3:2:4:3:2:3:3:4:2:,clone,9850.040182758357,3:2:4:3:2:3:3:4:2
3:2:4:3:2:3:3:4:2:,clone,9723.516978776614,3:2:4:3:2:3:3:4:2
1:1:4:2:0:4:4:4:0:,clone,10511.177290498745,1:1:4:2:0:4:4:4:0
4:4:3:4:4:0:0:1:4:,clone,9568.20643099701,4:4:3:4:4:0:0:1:4
4:4:3:4:4:0:1:1:4:,recombination,10332.72546659197,4:4:4:4:4:1:1:2:4,4:4:4:4:4:1:2:4:4,MUTATE
4:4:3:4:4:0:1:3:4:,clone,10162.808603107753,4:4:3:4:4:0:1:3:4
4:4:3:4:4:1:1:2:4:,clone,10236.541568290315,4:4:3:4:4:1:1:2:4
4:4:3:4:4:1:1:2:4:,clone,9975.867595222257,4:4:3:4:4:1:1:2:4
4:4:3:4:4:0:1:2:4:,clone,9455.434069462333,4:4:3:4:4:0:1:2:4
4:4:3:4:4:1:1:3:4:,clone,9603.051135158874,4:4:3:4:4:1:1:3:4
4:4:3:4:4:1:1:2:4:,clone,9875.297074310023,4:4:3:4:4:1:1:2:4
2:3:4:2:1:4:4:4:1:,recombination,11386.71032785241,2:2:4:3:1:4:4:4:1,4:4:4:4:4:2:1:4:4
0:2:4:1:0:4:4:4:0:,recombination,11073.927604922215,4:3:4:4:4:2:2:2:4,4:4:4:4:4:2:2:4:4
2:2:4:4:3:3:4:4:1:,recombination,12071.789189426274,2:2:4:4:3:4:4:4:2,2:2:4:3:3:4:4:4:2,MUTATE
0:2:4:1:0:4:4:4:0:,clone,11051.755897005978,0:2:4:1:0:4:4:4:0
0:2:4:1:0:4:4:4:0:,clone,10860.156503226879,0:2:4:1:0:4:4:4:0
0:2:4:1:0:4:4:4:0:,recombination,10623.226633879298,2:2:4:2:1:4:4:4:1,3:3:4:4:4:2:3:4:3
0:1:4:1:0:4:4:4:0:,recombination,10562.248279442781,3:2:4:3:2:3:4:4:2,0:2:4:1:0:4:4:4:0,MUTATE
0:2:4:1:0:4:4:4:0:,clone,10502.017107180596,0:2:4:1:0:4:4:4:0
3:3:4:2:2:4:4:4:2:,clone,10700.19682715372,3:3:4:3:2:4:4:4:2
2:3:4:3:3:3:4:4:2:,recombination,11457.60474020346,3:2:4:3:2:3:4:4:2,3:4:4:4:4:1:2:3:3,MUTATE
3:3:4:4:3:3:4:4:2:,recombination,11947.388487281389,1:2:4:1:0:4:4:4:0,3:3:4:4:4:1:1:3:4,MUTATE
4:3:4:4:3:2:3:4:4:,clone,10089.74395340454,4:3:4:4:3:2:3:4:4
1:2:4:1:0:4:4:4:1:,recombination,10286.071739896091,4:4:3:4:4:0:0:1:4,4:3:4:4:4:3:3:4:4
4:3:4:4:3:2:3:4:4:,clone,10075.545488433576,4:3:4:4:4:2:3:4:4
1:2:4:1:0:4:4:4:1:,recombination,10254.951749851547,1:2:4:2:1:4:4:4:0,4:4:3:4:4:0:1:2:4
2:2:4:1:1:4:4:4:1:,recombination,10124.700993719685,1:2:4:2:1:4:4:4:1,2:2:4:3:2:4:4:4:1,MUTATE
1:2:4:1:0:4:4:4:1:,clone,10159.607617067788,1:2:4:1:0:4:4:4:1
2:3:4:4:3:3:4:4:2:,clone,11851.097320471627,3:3:4:4:3:3:3:4:2
3:2:4:4:3:3:3:4:2:,recombination,9866.545879642399,2:3:4:4:4:2:3:3:2,3:3:4:3:2:3:3:4:2
3:2:4:3:3:3:3:4:2:,clone,10280.589374238314,3:2:4:3:3:3:3:4:2
2:2:4:3:3:3:4:4:1:,recombination,11681.511220734978,4:4:3:4:4:2:2:4:4,2:2:4:4:2:3:4:4:1
2:2:4:2:2:3:4:4:1:,recombination,10024.933408924351,3:3:4:4:4:3:3:4:3,4:3:4:4:4:3:3:4:3,MUTATE
1:2:4:2:2:4:4:4:1:,recombination,10728.368104450765,3:3:4:4:4:3:3:4:3,3:3:4:4:4:2:3:4:3
1:2:4:2:2:4:4:4:1:,recombination,10583.90528563573,3:3:4:2:1:3:4:4:2,3:3:4:4:4:2:3:4:3
2:2:4:1:0:4:4:4:0:,clone,10693.136470638312,2:2:4:1:0:4:4:4:0
1:2:4:3:2:4:4:4:1:,recombination,11023.329426815899,3:3:4:4:4:2:2:3:3,3:3:4:3:2:3:3:4:2,MUTATE
2:3:4:4:3:3:4:4:1:,clone,12332.193132691464,2:3:4:4:3:3:4:4:1
2:2:4:1:0:4:4:4:0:,clone,10646.05123370332,2:2:4:1:0:4:4:4:0
2:2:4:1:0:4:4:4:0:,clone,10631.047836302967,2:2:4:1:0:4:4:4:0
2:2:4:1:0:4:4:4:0:,clone,10631.047836302965,2:2:4:1:0:4:4:4:0
2:2:4:3:3:3:4:4:1:,recombination,11678.052326326051,2:3:4:4:4:2:3:3:2,3:4:4:4:4:1:2:3:4
4:3:4:4:3:2:3:4:3:,recombination,10020.260724830578,4:3:4:4:4:2:2:4:3,1:2:4:2:2:4:4:4:1
1:2:4:3:2:4:4:4:1:,recombination,10963.340399202818,2:2:4:3:3:3:4:4:2,3:3:4:4:3:3:4:4:2,MUTATE
4:3:4:4:3:3:3:4:3:,recombination,9858.358541119645,4:3:4:4:3:2:3:4:3,4:4:4:4:4:2:1:4:4
4:3:4:4:3:3:3:4:3:,clone,9839.719337808503,4:3:4:4:3:3:3:4:3
4:4:4:4:4:1:0:2:4:,clone,9893.857578448667,4:4:4:4:4:1:0:2:4
1:2:4:2:0:4:4:4:1:,recombination,10511.288583778465,3:2:4:3:3:4:3:4:2,4:4:3:4:4:2:1:4:4,MUTATE
3:3:4:3:2:3:3:4:2:,recombination,10043.844925661804,4:4:3:4:4:0:0:2:4,4:3:4:4:3:3:3:4:3
4:4:4:4:4:1:0:3:4:,recombination,9720.292127462726,3:2:4:4:3:4:3:4:2,2:2:4:3:3:3:4:4:1,MUTATE
2:2:4:3:2:4:4:4:2:,recombination,10158.914396603812,2:2:4:4:3:4:3:4:1,3:3:4:3:2:3:4:4:3
3:3:4:3:3:3:3:4:2:,recombination,9921.64467460604,2:2:4:3:2:4:3:4:2,3:3:4:4:4:1:2:4:3
2:3:4:3:1:4:4:4:1:,recombination,12173.317238857766,2:3:4:3:1:4:4:4:1,3:2:4:4:3:4:4:4:2
2:2:4:4:3:3:4:4:2:,clone,11979.87077150573,2:2:4:4:3:3:3:4:2
2:3:4:4:3:4:3:4:2:,recombination,11607.079857563936,4:4:4:4:4:1:0:3:4,4:3:4:4:3:3:3:4:4,MUTATE
2:3:4:3:1:4:4:4:2:,clone,12059.708456783552,2:3:4:3:1:4:4:4:2
1:2:4:2:1:4:4:4:0:,clone,10067.734869893908,1:2:4:2:1:4:4:4:0
1:2:4:2:1:4:4:4:0:,clone,10067.734869893906,1:2:4:2:1:4:4:4:0
1:2:4:2:1:4:4:4:0:,clone,10060.981601042376,1:2:4:2:1:4:4:4:0
3:3:4:3:3:4:3:4:3:,clone,10361.584676575078,3:3:4:3:3:4:3:4:3
3:3:4:3:2:4:4:4:2:,clone,10118.813189190132,3:3:4:3:2:4:4:4:2
2:2:4:2:2:4:4:4:2:,clone,10038.068810521641,2:2:4:2:2:4:4:4:2
2:3:4:3:2:4:4:4:2:,recombination,10343.86206523708,3:3:4:4:4:3:3:4:2,2:2:4:3:3:4:3:4:2,MUTATE
2:2:4:3:2:4:4:4:2:,clone,10088.59997397405,2:2:4:2:2:4:4:4:2
2:2:4:2:2:4:4:4:2:,clone,10006.764659862392,2:2:4:2:2:4:4:4:2
2:3:4:3:3:3:3:4:2:,clone,10229.257477587455,2:2:4:3:2:3:4:4:2
2:2:4:2:2:4:4:4:2:,recombination,9887.07102570974,2:2:4:2:1:4:4:4:1,3:3:4:4:4:3:3:4:3,MUTATE
2:2:4:3:2:4:3:4:1:,recombination,10348.827640251102,4:4:4:4:4:0:1:1:4,4:3:4:4:4:2:2:4:4
4:4:4:4:4:0:0:2:4:,clone,9726.466444616068,4:4:4:4:4:0:0:2:4
2:2:4:2:1:4:4:4:1:,recombination,9930.226487819877,2:2:4:2:2:4:4:4:2,3:3:4:4:4:3:3:4:3,MUTATE
4:4:4:4:4:0:0:2:4:,clone,9679.861175131657,4:4:4:4:4:0:0:2:4
2:3:4:4:3:4:3:4:2:,clone,11175.830068175424,2:3:4:4:3:4:3:4:2
0:1:4:1:0:4:4:4:0:,clone,10420.315609732996,0:1:4:1:0:4:4:4:0
2:2:4:2:1:4:4:4:2:,recombination,9879.246235448043,3:3:4:4:3:3:4:4:3,3:2:4:2:1:4:4:4:2
3:3:4:3:2:3:4:4:3:,recombination,9991.864158671897,4:4:3:4:4:3:2:4:4,2:2:4:2:1:4:4:4:2
3:3:4:3:2:3:4:4:3:,recombination,9962.33163560068,3:3:4:3:2:3:4:4:3,3:2:4:3:3:3:3:4:2
1:2:4:2:0:4:4:4:0:,recombination,10439.453358145001,3:2:4:3:2:4:4:4:2,4:4:3:4:4:1:2:4:4
3:3:4:3:2:3:3:4:3:,clone,9748.23699781863,3:3:4:3:2:3:3:4:3
3:3:4:2:1:4:4:4:2:,recombination,10686.5244821792,4:4:4:4:4:1:1:4:4,3:3:4:3:2:3:4:4:3,MUTATE
3:2:4:3:2:3:4:4:2:,recombination,10138.629802508292,2:2:4:2:1:4:4:4:2,4:4:3:4:4:3:2:4:4,MUTATE
2:2:4:1:0:4:4:4:1:,recombination,10320.976369905666,4:4:3:4:4:3:2:4:4,4:4:3:4:4:2:2:4:4
3:3:4:3:2:4:4:4:2:,recombination,9944.873201151837,3:3:4:3:2:3:4:4:3,1:1:4:1:0:4:4:4:0
3:2:4:2:1:4:4:4:2:,clone,10042.337158930124,3:2:4:2:1:4:4:4:2
2:2:4:2:2:3:4:4:2:,clone,10207.800922041559,2:2:4:2:2:3:4:4:2
3:2:4:2:1:4:4:4:2:,recombination,9907.449888509123,3:3:4:3:2:4:4:4:2,1:2:4:1:0:4:4:4:1
2:2:4:1:0:4:4:4:1:,recombination,10211.483675267535,2:3:4:4:4:2:3:4:2,3:3:4:3:2:3:4:4:3
3:3:4:2:1:4:4:4:2:,clone,10491.531152080996,3:3:4:2:1:4:4:4:2
2:2:4:2:1:3:4:4:1:,recombination,9912.483434250806,3:4:4:4:4:2:3:4:3,2:2:4:4:3:4:3:4:2,MUTATE
3:3:4:2:1:4:4:4:2:,recombination,10344.674913872328,3:3:4:3:2:4:4:4:2,3:3:4:3:2:3:4:4:2
2:2:4:3:1:4:4:4:2:,clone,11675.382589412318,2:2:4:3:1:4:4:4:2
2:2:4:3:1:4:4:4:2:,clone,11657.990190502755,2:2:4:2:1:4:4:4:2
4:4:4:4:4:0:0:0:4:,clone,9096.395131360056,4:4:4:4:4:0:0:0:4
4:4:3:4:4:0:0:1:4:,clone,9427.988911055114,4:4:3:4:4:0:0:1:4
4:4:4:4:4:0:1:1:4:,clone,9784.372808613605,4:4:4:4:4:0:1:1:4
3:2:4:3:2:4:3:4:2:,clone,10238.634854509346,3:2:4:3:2:4:3:4:2
4:4:4:4:4:1:1:4:4:,clone,9249.312557265102,4:4:4:4:4:1:1:4:4
4:4:4:4:4:2:1:4:4:,clone,9682.859438974894,4:4:4:4:4:2:1:4:4
3:3:4:3:3:4:3:4:3:,recombination,10359.671369962593,2:3:4:3:2:4:4:4:2,3:2:4:3:2:4:3:4:2
4:4:4:4:4:1:1:4:4:,clone,9229.328552166096,4:4:4:4:4:1:1:4:4
4:4:4:4:4:1:1:4:4:,clone,9047.485555159343,4:4:4:4:4:1:1:4:4
4:4:4:4:4:1:1:4:4:,clone,8956.351430667139,4:4:4:4:4:1:1:4:4
4:4:4:4:4:2:2:4:4:,clone,9144.232421505814,4:4:4:4:4:2:2:4:4
4:4:4:4:4:2:2:4:4:,clone,9059.499208811509,4:4:4:4:4:2:2:4:4
3:3:4:3:2:3:3:4:2:,recombination,9847.455005423362,2:3:4:4:3:3:3:4:2,2:3:4:3:2:4:4:4:2
4:3:4:4:4:3:3:4:3:,clone,9489.80663390833,4:3:4:4:4:3:3:4:3
3:2:4:3:3:3:3:4:2:,clone,9959.80704704871,3:2:4:3:3:3:3:4:2
3:3:4:3:3:3:3:4:3:,recombination,9624.794734025378,4:4:4:4:4:2:2:4:4,3:3:4:2:1:3:4:4:2
2:2:4:2:1:4:4:4:1:,clone,9820.972678493012,2:2:4:2:1:4:4:4:1
3:2:4:3:2:4:4:4:2:,clone,9950.280732858162,3:2:4:3:2:4:4:4:2
3:3:4:3:2:3:3:4:2:,recombination,9632.119154201293,1:2:4:2:2:3:4:4:1,4:4:2:4:4:1:2:4:4
4:3:4:4:4:3:3:4:4:,recombination,9513.533307839638,1:2:4:2:1:4:4:4:1,2:3:4:3:2:4:4:4:2,MUTATE
4:3:4:4:3:3:3:4:4:,recombination,9522.699674200334,1:1:4:1:0:4:4:4:0,2:3:4:3:2:4:4:4:2
3:2:4:2:2:4:4:4:2:,recombination,9962.096625954842,1:1:4:2:1:4:4:4:0,2:2:4:2:1:4:4:4:1
3:3:4:3:2:4:3:4:2:,recombination,9965.07302742082,3:3:4:4:3:2:3:4:3,2:2:4:4:3:4:3:4:2,MUTATE
2:2:4:3:2:4:4:4:2:,clone,9894.084322355455,2:2:4:3:2:3:3:4:2
3:3:4:3:3:3:3:4:3:,recombination,9400.106755794084,3:3:4:4:4:3:3:4:2,4:3:4:4:4:3:3:4:3,MUTATE
2:2:4:1:0:4:4:4:1:,recombination,10192.256527911923,2:2:4:3:1:4:4:4:2,4:3:4:3:2:3:3:4:3
2:3:4:3:3:4:4:4:2:,recombination,12076.48290362427,3:3:4:3:2:3:4:4:3,3:3:4:3:2:4:3:4:3
3:3:4:3:3:4:4:4:3:,recombination,11761.43795289283,4:4:2:4:4:2:1:4:4,2:2:4:3:3:3:3:4:2,MUTATE
3:3:4:3:2:4:4:4:3:,clone,10374.982395884088,3:3:4:3:2:4:4:4:3
4:4:3:4:4:0:0:0:4:,clone,9249.433960679815,1:1:4:1:0:4:4:4:0
2:2:4:3:3:4:4:4:2:,clone,11663.30313908592,2:2:4:3:2:4:4:4:2
4:4:3:4:4:1:2:4:4:,clone,10027.661843302716,4:4:4:4:4:1:2:4:4
4:4:4:4:4:0:0:2:4:,clone,9460.372386353412,4:4:4:4:4:0:0:2:4
2:2:4:2:1:3:4:4:2:,clone,10537.987562651297,2:2:4:2:1:3:4:4:2
3:2:4:2:2:3:4:4:2:,clone,10364.747700233485,3:2:4:2:2:3:4:4:2
2:3:4:2:1:4:4:4:2:,clone,10613.804588340188,2:3:4:2:1:4:4:4:2
2:3:4:2:1:3:4:4:2:,clone,10600.471558395993,2:3:4:2:1:3:4:4:2
2:2:4:1:0:4:4:4:1:,recombination,10136.733761694879,1:2:4:2:1:4:4:4:1,2:3:4:3:2:4:4:4:2,MUTATE
2:3:4:2:2:3:4:4:2:,clone,10493.65045593391,2:3:4:3:2:3:4:4:2
3:2:4:3:3:3:4:4:2:,recombination,11905.932428286822,4:4:3:4:4:3:3:4:4,3:3:4:4:4:2:3:4:2,MUTATE
4:4:4:4:4:0:0:3:4:,clone,10048.122839612706,4:4:4:4:4:0:0:3:4
4:4:3:4:4:0:1:3:4:,clone,9987.282262601122,4:4:4:4:4:0:1:3:4
3:3:4:4:3:3:4:4:3:,recombination,12071.261808832916,4:3:4:4:4:2:2:4:4,2:2:4:3:2:3:4:4:1
4:4:3:4:4:0:1:3:4:,clone,9986.062949578723,4:4:3:4:4:0:1:3:4
3:3:4:2:1:3:4:4:2:,recombination,10815.817784717123,3:3:4:4:4:3:3:4:3,2:2:4:3:2:4:4:4:1,MUTATE
3:2:4:3:3:4:3:4:2:,clone,10330.219474064146,2:2:4:3:3:4:3:4:2
2:2:4:3:3:4:3:4:1:,clone,10351.710806424684,2:2:4:3:3:4:3:4:1
2:2:4:4:3:4:3:4:2:,recombination,10468.998764354257,2:3:4:3:2:3:4:4:2,3:3:4:3:2:3:4:4:2
2:2:4:4:3:3:3:4:2:,recombination,10068.71461247921,4:3:4:4:4:2:3:4:3,2:2:4:3:2:3:4:4:2,MUTATE
3:3:4:3:3:3:4:4:2:,recombination,11523.794178590779,2:3:4:4:3:3:3:4:1,3:3:4:4:3:2:3:4:2,MUTATE
2:3:4:4:3:4:3:4:2:,recombination,10753.455671566115,2:2:4:3:1:4:4:4:1,4:4:4:4:4:1:0:2:4,MUTATE
2:3:4:3:3:4:4:4:2:,clone,11903.486287134823,2:3:4:3:3:4:4:4:2
2:2:4:4:3:4:3:4:1:,clone,10865.905934249735,2:2:4:4:3:4:3:4:1
2:3:4:4:3:4:3:4:2:,clone,10676.829478547217,2:2:4:4:3:4:3:4:2
1:2:4:3:2:4:4:4:1:,recombination,10626.314695261222,4:4:4:4:4:2:2:4:4,2:2:4:3:2:4:4:4:1,MUTATE
3:3:4:3:1:3:4:4:2:,clone,12011.07291601518,3:3:4:3:1:3:4:4:2
3:2:4:3:3:3:4:4:2:,recombination,11579.969232874395,2:2:4:3:2:4:4:4:1,4:4:4:4:4:1:2:4:4,MUTATE
3:2:4:2:2:3:4:4:2:,clone,10315.140297404829,3:3:4:2:2:3:4:4:2
3:3:4:2:2:3:4:4:2:,clone,10197.507573834075,3:2:4:2:2:3:4:4:2
2:2:4:2:1:3:4:4:2:,clone,10478.62513581279,2:2:4:2:1:3:4:4:2
3:3:4:3:3:4:4:4:3:,recombination,11755.629633634326,3:3:4:4:3:3:3:4:3,4:4:3:4:4:1:1:2:4,MUTATE
4:4:2:4:4:0:0:0:4:,clone,9792.308155164883,1:2:4:2:1:4:4:4:0
4:4:3:4:4:1:0:2:4:,recombination,10055.356627155665,3:3:4:4:4:2:3:3:4,2:3:4:3:3:4:4:4:2,MUTATE
2:2:4:4:4:3:3:4:2:,recombination,10439.37748423975,3:3:4:4:4:3:3:4:3,3:2:4:2:1:4:4:4:2
2:2:4:3:2:3:3:4:1:,recombination,9935.912350120883,2:3:4:2:2:3:4:4:2,0:1:4:1:0:4:4:4:0,MUTATE
2:2:4:4:3:4:4:4:2:,clone,11963.019250879297,2:2:4:4:3:4:4:4:2
4:4:3:4:4:0:0:1:4:,recombination,9391.37753210989,1:1:4:1:0:4:4:4:0,3:3:4:2:2:4:4:4:2
4:4:3:4:4:1:1:2:4:,recombination,9602.2399452424,4:3:4:4:3:3:3:4:4,1:2:4:1:0:4:4:4:1
3:3:4:4:4:4:3:4:2:,recombination,12066.086238169324,2:3:4:4:4:2:3:3:2,3:3:4:3:2:4:3:4:2
3:3:4:3:3:3:4:4:2:,recombination,11504.71084314559,4:4:3:4:4:1:2:4:4,4:4:2:4:4:0:0:0:4,MUTATE
3:3:4:4:3:4:4:4:3:,recombination,12177.276531344014,4:4:2:4:4:2:1:4:4,4:3:4:4:4:2:2:4:4
1:2:4:3:2:4:4:4:1:,recombination,10619.131985746135,1:2:4:2:0:4:4:4:0,4:4:4:4:4:1:3:3:4
1:1:4:1:0:4:4:4:0:,recombination,9926.037800156146,3:3:4:3:2:3:4:4:2,3:3:4:3:2:4:4:4:3
4:4:4:4:4:0:1:3:4:,recombination,9545.274616306831,2:3:4:3:2:4:4:4:2,4:4:4:4:4:3:3:4:4,MUTATE
3:3:4:2:2:4:4:4:2:,clone,10413.869300032376,3:3:4:2:1:4:4:4:2
2:3:4:2:2:3:4:4:2:,clone,10387.58340302133,3:3:4:2:2:3:4:4:2
2:2:4:2:1:3:4:4:2:,clone,10251.80304490106,2:2:4:2:1:3:4:4:2
4:4:2:4:4:0:0:1:4:,clone,10749.781596222118,4:4:2:4:4:0:0:1:4
4:4:2:4:4:0:0:1:4:,clone,10599.699672790604,4:4:2:4:4:0:0:1:4
4:4:2:4:4:0:0:2:4:,recombination,10414.515245923549,1:1:4:1:0:4:4:4:0,3:3:4:4:4:2:3:4:3
4:4:2:4:4:1:1:2:4:,clone,10510.421006036284,4:4:2:4:4:1:1:2:4
4:4:2:4:4:0:0:1:4:,clone,10111.590534200986,4:4:2:4:4:0:0:1:4
4:4:2:4:4:1:1:2:4:,clone,10434.564227065865,4:4:2:4:4:1:1:2:4
4:4:2:4:4:0:0:2:4:,clone,10082.356891483838,4:4:2:4:4:0:0:2:4
4:3:4:3:2:3:3:4:4:,clone,10627.52368190998,4:3:4:3:2:3:3:4:4
0:1:4:1:0:4:4:4:0:,recombination,10221.72257796479,3:3:4:3:2:4:4:4:3,2:2:4:3:2:3:3:4:1
0:1:4:1:0:4:4:4:0:,clone,10180.557264071052,1:1:4:1:0:4:4:4:0
0:1:4:1:0:4:4:4:0:,clone,10126.888875359788,0:1:4:1:0:4:4:4:0
0:1:4:1:0:4:4:4:0:,clone,10095.879495583651,0:1:4:1:0:4:4:4:0
0:1:4:1:0:4:4:4:0:,clone,10042.211106872386,0:1:4:1:0:4:4:4:0
1:1:4:1:0:4:4:4:0:,clone,9751.986569200228,1:1:4:1:0:4:4:4:0
1:1:4:1:0:4:4:4:0:,clone,9724.628345806164,1:1:4:1:0:4:4:4:0
1:1:4:1:0:4:4:4:0:,clone,9391.374699812815,1:1:4:1:0:4:4:4:0
3:2:4:3:3:4:4:4:2:,recombination,11921.392007869463,4:4:3:4:4:1:2:4:4,4:4:4:4:4:0:0:0:4
3:3:4:4:3:3:4:4:3:,clone,11998.574543818679,3:3:4:4:3:3:3:4:3
3:3:4:4:3:4:4:4:3:,recombination,12029.335513052481,1:1:4:1:0:4:4:4:0,0:1:4:1:0:4:4:4:0,MUTATE
4:4:4:4:4:1:0:2:4:,clone,9841.030285252424,4:4:4:4:4:1:0:2:4
4:4:3:4:4:1:0:2:4:,clone,9941.489552320485,4:4:3:4:4:1:0:2:4
4:4:3:4:4:1:0:2:4:,recombination,9935.968826663959,2:2:4:1:0:4:4:4:1,4:4:4:4:4:2:2:4:4,MUTATE
4:4:4:4:4:1:0:2:4:,clone,9573.421438772137,4:4:4:4:4:1:0:2:4
4:3:4:3:2:4:4:4:3:,recombination,11250.384298850318,4:4:3:4:4:2:3:4:4,2:2:4:3:3:4:3:4:1,MUTATE
4:4:3:4:4:2:2:4:4:,recombination,10130.886656270079,4:4:4:4:3:2:3:4:4,4:3:4:4:4:3:3:4:4,MUTATE
4:4:3:4:4:2:2:4:4:,recombination,9970.112151647163,4:4:3:4:4:2:2:4:4,2:2:4:2:1:4:4:4:1
2:2:4:3:1:4:4:4:1:,clone,11615.776224357824,2:2:4:3:1:4:4:4:1
3:2:4:3:1:4:4:4:2:,recombination,11820.950531629085,3:3:4:4:3:3:3:4:3,3:3:4:4:4:2:3:4:3,MUTATE
2:2:4:2:2:3:4:4:2:,recombination,10134.399382394122,4:4:3:4:4:1:1:4:4,3:3:4:3:2:4:4:4:2,MUTATE
3:2:4:3:2:4:3:4:2:,clone,9975.288300963377,3:2:4:3:2:4:4:4:2
2:2:4:2:2:3:4:4:2:,recombination,9968.261254106388,2:3:4:3:3:3:3:4:2,2:2:4:2:2:3:4:4:2,MUTATE
1:2:4:3:1:3:4:4:1:,clone,12039.533557707118,1:2:4:3:1:3:4:4:1
1:2:4:3:1:3:4:4:1:,clone,12039.533557707116,1:2:4:3:1:3:4:4:1
1:2:4:3:1:4:4:4:1:,recombination,11972.606496220154,2:2:4:3:2:3:4:4:1,4:3:4:4:4:2:2:2:4,MUTATE
4:4:2:4:4:0:0:0:4:,clone,9118.421511514372,1:1:4:1:0:4:4:4:0
4:4:2:4:4:0:0:0:4:,clone,9002.430015750884,4:4:2:4:4:0:0:0:4
4:4:3:4:4:0:0:0:4:,clone,8987.581256887448,4:4:3:4:4:0:0:0:4
4:4:3:4:4:0:0:1:4:,recombination,9292.639733324404,4:4:3:4:4:0:0:0:4,3:2:4:3:2:3:3:4:2,MUTATE
4:4:3:4:4:1:0:2:4:,clone,9695.364529200784,4:4:3:4:4:1:0:2:4
4:4:3:4:4:1:0:3:4:,clone,9768.515560939364,4:4:3:4:4:1:0:3:4
2:3:4:3:3:3:3:4:2:,clone,9972.535370765023,3:3:4:4:3:3:3:4:2
4:4:3:4:4:0:0:2:4:,clone,9433.272002392314,4:4:3:4:4:0:0:2:4
4:4:3:4:4:1:1:4:4:,clone,9500.662843359123,4:4:3:4:4:1:1:4:4
4:4:4:4:4:0:0:3:4:,clone,9388.21009649617,4:4:4:4:4:0:0:2:4
2:3:4:3:3:3:3:4:2:,recombination,9757.030124522007,3:3:4:3:2:3:4:4:2,2:3:4:2:2:3:4:4:2,MUTATE
2:2:4:4:3:3:3:4:2:,recombination,9945.857567257604,4:4:4:4:4:1:2:3:4,0:1:4:1:0:4:4:4:0,MUTATE
4:4:4:4:4:0:1:3:4:,recombination,9535.22649155658,4:4:3:4:4:0:0:0:4,2:3:4:3:2:3:3:4:2,MUTATE
1:2:4:1:0:4:4:4:1:,recombination,9807.639969838581,2:3:4:3:3:4:4:4:2,4:4:4:4:4:1:2:2:4
2:2:4:2:1:3:4:4:2:,recombination,10206.568311585268,3:3:4:4:3:3:4:4:3,2:2:4:3:2:3:4:4:1
2:3:4:4:3:4:4:4:2:,recombination,11992.323470930354,4:4:4:4:4:1:2:3:4,4:4:3:4:4:2:3:4:4
4:4:2:4:4:0:0:1:4:,clone,9984.138705781084,4:4:2:4:4:0:0:0:4
4:4:2:4:4:0:0:1:4:,clone,9634.207149717395,4:4:2:4:4:0:0:1:4
4:4:2:4:4:1:1:3:4:,recombination,10148.015404399304,3:3:4:4:3:3:4:4:3,2:3:4:2:1:4:4:4:2,MUTATE
4:3:4:4:3:4:3:4:3:,recombination,11044.911822875365,4:4:2:4:4:0:0:1:4,3:2:4:2:1:4:4:4:2
3:2:4:3:2:3:4:4:2:,recombination,10010.260993649601,4:4:4:4:4:2:3:3:4,1:2:4:1:0:4:4:4:1
3:2:4:3:2:3:4:4:2:,clone,10007.926176647037,3:2:4:3:2:3:4:4:2
4:4:4:4:4:0:1:3:4:,recombination,8998.369666353756,3:2:4:3:2:3:4:4:2,4:4:3:4:4:1:1:4:4,MUTATE
4:3:4:4:4:3:3:4:4:,clone,9329.240607568756,4:3:4:4:4:3:3:4:4
4:3:4:4:4:2:2:4:3:,clone,9918.490849316617,3:3:4:4:4:2:2:4:3
3:3:4:4:4:3:2:4:3:,clone,10083.01848681213,4:3:4:4:4:2:2:4:3
4:3:4:4:4:2:2:4:3:,clone,9682.083876179906,4:3:4:4:4:2:2:4:3
2:2:4:3:3:3:3:4:2:,recombination,9980.97573313281,1:1:4:1:0:4:4:4:0,4:3:4:4:4:3:3:4:4
3:3:4:3:3:3:3:4:2:,recombination,9739.929211610546,3:3:4:3:3:3:4:4:3,2:3:4:2:1:4:4:4:2
2:2:4:3:2:4:4:4:1:,clone,9871.874737357914,2:2:4:3:2:4:4:4:1
2:3:4:3:2:4:3:4:2:,recombination,10386.15854980657,2:3:4:3:3:3:3:4:2,4:3:4:4:4:3:2:4:3,MUTATE
3:3:4:4:3:3:4:4:2:,recombination,11918.488913246769,3:3:4:4:3:3:4:4:2,3:3:4:4:4:4:3:4:2,MUTATE
2:2:4:3:3:3:3:4:1:,recombination,10179.11299574806,3:3:4:3:2:4:3:4:3,2:3:4:2:1:4:4:4:2
3:2:4:4:3:3:3:4:2:,recombination,9805.29176649618,4:3:4:4:4:3:3:4:4,3:3:4:4:4:1:2:4:3,MUTATE
1:2:4:2:2:4:4:4:1:,clone,10577.977531466635,1:2:4:2:1:4:4:4:1
3:2:4:3:2:3:3:4:2:,recombination,9621.853809512559,4:3:4:4:4:3:3:4:4,1:1:4:1:0:4:4:4:0
3:2:4:3:2:3:4:4:2:,recombination,9972.393891636364,4:4:4:4:4:3:2:4:4,3:3:4:2:2:4:4:4:2
2:3:4:4:3:4:4:4:1:,recombination,12866.483462858769,2:3:4:3:3:4:3:4:2,4:3:4:3:2:3:4:4:4
2:2:4:3:1:4:4:4:2:,clone,11597.627249041523,2:2:4:3:1:4:4:4:2
4:4:4:4:3:3:3:4:4:,recombination,10226.07964177183,3:3:4:3:3:4:3:4:3,2:3:4:2:1:4:4:4:2,MUTATE
3:3:4:3:2:4:3:4:3:,clone,10367.806032979042,3:3:4:3:2:4:3:4:3
3:3:4:3:2:4:4:4:3:,recombination,10323.105112426188,4:3:4:4:4:3:3:4:3,4:4:3:4:4:2:2:4:4,MUTATE
4:3:4:3:3:3:3:4:4:,recombination,10220.616236456623,4:3:4:4:4:2:3:4:4,4:3:4:4:4:3:3:4:4,MUTATE
4:3:4:3:2:3:4:4:4:,recombination,11086.747456422176,4:4:2:4:4:1:1:2:4,3:3:4:4:4:2:2:4:3
2:2:4:2:1:4:4:4:1:,clone,9692.373078912224,2:2:4:2:1:4:4:4:1
2:2:4:2:0:4:4:4:2:,clone,11638.627702666443,2:2:4:2:0:4:4:4:2
3:3:4:2:1:4:4:4:2:,clone,10248.085464331183,3:3:4:2:1:4:4:4:2
2:2:4:2:0:4:4:4:2:,recombination,10989.793812814978,3:2:4:3:2:4:4:4:2,4:4:4:4:4:1:2:2:4,MUTATE
4:4:3:4:4:0:0:0:4:,clone,8878.47559917663,1:1:4:1:0:4:4:4:0
4:4:3:4:4:0:0:2:4:,recombination,9175.575258351495,2:3:4:4:3:3:4:4:2,1:1:4:2:1:4:4:4:0,MUTATE
4:4:3:4:4:1:0:2:4:,recombination,9467.449693853187,4:4:4:4:4:1:1:2:4,4:4:4:4:3:2:3:4:4,MUTATE
4:4:3:4:4:1:1:4:4:,clone,9307.195583288782,4:4:3:4:4:1:1:4:4
4:4:3:4:4:1:1:3:4:,clone,9481.145690996154,4:4:3:4:4:0:0:2:4
1:2:4:3:3:4:4:4:1:,clone,12099.075245580974,1:2:4:3:3:4:4:4:1
1:2:4:3:3:4:4:4:1:,clone,12026.371734944098,1:2:4:3:3:4:4:4:1
4:3:4:4:3:3:3:4:3:,clone,9755.923432676149,4:3:4:4:3:3:3:4:3
4:4:4:4:4:1:0:2:4:,recombination,9468.071570661932,4:4:4:4:4:2:3:4:4,2:3:4:4:3:3:3:4:2
4:4:4:4:4:1:1:1:4:,clone,9725.125195403429,4:4:4:4:4:1:1:1:4
4:4:4:4:4:0:1:1:4:,recombination,9536.654882121504,4:4:4:4:4:1:1:1:4,3:3:4:3:3:3:3:4:3
4:4:4:4:4:0:1:2:4:,clone,9353.206150527729,4:4:4:4:4:0:1:2:4
4:4:4:4:4:0:0:1:4:,clone,9141.259773281661,4:4:4:4:4:0:0:1:4
4:4:4:4:4:1:1:2:4:,clone,9315.46417758407,4:4:4:4:4:1:0:2:4
4:4:4:4:4:1:1:2:4:,clone,9116.555934059896,4:4:4:4:4:1:1:2:4
4:4:4:4:3:3:3:4:4:,clone,10206.77547188855,4:4:4:4:3:3:3:4:4
4:3:4:4:3:2:3:4:4:,clone,9821.616692570917,4:3:4:4:3:2:3:4:4
4:4:4:4:3:2:3:4:4:,clone,10237.337594001103,4:4:4:4:3:2:3:4:4
4:4:4:4:3:2:3:4:4:,recombination,10225.62200000769,4:4:4:4:4:2:3:4:4,3:3:4:4:4:3:3:4:3
0:2:4:1:0:4:4:4:0:,clone,10181.153208865153,0:2:4:1:0:4:4:4:0
4:4:4:4:4:2:1:4:4:,recombination,9404.60402381201,3:3:4:4:4:2:3:3:3,4:4:4:4:4:2:2:4:4
4:4:3:4:4:0:1:2:4:,recombination,9437.359439081187,3:3:4:4:3:3:3:4:3,4:4:4:4:3:3:3:4:4,MUTATE
4:4:3:4:4:0:1:3:4:,clone,9708.536502477044,4:4:3:4:4:0:1:3:4
4:4:3:4:4:0:1:3:4:,clone,9431.732943907542,4:4:3:4:4:0:1:3:4
4:4:2:4:4:0:1:3:4:,clone,9862.040055191019,4:4:3:4:4:0:1:3:4
4:4:4:4:4:2:1:4:4:,clone,9346.352289759086,4:4:4:4:4:2:1:4:4
4:4:4:4:4:2:1:4:4:,clone,9185.450562919868,4:4:4:4:4:2:1:4:4
2:3:4:3:3:4:4:4:2:,clone,11844.79027994337,2:3:4:3:3:4:4:4:2
2:3:4:3:3:4:4:4:2:,clone,11575.216461295708,3:3:4:3:3:4:3:4:2
1:2:4:3:2:4:4:4:0:,recombination,10799.23727465929,1:2:4:1:0:4:4:4:0,4:3:4:4:4:3:3:4:4
1:2:4:2:0:4:4:4:1:,recombination,10449.423724992948,1:2:4:2:0:4:4:4:1,3:2:4:2:2:3:4:4:2
4:4:4:4:4:0:1:1:4:,clone,9427.781097221748,4:4:4:4:4:0:0:1:4
4:4:4:4:4:0:1:1:4:,clone,9398.889813377149,4:4:4:4:4:0:1:1:4
4:4:4:4:4:0:1:2:4:,clone,9240.992510622213,4:4:4:4:4:0:1:2:4
4:4:4:4:4:0:1:2:4:,recombination,8826.455928351195,3:4:4:4:4:1:2:3:4,4:4:4:4:4:0:1:2:4,MUTATE
4:4:4:4:4:1:1:3:4:,clone,8926.43742029702,4:4:4:4:4:1:1:3:4
4:4:3:4:4:1:2:4:4:,clone,9818.52856033946,4:4:3:4:4:1:1:4:4
4:4:3:4:4:1:2:4:4:,clone,9818.528560339459,4:4:3:4:4:1:2:4:4
4:4:3:4:4:2:1:4:4:,clone,9664.23678916881,4:4:4:4:4:2:1:4:4
4:4:2:4:4:0:0:1:4:,clone,9348.134564905668,4:4:2:4:4:0:0:0:4
4:4:2:4:4:0:0:1:4:,clone,9273.870930287241,4:4:2:4:4:0:0:1:4
4:4:2:4:4:0:0:2:4:,clone,9666.959520294475,4:4:2:4:4:0:0:2:4
4:4:3:4:4:1:0:1:4:,clone,9776.494161331071,4:4:3:4:4:1:0:1:4
3:2:4:4:3:4:4:4:2:,clone,12073.727085103255,3:3:4:4:3:4:4:4:2
2:2:4:3:1:3:4:4:1:,clone,11991.638750539887,2:2:4:3:1:3:4:4:1
2:2:4:4:3:3:4:4:1:,recombination,11937.48770477268,3:3:4:3:2:4:4:4:2,4:4:4:4:4:0:1:1:4,MUTATE
1:2:4:1:0:4:4:4:0:,clone,9767.081592420562,1:2:4:1:0:4:4:4:0
1:2:4:2:1:3:4:4:1:,recombination,10908.985056663189,4:4:4:4:4:0:1:2:4,2:2:4:3:1:4:4:4:2
4:4:2:4:4:1:0:2:4:,recombination,10427.902851353616,4:4:2:4:4:1:2:4:4,2:2:4:3:2:3:3:4:2,MUTATE
2:3:4:2:1:3:4:4:1:,recombination,10408.39650294022,2:2:4:2:0:4:4:4:2,2:3:4:3:1:4:4:4:1,MUTATE
2:3:4:2:1:4:4:4:1:,recombination,10979.383673359422,3:3:4:2:2:3:4:4:2,4:4:4:4:4:3:3:4:4,MUTATE
2:3:4:3:1:4:4:4:2:,clone,11848.641732429896,2:3:4:2:1:4:4:4:2
2:2:4:2:1:3:4:4:2:,recombination,10195.021299859132,2:3:4:2:1:3:4:4:2,4:4:4:4:4:2:3:4:4,MUTATE
3:3:4:3:1:3:4:4:2:,recombination,11697.815479510018,4:4:4:4:4:0:1:1:4,2:3:4:3:1:4:4:4:2
2:3:4:3:1:4:4:4:1:,recombination,12152.41263009434,2:3:4:3:1:4:4:4:1,4:4:2:4:4:1:1:4:4,MUTATE
4:4:3:4:4:0:0:1:4:,recombination,9175.841229159802,2:2:4:2:2:3:4:4:1,4:4:3:4:4:0:0:1:4,MUTATE
4:4:3:4:4:1:0:3:4:,recombination,9666.43400565753,2:2:4:3:3:3:3:4:1,2:2:4:2:2:3:4:4:2
2:3:4:3:1:4:4:4:2:,recombination,11625.339016199368,2:3:4:3:1:4:4:4:1,4:4:4:4:3:2:3:4:4,MUTATE
4:4:3:4:4:1:2:3:4:,recombination,10645.608385763016,2:3:4:2:1:3:4:4:1,4:4:3:4:4:0:0:0:4,MUTATE
4:4:4:4:4:0:0:0:4:,clone,9066.709605317244,4:4:4:4:4:0:0:0:4
4:4:4:4:4:0:0:2:4:,clone,9285.29752511453,4:4:3:4:4:0:0:1:4
4:4:4:4:4:0:0:2:4:,recombination,9268.228358779896,1:2:4:1:0:4:4:4:0,4:4:3:4:4:0:0:0:4
4:4:4:4:4:0:0:2:4:,clone,9015.622969559468,4:4:4:4:4:0:0:2:4
4:4:4:4:4:0:0:2:4:,clone,8968.518668241204,4:4:4:4:4:0:0:2:4
4:4:3:4:4:0:1:2:4:,clone,9312.653820497979,4:4:3:4:4:0:1:2:4
4:4:3:4:4:2:2:4:4:,recombination,9852.280392521267,3:2:4:2:1:4:4:4:2,2:3:4:3:2:3:3:4:2
4:4:3:4:4:0:1:2:4:,clone,9157.062973046564,4:4:3:4:4:0:1:2:4
4:4:3:4:4:2:2:4:4:,recombination,9358.962748926228,2:3:4:3:3:3:4:4:2,4:4:3:4:4:2:2:4:4,MUTATE
4:4:3:4:4:1:2:4:4:,recombination,9434.916110208083,2:2:4:3:3:3:3:4:1,1:1:4:1:0:4:4:4:0
3:2:4:3:3:4:4:4:2:,recombination,11726.7251258653,3:2:4:3:2:3:4:4:2,4:4:3:4:4:2:3:4:4,MUTATE
4:4:4:4:4:0:0:1:4:,recombination,9134.11367441698,2:2:4:2:2:4:4:4:2,3:3:4:3:3:4:3:4:3
4:4:4:4:4:0:0:1:4:,clone,9048.439285012191,4:4:4:4:4:0:0:1:4
3:3:4:3:3:3:4:4:2:,clone,11455.452082962684,3:3:4:3:3:3:4:4:2
4:3:4:4:3:3:4:4:3:,clone,11975.234078062782,4:3:4:4:3:3:4:4:3
3:2:4:2:2:3:4:4:2:,recombination,10145.928235672396,4:4:4:4:4:3:2:4:4,2:3:4:3:2:4:4:4:2,MUTATE
4:3:4:3:3:3:3:4:3:,recombination,9795.403780725888,2:2:4:2:1:3:4:4:2,4:4:4:4:4:2:2:4:4,MUTATE
2:2:4:3:1:4:4:4:1:,clone,11605.803954283336,2:2:4:2:1:4:4:4:1
2:2:4:3:1:4:4:4:2:,recombination,11578.168704177662,2:2:4:3:1:4:4:4:1,2:3:4:2:2:3:4:4:2
2:2:4:4:3:3:4:4:2:,clone,11907.368006526762,2:2:4:3:3:3:3:4:2
2:2:4:2:2:3:4:4:2:,recombination,9891.72988685581,2:3:4:3:1:4:4:4:2,2:2:4:3:2:4:3:4:1
4:3:4:4:4:3:2:4:4:,recombination,9817.2183869808,4:4:3:4:4:1:1:2:4,2:2:4:3:3:3:3:4:2
4:4:4:4:4:1:0:2:4:,recombination,9221.462209403018,3:3:4:3:3:3:3:4:2,1:2:4:2:1:4:4:4:1,MUTATE
4:4:3:4:4:0:0:1:4:,clone,9164.068686449002,4:4:3:4:4:0:0:1:4
4:4:3:4:4:1:0:2:4:,recombination,9187.245516240937,2:3:4:4:3:3:3:4:2,4:3:4:4:3:2:3:4:4,MUTATE
4:4:3:4:4:1:1:1:4:,clone,9785.16511345229,4:4:3:4:4:1:1:1:4
4:4:3:4:4:1:1:2:4:,clone,9445.582858115038,4:4:3:4:4:1:1:2:4
2:2:4:2:0:4:4:4:1:,clone,10535.659129160904,2:2:4:2:0:4:4:4:1
4:4:4:4:4:2:3:4:4:,clone,9496.26592621631,4:4:4:4:4:2:3:4:4
4:3:4:4:4:2:3:4:4:,clone,9253.82338506645,4:3:4:4:4:2:3:4:4
2:2:4:3:1:3:4:4:1:,clone,11973.349153951753,2:2:4:3:2:3:4:4:1
3:3:4:2:2:4:4:4:2:,recombination,10264.785216678443,4:4:3:4:4:1:2:3:4,2:3:4:4:3:4:3:4:2
2:2:4:3:3:4:4:4:2:,recombination,11593.07404320149,4:3:3:4:4:3:3:4:4,2:2:4:1:0:4:4:4:1,MUTATE
2:2:4:3:2:3:4:4:1:,recombination,10005.062469699476,4:3:4:4:3:2:3:4:4,4:3:4:4:4:1:2:4:4
2:2:4:3:3:3:3:4:2:,recombination,9960.116097691809,4:3:4:4:4:1:2:2:4,3:3:4:4:4:2:2:4:3,MUTATE
4:3:4:4:3:2:3:4:4:,recombination,9455.694921129052,3:3:4:4:4:3:3:4:3,3:3:4:4:4:3:3:4:3,MUTATE
4:3:4:4:3:2:3:4:4:,clone,9421.719109018484,4:3:4:4:3:2:3:4:4
4:3:4:4:4:2:3:4:4:,clone,9167.754326767788,4:3:4:4:4:2:3:4:4
4:3:4:4:3:3:3:4:4:,clone,9515.559564661244,4:3:4:4:3:3:3:4:4
4:3:4:3:3:3:3:4:3:,clone,9710.907228087746,4:3:4:3:3:3:3:4:3
4:3:4:3:3:3:3:4:3:,clone,9448.300635013577,4:3:4:3:3:3:3:4:3
3:3:4:2:1:3:4:4:2:,clone,10741.908107427838,3:3:4:2:1:3:4:4:2
3:3:4:3:2:3:3:4:3:,recombination,9709.63240930397,4:4:4:4:4:3:3:4:4,4:3:4:4:3:3:3:4:4,MUTATE
3:3:4:2:2:3:4:4:2:,recombination,10108.375245427898,3:3:4:4:3:2:3:4:3,2:3:4:3:3:4:4:4:2
3:3:4:2:2:3:4:4:2:,clone,9989.992114780853,3:3:4:2:2:3:4:4:2
3:3:4:3:2:3:4:4:3:,clone,9927.938339802498,3:3:4:3:2:3:4:4:3
3:3:4:3:2:3:4:4:2:,recombination,9816.18996540104,4:4:4:4:3:3:3:4:4,1:2:4:2:0:4:4:4:1,MUTATE
3:3:4:3:2:3:4:4:3:,clone,9902.756254645818,3:3:4:3:2:3:4:4:3
3:3:4:2:1:3:4:4:2:,clone,10360.812807736773,3:3:4:2:1:3:4:4:2
3:2:4:2:1:3:4:4:2:,clone,10611.145743810703,3:3:4:3:2:3:4:4:2
1:2:4:2:1:3:4:4:1:,recombination,10737.665782404716,3:3:4:4:4:3:3:4:3,2:3:4:4:3:2:3:4:2,MUTATE
2:3:4:3:1:4:4:4:1:,clone,12069.053748419843,2:3:4:3:1:4:4:4:1
2:2:4:1:0:4:4:4:1:,clone,10095.82047024241,2:2:4:1:0:4:4:4:1
2:2:4:1:0:4:4:4:1:,clone,10056.431298176527,2:2:4:1:0:4:4:4:1
4:4:3:4:4:0:0:0:4:,recombination,8618.605034670745,3:3:4:4:3:3:4:4:3,4:4:3:4:4:0:0:0:4,MUTATE
4:4:3:4:4:0:0:0:4:,clone,8582.58731742342,4:4:3:4:4:0:0:0:4
4:4:4:4:4:0:0:1:4:,recombination,8910.477151608944,4:4:4:4:4:3:3:4:4,4:3:4:4:4:3:2:4:4,MUTATE
4:4:3:4:4:0:0:0:4:,clone,8434.25735647001,4:4:3:4:4:0:0:0:4
2:2:4:3:3:3:3:4:2:,clone,9933.427882440452,2:2:4:3:3:3:3:4:2
4:4:4:4:4:0:0:2:4:,clone,8795.045240149266,4:4:4:4:4:0:0:2:4
4:4:4:4:4:0:0:0:4:,clone,8479.912323203405,4:4:3:4:4:0:0:0:4
4:4:3:4:4:0:0:1:4:,recombination,8707.962837926274,0:2:4:1:0:4:4:4:0,4:4:3:4:4:0:1:1:4,MUTATE
4:4:4:4:4:0:0:1:4:,recombination,8861.840085109487,2:2:4:3:1:4:4:4:1,4:4:3:4:4:0:0:0:4,MUTATE
4:4:4:4:4:0:0:1:4:,clone,8665.70404300709,4:4:4:4:4:0:0:1:4
4:4:4:4:4:0:0:1:4:,clone,8505.24126671422,4:4:4:4:4:0:0:1:4
4:4:4:4:4:0:0:2:4:,clone,8663.57342256083,4:4:4:4:4:0:0:2:4
4:4:4:4:4:0:1:2:4:,recombination,8520.630240096594,4:4:4:4:4:2:1:4:4,2:3:4:2:2:3:4:4:2,MUTATE
4:4:4:4:4:0:0:1:4:,clone,8488.87341855601,4:4:4:4:4:0:0:1:4
3:3:4:3:2:3:3:4:2:,recombination,9583.986139860046,4:4:4:4:4:1:1:1:4,3:2:4:4:3:3:3:4:2,MUTATE
4:4:4:4:4:0:0:1:4:,clone,8408.362982785518,4:4:4:4:4:0:0:1:4
2:3:4:3:2:4:3:4:2:,clone,10222.534528464206,2:2:4:3:2:4:3:4:2
1:2:4:2:1:4:4:4:1:,recombination,10061.69183297292,2:2:4:2:1:3:4:4:2,3:4:4:4:4:1:2:3:4,MUTATE
1:2:4:1:1:4:4:4:0:,clone,10164.300917672746,1:2:4:1:1:4:4:4:0
1:2:4:2:1:4:4:4:0:,recombination,10023.01406707028,3:3:4:2:2:3:4:4:2,4:3:4:4:4:3:3:4:4
2:2:4:3:2:4:3:4:1:,recombination,9954.458161618688,2:3:4:2:1:4:4:4:2,4:3:4:4:3:3:3:4:4
2:2:4:3:3:3:3:4:2:,clone,9843.873323539248,2:2:4:3:3:3:3:4:2
2:2:4:4:3:3:3:4:2:,recombination,9776.641876882824,4:4:4:4:4:1:1:4:4,2:2:4:2:1:3:4:4:2
2:2:4:4:3:4:3:4:1:,clone,10363.887193275918,2:2:4:4:3:4:3:4:1
1:2:4:2:1:4:4:4:0:,recombination,9724.312106208152,4:4:3:4:4:0:1:3:4,4:4:4:4:4:2:2:4:4
2:2:4:3:3:4:3:4:1:,clone,10271.816737565568,2:2:4:3:3:4:3:4:1
3:2:4:4:3:4:3:4:2:,clone,10559.34804216038,3:2:4:4:3:4:3:4:2
4:4:1:4:4:0:0:0:4:,clone,9759.345546490122,1:1:4:1:0:4:4:4:0
2:2:4:2:2:4:4:4:2:,recombination,9886.992624194329,2:2:4:2:1:4:4:4:1,4:4:4:4:4:0:0:3:4
4:3:4:3:2:4:4:4:3:,recombination,10744.99402730854,4:4:4:4:4:3:3:4:4,3:3:4:3:2:3:4:4:3,MUTATE
3:3:4:3:3:3:4:4:3:,recombination,11469.735604485022,3:2:4:4:4:3:3:4:2,2:2:4:2:1:4:4:4:1,MUTATE
3:3:4:2:1:4:4:4:2:,recombination,10039.302972618156,4:3:4:4:3:3:3:4:4,4:4:3:4:4:1:2:4:4
2:2:4:2:0:4:4:4:0:,clone,10708.164389373407,2:2:4:2:0:4:4:4:0
3:3:4:3:3:4:4:4:3:,recombination,11587.119739336842,2:2:4:3:1:4:4:4:2,4:4:4:4:3:2:3:4:4
4:4:4:4:4:1:0:1:4:,recombination,10241.189904662739,3:3:4:2:1:4:4:4:2,3:3:4:4:3:3:3:4:3
4:4:4:4:4:2:1:3:4:,clone,10580.130221875446,4:4:4:4:4:2:1:3:4
3:3:4:4:3:3:4:4:2:,clone,11870.322020052998,3:3:4:4:3:3:4:4:2
1:2:4:1:0:4:4:4:0:,recombination,9759.425143938437,3:3:4:4:3:3:4:4:3,3:3:4:4:4:1:2:3:3
1:2:4:2:1:3:4:4:1:,recombination,10676.460946488225,0:1:4:1:0:4:4:4:0,3:3:4:4:4:2:3:4:2
2:2:4:2:1:4:4:4:0:,recombination,10876.344080652592,4:3:4:3:2:3:3:4:4,3:3:4:4:4:2:2:3:3
1:2:4:3:1:4:4:4:1:,clone,11720.40917068285,1:2:4:2:1:4:4:4:1
4:4:4:4:4:2:1:3:4:,recombination,10528.196379943349,3:3:4:4:3:3:4:4:2,3:2:4:3:3:3:3:4:2,MUTATE
3:3:4:3:3:3:3:4:2:,clone,9603.198714839995,3:3:4:3:3:3:3:4:2
2:3:4:4:2:4:4:4:2:,recombination,13159.67306508342,2:3:4:3:2:3:4:4:1,2:2:4:3:3:3:3:4:2
3:3:4:3:3:4:4:4:3:,recombination,11510.294657856111,3:3:4:4:4:3:3:4:3,4:4:4:4:4:2:1:4:4
3:3:4:4:4:2:3:3:3:,recombination,11064.604878177832,4:4:2:4:4:1:1:4:4,3:2:4:3:2:4:4:4:2,MUTATE
1:2:4:2:2:4:4:4:1:,clone,10444.807188850162,1:2:4:2:2:4:4:4:1
3:3:4:3:3:4:3:4:3:,clone,10039.631451822235,3:3:4:3:3:4:3:4:3
3:3:4:3:3:4:3:4:2:,clone,9977.39476704134,3:3:4:3:3:4:3:4:2
3:2:4:3:3:3:3:4:2:,recombination,9741.833748163948,3:3:4:3:2:4:3:4:3,2:2:4:3:3:4:3:4:1
3:3:4:3:3:4:3:4:2:,clone,9874.918023220418,3:3:4:3:3:4:3:4:2
3:2:4:3:2:4:4:4:2:,clone,9913.285316723757,3:2:4:3:2:4:4:4:2
3:2:4:3:2:4:4:4:2:,recombination,9881.603090094983,0:1:4:1:0:4:4:4:0,2:2:4:2:1:4:4:4:2,MUTATE
2:2:4:2:2:4:4:4:2:,clone,9745.17664259395,2:2:4:2:2:4:4:4:2
2:2:4:2:1:3:4:4:2:,clone,10074.098256206931,2:2:4:3:2:3:4:4:2
3:2:4:3:2:3:4:4:2:,recombination,9863.317933730348,2:2:4:3:2:4:4:4:1,4:4:4:4:4:0:1:3:4
2:2:4:3:2:4:4:4:2:,clone,9793.46451989331,2:2:4:3:2:4:4:4:2
4:4:4:4:4:1:1:1:4:,recombination,9617.276281395223,3:3:4:3:2:3:4:4:3,2:3:4:4:4:2:3:3:2
2:2:4:2:2:3:4:4:2:,clone,9804.113025584678,2:2:4:2:2:3:4:4:2
2:2:4:2:2:3:4:4:2:,clone,9790.106041652944,2:2:4:2:2:3:4:4:2
4:3:4:4:4:2:2:4:3:,clone,9525.185690947399,4:3:4:4:4:2:2:4:3
4:3:4:4:4:2:2:4:3:,recombination,9454.417458401213,4:3:4:3:3:3:3:4:3,2:2:4:3:2:4:4:4:1
3:3:4:4:4:2:3:4:3:,clone,9105.15305380425,3:3:4:4:4:2:3:4:3
4:4:4:4:4:1:1:1:4:,clone,9606.386500483273,4:4:4:4:4:1:1:1:4
4:3:4:4:3:3:3:4:3:,recombination,9699.059797515112,2:2:4:3:2:3:3:4:1,1:2:4:2:1:4:4:4:1,MUTATE
4:3:4:4:4:2:3:4:3:,clone,9292.560134712066,4:3:4:4:4:2:3:4:3
1:2:4:3:2:3:3:4:1:,clone,10770.688907613454,1:2:4:3:2:3:3:4:1
3:2:4:3:2:3:4:4:2:,clone,9859.082120199608,2:2:4:2:2:3:4:4:2
1:2:4:3:2:4:4:4:1:,recombination,10557.58373950028,1:2:4:3:3:4:4:4:1,2:3:4:2:1:4:4:4:2
1:2:4:2:2:4:4:4:1:,recombination,10395.759326195306,4:4:4:4:4:0:0:2:4,3:3:4:3:2:3:3:4:2,MUTATE
1:2:4:1:1:4:4:4:0:,clone,9942.776016950016,1:2:4:2:1:4:4:4:0
1:2:4:2:1:4:4:4:1:,recombination,10015.22795938911,1:2:4:1:0:4:4:4:0,1:2:4:2:0:4:4:4:0
3:2:4:4:3:4:3:4:2:,clone,10418.59635665122,3:2:4:4:3:4:3:4:2
3:3:4:3:2:3:3:4:2:,recombination,9419.793545646551,3:3:4:4:3:3:4:4:2,3:2:4:3:2:3:4:4:2
2:2:4:3:2:3:4:4:2:,recombination,9191.97883170771,4:4:3:4:4:1:0:2:4,3:3:4:3:2:3:3:4:2,MUTATE
1:2:4:2:1:4:4:4:1:,recombination,9907.184691332473,1:1:4:1:0:4:4:4:0,3:3:4:3:2:3:4:4:2
3:3:4:4:3:4:4:4:3:,clone,12028.942905047128,3:3:4:4:3:4:4:4:3
2:3:4:3:1:3:4:4:2:,recombination,12019.061659405028,2:3:4:4:4:3:3:4:2,4:4:4:4:4:1:2:2:4
3:3:4:4:3:4:4:4:3:,clone,11952.998098260923,3:3:4:4:3:4:4:4:3
2:2:4:2:1:4:4:4:0:,clone,10774.21473577447,2:2:4:2:1:4:4:4:0
2:2:4:3:1:3:4:4:1:,recombination,11900.623084863433,3:3:4:3:1:4:4:4:2,3:3:4:3:3:3:4:4:2,MUTATE
2:2:4:3:1:3:4:4:1:,clone,11845.266093780509,2:2:4:3:1:3:4:4:1
3:2:4:3:3:4:4:4:2:,clone,11692.366099406214,3:2:4:3:3:4:4:4:2
4:3:4:4:4:3:2:4:4:,recombination,9785.661807542116,4:4:3:4:4:1:1:2:4,1:2:4:2:0:4:4:4:0,MUTATE
4:4:3:4:4:1:1:3:4:,clone,9469.871287944523,4:4:3:4:4:1:1:3:4
4:4:3:4:4:0:1:1:4:,recombination,9697.580849270676,4:4:3:4:4:1:2:4:4,1:2:4:1:0:4:4:4:0
4:4:2:4:4:1:0:2:4:,recombination,9756.12232084699,3:3:4:4:3:3:4:4:2,0:2:4:1:0:4:4:4:0
4:4:3:4:4:1:1:3:4:,recombination,9451.961374844028,3:3:4:3:3:4:3:4:3,4:4:3:4:4:1:1:4:4,MUTATE
4:4:3:4:4:1:1:3:4:,recombination,9327.885759868956,2:3:4:4:4:2:3:3:2,4:4:4:4:4:2:1:4:4
4:4:3:4:4:1:1:2:4:,clone,9407.954133976922,4:4:3:4:4:1:1:2:4
2:3:4:3:2:3:4:4:2:,clone,10046.147511865165,2:3:4:3:2:3:4:4:2
2:3:4:3:2:3:4:4:2:,recombination,9911.187722722017,4:4:4:4:4:1:2:4:4,2:3:4:3:2:3:4:4:2,MUTATE
2:2:4:3:1:4:4:4:1:,recombination,11599.87057597239,4:4:3:4:4:2:2:4:4,2:2:4:2:2:3:4:4:2
2:3:4:2:2:4:4:4:2:,clone,10693.163955458447,2:3:4:2:2:4:4:4:2
2:3:4:2:2:4:4:4:2:,clone,10500.431263785938,2:3:4:2:2:4:4:4:2
3:3:4:3:2:4:4:4:3:,recombination,10179.014945444254,2:2:4:3:3:4:3:4:1,3:3:4:3:2:3:3:4:2
3:2:4:3:3:4:4:4:2:,clone,11588.3721537439,3:2:4:3:3:4:3:4:2
2:2:4:3:1:4:4:4:1:,clone,11547.850909324494,2:2:4:2:1:4:4:4:1
0:2:4:2:0:4:4:4:0:,clone,15010.848876069622,1:2:4:1:0:4:4:4:0
0:2:4:2:0:4:4:4:0:,clone,14890.438012977484,0:2:4:2:0:4:4:4:0
0:2:4:2:0:4:4:4:0:,recombination,14698.586154614832,2:3:4:4:4:2:3:3:2,2:3:4:3:1:4:4:4:1,MUTATE
0:2:4:2:0:4:4:4:0:,recombination,14600.179632018253,2:2:4:2:1:4:4:4:0,2:3:4:4:3:4:3:4:2,MUTATE
0:2:4:2:0:4:4:4:0:,clone,14532.268166861784,0:2:4:2:0:4:4:4:0
0:2:4:2:0:4:4:4:0:,clone,14148.64782787373,0:2:4:2:0:4:4:4:0
0:2:4:2:0:4:4:4:0:,clone,13540.752067896152,0:2:4:2:0:4:4:4:0
0:1:4:2:0:4:4:4:0:,clone,13966.7084625379,0:1:4:2:0:4:4:4:0
0:1:4:2:0:4:4:4:0:,clone,13781.913567191834,0:1:4:2:0:4:4:4:0
1:2:4:3:1:3:4:4:1:,recombination,12031.163868366399,2:3:4:4:4:2:3:3:2,3:4:4:4:4:2:2:3:3
0:1:4:2:0:4:4:4:0:,clone,13693.330782904475,0:1:4:2:0:4:4:4:0
0:1:4:2:0:4:4:4:0:,clone,13635.503096445103,0:1:4:2:0:4:4:4:0
0:2:4:2:0:4:4:4:0:,recombination,13436.014536288174,0:1:4:2:0:4:4:4:0,2:3:4:4:4:2:3:3:2,MUTATE
0:1:4:2:0:4:4:4:0:,clone,13348.299120062864,1:1:4:1:0:4:4:4:0
3:3:4:4:3:3:4:4:3:,recombination,11930.95032863016,4:4:4:4:4:2:3:3:4,3:3:4:4:4:2:2:4:3,MUTATE
1:2:4:3:2:3:4:4:1:,recombination,10799.517310405417,2:2:4:2:1:4:4:4:2,3:3:4:2:2:3:4:4:2
4:4:4:4:4:1:0:2:4:,recombination,9029.988078721846,4:3:4:4:4:2:2:4:3,4:4:3:4:4:1:1:3:4,MUTATE
4:4:4:4:4:1:1:1:4:,clone,9303.66356891132,4:4:4:4:4:1:1:1:4
4:4:4:4:4:1:1:3:4:,clone,8912.487251056404,4:4:4:4:4:1:1:3:4
4:4:4:4:4:1:1:2:4:,clone,8653.847382396323,4:4:4:4:4:1:0:2:4
4:4:4:4:4:1:1:3:4:,clone,8881.881178269068,4:4:4:4:4:1:1:3:4
3:2:4:3:3:4:3:4:2:,clone,10020.509004708541,3:2:4:3:3:3:3:4:2
3:2:4:3:1:4:4:4:2:,recombination,11774.807674912872,4:4:3:4:4:2:3:4:4,2:2:4:3:3:4:3:4:1,MUTATE
4:4:4:4:4:2:3:4:4:,recombination,9234.09537121743,2:2:4:3:2:3:4:4:1,4:4:4:4:4:2:1:4:4
4:3:4:4:3:3:3:4:3:,recombination,9642.421032251792,3:3:4:4:4:2:3:4:3,2:3:4:3:2:3:3:4:2
3:3:4:3:2:3:4:4:3:,clone,9899.526508070849,3:3:4:3:2:3:4:4:3
4:3:4:4:4:3:3:4:4:,clone,9289.178653384048,4:3:4:4:4:3:3:4:4
4:3:4:4:3:2:3:4:4:,recombination,9362.48323947398,2:2:4:3:2:3:4:4:1,4:4:4:4:4:0:0:1:4,MUTATE
2:2:4:3:2:3:3:4:2:,clone,9721.697040205003,2:2:4:3:2:3:3:4:2
4:3:4:4:3:2:3:4:3:,clone,10012.149654790373,4:3:4:4:3:2:3:4:3
4:3:4:4:3:2:3:4:3:,recombination,9953.892638833473,4:4:4:4:4:1:2:4:4,3:3:4:4:4:3:3:4:3,MUTATE
3:2:4:2:2:3:4:4:2:,recombination,9861.294872063545,2:3:4:3:2:4:3:4:2,2:2:4:1:0:4:4:4:1
2:2:4:2:2:3:4:4:1:,recombination,9932.340593068462,4:3:4:3:2:4:4:4:3,3:3:4:2:1:3:4:4:2
3:3:4:3:2:3:4:4:2:,clone,9743.235502612388,3:2:4:3:2:3:4:4:2
3:2:4:3:2:3:4:4:2:,recombination,9776.939279838565,4:3:4:4:3:2:3:4:4,4:3:4:4:4:3:2:4:4,MUTATE
2:2:4:2:1:3:4:4:1:,recombination,9779.556493568589,4:4:3:4:4:1:0:2:4,1:2:4:2:1:4:4:4:0
3:3:4:3:2:3:4:4:2:,recombination,9589.036504813612,4:4:4:4:4:2:2:3:4,2:2:4:1:0:4:4:4:1
1:2:4:1:1:4:4:4:1:,recombination,9922.316095648677,4:3:4:4:4:2:2:4:3,3:2:4:4:3:4:3:4:2
2:2:4:3:3:3:4:4:1:,clone,11597.583438890995,1:2:4:3:2:3:4:4:1
4:3:4:4:3:4:3:4:3:,recombination,10919.12462882184,3:3:4:4:3:3:4:4:2,1:2:4:2:0:4:4:4:0,MUTATE
1:2:4:3:2:3:4:4:1:,clone,10783.729303115317,1:2:4:3:2:3:4:4:1
1:2:4:2:2:4:4:4:0:,clone,10836.583885363483,1:2:4:2:2:4:4:4:0
3:3:4:3:3:3:4:4:3:,recombination,11464.469844603951,2:3:4:4:4:2:3:4:2,4:3:4:4:3:3:3:4:3
4:4:3:4:4:0:1:1:4:,recombination,9429.184444487437,4:3:4:4:4:3:3:4:4,4:4:4:4:4:2:1:3:4,MUTATE
3:3:4:3:2:4:4:4:2:,clone,9823.204373900579,3:3:4:3:2:4:4:4:2
4:4:4:4:4:0:1:1:4:,clone,9313.017078920664,4:4:4:4:4:0:1:1:4
4:4:4:4:4:0:1:1:4:,clone,9208.30974723836,4:4:4:4:4:0:1:1:4
2:2:4:3:3:3:3:4:2:,clone,9787.9905588758,2:2:4:3:3:3:3:4:2
4:4:4:4:4:0:1:1:4:,clone,9101.472993690264,4:4:4:4:4:0:1:1:4
1:2:4:2:1:4:4:4:1:,recombination,9850.397830821179,4:3:4:4:4:2:3:4:3,4:4:4:4:4:1:1:4:4
1:2:4:1:1:4:4:4:0:,clone,9895.86608047938,1:2:4:1:1:4:4:4:0
1:2:4:2:1:4:4:4:1:,recombination,9637.608273624845,4:4:4:4:4:1:1:2:4,1:2:4:1:1:4:4:4:0,MUTATE
