4:3:4:4:4:2:3:4:4:,initialisation,3870.243756667271,
4:2:4:4:4:2:3:4:4:,initialisation,4795.711183959875,
4:4:4:4:4:1:2:4:4:,initialisation,3239.1696483017136,
4:3:4:4:4:2:2:4:4:,initialisation,3602.5819837143213,
4:3:4:4:4:2:2:4:4:,initialisation,3283.6969514290154,
4:4:4:4:4:2:2:4:4:,initialisation,4392.914687228336,
4:3:4:4:4:3:3:4:4:,initialisation,5102.136100058647,
4:3:4:4:4:0:1:2:4:,initialisation,3618.8429394757122,
4:3:4:4:4:2:3:4:4:,initialisation,3855.3825768917645,
4:4:3:4:4:2:2:4:4:,initialisation,3283.696951429015,
4:3:4:4:4:3:3:4:4:,initialisation,4415.830524319581,
4:3:4:4:4:3:3:4:4:,initialisation,4190.234222233728,
4:4:4:4:4:2:2:4:4:,initialisation,3815.4332550928953,
4:3:4:4:4:2:3:4:4:,initialisation,3846.3834503286116,
4:4:4:4:4:2:3:4:4:,initialisation,4167.945767633642,
4:3:4:4:4:3:3:4:4:,initialisation,4036.2104717912425,
4:3:4:4:4:2:3:4:4:,initialisation,3681.6243620044897,
4:3:4:4:4:2:3:4:4:,initialisation,3512.644236960124,
4:3:4:4:4:3:3:4:4:,initialisation,4001.713739476038,
4:4:3:4:4:2:2:4:4:,initialisation,3283.6969514290145,
4:3:4:4:4:1:2:4:4:,initialisation,3573.8251389975476,
4:3:4:4:4:3:3:4:4:,initialisation,3858.5369988073035,
4:3:4:4:4:1:2:4:4:,initialisation,3265.706064428573,
4:3:4:4:4:1:1:3:4:,initialisation,3428.1646828643165,
4:3:3:4:4:2:2:4:4:,initialisation,3283.696951429016,
4:3:4:4:4:2:3:4:4:,initialisation,3290.754645078649,
4:2:4:4:4:2:3:4:4:,initialisation,3880.969791207083,
4:3:4:4:4:1:1:4:4:,initialisation,3296.217245016812,
4:4:2:4:4:1:1:4:4:,initialisation,3283.696951429016,
4:3:4:4:4:3:3:4:4:,initialisation,3849.9001550811786,
4:4:4:4:4:1:1:4:4:,initialisation,3486.500816935463,
4:4:4:4:4:2:3:4:4:,initialisation,4031.3868721704275,
4:3:4:4:4:2:2:4:4:,initialisation,3062.5838580651593,
4:2:4:4:4:3:3:4:4:,initialisation,4593.514912056732,
4:4:4:4:4:2:2:4:4:,initialisation,3293.492683251409,
4:3:4:4:4:3:3:4:4:,initialisation,3803.4764593184755,
4:3:4:4:4:2:3:4:4:,initialisation,3283.9555552672823,
4:4:4:4:4:0:1:4:4:,initialisation,3146.022778267399,
4:3:4:4:4:1:3:4:4:,initialisation,3602.4230870109773,
4:3:4:4:4:3:3:4:4:,initialisation,3706.4765619334944,
4:4:4:4:4:1:1:4:4:,initialisation,3224.5987909321398,
4:4:4:4:4:1:3:4:4:,initialisation,4303.849889723307,
4:2:4:4:4:3:3:4:4:,initialisation,4146.895301290186,
4:4:3:4:4:1:2:4:4:,initialisation,3283.6969514290145,
4:3:4:4:4:1:2:3:4:,initialisation,3911.5657771915967,
4:4:3:4:4:1:1:4:4:,initialisation,3283.696951429016,
4:2:4:4:4:3:2:4:4:,initialisation,3265.060173369469,
4:3:4:4:4:1:1:2:4:,initialisation,3303.6694514794353,
4:4:4:4:4:1:1:4:4:,initialisation,3132.8953490735653,
4:2:4:4:4:2:2:4:4:,initialisation,3721.3015447030857,
4:3:4:4:4:3:4:4:4:,initialisation,4352.509522374821,
4:4:4:4:4:2:1:4:4:,initialisation,3271.4387964805574,
4:3:4:4:4:3:3:4:4:,initialisation,3283.6969514290167,
4:3:4:4:4:2:1:4:4:,initialisation,3552.5843990808053,
4:2:4:4:4:3:3:4:4:,initialisation,4136.103082975686,
4:2:4:4:4:3:3:4:4:,initialisation,3834.0777219159254,
4:3:3:4:4:2:2:4:4:,initialisation,3283.696951429015,
4:3:4:4:4:2:3:4:4:,initialisation,3283.6969514290154,
4:3:4:4:4:1:2:3:4:,initialisation,3626.758142945798,
4:2:4:4:4:3:4:4:4:,initialisation,5063.716438756784,
4:3:4:4:4:3:3:4:4:,initialisation,3283.696951429016,
4:2:4:4:4:3:3:4:4:,initialisation,3590.444072785815,
4:4:2:4:4:1:1:4:4:,initialisation,3283.6969514290154,
3:2:4:4:4:4:4:4:3:,initialisation,5738.437556646392,
3:2:4:4:4:3:4:4:3:,initialisation,5309.023113423571,
4:4:4:4:4:2:2:4:4:,initialisation,3283.696951429016,
4:4:3:4:4:1:1:4:4:,initialisation,3283.696951429015,
4:3:4:4:4:3:2:4:4:,initialisation,3283.6969514290154,
4:2:4:4:4:1:2:4:4:,initialisation,4144.698765286668,
4:3:4:4:4:1:1:4:4:,initialisation,3252.842001581028,
4:4:3:4:4:2:1:4:4:,initialisation,3309.6664712533866,
4:4:4:4:4:2:3:4:4:,initialisation,3906.0432355683906,
4:3:4:4:4:3:3:4:4:,initialisation,3283.6969514290154,
4:2:4:4:4:3:4:4:4:,initialisation,4221.034396310213,
4:4:3:4:4:1:1:4:4:,initialisation,3283.6969514290145,
4:4:4:4:4:1:2:4:4:,initialisation,3176.3961579359398,
4:4:4:4:4:1:2:3:4:,initialisation,3943.2673536450907,
4:3:4:4:4:2:3:4:4:,initialisation,3283.696951429015,
4:2:4:4:4:3:4:4:4:,initialisation,4177.490777317266,
4:4:4:4:4:2:2:4:4:,initialisation,3283.696951429015,
4:2:4:4:4:2:2:4:4:,initialisation,3697.6173023751967,
4:4:3:4:4:2:2:4:4:,initialisation,3282.354974235335,
4:4:4:4:4:2:2:4:4:,initialisation,3269.105582981008,
4:3:4:4:4:0:1:3:4:,initialisation,3381.1869007437526,
4:3:4:4:4:2:2:3:4:,initialisation,4336.718796795015,
4:3:4:4:4:2:2:3:4:,initialisation,4325.746304622979,
4:2:4:4:3:4:4:4:3:,initialisation,5038.464446323119,
4:3:3:4:4:3:2:4:4:,initialisation,3283.696951429016,
4:3:4:4:4:1:2:4:4:,initialisation,3169.3165295711797,
4:4:3:4:4:2:1:4:4:,initialisation,3283.696951429015,
4:4:4:4:4:2:2:4:4:,initialisation,3249.3598370529235,
4:2:4:4:4:2:3:4:4:,initialisation,3825.465288471898,
4:3:4:4:4:2:1:4:4:,initialisation,3298.5062264130715,
4:3:3:4:4:3:2:4:4:,initialisation,3283.6969514290154,
4:4:4:4:4:2:3:4:4:,initialisation,3648.712217395757,
4:4:2:4:4:2:1:4:4:,initialisation,3283.696951429016,
4:2:4:4:4:3:4:4:4:,initialisation,4039.2646763355365,
4:3:4:4:4:2:3:4:4:,initialisation,3199.2732992963824,
4:4:3:4:4:3:2:4:4:,initialisation,3283.6969514290154,
4:2:4:4:4:3:3:4:4:,initialisation,3563.5505724202803,
3:2:4:4:4:3:4:4:3:,initialisation,4972.129945557213,
4:3:4:4:4:1:2:4:4:,initialisation,3080.927621834306,
4:4:4:4:4:1:1:4:4:,initialisation,3077.661292406743,
4:2:4:4:4:2:3:4:4:,initialisation,3685.0921558084715,
4:3:4:4:4:2:1:4:4:,initialisation,3153.534160039647,
4:4:4:4:4:0:0:0:4:,initialisation,3139.361055071909,
4:3:4:4:4:0:1:2:4:,initialisation,3409.2628855876796,
3:2:4:4:4:3:4:4:3:,initialisation,4684.460920354035,
4:3:4:4:4:2:3:4:4:,initialisation,3123.1385315045623,
4:4:4:4:4:2:2:4:4:,initialisation,3121.726381469627,
3:2:4:4:4:3:4:4:2:,initialisation,5261.166977167211,
3:2:4:4:4:3:3:4:3:,initialisation,4785.9137975925905,
4:2:4:4:4:3:3:4:3:,initialisation,4236.503318610536,
4:3:4:4:4:3:2:4:4:,initialisation,3283.696951429015,
4:4:4:4:4:1:1:3:4:,initialisation,3413.7159898203568,
4:3:4:4:4:3:2:4:4:,initialisation,3130.867450620031,
4:2:4:4:4:3:3:4:4:,initialisation,3514.976180863262,
4:3:4:4:4:0:2:1:4:,initialisation,4292.313504508536,
4:2:4:4:4:2:3:4:3:,initialisation,4565.951542288581,
4:2:4:4:4:2:2:3:4:,initialisation,4173.509411884826,
4:4:3:4:4:2:2:4:4:,initialisation,3217.223834342179,
4:2:4:4:4:2:3:3:4:,initialisation,4617.824259586708,
4:3:4:4:4:3:3:4:4:,initialisation,3283.696951429015,
4:3:4:4:4:1:2:2:4:,initialisation,4015.9918363489614,
3:2:4:4:4:4:4:4:2:,initialisation,5398.183084869877,
4:3:4:4:4:1:2:2:4:,initialisation,3823.5767989336728,
4:2:4:4:4:1:3:4:4:,initialisation,4434.970953167146,
4:2:4:4:4:1:3:3:4:,initialisation,4463.20345826148,
4:2:4:4:4:4:4:4:4:,initialisation,4420.007822304783,
4:3:4:4:4:1:1:4:4:,initialisation,3010.0322518963485,
4:4:4:4:4:1:2:4:4:,initialisation,3120.9254774438705,
4:4:4:4:4:0:0:3:4:,initialisation,3114.58292742739,
4:4:4:4:4:1:2:4:4:,initialisation,3101.3923741076,
4:3:4:4:4:2:2:3:4:,initialisation,4283.433112754406,
4:4:4:4:4:1:2:4:4:,initialisation,3082.0756875745574,
4:4:3:4:4:2:2:4:4:,initialisation,3187.4418716380505,
4:3:4:4:4:1:2:2:4:,initialisation,3614.805045855989,
4:3:4:4:4:3:4:4:4:,initialisation,4326.497775262034,
4:3:4:4:4:1:3:3:4:,initialisation,5153.8754419587585,
4:3:4:4:4:0:0:2:4:,initialisation,3305.1719227655594,
4:4:4:4:4:2:1:4:4:,initialisation,3030.2278974059454,
4:2:4:4:4:3:4:4:3:,initialisation,5105.381589982039,
4:3:3:4:4:3:2:4:4:,initialisation,3283.696951429015,
4:4:4:4:4:3:2:4:4:,initialisation,3283.6969514290145,
4:2:4:4:4:2:2:4:4:,initialisation,3610.99540556846,
4:2:4:4:4:2:3:4:4:,initialisation,3640.3208568400837,
3:2:4:4:4:3:3:4:3:,initialisation,4177.867468597872,
4:3:4:4:4:2:3:3:4:,initialisation,4845.643226084713,
4:2:4:4:4:3:4:4:3:,initialisation,4488.088138570554,
4:4:2:4:4:2:1:4:4:,initialisation,3283.6969514290154,
4:3:4:4:4:3:3:4:4:,initialisation,3283.6969514290145,
4:4:3:4:4:1:2:4:4:,initialisation,3283.696951429014,
4:2:4:4:4:2:3:4:4:,initialisation,3594.5152502647957,
0:1:4:3:0:4:4:4:0:,initialisation,6259.435699500279,
3:2:4:4:4:2:3:4:3:,initialisation,4501.450780732001,
4:2:4:4:4:4:4:4:4:,initialisation,4182.485361878681,
4:3:3:4:4:2:2:4:4:,initialisation,3283.6969514290145,
4:2:4:4:4:1:2:4:4:,initialisation,4132.9107995795375,
4:3:4:4:4:3:3:4:4:,initialisation,3243.058089364448,
4:4:4:4:4:1:1:4:4:,initialisation,3009.0017578686893,
4:2:4:4:3:3:4:4:4:,initialisation,4559.225936619601,
4:4:3:4:4:1:1:4:4:,initialisation,3283.696951429014,
4:4:3:4:4:1:2:4:4:,initialisation,3265.1889000543783,
3:2:4:4:4:3:4:4:2:,initialisation,4904.295091352023,
2:2:4:4:4:4:4:4:2:,initialisation,5675.021044804654,
4:4:3:4:4:1:1:4:4:,initialisation,3244.046214825987,
4:4:4:4:4:1:1:3:4:,initialisation,3361.2736722824534,
4:4:4:4:4:0:0:0:4:,initialisation,2961.350959737587,
4:3:3:4:4:2:2:4:4:,initialisation,3283.696951429014,
4:4:4:4:4:1:3:4:4:,initialisation,3971.8057107989853,
4:4:2:4:4:1:1:4:4:,initialisation,3283.696951429015,
4:3:4:4:4:3:4:4:4:,initialisation,3890.3604844701576,
4:4:4:4:4:0:1:3:4:,initialisation,3398.4795994195574,
4:3:4:4:4:0:1:1:4:,initialisation,3476.759651608594,
4:3:4:4:4:2:3:3:4:,initialisation,4520.962378118202,
4:2:4:4:4:3:4:4:4:,initialisation,3819.644067960757,
2:2:4:4:4:3:4:4:2:,initialisation,5504.556039451265,
4:3:4:4:4:1:1:2:4:,initialisation,3261.864800308635,
4:4:4:4:4:2:2:4:4:,initialisation,3059.9685386775795,
4:3:4:4:4:2:3:3:4:,initialisation,4306.87561564881,
4:2:4:4:4:1:1:2:4:,initialisation,3515.113212975162,
3:2:4:4:4:2:3:4:3:,initialisation,4399.5139167987,
4:4:3:4:4:2:1:4:4:,initialisation,3243.416952605242,
4:3:4:4:4:3:3:4:4:,clone,3243.0580893644474,4:3:4:4:4:3:3:4:4
0:1:4:3:0:4:4:4:0:,clone,6070.00924801671,0:1:4:3:0:4:4:4:0
4:4:4:4:4:1:2:4:4:,clone,3009.0017578686893,4:4:4:4:4:1:1:4:4
4:4:4:4:4:1:2:3:4:,recombination,3918.489650290328,4:2:4:4:3:3:4:4:4,4:4:4:4:4:1:2:3:4
4:4:4:4:4:0:0:2:4:,clone,3007.715644661261,4:4:4:4:4:0:0:3:4
4:2:4:4:4:2:3:4:4:,clone,3503.973910733703,4:2:4:4:4:2:3:4:4
4:3:4:4:4:2:2:4:4:,recombination,3030.867175290256,4:4:4:4:4:1:2:4:4,4:3:4:4:4:3:3:4:4,MUTATE
4:2:4:4:4:2:3:4:4:,recombination,3297.7076022526066,4:3:4:4:4:1:3:3:4,4:2:4:4:4:2:3:4:4
4:3:4:4:4:1:2:4:4:,recombination,2998.8992302854176,4:4:4:4:4:1:1:4:4,4:3:4:4:4:3:3:4:4,MUTATE
4:4:4:4:4:1:1:3:4:,clone,3329.2384549357093,4:4:4:4:4:1:1:3:4
3:2:4:4:4:3:3:4:3:,recombination,3966.1198669969185,4:3:4:4:4:2:3:4:4,2:2:4:4:4:3:4:4:2,MUTATE
4:2:4:4:4:3:3:4:3:,recombination,4063.6062631323716,4:3:3:4:4:2:2:4:4,4:2:4:4:4:1:3:3:4,MUTATE
4:4:3:4:4:1:1:4:4:,recombination,3132.691652945919,4:4:2:4:4:1:1:4:4,4:4:4:4:4:1:2:4:4,MUTATE
4:3:4:4:4:2:3:3:4:,clone,4225.626272589774,4:3:4:4:4:2:3:3:4
4:2:4:4:4:3:3:4:4:,recombination,3444.3897868481413,4:2:4:4:4:2:3:4:4,4:2:4:4:4:3:3:4:4
4:4:4:4:4:0:0:3:4:,recombination,3106.011200392109,4:4:4:4:4:0:0:2:4,4:4:3:4:4:1:2:4:4,MUTATE
4:4:4:4:4:0:1:2:4:,recombination,3166.2777365173,4:4:4:4:4:0:0:3:4,4:3:4:4:4:1:1:3:4
4:3:4:4:4:3:3:4:4:,recombination,3172.612498124233,4:3:4:4:4:2:3:4:4,4:3:4:4:4:3:3:4:4
4:2:4:4:4:3:3:4:3:,recombination,3889.6449406382,3:2:4:4:4:3:3:4:3,4:3:4:4:4:1:2:2:4,MUTATE
4:2:4:4:4:3:4:4:4:,recombination,3772.771468189066,4:3:4:4:4:2:3:4:4,4:2:4:4:4:3:4:4:4
3:2:4:4:4:3:4:4:2:,clone,4895.374154279384,3:2:4:4:4:3:4:4:2
4:2:4:4:4:1:2:4:4:,clone,4130.953589132297,4:2:4:4:4:1:2:4:4
4:3:4:4:4:0:1:2:4:,recombination,3173.348431510966,4:3:4:4:4:1:2:2:4,4:3:4:4:4:0:1:2:4
4:2:4:4:3:3:4:4:4:,recombination,3649.4628745634323,4:3:3:4:4:2:2:4:4,4:2:4:4:4:3:4:4:4,MUTATE
4:3:4:4:4:2:2:4:4:,clone,3015.0205869670935,4:4:4:4:4:2:2:4:4
0:1:4:3:0:4:4:4:0:,clone,6067.600674383103,0:1:4:3:0:4:4:4:0
4:4:4:4:4:0:0:3:4:,clone,3094.110736906498,4:4:4:4:4:0:0:3:4
4:4:4:4:4:0:1:3:4:,recombination,3108.4239031453217,4:4:4:4:4:0:0:3:4,4:2:4:4:4:3:4:4:4
4:4:4:4:4:1:2:4:4:,clone,2980.823222911318,4:4:4:4:4:1:2:4:4
4:4:3:4:4:2:2:4:4:,recombination,3187.44187163805,4:3:4:4:4:2:2:4:4,4:4:3:4:4:2:2:4:4,MUTATE
4:3:4:4:4:2:2:3:4:,recombination,4012.023366388382,4:2:4:4:4:2:3:4:4,4:3:4:4:4:2:3:3:4
3:2:4:4:3:3:4:4:2:,recombination,4237.202048790223,4:3:4:4:4:1:2:4:4,0:1:4:3:0:4:4:4:0
4:3:4:4:4:2:3:3:4:,clone,4225.5799841241105,4:3:4:4:4:2:2:3:4
4:2:4:4:4:2:3:3:4:,recombination,4407.775878929042,4:2:4:4:4:2:3:4:4,4:2:4:4:4:2:3:3:4,MUTATE
4:4:4:4:4:0:0:3:4:,clone,3078.24609190018,4:4:4:4:4:0:0:3:4
4:2:4:4:4:3:4:4:3:,recombination,4449.554476794998,4:2:4:4:4:3:4:4:3,4:3:4:4:4:3:2:4:4,MUTATE
4:3:4:4:4:2:1:4:4:,clone,3105.8801440171956,4:3:4:4:4:2:1:4:4
3:2:4:4:4:3:3:4:2:,recombination,4551.943829138347,4:3:4:4:4:0:1:2:4,3:2:4:4:3:3:4:4:2,MUTATE
4:3:4:4:4:1:3:3:4:,clone,4802.273050144418,4:3:4:4:4:1:3:3:4
4:3:4:4:4:1:2:3:4:,clone,3619.1823599017794,4:3:4:4:4:1:1:3:4
3:2:4:4:4:3:4:4:2:,clone,4079.865776990609,3:2:4:4:4:3:4:4:2
4:2:4:4:3:4:4:4:3:,recombination,5018.612786962996,4:2:4:4:3:4:4:4:3,4:4:4:4:4:2:3:4:4
4:4:4:4:4:2:2:4:4:,clone,3034.818149582588,4:3:4:4:4:2:2:4:4
4:4:4:4:4:1:1:3:4:,recombination,3166.821886985655,4:4:4:4:4:0:0:3:4,4:2:4:4:4:3:3:4:3,MUTATE
4:4:4:4:4:1:3:4:4:,clone,3829.8684403680195,4:4:4:4:4:1:3:4:4
4:2:4:4:4:3:3:4:4:,recombination,3423.270124080201,4:2:4:4:4:3:3:4:4,4:3:4:4:4:3:2:4:4,MUTATE
3:2:4:4:4:2:3:4:3:,recombination,4123.964808949631,4:2:4:4:4:1:2:4:4,3:2:4:4:4:3:3:4:3,MUTATE
4:2:4:4:4:1:2:3:4:,recombination,4085.845403767059,4:3:4:4:4:0:2:1:4,4:3:4:4:4:3:4:4:4
4:2:4:4:4:3:3:4:4:,clone,3339.809207109397,4:2:4:4:4:3:3:4:4
4:2:4:4:3:4:4:4:3:,clone,5018.612786962995,4:2:4:4:3:4:4:4:3
4:2:4:4:2:4:4:4:3:,clone,5018.612786962995,4:2:4:4:3:4:4:4:3
4:4:4:4:4:0:1:3:4:,clone,3071.8023325282493,4:4:4:4:4:0:1:3:4
4:2:4:4:4:3:4:4:3:,clone,4231.577392044625,4:2:4:4:4:3:4:4:3
4:4:4:4:4:0:1:4:4:,clone,3055.6539117511957,4:4:4:4:4:0:1:3:4
4:2:4:4:4:1:1:3:4:,recombination,3279.6353651668555,4:2:4:4:4:1:1:2:4,4:2:4:4:4:3:3:4:3
4:2:4:4:4:3:4:4:4:,recombination,3618.3394223251876,4:2:4:4:4:2:3:4:4,4:2:4:4:4:3:4:4:4,MUTATE
4:4:4:4:4:0:0:1:4:,recombination,2935.692668101239,4:4:4:4:4:0:0:3:4,4:3:4:4:4:0:1:2:4,MUTATE
4:3:4:4:4:1:1:3:4:,recombination,3274.7006415690776,3:2:4:4:4:3:3:4:3,4:3:4:4:4:0:1:2:4
4:2:4:4:3:4:4:4:3:,recombination,4945.3442274969075,4:2:4:4:3:4:4:4:3,4:4:4:4:4:1:2:4:4,MUTATE
3:2:4:4:3:3:4:4:2:,recombination,4212.7318921605265,4:3:3:4:4:2:2:4:4,3:2:4:4:4:3:3:4:3
3:2:4:4:2:4:4:4:2:,recombination,4776.490027765506,4:2:4:4:4:3:4:4:3,4:2:4:4:4:2:3:4:4
3:2:4:4:3:3:4:4:2:,clone,4186.076251990844,3:2:4:4:3:3:4:4:2
4:2:4:4:3:4:4:4:3:,clone,3810.740616480827,4:2:4:4:3:4:4:4:3
2:1:4:3:1:4:4:4:1:,recombination,5454.6273918769575,4:3:4:4:4:2:2:4:4,0:1:4:3:0:4:4:4:0,MUTATE
2:2:4:4:1:4:4:4:1:,recombination,5542.136919616513,0:1:4:3:0:4:4:4:0,3:2:4:4:4:3:4:4:3
4:4:4:4:4:0:1:4:4:,recombination,2888.7900230454065,2:1:4:3:1:4:4:4:1,4:4:4:4:4:0:0:0:4,MUTATE
3:2:4:4:2:4:4:4:2:,recombination,4679.348649558908,4:2:4:4:4:3:4:4:4,0:1:4:3:0:4:4:4:0
4:2:4:4:3:4:4:4:4:,recombination,4425.955464750297,4:3:4:4:4:3:4:4:4,4:3:4:4:4:2:3:4:4
3:2:4:4:3:3:4:4:3:,recombination,4418.398610755286,4:3:4:4:4:3:3:4:4,4:2:4:4:4:1:2:4:4
4:2:4:4:4:3:3:4:4:,clone,3221.7143940626797,4:2:4:4:4:3:3:4:4
3:2:4:4:4:3:4:4:2:,clone,3985.1040574658887,3:2:4:4:3:3:4:4:2
4:2:4:4:4:3:4:4:3:,recombination,3956.31661178432,4:2:4:4:4:3:3:4:4,3:2:4:4:4:3:4:4:2,MUTATE
2:2:4:4:3:4:4:4:2:,clone,5688.802295348109,2:2:4:4:4:4:4:4:2
3:2:4:4:2:4:4:4:2:,recombination,4130.079138101373,4:3:4:4:4:3:3:4:4,4:2:4:4:4:3:4:4:3
3:2:4:4:3:3:4:4:2:,recombination,4158.73866810686,4:3:4:4:4:3:3:4:4,3:2:4:4:3:3:4:4:2
4:2:4:4:2:4:4:4:3:,recombination,3990.5472901078924,4:3:4:4:4:1:2:4:4,4:2:4:4:3:4:4:4:3
4:2:4:4:3:3:4:4:3:,recombination,3904.2355451099825,4:2:4:4:4:3:4:4:4,4:3:4:4:4:3:3:4:4
3:2:4:4:4:3:4:4:3:,clone,4276.94240522211,3:2:4:4:4:3:4:4:3
4:2:4:4:4:1:3:4:4:,recombination,4373.893217560653,4:2:4:4:4:2:3:4:4,4:2:4:4:4:1:3:4:4,MUTATE
2:2:4:4:3:4:4:4:2:,recombination,5645.950285464511,2:2:4:4:4:4:4:4:2,4:4:3:4:4:2:2:4:4
4:2:4:4:4:2:3:4:3:,recombination,4358.83797046025,4:3:4:4:4:1:3:3:4,3:2:4:4:4:3:3:4:2
4:3:4:4:4:1:3:3:4:,clone,4790.961904174413,4:3:4:4:4:1:3:3:4
4:2:4:4:2:4:4:4:3:,clone,3984.551611116575,4:2:4:4:2:4:4:4:3
4:3:4:4:4:1:2:3:4:,recombination,3532.1979915100474,4:3:4:4:4:2:3:3:4,4:4:4:4:4:0:0:0:4,MUTATE
4:3:4:4:4:0:0:2:4:,recombination,2973.4970305134443,4:2:4:4:4:1:1:2:4,4:4:3:4:4:2:2:4:4,MUTATE
4:4:4:4:4:0:1:3:4:,recombination,3043.603049710916,4:4:4:4:4:0:0:2:4,4:3:4:4:4:1:2:2:4,MUTATE
3:2:4:4:3:3:4:4:2:,recombination,4052.098822251262,3:2:4:4:4:3:3:4:3,4:2:4:4:4:3:4:4:3,MUTATE
2:2:4:4:3:4:4:4:2:,clone,5425.345787154606,2:2:4:4:3:4:4:4:2
4:4:4:4:4:0:1:3:4:,clone,3031.0941114554657,4:4:4:4:4:0:1:3:4
4:2:4:4:3:3:4:4:3:,recombination,3729.903436716634,4:2:4:4:4:3:3:4:4,3:2:4:4:4:3:4:4:2
4:2:4:4:4:2:3:4:3:,recombination,3589.1530636415196,3:2:4:4:4:2:3:4:3,4:2:4:4:3:4:4:4:3,MUTATE
3:2:4:4:3:4:4:4:2:,clone,4567.749756855952,3:2:4:4:3:4:4:4:2
3:2:4:4:3:4:4:4:2:,clone,4370.140137574896,3:2:4:4:3:4:4:4:2
4:2:4:4:4:3:3:4:3:,clone,3812.5226365347726,4:2:4:4:4:2:3:4:3
3:2:4:4:3:4:4:4:3:,recombination,5326.245563513231,4:4:4:4:4:2:3:4:4,2:2:4:4:3:4:4:4:2,MUTATE
3:2:4:3:2:4:4:4:2:,recombination,3984.551611116575,4:2:4:4:3:3:4:4:4,4:2:4:4:3:4:4:4:3,MUTATE
2:2:4:4:4:3:4:4:2:,clone,5330.434163250926,2:2:4:4:4:3:4:4:2
3:2:4:4:3:4:4:4:2:,recombination,4008.052333218894,3:2:4:4:4:3:4:4:2,4:2:4:4:4:3:3:4:4,MUTATE
4:4:4:4:4:0:0:2:4:,clone,2960.0762320538474,4:4:4:4:4:0:0:2:4
3:2:4:4:2:4:4:4:2:,clone,4097.103180810842,3:2:4:4:2:4:4:4:2
4:4:4:4:4:0:0:2:4:,recombination,2892.4683338721848,4:4:4:4:4:0:1:3:4,4:4:4:4:4:0:0:0:4,MUTATE
3:2:4:4:3:3:4:4:2:,clone,4023.6228121993927,3:2:4:4:3:3:4:4:2
4:4:4:4:4:1:1:2:4:,clone,3326.949201574443,4:4:4:4:4:1:1:2:4
2:1:4:3:0:4:4:4:1:,recombination,5416.221508412124,0:1:4:3:0:4:4:4:0,4:2:4:4:4:3:3:4:4
3:2:4:3:2:4:4:4:2:,clone,3947.0939740736476,3:2:4:3:2:4:4:4:2
4:3:4:4:4:0:0:3:4:,recombination,2873.079973950904,4:3:4:4:4:0:0:2:4,3:2:4:4:4:3:4:4:2,MUTATE
0:1:4:3:0:4:4:4:0:,clone,6049.036294098006,0:1:4:3:0:4:4:4:0
4:2:4:4:4:2:2:4:4:,recombination,3334.301987227383,4:3:4:4:4:0:0:3:4,4:3:3:4:4:2:2:4:4
2:2:4:4:4:3:4:4:2:,recombination,5112.134491376729,4:4:4:4:4:1:2:4:4,2:2:4:4:4:3:4:4:2
2:1:4:4:2:4:4:4:2:,recombination,5139.5326432751035,4:2:4:4:4:3:4:4:3,0:1:4:3:0:4:4:4:0,MUTATE
1:1:4:3:0:4:4:4:0:,clone,5997.023153522444,0:1:4:3:0:4:4:4:0
3:1:4:3:1:4:4:4:2:,clone,3969.754160355003,3:1:4:3:1:4:4:4:2
3:1:4:3:1:4:4:4:2:,recombination,3955.6081539678758,4:2:4:4:3:4:4:4:3,4:2:4:4:4:3:3:4:3
3:2:4:4:4:3:3:4:3:,recombination,3792.75910037536,4:2:4:4:4:3:4:4:3,3:2:4:4:4:3:4:4:2,MUTATE
1:1:4:3:0:4:4:4:0:,clone,5647.345270114722,1:1:4:3:0:4:4:4:0
2:1:4:3:1:4:4:4:1:,clone,3834.63063887928,3:1:4:3:1:4:4:4:2
3:2:4:4:4:3:3:4:3:,clone,3589.1530636415196,3:2:4:4:4:3:3:4:3
4:2:4:4:3:3:4:4:3:,recombination,3662.254768987988,4:2:4:4:4:3:3:4:4,4:2:4:4:4:3:4:4:4,MUTATE
4:2:4:4:4:3:3:4:3:,clone,3698.782760081048,4:2:4:4:4:3:4:4:3
2:1:4:4:1:4:4:4:1:,recombination,4914.176914807913,4:2:4:4:4:3:3:4:4,0:1:4:3:0:4:4:4:0
4:2:4:4:4:4:4:4:3:,recombination,4301.778051402314,4:2:4:4:3:4:4:4:3,4:4:4:4:4:1:2:3:4,MUTATE
4:3:4:4:4:1:3:3:4:,clone,4781.777318781213,4:3:4:4:4:1:3:3:4
4:3:4:4:4:1:2:3:4:,clone,3353.829404658744,4:3:4:4:4:1:2:3:4
3:1:4:4:2:4:4:4:2:,clone,3804.572991254831,2:1:4:3:1:4:4:4:1
2:2:4:4:3:4:4:4:2:,clone,4791.714205576007,2:2:4:4:3:4:4:4:2
4:4:4:4:4:1:1:3:4:,recombination,2939.892787758895,4:2:4:4:4:1:2:4:4,4:4:4:4:4:1:2:4:4,MUTATE
3:2:4:3:1:4:4:4:2:,recombination,4267.119904161787,3:1:4:3:1:4:4:4:2,0:1:4:3:0:4:4:4:0,MUTATE
4:4:4:4:4:1:1:4:4:,recombination,2959.5022209820986,4:4:4:4:4:2:2:4:4,4:4:4:4:4:0:0:2:4,MUTATE
2:2:4:4:4:3:4:4:2:,clone,4916.611541697268,2:2:4:4:4:3:4:4:2
4:2:4:4:4:4:3:4:3:,recombination,4207.268212355574,4:2:4:4:2:4:4:4:3,4:4:4:4:4:1:1:4:4,MUTATE
3:2:4:4:4:3:4:4:3:,clone,3866.35889655208,3:2:4:4:4:3:4:4:3
3:2:4:4:4:2:3:4:3:,clone,3756.2571412526886,3:2:4:4:4:3:3:4:3
3:2:4:4:3:3:4:4:2:,clone,3753.6161994345944,4:2:4:4:3:3:4:4:3
4:2:4:4:4:2:2:4:4:,recombination,3072.800844241155,3:2:4:4:4:2:3:4:3,4:2:4:4:4:3:3:4:4,MUTATE
3:2:4:4:2:4:4:4:2:,recombination,3989.3562092111156,3:2:4:4:4:3:3:4:2,4:2:4:4:3:3:4:4:4
4:2:4:4:4:2:2:4:4:,clone,3066.3164551285718,4:2:4:4:4:2:2:4:4
4:2:4:4:4:3:3:4:3:,recombination,3637.8791920583294,3:1:4:3:1:4:4:4:2,4:4:4:4:4:0:1:4:4,MUTATE
2:1:4:4:1:4:4:4:1:,recombination,4870.995187902172,4:3:4:4:4:2:3:4:4,3:2:4:4:2:4:4:4:2,MUTATE
1:1:4:4:1:4:4:4:1:,clone,5508.070011327733,2:2:4:4:1:4:4:4:1
3:2:4:4:4:4:4:4:2:,clone,3811.690186694077,3:2:4:4:4:4:4:4:2
4:3:4:4:4:1:1:4:4:,clone,2924.6976004064145,4:3:4:4:4:1:1:4:4
2:2:4:4:3:3:4:4:2:,clone,5111.83792570739,2:2:4:4:3:3:4:4:2
2:2:4:4:3:3:4:4:2:,clone,5060.042146720027,2:2:4:4:3:3:4:4:2
4:4:4:4:4:1:3:4:4:,clone,3821.3879944074133,4:4:4:4:4:1:3:4:4
4:3:4:4:4:1:1:3:4:,recombination,3253.0645761175524,4:4:4:4:4:1:1:3:4,4:3:4:4:4:1:2:3:4
2:2:4:4:3:3:4:4:2:,recombination,4102.946666029903,4:3:4:4:4:1:1:3:4,3:2:4:4:2:4:4:4:2
2:1:4:4:2:4:4:4:1:,recombination,4289.629859065312,4:2:4:4:4:4:4:4:4,3:1:4:3:1:4:4:4:2,MUTATE
3:2:4:4:3:3:4:4:2:,clone,3722.3537919450077,3:2:4:4:3:3:4:4:2
4:2:4:4:4:3:3:4:4:,clone,3196.7300006754226,4:2:4:4:4:3:3:4:4
4:2:4:4:4:3:3:4:4:,recombination,3183.183384451761,4:2:4:4:4:3:3:4:4,4:3:4:4:4:1:2:3:4,MUTATE
1:1:4:3:0:4:4:4:0:,recombination,5073.515850927479,4:3:4:4:4:2:3:4:4,3:2:4:4:3:4:4:4:3,MUTATE
3:1:4:4:3:4:4:4:2:,recombination,4132.438301739317,2:1:4:3:1:4:4:4:1,4:2:4:4:4:3:4:4:3
4:2:4:4:4:2:3:4:4:,clone,3230.016331821558,4:2:4:4:4:2:3:4:4
2:1:4:4:2:4:4:4:1:,recombination,3989.416054353876,1:1:4:3:0:4:4:4:0,4:3:4:4:4:1:3:4:4,MUTATE
2:1:4:4:3:4:4:4:2:,recombination,4975.4022909186715,4:2:4:4:4:3:3:4:3,3:2:4:4:3:4:4:4:3
3:2:4:4:2:3:4:4:2:,recombination,4256.923831006254,4:3:4:4:4:3:3:4:4,3:2:4:4:4:2:3:4:3
4:3:4:4:4:1:1:3:4:,clone,2952.4129163843018,4:3:4:4:4:1:1:3:4
4:4:4:4:4:1:1:3:4:,recombination,2924.504241156701,4:4:4:4:4:1:1:3:4,4:4:4:4:4:1:2:4:4,MUTATE
4:2:4:4:4:3:4:4:3:,clone,3630.9923614984023,4:2:4:4:4:3:4:4:3
3:2:4:4:4:3:4:4:3:,clone,3745.4390298949056,3:2:4:4:4:3:3:4:3
4:2:4:4:4:4:4:4:3:,clone,3831.6653834639683,3:2:4:4:4:4:4:4:2
2:2:4:4:3:3:4:4:2:,clone,4073.4384006494697,2:2:4:4:3:3:4:4:2
2:2:4:4:2:4:4:4:1:,recombination,4209.594134355833,4:3:4:4:4:1:2:2:4,3:2:4:4:4:3:4:4:2
3:2:4:4:4:4:4:4:2:,clone,3790.9685716202857,3:2:4:4:4:4:4:4:2
4:2:4:4:2:3:4:4:3:,recombination,3923.7566660403218,4:3:4:4:4:1:3:4:4,3:2:4:4:3:4:4:4:3
3:2:4:4:3:4:4:4:2:,recombination,3918.3855285200366,4:3:4:4:4:3:3:4:4,4:2:4:4:4:3:4:4:3
3:2:4:4:3:4:4:4:2:,clone,3880.4870464162846,3:2:4:4:3:4:4:4:2
2:2:4:3:2:4:4:4:1:,clone,4154.112289949451,2:2:4:4:2:4:4:4:1
1:1:4:3:0:4:4:4:0:,recombination,4414.9685808889635,4:2:4:4:3:4:4:4:3,2:2:4:4:3:3:4:4:2,MUTATE
1:1:4:3:1:4:4:4:0:,recombination,3935.809515565596,3:2:4:4:3:4:4:4:2,4:2:4:4:4:3:3:4:3,MUTATE
2:1:4:4:3:3:4:4:1:,clone,3737.305237331773,3:1:4:4:3:3:4:4:2
3:1:4:4:3:3:4:4:2:,clone,3645.9438068851673,3:1:4:4:3:3:4:4:2
2:2:4:4:3:4:4:4:1:,clone,4239.123154521955,2:2:4:4:3:4:4:4:1
4:2:4:4:4:3:3:4:3:,recombination,3504.816417875828,3:2:4:4:3:3:4:4:2,4:3:4:4:4:3:3:4:4,MUTATE
2:1:4:3:0:4:4:4:1:,recombination,4232.971797970741,2:1:4:4:2:4:4:4:1,3:2:4:4:3:4:4:4:2,MUTATE
4:2:4:4:4:3:3:4:3:,clone,3359.551446750267,4:2:4:4:4:3:3:4:3
1:1:4:2:0:4:4:4:0:,clone,4277.77915143226,1:1:4:3:0:4:4:4:0
3:2:4:4:4:3:4:4:2:,recombination,3674.625552982997,4:2:4:4:4:3:4:4:3,4:3:4:4:4:1:1:2:4,MUTATE
1:1:4:4:1:4:4:4:1:,clone,5336.362671260967,1:1:4:4:1:4:4:4:1
2:2:4:4:4:4:4:4:2:,recombination,4070.8282742006177,4:3:4:4:4:1:1:4:4,3:2:4:3:2:4:4:4:2
1:2:4:4:1:4:4:4:1:,clone,5515.140802548577,1:1:4:4:1:4:4:4:1
3:2:4:4:3:3:4:4:2:,clone,3645.9438068851673,3:2:4:4:3:3:4:4:2
4:4:4:4:4:1:1:2:4:,clone,3280.482466122737,4:4:4:4:4:1:1:2:4
2:2:4:4:2:3:4:4:2:,clone,5061.044427424853,2:2:4:4:3:3:4:4:2
4:2:4:4:4:3:3:4:3:,recombination,3309.273710529277,4:2:4:4:4:3:3:4:3,4:2:4:4:4:3:3:4:4
1:1:4:2:0:4:4:4:0:,recombination,4190.204014194093,4:2:4:4:4:3:3:4:4,4:2:4:4:4:3:4:4:4
2:1:4:4:2:4:4:4:1:,clone,3976.377739865401,2:1:4:4:2:4:4:4:1
2:1:4:4:2:4:4:4:1:,clone,3885.0163094187956,2:1:4:4:2:4:4:4:1
2:2:4:4:1:4:4:4:1:,recombination,5025.056711140004,4:2:4:4:3:3:4:4:4,4:4:3:4:4:1:1:4:4,MUTATE
4:2:4:4:4:4:4:4:4:,clone,4001.453161426096,4:2:4:4:4:4:4:4:4
3:2:4:4:3:3:4:4:3:,clone,4340.081104831151,3:2:4:4:3:3:4:4:3
2:1:4:4:2:3:4:4:1:,clone,4934.952321111668,2:1:4:4:2:3:4:4:1
3:2:4:3:1:4:4:4:2:,clone,4100.076558979625,3:2:4:3:1:4:4:4:2
2:1:4:4:2:3:4:4:1:,clone,4818.2397656843,2:1:4:4:2:3:4:4:1
2:1:4:3:0:4:4:4:1:,clone,4221.919230960308,2:1:4:3:0:4:4:4:1
2:1:4:4:2:3:4:4:1:,clone,4707.37688182143,2:1:4:4:2:3:4:4:1
2:1:4:3:2:4:4:4:1:,recombination,4165.729758610509,2:2:4:4:4:4:4:4:2,3:2:4:4:2:4:4:4:2
3:2:4:4:2:3:4:4:2:,recombination,3747.0964748818287,4:2:4:4:4:3:3:4:4,3:2:4:4:2:4:4:4:2
4:2:4:4:3:4:4:4:4:,recombination,4220.256194065885,4:4:4:4:4:2:1:4:4,4:3:4:4:4:3:3:4:4
4:4:4:4:4:2:1:4:4:,recombination,3016.69920557823,4:4:3:4:4:2:1:4:4,4:4:4:4:4:2:1:4:4,MUTATE
4:3:4:4:4:1:3:4:4:,recombination,3485.3004363409545,4:4:4:4:4:0:0:3:4,4:2:4:4:4:3:4:4:3
3:2:4:4:2:4:4:4:2:,clone,3925.4741388398743,2:1:4:3:1:4:4:4:1
4:2:4:4:4:2:3:3:4:,clone,4407.7666528896525,4:2:4:4:4:2:3:3:4
3:1:4:4:1:4:4:4:2:,recombination,4435.052570239877,3:2:4:4:4:3:4:4:3,4:3:4:4:4:1:1:3:4
2:2:4:4:2:4:4:4:2:,recombination,4591.968232037367,2:2:4:4:2:3:4:4:2,4:3:4:4:4:2:3:4:4
2:1:4:4:1:4:4:4:1:,clone,4466.312202627783,2:1:4:3:1:4:4:4:1
3:2:4:4:2:4:4:4:3:,recombination,4868.626338896266,3:2:4:4:4:3:4:4:3,1:1:4:4:1:4:4:4:1,MUTATE
2:1:4:4:2:3:4:4:1:,clone,4592.949242260849,2:1:4:4:2:3:4:4:1
2:1:4:2:0:4:4:4:0:,recombination,4037.227411304557,4:2:4:4:3:4:4:4:3,3:2:4:4:4:2:3:4:3,MUTATE
2:1:4:2:0:4:4:4:1:,clone,4186.426879064368,2:1:4:2:0:4:4:4:1
3:2:4:4:4:4:4:4:3:,recombination,4183.159381272994,2:2:4:4:4:4:4:4:2,4:4:4:4:4:1:1:4:4,MUTATE
4:2:4:4:3:4:4:4:4:,clone,4001.063606472314,4:2:4:4:3:4:4:4:4
3:1:4:4:2:3:4:4:2:,recombination,4240.410672764439,4:2:4:4:4:2:2:4:4,2:1:4:4:2:4:4:4:1,MUTATE
4:2:4:4:4:1:2:4:4:,recombination,3352.452530084606,4:3:4:4:4:1:2:2:4,4:2:4:4:4:1:1:3:4
2:1:4:4:2:3:4:4:1:,clone,4444.514121085376,2:1:4:4:2:3:4:4:1
4:2:4:4:4:1:2:3:4:,clone,3902.9903825920883,4:3:4:4:4:1:2:3:4
3:1:4:4:1:4:4:4:2:,clone,4414.286373515554,3:1:4:4:1:4:4:4:2
3:1:4:4:3:4:4:4:2:,recombination,4030.079298835382,4:2:4:4:4:3:3:4:3,4:4:3:4:4:2:1:4:4
3:1:4:3:1:4:4:4:1:,clone,3881.6194013947015,2:1:4:2:0:4:4:4:1
2:1:4:2:0:4:4:4:1:,clone,4034.2868531478953,2:1:4:2:0:4:4:4:1
2:1:4:3:1:4:4:4:1:,clone,3785.1252576360616,2:1:4:3:1:4:4:4:1
4:2:4:4:4:3:4:4:4:,recombination,3578.31169849409,4:2:4:4:2:3:4:4:3,4:3:4:4:4:3:2:4:4,MUTATE
4:2:4:4:4:4:4:4:3:,recombination,3763.07995869,2:1:4:4:2:4:4:4:2,3:1:4:4:3:4:4:4:2,MUTATE
3:1:4:3:2:4:4:4:2:,clone,4010.7240375478927,3:1:4:3:1:4:4:4:2
2:1:4:4:2:3:4:4:1:,clone,4359.247278871143,2:1:4:4:2:3:4:4:1
2:1:4:2:0:4:4:4:1:,recombination,3877.577614826958,4:3:4:4:4:2:2:4:4,2:2:4:4:3:3:4:4:2,MUTATE
2:1:4:4:2:3:4:4:1:,clone,4340.910601326438,2:1:4:4:2:3:4:4:1
2:1:4:4:1:4:4:4:1:,recombination,4356.767789172557,1:1:4:2:0:4:4:4:0,3:2:4:4:4:3:4:4:2
3:2:4:4:3:4:4:4:3:,recombination,4579.566568213443,4:4:4:4:4:1:1:2:4,2:2:4:4:3:4:4:4:1
4:2:4:4:4:2:3:3:4:,clone,4319.383839037445,4:3:4:4:4:2:3:3:4
4:2:4:4:3:4:4:4:4:,clone,3902.4994631702652,4:2:4:4:3:4:4:4:4
4:2:4:4:4:1:2:4:4:,clone,3266.8257305674833,4:2:4:4:4:2:3:4:4
4:2:4:4:4:2:3:3:4:,clone,4256.747725667993,4:2:4:4:4:2:3:3:4
2:1:4:4:2:3:4:4:1:,clone,4170.611865893026,2:1:4:4:2:3:4:4:1
4:2:4:4:4:2:2:3:4:,clone,4000.5003408428984,4:2:4:4:4:2:3:4:4
2:1:4:4:2:3:4:4:2:,recombination,4558.097751122196,4:2:4:4:4:2:3:3:4,2:2:4:4:4:3:4:4:2
3:2:4:4:3:4:4:4:2:,recombination,3808.409923656019,4:4:3:4:4:1:1:4:4,4:4:3:4:4:2:2:4:4
3:1:4:4:2:3:4:4:2:,recombination,4095.5708426529977,3:2:4:4:4:3:3:4:3,2:2:4:4:3:4:4:4:2
4:2:4:4:4:2:3:4:4:,clone,3225.693414341744,4:2:4:4:4:3:3:4:4
4:3:4:4:4:0:1:1:4:,clone,3338.7329068696217,4:3:4:4:4:0:1:1:4
4:4:4:4:4:2:1:4:4:,clone,2982.6767836339377,4:4:4:4:4:2:1:4:4
3:2:4:4:3:4:4:4:2:,clone,3797.053153975919,3:2:4:4:3:4:4:4:2
1:2:4:4:1:4:4:4:1:,clone,5341.607127201019,1:1:4:4:1:4:4:4:1
4:4:4:4:4:1:2:3:4:,clone,3771.2452592397044,4:4:4:4:4:1:2:3:4
4:2:4:4:4:2:3:4:4:,recombination,3199.6447104783747,4:2:4:4:4:2:3:4:4,3:2:4:4:3:4:4:4:3
4:4:4:4:4:2:1:4:4:,clone,2980.3361925210315,4:4:4:4:4:2:1:4:4
3:1:4:4:3:4:4:4:2:,clone,3969.282905055754,3:1:4:4:3:4:4:4:2
3:1:4:4:1:4:4:4:2:,recombination,4335.268193255067,4:4:4:4:4:1:2:4:4,2:2:4:4:3:4:4:4:2,MUTATE
4:2:4:4:4:3:4:4:4:,clone,3558.2617660996375,4:2:4:4:4:3:3:4:4
4:2:4:4:4:4:3:4:3:,recombination,3849.177002974207,4:4:4:4:4:1:2:4:4,4:2:4:4:4:2:3:4:3,MUTATE
4:2:4:4:3:3:4:4:4:,clone,3558.2617660996375,4:2:4:4:3:3:4:4:4
4:2:4:4:3:3:4:4:3:,recombination,3316.323605826916,4:3:4:4:4:1:2:4:4,4:2:4:4:4:2:3:4:4
2:1:4:3:0:4:4:4:0:,clone,4422.583718255698,2:1:4:2:0:4:4:4:0
4:2:4:4:4:4:4:4:4:,clone,3827.4834970010625,4:2:4:4:4:4:4:4:4
4:2:4:4:3:4:4:4:3:,recombination,3706.3605217819404,2:1:4:3:0:4:4:4:0,4:4:4:4:4:2:3:4:4,MUTATE
3:1:4:2:0:4:4:4:1:,recombination,3548.0592744061523,4:2:4:4:3:4:4:4:3,4:2:4:4:3:3:4:4:3,MUTATE
2:1:4:2:0:4:4:4:0:,clone,3792.507887272059,2:1:4:2:1:4:4:4:1
1:1:4:4:1:4:4:4:0:,recombination,5428.49319834468,3:2:4:4:4:3:4:4:2,0:1:4:3:0:4:4:4:0
2:1:4:2:0:4:4:4:0:,clone,3787.221789143426,2:1:4:2:0:4:4:4:0
3:1:4:3:1:4:4:4:1:,clone,3792.507887272059,3:1:4:3:1:4:4:4:1
4:2:4:4:4:3:4:4:3:,recombination,3567.3201968642024,4:2:4:4:4:3:4:4:4,4:2:4:4:4:3:4:4:4,MUTATE
4:2:4:4:2:4:4:4:3:,clone,3750.82338922444,4:2:4:4:2:4:4:4:3
4:2:4:4:4:3:4:4:3:,recombination,3369.7549252663443,4:2:4:4:3:3:4:4:3,4:3:4:4:4:3:3:4:4
4:2:4:4:2:4:4:4:3:,clone,3637.5186874689866,4:2:4:4:2:4:4:4:3
3:1:4:4:2:4:4:4:1:,recombination,3967.5459075716435,4:3:4:4:4:3:3:4:4,4:4:4:4:4:1:2:4:4,MUTATE
4:2:4:4:3:4:4:4:3:,clone,3653.709824884086,4:2:4:4:2:4:4:4:3
3:1:4:4:3:4:4:4:2:,recombination,3788.050793118789,3:1:4:4:2:4:4:4:1,4:4:2:4:4:1:1:4:4,MUTATE
3:1:4:4:2:4:4:4:2:,clone,3653.709824884086,4:2:4:4:3:4:4:4:3
3:2:4:4:3:4:4:4:2:,clone,3741.7335763542937,3:2:4:4:3:4:4:4:2
2:1:4:4:3:4:4:4:1:,recombination,4801.055385105786,4:2:4:4:4:2:2:3:4,3:2:4:4:4:4:4:4:2
3:1:4:4:3:4:4:4:2:,recombination,3767.0145266395393,4:2:4:4:3:4:4:4:4,3:1:4:3:1:4:4:4:1
2:2:4:3:1:4:4:4:1:,clone,4408.985041514024,2:1:4:3:1:4:4:4:1
2:2:4:4:2:4:4:4:1:,clone,4140.013857123349,2:2:4:4:2:4:4:4:1
2:1:4:4:3:4:4:4:1:,clone,4632.498507816285,2:1:4:4:3:4:4:4:1
3:2:4:4:2:4:4:4:2:,recombination,3706.951138119607,4:4:4:4:4:2:2:4:4,3:1:4:4:2:4:4:4:2,MUTATE
3:2:4:4:3:3:4:4:2:,recombination,3634.7431237535757,4:4:4:4:4:2:2:4:4,4:2:4:4:4:2:2:4:4,MUTATE
3:2:4:3:1:4:4:4:2:,recombination,3971.069610917449,2:2:4:4:3:4:4:4:2,4:2:4:4:4:3:4:4:3
2:1:4:3:2:4:4:4:1:,recombination,3645.5867275259584,3:2:4:4:3:3:4:4:2,2:2:4:4:2:4:4:4:2,MUTATE
3:2:4:4:2:4:4:4:2:,clone,3456.774742129488,3:2:4:4:2:4:4:4:2
4:3:4:4:4:1:3:4:4:,clone,3452.517685319145,4:3:4:4:4:1:3:4:4
2:2:4:4:3:4:4:4:2:,recombination,4397.347315805766,2:1:4:4:3:4:4:4:2,2:1:4:4:2:3:4:4:1,MUTATE
3:1:4:4:4:4:4:4:2:,recombination,4065.5909263255407,4:4:4:4:4:1:2:4:4,4:2:4:4:2:4:4:4:3
3:2:4:3:1:4:4:4:2:,clone,3922.546280219781,3:2:4:3:1:4:4:4:2
4:2:4:4:4:3:4:4:4:,recombination,3381.0898996814403,4:3:4:4:4:3:2:4:4,4:2:4:4:4:3:4:4:3
2:1:4:3:1:4:4:4:1:,recombination,3692.8142602009343,4:2:4:4:3:3:4:4:4,4:2:4:4:3:4:4:4:3,MUTATE
3:1:4:3:2:4:4:4:1:,clone,3766.3907899006704,3:1:4:3:2:4:4:4:1
4:2:4:4:4:3:4:4:4:,clone,3376.0937214696664,4:2:4:4:4:3:4:4:4
2:1:4:2:0:4:4:4:1:,recombination,3747.5732953005922,3:1:4:3:1:4:4:4:2,4:3:4:4:4:2:3:4:4
3:2:4:4:2:3:4:4:2:,recombination,3723.823394833816,4:2:4:4:2:3:4:4:3,4:3:4:4:4:3:3:4:4
4:2:4:4:3:3:4:4:4:,recombination,3527.3763941764905,4:3:4:4:4:2:1:4:4,4:2:4:4:4:2:3:4:3,MUTATE
2:2:4:4:1:4:4:4:1:,recombination,4730.4118050895,1:1:4:4:1:4:4:4:1,4:2:4:4:4:1:3:3:4,MUTATE
4:2:4:4:3:3:4:4:4:,clone,3520.1942610207375,4:2:4:4:3:3:4:4:3
2:2:4:3:1:4:4:4:1:,clone,3997.534844018376,2:2:4:3:1:4:4:4:1
2:1:4:4:2:4:4:4:2:,recombination,5001.7782247629,4:3:4:4:4:1:1:3:4,4:2:4:4:4:3:3:4:3
3:1:4:4:2:3:4:4:2:,clone,3982.3799373520164,3:1:4:4:2:3:4:4:2
4:2:4:4:3:3:4:4:4:,recombination,3297.0462927646354,4:3:4:4:4:3:2:4:4,4:2:4:4:4:2:3:4:4
2:1:4:3:2:4:4:4:1:,recombination,3518.239521306635,2:1:4:3:2:4:4:4:1,3:1:4:3:2:4:4:4:1,MUTATE
3:2:4:3:2:4:4:4:2:,clone,3715.7821529807966,3:2:4:3:2:4:4:4:2
3:2:4:4:2:3:4:4:2:,recombination,3617.531629972437,3:2:4:4:3:3:4:4:2,4:4:4:4:4:1:1:4:4
4:2:4:3:2:4:4:4:3:,clone,3734.542109085496,4:2:4:3:2:4:4:4:3
2:1:4:4:3:4:4:4:1:,recombination,4494.489350517255,4:2:4:4:4:4:4:4:3,2:1:4:4:3:4:4:4:1
4:1:4:4:2:3:4:4:3:,clone,3282.9847931373997,3:1:4:3:1:4:4:4:2
3:1:4:3:2:3:4:4:2:,clone,3757.6621565669384,3:1:4:3:2:3:4:4:2
3:2:4:3:1:3:4:4:2:,clone,4143.561780280021,3:2:4:3:1:3:4:4:2
3:1:4:3:1:3:4:4:2:,clone,3773.5268015732563,3:1:4:3:2:3:4:4:2
3:1:4:4:2:3:4:4:2:,recombination,3509.013324807598,0:1:4:3:0:4:4:4:0,4:2:4:3:2:4:4:4:3,MUTATE
3:1:4:3:1:4:4:4:2:,clone,3881.523960820966,3:1:4:3:1:4:4:4:2
3:1:4:3:2:3:4:4:2:,clone,3298.8494381437176,4:2:4:3:2:3:4:4:3
2:1:4:3:2:4:4:4:1:,clone,3516.426940500034,2:1:4:3:2:4:4:4:1
3:1:4:3:1:4:4:4:2:,recombination,3716.8844968982953,4:3:4:4:4:1:3:4:4,4:3:4:4:4:1:2:4:4,MUTATE
4:1:4:4:3:3:4:4:3:,recombination,3838.528875200304,4:3:4:4:4:1:3:4:4,4:2:4:4:2:4:4:4:3
4:2:4:4:2:3:4:4:3:,recombination,3659.1057188421337,4:4:4:4:4:0:0:3:4,4:2:4:4:4:3:3:4:3
2:1:4:3:0:4:4:4:0:,clone,4373.637005195769,2:1:4:2:0:4:4:4:0
4:2:4:3:2:4:4:4:3:,recombination,3613.7743124345147,4:2:4:4:2:3:4:4:3,4:3:4:4:4:3:3:4:4,MUTATE
3:1:4:4:2:3:4:4:2:,recombination,3494.770847278425,3:1:4:3:2:3:4:4:2,4:2:4:4:4:2:2:4:4,MUTATE
3:1:4:4:1:4:4:4:2:,clone,4287.655516053552,3:1:4:4:1:4:4:4:2
2:2:4:4:1:4:4:4:1:,clone,4691.443313766187,2:2:4:4:1:4:4:4:1
3:1:4:2:1:4:4:4:1:,recombination,3733.4241479213706,3:1:4:3:1:4:4:4:2,4:2:4:4:4:3:4:4:3
2:1:4:4:1:4:4:4:1:,clone,4354.265802556958,2:1:4:4:1:4:4:4:1
3:2:4:3:2:3:4:4:2:,clone,3582.17344132469,3:2:4:4:2:3:4:4:2
3:1:4:3:2:4:4:4:2:,clone,3704.0347786280304,3:1:4:3:2:4:4:4:2
3:1:4:3:2:4:4:4:2:,clone,3574.8352172204523,3:1:4:3:2:4:4:4:2
3:2:4:4:3:3:4:4:2:,clone,3422.4233405848763,3:2:4:4:2:3:4:4:2
3:1:4:4:3:3:4:4:2:,clone,3422.4233405848763,3:1:4:4:3:3:4:4:2
3:1:4:3:2:4:4:4:1:,recombination,3433.7477704126445,3:2:4:4:2:4:4:4:2,3:1:4:4:2:3:4:4:2
2:1:4:3:1:4:4:4:0:,recombination,4165.660579387813,4:3:4:4:4:3:3:4:4,4:4:4:4:4:1:1:3:4
3:1:4:3:1:4:4:4:2:,clone,3458.682686960747,3:1:4:3:1:4:4:4:2
2:1:4:4:1:4:4:4:1:,clone,4338.0991398410615,2:1:4:4:1:4:4:4:1
3:1:4:4:2:4:4:4:2:,clone,3562.268209386067,3:1:4:4:2:4:4:4:2
2:1:4:3:0:4:4:4:1:,recombination,4094.6051818676324,4:2:4:4:4:2:2:4:4,3:1:4:4:2:4:4:4:2,MUTATE
3:2:4:4:3:3:4:4:2:,clone,3329.654784437329,3:2:4:4:3:3:4:4:2
3:1:4:4:3:3:4:4:2:,clone,3329.6547844373295,3:1:4:4:3:3:4:4:2
2:1:4:4:3:4:4:4:2:,recombination,4668.420430066876,2:2:4:4:3:4:4:4:2,3:2:4:3:1:4:4:4:2
2:1:4:2:1:4:4:4:1:,recombination,3806.7094529103124,1:1:4:2:0:4:4:4:0,4:2:4:3:2:4:4:4:3
1:1:4:4:2:4:4:4:1:,clone,5268.147068881716,1:1:4:4:2:4:4:4:1
4:2:4:4:3:4:4:4:3:,recombination,3452.193146081499,4:3:4:4:4:2:2:4:4,4:3:4:4:4:1:2:4:4,MUTATE
2:1:4:3:1:4:4:4:0:,recombination,4093.4871773194204,4:3:4:4:4:2:3:4:4,4:2:4:4:3:4:4:4:4,MUTATE
1:1:4:2:0:4:4:4:0:,recombination,4036.107062404631,4:4:3:4:4:1:1:4:4,4:3:4:4:4:2:3:4:4
4:2:4:4:4:2:3:4:3:,recombination,3536.125023063555,4:2:4:4:3:3:4:4:4,3:1:4:4:2:3:4:4:2
1:1:4:3:0:4:4:4:0:,clone,4344.5880558985145,1:1:4:3:0:4:4:4:0
2:1:4:3:1:4:4:4:1:,clone,3670.977232588519,2:1:4:3:1:4:4:4:1
1:1:4:2:0:4:4:4:0:,recombination,4031.5675542303925,4:2:4:4:4:2:2:4:4,4:3:4:4:4:3:3:4:4,MUTATE
3:1:4:3:1:3:4:4:2:,clone,3477.6499970192176,3:1:4:3:1:4:4:4:2
2:1:4:3:1:4:4:4:1:,clone,3602.243077260088,2:1:4:3:1:4:4:4:1
2:1:4:4:2:4:4:4:1:,recombination,3798.0005278120348,4:2:4:4:3:4:4:4:3,2:1:4:3:1:4:4:4:0
3:1:4:3:1:4:4:4:1:,recombination,3786.723124675984,4:2:4:4:3:4:4:4:4,4:3:4:4:4:3:3:4:4,MUTATE
2:1:4:2:0:4:4:4:1:,clone,3671.7229227332127,2:1:4:3:1:4:4:4:1
1:1:4:2:0:4:4:4:0:,clone,3927.7089390982674,1:1:4:2:0:4:4:4:0
1:1:4:4:1:4:4:4:0:,clone,4927.819985642598,1:1:4:4:1:4:4:4:0
2:1:4:2:1:4:4:4:1:,recombination,3576.6935872494687,3:1:4:3:1:4:4:4:2,2:2:4:4:2:4:4:4:1
2:1:4:2:0:4:4:4:1:,clone,3671.7229227332123,2:1:4:2:0:4:4:4:1
2:1:4:2:0:4:4:4:1:,clone,3583.851331083892,2:1:4:2:0:4:4:4:1
1:1:4:2:0:4:4:4:0:,recombination,3745.566775269507,4:2:4:4:4:2:2:3:4,2:1:4:2:0:4:4:4:1,MUTATE
3:2:4:4:4:3:3:4:2:,recombination,3544.755322598816,4:3:4:4:4:0:0:2:4,4:3:4:4:4:2:3:4:4
4:2:4:4:4:4:4:4:4:,recombination,3744.7841058749736,4:4:4:4:4:0:0:3:4,4:2:4:4:4:4:4:4:4
4:2:4:4:4:4:3:4:4:,recombination,4069.8087411741085,4:2:4:4:4:3:3:4:4,4:3:4:4:4:3:2:4:4
3:2:4:4:1:4:4:4:2:,clone,4696.105004493711,3:2:4:4:1:4:4:4:2
3:2:4:4:1:3:4:4:2:,recombination,4996.408400657239,4:4:4:4:4:2:1:4:4,4:2:4:4:4:3:4:4:4,MUTATE
2:1:4:4:2:4:4:4:1:,recombination,3695.2172848898604,2:1:4:4:2:4:4:4:1,2:1:4:2:0:4:4:4:1,MUTATE
3:1:4:4:2:4:4:4:2:,clone,3473.928432693257,3:1:4:4:2:4:4:4:2
2:1:4:3:0:4:4:4:0:,recombination,4339.62699190349,3:1:4:4:1:4:4:4:2,1:1:4:3:0:4:4:4:0,MUTATE
2:1:4:4:2:4:4:4:1:,recombination,3559.771730986301,4:2:4:4:4:1:1:3:4,4:4:4:4:4:0:0:3:4
2:1:4:3:0:4:4:4:1:,recombination,4057.101583757546,3:1:4:4:2:3:4:4:2,4:2:4:4:4:3:4:4:3,MUTATE
2:2:4:4:3:3:4:4:1:,recombination,4157.3754981369775,3:2:4:3:1:4:4:4:2,2:2:4:4:4:3:4:4:2,MUTATE
2:1:4:3:0:4:4:4:0:,clone,4290.92711439424,2:1:4:2:0:4:4:4:0
3:1:4:4:4:3:3:4:2:,recombination,3424.225964458405,2:1:4:4:2:4:4:4:1,3:2:4:4:4:3:3:4:2,MUTATE
3:1:4:3:1:4:4:4:1:,clone,3743.903718858734,3:1:4:3:1:4:4:4:1
1:1:4:1:0:4:4:4:0:,recombination,3718.707372736151,2:2:4:4:4:4:4:4:2,4:3:4:4:4:2:3:4:4,MUTATE
2:1:4:2:0:4:4:4:0:,clone,3776.8923214294564,2:1:4:2:0:4:4:4:0
2:1:4:2:0:4:4:4:0:,clone,3655.570542019268,2:1:4:2:0:4:4:4:0
4:2:4:4:4:4:3:4:4:,clone,3983.561696254007,4:2:4:4:4:3:3:4:4
4:2:4:4:4:4:3:4:4:,clone,3983.5616962540066,4:2:4:4:4:4:3:4:4
2:2:4:4:1:4:4:4:1:,recombination,4544.779502997428,1:2:4:4:1:4:4:4:1,4:2:4:4:3:3:4:4:4,MUTATE
4:2:4:4:4:1:1:4:4:,clone,3485.834922015309,4:2:4:4:4:1:1:4:4
4:2:4:4:4:4:4:4:4:,clone,3728.3424793459358,4:2:4:4:4:4:4:4:4
2:1:4:2:1:4:4:4:1:,recombination,3561.960441533918,3:1:4:3:1:4:4:4:2,4:3:4:4:4:2:3:4:4,MUTATE
3:2:4:3:1:4:4:4:2:,recombination,3905.7607829296217,4:4:4:4:4:0:0:3:4,3:2:4:4:1:3:4:4:2,MUTATE
2:1:4:3:1:4:4:4:1:,recombination,3466.635127186698,4:3:4:4:4:3:3:4:4,2:1:4:2:0:4:4:4:1
2:1:4:2:1:4:4:4:0:,clone,3776.9231169470017,2:1:4:2:1:4:4:4:0
2:1:4:2:1:4:4:4:1:,recombination,3545.109236666965,3:2:4:4:3:3:4:4:2,3:1:4:3:1:4:4:4:2
4:2:4:4:4:4:4:4:4:,clone,3653.4719507364366,4:2:4:4:4:4:4:4:4
3:2:4:3:2:4:4:4:2:,recombination,3658.447304673118,4:3:4:4:4:2:2:4:4,3:1:4:4:2:4:4:4:2,MUTATE
3:1:4:4:4:3:3:4:2:,clone,3371.2167856476726,3:1:4:4:4:3:3:4:2
3:2:4:4:4:3:3:4:3:,recombination,3554.0505900303574,4:4:4:4:4:0:0:1:4,4:2:4:4:4:1:3:4:4,MUTATE
4:2:4:4:4:1:2:3:4:,recombination,3834.639283508632,4:2:4:4:4:1:2:3:4,2:1:4:4:2:4:4:4:1
3:2:4:4:4:2:3:4:3:,clone,3716.8755769699796,3:2:4:4:4:2:3:4:3
3:2:4:3:1:4:4:4:2:,recombination,3832.3930644646907,3:1:4:3:2:4:4:4:2,3:2:4:3:2:4:4:4:2
2:1:4:2:1:4:4:4:1:,clone,3511.2199175566093,2:1:4:2:1:4:4:4:1
2:1:4:4:2:3:4:4:1:,recombination,4011.909725778513,4:2:4:4:4:1:2:4:4,4:2:4:4:4:3:3:4:4,MUTATE
2:1:4:2:0:4:4:4:1:,clone,3509.670476159466,2:1:4:2:0:4:4:4:1
2:1:4:4:3:4:4:4:1:,recombination,3739.2941894647624,1:1:4:3:0:4:4:4:0,4:3:4:4:4:0:1:3:4,MUTATE
4:2:4:4:4:4:4:4:4:,clone,3624.596128581975,4:2:4:4:4:4:4:4:4
2:1:4:3:2:4:4:4:1:,recombination,3397.3300381212653,3:1:4:4:4:3:3:4:2,2:1:4:4:2:4:4:4:1,MUTATE
3:1:4:4:3:4:4:4:2:,recombination,3711.2321458355996,3:2:4:4:4:3:4:4:3,4:3:3:4:4:3:2:4:4
3:2:4:4:4:2:3:4:3:,clone,3634.155594648042,3:2:4:4:4:2:3:4:3
4:2:4:4:3:4:4:4:4:,recombination,3749.215502354964,4:2:4:4:4:4:4:4:4,4:3:4:4:4:1:1:3:4,MUTATE
1:1:4:4:1:4:4:4:0:,recombination,4640.812502457119,4:3:4:4:4:3:3:4:4,4:4:4:4:4:1:2:4:4
3:1:4:4:4:3:4:4:2:,recombination,4281.043651656641,3:2:4:4:4:4:4:4:2,3:2:4:4:4:2:3:4:3
4:1:4:3:2:3:4:4:3:,recombination,3690.1000588111224,3:2:4:4:3:3:4:4:2,4:2:4:4:4:2:3:4:3,MUTATE
2:1:4:4:2:3:4:4:1:,clone,4003.4432703846023,2:1:4:4:2:3:4:4:1
2:1:4:3:2:4:4:4:1:,clone,3379.4222106341504,2:1:4:3:2:4:4:4:1
2:1:4:4:4:3:3:4:1:,clone,3681.22050875812,3:1:4:4:4:3:3:4:2
2:1:4:4:3:3:4:4:1:,recombination,3529.379106862386,2:1:4:3:2:4:4:4:1,3:2:4:4:4:2:3:4:3
3:2:4:3:1:4:4:4:2:,clone,3662.713589328061,3:2:4:3:1:4:4:4:2
2:1:4:3:1:4:4:4:0:,recombination,3693.767035004385,2:1:4:4:2:3:4:4:1,2:1:4:2:0:4:4:4:0,MUTATE
4:2:4:4:2:3:4:4:4:,recombination,3953.9782879091254,4:2:4:4:4:3:4:4:4,4:2:4:4:3:3:4:4:4
4:2:4:3:2:3:4:4:3:,clone,3829.995299711904,4:2:4:3:2:3:4:4:3
1:1:4:3:0:4:4:4:0:,recombination,4289.5129824932455,4:2:4:4:4:4:4:4:3,4:2:4:4:4:2:2:4:4
2:1:4:2:0:4:4:4:0:,recombination,3620.3065282051616,3:1:4:3:1:3:4:4:2,4:3:4:4:4:3:3:4:4,MUTATE
3:1:4:2:1:4:4:4:1:,recombination,3704.827282015918,4:2:4:4:4:3:4:4:4,4:4:3:4:4:1:1:4:4,MUTATE
3:1:4:3:0:4:4:4:1:,clone,4281.896178897522,3:1:4:3:0:4:4:4:1
2:1:4:4:4:3:4:4:1:,recombination,4174.402740981686,4:2:4:4:4:1:2:3:4,2:1:4:4:2:4:4:4:1,MUTATE
4:2:4:4:4:4:4:4:3:,recombination,3641.9398234632254,3:2:4:4:4:4:4:4:2,4:4:3:4:4:2:1:4:4,MUTATE
2:1:4:2:1:4:4:4:0:,clone,3698.7248770105257,2:1:4:2:1:4:4:4:0
3:1:4:4:4:3:4:4:2:,clone,3909.5398087453136,3:1:4:4:4:3:3:4:2
3:2:4:4:4:4:4:4:3:,clone,4005.8372285912733,4:2:4:4:4:4:4:4:3
2:1:4:2:1:4:4:4:0:,clone,3461.49541483465,2:1:4:2:1:4:4:4:0
4:2:4:4:4:4:3:4:4:,clone,3861.8480013960066,4:2:4:4:4:4:3:4:4
3:1:4:4:2:4:4:4:1:,recombination,3910.4562786132024,4:2:4:4:4:4:3:4:3,3:2:4:4:2:3:4:4:2
2:1:4:4:4:4:4:4:1:,clone,4034.2363127616404,2:1:4:4:4:4:4:4:1
1:1:4:1:0:4:4:4:0:,clone,3507.23287960585,1:1:4:1:0:4:4:4:0
2:1:4:4:2:4:4:4:2:,clone,4883.677824440326,2:2:4:4:2:4:4:4:2
2:1:4:4:3:4:4:4:1:,clone,3713.4388729111315,2:1:4:4:3:4:4:4:1
4:2:4:4:4:4:4:4:3:,recombination,3418.5087821163893,4:3:4:4:4:2:2:4:4,4:2:4:4:4:4:3:4:4,MUTATE
3:1:4:3:1:4:4:4:1:,clone,3687.138421966319,2:1:4:3:1:4:4:4:1
2:1:4:4:4:4:4:4:2:,recombination,5101.69757906443,4:3:4:4:4:0:0:3:4,4:2:4:4:4:1:1:4:4,MUTATE
3:1:4:3:1:4:4:4:1:,recombination,3578.098394217352,4:4:4:4:4:2:2:4:4,3:2:4:3:2:4:4:4:2,MUTATE
2:1:4:2:0:4:4:4:0:,recombination,3542.113534722108,3:1:4:3:1:4:4:4:1,3:1:4:4:1:4:4:4:2,MUTATE
2:1:4:2:0:4:4:4:0:,clone,3542.1135347221075,2:1:4:2:0:4:4:4:0
3:1:4:2:1:4:4:4:1:,recombination,3513.153205867214,2:1:4:2:0:4:4:4:1,4:4:4:4:4:2:2:4:4,MUTATE
2:2:4:4:3:4:4:4:2:,clone,4306.82418771842,2:1:4:4:2:4:4:4:1
3:1:4:3:1:4:4:4:1:,clone,3521.456089542391,3:1:4:3:1:4:4:4:1
1:1:4:3:1:4:4:4:1:,clone,5366.020334750077,1:1:4:3:1:4:4:4:1
1:1:4:3:1:4:4:4:1:,clone,5191.9696438165865,1:1:4:3:1:4:4:4:1
1:1:4:3:1:4:4:4:1:,clone,5191.969643816586,1:1:4:3:1:4:4:4:1
3:1:4:4:2:4:4:4:2:,recombination,3447.0468190228635,3:2:4:3:2:4:4:4:2,2:1:4:4:2:3:4:4:2
3:1:4:4:2:4:4:4:1:,clone,3640.771791533377,3:1:4:4:2:4:4:4:1
2:2:4:4:2:3:4:4:1:,clone,4643.521691051056,2:2:4:4:2:3:4:4:1
2:1:4:4:2:4:4:4:2:,recombination,4729.506089302066,2:1:4:4:3:4:4:4:1,3:2:4:4:4:4:4:4:3
2:2:4:4:2:4:4:4:1:,recombination,3848.615786542367,4:3:4:4:4:2:3:4:4,3:1:4:3:1:4:4:4:1
1:1:4:4:2:4:4:4:0:,recombination,4816.89858607458,3:2:4:3:1:4:4:4:2,2:1:4:2:0:4:4:4:1
2:1:4:4:3:4:4:4:2:,recombination,4237.665945577623,4:2:4:4:3:4:4:4:4,2:1:4:4:2:4:4:4:2,MUTATE
2:1:4:4:2:4:4:4:0:,recombination,3955.628353352282,1:1:4:4:2:4:4:4:0,3:1:4:4:1:4:4:4:2
1:1:4:4:3:4:4:4:0:,clone,4327.157882229057,1:1:4:4:3:4:4:4:0
3:1:4:2:1:4:4:4:2:,recombination,3452.944380623583,4:4:4:4:4:3:2:4:4,2:1:4:2:1:4:4:4:1
2:1:4:4:3:4:4:4:0:,recombination,4065.0092290150387,3:1:4:3:2:4:4:4:2,4:2:4:4:3:3:4:4:3
2:1:4:4:1:4:4:4:0:,recombination,4849.33566348492,4:2:4:4:4:3:4:4:4,3:2:4:4:4:2:3:4:3,MUTATE
1:1:4:4:3:4:4:4:0:,clone,4252.880851396359,1:1:4:4:3:4:4:4:0
1:1:4:4:3:4:4:4:0:,clone,4252.880851396358,1:1:4:4:3:4:4:4:0
1:1:4:4:3:4:4:4:0:,clone,4197.564102397283,1:1:4:4:3:4:4:4:0
3:1:4:4:4:3:4:4:2:,recombination,3824.4515639680176,4:2:4:4:4:1:2:3:4,4:4:4:4:4:0:1:3:4,MUTATE
1:1:4:4:2:4:4:4:0:,clone,4157.175136874152,1:1:4:4:3:4:4:4:0
2:1:4:4:4:3:4:4:2:,recombination,4007.1622593525317,3:1:4:4:4:3:4:4:2,1:1:4:4:1:4:4:4:0,MUTATE
1:1:4:4:2:4:4:4:0:,clone,4049.879971881729,1:1:4:4:2:4:4:4:0
1:1:4:4:3:4:4:4:0:,clone,3922.437447023306,1:1:4:4:3:4:4:4:0
1:1:4:4:3:4:4:4:1:,recombination,4991.848502136177,2:1:4:4:4:3:3:4:1,2:1:4:4:3:4:4:4:2,MUTATE
1:1:4:4:1:4:4:4:1:,clone,5321.452123004555,1:1:4:4:1:4:4:4:1
2:1:4:4:1:4:4:4:2:,recombination,4983.135569206844,4:3:4:4:4:1:3:3:4,1:1:4:2:0:4:4:4:0,MUTATE
2:1:4:4:2:3:4:4:1:,recombination,3589.034769664328,4:4:3:4:4:1:1:4:4,3:2:4:3:1:4:4:4:2,MUTATE
2:2:4:4:4:3:4:4:2:,clone,4395.263885082178,2:2:4:4:4:3:4:4:2
2:1:4:4:2:3:4:4:1:,clone,3585.7829784869245,2:1:4:4:2:3:4:4:1
1:1:4:3:0:4:4:4:0:,recombination,4273.772713921106,4:4:4:4:4:1:3:4:4,4:1:4:4:2:3:4:4:3
2:1:4:4:2:4:4:4:0:,recombination,3888.550838456661,1:1:4:4:2:4:4:4:0,4:2:4:4:4:2:3:4:4
2:1:4:4:3:3:4:4:2:,clone,4409.040319082613,2:1:4:4:3:3:4:4:2
1:1:4:3:1:4:4:4:0:,recombination,3921.379468472021,3:1:4:4:1:4:4:4:2,2:2:4:4:3:4:4:4:1,MUTATE
1:1:4:4:3:4:4:4:0:,clone,3878.908010552885,1:1:4:4:3:4:4:4:0
1:1:4:3:0:4:4:4:0:,clone,4247.958832140117,1:1:4:3:0:4:4:4:0
1:1:4:4:2:4:4:4:0:,recombination,3875.102337351831,1:1:4:4:2:4:4:4:0,3:1:4:4:3:3:4:4:2
1:1:4:3:2:4:4:4:0:,recombination,3744.65103717561,4:2:4:4:4:4:4:4:4,1:1:4:4:3:4:4:4:0,MUTATE
1:1:4:1:0:4:4:4:0:,recombination,3427.5210641884782,2:1:4:3:1:4:4:4:1,2:2:4:4:3:3:4:4:2
1:1:4:3:0:4:4:4:0:,recombination,4247.102501123027,3:1:4:3:0:4:4:4:1,1:1:4:3:0:4:4:4:0
2:2:4:4:4:3:4:4:2:,recombination,4197.962930867732,2:1:4:4:2:4:4:4:0,3:1:4:4:2:4:4:4:2
3:1:4:4:4:3:4:4:2:,recombination,3702.7097418694475,4:3:4:4:4:1:2:2:4,3:1:4:4:2:3:4:4:2,MUTATE
2:1:4:1:0:4:4:4:0:,clone,3283.696951429016,1:1:4:2:0:4:4:4:0
4:2:4:4:4:4:3:4:4:,recombination,3807.213503007854,4:4:4:4:4:3:2:4:4,4:3:4:4:4:2:1:4:4,MUTATE
2:1:4:1:0:4:4:4:0:,clone,3283.696951429015,2:1:4:1:0:4:4:4:0
4:2:4:4:4:4:3:4:4:,recombination,3774.5344161935177,4:3:4:4:4:0:0:2:4,4:2:4:4:4:4:3:4:4,MUTATE
1:1:4:1:0:4:4:4:0:,clone,3377.7313296470406,1:1:4:1:0:4:4:4:0
4:2:4:4:4:4:3:4:4:,clone,3752.306225421071,4:2:4:4:4:4:3:4:4
4:2:4:4:4:4:3:4:3:,clone,3752.306225421071,4:2:4:4:4:4:3:4:4
4:2:4:4:4:4:3:4:3:,clone,3715.8657940629964,4:2:4:4:4:4:3:4:3
3:2:4:4:1:4:4:4:2:,recombination,4634.032964561007,3:1:4:4:2:4:4:4:1,4:3:4:4:4:3:4:4:4
1:1:4:1:0:4:4:4:0:,clone,3376.40638119486,1:1:4:1:0:4:4:4:0
1:1:4:4:2:4:4:4:1:,recombination,4997.430259713957,3:2:4:4:3:3:4:4:3,1:1:4:4:2:4:4:4:1
4:1:4:4:3:4:4:4:3:,recombination,3570.5942320106283,4:2:4:4:4:4:3:4:3,4:4:4:4:4:1:1:4:4,MUTATE
2:1:4:3:0:4:4:4:0:,recombination,4126.086944063436,4:2:4:4:4:3:3:4:4,4:2:4:4:4:1:1:3:4
3:2:4:4:3:4:4:4:3:,recombination,4518.318821282671,4:2:4:4:4:2:2:4:4,4:3:4:4:4:3:2:4:4,MUTATE
3:2:4:4:3:3:4:4:3:,recombination,4263.891027839084,4:3:4:4:4:3:4:4:4,1:1:4:2:0:4:4:4:0
4:2:4:4:4:4:3:4:3:,clone,3711.244094992442,4:2:4:4:4:4:3:4:3
4:2:4:4:4:4:3:4:3:,clone,3494.3712605814803,4:2:4:4:4:4:3:4:3
4:1:4:4:3:4:4:4:3:,recombination,3440.982679694318,4:2:4:4:4:4:3:4:4,2:1:4:2:1:4:4:4:0,MUTATE
4:2:4:4:3:4:4:4:3:,recombination,3396.414916291394,4:2:4:4:4:4:3:4:3,3:1:4:3:1:3:4:4:2
4:1:4:4:3:4:4:4:3:,clone,3375.1656148243515,4:1:4:4:3:4:4:4:3
1:1:4:3:1:4:4:4:0:,recombination,3902.782742992186,2:1:4:4:3:4:4:4:2,4:3:4:4:4:1:1:4:4,MUTATE
1:1:4:3:1:4:4:4:0:,recombination,3777.0014386901885,2:1:4:3:2:4:4:4:1,4:3:4:4:4:0:1:3:4,MUTATE
3:1:4:4:4:4:4:4:2:,recombination,3700.9196773036915,3:1:4:3:2:4:4:4:2,4:1:4:4:3:4:4:4:3
2:2:4:4:3:4:4:4:1:,recombination,4134.584748520768,4:4:4:4:4:2:2:4:4,4:3:4:4:4:0:1:1:4
4:1:4:4:3:4:4:4:3:,clone,3374.8395511857557,4:1:4:4:3:4:4:4:3
4:2:4:4:4:4:3:4:4:,recombination,3375.1656148243515,4:2:4:4:3:4:4:4:3,4:2:4:4:4:1:2:3:4
4:2:4:4:3:4:4:4:3:,recombination,3224.0763285011367,4:2:4:4:4:4:3:4:4,1:1:4:4:2:4:4:4:1,MUTATE
3:1:4:4:3:4:4:4:2:,clone,3680.5923693253735,3:1:4:4:3:4:4:4:2
4:1:4:4:3:4:4:4:3:,recombination,3224.0763285011367,4:2:4:4:3:4:4:4:3,4:4:4:4:4:1:2:3:4,MUTATE
2:1:4:2:1:4:4:4:1:,recombination,3354.063877966813,4:2:4:4:4:3:3:4:4,4:2:4:4:3:4:4:4:3
2:1:4:1:0:4:4:4:0:,clone,3268.890087112728,2:1:4:1:0:4:4:4:0
4:2:4:4:4:3:3:4:3:,clone,3229.3748562159208,4:2:4:4:4:3:3:4:4
4:1:4:4:2:4:4:4:3:,clone,3224.0763285011367,3:1:4:4:2:4:4:4:2
1:1:4:3:0:4:4:4:0:,clone,4143.825253005623,1:1:4:3:0:4:4:4:0
2:1:4:3:1:4:4:4:1:,recombination,3441.641914666178,2:1:4:2:1:4:4:4:1,4:3:4:4:4:0:1:2:4
4:2:4:4:3:4:4:4:4:,recombination,3680.3791513349092,4:4:3:4:4:3:2:4:4,4:4:4:4:4:0:1:4:4
3:1:4:3:2:4:4:4:2:,clone,3402.8615337455644,4:2:4:4:2:4:4:4:3
1:1:4:4:1:4:4:4:0:,recombination,4498.002324671281,3:2:4:4:4:3:3:4:2,1:1:4:3:1:4:4:4:0,MUTATE
3:1:4:3:2:4:4:4:2:,clone,3401.214193019714,3:1:4:3:2:4:4:4:2
3:2:4:4:3:4:4:4:2:,recombination,3634.56874960934,3:2:4:4:4:2:3:4:3,4:2:4:4:4:4:3:4:4
3:1:4:4:2:4:4:4:2:,clone,3401.214193019714,3:1:4:4:2:4:4:4:2
2:1:4:2:0:4:4:4:0:,recombination,3354.063877966813,2:1:4:2:1:4:4:4:1,4:3:4:4:4:0:0:2:4
2:1:4:3:1:4:4:4:0:,recombination,3688.0576397484974,2:1:4:3:1:4:4:4:1,4:4:4:4:4:1:1:3:4,MUTATE
3:2:4:4:2:4:4:4:3:,clone,4698.668101531505,4:2:4:4:2:4:4:4:3
3:2:4:4:4:4:4:4:2:,clone,3724.2870233507065,3:2:4:4:4:4:4:4:2
3:2:4:4:3:3:4:4:3:,clone,4141.888064204411,3:2:4:4:3:3:4:4:3
3:2:4:4:4:4:4:4:2:,clone,3696.8795574980168,3:2:4:4:4:4:4:4:2
3:2:4:4:2:4:4:4:3:,recombination,4552.977218296839,3:1:4:4:4:3:4:4:2,3:1:4:4:2:4:4:4:2,MUTATE
2:1:4:2:0:4:4:4:0:,clone,3270.5374278385784,2:1:4:2:0:4:4:4:0
2:1:4:1:0:4:4:4:0:,clone,3268.8456435974526,2:1:4:1:0:4:4:4:0
1:1:4:1:0:4:4:4:0:,recombination,3282.6652575482167,4:4:3:4:4:2:2:4:4,4:2:4:4:4:3:3:4:4
2:1:4:2:1:4:4:4:1:,recombination,3289.9800755724573,2:1:4:3:1:4:4:4:1,4:3:4:4:4:2:3:4:4
2:1:4:3:1:4:4:4:0:,clone,3535.1530561128243,2:1:4:3:1:4:4:4:0
1:1:4:4:1:4:4:4:0:,clone,4475.988014107789,1:1:4:4:1:4:4:4:0
3:2:4:4:3:3:4:4:3:,clone,4121.064029856154,4:2:4:4:3:3:4:4:3
3:1:4:4:2:4:4:4:2:,recombination,3334.794368994649,4:3:4:4:4:2:2:4:4,4:4:2:4:4:1:1:4:4,MUTATE
2:2:4:3:1:4:4:4:2:,recombination,4673.311958561569,2:1:4:2:0:4:4:4:1,3:2:4:4:2:4:4:4:3
4:2:4:4:2:4:4:4:3:,clone,3418.967621822905,4:2:4:4:2:4:4:4:3
2:1:4:3:1:4:4:4:1:,recombination,3334.8561563782523,4:2:4:4:3:4:4:4:3,3:1:4:3:1:4:4:4:1,MUTATE
3:2:4:4:3:4:4:4:3:,recombination,4243.615234934012,3:2:4:4:3:3:4:4:3,3:2:4:4:3:3:4:4:2
2:1:4:4:2:4:4:4:1:,clone,3355.333594682921,2:1:4:3:1:4:4:4:1
1:1:4:4:1:4:4:4:0:,clone,4444.057436440684,1:1:4:4:1:4:4:4:0
3:2:4:4:1:4:4:4:2:,recombination,4461.294858923964,4:3:4:4:4:1:1:2:4,3:1:4:3:2:4:4:4:2
3:1:4:2:1:4:4:4:1:,clone,3376.589526339796,3:1:4:2:1:4:4:4:1
2:1:4:3:0:4:4:4:0:,recombination,4124.969146879526,4:2:4:4:4:3:3:4:4,1:1:4:3:0:4:4:4:0,MUTATE
1:1:4:4:1:4:4:4:0:,clone,4401.765111132124,1:1:4:4:1:4:4:4:0
3:1:4:3:1:4:4:4:2:,recombination,3294.5111654201332,3:1:4:2:1:4:4:4:1,4:2:4:4:4:4:4:4:3
3:1:4:3:2:4:4:4:2:,clone,3298.9419746948997,3:1:4:3:2:4:4:4:2
3:2:4:4:2:4:4:4:3:,recombination,4547.094688697883,3:2:4:4:3:3:4:4:3,3:2:4:4:3:4:4:4:2,MUTATE
1:1:4:3:0:4:4:4:0:,clone,4128.450817272791,1:1:4:3:0:4:4:4:0
1:1:4:3:0:4:4:4:0:,clone,4112.626682288727,1:1:4:3:0:4:4:4:0
3:1:4:4:2:3:4:4:2:,clone,3368.353465257217,3:2:4:4:2:3:4:4:2
3:2:4:4:2:3:4:4:2:,recombination,3395.6611264429916,3:1:4:4:4:3:4:4:2,3:1:4:4:3:4:4:4:2
1:1:4:3:0:4:4:4:0:,clone,4070.7857731536537,1:1:4:3:0:4:4:4:0
3:1:4:4:2:3:4:4:2:,clone,3327.0701874053116,3:1:4:4:2:3:4:4:2
2:1:4:2:0:4:4:4:1:,recombination,3501.553446910902,2:1:4:4:2:3:4:4:1,3:1:4:4:2:3:4:4:2,MUTATE
2:1:4:2:0:4:4:4:1:,recombination,3492.700534035946,2:1:4:2:0:4:4:4:1,4:2:4:4:3:4:4:4:3,MUTATE
3:2:4:4:2:3:4:4:3:,clone,4419.734440000715,3:2:4:4:2:3:4:4:3
3:2:4:4:2:3:4:4:3:,clone,4365.6462704136675,3:2:4:4:2:3:4:4:3
4:2:4:4:1:4:4:4:3:,recombination,4402.452861581633,3:2:4:4:2:4:4:4:3,4:3:4:4:4:3:3:4:4,MUTATE
3:2:4:4:2:3:4:4:3:,clone,4343.453142477126,3:2:4:4:2:3:4:4:3
2:1:4:2:0:4:4:4:1:,recombination,3343.214946560933,3:2:4:4:2:3:4:4:2,2:1:4:4:2:3:4:4:1
4:2:4:3:1:4:4:4:3:,clone,4225.20558251059,4:2:4:4:1:4:4:4:3
3:2:4:4:2:3:4:4:3:,clone,4166.205863406081,3:2:4:4:2:3:4:4:3
4:2:4:4:2:3:4:4:3:,clone,3617.5688421924274,3:1:4:3:2:4:4:4:2
3:1:4:3:0:4:4:4:2:,recombination,4497.363485581353,4:3:4:4:4:0:1:2:4,4:3:4:4:4:1:3:4:4,MUTATE
1:1:4:2:1:4:4:4:0:,clone,3916.2969126108464,2:1:4:3:1:4:4:4:0
3:1:4:2:1:4:4:4:2:,clone,3283.6969514290154,2:1:4:3:0:4:4:4:1
4:2:4:4:1:4:4:4:3:,clone,4338.567062615839,4:2:4:4:1:4:4:4:3
3:1:4:3:1:4:4:4:1:,clone,3223.8803239351673,3:1:4:3:1:4:4:4:1
3:1:4:3:1:4:4:4:2:,recombination,3145.4487210513817,4:2:4:4:4:3:3:4:3,3:1:4:2:1:4:4:4:2
3:2:4:4:2:4:4:4:3:,clone,4113.480777929311,3:2:4:4:2:4:4:4:2
4:2:4:3:1:4:4:4:3:,clone,4197.353507748325,4:2:4:4:2:4:4:4:3
3:2:4:4:1:4:4:4:2:,recombination,4340.705650086637,4:2:4:4:4:2:3:4:3,4:2:4:4:1:4:4:4:3
2:1:4:3:0:4:4:4:0:,clone,4063.8749287891324,2:1:4:3:0:4:4:4:0
2:1:4:4:1:4:4:4:0:,recombination,4408.911398663516,2:1:4:4:2:4:4:4:1,1:1:4:4:1:4:4:4:0,MUTATE
2:1:4:4:1:4:4:4:1:,clone,4333.865615052145,2:1:4:4:1:4:4:4:1
1:1:4:1:0:4:4:4:0:,clone,3269.50195246389,1:1:4:1:0:4:4:4:0
4:4:4:4:4:0:1:0:4:,clone,3478.4144240388478,4:4:4:4:4:0:0:0:4
2:1:4:4:1:4:4:4:1:,recombination,4324.773957749767,3:1:4:3:1:4:4:4:2,4:2:4:4:4:3:4:4:4,MUTATE
4:4:4:4:4:1:0:2:4:,recombination,3223.8744457188463,3:2:4:4:4:3:4:4:3,4:2:4:4:4:3:4:4:3
4:4:4:4:4:1:0:4:4:,recombination,3282.5281906324867,4:2:4:4:3:4:4:4:3,4:2:4:4:4:2:3:4:4,MUTATE
4:4:4:4:4:1:0:3:4:,clone,3316.1621226472907,4:4:4:4:4:1:0:3:4
3:1:4:4:3:4:4:4:2:,clone,3665.8307364207885,3:1:4:4:3:4:4:4:2
1:1:4:2:1:4:4:4:0:,recombination,3748.073999151093,4:4:3:4:4:2:2:4:4,2:1:4:2:0:4:4:4:0
2:1:4:4:3:4:4:4:1:,clone,3665.8307364207885,2:1:4:4:3:4:4:4:1
3:1:4:4:4:4:3:4:2:,clone,3413.7871374047736,3:1:4:4:3:4:4:4:2
4:2:4:4:2:4:4:4:4:,recombination,3791.070662146301,4:4:4:4:4:2:3:4:4,3:1:4:4:2:3:4:4:2,MUTATE
3:1:4:4:3:4:4:4:2:,recombination,3331.3087614730457,4:2:4:4:3:4:4:4:3,1:1:4:4:3:4:4:4:0,MUTATE
4:1:4:4:3:4:4:4:2:,clone,3229.074668472752,4:1:4:4:3:4:4:4:2
3:1:4:4:4:4:3:4:2:,clone,3293.337282242018,3:1:4:4:4:4:3:4:2
2:2:4:3:0:4:4:4:1:,recombination,5071.474648321327,3:2:4:4:2:4:4:4:3,2:2:4:4:3:4:4:4:1
2:2:4:3:0:4:4:4:1:,clone,5008.099859694556,2:2:4:2:0:4:4:4:1
1:1:4:2:0:4:4:4:0:,clone,3691.15156356317,1:1:4:2:0:4:4:4:0
3:1:4:2:0:4:4:4:2:,recombination,4001.4980508414965,4:4:4:4:4:2:3:4:4,3:1:4:3:1:4:4:4:2,MUTATE
4:2:4:4:2:4:4:4:3:,recombination,3297.4721218645045,2:2:4:4:1:4:4:4:1,4:3:4:4:4:2:3:4:4
3:2:4:3:0:4:4:4:2:,recombination,4278.502706789247,4:4:4:4:4:2:3:4:4,3:1:4:2:1:4:4:4:2,MUTATE
4:1:4:3:1:4:4:4:2:,recombination,3696.240745232777,4:2:4:4:2:4:4:4:3,2:2:4:3:1:4:4:4:1
4:2:4:3:1:4:4:4:2:,recombination,3633.0769922922627,4:2:4:4:2:4:4:4:3,4:2:4:4:2:4:4:4:3,MUTATE
3:1:4:4:1:4:4:4:2:,recombination,4285.458091927406,4:4:3:4:4:2:1:4:4,2:1:4:2:0:4:4:4:1
2:2:4:2:0:4:4:4:1:,clone,4689.198171554484,2:1:4:2:0:4:4:4:1
0:1:4:3:0:4:4:4:0:,clone,6032.375304776114,1:1:4:2:0:4:4:4:0
4:2:4:4:2:4:4:4:2:,recombination,3925.6607048484707,4:3:3:4:4:3:2:4:4,4:2:4:4:2:4:4:4:3
4:2:4:4:3:3:4:4:4:,clone,3283.696951429015,4:2:4:4:4:3:4:4:3
2:1:4:4:2:4:4:4:0:,recombination,3848.3046473089153,4:3:4:4:4:1:2:4:4,4:2:4:4:4:1:2:3:4
0:1:4:3:0:4:4:4:0:,clone,5724.735464976878,0:1:4:3:0:4:4:4:0
4:1:4:4:2:4:4:4:2:,recombination,3748.7402092328093,4:2:4:4:3:3:4:4:4,1:1:4:4:1:4:4:4:0
2:1:4:4:2:4:4:4:0:,clone,3822.6735793834996,2:1:4:4:2:4:4:4:0
4:1:4:4:2:4:4:4:2:,clone,3427.534756022163,4:1:4:4:2:4:4:4:2
2:1:4:3:2:4:4:4:0:,clone,3733.8848299876363,2:1:4:3:2:4:4:4:0
3:1:4:3:0:4:4:4:2:,clone,4125.6462505582185,2:1:4:3:0:4:4:4:1
3:1:4:2:0:4:4:4:2:,clone,3728.1363632188377,3:1:4:2:0:4:4:4:2
2:1:4:1:0:4:4:4:0:,recombination,3247.2565200709405,3:1:4:4:4:3:3:4:2,4:2:4:4:3:4:4:4:4,MUTATE
1:1:4:4:2:4:4:4:0:,clone,3800.4505799814588,1:1:4:4:2:4:4:4:0
3:1:4:4:3:4:4:4:1:,recombination,3792.1007999657504,4:4:4:4:4:2:2:4:4,4:3:3:4:4:3:2:4:4
3:1:4:3:0:4:4:4:2:,clone,4058.1330459250607,3:1:4:3:0:4:4:4:2
2:1:4:3:2:4:4:4:1:,recombination,3325.554209781648,4:2:4:4:4:1:2:4:4,4:4:4:4:4:2:1:4:4
2:1:4:3:2:4:4:4:1:,clone,3230.0575703177437,2:1:4:3:2:4:4:4:1
4:2:4:4:4:4:4:4:4:,recombination,3523.907081672434,4:4:4:4:4:3:2:4:4,3:2:4:4:3:3:4:4:2
4:2:4:4:4:4:4:4:4:,clone,3399.43027643921,4:2:4:4:4:4:4:4:4
2:1:4:4:1:4:4:4:1:,recombination,4320.962309735008,3:2:4:3:2:3:4:4:2,1:1:4:4:3:4:4:4:0,MUTATE
3:1:4:4:1:3:4:4:2:,clone,5086.998482565792,3:1:4:4:2:3:4:4:2
3:2:4:3:2:4:4:4:2:,recombination,3620.6487298719385,4:4:4:4:4:1:2:4:4,2:2:4:4:2:3:4:4:2
3:1:4:4:3:4:4:4:1:,clone,3736.612346467868,2:1:4:4:3:4:4:4:1
2:2:4:3:0:4:4:4:1:,recombination,4571.13869267085,2:2:4:3:2:4:4:4:1,4:2:4:4:4:2:3:4:4
3:1:4:4:2:4:4:4:1:,recombination,3529.073623802524,3:2:4:3:2:3:4:4:2,3:1:4:4:3:4:4:4:1
2:1:4:4:3:4:4:4:1:,clone,3568.1867973805165,2:1:4:4:3:4:4:4:1
4:2:4:4:4:2:4:4:4:,recombination,4680.9356376904425,3:1:4:4:3:4:4:4:2,4:2:4:4:4:1:3:3:4,MUTATE
2:1:4:4:3:4:4:4:1:,recombination,3503.500231442228,4:2:4:4:3:4:4:4:3,3:1:4:4:3:4:4:4:1
4:2:4:4:4:2:4:4:4:,clone,4597.092897871644,4:2:4:4:4:2:4:4:4
4:1:4:3:2:4:4:4:2:,recombination,3574.771686170331,4:4:3:4:4:1:2:4:4,1:1:4:3:0:4:4:4:0
1:1:4:3:1:4:4:4:0:,recombination,3776.448664833387,4:2:4:4:4:1:1:2:4,4:2:4:4:4:4:3:4:4,MUTATE
2:1:4:3:1:4:4:4:0:,clone,3452.3050622670717,2:1:4:3:1:4:4:4:0
2:1:4:2:1:4:4:4:0:,clone,3424.295642427833,2:1:4:2:1:4:4:4:0
2:1:4:2:1:4:4:4:0:,clone,3370.388940588758,2:1:4:2:1:4:4:4:0
4:4:4:4:4:1:0:4:4:,recombination,3197.205185871415,4:2:4:4:3:3:4:4:4,4:1:4:4:2:4:4:4:3,MUTATE
2:2:4:4:1:4:4:4:2:,recombination,5184.480867401001,4:2:4:4:4:2:4:4:4,3:2:4:4:2:3:4:4:3,MUTATE
3:1:4:2:0:4:4:4:2:,recombination,3685.3107114739482,2:1:4:3:1:4:4:4:1,1:1:4:4:2:4:4:4:0,MUTATE
3:2:4:4:3:4:4:4:2:,clone,3527.1299540651703,3:2:4:4:3:4:4:4:2
2:1:4:4:1:3:4:4:1:,clone,5306.190659913409,2:2:4:4:2:3:4:4:2
3:1:4:3:2:4:4:4:1:,recombination,3219.822286621693,2:1:4:4:2:3:4:4:1,4:3:4:4:4:0:1:3:4
1:1:4:2:0:4:4:4:0:,clone,3689.869028004714,1:1:4:2:0:4:4:4:0
1:1:4:2:0:4:4:4:0:,clone,3689.8690280047135,1:1:4:2:0:4:4:4:0
3:1:4:3:2:4:4:4:2:,recombination,3291.2116124542436,4:3:4:4:4:1:3:4:4,2:1:4:4:2:4:4:4:0
1:1:4:2:1:4:4:4:0:,recombination,3693.07711137612,4:2:4:4:4:3:3:4:3,3:2:4:4:3:3:4:4:2,MUTATE
3:2:4:4:2:3:4:4:3:,recombination,4083.641071924191,4:4:4:4:4:2:2:4:4,4:2:4:4:4:4:4:4:3
3:2:4:4:2:3:4:4:3:,clone,3901.2215691738265,3:2:4:4:2:3:4:4:3
2:1:4:4:2:4:4:4:2:,recombination,4717.784159961313,4:2:4:4:4:1:3:4:4,4:4:4:4:4:2:3:4:4
4:1:4:3:1:4:4:4:2:,recombination,3283.6969514290154,3:2:4:4:4:3:4:4:2,2:1:4:4:2:3:4:4:1,MUTATE
4:2:4:3:2:4:4:4:3:,clone,3452.3567840968244,4:2:4:4:2:4:4:4:3
4:1:4:3:1:4:4:4:2:,clone,3218.0005531027077,4:1:4:3:1:4:4:4:2
4:2:4:4:2:3:4:4:3:,recombination,3554.751824745568,4:3:4:4:4:2:2:4:4,4:1:4:3:1:4:4:4:2
4:2:4:3:1:4:4:4:3:,recombination,4131.931961193518,4:2:4:4:4:3:3:4:4,2:1:4:4:4:3:4:4:1
3:2:4:4:3:4:4:4:2:,clone,3525.8869483540607,3:2:4:4:3:4:4:4:2
3:2:4:4:4:3:4:4:2:,recombination,3411.4408737824224,4:2:4:4:4:3:4:4:3,2:1:4:4:2:4:4:4:0,MUTATE
4:1:4:3:1:4:4:4:3:,recombination,4256.402373751849,4:2:4:4:4:3:3:4:4,2:2:4:4:4:3:4:4:2
2:1:4:4:2:4:4:4:1:,recombination,3205.4957915193977,3:1:4:3:1:4:4:4:2,3:2:4:4:4:3:4:4:2,MUTATE
2:1:4:2:0:4:4:4:1:,recombination,3340.6604683826936,1:1:4:2:0:4:4:4:0,2:1:4:4:2:4:4:4:1
2:1:4:3:1:4:4:4:1:,clone,3249.9657758214,2:1:4:2:0:4:4:4:1
1:1:4:3:1:4:4:4:0:,clone,3680.1614913530884,1:1:4:3:1:4:4:4:0
1:1:4:3:1:4:4:4:0:,clone,3640.5053854940525,1:1:4:3:1:4:4:4:0
3:2:4:4:4:3:3:4:2:,recombination,3488.12010816937,2:1:4:4:2:3:4:4:1,2:1:4:2:0:4:4:4:1,MUTATE
3:1:4:4:4:3:4:4:2:,recombination,3556.069943192778,1:1:4:2:1:4:4:4:0,3:2:4:4:3:3:4:4:2,MUTATE
3:2:4:4:4:4:4:4:2:,clone,3659.0382843872276,3:2:4:4:4:4:4:4:2
2:1:4:4:2:4:4:4:2:,recombination,4592.031272119225,3:2:4:3:1:4:4:4:2,3:2:4:4:4:3:4:4:3
2:1:4:4:1:4:4:4:1:,clone,4318.938969015477,2:1:4:3:1:4:4:4:1
2:1:4:4:2:4:4:4:2:,clone,4588.522528990056,2:1:4:4:2:4:4:4:2
2:2:4:4:2:3:4:4:2:,recombination,4528.671492422041,2:1:4:3:2:4:4:4:1,4:1:4:3:1:4:4:4:2
2:1:4:4:2:3:4:4:2:,clone,4550.616972101649,2:1:4:4:2:3:4:4:2
2:2:4:4:3:3:4:4:1:,clone,3825.679176589808,2:2:4:4:3:3:4:4:1
1:1:4:4:4:4:4:4:0:,recombination,4092.5478866563008,4:3:3:4:4:2:2:4:4,3:2:4:4:3:3:4:4:2
2:2:4:4:2:3:4:4:1:,recombination,4071.2335629247355,4:2:4:4:3:3:4:4:4,3:1:4:3:1:4:4:4:1
2:2:4:4:3:3:4:4:1:,clone,3641.41057976669,2:2:4:4:3:3:4:4:1
2:1:4:4:4:4:4:4:1:,recombination,3976.6725302786467,2:1:4:4:3:4:4:4:1,3:1:4:3:1:4:4:4:2
2:2:4:4:4:3:4:4:2:,recombination,4050.5683973575806,1:1:4:3:1:4:4:4:0,4:2:4:4:4:3:3:4:4,MUTATE
2:2:4:4:4:3:3:4:2:,recombination,4318.447564273724,2:1:4:4:3:4:4:4:1,2:2:4:4:4:3:4:4:2
3:2:4:4:1:4:4:4:2:,clone,4282.604829652507,3:2:4:4:1:4:4:4:2
3:2:4:4:4:3:4:4:3:,clone,3668.2087251692537,3:2:4:4:4:3:4:4:3
2:2:4:4:2:4:4:4:1:,clone,3794.9794194828746,2:2:4:4:2:3:4:4:1
2:2:4:4:2:3:4:4:1:,clone,4040.0403830816776,2:2:4:4:2:3:4:4:1
2:1:4:4:1:4:4:4:1:,recombination,4302.846615756131,3:2:4:4:2:3:4:4:3,2:2:4:4:3:3:4:4:1
3:2:4:4:3:3:4:4:3:,clone,4084.3678756111085,3:2:4:4:3:3:4:4:3
3:1:4:4:3:3:4:4:2:,recombination,3298.865137033692,4:4:4:4:4:1:2:3:4,2:1:4:3:2:4:4:4:1
3:2:4:4:4:2:3:4:3:,recombination,3514.97287928656,4:1:4:3:1:4:4:4:2,4:2:4:4:3:4:4:4:3,MUTATE
3:2:4:4:4:2:4:4:3:,recombination,3872.2419125426095,4:4:4:4:4:1:2:3:4,2:1:4:2:0:4:4:4:0,MUTATE
2:2:4:3:1:4:4:4:1:,recombination,3977.205218876241,2:1:4:2:0:4:4:4:1,4:2:4:4:4:1:3:4:4,MUTATE
4:4:4:4:4:1:2:2:4:,clone,3815.6528430429116,4:4:4:4:4:1:2:2:4
4:2:4:4:4:2:3:4:3:,clone,3514.97287928656,4:2:4:4:4:2:3:4:3
2:2:4:4:2:3:4:4:1:,clone,3993.0088103165613,2:2:4:4:2:3:4:4:1
2:1:4:3:2:3:4:4:1:,clone,3717.763407296634,2:1:4:3:2:3:4:4:1
4:1:4:4:3:3:4:4:3:,recombination,3831.7115802687945,3:2:4:4:3:3:4:4:2,4:2:4:4:2:4:4:4:3
4:2:4:4:4:3:3:4:4:,clone,3143.066325677658,4:2:4:4:4:3:3:4:4
4:2:4:4:3:3:4:4:3:,clone,3235.38882767278,4:2:4:4:3:3:4:4:3
4:2:4:3:1:4:4:4:3:,recombination,3930.3308850523067,3:2:4:4:3:3:4:4:2,3:2:4:4:3:4:4:4:2
2:1:4:4:2:4:4:4:2:,recombination,4414.849308363888,2:1:4:4:2:4:4:4:2,2:1:4:4:1:4:4:4:0
2:1:4:4:1:4:4:4:2:,recombination,4698.949634250617,4:2:4:4:4:2:2:4:4,4:2:4:4:4:4:3:4:4
3:1:4:3:2:4:4:4:2:,clone,3273.986606880782,3:1:4:3:2:4:4:4:2
4:2:4:4:2:3:4:4:4:,clone,3926.7366282367198,4:2:4:4:2:3:4:4:4
3:1:4:4:1:3:4:4:2:,recombination,4729.454172534169,3:1:4:3:1:3:4:4:2,4:3:4:4:4:2:2:4:4,MUTATE
2:1:4:2:1:4:4:4:1:,clone,3283.6969514290145,2:1:4:2:0:4:4:4:0
3:1:4:4:1:3:4:4:2:,recombination,4397.40172581664,2:2:4:4:2:4:4:4:1,4:4:4:4:4:0:1:3:4
3:2:4:4:1:3:4:4:2:,clone,4337.153191138705,3:1:4:3:1:3:4:4:2
2:1:4:2:1:4:4:4:0:,recombination,3311.605626656616,4:4:4:4:4:2:1:4:4,3:1:4:3:1:4:4:4:1
2:2:4:4:2:3:4:4:2:,clone,4457.131196524439,2:2:4:4:2:3:4:4:2
3:1:4:2:1:4:4:4:1:,recombination,3237.6494707556762,1:1:4:2:0:4:4:4:0,4:3:4:4:4:0:2:1:4,MUTATE
2:1:4:3:0:4:4:4:1:,clone,4054.671855163538,2:1:4:3:0:4:4:4:1
1:1:4:4:2:4:4:4:1:,recombination,4824.343187956286,4:3:4:4:4:1:2:2:4,2:2:4:4:2:4:4:4:1
1:1:4:4:2:4:4:4:1:,recombination,4776.229388169658,4:3:4:4:4:1:2:2:4,4:2:4:4:3:4:4:4:3,MUTATE
4:4:4:4:4:0:1:1:4:,clone,3445.876186004813,4:4:4:4:4:0:1:1:4
4:1:4:3:2:4:4:4:2:,clone,3452.918824142006,4:1:4:4:2:4:4:4:3
3:1:4:4:1:4:4:4:1:,recombination,4265.865621418927,4:2:4:4:4:3:4:4:3,2:1:4:2:0:4:4:4:0
2:1:4:3:2:4:4:4:0:,recombination,3643.379111341596,3:2:4:4:4:3:3:4:2,4:2:4:3:2:4:4:4:3
1:1:4:2:0:4:4:4:0:,recombination,3681.8744776539847,4:2:4:4:3:4:4:4:3,3:2:4:4:2:4:4:4:3,MUTATE
4:4:4:4:4:0:0:0:4:,clone,2929.80095929837,4:4:4:4:4:0:0:0:4
2:1:4:1:0:4:4:4:1:,recombination,3283.696951429016,4:3:4:4:4:1:3:3:4,2:2:4:3:1:4:4:4:1,MUTATE
3:1:4:3:0:4:4:4:1:,recombination,4145.701072267551,4:2:4:4:4:2:3:4:3,2:2:4:3:1:4:4:4:1,MUTATE
2:1:4:4:4:3:4:4:1:,clone,4154.014713462056,2:1:4:4:4:3:4:4:1
4:4:4:4:4:1:2:3:4:,clone,3626.3336289485424,4:4:4:4:4:1:2:3:4
3:2:4:4:2:4:4:4:2:,recombination,3377.5639806089016,4:3:4:4:4:2:3:3:4,2:1:4:3:1:4:4:4:1,MUTATE
4:4:4:4:4:1:2:3:4:,recombination,3371.3227489397486,4:3:4:4:4:2:3:3:4,4:3:4:4:4:2:3:4:4,MUTATE
2:1:4:3:1:4:4:4:1:,clone,3238.401463674937,2:1:4:3:1:4:4:4:1
2:1:4:2:1:4:4:4:1:,recombination,3214.0294295345,3:2:4:4:4:3:3:4:2,3:1:4:3:2:4:4:4:2
3:2:4:4:2:4:4:4:2:,recombination,3274.053060415713,3:2:4:4:2:4:4:4:2,4:2:4:4:4:3:3:4:4,MUTATE
2:1:4:3:1:4:4:4:0:,recombination,3315.181917882853,4:2:4:4:4:4:4:4:4,2:2:4:4:2:4:4:4:1
2:1:4:2:0:4:4:4:0:,recombination,3159.5954124740365,2:1:4:1:0:4:4:4:1,2:1:4:3:1:4:4:4:1
2:1:4:2:0:4:4:4:0:,recombination,3147.259821428612,2:1:4:3:1:4:4:4:1,2:2:4:4:3:3:4:4:2,MUTATE
2:2:4:4:1:4:4:4:2:,clone,5151.054772137014,2:2:4:4:2:4:4:4:2
3:1:4:4:3:4:4:4:1:,recombination,3548.1125642773877,4:4:2:4:4:2:1:4:4,4:2:4:4:3:4:4:4:4,MUTATE
2:2:4:4:1:4:4:4:2:,clone,5030.790823224296,2:2:4:4:1:4:4:4:2
3:1:4:4:3:4:4:4:1:,clone,3498.072032757286,3:1:4:4:3:4:4:4:1
2:1:4:4:1:4:4:4:1:,recombination,4292.053045976803,3:2:4:4:2:3:4:4:2,4:2:4:4:3:4:4:4:3,MUTATE
1:1:4:2:0:4:4:4:0:,recombination,3465.6322916825025,1:1:4:2:0:4:4:4:0,3:1:4:3:1:4:4:4:2,MUTATE
3:2:4:4:1:4:4:4:2:,recombination,4281.526935307496,4:2:4:4:4:4:4:4:4,4:2:4:4:4:4:3:4:3,MUTATE
2:1:4:3:2:4:4:4:0:,recombination,3454.075597519152,4:2:4:4:2:4:4:4:4,3:1:4:4:3:4:4:4:1,MUTATE
2:1:4:3:2:4:4:4:0:,clone,3412.787438609969,2:1:4:3:2:4:4:4:0
4:1:4:3:2:4:4:4:2:,recombination,3304.3835536635042,3:1:4:4:4:4:4:4:2,4:3:4:4:4:2:2:3:4
4:2:4:4:3:4:4:4:4:,recombination,3619.283233839474,4:2:4:4:4:4:4:4:3,4:3:4:4:4:2:2:3:4
4:2:4:4:3:4:4:4:4:,recombination,3458.2768793340606,3:1:4:3:1:4:4:4:2,4:3:4:4:4:2:2:3:4
2:2:4:4:3:4:4:4:1:,recombination,4055.0792034081096,4:4:4:4:4:1:3:4:4,3:1:4:2:1:4:4:4:1
4:2:4:4:3:4:4:4:4:,recombination,3253.779288104507,4:2:4:4:3:4:4:4:4,2:1:4:4:2:3:4:4:1,MUTATE
4:1:4:3:2:4:4:4:3:,clone,3236.6399283494557,4:2:4:4:3:4:4:4:3
3:1:4:3:2:4:4:4:2:,recombination,3167.7872810081976,2:1:4:4:1:4:4:4:1,3:2:4:4:3:4:4:4:3
4:1:4:3:2:4:4:4:2:,recombination,3282.6593152500573,3:1:4:3:2:4:4:4:2,4:2:4:4:2:4:4:4:3
4:4:3:4:4:1:2:4:4:,clone,3262.5255538115352,4:4:3:4:4:1:2:4:4
4:4:4:4:4:2:3:4:4:,recombination,3588.3732508568414,4:4:3:4:4:1:1:4:4,1:1:4:2:0:4:4:4:0
4:2:4:4:2:4:4:4:4:,recombination,3609.80463951677,2:1:4:2:1:4:4:4:1,3:1:4:2:1:4:4:4:2
3:2:4:3:2:4:4:4:2:,recombination,3609.8046395167703,4:2:4:4:2:3:4:4:4,4:2:4:4:2:4:4:4:4
4:1:4:3:1:4:4:4:2:,recombination,3212.891940076942,3:2:4:4:2:4:4:4:2,3:1:4:3:2:4:4:4:2,MUTATE
2:1:4:3:1:3:4:4:1:,recombination,4008.3886749430726,3:2:4:4:2:4:4:4:3,3:2:4:4:2:4:4:4:2
2:1:4:4:1:4:4:4:1:,recombination,4268.964251613679,2:2:4:4:2:4:4:4:2,3:1:4:4:4:3:4:4:2
2:1:4:4:4:3:4:4:1:,recombination,4019.78506093014,1:1:4:2:0:4:4:4:0,2:2:4:4:1:4:4:4:1,MUTATE
2:1:4:3:0:4:4:4:0:,recombination,4045.561985949929,4:1:4:3:2:4:4:4:2,3:1:4:3:1:4:4:4:2,MUTATE
2:2:4:4:3:4:4:4:1:,clone,3762.2443782312234,2:1:4:4:3:4:4:4:1
1:1:4:2:1:4:4:4:0:,recombination,3654.795764926211,4:2:4:4:4:4:4:4:3,2:1:4:2:0:4:4:4:1,MUTATE
2:2:4:4:4:4:4:4:1:,recombination,4451.388747963262,4:2:4:4:2:4:4:4:3,1:2:4:4:1:4:4:4:1,MUTATE
2:1:4:3:0:4:4:4:1:,recombination,4047.6415275044715,1:1:4:2:0:4:4:4:0,1:1:4:2:0:4:4:4:0,MUTATE
2:2:4:3:2:4:4:4:1:,recombination,3981.4980101853566,4:3:4:4:4:1:2:3:4,2:1:4:4:2:4:4:4:1,MUTATE
3:1:4:2:0:4:4:4:1:,recombination,3507.6303910394518,3:2:4:4:3:4:4:4:3,2:1:4:2:1:4:4:4:1
2:2:4:2:0:4:4:4:1:,recombination,4125.855991851971,1:1:4:4:2:4:4:4:1,1:1:4:3:0:4:4:4:0,MUTATE
2:1:4:3:0:4:4:4:1:,recombination,4037.854250607904,4:1:4:3:2:4:4:4:2,3:1:4:4:2:4:4:4:2
2:2:4:3:1:4:4:4:1:,clone,3977.1370142133774,2:2:4:3:1:4:4:4:1
4:2:4:3:1:4:4:4:3:,clone,3821.2938199613523,4:2:4:3:1:4:4:4:3
2:1:4:3:0:4:4:4:0:,recombination,4044.1671554827626,3:1:4:3:1:4:4:4:1,2:1:4:3:0:4:4:4:0
4:2:4:3:1:4:4:4:3:,recombination,3781.116258183123,4:4:4:4:4:2:3:4:4,2:1:4:4:2:3:4:4:1
1:1:4:3:0:4:4:4:1:,recombination,5987.800934261481,2:2:4:2:0:4:4:4:1,4:2:4:4:4:3:4:4:3
2:1:4:2:0:4:4:4:1:,clone,3283.6969514290154,2:1:4:2:0:4:4:4:1
2:1:4:2:0:4:4:4:1:,recombination,3163.764952942656,2:1:4:2:0:4:4:4:0,2:1:4:2:0:4:4:4:1
2:2:4:3:0:4:4:4:1:,clone,4566.3644583316345,2:2:4:3:0:4:4:4:1
4:4:4:4:4:0:0:3:4:,clone,2996.2014061295827,4:4:4:4:4:0:0:3:4
4:4:4:4:4:0:1:2:4:,clone,3117.329119664603,4:4:4:4:4:0:1:2:4
2:2:4:4:1:4:4:4:1:,clone,4461.70789801173,2:2:4:4:1:4:4:4:1
4:4:4:4:4:2:3:4:4:,clone,3532.2783602243467,4:4:4:4:4:2:3:4:4
4:2:4:4:2:4:4:4:3:,recombination,3249.7692035048567,3:2:4:4:4:4:4:4:2,2:1:4:4:1:4:4:4:1
3:2:4:3:1:4:4:4:2:,recombination,3456.0225263273505,4:4:4:4:4:2:3:4:4,2:1:4:4:2:3:4:4:1
1:1:4:1:0:4:4:4:0:,recombination,3259.381471329448,4:2:4:4:4:3:4:4:3,2:1:4:2:0:4:4:4:1,MUTATE
3:2:4:3:2:4:4:4:2:,clone,3401.1511732839176,3:2:4:3:2:4:4:4:2
3:2:4:3:2:4:4:4:2:,recombination,3398.7946695238143,3:2:4:3:2:4:4:4:2,2:1:4:4:1:4:4:4:1
4:2:4:4:2:3:4:4:3:,recombination,3460.5221444121603,4:2:4:4:4:1:1:2:4,4:2:4:3:1:4:4:4:3,MUTATE
2:2:4:4:1:4:4:4:2:,recombination,4731.707583722133,3:1:4:4:1:4:4:4:2,2:2:4:4:2:3:4:4:2,MUTATE
4:4:4:4:4:0:1:1:4:,clone,3378.588119509637,4:4:4:4:4:0:1:1:4
1:1:4:4:4:3:4:4:1:,clone,5057.845558528664,4:2:4:4:3:3:4:4:3
1:1:4:4:4:3:4:4:1:,clone,4952.242459545263,1:1:4:4:4:3:4:4:1
3:1:4:2:1:4:4:4:2:,recombination,3283.696951429015,3:2:4:3:2:4:4:4:2,4:3:4:4:4:3:3:4:4,MUTATE
4:1:4:4:4:4:4:4:3:,recombination,3972.3592703482677,2:1:4:2:0:4:4:4:1,1:1:4:4:3:4:4:4:0,MUTATE
1:1:4:3:0:4:4:4:0:,recombination,4070.1188320024457,3:2:4:4:2:4:4:4:3,3:2:4:4:3:4:4:4:3
1:1:4:1:0:4:4:4:0:,recombination,3238.3676296256176,2:1:4:4:3:4:4:4:1,4:3:3:4:4:2:2:4:4
2:1:4:4:4:3:4:4:1:,recombination,3761.877568675257,3:1:4:3:2:4:4:4:2,2:1:4:4:4:3:4:4:1
2:2:4:2:0:4:4:4:1:,recombination,3880.753837887871,3:2:4:4:4:3:3:4:2,2:1:4:3:0:4:4:4:1
2:2:4:3:1:4:4:4:1:,recombination,3970.6909948634266,2:1:4:3:1:4:4:4:0,2:1:4:4:2:4:4:4:1,MUTATE
3:1:4:4:1:3:4:4:2:,recombination,4284.270151745736,4:3:4:4:4:2:3:3:4,2:1:4:4:3:4:4:4:1,MUTATE
2:2:4:3:1:4:4:4:1:,recombination,3859.728943235542,3:2:4:3:1:4:4:4:2,2:1:4:4:2:4:4:4:1
2:1:4:3:1:4:4:4:0:,clone,3251.438838556279,2:1:4:3:1:4:4:4:0
4:4:4:4:4:0:1:2:4:,clone,3026.118612863897,4:4:4:4:4:0:1:2:4
4:4:4:4:4:1:0:3:4:,clone,2917.0853643322357,4:4:4:4:4:1:0:3:4
4:4:4:4:4:1:1:4:4:,recombination,2956.522441875205,4:4:4:4:4:2:2:4:4,2:1:4:4:2:4:4:4:1
3:1:4:4:2:4:4:4:1:,recombination,3503.79684016945,4:2:4:4:3:3:4:4:3,2:1:4:1:0:4:4:4:0
4:1:4:4:2:4:4:4:2:,recombination,3402.9187247472723,3:1:4:2:0:4:4:4:2,4:2:4:4:4:3:3:4:4,MUTATE
4:4:4:4:4:1:1:4:4:,recombination,2956.5224418752045,3:1:4:4:2:4:4:4:2,2:1:4:2:0:4:4:4:0
4:2:4:4:4:3:4:4:4:,recombination,3287.8000588172613,3:1:4:4:1:4:4:4:1,1:1:4:2:1:4:4:4:0
3:2:4:4:3:4:4:4:2:,clone,3348.439500901891,4:2:4:4:2:4:4:4:3
3:2:4:4:3:4:4:4:2:,clone,3204.5780009033783,3:2:4:4:3:4:4:4:2
3:2:4:4:3:4:4:4:2:,clone,3182.632521223772,3:2:4:4:3:4:4:4:2
3:2:4:4:3:4:4:4:2:,clone,3146.6966870644846,3:2:4:4:3:4:4:4:2
4:2:4:4:3:3:4:4:3:,recombination,3146.6966870644846,3:2:4:4:3:4:4:4:2,4:2:4:4:3:3:4:4:4,MUTATE
3:2:4:4:3:4:4:4:2:,recombination,3134.403136140929,3:2:4:4:3:4:4:4:2,2:1:4:4:2:3:4:4:1,MUTATE
4:2:4:4:3:4:4:4:3:,recombination,3171.8083041868053,4:2:4:4:2:3:4:4:4,4:2:4:4:4:3:4:4:4
3:2:4:4:2:4:4:4:2:,clone,3223.924571971685,3:2:4:4:2:4:4:4:2
4:2:4:4:4:4:3:4:3:,recombination,3386.1250516998625,2:1:4:4:2:4:4:4:0,2:1:4:3:0:4:4:4:1,MUTATE
3:2:4:4:3:4:4:4:3:,clone,4052.7600980773186,3:2:4:4:3:4:4:4:3
3:2:4:4:3:4:4:4:3:,clone,4040.8352476071227,3:2:4:4:3:4:4:4:3
3:2:4:4:4:4:3:4:2:,recombination,4335.891002230978,4:4:4:4:4:1:1:3:4,4:3:3:4:4:2:2:4:4
4:2:4:4:4:4:4:4:4:,clone,3336.7825868614655,4:2:4:4:3:4:4:4:4
3:2:4:4:3:3:4:4:3:,recombination,3959.5285747219823,3:2:4:3:1:4:4:4:2,4:3:4:4:4:3:3:4:4,MUTATE
1:1:4:4:0:4:4:4:1:,recombination,6032.375304776114,4:2:4:4:4:1:1:3:4,0:1:4:3:0:4:4:4:0,MUTATE
1:1:4:3:0:4:4:4:1:,recombination,5891.385639414049,2:1:4:3:0:4:4:4:0,3:1:4:4:4:3:3:4:2,MUTATE
1:1:4:3:0:4:4:4:1:,clone,5822.150412632205,1:1:4:3:0:4:4:4:1
3:1:4:4:3:3:4:4:2:,clone,3294.8998601737,3:1:4:4:3:3:4:4:2
2:1:4:4:3:3:4:4:1:,clone,3520.569476978747,2:1:4:4:3:3:4:4:1
3:2:4:4:4:3:3:4:3:,recombination,3528.548956591148,1:1:4:2:0:4:4:4:0,2:1:4:4:2:4:4:4:1
2:1:4:4:3:3:4:4:1:,recombination,3193.241721760367,3:2:4:4:4:3:3:4:2,3:2:4:4:2:4:4:4:3
2:1:4:4:3:3:4:4:1:,clone,3192.7190783316287,2:1:4:4:3:3:4:4:1
3:1:4:4:4:3:3:4:3:,recombination,3322.7952623009874,4:4:4:4:4:0:0:3:4,2:1:4:4:1:4:4:4:1
3:2:4:4:4:3:3:4:2:,clone,3416.573214070517,3:2:4:4:3:4:4:4:2
2:2:4:3:0:4:4:4:1:,clone,4426.024580882417,2:2:4:3:0:4:4:4:1
3:2:4:4:3:4:4:4:3:,recombination,4013.7562008216487,1:1:4:4:4:4:4:4:0,4:1:4:4:3:4:4:4:3
1:1:4:4:3:4:4:4:0:,recombination,3876.6510441560554,1:1:4:1:0:4:4:4:0,1:1:4:4:4:4:4:4:0,MUTATE
1:1:4:4:3:4:4:4:0:,clone,3844.4342511570935,1:1:4:4:3:4:4:4:0
2:2:4:4:1:4:4:4:1:,recombination,4421.87928019523,4:2:4:4:4:3:4:4:4,3:1:4:4:3:4:4:4:2
3:1:4:4:4:3:4:4:2:,recombination,3491.4730222808885,1:1:4:4:3:4:4:4:0,3:1:4:4:3:4:4:4:2,MUTATE
4:2:4:4:4:3:4:4:4:,clone,3252.775183234197,4:2:4:4:4:3:3:4:4
4:2:4:4:2:3:4:4:3:,recombination,3230.8297035545907,2:2:4:4:3:4:4:4:1,2:2:4:4:2:3:4:4:2,MUTATE
3:2:4:3:1:3:4:4:2:,recombination,3460.1978543467726,3:1:4:4:2:3:4:4:2,3:2:4:4:2:4:4:4:2
4:2:4:4:4:2:3:4:4:,clone,3162.6412729141825,4:2:4:4:4:2:3:4:4
3:1:4:2:0:4:4:4:1:,recombination,3372.4390830838242,3:2:4:4:2:4:4:4:3,4:2:4:4:4:3:4:4:4,MUTATE
4:2:4:4:4:3:4:4:4:,recombination,3218.9447711765374,2:1:4:3:1:4:4:4:1,2:2:4:4:3:4:4:4:1
3:1:4:2:1:4:4:4:1:,clone,3225.4942805898118,3:1:4:2:1:4:4:4:1
4:2:4:3:2:4:4:4:3:,recombination,3345.4825151783525,4:4:4:4:4:0:0:3:4,4:2:4:4:4:3:4:4:4
2:2:4:4:2:4:4:4:2:,recombination,4366.513843058094,4:2:4:4:4:4:4:4:3,4:2:4:4:3:4:4:4:3,MUTATE
2:2:4:3:0:4:4:4:1:,recombination,4292.674812074145,3:2:4:4:4:3:3:4:2,4:3:4:4:4:2:3:4:4
2:2:4:3:2:4:4:4:1:,recombination,3947.65602413703,2:2:4:3:2:4:4:4:1,4:2:4:4:2:3:4:4:3,MUTATE
4:2:4:4:2:4:4:4:2:,recombination,3690.611037963156,3:2:4:4:4:3:3:4:3,4:2:4:4:4:2:3:4:4,MUTATE
3:2:4:4:2:4:4:4:1:,recombination,3886.9795112806974,3:2:4:4:4:4:4:4:2,2:2:4:4:2:3:4:4:1
1:1:4:4:1:4:4:4:0:,recombination,4379.888244628498,3:2:4:4:4:4:3:4:2,4:3:4:4:4:1:2:4:4
4:1:4:4:2:4:4:4:2:,recombination,3392.997208994644,3:2:4:4:3:4:4:4:2,4:4:3:4:4:2:1:4:4
1:1:4:1:0:4:4:4:0:,clone,3220.987822008753,1:1:4:1:0:4:4:4:0
1:1:4:1:0:4:4:4:0:,recombination,3184.2114231115884,2:2:4:4:1:4:4:4:1,2:1:4:4:3:4:4:4:1,MUTATE
4:4:4:4:4:1:1:1:4:,recombination,3629.8660224352834,1:1:4:3:0:4:4:4:0,4:2:4:4:4:2:4:4:4
4:3:4:4:4:4:3:4:4:,clone,4435.12266287883,4:3:4:4:4:4:3:4:4
4:3:4:4:4:4:3:4:4:,clone,4167.358001163241,4:3:4:4:4:3:3:4:4
1:1:4:3:1:4:4:4:0:,recombination,3620.3050232285564,2:2:4:4:1:4:4:4:1,2:1:4:4:1:4:4:4:1
4:2:4:4:4:3:3:4:4:,recombination,3051.9991160429995,4:2:4:4:4:4:4:4:3,4:4:4:4:4:1:1:1:4
4:4:4:4:4:0:1:3:4:,clone,3005.2807623172107,4:4:4:4:4:0:1:3:4
1:1:4:3:1:4:4:4:0:,clone,3620.2755971704664,1:1:4:3:1:4:4:4:0
1:1:4:3:1:4:4:4:0:,recombination,3613.2473390204905,4:2:4:4:3:3:4:4:3,2:1:4:4:1:4:4:4:1,MUTATE
1:1:4:3:1:4:4:4:0:,clone,3425.0321747000357,2:1:4:3:1:4:4:4:0
4:1:4:4:4:3:4:4:3:,recombination,3991.512476663112,4:3:4:4:4:1:1:4:4,3:1:4:3:1:4:4:4:1,MUTATE
3:2:4:3:2:3:4:4:2:,recombination,3550.9226842174835,3:1:4:3:1:4:4:4:1,4:2:4:4:4:2:3:4:4
4:4:4:4:4:0:0:1:4:,clone,2872.177310885415,4:4:4:4:4:0:0:1:4
2:2:4:4:4:4:4:4:1:,recombination,4349.578974794683,4:2:4:4:4:4:4:4:3,2:1:4:4:1:4:4:4:1,MUTATE
3:2:4:4:4:4:3:4:2:,clone,3749.0881804303554,3:1:4:4:4:4:4:4:2
3:2:4:4:1:4:4:4:2:,recombination,4260.693683166771,4:2:4:4:4:4:3:4:3,4:2:4:4:4:2:3:4:4,MUTATE
1:1:4:1:0:4:4:4:0:,recombination,3163.2021186093466,4:3:4:4:4:0:1:2:4,2:1:4:4:4:3:4:4:1
2:2:4:4:1:4:4:4:1:,recombination,4377.727186530352,2:2:4:4:2:3:4:4:1,4:4:4:4:4:2:3:4:4,MUTATE
4:4:4:4:4:0:0:0:4:,recombination,2891.776811036454,4:3:4:4:4:1:2:3:4,4:2:4:4:2:3:4:4:3,MUTATE
3:1:4:4:4:4:4:4:2:,clone,3580.815445108049,4:1:4:4:4:4:3:4:2
3:2:4:4:4:4:3:4:2:,clone,3634.2555723012983,3:2:4:4:4:4:4:4:2
2:2:4:3:2:4:4:4:1:,clone,3885.882955820387,2:2:4:3:2:4:4:4:1
1:1:4:4:0:4:4:4:0:,clone,6389.964630772552,1:1:4:4:0:4:4:4:0
4:4:4:4:4:0:1:1:4:,clone,3360.15266001385,4:4:4:4:4:0:0:1:4
3:2:4:4:4:4:4:4:2:,clone,3630.1015067693083,3:1:4:4:3:4:4:4:2
4:2:4:4:4:3:3:4:3:,recombination,3150.830530028684,4:1:4:3:2:4:4:4:3,1:1:4:1:0:4:4:4:0,MUTATE
3:1:4:4:3:4:4:4:1:,recombination,3461.171151833153,2:1:4:3:0:4:4:4:0,4:2:4:3:1:4:4:4:3,MUTATE
3:2:4:4:1:4:4:4:2:,recombination,4249.934266440291,2:2:4:3:0:4:4:4:1,4:2:4:4:4:4:4:4:4
3:2:4:2:1:4:4:4:2:,clone,3421.4012058025137,3:2:4:2:1:4:4:4:2
2:1:4:4:1:4:4:4:1:,recombination,4260.478043369766,4:2:4:4:3:4:4:4:3,2:2:4:4:1:4:4:4:2
1:1:4:2:0:4:4:4:0:,recombination,3443.9359216153307,3:2:4:4:2:4:4:4:2,4:2:4:4:4:3:3:4:3,MUTATE
4:2:4:4:4:3:3:4:3:,recombination,3120.7368618171754,4:2:4:4:3:4:4:4:4,4:2:4:4:4:1:2:4:4
4:3:4:4:4:2:4:4:4:,recombination,4772.642794660651,4:2:4:4:4:1:3:3:4,3:2:4:3:2:4:4:4:2
4:2:4:4:4:3:3:4:3:,recombination,3113.2428622921007,2:1:4:3:2:4:4:4:1,4:2:4:4:4:4:3:4:3
3:2:4:4:3:3:4:4:3:,recombination,3628.133953314167,4:2:4:4:4:3:3:4:3,2:1:4:3:1:4:4:4:1
1:1:4:4:1:4:4:4:0:,recombination,4286.956984681606,3:2:4:4:1:4:4:4:2,4:4:4:4:4:2:2:4:4
2:1:4:2:1:4:4:4:0:,recombination,3277.494153748968,4:2:4:4:2:3:4:4:4,2:1:4:4:3:3:4:4:1,MUTATE
4:4:3:4:4:0:0:0:4:,clone,3222.0576233710194,1:1:4:2:0:4:4:4:0
2:1:4:3:2:4:4:4:1:,recombination,3208.823457407377,4:2:4:4:3:4:4:4:3,4:1:4:3:1:4:4:4:2,MUTATE
4:1:4:4:4:3:3:4:3:,recombination,3871.6169492170116,4:2:4:4:4:3:3:4:3,2:1:4:4:2:3:4:4:1,MUTATE
2:1:4:3:1:3:4:4:1:,clone,3859.7397807990983,2:1:4:3:1:3:4:4:1
4:2:4:4:4:2:4:4:4:,clone,4522.275031001064,4:2:4:4:4:2:3:4:4
4:2:4:4:4:2:3:4:4:,clone,3152.0322682120536,4:2:4:4:4:2:3:4:4
4:2:4:4:4:2:3:4:4:,clone,3102.019328480146,4:2:4:4:4:2:3:4:4
3:2:4:3:2:3:4:4:2:,recombination,3378.914398941232,4:2:4:4:2:3:4:4:3,3:1:4:4:3:4:4:4:2
2:1:4:3:1:3:4:4:1:,clone,3812.331974088577,2:1:4:3:1:4:4:4:1
2:1:4:3:2:3:4:4:1:,clone,3656.7519344176512,2:1:4:3:2:3:4:4:1
2:1:4:3:2:3:4:4:1:,recombination,3470.5026323386464,4:2:4:4:3:3:4:4:3,3:2:4:3:2:3:4:4:2
4:2:4:4:4:3:3:4:4:,recombination,3047.3305276187625,4:2:4:4:4:3:3:4:3,2:2:4:4:2:4:4:4:1,MUTATE
2:1:4:3:1:3:4:4:1:,clone,3734.2885749337856,2:1:4:3:1:3:4:4:1
3:1:4:3:1:4:4:4:1:,clone,3140.3627516277106,3:1:4:3:1:4:4:4:1
2:1:4:3:0:4:4:4:0:,recombination,4039.0847407620854,3:2:4:3:2:3:4:4:2,2:1:4:2:0:4:4:4:1
1:1:4:3:0:4:4:4:0:,recombination,4053.4450451013577,2:2:4:4:3:4:4:4:1,3:2:4:4:3:4:4:4:3
4:2:4:3:1:4:4:4:3:,recombination,3757.5148034829076,4:3:4:4:4:0:1:2:4,4:2:4:4:4:3:3:4:3,MUTATE
2:1:4:4:2:4:4:4:2:,clone,4390.900398208641,2:1:4:4:2:4:4:4:2
2:1:4:4:2:4:4:4:2:,clone,4297.08883205322,2:1:4:4:2:4:4:4:2
2:1:4:4:3:4:4:4:2:,clone,4163.927023477992,2:1:4:4:3:4:4:4:2
2:1:4:4:3:3:4:4:2:,recombination,4285.8001544276585,3:2:4:4:2:4:4:4:3,4:3:4:4:4:3:3:4:4,MUTATE
2:1:4:4:1:4:4:4:2:,recombination,4438.171424064105,2:1:4:4:2:4:4:4:2,4:2:4:4:2:4:4:4:4
2:1:4:3:0:4:4:4:1:,clone,4036.731044096973,2:1:4:3:0:4:4:4:1
1:1:4:3:0:4:4:4:0:,recombination,4041.736490279099,3:1:4:4:3:4:4:4:2,4:2:4:4:4:2:3:4:4,MUTATE
4:2:4:4:1:4:4:4:3:,recombination,4267.202626889038,4:4:3:4:4:3:2:4:4,4:1:4:3:2:4:4:4:2
3:1:4:3:2:4:4:4:1:,clone,3211.1332287634186,3:1:4:3:2:4:4:4:1
4:1:4:4:3:3:4:4:3:,clone,3489.4877861277932,4:1:4:4:3:3:4:4:3
2:2:4:4:2:3:4:4:1:,recombination,3978.2733865331893,2:1:4:4:3:3:4:4:1,1:1:4:4:1:4:4:4:0,MUTATE
3:2:4:3:0:4:4:4:2:,recombination,4186.691488810521,4:4:3:4:4:1:2:4:4,2:2:4:4:2:3:4:4:1
3:2:4:4:4:4:3:4:3:,recombination,3935.783449351377,4:1:4:4:2:4:4:4:2,2:2:4:4:3:4:4:4:2,MUTATE
3:2:4:2:0:4:4:4:2:,clone,4059.112546631884,3:2:4:3:0:4:4:4:2
3:1:4:2:0:4:4:4:2:,clone,3593.143137897,3:1:4:2:0:4:4:4:2
3:2:4:2:0:4:4:4:2:,recombination,3938.02587912986,3:2:4:3:2:3:4:4:2,1:1:4:4:1:4:4:4:0
3:1:4:2:0:4:4:4:2:,clone,3532.5943057146087,3:1:4:2:0:4:4:4:2
3:1:4:2:0:4:4:4:2:,clone,3492.025424910416,3:1:4:2:0:4:4:4:2
3:2:4:2:0:4:4:4:2:,recombination,3863.6882351831914,4:2:4:4:2:3:4:4:3,1:1:4:3:1:4:4:4:0
3:1:4:2:0:4:4:4:1:,clone,3253.774571888912,3:1:4:2:0:4:4:4:1
2:2:4:4:2:3:4:4:2:,clone,4431.079100057658,2:2:4:4:2:3:4:4:2
2:1:4:3:1:4:4:4:1:,recombination,3210.704009896232,2:1:4:2:1:4:4:4:1,3:2:4:4:4:2:3:4:3,MUTATE
3:1:4:4:2:4:4:4:2:,recombination,3210.704009896232,2:1:4:3:1:4:4:4:1,3:1:4:3:1:4:4:4:1
4:1:4:4:4:4:4:4:3:,recombination,3524.1258226221375,3:2:4:4:4:4:4:4:2,2:1:4:2:1:4:4:4:1,MUTATE
3:1:4:4:4:3:4:4:2:,clone,3454.8377130306485,3:1:4:4:4:3:4:4:2
3:2:4:4:4:4:4:4:2:,clone,3569.010892810556,3:2:4:4:4:4:4:4:2
2:1:4:4:4:4:4:4:1:,clone,3637.8189844743265,2:1:4:4:4:4:4:4:1
4:4:4:4:4:1:0:4:4:,clone,3045.897858597839,4:4:4:4:4:1:0:4:4
4:2:4:4:2:3:4:4:4:,clone,3755.952192601727,4:2:4:4:2:3:4:4:4
4:2:4:4:2:3:4:4:4:,clone,3622.881994112823,4:2:4:4:2:3:4:4:3
4:3:4:4:4:1:2:4:4:,recombination,2948.2737770823005,4:3:4:4:4:1:1:4:4,3:2:4:3:2:3:4:4:2
4:4:4:4:4:0:0:1:4:,clone,2853.993878576807,4:4:4:4:4:0:0:1:4
2:2:4:4:3:4:4:4:2:,clone,4102.135651229941,2:2:4:4:3:4:4:4:2
4:4:4:4:4:0:0:2:4:,clone,2771.048267418333,4:4:4:4:4:0:0:2:4
4:4:4:4:4:0:1:1:4:,clone,3130.971449536838,4:4:4:4:4:0:0:1:4
2:1:4:4:4:4:4:4:2:,clone,4685.2947764237715,3:1:4:4:4:4:4:4:2
3:1:4:4:2:4:4:4:1:,recombination,3459.0206496737874,2:1:4:3:0:4:4:4:1,3:1:4:4:1:3:4:4:2
4:1:4:4:3:3:4:4:3:,clone,3268.1945179926156,4:2:4:4:3:3:4:4:3
4:2:4:4:4:3:4:4:3:,clone,3250.92628438234,4:2:4:4:4:3:4:4:3
4:4:4:4:4:0:0:0:4:,recombination,2880.5677920351686,3:2:4:4:4:3:4:4:3,4:2:4:4:4:2:3:3:4,MUTATE
4:1:4:4:4:4:4:4:3:,recombination,3522.426966310454,3:2:4:4:2:4:4:4:3,2:1:4:4:3:4:4:4:1
4:1:4:4:4:3:3:4:3:,recombination,3605.0896213160536,4:2:4:3:1:4:4:4:3,3:2:4:3:1:3:4:4:2,MUTATE
3:2:4:4:4:3:4:4:3:,recombination,3596.808311260476,2:1:4:3:1:4:4:4:0,2:1:4:3:1:4:4:4:1,MUTATE
2:1:4:3:0:4:4:4:1:,recombination,4028.3099776734657,4:2:4:4:4:3:4:4:4,1:1:4:3:1:4:4:4:0,MUTATE
2:1:4:4:1:4:4:4:1:,clone,4257.546522883399,2:1:4:4:1:4:4:4:1
4:3:4:4:4:1:1:4:4:,clone,2922.62498172256,4:3:4:4:4:1:1:4:4
4:3:4:4:4:1:1:4:4:,clone,2891.765481264342,4:3:4:4:4:1:1:4:4
3:1:4:3:1:4:4:4:1:,clone,3123.4851534914224,3:1:4:2:1:4:4:4:1
3:1:4:3:1:4:4:4:1:,clone,3106.8083151631863,3:1:4:3:1:4:4:4:1
3:2:4:4:4:3:3:4:3:,recombination,3423.709261910698,1:1:4:3:0:4:4:4:1,3:1:4:4:2:4:4:4:2,MUTATE
3:2:4:4:4:3:3:4:3:,clone,3418.3522799118236,3:2:4:4:4:3:3:4:3
3:1:4:4:4:3:3:4:2:,recombination,3338.4817163019156,4:2:4:4:4:2:3:4:3,4:2:4:4:4:3:3:4:3
3:1:4:4:4:4:4:4:2:,recombination,3496.145582264111,3:2:4:4:3:4:4:4:2,4:3:4:4:4:1:2:2:4
4:3:4:4:4:0:1:3:4:,clone,2884.9118531052654,4:3:4:4:4:0:1:3:4
3:1:4:4:4:3:4:4:2:,clone,3420.7686971067083,3:1:4:4:4:3:4:4:2
3:1:4:4:3:3:4:4:2:,recombination,3129.12358736547,3:2:4:4:4:2:3:4:3,4:1:4:4:3:3:4:4:3,MUTATE
2:1:4:4:3:4:4:4:1:,recombination,3463.865649067397,3:2:4:4:3:4:4:4:2,2:1:4:4:3:4:4:4:1,MUTATE
3:1:4:4:3:4:4:4:1:,clone,3460.03194090195,3:1:4:4:3:4:4:4:1
3:2:4:4:4:4:4:4:2:,clone,3522.3276042501766,3:2:4:4:4:4:4:4:2
4:2:4:4:4:4:3:4:3:,recombination,3200.4303474000767,2:1:4:3:1:4:4:4:1,3:1:4:3:2:4:4:4:2
4:1:4:4:4:3:4:4:3:,recombination,3575.9109399188233,3:2:4:4:2:4:4:4:3,3:2:4:4:2:4:4:4:2
4:4:4:4:4:1:1:2:4:,recombination,3244.7798254033087,2:1:4:4:2:4:4:4:2,1:1:4:3:0:4:4:4:0
4:4:4:4:4:1:1:2:4:,clone,3244.331729026068,4:4:4:4:4:1:1:2:4
4:4:4:4:4:1:1:2:4:,clone,3155.589604109918,4:4:4:4:4:1:1:2:4
2:1:4:4:2:4:4:4:0:,recombination,3651.034176846878,4:3:4:4:4:3:3:4:4,1:1:4:3:0:4:4:4:0
4:4:4:4:4:0:0:0:4:,clone,2878.217919640083,1:1:4:2:0:4:4:4:0
3:2:4:4:3:4:4:4:3:,clone,3957.6940164621255,3:2:4:4:3:4:4:4:3
4:2:4:4:4:2:3:4:4:,clone,3049.8975105382124,4:2:4:4:4:2:3:4:4
2:1:4:2:1:4:4:4:0:,recombination,3276.3592436488775,3:2:4:4:3:3:4:4:3,2:2:4:4:1:4:4:4:1
4:2:4:4:4:4:3:4:3:,recombination,3170.6781557768036,2:2:4:4:2:3:4:4:2,2:1:4:2:0:4:4:4:0
4:2:4:4:4:2:3:4:4:,clone,3043.8695750880647,4:2:4:4:4:2:3:4:4
4:3:4:4:4:2:2:4:4:,clone,2965.4588151318667,4:3:4:4:4:2:2:4:4
3:1:4:4:3:4:4:4:2:,clone,3317.596029726007,3:1:4:4:3:4:4:4:2
3:1:4:4:3:4:4:4:2:,clone,3222.318420113764,3:1:4:4:3:4:4:4:2
4:4:4:4:4:1:2:3:4:,recombination,3254.278611869107,3:2:4:4:4:2:3:4:3,1:1:4:2:0:4:4:4:0
4:3:4:4:4:0:1:4:4:,recombination,2777.0268555125335,1:2:4:4:1:4:4:4:1,4:4:4:4:4:0:0:0:4
4:4:4:4:4:0:2:3:4:,clone,3207.237996396684,4:4:4:4:4:1:2:3:4
2:2:4:4:4:3:4:4:2:,clone,3681.951917981268,2:2:4:4:3:3:4:4:1
4:4:4:4:4:1:2:2:4:,clone,3659.0691588191476,4:4:4:4:4:1:2:2:4
3:1:4:4:2:4:4:4:1:,clone,3439.4028258212766,3:1:4:4:2:4:4:4:1
4:2:4:4:4:3:3:4:4:,clone,3006.5369636061164,4:2:4:4:4:3:3:4:4
3:2:4:4:4:3:3:4:3:,recombination,3361.6292340344817,3:2:4:3:2:4:4:4:2,2:1:4:3:1:4:4:4:1
4:2:4:3:2:4:4:4:3:,clone,3330.993670151291,4:2:4:3:2:4:4:4:3
4:2:4:4:4:4:4:4:3:,recombination,3393.907391785435,4:3:4:4:4:2:3:3:4,3:2:4:4:4:3:4:4:3
1:1:4:2:0:4:4:4:0:,recombination,3395.8183183291967,3:1:4:4:2:3:4:4:2,2:1:4:2:1:4:4:4:0,MUTATE
4:3:4:4:4:3:2:4:4:,recombination,3056.983929632866,4:2:4:4:4:3:3:4:4,2:1:4:3:2:4:4:4:1,MUTATE
2:1:4:4:4:3:4:4:1:,clone,3706.4661592952266,2:1:4:4:4:3:4:4:1
2:1:4:4:4:3:3:4:1:,clone,3579.7918179831736,2:1:4:4:4:3:3:4:1
3:2:4:4:3:3:4:4:3:,clone,3561.2899564401023,3:1:4:4:3:3:4:4:2
3:2:4:4:3:4:4:4:3:,recombination,3741.870637646477,2:1:4:4:1:4:4:4:2,4:2:4:4:2:3:4:4:3,MUTATE
2:2:4:3:2:4:4:4:1:,recombination,3751.5922572887735,4:2:4:4:4:3:4:4:4,3:2:4:4:4:2:3:4:3
4:4:4:4:4:0:0:0:4:,clone,2857.151557334206,2:1:4:3:1:4:4:4:1
4:2:4:4:4:4:4:4:4:,clone,3283.696951429015,4:2:4:4:4:4:4:4:4
1:1:4:4:2:4:4:4:0:,recombination,3725.431439718623,1:1:4:4:1:4:4:4:0,4:2:4:4:4:4:3:4:4,MUTATE
2:1:4:4:3:4:4:4:2:,clone,3955.9511075866967,2:1:4:4:3:4:4:4:2
2:1:4:4:2:4:4:4:0:,recombination,3515.7639423242363,2:2:4:4:4:3:4:4:2,2:2:4:4:4:4:4:4:1,MUTATE
3:2:4:4:3:4:4:4:2:,clone,3086.9735941141175,3:2:4:4:3:4:4:4:2
3:2:4:4:4:3:4:4:2:,recombination,3332.9927665706887,3:1:4:4:3:4:4:4:2,3:2:4:4:3:4:4:4:2,MUTATE
4:1:4:4:2:4:4:4:2:,recombination,3264.3598686700675,2:1:4:3:1:4:4:4:0,4:2:4:4:4:4:4:4:4,MUTATE
2:2:4:3:1:3:4:4:1:,recombination,4288.681487687787,2:1:4:2:1:4:4:4:1,3:2:4:3:1:3:4:4:2
2:1:4:3:1:3:4:4:1:,clone,3693.3110694216343,2:1:4:3:1:3:4:4:1
3:1:4:3:1:3:4:4:1:,clone,3664.835059369765,3:1:4:3:1:3:4:4:1
2:2:4:4:2:3:4:4:1:,clone,3910.785011935967,2:2:4:4:2:3:4:4:1
1:2:4:2:0:4:4:4:0:,recombination,4721.7022908050085,3:1:4:2:0:4:4:4:1,3:2:4:4:1:4:4:4:2,MUTATE
2:1:4:3:1:3:4:4:1:,clone,3688.945283159293,2:1:4:3:1:3:4:4:1
2:1:4:3:1:3:4:4:1:,recombination,3680.9944616602343,4:3:4:4:4:2:1:4:4,2:2:4:3:1:3:4:4:1
2:1:4:3:1:3:4:4:1:,recombination,3637.9761094127857,1:1:4:3:0:4:4:4:0,2:2:4:4:2:3:4:4:1,MUTATE
3:1:4:4:2:3:4:4:1:,recombination,3546.498768196079,2:1:4:2:1:4:4:4:1,4:2:4:4:4:2:3:4:4
4:2:4:4:2:4:4:4:2:,recombination,3601.8313974441867,3:2:4:3:2:4:4:4:2,2:2:4:4:4:3:4:4:2,MUTATE
3:1:4:3:1:3:4:4:1:,clone,3565.8527129118634,3:1:4:3:1:3:4:4:1
2:1:4:3:1:3:4:4:1:,clone,3619.6050831476377,3:1:4:3:1:3:4:4:1
2:1:4:3:1:3:4:4:1:,clone,3467.430931788147,2:1:4:3:1:3:4:4:1
3:1:4:3:1:3:4:4:1:,clone,3373.1362470940135,3:1:4:3:1:3:4:4:1
0:1:4:2:0:4:4:4:0:,recombination,5364.6386937795405,4:2:4:4:4:2:2:4:4,1:1:4:4:3:4:4:4:0,MUTATE
4:4:4:4:4:0:1:1:4:,clone,3120.178171315963,4:4:4:4:4:0:1:1:4
4:4:4:4:4:0:1:1:4:,clone,3106.3939581786562,4:4:4:4:4:0:1:1:4
4:4:4:4:4:0:0:3:4:,clone,2894.6288422355597,4:4:4:4:4:0:0:2:4
1:1:4:1:0:4:4:4:0:,recombination,3108.5410600070413,1:1:4:4:1:4:4:4:0,3:1:4:3:2:4:4:4:2
2:1:4:1:0:4:4:4:0:,recombination,3155.079029211441,1:1:4:1:0:4:4:4:0,4:3:4:4:4:2:3:3:4
3:2:4:4:4:4:3:4:3:,recombination,3880.047846878289,3:1:4:4:3:4:4:4:1,2:1:4:3:1:4:4:4:1,MUTATE
3:2:4:4:4:3:3:4:2:,clone,3370.625747944865,3:1:4:4:3:3:4:4:2
2:1:4:3:1:4:4:4:1:,recombination,3156.0867061341824,4:2:4:4:4:4:3:4:4,4:3:4:4:4:3:3:4:4
2:1:4:3:1:4:4:4:1:,clone,3077.118156700278,2:1:4:3:1:4:4:4:1
3:1:4:3:1:4:4:4:1:,clone,3089.8563677532507,2:1:4:3:1:4:4:4:1
4:4:4:4:4:1:1:4:4:,clone,2923.650465693834,4:4:4:4:4:1:1:4:4
4:1:4:3:2:4:4:4:2:,recombination,3235.156117712142,4:3:4:4:4:2:3:4:4,4:2:4:4:4:2:3:4:4
2:1:4:2:1:4:4:4:1:,clone,3204.7284019951107,2:1:4:2:1:4:4:4:1
2:1:4:2:1:4:4:4:1:,clone,3168.287970637036,2:1:4:2:1:4:4:4:1
1:1:4:2:1:4:4:4:0:,recombination,3526.1488842618933,3:2:4:4:3:4:4:4:2,3:1:4:2:0:4:4:4:1
3:2:4:4:2:3:4:4:3:,clone,3849.5466915798047,4:2:4:4:2:3:4:4:3
2:1:4:3:1:4:4:4:2:,recombination,4521.754709819619,4:4:4:4:4:2:2:4:4,4:2:4:4:4:3:3:4:4
3:2:4:4:1:4:4:4:3:,recombination,4858.231435302403,3:2:4:4:2:3:4:4:2,4:3:4:4:4:2:3:4:4
3:2:4:4:2:4:4:4:3:,clone,4060.1959721861103,3:2:4:4:2:4:4:4:3
3:2:4:2:0:4:4:4:2:,recombination,3742.092332505774,3:2:4:4:2:4:4:4:2,2:1:4:3:0:4:4:4:1
4:2:4:4:4:4:3:4:4:,clone,3283.696951429016,4:2:4:4:4:4:4:4:3
4:2:4:3:1:4:4:4:3:,clone,3550.798777683595,4:2:4:3:1:4:4:4:3
4:2:4:4:2:4:4:4:2:,recombination,3570.3561920149505,2:2:4:3:0:4:4:4:1,3:2:4:3:1:4:4:4:2
4:2:4:3:2:4:4:4:2:,recombination,3805.6865482125745,2:1:4:3:1:3:4:4:1,2:1:4:2:1:4:4:4:1
2:1:4:4:4:4:3:4:2:,recombination,4613.631725884437,4:4:4:4:4:0:1:1:4,3:2:4:4:4:4:4:4:3
4:2:4:4:4:4:3:4:4:,clone,3147.4326046480505,4:2:4:4:4:4:3:4:4
4:2:4:4:4:4:3:4:3:,clone,3147.4326046480505,4:2:4:4:4:4:3:4:3
4:2:4:4:4:4:3:4:3:,clone,3064.3729772089005,4:2:4:4:4:4:3:4:3
2:2:4:4:2:4:4:4:1:,recombination,3774.396123193373,2:1:4:2:0:4:4:4:1,4:4:4:4:4:0:0:0:4
3:2:4:4:4:3:4:4:3:,recombination,3550.1483607437585,3:2:4:2:0:4:4:4:2,2:1:4:3:2:4:4:4:1,MUTATE
4:4:3:4:4:1:2:4:4:,clone,3220.262700562654,4:4:3:4:4:1:2:4:4
4:1:4:3:2:4:4:4:2:,clone,3219.406802038479,4:2:4:4:2:4:4:4:3
3:1:4:4:3:3:4:4:3:,recombination,4653.521008601134,1:1:4:3:0:4:4:4:1,3:1:4:3:0:4:4:4:2
4:1:4:4:4:4:3:4:3:,clone,3461.6638550506987,4:2:4:4:4:4:3:4:3
4:1:4:4:4:4:3:4:3:,recombination,3386.926817896341,4:2:4:4:4:3:3:4:3,2:1:4:3:1:4:4:4:0,MUTATE
3:2:4:4:4:4:4:4:2:,recombination,3506.501306037217,2:1:4:4:3:4:4:4:1,2:1:4:3:0:4:4:4:0,MUTATE
3:2:4:4:2:4:4:4:3:,recombination,4020.8650170848023,4:4:4:4:4:1:2:4:4,3:1:4:4:2:4:4:4:2,MUTATE
2:2:4:3:1:4:4:4:1:,recombination,3620.3535982743515,4:2:4:4:4:4:3:4:4,3:1:4:4:2:4:4:4:1
4:3:4:4:4:2:4:4:4:,recombination,4175.246580090019,3:1:4:4:4:4:4:4:2,4:3:4:4:4:4:3:4:4,MUTATE
3:2:4:3:2:4:4:4:2:,recombination,3235.5077637908066,3:2:4:4:2:4:4:4:3,3:2:4:4:4:4:3:4:2,MUTATE
4:2:4:4:4:2:4:4:4:,recombination,3699.7035243282453,1:1:4:4:1:4:4:4:0,4:4:4:4:4:1:2:4:4
3:2:4:3:2:3:4:4:2:,recombination,3378.439233874096,3:2:4:4:4:4:3:4:3,4:2:4:4:4:4:3:4:4,MUTATE
4:2:4:4:3:4:4:4:2:,recombination,3594.976923468306,4:3:4:4:4:2:3:4:4,3:2:4:4:3:4:4:4:2
2:1:4:4:3:4:4:4:1:,recombination,3306.5269207232277,4:2:4:4:4:1:2:3:4,3:1:4:3:1:4:4:4:2
3:1:4:4:3:3:4:4:3:,clone,4540.351891556465,3:1:4:4:3:3:4:4:3
4:4:4:4:4:1:0:1:4:,recombination,3331.2470245245704,2:1:4:4:1:4:4:4:1,4:3:3:4:4:3:2:4:4
2:1:4:4:1:4:4:4:0:,clone,4343.476257495923,2:1:4:3:1:4:4:4:0
4:4:4:4:4:0:0:0:4:,clone,2746.0715054570596,1:1:4:2:0:4:4:4:0
4:4:4:4:4:1:0:4:4:,recombination,2824.10957348166,4:1:4:4:4:4:3:4:3,3:1:4:4:3:3:4:4:2
4:4:4:4:4:0:0:1:4:,recombination,2777.021691493212,4:2:4:4:4:3:3:4:4,2:2:4:4:4:4:4:4:1
1:1:4:4:4:4:4:4:0:,clone,3995.1745849486965,1:1:4:4:4:4:4:4:0
4:3:4:4:4:1:1:4:4:,recombination,2830.6238142104476,3:1:4:4:3:3:4:4:2,2:1:4:2:1:4:4:4:0
4:4:4:4:4:0:0:1:4:,recombination,2758.1033659844043,4:3:4:4:4:4:3:4:4,3:1:4:4:3:3:4:4:2,MUTATE
4:4:4:4:4:0:0:1:4:,clone,2746.0715054570596,4:4:4:4:4:0:0:1:4
4:4:4:4:4:1:1:4:4:,recombination,2822.7903364960575,4:4:4:4:4:0:0:0:4,3:2:4:4:4:3:4:4:3
4:4:4:4:4:0:1:3:4:,recombination,2982.0818254159826,3:1:4:4:3:3:4:4:2,3:1:4:4:4:3:3:4:2,MUTATE
4:4:4:4:4:0:1:3:4:,clone,2913.2612141795194,4:4:4:4:4:0:1:3:4
1:1:4:4:4:4:4:4:0:,clone,3822.710103028027,1:1:4:4:4:4:4:4:0
4:4:2:4:4:1:1:4:4:,clone,3283.6969514290145,4:4:2:4:4:1:1:4:4
4:4:3:4:4:0:0:0:4:,recombination,3213.2103525260145,2:1:4:2:1:4:4:4:1,4:4:3:4:4:2:2:4:4,MUTATE
4:4:3:4:4:0:1:4:4:,recombination,3291.8990771757044,3:1:4:3:1:4:4:4:1,3:2:4:4:3:4:4:4:2
3:1:4:4:3:4:4:4:3:,recombination,4699.592930597256,3:2:4:4:3:3:4:4:2,3:1:4:4:3:3:4:4:2
4:1:4:4:3:3:4:4:3:,clone,3249.517919419937,4:1:4:4:3:3:4:4:3
2:1:4:4:4:3:4:4:1:,clone,3658.568331602886,2:1:4:4:3:3:4:4:1
4:3:4:4:4:3:3:4:4:,clone,3113.8345612365442,4:3:4:4:4:3:2:4:4
2:1:4:4:4:3:4:4:1:,clone,3584.843235523927,2:1:4:4:4:3:4:4:1
4:2:4:4:3:4:4:4:2:,recombination,3221.633344466141,2:1:4:3:2:4:4:4:1,2:2:4:4:1:4:4:4:1,MUTATE
4:3:4:4:4:3:3:4:4:,recombination,3106.8063030865674,1:1:4:3:1:4:4:4:0,4:1:4:3:1:4:4:4:2
4:3:4:4:4:3:3:4:4:,recombination,3077.075499977253,4:2:4:4:2:3:4:4:3,4:3:4:4:4:3:3:4:4
3:1:4:4:4:3:3:4:2:,recombination,3209.7426195247363,4:2:4:4:4:3:4:4:4,1:1:4:4:2:4:4:4:1,MUTATE
4:4:4:4:4:1:3:4:4:,recombination,3541.276160761985,1:1:4:4:1:4:4:4:0,4:1:4:3:1:4:4:4:2,MUTATE
4:4:3:4:4:0:0:2:4:,clone,3259.241308843093,4:4:3:4:4:0:0:2:4
4:4:3:4:4:0:1:3:4:,recombination,3419.8506105476336,3:2:4:4:4:3:3:4:3,4:2:4:4:4:4:3:4:4,MUTATE
2:1:4:4:4:4:3:4:1:,clone,3585.37638414706,2:1:4:4:4:4:3:4:1
2:1:4:4:4:4:3:4:1:,recombination,3364.320810765148,4:1:4:3:2:4:4:4:2,2:1:4:2:0:4:4:4:0,MUTATE
