4:4:2:4:4:1:1:4:4:,initialisation,2792.723661141015,
4:3:4:4:4:2:3:4:4:,initialisation,3585.162204991222,
4:3:4:4:4:2:3:4:4:,initialisation,3325.580058875779,
4:3:4:4:4:1:2:4:4:,initialisation,2649.008009585301,
4:3:4:4:4:2:2:4:4:,initialisation,3343.3601717585107,
4:4:3:4:4:2:2:4:4:,initialisation,2792.7236611410153,
4:4:4:4:4:2:2:4:4:,initialisation,3200.085694090687,
4:2:4:4:4:3:3:4:4:,initialisation,3677.1664761597626,
4:2:4:4:4:2:3:4:4:,initialisation,4479.36325832669,
3:2:4:4:2:4:4:4:3:,initialisation,3975.04747377754,
4:3:4:4:4:1:2:3:4:,initialisation,3320.7699599502057,
2:2:4:4:2:3:4:4:2:,initialisation,5538.460611021283,
4:3:4:4:4:2:2:4:4:,initialisation,3198.9631257299807,
4:3:3:4:4:2:3:4:4:,initialisation,2792.7236611410153,
4:3:4:4:4:3:3:4:4:,initialisation,3361.2990696912557,
4:2:4:4:4:2:3:4:4:,initialisation,3719.337741990511,
4:3:4:4:4:2:2:4:4:,initialisation,3057.8030792391874,
4:4:4:4:4:1:2:4:4:,initialisation,3103.546817524811,
4:3:4:4:4:2:2:4:4:,initialisation,2881.8142197775164,
4:4:4:4:4:1:1:4:4:,initialisation,2748.067670394646,
4:4:4:4:4:1:2:4:4:,initialisation,2995.312776825251,
4:4:4:4:4:2:2:4:4:,initialisation,2955.0284050229625,
4:4:2:4:4:2:2:4:4:,initialisation,2825.5559745016394,
4:3:3:4:4:3:2:4:4:,initialisation,2792.723661141016,
4:3:3:4:4:3:3:4:4:,initialisation,2792.723661141015,
4:3:4:4:4:2:3:4:4:,initialisation,3241.9280080988406,
4:3:4:4:4:3:3:4:4:,initialisation,3043.3280219055173,
4:3:4:4:4:2:3:3:4:,initialisation,4514.998247340474,
4:3:4:4:4:1:3:3:4:,initialisation,4269.525928071596,
4:2:4:4:4:3:3:4:4:,initialisation,2792.7236611410153,
3:2:4:4:4:3:4:4:3:,initialisation,4682.481394658585,
2:2:4:4:2:4:4:4:2:,initialisation,5219.07413929284,
4:4:4:4:4:1:2:4:4:,initialisation,2955.8275707153075,
4:4:2:4:4:2:2:4:4:,initialisation,2792.723661141015,
4:3:4:4:4:2:2:4:4:,initialisation,2809.928017748553,
4:3:3:4:4:2:2:4:4:,initialisation,2792.723661141016,
4:3:3:4:4:2:2:4:4:,initialisation,2792.723661141015,
4:3:4:4:4:3:3:4:4:,initialisation,3000.8803959975603,
4:4:3:4:4:2:2:4:4:,initialisation,2792.723661141015,
4:2:4:4:4:3:4:4:4:,initialisation,4597.5280734539565,
4:3:4:4:4:3:2:4:4:,initialisation,3148.0947867621435,
4:3:4:4:4:2:3:4:4:,initialisation,3146.739097257122,
4:3:4:4:4:1:2:2:4:,initialisation,3570.256933297462,
4:4:4:4:4:2:1:4:4:,initialisation,3126.5038322116848,
3:2:4:4:4:2:3:4:3:,initialisation,4440.096439928955,
4:4:2:4:4:2:1:4:4:,initialisation,2792.7236611410153,
4:3:4:4:4:1:1:4:4:,initialisation,2780.154311114832,
4:3:4:4:4:1:2:3:4:,initialisation,3148.3093825982355,
4:3:4:4:4:2:3:4:4:,initialisation,3135.6318176952627,
4:2:4:4:4:3:4:4:4:,initialisation,3789.719761732927,
4:4:4:4:4:1:1:3:4:,initialisation,3185.890651361035,
4:3:4:4:4:2:2:4:4:,initialisation,2762.379466583692,
3:2:4:4:4:3:4:4:3:,initialisation,4372.977437257469,
4:4:4:4:4:1:1:4:4:,initialisation,2729.351709320578,
4:4:3:4:4:2:2:4:4:,initialisation,2787.1048233432675,
4:4:4:4:4:1:1:4:4:,initialisation,2510.3893929614987,
4:4:4:4:4:2:3:4:4:,initialisation,3815.1568126916695,
4:2:4:4:4:2:2:4:4:,initialisation,3332.1758959057756,
3:2:4:4:4:2:3:4:3:,initialisation,4036.2568320369046,
4:3:4:4:4:2:3:4:4:,initialisation,2835.128881967698,
4:4:4:4:4:0:1:4:4:,initialisation,2708.394748350121,
4:3:4:4:4:3:2:4:4:,initialisation,3104.825244854376,
4:2:4:4:4:2:2:3:4:,initialisation,3977.9413105144154,
4:4:4:4:4:1:2:4:4:,initialisation,2856.552541970595,
4:4:4:4:4:1:2:4:4:,initialisation,2850.242424983123,
4:4:4:4:4:2:2:4:4:,initialisation,2905.3269244949574,
4:4:3:4:4:1:2:4:4:,initialisation,2737.0816788927245,
4:3:4:4:4:2:3:3:4:,initialisation,3715.8972425305756,
4:3:4:4:4:3:4:4:4:,initialisation,4022.842354977258,
4:4:4:4:4:2:3:4:4:,initialisation,3344.8080751296106,
4:3:4:4:4:2:1:4:4:,initialisation,2559.3976654310286,
4:2:4:4:4:3:3:4:3:,initialisation,3539.6233750031506,
4:2:4:4:4:1:2:4:4:,initialisation,3314.7429535490764,
4:3:3:4:4:3:2:4:4:,initialisation,2792.723661141015,
4:4:4:4:4:1:2:3:4:,initialisation,3419.0244737929775,
4:2:4:4:4:2:3:4:4:,initialisation,3607.0586024267327,
4:3:4:4:4:1:3:3:4:,initialisation,3820.7326121353276,
4:4:4:4:4:1:1:3:4:,initialisation,3130.0592254515723,
4:4:4:4:4:1:2:3:4:,initialisation,3183.8343152477646,
4:3:3:4:4:2:3:4:4:,initialisation,2792.723661141015,
4:4:4:4:4:1:1:3:4:,initialisation,2785.493365199097,
4:3:4:4:4:1:3:3:4:,initialisation,3805.666609206011,
3:2:4:4:4:3:4:4:3:,initialisation,4343.382630872478,
4:4:4:4:4:0:0:2:4:,initialisation,2676.785080317151,
3:2:4:4:4:3:4:4:2:,initialisation,4557.509702213281,
4:3:4:4:4:3:2:4:4:,initialisation,2797.710311350078,
4:3:4:4:4:1:1:4:4:,initialisation,2763.2280674876883,
4:3:4:4:4:3:3:4:4:,initialisation,2792.7236611410153,
4:3:4:4:4:1:2:2:4:,initialisation,3492.00282800398,
4:3:4:4:4:2:2:4:4:,initialisation,2726.093260578598,
4:2:4:4:3:4:4:4:3:,initialisation,4304.884938437714,
4:4:2:4:4:1:2:4:4:,initialisation,2792.7236611410153,
4:3:4:4:4:2:2:3:4:,initialisation,3418.485215397867,
4:3:4:4:4:1:1:4:4:,initialisation,2705.818366501169,
4:4:4:4:4:2:1:4:4:,initialisation,2988.161414430889,
3:2:4:4:4:3:3:4:3:,initialisation,4916.936719618049,
4:4:4:4:4:2:2:4:4:,initialisation,2862.0962980999902,
2:2:4:4:4:3:4:4:2:,initialisation,4864.474778559048,
4:3:4:4:4:3:2:4:4:,initialisation,2677.6175346651803,
4:3:4:4:4:1:2:2:4:,initialisation,3149.1972501351465,
4:4:4:4:4:1:3:4:4:,initialisation,3734.7401948103898,
4:3:4:4:4:3:4:4:4:,initialisation,3978.1846554681933,
4:4:4:4:4:1:2:4:4:,initialisation,2698.542570982958,
4:4:4:4:4:1:2:1:4:,initialisation,3568.796847063929,
4:4:2:4:4:1:2:4:4:,initialisation,2792.723661141015,
4:3:4:4:4:0:1:1:4:,initialisation,2770.839226360923,
3:2:4:4:4:3:3:4:3:,initialisation,3779.0138452031406,
4:2:4:4:4:4:4:4:4:,initialisation,4716.243756041208,
4:3:4:4:4:2:3:4:4:,initialisation,2792.723661141016,
4:2:4:4:4:3:4:4:3:,initialisation,3958.69130295287,
4:2:4:4:4:2:3:4:4:,initialisation,2904.4977978106676,
4:4:4:4:4:2:2:4:4:,initialisation,2797.6701004343377,
4:4:2:4:4:2:2:4:4:,initialisation,2792.7236611410144,
2:2:4:4:4:3:3:4:2:,initialisation,4099.69900981877,
4:4:3:4:4:2:2:4:4:,initialisation,2763.3344556428583,
4:3:4:4:4:2:2:4:4:,initialisation,2618.1915097785595,
4:3:4:4:4:1:3:4:4:,initialisation,3525.327994363843,
4:4:4:4:4:1:2:4:4:,initialisation,2580.270548081919,
4:3:4:4:4:1:3:3:4:,initialisation,3777.465029079038,
4:3:4:4:4:1:1:4:4:,initialisation,2670.340935432242,
4:3:4:4:4:2:2:3:4:,initialisation,3408.0392065969663,
2:2:4:4:3:3:4:4:2:,initialisation,4234.658426877988,
4:3:4:4:4:1:1:3:4:,initialisation,2812.0939870398806,
4:3:4:4:4:1:2:3:4:,initialisation,2988.0076299396665,
4:4:2:4:4:1:1:4:4:,initialisation,2792.7236611410144,
3:2:4:4:4:3:4:4:3:,initialisation,3320.8251561745556,
4:4:2:4:4:1:1:4:4:,initialisation,2788.31494868458,
4:4:4:4:4:2:1:4:4:,initialisation,2848.5157101976015,
2:2:4:4:4:3:4:4:2:,initialisation,4467.2572979342085,
4:2:4:4:3:3:4:4:3:,initialisation,3750.1675594692315,
4:3:4:4:4:3:4:4:4:,initialisation,3501.8472485002803,
4:2:4:4:4:2:3:3:4:,initialisation,4169.394498153699,
4:4:2:4:4:2:1:4:4:,initialisation,2753.916953291601,
4:2:4:4:4:3:4:4:4:,initialisation,3648.074455848071,
3:2:4:4:3:3:4:4:2:,initialisation,4597.11102241473,
4:4:4:4:4:1:3:4:4:,initialisation,3436.241848858694,
4:2:4:4:4:3:4:4:4:,initialisation,3538.3861600694304,
4:2:4:4:4:3:4:4:4:,initialisation,3427.6200031344833,
4:2:4:4:4:4:4:4:4:,initialisation,4489.938749605583,
4:4:4:4:4:0:1:4:4:,initialisation,2696.5869238174378,
4:4:3:4:4:3:2:4:4:,initialisation,2792.7236611410153,
2:2:4:4:4:3:4:4:2:,initialisation,4266.522203046461,
3:2:4:4:4:2:3:4:3:,initialisation,3725.8633357992817,
4:3:3:4:4:3:3:4:4:,initialisation,2792.7236611410144,
4:3:3:4:4:2:2:4:4:,initialisation,2746.6791966232104,
4:4:3:4:4:3:2:4:4:,initialisation,2792.7236611410144,
4:2:4:4:4:2:2:4:4:,initialisation,2745.567973306126,
4:3:4:4:4:2:2:2:4:,initialisation,3947.9463398265184,
4:3:4:4:4:1:1:2:4:,initialisation,3009.924829271134,
4:3:4:4:4:2:3:2:4:,initialisation,4184.839729271172,
4:3:3:4:4:2:2:4:4:,initialisation,2741.591437288695,
4:2:4:4:4:1:2:3:4:,initialisation,3399.6444469980056,
4:3:4:4:4:2:3:4:4:,initialisation,2725.999619373015,
4:4:3:4:4:1:1:4:4:,initialisation,2833.954281615472,
4:4:4:4:4:2:3:4:4:,initialisation,3253.0259476023493,
4:3:4:4:4:1:3:4:4:,initialisation,3515.8644737741706,
4:3:4:4:4:3:3:4:4:,initialisation,2790.985337478817,
3:2:4:4:4:2:4:4:3:,initialisation,4431.20717414505,
4:4:4:4:4:1:2:3:4:,initialisation,3138.3045945629383,
3:2:4:4:4:3:4:4:2:,initialisation,3824.3292911257145,
4:4:4:4:4:1:2:2:4:,initialisation,3605.3208445923983,
4:4:4:4:4:2:2:4:4:,initialisation,2747.9869615961775,
4:4:3:4:4:2:1:4:4:,initialisation,2817.102846108613,
4:2:4:4:4:3:3:4:4:,initialisation,2792.7236611410144,
4:3:4:4:4:1:3:2:4:,initialisation,4035.8128768901065,
4:3:4:4:4:2:2:4:4:,initialisation,2575.589001144844,
4:3:4:4:4:1:2:2:4:,initialisation,3079.6640913548804,
4:3:3:4:4:2:3:4:4:,initialisation,2792.7236611410144,
4:4:4:4:4:2:3:4:4:,initialisation,3218.590735373555,
4:3:4:4:4:2:3:3:4:,initialisation,3685.7805644549117,
4:4:3:4:4:2:1:4:4:,initialisation,2763.777667627744,
4:4:4:4:4:0:1:3:4:,initialisation,2851.1494971900847,
4:3:4:4:4:2:2:3:4:,initialisation,3237.1056153854884,
4:4:3:4:4:2:3:4:4:,initialisation,2950.019627573475,
4:3:4:4:4:1:3:3:4:,initialisation,3749.146088346086,
4:2:4:4:4:2:3:3:4:,initialisation,3879.74340459217,
4:4:4:4:4:2:2:4:4:,initialisation,2744.120172560298,
4:4:4:4:4:1:1:3:4:,initialisation,2574.818865275197,
4:3:4:4:4:2:3:2:4:,initialisation,4131.62592372072,
4:3:4:4:4:2:3:3:4:,initialisation,3340.1229531270515,
4:4:2:4:4:1:1:4:4:,initialisation,2772.2006159291955,
4:3:4:4:4:1:3:4:4:,initialisation,3395.833035021443,
4:3:3:4:4:3:2:4:4:,initialisation,2792.7236611410144,
4:4:4:4:4:1:2:3:4:,initialisation,3137.630450024582,
4:3:4:4:4:2:3:2:4:,initialisation,4034.268264031686,
4:2:4:4:4:2:3:3:4:,initialisation,3842.82124081554,
3:2:4:4:4:3:3:4:2:,initialisation,4057.965910295571,
2:2:4:4:2:3:4:4:2:,initialisation,4984.787131392203,
4:4:4:4:4:3:3:4:4:,initialisation,3904.9565999451183,
3:2:4:4:2:3:4:4:2:,initialisation,4198.449979480029,
3:2:4:4:4:2:4:4:3:,initialisation,4387.566987628426,
4:4:2:4:4:1:2:4:4:,initialisation,2792.7236611410144,
4:3:4:4:4:1:2:2:4:,initialisation,2914.4424053765156,
4:2:4:4:3:3:4:4:3:,initialisation,3711.371006291504,
4:2:4:4:4:2:4:4:4:,initialisation,4190.527401285356,
4:3:4:4:4:3:4:4:4:,initialisation,3415.377726971939,
4:4:4:4:4:1:2:3:4:,initialisation,3113.2054247479346,
4:3:4:4:4:1:3:3:4:,initialisation,3573.228615045663,
4:2:4:4:3:3:4:4:3:,initialisation,3709.6206942349336,
4:2:4:4:3:3:4:4:4:,initialisation,3926.540703136267,
4:4:4:4:4:1:2:2:4:,initialisation,3588.4266688710277,
4:2:4:4:4:3:4:4:3:,initialisation,3797.6199002273625,
4:3:3:4:4:2:3:4:4:,initialisation,2737.178699796545,
4:2:4:4:3:3:4:4:3:,initialisation,3617.455252151723,
4:3:4:4:4:2:4:4:4:,initialisation,4304.345022595041,
4:4:4:4:4:0:0:1:4:,initialisation,2726.426546210137,
4:4:4:4:4:2:2:4:4:,initialisation,2718.913757327784,
4:4:4:4:4:1:1:2:4:,initialisation,3388.9355863302662,
4:2:4:4:4:2:3:4:3:,initialisation,3795.0458093886004,
4:4:4:4:4:3:3:4:4:,initialisation,3433.2241952723834,
4:4:4:4:4:1:1:2:4:,initialisation,3150.8341944429044,
4:2:4:4:3:3:4:4:4:,initialisation,3898.7341335628453,
4:4:4:4:4:2:3:4:4:,initialisation,3179.7784374927433,
4:3:4:4:4:1:1:1:4:,initialisation,2940.215419921716,
3:2:4:4:4:3:4:4:2:,initialisation,3803.4236626167626,
3:2:4:4:2:3:4:4:3:,initialisation,4618.24250389805,
4:2:4:4:4:1:3:3:4:,initialisation,3638.7573704042047,
4:2:4:4:4:2:3:4:4:,initialisation,2811.154980181999,
4:4:4:4:4:1:1:2:4:,initialisation,2851.3178373675187,
4:4:4:4:4:2:2:4:4:,initialisation,2667.1153457599844,
4:3:4:4:4:0:0:1:4:,recombination,2605.2408492907743,4:3:4:4:4:0:1:1:4,4:3:4:4:4:1:1:4:4
4:4:4:4:4:1:3:4:4:,recombination,3432.2857825264537,4:4:2:4:4:1:1:4:4,4:3:4:4:4:1:3:3:4,MUTATE
4:4:4:4:4:2:1:4:4:,recombination,2751.1386541815364,4:3:4:4:4:1:1:4:4,4:4:3:4:4:2:1:4:4,MUTATE
4:3:4:4:4:2:3:4:4:,clone,2708.143600354353,4:3:4:4:4:2:3:4:4
3:2:4:4:4:3:3:4:2:,recombination,3893.051858372156,4:2:4:4:4:3:3:4:4,2:2:4:4:4:3:4:4:2
4:4:3:4:4:2:2:4:4:,recombination,2752.5743115566625,4:3:4:4:4:1:2:4:4,4:4:3:4:4:2:2:4:4
3:2:4:4:3:3:4:4:2:,clone,4425.64205849396,3:2:4:4:3:3:4:4:2
4:3:4:4:4:1:1:3:4:,clone,2793.129047777475,4:4:4:4:4:1:1:2:4
4:3:4:4:4:2:3:2:4:,recombination,3921.8393554784057,4:3:4:4:4:2:3:2:4,4:3:4:4:4:0:0:1:4
4:2:4:4:3:3:4:4:3:,recombination,3493.4303845115683,4:3:4:4:4:2:3:4:4,4:2:4:4:3:3:4:4:4,MUTATE
4:2:4:4:4:3:4:4:4:,recombination,3352.7690843922664,4:4:3:4:4:2:3:4:4,4:2:4:4:3:3:4:4:3,MUTATE
4:3:4:4:4:2:2:4:4:,recombination,2561.2274345905016,4:3:4:4:4:2:2:4:4,4:3:3:4:4:3:2:4:4,MUTATE
4:3:4:4:4:0:1:2:4:,recombination,2735.2029221691537,4:3:4:4:4:1:2:2:4,4:3:4:4:4:1:2:3:4
3:2:4:4:4:3:3:4:3:,recombination,3707.8885327666662,3:2:4:4:4:2:4:4:3,3:2:4:4:4:3:4:4:3,MUTATE
4:2:4:4:4:2:3:4:3:,recombination,2879.966135719792,4:2:4:4:3:3:4:4:3,4:3:4:4:4:1:2:2:4,MUTATE
4:4:4:4:4:0:1:3:4:,clone,2831.748344601702,4:4:4:4:4:0:0:2:4
4:4:3:4:4:2:2:4:4:,clone,2752.574311556662,4:4:3:4:4:2:2:4:4
3:2:4:4:3:3:4:4:3:,clone,4314.339410238914,3:2:4:4:3:3:4:4:2
4:3:4:4:4:2:2:1:4:,recombination,4079.254201333158,4:3:4:4:4:2:3:2:4,4:4:4:4:4:1:2:2:4,MUTATE
4:2:4:4:4:3:3:4:4:,recombination,2752.574311556662,4:4:3:4:4:2:2:4:4,4:3:3:4:4:3:3:4:4,MUTATE
4:3:4:4:4:1:2:1:4:,clone,3553.683026961482,4:4:4:4:4:1:2:1:4
3:2:4:3:2:3:4:4:3:,clone,3625.876034473349,4:2:4:4:3:3:4:4:3
4:2:4:4:4:3:4:4:3:,clone,3571.9482608258068,4:2:4:4:4:3:4:4:3
4:4:3:4:4:1:2:4:4:,recombination,2732.0512663448435,4:4:3:4:4:2:2:4:4,4:4:2:4:4:1:1:4:4,MUTATE
4:2:4:4:3:3:4:4:4:,clone,3521.6551657121217,4:2:4:4:3:3:4:4:4
4:4:3:4:4:1:1:4:4:,recombination,2711.2740798343025,4:4:2:4:4:2:1:4:4,4:4:4:4:4:1:2:4:4
4:3:4:4:4:2:2:4:4:,clone,2548.8850014760815,4:3:4:4:4:2:2:4:4
3:2:4:3:2:3:4:4:3:,clone,3617.3427016721553,3:2:4:3:2:3:4:4:3
4:4:4:4:4:2:1:4:4:,clone,2743.0560525539527,4:4:4:4:4:2:1:4:4
3:2:4:4:3:3:4:4:2:,recombination,4267.3981860341555,3:2:4:4:4:2:4:4:3,4:2:4:4:3:3:4:4:3
4:3:4:4:4:3:3:4:4:,clone,2728.3902644980553,4:2:4:4:4:3:3:4:4
4:4:4:4:4:2:1:4:4:,clone,2694.1942168350984,4:4:4:4:4:1:1:4:4
4:3:4:4:4:1:1:2:4:,clone,2728.1417820334327,4:3:4:4:4:1:1:2:4
4:4:2:4:4:2:2:4:4:,clone,2753.916953291601,4:4:2:4:4:2:1:4:4
4:3:4:4:4:0:1:2:4:,clone,2702.110015520776,4:3:4:4:4:1:2:2:4
3:1:4:4:2:4:4:4:2:,recombination,4170.707910171465,3:2:4:4:2:4:4:4:3,2:2:4:4:3:3:4:4:2
4:3:4:4:4:1:2:1:4:,clone,3478.027099463964,4:3:4:4:4:1:2:1:4
4:2:4:4:4:2:2:4:4:,recombination,2734.33884909586,4:2:4:4:4:2:2:4:4,3:2:4:4:4:2:3:4:3,MUTATE
4:2:4:4:2:3:4:4:3:,clone,3831.1280280263327,4:2:4:4:2:3:4:4:3
4:4:4:4:4:2:2:4:4:,recombination,2613.0201729477376,4:4:4:4:4:1:1:4:4,4:4:3:4:4:3:2:4:4,MUTATE
4:3:4:4:4:1:3:4:4:,recombination,3217.6328466858104,4:4:4:4:4:1:2:4:4,4:3:4:4:4:1:3:2:4,MUTATE
3:2:4:4:4:2:3:4:3:,clone,3687.0630432100706,3:2:4:4:4:3:3:4:3
2:2:4:4:4:3:4:4:2:,clone,4114.4756397696165,2:2:4:4:4:3:3:4:2
4:3:4:4:4:1:2:2:4:,clone,2902.318828390087,4:3:4:4:4:0:1:2:4
4:3:4:4:4:0:1:2:4:,clone,2542.916331040195,4:3:4:4:4:0:1:2:4
3:2:4:4:4:3:3:4:3:,recombination,3516.938129475144,4:3:4:4:4:1:1:4:4,3:2:4:4:3:3:4:4:3,MUTATE
3:2:4:4:2:4:4:4:3:,clone,3864.818804157783,3:2:4:4:2:4:4:4:3
2:2:4:4:4:3:3:4:2:,clone,4010.634968251915,2:2:4:4:4:3:3:4:2
4:4:4:4:4:0:1:3:4:,recombination,2689.278356801789,4:4:4:4:4:1:1:3:4,4:4:4:4:4:0:1:3:4,MUTATE
4:2:4:4:2:4:4:4:3:,recombination,3356.7357156082717,4:4:3:4:4:2:2:4:4,3:2:4:4:2:4:4:4:3,MUTATE
2:2:4:4:4:3:3:4:2:,clone,3798.9837365712674,2:2:4:4:4:3:3:4:2
3:2:4:4:3:3:4:4:2:,clone,3798.6491694304323,3:2:4:4:4:3:4:4:2
4:4:4:4:4:1:1:1:4:,recombination,3532.8908150706075,4:4:4:4:4:0:0:1:4,4:4:4:4:4:1:2:1:4,MUTATE
4:2:4:4:2:3:4:4:3:,clone,3684.835445220375,4:2:4:4:4:3:4:4:3
4:2:4:4:4:3:3:4:4:,clone,2752.5743115566615,4:2:4:4:4:3:3:4:4
4:3:3:4:4:3:3:4:4:,clone,2741.591437288695,4:3:3:4:4:2:2:4:4
2:1:4:3:1:4:4:4:1:,recombination,4461.130208183115,4:2:4:4:3:4:4:4:3,4:2:4:4:4:3:3:4:3,MUTATE
3:2:4:4:4:3:3:4:2:,clone,3721.167033501646,3:2:4:4:3:3:4:4:2
4:2:4:4:4:3:3:4:4:,recombination,2741.591437288695,3:2:4:4:2:4:4:4:3,4:3:3:4:4:3:3:4:4
3:2:4:4:4:2:3:4:3:,recombination,3295.9800890560555,4:2:4:4:4:1:2:3:4,4:2:4:4:3:3:4:4:3
4:3:4:4:4:1:1:4:4:,recombination,2573.4176594926817,4:4:4:4:4:0:0:2:4,4:2:4:4:4:2:2:4:4,MUTATE
2:2:4:4:2:4:4:4:2:,clone,5197.994945562653,2:2:4:4:2:4:4:4:2
4:2:4:4:4:3:4:4:3:,clone,3423.9015404703077,4:2:4:4:4:3:4:4:3
4:4:4:4:4:0:2:4:4:,recombination,2851.5459072171957,4:4:4:4:4:0:0:2:4,4:3:4:4:4:2:3:4:4
4:4:4:4:4:1:2:2:4:,clone,3395.4979664623415,4:4:4:4:4:1:2:2:4
4:2:4:3:2:3:4:4:3:,recombination,3617.565909567278,4:4:3:4:4:1:2:4:4,3:2:4:4:2:4:4:4:3
4:3:4:4:4:1:3:4:4:,clone,3170.223728612706,4:3:4:4:4:1:3:4:4
4:2:4:4:3:3:4:4:4:,recombination,3264.4048513569096,4:4:3:4:4:2:2:4:4,4:2:4:4:4:2:3:4:4,MUTATE
2:1:4:4:1:4:4:4:1:,clone,5197.994945562653,2:2:4:4:2:4:4:4:2
3:2:4:4:3:4:4:4:2:,recombination,3443.011248073103,4:3:4:4:4:1:1:3:4,4:2:4:4:4:3:4:4:3
3:2:4:4:2:4:4:4:3:,clone,3795.4829644003507,3:1:4:4:2:4:4:4:2
2:1:4:4:2:4:4:4:1:,clone,5062.587058944204,2:1:4:4:1:4:4:4:1
2:1:4:3:1:4:4:4:2:,clone,4289.292550456741,2:1:4:3:1:4:4:4:2
4:2:4:4:4:3:4:4:3:,recombination,3399.632782089814,4:2:4:4:3:3:4:4:4,4:2:4:4:3:3:4:4:3,MUTATE
4:2:4:4:4:3:4:4:4:,recombination,3352.7583348574667,2:2:4:4:4:3:4:4:2,4:3:3:4:4:2:3:4:4
3:2:4:4:4:3:3:4:3:,clone,3499.8480365378005,3:2:4:4:4:3:3:4:3
4:2:4:4:4:3:3:4:3:,clone,3325.09360969246,3:2:4:4:4:3:3:4:3
4:3:4:4:4:2:2:4:4:,clone,2502.775239478566,4:3:4:4:4:2:2:4:4
4:3:4:4:4:2:2:2:4:,clone,3840.248931634212,4:3:4:4:4:1:2:2:4
4:2:4:4:3:4:4:4:4:,clone,4765.249051877292,4:2:4:4:4:4:4:4:4
4:4:4:4:4:0:1:2:4:,recombination,2667.1570123109427,4:4:4:4:4:0:1:3:4,4:3:4:4:4:2:2:3:4
4:2:4:4:4:3:3:4:4:,clone,2668.1506594240286,4:2:4:4:4:3:3:4:4
2:2:4:4:4:3:4:4:2:,clone,4065.2638259548357,2:2:4:4:4:3:4:4:2
3:1:4:3:2:4:4:4:2:,clone,3703.440992868057,4:2:4:4:2:3:4:4:3
2:2:4:4:2:4:4:4:2:,clone,4255.02625149403,2:1:4:3:1:4:4:4:1
3:2:4:4:4:3:3:4:3:,recombination,3391.1732968950596,4:2:4:4:4:3:3:4:4,4:2:4:4:4:2:3:4:3,MUTATE
3:1:4:4:2:4:4:4:2:,recombination,3423.4774793144916,4:4:4:4:4:1:1:2:4,3:2:4:3:2:3:4:4:3,MUTATE
4:4:4:4:4:0:2:4:4:,recombination,2803.471962330346,4:3:4:4:4:2:3:4:4,4:4:4:4:4:0:2:4:4,MUTATE
4:2:4:4:4:2:2:4:3:,recombination,2684.8902338067105,3:2:4:4:4:2:3:4:3,4:3:4:4:4:2:2:4:4
3:2:4:4:3:4:4:4:3:,recombination,3620.5003730998633,2:2:4:4:2:4:4:4:2,3:1:4:4:2:4:4:4:2
4:3:4:4:4:0:1:0:4:,recombination,2916.0591663905043,4:3:4:4:4:1:3:3:4,4:4:4:4:4:0:0:1:4
4:4:4:4:4:2:2:3:4:,recombination,3518.9199583666,4:3:4:4:4:2:3:3:4,4:3:4:4:4:2:2:2:4,MUTATE
3:1:4:4:3:4:4:4:2:,clone,3826.380185220525,3:2:4:4:3:4:4:4:2
3:2:4:4:4:2:2:4:3:,clone,3008.5188461907455,3:2:4:4:4:2:2:4:3
3:2:4:4:2:3:4:4:3:,clone,3591.3526564782383,3:2:4:4:3:3:4:4:3
3:2:4:4:4:3:4:4:3:,recombination,3264.539733658991,4:2:4:4:4:3:3:4:3,4:3:3:4:4:2:3:4:4
2:1:4:4:2:4:4:4:2:,recombination,4345.067303680474,3:2:4:4:4:3:3:4:3,2:1:4:3:1:4:4:4:2,MUTATE
3:1:4:3:1:4:4:4:2:,clone,3926.0729883207123,3:1:4:3:1:4:4:4:2
3:2:4:4:4:3:3:4:3:,clone,3374.7125082723614,3:2:4:4:4:3:3:4:3
4:3:4:4:4:3:3:4:4:,clone,2677.6175346651803,4:3:4:4:4:3:2:4:4
4:3:4:4:4:1:2:4:4:,recombination,2598.191259434865,4:3:4:4:4:1:1:4:4,4:3:4:4:4:2:2:4:4
4:3:4:4:4:1:2:3:4:,clone,2950.538054159996,4:3:4:4:4:1:2:3:4
4:2:4:4:4:2:3:4:4:,recombination,2735.855263012321,4:3:4:4:4:2:3:4:4,4:2:4:4:4:2:2:4:3
4:4:4:4:4:1:1:1:4:,clone,3529.635088115746,4:4:4:4:4:1:1:1:4
3:2:4:4:2:3:4:4:3:,clone,3349.208325271647,3:2:4:4:2:3:4:4:3
4:2:4:4:4:3:3:4:3:,clone,3194.7583611098744,4:2:4:4:4:3:3:4:3
4:4:3:4:4:2:2:4:4:,clone,2726.047207923545,4:4:4:4:4:2:2:4:4
2:2:4:4:2:3:4:4:2:,clone,4950.338876687925,2:1:4:4:1:4:4:4:1
2:1:4:3:1:4:4:4:1:,clone,3996.885373302214,2:1:4:3:1:4:4:4:1
4:3:4:4:4:2:2:4:4:,clone,2494.5781143448366,4:3:4:4:4:2:2:4:4
2:2:4:4:3:3:4:4:2:,clone,4196.7829221229,2:2:4:4:2:4:4:4:2
4:3:3:4:4:2:2:4:4:,recombination,2726.047207923545,4:4:3:4:4:2:2:4:4,4:3:3:4:4:3:2:4:4
3:1:4:4:3:3:4:4:2:,clone,3264.539733658991,3:2:4:4:4:3:4:4:3
3:2:4:4:4:3:3:4:3:,clone,3239.2444777537994,3:2:4:4:4:2:2:4:3
4:2:4:4:4:4:4:4:4:,recombination,3368.6532479218467,4:4:3:4:4:2:3:4:4,4:2:4:4:4:3:4:4:3
4:2:4:4:4:3:3:4:4:,recombination,2634.0556099509668,4:3:4:4:4:3:2:4:4,3:1:4:4:3:4:4:4:2,MUTATE
4:2:4:4:3:3:4:4:4:,recombination,3166.606785537234,4:3:4:4:4:3:2:4:4,4:2:4:4:2:3:4:4:3,MUTATE
4:2:4:4:4:2:3:4:4:,clone,2699.4148316542455,4:2:4:4:4:2:3:4:4
3:2:4:4:4:2:3:4:3:,clone,3187.5293761616567,3:2:4:4:4:2:2:4:3
3:2:4:4:4:2:4:4:3:,recombination,3985.4323459532243,3:2:4:4:4:3:3:4:3,2:2:4:4:4:3:3:4:2,MUTATE
3:2:4:4:2:4:4:4:2:,clone,3469.100675930968,3:2:4:4:2:4:4:4:2
3:2:4:4:3:3:4:4:3:,clone,4269.741934252574,3:2:4:4:4:3:4:4:3
3:1:4:4:4:2:3:4:2:,recombination,3197.4867718839073,3:2:4:4:4:3:3:4:3,4:2:4:4:4:2:3:4:4
4:2:4:4:4:3:3:4:3:,clone,3033.1289563696128,3:2:4:4:4:3:3:4:3
2:2:4:4:2:3:4:4:2:,clone,4357.399648695009,3:2:4:4:3:3:4:4:2
4:3:4:4:4:2:2:4:4:,recombination,2467.8129580877467,4:3:4:4:4:2:2:4:4,2:2:4:4:2:4:4:4:2,MUTATE
4:3:4:4:4:1:1:4:4:,recombination,2552.2931679168487,4:3:4:4:4:2:1:4:4,4:3:4:4:4:2:2:4:4,MUTATE
2:2:4:4:2:4:4:4:2:,recombination,3851.6343325957414,2:2:4:4:2:4:4:4:2,4:3:4:4:4:3:2:4:4
4:2:4:4:3:4:4:4:3:,clone,4089.120321834565,4:2:4:4:3:4:4:4:3
3:2:4:4:3:3:4:4:3:,recombination,3474.3847340879124,4:2:4:4:4:3:3:4:3,2:2:4:4:4:3:4:4:2,MUTATE
3:2:4:4:4:2:4:4:3:,clone,3963.747769516782,3:2:4:4:4:2:4:4:3
4:3:4:4:4:1:1:4:4:,clone,2534.424373189244,4:3:4:4:4:1:1:4:4
3:2:4:4:4:3:4:4:2:,recombination,3446.9425586180523,4:2:4:4:4:3:4:4:3,3:2:4:4:4:3:3:4:2
3:1:4:4:2:4:4:4:2:,recombination,3328.6320279173897,3:2:4:4:3:3:4:4:2,3:2:4:4:4:3:4:4:3,MUTATE
2:2:4:4:2:3:4:4:2:,recombination,4177.048123975836,2:2:4:4:4:3:3:4:2,4:4:4:4:4:2:2:4:4
3:2:4:4:3:3:4:4:2:,recombination,3309.1696333778773,3:2:4:4:4:3:4:4:2,4:2:4:4:4:2:3:4:4
4:3:4:4:4:1:1:4:4:,recombination,2417.358434536729,4:3:4:4:4:1:2:2:4,4:3:4:4:4:2:2:4:4
4:2:4:4:4:3:3:4:3:,clone,2906.7796874742635,4:2:4:4:4:2:3:4:3
2:1:4:4:3:3:4:4:2:,clone,4049.051223668149,2:1:4:4:3:3:4:4:2
4:3:4:4:4:1:3:4:4:,recombination,3140.2048094359097,3:2:4:4:4:2:4:4:3,4:3:4:4:4:0:1:2:4,MUTATE
4:3:4:4:4:2:2:4:4:,clone,2452.5386908899336,4:3:4:4:4:2:2:4:4
3:1:4:4:2:4:4:4:2:,clone,3311.4926681623383,3:1:4:4:2:4:4:4:2
2:1:4:3:1:4:4:4:1:,clone,3376.7136761463594,3:1:4:4:2:4:4:4:2
3:1:4:4:4:3:3:4:2:,recombination,3154.0597446794177,3:2:4:4:4:3:3:4:3,3:2:4:4:4:3:4:4:3
3:2:4:4:4:3:3:4:3:,clone,3129.6503421301627,3:2:4:4:4:3:3:4:3
3:2:4:4:4:3:3:4:3:,clone,2970.1845398562123,3:2:4:4:4:3:3:4:3
4:4:4:4:4:1:1:1:4:,clone,3369.4838381581512,4:3:4:4:4:1:1:1:4
2:1:4:3:1:4:4:4:1:,clone,3346.40307698215,2:1:4:3:1:4:4:4:1
3:2:4:4:4:3:3:4:3:,recombination,2859.8618107629604,4:2:4:4:4:3:4:4:4,4:2:4:4:4:2:3:4:4
4:2:4:4:4:3:3:4:4:,recombination,2598.6143115290474,4:2:4:4:3:3:4:4:4,4:3:4:4:4:3:3:4:4
4:3:4:4:4:3:2:4:4:,clone,2617.8919288510456,4:3:4:4:4:2:2:4:4
3:1:4:3:2:4:4:4:2:,recombination,3445.1160923494604,3:2:4:4:2:4:4:4:2,2:2:4:4:2:3:4:4:2
4:2:4:4:3:4:4:4:3:,recombination,3504.788003463209,4:2:4:4:2:4:4:4:3,4:2:4:4:4:3:3:4:4,MUTATE
4:3:3:4:4:2:2:4:4:,recombination,2711.5346318892307,4:2:4:4:3:3:4:4:3,4:4:3:4:4:2:2:4:4
2:1:4:3:1:4:4:4:1:,clone,3329.760741643012,3:1:4:4:2:4:4:4:2
4:3:4:4:4:2:2:3:4:,recombination,3230.5419645842894,4:3:4:4:4:0:1:2:4,4:3:4:4:4:2:3:3:4,MUTATE
4:2:4:4:4:2:4:4:4:,clone,4187.929383667916,4:2:4:4:4:2:4:4:4
4:2:4:4:4:3:3:4:3:,clone,2874.925675726325,4:2:4:4:4:3:3:4:3
4:3:4:4:4:1:2:1:4:,clone,3237.052721582908,4:3:4:4:4:1:2:1:4
2:1:4:3:2:4:4:4:1:,clone,3851.6343325957414,2:1:4:3:2:4:4:4:1
4:3:4:4:4:1:2:4:4:,clone,2559.01628889517,4:3:4:4:4:1:2:4:4
2:2:4:3:2:4:4:4:2:,clone,4034.459551907237,2:1:4:3:2:4:4:4:1
4:2:4:4:4:3:4:4:3:,clone,3334.5445268564295,4:2:4:4:4:3:4:4:3
3:1:4:4:3:4:4:4:2:,recombination,3779.968196369982,4:3:4:4:4:1:2:1:4,4:2:4:4:3:3:4:4:3,MUTATE
3:1:4:3:1:4:4:4:2:,clone,3586.0616074139357,3:1:4:4:2:4:4:4:2
4:2:4:4:3:4:4:4:3:,recombination,3015.0590111136285,3:1:4:3:2:4:4:4:2,4:3:4:4:4:3:3:4:4,MUTATE
4:2:4:4:4:3:3:4:3:,recombination,2844.093565369849,4:3:4:4:4:2:2:4:4,3:2:4:4:4:3:3:4:3,MUTATE
3:2:4:3:2:4:4:4:2:,recombination,3860.3926531001794,4:4:4:4:4:1:1:3:4,2:2:4:3:2:4:4:4:2,MUTATE
3:1:4:4:3:4:4:4:2:,recombination,3490.6340382553926,4:2:4:4:4:2:3:4:4,2:1:4:3:1:4:4:4:1,MUTATE
4:3:4:4:4:3:3:4:4:,recombination,2650.905585748799,4:3:4:4:4:1:1:4:4,4:3:4:4:4:3:2:4:4,MUTATE
3:2:4:4:3:3:4:4:3:,recombination,3457.339683821648,3:2:4:4:4:3:4:4:3,4:3:3:4:4:3:2:4:4
4:4:4:4:4:1:3:4:4:,recombination,3296.3365016274706,4:4:2:4:4:1:1:4:4,4:3:4:4:4:2:3:3:4
4:2:4:4:4:3:4:4:4:,recombination,3262.9791511825424,4:3:3:4:4:3:2:4:4,4:3:4:4:4:2:3:4:4,MUTATE
3:1:4:4:3:3:4:4:2:,clone,2956.2415523274585,3:1:4:4:3:3:4:4:2
3:1:4:3:2:4:4:4:2:,recombination,3336.5665247802685,3:2:4:4:3:4:4:4:2,4:2:4:4:4:3:3:4:3
4:2:4:3:2:4:4:4:3:,clone,2792.723661141016,3:1:4:4:3:3:4:4:2
3:1:4:3:2:4:4:4:2:,clone,2868.583923416041,3:1:4:3:2:4:4:4:2
4:2:4:4:2:4:4:4:3:,clone,3001.4589109516014,4:2:4:4:2:4:4:4:3
4:2:4:4:3:3:3:4:4:,recombination,2828.4849504327744,3:2:4:4:4:2:3:4:3,3:2:4:3:2:3:4:4:3,MUTATE
4:2:4:4:3:4:3:4:3:,recombination,2691.9268645691172,3:2:4:4:4:2:4:4:3,4:2:4:3:2:4:4:4:3
4:2:4:4:3:3:3:4:3:,recombination,2657.859956280337,4:2:4:4:3:3:3:4:4,3:2:4:4:4:3:3:4:3
4:2:4:4:2:4:4:4:3:,recombination,2900.9124134062627,4:2:4:4:4:3:3:4:4,4:2:4:4:3:3:4:4:4
4:2:4:4:3:4:4:4:3:,clone,2769.043917963883,4:2:4:4:3:4:4:4:3
4:2:4:4:3:3:4:4:3:,clone,2828.4849504327744,4:2:4:4:3:3:4:4:3
2:1:4:4:2:3:4:4:2:,recombination,3543.0944056904814,3:2:4:4:4:2:4:4:3,3:1:4:3:2:4:4:4:2
3:1:4:3:1:4:4:4:2:,recombination,2987.1284234665895,4:2:4:4:3:4:4:4:3,4:3:4:4:4:1:3:3:4,MUTATE
3:1:4:4:3:3:4:4:2:,recombination,2757.3999617324957,3:1:4:4:4:2:3:4:2,3:2:4:4:4:3:3:4:3
4:2:4:4:4:4:3:4:3:,clone,2785.806286930428,4:2:4:4:4:4:3:4:3
2:1:4:4:2:4:4:4:2:,clone,4053.7285349919566,2:2:4:4:2:4:4:4:2
3:2:4:3:1:4:4:4:2:,recombination,3743.216801343164,4:4:4:4:4:0:1:2:4,2:2:4:4:2:4:4:4:2
2:1:4:3:2:4:4:4:1:,clone,3514.8147367905967,2:1:4:3:1:4:4:4:1
3:1:4:4:3:3:3:4:2:,clone,2697.101325629647,3:1:4:4:3:3:3:4:2
2:1:4:2:1:4:4:4:1:,recombination,3376.7136761463594,3:1:4:4:2:4:4:4:2,4:3:3:4:4:2:3:4:4
4:2:4:4:4:3:3:4:3:,clone,2617.8919288510456,4:2:4:4:4:3:3:4:4
3:1:4:4:3:4:4:4:2:,clone,2547.856468407223,3:1:4:4:3:4:4:4:2
3:2:4:4:2:3:4:4:2:,clone,4033.9016563428727,3:2:4:4:2:3:4:4:2
2:1:4:2:1:4:4:4:1:,recombination,2973.1029831469027,4:3:4:4:4:1:2:3:4,4:2:4:4:4:2:3:4:4,MUTATE
4:2:4:4:3:3:4:4:4:,clone,3039.9476806602324,4:2:4:4:3:3:4:4:3
4:2:4:4:4:3:3:4:3:,clone,2617.588349240771,4:2:4:4:4:3:3:4:4
4:2:4:4:3:4:4:4:3:,clone,2703.261538132541,4:2:4:4:3:4:4:4:3
3:1:4:3:2:4:4:4:2:,clone,2714.324963627881,3:1:4:3:2:4:4:4:2
4:3:4:4:4:3:3:4:4:,recombination,2566.092513437817,4:4:4:4:4:1:2:4:4,4:2:4:3:2:4:4:4:3,MUTATE
4:3:4:4:4:2:3:4:4:,recombination,2635.1120419852195,4:3:4:4:4:1:2:4:4,3:1:4:4:3:4:4:4:2
4:2:4:4:3:3:4:4:4:,clone,3007.4954804036856,4:2:4:4:3:3:4:4:4
2:1:4:3:2:4:4:4:1:,clone,2762.714989594947,2:1:4:3:2:4:4:4:1
3:2:4:4:2:4:4:4:3:,recombination,3736.1981722256796,2:1:4:3:1:4:4:4:2,4:2:4:4:4:3:3:4:4
3:1:4:3:1:4:4:4:2:,recombination,2882.0751029669077,2:1:4:3:2:4:4:4:1,3:2:4:4:3:4:4:4:2
2:1:4:3:1:4:4:4:1:,clone,3308.422861842855,2:1:4:3:1:4:4:4:1
3:2:4:4:3:3:4:4:3:,clone,3231.3229668767153,3:2:4:4:4:3:3:4:3
3:2:4:4:3:3:4:4:2:,recombination,2997.450908215787,4:3:4:4:4:3:2:4:4,3:2:4:3:2:3:4:4:3
3:2:4:4:4:3:3:4:3:,clone,2801.2292001217515,3:2:4:4:4:3:3:4:3
2:1:4:2:0:4:4:4:1:,recombination,3490.1314413323294,2:1:4:3:2:4:4:4:1,3:2:4:4:4:2:4:4:3,MUTATE
2:1:4:4:2:4:4:4:2:,recombination,4036.8926168322278,4:3:4:4:4:2:2:4:4,2:2:4:4:4:3:4:4:2
3:2:4:4:4:3:3:4:3:,recombination,2736.9869093021575,3:1:4:4:3:4:4:4:2,3:2:4:4:4:3:3:4:3,MUTATE
3:1:4:4:2:4:4:4:2:,recombination,3227.8070865479453,4:3:3:4:4:2:2:4:4,3:2:4:3:2:3:4:4:3
4:2:4:4:3:4:4:4:4:,clone,3618.829124160743,4:2:4:4:3:4:4:4:4
4:2:4:4:2:3:4:4:3:,clone,3648.2714908378484,4:2:4:4:2:3:4:4:3
4:2:4:4:2:3:4:4:4:,recombination,3221.9811246559966,4:3:4:4:4:3:4:4:4,4:3:3:4:4:2:3:4:4,MUTATE
4:2:4:4:3:4:4:4:4:,clone,3599.479214952333,4:2:4:4:3:4:4:4:4
3:2:4:4:4:4:4:4:2:,clone,3457.0241278668595,3:2:4:4:4:3:3:4:3
2:1:4:3:2:4:4:4:2:,recombination,4152.10411333173,4:2:4:4:4:2:3:4:4,4:2:4:4:2:3:4:4:3,MUTATE
3:2:4:4:2:4:4:4:2:,clone,3390.6685677960877,3:2:4:4:2:4:4:4:2
3:2:4:4:3:4:4:4:3:,clone,3451.154394685753,3:2:4:4:4:4:4:4:2
3:2:4:3:2:4:4:4:2:,recombination,3559.795866202618,4:2:4:4:4:3:3:4:3,4:3:4:4:4:1:3:3:4,MUTATE
2:1:4:3:1:4:4:4:1:,clone,3287.059469510472,2:1:4:2:1:4:4:4:1
2:1:4:4:3:4:4:4:2:,clone,3644.013449595201,2:1:4:4:2:4:4:4:2
2:1:4:4:2:4:4:4:2:,clone,4011.7537002364375,2:1:4:4:2:4:4:4:2
3:2:4:4:2:4:4:4:2:,clone,3347.386696663646,3:2:4:4:2:4:4:4:2
2:1:4:3:1:4:4:4:1:,clone,3141.475599809687,2:1:4:2:1:4:4:4:1
2:1:4:4:3:4:4:4:1:,clone,3463.966743295924,2:1:4:4:3:4:4:4:1
2:1:4:4:3:3:4:4:2:,clone,3747.1196880289676,2:1:4:4:3:3:4:4:2
2:1:4:4:3:3:4:4:2:,clone,3593.2122282623327,2:1:4:4:3:3:4:4:2
4:2:4:4:4:3:4:4:3:,clone,3289.175580761689,4:2:4:4:4:3:4:4:3
2:2:4:4:3:3:4:4:2:,recombination,3374.764075442381,2:2:4:4:2:3:4:4:2,3:2:4:4:4:3:3:4:3,MUTATE
2:1:4:4:2:4:4:4:1:,recombination,4171.0247044499165,4:2:4:4:4:1:2:4:4,3:2:4:4:3:4:4:4:3
2:2:4:4:3:4:4:4:2:,recombination,3875.556821367595,4:2:4:4:4:3:3:4:3,4:3:4:4:4:2:2:4:4,MUTATE
2:1:4:4:2:4:4:4:2:,recombination,3886.335453424566,2:1:4:4:2:4:4:4:1,4:2:4:4:4:3:4:4:4,MUTATE
2:2:4:4:3:4:4:4:2:,clone,3804.4978661504347,2:2:4:4:3:4:4:4:2
1:1:4:4:3:4:4:4:1:,recombination,3763.3208178211416,2:1:4:2:0:4:4:4:1,4:3:4:4:4:2:2:4:4
1:1:4:3:1:4:4:4:0:,recombination,3884.596661729981,4:4:4:4:4:1:2:1:4,2:1:4:4:3:4:4:4:1,MUTATE
4:2:4:4:4:4:4:4:3:,recombination,3446.979857456661,3:2:4:4:4:3:3:4:3,3:1:4:3:2:4:4:4:2
1:1:4:2:1:4:4:4:0:,recombination,3592.1263227495433,4:3:4:4:4:0:1:2:4,3:2:4:4:4:3:4:4:3
2:1:4:4:4:3:4:4:2:,recombination,4074.7903498951146,4:3:4:4:4:2:3:2:4,3:2:4:4:3:3:4:4:3
1:1:4:2:0:4:4:4:0:,clone,4139.707747045814,1:1:4:2:0:4:4:4:0
3:2:4:4:2:4:4:4:3:,recombination,3511.977906267759,4:4:4:4:4:1:2:4:4,3:2:4:4:3:3:4:4:2
2:1:4:4:4:3:4:4:2:,recombination,3872.0155357335047,3:2:4:4:3:3:4:4:3,4:3:3:4:4:2:2:4:4,MUTATE
2:1:4:4:2:4:4:4:1:,clone,3823.6352075636823,2:1:4:4:2:4:4:4:1
2:2:4:3:1:4:4:4:2:,recombination,4152.737614278581,2:2:4:4:4:3:4:4:2,2:2:4:4:2:4:4:4:2,MUTATE
2:1:4:4:2:3:4:4:1:,recombination,3861.29924216618,4:2:4:4:3:3:4:4:4,4:3:4:4:4:1:3:3:4,MUTATE
2:1:4:4:2:4:4:4:1:,recombination,3644.665048538404,4:2:4:4:3:3:4:4:3,2:2:4:4:2:4:4:4:2
2:1:4:4:3:3:4:4:1:,recombination,3725.017149237051,3:1:4:4:4:2:3:4:2,4:2:4:4:4:2:3:4:4
3:2:4:4:3:4:4:4:3:,clone,3367.450209464688,3:2:4:4:3:4:4:4:3
1:1:4:3:0:4:4:4:0:,recombination,4648.624184531755,4:3:4:4:4:2:2:4:4,2:1:4:2:1:4:4:4:1,MUTATE
1:1:4:2:0:4:4:4:0:,recombination,3946.841859866111,4:3:4:4:4:2:2:4:4,3:2:4:4:4:3:4:4:3
3:2:4:4:2:3:4:4:2:,clone,3782.272462933835,3:2:4:4:2:3:4:4:2
3:2:4:4:2:4:4:4:2:,recombination,3296.960097852097,2:1:4:3:2:4:4:4:1,4:3:3:4:4:2:2:4:4
2:2:4:4:2:3:4:4:2:,clone,3577.3065412371934,2:2:4:4:2:3:4:4:2
4:3:4:4:4:1:3:2:4:,clone,3805.6065471818742,4:3:4:4:4:1:2:2:4
2:1:4:4:3:4:4:4:1:,recombination,3336.6604956389924,3:2:4:4:4:2:2:4:3,4:2:4:4:4:4:3:4:3
2:1:4:4:3:3:4:4:1:,recombination,3536.687921425071,2:1:4:4:3:3:4:4:1,2:1:4:4:3:3:4:4:2
2:1:4:2:0:4:4:4:0:,clone,3296.4048242529952,2:1:4:2:0:4:4:4:0
3:1:4:4:2:3:4:4:2:,recombination,3769.7093305941985,2:2:4:4:3:3:4:4:2,3:2:4:4:2:3:4:4:2,MUTATE
2:1:4:4:2:3:4:4:1:,clone,3087.375520092929,2:1:4:3:2:4:4:4:1
3:2:4:4:3:3:4:4:3:,clone,3195.8823037156308,3:2:4:4:3:3:4:4:3
2:1:4:4:3:3:4:4:1:,clone,3290.9118482031577,2:1:4:4:3:3:4:4:1
2:2:4:3:2:4:4:4:2:,recombination,4032.8008407562784,4:2:4:4:2:3:4:4:3,2:2:4:4:2:4:4:4:2,MUTATE
2:1:4:4:2:4:4:4:1:,recombination,3522.820363913367,3:1:4:4:2:4:4:4:2,4:2:4:4:4:2:3:4:4,MUTATE
2:1:4:4:2:3:4:4:1:,clone,3037.334988572827,2:1:4:4:2:3:4:4:1
3:2:4:4:4:4:4:4:3:,recombination,3662.9709325885324,4:4:4:4:4:1:2:3:4,4:2:4:4:4:2:3:4:4
1:1:4:3:2:4:4:4:0:,clone,3644.5313842048813,1:1:4:3:2:4:4:4:0
1:1:4:3:1:4:4:4:0:,recombination,3443.710627236196,2:1:4:3:1:4:4:4:1,1:1:4:3:1:4:4:4:0,MUTATE
1:1:4:2:0:4:4:4:0:,clone,3769.5851854040757,1:1:4:2:0:4:4:4:0
3:2:4:4:2:3:4:4:2:,clone,3577.3065412371934,3:2:4:4:2:3:4:4:2
1:1:4:2:0:4:4:4:0:,recombination,3600.6072181823743,3:2:4:4:3:3:4:4:2,3:1:4:4:2:4:4:4:2
2:1:4:2:0:4:4:4:0:,recombination,3261.3499236381813,3:2:4:3:2:3:4:4:3,3:1:4:4:2:4:4:4:2,MUTATE
3:2:4:4:2:3:4:4:2:,clone,3426.501244764201,3:2:4:4:3:3:4:4:3
2:1:4:2:0:4:4:4:1:,clone,3363.3965850498225,2:1:4:2:1:4:4:4:1
2:1:4:2:0:4:4:4:1:,recombination,3221.4985521934505,4:4:4:4:4:1:2:4:4,3:1:4:3:1:4:4:4:2,MUTATE
4:2:4:4:2:3:4:4:3:,recombination,3540.327235953449,2:2:4:4:4:3:3:4:2,4:4:4:4:4:1:3:4:4
2:1:4:4:2:4:4:4:1:,recombination,3517.29130221148,2:1:4:3:1:4:4:4:1,2:2:4:4:2:3:4:4:2,MUTATE
2:1:4:3:2:3:4:4:1:,recombination,3540.392688007718,3:2:4:4:3:3:4:4:3,1:1:4:3:2:4:4:4:0,MUTATE
3:2:4:4:2:3:4:4:2:,recombination,3426.5012447642007,3:2:4:4:3:3:4:4:3,4:2:4:4:4:3:4:4:4
1:1:4:2:0:4:4:4:0:,clone,3592.59067782686,1:1:4:2:0:4:4:4:0
3:2:4:3:2:4:4:4:2:,recombination,3547.89313117205,2:2:4:4:4:3:3:4:2,4:3:4:4:4:1:1:4:4
1:1:4:1:0:4:4:4:0:,recombination,3486.361174388973,1:1:4:2:0:4:4:4:0,2:1:4:3:1:4:4:4:1
4:2:4:4:4:2:4:4:4:,recombination,3589.5762194637987,4:3:4:4:4:2:3:4:4,4:4:4:4:4:1:1:2:4
3:2:4:4:3:3:4:4:3:,clone,3186.761154814755,3:2:4:4:3:3:4:4:3
2:1:4:3:0:4:4:4:1:,clone,4373.433348201017,2:1:4:3:0:4:4:4:1
2:1:4:3:1:4:4:4:2:,recombination,4255.605052757982,3:2:4:4:4:3:3:4:3,3:2:4:4:3:3:4:4:2
3:2:4:4:3:4:4:4:2:,recombination,3433.258662646895,3:2:4:4:2:4:4:4:2,2:1:4:4:3:3:4:4:1,MUTATE
1:1:4:2:0:4:4:4:0:,recombination,3531.206998972161,2:1:4:4:2:4:4:4:2,3:2:4:3:2:3:4:4:3
1:1:4:2:0:4:4:4:0:,clone,3458.2033970049565,1:1:4:2:0:4:4:4:0
2:1:4:3:1:4:4:4:1:,clone,3141.4755998096866,2:1:4:3:1:4:4:4:1
3:2:4:4:3:3:4:4:3:,clone,2952.179150160173,3:2:4:4:3:3:4:4:3
3:2:4:3:1:4:4:4:3:,clone,4205.973208250026,3:2:4:3:1:4:4:4:2
2:1:4:4:2:4:4:4:2:,recombination,3744.1917835619556,4:2:4:4:4:2:3:3:4,4:2:4:4:3:3:4:4:4
1:1:4:3:0:4:4:4:0:,clone,4497.06293527885,1:1:4:3:1:4:4:4:0
3:2:4:4:3:4:4:4:2:,recombination,3198.6766579923124,3:2:4:4:2:4:4:4:2,4:2:4:4:3:3:4:4:4
3:2:4:3:2:3:4:4:2:,recombination,2972.4232296066416,3:2:4:4:3:3:4:4:3,1:1:4:2:0:4:4:4:0
3:1:4:4:2:3:4:4:2:,recombination,3501.173540825871,4:2:4:4:4:3:4:4:4,4:2:4:4:4:2:3:4:4
3:2:4:4:3:4:4:4:2:,clone,3183.618033181437,3:2:4:4:3:4:4:4:2
2:2:4:4:2:4:4:4:2:,clone,3842.084069899613,2:2:4:4:2:4:4:4:2
4:2:4:4:4:1:3:4:4:,clone,3919.8949722935968,4:2:4:4:4:1:3:4:4
3:2:4:3:2:3:4:4:2:,clone,2952.179150160173,3:2:4:3:2:3:4:4:2
2:2:4:4:1:4:4:4:2:,recombination,4772.53472411139,4:2:4:4:2:3:4:4:3,2:2:4:4:2:3:4:4:2
3:2:4:3:2:3:4:4:2:,clone,2943.6392486494315,3:2:4:3:2:3:4:4:2
4:3:4:4:4:1:1:3:4:,clone,2591.570540419354,4:3:4:4:4:1:1:4:4
3:2:4:4:2:4:4:4:2:,clone,3231.256939296721,3:2:4:4:2:4:4:4:2
2:2:4:4:2:4:4:4:2:,recombination,3589.490478418414,4:2:4:4:4:3:3:4:3,4:3:4:4:4:2:3:3:4,MUTATE
3:2:4:4:4:3:3:4:2:,recombination,3121.5530228164794,4:3:4:4:4:1:1:3:4,4:2:4:4:2:4:4:4:3,MUTATE
3:2:4:3:2:3:4:4:2:,clone,2811.0153647809952,3:2:4:3:2:3:4:4:2
3:2:4:3:1:4:4:4:3:,clone,3976.99782029276,3:2:4:3:1:4:4:4:3
3:2:4:3:2:4:4:4:2:,clone,2996.8501024597463,3:2:4:3:2:3:4:4:2
2:1:4:4:4:3:3:4:2:,clone,2942.531538183425,2:1:4:4:4:3:3:4:2
2:2:4:4:4:4:4:4:2:,recombination,4220.9184991555085,3:2:4:3:2:3:4:4:3,4:3:4:4:4:0:1:1:4
2:2:4:4:2:4:4:4:1:,recombination,4143.7040425265905,4:2:4:4:3:3:4:4:4,4:2:4:4:4:2:2:4:4
2:2:4:3:1:4:4:4:1:,recombination,4808.017652822269,2:1:4:4:3:4:4:4:2,3:2:4:4:2:3:4:4:3,MUTATE
4:2:4:4:2:3:4:4:3:,clone,3482.080174859636,4:2:4:4:3:3:4:4:3
3:2:4:3:1:4:4:4:3:,clone,3885.3340591781607,3:2:4:3:1:4:4:4:3
4:2:4:3:2:3:4:4:3:,recombination,3252.950470163813,4:3:4:4:4:1:1:4:4,4:4:2:4:4:1:1:4:4,MUTATE
1:1:4:1:0:4:4:4:0:,clone,2792.723661141016,1:1:4:2:0:4:4:4:0
3:1:4:4:4:4:4:4:2:,clone,3314.1377464493207,3:1:4:4:4:4:4:4:2
2:1:4:2:0:4:4:4:0:,clone,3257.6874292806506,2:1:4:2:0:4:4:4:0
2:1:4:3:1:4:4:4:1:,recombination,2917.205444384919,4:2:4:4:4:3:4:4:4,3:2:4:4:3:3:4:4:3,MUTATE
2:1:4:2:0:4:4:4:0:,recombination,2959.9301146160547,2:1:4:3:2:4:4:4:1,4:2:4:4:4:3:4:4:3
4:2:4:4:2:3:4:4:3:,clone,3315.3923488827754,4:2:4:4:2:3:4:4:3
2:1:4:2:0:4:4:4:0:,clone,2893.876486716629,2:1:4:2:0:4:4:4:0
2:1:4:2:0:4:4:4:1:,clone,3145.57671122655,2:1:4:2:0:4:4:4:1
3:2:4:3:1:4:4:4:3:,clone,3718.6462332013,3:2:4:3:1:4:4:4:3
2:1:4:4:3:4:4:4:1:,recombination,3092.2858550921314,2:1:4:2:1:4:4:4:1,2:2:4:3:1:4:4:4:1
3:1:4:3:2:3:4:4:2:,recombination,2863.647937909656,4:2:4:4:4:3:4:4:4,3:2:4:4:2:4:4:4:3,MUTATE
2:1:4:4:2:4:4:4:1:,recombination,3409.048862883003,3:2:4:4:4:3:4:4:3,4:4:3:4:4:1:1:4:4
2:2:4:3:2:4:4:4:2:,recombination,3889.9002903752103,4:4:4:4:4:1:1:4:4,3:2:4:4:3:4:4:4:2
2:1:4:1:0:4:4:4:0:,recombination,2994.665680609059,3:2:4:4:2:4:4:4:3,4:2:4:4:4:2:3:4:4
3:1:4:3:1:4:4:4:2:,recombination,2867.1871791245076,3:2:4:4:2:4:4:4:3,4:3:4:4:4:3:3:4:4,MUTATE
4:2:4:4:3:3:3:4:3:,recombination,2613.6389766019483,2:1:4:2:0:4:4:4:0,4:3:4:4:4:1:3:4:4
2:2:4:3:2:4:4:4:2:,recombination,3431.0767109525136,4:3:4:4:4:1:3:3:4,2:2:4:4:2:4:4:4:2
3:2:4:4:3:3:3:4:2:,clone,3090.098010092264,4:2:4:4:3:3:4:4:3
2:1:4:2:1:4:4:4:1:,recombination,2697.991452173993,2:1:4:3:2:3:4:4:1,4:3:4:4:4:1:1:4:4
1:1:4:2:1:4:4:4:0:,recombination,3434.0197938769206,3:2:4:4:3:4:4:4:2,3:1:4:4:4:4:4:4:2,MUTATE
3:2:4:4:3:3:4:4:2:,recombination,2815.2860153809447,4:2:4:4:4:3:4:4:3,4:2:4:4:4:3:3:4:4
3:2:4:3:1:4:4:4:2:,clone,3444.098978535691,3:2:4:3:1:4:4:4:2
1:1:4:2:0:4:4:4:0:,recombination,3456.160915227616,2:1:4:4:2:3:4:4:1,1:1:4:2:0:4:4:4:0,MUTATE
2:1:4:4:2:4:4:4:1:,recombination,3370.0702882734126,3:2:4:4:2:4:4:4:2,4:2:4:4:4:3:3:4:4,MUTATE
1:1:4:2:0:4:4:4:0:,recombination,3293.7790683190783,3:2:4:4:4:3:3:4:3,1:1:4:4:3:4:4:4:1
2:2:4:4:2:3:4:4:1:,recombination,3658.919755525696,4:4:4:4:4:1:2:4:4,2:2:4:4:2:4:4:4:1
4:2:4:4:2:3:4:4:3:,clone,3165.7151580270797,4:2:4:4:2:3:4:4:3
4:2:4:4:4:3:4:4:4:,clone,3202.3674552078205,4:3:4:4:4:3:3:4:4
1:1:4:2:1:4:4:4:0:,clone,3166.4597161816546,1:1:4:2:1:4:4:4:0
3:1:4:4:4:3:3:4:2:,recombination,2722.5071617884655,3:2:4:4:2:4:4:4:2,4:3:4:4:4:1:1:2:4
2:1:4:4:3:3:4:4:2:,recombination,3519.3894943678606,2:1:4:3:1:4:4:4:1,4:2:4:4:4:1:3:3:4
2:2:4:4:2:4:4:4:2:,clone,3458.133886466216,2:2:4:4:2:4:4:4:2
4:2:4:3:1:3:4:4:3:,recombination,3528.414606150982,4:2:4:3:2:3:4:4:3,3:1:4:4:4:3:3:4:2
2:2:4:4:4:3:3:4:2:,recombination,3143.2623774493236,3:1:4:4:3:3:4:4:2,3:1:4:4:4:3:3:4:2
4:2:4:4:2:3:4:4:3:,recombination,3076.2856514834198,3:2:4:4:3:3:3:4:2,4:3:3:4:4:2:3:4:4,MUTATE
2:2:4:3:1:4:4:4:1:,recombination,3918.884613221294,4:3:4:4:4:2:3:3:4,1:1:4:3:1:4:4:4:0,MUTATE
2:2:4:4:2:4:4:4:1:,clone,3757.9862827934544,2:2:4:4:2:4:4:4:2
3:1:4:4:2:3:4:4:2:,recombination,3021.4950913692765,3:2:4:4:3:3:4:4:2,4:3:4:4:4:1:3:2:4,MUTATE
2:2:4:4:3:3:4:4:2:,clone,3354.451571231219,2:2:4:4:4:3:3:4:2
1:1:4:3:1:4:4:4:1:,clone,4953.255703304412,1:1:4:3:1:4:4:4:1
2:1:4:3:0:4:4:4:1:,recombination,4326.195233033635,3:2:4:4:3:3:4:4:3,2:2:4:3:2:4:4:4:2,MUTATE
3:2:4:3:1:3:4:4:2:,recombination,3978.171646589271,4:4:3:4:4:1:1:4:4,3:1:4:3:1:4:4:4:2,MUTATE
2:1:4:3:0:4:4:4:1:,clone,4100.380571518846,2:1:4:2:0:4:4:4:1
2:1:4:4:1:4:4:4:1:,recombination,4801.6308373661695,2:2:4:4:2:3:4:4:2,4:3:4:4:4:1:3:4:4,MUTATE
4:2:4:3:2:3:4:4:4:,clone,2792.7236611410153,3:2:4:3:1:4:4:4:3
1:1:4:3:0:4:4:4:1:,recombination,4784.776977344291,4:3:4:4:4:2:3:4:4,3:2:4:3:2:3:4:4:2
4:2:4:3:1:3:4:4:3:,recombination,3136.1773875723866,4:3:4:4:4:1:2:4:4,3:2:4:3:1:4:4:4:3
1:1:4:4:2:4:4:4:1:,clone,3733.0934524464196,1:1:4:4:2:4:4:4:1
4:2:4:3:2:3:4:4:3:,recombination,2983.790155472692,4:4:4:4:4:2:1:4:4,2:2:4:4:4:3:4:4:2
3:2:4:3:1:4:4:4:2:,recombination,3321.394621335565,4:2:4:3:2:3:4:4:3,3:2:4:4:4:2:3:4:3,MUTATE
3:1:4:2:1:4:4:4:2:,recombination,2927.3028575581257,4:4:4:4:4:2:1:4:4,3:2:4:4:4:2:4:4:3,MUTATE
2:1:4:4:2:4:4:4:1:,clone,3283.1824755638017,2:1:4:4:2:4:4:4:1
2:2:4:4:1:4:4:4:1:,recombination,4881.52442174566,3:2:4:4:3:4:4:4:3,4:3:4:4:4:2:3:3:4
1:1:4:3:2:3:4:4:1:,recombination,3202.1671910196515,2:1:4:4:2:4:4:4:1,4:3:4:4:4:1:3:2:4,MUTATE
1:1:4:4:2:3:4:4:1:,recombination,4332.094406916232,1:1:4:3:1:4:4:4:1,3:2:4:4:4:3:3:4:3,MUTATE
1:1:4:3:1:4:4:4:1:,clone,4551.345812387768,1:1:4:3:1:4:4:4:1
1:1:4:3:2:4:4:4:1:,recombination,3619.3273231636267,2:1:4:4:2:4:4:4:1,4:3:4:4:4:2:2:4:4
4:2:4:3:1:4:4:4:3:,recombination,3462.5659292476794,2:2:4:4:4:3:4:4:2,2:1:4:3:1:4:4:4:1,MUTATE
4:2:4:4:3:3:4:4:4:,recombination,2907.677473621933,3:2:4:4:4:2:4:4:3,2:2:4:4:2:3:4:4:1,MUTATE
1:1:4:3:0:4:4:4:0:,clone,4357.90354037942,1:1:4:2:0:4:4:4:0
2:2:4:4:2:4:4:4:1:,clone,3371.9900548111073,2:2:4:4:2:4:4:4:1
2:1:4:4:2:4:4:4:1:,recombination,3231.0237776634776,2:1:4:4:2:4:4:4:1,2:2:4:4:3:3:4:4:2
2:2:4:4:3:4:4:4:1:,recombination,4137.5776329524,4:3:4:4:4:3:2:4:4,4:2:4:4:4:2:2:3:4
1:1:4:3:0:4:4:4:1:,clone,4676.162629238825,1:1:4:3:0:4:4:4:1
4:2:4:3:1:4:4:4:3:,clone,3460.7548172697097,4:2:4:3:1:4:4:4:3
2:1:4:3:2:4:4:4:2:,recombination,3502.758330222696,3:2:4:4:4:3:3:4:2,2:1:4:4:2:4:4:4:1
2:1:4:4:1:4:4:4:1:,clone,4639.766817747484,2:1:4:4:1:4:4:4:1
1:1:4:4:1:4:4:4:1:,recombination,4920.906871284046,4:3:4:4:4:1:2:3:4,2:1:4:4:2:4:4:4:1
3:2:4:3:1:4:4:4:2:,recombination,3242.5883329070407,3:2:4:3:1:4:4:4:3,4:4:2:4:4:2:2:4:4
4:2:4:4:2:4:4:4:4:,clone,3897.9206216631383,4:2:4:4:3:4:4:4:4
4:3:4:4:4:1:2:3:4:,clone,2849.3877055878816,4:3:4:4:4:1:2:4:4
4:2:4:4:3:4:4:4:4:,recombination,3387.2976905979303,3:2:4:3:1:4:4:4:3,4:4:4:4:4:2:2:4:4
4:2:4:4:4:4:3:4:4:,recombination,3536.511756065578,4:4:4:4:4:1:2:3:4,4:3:4:4:4:3:4:4:4,MUTATE
2:2:4:3:1:3:4:4:2:,recombination,3931.762407154994,4:4:2:4:4:2:1:4:4,4:3:3:4:4:2:3:4:4
4:2:4:3:1:4:4:4:3:,clone,3236.737532293967,4:2:4:3:1:4:4:4:3
4:4:4:4:4:1:2:3:4:,clone,2897.7557137035105,4:3:4:4:4:1:2:3:4
1:1:4:2:0:4:4:4:0:,recombination,3256.30548578164,2:2:4:4:3:4:4:4:2,3:2:4:4:2:4:4:4:3
2:1:4:4:2:4:4:4:2:,clone,3560.3144498943,2:1:4:4:2:4:4:4:2
2:2:4:3:1:4:4:4:1:,clone,3875.385316491939,2:2:4:3:1:4:4:4:1
1:1:4:3:0:4:4:4:0:,clone,4307.135909062002,1:1:4:3:0:4:4:4:0
4:2:4:3:2:3:4:4:3:,recombination,2950.6132648614775,4:2:4:4:3:3:4:4:4,4:4:4:4:4:2:2:4:4,MUTATE
2:2:4:4:2:3:4:4:2:,clone,3527.526234432249,2:2:4:4:2:3:4:4:2
4:2:4:4:2:3:4:4:3:,clone,2907.677473621933,4:2:4:4:3:3:4:4:4
4:2:4:3:1:4:4:4:3:,recombination,3117.3010908383385,4:2:4:4:3:3:4:4:4,4:2:4:3:1:4:4:4:3
4:2:4:3:1:4:4:4:3:,recombination,3113.0549577265133,4:2:4:4:3:3:4:4:4,4:3:4:4:4:2:2:4:4
4:2:4:4:2:3:4:4:3:,clone,2852.0346609842627,4:2:4:4:2:3:4:4:3
2:2:4:3:1:4:4:4:1:,recombination,3645.2779473064884,2:2:4:3:1:4:4:4:1,2:1:4:3:2:4:4:4:1
4:2:4:4:4:4:4:4:3:,recombination,3277.6798906459658,4:4:4:4:4:2:3:4:4,4:3:4:4:4:2:2:4:4,MUTATE
2:2:4:3:1:4:4:4:2:,recombination,3812.3693180963633,4:4:3:4:4:2:2:4:4,2:1:4:4:2:4:4:4:1,MUTATE
3:2:4:4:3:4:4:4:3:,clone,3335.787659249179,3:2:4:4:2:4:4:4:2
2:2:4:3:2:4:4:4:1:,recombination,3227.974471101588,2:2:4:4:2:4:4:4:1,2:2:4:4:3:3:4:4:2,MUTATE
2:1:4:4:2:3:4:4:2:,clone,3374.32890336522,2:2:4:4:2:3:4:4:2
1:1:4:3:1:4:4:4:1:,recombination,4260.212364770742,4:4:4:4:4:1:2:2:4,3:1:4:3:2:4:4:4:2
3:2:4:4:3:4:4:4:3:,clone,3171.2832392910045,4:2:4:4:3:4:4:4:3
1:1:4:3:1:4:4:4:1:,clone,4235.143927909495,1:1:4:3:1:4:4:4:1
3:2:4:4:2:3:4:4:3:,clone,3165.863878355454,3:2:4:4:2:3:4:4:3
3:2:4:4:2:3:4:4:3:,recombination,3089.4517203702694,2:1:4:4:4:3:3:4:2,2:2:4:3:2:4:4:4:2
2:2:4:2:1:4:4:4:1:,clone,3585.990051569044,2:2:4:2:1:4:4:4:1
2:1:4:4:1:4:4:4:1:,recombination,4620.558099910724,2:1:4:4:1:4:4:4:1,2:2:4:3:2:4:4:4:2,MUTATE
3:2:4:3:2:4:4:4:3:,clone,3374.913791563784,3:2:4:4:2:3:4:4:3
3:2:4:4:3:4:4:4:3:,clone,3168.8264322985156,3:2:4:4:3:4:4:4:3
4:2:4:4:4:4:3:4:4:,clone,3164.8733489570777,4:2:4:4:4:4:3:4:4
4:2:4:4:4:4:3:4:4:,clone,3112.307143253119,4:2:4:4:4:4:3:4:4
3:2:4:4:3:4:4:4:3:,clone,2966.5646495918068,3:2:4:4:3:4:4:4:3
2:1:4:4:2:3:4:4:2:,clone,3204.0301679318072,2:1:4:4:2:3:4:4:2
4:2:4:4:4:4:3:4:4:,clone,3112.3071432531187,4:2:4:4:4:4:3:4:4
3:2:4:3:2:3:4:4:3:,recombination,3522.3184107105135,2:2:4:4:4:3:4:4:2,4:3:4:4:4:2:3:3:4,MUTATE
3:2:4:4:2:3:4:4:2:,recombination,3341.3954142339035,1:1:4:4:2:4:4:4:1,4:2:4:4:2:3:4:4:3
1:1:4:2:0:4:4:4:0:,recombination,3221.344777564152,4:2:4:4:2:4:4:4:3,4:2:4:4:4:4:4:4:3,MUTATE
2:1:4:3:0:4:4:4:1:,clone,4099.081311526662,2:1:4:3:0:4:4:4:1
2:1:4:4:1:4:4:4:1:,recombination,4433.058498173382,4:3:4:4:4:2:2:2:4,4:3:4:4:4:1:1:4:4,MUTATE
2:1:4:2:0:4:4:4:1:,clone,3069.9547853273393,2:1:4:2:0:4:4:4:1
4:2:4:3:1:4:4:4:3:,clone,3061.836910784999,4:2:4:3:1:4:4:4:3
3:2:4:4:2:3:4:4:2:,clone,3336.360711667189,3:2:4:4:2:3:4:4:2
1:1:4:2:0:4:4:4:0:,clone,3193.28729862142,1:1:4:2:0:4:4:4:0
3:2:4:4:2:4:4:4:2:,recombination,3202.726279375739,2:2:4:4:3:3:4:4:2,4:4:4:4:4:1:1:4:4
3:2:4:4:2:4:4:4:3:,clone,3335.1334442962784,3:2:4:4:3:4:4:4:3
2:1:4:4:1:4:4:4:1:,recombination,4386.487380704829,2:1:4:4:1:4:4:4:1,4:2:4:4:3:4:4:4:3
3:2:4:4:2:4:4:4:2:,clone,3099.5008666733543,3:2:4:4:2:4:4:4:2
3:2:4:4:4:4:3:4:3:,recombination,3447.4258320535364,2:2:4:4:4:3:3:4:2,4:3:4:4:4:2:2:1:4
3:2:4:4:2:3:4:4:2:,recombination,3244.568541190125,4:4:4:4:4:1:1:1:4,1:1:4:2:0:4:4:4:0,MUTATE
2:1:4:2:0:4:4:4:1:,recombination,3016.255485091419,4:2:4:3:2:3:4:4:3,4:4:2:4:4:2:1:4:4
1:1:4:2:0:4:4:4:0:,clone,3163.602765683163,1:1:4:2:0:4:4:4:0
3:2:4:4:2:3:4:4:2:,clone,3081.0454917527036,3:2:4:4:2:3:4:4:2
3:2:4:4:2:3:4:4:2:,clone,3081.045491752703,3:2:4:4:2:3:4:4:2
3:2:4:4:2:4:4:4:2:,recombination,3022.7937910938663,2:1:4:2:0:4:4:4:0,3:2:4:4:2:4:4:4:2
1:1:4:2:0:4:4:4:0:,clone,3032.246173730965,1:1:4:2:0:4:4:4:0
1:1:4:3:0:4:4:4:0:,recombination,4107.847213791389,2:2:4:4:3:4:4:4:1,1:1:4:3:0:4:4:4:0
3:2:4:4:2:3:4:4:2:,clone,3067.3179731184073,3:2:4:4:2:3:4:4:2
2:1:4:1:0:4:4:4:0:,clone,2683.6146984702245,2:1:4:2:0:4:4:4:0
2:1:4:3:2:4:4:4:1:,recombination,2685.9494255959316,3:1:4:4:2:3:4:4:2,3:2:4:4:3:3:4:4:2
3:2:4:4:2:4:4:4:2:,recombination,2894.514702254773,3:2:4:4:2:4:4:4:2,3:1:4:3:2:3:4:4:2,MUTATE
1:1:4:2:0:4:4:4:0:,clone,2980.395616733908,1:1:4:2:0:4:4:4:0
2:1:4:2:0:4:4:4:0:,clone,2839.96225017372,2:1:4:1:0:4:4:4:0
4:2:4:4:2:4:4:4:4:,recombination,3548.9276452330946,4:3:3:4:4:2:3:4:4,4:2:4:3:1:4:4:4:3,MUTATE
4:2:4:4:4:4:4:4:4:,clone,3301.527765044558,4:2:4:4:4:4:4:4:4
2:1:4:3:1:4:4:4:2:,recombination,4209.164867891733,4:2:4:4:3:3:4:4:4,2:1:4:4:2:4:4:4:2
2:1:4:2:1:4:4:4:1:,recombination,2679.0295598794464,2:1:4:3:2:3:4:4:1,3:2:4:4:2:3:4:4:2,MUTATE
2:1:4:4:3:3:4:4:2:,recombination,3368.3630870101892,4:2:4:4:4:1:2:3:4,3:2:4:3:2:3:4:4:2
2:1:4:2:1:4:4:4:0:,clone,2679.0295598794464,2:1:4:2:1:4:4:4:1
2:1:4:2:0:4:4:4:0:,clone,2814.41046597848,2:1:4:2:0:4:4:4:0
1:1:4:2:0:4:4:4:0:,clone,2974.566918185767,1:1:4:1:0:4:4:4:0
2:1:4:3:1:4:4:4:2:,recombination,4182.684880374955,2:1:4:3:1:4:4:4:2,4:2:4:4:4:3:4:4:4,MUTATE
3:2:4:3:1:4:4:4:2:,recombination,3106.6101241398087,4:3:3:4:4:3:3:4:4,3:2:4:3:1:4:4:4:2,MUTATE
2:2:4:3:0:4:4:4:1:,recombination,4802.321496610726,4:2:4:4:4:3:4:4:4,3:2:4:4:4:3:3:4:3
1:1:4:2:0:4:4:4:0:,clone,2935.1780890018026,1:1:4:2:0:4:4:4:0
3:1:4:3:1:4:4:4:1:,recombination,2780.586966406681,4:3:3:4:4:3:2:4:4,4:4:4:4:4:2:2:4:4
1:1:4:2:0:4:4:4:0:,clone,2794.211811854173,1:1:4:2:0:4:4:4:0
4:2:4:4:4:4:4:4:3:,clone,3251.592041384962,4:2:4:4:4:4:4:4:3
3:1:4:2:0:4:4:4:2:,recombination,3524.306268333454,4:3:4:4:4:1:3:2:4,3:1:4:4:4:3:3:4:2
3:2:4:3:1:4:4:4:2:,recombination,2904.59519859875,4:4:3:4:4:3:2:4:4,3:2:4:4:4:2:4:4:3
0:1:4:2:0:4:4:4:0:,recombination,5371.285101657004,3:2:4:4:4:3:3:4:3,4:2:4:4:3:3:4:4:4
1:1:4:4:1:4:4:4:1:,recombination,4759.296252400896,4:3:4:4:4:2:2:4:4,4:3:4:4:4:2:3:3:4,MUTATE
3:1:4:3:1:4:4:4:1:,clone,2724.94415376901,2:1:4:3:1:4:4:4:1
2:2:4:4:1:4:4:4:2:,recombination,4293.249878504668,4:3:4:4:4:2:2:3:4,3:2:4:4:4:3:4:4:3
1:1:4:4:1:4:4:4:1:,clone,4699.033975765266,1:1:4:3:1:4:4:4:1
2:2:4:4:4:3:4:4:2:,recombination,3808.349073174327,4:2:4:4:4:2:2:4:4,3:2:4:4:2:4:4:4:3
1:1:4:3:1:4:4:4:1:,clone,4150.612494863457,1:1:4:3:1:4:4:4:1
2:1:4:2:0:4:4:4:2:,recombination,4343.010431506199,4:4:4:4:4:0:0:1:4,3:2:4:4:4:3:3:4:2
1:1:4:2:1:4:4:4:0:,clone,3115.0379096089378,2:1:4:2:1:4:4:4:0
3:1:4:4:1:4:4:4:2:,clone,4468.01705729389,3:1:4:3:1:4:4:4:2
3:2:4:2:0:4:4:4:2:,recombination,3936.080821015453,4:2:4:4:4:3:4:4:4,3:2:4:4:4:3:3:4:3
1:1:4:2:1:4:4:4:0:,clone,3088.356479338959,2:1:4:2:1:4:4:4:0
3:2:4:2:1:4:4:4:2:,recombination,3773.6967011929723,4:2:4:4:4:3:4:4:4,3:2:4:4:2:3:4:4:2,MUTATE
4:4:4:4:4:0:0:0:4:,clone,2514.012142417516,1:1:4:2:0:4:4:4:0
3:1:4:4:2:4:4:4:2:,recombination,3223.166687330506,4:2:4:4:4:2:3:4:3,4:4:4:4:4:2:2:4:4
4:4:4:4:4:1:1:2:4:,clone,2824.484472092923,4:4:4:4:4:1:1:2:4
4:4:4:4:4:1:2:3:4:,clone,2897.132726793056,4:4:4:4:4:1:1:3:4
2:1:4:4:4:4:4:4:2:,recombination,4174.652290676719,4:2:4:4:4:3:3:4:3,3:2:4:4:3:3:3:4:2
2:1:4:4:4:4:4:4:2:,recombination,3618.6513251532765,2:1:4:2:1:4:4:4:1,1:1:4:4:3:4:4:4:1
3:2:4:4:4:4:4:4:3:,recombination,3656.754186947177,4:2:4:4:4:4:4:4:3,4:3:4:4:4:2:2:4:4
4:4:4:4:4:0:1:1:4:,clone,2915.9876941609855,4:4:4:4:4:0:1:1:4
4:3:4:4:4:1:3:4:4:,recombination,3114.9206836401404,2:1:4:3:1:4:4:4:1,4:4:4:4:4:0:1:2:4
3:2:4:4:4:4:3:4:2:,recombination,3359.289464903152,2:2:4:4:2:4:4:4:1,3:1:4:3:1:4:4:4:2
1:1:4:3:0:4:4:4:0:,clone,4056.6566225632687,1:1:4:2:0:4:4:4:0
3:2:4:4:4:4:4:4:3:,recombination,3508.798026623864,3:2:4:3:1:4:4:4:2,3:1:4:3:2:4:4:4:2
3:1:4:4:2:4:4:4:2:,recombination,3187.174780247601,3:2:4:4:2:4:4:4:3,3:1:4:3:2:4:4:4:2,MUTATE
3:1:4:4:4:4:3:4:2:,clone,3366.4346226608995,3:1:4:4:2:4:4:4:2
2:1:4:4:1:4:4:4:2:,recombination,4341.808266406636,2:1:4:3:1:4:4:4:1,4:2:4:4:4:2:3:4:3
3:2:4:4:1:4:4:4:2:,recombination,4327.759384334575,3:2:4:3:1:4:4:4:3,4:2:4:4:4:4:3:4:4,MUTATE
3:1:4:4:4:3:4:4:2:,recombination,3620.791102685919,4:3:4:4:4:2:2:4:4,3:2:4:4:2:4:4:4:2,MUTATE
4:2:4:4:3:4:4:4:4:,recombination,3372.0825618709587,4:3:4:4:4:1:2:3:4,3:1:4:4:2:3:4:4:2
3:2:4:4:4:4:4:4:3:,recombination,3372.4518954616224,4:3:4:4:4:1:2:3:4,4:3:4:4:4:1:2:2:4,MUTATE
1:1:4:4:1:4:4:4:0:,recombination,4600.67282456802,3:1:4:3:1:4:4:4:2,3:2:4:4:2:4:4:4:3
4:2:4:4:4:2:3:4:4:,recombination,2576.5628063503104,4:3:4:4:4:1:3:4:4,2:2:4:4:2:4:4:4:1,MUTATE
1:1:4:3:0:4:4:4:1:,recombination,4513.463638745681,2:1:4:3:1:4:4:4:1,2:1:4:4:4:3:3:4:2,MUTATE
3:2:4:4:3:4:4:4:2:,recombination,3014.9291526619636,1:1:4:2:0:4:4:4:0,4:3:4:4:4:1:2:1:4
3:2:4:4:3:4:4:4:2:,recombination,2988.0297954034513,4:4:4:4:4:1:2:4:4,3:2:4:4:3:4:4:4:2,MUTATE
2:1:4:4:3:4:4:4:1:,clone,3034.7272963390733,2:1:4:4:3:4:4:4:1
2:1:4:3:1:4:4:4:2:,recombination,3994.681058763221,4:2:4:4:4:3:4:4:3,4:2:4:4:3:3:4:4:4
2:2:4:2:0:4:4:4:1:,clone,3790.7854172826255,2:1:4:3:1:4:4:4:1
2:2:4:3:1:4:4:4:2:,clone,3720.693365916959,2:1:4:3:1:4:4:4:1
2:1:4:3:1:4:4:4:2:,clone,3652.900475492283,2:1:4:3:1:4:4:4:1
2:2:4:4:3:4:4:4:2:,clone,3768.010145870419,2:2:4:4:3:4:4:4:2
3:2:4:2:1:4:4:4:2:,recombination,3585.6142419850166,4:4:4:4:4:0:1:1:4,3:1:4:3:1:4:4:4:1
3:2:4:4:3:3:3:4:2:,clone,2927.8059918853255,3:2:4:4:3:3:3:4:2
4:2:4:4:4:2:2:4:4:,clone,2456.289528474649,4:2:4:4:4:2:3:4:4
4:3:4:4:3:3:4:4:4:,recombination,3861.511950919287,4:2:4:4:4:2:3:4:4,4:4:4:4:4:1:1:3:4
3:2:4:3:1:4:4:4:3:,recombination,3461.363764212366,4:4:4:4:4:1:2:3:4,4:3:4:4:4:2:3:4:4,MUTATE
3:2:4:3:2:4:4:4:2:,clone,2826.1211035712167,3:1:4:3:1:4:4:4:2
3:2:4:3:2:3:4:4:3:,clone,3480.0183742620143,3:2:4:3:1:4:4:4:3
2:2:4:4:3:4:4:4:2:,clone,3636.698994542427,2:2:4:4:3:4:4:4:2
2:1:4:3:1:4:4:4:1:,recombination,2903.474338613654,4:3:4:4:4:1:1:4:4,4:4:3:4:4:3:2:4:4
3:2:4:2:1:4:4:4:2:,recombination,3547.856120011447,4:4:4:4:4:1:2:3:4,4:3:4:4:4:2:2:4:4,MUTATE
3:2:4:4:4:3:4:4:2:,clone,3278.0615822784403,3:2:4:4:3:3:4:4:2
2:1:4:4:3:4:4:4:2:,recombination,3497.27108207729,4:2:4:4:2:4:4:4:4,3:2:4:4:3:4:4:4:2
2:2:4:4:3:4:4:4:2:,clone,3302.281150739351,3:2:4:4:3:3:4:4:2
3:2:4:4:4:4:3:4:3:,recombination,3098.456513068641,1:1:4:2:0:4:4:4:0,2:1:4:4:1:4:4:4:1,MUTATE
4:4:4:4:4:1:1:2:4:,clone,2753.0950769920614,4:4:4:4:4:0:1:1:4
4:4:4:4:4:1:1:2:4:,clone,2750.3010906104178,4:4:4:4:4:1:1:2:4
2:1:4:3:1:4:4:4:1:,clone,2807.367002304095,2:1:4:3:1:4:4:4:1
0:1:4:3:0:4:4:4:0:,recombination,5906.825907973665,4:3:4:4:4:3:3:4:4,2:1:4:4:3:4:4:4:1,MUTATE
3:2:4:3:1:3:4:4:2:,clone,3824.888087446804,3:2:4:3:2:3:4:4:2
0:1:4:2:0:4:4:4:0:,clone,5121.933805289783,1:1:4:2:0:4:4:4:0
0:1:4:3:0:4:4:4:0:,clone,5792.898307017276,0:1:4:3:0:4:4:4:0
3:2:4:3:1:3:4:4:2:,recombination,3549.3206440619438,4:4:4:4:4:2:1:4:4,4:3:3:4:4:2:3:4:4,MUTATE
4:2:4:4:4:3:4:4:3:,recombination,3215.714252389242,4:2:4:4:4:2:2:4:4,3:2:4:3:1:4:4:4:2,MUTATE
2:1:4:3:2:3:4:4:1:,recombination,3008.6411528454128,1:1:4:1:0:4:4:4:0,4:4:3:4:4:1:2:4:4,MUTATE
2:1:4:2:0:4:4:4:1:,recombination,2954.3318349773776,4:4:3:4:4:2:1:4:4,3:2:4:4:2:4:4:4:2,MUTATE
3:2:4:4:3:3:3:4:2:,recombination,2832.3607596999523,3:1:4:4:4:4:3:4:2,4:2:4:4:4:3:4:4:3,MUTATE
2:1:4:3:2:3:4:4:1:,clone,2888.377203932696,2:1:4:3:2:3:4:4:1
4:2:4:4:3:3:4:4:3:,clone,2821.156901964879,4:2:4:4:4:3:3:4:3
2:1:4:2:0:4:4:4:1:,recombination,2933.500515193106,2:1:4:2:0:4:4:4:1,4:2:4:4:4:3:4:4:3
3:2:4:4:3:3:4:4:3:,clone,2832.6926246888092,4:2:4:4:3:3:4:4:3
2:2:4:4:4:4:4:4:2:,recombination,3661.0864122446237,4:3:4:4:4:1:1:3:4,3:2:4:4:3:3:4:4:2,MUTATE
3:2:4:4:3:3:4:4:3:,recombination,2661.102880450353,3:2:4:3:2:4:4:4:2,3:2:4:4:3:3:3:4:2
2:2:4:4:3:4:4:4:1:,recombination,3730.0808277233036,3:1:4:4:2:4:4:4:2,4:3:4:4:4:0:1:1:4,MUTATE
3:1:4:4:2:4:4:4:2:,clone,3129.7972142425006,3:1:4:3:1:4:4:4:2
3:2:4:4:2:4:4:4:3:,clone,3189.365576099231,4:2:4:4:3:3:4:4:3
2:2:4:3:2:3:4:4:2:,recombination,3425.9608618757984,3:2:4:4:3:3:4:4:3,2:2:4:4:3:4:4:4:2
4:2:4:4:2:3:4:4:4:,clone,3139.4024891490003,4:2:4:4:2:3:4:4:4
3:2:4:4:4:4:4:4:2:,clone,3340.468662208134,3:2:4:4:4:4:4:4:2
1:1:4:3:0:4:4:4:0:,clone,4055.276173103627,1:1:4:3:0:4:4:4:0
4:3:4:4:3:3:4:4:4:,recombination,3595.307085598094,3:2:4:3:1:4:4:4:2,4:4:2:4:4:1:2:4:4
2:2:4:4:4:4:4:4:2:,recombination,3648.662163272802,2:2:4:4:4:4:4:4:2,2:1:4:2:1:4:4:4:1,MUTATE
2:2:4:4:3:3:4:4:1:,recombination,4316.180509477816,4:2:4:4:4:1:3:4:4,2:1:4:4:2:4:4:4:2,MUTATE
3:1:4:3:1:3:4:4:2:,recombination,3290.243709207857,4:4:4:4:4:0:2:4:4,4:4:4:4:4:2:2:4:4,MUTATE
3:2:4:4:4:3:3:4:3:,recombination,2705.6139038033643,2:1:4:4:3:3:4:4:2,4:2:4:4:4:4:4:4:4,MUTATE
3:1:4:3:1:3:4:4:2:,recombination,3288.270049457976,2:1:4:3:1:4:4:4:1,3:1:4:3:1:3:4:4:2
2:2:4:4:3:3:4:4:1:,clone,3855.552921910203,2:2:4:4:3:3:4:4:1
2:1:4:4:2:4:4:4:1:,clone,3228.795005807486,2:1:4:4:2:4:4:4:1
1:1:4:3:0:4:4:4:0:,clone,4052.6626790113287,1:1:4:3:0:4:4:4:0
2:1:4:4:4:3:4:4:1:,recombination,3781.1943112368594,3:2:4:3:2:4:4:4:2,4:4:4:4:4:0:1:3:4,MUTATE
2:2:4:4:1:4:4:4:1:,recombination,4286.745789332297,4:2:4:4:3:4:4:4:4,3:2:4:4:4:3:3:4:3,MUTATE
3:2:4:4:1:3:4:4:3:,recombination,4573.815777425545,4:4:4:4:4:2:2:4:4,4:3:4:4:3:3:4:4:4,MUTATE
1:1:4:4:3:4:4:4:0:,clone,4335.235833622976,1:1:4:4:3:4:4:4:0
2:1:4:3:1:3:4:4:1:,clone,3579.2754214965416,2:1:4:3:1:4:4:4:1
1:1:4:3:1:4:4:4:0:,recombination,3312.111378392672,4:3:3:4:4:2:2:4:4,2:1:4:3:1:4:4:4:2,MUTATE
1:1:4:4:3:4:4:4:0:,recombination,4025.294447451826,2:1:4:4:4:3:4:4:1,4:4:4:4:4:1:1:4:4
3:2:4:2:0:4:4:4:2:,recombination,3740.3274132978563,4:4:4:4:4:1:1:2:4,4:2:4:4:2:3:4:4:4,MUTATE
1:1:4:3:2:4:4:4:0:,clone,3574.7035733147486,1:1:4:3:2:4:4:4:0
1:1:4:3:2:4:4:4:0:,recombination,3472.658695782556,2:1:4:2:1:4:4:4:1,4:3:4:4:4:3:3:4:4,MUTATE
3:2:4:3:1:3:4:4:3:,clone,4207.917419719215,3:2:4:3:1:3:4:4:3
2:1:4:4:1:3:4:4:2:,recombination,4357.088689507384,1:1:4:4:1:4:4:4:1,2:1:4:3:2:3:4:4:1
1:1:4:4:3:4:4:4:0:,recombination,3976.4665696505463,4:3:3:4:4:2:2:4:4,2:1:4:4:4:3:4:4:1
3:2:4:2:0:4:4:4:2:,clone,3596.8304806988244,3:2:4:2:0:4:4:4:2
2:1:4:3:1:3:4:4:2:,clone,4235.151547547492,2:1:4:3:1:3:4:4:2
4:4:4:4:4:1:2:3:4:,clone,2891.41362584877,4:4:4:4:4:1:2:3:4
1:1:4:2:0:4:4:4:1:,recombination,4420.039869633113,4:2:4:4:4:2:3:3:4,3:2:4:4:3:4:4:4:3,MUTATE
3:2:4:3:0:4:4:4:2:,recombination,4108.951530507112,3:2:4:4:3:3:3:4:2,3:2:4:3:1:3:4:4:3,MUTATE
3:2:4:3:1:3:4:4:2:,recombination,3542.493002389464,4:3:4:4:4:2:3:4:4,4:4:4:4:4:0:2:4:4,MUTATE
3:2:4:3:1:3:4:4:2:,recombination,3484.108251190558,4:2:4:4:2:3:4:4:4,1:1:4:4:3:4:4:4:0,MUTATE
4:4:4:4:4:0:1:0:4:,recombination,3191.237396036973,4:2:4:4:4:3:4:4:3,4:2:4:4:4:3:3:4:3
4:4:3:4:4:1:1:2:4:,clone,2902.630184623133,4:4:4:4:4:1:1:2:4
2:1:4:3:0:4:4:4:1:,clone,4079.296573614217,2:1:4:3:0:4:4:4:1
2:1:4:4:4:4:4:4:1:,clone,3497.8603358225287,2:1:4:4:4:4:4:4:1
3:2:4:4:4:3:4:4:3:,recombination,3254.6789191132143,4:3:4:4:4:1:3:4:4,4:2:4:4:4:4:4:4:4
1:1:4:1:0:4:4:4:0:,recombination,2752.084799076448,4:3:4:4:4:1:2:2:4,2:1:4:3:1:4:4:4:2,MUTATE
1:1:4:4:1:4:4:4:1:,recombination,4510.650922727643,2:2:4:4:3:3:4:4:1,2:1:4:3:1:4:4:4:2
2:2:4:3:1:4:4:4:1:,clone,3441.683044347323,2:2:4:3:1:4:4:4:1
2:2:4:3:1:4:4:4:1:,clone,3310.489293881936,2:2:4:3:1:4:4:4:1
3:2:4:4:1:4:4:4:3:,recombination,4610.59018271887,2:2:4:3:1:4:4:4:2,4:4:4:4:4:1:1:2:4
1:1:4:4:3:4:4:4:1:,clone,3604.315533257225,1:1:4:4:3:4:4:4:1
1:1:4:4:3:4:4:4:1:,clone,3565.406711626896,1:1:4:4:3:4:4:4:1
1:1:4:3:1:4:4:4:0:,recombination,3239.7049952436982,4:3:4:4:4:1:3:4:4,2:1:4:3:1:4:4:4:1
2:1:4:3:0:4:4:4:1:,recombination,4063.079726317851,3:2:4:4:4:3:3:4:3,3:2:4:4:2:3:4:4:2
1:1:4:3:1:4:4:4:0:,clone,3128.856176946158,1:1:4:3:1:4:4:4:0
4:4:0:4:4:0:0:0:4:,clone,2712.5011739463066,1:1:4:1:0:4:4:4:0
4:4:1:4:4:0:0:1:4:,clone,2742.6914399867474,4:4:1:4:4:0:0:1:4
4:4:2:4:4:0:0:0:4:,clone,2627.585313510913,4:4:1:4:4:0:0:0:4
2:1:4:4:2:4:4:4:1:,recombination,3159.7931716711937,3:2:4:4:3:3:4:4:2,2:1:4:3:1:4:4:4:1,MUTATE
3:1:4:3:0:4:4:4:2:,recombination,4265.255981951973,4:3:4:4:3:3:4:4:4,4:2:4:4:2:3:4:4:4
4:4:2:4:4:0:0:0:4:,clone,2597.395047470472,4:4:1:4:4:0:0:0:4
4:3:3:4:4:1:3:4:4:,recombination,3345.743731318552,4:2:4:4:4:2:4:4:4,1:1:4:3:1:4:4:4:0,MUTATE
4:4:2:4:4:0:0:1:4:,clone,2627.585313510913,4:4:2:4:4:0:0:1:4
4:4:3:4:4:0:0:0:4:,clone,2613.795798864538,4:4:3:4:4:0:0:0:4
4:4:3:4:4:0:1:2:4:,recombination,2892.6288538947833,4:3:4:4:4:1:2:4:4,3:2:4:4:2:3:4:4:2
4:4:3:4:4:0:0:0:4:,recombination,2610.957889028624,4:4:2:4:4:0:0:0:4,4:3:3:4:4:2:2:4:4,MUTATE
4:4:3:4:4:0:0:2:4:,clone,2885.868090272305,4:4:3:4:4:0:0:1:4
1:1:4:3:0:4:4:4:0:,recombination,4045.2604797964414,4:4:3:4:4:3:2:4:4,4:4:4:4:4:1:2:4:4
2:1:4:1:0:4:4:4:1:,clone,2792.723661141016,2:1:4:2:0:4:4:4:1
2:1:4:1:0:4:4:4:1:,clone,2792.7236611410153,2:1:4:1:0:4:4:4:1
4:2:4:4:3:4:4:4:4:,recombination,3258.054007107947,2:1:4:4:2:4:4:4:2,3:2:4:4:4:4:4:4:3
2:1:4:4:1:4:4:4:1:,recombination,4378.725193067301,3:2:4:3:1:4:4:4:2,3:1:4:3:2:4:4:4:2,MUTATE
3:2:4:2:1:3:4:4:2:,clone,3421.8072844109047,3:2:4:2:1:3:4:4:2
2:1:4:4:1:4:4:4:1:,clone,4376.489850223466,2:1:4:3:1:4:4:4:1
2:1:4:2:0:4:4:4:2:,clone,4086.0949784593154,2:1:4:2:0:4:4:4:2
3:1:4:2:1:3:4:4:2:,recombination,3483.844781751435,4:4:4:4:4:0:0:2:4,4:2:4:4:3:4:4:4:3,MUTATE
2:2:4:3:0:4:4:4:2:,clone,4551.979639483632,2:2:4:3:0:4:4:4:2
1:2:4:4:2:4:4:4:1:,clone,5075.006774327696,2:2:4:4:2:4:4:4:1
2:1:4:4:1:4:4:4:1:,clone,4362.689832566709,2:1:4:4:2:4:4:4:1
2:1:4:3:0:4:4:4:1:,clone,4053.2643758355666,2:1:4:3:0:4:4:4:1
4:2:4:2:1:4:4:4:3:,clone,2746.058061173379,4:2:4:2:1:4:4:4:3
2:1:4:3:0:4:4:4:1:,clone,4053.2643758355657,2:1:4:3:0:4:4:4:1
3:1:4:3:1:4:4:4:2:,recombination,2800.9207862747444,2:1:4:2:1:4:4:4:0,4:3:4:4:4:1:3:3:4,MUTATE
2:2:4:3:0:4:4:4:1:,recombination,4491.9767404102595,1:1:4:2:0:4:4:4:0,4:4:4:4:4:1:2:2:4,MUTATE
2:1:4:2:0:4:4:4:1:,clone,2804.223596798946,2:1:4:2:1:4:4:4:1
2:2:4:3:0:4:4:4:1:,clone,4261.6397057700115,2:2:4:3:0:4:4:4:1
1:1:4:3:0:4:4:4:0:,recombination,4039.895106582654,3:2:4:4:4:3:3:4:3,4:3:4:4:4:2:3:4:4,MUTATE
4:3:4:4:4:2:4:4:4:,clone,4293.485720814627,4:3:4:4:4:2:4:4:4
1:1:4:1:0:4:4:4:0:,recombination,2707.767775396877,4:2:4:4:3:4:4:4:4,4:3:4:4:4:1:1:4:4
1:1:4:1:0:4:4:4:0:,recombination,2621.4573289225987,2:1:4:4:4:4:4:4:2,3:2:4:3:1:4:4:4:3,MUTATE
4:3:4:4:4:2:4:4:4:,clone,4290.3065345464975,4:3:4:4:4:2:4:4:4
4:4:4:4:4:0:0:0:4:,clone,2423.3341519515043,1:1:4:2:0:4:4:4:0
4:4:4:4:4:0:1:1:4:,recombination,2640.099082272563,4:4:4:4:4:0:0:0:4,1:1:4:3:2:4:4:4:0,MUTATE
4:4:4:4:4:0:0:1:4:,clone,2423.3341519515043,4:4:4:4:4:0:0:0:4
4:4:4:4:4:0:1:3:4:,clone,2620.4964172034297,4:4:4:4:4:0:1:3:4
4:4:4:4:4:0:1:2:4:,clone,2613.215586153604,4:4:4:4:4:0:0:1:4
2:2:4:3:0:4:4:4:1:,recombination,4173.854032358149,2:1:4:4:3:3:4:4:1,2:1:4:3:2:4:4:4:2
1:1:4:2:0:4:4:4:0:,clone,2793.155460584393,1:1:4:2:0:4:4:4:0
1:1:4:3:0:4:4:4:0:,recombination,4032.35172540161,4:3:4:4:4:3:4:4:4,4:3:4:4:4:1:2:3:4,MUTATE
4:3:4:4:4:2:4:4:4:,clone,4268.821164031333,4:3:4:4:4:2:4:4:4
4:3:4:4:4:2:4:4:4:,clone,4256.301035405927,4:3:4:4:4:2:4:4:4
3:1:4:4:4:3:4:4:2:,clone,3555.424846930866,3:1:4:4:4:3:4:4:2
0:1:4:2:0:4:4:4:0:,clone,4736.194035180152,1:1:4:2:0:4:4:4:0
2:2:4:4:4:3:4:4:2:,clone,3792.188761326441,2:2:4:4:3:3:4:4:2
2:1:4:4:1:4:4:4:1:,recombination,4349.951189373154,4:2:4:3:1:4:4:4:3,4:3:4:4:4:2:3:3:4
1:1:4:3:1:4:4:4:1:,recombination,4129.631620318645,2:1:4:2:1:4:4:4:1,1:1:4:2:0:4:4:4:0,MUTATE
3:1:4:4:4:3:4:4:2:,recombination,3462.3114209449095,2:2:4:4:2:3:4:4:1,3:1:4:4:4:3:4:4:2,MUTATE
4:3:4:4:4:2:4:4:4:,clone,4053.049146670488,4:3:4:4:4:3:4:4:4
4:4:4:4:4:0:2:2:4:,clone,3467.2207395736737,4:4:4:4:4:0:1:2:4
1:1:4:4:2:4:4:4:0:,recombination,4303.678799185423,3:2:4:3:2:3:4:4:2,3:2:4:4:4:3:3:4:3
2:2:4:4:4:3:4:4:2:,clone,3701.4559186486645,2:1:4:4:4:3:4:4:2
4:3:4:4:4:2:4:4:4:,recombination,3941.4012229707364,4:2:4:3:1:4:4:4:3,4:3:4:4:4:2:4:4:4,MUTATE
4:3:4:4:4:2:4:4:4:,recombination,3848.5982657953778,4:4:4:4:4:0:0:1:4,4:3:4:4:4:2:4:4:4,MUTATE
4:3:4:4:4:2:4:4:4:,recombination,3715.14640172313,4:3:4:4:4:2:4:4:4,3:2:4:3:2:4:4:4:2,MUTATE
2:1:4:2:0:4:4:4:1:,recombination,2792.723661141015,4:3:4:4:4:1:3:4:4,4:2:4:3:2:3:4:4:3,MUTATE
3:1:4:2:1:4:4:4:2:,clone,2862.304073790644,3:1:4:3:2:4:4:4:2
4:4:4:4:4:0:1:3:4:,recombination,2563.1209350554395,2:2:4:4:4:3:4:4:2,3:2:4:3:1:4:4:4:3,MUTATE
4:4:4:4:4:1:2:2:4:,clone,3039.5050876883574,4:4:4:4:4:1:2:2:4
4:4:4:4:4:1:2:2:4:,recombination,2950.629042678204,3:1:4:4:4:3:4:4:2,4:2:4:3:1:3:4:4:3
4:4:4:4:4:0:0:2:4:,recombination,2606.79930864625,2:2:4:4:4:3:4:4:2,2:2:4:4:4:3:4:4:2
2:2:4:4:4:3:3:4:2:,recombination,2918.853518728063,1:1:4:2:0:4:4:4:0,4:3:4:4:4:1:3:2:4
4:2:4:4:4:4:4:4:3:,recombination,3231.1128004809593,4:3:4:4:4:1:3:4:4,4:3:4:4:4:2:1:4:4
3:2:4:4:1:4:4:4:2:,clone,4283.703140023504,3:2:4:4:2:4:4:4:3
4:2:4:4:4:4:4:4:3:,clone,3200.094476977336,4:2:4:4:4:4:4:4:3
2:2:4:4:3:4:4:4:1:,recombination,3609.8447855241657,0:1:4:2:0:4:4:4:0,2:2:4:4:4:3:4:4:2
2:2:4:4:1:4:4:4:2:,recombination,4253.485476604235,4:3:4:4:4:0:1:0:4,4:4:2:4:4:1:2:4:4,MUTATE
3:2:4:3:1:3:4:4:2:,recombination,3417.6385349226175,2:2:4:3:1:3:4:4:2,2:1:4:2:0:4:4:4:1,MUTATE
3:1:4:3:2:3:4:4:2:,clone,2807.8560594972255,3:1:4:3:2:4:4:4:2
3:1:4:3:1:3:4:4:2:,clone,3276.078078377748,3:1:4:3:1:3:4:4:2
0:1:4:3:0:4:4:4:0:,clone,5732.037747503772,1:1:4:2:0:4:4:4:0
2:1:4:3:2:3:4:4:2:,recombination,3148.1689626642515,3:2:4:4:2:4:4:4:2,4:3:3:4:4:2:3:4:4,MUTATE
3:2:4:3:2:3:4:4:3:,recombination,3325.066485253807,4:3:4:4:4:1:2:4:4,4:3:4:4:4:2:4:4:4,MUTATE
1:1:4:3:1:4:4:4:1:,clone,4048.4893756327924,1:1:4:3:1:4:4:4:1
2:1:4:3:0:4:4:4:1:,recombination,4043.4247564741895,4:3:4:4:4:2:2:4:4,4:3:4:4:4:1:2:3:4,MUTATE
2:1:4:4:1:3:4:4:1:,clone,4618.538480178106,2:1:4:3:1:4:4:4:1
1:1:4:3:1:4:4:4:1:,clone,3914.10513091353,2:1:4:3:1:4:4:4:1
4:4:4:4:4:0:0:2:4:,clone,2583.6679279699215,4:4:4:4:4:0:0:2:4
3:1:4:4:4:3:4:4:2:,clone,3457.8248594594725,3:1:4:4:4:3:3:4:2
3:2:4:4:4:4:3:4:2:,recombination,3313.765209804286,4:4:3:4:4:1:2:4:4,3:2:4:3:2:3:4:4:2
2:1:4:4:2:4:4:4:1:,clone,3147.275351891105,2:1:4:4:3:4:4:4:1
2:2:4:4:4:3:4:4:2:,recombination,3643.007832978505,4:3:4:4:4:2:2:4:4,4:2:4:4:3:3:4:4:4,MUTATE
3:1:4:2:0:4:4:4:1:,recombination,2856.5172899589734,3:2:4:4:3:3:4:4:2,4:4:2:4:4:2:2:4:4
3:2:4:3:1:3:4:4:2:,recombination,3151.0437676771626,3:2:4:4:4:3:4:4:3,3:2:4:3:2:3:4:4:3
2:2:4:2:0:4:4:4:1:,recombination,3763.91972579324,4:2:4:4:4:3:4:4:3,3:2:4:4:4:4:3:4:3
3:2:4:3:1:3:4:4:2:,clone,3122.0977741638917,3:2:4:3:1:3:4:4:2
3:2:4:4:4:2:3:4:2:,recombination,3270.7577248178013,4:2:4:4:4:1:3:3:4,2:1:4:4:2:3:4:4:1
3:2:4:3:1:3:4:4:2:,clone,3098.04753711297,3:2:4:3:1:3:4:4:2
3:2:4:4:3:4:3:4:3:,clone,3079.2696244160566,3:2:4:4:3:4:4:4:3
3:2:4:4:4:2:4:4:2:,clone,3453.0556727989556,3:2:4:4:4:3:4:4:2
1:1:4:3:0:4:4:4:1:,clone,4462.498782043516,1:1:4:3:0:4:4:4:1
2:1:4:4:2:4:4:4:2:,recombination,3538.026388681187,3:2:4:4:3:4:3:4:3,4:4:4:4:4:2:1:4:4,MUTATE
1:1:4:3:0:4:4:4:1:,recombination,4443.079556548883,1:1:4:3:0:4:4:4:1,1:1:4:2:0:4:4:4:0
1:1:4:3:0:4:4:4:1:,clone,4336.702189373562,1:1:4:3:0:4:4:4:1
3:2:4:4:3:4:4:4:2:,clone,2922.591110458689,3:2:4:4:3:4:4:4:2
3:2:4:4:3:3:3:4:3:,clone,2983.9005531041817,3:2:4:4:4:3:3:4:3
3:2:4:4:3:4:4:4:2:,recombination,2705.2130347474467,2:1:4:4:2:4:4:4:2,3:2:4:4:3:4:3:4:3,MUTATE
3:2:4:4:3:3:3:4:3:,recombination,2898.71680616845,4:2:4:4:3:3:4:4:4,3:2:4:4:3:3:3:4:3,MUTATE
3:2:4:4:4:4:3:4:2:,clone,3232.8826183694246,3:2:4:4:2:4:4:4:2
2:1:4:4:2:4:4:4:1:,recombination,3092.0315689348777,4:4:3:4:4:1:2:4:4,4:3:4:4:4:3:3:4:4,MUTATE
1:1:4:4:2:4:4:4:0:,recombination,4215.8754231043595,3:2:4:4:3:4:4:4:2,3:2:4:4:4:4:3:4:2,MUTATE
1:1:4:4:2:4:4:4:0:,clone,4148.577202513767,1:1:4:4:2:4:4:4:0
1:1:4:4:2:4:4:4:0:,clone,3799.6324981461403,1:1:4:4:2:4:4:4:0
1:1:4:4:2:4:4:4:0:,clone,3797.4973767860492,1:1:4:4:2:4:4:4:0
2:1:4:4:4:3:3:4:1:,recombination,4114.1925397012565,3:2:4:4:3:3:3:4:2,4:2:4:4:4:1:3:3:4
4:2:4:4:2:4:4:4:4:,clone,3221.3095893126374,4:2:4:4:3:3:4:4:4
4:2:4:4:2:4:4:4:4:,clone,3174.4369895409463,4:2:4:4:2:4:4:4:4
2:1:4:2:0:4:4:4:1:,clone,2732.4250250381665,2:1:4:2:0:4:4:4:1
3:2:4:4:2:4:4:4:2:,recombination,2810.3625431192704,4:3:4:4:4:2:2:4:4,2:2:4:3:2:4:4:4:2,MUTATE
2:1:4:1:0:4:4:4:0:,clone,2655.4053510505487,2:1:4:1:0:4:4:4:0
2:1:4:2:0:4:4:4:0:,recombination,2796.4677738681967,2:1:4:3:1:4:4:4:1,3:1:4:3:2:4:4:4:2
2:1:4:1:0:4:4:4:0:,clone,2655.4053510505482,2:1:4:1:0:4:4:4:0
3:1:4:4:1:4:4:4:2:,clone,4305.489131766149,3:1:4:4:1:4:4:4:2
1:1:4:4:3:4:4:4:0:,recombination,3876.7961092058245,4:2:4:4:4:1:2:3:4,1:1:4:3:0:4:4:4:0
1:1:4:4:3:4:4:4:0:,recombination,3751.9334779188193,3:2:4:4:4:3:3:4:3,3:2:4:4:3:4:4:4:2,MUTATE
3:2:4:2:1:4:4:4:2:,recombination,2908.661946441751,2:1:4:4:3:3:4:4:1,2:1:4:3:1:4:4:4:1
3:1:4:2:1:4:4:4:2:,recombination,2792.7236611410153,4:2:4:4:3:3:4:4:4,3:2:4:4:4:3:4:4:2,MUTATE
3:1:4:2:1:4:4:4:2:,clone,2792.723661141015,3:1:4:2:1:4:4:4:2
1:1:4:3:2:4:4:4:0:,recombination,3357.4249804111805,4:3:4:4:4:2:3:4:4,3:2:4:4:4:3:3:4:3
2:1:4:2:0:4:4:4:0:,recombination,2792.723661141015,4:4:4:4:4:2:1:4:4,4:2:4:4:4:3:3:4:4,MUTATE
2:1:4:4:3:4:4:4:2:,clone,3497.028100609741,2:2:4:4:2:4:4:4:2
2:1:4:2:0:4:4:4:0:,recombination,2765.3531586971567,2:1:4:4:2:4:4:4:2,3:1:4:2:0:4:4:4:2,MUTATE
1:1:4:3:1:4:4:4:0:,recombination,2999.073686815699,2:1:4:2:0:4:4:4:1,3:2:4:4:3:3:3:4:3
2:1:4:3:1:3:4:4:1:,recombination,3019.816382906522,1:1:4:2:0:4:4:4:0,4:4:3:4:4:2:2:4:4,MUTATE
2:1:4:3:1:3:4:4:1:,clone,2871.0350521426044,2:1:4:3:1:3:4:4:1
2:2:4:4:2:3:4:4:2:,recombination,3235.6115563979347,4:2:4:4:4:4:4:4:4,2:1:4:3:1:4:4:4:1,MUTATE
1:1:4:3:1:4:4:4:0:,clone,2999.028246191493,1:1:4:3:1:4:4:4:0
4:2:4:4:3:4:4:4:4:,clone,3196.639764790504,4:2:4:4:3:4:4:4:4
4:2:4:4:4:3:4:4:4:,recombination,3146.5231885143207,3:2:4:4:2:4:4:4:3,4:4:3:4:4:2:3:4:4
1:1:4:4:1:4:4:4:0:,recombination,4527.994862418363,1:1:4:2:1:4:4:4:0,4:2:4:4:4:1:2:3:4,MUTATE
2:1:4:3:0:4:4:4:1:,clone,4036.476741569909,2:1:4:2:0:4:4:4:1
3:1:4:4:2:4:4:4:2:,recombination,2758.040960258865,4:2:4:4:4:4:4:4:4,4:2:4:4:4:3:4:4:4
2:2:4:4:3:4:4:4:1:,clone,3594.948234977835,2:1:4:4:2:4:4:4:1
2:2:4:4:2:4:4:4:1:,clone,3364.239466596481,2:1:4:4:2:4:4:4:1
0:1:4:3:0:4:4:4:0:,recombination,5709.543810845014,3:2:4:4:4:2:3:4:3,3:1:4:4:3:3:4:4:2,MUTATE
4:4:4:4:4:1:3:4:4:,recombination,3200.433961408006,2:1:4:2:0:4:4:4:0,4:3:4:4:4:2:2:1:4,MUTATE
4:4:3:4:4:1:1:3:4:,clone,3107.4956442280236,4:4:4:4:4:1:1:3:4
4:4:4:4:4:0:0:2:4:,clone,2543.568201691933,4:4:4:4:4:0:0:2:4
4:2:4:4:3:3:4:4:4:,clone,2792.7236611410153,4:2:4:4:3:3:4:4:4
4:4:3:4:4:0:0:3:4:,clone,2750.1876395222203,4:4:4:4:4:0:0:3:4
2:1:4:4:4:3:4:4:2:,recombination,3839.265264399661,4:3:4:4:4:2:1:4:4,2:1:4:2:0:4:4:4:1,MUTATE
1:1:4:4:1:4:4:4:0:,clone,4473.435636433723,1:1:4:3:1:4:4:4:0
4:4:4:4:4:0:0:3:4:,clone,2553.8252252097795,4:4:4:4:4:0:0:3:4
3:1:4:4:4:3:4:4:2:,clone,3424.17910815064,3:1:4:4:4:3:4:4:2
4:4:4:4:4:0:1:0:4:,clone,3115.939999183874,4:4:4:4:4:0:0:0:4
4:4:4:4:4:1:2:1:4:,clone,3463.645639410519,4:4:4:4:4:1:2:1:4
4:4:4:4:4:1:2:1:4:,clone,3463.6456394105185,4:4:4:4:4:1:2:1:4
2:1:4:4:4:3:4:4:2:,clone,3586.497844593149,2:1:4:4:3:3:4:4:2
4:4:4:4:4:1:0:3:4:,clone,2602.925945869727,4:4:4:4:4:1:1:3:4
2:1:4:4:3:3:4:4:2:,recombination,3073.8613163991013,4:2:4:3:2:3:4:4:3,2:1:4:3:2:4:4:4:1,MUTATE
2:1:4:4:3:3:4:4:1:,recombination,3273.4640296317866,3:2:4:4:4:3:3:4:3,2:1:4:4:3:3:4:4:2
4:3:4:4:4:4:3:4:4:,recombination,3507.526887972807,2:1:4:3:1:4:4:4:2,2:1:4:1:0:4:4:4:0,MUTATE
3:1:4:2:1:4:4:4:1:,recombination,2934.8980918221678,3:2:4:4:2:3:4:4:3,2:2:4:4:3:4:4:4:2
2:1:4:4:3:3:4:4:1:,recombination,3255.6345535832593,4:4:4:4:4:0:1:0:4,4:4:4:4:4:1:2:4:4
2:1:4:4:4:3:4:4:2:,clone,3585.649301198326,2:1:4:4:4:3:4:4:2
2:1:4:4:4:3:4:4:2:,clone,3576.970912053238,2:1:4:4:4:3:4:4:2
2:1:4:4:3:4:4:4:2:,recombination,3217.9703627245444,3:2:4:4:3:3:4:4:3,3:2:4:4:4:3:3:4:3
2:1:4:3:1:4:4:4:2:,clone,3631.713671954394,2:1:4:3:1:4:4:4:2
2:1:4:3:1:4:4:4:2:,recombination,3510.2491986008617,1:1:4:2:0:4:4:4:0,3:2:4:4:3:3:4:4:3
0:1:4:3:0:4:4:4:0:,recombination,5709.519154570326,3:2:4:4:4:3:3:4:3,2:2:4:3:0:4:4:4:2
2:2:4:3:1:4:4:4:1:,clone,3243.8342621108695,2:2:4:3:1:4:4:4:1
4:3:4:4:4:1:3:4:4:,clone,2992.3313788995583,4:3:4:4:4:1:3:4:4
3:2:4:3:2:3:4:4:3:,clone,3255.598296365617,3:2:4:4:2:3:4:4:3
3:2:4:3:1:3:4:4:3:,recombination,3789.728722634474,1:1:4:3:2:4:4:4:0,2:2:4:3:0:4:4:4:1,MUTATE
3:2:4:3:1:4:4:4:2:,recombination,2858.1061550475697,1:1:4:3:1:4:4:4:0,4:4:4:4:4:2:2:4:4,MUTATE
4:2:4:4:4:2:4:4:4:,recombination,3412.5136784563724,4:3:4:4:4:1:1:4:4,4:3:4:4:4:1:3:4:4,MUTATE
2:1:4:4:4:3:4:4:1:,recombination,3381.5437549817148,2:1:4:2:0:4:4:4:1,4:2:4:4:3:3:4:4:3,MUTATE
2:1:4:4:4:3:3:4:1:,clone,3274.2948046941788,2:1:4:4:4:3:3:4:1
2:1:4:4:4:3:3:4:1:,clone,3185.3514469620272,2:1:4:4:4:3:3:4:1
2:1:4:4:4:3:3:4:1:,clone,3129.7086343243564,2:1:4:4:4:3:3:4:1
2:1:4:4:3:3:4:4:1:,recombination,3139.4432130043874,2:1:4:4:4:3:4:4:1,4:4:3:4:4:1:1:2:4,MUTATE
3:1:4:4:4:3:4:4:2:,clone,3224.68929380786,3:1:4:4:4:3:4:4:2
3:1:4:4:4:3:4:4:2:,recombination,3215.2782113040626,4:4:4:4:4:0:1:3:4,4:2:4:4:4:3:4:4:3
1:1:4:2:0:4:4:4:1:,clone,4239.607559488187,1:1:4:3:1:4:4:4:1
2:1:4:4:4:3:4:4:2:,recombination,3539.031353530479,1:1:4:2:0:4:4:4:0,2:1:4:4:4:3:3:4:1,MUTATE
2:1:4:4:4:3:4:4:2:,clone,3398.065076382849,2:1:4:4:4:3:4:4:2
1:1:4:4:1:4:4:4:1:,clone,4444.550409399649,2:1:4:3:1:4:4:4:1
3:1:4:4:1:4:4:4:2:,recombination,4286.238140685668,4:4:3:4:4:1:1:4:4,2:1:4:3:1:4:4:4:1,MUTATE
2:1:4:4:1:4:4:4:1:,recombination,4309.198504868943,4:4:4:4:4:0:1:2:4,4:2:4:4:4:3:4:4:3,MUTATE
3:1:4:4:4:4:4:4:2:,clone,3248.0253914664836,3:1:4:4:4:4:4:4:2
3:1:4:4:4:4:3:4:2:,recombination,3211.900982128961,4:3:4:4:4:2:4:4:4,4:2:4:3:1:3:4:4:3
2:1:4:4:4:3:4:4:2:,recombination,3387.1856050636907,4:2:4:4:4:3:4:4:3,3:1:4:2:0:4:4:4:2
3:2:4:2:0:4:4:4:2:,recombination,3473.802848595478,4:4:4:4:4:0:1:1:4,4:3:4:4:4:2:1:4:4
3:1:4:2:0:4:4:4:2:,recombination,3370.1922202951023,4:4:4:4:4:0:0:1:4,3:2:4:4:4:3:4:4:2,MUTATE
2:2:4:4:3:3:4:4:1:,recombination,3312.0025720678373,3:2:4:3:1:4:4:4:2,2:1:4:3:1:4:4:4:1
2:1:4:4:2:3:4:4:2:,recombination,3073.2488401437845,2:2:4:4:3:3:4:4:2,2:1:4:4:4:4:4:4:2,MUTATE
4:4:4:4:4:0:0:2:4:,clone,2522.7038372080697,4:4:4:4:4:0:0:1:4
3:1:4:3:2:3:4:4:2:,clone,2776.4818349144025,3:1:4:3:2:3:4:4:2
2:1:4:4:1:4:4:4:2:,recombination,4341.079017937524,4:4:4:4:4:0:0:2:4,3:1:4:4:4:3:4:4:2,MUTATE
4:1:4:4:3:3:4:4:3:,recombination,3172.6803511912476,2:1:4:3:2:3:4:4:1,4:2:4:4:2:3:4:4:3
2:1:4:4:2:4:4:4:1:,recombination,3042.73434215304,2:1:4:4:4:4:4:4:2,4:3:4:4:4:1:2:3:4
2:1:4:4:2:4:4:4:1:,clone,3040.2775351605505,2:1:4:4:2:4:4:4:1
4:4:4:4:4:1:1:1:4:,clone,3002.5559682663575,4:4:4:4:4:1:1:1:4
3:2:4:4:4:4:4:4:3:,recombination,3359.971451688872,4:2:4:4:2:3:4:4:3,1:1:4:4:3:4:4:4:0
3:2:4:3:2:4:4:4:3:,recombination,3373.6274394965167,1:1:4:3:1:4:4:4:0,4:2:4:4:4:3:3:4:3
3:2:4:4:2:4:4:4:3:,recombination,3188.7610565917034,1:1:4:3:1:4:4:4:0,2:1:4:4:3:3:4:4:1
2:1:4:4:2:4:4:4:2:,recombination,3420.59063751291,3:2:4:3:1:4:4:4:2,1:1:4:4:1:4:4:4:0
2:2:4:4:2:4:4:4:2:,clone,3413.9562355207163,2:2:4:4:2:4:4:4:2
1:2:4:3:0:4:4:4:1:,recombination,4467.931269318794,4:4:4:4:4:1:3:4:4,3:2:4:4:2:4:4:4:3,MUTATE
2:1:4:3:1:4:4:4:1:,clone,2787.2746304501957,2:1:4:3:1:4:4:4:1
3:1:4:4:2:3:4:4:2:,recombination,2927.762440914131,4:4:4:4:4:1:1:3:4,2:1:4:4:2:3:4:4:2,MUTATE
1:1:4:3:0:4:4:4:0:,recombination,4026.889886410336,2:2:4:4:3:3:4:4:1,1:1:4:2:0:4:4:4:0,MUTATE
4:2:4:4:4:4:3:4:4:,recombination,3021.2733344469425,1:1:4:3:1:4:4:4:0,3:2:4:3:1:3:4:4:2,MUTATE
4:2:4:4:4:4:3:4:4:,recombination,2842.850290299563,3:2:4:2:0:4:4:4:2,4:3:4:4:4:2:4:4:4
4:4:4:4:4:1:1:2:4:,clone,2736.245870250675,4:4:4:4:4:0:1:2:4
2:2:4:3:1:3:4:4:2:,clone,3894.875183640298,3:2:4:4:2:3:4:4:2
2:2:4:3:0:4:4:4:1:,clone,4165.079936306158,2:2:4:3:0:4:4:4:1
4:3:4:4:4:1:3:4:4:,clone,2942.8182802192214,4:3:4:4:4:1:3:4:4
4:2:4:4:3:3:4:4:3:,recombination,2738.114088327682,3:1:4:4:3:3:3:4:2,2:2:4:3:2:4:4:4:2
3:1:4:2:1:4:4:4:1:,recombination,2792.723661141015,4:3:4:4:4:2:2:3:4,2:1:4:1:0:4:4:4:0
2:2:4:4:3:3:4:4:2:,recombination,3161.565713861417,1:1:4:1:0:4:4:4:0,4:2:4:4:4:3:3:4:3,MUTATE
2:1:4:3:0:4:4:4:2:,recombination,4115.56707202509,4:2:4:4:4:2:2:4:4,2:1:4:2:0:4:4:4:0,MUTATE
3:1:4:3:1:4:4:4:2:,clone,2748.1388707711044,3:1:4:3:1:4:4:4:2
3:1:4:3:2:3:4:4:2:,recombination,2748.1388707711044,4:4:3:4:4:0:0:0:4,2:1:4:4:3:4:4:4:1,MUTATE
1:1:4:2:1:4:4:4:0:,clone,3003.0737269942924,1:1:4:2:1:4:4:4:0
4:2:4:4:4:4:4:4:4:,recombination,3219.464942331063,2:2:4:4:4:3:4:4:2,1:2:4:4:2:4:4:4:1
3:2:4:4:4:3:3:4:2:,recombination,3112.4034843601394,2:2:4:4:3:4:4:4:1,2:1:4:3:1:4:4:4:2,MUTATE
3:2:4:4:4:3:4:4:2:,clone,3265.1537407443457,3:2:4:4:4:3:4:4:2
3:2:4:4:4:3:3:4:2:,clone,3091.720525343751,3:2:4:4:4:3:3:4:2
3:1:4:3:2:3:4:4:2:,recombination,2735.570836668373,2:2:4:4:2:3:4:4:2,4:4:4:4:4:0:0:1:4
3:1:4:4:3:4:3:4:2:,clone,3111.517796854581,3:1:4:4:3:4:3:4:2
3:2:4:4:4:4:4:4:3:,clone,3270.4606418847693,3:2:4:4:4:4:4:4:3
2:1:4:4:1:4:4:4:2:,recombination,4317.61819680523,2:2:4:4:4:3:4:4:2,2:1:4:4:4:4:4:4:1
3:1:4:2:0:4:4:4:2:,recombination,3211.888257306153,3:2:4:3:2:3:4:4:2,2:2:4:4:3:4:4:4:2,MUTATE
1:1:4:4:4:3:4:4:1:,recombination,4517.494380992011,1:1:4:4:3:4:4:4:0,1:1:4:4:1:4:4:4:1,MUTATE
1:2:4:2:0:4:4:4:0:,clone,4304.194880328028,1:2:4:2:0:4:4:4:0
4:2:4:4:3:4:4:4:4:,clone,3177.495992620583,4:2:4:4:3:4:4:4:4
4:2:4:4:3:4:4:4:4:,recombination,2857.7795722529754,3:1:4:4:4:4:4:4:2,1:1:4:3:0:4:4:4:0,MUTATE
3:1:4:4:3:3:3:4:2:,clone,2672.856116627303,3:1:4:4:3:3:3:4:2
3:1:4:4:3:3:4:4:2:,clone,2719.0277897301967,3:1:4:4:3:3:3:4:2
3:1:4:3:2:3:4:4:2:,recombination,2573.316111175145,2:1:4:4:3:3:4:4:2,4:2:4:4:2:3:4:4:3,MUTATE
2:1:4:4:2:4:4:4:1:,recombination,2989.790071940333,2:2:4:4:2:3:4:4:2,2:1:4:4:2:4:4:4:1,MUTATE
4:4:3:4:4:0:0:2:4:,recombination,2683.684627220015,2:1:4:4:3:3:4:4:1,4:3:4:4:4:3:3:4:4,MUTATE
3:1:4:2:0:4:4:4:2:,recombination,2967.157218078922,2:1:4:4:4:3:4:4:2,3:1:4:3:1:4:4:4:2
3:2:4:4:4:4:4:4:2:,recombination,3231.4680618004745,3:2:4:4:3:4:4:4:2,2:1:4:4:4:3:3:4:1
2:2:4:4:2:4:4:4:2:,recombination,3385.2784975542745,1:1:4:3:1:4:4:4:1,2:1:4:4:3:4:4:4:1
1:1:4:4:2:3:4:4:1:,clone,4121.888609193096,1:1:4:4:2:3:4:4:1
0:1:4:2:0:4:4:4:0:,recombination,4528.767467350976,3:2:4:4:4:3:3:4:2,2:2:4:4:2:4:4:4:1
3:2:4:4:2:4:4:4:3:,recombination,2989.7003212930454,2:2:4:4:4:3:4:4:2,4:3:4:4:4:2:2:3:4,MUTATE
2:2:4:3:1:4:4:4:2:,clone,3569.992667405936,2:1:4:3:1:4:4:4:2
3:1:4:3:1:3:4:4:2:,clone,3264.388114155096,3:1:4:3:1:4:4:4:2
1:1:4:1:0:4:4:4:0:,recombination,2619.5399916561246,3:2:4:4:4:3:4:4:2,1:1:4:2:0:4:4:4:0,MUTATE
4:4:4:4:4:0:1:3:4:,clone,2523.8934254590877,4:4:4:4:4:0:1:3:4
4:3:4:4:4:0:1:3:4:,clone,2608.08523140054,4:3:4:4:4:0:1:3:4
2:1:4:4:2:4:4:4:2:,clone,3360.3790811999006,2:1:4:4:2:4:4:4:2
2:1:4:4:2:4:4:4:2:,clone,3216.955997059782,3:1:4:4:2:4:4:4:2
4:4:4:4:4:1:0:4:4:,clone,2672.1913566008143,4:4:4:4:4:1:0:4:4
2:2:4:4:2:4:4:4:1:,recombination,3340.9647275345765,3:2:4:4:4:4:3:4:3,2:1:4:2:0:4:4:4:0,MUTATE
3:1:4:2:1:4:4:4:1:,clone,2772.8930754371504,3:1:4:2:1:4:4:4:1
2:1:4:4:2:4:4:4:1:,recombination,2976.494269777619,2:1:4:4:3:4:4:4:1,2:1:4:2:0:4:4:4:0
3:1:4:2:0:4:4:4:1:,clone,2792.723661141016,3:1:4:2:0:4:4:4:1
2:1:4:4:1:4:4:4:1:,clone,4301.376557525184,2:2:4:4:1:4:4:4:1
2:1:4:4:1:4:4:4:1:,recombination,4286.820948473244,4:4:4:4:4:1:3:4:4,4:4:4:4:4:1:1:4:4,MUTATE
3:2:4:3:2:3:4:4:2:,recombination,2800.5928859826004,3:2:4:4:2:3:4:4:2,4:3:4:4:4:2:3:4:4,MUTATE
3:2:4:3:2:3:4:4:2:,clone,2796.7658401096332,3:2:4:3:2:3:4:4:2
2:1:4:3:2:4:4:4:2:,recombination,3426.3845771392957,1:1:4:3:0:4:4:4:0,3:2:4:4:4:3:3:4:2
1:2:4:2:0:4:4:4:1:,recombination,4393.175674814662,2:1:4:4:3:3:4:4:2,4:2:4:4:4:2:3:4:4,MUTATE
4:4:4:4:4:0:0:2:4:,recombination,2505.8977324257744,4:4:2:4:4:1:1:4:4,3:2:4:4:2:3:4:4:3,MUTATE
3:1:4:3:0:4:4:4:2:,recombination,4223.52484766751,3:2:4:2:0:4:4:4:2,3:1:4:4:3:4:4:4:2,MUTATE
2:2:4:3:2:3:4:4:1:,recombination,3798.132929266736,2:1:4:2:0:4:4:4:2,3:2:4:4:3:4:4:4:3
4:4:3:4:4:1:2:3:4:,clone,3191.3564621820033,4:4:3:4:4:1:2:3:4
1:1:4:2:1:4:4:4:0:,clone,2883.5421813588387,1:1:4:2:1:4:4:4:0
1:1:4:4:3:3:4:4:1:,clone,4791.421674212027,1:1:4:4:3:3:4:4:1
1:1:4:2:1:4:4:4:0:,clone,2868.6199763668255,1:1:4:2:1:4:4:4:0
4:3:3:4:4:1:2:4:4:,recombination,2779.010112343158,4:3:4:4:4:2:2:4:4,4:2:4:3:2:3:4:4:3,MUTATE
2:2:4:3:1:3:4:4:2:,recombination,3696.4219787857974,3:2:4:2:1:4:4:4:2,3:2:4:3:2:3:4:4:3,MUTATE
4:4:4:4:4:1:1:3:4:,recombination,2527.8594890189033,3:1:4:3:0:4:4:4:2,2:1:4:4:1:4:4:4:2
2:2:4:3:2:4:4:4:2:,clone,3374.9963368148674,2:2:4:3:1:4:4:4:1
2:2:4:4:2:3:4:4:1:,recombination,3413.5495968582272,1:1:4:3:1:4:4:4:0,4:3:3:4:4:3:3:4:4,MUTATE
2:1:4:4:3:3:4:4:1:,recombination,3095.084701060027,3:2:4:3:2:4:4:4:3,4:2:4:4:4:2:3:4:4,MUTATE
4:3:4:4:4:2:2:3:4:,clone,3190.8384127626396,4:3:4:4:4:2:2:3:4
4:4:4:4:4:2:2:3:4:,recombination,3222.38048432717,2:2:4:4:3:4:4:4:2,4:3:4:4:4:2:2:3:4,MUTATE
4:4:4:4:4:0:0:0:4:,clone,2369.444195946129,1:1:4:2:0:4:4:4:0
4:4:4:4:4:1:1:3:4:,clone,2496.6914130174373,4:4:4:4:4:1:1:3:4
4:4:4:4:4:1:0:2:4:,clone,2494.007120120045,4:4:4:4:4:1:0:2:4
4:4:4:4:4:1:3:3:4:,recombination,3945.4253395621654,3:2:4:3:2:3:4:4:2,2:1:4:4:3:4:4:4:2
2:2:4:4:4:4:4:4:2:,recombination,3616.3029653907347,3:2:4:4:4:4:4:4:3,3:2:4:4:2:3:4:4:2,MUTATE
2:2:4:4:4:4:4:4:2:,clone,3591.9458528800606,2:1:4:4:4:4:4:4:2
4:2:4:3:2:3:4:4:3:,clone,2861.1002207674337,4:2:4:4:3:3:4:4:3
4:3:4:4:4:2:4:4:4:,recombination,3692.0746966105035,2:1:4:4:1:4:4:4:1,4:3:4:4:4:1:2:3:4,MUTATE
4:3:4:4:4:2:4:4:4:,clone,3504.1545854493343,4:3:4:4:4:2:4:4:4
4:3:4:4:3:2:4:4:4:,clone,3434.4948219759135,4:3:4:4:3:2:4:4:4
4:2:4:4:3:2:4:4:4:,clone,3448.6096241048635,4:2:4:4:3:2:4:4:4
4:2:4:4:3:2:4:4:4:,clone,3223.894226002516,4:3:4:4:4:2:3:4:4
4:3:4:4:3:3:4:4:4:,recombination,3380.5112543338946,2:1:4:4:1:4:4:4:1,3:2:4:4:3:3:4:4:2,MUTATE
3:2:4:3:2:4:4:4:3:,clone,3353.174288129612,3:2:4:3:2:4:4:4:3
3:2:4:4:4:4:3:4:2:,recombination,2993.579130017106,3:2:4:4:1:3:4:4:3,4:4:3:4:4:3:2:4:4
4:4:3:4:4:0:0:0:4:,recombination,2508.680924431879,4:4:3:4:4:0:1:2:4,4:4:3:4:4:1:2:3:4,MUTATE
4:2:4:4:4:3:2:4:4:,clone,2809.873351235041,4:2:4:4:4:3:3:4:4
2:1:4:3:1:4:4:4:0:,clone,3275.9730450929737,2:1:4:3:1:4:4:4:0
2:1:4:2:0:4:4:4:0:,clone,2673.860204651283,2:1:4:2:0:4:4:4:0
3:2:4:4:3:4:3:4:2:,clone,2998.493802195341,3:2:4:4:3:4:3:4:2
1:1:4:2:0:4:4:4:0:,recombination,2785.100953015616,4:4:4:4:4:0:1:0:4,4:3:3:4:4:3:2:4:4,MUTATE
1:1:4:2:0:4:4:4:0:,clone,2652.916755005316,1:1:4:2:0:4:4:4:0
2:1:4:3:2:4:4:4:2:,clone,3383.651312545096,3:1:4:3:2:4:4:4:2
4:4:4:4:4:1:0:4:4:,recombination,2628.9250642285983,4:2:4:4:4:3:4:4:3,3:2:4:3:2:4:4:4:2
2:1:4:2:1:4:4:4:1:,recombination,2652.914104582491,4:3:4:4:4:4:3:4:4,2:2:4:4:2:3:4:4:2
1:1:4:4:2:4:4:4:0:,recombination,3767.8014486874677,4:2:4:4:3:4:4:4:4,4:4:4:4:4:3:3:4:4,MUTATE
1:1:4:4:2:4:4:4:0:,recombination,3575.213054300527,4:4:4:4:4:1:2:3:4,1:1:4:4:2:4:4:4:0,MUTATE
2:2:4:4:3:4:4:4:1:,recombination,3311.586417524548,1:1:4:3:1:4:4:4:0,4:2:4:3:2:3:4:4:3,MUTATE
4:4:4:4:4:1:1:2:4:,clone,2692.9852669913266,4:4:4:4:4:1:1:2:4
4:4:4:4:4:1:1:2:4:,clone,2680.711339851458,4:4:4:4:4:1:1:2:4
4:4:4:4:4:1:2:3:4:,clone,2878.1804477274945,4:4:4:4:4:1:2:3:4
3:1:4:4:4:3:3:4:3:,recombination,2834.251094693903,3:1:4:4:2:4:4:4:2,4:4:3:4:4:0:0:0:4
1:1:4:3:0:4:4:4:1:,recombination,4325.026043874598,4:2:4:4:2:4:4:4:4,3:2:4:4:3:4:4:4:2
2:1:4:3:1:3:4:4:2:,clone,3920.8222503345596,2:1:4:3:1:3:4:4:2
3:2:4:4:1:4:4:4:3:,clone,4393.489747339518,3:2:4:3:1:4:4:4:3
2:2:4:4:4:3:4:4:2:,clone,3423.9684350577622,2:2:4:4:4:3:4:4:2
1:1:4:3:1:4:4:4:1:,recombination,3857.4242673225845,3:1:4:4:2:4:4:4:2,2:2:4:4:4:3:4:4:2
1:1:4:3:0:4:4:4:1:,clone,4290.809632142012,1:1:4:3:0:4:4:4:1
2:1:4:3:1:4:4:4:0:,recombination,3059.007416271815,1:1:4:3:0:4:4:4:0,4:2:4:4:3:3:4:4:4,MUTATE
1:1:4:4:1:4:4:4:0:,recombination,4330.6472055666645,3:1:4:3:1:3:4:4:2,3:1:4:3:2:3:4:4:2,MUTATE
4:4:4:4:4:0:1:0:4:,clone,2885.4657046460998,4:4:4:4:4:0:1:0:4
3:2:4:4:2:3:4:4:2:,clone,2895.970003040009,3:2:4:4:2:3:4:4:2
2:2:4:2:1:4:4:4:1:,recombination,3577.0709802173765,2:1:4:2:0:4:4:4:0,2:2:4:3:0:4:4:4:1
2:2:4:2:0:4:4:4:1:,clone,3257.5534642537114,2:1:4:2:0:4:4:4:1
3:1:4:3:1:3:4:4:2:,clone,3135.895284780033,3:1:4:3:1:3:4:4:2
1:1:4:4:4:4:4:4:0:,clone,4535.090003305704,1:1:4:4:4:4:4:4:0
4:4:4:4:4:1:3:4:4:,clone,3076.1350840243867,4:4:4:4:4:1:3:4:4
3:2:4:3:1:3:4:4:3:,clone,3213.110506642887,3:2:4:3:1:3:4:4:3
2:2:4:2:1:4:4:4:1:,clone,3546.8941324932516,2:1:4:2:1:4:4:4:1
3:2:4:4:4:3:4:4:3:,recombination,3246.3660662700927,4:4:4:4:4:3:3:4:4,4:3:4:4:4:1:3:4:4,MUTATE
2:1:4:2:1:3:4:4:1:,recombination,2980.421004208026,2:2:4:2:0:4:4:4:1,4:2:4:4:3:3:4:4:3
3:2:4:4:4:3:4:4:3:,recombination,3227.4118992205326,2:1:4:2:0:4:4:4:0,4:3:4:4:4:1:1:4:4,MUTATE
3:2:4:3:2:3:4:4:3:,clone,3136.384755839888,3:2:4:3:2:3:4:4:3
4:3:4:4:4:2:1:4:4:,clone,2468.6993410636933,4:3:4:4:4:2:2:4:4
2:2:4:4:4:3:4:4:1:,clone,4374.949553636951,2:2:4:4:4:3:4:4:1
2:2:4:4:4:3:4:4:1:,clone,4358.190010303087,2:2:4:4:4:3:4:4:1
2:1:4:4:4:3:3:4:2:,recombination,2807.4605101734246,3:2:4:4:3:3:3:4:2,3:2:4:4:2:4:4:4:2,MUTATE
1:2:4:3:1:4:4:4:1:,recombination,4620.679031092592,3:2:4:4:4:2:3:4:3,2:2:4:4:3:3:4:4:1,MUTATE
1:1:4:2:1:4:4:4:0:,recombination,2792.898838872649,3:1:4:3:1:4:4:4:2,3:2:4:3:1:4:4:4:3,MUTATE
0:1:4:2:0:4:4:4:0:,recombination,4458.29689964779,2:1:4:3:0:4:4:4:1,4:3:4:4:4:1:2:2:4
4:2:4:4:3:4:3:4:4:,recombination,3060.4234407615268,4:4:4:4:4:1:1:2:4,3:1:4:4:3:3:3:4:2,MUTATE
2:2:4:4:2:4:4:4:2:,recombination,3238.9537153689043,4:4:4:4:4:0:1:3:4,3:1:4:4:2:3:4:4:2
4:4:4:4:4:0:2:3:4:,recombination,3012.4094027070087,2:1:4:3:1:4:4:4:1,1:1:4:1:0:4:4:4:0,MUTATE
2:2:4:4:3:4:4:4:2:,recombination,3075.4158837920145,4:2:4:4:3:4:4:4:4,1:1:4:3:1:4:4:4:0
3:1:4:4:3:4:4:4:3:,clone,3996.597659185354,3:1:4:4:3:4:4:4:3
2:2:4:3:0:4:4:4:2:,recombination,4223.368656894693,2:1:4:3:1:4:4:4:0,4:2:4:4:3:4:4:4:4,MUTATE
1:1:4:4:1:4:4:4:1:,clone,4330.699432964533,1:1:4:4:1:4:4:4:1
1:1:4:3:2:4:4:4:0:,recombination,3317.1804672732396,4:4:3:4:4:0:0:0:4,2:2:4:3:2:3:4:4:2,MUTATE
2:1:4:3:0:4:4:4:1:,recombination,4036.1113629603524,4:2:4:3:1:4:4:4:3,4:4:3:4:4:2:2:4:4,MUTATE
2:1:4:4:1:4:4:4:1:,clone,4285.390575571705,2:1:4:4:1:4:4:4:1
2:1:4:4:1:4:4:4:1:,clone,4276.9326009723145,2:1:4:4:1:4:4:4:1
2:1:4:3:2:4:4:4:2:,clone,3226.7257308668704,2:1:4:3:2:4:4:4:1
2:2:4:2:0:4:4:4:2:,clone,4311.479904940138,2:2:4:2:0:4:4:4:2
4:2:4:4:3:2:4:4:4:,recombination,2998.525579041445,4:3:4:4:3:2:4:4:4,4:3:4:4:4:2:4:4:4
4:3:4:4:4:2:4:4:4:,clone,3362.676529165786,4:3:4:4:4:2:4:4:4
1:1:4:3:1:4:4:4:0:,recombination,2935.7137101763365,2:1:4:3:0:4:4:4:1,3:2:4:3:1:4:4:4:2,MUTATE
3:2:4:4:4:3:3:4:2:,clone,2993.030000556795,3:2:4:4:4:3:3:4:2
3:2:4:4:4:3:4:4:2:,clone,3185.88805603474,3:2:4:4:4:3:3:4:2
4:3:4:4:4:2:4:4:4:,clone,3316.1337763912593,4:3:4:4:4:2:4:4:4
2:1:4:4:3:3:4:4:1:,recombination,2987.9366343961374,1:1:4:1:0:4:4:4:0,4:3:4:4:4:2:3:3:4,MUTATE
2:1:4:4:3:3:4:4:1:,recombination,2884.226652268723,1:1:4:1:0:4:4:4:0,4:2:4:4:3:3:4:4:3,MUTATE
1:1:4:4:3:3:4:4:1:,clone,3436.0929053179707,1:1:4:4:3:3:4:4:1
3:2:4:3:2:3:4:4:3:,recombination,3015.717920946347,2:1:4:4:2:4:4:4:2,2:1:4:1:0:4:4:4:0
3:2:4:3:1:3:4:4:2:,clone,3067.301290744705,3:2:4:3:1:3:4:4:2
3:2:4:3:1:3:4:4:2:,clone,2973.536461658974,3:2:4:3:1:3:4:4:2
3:1:4:2:0:4:4:4:1:,clone,2792.7236611410153,2:1:4:2:0:4:4:4:1
4:4:4:4:4:0:1:0:4:,clone,2829.9125206379977,4:4:4:4:4:0:0:0:4
4:4:4:4:4:1:1:4:4:,clone,2507.2334723324284,4:4:4:4:4:1:1:4:4
3:2:4:4:1:4:4:4:2:,recombination,4259.7373207171995,2:1:4:4:1:4:4:4:1,4:3:4:4:4:0:1:0:4,MUTATE
4:4:4:4:4:0:0:3:4:,clone,2548.0704135870405,4:4:4:4:4:0:0:3:4
4:4:4:4:4:1:1:4:4:,clone,2499.5588286945945,4:4:4:4:4:1:1:4:4
3:1:4:4:4:4:4:4:2:,recombination,3214.146725687985,1:1:4:2:0:4:4:4:0,4:3:4:4:4:2:4:4:4
4:2:4:4:4:3:2:4:4:,clone,2768.5812969318617,4:2:4:4:4:3:2:4:4
3:2:4:4:4:2:3:4:3:,recombination,3079.2211745069726,2:1:4:3:1:4:4:4:1,4:3:4:4:4:1:2:3:4,MUTATE
3:2:4:4:4:2:3:4:3:,clone,2780.9724881553257,3:2:4:4:4:2:3:4:3
2:1:4:4:3:4:4:4:1:,recombination,2848.9494327348084,4:3:4:4:4:2:2:3:4,4:4:3:4:4:0:0:0:4
2:1:4:4:3:4:4:4:1:,clone,2822.727389806067,2:1:4:4:3:4:4:4:1
1:1:4:3:2:4:4:4:0:,recombination,3304.091872319803,4:4:3:4:4:0:0:0:4,1:1:4:3:2:4:4:4:0
3:2:4:4:4:3:3:4:2:,recombination,2907.399710718364,1:1:4:2:0:4:4:4:0,2:1:4:4:2:4:4:4:1
3:1:4:4:4:3:3:4:2:,recombination,2703.699720479543,1:1:4:4:4:3:4:4:1,2:1:4:2:0:4:4:4:2
3:2:4:4:3:3:4:4:2:,clone,2784.2694065006285,3:2:4:4:3:3:4:4:2
3:2:4:4:3:3:4:4:2:,clone,2770.541887866333,3:2:4:4:3:3:4:4:2
4:2:4:4:4:3:3:4:4:,recombination,2579.1459635507053,2:1:4:4:4:3:4:4:1,2:1:4:4:2:4:4:4:1,MUTATE
2:2:4:4:4:3:4:4:2:,clone,3408.092502460816,2:2:4:4:4:3:3:4:2
3:2:4:4:4:2:3:4:3:,recombination,2763.954519224051,3:2:4:3:1:4:4:4:2,3:2:4:4:4:3:3:4:3,MUTATE
3:2:4:4:3:3:3:4:2:,recombination,2809.54056302462,2:1:4:4:2:4:4:4:1,0:1:4:2:0:4:4:4:0
2:1:4:4:3:3:3:4:2:,clone,3045.6103184647336,3:2:4:4:3:4:4:4:2
2:1:4:3:1:4:4:4:2:,clone,3508.3224129890204,3:1:4:3:1:4:4:4:2
3:2:4:4:4:3:3:4:2:,clone,2770.249003522666,3:2:4:4:4:3:3:4:2
1:2:4:4:1:4:4:4:1:,recombination,4526.225372945597,4:4:3:4:4:0:0:0:4,4:4:3:4:4:2:1:4:4,MUTATE
2:1:4:4:1:4:4:4:2:,clone,4256.059259575774,2:1:4:4:1:4:4:4:2
