1:3:0:2:2:1:2:0:1:,initialisation,4165.1917008264345,
0:3:0:2:1:2:3:0:0:,initialisation,4881.930540387418,
0:3:0:2:2:1:2:0:0:,initialisation,3998.2153516008525,
1:4:0:2:2:2:2:0:1:,initialisation,3950.5493034285123,
0:2:0:1:1:3:4:0:0:,initialisation,5620.339726411928,
2:4:0:3:3:1:1:0:2:,initialisation,3928.016511869207,
0:3:0:2:2:1:1:0:0:,initialisation,3832.100555082767,
1:4:0:1:1:2:3:1:1:,initialisation,4061.772211390759,
1:4:0:3:3:0:0:0:1:,initialisation,3703.722377236633,
0:3:0:1:1:3:3:0:0:,initialisation,6346.780821126355,
1:4:0:2:2:1:2:0:1:,initialisation,4080.2418569329425,
0:2:0:4:4:0:1:0:0:,initialisation,6011.883269933563,
0:2:0:2:2:1:2:0:0:,initialisation,4798.168251711758,
0:2:0:1:1:3:4:0:0:,initialisation,5441.86193977041,
0:2:0:1:1:3:3:0:0:,initialisation,6126.124378880182,
1:4:0:2:1:2:3:0:1:,initialisation,5295.442498042497,
0:3:0:1:1:2:3:0:0:,initialisation,4558.479412382538,
0:1:0:2:1:3:3:0:0:,initialisation,6633.07351742692,
0:2:0:1:1:2:3:0:0:,initialisation,4631.452233309883,
1:4:0:3:3:0:1:0:1:,initialisation,4067.5972041623127,
0:3:0:1:1:3:3:0:0:,initialisation,5039.498659036289,
1:4:0:2:2:2:2:1:1:,initialisation,3928.0165118692066,
0:3:0:1:1:3:4:1:0:,initialisation,4918.623566908811,
2:4:0:2:2:1:1:0:2:,initialisation,3957.188517238208,
0:3:0:2:2:2:2:0:0:,initialisation,4726.587197400824,
0:3:0:3:3:1:1:0:0:,initialisation,4296.3649616260755,
0:2:0:2:2:2:3:0:0:,initialisation,4882.862782516562,
1:3:0:2:2:1:1:0:1:,initialisation,3679.459207575878,
1:3:0:1:1:2:3:0:1:,initialisation,4122.835142749307,
0:3:0:2:2:2:2:0:0:,initialisation,4442.497525259324,
1:4:0:1:1:3:3:1:1:,initialisation,3928.016511869206,
1:4:0:1:1:3:3:1:1:,initialisation,3928.0165118692057,
0:3:0:2:2:2:3:0:0:,initialisation,4960.7955286517545,
1:4:0:1:1:2:2:1:1:,initialisation,3928.0165118692066,
0:2:0:1:0:4:4:1:0:,initialisation,5599.454623383628,
0:2:0:1:1:3:3:0:0:,initialisation,5063.765513557498,
0:3:0:2:1:2:3:0:0:,initialisation,4799.296472885124,
1:4:0:2:1:2:3:0:1:,initialisation,4769.307130074408,
0:2:0:4:4:0:0:0:0:,initialisation,4940.009748963534,
0:3:0:2:2:2:2:0:0:,initialisation,4237.313087640956,
1:3:0:2:2:2:3:0:1:,initialisation,5287.73745472404,
0:3:0:1:1:3:3:1:0:,initialisation,4959.466811322224,
0:2:0:2:1:2:2:0:0:,initialisation,4439.5727823940415,
1:4:0:2:1:2:3:1:1:,initialisation,4657.140006405867,
1:4:0:2:2:2:2:1:1:,initialisation,3928.0165118692057,
0:2:0:1:1:3:4:0:0:,initialisation,4857.653051753631,
0:2:0:4:4:1:1:0:0:,initialisation,6439.40606767877,
1:4:0:3:3:1:2:0:1:,initialisation,5062.541224725619,
1:4:0:2:2:2:2:1:2:,initialisation,3928.016511869206,
0:3:0:3:3:0:1:0:0:,initialisation,4125.24770573449,
0:2:0:1:0:3:4:1:0:,initialisation,5881.060720029901,
1:3:0:2:2:0:2:0:1:,initialisation,3639.1273763976214,
1:4:0:2:2:1:2:0:1:,initialisation,3975.0828085927487,
0:2:0:2:2:1:1:0:0:,initialisation,3529.046379765519,
1:3:0:2:1:2:3:0:1:,initialisation,4590.71707651334,
2:4:0:2:2:1:1:1:2:,initialisation,3928.0165118692057,
1:3:0:2:1:2:2:0:1:,initialisation,4180.532521486662,
1:4:0:1:1:3:3:0:1:,initialisation,4588.4625831824105,
0:2:0:4:4:1:1:0:0:,initialisation,6378.046565755185,
0:2:0:1:1:3:3:1:0:,initialisation,5179.3952434588,
0:3:0:2:2:1:2:0:0:,initialisation,3965.2674511543437,
0:2:0:2:2:2:2:0:0:,initialisation,4049.9607230472475,
2:4:0:2:2:2:2:1:2:,initialisation,3928.0165118692066,
1:3:0:1:1:3:3:1:0:,initialisation,3928.016511869207,
0:2:0:0:0:3:4:1:0:,initialisation,5457.210870564376,
1:4:0:2:2:1:1:0:1:,initialisation,3820.342113115011,
0:2:0:2:1:2:3:0:0:,initialisation,5476.593597092727,
0:3:0:1:1:2:3:0:0:,initialisation,4210.912643958423,
0:2:0:2:1:2:3:0:0:,initialisation,4771.6736198247945,
0:2:0:1:0:3:4:0:0:,initialisation,5968.590106242988,
0:3:0:2:1:2:2:1:0:,initialisation,3968.4338142300007,
0:3:0:1:1:3:3:1:0:,initialisation,4815.907341535655,
1:4:0:1:1:2:2:1:1:,initialisation,3928.016511869206,
1:4:0:3:3:1:1:0:1:,initialisation,4180.783361969512,
0:2:0:4:4:0:0:0:0:,initialisation,4439.292366877995,
0:2:0:4:4:1:1:0:0:,initialisation,5947.874948672169,
0:1:0:4:4:1:1:0:0:,initialisation,5640.8653847135065,
1:3:0:2:1:1:2:0:1:,initialisation,4023.890647233375,
0:3:0:2:1:2:2:0:0:,initialisation,4377.165186343825,
0:3:0:3:3:1:1:0:1:,initialisation,4620.491847090844,
0:3:0:1:1:2:2:0:0:,initialisation,3788.444909606361,
0:2:0:1:1:2:2:0:0:,initialisation,3649.527886896981,
0:2:0:3:3:1:1:0:0:,initialisation,5576.792720689631,
0:2:0:3:2:2:2:0:0:,initialisation,6463.170084340455,
0:1:0:3:3:1:2:0:0:,initialisation,6139.332994197517,
0:3:0:1:1:2:3:0:0:,initialisation,3823.9589880756917,
0:3:0:2:2:2:2:0:0:,initialisation,4099.704018747534,
0:3:0:1:1:3:4:0:0:,initialisation,6318.544913647339,
0:2:0:1:1:3:4:1:0:,initialisation,5442.099194905303,
0:1:0:4:4:0:0:0:0:,initialisation,5740.4103674478065,
0:1:0:3:2:2:3:0:0:,initialisation,7545.828973370261,
0:3:0:1:1:3:3:0:0:,initialisation,4965.247168304514,
0:2:0:4:4:0:1:0:0:,initialisation,5067.250341802756,
1:4:0:1:1:2:3:1:1:,initialisation,3928.016511869207,
1:4:0:2:2:2:1:0:1:,initialisation,3874.7244827389004,
0:3:0:2:1:3:3:0:0:,initialisation,5712.109110786678,
1:4:0:3:2:2:2:0:1:,initialisation,5158.113252145653,
0:2:0:1:1:3:4:1:0:,initialisation,4860.814370440069,
1:4:0:3:2:1:2:0:1:,initialisation,5683.417804740605,
1:4:0:3:3:0:1:0:1:,initialisation,3972.562808072433,
0:3:0:2:1:2:3:0:0:,initialisation,4722.969475611226,
0:2:0:3:3:1:1:0:0:,initialisation,4353.472274874899,
0:3:0:2:1:2:3:0:0:,initialisation,4536.504224099357,
0:3:0:1:1:3:3:1:0:,initialisation,4774.895896455299,
0:3:0:2:2:2:2:0:0:,initialisation,3769.5324792872925,
0:1:0:2:2:2:3:0:0:,initialisation,6729.852345813567,
0:2:0:3:4:0:0:0:0:,initialisation,3852.7747733940923,
1:4:0:2:2:2:3:0:1:,initialisation,4764.810335054819,
0:2:0:3:2:2:3:0:0:,initialisation,7071.780474420156,
2:4:0:2:2:1:1:0:2:,initialisation,3940.3360720215705,
1:4:0:2:2:1:1:0:1:,initialisation,3576.554703879237,
0:2:0:1:0:4:4:1:0:,initialisation,5449.534501526938,
0:3:0:1:0:3:4:1:0:,initialisation,5667.215634080003,
1:4:0:2:2:0:1:0:1:,initialisation,3972.01494304284,
1:3:0:2:2:2:2:0:1:,initialisation,4707.30019149468,
1:4:0:2:2:1:2:0:1:,initialisation,3929.6176629680003,
0:3:0:1:1:3:3:0:0:,initialisation,4785.863691348933,
0:1:0:3:3:2:2:0:0:,initialisation,6253.020280539518,
0:1:0:2:1:3:3:0:0:,initialisation,5873.616526813873,
1:4:0:2:2:1:2:1:2:,initialisation,3928.0165118692066,
1:4:0:1:1:3:2:1:1:,initialisation,3928.0165118692066,
0:1:0:3:2:2:2:0:0:,initialisation,6188.806983442633,
0:3:0:1:1:3:3:0:0:,initialisation,4506.887136186298,
0:1:0:1:1:2:3:0:0:,initialisation,6213.486195680931,
0:2:0:1:1:3:3:1:0:,initialisation,4435.665116056873,
0:3:0:1:1:2:3:1:0:,initialisation,4699.548397635818,
0:2:0:1:1:3:3:1:0:,initialisation,4173.202873891206,
0:2:0:1:0:3:4:1:0:,initialisation,4783.425370934738,
0:3:0:3:3:1:2:0:0:,initialisation,5183.56975624307,
0:3:1:1:0:3:4:1:0:,initialisation,5424.262453343415,
0:3:0:1:1:2:3:1:0:,initialisation,4394.582590089082,
0:3:0:1:1:2:3:1:0:,initialisation,4345.034085685482,
0:2:0:1:0:3:4:0:0:,initialisation,5344.361762345562,
0:3:0:2:1:1:2:0:0:,initialisation,4016.01034857039,
0:3:0:1:1:3:3:1:0:,initialisation,4422.446588523297,
1:3:0:3:3:0:0:0:1:,initialisation,3594.158183547222,
0:2:0:0:0:4:4:1:0:,initialisation,5587.821758493792,
1:4:0:3:3:1:1:0:1:,initialisation,4081.759860746709,
0:2:0:3:3:1:2:0:0:,initialisation,6239.244938630731,
1:4:0:2:2:2:2:0:1:,initialisation,3783.997218646336,
0:3:0:1:1:3:4:0:0:,initialisation,5548.723248109031,
0:2:0:2:2:1:2:0:0:,initialisation,4742.732253297299,
0:1:0:0:0:4:4:1:0:,initialisation,5553.713300234894,
0:2:0:3:3:2:2:0:0:,initialisation,6492.405711013586,
1:4:0:1:1:2:3:0:1:,initialisation,4664.984908248344,
1:4:0:1:1:2:3:1:1:,initialisation,3928.016511869206,
0:3:0:2:1:2:2:0:0:,initialisation,4301.046158503241,
1:3:0:2:2:0:1:0:1:,initialisation,3751.1464424284654,
1:4:0:3:4:0:0:0:1:,initialisation,4165.137782107714,
0:2:0:1:1:2:3:0:0:,initialisation,4483.992786180648,
0:2:0:3:3:2:2:0:0:,initialisation,6323.818884975736,
0:2:1:1:0:3:4:0:0:,initialisation,5653.724141586335,
1:3:0:2:2:1:2:0:1:,initialisation,3930.902742710154,
1:4:0:2:1:3:2:1:1:,initialisation,4082.7422951834274,
0:2:0:4:4:0:0:0:0:,initialisation,4363.1711006922405,
1:4:0:2:1:2:2:1:1:,initialisation,3928.016511869206,
0:3:0:3:3:1:1:0:0:,initialisation,3722.1384694901703,
0:1:0:1:0:3:4:1:0:,initialisation,5809.940917386126,
0:1:0:1:0:3:4:0:0:,initialisation,6925.406900151355,
0:2:0:1:1:2:3:1:0:,initialisation,4538.588947595867,
0:3:0:2:1:3:3:0:0:,initialisation,5518.952291767268,
1:3:0:2:2:2:3:0:1:,initialisation,5182.636876563481,
1:4:0:3:3:1:2:0:1:,initialisation,4983.583324236906,
1:3:0:1:1:3:3:0:1:,initialisation,4946.128127477026,
1:4:0:1:1:2:2:1:1:,initialisation,3780.988217021886,
0:1:0:2:2:2:3:0:0:,initialisation,5997.274126914807,
0:1:0:3:3:1:1:0:0:,initialisation,4923.318401493988,
2:4:0:2:2:1:1:0:2:,initialisation,3928.0165118692057,
1:4:0:2:2:1:1:1:2:,initialisation,3935.3645951272315,
1:4:0:1:1:2:3:0:1:,initialisation,4645.084375862093,
0:3:0:2:2:1:2:0:0:,initialisation,3822.758187148431,
1:3:0:2:1:2:2:0:1:,initialisation,3959.77731248686,
0:3:0:2:1:3:3:0:0:,initialisation,4759.788057541564,
1:4:0:2:1:2:2:1:1:,initialisation,3928.0165118692057,
1:3:0:2:2:1:1:0:1:,initialisation,3428.85458421521,
1:4:0:2:2:1:2:0:1:,initialisation,3725.0423503465695,
0:2:0:2:2:3:3:0:0:,initialisation,5892.892103498156,
0:2:0:0:0:4:4:1:0:,initialisation,5302.306566267234,
1:3:0:2:2:2:3:0:1:,initialisation,5087.9289153900345,
0:3:0:2:1:2:2:0:0:,initialisation,4188.311076858076,
1:4:0:2:2:3:2:1:1:,initialisation,3972.6151714534794,
0:2:0:1:1:2:3:1:0:,initialisation,3963.520595422541,
2:4:0:2:2:1:2:0:2:,initialisation,3928.016511869206,
0:2:0:1:1:3:3:0:0:,initialisation,4772.004630009653,
0:3:0:2:1:2:2:0:0:,initialisation,4173.071138084286,
0:1:1:0:0:4:4:0:0:,initialisation,7801.77133116259,
1:3:0:2:2:2:2:0:1:,initialisation,4491.865769368927,
1:4:0:2:3:1:1:0:1:,initialisation,4050.243756205891,
0:1:0:1:0:4:4:0:0:,initialisation,7700.54614154092,
0:3:0:3:3:0:0:0:1:,initialisation,3510.0841246924447,
0:2:0:1:0:3:4:1:0:,initialisation,4721.489528714697,
0:2:0:3:3:1:2:0:0:,initialisation,5420.6829790326055,
0:1:0:1:1:3:4:0:0:,initialisation,5561.26231693332,
1:3:0:3:3:1:1:0:1:,initialisation,4467.267989594687,
0:2:0:4:4:1:2:0:0:,initialisation,6716.5034057685725,
1:4:0:2:3:1:1:0:1:,initialisation,4037.9877272452745,
0:2:0:1:1:3:3:0:0:,initialisation,4567.1170654387715,
1:4:0:2:2:2:2:1:2:,initialisation,3928.0165118692057,
0:3:0:2:1:2:3:0:0:,initialisation,4504.224102256799,
1:3:0:2:2:2:2:0:1:,initialisation,4367.464301221598,
0:3:0:1:1:3:3:1:0:,initialisation,4137.910052984887,
0:2:0:2:1:2:2:0:0:,initialisation,4280.787481662831,
1:3:0:2:2:1:1:0:1:,initialisation,3302.493578920294,
1:4:0:2:1:2:3:0:1:,initialisation,4507.58658964682,
0:3:0:1:1:3:3:0:0:,initialisation,4440.022978813398,
0:3:0:1:1:3:4:0:0:,initialisation,5270.554271859485,
0:2:0:3:3:0:1:0:0:,initialisation,4630.414695539628,
0:2:0:1:0:4:4:0:0:,initialisation,5479.4636571274,
0:2:0:1:1:3:3:0:0:,initialisation,4507.305618760276,
2:4:0:2:2:2:2:1:2:,initialisation,3928.016511869206,
0:2:0:3:3:1:1:0:0:,initialisation,4279.1346662173455,
0:2:1:1:0:4:4:0:0:,initialisation,5904.950165685663,
1:3:0:2:2:2:2:0:1:,initialisation,4358.054977544702,
1:4:0:2:3:1:1:0:1:,initialisation,3894.772460318902,
1:3:0:2:2:1:2:0:1:,initialisation,3679.8307001473513,
0:3:0:1:1:2:3:1:0:,initialisation,4082.637214253887,
1:3:0:2:1:2:3:0:1:,initialisation,4568.290825759089,
1:4:0:2:1:2:2:0:1:,initialisation,4376.900110378182,
0:1:0:4:4:1:1:0:0:,initialisation,5388.465625944642,
1:3:0:3:3:1:1:0:1:,initialisation,4380.374863766692,
1:4:0:1:1:3:2:1:1:,initialisation,3928.0165118692057,
1:3:0:1:1:2:2:1:1:,initialisation,4095.9914727471564,
0:2:0:1:0:3:3:1:0:,initialisation,4342.168319520366,
0:2:0:3:3:1:2:0:0:,initialisation,5209.776186585917,
0:3:0:2:2:1:2:0:1:,initialisation,4060.3480102497397,
0:3:0:1:1:3:3:0:0:,initialisation,4402.819819582905,
0:2:0:2:2:1:2:0:0:,initialisation,4125.261002982235,
1:4:0:2:2:0:1:0:1:,initialisation,3891.7089422700205,
1:3:0:2:2:2:2:0:1:,initialisation,3965.3402455370624,
0:2:0:1:0:4:4:1:0:,initialisation,5192.851589876464,
0:2:0:3:3:0:0:0:0:,initialisation,3846.396043560721,
0:3:0:2:1:1:2:0:0:,initialisation,3809.157846743259,
0:3:0:1:1:4:4:1:0:,initialisation,5162.73831977026,
1:4:0:1:1:3:3:1:1:,initialisation,3838.935060119823,
0:3:0:1:1:3:3:0:0:,initialisation,4223.996823602857,
0:3:0:2:2:1:1:0:1:,initialisation,4305.62875988847,
1:4:0:2:2:1:2:1:2:,initialisation,3928.016511869206,
0:1:0:2:2:2:3:0:0:,initialisation,5563.567152236577,
0:1:0:1:1:3:3:0:0:,initialisation,5842.118915955288,
1:4:0:3:3:1:2:0:1:,initialisation,4721.014605746065,
0:1:0:1:0:4:4:0:0:,initialisation,7121.546640583615,
0:3:0:1:1:2:3:1:0:,initialisation,3708.984666520806,
0:2:0:3:4:0:1:0:0:,initialisation,5061.236883502864,
1:4:0:1:1:2:3:0:1:,initialisation,4560.012072122652,
1:4:0:1:1:2:3:0:1:,initialisation,4453.762919210982,
0:3:0:2:2:1:2:0:0:,initialisation,3699.3328855094796,
0:3:0:2:1:2:3:1:0:,initialisation,5466.641989152012,
2:4:0:2:2:2:1:1:2:,initialisation,3928.0165118692066,
0:2:0:1:0:3:4:1:0:,initialisation,4499.250462720161,
0:3:0:2:1:2:3:1:0:,initialisation,4557.251736503096,
2:4:0:2:2:1:1:0:2:,initialisation,3895.719277914341,
0:2:0:3:3:1:2:0:0:,initialisation,4954.6460721802605,
0:2:0:4:4:1:1:0:0:,initialisation,5746.425077784516,
0:4:0:2:2:0:1:0:1:,initialisation,3892.2692023997847,
1:4:0:1:1:2:2:0:1:,initialisation,3712.2721680140135,
0:3:0:2:2:2:3:0:0:,initialisation,4935.340010083816,
0:3:0:2:2:1:1:0:1:,initialisation,3793.023307005911,
0:1:0:4:4:2:2:0:0:,initialisation,6675.270477632102,
0:3:0:2:2:3:3:0:0:,initialisation,6117.12007756751,
1:4:0:3:3:1:1:0:1:,initialisation,3952.8109179003873,
1:4:0:2:1:2:2:0:1:,initialisation,4355.4369163917145,
0:2:0:0:0:4:4:1:0:,initialisation,4832.862803122814,
0:2:0:1:1:3:3:0:0:,initialisation,4105.032702633881,
0:3:0:3:3:1:2:0:0:,initialisation,4764.762656482367,
1:4:0:2:2:2:3:0:1:,initialisation,4633.908023601182,
0:3:0:2:1:3:3:1:0:,initialisation,5459.157149486151,
0:1:0:2:2:2:2:0:0:,initialisation,4441.646085873788,
1:3:0:1:1:2:3:1:0:,initialisation,5122.7448890508895,
0:2:0:2:1:2:2:0:0:,initialisation,3784.3808323530457,
1:4:0:2:2:2:2:1:1:,initialisation,3866.2867221499955,
1:4:0:1:0:3:3:1:1:,initialisation,3928.016511869206,
1:4:0:2:1:3:3:0:1:,initialisation,5098.153673418942,
0:1:0:3:3:2:3:0:0:,initialisation,7816.492324779921,
1:4:0:2:2:1:2:0:1:,initialisation,3401.439079425784,
0:3:0:2:1:1:3:0:0:,initialisation,4527.728824865776,
1:4:0:2:2:1:1:0:1:,initialisation,3489.1445022828075,
1:4:0:2:2:2:1:1:1:,initialisation,3845.5716191208035,
1:3:0:1:1:2:3:1:1:,initialisation,4118.169563809768,
0:3:0:2:3:1:1:0:0:,initialisation,4249.353058140282,
1:4:0:2:2:0:1:0:1:,initialisation,3452.2083291350655,
0:2:0:3:2:1:2:0:0:,initialisation,5325.172998393597,
0:3:0:1:1:1:2:0:0:,initialisation,3708.8841085075605,
0:2:0:4:4:1:1:0:0:,initialisation,5444.594706654741,
2:4:0:2:2:2:1:0:2:,initialisation,3928.0165118692066,
0:3:0:2:2:2:3:0:0:,initialisation,4833.200257002427,
0:1:0:2:2:2:3:0:0:,initialisation,5463.224938796288,
1:3:0:1:1:3:3:1:0:,initialisation,3928.0165118692066,
0:3:0:1:0:3:4:1:0:,initialisation,4519.6686199799315,
0:2:0:1:1:2:3:0:0:,initialisation,4049.801340899321,
2:4:0:2:2:2:1:0:2:,initialisation,3804.9648903000807,
0:2:0:3:3:2:2:0:0:,initialisation,6003.761539295728,
0:1:1:1:0:3:4:0:0:,initialisation,6331.388958103777,
1:4:0:2:1:2:2:0:1:,initialisation,4199.631966332911,
1:4:0:3:3:0:1:0:1:,initialisation,3863.948801886568,
0:3:0:2:2:3:2:0:0:,initialisation,4946.911470878419,
0:3:0:1:1:3:4:1:0:,initialisation,4776.363560358839,
2:4:0:3:3:1:1:0:2:,initialisation,3928.0165118692066,
0:1:0:3:3:1:2:0:0:,initialisation,5356.247241389551,
1:4:0:3:3:0:0:0:1:,initialisation,3553.732062731079,
0:3:0:2:2:2:3:0:0:,initialisation,4770.475552141312,
1:4:0:2:3:0:1:0:1:,initialisation,4040.077531122723,
0:3:1:1:1:3:3:0:0:,initialisation,5881.443123637883,
0:1:0:2:2:3:3:0:0:,initialisation,6323.538206400829,
0:1:0:1:1:2:3:0:0:,initialisation,5335.212359822033,
1:4:0:3:3:1:1:0:1:,initialisation,3834.766380231347,
1:4:0:2:2:1:1:0:1:,initialisation,3427.2470698847947,
2:4:0:3:3:0:1:0:2:,initialisation,3895.7192779143415,
0:3:0:1:0:4:4:1:0:,initialisation,5332.62642158764,
0:3:0:2:2:3:3:0:0:,initialisation,5219.920338239987,
0:2:0:1:0:4:4:0:0:,initialisation,5314.242038743348,
0:3:0:3:3:0:0:0:0:,initialisation,3588.5455045831236,
0:2:0:4:4:1:1:0:0:,initialisation,5326.9596896319235,
0:2:0:2:1:3:3:0:0:,initialisation,5476.792228719136,
1:3:0:2:1:2:3:1:1:,initialisation,4806.177164985769,
1:4:0:2:2:2:2:0:1:,initialisation,3614.734392010782,
0:3:0:2:1:2:2:0:0:,initialisation,4091.3740069470855,
1:4:0:2:1:2:3:0:1:,initialisation,4443.87240456334,
1:3:0:1:1:3:3:1:1:,initialisation,4471.055415522643,
0:3:0:2:2:2:3:0:0:,initialisation,4767.358755824217,
1:4:0:3:3:1:0:0:1:,initialisation,3756.154040848262,
0:2:0:1:1:4:4:0:0:,initialisation,6859.933148835702,
0:3:0:1:0:3:4:0:0:,initialisation,5199.873883360736,
1:4:0:1:1:2:3:1:1:,initialisation,3879.196491322746,
0:3:0:1:1:3:3:0:0:,initialisation,4146.030490177413,
0:1:0:1:0:3:4:0:0:,initialisation,6784.971026847184,
1:4:0:1:1:2:3:0:1:,initialisation,4265.288358024234,
1:4:0:2:2:1:2:1:1:,initialisation,3932.86276927757,
0:1:1:0:0:4:4:1:0:,initialisation,5858.545969691635,
0:3:0:1:0:3:4:1:0:,initialisation,4486.810215067085,
0:3:0:1:1:4:4:0:0:,initialisation,5566.45845554419,
0:2:0:1:0:2:4:1:0:,initialisation,4626.561354645255,
0:2:0:2:2:2:3:0:0:,initialisation,4871.982396220696,
1:4:0:2:1:2:2:0:1:,initialisation,3637.4252646575706,
0:3:0:2:1:3:3:0:0:,initialisation,4397.328940887457,
0:1:0:3:3:2:2:0:0:,initialisation,5877.349719515928,
1:4:0:2:2:1:2:1:1:,initialisation,3928.016511869206,
1:3:0:2:2:1:1:0:1:,initialisation,3228.3176324682454,
1:3:0:1:1:2:3:1:0:,initialisation,4939.600483588818,
0:1:0:0:0:4:4:0:0:,initialisation,6812.8298424382865,
0:2:0:4:4:0:1:0:0:,initialisation,5042.8203866194635,
1:3:0:2:2:2:2:0:1:,initialisation,3895.7339646300215,
1:3:0:1:1:2:2:1:1:,initialisation,3712.2364215729012,
1:4:0:2:2:2:2:1:1:,initialisation,3759.663457935911,
0:3:0:2:1:2:2:0:0:,initialisation,3871.74124027526,
1:3:0:2:1:2:3:0:1:,initialisation,4387.552125026533,
0:1:0:2:1:2:3:0:0:,initialisation,6147.0328940196505,
2:4:0:2:2:2:1:1:2:,initialisation,3928.0165118692057,
0:3:0:2:1:2:2:0:0:,initialisation,3865.53709270098,
0:3:0:0:0:3:4:2:0:,initialisation,3928.016511869206,
0:3:0:1:0:3:4:0:0:,initialisation,4760.743211623132,
0:2:0:2:2:1:2:0:0:,initialisation,4008.594538057703,
1:3:0:3:3:1:1:0:1:,initialisation,3905.679662176703,
1:4:0:1:1:3:3:0:1:,initialisation,4503.154949783107,
0:2:0:1:0:3:4:0:0:,initialisation,5189.531296069653,
0:3:0:2:2:1:1:0:0:,initialisation,3555.546898404983,
0:1:0:2:1:2:3:0:0:,initialisation,5859.589181552035,
0:2:0:2:1:2:3:0:0:,initialisation,4401.326470637907,
0:3:0:1:1:2:3:0:0:,initialisation,3761.442821840677,
1:4:0:2:1:2:3:0:1:,initialisation,4300.858049578101,
0:2:0:4:4:2:2:0:0:,initialisation,6355.525276548731,
0:2:1:1:0:3:4:0:0:,initialisation,4865.825093613613,
0:3:0:3:3:0:1:0:0:,initialisation,3842.4054625435447,
0:3:0:1:0:4:4:0:0:,initialisation,5843.259692279184,
1:3:0:2:2:2:3:0:1:,initialisation,4970.444611116324,
1:3:0:1:1:2:2:0:1:,initialisation,4158.957984789432,
0:3:0:3:3:1:2:0:0:,initialisation,4716.54923031894,
1:4:0:1:1:3:3:0:1:,initialisation,4363.808384850245,
0:3:0:3:3:0:1:0:0:,initialisation,3731.0588448855433,
0:2:0:1:1:2:2:1:0:,initialisation,4122.367457273346,
2:4:0:2:2:1:1:0:2:,initialisation,3765.288637808466,
0:2:1:1:1:3:4:0:0:,initialisation,5791.408384792533,
0:2:0:4:4:0:1:0:0:,initialisation,4832.787497705392,
0:3:0:1:1:3:3:0:0:,initialisation,3957.7854564235304,
0:3:0:1:1:4:3:1:0:,initialisation,4884.2009535287925,
0:2:0:4:4:1:1:0:0:,initialisation,5195.63604315271,
1:4:0:2:2:1:1:1:2:,initialisation,3934.5528461919416,
0:2:0:2:1:3:3:0:0:,initialisation,5223.887247115843,
0:3:0:2:2:1:2:0:0:,initialisation,3489.5817666978814,
1:3:0:3:3:0:1:0:1:,initialisation,3924.7421531634127,
1:4:0:2:1:3:2:1:1:,initialisation,3928.016511869206,
0:2:0:3:3:0:1:0:0:,initialisation,4617.509472253098,
0:2:0:4:4:1:1:0:0:,initialisation,4917.200259609214,
0:2:1:1:0:4:4:1:0:,initialisation,6064.1804465473515,
1:4:0:2:2:1:2:1:2:,initialisation,3895.4438508757867,
1:4:0:2:2:2:1:1:2:,initialisation,3928.0165118692066,
1:4:0:1:1:2:3:0:1:,initialisation,4036.7107394221484,
0:3:0:3:3:0:1:0:1:,initialisation,4055.8013396884003,
1:4:0:2:2:0:1:0:1:,initialisation,3193.4022796679888,
1:4:0:2:1:2:3:1:1:,initialisation,4510.037563711578,
0:3:0:2:3:1:1:0:1:,initialisation,4069.3454719676715,
0:1:0:1:0:3:4:0:0:,initialisation,6429.605912128535,
0:3:0:2:1:2:3:0:0:,initialisation,4500.1827166191515,
1:3:0:1:1:2:3:1:0:,initialisation,3915.9045056291056,
0:1:1:1:1:3:4:0:0:,initialisation,7026.525877766155,
1:3:0:1:0:3:3:1:0:,initialisation,3928.0165118692066,
1:4:0:2:2:3:2:1:1:,initialisation,3803.5359845859957,
1:4:0:2:3:1:1:0:1:,initialisation,3726.7945314107633,
1:4:0:2:2:1:1:1:2:,initialisation,3928.016511869206,
1:4:0:2:1:3:2:1:1:,initialisation,3877.816968825594,
0:2:0:1:1:2:2:1:0:,initialisation,4023.633857925126,
0:3:0:3:2:1:2:0:0:,initialisation,5096.525945691762,
0:2:1:1:1:3:4:0:0:,initialisation,5614.9652194605615,
1:4:0:3:3:1:1:0:1:,initialisation,3764.0349283530704,
0:1:1:0:0:4:4:0:0:,initialisation,7611.944517088421,
0:2:0:3:4:0:0:0:0:,initialisation,3700.6069306158797,
2:4:0:3:3:1:1:0:2:,initialisation,3928.016511869206,
1:3:0:2:2:0:1:0:1:,initialisation,3687.7398737727212,
0:3:0:2:1:2:3:1:0:,initialisation,4472.146540530917,
1:4:0:2:2:1:1:1:2:,initialisation,3845.1446058269144,
1:4:0:3:3:0:0:0:1:,initialisation,3282.1391605584386,
2:4:0:2:2:1:2:1:2:,initialisation,3928.0165118692066,
0:2:0:1:0:2:3:0:0:,initialisation,4293.523608924986,
0:1:0:1:0:4:4:0:0:,initialisation,6457.840909884315,
0:3:0:2:2:0:1:0:0:,initialisation,3329.978847233119,
0:2:0:1:1:2:3:0:0:,initialisation,4014.375130009012,
1:3:0:3:3:1:2:0:1:,initialisation,5002.024027667637,
1:3:0:1:1:3:3:0:1:,initialisation,4865.2584871798435,
1:3:0:2:2:2:3:0:1:,initialisation,4676.557268320636,
1:4:0:1:1:1:2:0:1:,initialisation,3909.72499360466,
0:1:0:2:2:1:2:0:0:,initialisation,5811.850075039038,
0:2:0:2:2:2:2:1:0:,initialisation,4233.356736836363,
2:4:0:2:3:1:1:0:2:,initialisation,3928.0165118692066,
1:3:0:1:1:3:3:1:1:,initialisation,4286.697376759449,
1:3:0:2:1:3:3:0:1:,initialisation,5136.150971528563,
1:3:0:3:3:1:2:0:1:,initialisation,4907.218114154342,
0:3:0:2:2:2:3:0:0:,initialisation,4672.692027388399,
0:3:0:1:1:3:4:0:0:,initialisation,5236.172501769447,
0:3:0:1:1:2:2:1:0:,initialisation,4152.264497421631,
0:3:0:2:2:2:2:1:0:,initialisation,4568.745052037425,
0:3:0:2:2:1:1:0:0:,initialisation,3362.148875886049,
0:1:0:1:1:3:3:0:0:,initialisation,5344.043193943565,
0:2:0:4:4:0:0:0:0:,initialisation,4170.3438734508345,
1:4:0:2:1:2:2:1:1:,initialisation,3912.0351497316747,
0:2:0:3:3:0:1:0:0:,initialisation,4425.0985165622005,
0:3:0:2:3:1:1:0:0:,initialisation,4158.591326386618,
1:3:0:1:1:2:2:0:1:,initialisation,3777.993289981269,
1:4:0:2:2:3:3:0:1:,initialisation,5679.834487544814,
0:2:1:1:1:4:4:0:0:,initialisation,6106.330442020003,
0:3:0:2:1:2:2:0:0:,initialisation,3834.8532564167617,
0:3:0:1:1:2:2:0:0:,initialisation,3681.7708787419747,
0:3:0:2:1:1:2:0:0:,initialisation,3501.9536569503193,
1:4:0:3:3:1:1:0:1:,initialisation,3738.497662699977,
0:2:0:1:0:4:4:1:0:,initialisation,5026.424632312439,
1:4:0:2:1:3:3:0:1:,initialisation,5044.856125318835,
0:2:0:3:2:2:2:0:0:,initialisation,6133.445761191166,
0:2:0:0:0:4:4:0:0:,initialisation,6269.195479114839,
0:3:0:3:3:2:2:0:0:,initialisation,5938.727216048507,
1:4:0:3:3:0:1:0:1:,initialisation,3816.872084542755,
0:3:0:3:2:2:2:0:0:,initialisation,5269.724955705295,
2:4:0:2:2:2:2:0:2:,initialisation,4075.824891055218,
0:2:0:2:1:3:3:0:0:,initialisation,4541.892598342746,
0:3:0:2:2:2:2:0:0:,initialisation,3741.886287291546,
1:4:0:1:1:2:3:0:1:,initialisation,3938.8259388616275,
0:1:0:3:3:2:3:0:0:,initialisation,7097.600762828833,
0:1:1:1:1:3:4:0:0:,initialisation,5952.1832321052125,
0:3:0:2:2:2:2:0:0:,initialisation,3643.3016526980823,
0:4:0:3:3:1:2:0:1:,initialisation,4861.305888209193,
0:3:0:1:1:1:2:0:0:,initialisation,3301.477267556059,
0:2:0:3:3:2:2:0:0:,initialisation,5096.206646056705,
0:2:0:4:4:1:0:0:0:,initialisation,5700.105392410133,
1:4:0:3:3:1:0:0:1:,initialisation,3425.2523038798777,
1:4:0:2:1:2:2:1:1:,initialisation,3775.1495717166977,
1:4:0:2:2:1:3:0:1:,initialisation,5196.098426228241,
0:2:0:3:2:2:2:0:0:,initialisation,6130.344106758783,
0:3:0:1:1:2:2:0:0:,initialisation,3636.548805852347,
2:4:0:3:3:1:1:0:2:,initialisation,3907.6566937408443,
0:2:0:1:1:3:4:0:0:,initialisation,4815.600965787097,
0:3:0:2:2:1:2:0:0:,initialisation,3480.914528462188,
0:2:0:2:2:1:2:0:0:,initialisation,3702.5229753671692,
1:4:0:1:1:2:2:0:1:,initialisation,3413.121065536893,
0:2:0:2:2:2:3:0:0:,initialisation,4867.919761436165,
0:1:1:1:0:4:4:0:0:,initialisation,6782.918814174989,
1:4:0:3:3:2:2:0:1:,initialisation,5747.899500936245,
1:4:0:2:2:0:2:0:1:,initialisation,4257.902948240051,
0:2:0:1:0:3:4:0:0:,initialisation,5160.434896733198,
0:3:0:1:1:3:3:1:0:,initialisation,3898.0530394804073,
1:3:0:1:1:3:3:1:0:,initialisation,3928.016511869206,
0:3:0:2:2:1:3:0:0:,initialisation,5246.690270066047,
2:4:0:2:2:1:2:1:2:,initialisation,3928.016511869206,
0:3:0:1:1:3:4:0:0:,initialisation,4788.616118647729,
1:3:0:1:1:3:3:0:1:,initialisation,4564.906962985826,
0:2:0:0:0:4:4:1:0:,initialisation,4822.4539546806955,
0:3:0:2:1:3:3:1:0:,initialisation,4793.886673652126,
0:3:0:2:1:2:3:0:0:,initialisation,4412.544962806429,
1:3:0:2:2:0:1:0:1:,initialisation,3311.813314472526,
0:3:0:2:1:3:3:1:0:,initialisation,4607.990856611636,
1:4:0:2:2:2:3:1:1:,initialisation,4799.354428801288,
0:2:1:0:0:4:4:0:0:,initialisation,6526.17660862476,
0:2:0:1:0:3:4:0:0:,initialisation,4990.3548364066755,
0:3:0:3:3:1:1:0:1:,initialisation,4309.402131319168,
1:4:0:2:3:0:1:0:1:,initialisation,3871.4833325210457,
0:3:0:2:2:2:2:1:0:,initialisation,4444.287646592821,
0:3:0:3:2:1:2:0:0:,initialisation,4694.0218139555645,
1:3:0:2:2:2:2:0:1:,initialisation,3794.9426158117876,
1:4:0:4:4:0:0:0:1:,initialisation,3897.543971671671,
0:2:0:3:2:2:2:0:0:,initialisation,5357.405795039938,
1:4:0:3:3:1:1:0:1:,initialisation,3650.077226695533,
2:4:0:2:2:2:2:0:2:,initialisation,3928.0165118692066,
0:3:0:3:3:1:2:0:0:,initialisation,4662.876799731813,
0:3:0:2:2:0:1:0:1:,initialisation,3359.6953016623415,
0:2:0:4:4:1:2:0:0:,initialisation,6516.911410286032,
0:3:0:1:0:4:4:1:0:,initialisation,4839.08477738218,
0:1:1:0:0:4:4:0:0:,initialisation,6465.511426353908,
0:1:0:3:2:2:3:0:0:,initialisation,6921.934691302057,
1:3:0:2:2:2:2:0:1:,initialisation,3651.921008147183,
0:1:0:3:3:0:0:0:0:,initialisation,4289.552465228444,
0:1:0:4:4:0:0:0:0:,initialisation,4125.55171428292,
1:3:0:2:1:1:2:0:1:,initialisation,3910.150273852528,
1:4:0:2:1:1:2:0:1:,initialisation,3802.6757719912075,
1:3:0:3:2:1:2:0:1:,initialisation,4709.463914681317,
0:1:0:2:2:3:3:0:0:,initialisation,6201.272347149908,
0:1:0:1:1:3:3:0:0:,initialisation,5279.633708378786,
0:3:0:2:2:1:3:0:0:,initialisation,5055.408745874737,
1:4:0:1:1:2:3:1:1:,initialisation,3792.9301822058956,
0:3:1:1:1:3:4:0:0:,initialisation,5988.296274246275,
0:1:0:2:2:1:3:0:0:,initialisation,5787.965519161734,
1:4:0:2:1:3:3:0:1:,initialisation,4591.178280466353,
1:4:0:1:1:3:3:0:1:,initialisation,3964.1458427473276,
0:3:0:3:3:1:2:0:1:,initialisation,4925.477173346435,
0:3:0:2:2:2:2:1:0:,initialisation,4075.9652004228633,
1:3:0:2:2:1:2:0:1:,initialisation,3455.0681375034255,
0:1:1:1:1:3:3:0:0:,initialisation,6223.881473014742,
0:3:0:3:3:0:1:0:1:,initialisation,3972.9098795568093,
0:2:0:4:4:1:2:0:0:,initialisation,6288.189662244849,
1:4:0:1:1:2:3:1:1:,initialisation,3680.2817442096066,
1:4:0:3:3:2:2:0:1:,initialisation,5523.5707593121715,
1:3:0:2:1:2:2:1:1:,initialisation,4164.225348742478,
0:2:0:1:0:3:4:0:0:,initialisation,4915.907634634364,
1:3:0:2:1:3:3:0:1:,initialisation,4532.214042583067,
2:4:0:2:3:1:1:0:2:,initialisation,3928.016511869206,
0:3:0:2:3:1:1:0:0:,initialisation,3821.536469238976,
0:2:0:3:3:1:1:0:0:,initialisation,4118.278056893358,
0:2:1:2:2:3:3:0:0:,initialisation,6628.75136483068,
1:4:0:2:2:1:2:1:1:,initialisation,3906.7195065645783,
1:3:0:3:3:0:0:0:1:,initialisation,3539.4933081895624,
1:4:0:2:1:3:3:1:1:,initialisation,4929.61433007244,
1:3:0:3:2:2:2:0:1:,initialisation,5057.039905867575,
1:4:0:2:2:0:0:0:1:,initialisation,3213.45773578277,
0:2:0:2:1:2:3:1:0:,initialisation,4478.981323521253,
1:4:0:2:2:3:3:0:1:,initialisation,5356.267252462521,
0:2:0:3:3:0:1:0:0:,initialisation,4416.317781256437,
0:1:0:2:2:3:3:0:0:,initialisation,5773.296847538587,
0:3:0:2:2:1:2:0:0:,initialisation,3325.0296351643346,
0:2:0:2:2:2:2:0:0:,initialisation,3960.548293354707,
0:3:0:2:1:2:2:0:0:,initialisation,3711.4842507971807,
0:3:0:2:1:2:3:1:0:,initialisation,4431.34919258129,
0:2:0:2:2:3:3:0:0:,initialisation,5516.757000486081,
0:2:0:0:0:4:4:0:0:,initialisation,5199.241448645975,
1:4:0:2:2:1:2:1:1:,clone,3895.4438508757867,1:4:0:2:2:1:2:1:2
0:3:0:1:0:3:3:1:0:,clone,4510.6725598458215,0:3:0:1:1:2:3:1:0
1:4:0:2:2:1:2:0:2:,recombination,3991.10961371725,2:4:0:2:2:1:2:0:2,0:3:0:2:2:1:3:0:0,MUTATE
0:2:0:0:0:4:4:1:0:,recombination,4664.613809495587,0:3:0:1:1:3:4:0:0,0:2:0:0:0:4:4:1:0
1:4:0:2:2:1:1:0:1:,recombination,3321.2294999590754,2:4:0:2:2:1:1:0:2,1:4:0:3:3:0:0:0:1,MUTATE
1:4:0:2:2:1:2:1:2:,clone,3765.288637808466,2:4:0:2:2:1:1:0:2
0:3:0:1:1:3:3:0:0:,clone,3823.199444173511,0:3:0:1:1:3:3:0:0
0:3:0:1:0:3:3:1:0:,clone,4402.58467530556,0:3:0:1:0:3:3:1:0
1:3:0:1:1:3:3:0:1:,clone,4494.315433500237,1:3:0:2:1:3:3:0:1
0:2:0:1:1:3:3:1:0:,recombination,4093.0173520647745,1:4:0:2:2:2:2:1:1,0:3:0:1:1:1:2:0:0
1:3:0:2:3:1:1:0:1:,clone,3821.6469620092353,1:3:0:3:3:1:1:0:1
1:4:0:3:3:1:1:0:2:,recombination,3991.1325294641747,1:4:0:3:4:0:0:0:1,1:4:0:2:2:2:1:1:2
1:4:0:2:2:2:2:1:1:,recombination,3758.3699824394243,0:3:0:2:2:3:2:0:0,1:4:0:2:1:2:2:1:1
0:2:0:1:0:3:4:0:0:,recombination,4904.194408615128,1:3:0:2:2:2:2:0:1,0:2:0:1:1:3:4:0:0
0:2:0:1:1:4:4:0:0:,clone,5349.758836963592,0:2:0:1:0:4:4:0:0
0:3:0:2:2:1:2:0:0:,clone,3323.4219161791143,0:3:0:2:2:1:2:0:0
1:4:0:2:2:1:2:1:1:,clone,3685.774762234802,1:4:0:2:1:2:2:1:1
0:2:0:1:0:2:3:1:0:,clone,4421.9619480494075,0:2:0:1:0:2:4:1:0
1:4:0:1:1:3:3:1:1:,recombination,3829.102744848861,1:3:0:1:1:2:3:1:0,1:4:0:1:1:3:3:1:1,MUTATE
0:2:0:1:1:4:4:1:0:,recombination,5509.254752012385,0:1:0:1:1:3:3:0:0,0:2:0:1:1:3:4:1:0
0:3:0:1:0:3:4:0:0:,recombination,4571.380469932897,0:2:0:1:1:3:4:0:0,1:4:0:1:1:2:3:1:1,MUTATE
0:2:0:1:0:2:4:0:0:,clone,4590.597937321963,0:2:0:1:0:2:3:0:0
0:3:0:3:3:0:0:0:0:,recombination,3427.3332713462737,0:2:0:3:3:0:1:0:0,0:3:0:1:1:3:3:0:0,MUTATE
0:3:0:2:2:1:1:0:0:,recombination,3322.181050944504,0:3:0:2:2:1:2:0:0,0:2:0:2:2:1:2:0:0
0:2:0:1:1:1:2:0:0:,recombination,3546.1214287998446,0:3:0:3:3:0:1:0:1,0:3:0:2:1:2:2:0:0
0:1:0:2:2:1:2:0:0:,clone,4997.703449363487,0:2:0:3:3:1:2:0:0
1:4:0:2:2:1:1:1:1:,clone,3901.355423701398,1:4:0:2:2:1:1:1:2
2:4:0:3:3:1:0:0:2:,recombination,3662.9371428244194,1:4:0:2:2:2:2:1:1,2:4:0:3:3:1:1:0:2,MUTATE
1:3:0:2:2:1:1:0:1:,recombination,3163.5951588216794,1:4:0:2:2:1:2:0:1,0:2:0:4:4:1:1:0:0
0:3:0:2:3:0:0:0:1:,clone,3485.168673709886,1:3:0:2:2:0:1:0:1
1:3:0:2:1:1:2:0:1:,recombination,3542.2173305880915,0:3:0:2:1:1:2:0:0,0:3:0:2:3:1:1:0:0,MUTATE
0:2:0:2:2:3:3:0:0:,clone,5506.61902781708,0:2:0:2:2:3:3:0:0
1:3:0:1:1:2:2:0:1:,clone,3711.160195327757,1:3:0:1:1:2:2:0:1
2:4:0:2:2:1:1:0:2:,recombination,3734.87347213667,1:4:0:2:2:1:2:0:1,2:4:0:2:2:2:1:0:2
1:4:0:2:2:1:1:1:1:,recombination,3813.5062474722586,1:4:0:2:2:1:1:1:2,1:4:0:2:1:2:3:0:1
0:2:0:2:2:1:2:0:0:,recombination,3422.6987671446,1:4:0:2:2:1:2:1:1,0:3:0:1:1:1:2:0:0
1:3:0:3:3:1:2:0:1:,clone,4895.809460953141,1:3:0:3:3:1:2:0:1
0:1:0:2:2:2:2:0:0:,recombination,4262.94593025514,0:3:0:1:1:2:3:0:0,0:1:0:2:2:2:2:0:0,MUTATE
0:3:0:1:1:2:2:1:0:,recombination,3730.476697618163,0:2:0:1:0:2:4:0:0,0:3:0:2:2:1:2:0:0
2:4:0:2:2:2:2:0:2:,clone,3910.226064840281,2:4:0:2:2:2:2:0:2
0:2:0:1:1:2:2:0:0:,recombination,3273.6117711302795,1:3:0:1:1:2:2:1:1,0:1:0:2:1:3:3:0:0,MUTATE
0:3:0:4:4:0:0:0:0:,recombination,5181.87045798751,0:2:0:4:4:1:1:0:0,0:3:0:2:2:1:2:0:1,MUTATE
1:4:0:2:2:2:1:0:2:,clone,3670.2617681538923,2:4:0:2:2:2:1:0:2
1:4:0:2:2:1:1:0:2:,recombination,4228.652852896454,2:4:0:3:3:1:1:0:2,1:3:0:2:1:2:3:0:1
1:4:0:2:2:0:1:0:2:,recombination,3817.4493061005346,1:4:0:3:3:1:1:0:1,2:4:0:2:2:1:2:1:2
1:3:0:2:1:2:2:0:1:,clone,3637.4252646575706,1:4:0:2:1:2:2:0:1
0:1:0:4:4:0:0:0:0:,clone,4019.2447115812465,0:1:0:4:4:0:0:0:0
1:3:0:2:1:2:2:0:1:,clone,3614.734392010782,1:4:0:2:2:2:2:0:1
1:4:0:2:2:1:2:0:1:,clone,3373.981183526054,1:4:0:2:2:1:2:0:1
0:3:0:0:0:4:4:1:0:,recombination,4204.377477860856,0:2:0:1:0:3:4:1:0,0:3:0:0:0:3:4:2:0,MUTATE
2:4:0:2:3:1:1:0:2:,clone,3928.0165118692057,2:4:0:2:3:1:1:0:2
0:2:0:1:1:3:4:0:0:,clone,4630.096935529487,0:2:0:1:1:3:4:0:0
1:4:0:1:1:2:3:0:1:,clone,3755.3851543050223,1:4:0:1:1:2:3:0:1
0:3:0:2:2:2:2:1:0:,clone,3991.9738791867258,0:3:0:1:1:2:2:1:0
0:2:0:3:3:0:1:0:0:,recombination,4383.789346652905,0:2:0:4:4:0:1:0:0,0:3:0:3:3:0:0:0:0
0:2:0:3:3:1:2:0:0:,clone,4810.415672208826,0:2:0:3:3:1:2:0:0
1:4:0:3:3:0:0:0:2:,recombination,3696.5477755968504,1:3:0:2:2:2:2:0:1,2:4:0:3:3:1:0:0:2,MUTATE
0:1:0:1:1:3:3:1:0:,recombination,4650.819279192593,0:2:0:1:1:3:4:1:0,0:3:0:1:1:3:3:1:0,MUTATE
1:4:0:2:2:1:1:0:2:,recombination,3600.170349990482,2:4:0:2:2:1:1:0:2,1:4:0:2:2:1:1:1:2,MUTATE
1:4:0:4:4:1:0:0:1:,recombination,4803.210110976967,2:4:0:2:2:1:1:1:2,0:1:0:2:2:2:3:0:0
1:4:0:3:3:1:1:0:2:,recombination,3717.061675775205,0:2:0:1:1:2:2:1:0,2:4:0:3:3:1:1:0:2
0:2:0:1:1:3:3:1:0:,clone,3823.199444173511,0:3:0:1:1:3:3:0:0
0:2:0:1:0:4:4:1:0:,recombination,4645.484197662933,0:2:0:1:1:3:4:0:0,0:3:0:2:1:2:3:0:0
1:4:0:2:2:1:1:0:1:,recombination,3279.5750044624174,1:3:0:2:2:1:1:0:1,1:3:0:1:1:2:2:1:1
0:2:0:1:0:2:3:1:0:,clone,4415.248554081139,0:2:0:1:0:2:4:1:0
2:4:0:3:3:1:1:0:2:,clone,3824.875932598711,2:4:0:3:3:1:1:0:2
1:3:0:1:1:2:3:1:0:,recombination,3802.3175012582815,0:3:0:1:1:3:3:0:0,1:4:0:2:1:3:2:1:1,MUTATE
1:4:0:1:1:2:3:0:1:,clone,3745.0096941415086,1:4:0:1:1:2:3:1:1
1:4:0:1:1:1:2:0:1:,recombination,3655.1216217025394,1:4:0:2:1:2:3:1:1,1:4:0:1:1:2:3:1:1
0:2:0:1:1:3:3:1:0:,clone,3815.9512961293112,0:2:0:1:1:3:3:1:0
0:2:0:2:2:1:1:0:0:,recombination,3441.405091074397,0:3:0:3:3:0:0:0:0,0:3:0:2:1:2:2:0:0,MUTATE
1:4:0:2:2:2:2:0:1:,recombination,3611.3451243453865,0:2:0:1:1:2:3:1:0,2:4:0:2:2:1:1:0:2,MUTATE
0:2:0:2:1:3:3:0:0:,clone,4429.563215774938,0:2:0:2:1:3:3:0:0
0:2:0:3:2:1:2:0:0:,recombination,5065.319308995506,0:1:0:3:3:0:0:0:0,0:3:0:1:1:3:4:1:0
0:2:0:1:1:2:2:1:0:,recombination,3703.5028961077605,0:3:0:1:1:2:3:1:0,0:3:0:2:1:2:2:0:0
0:2:0:3:3:0:1:0:0:,recombination,3638.2322885155127,1:4:0:1:1:2:3:1:1,0:1:0:2:2:2:2:0:0
0:2:0:3:3:0:0:0:0:,clone,3464.9916231595885,0:2:0:3:4:0:0:0:0
0:2:0:1:1:3:3:0:0:,recombination,3874.2431444870454,1:3:0:1:1:2:2:1:1,0:1:0:1:0:4:4:0:0
1:3:0:2:2:2:2:0:1:,recombination,3559.8283324248673,0:3:0:2:2:1:1:0:0,1:4:0:2:2:0:0:0:1
1:3:0:1:1:2:3:0:1:,recombination,3717.562262949713,1:4:0:1:1:2:3:0:1,1:4:0:1:1:2:2:0:1,MUTATE
2:4:0:2:2:1:2:0:2:,recombination,3827.478952847262,2:4:0:2:2:2:2:0:2,1:4:0:2:2:0:1:0:1
0:3:0:4:4:0:0:0:0:,recombination,4305.218837275503,0:2:0:4:4:0:0:0:0,0:2:0:1:1:2:3:0:0,MUTATE
0:3:0:2:2:2:2:1:0:,recombination,3614.1367468257386,1:4:0:2:1:2:2:1:1,0:2:0:2:2:2:2:1:0
1:4:0:2:2:1:1:0:1:,clone,3279.575004462417,1:4:0:2:2:1:1:0:1
0:3:0:3:3:1:1:0:0:,clone,3603.0415697525964,0:3:0:3:3:1:1:0:0
0:3:0:3:3:2:1:0:0:,recombination,5216.4666214743775,0:1:0:3:3:2:3:0:0,1:3:0:1:1:3:3:0:1
0:2:0:2:2:1:2:0:0:,recombination,3339.3893550138523,0:2:0:3:3:0:0:0:0,0:3:0:1:1:1:2:0:0
0:3:0:1:1:2:2:1:0:,clone,3702.0014209091123,0:3:0:1:1:2:2:1:0
0:2:0:1:1:2:2:1:0:,clone,3617.701806894588,0:2:0:1:1:2:2:1:0
0:3:0:2:2:1:1:0:1:,recombination,3456.3400491787215,0:3:0:3:3:1:2:0:0,1:3:0:2:2:1:2:0:1,MUTATE
0:3:0:1:1:3:4:0:0:,recombination,4732.930776386289,0:2:0:1:1:2:3:0:0,0:3:0:1:1:3:4:0:0
1:4:0:2:2:2:2:1:1:,recombination,3453.3422652318905,1:4:0:1:1:2:2:1:1,0:1:0:2:1:2:3:0:0,MUTATE
0:3:0:1:1:2:2:0:0:,recombination,3529.949410956442,0:3:0:2:2:1:2:0:0,1:3:0:1:1:2:3:0:1,MUTATE
1:3:0:1:1:3:3:1:0:,recombination,3799.2016628420115,0:3:0:2:2:1:1:0:1,1:3:0:1:1:3:3:1:0
0:3:0:1:1:2:3:1:0:,recombination,3585.39374132984,1:4:0:1:1:2:3:0:1,0:3:0:1:1:2:3:1:0
0:3:0:1:1:2:3:1:0:,clone,3560.8569594019073,0:3:0:1:1:2:3:1:0
0:3:0:1:1:2:2:0:0:,recombination,3503.0943837241693,1:3:0:3:3:1:1:0:1,0:3:0:1:1:2:2:0:0,MUTATE
0:2:0:3:2:2:2:0:0:,clone,5246.232858760893,0:2:0:3:2:2:2:0:0
1:3:0:1:1:2:3:1:1:,clone,3546.607041984829,1:3:0:1:1:2:3:0:1
0:2:0:1:0:3:4:0:0:,recombination,4531.824957390641,1:3:0:1:1:2:3:1:0,0:2:0:1:0:4:4:0:0,MUTATE
0:2:0:1:0:4:4:1:0:,recombination,4571.377164566639,0:3:0:1:1:3:4:0:0,0:3:0:1:0:4:4:1:0
1:3:0:1:1:2:3:0:1:,recombination,3489.030458856729,0:2:0:1:0:3:4:0:0,1:4:0:1:1:2:2:0:1
0:2:0:1:1:3:3:1:0:,clone,3606.550552703804,0:2:0:1:1:3:3:1:0
1:4:0:3:2:2:2:0:1:,clone,5073.988966949346,1:3:0:3:3:1:2:0:1
0:1:0:1:1:2:3:0:0:,clone,5040.238219553188,0:1:0:1:1:2:3:0:0
1:3:0:1:0:3:4:1:0:,clone,3976.6910809788315,1:3:0:1:0:3:3:1:0
0:3:0:1:1:3:3:1:0:,clone,3741.136564953824,0:2:0:1:1:3:3:1:0
0:2:0:1:1:2:3:0:0:,recombination,3845.1170937549145,0:2:0:1:1:3:3:0:0,1:3:0:2:2:0:2:0:1
0:2:0:2:2:2:2:0:0:,recombination,3653.1293851518803,0:3:0:2:2:2:2:1:0,0:2:0:2:2:2:2:0:0,MUTATE
0:2:0:2:2:0:1:0:0:,recombination,4491.905677572707,0:3:0:2:3:1:1:0:1,0:2:0:4:4:0:0:0:0,MUTATE
0:3:0:1:1:2:3:1:0:,recombination,3560.7143465778095,0:3:0:1:1:2:3:1:0,0:3:0:2:1:2:3:0:0
0:2:0:0:0:3:4:1:0:,recombination,4744.459353589108,0:3:0:1:0:3:3:1:0,1:4:0:1:1:2:3:0:1
1:4:0:2:1:1:2:0:1:,clone,3757.7278073053035,1:4:0:2:1:1:2:0:1
1:3:0:2:1:2:3:0:1:,recombination,4361.100671275208,0:3:0:2:2:1:2:0:1,0:3:0:3:3:1:1:0:0
0:2:0:1:0:3:3:1:0:,clone,3604.655758028108,0:2:0:1:1:3:3:1:0
1:3:0:1:1:2:2:1:1:,clone,3469.30744660904,1:3:0:1:1:2:3:1:1
0:2:0:2:2:0:1:0:0:,recombination,3442.3033844851125,0:2:0:3:3:0:1:0:0,0:2:0:3:3:1:2:0:0,MUTATE
0:2:0:1:1:2:3:0:0:,recombination,3660.0215901171077,0:3:0:1:1:3:3:0:0,0:3:0:1:1:2:2:0:0,MUTATE
1:4:0:2:2:2:2:0:2:,clone,4075.015238931501,1:4:0:2:2:2:2:0:2
1:3:0:1:1:1:2:0:1:,recombination,3937.8295888319253,0:3:0:2:1:2:2:0:0,1:4:0:2:2:0:1:0:1,MUTATE
1:4:0:2:2:1:1:0:1:,clone,3259.86963292906,1:4:0:2:2:1:1:0:1
0:2:0:3:3:0:0:0:0:,clone,3317.8002465768755,0:2:0:3:3:0:0:0:0
1:4:0:1:1:2:2:1:1:,clone,3367.314729489624,1:4:0:2:2:2:2:1:1
0:2:0:1:0:3:3:1:0:,clone,3591.6659574173605,0:2:0:1:0:3:3:1:0
0:3:0:2:2:2:2:0:0:,clone,3580.320131978695,0:3:0:2:2:2:2:0:0
0:2:0:0:0:3:4:1:0:,recombination,4082.7256662758846,0:3:0:1:1:3:3:0:0,1:4:0:2:1:2:2:1:1
1:4:0:1:1:2:2:1:1:,clone,3333.211315949017,1:4:0:1:1:2:2:1:1
1:4:0:2:3:1:1:0:2:,clone,3640.101188425939,1:4:0:3:3:1:1:0:2
1:3:0:1:1:2:3:0:1:,clone,3453.132067718662,1:3:0:1:1:2:3:0:1
0:3:0:1:1:2:3:0:0:,clone,3453.132067718662,1:3:0:1:1:2:3:0:1
0:3:0:1:0:3:3:1:0:,recombination,4177.45534971801,1:3:0:2:1:2:2:0:1,0:2:0:1:0:2:3:0:0,MUTATE
1:4:0:2:2:1:2:0:1:,clone,3319.601128182819,1:4:0:2:2:1:2:0:1
0:3:0:2:2:3:3:0:0:,clone,5176.139289660799,0:3:0:2:2:3:3:0:0
0:3:0:1:1:3:4:0:0:,clone,4703.595309003409,0:3:0:1:1:3:4:0:0
0:1:0:2:1:2:3:0:0:,recombination,4931.701844864029,0:3:0:1:1:2:2:1:0,0:1:0:2:2:2:3:0:0,MUTATE
1:4:0:3:2:1:2:0:1:,clone,4761.781096915841,1:4:0:2:2:1:2:0:1
0:2:0:1:0:4:4:1:0:,clone,4409.656795476525,0:2:0:1:0:4:4:1:0
0:3:0:3:3:2:2:0:0:,recombination,4780.091690361238,0:3:0:1:1:2:3:1:0,0:2:0:3:3:1:2:0:0,MUTATE
0:3:0:1:1:2:3:1:0:,recombination,3535.962028287216,0:2:0:1:0:2:3:0:0,1:4:0:1:1:2:2:1:1
0:3:0:1:1:3:3:0:0:,recombination,3648.7989917596997,1:4:0:1:1:2:3:0:1,1:4:0:2:2:1:2:0:1
0:3:0:2:3:0:1:0:0:,clone,3624.318609487247,0:3:0:3:3:0:1:0:0
0:1:0:0:0:4:4:0:0:,clone,6811.222123453066,0:1:0:0:0:4:4:0:0
0:3:0:3:3:0:0:0:1:,recombination,3376.5936192907993,0:3:0:3:3:1:1:0:0,1:3:0:2:2:1:1:0:1,MUTATE
0:2:0:3:3:2:1:0:0:,clone,5187.355908984886,0:2:0:3:3:2:1:0:0
1:4:0:2:2:0:1:0:1:,recombination,3163.229593698245,1:3:0:2:2:1:1:0:1,0:3:0:1:1:2:3:1:0,MUTATE
0:1:0:0:0:3:4:0:0:,recombination,5625.554949937687,0:3:0:2:3:0:1:0:0,0:2:0:3:2:2:2:0:0
1:4:0:2:2:0:0:0:1:,recombination,3196.9332236001565,1:4:0:2:2:1:1:0:1,1:4:0:2:1:2:2:0:1
0:2:1:1:1:3:3:0:0:,clone,5678.680780609732,0:3:1:1:1:3:3:0:0
0:2:0:1:1:2:3:1:0:,recombination,3301.7119800674564,1:4:0:2:2:2:2:1:1,0:3:0:1:1:3:3:1:0
1:3:0:1:1:2:2:1:0:,clone,3480.5936329653314,1:3:0:1:1:2:2:1:0
1:4:0:2:1:2:2:0:1:,recombination,3507.3166164151617,1:4:0:2:2:2:2:0:1,1:4:0:1:1:3:3:1:1,MUTATE
0:2:0:2:2:1:1:0:0:,clone,3398.873298629539,0:2:0:2:2:1:1:0:0
0:2:0:1:1:2:3:0:0:,recombination,3639.1377649150204,1:4:0:1:1:3:3:0:1,0:2:0:2:2:2:2:0:0,MUTATE
0:2:0:1:1:2:2:1:0:,clone,3386.9446613178775,0:2:0:1:1:2:3:1:0
1:3:0:3:3:1:2:0:1:,clone,4812.444544214029,1:3:0:3:2:2:2:0:1
0:1:0:2:1:3:3:0:0:,clone,5779.624444685478,0:1:0:2:2:2:3:0:0
0:3:0:4:4:1:1:0:0:,recombination,5936.516571140489,0:2:0:4:4:2:2:0:0,1:4:0:2:2:1:3:0:1,MUTATE
1:3:0:1:1:2:2:1:0:,clone,3225.1582184383537,1:3:0:1:1:2:2:1:0
0:3:0:2:1:2:2:1:0:,clone,3538.3507826843947,0:3:0:2:1:2:2:1:0
0:2:0:3:4:0:1:0:0:,clone,4753.45260754295,0:1:0:3:3:2:3:0:0
0:3:0:3:3:0:0:0:0:,clone,3353.814164702726,0:3:0:3:3:0:0:0:1
0:2:0:1:0:3:4:1:0:,clone,4321.079976270749,0:2:0:1:0:3:4:1:0
0:3:0:2:2:0:0:0:1:,recombination,3127.2452143871146,1:3:0:2:2:1:1:0:1,0:2:0:4:4:1:2:0:0
0:3:1:1:0:3:4:1:0:,recombination,4668.297715999894,0:2:0:2:1:3:3:0:0,0:3:1:1:0:3:4:1:0,MUTATE
0:2:0:3:3:1:0:0:0:,recombination,3833.1025566509516,0:3:0:2:1:3:3:1:0,0:2:0:3:3:0:0:0:0
1:4:0:2:2:0:0:0:1:,clone,3154.557747532243,1:3:0:2:2:0:0:0:1
1:3:0:1:1:3:3:1:0:,recombination,3430.570632046314,0:3:0:1:0:4:4:1:0,1:3:0:1:1:2:2:1:0,MUTATE
1:3:0:2:2:0:1:0:1:,recombination,3124.427568913708,1:3:0:2:2:1:1:0:1,0:3:0:1:1:3:4:0:0
0:3:1:1:0:3:4:0:0:,recombination,4928.391636095372,1:4:0:2:2:2:1:0:2,0:2:1:1:0:3:4:0:0
0:3:0:1:1:2:2:1:0:,clone,3282.5970167617193,0:3:0:2:1:2:2:1:0
0:3:0:4:4:1:1:0:0:,recombination,5186.7729735283865,0:3:0:3:3:2:1:0:0,0:2:0:1:0:3:4:0:0
0:3:0:1:1:2:2:0:0:,clone,3458.289987109432,0:3:0:1:1:2:2:0:0
1:3:0:3:4:1:0:0:1:,clone,4551.091866143436,1:4:0:3:3:1:1:0:1
0:1:0:2:1:2:3:0:0:,clone,4690.890190475394,0:2:0:2:2:2:2:0:0
1:4:0:2:3:0:0:0:1:,recombination,3337.497931291109,1:3:0:2:2:1:1:0:1,1:4:0:3:3:1:2:0:1,MUTATE
0:3:0:2:2:2:2:0:0:,clone,3358.158658734375,0:3:0:2:2:2:2:0:0
0:2:0:1:0:3:3:0:0:,clone,4535.026707730248,0:2:0:1:1:3:3:0:0
0:1:0:1:0:3:4:0:0:,recombination,5326.649796771059,0:1:0:1:1:3:4:0:0,1:4:0:1:1:2:3:1:1,MUTATE
0:3:0:2:2:1:2:0:1:,recombination,3999.007201020055,1:4:0:2:3:0:1:0:1,0:2:0:2:2:2:2:0:0
0:3:0:1:1:4:3:1:0:,recombination,4859.0079089498395,2:4:0:2:2:2:2:0:2,0:2:0:1:0:4:4:1:0
0:2:0:1:1:2:3:0:0:,recombination,3622.728300650574,0:2:0:1:0:3:4:1:0,0:3:0:2:2:2:2:0:0
0:2:0:1:1:4:4:1:0:,clone,5162.73831977026,0:2:0:1:1:4:4:1:0
0:3:1:1:1:3:3:0:0:,recombination,5691.609325651203,0:2:0:3:3:1:1:0:0,0:3:1:1:1:3:4:0:0,MUTATE
0:3:0:4:4:1:1:0:0:,clone,5159.235581898771,0:3:0:4:4:1:1:0:0
0:2:1:1:0:4:4:1:0:,clone,6062.251605311105,0:2:1:1:0:4:4:1:0
0:2:0:2:2:2:2:1:0:,recombination,3915.179073923569,0:2:0:1:1:2:2:1:0,1:4:0:2:3:1:1:0:2
0:3:0:1:1:2:3:1:0:,clone,3535.528403275275,0:3:0:1:1:2:3:1:0
0:3:0:2:3:1:1:0:0:,recombination,3577.646182692927,1:4:0:3:3:0:1:0:1,0:2:0:4:4:0:0:0:0
1:3:0:1:1:3:3:1:1:,recombination,3527.769125188506,0:2:0:2:1:3:3:0:0,1:4:0:2:1:2:2:0:1,MUTATE
1:3:0:2:2:0:1:0:1:,clone,3010.720595055651,1:3:0:2:2:0:1:0:1
0:2:0:1:1:2:3:0:0:,clone,3581.150087771955,0:2:0:1:1:2:3:0:0
0:2:0:2:2:3:3:0:0:,clone,5193.785387698204,0:2:0:2:2:3:3:0:0
0:3:1:1:1:3:3:0:0:,clone,5501.230786508557,0:3:1:1:1:3:3:0:0
1:3:0:2:2:1:1:0:1:,clone,3027.014638032182,1:3:0:2:2:0:1:0:1
0:3:0:1:0:3:4:1:0:,recombination,4261.472929943824,0:3:0:1:1:3:4:1:0,1:3:0:1:1:2:3:1:0
0:2:0:2:2:2:3:0:0:,clone,4797.006692621684,0:2:0:2:1:2:3:0:0
1:4:0:2:2:2:2:0:1:,recombination,3544.767814479524,1:3:0:1:1:3:3:1:1,2:4:0:3:3:1:1:0:2,MUTATE
2:4:0:3:3:0:0:0:2:,clone,3994.163059870479,2:4:0:3:3:0:1:0:2
1:3:0:1:1:2:3:1:1:,recombination,3503.7108568927474,1:4:0:1:1:3:3:1:1,0:3:0:2:1:2:2:1:0
0:2:0:3:4:0:1:0:0:,clone,4729.507708750629,0:2:0:4:4:0:0:0:0
0:2:0:1:0:3:3:0:0:,clone,4405.318514204529,0:2:0:1:1:3:3:0:0
0:2:0:0:0:4:4:1:0:,recombination,4652.667708404309,0:3:0:2:2:2:2:0:0,0:2:0:1:1:3:3:1:0,MUTATE
0:2:0:2:2:2:3:0:0:,recombination,4612.569226992528,0:3:0:3:3:0:1:0:0,0:3:0:3:3:2:2:0:0
1:3:0:2:2:1:1:0:1:,clone,3005.4904287724657,1:3:0:2:2:1:1:0:1
0:2:0:1:0:4:4:0:0:,clone,5235.784794120257,0:2:0:0:0:4:4:0:0
0:2:0:2:2:2:2:1:0:,recombination,3701.105601949114,1:3:0:1:1:2:2:0:1,0:2:0:1:1:3:3:1:0,MUTATE
0:3:0:2:1:2:2:0:0:,recombination,3513.6335088202954,1:3:0:2:1:2:2:0:1,0:2:0:2:2:2:3:0:0,MUTATE
1:4:0:2:3:1:1:0:1:,recombination,3635.571091249898,2:4:0:2:3:1:1:0:2,0:3:0:3:3:1:2:0:0
1:3:0:1:1:1:2:0:1:,clone,3349.98993077863,1:3:0:1:1:1:2:0:1
1:3:0:1:1:2:2:0:1:,clone,3481.9653901066913,1:4:0:2:1:2:2:0:1
1:3:0:1:1:2:3:1:0:,clone,3548.5267853205796,1:3:0:1:1:2:3:1:1
0:3:0:1:1:3:3:1:0:,clone,3707.5353834229004,1:3:0:1:1:2:3:1:0
0:3:0:1:0:3:4:1:0:,recombination,3968.4160415470797,1:3:0:1:0:3:3:1:0,1:3:0:1:1:2:3:1:0
0:2:0:0:0:3:4:1:0:,recombination,4034.9484167131964,0:2:0:3:3:0:1:0:0,0:2:0:1:1:2:3:0:0
1:4:0:2:2:2:1:1:1:,clone,3812.994012726416,1:4:0:2:2:2:1:1:1
1:4:0:2:3:0:0:0:1:,recombination,3310.4626819133287,1:4:0:3:3:0:0:0:1,0:2:0:1:1:3:4:0:0,MUTATE
0:2:0:1:0:3:4:0:0:,recombination,4379.163201515759,0:2:0:1:1:3:3:0:0,0:2:1:1:0:4:4:0:0
0:2:0:0:0:4:4:1:0:,clone,4524.81339853736,0:2:0:0:0:4:4:1:0
1:4:0:2:2:2:1:1:2:,clone,3864.065762143073,1:4:0:2:2:2:2:1:2
0:1:0:3:3:2:2:0:0:,clone,5796.478822100172,0:1:0:3:3:2:2:0:0
0:2:0:2:2:3:2:0:0:,recombination,5009.196852307466,0:2:0:2:1:2:2:0:0,0:1:0:2:2:2:2:0:0
0:1:0:1:0:3:4:1:0:,recombination,4661.981856582912,0:1:0:1:1:2:3:0:0,0:2:0:2:2:2:2:1:0,MUTATE
0:3:0:4:4:1:0:0:0:,recombination,5596.526953805013,0:1:0:3:3:2:3:0:0,0:3:1:1:1:3:4:0:0
0:3:0:1:1:2:2:0:0:,clone,3356.494408389649,0:3:0:1:1:2:2:0:0
0:3:0:1:0:4:3:1:0:,recombination,4118.8334753348945,0:2:0:1:0:4:4:1:0,1:4:0:1:1:2:2:1:1,MUTATE
0:3:0:1:1:3:4:1:0:,clone,4713.824862093244,0:3:0:1:1:3:4:1:0
0:2:0:1:0:3:4:1:0:,clone,4155.408971186422,0:2:0:1:0:3:4:1:0
0:2:0:1:0:4:4:0:0:,recombination,5027.4300035210035,1:3:0:1:1:3:3:0:1,0:1:0:2:2:2:3:0:0,MUTATE
1:3:0:3:3:1:2:0:1:,clone,4808.23855988665,1:3:0:3:3:1:2:0:1
0:1:0:0:0:4:4:1:0:,recombination,5297.706997181822,0:1:0:1:1:2:3:0:0,0:1:0:1:0:3:4:1:0,MUTATE
0:1:0:2:2:1:2:0:0:,clone,4881.784900052179,0:1:0:2:2:1:2:0:0
0:1:0:2:2:3:3:0:0:,recombination,5547.583528471791,0:1:0:3:3:2:2:0:0,0:2:0:1:1:4:4:0:0
0:2:0:1:0:3:4:1:0:,clone,4128.737643223371,0:2:0:1:0:4:4:1:0
0:2:0:0:0:4:4:1:0:,recombination,4386.094298881777,0:3:0:1:1:3:3:0:0,0:3:0:2:2:2:2:0:0
0:1:0:0:0:3:4:0:0:,clone,5285.026837379397,0:1:0:0:0:3:4:0:0
0:2:0:1:0:3:4:0:0:,clone,4361.847760575383,0:2:0:1:0:3:4:0:0
0:2:0:1:0:3:4:0:0:,recombination,4281.85107120896,1:3:0:1:1:2:3:0:1,0:2:0:1:0:3:4:1:0,MUTATE
0:1:0:0:0:4:4:0:0:,recombination,5730.70486848825,0:1:0:3:2:2:3:0:0,0:2:0:1:1:2:3:1:0
0:4:0:3:3:0:0:0:1:,recombination,4032.3448586820095,0:2:0:3:4:0:1:0:0,1:4:0:2:1:2:2:0:1
0:2:0:3:3:1:2:0:0:,clone,4808.731366799,0:2:0:2:2:1:2:0:0
0:2:0:0:0:3:4:0:0:,recombination,4206.851210494282,1:3:0:2:2:1:1:0:1,0:2:0:1:0:3:4:0:0
1:3:0:1:1:2:3:1:0:,clone,3452.6720870318404,0:3:0:1:1:2:2:1:0
0:3:1:1:1:3:4:0:0:,clone,5507.904776860942,0:3:1:1:1:3:3:0:0
0:1:0:1:0:3:4:0:0:,recombination,4933.065357739496,0:1:0:0:0:4:4:1:0,0:2:0:3:2:2:2:0:0
0:3:0:2:1:3:2:1:0:,recombination,4132.055002671663,0:3:0:2:1:2:3:1:0,1:4:0:2:2:3:2:1:1
0:3:0:1:1:2:2:0:0:,recombination,3183.5374176883665,1:4:0:2:2:2:2:0:1,1:3:0:2:2:1:2:0:1,MUTATE
0:2:0:1:1:3:3:1:0:,recombination,3491.3002679351384,0:2:0:1:1:3:3:1:0,1:3:0:1:1:2:2:1:0
0:2:0:1:0:4:4:1:0:,recombination,4267.513546363034,0:1:0:2:1:2:3:0:0,1:4:0:2:1:3:2:1:1
0:2:0:1:1:3:3:1:0:,clone,3471.437418567377,0:2:0:1:1:3:3:1:0
0:3:1:0:0:4:4:1:0:,recombination,4705.32417129327,1:3:0:1:1:3:3:1:0,1:3:0:1:1:2:2:1:1
0:3:0:1:1:2:3:1:0:,clone,3424.3267651292567,1:3:0:1:1:2:3:1:0
0:1:0:0:0:4:4:1:0:,clone,4970.196629787957,0:1:0:0:0:4:4:1:0
0:2:0:0:0:4:4:1:0:,clone,4246.281548568562,0:2:0:1:1:3:3:1:0
1:3:0:2:2:2:2:0:1:,recombination,3324.344469834648,0:3:0:1:1:2:2:0:0,0:3:0:2:2:2:2:1:0,MUTATE
1:3:0:1:1:2:2:0:1:,recombination,3307.34578054363,1:4:0:2:2:2:2:0:1,1:4:0:3:2:1:2:0:1,MUTATE
0:2:1:0:0:4:4:1:0:,recombination,4947.8097764668255,0:2:1:1:0:3:4:0:0,0:3:0:2:2:2:2:0:0
1:3:0:1:1:3:2:1:1:,recombination,3902.299901340414,1:4:0:2:2:1:1:1:2,0:3:0:2:1:2:2:0:0,MUTATE
0:3:0:1:0:3:3:1:0:,clone,3864.8344409312986,0:3:0:1:0:3:3:1:0
0:3:0:2:3:0:1:0:0:,clone,3573.3736745347637,0:3:0:2:3:0:1:0:0
0:2:0:1:0:3:3:0:0:,clone,4329.494439835321,0:2:0:1:0:3:3:0:0
0:3:0:1:0:4:4:1:0:,clone,4780.373414692601,0:3:0:1:0:4:4:1:0
0:2:1:1:0:4:4:0:0:,clone,5222.8212466157465,0:2:1:1:0:3:4:0:0
0:2:0:0:0:4:4:0:0:,recombination,4629.100939219897,0:1:0:2:1:2:3:0:0,0:2:0:0:0:4:4:1:0
0:3:0:0:0:3:4:1:0:,recombination,4546.544363361215,1:3:0:1:0:3:3:1:0,0:2:0:1:1:2:3:0:0,MUTATE
0:3:0:0:0:3:4:1:0:,clone,4310.999506888589,0:3:0:1:0:3:4:1:0
0:2:0:0:0:3:4:1:0:,recombination,3989.428333683436,0:2:0:0:0:4:4:1:0,1:3:0:1:1:2:2:0:1,MUTATE
0:2:0:2:1:3:3:1:0:,recombination,5129.768478066103,1:3:0:2:2:1:1:0:1,0:1:0:1:0:4:4:0:0,MUTATE
0:2:0:3:3:2:2:0:0:,clone,4949.27265723219,0:2:0:3:3:2:2:0:0
0:2:1:1:1:2:3:0:0:,clone,4981.967318365242,0:1:1:0:0:4:4:0:0
0:1:0:3:2:2:2:0:0:,clone,5711.227889702996,0:1:0:2:2:2:2:0:0
0:2:1:0:0:3:4:0:0:,clone,5984.107148086071,0:2:0:2:2:1:2:0:0
0:3:0:1:0:4:4:1:0:,recombination,4483.267664290631,0:3:0:1:1:2:3:1:0,1:3:0:1:1:3:3:0:1
0:3:0:2:2:3:2:1:0:,recombination,4311.134484951867,0:3:0:2:1:3:2:1:0,2:4:0:2:2:2:2:0:2,MUTATE
0:2:0:2:1:3:2:1:0:,clone,4295.836857155,0:2:0:2:1:2:2:1:0
1:4:0:2:3:0:0:0:1:,clone,3247.5852094269912,1:4:0:3:3:0:0:0:1
0:2:1:0:0:4:4:1:0:,clone,4845.1016235218995,0:2:1:0:0:4:4:1:0
1:4:0:2:2:2:2:0:1:,recombination,3533.9653947429433,0:2:0:0:0:3:4:0:0,2:4:0:3:3:1:1:0:2,MUTATE
0:3:0:4:4:1:1:0:0:,clone,5134.94693347667,0:3:0:4:4:1:1:0:0
2:4:0:2:2:1:2:1:2:,clone,3928.0165118692057,2:4:0:2:2:1:2:1:2
0:2:0:2:2:3:3:0:0:,clone,5137.877144784444,0:2:0:2:2:3:3:0:0
0:1:1:1:0:4:4:0:0:,clone,6524.594610740227,0:1:1:1:0:4:4:0:0
0:2:1:0:0:4:4:0:0:,recombination,5170.388383745621,0:1:1:0:0:4:4:0:0,1:4:0:1:1:2:2:1:1
0:3:0:3:4:0:0:0:0:,clone,4383.060662289574,0:3:0:4:4:0:0:0:0
0:2:1:1:0:4:4:0:0:,clone,5164.5669061898725,0:2:1:1:0:4:4:0:0
0:1:1:0:0:4:4:1:0:,clone,5738.66172673785,0:1:1:0:0:4:4:1:0
0:2:1:1:0:4:4:1:0:,recombination,5747.425379766414,0:2:1:1:0:4:4:1:0,0:1:0:1:0:3:4:1:0
1:4:0:2:2:0:2:0:1:,clone,4251.865244720688,1:4:0:2:2:0:2:0:1
0:2:0:3:2:1:2:0:0:,clone,4983.495434225529,0:2:0:2:2:1:2:0:0
0:2:0:2:2:3:2:1:0:,clone,4772.642601865443,0:2:0:1:1:3:3:1:0
0:2:1:0:0:3:4:0:0:,clone,5886.181955101777,0:2:1:0:0:3:4:0:0
0:1:0:0:0:4:4:1:0:,recombination,4815.900463243419,2:4:0:2:2:1:1:0:2,0:3:0:1:1:2:2:1:0,MUTATE
0:1:0:1:0:4:4:1:0:,recombination,5873.239099040857,1:4:0:2:2:1:1:0:1,0:2:0:4:4:1:1:0:0,MUTATE
0:3:0:1:0:3:4:1:0:,clone,3966.235780219496,0:3:0:0:0:3:4:2:0
0:2:1:1:0:4:4:0:0:,clone,5164.566906189872,0:2:1:1:0:4:4:0:0
0:1:0:3:3:1:1:0:0:,clone,4847.928439806361,0:1:0:3:3:1:1:0:0
0:3:0:1:0:4:4:1:0:,recombination,3954.226923648786,0:3:0:1:0:4:4:1:0,1:4:0:2:2:1:2:1:1
0:3:1:1:1:3:3:1:0:,clone,4706.088924017467,0:3:1:1:1:3:3:1:0
0:3:1:1:1:2:3:0:0:,recombination,5008.684631333601,0:2:1:0:0:4:4:0:0,0:3:0:3:3:0:1:0:0,MUTATE
0:3:0:4:4:0:1:0:0:,recombination,4893.776973383323,0:3:0:2:2:1:2:0:1,0:1:0:2:1:2:3:0:0
0:1:0:1:0:4:4:0:0:,clone,5944.810042568618,0:2:0:1:0:3:4:0:0
0:1:0:0:0:3:4:0:0:,recombination,4955.981435177027,0:1:0:0:0:3:4:0:0,0:2:0:3:4:0:0:0:0,MUTATE
0:1:0:0:0:4:4:1:0:,recombination,4417.9176093474625,0:2:0:1:1:2:2:1:0,0:2:0:2:2:2:2:1:0,MUTATE
0:2:0:1:1:3:4:1:0:,recombination,4807.822543895487,0:2:0:1:0:4:4:1:0,0:3:0:2:1:3:3:0:0,MUTATE
0:1:0:1:1:3:3:0:0:,recombination,4629.309631298252,0:2:0:3:2:2:2:0:0,2:4:0:2:3:1:1:0:2,MUTATE
0:2:0:1:0:2:3:0:0:,recombination,4089.058721295375,0:1:0:0:0:3:4:0:0,0:3:0:3:4:0:0:0:0,MUTATE
0:1:0:0:0:4:4:0:0:,recombination,5480.8000695961055,0:2:0:1:1:2:2:1:0,0:2:1:0:0:3:4:0:0,MUTATE
0:3:0:0:0:3:4:1:0:,recombination,4222.774504874877,0:3:0:0:0:3:4:2:0,0:2:0:1:0:4:4:0:0,MUTATE
0:2:1:1:1:3:4:1:0:,recombination,5166.623733983729,0:2:0:2:2:2:2:1:0,0:2:1:1:1:3:4:0:0
0:1:0:1:0:4:4:1:0:,clone,4747.964128699854,0:2:0:1:1:4:3:1:0
0:3:0:4:4:1:1:0:0:,clone,5103.40514381897,0:3:0:4:4:1:1:0:0
0:2:1:1:1:3:3:1:0:,recombination,4758.46436589894,0:1:0:2:1:2:3:0:0,1:3:0:1:1:2:2:1:1,MUTATE
0:2:1:1:0:3:4:0:0:,clone,4537.62696042709,0:2:1:1:0:4:4:0:0
0:2:1:1:0:4:4:0:0:,clone,5100.606469224623,0:2:1:1:0:4:4:0:0
0:2:1:1:0:3:4:1:0:,recombination,5047.879330346588,0:2:0:0:0:4:4:1:0,1:4:0:3:3:1:1:0:1
0:2:1:1:1:4:4:1:0:,clone,5855.618512420336,0:2:1:1:0:4:4:1:0
1:4:0:3:3:0:0:0:1:,clone,3255.0869242803033,1:4:0:2:3:0:0:0:1
0:2:1:1:1:3:4:0:0:,recombination,5585.279234171641,0:2:1:1:1:4:4:1:0,0:2:0:0:0:4:4:1:0
0:2:0:1:0:2:3:0:0:,clone,4064.3304455294174,0:2:0:1:0:2:3:0:0
0:1:1:0:0:4:4:1:0:,recombination,5704.214256829267,0:2:1:0:0:4:4:0:0,0:2:0:1:0:3:3:1:0,MUTATE
0:3:0:1:0:4:4:1:0:,clone,3896.4377539914285,0:3:0:1:0:3:3:1:0
0:1:1:0:0:4:4:1:0:,recombination,5426.04540243657,0:1:1:0:0:4:4:0:0,0:1:0:0:0:4:4:1:0
0:2:0:4:4:1:0:0:0:,clone,4663.363236762172,0:2:0:4:4:1:0:0:0
0:2:0:0:0:4:4:1:0:,recombination,4181.476126918391,1:4:0:2:1:2:2:0:1,0:2:0:1:0:4:4:1:0
0:3:0:1:0:3:4:0:0:,recombination,4516.9062065445005,0:3:0:1:1:3:3:0:0,1:4:0:2:2:2:2:0:1,MUTATE
0:2:0:1:1:4:3:1:0:,recombination,4822.138802638968,0:2:0:3:2:2:2:0:0,0:2:0:1:1:4:4:1:0,MUTATE
0:2:0:1:1:4:3:1:0:,recombination,4462.7709560794565,1:3:0:2:2:1:1:0:1,0:3:0:1:1:3:3:0:0,MUTATE
0:1:0:1:0:4:4:0:0:,clone,5662.128867576159,0:1:0:1:0:4:4:0:0
0:2:0:2:3:1:1:0:0:,clone,4359.408466205585,0:2:0:3:3:1:1:0:0
1:4:0:2:2:3:3:1:1:,recombination,4652.6373187062145,1:4:0:1:1:3:2:1:1,0:1:0:0:0:4:4:0:0
0:3:1:1:0:4:4:1:0:,recombination,4856.765861871428,0:2:0:1:0:4:4:0:0,0:2:1:1:1:3:4:1:0,MUTATE
1:3:0:2:2:1:2:0:1:,recombination,3204.5890199695637,0:3:0:1:1:2:3:0:0,1:4:0:2:3:1:1:0:2,MUTATE
0:2:0:1:0:2:3:0:0:,clone,4028.7525519141955,0:2:0:1:0:2:3:0:0
0:3:1:1:1:4:4:0:0:,clone,5562.082223869339,0:3:1:1:1:3:4:0:0
0:2:1:1:0:4:4:0:0:,clone,4891.027887586545,0:2:1:1:0:3:4:0:0
0:1:0:1:0:2:3:0:0:,recombination,4175.841426663182,0:1:0:1:0:4:4:1:0,0:1:0:1:1:3:3:0:0
0:2:1:0:0:3:4:0:0:,clone,5804.408931780793,0:2:1:0:0:3:4:0:0
0:2:0:1:1:3:4:1:0:,recombination,4800.377460658011,0:2:0:1:1:4:3:1:0,0:3:0:1:1:3:3:1:0
0:2:1:1:1:4:4:0:0:,clone,5713.9758129838165,0:2:1:1:1:4:4:0:0
0:3:0:1:1:4:4:0:0:,clone,5386.489556930538,0:3:0:1:1:4:4:0:0
0:2:1:0:0:4:4:1:0:,recombination,4800.050307010738,0:4:0:2:2:0:1:0:1,0:3:1:0:0:4:4:1:0
0:1:0:0:0:4:4:1:0:,recombination,4364.836644823121,0:3:0:1:1:3:3:0:0,0:2:0:1:0:3:4:0:0,MUTATE
0:1:0:1:1:2:3:0:0:,clone,4562.928532523478,0:1:0:1:1:2:3:0:0
1:4:0:2:1:3:2:0:1:,recombination,4513.429648136215,1:4:0:3:3:0:1:0:1,2:4:0:2:3:1:1:0:2
1:4:0:3:4:0:0:0:1:,clone,3754.0589814720856,1:4:0:4:4:0:0:0:1
0:3:0:2:1:2:3:0:0:,recombination,4317.046214409326,0:3:0:2:2:2:3:0:0,0:2:0:3:2:2:2:0:0,MUTATE
0:2:0:1:1:3:4:1:0:,clone,4773.201187157446,0:2:0:1:1:3:3:1:0
1:4:0:2:3:0:1:0:1:,clone,3698.330728228048,1:4:0:3:3:0:0:0:1
0:3:0:1:1:4:3:1:0:,recombination,4634.912121192412,1:4:0:1:1:2:3:0:1,1:4:0:2:2:1:1:1:2,MUTATE
0:2:0:3:2:2:3:0:0:,clone,6887.388063562784,0:2:0:3:2:2:3:0:0
0:3:0:2:2:1:1:0:0:,clone,3321.381497991752,1:3:0:2:2:1:1:0:1
0:2:1:1:1:4:4:1:0:,clone,5528.459181141444,0:2:1:1:1:4:4:1:0
0:1:0:1:0:4:4:1:0:,recombination,4368.339597389325,1:4:0:2:1:2:2:1:1,0:2:0:1:1:3:3:0:0,MUTATE
0:3:1:1:0:3:4:1:0:,clone,4615.591659680125,0:3:1:1:0:3:4:1:0
1:4:0:2:3:0:1:0:1:,recombination,3681.0762273242435,0:3:0:1:1:3:4:0:0,1:4:0:2:3:0:0:0:1,MUTATE
0:2:0:1:0:3:3:0:0:,recombination,4249.3584665469625,0:2:1:1:0:4:4:1:0,0:2:0:1:0:2:3:0:0
0:2:1:1:0:3:4:1:0:,recombination,4993.9878312472865,1:3:0:2:2:2:2:0:1,0:3:1:1:0:4:4:1:0,MUTATE
0:2:0:3:2:1:2:0:0:,clone,4949.399147186203,0:2:0:3:2:1:2:0:0
0:2:1:1:0:4:4:1:0:,recombination,5212.000804051383,0:3:1:1:1:4:4:0:0,0:2:0:1:0:3:4:1:0
0:2:0:2:1:3:3:1:0:,clone,4350.057281787719,0:2:0:2:1:2:2:0:0
0:3:0:2:2:3:2:0:0:,recombination,4350.057281787719,2:4:0:2:2:2:1:0:2,0:3:0:2:2:2:3:0:0
1:3:0:2:3:0:0:0:1:,clone,3431.496785081554,0:3:0:3:3:0:0:0:0
0:2:1:1:0:3:4:1:0:,recombination,4798.515430150266,0:3:0:1:0:3:3:1:0,0:3:0:2:1:2:3:0:0
0:3:0:0:0:3:4:1:0:,clone,4185.104711249838,0:3:0:0:0:3:4:1:0
0:3:0:2:2:1:1:0:0:,clone,3304.382808700734,0:3:0:2:2:1:1:0:0
1:4:0:1:0:3:4:1:1:,clone,4105.514623984264,1:4:0:1:0:3:3:1:1
0:1:1:0:0:4:4:0:0:,clone,6406.325864234015,0:1:1:0:0:4:4:0:0
0:2:1:1:0:4:4:1:0:,recombination,5135.783810519473,0:2:0:2:1:2:2:0:0,0:3:0:1:1:2:3:1:0,MUTATE
0:3:0:1:1:3:2:1:0:,recombination,3993.9528938799103,0:3:0:2:1:2:2:0:0,0:2:0:1:0:4:4:1:0
0:2:0:3:4:1:1:0:0:,clone,5455.73981613754,0:2:0:3:3:1:1:0:0
0:2:0:2:2:3:2:0:0:,clone,4513.460209239508,0:2:0:2:1:3:3:1:0
0:2:0:2:1:3:2:0:0:,recombination,4405.377046813978,0:3:0:1:1:2:2:0:0,0:3:0:2:2:2:3:0:0,MUTATE
0:1:0:0:0:4:4:1:0:,clone,4260.0761939405265,0:1:0:0:0:4:4:1:0
1:4:0:2:1:3:3:1:1:,clone,4548.519120290787,1:4:0:2:1:3:3:1:1
0:1:0:1:0:4:4:1:0:,clone,4335.794098869913,0:1:0:1:0:4:4:1:0
0:3:0:2:1:3:3:1:0:,clone,4412.77908280775,0:3:0:1:1:3:3:1:0
0:2:1:1:0:4:4:1:0:,clone,5121.962581509543,0:2:1:1:0:4:4:1:0
0:3:0:1:1:1:3:0:0:,clone,4347.297498677083,1:3:0:2:2:0:2:0:1
0:2:0:0:0:3:4:1:0:,recombination,3963.0778241202047,1:4:0:2:2:1:1:0:1,1:4:0:1:1:2:2:0:1,MUTATE
0:1:1:0:0:4:4:1:0:,clone,4973.368612445961,0:2:0:1:0:3:4:1:0
1:4:0:3:3:0:1:0:1:,recombination,3813.678132679849,1:4:0:3:3:0:0:0:1,0:2:0:3:2:2:2:0:0
0:3:0:0:0:3:4:1:0:,clone,4176.999130105291,0:3:0:0:0:3:4:1:0
0:3:0:0:0:3:4:1:0:,recombination,4085.0207741354666,1:4:0:2:2:0:1:0:1,0:3:0:1:0:3:4:1:0,MUTATE
0:2:0:2:2:3:3:0:0:,clone,4983.862566731189,0:2:0:2:2:3:3:0:0
0:2:0:0:0:3:4:1:0:,clone,3953.685636038773,0:2:0:0:0:3:4:1:0
0:2:0:2:2:3:3:1:0:,clone,4769.0853227143725,0:2:0:2:2:3:3:0:0
0:1:1:0:0:4:4:0:0:,clone,6352.609700001002,0:1:1:0:0:4:4:0:0
0:1:0:4:4:1:1:0:0:,clone,5254.352409634412,0:1:0:4:4:1:1:0:0
1:4:0:2:2:1:1:1:1:,clone,3808.699219303527,1:4:0:2:2:1:1:0:2
1:4:0:1:1:3:3:1:0:,clone,4388.74671586222,1:3:0:1:1:3:3:1:0
0:2:0:3:4:1:1:0:0:,recombination,5074.105942942494,0:1:0:4:4:1:1:0:0,1:3:0:2:2:2:2:0:1
0:2:1:1:1:3:4:0:0:,recombination,5092.871478529857,0:2:1:1:0:4:4:1:0,1:4:0:2:1:3:3:0:1
0:3:0:2:1:2:3:1:0:,recombination,4391.304943816187,0:3:0:2:1:2:2:0:0,1:4:0:2:1:3:3:1:1
0:2:1:1:0:4:4:1:0:,clone,4889.871024052438,0:2:1:1:0:4:4:1:0
0:3:0:1:1:4:4:0:0:,clone,5386.489556930537,0:3:0:1:1:4:4:0:0
0:3:0:2:1:3:2:0:0:,clone,4291.365209544893,0:3:0:2:1:3:2:0:0
0:1:0:1:1:3:3:1:0:,recombination,4281.295071358562,0:1:0:1:0:4:4:1:0,0:2:0:3:3:2:2:0:0,MUTATE
0:2:0:1:1:4:4:1:0:,recombination,4843.888031913644,1:4:0:3:3:1:0:0:1,0:2:0:1:1:4:4:1:0
0:3:0:0:0:3:4:1:0:,clone,3881.1373241081474,0:3:0:1:0:3:4:1:0
0:2:0:2:1:2:2:1:0:,clone,4254.81001203847,0:2:0:2:1:2:3:0:0
1:3:0:2:1:2:2:1:1:,recombination,4143.947121345755,0:3:0:2:1:1:2:0:0,1:4:0:2:2:1:2:1:2
1:4:0:3:4:0:0:0:2:,clone,3720.6277125886036,1:4:0:3:4:0:0:0:1
0:2:0:1:0:4:4:0:0:,clone,4845.105160549427,0:2:0:1:0:3:4:0:0
0:2:1:0:0:3:4:1:0:,recombination,4728.700891221945,0:2:0:2:1:3:3:1:0,1:4:0:2:2:1:1:0:1
0:2:0:2:1:2:2:1:0:,recombination,4189.069099210373,0:2:0:3:2:2:2:0:0,0:2:1:1:1:3:3:1:0
0:2:0:1:0:4:4:0:0:,clone,4839.636371838344,0:2:0:1:0:4:4:0:0
0:1:1:0:0:4:4:0:0:,clone,6048.263171303829,0:1:1:0:0:4:4:0:0
0:3:0:1:1:1:3:0:0:,recombination,4255.344747032462,0:3:0:1:1:1:3:0:0,0:2:0:3:4:0:1:0:0,MUTATE
0:1:1:0:0:4:4:0:0:,clone,6031.714673245234,0:1:1:0:0:4:4:0:0
0:2:0:1:0:3:3:0:0:,recombination,4077.165931869885,0:3:0:1:1:2:2:1:0,0:2:0:2:1:2:2:0:0,MUTATE
0:2:0:3:2:3:3:0:0:,recombination,7062.616515611011,1:4:0:1:1:2:3:0:1,0:2:0:3:2:2:3:0:0,MUTATE
0:2:0:1:0:4:4:0:0:,clone,4744.110062179579,0:2:0:1:0:4:4:0:0
1:3:0:2:2:3:2:1:0:,clone,4623.213561567822,1:3:0:2:2:3:2:1:0
0:1:0:3:3:1:2:0:0:,recombination,4843.326769923366,0:3:0:1:1:3:3:0:0,0:1:0:3:3:1:1:0:0
1:3:0:1:1:4:3:1:0:,clone,4353.52614037476,1:4:0:1:1:3:3:1:1
0:2:1:1:1:3:3:1:0:,clone,4378.4869696466685,0:2:1:1:0:4:4:1:0
0:2:0:1:1:3:2:0:0:,clone,4122.411252108014,0:2:0:1:1:3:2:0:0
0:1:0:0:0:4:4:1:0:,clone,4257.719752670377,0:1:0:0:0:4:4:1:0
0:3:0:3:3:0:1:0:1:,recombination,3884.138318781844,0:4:0:2:2:0:1:0:1,1:3:0:2:3:0:0:0:1
0:2:1:0:0:4:4:1:0:,recombination,4422.572640196646,1:4:0:2:2:1:2:0:1,1:4:0:1:1:2:2:1:1
0:3:0:1:1:3:2:0:0:,clone,3979.8087174739776,0:2:0:1:1:3:3:0:0
0:3:0:3:3:0:1:0:1:,clone,3786.5163503344484,0:3:0:3:3:0:1:0:1
0:3:0:1:1:1:3:0:0:,recombination,4214.793186406193,0:3:0:1:1:1:3:0:0,0:2:0:0:0:4:4:1:0
0:3:0:1:1:1:3:0:0:,clone,4210.842080432566,0:3:0:1:1:1:3:0:0
0:2:0:1:0:3:4:1:0:,clone,4103.446005070764,0:2:0:1:0:3:4:1:0
0:2:0:3:3:1:2:0:0:,recombination,4673.3825033614385,0:1:0:2:2:2:3:0:0,1:4:0:3:3:0:1:0:1
0:2:1:0:0:4:4:0:0:,clone,4713.143865265056,0:2:0:1:0:4:4:0:0
0:3:0:1:1:1:3:0:0:,clone,4187.113963126397,0:3:0:1:1:1:3:0:0
0:2:1:0:0:4:4:0:0:,clone,4647.402952436959,0:2:1:0:0:4:4:0:0
0:1:0:0:0:4:4:0:0:,recombination,5358.162493314497,0:1:1:0:0:4:4:0:0,0:3:0:2:2:1:1:0:0
0:1:1:0:0:4:4:1:0:,clone,4667.675530409041,0:1:1:0:0:4:4:1:0
0:3:1:1:0:3:4:1:0:,clone,4487.346971258818,0:3:1:1:0:3:4:1:0
0:2:0:3:3:1:1:0:0:,clone,3702.1247223405153,0:2:0:3:3:1:1:0:0
1:3:0:3:3:0:1:0:1:,clone,3904.2701569798965,1:3:0:2:2:0:1:0:1
0:3:1:1:0:4:4:0:0:,recombination,5902.3024914569205,1:3:0:3:3:1:1:0:1,0:2:0:1:0:3:4:0:0,MUTATE
0:2:1:1:0:4:4:1:0:,clone,4685.636407564919,0:2:1:1:0:4:4:1:0
1:4:0:1:1:4:3:1:1:,recombination,4838.77572196684,2:4:0:2:2:1:2:0:2,0:3:0:0:0:3:4:1:0,MUTATE
0:2:1:1:1:3:3:0:0:,recombination,5663.914354303367,0:3:0:1:1:2:2:1:0,0:2:0:4:4:2:2:0:0,MUTATE
0:2:1:1:0:4:4:1:0:,recombination,4604.42260255891,0:2:1:0:0:3:4:0:0,0:2:1:1:0:4:4:1:0,MUTATE
0:3:0:1:1:4:4:1:0:,recombination,5142.4684175354505,0:3:0:4:4:1:1:0:0,1:4:0:1:1:2:2:1:1,MUTATE
0:1:0:1:1:3:4:0:0:,recombination,5060.546139266621,0:2:0:1:0:3:3:0:0,0:1:1:1:1:3:4:0:0,MUTATE
0:2:0:0:0:4:4:1:0:,clone,4124.655450448398,0:2:0:0:0:4:4:1:0
0:1:0:2:1:3:3:0:0:,recombination,5758.440383510131,0:1:0:3:2:2:3:0:0,0:1:1:0:0:4:4:0:0,MUTATE
0:1:0:3:3:0:1:0:0:,clone,4403.200084401507,0:2:0:3:3:1:1:0:0
0:3:0:1:1:4:3:1:0:,recombination,4564.093373345131,1:3:0:1:1:3:3:1:0,0:2:0:1:0:3:4:1:0,MUTATE
0:1:0:2:1:3:3:0:0:,clone,5602.342253363916,0:1:0:2:1:3:3:0:0
0:2:0:2:1:1:3:0:0:,recombination,5179.263289886818,0:2:0:4:4:1:0:0:0,0:2:0:4:4:0:0:0:0
0:3:0:2:2:3:3:1:0:,clone,4931.551083099266,1:3:0:2:1:3:3:1:0
0:3:0:1:1:3:3:1:0:,recombination,3669.532263608586,0:3:0:2:1:2:2:0:0,1:3:0:1:0:3:4:1:0,MUTATE
1:3:0:1:1:4:4:1:0:,clone,5290.459697078104,1:3:0:1:1:4:4:1:0
1:3:0:2:2:3:2:1:1:,recombination,4428.453586739645,0:2:0:3:4:0:0:0:0,2:4:0:2:2:1:2:0:2
0:1:1:1:0:4:4:1:0:,recombination,6081.51052624012,0:1:0:2:2:2:3:0:0,1:4:0:2:1:2:3:0:1
0:3:0:2:2:2:3:0:0:,recombination,4660.805106469971,0:3:0:2:2:1:3:0:0,0:3:0:1:1:2:2:0:0
0:4:0:1:1:3:3:1:0:,clone,4597.680635387161,0:3:0:1:1:3:3:1:0
0:3:0:1:1:4:4:1:0:,recombination,5001.4693954567265,0:3:0:3:2:2:2:0:0,0:2:0:1:0:3:4:1:0
0:1:0:0:0:3:4:1:0:,clone,5177.193099854545,0:1:0:0:0:3:4:1:0
1:4:0:2:1:2:3:1:1:,clone,4486.076585235944,1:4:0:2:1:2:3:0:1
0:2:0:0:0:3:4:1:0:,recombination,3932.11483743288,1:4:0:2:2:0:0:0:1,0:3:0:1:0:3:4:1:0
0:3:1:1:0:3:4:1:0:,clone,4353.849996225095,0:3:1:1:0:3:4:1:0
1:4:0:2:2:1:2:1:1:,recombination,3625.3276563318404,2:4:0:2:2:1:2:1:2,1:4:0:2:1:2:2:1:1
0:2:0:2:1:1:3:0:0:,recombination,4607.235730397166,0:1:0:3:3:0:1:0:0,1:4:0:2:3:0:0:0:1,MUTATE
0:1:0:2:2:1:2:0:0:,clone,4205.841704693003,0:2:0:3:3:1:1:0:0
1:3:0:2:1:3:3:1:1:,recombination,5233.943454975162,0:1:0:1:0:3:4:0:0,1:4:0:2:2:2:1:1:1
0:3:0:0:0:4:4:0:0:,recombination,5781.143188422553,0:2:1:0:0:3:4:0:0,0:3:0:2:2:1:2:0:1,MUTATE
0:3:1:1:0:3:4:1:0:,clone,4191.181753747196,0:3:1:1:0:3:4:1:0
1:4:0:3:3:2:2:0:1:,clone,5158.212914252311,1:4:0:3:3:1:1:0:1
0:2:1:1:1:3:3:0:0:,recombination,5233.47313465239,1:3:0:1:1:3:3:1:1,0:3:0:3:4:0:0:0:0,MUTATE
0:1:0:1:0:3:3:1:0:,recombination,4442.869924745307,0:2:1:1:0:4:4:0:0,0:2:0:1:0:2:3:0:0
0:3:1:1:1:3:4:1:0:,recombination,5644.108114992134,0:4:0:1:1:3:3:1:0,0:3:0:2:1:3:3:0:0,MUTATE
1:3:0:2:1:1:3:0:1:,clone,4479.1124796899,1:3:0:2:1:1:3:0:1
0:3:0:3:2:2:2:0:0:,clone,5202.699071655164,0:3:0:3:2:2:2:0:0
0:1:0:2:2:1:2:0:0:,clone,4154.965786360405,0:1:0:2:2:1:2:0:0
0:1:0:2:2:1:2:0:0:,recombination,3629.283462313972,0:1:0:2:2:1:2:0:0,0:3:0:2:2:2:2:0:0
1:4:0:3:2:2:2:0:1:,clone,4839.709325379886,1:4:0:2:2:2:2:0:1
1:3:0:2:2:2:2:1:1:,recombination,3911.70926542412,1:4:0:3:3:2:2:0:1,1:3:0:1:1:4:3:1:0
1:3:0:3:3:1:0:0:1:,clone,3648.8113973934624,1:3:0:2:3:1:1:0:1
1:4:0:3:3:2:2:0:1:,clone,4894.356754587933,1:4:0:2:2:2:2:0:1
1:4:0:3:2:2:2:0:1:,clone,4837.232508774599,1:4:0:3:2:2:2:0:1
0:1:0:0:0:4:4:2:0:,recombination,4379.087799017717,0:1:0:0:0:4:4:1:0,0:3:0:1:1:2:3:1:0,MUTATE
0:2:0:2:2:2:3:1:0:,recombination,5494.0091561515555,0:3:1:1:1:4:4:0:0,1:4:0:2:3:0:0:0:1
0:2:0:3:3:2:2:0:0:,recombination,4914.151463642832,0:1:1:1:1:3:4:0:0,0:3:0:2:1:2:3:1:0,MUTATE
0:2:0:0:0:4:4:2:0:,recombination,4751.377095294234,1:3:0:1:1:3:3:1:0,0:3:0:2:1:2:3:0:0,MUTATE
0:2:0:0:0:4:4:2:0:,recombination,4517.316059671493,0:3:0:1:1:4:3:1:0,0:3:0:1:1:2:3:1:0
1:3:0:2:1:2:3:1:0:,clone,4581.6569545534785,1:4:0:1:1:2:3:1:1
0:1:1:0:0:4:4:0:0:,clone,5808.840933879272,0:1:0:0:0:4:4:0:0
0:1:1:0:0:4:4:0:0:,recombination,5721.957038243706,0:1:1:0:0:4:4:0:0,0:3:1:1:1:2:3:0:0
0:3:0:3:2:2:2:0:0:,recombination,5082.746346740843,1:4:0:2:2:3:3:0:1,1:3:0:2:1:3:3:1:1,MUTATE
1:3:0:2:1:2:2:1:0:,clone,4229.577921563657,1:3:0:2:1:2:3:1:0
1:4:0:2:1:2:3:1:1:,clone,4440.061293653681,1:4:0:2:1:2:3:1:1
0:1:0:2:2:3:3:0:0:,recombination,4804.631248654093,0:2:0:3:3:2:2:0:0,1:3:0:1:1:3:3:1:0
0:1:0:2:2:1:2:0:0:,clone,3624.4372049056087,0:2:0:2:2:1:2:0:0
0:2:0:1:1:4:3:0:0:,recombination,6207.240789000285,0:2:1:2:2:3:3:0:0,0:2:0:1:0:3:4:0:0
0:2:0:2:1:1:2:0:0:,clone,3761.142246629483,0:1:0:2:2:1:2:0:0
0:2:0:3:3:2:2:0:0:,clone,4778.698203828871,0:2:0:3:3:2:2:0:0
0:2:0:1:1:4:3:0:0:,clone,6167.432063709306,0:2:0:1:1:4:3:0:0
0:3:1:1:0:3:4:0:0:,clone,4715.446314491027,0:3:1:1:0:3:4:0:0
0:3:1:1:0:3:4:0:0:,clone,4688.0288455424625,0:3:1:1:0:3:4:0:0
0:2:1:1:1:3:3:0:0:,clone,4473.405681943346,0:3:1:1:1:3:3:0:0
0:2:1:1:0:3:4:1:0:,clone,4385.6716650615035,0:2:0:1:0:3:4:1:0
0:2:0:0:0:4:4:1:0:,recombination,3685.9647536013276,0:2:0:1:0:2:3:0:0,0:3:0:2:1:3:3:0:0
0:3:1:1:0:4:4:1:0:,clone,4653.808489248678,0:3:1:1:0:4:4:1:0
0:2:0:1:1:4:3:0:0:,clone,6044.431275247129,0:2:0:1:1:4:3:0:0
0:1:0:2:1:3:3:1:0:,clone,5786.785922741269,0:1:1:0:0:4:4:1:0
0:2:0:1:1:3:4:1:0:,recombination,4741.129753345338,1:4:0:2:2:0:1:0:1,1:4:0:2:1:3:2:1:1,MUTATE
0:1:0:1:0:4:4:0:0:,recombination,5433.093134608055,0:2:0:1:1:3:3:0:0,0:1:0:2:2:3:3:0:0,MUTATE
0:2:1:0:0:3:4:1:0:,recombination,4714.099541264601,0:2:1:1:0:3:4:1:0,0:1:0:1:1:2:3:0:0
0:1:0:1:1:3:4:1:0:,clone,4973.303683151872,0:2:0:1:1:3:3:1:0
0:3:0:2:2:3:3:0:0:,recombination,4703.347593829509,0:3:0:1:0:4:4:0:0,1:4:0:1:1:3:3:0:1,MUTATE
0:3:1:1:1:3:3:0:0:,recombination,4879.59709685497,1:4:0:1:1:3:3:0:1,1:4:0:2:3:1:1:0:1
0:1:0:1:0:4:4:0:0:,clone,5360.990400925242,0:1:0:1:0:4:4:0:0
0:1:0:0:0:3:4:1:0:,clone,4909.627699716894,0:2:0:0:0:4:4:1:0
0:1:0:1:0:3:4:1:0:,recombination,4650.13554203215,0:1:0:1:1:3:4:0:0,0:2:0:1:1:2:2:0:0
0:3:1:1:1:2:3:0:0:,clone,4267.356350883162,0:3:1:1:1:2:3:0:0
0:1:0:2:2:2:3:0:0:,recombination,5448.555314397079,0:3:0:2:2:1:1:0:0,0:3:0:1:0:4:4:1:0,MUTATE
0:3:0:1:1:3:4:1:0:,recombination,4673.405354760097,1:4:0:1:1:2:3:0:1,0:3:0:2:1:1:2:0:0
0:1:0:1:1:2:2:0:0:,clone,3948.967355426187,0:1:0:1:1:2:2:0:0
0:1:0:1:1:3:3:1:0:,recombination,3822.4522032929603,0:3:0:2:1:2:2:1:0,0:2:1:1:0:4:4:1:0
0:3:1:1:1:2:3:0:0:,clone,4191.116399430019,0:3:1:1:1:2:3:0:0
0:3:0:1:1:3:4:0:0:,clone,4697.631923847648,0:3:0:1:1:3:3:0:0
0:2:0:1:1:3:4:1:0:,clone,4609.543917986428,0:2:0:1:1:3:4:1:0
0:2:1:1:1:2:3:1:0:,clone,4224.690682786168,0:3:1:1:1:2:3:1:0
0:2:0:1:1:4:3:0:0:,recombination,5979.693665119704,0:2:0:2:1:2:2:0:0,0:2:0:1:1:4:3:0:0
0:2:0:1:0:4:4:1:0:,recombination,4260.696519698822,0:2:1:1:0:4:4:1:0,0:1:1:1:0:4:4:1:0,MUTATE
0:3:1:1:1:3:3:1:0:,clone,4424.341795035993,0:3:1:1:0:3:4:1:0
0:1:0:1:0:4:4:0:0:,clone,5209.858602052574,0:2:0:1:0:4:4:0:0
0:3:0:1:1:3:4:1:0:,clone,4650.033450116884,0:3:0:1:1:3:4:1:0
0:1:0:1:0:4:4:0:0:,clone,5147.150370633516,0:1:0:1:0:4:4:0:0
0:3:0:1:0:4:4:2:0:,recombination,3928.0165118692066,1:3:0:3:3:1:2:0:1,0:2:0:1:0:4:4:1:0,MUTATE
0:1:0:0:0:4:4:2:0:,recombination,4202.916236657231,1:4:0:1:1:3:3:1:1,0:2:0:1:1:3:3:1:0,MUTATE
0:2:0:0:0:4:4:2:0:,clone,3824.5786871115197,0:2:0:0:0:4:4:2:0
1:3:0:2:1:3:3:1:1:,recombination,4441.979289988176,1:4:0:1:1:3:2:1:1,0:2:0:4:4:1:2:0:0,MUTATE
0:3:1:1:1:3:3:1:0:,clone,4230.825189989821,0:3:1:1:1:3:3:1:0
0:2:0:0:0:4:4:2:0:,clone,3743.1524551515326,0:2:0:0:0:4:4:2:0
0:1:1:0:0:4:4:1:0:,recombination,4294.726556675968,0:3:0:2:2:2:2:1:0,0:1:0:0:0:3:4:0:0
0:2:1:1:0:4:4:1:0:,recombination,4556.515177583835,0:2:0:3:3:1:1:0:0,0:2:0:2:1:2:2:1:0
0:3:0:1:1:3:3:1:0:,recombination,3649.396546627696,0:2:0:2:1:2:2:0:0,2:4:0:2:2:2:1:1:2,MUTATE
0:2:1:0:0:4:4:1:0:,recombination,4008.3634699883796,0:2:0:0:0:4:4:1:0,0:1:0:3:3:1:1:0:0,MUTATE
0:1:0:0:0:4:4:1:0:,clone,4175.089705323356,0:1:0:0:0:4:4:1:0
0:1:0:1:1:2:3:0:0:,clone,4492.482885818397,0:2:0:1:1:2:3:0:0
0:2:1:0:0:4:4:2:0:,recombination,4527.8161634206035,0:1:0:1:1:3:3:1:0,0:2:0:1:1:3:3:1:0
0:2:0:1:0:4:4:1:0:,clone,4248.853201825141,0:2:0:0:0:4:4:1:0
0:1:0:0:0:4:4:1:0:,clone,4168.182498287601,0:1:0:0:0:4:4:1:0
0:2:1:0:0:4:4:2:0:,recombination,4205.3193509065495,0:2:0:2:1:2:2:0:0,0:2:1:0:0:4:4:1:0,MUTATE
0:2:1:1:1:2:3:0:0:,recombination,4833.484874100185,0:1:0:4:4:1:1:0:0,0:3:0:4:4:1:0:0:0
1:3:0:3:3:0:1:0:1:,recombination,3750.753298528396,1:4:0:2:2:0:2:0:1,0:1:0:4:4:1:1:0:0,MUTATE
0:1:1:0:0:4:4:2:0:,recombination,4269.955419700607,0:2:1:0:0:4:4:1:0,0:2:0:1:1:3:3:1:0
0:3:1:1:1:4:3:0:0:,recombination,5127.748510191958,0:2:0:3:2:2:3:0:0,0:3:1:1:1:3:3:0:0,MUTATE
1:4:0:2:1:2:2:1:1:,recombination,3772.6520230794617,1:4:0:2:1:3:2:0:1,2:4:0:2:2:2:2:1:2
0:1:0:1:1:3:4:1:0:,recombination,4797.797673916041,0:2:0:1:1:3:4:1:0,0:2:0:1:1:4:3:0:0,MUTATE
1:3:0:2:2:2:2:1:0:,recombination,4194.354296356274,0:3:0:2:1:2:3:1:0,1:4:0:2:1:2:3:1:1
0:3:1:1:1:3:4:1:0:,recombination,5117.955842381026,0:3:1:1:0:3:4:0:0,0:3:0:4:4:1:0:0:0,MUTATE
0:2:0:1:1:4:4:1:0:,recombination,4832.914122300266,0:3:0:1:1:3:3:1:0,0:2:0:2:2:3:3:0:0,MUTATE
0:1:0:1:1:4:4:0:0:,recombination,5671.368588947061,0:1:0:2:2:3:3:0:0,1:4:0:2:2:1:1:0:1
0:1:0:1:0:3:4:1:0:,recombination,4491.397079041359,1:4:0:2:3:1:1:0:1,1:4:0:2:2:1:1:0:1,MUTATE
0:3:1:1:0:4:4:1:0:,clone,4651.181665804016,0:3:1:1:0:4:4:1:0
0:3:0:2:2:2:1:0:0:,recombination,4078.281842269713,1:3:0:1:1:3:2:1:1,1:3:0:2:1:2:3:0:1
0:1:1:0:0:4:4:1:0:,recombination,3626.178342112853,0:2:0:0:0:4:4:1:0,1:3:0:2:2:1:2:0:1,MUTATE
0:3:0:2:2:2:1:0:0:,clone,3956.4622444914335,0:3:0:2:2:2:1:0:0
0:1:0:0:0:4:4:1:0:,clone,4157.065031965267,0:1:0:0:0:4:4:1:0
0:1:0:0:0:4:4:1:0:,clone,4151.585997349538,0:1:0:0:0:4:4:1:0
0:1:0:0:0:4:4:1:0:,clone,4115.84796480401,0:1:0:0:0:4:4:1:0
0:2:0:0:0:3:4:1:0:,recombination,3888.229754130478,0:2:0:0:0:4:4:1:0,0:3:0:2:2:2:1:0:0,MUTATE
1:3:0:2:2:2:3:1:1:,clone,4815.608983944432,1:3:0:2:2:2:2:1:1
0:2:0:1:0:3:4:1:0:,clone,3975.073362753489,0:2:0:1:0:3:4:1:0
0:2:0:2:2:1:3:0:0:,recombination,5039.308873319889,0:1:0:3:2:2:3:0:0,0:3:0:1:1:3:3:0:0
0:2:0:1:0:3:4:1:0:,clone,3941.5487629887725,0:2:0:1:0:3:4:1:0
0:3:0:2:2:2:3:1:0:,clone,4790.494007656347,0:2:0:2:1:2:3:1:0
0:1:0:1:0:4:4:0:0:,clone,4795.883240267474,0:1:0:1:0:4:4:0:0
0:2:1:0:0:3:4:1:0:,recombination,4447.4430121361465,0:3:0:1:1:2:2:0:0,0:2:0:0:0:3:4:1:0,MUTATE
0:1:1:0:0:4:4:0:0:,recombination,5684.362227135295,0:2:0:2:2:2:2:0:0,0:1:0:0:0:4:4:1:0,MUTATE
0:3:1:1:1:3:4:0:0:,recombination,5098.7911423819305,0:2:1:1:1:2:3:0:0,0:2:0:1:0:3:4:1:0,MUTATE
1:3:0:2:1:3:3:1:0:,recombination,4722.5169900083265,1:3:0:2:2:2:3:1:1,1:3:0:2:2:2:2:0:1
0:2:1:0:0:4:4:1:0:,clone,3827.7453036068755,0:2:0:0:0:3:4:1:0
0:2:0:1:0:3:4:1:0:,clone,3915.2594368656924,0:2:0:1:0:3:4:1:0
0:2:0:2:2:3:2:1:0:,clone,4671.206357281926,0:2:0:2:2:3:2:1:0
1:3:0:1:1:3:4:1:1:,recombination,5041.6784942710765,1:4:0:2:2:1:2:0:2,1:3:0:2:1:2:3:1:1
0:2:1:1:0:4:4:1:0:,recombination,4549.422893595094,0:2:0:2:2:3:2:1:0,0:3:1:1:1:3:3:0:0
0:2:1:1:1:4:4:1:0:,recombination,5022.052819812683,0:2:0:1:0:4:4:0:0,0:2:1:1:0:4:4:1:0
0:2:0:2:2:3:3:0:0:,clone,4974.251247699243,0:2:0:2:2:3:2:1:0
0:2:1:1:1:4:3:1:0:,clone,4801.116760944363,0:2:1:1:0:4:4:1:0
0:3:0:1:0:4:4:0:0:,recombination,5668.937763214226,0:2:1:1:0:4:4:0:0,2:4:0:3:3:0:1:0:2,MUTATE
0:1:0:2:2:3:3:1:0:,recombination,5394.645682518879,0:2:0:0:0:3:4:1:0,0:1:1:0:0:4:4:0:0,MUTATE
0:2:0:1:0:4:4:1:0:,recombination,4244.557740037051,0:2:0:2:1:2:2:0:0,1:3:0:2:1:1:2:0:1
0:1:0:0:0:3:4:1:0:,recombination,4313.755648746678,0:2:0:0:0:4:4:1:0,0:3:0:4:4:1:1:0:0
0:1:0:1:1:3:3:0:0:,recombination,4494.283067295381,1:4:0:2:2:1:1:0:1,0:3:0:2:3:0:0:0:1,MUTATE
0:3:0:1:1:4:3:1:0:,clone,4526.574817617151,0:3:0:1:1:4:3:1:0
0:2:0:1:1:4:3:0:0:,clone,5538.5276023860115,0:2:0:1:1:4:4:0:0
0:2:0:2:2:3:2:1:0:,clone,4467.956552950962,0:2:0:2:2:3:2:1:0
1:4:0:4:4:0:0:0:2:,clone,3962.4462872812937,1:4:0:3:4:0:0:0:2
0:2:0:2:3:0:1:0:0:,recombination,3857.329041533245,0:1:0:2:2:1:3:0:0,0:3:0:1:1:1:3:0:0
0:1:0:1:1:3:3:0:0:,clone,4310.726073104869,0:1:0:1:1:3:3:0:0
0:2:1:1:1:3:4:1:0:,clone,5014.303993511477,0:2:1:1:1:3:4:1:0
0:2:0:1:0:4:4:1:0:,recombination,4164.235792457908,0:1:0:3:2:2:2:0:0,0:3:0:2:1:3:2:1:0,MUTATE
0:3:1:1:1:3:4:1:0:,clone,5111.834120064536,0:2:1:1:1:3:4:1:0
1:4:0:1:1:3:4:1:1:,recombination,5617.777099904111,0:3:0:1:1:3:4:1:0,0:1:0:3:3:2:2:0:0
0:1:0:0:0:4:4:2:0:,recombination,3956.8845649581863,0:3:0:1:1:4:3:1:0,1:3:0:1:1:2:3:1:1,MUTATE
0:3:0:3:3:2:1:0:0:,recombination,4990.766336775438,1:4:0:3:4:0:0:0:1,1:4:0:2:1:2:3:0:1,MUTATE
0:1:0:0:0:4:4:1:0:,recombination,3880.3178834347787,0:1:0:0:0:4:4:2:0,0:1:0:1:1:3:4:0:0,MUTATE
0:2:0:1:0:4:4:1:0:,recombination,4015.15603773317,0:1:0:0:0:4:4:1:0,0:2:1:1:1:4:4:1:0
0:1:0:0:0:4:4:2:0:,clone,3919.7880689254266,0:1:0:0:0:4:4:2:0
0:1:0:0:0:4:4:1:0:,recombination,3864.727308902058,0:3:0:1:1:2:3:1:0,0:2:0:3:3:2:2:0:0,MUTATE
0:2:0:0:0:3:4:2:0:,clone,4230.8375501734,0:2:0:0:0:4:4:2:0
1:4:0:1:1:3:3:1:1:,recombination,3820.4498927266636,0:3:0:2:2:2:2:0:0,0:3:0:2:2:2:2:0:0,MUTATE
1:4:0:1:1:3:3:1:1:,clone,3659.622267423682,1:4:0:1:1:3:3:1:1
0:1:1:1:0:4:4:1:0:,clone,5726.205526668192,0:1:1:1:0:4:4:1:0
0:2:0:0:0:3:4:2:0:,clone,4160.746132009988,0:2:0:0:0:3:4:2:0
0:1:0:0:0:4:4:0:0:,recombination,5028.875084857738,0:1:1:0:0:4:4:0:0,0:1:0:3:2:2:3:0:0
0:3:0:1:1:4:3:2:0:,recombination,3928.016511869206,0:2:0:4:4:1:1:0:0,0:2:1:1:0:4:4:1:0,MUTATE
0:3:0:1:0:4:4:0:0:,recombination,5583.456648264856,1:4:0:2:1:3:3:0:1,0:3:0:2:1:2:2:0:0
0:3:0:1:0:3:3:1:0:,clone,3830.6964047570805,0:3:0:1:0:3:3:1:0
0:3:0:1:0:4:3:1:0:,clone,3991.524030060063,0:3:0:1:1:3:3:1:0
0:3:1:1:1:3:4:1:0:,clone,4975.840088054202,0:3:1:1:1:3:4:1:0
0:2:0:2:3:0:1:0:0:,clone,3799.6993709414055,0:2:0:2:3:0:1:0:0
0:3:1:1:1:3:4:1:0:,clone,4846.970679239391,0:3:1:1:1:3:4:1:0
0:1:0:2:1:3:3:0:0:,clone,5283.497643105161,0:1:0:1:1:3:3:1:0
0:1:0:2:1:2:2:0:0:,clone,4326.948214372826,0:1:0:2:1:2:2:0:0
0:1:0:1:0:3:4:0:0:,recombination,4839.772498164284,0:3:0:1:0:3:3:1:0,0:3:0:2:2:2:3:0:0
0:1:0:1:1:3:3:0:0:,clone,4261.763597336662,0:1:0:1:1:3:3:0:0
0:3:0:2:1:1:3:0:0:,recombination,4512.833313635397,1:4:0:2:2:2:3:0:1,0:2:0:2:2:2:3:0:0,MUTATE
0:1:0:1:0:3:3:1:0:,clone,4175.334991930435,0:1:0:1:0:3:3:1:0
0:1:0:1:0:3:3:0:0:,clone,4215.8865525567035,0:1:0:1:0:3:3:0:0
0:3:0:1:1:4:4:0:0:,clone,5262.932546703359,0:3:0:1:1:3:3:0:0
0:3:0:0:0:4:4:1:0:,recombination,4166.965583975155,1:4:0:1:0:3:3:1:1,0:3:1:1:1:2:3:0:0
0:2:0:1:1:4:4:1:0:,clone,4827.850081349887,0:2:0:1:1:4:3:1:0
0:1:0:1:1:4:4:1:0:,clone,5102.847872914374,0:2:0:1:1:4:4:1:0
0:2:0:1:0:4:3:1:0:,recombination,3864.195521377511,2:4:0:2:2:2:2:1:2,0:2:0:2:1:3:3:0:0
0:1:0:2:2:3:3:1:0:,recombination,5378.19377519653,0:1:0:2:1:3:3:0:0,1:4:0:3:2:2:2:0:1
0:3:0:2:1:1:2:0:0:,clone,3423.35125855191,0:3:0:1:1:2:2:0:0
1:4:0:1:1:3:4:0:1:,clone,5029.307722576979,1:4:0:1:1:3:3:0:1
0:1:0:0:0:3:4:1:0:,clone,4190.466308067716,0:1:0:0:0:3:4:1:0
0:1:0:0:0:4:4:0:0:,recombination,4779.025692913032,0:3:0:2:2:2:2:1:0,0:1:0:0:0:4:4:0:0,MUTATE
0:1:0:0:0:3:4:1:0:,clone,3999.4202974400355,0:1:0:0:0:4:4:1:0
0:2:1:0:0:3:4:1:0:,recombination,4129.0110922167605,0:3:0:3:3:0:0:0:1,1:4:0:2:1:2:2:0:1
0:1:0:2:2:3:3:1:0:,clone,5010.875200412414,0:1:0:2:2:3:3:1:0
0:2:1:1:0:3:4:1:0:,recombination,4099.312323932404,0:3:0:3:3:0:0:0:0,0:1:0:2:2:1:2:0:0,MUTATE
0:2:0:1:1:1:3:0:0:,clone,4249.360041836132,0:2:0:1:1:2:3:0:0
0:2:1:0:0:3:4:0:0:,recombination,4831.923464105577,0:3:0:3:3:0:0:0:0,0:3:0:1:1:3:3:1:0
0:3:0:2:2:2:3:0:0:,recombination,4652.586301392091,0:3:0:2:1:1:2:0:0,0:3:0:3:2:2:2:0:0,MUTATE
0:2:1:1:0:3:4:0:0:,clone,4423.995410524522,0:2:1:0:0:3:4:0:0
0:2:1:0:0:3:4:0:0:,recombination,4317.120349884345,1:3:0:3:2:2:2:0:1,0:2:1:0:0:3:4:0:0,MUTATE
1:3:0:1:1:3:3:0:1:,clone,4474.3570723053335,1:4:0:1:1:3:3:0:1
0:1:0:0:0:4:4:0:0:,clone,4603.9677934725105,0:1:0:0:0:4:4:0:0
0:1:0:1:1:3:4:1:0:,recombination,4753.357066029048,1:4:0:2:2:1:2:0:1,0:3:0:2:1:3:3:1:0
0:1:1:1:0:4:4:0:0:,recombination,4892.201700916101,0:2:0:0:0:3:4:1:0,0:3:0:3:3:0:0:0:0,MUTATE
0:1:0:0:0:4:4:2:0:,recombination,3871.776018421831,0:3:0:2:2:0:0:0:1,0:1:0:0:0:4:4:1:0,MUTATE
0:1:0:0:0:4:4:1:0:,recombination,3853.540336533757,1:3:0:3:3:1:2:0:1,0:1:0:0:0:4:4:1:0
1:3:0:1:1:3:4:0:1:,clone,5455.227947819755,1:3:0:1:1:3:4:0:1
0:1:1:1:0:4:4:1:0:,clone,5608.180036897681,0:1:1:1:0:4:4:1:0
0:3:0:1:0:4:4:0:0:,clone,5492.495971355237,1:3:0:1:1:3:4:0:1
0:3:1:1:0:4:4:0:0:,recombination,5771.497100414374,0:1:0:2:1:3:3:1:0,0:3:0:1:0:4:4:0:0,MUTATE
1:4:0:2:1:1:2:0:1:,recombination,3750.224757723729,1:4:0:3:4:0:0:0:1,0:1:0:2:2:1:3:0:0,MUTATE
0:3:1:1:0:4:4:0:0:,clone,5714.490931396058,0:3:1:1:0:4:4:0:0
0:2:0:1:1:4:4:1:0:,recombination,4820.576708332318,0:2:0:1:1:4:3:0:0,1:4:0:3:3:1:0:0:1,MUTATE
0:2:0:1:1:4:4:1:0:,clone,4708.501399666951,0:2:0:1:0:4:4:1:0
0:3:0:1:1:4:3:1:0:,recombination,4426.232147555159,1:4:0:2:2:2:2:1:2,1:3:0:1:1:2:3:1:1
0:2:0:1:1:4:4:1:0:,clone,4624.809831439892,0:2:0:1:1:3:3:1:0
0:3:0:1:1:2:4:0:0:,recombination,5652.762649051932,1:4:0:2:2:0:2:0:1,2:4:0:2:2:1:1:0:2,MUTATE
0:1:1:0:0:3:4:1:0:,recombination,4843.3062300320225,0:2:1:0:0:4:4:2:0,0:3:0:3:3:0:1:0:1,MUTATE
0:3:0:2:1:3:3:1:0:,clone,4396.9430900183,0:2:0:2:1:3:3:1:0
0:1:1:1:0:4:4:1:0:,recombination,5104.117260051622,0:2:1:0:0:4:4:1:0,1:4:0:2:3:1:1:0:1,MUTATE
0:1:0:1:0:3:3:1:0:,recombination,3730.559182768079,0:3:0:3:3:0:1:0:0,0:3:0:2:1:3:3:1:0
0:3:0:1:1:2:4:0:0:,clone,5606.613153152455,0:3:0:1:1:2:4:0:0
0:3:0:1:1:4:4:1:0:,clone,4925.5282567369095,0:3:0:1:1:4:3:1:0
0:3:0:1:1:4:3:1:0:,clone,4331.024436739267,0:3:0:1:1:4:3:1:0
0:3:0:1:1:4:3:1:0:,clone,4310.664618610905,0:3:0:1:1:4:3:1:0
0:2:0:2:2:2:3:1:0:,recombination,4854.719745232685,0:2:1:2:2:3:3:0:0,0:3:0:3:3:0:0:0:0,MUTATE
0:2:0:1:0:4:4:1:0:,recombination,3990.1238850630148,0:2:0:1:1:3:3:0:0,1:4:0:2:2:2:2:1:2,MUTATE
0:3:0:1:1:4:3:1:0:,recombination,4106.862655856717,0:2:0:2:2:2:2:1:0,0:3:0:1:1:4:3:1:0,MUTATE
0:1:1:0:0:4:4:0:0:,clone,5469.567335500825,0:1:1:0:0:4:4:1:0
0:2:0:1:1:2:4:0:0:,recombination,5801.179688863038,0:1:0:3:3:1:1:0:0,1:4:0:2:2:0:2:0:1,MUTATE
2:4:0:3:3:0:0:0:2:,clone,3666.6079029036728,0:2:0:0:0:4:4:1:0
2:4:0:3:3:0:0:0:2:,clone,3577.967533467878,2:4:0:3:3:0:0:0:2
2:4:0:3:3:0:0:0:2:,clone,3457.5867713971325,2:4:0:3:3:0:0:0:2
1:4:0:2:1:3:2:0:1:,recombination,4254.475449243288,0:3:0:1:1:4:3:1:0,0:3:0:1:1:3:4:1:0,MUTATE
1:4:0:3:3:0:0:0:2:,clone,3320.6703134910153,1:4:0:3:3:0:0:0:2
2:4:0:3:4:0:0:0:2:,clone,3764.3852162263347,2:4:0:3:3:0:0:0:2
0:2:0:2:1:2:3:1:0:,recombination,4425.1491049437045,1:3:0:2:1:2:2:0:1,0:2:0:1:1:3:3:0:0
1:4:0:2:3:0:0:0:2:,clone,3509.125843499385,1:4:0:3:3:0:0:0:2
0:2:1:1:1:4:3:0:0:,clone,6097.681144669384,0:2:0:1:1:4:4:0:0
0:1:0:2:1:3:3:1:0:,recombination,5273.304319998143,1:3:0:2:2:1:2:0:1,1:4:0:1:1:2:3:0:1
0:2:1:1:1:4:4:0:0:,recombination,5653.50268336517,0:3:0:1:1:4:3:1:0,0:2:1:1:1:3:3:1:0
0:2:1:1:1:3:4:0:0:,recombination,5004.474846454023,0:1:0:3:2:2:3:0:0,0:3:0:3:2:1:2:0:0,MUTATE
0:3:0:1:0:4:4:0:0:,recombination,5249.81239391642,0:3:0:1:0:4:4:0:0,2:4:0:3:3:0:1:0:2
0:2:0:0:0:3:4:0:0:,recombination,3998.759987200514,0:2:0:1:1:2:2:1:0,1:4:0:2:3:1:1:0:2
0:3:0:1:0:4:4:0:0:,clone,5240.185902992316,0:3:0:1:0:4:4:0:0
0:1:0:1:0:3:4:1:0:,recombination,4335.216115148488,0:1:0:1:0:4:4:1:0,0:1:0:4:4:0:0:0:0
0:1:0:1:0:3:4:1:0:,clone,4293.964228315282,0:1:0:1:0:3:4:1:0
0:2:1:1:1:4:3:0:0:,recombination,5671.7019831231355,0:2:1:1:1:4:3:0:0,0:2:0:1:0:3:3:1:0,MUTATE
0:1:0:1:1:4:4:1:0:,clone,5066.922946991004,0:2:0:1:0:4:4:1:0
0:1:0:1:0:3:4:0:0:,clone,4714.338913954607,0:1:0:1:1:3:4:0:0
0:1:0:1:0:3:4:0:0:,clone,4347.6461584056415,0:1:0:1:0:3:4:0:0
0:1:0:1:0:4:4:1:0:,clone,4260.023733053981,0:1:0:1:0:4:4:1:0
0:1:0:1:1:4:4:1:0:,clone,4915.22299501077,0:1:0:1:1:4:4:1:0
0:1:0:1:0:3:4:1:0:,clone,4148.897731634865,0:1:0:1:0:3:4:1:0
0:1:0:1:1:4:3:1:0:,clone,4575.610490101006,0:1:0:1:1:4:3:1:0
0:1:0:1:0:3:4:1:0:,clone,3979.968725631373,0:1:0:1:0:3:4:1:0
0:1:0:1:0:4:4:0:0:,clone,4765.022820436625,0:1:0:1:0:4:4:0:0
0:1:0:1:0:4:4:0:0:,recombination,4595.190100002429,0:1:0:1:0:4:4:0:0,0:2:0:2:2:3:2:1:0
1:4:0:3:3:0:0:0:1:,recombination,3162.968611600063,1:3:0:2:2:0:1:0:1,1:4:0:2:2:3:2:1:1,MUTATE
0:3:0:1:1:4:4:1:0:,recombination,4863.021427799838,0:2:0:1:1:4:3:1:0,1:4:0:3:3:1:0:0:1
1:4:0:3:3:0:0:0:1:,clone,3040.593545737219,1:4:0:3:3:0:0:0:1
0:1:0:1:1:4:3:0:0:,clone,5025.567411848937,0:1:0:1:0:4:4:0:0
0:1:0:0:0:4:4:2:0:,clone,3697.716648817141,0:1:0:0:0:4:4:2:0
1:4:0:2:3:0:0:0:1:,clone,3146.2080335229493,1:4:0:3:3:0:0:0:1
0:3:0:2:3:0:0:0:1:,clone,3305.575606261017,0:3:0:3:3:0:0:0:1
0:3:0:3:3:0:0:0:1:,recombination,3219.215524442742,1:4:0:2:2:1:2:0:1,1:3:0:2:2:1:1:0:1,MUTATE
0:2:0:1:0:3:3:0:0:,recombination,4041.708489904603,1:3:0:2:2:2:2:0:1,1:4:0:3:3:0:0:0:1
0:3:0:2:3:0:0:0:0:,clone,3219.215524442742,0:3:0:2:3:0:0:0:0
1:4:0:3:4:0:0:0:1:,clone,3747.59003812818,0:1:0:0:0:4:4:1:0
0:3:0:2:2:0:1:0:0:,clone,3186.8434517423702,0:3:0:2:2:0:1:0:0
0:2:0:1:0:4:4:2:0:,clone,4294.299152819032,0:2:0:1:0:4:4:2:0
1:4:0:3:4:0:0:0:1:,recombination,3690.942814458953,0:2:0:2:2:3:2:1:0,0:2:0:1:1:3:2:0:0,MUTATE
0:3:0:2:2:2:3:0:0:,recombination,4642.222162726894,0:2:1:1:1:4:4:1:0,1:4:0:2:2:0:1:0:1,MUTATE
0:1:0:1:1:4:4:1:0:,recombination,4839.942706877515,2:4:0:2:2:1:1:0:2,2:4:0:3:3:1:0:0:2,MUTATE
1:3:0:2:2:0:0:0:1:,recombination,3314.551129086902,0:1:0:1:0:3:4:1:0,1:3:0:1:1:2:3:1:1,MUTATE
1:4:0:3:3:0:1:0:1:,clone,3757.4880703774147,1:3:0:3:3:0:1:0:1
1:4:0:2:3:1:0:0:1:,recombination,3456.361502015204,1:3:0:3:3:1:1:0:1,1:4:0:3:3:0:1:0:1,MUTATE
0:1:0:4:4:1:2:0:0:,clone,6517.7462573578805,0:3:0:1:1:3:3:1:0
0:3:1:1:1:3:3:0:0:,clone,4630.859032738482,0:3:1:1:1:3:3:0:0
0:3:1:1:1:3:3:0:0:,clone,4506.104886512372,0:3:1:1:1:3:3:0:0
0:1:0:1:1:4:4:0:0:,clone,5645.484422877375,0:1:0:1:1:3:4:0:0
0:1:1:1:0:3:4:0:0:,clone,6067.267186026275,0:1:1:1:0:3:4:0:0
0:3:1:1:1:3:4:1:0:,clone,4845.248621339091,0:3:1:1:1:3:4:1:0
1:4:0:2:2:3:3:0:1:,recombination,5347.870814687341,0:3:0:2:1:1:3:0:0,1:4:0:2:2:0:2:0:1
1:4:0:2:2:3:3:0:1:,clone,5168.168177311745,1:4:0:2:2:3:3:0:1
1:3:0:2:2:3:3:0:1:,clone,5338.583036871209,1:3:0:2:2:3:3:0:1
0:3:0:1:0:3:3:1:0:,clone,3652.480624716992,0:3:0:1:0:3:3:1:0
0:2:0:0:0:3:4:1:0:,recombination,3679.992641266675,1:3:0:2:2:2:2:1:1,2:4:0:2:2:1:1:0:2,MUTATE
0:2:0:1:0:3:4:1:0:,clone,3688.445424397615,0:2:0:1:0:3:3:1:0
0:1:1:0:0:4:4:2:0:,recombination,4024.292139217323,0:1:1:1:0:4:4:1:0,0:1:0:2:2:3:3:0:0,MUTATE
0:2:0:1:0:4:4:1:0:,recombination,3691.705545938696,1:4:0:2:1:2:3:1:1,0:2:0:1:1:2:3:0:0,MUTATE
0:2:0:1:0:3:3:1:0:,recombination,3559.0513654178726,2:4:0:2:2:1:1:0:2,0:3:1:1:1:3:3:0:0,MUTATE
0:2:0:1:0:4:3:1:0:,recombination,3840.004403884141,0:2:0:1:1:4:4:0:0,0:3:0:3:3:0:1:0:1,MUTATE
0:1:0:1:0:4:4:1:0:,recombination,4096.887088985529,0:2:0:1:1:4:4:0:0,0:2:0:2:2:2:3:0:0,MUTATE
0:3:0:2:2:1:2:1:0:,clone,4013.379780967817,0:3:0:2:2:1:2:0:0
0:2:0:2:2:1:2:1:0:,clone,4044.7774732032126,0:3:0:2:2:1:2:1:0
0:2:0:2:2:1:2:1:0:,clone,3995.793893425488,0:2:0:2:2:1:2:1:0
0:3:0:3:2:1:2:0:0:,recombination,4627.253658935001,0:3:0:1:1:4:3:1:0,0:3:0:3:3:1:2:0:1,MUTATE
0:2:0:2:1:2:2:1:0:,clone,3820.1726213504985,0:2:0:2:1:2:2:0:0
0:3:0:2:1:1:2:0:0:,clone,3337.472076555084,0:3:0:2:2:1:2:0:0
0:3:0:3:2:1:2:0:0:,clone,4626.115728735892,0:3:0:2:2:1:2:0:0
0:2:0:2:2:2:2:0:0:,clone,3570.772949619807,0:2:0:2:2:2:2:0:0
0:2:0:2:2:2:2:0:0:,clone,3530.3983370492265,0:2:0:2:2:2:2:0:0
0:1:1:0:0:3:4:1:0:,recombination,4549.739537354182,0:1:0:3:3:1:2:0:0,0:1:0:1:1:3:4:0:0,MUTATE
0:2:0:1:1:2:3:0:0:,clone,3552.499579992181,0:2:0:1:1:2:2:0:0
0:1:0:0:0:4:4:2:0:,clone,3677.2539757553404,0:1:0:0:0:4:4:2:0
0:2:0:0:0:4:4:2:0:,recombination,3679.658129427023,1:4:0:1:1:2:2:1:1,0:3:0:2:2:3:3:0:0
0:2:1:0:0:4:4:2:0:,clone,3878.809414865128,0:2:0:0:0:4:4:2:0
0:2:0:1:1:2:4:0:0:,recombination,5614.203343339903,0:1:0:4:4:2:2:0:0,0:3:0:3:3:2:2:0:0,MUTATE
0:1:0:1:0:4:4:1:0:,clone,4069.436448613099,0:1:0:0:0:4:4:1:0
0:3:1:1:1:3:4:0:0:,clone,4926.4610547928505,0:3:1:1:1:3:4:0:0
0:3:0:2:2:3:3:1:0:,clone,4635.213128556032,0:3:0:2:1:3:3:1:0
0:2:0:2:2:3:2:1:0:,recombination,4031.0376510487513,0:3:0:1:1:4:4:0:0,0:3:0:3:3:1:2:0:1,MUTATE
2:4:0:3:4:0:0:0:2:,clone,3749.1953285950967,2:4:0:3:3:0:0:0:2
0:1:0:1:1:4:3:1:0:,recombination,4486.579110367128,0:2:0:2:2:3:2:1:0,0:3:0:1:0:3:3:1:0
1:4:0:3:4:0:0:0:2:,recombination,3715.38740688766,2:4:0:3:4:0:0:0:2,0:3:0:2:2:3:3:0:0,MUTATE
1:4:0:3:3:1:2:0:1:,clone,4698.979132472135,1:4:0:3:3:1:2:0:1
1:3:0:2:2:2:3:0:1:,recombination,4642.62115701635,0:3:0:1:1:4:4:0:0,1:3:0:2:1:3:3:0:1,MUTATE
1:4:0:3:2:1:2:0:1:,clone,4685.2631116623115,1:4:0:3:3:1:2:0:1
0:3:0:3:4:0:0:0:1:,clone,4103.971558700791,1:4:0:4:4:0:0:0:1
0:3:0:4:4:0:0:0:1:,clone,4232.458693498189,0:3:0:3:4:0:0:0:1
0:3:0:3:4:0:0:0:1:,clone,4018.670860559772,0:3:0:3:4:0:0:0:1
0:1:0:1:1:3:4:0:0:,clone,5022.921466712001,0:1:0:1:0:4:4:0:0
0:1:0:1:1:4:4:0:0:,clone,5383.433241032788,0:1:0:1:1:3:4:0:0
1:3:0:2:2:2:2:1:0:,recombination,3790.7884539155293,1:3:0:1:1:2:3:1:0,1:3:0:3:3:0:0:0:1,MUTATE
0:3:0:2:2:2:2:0:1:,clone,5717.247431016209,1:4:0:2:2:1:2:0:1
0:2:0:1:1:4:3:1:0:,recombination,4404.226268831542,1:4:0:3:2:1:2:0:1,0:2:0:2:1:2:2:0:0,MUTATE
0:1:0:2:1:2:3:1:0:,recombination,5533.307790330815,0:2:0:2:1:1:3:0:0,0:2:0:1:1:3:4:1:0
0:1:0:2:1:3:3:1:0:,recombination,4860.234288537229,1:4:0:2:1:2:2:0:1,0:3:0:1:1:1:2:0:0,MUTATE
1:4:0:2:3:0:1:0:1:,clone,3581.223111076463,1:4:0:3:3:0:0:0:1
0:2:0:1:0:2:4:0:0:,clone,4583.079750277866,0:2:0:1:0:3:4:0:0
0:2:0:2:1:2:2:0:0:,recombination,3739.4966446886533,0:2:0:0:0:3:4:0:0,0:2:0:4:4:0:1:0:0
0:3:1:0:0:3:4:1:0:,recombination,4702.291630479917,0:2:1:1:0:3:4:1:0,0:1:0:4:4:1:1:0:0
0:3:0:1:0:3:3:1:0:,recombination,3611.3898839607914,0:3:0:2:3:1:1:0:1,0:1:1:1:0:4:4:0:0
1:4:0:3:4:0:0:0:1:,recombination,3687.312303761827,0:2:0:2:3:0:1:0:0,0:3:0:2:2:1:2:0:0,MUTATE
0:3:0:1:0:3:3:1:0:,recombination,3548.395650155695,0:3:0:1:0:3:3:1:0,0:2:0:1:0:4:4:2:0,MUTATE
1:4:0:1:1:2:3:0:1:,recombination,3622.438056321022,0:3:0:1:0:3:3:1:0,0:2:0:2:1:2:2:0:0
0:3:0:1:1:2:3:1:0:,clone,3246.6015702149934,0:3:0:1:1:2:3:1:0
0:3:0:1:1:2:3:1:0:,recombination,3215.779734488094,0:2:0:1:1:2:3:0:0,0:3:0:1:0:3:3:1:0
0:3:0:1:1:2:2:1:0:,recombination,3180.6874762564166,0:3:0:1:1:2:3:1:0,0:1:0:1:0:4:4:0:0,MUTATE
0:2:0:1:0:3:3:1:0:,recombination,3497.5261800911917,1:4:0:3:3:0:0:0:1,0:3:0:1:0:3:3:1:0
1:4:0:3:4:0:0:0:1:,clone,3680.5074385985627,1:4:0:3:3:0:0:0:1
0:3:0:1:0:3:3:1:0:,clone,3299.471155711244,0:3:0:1:1:2:3:1:0
0:3:1:0:0:4:4:1:0:,recombination,4370.462243134156,0:3:0:3:3:1:1:0:0,0:3:0:1:1:3:3:0:0
0:2:0:0:0:3:3:1:0:,clone,3329.580700355746,0:2:0:0:0:3:3:1:0
0:2:0:1:1:3:3:1:0:,recombination,3320.547322545368,0:3:0:1:1:2:2:1:0,0:2:0:1:1:3:4:1:0
0:2:0:0:0:3:4:1:0:,clone,3510.400419941595,0:2:0:0:0:3:4:1:0
1:4:0:3:3:1:2:0:1:,recombination,4679.6513739399525,1:4:0:3:4:0:0:0:1,0:3:0:1:1:3:3:1:0,MUTATE
0:1:0:1:1:3:4:1:0:,clone,4709.126981381182,0:1:0:1:0:3:4:1:0
1:4:0:3:4:0:0:0:1:,clone,3679.4051899498927,1:4:0:3:3:0:0:0:1
0:3:0:3:3:0:1:0:1:,recombination,3782.862684295731,1:4:0:3:4:0:0:0:1,0:3:0:1:0:3:3:1:0
0:1:1:1:1:3:4:1:0:,recombination,4944.252867474321,0:1:0:1:1:3:4:1:0,0:2:0:3:4:0:1:0:0,MUTATE
1:3:0:3:3:0:0:0:1:,clone,3464.007669608819,0:3:0:3:3:0:0:0:1
1:3:0:3:3:0:0:0:1:,clone,3434.108274659314,1:3:0:3:3:0:0:0:1
0:3:0:2:1:1:3:0:0:,recombination,4465.611902839811,0:2:0:1:1:2:3:0:0,0:1:0:1:0:4:4:1:0,MUTATE
0:3:0:2:3:1:1:0:0:,clone,3519.879383129824,0:3:0:3:3:0:0:0:1
1:4:0:3:3:0:1:0:1:,clone,3696.1658402300222,1:4:0:3:3:0:1:0:1
0:3:0:2:2:2:3:0:1:,clone,5346.347169216424,0:3:0:2:2:2:3:0:1
1:4:0:3:3:0:1:0:1:,recombination,3657.0890997425204,0:2:0:2:2:2:2:0:0,0:1:0:0:0:4:4:2:0,MUTATE
0:3:0:2:2:2:2:0:1:,clone,5040.862065456848,0:3:0:2:2:2:3:0:1
1:4:0:3:3:0:1:0:1:,clone,3616.089242341888,1:4:0:3:3:0:1:0:1
0:3:0:2:3:0:1:0:1:,clone,4028.182507528793,0:3:0:2:3:0:1:0:1
1:3:0:2:3:1:1:0:1:,clone,3514.723470568963,0:3:0:2:3:1:1:0:0
0:3:0:2:3:0:1:0:1:,clone,3691.573257401907,0:3:0:2:3:0:1:0:1
0:3:0:2:2:2:2:0:1:,clone,4308.25276372739,0:3:0:2:2:2:2:0:1
0:2:1:1:0:3:3:1:0:,recombination,4402.181295298184,0:2:0:2:2:3:2:0:0,0:2:0:3:2:1:2:0:0
0:1:1:1:0:3:4:1:0:,recombination,5494.957381690317,0:2:0:2:2:3:3:0:0,0:3:0:2:1:3:3:1:0
0:1:0:2:2:3:2:0:0:,recombination,5999.7543538630325,0:2:0:2:2:2:3:0:0,1:4:0:2:1:3:2:1:1,MUTATE
0:1:0:2:2:3:2:0:0:,clone,5227.759189485056,0:1:0:1:1:3:3:0:0
0:1:0:2:2:3:2:0:0:,recombination,5040.251606711329,0:3:1:1:1:3:4:1:0,0:2:0:2:2:2:3:0:0,MUTATE
1:4:0:2:1:2:3:1:1:,recombination,4397.802122160453,0:2:0:3:2:2:2:0:0,1:3:0:3:3:1:1:0:1,MUTATE
0:1:0:0:0:4:4:1:0:,clone,3845.484569778065,0:1:0:0:0:4:4:1:0
0:1:0:0:0:3:4:1:0:,clone,3840.7698330266076,0:1:0:0:0:3:4:1:0
0:1:0:0:0:4:4:1:0:,clone,3819.550253413126,0:1:0:0:0:4:4:1:0
0:1:0:0:0:3:4:1:0:,recombination,3829.5057936101916,0:2:0:1:0:4:4:1:0,0:2:1:1:0:4:4:0:0,MUTATE
0:1:0:0:0:3:4:1:0:,clone,3770.882857962995,0:1:0:0:0:3:4:1:0
0:3:0:1:0:3:4:0:0:,clone,4399.023001341342,0:3:0:1:0:3:4:1:0
0:2:0:3:3:2:2:1:0:,recombination,5257.9805359045,0:3:0:2:2:2:3:0:0,0:3:1:1:1:3:3:0:0,MUTATE
0:2:0:1:0:4:4:2:0:,clone,3928.016511869207,0:2:0:1:0:4:4:1:0
1:4:0:3:3:0:1:0:2:,recombination,3854.4211848953264,1:4:0:2:2:0:2:0:1,0:2:0:3:3:2:2:0:0
2:4:0:3:4:0:0:0:2:,clone,3698.386811957322,2:4:0:3:4:0:0:0:2
3:4:0:3:4:0:0:0:3:,clone,3928.0165118692057,2:4:0:3:3:0:0:0:2
2:4:0:3:4:0:0:0:3:,clone,3785.5027352024467,2:4:0:3:4:0:0:0:3
2:4:0:3:3:0:0:0:3:,recombination,3932.4034484207687,2:4:0:3:4:0:0:0:2,0:2:0:1:1:4:4:1:0,MUTATE
1:4:0:3:3:1:0:0:2:,clone,3715.7852064238546,1:4:0:3:3:1:1:0:1
1:4:0:2:2:2:1:0:1:,recombination,3757.712774296124,0:2:0:3:2:2:2:0:0,0:2:0:3:3:2:2:0:0,MUTATE
1:4:0:2:2:2:1:1:1:,clone,3811.108220855674,1:4:0:2:2:2:1:0:1
1:4:0:2:2:2:1:1:1:,clone,3787.577183601186,1:4:0:2:2:2:1:1:1
1:4:0:2:2:2:1:1:1:,clone,3635.4242794493784,1:4:0:2:2:2:1:1:1
1:4:0:1:1:3:2:1:1:,clone,3904.4847721576916,1:4:0:1:1:2:2:1:1
1:3:0:1:1:3:2:1:0:,recombination,3953.600736217426,0:2:0:0:0:4:4:1:0,0:2:0:3:3:2:2:0:0
1:3:0:1:1:3:2:1:0:,clone,3945.1976950878543,1:3:0:1:1:3:2:1:0
2:4:0:3:3:0:0:0:2:,recombination,3374.183975781872,2:4:0:2:2:1:1:1:2,0:2:0:1:1:3:3:0:0,MUTATE
2:4:0:3:3:0:0:0:2:,clone,3283.500692157909,0:1:0:0:0:4:4:1:0
1:3:0:2:1:2:3:1:1:,recombination,4648.152023496719,0:2:0:1:0:2:4:1:0,0:3:0:3:3:1:2:0:0
1:4:0:3:3:0:0:0:2:,clone,3254.7244896516477,1:4:0:3:3:0:0:0:2
1:4:0:3:3:0:0:0:2:,clone,3224.641445859039,1:4:0:3:3:0:0:0:2
0:2:0:1:1:2:4:1:0:,recombination,4823.685958952274,1:4:0:2:2:1:1:0:2,1:4:0:2:2:0:1:0:1
0:2:0:1:1:2:4:0:0:,recombination,4879.452899851674,0:2:0:1:0:3:4:1:0,2:4:0:2:2:1:1:0:2
0:2:0:1:1:2:4:0:0:,recombination,4679.781129671814,0:2:0:1:0:3:4:1:0,0:2:1:1:0:3:4:1:0
1:4:0:3:2:1:2:0:1:,recombination,4642.733315848473,1:4:0:2:3:0:0:0:2,1:4:0:2:3:0:0:0:1
1:4:0:2:2:1:0:0:1:,recombination,3335.0405598260695,1:4:0:3:3:0:1:0:1,0:2:0:1:1:3:3:1:0
0:3:0:2:2:1:2:0:1:,recombination,3988.7256308969477,1:4:0:1:1:3:3:1:0,1:3:0:2:2:1:1:0:1,MUTATE
0:3:0:2:2:2:3:1:0:,recombination,4695.2713067031755,0:2:0:1:1:2:2:0:0,0:2:0:1:1:3:3:0:0,MUTATE
0:3:0:2:1:2:3:1:0:,clone,4363.584375534496,0:3:0:2:1:2:3:1:0
0:3:0:1:1:2:4:1:0:,clone,5386.324809177637,0:3:0:1:1:2:4:1:0
0:3:0:3:4:0:0:0:1:,clone,3918.1354933735183,0:3:0:3:4:0:0:0:1
0:3:0:2:2:1:3:0:0:,recombination,5028.543516322581,0:3:0:1:1:2:3:0:0,2:4:0:2:2:2:1:0:2,MUTATE
1:4:0:3:3:1:1:0:1:,recombination,3624.3447845803207,0:2:1:0:0:4:4:1:0,0:3:0:1:1:3:4:0:0
1:4:0:2:2:0:1:0:1:,clone,3140.0342594128947,1:4:0:2:2:0:1:0:1
1:4:0:2:2:0:0:0:1:,clone,2996.8563256715597,1:4:0:2:2:0:0:0:1
1:4:0:2:3:1:1:0:1:,recombination,3469.396224837889,1:4:0:2:2:2:1:0:1,0:3:0:1:1:3:4:0:0
0:2:0:1:1:4:3:1:0:,recombination,4223.497063088864,1:4:0:1:1:2:2:1:1,2:4:0:3:3:0:0:0:2
0:2:0:2:2:1:2:1:0:,recombination,3838.4021612011493,0:2:1:1:0:4:4:1:0,0:2:0:4:4:0:1:0:0
0:2:0:1:0:4:4:0:0:,recombination,4685.581225728783,0:2:0:1:1:4:3:1:0,2:4:0:2:2:2:1:0:2,MUTATE
0:3:0:1:0:4:4:0:0:,clone,4848.883988187147,0:3:0:1:1:3:3:0:0
0:2:1:0:0:3:4:1:0:,recombination,3912.3059609250827,0:1:1:0:0:4:4:1:0,0:1:1:1:0:4:4:0:0,MUTATE
0:3:0:1:0:4:4:0:0:,clone,4587.2620009713555,0:3:0:1:0:4:4:0:0
0:3:0:1:0:4:4:0:0:,clone,4457.766431838288,0:3:0:1:1:3:3:0:0
0:3:0:1:0:4:4:0:0:,clone,4246.084673111902,0:3:0:1:0:4:4:0:0
0:2:0:0:0:4:4:0:0:,clone,4246.084673111902,0:3:0:1:0:4:4:0:0
0:2:0:1:0:2:3:1:0:,recombination,3637.347528022559,0:3:0:1:1:2:3:1:0,0:2:1:0:0:4:4:0:0,MUTATE
0:2:0:2:1:1:3:0:0:,recombination,4390.802544066759,1:3:0:2:2:1:1:0:1,0:3:1:1:1:2:3:0:0
1:3:0:1:1:1:3:0:1:,recombination,4240.494655896357,0:3:0:1:0:4:4:0:0,0:2:0:1:1:2:2:0:0,MUTATE
1:4:0:3:3:0:0:0:2:,clone,3217.034967676455,1:4:0:3:3:0:0:0:2
1:4:0:3:3:0:0:0:2:,clone,3213.182445424491,1:4:0:3:3:0:0:0:2
1:4:0:2:1:1:3:0:1:,clone,4832.241650926059,1:4:0:2:1:1:3:0:1
1:3:0:2:2:1:3:0:1:,clone,5397.599727749308,1:3:0:2:2:1:3:0:1
1:4:0:2:1:2:3:1:1:,clone,4379.05169319778,1:4:0:2:1:2:3:1:1
0:3:0:1:1:4:4:1:0:,recombination,4785.784134826804,2:4:0:3:3:0:0:0:2,0:2:0:1:1:2:4:0:0
1:4:1:1:1:3:3:0:1:,recombination,4684.49016561899,0:1:1:1:0:3:4:0:0,0:2:0:2:3:0:1:0:0,MUTATE
0:1:1:1:0:3:4:0:0:,recombination,5517.264177766072,0:3:0:1:1:3:4:1:0,1:4:0:3:3:1:0:0:1,MUTATE
0:1:0:0:0:4:4:2:0:,recombination,3599.2536192536436,0:2:1:0:0:4:4:1:0,0:1:0:1:0:4:4:0:0,MUTATE
0:2:1:1:1:3:4:1:0:,clone,4912.6046043632105,0:2:0:1:1:3:4:1:0
0:1:1:0:0:4:4:2:0:,clone,3662.1138325851202,0:1:1:0:0:4:4:2:0
0:2:0:2:2:3:3:0:0:,recombination,4661.850388107851,0:2:0:2:3:0:1:0:0,0:2:1:1:0:3:4:0:0,MUTATE
0:1:0:0:0:4:4:1:0:,recombination,3786.8544467916518,1:3:0:1:1:2:3:1:0,0:3:0:1:1:3:3:0:0
1:4:0:2:3:0:0:0:2:,recombination,3384.5713747305495,0:2:0:1:1:2:3:0:0,0:2:1:0:0:4:4:2:0
1:4:0:2:2:0:1:0:2:,clone,3596.618197834634,1:4:0:2:2:0:1:0:1
1:4:0:3:3:0:0:0:2:,clone,3187.2800139818864,1:4:0:3:3:0:0:0:2
1:4:0:3:3:1:2:0:2:,recombination,4727.403438472773,0:2:0:2:1:2:2:1:0,1:4:0:3:3:0:1:0:1
1:3:0:1:1:3:3:0:1:,clone,4329.298452221546,1:3:0:1:1:3:3:0:1
0:3:0:1:1:3:3:1:0:,clone,3640.1339907915894,0:3:0:1:1:3:3:1:0
0:2:0:1:1:4:3:1:0:,recombination,4198.971088965531,0:3:0:2:2:3:3:1:0,1:3:0:1:1:3:3:0:1,MUTATE
0:2:0:2:2:2:3:1:0:,recombination,4702.356240208185,0:1:0:2:1:3:3:0:0,1:4:0:2:1:2:3:1:1,MUTATE
0:2:0:2:2:2:3:1:0:,recombination,4636.382626120514,0:2:0:2:1:3:2:0:0,0:3:0:2:2:3:3:0:0
0:1:1:1:0:4:4:1:0:,clone,4904.203574849183,0:1:1:1:0:4:4:1:0
0:1:1:1:0:4:4:1:0:,clone,4902.745468629341,0:1:1:1:0:4:4:1:0
0:1:1:1:0:4:4:1:0:,clone,4673.259682711702,0:1:1:1:0:4:4:1:0
0:1:1:1:0:4:4:1:0:,clone,4652.6198052155105,0:1:1:1:0:4:4:1:0
0:1:0:0:0:4:4:1:0:,clone,3688.7238527851982,0:1:0:0:0:4:4:1:0
0:3:0:2:2:1:2:0:1:,recombination,3847.9462089149365,1:3:0:3:3:1:1:0:1,1:4:0:3:3:0:0:0:1,MUTATE
0:2:0:1:1:1:3:0:0:,clone,3925.669914697104,0:2:0:1:1:2:3:0:0
0:2:0:0:0:3:4:1:0:,clone,3493.300541435994,0:2:0:0:0:3:4:1:0
1:3:0:1:1:3:4:1:0:,recombination,5668.821432468589,1:4:0:2:2:1:1:1:1,0:4:0:3:3:1:2:0:1
0:2:0:1:0:3:3:0:0:,clone,3842.7196326540416,0:2:0:1:0:3:3:0:0
0:2:0:1:1:3:3:0:0:,clone,3699.4205677451055,0:2:0:1:0:3:3:1:0
0:2:1:0:0:3:4:0:0:,clone,4237.766807275898,0:2:1:0:0:3:4:0:0
0:1:1:1:0:3:4:1:0:,recombination,4817.188486773078,0:2:0:1:0:3:4:0:0,0:1:0:0:0:4:4:0:0
0:1:0:2:1:3:3:0:0:,clone,5199.822825970712,0:1:0:2:1:3:3:0:0
1:3:0:3:3:1:1:0:1:,clone,3749.5786164639853,1:3:0:3:3:1:1:0:1
0:3:0:3:3:0:1:0:0:,recombination,3722.518823697501,0:3:0:2:3:0:1:0:1,0:3:0:2:2:1:2:0:0
1:4:0:2:1:1:2:0:1:,clone,3556.588813694124,1:4:0:2:2:1:2:0:1
1:3:0:2:1:3:3:1:0:,recombination,4499.287455285741,0:3:0:1:1:2:2:0:0,0:1:0:1:1:3:4:0:0
0:3:0:1:1:4:4:1:0:,recombination,4703.697066390873,0:2:0:4:4:0:0:0:0,1:4:0:2:2:1:1:0:1
0:1:0:0:0:4:4:1:0:,recombination,3610.1426230298002,0:3:0:1:1:4:4:1:0,1:4:0:2:2:0:1:0:1
0:1:0:0:0:4:4:1:0:,clone,3503.199043175458,0:1:0:0:0:4:4:1:0
0:2:0:0:0:3:4:2:0:,recombination,4130.5442790247525,1:3:0:1:1:2:2:0:1,0:2:0:4:4:1:1:0:0,MUTATE
0:1:0:3:2:3:3:1:0:,recombination,6645.041391893887,0:3:0:2:2:2:2:0:0,0:2:0:2:2:2:2:1:0
0:2:0:2:1:2:3:1:0:,recombination,4366.174639967786,0:2:0:2:1:1:2:0:0,1:4:0:2:2:2:2:0:1,MUTATE
0:1:0:0:0:4:4:2:0:,recombination,3563.4641414005428,0:2:0:1:1:2:4:1:0,0:2:0:0:0:3:4:1:0,MUTATE
1:4:0:2:2:1:1:0:1:,clone,3240.583293465124,1:4:0:2:2:1:1:0:1
0:3:0:2:2:1:2:1:0:,recombination,3672.2407392742602,0:1:0:2:2:2:3:0:0,0:1:0:1:1:3:3:0:0,MUTATE
2:4:0:4:4:0:0:0:2:,clone,3895.4395238080033,0:1:1:0:0:4:4:1:0
1:4:0:4:4:0:0:0:2:,clone,3918.9705610624924,1:4:0:4:4:0:0:0:2
1:4:0:4:4:0:0:0:2:,clone,3912.2206853472926,1:4:0:4:4:0:0:0:2
1:4:0:1:1:1:3:0:1:,clone,4157.99163263812,1:3:0:1:1:1:2:0:1
1:4:0:1:1:1:2:0:1:,clone,3491.177202346843,1:4:0:1:1:1:2:0:1
1:4:0:1:1:1:2:0:1:,clone,3491.1772023468425,1:4:0:1:1:1:2:0:1
1:3:0:1:1:1:2:0:1:,recombination,3254.0945638578823,0:2:0:1:1:4:3:1:0,1:4:0:1:1:1:2:0:1
0:3:0:1:1:1:3:0:0:,clone,3947.9557914219863,1:3:0:1:1:1:2:0:1
0:3:0:1:0:2:4:0:0:,clone,4829.205725492975,0:3:0:1:1:2:3:0:0
0:3:0:1:0:2:4:0:0:,clone,4730.037432391054,0:3:0:1:0:2:4:0:0
0:3:0:1:0:2:4:0:0:,clone,4635.910554460695,0:3:0:1:0:2:4:0:0
0:3:0:1:0:2:4:0:0:,clone,4461.692594476504,0:3:0:1:0:2:4:0:0
0:2:0:1:1:2:3:0:0:,recombination,3534.484703630175,0:3:0:3:3:0:1:0:0,0:3:0:3:3:1:2:0:0
0:2:0:1:0:2:4:1:0:,clone,4302.138975119451,0:2:0:1:0:2:4:1:0
0:3:0:4:4:1:1:0:1:,clone,5186.852315100643,0:3:0:3:3:1:1:0:1
0:3:0:1:0:3:4:0:0:,clone,4302.749016284902,0:3:0:1:1:3:3:0:0
0:3:0:1:1:2:3:0:0:,recombination,3450.5070079320644,0:1:0:0:0:4:4:1:0,0:3:0:1:0:3:3:1:0
0:1:0:0:0:3:4:0:0:,recombination,4778.107286859213,0:3:0:2:2:1:2:0:1,0:2:0:1:0:3:3:1:0
0:1:0:1:1:2:3:1:0:,recombination,4181.609984715548,0:1:0:0:0:4:4:2:0,0:1:0:1:1:3:3:0:0
1:4:0:2:2:1:3:0:1:,recombination,4811.652737968558,1:4:0:4:4:0:0:0:2,1:4:0:2:3:0:1:0:1,MUTATE
0:2:0:0:0:4:4:0:0:,clone,4185.113259511557,0:2:0:0:0:4:4:0:0
0:1:0:0:0:4:4:0:0:,clone,4441.7801422999555,0:1:0:0:0:4:4:0:0
0:2:1:0:0:4:4:0:0:,recombination,4450.009393908064,0:1:0:0:0:3:4:1:0,0:1:0:2:2:3:3:0:0,MUTATE
1:3:0:1:1:3:3:0:1:,clone,4240.977991592972,0:3:0:1:1:3:3:0:0
