1:4:0:3:2:2:2:1:1:,initialisation,5540.89183496946,
1:4:1:2:2:3:3:1:0:,initialisation,5715.610582966325,
1:4:0:3:3:2:2:0:1:,initialisation,6130.282834151628,
0:4:1:2:2:2:3:1:0:,initialisation,5539.563197121253,
1:4:0:3:3:2:2:1:1:,initialisation,5405.832922417531,
1:4:0:1:1:3:3:1:1:,initialisation,5602.405254520372,
1:4:0:4:4:1:1:0:1:,initialisation,5664.18193544045,
0:3:1:1:1:3:3:1:0:,initialisation,5894.735165885249,
1:4:0:2:2:2:2:1:1:,initialisation,5732.8979218154445,
1:4:1:2:2:2:2:0:1:,initialisation,5220.586537441865,
1:4:1:3:2:2:2:0:1:,initialisation,6428.593189400611,
1:4:1:3:3:1:2:0:1:,initialisation,5782.764806561944,
1:4:1:3:3:2:2:0:1:,initialisation,5456.143654665289,
1:4:1:2:2:2:2:1:1:,initialisation,5731.497079892944,
1:4:0:3:3:1:1:0:1:,initialisation,5135.957875274664,
1:4:1:3:3:2:2:0:1:,initialisation,5311.39258952329,
1:4:1:3:2:2:2:0:1:,initialisation,5902.295607444965,
1:4:0:3:3:3:2:1:1:,initialisation,5611.136851610508,
1:4:1:3:3:2:2:0:1:,initialisation,5242.958574860571,
1:4:1:2:2:2:3:1:1:,initialisation,5916.373195791827,
1:4:1:3:3:1:1:0:1:,initialisation,5659.17379934198,
1:4:1:2:2:2:2:0:1:,initialisation,5076.170049202265,
1:4:0:3:3:2:2:0:1:,initialisation,5298.523793473492,
1:4:0:2:2:2:2:1:1:,initialisation,5526.778981216391,
1:4:1:3:3:1:2:0:1:,initialisation,5283.703375417367,
1:4:0:3:2:2:2:0:1:,initialisation,5437.2743695279405,
1:4:1:3:3:1:2:0:1:,initialisation,5177.478642530718,
1:4:0:3:3:1:1:0:1:,initialisation,5017.350888099709,
1:4:1:2:2:2:3:0:1:,initialisation,5775.475218045208,
0:4:1:2:2:2:2:0:0:,initialisation,5773.2388315801145,
0:4:1:2:2:2:2:0:0:,initialisation,5373.535426273516,
0:4:1:2:2:2:3:0:0:,initialisation,5757.374511904538,
1:4:0:2:2:2:2:0:1:,initialisation,5249.937914178485,
1:4:1:3:2:3:3:1:0:,initialisation,6537.32067938045,
1:4:1:2:2:2:2:1:1:,initialisation,5395.758239528904,
0:4:1:2:2:2:3:0:0:,initialisation,5460.016034839415,
1:4:0:3:3:1:2:0:1:,initialisation,5224.2393602483835,
1:4:1:3:2:2:2:1:1:,initialisation,5886.070081150697,
1:4:1:2:1:3:3:1:0:,initialisation,6065.019145550052,
0:4:1:2:1:3:3:1:0:,initialisation,6259.612964258043,
1:4:0:3:3:2:1:0:1:,initialisation,5600.1522973762385,
1:4:0:2:2:3:3:1:1:,initialisation,5989.847900472739,
0:4:1:3:3:2:2:0:0:,initialisation,5591.548809675767,
1:4:1:2:2:3:3:1:0:,initialisation,5485.195760639716,
0:4:1:2:2:2:2:1:0:,initialisation,5677.257822068922,
1:4:1:3:2:2:2:0:1:,initialisation,5693.545287809436,
1:4:0:4:4:1:1:0:1:,initialisation,5516.4392544579405,
0:4:1:2:2:2:2:0:0:,initialisation,5180.517749663756,
1:4:0:3:3:1:2:1:1:,initialisation,5361.8959356064925,
1:4:1:2:2:2:3:0:1:,initialisation,5773.299870147739,
1:4:0:3:3:2:1:1:1:,initialisation,5611.136851610509,
1:4:1:2:2:2:3:1:1:,initialisation,5666.050964959337,
1:4:1:2:2:2:2:0:1:,initialisation,4879.235751194153,
1:4:1:3:2:2:2:0:1:,initialisation,5675.178976309521,
1:4:0:3:2:2:2:0:1:,initialisation,5366.503447784225,
1:4:1:2:2:2:3:1:0:,initialisation,5791.28727462944,
0:4:1:2:2:1:2:0:0:,initialisation,5009.944688113519,
1:4:1:3:2:2:2:1:1:,initialisation,5328.743053014236,
0:4:1:3:3:1:2:0:0:,initialisation,5016.072267922534,
0:3:1:1:1:3:3:0:0:,initialisation,5339.97973723959,
1:4:0:3:3:1:1:0:1:,initialisation,4971.464503452438,
1:4:1:2:2:2:2:1:1:,initialisation,5244.886833364312,
1:4:0:2:2:3:2:1:1:,initialisation,5611.1368516105085,
1:4:0:2:2:2:3:0:1:,initialisation,5848.564431312229,
1:4:1:3:3:2:2:1:1:,initialisation,5663.523530941407,
0:4:1:1:1:3:3:1:0:,initialisation,5882.869089283524,
0:4:1:1:1:3:3:1:0:,initialisation,5585.4053868425835,
0:4:1:2:2:2:2:1:0:,initialisation,5306.082092932489,
1:4:0:2:1:2:3:1:1:,initialisation,6169.538278451097,
0:4:1:2:2:2:3:0:0:,initialisation,5348.718660126267,
1:4:0:3:3:1:1:0:1:,initialisation,4875.79694829208,
1:4:1:2:2:3:3:1:1:,initialisation,5141.008666557903,
0:4:1:3:2:2:2:0:0:,initialisation,5419.944843505392,
1:4:0:3:3:2:2:1:1:,initialisation,5316.286434352078,
1:4:1:3:3:1:1:0:1:,initialisation,5552.178124048601,
0:4:1:2:1:3:3:1:0:,initialisation,5638.584014088713,
0:3:1:1:1:4:4:1:0:,initialisation,6174.57024357181,
1:4:0:2:2:1:2:0:1:,initialisation,5486.8133789428775,
0:4:1:2:1:2:3:1:0:,initialisation,5633.878430981331,
1:4:0:4:4:1:1:0:1:,initialisation,5445.327243441415,
0:4:1:2:2:3:3:1:0:,initialisation,6583.848830298792,
0:4:1:2:2:3:3:1:0:,initialisation,6166.72009873545,
1:4:0:2:2:2:2:1:1:,initialisation,4978.889151760096,
1:4:1:3:3:1:1:0:1:,initialisation,5129.701059221736,
1:4:1:3:3:2:2:1:1:,initialisation,5397.689095578705,
0:3:1:1:1:3:3:1:0:,initialisation,5831.504875328954,
1:4:0:3:3:1:2:0:1:,initialisation,4733.913839786576,
1:4:1:2:2:2:3:1:1:,initialisation,5607.610855147457,
1:4:0:3:3:2:1:0:1:,initialisation,5176.186483581871,
1:4:0:3:2:1:2:0:1:,initialisation,5666.237720634439,
1:4:1:2:2:2:3:1:1:,initialisation,5458.443711337722,
1:4:0:4:4:1:1:0:1:,initialisation,5379.354972039118,
1:4:1:3:3:1:2:1:1:,initialisation,5709.112660053539,
1:4:0:3:3:2:2:0:1:,initialisation,5106.488005995122,
0:4:1:2:2:3:3:1:0:,initialisation,6023.325124238285,
1:4:0:2:1:3:3:1:1:,initialisation,5840.036262716149,
1:4:0:2:2:3:3:1:1:,initialisation,5611.1368516105085,
1:4:0:2:2:2:3:0:1:,initialisation,5538.924881816516,
1:4:1:2:1:2:3:1:1:,initialisation,5740.167707551096,
1:4:0:2:2:2:3:1:1:,initialisation,5528.302828521771,
1:4:1:2:2:2:3:1:0:,initialisation,5256.675544116016,
2:4:0:3:3:1:1:0:2:,initialisation,5611.136851610508,
1:4:0:3:4:1:1:0:1:,initialisation,5456.792615969611,
1:4:1:2:2:1:2:0:1:,initialisation,4827.802561444769,
1:4:1:3:2:1:2:0:1:,initialisation,5670.921613147329,
1:4:1:4:4:1:1:0:1:,initialisation,6084.425583207506,
1:4:1:2:2:2:2:0:1:,initialisation,4670.716663562625,
1:4:0:2:2:2:2:0:1:,initialisation,5155.094808957107,
0:4:1:1:0:3:4:1:0:,initialisation,6142.996009678143,
1:4:1:3:2:2:2:0:1:,initialisation,5381.969917880209,
1:4:1:3:3:1:2:0:1:,initialisation,4943.891429617405,
1:4:1:4:4:0:1:0:1:,initialisation,5381.4700088849,
0:4:1:3:3:0:1:0:0:,initialisation,4745.748695557179,
1:4:0:4:4:0:1:0:2:,initialisation,5091.629337053441,
1:4:0:3:3:2:2:1:1:,initialisation,5311.850722269313,
1:4:0:3:3:2:2:1:2:,initialisation,5611.136851610508,
1:4:0:2:2:1:2:0:1:,initialisation,5055.08424244959,
1:4:0:2:2:2:3:1:1:,initialisation,5396.078162689066,
1:4:1:2:2:2:2:1:1:,initialisation,5038.136912951855,
1:4:1:2:1:3:3:1:0:,initialisation,5794.214909333308,
1:4:0:3:3:2:1:1:2:,initialisation,5611.136851610509,
0:4:1:3:3:1:1:0:0:,initialisation,4916.664822244783,
1:4:0:2:2:2:3:1:1:,initialisation,5320.178831149103,
1:4:1:4:4:1:1:0:1:,initialisation,5866.365151746236,
1:4:0:4:4:1:1:0:1:,initialisation,5075.734475745527,
1:4:0:3:3:2:1:0:1:,initialisation,4871.394999725307,
0:4:1:2:1:3:3:1:0:,initialisation,5480.394150558477,
0:4:1:3:3:1:1:0:0:,initialisation,4906.028498709881,
1:4:1:2:2:2:3:1:1:,initialisation,5193.620990459517,
0:4:1:2:1:3:3:0:0:,initialisation,6231.451426588545,
1:4:0:3:4:1:1:0:1:,initialisation,5434.731491137981,
1:4:1:2:2:3:3:1:0:,initialisation,5162.44788255967,
1:4:1:3:3:2:2:0:1:,initialisation,5116.04668561086,
1:4:0:3:2:2:2:1:1:,initialisation,5317.058022569198,
1:4:1:2:1:3:3:1:0:,initialisation,5499.60683301968,
0:4:1:2:2:3:3:0:0:,initialisation,6192.107861399015,
1:4:1:2:2:1:2:0:1:,initialisation,4604.383801398945,
1:4:1:1:1:3:3:1:0:,initialisation,5598.422565001393,
0:4:1:3:3:1:2:0:1:,initialisation,5562.731297825474,
1:4:0:2:2:1:2:1:1:,initialisation,5104.349382986038,
0:4:1:2:2:2:3:0:0:,initialisation,5016.32986499599,
1:4:1:3:3:2:2:1:1:,initialisation,5213.9243659306785,
1:4:0:2:2:3:2:0:1:,initialisation,5784.573313852627,
0:4:1:1:1:2:3:1:0:,initialisation,5561.8562892626305,
1:4:1:2:2:1:2:1:1:,initialisation,5210.323287556912,
0:4:1:2:2:2:3:1:0:,initialisation,5136.819379709276,
1:4:0:2:2:3:3:1:1:,initialisation,5555.829472324885,
1:4:1:4:4:0:0:0:1:,initialisation,4809.561275486225,
1:4:1:3:2:2:2:0:1:,initialisation,5240.265099582374,
1:4:1:2:1:3:3:0:1:,initialisation,6272.566004888778,
1:4:1:2:2:2:3:0:1:,initialisation,5562.053407931504,
1:4:1:2:1:2:3:1:0:,initialisation,5555.547302977769,
0:4:1:2:2:2:2:0:0:,initialisation,5010.401895106866,
1:4:0:3:2:2:2:0:1:,initialisation,5309.527645846676,
0:4:1:2:2:3:3:1:0:,initialisation,5882.421149796575,
1:4:0:2:2:1:2:0:1:,initialisation,5045.827672116662,
1:4:0:2:2:3:2:1:1:,initialisation,5093.687149270391,
1:4:1:3:3:1:2:0:1:,initialisation,4927.041736532625,
0:4:1:2:2:3:3:1:0:,initialisation,5868.570512950611,
1:4:1:3:2:1:2:0:1:,initialisation,5343.329920227829,
1:4:0:3:3:2:1:0:2:,initialisation,5351.599918243889,
0:3:1:1:1:4:4:1:0:,initialisation,5620.7654909609,
1:4:0:3:2:1:2:1:1:,initialisation,5611.136851610509,
1:4:1:3:4:1:1:0:1:,initialisation,5051.750326298916,
0:4:1:1:1:3:4:1:0:,initialisation,6478.484717524138,
1:4:1:3:3:1:1:0:1:,initialisation,4816.1093642000715,
1:4:0:3:3:1:1:0:1:,initialisation,4858.343419516005,
0:4:1:2:2:3:3:1:0:,initialisation,5314.691025882094,
1:4:0:3:4:1:1:0:1:,initialisation,5227.006422798936,
1:4:0:3:3:1:1:0:1:,initialisation,4727.639854445521,
1:4:1:2:2:2:2:1:0:,initialisation,5299.939195453713,
0:4:1:1:1:2:3:0:0:,initialisation,5160.672584568757,
1:4:1:2:1:3:3:1:1:,initialisation,6005.551105067032,
0:4:1:1:1:3:3:1:0:,initialisation,5322.964086320607,
1:4:1:1:1:3:3:1:1:,initialisation,5407.87258572392,
1:4:1:3:4:0:0:0:1:,initialisation,4172.886647644039,
1:4:0:3:4:1:1:1:2:,initialisation,5611.1368516105085,
2:4:0:3:4:1:1:0:2:,initialisation,5611.136851610508,
1:4:1:2:2:3:2:1:0:,initialisation,5451.026595872135,
1:4:0:2:2:3:3:1:1:,initialisation,5449.128262160531,
1:4:0:2:2:3:3:1:0:,initialisation,5775.671176941865,
2:4:0:3:3:2:1:0:2:,initialisation,5562.224680860827,
2:4:0:3:3:1:2:0:2:,initialisation,5611.136851610509,
1:4:1:2:2:3:2:1:1:,initialisation,6005.924600355883,
1:4:0:3:3:1:2:1:2:,initialisation,5611.1368516105085,
1:4:0:3:3:1:2:1:1:,initialisation,5235.411323314433,
1:4:0:3:2:1:2:1:1:,initialisation,5302.808331726993,
0:4:1:2:1:2:3:1:0:,initialisation,5075.224271200642,
1:4:1:4:4:0:0:0:1:,initialisation,4655.740605707684,
1:4:1:2:1:2:3:1:0:,initialisation,5163.424774120888,
1:4:1:2:2:2:3:0:1:,initialisation,5033.139175103768,
0:4:1:3:3:1:2:0:1:,initialisation,5527.475937656265,
1:4:0:3:3:1:1:0:2:,initialisation,5342.51721632551,
1:4:1:3:2:2:3:0:1:,initialisation,6497.553182013082,
0:4:1:2:1:2:3:0:0:,initialisation,5719.201728859772,
0:4:1:3:3:1:2:0:0:,initialisation,4859.298900914553,
2:4:0:4:4:1:1:0:2:,initialisation,5304.910517864935,
1:4:1:2:2:3:2:0:1:,initialisation,5581.611364489547,
1:4:0:4:4:1:1:0:2:,initialisation,5467.649489529965,
1:4:1:3:2:1:2:0:1:,initialisation,5082.890612032279,
1:4:1:3:3:1:2:1:1:,initialisation,5462.30346809981,
1:4:0:3:3:1:1:1:1:,initialisation,5611.136851610508,
1:4:0:2:2:2:2:1:0:,initialisation,5334.350443684038,
1:4:1:2:1:2:3:0:1:,initialisation,5920.52519426789,
1:4:1:3:3:1:1:0:1:,initialisation,4798.768712101079,
0:4:1:3:3:1:1:0:1:,initialisation,5375.2087477811065,
1:4:1:3:3:2:1:0:1:,initialisation,5422.378020144513,
0:4:1:2:2:1:2:0:0:,initialisation,4862.6335347782115,
0:3:1:1:1:3:3:1:0:,initialisation,5531.719894375935,
1:4:0:4:4:1:1:0:1:,initialisation,4890.778963344308,
1:4:1:3:3:2:2:0:1:,initialisation,5009.860364578959,
1:4:0:4:4:0:0:0:1:,initialisation,5562.52836650089,
1:4:0:2:2:2:2:0:1:,initialisation,4929.226334363655,
0:4:1:3:3:2:2:0:0:,initialisation,5411.766094326027,
1:4:0:4:4:1:1:0:2:,initialisation,5261.525674420071,
0:3:1:1:1:3:4:0:0:,initialisation,6919.39016557781,
1:4:1:4:4:1:1:0:1:,initialisation,5577.953557122189,
1:4:0:3:3:2:1:1:1:,initialisation,5430.068081141529,
1:4:0:2:1:2:3:1:1:,initialisation,5653.848163546753,
1:4:1:3:3:3:2:1:1:,initialisation,5911.036008428158,
1:4:0:4:4:0:1:0:1:,initialisation,5442.1566219056385,
1:4:0:4:4:0:1:0:1:,initialisation,5224.635944391628,
1:4:1:3:3:1:1:0:1:,initialisation,4778.56838676866,
1:4:1:4:4:0:1:0:1:,initialisation,5255.4825787947075,
1:4:0:3:2:2:2:1:1:,initialisation,5211.347835220883,
0:4:1:1:1:3:3:0:0:,initialisation,6217.417098276562,
1:4:1:2:2:3:3:0:1:,initialisation,6576.256621648749,
1:4:0:2:2:3:3:1:0:,initialisation,5534.961070975624,
0:4:1:2:1:2:3:0:0:,initialisation,5056.090379669615,
0:4:1:2:2:3:3:0:0:,initialisation,5449.141220415427,
0:3:1:1:1:3:4:1:0:,initialisation,6432.081976950064,
1:4:1:3:3:2:2:1:1:,initialisation,5098.187482287912,
1:4:1:2:1:3:3:1:1:,initialisation,5974.53891875813,
1:4:1:2:2:2:2:1:1:,initialisation,4982.603497623867,
1:4:0:2:1:2:3:1:1:,initialisation,5611.136851610507,
1:4:0:3:2:2:2:0:1:,initialisation,5155.13539629014,
1:4:0:3:3:2:2:0:1:,initialisation,5088.885253585122,
1:4:0:3:4:1:1:0:1:,initialisation,5177.738225739604,
0:3:1:2:1:3:3:0:0:,initialisation,6771.547767579611,
1:4:1:2:2:1:2:0:1:,initialisation,4547.884216361612,
0:4:0:3:3:1:2:0:0:,initialisation,5139.256951293164,
0:4:0:1:1:3:3:1:0:,initialisation,5611.1368516105085,
0:4:1:1:0:4:4:1:0:,initialisation,6015.092043910209,
0:4:1:2:1:3:3:0:0:,initialisation,6187.311289126525,
1:4:0:3:3:2:1:1:1:,initialisation,5336.3828859398,
1:4:1:3:3:2:1:0:1:,initialisation,5418.886189900539,
0:3:1:1:0:3:4:1:0:,initialisation,5765.821732331476,
2:4:0:3:3:1:2:0:2:,initialisation,5611.136851610508,
1:4:1:3:2:1:2:0:1:,initialisation,5051.5601900518395,
0:4:1:2:1:3:3:1:0:,initialisation,5345.06052621524,
0:3:1:1:1:3:4:0:0:,initialisation,6569.104642191466,
1:4:0:3:3:2:2:1:1:,initialisation,5246.257592993532,
1:4:0:3:3:1:1:0:1:,initialisation,4722.748450589248,
0:4:1:2:2:2:2:1:0:,initialisation,5150.366442398565,
1:4:1:2:2:3:2:1:1:,initialisation,5813.621982410901,
1:4:0:3:2:1:2:0:1:,initialisation,4995.45217556573,
1:4:0:3:3:2:2:0:2:,initialisation,5831.004940950468,
1:4:0:4:4:0:1:0:1:,initialisation,5143.752620782181,
1:4:1:3:3:2:1:0:1:,initialisation,5016.400321804534,
1:4:0:3:4:1:1:0:1:,initialisation,4961.342821885313,
0:3:1:1:1:3:4:1:0:,initialisation,6120.301489889408,
1:4:1:4:4:0:0:0:1:,initialisation,4492.4911819226445,
0:4:0:2:2:1:2:0:0:,initialisation,5009.29819823201,
1:4:1:3:3:0:1:0:1:,initialisation,4061.728016652328,
0:4:1:3:2:1:2:0:0:,initialisation,5597.8898768817635,
1:4:0:3:3:1:2:0:2:,initialisation,5678.197731730016,
1:4:1:4:4:2:1:0:1:,initialisation,6016.5011361582165,
1:4:0:3:4:1:1:0:2:,initialisation,5153.099085623182,
1:4:1:2:1:3:3:1:1:,initialisation,5484.58617920329,
1:4:0:2:2:1:2:0:1:,initialisation,4805.5256325246355,
0:3:1:1:0:4:4:2:0:,initialisation,5611.136851610508,
1:4:1:1:1:3:3:1:0:,initialisation,5300.813243684905,
1:4:1:2:1:4:3:1:1:,initialisation,6311.89964019044,
1:4:0:2:1:3:3:1:0:,initialisation,5423.289284364564,
1:4:1:3:4:0:1:0:1:,initialisation,4920.762367755468,
0:3:1:2:1:3:3:1:0:,initialisation,6546.627844772703,
1:4:1:2:2:2:3:1:1:,initialisation,5184.446650367877,
1:4:1:3:3:1:2:0:1:,initialisation,4827.125998905665,
0:4:1:2:1:3:3:0:0:,initialisation,5717.602583432937,
1:4:1:2:1:3:3:1:1:,initialisation,5483.601273333948,
1:4:1:3:3:1:2:1:1:,initialisation,5460.163627085726,
0:4:1:2:2:2:3:0:0:,initialisation,4930.21162118598,
0:3:1:1:1:3:3:1:0:,initialisation,5076.553060112595,
1:4:1:3:3:1:1:0:1:,initialisation,4760.21951347114,
1:4:0:2:1:3:3:1:1:,initialisation,5611.136851610509,
0:4:1:1:1:4:4:1:0:,initialisation,6029.615452214377,
1:4:1:3:2:2:2:0:1:,initialisation,5180.1343454606085,
1:4:1:2:2:2:2:1:1:,initialisation,4924.007979396274,
1:4:1:3:2:2:2:0:1:,initialisation,4983.440282733454,
1:4:0:3:3:1:1:1:2:,initialisation,5611.136851610508,
0:2:1:0:0:4:4:2:0:,initialisation,5813.057181843331,
0:3:1:1:1:2:3:0:0:,initialisation,5411.476504836194,
1:4:1:3:3:1:2:1:1:,initialisation,5267.054004938604,
1:4:0:2:1:2:3:1:1:,initialisation,5302.000769781163,
1:4:1:3:2:2:2:1:1:,initialisation,5024.0318268064975,
0:4:1:3:3:1:1:0:0:,initialisation,4799.923681596887,
0:4:1:3:3:1:1:0:0:,initialisation,4340.775175723583,
0:4:1:1:1:4:3:1:0:,initialisation,6514.524835560722,
1:4:0:3:2:2:2:0:1:,initialisation,5113.677474354794,
1:4:1:2:1:2:3:1:1:,initialisation,5510.932814564578,
1:4:0:3:3:1:2:1:1:,initialisation,5130.395490666342,
0:3:1:2:2:2:3:1:0:,initialisation,5293.194837069007,
0:4:1:2:2:3:3:1:0:,initialisation,5133.973343402105,
0:4:0:2:2:3:3:1:0:,initialisation,5614.992594397446,
0:4:1:2:2:3:2:0:0:,initialisation,5878.185020712625,
0:4:1:2:2:2:2:1:0:,initialisation,5146.500295227903,
1:4:0:3:3:2:2:0:1:,initialisation,5084.312313075457,
1:4:1:2:2:3:3:0:1:,initialisation,5994.447775522764,
1:4:0:3:3:0:1:0:1:,initialisation,5043.090974050672,
2:4:0:3:3:1:1:0:2:,initialisation,5579.8235215490195,
1:4:1:3:3:1:2:1:1:,initialisation,5214.525677432908,
1:4:1:2:2:3:2:1:1:,initialisation,5760.442278586449,
0:4:1:3:2:1:2:0:0:,initialisation,5164.293348869438,
0:4:1:2:2:2:3:1:0:,initialisation,5129.370362615235,
0:4:1:2:2:3:3:1:0:,initialisation,4933.7515056446255,
0:3:1:2:2:2:3:0:0:,initialisation,6019.341039234717,
1:4:0:4:4:0:0:0:2:,initialisation,5162.397405479103,
1:4:1:2:2:1:3:0:1:,initialisation,5529.724743418574,
1:4:0:3:2:3:2:1:1:,initialisation,5482.813090784228,
0:4:1:1:1:3:4:1:0:,initialisation,6350.993830418922,
0:4:1:1:1:3:4:0:0:,initialisation,5980.855978722425,
0:4:1:2:2:2:2:0:0:,initialisation,4749.70249419373,
1:4:1:3:4:1:1:0:1:,initialisation,4874.142122359541,
0:4:0:2:2:3:3:1:0:,initialisation,5382.485976364374,
1:4:0:2:1:3:3:1:1:,initialisation,5611.1368516105085,
1:4:0:2:2:2:2:1:1:,initialisation,4977.859030540888,
1:4:1:3:2:3:2:1:1:,initialisation,6195.70643969915,
0:4:1:2:2:2:3:1:0:,initialisation,5080.33529875883,
1:4:0:3:3:0:1:0:1:,initialisation,4558.83877734159,
0:3:1:1:0:4:4:1:0:,initialisation,5885.236256206956,
1:4:0:3:3:2:2:1:1:,initialisation,5231.198423747026,
1:4:1:2:2:3:2:1:1:,initialisation,5591.348626688798,
1:4:1:4:4:0:1:0:1:,initialisation,4928.736377358124,
1:4:1:2:2:1:2:1:1:,initialisation,4794.922896617246,
2:4:0:3:3:1:1:0:2:,initialisation,5545.60373743453,
1:4:0:4:4:2:1:0:1:,initialisation,5592.655481041433,
0:4:0:3:3:2:2:0:0:,initialisation,5318.765438160665,
0:3:1:1:1:3:4:1:0:,initialisation,5631.747729496459,
1:4:0:3:4:2:1:0:1:,initialisation,5837.835426150569,
0:3:1:2:1:3:3:0:0:,initialisation,6324.112801091414,
1:4:0:3:3:2:2:1:1:,initialisation,5041.266389118116,
1:4:1:3:2:2:2:1:0:,initialisation,5250.105566149609,
1:4:1:2:2:3:2:1:1:,initialisation,5393.430239725112,
0:4:1:2:1:3:3:0:0:,initialisation,5682.960008369575,
1:4:1:3:3:1:1:0:1:,initialisation,4511.091022121753,
0:3:1:2:1:3:3:0:0:,initialisation,6180.3351663536505,
0:3:1:1:1:2:3:0:0:,initialisation,5159.247578201215,
0:4:1:2:2:2:3:1:0:,initialisation,5059.19849217468,
1:4:1:3:3:3:2:0:1:,initialisation,6359.769606217842,
0:4:0:2:2:2:2:1:0:,initialisation,5312.996434797393,
0:4:1:2:2:1:2:0:0:,initialisation,4706.8349870908405,
1:4:1:3:2:2:2:0:1:,initialisation,4964.001869677453,
0:3:1:2:1:2:3:0:0:,initialisation,5888.126094835742,
1:4:0:4:4:1:0:0:1:,initialisation,5172.281935522076,
1:4:0:3:3:1:2:0:2:,initialisation,5480.781866312184,
1:4:0:2:2:3:3:1:1:,initialisation,5417.7752672399065,
1:4:1:4:4:1:1:0:1:,initialisation,5040.970671691767,
0:4:0:2:1:3:3:1:0:,initialisation,5311.452575596089,
1:4:1:2:1:2:3:1:1:,initialisation,5338.936041909521,
1:4:0:3:3:1:1:1:2:,initialisation,5611.136851610507,
0:4:1:1:1:3:3:0:0:,initialisation,5665.1506739390825,
1:4:0:3:3:2:2:0:1:,initialisation,5082.01687770868,
1:4:0:3:3:1:2:1:2:,initialisation,5611.136851610508,
1:4:0:2:1:3:3:1:1:,initialisation,5594.182846611502,
0:3:1:1:1:4:3:1:0:,initialisation,6217.974164751083,
0:4:1:2:2:2:2:1:0:,initialisation,5058.03805782831,
1:4:1:2:2:3:3:0:1:,initialisation,5654.466401562551,
1:4:0:3:4:1:1:0:1:,initialisation,4893.307745284609,
1:4:1:4:4:0:1:0:1:,initialisation,4918.615514221009,
0:4:1:1:1:3:3:1:0:,initialisation,5234.933306074602,
1:4:1:3:2:3:2:0:1:,initialisation,6259.106127040555,
1:4:0:3:3:2:1:1:2:,initialisation,5611.136851610508,
1:4:1:2:2:2:2:1:1:,initialisation,4819.928091396214,
1:4:1:2:2:2:2:1:0:,initialisation,5299.406511369243,
0:3:1:2:2:2:3:0:0:,initialisation,5320.440118083079,
1:4:0:3:3:1:1:0:2:,initialisation,5220.793282150832,
1:4:0:2:2:2:2:0:1:,initialisation,4757.693598828558,
1:4:1:3:2:1:2:1:1:,initialisation,5276.912331404198,
1:4:1:2:2:3:2:1:1:,initialisation,5282.786485752864,
1:4:1:2:1:2:3:0:1:,initialisation,5704.5353886461,
1:4:0:2:1:3:3:1:0:,initialisation,5390.987940169478,
0:4:0:2:2:2:2:1:0:,initialisation,5305.690953563527,
1:4:1:2:2:2:2:1:1:,initialisation,4647.574668780751,
0:3:1:2:2:3:3:1:0:,initialisation,5768.0292464316,
1:4:1:3:3:2:2:0:1:,initialisation,4943.729579604233,
0:4:1:3:3:1:1:0:1:,initialisation,5030.962829931416,
1:4:0:2:2:3:2:1:0:,initialisation,5421.425100854511,
0:3:0:1:1:3:3:1:0:,initialisation,5367.822132533704,
1:4:0:4:4:0:1:0:2:,initialisation,5081.2038646583305,
1:4:0:2:2:3:3:1:0:,initialisation,5410.957330365415,
1:4:0:2:2:2:3:1:0:,initialisation,5488.038145468629,
1:4:0:3:3:2:1:1:1:,initialisation,5110.589520925906,
1:4:1:2:1:2:3:1:1:,initialisation,5302.724033417627,
1:4:0:4:4:0:0:0:1:,initialisation,4717.64118270044,
1:4:0:3:2:1:2:0:1:,initialisation,4950.789880175002,
1:4:1:2:2:3:3:0:1:,initialisation,5530.067761478915,
0:4:1:2:1:3:3:1:0:,initialisation,5236.616682453894,
0:3:1:1:1:2:3:1:0:,initialisation,5861.468666900643,
1:4:0:2:2:2:3:0:1:,initialisation,5298.859783133907,
1:4:1:2:1:3:3:1:1:,initialisation,5353.85218981977,
1:4:0:3:3:1:1:0:1:,initialisation,4695.641206315214,
0:4:0:1:1:3:3:2:0:,initialisation,5611.136851610508,
0:4:1:2:2:2:3:0:0:,initialisation,4872.6935414987665,
1:4:0:3:3:2:2:0:2:,initialisation,5788.240484705549,
1:4:1:3:3:1:2:0:1:,initialisation,4817.242906616098,
1:4:1:3:4:1:1:0:1:,initialisation,4804.979399890117,
0:3:1:2:1:3:3:1:0:,initialisation,6125.049547372377,
1:4:1:2:1:2:3:1:1:,initialisation,5241.286888748993,
0:3:1:2:2:3:3:0:0:,initialisation,6001.045566675448,
1:4:0:1:1:3:3:1:0:,initialisation,5611.1368516105085,
1:4:0:3:2:2:2:1:1:,initialisation,5203.446327502489,
1:4:1:3:2:3:2:1:1:,initialisation,5466.291367052276,
0:4:1:2:2:2:2:0:0:,initialisation,4740.516563872323,
0:4:0:2:2:2:3:1:0:,initialisation,5107.676248158696,
2:4:0:3:3:2:2:0:2:,initialisation,5611.1368516105085,
0:4:1:2:1:3:3:1:0:,initialisation,5184.455266414547,
1:4:1:2:1:3:3:1:1:,initialisation,5312.8957066178455,
1:4:1:2:2:2:3:1:1:,initialisation,5007.366513047938,
0:3:1:2:2:2:3:0:0:,initialisation,4818.955033769781,
2:4:0:4:4:2:1:0:2:,initialisation,5611.136851610509,
1:4:1:3:3:2:2:1:1:,initialisation,5062.535544446985,
1:4:1:3:2:2:3:1:1:,initialisation,6586.203643821766,
1:4:0:4:4:1:1:0:2:,initialisation,5160.052477445614,
0:3:1:2:1:3:3:0:0:,initialisation,5667.929396040933,
0:4:1:1:1:3:3:1:0:,initialisation,5179.602221775057,
1:4:0:1:1:3:3:1:1:,initialisation,5071.858090199271,
1:4:1:4:4:2:1:0:1:,initialisation,5687.674393985636,
0:4:1:2:2:1:2:0:0:,initialisation,4566.92590930862,
1:4:1:2:2:2:2:1:0:,initialisation,5244.001539341663,
1:4:0:2:2:3:3:1:1:,initialisation,5399.201892204585,
1:4:0:2:1:3:3:1:0:,initialisation,5300.671503097721,
1:4:1:3:3:2:1:0:1:,initialisation,4902.915534018804,
0:4:1:2:2:2:2:1:0:,initialisation,4625.754727258426,
0:4:1:3:2:2:2:1:0:,initialisation,5433.251002214036,
0:4:0:2:2:3:3:0:0:,initialisation,5881.639867913831,
1:4:0:3:2:1:2:0:1:,initialisation,4775.4459337625585,
1:4:0:4:4:2:1:1:1:,initialisation,5834.099962304706,
0:3:1:2:1:2:3:1:0:,initialisation,6023.8612574496065,
0:4:1:2:1:3:3:0:0:,initialisation,5617.593309468927,
1:4:0:1:1:3:3:1:0:,initialisation,5564.8427836960755,
0:3:1:1:1:3:4:1:0:,initialisation,5204.364417358193,
1:4:1:3:3:3:2:0:1:,initialisation,5481.374733301713,
1:4:0:2:2:3:2:1:0:,initialisation,5304.569616188967,
0:4:1:1:1:3:4:1:0:,initialisation,5864.6565937608575,
1:4:1:2:1:2:3:1:1:,initialisation,5183.547884667488,
1:4:0:3:2:2:2:0:1:,initialisation,5097.438759931927,
1:4:0:3:3:1:1:0:2:,initialisation,4931.575217346984,
0:4:1:2:2:1:2:1:0:,initialisation,5019.153757731677,
1:4:0:4:4:1:1:1:2:,initialisation,5611.136851610508,
2:4:0:3:4:2:1:0:2:,initialisation,5611.136851610508,
1:4:0:2:2:1:2:0:1:,initialisation,4727.676977569885,
1:4:0:2:2:2:3:1:1:,initialisation,5217.826376269195,
0:3:1:2:1:2:3:1:0:,initialisation,5109.081006681188,
0:3:1:1:0:4:4:1:0:,initialisation,5841.914814478351,
0:4:1:2:2:3:2:1:0:,initialisation,5847.009392062944,
1:4:1:2:2:3:2:0:1:,initialisation,5455.543070674044,
0:4:1:3:3:2:2:0:0:,initialisation,5336.177675390721,
0:4:1:2:2:3:2:1:0:,initialisation,5327.8333504649045,
1:4:1:2:2:3:3:1:0:,initialisation,5114.2262265506815,
1:4:0:2:2:2:2:1:0:,initialisation,5063.021253444451,
1:4:0:3:2:2:2:0:1:,initialisation,4978.941141409088,
0:4:1:3:2:2:2:0:0:,initialisation,5351.478360713192,
1:4:0:2:2:2:2:1:1:,initialisation,4952.500663028468,
2:4:0:4:4:1:1:0:2:,initialisation,5152.0856249318695,
0:4:1:3:3:2:2:0:0:,initialisation,5123.678285493525,
1:4:0:2:2:3:3:0:1:,initialisation,5529.959039790027,
1:4:1:2:2:2:2:1:0:,initialisation,4949.3388766028,
1:4:1:2:2:2:3:1:0:,recombination,5157.579673183395,1:4:1:2:2:2:3:1:0,0:4:1:1:1:3:3:1:0,MUTATE
1:4:1:2:1:3:3:1:1:,recombination,5183.547884667488,1:4:0:4:4:1:1:0:2,1:4:1:2:1:2:3:1:1,MUTATE
0:4:1:2:2:2:2:0:0:,recombination,4668.4204713828185,0:4:1:2:2:2:2:0:0,1:4:0:2:2:2:2:0:1,MUTATE
1:4:0:2:2:3:3:1:1:,recombination,5081.589727112767,1:4:0:2:1:3:3:1:0,0:4:1:2:2:3:3:1:0,MUTATE
1:4:0:2:2:2:3:0:1:,recombination,5222.644383454588,1:4:1:2:1:3:3:1:1,1:4:0:2:2:2:3:0:1
1:4:1:2:1:3:3:1:0:,clone,5424.169162923721,1:4:1:2:1:3:3:1:0
0:3:1:1:1:3:3:1:0:,recombination,4916.605631845153,1:4:1:3:2:2:2:0:1,0:3:1:1:1:3:3:1:0
1:4:1:1:1:3:3:1:1:,clone,5146.241464478894,1:4:1:2:1:3:3:1:1
0:4:1:2:1:2:3:1:0:,recombination,4765.86991828079,0:4:1:2:2:2:2:0:0,0:4:0:1:1:3:3:1:0
0:3:1:1:0:3:4:1:0:,recombination,5389.291945487452,0:4:0:1:1:3:3:1:0,0:3:1:1:1:4:4:1:0,MUTATE
1:4:1:2:2:2:2:0:1:,recombination,4648.916399811941,0:4:1:2:2:2:2:0:0,1:4:1:3:2:3:2:1:1,MUTATE
0:4:1:2:1:2:3:0:0:,recombination,4685.073201627549,0:4:1:3:3:1:1:0:0,0:4:1:2:2:2:3:0:0,MUTATE
1:4:0:3:4:1:1:1:1:,recombination,5531.820214221642,1:4:0:3:3:1:1:1:1,1:4:1:3:4:0:1:0:1
1:4:0:2:2:2:2:1:1:,clone,4781.540856322954,1:4:0:2:2:2:2:1:1
1:4:0:2:2:3:3:1:0:,recombination,5232.539686977141,1:4:0:2:1:3:3:1:0,0:4:1:2:2:2:2:0:0,MUTATE
0:4:1:2:2:3:2:1:0:,recombination,5160.220655817689,0:4:1:2:2:2:2:1:0,1:4:1:3:3:2:1:0:1
1:4:1:2:2:2:3:1:0:,recombination,5035.662173196664,0:4:1:2:1:2:3:1:0,1:4:1:2:2:3:2:1:0
0:4:1:1:1:2:3:1:0:,recombination,4642.637247916347,0:4:1:2:2:2:3:0:0,0:4:1:2:2:2:2:1:0,MUTATE
1:4:0:2:2:2:2:0:1:,recombination,4572.612314914143,1:4:1:2:2:2:2:1:1,1:4:1:2:2:3:2:1:0,MUTATE
1:4:0:3:3:2:2:0:2:,recombination,5598.093023988153,2:4:0:3:3:2:2:0:2,1:4:0:2:1:3:3:1:1,MUTATE
0:2:1:0:0:4:4:2:0:,recombination,5530.387998982473,1:4:0:3:2:1:2:0:1,1:4:1:2:1:3:3:1:1,MUTATE
1:4:1:2:1:3:3:1:0:,clone,5310.1000906431545,1:4:1:2:2:2:3:1:0
0:3:1:0:0:4:4:1:0:,clone,5470.829079973537,0:3:1:0:0:4:4:1:0
0:4:0:2:2:3:2:1:0:,recombination,5239.212041572066,0:4:0:2:2:2:2:1:0,1:4:0:2:2:3:3:1:1
1:4:0:3:3:1:1:0:1:,recombination,4658.959029137344,1:4:0:3:3:1:1:0:1,0:4:1:1:1:3:3:1:0
1:4:0:3:3:2:2:0:1:,clone,4807.341754458294,1:4:0:2:2:2:2:0:1
1:4:1:3:2:2:2:1:1:,clone,5024.031826806497,1:4:1:3:2:2:2:1:1
1:4:0:3:2:1:2:0:1:,recombination,4633.298048110121,1:4:1:4:4:0:1:0:1,1:4:0:2:2:2:2:0:1
0:4:1:1:1:3:3:1:0:,recombination,4907.7369703556415,1:4:0:4:4:1:1:0:1,0:4:1:1:1:3:3:1:0
1:4:0:3:3:0:1:0:1:,recombination,4496.620569982206,1:4:0:3:3:0:1:0:1,0:4:0:2:2:3:3:1:0
2:4:0:3:4:0:1:0:2:,clone,5474.638487064433,2:4:0:3:3:1:1:0:2
1:4:0:4:4:1:0:0:2:,recombination,5170.650972780638,2:4:0:3:4:1:1:0:2,1:4:0:4:4:0:0:0:1
0:4:1:1:1:3:3:0:0:,recombination,5514.17598419857,0:4:1:3:2:2:2:0:0,0:3:1:1:1:2:3:0:0,MUTATE
0:3:1:1:1:3:4:1:0:,clone,5115.702624644396,0:3:1:1:1:3:4:1:0
0:4:1:1:1:3:3:1:0:,recombination,4893.127977885652,1:4:0:2:2:3:3:1:1,1:4:1:2:2:2:2:1:1,MUTATE
0:4:1:2:2:3:2:1:0:,clone,4887.366365332066,0:4:1:2:2:3:3:1:0
0:4:1:2:2:2:3:1:0:,recombination,4840.970295756,0:4:1:2:2:2:3:0:0,0:4:1:1:1:3:3:1:0
0:4:1:2:2:2:2:0:0:,clone,4640.374579975254,0:4:1:2:2:2:2:0:0
1:4:0:3:2:2:2:0:1:,clone,4976.882687748848,1:4:0:3:2:2:2:0:1
0:4:1:2:2:3:3:0:0:,recombination,5397.446918641079,0:4:1:2:2:2:2:1:0,1:4:1:2:2:2:3:0:1
1:4:1:2:1:2:3:1:1:,recombination,5000.854133139086,0:4:1:1:1:3:3:1:0,1:4:1:2:2:2:3:0:1,MUTATE
1:4:0:1:1:2:3:1:1:,recombination,4542.263827427027,1:4:0:3:3:1:1:0:1,1:4:0:1:1:3:3:1:1
1:4:1:3:3:2:2:1:1:,recombination,5036.46204872084,1:4:1:3:2:2:2:0:1,1:4:0:3:3:2:2:1:1
1:4:0:4:4:0:1:0:1:,recombination,5107.834033377857,1:4:0:4:4:0:1:0:1,1:4:0:3:3:1:1:0:1,MUTATE
0:4:1:2:2:3:2:0:0:,clone,4891.840030274002,0:4:1:2:2:3:3:1:0
0:4:1:1:1:4:4:1:0:,recombination,5970.439754416284,0:4:1:1:0:4:4:1:0,1:4:0:3:3:2:2:0:1
1:4:1:2:2:3:2:1:0:,clone,5258.1524732720845,1:4:1:2:2:3:2:1:1
1:4:1:2:1:3:3:1:0:,recombination,5179.307455430186,1:4:0:2:2:3:3:1:1,1:4:1:2:2:2:2:0:1,MUTATE
1:4:1:2:2:2:2:0:1:,recombination,4427.119053418798,1:4:0:3:3:1:1:0:1,0:4:1:2:2:2:2:0:0
0:4:1:2:2:3:3:1:0:,clone,4812.498710175741,0:4:1:2:2:3:3:1:0
0:3:1:1:0:4:4:1:0:,recombination,5483.7288086707495,1:4:0:4:4:1:1:1:2,0:3:1:0:0:4:4:1:0,MUTATE
0:3:1:2:1:3:3:1:0:,recombination,5768.0292464316,0:3:1:2:2:3:3:1:0,0:3:1:2:1:2:3:1:0
1:4:1:2:2:1:1:0:1:,recombination,4306.111837458146,1:4:0:2:1:3:3:1:1,1:4:0:3:3:0:1:0:1
0:4:0:2:1:2:3:1:0:,recombination,5263.638685806492,1:4:0:2:2:3:3:1:0,1:4:1:3:2:1:2:0:1,MUTATE
0:3:1:1:1:3:3:1:0:,clone,4817.116255001958,0:4:1:1:1:3:3:1:0
0:4:1:1:1:3:3:1:0:,recombination,4734.355114220673,1:4:1:2:2:2:2:1:1,1:4:1:2:2:2:3:1:0,MUTATE
1:4:1:2:2:2:3:1:0:,recombination,4856.919321385633,1:4:1:2:2:2:2:1:1,1:4:1:2:1:2:3:1:1,MUTATE
1:4:0:2:2:2:3:1:1:,clone,5204.72628599542,1:4:1:2:1:2:3:1:1
1:4:1:3:3:1:2:1:1:,clone,5028.647859407654,1:4:1:3:3:1:2:1:1
0:4:1:2:2:3:2:1:0:,recombination,4782.123127461965,0:4:1:2:2:3:3:1:0,1:4:1:4:4:1:1:0:1,MUTATE
0:4:1:2:1:3:3:1:0:,clone,4921.721363905385,0:4:1:2:2:3:2:1:0
1:4:0:2:2:3:3:1:0:,clone,5174.911959746661,1:4:1:2:2:3:3:1:0
0:3:1:1:0:3:4:1:0:,recombination,5007.380299559042,0:3:1:1:1:3:3:1:0,1:4:0:4:4:1:1:0:2,MUTATE
1:4:1:2:2:3:3:1:0:,clone,5002.84658162398,1:4:1:2:2:3:3:1:0
1:4:1:4:4:1:1:0:1:,clone,5002.892103761583,1:4:0:4:4:1:1:0:1
0:4:0:2:1:2:3:1:0:,recombination,5204.726213033504,1:4:0:4:4:0:1:0:1,0:4:0:2:1:2:3:1:0,MUTATE
1:4:1:2:2:3:2:1:1:,clone,5021.303299791814,1:4:1:2:2:3:3:1:0
0:4:1:2:2:2:2:0:0:,clone,4576.90411049915,0:4:1:2:2:1:2:0:0
0:4:0:2:1:3:3:1:0:,recombination,5250.094355056737,0:3:1:1:1:3:3:1:0,1:4:0:1:1:2:3:1:1,MUTATE
1:4:0:2:2:3:3:1:1:,clone,5054.118497030404,1:4:0:2:2:3:3:1:1
1:4:1:1:1:2:3:1:1:,clone,5509.925578760636,1:4:0:2:1:2:3:0:1
0:3:1:1:0:4:4:1:0:,clone,5007.380299559042,0:3:1:1:0:4:4:1:0
1:4:1:2:2:1:2:0:1:,recombination,4428.530030178327,1:4:1:2:2:3:2:1:0,0:4:1:2:2:2:2:0:0,MUTATE
1:4:0:4:4:1:0:0:2:,clone,5139.344684410222,1:4:0:4:4:1:0:0:2
0:4:1:1:1:3:4:0:0:,recombination,5300.900679418508,0:4:1:3:3:1:2:0:1,0:4:1:1:1:2:3:0:0
0:2:1:0:0:4:4:2:0:,clone,5383.390319533353,0:2:1:0:0:4:4:2:0
0:3:1:1:1:3:3:1:0:,clone,4798.364537359398,0:3:1:1:1:3:3:1:0
1:4:0:2:1:3:3:1:0:,recombination,5049.393821786957,2:4:0:3:3:2:2:0:2,0:4:1:2:2:3:3:1:0
1:4:1:2:2:3:2:1:0:,recombination,5124.302695038643,1:4:1:2:2:2:3:0:1,0:4:1:1:1:3:3:1:0,MUTATE
0:4:1:3:3:1:2:0:0:,clone,4829.756143944273,0:4:1:3:3:1:2:0:0
0:3:1:1:1:3:4:1:0:,clone,5054.106072346938,0:3:1:1:1:3:4:1:0
1:4:0:4:4:0:1:0:1:,clone,5107.834033377856,1:4:0:4:4:0:1:0:1
1:4:0:2:2:3:2:1:1:,clone,5054.780030989126,1:4:1:2:1:3:3:1:0
1:4:0:2:2:1:2:0:1:,clone,4704.426806029756,1:4:0:2:2:2:2:0:1
0:3:1:1:0:4:4:1:0:,clone,4798.364537359398,0:3:1:1:0:4:4:1:0
0:2:1:0:0:4:4:1:0:,recombination,5559.725785952421,0:2:1:0:0:4:4:2:0,0:3:1:1:1:2:3:0:0
0:4:1:3:3:1:1:0:1:,clone,4989.99822790656,0:4:1:3:3:1:1:0:1
0:4:0:2:2:3:3:1:0:,clone,5207.507636844715,0:4:1:2:2:3:3:1:0
0:4:1:2:2:1:2:0:0:,clone,4410.540142020562,0:4:1:3:3:1:1:0:0
0:3:1:1:1:4:3:1:0:,clone,5918.748110059528,0:3:1:1:1:4:3:1:0
0:4:1:2:1:2:3:1:0:,clone,4723.039719385399,0:4:1:1:1:2:3:1:0
1:4:0:4:4:0:0:0:2:,recombination,4733.363387327631,1:4:0:4:4:0:0:0:1,1:4:1:4:4:1:1:0:1,MUTATE
0:3:1:2:2:2:2:0:0:,clone,4849.209698163767,0:3:1:2:2:2:3:0:0
0:3:1:1:1:3:4:1:0:,clone,4933.5702488849365,0:3:1:1:0:4:4:1:0
0:4:1:2:2:2:3:0:0:,clone,4772.734081731328,0:4:1:2:2:2:2:0:0
0:3:1:1:1:2:3:1:0:,clone,5585.22433289529,0:3:1:1:1:2:3:1:0
1:4:0:4:4:0:0:0:1:,recombination,4611.7967861110155,1:4:0:4:4:0:0:0:2,1:4:0:4:4:0:1:0:2,MUTATE
1:4:1:2:2:2:2:0:1:,clone,4410.947783755612,1:4:1:2:2:2:2:0:1
0:3:1:1:1:4:4:1:0:,clone,5168.29968842909,0:3:1:1:1:3:4:1:0
1:4:0:2:2:2:2:1:1:,clone,4619.617893542101,1:4:0:2:2:2:2:1:1
1:4:1:3:2:2:2:0:1:,clone,4912.229905161927,1:4:1:3:2:2:2:0:1
0:3:1:1:1:4:3:1:0:,recombination,5631.80633876142,0:4:1:2:2:2:2:1:0,1:4:1:2:2:2:2:1:0,MUTATE
1:4:1:3:4:0:1:0:1:,clone,4817.384375106975,1:4:1:4:4:0:1:0:1
1:4:1:2:2:3:3:1:0:,recombination,5001.458131585817,1:4:1:3:3:2:1:0:1,1:4:1:2:2:2:2:1:1,MUTATE
0:3:1:1:1:4:3:1:0:,clone,5348.096763712787,0:3:1:1:1:4:3:1:0
1:4:1:3:2:2:2:1:1:,clone,4947.008096857846,1:4:1:2:2:2:2:1:1
0:2:1:1:0:4:4:1:0:,recombination,6250.811180895945,0:4:1:1:1:3:3:0:0,0:3:1:2:1:3:3:1:0,MUTATE
1:4:0:3:2:2:2:1:0:,recombination,5130.683656842578,1:4:1:3:2:3:2:1:1,1:4:0:3:4:1:1:0:1
1:4:1:4:4:1:1:0:2:,recombination,5400.241429567376,1:4:0:3:4:1:1:0:2,1:4:1:3:2:1:2:0:1,MUTATE
1:4:0:3:3:2:2:0:2:,clone,5546.40965323363,2:4:0:3:3:2:2:0:2
1:4:1:3:3:3:2:1:1:,clone,5481.374733301713,1:4:1:3:3:3:2:0:1
1:4:1:3:3:2:2:0:1:,clone,4886.322363661866,1:4:1:3:2:2:2:1:1
1:4:0:3:4:0:1:0:2:,clone,5474.638487064433,2:4:0:3:4:0:1:0:2
1:4:0:3:3:1:1:0:1:,recombination,4529.202513438418,1:4:1:3:3:1:2:0:1,1:4:0:4:4:0:0:0:1,MUTATE
0:4:1:1:1:4:3:1:0:,clone,5492.287451293745,0:4:1:1:1:3:3:1:0
1:4:1:2:2:2:2:1:0:,recombination,4913.494712068649,0:3:1:1:1:2:3:0:0,1:4:1:2:2:2:2:1:0,MUTATE
1:4:0:4:4:1:1:0:2:,clone,5128.238367437473,2:4:0:4:4:1:1:0:2
1:4:1:2:1:2:3:0:1:,clone,5704.535388646099,1:4:1:2:1:2:3:0:1
1:4:0:3:3:2:2:1:1:,clone,5026.324097845557,1:4:0:3:3:2:2:1:1
0:4:1:2:2:1:2:0:0:,clone,4372.172709151083,0:4:1:2:2:1:2:0:0
0:3:1:2:2:3:3:0:0:,clone,5887.192442012301,0:4:0:2:2:3:3:0:0
1:4:1:3:3:1:2:0:1:,recombination,4757.164341646874,1:4:1:3:3:1:1:0:1,0:4:1:2:2:2:3:1:0,MUTATE
1:4:1:2:2:1:2:0:1:,recombination,4300.456751189435,1:4:1:2:2:2:2:0:1,1:4:0:4:4:0:1:0:2
1:4:1:3:2:2:2:1:1:,clone,4932.065805585286,1:4:1:3:2:2:2:1:1
0:4:1:2:1:4:3:1:0:,clone,5656.511274198813,0:4:1:1:1:3:3:1:0
1:4:1:2:2:3:2:1:1:,recombination,4758.0137814310965,1:4:1:2:2:1:2:0:1,0:4:1:2:2:3:3:1:0
0:4:0:2:1:3:3:1:0:,recombination,4916.857110115741,1:4:1:2:1:2:3:1:1,1:4:0:2:1:3:3:1:0,MUTATE
1:4:1:3:3:1:1:0:1:,clone,4374.334139511337,0:4:1:2:2:1:2:0:0
0:4:0:2:1:2:3:1:0:,clone,5145.067916160273,0:4:0:2:1:2:3:1:0
0:3:1:1:1:4:3:1:0:,recombination,5067.691892591332,1:4:1:2:2:3:2:1:1,0:3:1:1:1:3:4:1:0
1:4:0:3:3:2:1:1:1:,recombination,5091.364626228313,1:4:1:3:3:1:2:1:1,1:4:1:3:3:3:2:0:1,MUTATE
0:3:1:1:0:4:4:2:0:,recombination,5388.41451719552,1:4:1:2:2:3:2:1:1,0:3:1:1:0:4:4:2:0,MUTATE
1:4:1:1:1:3:3:1:0:,recombination,5050.69263419191,0:3:1:1:0:4:4:1:0,1:4:0:2:2:3:3:1:1,MUTATE
0:4:1:1:1:3:3:0:0:,recombination,5258.39615664075,1:4:0:3:3:1:2:0:1,0:4:1:1:1:3:3:0:0
1:4:1:2:2:3:2:1:1:,clone,4734.20129033684,1:4:1:2:2:3:2:1:1
1:4:0:2:1:2:3:1:0:,clone,5406.95594851636,1:4:0:2:2:2:3:1:1
1:4:1:2:1:3:3:1:0:,recombination,5057.454834357458,1:4:1:2:2:1:2:0:1,0:3:0:1:1:3:3:1:0,MUTATE
0:4:1:1:1:4:3:1:0:,clone,5231.485790680631,0:4:1:1:1:3:3:1:0
1:4:1:1:1:2:3:1:1:,recombination,5188.484577035192,1:4:1:2:2:1:2:1:1,1:4:0:2:2:1:2:0:1,MUTATE
0:4:1:2:2:3:3:0:0:,clone,5335.797908583439,0:4:1:2:2:2:3:0:0
0:4:0:3:3:2:2:1:0:,recombination,5317.218888013863,1:4:0:3:3:1:2:1:1,1:4:0:2:2:2:3:1:1
0:4:1:1:1:3:4:1:0:,recombination,5511.013641333844,0:3:1:0:0:4:4:1:0,0:4:1:2:2:2:3:0:0,MUTATE
0:4:1:3:2:2:2:0:0:,clone,5200.242591679509,0:4:1:3:3:2:2:0:0
1:4:1:3:2:2:3:0:1:,clone,6497.553182013081,1:4:1:3:2:2:3:0:1
1:4:1:2:1:3:3:1:0:,recombination,5056.578719565942,0:4:1:2:1:2:3:0:0,1:4:1:3:2:2:2:0:1,MUTATE
0:4:1:1:1:3:3:0:0:,recombination,4670.373783091832,1:4:1:2:2:3:2:1:1,0:4:1:2:2:1:2:0:0
0:4:1:2:2:2:2:0:0:,recombination,4434.409830907591,0:3:1:2:2:2:2:0:0,0:4:1:2:2:2:3:0:0,MUTATE
1:4:0:3:4:0:1:0:2:,recombination,4713.7284848576355,1:4:1:2:2:3:2:1:1,1:4:0:3:3:1:1:0:2,MUTATE
0:4:1:1:1:3:4:0:0:,clone,5280.209298666815,0:4:1:1:1:2:3:0:0
1:4:0:3:3:2:1:1:1:,clone,5035.545009325337,1:4:0:3:3:2:2:1:1
0:3:1:0:0:4:4:2:0:,recombination,5175.532805619637,1:4:0:1:1:3:3:1:0,0:3:1:1:0:3:4:1:0
0:4:1:2:2:3:3:1:0:,recombination,4789.561509164939,1:4:1:2:2:3:2:1:1,0:4:0:2:2:1:2:0:0,MUTATE
1:4:0:3:2:2:2:0:1:,recombination,4976.882687748847,1:4:0:3:2:2:2:0:1,1:4:0:2:2:3:3:1:1,MUTATE
1:4:1:1:1:3:3:1:0:,recombination,4816.63562061561,1:4:0:1:1:2:3:1:1,0:4:0:1:1:3:3:2:0,MUTATE
1:4:1:2:2:3:2:1:1:,recombination,4715.903479278166,1:4:1:2:2:3:2:1:1,1:4:1:2:2:1:2:1:1
1:4:0:3:3:0:1:0:1:,clone,4476.672272960102,1:4:0:3:3:0:1:0:1
0:4:1:2:1:3:3:1:0:,clone,4789.561509164939,0:4:1:2:2:3:3:1:0
0:4:1:2:1:4:3:1:0:,clone,5524.328209031684,0:4:1:2:1:4:3:1:0
0:4:1:3:3:1:1:0:1:,clone,4711.65268545336,1:4:1:3:3:1:2:0:1
1:4:0:3:4:1:1:0:2:,clone,4995.3916509368155,1:4:0:3:3:1:1:0:2
1:4:0:2:2:2:2:1:0:,clone,5063.02125344445,1:4:0:2:2:2:2:1:0
0:4:0:2:2:2:2:1:0:,clone,5162.055349129359,0:4:0:3:3:2:2:1:0
0:2:1:0:0:4:4:2:0:,clone,5321.849359376634,0:2:1:0:0:4:4:2:0
0:3:0:2:2:2:3:1:0:,recombination,5156.080725504081,1:4:0:2:2:1:2:0:1,1:4:1:2:1:2:3:1:1
0:3:1:1:0:4:4:2:0:,clone,5318.75580036643,0:2:1:0:0:4:4:2:0
0:3:1:2:1:3:3:1:0:,recombination,5565.36136014904,0:4:1:2:2:3:2:1:0,0:4:1:2:1:2:3:0:0
0:3:1:1:0:4:4:2:0:,clone,5209.492488056524,0:3:1:1:0:4:4:1:0
0:4:1:1:0:3:4:1:0:,recombination,5364.108836210439,0:4:1:1:1:3:4:1:0,1:4:1:2:2:2:2:1:0,MUTATE
2:4:0:3:4:1:1:0:2:,clone,5120.236433499485,1:4:0:4:4:1:1:0:2
1:4:0:3:2:2:2:1:1:,recombination,5164.728195694959,1:4:1:3:2:2:2:1:1,1:4:0:4:4:2:1:1:1
1:4:0:4:4:0:1:0:1:,recombination,4774.121633460677,1:4:1:3:4:0:1:0:1,1:4:0:3:3:1:1:0:1,MUTATE
1:4:1:3:3:1:2:0:1:,clone,4697.8456464998635,1:4:1:3:3:1:1:0:1
0:4:1:2:2:2:2:0:0:,clone,4299.891849310689,0:4:1:2:2:2:2:0:0
0:4:0:1:1:3:3:1:0:,clone,5548.494411061067,0:4:0:1:1:3:3:2:0
0:2:1:0:0:4:4:1:0:,recombination,5154.246695972454,1:4:0:3:3:2:2:0:1,0:3:1:1:0:4:4:2:0,MUTATE
1:4:1:2:1:2:3:0:1:,recombination,5245.261875762612,0:3:1:1:1:2:3:1:0,1:4:0:3:3:1:2:0:1
0:3:1:2:1:3:3:1:0:,clone,5185.400042871701,0:4:1:1:1:3:3:1:0
0:3:1:1:1:2:3:1:0:,recombination,5576.488757939393,1:4:0:2:2:3:3:1:1,0:3:1:1:1:2:3:1:0
0:2:1:0:0:4:4:2:0:,recombination,5171.735008008649,0:3:1:1:1:4:3:1:0,1:4:1:3:3:2:2:0:1
1:4:1:2:2:3:2:0:1:,recombination,5166.325667654898,0:3:1:2:1:2:3:1:0,1:4:0:3:2:2:2:0:1
0:2:1:0:0:4:4:2:0:,recombination,5122.652730786092,0:3:1:1:0:4:4:1:0,0:2:1:0:0:4:4:2:0,MUTATE
0:4:1:3:2:2:2:0:0:,clone,5183.885664738165,0:4:1:3:2:2:2:0:0
1:4:1:2:2:2:3:1:1:,clone,4937.848396745919,1:4:0:2:2:2:2:1:1
0:3:1:1:1:3:3:1:0:,recombination,4740.475142164578,0:3:1:1:0:3:4:1:0,0:3:1:2:2:2:2:0:0,MUTATE
0:3:1:2:2:2:3:1:0:,recombination,5148.044452127917,0:3:1:2:1:2:3:1:0,1:4:0:4:4:0:1:0:1
0:4:1:1:0:4:4:1:0:,clone,5949.579291614605,0:4:1:1:0:4:4:1:0
1:4:1:3:4:1:1:0:1:,clone,4779.253780607416,1:4:1:3:4:1:1:0:1
0:2:1:0:0:4:4:1:0:,recombination,4954.001223075616,1:4:1:3:2:2:2:1:1,0:3:1:1:1:4:3:1:0
1:4:0:4:4:1:0:0:1:,recombination,5148.08011923823,0:4:1:2:1:2:3:1:0,1:4:0:4:4:1:0:0:1
1:4:1:3:2:2:2:0:1:,clone,4882.687148191646,1:4:1:3:2:2:2:0:1
0:4:1:3:3:2:2:0:0:,recombination,5113.229787816811,1:4:1:4:4:2:1:0:1,0:4:1:3:2:2:2:0:0,MUTATE
1:4:1:4:4:1:1:0:1:,clone,4888.822344691187,1:4:1:3:4:1:1:0:1
0:4:1:3:3:2:2:1:0:,recombination,6266.947966809138,1:4:1:3:2:3:3:1:0,0:4:1:3:2:2:2:0:0,MUTATE
0:4:1:1:0:3:4:1:0:,clone,5321.084189455622,0:4:1:1:0:3:4:1:0
0:3:1:1:1:2:3:1:0:,clone,5136.496326049038,0:3:1:1:1:2:3:1:0
0:3:0:1:1:3:3:2:0:,clone,5641.786953056597,0:3:0:1:1:3:3:2:0
0:4:1:2:1:3:3:1:0:,recombination,4770.541778427724,0:4:1:2:2:3:3:1:0,0:4:1:2:2:2:2:0:0
0:3:1:2:2:2:2:1:0:,clone,5580.063318431463,0:3:1:2:2:2:2:1:0
0:3:1:0:0:4:4:1:0:,clone,5469.352532685297,0:3:1:0:0:4:4:1:0
0:4:0:1:1:3:3:1:0:,clone,5313.195812715244,0:3:0:1:1:3:3:1:0
0:4:1:3:2:2:2:0:0:,recombination,5173.6696980265015,1:4:0:3:2:2:2:0:1,0:4:1:3:3:2:2:0:0
0:3:1:2:1:2:3:1:0:,recombination,4854.64667724014,0:3:1:1:1:3:3:1:0,0:4:1:2:2:3:3:1:0,MUTATE
0:4:1:1:0:4:4:1:0:,clone,5823.3545099099265,0:4:1:1:0:4:4:1:0
1:4:1:2:2:1:1:0:1:,clone,4286.163540436042,1:4:1:2:2:1:1:0:1
1:4:1:3:2:3:2:0:1:,recombination,5834.096228907067,0:3:1:2:2:2:2:0:0,1:4:0:2:1:3:3:1:1,MUTATE
0:3:1:0:0:4:4:1:0:,recombination,5249.752091269716,1:4:1:2:2:2:3:1:1,0:4:1:1:1:3:3:1:0
1:4:1:2:2:2:2:1:0:,recombination,4782.741452584377,1:4:0:2:2:2:2:1:1,0:3:1:1:1:3:4:1:0
0:3:0:1:1:3:3:2:0:,clone,5476.618870013605,0:3:0:1:1:3:3:2:0
0:3:0:2:1:3:3:1:0:,recombination,5146.657109018555,1:4:1:2:2:3:2:0:1,0:4:1:1:1:3:3:1:0,MUTATE
1:4:0:2:2:3:2:1:0:,clone,5225.101431780373,1:4:0:2:2:2:2:1:1
0:4:1:1:1:2:3:0:0:,recombination,5017.070297273387,0:4:1:1:1:3:4:0:0,0:4:1:3:3:1:1:0:0
1:4:0:2:2:3:2:1:0:,clone,5186.972570416905,1:4:0:2:2:3:2:1:0
0:3:1:2:2:3:3:1:0:,recombination,5678.340998370909,1:4:0:2:2:2:3:1:1,1:4:0:4:4:1:1:0:1,MUTATE
0:2:1:1:0:4:4:1:0:,recombination,5757.272043312886,1:4:0:2:1:2:3:1:1,0:2:1:0:0:4:4:2:0
1:4:1:2:2:1:3:0:1:,clone,5452.324002163008,1:4:1:2:2:1:3:0:1
1:4:0:2:1:2:3:1:1:,clone,5085.618281995421,1:4:0:2:2:2:2:1:1
0:3:1:2:1:3:3:0:0:,recombination,5523.492871682715,0:3:1:1:1:4:4:1:0,0:4:1:3:2:1:2:0:0
0:4:1:1:0:4:4:1:0:,recombination,5661.012160695948,1:4:0:2:2:2:3:0:1,0:4:1:1:1:3:3:1:0,MUTATE
0:4:0:1:1:3:3:1:0:,clone,5216.639515725616,0:4:0:1:1:3:3:1:0
0:2:1:1:0:4:4:1:0:,recombination,5551.865438265489,1:4:0:3:3:2:2:0:1,0:4:1:2:2:2:3:1:0
1:4:0:2:2:2:3:1:0:,clone,4806.603190884556,0:4:1:1:1:2:3:1:0
0:4:0:2:2:2:2:0:0:,clone,5009.29819823201,0:4:0:2:2:2:2:0:0
1:4:0:2:2:2:2:1:0:,clone,4543.320798739859,1:4:0:2:2:2:3:1:0
1:4:1:2:2:3:2:1:0:,recombination,5110.529347078455,1:4:0:2:1:3:3:1:0,1:4:0:2:2:3:2:1:0,MUTATE
0:4:1:2:2:2:2:1:0:,recombination,4576.9462857306335,1:4:1:2:2:1:2:0:1,1:4:0:3:4:0:1:0:2,MUTATE
1:4:1:2:2:3:3:1:0:,clone,4847.920223571626,1:4:0:2:2:2:2:1:0
0:4:1:1:1:3:4:1:0:,recombination,5329.564677173518,0:3:1:1:0:4:4:1:0,0:4:1:2:2:2:2:1:0
0:4:1:1:1:3:4:1:0:,recombination,5268.235470381512,1:4:1:2:2:2:3:1:0,0:4:1:1:1:3:4:1:0
0:4:1:1:1:2:3:1:0:,clone,4493.9284847787585,0:4:1:2:1:2:3:1:0
0:4:1:2:1:3:3:0:0:,recombination,5276.4933393238525,0:3:1:2:1:3:3:1:0,0:3:1:1:1:3:3:0:0
0:3:1:0:0:4:4:1:0:,clone,5146.485789234445,0:3:1:1:0:4:4:1:0
0:3:0:2:2:3:3:1:0:,recombination,5600.568612101074,0:3:1:2:2:3:3:0:0,1:4:0:2:2:3:3:1:1,MUTATE
0:3:1:1:1:3:3:1:0:,clone,4546.6496288015915,0:4:1:2:1:3:3:1:0
0:4:1:1:1:3:4:1:0:,recombination,5201.524696759167,0:4:1:2:1:3:3:0:0,1:4:1:3:3:1:2:0:1
0:4:0:2:2:3:2:1:0:,clone,5186.972570416905,1:4:0:2:2:3:2:1:0
0:3:1:2:1:3:3:1:0:,clone,4891.840030274002,0:3:1:2:1:3:3:1:0
1:4:1:2:1:2:3:1:0:,recombination,5058.140747925173,1:4:1:2:2:2:2:0:1,0:2:1:1:0:4:4:1:0
1:4:0:2:1:2:3:1:0:,clone,5085.618281995421,1:4:0:2:1:2:3:1:1
0:4:1:1:1:4:4:1:0:,recombination,5837.459211550019,0:3:1:0:0:4:4:1:0,0:3:1:1:1:3:4:0:0,MUTATE
0:4:0:2:2:2:2:1:0:,recombination,4927.372419648097,1:4:0:2:2:1:2:0:1,0:4:0:2:2:3:2:1:0
0:4:1:3:3:1:1:1:0:,clone,5098.457807033504,0:4:1:3:3:1:2:1:0
0:4:0:2:1:2:3:1:0:,recombination,4926.095563577228,0:3:1:0:0:4:4:1:0,0:4:0:2:2:1:2:0:0
0:3:1:1:1:2:3:1:0:,recombination,4933.459390669635,0:4:1:3:3:1:1:0:1,1:4:1:2:2:2:2:1:1
1:4:1:4:4:1:1:0:1:,clone,4853.8940120818625,1:4:1:3:4:1:1:0:1
0:4:1:1:1:3:4:1:0:,clone,4926.615990675663,0:3:1:1:0:4:4:1:0
0:3:1:1:1:3:3:1:0:,recombination,4517.714223479877,1:4:1:2:2:2:2:1:0,0:4:1:2:1:3:3:1:0,MUTATE
0:4:1:1:1:4:3:1:0:,recombination,5104.746347461845,1:4:0:1:1:3:3:1:1,1:4:0:3:3:2:1:1:1
0:4:0:2:2:3:2:1:0:,recombination,5034.989075880149,0:4:0:2:1:2:3:1:0,1:4:0:3:2:2:2:1:1,MUTATE
0:3:1:2:2:2:3:1:0:,recombination,5137.920893501941,1:4:0:3:2:2:2:0:1,0:4:0:3:3:1:2:0:0
1:4:1:3:2:1:2:0:1:,recombination,4718.569943330574,1:4:1:2:2:3:2:1:0,1:4:0:4:4:0:1:0:1
0:4:1:1:1:2:3:0:0:,recombination,4875.766029602709,0:3:1:1:1:2:3:1:0,1:4:1:2:2:1:2:0:1
1:4:1:2:1:3:3:0:1:,recombination,5569.602339148579,0:3:1:1:1:2:3:0:0,1:4:0:2:2:2:3:0:1
0:3:0:2:1:3:3:1:0:,recombination,4926.095563577228,0:4:1:2:2:2:2:0:0,0:4:0:2:1:2:3:1:0
0:3:0:1:1:3:3:1:0:,clone,5080.669318064823,0:3:0:1:1:3:3:1:0
0:3:1:1:1:2:3:1:0:,recombination,4744.565210276981,1:4:0:3:3:2:2:0:1,0:3:1:1:1:3:3:1:0,MUTATE
0:4:1:1:1:4:4:1:0:,recombination,5417.089803402792,0:4:1:1:1:3:3:0:0,0:4:1:1:1:4:3:1:0
1:4:0:3:3:0:1:0:2:,clone,5435.842475748323,1:4:0:3:3:0:1:0:1
0:4:1:1:1:4:4:1:0:,recombination,5321.719391059057,0:2:1:0:0:4:4:1:0,0:4:1:2:1:3:3:0:0
0:4:1:3:2:1:2:1:0:,clone,5109.777644517089,0:4:1:3:3:1:1:1:0
0:4:0:2:2:3:3:1:0:,recombination,5086.241963610818,1:4:0:2:1:3:3:1:0,0:4:0:2:1:2:3:1:0
1:4:0:2:1:3:3:1:1:,recombination,5325.073205948185,1:4:1:2:2:3:3:0:1,1:4:1:2:2:2:2:1:1
0:3:1:1:1:4:3:1:0:,recombination,4951.057519113559,0:4:1:2:2:2:2:0:0,0:4:0:2:2:3:3:1:0,MUTATE
0:3:1:1:1:3:3:0:0:,recombination,5267.805443257371,1:4:0:2:1:3:3:1:0,0:4:1:2:1:3:3:0:0
0:4:1:1:1:2:3:0:0:,clone,4555.571160902285,0:4:1:1:1:2:3:0:0
0:3:1:1:1:3:3:0:0:,clone,5089.056322994771,0:3:1:1:1:3:3:0:0
0:3:0:1:1:3:3:1:0:,clone,4847.394370787614,0:3:0:1:1:3:3:1:0
0:3:1:1:1:4:3:1:0:,recombination,4844.600253583859,0:4:1:2:2:2:2:1:0,0:4:0:2:1:2:3:1:0
0:3:1:1:1:4:3:1:0:,recombination,4717.769963522075,1:4:0:2:2:3:3:1:0,0:3:1:1:1:4:3:1:0,MUTATE
0:4:1:2:1:2:3:0:0:,recombination,4639.446924606268,0:4:1:1:1:2:3:0:0,0:4:1:3:3:2:2:0:0,MUTATE
0:3:0:1:1:4:3:1:0:,recombination,5650.159201619925,0:4:0:2:2:3:3:1:0,1:4:1:2:2:3:2:1:1
1:4:0:4:4:1:1:1:1:,clone,5561.796103281077,1:4:0:4:4:1:1:1:1
0:4:0:3:2:2:2:0:0:,recombination,5329.846883919155,0:3:1:2:1:3:3:1:0,1:4:0:3:3:1:1:0:1
0:3:1:1:1:4:4:1:0:,clone,4851.621432787661,0:3:1:1:1:4:4:1:0
1:4:0:4:4:2:1:0:1:,clone,5550.74400567081,1:4:0:4:4:2:1:0:1
0:3:1:0:0:3:4:1:0:,recombination,5082.54448925761,0:4:1:3:3:1:2:0:0,1:4:1:2:1:3:3:1:1,MUTATE
0:3:1:0:0:4:4:1:0:,clone,4926.615990675663,0:3:1:0:0:4:4:1:0
1:4:0:4:4:1:0:0:1:,recombination,5002.854028697311,1:4:0:4:4:1:0:0:1,1:4:0:4:4:0:1:0:1
0:4:1:3:3:1:2:0:0:,clone,4818.441245225693,1:4:1:3:3:0:1:0:1
0:3:1:0:0:4:4:1:0:,recombination,4872.071448777539,0:3:1:0:0:4:4:1:0,0:3:0:1:1:3:3:2:0
1:4:1:3:3:1:2:0:1:,clone,4666.716226701449,0:4:1:2:2:1:2:0:0
0:4:1:3:3:1:2:0:0:,clone,4666.716226701449,1:4:1:3:3:1:2:0:1
0:3:1:1:1:4:4:1:0:,clone,4772.223048956486,0:3:1:1:1:4:4:1:0
0:2:1:0:0:4:4:1:0:,clone,4839.036894117131,0:2:1:0:0:4:4:1:0
1:4:1:3:3:1:2:1:1:,recombination,4959.155939921589,1:4:1:3:3:3:2:0:1,1:4:0:4:4:0:1:0:1,MUTATE
0:2:1:1:0:3:4:1:0:,recombination,5046.858206960946,0:4:1:2:1:2:3:0:0,1:4:0:3:2:2:2:0:1,MUTATE
0:2:1:1:1:3:4:1:0:,clone,5119.235151067609,0:2:1:1:1:3:4:1:0
0:3:1:1:1:3:4:0:0:,recombination,5203.902534916535,1:4:1:3:3:1:2:0:1,0:4:1:1:1:3:4:1:0,MUTATE
1:4:0:3:3:1:2:1:1:,clone,5008.068110671272,1:4:1:3:3:1:2:0:1
1:4:0:3:4:1:1:1:1:,clone,5480.833050841791,1:4:0:4:4:1:1:0:2
1:4:1:1:1:4:3:1:0:,clone,6311.89964019044,1:4:1:2:1:4:3:1:1
0:2:1:0:0:3:4:1:0:,clone,4921.0820045710825,0:2:1:0:0:4:4:1:0
0:4:1:2:2:4:3:1:0:,clone,6003.339717644962,0:4:1:2:1:4:3:1:0
0:2:1:1:0:4:4:2:0:,recombination,6134.389738188485,0:3:1:2:1:2:3:1:0,1:4:1:3:2:2:2:1:1,MUTATE
0:3:0:1:1:4:4:2:0:,recombination,5376.407412066357,1:4:1:2:1:2:3:1:1,0:3:0:1:1:3:3:2:0,MUTATE
0:3:0:2:2:3:3:1:0:,clone,5553.652336611309,0:3:0:2:2:3:3:1:0
0:2:1:1:1:4:3:1:0:,recombination,4918.424499200508,1:4:1:2:2:1:2:0:1,0:4:1:2:2:2:3:1:0
0:2:1:1:0:4:4:1:0:,recombination,5258.391839692364,0:3:1:0:0:4:4:1:0,0:4:1:1:1:4:4:1:0
0:4:1:1:0:2:4:1:0:,recombination,4785.89890347358,1:4:1:3:3:1:2:0:1,1:4:1:2:1:3:3:1:1,MUTATE
0:2:1:1:0:4:4:1:0:,clone,4971.002680380195,0:2:1:1:0:4:4:1:0
0:2:1:1:0:4:4:1:0:,recombination,4893.695175760059,1:4:1:1:1:2:3:1:1,0:2:1:0:0:4:4:1:0,MUTATE
1:4:1:3:3:0:0:0:1:,recombination,4071.864947654582,1:4:1:3:4:0:0:0:1,1:4:0:3:3:2:2:0:2,MUTATE
0:3:1:1:0:3:4:1:0:,clone,4964.38242191346,0:3:1:1:0:3:4:1:0
1:4:0:2:2:3:2:1:0:,clone,5027.953477382949,1:4:0:2:2:3:3:1:0
1:4:1:4:4:0:0:0:1:,clone,4320.821350638033,1:4:1:3:4:0:0:0:1
0:3:1:1:0:3:4:1:0:,recombination,4637.463891761377,0:3:1:1:1:2:3:1:0,0:4:1:1:0:4:4:1:0
1:4:0:3:3:1:1:1:1:,clone,5441.202994434552,1:4:0:3:3:1:1:1:1
0:4:1:1:0:3:4:1:0:,recombination,5265.277463680275,1:4:0:2:2:3:2:0:1,0:4:1:1:1:2:3:0:0,MUTATE
0:3:1:2:1:2:3:0:0:,clone,5888.126094835741,0:3:1:2:1:2:3:0:0
0:4:1:3:2:1:2:0:0:,recombination,5143.135843626644,0:4:1:3:2:1:2:0:0,0:4:1:1:0:3:4:1:0,MUTATE
0:2:1:1:1:4:3:1:0:,clone,4918.424499200507,0:2:1:1:1:4:3:1:0
0:4:1:3:3:2:2:1:0:,recombination,5237.915790717785,1:4:1:1:1:2:3:1:1,1:4:1:3:3:1:2:1:1,MUTATE
0:2:1:0:0:4:4:1:0:,recombination,4738.238130898141,0:3:1:1:1:4:4:1:0,1:4:1:2:2:2:3:1:0
0:4:1:1:0:3:4:1:0:,clone,4815.44166044386,0:4:1:1:0:3:4:1:0
0:2:1:1:1:4:4:1:0:,clone,5064.0069013090315,0:2:1:1:1:4:3:1:0
0:3:1:0:0:3:4:1:0:,clone,4983.344080016222,0:3:1:0:0:3:4:1:0
0:4:1:1:1:3:3:1:0:,recombination,4639.6936761520565,1:4:0:3:3:1:1:0:1,0:3:1:1:0:3:4:1:0,MUTATE
0:3:1:0:0:3:4:1:0:,clone,4975.061737651388,0:3:1:0:0:3:4:1:0
0:3:1:0:0:4:4:1:0:,recombination,4786.493895848146,0:4:1:1:1:3:3:0:0,0:4:0:1:1:3:3:2:0,MUTATE
1:4:0:3:4:0:0:0:1:,clone,4567.955708085433,1:4:1:3:3:0:0:0:1
0:3:0:1:1:4:3:1:0:,recombination,5522.578735759121,1:4:1:2:1:3:3:1:0,2:4:0:3:4:0:1:0:2,MUTATE
0:3:1:1:0:4:4:2:0:,recombination,5092.899145459477,1:4:1:2:1:3:3:1:0,0:3:0:2:1:3:3:1:0,MUTATE
0:2:1:1:0:4:4:1:0:,recombination,4851.259733385917,0:2:1:1:0:4:4:1:0,0:2:1:1:0:4:4:1:0,MUTATE
0:4:1:2:2:1:2:1:0:,clone,4810.2008058336505,0:4:1:2:2:2:2:1:0
0:4:1:2:2:1:2:1:0:,recombination,4712.258900937895,1:4:1:4:4:0:0:0:1,1:4:0:3:3:1:2:1:1
0:3:1:2:1:2:3:1:0:,recombination,4849.667539033969,1:4:0:3:4:0:0:0:1,0:2:1:0:0:4:4:2:0
1:4:0:3:3:3:2:1:1:,recombination,5387.667996803612,0:4:1:2:2:1:2:0:0,1:4:0:3:3:3:2:1:1
0:2:1:1:0:4:4:1:0:,recombination,4840.4691357477395,1:4:1:2:1:2:3:1:0,0:3:1:1:1:4:3:1:0,MUTATE
1:4:1:1:1:2:3:1:0:,recombination,5728.667461664731,0:4:1:1:0:4:4:1:0,1:4:1:2:1:3:3:0:1,MUTATE
1:4:0:1:1:3:3:1:0:,clone,5484.580473985312,1:4:0:1:1:3:3:1:0
1:4:0:2:1:2:3:1:1:,recombination,5025.338936378271,1:4:1:3:3:1:2:0:1,1:4:0:1:1:3:3:1:1,MUTATE
0:4:1:1:0:4:4:1:0:,clone,5305.717075113979,0:4:1:1:0:4:4:1:0
0:3:0:1:0:4:4:1:0:,recombination,5637.543923072934,1:4:0:2:2:3:3:1:1,0:4:1:1:1:3:3:1:0,MUTATE
0:4:1:1:0:4:4:1:0:,clone,5305.717075113977,0:4:1:1:0:4:4:1:0
1:4:0:3:2:2:2:1:1:,recombination,5005.171955406142,1:4:0:3:4:1:1:0:1,1:4:0:4:4:0:1:0:1,MUTATE
1:4:0:2:2:1:2:1:1:,recombination,4829.359400347682,0:3:1:2:1:2:3:1:0,0:4:0:1:1:3:3:1:0,MUTATE
0:3:1:1:1:4:3:2:0:,clone,5161.348723144914,0:3:0:1:1:4:4:2:0
1:4:0:1:1:2:3:1:0:,recombination,5253.783825030247,1:4:1:3:3:1:1:0:1,1:4:0:1:1:3:3:1:0,MUTATE
0:3:0:1:1:4:4:2:0:,clone,5376.407412066356,0:3:0:1:1:4:4:2:0
1:4:1:3:3:2:2:1:1:,clone,4974.298579055178,1:4:0:3:2:2:2:1:1
0:3:1:2:1:2:3:1:0:,recombination,4843.6367662057355,1:4:1:1:1:4:3:1:0,0:3:1:2:1:2:3:1:0
0:3:0:1:1:4:4:1:0:,clone,5536.887481325512,0:3:0:1:1:4:4:1:0
0:3:0:1:0:3:4:1:0:,recombination,5776.370750799553,1:4:0:2:1:2:3:1:1,1:4:0:1:1:2:3:1:1,MUTATE
0:4:1:3:2:2:2:1:0:,clone,5010.7378476330005,0:4:1:3:2:2:2:1:0
0:4:0:1:1:2:3:1:0:,recombination,5170.57341018431,1:4:0:3:3:1:1:0:1,1:4:0:2:2:2:3:0:1,MUTATE
0:4:0:2:2:3:3:0:0:,clone,5429.400740630012,0:4:0:2:2:3:3:1:0
1:4:1:1:1:4:3:1:0:,clone,6287.26562770966,0:4:1:1:1:4:3:1:0
1:4:0:3:3:2:1:0:1:,recombination,4809.014281593681,1:4:0:3:3:1:2:0:1,1:4:1:4:4:2:1:0:1
1:4:1:3:2:3:2:1:0:,recombination,6090.681004475637,1:4:0:2:1:2:3:1:1,1:4:0:4:4:1:1:0:1,MUTATE
0:4:0:1:1:2:3:1:0:,clone,5170.573410184308,0:4:0:1:1:2:3:1:0
0:3:1:1:1:4:4:2:0:,clone,5710.7949175691965,0:3:0:1:1:4:4:2:0
0:4:0:1:1:3:3:1:0:,recombination,5170.573410184312,1:4:0:1:1:3:3:1:0,0:4:0:3:3:2:2:1:0
0:3:1:1:1:2:3:1:0:,recombination,4697.527758823685,1:4:1:4:4:0:0:0:1,1:4:0:2:2:2:2:0:1
1:4:0:3:3:1:1:1:1:,recombination,5316.660223421125,1:4:0:3:4:1:1:1:2,1:4:1:3:3:1:1:0:1
0:3:1:1:1:2:3:1:0:,clone,4646.125401976897,0:3:1:1:1:2:3:1:0
1:4:1:3:3:2:1:0:1:,clone,4809.014281593681,1:4:1:3:3:2:1:0:1
0:3:1:1:1:2:3:1:0:,clone,4614.698672730046,0:3:1:1:1:2:3:1:0
0:3:1:2:2:2:2:1:0:,clone,5335.373589005657,0:4:1:2:2:2:3:1:0
0:4:0:1:1:3:3:1:0:,clone,5052.64609800116,0:3:1:1:1:3:4:1:0
0:4:1:2:1:2:3:1:0:,clone,4694.865573942073,0:3:1:1:1:2:3:1:0
0:2:1:0:0:4:4:2:0:,clone,5026.157570548371,0:2:1:0:0:4:4:2:0
1:4:1:2:1:2:3:0:1:,clone,4914.852505278047,1:4:1:2:2:2:3:0:1
0:2:1:1:0:4:4:2:0:,recombination,5769.133168354992,1:4:1:2:2:3:2:1:1,0:4:1:1:1:3:3:1:0
0:2:1:1:0:4:4:2:0:,clone,5654.793063234274,0:2:1:0:0:4:4:2:0
0:3:1:2:2:3:3:1:0:,recombination,5523.955335031611,1:4:0:2:2:3:2:0:1,0:3:1:2:2:2:2:1:0,MUTATE
0:3:1:2:1:2:3:1:0:,recombination,4836.920369791044,0:3:1:2:1:2:3:1:0,1:4:1:3:3:1:2:1:1
0:2:1:1:0:4:4:2:0:,recombination,5537.660892685181,1:4:0:2:2:2:3:1:1,0:3:1:1:1:4:3:1:0
0:2:1:1:0:4:4:2:0:,recombination,5488.39678458254,0:4:1:2:2:2:3:1:0,0:4:1:3:3:1:2:0:0,MUTATE
0:3:1:2:1:2:3:1:0:,clone,4743.954181481116,0:3:1:1:1:2:3:1:0
0:2:1:0:0:3:4:1:0:,clone,4897.598599994586,0:2:1:0:0:3:4:1:0
0:2:1:1:0:4:4:2:0:,clone,5222.105925008886,0:2:1:0:0:4:4:2:0
1:4:0:3:2:3:2:1:1:,clone,5467.375423120829,1:4:0:3:2:3:2:1:1
0:2:1:0:0:4:4:2:0:,recombination,4927.673411984322,0:3:1:1:1:4:3:1:0,1:4:1:3:2:2:2:1:1,MUTATE
1:4:0:4:4:0:0:0:2:,clone,4216.236382673953,0:2:1:0:0:4:4:1:0
2:4:0:4:4:0:0:0:2:,clone,4236.735303472013,2:4:0:4:4:0:0:0:2
1:4:0:4:4:1:1:1:1:,clone,5412.174317027478,1:4:0:3:3:1:1:1:1
0:2:1:0:0:4:4:2:0:,clone,4864.478123274577,0:2:1:0:0:4:4:1:0
1:4:0:3:3:1:1:1:1:,recombination,5286.717088994393,1:4:0:4:4:1:1:1:1,0:4:1:3:3:2:2:0:0,MUTATE
1:4:1:1:1:2:3:1:0:,clone,5249.197595707314,1:4:1:1:1:2:3:1:0
0:2:1:1:0:4:4:2:0:,recombination,5165.185594885946,0:4:1:1:1:4:4:1:0,0:3:1:1:1:3:4:0:0,MUTATE
1:4:0:3:4:0:0:0:1:,clone,4556.167765024564,1:4:0:4:4:0:0:0:2
1:4:0:3:4:0:0:0:1:,clone,4554.865675489399,1:4:0:3:4:0:0:0:1
1:4:0:3:3:0:0:0:1:,clone,4507.391368386616,1:4:0:3:4:0:0:0:1
1:4:0:2:2:3:2:1:0:,recombination,4994.017137303668,1:4:1:2:2:2:2:1:1,0:4:0:2:2:3:3:0:0
1:4:0:3:3:0:0:0:1:,clone,4483.07309774939,1:4:0:3:3:0:0:0:1
1:4:0:3:4:0:1:0:1:,clone,4830.99889450257,1:4:0:3:3:0:1:0:1
1:4:0:3:3:1:1:0:1:,recombination,4394.954529705605,1:4:0:2:2:2:2:1:1,1:4:1:2:2:2:2:1:0
0:2:0:1:0:4:4:2:0:,clone,5609.389101085373,0:3:1:1:0:4:4:1:0
1:4:0:2:2:3:3:1:0:,recombination,4976.2010773566,1:4:0:1:1:3:3:1:1,1:4:1:4:4:0:0:0:1
1:4:0:3:3:2:2:0:1:,recombination,4766.472021726799,1:4:0:2:2:3:2:1:0,1:4:1:2:2:2:3:1:1,MUTATE
1:4:0:4:4:1:0:0:1:,recombination,4843.794396360108,0:4:1:3:3:1:1:0:0,0:3:0:1:1:3:3:2:0
1:4:0:3:4:1:1:1:1:,clone,5412.174317027478,1:4:0:3:4:1:1:1:1
1:4:1:1:1:2:3:1:1:,clone,5170.007198214309,1:4:1:2:1:2:3:1:1
0:3:1:1:1:3:4:2:0:,recombination,5509.2106611257495,0:2:1:1:1:4:3:1:0,0:3:1:1:1:3:3:0:0,MUTATE
0:3:1:2:1:4:3:1:0:,recombination,6170.9737029464195,1:4:0:2:2:3:2:1:1,1:4:1:3:3:1:2:0:1,MUTATE
1:4:1:2:2:2:3:1:1:,recombination,4817.804762675162,1:4:1:2:1:3:3:1:1,2:4:0:4:4:1:1:0:2
1:4:0:2:2:3:2:1:1:,clone,4857.446877763332,1:4:0:2:2:3:2:1:1
0:3:1:2:2:3:3:1:0:,recombination,5394.070304894322,0:3:1:1:1:3:4:1:0,1:4:0:3:3:0:1:0:1,MUTATE
1:4:0:2:2:3:2:1:0:,clone,4808.8306386596305,1:4:0:2:2:3:2:1:0
0:2:1:1:1:3:3:1:0:,recombination,5022.078446010405,0:4:1:3:3:2:2:0:0,0:2:1:0:0:4:4:2:0,MUTATE
0:3:0:2:1:3:3:1:0:,clone,4803.6775006674625,0:4:0:2:2:3:2:1:0
1:4:1:1:1:2:3:1:1:,recombination,5086.235814837366,1:4:1:1:1:2:3:1:1,1:4:0:3:3:1:2:1:1,MUTATE
0:3:0:1:1:4:3:1:0:,recombination,5294.033718211337,0:2:1:1:0:4:4:2:0,1:4:1:3:2:3:2:0:1
0:4:0:2:2:3:3:1:0:,recombination,4910.613694190635,1:4:0:2:2:3:2:1:0,0:4:1:3:3:1:2:0:0
1:4:0:1:1:3:3:1:0:,clone,5299.507532070077,1:4:0:1:1:3:3:1:0
0:3:0:1:1:3:3:1:0:,recombination,4832.929235447625,1:4:0:1:1:3:3:1:1,1:4:0:2:2:3:2:1:0,MUTATE
1:4:0:3:3:2:2:1:0:,recombination,5368.254458089832,1:4:0:2:2:2:3:1:1,1:4:0:3:3:1:1:1:1
1:4:0:2:1:3:3:1:1:,clone,5192.571338546905,1:4:0:2:1:3:3:1:1
1:4:0:2:1:3:3:1:0:,clone,4974.028109546167,1:4:0:2:1:3:3:1:1
1:4:0:2:2:3:3:1:1:,clone,4844.34481795585,1:4:0:2:2:3:3:1:1
1:4:1:2:1:3:3:1:0:,clone,4940.604733749162,0:4:1:1:1:3:3:1:0
1:4:1:2:2:2:3:1:0:,recombination,4824.640519091125,1:4:1:2:2:2:3:1:1,0:3:1:2:1:3:3:0:0,MUTATE
1:4:1:3:3:1:2:0:1:,clone,4632.415419933685,1:4:1:3:3:1:1:0:1
0:3:1:1:0:4:4:2:0:,clone,5084.491585514588,0:2:1:1:0:4:4:1:0
1:4:0:1:1:3:3:1:0:,clone,5228.976093313751,0:4:0:2:1:3:3:1:0
0:3:1:1:0:3:4:2:0:,clone,5455.774253127494,0:3:1:1:0:4:4:2:0
0:3:0:1:1:3:4:1:0:,recombination,6125.986016143273,0:4:0:2:2:3:3:0:0,1:4:0:2:2:3:3:1:0,MUTATE
0:3:1:1:1:4:4:2:0:,recombination,5587.157603011467,1:4:1:4:4:1:1:0:1,1:4:1:2:2:2:2:1:0,MUTATE
1:4:0:3:3:3:2:0:1:,clone,5515.903821172514,1:4:0:3:3:2:2:0:1
0:4:0:1:1:4:3:1:0:,recombination,6085.551793670686,0:4:1:2:2:2:2:0:0,1:4:0:3:3:2:2:0:2,MUTATE
0:3:0:2:1:4:3:1:0:,clone,5775.691837537309,0:3:0:2:1:4:3:1:0
0:3:1:2:1:2:3:0:0:,recombination,5085.486137956291,1:4:1:3:3:0:1:0:1,0:2:1:1:0:3:4:1:0,MUTATE
0:4:1:1:1:4:4:1:0:,recombination,5150.713799688942,1:4:1:2:1:2:3:0:1,1:4:0:3:3:0:0:0:1,MUTATE
0:3:0:1:1:3:4:1:0:,clone,5723.722397451104,0:3:0:1:1:3:4:1:0
0:4:0:2:2:2:3:1:0:,recombination,4960.692335558137,1:4:1:3:3:0:0:0:1,1:4:0:4:4:1:1:1:1,MUTATE
0:3:1:0:0:4:4:2:0:,clone,5155.533578532619,0:3:1:0:0:4:4:2:0
1:4:0:3:2:3:2:0:1:,clone,5460.8360971018765,1:4:0:3:3:3:2:0:1
1:4:0:1:1:3:3:1:1:,recombination,4994.484078735887,1:4:1:3:3:2:1:0:1,1:4:0:4:4:1:0:0:2
0:3:1:2:2:2:3:1:0:,recombination,4748.317164664321,0:3:1:2:1:2:3:0:0,0:4:1:3:3:1:1:0:0,MUTATE
0:4:1:2:1:2:3:0:0:,clone,4607.099180943878,0:4:1:2:2:2:3:0:0
0:3:1:2:1:2:3:0:0:,recombination,4338.7085713551205,1:4:1:3:3:1:1:0:1,0:4:1:2:1:2:3:0:0
0:2:1:1:0:3:4:1:0:,recombination,4878.517240506594,0:4:1:2:1:2:3:0:0,1:4:0:2:1:2:3:1:1,MUTATE
0:2:1:1:0:3:4:1:0:,clone,4858.316886467696,0:2:1:1:0:3:4:1:0
1:4:1:4:4:0:0:0:2:,clone,4926.573809579373,1:4:0:4:4:0:0:0:2
0:2:1:0:0:4:4:2:0:,recombination,4819.26619625481,0:3:1:1:1:4:4:1:0,1:4:0:3:3:1:1:0:1,MUTATE
0:3:1:0:0:4:4:2:0:,recombination,5149.595331819192,1:4:0:2:2:2:2:1:1,0:3:1:1:1:3:3:1:0,MUTATE
1:4:1:2:2:3:3:0:1:,recombination,5508.374354248683,1:4:0:3:4:1:1:0:2,0:4:0:2:2:1:2:0:0,MUTATE
1:4:0:3:4:1:1:0:1:,clone,4829.039934033713,1:4:0:3:4:1:1:0:1
0:4:1:2:1:3:3:1:0:,clone,4695.202462989527,0:4:1:2:1:3:3:1:0
0:3:1:2:1:4:3:1:0:,recombination,6017.073629946786,1:4:0:2:2:3:2:1:0,1:4:0:3:4:1:1:0:1
0:2:1:1:1:3:4:0:0:,recombination,5753.7731449856965,1:4:1:3:3:1:1:0:1,0:3:1:2:2:2:3:1:0
0:3:1:0:0:4:4:2:0:,recombination,5053.413261427321,0:3:0:1:1:4:3:1:0,1:4:0:2:2:3:3:0:1,MUTATE
1:4:0:2:2:2:3:1:1:,clone,5185.087773135717,1:4:0:2:2:2:3:1:1
2:4:0:4:4:1:0:0:2:,clone,5127.302164704794,2:4:0:4:4:1:0:0:2
0:3:0:1:1:3:4:1:0:,recombination,5065.096550979542,0:2:1:1:0:4:4:1:0,1:4:0:2:2:2:3:1:1
1:4:0:4:4:1:1:0:2:,clone,5127.302164704794,1:4:0:4:4:1:1:0:2
0:3:0:2:2:2:2:1:0:,recombination,4885.046620951997,0:4:0:3:3:2:2:0:0,1:4:0:4:4:0:0:0:1,MUTATE
2:4:0:4:4:0:1:0:2:,clone,5436.281468970094,2:4:0:4:4:0:1:0:2
0:2:1:1:0:4:4:2:0:,recombination,5034.573547097976,1:4:0:3:3:1:2:1:1,0:2:1:1:0:4:4:1:0
0:3:1:1:1:4:4:2:0:,clone,5446.2957012200295,0:3:1:1:1:4:4:2:0
1:4:0:3:3:0:1:0:2:,clone,5024.472028352711,1:4:0:4:4:0:1:0:2
0:3:1:2:2:3:3:1:0:,clone,5277.321961067647,0:3:0:2:2:2:2:1:0
0:4:0:1:1:3:4:1:0:,clone,5887.6260697582675,0:4:0:1:1:3:4:1:0
0:3:0:2:2:3:3:1:0:,clone,5296.593523601609,0:3:1:2:2:3:3:1:0
0:4:0:2:2:2:2:1:0:,clone,4907.008060963336,0:3:0:2:2:2:2:1:0
0:3:0:2:2:3:3:1:0:,clone,5076.689637007975,0:3:1:2:2:3:3:1:0
0:2:1:1:0:4:4:1:0:,recombination,4673.689625761036,1:4:1:2:2:3:2:1:1,0:3:1:2:2:3:3:1:0
0:3:1:2:2:3:3:1:0:,clone,5195.604595924789,0:3:1:2:2:3:3:1:0
0:3:0:2:2:2:2:1:0:,clone,4825.290695820478,0:3:0:2:2:2:2:1:0
0:3:1:2:2:2:2:1:0:,clone,5085.00475963921,0:3:1:2:2:3:3:1:0
1:4:1:4:4:0:1:0:2:,clone,5406.496365186277,1:4:1:4:4:0:0:0:2
0:2:1:0:0:4:4:1:0:,clone,4735.149426353858,0:2:1:0:0:4:4:1:0
0:3:0:1:1:4:3:1:0:,clone,5233.133158273129,0:4:0:1:1:3:3:1:0
0:2:1:0:0:4:4:2:0:,clone,4769.561675257779,0:2:1:0:0:4:4:1:0
0:3:2:0:0:4:4:1:0:,recombination,5907.521852475383,1:4:0:4:4:1:0:0:1,0:4:1:2:2:2:3:0:0
0:3:1:1:1:3:3:1:0:,clone,4487.958873828455,0:3:1:1:1:3:3:1:0
0:3:1:1:1:3:3:1:0:,recombination,4481.665410089223,0:3:1:1:1:3:3:1:0,1:4:0:2:1:2:3:1:1,MUTATE
1:4:1:2:2:4:3:1:0:,clone,6302.9472020003495,1:4:1:2:2:4:3:1:0
0:3:1:1:0:3:4:2:0:,clone,4999.549446941831,0:3:1:1:0:3:4:1:0
1:4:0:2:2:2:2:1:1:,recombination,4562.334702136079,0:2:1:1:0:4:4:1:0,0:3:1:2:1:3:3:0:0
1:4:0:4:4:0:0:0:1:,clone,4594.434036459184,1:4:0:4:4:0:0:0:2
1:4:0:4:4:0:0:0:1:,clone,4594.207688470115,1:4:0:4:4:0:0:0:1
1:4:0:3:3:2:2:1:1:,clone,4966.796760777628,1:4:0:2:2:2:2:1:1
1:4:0:2:2:3:3:1:0:,clone,4956.992022354705,0:4:1:2:2:3:3:1:0
1:4:0:4:4:1:1:0:1:,clone,4857.818608527523,1:4:0:4:4:1:1:0:1
0:4:0:2:2:3:2:1:0:,clone,5014.152482966463,0:4:1:2:2:3:3:1:0
1:4:0:4:4:0:1:0:2:,clone,4806.061805520898,1:4:0:4:4:0:1:0:2
0:3:1:1:1:2:3:1:0:,recombination,4570.463114342563,1:4:0:3:3:2:2:0:2,1:4:0:2:2:2:2:1:1,MUTATE
0:4:0:1:1:3:3:1:0:,recombination,4841.749929382378,0:3:1:1:0:3:4:1:0,0:4:1:2:2:1:2:1:0
1:4:0:2:2:2:3:1:1:,recombination,4926.169572366382,0:2:1:1:0:4:4:2:0,1:4:0:4:4:0:1:0:1
0:3:0:1:1:4:4:1:0:,recombination,5258.737534784875,1:4:0:4:4:1:1:0:2,1:4:0:2:2:3:3:1:1,MUTATE
0:2:1:1:1:4:4:2:0:,clone,5595.8161946181535,0:3:1:1:1:4:4:2:0
0:3:0:1:1:3:3:2:0:,recombination,5473.470610195135,1:4:1:2:1:3:3:1:1,0:4:1:2:2:2:2:1:0
0:3:1:1:1:3:4:2:0:,recombination,5468.366085986935,1:4:0:2:2:2:2:1:0,0:4:1:2:2:3:3:1:0
1:4:1:1:1:2:3:1:1:,clone,4986.965288238547,1:4:1:1:1:2:3:1:1
0:3:1:1:0:3:4:1:0:,recombination,4585.441692241895,1:4:1:2:2:2:3:1:1,0:4:1:2:1:3:3:1:0,MUTATE
0:4:1:2:2:2:2:1:0:,clone,4532.5296553239195,0:4:1:2:2:2:2:1:0
0:4:1:2:2:2:2:1:0:,clone,4508.589901443901,0:4:1:2:2:2:2:1:0
0:3:1:1:0:3:4:1:0:,recombination,4483.356721642108,0:2:1:0:0:4:4:2:0,0:3:0:2:2:2:2:1:0,MUTATE
1:4:1:2:2:2:2:1:1:,recombination,4508.589901443901,0:4:1:2:2:3:3:1:0,0:4:1:2:2:3:3:1:0
0:4:1:1:1:3:3:1:0:,recombination,4416.897078389917,0:2:1:0:0:4:4:2:0,0:4:1:2:2:3:3:1:0
0:4:1:2:2:2:2:1:0:,clone,4380.3745739292735,0:4:1:2:2:2:2:1:0
0:4:0:1:1:4:4:1:0:,recombination,5611.1368516105085,0:3:1:1:1:3:4:1:0,1:4:0:3:3:1:2:0:2,MUTATE
0:4:0:1:1:4:4:2:0:,recombination,5611.136851610509,1:4:0:3:3:1:2:0:2,1:4:1:3:3:1:1:0:1
1:4:0:4:4:1:0:0:2:,recombination,5105.696166567234,0:3:0:1:1:3:3:2:0,1:4:1:3:4:1:1:0:1,MUTATE
0:4:1:3:2:1:2:0:0:,clone,4892.9760825567455,1:4:1:3:3:1:2:0:1
0:2:2:0:0:4:4:1:0:,clone,6754.095989903543,0:2:1:0:0:4:4:1:0
0:4:0:1:1:4:3:1:0:,recombination,5767.302035641105,0:4:1:2:1:2:3:1:0,1:4:0:2:2:3:2:0:1,MUTATE
0:4:0:2:1:4:3:1:0:,recombination,6224.393895556181,0:3:1:2:1:3:3:0:0,1:4:0:3:2:2:2:1:1,MUTATE
0:4:0:1:1:4:3:1:0:,recombination,5669.5238024987775,0:3:1:1:1:3:3:1:0,0:4:0:1:1:4:3:1:0,MUTATE
1:4:0:3:2:2:2:1:1:,recombination,4992.479184412235,1:4:0:3:3:1:2:1:1,1:4:1:3:3:1:2:1:1
1:4:0:2:1:3:3:1:1:,clone,5061.990296940286,1:4:0:2:1:3:3:1:1
0:4:0:1:1:4:3:1:0:,recombination,5325.78137149807,1:4:1:2:1:2:3:1:0,0:4:1:3:3:2:2:1:0
1:4:0:2:1:4:3:1:0:,clone,5402.228413503163,1:4:0:2:1:4:3:1:0
1:4:0:1:1:4:3:1:0:,recombination,5066.058138041047,1:4:0:3:3:1:2:1:1,0:4:1:2:2:2:2:0:0
1:4:1:1:1:3:3:1:1:,recombination,5086.480076676015,1:4:1:1:1:3:3:1:0,1:4:0:4:4:0:1:0:2
1:4:1:1:1:4:3:1:0:,recombination,5689.419477826576,1:4:0:3:2:1:2:0:1,0:4:0:1:1:4:3:1:0,MUTATE
1:4:1:1:1:3:3:1:1:,recombination,5057.447059722869,1:4:0:2:2:2:3:1:1,1:4:1:2:2:2:2:0:1
0:3:0:1:1:4:4:1:0:,recombination,5198.066905126997,1:4:1:2:2:2:2:1:1,1:4:1:3:3:1:2:1:1,MUTATE
1:4:1:2:1:4:3:1:0:,recombination,5635.926271100299,0:4:0:2:1:2:3:1:0,1:4:0:4:4:1:1:0:2
0:4:1:1:1:4:4:1:0:,clone,5081.193982049969,0:4:1:1:1:4:4:1:0
1:4:0:2:1:3:3:1:0:,clone,4970.137271016517,1:4:0:2:1:3:3:1:0
1:4:0:4:4:1:0:0:2:,clone,5058.270500241399,1:4:0:4:4:1:0:0:2
1:4:0:4:4:1:0:0:2:,clone,5058.270500241397,1:4:0:4:4:1:0:0:2
0:2:1:0:0:4:4:1:0:,recombination,4703.407094520476,1:4:0:3:3:1:1:1:2,0:4:1:2:1:3:3:1:0
0:3:1:2:2:3:3:1:0:,clone,5154.30020772799,0:3:1:2:1:3:3:1:0
0:4:0:2:1:4:3:1:0:,clone,5718.345036267203,0:3:0:1:1:4:3:1:0
0:2:1:0:0:4:4:1:0:,recombination,4683.522571857632,1:4:1:2:2:3:2:1:1,0:3:1:2:2:2:2:1:0
0:2:1:0:0:4:4:1:0:,clone,4647.638131471268,0:2:1:0:0:4:4:1:0
2:4:0:4:4:1:1:0:2:,clone,5144.362644770551,2:4:0:4:4:1:1:0:2
0:3:1:0:0:3:4:1:0:,clone,4961.032961021306,0:3:1:0:0:3:4:1:0
0:3:1:0:0:3:4:1:0:,clone,4944.67603407996,0:3:1:0:0:3:4:1:0
0:3:1:0:0:3:4:1:0:,clone,4777.472551368098,0:3:1:0:0:3:4:1:0
0:3:1:0:0:3:4:1:0:,clone,4745.950606814139,0:3:1:0:0:3:4:1:0
0:4:1:1:0:3:4:1:0:,clone,4745.950606814138,0:4:1:1:0:3:4:1:0
0:3:1:1:1:4:4:2:0:,recombination,5252.275457395378,0:4:0:2:2:2:2:1:0,1:4:1:2:2:2:2:1:1,MUTATE
0:3:1:1:0:4:4:1:0:,recombination,4747.701281045681,0:2:1:0:0:4:4:1:0,0:4:1:2:1:3:3:1:0
0:3:1:0:0:3:4:1:0:,clone,4537.474989612437,0:3:1:0:0:3:4:1:0
0:3:0:2:1:2:3:1:0:,recombination,5025.222909606633,1:4:0:2:2:1:2:1:1,1:4:0:4:4:0:1:0:1
1:4:1:1:1:3:4:1:0:,clone,5829.030673772083,1:4:1:1:1:3:4:1:0
2:4:0:3:3:0:1:0:2:,clone,4805.554701040691,2:4:0:3:4:0:1:0:2
1:4:0:3:3:0:1:0:2:,clone,4845.971701708575,2:4:0:3:4:0:1:0:2
1:4:0:3:3:0:1:0:2:,clone,4845.971701708574,1:4:0:3:3:0:1:0:2
0:2:1:0:0:4:4:2:0:,recombination,4685.467324498347,1:4:0:2:1:3:3:1:1,0:3:1:2:2:3:3:1:0
1:4:0:4:4:1:1:0:2:,clone,5010.306363659238,1:4:0:4:4:1:1:0:2
0:2:1:1:1:3:4:1:0:,recombination,4990.142675959529,0:3:0:2:1:2:3:1:0,0:4:1:2:2:3:2:1:0
0:3:0:1:1:3:4:2:0:,recombination,5611.136851610508,1:4:0:2:2:3:2:1:0,0:3:1:1:1:4:3:1:0,MUTATE
1:4:1:4:4:1:0:0:1:,clone,4925.672353441506,1:4:1:4:4:1:0:0:1
1:4:0:3:3:2:1:0:1:,recombination,4655.864897438466,0:3:1:2:1:3:3:0:0,0:2:1:1:0:4:4:2:0
0:3:0:2:2:3:3:1:0:,clone,4870.049693671366,0:4:0:2:2:2:2:1:0
0:4:0:2:2:2:2:1:0:,clone,4899.652264925728,0:3:0:2:2:3:3:1:0
1:4:1:2:1:3:3:1:0:,clone,4840.633211304848,1:4:1:2:1:3:3:1:0
1:4:1:3:2:3:2:0:1:,recombination,5614.662820063779,1:4:1:2:2:2:3:1:1,0:4:1:1:1:3:4:1:0
1:4:1:2:2:3:3:1:1:,recombination,5059.857876996566,0:4:1:3:2:2:2:0:0,0:4:1:2:2:2:2:0:0
1:4:0:2:2:1:2:0:1:,clone,4587.8860397552935,1:4:0:2:2:1:2:0:1
2:4:0:4:4:0:1:0:2:,clone,5341.9309237903335,2:4:0:4:4:0:1:0:2
1:4:1:2:2:2:3:0:1:,clone,4931.617337197747,1:4:1:2:2:1:2:0:1
1:4:1:3:2:3:3:0:1:,recombination,6904.028319402671,1:4:1:3:3:1:1:0:1,1:4:1:1:1:3:3:1:1,MUTATE
1:4:1:1:1:2:3:1:0:,recombination,4982.5788368796,0:4:1:1:1:3:4:1:0,1:4:0:3:3:3:2:1:1,MUTATE
0:2:1:0:0:4:4:1:0:,clone,4596.646565878306,0:2:1:0:0:4:4:1:0
0:4:0:1:1:2:3:1:0:,clone,5002.621207128633,1:4:0:1:1:2:3:1:0
1:4:0:1:1:2:3:1:0:,clone,5187.264227965663,0:4:1:1:1:2:3:1:0
1:4:0:4:4:0:0:0:1:,clone,4593.450820579567,1:4:0:4:4:0:0:0:1
0:3:1:1:1:3:4:1:0:,clone,4801.9505195565425,0:3:1:1:1:3:4:1:0
1:4:0:3:3:2:2:0:1:,clone,4700.980363198687,1:4:0:3:3:2:2:0:1
0:3:0:1:1:4:3:1:0:,clone,5184.854497469189,0:3:0:1:1:4:3:1:0
2:4:0:4:4:0:0:0:3:,clone,5611.13685161051,1:4:0:4:4:0:0:0:2
2:4:0:3:3:1:2:0:2:,recombination,5589.979023123783,0:4:1:2:2:2:2:1:0,0:3:1:1:1:3:4:1:0
2:4:0:3:3:1:1:0:2:,recombination,5387.667996803613,0:4:1:1:1:3:3:1:0,1:4:1:2:2:3:3:1:1
2:4:0:4:4:1:1:0:2:,recombination,5125.547374024491,2:4:0:3:3:1:1:0:2,0:3:0:1:1:4:3:1:0
1:4:0:2:1:2:3:1:1:,clone,4896.269192880129,1:4:0:2:1:2:3:1:1
2:4:0:3:4:1:1:0:2:,clone,5111.479116065735,2:4:0:3:4:1:1:0:2
1:4:0:1:1:3:3:1:0:,clone,5158.222530894878,1:4:0:1:1:3:3:1:0
0:3:1:1:0:4:4:1:0:,clone,4618.266165782938,0:3:1:1:0:4:4:1:0
1:4:0:4:4:0:0:0:1:,recombination,4246.542336538156,1:4:1:2:2:3:2:1:1,0:2:1:1:0:3:4:1:0,MUTATE
0:4:1:2:1:2:3:1:0:,clone,4484.3890661105115,0:4:1:2:1:2:3:1:0
0:4:1:2:2:2:2:1:0:,clone,4133.262693227309,0:4:1:2:1:2:3:1:0
0:4:1:2:1:2:2:1:0:,clone,4228.614463952213,0:4:1:2:1:2:3:1:0
1:4:0:3:3:0:0:0:1:,clone,4261.99916641306,1:4:0:4:4:0:0:0:1
0:3:1:1:1:2:3:0:0:,recombination,4592.380736924749,0:4:1:2:1:2:3:1:0,1:4:1:2:1:3:3:1:1
1:4:1:2:1:2:3:1:1:,clone,4993.586555940799,0:4:1:1:1:2:3:1:0
1:4:1:2:1:2:3:1:1:,clone,4988.134835847244,1:4:1:2:1:2:3:1:1
0:4:1:1:1:4:3:1:0:,clone,5045.056189066577,0:4:1:1:1:4:3:1:0
1:4:0:3:4:1:1:0:1:,recombination,4744.4759747158605,0:4:1:2:1:2:3:1:0,0:4:1:2:2:1:2:0:0,MUTATE
1:4:1:3:3:2:2:0:1:,recombination,4873.203053998917,0:3:1:1:1:3:3:1:0,1:4:0:3:2:1:2:1:1
0:4:0:1:1:4:3:2:0:,recombination,5611.136851610508,1:4:1:2:2:2:3:1:1,1:4:0:3:4:1:1:0:1,MUTATE
1:4:0:4:4:1:0:0:2:,clone,5006.288185979795,1:4:0:4:4:0:0:0:2
1:4:0:3:3:1:2:1:1:,recombination,4908.689581697583,0:4:1:2:2:3:3:1:0,1:4:1:2:2:3:3:1:0
0:4:0:2:1:4:3:1:0:,recombination,5475.352771082795,0:2:1:0:0:4:4:2:0,1:4:0:4:4:0:0:0:2
1:4:1:2:2:3:2:1:0:,recombination,5039.511020936732,1:4:0:2:2:2:3:1:1,1:4:0:4:4:1:0:0:2,MUTATE
0:2:1:0:0:3:4:2:0:,recombination,5032.898226302014,0:4:0:2:1:3:3:1:0,1:4:1:2:2:2:2:1:0
0:3:1:2:2:3:3:0:0:,clone,5747.494873428749,0:4:1:2:2:3:3:0:0
1:4:0:3:4:0:1:0:1:,clone,4813.735158406253,1:4:0:4:4:0:0:0:2
0:4:0:2:2:2:2:1:0:,recombination,4624.388704875972,0:3:1:0:0:3:4:1:0,1:4:0:3:2:1:2:1:1,MUTATE
0:3:1:2:2:3:3:1:0:,recombination,5090.520726494403,0:4:1:2:2:2:3:1:0,1:4:0:4:4:1:0:0:2
0:2:1:0:0:4:4:1:0:,clone,4585.954696563454,0:2:1:0:0:4:4:1:0
0:3:1:1:1:2:3:1:0:,clone,4466.115172456109,0:3:1:1:1:2:3:1:0
0:2:2:0:0:4:4:1:0:,clone,6686.952173654212,0:2:2:0:0:4:4:1:0
0:3:1:2:1:4:3:1:0:,recombination,5698.8676684212205,1:4:0:4:4:1:0:0:2,1:4:0:2:2:2:2:1:0
1:4:0:2:2:3:2:0:1:,recombination,5702.719656551584,1:4:1:2:1:2:3:1:1,0:3:1:1:1:2:3:1:0
2:4:0:3:4:0:0:0:2:,recombination,4536.702791756696,0:3:0:1:0:3:4:1:0,1:4:1:1:1:3:3:1:1
0:2:1:0:0:4:4:1:0:,clone,4578.511206689761,0:2:1:0:0:4:4:1:0
0:3:1:0:0:4:4:1:0:,clone,4715.416541729902,0:3:1:0:0:4:4:1:0
0:2:1:0:0:4:4:2:0:,clone,4638.169503562992,0:2:1:0:0:4:4:2:0
0:2:1:0:0:4:4:2:0:,clone,4606.161997189358,0:2:1:0:0:4:4:2:0
0:2:1:0:0:4:4:2:0:,clone,4606.161997189357,0:2:1:0:0:4:4:2:0
1:4:0:2:2:1:2:0:1:,clone,4527.969432968088,1:4:0:2:2:1:2:0:1
1:4:0:2:2:1:2:0:1:,clone,4513.858730740534,1:4:0:2:2:1:2:0:1
0:4:0:2:1:2:3:1:0:,recombination,4733.752299075231,1:4:1:2:1:2:3:1:1,0:4:1:1:1:3:4:1:0
0:4:0:1:1:2:3:1:0:,clone,4957.506641166879,0:4:0:1:1:2:3:1:0
1:4:0:2:1:2:3:1:0:,recombination,4945.896422994413,1:4:1:2:1:2:3:1:1,0:4:1:1:1:2:3:1:0
1:4:0:4:4:0:0:0:2:,clone,4199.415797520338,0:3:1:1:0:3:4:1:0
0:4:0:2:2:2:2:0:0:,clone,4887.601162566988,0:3:0:2:2:2:2:0:0
0:4:0:2:1:2:3:0:0:,recombination,4737.606651682677,0:4:1:1:0:3:4:1:0,0:2:1:1:0:3:4:1:0,MUTATE
1:4:0:3:3:1:1:1:1:,clone,5239.596627479012,1:4:0:3:3:1:1:1:1
2:4:0:3:3:1:1:0:2:,clone,5189.858774658262,2:4:0:3:3:1:1:0:2
1:4:1:2:2:2:2:1:0:,clone,4708.509123719926,1:4:1:2:1:3:3:1:0
1:4:0:3:4:1:0:0:1:,recombination,4530.572959988347,1:4:0:2:2:2:2:1:1,1:4:0:3:3:1:1:1:1
1:4:0:3:4:1:1:0:1:,clone,4737.297830708521,1:4:0:3:4:1:1:0:1
1:4:1:4:4:1:1:0:2:,recombination,5271.311729121691,1:4:1:2:2:2:2:1:1,0:3:1:1:0:3:4:1:0,MUTATE
1:4:0:3:3:1:1:1:1:,clone,4916.7489546665165,1:4:0:3:3:2:2:1:1
1:4:1:2:2:3:3:1:0:,recombination,4843.209201045405,1:4:0:2:2:3:3:1:0,1:4:0:2:2:3:2:0:1,MUTATE
1:4:1:2:2:3:2:1:0:,clone,4844.519699475235,1:4:1:2:2:3:2:1:0
0:3:1:1:1:4:4:1:0:,clone,4736.064699491582,0:3:1:1:1:4:4:1:0
0:4:1:2:2:3:3:1:0:,clone,4786.259005418309,0:4:1:2:2:3:3:1:0
0:4:1:2:2:3:2:1:0:,recombination,4520.016335972839,1:4:1:2:2:1:2:0:1,1:4:0:2:1:2:3:1:1
0:4:1:2:2:3:2:1:0:,clone,4520.016335972838,0:4:1:2:2:3:2:1:0
1:4:0:3:3:2:2:1:1:,clone,4922.667824240587,1:4:0:3:3:2:2:1:1
0:4:1:2:2:3:3:1:0:,clone,4737.737718868324,0:4:1:2:2:3:2:1:0
0:2:2:0:0:4:4:1:0:,clone,6647.410873157351,0:2:1:0:0:4:4:1:0
0:4:1:1:1:4:3:1:0:,clone,5029.950419240301,0:4:1:1:1:4:3:1:0
0:4:1:2:1:2:2:0:0:,recombination,4574.120461438024,0:3:1:1:1:3:3:0:0,0:4:1:2:2:3:3:1:0,MUTATE
1:4:1:3:2:1:2:0:1:,recombination,4696.509471962834,0:2:1:1:0:4:4:1:0,0:2:1:1:0:4:4:2:0
1:4:0:3:3:1:2:0:1:,clone,4665.319783487839,1:4:0:3:3:1:2:0:1
1:4:1:2:2:2:2:1:0:,clone,4618.273048444082,1:4:1:2:2:2:2:1:0
0:4:1:2:1:3:3:1:0:,clone,4618.273048444082,0:4:1:2:1:3:3:1:0
0:4:1:2:1:3:3:1:0:,clone,4483.7550668471795,0:4:1:2:1:3:3:1:0
1:4:0:3:4:1:1:0:1:,clone,4677.806504115603,1:4:0:4:4:0:0:0:1
0:3:0:1:0:3:4:2:0:,recombination,5447.368269187943,0:4:1:2:2:3:3:1:0,1:4:0:4:4:0:0:0:1
0:3:1:0:0:4:4:2:0:,recombination,5043.406256916127,0:4:1:2:1:3:3:1:0,1:4:1:3:2:1:2:0:1,MUTATE
0:3:1:1:0:3:4:0:0:,recombination,5306.157254563461,1:4:1:2:2:1:2:0:1,0:4:0:2:2:3:2:1:0
0:3:1:1:0:3:4:0:0:,clone,5306.157254563459,0:3:1:1:0:3:4:0:0
1:4:1:2:1:2:3:1:1:,recombination,4972.57167617224,1:4:0:2:2:3:3:1:0,0:3:1:1:1:3:3:0:0
1:4:0:3:3:0:1:0:2:,recombination,4588.278154653813,0:2:1:1:0:4:4:2:0,1:4:0:3:3:0:1:0:2
0:2:1:1:0:3:4:1:0:,recombination,4782.273023828752,1:4:1:2:2:3:2:1:1,0:3:1:1:0:3:4:2:0,MUTATE
1:4:0:3:3:1:1:0:2:,clone,4583.474576442836,1:4:0:3:3:1:1:0:2
0:4:1:1:1:4:3:1:0:,clone,4982.458748156439,0:3:1:1:1:4:3:1:0
0:4:1:2:1:3:3:0:0:,clone,5100.64875070486,0:4:1:2:1:3:3:0:0
0:4:1:1:1:3:3:2:0:,recombination,5663.740517946851,1:4:0:2:2:3:2:1:1,1:4:0:3:3:1:1:0:2,MUTATE
2:4:1:4:4:0:0:0:2:,recombination,4724.649824860462,0:4:1:2:2:2:3:0:0,0:4:1:2:2:2:2:1:0,MUTATE
1:4:1:2:2:3:2:0:1:,clone,5050.893738088951,1:4:1:2:2:3:2:0:1
1:4:1:2:2:3:3:1:1:,clone,4789.4207935036675,0:4:1:2:2:3:3:1:0
1:4:1:3:3:1:1:0:2:,recombination,5673.23653931022,1:4:0:2:1:3:3:1:0,0:4:1:2:2:2:3:0:0
0:3:1:0:0:4:4:2:0:,clone,4904.965701038686,0:3:1:0:0:4:4:2:0
0:4:1:2:1:3:3:0:0:,clone,5094.878375535737,0:4:1:1:1:3:3:1:0
1:4:1:2:2:4:3:1:0:,clone,6137.450654592525,1:4:1:2:2:4:3:1:0
1:4:0:3:4:0:1:0:1:,recombination,4754.209653483744,1:4:0:3:3:2:1:0:1,0:4:1:2:1:3:3:1:0,MUTATE
0:3:0:2:2:3:3:0:0:,recombination,5963.167704918066,1:4:1:4:4:1:0:0:1,1:4:0:2:2:3:3:1:1,MUTATE
1:4:0:2:2:1:2:1:1:,recombination,4790.522634478132,1:4:1:2:1:2:3:1:0,0:4:1:2:1:3:3:0:0
2:4:1:4:4:0:0:0:2:,recombination,4622.3688118255195,0:3:1:1:1:4:4:1:0,1:4:1:2:2:2:2:1:0,MUTATE
1:4:0:3:4:0:1:0:1:,recombination,4635.211284584128,0:4:1:2:2:3:3:1:0,0:3:1:0:0:4:4:1:0,MUTATE
1:4:1:1:1:2:3:0:1:,recombination,5142.156605960809,0:4:0:2:2:2:2:1:0,1:4:1:2:2:1:2:0:1
0:2:1:0:0:4:4:1:0:,recombination,4566.711252851589,0:2:1:0:0:4:4:1:0,0:3:1:2:2:3:3:1:0
1:4:0:3:3:2:2:1:1:,clone,4855.96724218858,1:4:0:3:3:2:2:1:1
0:3:1:1:1:4:4:1:0:,clone,4660.90214834029,0:3:1:1:1:4:4:1:0
0:3:0:1:1:3:3:1:0:,recombination,4802.968001562198,0:4:1:1:1:2:3:1:0,0:3:1:1:1:2:3:1:0,MUTATE
0:3:0:1:1:3:3:1:0:,clone,4774.303946705578,0:3:0:1:1:3:3:1:0
0:2:1:0:0:3:4:1:0:,clone,4743.857956650614,0:2:1:1:0:3:4:1:0
0:2:1:0:0:4:4:1:0:,recombination,4442.96578877011,1:4:1:2:2:3:3:1:1,1:4:1:3:3:1:1:0:1,MUTATE
0:2:2:0:0:4:4:1:0:,clone,6202.574309788257,0:2:2:0:0:4:4:1:0
0:2:1:0:0:4:4:2:0:,clone,4582.267908586458,0:2:1:0:0:4:4:2:0
0:2:2:0:0:4:4:1:0:,clone,6084.268844712352,0:2:2:0:0:4:4:1:0
0:3:2:0:0:4:4:1:0:,clone,5885.4251681352325,0:2:1:0:0:4:4:1:0
0:2:2:0:0:4:4:1:0:,clone,6048.384404325987,0:2:2:0:0:4:4:1:0
0:3:1:1:1:4:4:2:0:,clone,5158.476585597325,0:3:1:1:1:4:4:2:0
1:4:0:2:2:2:3:0:1:,clone,5179.288996206637,1:4:0:2:2:2:2:1:1
1:4:0:4:4:1:0:0:2:,recombination,4938.679805251048,1:4:0:2:2:2:3:1:1,0:4:1:1:1:3:4:0:0,MUTATE
1:4:0:4:4:1:0:0:2:,clone,4735.021537139554,1:4:0:4:4:0:0:0:2
1:4:0:4:4:1:0:0:1:,clone,4729.3339799550695,1:4:0:4:4:1:0:0:2
1:4:1:4:4:1:0:0:1:,clone,4792.201112674848,1:4:0:4:4:1:0:0:1
1:4:1:4:4:1:1:0:1:,clone,4788.4807286808,1:4:1:4:4:1:0:0:1
1:4:1:3:3:2:1:0:1:,recombination,4696.01102470666,1:4:0:4:4:1:0:0:2,1:4:1:2:2:2:3:1:1
1:4:1:3:4:1:1:0:1:,clone,4725.613595961021,1:4:1:3:4:1:1:0:1
1:4:1:3:4:1:0:0:1:,clone,4650.274704291135,1:4:1:4:4:0:0:0:1
1:4:1:4:4:1:0:0:1:,clone,4695.131854486188,1:4:1:4:4:1:0:0:1
1:4:1:3:3:1:0:0:1:,clone,4535.459359392202,1:4:1:3:4:1:0:0:1
1:4:1:3:4:1:0:0:1:,clone,4644.58714710665,1:4:1:3:4:1:0:0:1
1:4:1:3:3:2:1:0:1:,clone,4617.3021059805715,1:4:1:3:3:2:1:0:1
1:4:0:2:2:1:2:0:1:,recombination,4421.602760768096,0:3:1:1:0:4:4:1:0,0:3:1:2:2:3:3:0:0
1:4:0:3:3:2:2:1:1:,clone,4835.679311833603,1:4:0:2:2:2:2:1:1
1:4:1:2:1:2:3:1:0:,clone,4890.438144723276,0:4:1:1:1:2:3:1:0
0:4:1:2:2:2:3:1:0:,clone,4686.513403121908,0:4:1:2:2:2:3:1:0
0:4:1:2:2:3:3:0:0:,recombination,5328.352912653097,1:4:1:4:4:1:0:0:1,1:4:1:2:2:3:3:1:1,MUTATE
0:2:1:1:0:4:4:2:0:,clone,5029.585488719944,0:2:1:1:0:4:4:2:0
2:4:0:4:4:0:0:0:2:,clone,4185.888445299022,0:2:1:0:0:4:4:1:0
0:4:0:2:2:2:2:1:0:,recombination,4520.932784900032,1:4:1:2:2:2:2:1:0,1:4:0:2:2:1:2:0:1
0:4:0:2:2:2:2:1:0:,recombination,4474.609384791055,1:4:0:4:4:1:1:0:1,1:4:0:3:4:1:1:0:1,MUTATE
0:2:1:1:1:4:3:1:0:,recombination,4738.364056304086,0:3:0:2:2:2:2:1:0,0:4:1:2:2:2:3:1:0
0:2:1:1:1:3:3:1:0:,recombination,4653.0288320235295,1:4:0:3:3:2:2:1:1,1:4:1:2:2:3:2:1:0
1:4:1:4:4:1:1:0:2:,clone,5239.768291184204,1:4:1:4:4:1:1:0:2
0:3:1:1:1:3:4:1:0:,recombination,4692.9865950779695,1:4:1:4:4:1:1:0:1,0:3:1:0:0:4:4:2:0
0:2:2:0:0:4:4:1:0:,clone,5968.599162560184,0:2:1:0:0:4:4:1:0
2:4:0:4:4:0:1:0:2:,clone,5091.576476683071,2:4:0:4:4:0:1:0:2
1:4:1:3:4:0:0:0:1:,clone,3827.617956512641,2:4:0:4:4:0:0:0:2
1:4:1:3:3:0:0:0:1:,clone,4016.388200838837,1:4:1:3:3:0:0:0:1
1:4:0:3:2:2:2:0:1:,clone,4843.680850369561,1:4:1:2:2:2:2:0:1
1:4:0:3:4:0:0:0:2:,clone,4353.512516015796,1:4:0:3:4:0:0:0:2
0:4:1:2:2:3:2:0:0:,clone,4756.426695657185,0:4:1:2:1:3:3:1:0
1:4:1:2:2:3:3:1:1:,clone,4731.273370409728,1:4:1:2:2:3:3:1:1
1:4:0:3:4:1:1:0:2:,clone,4984.54674079704,1:4:0:3:4:1:1:0:2
1:4:1:2:1:2:3:1:1:,recombination,4839.945014351058,0:4:0:2:2:2:2:1:0,1:4:0:3:3:1:2:1:1,MUTATE
1:4:1:2:1:2:3:1:0:,clone,4866.802357629774,1:4:1:2:1:2:3:1:0
1:4:0:2:1:2:3:1:0:,clone,4792.781077210007,1:4:0:2:1:2:3:1:0
1:4:1:2:1:2:3:1:0:,recombination,4795.39396641822,0:3:1:1:0:4:4:1:0,1:4:0:2:2:2:2:1:0,MUTATE
0:4:1:1:0:4:4:1:0:,recombination,5169.87531614354,1:4:0:2:1:3:3:1:1,0:4:1:1:1:3:4:1:0
1:4:1:4:4:0:0:0:2:,clone,4409.346355502421,1:4:1:4:4:0:0:0:2
1:4:0:1:1:2:3:1:0:,clone,4979.302602933297,1:4:0:1:1:3:3:1:0
0:3:1:1:0:4:4:1:0:,clone,4417.369051613844,0:3:1:1:0:4:4:1:0
0:3:0:1:0:4:4:1:0:,recombination,4836.243729108191,1:4:1:2:2:2:2:1:0,0:2:1:0:0:4:4:2:0,MUTATE
1:4:1:2:1:3:3:0:1:,recombination,5504.107711830494,0:4:1:1:1:4:3:1:0,0:3:1:1:1:3:4:0:0
1:4:0:3:4:0:1:0:2:,clone,4660.540882681409,1:4:0:3:4:0:1:0:2
1:4:0:3:4:0:1:0:2:,clone,4653.560949786225,1:4:0:3:4:0:1:0:2
2:4:0:4:4:1:1:0:2:,clone,5044.704973933911,1:4:0:4:4:1:1:0:2
2:4:0:4:4:0:0:0:3:,clone,5387.409916929848,0:3:1:1:0:4:4:2:0
1:4:1:3:2:3:3:1:1:,recombination,6964.034243962695,2:4:0:4:4:0:1:0:2,1:4:1:4:4:1:1:0:1,MUTATE
1:4:1:3:2:3:3:1:1:,clone,6855.446899954188,1:4:1:3:2:3:3:1:1
0:3:0:1:1:4:3:2:0:,recombination,5411.287960707991,1:4:0:3:3:1:1:0:2,1:4:0:2:2:3:3:1:1
1:4:0:1:1:3:3:1:0:,recombination,5082.368162447033,1:4:1:2:2:2:2:0:1,1:4:1:1:1:3:3:1:0
0:3:1:1:0:4:4:2:0:,clone,4911.315150904851,0:3:1:0:0:4:4:2:0
2:4:1:4:4:1:0:0:2:,recombination,5603.481162577283,1:4:1:3:4:1:1:0:1,1:4:1:4:4:1:1:0:1,MUTATE
1:4:1:3:4:2:1:0:1:,recombination,5505.115340745917,0:4:1:3:2:2:2:0:0,1:4:0:4:4:1:0:0:2,MUTATE
1:4:0:4:4:2:1:0:2:,clone,5996.983563869788,1:4:1:4:4:2:1:0:1
0:2:1:1:1:3:4:2:0:,recombination,5433.096919497727,0:3:0:1:1:4:4:2:0,0:4:1:1:1:2:3:0:0,MUTATE
0:2:1:0:0:4:4:2:0:,clone,4550.260402212825,0:2:1:0:0:4:4:2:0
1:4:1:2:2:3:3:0:1:,clone,5071.456345292756,1:4:1:2:2:3:3:0:1
1:4:1:2:1:3:3:1:1:,clone,5071.456345292756,1:4:1:2:1:3:3:1:1
1:4:0:3:2:3:2:1:1:,recombination,5459.719136826158,1:4:0:3:2:2:2:0:1,1:4:0:3:2:1:2:1:1
1:4:1:2:2:4:3:1:0:,recombination,6104.123712981476,1:4:1:1:1:2:3:1:1,0:4:1:2:2:2:2:1:0,MUTATE
2:4:0:3:3:2:1:0:2:,clone,5428.220654485452,2:4:0:3:3:2:1:0:2
1:4:1:2:2:2:3:1:1:,clone,4759.0318696217755,1:4:1:2:2:2:3:1:1
1:4:1:2:1:2:3:1:1:,clone,4759.0318696217755,1:4:1:2:2:2:3:1:1
1:4:1:2:1:2:3:1:1:,clone,4617.0703981511815,1:4:1:2:1:2:3:1:1
1:4:1:2:1:2:3:1:0:,clone,4693.4572942057275,1:4:1:2:1:2:3:1:0
0:3:0:2:2:3:3:1:0:,recombination,4759.777561418535,1:4:0:3:3:1:1:0:2,0:2:1:1:1:4:3:1:0
0:3:1:2:2:3:3:1:0:,clone,4981.016637977836,0:3:1:2:2:3:3:1:0
0:3:1:0:0:4:4:2:0:,recombination,4857.59816882035,1:4:1:4:4:0:1:0:1,0:3:1:2:2:3:3:1:0
0:3:1:2:1:2:3:1:0:,clone,4740.829911140669,0:3:1:1:1:2:3:1:0
0:3:1:2:1:3:3:1:0:,clone,4809.527353386037,0:3:1:2:1:2:3:1:0
0:3:1:2:1:3:3:1:0:,recombination,4346.177971251824,0:3:1:2:1:2:3:1:0,0:3:1:2:2:3:3:1:0
0:3:1:1:1:3:3:1:0:,recombination,4428.97897349212,1:4:1:2:1:2:3:1:0,1:4:1:2:2:3:2:0:1,MUTATE
0:2:1:0:0:4:4:2:0:,clone,4447.749926989556,0:2:1:0:0:4:4:1:0
0:2:1:0:0:4:4:1:0:,clone,4422.1531898332905,0:2:1:0:0:4:4:1:0
1:4:0:4:4:1:2:0:1:,recombination,6594.436278549154,1:4:1:3:2:2:2:1:1,0:3:1:0:0:4:4:1:0
1:4:0:4:4:1:2:0:2:,clone,6513.7286701404955,1:4:0:4:4:1:1:0:2
1:4:0:4:4:1:2:0:1:,clone,6467.904922936171,1:4:0:3:3:2:2:0:1
1:4:0:4:3:1:1:0:2:,clone,6075.355950420985,1:4:0:4:3:1:1:0:2
0:3:0:1:0:3:4:1:0:,recombination,5136.263284795926,1:4:0:3:4:1:1:0:1,1:4:1:2:2:2:3:1:0,MUTATE
1:4:0:2:1:3:3:1:0:,recombination,4941.725304491765,1:4:0:3:3:2:2:0:1,0:2:1:1:0:4:4:2:0
0:4:1:2:1:2:3:0:0:,clone,4475.4029080303735,0:4:1:2:1:2:3:0:0
