1:4:0:3:3:2:2:0:1:,initialisation,5103.416103369317,
1:4:1:2:2:2:2:1:1:,initialisation,4959.847157909606,
1:4:0:2:2:2:2:1:1:,initialisation,4732.698994739342,
1:4:0:3:2:2:2:1:2:,initialisation,4732.698994739343,
1:4:0:3:3:1:1:0:2:,initialisation,4834.15489792289,
1:4:1:2:1:2:3:1:1:,initialisation,5316.284690164999,
1:4:0:3:3:2:2:0:1:,initialisation,4970.681098120183,
1:4:0:3:3:1:2:0:1:,initialisation,5017.769429663913,
2:4:0:3:3:1:1:0:2:,initialisation,4655.7613459501,
1:4:0:2:2:2:2:0:1:,initialisation,4816.037409415801,
0:4:1:1:1:3:3:1:0:,initialisation,5579.183206458426,
1:4:1:2:2:1:1:0:1:,initialisation,4334.09052670082,
1:4:0:2:2:2:3:1:1:,initialisation,5857.114958334363,
1:4:0:2:2:2:2:1:1:,initialisation,4683.97874814289,
1:4:1:2:1:2:3:1:1:,initialisation,5277.731515962829,
1:4:1:2:2:2:2:1:1:,initialisation,4463.028783152772,
1:4:1:2:2:2:3:1:1:,initialisation,4911.676284717885,
1:4:0:3:3:1:1:0:1:,initialisation,4932.974434049216,
1:4:1:3:3:1:1:0:1:,initialisation,4846.974396568903,
1:4:1:2:2:2:3:1:1:,initialisation,4809.0397919537045,
0:4:1:1:1:2:3:0:0:,initialisation,4953.885627830852,
1:4:1:2:2:2:2:0:1:,initialisation,4774.149819925033,
1:4:1:2:2:1:2:0:1:,initialisation,4979.155825141458,
0:4:1:1:1:2:3:1:0:,initialisation,4661.090091421745,
1:4:0:2:1:3:3:1:1:,initialisation,5098.667667020614,
0:3:1:1:1:4:4:1:0:,initialisation,5712.8952939761375,
1:4:1:1:1:3:3:1:0:,initialisation,5836.869708219887,
1:4:0:2:1:3:3:1:1:,initialisation,4997.423433088266,
1:4:1:2:1:3:3:1:1:,initialisation,5179.753944334811,
1:4:1:2:2:1:2:0:1:,initialisation,4281.894320542138,
0:3:1:1:1:3:3:1:0:,initialisation,5406.566417416658,
1:4:0:2:2:2:2:1:1:,initialisation,4603.537040509387,
1:4:1:1:1:3:3:1:0:,initialisation,5207.188805293999,
1:4:0:3:3:1:1:0:1:,initialisation,4627.480122120698,
1:4:0:3:3:2:1:1:1:,initialisation,4703.977285468302,
1:4:0:1:1:3:3:1:1:,initialisation,5004.458455885645,
1:4:1:3:3:2:2:0:1:,initialisation,5177.339535325134,
1:4:1:3:3:1:1:0:1:,initialisation,4538.784678504546,
1:4:1:2:2:2:2:0:1:,initialisation,4430.015581590649,
1:4:0:2:2:2:2:1:1:,initialisation,4504.498048559405,
1:4:1:3:3:0:1:0:1:,initialisation,5052.22677272236,
0:4:1:2:2:2:2:0:0:,initialisation,5158.9873232487425,
1:3:0:1:1:3:3:1:0:,initialisation,5990.982577146522,
0:3:1:2:1:3:3:0:0:,initialisation,6401.962556139262,
1:4:0:2:2:3:2:1:1:,initialisation,5230.108643438674,
0:3:1:2:1:3:3:0:0:,initialisation,5263.887249898352,
1:4:0:2:2:1:2:0:1:,initialisation,4875.994483837999,
1:4:0:2:2:3:3:1:1:,initialisation,5295.231495254777,
1:4:1:2:1:2:3:1:1:,initialisation,4850.154162042716,
1:4:0:2:2:2:2:1:2:,initialisation,4732.698994739343,
0:4:1:2:2:2:3:0:0:,initialisation,5508.029091766357,
1:4:0:2:2:2:2:0:1:,initialisation,4355.548070362506,
1:4:1:3:3:2:2:1:1:,initialisation,5064.0269977667485,
1:4:0:3:3:1:1:0:1:,initialisation,4230.365949235365,
1:4:0:2:1:2:3:1:1:,initialisation,4732.698994739342,
1:4:1:2:2:3:2:1:1:,initialisation,4984.735624356297,
1:4:1:2:2:2:3:0:1:,initialisation,5951.78281136346,
1:4:1:2:2:1:1:0:1:,initialisation,4252.338722554085,
1:4:1:3:3:1:2:0:1:,initialisation,5532.925295492435,
0:3:1:1:1:3:3:1:0:,initialisation,5356.176775443912,
1:4:0:2:2:2:3:0:1:,initialisation,5647.701063292599,
1:4:0:2:2:1:2:0:1:,initialisation,4701.17375456699,
1:4:0:1:1:3:3:1:0:,initialisation,5136.314299998566,
0:4:1:1:1:3:3:1:0:,initialisation,5472.783722060347,
1:4:0:2:2:1:2:1:1:,initialisation,4860.277167408146,
1:4:0:3:2:1:2:0:1:,initialisation,5118.309094109965,
1:4:1:1:1:3:4:1:0:,initialisation,5491.626440798151,
1:4:0:2:2:1:2:1:1:,initialisation,4809.377247612197,
0:3:1:1:1:3:3:1:0:,initialisation,5292.146718354783,
1:4:0:2:2:2:3:1:1:,initialisation,5013.345660911293,
1:4:1:1:1:3:3:1:1:,initialisation,5627.827617133353,
1:4:0:3:3:2:2:0:1:,initialisation,4944.189242573424,
0:3:0:2:2:2:3:0:0:,initialisation,5124.753672459017,
1:4:0:2:2:1:2:1:2:,initialisation,4732.698994739343,
1:4:0:2:2:1:2:1:1:,initialisation,4644.027432422471,
1:4:0:2:2:3:2:1:1:,initialisation,4732.698994739343,
1:4:1:2:2:2:3:0:1:,initialisation,5207.664274002916,
1:4:0:3:2:1:2:0:1:,initialisation,5067.429702434252,
1:4:1:2:1:3:3:1:1:,initialisation,5079.035241772854,
1:4:0:1:1:2:3:1:1:,initialisation,4407.494127715259,
1:4:1:3:4:0:0:0:1:,initialisation,4590.507568011315,
0:3:1:2:2:3:3:0:0:,initialisation,6605.9704493442605,
1:4:0:2:1:2:3:0:1:,initialisation,5478.451112092907,
1:4:0:2:1:3:3:1:1:,initialisation,4732.698994739343,
0:4:0:2:2:2:3:1:0:,initialisation,5131.692539226353,
1:4:0:3:3:1:2:1:1:,initialisation,4724.531171169632,
0:3:1:1:1:3:4:1:0:,initialisation,5480.257355190362,
0:4:1:2:2:2:2:0:0:,initialisation,5077.328280179399,
0:3:1:1:1:3:3:1:0:,initialisation,5180.10899361175,
0:4:1:2:2:2:2:1:0:,initialisation,4678.422857767041,
0:3:1:2:2:2:3:0:0:,initialisation,5318.759779480826,
1:4:0:3:2:2:2:0:1:,initialisation,5034.487157077555,
1:4:1:2:1:3:3:1:1:,initialisation,4807.058385352645,
0:3:1:1:1:3:3:0:0:,initialisation,5684.179581259321,
1:4:0:2:2:1:2:0:1:,initialisation,4653.252613209678,
1:4:0:2:2:3:2:1:1:,initialisation,4732.698994739342,
1:4:1:2:1:3:3:0:1:,initialisation,5036.300574431833,
1:4:1:3:3:1:1:0:1:,initialisation,4449.559444779907,
0:4:1:2:2:2:3:0:0:,initialisation,5275.791281815675,
1:4:0:2:2:3:3:1:1:,initialisation,5216.402086760634,
0:4:1:2:2:1:2:0:0:,initialisation,4684.431598914574,
1:4:0:3:3:1:1:0:1:,initialisation,4194.826750165222,
1:4:1:2:1:2:3:0:1:,initialisation,5071.193857880442,
1:4:0:2:2:1:2:0:1:,initialisation,4513.5477465182385,
1:4:0:2:2:2:2:1:2:,initialisation,4732.698994739342,
1:4:0:2:2:3:3:1:1:,initialisation,5210.943209536222,
0:3:1:1:1:3:4:0:0:,initialisation,6148.0716525876205,
1:4:0:1:1:2:3:1:1:,initialisation,4241.750326961081,
1:4:0:2:2:2:2:1:1:,initialisation,4342.301532018595,
1:4:0:2:2:2:2:1:1:,initialisation,4255.368002078431,
1:4:1:3:3:1:1:0:2:,initialisation,4505.393654088626,
1:4:1:2:2:3:3:1:1:,initialisation,5566.6252009479795,
1:4:1:1:1:3:3:1:1:,initialisation,5298.73570115696,
1:4:0:2:2:1:2:1:2:,initialisation,4660.338745635067,
1:4:1:2:2:3:3:1:1:,initialisation,5484.144415480715,
0:3:1:1:0:3:4:1:0:,initialisation,5753.585837916367,
0:4:1:2:2:2:2:0:0:,initialisation,4535.874953217504,
1:4:0:2:2:3:3:1:1:,initialisation,4983.117591418784,
0:4:1:2:2:1:2:0:0:,initialisation,4580.022747852763,
1:4:0:3:3:1:2:0:1:,initialisation,4786.243390612514,
0:3:1:1:1:2:3:1:0:,initialisation,5543.0677685231085,
1:3:0:1:1:3:3:1:0:,initialisation,5265.930417411636,
1:4:0:3:3:1:1:0:2:,initialisation,4715.34363031244,
1:4:1:2:2:3:3:1:1:,initialisation,5428.267426855659,
1:4:0:2:2:2:3:1:1:,initialisation,4839.184766677845,
0:4:1:2:1:3:3:1:0:,initialisation,5843.945752143428,
0:4:1:2:1:2:3:0:0:,initialisation,5678.52825056167,
1:4:1:1:1:2:3:1:1:,initialisation,5520.782308403289,
0:3:1:2:2:2:2:0:0:,initialisation,5093.885128849835,
1:4:0:3:3:1:1:0:2:,initialisation,4637.999821949818,
1:4:0:2:2:1:1:0:1:,initialisation,4381.301072290363,
1:4:0:2:1:2:3:1:1:,initialisation,4433.526122511665,
2:4:0:2:2:1:2:1:2:,initialisation,4732.698994739342,
2:4:0:2:2:1:2:1:2:,initialisation,4692.875697815187,
1:4:0:3:3:2:1:1:2:,initialisation,4732.698994739342,
0:4:1:2:2:2:3:0:0:,initialisation,5087.001667211355,
2:4:0:3:3:1:2:0:2:,initialisation,4852.170031375416,
1:4:1:2:1:2:3:1:0:,initialisation,5189.679722162121,
0:4:1:2:1:2:3:0:0:,initialisation,5528.453899067329,
1:4:0:3:3:1:2:0:1:,initialisation,4665.455643141391,
1:4:1:3:2:1:2:0:1:,initialisation,4959.472615367843,
1:3:0:2:2:3:3:1:0:,initialisation,5161.762296122064,
1:4:1:2:2:3:3:0:1:,initialisation,5743.914743986774,
0:3:1:1:1:2:3:1:0:,initialisation,5488.609115675966,
0:3:0:1:1:3:3:1:0:,initialisation,5797.873764741431,
0:4:1:1:1:2:2:1:0:,initialisation,4148.740620915935,
0:4:1:1:1:3:3:1:0:,initialisation,5234.453788948931,
1:4:0:3:2:1:2:0:1:,initialisation,5054.506320984521,
1:4:1:2:1:2:3:0:1:,initialisation,4738.699653914282,
1:4:0:1:1:3:3:1:1:,initialisation,4732.698994739343,
0:3:1:2:1:2:3:0:0:,initialisation,5863.378556892234,
1:4:1:2:1:3:3:1:0:,initialisation,5426.33695477149,
1:4:1:1:1:2:3:1:0:,initialisation,5141.828867109447,
1:4:1:2:2:3:3:0:1:,initialisation,5553.7083560172605,
0:3:1:1:1:2:3:0:0:,initialisation,5751.951784175632,
0:4:1:2:1:3:3:0:0:,initialisation,6656.066350219089,
0:3:1:1:1:3:3:1:0:,initialisation,4966.922591820958,
0:4:1:3:3:2:2:0:0:,initialisation,5460.951493295705,
0:3:0:2:1:2:3:1:0:,initialisation,4965.776126408222,
1:4:0:2:2:3:2:1:1:,initialisation,4588.022989621995,
0:3:1:1:0:4:4:1:0:,initialisation,7132.503243436928,
1:4:1:1:1:3:3:1:1:,initialisation,5098.766043994284,
1:4:0:2:2:1:2:0:2:,initialisation,4656.766706992933,
1:4:0:3:3:2:2:1:2:,initialisation,4732.698994739343,
0:4:1:2:1:3:3:1:0:,initialisation,5503.251395691598,
1:4:0:2:2:2:1:0:1:,initialisation,4452.912177180681,
1:4:1:1:1:3:3:1:0:,initialisation,5195.387758325244,
0:3:1:2:1:3:3:1:0:,initialisation,5590.024325707539,
0:4:1:3:3:1:2:0:0:,initialisation,5072.617471289084,
0:4:1:2:2:2:2:0:0:,initialisation,4278.137225250836,
1:4:1:2:1:2:3:1:0:,initialisation,4694.3142852446845,
1:4:1:2:2:1:2:1:1:,initialisation,4513.849630621852,
1:4:1:1:1:2:3:1:1:,initialisation,5026.050639916144,
1:4:1:3:3:0:0:0:1:,initialisation,4170.671945539049,
1:4:0:3:3:2:2:0:1:,initialisation,4886.254379393376,
0:3:1:1:1:2:3:0:0:,initialisation,5266.435561021359,
1:4:1:1:1:2:3:0:1:,initialisation,4972.79259663848,
1:4:0:1:1:3:3:1:1:,initialisation,4687.188843430199,
1:4:1:3:3:1:2:0:1:,initialisation,4730.483397160163,
0:3:0:1:1:3:4:1:0:,initialisation,5305.117764654171,
1:4:0:2:2:1:1:1:1:,initialisation,4429.43435451313,
1:4:0:3:2:2:2:1:2:,initialisation,4732.698994739342,
1:4:0:2:2:3:3:0:1:,initialisation,6104.3226777244945,
1:4:1:1:1:3:3:1:1:,initialisation,5052.795188422246,
0:4:1:2:2:2:3:1:0:,initialisation,5503.736964598608,
0:3:1:2:2:2:2:1:0:,initialisation,5157.549449019713,
1:4:0:3:3:0:1:0:1:,initialisation,4462.331147350759,
0:4:1:3:3:1:2:0:0:,initialisation,4962.717608024683,
1:4:0:3:3:2:1:0:1:,initialisation,4840.169044595102,
1:4:1:1:1:3:3:1:0:,initialisation,4534.392138269695,
1:4:1:3:3:2:2:0:1:,initialisation,4920.290317980437,
1:4:1:3:2:2:2:0:1:,initialisation,5183.2423399151085,
0:3:1:1:0:4:4:1:0:,initialisation,5294.398474345094,
1:4:0:2:1:3:3:1:1:,initialisation,4637.937903630404,
0:3:1:2:1:3:3:1:0:,initialisation,5367.29816735049,
2:4:0:3:3:2:1:0:2:,initialisation,4732.698994739345,
1:4:0:3:3:0:0:0:2:,initialisation,4217.705114040216,
0:3:1:2:1:3:3:1:0:,initialisation,5112.46327568304,
0:3:1:2:2:2:3:0:0:,initialisation,5123.795418599688,
0:3:1:2:1:2:3:0:0:,initialisation,5671.376297182091,
2:4:0:3:3:1:1:1:2:,initialisation,4732.698994739344,
1:4:0:2:2:3:3:1:1:,initialisation,4688.601966697077,
1:4:0:2:2:2:3:0:1:,initialisation,5252.281701293095,
1:4:0:3:3:2:2:1:2:,initialisation,4704.739029070976,
1:4:0:3:2:2:2:0:1:,initialisation,4633.784050683528,
1:4:0:2:2:1:2:1:1:,initialisation,4504.81157338565,
1:4:0:2:2:2:2:1:0:,initialisation,4892.366066320785,
1:4:0:2:2:1:2:0:1:,initialisation,4476.203339369373,
0:3:1:1:1:3:3:1:0:,initialisation,4850.323367219639,
1:4:0:3:2:2:2:1:1:,initialisation,5160.8163758657,
0:4:1:2:1:3:3:1:0:,initialisation,5457.311557200111,
1:4:0:2:1:3:3:1:0:,initialisation,4776.662380659959,
1:4:0:1:1:3:3:1:1:,initialisation,4574.446110045038,
0:4:1:1:1:3:3:1:0:,initialisation,5057.299905230032,
1:4:0:2:2:1:2:0:1:,initialisation,4452.198285870966,
0:4:1:2:2:2:3:1:0:,initialisation,4961.322113672883,
0:4:1:2:1:3:3:0:0:,initialisation,5525.660162484037,
1:4:1:3:3:1:1:0:1:,initialisation,4295.549308366117,
1:4:1:2:1:2:3:1:1:,initialisation,4718.23730591781,
0:3:1:1:1:3:3:0:0:,initialisation,5632.88419617164,
1:4:1:1:1:2:3:1:0:,initialisation,4507.490961840417,
0:3:1:2:2:1:3:0:0:,initialisation,4816.80267177643,
0:3:1:2:2:2:2:0:0:,initialisation,4773.802412256683,
1:3:0:1:1:2:3:1:0:,initialisation,4988.690532840991,
1:4:1:2:2:3:3:1:1:,initialisation,5368.54419102159,
1:4:1:3:3:2:1:0:1:,initialisation,4889.484346244728,
0:4:1:3:2:2:2:0:0:,initialisation,5197.347934078043,
1:4:0:3:3:2:2:0:1:,initialisation,4772.30232404945,
0:2:1:0:0:4:4:1:0:,initialisation,5763.945892678607,
1:4:1:2:2:1:2:0:1:,initialisation,4198.211943434452,
1:4:0:3:3:1:1:1:1:,initialisation,4423.580211610413,
1:4:0:2:2:1:2:0:1:,initialisation,4264.846505094119,
0:4:1:2:2:1:2:0:0:,initialisation,4397.508593991274,
0:4:1:1:1:3:3:1:0:,initialisation,4681.525386348238,
0:3:1:2:2:1:2:0:0:,initialisation,4564.79350288723,
1:4:1:2:2:2:2:0:1:,initialisation,4403.171796661975,
0:4:1:2:1:2:3:0:0:,initialisation,5446.522351647692,
1:4:1:3:3:1:2:1:1:,initialisation,4872.833672852514,
1:4:1:2:2:3:3:1:1:,initialisation,5299.374931400566,
1:4:0:3:3:1:2:0:2:,initialisation,5223.378404467222,
1:4:1:2:2:3:3:1:1:,initialisation,5269.7093295419845,
1:4:0:3:2:1:2:0:1:,initialisation,4961.199077481917,
1:4:1:3:2:2:2:0:1:,initialisation,5021.451701656511,
1:4:1:2:2:2:2:1:0:,initialisation,4397.360992784317,
0:3:1:1:1:2:3:1:0:,initialisation,5142.292432836476,
0:3:1:2:1:2:3:1:0:,initialisation,4677.058684873925,
1:4:0:2:2:1:1:0:1:,initialisation,4268.007258054417,
1:4:1:3:3:1:1:0:1:,initialisation,4240.118576627665,
1:4:0:3:3:1:1:0:2:,initialisation,4542.638123743457,
2:4:0:3:3:1:2:0:2:,initialisation,4732.698994739344,
1:4:0:3:2:1:2:0:1:,initialisation,4817.785662996198,
1:4:0:3:3:1:1:0:1:,initialisation,4153.7710750092165,
1:4:1:2:1:2:3:1:1:,initialisation,4603.850990221765,
0:4:1:3:3:1:1:0:0:,initialisation,5287.160973071745,
0:3:1:1:1:3:3:1:0:,initialisation,4597.608886242404,
1:4:1:1:1:3:3:1:1:,initialisation,4751.123254636896,
1:4:0:2:1:3:3:1:0:,initialisation,4411.324803068661,
1:4:0:3:3:2:2:1:1:,initialisation,4732.698994739344,
1:4:1:2:2:2:3:1:0:,initialisation,5689.896518258572,
1:4:0:3:4:0:1:0:1:,initialisation,4929.495013140602,
0:4:1:1:1:3:3:0:0:,initialisation,5468.416373143551,
1:4:0:3:2:2:2:1:1:,initialisation,5015.995683797375,
1:4:1:2:2:2:2:0:1:,initialisation,4336.7685706522025,
0:3:0:2:2:2:2:0:0:,initialisation,4759.677792116252,
1:4:0:3:3:0:1:0:2:,initialisation,4591.63521455418,
0:4:1:2:2:1:1:0:0:,initialisation,4158.017195523668,
0:4:1:2:2:3:3:1:0:,initialisation,5582.3049662908825,
1:4:0:2:2:3:2:0:1:,initialisation,5532.21135057394,
1:4:1:3:3:0:1:0:1:,initialisation,4816.253161840221,
1:4:1:2:2:3:2:1:1:,initialisation,4926.596912287245,
1:4:0:3:3:1:1:0:2:,initialisation,4529.766076563775,
2:4:0:3:3:2:2:1:2:,initialisation,4732.698994739342,
1:4:1:3:3:1:1:0:1:,initialisation,4183.7463457194535,
0:4:1:3:3:1:2:0:0:,initialisation,4904.353563513196,
0:4:1:2:2:1:2:0:0:,initialisation,4264.669159603031,
0:4:1:2:1:2:3:1:0:,initialisation,6125.540191583,
0:3:1:1:1:3:3:0:0:,initialisation,5350.674746236599,
1:4:1:2:2:2:2:1:1:,initialisation,4289.671875014324,
1:4:1:2:2:2:3:0:1:,initialisation,5132.332001615007,
1:4:1:3:3:0:1:0:1:,initialisation,4141.549124091086,
1:4:0:2:1:2:3:0:1:,initialisation,4791.565432704818,
2:4:0:3:3:1:1:0:2:,initialisation,4514.600838650139,
1:4:1:2:2:1:1:0:1:,initialisation,4245.50554197649,
0:4:1:2:1:3:3:1:0:,initialisation,5240.316739056761,
1:4:1:2:2:2:3:0:1:,initialisation,5079.650565899133,
1:4:0:2:2:2:3:1:1:,initialisation,4835.29415963677,
1:4:0:3:3:0:0:0:1:,initialisation,3855.055874601372,
1:4:1:3:3:2:2:0:1:,initialisation,4794.068535337572,
1:4:1:2:2:3:3:1:1:,initialisation,5166.734495031871,
2:4:0:2:2:2:2:1:2:,initialisation,4732.698994739343,
1:4:0:3:3:2:1:0:1:,initialisation,4761.005267765995,
0:3:1:1:0:3:4:1:0:,initialisation,5578.556951046437,
1:4:1:2:2:2:3:1:1:,initialisation,4788.784442792582,
1:4:0:3:3:2:1:0:1:,initialisation,4720.577880164414,
1:4:1:4:4:0:0:0:1:,initialisation,4753.477631718264,
1:4:1:2:1:3:3:1:0:,initialisation,5220.273682041272,
0:3:1:1:1:3:3:1:0:,initialisation,4573.861692144433,
0:4:1:2:1:3:3:1:0:,initialisation,5157.26058601301,
1:4:1:3:3:1:1:1:1:,initialisation,4570.411876710732,
2:4:0:3:3:0:1:0:2:,initialisation,4412.4695151074375,
1:4:0:2:1:2:2:0:1:,initialisation,4440.7232635707305,
1:4:0:3:3:1:2:1:2:,initialisation,4732.698994739343,
1:4:1:3:2:2:2:0:1:,initialisation,4711.957692405103,
0:3:1:2:2:2:3:0:0:,initialisation,4781.354071330251,
0:4:1:2:1:2:3:1:0:,initialisation,5221.114978572513,
0:3:1:2:1:2:3:0:0:,initialisation,5472.820897897625,
0:3:1:1:1:3:3:0:0:,initialisation,4786.715609604322,
1:4:1:2:2:3:3:1:0:,initialisation,5443.089616544028,
1:4:1:2:2:3:2:1:1:,initialisation,4811.149801169022,
1:4:1:2:2:3:3:1:1:,initialisation,5083.889699047229,
1:4:0:3:2:2:1:0:1:,initialisation,4538.7345299133385,
1:4:1:2:1:3:3:1:0:,initialisation,4681.971456039663,
0:4:1:3:3:1:2:0:0:,initialisation,4683.189606383338,
1:4:1:1:1:2:3:1:1:,initialisation,4425.47301561311,
0:3:1:2:2:3:3:1:0:,initialisation,5792.994240008311,
1:4:0:2:2:2:3:0:1:,initialisation,5227.23436233365,
0:4:1:1:1:3:4:0:0:,initialisation,5767.686702356012,
1:4:0:3:2:1:2:0:1:,initialisation,4752.191645884892,
2:4:0:3:3:1:1:1:2:,initialisation,4732.698994739342,
1:4:0:2:3:1:1:0:1:,initialisation,3975.9075761954105,
1:4:0:2:2:1:2:1:1:,initialisation,4387.6844477877785,
0:3:1:2:2:3:3:0:0:,initialisation,6010.513988226259,
1:4:0:2:2:2:3:1:1:,initialisation,4772.234800817007,
1:4:0:1:1:3:3:1:0:,initialisation,4582.106228523246,
1:4:1:2:2:3:3:1:0:,initialisation,5233.807402321416,
1:4:0:3:3:1:1:0:1:,initialisation,4134.658509671766,
1:4:0:3:3:2:2:1:1:,initialisation,4732.698994739343,
0:3:0:1:1:3:3:1:0:,initialisation,5161.835617565935,
0:4:1:2:2:3:3:1:0:,initialisation,5550.356559511874,
0:3:1:2:1:2:3:0:0:,initialisation,4862.843995774259,
2:4:0:4:4:0:1:0:2:,initialisation,4903.023535606805,
0:4:1:2:2:3:3:0:0:,initialisation,5634.1654271511425,
1:4:1:3:2:1:2:0:1:,initialisation,4851.194804621519,
1:4:1:2:2:2:2:0:1:,initialisation,4224.625262308028,
1:4:1:3:2:1:2:0:1:,initialisation,4800.617997406697,
0:4:0:2:2:3:3:1:0:,initialisation,6009.659670413359,
1:4:0:2:2:3:3:0:1:,initialisation,6097.948983052298,
2:4:0:3:3:1:2:1:2:,initialisation,4732.698994739343,
1:4:0:2:2:1:2:0:1:,initialisation,4210.106170595991,
0:4:1:2:2:3:3:1:0:,initialisation,5535.325659040313,
0:3:0:1:1:3:3:1:0:,initialisation,4769.272540071899,
1:4:1:3:2:1:2:0:1:,initialisation,4636.053656196307,
1:4:0:2:2:2:3:0:1:,initialisation,5148.242647857921,
1:4:0:3:3:1:2:0:1:,initialisation,4651.053622272598,
1:4:1:2:2:1:1:0:1:,initialisation,4118.408724663905,
2:4:0:4:4:0:0:0:2:,initialisation,4620.61384984458,
1:4:0:3:2:2:2:1:2:,initialisation,4685.8284857584695,
2:4:0:3:3:1:1:1:2:,initialisation,4732.698994739341,
0:3:1:2:2:2:3:1:0:,initialisation,5593.794162940415,
1:4:0:2:2:2:2:1:1:,initialisation,4202.689136067322,
1:4:1:2:2:1:2:1:1:,initialisation,4307.337127642726,
0:4:1:1:1:3:4:1:0:,initialisation,6407.008693512185,
1:4:1:2:1:2:3:1:1:,initialisation,4500.55217888993,
0:4:1:2:2:1:2:0:0:,initialisation,4072.258673243931,
1:3:0:2:1:3:3:1:0:,initialisation,5028.742111097703,
0:4:1:2:1:1:3:0:0:,initialisation,5569.8971363962,
0:4:1:2:2:3:3:1:0:,initialisation,5410.480240713792,
1:4:1:1:1:3:3:1:1:,initialisation,4743.188220134885,
1:4:0:2:2:2:3:1:1:,initialisation,4732.698994739343,
1:3:0:1:1:3:3:1:0:,initialisation,5081.856556742209,
0:4:1:1:1:3:4:1:0:,initialisation,6390.118562204986,
0:4:1:1:1:3:4:1:0:,initialisation,5811.851418147428,
0:3:1:2:2:2:2:0:0:,initialisation,4613.4808923110795,
0:4:1:2:1:2:3:0:0:,initialisation,5011.325099186361,
1:4:1:2:1:2:3:1:0:,initialisation,4576.092105454064,
0:3:1:2:2:2:2:0:0:,initialisation,4463.970180415256,
0:4:1:1:1:2:3:1:0:,initialisation,4355.77305589161,
1:4:0:2:2:2:2:1:2:,initialisation,4661.383994597073,
1:4:1:2:2:3:2:0:1:,initialisation,5832.880679763316,
1:4:0:3:3:2:2:0:2:,initialisation,5287.813675927578,
1:4:1:3:2:1:1:0:1:,initialisation,4540.468054942554,
1:3:0:1:1:3:3:2:0:,initialisation,4732.698994739343,
1:4:0:2:2:1:1:0:1:,initialisation,4101.322544165092,
2:4:0:3:3:2:1:0:2:,initialisation,4732.698994739344,
1:4:0:3:3:0:1:0:1:,initialisation,3735.983932970636,
0:3:1:2:2:3:3:0:0:,initialisation,5838.482429958501,
0:4:1:2:1:2:3:1:0:,initialisation,5009.240075807792,
0:3:1:2:2:2:3:1:0:,initialisation,5155.497586996415,
2:4:0:3:3:2:1:1:2:,initialisation,4732.698994739344,
0:4:1:2:1:3:3:0:0:,initialisation,4960.270059654389,
1:3:0:1:1:2:3:1:0:,initialisation,4710.101068538921,
1:4:1:3:4:1:1:0:2:,initialisation,5094.38149409794,
0:3:1:1:1:2:3:0:0:,initialisation,5217.051143836692,
1:4:0:3:3:2:1:0:1:,initialisation,4692.400074942547,
1:4:1:2:2:2:2:0:1:,initialisation,4053.7067841393664,
0:4:1:3:3:1:1:0:0:,initialisation,4829.741742669457,
1:4:0:3:3:2:2:0:1:,initialisation,4686.508198068794,
1:4:0:3:3:1:2:0:1:,initialisation,4614.540810901009,
1:4:0:3:2:2:2:1:1:,initialisation,4732.698994739343,
1:4:0:2:2:1:2:0:1:,initialisation,4169.800604181501,
1:4:0:3:2:2:2:0:1:,initialisation,4622.546867133461,
1:4:0:2:2:2:2:0:1:,initialisation,4299.993276205872,
1:4:0:2:2:2:3:1:1:,initialisation,4732.698994739342,
0:3:1:1:1:3:4:1:0:,initialisation,5223.62759920739,
2:4:0:3:3:2:1:1:2:,initialisation,4732.698994739342,
1:4:0:3:3:1:1:0:1:,initialisation,4132.899772694908,
2:4:0:4:4:0:0:0:2:,initialisation,4527.387147489656,
1:4:1:2:2:1:2:1:1:,initialisation,4097.2882674020075,
1:4:1:2:2:2:3:1:1:,initialisation,4743.777548787526,
1:4:0:3:4:1:1:0:2:,initialisation,5039.679927518149,
0:4:1:2:2:3:3:1:0:,initialisation,5211.7872060928,
2:4:0:2:2:2:2:1:2:,initialisation,4732.698994739342,
0:4:1:1:1:4:4:1:0:,initialisation,5396.934204381605,
1:4:1:1:1:3:3:1:0:,initialisation,4335.589543929813,
1:4:1:2:2:3:3:1:1:,initialisation,5076.130186730174,
1:4:0:2:2:1:1:0:1:,initialisation,3864.4591111764394,
1:4:1:3:2:2:2:1:1:,initialisation,5138.499858680927,
1:4:0:3:3:2:1:1:1:,initialisation,4638.576722265863,
1:4:1:2:2:2:3:0:1:,initialisation,5038.6758398462025,
1:4:0:3:3:2:1:0:2:,initialisation,4782.502198537552,
1:4:1:2:2:3:3:1:0:,initialisation,5182.617130675147,
1:4:1:2:2:3:3:0:1:,initialisation,5465.793322275553,
1:4:0:2:2:1:2:1:1:,initialisation,4359.843014933369,
1:4:1:2:2:3:3:1:1:,initialisation,5063.408555375063,
1:4:1:3:3:2:1:0:1:,initialisation,4597.36089451438,
1:4:1:3:3:1:2:0:1:,initialisation,4699.934192143571,
1:4:0:3:3:1:2:0:2:,initialisation,5156.689931303807,
2:4:0:3:3:1:1:0:2:,initialisation,4389.713712045011,
1:4:0:2:2:2:3:1:0:,initialisation,4838.183120710571,
1:4:1:2:2:2:3:1:0:,initialisation,4971.982502208939,
1:4:0:2:2:2:1:0:1:,initialisation,4321.919943187062,
0:3:1:2:2:3:3:1:0:,initialisation,4916.089424441962,
1:4:1:1:1:3:3:0:1:,initialisation,4679.926547828057,
1:4:0:3:3:1:2:0:2:,initialisation,4895.408251287858,
1:4:1:3:3:0:0:0:1:,initialisation,4113.057992574094,
1:4:1:2:1:3:3:1:1:,initialisation,4805.227788099291,
0:3:1:2:1:3:3:1:0:,initialisation,4973.109266612894,
1:4:1:2:1:3:3:1:1:,initialisation,4632.635773321118,
0:3:0:2:2:2:2:1:0:,initialisation,4600.487065383572,
0:3:1:2:1:3:3:0:0:,initialisation,5103.967685303641,
0:3:0:2:2:2:2:1:0:,initialisation,4587.992172878787,
1:4:0:2:2:2:2:0:1:,initialisation,4298.216283251038,
1:4:1:2:1:2:2:0:1:,initialisation,4181.68032643531,
1:4:1:2:2:2:3:0:1:,initialisation,4914.524293166749,
1:4:1:2:2:3:2:1:0:,initialisation,5166.763040601333,
2:4:0:4:4:0:0:0:2:,initialisation,4342.1635103185745,
1:4:0:3:4:1:1:0:2:,initialisation,4769.008799405265,
0:3:1:1:1:2:3:1:0:,initialisation,4674.035010588898,
1:4:0:3:3:1:2:0:2:,initialisation,4826.054508263294,
0:3:1:1:0:3:4:1:0:,initialisation,5111.567423239522,
1:4:1:1:1:3:3:1:1:,initialisation,4648.099435915377,
0:3:0:2:2:2:3:1:0:,initialisation,4902.736534246859,
0:3:1:2:1:3:3:1:0:,initialisation,4953.003136804717,
1:4:1:3:3:1:0:0:1:,initialisation,4271.415450063574,
1:4:0:3:3:2:2:1:1:,initialisation,4732.698994739342,
1:4:0:3:2:1:2:1:1:,initialisation,4798.944399766677,
0:3:1:1:1:2:3:0:0:,initialisation,4508.4085774131045,
2:4:0:3:3:1:2:0:2:,initialisation,4732.698994739343,
0:4:1:3:3:1:1:0:0:,initialisation,4552.435632806364,
0:2:1:1:1:3:3:0:0:,initialisation,6406.439995270719,
1:4:0:4:4:0:0:0:2:,initialisation,4695.131896155191,
0:4:1:2:1:1:3:0:0:,initialisation,5347.685959230001,
1:4:1:2:1:2:3:0:1:,initialisation,4572.845006962768,
0:4:1:3:3:2:2:0:0:,initialisation,5389.974085084976,
0:3:1:2:1:3:3:1:0:,initialisation,4946.9956897384955,
1:4:0:3:2:1:2:0:2:,initialisation,4750.773327331831,
1:3:0:1:1:3:3:1:0:,initialisation,4927.12317922543,
1:3:0:2:1:2:3:1:0:,initialisation,4489.00254314071,
1:4:1:3:3:2:1:0:1:,initialisation,4595.572999278242,
0:3:1:1:0:3:4:0:0:,initialisation,6876.864695210385,
1:4:1:2:2:3:3:1:0:,initialisation,5049.692666737457,
2:4:0:3:3:1:2:1:2:,initialisation,4732.698994739342,
1:4:1:2:2:1:1:1:1:,initialisation,4386.818321821734,
0:4:1:2:2:2:3:0:0:,initialisation,4969.111691565977,
0:3:0:1:1:3:3:1:0:,initialisation,4705.599037770586,
1:4:1:2:2:2:2:1:1:,initialisation,4289.091614330638,
1:4:1:3:2:2:2:1:1:,initialisation,5101.465442424609,
1:4:0:2:3:2:1:1:1:,initialisation,4286.758157917743,
1:4:1:2:2:3:3:1:1:,initialisation,4890.749219564155,
0:3:1:1:1:3:4:1:0:,initialisation,5200.982153186324,
1:4:1:2:1:2:2:1:0:,initialisation,4305.127652599548,
1:4:0:4:4:0:0:0:1:,initialisation,4334.432534682526,
0:3:0:1:1:3:3:1:0:,initialisation,4590.5201784223555,
1:4:1:2:2:3:2:0:1:,initialisation,5280.342089892099,
0:4:1:3:3:0:1:0:1:,initialisation,4352.688424822229,
0:3:1:0:0:4:4:1:0:,initialisation,5299.234556662623,
0:2:1:1:0:3:4:1:0:,initialisation,5968.351241014848,
0:4:1:2:2:2:3:0:0:,initialisation,4917.480404519321,
1:4:0:2:2:1:2:0:1:,initialisation,4164.897866284382,
1:4:1:2:2:3:3:1:1:,initialisation,4850.368521672061,
0:4:1:2:2:3:3:0:0:,initialisation,5545.135247809527,
1:4:0:2:1:2:3:1:0:,initialisation,4815.907276343846,
0:3:1:1:0:3:4:0:0:,initialisation,5180.165785116142,
1:4:0:3:3:2:1:1:1:,initialisation,4435.834579012631,
0:4:1:2:2:2:2:1:0:,initialisation,4544.303561192547,
0:4:1:3:3:1:1:0:1:,initialisation,4548.187152112523,
0:3:0:1:1:4:3:1:0:,initialisation,4911.731979184845,
1:4:1:2:2:2:2:1:1:,initialisation,4273.3199571484665,
1:4:1:2:2:2:3:0:1:,initialisation,4718.429267836875,
1:4:0:2:2:3:2:1:1:,initialisation,4427.011327157677,
0:4:1:2:2:3:3:0:0:,initialisation,5475.798879004065,
0:4:1:2:1:3:3:1:0:,initialisation,5090.164595730277,
0:3:1:1:1:4:4:1:0:,initialisation,5625.636794247864,
1:4:0:2:2:2:2:1:1:,initialisation,4186.418411971052,
0:4:1:2:2:2:3:1:0:,initialisation,4915.104851806244,
0:4:1:2:2:3:3:0:0:,initialisation,5436.165630822815,
1:4:0:4:4:0:0:0:2:,initialisation,4475.569275114855,
0:3:1:1:1:4:3:1:0:,initialisation,5514.370636505026,
1:4:1:3:3:0:1:0:1:,initialisation,4005.940732036341,
1:4:1:2:2:2:2:1:0:,clone,4367.000567443173,1:4:1:2:2:2:2:1:0
0:4:1:1:1:3:3:0:0:,recombination,5297.816086695424,1:4:0:1:1:2:3:1:1,0:3:1:2:1:3:3:0:0,MUTATE
2:4:0:3:2:1:2:1:2:,recombination,4764.738089441201,1:4:1:2:2:2:2:1:0,2:4:0:3:3:1:2:0:2
0:4:1:2:2:2:3:0:0:,clone,4839.392246684863,0:4:1:2:2:2:3:0:0
1:4:1:2:2:3:3:0:1:,recombination,5410.771982124749,1:4:0:2:2:1:2:0:1,1:4:1:2:2:3:3:0:1,MUTATE
1:4:1:2:2:1:2:0:1:,clone,4060.7965294654537,0:4:1:2:2:1:2:0:0
0:3:1:1:1:4:4:1:0:,clone,5396.934204381605,0:4:1:1:1:4:4:1:0
0:4:1:2:2:1:3:0:0:,recombination,5347.685959230001,0:4:1:2:1:1:3:0:0,1:4:0:3:3:1:2:0:2
1:4:1:2:1:3:3:1:0:,recombination,4625.64983428126,1:4:1:2:1:3:3:1:0,1:4:0:2:2:2:2:1:1,MUTATE
0:3:0:1:1:2:3:1:0:,clone,5178.695721230082,0:3:0:2:1:2:3:1:0
0:3:1:2:1:2:3:1:0:,recombination,4647.12429885644,0:3:1:2:1:2:3:1:0,0:4:1:2:1:3:3:0:0,MUTATE
1:4:1:2:2:3:3:1:0:,recombination,4621.748164778369,1:4:1:2:1:2:3:1:1,0:3:1:2:1:3:3:1:0
1:4:1:2:3:1:1:0:1:,clone,3906.743361553891,0:4:1:2:2:1:1:0:0
1:4:0:2:2:1:2:1:1:,recombination,4319.033161303994,1:4:1:1:1:3:3:1:0,1:4:0:2:2:1:2:1:1
1:4:1:2:2:1:1:0:1:,clone,3864.4591111764394,1:4:0:2:2:1:1:0:1
0:2:1:1:1:3:4:0:0:,recombination,6401.190052132936,0:3:1:1:1:3:4:1:0,0:2:1:1:1:3:3:0:0,MUTATE
1:4:1:2:2:2:2:1:1:,recombination,4251.879861640779,1:4:0:3:2:2:2:0:1,1:4:0:2:2:2:2:1:1
2:4:0:4:4:0:0:0:2:,recombination,4143.468801248292,1:4:1:3:3:1:2:0:1,2:4:0:4:4:0:0:0:2
1:4:1:2:1:3:3:1:0:,recombination,4624.035341327994,1:4:1:2:2:3:3:1:0,1:4:0:4:4:0:0:0:2,MUTATE
1:4:1:2:2:2:1:0:1:,clone,4157.688899594699,1:4:1:2:2:2:2:0:1
1:4:0:3:3:2:1:1:2:,clone,4624.258579672537,2:4:0:3:3:2:1:1:2
0:3:1:2:1:3:3:1:0:,recombination,4458.429633999366,0:3:1:1:1:3:3:1:0,1:4:0:2:1:3:3:1:0,MUTATE
1:4:0:3:3:2:1:0:1:,clone,4563.17956485481,1:4:1:3:3:2:1:0:1
1:4:1:3:3:1:1:0:1:,recombination,4130.76760946009,1:4:0:4:4:0:0:0:1,1:4:0:3:3:0:1:0:1
0:4:1:3:3:0:1:0:0:,recombination,3912.599596190375,0:4:1:3:3:1:1:0:1,0:3:1:2:1:2:3:0:0,MUTATE
0:3:1:1:1:2:3:1:0:,recombination,4241.367292294735,0:4:1:2:2:2:3:0:0,0:4:1:1:1:2:2:1:0,MUTATE
1:4:1:3:3:2:1:0:1:,clone,4594.916417006136,1:4:0:3:3:2:1:0:1
1:4:0:1:1:2:3:1:0:,recombination,4408.694416820656,0:4:1:2:2:2:3:0:0,0:3:1:1:1:2:3:1:0,MUTATE
1:3:0:1:1:3:3:1:0:,recombination,4899.6078481295945,1:4:0:1:1:3:3:1:1,1:4:0:2:2:2:3:1:1,MUTATE
1:4:0:3:3:1:1:0:1:,clone,4069.5206244360174,1:4:0:2:3:1:1:0:1
1:4:0:2:2:2:2:1:1:,recombination,3843.823681121907,2:4:0:2:2:2:2:1:2,1:4:0:2:2:2:2:1:1,MUTATE
1:4:0:1:1:3:3:1:1:,recombination,4491.8662221537425,1:4:0:2:1:2:3:1:1,1:4:1:2:2:2:2:0:1,MUTATE
0:4:1:2:1:3:3:1:0:,clone,4971.982502208939,1:4:1:2:2:2:3:1:0
0:4:1:2:2:2:3:1:0:,clone,4892.303754625207,0:4:1:2:2:2:3:1:0
0:3:1:1:1:1:2:0:0:,recombination,3820.8659692738765,0:4:1:2:2:1:3:0:0,0:4:1:2:2:1:2:0:0,MUTATE
0:4:1:1:1:3:3:0:0:,clone,5250.773517991524,0:4:1:1:1:3:3:0:0
1:4:0:3:3:2:1:0:1:,clone,4526.6024085516565,1:4:0:3:3:2:1:0:1
0:3:0:1:1:3:3:1:0:,recombination,4575.634019810669,1:4:1:1:1:3:3:1:1,0:3:1:2:1:3:3:1:0,MUTATE
1:4:1:2:1:2:2:1:1:,recombination,4364.173506735745,1:4:1:2:1:2:2:0:1,0:3:1:1:1:3:3:1:0,MUTATE
0:4:1:1:1:2:3:0:0:,recombination,4386.572064706462,0:4:1:2:2:1:2:0:0,1:4:1:1:1:3:3:1:1,MUTATE
0:3:1:1:1:4:3:1:0:,clone,5234.511641190701,0:3:0:1:1:4:3:1:0
1:4:1:3:3:0:0:0:1:,recombination,3964.407289098265,1:4:0:3:3:1:1:0:1,1:4:1:3:3:0:0:0:1
0:4:1:2:2:3:2:1:0:,recombination,4477.746355094142,0:3:1:1:1:3:3:1:0,1:4:1:2:2:2:2:1:1,MUTATE
1:4:0:2:2:2:2:0:1:,recombination,4215.472089737655,0:4:1:1:1:2:2:1:0,2:4:0:3:3:1:1:0:2,MUTATE
1:4:1:3:4:0:1:0:1:,recombination,4747.115271940144,1:4:0:4:4:0:0:0:2,1:4:1:2:1:2:2:1:1
0:4:1:2:2:2:2:0:0:,clone,4146.38134928743,0:4:1:2:2:2:2:0:0
0:3:0:2:1:2:3:1:0:,clone,4823.450890070361,1:3:0:2:1:2:3:1:0
1:4:1:3:3:0:1:0:1:,clone,3964.407289098265,1:4:1:3:3:0:0:0:1
0:3:1:2:1:2:3:0:0:,clone,4618.979286018012,0:3:1:1:1:3:3:0:0
0:3:1:1:0:3:4:1:0:,clone,5042.228679678001,0:3:1:1:0:3:4:1:0
0:3:1:1:1:3:3:1:0:,clone,4218.990529248197,0:3:1:1:1:3:3:1:0
1:4:0:2:1:3:3:1:1:,recombination,4631.230295276012,1:4:1:2:2:3:3:1:0,1:4:0:2:2:3:3:0:1
1:4:0:3:3:1:1:0:2:,clone,4486.789697214021,1:4:1:3:3:1:1:0:2
0:3:1:1:1:3:4:0:0:,clone,5299.793598261877,0:3:1:1:1:3:4:1:0
0:3:1:2:2:2:2:0:0:,clone,4403.177397093486,0:3:1:2:2:2:2:0:0
0:3:1:1:1:4:3:1:0:,recombination,5175.298494898276,0:4:1:2:2:1:2:0:0,1:3:0:1:1:3:3:1:0
1:4:0:2:2:3:3:0:1:,recombination,5495.502975927119,1:4:0:3:3:2:2:0:1,1:4:1:2:2:3:2:0:1,MUTATE
1:4:1:2:2:1:2:0:1:,clone,4045.1973077623297,1:4:1:2:2:1:2:0:1
1:4:1:2:2:2:2:1:1:,clone,4206.233031802362,1:4:1:2:2:2:2:0:1
1:4:1:1:1:2:3:1:0:,clone,4443.112217017682,0:4:1:1:1:2:3:1:0
0:3:1:2:2:1:2:0:0:,recombination,4387.239612052722,0:4:1:2:2:2:3:1:0,0:3:1:2:2:2:3:0:0
0:3:1:2:1:2:2:1:0:,recombination,4543.099545871134,0:3:1:2:1:2:3:0:0,1:4:0:3:2:1:2:0:1
1:4:0:2:1:2:2:1:1:,clone,3843.823681121907,1:4:0:2:2:2:2:1:1
0:3:1:2:1:2:3:0:0:,clone,4611.9704626109415,0:3:1:2:1:2:3:0:0
0:4:1:2:2:2:3:1:0:,clone,4771.257082094747,0:4:1:2:1:3:3:1:0
1:4:1:1:1:2:3:1:0:,recombination,4218.508629331268,1:4:0:3:2:1:2:0:1,0:4:1:1:1:2:2:1:0,MUTATE
1:4:0:2:2:2:1:0:1:,clone,3927.8397056887306,1:4:1:2:2:2:2:0:1
1:4:1:3:3:1:1:0:1:,clone,4117.297726750398,1:4:1:3:3:0:1:0:1
0:3:1:1:0:3:4:1:0:,recombination,4334.993458063165,0:3:1:1:1:3:3:1:0,1:3:0:1:1:3:3:2:0,MUTATE
1:4:0:2:2:1:1:0:1:,recombination,3749.3356089938247,1:4:0:3:3:1:1:0:1,0:3:1:2:1:2:3:0:0
0:4:1:2:1:2:3:1:0:,recombination,4492.882528695023,0:3:1:1:1:3:3:1:0,1:4:1:1:1:3:3:1:1,MUTATE
0:4:1:1:1:3:3:0:0:,clone,5060.247656737628,0:4:1:1:1:3:3:0:0
2:4:0:3:3:2:1:0:2:,clone,4693.590688406911,2:4:0:3:3:2:1:0:2
2:4:0:4:4:1:1:0:2:,recombination,5278.296358894599,1:4:0:2:2:3:2:0:1,1:4:1:3:4:1:1:0:2,MUTATE
1:4:0:2:1:3:2:1:1:,clone,4427.011327157677,1:4:0:2:2:3:2:1:1
0:2:1:1:1:3:4:0:0:,recombination,5390.37246188553,1:4:1:1:1:3:3:1:1,0:3:1:1:0:3:4:0:0
1:4:1:2:1:2:3:1:0:,clone,4428.454999355656,1:4:1:2:1:2:3:1:0
0:3:1:1:0:3:3:1:0:,clone,4340.444835820279,0:3:1:1:0:3:4:1:0
1:4:1:1:1:3:3:1:0:,recombination,4300.69129772513,1:4:0:1:1:3:3:1:1,0:4:1:1:1:2:2:1:0
1:4:1:3:3:0:1:0:1:,clone,3894.7411301197617,1:4:0:3:3:0:1:0:1
0:3:1:2:2:2:3:1:0:,clone,4917.726849905055,1:4:1:2:1:2:3:1:0
1:4:0:3:3:1:1:0:2:,clone,4431.91186286514,1:4:0:3:3:1:1:0:2
0:4:1:1:1:2:3:1:0:,clone,4218.508629331268,1:4:1:1:1:2:3:1:0
1:4:1:3:3:0:1:0:2:,recombination,4388.29696875362,2:4:0:3:3:0:1:0:2,1:4:1:2:1:2:3:0:1
1:4:0:2:1:2:2:1:0:,clone,3843.823681121907,1:4:0:2:1:2:2:1:1
1:4:1:2:3:1:1:0:1:,clone,3897.207251273422,1:4:1:2:3:1:1:0:1
0:4:1:1:1:2:2:0:0:,recombination,4183.025657739088,1:4:1:1:1:2:3:0:1,0:4:1:2:2:2:2:0:0,MUTATE
2:4:0:3:3:2:2:0:2:,clone,4768.093186103363,1:4:0:3:3:2:1:0:2
1:4:1:2:2:2:2:0:1:,clone,4053.706784139366,1:4:1:2:2:2:2:1:1
1:4:1:3:3:1:1:0:1:,recombination,4066.32544327061,1:4:1:2:2:2:2:0:1,1:4:0:2:2:1:1:0:1
1:4:0:2:2:1:2:0:1:,recombination,4131.429393653315,1:4:1:2:2:1:1:0:1,1:4:0:3:3:2:2:1:1
1:4:0:3:3:2:2:0:2:,clone,4763.283507023384,1:4:0:3:3:2:1:0:2
0:4:1:2:1:2:3:0:0:,recombination,4893.3238886619065,0:4:1:2:2:2:2:1:0,0:4:1:2:1:2:3:0:0,MUTATE
1:4:1:2:1:2:2:1:1:,clone,4215.472089737655,1:4:1:2:1:2:2:1:1
1:4:0:3:3:0:1:0:1:,clone,3733.6704688307727,1:4:0:3:3:0:1:0:1
0:4:1:2:2:3:3:0:0:,clone,5372.969377553474,0:4:1:2:2:2:2:1:0
1:4:1:2:2:3:2:1:1:,recombination,4670.35737395095,0:3:1:2:1:3:3:0:0,1:4:1:3:2:2:2:0:1
0:3:0:2:2:2:2:1:0:,recombination,4245.354543946376,1:4:0:2:2:2:2:1:1,0:4:1:2:2:2:2:0:0,MUTATE
2:4:0:3:4:1:1:0:2:,clone,5070.909728644007,2:4:0:3:4:1:1:0:2
0:4:1:1:1:3:3:1:0:,clone,4672.975082425941,0:3:1:1:1:3:3:1:0
1:4:0:2:1:3:3:1:1:,recombination,4552.875709026989,1:4:0:1:1:3:3:1:1,1:4:0:2:1:3:3:1:1,MUTATE
1:4:0:2:2:2:1:1:1:,recombination,4509.635633297947,2:4:0:3:3:2:1:1:2,1:4:0:2:2:1:1:0:1
0:3:0:2:2:2:2:0:0:,clone,4692.883945077156,0:3:0:2:2:2:2:0:0
0:3:0:2:2:2:2:1:0:,recombination,4190.476709597495,0:3:0:2:2:2:2:1:0,0:4:1:2:2:2:3:0:0
0:4:1:2:2:1:2:0:0:,clone,4045.1973077623297,1:4:1:2:2:1:2:0:1
1:4:1:2:2:2:2:1:0:,recombination,4321.947051990241,1:4:0:2:2:2:2:1:1,1:4:1:3:3:1:1:0:1
0:3:1:1:0:3:3:1:0:,recombination,4240.855281666195,0:3:1:1:0:3:4:1:0,0:4:1:2:1:3:3:1:0,MUTATE
1:4:0:3:3:1:1:0:2:,clone,4334.241149650033,2:4:0:3:3:1:1:0:2
0:3:0:1:1:3:3:1:0:,recombination,4406.43657519247,0:3:1:1:0:3:4:1:0,1:4:1:2:2:1:1:0:1,MUTATE
1:4:0:4:4:0:0:0:2:,clone,4356.4664430755365,1:4:0:4:4:0:0:0:1
1:4:1:2:2:2:2:1:1:,clone,4166.646986854469,1:4:1:2:2:2:2:1:1
0:3:1:1:1:4:4:1:0:,clone,5175.298494898276,0:3:1:1:1:4:3:1:0
2:4:0:2:2:1:2:0:2:,recombination,4606.748223855739,1:4:0:2:2:3:2:1:1,2:4:0:2:2:1:2:1:2,MUTATE
0:3:0:1:1:2:2:1:0:,recombination,4108.816804388116,0:3:0:2:2:2:2:1:0,1:4:1:2:1:2:3:0:1
1:4:1:2:2:2:2:1:1:,clone,4138.004812467412,1:4:1:2:2:2:2:1:1
1:4:1:3:3:2:1:0:1:,clone,4560.014351589851,1:4:0:3:3:2:1:0:1
0:4:1:2:2:2:2:1:0:,recombination,4540.3960784234605,1:4:0:1:1:3:3:1:1,0:4:1:2:2:1:2:0:0,MUTATE
0:4:1:2:2:2:2:1:0:,clone,4132.106500818027,0:4:1:2:2:2:2:1:0
0:3:0:2:2:3:3:1:0:,clone,5379.3651086452755,0:4:1:2:2:3:3:1:0
1:4:0:3:3:1:1:0:2:,clone,4334.241149650032,1:4:0:3:3:1:1:0:2
1:4:1:1:1:2:3:1:1:,recombination,4415.202807395494,1:4:1:1:1:2:3:1:1,1:4:1:3:3:0:0:0:1,MUTATE
1:4:0:2:2:1:2:1:1:,recombination,4198.688753542483,0:3:1:1:1:3:3:1:0,1:4:0:2:2:1:2:1:1,MUTATE
1:4:1:3:3:0:1:0:2:,clone,4345.345678655662,2:4:0:3:3:0:1:0:2
1:4:0:3:4:0:0:0:1:,clone,4299.641540267184,1:4:0:4:4:0:0:0:2
0:3:1:2:1:2:3:0:0:,recombination,4504.689280635091,0:3:1:2:1:2:3:0:0,1:4:0:3:4:0:1:0:1,MUTATE
1:4:1:2:1:2:2:1:0:,recombination,4134.800578011845,1:4:1:2:2:2:2:1:0,1:4:1:2:2:2:2:1:0,MUTATE
1:4:0:3:3:0:1:0:2:,clone,4217.705114040216,1:4:0:3:3:0:0:0:2
1:4:1:2:2:2:2:1:1:,clone,4116.506743427541,1:4:1:2:2:2:2:1:1
0:4:1:1:1:2:3:1:0:,recombination,4148.740620915935,0:4:1:1:1:2:2:1:0,0:3:1:1:1:2:3:0:0
0:3:1:1:1:2:3:1:0:,recombination,4169.0937576164615,0:4:1:2:2:1:2:0:0,1:4:1:1:1:3:3:1:0,MUTATE
2:4:0:3:3:0:1:0:2:,clone,4297.79858172043,2:4:0:3:3:0:1:0:2
1:4:0:3:4:0:0:0:2:,clone,4293.992934540938,1:4:0:4:4:0:0:0:2
1:4:0:2:1:3:2:1:0:,clone,4427.011327157677,1:4:0:2:1:3:2:1:1
1:4:1:1:1:2:3:0:1:,recombination,4737.098216980828,0:3:1:0:0:4:4:1:0,0:4:1:1:1:2:3:0:0,MUTATE
1:4:0:1:1:3:3:1:1:,recombination,4331.749944078478,1:4:0:1:1:3:3:1:1,1:4:1:2:1:3:3:0:1
0:3:0:1:1:2:2:1:0:,clone,3697.769610712528,1:4:0:2:1:2:2:1:0
2:4:0:2:2:2:2:1:2:,clone,4732.698994739341,2:4:0:2:2:2:2:1:2
1:4:0:2:2:1:2:0:1:,recombination,3950.5029037127533,1:4:0:3:3:0:1:0:1,1:4:1:1:1:2:3:1:1
0:3:1:1:1:3:4:1:0:,recombination,5027.249601186933,0:3:0:1:1:3:3:1:0,1:4:0:1:1:3:3:1:1
1:4:0:3:4:0:0:0:1:,clone,4237.68929461742,1:4:0:3:4:0:0:0:1
0:3:1:1:1:3:4:1:0:,clone,4909.906143401823,0:3:1:1:1:3:3:1:0
1:4:1:3:3:1:1:0:2:,recombination,4350.260186912909,1:4:1:3:3:0:1:0:2,0:4:1:2:2:1:2:0:0
0:2:1:1:1:3:4:1:0:,clone,5390.37246188553,0:2:1:1:1:3:4:1:0
1:4:0:4:4:0:0:0:2:,recombination,4116.959985535301,0:3:1:2:2:2:2:0:0,2:4:0:4:4:0:0:0:2,MUTATE
1:4:0:3:3:0:1:0:2:,recombination,4186.046535130364,2:4:0:4:4:0:0:0:2,1:4:1:2:2:2:3:1:1
0:4:1:2:3:1:1:0:0:,recombination,3906.870267646276,0:3:1:2:2:1:2:0:0,0:4:1:2:2:1:1:0:0,MUTATE
1:4:1:2:1:3:3:0:1:,recombination,4877.537900444102,1:4:1:2:2:2:3:0:1,2:4:0:2:2:2:2:1:2,MUTATE
0:3:0:1:1:2:3:1:0:,clone,4543.653193349194,1:4:1:1:1:2:3:1:0
2:4:0:3:4:0:1:0:2:,clone,4777.870036854133,2:4:0:4:4:0:0:0:2
0:4:1:2:1:2:2:1:0:,clone,4419.673866848424,0:4:1:2:1:2:3:1:0
1:3:0:1:1:3:3:1:0:,recombination,4861.572497113425,0:3:1:1:1:3:3:0:0,1:4:0:3:2:2:2:1:2,MUTATE
0:3:0:1:1:3:3:2:0:,clone,4660.603620736625,1:4:0:1:1:3:3:1:0
1:4:1:4:4:0:1:0:1:,recombination,4873.056664553502,1:4:1:4:4:0:0:0:1,2:4:0:3:3:2:1:1:2
0:4:1:3:3:2:2:0:0:,clone,5072.8832344280245,0:4:1:3:3:2:2:0:0
1:4:0:1:1:2:3:1:1:,recombination,4094.5073881538433,1:4:0:2:2:2:2:0:1,1:4:0:3:3:1:1:0:1
0:3:0:2:2:1:2:1:0:,recombination,3919.7259102791572,0:3:0:1:1:2:2:1:0,0:3:1:2:2:3:3:0:0,MUTATE
0:3:0:2:1:2:2:1:0:,clone,4102.594670352895,1:4:0:2:1:2:2:1:0
0:3:1:2:2:2:2:1:0:,clone,4438.282933340154,0:4:1:2:2:2:2:1:0
0:3:1:2:1:2:2:0:0:,clone,4403.177397093486,0:3:1:2:1:2:2:0:0
1:4:1:3:3:0:1:0:2:,clone,4342.325692881565,1:4:1:3:3:1:1:0:2
2:4:1:3:3:0:1:0:2:,recombination,4548.338414833816,2:4:0:3:3:0:1:0:2,1:4:0:2:2:1:2:0:1,MUTATE
1:4:1:2:1:3:3:1:0:,clone,4500.783262148405,1:4:1:2:1:3:3:1:0
0:3:1:2:2:3:3:0:0:,clone,5695.723222435797,0:3:1:2:2:3:3:0:0
1:4:0:3:3:1:2:1:2:,clone,4732.698994739342,1:4:0:3:3:1:2:1:2
1:4:1:2:1:2:3:1:1:,clone,4495.55991203992,1:4:1:1:1:2:3:1:1
0:4:1:2:1:2:2:0:0:,recombination,4177.227959604468,0:4:1:2:2:2:2:0:0,1:4:0:3:2:2:2:0:1,MUTATE
1:4:1:1:1:2:2:1:1:,clone,4116.81054795563,1:4:1:1:1:2:2:1:1
0:3:1:2:2:1:2:0:0:,recombination,4016.428697733044,1:4:1:2:2:1:2:0:1,0:4:1:2:1:2:3:0:0,MUTATE
0:3:1:2:2:2:2:0:0:,recombination,4291.470367605489,0:4:1:2:2:3:3:0:0,0:3:1:2:1:2:3:0:0,MUTATE
0:2:1:1:0:3:4:1:0:,clone,5185.177323155147,0:3:1:1:1:3:3:1:0
1:4:0:3:3:0:0:0:2:,recombination,4078.1283488444774,1:4:0:3:3:0:1:0:2,1:4:0:2:2:1:2:0:1
0:3:0:2:1:3:3:1:0:,clone,5410.7504258627905,0:3:0:2:1:3:3:1:0
0:3:1:1:0:4:4:1:0:,clone,5226.406998717643,0:3:1:1:1:3:4:1:0
2:4:0:3:3:2:1:0:2:,clone,4693.59068840691,2:4:0:3:3:2:1:0:2
1:3:0:2:1:2:2:1:0:,recombination,4224.958277485564,1:4:0:2:1:2:2:1:0,1:4:0:2:2:2:2:1:1,MUTATE
0:3:0:1:1:2:3:1:0:,recombination,4475.461811820754,1:4:1:1:1:2:3:1:0,1:4:1:2:1:3:3:1:0,MUTATE
1:4:0:2:2:0:1:0:1:,recombination,3920.016404620102,1:4:0:2:2:1:2:0:1,0:4:1:2:1:1:3:0:0,MUTATE
1:4:0:2:2:3:3:1:0:,clone,5442.360724029823,1:4:0:2:2:3:2:1:1
2:4:0:3:4:1:1:0:2:,clone,5064.825087515089,2:4:0:3:4:1:1:0:2
0:3:1:2:2:3:3:0:0:,recombination,5649.577241126061,0:3:1:2:2:3:3:0:0,1:4:1:2:2:3:3:0:1
0:4:1:1:1:2:2:1:0:,recombination,4041.8946618067143,0:4:1:1:1:2:2:0:0,1:4:0:2:2:2:2:1:1,MUTATE
0:3:1:2:1:2:2:1:0:,recombination,4310.369824333302,1:4:0:2:2:2:3:0:1,1:4:1:2:2:1:2:1:1,MUTATE
0:4:1:2:2:2:3:0:0:,recombination,4673.504868815606,0:3:1:1:1:2:3:0:0,1:4:0:3:2:2:2:1:2
0:3:1:1:1:2:3:1:0:,recombination,3963.413014925718,0:3:1:2:2:2:2:1:0,1:4:1:1:1:2:3:1:0
0:3:0:2:1:3:3:1:0:,clone,5273.404161298578,0:3:0:2:1:3:3:1:0
0:3:1:1:1:3:4:1:0:,clone,4785.56279582291,0:3:1:1:1:3:4:1:0
1:4:0:3:4:0:1:0:1:,recombination,4909.314357224097,0:3:1:2:2:2:2:0:0,1:4:0:3:4:0:1:0:1
1:4:1:3:3:2:2:0:1:,clone,4738.799352972332,1:4:1:3:3:2:2:0:1
0:3:0:1:1:4:3:2:0:,recombination,4815.484679982535,0:3:0:2:2:2:2:1:0,1:4:0:2:2:2:3:1:1
1:4:1:2:1:2:2:1:1:,recombination,4181.877415124745,1:4:0:3:3:1:1:0:2,1:4:0:2:2:1:1:0:1,MUTATE
0:4:1:2:1:2:3:0:0:,clone,4715.08510582925,0:4:1:1:1:3:3:0:0
1:4:0:2:2:1:2:1:1:,recombination,4029.0705284221485,1:4:1:2:2:1:2:1:1,1:3:0:2:1:3:3:1:0
0:4:1:2:1:3:3:0:0:,clone,4918.16706954874,0:4:1:2:1:2:3:0:0
0:2:1:1:0:3:4:1:0:,recombination,4795.587942878124,0:3:1:1:1:3:3:0:0,1:4:0:3:3:2:2:0:1,MUTATE
1:4:1:1:1:2:2:1:0:,clone,4028.9152700475133,1:4:0:2:1:2:2:1:1
0:3:1:1:0:4:4:1:0:,clone,5183.605996474356,0:3:1:1:0:4:4:1:0
1:4:1:2:2:3:2:1:1:,recombination,4458.656385597506,0:4:1:2:2:2:2:0:0,1:4:0:2:2:3:2:1:1
1:4:0:3:3:0:1:0:2:,recombination,4183.61211082706,1:4:1:2:1:3:3:0:1,1:4:0:3:3:1:1:0:2
0:4:1:2:1:2:3:0:0:,clone,4673.504868815606,0:4:1:2:2:2:3:0:0
1:4:0:2:2:1:2:0:2:,recombination,4632.90160254574,1:3:0:1:1:2:3:1:0,2:4:0:3:3:1:2:0:2
0:3:0:2:1:3:3:1:0:,recombination,4816.260152517598,0:4:1:2:2:2:2:1:0,0:3:1:2:1:3:3:1:0,MUTATE
1:4:0:3:3:1:1:1:2:,recombination,4619.21958046375,1:4:1:2:2:1:2:1:1,1:4:0:3:2:2:2:1:1
1:4:0:3:3:1:0:0:1:,recombination,4303.929364578848,1:4:1:3:4:0:1:0:1,1:4:0:2:1:3:2:1:1
1:4:0:2:2:2:1:1:1:,clone,4036.411030343441,1:4:1:2:2:2:2:1:1
1:4:1:2:2:3:2:1:0:,clone,4810.683509285392,0:3:1:2:1:3:3:1:0
1:4:0:2:2:2:3:1:1:,recombination,4651.797572484893,1:4:1:3:2:1:2:0:1,0:3:1:1:0:4:4:1:0,MUTATE
0:3:0:2:1:3:3:1:0:,recombination,4659.891894755632,1:4:0:2:1:3:3:1:0,0:3:1:2:1:3:3:0:0
0:4:1:2:2:2:2:0:0:,recombination,4038.8446289663157,0:3:1:1:1:3:3:1:0,1:4:0:2:2:1:2:0:1
1:4:1:2:2:2:3:1:1:,recombination,4661.985632628668,1:4:0:2:2:3:2:1:1,1:4:1:2:1:2:3:1:0,MUTATE
1:4:0:2:2:2:2:1:0:,recombination,4743.289858699771,1:4:0:3:3:2:1:1:1,0:3:1:1:1:2:3:1:0
0:4:1:1:1:2:2:0:0:,clone,4160.330010730205,0:4:1:2:2:2:2:0:0
1:4:1:1:1:2:3:1:0:,clone,4047.8478947954045,1:4:1:1:1:2:3:1:0
0:4:1:2:2:1:2:0:0:,recombination,3853.9572532367038,0:4:1:3:3:0:1:0:0,1:4:1:1:1:2:3:1:0,MUTATE
0:3:0:2:1:2:3:1:0:,recombination,4820.375443034747,0:3:0:2:2:2:3:1:0,1:4:1:2:2:3:3:1:1
1:4:0:2:2:1:2:1:2:,clone,4606.748223855739,1:4:0:2:2:1:2:1:2
1:4:1:4:4:0:0:0:1:,clone,4704.958821031169,1:4:1:4:4:0:0:0:1
1:4:0:2:2:2:3:0:1:,clone,4801.973173849246,1:4:0:2:1:2:3:0:1
1:3:0:1:1:3:3:1:0:,recombination,4671.977769845723,0:3:0:2:2:2:2:0:0,1:4:0:1:1:3:3:1:0,MUTATE
1:4:1:2:2:2:2:1:1:,clone,3997.4219739981963,1:4:0:2:1:2:2:1:1
0:4:1:2:2:3:3:1:0:,recombination,5142.204774803707,0:3:1:1:1:2:3:0:0,1:4:0:2:1:3:3:1:0,MUTATE
1:4:0:2:2:3:3:1:0:,clone,5349.3073995493105,1:4:0:2:2:3:3:1:0
1:4:0:2:2:3:3:0:1:,recombination,5468.817998817998,1:4:0:2:2:3:3:0:1,0:2:1:0:0:4:4:1:0,MUTATE
1:4:1:2:1:2:3:1:1:,recombination,4485.930262757013,1:4:1:1:1:2:3:1:1,1:4:0:3:3:1:2:0:2,MUTATE
0:3:1:1:1:2:3:1:0:,clone,3915.1251707464467,0:4:1:1:1:2:2:1:0
1:4:1:3:2:1:2:0:1:,clone,4604.9402742245475,1:4:1:3:2:1:1:0:1
0:2:1:1:0:4:4:1:0:,clone,5230.01613442632,0:2:1:1:0:4:4:1:0
1:4:1:1:1:3:3:1:1:,recombination,4635.848716942559,1:4:0:2:2:2:3:1:1,1:4:1:2:1:2:3:1:1,MUTATE
0:4:1:3:2:2:2:0:0:,recombination,4909.298120666846,1:4:1:3:3:0:1:0:2,0:4:1:3:3:1:2:0:0,MUTATE
1:4:0:2:2:3:2:1:1:,clone,4402.2485370564655,1:4:0:2:1:3:2:1:1
1:4:1:2:2:1:2:0:1:,recombination,3924.684708598223,1:4:0:3:3:2:1:1:2,0:4:1:2:2:1:2:0:0
0:3:0:2:2:2:2:0:0:,clone,4630.635599002862,0:3:0:2:2:2:2:0:0
1:4:1:2:2:1:2:1:1:,recombination,3896.227953472909,1:4:1:2:2:1:2:1:1,1:4:1:2:2:3:2:0:1
1:4:1:1:1:4:3:1:0:,recombination,5234.511641190701,0:3:0:1:1:4:3:1:0,1:4:0:3:4:0:0:0:1
2:4:0:3:3:1:1:0:2:,clone,4338.006488110945,2:4:0:3:3:0:0:0:2
0:2:1:0:0:4:4:1:0:,clone,5547.357916627384,0:2:1:0:0:4:4:1:0
0:4:1:1:1:3:3:1:0:,recombination,4664.5379217378495,0:4:1:1:1:3:3:1:0,0:4:1:2:2:2:2:0:0,MUTATE
0:4:1:2:1:2:3:0:0:,recombination,4522.104339485101,0:4:1:2:1:2:2:0:0,0:3:1:1:0:3:4:0:0,MUTATE
1:4:0:2:2:2:2:1:0:,recombination,4281.795884889701,0:3:1:2:2:2:2:1:0,1:4:0:2:2:3:2:1:1,MUTATE
0:4:1:2:1:3:3:0:0:,recombination,4893.063239287525,0:4:1:2:1:3:3:0:0,1:4:0:2:2:2:2:1:2
0:4:1:1:1:2:2:1:0:,clone,4007.732760872263,0:4:1:1:1:2:2:1:0
0:3:1:1:0:4:4:1:0:,clone,5047.779008274051,0:3:1:1:0:4:4:1:0
1:4:1:1:1:4:3:1:0:,recombination,5226.515426717861,0:3:1:2:1:3:3:0:0,1:4:1:1:1:4:3:1:0
0:3:1:2:2:2:3:1:0:,recombination,4882.168671171366,1:4:1:1:1:3:3:1:1,0:4:1:3:2:2:2:0:0,MUTATE
1:3:0:2:2:2:2:1:0:,recombination,4037.5134564820687,0:3:1:2:1:3:3:1:0,1:4:0:2:2:2:1:0:1,MUTATE
0:3:0:1:1:3:3:2:0:,clone,4606.3895731483035,0:3:0:1:1:3:3:1:0
0:3:1:1:1:2:2:1:0:,recombination,3903.001515558477,0:3:1:1:1:2:3:1:0,0:3:1:1:1:2:3:1:0,MUTATE
0:4:1:1:1:3:3:0:0:,clone,5054.0000255601635,0:4:1:1:1:3:3:0:0
1:4:1:2:1:2:3:1:1:,recombination,4483.899237086369,1:4:1:2:1:3:3:1:1,1:4:1:2:2:2:2:1:1
0:2:1:0:0:4:4:1:0:,clone,4955.657784482376,0:3:1:1:0:4:4:1:0
1:4:0:2:2:3:2:1:0:,clone,4402.2485370564655,1:4:0:2:2:3:2:1:0
1:4:0:2:1:2:3:0:1:,recombination,4700.045142110019,1:4:0:2:2:2:3:0:1,1:4:0:2:2:2:2:1:1
0:4:1:2:2:1:3:0:0:,clone,4867.584246474227,0:4:1:2:1:1:3:0:0
1:4:0:3:2:2:2:0:2:,clone,4747.463321282285,1:4:0:3:2:2:2:0:2
1:4:1:3:2:1:2:0:1:,clone,4603.629035719909,1:4:1:3:2:1:2:0:1
1:4:1:1:1:3:3:1:1:,clone,4537.22905530901,1:4:1:1:1:3:3:1:1
1:4:1:2:1:3:3:0:1:,clone,4816.4096912102195,1:4:1:2:1:3:3:0:1
1:4:0:2:1:3:2:1:0:,clone,4398.467432661415,1:4:0:2:1:3:2:1:0
1:4:1:1:1:2:3:1:1:,recombination,4396.160846775222,0:4:1:2:2:2:2:0:0,0:3:1:2:2:3:3:0:0,MUTATE
0:3:0:1:0:3:4:1:0:,recombination,5323.404398009831,0:3:1:1:0:4:4:1:0,2:4:0:3:3:1:2:0:2,MUTATE
1:4:0:1:1:2:2:1:1:,recombination,4258.48240206606,0:2:1:1:0:3:4:1:0,1:4:1:1:1:2:3:1:1,MUTATE
0:3:0:1:1:3:3:2:0:,clone,4514.363239936991,0:3:0:1:1:3:3:2:0
1:4:1:2:2:1:2:0:1:,recombination,3921.7042842640044,1:4:0:2:2:1:2:1:1,1:4:1:1:1:3:3:1:1,MUTATE
1:4:0:2:2:1:1:0:2:,clone,4401.6438836839425,1:4:0:3:3:1:1:0:2
2:4:0:3:2:1:2:1:2:,clone,4756.942547658454,2:4:0:3:3:1:2:0:2
1:4:1:1:1:2:3:1:0:,clone,3989.0409788284755,0:3:1:1:1:2:3:1:0
0:4:1:1:1:2:3:1:0:,clone,4041.8946618067143,0:4:1:1:1:2:2:1:0
1:4:1:2:2:3:3:0:1:,clone,5052.402124572614,1:4:1:2:2:2:2:0:1
1:4:0:2:2:2:3:0:1:,recombination,4772.943946410463,1:4:0:3:3:1:1:0:2,1:4:0:3:3:2:1:1:1,MUTATE
1:4:0:2:2:3:3:1:0:,recombination,4989.9973516930895,1:4:1:1:1:2:3:1:1,0:3:0:2:2:2:3:1:0,MUTATE
0:4:1:1:1:3:3:1:0:,clone,4625.543392466747,0:4:1:1:1:3:3:1:0
0:3:0:1:0:4:4:1:0:,recombination,6007.041734041388,1:4:1:3:3:0:1:0:1,0:3:1:1:0:4:4:1:0
0:3:0:1:1:3:3:1:0:,clone,4402.2485370564655,0:3:0:1:1:3:3:1:0
0:4:1:1:1:2:3:1:0:,recombination,3988.1407757063002,1:4:1:1:1:2:3:1:0,0:4:1:2:2:2:2:1:0,MUTATE
0:3:1:1:1:2:3:1:0:,clone,3914.2249676242714,0:3:1:1:1:2:3:1:0
0:3:1:1:0:4:4:1:0:,recombination,5034.4184994180705,0:3:1:1:1:3:3:1:0,1:4:1:2:1:2:3:1:1
0:3:0:1:1:3:3:1:0:,recombination,4397.597003749207,0:3:0:1:1:3:3:2:0,1:4:0:2:2:2:3:0:1,MUTATE
1:4:1:2:2:2:2:1:1:,clone,3913.8884068752973,1:4:1:2:2:2:2:1:1
1:4:1:2:2:2:2:1:0:,recombination,3954.425895406323,0:4:1:2:2:1:2:0:0,1:4:1:2:2:2:2:1:1,MUTATE
1:4:1:3:3:1:1:1:1:,recombination,4391.286714827339,1:4:0:3:3:2:1:1:1,1:4:1:3:3:0:1:0:1
0:3:0:1:1:4:3:2:0:,clone,4681.085587507808,0:3:0:1:1:4:3:2:0
0:4:1:2:2:1:1:0:0:,recombination,3896.136961942764,1:4:0:3:3:1:2:0:2,0:4:1:2:2:1:1:0:0
1:4:0:2:1:2:3:1:1:,recombination,4418.347847524526,1:4:0:3:3:1:2:1:2,1:4:1:2:2:1:2:0:1,MUTATE
1:4:1:2:1:2:2:1:0:,recombination,4009.707367748501,0:3:0:2:2:2:3:0:0,1:4:1:2:2:2:2:1:1
1:4:0:1:1:3:3:1:0:,recombination,4543.211037676787,0:3:1:2:1:2:3:0:0,1:4:0:1:1:3:3:1:1,MUTATE
1:4:1:2:1:2:2:1:0:,recombination,3819.990476525676,1:4:0:1:1:2:2:1:1,1:4:1:2:1:2:2:1:0,MUTATE
0:2:1:1:0:4:4:1:0:,recombination,5217.068194629029,0:3:1:1:0:3:3:1:0,0:3:0:2:2:2:2:0:0,MUTATE
1:4:0:1:1:3:3:1:0:,clone,4543.211037676786,1:4:0:1:1:3:3:1:0
0:2:1:0:0:4:4:2:0:,clone,5516.009286348326,0:2:1:0:0:4:4:2:0
1:4:0:2:2:2:3:1:1:,clone,4651.797572484892,1:4:0:2:2:2:3:1:1
1:4:0:2:2:2:3:1:1:,clone,4648.904239865663,1:4:0:2:1:2:3:1:1
0:3:1:2:1:2:3:1:0:,recombination,4567.241056654845,0:3:1:2:1:2:3:1:0,0:3:1:1:1:3:4:1:0,MUTATE
0:3:1:1:1:4:3:2:0:,clone,4681.085587507808,0:3:1:1:1:4:3:2:0
1:3:0:1:1:3:3:1:0:,recombination,4538.026702375114,0:3:0:2:2:1:2:1:0,1:4:0:1:1:3:3:1:0,MUTATE
0:3:1:1:0:4:4:1:0:,clone,4909.655020035928,0:3:1:1:0:4:4:1:0
1:4:1:3:3:0:0:0:1:,recombination,3915.202534069261,1:4:1:2:2:2:2:0:1,1:4:1:2:3:1:1:0:1,MUTATE
1:4:1:1:1:2:3:1:1:,recombination,4099.902766959837,0:4:1:2:2:1:1:0:0,1:4:1:1:1:2:3:1:0,MUTATE
0:3:0:1:1:4:3:1:0:,recombination,4511.401324441144,1:4:1:2:2:3:3:1:1,0:3:0:1:1:3:3:1:0
1:4:1:2:2:2:1:1:1:,recombination,4454.38397180016,1:4:1:3:3:1:1:0:1,1:4:1:2:2:2:2:1:1,MUTATE
1:4:1:1:1:2:2:1:0:,recombination,3958.9756325253747,1:4:1:2:2:2:2:1:0,1:4:0:1:1:3:3:1:1,MUTATE
0:2:1:1:1:4:3:2:0:,clone,4681.085587507808,0:2:1:1:1:4:3:2:0
0:2:1:0:0:4:4:2:0:,recombination,5334.729958842845,1:4:0:1:1:2:3:1:0,0:3:0:2:1:3:3:1:0
1:4:0:3:3:1:2:0:2:,clone,4748.876089695693,1:4:0:3:3:1:2:0:2
0:3:0:1:0:4:4:2:0:,clone,5207.565386224273,0:3:0:1:0:4:4:2:0
0:3:1:1:1:4:3:1:0:,clone,4880.292810869135,0:3:1:1:1:4:3:1:0
1:4:0:2:1:2:3:1:0:,recombination,4504.174667625259,2:4:0:3:4:1:1:0:2,0:3:1:2:1:2:3:1:0,MUTATE
0:2:1:1:1:4:4:2:0:,clone,4927.581381243903,0:2:1:1:1:4:3:2:0
1:3:0:1:1:2:3:1:0:,recombination,4574.103241017192,1:4:0:2:1:2:3:0:1,1:4:0:3:3:1:1:0:1,MUTATE
1:4:1:2:2:2:2:1:0:,clone,3913.8884068752973,1:4:1:2:2:2:2:1:0
1:4:1:2:2:2:2:1:0:,clone,3724.1715156524715,1:4:1:2:2:2:2:1:0
0:3:1:1:1:4:4:1:0:,recombination,5170.583933407281,0:3:1:1:1:4:3:1:0,0:4:1:1:1:3:4:1:0
1:4:0:3:3:1:0:0:1:,recombination,4191.064774696529,1:4:0:4:4:0:0:0:1,1:4:0:2:1:2:2:1:0,MUTATE
0:2:1:1:0:3:4:0:0:,clone,5616.318917412609,0:3:1:1:0:3:4:0:0
0:2:1:1:0:4:4:2:0:,recombination,4681.085587507808,1:4:0:3:3:2:2:1:1,1:4:1:2:1:3:3:1:0,MUTATE
0:2:1:0:0:4:4:2:0:,recombination,5175.621326235618,0:2:1:0:0:4:4:2:0,1:4:0:2:1:3:2:1:1,MUTATE
0:2:0:1:0:4:4:1:0:,clone,4757.89711817724,0:2:0:1:0:4:4:1:0
1:3:0:1:1:2:3:1:0:,recombination,4341.984769048764,1:3:0:1:1:2:3:1:0,0:4:1:2:1:2:3:0:0,MUTATE
0:4:1:1:1:3:3:0:0:,clone,4956.571719476232,0:4:1:1:1:3:3:0:0
0:3:1:1:1:2:3:0:0:,recombination,4118.864186320262,1:4:1:3:3:2:1:0:1,0:4:1:2:1:2:3:0:0
0:3:0:2:1:2:3:1:0:,clone,4657.244118689409,1:4:0:2:1:2:3:1:1
0:3:1:2:1:2:3:1:0:,recombination,4544.819498835523,0:4:1:2:2:1:2:0:0,1:4:1:2:2:2:1:1:1,MUTATE
0:3:0:2:2:2:3:1:0:,clone,4744.315271758283,0:3:1:2:2:2:3:1:0
1:3:0:1:1:2:2:1:0:,clone,3924.9503378528425,1:3:0:1:1:2:2:1:0
0:2:1:1:0:4:4:1:0:,clone,4754.7967151605835,0:2:0:1:0:4:4:1:0
0:3:0:1:1:3:3:1:0:,clone,4356.404587730319,1:3:0:1:1:2:3:1:0
1:4:1:3:3:1:1:0:1:,recombination,3901.025907243919,1:4:1:2:2:1:2:1:1,1:4:1:3:3:0:0:0:1
0:3:1:1:1:4:3:1:0:,clone,4880.292810869134,0:3:1:1:1:4:3:1:0
0:3:1:1:1:4:3:1:0:,clone,4695.230522459939,0:3:1:1:1:4:3:2:0
0:3:0:1:1:2:3:1:0:,recombination,4041.3677611788125,1:4:1:2:2:2:2:1:1,1:4:1:1:1:2:3:1:0
0:3:1:1:1:4:4:1:0:,clone,5068.253015839132,0:3:1:1:1:4:4:1:0
0:3:0:1:1:3:3:1:0:,clone,4200.49179958078,0:3:0:1:1:2:3:1:0
1:4:0:2:2:2:2:0:1:,recombination,4139.1707655391065,0:4:1:3:3:2:2:0:0,1:4:1:2:1:2:2:0:1,MUTATE
1:4:0:2:3:1:1:0:1:,recombination,3973.045335797422,0:4:1:1:1:3:4:1:0,1:4:0:3:3:1:0:0:1
0:2:1:1:1:4:4:1:0:,recombination,5121.349520154246,0:2:1:1:1:4:4:2:0,1:4:0:1:1:3:3:1:1
0:3:0:2:1:2:3:1:0:,clone,4495.748801472788,0:3:0:2:1:2:3:1:0
0:3:0:1:1:3:3:1:0:,clone,4098.983953287985,0:3:0:1:1:3:3:1:0
1:4:0:2:1:2:2:0:1:,clone,4082.7560613945643,0:3:1:1:1:2:3:0:0
0:3:1:2:2:2:2:0:0:,recombination,4037.266632254136,0:3:1:1:1:3:4:1:0,0:4:1:2:2:1:1:0:0
1:4:1:3:3:1:1:0:1:,clone,3832.797687908968,1:4:1:3:3:1:1:0:1
1:4:1:2:1:2:3:1:1:,recombination,4450.134233497694,0:3:1:2:2:2:3:0:0,1:4:0:2:2:2:3:1:1,MUTATE
1:3:0:2:2:2:3:1:0:,clone,5017.017016867489,1:4:0:2:2:2:2:1:1
0:4:1:1:1:3:3:1:0:,recombination,4419.669839089997,0:4:1:1:1:3:3:1:0,0:2:1:1:0:4:4:1:0
0:4:1:3:3:0:1:0:1:,clone,4331.190355782357,0:4:1:3:3:0:1:0:1
1:4:0:1:1:3:3:1:0:,clone,4305.840659819295,0:3:0:1:1:3:3:1:0
0:3:1:2:2:3:2:1:0:,recombination,4480.431911532978,1:4:0:2:2:2:2:1:0,1:4:1:2:2:2:3:0:1
0:3:0:1:1:3:3:1:0:,clone,4092.7414025470657,0:3:0:1:1:3:3:1:0
1:4:1:3:3:1:1:0:1:,clone,3798.774165585027,1:4:1:3:3:1:1:0:1
1:4:1:3:3:0:0:0:1:,clone,3846.974314734311,1:4:1:3:3:0:0:0:1
0:4:1:2:2:3:3:1:0:,recombination,4730.242151913762,1:4:0:2:2:3:3:0:1,0:3:0:1:1:3:3:1:0,MUTATE
0:3:1:1:0:4:4:1:0:,clone,4816.9760145803475,0:3:1:1:0:4:4:1:0
1:4:1:2:1:3:2:1:0:,recombination,4358.317028478629,1:4:0:2:1:3:2:1:1,1:4:0:1:1:2:2:1:1
1:4:0:2:1:2:3:1:1:,clone,4360.750659323216,1:4:0:2:1:2:3:1:1
1:4:1:3:3:1:2:0:1:,recombination,4667.477039468083,1:4:1:3:2:1:2:0:1,1:4:0:3:4:0:1:0:1,MUTATE
0:3:1:1:1:4:4:1:0:,recombination,4864.551410455672,0:3:1:2:1:2:3:0:0,1:4:0:2:2:1:2:1:1
1:4:0:3:3:2:1:1:1:,recombination,4372.465059530949,1:4:0:2:3:2:1:1:1,1:4:0:3:4:0:0:0:1,MUTATE
0:3:0:1:0:4:4:1:0:,recombination,5191.3454402625,1:4:1:2:1:2:2:1:0,1:3:0:1:1:3:3:1:0,MUTATE
0:3:0:1:1:3:4:1:0:,recombination,5244.147827507241,0:3:1:1:1:3:3:0:0,2:4:0:3:3:2:1:1:2
0:3:1:1:1:4:3:1:0:,recombination,4644.886397395524,1:4:0:2:2:2:3:1:1,0:3:1:1:1:4:3:1:0
1:4:0:3:3:1:2:0:2:,recombination,4684.169307849552,2:4:0:3:3:1:2:0:2,1:4:0:2:2:2:2:0:1,MUTATE
0:3:1:1:1:2:2:0:0:,clone,4110.070616865369,0:3:1:1:1:2:2:0:0
0:4:1:2:1:3:3:1:0:,clone,4848.582623285563,0:4:1:2:1:3:3:1:0
1:4:0:2:2:3:2:1:1:,recombination,4376.590146913801,1:3:0:1:1:3:3:2:0,1:4:0:3:3:2:1:1:1
1:4:0:2:2:2:3:1:0:,clone,4801.57310782236,1:4:0:2:2:2:3:1:0
0:3:1:2:2:2:2:1:0:,recombination,4181.408586594982,1:4:1:3:3:1:1:0:1,1:4:0:2:2:1:2:0:1
0:3:0:1:1:4:4:1:0:,clone,4831.094595502328,0:3:1:1:1:4:4:1:0
1:4:1:1:1:4:3:1:0:,clone,5048.807274482333,1:4:1:1:1:4:3:1:0
0:4:1:1:1:3:3:1:0:,recombination,4301.965331431467,1:4:1:2:2:2:2:1:1,1:4:1:3:2:1:2:0:1,MUTATE
0:3:1:1:0:4:4:1:0:,recombination,4816.708485568999,0:3:1:1:1:4:3:1:0,0:4:1:2:2:3:3:1:0,MUTATE
0:3:1:1:0:4:4:1:0:,clone,4622.048509746373,0:3:1:1:0:4:4:1:0
1:4:0:2:2:2:2:0:2:,recombination,5083.266580597174,2:4:0:2:2:1:2:0:2,1:4:0:3:3:1:1:0:2,MUTATE
2:4:0:3:3:1:2:0:2:,clone,4684.169307849553,1:4:0:3:3:1:2:0:2
1:4:0:3:3:2:1:0:1:,clone,4502.721916901079,1:4:0:3:3:2:1:1:1
1:4:0:3:3:2:1:0:1:,clone,4219.974932902232,1:4:0:3:3:2:1:0:1
1:4:1:2:2:3:3:1:1:,recombination,4809.491558784149,1:4:1:3:3:2:1:0:1,1:4:1:3:3:2:2:1:1,MUTATE
0:3:0:1:0:3:4:2:0:,recombination,4656.550580975408,1:4:1:1:1:3:3:1:0,0:4:1:1:1:2:3:1:0
1:4:0:3:3:2:1:1:1:,clone,4372.465059530948,1:4:0:3:3:2:1:0:1
0:2:1:1:0:4:4:1:0:,clone,4622.048509746373,0:2:1:1:0:4:4:1:0
0:2:1:1:1:3:3:1:0:,recombination,4932.891556775206,1:4:0:1:1:3:3:1:1,0:4:1:2:1:3:3:1:0,MUTATE
0:4:1:2:1:3:3:1:0:,recombination,4773.713211363715,0:4:1:1:1:3:3:0:0,1:3:0:2:2:3:3:1:0,MUTATE
0:2:1:0:0:4:4:1:0:,clone,4868.4457609062065,0:2:1:1:0:4:4:1:0
0:2:1:0:0:4:4:1:0:,clone,4841.4447554099515,0:2:1:0:0:4:4:1:0
0:2:1:0:0:4:4:1:0:,recombination,4696.874473608773,1:4:1:2:1:3:3:1:1,0:2:1:0:0:4:4:1:0
0:4:1:2:2:2:2:1:0:,recombination,3884.810546331194,1:4:0:3:2:1:2:0:1,0:4:1:2:3:1:1:0:0
0:3:0:1:0:3:4:1:0:,clone,4315.132068186399,0:3:0:1:1:3:3:1:0
0:3:1:1:0:4:4:1:0:,clone,4595.525012337859,0:3:1:1:0:4:4:1:0
0:2:1:1:0:3:4:1:0:,recombination,4340.466789127147,0:3:1:1:1:2:3:1:0,1:4:1:2:1:3:3:1:0,MUTATE
0:4:1:2:1:2:2:1:0:,clone,4073.2477225210755,0:4:1:2:1:2:2:1:0
0:2:1:0:0:4:4:2:0:,clone,4916.709793599174,0:2:1:0:0:4:4:2:0
0:2:1:1:0:4:4:2:0:,recombination,4677.370711201129,0:3:1:1:1:2:3:1:0,1:4:0:3:3:1:1:0:1,MUTATE
1:4:0:2:2:1:2:0:1:,recombination,3909.834856513879,0:4:1:2:1:3:3:1:0,0:4:1:2:2:2:2:1:0,MUTATE
0:2:1:1:1:3:3:1:0:,clone,4174.337998840306,0:2:1:1:1:3:3:1:0
0:4:1:1:1:3:4:1:0:,recombination,5537.331129009952,0:3:1:1:1:3:3:1:0,2:4:0:3:3:0:1:0:2
0:2:0:1:0:4:4:2:0:,clone,4360.01579817587,0:2:0:1:0:4:4:2:0
1:4:0:3:2:1:2:0:1:,recombination,4704.711769892908,1:4:1:2:2:2:3:1:1,1:4:0:3:3:0:0:0:1,MUTATE
0:2:1:1:0:4:4:2:0:,clone,4674.127656913535,0:2:1:1:0:4:4:2:0
0:2:1:0:0:4:4:1:0:,clone,4609.911813484065,0:2:1:0:0:4:4:1:0
0:2:0:1:1:3:3:1:0:,clone,4068.380418662004,0:2:1:1:1:3:3:1:0
0:4:0:2:2:2:2:1:0:,clone,5130.81060215594,0:4:1:2:2:2:2:1:0
0:3:0:1:1:3:4:1:0:,recombination,5115.090738265886,1:4:0:2:1:2:3:0:1,1:4:1:2:2:2:2:1:0,MUTATE
0:2:1:1:1:4:3:1:0:,recombination,4751.269441447544,1:4:0:2:2:2:2:1:0,0:2:1:0:0:4:4:2:0,MUTATE
0:3:0:1:1:3:3:2:0:,recombination,4269.559923619755,1:4:1:2:2:2:3:1:1,0:3:1:1:0:4:4:1:0,MUTATE
0:2:1:1:0:3:4:1:0:,recombination,3949.972604255095,1:4:0:2:3:1:1:0:1,0:3:1:1:1:2:3:1:0
0:2:1:0:0:4:4:2:0:,recombination,4794.079016456637,0:4:1:2:1:2:3:0:0,0:3:1:1:1:4:4:1:0
0:2:0:1:0:4:4:2:0:,clone,4291.506175960464,0:2:0:1:0:4:4:2:0
0:2:1:0:0:4:4:2:0:,recombination,4711.246034093799,0:3:0:1:0:3:4:1:0,1:4:0:2:1:3:3:1:1
0:1:1:0:0:4:4:2:0:,recombination,5366.998428027212,0:3:1:1:0:3:4:1:0,1:4:1:2:2:3:3:0:1,MUTATE
0:2:0:1:1:4:3:2:0:,recombination,4635.565814752352,0:3:1:1:1:2:2:1:0,1:4:1:1:1:3:3:1:1,MUTATE
0:2:1:1:0:4:4:1:0:,recombination,4593.358632114266,1:4:1:1:1:2:3:1:1,1:4:1:2:1:2:3:1:1,MUTATE
0:2:1:0:0:4:4:1:0:,recombination,4166.560580306318,1:4:1:2:2:2:2:1:1,0:2:1:1:0:3:4:1:0
0:2:1:1:0:4:4:2:0:,recombination,4671.375217669163,0:4:1:1:1:4:4:1:0,0:4:1:1:1:2:3:1:0
0:2:0:1:0:3:4:1:0:,recombination,4733.211873624419,0:4:1:1:1:3:3:1:0,1:4:0:2:1:2:3:0:1
1:4:0:2:2:2:2:0:1:,clone,4083.0769316503324,1:4:1:2:2:1:2:0:1
0:3:1:2:1:2:3:1:0:,recombination,4495.719096797989,1:4:1:1:1:3:3:1:1,0:4:1:3:3:0:1:0:1
0:3:1:2:1:3:2:1:0:,recombination,4345.0705423839145,1:4:1:3:3:1:0:0:1,1:4:1:2:1:2:3:1:1
0:2:1:1:0:4:4:2:0:,recombination,4555.1548978655255,0:3:1:1:1:3:3:1:0,0:3:1:1:1:2:3:1:0
0:2:1:1:0:3:4:2:0:,clone,4174.337998840306,0:2:1:1:1:3:3:1:0
0:2:1:1:0:4:4:1:0:,clone,4504.181006623621,0:2:1:1:0:4:4:1:0
1:4:1:2:1:3:3:1:1:,clone,4589.923762801921,1:4:1:1:1:3:3:1:1
0:2:1:0:0:3:4:1:0:,recombination,4666.045396248202,0:2:1:1:1:4:4:2:0,2:4:0:4:4:0:0:0:2
0:2:1:0:0:4:4:2:0:,clone,4400.729269962537,0:2:1:0:0:4:4:2:0
0:2:0:1:0:4:4:1:0:,clone,4493.159677540693,0:2:0:1:0:4:4:1:0
0:2:1:0:0:4:4:2:0:,clone,4172.089467310476,0:2:0:0:0:4:4:2:0
0:2:1:1:0:4:4:1:0:,recombination,4136.810766367819,0:2:1:0:0:4:4:1:0,1:4:0:2:2:2:2:1:1
0:3:0:1:0:4:4:1:0:,recombination,4762.437701843304,0:2:1:1:0:3:4:1:0,2:4:0:3:3:1:2:0:2,MUTATE
0:2:0:0:0:4:4:2:0:,recombination,5038.845645133961,0:2:1:1:0:3:4:1:0,0:3:1:2:1:3:3:1:0
0:3:1:2:1:2:2:1:0:,recombination,4275.483716614501,0:3:1:2:1:2:2:0:0,1:4:1:3:3:1:1:0:1,MUTATE
0:3:0:2:2:3:3:1:0:,clone,4642.464165975559,0:3:0:1:1:3:3:1:0
0:3:1:1:0:4:4:1:0:,clone,4460.645286899387,0:3:1:1:1:4:3:1:0
0:3:1:1:1:4:3:1:0:,clone,4382.728092489169,0:3:1:1:1:4:3:1:0
0:2:0:0:0:4:4:2:0:,recombination,4365.946561732829,1:4:1:2:2:3:3:1:0,1:4:1:1:1:2:3:1:1,MUTATE
0:1:1:0:0:4:4:1:0:,clone,5838.683975957421,0:3:0:1:1:3:3:1:0
0:3:1:2:2:2:3:1:0:,clone,4721.820618047993,0:3:1:2:2:2:2:1:0
0:3:1:1:1:4:4:1:0:,recombination,4723.893077947531,0:3:1:1:1:4:3:1:0,1:4:1:3:3:0:0:0:1
0:3:1:0:0:4:4:1:0:,recombination,5149.269964635877,1:4:1:2:2:3:3:1:1,1:4:1:2:1:2:2:1:0,MUTATE
0:3:0:1:1:3:4:1:0:,clone,4937.919570224271,0:3:0:1:1:3:4:1:0
0:3:0:1:0:4:4:1:0:,recombination,4692.385806404311,0:2:0:1:1:3:3:1:0,1:4:1:2:2:3:2:1:0
0:1:1:0:0:4:4:1:0:,recombination,5729.95849523743,0:3:0:1:0:3:4:1:0,0:3:1:1:0:3:3:1:0
0:3:1:2:1:2:2:1:0:,clone,4206.841031475126,0:3:1:2:2:2:2:1:0
0:2:1:1:1:3:4:1:0:,recombination,4668.79699347067,0:2:1:0:0:4:4:2:0,0:4:1:3:3:1:1:0:0,MUTATE
0:3:1:2:2:3:3:1:0:,recombination,4722.809883507088,0:2:1:1:0:4:4:2:0,1:4:1:2:2:3:3:1:0,MUTATE
0:2:0:0:0:4:4:1:0:,recombination,4341.306847717731,1:4:1:2:2:2:2:0:1,0:2:1:1:0:4:4:2:0
1:4:1:2:2:3:2:0:1:,clone,4927.479466700358,1:4:1:2:2:3:3:0:1
0:2:0:1:1:3:4:1:0:,recombination,4892.939117901856,0:3:0:2:1:2:3:1:0,1:4:0:3:3:0:1:0:2
0:3:1:0:0:4:4:2:0:,clone,4772.183795443031,0:3:1:0:0:4:4:1:0
0:2:1:1:0:4:3:1:0:,clone,4400.160904883565,0:2:1:1:0:4:4:1:0
0:2:0:0:0:3:4:2:0:,recombination,4248.735973541929,1:4:0:3:3:1:2:1:1,0:4:1:1:1:2:3:1:0
0:4:1:2:1:3:3:1:0:,recombination,4689.162717494089,1:4:1:2:2:2:2:0:1,1:4:0:2:2:1:2:0:2,MUTATE
1:4:1:2:2:3:2:0:1:,clone,4883.484525483076,1:4:1:2:2:3:2:0:1
0:3:1:1:0:4:4:2:0:,recombination,5153.386418608536,0:3:1:1:1:4:3:1:0,0:3:1:1:1:2:3:0:0
1:4:1:2:1:3:3:1:1:,clone,4405.522328576492,1:4:1:2:1:3:3:1:1
0:1:1:0:0:4:4:2:0:,recombination,4935.125853712147,0:1:1:0:0:4:4:1:0,0:2:0:0:0:4:4:2:0
1:4:1:2:2:3:2:0:1:,clone,4798.192515745198,1:4:1:2:2:3:2:0:1
0:4:1:3:3:2:1:0:0:,recombination,4643.643761999896,0:2:0:0:0:4:4:2:0,1:4:1:3:3:1:0:0:1
0:2:0:1:0:4:4:1:0:,recombination,4474.618363709612,0:2:1:1:0:3:4:1:0,0:4:1:2:1:2:3:0:0,MUTATE
1:4:1:2:2:3:2:0:1:,clone,4656.873869237184,1:4:1:2:2:3:2:0:1
0:3:0:1:0:3:4:2:0:,recombination,4585.858047277214,0:1:1:0:0:4:4:2:0,1:4:1:2:2:2:3:1:1
0:3:1:1:1:2:4:1:0:,recombination,5816.134866462289,1:4:1:2:2:3:3:1:1,0:4:1:2:1:1:3:0:0,MUTATE
0:3:1:1:0:4:4:1:0:,recombination,4386.311747034299,1:4:0:2:2:2:3:1:1,0:4:1:2:2:2:3:1:0
0:3:0:1:1:3:4:1:0:,clone,4818.557995233887,0:3:1:1:1:3:3:1:0
1:3:0:1:1:3:4:1:0:,recombination,5649.794348280763,2:4:0:3:3:2:1:0:2,0:2:1:1:1:4:3:2:0,MUTATE
0:3:1:1:0:3:4:2:0:,clone,4669.198984560943,0:3:1:1:0:3:4:2:0
1:4:1:2:1:3:2:1:1:,clone,4447.729240753065,1:4:1:2:1:3:3:1:1
0:4:1:2:1:3:3:1:0:,recombination,4543.572131841915,1:4:1:3:3:1:1:0:1,1:4:1:3:3:2:1:0:1
1:4:1:2:2:3:2:1:1:,recombination,4434.937975724863,1:4:1:2:2:3:3:1:1,1:4:1:3:3:1:2:0:1
0:2:1:1:1:4:4:1:0:,recombination,5083.545193180021,1:4:0:2:1:2:3:1:1,1:4:0:1:1:3:3:1:1
0:3:1:0:0:4:4:1:0:,recombination,4720.286952199679,0:3:0:1:1:3:3:2:0,1:4:0:2:2:2:2:1:1,MUTATE
1:3:0:2:2:2:3:1:0:,clone,4801.573327663538,1:3:0:2:2:2:3:1:0
0:4:1:2:2:2:3:1:0:,clone,4730.930536562355,0:4:1:2:2:2:3:1:0
0:3:1:1:0:4:4:2:0:,clone,5048.807274482333,0:3:1:1:1:4:4:1:0
1:4:1:1:1:3:3:1:0:,recombination,4275.62831796253,1:4:1:2:2:3:2:1:1,1:4:1:3:3:1:1:1:1
0:3:0:1:0:4:4:1:0:,recombination,4522.685457072079,2:4:0:3:3:1:2:0:2,1:4:1:2:2:2:3:0:1,MUTATE
0:2:1:0:0:3:4:1:0:,recombination,4321.749476860346,0:4:1:2:1:3:3:0:0,0:3:1:0:0:4:4:1:0,MUTATE
0:3:1:0:0:3:4:1:0:,clone,4803.93336706172,0:3:1:1:0:3:4:1:0
0:4:1:1:1:4:3:1:0:,recombination,6034.9518416348255,1:3:0:2:1:2:2:1:0,1:4:1:3:2:2:2:1:1
0:2:0:1:0:3:4:1:0:,recombination,4380.3992272237,1:4:1:2:2:2:3:1:0,1:4:0:2:2:2:2:0:1,MUTATE
1:3:0:2:1:3:3:1:0:,recombination,4846.865187608209,1:4:0:3:3:1:1:0:2,1:4:0:2:2:3:3:1:0,MUTATE
0:2:1:1:1:4:4:2:0:,recombination,4786.483789861274,1:4:0:3:3:1:2:0:2,1:4:1:2:2:2:2:0:1,MUTATE
0:3:0:0:0:4:4:2:0:,clone,4989.95540890321,0:2:0:0:0:4:4:2:0
0:2:1:1:1:4:4:1:0:,recombination,4918.578120351676,0:2:1:1:1:4:4:2:0,0:2:1:1:0:3:4:0:0,MUTATE
0:1:1:0:0:4:4:1:0:,clone,5139.148219397329,0:1:1:0:0:4:4:1:0
0:3:1:1:0:4:4:2:0:,recombination,4797.962263908916,1:4:0:3:3:2:2:1:1,1:4:1:2:2:3:3:0:1,MUTATE
0:3:1:0:0:3:4:1:0:,recombination,4560.063025343861,1:4:1:2:1:3:3:1:1,1:4:0:2:2:2:2:0:1
0:3:1:1:0:4:4:2:0:,recombination,4785.121592230974,1:4:0:3:2:2:2:1:2,0:3:1:1:1:3:3:1:0
0:3:0:0:0:4:4:2:0:,clone,4675.119588556702,0:3:0:0:0:4:4:2:0
1:3:0:2:2:2:3:1:0:,clone,4777.329774744427,1:3:0:2:2:2:3:1:0
0:3:0:0:0:4:4:2:0:,recombination,4496.706280516529,0:2:1:1:0:3:4:1:0,0:4:1:2:1:2:2:1:0
1:3:0:1:1:3:3:1:0:,recombination,4488.840822172612,0:4:1:1:1:3:3:1:0,1:4:1:3:2:1:1:0:1,MUTATE
0:3:0:1:0:3:4:2:0:,clone,4435.237204218458,0:3:0:0:0:4:4:2:0
1:4:1:1:0:3:4:1:0:,recombination,4667.162185489171,2:4:0:3:3:2:1:1:2,0:4:1:1:1:2:3:1:0
0:3:1:0:0:4:4:1:0:,recombination,4580.220766979908,0:3:0:0:0:4:4:2:0,0:3:1:2:2:2:2:1:0,MUTATE
0:1:1:0:0:4:4:2:0:,clone,4830.560727637722,0:1:1:0:0:4:4:2:0
0:3:0:1:1:4:3:2:0:,recombination,4613.278461171459,0:2:1:1:1:3:3:1:0,1:4:0:3:3:2:1:0:1
0:1:1:0:0:4:4:2:0:,recombination,4683.501075263787,0:1:1:0:0:4:4:2:0,1:4:1:2:1:2:2:1:0,MUTATE
0:4:1:1:1:4:3:1:0:,recombination,4974.204530347444,1:4:1:2:2:3:3:1:1,0:3:0:2:2:3:3:1:0
0:2:1:1:0:3:3:1:0:,clone,4500.930695909893,0:2:1:1:0:3:3:1:0
0:3:0:1:0:4:4:2:0:,clone,4981.286766192155,0:3:1:1:0:4:4:2:0
0:3:1:0:0:4:4:1:0:,recombination,4473.362029407518,1:4:1:1:0:3:4:1:0,0:3:1:2:2:3:3:0:0,MUTATE
1:4:1:2:2:2:3:1:0:,clone,4865.008807482049,0:4:1:2:2:2:3:1:0
0:4:1:3:3:1:1:0:0:,clone,4515.037808916738,1:4:1:3:3:2:1:0:1
1:3:0:2:2:3:3:1:0:,recombination,4903.041745096319,2:4:0:3:3:1:2:0:2,1:4:1:4:4:0:0:0:1,MUTATE
0:3:1:1:1:3:3:1:0:,recombination,4125.626549143491,0:4:1:2:2:3:2:1:0,1:4:0:2:2:2:3:0:1,MUTATE
0:4:1:3:3:2:2:0:0:,clone,4687.874759954791,0:4:1:3:3:1:1:0:0
0:3:0:1:0:4:4:2:0:,clone,4681.794089679305,0:3:0:1:0:4:4:1:0
0:1:0:0:0:4:4:2:0:,recombination,4986.6572818751465,0:4:1:2:2:2:2:0:0,0:2:1:1:0:4:4:1:0,MUTATE
0:3:0:1:1:4:4:2:0:,recombination,5037.206605318502,1:4:1:3:3:1:1:1:1,1:4:0:1:1:2:2:1:1,MUTATE
2:4:0:3:4:0:0:0:2:,clone,4536.393711177964,2:4:0:3:4:0:0:0:2
2:4:0:3:4:0:0:0:2:,clone,4506.496047004035,2:4:0:3:4:0:0:0:2
0:1:0:0:0:4:4:2:0:,clone,4925.059348376555,0:1:0:0:0:4:4:2:0
0:3:1:1:0:4:4:2:0:,clone,4712.535684812937,0:3:1:1:0:4:4:2:0
0:2:1:1:1:4:3:1:0:,recombination,4549.157867401444,1:4:1:2:2:3:3:1:1,1:4:1:1:1:3:3:1:0,MUTATE
0:4:1:3:3:1:1:0:0:,recombination,4469.486028633057,0:4:1:3:3:1:1:0:0,1:4:0:1:1:2:3:1:1
1:3:0:1:1:3:3:1:0:,recombination,4454.88809738914,0:4:1:2:2:1:2:0:0,0:3:1:1:1:3:3:1:0
0:3:1:1:1:4:3:2:0:,clone,4650.079843478211,0:3:1:1:1:4:4:1:0
0:3:1:1:0:4:4:2:0:,clone,4696.9503524590855,0:3:1:1:1:4:3:2:0
0:3:0:1:1:4:4:1:0:,recombination,4720.693988978691,1:4:1:2:2:1:2:1:1,1:3:0:1:1:3:3:1:0,MUTATE
2:4:0:3:4:0:1:0:2:,clone,4720.073882508976,2:4:0:4:4:0:0:0:2
0:3:1:2:1:2:2:0:0:,recombination,4372.802252332686,2:4:0:3:3:1:1:1:2,0:3:1:1:1:3:4:0:0
1:4:0:2:2:2:3:1:1:,recombination,4619.64355762595,0:3:1:2:1:2:2:1:0,1:4:0:3:3:2:2:0:2,MUTATE
0:3:1:1:1:4:4:2:0:,clone,4786.6883064179465,0:3:1:1:1:4:4:2:0
2:4:0:3:4:0:1:0:2:,clone,4621.6922648550835,2:4:0:3:3:0:1:0:2
0:3:1:1:1:3:4:1:0:,clone,4762.630442676422,0:3:1:1:1:3:3:1:0
0:4:1:3:3:2:1:0:0:,clone,4605.024057026829,0:4:1:3:3:2:1:0:0
0:2:0:1:0:3:4:2:0:,recombination,4719.98889422014,1:3:0:1:1:3:3:1:0,0:3:1:2:2:2:2:0:0,MUTATE
1:4:1:2:2:1:2:1:0:,recombination,4364.4788328742725,1:4:0:2:1:3:3:1:0,1:4:1:4:4:0:0:0:1,MUTATE
0:2:1:1:0:4:4:0:0:,clone,6900.575855663908,0:2:1:1:0:4:4:0:0
0:4:1:1:0:3:4:1:0:,recombination,5737.920493533523,0:3:1:0:0:4:4:1:0,1:4:0:4:4:0:0:0:2
0:4:1:2:2:2:1:0:0:,clone,4402.0036592012475,0:4:1:2:2:2:1:0:0
1:3:0:2:1:3:3:1:0:,clone,4722.819578530715,1:3:0:2:1:3:3:1:0
0:3:1:2:1:2:3:1:0:,clone,4420.725429287652,0:3:1:2:1:2:2:1:0
1:3:0:2:1:3:3:1:0:,clone,4541.014968786197,1:3:0:2:1:3:3:1:0
0:1:1:0:0:4:4:2:0:,recombination,4681.246544396627,1:4:1:1:1:3:3:1:1,0:2:1:0:0:4:4:2:0
1:3:0:2:1:3:3:1:0:,clone,4458.164265858234,1:3:0:2:1:3:3:1:0
0:3:0:2:1:3:3:1:0:,clone,4639.293322003388,1:3:0:2:1:3:3:1:0
0:1:1:0:0:4:4:1:0:,clone,5066.822425806249,0:1:1:0:0:4:4:1:0
0:3:0:2:1:3:3:1:0:,clone,4457.48871225887,0:3:0:2:1:3:3:1:0
0:1:1:0:0:4:4:2:0:,clone,4454.567685671553,0:1:1:0:0:4:4:2:0
0:3:1:1:1:3:4:2:0:,recombination,5169.493217376498,1:4:0:3:2:2:2:0:1,0:3:0:0:0:4:4:2:0,MUTATE
0:1:1:0:0:4:4:1:0:,clone,4852.72432126653,0:1:1:0:0:4:4:1:0
1:3:0:1:1:4:3:1:0:,recombination,5216.949509624924,2:4:0:2:2:2:2:1:2,0:3:1:2:1:2:3:0:0,MUTATE
0:1:1:0:0:4:4:2:0:,recombination,4376.207458245559,0:3:0:1:1:3:3:1:0,0:2:1:0:0:4:4:2:0,MUTATE
0:3:0:2:2:2:3:1:0:,clone,4680.638772559157,0:3:0:2:1:3:3:1:0
0:3:1:2:1:2:3:1:0:,clone,4381.546395643571,0:3:1:2:1:2:2:1:0
0:2:1:1:1:4:4:0:0:,clone,6690.881289878822,0:2:1:1:0:4:4:0:0
0:1:0:0:0:4:4:2:0:,clone,4732.698994739343,0:2:1:0:0:4:4:2:0
0:3:0:1:1:4:4:2:0:,clone,4886.775194253483,0:3:0:1:1:4:4:2:0
0:2:0:1:1:4:4:2:0:,recombination,5229.780396062016,0:3:0:1:1:3:3:1:0,1:4:1:1:1:4:3:1:0,MUTATE
0:2:1:1:0:4:4:0:0:,clone,6710.731776774234,0:2:1:1:0:4:4:0:0
0:3:0:1:1:3:4:2:0:,recombination,4830.736231399285,1:4:1:3:3:1:1:0:1,1:4:0:3:2:2:2:1:1
0:3:1:1:1:3:3:2:0:,recombination,4567.272154316631,1:4:0:3:2:2:2:1:1,1:4:1:2:2:3:2:1:1,MUTATE
0:3:0:1:1:3:4:1:0:,clone,4791.6646753441,0:3:0:1:1:3:4:1:0
1:3:0:2:1:2:3:1:0:,recombination,4474.361126363504,1:3:0:2:1:3:3:1:0,0:4:1:2:2:2:3:1:0,MUTATE
1:4:0:3:4:0:0:0:2:,recombination,4155.998086401901,1:4:1:1:1:3:3:1:1,1:4:0:2:2:3:3:0:1,MUTATE
2:4:0:4:4:1:1:0:2:,recombination,4859.247157711037,2:4:0:3:4:0:0:0:2,1:4:1:1:1:3:3:1:1
1:4:1:1:1:3:3:1:1:,clone,4505.139787297121,0:4:1:1:1:3:3:1:0
2:4:0:3:4:0:0:0:2:,clone,4179.030640987292,2:4:0:3:4:0:0:0:2
1:4:1:3:2:2:2:1:1:,clone,4998.363769423734,1:4:1:3:3:1:2:1:1
1:4:0:3:3:0:0:0:2:,clone,4009.6525080172523,1:4:0:3:3:0:0:0:2
0:3:1:1:0:3:4:1:0:,recombination,4180.00640363615,0:3:1:1:1:1:2:0:0,1:4:1:2:2:2:3:0:1,MUTATE
2:4:0:3:3:0:0:0:2:,clone,4126.995760126245,1:4:0:3:3:0:0:0:2
0:3:1:2:2:2:3:1:0:,recombination,4639.988734709592,1:4:0:3:2:2:2:0:1,1:4:0:2:2:3:3:1:0
0:2:0:1:1:3:3:2:0:,recombination,4631.568783486115,1:4:1:2:1:3:3:1:1,1:4:0:3:3:2:1:1:1
0:1:0:0:0:4:4:2:0:,clone,4612.409619845443,0:1:0:0:0:4:4:2:0
2:4:0:4:4:0:0:0:3:,clone,4499.257006945486,0:1:1:0:0:4:4:2:0
0:2:1:1:1:3:3:2:0:,clone,4736.048257841134,0:2:0:1:1:3:3:2:0
2:4:0:3:2:2:2:0:2:,clone,4982.852888931689,2:4:0:3:3:1:2:0:2
1:4:0:3:3:2:1:0:2:,recombination,4622.138703204169,0:3:0:1:1:3:3:2:0,1:4:0:2:2:2:3:1:1,MUTATE
1:4:0:2:2:2:2:0:2:,recombination,4540.651348636918,0:4:1:1:1:2:3:1:0,0:2:1:1:0:4:4:2:0,MUTATE
2:4:1:4:4:0:0:0:2:,clone,4379.422592565812,0:3:1:1:0:4:4:1:0
0:3:1:1:0:4:3:1:0:,recombination,4440.0259086622245,1:4:1:1:1:3:3:1:1,1:4:0:3:3:1:1:0:2
1:4:1:3:4:0:0:0:2:,recombination,4531.299783706696,1:4:1:3:3:2:2:0:1,0:4:1:2:2:2:3:1:0,MUTATE
1:4:1:4:4:0:0:0:2:,recombination,4700.484175225541,1:4:1:3:3:2:2:0:1,0:3:0:1:0:4:4:1:0
0:3:0:1:1:4:4:2:0:,recombination,4656.300604138622,0:4:1:1:1:2:3:1:0,1:4:0:2:1:3:3:1:0,MUTATE
1:4:1:4:4:0:0:0:1:,clone,4626.591882986006,1:4:1:3:3:0:1:0:1
1:4:1:1:1:3:3:1:1:,recombination,4316.700715444593,1:4:0:3:4:0:0:0:2,0:4:1:1:1:3:3:1:0
1:4:0:1:1:4:3:1:0:,recombination,5120.339415279887,0:4:1:2:1:2:2:1:0,0:2:0:1:1:4:3:2:0,MUTATE
0:3:1:0:0:3:4:2:0:,recombination,4747.567750330228,1:4:0:3:3:2:1:0:1,1:4:1:1:1:3:4:1:0
1:3:0:1:1:2:3:1:0:,recombination,4297.037977007282,0:4:1:2:2:1:2:0:0,2:4:0:4:4:0:0:0:3
1:4:1:3:4:0:0:0:1:,recombination,4423.474500477125,2:4:0:3:3:0:1:0:2,1:4:1:3:3:2:2:0:1,MUTATE
0:3:0:2:1:2:3:0:0:,recombination,4601.946262006199,1:4:0:3:3:0:0:0:1,1:4:0:2:2:2:1:0:1,MUTATE
1:4:1:4:4:0:0:0:2:,recombination,4417.4050784137125,1:4:1:3:3:2:2:0:1,0:3:1:1:1:3:4:1:0,MUTATE
1:4:1:4:4:0:0:0:1:,recombination,4488.1253931170095,0:1:1:0:0:4:4:2:0,1:4:1:3:2:2:2:0:1
1:4:1:4:4:0:0:0:1:,clone,4417.405078413713,1:4:1:4:4:0:0:0:2
0:3:1:2:2:2:2:1:0:,recombination,4175.856795026849,1:4:1:1:1:4:3:1:0,0:4:1:3:3:1:1:0:0
0:3:1:1:0:3:4:2:0:,clone,4663.450639478676,0:3:1:1:0:3:4:2:0
0:3:1:1:1:3:4:1:0:,clone,4708.655087194982,0:3:1:1:0:3:4:1:0
0:4:1:2:2:1:2:1:0:,recombination,4887.584088927017,1:4:1:2:2:2:3:1:0,1:4:1:1:1:3:3:1:1,MUTATE
0:3:1:1:0:3:4:2:0:,clone,4633.3668162080985,0:3:1:1:0:3:4:1:0
0:3:1:1:0:4:4:2:0:,clone,4591.331899529344,0:3:1:1:0:4:4:2:0
0:3:1:1:0:3:4:2:0:,clone,4576.439064952743,0:3:1:1:0:3:4:2:0
0:3:1:1:1:4:3:2:0:,recombination,4619.666260247954,1:4:1:1:1:4:3:1:0,1:3:0:1:1:3:3:1:0
1:4:1:3:3:2:2:1:1:,recombination,5052.387715886264,1:4:1:1:1:2:2:1:1,1:4:1:4:4:0:0:0:1,MUTATE
0:3:1:1:0:4:4:2:0:,recombination,4526.627919704756,0:3:1:2:1:3:3:0:0,0:3:1:2:1:2:3:1:0
0:2:1:1:1:4:3:2:0:,recombination,4620.081828133464,0:2:1:1:0:4:4:2:0,0:4:1:3:3:1:2:0:0
0:3:1:2:1:2:3:0:0:,recombination,4496.5701633305,0:3:1:2:2:1:3:0:0,2:4:0:4:4:0:0:0:2,MUTATE
1:4:0:2:2:1:2:1:0:,clone,4352.380426282452,1:4:1:2:2:2:2:1:0
0:2:1:0:0:3:4:2:0:,clone,4605.406850539731,0:2:1:0:0:3:4:1:0
1:4:0:2:2:2:2:1:0:,clone,4200.510814871304,0:3:0:2:2:2:2:1:0
0:2:1:1:1:4:4:1:0:,clone,4771.624609252978,0:2:1:1:1:4:4:1:0
0:2:1:0:0:3:4:2:0:,clone,4408.654610274709,0:2:1:0:0:3:4:1:0
1:4:0:2:1:3:2:1:1:,clone,4365.950823662167,1:4:0:2:2:3:2:1:1
0:3:0:2:2:2:2:0:0:,clone,4542.372784423631,0:3:1:1:1:2:3:1:0
1:4:0:2:1:2:3:1:0:,recombination,4445.486044289313,1:4:0:2:2:2:2:1:0,0:3:1:1:1:4:4:1:0,MUTATE
1:3:0:2:1:2:3:1:0:,clone,4456.649946647431,1:3:0:2:1:2:2:1:0
1:4:0:2:1:3:2:1:1:,recombination,4365.950823662166,1:4:0:2:1:3:2:1:1,1:4:1:2:2:3:3:1:0
0:4:1:2:2:1:2:1:0:,clone,4533.7572233399305,1:4:1:2:1:2:3:1:0
0:3:0:1:1:4:3:2:0:,clone,4530.2650885975045,0:3:0:1:1:4:3:2:0
1:4:0:1:1:3:3:1:0:,clone,4238.463801032912,1:4:0:1:1:3:3:1:0
0:3:0:1:0:4:4:2:0:,recombination,4657.19848432817,0:3:1:2:1:2:3:1:0,0:4:0:2:2:2:3:1:0,MUTATE
0:3:1:1:1:4:4:1:0:,recombination,4719.492097384595,0:3:1:1:0:4:4:2:0,0:3:1:2:2:2:3:0:0
0:3:0:1:0:3:3:1:0:,clone,4457.018084758942,0:3:0:1:0:4:4:1:0
0:3:0:1:0:3:3:2:0:,clone,4392.878454642124,0:3:0:1:0:4:4:2:0
1:4:0:3:3:1:1:0:2:,clone,4283.2328588771015,1:4:0:3:3:1:1:0:2
1:4:1:2:2:2:1:0:1:,clone,4097.782600563121,1:4:1:2:2:2:1:0:1
1:4:0:2:2:1:1:1:1:,clone,4365.322717233632,1:4:0:2:2:2:2:1:1
0:2:0:1:0:3:4:2:0:,recombination,4601.92726209982,0:3:0:1:0:4:4:1:0,0:3:1:1:0:3:4:2:0
0:2:1:1:0:3:3:1:0:,recombination,4217.014807761317,0:4:1:2:1:2:3:0:0,0:3:1:1:0:3:4:2:0,MUTATE
0:2:1:1:0:4:4:2:0:,clone,4525.446072907533,0:2:1:1:0:4:4:2:0
0:1:1:0:0:4:4:2:0:,clone,4352.679322207653,0:1:1:0:0:4:4:2:0
0:1:1:0:0:4:4:1:0:,clone,4819.780546396817,0:1:1:0:0:4:4:2:0
0:4:1:1:1:3:4:1:0:,clone,5386.065913150145,0:4:1:1:1:3:3:1:0
0:3:1:0:0:4:4:2:0:,recombination,4636.49725386145,1:4:1:3:4:1:1:0:2,1:4:0:2:2:1:2:1:1
1:4:1:4:4:0:0:0:2:,recombination,4252.331016162514,1:4:1:3:3:0:1:0:2,1:3:0:1:1:3:3:1:0
1:4:0:3:4:0:0:0:2:,clone,4124.616169660072,2:4:0:4:4:0:0:0:2
1:4:1:3:4:0:0:0:2:,clone,4349.5993558989085,2:4:0:4:4:0:0:0:2
1:4:1:3:3:1:0:0:1:,clone,4237.152577994408,1:4:1:3:3:0:0:0:2
1:4:1:3:3:1:2:0:1:,recombination,4667.412597765893,2:4:0:3:4:0:0:0:2,1:4:0:3:4:0:0:0:2
1:4:1:3:3:1:0:0:1:,clone,4221.890116421601,1:4:1:3:3:1:0:0:1
1:4:1:2:1:2:2:1:1:,recombination,4129.328906335869,1:4:1:3:3:1:2:0:1,1:4:1:2:1:2:3:1:1
1:4:1:3:4:0:1:0:2:,clone,4639.5561900732955,1:4:1:3:4:0:1:0:2
0:2:0:0:0:4:4:2:0:,recombination,4345.337158060225,0:4:1:1:1:3:3:1:0,0:1:1:0:0:4:4:1:0,MUTATE
0:1:0:0:0:4:4:2:0:,clone,4573.217158476208,0:2:0:0:0:4:4:2:0
0:1:0:0:0:4:4:2:0:,clone,4345.337158060225,0:1:0:0:0:4:4:2:0
2:4:0:4:4:0:0:0:2:,clone,4106.736533124934,0:2:1:0:0:4:4:1:0
2:4:0:4:4:0:0:0:2:,clone,4026.5965862148196,2:4:0:4:4:0:0:0:2
1:4:1:2:2:3:2:1:0:,clone,4541.177151116747,1:4:1:2:2:3:2:1:0
0:3:0:2:1:3:2:1:0:,clone,4416.8727850219075,0:3:0:2:1:3:2:1:0
1:4:0:2:1:2:3:0:1:,recombination,4616.6917866909325,1:4:0:3:3:0:0:0:2,1:4:0:3:3:1:0:0:1
1:4:0:3:4:0:0:0:1:,recombination,4066.284413611534,0:4:1:1:0:3:4:1:0,1:4:1:3:3:0:1:0:1,MUTATE
0:2:1:1:1:4:3:2:0:,recombination,4568.681790779897,1:4:0:2:2:2:1:0:1,0:2:1:0:0:4:4:2:0,MUTATE
0:4:1:2:1:3:3:1:0:,clone,4539.977049964371,1:4:1:2:2:2:2:1:0
0:4:1:2:1:3:3:1:0:,recombination,4443.711561386601,0:4:1:2:1:3:3:1:0,0:3:1:1:1:3:3:1:0,MUTATE
1:4:0:3:4:0:0:0:1:,clone,4043.5163083232687,1:4:0:3:4:0:0:0:1
0:2:0:1:0:3:3:1:0:,clone,4356.536879653236,0:2:0:1:1:3:3:1:0
0:2:0:1:0:4:4:2:0:,clone,4097.973896825436,0:2:0:1:0:4:4:2:0
0:2:0:1:0:4:4:1:0:,recombination,4271.46488386074,0:2:1:0:0:4:4:2:0,0:3:0:1:1:3:3:1:0,MUTATE
0:2:0:1:0:4:4:1:0:,clone,4027.459957388733,0:2:0:1:0:4:4:1:0
0:2:1:1:0:4:4:2:0:,clone,4274.269639501958,0:2:0:1:0:4:4:2:0
0:2:0:1:1:3:3:2:0:,clone,4339.394578198422,0:2:0:1:0:4:4:2:0
1:4:1:3:4:0:0:0:1:,clone,4132.949260367392,1:4:0:3:3:0:0:0:1
1:4:0:3:4:0:0:0:2:,clone,4063.6860599864585,1:4:0:3:3:0:0:0:1
0:2:1:0:0:3:4:2:0:,clone,3959.230900385543,0:2:1:0:0:3:4:1:0
1:4:0:1:1:2:2:1:0:,clone,4213.418434302281,1:4:1:1:1:2:3:1:0
0:2:1:0:0:4:4:1:0:,clone,3951.99011485084,0:2:1:0:0:4:4:2:0
1:4:1:2:2:2:3:1:1:,clone,4649.125558287946,1:4:1:2:2:2:2:1:1
0:1:1:0:0:4:4:2:0:,clone,4321.124251073742,0:1:1:0:0:4:4:2:0
0:1:0:0:0:4:4:2:0:,clone,4259.970892282132,0:1:1:0:0:4:4:2:0
0:1:1:0:0:4:4:2:0:,clone,4289.807284375576,0:1:0:0:0:4:4:2:0
1:4:1:3:4:0:0:0:2:,clone,4316.3349336823585,1:4:0:4:4:0:0:0:2
1:4:0:2:2:1:1:1:1:,clone,4288.453141338864,1:4:0:2:2:1:1:1:1
0:3:1:1:1:3:3:1:0:,recombination,4094.4944191597842,0:3:1:1:0:4:4:2:0,1:4:1:2:2:2:3:1:1
0:4:1:2:1:2:2:1:0:,clone,3998.1501516042044,0:4:1:1:1:2:2:1:0
1:4:0:3:3:1:1:0:2:,clone,4150.849297217804,1:4:0:3:3:1:1:0:2
1:4:0:2:2:1:2:0:2:,recombination,4502.0458481521755,0:2:0:1:0:3:4:1:0,0:2:1:0:0:4:4:2:0,MUTATE
1:4:0:1:1:2:2:1:1:,recombination,4109.226480189769,1:4:1:4:4:0:0:0:1,2:4:0:3:2:2:2:0:2
1:4:0:3:4:1:0:0:1:,recombination,4519.416897401849,0:4:1:2:2:2:3:0:0,2:4:0:3:4:0:1:0:2
0:4:1:1:1:3:3:1:0:,recombination,4053.94607432988,1:4:0:1:1:4:3:1:0,0:2:1:0:0:4:4:1:0,MUTATE
0:3:1:1:1:3:3:1:0:,clone,4027.167289967937,0:3:1:1:1:3:3:1:0
0:3:1:1:1:3:4:1:0:,clone,4649.688440381835,0:3:1:1:1:3:4:1:0
1:4:1:3:3:1:0:0:1:,clone,4170.4000674106455,1:4:1:3:3:1:0:0:1
1:4:1:3:4:1:1:0:1:,recombination,4729.883977663787,0:1:1:0:0:4:4:2:0,0:3:1:2:2:1:2:0:0,MUTATE
1:4:1:2:2:2:3:1:0:,recombination,4855.721503069269,0:3:1:2:2:1:2:0:0,0:3:1:1:0:4:4:2:0,MUTATE
2:4:0:4:4:0:0:0:2:,recombination,3922.092795998992,1:4:0:3:4:0:0:0:1,0:1:1:0:0:4:4:1:0,MUTATE
1:4:1:2:2:2:3:1:0:,recombination,4826.107906862186,1:4:1:2:2:1:1:0:1,0:4:1:2:1:2:3:1:0,MUTATE
1:4:1:3:3:2:1:0:1:,clone,4299.517083515702,1:4:1:2:2:2:2:0:1
0:2:0:1:1:4:4:1:0:,clone,5375.147822227759,0:2:0:1:0:4:4:1:0
1:4:1:2:2:2:3:1:0:,recombination,4761.369331366498,0:3:1:2:2:1:2:0:0,0:3:1:0:0:4:4:1:0
1:4:0:2:2:3:3:0:1:,recombination,5401.074727553865,1:4:0:2:2:3:2:0:1,1:4:1:3:3:1:0:0:1,MUTATE
0:2:1:1:1:3:4:1:0:,recombination,4656.305158228344,2:4:0:4:4:0:1:0:2,1:4:1:2:2:3:3:1:1
2:4:0:3:4:0:0:0:2:,clone,4156.493814763692,2:4:0:3:4:0:0:0:2
1:4:0:2:2:3:3:0:1:,clone,5262.767753426651,1:4:0:2:2:3:3:0:1
2:4:0:3:4:0:0:0:2:,clone,4100.989904870535,2:4:0:3:4:0:0:0:2
2:4:0:3:3:0:1:0:2:,clone,4235.564289461435,2:4:0:3:3:0:0:0:2
2:4:1:3:3:1:1:0:2:,clone,4328.012229141869,1:4:0:3:3:1:1:0:2
2:4:0:3:3:0:0:0:2:,clone,4016.1793517796427,2:4:0:3:3:0:0:0:2
1:4:0:3:3:0:1:0:2:,clone,4114.183534899561,2:4:0:3:3:0:0:0:2
1:4:0:2:2:1:1:0:2:,clone,4220.721486348009,1:4:0:3:3:1:1:0:2
1:4:0:3:3:1:1:0:1:,clone,4049.3595860574615,1:4:0:3:3:1:1:0:1
0:2:0:1:1:4:4:2:0:,clone,4984.259291877332,0:2:1:1:0:4:4:2:0
2:4:0:3:3:1:1:1:2:,clone,4542.982103516518,2:4:0:3:3:1:1:1:2
1:4:0:3:3:1:1:1:2:,clone,4413.207201845074,2:4:0:3:3:1:1:1:2
1:4:0:3:3:1:1:1:1:,recombination,4335.081721601683,1:4:1:3:4:0:0:0:1,0:3:0:1:1:3:3:1:0,MUTATE
0:3:1:1:1:3:3:2:0:,clone,4492.376633063668,0:3:1:1:1:3:3:1:0
1:4:1:2:2:3:3:1:1:,recombination,4765.349614922832,0:4:1:2:1:2:3:0:0,1:4:1:3:4:0:1:0:1,MUTATE
1:4:1:2:2:3:3:1:1:,clone,4719.2202497160515,1:4:1:2:2:3:3:1:1
0:1:1:0:0:4:4:2:0:,clone,4273.111079577631,0:1:1:0:0:4:4:2:0
0:1:1:0:0:4:4:1:0:,clone,4790.642460180034,0:1:1:0:0:4:4:1:0
0:1:1:0:0:4:4:1:0:,clone,4790.642460180033,0:1:1:0:0:4:4:1:0
0:1:1:0:0:4:4:1:0:,recombination,4641.714622239749,0:1:1:0:0:4:4:2:0,0:3:1:1:1:2:3:0:0
0:2:1:1:1:4:4:1:0:,recombination,4689.158709061399,0:2:1:1:1:3:4:1:0,1:3:0:1:1:3:3:1:0,MUTATE
0:1:1:0:0:4:4:2:0:,clone,4187.744813799538,0:1:1:0:0:4:4:2:0
0:3:1:0:0:4:4:1:0:,recombination,4421.961152533703,0:3:1:2:1:2:3:1:0,0:3:1:1:1:2:3:0:0,MUTATE
0:4:0:2:1:2:3:1:0:,clone,4903.010823445988,0:3:0:2:1:2:3:1:0
0:2:1:1:1:4:3:1:0:,recombination,4419.8598784852675,0:2:1:1:1:4:4:1:0,1:4:1:1:1:2:3:1:1,MUTATE
1:3:0:1:1:3:3:1:0:,recombination,4362.624093564265,0:1:1:0:0:4:4:1:0,1:4:1:2:2:3:2:0:1
0:2:1:1:1:3:3:2:0:,recombination,4664.743012302891,0:3:1:1:0:3:4:0:0,1:4:1:1:1:4:3:1:0
0:4:1:1:1:2:4:1:0:,clone,5969.67962734802,0:4:1:1:1:2:3:1:0
1:4:0:3:4:0:1:0:2:,recombination,4688.66385711801,2:4:0:3:3:1:2:0:2,1:4:0:3:3:1:1:0:1,MUTATE
0:2:0:1:1:3:4:1:0:,recombination,4789.282139864047,0:3:1:2:1:2:2:1:0,1:4:0:2:2:1:1:0:1,MUTATE
0:2:0:1:1:3:4:1:0:,recombination,4643.925801043318,1:4:0:2:2:1:1:0:1,1:4:1:4:4:0:0:0:2,MUTATE
1:4:0:1:1:3:3:1:1:,recombination,4314.614497708342,1:4:1:2:1:2:3:1:1,1:4:0:3:3:2:1:0:1,MUTATE
1:3:0:1:1:3:3:2:0:,recombination,4732.698994739341,0:4:1:2:1:2:3:0:0,0:4:1:3:3:1:1:0:1,MUTATE
1:3:0:1:1:3:3:1:0:,clone,4360.076191491484,1:4:0:2:1:3:3:1:1
2:4:1:4:4:0:0:0:2:,clone,4377.3827336006625,2:4:1:4:4:0:0:0:2
1:4:1:4:4:0:0:0:1:,clone,4270.455486866624,1:4:1:4:4:0:0:0:1
1:4:0:3:2:1:2:0:2:,clone,4716.720477002284,1:4:0:2:2:1:2:0:2
1:3:1:1:1:3:4:1:0:,recombination,5455.269894140085,0:3:1:2:1:2:3:1:0,0:3:0:1:1:2:3:1:0,MUTATE
2:4:0:3:4:0:0:0:2:,recombination,3861.62885162812,0:2:1:1:1:3:3:1:0,0:3:1:1:1:4:4:1:0,MUTATE
1:4:0:3:3:1:0:0:2:,recombination,4399.58227416968,1:4:1:2:2:3:2:1:0,0:3:0:2:2:2:2:1:0,MUTATE
1:4:0:3:3:1:2:1:1:,recombination,4686.661099312983,0:3:1:1:1:2:3:1:0,1:4:1:1:1:3:3:1:1
0:1:1:0:0:4:4:1:0:,recombination,4567.280949254725,0:4:1:2:2:3:3:1:0,0:4:1:2:2:3:3:1:0
0:2:2:0:0:4:4:1:0:,recombination,7054.661837479565,0:3:1:1:0:4:4:1:0,0:4:1:1:1:3:4:1:0,MUTATE
0:2:1:1:1:3:3:2:0:,recombination,4623.5623482234105,0:4:1:2:2:1:2:1:0,0:3:1:1:1:3:3:1:0
1:4:0:3:3:1:1:0:1:,recombination,3979.757569259665,1:4:1:2:2:1:1:0:1,1:4:0:2:2:1:2:1:1,MUTATE
1:4:0:3:3:1:1:0:1:,clone,3947.6977040188167,1:4:0:3:3:1:1:0:1
1:4:0:1:1:2:2:1:1:,recombination,3946.3087352440507,1:4:1:4:4:0:0:0:1,0:4:1:2:1:3:3:1:0
0:2:0:1:1:3:4:2:0:,recombination,4960.416030648045,1:4:0:2:2:1:1:1:1,0:2:1:1:1:3:3:2:0
0:4:1:1:1:2:3:0:0:,clone,4269.996037443445,0:4:1:1:1:2:2:0:0
0:2:0:0:0:4:4:2:0:,recombination,4307.304685049516,0:2:0:1:0:4:4:1:0,1:4:0:2:2:2:1:0:1
0:2:1:1:1:3:4:2:0:,clone,4903.934071073777,0:2:1:1:1:3:4:2:0
0:4:0:2:2:2:3:1:0:,recombination,4875.13749113135,1:4:0:2:2:2:2:0:1,1:4:0:2:2:2:3:1:0,MUTATE
2:4:0:3:3:1:0:0:2:,recombination,4260.287374604569,1:4:1:2:2:2:3:1:0,0:1:0:0:0:4:4:2:0,MUTATE
2:4:0:3:3:1:1:0:2:,clone,4245.94561386863,2:4:0:3:3:1:1:0:2
1:4:0:3:3:1:1:0:2:,clone,4078.6991100367404,1:4:0:3:3:1:1:0:2
1:4:0:2:3:1:1:0:1:,recombination,3869.0628315235663,1:4:0:3:3:1:1:0:2,1:4:0:2:2:3:3:0:1
1:4:0:2:2:1:2:1:1:,recombination,3868.5112597624143,1:4:0:3:3:1:1:0:2,1:4:1:2:2:1:2:1:1
0:3:0:2:1:2:2:1:0:,recombination,3797.5729189164986,0:2:1:0:0:4:4:1:0,1:4:0:3:3:0:1:0:1,MUTATE
1:4:0:2:2:1:1:1:1:,clone,3999.292882466041,1:4:0:2:2:1:1:1:1
1:4:1:2:1:2:2:1:1:,clone,4011.234702783177,1:4:1:2:1:2:2:1:1
1:4:0:2:2:2:2:0:1:,clone,4029.1979067625643,1:4:0:2:2:2:2:0:1
0:3:1:1:0:3:3:1:0:,recombination,4227.003640258457,1:4:0:1:1:2:2:1:1,0:2:1:0:0:4:4:1:0,MUTATE
0:2:1:1:1:2:3:1:0:,recombination,5125.534441858025,2:4:0:4:4:0:0:0:2,0:3:0:2:1:2:3:1:0,MUTATE
0:2:0:1:0:3:4:1:0:,clone,4304.320764294577,0:2:0:0:0:4:4:1:0
2:4:1:4:4:0:0:0:2:,recombination,4311.353494811476,0:4:1:1:1:2:3:0:0,1:4:0:3:2:2:2:0:1,MUTATE
2:4:1:4:4:0:0:0:2:,clone,4311.353494811475,2:4:1:4:4:0:0:0:2
2:4:1:4:4:0:0:0:2:,clone,4259.930678137559,2:4:1:4:4:0:0:0:2
0:3:0:1:1:3:4:1:0:,clone,4760.320549417584,0:3:0:1:1:3:4:1:0
0:3:0:1:1:3:4:1:0:,clone,4760.320549417583,0:3:0:1:1:3:4:1:0
0:3:1:1:0:3:4:2:0:,clone,4563.10157669144,0:3:1:1:0:3:4:2:0
0:3:1:1:0:4:4:2:0:,clone,4512.874141261524,0:3:1:1:0:3:4:2:0
1:4:0:3:3:1:1:0:1:,clone,3891.789735518807,1:4:0:3:3:1:1:0:1
1:4:0:2:2:2:2:0:1:,clone,3879.7062482086367,1:4:0:2:2:1:1:0:1
0:3:1:1:0:4:4:1:0:,clone,4373.063420452115,0:2:1:1:0:4:4:1:0
1:3:0:1:1:3:3:1:0:,clone,4344.7526660788835,1:4:0:2:2:2:2:1:1
0:3:1:1:0:3:4:2:0:,clone,4498.899112226999,0:2:1:1:0:4:4:2:0
0:2:1:1:1:4:4:2:0:,recombination,4661.0454693198435,1:4:0:3:3:1:1:0:1,1:4:1:2:2:2:3:0:1
2:4:0:4:4:0:1:0:2:,recombination,4838.740450942894,1:4:0:3:3:1:2:0:2,1:4:0:3:3:1:1:0:1
1:4:1:1:1:3:4:1:0:,clone,5194.718693739124,0:3:1:1:0:3:4:1:0
1:4:1:1:1:3:4:1:0:,clone,5194.718693739123,1:4:1:1:1:3:4:1:0
0:3:0:0:0:4:4:1:0:,recombination,4884.074723648155,2:4:0:3:3:1:2:0:2,0:2:1:0:0:4:4:1:0,MUTATE
1:4:1:2:1:2:3:1:1:,clone,4445.746294295054,1:4:0:2:2:2:2:1:1
0:1:1:0:0:4:4:1:0:,clone,4536.501510654082,0:1:1:0:0:4:4:1:0
0:1:1:0:0:4:4:1:0:,clone,4303.450294588779,0:1:1:0:0:4:4:1:0
1:4:1:3:3:0:0:0:2:,recombination,4349.65780840033,1:4:0:3:3:1:1:0:1,1:4:0:3:3:2:1:1:2
1:4:0:3:3:0:1:0:2:,clone,4109.862690265568,1:4:0:3:3:0:0:0:2
0:3:1:0:0:4:4:2:0:,recombination,4450.49243823775,0:3:0:2:2:2:2:0:0,0:2:0:1:0:4:4:1:0,MUTATE
1:4:1:3:3:0:1:0:1:,clone,3764.280483758415,1:4:1:3:3:0:1:0:1
0:1:1:0:0:4:4:2:0:,clone,4172.487927896033,0:1:1:0:0:4:4:2:0
0:3:1:1:1:3:4:1:0:,clone,4613.780025622177,0:3:1:1:1:3:3:1:0
0:3:1:0:0:4:4:2:0:,clone,4431.694416926152,0:3:1:1:0:4:4:1:0
0:1:1:0:0:4:4:2:0:,recombination,4110.733591128,1:4:1:3:3:1:2:0:1,2:4:0:3:3:2:1:0:2,MUTATE
1:4:0:2:2:3:2:0:1:,recombination,5192.1226566655,1:4:0:2:1:3:2:1:1,1:4:1:1:1:3:4:1:0,MUTATE
0:3:0:1:0:4:4:2:0:,recombination,4553.113233683788,0:1:1:0:0:4:4:2:0,0:1:0:0:0:4:4:2:0,MUTATE
0:2:0:0:0:4:4:2:0:,recombination,4250.238179508048,0:4:1:3:3:1:1:0:1,1:4:1:2:1:2:2:1:1,MUTATE
1:4:0:2:1:3:3:1:1:,recombination,4449.453910831713,0:3:1:1:1:3:3:1:0,1:4:0:2:1:3:3:1:1,MUTATE
1:4:1:2:2:2:3:1:0:,clone,4719.5958989741885,1:4:1:2:2:2:2:1:1
1:3:0:2:1:2:2:1:0:,recombination,4084.7475268950816,0:3:1:0:0:4:4:1:0,0:2:0:0:0:4:4:2:0,MUTATE
0:2:0:1:0:3:4:2:0:,clone,4336.5914092442945,0:2:0:1:0:3:3:1:0
0:4:1:1:1:4:4:1:0:,clone,4980.425895702047,0:4:1:1:1:4:4:1:0
0:2:1:0:0:4:4:2:0:,clone,4164.044690903479,0:2:1:0:0:4:4:2:0
1:4:0:4:4:0:1:0:2:,recombination,5117.968349444629,0:4:1:1:1:4:4:1:0,0:3:1:2:2:3:3:0:0,MUTATE
2:4:0:4:4:1:0:0:2:,clone,4786.15596987502,2:4:0:4:4:1:0:0:2
1:4:0:4:4:1:1:0:2:,clone,4786.15596987502,2:4:0:4:4:1:0:0:2
1:4:0:3:4:1:1:0:1:,recombination,4955.118510293411,0:3:1:2:1:2:3:1:0,0:3:1:2:2:3:3:0:0
2:4:0:4:4:1:1:0:2:,clone,4782.470742284978,1:4:0:4:4:1:1:0:2
2:4:0:3:4:1:1:0:2:,clone,4770.336102422013,2:4:0:4:4:1:1:0:2
0:3:1:0:0:4:4:1:0:,clone,4363.976796478079,0:3:1:0:0:4:4:1:0
2:4:0:3:4:1:1:0:2:,clone,4757.614054204925,2:4:0:4:4:1:1:0:2
2:4:0:3:4:1:1:0:2:,clone,4716.597428850549,2:4:0:4:4:1:1:0:2
0:2:2:0:0:4:4:1:0:,clone,5635.460134081137,0:2:1:0:0:4:4:1:0
0:2:1:0:0:4:4:2:0:,recombination,4061.422725557057,0:2:1:0:0:3:4:2:0,0:3:1:1:1:3:3:0:0,MUTATE
0:3:1:1:0:4:4:1:0:,clone,4334.776765984032,0:3:1:1:0:4:4:1:0
0:3:0:1:0:4:4:2:0:,recombination,4448.13430476484,0:3:1:2:2:2:2:0:0,1:4:1:2:1:3:3:1:0
0:2:2:0:0:4:4:1:0:,clone,5597.095889455414,0:2:2:0:0:4:4:1:0
0:4:1:1:1:3:4:1:0:,clone,5319.80231780128,0:3:1:1:1:3:4:1:0
0:3:1:1:1:3:4:2:0:,clone,4889.632675685577,0:3:1:1:1:3:3:2:0
1:4:0:3:4:1:1:0:1:,clone,4713.913129644698,1:4:0:3:3:1:1:0:1
0:3:0:2:2:2:2:0:0:,clone,4418.614410199407,0:3:0:2:1:2:3:1:0
0:3:0:2:2:2:2:0:0:,clone,4394.604708538448,0:3:0:2:2:2:2:0:0
1:4:0:4:4:0:1:0:2:,clone,4860.633038364708,1:4:0:4:4:0:1:0:2
1:4:1:3:4:1:0:0:1:,clone,4630.142077477517,1:4:0:3:3:1:0:0:1
1:4:1:4:4:1:0:0:1:,clone,4723.566632906594,1:4:1:3:3:1:0:0:1
1:4:1:2:2:3:2:1:0:,recombination,4516.784268809835,0:2:1:1:1:3:4:1:0,2:4:0:4:4:0:1:0:2,MUTATE
1:4:1:4:4:1:1:0:1:,clone,4934.3535600666155,1:4:1:3:3:1:1:0:1
0:4:1:1:1:3:3:0:0:,clone,4892.150904713029,0:4:1:1:1:3:3:0:0
1:4:0:3:2:1:2:0:1:,clone,4664.3305774870605,1:4:0:3:2:1:2:0:1
1:4:0:3:4:0:0:0:2:,recombination,3779.915264429901,0:3:0:1:1:4:4:1:0,1:4:1:2:1:2:2:1:1,MUTATE
1:4:1:2:2:2:2:0:1:,recombination,3963.6616049541803,1:4:0:3:3:1:1:0:2,0:3:1:1:1:3:3:1:0,MUTATE
0:4:0:2:2:2:2:1:0:,recombination,4215.99185809244,0:4:1:2:2:1:3:0:0,0:2:0:1:0:4:4:1:0
0:1:0:0:0:4:4:1:0:,recombination,4698.428203798485,0:4:1:2:1:3:3:1:0,0:3:0:2:2:2:2:1:0
0:3:1:0:0:3:4:1:0:,recombination,4343.905193948401,0:4:1:2:2:3:2:1:0,1:4:1:2:1:3:3:0:1
0:3:1:1:0:3:4:1:0:,recombination,4147.921486138421,0:3:1:0:0:3:4:1:0,0:3:1:0:0:3:4:1:0,MUTATE
0:4:0:2:1:3:3:1:0:,recombination,5173.659837056828,0:2:0:0:0:4:4:2:0,0:4:1:2:2:1:2:1:0,MUTATE
2:4:0:3:4:1:0:0:2:,recombination,4428.251470407414,1:4:1:1:1:3:3:1:1,2:4:0:3:3:1:1:1:2,MUTATE
2:4:0:3:3:0:0:0:2:,clone,3712.8559086340074,2:4:0:3:3:0:0:0:2
1:4:0:2:1:3:2:1:1:,recombination,4156.651541183258,1:4:1:2:1:2:3:0:1,2:4:0:3:4:1:0:0:2
0:1:1:0:0:4:4:2:0:,recombination,4067.6910663981816,0:4:1:2:1:3:3:1:0,0:4:1:2:1:2:3:1:0,MUTATE
0:3:1:2:1:2:3:1:0:,recombination,4344.764936363257,0:1:1:0:0:4:4:1:0,0:4:1:3:3:0:1:0:1
0:3:1:2:1:2:3:1:0:,clone,4344.764936363256,0:3:1:2:1:2:3:1:0
0:3:0:2:2:1:2:0:0:,clone,4624.131050762517,1:4:0:2:2:1:2:0:1
0:2:1:1:1:2:3:1:0:,recombination,4625.380473407239,1:4:0:2:1:2:3:0:1,0:3:1:2:1:2:3:1:0
0:3:0:2:2:1:2:0:0:,clone,4184.468619513018,0:3:1:2:2:1:2:0:0
0:2:0:1:1:2:3:1:0:,clone,4129.305459702793,0:2:0:1:1:2:3:1:0
1:4:1:3:3:0:0:0:2:,clone,4121.179005317252,1:4:0:3:4:0:0:0:2
1:4:1:3:3:1:2:0:1:,clone,4623.295345488699,1:4:1:2:2:1:2:0:1
0:3:1:1:1:2:4:1:0:,clone,4987.782850790163,0:3:1:1:1:2:4:1:0
0:4:1:1:1:3:4:1:0:,clone,4958.321791391507,1:4:1:1:1:3:4:1:0
0:3:1:1:0:3:3:1:0:,recombination,4199.156579531169,1:4:1:3:3:0:1:0:1,1:4:0:3:3:1:1:0:2
2:4:0:3:4:0:0:0:2:,clone,3847.779278256852,2:4:0:3:4:0:0:0:2
1:4:0:3:3:0:0:0:2:,clone,3761.3842574386276,1:4:0:3:3:0:0:0:2
1:4:0:3:3:0:1:0:2:,clone,3979.0048798456046,1:4:0:3:3:0:1:0:2
1:4:0:3:3:2:1:0:2:,clone,4426.232347653891,1:4:0:3:3:2:1:0:2
1:4:0:2:2:3:3:1:0:,clone,4664.488102022469,1:4:0:2:2:3:3:1:0
0:4:1:2:2:2:3:1:0:,clone,4699.63867486439,0:4:1:2:2:2:2:1:0
0:2:1:1:0:3:4:2:0:,clone,4168.451592344248,0:2:1:1:0:3:4:2:0
0:2:1:0:0:3:4:1:0:,clone,4292.465192881646,0:2:1:0:0:3:4:2:0
0:2:1:0:0:3:4:1:0:,clone,4174.187968497514,0:2:1:0:0:3:4:2:0
0:2:1:0:0:3:4:1:0:,clone,4091.2573117145457,0:2:1:0:0:3:4:1:0
2:4:0:4:4:0:0:0:3:,recombination,4219.704807427347,1:4:0:3:4:0:0:0:2,0:2:1:1:1:3:3:2:0,MUTATE
1:4:1:1:1:3:3:1:0:,clone,4196.017274191459,1:4:1:1:1:3:3:1:0
2:4:1:4:4:0:0:0:2:,recombination,3892.8648052301487,0:4:1:1:1:3:3:0:0,0:3:0:1:1:3:3:1:0,MUTATE
0:4:1:2:1:2:3:1:0:,clone,4360.437457682401,0:4:1:2:1:2:3:1:0
1:4:1:2:1:2:3:0:1:,clone,4562.565220527813,0:4:1:2:1:2:3:0:0
2:4:0:3:3:0:1:0:2:,clone,4217.5015794526025,2:4:0:3:3:0:0:0:2
2:4:0:3:4:0:0:0:2:,recombination,3816.691830710198,0:2:0:1:0:4:4:2:0,1:4:1:2:2:2:2:1:0,MUTATE
2:4:0:3:3:0:0:0:2:,clone,3647.454049718799,2:4:0:3:4:0:0:0:2
1:4:0:1:1:2:3:1:0:,recombination,4349.007963454951,1:4:0:3:3:0:0:0:2,0:3:1:2:2:3:2:1:0,MUTATE
0:4:1:2:2:3:2:1:0:,clone,4430.751182372198,0:4:1:2:2:3:2:1:0
1:4:1:2:1:2:3:1:0:,clone,4367.168710653015,1:4:1:2:1:2:2:1:0
0:2:0:0:0:3:4:1:0:,recombination,4601.3827845825435,1:4:0:1:1:2:3:1:0,1:4:0:2:2:3:2:1:1
0:3:0:1:1:3:4:2:0:,clone,4708.975094561716,0:2:0:1:0:4:4:2:0
1:4:1:4:4:0:0:0:1:,recombination,4057.2421168141072,1:4:0:1:1:3:3:1:1,1:4:1:1:1:2:3:1:0,MUTATE
1:4:0:3:3:0:0:0:2:,clone,3749.240658617637,1:4:0:3:3:0:0:0:2
1:4:0:3:3:1:1:0:1:,clone,3846.8631027463616,1:4:0:3:3:1:1:0:1
1:4:0:3:3:0:1:0:2:,clone,3891.761254477854,1:4:0:3:3:0:1:0:1
1:4:0:2:3:1:1:0:1:,recombination,3824.256906222297,1:4:0:1:1:2:3:1:1,0:3:0:1:1:3:4:1:0,MUTATE
2:4:0:3:4:1:0:0:2:,clone,4428.216539949235,2:4:0:3:3:1:0:0:2
2:4:0:3:3:1:0:0:2:,clone,4215.4849473417935,2:4:0:3:3:1:1:0:2
2:4:0:3:3:1:0:0:2:,clone,4213.634892410687,2:4:0:3:3:1:0:0:2
2:4:0:3:3:1:0:0:2:,clone,4211.873858770435,2:4:0:3:3:1:0:0:2
2:4:0:3:3:1:1:0:2:,recombination,4211.873858770436,2:4:0:3:3:1:0:0:2,0:3:0:2:2:2:2:0:0
2:4:0:3:3:1:1:0:2:,recombination,4056.376314734567,0:3:1:2:1:2:3:0:0,0:3:0:2:1:3:3:1:0
1:4:0:3:3:2:2:0:2:,clone,4740.5282360178,1:4:0:3:3:2:1:0:2
1:4:1:1:1:4:4:1:0:,recombination,6060.319329745443,0:3:1:2:1:2:3:0:0,0:4:1:2:2:3:3:0:0
0:3:0:2:2:3:2:1:0:,recombination,4877.291145241637,1:4:0:2:1:3:3:1:0,1:4:0:2:2:2:2:0:1,MUTATE
1:4:1:2:2:3:3:1:1:,recombination,4676.74621757,1:4:0:2:1:2:3:1:0,1:4:0:2:2:2:2:0:1,MUTATE
1:4:0:3:2:2:2:1:1:,clone,4611.295748905284,1:4:0:2:2:2:2:1:1
0:2:0:1:0:3:3:2:0:,recombination,4462.72677070944,1:4:0:2:1:3:3:1:1,1:4:0:3:3:1:1:0:2
0:3:1:0:0:4:4:2:0:,recombination,4332.184153478956,0:2:1:0:0:3:4:1:0,1:4:0:3:4:0:0:0:2,MUTATE
1:4:0:3:4:0:1:0:2:,recombination,4626.160872837341,0:2:0:1:0:3:4:1:0,1:3:0:2:1:3:3:1:0
1:4:1:3:3:1:2:0:1:,recombination,4622.205949120233,0:3:1:2:2:2:3:1:0,0:4:1:2:2:2:2:1:0
0:4:1:1:0:4:4:1:0:,clone,5405.394213972208,0:3:1:1:0:4:4:1:0
1:3:0:2:2:3:3:1:1:,clone,4709.260364967247,1:3:0:2:2:3:3:1:1
2:4:0:4:4:0:0:0:2:,recombination,3896.047247438182,1:4:1:2:1:2:2:1:1,1:4:1:2:2:2:2:0:1,MUTATE
1:4:0:4:4:0:0:0:2:,clone,4046.1856721493546,2:4:0:4:4:0:0:0:2
1:4:0:3:2:1:1:0:1:,recombination,4524.889097774065,1:4:0:2:1:2:2:0:1,0:2:0:1:0:4:4:2:0
1:4:0:3:3:0:0:0:1:,recombination,3801.5222912064137,1:4:0:4:4:0:0:0:2,0:3:0:2:2:3:2:1:0
0:2:1:1:1:3:4:2:0:,clone,4790.224522439141,0:2:1:1:1:3:4:2:0
1:4:0:3:2:1:2:0:1:,recombination,4620.091975483321,1:4:0:3:3:0:1:0:1,1:4:1:2:2:3:3:1:1
0:3:1:2:2:1:2:1:0:,recombination,4750.849813752679,1:3:0:1:1:3:3:1:0,1:4:0:2:2:2:2:1:2
1:3:0:2:2:2:2:1:1:,clone,4584.01269611154,1:4:0:2:2:2:3:1:1
2:4:0:3:4:0:0:0:2:,clone,3811.2961996553195,0:2:1:0:0:4:4:2:0
1:4:1:2:1:2:3:1:1:,recombination,4386.290311082954,1:4:0:3:3:1:1:0:1,1:4:0:2:2:1:2:1:1
0:2:1:1:0:3:3:1:0:,recombination,4147.352295796982,0:4:1:2:1:3:3:1:0,0:3:0:1:0:4:4:2:0,MUTATE
0:2:0:1:0:3:4:1:0:,clone,4224.461327253393,0:2:0:1:0:3:4:1:0
0:3:1:1:0:4:4:1:0:,recombination,4279.625722538442,1:4:0:2:2:1:2:1:1,2:4:0:3:4:0:0:0:2
2:4:1:3:4:0:0:0:2:,clone,4097.959201007572,2:4:0:3:3:0:0:0:2
0:3:1:2:2:3:2:1:0:,clone,4194.870771653833,0:3:0:2:2:3:2:1:0
0:2:0:1:1:4:4:1:0:,recombination,4867.287949206867,0:4:1:2:1:3:3:1:0,1:4:1:2:2:2:2:0:1
0:2:0:1:1:4:4:1:0:,clone,4680.686393013602,0:2:1:1:1:3:3:1:0
0:2:0:1:1:4:3:1:0:,recombination,4912.485376906126,0:1:1:0:0:4:4:1:0,0:2:0:1:1:4:4:1:0,MUTATE
0:2:0:1:1:4:3:1:0:,clone,4669.775319332086,0:2:0:1:1:4:3:1:0
0:2:1:1:1:3:3:1:0:,clone,4079.6651039328976,0:2:1:1:1:3:3:1:0
0:2:0:1:1:4:3:1:0:,recombination,4625.849867381024,0:4:1:1:1:3:3:1:0,0:3:1:1:0:4:3:1:0,MUTATE
0:3:0:1:0:4:4:1:0:,recombination,4319.872259710229,1:4:0:3:3:2:1:0:2,2:4:0:3:4:0:0:0:2,MUTATE
0:4:1:1:0:4:4:1:0:,clone,5227.784206607511,0:4:1:1:0:4:4:1:0
1:4:0:2:2:1:2:0:2:,clone,4455.83808963417,1:4:0:2:2:1:2:0:1
0:3:0:1:0:3:3:1:0:,recombination,4399.670870362955,0:2:1:1:0:3:4:1:0,0:2:1:1:1:4:4:1:0
0:3:1:1:0:4:4:2:0:,clone,4496.902938205525,0:3:0:0:0:4:4:2:0
0:3:1:1:0:4:4:2:0:,recombination,4448.733375764083,0:3:1:1:1:3:3:1:0,0:3:0:2:1:3:3:1:0
0:1:0:0:0:4:4:2:0:,clone,4228.055022985884,0:1:0:0:0:4:4:2:0
0:3:1:0:0:3:4:1:0:,recombination,4313.560905543552,1:4:1:3:2:1:2:0:1,1:4:0:3:3:0:0:0:2
