1:4:1:4:4:1:1:0:1:,initialisation,5812.739834054788,
2:4:0:3:3:1:1:0:2:,initialisation,5611.136851610508,
1:4:0:3:3:2:2:1:1:,initialisation,5611.1368516105085,
1:4:1:3:3:2:2:0:1:,initialisation,5844.7815014966745,
0:4:1:3:3:1:1:0:0:,initialisation,4957.1894270131215,
1:4:1:2:2:2:2:1:1:,initialisation,5468.461091464243,
1:4:1:2:2:2:2:1:1:,initialisation,5067.9924903171595,
1:4:1:3:3:2:2:0:1:,initialisation,5361.533474529831,
0:4:1:2:1:3:3:1:0:,initialisation,6973.990850413757,
1:4:1:2:2:3:3:1:1:,initialisation,5917.5601333847835,
0:3:1:1:1:3:3:1:0:,initialisation,5899.948031212366,
0:4:1:2:2:2:3:0:0:,initialisation,5193.983330350111,
1:4:0:3:3:2:2:0:1:,initialisation,5780.587369393194,
1:4:1:3:3:1:1:0:1:,initialisation,5298.149969631228,
1:4:0:2:2:2:2:0:1:,initialisation,5859.050303328429,
1:4:0:3:3:1:2:0:1:,initialisation,5435.841108906154,
1:4:1:2:2:2:2:0:1:,initialisation,5723.21743199135,
1:4:1:3:3:2:2:1:1:,initialisation,5548.664896296529,
0:4:1:2:2:2:2:0:0:,initialisation,5132.738737242737,
1:4:0:3:3:1:2:1:2:,initialisation,5611.136851610508,
0:3:1:2:1:3:3:1:0:,initialisation,6001.62305913823,
0:4:1:2:2:2:2:1:0:,initialisation,4882.1692007792735,
1:4:0:3:3:1:1:0:1:,initialisation,5147.121787982587,
1:4:0:2:2:2:2:1:1:,initialisation,5611.13685161051,
1:4:0:4:4:1:1:0:1:,initialisation,5361.351251959981,
1:4:1:2:2:2:3:1:0:,initialisation,5292.752462794134,
1:4:0:2:2:3:3:1:1:,initialisation,5611.1368516105085,
0:4:1:2:2:2:3:1:0:,initialisation,5493.409094019696,
0:4:0:1:1:3:3:1:0:,initialisation,5475.724842975648,
1:4:0:3:3:1:2:0:1:,initialisation,5279.5827528284435,
1:4:1:2:2:2:3:0:1:,initialisation,6043.647874601186,
0:4:1:1:0:3:4:1:0:,initialisation,6427.094285021571,
0:3:1:2:1:3:3:0:0:,initialisation,6280.621718687181,
1:4:1:2:2:2:3:0:1:,initialisation,5661.649088486976,
1:4:0:2:2:2:2:1:1:,initialisation,5086.272319518982,
1:4:1:3:3:2:2:0:1:,initialisation,5311.237440950898,
0:4:1:2:1:3:3:1:0:,initialisation,6043.176848773868,
0:3:1:2:2:2:2:0:0:,initialisation,5787.725825190841,
1:4:1:3:3:1:2:0:1:,initialisation,5482.806317029835,
1:4:1:2:2:3:2:1:1:,initialisation,5568.5832762180935,
1:4:0:3:3:2:1:0:1:,initialisation,5529.626593886954,
0:3:1:1:1:3:4:1:0:,initialisation,6082.364334521681,
1:4:1:3:3:1:2:0:1:,initialisation,4976.693471437986,
0:4:1:3:3:1:2:0:0:,initialisation,5114.17280574436,
1:4:0:2:2:2:3:1:1:,initialisation,5677.677378105725,
1:4:0:3:3:1:1:0:1:,initialisation,5136.983445474457,
1:4:0:2:2:2:3:1:1:,initialisation,5504.504683228554,
1:4:0:3:3:2:2:0:1:,initialisation,5538.99472667263,
1:4:1:4:4:1:1:0:1:,initialisation,5063.310760600298,
1:4:0:3:4:2:1:0:1:,initialisation,5361.133944805375,
2:4:0:3:3:2:2:0:2:,initialisation,5611.136851610508,
0:4:1:1:1:4:3:1:0:,initialisation,5914.203087908183,
0:4:1:2:1:2:3:1:0:,initialisation,5882.396168917611,
1:4:0:2:2:2:2:1:1:,initialisation,5057.332240773387,
1:4:0:2:2:3:2:1:1:,initialisation,5238.385655451517,
1:4:0:3:4:1:1:0:1:,initialisation,5044.060270874052,
0:4:1:1:1:3:4:1:0:,initialisation,6143.062310770819,
1:4:1:2:2:3:3:1:0:,initialisation,6026.105006878822,
1:4:0:3:3:1:1:0:1:,initialisation,5054.886345688001,
0:4:1:2:2:3:3:1:0:,initialisation,5898.11828471505,
0:3:1:1:1:3:4:1:0:,initialisation,6023.164657088199,
1:4:1:2:2:3:3:1:1:,initialisation,5834.383964133827,
1:4:1:2:1:3:3:1:0:,initialisation,5922.282018460111,
0:4:1:3:3:2:2:0:0:,initialisation,5796.212410217314,
1:4:1:3:2:2:2:0:1:,initialisation,6090.507911602018,
0:4:1:1:1:3:3:1:0:,initialisation,6018.399970343234,
1:4:0:3:2:3:2:1:1:,initialisation,5611.1368516105085,
1:4:1:2:2:2:2:0:1:,initialisation,5538.4155908375615,
1:4:0:2:2:2:2:0:1:,initialisation,5115.736298793428,
1:4:1:2:2:2:3:1:1:,initialisation,5355.970785896786,
1:4:0:3:2:2:2:1:1:,initialisation,5538.18348599169,
1:4:1:3:2:2:2:0:1:,initialisation,6060.206826340842,
0:4:1:2:2:3:3:0:0:,initialisation,5820.836810311614,
0:4:0:2:2:2:2:1:0:,initialisation,5564.530863520752,
1:4:1:2:2:2:2:0:1:,initialisation,5176.211327046365,
1:4:1:3:4:1:1:0:1:,initialisation,5289.532983583116,
1:4:1:2:1:2:3:1:1:,initialisation,6043.274809259091,
1:4:1:3:3:2:2:0:1:,initialisation,5264.732706904956,
0:4:1:2:2:3:2:1:0:,initialisation,5634.588480341458,
1:4:0:3:3:2:2:1:1:,initialisation,5466.422328485405,
1:4:1:3:2:2:2:0:1:,initialisation,5756.909299779605,
1:4:0:3:3:1:2:1:1:,initialisation,5611.136851610509,
1:4:1:1:1:3:3:1:1:,initialisation,5567.134434959932,
1:4:0:2:2:2:3:1:1:,initialisation,5452.568418281552,
0:4:1:2:1:3:3:1:0:,initialisation,5526.0824437057,
0:4:1:2:2:1:2:0:0:,initialisation,5317.408708428354,
1:4:1:2:2:2:3:1:1:,initialisation,5297.704140222611,
0:3:1:2:2:2:3:0:0:,initialisation,5846.236809661449,
0:2:1:0:0:4:4:1:0:,initialisation,5888.636605165115,
0:4:1:3:3:2:2:0:0:,initialisation,5643.05393167054,
1:4:1:3:3:1:1:0:1:,initialisation,5267.727372353833,
1:4:1:2:1:3:3:1:0:,initialisation,5261.211416875299,
1:4:0:3:3:2:2:0:1:,initialisation,5262.88578483619,
0:4:1:3:2:2:2:0:0:,initialisation,5937.800126070218,
1:4:1:3:2:2:2:0:1:,initialisation,5743.54085272854,
1:4:1:2:2:1:2:0:1:,initialisation,5794.91884656052,
1:4:1:3:2:1:2:0:1:,initialisation,5805.850950222989,
0:4:1:2:2:3:3:1:0:,initialisation,5738.92606017676,
0:4:1:2:1:3:3:1:0:,initialisation,5450.591733065526,
0:4:1:2:2:2:2:0:0:,initialisation,4591.595916879201,
1:4:0:3:3:1:1:0:1:,initialisation,4818.707660401273,
1:4:0:3:2:1:2:1:1:,initialisation,5585.004380085435,
1:4:1:2:2:2:2:0:1:,initialisation,5140.797110340201,
1:4:0:4:4:2:1:0:1:,initialisation,5805.6600090605925,
1:4:0:3:3:1:1:0:1:,initialisation,4813.9888898076015,
1:4:1:2:2:2:3:0:1:,initialisation,5529.811074598028,
1:4:1:3:3:1:1:0:1:,initialisation,5264.914594657776,
1:4:0:3:3:1:2:0:1:,initialisation,5246.451021525077,
0:4:1:1:1:3:3:1:0:,initialisation,5607.34291851169,
1:4:0:3:3:2:1:1:1:,initialisation,5611.1368516105085,
1:4:1:3:3:1:2:0:1:,initialisation,4915.131959288049,
1:4:1:3:2:2:2:0:1:,initialisation,5739.56414142918,
1:4:0:3:2:2:2:1:1:,initialisation,5257.676462018959,
1:4:1:2:2:3:3:1:0:,initialisation,5979.687988873688,
0:4:1:2:1:3:3:0:0:,initialisation,5786.671946656662,
1:4:0:3:3:2:2:1:1:,initialisation,5392.3874392116395,
1:4:1:2:2:1:2:0:1:,initialisation,5219.231910430193,
1:4:0:2:1:3:3:1:1:,initialisation,6088.567390207835,
0:4:1:2:2:3:3:1:0:,initialisation,5577.697874946154,
1:4:0:2:2:2:2:0:1:,initialisation,5083.955730771354,
1:4:0:3:3:1:1:0:2:,initialisation,5402.656814135161,
1:4:1:3:3:2:2:0:1:,initialisation,5099.753178051747,
0:4:1:2:1:2:3:1:0:,initialisation,5815.652877391948,
1:4:1:3:3:1:1:0:1:,initialisation,4959.175713839743,
1:4:1:2:1:4:3:1:0:,initialisation,6098.914452921285,
1:4:0:4:4:1:1:0:1:,initialisation,5305.18706871325,
1:4:0:2:2:1:2:0:1:,initialisation,5670.152099430062,
1:4:1:3:3:0:1:0:1:,initialisation,4600.340730939,
1:4:0:4:4:1:1:0:2:,initialisation,5704.6370169852835,
1:4:1:2:2:2:2:1:1:,initialisation,5024.400873338868,
1:4:1:3:3:1:1:0:1:,initialisation,4954.241917019556,
1:4:0:3:3:2:2:0:1:,initialisation,5127.830753415109,
1:4:0:2:2:3:3:1:1:,initialisation,5522.082816443087,
1:4:0:3:2:2:2:0:1:,initialisation,5499.39712745346,
1:4:1:2:2:3:3:0:1:,initialisation,6918.470248931426,
2:4:0:3:3:2:1:0:2:,initialisation,5611.1368516105085,
0:4:1:2:2:1:2:0:0:,initialisation,5017.650300608498,
1:4:0:2:2:1:2:1:1:,initialisation,5282.739731944628,
1:4:1:3:3:2:1:0:1:,initialisation,5534.126636068971,
1:4:1:3:2:1:2:0:1:,initialisation,5731.749243136481,
1:4:1:2:2:3:2:0:1:,initialisation,6175.691547289314,
1:4:0:4:4:1:1:0:1:,initialisation,5241.615167081717,
1:4:0:3:3:2:1:0:1:,initialisation,5260.184145333896,
1:4:1:3:4:0:1:0:1:,initialisation,4657.198989160532,
1:4:1:2:2:1:2:0:1:,initialisation,4930.099514500229,
1:4:1:4:4:0:0:0:2:,initialisation,5367.148926911792,
1:4:0:3:2:2:2:0:1:,initialisation,5400.67469186151,
1:4:1:3:2:2:2:0:1:,initialisation,5484.518311573891,
0:4:1:2:1:3:3:0:0:,initialisation,5395.132228259565,
0:3:1:2:1:2:3:0:0:,initialisation,5777.043884438291,
0:4:1:3:2:2:3:0:0:,initialisation,6768.579983034822,
1:4:1:3:2:2:2:0:1:,initialisation,5196.603143260296,
1:4:0:3:3:1:2:0:1:,initialisation,4952.564516706579,
0:4:1:2:1:2:3:1:0:,initialisation,5554.1402229225205,
1:4:0:3:2:2:3:1:1:,initialisation,6455.047361871768,
1:4:0:3:3:1:2:0:1:,initialisation,4951.186856953062,
0:4:1:2:1:4:3:0:0:,initialisation,6479.329851099835,
1:4:0:3:2:2:2:0:1:,initialisation,5197.815593352253,
1:4:1:3:3:2:1:0:1:,initialisation,5245.935282229805,
0:3:1:2:2:3:3:1:0:,initialisation,5499.867562143972,
1:4:1:2:2:3:3:1:1:,initialisation,5754.32155589749,
0:4:0:2:2:3:3:1:0:,initialisation,5962.361110264727,
1:4:1:1:1:3:3:1:0:,initialisation,5829.981447439122,
1:4:1:3:3:3:2:0:1:,initialisation,5734.143986496824,
1:4:1:2:2:2:2:0:1:,initialisation,5115.994478787918,
1:4:1:3:3:2:2:1:1:,initialisation,5268.449273059919,
1:4:1:3:3:1:1:0:1:,initialisation,4708.731363164789,
0:4:1:2:2:3:3:1:0:,initialisation,5475.334479424227,
0:4:1:2:2:3:3:1:0:,initialisation,5409.811092687806,
0:4:0:3:3:2:2:0:0:,initialisation,5405.525493559847,
1:4:0:3:3:1:2:1:1:,initialisation,5611.1368516105085,
1:4:0:4:4:0:1:0:1:,initialisation,5049.275801844701,
1:4:1:3:2:3:2:0:1:,initialisation,5834.1399987708,
1:4:0:3:3:1:1:0:1:,initialisation,4719.689629769274,
0:4:1:1:1:2:3:1:0:,initialisation,4992.2581329099985,
1:4:1:3:2:1:2:0:1:,initialisation,5323.81475572,
1:4:1:2:2:3:3:0:1:,initialisation,5962.075505862687,
1:4:0:2:1:3:3:1:1:,initialisation,5611.1368516105085,
1:4:0:2:2:3:3:1:1:,initialisation,5425.593202771379,
0:4:1:2:1:2:3:1:0:,initialisation,5169.851347513589,
0:4:1:1:1:3:3:1:0:,initialisation,5399.345267190231,
1:4:0:2:2:2:3:1:1:,initialisation,5207.142427696111,
1:4:0:3:3:1:1:1:1:,initialisation,5226.215608582184,
0:4:1:2:2:2:3:1:0:,initialisation,5491.34342153478,
1:4:1:3:2:2:2:1:1:,initialisation,5802.22782712478,
1:4:1:2:2:3:3:1:0:,initialisation,5726.302121943878,
1:4:1:3:3:2:2:0:1:,initialisation,5082.971041780901,
2:4:0:4:4:1:1:0:2:,initialisation,5611.136851610508,
1:4:0:3:3:2:1:1:2:,initialisation,5611.1368516105085,
1:4:1:3:4:1:1:0:1:,initialisation,5214.97339150433,
1:4:0:3:3:2:2:1:1:,initialisation,5241.959139015703,
1:4:0:2:2:2:2:1:1:,initialisation,5029.005722005895,
1:4:1:2:2:2:2:1:0:,initialisation,5637.177217234607,
1:4:1:2:2:2:3:1:1:,initialisation,4972.676828482578,
1:4:1:4:4:0:0:0:1:,initialisation,4794.458367895375,
0:4:1:2:1:3:3:1:0:,initialisation,5359.24270937074,
1:4:0:3:3:2:1:1:1:,initialisation,5578.318751761244,
1:4:1:3:4:1:1:0:1:,initialisation,4933.972532401732,
1:4:1:2:1:3:3:1:1:,initialisation,5719.527391329266,
0:3:1:1:0:4:4:1:0:,initialisation,5967.181765280933,
0:3:1:1:1:3:4:1:0:,initialisation,5996.801374932881,
0:4:1:3:3:2:2:0:0:,initialisation,5376.204564861455,
0:3:1:1:1:3:3:0:0:,initialisation,6334.84999890246,
2:4:0:4:4:0:0:0:2:,initialisation,5291.484267834062,
0:4:1:2:2:3:3:1:0:,initialisation,5398.0832967132255,
1:4:0:2:2:2:2:0:1:,initialisation,4879.328774854181,
1:4:1:3:2:2:2:1:1:,initialisation,5290.332596243466,
1:4:0:2:2:1:2:0:1:,initialisation,5413.870019680293,
1:4:0:2:1:3:3:1:0:,initialisation,5741.6585691912705,
1:4:1:3:3:0:1:0:1:,initialisation,4593.518379479506,
1:4:1:3:3:2:1:0:1:,initialisation,5208.607029038832,
0:3:1:2:2:2:3:0:0:,initialisation,5508.359602510023,
0:3:0:1:1:4:3:2:0:,initialisation,5611.1368516105085,
1:4:1:2:2:2:2:0:1:,initialisation,4976.318932655586,
1:4:1:2:2:3:3:1:1:,initialisation,5750.527448811025,
0:4:1:1:1:3:4:1:0:,initialisation,5694.930007367608,
1:4:0:3:3:3:2:1:1:,initialisation,5733.709433804074,
1:4:1:2:2:3:3:1:1:,initialisation,5666.6281470939775,
1:4:1:2:2:1:2:1:1:,initialisation,5471.873214405246,
1:4:0:3:3:1:2:1:1:,initialisation,5546.4224480303055,
1:4:1:2:2:2:2:1:1:,initialisation,4971.044162677087,
0:4:1:1:1:3:4:1:0:,initialisation,5527.51898099807,
2:4:0:4:4:0:0:0:2:,initialisation,5189.459739384418,
0:3:1:1:1:3:3:0:0:,initialisation,5767.932849285681,
1:4:0:3:2:2:2:1:1:,initialisation,5200.103713238911,
0:4:1:1:1:4:4:1:0:,initialisation,5661.565840725844,
1:4:1:3:2:1:2:0:1:,initialisation,5121.445526830189,
1:4:0:2:2:2:3:1:0:,initialisation,5670.203276117465,
1:4:0:3:3:1:1:0:2:,initialisation,5069.82690621046,
1:4:1:3:2:3:3:0:1:,initialisation,6515.533606917238,
0:4:1:3:3:2:1:0:0:,initialisation,4797.276366459253,
1:4:0:3:3:2:2:1:2:,initialisation,5611.1368516105085,
1:4:0:3:3:2:2:1:1:,initialisation,5190.876638656843,
1:4:0:2:1:3:3:1:0:,initialisation,5604.536958774014,
2:4:0:4:4:1:1:0:2:,initialisation,5611.136851610507,
0:4:1:3:3:1:1:0:0:,initialisation,4549.515066500591,
0:4:0:2:1:3:3:1:0:,initialisation,6361.834933183524,
1:4:0:4:4:1:1:0:2:,initialisation,5399.020004238579,
1:4:1:2:2:3:3:1:1:,initialisation,5599.358306266437,
1:4:0:2:2:3:2:1:1:,initialisation,5152.779816637182,
1:4:0:2:2:3:3:1:0:,initialisation,6048.5367808763995,
1:4:1:4:4:1:1:0:1:,initialisation,4915.617280757924,
1:4:0:3:3:2:1:1:2:,initialisation,5611.136851610508,
1:4:0:3:4:1:1:0:1:,initialisation,4934.585165336123,
1:4:0:2:2:1:2:1:1:,initialisation,5014.764926125433,
1:4:0:3:2:2:2:0:1:,initialisation,5130.8898012508125,
1:4:1:2:2:3:3:1:1:,initialisation,5288.183351273695,
1:4:0:2:2:2:2:1:0:,initialisation,5444.106455032138,
1:4:1:3:2:3:2:1:1:,initialisation,6092.349502493683,
1:4:1:2:2:3:2:1:1:,initialisation,5368.616854806176,
1:4:1:2:2:3:3:0:1:,initialisation,5949.416627783786,
0:4:1:3:3:1:1:0:1:,initialisation,5194.599104052535,
0:4:1:1:1:3:3:0:0:,initialisation,6218.214346982338,
1:4:0:2:2:3:3:1:0:,initialisation,5709.198001642147,
1:4:0:3:3:2:1:0:1:,initialisation,5187.925047353628,
1:4:1:3:2:1:2:0:1:,initialisation,5071.404660898844,
0:4:1:2:1:2:3:0:0:,initialisation,5688.824772534819,
1:4:0:3:3:1:1:1:2:,initialisation,5611.1368516105085,
1:4:1:2:2:3:2:1:1:,initialisation,5098.454671179286,
1:4:1:2:2:3:3:1:0:,initialisation,5294.064705222232,
0:4:1:3:2:1:2:0:0:,initialisation,5438.675864530501,
2:4:0:3:4:1:1:0:2:,initialisation,5525.546504454267,
1:4:0:4:4:0:0:0:1:,initialisation,4715.070130128132,
1:4:0:3:3:1:2:1:1:,initialisation,5517.487864537218,
0:4:1:3:2:2:2:0:0:,initialisation,5030.117355258243,
1:4:1:2:2:3:3:0:1:,initialisation,5882.646692994927,
1:4:1:1:1:3:3:1:0:,initialisation,5694.260075465068,
1:4:1:1:1:3:3:1:0:,initialisation,5581.2859216739325,
1:4:0:3:3:3:2:1:1:,initialisation,5633.081548406832,
1:4:0:2:2:1:2:0:1:,initialisation,5088.241869405117,
1:4:0:3:3:1:1:1:1:,initialisation,5069.736869659376,
0:3:1:2:1:2:3:0:0:,initialisation,5285.26684137941,
1:4:1:2:2:1:2:0:1:,initialisation,4532.694929764135,
0:4:1:3:3:2:2:0:0:,initialisation,5317.929107590782,
1:4:1:3:3:1:2:0:1:,initialisation,4859.021930302498,
1:4:0:3:3:2:1:0:2:,initialisation,5394.778544423096,
1:4:1:1:1:3:3:1:1:,initialisation,5562.548046050108,
0:4:1:3:3:1:2:0:0:,initialisation,4919.085439367796,
1:4:1:2:2:2:3:0:1:,initialisation,5062.0426703308685,
1:4:1:2:2:2:2:1:0:,initialisation,5165.352086123099,
2:4:0:3:3:1:2:0:2:,initialisation,5611.136851610508,
0:4:1:2:1:2:3:0:0:,initialisation,5294.346430109726,
0:4:1:3:2:1:2:0:0:,initialisation,5359.156955108759,
1:4:1:2:1:2:3:1:1:,initialisation,5424.58132971944,
1:4:0:3:3:2:2:1:2:,initialisation,5611.136851610508,
1:4:0:2:2:2:3:0:1:,initialisation,5569.733281167418,
1:4:0:1:1:3:3:1:0:,initialisation,5611.136851610508,
0:4:1:2:2:2:3:1:0:,initialisation,5440.661402586808,
1:4:1:1:1:3:3:1:1:,initialisation,5545.10324050228,
1:4:0:3:2:1:2:0:1:,initialisation,5349.747796968015,
0:4:1:2:2:2:3:1:0:,initialisation,5430.585687180412,
1:4:0:3:4:2:1:1:1:,initialisation,5625.306846794993,
1:4:1:2:2:3:3:0:1:,initialisation,5493.838357381754,
1:4:0:3:3:2:1:0:1:,initialisation,5078.609450512582,
0:4:1:2:2:3:2:0:0:,initialisation,5430.779433986053,
1:4:1:2:1:3:3:1:1:,initialisation,5652.5922006824485,
0:4:1:3:3:2:2:0:0:,initialisation,5119.575278186014,
1:4:1:2:1:2:3:1:0:,initialisation,5942.443158739938,
2:4:0:4:4:1:0:0:2:,initialisation,5608.143271089516,
1:4:0:4:4:1:1:0:1:,initialisation,5169.26654822842,
1:4:0:2:2:2:3:1:1:,initialisation,5176.134432307228,
0:4:1:3:2:1:2:0:0:,initialisation,5249.559993109252,
1:4:1:3:2:2:3:0:1:,initialisation,6753.492646119391,
1:4:1:2:2:3:3:1:1:,initialisation,5199.380224584582,
0:3:1:2:1:2:3:0:0:,initialisation,5186.418965553761,
1:4:0:3:3:1:2:1:1:,initialisation,5378.685094804441,
1:4:1:4:4:0:1:0:1:,initialisation,5206.470603208339,
1:4:0:2:1:3:3:1:1:,initialisation,5458.423120698519,
0:4:1:1:1:3:3:0:0:,initialisation,6142.003580924207,
0:4:0:2:2:2:2:1:0:,initialisation,4963.064155155745,
0:4:1:1:0:3:4:1:0:,initialisation,5524.998543540176,
0:4:1:3:2:1:2:0:0:,initialisation,5238.855675821121,
1:4:0:3:2:1:2:1:1:,initialisation,5455.365156864687,
1:4:1:3:3:1:1:0:1:,initialisation,4643.983965851906,
1:4:0:2:2:1:2:0:1:,initialisation,4988.325894723249,
1:4:1:2:2:2:2:0:1:,initialisation,4949.501236596683,
1:4:0:4:4:0:1:0:2:,initialisation,5406.9859854514825,
0:4:1:2:2:2:3:1:0:,initialisation,5320.585713633095,
1:4:1:2:2:2:3:1:0:,initialisation,5234.006786197337,
1:4:0:3:3:1:1:0:1:,initialisation,4704.021359871202,
1:4:0:3:3:0:1:0:1:,initialisation,5357.627454185,
1:4:0:3:2:1:2:0:1:,initialisation,5292.263854427923,
1:4:1:3:2:2:2:1:1:,initialisation,5178.555317709263,
0:4:1:2:2:1:2:0:0:,initialisation,4281.240199470639,
1:4:1:3:3:1:1:0:1:,initialisation,4628.945312935136,
1:4:1:2:1:2:3:1:1:,initialisation,5406.611161690337,
1:4:0:2:2:3:2:1:0:,initialisation,5195.925901009945,
1:4:1:3:2:3:2:1:1:,initialisation,5945.476206532941,
1:4:0:3:3:2:2:0:1:,initialisation,5096.161048568848,
1:4:0:4:4:1:0:0:1:,initialisation,4930.0145123563525,
1:4:0:3:3:2:2:1:2:,initialisation,5611.136851610507,
0:4:1:2:2:2:3:1:0:,initialisation,4912.27367572907,
1:4:1:3:2:2:2:1:0:,initialisation,5169.233739964596,
1:4:0:2:2:2:2:1:1:,initialisation,5008.721188571217,
0:4:1:3:3:1:1:0:0:,initialisation,4503.611457413233,
1:4:1:2:2:2:2:0:1:,initialisation,4914.967197789265,
1:4:1:3:3:2:1:0:1:,initialisation,5106.915209079616,
1:4:0:3:3:1:2:0:1:,initialisation,4922.6078610194345,
1:4:0:3:2:3:2:1:1:,initialisation,5611.136851610508,
1:4:1:2:2:1:2:1:1:,initialisation,5161.30358513426,
0:3:1:2:1:2:3:1:0:,initialisation,4934.017539270761,
0:3:1:1:0:4:4:1:0:,initialisation,5923.077679924319,
0:4:1:2:1:3:3:1:0:,initialisation,5346.565162428319,
1:4:1:3:3:1:1:0:1:,initialisation,4500.534626545713,
0:4:1:3:2:3:2:1:0:,initialisation,6067.505808655539,
0:4:1:4:4:0:1:0:1:,initialisation,4933.789816577599,
0:4:1:1:1:3:3:1:0:,initialisation,5362.510510234193,
0:4:1:2:2:2:2:1:0:,initialisation,4575.728319000095,
0:3:1:1:0:3:4:1:0:,initialisation,5201.436108176133,
0:4:1:2:2:3:3:1:0:,initialisation,5202.493042355885,
1:4:0:3:3:2:2:1:1:,initialisation,5131.050847692523,
1:4:1:1:1:3:3:1:0:,initialisation,5515.8089795808355,
1:4:1:3:3:1:1:0:1:,initialisation,4488.289013615728,
1:4:0:3:3:1:2:0:1:,initialisation,4869.23306259302,
1:4:0:3:3:1:2:0:2:,initialisation,5210.411628718994,
0:3:1:1:1:3:3:1:0:,initialisation,5791.098752342018,
0:4:1:1:1:2:3:0:0:,initialisation,5568.907641020899,
1:4:1:2:1:3:3:1:1:,initialisation,5406.654611520094,
1:4:0:2:2:1:2:0:1:,initialisation,4728.995428136718,
1:4:0:2:2:3:3:1:0:,initialisation,5511.799180420704,
1:4:1:3:3:3:2:1:1:,initialisation,5904.10212768972,
0:4:1:2:2:3:3:0:0:,initialisation,5656.1589053726775,
0:4:1:1:1:3:3:0:0:,initialisation,6027.505185035194,
1:4:0:2:1:2:3:1:1:,initialisation,5611.13685161051,
0:4:1:2:2:2:3:0:0:,initialisation,5067.734609860954,
0:4:1:3:2:1:2:0:0:,initialisation,5150.7066957008365,
1:4:0:2:2:2:2:0:1:,initialisation,4548.816928526519,
1:4:1:2:1:2:3:1:0:,initialisation,5614.165264957231,
1:4:1:3:3:2:1:0:1:,initialisation,4792.8490849797345,
1:4:0:3:2:2:2:0:1:,initialisation,5016.686553906633,
1:4:1:2:2:2:2:0:1:,initialisation,4765.004002079348,
0:3:1:1:1:4:4:1:0:,initialisation,7397.124195618701,
1:4:0:3:4:1:1:0:2:,initialisation,5501.390270687332,
1:4:1:1:1:2:3:1:1:,initialisation,5340.274135391016,
1:4:0:3:3:2:1:0:1:,initialisation,4949.959156241987,
0:4:1:4:4:1:1:0:1:,initialisation,5223.615737709635,
0:3:1:1:1:3:3:1:0:,initialisation,5786.109767416779,
1:4:0:3:3:3:2:1:1:,initialisation,5611.1368516105085,
1:4:0:4:4:1:1:0:1:,initialisation,5168.476242322663,
1:4:1:4:4:0:1:0:1:,initialisation,4866.8409590034635,
1:4:0:3:3:1:2:1:1:,initialisation,5072.031619075782,
0:3:1:1:1:3:3:1:0:,initialisation,5683.074193577663,
1:4:0:3:2:2:2:0:1:,initialisation,4986.320092911499,
2:4:0:4:4:0:1:0:2:,initialisation,5478.770987711322,
1:4:1:4:4:2:2:0:1:,initialisation,6271.557364155621,
1:4:1:3:3:2:2:1:1:,initialisation,5231.191534575381,
0:3:1:3:3:1:1:0:0:,initialisation,4751.953711899274,
0:3:1:1:1:2:3:0:0:,initialisation,5382.123681053792,
1:4:0:4:4:0:1:0:1:,initialisation,5046.618091273897,
1:4:0:3:3:2:1:1:1:,initialisation,5426.4621206799075,
1:4:0:2:2:3:3:1:0:,initialisation,5488.767027923786,
1:4:0:4:4:1:1:0:1:,initialisation,5160.24446430816,
1:4:0:3:3:0:1:0:1:,initialisation,5020.5009023267785,
1:4:0:3:3:2:1:1:2:,initialisation,5611.136851610507,
1:4:0:4:4:1:1:0:1:,initialisation,5065.193616487307,
1:4:0:4:4:2:1:0:2:,initialisation,5878.855254334259,
1:4:0:2:2:2:2:1:0:,initialisation,5266.941418905157,
0:3:1:2:1:3:3:1:0:,initialisation,5891.575369357927,
1:4:0:2:2:3:3:1:0:,initialisation,5298.056260065273,
1:4:1:3:3:1:2:1:1:,initialisation,5756.2970788011435,
2:4:0:3:3:2:1:0:2:,initialisation,5611.136851610508,
0:4:1:3:3:1:1:0:0:,initialisation,4333.217358104208,
2:4:0:4:4:0:1:0:2:,initialisation,5247.825650755182,
0:3:1:1:1:3:4:1:0:,initialisation,5485.748365865784,
1:4:1:3:3:2:2:0:1:,initialisation,4983.892884531836,
1:4:1:2:2:3:3:0:1:,initialisation,5439.567538910094,
0:4:1:3:3:1:1:0:1:,initialisation,4684.727153380905,
0:3:1:1:1:2:3:0:0:,initialisation,5270.469441901989,
0:3:1:2:1:3:3:0:0:,initialisation,5645.584521723669,
2:4:0:4:4:0:0:0:2:,initialisation,5059.936856685535,
2:4:0:3:3:1:1:0:2:,initialisation,5611.136851610507,
0:4:1:3:3:0:1:0:0:,initialisation,4714.481196235696,
0:4:1:3:3:1:2:0:0:,initialisation,4910.148560370806,
1:4:0:3:3:1:2:1:1:,initialisation,5053.505286842721,
1:4:0:4:4:2:1:0:1:,initialisation,5474.797350948674,
1:4:1:2:2:2:2:1:0:,initialisation,5140.529236169972,
1:4:0:2:2:2:2:1:1:,initialisation,4943.864104532871,
0:4:1:2:1:2:3:0:0:,initialisation,5291.4724396103875,
1:4:1:2:1:2:3:0:1:,initialisation,5735.2917664102,
1:4:1:2:1:3:3:1:1:,initialisation,5405.950084856743,
1:4:1:3:2:2:2:0:1:,initialisation,5106.52772072164,
1:4:0:3:3:1:2:0:1:,initialisation,4865.963564946925,
0:3:1:1:1:3:3:0:0:,initialisation,5709.841412708335,
1:4:0:4:4:1:1:0:1:,initialisation,4973.802954749925,
1:4:0:2:2:2:2:1:1:,initialisation,4941.5120342194705,
1:4:0:2:1:2:3:1:1:,initialisation,5611.136851610508,
1:4:0:3:2:2:2:1:1:,initialisation,5147.5586595790555,
1:4:0:4:4:0:0:0:2:,initialisation,5200.2468950903885,
0:4:1:2:1:3:3:1:0:,initialisation,5119.913082236852,
1:4:0:3:2:1:2:0:1:,initialisation,4685.579568170318,
1:4:0:2:1:3:3:1:0:,initialisation,5195.926470519134,
1:4:1:4:4:1:0:0:1:,initialisation,4985.358518129339,
1:4:1:2:1:3:3:1:1:,initialisation,5305.019178479327,
2:4:0:4:4:1:1:0:2:,initialisation,5424.76384246755,
1:4:1:3:2:2:2:0:1:,initialisation,5066.561876295477,
0:3:1:2:2:2:3:0:0:,initialisation,5362.517059784458,
1:4:1:2:1:2:3:1:1:,initialisation,5359.974261778366,
1:4:0:3:2:3:2:0:1:,initialisation,5963.410593546407,
0:3:1:2:2:2:2:0:0:,initialisation,5679.148256987805,
1:4:0:3:3:0:1:0:1:,initialisation,4785.470492766519,
1:4:1:2:2:3:2:0:1:,initialisation,5782.509719697463,
1:4:1:3:3:0:1:0:1:,initialisation,4566.0215428342335,
1:4:0:4:4:1:1:0:2:,initialisation,5205.179897393755,
1:4:1:3:2:2:3:1:1:,initialisation,6581.951810490518,
1:4:0:4:4:1:1:0:2:,initialisation,5162.287203741892,
0:3:1:1:1:3:3:1:0:,initialisation,5329.812433088045,
1:4:0:3:3:1:1:1:2:,initialisation,5611.136851610508,
1:4:1:4:4:0:0:0:1:,initialisation,4705.104482576361,
0:4:1:1:1:3:3:1:0:,initialisation,5175.914105413709,
1:4:1:3:3:2:1:1:1:,initialisation,5570.733392894975,
1:4:1:2:2:3:2:1:0:,initialisation,5144.331999707021,
1:4:0:2:2:2:3:1:1:,initialisation,5140.931080346678,
0:3:1:2:1:3:3:0:0:,initialisation,5588.861208476863,
1:4:0:3:4:2:1:1:2:,initialisation,5611.136851610508,
0:4:1:2:2:1:1:0:0:,initialisation,4400.20413073505,
1:4:0:4:4:0:0:0:2:,initialisation,4915.290774675764,
1:4:0:4:4:0:1:0:2:,initialisation,5078.694123802877,
1:4:0:3:2:1:2:1:1:,initialisation,5268.108008823184,
1:4:0:3:4:1:1:0:1:,initialisation,4848.989536578692,
0:3:1:1:1:3:4:0:0:,initialisation,7099.596052714638,
2:4:0:4:4:0:0:0:2:,initialisation,5048.214241823345,
0:4:0:2:2:3:3:1:0:,initialisation,5366.715448721012,
1:4:1:2:2:1:2:1:1:,initialisation,4937.98657561586,
0:3:1:1:1:3:3:0:0:,initialisation,5490.823700961702,
1:4:0:2:1:2:3:1:1:,initialisation,5544.306509998558,
1:4:1:2:2:2:2:1:0:,initialisation,5120.73786200044,
1:4:0:3:3:1:2:1:2:,initialisation,5611.136851610507,
1:4:1:3:2:1:2:1:1:,initialisation,5479.843769263124,
1:4:1:2:2:2:2:1:0:,initialisation,5099.850258627969,
0:4:0:2:1:3:3:1:0:,initialisation,5522.654059474701,
0:4:1:3:3:1:2:0:0:,initialisation,4773.930227477468,
1:4:0:3:3:1:2:0:1:,initialisation,4846.529560431718,
0:4:1:2:2:3:3:1:0:,initialisation,5141.996778448097,
1:4:0:2:1:2:3:1:0:,initialisation,5026.493173687284,
1:4:0:3:3:2:1:0:1:,initialisation,4816.673289203878,
1:4:1:2:2:3:2:0:1:,initialisation,5430.8643735956275,
1:4:1:3:2:1:2:1:1:,initialisation,5462.792095474432,
1:4:0:3:3:2:2:0:1:,initialisation,4852.557137781972,
0:3:1:1:1:3:4:0:0:,initialisation,6852.335022184458,
1:4:0:2:2:2:3:1:0:,initialisation,5597.422457594489,
0:2:1:0:0:4:4:2:0:,initialisation,6341.707397086184,
1:4:1:3:3:2:3:0:1:,initialisation,7018.80670304682,
2:4:0:4:4:2:1:0:2:,initialisation,5480.833050841791,
0:4:1:1:1:3:3:0:0:,initialisation,5423.83860956274,
0:4:1:1:1:2:3:0:0:,initialisation,5405.24830311001,
1:4:0:4:4:1:1:1:2:,initialisation,5611.136851610509,
1:4:1:3:3:2:1:1:1:,initialisation,5102.9991281075045,
1:4:0:3:3:1:1:0:1:,initialisation,4692.0093091395,
1:4:0:2:2:2:3:0:1:,initialisation,5166.585345331043,
1:4:0:2:1:3:3:1:0:,initialisation,5182.074365517374,
0:3:1:2:2:3:3:0:0:,initialisation,6070.726140341249,
1:4:1:2:1:2:3:1:1:,initialisation,5186.059786439018,
1:4:0:2:1:2:3:1:1:,initialisation,5325.17636107464,
1:4:1:3:3:1:2:0:1:,initialisation,4847.634757473666,
0:3:1:1:1:4:4:1:0:,initialisation,5641.344030827231,
1:4:1:3:2:1:2:0:1:,initialisation,4995.411912933215,
0:4:1:3:3:2:2:0:0:,initialisation,4878.129611460665,
0:3:1:1:1:3:3:1:0:,initialisation,5307.998086966609,
2:4:0:4:4:0:0:0:2:,recombination,4832.888741941662,1:4:1:3:3:2:2:0:1,2:4:0:4:4:0:0:0:2
1:4:1:2:2:2:2:1:1:,clone,4940.692631554558,1:4:1:2:2:2:2:1:1
1:4:0:3:3:2:2:1:1:,clone,5060.617662949936,1:4:0:3:3:2:2:1:1
1:4:1:3:4:1:1:0:1:,recombination,4701.6720086589985,1:4:0:3:3:1:2:1:1,1:4:1:3:3:1:1:0:1,MUTATE
0:4:0:1:1:3:3:1:0:,recombination,5377.802669331778,2:4:0:3:3:2:2:0:2,0:3:1:1:1:4:4:1:0
1:4:1:1:1:2:3:1:1:,clone,5311.899365265469,1:4:1:2:1:2:3:1:1
1:4:1:3:3:1:1:0:1:,clone,4469.686899968071,1:4:1:3:3:1:1:0:1
1:4:1:3:4:0:0:0:1:,recombination,4531.377654764507,1:4:0:2:2:2:2:0:1,1:4:1:3:3:0:1:0:1,MUTATE
1:4:1:3:3:1:1:0:1:,clone,4349.884193989043,0:4:1:3:3:1:1:0:0
1:4:0:3:4:0:0:0:1:,recombination,4578.922194800761,1:4:1:3:3:1:1:0:1,1:4:0:3:3:1:1:0:1
0:4:1:2:1:2:3:1:0:,recombination,4888.413688685555,1:4:1:3:3:1:2:0:1,1:4:1:2:2:2:3:1:1
0:4:1:3:2:2:2:0:0:,clone,4979.19379089855,0:4:1:3:3:2:2:0:0
1:4:0:4:4:0:0:0:2:,clone,4815.345609952513,1:4:0:4:4:0:0:0:1
1:4:0:2:2:2:2:1:1:,clone,4865.565512026053,1:4:0:3:3:2:2:1:1
1:4:1:2:2:2:2:0:1:,recombination,4740.4177766527655,1:4:1:2:2:3:3:1:1,1:4:1:2:2:2:2:0:1
1:4:1:2:2:1:2:1:1:,clone,4907.37161538205,1:4:1:2:2:1:2:1:1
0:4:1:1:1:2:3:0:0:,clone,5395.931005857279,0:4:1:1:1:2:3:0:0
0:3:1:1:1:2:3:1:0:,recombination,5697.671648492353,1:4:1:2:1:2:3:1:0,1:4:1:3:3:2:2:0:1
1:4:1:2:1:2:3:1:0:,recombination,5614.114290885173,1:4:1:3:2:3:2:1:1,1:4:1:3:2:1:2:0:1,MUTATE
1:4:1:2:2:2:2:1:1:,recombination,4796.457989259378,0:4:1:2:1:3:3:1:0,0:4:1:2:2:2:3:1:0,MUTATE
1:4:1:2:2:1:2:0:1:,recombination,4488.4843117206565,1:4:1:3:3:1:2:0:1,0:4:1:3:2:1:2:0:0,MUTATE
1:4:0:3:3:1:1:0:1:,clone,4569.89477056227,1:4:0:3:3:1:1:0:1
1:4:0:2:2:2:2:1:0:,clone,5207.604561858485,1:4:0:2:2:2:2:1:0
0:4:1:1:1:3:3:1:0:,recombination,4911.971062213353,0:4:1:2:2:2:3:1:0,0:4:1:2:1:3:3:1:0
1:4:1:2:1:3:3:1:1:,recombination,5144.492551522643,1:4:0:2:2:3:2:1:0,1:4:1:2:2:2:3:0:1,MUTATE
0:4:1:2:2:3:3:0:0:,clone,5622.96596685962,0:4:1:2:1:3:3:0:0
0:4:0:2:2:3:3:1:0:,recombination,5132.29986257912,1:4:0:2:2:2:2:1:1,1:4:0:3:3:3:2:1:1
1:4:1:2:1:2:3:1:0:,clone,5609.330152665726,1:4:1:2:1:2:3:1:0
1:4:0:1:1:3:3:1:0:,recombination,5526.489377675879,1:4:0:2:1:3:3:1:1,0:4:1:2:2:3:3:1:0,MUTATE
1:4:0:3:3:2:2:0:1:,clone,4816.673289203878,1:4:0:3:3:2:2:0:1
0:4:1:3:2:1:2:0:0:,clone,4738.133668904417,0:4:1:3:3:1:2:0:0
1:4:1:4:4:0:0:0:1:,recombination,4512.921886834273,1:4:1:3:3:2:1:0:1,1:4:1:4:4:0:1:0:1,MUTATE
1:4:1:1:1:3:4:1:0:,recombination,5932.11016728632,1:4:1:3:3:3:2:1:1,1:4:1:2:1:2:3:1:1
1:4:1:3:2:1:2:1:1:,recombination,5401.334917766542,1:4:1:3:2:1:2:1:1,1:4:0:2:2:2:2:0:1
1:4:0:1:1:2:3:1:1:,clone,5367.161355495916,1:4:0:2:1:2:3:1:1
1:4:1:2:1:3:3:1:1:,clone,5114.460043691717,1:4:1:2:1:3:3:1:1
0:4:0:2:2:3:3:1:0:,recombination,5058.507101714266,1:4:0:2:2:2:2:1:1,1:4:1:3:3:2:1:0:1,MUTATE
0:4:1:2:2:3:2:1:0:,recombination,5103.422101578507,1:4:0:3:3:2:2:1:1,1:4:1:2:2:3:3:1:1
0:2:1:0:0:4:4:2:0:,recombination,5532.5219586332305,0:3:1:1:1:3:3:1:0,1:4:0:2:2:1:2:1:1,MUTATE
1:4:0:2:2:1:2:0:1:,clone,4698.930434218099,1:4:0:2:2:1:2:0:1
1:4:0:2:2:3:2:1:0:,clone,5071.07978628608,1:4:1:2:2:3:3:1:0
1:4:0:4:4:2:1:1:1:,recombination,5611.1368516105085,1:4:0:3:3:3:2:1:1,1:4:0:4:4:1:1:1:2
1:4:0:3:3:0:1:0:1:,clone,4753.548486923892,1:4:0:3:3:0:1:0:1
1:4:0:4:4:0:1:0:2:,clone,5062.836125943823,1:4:0:4:4:0:1:0:2
1:4:0:3:3:2:2:1:1:,recombination,4971.669482578219,1:4:1:3:2:2:2:0:1,1:4:0:3:3:1:2:1:1,MUTATE
0:4:1:2:1:2:3:0:0:,recombination,4716.639475723894,1:4:1:2:2:3:2:1:1,0:4:1:3:3:1:2:0:0
1:4:1:2:2:2:3:1:0:,clone,4872.657749104873,0:4:1:2:2:2:3:1:0
2:4:0:4:4:0:0:0:2:,clone,4793.258685534424,2:4:0:4:4:0:0:0:2
0:4:1:1:1:2:3:1:0:,recombination,4909.037312767026,0:4:1:2:2:2:3:1:0,1:4:1:2:1:3:3:1:0,MUTATE
1:4:0:3:3:2:2:0:2:,recombination,5562.966125584806,2:4:0:3:3:2:1:0:2,1:4:0:3:3:1:1:0:1,MUTATE
0:3:0:1:1:4:3:1:0:,recombination,5668.374694613404,0:3:1:1:1:4:4:1:0,1:4:1:3:2:2:2:1:1
1:4:0:3:4:0:1:0:1:,clone,4891.896202938612,1:4:0:4:4:0:1:0:2
1:4:1:1:1:3:3:1:0:,clone,5077.76840142689,1:4:1:2:1:3:3:1:1
0:4:0:2:2:2:2:1:0:,clone,4911.8095433314475,1:4:0:2:2:2:2:1:1
0:4:0:1:1:3:3:1:0:,clone,5078.544036125508,0:4:1:1:1:3:3:1:0
1:4:0:3:3:0:1:0:1:,recombination,4607.640006461911,1:4:0:3:3:1:1:0:1,0:3:1:2:1:2:3:0:0
1:4:0:2:2:3:3:1:1:,clone,5414.024150065337,1:4:0:2:1:3:3:1:1
1:4:1:3:3:2:2:1:1:,recombination,5204.837545995983,1:4:1:2:2:3:3:1:0,1:4:1:2:2:2:2:0:1
1:4:1:2:2:2:2:0:1:,recombination,4526.754577591011,1:4:0:2:2:2:2:0:1,1:4:1:1:1:3:3:1:0,MUTATE
0:4:1:2:1:3:3:1:0:,recombination,5065.666062668649,1:4:0:2:2:1:2:1:1,1:4:1:3:2:2:2:1:0,MUTATE
0:3:0:2:2:2:2:1:0:,recombination,4957.003505588919,0:4:1:3:2:1:2:0:0,0:3:0:1:1:4:3:2:0
1:4:0:2:2:3:3:1:1:,clone,5373.212659343049,1:4:0:2:2:3:3:1:1
0:3:1:2:1:3:3:1:0:,recombination,5328.616457569425,0:4:1:2:1:3:3:1:0,1:4:1:1:1:3:3:1:0
0:4:0:2:1:2:3:1:0:,recombination,4935.056674044964,1:4:0:2:2:2:3:0:1,0:4:0:1:1:3:3:1:0
1:4:1:2:2:3:3:1:0:,clone,5285.2122235932,1:4:1:2:2:2:2:1:0
1:4:1:3:3:1:2:0:1:,clone,4780.487927174188,1:4:1:3:3:1:2:0:1
1:4:1:2:2:3:3:0:1:,clone,5379.166152327135,1:4:1:2:2:3:3:0:1
1:4:0:3:4:1:1:0:1:,clone,4830.764624185336,1:4:0:3:3:1:1:0:1
0:3:1:2:2:2:3:1:0:,recombination,5112.827631423334,0:4:1:3:3:1:2:0:0,1:4:1:3:2:2:2:1:0
1:4:0:2:2:1:2:1:1:,clone,4845.8988115633765,1:4:1:2:2:1:2:1:1
0:3:1:1:1:3:4:1:0:,recombination,5265.809855087812,0:3:1:2:2:2:3:0:0,0:4:0:2:2:3:3:1:0,MUTATE
1:4:1:2:2:3:2:1:1:,recombination,5017.354061719378,1:4:0:3:3:1:2:1:1,0:4:1:2:1:3:3:1:0
0:4:1:1:1:4:4:1:0:,recombination,5621.830807472417,1:4:1:1:1:3:3:1:0,0:4:1:1:1:2:3:0:0,MUTATE
0:3:1:1:1:4:4:1:0:,recombination,5510.081749140243,1:4:1:1:1:3:3:1:1,0:4:1:2:1:2:3:1:0,MUTATE
1:4:0:2:2:2:2:1:0:,recombination,4790.759578028903,0:4:1:1:1:3:3:1:0,1:4:0:3:3:1:2:1:1,MUTATE
0:4:1:2:1:2:3:1:0:,clone,4831.0186371614,0:4:1:2:2:2:2:1:0
1:4:0:4:4:0:0:0:1:,recombination,4706.123666603595,1:4:0:2:2:2:3:0:1,2:4:0:4:4:0:0:0:2,MUTATE
1:4:1:4:4:0:0:0:1:,clone,4493.355373648586,1:4:1:4:4:0:0:0:1
1:4:0:3:3:2:1:0:1:,clone,4778.544427840411,1:4:0:3:3:2:1:0:1
0:3:1:1:1:3:3:1:0:,clone,4830.716023645683,0:3:1:1:1:3:3:1:0
1:4:0:2:2:2:2:0:1:,clone,4432.1777382678865,1:4:0:2:2:2:2:0:1
1:4:1:2:2:1:2:0:1:,clone,4429.422186804543,1:4:1:2:2:1:2:0:1
0:4:1:1:1:2:3:0:0:,recombination,5050.19590689921,1:4:1:3:3:2:2:0:1,0:3:1:1:1:3:4:1:0
1:4:1:3:2:2:2:0:1:,recombination,4732.021033865946,0:3:1:2:2:3:3:1:0,1:4:1:2:2:3:2:1:1,MUTATE
0:4:0:2:2:2:2:1:0:,clone,4856.77617336761,0:4:0:2:2:2:2:1:0
0:4:0:2:1:3:3:1:0:,clone,5331.026671561775,0:4:0:2:1:3:3:1:0
1:4:1:3:3:2:2:1:1:,recombination,5071.535216411315,1:4:1:3:3:2:2:0:1,1:4:1:2:2:2:2:1:0
0:4:1:1:0:4:4:1:0:,clone,5584.482079675979,0:4:1:1:0:4:4:1:0
0:4:1:1:1:2:3:1:0:,recombination,4769.678660271043,0:3:1:1:1:3:3:1:0,0:3:0:2:2:2:2:1:0,MUTATE
0:4:0:1:1:3:3:2:0:,recombination,5611.1368516105085,0:3:0:1:1:4:3:2:0,1:4:1:3:3:1:1:0:1,MUTATE
1:4:1:3:2:1:2:0:1:,recombination,4859.433057718092,1:4:0:2:2:1:2:0:1,0:4:1:3:2:1:2:0:0,MUTATE
0:3:1:1:1:3:3:0:0:,recombination,5468.8670103136365,0:3:1:1:1:3:3:0:0,1:4:0:2:2:2:2:1:1
1:4:0:2:2:1:2:0:1:,recombination,4670.476820853362,1:4:1:4:4:2:2:0:1,1:4:0:3:2:1:2:0:1,MUTATE
0:3:1:1:0:4:4:1:0:,clone,5586.442785772247,0:4:1:1:0:4:4:1:0
0:4:1:2:2:2:2:0:0:,clone,4420.853534281613,0:4:1:2:2:1:2:0:0
0:4:1:1:1:3:3:1:0:,recombination,4867.3982008235525,1:4:1:3:3:3:2:1:1,1:4:1:2:2:2:3:1:0,MUTATE
1:4:1:1:1:3:3:1:1:,recombination,5521.306838805478,0:4:1:1:1:3:3:1:0,1:4:0:2:1:3:3:1:0
0:3:1:1:0:4:4:1:0:,recombination,5314.827614346015,0:2:1:0:0:4:4:2:0,1:4:0:3:3:1:2:0:1,MUTATE
1:4:1:2:2:1:2:0:1:,recombination,4218.501910593031,0:4:1:2:2:2:2:0:0,1:4:0:4:4:0:1:0:2
1:4:0:1:1:3:3:1:0:,recombination,5080.18936213812,1:4:1:1:1:3:3:1:0,0:4:1:1:0:4:4:1:0
0:4:1:2:2:3:3:0:0:,clone,5604.924227522136,0:4:1:2:2:3:3:0:0
0:4:0:2:2:2:2:0:0:,recombination,5297.061754991235,0:4:1:3:2:1:2:0:0,0:4:1:3:2:3:2:1:0
1:4:1:2:2:1:1:0:1:,recombination,4416.814747413622,0:4:1:2:2:1:2:0:0,0:4:1:3:3:1:2:0:0
0:3:1:1:1:4:3:1:0:,recombination,5188.642881358839,0:4:1:2:1:3:3:1:0,1:4:1:2:2:2:3:1:0,MUTATE
1:4:0:4:4:1:0:0:1:,recombination,4694.268852470521,0:4:1:3:3:2:2:0:0,2:4:0:4:4:0:0:0:2,MUTATE
1:4:1:3:3:0:1:0:1:,clone,4548.20802230495,1:4:1:3:3:0:1:0:1
0:4:1:1:1:3:4:1:0:,recombination,5364.24015181291,0:3:1:2:1:3:3:0:0,0:3:1:2:2:3:3:0:0,MUTATE
0:4:1:2:1:3:3:1:0:,recombination,5051.739280745893,1:4:0:2:1:3:3:1:0,0:4:1:1:1:3:3:0:0
0:4:1:2:2:2:3:1:0:,recombination,4805.168110366111,1:4:1:2:1:2:3:0:1,0:4:1:1:1:2:3:1:0,MUTATE
0:4:1:2:1:4:3:0:0:,clone,6171.279023611827,0:4:1:2:1:4:3:0:0
1:4:0:2:2:2:2:0:1:,recombination,4412.609338568267,1:4:1:2:2:2:2:0:1,0:4:1:1:1:2:3:1:0,MUTATE
1:4:0:3:3:0:1:0:2:,recombination,5054.377149673295,2:4:0:4:4:0:1:0:2,0:3:1:1:1:3:4:0:0
1:4:0:3:3:1:1:0:1:,recombination,4210.83730391143,1:4:0:2:2:2:2:0:1,1:4:0:3:3:2:2:0:1,MUTATE
0:4:1:2:1:2:3:1:0:,clone,4830.716023645683,0:4:1:2:1:2:3:1:0
1:4:0:2:2:2:2:0:1:,clone,4354.348644511342,1:4:0:2:2:2:2:0:1
1:4:1:2:1:3:3:1:0:,clone,5049.082641083698,0:4:1:2:1:3:3:1:0
1:4:1:3:3:2:1:0:1:,recombination,4727.27981777218,1:4:1:2:2:2:3:1:0,1:4:0:3:3:1:1:0:1
1:4:0:2:2:1:2:0:1:,clone,4193.563291708024,1:4:1:2:2:1:2:0:1
1:4:1:1:1:2:3:1:1:,recombination,5203.148513563149,0:4:1:1:0:3:4:1:0,1:4:1:3:2:1:2:0:1
1:4:1:3:3:1:1:0:1:,recombination,4248.50831879543,1:4:0:2:2:1:2:0:1,1:4:1:3:3:1:1:0:1
1:4:1:3:3:1:1:0:1:,recombination,4202.985860872098,1:4:0:3:3:1:1:0:1,0:4:1:4:4:1:1:0:1
1:4:1:1:1:3:3:1:1:,recombination,5218.191315826719,1:4:1:4:4:0:0:0:1,1:4:0:1:1:3:3:1:0,MUTATE
0:4:0:3:3:0:1:0:0:,recombination,4769.5489203063335,0:4:1:3:3:0:1:0:0,0:4:1:2:2:3:2:0:0,MUTATE
1:4:0:1:1:3:3:1:1:,recombination,5218.191315826719,1:4:1:3:2:2:2:0:1,1:4:0:1:1:3:3:1:0,MUTATE
1:4:1:3:2:2:2:1:1:,clone,5125.4903408541695,1:4:1:3:2:2:2:1:1
0:3:0:2:2:3:3:1:0:,clone,4911.8095433314475,0:3:0:2:2:3:3:1:0
0:4:1:1:1:3:4:1:0:,clone,5252.4619973803165,1:4:1:1:1:3:3:1:0
1:4:0:3:3:2:1:0:1:,recombination,4660.491319323922,0:4:0:2:2:2:2:1:0,1:4:1:3:3:1:1:0:1
0:4:1:2:1:2:3:1:0:,clone,4698.179311974467,0:4:1:1:1:3:3:1:0
1:4:0:2:2:2:2:1:1:,recombination,4725.382395491075,1:4:1:2:2:2:2:0:1,0:3:1:1:0:4:4:1:0
1:4:0:3:3:2:1:1:1:,recombination,5377.402128447477,1:4:0:4:4:1:1:0:1,1:4:0:3:3:2:1:1:1,MUTATE
1:4:1:2:2:3:3:1:0:,clone,5285.212223593199,1:4:1:2:2:3:3:1:0
1:4:1:3:3:2:2:0:1:,clone,4942.366735670367,1:4:1:3:3:2:2:0:1
1:4:0:3:4:1:1:0:1:,recombination,4812.341801115027,1:4:1:3:3:2:2:0:1,1:4:0:3:3:1:2:0:1
0:3:0:1:1:3:3:1:0:,recombination,5275.315529427978,0:4:1:2:1:3:3:1:0,1:4:1:1:1:3:3:1:1
1:4:1:1:0:3:4:1:0:,clone,5541.890368959267,1:4:1:1:0:3:4:1:0
0:4:1:3:3:2:1:1:0:,recombination,4921.700780827999,1:4:1:2:1:3:3:1:1,1:4:1:3:3:2:2:1:1
1:4:1:2:1:2:3:0:1:,recombination,5290.654899971165,0:4:1:2:1:2:3:1:0,1:4:1:3:2:1:2:0:1
0:4:1:3:2:2:2:0:0:,clone,4942.366735670367,1:4:1:3:3:2:2:0:1
0:4:1:3:2:2:2:1:0:,clone,5116.733957204299,1:4:1:3:3:2:2:1:1
0:4:1:2:2:2:3:0:0:,clone,4999.015128912866,0:4:1:2:2:3:3:0:0
1:4:1:3:3:2:3:0:1:,clone,6985.371233056391,1:4:1:3:3:2:3:0:1
0:3:1:1:1:2:3:0:0:,clone,5166.45186059614,0:3:1:1:1:2:3:0:0
0:3:1:2:2:2:3:0:0:,clone,4842.240492636674,0:3:1:2:1:2:3:1:0
1:4:0:1:0:3:4:1:0:,clone,5721.017751817705,1:4:0:1:0:3:4:1:0
1:4:0:2:2:2:3:1:1:,recombination,4971.757701523328,1:4:0:3:3:2:2:1:2,1:4:0:2:2:3:3:1:0
1:4:1:2:1:2:3:1:1:,clone,5130.448076687019,1:4:0:2:2:2:3:1:1
0:3:1:2:2:2:3:1:0:,recombination,4783.154221186949,0:4:1:3:3:1:2:0:0,0:4:1:1:1:3:3:1:0,MUTATE
0:4:1:2:2:2:2:0:0:,clone,4395.9149153966055,0:4:1:2:2:2:2:0:0
0:3:1:1:1:3:3:1:0:,recombination,4640.4946369935615,1:4:1:4:4:0:0:0:1,0:4:1:1:1:2:3:1:0,MUTATE
0:4:1:1:1:3:3:1:0:,recombination,4701.532000368202,1:4:1:3:3:1:1:0:1,1:4:0:2:2:2:2:1:0
0:3:0:1:1:3:3:1:0:,clone,5173.213533872468,0:3:0:2:1:3:3:1:0
0:3:0:1:1:3:3:1:0:,recombination,4631.462372462072,1:4:1:4:4:0:0:0:1,0:4:1:2:1:2:3:1:0
0:4:1:1:1:2:3:1:0:,recombination,4639.766919915777,0:3:0:1:1:3:3:1:0,1:4:1:2:1:3:3:1:0,MUTATE
0:4:1:2:2:2:2:0:0:,clone,4083.8570652791987,1:4:1:2:2:1:2:0:1
0:2:1:0:0:4:4:2:0:,clone,5478.839573956841,0:2:1:0:0:4:4:2:0
1:4:1:3:3:2:3:0:1:,clone,6985.37123305639,1:4:1:3:3:2:3:0:1
0:4:1:2:1:2:3:0:0:,clone,4438.648698310094,0:4:1:2:2:2:2:0:0
0:4:0:1:1:3:3:1:0:,clone,5027.644770505454,1:4:0:2:1:3:3:1:0
1:4:0:2:1:3:3:1:1:,recombination,5027.644770505454,1:4:0:2:2:2:2:0:1,1:4:0:3:2:2:2:0:1
0:3:1:2:1:3:3:1:0:,recombination,4976.234405103064,0:4:1:3:3:1:1:0:0,0:3:0:1:1:3:3:1:0
0:4:1:1:1:3:3:1:0:,recombination,4596.7477368644595,1:4:0:2:2:2:2:1:1,0:4:0:2:1:2:3:1:0
0:4:0:1:1:4:3:1:0:,recombination,5436.1049347443895,0:4:1:1:1:4:4:1:0,1:4:0:3:3:2:2:1:1,MUTATE
0:3:1:1:1:2:3:1:0:,clone,5364.821918342218,0:3:1:1:1:2:3:0:0
1:4:1:1:1:3:3:1:0:,recombination,5060.833686359462,1:4:0:3:2:2:2:0:1,1:4:1:1:1:3:3:1:0,MUTATE
0:4:0:1:0:4:4:1:0:,clone,5397.318698685158,0:4:0:1:0:4:4:1:0
0:4:1:2:2:3:3:1:0:,recombination,5051.664282805462,0:3:1:1:1:3:3:1:0,0:4:1:3:3:2:2:0:0
0:4:1:2:2:2:3:1:0:,recombination,4805.0797080518205,1:4:0:4:4:1:1:0:1,0:4:1:2:2:2:3:1:0,MUTATE
1:4:0:1:1:3:3:1:0:,recombination,4741.203980994397,1:4:1:2:2:2:2:0:1,1:4:0:2:2:2:2:1:0,MUTATE
0:4:1:2:1:3:3:1:0:,recombination,4840.464403195742,0:4:1:2:1:2:3:1:0,1:4:1:3:2:2:2:0:1
1:4:0:4:4:1:0:0:2:,clone,4694.268852470521,1:4:0:4:4:1:0:0:1
1:4:0:2:2:3:3:1:0:,clone,5190.134624171584,1:4:0:2:2:3:3:1:0
0:3:1:2:1:3:3:1:0:,recombination,4883.193614491616,0:4:0:1:1:3:3:1:0,0:3:1:2:2:2:3:0:0,MUTATE
1:4:0:2:2:2:3:1:0:,recombination,5296.866074343225,1:4:0:3:3:0:1:0:1,1:4:0:2:2:2:2:1:1
1:4:0:2:2:3:3:0:1:,clone,6144.142997559797,1:4:0:2:2:3:3:0:1
0:4:1:2:1:4:3:1:0:,recombination,5784.574526664062,0:4:1:2:2:2:3:1:0,1:4:1:2:2:3:3:0:1,MUTATE
0:4:0:2:1:3:3:1:0:,recombination,5014.3306175849975,0:4:0:2:2:2:2:1:0,1:4:0:4:4:1:1:0:1,MUTATE
1:4:0:4:4:0:0:0:1:,recombination,4622.305543226026,1:4:1:3:4:0:0:0:1,0:4:0:2:1:3:3:1:0,MUTATE
0:4:1:1:1:4:3:1:0:,recombination,5523.0303868616775,0:3:1:1:1:4:3:1:0,0:4:0:2:1:3:3:1:0
0:4:1:1:1:3:4:1:0:,recombination,5229.455030535496,0:3:1:1:0:3:4:1:0,0:4:1:1:1:3:3:1:0
0:3:1:2:2:2:2:1:0:,clone,4950.4524023176755,0:3:1:2:1:3:3:1:0
0:3:1:1:1:3:4:0:0:,clone,6849.501498750268,0:3:1:1:1:3:4:0:0
0:4:0:1:1:4:3:1:0:,recombination,5397.318698685159,1:4:1:2:1:3:3:1:1,1:4:0:1:1:3:3:1:0
0:3:1:1:1:3:4:1:0:,recombination,5121.016909589996,1:4:1:2:2:3:3:1:0,0:4:1:1:1:3:3:1:0,MUTATE
1:4:0:4:4:0:0:0:2:,clone,4578.202936642334,2:4:0:4:4:0:0:0:2
0:4:1:1:0:3:4:1:0:,recombination,5283.467637430315,0:3:1:2:1:3:3:0:0,1:4:0:1:0:3:4:1:0
0:3:1:1:1:3:3:0:0:,clone,5335.619072385863,0:3:1:1:1:3:3:1:0
0:3:1:2:2:2:2:0:0:,clone,4718.453326977268,0:3:1:2:2:2:2:0:0
1:4:0:2:2:3:3:1:1:,clone,5270.540018158726,1:4:0:2:2:3:3:1:0
1:4:1:1:1:3:4:1:0:,clone,5605.957664179826,1:4:1:1:1:3:4:1:0
0:4:0:1:0:4:4:1:0:,recombination,5397.318698685157,1:4:1:1:1:3:3:1:1,0:4:1:1:0:3:4:1:0,MUTATE
0:4:1:4:4:0:0:0:1:,recombination,4902.471847778007,0:4:1:4:4:0:1:0:1,1:4:0:4:4:0:0:0:1,MUTATE
0:4:1:1:1:2:3:0:0:,clone,4644.872737602179,0:4:1:1:1:2:3:0:0
0:3:1:1:1:2:3:0:0:,recombination,4367.81140315438,0:4:1:2:1:2:3:0:0,0:4:1:2:1:2:3:1:0
0:4:1:2:2:3:3:1:0:,clone,5011.039144945991,0:4:1:2:2:3:3:1:0
0:3:1:1:1:2:3:1:0:,clone,4585.5327860498655,0:3:1:1:1:2:3:1:0
1:4:1:1:1:3:3:1:0:,clone,5060.833686359461,1:4:1:1:1:3:3:1:0
0:4:1:1:1:2:3:0:0:,recombination,4321.04447697907,0:3:1:2:1:3:3:0:0,0:4:1:2:2:2:2:0:0,MUTATE
0:3:1:0:0:4:4:1:0:,recombination,5438.915423030627,0:2:1:0:0:4:4:2:0,1:4:1:3:2:1:2:1:1
0:4:1:1:0:3:4:1:0:,clone,5281.046676719086,0:4:1:1:0:3:4:1:0
0:4:1:2:1:2:2:0:0:,clone,4112.45137619251,0:4:1:1:1:2:2:0:0
0:3:1:2:1:2:3:0:0:,clone,4339.086875420592,0:3:1:2:1:2:3:0:0
0:4:1:2:2:2:2:1:0:,recombination,4479.4960420620455,1:4:0:2:2:3:2:1:1,0:4:1:2:2:2:2:0:0,MUTATE
1:4:0:1:1:3:3:1:1:,clone,5135.701341515788,1:4:1:1:1:3:3:1:0
1:4:1:2:2:3:2:1:0:,clone,4999.724570785948,1:4:1:2:2:2:2:1:1
1:4:1:2:2:3:3:1:0:,clone,5087.357973957821,0:4:1:2:2:2:2:1:0
0:4:1:1:1:4:4:1:0:,clone,5534.099855462024,0:4:1:1:0:4:4:1:0
1:4:1:1:1:2:3:1:1:,clone,4852.378635142236,1:4:0:1:1:3:3:1:1
0:4:1:1:1:2:2:0:0:,clone,4083.8570652791987,0:4:1:1:1:2:2:0:0
0:3:1:0:0:4:4:2:0:,recombination,5648.854705796053,0:2:1:0:0:4:4:2:0,1:4:1:2:2:1:2:1:1,MUTATE
1:4:1:1:1:4:3:1:0:,recombination,5608.715890899278,1:4:1:1:1:3:3:1:1,0:4:1:1:1:3:3:1:0
0:4:1:2:2:2:3:0:0:,recombination,4921.673502712349,0:4:1:2:1:3:3:1:0,1:4:0:4:4:0:1:0:1,MUTATE
1:4:0:3:3:1:0:0:1:,clone,4471.999324493368,1:4:0:3:3:1:0:0:1
1:4:1:2:1:2:3:0:1:,recombination,4549.559691623971,0:4:1:2:1:2:3:0:0,1:4:1:3:3:2:2:1:1,MUTATE
0:3:1:1:0:3:4:1:0:,clone,5151.958219333024,0:3:1:1:0:3:4:1:0
0:4:1:2:1:2:3:0:0:,clone,4426.269278241762,0:4:1:2:1:2:2:0:0
1:4:1:2:1:2:3:0:1:,clone,4472.903055434567,1:4:0:2:2:2:2:0:1
1:4:1:1:1:3:3:0:1:,recombination,4835.970396203669,1:4:1:2:2:1:2:0:1,1:4:1:4:4:0:0:0:1
1:4:1:1:1:2:3:0:1:,clone,4472.903055434567,1:4:1:2:1:2:3:0:1
0:4:1:3:2:3:2:0:0:,recombination,6422.180455734017,0:3:1:2:2:3:3:0:0,1:4:0:3:4:1:1:0:2,MUTATE
1:4:1:1:1:3:3:1:0:,recombination,4312.5983398719,0:4:1:2:2:1:2:0:0,0:3:0:1:1:3:3:1:0
1:4:0:3:3:3:2:1:1:,clone,5571.5067952032705,1:4:0:3:3:3:2:1:1
1:4:1:2:2:3:2:0:1:,clone,5393.661124265628,1:4:1:2:2:3:2:0:1
1:4:1:2:2:2:2:0:1:,clone,4452.211674682874,1:4:1:1:1:2:3:0:1
0:4:0:2:2:2:3:1:0:,recombination,5096.302639800079,1:4:0:2:2:3:2:1:1,1:4:1:2:2:1:2:1:1,MUTATE
0:3:1:1:1:3:3:0:0:,clone,5324.993303948659,0:3:1:1:1:3:3:0:0
1:4:1:2:1:2:3:0:1:,clone,4365.584406994916,1:4:1:1:1:2:3:0:1
0:3:1:1:0:4:4:1:0:,recombination,5271.84158141077,0:4:1:1:0:4:4:1:0,0:2:1:0:0:4:4:2:0,MUTATE
0:4:1:2:2:3:2:0:0:,recombination,5224.733277983851,0:4:1:3:3:2:2:0:0,0:4:1:4:4:1:1:0:1,MUTATE
0:4:1:1:1:3:3:1:0:,clone,4207.1028435511835,0:4:1:1:1:3:3:1:0
0:4:1:1:1:4:4:1:0:,recombination,5529.42129400339,0:3:1:1:0:4:4:1:0,1:4:0:3:2:1:2:1:1,MUTATE
1:4:0:4:4:0:1:0:2:,clone,4997.505217083159,1:4:0:4:4:0:0:0:2
0:3:1:1:1:2:3:1:0:,recombination,4574.225497973247,0:4:1:1:1:3:3:1:0,1:4:1:2:2:2:2:1:0,MUTATE
0:4:1:1:1:3:3:1:0:,clone,4207.102843551183,0:4:1:1:1:3:3:1:0
0:4:1:1:1:2:3:1:0:,recombination,4563.104159947867,0:4:1:1:1:2:3:0:0,1:4:0:2:2:2:3:1:1
0:3:1:1:1:3:4:1:0:,clone,4982.865175594749,0:3:1:1:1:3:4:1:0
0:3:1:1:1:3:3:1:0:,clone,4267.077923607623,0:3:1:1:1:3:3:1:0
0:3:1:1:1:3:3:0:0:,recombination,4385.005235790776,0:4:1:2:2:2:3:1:0,0:3:1:1:1:3:3:1:0
0:3:1:1:0:3:4:1:0:,clone,5117.537475633086,0:3:1:1:0:3:4:1:0
1:4:1:2:2:2:2:1:0:,recombination,5092.727437803401,1:4:0:3:3:1:2:0:1,0:3:1:2:1:2:3:0:0,MUTATE
1:4:0:1:1:4:3:1:0:,clone,5425.426851135723,0:4:1:1:1:4:4:1:0
0:4:1:1:1:4:4:1:0:,recombination,5271.84158141077,0:4:1:1:1:4:4:1:0,0:4:1:3:2:1:2:0:0,MUTATE
1:4:1:2:1:2:3:1:0:,clone,5384.762711935131,1:4:1:2:1:2:3:1:0
0:3:1:1:0:4:4:1:0:,recombination,4990.47585676895,1:4:0:2:2:1:2:0:1,0:4:1:2:1:3:3:1:0
0:3:1:1:1:4:4:2:0:,recombination,5774.697886539766,1:4:0:3:2:1:2:1:1,1:4:0:3:3:1:2:1:1
1:4:1:2:1:2:3:1:0:,clone,4716.724586364903,0:4:1:1:1:3:3:1:0
1:4:0:3:3:1:2:0:2:,clone,5210.411628718993,1:4:0:3:3:1:2:0:2
1:4:0:3:3:3:2:1:1:,clone,5548.223101565536,1:4:0:3:3:3:2:1:1
0:3:1:1:1:3:4:0:0:,clone,6792.60499924969,0:3:1:1:1:3:4:0:0
1:4:0:2:2:3:2:1:1:,recombination,5025.352355392066,0:4:1:1:1:2:2:0:0,1:4:0:3:2:3:2:1:1
0:4:1:3:4:0:1:0:0:,clone,4877.504948782502,0:4:1:4:4:0:1:0:0
0:4:1:2:1:2:3:1:0:,clone,4641.402569268029,1:4:1:2:1:3:3:1:0
0:3:1:1:1:3:4:1:0:,clone,4928.010844120424,0:3:1:1:1:3:4:1:0
0:4:1:2:1:3:3:1:0:,recombination,4789.0025201436065,1:4:1:2:1:2:3:0:1,1:4:0:2:2:2:2:0:1
0:4:1:2:1:3:3:1:0:,clone,4751.268957492209,0:3:0:1:1:3:3:1:0
0:3:0:1:1:4:4:2:0:,recombination,5567.625798535569,1:4:0:3:3:2:1:0:1,0:4:0:2:2:3:3:1:0
1:4:1:2:1:3:3:1:0:,clone,4921.599312184758,1:4:1:2:1:3:3:1:0
0:4:0:2:2:2:2:1:0:,clone,4829.40272167308,0:4:0:2:2:2:2:1:0
0:2:1:1:0:3:4:1:0:,clone,5182.581790795408,0:2:1:1:0:3:4:1:0
1:4:0:2:1:2:3:1:1:,clone,4916.520853670165,1:4:0:1:1:3:3:1:0
0:4:0:1:1:3:3:1:0:,clone,4971.584331555685,0:4:1:1:1:3:3:1:0
0:4:1:1:1:3:3:2:0:,clone,5898.558976199409,0:4:1:1:1:3:3:1:0
0:3:1:1:0:3:4:1:0:,clone,4953.349074858637,0:3:1:1:0:3:4:1:0
0:2:1:1:0:3:4:1:0:,recombination,4715.907399002508,0:4:1:2:2:3:3:1:0,0:3:1:2:2:2:2:0:0,MUTATE
0:3:1:1:0:3:4:1:0:,clone,4928.010844120424,0:3:1:1:1:3:4:1:0
0:3:0:1:1:3:4:1:0:,clone,5176.487066539054,0:3:0:1:1:3:4:1:0
0:4:0:1:1:3:3:1:0:,recombination,4949.5717706223395,1:4:1:4:4:0:0:0:1,1:4:1:2:2:2:2:0:1
0:3:1:1:0:4:4:2:0:,recombination,5919.501217679888,1:4:0:3:3:1:2:0:1,0:4:1:1:1:4:4:1:0
0:3:1:1:1:4:4:1:0:,clone,5420.32387749974,0:3:1:1:1:3:3:1:0
0:2:1:0:0:4:4:1:0:,clone,5033.11622790381,0:2:1:0:0:4:4:1:0
0:3:0:1:1:3:3:1:0:,clone,4537.17276420912,0:3:0:1:1:3:4:1:0
0:3:1:2:1:4:3:1:0:,recombination,6088.207051966287,0:4:1:3:3:2:2:0:0,1:4:0:3:3:2:2:0:1,MUTATE
0:3:1:1:0:3:4:1:0:,clone,4847.481029780287,0:3:1:1:0:3:4:1:0
0:3:0:1:1:4:3:1:0:,recombination,5255.292459363677,1:4:1:2:2:2:2:1:1,1:4:0:2:2:2:2:1:1
0:2:1:1:0:4:4:1:0:,recombination,5111.119506006063,0:3:1:2:2:2:3:1:0,1:4:1:2:2:3:3:1:1
0:4:0:1:1:3:3:1:0:,recombination,4933.779267194697,0:4:1:1:1:3:3:1:0,1:4:0:2:2:2:2:1:0
0:3:0:1:0:4:4:1:0:,recombination,5485.299514333994,0:4:1:2:1:2:3:0:0,0:4:1:2:2:3:3:1:0,MUTATE
0:3:1:1:1:4:4:1:0:,clone,5104.461951699055,0:3:1:1:1:4:4:1:0
1:4:1:3:2:3:2:0:1:,clone,5350.499048052074,1:4:1:3:2:3:2:0:1
0:4:1:2:2:3:3:0:0:,clone,5581.467556436202,0:4:1:2:2:3:3:0:0
0:4:1:1:1:4:3:1:0:,recombination,5079.422835014225,1:4:1:2:1:3:3:1:0,0:4:1:1:1:4:4:1:0
1:4:1:2:1:3:3:1:1:,clone,5105.808456061217,1:4:1:2:1:3:3:1:1
0:3:1:1:0:4:4:2:0:,recombination,5771.042183295252,1:4:0:2:2:3:2:1:1,1:4:0:3:3:2:1:0:1,MUTATE
0:3:1:1:1:4:4:2:0:,recombination,5589.708573339509,1:4:1:2:2:2:2:1:0,1:4:1:3:3:2:2:0:1,MUTATE
0:4:1:1:1:3:4:1:0:,recombination,5225.846300750097,0:3:1:1:0:3:4:1:0,0:3:1:2:2:2:2:0:0,MUTATE
0:3:1:1:0:4:4:1:0:,recombination,4975.6526069097745,0:3:1:1:1:3:3:0:0,1:4:1:1:1:3:3:1:1,MUTATE
0:4:1:1:0:3:4:1:0:,recombination,4915.387305572027,0:4:1:1:1:3:3:1:0,1:4:0:2:1:2:3:1:1
0:3:1:0:0:4:4:1:0:,clone,5233.33976878478,0:3:1:0:0:4:4:1:0
0:3:1:0:0:3:4:1:0:,clone,4992.235928522097,0:3:1:1:0:3:4:1:0
1:4:1:3:3:3:2:1:1:,recombination,5760.851538165243,1:4:0:3:4:2:1:0:1,1:4:1:3:3:2:2:1:1
1:4:0:2:2:3:2:0:1:,clone,6157.29572330573,1:4:0:2:2:3:2:1:1
1:4:1:2:2:3:2:0:1:,clone,5295.491430768679,1:4:1:2:2:3:2:0:1
0:3:1:1:0:4:4:2:0:,recombination,5196.337371429007,1:4:1:1:1:3:3:1:0,1:4:0:2:2:1:2:1:1
0:2:1:1:1:3:3:1:0:,clone,5277.49774613111,0:2:1:1:1:4:4:1:0
0:2:1:1:1:4:4:1:0:,clone,5277.2545954021825,0:2:1:1:1:4:4:1:0
1:4:1:3:2:2:3:1:1:,clone,6558.204888163417,1:4:1:3:2:2:3:1:1
0:3:1:0:0:4:4:2:0:,recombination,5107.893171429342,0:4:1:2:1:2:3:1:0,0:3:0:1:1:4:4:2:0,MUTATE
0:3:1:0:0:4:4:1:0:,clone,5020.960456255885,0:3:1:0:0:4:4:1:0
0:2:1:0:0:4:4:2:0:,recombination,5009.689899702883,0:4:1:3:3:2:1:0:0,0:4:1:1:1:3:3:1:0,MUTATE
0:3:1:1:1:4:4:2:0:,recombination,5556.510531792049,0:3:1:2:1:3:3:0:0,1:4:1:1:1:4:3:1:0
0:3:1:3:3:1:1:0:0:,recombination,4446.330376481249,0:3:1:3:3:1:1:0:0,0:4:0:2:2:2:2:1:0,MUTATE
1:4:0:3:2:2:2:1:0:,clone,5215.998474863344,1:4:0:3:2:2:2:1:1
0:2:1:0:0:4:4:2:0:,clone,4985.839450429821,0:2:1:0:0:4:4:2:0
1:4:0:2:2:2:3:0:1:,clone,5142.838423003941,1:4:0:2:2:2:3:0:1
1:4:1:2:2:3:2:1:0:,recombination,4943.437572590818,0:4:1:2:2:2:2:1:0,1:4:1:2:2:2:3:1:1
1:4:0:2:2:2:3:1:0:,recombination,5250.961495789667,1:4:1:2:2:2:3:1:1,0:4:0:2:2:2:2:1:0,MUTATE
0:3:1:2:2:1:2:0:0:,clone,4577.9006426596125,0:3:1:2:2:1:2:0:0
0:2:1:1:0:4:4:2:0:,recombination,5448.786910822603,1:4:1:2:2:1:2:0:1,1:4:1:3:3:2:1:0:1,MUTATE
0:3:1:1:1:4:3:1:0:,recombination,4864.5409877608445,0:3:1:2:1:3:3:1:0,0:4:1:1:1:3:3:1:0
0:3:0:2:1:3:3:1:0:,recombination,5300.662023384031,1:4:0:1:1:3:3:1:1,1:4:1:3:2:3:2:0:1
1:4:0:3:2:3:2:1:1:,recombination,5557.945084234509,1:4:1:2:2:2:3:0:1,1:4:0:4:4:2:1:0:1
0:2:1:0:0:4:4:1:0:,recombination,5012.744005929442,1:4:1:2:2:3:2:1:1,0:3:1:1:1:3:3:1:0,MUTATE
0:4:1:2:2:3:3:1:0:,recombination,4942.57218845527,0:4:1:2:2:2:2:1:0,0:4:1:1:1:3:3:0:0
0:2:1:1:0:4:4:1:0:,recombination,5042.8376945611835,1:4:0:1:1:3:3:1:0,0:4:1:2:2:2:2:0:0
1:4:1:4:4:1:1:0:1:,clone,4850.927013906236,1:4:1:4:4:1:0:0:1
0:2:1:0:0:4:4:1:0:,recombination,5003.74842199646,0:3:1:1:0:4:4:1:0,0:4:1:2:1:2:3:1:0
1:4:1:2:2:3:3:1:0:,clone,4942.57218845527,0:4:1:2:2:3:3:1:0
1:4:1:2:2:3:2:0:1:,recombination,5166.951002399813,1:4:1:2:2:3:2:0:1,1:4:0:3:2:2:2:0:1,MUTATE
0:4:1:3:3:2:2:1:0:,recombination,5270.139955531445,1:4:1:3:3:2:2:1:1,1:4:0:2:2:3:2:0:1
1:4:0:2:2:2:3:1:0:,clone,5125.195725721445,1:4:0:2:2:2:3:1:0
1:4:1:2:1:4:3:1:1:,clone,6126.5006249651005,1:4:1:2:1:4:3:1:0
1:4:0:4:4:1:1:1:1:,clone,5540.89183496946,1:4:0:4:4:1:1:1:2
0:4:1:2:2:3:3:0:0:,clone,5491.031667412944,0:4:1:2:1:3:3:0:0
1:4:0:3:2:2:2:1:1:,recombination,5074.013474740769,1:4:1:3:3:2:2:1:1,1:4:0:4:4:1:1:0:2,MUTATE
0:3:1:1:1:4:3:2:0:,clone,5491.091422431628,0:3:1:1:1:3:3:1:0
1:4:1:4:4:2:2:0:1:,clone,6271.55736415562,1:4:1:4:4:2:2:0:1
0:4:0:2:2:2:3:1:0:,clone,5093.461046256027,1:4:0:2:2:2:3:1:0
0:3:1:2:2:3:3:1:0:,recombination,5189.42354242026,1:4:1:3:3:2:2:1:1,0:4:1:1:0:3:4:1:0
0:2:1:1:0:4:4:2:0:,recombination,5338.056713515067,0:3:1:1:1:3:3:1:0,0:4:1:2:2:3:2:1:0,MUTATE
0:4:1:1:0:4:4:1:0:,recombination,5176.576306404668,1:4:0:2:2:2:3:0:1,1:4:1:2:1:2:3:1:0
0:3:1:0:0:4:4:2:0:,clone,5028.494017541394,0:3:1:0:0:4:4:2:0
0:4:0:2:2:3:2:1:0:,recombination,5346.864659571962,1:4:0:3:2:2:2:1:1,1:4:1:1:1:2:3:1:1,MUTATE
0:3:1:1:0:3:4:2:0:,clone,5142.9919131113065,0:3:1:1:0:3:4:1:0
1:4:1:2:2:3:3:1:1:,clone,5116.113589277099,1:4:1:2:2:3:2:1:1
0:2:1:1:0:4:4:1:0:,recombination,5027.341261292937,1:4:0:2:2:2:2:0:1,0:3:1:2:1:3:3:1:0,MUTATE
1:4:0:3:3:2:2:0:2:,recombination,5555.978794500603,2:4:0:3:3:2:2:0:2,0:4:1:3:3:2:2:0:0
0:3:1:2:1:2:3:1:0:,recombination,4667.084559967433,0:3:1:3:3:1:1:0:0,1:4:1:2:2:1:2:0:1,MUTATE
0:4:1:3:2:2:3:0:0:,clone,6748.749475954878,0:4:1:3:2:2:3:0:0
1:4:1:3:2:2:3:0:1:,recombination,6536.620151043029,1:4:1:3:3:2:3:0:1,1:4:1:1:1:3:3:1:0,MUTATE
0:4:0:2:2:3:2:1:0:,clone,5292.106949639201,0:4:0:2:2:3:2:1:0
0:4:0:4:4:0:0:0:0:,clone,4771.27865803972,0:4:1:4:4:0:1:0:0
0:3:1:1:0:4:4:1:0:,clone,4761.547386033917,0:3:1:1:0:4:4:1:0
0:3:1:1:0:3:4:1:0:,recombination,4685.571313360493,0:3:1:1:0:4:4:1:0,1:4:1:2:1:2:3:1:0,MUTATE
1:4:0:4:4:2:2:0:1:,clone,6244.604904201556,1:4:1:4:4:2:2:0:1
1:4:0:3:3:3:2:0:1:,recombination,6360.373599314372,1:4:0:3:3:1:1:1:1,1:4:0:2:2:3:2:0:1
0:2:1:0:0:4:4:1:0:,clone,4946.60173234588,0:2:1:0:0:4:4:1:0
0:2:1:0:0:4:4:1:0:,recombination,4884.2053211156735,1:4:0:2:2:1:2:0:1,0:2:1:0:0:4:4:1:0,MUTATE
1:4:0:3:4:1:1:0:2:,recombination,5408.081038419708,1:4:0:3:2:2:2:0:1,2:4:0:4:4:1:0:0:2
1:4:1:3:2:3:2:1:1:,recombination,5874.305598659812,1:4:0:3:4:2:1:1:1,0:4:1:3:3:1:1:0:0,MUTATE
0:4:1:3:3:2:2:1:0:,clone,5225.992703418564,0:4:1:2:2:2:2:1:0
0:3:0:1:1:4:4:1:0:,recombination,5627.670504386037,1:4:0:2:1:2:3:1:0,1:4:0:2:1:3:3:1:0
2:4:0:3:3:1:1:0:2:,recombination,5525.546504454267,2:4:0:3:4:1:1:0:2,1:4:1:2:1:2:3:0:1,MUTATE
1:4:0:3:3:2:2:0:2:,clone,5428.293874970135,2:4:0:3:3:2:2:0:2
2:4:0:3:3:1:2:0:2:,clone,5525.546504454267,2:4:0:3:3:1:1:0:2
0:4:1:2:2:3:2:1:0:,recombination,5023.2276983917745,0:4:1:3:3:2:1:0:0,0:3:1:1:1:3:4:1:0
0:4:0:4:4:0:1:0:0:,clone,4841.792363697825,0:4:0:4:4:0:0:0:0
1:4:0:4:4:2:1:0:2:,recombination,5608.903740130803,2:4:0:4:4:2:1:0:2,1:4:0:4:4:0:0:0:2,MUTATE
1:4:0:3:3:2:2:1:0:,recombination,5455.150666536737,0:4:1:1:1:3:3:1:0,1:4:0:3:2:2:2:1:1
1:4:0:1:1:3:3:1:1:,recombination,4866.413594518386,1:4:0:2:2:2:2:0:1,1:4:0:3:3:2:2:0:2
0:3:0:1:0:3:4:1:0:,clone,5339.066358765861,0:3:1:1:1:3:4:1:0
0:4:1:4:4:0:1:0:0:,clone,4947.003728939144,0:4:1:3:4:0:1:0:0
0:4:1:3:4:0:0:0:1:,recombination,4219.168750173859,1:4:1:3:2:1:2:0:1,0:4:0:4:4:0:0:0:0
0:4:1:3:3:2:2:1:0:,clone,5151.965659765864,0:4:1:3:3:2:2:1:0
1:4:1:2:1:3:3:1:0:,recombination,4903.254050008553,0:3:1:1:0:3:4:1:0,1:4:1:2:2:3:3:0:1,MUTATE
1:4:0:3:3:2:2:0:2:,clone,5360.60267765634,1:4:0:3:3:2:2:0:2
0:2:1:1:0:4:4:1:0:,clone,4935.022565335132,0:2:1:1:0:4:4:1:0
0:4:0:3:3:1:2:0:0:,recombination,4929.917864788115,0:4:0:4:4:0:1:0:0,0:4:1:1:1:4:3:1:0,MUTATE
1:4:0:2:1:2:3:1:0:,clone,5010.313742913964,1:4:0:2:1:2:3:1:0
1:4:1:3:2:3:2:1:1:,recombination,5785.718717899078,1:4:0:3:2:3:2:1:1,1:4:1:2:1:3:3:1:0
0:4:1:2:1:3:3:0:0:,clone,5270.5582494747305,0:4:1:2:1:3:3:1:0
1:4:1:1:1:2:3:1:0:,clone,5582.731877986344,1:4:1:2:2:2:3:1:1
0:4:1:4:4:0:1:0:0:,clone,4822.233747330511,0:4:0:4:4:0:0:0:0
1:4:0:3:3:2:2:0:2:,clone,5356.882293662292,1:4:0:3:3:2:2:0:2
0:3:0:1:1:4:3:1:0:,recombination,5207.18753921123,1:4:1:3:3:2:2:1:1,1:4:1:2:2:3:2:0:1,MUTATE
1:4:1:1:1:2:3:1:0:,clone,5555.260647903982,1:4:1:1:1:2:3:1:0
0:4:1:2:2:3:3:0:0:,recombination,5215.905128577474,1:4:1:2:2:3:2:0:1,1:4:1:4:4:1:0:0:1,MUTATE
0:4:0:3:2:2:2:1:0:,clone,5192.320308301276,0:4:1:2:2:2:2:1:0
1:4:1:3:3:2:2:0:1:,clone,4913.77145785717,1:4:1:3:2:2:2:0:1
2:4:0:3:3:2:1:0:2:,recombination,5394.778544423096,1:4:0:3:3:2:1:0:2,0:4:1:2:2:2:3:0:0
0:4:1:3:4:1:1:0:0:,recombination,5563.962774426681,0:3:1:1:1:3:4:0:0,0:4:0:4:4:0:0:0:0,MUTATE
0:4:1:2:1:3:3:0:0:,clone,5215.905128577474,0:4:1:2:1:3:3:0:0
0:4:1:3:2:2:3:0:0:,clone,6743.596337962711,0:4:1:3:2:2:3:0:0
0:4:1:2:1:3:3:0:0:,clone,4984.800430282606,0:4:1:2:1:3:3:0:0
1:4:1:3:3:0:1:0:1:,clone,4172.930915518757,1:4:0:3:3:0:1:0:1
1:4:0:2:1:4:3:1:0:,clone,5587.580176689987,1:4:0:2:1:4:3:1:0
1:4:0:3:3:1:2:0:1:,recombination,4763.602144305959,1:4:1:3:3:0:1:0:1,0:4:1:2:1:3:3:1:0
1:4:0:3:3:1:2:0:1:,clone,4748.6598530333995,1:4:0:3:3:1:2:0:1
1:4:0:3:3:2:1:1:1:,recombination,5176.622748426404,1:4:1:3:3:2:1:1:1,0:4:0:4:4:0:0:0:0
1:4:0:3:3:2:1:1:1:,clone,5174.24564815656,1:4:0:3:3:2:1:1:1
0:4:0:2:2:2:2:0:0:,clone,5211.330285558839,0:4:0:2:2:2:2:0:0
0:4:0:3:2:1:2:1:0:,clone,5269.2499458982775,0:4:0:3:3:1:2:0:0
0:4:1:2:2:1:2:1:0:,clone,5194.569893514399,0:4:0:3:2:1:2:1:0
1:4:1:2:1:3:3:1:1:,recombination,5102.778514534966,1:4:1:3:3:2:1:1:1,1:4:0:1:1:2:3:1:1,MUTATE
0:2:1:0:0:4:4:2:0:,clone,4902.1625103788665,0:2:1:0:0:4:4:2:0
0:4:1:1:1:3:4:1:0:,recombination,5219.925482704114,0:3:1:1:1:3:4:1:0,1:4:1:2:1:3:3:1:1,MUTATE
1:4:1:2:1:4:3:1:0:,clone,5604.24701257482,1:4:0:2:1:4:3:1:0
0:4:0:2:2:1:2:0:0:,clone,5112.946340115929,1:4:0:3:3:1:2:0:1
0:2:1:0:0:4:4:2:0:,clone,4874.6912802965035,0:2:1:0:0:4:4:2:0
0:3:0:1:1:4:3:1:0:,clone,5130.192180777128,0:3:1:1:1:4:3:1:0
1:4:1:4:4:2:1:0:1:,clone,6232.992460543786,1:4:1:4:4:2:2:0:1
1:4:1:3:3:2:2:1:0:,clone,5724.633723489036,1:4:1:3:2:2:2:1:0
0:2:1:1:1:3:3:1:0:,recombination,4841.509497411663,0:4:0:3:3:2:2:0:0,1:4:0:2:2:2:2:1:1,MUTATE
1:4:1:3:3:2:2:0:1:,clone,4896.579719970519,1:4:1:3:3:2:2:0:1
0:2:1:0:0:4:4:2:0:,clone,4773.163006640461,0:2:1:0:0:4:4:2:0
0:3:0:1:1:4:4:1:0:,clone,5157.66341085949,0:3:0:1:1:4:3:1:0
0:4:1:3:2:2:3:0:0:,clone,6666.3516945025995,0:4:1:2:2:2:3:0:0
0:3:1:1:1:3:4:1:0:,recombination,4723.748278938805,0:3:1:1:1:3:3:0:0,1:4:0:3:3:1:2:0:1
0:2:1:1:0:4:4:1:0:,clone,4913.063984596091,0:2:1:1:0:4:4:1:0
1:4:1:2:2:3:3:1:0:,recombination,4797.952510540462,1:4:1:2:1:3:3:1:1,1:4:1:2:2:3:2:0:1,MUTATE
0:4:0:2:2:1:2:1:0:,recombination,5150.305294462685,0:4:0:4:4:0:1:0:0,0:4:0:2:2:2:2:1:0
0:4:1:1:1:3:4:1:0:,clone,5219.925482704112,0:4:1:1:1:3:4:1:0
0:3:1:2:2:3:3:0:0:,clone,5858.219962636418,0:3:1:2:2:3:3:0:0
0:3:0:1:0:4:4:1:0:,clone,5376.343806660732,0:3:0:1:1:4:4:1:0
1:4:1:2:1:3:3:1:1:,recombination,5102.778514534965,0:3:1:2:2:2:3:1:0,1:4:1:2:1:3:3:1:1
1:4:1:2:1:4:3:1:0:,clone,5476.031685060191,1:4:1:2:1:4:3:1:0
0:3:1:1:1:4:4:1:0:,recombination,5016.919362909134,1:4:0:3:3:2:2:1:1,1:4:1:2:2:3:3:1:0,MUTATE
0:2:1:1:1:3:4:1:0:,recombination,5451.008835527472,0:2:1:1:1:3:3:1:0,0:4:1:2:2:3:3:1:0
0:4:1:2:1:2:3:1:0:,recombination,4600.589923128748,0:4:1:3:3:1:1:0:0,0:4:0:4:4:0:1:0:0,MUTATE
1:4:1:3:2:3:2:1:1:,recombination,5588.745003694615,1:4:1:3:3:2:2:0:1,1:4:1:3:2:2:2:1:0
0:2:1:1:1:3:3:1:0:,recombination,4753.773231105347,0:3:1:1:1:3:4:1:0,0:4:1:2:1:2:3:1:0,MUTATE
0:3:1:2:1:4:3:1:0:,recombination,6014.500324500263,1:4:0:3:3:1:1:0:1,1:4:1:2:1:4:3:1:0
0:3:0:2:1:3:3:1:0:,recombination,4851.935174981428,0:2:1:1:0:4:4:1:0,1:4:0:3:3:2:2:0:2,MUTATE
1:4:0:3:4:1:1:0:2:,recombination,5020.074900920658,1:4:0:3:3:1:1:0:2,1:4:0:4:4:2:1:0:2
0:2:1:1:0:4:4:2:0:,recombination,4977.585509537986,0:3:1:1:1:3:3:0:0,1:4:0:2:2:2:2:1:0
0:3:0:1:0:4:4:1:0:,recombination,4930.727523462445,0:4:1:1:1:3:3:1:0,0:4:0:3:3:1:2:0:0,MUTATE
0:2:1:1:1:3:4:1:0:,recombination,5435.5531534048305,0:4:0:1:1:4:3:1:0,0:3:0:1:0:4:4:1:0
0:3:1:1:1:4:4:1:0:,clone,5005.531110586239,0:3:1:1:1:4:4:1:0
0:4:0:2:2:2:2:0:0:,clone,4916.486984692824,0:4:0:2:2:2:2:0:0
1:4:0:2:2:3:3:1:1:,recombination,5157.81507205147,1:4:0:4:4:1:1:0:2,1:4:1:2:2:3:3:1:0,MUTATE
1:4:0:2:1:3:3:1:1:,clone,4923.085632507319,1:4:0:2:2:3:3:1:1
1:4:1:2:2:3:3:1:1:,clone,4903.897795366999,1:4:0:2:1:3:3:1:1
1:4:1:4:4:2:2:0:1:,clone,6174.731766486862,1:4:1:4:4:2:1:0:1
1:4:1:2:2:2:2:1:0:,recombination,5073.9102078591,1:4:0:3:2:1:2:0:1,0:3:1:2:1:3:3:0:0
1:4:0:2:1:2:3:1:0:,clone,4801.833705438617,1:4:0:2:1:2:3:1:0
0:3:1:2:1:4:3:1:0:,recombination,5522.858676260235,1:4:1:2:2:3:2:1:0,1:4:0:4:4:2:1:1:1,MUTATE
1:4:1:2:2:2:2:1:0:,recombination,4782.042468114556,1:4:1:2:2:3:3:1:1,1:4:1:3:2:2:2:0:1
0:4:1:2:1:4:4:1:0:,recombination,7417.60502897673,1:4:1:3:3:2:3:0:1,1:4:0:3:3:2:2:0:1,MUTATE
0:2:0:1:0:3:4:1:0:,clone,4763.933571931202,0:2:0:1:1:3:3:1:0
0:3:1:1:1:4:4:2:0:,recombination,5074.260919317451,0:3:0:1:1:4:3:1:0,1:4:1:2:2:3:3:1:1
0:2:1:0:0:4:4:1:0:,recombination,4868.348864404524,1:4:0:3:2:2:2:1:1,0:4:1:2:1:3:3:1:0,MUTATE
1:4:0:2:2:3:2:1:1:,clone,4950.8972057735145,1:4:1:2:2:3:3:1:0
0:3:1:0:0:4:4:1:0:,recombination,4868.348864404524,0:4:1:2:1:3:3:1:0,1:4:0:3:2:3:2:1:1
0:2:1:1:0:4:4:1:0:,clone,4832.487086865085,0:2:1:1:0:4:4:1:0
0:2:1:1:1:4:3:1:0:,recombination,5293.925605773539,1:4:0:2:2:2:2:0:1,0:4:0:2:2:1:2:0:0,MUTATE
0:3:0:1:1:2:3:1:0:,recombination,4865.907201828639,1:4:0:2:1:2:3:1:0,0:2:1:1:0:4:4:1:0
0:3:1:1:1:3:4:2:0:,recombination,5407.949748597624,0:2:0:1:0:3:4:1:0,0:4:1:4:4:0:1:0:1
1:4:0:3:3:3:2:0:1:,clone,5882.932237831882,1:4:0:3:3:3:2:1:1
0:4:0:2:1:2:3:1:0:,clone,4883.003387503094,1:4:0:2:1:2:3:1:0
0:4:1:3:2:3:2:1:0:,recombination,5813.19128711871,1:4:1:3:3:1:1:0:1,1:4:0:3:3:3:2:0:1,MUTATE
1:4:0:3:3:3:2:0:1:,clone,5649.945654335849,1:4:0:3:3:3:2:0:1
0:3:0:1:1:2:3:1:0:,clone,4749.274258383204,0:3:0:1:1:2:3:1:0
1:4:1:2:1:4:3:1:1:,clone,5547.302924443629,1:4:0:2:2:3:3:1:1
0:4:1:2:1:4:3:1:0:,recombination,5187.925136016871,0:3:1:1:1:4:4:2:0,0:4:1:3:2:3:2:1:0
0:4:0:1:1:3:4:1:0:,recombination,5650.752778234706,0:4:1:2:2:2:3:1:0,1:4:0:3:3:2:1:1:2
1:4:0:2:1:2:3:1:0:,clone,4760.612263325273,1:4:0:2:1:2:3:1:0
0:3:1:3:2:2:2:0:0:,clone,5754.742291925226,0:3:1:2:2:2:3:0:0
0:2:1:1:1:3:4:1:0:,recombination,5427.065341739259,0:3:1:1:0:3:4:1:0,1:4:1:3:3:2:2:0:1,MUTATE
0:2:1:0:0:4:4:1:0:,recombination,4845.887876626363,1:4:0:2:1:2:3:1:1,1:4:1:3:2:2:2:1:1,MUTATE
0:2:1:0:0:3:4:1:0:,recombination,5132.703159166395,1:4:1:3:3:1:2:0:1,0:3:0:1:0:3:4:1:0,MUTATE
0:4:1:1:1:3:4:1:0:,clone,5216.000466093794,0:4:1:1:1:3:4:1:0
0:4:1:1:1:3:4:1:0:,clone,5145.042834024447,0:4:1:1:1:3:4:1:0
0:4:0:1:1:2:3:1:0:,recombination,5271.414801692904,0:3:1:0:0:4:4:2:0,1:4:0:2:1:2:3:1:0,MUTATE
0:4:0:1:1:2:3:1:0:,recombination,4921.6060389046825,1:4:1:3:3:2:1:0:1,1:4:0:2:1:2:3:1:0
0:4:0:1:1:3:4:1:0:,clone,5646.2578574365725,0:4:0:1:1:3:3:1:0
0:4:0:1:1:4:3:1:0:,clone,5211.870216309439,0:4:0:1:1:4:3:1:0
0:3:0:1:1:3:4:1:0:,recombination,4758.162340581297,0:4:1:2:2:1:2:0:0,0:4:0:2:1:2:3:1:0
0:2:1:1:0:4:4:1:0:,recombination,4700.068597346428,1:4:1:2:1:3:3:1:0,0:3:1:2:1:2:3:1:0
1:4:1:2:2:4:3:1:0:,recombination,6182.963464634271,1:4:0:3:2:3:2:0:1,1:4:0:3:3:3:2:1:1,MUTATE
1:4:1:3:2:3:3:0:1:,clone,6512.321678290934,1:4:1:2:2:3:3:0:1
0:4:1:1:1:3:4:1:0:,clone,5084.005470649808,0:4:1:1:1:3:4:1:0
0:4:0:2:1:4:3:1:0:,clone,5499.407364508501,0:4:0:2:1:4:3:1:0
0:4:0:1:1:4:3:1:0:,recombination,5160.229098656496,1:4:1:3:3:1:1:0:1,2:4:0:3:4:1:1:0:2,MUTATE
0:2:1:0:0:4:4:1:0:,recombination,4800.344077170808,0:2:1:1:0:4:4:1:0,0:4:1:1:1:2:3:0:0
1:4:1:3:2:3:3:1:1:,clone,6630.671762785203,1:4:1:3:3:2:2:1:1
0:4:0:1:1:4:3:1:0:,clone,5032.759112703766,0:4:0:1:1:4:3:1:0
1:4:1:3:2:1:2:0:1:,recombination,4752.651272515946,0:4:1:3:2:2:3:0:0,1:4:1:4:4:0:0:0:2,MUTATE
0:4:1:1:0:4:4:1:0:,recombination,5152.2539063053155,0:4:1:1:1:3:4:1:0,1:4:0:3:4:1:1:0:2,MUTATE
0:3:0:1:1:3:4:2:0:,recombination,5400.357270772776,1:4:0:2:1:2:3:1:0,0:3:1:1:0:4:4:2:0
1:4:0:4:4:1:1:0:2:,clone,5080.880305099496,1:4:0:4:4:1:1:0:2
0:4:0:1:1:4:4:1:0:,clone,5788.146562058695,0:4:0:1:1:3:3:1:0
2:4:0:4:4:0:1:0:2:,clone,5221.200713021837,2:4:0:4:4:0:0:0:2
2:4:0:4:4:1:1:0:2:,clone,5256.294043475926,2:4:0:4:4:0:0:0:2
2:4:0:4:4:1:1:0:2:,clone,5166.360592685694,2:4:0:4:4:1:1:0:2
1:4:1:1:1:2:3:1:0:,recombination,5128.295568380335,1:4:0:4:4:0:0:0:1,1:4:0:3:3:1:1:0:2,MUTATE
2:4:0:3:4:1:1:0:2:,clone,5198.282598528322,2:4:0:3:4:1:1:0:2
1:4:0:2:1:3:3:1:0:,recombination,5167.596506214005,1:4:0:2:1:4:3:1:0,1:4:0:3:3:1:2:0:1
1:4:1:2:1:3:3:1:1:,clone,5014.791422088896,1:4:1:2:1:3:3:1:1
0:2:1:0:0:3:4:1:0:,recombination,5026.24484802118,0:4:1:2:2:3:3:1:0,1:4:0:3:2:2:2:0:1
1:4:0:3:3:1:1:0:2:,recombination,5042.490091446446,2:4:0:4:4:0:1:0:2,1:4:1:3:2:1:2:0:1,MUTATE
0:4:0:1:1:4:4:1:0:,clone,5602.669700653168,0:4:0:1:1:4:4:1:0
1:4:0:2:1:2:3:1:1:,recombination,4862.368067065346,2:4:0:4:4:1:1:0:2,0:4:1:2:1:3:3:1:0
1:4:0:2:1:3:3:0:1:,recombination,5021.10958050404,1:4:0:2:1:3:3:1:0,1:4:0:3:2:3:2:1:1
0:2:1:1:1:3:4:0:0:,clone,6398.153493128844,0:2:1:1:1:3:4:1:0
0:3:1:1:0:3:4:1:0:,clone,4637.424339237172,0:3:1:1:0:3:4:1:0
1:4:0:2:2:2:3:1:0:,clone,5054.248570131287,1:4:0:2:2:2:3:1:0
1:4:0:2:2:2:3:1:0:,recombination,4973.4019641941295,1:4:1:2:1:3:3:1:1,2:4:0:3:4:1:1:0:2,MUTATE
0:2:1:1:1:3:4:1:0:,recombination,5239.139881974321,0:2:1:0:0:4:4:1:0,0:4:1:3:3:2:2:1:0,MUTATE
1:4:1:2:1:2:3:1:1:,recombination,5076.334188817368,1:4:0:3:3:0:1:0:2,1:4:0:3:2:1:2:1:1,MUTATE
1:4:1:1:1:2:3:1:0:,clone,5076.334188817368,1:4:1:2:1:2:3:1:1
0:2:1:1:1:4:4:1:0:,recombination,5269.043459074026,0:4:1:2:1:4:3:1:0,1:4:0:4:4:1:1:0:2,MUTATE
1:4:1:1:1:2:3:1:0:,recombination,5076.334188817367,1:4:1:2:1:2:3:1:1,1:4:0:3:3:0:1:0:1,MUTATE
1:4:1:1:1:2:3:1:0:,clone,5008.137524262004,1:4:1:1:1:2:3:1:0
0:3:1:1:0:4:4:2:0:,clone,5167.777277278033,0:3:1:1:0:4:4:1:0
0:4:1:1:0:3:4:1:0:,recombination,4864.876953342891,1:4:0:3:2:1:2:0:1,0:4:1:1:1:2:3:1:0
0:2:1:0:0:4:4:2:0:,clone,4773.1630066404605,0:2:1:0:0:4:4:2:0
0:2:1:0:0:4:4:1:0:,clone,4793.560485577723,0:2:1:0:0:4:4:1:0
1:4:0:2:1:4:3:1:1:,clone,6286.306498194833,1:4:0:2:1:4:3:1:1
0:4:0:2:2:3:2:1:0:,clone,5183.359959177953,0:4:0:2:2:3:3:1:0
0:3:1:2:2:3:3:0:0:,clone,5658.518483487816,0:3:1:2:2:3:3:1:0
0:4:0:2:2:3:2:1:0:,clone,5165.498675126956,0:4:0:2:2:3:2:1:0
0:4:0:2:2:3:2:1:0:,clone,5165.498675126955,0:4:0:2:2:3:2:1:0
1:4:0:2:1:4:3:1:1:,clone,5978.137562737368,1:4:0:2:1:4:3:1:1
0:2:1:0:0:4:4:2:0:,recombination,4706.16066106163,1:4:1:1:1:3:3:1:0,1:4:0:3:2:1:2:1:1
0:4:1:0:0:4:4:1:0:,recombination,6260.817866333647,1:4:1:1:1:3:4:1:0,1:4:0:2:2:1:2:0:1,MUTATE
2:4:1:4:4:0:0:0:2:,clone,5302.105056032367,0:3:1:1:0:4:4:1:0
2:4:0:4:4:0:0:0:2:,recombination,4714.069166041053,1:4:1:2:2:3:2:0:1,0:2:1:0:0:4:4:1:0,MUTATE
0:4:0:1:1:3:3:1:0:,clone,4882.982891264132,0:4:0:1:1:3:3:1:0
0:4:0:1:1:2:3:1:0:,recombination,4842.612254619528,1:4:0:2:2:2:2:0:1,2:4:0:4:4:0:0:0:2,MUTATE
1:4:0:2:2:3:3:1:1:,clone,5080.427854311543,1:4:0:2:2:3:3:1:1
1:4:1:4:4:1:1:0:2:,clone,5845.573363054962,1:4:1:4:4:1:1:0:2
0:3:0:2:2:3:2:1:0:,recombination,5197.34154102126,1:4:0:3:2:1:2:1:1,0:3:1:3:3:1:1:0:0
0:2:2:0:0:4:4:1:0:,recombination,6263.988466037062,1:4:1:2:2:3:3:1:0,1:4:0:1:1:3:3:1:0,MUTATE
1:4:1:1:1:2:3:1:0:,recombination,4782.820733991341,0:3:1:2:2:2:3:0:0,1:4:1:3:2:2:2:0:1
0:3:1:1:1:3:4:2:0:,recombination,5309.408953066844,1:4:1:2:1:2:3:1:1,1:4:0:3:3:2:2:1:1
1:4:1:2:2:2:2:1:1:,clone,4469.599896420236,1:4:1:2:2:2:2:1:1
1:4:1:3:3:1:2:1:1:,recombination,5472.558658058541,0:3:1:2:1:3:3:0:0,1:4:0:3:2:2:2:1:1,MUTATE
1:4:0:4:4:1:1:0:2:,clone,5034.448856014584,1:4:0:4:4:1:1:0:2
1:4:0:3:4:0:1:0:2:,recombination,4914.383310017366,1:4:0:2:1:2:3:1:1,0:3:1:1:1:2:3:1:0
1:4:0:2:2:1:2:1:1:,recombination,4799.58431876379,0:3:1:1:1:2:3:1:0,1:4:1:2:2:3:3:1:0,MUTATE
1:4:0:2:2:2:3:1:0:,recombination,4966.689328168457,0:3:1:1:1:2:3:1:0,0:2:1:0:0:4:4:2:0,MUTATE
1:4:0:3:2:2:2:0:1:,recombination,4887.65329266828,1:4:1:3:3:1:2:1:1,1:4:1:2:2:2:2:1:1,MUTATE
0:4:0:2:2:2:2:1:0:,recombination,4778.379768997548,1:4:0:2:2:2:3:1:0,1:4:0:2:1:2:3:1:0
1:4:0:2:2:2:2:1:1:,recombination,4682.851194949114,0:4:1:2:2:2:2:1:0,1:4:0:4:4:1:1:0:2,MUTATE
2:4:0:4:4:0:0:0:2:,clone,4520.518039363497,2:4:0:4:4:0:0:0:2
1:4:0:3:3:0:0:0:1:,clone,4327.975293513516,1:4:0:3:4:0:0:0:1
1:4:0:3:4:0:0:0:1:,clone,3990.3618585783747,1:4:0:3:4:0:0:0:1
1:4:0:3:3:0:1:0:1:,recombination,4606.377241019441,1:4:0:2:2:3:2:1:1,2:4:0:4:4:0:0:0:2
0:4:1:1:1:3:3:0:0:,clone,5037.601716890094,0:4:1:1:1:3:3:1:0
1:4:1:3:3:1:2:0:1:,clone,4623.629826634909,1:4:1:3:3:1:2:0:1
0:4:0:2:2:1:2:1:0:,clone,5051.773461105869,0:4:0:2:2:1:2:1:0
0:4:0:2:2:2:2:1:0:,clone,4721.9702076816875,0:4:0:2:2:2:2:1:0
1:4:1:2:2:2:3:0:1:,clone,4930.459408378197,1:4:1:2:2:2:2:0:1
1:4:0:2:2:3:2:1:0:,recombination,4934.394815818422,1:4:0:3:4:1:1:0:2,1:4:0:3:3:1:2:0:2
0:4:0:2:2:2:3:1:0:,clone,4880.220312245756,0:4:0:2:2:2:3:1:0
0:4:1:2:2:3:2:1:0:,clone,4934.394815818422,0:4:1:2:2:3:2:1:0
0:3:0:2:2:3:3:1:0:,clone,4908.045368482787,0:4:1:2:2:3:2:1:0
1:4:0:3:3:2:2:0:1:,recombination,4760.921604778642,0:4:1:1:1:3:3:1:0,1:4:1:3:2:3:2:0:1,MUTATE
1:4:0:2:2:2:2:1:1:,recombination,4670.141397293168,1:4:0:4:4:2:1:0:2,0:3:1:1:1:3:3:0:0
1:4:0:3:2:2:2:0:1:,clone,4792.21549937766,1:4:0:2:2:2:2:0:1
1:4:0:2:1:3:3:1:0:,recombination,5160.556069606285,0:4:0:2:2:2:2:1:0,0:4:1:1:1:4:4:1:0
1:4:0:2:1:3:3:1:0:,recombination,5050.294839870323,1:4:1:3:2:1:2:0:1,0:3:1:1:1:3:3:0:0
1:4:0:2:1:3:3:1:1:,clone,4806.746229077046,1:4:0:2:1:3:3:1:1
1:4:0:2:2:3:2:1:1:,recombination,4808.668721819102,0:4:1:2:2:1:2:0:0,1:4:0:2:1:3:3:1:1,MUTATE
1:4:1:2:2:3:2:1:0:,recombination,4702.671588572523,0:4:1:2:2:2:2:0:0,0:3:1:0:0:4:4:2:0
0:3:1:2:2:3:3:1:0:,clone,4934.394815818422,0:4:1:2:2:3:2:1:0
0:4:1:2:1:3:3:1:0:,clone,4702.671588572523,1:4:1:2:2:3:2:1:0
0:4:1:2:2:3:3:1:0:,clone,4934.394815818422,0:3:1:2:2:3:3:1:0
1:4:0:2:2:3:3:0:1:,recombination,5795.329802631701,0:4:1:2:1:3:3:1:0,1:4:0:2:2:3:2:1:1,MUTATE
0:3:2:0:0:4:4:1:0:,clone,6263.988466037062,0:3:2:0:0:4:4:1:0
0:3:1:0:0:4:4:1:0:,recombination,4712.489555685438,0:4:1:2:1:3:3:1:0,1:4:1:3:4:1:1:0:1,MUTATE
0:2:1:0:0:4:4:1:0:,recombination,4769.084516795244,0:3:0:1:1:3:4:1:0,1:4:0:2:2:2:2:1:1,MUTATE
0:2:1:0:0:4:4:1:0:,clone,4614.819618908356,0:2:1:0:0:4:4:1:0
0:2:1:0:0:4:4:1:0:,clone,4614.819618908355,0:2:1:0:0:4:4:1:0
0:2:1:0:0:4:4:2:0:,clone,4658.557244245454,0:2:1:0:0:4:4:2:0
1:4:0:4:4:0:1:0:2:,clone,4912.01780158934,1:4:0:3:3:0:1:0:2
1:4:0:3:4:0:1:0:2:,clone,4906.824525403263,1:4:0:3:4:0:1:0:2
1:4:1:4:4:0:1:0:2:,recombination,5310.093855319608,1:4:0:2:1:2:3:1:0,1:4:1:2:2:3:3:1:0,MUTATE
1:4:0:2:2:2:3:0:1:,clone,5045.329976902173,1:4:0:2:2:2:3:0:1
1:4:1:2:2:3:3:0:1:,recombination,5357.646254767832,1:4:1:1:1:3:3:1:0,1:4:1:2:1:3:3:1:1,MUTATE
2:4:0:4:4:1:0:0:2:,clone,5141.292720584393,1:4:0:4:4:1:0:0:2
1:4:0:4:4:0:1:0:2:,clone,4884.393285908378,1:4:0:4:4:0:0:0:2
1:4:1:1:1:3:3:1:1:,recombination,5217.365905788448,0:2:1:1:0:4:4:1:0,1:4:1:1:1:3:3:1:1
0:4:1:1:1:4:4:1:0:,clone,5220.779228183929,0:4:1:1:1:4:4:1:0
0:3:0:1:1:3:3:2:0:,recombination,5571.142695983658,1:4:0:4:4:1:1:1:2,1:4:1:2:2:2:2:1:0
0:3:1:1:0:4:4:1:0:,clone,4756.911952525526,0:3:1:1:0:4:4:1:0
0:3:1:2:1:3:3:1:0:,clone,4880.971107447981,0:3:1:2:1:3:3:1:0
0:2:1:0:0:4:4:1:0:,recombination,4598.722689709729,0:3:1:1:1:2:3:1:0,0:4:1:1:1:3:3:1:0,MUTATE
0:2:1:1:1:3:4:1:0:,recombination,5233.4427607551315,0:4:0:1:1:4:3:1:0,1:4:1:2:2:2:2:1:0,MUTATE
0:2:1:1:0:3:4:2:0:,clone,5567.619382385821,0:2:1:1:0:4:4:2:0
1:4:1:2:2:1:1:0:1:,clone,4317.863032548865,1:4:0:3:4:1:1:0:2
1:4:1:2:2:1:1:0:1:,clone,4161.738836769692,1:4:1:2:2:1:1:0:1
0:4:1:2:2:1:2:0:0:,recombination,4151.208830239122,0:2:1:0:0:4:4:2:0,0:3:0:1:1:3:3:1:0
1:4:0:4:4:0:0:0:1:,clone,4207.575734146216,1:4:0:4:4:0:0:0:1
0:4:1:2:2:3:2:1:0:,recombination,4891.794277153984,0:2:1:1:0:4:4:1:0,0:4:1:3:3:1:2:0:0,MUTATE
0:4:1:2:2:3:2:1:0:,recombination,4875.324840345572,0:2:1:1:0:4:4:1:0,0:4:0:2:2:2:2:1:0,MUTATE
1:4:1:3:3:0:1:0:1:,clone,4023.1701814816884,1:4:1:3:3:0:1:0:1
0:4:1:2:2:3:3:1:0:,clone,4875.324840345572,0:4:1:2:2:3:2:1:0
0:4:0:2:1:2:2:1:0:,recombination,4364.353902636378,0:4:1:2:1:3:3:1:0,0:3:1:2:2:3:3:1:0
1:4:1:2:1:2:3:1:1:,recombination,5026.928769805254,1:4:1:2:2:3:3:0:1,1:4:0:2:1:3:3:1:1
1:4:0:3:4:1:1:0:1:,clone,4792.027458671905,1:4:1:3:3:1:1:0:1
1:4:0:3:4:1:1:0:1:,clone,4792.027458671904,1:4:0:3:4:1:1:0:1
0:3:1:1:0:4:4:1:0:,recombination,4750.933454328232,1:4:1:1:1:4:3:1:0,0:3:1:2:1:3:3:1:0,MUTATE
1:4:0:2:2:2:3:1:1:,recombination,4955.352596234553,1:4:1:2:2:1:2:0:1,1:4:1:3:2:3:2:1:1
1:4:0:4:4:0:0:0:2:,recombination,4489.693797235276,0:4:1:1:0:3:4:1:0,1:4:1:3:2:2:2:0:1,MUTATE
1:4:0:4:4:0:0:0:2:,clone,4467.6318749914835,1:4:0:4:4:0:0:0:2
0:4:1:2:1:2:2:1:0:,recombination,4310.2104429535875,0:4:0:2:2:3:2:1:0,1:4:1:1:1:2:3:1:0,MUTATE
0:4:1:3:3:1:2:0:0:,recombination,4740.676893170243,1:4:1:3:2:2:3:1:1,1:4:1:1:1:2:3:1:0
1:4:0:2:2:1:1:0:1:,recombination,4524.797493820684,1:4:1:3:3:0:1:0:1,1:4:1:3:2:2:2:0:1
1:4:0:3:4:0:1:0:1:,clone,4669.66085276804,1:4:0:3:4:0:1:0:1
0:3:0:2:1:2:3:1:0:,clone,4386.648423758971,0:3:1:1:1:2:3:1:0
1:4:0:3:3:0:1:0:1:,clone,4363.807319615457,1:4:0:3:3:1:1:0:1
1:4:1:3:3:0:0:0:1:,clone,4475.226729372149,1:4:0:3:3:0:1:0:1
0:3:1:2:2:2:2:1:0:,clone,4089.4878181609356,0:3:1:2:2:2:2:1:0
1:4:1:2:2:1:1:0:1:,recombination,4160.760055056097,0:4:1:4:4:0:0:0:1,1:4:1:1:1:2:3:1:0,MUTATE
1:4:0:3:3:0:0:0:1:,recombination,4323.172716418582,1:4:0:3:3:0:1:0:1,1:4:1:2:1:2:3:1:1,MUTATE
0:4:1:2:2:3:3:1:0:,clone,4855.506881952756,0:4:1:2:2:2:2:1:0
1:4:1:2:1:3:3:0:1:,clone,5867.168700256882,1:4:1:2:2:2:3:0:1
0:2:2:0:0:4:4:1:0:,recombination,6202.6477348627495,0:3:0:2:2:3:3:1:0,0:3:1:1:1:2:3:0:0,MUTATE
0:2:0:1:0:4:4:2:0:,recombination,5341.679745427972,1:4:0:4:4:1:1:1:2,0:4:0:1:1:3:4:1:0
0:4:1:1:1:4:4:1:0:,recombination,5131.660380632763,0:4:1:2:2:2:2:1:0,1:4:1:3:3:1:2:0:1
0:4:1:1:1:4:4:1:0:,clone,4986.9501743144065,0:4:1:1:1:4:4:1:0
0:4:1:1:1:4:3:1:0:,clone,5049.370312023805,0:4:1:1:1:4:4:1:0
0:4:1:1:1:4:4:1:0:,clone,4952.787223591774,0:4:1:1:1:4:4:1:0
2:4:1:4:4:0:0:0:2:,recombination,4955.966796492209,1:4:0:4:4:2:1:0:1,1:4:1:2:1:3:3:1:1,MUTATE
1:4:1:4:4:0:0:0:2:,clone,4768.191129011444,1:4:0:4:4:0:0:0:2
1:4:1:4:4:0:1:0:2:,clone,4908.911542983327,1:4:1:3:3:0:1:0:1
1:4:1:3:3:0:1:0:2:,clone,4837.370065914072,1:4:1:3:3:0:1:0:1
0:3:1:0:0:4:4:1:0:,clone,4704.69703099233,0:3:1:0:0:4:4:1:0
1:4:1:3:3:2:2:0:1:,clone,4867.414328215917,1:4:1:2:2:2:2:0:1
0:3:0:1:0:4:4:2:0:,recombination,5572.384459494106,0:4:0:1:1:3:3:1:0,0:4:0:3:3:2:2:0:0
1:4:0:3:3:1:2:0:1:,clone,4733.273476742172,1:4:0:3:3:1:2:0:1
1:4:1:1:1:2:3:1:0:,clone,4573.503654133278,1:4:1:2:1:2:3:1:1
1:4:0:1:1:2:3:1:0:,clone,4969.424203660067,1:4:0:1:1:2:3:1:0
0:4:1:1:1:3:4:1:0:,recombination,4957.303064659618,2:4:0:4:4:0:0:0:2,1:4:1:2:1:3:3:1:0
1:4:1:2:1:2:3:1:1:,clone,4867.5153154953905,1:4:1:2:1:2:3:1:1
0:3:1:0:0:3:4:1:0:,clone,4797.585196223493,0:3:1:0:0:3:4:1:0
0:3:1:0:0:3:4:1:0:,clone,4739.914911105162,0:3:1:0:0:3:4:1:0
0:3:1:0:0:4:4:1:0:,recombination,4694.764336727433,0:4:1:1:1:3:4:1:0,0:4:1:1:1:4:4:1:0
0:3:0:1:0:4:4:2:0:,clone,5500.012278345085,0:3:0:1:0:4:4:2:0
1:4:1:4:4:1:0:0:1:,clone,4741.0119604017455,1:4:1:4:4:1:1:0:1
1:4:1:3:4:1:0:0:1:,clone,4604.662691208217,1:4:1:3:4:1:0:0:1
1:4:1:3:4:1:0:0:1:,recombination,4583.308184802361,1:4:0:3:3:2:2:0:1,1:4:0:4:4:0:1:0:2,MUTATE
1:4:1:3:4:1:1:0:2:,clone,4934.60981141311,1:4:1:3:4:1:0:0:1
0:2:1:1:0:4:4:1:0:,recombination,4657.657963003678,0:4:0:1:1:3:3:1:0,0:2:1:0:0:4:4:1:0
0:3:0:1:1:4:4:2:0:,clone,5552.778878366136,0:2:1:1:0:4:4:2:0
0:3:0:1:1:4:3:1:0:,clone,5109.04260736872,0:3:0:1:1:4:3:1:0
0:3:1:1:1:4:3:1:0:,clone,4814.1620098996655,0:3:1:1:1:4:3:1:0
0:3:1:1:1:4:4:1:0:,clone,4888.988742178136,0:3:1:1:1:4:3:1:0
1:4:0:3:4:0:1:0:2:,recombination,4774.962665949211,1:4:0:3:3:1:1:0:1,1:4:0:3:3:1:1:0:1
2:4:0:4:4:0:0:0:2:,recombination,4475.417801586878,0:2:1:1:0:4:4:2:0,0:3:0:1:1:3:4:1:0,MUTATE
1:4:0:4:4:0:0:0:2:,clone,4441.3070632969675,0:2:1:0:0:4:4:1:0
0:4:1:1:1:3:4:2:0:,clone,5979.704172655183,0:4:1:1:1:3:4:2:0
1:4:0:2:1:2:3:0:1:,recombination,5470.493639818252,0:4:1:2:2:2:2:0:0,0:3:1:2:2:3:3:1:0,MUTATE
0:3:1:0:0:3:4:2:0:,recombination,5803.967310064468,1:4:0:4:4:1:0:0:1,0:4:0:2:2:2:2:1:0,MUTATE
1:4:1:2:2:2:3:1:1:,recombination,4852.377114944088,0:2:1:1:0:4:4:1:0,1:4:0:3:3:2:2:0:1,MUTATE
1:4:0:3:4:0:0:0:1:,clone,3776.7788923536204,0:2:1:0:0:4:4:1:0
1:4:1:4:4:0:0:0:1:,clone,4277.838142548013,1:4:1:4:4:0:0:0:1
1:4:0:3:4:0:0:0:1:,clone,3719.378019466957,1:4:0:3:4:0:0:0:1
1:4:1:4:4:0:0:0:1:,clone,4189.199411251998,1:4:1:4:4:0:0:0:1
1:4:1:3:3:0:0:0:1:,recombination,3808.553762979853,0:4:1:2:2:3:3:1:0,1:4:1:2:1:3:3:0:1,MUTATE
1:4:0:3:3:0:0:0:1:,clone,3578.7853860591053,1:4:0:3:3:0:0:0:1
0:4:1:2:2:2:2:1:0:,recombination,4378.112336992961,0:4:1:2:1:3:3:1:0,1:4:1:3:2:2:2:0:1,MUTATE
1:4:0:3:3:0:0:0:1:,clone,3503.4782988078573,1:4:0:3:3:0:0:0:1
1:4:1:2:2:2:3:1:1:,recombination,4827.82382951892,1:4:1:3:3:1:1:0:1,0:4:1:2:2:3:3:1:0
0:3:1:2:1:3:3:1:0:,recombination,4664.3845348731365,1:4:1:3:2:2:2:0:1,0:4:1:2:1:2:3:0:0
1:4:1:3:4:0:0:0:1:,clone,4312.7080507006185,1:4:1:3:4:0:0:0:1
1:4:1:3:3:0:1:0:1:,clone,3997.9108157722744,1:4:1:3:3:0:0:0:1
1:4:0:3:3:0:1:0:1:,clone,4142.4840213949155,1:4:0:3:3:0:1:0:1
1:4:1:2:2:1:1:0:1:,clone,4003.674163522179,1:4:1:3:3:1:1:0:1
1:4:1:2:2:0:1:0:1:,clone,3930.485388717282,1:4:1:2:2:0:1:0:1
1:4:1:3:3:1:1:0:1:,clone,3838.2146076780136,1:4:1:2:2:1:1:0:1
1:4:1:3:3:1:1:0:1:,clone,3838.214607678013,1:4:1:3:3:1:1:0:1
1:4:1:2:3:1:1:0:1:,clone,3754.4675019702613,1:4:1:3:3:1:1:0:1
0:2:1:1:1:3:4:1:0:,recombination,5218.948835737684,0:3:1:2:1:3:3:1:0,2:4:1:4:4:0:0:0:2,MUTATE
0:3:1:1:0:4:4:1:0:,recombination,4676.6154764108,1:4:1:3:3:1:1:0:1,1:4:0:2:2:2:2:1:1,MUTATE
0:4:0:2:2:2:2:0:0:,clone,4755.521296526561,0:4:1:2:2:2:3:0:0
1:4:1:2:2:2:3:0:1:,recombination,4887.684424819969,1:4:1:3:3:1:1:0:1,1:4:0:2:2:1:2:0:1,MUTATE
1:4:1:2:2:2:2:0:1:,recombination,4420.328421380533,1:4:1:3:3:1:1:0:1,1:4:0:3:3:0:1:0:1,MUTATE
1:4:1:2:2:2:2:1:0:,recombination,4571.685774120479,1:4:1:3:3:1:1:0:1,1:4:0:4:4:1:0:0:2,MUTATE
1:4:1:2:1:2:3:1:1:,recombination,4645.541429632782,1:4:1:2:2:1:1:0:1,1:4:1:2:2:2:3:1:1
1:4:0:2:2:2:2:1:1:,clone,4632.286585463585,1:4:0:2:2:2:2:1:1
1:4:0:2:1:2:3:1:1:,clone,4561.762942257699,1:4:1:1:1:2:3:1:1
1:4:0:1:1:2:3:1:0:,clone,4561.762942257699,1:4:0:2:1:2:3:1:1
1:4:0:2:1:2:3:1:0:,recombination,4518.506683500953,1:4:0:2:1:2:3:1:1,0:3:1:2:1:3:3:1:0
1:4:0:2:2:2:3:0:1:,recombination,4986.263726321631,1:4:1:3:3:1:1:0:1,0:4:1:2:2:3:3:1:0,MUTATE
0:4:0:1:1:2:3:1:0:,recombination,4734.694691957981,1:4:0:2:1:2:3:1:1,1:4:1:2:3:1:1:0:1
0:2:1:0:0:4:4:2:0:,clone,4614.51780037518,0:2:1:0:0:4:4:2:0
1:4:0:3:3:1:1:0:2:,recombination,4861.123670341213,0:4:1:1:1:3:3:1:0,0:3:1:2:2:3:3:0:0,MUTATE
1:4:0:3:3:2:1:0:2:,recombination,5358.830444165085,0:2:1:0:0:4:4:1:0,0:4:1:1:1:3:3:0:0,MUTATE
2:4:0:4:4:1:1:0:2:,recombination,5145.756627827951,0:4:1:2:2:3:3:1:0,0:4:1:2:1:3:3:1:0,MUTATE
0:3:1:1:1:4:3:1:0:,recombination,4710.96954389878,0:2:1:0:0:4:4:2:0,1:4:1:3:3:0:1:0:1,MUTATE
1:4:1:1:1:4:3:1:0:,recombination,5531.240777287858,1:4:0:2:2:2:3:1:1,0:4:1:2:2:2:2:0:0
0:4:1:1:1:4:3:1:0:,clone,4943.701075342102,0:4:1:1:1:4:3:1:0
0:2:1:0:0:4:4:1:0:,clone,4495.564587869489,0:2:1:0:0:4:4:1:0
0:2:1:0:0:4:4:1:0:,clone,4439.296888555174,0:2:1:0:0:4:4:1:0
0:4:1:2:2:1:2:1:0:,clone,5125.730399884745,1:4:1:2:2:1:2:1:1
0:4:0:2:2:2:2:0:0:,recombination,4636.7847377669395,1:4:0:4:4:0:0:0:2,1:4:0:3:3:2:2:0:1,MUTATE
0:3:1:1:1:4:4:1:0:,clone,4883.976723531494,0:3:1:1:1:4:4:1:0
0:4:0:1:1:3:3:1:0:,recombination,4857.405904204396,0:2:1:0:0:4:4:2:0,1:4:1:3:4:1:1:0:1,MUTATE
2:4:0:4:4:1:0:0:2:,clone,5035.491695044342,2:4:0:4:4:1:0:0:2
1:4:1:1:1:4:3:1:0:,clone,5027.928956911421,1:4:1:1:1:4:3:1:0
0:4:1:1:1:4:3:1:0:,clone,4817.149376073688,0:4:1:1:1:4:3:1:0
0:3:1:1:1:4:3:1:0:,recombination,4566.074999383214,1:4:0:3:3:2:2:1:1,0:2:1:0:0:4:4:1:0,MUTATE
0:3:1:2:1:3:3:0:0:,recombination,5067.364656340354,1:4:0:2:2:2:3:1:0,1:4:1:2:2:1:2:0:1,MUTATE
0:3:1:1:0:3:4:1:0:,clone,4596.076120189244,0:3:1:1:0:3:4:1:0
0:2:1:1:0:4:4:1:0:,clone,4657.538013112325,0:2:1:1:0:4:4:1:0
0:3:1:1:0:4:4:1:0:,clone,4668.171128824053,0:3:1:1:0:4:4:1:0
0:2:1:1:0:4:4:1:0:,clone,4532.65387606594,0:2:1:1:0:4:4:1:0
0:3:1:1:0:4:4:1:0:,recombination,4653.313483838017,0:3:1:1:1:4:4:1:0,1:4:0:2:2:1:2:0:1
1:4:1:2:1:3:3:0:1:,recombination,5544.83606358204,0:4:0:1:1:3:3:1:0,0:4:1:2:2:3:2:1:0
1:4:0:4:4:1:1:0:1:,clone,4889.259200300039,1:4:0:4:4:1:1:0:1
0:2:1:1:0:3:4:1:0:,recombination,4640.780249590085,0:4:0:2:2:2:2:1:0,1:4:0:2:2:2:2:0:1,MUTATE
0:2:1:1:1:3:4:1:0:,clone,5198.595763525249,0:2:1:1:0:4:4:1:0
1:4:0:3:4:1:0:0:2:,recombination,4686.740681144461,1:4:0:3:2:1:2:0:1,0:2:1:1:1:3:4:1:0
0:1:1:0:0:4:4:1:0:,recombination,6003.734267574978,0:3:0:1:0:4:4:1:0,0:4:0:3:3:0:1:0:0,MUTATE
2:4:0:4:4:0:1:0:2:,recombination,5205.825886027229,1:4:0:3:3:1:1:0:1,1:4:1:4:4:2:2:0:1
0:3:1:1:0:4:4:2:0:,clone,5135.35904666453,0:3:1:1:0:4:4:2:0
0:1:1:0:0:4:4:2:0:,clone,5778.662709675171,0:1:1:0:0:4:4:2:0
0:4:1:1:1:2:3:1:0:,recombination,4402.8914690078755,1:4:0:2:1:2:3:1:0,1:4:1:2:2:3:2:1:0,MUTATE
0:4:1:2:2:3:2:1:0:,clone,4836.966774481212,0:4:1:2:2:3:2:1:0
0:4:1:2:2:3:2:1:0:,clone,4836.966774481211,0:4:1:2:2:3:2:1:0
1:4:1:2:1:3:3:1:1:,recombination,4991.345736740003,0:4:1:1:1:4:3:1:0,1:4:0:4:4:0:1:0:2,MUTATE
0:3:1:1:1:2:3:1:0:,clone,4352.69566641068,0:3:1:1:1:2:3:1:0
0:4:1:2:2:3:2:1:0:,recombination,4836.069785908496,2:4:0:4:4:1:1:0:2,1:4:0:3:3:1:1:0:1
1:4:1:4:4:0:0:0:2:,clone,4428.255082511291,0:2:1:0:0:4:4:1:0
1:4:0:3:3:0:1:0:2:,recombination,4689.7483511520395,0:4:1:1:1:3:4:1:0,0:3:1:0:0:4:4:1:0
0:2:1:1:0:3:4:2:0:,clone,5360.437755458851,0:2:1:1:0:3:4:1:0
0:2:1:1:1:4:4:1:0:,recombination,4967.3942686758965,0:4:1:1:1:4:4:1:0,1:4:0:3:3:0:0:0:1
0:3:0:2:2:3:3:1:0:,clone,4794.23735520135,0:3:0:2:2:3:3:1:0
0:4:1:2:2:3:3:1:0:,recombination,4812.773413098853,1:4:1:2:2:2:2:0:1,1:4:0:3:3:3:2:1:1
0:3:0:2:2:3:2:1:0:,clone,5160.480349526593,0:3:0:2:2:3:2:1:0
0:3:0:2:2:3:3:1:0:,clone,4794.237355201349,0:3:0:2:2:3:3:1:0
0:4:1:2:2:3:2:1:0:,recombination,4645.091165018341,0:3:0:2:2:3:3:1:0,0:3:0:2:1:2:3:1:0
0:3:0:2:1:3:3:1:0:,clone,4814.955612640391,0:3:0:2:1:3:3:1:0
1:4:0:4:4:1:1:0:1:,clone,4848.809223196762,1:4:0:4:4:1:1:0:1
0:1:1:0:0:4:4:2:0:,recombination,5691.997855410652,0:1:1:0:0:4:4:2:0,1:4:1:3:3:2:2:0:1
0:1:1:0:0:4:4:1:0:,recombination,5862.245707561162,0:4:1:3:3:1:1:0:0,1:4:1:4:4:0:0:0:1
0:1:1:0:0:4:4:1:0:,recombination,5683.923366835401,0:1:1:0:0:4:4:1:0,0:4:1:2:2:1:2:0:0,MUTATE
1:4:0:4:4:0:1:0:1:,clone,4937.250593951364,1:4:0:4:4:0:1:0:1
1:4:1:3:4:1:1:0:2:,clone,4728.6098391430705,1:4:1:3:4:1:1:0:2
1:4:1:4:4:1:1:0:2:,clone,4860.1477843546245,1:4:1:3:4:1:1:0:2
1:4:0:3:4:1:1:0:2:,clone,4918.509990958552,1:4:0:3:4:1:1:0:2
1:4:1:3:3:1:1:0:2:,recombination,5206.6090998306245,1:4:1:1:1:3:3:1:0,1:4:1:1:1:4:3:1:0
2:4:0:4:4:0:1:0:2:,clone,4907.999353590179,2:4:0:4:4:0:0:0:2
2:4:0:3:4:1:1:0:2:,recombination,5053.109099151911,0:3:1:0:0:3:4:1:0,1:4:0:3:4:1:1:0:2
2:4:0:3:4:1:1:0:2:,clone,4974.000143400279,2:4:0:3:4:1:1:0:2
2:4:0:3:3:1:1:0:2:,clone,4803.396356082024,2:4:0:3:4:1:1:0:2
1:4:0:3:3:1:1:0:2:,clone,4763.220562562546,1:4:0:3:3:1:1:0:2
1:4:0:3:3:1:1:0:2:,clone,4754.592920597996,1:4:0:3:3:1:1:0:2
1:4:0:2:2:3:3:1:0:,recombination,4871.861711793166,0:4:1:3:2:3:2:1:0,1:4:0:4:4:0:1:0:2,MUTATE
1:4:1:2:1:3:3:1:1:,clone,4689.30380288673,1:4:1:2:2:2:2:1:1
1:4:0:2:1:3:3:1:1:,clone,4792.196608466888,1:4:0:2:1:3:3:1:1
1:4:1:1:1:3:3:1:1:,clone,5067.567191518052,1:4:1:1:1:3:3:1:1
0:3:0:1:0:4:4:2:0:,recombination,5496.546843492779,1:4:0:3:3:1:1:0:2,0:2:0:1:0:4:4:2:0,MUTATE
0:2:2:0:0:4:4:1:0:,recombination,6164.5729145891355,0:4:1:0:0:4:4:1:0,1:4:1:2:2:3:3:1:0,MUTATE
0:3:2:0:0:4:4:1:0:,clone,6095.297281230625,0:2:1:0:0:4:4:1:0
0:2:2:0:0:4:4:1:0:,clone,6147.224037354495,0:2:2:0:0:4:4:1:0
0:3:2:0:0:4:4:1:0:,clone,5961.560475678565,0:3:2:0:0:4:4:1:0
1:4:0:4:4:0:0:0:2:,recombination,4056.495874561428,1:4:0:2:2:2:3:1:1,1:4:0:3:4:0:1:0:1,MUTATE
1:4:0:2:2:2:2:1:0:,recombination,4741.853772727507,1:4:1:1:1:3:3:1:1,1:4:0:4:4:0:0:0:1,MUTATE
0:4:0:2:2:2:2:1:0:,clone,4625.660671225445,0:4:0:2:2:2:2:1:0
0:4:0:2:2:2:3:1:0:,clone,4768.438088057016,0:4:0:2:2:2:3:1:0
0:4:0:2:2:3:2:1:0:,clone,4800.362188291232,0:4:0:2:2:3:2:1:0
1:4:1:3:3:1:2:1:1:,clone,4878.992840339069,1:4:1:3:3:1:2:1:1
1:4:0:2:2:1:1:0:1:,recombination,4435.0076902579185,0:4:0:2:2:2:2:1:0,1:4:1:2:1:2:3:1:1,MUTATE
0:3:0:2:1:3:3:1:0:,clone,4795.962496398689,0:4:0:2:1:3:3:1:0
1:4:0:2:2:3:2:1:1:,recombination,4799.264657724013,1:4:0:4:4:0:0:0:2,1:4:0:2:1:2:3:1:1
0:4:0:2:2:3:3:1:0:,clone,5013.756589521124,0:3:0:2:1:3:3:1:0
0:2:1:1:0:4:4:2:0:,clone,4977.096661533003,0:2:1:1:0:4:4:2:0
2:4:1:4:4:0:1:0:2:,clone,5566.312464853089,2:4:0:4:4:0:1:0:2
2:4:1:4:4:0:1:0:2:,clone,5512.4089858899115,2:4:1:4:4:0:1:0:2
2:4:1:4:4:0:1:0:2:,clone,5455.363826911555,2:4:1:4:4:0:1:0:2
0:3:0:1:0:3:4:1:0:,recombination,4933.053153415612,1:4:1:3:4:1:1:0:2,2:4:1:4:4:0:1:0:2
2:4:0:4:4:0:0:0:2:,recombination,4244.572295433342,1:4:0:3:3:0:1:0:1,1:4:1:3:3:2:2:0:1,MUTATE
1:4:0:3:4:1:1:0:2:,clone,4843.11100335159,2:4:0:4:4:1:1:0:2
1:4:0:3:4:0:0:0:2:,clone,4478.799815413675,1:4:0:3:3:1:1:0:2
1:4:0:2:1:3:3:1:0:,recombination,5016.79445965267,0:3:0:1:1:4:3:1:0,1:4:0:3:3:0:1:0:1
0:3:1:1:0:4:4:2:0:,recombination,5117.715291813868,1:4:1:2:1:3:3:1:1,0:4:0:2:2:3:3:1:0,MUTATE
1:4:1:2:2:1:2:1:1:,clone,4708.297834754878,1:4:0:3:3:1:1:0:1
0:4:1:1:1:3:4:1:0:,clone,4941.58990650249,0:4:1:1:1:3:4:1:0
0:3:1:0:0:4:4:2:0:,recombination,5015.590458824763,1:4:0:3:4:1:0:0:2,1:4:1:2:2:3:2:1:1,MUTATE
0:3:1:0:0:4:4:1:0:,recombination,4664.0412019246005,0:4:1:1:0:4:4:1:0,2:4:0:3:4:1:1:0:2,MUTATE
0:4:1:2:2:2:3:0:0:,recombination,4896.5271755380945,0:4:0:2:2:3:2:1:0,0:3:1:2:2:3:3:0:0
1:4:0:2:2:2:2:1:1:,clone,4475.778904774995,1:4:0:2:2:2:2:1:1
0:4:1:2:2:2:3:0:0:,clone,4755.323903473859,0:4:1:2:2:2:3:1:0
0:4:1:2:1:2:3:1:0:,recombination,4599.847754713683,0:3:1:2:2:3:3:1:0,0:3:0:2:1:3:3:1:0
0:4:0:2:1:2:3:1:0:,recombination,4700.653995316882,0:4:1:1:1:3:3:1:0,1:4:1:2:2:2:2:0:1
0:4:0:2:1:3:3:1:0:,clone,4906.239646823332,0:4:0:2:1:3:3:1:0
1:4:0:4:4:0:0:0:1:,clone,4063.4632199793455,1:4:0:4:4:0:0:0:1
1:4:0:4:4:0:0:0:1:,clone,3979.5554985507792,1:4:0:4:4:0:0:0:1
0:4:1:2:2:3:2:1:0:,recombination,4561.064162382703,1:4:0:2:2:1:2:1:1,1:4:0:2:1:3:3:1:0
0:4:1:2:1:3:3:1:0:,clone,4561.064162382703,0:4:1:2:1:3:3:1:0
1:4:1:3:3:0:0:0:1:,clone,3491.4580396113947,1:4:1:3:3:0:0:0:1
1:4:1:3:2:1:2:0:1:,recombination,4723.490792535545,1:4:0:3:4:1:1:0:2,2:4:0:4:4:1:0:0:2,MUTATE
1:4:1:2:2:2:3:0:1:,clone,4850.185972294852,1:4:1:2:2:2:3:0:1
0:2:1:0:0:4:4:2:0:,clone,4529.313859640763,0:2:1:0:0:4:4:2:0
0:1:1:0:0:4:4:2:0:,clone,5389.441396215963,0:1:1:0:0:4:4:2:0
0:1:1:0:0:4:4:1:0:,recombination,5624.352010187693,0:4:0:3:2:1:2:1:0,1:4:0:4:4:0:0:0:2,MUTATE
0:1:1:0:0:4:4:1:0:,clone,5482.3905387171,0:1:1:0:0:4:4:1:0
0:1:0:0:0:4:4:1:0:,clone,5650.382211343785,0:1:0:0:0:4:4:1:0
1:4:0:4:4:0:0:0:2:,clone,3980.9997349303367,0:2:1:0:0:4:4:1:0
1:4:0:3:4:0:0:0:2:,clone,4073.270515969605,1:4:0:4:4:0:0:0:2
1:4:0:3:2:2:2:0:1:,recombination,4645.104624832694,0:2:1:0:0:4:4:1:0,1:4:0:4:4:0:0:0:2
0:4:1:1:1:3:3:0:0:,clone,4841.2105423440735,0:4:1:1:1:3:3:0:0
1:4:1:2:2:3:3:0:1:,clone,5331.4520851976085,1:4:1:2:2:3:3:0:1
0:4:1:2:2:1:3:1:0:,recombination,5479.263858120352,0:2:1:1:0:3:4:1:0,1:4:1:3:3:1:1:0:1,MUTATE
0:3:1:0:0:3:4:1:0:,recombination,4710.671658980172,0:2:1:0:0:4:4:2:0,0:4:1:2:1:3:3:1:0,MUTATE
1:4:0:2:2:1:2:1:0:,recombination,4918.671922079894,1:4:0:2:2:2:3:1:0,0:2:1:1:1:4:4:1:0
0:3:0:1:0:4:4:2:0:,recombination,5400.357270772776,1:4:1:2:2:3:2:1:0,1:4:1:1:1:3:3:1:0
0:3:1:1:0:3:4:1:0:,recombination,4518.224043548408,0:3:1:0:0:3:4:1:0,1:4:0:3:3:1:2:1:1
0:3:1:0:0:4:4:2:0:,clone,5013.193188303861,0:3:1:0:0:4:4:2:0
1:4:1:2:2:3:3:0:1:,clone,5325.7412183792685,1:4:1:2:2:3:3:0:1
1:4:1:2:1:3:3:0:1:,clone,5418.665883006617,0:4:1:1:1:3:3:0:0
0:1:0:0:0:4:4:2:0:,clone,5669.502309334878,0:2:1:0:0:4:4:2:0
1:4:1:3:3:2:2:1:1:,recombination,5058.140962123421,1:4:1:2:2:3:2:1:0,1:4:0:3:3:1:1:1:1
0:3:0:1:0:4:4:2:0:,clone,5361.887728233852,0:3:0:1:0:4:4:2:0
1:4:0:3:3:0:0:0:2:,clone,4304.448089152703,1:4:0:3:3:0:0:0:1
1:4:0:3:3:0:1:0:1:,clone,4090.748690419416,1:4:0:3:3:0:0:0:1
1:4:0:3:4:0:0:0:2:,clone,4051.755553396091,1:4:0:3:4:0:0:0:2
1:4:0:2:2:2:3:1:1:,recombination,4743.3858523893105,0:4:1:2:2:3:3:1:0,0:4:1:0:0:4:4:1:0
1:4:0:3:3:1:1:0:2:,clone,4627.072480415549,1:4:0:3:3:1:1:0:1
1:4:1:2:2:2:3:1:1:,recombination,4819.8698741574035,1:4:0:4:4:0:0:0:1,1:4:0:4:4:1:0:0:1,MUTATE
0:4:1:1:1:3:4:1:0:,recombination,4926.39455067718,1:4:0:3:4:1:1:0:1,1:4:1:3:3:1:1:0:1
0:4:1:3:2:2:2:1:0:,recombination,5043.867182292358,1:4:1:3:3:2:2:1:1,0:4:1:3:3:2:2:0:0
0:4:0:2:2:3:2:0:0:,recombination,5827.367261939277,0:1:0:0:0:4:4:1:0,1:4:0:3:3:1:1:1:1
0:1:0:0:0:4:4:2:0:,clone,5632.195066229174,0:2:1:0:0:4:4:2:0
0:3:1:1:1:2:4:1:0:,clone,5573.546787639565,0:4:1:1:1:2:3:1:0
0:1:0:0:0:4:4:2:0:,clone,5490.233594758578,0:1:0:0:0:4:4:2:0
0:1:1:0:0:4:4:1:0:,clone,5467.13818478539,0:1:1:0:0:4:4:2:0
1:4:0:4:4:1:0:0:2:,recombination,4585.782813012894,0:4:1:2:2:1:1:0:0,0:3:1:2:2:3:3:0:0
1:4:1:2:2:2:3:1:1:,recombination,4764.192140029473,0:3:1:1:1:2:3:1:0,0:2:1:0:0:4:4:1:0
0:3:0:1:1:4:3:1:0:,clone,4980.983730256962,0:3:0:1:1:4:3:1:0
1:4:0:2:2:3:2:1:1:,clone,4770.329981515368,1:4:0:2:2:3:2:1:1
1:4:0:2:2:3:2:1:0:,recombination,4926.22317758661,1:4:1:1:1:3:3:1:0,0:2:1:0:0:4:4:2:0
1:4:0:2:2:3:2:1:0:,clone,4634.240895130492,1:4:0:2:2:3:2:1:0
0:4:0:2:2:3:2:1:0:,clone,4634.698444968582,0:4:0:2:2:3:2:1:0
0:4:1:2:2:3:2:1:0:,recombination,4543.360355353453,0:1:1:0:0:4:4:2:0,1:4:0:4:4:1:0:0:2,MUTATE
0:4:1:2:2:3:2:1:0:,clone,4514.109754527788,0:4:1:2:2:3:2:1:0
0:4:1:2:2:3:2:1:0:,clone,4481.142147994069,0:4:1:2:2:3:2:1:0
1:4:0:3:3:1:2:0:1:,clone,4699.624975905299,1:4:0:3:3:1:2:0:1
0:4:0:2:1:3:3:1:0:,clone,4836.883568495849,0:4:0:2:1:3:3:1:0
1:4:1:1:1:3:3:1:1:,clone,5053.2945785216125,1:4:1:1:1:3:3:1:1
1:4:1:1:1:3:4:1:0:,clone,5255.431228235984,1:4:1:1:1:3:4:1:0
0:4:1:2:2:2:3:0:0:,clone,4720.471108464626,0:4:1:2:2:2:3:0:0
0:4:1:2:2:1:2:1:0:,clone,4862.029597004704,0:4:1:2:2:1:2:1:0
0:4:1:2:2:1:2:1:0:,clone,4734.4420514562335,0:4:1:2:2:1:2:1:0
0:3:1:2:2:3:3:1:0:,clone,4823.45240940398,0:3:1:2:1:3:3:1:0
0:2:1:0:0:3:4:1:0:,clone,4796.742125966759,0:2:1:0:0:3:4:1:0
0:1:1:0:0:4:4:1:0:,recombination,5410.677024982943,0:1:0:0:0:4:4:1:0,0:3:0:1:1:4:3:1:0
0:3:1:1:0:4:4:2:0:,recombination,5090.322785883003,0:3:1:1:1:3:4:0:0,0:4:1:1:1:3:3:0:0,MUTATE
1:4:0:3:4:1:1:0:1:,clone,4626.306667682869,1:4:0:3:4:1:1:0:2
1:4:0:2:2:3:2:0:1:,recombination,6105.896707307174,1:4:0:3:4:1:1:0:1,1:4:0:2:2:3:2:1:1
0:2:2:0:0:4:4:1:0:,clone,6041.427196015791,0:2:1:0:0:4:4:2:0
1:4:0:2:1:3:3:1:0:,recombination,4983.894478621879,1:4:0:3:3:1:2:0:1,0:3:1:1:1:2:4:1:0,MUTATE
0:4:0:2:2:3:3:1:0:,recombination,4779.6723827044525,0:4:0:2:2:3:3:1:0,2:4:0:3:3:1:1:0:2,MUTATE
1:4:0:3:3:2:1:1:1:,clone,5108.244415001026,1:4:0:3:3:2:1:1:1
1:4:1:2:2:1:3:1:1:,recombination,5380.346941851783,0:3:1:1:0:3:4:1:0,0:3:0:2:1:3:3:1:0
0:4:1:1:1:2:4:1:0:,clone,5937.124312488463,0:4:1:1:1:2:3:1:0
0:3:0:1:1:4:3:2:0:,recombination,5182.03193497694,0:3:1:1:1:3:3:1:0,0:4:1:3:2:2:2:0:0,MUTATE
0:3:1:1:1:4:3:2:0:,clone,5482.137347872106,0:3:1:1:1:4:3:2:0
0:4:0:2:2:2:3:0:0:,recombination,5231.820573141972,1:4:0:3:3:2:2:0:1,1:4:0:3:3:1:1:1:2
1:4:0:2:2:1:1:0:1:,clone,4282.844603688327,1:4:0:3:3:1:1:0:1
0:4:0:2:2:2:2:0:0:,recombination,4404.988995640955,1:4:1:3:3:2:1:1:1,2:4:0:4:4:0:1:0:2,MUTATE
0:4:0:1:1:3:3:1:0:,recombination,4747.127439323842,0:3:1:1:1:3:4:1:0,1:4:1:2:2:2:2:1:1
1:4:0:3:3:2:1:0:1:,recombination,4558.6848491593,1:4:1:2:2:3:3:0:1,1:4:1:1:1:3:3:1:0
1:4:1:2:2:3:2:1:1:,recombination,4811.076862284633,1:4:1:1:1:3:3:1:0,0:3:1:0:0:4:4:1:0
1:4:0:2:1:3:3:1:1:,recombination,4706.720139153579,1:4:0:3:3:2:2:0:1,0:3:1:1:0:3:4:1:0,MUTATE
0:3:0:2:2:2:3:1:0:,clone,5561.4304543798235,0:3:1:2:2:2:3:1:0
0:4:0:2:2:2:2:1:0:,recombination,4507.236564132824,0:2:1:1:1:4:4:1:0,1:4:0:2:1:2:3:1:1,MUTATE
1:4:1:3:2:1:2:0:1:,clone,4605.10401075686,1:4:1:2:2:1:2:0:1
1:4:0:4:4:0:0:0:2:,clone,3978.2009209452162,0:2:1:0:0:4:4:1:0
0:2:0:1:0:4:4:1:0:,clone,5972.880873589872,0:2:0:1:0:4:4:1:0
1:4:0:3:3:1:1:1:1:,clone,5052.359343870939,1:4:0:3:3:1:1:1:1
1:4:1:3:3:2:2:1:1:,clone,5052.359343870939,1:4:1:3:3:2:2:1:1
0:3:1:0:0:4:4:2:0:,recombination,4944.834952299602,0:4:1:2:2:3:3:1:0,1:4:0:2:2:3:2:1:0,MUTATE
0:3:1:1:1:3:4:1:0:,clone,4713.04195184806,0:3:1:1:0:4:4:1:0
0:3:1:1:0:4:4:2:0:,recombination,5089.470197073728,0:4:1:1:0:3:4:1:0,0:3:1:1:0:3:4:1:0
0:3:1:1:0:4:4:2:0:,clone,4974.396749009516,0:3:1:1:0:4:4:2:0
0:2:1:0:0:4:4:1:0:,clone,4228.542540005489,0:2:1:0:0:4:4:1:0
1:4:1:4:4:0:0:0:2:,clone,4335.406645626811,0:2:1:0:0:4:4:1:0
1:4:0:2:2:2:2:1:0:,recombination,4670.614867720414,1:4:1:2:2:2:3:1:0,0:4:1:1:1:3:4:1:0,MUTATE
0:2:1:1:0:4:4:2:0:,recombination,4880.1929354291515,0:4:1:2:2:3:2:1:0,1:4:0:2:2:1:1:0:1,MUTATE
0:3:0:2:2:2:2:1:0:,recombination,4572.823061526848,1:4:1:3:3:1:1:0:1,1:4:0:2:2:2:2:1:0,MUTATE
0:3:1:2:2:3:2:1:0:,recombination,5144.352507985271,0:4:1:2:2:2:3:1:0,0:4:1:2:1:3:3:1:0
0:4:0:2:2:1:2:0:0:,recombination,4967.279203224977,1:4:0:2:2:3:3:1:0,1:4:0:3:3:2:1:0:1,MUTATE
0:1:0:0:0:4:4:1:0:,clone,5520.259775877138,0:1:0:0:0:4:4:1:0
0:3:0:2:1:3:3:1:0:,clone,4604.433359356698,0:3:0:2:1:3:3:1:0
0:4:0:2:1:3:3:1:0:,clone,4631.904589439059,0:4:0:2:1:3:3:1:0
2:4:0:4:4:1:0:0:2:,clone,4970.404727761039,2:4:0:4:4:1:0:0:2
1:4:0:2:2:3:2:0:1:,recombination,5439.228297224414,1:4:1:2:1:3:3:1:1,0:4:1:1:1:4:4:1:0,MUTATE
0:3:0:1:1:4:4:1:0:,recombination,4895.563009350792,1:4:1:3:4:1:1:0:2,1:4:0:3:2:1:2:1:1
0:3:1:1:1:4:4:1:0:,clone,4775.783140858034,0:3:1:1:0:4:4:1:0
0:1:1:0:0:4:4:2:0:,clone,5321.4909893199865,0:1:1:0:0:4:4:2:0
0:4:0:1:1:3:3:2:0:,recombination,5611.136851610508,1:4:0:3:3:2:1:1:2,1:4:0:2:2:1:2:1:1,MUTATE
0:2:0:0:0:4:4:1:0:,recombination,5306.2477507154745,0:1:1:0:0:4:4:2:0,0:4:1:2:1:2:3:1:0
1:4:0:3:2:2:2:1:1:,recombination,5011.324340596297,0:4:1:1:0:3:4:1:0,0:4:1:1:1:4:4:1:0,MUTATE
