1:4:1:3:2:2:2:1:1:,initialisation,5674.381749776313,
2:4:0:4:4:1:1:0:2:,initialisation,5640.170653372333,
1:4:1:2:2:2:2:1:1:,initialisation,5650.187805217997,
1:4:0:3:3:2:2:1:1:,initialisation,6388.401260181967,
1:4:1:3:3:2:1:1:1:,initialisation,5320.668463682471,
2:4:0:4:4:1:0:0:2:,initialisation,5480.666676613564,
1:4:1:3:3:2:2:1:1:,initialisation,5623.0683368499795,
1:4:1:2:2:2:3:1:1:,initialisation,6040.746194390747,
1:4:0:3:3:2:2:1:1:,initialisation,5988.715130657721,
1:4:1:3:2:2:2:0:1:,initialisation,6090.10845569029,
1:4:0:3:2:2:2:1:1:,initialisation,5844.826673696757,
1:4:1:2:2:3:2:1:1:,initialisation,6158.622067238761,
1:4:1:2:2:3:2:1:1:,initialisation,5665.842728127587,
1:4:1:3:3:1:2:0:1:,initialisation,5497.386893867251,
2:4:0:3:3:2:2:1:2:,initialisation,5844.826673696755,
0:4:1:2:2:2:2:0:0:,initialisation,5805.443951650937,
1:4:1:2:2:1:2:1:1:,initialisation,5561.431028995078,
1:4:0:2:2:3:2:1:1:,initialisation,5844.826673696757,
1:4:1:4:4:1:1:0:1:,initialisation,5307.751400076324,
1:4:1:2:2:3:3:1:0:,initialisation,5675.526489039516,
1:4:0:3:3:1:0:0:1:,initialisation,4523.955496649312,
1:4:1:2:2:2:3:0:1:,initialisation,6875.7782807787535,
1:4:1:2:2:3:3:1:1:,initialisation,6174.717776425045,
1:4:1:3:3:2:2:0:1:,initialisation,6249.448120841223,
1:4:0:3:3:2:2:1:1:,initialisation,5844.826673696757,
1:4:0:3:3:2:2:1:1:,initialisation,5844.826673696756,
1:4:0:3:3:2:2:1:1:,initialisation,5829.43527912432,
1:4:1:3:4:1:1:0:1:,initialisation,5381.684923326377,
0:4:1:3:3:2:2:0:0:,initialisation,5920.821177246549,
1:4:0:3:3:1:1:0:1:,initialisation,5374.186831983807,
0:4:1:2:1:3:3:0:0:,initialisation,6409.728171360714,
1:4:1:2:2:2:3:1:1:,initialisation,5573.252872012012,
1:4:1:2:2:3:3:1:1:,initialisation,5939.438131465877,
1:4:1:2:2:2:2:1:1:,initialisation,5550.84546060125,
1:4:1:3:3:1:1:0:1:,initialisation,5865.278018162075,
0:4:1:1:1:3:3:1:0:,initialisation,5957.463566718625,
1:4:0:2:2:2:2:1:1:,initialisation,5107.6017164448185,
1:4:0:3:2:2:2:1:1:,initialisation,5841.999240923462,
1:4:0:3:3:2:2:0:1:,initialisation,5806.080076471903,
1:4:0:2:2:3:3:1:1:,initialisation,5762.479605686514,
2:4:0:4:4:1:1:0:2:,initialisation,5622.498625256775,
2:4:0:3:3:2:1:0:2:,initialisation,5554.062596401454,
1:4:1:2:2:2:2:1:1:,initialisation,5419.790876789979,
1:4:1:2:2:2:3:1:0:,initialisation,6049.47216745516,
1:4:1:3:3:2:2:0:1:,initialisation,6118.7134302347185,
2:4:0:3:3:2:2:1:2:,initialisation,5822.214703644827,
0:4:1:3:3:1:2:0:0:,initialisation,5387.144691627672,
1:4:0:3:3:1:1:0:2:,initialisation,5684.63242696253,
1:4:1:3:3:1:1:0:1:,initialisation,5757.325168982182,
1:4:0:3:3:2:1:0:1:,initialisation,5510.776731386496,
1:4:1:2:1:3:3:1:0:,initialisation,6020.060099105746,
1:4:1:3:3:1:1:0:1:,initialisation,5434.196000472039,
1:4:1:2:2:2:2:0:1:,initialisation,5988.805628874476,
1:4:1:3:3:1:2:1:1:,initialisation,5839.411865833846,
1:4:1:2:1:3:3:1:1:,initialisation,6882.016448149543,
2:4:0:3:3:1:2:1:2:,initialisation,5844.826673696756,
0:4:1:1:1:3:4:1:0:,initialisation,6085.5670454946985,
1:4:1:1:1:2:3:1:0:,initialisation,6024.352918072129,
1:4:0:4:4:1:1:0:1:,initialisation,5363.169275635382,
1:4:0:2:2:3:2:1:1:,initialisation,5844.826673696756,
1:4:0:4:4:2:1:1:1:,initialisation,5957.275882999219,
1:4:1:3:3:3:2:1:1:,initialisation,6326.439122332565,
1:4:1:2:2:3:3:1:1:,initialisation,5871.755404417188,
1:4:1:3:3:2:2:0:1:,initialisation,5931.54489866403,
0:4:1:2:2:1:2:0:0:,initialisation,5002.878422521559,
1:4:0:3:3:2:2:1:1:,initialisation,5536.3842680042,
1:4:0:3:3:2:2:1:2:,initialisation,5844.826673696757,
1:4:0:3:2:2:2:0:1:,initialisation,5893.5698855838755,
2:4:0:3:3:2:1:1:2:,initialisation,5844.826673696755,
1:4:1:3:3:2:2:1:1:,initialisation,5594.177603703137,
1:4:1:2:1:2:3:1:1:,initialisation,6115.879803647719,
0:4:1:1:1:3:3:1:0:,initialisation,5719.311852260099,
1:4:1:3:3:2:2:0:1:,initialisation,5871.281026422658,
1:4:0:3:3:1:2:0:1:,initialisation,5636.048252369244,
1:4:1:2:1:2:3:1:1:,initialisation,5807.710960187473,
1:4:1:2:2:3:3:1:1:,initialisation,5683.481661754269,
1:4:0:3:3:1:1:0:1:,initialisation,5374.151819362111,
0:4:1:2:2:3:3:0:0:,initialisation,6570.87706487068,
1:4:1:2:2:2:3:0:1:,initialisation,5502.734971916283,
1:4:0:3:3:3:2:1:1:,initialisation,5844.826673696757,
1:4:1:3:3:1:1:0:1:,initialisation,5397.8129936724035,
0:4:1:2:1:2:3:0:0:,initialisation,6148.660504702546,
1:4:0:4:4:2:2:0:1:,initialisation,6268.212164994967,
1:4:1:4:4:0:1:0:1:,initialisation,5093.530063753674,
1:4:1:2:2:2:2:0:1:,initialisation,5866.8114431960075,
1:4:1:3:3:2:2:0:1:,initialisation,5831.476729617088,
1:4:1:3:3:2:2:1:1:,initialisation,5538.057179791242,
1:4:1:3:3:1:1:0:1:,initialisation,5165.459919561903,
0:4:1:2:2:2:3:0:0:,initialisation,5968.312049564194,
1:4:1:3:3:1:2:0:1:,initialisation,5471.68959462109,
1:4:1:3:3:1:2:0:1:,initialisation,5321.880618261378,
1:4:0:3:3:2:2:1:2:,initialisation,5844.826673696756,
1:4:1:3:3:2:2:1:1:,initialisation,5349.553744249625,
1:4:1:3:3:2:2:0:1:,initialisation,5644.43541734157,
1:4:1:3:3:1:1:0:1:,initialisation,5014.117571417379,
0:4:1:1:0:4:4:1:0:,initialisation,6501.0109096365795,
1:4:0:3:3:1:2:1:1:,initialisation,5584.7761506139,
0:4:1:3:2:2:2:0:0:,initialisation,6032.277350922691,
1:4:1:3:3:2:2:0:1:,initialisation,5438.125355830997,
1:4:1:3:3:2:2:0:2:,initialisation,6282.864649086184,
0:4:1:2:1:3:3:1:0:,initialisation,6262.48834747683,
0:4:1:2:2:2:3:1:0:,initialisation,6079.691464752139,
1:4:1:2:2:3:3:1:1:,initialisation,5679.633643769591,
1:4:1:3:2:3:2:1:1:,initialisation,5988.440309330301,
1:4:0:3:2:2:2:1:1:,initialisation,5176.080906100325,
1:4:0:3:3:1:2:0:2:,initialisation,5872.169268803814,
1:4:1:2:2:2:3:1:1:,initialisation,5456.936259965202,
1:4:1:3:3:1:2:0:2:,initialisation,5800.008376882615,
1:4:1:3:3:1:2:1:1:,initialisation,5374.512382420998,
1:4:1:2:2:2:2:1:1:,initialisation,5157.079986613841,
1:4:0:3:3:2:2:0:1:,initialisation,5727.839308841362,
1:4:0:3:3:2:2:1:2:,initialisation,5844.826673696755,
1:4:1:2:2:2:2:0:1:,initialisation,5864.294747679913,
1:4:0:3:3:1:2:1:1:,initialisation,5410.0269185545385,
1:4:1:3:2:2:2:0:1:,initialisation,5685.451395268845,
1:4:1:2:2:2:3:1:0:,initialisation,5694.15941641382,
1:4:1:3:3:2:2:0:1:,initialisation,5389.915634056772,
1:4:0:3:2:2:2:1:2:,initialisation,5844.826673696756,
1:4:1:2:2:1:2:0:1:,initialisation,5210.094621565968,
1:4:1:3:3:1:2:0:1:,initialisation,4994.86014352553,
1:4:1:2:2:1:2:1:1:,initialisation,5535.679535703297,
1:4:1:3:3:2:1:0:1:,initialisation,5728.257216398014,
1:4:0:2:2:3:2:1:1:,initialisation,5799.136852893821,
1:4:1:2:2:2:2:0:1:,initialisation,5819.0593102316925,
1:4:0:3:3:1:2:0:1:,initialisation,5231.667121580002,
1:4:1:2:2:2:2:1:1:,initialisation,5113.638301081993,
0:3:1:1:1:3:3:0:0:,initialisation,5679.1479405777,
1:4:1:3:3:1:1:0:1:,initialisation,4643.190166658492,
1:4:0:3:2:3:2:1:1:,initialisation,6130.139562801663,
1:4:1:1:1:3:3:1:0:,initialisation,6147.635131431619,
0:4:1:1:1:3:3:1:0:,initialisation,5667.59871430295,
1:4:0:4:4:1:1:0:2:,initialisation,5465.565919106402,
1:4:0:2:1:3:3:1:1:,initialisation,5791.373781039889,
1:4:0:1:1:3:3:1:0:,initialisation,6136.072254450324,
1:4:1:3:2:2:2:1:1:,initialisation,5472.8742742092845,
0:4:1:3:3:2:2:0:0:,initialisation,5535.93327576644,
0:4:1:2:1:3:3:1:0:,initialisation,6110.730631387216,
1:4:1:3:3:1:2:1:1:,initialisation,5269.555347272668,
0:3:1:1:1:3:3:1:0:,initialisation,6161.581886581957,
0:4:1:2:2:2:2:0:0:,initialisation,5726.184065311337,
1:4:0:4:4:0:1:0:2:,initialisation,5463.293994892253,
0:4:1:2:2:3:3:0:0:,initialisation,5987.181658548379,
1:4:0:3:4:1:1:0:2:,initialisation,5249.43931941801,
0:3:1:2:1:3:3:0:0:,initialisation,6818.1659415792565,
1:4:1:2:2:2:3:1:1:,initialisation,5340.486121846241,
1:4:0:2:2:3:2:1:1:,initialisation,5757.2540380509245,
0:3:1:2:1:3:3:1:0:,initialisation,5648.732235317006,
1:4:0:3:3:2:2:0:1:,initialisation,5453.801076393499,
1:4:1:2:1:2:3:1:0:,initialisation,5505.811301076853,
2:4:0:4:4:1:1:1:2:,initialisation,5669.840407672346,
1:4:1:4:4:1:1:0:2:,initialisation,5733.337803028159,
0:4:1:2:1:3:3:1:0:,initialisation,5723.070777801542,
0:4:1:2:1:2:3:0:0:,initialisation,5846.306996303525,
0:4:1:2:2:3:2:1:0:,initialisation,5750.964155246832,
1:4:0:2:2:2:3:1:1:,initialisation,5943.737794873619,
1:4:1:3:2:2:2:0:1:,initialisation,5492.885882749302,
1:4:0:3:3:2:1:1:1:,initialisation,5144.544077080655,
1:4:1:4:4:1:1:0:2:,initialisation,5455.699550779746,
2:4:1:4:4:1:1:0:2:,initialisation,5780.65121606883,
1:4:1:2:1:3:3:1:0:,initialisation,5834.60605099479,
1:4:0:2:2:2:3:1:1:,initialisation,5926.245848713968,
1:4:1:2:2:1:2:1:1:,initialisation,5256.430677451028,
1:4:1:2:1:4:3:1:0:,initialisation,6535.935047401505,
1:4:1:3:3:2:2:1:1:,initialisation,5347.31293036255,
1:4:0:3:3:1:1:0:2:,initialisation,5501.524078218409,
0:3:1:1:0:4:4:1:0:,initialisation,7366.299880019279,
1:4:0:4:4:1:0:0:1:,initialisation,5248.595057969515,
1:4:0:3:3:1:1:0:2:,initialisation,5173.271685579916,
0:4:1:3:2:3:3:0:0:,initialisation,6892.361713025472,
0:4:1:3:2:2:2:1:0:,initialisation,6104.196198145327,
1:4:0:1:1:4:3:2:0:,initialisation,5844.826673696758,
1:4:1:3:2:1:2:0:1:,initialisation,5673.720920491099,
0:4:1:2:1:3:3:0:0:,initialisation,6166.924906416651,
0:4:1:2:2:2:2:0:0:,initialisation,5520.6840627331685,
1:4:1:3:4:1:1:0:1:,initialisation,5313.839930503523,
1:4:1:1:1:3:3:1:1:,initialisation,6001.751200491345,
1:4:0:3:2:1:2:1:1:,initialisation,5844.826673696757,
1:4:1:2:2:3:3:1:1:,initialisation,5467.912559441827,
0:4:1:1:1:3:3:1:0:,initialisation,5647.373296068667,
1:4:0:3:3:1:1:0:1:,initialisation,5207.501900550088,
1:4:0:2:2:2:3:1:1:,initialisation,5844.826673696755,
2:4:0:4:4:0:0:0:2:,initialisation,5329.100954569365,
1:4:1:3:3:2:2:0:1:,initialisation,5277.204282014788,
1:4:0:3:3:1:2:0:2:,initialisation,5732.376974265497,
1:4:1:2:2:2:2:0:1:,initialisation,5491.478722537075,
1:4:1:4:4:0:1:0:1:,initialisation,4942.425831749129,
1:4:1:2:1:2:3:1:1:,initialisation,5590.096721597534,
1:4:1:3:3:2:2:0:2:,initialisation,5799.968709876546,
2:4:0:3:3:1:1:1:2:,initialisation,5844.826673696757,
0:4:1:2:2:2:3:1:0:,initialisation,6065.232208243676,
1:4:1:3:3:3:2:1:1:,initialisation,5949.425866724064,
1:4:1:2:1:2:3:1:1:,initialisation,5451.705786327024,
1:4:1:2:2:2:2:0:1:,initialisation,5017.274265950311,
1:4:0:4:4:2:1:0:2:,initialisation,5936.13881234569,
0:4:1:2:2:2:2:0:0:,initialisation,5388.018892684747,
1:4:1:2:1:3:3:1:1:,initialisation,6106.110269038134,
2:4:0:3:3:1:1:1:2:,initialisation,5844.826673696756,
2:4:0:4:4:2:1:1:2:,initialisation,5844.826673696757,
0:3:1:2:1:3:3:0:0:,initialisation,6415.446667708457,
1:4:1:4:4:0:0:0:2:,initialisation,5591.211623967857,
1:4:1:3:3:1:2:0:2:,initialisation,5719.487877714497,
0:4:1:1:1:4:4:1:0:,initialisation,7056.923586275059,
1:4:1:4:4:0:0:0:1:,initialisation,5276.58525315598,
1:4:1:2:2:1:2:1:1:,initialisation,4976.311412642745,
0:4:1:2:1:3:3:0:0:,initialisation,6099.027413403942,
0:4:1:2:2:2:2:1:0:,initialisation,5783.741499729162,
0:3:1:1:0:3:4:1:0:,initialisation,6302.195405918738,
0:4:1:2:2:2:2:0:0:,initialisation,5311.659299246012,
0:4:1:2:2:3:3:1:0:,initialisation,5864.940949755768,
0:4:1:2:2:2:3:0:0:,initialisation,5452.842878635356,
1:4:1:3:3:1:1:1:1:,initialisation,5681.756774999118,
0:4:1:1:1:3:3:0:0:,initialisation,6729.878447517376,
0:3:1:1:1:3:4:1:0:,initialisation,6397.843652886051,
1:4:0:2:2:1:2:0:1:,initialisation,6214.404917119837,
1:4:0:4:4:2:1:0:1:,initialisation,6099.761963826351,
1:4:0:3:2:2:2:0:1:,initialisation,5845.933734686522,
1:4:1:3:2:1:2:0:1:,initialisation,5263.641037465022,
1:4:1:3:3:1:1:0:2:,initialisation,5415.784839727138,
1:4:0:2:2:2:2:0:1:,initialisation,5399.358493202734,
2:4:0:3:3:1:2:1:2:,initialisation,5697.835640138554,
1:4:0:3:3:1:2:1:1:,initialisation,5177.380689748378,
1:4:1:2:2:2:2:0:1:,initialisation,4972.893781755677,
1:4:1:3:3:2:2:0:1:,initialisation,5228.811009681153,
2:4:0:4:4:1:1:0:2:,initialisation,5257.526886544472,
0:3:1:2:2:2:3:0:0:,initialisation,6168.335635033436,
1:4:0:2:2:3:3:2:1:,initialisation,5844.826673696755,
1:4:1:2:1:3:3:1:1:,initialisation,5745.634199547301,
0:4:1:2:2:2:3:1:0:,initialisation,5620.3700753273915,
1:4:1:3:2:1:2:1:1:,initialisation,5469.329261740851,
0:4:1:2:2:2:3:1:0:,initialisation,5102.52668687425,
0:4:1:3:2:2:2:0:0:,initialisation,5767.7349208938285,
1:4:1:3:4:0:1:0:1:,initialisation,4813.928050909843,
1:4:1:3:3:2:1:0:1:,initialisation,5448.8623077902785,
1:4:0:3:2:2:2:0:1:,initialisation,5603.337272873872,
2:4:0:4:4:0:0:0:2:,initialisation,5075.704643784814,
1:4:0:2:1:3:3:2:1:,initialisation,5844.826673696755,
0:3:2:1:0:4:4:1:0:,initialisation,6540.003950023629,
1:4:1:3:3:1:1:0:2:,initialisation,5396.540543599594,
0:4:1:1:1:3:3:0:0:,initialisation,6255.57351828765,
1:4:1:3:3:2:2:1:1:,initialisation,5256.9631412839435,
0:3:1:1:1:4:3:1:0:,initialisation,5914.82373151038,
1:4:1:4:4:0:1:0:2:,initialisation,5405.256526612997,
1:4:0:3:3:2:2:0:2:,initialisation,5984.613365266497,
1:4:0:2:2:2:3:1:1:,initialisation,5594.95263744971,
0:3:1:2:2:2:3:0:0:,initialisation,5932.74974731082,
0:4:1:2:1:3:3:0:0:,initialisation,5735.918350049383,
1:4:0:2:1:2:3:1:1:,initialisation,5844.826673696755,
0:4:2:2:2:2:3:0:0:,initialisation,5818.110762642788,
1:4:1:2:2:1:3:1:1:,initialisation,6130.117652484815,
0:4:1:2:2:3:3:0:0:,initialisation,5894.711789438764,
1:4:1:4:4:1:1:0:2:,initialisation,5414.811463801649,
0:4:1:1:1:3:3:1:0:,initialisation,5414.322386169979,
1:4:1:1:1:3:3:1:1:,initialisation,5922.390421815911,
1:4:1:2:2:3:3:0:1:,initialisation,6470.237638172806,
0:4:1:2:1:3:3:1:0:,initialisation,5650.914569941286,
1:4:0:3:3:2:2:0:1:,initialisation,5143.52757711758,
1:4:1:1:1:3:3:1:0:,initialisation,5930.386659744698,
1:4:0:3:3:1:2:1:2:,initialisation,5640.93418472502,
1:4:0:2:2:1:2:0:1:,initialisation,5411.0253232801715,
1:4:1:2:2:1:2:0:1:,initialisation,5135.336435545974,
1:4:0:3:2:2:2:1:2:,initialisation,5844.826673696754,
1:4:0:3:3:1:1:0:1:,initialisation,5177.441400556013,
1:4:0:3:3:1:1:0:1:,initialisation,5056.954510277594,
0:4:1:3:2:2:2:0:0:,initialisation,5687.838154440285,
1:4:0:3:3:2:2:0:2:,initialisation,5639.7751100168225,
1:4:0:3:3:2:2:1:2:,initialisation,5794.662854309007,
1:4:0:3:3:1:1:1:1:,initialisation,5640.2652254427985,
1:4:1:3:2:3:2:1:1:,initialisation,5826.201193767137,
2:4:0:3:3:1:1:0:2:,initialisation,5844.826673696756,
0:3:1:1:1:3:4:1:0:,initialisation,6051.244233237612,
0:4:1:2:2:3:3:1:0:,initialisation,5582.573122765178,
1:4:1:2:2:2:3:1:1:,initialisation,5335.3646514203965,
1:4:0:2:1:3:3:2:0:,initialisation,5844.826673696756,
2:4:0:4:4:2:1:1:2:,initialisation,5844.826673696756,
1:4:1:3:3:1:2:1:1:,initialisation,5222.351966509104,
1:4:1:3:2:2:2:1:1:,initialisation,5340.737372470779,
1:4:1:2:1:3:3:1:1:,initialisation,5682.133693348347,
0:4:1:2:1:2:3:1:0:,initialisation,6141.518289268433,
1:4:1:3:3:0:1:0:1:,initialisation,4790.883998819397,
1:4:0:2:2:3:3:1:1:,initialisation,5673.768937854348,
1:4:0:4:4:0:0:0:2:,initialisation,4900.570801578664,
1:4:0:4:4:0:1:0:1:,initialisation,5398.600214154553,
2:4:0:3:3:2:1:1:2:,initialisation,5723.219640582521,
1:4:1:2:2:2:2:1:1:,initialisation,4928.978129256984,
1:4:1:2:2:1:2:0:1:,initialisation,4932.280519340617,
1:4:0:3:3:2:1:0:1:,initialisation,5382.6643714031325,
1:4:1:2:1:3:3:1:0:,initialisation,5534.211945951389,
1:4:0:3:3:1:2:0:2:,initialisation,5257.928221015003,
1:4:1:3:4:1:1:0:1:,initialisation,5167.68737879457,
1:4:1:4:4:1:1:0:1:,initialisation,5213.425045417404,
0:4:1:2:1:4:3:1:0:,initialisation,6566.941933985447,
1:4:1:4:4:0:0:0:2:,initialisation,5329.09009079455,
1:4:0:3:3:2:2:1:2:,initialisation,5658.2998758962385,
2:4:0:3:3:1:1:0:2:,initialisation,5483.317950890512,
0:4:1:1:1:3:4:1:0:,initialisation,6077.732583140178,
1:4:1:4:4:1:1:0:2:,initialisation,5325.392785576657,
1:4:1:3:3:1:2:1:1:,initialisation,5125.081885238629,
1:4:1:3:2:2:2:0:1:,initialisation,5403.77901419391,
1:4:0:3:3:1:1:1:1:,initialisation,5353.287579287806,
1:4:1:4:4:0:0:0:1:,initialisation,5133.214215856697,
0:4:2:2:2:2:3:1:0:,initialisation,5824.890380083484,
1:4:1:3:3:2:2:1:1:,initialisation,5232.551016757421,
0:4:1:1:1:4:4:1:0:,initialisation,6610.031501531371,
0:4:1:2:2:2:3:0:0:,initialisation,5254.6412705492485,
1:4:1:3:3:2:1:0:1:,initialisation,5384.351245999678,
1:4:1:4:3:2:2:0:1:,initialisation,6374.133742958058,
0:3:1:1:0:4:4:1:0:,initialisation,6526.114776929849,
2:4:0:3:3:1:1:0:2:,initialisation,5191.052027082492,
0:4:1:3:2:1:2:0:0:,initialisation,5650.586517979728,
0:4:1:1:1:3:3:1:0:,initialisation,5295.34437583805,
1:4:1:4:4:1:1:0:1:,initialisation,5187.455566885185,
1:4:0:3:3:2:1:0:2:,initialisation,5583.36808700466,
1:4:0:3:3:2:2:1:1:,initialisation,5515.662791265838,
0:4:1:2:1:2:3:1:0:,initialisation,6043.027494025765,
0:3:1:1:1:4:4:1:0:,initialisation,7464.394287796515,
0:4:1:1:1:2:3:0:0:,initialisation,6359.252633922758,
1:4:0:3:3:2:2:1:1:,initialisation,5435.760396076916,
1:4:0:3:3:1:1:1:2:,initialisation,5809.464074394149,
1:4:1:2:2:3:2:1:0:,initialisation,5594.132069258787,
1:4:1:3:2:2:2:1:1:,initialisation,5077.50160065422,
1:4:0:3:3:1:1:1:2:,initialisation,5680.129094461711,
1:4:1:3:2:3:3:1:1:,initialisation,6469.298536344948,
1:4:1:2:2:3:3:1:0:,initialisation,5585.313296851983,
0:4:1:2:1:2:3:1:0:,initialisation,5895.563040362212,
1:4:0:3:2:3:2:1:1:,initialisation,5844.826673696756,
1:4:0:3:3:1:1:0:1:,initialisation,4895.683886283097,
0:4:1:2:1:2:3:0:0:,initialisation,5244.170713761821,
1:4:1:2:2:2:2:1:0:,initialisation,5624.044874182495,
0:4:2:3:2:2:2:0:0:,initialisation,6290.789297321101,
1:4:0:3:3:3:2:1:1:,initialisation,5844.826673696756,
1:4:0:4:4:2:1:0:1:,initialisation,5616.47868495118,
2:4:0:4:4:0:1:0:2:,initialisation,5703.1571345314105,
0:4:1:3:2:2:3:0:0:,initialisation,6659.793187441269,
1:4:1:3:3:0:1:0:1:,initialisation,4598.059952427133,
1:4:0:3:4:0:1:0:1:,initialisation,5033.226766304643,
0:4:1:3:3:1:2:0:0:,initialisation,5020.459188183623,
0:4:1:2:1:3:3:1:0:,initialisation,5597.830693092091,
1:4:0:2:2:3:2:1:1:,initialisation,5450.724394730056,
1:4:0:1:1:3:3:1:1:,initialisation,6322.965872716597,
1:4:1:2:2:3:3:0:1:,initialisation,6041.119702478148,
1:4:1:3:3:3:2:0:1:,initialisation,6176.964764530963,
1:4:1:4:4:2:2:0:1:,initialisation,6197.736596746832,
2:4:0:4:4:0:1:0:2:,initialisation,5258.333508578458,
1:4:1:4:3:2:1:1:1:,initialisation,6017.78283121946,
1:4:1:1:1:2:3:1:0:,initialisation,6004.9243212771025,
0:3:1:2:2:3:3:0:0:,initialisation,6478.629387049664,
0:4:1:2:2:2:2:0:0:,initialisation,5248.649128173556,
1:4:0:2:2:1:2:1:1:,initialisation,6194.556621653162,
1:4:0:3:3:1:2:0:1:,initialisation,5171.334866541732,
0:4:1:3:3:1:1:0:0:,initialisation,5109.421199166461,
1:4:0:4:4:1:1:0:1:,initialisation,5320.7707913879,
1:4:0:4:4:1:0:0:2:,initialisation,5290.3518291011505,
2:4:0:3:3:2:2:0:2:,initialisation,5884.483272364916,
1:4:0:3:3:1:2:0:1:,initialisation,4981.337073467898,
2:4:0:3:3:2:2:1:2:,initialisation,5648.525944570705,
1:4:1:3:3:1:1:1:1:,initialisation,5452.415031307347,
1:4:0:4:4:0:1:0:2:,initialisation,5158.163402812047,
1:4:0:3:3:2:2:1:1:,initialisation,5315.985817515349,
1:4:1:1:1:2:3:1:1:,initialisation,5749.619541766217,
1:4:1:4:4:0:0:0:1:,initialisation,4525.131575610443,
0:4:1:3:2:2:2:0:0:,initialisation,4940.111365744715,
1:4:0:3:3:2:2:1:1:,initialisation,5280.224383455086,
1:4:1:2:1:2:3:1:0:,initialisation,5355.758728530766,
0:4:1:2:1:2:3:1:0:,initialisation,5839.763824843305,
0:4:1:2:1:2:3:1:0:,initialisation,5733.367976157779,
0:4:1:1:1:2:3:1:0:,initialisation,5830.284235434019,
1:4:0:3:3:1:1:0:2:,initialisation,5091.558670727848,
1:4:1:3:2:3:2:1:1:,initialisation,5616.066757137355,
1:4:1:3:3:3:2:1:1:,initialisation,5920.777524629151,
1:4:1:3:2:3:3:0:1:,initialisation,6672.551760235653,
0:4:1:2:1:3:3:1:0:,initialisation,5342.6620984194915,
0:2:1:0:0:4:4:2:0:,initialisation,6379.6256950689385,
0:3:1:1:1:3:3:1:0:,initialisation,5859.742308473895,
1:4:0:4:4:0:1:0:1:,initialisation,5392.10623148826,
2:4:1:4:4:0:0:0:2:,initialisation,4682.804087692098,
1:4:1:2:2:1:3:1:1:,initialisation,5500.04613757045,
1:4:0:2:2:1:2:1:1:,initialisation,5668.543260600347,
0:3:1:1:1:3:3:1:0:,initialisation,5284.924717932819,
1:4:1:3:2:2:2:0:1:,initialisation,5206.208227892993,
1:4:1:4:4:2:1:0:1:,initialisation,5768.464094329873,
2:4:0:3:3:1:1:1:2:,initialisation,5779.131053940096,
0:4:2:2:1:3:3:1:0:,initialisation,6697.180150303902,
2:4:0:4:4:2:1:1:2:,initialisation,5844.826673696755,
1:4:0:3:4:1:1:0:1:,initialisation,5457.210897822985,
1:4:1:2:2:3:2:1:1:,initialisation,5633.342508067199,
1:4:0:3:3:2:1:1:2:,initialisation,5864.786255241156,
1:4:1:2:1:2:3:1:1:,initialisation,5390.845438912556,
1:4:1:3:3:1:1:0:2:,initialisation,5311.061787922853,
0:3:1:2:1:2:3:0:0:,initialisation,6281.75328716385,
1:4:0:4:4:2:1:1:2:,initialisation,5844.826673696757,
1:4:0:2:2:2:2:1:2:,initialisation,5844.826673696756,
1:4:1:2:2:3:2:1:1:,initialisation,5347.923909837787,
1:4:0:3:3:2:2:1:1:,initialisation,5159.599215543534,
2:4:1:4:4:0:1:0:2:,initialisation,5545.439621191005,
0:4:1:2:2:2:2:1:0:,initialisation,5109.139445628231,
0:4:1:2:2:3:3:0:0:,initialisation,5764.883289340638,
0:3:1:2:2:2:2:0:0:,initialisation,5272.7535839824795,
1:4:1:4:4:1:1:0:1:,initialisation,5145.035046398818,
0:4:1:3:3:2:2:0:0:,initialisation,5519.703819278802,
1:4:1:2:2:2:2:0:1:,initialisation,4787.74555800584,
0:3:1:2:1:3:3:0:0:,initialisation,6247.459284784467,
1:4:1:2:1:4:3:1:0:,initialisation,6472.401932709011,
1:4:1:3:2:3:2:0:1:,initialisation,6598.836454106877,
0:4:1:2:2:2:2:0:0:,initialisation,5127.26789958005,
2:4:0:3:4:1:1:0:2:,initialisation,5839.468047706515,
1:4:1:3:3:2:2:0:1:,initialisation,5060.041420334477,
0:4:1:1:1:3:4:1:0:,initialisation,5946.247395406979,
2:4:1:4:4:1:1:0:2:,initialisation,5731.115324680663,
2:4:0:3:2:1:2:1:2:,initialisation,5844.826673696756,
1:4:1:3:3:2:1:1:1:,initialisation,5142.3915425926025,
1:4:1:3:3:1:2:0:2:,initialisation,5714.448373619203,
1:4:0:4:3:2:2:0:1:,initialisation,6182.222248096805,
1:4:1:2:2:2:3:1:0:,initialisation,5606.628069863082,
1:4:0:3:3:1:1:1:1:,initialisation,5271.385003873149,
1:4:1:3:3:2:2:1:2:,initialisation,6016.093413764486,
1:4:1:2:2:2:3:0:1:,initialisation,5185.577768138936,
0:4:1:1:1:3:4:1:0:,initialisation,5776.428031530465,
1:4:1:4:4:1:2:0:1:,initialisation,6274.13333120832,
1:4:0:3:4:2:1:0:1:,initialisation,5772.56512604063,
0:4:1:3:2:2:3:0:0:,initialisation,6500.813566291784,
1:4:1:2:2:1:2:0:1:,initialisation,4862.462591062091,
1:4:1:3:2:1:2:0:1:,initialisation,5196.225664226842,
1:4:1:3:2:2:3:1:1:,initialisation,6675.720467255145,
0:4:1:2:2:2:2:0:0:,initialisation,4892.893228999556,
1:4:1:2:2:3:3:1:0:,initialisation,5535.179150676909,
1:4:0:3:3:2:2:1:1:,initialisation,5154.250772156998,
0:4:1:1:1:4:4:1:0:,initialisation,6414.137335315704,
1:4:1:3:2:2:2:0:1:,initialisation,5130.297134635643,
1:4:1:2:2:2:3:1:0:,initialisation,5518.553499711642,
0:3:1:3:3:2:2:0:0:,initialisation,5869.966133907946,
1:4:1:2:2:1:2:0:1:,initialisation,4794.082192840919,
0:3:1:2:2:2:3:1:0:,initialisation,5771.3816320858,
0:4:1:3:2:2:2:1:0:,initialisation,5796.300174346123,
1:4:0:3:3:2:1:1:2:,initialisation,5844.826673696756,
2:4:0:3:3:1:2:1:2:,initialisation,5658.299875896242,
1:4:0:4:4:1:1:1:1:,initialisation,5633.824267526419,
0:4:2:1:1:3:3:1:0:,initialisation,6167.288116001232,
1:4:1:3:2:2:3:0:1:,initialisation,6571.3038447416,
1:4:0:3:2:1:2:1:1:,initialisation,5547.555021666137,
0:4:1:1:1:2:3:1:0:,recombination,5316.7497138418685,1:4:1:2:2:2:3:1:1,1:4:1:2:2:2:3:1:0,MUTATE
1:4:1:2:1:3:3:1:0:,clone,5315.993671961592,0:4:1:1:1:3:3:1:0
0:4:1:3:3:2:2:1:0:,clone,5765.428731422815,0:4:1:3:2:2:2:1:0
1:4:1:3:3:1:2:0:1:,clone,4758.424741884512,1:4:1:2:2:1:2:0:1
1:4:1:2:2:2:3:1:1:,recombination,5240.708171517719,1:4:0:2:2:2:3:1:1,1:4:1:2:1:2:3:1:1,MUTATE
0:3:1:2:1:3:3:1:0:,recombination,5393.73289410671,0:4:1:3:2:2:2:0:0,0:4:1:1:1:3:4:1:0,MUTATE
0:4:1:2:2:2:2:0:0:,recombination,4718.3182263633635,0:4:1:3:2:2:2:0:0,1:4:0:3:2:1:2:1:1
0:4:1:2:2:3:3:1:0:,clone,5535.179150676909,1:4:1:2:2:3:3:1:0
1:4:0:3:2:2:2:1:2:,clone,5648.525944570705,2:4:0:3:3:2:2:1:2
1:4:0:4:4:2:2:0:1:,clone,6170.458270416227,1:4:0:4:4:2:2:0:1
1:4:1:3:2:1:2:1:1:,recombination,5117.836090828572,1:4:1:3:3:2:2:0:2,1:4:1:2:2:1:2:1:1,MUTATE
0:4:1:1:1:4:3:1:0:,recombination,5754.467566554589,1:4:0:2:2:3:3:1:1,0:4:1:2:2:2:2:0:0,MUTATE
0:3:1:1:0:4:4:1:0:,recombination,6117.081680602139,0:2:1:0:0:4:4:2:0,1:4:1:3:3:2:2:0:1
0:4:1:1:1:3:3:0:0:,clone,5947.538157034456,0:4:1:2:2:3:3:0:0
1:4:0:3:3:1:1:1:1:,recombination,5217.956588947195,1:4:0:2:2:3:2:1:1,1:4:0:3:3:1:2:1:1
1:4:0:2:2:1:2:1:1:,recombination,5157.631312941987,1:4:0:3:3:1:2:0:1,1:4:1:2:2:1:2:1:1
0:4:1:2:2:1:2:0:0:,clone,4758.424741884512,1:4:1:3:3:1:2:0:1
0:4:1:2:2:2:3:0:0:,clone,5248.34505859308,0:4:1:2:1:2:3:0:0
1:4:1:2:1:3:3:1:1:,clone,5540.269041888084,1:4:1:2:1:2:3:1:1
1:4:1:2:2:2:2:1:0:,recombination,4991.131200827354,1:4:1:3:3:2:2:1:1,1:4:0:3:3:2:2:0:1
1:4:1:3:3:2:2:1:1:,clone,4968.917071040165,1:4:1:3:3:1:1:0:1
0:4:1:3:2:1:2:0:0:,clone,5455.767016468422,0:4:1:3:2:1:2:0:0
1:4:0:4:4:1:1:0:2:,clone,5293.146481945642,1:4:0:4:4:0:1:0:2
1:4:1:4:4:0:0:0:2:,clone,5261.947569633138,2:4:0:4:4:0:0:0:2
0:4:1:3:2:2:2:0:0:,clone,4833.0930649758975,0:4:1:2:2:2:2:0:0
1:4:1:3:2:2:2:1:1:,clone,5060.041420334477,1:4:1:3:3:2:2:0:1
1:4:0:2:2:3:3:0:1:,recombination,7269.131014437122,0:3:1:1:1:4:4:1:0,1:4:0:3:4:2:1:0:1,MUTATE
1:4:1:2:2:2:2:1:1:,recombination,4783.574614934209,1:4:1:2:2:2:2:0:1,1:4:0:2:2:2:3:1:1
1:4:1:3:3:1:1:0:1:,clone,4636.8208693311535,1:4:1:3:3:1:1:0:1
0:3:1:2:2:3:3:1:0:,clone,6062.013391092129,0:3:1:2:2:2:3:1:0
1:4:1:3:3:2:2:1:1:,recombination,4895.683886283097,0:4:1:2:2:3:3:0:0,1:4:0:3:3:1:1:0:1
1:4:0:3:4:1:1:0:1:,recombination,5352.022485888207,1:4:1:3:3:2:2:0:1,1:4:0:4:4:0:1:0:2,MUTATE
1:4:1:3:4:0:0:0:1:,recombination,4585.090212007244,0:4:1:1:1:2:3:1:0,1:4:1:4:4:1:1:0:2
1:4:1:2:2:1:2:0:1:,recombination,4350.357906107205,1:4:0:3:3:1:2:0:2,1:4:1:2:2:1:2:0:1
2:4:0:4:4:2:1:1:2:,clone,5687.8256673331525,2:4:0:4:4:2:1:1:2
1:4:1:2:2:1:1:0:1:,clone,4356.627643193813,1:4:1:2:2:1:2:0:1
2:4:0:3:3:2:1:1:2:,clone,5596.63604844752,2:4:0:3:3:2:1:1:2
0:4:1:1:1:2:3:1:0:,clone,5170.096644149583,0:4:1:1:1:2:3:1:0
1:4:0:4:4:1:1:0:1:,clone,5271.052006678638,1:4:0:4:4:1:1:0:1
2:4:0:4:4:2:1:1:2:,clone,5687.825667333152,2:4:0:4:4:2:1:1:2
1:4:0:3:4:1:1:0:1:,recombination,5117.079913934208,0:4:1:2:2:2:3:1:0,1:4:0:4:4:2:2:0:1,MUTATE
1:4:0:2:2:3:2:1:1:,recombination,5358.230375790355,1:4:1:3:3:2:2:0:1,1:4:0:3:2:3:2:1:1,MUTATE
0:3:1:1:1:4:4:1:0:,recombination,6484.39428046932,0:4:1:3:2:2:2:0:0,0:4:1:1:1:4:4:1:0
0:3:1:2:1:3:3:0:0:,clone,5893.667710547722,0:3:1:1:1:3:3:0:0
1:4:1:4:4:2:1:0:1:,clone,5760.014975682094,1:4:0:4:4:2:1:0:1
1:4:1:3:4:1:1:0:1:,recombination,4717.716173681595,1:4:1:3:3:1:1:0:1,1:4:1:2:2:2:2:0:1,MUTATE
1:4:1:4:4:1:1:0:1:,recombination,5086.761860878447,1:4:1:4:4:0:0:0:2,0:4:1:2:2:2:2:0:0
0:4:1:3:3:2:2:0:0:,recombination,5238.791240051054,0:3:1:2:1:3:3:1:0,1:4:1:3:3:1:1:0:1,MUTATE
1:4:0:4:4:1:1:1:1:,clone,5422.418084782849,1:4:0:4:4:1:1:1:1
1:4:1:3:3:1:2:0:1:,recombination,4655.939457952203,1:4:0:3:3:1:0:0:1,0:4:1:2:1:3:3:1:0
1:4:0:3:3:2:1:1:2:,recombination,5575.751509556264,1:4:1:2:2:3:3:1:1,1:4:0:3:3:2:2:1:2
1:4:0:2:2:3:3:1:1:,recombination,5555.967777514792,1:4:0:2:2:3:2:1:1,1:4:0:2:1:3:3:2:1,MUTATE
1:4:0:3:2:1:2:1:1:,recombination,5103.063278499632,2:4:0:4:4:0:1:0:2,1:4:1:3:3:1:2:1:1
1:4:1:2:2:3:3:0:1:,clone,5873.249320647005,1:4:1:2:2:3:3:0:1
1:4:0:1:1:3:3:2:0:,recombination,5691.3090150913695,1:4:1:2:2:3:2:1:1,1:4:0:2:1:3:3:2:0
1:4:0:3:3:2:2:1:1:,recombination,5103.51012911619,1:4:0:3:3:2:2:1:1,1:4:1:2:1:4:3:1:0,MUTATE
0:4:2:2:2:3:3:1:0:,recombination,6131.440038644478,0:4:2:2:2:2:3:1:0,0:4:1:3:2:3:3:0:0,MUTATE
1:4:1:3:2:1:2:0:1:,recombination,5022.445706952899,1:4:0:3:3:2:2:0:1,1:4:0:3:3:1:2:0:2,MUTATE
1:4:0:2:2:1:2:1:1:,recombination,5103.063278499632,0:4:1:1:1:2:3:1:0,1:4:0:3:2:1:2:1:1
0:4:1:2:1:3:3:0:0:,clone,5608.800475210548,0:4:1:2:1:3:3:0:0
0:4:1:1:1:3:3:2:0:,recombination,5826.618573024954,1:4:0:2:1:3:3:2:0,1:4:0:3:2:2:2:0:1
1:4:1:2:2:2:3:1:0:,clone,5181.232704114369,1:4:1:2:2:2:3:1:0
0:3:1:2:2:2:3:0:0:,clone,5701.07675836845,0:3:1:2:1:3:3:0:0
1:4:1:3:3:1:2:1:2:,recombination,5772.410183379675,1:4:1:3:3:1:2:0:2,2:4:0:4:4:2:1:1:2,MUTATE
2:4:0:4:4:1:0:0:2:,recombination,5257.526886544472,2:4:0:4:4:1:1:0:2,1:4:0:4:4:2:2:0:1,MUTATE
0:4:1:2:2:3:3:1:0:,recombination,5379.226533428066,0:3:1:2:1:3:3:1:0,1:4:1:3:3:0:1:0:1,MUTATE
0:4:1:2:2:2:2:1:0:,recombination,5024.192502390122,1:4:1:2:2:2:2:1:1,1:4:1:4:4:0:1:0:2,MUTATE
1:4:1:1:1:2:3:1:0:,clone,5849.345543264158,1:4:1:1:1:2:3:1:0
0:3:1:1:0:4:4:2:0:,recombination,6032.649237328736,0:3:1:1:0:4:4:1:0,1:4:0:2:2:3:2:1:1
0:4:1:2:1:2:3:0:0:,clone,5063.3335413320265,0:4:1:2:1:2:3:0:0
1:4:1:2:2:2:3:1:0:,recombination,5074.760482165188,1:4:1:4:4:1:1:0:2,0:4:1:2:2:2:3:1:0
1:4:1:3:2:2:2:1:1:,clone,5014.9287731794575,1:4:1:3:3:2:2:1:1
1:4:1:2:2:2:3:1:1:,recombination,5128.291379303721,1:4:1:2:2:2:3:1:1,0:4:1:2:1:2:3:1:0
0:4:1:1:1:3:4:1:0:,clone,5735.748463526262,0:4:1:1:1:3:4:1:0
0:3:1:1:0:4:4:1:0:,clone,6010.488681890528,0:3:1:1:0:4:4:1:0
1:4:1:2:2:2:3:1:1:,recombination,5075.548193293537,1:4:1:2:2:1:2:0:1,0:3:1:1:1:4:4:1:0
1:4:1:2:2:2:2:0:1:,clone,4671.107317436524,1:4:1:3:3:1:2:0:1
0:4:1:1:1:3:3:1:0:,clone,5285.181554568069,0:4:1:2:2:2:3:1:0
1:4:1:3:3:1:2:1:1:,clone,5120.394635789469,1:4:1:3:3:1:2:1:1
0:3:1:1:1:3:4:1:0:,clone,5915.476510487134,0:3:1:1:1:3:4:1:0
0:3:1:2:1:3:3:1:0:,recombination,5198.988666038062,1:4:0:2:2:3:2:1:1,0:4:1:1:1:3:3:1:0
0:4:1:2:2:2:2:0:0:,clone,4579.086363894682,0:4:1:2:2:2:2:0:0
1:4:1:3:3:2:1:0:1:,recombination,5094.822766963078,1:4:1:3:3:2:1:1:1,1:4:1:2:2:2:2:0:1
0:4:1:2:2:3:2:1:0:,recombination,5529.788076285383,1:4:1:4:4:2:1:0:1,0:4:1:1:1:3:4:1:0,MUTATE
1:4:0:2:2:2:2:1:1:,clone,5082.012043256858,1:4:0:3:2:2:2:1:1
0:3:1:1:1:3:3:1:0:,recombination,5019.907696372264,0:3:1:1:1:3:3:1:0,1:4:1:2:2:2:2:1:1
1:4:1:3:3:2:1:0:1:,recombination,5073.0887998271955,0:4:1:3:3:1:1:0:0,1:4:0:3:4:1:1:0:1
0:4:1:3:3:2:2:0:0:,clone,4751.158584112326,0:4:1:3:2:2:2:0:0
1:4:1:3:3:1:2:1:1:,clone,5014.1902028177,1:4:1:3:2:2:2:1:1
0:3:1:1:1:3:4:1:0:,recombination,5880.3730581013815,0:3:1:1:0:4:4:1:0,0:4:1:2:1:2:3:1:0,MUTATE
0:4:1:2:2:3:3:0:0:,clone,5382.582152135644,0:4:1:2:1:3:3:0:0
0:4:1:2:1:2:3:1:0:,clone,5289.181508543963,0:4:1:1:1:3:3:1:0
2:4:1:3:3:1:1:0:2:,clone,5564.946375021713,2:4:0:3:3:1:1:0:2
0:4:1:3:2:2:2:0:0:,clone,4678.6933430228955,0:4:1:3:2:2:2:0:0
1:4:0:3:3:2:2:1:1:,recombination,5095.8551236844405,1:4:0:3:3:2:2:1:1,1:4:1:4:4:1:1:0:2,MUTATE
1:4:1:1:1:3:3:2:0:,recombination,5594.907746218641,0:4:1:1:1:3:3:2:0,1:4:1:2:2:2:3:1:1,MUTATE
0:4:1:1:1:3:3:2:0:,clone,5762.9802663578475,0:4:1:1:1:3:3:2:0
1:4:0:2:2:1:2:1:2:,recombination,5868.8173000131455,2:4:0:3:2:1:2:1:2,0:4:1:2:2:1:2:0:0
0:4:1:1:1:3:4:1:0:,clone,5611.399682064405,0:4:1:1:1:3:4:1:0
1:4:1:4:4:0:1:0:2:,clone,5268.613446633514,1:4:1:4:4:0:1:0:2
0:4:1:2:2:2:2:1:0:,recombination,4962.124758241488,0:4:1:1:1:3:3:1:0,0:4:1:2:1:3:3:1:0,MUTATE
1:4:1:2:2:3:3:1:0:,clone,5491.776546621868,1:4:1:2:2:3:3:1:0
1:4:1:2:1:2:3:1:0:,recombination,5015.089885477945,0:4:1:2:1:2:3:1:0,1:4:1:2:2:2:3:1:1,MUTATE
1:4:0:3:3:2:2:0:2:,clone,5559.413437821996,1:4:0:3:3:2:2:0:2
1:4:0:3:3:1:1:0:2:,recombination,5045.278215540159,2:4:0:4:4:1:1:0:2,1:4:0:2:2:1:2:0:1
0:4:1:2:1:3:3:0:0:,clone,5117.947410221042,0:4:1:2:2:3:3:0:0
1:4:0:2:2:2:3:1:1:,clone,5585.173719407899,1:4:0:2:2:2:3:1:1
1:4:0:3:3:1:1:0:1:,clone,4695.699537599886,1:4:0:3:3:1:1:0:1
0:4:2:1:1:2:3:1:0:,clone,5714.665605484264,0:4:2:1:1:3:3:1:0
1:4:0:3:3:2:1:1:1:,recombination,5035.203443077774,0:3:1:1:1:4:3:1:0,1:4:0:3:3:2:1:1:1
0:4:1:2:2:2:2:1:0:,clone,4663.653762757779,0:4:1:2:2:2:2:0:0
0:4:1:2:2:1:2:0:0:,recombination,4700.8511760651245,0:3:1:2:2:3:3:1:0,0:4:1:3:3:2:2:0:0,MUTATE
1:4:0:2:2:1:2:0:1:,recombination,4981.337073467898,1:4:0:3:3:1:2:0:1,0:4:1:3:2:2:2:1:0
0:3:0:1:0:4:4:2:0:,recombination,5488.622985241051,1:4:0:1:1:3:3:2:0,1:4:1:3:3:1:2:1:1
1:4:0:2:2:2:2:0:1:,recombination,5300.325518545989,1:4:0:2:2:1:2:0:1,1:4:1:3:3:1:2:1:2,MUTATE
1:4:0:4:4:2:1:1:1:,recombination,5342.864326620682,2:4:0:4:4:2:1:1:2,1:4:0:3:3:2:1:1:1
1:4:0:3:3:2:1:0:1:,recombination,5206.318378364605,1:4:0:4:4:1:1:0:2,1:4:0:2:2:2:2:0:1,MUTATE
0:4:1:2:1:2:3:1:0:,recombination,4930.539577800558,0:4:1:1:1:4:4:1:0,1:4:1:2:2:2:2:1:1,MUTATE
0:2:1:0:0:4:4:2:0:,recombination,5883.364916086198,0:3:1:1:0:4:4:2:0,1:4:0:1:1:3:3:2:0
1:4:0:3:3:2:2:0:1:,clone,5135.510380816459,1:4:0:3:3:2:1:0:1
2:4:0:3:4:1:1:0:2:,clone,5407.268516968024,2:4:0:4:4:1:1:0:2
1:4:0:1:1:3:3:1:1:,clone,6046.271578150054,1:4:0:1:1:3:3:1:1
0:3:1:2:2:2:3:0:0:,clone,5670.774654681007,0:3:1:2:2:2:3:0:0
2:4:0:3:4:1:1:0:2:,recombination,5130.801609065449,2:4:0:4:4:0:1:0:2,2:4:0:4:4:1:0:0:2,MUTATE
1:4:0:4:4:2:1:1:2:,clone,5844.826673696756,1:4:0:4:4:2:1:1:2
1:4:0:1:1:3:3:1:0:,recombination,5846.950109395687,1:4:0:1:1:3:3:1:0,0:4:1:1:1:3:4:1:0
0:3:1:0:0:4:4:1:0:,clone,6501.988602174017,0:3:1:1:0:4:4:1:0
1:4:1:4:4:0:1:0:2:,recombination,5075.658825348113,1:4:1:3:3:1:1:0:1,1:4:1:3:4:0:0:0:1,MUTATE
0:3:1:1:1:3:4:1:0:,recombination,5839.330381408037,0:4:1:2:1:2:3:0:0,0:3:1:1:1:3:4:1:0
1:4:1:3:3:2:2:0:1:,recombination,5055.311838723236,1:4:0:3:3:2:2:1:1,1:4:1:3:3:1:2:0:1
1:4:1:2:2:2:3:1:1:,clone,4950.246151976637,1:4:1:2:2:2:2:1:1
1:4:0:2:2:2:2:1:1:,recombination,4996.317299287245,1:4:1:2:2:2:3:0:1,1:4:0:3:2:1:2:1:1,MUTATE
0:4:1:2:2:3:2:0:0:,recombination,5361.142095424837,1:4:1:3:3:3:2:1:1,0:4:1:2:2:3:3:0:0
0:4:1:2:2:2:2:0:0:,clone,4437.156982841097,0:4:1:2:2:2:2:0:0
0:4:1:2:2:2:2:1:0:,clone,4432.9809840520475,0:4:1:2:2:2:2:0:0
1:4:1:2:2:3:2:1:0:,recombination,5436.4931955352,0:4:1:2:2:2:2:1:0,0:4:1:3:2:2:2:1:0,MUTATE
1:4:1:2:2:3:2:1:1:,recombination,5218.870865569422,1:4:1:2:2:3:3:1:1,1:4:1:3:3:3:2:1:1
1:4:1:2:1:3:3:1:0:,recombination,5307.7529529736175,1:4:1:2:2:2:3:1:0,0:4:1:2:2:2:3:1:0,MUTATE
0:3:1:2:1:3:3:1:0:,recombination,4987.675703327174,0:4:1:2:2:2:2:0:0,1:4:1:3:3:1:2:1:1
1:4:0:3:2:3:2:1:1:,recombination,5687.557522051154,1:4:1:3:3:3:2:1:1,1:4:1:3:3:1:2:0:1,MUTATE
0:4:2:1:1:3:3:1:0:,clone,6138.011217332855,0:4:2:1:1:3:3:1:0
2:4:0:3:3:2:2:0:2:,recombination,5554.062596401454,2:4:0:3:3:2:1:0:2,0:4:1:3:3:2:2:0:0
1:4:1:3:3:1:1:0:2:,recombination,5109.933492851526,1:4:1:4:4:0:0:0:2,1:4:1:4:4:0:1:0:2,MUTATE
0:4:1:1:1:3:3:2:0:,clone,5683.120818041709,0:4:1:1:1:3:3:2:0
0:4:2:2:1:3:3:1:0:,clone,6599.263214310065,0:4:2:1:1:3:3:1:0
1:4:1:3:2:3:2:0:1:,recombination,6513.650045107525,0:4:1:3:2:3:3:0:0,1:4:1:2:2:2:2:0:1
0:4:1:2:2:2:3:0:0:,recombination,5116.3046684391,1:4:1:2:2:2:2:1:1,0:4:1:2:2:3:3:0:0,MUTATE
1:4:1:2:2:2:2:1:0:,clone,4800.473622882947,1:4:1:2:2:2:2:1:1
0:3:0:2:2:2:2:1:0:,recombination,4408.596200368796,0:4:1:2:2:2:2:0:0,1:4:0:3:3:2:1:1:1
1:4:1:2:1:2:3:1:0:,clone,4783.574614934209,1:4:1:2:2:2:2:1:1
0:3:1:1:0:3:4:1:0:,recombination,5682.134378346667,0:4:1:2:1:3:3:0:0,0:4:1:1:1:3:4:1:0
1:4:1:2:2:1:2:0:1:,recombination,4297.00224807891,0:4:1:2:2:2:3:0:0,0:4:1:2:2:2:2:0:0
1:4:1:2:1:2:3:1:1:,recombination,5000.692606754934,0:4:1:1:1:3:4:1:0,1:4:1:2:1:2:3:1:0,MUTATE
1:4:0:3:2:2:2:1:1:,recombination,4901.0723135692515,1:4:0:2:2:2:2:1:1,1:4:0:2:2:1:2:1:1
0:3:1:0:0:4:4:2:0:,recombination,6097.266378681827,0:2:1:0:0:4:4:2:0,1:4:0:2:2:2:3:1:1
1:4:0:3:3:3:2:1:1:,clone,5575.751509556264,1:4:0:3:3:2:2:1:1
2:4:0:3:3:1:2:0:2:,recombination,5820.964352283051,0:4:1:3:2:2:2:1:0,2:4:0:3:3:1:2:1:2
1:4:1:4:4:1:0:0:1:,recombination,5227.7734541852315,1:4:0:4:4:1:1:0:1,0:4:1:3:2:2:2:0:0,MUTATE
0:4:1:2:2:3:3:1:0:,recombination,5189.544804447961,1:4:1:2:2:3:3:1:0,1:4:1:2:2:3:2:1:1,MUTATE
0:4:1:1:1:2:3:1:0:,clone,4930.539577800558,0:4:1:1:1:2:3:1:0
1:4:1:2:1:2:3:0:1:,recombination,5183.143426859258,1:4:1:2:2:3:2:1:1,0:4:1:2:2:2:3:0:0
0:3:1:1:1:3:3:2:0:,recombination,5688.80554481843,0:4:1:1:1:3:3:2:0,0:4:1:2:2:3:3:0:0
1:4:1:4:4:0:0:0:2:,recombination,5193.422065646026,1:4:0:3:3:3:2:1:1,1:4:0:4:4:0:0:0:2
1:4:1:2:2:1:2:0:1:,clone,4239.47335943254,0:4:1:2:2:1:2:0:0
1:4:1:4:4:1:0:0:1:,recombination,5062.094458818758,1:4:0:4:4:1:0:0:1,1:4:1:3:3:1:1:0:1
0:4:1:2:1:3:3:1:0:,recombination,5335.519157682681,1:4:0:3:2:2:2:0:1,0:4:1:1:1:3:3:1:0
1:4:0:3:3:3:2:1:1:,recombination,5514.939828787517,1:4:1:2:2:3:3:0:1,1:4:0:3:3:2:2:1:1,MUTATE
0:4:1:2:1:3:3:1:0:,recombination,5324.129052887795,0:4:1:2:1:2:3:1:0,1:4:1:3:3:1:2:0:1
1:4:1:2:2:2:3:1:0:,recombination,4973.335333008826,1:4:1:3:3:2:2:1:1,0:4:1:2:2:2:2:0:0,MUTATE
1:4:1:1:1:2:3:1:0:,clone,4877.66632420541,1:4:1:1:1:2:3:1:0
0:3:1:1:1:3:4:1:0:,recombination,5075.881406088587,0:4:1:1:1:3:3:2:0,0:3:1:1:1:3:3:1:0
0:4:1:1:1:2:3:0:0:,clone,5437.146547981701,0:4:1:1:1:2:3:0:0
0:4:1:2:2:3:3:1:0:,recombination,5152.168090590983,0:4:1:1:1:3:3:0:0,1:4:1:2:2:3:3:1:0
1:4:1:1:1:3:3:1:1:,clone,5394.282081842172,1:4:1:1:1:3:3:1:1
1:4:0:3:3:2:1:0:1:,clone,4838.273235649386,1:4:0:3:3:2:1:0:1
0:3:1:2:2:3:3:1:0:,clone,5119.7538690152805,0:4:1:2:2:2:2:1:0
1:4:0:3:4:2:1:1:2:,recombination,5844.826673696754,2:4:0:4:4:2:1:1:2,1:4:0:4:4:2:1:0:1
0:3:1:1:0:3:4:1:0:,recombination,5626.972340486849,1:4:1:2:2:2:3:1:0,0:3:1:1:1:3:4:1:0,MUTATE
0:3:1:1:1:4:4:1:0:,clone,6394.742217336701,0:3:1:1:1:4:4:1:0
1:4:1:2:2:1:2:1:1:,recombination,4608.712212028207,1:4:0:2:2:1:2:1:1,0:4:1:2:1:3:3:0:0,MUTATE
1:4:1:3:2:2:2:1:1:,recombination,4806.916313828402,0:4:1:2:2:2:2:0:0,0:4:1:3:3:1:2:0:0
0:2:1:1:0:4:4:1:0:,clone,5024.336585479017,0:2:1:1:0:4:4:1:0
1:4:0:2:1:3:3:1:1:,recombination,5452.722478653118,0:3:1:1:1:3:4:1:0,1:4:0:3:3:2:2:1:2,MUTATE
1:4:1:2:2:2:2:1:0:,recombination,4733.772152122037,0:4:1:3:3:2:2:0:0,0:3:1:2:1:3:3:1:0,MUTATE
1:4:0:3:2:3:2:1:1:,recombination,5307.502383592835,1:4:1:3:3:2:2:0:1,1:4:0:3:3:2:1:1:2
1:4:0:3:3:2:1:0:1:,clone,4838.273235649385,1:4:0:3:3:2:1:0:1
1:4:1:2:2:3:3:1:1:,clone,5359.182238798599,1:4:1:2:2:2:2:1:1
0:3:1:2:1:2:3:1:0:,clone,5003.110860181644,0:3:1:1:1:2:3:1:0
2:4:0:4:4:1:1:0:2:,clone,5038.124621382271,2:4:0:4:4:1:1:0:2
1:4:0:2:2:2:2:1:1:,clone,4982.055537519518,1:4:0:2:2:2:2:1:1
0:4:1:1:1:3:3:1:0:,recombination,5233.924966929386,1:4:0:3:3:2:1:0:1,0:4:1:2:1:2:3:1:0,MUTATE
1:4:1:3:2:1:2:1:1:,clone,4776.734871131692,1:4:1:2:2:1:2:1:1
0:3:1:1:0:3:4:2:0:,clone,5466.035740719995,0:3:1:1:0:3:4:1:0
1:4:1:2:2:2:3:0:1:,clone,5158.47102846289,0:4:1:2:2:2:3:0:0
1:4:0:3:3:1:1:0:2:,recombination,5038.124621382271,2:4:0:3:4:1:1:0:2,0:4:1:2:2:2:3:1:0
0:3:1:1:1:3:3:1:0:,clone,4906.895662504088,0:3:1:1:1:3:3:1:0
0:4:1:1:1:3:3:1:0:,clone,5023.187151003855,0:3:1:1:1:3:3:1:0
0:3:1:1:1:4:3:1:0:,recombination,5437.426449625908,0:4:1:2:2:2:2:0:0,0:4:1:2:2:2:2:0:0,MUTATE
2:4:0:3:4:1:1:0:2:,clone,5113.245703097907,1:4:0:3:3:1:1:0:2
1:4:1:2:2:3:2:1:0:,clone,5238.847921468116,0:4:1:2:2:3:3:1:0
0:4:1:2:1:4:3:1:0:,clone,6472.401932709011,0:4:1:2:1:4:3:1:0
0:3:1:1:1:4:3:1:0:,recombination,5359.094628592108,0:2:1:1:0:4:4:1:0,1:4:1:2:2:3:3:1:1,MUTATE
0:3:1:3:3:1:2:0:0:,clone,5764.248248160894,0:3:1:3:3:2:2:0:0
1:4:1:1:1:3:3:1:0:,clone,5148.411738370167,1:4:1:1:1:3:3:1:0
1:4:1:2:2:3:3:1:0:,recombination,5458.543508997389,0:4:1:1:1:3:3:0:0,1:4:1:2:2:3:2:1:0
1:4:0:2:2:2:2:0:1:,clone,5124.031279071901,1:4:0:2:2:1:2:0:1
1:4:0:2:2:3:3:1:0:,recombination,5584.874443361284,1:4:1:3:3:2:2:0:1,1:4:0:3:3:2:2:1:1
0:4:1:1:0:3:4:1:0:,recombination,6353.226747100034,2:4:1:3:3:1:1:0:2,0:3:2:1:0:4:4:1:0,MUTATE
1:4:1:2:2:3:2:1:1:,clone,5043.109138174876,1:4:1:2:2:3:2:1:1
1:4:1:2:2:2:2:1:1:,clone,4709.326122021002,1:4:1:2:2:2:2:1:1
1:4:0:3:3:2:2:1:1:,recombination,4995.48925524837,0:3:1:2:1:3:3:1:0,1:4:0:3:3:2:2:1:1
0:4:1:1:1:4:3:1:0:,recombination,5542.01125646546,0:3:1:1:1:4:3:1:0,1:4:0:3:3:2:2:0:2,MUTATE
2:4:0:4:4:0:0:0:3:,clone,5481.621143930726,1:4:1:3:3:2:2:0:2
0:2:1:0:0:4:4:2:0:,recombination,5857.78699650758,0:2:1:0:0:4:4:2:0,0:4:1:2:1:3:3:0:0,MUTATE
1:4:1:2:1:3:3:1:1:,recombination,5449.243145047198,1:4:1:2:2:1:2:0:1,0:4:2:1:1:2:3:1:0,MUTATE
0:4:1:1:1:4:4:1:0:,clone,6408.452608538983,0:4:1:1:1:4:4:1:0
1:4:1:2:1:3:3:1:1:,recombination,5426.144277745711,0:3:1:1:1:3:4:1:0,1:4:0:2:2:1:2:0:1
1:4:0:3:3:0:1:0:1:,clone,5166.498713572011,1:4:0:3:4:0:1:0:1
1:4:1:2:2:3:3:1:0:,clone,5343.985536947607,1:4:1:2:2:3:3:1:0
1:4:0:3:3:2:2:1:1:,clone,4984.911877854322,1:4:0:3:3:2:2:1:1
0:4:1:2:2:3:2:1:0:,clone,5466.960226830089,0:4:1:2:2:3:3:1:0
0:3:1:1:1:4:4:1:0:,recombination,6351.778942665904,1:4:0:2:1:2:3:1:1,0:4:1:3:2:2:2:0:0,MUTATE
1:4:0:3:3:1:1:0:2:,clone,4969.963296211461,2:4:0:3:4:1:1:0:2
2:4:0:3:4:1:1:0:2:,clone,4997.419907011637,1:4:0:3:3:1:1:0:2
1:4:1:3:2:3:2:0:1:,recombination,6477.989663361751,1:4:1:2:1:2:3:1:0,1:4:1:3:2:3:2:0:1
2:4:0:3:3:1:1:0:2:,recombination,5175.287060322177,1:4:1:2:2:2:3:1:1,2:4:0:3:4:1:1:0:2,MUTATE
0:3:1:0:0:4:4:2:0:,recombination,6081.282038587052,0:2:1:0:0:4:4:2:0,1:4:0:2:2:3:2:1:1
1:4:1:1:1:3:3:1:0:,recombination,5085.322522041037,1:4:1:1:1:2:3:1:0,1:4:0:2:2:3:2:1:1,MUTATE
1:4:1:2:1:3:3:2:0:,clone,5922.40144230291,1:4:1:2:1:3:3:2:0
1:4:0:4:4:1:1:1:1:,clone,5351.168421475275,1:4:0:4:4:1:1:1:1
1:4:1:4:4:0:0:0:2:,clone,4682.804087692098,2:4:1:4:4:0:0:0:2
0:3:1:1:1:4:4:1:0:,clone,6286.08332290924,0:3:1:1:1:4:4:1:0
1:4:0:3:3:1:1:0:2:,clone,4822.803423552914,1:4:0:3:3:1:1:0:2
0:3:1:2:2:3:3:0:0:,recombination,6346.9098106552965,0:3:1:2:2:3:3:0:0,0:4:1:1:1:3:4:1:0
1:4:0:2:2:3:2:1:0:,recombination,5549.01938963066,0:4:1:2:2:2:2:0:0,1:4:0:2:2:3:2:1:1
1:4:1:3:2:3:2:0:1:,recombination,6308.450563835461,1:4:1:3:2:3:2:0:1,1:4:0:3:2:2:2:0:1
2:4:0:3:2:1:2:1:2:,recombination,5660.879743067704,2:4:0:3:4:1:1:0:2,2:4:0:3:3:1:2:1:2
0:3:1:1:0:4:4:2:0:,recombination,5608.011222906229,1:4:1:3:3:1:2:1:1,0:4:1:1:1:3:3:1:0,MUTATE
0:3:1:2:2:3:3:0:0:,clone,6068.540531682546,0:3:1:2:2:3:3:0:0
0:2:1:1:0:3:4:2:0:,clone,4963.594137618937,0:2:1:1:0:3:4:2:0
1:4:0:3:3:1:2:1:1:,clone,5106.937854380489,1:4:0:3:3:1:2:1:1
0:4:0:1:1:3:3:1:0:,clone,5992.090547636823,0:4:0:1:1:3:3:1:0
0:2:1:1:0:4:4:2:0:,recombination,5181.780237467251,1:4:1:2:1:3:3:1:1,0:3:1:1:1:3:3:1:0,MUTATE
1:4:0:2:2:3:2:1:1:,recombination,5138.771965434802,1:4:0:3:2:3:2:1:1,1:4:0:3:3:2:2:1:1
1:4:1:1:1:2:3:1:1:,recombination,5408.441023419852,1:4:0:3:2:2:2:1:2,1:4:1:2:1:2:3:1:0,MUTATE
0:3:1:2:2:2:3:1:0:,recombination,5083.500591610411,0:4:1:2:2:3:2:1:0,1:4:1:3:2:2:2:0:1,MUTATE
1:4:0:4:4:0:1:0:2:,recombination,4980.380027713141,1:4:0:4:4:0:0:0:2,1:4:0:3:3:1:2:1:1,MUTATE
0:3:1:1:1:3:3:2:0:,recombination,5533.650218311633,1:4:1:3:3:2:2:0:1,0:4:1:2:1:2:3:1:0,MUTATE
1:4:0:3:3:1:2:1:1:,clone,4945.874140477028,1:4:0:2:2:2:2:1:1
1:4:1:1:1:3:3:1:1:,clone,5301.538576371015,1:4:1:1:1:3:3:1:0
0:3:1:1:1:4:4:1:0:,clone,6071.994135013239,0:3:1:1:1:4:4:1:0
0:3:1:3:3:2:2:0:0:,clone,5673.429990078015,0:3:1:3:3:1:2:0:0
0:3:1:2:1:4:3:1:0:,clone,6323.58566333992,0:3:1:2:1:4:3:1:0
0:3:1:1:1:4:4:2:0:,recombination,5602.1744628743345,0:4:1:2:2:2:2:0:0,0:2:1:1:0:4:4:1:0
0:4:1:3:3:2:2:1:0:,recombination,5139.530618400008,1:4:1:3:2:2:2:1:1,1:4:1:3:4:1:1:0:1,MUTATE
0:3:1:1:1:3:3:2:0:,recombination,5293.635773888018,1:4:1:2:2:2:3:1:1,1:4:1:3:2:2:2:0:1
0:3:1:1:0:4:4:2:0:,clone,5164.748383518946,0:3:1:1:0:4:4:2:0
0:3:1:1:1:4:4:1:0:,recombination,5812.718808662073,1:4:1:3:3:2:2:1:1,0:3:1:1:1:4:4:2:0
2:4:1:3:3:1:2:0:2:,clone,5849.849900523872,1:4:1:3:3:1:2:0:2
0:3:1:1:0:4:4:1:0:,recombination,5957.892952194672,1:4:0:2:2:3:3:1:0,0:3:1:1:1:3:3:0:0,MUTATE
1:4:0:4:4:2:1:1:2:,clone,5781.810256516799,1:4:0:4:4:2:1:1:2
0:3:1:1:1:4:4:1:0:,clone,5508.784972528462,0:3:1:1:1:4:3:1:0
1:4:1:3:2:2:2:1:0:,recombination,6085.248408974231,0:4:1:3:2:2:2:1:0,1:4:1:3:2:2:2:0:1,MUTATE
0:3:1:1:0:4:4:1:0:,clone,5926.157613440776,0:3:1:1:0:4:4:1:0
0:4:1:3:2:2:2:1:0:,clone,5155.599253998223,0:4:1:3:2:2:2:1:0
0:3:1:1:0:3:4:1:0:,recombination,5596.585762128981,1:4:1:3:3:2:2:1:1,0:3:1:1:1:3:3:2:0,MUTATE
0:3:1:2:1:4:3:1:0:,recombination,5899.393320178035,0:3:1:2:2:3:3:0:0,0:4:1:3:3:2:2:0:0,MUTATE
2:4:0:3:2:1:2:1:2:,clone,5491.239207698787,2:4:0:3:2:1:2:1:2
1:4:1:3:3:0:1:0:1:,clone,4537.818514582048,1:4:1:3:3:0:1:0:1
1:4:0:3:3:2:2:1:1:,recombination,4946.4809737870355,1:4:0:3:3:2:1:1:1,1:4:0:3:3:1:1:0:1,MUTATE
0:4:1:2:1:3:3:1:0:,recombination,5098.551962038564,1:4:1:2:2:2:3:1:1,1:4:1:2:2:3:3:1:1
1:4:0:4:4:0:1:0:1:,recombination,5366.227351106561,1:4:0:4:4:0:1:0:1,1:4:1:3:3:1:1:0:1,MUTATE
0:2:1:0:0:4:4:1:0:,clone,6230.280873011968,0:2:1:0:0:4:4:1:0
1:4:0:2:2:3:2:1:0:,clone,5078.771965434802,1:4:0:2:2:3:2:1:0
1:4:0:2:2:2:3:1:1:,clone,5408.003782614983,1:4:1:2:2:2:2:1:1
0:4:1:1:1:4:4:1:0:,recombination,6069.876764923639,1:4:1:2:1:2:3:1:1,1:4:1:3:3:3:2:1:1,MUTATE
0:4:2:1:1:3:3:1:0:,recombination,5967.977401938795,0:4:2:1:1:3:3:1:0,0:3:1:1:1:3:3:2:0
1:4:0:2:2:2:2:1:1:,recombination,4917.424897044109,0:4:1:2:2:1:2:0:0,1:4:0:4:4:1:0:0:2,MUTATE
1:4:1:2:2:1:1:0:1:,recombination,4245.97297719317,1:4:0:3:3:1:1:0:2,1:4:1:3:3:0:1:0:1
2:4:0:3:3:1:2:0:2:,clone,5457.53647221012,2:4:0:3:2:1:2:1:2
1:4:0:4:4:1:1:0:1:,recombination,5011.373137482584,1:4:1:4:4:0:0:0:2,1:4:0:3:3:2:2:0:2
1:4:0:3:3:2:1:1:1:,clone,4900.603410901003,1:4:0:3:3:2:2:1:1
1:4:1:4:4:1:1:0:1:,recombination,5021.397791194596,1:4:1:4:4:0:0:0:1,1:4:1:2:2:3:2:1:1
1:4:0:4:4:0:0:0:1:,clone,5160.440716541559,1:4:0:4:4:0:0:0:2
1:4:0:2:1:3:3:1:0:,recombination,5258.835509821159,1:4:1:2:2:2:3:1:1,1:4:0:3:3:1:1:0:2,MUTATE
1:4:1:2:2:3:3:1:1:,clone,5342.44785683981,1:4:1:2:2:3:2:1:1
1:4:1:2:2:3:3:1:0:,recombination,5209.044450308482,0:4:1:3:2:2:2:0:0,2:4:0:3:3:1:2:0:2
0:3:1:1:1:3:4:2:0:,clone,5725.67186259497,0:3:1:1:1:3:4:1:0
0:3:1:1:1:4:4:1:0:,clone,5372.817097599183,0:3:1:1:1:4:4:1:0
0:4:1:2:1:4:3:1:0:,recombination,6308.176050663447,1:4:1:2:1:4:3:1:0,1:4:1:3:3:2:2:1:1
0:4:1:2:1:3:3:2:0:,clone,6062.328951354953,0:4:1:2:1:3:3:2:0
0:3:1:0:0:4:4:2:0:,clone,5645.746374060226,0:3:1:0:0:4:4:2:0
0:4:1:2:1:3:3:2:0:,recombination,5646.912455231219,1:4:0:3:3:3:2:1:1,0:3:1:1:0:4:4:1:0
0:2:1:0:0:4:4:2:0:,recombination,5562.686523492557,0:3:1:1:0:4:4:2:0,1:4:1:3:2:2:2:1:1
0:3:1:2:1:4:3:1:0:,recombination,5576.03322792251,0:3:1:1:1:4:4:1:0,0:4:1:3:3:2:2:0:0,MUTATE
1:4:0:4:4:2:1:1:2:,clone,5777.575623823999,1:4:0:4:4:2:1:1:2
1:4:0:2:2:3:3:1:0:,clone,4958.544693694491,1:4:0:2:2:3:3:1:0
2:4:1:3:3:2:2:0:2:,recombination,5876.4516572750435,2:4:1:4:4:1:1:0:2,0:4:1:2:1:2:3:1:0
0:3:1:2:2:2:3:1:0:,recombination,4918.938136430425,1:4:0:2:2:3:3:1:0,0:3:1:3:3:1:2:0:0,MUTATE
0:3:1:0:0:4:4:1:0:,recombination,6216.746377850177,0:4:1:1:1:3:4:1:0,1:4:1:2:1:2:3:1:1,MUTATE
0:4:0:2:1:3:3:1:0:,recombination,5466.2005803549755,0:3:1:2:2:2:3:1:0,1:4:1:3:3:2:1:1:1
1:4:1:3:3:1:1:0:1:,clone,4496.826871681677,1:4:1:3:3:1:1:0:1
1:4:1:2:1:3:3:1:0:,clone,5305.030643641798,1:4:1:2:2:3:3:1:1
0:3:1:1:0:4:4:1:0:,clone,5567.430332543259,0:3:1:1:1:4:4:1:0
0:3:1:1:0:4:4:1:0:,clone,5551.823855497403,0:3:1:1:0:4:4:1:0
1:4:0:4:4:1:0:0:2:,clone,5192.505478620099,1:4:0:4:4:1:0:0:2
0:4:0:2:1:3:3:1:0:,clone,5450.096153989122,0:4:0:2:1:3:3:1:0
1:4:1:1:1:3:4:1:0:,clone,6094.31926600894,1:4:1:1:1:3:4:1:0
0:4:1:1:0:4:4:2:0:,recombination,5918.284716456557,2:4:0:3:3:1:1:1:2,0:4:1:2:1:2:3:1:0
0:4:1:1:0:4:4:1:0:,recombination,6081.438957127644,0:4:1:1:1:3:4:1:0,1:4:1:2:1:3:3:1:1,MUTATE
0:4:2:2:1:3:3:1:0:,clone,6500.093471519242,0:4:2:2:1:3:3:1:0
0:3:1:1:1:4:4:2:0:,recombination,5563.342114022088,0:4:1:3:2:2:2:0:0,0:3:1:1:1:3:4:2:0
0:4:1:1:1:4:4:2:0:,recombination,6001.632521906571,1:4:0:3:2:3:2:1:1,1:4:0:1:1:4:3:2:0
0:3:1:0:0:4:4:1:0:,recombination,6092.298907714177,1:4:0:2:2:2:2:0:1,1:4:1:2:1:2:3:1:1
0:4:1:1:0:4:4:1:0:,recombination,5952.964554878359,0:4:1:1:0:4:4:1:0,0:3:1:2:2:3:3:1:0,MUTATE
1:4:1:3:3:1:1:0:1:,clone,4409.1378605244845,1:4:1:3:3:1:1:0:1
1:4:1:3:3:0:1:0:1:,clone,4510.052309872985,1:4:1:3:3:0:1:0:1
0:4:1:1:1:4:4:1:0:,clone,5814.300884918148,0:4:1:1:1:4:4:1:0
0:4:1:2:1:4:3:1:0:,clone,6081.856828383136,0:4:1:1:1:4:3:1:0
0:4:1:1:0:4:4:1:0:,recombination,5784.004184575837,0:4:1:1:1:4:4:1:0,0:3:1:1:1:4:4:1:0,MUTATE
1:4:0:3:3:1:2:1:2:,clone,5457.53647221012,2:4:0:3:3:1:2:0:2
1:4:0:2:1:3:3:1:1:,recombination,5270.096749891038,1:4:0:3:3:1:1:0:2,1:4:1:2:2:3:3:1:1
1:4:0:2:2:2:2:0:1:,clone,4629.880136863962,1:4:1:2:2:2:2:0:1
0:4:1:2:2:1:2:1:0:,clone,4654.410243238813,1:4:1:2:2:1:2:1:1
0:3:1:0:0:4:4:1:0:,recombination,6022.94563745769,0:4:1:1:1:4:4:1:0,0:3:1:1:1:3:4:1:0
1:4:1:2:2:3:3:1:1:,recombination,5314.534447795479,1:4:0:3:3:1:1:0:2,0:4:1:2:1:4:3:1:0
0:2:1:0:0:4:4:1:0:,recombination,6022.016083408574,1:4:1:1:1:3:3:1:0,0:4:1:2:2:2:3:1:0
0:3:1:1:1:4:3:2:0:,recombination,6155.214451436393,1:4:0:4:4:1:1:1:1,1:4:1:2:2:2:2:1:0,MUTATE
0:4:1:2:2:3:2:1:0:,recombination,5077.510786847349,1:4:0:3:3:2:2:1:1,0:4:1:2:1:2:3:0:0,MUTATE
1:4:0:4:4:2:1:1:2:,recombination,5698.5310016295425,2:4:0:4:4:2:1:1:2,1:4:0:4:4:2:1:1:2
1:4:1:2:1:3:3:2:1:,clone,5849.002672485804,1:4:1:2:1:3:3:2:1
1:4:0:2:2:3:3:1:1:,recombination,5454.945289262994,1:4:0:3:3:1:2:1:1,1:4:1:2:2:3:3:1:1,MUTATE
0:3:1:1:1:4:3:2:0:,recombination,5908.614356291854,0:4:1:2:2:2:2:0:0,0:4:1:2:2:2:3:0:0
1:4:0:3:2:1:2:1:2:,clone,5681.29562357656,1:4:0:3:2:1:2:1:2
0:3:0:1:1:4:3:2:0:,recombination,5679.954521915405,0:3:1:2:1:3:3:1:0,1:4:0:2:1:3:3:1:1,MUTATE
1:4:0:2:1:2:3:1:1:,recombination,5416.576029187549,0:4:1:1:1:3:4:1:0,1:4:0:1:1:3:3:1:1,MUTATE
1:4:0:4:4:1:1:0:2:,clone,5281.369354969765,1:4:0:4:4:1:1:0:2
0:4:1:2:2:4:3:1:0:,recombination,6251.202055564691,0:3:1:2:2:3:3:0:0,0:3:1:1:1:4:3:2:0,MUTATE
0:4:1:1:0:3:4:1:0:,recombination,6165.64561507455,1:4:0:2:2:3:3:0:1,0:3:1:1:1:3:4:1:0,MUTATE
1:4:0:2:2:2:2:1:0:,clone,5091.281257388528,1:4:0:2:2:2:2:1:0
1:4:0:1:1:3:3:1:0:,clone,5734.614583495659,0:4:1:1:1:3:3:1:0
1:4:1:1:1:4:4:2:0:,recombination,5890.8519815183245,1:4:1:3:3:1:2:0:2,1:4:1:2:2:2:2:1:0,MUTATE
1:4:0:3:4:2:1:1:1:,recombination,5277.736679764135,1:4:0:4:4:2:1:1:2,0:4:1:3:2:2:3:0:0
1:4:1:2:2:2:3:1:1:,recombination,4930.286798075778,1:4:1:2:1:2:3:1:1,1:4:0:2:2:2:2:0:1
1:4:0:2:2:2:2:1:2:,clone,5582.37997450563,2:4:0:3:2:1:2:1:2
1:4:0:1:1:3:3:1:0:,recombination,5358.196916121999,0:4:1:1:0:4:4:1:0,1:4:0:2:2:3:3:1:1
1:4:1:1:1:4:3:1:0:,clone,5717.912376220721,1:4:1:1:1:4:3:1:0
0:3:1:0:0:4:4:1:0:,clone,5929.781534751046,0:3:1:1:0:4:4:1:0
0:3:1:1:0:3:4:1:0:,recombination,5297.709421558597,1:4:1:2:2:2:3:1:1,1:4:1:2:2:2:2:0:1,MUTATE
0:4:0:1:1:3:3:1:0:,clone,5734.614583495659,1:4:0:1:1:3:3:1:0
0:3:1:1:1:2:3:1:0:,recombination,5780.665234874522,1:4:1:3:3:0:1:0:1,0:4:1:2:2:2:2:0:0,MUTATE
0:4:1:1:1:3:4:2:0:,recombination,5865.916231699378,0:3:1:1:1:4:4:1:0,1:4:1:2:2:3:3:1:0
1:4:0:2:2:2:3:1:0:,recombination,5203.224570116824,1:4:1:2:2:1:3:1:1,1:4:0:3:3:1:2:1:1
0:3:1:1:0:4:4:1:0:,recombination,5463.907354572165,0:3:1:1:0:3:4:1:0,0:4:1:2:2:2:2:1:0
0:3:1:1:0:4:4:1:0:,clone,5438.296119693862,0:3:1:1:0:4:4:1:0
1:4:1:3:3:2:1:1:1:,recombination,5135.518063306873,2:4:0:4:4:2:1:1:2,0:4:1:2:1:3:3:0:0
0:3:1:2:2:2:2:1:0:,recombination,5541.032416151795,0:3:1:3:3:2:2:0:0,1:4:1:3:3:1:2:0:1
1:4:0:4:4:2:1:1:2:,clone,5698.531001629542,1:4:0:4:4:2:1:1:2
1:4:1:2:2:2:3:1:1:,recombination,4885.416025624084,1:4:1:2:2:2:3:1:1,1:4:1:2:2:2:3:1:1,MUTATE
1:4:1:2:2:2:3:1:1:,clone,4788.414260483948,1:4:1:2:2:2:3:1:1
0:4:1:2:2:1:2:0:0:,clone,4654.410243238813,0:4:1:2:2:1:2:1:0
0:4:1:1:0:3:4:1:0:,recombination,6044.747799941087,2:4:0:3:3:2:2:1:2,0:3:1:1:1:3:4:1:0
0:3:1:1:0:3:4:1:0:,clone,5027.387160597348,0:3:1:1:0:3:4:1:0
1:4:0:1:1:3:3:1:1:,recombination,5559.858436073993,1:4:0:3:2:2:2:1:2,1:4:0:2:1:2:3:1:1,MUTATE
1:4:1:2:1:2:3:1:1:,clone,4891.521975004795,1:4:1:2:2:2:3:1:1
0:4:1:1:0:3:4:2:0:,recombination,6334.131432806286,1:4:1:1:1:4:4:2:0,2:4:0:3:3:2:2:1:2
0:3:1:0:0:4:4:2:0:,recombination,5605.026836825905,0:4:1:2:2:2:2:0:0,1:4:1:1:1:2:3:1:1,MUTATE
0:3:1:0:0:4:4:1:0:,clone,5864.375665044317,0:3:1:0:0:4:4:1:0
0:3:1:0:0:4:4:1:0:,recombination,5663.646288515309,0:4:1:2:1:2:3:0:0,0:3:1:1:1:3:4:1:0,MUTATE
0:3:1:1:1:3:4:2:0:,recombination,5555.336415796861,1:4:0:3:3:1:1:0:2,0:2:1:0:0:4:4:2:0
0:2:1:0:0:4:4:1:0:,clone,5844.824007778312,0:2:1:0:0:4:4:1:0
1:4:1:2:1:3:3:1:0:,clone,5102.025230184412,1:4:1:2:2:2:2:1:1
1:4:1:1:1:3:3:1:0:,recombination,4978.832501416386,1:4:0:3:3:1:1:0:2,1:4:1:2:2:2:3:1:1
1:4:1:2:1:2:3:1:1:,recombination,4772.699776843604,1:4:1:2:2:2:3:1:1,0:4:2:2:2:2:3:1:0
0:4:1:1:0:4:4:2:0:,clone,5671.316902911005,0:4:1:1:0:4:4:2:0
1:4:1:1:1:3:3:1:0:,clone,4907.660485425993,1:4:1:1:1:3:3:1:0
1:4:1:2:2:2:2:1:1:,clone,4560.534614504854,1:4:1:2:2:2:2:0:1
1:4:0:1:1:3:3:1:1:,recombination,5431.1146376298175,2:4:0:3:3:2:2:1:2,1:4:0:1:1:3:3:1:0
1:4:1:1:1:2:3:1:0:,recombination,4772.699776843604,1:4:1:3:3:1:1:0:1,1:4:1:2:1:2:3:1:1
0:3:1:1:1:4:4:2:0:,clone,5303.064068434481,0:3:1:1:1:4:4:2:0
0:4:0:1:1:3:3:1:0:,clone,5474.76892641692,0:4:0:1:1:3:3:1:0
1:4:1:2:2:2:3:1:0:,clone,4962.2715662622895,1:4:1:2:2:2:3:1:0
0:3:1:1:0:4:4:1:0:,recombination,5226.024276101039,0:3:1:1:0:3:4:1:0,0:4:1:2:1:4:3:1:0
0:2:1:0:0:4:4:1:0:,clone,5809.282674744171,0:2:1:0:0:4:4:1:0
1:4:1:2:1:3:3:1:0:,recombination,5061.692287373681,1:4:1:3:3:2:1:0:1,1:4:1:4:4:0:1:0:1,MUTATE
0:2:1:0:0:4:4:1:0:,recombination,5226.024276101039,0:3:1:2:1:3:3:0:0,0:3:1:1:0:4:4:1:0
1:4:1:1:1:2:3:1:1:,recombination,4864.732564348292,0:3:1:1:0:3:4:1:0,1:4:1:1:1:2:3:1:0,MUTATE
0:3:1:1:0:4:4:1:0:,clone,5141.794734642174,0:3:1:1:0:3:4:1:0
0:2:1:1:0:3:4:1:0:,recombination,5217.127959880784,0:3:1:2:1:3:3:1:0,0:4:1:3:2:1:2:0:0
0:3:1:1:1:4:3:2:0:,clone,5522.529169311866,0:3:1:1:1:4:3:1:0
0:4:2:2:1:3:3:1:0:,recombination,6479.267869197181,1:4:0:3:3:1:2:1:1,0:4:2:2:1:3:3:1:0,MUTATE
1:4:1:1:1:3:4:1:0:,recombination,5889.201592342809,0:4:1:1:0:3:4:1:0,1:4:0:4:4:2:1:1:2,MUTATE
0:4:1:1:1:3:3:1:0:,recombination,4666.4659132927645,1:4:1:2:1:2:3:1:1,1:4:0:3:3:1:2:0:2,MUTATE
0:3:1:1:1:3:3:1:0:,clone,4666.4659132927645,0:4:1:1:1:3:3:1:0
0:2:1:0:0:4:4:1:0:,recombination,5141.794734642174,0:4:1:1:1:3:3:1:0,0:3:1:1:0:4:4:1:0,MUTATE
0:2:1:0:0:4:4:1:0:,clone,5033.158976474389,0:2:1:0:0:4:4:1:0
1:4:1:2:2:3:3:1:0:,recombination,5124.007449453644,0:4:1:2:2:3:2:1:0,0:4:1:2:2:3:3:0:0,MUTATE
1:4:1:2:2:2:3:1:0:,clone,4903.162662646197,1:4:1:2:2:2:3:1:0
1:4:1:3:2:3:2:0:1:,clone,6235.315889167395,1:4:1:3:2:3:2:0:1
0:2:1:1:0:3:4:1:0:,recombination,5140.394245045076,0:3:1:1:0:3:4:1:0,1:4:1:2:2:3:3:0:1,MUTATE
0:4:2:2:1:3:3:1:0:,recombination,6335.083597528512,0:4:2:2:2:2:3:1:0,0:4:2:2:2:2:3:0:0
0:4:1:2:1:2:3:1:0:,clone,4903.162662646197,1:4:1:2:2:2:3:1:0
0:2:1:0:0:3:4:1:0:,clone,5014.404673195611,0:2:1:0:0:3:4:1:0
0:4:1:1:0:3:4:1:0:,clone,5697.021644588091,0:3:1:1:0:3:4:1:0
0:4:1:1:1:2:3:1:0:,clone,4903.162662646197,0:4:1:2:1:2:3:1:0
0:3:1:1:1:2:3:1:0:,clone,5611.700881621227,0:3:1:1:1:2:3:1:0
0:3:1:1:1:2:3:1:0:,clone,4970.422343965292,0:3:1:1:1:2:3:1:0
0:2:1:0:0:4:4:1:0:,clone,5014.404673195611,0:2:1:0:0:4:4:1:0
0:2:1:1:1:3:3:1:0:,recombination,5580.442018623228,0:3:1:3:3:2:2:0:0,0:3:1:2:1:4:3:1:0,MUTATE
0:3:0:1:1:4:3:2:0:,clone,5584.701697752769,0:3:0:1:1:4:3:2:0
0:4:1:2:1:3:3:1:0:,recombination,5030.03171572479,1:4:1:3:2:1:2:0:1,1:4:0:4:4:0:1:0:1
0:2:1:0:0:4:4:2:0:,clone,5317.622207782074,0:2:1:0:0:4:4:1:0
0:3:0:1:1:3:3:2:0:,clone,5426.70244600092,0:3:0:1:1:4:3:2:0
1:4:1:1:1:3:4:2:0:,recombination,6001.632521906571,0:4:1:1:1:4:4:2:0,1:4:0:3:3:2:1:1:2,MUTATE
0:2:1:1:1:3:4:1:0:,recombination,5179.307398034003,0:3:1:1:0:3:4:1:0,1:4:0:3:2:3:2:1:1,MUTATE
0:4:1:1:0:3:4:1:0:,recombination,5685.286658720595,1:4:1:3:2:3:2:1:1,0:4:1:1:0:3:4:1:0
0:4:1:1:1:3:4:1:0:,recombination,5504.726928366321,1:4:0:1:1:3:3:1:1,1:4:1:2:2:3:3:1:0
1:4:0:1:1:4:3:2:0:,clone,5844.826673696757,1:4:0:1:1:4:3:2:0
0:4:1:3:2:3:2:0:0:,clone,6368.822868058218,1:4:1:3:2:3:2:0:1
0:4:1:2:1:3:3:1:0:,clone,4877.249607151884,0:4:1:2:1:3:3:1:0
0:3:1:1:1:3:4:2:0:,recombination,5538.451038372203,0:4:1:1:0:3:4:1:0,1:4:0:4:4:2:1:1:2,MUTATE
1:4:1:2:2:3:3:1:1:,recombination,5286.742448167656,0:4:1:1:1:2:3:1:0,0:4:1:2:2:3:2:0:0,MUTATE
0:4:1:1:1:3:4:1:0:,recombination,5430.8157302684085,0:3:1:1:0:3:4:1:0,1:4:1:2:2:3:3:1:1
0:3:1:0:0:4:4:1:0:,recombination,5433.558870950992,1:4:1:2:2:2:3:1:1,2:4:0:3:4:1:1:0:2,MUTATE
0:3:0:1:1:3:3:2:0:,recombination,5349.704571255754,1:4:0:1:1:4:3:2:0,0:3:0:1:1:4:3:2:0
1:4:1:2:1:3:3:1:1:,clone,5268.217440595581,1:4:1:2:2:3:3:1:1
1:4:1:1:1:3:3:1:0:,recombination,4872.182517569621,1:4:1:1:1:3:3:1:0,1:4:0:4:4:1:1:0:2
0:3:1:0:0:4:4:1:0:,recombination,5322.833218377762,1:4:1:2:2:2:3:1:1,1:4:1:3:3:1:1:0:2
0:3:1:1:0:3:4:1:0:,recombination,4756.285244313353,0:4:1:1:1:3:4:1:0,1:4:1:2:2:2:2:1:1,MUTATE
0:3:1:1:0:3:4:2:0:,clone,5200.207401327825,0:3:1:1:0:3:4:2:0
0:3:1:1:0:4:4:1:0:,recombination,4993.579182204504,1:4:0:2:1:3:3:1:1,0:3:1:1:0:3:4:1:0
0:3:2:1:1:4:3:1:0:,recombination,5880.730991831473,1:4:0:3:3:1:1:0:1,0:4:2:2:2:3:3:1:0
0:2:1:0:0:4:4:2:0:,recombination,5201.1352737327925,0:4:1:2:1:2:3:1:0,1:4:1:1:1:3:3:2:0
0:3:1:2:2:1:2:0:0:,clone,5145.884530903885,0:3:1:2:2:2:2:0:0
1:4:1:2:1:3:3:1:1:,clone,5267.592398039016,1:4:1:2:1:2:3:1:1
1:4:0:2:2:2:3:1:1:,clone,5350.01786108797,1:4:0:2:2:2:3:1:1
0:4:1:1:1:3:4:1:0:,recombination,5172.165831331221,1:4:0:3:3:1:1:0:2,1:4:1:1:1:3:3:1:0,MUTATE
0:3:1:3:2:2:2:0:0:,recombination,5706.434671470447,0:4:1:2:1:3:3:1:0,0:3:1:3:3:2:2:0:0
0:3:1:2:2:2:3:0:0:,recombination,5648.115799303557,2:4:0:3:3:1:1:0:2,0:3:1:2:2:2:2:0:0,MUTATE
0:4:1:1:0:3:4:1:0:,clone,5175.9957734753925,0:4:1:1:0:3:4:1:0
0:3:1:1:1:4:4:1:0:,recombination,5180.6605984753305,0:4:1:2:1:2:3:1:0,1:4:1:1:1:3:3:1:1
0:3:0:1:1:4:3:1:0:,clone,5588.397851457038,0:3:0:1:1:4:3:1:0
0:3:1:1:1:4:3:1:0:,recombination,5180.660598475331,0:4:1:2:1:3:3:1:0,1:4:1:2:2:3:3:1:1
0:3:1:0:0:4:4:2:0:,clone,5434.170169429865,0:3:1:0:0:4:4:2:0
1:4:1:1:1:3:3:1:1:,clone,5297.824690905804,1:4:1:1:1:3:3:1:1
0:3:1:1:1:3:4:1:0:,recombination,5050.218613956279,1:4:1:2:2:2:2:0:1,0:3:1:1:0:3:4:1:0
1:4:1:2:2:3:3:1:1:,recombination,5251.612795155809,1:4:0:4:4:2:1:1:2,0:4:1:1:1:2:3:0:0
1:4:1:2:1:3:3:1:1:,clone,5255.342434954346,1:4:1:1:1:3:3:1:1
1:4:1:2:1:3:3:1:1:,clone,5158.907060447971,1:4:1:2:1:3:3:1:1
1:4:1:1:1:3:3:1:1:,clone,5129.002527878354,1:4:1:1:1:3:3:1:1
0:4:1:2:2:1:3:1:0:,recombination,5282.726146972264,0:4:1:1:1:3:3:0:0,1:4:0:4:4:0:1:0:2,MUTATE
2:4:1:3:3:2:2:0:2:,recombination,5713.814707110924,1:4:0:2:2:2:3:1:1,2:4:1:4:4:1:1:0:2,MUTATE
1:4:1:1:1:3:3:1:1:,clone,5100.23944670433,1:4:1:1:1:3:3:1:1
0:4:1:0:0:3:4:1:0:,recombination,5855.350062625179,0:4:1:2:1:3:3:1:0,1:4:1:1:1:3:3:1:0
2:4:0:4:4:0:0:0:2:,recombination,4922.793667134107,1:4:0:3:3:0:1:0:1,2:4:0:4:4:0:0:0:3,MUTATE
0:3:1:2:2:3:2:1:0:,recombination,5779.122960933096,0:4:1:3:3:1:1:0:0,1:4:0:4:4:2:1:1:1
1:4:1:3:3:2:2:0:2:,clone,5713.814707110924,2:4:1:3:3:2:2:0:2
0:4:1:0:0:3:4:1:0:,clone,5669.106492468808,0:4:1:1:0:3:4:1:0
1:4:1:2:1:3:3:0:1:,recombination,6399.342818106971,1:4:0:3:2:2:2:1:2,1:4:1:4:4:0:0:0:1
1:4:1:2:2:1:3:1:0:,recombination,5361.45688288296,0:4:1:2:2:1:3:1:0,1:4:1:3:3:1:1:0:1,MUTATE
0:4:1:1:0:3:4:2:0:,recombination,5804.746432934233,0:4:1:2:2:2:2:0:0,1:4:1:1:1:3:3:1:0,MUTATE
0:3:1:2:2:3:2:1:0:,recombination,5429.04384110248,0:3:1:2:2:3:2:1:0,1:4:0:3:3:1:1:0:2
0:3:1:1:1:2:4:1:0:,recombination,5510.426085502367,1:4:1:1:1:3:3:1:0,1:4:1:3:3:0:1:0:1,MUTATE
0:4:2:1:1:4:3:1:0:,clone,6315.790082757008,0:3:2:1:1:4:3:1:0
1:4:0:4:4:1:1:1:2:,clone,5630.2616319571425,2:4:0:4:4:1:1:0:2
0:3:1:1:1:4:3:2:0:,recombination,5345.023440811634,1:4:0:3:3:1:2:0:1,0:3:1:1:1:4:4:1:0,MUTATE
1:4:1:3:3:0:1:0:2:,recombination,5079.898095330024,0:2:1:1:0:3:4:1:0,2:4:0:4:4:0:0:0:2
0:3:1:0:0:3:4:2:0:,recombination,5677.421306851962,1:4:1:1:1:2:3:1:1,1:4:1:2:2:3:3:1:0
1:4:0:4:4:1:1:0:2:,clone,5139.020376796725,1:4:0:4:4:1:1:0:2
0:4:1:2:1:4:3:1:0:,recombination,6036.099027824949,1:4:1:4:4:1:0:0:1,0:3:1:2:2:3:3:1:0
0:3:1:2:2:2:3:0:0:,clone,5452.954501525934,0:3:1:2:2:2:2:0:0
1:4:1:3:4:0:1:0:1:,clone,4739.3943214084375,1:4:1:3:3:0:1:0:1
0:3:1:3:3:1:2:0:0:,clone,5131.875842498919,0:3:1:2:2:2:2:0:0
0:3:1:2:2:2:2:1:0:,recombination,5429.578763278232,1:4:1:3:2:1:2:1:1,0:3:1:2:2:2:3:0:0
0:3:1:1:1:2:4:1:0:,clone,5448.1654549859795,0:3:1:1:1:2:4:1:0
0:2:1:0:0:4:4:2:0:,recombination,5194.171036064951,0:3:1:1:1:3:4:1:0,1:4:0:3:3:2:2:1:1
1:4:1:3:3:2:1:0:2:,clone,5780.943667475624,1:4:1:3:3:1:1:0:2
0:3:1:0:0:4:4:2:0:,recombination,5392.989773550809,1:4:0:2:2:1:2:1:1,1:4:1:2:2:2:3:1:0,MUTATE
0:3:0:2:2:3:3:1:0:,clone,5391.056340131192,0:3:0:2:2:3:3:1:0
0:3:1:2:2:2:2:1:0:,recombination,5221.41246061743,0:3:1:2:2:2:2:0:0,1:4:0:3:3:1:1:0:1
0:2:1:0:0:4:4:2:0:,clone,4981.560875610164,0:2:1:0:0:4:4:2:0
0:3:1:2:2:2:2:0:0:,clone,5270.092976859556,0:3:1:2:2:2:2:0:0
0:3:1:2:2:2:3:0:0:,clone,5399.988340417176,0:3:1:2:2:2:3:0:0
0:3:0:2:2:3:2:1:0:,clone,5412.777276386344,0:3:0:2:2:3:3:1:0
0:4:1:1:1:4:3:2:0:,recombination,5884.186930640762,0:4:1:2:1:4:3:1:0,0:2:1:1:0:4:4:1:0,MUTATE
0:3:1:1:1:4:4:2:0:,clone,5058.182839576414,0:3:1:1:1:4:4:1:0
0:2:1:0:0:4:4:2:0:,clone,4862.168422573553,0:2:1:0:0:4:4:2:0
0:3:1:0:0:4:4:2:0:,clone,5218.818415783695,0:3:1:0:0:4:4:2:0
0:3:1:1:1:3:4:2:0:,recombination,5466.569373600208,0:3:1:0:0:4:4:1:0,1:4:1:3:3:0:1:0:1
0:4:1:1:1:4:4:2:0:,clone,5815.380842485992,0:4:1:1:1:4:4:2:0
0:2:1:1:1:4:4:1:0:,recombination,6151.639035604637,1:4:0:2:2:3:3:1:1,0:3:1:3:3:2:2:0:0,MUTATE
0:4:1:1:1:4:4:2:0:,clone,5815.380842485991,0:4:1:1:1:4:4:2:0
0:4:2:1:1:3:3:1:0:,clone,5942.423034253758,0:4:2:1:1:4:3:1:0
0:3:1:2:1:3:3:1:0:,recombination,4931.31571225987,1:4:1:2:2:2:2:0:1,1:4:1:2:2:3:3:1:1
2:4:0:3:3:0:1:0:2:,clone,5279.77721320215,2:4:0:4:4:0:1:0:2
1:4:1:3:3:2:2:1:2:,clone,5659.204950734925,1:4:0:3:3:2:2:1:2
1:4:1:1:1:4:3:2:0:,recombination,5658.574994276178,1:4:1:3:2:3:3:0:1,1:4:0:1:1:4:3:2:0,MUTATE
0:4:1:1:1:4:4:2:0:,recombination,5450.061910411996,2:4:0:3:3:1:1:1:2,1:4:1:3:2:1:2:1:1,MUTATE
1:4:1:4:4:2:1:1:1:,clone,5779.810223476568,1:4:1:4:3:2:1:1:1
0:4:1:1:1:3:3:2:0:,recombination,5408.760495172064,0:3:1:1:0:3:4:1:0,1:4:0:2:2:2:2:1:2,MUTATE
0:4:1:1:1:4:4:2:0:,clone,5318.90576281549,0:4:1:1:1:4:4:2:0
0:4:1:1:1:2:4:1:0:,clone,6000.69129387723,0:4:1:1:1:2:3:1:0
0:4:0:1:1:3:4:1:0:,clone,5750.775394459511,1:4:0:1:1:3:3:1:0
2:4:0:3:4:0:1:0:2:,clone,5350.004082392827,2:4:0:3:3:0:1:0:2
0:3:1:2:1:2:3:1:0:,recombination,4858.860873593602,1:4:0:2:2:2:2:1:1,0:3:1:2:2:2:3:0:0
1:4:0:2:2:3:3:1:1:,recombination,5007.717532826436,2:4:1:3:3:1:1:0:2,1:4:0:3:3:1:2:1:2
1:4:0:2:2:3:3:1:1:,clone,4941.021424335887,1:4:0:2:2:3:3:1:1
2:4:0:4:4:0:1:0:2:,clone,5229.733202318363,2:4:0:4:4:0:1:0:2
0:4:1:2:1:4:3:1:0:,clone,5981.05832791779,0:4:1:2:1:4:3:1:0
0:4:1:2:1:4:3:1:0:,clone,5828.661951627565,0:4:1:2:1:4:3:1:0
0:3:1:0:0:4:4:1:0:,clone,5273.949321949418,0:3:1:0:0:4:4:2:0
1:4:1:3:3:2:1:0:2:,recombination,5544.21163410768,1:4:1:3:3:2:1:0:2,1:4:1:4:3:2:1:1:1,MUTATE
0:4:2:3:2:2:2:0:0:,clone,6158.562357111005,0:4:1:3:2:2:2:0:0
1:4:1:2:2:1:3:0:1:,recombination,5469.087653069513,1:4:0:4:4:0:1:0:2,1:4:0:3:3:2:2:1:1,MUTATE
0:4:0:2:2:3:3:1:0:,clone,5733.6545850819975,0:4:0:2:2:3:3:1:0
0:4:2:3:3:2:2:0:0:,clone,5906.949373768637,0:4:2:3:2:2:2:0:0
1:4:1:3:2:2:3:1:1:,clone,6665.388010920796,1:4:1:3:2:2:3:1:1
0:4:1:1:1:4:4:1:0:,clone,5736.505961146359,0:4:1:1:1:4:4:1:0
0:2:1:1:0:4:4:2:0:,clone,5163.225205783157,0:2:1:1:0:4:4:1:0
0:2:1:1:0:4:4:2:0:,recombination,5089.591595602934,0:2:1:1:0:4:4:2:0,1:4:1:4:4:0:1:0:2
0:3:1:0:0:3:4:1:0:,recombination,5485.549355799654,2:4:0:4:4:0:0:0:2,0:3:1:1:0:4:4:1:0,MUTATE
1:4:1:1:1:3:4:1:0:,recombination,5738.990389493304,2:4:0:4:4:0:1:0:2,0:3:1:1:1:4:4:1:0
0:3:0:1:1:3:3:1:0:,recombination,6028.088855322824,1:4:0:4:4:1:1:0:2,1:4:0:2:1:2:3:1:1
1:4:1:4:3:1:2:0:1:,recombination,6370.392242711396,1:4:1:4:4:1:2:0:1,1:4:1:3:3:1:2:1:1,MUTATE
0:4:2:3:2:2:2:0:0:,recombination,5983.085534259303,0:3:1:1:1:4:3:1:0,0:4:2:3:2:2:2:0:0
0:3:0:1:1:3:3:1:0:,recombination,5439.667825069139,1:4:0:2:1:2:3:1:1,0:4:1:3:2:2:3:0:0
0:2:1:1:0:4:4:2:0:,recombination,5048.656728613502,1:4:0:1:1:3:3:1:0,1:4:0:2:1:3:3:1:1
0:3:1:1:0:3:4:2:0:,clone,5166.593310564792,0:2:1:1:0:4:4:2:0
0:4:1:1:1:3:3:2:0:,recombination,5308.432402990677,1:4:0:4:4:2:1:1:1,2:4:0:4:4:2:1:1:2,MUTATE
1:4:0:4:4:1:1:1:2:,clone,5498.093872545574,1:4:0:4:4:1:1:0:2
0:4:0:2:2:3:3:1:0:,recombination,5396.524368599786,0:3:0:2:2:3:2:1:0,1:4:0:4:4:2:2:0:1,MUTATE
1:4:1:4:4:1:2:0:1:,clone,6252.535494615535,1:4:1:4:4:1:2:0:1
1:4:0:2:2:2:3:1:1:,recombination,4805.35450148046,1:4:0:2:2:3:3:1:1,0:3:2:1:1:4:3:1:0
1:4:0:1:1:3:3:1:0:,clone,5182.675249610602,1:4:0:1:1:3:3:1:1
1:4:0:2:1:3:3:1:1:,clone,4858.344971450446,1:4:0:2:1:3:3:1:1
1:4:1:2:1:3:3:1:1:,clone,5148.302782565935,1:4:0:2:1:3:3:1:1
1:4:0:2:2:1:2:0:1:,recombination,4660.089601500447,1:4:1:2:1:3:3:1:1,1:4:0:4:4:1:1:1:2
1:4:0:1:1:3:3:1:0:,clone,4978.947350091169,1:4:1:1:1:3:3:1:0
1:4:1:2:1:3:3:1:0:,clone,4973.872152852017,1:4:0:1:1:3:3:1:0
1:4:1:3:3:0:2:0:1:,clone,4989.82648462772,1:4:1:3:3:0:2:0:1
0:3:2:0:0:4:4:2:0:,recombination,6921.628865895011,0:4:1:2:1:4:3:1:0,0:4:1:1:0:4:4:2:0
0:4:2:1:1:3:4:1:0:,clone,6837.314120058268,0:4:2:1:1:3:4:1:0
0:4:2:2:2:3:3:0:0:,clone,6380.368795716439,0:4:1:2:2:2:3:0:0
0:3:1:0:0:4:4:2:0:,recombination,4972.570248770621,0:2:1:0:0:4:4:1:0,0:3:1:0:0:3:4:1:0
1:4:1:1:1:3:4:1:0:,recombination,5560.8098291725455,0:2:1:1:1:3:4:1:0,1:4:0:2:2:1:2:1:2
0:3:1:1:0:3:4:2:0:,recombination,5052.998393240649,0:3:1:0:0:4:4:2:0,1:4:1:3:3:1:2:1:2
0:3:1:0:0:3:4:2:0:,clone,5107.807265111916,0:3:1:0:0:3:4:2:0
1:4:1:1:1:3:4:1:1:,recombination,5990.277555312476,1:4:1:3:3:1:2:0:2,1:4:1:1:1:3:4:1:0,MUTATE
0:2:1:0:0:4:4:1:0:,recombination,4931.6081233695595,0:3:1:1:1:3:3:1:0,1:4:0:2:1:3:3:1:1,MUTATE
0:2:1:0:0:4:4:1:0:,clone,4920.7185477563635,0:2:1:0:0:4:4:1:0
2:4:0:4:4:0:0:0:2:,clone,4708.671423820275,0:2:1:0:0:4:4:2:0
0:4:1:1:1:2:4:1:0:,recombination,5781.825437186656,1:4:0:3:3:1:2:1:1,1:4:0:3:3:1:1:0:1,MUTATE
0:3:0:2:1:3:3:1:0:,clone,5696.528221747423,0:3:0:2:1:3:3:1:0
0:4:1:1:1:3:4:2:0:,recombination,5488.405185519821,0:4:1:2:2:2:2:1:0,1:4:0:4:4:0:1:0:1,MUTATE
1:4:1:1:1:2:4:1:0:,clone,5875.181043810561,1:4:1:1:1:2:4:1:0
0:2:1:0:0:3:4:2:0:,recombination,5526.998068837103,1:4:1:2:1:3:3:1:0,1:4:1:3:3:1:2:1:1,MUTATE
0:3:2:0:0:4:4:1:0:,clone,6383.621957235346,0:3:1:0:0:4:4:2:0
1:4:1:2:1:3:3:2:0:,recombination,5785.987070507287,0:4:1:1:0:3:4:2:0,2:4:0:4:4:1:1:1:2
0:3:2:0:0:4:4:1:0:,clone,6299.392415776481,0:3:2:0:0:4:4:1:0
0:4:1:1:0:4:4:1:0:,recombination,5672.266454884732,0:4:1:1:0:4:4:2:0,0:4:1:1:0:4:4:1:0
0:2:2:0:0:4:4:2:0:,recombination,6590.7095695579055,0:3:2:0:0:4:4:1:0,1:4:1:2:2:1:2:0:1
0:3:2:0:0:4:4:2:0:,recombination,6576.1641066209595,0:4:1:2:2:3:3:1:0,1:4:0:3:3:1:1:0:2,MUTATE
0:4:2:1:1:3:4:1:0:,clone,6095.744233015534,0:4:2:1:1:3:3:1:0
1:4:1:3:3:1:2:1:1:,clone,4924.539061482673,1:4:1:3:3:1:2:1:1
1:4:1:4:4:0:0:0:2:,clone,4645.578451596432,1:4:1:4:4:0:0:0:2
0:3:2:1:0:4:4:1:0:,recombination,6064.921287806504,0:3:1:2:1:3:3:1:0,0:3:2:0:0:4:4:2:0,MUTATE
1:4:1:4:4:0:1:0:2:,recombination,4981.797371094198,1:4:1:1:1:3:3:1:1,0:4:1:2:2:2:3:0:0
1:4:1:4:4:0:1:0:2:,clone,4903.836758873572,1:4:1:4:4:0:1:0:2
0:4:2:1:0:3:4:1:0:,clone,6017.930024883986,0:4:2:1:0:3:4:1:0
1:4:1:4:4:1:1:0:2:,recombination,5276.4549804617145,0:4:1:3:2:2:2:0:0,0:4:1:1:0:3:4:2:0
0:4:2:1:0:4:4:1:0:,clone,6428.28892832326,0:4:2:1:0:4:4:1:0
1:4:1:2:2:4:3:1:1:,recombination,6054.62234689787,1:4:1:3:2:2:2:1:1,1:4:1:3:2:2:2:0:1,MUTATE
0:4:1:1:1:4:4:1:0:,recombination,5443.743358117501,1:4:1:4:4:0:0:0:2,0:4:1:1:1:4:4:2:0
1:4:0:3:4:2:1:0:2:,recombination,5794.15441030213,0:3:1:2:2:3:3:1:0,1:4:1:2:2:3:2:1:0
1:4:1:3:3:3:2:1:1:,recombination,5835.207958902482,1:4:1:2:2:2:2:1:0,1:4:0:3:3:1:1:0:1,MUTATE
0:3:2:1:1:3:4:1:0:,recombination,6956.96532296941,1:4:0:3:3:2:2:1:1,0:4:2:3:3:2:2:0:0,MUTATE
0:3:1:2:1:3:3:2:0:,clone,6197.935636729053,0:3:1:2:1:3:3:2:0
0:3:2:0:0:4:4:1:0:,recombination,6095.933892211625,0:2:1:0:0:4:4:2:0,0:3:2:1:0:4:4:1:0,MUTATE
0:3:2:1:1:3:4:1:0:,clone,6748.441617933771,0:4:2:1:1:3:4:1:0
0:2:2:0:0:4:4:1:0:,recombination,6243.971652356149,1:4:1:2:2:2:2:1:1,1:4:0:3:3:2:2:0:2
0:3:2:1:0:3:4:1:0:,clone,6451.246270021951,0:3:2:1:0:4:4:1:0
1:4:1:2:2:1:2:1:0:,clone,5476.638317882877,1:4:1:2:2:1:2:1:0
0:3:2:1:1:3:3:1:0:,clone,6146.695685837369,0:3:2:1:1:3:4:1:0
1:4:1:2:2:1:2:1:0:,recombination,5411.929313477954,1:4:0:4:4:0:1:0:1,1:4:1:3:3:2:2:0:2
0:3:2:1:0:3:4:1:0:,clone,6319.20321576512,0:3:2:1:0:3:4:1:0
0:3:2:1:1:3:4:1:0:,clone,6249.771081539338,0:3:2:1:1:3:4:1:0
0:3:2:1:0:3:4:1:0:,recombination,6207.844823626606,1:4:0:2:2:2:3:1:1,0:4:2:3:2:2:2:0:0,MUTATE
0:3:2:1:1:3:4:1:0:,clone,6134.818686465279,0:3:2:1:0:3:4:1:0
1:4:1:2:1:4:3:1:0:,recombination,6415.815639256436,1:4:0:3:3:1:1:1:2,0:3:1:0:0:4:4:2:0
0:2:1:1:1:4:4:1:0:,recombination,5684.181601575849,1:4:1:4:4:1:1:0:2,0:4:1:2:2:1:2:0:0,MUTATE
0:3:2:1:0:3:4:1:0:,clone,6159.954932148408,0:3:2:1:0:3:4:1:0
0:3:2:0:0:4:4:2:0:,recombination,6190.099893978054,1:4:1:2:1:3:3:1:0,0:3:1:0:0:4:4:2:0,MUTATE
1:4:0:1:1:3:3:2:1:,clone,5844.826673696758,0:4:1:1:1:3:3:1:0
0:2:2:0:0:4:4:2:0:,recombination,6372.730606741964,1:4:0:4:4:2:1:1:1,1:4:0:3:3:1:2:1:1
0:2:2:0:0:4:4:1:0:,recombination,6214.578655958279,1:4:1:2:2:2:3:1:0,0:3:1:0:0:4:4:2:0,MUTATE
0:3:2:1:1:4:4:1:0:,clone,6202.152314186315,0:3:2:1:1:4:4:1:0
1:4:1:3:2:2:2:1:0:,recombination,5580.595461147146,1:4:0:2:1:2:3:1:1,2:4:0:4:4:1:1:1:2,MUTATE
0:3:2:1:0:4:4:1:0:,clone,6050.786351431551,0:3:2:1:0:4:4:1:0
0:3:2:1:0:4:4:1:0:,clone,5952.047819056255,0:3:1:1:0:4:4:1:0
0:2:2:0:0:4:4:2:0:,clone,6161.721513576478,0:2:1:0:0:4:4:2:0
1:4:1:2:1:1:3:1:1:,recombination,5441.20979456432,1:4:1:2:1:2:3:1:1,1:4:0:4:4:0:1:0:1,MUTATE
1:4:0:4:4:0:0:0:2:,clone,4797.222609609533,1:4:0:4:4:0:0:0:2
0:4:2:1:0:4:4:1:0:,recombination,6219.202781861902,0:4:2:2:2:3:3:1:0,1:4:1:4:4:0:0:0:2,MUTATE
1:4:0:3:4:1:1:0:1:,recombination,4893.083754009208,1:4:1:4:4:1:1:0:2,1:4:0:1:1:3:3:1:0
0:3:1:0:0:4:4:1:0:,recombination,5256.8874428288755,1:4:1:4:4:0:0:0:2,0:4:1:1:1:3:4:1:0,MUTATE
0:2:1:1:0:4:4:2:0:,recombination,5020.470463026675,0:2:1:0:0:4:4:1:0,0:4:1:2:2:2:2:1:0
0:3:1:0:0:4:4:1:0:,clone,5254.530197327004,0:3:1:0:0:4:4:1:0
1:4:0:1:1:3:3:2:1:,clone,5844.826673696757,1:4:0:1:1:3:3:2:1
0:2:1:1:0:4:4:2:0:,clone,5001.343075089607,0:2:1:1:0:4:4:2:0
1:4:0:1:1:3:3:2:1:,clone,5761.5474188094995,1:4:0:1:1:3:3:2:1
0:2:1:1:0:4:4:2:0:,clone,4771.443357551025,0:2:1:1:0:4:4:2:0
1:4:1:2:1:3:3:2:1:,clone,5793.830154915953,1:4:0:1:1:3:3:2:1
1:4:1:1:1:4:3:1:0:,recombination,5526.573034292199,0:2:1:0:0:4:4:2:0,0:4:1:2:2:2:2:0:0,MUTATE
0:2:2:0:0:4:4:2:0:,clone,6123.5762231481085,0:2:2:0:0:4:4:2:0
1:4:0:3:4:2:1:0:1:,recombination,5484.935706406467,0:3:1:2:2:2:3:0:0,1:4:1:4:3:2:2:0:1,MUTATE
0:4:2:2:1:2:3:1:0:,recombination,6242.980560913727,0:4:2:2:2:3:3:1:0,1:4:0:2:2:1:2:0:1,MUTATE
0:3:1:1:1:3:4:2:0:,recombination,5432.2860567458065,1:4:1:3:3:1:1:0:1,2:4:0:4:4:0:1:0:2,MUTATE
0:3:1:1:1:3:3:2:0:,clone,5276.017566871316,0:3:1:1:1:3:3:2:0
1:4:0:3:3:1:1:1:2:,clone,5598.358815590998,1:4:0:3:3:1:1:1:2
0:3:1:1:1:3:4:2:0:,clone,5413.301793360377,0:3:1:1:1:3:4:2:0
1:4:1:2:2:3:3:1:0:,recombination,5111.712651921803,2:4:0:3:3:2:2:1:2,0:4:1:2:1:3:3:0:0
0:3:1:1:1:3:3:2:0:,recombination,5087.06705604679,1:4:1:2:2:3:3:1:0,1:4:1:3:3:1:2:0:2,MUTATE
0:4:0:1:1:3:3:1:0:,clone,5440.58614599242,0:4:0:1:1:3:3:1:0
1:4:1:2:2:3:2:0:1:,recombination,5820.790197666988,1:4:0:3:2:2:2:1:1,1:4:0:4:4:2:1:0:2,MUTATE
1:4:0:3:4:2:1:0:1:,clone,5484.935706406466,1:4:0:3:4:2:1:0:1
0:4:1:1:1:2:3:1:0:,recombination,4702.104399537476,1:4:1:2:2:3:3:1:1,0:4:1:1:1:3:4:1:0,MUTATE
0:4:0:1:1:3:3:1:0:,recombination,5197.906151588304,0:4:1:2:1:3:3:0:0,0:4:0:1:1:3:3:1:0,MUTATE
1:4:1:4:4:2:1:0:1:,clone,5564.011648185639,1:4:0:3:4:2:1:0:1
0:3:1:0:0:3:4:1:0:,clone,5388.2535432448485,0:3:1:0:0:3:4:1:0
0:3:1:0:0:3:4:1:0:,clone,5349.131406459265,0:3:1:0:0:3:4:1:0
0:3:1:1:0:3:4:2:0:,clone,5022.728571579895,0:3:1:1:0:3:4:2:0
0:3:2:0:0:4:4:1:0:,recombination,5974.361039859529,0:3:1:1:1:4:3:1:0,0:3:1:0:0:4:4:2:0,MUTATE
0:4:1:2:1:2:3:1:0:,clone,4885.756620628401,1:4:1:1:1:2:3:1:0
0:3:2:0:0:4:4:1:0:,clone,5459.571793173834,0:3:2:0:0:4:4:1:0
0:4:1:1:1:2:3:1:0:,recombination,4519.475624915011,0:2:2:0:0:4:4:2:0,1:4:1:2:2:1:2:1:1
0:3:1:0:0:3:4:1:0:,clone,5103.470135758377,0:3:1:0:0:3:4:1:0
0:2:1:0:0:3:4:1:0:,recombination,4660.198346785031,1:4:0:3:2:2:2:1:1,0:3:1:1:0:3:4:1:0
0:2:1:0:0:3:4:2:0:,clone,5434.836399418385,0:2:1:0:0:3:4:2:0
0:3:2:0:0:4:4:2:0:,clone,5708.7390795493075,0:3:2:0:0:4:4:1:0
0:2:2:0:0:4:4:2:0:,clone,5833.730834932834,0:2:2:0:0:4:4:2:0
0:2:2:0:0:4:4:1:0:,clone,5621.247033626134,0:2:2:0:0:4:4:1:0
0:3:1:2:1:4:3:2:0:,clone,6098.343114666649,0:4:0:2:1:4:3:1:0
0:2:1:1:1:4:4:2:0:,recombination,5530.586385025143,1:4:0:3:3:1:1:1:2,0:2:1:1:0:4:4:2:0
0:4:1:2:1:4:3:2:0:,clone,6057.663546662446,0:4:1:2:1:4:3:1:0
0:4:1:1:1:4:3:2:0:,recombination,5690.669391878922,0:3:2:0:0:4:4:2:0,0:3:1:1:1:3:3:2:0,MUTATE
0:4:1:2:1:3:3:2:0:,recombination,5384.467739218469,0:4:2:1:1:3:4:1:0,0:3:1:1:1:3:4:2:0
1:4:0:3:2:2:2:0:1:,recombination,5076.561129428176,0:2:1:0:0:4:4:2:0,0:4:1:1:1:3:3:1:0,MUTATE
0:3:1:1:1:4:3:1:0:,recombination,5097.146918448984,1:4:1:2:1:3:3:1:1,1:4:1:1:1:4:3:1:0,MUTATE
0:3:0:1:1:3:3:1:0:,clone,5183.268016994144,0:3:0:1:1:3:3:1:0
0:4:1:2:2:2:3:1:0:,recombination,5033.060690284481,0:3:1:1:1:3:3:1:0,1:4:1:3:2:1:2:1:1
0:3:1:1:0:4:4:2:0:,recombination,5078.020704370194,0:3:1:1:0:4:4:1:0,0:2:1:0:0:4:4:1:0
0:4:1:2:1:2:3:1:0:,clone,4856.511230927478,0:4:1:2:1:2:3:1:0
0:3:1:1:1:4:3:2:0:,clone,5302.14181622255,0:3:1:1:1:4:3:2:0
0:3:1:1:1:3:4:2:0:,clone,5339.595863802384,0:3:1:1:1:3:4:2:0
0:2:1:1:1:3:4:2:0:,recombination,5109.633320962827,0:3:1:1:1:4:4:1:0,0:3:1:1:1:3:4:2:0
1:4:1:3:4:1:1:0:2:,recombination,5355.412678083199,0:4:1:1:1:4:4:1:0,1:4:1:3:3:1:2:1:1,MUTATE
2:4:0:4:4:1:0:0:2:,recombination,5101.856094480268,1:4:1:3:3:1:1:0:2,1:4:1:3:3:2:2:0:1
0:2:1:0:0:3:4:2:0:,recombination,5149.747698206392,1:4:1:3:3:0:1:0:1,1:4:1:2:2:1:2:1:1,MUTATE
1:4:0:4:4:1:0:0:2:,clone,5132.184350214404,2:4:0:4:4:1:0:0:2
1:4:0:4:4:1:0:0:2:,clone,5108.00743950085,1:4:0:4:4:1:0:0:2
1:4:0:4:4:1:0:0:2:,clone,5035.545080437184,1:4:0:4:4:1:0:0:2
1:4:0:4:4:1:1:0:2:,clone,5035.545080437184,1:4:0:4:4:1:0:0:2
2:4:0:4:4:0:0:0:3:,clone,5139.645132277519,0:2:1:0:0:4:4:2:0
1:4:0:3:2:2:2:0:1:,clone,5052.456481469908,1:4:0:3:2:2:2:0:1
1:4:1:2:1:3:3:1:0:,recombination,4944.2114720119025,0:3:1:2:2:3:3:1:0,1:4:1:2:2:1:2:1:1
1:4:1:3:3:2:2:1:2:,recombination,5603.468080387361,2:4:0:4:4:0:0:0:3,0:3:1:1:0:4:4:1:0
0:3:1:1:1:4:3:2:0:,recombination,5212.193244006897,0:3:1:2:2:3:3:1:0,1:4:1:4:4:1:1:0:2
1:4:1:2:1:4:3:1:1:,recombination,5730.951216062288,1:4:1:3:2:2:3:1:1,0:3:2:1:0:3:4:1:0,MUTATE
1:4:1:1:1:4:3:2:1:,clone,5941.55821961914,1:4:1:1:1:4:3:2:1
1:4:1:1:1:4:3:1:1:,clone,5817.646033625502,1:4:1:1:1:4:3:1:1
1:4:0:2:1:4:3:2:0:,recombination,5681.661790365442,1:4:1:2:2:1:2:1:0,1:4:0:4:4:1:0:0:1,MUTATE
0:3:2:1:0:4:4:1:0:,recombination,5801.014218986118,0:4:2:1:1:2:3:1:0,1:4:1:2:1:1:3:1:1,MUTATE
0:3:2:1:1:3:4:1:0:,recombination,5747.805791847381,1:4:0:1:1:3:3:2:1,2:4:1:3:3:1:1:0:2
0:3:2:1:0:4:4:1:0:,clone,5779.925219725633,0:3:2:1:1:3:4:1:0
3:4:0:4:4:0:0:0:3:,clone,5736.730958964498,0:2:1:0:0:4:4:2:0
0:3:1:0:0:4:4:1:0:,clone,5202.180074838533,0:3:1:0:0:4:4:1:0
1:4:0:2:1:3:3:2:0:,recombination,5750.579407162691,0:3:1:0:0:4:4:1:0,1:4:0:2:1:4:3:2:0
0:3:2:1:0:4:4:1:0:,clone,5723.749676070194,0:3:1:1:1:3:4:1:0
2:4:1:4:4:0:1:0:2:,clone,5374.499371736862,2:4:0:4:4:0:0:0:2
1:4:1:4:4:1:1:0:2:,clone,5245.585060126333,1:4:0:4:4:0:1:0:2
2:4:1:4:4:1:1:0:2:,clone,5662.805592829934,2:4:1:4:4:1:1:0:2
0:3:2:1:0:4:4:1:0:,clone,5601.39124291481,0:3:1:1:1:3:3:1:0
2:4:0:4:4:0:1:0:2:,clone,5048.956227093748,2:4:0:4:4:0:1:0:2
0:4:2:1:0:4:4:1:0:,recombination,5772.079481229226,1:4:1:2:1:3:3:2:1,2:4:1:4:4:1:1:0:2,MUTATE
0:4:1:1:0:4:4:1:0:,recombination,5450.139889107272,0:4:1:1:1:3:3:1:0,0:3:2:1:1:3:4:1:0,MUTATE
1:4:0:3:2:1:2:0:1:,clone,5718.73264380747,1:4:0:3:2:1:2:0:1
0:3:2:0:0:4:4:1:0:,recombination,5456.353676436323,1:4:1:3:2:1:2:0:1,0:4:1:1:0:4:4:1:0
0:3:1:1:1:3:4:1:0:,recombination,4826.677539186215,0:4:1:1:1:3:3:1:0,0:4:1:2:1:3:3:1:0
0:2:1:1:0:4:4:1:0:,clone,4962.6832711140205,0:2:1:1:0:4:4:1:0
2:4:0:3:4:0:1:0:2:,clone,5253.165809609061,2:4:0:3:4:0:1:0:2
0:3:1:0:0:4:4:1:0:,clone,5114.08477537976,0:3:1:0:0:4:4:1:0
0:3:1:1:0:3:4:1:0:,clone,4656.503231419737,0:3:1:1:0:3:4:1:0
0:3:1:1:0:3:4:2:0:,recombination,4979.391411836457,1:4:1:1:1:3:3:1:0,0:3:1:1:1:3:4:1:0,MUTATE
0:3:1:1:0:4:4:1:0:,recombination,4945.924882046484,1:4:1:2:1:2:3:1:1,1:4:0:2:2:2:3:1:1
1:4:1:2:1:4:3:1:0:,recombination,5938.509753391155,2:4:0:3:4:0:1:0:2,0:4:1:2:2:3:2:1:0
1:4:1:2:2:4:3:1:0:,recombination,6363.262359411674,1:4:0:3:2:2:2:1:1,1:4:1:2:2:2:2:1:0
0:4:1:1:1:4:3:1:0:,clone,5532.068580935175,0:3:1:1:1:4:4:1:0
2:4:0:3:3:1:1:1:2:,clone,5527.8901325250645,2:4:0:3:3:1:1:1:2
1:4:0:4:4:1:1:0:2:,recombination,4950.903169894259,0:4:1:2:1:3:3:1:0,0:3:2:0:0:4:4:2:0
1:4:0:3:3:2:2:0:1:,clone,5080.571234344598,1:4:0:3:3:1:2:0:1
1:4:0:3:3:2:2:0:1:,recombination,4960.005914592702,1:4:1:2:2:2:2:1:1,0:4:1:2:2:4:3:1:0,MUTATE
1:4:1:3:3:2:2:0:1:,clone,4935.210419691345,1:4:1:3:3:2:2:0:1
1:4:1:2:1:3:3:1:1:,clone,5022.425644530169,1:4:1:2:2:2:3:1:1
1:4:1:2:2:3:3:1:1:,recombination,5062.0462267725225,1:4:1:2:2:2:3:1:0,1:4:0:3:3:2:2:0:1,MUTATE
1:4:1:1:1:4:3:1:0:,clone,5446.304114614292,1:4:1:2:1:3:3:1:0
0:3:1:0:0:4:4:1:0:,clone,5012.030289971827,0:3:1:0:0:4:4:1:0
0:3:1:0:0:4:4:2:0:,clone,4876.620683438147,0:3:1:0:0:4:4:1:0
0:4:1:1:1:4:3:1:0:,clone,5385.902564647433,0:4:1:2:1:3:3:1:0
0:3:1:1:0:4:4:2:0:,recombination,4862.168422573551,0:3:1:2:1:3:3:1:0,1:4:1:3:2:1:2:0:1
0:4:1:2:1:4:3:1:0:,clone,5563.094741257132,0:4:1:2:1:4:3:1:0
0:4:1:1:1:4:3:1:0:,recombination,5287.5093646354135,1:4:1:2:1:3:3:1:1,1:4:1:2:2:2:3:1:0
0:4:1:1:1:4:3:1:0:,clone,5275.573791226938,0:4:1:1:1:4:3:1:0
0:3:1:1:1:4:3:2:0:,recombination,5118.906409670795,0:4:1:2:1:4:3:1:0,0:4:2:3:2:2:2:0:0,MUTATE
0:3:1:1:1:4:4:2:0:,clone,4939.224792196799,0:3:1:1:1:4:4:2:0
0:3:1:1:1:4:4:1:0:,clone,5082.155631097326,0:3:1:1:1:4:4:1:0
0:2:2:0:0:4:4:1:0:,recombination,5602.355352884006,0:4:1:1:0:4:4:1:0,1:4:0:4:4:0:1:0:2,MUTATE
1:4:0:2:2:1:2:1:1:,recombination,5037.675063055806,1:4:1:2:2:1:1:0:1,1:4:1:2:2:3:2:1:1,MUTATE
1:4:0:3:4:0:1:0:1:,clone,4899.865938948669,1:4:0:3:3:0:1:0:1
1:4:0:3:3:0:1:0:2:,clone,4812.036957274694,1:4:0:3:3:0:1:0:2
1:4:0:3:3:0:1:0:1:,clone,4986.724174208237,1:4:0:3:3:0:1:0:2
1:4:0:3:3:0:1:0:1:,clone,4566.121362542047,1:4:0:3:3:0:1:0:1
1:4:0:3:3:1:2:0:1:,recombination,4917.07710109512,0:3:1:1:0:4:4:1:0,0:4:0:1:1:3:3:1:0,MUTATE
0:4:1:2:2:3:3:1:0:,recombination,4990.955638284523,1:4:1:3:3:2:2:0:1,1:4:0:3:3:2:2:0:2,MUTATE
1:4:1:4:4:2:1:0:2:,recombination,6160.953067061621,1:4:1:4:4:2:1:0:1,0:3:1:2:2:2:3:1:0
2:4:1:3:4:1:1:0:2:,recombination,5812.761648148655,1:4:1:4:4:2:1:0:1,0:3:2:1:0:3:4:1:0
0:2:2:0:0:4:4:2:0:,clone,5714.71932221715,0:2:1:0:0:4:4:2:0
0:3:2:0:0:4:4:2:0:,clone,5680.94653047771,0:2:2:0:0:4:4:2:0
0:2:2:0:0:4:4:2:0:,recombination,5653.591881643646,0:2:2:0:0:4:4:2:0,1:4:0:2:1:3:3:2:0,MUTATE
0:2:2:0:0:4:4:2:0:,clone,5605.183348923816,0:2:2:0:0:4:4:2:0
0:2:2:0:0:4:4:1:0:,clone,5589.193018409393,0:3:2:0:0:4:4:1:0
0:2:2:0:0:4:4:1:0:,clone,5478.599756788814,0:2:2:0:0:4:4:1:0
2:4:1:4:4:1:1:0:2:,recombination,5437.188698300805,0:3:1:1:1:4:4:1:0,1:4:0:3:4:2:1:0:1
0:2:2:0:0:4:4:2:0:,recombination,5412.543406254486,0:3:2:0:0:4:4:2:0,1:4:0:3:2:2:2:1:2
0:3:2:0:0:4:4:1:0:,recombination,5437.539559544567,0:2:2:0:0:4:4:1:0,1:4:1:3:3:2:1:0:2,MUTATE
2:4:0:3:4:0:1:0:2:,recombination,5118.739898822987,0:4:1:1:1:3:4:1:0,1:4:0:2:2:2:3:1:1
1:4:0:3:3:1:1:1:2:,clone,5412.279652024573,2:4:0:3:3:1:1:1:2
1:4:1:2:2:3:2:0:1:,clone,5654.2835463475,1:4:1:2:2:2:2:0:1
1:4:1:2:2:3:3:0:1:,clone,5742.914797511655,1:4:1:2:2:3:3:1:1
2:4:1:4:4:0:1:0:2:,clone,5278.188954362293,2:4:0:4:4:0:0:0:2
1:4:1:4:4:1:1:0:2:,clone,5195.2382626092,2:4:1:4:4:0:1:0:2
1:4:1:2:2:3:3:0:1:,recombination,5634.890826896803,1:4:1:2:1:3:3:1:1,0:3:1:1:0:4:4:1:0,MUTATE
1:4:0:3:4:1:1:0:2:,clone,5122.368034977584,1:4:0:3:4:1:1:0:1
1:4:1:2:2:3:3:1:0:,recombination,4999.940562801063,0:3:1:1:1:4:3:1:0,0:3:1:2:2:3:3:1:0,MUTATE
1:4:1:4:4:1:1:0:2:,clone,4988.617204796017,1:4:1:4:4:1:1:0:2
2:4:0:3:3:1:1:0:2:,clone,5108.779948731589,2:4:0:3:3:1:1:0:2
1:4:0:3:3:1:1:0:1:,recombination,4680.576972440121,0:3:1:1:1:4:4:1:0,0:4:1:1:1:4:3:1:0,MUTATE
1:4:0:3:3:1:1:0:1:,recombination,4652.492279381071,1:4:1:2:1:3:3:1:1,0:3:1:2:2:2:3:1:0
1:4:0:3:3:1:1:0:2:,clone,4712.883915241468,1:4:0:3:3:1:1:0:2
2:4:1:4:4:1:1:0:2:,recombination,5331.435547309155,1:4:1:2:2:2:3:1:1,0:3:1:0:0:4:4:1:0,MUTATE
1:4:1:3:3:2:1:0:1:,recombination,4972.404495145706,0:3:1:1:1:4:4:1:0,1:4:1:2:1:3:3:0:1,MUTATE
1:4:0:3:3:2:1:0:2:,clone,5546.317119944979,1:4:1:3:3:2:1:0:1
0:3:1:2:1:3:3:2:0:,recombination,5558.745020063203,0:4:1:1:1:3:3:2:0,1:4:1:2:1:3:3:1:1,MUTATE
0:4:1:1:0:4:4:1:0:,recombination,5378.522572982986,1:4:0:3:4:1:1:0:2,1:4:0:1:1:3:3:1:0,MUTATE
0:4:1:2:1:4:3:1:0:,recombination,5234.060032617296,1:4:1:2:2:3:3:1:0,0:4:1:2:1:3:3:1:0,MUTATE
0:3:0:1:1:3:3:1:0:,recombination,5017.469278700395,1:4:1:1:1:3:4:1:1,1:4:1:2:2:3:3:1:0
1:4:1:2:1:3:3:2:0:,recombination,5749.0366751906795,2:4:0:4:4:0:1:0:2,1:4:0:4:4:1:1:0:1
1:4:1:2:1:3:3:2:0:,clone,5597.061197964585,1:4:0:2:1:3:3:2:0
1:4:0:2:2:1:2:1:1:,clone,5002.2625763513315,1:4:1:2:2:2:2:1:1
1:4:0:2:2:1:2:1:1:,recombination,4902.151597646855,0:3:1:1:1:3:4:2:0,1:4:0:3:2:2:2:1:1
1:4:0:2:2:2:2:1:1:,clone,4618.559264390751,1:4:1:2:2:2:2:1:1
2:4:0:4:4:1:0:0:2:,recombination,5064.5786108268885,1:4:0:2:2:3:3:1:1,1:4:1:2:1:2:3:1:1,MUTATE
1:4:0:1:1:3:3:1:1:,clone,5409.243766609648,1:4:0:1:1:3:3:1:0
0:4:0:1:1:3:3:2:0:,recombination,5539.553004639293,1:4:1:3:3:1:1:0:1,0:3:1:1:0:3:4:1:0,MUTATE
2:4:1:4:4:1:1:0:2:,clone,5296.181095271493,2:4:1:4:4:1:1:0:2
1:4:0:3:3:1:1:1:1:,clone,5095.934116522859,1:4:1:3:3:1:1:0:1
0:3:2:1:0:4:4:2:0:,clone,6850.691400478716,0:3:2:1:0:4:4:2:0
1:4:0:4:4:1:1:0:2:,recombination,4926.239118392313,0:4:1:2:1:2:3:1:0,0:3:1:1:1:4:4:1:0,MUTATE
2:4:1:4:4:0:0:0:2:,clone,4452.310070119459,2:4:1:4:4:0:0:0:2
0:4:1:1:1:4:3:2:0:,clone,5461.791221649313,0:4:1:1:1:4:3:1:0
1:4:0:2:2:3:3:2:0:,clone,5702.4385151934075,0:4:1:2:2:4:3:2:0
0:4:1:2:2:4:3:2:0:,clone,5820.96700620462,0:4:1:2:2:4:3:2:0
0:4:1:2:1:4:3:2:0:,clone,5973.699744293939,0:4:1:2:1:4:3:2:0
0:4:1:2:1:4:3:2:0:,recombination,5948.241249046934,1:4:1:2:1:3:3:1:0,0:4:1:2:1:4:3:2:0,MUTATE
0:4:1:2:2:2:3:1:0:,recombination,4976.856060207414,1:4:1:2:2:1:2:1:0,1:4:0:4:4:1:0:0:1,MUTATE
1:4:0:4:4:0:1:0:1:,clone,5124.3819619683,1:4:0:4:4:0:1:0:1
1:4:0:4:4:0:0:0:1:,clone,5010.562840351409,1:4:0:4:4:0:0:0:1
0:3:0:2:1:3:3:1:0:,recombination,5637.44271242382,1:4:1:2:2:2:3:0:1,0:2:1:0:0:4:4:1:0,MUTATE
0:4:1:2:1:2:3:1:0:,recombination,4845.993280474714,2:4:1:3:4:1:1:0:2,0:4:1:2:2:2:3:1:0
0:2:2:0:0:4:4:1:0:,recombination,5468.277683362062,2:4:0:3:3:2:1:1:2,0:2:2:0:0:4:4:2:0
0:2:2:0:0:4:4:2:0:,clone,5406.9480958728445,0:2:2:0:0:4:4:2:0
0:2:1:1:1:4:4:2:0:,recombination,5463.782301381912,0:4:1:1:1:3:4:2:0,1:4:0:4:4:1:1:0:2
1:4:0:3:4:1:1:0:2:,recombination,4926.024006887621,0:4:1:1:1:3:3:1:0,1:4:1:4:4:0:0:0:1
1:4:1:3:4:1:1:0:2:,clone,5059.642968912184,1:4:1:3:4:1:1:0:2
1:4:1:3:3:1:1:0:2:,recombination,5039.00007481941,0:4:1:1:1:3:3:1:0,2:4:0:4:4:0:0:0:2
2:4:0:4:4:1:0:0:2:,clone,5020.726883897717,2:4:0:4:4:1:0:0:2
1:4:1:3:2:2:2:0:1:,clone,5089.65880925828,1:4:1:3:3:2:2:0:1
0:4:1:1:0:3:4:2:0:,recombination,5793.089691642702,1:4:1:4:4:1:1:0:2,1:4:0:3:3:1:1:0:2,MUTATE
0:2:0:1:1:4:4:2:0:,recombination,5184.595170773417,0:4:1:3:2:2:2:0:0,0:4:2:2:2:2:3:0:0
0:3:1:1:1:3:4:2:0:,recombination,5321.707319868685,0:3:1:1:1:3:3:1:0,1:4:1:1:1:3:4:2:0
1:4:0:2:1:2:3:1:1:,recombination,5224.961640551611,0:3:1:1:1:4:4:1:0,1:4:1:4:4:1:1:0:2
1:4:0:3:4:0:1:0:2:,recombination,5069.414603042908,0:3:2:0:0:4:4:2:0,0:3:1:1:0:4:4:1:0
1:4:0:2:2:2:3:1:0:,clone,5184.890190774752,1:4:0:2:2:2:3:1:1
1:4:0:2:1:2:3:1:0:,clone,5151.33794642043,1:4:0:2:1:2:3:1:0
0:3:0:1:1:2:3:1:0:,clone,5125.62446850879,0:3:0:1:1:2:3:1:0
0:3:1:2:1:2:3:1:0:,recombination,4853.623827065144,0:4:1:2:2:3:3:1:0,1:4:0:4:4:0:1:0:1
0:2:1:1:1:4:3:1:0:,clone,5433.0130592026835,0:3:1:1:1:3:3:1:0
0:2:1:1:0:3:4:1:0:,clone,5023.682902137205,0:2:1:1:0:3:4:1:0
2:4:0:4:4:0:0:0:3:,clone,5062.326566555989,0:2:1:0:0:4:4:2:0
1:4:1:1:1:3:4:2:0:,recombination,5844.826673696756,1:4:1:2:2:1:2:1:1,1:4:0:3:2:1:2:1:1,MUTATE
1:4:0:4:4:1:1:0:2:,clone,4898.064583777491,1:4:0:4:4:1:1:0:2
1:4:0:4:4:1:1:0:2:,clone,4879.586813914339,1:4:0:4:4:1:1:0:2
1:4:0:4:4:2:1:0:2:,clone,5640.035135997431,1:4:0:4:4:1:1:0:2
1:4:1:3:2:3:2:1:1:,recombination,5436.035057994628,1:4:1:4:4:1:1:0:2,0:4:1:3:2:2:2:0:0
0:1:1:0:0:4:4:2:0:,recombination,6515.798873127332,0:4:1:2:1:2:3:1:0,1:4:1:2:2:2:3:1:1,MUTATE
0:1:1:0:0:4:4:1:0:,clone,6848.374240361771,0:1:1:0:0:4:4:1:0
1:4:0:4:4:0:1:0:2:,clone,4825.4665787274735,1:4:0:4:4:0:1:0:2
0:1:1:0:0:4:4:1:0:,clone,6649.373726366621,0:2:1:0:0:4:4:1:0
0:4:0:2:1:3:3:1:0:,recombination,5420.489391808651,0:4:1:2:1:4:3:1:0,1:4:1:2:1:2:3:1:1,MUTATE
0:1:1:0:0:4:4:2:0:,recombination,6263.891549289907,1:4:0:2:1:3:3:1:0,0:1:1:0:0:4:4:1:0
0:4:0:1:1:2:3:1:0:,clone,5374.329207313613,1:4:0:2:2:2:3:1:0
0:3:1:1:1:3:4:2:0:,recombination,5147.794607723561,0:3:1:1:1:4:4:1:0,0:3:1:1:0:3:4:1:0,MUTATE
0:3:0:2:1:3:3:1:0:,recombination,5093.213071828603,1:4:1:2:2:3:3:0:1,0:4:0:2:1:3:3:1:0
0:3:1:1:0:3:4:2:0:,recombination,4856.344013111495,1:4:1:1:1:2:4:1:0,0:3:1:1:1:3:4:2:0
0:2:1:0:0:4:4:1:0:,clone,4748.268561052434,0:2:1:0:0:4:4:1:0
2:4:0:4:4:0:0:0:3:,recombination,5018.824859611812,1:4:1:2:1:2:3:1:1,1:4:1:3:4:0:1:0:1,MUTATE
0:4:0:2:1:3:3:1:0:,clone,5393.994166075755,0:4:1:2:1:3:3:1:0
0:4:0:2:1:3:3:1:0:,recombination,5314.524172342589,0:4:0:1:1:2:3:1:0,1:4:1:2:2:2:3:1:1
0:3:1:1:1:3:3:1:0:,recombination,4630.93117870889,1:4:1:3:3:1:1:0:2,1:4:1:4:3:1:2:0:1,MUTATE
1:4:1:2:2:2:3:1:0:,clone,4854.246156059058,1:4:1:2:2:2:3:1:0
0:4:0:2:1:3:3:1:0:,recombination,5145.2230875823925,2:4:0:3:4:1:1:0:2,0:2:1:1:1:3:4:1:0
0:3:1:2:1:3:3:1:0:,clone,4922.146437160604,0:3:1:2:1:3:3:1:0
0:3:1:1:1:2:3:1:0:,recombination,4353.24832456177,1:4:1:3:2:2:2:0:1,1:4:1:2:2:2:3:1:0
0:2:1:1:1:4:4:1:0:,clone,5563.589055482903,0:3:1:1:0:4:4:1:0
1:4:0:3:2:1:2:0:1:,clone,4804.576443276635,1:4:0:3:2:1:2:0:1
0:4:1:1:0:4:4:2:0:,recombination,5670.314483741522,1:4:1:4:4:1:1:0:2,0:4:1:2:2:2:2:1:0,MUTATE
1:4:1:3:4:1:1:0:2:,clone,5054.827101215948,2:4:0:3:4:1:1:0:2
1:4:1:3:3:2:1:0:1:,recombination,4945.91902564467,1:4:1:2:2:3:3:0:1,0:4:1:1:0:4:4:1:0
1:4:1:3:2:1:2:0:1:,clone,4876.789749297198,1:4:1:3:2:1:2:0:1
1:4:1:2:2:3:3:1:0:,recombination,4932.654560210495,1:4:1:2:1:3:3:1:1,1:4:0:4:4:2:1:1:1
1:4:1:2:2:3:2:1:0:,recombination,5186.771146502075,0:4:1:2:2:3:3:1:0,0:3:1:1:0:3:4:1:0
1:4:0:4:4:1:0:0:2:,recombination,4857.409435879706,1:4:1:3:3:2:2:0:1,1:4:1:2:2:3:3:1:0
0:4:1:1:1:4:4:1:0:,recombination,5437.024381176736,1:4:1:3:3:2:2:0:1,1:4:1:2:2:3:2:1:1
0:4:0:1:1:4:3:1:0:,recombination,6362.234162619775,0:4:1:2:1:3:3:1:0,0:4:2:1:0:4:4:1:0,MUTATE
2:4:1:3:3:1:1:0:2:,recombination,5525.697056549655,0:3:1:2:1:2:3:1:0,0:3:2:0:0:4:4:2:0
1:4:1:3:3:1:2:1:2:,clone,5460.344826171436,1:4:1:3:3:1:2:1:2
2:4:1:4:4:0:1:0:2:,recombination,5240.4211580184865,0:3:2:1:0:4:4:1:0,1:4:1:3:3:1:2:1:1,MUTATE
2:4:1:4:4:1:1:0:2:,clone,5240.4211580184865,2:4:1:4:4:1:1:0:2
0:3:0:1:1:4:3:1:0:,recombination,5333.728595366959,1:4:1:4:4:1:1:0:2,0:4:1:2:1:3:3:1:0,MUTATE
1:4:1:3:3:2:1:0:1:,clone,4933.6476067511085,1:4:1:3:3:2:1:0:1
1:4:1:3:3:2:1:0:1:,clone,4931.045935699466,1:4:1:3:3:1:1:0:1
0:2:1:0:0:4:4:2:0:,clone,4849.368100084745,0:2:1:0:0:4:4:2:0
0:3:2:0:0:4:4:1:0:,clone,5398.6108562402,0:3:2:0:0:4:4:1:0
2:4:0:4:4:0:1:0:2:,clone,5002.297841906293,2:4:0:4:4:0:0:0:2
0:2:1:1:0:3:4:1:0:,clone,4706.959247480875,0:2:1:1:0:3:4:1:0
0:3:1:1:1:3:3:2:0:,recombination,4910.7536519856,1:4:0:3:3:1:1:0:1,2:4:0:4:4:1:0:0:2,MUTATE
2:4:1:3:3:2:1:0:2:,recombination,5744.2449104492525,1:4:1:2:1:3:3:1:1,1:4:0:1:1:3:3:2:1
1:4:1:3:3:2:2:0:2:,clone,5501.738318020998,2:4:1:3:3:1:1:0:2
1:4:0:3:3:2:1:0:2:,clone,5266.806736516656,1:4:0:3:3:2:1:0:2
1:4:1:3:2:2:3:1:1:,clone,6546.853817205462,1:4:1:3:3:2:2:1:1
0:1:1:0:0:4:4:2:0:,recombination,6233.590206657103,0:1:1:0:0:4:4:2:0,1:4:1:2:1:2:3:1:1,MUTATE
2:4:0:3:3:2:2:0:2:,recombination,5321.990403218649,1:4:1:3:3:1:1:0:2,1:4:0:4:4:1:1:0:2,MUTATE
0:3:1:2:1:2:3:0:0:,clone,5511.372300461155,0:3:1:2:1:2:3:0:0
0:4:1:1:1:3:4:2:0:,recombination,5263.095539869248,1:4:1:2:1:3:3:1:0,0:2:2:0:0:4:4:1:0,MUTATE
0:2:1:1:1:4:4:1:0:,recombination,5519.022238608148,1:4:0:3:3:1:2:0:1,0:3:1:1:1:3:4:2:0,MUTATE
1:4:1:1:1:3:4:1:0:,clone,5560.680191786568,1:4:1:1:1:3:4:1:0
0:4:1:0:0:3:4:1:0:,clone,5483.636931654811,0:4:1:0:0:3:4:1:0
0:4:1:1:0:3:4:1:0:,recombination,5146.786920779942,2:4:0:3:3:2:2:0:2,0:3:2:1:0:4:4:1:0,MUTATE
0:4:1:1:0:3:4:2:0:,clone,5735.230099222784,0:4:1:1:0:3:4:2:0
0:2:1:1:1:3:3:1:0:,recombination,4938.804881524123,0:3:1:1:1:4:4:1:0,0:3:1:2:2:2:3:0:0
0:3:0:1:1:4:4:2:0:,recombination,5559.028982466622,0:4:1:1:1:3:4:2:0,1:4:1:4:4:0:0:0:2,MUTATE
0:3:0:1:1:3:4:2:0:,recombination,5666.6465770965615,1:4:1:3:3:0:1:0:1,0:4:1:2:2:2:2:1:0
0:3:0:1:1:4:4:2:0:,recombination,5446.570785912418,1:4:1:3:3:3:2:1:1,1:4:1:3:3:2:2:0:1
0:3:0:1:1:3:3:2:0:,recombination,5251.508980351904,1:4:1:2:1:3:3:1:1,1:4:1:2:1:3:3:1:0
0:3:1:1:1:2:3:0:0:,recombination,5542.677045514519,0:4:1:2:2:3:2:1:0,2:4:0:4:4:0:1:0:2,MUTATE
0:4:1:2:1:2:3:1:0:,recombination,4809.787059089175,0:4:1:2:2:3:3:1:0,1:4:1:2:2:2:3:1:1,MUTATE
0:4:1:2:1:2:3:0:0:,recombination,4762.214752527876,1:4:1:4:4:1:1:0:2,2:4:0:4:4:1:0:0:2
1:4:1:1:1:3:4:2:0:,recombination,5684.200077595326,0:4:1:1:0:4:4:2:0,0:4:1:2:1:2:3:1:0
2:4:0:4:4:0:0:0:2:,clone,4667.120140361625,0:2:1:0:0:4:4:2:0
2:4:0:4:4:0:0:0:2:,recombination,4615.988689463315,0:2:1:0:0:4:4:1:0,1:4:1:2:2:3:3:1:1
1:4:0:4:4:1:0:0:2:,clone,4849.33785895991,2:4:0:4:4:0:0:0:2
1:4:0:4:4:0:0:0:2:,recombination,4763.080681466932,0:3:1:1:0:4:4:2:0,1:4:0:3:3:1:1:0:2
1:4:1:4:4:1:0:0:2:,recombination,4744.366081853436,1:4:1:2:1:3:3:1:1,0:4:1:2:1:4:3:1:0
1:4:0:4:4:1:0:0:2:,recombination,4838.096140430057,1:4:0:3:3:1:1:0:2,1:4:1:3:3:2:2:0:1,MUTATE
2:4:0:4:4:1:0:0:2:,clone,4882.8902966386695,1:4:0:4:4:1:0:0:2
1:4:0:4:4:1:0:0:2:,clone,4709.45016184764,1:4:0:4:4:1:0:0:2
1:4:1:4:4:1:0:0:2:,clone,4560.2439797168345,1:4:1:4:4:1:0:0:2
1:4:1:4:4:1:1:0:1:,clone,4823.563911981611,1:4:1:4:4:1:0:0:2
1:4:1:3:3:2:1:0:1:,recombination,4830.440096872446,1:4:0:3:3:1:1:0:2,1:4:1:3:4:1:1:0:1,MUTATE
1:4:1:3:4:1:1:0:1:,recombination,4697.2136781675745,1:4:1:3:4:1:1:0:2,1:4:1:2:1:3:3:1:1,MUTATE
1:4:1:4:4:1:1:0:1:,clone,4755.02709394384,1:4:1:3:3:1:1:0:1
1:4:1:2:2:3:2:1:1:,recombination,4954.622556255046,2:4:0:3:3:0:1:0:2,1:4:1:2:2:3:3:1:1,MUTATE
1:4:1:3:3:2:2:0:1:,recombination,4909.238233634786,2:4:0:4:4:1:0:0:2,1:4:1:3:3:1:2:1:1
1:4:1:3:3:1:1:1:1:,recombination,5395.580996843262,1:4:1:4:4:1:1:0:1,1:4:1:2:1:3:3:1:1,MUTATE
0:4:1:2:2:4:3:1:0:,clone,5812.328661792977,0:4:1:2:1:4:3:1:0
0:4:1:1:0:3:4:2:0:,clone,5483.272718304986,0:4:1:1:0:3:4:2:0
0:4:1:1:0:3:4:2:0:,recombination,5420.273455056193,1:4:1:2:2:2:2:1:1,0:3:2:0:0:4:4:1:0,MUTATE
0:4:1:1:0:3:4:2:0:,clone,5406.893807389168,0:4:1:1:0:3:4:2:0
0:4:1:1:1:4:3:1:0:,clone,5241.743824105999,0:4:1:1:1:4:3:1:0
0:4:1:1:1:4:3:2:0:,clone,5292.740342886804,0:4:1:1:1:4:3:2:0
1:4:1:4:4:2:1:0:2:,clone,6090.10144188572,2:4:1:4:4:1:1:0:2
1:4:1:4:4:2:1:0:2:,clone,5972.1735859379205,1:4:1:4:4:2:1:0:2
2:4:0:4:4:2:1:0:2:,recombination,5863.431219620921,1:4:1:1:1:3:3:1:0,0:4:1:1:1:4:3:2:0,MUTATE
1:4:1:4:4:2:1:0:2:,recombination,5920.042729709598,2:4:1:4:4:1:1:0:2,1:4:1:1:1:3:4:1:0,MUTATE
0:4:1:2:1:4:3:2:0:,recombination,5807.214148443606,1:4:1:3:3:1:2:1:2,0:2:2:0:0:4:4:1:0,MUTATE
1:4:1:2:1:4:3:2:0:,recombination,5807.214148443606,0:3:1:1:0:3:4:1:0,0:4:1:2:1:4:3:2:0
0:2:1:0:0:4:4:2:0:,recombination,4845.7550687657,0:3:1:0:0:4:4:1:0,0:3:1:0:0:3:4:1:0,MUTATE
2:4:0:4:4:0:0:0:2:,clone,4504.139558705622,0:2:1:0:0:4:4:1:0
1:4:1:2:2:3:2:1:0:,clone,4534.070928307008,1:4:1:2:2:3:2:1:0
0:3:1:1:1:4:3:1:0:,clone,4954.537220051711,0:3:1:1:1:3:3:1:0
1:4:1:2:2:3:2:1:0:,clone,4534.070928307007,0:4:1:2:2:3:2:1:0
0:4:1:2:2:3:2:1:0:,clone,4534.070928307007,0:4:1:2:2:3:2:1:0
0:4:1:2:2:3:3:1:0:,recombination,4988.044418424112,0:4:1:1:1:3:3:1:0,0:2:1:0:0:4:4:1:0,MUTATE
1:4:0:2:2:3:2:1:0:,clone,4826.38861342174,1:4:0:2:2:3:2:1:0
1:4:0:4:4:0:0:0:2:,clone,4613.383529356798,1:4:0:4:4:0:0:0:2
1:4:0:2:2:4:3:1:1:,recombination,6140.7311037350955,0:3:1:1:1:2:4:1:0,0:2:1:0:0:4:4:2:0
0:4:0:2:2:2:2:1:0:,recombination,4845.862010581222,1:4:1:2:2:2:2:0:1,1:4:1:3:3:2:1:0:1,MUTATE
1:4:0:4:4:1:0:0:1:,clone,5047.887845107596,1:4:0:4:4:1:0:0:1
0:2:1:1:1:4:4:1:0:,recombination,5388.678226490305,0:3:2:0:0:4:4:1:0,0:3:1:1:1:4:4:2:0,MUTATE
0:3:1:1:0:4:4:1:0:,clone,4929.535408338946,0:3:1:1:0:4:4:1:0
0:4:0:2:2:3:2:1:0:,recombination,5411.5995494533745,1:4:0:3:4:0:1:0:1,0:3:1:0:0:4:4:1:0,MUTATE
1:4:0:2:1:4:3:1:0:,recombination,5400.731316318864,0:2:1:0:0:4:4:2:0,0:4:1:2:2:3:3:0:0
1:4:0:3:3:1:2:0:1:,recombination,4863.390073133719,1:4:0:1:1:3:3:1:1,1:4:0:3:3:1:1:0:1
0:3:1:2:2:3:3:1:0:,clone,5110.1026423006715,0:3:1:2:1:3:3:1:0
0:3:1:1:1:3:4:2:0:,recombination,5047.316595943809,0:4:1:2:2:2:2:0:0,0:3:1:0:0:4:4:1:0,MUTATE
0:3:1:1:1:3:4:2:0:,clone,5047.275191603606,0:3:1:1:0:3:4:2:0
0:3:1:1:1:3:4:2:0:,recombination,5001.438558454923,1:4:0:3:3:2:2:1:1,0:3:1:1:1:3:4:2:0,MUTATE
0:3:0:1:1:4:3:2:0:,recombination,5581.55163025151,1:4:0:3:3:2:2:1:1,2:4:0:3:3:1:1:0:2
2:4:0:4:4:0:0:0:2:,recombination,4318.131348172207,0:3:1:1:0:4:4:2:0,1:4:1:2:1:3:3:2:0,MUTATE
0:4:1:1:1:4:3:1:0:,clone,5234.567969356438,0:3:1:1:1:4:3:1:0
0:3:1:1:1:4:3:1:0:,recombination,4862.168422573553,0:3:1:0:0:4:4:1:0,1:4:0:3:3:2:2:0:2
1:4:1:2:1:2:3:1:1:,recombination,4693.621341472526,0:3:1:1:0:4:4:2:0,0:4:1:2:2:3:3:1:0
0:4:0:2:2:3:3:1:0:,recombination,5305.280369342293,0:3:1:1:0:4:4:2:0,1:4:0:3:3:0:1:0:1,MUTATE
0:3:1:2:1:3:3:1:0:,clone,4910.438453239623,0:3:1:1:1:3:3:1:0
