0:3:1:2:2:2:3:0:0:,initialisation,4924.898228474901,
1:4:0:2:2:2:2:1:1:,initialisation,4732.698994739341,
1:4:1:2:2:2:3:1:1:,initialisation,5325.89023035858,
0:3:1:1:1:3:3:1:0:,initialisation,5571.195775594664,
1:4:1:2:2:2:2:1:1:,initialisation,4821.713492965828,
1:4:0:2:2:2:2:0:1:,initialisation,4726.488122824198,
1:4:1:2:2:2:2:1:1:,initialisation,4686.666721241263,
1:4:0:2:2:2:3:1:1:,initialisation,5187.871171286482,
0:4:1:2:2:1:2:0:0:,initialisation,4667.792410861835,
1:4:0:2:2:2:2:1:1:,initialisation,4531.0753042666265,
1:4:1:2:2:1:2:0:1:,initialisation,4775.215930649512,
1:4:1:2:2:2:2:0:1:,initialisation,4762.191946448007,
2:4:0:3:3:1:2:1:2:,initialisation,4732.698994739343,
1:4:0:2:1:2:3:1:1:,initialisation,5310.429245901445,
0:4:1:3:3:1:2:0:0:,initialisation,4705.260172888327,
1:4:1:1:1:3:3:1:1:,initialisation,5163.234571591351,
1:4:0:2:1:2:3:1:1:,initialisation,5029.286821665023,
1:4:0:3:3:2:2:1:1:,initialisation,4944.603054988013,
0:4:1:2:2:3:3:0:0:,initialisation,5362.68189920013,
2:4:0:3:3:1:1:1:2:,initialisation,4732.698994739343,
1:4:1:2:2:2:2:0:1:,initialisation,4754.870858087677,
0:4:1:2:2:2:3:0:0:,initialisation,5443.124940741139,
1:4:1:3:2:1:2:0:1:,initialisation,4736.231879320287,
1:4:0:3:3:1:2:1:2:,initialisation,4732.698994739343,
1:4:1:2:2:3:2:1:1:,initialisation,4743.699193654573,
1:4:0:3:3:1:2:0:1:,initialisation,4965.601517954148,
1:4:0:3:3:1:1:0:2:,initialisation,5234.886213502313,
0:4:1:2:2:2:3:0:0:,initialisation,5214.742348884113,
0:3:1:2:2:1:2:0:0:,initialisation,5126.856323049724,
1:4:0:3:3:1:2:0:1:,initialisation,4946.121285812254,
0:4:1:2:2:1:1:0:0:,initialisation,4093.8117182210044,
1:4:1:2:2:2:2:0:1:,initialisation,4684.868347582059,
1:4:1:1:1:2:3:1:0:,initialisation,4705.628478427981,
0:4:1:2:2:2:3:1:0:,initialisation,5403.906675893464,
1:4:0:2:2:2:2:0:1:,initialisation,4538.8045937382685,
0:3:1:1:1:3:3:1:0:,initialisation,4912.352645460501,
1:4:0:3:3:1:1:0:1:,initialisation,4649.537957414899,
1:4:0:1:1:3:3:1:0:,initialisation,4948.360086017599,
1:4:0:2:2:1:2:0:1:,initialisation,4417.874172389988,
0:3:0:1:1:3:3:1:0:,initialisation,5048.501524978747,
1:4:1:2:2:3:3:0:1:,initialisation,6218.188958450831,
1:4:0:3:3:1:1:0:1:,initialisation,4562.112145240287,
1:4:0:2:1:3:3:1:1:,initialisation,5345.705899314035,
1:4:0:3:3:1:1:0:1:,initialisation,4420.873954555355,
1:4:0:1:1:3:3:1:1:,initialisation,5094.175092332177,
1:4:1:2:2:1:2:0:1:,initialisation,4707.363720880408,
1:4:0:2:2:3:3:1:1:,initialisation,5348.083334105588,
1:4:0:2:1:3:3:1:1:,initialisation,4732.698994739342,
1:4:1:2:2:2:2:0:1:,initialisation,4492.991174393176,
1:4:0:2:2:2:2:1:2:,initialisation,4732.698994739343,
1:4:0:2:1:2:3:0:1:,initialisation,5282.5170336184165,
1:4:0:2:2:2:3:0:1:,initialisation,5340.1086797294765,
1:4:1:3:3:2:1:0:1:,initialisation,4782.290908183482,
1:4:0:3:3:1:1:0:2:,initialisation,4624.954968680235,
0:4:1:2:2:2:2:0:0:,initialisation,5088.272590806888,
1:4:1:2:2:2:3:1:1:,initialisation,5288.559728777561,
1:4:0:2:2:1:1:0:1:,initialisation,4124.4915221009305,
1:4:1:2:2:2:3:0:1:,initialisation,5523.704010802438,
1:4:0:3:3:2:2:0:1:,initialisation,4972.558641553033,
0:4:1:1:1:3:3:1:0:,initialisation,5476.778437758143,
1:4:1:2:2:2:3:1:1:,initialisation,5254.4172419124425,
1:4:1:3:3:1:2:0:1:,initialisation,5150.5766088023765,
1:4:1:1:1:3:3:1:0:,initialisation,5659.703823453384,
1:4:1:2:2:2:3:1:1:,initialisation,4751.433420120148,
1:4:1:3:3:1:1:0:1:,initialisation,4740.469347841804,
1:4:0:2:2:3:3:1:1:,initialisation,5244.263832654371,
1:4:1:2:2:2:2:1:0:,initialisation,5237.08624538639,
2:4:0:3:3:2:2:1:2:,initialisation,4732.698994739343,
1:4:1:2:2:2:2:1:1:,initialisation,4475.6974437251965,
1:4:1:3:3:0:0:0:1:,initialisation,4171.88319485097,
1:4:0:2:2:1:2:1:1:,initialisation,4626.151141922651,
1:4:0:1:1:3:3:1:1:,initialisation,4732.698994739341,
1:4:0:2:2:2:3:1:1:,initialisation,5017.067743386386,
1:4:0:1:1:2:3:1:1:,initialisation,5491.390947381794,
1:4:1:2:2:3:3:1:1:,initialisation,5580.523066815835,
1:4:1:2:1:3:3:1:1:,initialisation,5430.440269994689,
2:4:0:3:2:1:2:1:2:,initialisation,4732.698994739342,
1:4:0:3:3:2:2:0:1:,initialisation,4884.751396324669,
1:4:0:2:2:3:2:0:1:,initialisation,5476.24023816457,
0:3:1:2:2:2:2:1:0:,initialisation,4520.084777116643,
0:3:1:1:1:3:3:0:0:,initialisation,6036.550178319342,
1:4:1:2:1:2:3:1:1:,initialisation,4922.57032534441,
1:4:0:3:3:1:2:0:1:,initialisation,4922.89330723465,
0:3:1:2:1:3:3:0:0:,initialisation,6324.440047051383,
1:4:1:2:1:2:3:1:1:,initialisation,4861.389675186131,
1:4:1:1:1:3:3:1:1:,initialisation,4949.280460159137,
1:4:1:1:1:2:3:1:1:,initialisation,5146.542499729989,
1:4:1:2:2:2:2:0:1:,initialisation,4442.298386886764,
0:3:1:2:2:2:3:1:0:,initialisation,4631.66788792718,
2:4:0:2:2:2:2:0:2:,initialisation,4577.660579995855,
1:4:1:3:3:2:2:0:1:,initialisation,5491.64003638966,
0:3:1:2:1:2:3:0:0:,initialisation,5730.748529984008,
1:4:1:2:2:3:3:0:1:,initialisation,5551.354677430118,
1:4:1:2:2:3:3:1:1:,initialisation,5029.009921838939,
0:3:1:1:0:3:4:1:0:,initialisation,5591.999287736185,
1:4:0:3:2:2:2:0:1:,initialisation,5374.646113478287,
0:4:1:2:2:2:3:1:0:,initialisation,5306.468276360097,
1:4:0:3:2:1:2:0:1:,initialisation,5151.827019782309,
1:4:1:3:3:1:2:0:1:,initialisation,4970.4392884891895,
1:4:0:3:3:1:1:1:1:,initialisation,4605.287223163847,
1:4:1:2:1:3:3:1:0:,initialisation,5255.0491652074825,
1:4:0:3:3:2:2:0:1:,initialisation,4822.968101923801,
1:4:1:2:1:2:3:1:1:,initialisation,4638.499938632192,
0:3:1:1:1:2:3:1:0:,initialisation,4996.740266029557,
1:4:1:3:3:2:2:0:1:,initialisation,4929.042094310618,
1:4:1:2:2:3:3:1:1:,initialisation,4899.240022691335,
1:4:0:2:2:2:3:1:1:,initialisation,4876.588033991922,
1:4:0:2:2:2:3:0:1:,initialisation,5279.753408849303,
1:4:1:2:1:2:3:0:1:,initialisation,5323.867788396538,
2:4:0:3:3:1:1:0:2:,initialisation,4732.698994739343,
0:3:1:1:1:4:4:1:0:,initialisation,5688.22055912224,
2:4:0:3:3:2:1:1:2:,initialisation,4732.698994739344,
1:4:0:2:2:3:3:1:1:,initialisation,4732.698994739342,
1:4:0:3:2:1:2:0:2:,initialisation,5338.645548600627,
1:4:0:2:2:3:2:1:1:,initialisation,4732.698994739343,
1:4:0:3:2:1:2:0:1:,initialisation,4721.072039199414,
0:3:1:2:1:2:3:0:0:,initialisation,4627.432442600297,
1:4:1:2:1:3:3:1:1:,initialisation,5241.370799164587,
1:4:0:3:3:1:1:0:1:,initialisation,4290.1322488728665,
0:4:1:2:2:2:2:0:0:,initialisation,4646.949403651915,
1:4:0:2:2:1:2:0:1:,initialisation,4281.830530597227,
1:4:1:3:3:1:1:0:1:,initialisation,4467.106117635063,
1:4:1:2:2:1:1:0:1:,initialisation,4428.647765750165,
1:4:0:2:1:3:3:1:0:,initialisation,5041.998544391977,
1:4:0:2:2:2:2:1:1:,initialisation,4341.205939962464,
1:4:1:1:1:3:3:1:0:,initialisation,4634.478017468843,
1:4:1:2:2:2:3:0:1:,initialisation,5024.360380538181,
1:4:0:3:3:1:1:0:1:,initialisation,4166.8427905289445,
1:4:1:2:1:3:3:1:0:,initialisation,4547.72507696559,
0:4:1:2:1:3:3:0:0:,initialisation,5840.270771751565,
0:3:1:2:2:2:2:0:0:,initialisation,5313.893235858742,
0:3:1:1:1:3:3:0:0:,initialisation,5992.17457973858,
1:4:1:2:2:1:1:0:1:,initialisation,4316.577093209994,
1:4:1:2:2:1:2:0:1:,initialisation,4498.87691512048,
1:4:0:3:2:2:2:0:1:,initialisation,5281.8035217502575,
0:4:1:2:1:2:3:0:0:,initialisation,5523.132461935331,
1:4:0:2:1:2:3:0:1:,initialisation,4864.963166638887,
1:4:1:3:2:2:2:0:1:,initialisation,5161.737338110247,
1:4:0:3:3:2:1:1:2:,initialisation,4732.698994739343,
1:4:1:3:3:1:2:0:1:,initialisation,4953.683915188822,
1:4:0:3:3:1:2:1:1:,initialisation,4915.921359928862,
0:3:0:2:1:2:3:1:0:,initialisation,4626.326423616053,
1:4:1:2:2:1:2:0:1:,initialisation,4436.8899647351645,
1:4:1:2:2:2:3:0:1:,initialisation,4984.594839230218,
1:4:0:2:1:2:3:1:1:,initialisation,4644.209803105872,
1:4:1:3:3:2:2:0:1:,initialisation,4891.012023495043,
1:4:0:2:2:3:3:0:1:,initialisation,5538.04874649819,
1:4:1:3:3:1:2:0:1:,initialisation,4920.320683826251,
1:4:0:3:2:2:2:0:1:,initialisation,5116.090132257573,
1:4:0:3:3:0:1:0:1:,initialisation,4239.204958387863,
2:4:0:2:2:2:2:1:2:,initialisation,4732.698994739343,
1:4:0:3:2:2:2:0:1:,initialisation,5099.334474887935,
0:3:1:1:1:3:3:1:0:,initialisation,4897.6419882215,
1:4:0:3:3:2:1:0:2:,initialisation,4781.399557752082,
0:4:1:1:1:2:3:1:0:,initialisation,4909.04427763793,
1:4:1:2:2:3:3:1:0:,initialisation,5379.821809898503,
1:4:1:2:2:1:2:0:1:,initialisation,4347.714951313447,
1:4:0:2:2:2:2:0:1:,initialisation,4439.51669188091,
0:4:1:1:1:3:3:1:0:,initialisation,5254.790449839469,
0:4:1:2:2:1:2:0:0:,initialisation,4492.161741395479,
1:4:1:2:1:2:3:0:1:,initialisation,4646.516299087122,
0:4:1:2:2:2:2:0:0:,initialisation,4416.428957972685,
1:4:0:3:2:2:2:0:1:,initialisation,4742.207420415188,
1:4:1:1:1:3:3:1:1:,initialisation,4570.124113342253,
1:4:1:2:2:2:1:1:1:,initialisation,4464.413572981735,
1:4:0:2:2:2:3:1:1:,initialisation,4796.3276799488,
1:4:0:3:3:2:1:0:1:,initialisation,4634.834187196087,
0:3:1:1:1:3:3:1:0:,initialisation,4732.169123685651,
1:4:1:2:2:2:2:1:1:,initialisation,4250.317983184521,
1:4:0:2:2:1:2:1:1:,initialisation,4440.241966404117,
1:4:1:2:2:1:2:0:1:,initialisation,4339.697204605364,
2:4:0:2:2:2:2:1:2:,initialisation,4732.698994739342,
2:4:0:3:3:1:1:1:2:,initialisation,4680.295589656896,
0:3:1:2:1:2:3:1:0:,initialisation,4693.619929837348,
0:4:1:2:1:3:3:1:0:,initialisation,5223.2282985091615,
1:4:0:1:1:3:3:1:0:,initialisation,4393.81179947615,
0:4:1:2:1:2:3:1:0:,initialisation,5022.135402497531,
0:4:1:2:1:2:3:0:0:,initialisation,5321.879019988001,
1:4:1:2:2:3:3:1:0:,initialisation,5160.635316593922,
1:4:1:3:3:1:1:0:1:,initialisation,4414.362144572498,
0:4:1:1:1:3:4:1:0:,initialisation,5794.127361173099,
1:4:0:2:2:1:2:1:2:,initialisation,4732.698994739342,
0:3:1:1:1:3:4:1:0:,initialisation,5457.407560073023,
0:3:1:1:1:3:3:1:0:,initialisation,4637.571628037696,
2:4:0:3:3:1:1:0:2:,initialisation,4732.698994739341,
1:4:1:3:3:1:2:0:1:,initialisation,4741.227863130925,
1:4:1:3:3:1:1:0:1:,initialisation,4328.891494758184,
0:2:1:1:1:3:3:1:0:,initialisation,5307.305496275166,
0:3:1:1:1:2:3:0:0:,initialisation,5529.2587206550625,
0:3:1:2:1:3:3:1:0:,initialisation,5312.56891587422,
1:4:1:2:2:2:2:1:0:,initialisation,4552.636988502685,
1:4:0:2:2:2:2:0:1:,initialisation,4100.755215258427,
1:4:1:3:3:1:2:0:1:,initialisation,4698.710430090246,
1:4:0:3:3:1:2:0:1:,initialisation,4868.521400526397,
1:4:1:2:2:2:3:0:1:,initialisation,4966.1082978903405,
0:3:1:3:3:1:1:0:0:,initialisation,4510.472084583701,
1:4:0:3:3:1:1:1:2:,initialisation,4732.698994739343,
1:4:0:3:2:2:2:1:2:,initialisation,4732.698994739343,
0:2:1:0:0:4:4:1:0:,initialisation,6959.369562417362,
0:4:1:2:1:2:3:0:0:,initialisation,5083.22311773119,
1:4:0:2:2:1:2:1:2:,initialisation,4627.759752517927,
0:4:1:2:2:2:2:1:0:,initialisation,5099.292543418685,
1:4:1:2:2:2:3:0:1:,initialisation,4771.65711262983,
1:4:1:1:1:2:3:1:1:,initialisation,4641.452478502456,
0:4:1:2:1:3:3:1:0:,initialisation,5206.799010585061,
0:3:1:1:1:2:3:0:0:,initialisation,5454.184544593244,
0:4:1:2:2:2:2:1:0:,initialisation,4936.299952761961,
0:4:1:3:3:1:1:0:0:,initialisation,4859.589738682509,
0:4:1:2:1:2:3:0:0:,initialisation,4999.886131113641,
1:4:0:2:1:2:3:1:0:,initialisation,5171.893360505345,
1:4:0:3:3:1:1:0:1:,initialisation,4135.737507526698,
2:4:0:3:3:0:1:0:2:,initialisation,4457.160118255091,
1:4:0:2:2:2:3:1:1:,initialisation,4732.698994739342,
1:4:1:2:2:1:2:1:1:,initialisation,5114.843335679467,
0:3:1:2:1:3:3:0:0:,initialisation,6153.336384091341,
0:2:1:1:0:4:4:1:0:,initialisation,6119.687979128421,
1:4:0:3:2:1:2:1:1:,initialisation,4980.345760666894,
1:4:0:2:2:2:2:1:2:,initialisation,4732.698994739342,
0:4:1:2:1:2:3:1:0:,initialisation,4736.304160293819,
1:4:0:3:4:0:0:0:2:,initialisation,4314.40768507693,
0:3:1:1:1:2:3:0:0:,initialisation,4945.975989753695,
0:3:1:1:1:3:3:0:0:,initialisation,5242.602933572445,
1:4:0:3:3:2:2:1:2:,initialisation,5033.952816807869,
1:4:1:2:1:3:3:1:1:,initialisation,4930.763316039141,
1:4:1:2:1:2:2:1:1:,initialisation,4293.6821670705285,
1:4:1:3:3:1:1:1:1:,initialisation,4746.995081017432,
1:4:1:3:2:2:2:0:1:,initialisation,4906.372498525701,
1:4:0:3:3:1:1:0:2:,initialisation,4257.514165023909,
0:4:1:1:1:3:3:1:0:,initialisation,4779.389372972302,
1:4:1:3:3:0:1:0:1:,initialisation,4913.280577818308,
1:4:0:3:3:0:1:0:2:,initialisation,4547.036475611414,
0:4:1:2:1:2:2:0:0:,initialisation,4552.970412284598,
1:4:1:2:2:2:2:0:1:,initialisation,4189.910894120908,
0:4:1:2:2:2:3:0:0:,initialisation,5211.365060187641,
1:4:0:1:1:2:3:1:1:,initialisation,5229.093044650852,
0:4:1:2:2:2:3:1:0:,initialisation,4953.074128001604,
1:4:1:2:1:2:3:1:0:,initialisation,4761.701500228352,
1:4:0:3:3:2:1:0:1:,initialisation,4611.956092279405,
1:4:0:3:3:1:2:0:1:,initialisation,4752.653458389709,
1:4:0:3:3:1:2:0:1:,initialisation,4647.353714667743,
1:4:0:3:3:2:2:1:2:,initialisation,4732.698994739343,
2:4:0:2:2:1:2:1:2:,initialisation,4732.698994739343,
1:4:0:2:1:3:3:1:1:,initialisation,4670.404034438261,
0:4:1:3:3:1:1:0:0:,initialisation,4273.6468201488,
1:4:1:1:1:2:3:1:0:,initialisation,4540.022186707294,
1:4:0:3:3:1:0:0:1:,initialisation,4444.186070501633,
1:4:1:2:2:1:2:0:1:,initialisation,4126.784961749206,
2:4:0:3:3:2:1:1:2:,initialisation,4620.788404315415,
1:4:0:3:3:1:2:0:2:,initialisation,4950.5890471431885,
1:4:1:2:1:2:3:1:0:,initialisation,4675.434829252838,
0:3:1:2:2:3:3:1:0:,initialisation,5824.809381028893,
1:4:1:2:2:3:3:0:1:,initialisation,5307.8299861525265,
1:4:0:2:2:1:2:1:1:,initialisation,4412.69675206923,
1:4:0:1:1:3:3:1:1:,initialisation,4622.3521393562405,
0:3:1:1:1:3:3:1:0:,initialisation,4503.662385460185,
0:4:1:2:2:1:3:0:0:,initialisation,5281.648949553107,
0:3:0:2:2:2:3:1:0:,initialisation,5428.933026805736,
1:4:1:2:2:3:2:1:0:,initialisation,4913.726454893041,
1:4:0:3:3:2:2:1:1:,initialisation,4747.906841429698,
1:4:0:2:1:2:3:1:1:,initialisation,4603.157902489172,
0:4:1:1:1:2:3:1:0:,initialisation,4905.553460586323,
0:3:1:1:1:3:4:0:0:,initialisation,6427.081360872602,
1:4:0:2:2:1:2:1:1:,initialisation,4388.665554458559,
1:4:0:2:2:2:1:0:1:,initialisation,4457.445630896324,
1:4:1:3:3:2:1:0:1:,initialisation,4699.372626967669,
0:3:1:1:1:2:3:1:0:,initialisation,4545.373962454009,
1:3:0:1:1:3:3:1:0:,initialisation,4872.980520282523,
1:4:0:2:2:3:2:1:1:,initialisation,4521.753648827815,
0:3:0:1:1:3:3:1:0:,initialisation,4827.319554268879,
1:4:0:3:3:2:2:1:1:,initialisation,4696.121838436189,
1:4:0:1:1:2:3:1:1:,initialisation,4521.4859182308155,
2:4:0:3:3:1:1:0:2:,initialisation,4610.144760273713,
0:3:1:2:2:2:2:0:0:,initialisation,4977.431185147651,
1:4:0:3:3:2:1:1:1:,initialisation,4732.698994739343,
1:4:0:3:3:1:0:0:1:,initialisation,4220.5259149878275,
1:4:0:3:3:0:1:0:2:,initialisation,4425.2061758971995,
1:4:0:1:1:2:3:1:1:,initialisation,4444.505262240064,
1:4:1:2:2:1:2:1:1:,initialisation,4638.533490835421,
1:4:1:2:2:2:3:1:1:,initialisation,4730.982775057545,
0:4:1:3:2:1:2:0:0:,initialisation,5085.3904884782405,
0:4:1:1:1:2:3:0:0:,initialisation,5020.499909987485,
0:2:1:1:1:3:4:1:0:,initialisation,5981.837489537613,
1:4:0:3:3:1:2:1:1:,initialisation,4881.1059194950385,
1:4:0:3:3:2:2:0:1:,initialisation,4773.93064416986,
0:4:1:2:2:3:2:1:0:,initialisation,5366.3279196378135,
0:3:0:1:0:3:4:1:0:,initialisation,4988.505653054681,
0:3:1:2:2:2:2:0:0:,initialisation,4241.262893451632,
0:4:1:2:1:2:3:1:0:,initialisation,4594.334882517867,
1:4:0:3:2:1:2:0:1:,initialisation,4672.159712158484,
1:4:0:2:2:1:2:0:1:,initialisation,4281.549016343314,
0:3:1:2:1:3:3:0:0:,initialisation,5575.34584407045,
0:4:1:2:2:3:3:1:0:,initialisation,5123.166684015265,
0:3:1:1:1:3:4:1:0:,initialisation,5277.064117874948,
0:3:1:1:0:4:4:1:0:,initialisation,6861.758980962357,
1:4:1:1:1:2:3:1:1:,initialisation,4486.243936587509,
1:4:0:2:2:2:2:1:1:,initialisation,4280.708083573278,
0:4:1:3:2:2:2:0:0:,initialisation,5116.004118173842,
1:4:0:3:4:1:1:0:1:,initialisation,4850.578199720077,
2:4:0:3:3:2:1:0:2:,initialisation,4732.698994739343,
1:4:0:2:2:3:3:1:0:,initialisation,5064.6037125296825,
1:4:1:2:2:1:2:1:1:,initialisation,4539.765614276683,
0:3:1:3:3:1:2:0:0:,initialisation,5661.879705576518,
1:4:0:3:3:2:1:1:1:,initialisation,4441.26444223951,
1:4:0:3:2:2:2:1:1:,initialisation,4732.698994739343,
1:4:0:2:1:3:3:1:1:,initialisation,4661.383994597073,
0:4:1:2:2:2:3:0:0:,initialisation,5008.732495285448,
0:2:1:0:0:4:4:2:0:,initialisation,5539.111891333549,
0:4:1:3:3:1:1:0:1:,initialisation,4925.917587085986,
0:4:1:2:1:3:3:0:0:,initialisation,5637.731469283179,
1:4:1:2:2:2:3:1:0:,initialisation,5258.476184564133,
1:4:0:3:3:0:0:0:1:,initialisation,4091.353843782373,
1:4:1:2:2:1:1:0:1:,initialisation,4273.945710734923,
1:4:0:2:2:1:2:0:2:,initialisation,5227.5034251739835,
0:4:1:1:1:2:3:1:0:,initialisation,4812.998536079417,
1:4:1:3:3:1:1:0:2:,initialisation,4426.557813445221,
1:4:1:3:3:1:1:0:1:,initialisation,4208.301361761831,
1:4:1:2:1:3:3:1:1:,initialisation,4820.280972113033,
1:4:1:3:3:2:2:0:1:,initialisation,4850.460655189494,
1:4:0:2:1:2:3:1:1:,initialisation,4433.775120182822,
0:3:1:2:2:3:3:1:0:,initialisation,5271.562131361634,
1:4:1:3:3:2:1:0:1:,initialisation,4345.161608460474,
1:4:1:3:3:0:1:0:1:,initialisation,4012.5237536119785,
1:4:0:2:3:1:1:0:1:,initialisation,4358.80293459658,
1:4:0:2:2:2:3:1:1:,initialisation,4629.3851336365815,
2:4:0:2:2:1:2:1:2:,initialisation,4732.698994739342,
1:4:0:2:2:1:2:0:1:,initialisation,4226.307638942001,
0:4:1:2:2:2:3:1:0:,initialisation,4936.4350127877615,
2:4:0:3:3:2:2:1:2:,initialisation,4732.698994739342,
1:4:0:3:3:2:1:0:1:,initialisation,4551.673068409187,
1:4:1:1:1:2:3:1:0:,initialisation,4270.1151878311375,
0:4:1:2:1:3:3:0:0:,initialisation,5430.621365405134,
1:4:1:2:1:3:3:1:1:,initialisation,4676.109830217417,
0:4:1:2:2:2:3:1:0:,initialisation,4752.482419744525,
1:4:0:3:2:1:1:0:1:,initialisation,4556.555151426286,
0:4:1:1:1:3:3:0:0:,initialisation,5021.255882321246,
1:4:1:3:2:2:2:0:1:,initialisation,4892.712845390557,
1:4:0:2:2:3:3:1:1:,initialisation,4629.221163653342,
0:3:1:2:1:2:2:1:0:,initialisation,4469.825023311768,
1:3:0:1:1:3:3:1:0:,initialisation,4565.962755561759,
0:3:1:1:1:3:4:0:0:,initialisation,6005.335752776073,
0:3:1:1:1:4:3:1:0:,initialisation,5452.340764810582,
0:4:1:3:3:1:2:0:0:,initialisation,4680.265181839911,
1:4:1:2:2:2:3:1:0:,initialisation,5113.279626821521,
1:4:0:2:2:2:3:0:1:,initialisation,4790.54552360593,
0:3:1:1:1:4:3:1:0:,initialisation,5265.410487635969,
1:4:0:2:2:1:1:0:1:,initialisation,3980.6382690689256,
1:4:0:3:3:0:0:0:2:,initialisation,4306.955280839699,
0:4:1:2:2:1:2:0:0:,initialisation,4284.687233733404,
0:3:0:2:1:3:3:1:0:,initialisation,4744.669896670837,
0:4:1:2:2:2:2:1:0:,initialisation,4609.103027720981,
2:4:0:4:4:0:0:0:2:,initialisation,4626.615893251866,
2:4:0:3:2:2:2:1:2:,initialisation,5047.485291328741,
1:3:0:1:1:3:3:2:0:,initialisation,4732.698994739342,
1:4:0:3:3:1:1:0:1:,initialisation,4088.0388832622543,
1:4:0:1:1:3:3:1:1:,initialisation,4580.208868110626,
1:4:1:2:2:2:3:1:0:,initialisation,4971.359334332252,
1:4:0:3:2:1:2:0:1:,initialisation,4604.929605856841,
1:4:0:2:2:2:2:1:2:,initialisation,4726.614800677975,
0:3:0:1:1:3:4:1:0:,initialisation,6553.916957450916,
2:4:0:3:3:1:2:0:2:,initialisation,5370.648247245111,
1:4:1:2:1:3:3:0:1:,initialisation,5654.074627094567,
1:4:0:3:2:2:2:1:1:,initialisation,4619.430387361961,
0:3:0:1:1:3:4:1:0:,initialisation,5890.253435541968,
2:4:0:3:3:2:2:0:2:,initialisation,4710.837863545374,
0:4:1:3:3:1:1:0:0:,initialisation,4263.3426895733,
1:4:1:1:1:3:3:1:1:,initialisation,4531.61462399057,
0:4:1:2:2:2:3:0:0:,initialisation,4683.229184002994,
2:4:0:3:3:1:2:1:2:,initialisation,4732.698994739342,
0:3:0:1:1:4:4:1:0:,initialisation,5490.8046915693685,
1:4:0:3:3:2:1:1:2:,initialisation,4732.698994739342,
1:4:1:2:1:2:3:1:1:,initialisation,4585.6675786048845,
1:4:0:1:1:2:3:1:0:,initialisation,5270.896589851588,
0:4:1:2:2:1:1:0:0:,initialisation,4003.906953445813,
1:4:1:2:2:1:1:0:1:,initialisation,4259.298742093227,
1:4:0:2:2:2:2:1:0:,initialisation,4764.533915551431,
2:4:0:3:3:2:1:0:2:,initialisation,4732.698994739342,
1:4:1:2:1:3:3:1:1:,initialisation,4624.436194662175,
0:3:1:1:1:3:4:0:0:,initialisation,5967.38490259259,
1:4:1:2:2:2:1:0:1:,initialisation,4178.71965825902,
1:4:0:2:1:2:2:1:0:,initialisation,4462.880477357989,
2:4:0:3:3:0:1:0:2:,initialisation,4267.687270368262,
0:3:1:1:1:4:4:1:0:,initialisation,5456.587236325938,
0:3:1:1:0:4:4:1:0:,initialisation,5608.075539619955,
0:4:1:3:2:1:2:0:0:,initialisation,5052.346276419806,
1:4:0:2:2:1:2:1:1:,initialisation,4173.206733016993,
2:4:0:3:3:1:2:0:2:,initialisation,4732.698994739344,
2:4:0:3:3:1:0:0:2:,initialisation,4527.867325146175,
1:4:1:1:1:2:3:0:1:,initialisation,5161.305763025038,
1:4:1:2:2:3:2:1:1:,initialisation,4663.118898078699,
1:4:0:3:3:1:2:1:1:,initialisation,4726.499015854578,
0:4:1:1:1:4:4:1:0:,initialisation,5909.762065327411,
1:4:0:2:1:2:2:1:1:,initialisation,4521.007829065811,
1:4:0:2:2:2:3:1:0:,initialisation,4842.57405520191,
0:4:1:2:2:1:2:0:1:,initialisation,4621.105537174662,
0:4:1:2:1:3:3:1:0:,initialisation,5075.695498937325,
1:4:1:2:1:2:3:1:1:,initialisation,4512.607491069077,
1:4:0:2:2:2:2:1:0:,initialisation,4564.656019239803,
1:4:0:2:1:2:2:1:1:,initialisation,4437.5457857840975,
1:4:1:3:3:2:2:0:1:,initialisation,4849.742624687879,
2:4:0:2:2:1:2:0:2:,initialisation,4595.198065899268,
0:2:1:0:0:4:4:1:0:,initialisation,5833.590884625475,
0:3:0:1:1:2:3:1:0:,initialisation,4548.080162161684,
1:4:1:3:3:1:1:0:1:,initialisation,3862.577811053033,
0:3:0:1:1:2:3:0:0:,initialisation,4615.698234926878,
1:4:1:3:3:1:1:0:2:,initialisation,4338.578238634986,
1:4:0:2:2:1:2:0:1:,initialisation,4117.345596828542,
0:3:1:1:1:3:4:0:0:,initialisation,5869.959229790969,
0:4:1:3:3:1:1:0:1:,initialisation,4445.190672804815,
2:4:0:3:2:2:2:1:2:,initialisation,4732.698994739343,
0:4:1:1:1:3:4:0:0:,initialisation,6865.020270893192,
2:4:0:3:3:1:1:0:2:,initialisation,4474.622958632491,
1:4:0:2:2:2:2:1:1:,initialisation,4229.557465026598,
1:4:0:2:1:2:3:1:0:,initialisation,5158.757763340424,
1:4:0:3:3:2:2:1:2:,initialisation,4732.698994739342,
1:3:0:1:1:4:3:1:0:,initialisation,5643.673765621586,
1:4:0:2:1:2:2:1:1:,initialisation,4344.920356647802,
1:4:1:3:3:2:2:0:1:,initialisation,4718.238520045793,
1:4:1:2:2:2:3:1:1:,initialisation,4710.230175641218,
0:3:1:1:1:2:3:1:0:,initialisation,4515.2452483473535,
0:3:1:2:2:1:2:0:0:,initialisation,4558.115091176478,
1:4:1:2:2:3:3:1:1:,initialisation,4725.089454593191,
1:4:1:2:2:1:2:1:1:,initialisation,4485.498194082755,
1:4:1:2:1:2:3:1:1:,initialisation,4407.2982994891445,
0:3:1:1:0:4:4:1:0:,initialisation,5520.3770418252125,
1:4:0:3:3:2:2:0:2:,initialisation,5297.823809233644,
0:3:0:1:1:3:3:1:0:,initialisation,4761.00549393635,
0:4:1:1:1:4:4:1:0:,initialisation,5803.910733897493,
1:4:0:1:1:2:3:1:0:,initialisation,4918.711109311617,
0:4:1:3:3:1:1:0:0:,initialisation,4168.120186767313,
1:4:0:2:2:1:2:0:1:,initialisation,4105.836386246244,
1:4:1:2:2:1:2:1:1:,initialisation,4474.559500880733,
1:4:0:3:3:1:0:0:2:,initialisation,4247.629115412004,
1:4:1:2:2:2:3:1:0:,initialisation,4763.96145200477,
0:4:1:1:1:3:3:1:0:,initialisation,4531.150642275606,
1:4:1:3:3:1:2:0:1:,initialisation,4661.058082905906,
0:4:1:2:1:2:2:0:0:,initialisation,4445.777049119373,
1:4:1:3:4:0:0:0:1:,initialisation,4353.02363898046,
1:4:1:1:1:3:3:1:0:,initialisation,4610.034633226321,
0:3:1:1:0:3:4:1:0:,initialisation,5119.167734595451,
0:4:0:2:2:2:2:1:0:,initialisation,4520.44023415931,
1:4:0:3:3:2:2:0:1:,initialisation,4729.763827363615,
1:4:0:3:3:1:1:1:2:,initialisation,4660.3387456350665,
0:4:1:2:1:2:3:0:0:,initialisation,4387.542168845755,
1:4:0:1:1:3:3:1:1:,initialisation,4397.4510878650735,
1:4:0:2:2:3:2:0:1:,initialisation,5468.949110933389,
0:3:1:1:1:2:3:0:0:,initialisation,4885.341643443257,
1:4:1:2:2:1:1:0:1:,initialisation,4135.940851808184,
0:3:1:1:1:3:4:0:0:,initialisation,5834.060200389486,
1:4:0:2:3:1:1:0:1:,initialisation,4029.182304979048,
1:3:0:1:1:3:3:1:0:,initialisation,4536.991220396119,
1:4:1:2:1:2:3:1:0:,initialisation,4624.496822600512,
0:4:0:2:1:2:3:1:0:,initialisation,4700.445552072666,
0:3:0:1:1:3:3:2:0:,initialisation,4745.118727365461,
1:4:1:3:3:0:0:0:1:,initialisation,3890.6233928524925,
1:4:0:3:3:2:1:0:1:,clone,4534.234987973005,1:4:1:3:3:2:2:0:1
1:4:1:2:2:1:1:0:1:,recombination,3916.4296200387635,1:4:1:3:3:1:1:0:1,0:3:1:2:2:2:3:1:0
1:4:0:2:2:2:2:0:2:,clone,4479.74204837514,2:4:0:2:2:2:2:0:2
0:3:1:1:1:2:3:0:0:,recombination,4483.785063711194,0:4:1:2:1:2:3:0:0,0:3:1:2:1:2:3:0:0,MUTATE
1:4:0:3:3:1:1:0:1:,clone,4088.038883262254,1:4:0:3:3:1:1:0:1
1:4:1:3:3:2:2:0:1:,recombination,4661.7086301804475,1:4:0:3:3:2:1:0:1,1:4:1:2:2:1:2:0:1,MUTATE
0:3:1:2:1:3:3:1:0:,clone,5271.562131361634,0:3:1:2:2:3:3:1:0
0:3:0:2:2:2:2:1:0:,clone,4733.997144453324,1:4:0:2:2:2:2:1:0
0:4:1:2:2:1:2:0:0:,clone,4270.010654571908,0:4:1:2:2:1:2:0:0
0:3:1:2:2:2:2:1:0:,recombination,4509.483724576712,0:3:1:1:1:2:3:1:0,0:3:1:2:2:2:2:0:0,MUTATE
0:3:0:1:1:3:3:1:0:,recombination,4530.8058215345345,1:4:1:1:1:2:3:1:0,1:4:0:1:1:3:3:1:1,MUTATE
1:4:1:2:2:1:1:0:1:,recombination,3678.517210718444,1:4:0:3:3:1:1:0:1,0:3:1:2:2:1:2:0:0
1:4:1:1:1:2:3:1:1:,recombination,4316.457287554023,0:4:1:1:1:3:3:1:0,1:4:1:2:1:2:3:1:1,MUTATE
1:4:0:2:1:3:3:1:1:,recombination,4588.959718318596,1:4:1:2:2:2:2:0:1,1:4:0:2:2:3:3:1:1,MUTATE
1:4:0:2:1:2:3:0:1:,recombination,4849.816762123831,1:4:0:2:2:2:3:0:1,1:4:0:2:3:1:1:0:1
0:4:1:2:2:1:2:0:0:,recombination,4118.810207439499,1:4:0:2:2:1:1:0:1,0:4:1:2:2:2:2:1:0
1:4:0:2:2:1:1:0:1:,recombination,3815.296012761427,0:4:1:2:2:1:1:0:0,1:4:0:2:2:2:2:0:1
1:4:0:3:2:1:2:0:1:,clone,4604.92960585684,1:4:0:3:2:1:2:0:1
1:4:1:2:2:2:2:1:1:,recombination,4126.537595750857,1:4:1:3:2:1:2:0:1,1:4:1:2:2:1:2:0:1,MUTATE
0:4:1:2:2:2:2:0:0:,clone,4352.456255783085,0:3:1:2:2:2:2:0:0
0:2:1:1:0:4:4:1:0:,recombination,5639.03612523209,0:2:1:0:0:4:4:1:0,0:3:1:2:2:3:3:1:0,MUTATE
0:4:1:2:1:2:2:1:0:,recombination,4506.071245110129,0:4:1:2:2:2:3:1:0,1:4:1:2:2:1:1:0:1,MUTATE
1:4:1:2:2:1:2:0:1:,clone,3606.204427895179,1:4:1:2:2:1:2:0:1
1:4:0:2:1:2:3:1:0:,recombination,4702.231973106373,0:3:0:2:1:2:3:1:0,0:3:1:2:2:2:2:0:0
1:4:1:2:1:2:2:1:1:,recombination,4272.905873735946,1:4:0:2:1:2:2:1:1,0:4:1:2:2:1:2:0:0
1:4:0:2:2:2:2:1:1:,recombination,4075.2934211762836,1:4:1:2:1:3:3:1:1,1:4:1:3:3:1:1:0:1,MUTATE
0:3:1:1:0:4:4:1:0:,clone,5412.679998957488,0:3:1:1:0:3:4:1:0
0:4:1:2:2:2:2:1:0:,recombination,4164.807063859694,1:4:1:2:2:2:2:0:1,0:2:1:0:0:4:4:2:0
0:3:1:3:3:1:1:0:0:,clone,4293.259077163313,0:4:1:3:3:1:1:0:0
1:4:0:2:2:1:2:1:1:,clone,4157.14327128568,1:4:0:2:2:1:2:1:1
0:4:0:2:1:2:2:1:0:,recombination,4135.288953282556,1:4:0:2:2:2:2:0:1,1:4:1:1:1:3:3:1:1,MUTATE
0:4:1:3:3:0:1:0:0:,clone,4199.557605312959,0:4:1:3:3:1:1:0:0
1:4:1:1:1:2:3:1:0:,clone,4191.795708505523,1:4:1:1:1:2:3:1:0
1:4:0:2:2:1:2:0:1:,recombination,4096.484433310997,1:4:1:2:2:1:2:0:1,1:4:0:3:3:1:1:0:1,MUTATE
0:4:1:1:1:2:3:0:0:,clone,4721.0767677772865,0:4:1:2:2:2:3:0:0
0:4:1:1:1:3:3:0:0:,recombination,4980.963644199481,0:4:1:2:2:2:3:1:0,0:4:1:2:2:2:3:0:0,MUTATE
2:4:0:3:2:1:2:0:2:,recombination,4744.583614831589,1:4:0:2:2:2:2:1:2,1:4:0:2:2:1:2:0:1,MUTATE
2:4:0:4:4:0:0:0:2:,clone,4443.6266424316145,2:4:0:4:4:0:0:0:2
1:3:0:2:1:2:3:1:0:,recombination,5163.040597272935,1:4:1:2:1:2:3:1:0,0:3:1:2:1:2:3:1:0
1:4:1:2:2:1:2:1:1:,clone,4346.904129915956,1:4:1:2:2:1:2:0:1
1:4:0:3:3:0:1:0:2:,clone,4267.687270368262,2:4:0:3:3:0:1:0:2
0:3:1:2:2:2:2:0:0:,recombination,4005.0742247729813,0:4:1:1:1:3:4:0:0,0:3:1:2:2:2:2:0:0
1:4:1:1:1:2:3:0:1:,clone,4849.816762123831,1:4:0:2:1:2:3:0:1
0:4:1:2:2:1:3:0:0:,recombination,5225.187789434941,0:4:1:2:2:1:3:0:0,1:4:0:2:2:1:1:0:1
0:3:1:2:1:3:3:1:0:,recombination,4946.61419616444,0:3:1:2:2:2:2:1:0,0:3:0:1:1:2:3:1:0
1:4:0:3:3:1:2:0:2:,recombination,4745.449041106814,1:4:1:3:3:1:1:0:1,1:4:0:3:2:2:2:0:1,MUTATE
1:4:1:2:2:2:2:1:0:,recombination,4370.0630865816765,0:4:1:2:2:2:2:1:0,0:4:1:2:2:1:2:0:0,MUTATE
1:3:0:1:1:3:3:1:0:,recombination,4468.422373266515,1:4:0:1:1:3:3:1:0,1:4:1:1:1:3:3:1:1,MUTATE
1:4:0:2:2:1:2:0:1:,recombination,4081.5868156841157,1:4:1:2:1:3:3:1:0,1:4:0:2:2:1:1:0:1
0:4:1:2:1:2:2:0:0:,clone,4233.672435638068,0:3:1:2:2:2:2:0:0
1:4:0:2:1:3:3:1:0:,clone,5000.761053877718,1:4:0:2:1:2:2:1:0
1:4:0:2:1:2:2:1:1:,recombination,4246.743277523527,1:4:0:3:3:1:1:0:1,2:4:0:3:3:2:1:1:2
0:3:0:1:1:2:2:0:0:,recombination,4217.568314276598,1:4:1:2:2:2:2:0:1,0:3:0:1:1:3:3:1:0
1:4:0:2:1:3:3:1:1:,clone,4588.959718318595,1:4:0:2:1:3:3:1:1
0:4:1:2:2:1:2:0:0:,recombination,4015.3323763534986,0:4:1:2:2:1:2:0:0,1:4:0:3:2:2:2:1:1
0:3:1:1:1:4:3:1:0:,recombination,5249.197304636147,0:4:1:2:2:2:2:0:0,0:2:1:0:0:4:4:1:0
0:3:0:2:2:2:2:1:0:,recombination,4278.470901073723,1:4:0:2:2:1:1:0:1,1:4:0:2:2:3:3:1:1,MUTATE
0:3:0:2:2:1:2:0:0:,recombination,4052.0395567429036,1:4:0:2:2:1:1:0:1,2:4:0:3:3:2:2:1:2,MUTATE
1:4:0:2:2:1:2:1:1:,recombination,4104.844236519508,1:4:0:3:3:1:1:0:1,1:4:0:2:1:2:3:1:0
1:4:1:2:1:2:2:1:0:,recombination,4413.499962691679,1:4:0:2:1:2:3:1:1,1:4:1:2:2:2:2:0:1
2:4:0:3:3:1:1:0:2:,recombination,4438.155522649289,1:4:0:3:2:1:1:0:1,2:4:0:3:3:1:1:0:2
1:4:1:3:4:0:0:0:1:,clone,4276.139557364873,1:4:1:3:4:0:0:0:1
0:3:1:1:1:2:3:0:0:,recombination,4342.466417203181,0:3:1:1:1:2:3:0:0,1:4:0:3:3:1:1:0:2
1:4:1:2:2:2:2:0:1:,recombination,4119.282806306529,0:3:1:2:2:2:2:0:0,1:4:1:2:2:1:2:0:1,MUTATE
0:4:1:1:1:2:3:0:0:,clone,4382.563805671881,0:3:1:1:1:2:3:0:0
0:4:0:2:2:2:3:1:0:,recombination,5481.859126601492,1:4:0:3:2:2:2:1:1,0:3:0:1:1:3:4:1:0
0:3:1:1:1:3:4:1:0:,recombination,5046.586060527104,1:4:1:2:2:1:2:0:1,1:3:0:1:1:3:3:1:0
0:3:0:1:1:3:3:1:0:,recombination,4510.8741335810055,0:3:0:1:1:2:3:1:0,1:4:1:2:2:3:2:1:0
0:3:0:1:1:4:3:1:0:,recombination,4751.098310466091,1:4:1:2:1:2:3:1:1,1:3:0:1:1:3:3:1:0,MUTATE
0:3:1:1:1:3:3:1:0:,recombination,4458.511223186635,0:3:1:1:1:2:3:0:0,1:4:0:2:2:3:3:1:0
0:3:0:1:1:4:4:2:0:,clone,4943.89905771157,0:3:0:1:1:3:3:2:0
0:3:1:1:1:2:3:1:0:,recombination,4353.363546264587,1:4:1:2:2:1:2:0:1,0:3:0:1:1:3:3:1:0
1:4:0:2:1:2:3:0:1:,clone,4841.64981593289,1:4:1:1:1:2:3:0:1
0:2:1:1:0:4:4:1:0:,clone,5478.116238946838,0:2:1:1:0:4:4:1:0
1:4:1:2:2:2:2:0:1:,recombination,4115.892371590193,1:4:0:2:2:1:2:0:1,1:4:1:2:2:2:2:0:1
1:4:1:2:3:1:1:0:1:,clone,4341.870239046582,0:4:1:3:3:1:1:0:1
0:2:1:0:0:4:4:2:0:,recombination,5226.127341001189,1:4:1:1:1:2:3:1:1,0:2:1:0:0:4:4:2:0,MUTATE
0:4:1:2:1:3:3:1:0:,recombination,5020.078897224213,1:4:1:2:2:2:3:1:0,0:4:1:2:2:3:2:1:0,MUTATE
0:4:1:2:1:3:3:1:0:,clone,4913.726454893041,1:4:1:2:2:3:2:1:0
1:4:1:2:2:2:1:0:1:,recombination,3958.3594817113662,1:4:0:2:2:3:3:1:0,1:4:1:3:3:1:1:0:1
1:4:1:1:1:2:2:1:1:,recombination,3882.5106426672646,1:4:1:3:3:1:1:0:1,0:3:1:1:0:4:4:1:0
0:3:1:1:0:3:4:1:0:,recombination,5050.9322049336815,0:3:1:1:1:3:4:1:0,0:3:0:1:1:2:2:0:0
0:3:1:2:3:1:1:0:0:,recombination,4052.7458248789276,1:4:0:3:2:2:2:0:1,0:3:1:3:3:1:1:0:0,MUTATE
1:4:0:3:3:1:1:0:1:,clone,4018.842068501965,1:4:1:2:2:1:1:0:1
0:3:0:1:1:3:3:1:0:,recombination,4468.422373266515,1:3:0:1:1:3:3:1:0,0:2:1:0:0:4:4:1:0
1:4:1:2:2:2:2:0:1:,recombination,3984.083929803938,0:4:1:2:2:1:2:0:0,1:4:0:2:2:2:2:1:1
1:4:1:1:1:4:3:1:0:,clone,5896.440710597306,1:3:0:1:1:4:3:1:0
1:4:1:1:1:2:3:0:1:,recombination,4309.574162494526,1:4:1:2:1:2:3:0:1,1:4:1:2:2:2:2:0:1,MUTATE
0:4:1:1:1:2:3:1:0:,recombination,4222.654187891194,0:4:1:2:2:2:3:0:0,1:4:1:2:2:2:2:0:1
1:4:1:2:2:1:2:1:1:,clone,3947.47983635311,1:4:1:2:2:1:2:0:1
0:3:1:1:1:3:3:0:0:,recombination,5024.622627538015,1:4:0:1:1:2:3:1:0,0:3:1:1:1:2:3:0:0,MUTATE
1:4:1:2:2:2:2:1:1:,clone,3984.083929803938,1:4:1:2:2:2:2:0:1
1:4:1:2:2:2:2:0:1:,clone,3958.3594817113662,1:4:1:2:2:2:2:0:1
1:4:1:2:1:2:2:0:1:,recombination,4076.5469684901805,0:4:1:1:1:2:3:1:0,1:4:0:2:2:2:2:0:1
1:4:0:3:3:2:1:0:2:,clone,4771.70026871911,1:4:0:3:3:2:1:0:2
0:3:1:1:0:3:4:1:0:,clone,4989.320446360304,0:3:0:1:0:3:4:1:0
1:4:0:2:1:2:3:1:0:,clone,4604.935070935171,1:4:0:2:1:2:2:1:0
0:3:1:1:1:4:3:1:0:,clone,5183.178640522023,0:3:1:1:1:4:4:1:0
0:4:1:2:2:3:2:1:0:,clone,5313.924514555367,0:4:1:2:2:3:2:1:0
0:2:1:0:0:4:4:1:0:,clone,5825.882604226591,0:2:1:0:0:4:4:1:0
1:4:0:3:3:1:1:0:2:,recombination,4131.984068452691,1:4:0:3:3:0:1:0:2,1:4:0:3:3:1:1:0:2,MUTATE
1:4:1:2:2:2:2:1:1:,recombination,3925.9726321587227,1:4:1:2:2:1:2:0:1,1:4:0:2:2:2:2:1:1,MUTATE
1:4:1:2:2:3:2:1:1:,clone,4528.420401532645,1:4:1:2:1:3:3:1:0
1:4:0:3:3:2:2:0:1:,clone,4706.395916025908,1:4:0:3:3:2:1:0:1
1:4:0:2:2:2:1:0:1:,recombination,4441.463620867342,1:4:0:1:1:3:3:1:0,1:4:0:3:3:2:2:0:1,MUTATE
1:4:1:1:1:3:3:1:0:,clone,4528.420401532645,1:4:1:1:1:3:3:1:0
0:4:1:1:1:2:3:1:0:,recombination,4218.181466840518,1:4:1:2:2:2:2:1:1,1:4:1:1:1:3:3:1:1,MUTATE
0:4:1:2:1:2:3:1:0:,recombination,4483.472180417448,1:4:1:2:2:1:2:1:1,1:4:1:2:1:3:3:1:1
1:4:1:2:3:1:1:0:1:,recombination,3967.7032568153463,1:4:1:3:3:1:1:0:1,1:4:1:1:1:3:3:1:1,MUTATE
1:4:0:3:2:1:2:1:2:,clone,4942.386961052336,1:4:0:3:2:1:2:1:2
1:4:1:1:1:2:2:1:1:,clone,3717.642793655014,1:4:1:1:1:2:2:1:1
0:3:1:1:1:2:3:1:0:,clone,4151.452559688037,1:4:1:1:1:2:3:1:0
0:3:1:2:1:3:3:1:0:,clone,4913.726454893041,0:4:1:2:1:3:3:1:0
1:4:0:3:3:1:1:1:1:,recombination,4573.2540079155515,0:4:1:3:3:1:2:0:0,0:4:1:3:3:1:1:0:0
0:2:1:1:0:4:4:1:0:,clone,5271.283160065556,0:2:1:1:0:4:4:1:0
1:4:0:3:2:1:2:1:2:,clone,4704.739029070975,1:4:0:3:2:1:2:1:2
1:4:1:1:1:3:4:1:0:,clone,4965.827727655095,0:3:1:1:1:3:4:1:0
0:2:1:0:0:4:4:1:0:,recombination,5173.089776406804,0:2:1:0:0:4:4:2:0,0:4:1:2:2:2:3:0:0
1:4:0:2:1:3:3:1:1:,recombination,4399.770609611175,1:4:1:1:1:3:3:1:0,1:4:1:3:3:1:1:0:1,MUTATE
1:4:1:2:1:2:3:0:1:,recombination,4526.514411592792,0:4:1:2:2:2:3:0:0,1:4:0:2:2:2:2:0:1
0:3:0:1:1:2:3:1:0:,recombination,4543.1111759301275,0:3:0:2:1:2:3:1:0,0:3:1:1:1:3:4:1:0
1:4:0:3:2:2:2:0:1:,clone,4653.911455164271,1:4:0:3:3:2:2:0:1
0:3:0:1:1:3:3:1:0:,clone,4436.214748759794,0:3:0:1:1:3:3:1:0
1:4:0:2:2:2:2:0:1:,recombination,4072.6463486908156,1:4:0:3:3:1:1:0:1,1:4:1:2:2:2:3:1:0
0:4:1:2:1:3:3:1:0:,recombination,4560.775395091315,1:4:1:2:1:3:3:1:1,0:4:1:2:2:2:2:0:0,MUTATE
0:4:1:2:2:2:2:0:0:,recombination,4256.729441387893,0:4:0:2:1:2:2:1:0,0:3:1:1:1:2:3:0:0
0:3:1:2:1:2:2:1:0:,clone,4052.0395567429036,0:3:1:2:2:2:2:1:0
0:4:1:2:2:1:1:0:0:,recombination,3988.4331415011766,0:4:1:2:2:1:1:0:0,0:4:1:3:3:1:2:0:0
0:3:1:1:1:3:3:1:0:,recombination,4369.446427862564,0:3:1:1:1:3:3:1:0,1:4:0:2:1:2:3:1:1
1:4:0:2:2:2:1:0:1:,recombination,4183.089122994444,2:4:0:3:3:1:1:0:2,1:4:1:2:2:2:2:0:1
1:4:0:3:3:2:1:0:1:,recombination,4483.8223076847025,0:4:1:2:2:1:1:0:0,2:4:0:3:3:2:1:0:2
1:4:0:2:1:3:3:1:0:,clone,4388.767356065259,1:4:0:2:1:3:3:1:0
0:3:1:1:1:4:4:1:0:,clone,4996.453357303948,1:3:0:1:1:3:3:1:0
1:4:1:1:1:3:3:1:0:,clone,4461.991566802836,1:4:0:2:1:3:3:1:0
0:3:1:1:1:3:3:0:0:,clone,4517.1767405805695,0:3:1:1:1:3:3:0:0
1:4:0:2:2:1:1:1:1:,recombination,4333.259931799841,0:3:0:1:1:2:3:1:0,1:4:1:3:3:1:1:0:1
0:3:1:1:0:4:4:1:0:,recombination,5404.875158711137,0:4:1:2:1:2:3:0:0,0:3:1:1:0:3:4:1:0
0:3:1:2:2:3:2:1:0:,clone,5320.669484368294,0:4:1:2:2:3:2:1:0
0:3:1:1:1:4:3:1:0:,clone,5003.083995449144,0:3:1:1:1:4:4:1:0
0:3:1:1:1:2:3:0:0:,clone,4288.5785297154835,0:3:1:1:1:2:3:0:0
1:4:0:2:2:3:3:0:1:,recombination,5378.362507743187,1:4:1:2:1:3:3:0:1,1:4:1:3:3:2:2:0:1
0:3:0:2:1:3:3:1:0:,clone,4436.214748759794,0:3:0:2:1:3:3:1:0
1:4:0:3:3:1:1:1:2:,recombination,4629.153040417921,0:4:1:3:3:1:1:0:0,0:4:1:2:1:2:3:0:0
0:3:1:1:1:2:3:0:0:,recombination,4157.008821681782,0:4:1:2:1:2:3:0:0,0:3:1:1:1:2:3:0:0,MUTATE
0:3:0:1:1:3:3:1:0:,recombination,4425.198064492168,1:4:0:1:1:3:3:1:0,1:4:0:2:1:2:3:1:1,MUTATE
0:3:1:1:1:3:3:1:0:,recombination,4300.600747933001,0:3:0:1:1:3:3:1:0,1:4:1:3:3:1:2:0:1
0:4:1:2:2:2:2:1:0:,recombination,4087.318327092594,0:4:1:2:2:1:2:0:0,1:4:0:3:3:2:1:0:1
2:4:0:3:3:1:1:0:2:,recombination,4400.995518986425,2:4:0:3:3:2:1:0:2,1:4:0:3:3:0:1:0:2
2:4:0:2:2:1:1:0:2:,recombination,4403.915442518258,1:4:0:3:3:1:1:0:2,2:4:0:3:3:1:1:0:2,MUTATE
1:4:1:2:1:3:3:1:1:,recombination,4577.458400284787,1:4:1:2:1:3:3:1:1,0:3:1:2:2:3:2:1:0
1:4:1:2:2:3:2:1:0:,clone,4380.721035352932,0:3:1:1:1:3:3:1:0
0:3:0:2:2:2:3:1:0:,clone,4678.736378445466,0:3:0:2:1:2:3:1:0
0:3:1:2:1:2:3:1:0:,clone,4583.901805861279,0:3:1:2:1:2:3:1:0
1:4:1:2:1:2:3:0:1:,recombination,4506.97864414628,1:4:1:2:2:1:1:0:1,0:4:1:2:1:3:3:1:0
1:4:1:2:1:2:3:1:0:,recombination,4418.898034685419,1:4:1:2:2:2:2:0:1,0:4:1:2:2:2:3:1:0
1:4:1:2:1:2:2:1:1:,clone,3859.654617491415,1:4:1:2:1:2:2:1:1
1:4:0:3:3:2:2:1:2:,clone,4723.687638269839,1:4:0:2:2:2:2:1:2
1:4:1:1:1:3:3:1:1:,recombination,4453.204776159146,1:4:1:2:2:2:3:0:1,1:4:0:2:1:3:3:1:1
1:4:1:2:1:3:3:1:1:,recombination,4525.731379106915,1:4:0:2:1:3:3:1:1,1:4:1:2:2:1:2:0:1
0:3:1:1:0:4:4:1:0:,recombination,5005.083904497886,1:4:0:2:2:2:3:0:1,1:4:1:2:1:3:3:1:0
1:4:1:2:1:2:2:1:0:,clone,4406.175711894451,0:3:0:1:1:2:3:1:0
1:4:0:1:1:2:3:1:0:,clone,4668.967984705056,1:4:0:1:1:2:3:1:0
0:3:0:1:1:4:4:1:0:,clone,4985.115181295529,0:3:0:1:1:4:4:1:0
0:3:1:1:1:3:3:1:0:,clone,4293.5869911697755,0:3:1:1:1:3:3:1:0
1:4:1:2:2:3:3:1:0:,recombination,4792.122278995923,1:4:0:3:3:2:1:1:1,1:4:1:2:2:3:2:1:1
1:4:1:1:1:3:3:1:0:,recombination,4403.318319077251,1:4:1:1:1:3:3:1:0,2:4:0:2:2:1:2:0:2
0:3:1:1:1:3:4:1:0:,recombination,4822.321201567579,1:4:1:2:2:2:2:0:1,0:3:1:1:0:4:4:1:0,MUTATE
0:4:1:2:2:3:3:0:0:,clone,5330.322685198097,0:4:1:2:2:3:3:0:0
1:4:0:2:1:2:3:1:0:,recombination,4394.557701657548,1:4:0:3:3:1:1:1:1,1:4:1:2:1:2:3:1:0,MUTATE
1:4:0:2:2:2:1:1:1:,recombination,4445.975277250417,2:4:0:3:3:1:1:0:2,0:3:1:1:1:3:3:1:0,MUTATE
0:3:1:1:0:4:4:1:0:,clone,4996.548064464204,0:3:0:1:0:4:4:1:0
0:3:0:1:0:4:4:1:0:,recombination,4976.064331575967,1:4:1:2:1:3:3:1:1,1:4:0:1:1:3:3:1:1,MUTATE
0:2:1:1:0:4:4:1:0:,clone,4840.323697637302,0:3:1:1:0:3:4:1:0
1:4:0:3:2:2:2:0:2:,recombination,5388.778412942213,2:4:0:2:2:2:2:1:2,1:4:1:2:1:2:3:0:1,MUTATE
0:3:1:1:0:4:4:1:0:,clone,4925.44810439728,0:3:1:1:0:4:4:1:0
0:3:1:2:2:1:2:0:0:,clone,3988.4331415011766,0:4:1:2:2:1:2:0:0
2:4:0:3:3:1:2:1:2:,clone,4732.698994739341,2:4:0:3:3:1:2:1:2
1:4:1:1:1:2:3:0:1:,recombination,4222.389233626433,0:4:1:2:2:2:3:0:0,1:4:1:2:2:2:3:1:0,MUTATE
1:3:0:1:1:2:3:1:0:,recombination,4944.783997846574,1:4:0:2:1:3:3:1:1,1:4:0:2:1:2:2:1:1
0:3:1:2:1:3:3:1:0:,recombination,4543.787574959128,0:4:1:2:2:2:3:1:0,1:4:1:2:1:3:3:1:1
0:3:0:2:2:3:2:1:0:,recombination,4811.317571120739,1:4:0:2:2:2:2:1:0,0:3:0:1:1:3:3:1:0
0:2:1:0:0:4:4:1:0:,clone,4763.927954301208,0:2:1:1:0:4:4:1:0
1:3:0:1:1:2:3:1:0:,recombination,4496.285257068374,0:4:0:2:1:2:3:1:0,1:4:1:3:3:2:2:0:1,MUTATE
1:4:0:3:2:1:2:0:2:,clone,5179.2117445786935,1:4:0:2:2:1:2:0:2
1:4:0:3:2:2:2:0:2:,recombination,5375.5442225401985,1:4:0:3:2:2:2:0:2,1:4:1:2:1:2:3:1:1,MUTATE
1:3:0:1:1:3:3:1:0:,recombination,4434.943898315002,1:4:1:1:1:2:3:1:1,1:4:0:3:3:2:2:0:1
0:4:1:1:1:3:3:1:0:,recombination,4201.812168460775,0:3:1:1:1:2:3:1:0,0:3:1:1:1:2:3:1:0
0:2:1:1:0:4:4:1:0:,recombination,4809.770227860504,1:4:0:1:1:2:3:1:0,0:2:1:0:0:4:4:1:0,MUTATE
1:4:1:2:1:2:2:0:1:,clone,4066.342459257767,1:4:1:2:1:2:2:0:1
1:4:0:2:1:2:3:1:1:,clone,4429.422243362207,1:4:1:2:1:2:3:1:0
1:4:0:3:3:2:1:0:2:,clone,4400.995518986425,1:4:0:3:3:2:1:0:2
0:3:0:1:0:4:4:2:0:,clone,5144.505253667312,0:3:0:1:0:4:4:1:0
0:2:1:0:0:4:4:1:0:,recombination,4526.27269905533,0:4:0:2:1:2:3:1:0,0:3:1:1:0:4:4:1:0
0:3:0:1:0:4:4:2:0:,clone,4925.010409021103,0:3:0:1:0:4:4:2:0
0:3:1:1:1:3:3:1:0:,clone,4201.812168460775,0:4:1:1:1:3:3:1:0
0:3:1:1:0:4:4:1:0:,recombination,4816.791481880975,1:4:1:2:1:2:3:0:1,0:3:0:1:0:3:4:1:0,MUTATE
2:4:1:4:4:0:0:0:2:,recombination,4818.239904371924,0:4:1:2:2:1:2:0:0,2:4:0:4:4:0:0:0:2
1:4:1:1:1:3:3:1:1:,recombination,4370.822945673326,0:3:1:1:1:2:3:1:0,1:4:0:3:2:1:2:1:2,MUTATE
1:4:1:3:2:2:2:0:1:,recombination,4826.7612741507,1:4:1:3:3:2:1:0:1,0:4:1:2:1:2:2:0:0,MUTATE
0:3:1:1:0:3:4:1:0:,clone,4592.915268062929,0:3:1:1:1:3:3:1:0
0:3:1:1:0:4:4:1:0:,clone,4810.6654974807525,0:3:1:1:0:4:4:1:0
1:3:0:1:1:2:3:1:0:,clone,4369.073167720845,1:4:0:1:1:2:3:1:1
1:4:1:1:1:3:3:0:1:,clone,4874.73391783594,1:4:1:1:1:3:3:0:1
0:3:1:1:0:4:4:1:0:,recombination,4640.44779801826,1:4:0:1:1:3:3:1:1,0:4:1:1:1:2:3:1:0,MUTATE
0:3:0:1:1:2:3:1:0:,recombination,4470.6394760466665,1:4:0:2:2:1:2:0:1,1:4:0:3:3:1:1:0:1,MUTATE
1:4:0:3:3:1:2:1:1:,recombination,4669.935292563642,1:4:1:2:1:3:3:1:1,1:4:0:3:3:0:0:0:2,MUTATE
0:3:1:0:0:4:4:1:0:,recombination,5104.609987187195,0:4:1:1:1:3:4:1:0,1:3:0:1:1:3:3:1:0,MUTATE
1:4:1:1:1:4:3:1:0:,recombination,5819.323647321867,1:4:1:2:2:1:1:0:1,1:4:1:2:2:3:3:0:1,MUTATE
1:4:1:1:1:3:3:1:0:,recombination,4361.9884597608325,1:4:1:1:1:3:3:1:1,1:4:0:3:3:2:1:1:2,MUTATE
0:4:0:2:2:2:2:1:0:,clone,4066.2632894959465,0:3:0:2:2:2:2:0:0
1:3:0:2:1:2:2:1:0:,recombination,4564.286116140657,1:4:0:3:3:1:1:1:1,1:4:0:2:2:1:2:0:1,MUTATE
1:4:1:2:2:2:3:1:1:,clone,4708.489637207282,1:4:1:2:2:2:2:0:1
1:4:0:1:1:2:2:1:1:,recombination,4263.450455275439,0:4:1:2:2:2:3:0:0,0:4:1:2:1:2:3:1:0
0:2:1:1:0:4:4:1:0:,clone,4741.880384792358,0:2:1:1:0:4:4:1:0
0:3:1:2:1:2:3:0:0:,clone,4575.858745699648,0:3:1:1:1:2:3:0:0
1:4:1:1:1:3:3:1:0:,clone,4227.769942792017,1:4:1:1:1:3:3:1:0
1:4:1:2:1:2:2:1:0:,clone,4232.116087198595,1:4:1:2:1:2:2:1:0
0:4:1:1:1:2:3:0:0:,clone,4363.12555127231,1:4:1:1:1:2:3:0:1
1:4:0:1:1:4:3:1:0:,recombination,4637.673388551547,2:4:0:3:3:0:1:0:2,1:4:0:2:1:3:3:1:0
0:3:0:1:1:3:3:1:0:,recombination,4362.92569509575,0:3:1:1:0:4:4:1:0,1:4:1:3:3:2:2:0:1,MUTATE
0:3:1:2:1:2:3:1:0:,recombination,4511.6959203527485,0:4:1:1:1:2:3:1:0,0:4:0:2:2:2:2:1:0
0:4:1:2:2:3:2:1:0:,recombination,4937.973858924571,1:4:1:2:1:2:3:0:1,0:4:1:2:2:3:3:1:0
1:4:0:3:3:2:2:1:2:,clone,4714.441843954386,1:4:0:3:3:2:2:1:2
0:3:1:1:1:3:4:1:0:,recombination,4710.9195615430535,2:4:1:4:4:0:0:0:2,1:4:0:2:1:3:3:1:1,MUTATE
0:3:1:1:1:3:3:1:0:,recombination,4188.5383162387825,0:3:0:1:1:3:3:1:0,1:4:1:2:2:2:3:1:1
1:3:0:2:2:2:2:1:0:,recombination,4219.162724066787,0:3:0:1:1:4:4:1:0,1:4:0:2:1:2:3:1:0
1:4:0:3:3:1:1:1:2:,recombination,4593.405673331732,1:4:0:3:3:1:2:1:2,2:4:0:4:4:0:0:0:2,MUTATE
1:4:0:3:2:1:2:1:1:,recombination,4835.140323860088,0:4:1:2:2:3:3:0:0,1:4:0:3:3:1:1:1:2,MUTATE
0:3:1:1:1:4:3:1:0:,recombination,4611.452851717406,0:3:1:1:1:4:3:1:0,0:3:1:2:1:3:3:1:0,MUTATE
0:3:1:1:0:3:3:1:0:,recombination,4355.140034211112,1:4:1:1:1:2:3:1:1,0:3:1:1:1:2:3:1:0,MUTATE
1:4:1:1:1:2:3:1:1:,recombination,4295.193218237667,0:2:1:1:1:3:4:1:0,1:4:1:1:1:2:3:0:1,MUTATE
0:2:1:1:1:3:4:1:0:,recombination,5904.00785957854,0:2:1:1:1:3:3:1:0,1:4:0:2:1:3:3:1:0
0:3:1:0:0:4:4:2:0:,clone,5024.466125449102,0:3:1:1:0:4:4:1:0
0:3:1:0:0:4:4:1:0:,recombination,4766.170415578438,1:4:1:2:2:2:2:0:1,0:4:1:1:1:3:3:1:0,MUTATE
0:2:1:1:0:4:4:1:0:,recombination,4503.841703042729,1:4:1:3:3:1:1:0:1,0:3:1:1:0:4:4:1:0,MUTATE
1:3:0:2:1:2:3:1:0:,recombination,4955.802127371169,1:4:0:3:3:1:1:1:2,1:4:0:2:2:1:2:1:1
0:2:1:0:0:4:4:2:0:,clone,4922.559714895535,0:2:1:0:0:4:4:2:0
0:3:0:1:1:4:3:1:0:,recombination,4382.5667376070305,1:3:0:1:1:3:3:1:0,0:3:1:1:1:4:3:1:0
1:4:0:3:3:2:1:0:1:,recombination,4436.870266179021,1:4:0:3:2:2:2:0:2,1:4:0:3:3:2:1:0:2,MUTATE
0:2:1:0:0:4:4:2:0:,recombination,4864.615363402692,0:3:1:1:0:3:4:1:0,0:3:1:1:1:3:4:1:0,MUTATE
0:3:0:1:0:4:4:1:0:,recombination,4809.03651207364,0:3:1:1:1:3:3:0:0,0:3:1:1:1:2:3:1:0
0:3:0:1:1:3:2:1:0:,clone,4266.944011288502,0:3:0:1:1:3:2:1:0
1:4:0:3:3:2:1:0:1:,recombination,4389.314536554986,1:4:0:3:3:2:1:0:1,1:4:0:2:1:3:3:1:1
0:3:1:1:1:3:3:1:0:,clone,4116.535480986002,0:3:1:1:1:3:3:1:0
1:4:0:1:1:3:3:1:0:,recombination,4359.844107559234,0:3:0:1:1:3:3:1:0,0:3:1:2:2:2:2:1:0
0:3:1:1:0:4:4:2:0:,recombination,5006.497311295487,1:4:0:2:1:3:3:1:1,1:4:0:3:2:2:2:1:2,MUTATE
0:3:0:2:2:3:2:1:0:,recombination,4518.137433342476,0:3:0:2:2:3:2:1:0,0:3:0:2:1:3:3:1:0
1:4:0:2:1:3:2:1:1:,recombination,4573.991623284213,0:3:1:1:1:4:3:1:0,1:4:0:2:2:2:1:0:1,MUTATE
1:4:0:3:3:2:2:0:1:,recombination,4677.996843715558,1:4:0:3:3:1:0:0:1,0:2:1:0:0:4:4:1:0
1:4:0:3:3:1:1:1:1:,recombination,4530.8013419865065,1:4:0:3:3:2:2:1:1,2:4:0:3:3:0:1:0:2
0:3:1:1:0:4:4:2:0:,recombination,4990.129745750176,1:4:1:2:1:2:3:1:1,1:4:1:2:1:3:3:1:1
0:4:1:2:2:3:2:1:0:,clone,4691.364081438744,0:4:1:2:2:3:2:1:0
0:2:0:1:1:4:3:1:0:,recombination,4884.159298625567,0:2:1:0:0:4:4:1:0,0:3:1:1:1:3:3:1:0
0:3:1:0:0:4:4:1:0:,recombination,4629.341600646456,0:4:1:2:2:2:2:1:0,0:3:1:0:0:4:4:1:0,MUTATE
0:3:1:1:0:3:4:1:0:,clone,4563.23861494562,0:3:1:1:1:3:3:1:0
1:3:0:2:2:2:3:1:0:,recombination,5244.791478776636,1:4:0:3:2:1:2:0:1,1:4:0:2:2:2:2:1:0,MUTATE
1:4:1:3:3:2:1:1:1:,clone,4469.585995015973,1:4:1:2:2:2:1:1:1
0:2:1:0:0:4:4:1:0:,clone,4458.401176889424,0:2:1:0:0:4:4:1:0
0:2:1:0:0:4:4:2:0:,recombination,4654.436264898189,0:3:1:1:1:4:3:1:0,1:4:1:2:1:2:2:0:1
0:3:1:0:0:4:4:1:0:,recombination,4557.298324178718,0:3:1:1:1:2:3:1:0,0:3:1:1:0:4:4:1:0,MUTATE
0:2:1:0:0:4:4:2:0:,recombination,4479.7167298521335,0:3:0:1:1:3:2:1:0,0:2:1:1:0:4:4:1:0,MUTATE
0:3:1:2:1:3:3:1:0:,recombination,4446.607587188216,0:4:1:2:2:2:2:1:0,1:4:0:2:1:3:3:1:1
1:4:0:3:2:2:1:1:1:,clone,4530.8013419865065,1:4:0:3:2:2:1:1:1
0:3:1:0:0:4:4:2:0:,recombination,4503.862518234888,0:2:1:1:0:4:4:1:0,1:4:1:2:2:2:2:0:1,MUTATE
0:2:1:1:1:3:4:1:0:,clone,4964.063727902643,0:2:1:1:1:3:4:1:0
0:3:1:1:0:4:4:1:0:,recombination,4574.399167429795,0:3:0:1:1:3:3:1:0,0:3:1:1:1:4:3:1:0
0:3:0:0:0:4:4:2:0:,recombination,4573.103557579239,0:3:1:1:1:3:4:1:0,1:4:1:2:2:2:2:0:1,MUTATE
0:3:1:1:0:4:4:2:0:,clone,4522.951166076907,0:3:1:1:0:4:4:2:0
1:4:0:3:3:2:2:1:2:,recombination,4696.121838436189,1:4:0:3:3:2:2:1:1,0:4:1:2:2:2:3:1:0
0:3:0:1:0:4:4:1:0:,recombination,4577.502565506969,0:2:1:0:0:4:4:1:0,0:4:1:2:2:2:2:1:0
0:3:1:2:1:3:3:0:0:,clone,4983.976223680074,0:3:1:1:1:3:3:1:0
0:3:1:1:0:4:4:1:0:,clone,4506.175982374752,0:3:1:1:0:4:4:1:0
0:3:0:2:1:2:3:0:0:,recombination,4522.644910446365,0:3:0:1:1:2:3:0:0,0:3:1:0:0:4:4:2:0,MUTATE
2:4:1:3:4:1:1:0:2:,recombination,4981.457772963881,2:4:1:4:4:0:0:0:2,1:3:0:2:2:2:2:1:0
0:3:1:1:0:4:4:2:0:,clone,4503.862518234889,0:3:1:1:0:4:4:2:0
0:3:0:1:1:3:4:1:0:,clone,5243.534651858616,0:3:0:1:1:3:3:1:0
1:4:1:1:1:2:3:1:1:,recombination,4269.601895371876,1:4:1:3:2:2:2:0:1,0:3:1:1:1:2:3:0:0
0:3:1:1:0:4:4:1:0:,clone,4485.844133526673,0:3:1:0:0:4:4:2:0
0:2:1:0:0:4:4:2:0:,clone,4454.61289959092,0:2:1:0:0:4:4:2:0
0:2:0:1:0:4:4:1:0:,clone,5318.208677096797,0:3:0:1:1:3:4:1:0
0:3:1:1:0:3:4:1:0:,clone,4440.6425565124955,0:3:1:1:0:3:4:1:0
0:2:0:0:0:4:4:2:0:,clone,4532.738379834313,0:2:0:0:0:4:4:2:0
0:2:0:1:0:4:4:1:0:,clone,4917.477474808183,0:2:1:1:0:4:4:1:0
0:2:0:1:0:4:4:2:0:,clone,4984.453230914812,0:3:0:1:0:3:4:1:0
0:2:1:1:0:3:4:2:0:,clone,4997.883705617169,0:3:1:1:1:3:4:1:0
0:2:1:1:0:3:4:1:0:,recombination,5043.435485900851,1:4:1:2:1:2:3:1:0,1:4:1:2:2:1:2:1:1
0:2:1:1:0:4:4:2:0:,clone,4773.55716278789,0:2:0:1:0:4:4:2:0
0:2:0:1:0:4:4:2:0:,clone,4783.946436632486,0:2:0:1:0:4:4:2:0
0:3:0:1:1:4:3:2:0:,recombination,4751.93822367446,1:4:1:2:2:1:1:0:1,0:3:1:1:1:4:3:1:0,MUTATE
0:4:1:1:1:3:3:0:0:,clone,4970.083402061268,0:3:1:1:1:3:3:0:0
1:4:0:1:1:2:3:1:0:,recombination,4325.071662115238,1:3:0:1:1:3:3:1:0,0:4:1:2:2:2:3:1:0
0:3:0:1:0:3:4:1:0:,recombination,4888.235879911739,1:4:0:2:2:2:2:1:2,0:3:1:1:1:3:3:1:0,MUTATE
0:2:0:1:1:3:3:1:0:,recombination,4368.336760996151,0:2:1:0:0:4:4:2:0,1:4:0:1:1:3:3:1:0,MUTATE
0:2:1:1:0:3:4:1:0:,clone,4999.146652512085,0:2:1:1:0:4:4:1:0
0:3:0:1:0:4:4:2:0:,recombination,4472.897975941648,0:2:1:0:0:4:4:2:0,0:3:1:1:0:4:4:1:0
1:4:0:1:1:3:3:1:1:,clone,4343.444493405667,1:4:0:1:1:3:3:1:1
0:2:0:1:0:4:4:2:0:,clone,4646.571520779897,0:2:0:0:0:4:4:2:0
2:4:0:4:4:0:1:0:2:,clone,5002.978065831785,2:4:0:4:4:0:1:0:2
0:3:0:1:1:3:3:1:0:,clone,4270.016423182011,0:3:0:1:1:3:3:1:0
0:3:0:1:1:3:4:1:0:,recombination,4685.705309298757,1:4:1:2:2:3:3:1:1,1:4:1:2:2:2:3:1:1,MUTATE
0:3:1:1:0:4:4:2:0:,recombination,4448.135185840436,0:3:0:1:0:4:4:2:0,0:3:0:1:0:4:4:2:0
2:4:0:3:3:1:2:0:2:,clone,4732.698994739341,2:4:0:3:3:1:2:1:2
0:2:1:1:0:3:4:2:0:,clone,4937.358528708468,0:2:1:1:0:3:4:1:0
1:4:0:3:4:1:1:0:1:,clone,4832.0079997336225,1:4:0:3:4:1:1:0:1
0:3:0:1:0:3:4:2:0:,clone,4996.186276139522,0:3:0:1:0:3:4:2:0
0:2:1:1:0:4:4:2:0:,recombination,4678.916472685584,0:2:1:0:0:4:4:2:0,2:4:0:3:3:0:1:0:2,MUTATE
0:3:0:1:0:3:4:2:0:,clone,4942.3344671537925,0:3:0:1:0:3:4:2:0
0:3:1:1:1:3:4:1:0:,recombination,4690.331442311005,0:4:0:2:1:2:2:1:0,1:4:1:3:3:2:2:0:1
0:3:1:1:1:4:4:1:0:,recombination,4728.546113213121,0:2:1:0:0:4:4:2:0,1:4:1:2:2:2:1:1:1
2:4:1:3:3:1:1:0:2:,clone,4908.026155852111,2:4:1:3:4:1:1:0:2
0:3:0:1:0:3:4:2:0:,clone,4874.627815708054,0:3:0:1:0:3:4:2:0
0:3:1:1:1:4:4:2:0:,recombination,5036.153563179698,1:4:1:3:3:1:1:0:1,0:4:1:2:1:3:3:1:0
0:2:0:1:0:4:4:1:0:,recombination,4518.145782312058,0:3:1:1:1:2:3:0:0,0:3:0:2:2:1:2:0:0,MUTATE
1:3:0:2:1:3:3:1:0:,clone,5107.775480902406,1:3:0:2:1:3:3:1:0
1:4:0:2:2:2:1:1:1:,recombination,4426.102006573391,1:4:0:3:3:1:1:1:1,1:4:0:2:2:2:2:1:1
0:3:1:1:1:4:4:1:0:,clone,4684.531843983661,0:3:1:1:1:4:4:1:0
2:4:0:2:2:2:2:1:2:,clone,4710.837863545374,2:4:0:3:3:2:2:0:2
0:3:0:1:0:3:4:1:0:,clone,4820.516212284955,0:3:0:1:0:3:4:1:0
2:4:0:3:4:1:1:0:2:,clone,5249.7586229681865,2:4:0:3:4:1:1:0:2
0:2:1:1:1:4:4:1:0:,recombination,5089.641229299463,1:4:1:2:2:3:2:1:0,1:4:1:3:3:2:2:0:1
0:3:0:2:2:3:3:1:0:,recombination,5045.093929940966,0:3:0:2:2:3:2:1:0,1:4:1:1:1:3:3:1:1,MUTATE
0:2:1:1:0:4:4:2:0:,recombination,4541.458259332566,0:2:1:1:0:4:4:2:0,0:4:1:3:3:1:1:0:1,MUTATE
0:3:0:1:1:2:3:1:0:,recombination,4135.187937837125,1:4:1:3:3:0:0:0:1,1:4:0:2:2:2:3:1:1
0:4:0:2:1:3:3:1:0:,recombination,5384.19294490016,1:4:1:3:3:2:2:0:1,1:4:0:3:3:1:1:1:2
0:3:0:1:0:3:4:1:0:,recombination,4592.7601780481245,0:3:0:1:1:3:3:1:0,1:4:1:2:2:1:2:1:1,MUTATE
1:4:0:2:1:3:2:1:1:,recombination,4431.658996473873,1:4:0:3:3:1:0:0:2,0:3:0:2:2:1:2:0:0
2:4:0:3:4:1:1:0:2:,recombination,5213.060392144874,0:3:1:1:1:2:3:1:0,2:4:0:4:4:0:0:0:2,MUTATE
0:3:0:1:1:4:4:2:0:,recombination,4916.563551230571,1:4:1:2:1:3:3:1:1,1:3:0:2:1:2:3:1:0
1:4:0:3:3:2:2:0:2:,recombination,5016.94704576783,2:4:1:3:4:1:1:0:2,0:4:1:3:3:1:1:0:1,MUTATE
0:2:0:1:1:3:4:1:0:,recombination,4839.305714388762,0:2:1:1:0:4:4:2:0,1:4:1:2:1:2:3:0:1,MUTATE
1:4:1:2:2:3:2:1:1:,clone,4456.430664231267,1:4:1:2:2:2:2:1:1
1:4:0:2:2:2:1:1:1:,recombination,4425.796977198931,1:4:1:2:2:2:1:1:1,1:4:1:1:1:3:3:1:0,MUTATE
0:3:0:1:0:4:4:1:0:,clone,4523.183233113859,0:3:0:1:0:4:4:1:0
1:4:0:3:2:1:2:1:1:,clone,4754.0514106493065,1:4:0:2:2:2:2:1:1
1:4:0:2:2:1:2:0:2:,recombination,4610.481936825574,2:4:0:3:3:1:2:0:2,0:3:0:0:0:4:4:2:0
1:4:0:3:3:0:1:0:2:,recombination,4159.084685565482,1:4:0:3:4:0:0:0:2,1:4:1:2:2:2:3:0:1
0:2:0:0:0:4:4:2:0:,clone,4510.606923627885,0:2:0:0:0:4:4:2:0
0:2:0:0:0:4:4:2:0:,recombination,4481.208442185302,0:3:1:1:0:4:4:2:0,1:4:1:2:2:1:2:0:1
0:2:0:1:1:4:3:1:0:,recombination,4793.735627589904,0:3:1:1:0:4:4:1:0,0:3:1:1:1:2:3:0:0
0:2:0:1:0:4:4:2:0:,recombination,4384.033230863593,0:2:0:0:0:4:4:2:0,1:4:0:2:2:2:1:0:1
0:2:0:0:0:4:4:1:0:,recombination,4700.769527965569,0:3:0:1:1:3:3:1:0,0:3:1:1:0:4:4:1:0,MUTATE
0:3:1:2:2:3:3:0:0:,recombination,5135.49918344025,1:4:1:3:3:0:0:0:1,0:4:1:2:1:3:3:1:0,MUTATE
0:2:1:1:0:4:4:1:0:,recombination,4420.151049071769,0:3:1:2:1:2:3:0:0,0:3:0:1:0:4:4:2:0
0:2:1:1:0:3:4:1:0:,recombination,4390.752567629186,0:2:1:1:0:4:4:1:0,0:2:0:0:0:4:4:2:0,MUTATE
0:2:0:0:0:4:4:2:0:,clone,4472.897975941648,0:2:0:0:0:4:4:2:0
1:4:0:2:2:2:2:1:2:,clone,4710.837863545374,2:4:0:2:2:2:2:1:2
0:2:1:1:1:4:3:1:0:,recombination,5016.94804819445,1:4:0:3:3:2:1:1:1,0:3:1:1:0:4:4:1:0
0:4:1:1:1:4:4:1:0:,clone,5215.3682444540655,0:3:1:1:0:4:4:1:0
0:3:0:2:1:2:2:1:0:,recombination,4087.662263270184,0:3:0:1:1:2:3:1:0,1:4:1:2:2:2:2:0:1
0:2:1:1:0:3:4:1:0:,clone,4301.813160527929,0:2:1:1:0:3:4:1:0
0:2:1:1:1:3:3:1:0:,recombination,4226.756423128577,0:3:0:2:1:2:2:1:0,0:2:1:0:0:4:4:2:0,MUTATE
1:4:1:1:1:2:3:1:1:,recombination,4241.467025024151,1:4:1:1:1:2:3:0:1,1:4:0:3:3:2:2:1:2,MUTATE
0:2:1:1:0:3:4:2:0:,recombination,4729.5296528490335,1:4:1:2:1:3:3:1:1,1:4:1:2:1:2:3:1:0,MUTATE
0:2:1:1:0:3:4:1:0:,recombination,4218.589534609719,1:4:0:1:1:3:3:1:0,0:2:1:1:0:3:4:1:0
0:2:1:0:0:3:4:1:0:,clone,4814.290071420764,0:3:1:1:0:3:4:1:0
0:3:0:1:0:3:4:1:0:,recombination,4343.116721778729,0:4:1:2:2:2:3:0:0,0:3:0:1:1:4:3:1:0
0:4:1:2:1:3:3:1:0:,recombination,4558.580923351704,1:4:1:2:2:3:2:1:1,1:4:1:2:1:3:3:1:1
0:2:0:1:0:3:4:1:0:,recombination,4271.2903056838195,0:3:0:1:0:3:4:1:0,1:4:0:2:2:2:3:1:1
0:2:1:0:0:4:4:1:0:,recombination,4423.238834659073,0:3:1:1:0:4:4:2:0,1:4:1:2:2:1:2:1:1
1:4:1:2:2:2:1:1:1:,clone,4234.889613657494,1:4:1:2:2:2:1:1:1
0:4:1:1:1:3:4:0:0:,recombination,6797.718326220282,1:4:0:3:3:1:1:0:2,0:4:1:1:1:3:4:0:0,MUTATE
0:3:0:2:2:3:3:1:0:,clone,4995.747494651534,0:3:0:2:2:3:3:1:0
1:4:0:3:2:2:2:0:1:,recombination,4596.581916055372,1:4:1:2:1:2:3:0:1,1:4:0:3:3:1:1:0:2
0:2:1:0:0:4:4:1:0:,clone,4405.270020505458,0:2:1:0:0:4:4:1:0
0:2:1:0:0:4:4:2:0:,recombination,4420.04267154508,0:3:1:1:1:4:4:1:0,1:4:1:2:2:1:2:1:1
1:3:0:2:1:2:3:1:0:,clone,4595.2963776177685,0:3:0:2:1:3:3:1:0
0:4:1:1:1:2:3:1:0:,recombination,4168.70942014165,1:4:1:1:1:2:3:1:1,1:4:1:3:3:0:1:0:1
0:2:1:1:1:3:4:1:0:,recombination,4744.953090337297,1:4:0:2:1:2:3:1:1,0:2:1:1:1:3:4:1:0,MUTATE
2:4:0:2:2:1:2:1:2:,recombination,4647.192328075151,2:4:0:2:2:1:2:1:2,2:4:0:3:2:1:2:1:2,MUTATE
0:3:1:1:1:2:3:1:0:,recombination,4133.745650628097,1:4:1:1:1:3:3:1:0,0:3:0:1:1:2:3:1:0,MUTATE
0:4:1:2:2:3:2:1:0:,clone,4494.867597204946,0:4:1:2:1:3:3:1:0
1:3:0:2:2:2:2:1:0:,clone,4171.422072364721,0:3:0:1:1:2:3:1:0
0:4:1:2:2:1:2:0:1:,clone,4462.923420943028,0:4:1:2:2:1:2:0:1
0:3:0:1:1:3:3:2:0:,recombination,4599.149478747052,1:4:0:3:3:0:1:0:1,0:4:0:2:2:2:2:1:0,MUTATE
0:2:0:1:0:4:4:1:0:,clone,4491.460805202937,0:2:0:0:0:4:4:1:0
0:2:0:0:0:4:4:2:0:,recombination,4471.428873299422,0:3:1:1:1:4:4:1:0,0:3:0:1:1:3:4:1:0
0:3:1:1:1:4:3:2:0:,recombination,4795.7859972224605,1:4:1:1:1:2:2:1:1,1:4:0:3:2:2:2:0:1
0:2:0:1:0:3:4:1:0:,clone,4225.54934060781,0:2:0:1:0:3:4:1:0
0:3:1:2:1:2:3:1:0:,recombination,4497.102305102129,0:3:1:2:2:3:2:1:0,0:4:1:2:2:1:1:0:0
1:4:1:3:3:0:1:0:1:,recombination,3895.885836209144,1:4:1:3:3:0:1:0:1,1:4:1:3:3:1:2:0:1
0:3:1:1:0:3:4:1:0:,recombination,4373.945358979516,0:3:0:1:0:4:4:2:0,0:4:1:1:1:2:3:1:0,MUTATE
0:2:1:0:0:4:4:2:0:,recombination,4359.119980257959,1:4:1:2:1:2:3:1:1,0:2:1:0:0:4:4:2:0,MUTATE
0:2:1:1:0:3:3:1:0:,recombination,4322.995632702373,0:3:1:1:0:4:4:1:0,0:4:1:2:2:1:1:0:0
0:3:1:1:0:3:4:1:0:,recombination,4361.127451117215,1:4:0:2:2:2:3:1:0,0:2:0:1:0:3:4:1:0,MUTATE
0:2:0:0:0:3:4:2:0:,recombination,4290.28841976974,0:3:0:1:0:3:4:1:0,1:4:0:2:2:2:2:1:1
0:2:0:1:1:4:4:1:0:,recombination,4853.636725316391,0:2:0:1:0:4:4:1:0,2:4:0:3:3:1:2:0:2,MUTATE
0:3:1:3:3:2:2:0:0:,clone,5695.514989530573,0:3:1:3:2:2:2:0:0
0:3:1:2:1:2:3:0:0:,clone,4532.34565440134,0:3:1:2:1:2:3:0:0
1:4:0:2:2:2:1:1:1:,clone,4351.316553330926,1:4:1:3:3:1:1:0:1
0:3:1:2:1:2:3:0:0:,clone,4516.589045910616,0:3:1:2:1:2:3:0:0
0:3:0:1:1:3:3:1:0:,recombination,4172.211373589802,1:3:0:2:1:2:3:1:0,0:4:0:2:2:2:2:1:0
0:3:1:3:3:2:2:0:0:,recombination,5579.297715081043,1:4:1:3:3:2:1:0:1,0:3:1:3:3:2:2:0:0,MUTATE
1:4:0:2:2:2:2:1:0:,recombination,4195.613069329996,1:4:1:3:2:1:2:0:1,0:3:0:1:1:3:3:1:0
1:3:0:2:2:3:3:1:0:,recombination,4894.400131350592,0:4:1:2:1:2:3:1:0,1:4:0:3:3:2:2:1:2
0:3:1:1:1:2:2:1:0:,recombination,4239.69303000395,0:3:0:1:1:2:3:1:0,1:4:0:2:2:1:1:0:1
0:2:1:0:0:3:4:1:0:,recombination,4685.348451478748,0:3:1:1:1:4:3:1:0,0:3:0:1:1:3:3:1:0
1:4:1:3:3:0:1:0:1:,clone,3836.338675052274,1:4:1:3:3:0:1:0:1
1:4:0:3:4:0:0:0:1:,clone,4310.082176235923,1:4:0:3:4:0:0:0:2
0:3:0:1:0:3:4:2:0:,clone,4518.115242185372,0:3:0:1:0:3:4:1:0
0:3:0:1:0:3:4:2:0:,clone,4455.110335599544,0:3:0:1:0:3:4:2:0
0:2:1:1:0:3:4:2:0:,clone,4537.8489264317195,0:2:1:1:0:3:4:2:0
1:3:0:2:1:2:2:1:0:,clone,4351.267236883436,1:4:0:2:2:2:2:1:0
0:2:1:1:0:3:4:1:0:,recombination,4144.1180979804985,0:3:1:2:2:2:2:0:0,0:3:0:1:0:3:4:2:0,MUTATE
0:2:1:0:0:3:4:1:0:,recombination,4136.053192531195,0:2:1:1:0:3:4:1:0,1:4:0:2:1:3:3:1:1
0:3:1:1:0:3:3:1:0:,clone,4309.219426831174,0:2:1:1:0:3:3:1:0
0:4:1:2:2:3:3:1:0:,clone,5046.986703654339,1:4:1:2:2:3:3:1:0
0:2:1:0:0:3:4:2:0:,recombination,4275.052321338313,1:4:1:1:1:3:3:1:0,0:2:1:0:0:3:4:1:0
1:4:1:2:2:3:2:0:1:,recombination,5472.451276634371,1:4:0:3:3:2:1:0:2,1:4:0:2:2:3:2:0:1
1:4:1:1:1:4:4:1:0:,recombination,5500.131498924663,2:4:0:2:2:2:2:1:2,1:4:1:2:3:1:1:0:1,MUTATE
1:4:1:2:2:3:2:0:1:,recombination,5416.4834114331825,2:4:0:3:3:0:1:0:2,1:4:0:3:3:1:1:1:1
1:4:0:2:2:1:1:1:1:,recombination,4236.591284861651,1:4:1:2:2:2:1:1:1,1:4:1:2:2:2:2:0:1,MUTATE
1:3:0:2:1:3:3:1:0:,clone,4814.98394021104,1:3:0:2:1:2:3:1:0
0:3:1:1:1:3:3:2:0:,recombination,4673.7471629132615,1:4:1:1:1:2:3:0:1,0:3:1:2:1:2:3:0:0,MUTATE
1:3:0:2:1:3:3:1:0:,clone,4597.651619905631,1:3:0:1:1:3:3:1:0
1:4:1:2:2:2:2:1:0:,recombination,4157.6180026756565,1:4:0:3:3:1:1:1:1,0:4:1:2:2:1:1:0:0
0:1:1:0:0:4:4:2:0:,clone,5458.538478685282,0:1:1:0:0:4:4:2:0
0:3:1:2:2:3:3:1:0:,recombination,4895.335251956166,1:4:1:2:2:2:3:0:1,1:4:0:2:1:3:2:1:1,MUTATE
2:4:1:4:4:0:0:0:2:,recombination,4613.296341365126,1:4:1:2:2:3:2:1:1,0:4:1:2:2:3:2:1:0,MUTATE
0:2:1:1:0:3:4:1:0:,recombination,4005.999642664255,0:3:0:1:0:4:4:2:0,0:3:0:1:1:3:3:1:0
0:1:1:0:0:4:4:2:0:,recombination,5120.297020909341,0:3:1:0:0:4:4:1:0,0:3:1:1:0:3:3:1:0
1:4:0:4:4:1:1:0:2:,recombination,5218.264513750729,2:4:1:4:4:0:0:0:2,1:4:0:3:3:1:1:1:2,MUTATE
0:1:1:0:0:4:4:1:0:,recombination,5630.692625033979,1:4:1:3:3:1:1:0:2,0:3:1:1:1:4:3:1:0
2:4:1:4:4:0:0:0:2:,clone,4484.134296510745,2:4:1:4:4:0:0:0:2
0:3:1:1:1:2:3:1:0:,recombination,4052.104350495713,0:3:0:1:1:3:3:1:0,0:3:1:2:1:2:3:1:0
1:4:1:3:3:1:0:0:2:,recombination,4443.981132866655,1:4:1:3:3:2:1:0:1,1:4:1:2:2:2:2:1:1
1:4:0:2:1:3:2:1:0:,clone,4444.0632436553815,1:4:1:2:2:2:2:1:0
1:4:1:4:4:0:0:0:2:,recombination,4484.134296510745,1:4:1:1:1:2:3:1:1,2:4:1:4:4:0:0:0:2,MUTATE
0:1:1:0:0:4:4:1:0:,recombination,5374.022111711648,0:2:0:1:1:4:3:1:0,0:3:1:1:1:4:3:1:0
0:4:1:1:1:3:4:1:0:,clone,5715.855257164691,1:4:1:1:1:3:3:1:0
0:1:1:0:0:4:4:2:0:,recombination,4917.532001048088,0:2:0:1:0:3:4:1:0,0:3:1:1:1:4:3:1:0,MUTATE
0:4:1:1:1:4:3:1:0:,recombination,5708.932597039072,1:4:1:2:2:3:3:0:1,0:3:0:1:1:4:3:1:0
0:4:0:2:2:2:3:1:0:,recombination,4906.212135611613,0:4:1:2:2:1:2:0:1,1:4:0:2:1:2:2:1:0
0:3:1:1:1:2:3:1:0:,recombination,3993.438079222203,1:3:0:2:1:2:3:1:0,1:4:0:2:2:2:2:1:0,MUTATE
0:3:1:2:2:2:2:1:0:,recombination,4439.878196053299,1:4:1:2:2:2:1:1:1,1:3:0:2:1:2:2:1:0
0:3:1:3:2:1:2:0:0:,clone,5394.948596074148,0:4:1:3:3:1:2:0:0
0:2:1:1:1:3:3:1:0:,clone,4089.223268582465,0:2:1:1:1:3:3:1:0
0:4:1:1:1:3:4:1:0:,recombination,5106.515232569958,1:4:1:3:3:1:1:0:2,0:3:1:1:1:3:3:1:0,MUTATE
0:4:1:2:1:2:2:1:0:,recombination,4483.8864355472415,0:2:1:1:0:3:4:1:0,0:4:1:2:2:3:3:0:0
0:3:1:1:1:3:3:1:0:,recombination,4049.7859999320644,0:2:1:1:0:3:4:1:0,1:4:1:3:3:0:1:0:1,MUTATE
0:2:1:1:1:3:3:1:0:,clone,4062.5382914733445,0:2:1:1:1:3:3:1:0
0:1:1:0:0:4:4:2:0:,clone,4838.440642724918,0:1:1:0:0:4:4:2:0
0:3:1:1:1:3:3:1:0:,clone,4023.101022822944,0:3:1:1:1:3:3:1:0
0:2:1:0:0:4:4:1:0:,recombination,4353.263554234493,1:4:0:3:3:1:2:0:1,0:2:1:1:0:4:4:2:0
0:2:1:1:0:3:4:2:0:,recombination,4227.843055154324,0:3:1:1:0:4:4:1:0,0:3:1:1:1:3:3:1:0,MUTATE
0:2:1:1:1:4:3:1:0:,recombination,4614.239198103981,1:4:0:2:1:3:2:1:0,0:3:1:1:1:3:3:1:0,MUTATE
0:3:0:1:1:3:3:1:0:,recombination,4027.4113649864075,0:3:0:1:1:3:3:1:0,0:3:1:1:1:3:3:1:0
0:1:1:0:0:4:4:2:0:,recombination,4680.429991735692,1:4:1:2:3:1:1:0:1,0:2:0:1:0:4:4:2:0,MUTATE
0:3:1:1:1:2:2:1:0:,clone,4005.119344925412,0:3:1:1:1:2:3:1:0
0:1:1:0:0:4:4:1:0:,recombination,4970.526127003104,1:4:0:1:1:3:3:1:1,0:3:1:0:0:4:4:1:0,MUTATE
1:3:0:1:1:4:3:2:0:,recombination,4732.698994739343,1:4:1:3:3:1:1:0:2,1:4:1:1:1:3:3:1:1,MUTATE
1:4:0:2:1:2:3:0:1:,recombination,4757.42902300459,1:4:0:3:2:2:2:1:1,0:3:1:2:2:2:3:0:0
0:3:1:0:0:3:4:1:0:,recombination,5027.935064819207,1:4:1:1:1:2:3:1:0,1:4:1:1:1:2:3:0:1
0:1:1:0:0:4:4:2:0:,clone,4648.477040887849,0:1:1:0:0:4:4:2:0
1:3:0:2:1:2:3:1:0:,recombination,4493.51673560601,1:3:0:2:1:2:3:1:0,1:4:0:2:3:1:1:0:1,MUTATE
0:1:1:0:0:4:4:2:0:,clone,4428.81283962719,0:1:1:0:0:4:4:2:0
0:3:1:2:2:2:3:0:0:,clone,4888.345827932779,0:3:1:2:2:2:3:0:0
0:3:1:1:0:3:3:1:0:,clone,4279.006452909465,0:3:1:1:0:3:3:1:0
0:2:1:1:1:4:3:2:0:,clone,4719.216227561105,0:2:1:1:1:4:4:2:0
2:4:0:4:4:0:0:0:2:,clone,4042.6860887664766,0:2:1:1:0:4:4:2:0
2:4:0:3:3:0:1:0:2:,recombination,3995.9900264768758,0:3:0:1:1:3:3:1:0,0:3:1:1:1:2:3:1:0
2:4:0:3:3:0:0:0:2:,clone,4283.7966647513795,2:4:0:3:3:0:0:0:2
2:4:0:3:3:0:0:0:2:,clone,4097.58573818998,2:4:0:3:3:0:0:0:2
2:4:0:3:4:0:0:0:2:,clone,4339.867416423613,2:4:0:3:4:0:0:0:2
2:4:0:3:4:0:0:0:2:,clone,4284.70993164996,2:4:0:3:4:0:0:0:2
0:3:0:1:1:3:4:2:0:,clone,4863.964749677318,0:3:0:1:1:3:4:2:0
0:2:1:0:0:4:4:2:0:,recombination,4331.208879284,0:3:1:1:1:4:4:1:0,0:3:1:1:1:3:3:2:0,MUTATE
0:3:1:1:0:4:4:1:0:,clone,4404.9213651640775,0:3:1:1:0:4:4:1:0
0:2:0:0:0:4:4:2:0:,recombination,4280.3125128032125,1:4:0:3:3:1:0:0:2,0:3:1:1:1:4:4:1:0
0:3:1:3:3:1:2:0:0:,clone,5327.544635079784,0:3:1:2:2:1:2:0:0
0:3:1:1:0:4:4:1:0:,recombination,4318.414754189134,1:4:1:1:1:3:3:1:1,2:4:0:2:2:2:2:1:2,MUTATE
0:2:1:1:0:4:4:2:0:,clone,4521.954636362975,0:3:0:1:0:4:4:2:0
1:3:0:1:1:2:3:1:0:,clone,4251.494864037418,1:3:0:1:1:2:3:1:0
0:3:0:1:1:4:3:2:0:,recombination,4732.698994739342,1:4:0:3:3:1:2:1:2,1:4:0:1:1:3:3:1:0,MUTATE
0:3:1:0:0:4:4:1:0:,clone,4179.4156253820165,0:3:1:1:0:4:4:1:0
0:2:1:1:0:4:4:1:0:,recombination,4371.760596797078,1:4:0:2:1:2:3:0:1,1:4:1:1:1:3:3:1:1
0:2:1:1:0:4:4:2:0:,clone,4398.090834726028,0:2:1:1:0:4:4:2:0
0:3:1:1:0:3:4:2:0:,recombination,4947.545460721712,1:4:0:2:2:2:2:1:2,1:3:0:1:1:2:3:1:0
0:3:1:1:0:3:4:2:0:,recombination,4824.870813980794,0:3:1:1:0:4:4:1:0,2:4:0:2:2:2:2:1:2
0:3:1:1:0:4:4:2:0:,clone,4420.730979954229,0:3:1:1:0:4:4:2:0
1:4:1:1:1:4:3:1:0:,recombination,5285.725496847179,1:4:0:3:2:2:2:0:1,2:4:0:3:3:2:2:1:2,MUTATE
1:4:0:2:2:3:3:1:0:,clone,4979.170770741333,1:4:0:2:2:3:3:1:0
0:3:0:2:2:2:2:0:0:,clone,4924.807873842372,0:3:0:2:2:2:2:0:0
0:3:1:1:1:4:4:2:0:,clone,4873.209988858954,0:3:1:1:1:4:4:2:0
0:3:1:1:1:4:4:2:0:,recombination,4850.569843630754,1:4:1:2:2:2:2:1:0,0:2:1:0:0:4:4:2:0,MUTATE
0:3:0:1:1:4:4:2:0:,recombination,4855.491897691381,1:4:0:2:2:2:3:1:1,1:4:0:2:1:3:2:1:0,MUTATE
0:3:0:1:1:4:3:2:0:,clone,4477.817422677351,0:3:1:1:1:4:3:2:0
0:2:0:1:1:3:3:1:0:,clone,4348.862449348813,0:2:0:1:1:3:3:1:0
0:3:0:1:1:4:3:2:0:,clone,4441.240266374196,0:3:0:1:1:4:3:2:0
0:2:0:1:1:4:3:2:0:,clone,4401.142877905496,0:2:0:1:1:4:3:2:0
0:2:1:1:1:4:3:2:0:,clone,4408.853328845328,0:2:1:1:1:4:3:2:0
0:2:0:1:1:3:3:1:0:,recombination,4266.700835842895,0:4:1:3:2:1:2:0:0,0:4:1:2:2:1:1:0:0,MUTATE
0:2:1:1:0:4:4:1:0:,recombination,4307.591104522917,0:3:1:1:1:3:3:1:0,0:3:1:1:1:3:3:2:0,MUTATE
1:4:0:3:2:1:2:1:1:,recombination,4668.313739986335,1:4:0:3:4:1:1:0:1,1:4:1:2:2:2:3:1:0
0:2:1:0:0:4:4:1:0:,clone,4283.715233947824,0:2:1:0:0:4:4:1:0
0:2:1:0:0:4:4:1:0:,recombination,4245.135296767378,0:2:1:1:0:4:4:1:0,0:2:1:0:0:4:4:1:0
0:2:0:1:0:3:4:2:0:,recombination,4976.404955515968,1:4:0:2:1:2:3:0:1,1:4:1:2:2:1:2:0:1,MUTATE
0:3:0:0:0:4:4:1:0:,clone,4980.317547996147,0:3:0:0:0:4:4:1:0
1:4:1:2:2:2:3:1:0:,clone,4716.0061442516735,1:4:1:2:2:2:3:1:0
0:2:0:1:0:3:4:2:0:,clone,4971.855218396916,0:2:0:1:0:3:4:2:0
0:2:0:1:1:3:3:2:0:,recombination,4883.842142542821,0:3:0:1:1:3:3:2:0,1:4:0:2:2:2:3:1:1
0:2:1:1:1:3:4:2:0:,recombination,4924.172555286725,0:3:1:1:1:2:3:1:0,1:4:1:2:1:3:3:1:0
0:2:1:1:1:3:4:0:0:,clone,6759.855258964856,0:2:1:1:1:3:4:0:0
0:4:1:2:2:2:3:1:0:,clone,4710.0959993071165,0:4:1:2:2:2:2:1:0
0:1:0:0:0:4:4:2:0:,clone,4732.698994739343,0:2:1:0:0:4:4:2:0
0:2:0:1:1:3:4:2:0:,clone,4854.305742246475,0:2:0:1:1:3:4:2:0
1:4:0:2:2:1:2:0:2:,clone,4566.429455869982,2:4:0:2:2:1:2:0:2
0:3:0:2:2:3:3:1:0:,recombination,4843.631783389224,1:4:1:2:1:3:3:1:1,1:4:0:2:2:3:2:0:1
0:4:1:1:0:4:4:1:0:,recombination,4737.718182242208,2:4:0:2:2:1:2:1:2,1:4:1:2:2:1:2:1:1,MUTATE
0:3:1:1:0:3:4:2:0:,recombination,4750.747991019875,0:2:1:1:0:3:4:1:0,0:4:1:1:1:3:4:1:0,MUTATE
0:1:1:0:0:4:4:1:0:,recombination,4747.945483097917,0:2:1:0:0:4:4:1:0,0:3:1:1:1:3:3:1:0
0:3:1:1:0:3:4:2:0:,recombination,4606.250779799501,0:3:1:2:2:2:2:1:0,0:3:1:2:1:2:2:1:0,MUTATE
1:4:1:2:1:3:3:0:1:,recombination,5117.711568850895,2:4:0:2:2:1:2:1:2,0:4:1:1:1:4:4:1:0
0:1:1:0:0:4:4:2:0:,clone,4426.429586770751,0:1:1:0:0:4:4:2:0
0:1:1:0:0:4:4:2:0:,clone,4419.239533251755,0:1:1:0:0:4:4:2:0
0:2:1:1:1:4:4:1:0:,recombination,5006.780573855678,0:2:0:1:1:3:3:2:0,0:4:1:2:2:1:2:0:0,MUTATE
0:1:0:0:0:4:4:2:0:,recombination,4354.06671951492,0:3:0:1:0:3:4:1:0,0:4:1:2:1:2:3:0:0,MUTATE
0:1:1:0:0:4:4:2:0:,clone,4393.888520512627,0:1:1:0:0:4:4:2:0
0:1:1:0:0:4:4:2:0:,clone,4324.535283943092,0:1:1:0:0:4:4:2:0
0:1:0:0:0:4:4:2:0:,recombination,4273.561222974339,0:3:1:1:1:3:4:1:0,0:3:0:1:0:3:4:1:0,MUTATE
0:4:1:3:2:1:2:0:0:,clone,4927.612392095692,0:4:1:3:2:1:2:0:0
0:1:1:0:0:4:4:2:0:,clone,4285.366924851422,0:1:1:0:0:4:4:2:0
0:3:0:2:2:2:2:0:0:,clone,4752.373541614933,0:4:1:2:2:2:2:0:0
0:2:0:1:1:4:3:1:0:,recombination,4547.252613012625,0:3:0:2:2:3:2:1:0,0:3:1:1:1:3:4:1:0,MUTATE
0:2:1:1:1:4:4:1:0:,recombination,4945.58960767152,0:3:0:2:2:3:2:1:0,0:1:1:0:0:4:4:2:0,MUTATE
0:2:1:1:1:4:4:1:0:,recombination,4926.498088399262,0:2:0:1:1:4:3:1:0,1:4:0:2:2:2:3:1:1,MUTATE
0:3:1:1:0:3:4:1:0:,recombination,4250.129015331827,1:4:0:2:2:1:2:1:2,0:1:1:0:0:4:4:2:0
0:3:1:2:2:2:3:0:0:,clone,4764.713560549376,0:3:0:2:2:2:2:0:0
0:2:0:1:1:4:4:1:0:,clone,4814.332972552858,0:2:0:1:1:4:3:1:0
0:2:0:1:0:3:3:1:0:,recombination,4444.669400033536,0:4:0:2:2:2:3:1:0,0:2:1:1:0:4:4:2:0
0:3:0:2:2:2:3:0:0:,clone,4683.908340729413,0:3:0:2:2:2:2:0:0
0:1:1:0:0:4:4:1:0:,recombination,4613.8543916851,1:4:1:2:2:2:2:1:0,0:3:1:1:1:3:3:2:0
0:3:1:2:2:2:3:0:0:,clone,4753.442709063998,0:3:1:2:1:2:3:0:0
1:4:0:1:1:2:3:1:1:,recombination,4429.718116944889,0:3:1:1:0:3:4:2:0,1:4:0:3:2:1:1:0:1
0:2:0:1:0:3:3:1:0:,clone,4376.204199148016,0:2:0:1:0:4:4:1:0
0:3:1:1:1:4:3:2:0:,recombination,4642.557254789481,0:3:0:1:1:3:3:1:0,1:4:0:2:2:3:2:0:1,MUTATE
0:3:1:2:2:3:2:1:0:,clone,5000.238026581526,0:3:1:2:2:2:2:1:0
1:4:0:2:1:2:3:1:1:,clone,4401.097518866641,1:4:0:2:1:2:3:1:1
1:4:0:1:1:2:3:1:1:,recombination,4356.0751068653,1:4:0:2:1:2:3:1:1,1:4:1:2:2:2:3:1:1,MUTATE
0:2:0:0:0:4:4:1:0:,recombination,4538.4004354351255,1:4:0:3:2:1:2:1:1,1:3:0:2:1:3:3:1:0,MUTATE
0:1:1:0:0:4:4:1:0:,recombination,4401.700343748333,0:3:1:2:1:3:3:0:0,0:3:0:1:1:2:3:1:0
0:2:0:0:0:4:4:1:0:,clone,4475.544258364191,0:2:0:0:0:4:4:1:0
0:3:1:1:1:3:3:2:0:,recombination,4643.579304481746,1:4:1:3:3:1:1:1:1,0:3:0:2:2:1:2:0:0,MUTATE
1:4:1:2:1:3:2:1:1:,recombination,4285.561805197932,1:3:0:2:1:3:3:1:0,1:4:1:2:2:1:2:0:1
0:2:0:0:0:4:4:1:0:,clone,4409.230840215403,0:2:0:0:0:4:4:1:0
0:4:1:2:1:3:3:1:0:,recombination,4475.752261140542,0:3:1:1:1:3:4:1:0,1:4:0:2:1:2:2:1:1,MUTATE
0:2:0:1:0:4:4:1:0:,recombination,4276.506585101737,0:2:0:0:0:4:4:1:0,1:4:0:3:3:1:1:1:2
1:4:0:3:4:0:1:0:2:,recombination,4950.288940119852,1:4:1:3:3:1:1:0:1,0:4:1:3:3:1:1:0:0,MUTATE
0:2:0:0:0:4:4:1:0:,clone,4276.506585101737,0:2:0:0:0:4:4:1:0
0:2:1:0:0:4:4:2:0:,clone,4320.60151265136,0:2:1:0:0:4:4:2:0
2:4:0:3:4:1:1:0:2:,clone,4737.398578089558,1:4:0:3:4:1:1:0:2
1:4:1:3:4:0:1:0:2:,recombination,4631.603589156251,1:4:1:2:2:2:2:0:1,1:4:0:3:3:1:0:0:2
1:4:0:3:3:1:2:0:1:,recombination,4604.037168281411,0:3:1:1:1:3:3:1:0,0:3:0:1:1:3:4:1:0
0:1:1:0:0:4:4:2:0:,recombination,4282.268673765546,0:3:1:2:2:2:2:0:0,0:3:1:1:1:3:4:1:0,MUTATE
0:1:1:0:0:4:4:2:0:,clone,4191.524854335572,0:1:1:0:0:4:4:2:0
0:1:1:0:0:4:4:2:0:,recombination,4124.562362302994,0:2:1:0:0:4:4:2:0,0:1:1:0:0:4:4:2:0
0:1:1:0:0:4:4:1:0:,clone,4383.319376742578,0:1:1:0:0:4:4:2:0
0:2:0:1:0:3:3:1:0:,recombination,4306.686553832576,0:1:1:0:0:4:4:2:0,1:4:0:3:3:1:1:1:2
0:4:1:1:0:3:4:1:0:,recombination,5121.713020111787,0:3:1:1:0:4:4:2:0,1:4:0:2:2:2:2:0:2
1:4:1:1:1:3:3:1:0:,clone,4162.696039317133,1:4:1:1:1:3:3:1:0
0:4:1:2:2:3:2:0:0:,clone,5499.38354682522,0:4:1:2:2:3:2:0:0
0:3:0:1:1:4:4:1:0:,recombination,4947.991937811684,1:4:0:2:2:3:2:1:1,0:3:1:0:0:3:4:1:0
2:4:0:4:4:0:0:0:2:,recombination,3906.503098200236,1:4:1:2:2:1:2:0:1,0:3:1:1:0:4:4:1:0,MUTATE
2:4:0:3:3:0:0:0:2:,clone,3915.856177720174,2:4:0:3:3:0:0:0:2
2:4:0:3:4:0:0:0:2:,clone,4068.4277681477497,2:4:0:3:4:0:0:0:2
1:4:0:3:3:0:0:0:2:,clone,4068.4277681477497,1:4:0:3:3:1:1:0:2
1:4:0:3:3:0:0:0:2:,clone,4010.593434277408,1:4:0:3:3:0:0:0:2
1:4:0:3:3:0:0:0:1:,recombination,4005.678837869787,1:4:1:2:2:1:1:0:1,0:4:1:3:3:1:2:0:0,MUTATE
1:4:0:3:3:1:1:0:1:,clone,4012.6531054468733,1:4:0:3:3:1:1:0:1
0:3:1:1:1:4:3:1:0:,recombination,4605.773014044199,0:2:0:1:1:4:3:1:0,0:4:1:2:1:2:3:1:0,MUTATE
2:4:0:4:4:0:1:0:2:,recombination,4937.959792387137,1:4:0:3:3:0:1:0:2,1:4:1:3:3:1:2:0:1
0:2:1:0:0:4:4:2:0:,recombination,4289.980947782884,1:4:1:2:2:3:2:1:1,0:1:1:0:0:4:4:2:0,MUTATE
0:2:1:0:0:4:4:2:0:,recombination,4283.099521556996,0:4:1:3:3:1:1:0:0,0:1:0:0:0:4:4:2:0
2:4:0:4:4:1:0:0:2:,recombination,4648.511823641357,1:4:1:3:3:1:2:0:1,1:4:1:3:3:0:1:0:1
1:3:0:1:1:3:4:1:0:,clone,5230.534928318222,1:3:0:1:1:3:3:1:0
1:4:0:1:1:3:4:1:0:,clone,5260.4907774918765,1:4:0:1:1:3:4:1:0
1:4:0:4:4:0:0:0:2:,clone,4682.708283647333,2:4:0:4:4:0:0:0:2
1:4:1:3:4:0:1:0:1:,clone,5037.922248997047,1:4:1:3:4:0:1:0:1
0:3:1:1:1:4:3:1:0:,clone,4592.299396213797,0:3:1:1:1:4:3:1:0
0:1:1:0:0:4:4:2:0:,clone,4084.069518462106,0:2:1:0:0:4:4:2:0
1:4:1:2:1:3:3:1:0:,recombination,4547.618944566614,1:4:1:2:2:3:2:1:0,1:4:1:3:3:1:1:1:1
0:3:1:0:0:3:4:1:0:,recombination,4684.281444552868,0:3:0:1:1:4:4:1:0,0:3:1:1:1:4:3:1:0,MUTATE
0:3:1:0:0:3:4:2:0:,clone,4792.449277656543,0:3:1:0:0:3:4:2:0
0:3:1:0:0:4:4:2:0:,recombination,4342.8863105816645,1:4:0:3:2:1:2:1:2,0:3:1:0:0:3:4:1:0,MUTATE
1:3:0:1:1:3:3:1:0:,recombination,4410.525286709815,2:4:0:3:4:1:1:0:2,0:3:1:1:1:4:4:1:0
0:2:1:0:0:4:4:1:0:,clone,4185.586919206791,0:2:1:0:0:4:4:1:0
0:2:1:0:0:4:4:2:0:,clone,4197.021922490785,0:2:1:0:0:4:4:1:0
0:3:1:0:0:4:4:2:0:,clone,4305.727803664046,0:3:1:0:0:4:4:2:0
0:2:0:0:0:3:4:1:0:,recombination,4950.481240592618,0:3:1:0:0:4:4:1:0,1:4:0:3:2:1:2:0:1,MUTATE
2:4:0:3:4:0:1:0:2:,clone,4652.4277512828485,2:4:0:3:4:0:1:0:2
0:4:1:1:1:4:3:1:0:,recombination,5475.528664846277,0:2:1:0:0:3:4:2:0,0:3:1:0:0:4:4:1:0
1:4:0:3:3:2:2:0:2:,recombination,4837.424808957438,1:4:1:2:2:1:2:1:1,0:1:1:0:0:4:4:2:0
1:4:0:2:2:1:1:0:2:,clone,4489.56147202892,1:4:0:2:2:1:1:0:2
2:4:0:3:3:1:1:0:2:,clone,4285.787330606953,2:4:0:3:3:1:1:0:2
1:4:0:2:2:1:1:0:2:,clone,4211.651468209784,1:4:0:2:2:1:1:0:1
1:4:0:1:1:2:2:1:1:,recombination,4201.184651907245,0:2:1:1:0:4:4:1:0,0:1:1:0:0:4:4:1:0,MUTATE
0:4:1:1:1:4:3:1:0:,recombination,5211.210876504408,0:2:1:0:0:4:4:2:0,0:4:1:1:1:2:3:1:0,MUTATE
0:3:1:1:0:4:4:1:0:,recombination,4285.107588128122,0:3:0:1:1:3:4:2:0,0:3:1:1:1:3:4:1:0
0:4:1:1:1:3:4:1:0:,clone,5077.254880441366,0:3:1:1:0:3:4:1:0
1:4:1:2:1:3:3:0:1:,clone,4929.115468866913,1:4:1:2:1:3:3:0:1
0:2:1:0:0:4:4:2:0:,recombination,4167.268307188345,0:3:0:1:0:3:4:1:0,0:4:1:3:3:1:1:0:0
0:3:1:1:1:3:4:1:0:,recombination,4647.008374807009,1:4:0:3:2:2:2:0:1,2:4:0:3:2:2:2:1:2
0:1:0:0:0:4:4:2:0:,recombination,4169.156532575888,0:3:1:1:1:2:3:0:0,1:4:0:2:1:3:3:1:0,MUTATE
0:3:0:1:1:3:4:1:0:,clone,4663.226639749449,0:3:1:1:1:3:4:1:0
0:3:0:1:0:4:4:1:0:,clone,4484.61455708145,0:3:1:1:0:3:4:1:0
0:3:1:1:0:4:4:2:0:,clone,4357.3414955916805,0:3:1:1:0:4:4:2:0
0:3:0:1:0:4:4:2:0:,clone,4471.964441966271,0:3:1:1:0:4:4:2:0
0:3:1:1:0:3:4:2:0:,clone,4566.328589468953,0:3:1:1:0:4:4:2:0
2:4:0:4:4:0:0:0:3:,clone,4546.232974595802,0:2:1:0:0:4:4:2:0
0:3:1:1:0:3:3:2:0:,clone,4435.399216805537,0:3:1:1:0:3:4:1:0
1:4:1:3:3:0:1:0:2:,recombination,4239.001839710423,1:4:1:2:1:3:3:1:1,2:4:1:3:4:1:1:0:2,MUTATE
0:2:1:1:0:3:3:1:0:,recombination,3991.662777784999,0:4:0:2:1:2:3:1:0,0:3:0:1:1:3:3:1:0,MUTATE
0:3:1:0:0:3:4:1:0:,recombination,4575.590558843946,1:4:0:3:3:1:2:1:1,0:4:1:2:1:2:2:0:0,MUTATE
0:2:1:1:0:3:3:1:0:,recombination,3991.662777784998,0:2:1:1:0:3:3:1:0,1:4:1:3:3:1:2:0:1,MUTATE
0:3:1:1:0:3:4:2:0:,clone,4523.038976018282,0:3:1:1:0:3:4:2:0
2:4:1:3:4:0:1:0:2:,recombination,4646.4534088960045,0:4:1:2:2:3:2:1:0,1:3:0:1:1:3:3:1:0,MUTATE
1:4:1:4:4:1:1:0:1:,recombination,5261.835776573015,1:4:1:2:2:2:2:0:1,0:4:1:2:2:3:2:1:0
1:4:0:3:4:1:0:0:2:,recombination,4617.430446786157,1:4:1:4:4:0:0:0:2,0:3:1:1:1:3:3:0:0,MUTATE
1:4:0:4:4:0:0:0:2:,clone,4542.844675756425,2:4:0:4:4:0:0:0:2
1:4:0:4:4:1:1:0:2:,clone,5028.470624900649,1:4:1:3:4:1:1:0:2
1:4:0:4:4:0:0:0:2:,recombination,4041.9409488290753,1:4:1:3:3:0:0:0:1,0:2:0:1:1:3:3:1:0,MUTATE
1:4:0:4:4:0:0:0:1:,clone,4159.811656077657,1:4:0:4:4:0:0:0:1
1:4:0:2:1:2:2:1:1:,recombination,4226.417300007421,0:3:0:2:1:2:2:1:0,1:4:1:3:3:1:2:0:1,MUTATE
0:4:1:2:2:3:3:1:0:,recombination,5000.3237951069,0:1:1:0:0:4:4:2:0,1:4:1:3:3:0:0:0:1,MUTATE
0:3:1:1:1:4:3:1:0:,recombination,4570.3243783782655,1:4:0:3:3:0:0:0:2,0:4:1:2:2:3:3:1:0
0:3:1:1:1:4:3:1:0:,clone,4407.523685881505,0:3:1:1:1:4:3:1:0
0:3:1:1:1:4:3:1:0:,clone,4299.3558527778305,0:3:1:1:1:4:3:1:0
0:2:1:1:0:4:3:1:0:,clone,4565.021764964802,0:2:1:1:0:4:3:1:0
0:3:1:1:0:4:3:1:0:,clone,4565.021764964802,0:3:1:1:0:4:3:1:0
2:4:1:4:4:0:0:0:2:,recombination,4478.407658829327,1:3:0:1:1:3:3:1:0,1:4:1:3:2:2:2:0:1,MUTATE
1:4:1:2:1:3:3:1:0:,recombination,4495.72436418026,2:4:1:3:4:0:1:0:2,1:4:1:1:1:3:3:1:0,MUTATE
1:4:1:3:2:2:2:0:1:,recombination,4614.622727077896,1:4:1:1:1:2:3:1:0,1:4:1:3:2:2:2:0:1
0:3:1:0:0:3:4:1:0:,recombination,4507.069221192572,0:3:1:1:1:3:3:0:0,0:4:1:2:2:1:1:0:0,MUTATE
0:4:1:1:1:4:3:1:0:,clone,5109.6681305224965,0:4:1:1:1:4:3:1:0
0:4:1:1:1:4:3:1:0:,clone,4951.846500834676,0:4:1:1:1:4:3:1:0
2:4:0:3:3:1:0:0:2:,recombination,4365.036904319557,0:4:1:2:2:3:2:1:0,1:4:1:2:1:3:3:1:1,MUTATE
2:4:1:3:3:0:1:0:2:,recombination,4719.731074614395,0:3:1:2:1:2:3:1:0,1:4:1:2:1:3:3:1:1,MUTATE
0:3:1:1:1:3:4:2:0:,recombination,5112.3539214807915,0:3:0:1:0:3:4:2:0,0:4:1:2:2:3:2:1:0,MUTATE
0:2:0:1:0:3:4:2:0:,clone,4567.689272699174,0:2:1:1:0:4:4:2:0
1:4:1:2:2:2:3:1:1:,clone,4652.435349660247,1:4:1:2:2:2:3:1:1
1:4:1:2:2:2:3:1:1:,clone,4631.026286712253,1:4:1:2:2:2:3:1:1
1:4:1:2:1:2:3:1:1:,clone,4364.5971433226805,1:4:0:2:2:2:2:1:1
0:3:0:1:1:4:4:1:0:,clone,4780.004743976845,0:3:0:1:1:4:3:1:0
2:4:1:3:4:0:0:0:2:,clone,3855.9428994899954,0:2:1:0:0:4:4:1:0
2:4:1:4:4:0:0:0:2:,clone,3991.3288382553046,2:4:1:3:4:0:0:0:2
1:4:1:3:3:1:1:0:2:,recombination,4322.603582506828,1:4:1:2:2:1:2:0:1,0:2:0:0:0:3:4:2:0
1:4:1:2:2:3:3:1:1:,recombination,4724.5601057824015,2:4:0:3:4:1:1:0:2,1:4:0:3:3:1:1:0:1,MUTATE
1:4:1:4:4:0:0:0:2:,clone,4008.835761102573,2:4:1:3:4:0:0:0:2
2:4:1:3:3:0:0:0:2:,clone,3721.276042593474,2:4:1:3:4:0:0:0:2
2:4:0:3:4:0:0:0:2:,clone,4063.7663255860534,2:4:0:3:3:0:0:0:2
1:4:1:3:3:1:1:0:2:,recombination,4023.214605209129,1:4:1:2:2:1:2:0:1,1:3:0:2:2:2:3:1:0,MUTATE
0:2:0:0:0:4:4:1:0:,clone,4222.483032039575,0:2:1:0:0:4:4:2:0
1:4:1:2:2:3:2:1:1:,clone,4395.777257053781,1:4:1:2:2:3:2:1:1
1:4:1:2:2:3:2:1:1:,clone,4252.556073977638,1:4:1:2:2:3:2:1:1
1:4:1:2:1:3:3:1:0:,recombination,4435.385689316153,1:4:1:1:1:3:3:1:1,1:4:1:2:1:3:2:1:1,MUTATE
0:4:1:2:2:3:2:1:0:,recombination,4426.94302833229,0:3:1:1:0:4:4:1:0,1:4:1:2:1:3:2:1:1
1:4:1:1:1:4:3:1:0:,recombination,4931.272217647649,0:4:1:3:3:1:1:0:0,1:4:0:3:3:1:1:0:1
1:4:1:2:2:3:3:1:0:,recombination,4766.3755633228075,0:2:0:0:0:4:4:2:0,1:4:0:2:2:1:2:1:1
0:3:0:1:0:4:4:2:0:,clone,4444.641478537269,0:3:1:1:0:4:4:1:0
0:3:0:0:0:4:4:2:0:,clone,4444.641478537269,0:3:0:0:0:4:4:2:0
0:2:1:1:1:4:4:1:0:,recombination,4730.229553411433,2:4:0:3:3:1:2:0:2,0:4:1:2:2:3:2:1:0,MUTATE
0:2:0:1:1:4:4:2:0:,recombination,5440.436511535142,0:2:0:1:1:3:3:1:0,0:3:1:1:0:3:4:1:0,MUTATE
1:4:1:1:1:2:3:1:0:,recombination,4158.268466840205,2:4:0:3:3:1:1:0:2,0:4:1:3:3:1:1:0:0
1:3:0:1:1:2:3:1:0:,recombination,3845.293893974438,0:2:1:1:0:4:4:1:0,2:4:0:3:3:1:1:0:2
1:4:1:1:1:2:3:1:1:,clone,4215.742022479622,1:4:1:1:1:2:3:1:1
2:4:0:3:4:0:0:0:2:,clone,3957.5195095398776,2:4:0:4:4:0:0:0:2
1:4:0:3:3:0:0:0:1:,clone,3831.350980591336,1:4:0:3:3:0:0:0:2
2:4:0:3:4:0:0:0:2:,clone,3883.2184378111397,2:4:0:3:4:0:0:0:2
1:4:0:3:3:0:0:0:2:,clone,3904.6818972891174,2:4:0:3:4:0:0:0:2
1:4:0:3:3:0:1:0:1:,clone,4237.765912214546,1:4:0:3:3:0:1:0:1
1:4:0:3:3:1:1:0:2:,recombination,3985.551730582866,0:3:1:1:1:3:3:1:0,0:2:0:1:1:4:3:1:0
1:4:0:2:2:2:2:0:1:,recombination,4056.281606278457,0:2:0:0:0:4:4:1:0,2:4:0:3:4:0:0:0:2
1:4:0:3:3:1:1:0:1:,clone,3881.759263074887,1:4:0:2:2:1:1:0:1
0:3:1:0:0:3:4:1:0:,clone,4385.768637481412,0:3:1:0:0:3:4:1:0
1:4:1:1:1:2:3:1:0:,recombination,4121.94922406948,1:4:1:1:1:4:3:1:0,2:4:0:3:3:0:1:0:2,MUTATE
0:3:1:0:0:3:4:2:0:,clone,4373.8310933503335,0:3:1:0:0:3:4:2:0
1:4:0:1:1:2:3:1:1:,recombination,4244.813294433099,2:4:0:3:3:0:1:0:2,0:3:1:1:1:3:3:2:0
0:3:0:0:0:4:4:2:0:,clone,4393.109746205177,0:3:0:0:0:4:4:2:0
1:4:1:1:1:3:3:1:1:,recombination,4360.816993925671,0:2:0:0:0:4:4:1:0,1:4:1:1:1:2:3:1:0,MUTATE
1:4:0:1:1:2:3:1:1:,recombination,4241.637822244924,1:4:1:3:3:2:2:0:1,0:3:1:1:1:3:3:1:0,MUTATE
0:3:0:0:0:3:4:2:0:,clone,4492.186674195604,0:3:1:0:0:3:4:1:0
1:4:0:2:2:1:2:1:1:,clone,3937.784519127249,1:4:0:2:2:1:2:0:1
1:4:0:1:1:2:2:1:1:,recombination,3938.8215003242003,1:4:0:2:2:1:2:1:1,0:3:1:0:0:4:4:2:0,MUTATE
1:4:0:1:1:2:3:1:1:,recombination,4154.464118681878,1:4:1:2:2:2:3:1:1,0:2:1:1:0:3:4:1:0
1:4:0:2:1:2:2:1:1:,recombination,3938.8215003242003,1:4:0:2:2:1:2:1:1,1:4:0:1:1:3:3:1:1
1:4:0:1:1:2:3:1:0:,clone,4154.464118681878,1:4:0:1:1:2:3:1:0
1:4:0:1:1:2:3:1:1:,clone,4134.489137421603,1:4:0:1:1:2:3:1:1
0:3:0:1:1:2:3:1:0:,clone,4080.321504860844,1:4:0:1:1:2:3:1:0
0:3:0:1:1:3:3:1:0:,clone,4005.0540603669524,0:3:0:1:1:3:3:1:0
0:3:1:1:0:3:3:1:0:,recombination,4259.464939463215,1:4:0:3:3:1:1:0:2,1:4:0:2:2:3:3:1:1,MUTATE
0:3:1:1:1:3:3:1:0:,clone,3911.9635165967234,0:3:1:1:1:3:3:1:0
2:4:0:3:4:1:0:0:2:,clone,4649.348908250475,2:4:0:3:4:1:0:0:2
1:4:0:2:2:3:2:1:1:,recombination,4519.641965708504,1:4:1:2:1:3:3:1:1,1:4:0:2:2:2:2:0:1
0:3:0:1:1:4:3:2:0:,recombination,4431.497379541793,0:3:1:1:1:3:3:0:0,1:4:1:2:1:3:3:1:1,MUTATE
0:3:1:1:1:3:4:1:0:,recombination,4642.773406970524,0:3:1:1:1:2:3:0:0,1:4:1:2:2:1:1:0:1,MUTATE
0:3:0:1:0:4:4:2:0:,clone,4431.497379541793,0:3:0:1:0:4:4:2:0
0:3:0:1:0:4:4:1:0:,recombination,4431.497379541793,0:3:0:1:1:3:3:1:0,0:3:0:1:0:4:4:2:0
0:1:1:0:0:4:4:1:0:,clone,4321.91714688406,0:2:1:0:0:4:4:1:0
0:3:0:0:0:4:4:1:0:,clone,4478.008300901356,0:3:1:0:0:4:4:1:0
0:3:0:1:0:4:4:1:0:,clone,4326.160285437363,0:3:0:1:0:4:4:1:0
0:2:0:1:0:4:4:2:0:,clone,4333.350338956358,0:3:0:1:0:4:4:1:0
1:4:0:3:4:1:0:0:2:,clone,4591.519781401423,1:4:0:3:3:1:0:0:2
1:4:1:4:4:0:0:0:1:,clone,4613.479117899335,1:4:1:4:4:0:0:0:2
0:2:1:1:1:3:4:1:0:,recombination,4706.160690990948,0:4:1:2:2:1:2:0:0,2:4:0:3:3:1:2:0:2,MUTATE
1:4:1:3:4:1:1:0:1:,clone,4728.765552417553,1:4:1:3:3:1:1:0:1
0:3:1:1:0:3:4:1:0:,recombination,4224.807969446885,0:3:0:1:1:4:3:2:0,1:4:1:3:3:1:1:0:2
1:4:0:1:1:2:3:1:0:,clone,4133.95558168953,1:4:0:1:1:2:3:1:0
0:2:1:1:1:4:4:2:0:,recombination,5165.886270124799,2:4:0:3:3:1:1:0:2,1:4:1:1:1:3:3:1:0
0:3:1:1:0:4:4:1:0:,recombination,4177.374795695537,0:1:1:0:0:4:4:2:0,0:3:1:2:2:2:2:0:0,MUTATE
0:3:0:1:1:3:3:2:0:,recombination,4511.224330213933,0:3:0:1:1:3:3:1:0,0:2:1:1:1:4:4:2:0,MUTATE
0:4:1:2:1:3:3:0:0:,clone,5221.595829002346,0:4:1:2:1:3:3:0:0
0:4:1:2:1:3:3:0:0:,recombination,5064.746187950755,0:4:1:2:1:3:3:0:0,0:2:0:0:0:4:4:1:0,MUTATE
1:4:1:2:1:3:3:0:1:,recombination,4749.991710378188,0:2:1:0:0:4:4:1:0,0:3:0:1:1:2:3:1:0
1:3:0:1:1:3:3:1:0:,clone,4402.5308477746485,1:3:0:1:1:3:3:1:0
1:4:0:2:2:1:2:0:1:,clone,3960.809935665932,1:4:0:2:2:1:2:0:1
1:4:0:2:2:2:2:0:1:,clone,4003.509572573615,1:4:0:2:2:1:2:0:1
1:4:0:2:2:2:2:0:1:,clone,3948.318719276603,1:4:0:2:2:2:2:0:1
0:4:1:2:1:2:2:1:0:,recombination,4366.229153356993,1:4:0:2:2:2:2:1:1,0:2:1:1:0:3:4:1:0,MUTATE
1:4:1:2:1:3:3:1:0:,recombination,4401.412583830804,0:2:1:1:1:4:3:2:0,0:2:1:1:0:3:3:1:0,MUTATE
1:4:1:2:1:3:3:1:1:,recombination,4399.800175918745,0:4:1:2:2:3:2:1:0,1:4:1:2:1:3:3:1:0,MUTATE
1:4:0:3:3:1:0:0:2:,clone,4141.678748018829,2:4:0:3:3:0:0:0:2
1:4:1:1:1:3:3:1:1:,recombination,4333.344959911101,0:2:1:1:0:3:3:1:0,1:4:0:2:2:2:3:0:1,MUTATE
1:4:0:1:1:3:3:1:0:,recombination,4264.625127508655,1:4:1:1:1:2:3:0:1,1:4:1:1:1:3:3:1:1,MUTATE
1:3:0:1:1:3:3:1:0:,clone,4347.292685587701,0:3:0:1:1:3:3:1:0
1:4:1:3:3:0:0:0:2:,clone,4099.149697193434,1:4:1:3:3:0:0:0:2
1:3:0:2:1:2:3:1:0:,clone,4334.448759455356,0:4:1:2:1:2:3:1:0
1:4:0:2:1:2:2:1:0:,clone,4384.907619918269,1:3:0:2:1:2:3:1:0
1:4:1:3:3:0:0:0:2:,clone,3976.5954627278024,1:4:1:3:3:0:0:0:2
0:3:1:2:2:3:2:1:0:,recombination,4603.871385030366,2:4:0:3:3:2:1:0:2,1:4:0:3:4:1:0:0:2,MUTATE
1:4:0:3:3:0:1:0:2:,clone,4155.4628183457025,1:4:1:3:3:0:1:0:1
0:3:0:2:1:2:3:1:0:,clone,4606.564487426453,0:3:0:2:1:2:3:1:0
2:4:1:3:3:0:1:0:2:,clone,4566.664247310487,2:4:0:4:4:0:0:0:2
2:4:1:3:3:0:1:0:2:,clone,4565.5751488041005,2:4:1:3:3:0:1:0:2
0:2:0:1:0:4:4:2:0:,clone,4292.24994652936,0:2:0:1:0:4:4:2:0
2:4:1:3:3:0:1:0:2:,clone,4530.12307129993,2:4:1:3:3:0:1:0:2
2:4:1:3:3:0:1:0:2:,clone,4527.555940978053,2:4:1:3:3:0:1:0:2
1:3:0:2:1:3:2:1:0:,recombination,4448.964349460744,1:4:0:2:1:2:3:1:1,0:3:1:1:1:3:4:1:0,MUTATE
1:4:1:3:2:1:2:0:1:,clone,4622.094420536767,1:4:1:3:3:1:1:0:1
0:3:0:1:1:4:4:2:0:,clone,4762.255401322193,0:3:1:1:1:4:3:2:0
0:3:1:1:1:4:4:2:0:,recombination,4829.755977233766,0:4:1:1:1:4:3:1:0,0:3:0:1:1:4:4:2:0
0:3:1:1:1:4:4:2:0:,clone,4829.755977233765,0:3:1:1:1:4:4:2:0
0:2:1:1:1:3:3:2:0:,recombination,4704.570810825346,1:4:0:1:1:3:3:1:1,1:4:0:3:4:1:0:0:2
0:4:1:1:1:4:4:1:0:,recombination,5175.357160527335,0:4:1:2:1:2:2:0:0,1:4:0:3:3:2:1:0:1
0:4:1:2:1:2:3:1:0:,clone,4362.254401656392,0:4:1:2:1:2:3:1:0
1:4:0:3:3:0:1:0:1:,clone,4189.6091104147445,1:4:0:3:3:0:1:0:1
1:4:0:3:3:0:1:0:1:,clone,4061.9189909691577,1:4:0:3:3:0:1:0:1
1:4:0:3:3:0:1:0:1:,clone,4003.2588215636656,1:4:0:3:3:0:1:0:1
0:3:1:2:1:1:2:0:0:,recombination,4027.370422858864,1:4:0:1:1:2:3:1:1,1:3:0:2:1:3:2:1:0,MUTATE
0:3:1:2:1:2:2:0:0:,recombination,4386.313521512354,1:4:0:2:1:2:2:1:1,0:2:1:0:0:4:4:1:0
0:2:1:1:1:2:3:1:0:,recombination,4798.353029908393,1:4:0:2:2:1:2:0:1,0:2:1:0:0:4:4:1:0,MUTATE
1:4:0:3:4:0:0:0:2:,clone,4273.650334742353,2:4:0:3:4:0:0:0:2
0:2:0:1:1:4:4:2:0:,clone,4904.5486666382085,0:2:0:1:1:4:4:2:0
1:4:0:1:1:4:3:1:1:,clone,4985.8280448039295,1:4:0:1:1:4:3:1:1
1:3:0:1:1:4:3:1:0:,recombination,4871.3141929331605,0:2:0:0:0:3:4:2:0,0:3:1:0:0:3:4:1:0
1:4:0:1:1:4:3:1:1:,recombination,4830.299426133536,0:3:0:1:0:3:4:2:0,1:4:0:2:2:2:2:1:2
1:4:1:1:1:4:3:1:1:,recombination,5709.528345998998,0:2:1:0:0:4:4:2:0,0:2:0:1:0:3:4:2:0,MUTATE
1:4:0:3:3:0:1:0:1:,clone,3914.0302131645167,1:4:0:3:3:0:1:0:1
0:3:1:1:1:3:3:2:0:,recombination,4564.686373578037,0:2:0:0:0:3:4:2:0,0:4:1:2:2:1:1:0:0
1:4:1:1:1:2:3:1:0:,clone,4101.024459630755,1:4:1:1:1:2:3:1:0
1:4:0:1:1:2:3:1:0:,clone,4076.5046814876982,1:4:0:1:1:2:3:1:0
0:4:1:2:2:3:3:1:0:,recombination,4734.310273691633,1:4:0:3:3:1:1:0:1,1:4:0:2:3:1:1:0:1
2:4:0:3:3:1:1:0:2:,clone,4172.258042823061,2:4:0:3:3:1:1:0:2
2:4:0:3:3:1:1:0:2:,clone,4047.0373624230456,2:4:0:3:3:1:1:0:2
1:4:1:3:2:1:1:0:1:,clone,4582.75636469882,1:4:1:3:2:1:1:0:1
1:4:1:3:2:1:1:0:1:,clone,4582.756364698819,1:4:1:3:2:1:1:0:1
2:4:1:4:4:0:0:0:2:,clone,3892.116382124373,0:2:1:0:0:4:4:1:0
1:4:1:3:3:0:1:0:2:,recombination,4213.417294688365,1:4:1:3:2:1:1:0:1,1:4:1:2:2:1:1:0:1,MUTATE
1:4:1:3:3:0:1:0:2:,clone,4152.960047544461,1:4:1:3:3:0:1:0:2
1:4:1:2:1:2:2:1:0:,recombination,4204.40397617629,1:4:0:3:4:0:0:0:2,0:3:1:1:0:3:4:1:0
1:4:1:2:2:0:1:0:1:,clone,3903.738234150268,1:4:1:2:2:0:1:0:1
1:4:1:1:1:2:3:0:1:,clone,4127.70273297173,1:4:1:1:1:2:3:0:1
1:4:0:3:3:1:1:1:1:,clone,4357.071519458853,1:4:0:3:3:1:1:0:2
1:4:0:2:2:1:1:1:1:,clone,4191.62684474131,1:4:0:2:2:1:2:1:1
1:4:0:2:2:2:2:1:1:,recombination,4040.4131865847276,1:4:1:2:1:2:3:1:1,1:4:1:2:1:2:3:1:1,MUTATE
0:3:0:1:1:3:3:2:0:,recombination,4349.435745963795,1:4:1:1:1:2:3:1:1,0:3:1:1:0:4:4:2:0
0:2:0:1:0:4:4:2:0:,recombination,4278.958057675625,1:4:0:3:3:2:2:1:1,1:4:1:2:2:2:3:1:1
1:4:0:2:2:3:2:1:1:,clone,4494.467019263801,1:3:0:1:1:3:3:1:0
0:2:0:1:0:3:3:2:0:,recombination,4295.623713817013,1:4:1:2:1:2:3:1:1,0:2:0:1:0:4:4:2:0,MUTATE
1:3:0:1:1:3:3:1:0:,recombination,4306.802824495125,1:4:1:1:1:2:2:1:1,0:2:1:1:1:3:4:1:0,MUTATE
0:2:1:1:0:4:4:2:0:,recombination,4373.813544800646,1:4:1:2:2:2:2:0:1,0:4:1:2:2:1:2:0:0
0:2:1:1:0:4:3:1:0:,clone,4358.631947841547,0:2:1:1:0:4:3:1:0
0:3:1:1:1:3:3:2:0:,recombination,4467.391051643247,1:4:1:2:2:2:2:0:1,0:3:1:1:1:3:3:1:0
0:3:1:1:0:4:3:2:0:,clone,4467.391051643247,0:3:1:1:0:4:3:2:0
2:4:0:3:4:0:0:0:2:,recombination,3772.9886760944223,1:4:1:2:1:2:3:1:0,0:4:0:2:2:2:2:1:0,MUTATE
2:4:0:3:3:0:0:0:2:,clone,3726.6914377417484,2:4:0:3:4:0:0:0:2
1:4:0:3:3:0:0:0:2:,clone,3726.6914377417484,2:4:0:3:3:0:0:0:2
0:3:0:1:1:2:3:1:0:,clone,3954.000020825651,0:3:0:1:1:2:3:1:0
0:4:0:2:1:3:3:1:0:,clone,5224.348403355322,0:4:1:2:1:3:3:1:0
0:2:1:0:0:4:4:2:0:,clone,4120.413820448417,0:2:1:0:0:4:4:2:0
0:1:1:0:0:4:4:2:0:,recombination,3935.9587628840563,1:3:0:2:1:3:3:1:0,0:2:1:0:0:4:4:2:0
0:2:1:0:0:4:4:2:0:,clone,4048.1010376251525,0:2:1:0:0:4:4:2:0
0:1:1:0:0:4:4:1:0:,clone,4143.251306270661,0:1:1:0:0:4:4:2:0
1:4:0:3:4:1:1:0:2:,recombination,4753.333229947944,1:4:1:3:3:1:2:0:1,1:4:0:3:3:1:1:0:1,MUTATE
1:4:0:2:2:3:2:1:1:,clone,4373.921800891789,1:4:0:2:2:3:2:1:1
0:4:1:1:1:4:4:1:0:,recombination,5170.045139938768,1:4:0:3:3:1:1:0:1,0:3:1:2:2:3:2:1:0
1:4:1:1:1:4:3:1:0:,recombination,4911.586959442731,1:4:0:1:1:2:3:1:1,1:4:1:1:1:2:3:1:1
0:2:1:1:1:3:4:1:0:,clone,4685.359678007252,0:3:1:1:1:3:3:1:0
1:4:0:1:1:3:3:1:1:,recombination,4309.774256422616,2:4:0:3:3:1:1:0:2,0:4:1:2:2:2:2:0:0,MUTATE
1:4:1:2:2:3:3:1:1:,clone,4702.1011834600295,1:4:1:2:2:3:3:1:1
0:3:1:1:1:3:4:2:0:,recombination,4937.838752023874,1:4:1:3:3:2:1:0:1,0:4:1:3:2:1:2:0:0
0:4:1:1:0:3:4:1:0:,recombination,4926.521423191423,1:4:1:2:1:2:3:1:0,0:2:1:1:0:4:4:2:0,MUTATE
1:4:0:1:1:3:4:1:0:,clone,5009.573346349755,0:3:1:1:0:3:4:1:0
0:3:0:1:0:3:3:1:0:,recombination,4437.81474966901,0:4:1:2:2:2:2:0:0,1:4:0:3:2:1:2:0:1
1:4:0:2:1:2:3:1:1:,clone,4389.545330210807,1:4:1:2:1:2:3:1:1
1:4:1:2:2:2:3:1:1:,clone,4628.958145507141,1:4:1:2:2:2:3:1:1
1:4:1:1:1:3:2:1:1:,recombination,4198.7575240296455,1:4:0:3:3:0:0:0:1,0:4:1:3:3:1:1:0:0,MUTATE
1:4:0:2:1:3:2:1:1:,recombination,4371.594067547398,1:4:1:2:2:2:3:1:1,1:4:0:2:1:3:3:1:1,MUTATE
0:3:0:1:1:4:4:1:0:,clone,4701.099782293077,0:3:0:1:1:4:4:1:0
0:2:0:0:0:4:4:2:0:,recombination,4243.767887391142,0:3:0:2:1:3:3:1:0,1:3:0:1:1:4:3:2:0,MUTATE
1:4:0:3:3:1:0:0:1:,recombination,3969.6631769047035,0:3:1:1:0:3:3:1:0,1:4:0:2:2:1:1:1:1
1:3:0:1:1:3:4:1:0:,clone,4830.417659127101,0:3:1:1:1:3:3:1:0
0:4:1:1:1:3:4:1:0:,recombination,4995.75138969217,2:4:0:3:4:1:1:0:2,1:4:1:2:1:3:3:1:1
1:4:0:1:1:3:4:1:1:,recombination,5939.792676867929,1:4:1:2:2:2:3:1:1,0:3:1:1:0:4:4:2:0,MUTATE
0:3:0:2:2:2:3:1:0:,recombination,4644.96094719465,0:3:0:1:0:4:4:1:0,1:4:1:1:1:2:3:1:0
0:4:0:2:2:2:3:0:0:,clone,4951.206840553181,0:3:1:2:1:2:3:0:0
1:4:0:2:2:2:3:1:1:,clone,4625.216111211681,1:4:1:2:2:2:2:1:1
0:4:1:2:2:2:2:0:0:,clone,4038.2200461250122,1:4:1:2:2:2:2:0:1
0:4:1:2:2:2:2:0:0:,recombination,4015.484878050067,1:4:0:2:2:2:3:1:1,0:3:1:1:1:3:3:0:0
1:4:0:2:2:2:2:1:1:,clone,4025.4844793020875,1:4:0:2:2:1:2:0:1
0:3:1:2:1:2:3:1:0:,clone,4456.076284063985,0:3:1:2:1:2:3:1:0
1:4:1:2:2:2:2:1:0:,clone,4103.717651881418,1:4:1:2:2:2:2:1:1
0:4:1:2:2:2:2:1:0:,clone,4005.7991202607027,0:4:1:2:2:2:2:1:0
0:3:1:2:1:2:2:1:0:,clone,3966.6908139282696,0:3:1:2:1:2:2:1:0
0:3:1:1:1:2:2:1:0:,clone,3966.6908139282696,0:3:1:1:1:2:2:1:0
0:3:1:1:1:2:2:1:0:,clone,3964.15778212894,0:3:1:1:1:2:2:1:0
0:3:1:1:1:2:2:1:0:,recombination,3931.8580382727837,0:3:1:1:1:2:2:1:0,0:1:1:0:0:4:4:2:0
2:4:0:3:4:1:0:0:2:,clone,4581.7318846592825,2:4:0:3:4:0:0:0:2
0:3:1:2:2:3:2:1:0:,clone,4523.509431901998,1:4:1:2:2:2:2:1:0
1:4:0:2:1:2:2:1:0:,recombination,4372.793497574529,1:4:1:2:2:2:3:1:0,1:4:1:2:1:2:3:1:0,MUTATE
1:4:0:2:1:2:2:1:0:,clone,4365.887728435697,1:4:0:2:1:2:2:1:0
1:3:0:2:1:2:2:1:0:,recombination,4304.960960623194,0:4:1:2:1:2:3:0:0,0:4:1:2:2:2:3:1:0
1:4:0:2:1:2:2:1:0:,recombination,4356.6903150346425,1:4:0:2:1:2:2:1:0,0:4:1:2:2:2:3:1:0,MUTATE
1:4:0:2:1:2:2:1:0:,clone,4285.129215098604,1:4:0:2:1:2:2:1:0
1:3:0:1:1:3:3:1:0:,clone,4305.621100157141,1:4:0:1:1:3:3:1:0
0:2:0:1:1:3:4:1:0:,recombination,4836.041090471017,2:4:0:4:4:0:0:0:3,0:4:1:3:2:1:2:0:0,MUTATE
0:3:1:1:0:3:3:1:0:,recombination,4146.8839570754635,1:4:0:1:1:2:3:1:1,1:4:0:2:1:2:2:1:0,MUTATE
0:3:1:1:0:3:4:2:0:,recombination,4432.227281965158,1:4:1:2:2:2:2:1:0,1:3:0:1:1:3:3:1:0,MUTATE
1:4:1:1:1:3:3:1:1:,recombination,4277.011261434232,0:3:0:1:1:3:3:1:0,0:2:0:1:0:3:4:2:0
1:4:0:3:3:1:1:0:1:,clone,3818.117852003651,1:4:0:3:3:1:1:0:1
1:4:0:3:3:0:1:0:1:,clone,3761.632304990726,1:4:0:3:3:0:0:0:2
1:4:0:2:2:1:1:0:1:,recombination,3671.850137676464,0:4:1:2:1:2:3:1:0,0:3:1:1:1:3:3:1:0,MUTATE
1:4:0:3:3:0:1:0:2:,clone,3880.0957530064156,1:4:0:3:3:0:0:0:2
1:4:0:3:3:0:1:0:2:,recombination,3880.095753006415,1:4:1:3:4:0:0:0:1,1:4:0:2:1:2:3:1:1
1:4:1:1:1:2:3:1:1:,recombination,4214.569742844651,0:4:1:2:1:2:3:0:0,1:4:0:2:1:2:3:1:1
1:4:0:2:2:1:2:0:1:,clone,3866.5663857278028,1:4:0:2:2:1:2:0:1
1:4:0:2:2:2:2:1:1:,recombination,3846.6838099682213,1:4:0:3:3:0:1:0:1,0:3:1:1:1:4:3:2:0
0:2:1:1:1:4:4:1:0:,recombination,4716.528604093199,0:2:1:0:0:3:4:2:0,1:3:0:1:1:3:3:1:0,MUTATE
1:3:0:1:1:3:3:1:0:,recombination,4215.4654101751275,1:4:0:2:2:2:3:1:1,1:4:1:1:1:2:3:1:1,MUTATE
0:3:0:1:0:3:3:1:0:,clone,4285.853884908516,0:3:0:1:0:3:3:1:0
0:2:1:1:0:4:4:1:0:,recombination,4207.440798097794,0:3:0:1:0:3:4:2:0,2:4:0:3:3:1:1:0:2,MUTATE
0:3:1:1:0:4:3:1:0:,clone,4266.070436028847,0:2:1:0:0:4:4:1:0
