1:4:0:2:2:2:2:0:1:,initialisation,4955.2931682023645,
1:4:0:3:3:2:2:0:1:,initialisation,5077.955373624012,
1:4:0:2:2:1:1:0:1:,initialisation,4379.774666421697,
0:4:1:2:2:2:2:0:0:,initialisation,5245.357536513638,
1:4:1:1:1:3:3:1:0:,initialisation,5539.419400122044,
1:4:0:2:2:2:2:1:1:,initialisation,4766.110937777537,
1:4:0:3:3:1:1:0:1:,initialisation,4662.6838207182855,
1:4:1:2:2:2:2:1:1:,initialisation,4460.156370128936,
1:4:1:2:2:1:2:0:1:,initialisation,5103.895714459622,
2:4:1:3:4:0:0:0:2:,initialisation,4587.795406442938,
1:4:0:2:2:1:2:0:1:,initialisation,4638.406378178681,
1:4:1:2:2:2:2:0:1:,initialisation,4985.501696527455,
1:4:1:2:2:3:3:1:1:,initialisation,5121.3175243789065,
1:4:1:3:2:2:2:1:1:,initialisation,5182.694774717485,
2:4:0:2:2:1:2:1:2:,initialisation,4732.698994739343,
1:4:0:3:3:2:2:0:1:,initialisation,4729.517128062516,
1:4:1:2:2:2:3:1:1:,initialisation,5388.7567247846555,
1:4:1:1:1:2:3:1:1:,initialisation,5171.279860857251,
1:4:0:2:2:2:2:1:1:,initialisation,4609.619185741906,
1:4:1:3:3:1:1:0:1:,initialisation,4802.596437872133,
2:4:0:3:3:1:1:1:2:,initialisation,4732.698994739344,
0:3:0:2:1:2:3:1:0:,initialisation,5047.822678554319,
1:4:1:2:2:2:2:0:1:,initialisation,4568.733220163739,
1:4:0:2:2:2:3:1:1:,initialisation,4977.924041110767,
0:4:1:3:3:1:2:0:0:,initialisation,5151.842317777688,
2:4:0:3:3:1:1:1:2:,initialisation,4732.698994739343,
1:4:1:2:2:1:2:0:1:,initialisation,4245.389983282209,
1:4:0:2:2:2:3:0:1:,initialisation,5799.251514203623,
1:4:1:2:2:1:1:0:1:,initialisation,4480.736679220353,
1:4:0:2:2:1:2:1:1:,initialisation,4738.800413582234,
1:4:1:1:1:3:3:1:0:,initialisation,4928.6711515910565,
1:4:0:3:3:2:1:0:1:,initialisation,4802.575440220375,
1:4:1:2:1:2:3:0:1:,initialisation,5535.4878504640055,
1:4:1:2:1:3:3:0:1:,initialisation,4991.616742877439,
0:4:1:1:1:3:3:0:0:,initialisation,5728.80707313982,
1:4:1:2:2:2:3:0:1:,initialisation,5079.019060795903,
1:4:1:2:2:2:3:1:1:,initialisation,4806.366221382735,
1:4:0:3:3:0:1:0:1:,initialisation,4719.807309808083,
2:4:0:3:3:1:1:0:2:,initialisation,4732.698994739341,
0:3:1:1:1:3:3:1:0:,initialisation,5662.80079057019,
1:4:0:2:2:1:2:0:1:,initialisation,4302.761856062923,
0:3:1:2:1:3:3:1:0:,initialisation,5523.201851194893,
1:4:0:2:2:1:1:0:1:,initialisation,4260.759020647908,
1:4:1:2:1:3:3:1:0:,initialisation,5387.600739329983,
1:4:0:2:1:2:3:1:1:,initialisation,4701.151954403515,
0:3:1:2:2:2:3:0:0:,initialisation,5165.176655367544,
0:3:1:1:1:2:3:1:0:,initialisation,4980.338188415253,
1:4:1:1:1:2:3:0:1:,initialisation,4636.0468646004,
1:4:1:3:3:1:1:0:1:,initialisation,4406.703288229325,
1:4:0:1:1:3:3:1:1:,initialisation,4732.698994739344,
1:4:0:2:2:2:3:0:1:,initialisation,5144.294573103871,
0:4:1:2:1:3:3:0:0:,initialisation,6008.074297248583,
1:4:0:2:1:3:3:1:1:,initialisation,4919.29733918981,
0:3:1:2:1:2:3:0:0:,initialisation,6287.864921782655,
1:4:0:3:3:1:1:0:1:,initialisation,4403.405999790283,
1:4:0:3:3:1:2:0:1:,initialisation,5069.23330399016,
1:4:1:3:3:1:2:0:1:,initialisation,5067.497140256058,
1:4:1:2:1:3:3:1:1:,initialisation,5546.914870765015,
1:4:1:2:2:2:3:1:1:,initialisation,4783.530720709354,
0:3:1:1:0:4:4:1:0:,initialisation,5826.414407857911,
0:4:1:2:2:1:2:0:0:,initialisation,4723.331359718872,
0:4:1:2:1:2:3:0:0:,initialisation,4612.869987414299,
2:4:0:2:2:1:2:1:2:,initialisation,4732.698994739342,
1:4:1:2:1:2:3:1:1:,initialisation,5528.237350639487,
1:4:0:2:1:3:3:1:0:,initialisation,5391.529179972473,
0:4:1:2:1:3:3:1:0:,initialisation,5718.731155600294,
1:4:0:2:2:3:3:1:1:,initialisation,4832.810161745981,
1:4:0:2:2:1:2:0:1:,initialisation,4285.577575547392,
0:4:1:2:1:3:3:0:0:,initialisation,5333.015418017885,
1:4:0:3:3:1:2:0:1:,initialisation,4974.016918217258,
1:4:0:3:3:1:1:0:2:,initialisation,4923.704782524634,
0:4:1:2:2:1:2:0:0:,initialisation,4644.992125683114,
1:4:0:2:2:2:2:0:1:,initialisation,4507.4728729511435,
0:3:0:1:1:3:3:1:0:,initialisation,5219.478717453479,
1:4:1:2:2:2:2:0:1:,initialisation,4560.911963542786,
1:4:0:3:3:1:1:0:1:,initialisation,4257.785871897359,
1:4:1:2:1:2:3:1:1:,initialisation,4924.518905881404,
1:4:0:3:3:1:2:0:1:,initialisation,4933.546692469797,
0:3:1:2:1:2:3:1:0:,initialisation,5568.277373686137,
0:3:1:2:2:2:2:0:0:,initialisation,4648.269627795207,
0:3:1:2:1:2:3:1:0:,initialisation,5132.97354284691,
1:4:1:3:3:2:2:0:1:,initialisation,5473.584624200161,
0:3:1:1:1:3:4:1:0:,initialisation,5563.082245036826,
0:4:1:1:1:2:3:0:0:,initialisation,5161.063208860865,
1:4:0:1:1:3:3:1:0:,initialisation,5144.043164359697,
1:4:1:2:2:3:3:1:0:,initialisation,5860.340459046686,
0:4:1:2:2:2:2:0:0:,initialisation,5074.382880032754,
1:4:0:3:3:2:1:0:1:,initialisation,4495.269002064598,
2:4:0:3:3:1:1:1:2:,initialisation,4732.698994739342,
0:3:1:1:1:3:3:0:0:,initialisation,6525.03220572997,
1:4:0:3:3:1:2:0:1:,initialisation,4915.897184256702,
1:4:0:1:1:3:3:1:1:,initialisation,4546.405696279211,
0:3:1:1:1:2:3:1:0:,initialisation,4713.650788620429,
0:3:0:1:1:3:3:1:0:,initialisation,4737.1542232174515,
1:4:0:2:2:2:2:1:1:,initialisation,4598.357274095789,
1:4:1:3:3:2:2:0:1:,initialisation,4946.782120440427,
1:4:1:2:1:3:3:1:1:,initialisation,4851.795710924623,
0:3:1:1:1:3:3:1:0:,initialisation,5435.82402999346,
1:4:0:2:2:2:2:1:1:,initialisation,4482.967230384878,
1:4:1:1:1:3:3:1:1:,initialisation,5473.671212252984,
1:4:1:3:3:1:2:0:1:,initialisation,4951.546983776909,
1:4:0:2:2:1:2:1:1:,initialisation,4635.270314723385,
0:3:1:1:1:3:3:1:0:,initialisation,5389.396223493762,
1:4:0:2:2:2:2:1:1:,initialisation,4193.640395669723,
1:4:1:2:2:3:2:1:1:,initialisation,5133.737199148281,
1:4:0:3:3:0:1:0:1:,initialisation,4503.3082655709,
1:4:0:2:2:2:2:1:2:,initialisation,4732.698994739342,
0:4:1:2:2:2:3:0:0:,initialisation,5483.495364515558,
2:4:0:3:3:2:1:1:2:,initialisation,4732.698994739342,
1:4:1:2:2:1:3:0:1:,initialisation,5392.938214425411,
1:4:0:3:3:2:2:1:1:,initialisation,5096.889617098571,
0:3:1:1:1:3:3:1:0:,initialisation,4913.046679985033,
1:4:1:3:3:0:0:0:1:,initialisation,4389.531463075689,
1:4:1:3:2:1:2:0:1:,initialisation,4661.478349325601,
0:4:1:2:1:3:3:1:0:,initialisation,5566.564870083789,
1:4:0:1:1:3:3:1:0:,initialisation,4560.032452220337,
1:4:1:3:3:2:2:0:1:,initialisation,4907.996797448616,
1:4:0:3:2:1:2:1:1:,initialisation,4683.569360679404,
1:4:1:1:1:3:3:1:1:,initialisation,5037.110793851156,
1:4:1:3:3:2:1:0:1:,initialisation,4818.77151702956,
0:3:1:1:1:4:4:0:0:,initialisation,6867.871855669005,
0:4:1:2:2:2:3:0:0:,initialisation,5059.654377324997,
1:3:0:1:1:3:3:1:0:,initialisation,4962.103049866968,
1:4:0:2:1:3:3:1:1:,initialisation,4732.698994739342,
1:4:1:3:2:2:2:0:1:,initialisation,5383.146660152904,
1:4:0:2:2:1:1:0:1:,initialisation,4250.1557593126345,
1:4:1:3:3:0:1:0:1:,initialisation,4234.782698525405,
2:4:0:3:3:1:2:1:2:,initialisation,4732.698994739343,
1:4:0:3:2:2:2:1:2:,initialisation,4732.698994739344,
1:4:0:3:3:1:1:1:2:,initialisation,4732.698994739343,
1:4:0:3:3:1:2:0:1:,initialisation,4762.7295800747515,
0:4:1:1:1:3:3:1:0:,initialisation,5130.425340399725,
1:4:1:2:2:2:2:0:1:,initialisation,4462.778202026211,
1:4:1:1:1:3:3:1:1:,initialisation,4996.351275145527,
1:4:0:1:1:2:3:1:1:,initialisation,5025.115667694741,
1:3:0:2:1:3:3:1:0:,initialisation,4830.9834166593355,
1:4:1:2:2:3:2:1:1:,initialisation,4944.423274770846,
1:4:0:2:2:2:3:1:1:,initialisation,4936.199513908017,
1:4:0:3:2:2:2:1:1:,initialisation,4787.06113854132,
1:4:0:2:2:1:1:0:2:,initialisation,4392.002065180804,
1:4:0:2:1:3:3:1:1:,initialisation,4682.963719766551,
1:4:1:2:1:2:3:1:1:,initialisation,4798.908709958056,
2:4:0:3:3:2:2:1:2:,initialisation,4732.698994739343,
1:4:1:3:2:2:2:0:1:,initialisation,4837.06783095386,
2:4:0:3:3:1:2:0:2:,initialisation,4952.193839385551,
1:4:0:3:2:2:2:0:1:,initialisation,4731.239386738667,
0:3:1:1:1:3:4:0:0:,initialisation,6782.11303547752,
2:4:0:3:3:1:1:0:2:,initialisation,4485.829814018043,
1:4:1:2:2:2:3:0:1:,initialisation,4797.97536382117,
1:4:0:3:3:0:1:0:1:,initialisation,3843.291233567473,
0:3:1:1:1:3:4:1:0:,initialisation,5310.747646683134,
0:4:1:2:2:2:3:1:0:,initialisation,5485.465199512199,
0:4:1:2:2:2:3:0:0:,initialisation,4933.19316915681,
1:4:0:2:2:3:3:1:1:,initialisation,4732.698994739342,
1:4:1:3:3:1:2:0:1:,initialisation,4951.369641229779,
0:4:1:2:2:1:2:0:0:,initialisation,4455.751186470737,
0:4:1:3:2:1:2:0:0:,initialisation,5049.498293906019,
1:4:1:3:3:1:1:0:1:,initialisation,4298.203055950327,
1:4:0:3:2:2:2:1:1:,initialisation,4732.698994739344,
1:4:1:2:1:3:3:1:0:,initialisation,5156.572393269832,
1:4:0:2:1:3:3:1:0:,initialisation,4979.9546839818195,
1:4:1:2:2:2:2:1:1:,initialisation,4332.2835743853675,
1:4:1:2:1:3:3:0:1:,initialisation,4908.289304497909,
1:4:0:3:2:1:2:0:1:,initialisation,5356.222646078827,
0:4:1:1:1:2:3:0:0:,initialisation,4519.328897727684,
0:3:1:1:1:4:4:1:0:,initialisation,5619.54573260696,
0:4:1:2:2:3:3:0:0:,initialisation,6048.735953820823,
1:4:0:2:2:1:2:0:1:,initialisation,4236.315569808467,
1:4:1:3:3:1:2:0:1:,initialisation,4884.47268161595,
0:3:1:1:1:3:3:0:0:,initialisation,5684.88656295864,
1:4:0:2:2:3:3:1:1:,initialisation,4700.9865335563745,
1:4:1:1:1:3:3:1:1:,initialisation,4867.355273629463,
1:4:0:2:2:2:2:1:0:,initialisation,4627.4920625921395,
1:4:1:3:3:0:0:0:1:,initialisation,4029.8124278627924,
1:4:1:1:1:2:3:1:1:,initialisation,4381.388953081393,
1:4:0:3:3:1:1:0:2:,initialisation,4770.3116747861695,
2:4:0:4:4:0:0:0:2:,initialisation,4279.3257786594395,
1:4:1:3:3:0:1:0:2:,initialisation,4400.437320946868,
0:3:1:1:1:4:4:1:0:,initialisation,5336.748976261705,
0:4:1:2:2:2:2:0:0:,initialisation,5050.814158006714,
0:3:1:2:2:3:3:0:0:,initialisation,5721.726421578342,
1:4:0:2:2:1:2:1:1:,initialisation,4197.3219570286765,
1:4:0:2:2:2:3:1:1:,initialisation,4878.584178568538,
0:3:1:2:1:3:3:1:0:,initialisation,5518.735112114858,
1:4:0:2:2:2:3:1:1:,initialisation,4732.698994739344,
1:4:0:3:2:1:2:0:1:,initialisation,5066.624557576198,
1:4:0:2:2:1:2:1:2:,initialisation,4718.466383505152,
1:4:1:1:1:2:3:1:0:,initialisation,5372.200801675033,
1:4:0:2:2:2:2:0:1:,initialisation,4474.595521545239,
2:4:0:2:2:2:2:1:2:,initialisation,4732.698994739343,
1:4:1:3:3:2:2:0:1:,initialisation,4687.72346405547,
1:4:1:2:2:1:2:1:1:,initialisation,4607.9133425710415,
0:4:1:1:1:3:3:1:0:,initialisation,5075.581925598516,
1:4:1:1:1:2:3:1:0:,initialisation,4377.768272009814,
0:2:1:1:0:4:4:1:0:,initialisation,6151.368197886272,
0:3:1:2:1:3:3:0:0:,initialisation,6053.4196040981615,
1:4:1:2:2:1:1:0:1:,initialisation,4079.2836392681556,
1:4:0:2:1:2:2:1:1:,initialisation,4115.837189374195,
1:4:0:2:2:3:2:1:1:,initialisation,4732.698994739343,
1:4:0:2:2:2:2:0:1:,initialisation,4438.845590110518,
1:4:1:2:1:2:3:1:0:,initialisation,5497.136344093233,
0:3:1:2:1:3:3:0:0:,initialisation,5707.197066848869,
1:3:0:2:2:2:2:1:0:,initialisation,4631.52634602576,
0:3:1:2:2:2:3:1:0:,initialisation,5475.237842348311,
1:4:1:2:2:2:2:1:1:,initialisation,4031.266029097662,
1:4:0:3:3:2:2:0:2:,initialisation,5261.863324929573,
0:3:1:1:1:4:4:1:0:,initialisation,4944.308569709345,
1:4:0:2:1:3:3:1:1:,initialisation,4610.382009865193,
1:4:1:2:1:2:3:0:1:,initialisation,5284.426566500276,
1:4:0:1:1:2:3:1:1:,initialisation,4732.698994739341,
0:3:1:1:0:4:4:1:0:,initialisation,5297.145964458669,
0:4:1:1:1:3:3:1:0:,initialisation,4763.545793004275,
0:4:1:2:1:3:3:1:0:,initialisation,5220.153521929544,
0:4:1:2:2:2:3:1:0:,initialisation,5448.0794052826195,
0:4:1:2:2:2:2:1:0:,initialisation,4417.806500494421,
1:4:0:3:3:1:1:0:1:,initialisation,4230.094175749792,
0:3:1:3:3:2:2:0:0:,initialisation,5215.090300661911,
1:4:1:2:1:2:3:1:1:,initialisation,4781.324314106114,
1:4:1:2:1:2:3:0:1:,initialisation,5107.898943111405,
1:4:1:2:2:1:2:0:1:,initialisation,4128.052883361598,
1:4:0:3:2:1:2:0:1:,initialisation,5024.781694375284,
1:4:0:3:3:1:1:0:2:,initialisation,4396.173166502326,
1:4:0:3:3:1:2:0:1:,initialisation,4688.245438464943,
1:4:1:1:1:3:3:1:1:,initialisation,4822.251373257406,
0:4:1:3:3:1:2:0:0:,initialisation,4902.143591233269,
2:4:0:3:2:2:2:1:2:,initialisation,4732.698994739341,
1:4:1:2:2:1:2:1:1:,initialisation,4572.49014533829,
1:4:1:2:1:2:3:0:1:,initialisation,4996.833957347853,
0:4:1:1:1:2:3:1:0:,initialisation,5679.355941867246,
0:4:1:2:1:2:3:1:0:,initialisation,5280.299787412633,
1:4:1:3:3:0:1:0:1:,initialisation,4150.818633742975,
0:4:1:2:1:2:2:1:0:,initialisation,4556.825731103355,
0:4:1:2:2:2:2:0:0:,initialisation,4601.696585427858,
1:4:0:2:2:3:2:0:1:,initialisation,4951.527167754882,
0:3:1:2:1:2:3:0:0:,initialisation,5472.837443479173,
0:3:1:2:2:2:3:1:0:,initialisation,4882.213618253946,
1:4:0:3:2:1:2:0:1:,initialisation,5004.107660851712,
1:4:0:2:2:1:2:1:2:,initialisation,4699.642590581696,
1:4:1:2:2:2:2:0:1:,initialisation,4430.261812186098,
1:4:1:3:3:1:2:0:1:,initialisation,4677.617324256693,
0:3:0:2:2:2:2:1:0:,initialisation,4521.160035589726,
2:4:0:2:2:1:2:0:2:,initialisation,5007.117108566551,
1:4:1:2:2:3:3:0:1:,initialisation,5222.101749598663,
1:4:1:2:2:3:3:1:1:,initialisation,5010.757114763719,
1:4:1:1:1:3:3:1:0:,initialisation,4767.9381187987565,
1:4:1:2:2:2:3:1:0:,initialisation,4972.7743683646295,
1:4:0:2:1:3:3:0:1:,initialisation,5441.057610434014,
0:3:1:1:1:3:3:0:0:,initialisation,5613.953392119192,
1:4:0:2:2:2:3:1:1:,initialisation,4732.698994739342,
1:4:1:2:1:2:3:1:1:,initialisation,4647.7321527128,
1:4:0:2:2:3:2:1:1:,initialisation,4625.499699996475,
1:4:0:3:2:1:2:0:1:,initialisation,4827.321513006937,
1:4:0:3:2:1:2:0:1:,initialisation,4766.899387212601,
0:4:1:1:1:3:3:1:0:,initialisation,4728.27167643678,
1:4:0:3:3:1:2:0:2:,initialisation,4960.950465612312,
1:4:0:2:2:2:3:1:1:,initialisation,4684.800656974714,
0:3:1:1:1:2:3:0:0:,initialisation,5312.09094381944,
1:4:1:2:2:2:3:1:1:,initialisation,4692.97129415873,
1:4:1:2:2:3:3:1:0:,initialisation,5322.0822503987165,
0:4:1:2:2:3:3:1:0:,initialisation,5559.076034421209,
1:4:1:2:2:3:3:1:1:,initialisation,4890.216703432254,
0:3:0:1:1:3:4:1:0:,initialisation,5629.136203287424,
1:4:0:2:2:2:2:0:1:,initialisation,4340.352799014735,
0:3:1:2:1:2:3:1:0:,initialisation,4984.328012370983,
1:4:0:3:3:2:1:1:2:,initialisation,4732.698994739343,
1:4:1:2:2:3:2:1:1:,initialisation,4356.800793949949,
0:3:1:2:2:1:2:0:0:,initialisation,4445.511261590339,
1:4:1:2:2:3:2:0:1:,initialisation,5740.7023342617795,
0:3:1:1:1:2:3:1:0:,initialisation,4557.716923035789,
2:4:0:3:4:1:1:0:2:,initialisation,4752.357906411268,
1:4:0:3:3:2:2:1:1:,initialisation,4731.165570863097,
1:4:0:3:3:2:2:0:1:,initialisation,4659.789685612529,
0:4:1:2:2:2:2:0:0:,initialisation,4595.136021548656,
1:4:1:1:1:3:3:1:1:,initialisation,4442.879009659171,
1:4:1:2:2:2:2:0:1:,initialisation,4425.533779614128,
1:4:0:3:3:1:1:1:1:,initialisation,4721.035619942424,
0:4:1:1:1:2:3:1:0:,initialisation,5513.328604003767,
1:4:0:2:2:1:2:1:1:,initialisation,4189.129136366633,
0:3:0:2:1:3:3:1:0:,initialisation,5008.369507374675,
1:4:1:2:2:1:2:0:1:,initialisation,3882.382428962117,
1:4:0:2:1:2:3:1:0:,initialisation,5153.25911141199,
1:3:0:1:1:3:3:1:0:,initialisation,4716.771241592615,
1:4:0:2:1:2:3:1:1:,initialisation,4692.916823102349,
1:4:0:3:3:2:1:0:1:,initialisation,4487.929949401557,
2:4:0:3:3:1:1:1:2:,initialisation,4718.466383505153,
1:3:0:1:1:3:3:2:0:,initialisation,4732.698994739342,
0:3:1:1:1:4:3:1:0:,initialisation,5717.589935679797,
1:4:1:3:3:1:1:0:1:,initialisation,4228.4151439194975,
1:4:1:4:4:0:0:0:1:,initialisation,4501.812847630496,
0:4:1:1:1:2:3:0:0:,initialisation,4477.747281456335,
0:3:1:2:1:2:3:0:0:,initialisation,5283.02651259294,
1:4:1:2:1:2:3:1:0:,initialisation,5067.302379384475,
1:4:0:3:3:1:1:1:1:,initialisation,4691.791092578613,
0:3:1:1:1:3:4:0:0:,initialisation,6430.914916081784,
0:4:1:3:3:1:1:0:0:,initialisation,4660.982644303802,
0:4:1:2:1:2:3:1:0:,initialisation,4807.741361884517,
1:4:1:2:1:2:3:1:0:,initialisation,5057.040902719008,
0:4:1:1:1:2:3:1:0:,initialisation,5150.341050978759,
0:3:1:1:1:3:3:1:0:,initialisation,4784.3699523210325,
1:4:0:1:1:2:3:1:1:,initialisation,4469.345426654817,
1:4:0:3:3:0:1:0:2:,initialisation,4307.341208878034,
1:4:0:3:3:1:1:0:2:,initialisation,4379.515570194557,
1:4:1:3:3:0:1:0:1:,initialisation,4010.6860360502033,
1:4:1:2:1:2:3:0:1:,initialisation,4807.860679310526,
1:4:0:2:2:2:2:0:1:,initialisation,4332.397704772991,
1:3:0:2:1:2:3:1:0:,initialisation,5599.8752281301395,
0:3:1:1:1:3:4:0:0:,initialisation,6344.482151719445,
1:4:1:2:2:1:2:1:1:,initialisation,4225.3240845553855,
0:3:1:1:1:3:3:0:0:,initialisation,5411.957434528111,
1:4:1:2:2:1:1:0:1:,initialisation,3910.6579233138136,
1:4:0:2:1:2:2:1:0:,initialisation,4444.4773611849905,
1:4:0:3:3:2:2:0:1:,initialisation,4630.070028467463,
0:3:1:1:1:2:3:0:0:,initialisation,5076.074241178046,
1:4:0:3:2:2:2:1:1:,initialisation,4661.348829590629,
0:3:1:1:1:3:4:1:0:,initialisation,5198.991859741278,
0:4:1:2:2:1:1:0:0:,initialisation,4022.194306613079,
1:4:0:2:1:2:3:1:1:,initialisation,4676.751374073171,
0:4:1:2:2:2:2:1:0:,initialisation,4318.284791840072,
1:4:0:3:3:2:2:1:2:,initialisation,4732.698994739343,
0:4:1:2:2:3:3:0:0:,initialisation,6038.432501770559,
1:4:1:3:3:1:2:0:2:,initialisation,5034.794569531455,
1:4:0:3:3:1:2:0:2:,initialisation,4778.787379333506,
0:4:1:3:3:1:1:0:1:,initialisation,4629.7009447599685,
1:4:0:1:1:3:3:1:1:,initialisation,4468.420782708272,
0:4:1:3:2:1:2:0:0:,initialisation,4925.26719818247,
0:4:1:2:2:1:1:0:0:,initialisation,3882.846545705368,
1:4:1:2:2:2:2:0:1:,initialisation,4358.392612654938,
0:4:1:1:1:2:3:1:0:,initialisation,4737.547465878448,
0:4:1:2:2:1:2:0:0:,initialisation,4315.497667051322,
0:3:0:2:1:2:3:1:0:,initialisation,4928.613727274113,
1:4:1:2:2:2:2:1:0:,initialisation,4890.259100179723,
1:4:1:2:2:2:2:0:1:,initialisation,4336.69208513083,
1:4:1:2:2:2:2:0:1:,initialisation,4330.163405593648,
1:4:1:2:2:2:2:1:0:,initialisation,4724.847283964478,
1:3:0:2:2:2:2:1:0:,initialisation,4388.8831259523995,
1:4:1:2:1:2:3:1:1:,initialisation,4545.804248472843,
1:4:1:2:1:2:3:1:0:,initialisation,5030.383905056265,
1:4:1:2:2:2:2:1:0:,initialisation,4558.724490479941,
1:4:1:1:1:3:3:1:0:,initialisation,4607.708635849117,
0:4:1:2:2:2:2:0:0:,initialisation,4308.452160035983,
0:3:1:2:1:3:3:1:0:,initialisation,5283.114240032896,
0:4:1:2:1:3:3:1:0:,initialisation,5183.3017664627405,
0:4:1:2:2:3:3:0:0:,initialisation,5170.124710169812,
1:4:1:2:2:3:2:1:0:,initialisation,5045.928302654602,
0:4:1:2:1:2:3:1:0:,initialisation,4626.384998609024,
0:3:1:1:1:3:3:0:0:,initialisation,5355.317516726729,
1:4:1:3:4:0:1:0:1:,initialisation,4777.314755465846,
0:4:1:1:1:3:3:0:0:,initialisation,5280.941750071164,
0:4:1:2:2:2:3:1:0:,initialisation,5330.129203737878,
0:3:1:2:1:2:3:1:0:,initialisation,4740.136354803611,
1:4:0:1:1:2:3:1:1:,initialisation,4406.222700936664,
0:4:1:3:3:1:1:0:1:,initialisation,4629.469104932385,
0:4:1:1:1:3:3:1:0:,initialisation,4598.535619413852,
0:3:1:2:2:2:2:0:0:,initialisation,4213.7398040875605,
0:3:1:2:2:3:3:1:0:,initialisation,5514.900575232356,
1:4:1:3:3:0:1:0:1:,initialisation,3843.630618666431,
1:4:1:2:1:3:3:1:0:,initialisation,4956.095102627313,
2:4:0:2:2:2:2:0:2:,initialisation,4948.938408251206,
0:3:1:2:2:2:3:0:0:,initialisation,4962.385226879646,
1:4:0:3:3:1:1:1:1:,initialisation,4522.1453143817325,
1:4:0:2:2:2:1:0:1:,initialisation,4446.2011192632035,
1:4:0:2:1:2:3:1:1:,initialisation,4665.653597617573,
1:4:0:3:3:1:1:0:1:,initialisation,4213.995251890226,
1:4:1:2:3:1:1:0:1:,initialisation,4286.8250333797505,
0:3:1:2:2:2:3:0:0:,initialisation,4881.85384583987,
1:4:0:2:2:2:1:0:1:,initialisation,4263.007920217507,
0:3:1:1:1:3:3:1:0:,initialisation,4713.387080733429,
1:4:0:2:2:1:2:0:1:,initialisation,4059.526200809008,
1:4:1:2:1:3:3:1:0:,initialisation,4936.123805919568,
0:3:1:1:1:3:3:0:0:,initialisation,5250.976650084245,
0:3:1:2:1:3:3:1:0:,initialisation,5031.337319164042,
0:4:1:2:2:2:3:1:0:,initialisation,5315.7632651907825,
1:4:1:2:2:2:3:1:0:,initialisation,4868.169915538848,
1:4:1:3:3:1:1:1:1:,initialisation,4550.088055608527,
0:3:1:1:1:3:3:1:0:,initialisation,4204.194519646229,
1:4:1:2:1:2:2:1:1:,initialisation,4453.879691893605,
1:4:0:2:2:1:2:0:1:,initialisation,4039.378439380095,
2:4:0:3:3:2:1:0:2:,initialisation,4732.698994739343,
1:4:0:2:1:2:3:1:1:,initialisation,4527.3919715678785,
1:4:0:2:2:2:3:1:0:,initialisation,5025.085729835953,
1:4:0:3:2:1:2:0:1:,initialisation,4708.728022180972,
1:4:0:2:1:3:3:1:1:,initialisation,4583.846682053547,
0:3:1:2:1:2:3:0:0:,initialisation,4942.017010619301,
1:4:1:2:1:3:3:1:1:,initialisation,4791.130360546391,
0:4:1:3:2:2:2:0:0:,initialisation,6175.3114628269495,
1:4:1:2:1:3:3:1:1:,initialisation,4774.07716195224,
1:4:0:2:2:2:2:1:2:,initialisation,4628.458448420562,
2:4:0:3:3:1:1:0:2:,initialisation,4437.312390428158,
1:4:0:2:3:1:1:0:1:,initialisation,4120.928348481784,
1:4:1:3:3:1:1:0:2:,initialisation,4557.898648178031,
0:3:1:2:2:2:2:1:0:,initialisation,4989.307380356564,
0:4:1:3:3:2:2:0:0:,initialisation,5800.9869270635845,
0:4:1:2:2:2:3:0:0:,initialisation,4912.206221950461,
0:4:1:3:3:0:1:0:1:,initialisation,4420.95668928851,
0:3:0:1:1:2:3:1:0:,initialisation,5000.935914971455,
0:3:1:2:1:2:3:0:0:,initialisation,4916.147116188865,
1:4:0:2:2:2:3:0:1:,initialisation,5087.455477417461,
1:4:0:3:3:2:1:1:2:,initialisation,4676.217035165074,
1:4:1:2:1:2:2:1:1:,initialisation,4333.716491683502,
1:4:0:3:3:2:2:0:2:,initialisation,5060.313604043215,
0:2:1:0:0:4:4:1:0:,initialisation,6517.254373157458,
0:4:1:2:1:2:2:1:0:,initialisation,4396.5008618266365,
1:4:0:3:3:1:1:0:2:,initialisation,4307.828408043969,
1:4:1:2:1:2:3:0:1:,initialisation,4652.498073615021,
0:4:1:1:1:3:4:1:0:,initialisation,5979.143318524072,
1:4:1:4:4:1:1:0:2:,initialisation,4840.419592193841,
1:4:1:2:1:2:3:1:0:,initialisation,4914.003725055869,
1:4:0:3:3:1:2:1:2:,initialisation,4732.698994739343,
1:4:1:2:2:2:2:1:1:,initialisation,3970.496926411744,
1:4:1:2:2:2:2:0:1:,initialisation,4239.181076346608,
0:4:1:1:1:3:4:1:0:,initialisation,5655.028363511639,
1:4:1:3:3:2:2:1:1:,initialisation,4993.642054491894,
1:4:1:1:1:4:3:1:0:,initialisation,5325.952943957488,
1:4:0:2:1:2:3:0:1:,initialisation,5886.053326966673,
0:4:1:2:2:2:3:0:0:,initialisation,4772.315965425834,
0:3:1:0:0:4:4:1:0:,initialisation,6120.083853377963,
1:4:0:3:3:1:1:0:1:,initialisation,4128.61324214191,
1:4:0:2:2:1:1:0:1:,initialisation,4230.635639874843,
1:4:1:3:3:0:0:0:1:,initialisation,4025.721454070879,
1:4:0:3:3:2:1:1:1:,initialisation,4794.84797134767,
1:3:0:1:1:3:3:1:0:,initialisation,4621.286606128373,
2:4:0:3:3:0:1:0:2:,initialisation,4711.114429244601,
1:4:0:2:1:2:3:0:1:,initialisation,4908.740270683843,
0:4:1:2:2:2:3:1:0:,initialisation,4987.233182478432,
1:4:1:1:1:3:3:0:1:,initialisation,5787.528407393174,
0:3:1:2:1:2:3:1:0:,initialisation,4574.879931467887,
1:4:0:2:1:3:2:1:1:,initialisation,4389.746825073667,
1:4:1:2:1:2:3:1:0:,initialisation,4847.669627068681,
1:4:1:3:2:1:2:0:1:,initialisation,4630.10432997062,
1:4:0:2:2:2:1:1:1:,initialisation,4387.587853655778,
1:4:0:3:2:2:2:1:1:,initialisation,4653.081154957726,
1:4:1:2:1:2:3:1:0:,initialisation,4779.538571433358,
2:4:0:3:3:1:2:1:2:,initialisation,4621.866161427778,
1:4:0:3:3:2:2:1:2:,initialisation,4732.698994739342,
0:4:1:2:1:2:2:1:0:,initialisation,4269.845682697645,
0:3:1:1:0:4:4:0:0:,initialisation,5804.528795632627,
0:2:1:1:0:4:4:1:0:,initialisation,6076.333224861677,
1:4:1:3:3:2:1:0:1:,initialisation,4627.910523727134,
1:4:0:3:3:1:2:0:1:,initialisation,4642.213200640283,
0:3:1:2:2:1:1:0:0:,initialisation,4303.1014779047955,
1:4:1:2:1:2:2:1:1:,initialisation,4234.969203957452,
0:3:1:2:2:2:2:1:0:,initialisation,4984.424442469872,
0:4:1:1:1:2:3:1:0:,recombination,4560.193724394317,0:3:1:1:1:3:3:1:0,0:4:1:1:1:2:3:0:0
0:4:1:2:2:3:2:1:0:,clone,5234.122596587139,0:4:1:2:1:3:3:1:0
0:4:1:2:1:3:3:0:0:,clone,5004.5953612870935,0:4:1:2:1:3:3:0:0
1:4:0:2:2:2:2:0:2:,recombination,4563.140601093086,0:3:1:2:1:2:3:1:0,2:4:0:3:3:2:1:0:2,MUTATE
2:4:0:2:2:2:2:0:2:,recombination,4901.977811732493,1:4:1:2:2:2:2:0:1,1:4:0:2:2:2:2:1:2,MUTATE
1:4:1:2:1:3:3:1:1:,clone,4699.300071527225,1:4:1:1:1:3:3:1:0
1:4:1:2:1:3:3:1:1:,recombination,4691.59179112834,1:4:1:2:1:3:3:1:1,2:4:0:3:3:0:1:0:2
1:4:1:2:1:2:3:1:1:,recombination,4534.152145783278,1:4:0:3:3:1:2:0:1,1:4:1:1:1:2:3:1:1
0:4:1:2:2:1:2:0:0:,recombination,4140.6290175065105,0:4:1:2:2:2:2:1:0,1:4:1:2:2:1:1:0:1
1:4:0:2:2:1:2:1:1:,recombination,4165.734479074548,1:4:0:2:2:1:2:0:1,1:4:1:2:1:3:3:1:0,MUTATE
1:4:0:2:2:1:2:1:2:,clone,4621.866161427778,2:4:0:3:3:1:2:1:2
0:3:0:1:1:3:3:1:0:,recombination,4313.687729355559,1:4:1:2:1:2:3:1:0,0:3:1:1:1:3:3:1:0
1:4:0:3:3:2:1:1:1:,recombination,4590.027392909197,1:4:0:3:3:2:1:0:1,1:4:1:3:3:2:2:0:1,MUTATE
1:3:0:2:1:3:2:1:0:,clone,4413.032751319951,1:3:0:2:2:2:2:1:0
0:3:0:2:2:2:3:1:0:,clone,5365.677271316613,1:3:0:2:1:2:3:1:0
1:4:0:2:2:2:2:0:1:,recombination,4121.562497550018,1:4:0:3:3:1:1:0:1,0:3:1:1:1:3:3:1:0
1:4:0:3:3:2:1:0:2:,clone,4833.971713016375,1:4:0:3:3:2:1:1:2
0:3:1:3:3:1:1:0:0:,clone,4347.733358598252,0:3:1:2:2:1:1:0:0
1:4:1:2:2:2:2:1:0:,recombination,4491.679178118347,2:4:0:2:2:2:2:0:2,0:3:1:2:1:2:3:1:0,MUTATE
1:4:0:2:2:2:2:0:1:,clone,4054.6172748507947,1:4:0:2:2:2:2:0:1
0:4:1:1:1:3:4:0:0:,clone,6465.778694051658,0:3:1:1:1:3:4:0:0
1:4:1:1:1:3:3:1:0:,clone,4204.194519646229,0:3:1:1:1:3:3:1:0
0:4:1:3:3:2:2:0:0:,clone,5458.675814397067,0:4:1:3:3:2:2:0:0
0:3:1:2:1:3:3:1:0:,recombination,4887.6050898136555,0:3:1:2:1:2:3:0:0,1:4:1:2:2:2:2:0:1
0:3:1:1:0:3:4:1:0:,clone,5418.58361977104,0:3:1:1:1:3:3:0:0
1:3:0:2:1:3:3:1:0:,recombination,4780.0990249926135,0:3:1:2:2:2:2:1:0,1:3:0:2:2:2:2:1:0,MUTATE
0:2:1:0:0:4:4:1:0:,recombination,6220.848289810321,1:4:1:2:1:2:3:1:0,0:2:1:0:0:4:4:1:0,MUTATE
0:4:1:2:2:3:2:1:0:,clone,4367.66993876567,1:4:1:2:2:3:2:1:1
1:4:1:3:3:1:1:0:1:,recombination,4184.297935480929,0:4:1:2:2:1:2:0:0,1:4:1:3:3:0:1:0:1,MUTATE
0:4:1:2:1:2:3:1:0:,clone,4609.081927102139,0:4:1:2:2:2:2:1:0
1:4:1:2:3:0:1:0:1:,clone,3926.8986785669936,1:4:1:2:2:1:1:0:1
0:3:1:2:1:3:3:0:0:,clone,5104.193065864879,0:3:1:2:1:3:3:1:0
2:4:0:3:3:1:1:0:2:,recombination,4413.7714648924675,1:4:0:2:2:1:1:0:1,1:4:0:2:2:2:2:1:2
0:3:1:2:2:2:2:1:0:,clone,4898.352471116136,0:3:1:2:2:2:2:1:0
1:4:1:2:2:3:2:1:1:,recombination,4307.8566565862275,1:4:1:2:2:2:2:1:1,1:4:1:2:2:3:2:1:1,MUTATE
1:4:1:2:1:2:2:1:1:,clone,4087.1375122435347,1:4:1:2:2:2:2:1:1
1:4:1:2:2:1:2:0:1:,recombination,3836.9652991487105,1:4:0:2:2:1:2:1:1,1:4:1:2:2:1:2:0:1
1:4:1:3:3:2:1:0:1:,recombination,4460.3187183922455,0:3:1:2:1:2:3:0:0,1:4:0:2:2:2:1:0:1
1:4:1:1:1:3:3:1:1:,clone,4327.025304253554,1:4:1:1:1:3:3:1:1
1:4:0:3:2:1:2:1:1:,clone,4683.569360679403,1:4:0:3:2:1:2:1:1
1:4:1:2:1:2:2:1:0:,recombination,4299.402581386267,0:4:1:1:1:3:3:1:0,1:4:0:3:3:1:1:0:1
1:4:1:3:3:1:1:0:1:,recombination,4156.94654121748,1:4:0:3:3:1:1:0:1,1:4:0:3:3:0:1:0:1
0:3:1:3:3:1:2:0:0:,recombination,5215.090300661911,0:3:1:3:3:2:2:0:0,1:4:1:2:1:2:3:1:0
0:3:1:1:0:3:4:1:0:,clone,5399.3834623044295,0:3:1:1:1:3:4:1:0
1:4:0:2:2:1:1:0:1:,clone,3843.291233567473,1:4:0:3:3:0:1:0:1
1:4:1:3:3:1:2:0:1:,clone,4660.78668929179,1:4:1:3:3:1:2:0:1
0:4:1:1:1:2:3:1:0:,recombination,4537.60346723401,0:3:1:1:1:2:3:1:0,1:4:1:2:1:2:3:1:0,MUTATE
0:4:1:2:1:3:3:1:0:,clone,4878.910763551912,0:4:1:2:2:2:3:1:0
1:4:0:2:2:3:2:1:1:,recombination,4396.2307141078945,1:4:0:2:1:3:3:1:1,1:4:0:2:2:3:2:0:1
0:3:1:1:1:3:4:0:0:,clone,5541.781012378042,0:3:1:1:0:3:4:1:0
0:3:1:1:1:2:3:0:0:,recombination,4871.669318421505,1:3:0:2:1:3:3:1:0,0:3:1:1:1:2:3:0:0,MUTATE
1:4:1:2:1:2:2:0:1:,recombination,4391.505932050294,1:4:1:2:1:2:3:0:1,0:3:0:2:2:2:2:1:0,MUTATE
0:3:1:2:2:2:2:1:0:,clone,4501.5003538414485,0:3:1:2:2:2:2:1:0
0:3:1:1:1:2:3:1:0:,clone,4546.6263204000725,0:3:1:1:1:2:3:1:0
0:3:1:1:1:2:3:1:0:,clone,4458.925553846984,0:3:1:1:1:2:3:1:0
0:4:1:3:3:2:2:0:0:,clone,4817.480252625018,0:4:1:3:3:1:1:0:0
0:3:1:1:1:3:3:1:0:,recombination,4166.129144034153,0:3:0:1:1:3:3:1:0,1:4:0:2:2:2:2:0:1,MUTATE
1:4:0:3:3:1:1:0:1:,clone,4121.264284649526,1:4:0:3:3:1:1:0:1
1:4:0:2:1:2:3:1:1:,recombination,4492.887832641138,0:3:0:1:1:3:4:1:0,1:4:1:1:1:3:3:1:1,MUTATE
1:4:1:1:1:3:3:1:0:,recombination,4119.946960870565,1:4:1:1:1:3:3:1:0,1:4:1:2:1:2:3:0:1,MUTATE
0:4:1:3:3:1:1:0:0:,clone,4474.803891357369,0:4:1:3:2:1:2:0:0
0:4:1:1:1:3:3:1:0:,recombination,4246.572014955295,1:3:0:2:1:3:3:1:0,0:3:1:1:1:3:3:1:0
1:4:0:2:2:2:2:0:1:,clone,3965.6778677495377,1:4:0:2:2:2:2:0:1
1:3:0:2:1:3:2:1:0:,clone,4178.224898098974,1:3:0:2:1:3:2:1:0
1:4:1:3:3:0:1:0:1:,recombination,3796.0072379155176,1:4:1:3:3:0:1:0:1,0:3:1:1:1:3:3:1:0
1:4:0:2:2:2:2:1:0:,recombination,4605.74090016023,0:4:1:3:2:2:2:0:0,1:4:1:2:2:2:2:1:0
1:3:0:2:2:2:3:1:0:,clone,5442.614920105855,0:3:0:2:2:2:3:1:0
2:4:0:2:2:2:2:1:2:,recombination,4732.698994739342,0:3:1:2:1:2:3:1:0,2:4:0:2:2:2:2:1:2,MUTATE
0:3:1:1:1:2:3:1:0:,recombination,4383.2220140237905,1:4:0:2:2:2:2:1:1,0:4:1:2:1:2:3:1:0
0:4:0:2:2:2:3:1:0:,clone,5306.138864243797,0:3:0:2:2:2:3:1:0
0:4:1:1:1:2:3:1:0:,recombination,4402.670255198024,1:4:1:1:1:3:3:1:1,1:4:1:2:2:2:2:0:1
0:4:1:2:2:2:2:0:0:,recombination,4277.4177097352385,0:4:1:2:1:3:3:0:0,0:3:1:2:1:3:3:1:0
1:4:0:2:2:2:2:1:1:,clone,4170.176096060449,1:4:1:2:2:3:2:1:1
1:4:1:1:1:2:3:1:0:,recombination,4271.0839336743475,1:4:0:2:2:2:1:0:1,1:4:0:2:2:1:2:1:1,MUTATE
0:4:1:2:2:3:3:0:0:,clone,4974.546475902248,0:4:1:2:1:3:3:0:0
0:4:1:2:1:2:2:0:0:,recombination,4277.4177097352385,0:4:1:2:2:2:2:0:0,0:4:1:2:2:2:2:0:0,MUTATE
0:4:1:2:1:2:3:0:0:,clone,4566.286650374171,0:4:1:2:1:2:2:0:0
0:3:1:2:1:2:3:0:0:,recombination,4712.231734388032,0:3:1:2:2:2:2:0:0,0:3:1:1:1:3:4:0:0
1:4:1:2:3:0:1:0:1:,recombination,3895.939578437532,1:4:1:3:3:0:1:0:1,1:4:0:2:2:2:3:0:1
1:4:0:2:2:1:1:0:1:,clone,3716.3295727066916,1:4:0:2:2:1:1:0:1
0:4:1:1:1:2:3:1:0:,recombination,4261.433732885812,1:4:0:2:1:2:2:1:1,1:4:1:2:2:2:2:0:1
1:3:0:2:1:3:3:1:0:,recombination,4687.785719724291,1:3:0:2:1:3:3:1:0,0:4:1:2:1:3:3:1:0,MUTATE
1:4:0:3:3:1:1:1:2:,recombination,4661.978680036045,0:3:1:2:2:2:3:0:0,2:4:0:3:2:2:2:1:2
0:4:1:2:2:2:2:0:0:,clone,3836.9652991487105,1:4:1:2:2:1:2:0:1
0:3:1:1:0:4:4:1:0:,clone,5202.483413115145,0:3:1:1:1:4:4:1:0
1:4:1:2:2:2:2:0:1:,clone,4175.501142083909,1:4:0:2:2:2:2:0:1
0:3:1:1:0:3:4:1:0:,recombination,5389.276689910083,0:4:1:2:2:2:2:0:0,0:3:1:1:1:3:3:0:0
0:3:1:1:0:3:4:1:0:,clone,5360.186164130297,0:3:1:1:0:3:4:1:0
1:4:1:3:3:0:1:0:1:,clone,3746.422196676009,1:4:1:3:3:0:1:0:1
2:4:0:2:2:1:2:0:2:,recombination,5003.1384444871155,1:4:0:3:3:2:2:0:2,2:4:0:2:2:1:2:0:2
1:4:0:3:2:2:1:1:1:,clone,4487.929949401557,1:4:0:3:2:2:1:1:1
0:4:1:1:1:2:2:0:0:,clone,4021.7878983193473,0:4:1:2:2:2:2:0:0
1:4:1:2:1:3:3:1:1:,recombination,4545.8071695035815,1:4:1:1:1:3:3:1:1,1:4:0:2:2:3:3:1:1
1:4:1:3:4:0:1:0:1:,clone,4753.46156344843,1:4:1:3:4:0:1:0:1
2:4:0:2:2:2:2:1:2:,clone,4587.082378583789,2:4:0:3:3:2:2:1:2
0:3:1:1:1:2:3:1:0:,clone,4077.702420271612,0:3:1:1:1:2:3:1:0
1:4:1:2:2:2:3:0:1:,clone,4730.476211127629,1:4:1:2:2:2:3:0:1
1:4:0:1:1:2:2:1:1:,clone,4120.485080503233,1:4:0:1:1:2:2:1:1
1:4:0:2:1:3:2:1:1:,clone,4298.31218248718,1:4:0:2:1:3:2:1:1
1:4:0:3:3:0:0:0:2:,recombination,4482.153874579983,1:4:0:2:2:2:2:0:1,1:4:1:3:3:0:1:0:2,MUTATE
0:3:1:1:1:3:3:0:0:,clone,4798.589212943352,0:3:1:2:1:2:3:0:0
1:4:1:1:1:2:2:1:0:,recombination,4109.658485776613,1:4:0:2:2:1:2:1:1,0:3:1:1:1:3:3:1:0,MUTATE
1:4:1:2:2:3:3:1:0:,recombination,4878.910763551912,0:4:1:2:1:3:3:1:0,0:4:1:2:2:2:2:0:0
0:4:1:2:2:1:2:0:0:,recombination,3834.170092135649,1:4:1:2:2:1:1:0:1,1:4:1:3:2:2:2:1:1,MUTATE
1:4:1:2:1:3:3:0:1:,clone,4880.329338829542,1:4:1:2:1:3:3:0:1
0:3:1:2:2:3:3:1:0:,recombination,4784.20822348387,0:4:1:2:1:2:3:0:0,1:3:0:2:1:3:3:1:0,MUTATE
1:4:1:2:1:2:3:1:0:,recombination,4323.65697061726,1:4:1:1:1:2:3:1:0,1:4:0:2:2:1:2:0:1
1:4:0:2:2:2:2:1:1:,clone,4087.1623447193774,1:4:0:2:2:2:2:1:1
0:4:1:2:1:2:2:0:0:,clone,4200.877553239723,0:4:1:1:1:2:2:0:0
1:3:0:2:2:2:3:1:0:,clone,4707.323975629262,1:3:0:2:2:2:3:1:0
0:3:1:2:2:2:2:1:0:,clone,4342.391721234221,0:3:1:2:2:2:2:1:0
1:4:0:1:1:3:3:1:1:,recombination,4356.87715782043,1:4:0:1:1:3:3:1:0,0:3:0:1:1:3:3:1:0,MUTATE
2:4:0:3:3:1:1:0:2:,recombination,4331.7525650477455,1:4:1:2:2:2:2:1:0,2:4:0:3:3:1:1:0:2
1:4:0:1:1:3:3:1:0:,clone,4457.263085070632,1:4:1:1:1:3:3:1:0
0:3:1:2:2:2:2:0:0:,recombination,4104.095037928661,1:4:0:2:2:2:2:1:1,1:4:0:2:2:2:3:0:1
1:4:0:2:2:2:3:0:1:,recombination,4694.45936257106,0:3:1:1:0:4:4:1:0,1:4:0:2:2:2:2:1:1,MUTATE
1:4:0:1:1:3:3:1:1:,recombination,4304.921578423164,1:4:1:1:1:3:3:1:0,1:4:0:1:1:2:3:1:1
0:3:0:2:2:2:2:1:0:,clone,4443.465055568806,0:3:0:2:2:2:2:1:0
1:3:0:1:1:3:3:1:0:,recombination,4424.141428807306,1:3:0:1:1:3:3:1:0,1:4:0:2:2:2:2:0:1
0:3:1:1:0:3:4:1:0:,clone,5060.085011062877,0:3:1:1:0:3:4:1:0
1:4:1:2:2:2:2:1:0:,clone,4225.150075157266,0:3:1:2:1:2:2:1:0
2:4:0:3:3:0:0:0:2:,recombination,4329.0358362779525,1:4:0:3:3:1:1:1:2,1:4:0:2:2:1:1:0:1,MUTATE
0:3:1:2:1:2:2:1:0:,recombination,4152.339479450521,0:3:1:2:1:2:3:1:0,0:3:1:2:1:2:3:1:0,MUTATE
2:4:0:3:3:1:1:0:2:,recombination,4259.309344282396,2:4:0:3:3:0:0:0:2,2:4:0:3:3:1:2:1:2
0:3:1:2:2:2:3:0:0:,clone,4870.385783706978,0:4:1:2:2:2:2:0:0
1:4:0:2:2:1:2:0:1:,clone,3949.4088151925016,1:4:0:2:2:1:2:0:1
1:4:0:1:1:2:3:1:1:,clone,4333.949272050565,1:4:0:1:1:2:3:1:1
1:4:1:2:1:3:3:1:1:,recombination,4403.526132290117,1:4:1:2:1:2:2:1:0,1:4:0:3:3:1:2:0:1,MUTATE
2:4:1:4:4:0:0:0:2:,recombination,4671.770019200953,2:4:1:3:4:0:0:0:2,0:4:1:3:3:0:1:0:1
1:4:0:2:1:3:3:1:1:,clone,4512.116303397339,1:4:0:2:1:3:3:1:1
0:3:1:1:1:2:3:0:0:,clone,4661.981352108512,0:3:1:1:1:2:3:0:0
1:4:0:1:1:2:2:1:1:,recombination,4073.667270702532,1:4:1:2:1:2:2:0:1,0:3:1:1:1:4:4:1:0
0:3:1:2:2:2:2:0:0:,recombination,3875.5270071138248,0:3:0:1:1:3:4:1:0,1:4:1:2:2:1:2:0:1
0:3:1:2:1:2:3:0:0:,recombination,4707.070571379282,0:3:1:1:0:3:4:1:0,1:4:1:3:3:0:0:0:1
0:3:0:2:1:2:3:1:0:,clone,4694.45936257106,0:3:0:2:1:2:3:1:0
1:4:0:2:2:3:2:0:1:,recombination,4947.746063359833,1:4:0:2:2:3:2:0:1,1:4:1:1:1:3:3:0:1,MUTATE
1:4:1:2:2:2:2:0:1:,recombination,4159.779640864131,1:4:1:2:1:2:3:1:0,1:4:0:3:3:0:1:0:1,MUTATE
1:4:0:3:3:2:2:1:1:,clone,4723.160572237693,1:4:0:3:3:2:2:0:1
1:4:0:3:2:1:2:0:2:,clone,4881.8866774917815,1:4:0:2:2:2:2:0:2
0:2:1:0:0:4:4:1:0:,recombination,6120.083853377963,0:3:1:0:0:4:4:1:0,0:3:0:2:1:2:3:1:0
0:4:1:2:2:2:2:0:0:,clone,3782.440380989364,0:4:1:2:2:2:2:0:0
0:4:1:2:2:3:3:1:0:,recombination,4815.053430965521,0:3:1:2:1:3:3:1:0,0:3:1:2:2:3:3:1:0
1:4:0:2:2:1:2:0:1:,clone,3908.8541339649837,1:4:0:2:2:1:2:0:1
0:3:1:1:1:4:3:1:0:,recombination,5314.9301910196455,0:3:1:1:0:4:4:1:0,1:4:1:2:2:3:2:1:1,MUTATE
1:4:1:3:3:1:1:0:1:,recombination,3966.625606226263,1:4:1:2:2:1:1:0:1,1:4:1:3:3:0:1:0:1
1:4:1:2:1:2:3:0:1:,recombination,4598.645727152578,1:4:1:2:1:2:3:1:0,0:4:1:1:1:2:3:1:0
0:3:1:1:1:3:4:1:0:,clone,5172.541592987345,0:3:1:1:1:3:4:1:0
1:4:1:2:2:3:2:1:0:,clone,5030.04196612495,1:4:1:2:2:3:3:1:0
1:4:1:2:2:3:3:1:1:,clone,4793.592164866243,1:4:1:2:2:3:2:1:1
1:4:1:3:4:0:1:0:1:,clone,4681.148780625164,1:4:1:3:4:0:1:0:1
0:4:0:3:3:1:1:0:0:,clone,4703.009240413311,0:4:1:3:3:1:1:0:1
1:4:1:2:1:2:2:0:1:,recombination,4316.386846134525,0:4:1:2:2:2:3:0:0,0:3:1:2:1:2:3:1:0,MUTATE
1:4:1:1:1:2:3:1:1:,recombination,4231.031402546656,1:4:1:2:1:3:3:1:1,2:4:0:2:2:2:2:0:2,MUTATE
1:4:0:2:2:2:2:1:0:,recombination,4511.930256454325,1:3:0:2:1:3:3:1:0,0:3:1:1:1:3:4:1:0
0:3:0:1:1:2:3:1:0:,clone,4480.327705735969,0:3:1:1:1:2:3:1:0
0:3:1:2:1:2:2:1:0:,clone,3962.7878245600546,0:3:1:2:1:2:2:1:0
2:4:0:2:2:2:2:0:2:,clone,4521.777537234229,2:4:0:3:3:1:1:0:2
0:3:1:2:1:2:3:1:0:,clone,4346.172825629271,0:3:1:2:1:2:2:1:0
1:4:0:1:1:2:3:1:1:,clone,4259.333126646185,1:4:0:1:1:2:3:1:1
2:4:0:2:2:1:2:0:2:,recombination,4521.777537234229,1:4:1:2:2:2:2:0:1,2:4:0:2:2:2:2:0:2
1:4:1:2:2:3:2:1:1:,recombination,4301.025053166076,1:4:1:2:2:2:3:0:1,1:4:1:2:1:2:2:1:1
0:4:1:2:2:2:2:1:0:,recombination,4097.355119857124,0:3:1:2:1:2:2:1:0,0:3:1:2:1:2:2:1:0,MUTATE
2:4:1:4:4:0:0:0:2:,recombination,4665.572010005334,2:4:1:4:4:0:0:0:2,1:4:1:2:2:3:3:1:1,MUTATE
0:2:1:1:0:4:4:1:0:,recombination,4998.182117466329,0:4:1:1:1:2:3:1:0,0:3:1:1:1:4:4:1:0,MUTATE
1:4:0:2:1:2:2:1:0:,recombination,4245.882609533028,1:4:1:2:1:3:3:1:1,1:4:0:2:2:2:2:0:1,MUTATE
1:4:1:2:2:2:3:1:1:,clone,4641.495776959819,1:4:1:2:2:2:3:0:1
1:4:1:2:1:2:2:1:0:,clone,4253.143031180557,1:4:1:2:1:2:3:1:0
1:4:0:2:2:1:2:0:1:,clone,3870.121011995726,1:4:0:2:2:1:2:0:1
1:4:0:2:2:1:2:0:2:,recombination,4521.777537234229,2:4:0:2:2:1:2:0:2,1:4:1:2:1:2:3:1:1,MUTATE
0:4:1:2:1:2:3:1:0:,recombination,4503.465043249779,0:2:1:0:0:4:4:1:0,0:4:1:2:1:3:3:1:0
1:4:1:3:2:1:2:0:1:,clone,4624.4719455822005,1:4:1:3:3:1:2:0:1
1:4:0:2:1:2:3:1:1:,clone,4333.634198374923,1:4:0:1:1:2:3:1:1
2:4:0:4:4:1:1:0:2:,recombination,4901.344345871874,1:4:1:4:4:1:1:0:2,1:4:0:2:2:3:2:1:1
1:4:1:1:1:2:2:1:1:,clone,4130.254270446911,1:4:0:1:1:2:2:1:1
1:4:0:3:2:2:2:1:1:,recombination,4599.025292969941,1:4:1:2:2:2:2:1:0,1:4:0:3:3:2:1:1:2,MUTATE
1:3:0:1:1:2:3:1:0:,clone,4312.982110287635,1:4:0:1:1:2:2:1:0
1:4:1:4:4:1:1:0:2:,clone,4840.41959219384,1:4:1:4:4:1:1:0:2
0:4:0:3:3:1:1:0:1:,clone,4698.553352633084,0:4:1:3:3:1:1:0:0
0:3:1:1:1:2:2:1:0:,recombination,3971.6578113082032,1:4:0:2:2:1:2:1:1,0:4:1:2:2:2:2:0:0,MUTATE
1:4:0:1:1:3:3:1:0:,clone,4363.64794754827,1:4:1:1:1:3:3:1:0
0:2:1:1:1:3:3:1:0:,recombination,5389.544504942902,0:3:1:1:1:3:3:0:0,1:4:0:2:2:2:2:0:1,MUTATE
0:3:0:2:2:2:2:1:0:,recombination,4415.790028682712,1:3:0:2:2:2:2:1:0,1:4:0:3:3:1:1:0:1,MUTATE
1:4:0:2:1:3:2:1:1:,clone,4294.53107809213,1:4:0:2:1:3:2:1:1
1:4:1:2:2:3:2:1:1:,clone,4301.025053166075,1:4:1:2:2:3:2:1:1
0:3:1:1:1:2:3:0:0:,recombination,4553.365070361781,1:4:1:3:3:0:1:0:1,0:3:1:2:1:2:3:0:0,MUTATE
0:4:1:2:2:2:3:1:0:,recombination,4914.244455854649,0:4:1:1:1:2:3:1:0,1:4:1:3:2:2:2:1:1,MUTATE
1:4:1:2:3:1:1:0:1:,recombination,3966.625606226263,1:4:1:3:3:1:1:0:1,1:4:0:2:1:3:3:1:0,MUTATE
1:3:0:1:1:2:3:1:0:,clone,4267.481946438151,1:4:0:1:1:2:3:1:0
0:3:1:1:0:4:4:0:0:,clone,5650.764763208604,0:3:1:1:0:4:4:0:0
1:3:0:1:1:3:3:1:0:,recombination,4386.444727974758,0:4:1:1:1:3:3:1:0,1:4:0:3:3:2:1:0:1,MUTATE
1:4:1:2:1:3:3:1:0:,clone,4431.862138838781,1:4:0:1:1:3:3:1:0
1:4:0:3:3:2:1:0:2:,recombination,4551.223146231698,1:4:1:2:2:2:3:1:1,2:4:0:2:2:2:2:1:2,MUTATE
1:4:0:3:3:2:1:1:1:,recombination,4566.401631075945,1:4:1:1:1:2:2:1:1,1:4:0:3:3:2:1:1:2
0:3:1:1:0:4:4:1:0:,clone,4949.4797649810935,0:3:1:1:0:4:4:1:0
1:4:1:2:2:1:1:0:1:,recombination,3806.883725524614,0:4:1:2:2:1:2:0:0,1:4:0:2:2:2:3:1:1
0:3:1:1:0:3:4:1:0:,recombination,4907.052855599845,0:2:1:0:0:4:4:1:0,1:4:1:1:1:3:3:1:1
1:3:0:2:2:2:2:1:0:,clone,4119.442574888931,1:3:0:2:2:2:2:1:0
0:4:0:2:2:2:2:1:0:,clone,4419.3154302012545,0:4:0:2:2:2:2:1:0
1:4:0:2:2:2:2:0:2:,clone,4521.777537234229,2:4:0:2:2:1:2:0:2
0:4:1:3:2:2:2:0:0:,recombination,5733.133736559383,2:4:0:3:3:1:2:1:2,0:4:1:3:2:2:2:0:0
1:4:1:2:2:3:2:0:1:,clone,5740.702334261778,1:4:1:2:2:3:2:0:1
1:4:0:2:2:3:2:1:1:,recombination,4392.449609712846,1:4:0:1:1:3:3:1:0,1:4:0:2:2:3:2:1:1,MUTATE
2:4:0:3:3:2:2:0:2:,clone,4641.951152538846,2:4:0:2:2:2:2:1:2
1:4:1:2:2:1:1:0:1:,clone,3804.5585894242618,1:4:1:2:2:1:1:0:1
0:3:1:1:1:3:4:1:0:,recombination,5081.881427765029,1:4:1:2:1:2:2:1:0,1:4:1:1:1:3:3:1:1,MUTATE
0:3:1:2:2:3:3:0:0:,clone,5614.567572857872,0:3:1:2:2:3:3:0:0
1:4:1:1:1:3:3:1:1:,recombination,4293.204434771369,1:4:1:2:1:3:3:1:1,1:4:1:2:2:2:2:1:1
1:4:1:2:2:2:1:0:1:,recombination,4157.922999470337,0:3:1:2:2:2:2:0:0,1:4:0:3:3:1:1:0:2
0:3:0:1:1:3:4:1:0:,recombination,5310.109331047149,1:4:0:3:3:1:1:0:2,0:3:1:1:1:4:3:1:0
1:4:0:2:2:1:2:1:1:,recombination,4087.3384411615375,1:4:0:3:3:0:1:0:1,1:4:0:3:3:1:1:0:2,MUTATE
1:4:1:2:2:3:2:0:1:,recombination,5695.1505539780965,1:4:1:2:2:3:2:0:1,2:4:0:3:3:1:1:1:2
0:3:0:1:1:3:3:1:0:,recombination,4251.430031283876,1:4:0:1:1:2:3:1:1,0:3:1:1:1:3:3:0:0
1:4:0:3:3:1:1:0:1:,recombination,4009.3529942693285,0:3:1:2:1:2:3:1:0,1:4:1:3:3:1:1:0:1
1:4:0:2:2:2:1:1:1:,recombination,4376.271860972476,1:4:0:3:3:2:2:0:1,1:4:1:3:3:2:1:0:1
1:4:0:3:3:1:1:0:1:,clone,3989.0197669024133,1:4:0:3:3:1:1:0:1
0:3:1:2:2:3:3:0:0:,clone,5614.567572857871,0:3:1:2:2:3:3:0:0
1:4:1:2:2:3:3:1:0:,clone,4787.17760640952,1:4:1:2:2:3:2:1:0
0:3:0:2:2:2:2:1:0:,clone,4309.794393287418,1:3:0:2:2:2:2:1:0
0:3:1:1:1:3:4:1:0:,clone,5054.810807007296,0:3:1:1:1:3:4:1:0
0:2:1:1:1:4:4:1:0:,recombination,5489.8284098478925,0:3:1:1:1:3:3:0:0,0:4:1:2:2:2:2:1:0
0:3:1:1:1:4:3:1:0:,recombination,4827.616673901863,1:4:1:2:1:3:3:1:1,0:4:1:2:2:2:2:0:0,MUTATE
1:3:0:2:1:3:3:1:0:,recombination,4671.42461435806,0:3:1:2:2:2:2:0:0,1:4:0:2:2:3:2:1:1,MUTATE
1:4:0:3:4:1:0:0:2:,recombination,4416.939370089737,1:4:0:2:2:1:2:1:2,1:4:1:3:3:0:1:0:2,MUTATE
0:2:1:0:0:4:4:1:0:,recombination,5208.948942802591,0:2:1:1:0:4:4:1:0,1:4:1:2:1:3:3:1:1,MUTATE
0:3:0:2:2:2:2:0:0:,recombination,4003.3250270191083,1:4:0:2:2:1:2:1:2,0:4:1:2:2:1:2:0:0
0:3:0:2:2:2:3:1:0:,recombination,4666.388814461744,1:4:1:1:1:2:3:1:0,1:4:0:2:2:2:2:1:0
1:4:1:2:1:3:2:1:1:,clone,4286.880831907304,1:4:1:2:1:3:2:1:1
0:3:1:1:0:4:4:1:0:,clone,4849.393860147915,0:3:1:1:0:4:4:1:0
1:3:1:1:1:3:3:1:0:,clone,4924.746827163276,1:4:1:1:1:3:3:1:0
0:3:1:1:1:3:4:1:0:,clone,5045.935928633099,0:3:1:1:1:3:4:1:0
0:4:1:1:1:3:4:1:0:,clone,5054.091183294463,0:3:1:1:1:3:4:1:0
2:4:0:3:3:2:1:0:2:,clone,4607.379059410661,2:4:0:3:3:2:1:0:2
0:3:1:1:1:2:3:1:0:,clone,4074.2934800995076,0:3:1:1:1:2:2:1:0
0:3:1:1:1:3:4:1:0:,recombination,4749.027044729218,1:3:0:2:1:3:3:1:0,0:3:1:2:2:2:2:1:0
0:3:1:1:1:2:2:0:0:,recombination,4054.505158581015,1:4:1:2:2:2:3:1:1,0:3:1:1:1:2:3:1:0,MUTATE
0:3:1:2:2:1:2:0:0:,clone,4131.271856358276,0:4:1:2:2:1:1:0:0
1:4:0:2:1:3:3:1:0:,clone,4917.542733333228,1:4:1:2:1:3:3:1:0
0:3:1:1:0:3:4:1:0:,recombination,4810.403871219823,0:4:1:1:1:2:3:1:0,0:3:1:2:1:3:3:1:0,MUTATE
1:4:1:2:2:0:1:0:1:,clone,3971.58870126522,1:4:1:2:2:1:2:0:1
1:4:1:3:4:1:1:0:2:,recombination,4933.624758048002,1:4:0:2:2:1:2:1:2,2:4:1:3:4:0:0:0:2
0:4:1:1:1:2:3:1:0:,clone,4200.773084851221,0:4:1:1:1:2:3:1:0
0:3:0:2:2:2:2:1:0:,clone,4282.786034745768,0:3:0:2:2:2:2:1:0
1:4:1:2:1:2:3:1:1:,recombination,4419.836571510504,0:4:1:2:2:2:2:0:0,0:4:1:2:1:2:3:1:0
0:4:1:2:2:2:3:1:0:,clone,4831.673495712558,0:3:1:2:2:2:3:1:0
0:3:1:1:1:3:4:1:0:,clone,4672.908300501174,0:4:1:1:1:3:4:1:0
0:4:1:1:1:3:4:1:0:,clone,5022.041790952804,0:4:1:1:1:3:4:1:0
1:4:1:1:1:3:4:1:0:,recombination,5421.472889776051,1:4:0:2:1:2:3:1:1,0:3:1:2:1:2:3:0:0
0:3:1:2:1:3:2:1:0:,recombination,4282.4946344289165,0:3:1:2:1:3:3:1:0,1:4:1:2:1:3:3:1:1
0:3:1:2:2:2:3:1:0:,clone,4829.119522734134,0:3:1:2:2:2:3:1:0
1:4:0:3:3:1:2:1:1:,recombination,4904.848098868159,1:3:0:2:2:2:2:1:0,1:4:0:3:3:2:2:0:1,MUTATE
0:3:1:1:1:2:3:1:0:,recombination,4040.5197592816075,0:4:1:2:1:2:3:1:0,0:4:1:2:2:2:2:0:0
0:3:1:1:0:3:4:1:0:,recombination,4724.978963549087,1:4:1:1:1:3:3:1:0,1:4:1:3:4:0:1:0:1,MUTATE
1:3:0:2:1:2:3:1:0:,recombination,4543.125489952698,1:3:0:2:1:3:2:1:0,1:3:0:1:1:3:3:1:0,MUTATE
1:4:1:1:1:3:3:1:1:,recombination,4275.627269184614,1:3:0:2:1:3:3:1:0,1:4:1:1:1:2:3:0:1,MUTATE
0:3:0:2:1:2:2:1:0:,clone,4337.174894591399,0:3:0:2:2:2:2:1:0
1:4:1:2:2:0:1:0:1:,clone,3908.3209062055976,1:4:1:2:2:0:1:0:1
1:4:1:3:4:0:0:0:1:,recombination,4629.562032028617,1:4:0:2:2:3:3:1:1,1:4:1:3:4:0:1:0:1,MUTATE
0:4:1:2:1:2:2:1:0:,recombination,4242.530129209777,0:4:1:2:2:2:2:0:0,0:4:1:2:2:2:3:0:0
1:4:0:2:1:3:3:1:0:,clone,4864.9934461208195,1:4:0:2:1:3:3:1:0
0:3:0:1:1:3:3:1:0:,clone,4172.564210158543,0:3:0:2:1:2:2:1:0
0:2:0:1:0:3:3:1:0:,recombination,4254.630696576559,0:3:1:2:1:3:3:0:0,1:3:0:2:1:2:3:1:0
0:3:0:2:1:2:2:1:0:,clone,4282.786034745768,0:3:0:2:1:2:2:1:0
1:4:0:2:2:3:2:0:1:,clone,4894.7018027409995,1:4:0:2:2:3:2:0:1
0:3:0:1:0:4:4:1:0:,recombination,4901.5789552807055,1:4:0:1:1:2:3:1:1,0:3:1:1:1:4:4:1:0,MUTATE
0:3:1:1:0:3:4:1:0:,recombination,4560.294020229624,1:4:1:1:1:3:3:1:0,1:4:1:2:1:2:3:1:1,MUTATE
1:4:0:1:1:3:3:1:0:,recombination,4263.644716374023,0:4:1:1:1:3:3:1:0,1:4:1:2:2:1:1:0:1,MUTATE
0:4:1:3:3:1:2:0:0:,clone,4845.923994850186,0:4:1:3:3:1:2:0:0
0:2:1:1:0:3:4:1:0:,clone,5470.871141997031,0:2:1:1:0:3:4:1:0
0:3:0:2:1:2:2:1:0:,clone,4102.367041370422,0:3:0:2:1:2:2:1:0
0:3:0:1:1:4:3:1:0:,clone,4973.831194297985,0:3:0:1:1:4:3:1:0
0:3:0:1:1:2:3:1:0:,recombination,4266.9721861759535,1:3:0:2:1:2:3:1:0,1:4:0:3:3:1:1:1:2
0:2:1:1:0:3:4:1:0:,clone,5459.623936572814,0:2:1:1:0:3:4:1:0
0:3:1:0:0:4:4:1:0:,clone,4662.433633093557,0:3:1:0:0:4:4:1:0
1:4:0:2:2:3:3:0:1:,recombination,5541.462993797511,0:3:1:1:1:3:3:0:0,1:4:0:3:3:2:2:0:2
0:2:1:1:1:3:4:1:0:,clone,5707.888998187993,0:2:1:1:1:3:4:1:0
1:4:0:2:1:3:3:0:1:,clone,5364.119961644771,1:4:0:2:1:3:3:0:1
0:3:0:1:0:3:4:1:0:,recombination,5221.781323956023,0:3:1:2:2:2:2:1:0,1:4:0:2:1:3:3:1:0,MUTATE
1:4:0:1:1:3:4:1:1:,recombination,5011.702412820064,1:4:0:2:1:2:3:1:1,1:4:0:3:3:1:1:1:2,MUTATE
0:2:0:1:0:3:4:1:0:,recombination,4753.782754793741,1:3:0:2:2:2:2:1:0,0:3:1:2:2:2:2:1:0,MUTATE
0:2:1:1:1:3:3:1:0:,clone,5357.3423520577335,0:2:1:1:1:3:4:1:0
0:3:0:1:1:3:2:1:0:,clone,4076.7467915540788,0:3:0:2:1:2:2:1:0
1:4:0:2:1:3:3:1:0:,recombination,4766.349570661854,1:4:0:3:2:1:2:0:1,1:3:0:2:1:3:3:1:0
0:4:1:1:1:4:4:1:0:,recombination,5973.191121381601,1:4:1:1:1:3:3:1:0,1:4:1:2:2:3:2:1:1
1:4:0:1:1:3:2:1:0:,recombination,4104.395239624882,1:4:1:1:1:2:2:1:1,1:3:0:2:2:2:2:1:0
0:4:1:2:2:2:3:1:0:,recombination,4828.157743728941,1:4:1:2:1:2:2:1:1,1:3:0:2:2:2:2:1:0,MUTATE
0:3:1:0:0:4:4:1:0:,clone,4644.464818939941,0:3:1:0:0:4:4:1:0
0:3:0:1:1:2:2:1:0:,recombination,4094.9518350028748,1:3:0:2:2:2:2:1:0,1:4:0:2:2:2:2:0:2
0:4:1:2:1:3:3:1:0:,recombination,4593.34128411335,0:4:1:2:2:1:2:0:0,1:4:1:2:2:2:2:1:1,MUTATE
0:3:1:1:0:3:4:0:0:,clone,6712.190197150777,0:3:1:1:0:3:4:0:0
1:4:0:2:2:2:3:1:0:,clone,4658.787472347452,1:4:0:2:2:2:3:1:0
0:2:1:1:1:4:4:1:0:,recombination,5402.731714239477,0:4:1:2:2:2:2:0:0,0:3:1:2:1:3:3:1:0
0:2:0:1:0:4:4:1:0:,recombination,5651.99387210039,1:4:0:3:3:1:1:0:1,0:2:1:0:0:4:4:1:0,MUTATE
0:3:1:1:0:4:4:1:0:,recombination,4699.136158998892,0:4:1:2:2:2:3:1:0,1:3:0:1:1:3:3:1:0
0:3:1:0:0:4:4:2:0:,clone,4644.464818939941,0:3:1:0:0:4:4:2:0
0:3:0:1:1:3:3:1:0:,clone,4163.417035888394,0:3:0:1:1:3:2:1:0
0:3:1:1:1:4:3:1:0:,recombination,4636.724729076961,0:3:1:1:1:3:4:1:0,1:4:1:1:1:3:3:1:1
0:2:1:0:0:4:4:1:0:,recombination,4968.944997387056,0:3:1:1:1:3:4:1:0,0:3:1:1:1:2:3:1:0
0:2:1:1:0:3:4:1:0:,clone,5385.284933937216,0:2:1:1:0:3:4:1:0
0:3:0:1:1:3:3:1:0:,recombination,4035.8511315673745,0:2:1:1:0:4:4:1:0,0:3:0:2:1:2:2:1:0
0:2:1:1:1:3:3:1:0:,clone,4650.67779620115,0:2:1:1:1:3:3:1:0
1:4:1:2:1:3:3:0:1:,clone,4641.475237485884,1:4:1:2:1:3:3:0:1
0:2:1:1:1:3:4:1:0:,clone,5190.207793805255,0:2:1:1:1:3:3:1:0
0:2:1:1:0:3:4:1:0:,clone,5032.547229397839,0:2:1:1:1:3:3:1:0
0:2:1:0:0:4:4:1:0:,clone,4835.500395371787,0:2:1:1:0:4:4:1:0
0:2:1:0:0:4:4:1:0:,recombination,4519.093914745589,1:4:0:2:2:2:2:0:1,0:3:1:0:0:4:4:2:0,MUTATE
0:3:1:0:0:4:4:2:0:,clone,4611.635726359355,0:3:1:0:0:4:4:1:0
1:4:0:2:2:1:1:1:1:,recombination,4379.711205352893,0:3:0:2:2:2:2:1:0,2:4:1:4:4:0:0:0:2,MUTATE
0:2:1:1:0:4:4:1:0:,recombination,4952.041812345362,1:4:0:2:2:3:3:1:1,0:3:1:1:1:2:3:1:0
0:2:1:1:1:4:4:1:0:,recombination,5210.066693124146,0:4:1:2:2:2:2:0:0,1:4:0:1:1:2:3:1:1,MUTATE
0:3:0:1:0:4:4:1:0:,recombination,4532.7007860332005,1:4:0:3:3:1:1:0:2,0:3:1:1:0:3:4:1:0
0:2:1:0:0:4:4:2:0:,recombination,4845.732595693126,1:3:0:1:1:2:3:1:0,0:2:1:0:0:4:4:1:0
0:2:1:0:0:4:4:1:0:,clone,4468.296008011388,0:2:1:0:0:4:4:1:0
0:3:0:1:0:3:4:1:0:,recombination,4625.668277884902,1:4:1:1:1:3:3:1:0,0:3:0:1:1:2:3:1:0
0:3:0:1:0:4:4:2:0:,clone,4640.868619136875,0:3:0:1:0:4:4:2:0
0:2:1:1:0:3:4:1:0:,recombination,4790.812578869483,0:2:1:1:0:3:4:1:0,0:4:1:2:2:2:2:0:0
0:2:1:1:1:3:3:1:0:,recombination,4408.943145672794,0:2:1:1:1:3:3:1:0,0:4:1:2:2:2:2:1:0
0:3:1:1:0:4:4:1:0:,clone,4605.621982671733,0:2:1:1:0:4:4:1:0
0:2:1:1:1:3:4:1:0:,clone,5003.052949253935,0:2:1:1:1:3:4:1:0
1:4:0:1:1:2:3:1:0:,recombination,4953.021159350748,1:4:0:2:1:2:3:0:1,0:3:0:1:0:3:4:1:0
0:3:1:1:1:4:3:1:0:,recombination,4630.864152361772,1:4:1:2:2:3:3:1:0,0:3:1:1:0:3:4:1:0
0:2:1:1:1:3:4:1:0:,recombination,4916.758242575654,0:4:1:2:2:2:2:0:0,0:3:1:1:1:3:3:0:0
0:2:0:0:0:4:4:2:0:,recombination,4587.08237858379,0:3:1:1:1:3:3:1:0,1:3:0:1:1:2:3:1:0
0:2:1:1:1:3:4:1:0:,clone,4743.3914926024445,0:2:1:1:1:3:3:1:0
0:3:0:1:0:4:4:2:0:,clone,4515.399528655235,0:3:0:1:0:4:4:2:0
0:4:1:2:1:2:3:0:0:,recombination,4538.444002190488,0:3:1:2:2:2:3:0:0,0:3:1:2:2:1:1:0:0,MUTATE
0:3:0:1:1:3:3:1:0:,recombination,3981.4569745699064,0:3:0:1:1:3:3:1:0,0:4:1:2:2:3:3:0:0,MUTATE
0:3:0:1:0:4:4:1:0:,recombination,4515.399528655235,0:3:1:1:1:3:3:0:0,0:3:1:1:1:3:4:1:0
0:3:1:1:0:3:3:1:0:,recombination,4101.455221100432,0:3:0:1:1:3:3:1:0,1:4:0:2:2:2:2:0:2,MUTATE
0:2:1:0:0:3:4:1:0:,recombination,4757.44376657146,1:4:0:2:2:2:3:1:0,0:3:1:1:1:3:3:1:0
0:2:1:1:0:4:4:2:0:,recombination,4785.700531954743,0:3:1:1:1:3:4:1:0,1:4:0:1:1:3:3:1:1,MUTATE
1:4:0:2:1:2:3:1:0:,recombination,4986.620874601773,1:4:0:3:3:1:1:1:2,1:4:1:2:2:3:3:1:0
1:4:1:1:1:2:3:1:0:,clone,4160.013579136613,1:4:1:2:1:2:2:1:1
0:3:0:1:1:3:4:1:0:,recombination,5176.562096190714,1:4:0:3:2:1:2:0:1,1:4:0:3:2:2:2:1:1,MUTATE
0:2:1:1:0:3:4:1:0:,recombination,4773.908601087395,0:3:1:1:1:3:4:1:0,0:4:1:2:2:2:2:0:0,MUTATE
0:3:0:1:1:2:3:1:0:,clone,3957.307349202355,0:3:0:1:1:2:3:1:0
0:3:1:1:0:4:4:2:0:,recombination,5093.80598668804,1:3:0:1:1:2:3:1:0,0:4:1:3:2:2:2:0:0
0:2:1:1:0:4:4:1:0:,clone,4491.8063271686315,0:2:1:1:0:4:4:1:0
0:3:0:1:1:3:3:2:0:,recombination,4665.041165490694,1:4:0:3:3:1:1:0:2,1:4:1:2:1:2:3:1:0,MUTATE
0:3:1:1:1:4:4:1:0:,recombination,4894.633556642309,1:4:1:2:1:2:2:0:1,0:3:1:1:1:2:3:0:0
0:2:1:0:0:3:4:1:0:,clone,4406.001122622461,0:2:1:0:0:3:4:1:0
0:3:0:1:0:3:4:2:0:,recombination,4797.533094227179,0:2:1:1:0:4:4:2:0,1:4:0:2:2:3:2:0:1
0:2:0:1:0:4:4:2:0:,clone,5367.173567048294,0:2:1:1:0:4:4:1:0
0:3:0:1:1:4:3:1:0:,recombination,4758.949336888045,0:3:0:1:1:4:3:1:0,0:3:0:1:1:3:2:1:0,MUTATE
1:4:0:1:1:2:3:1:0:,recombination,4280.906797131806,0:3:0:1:1:3:3:1:0,1:4:0:3:3:1:2:0:1
0:3:1:1:0:4:4:2:0:,clone,4995.49941715522,0:3:1:1:0:4:4:2:0
0:2:1:0:0:4:4:2:0:,recombination,4837.057202046526,0:3:0:1:0:3:4:2:0,0:2:1:0:0:4:4:1:0
0:2:1:1:0:4:4:2:0:,clone,4528.3834834717845,0:2:1:1:0:4:4:2:0
0:3:1:1:0:3:4:1:0:,recombination,4204.141672948339,0:2:1:0:0:3:4:1:0,1:4:1:2:2:3:2:1:1
0:3:1:1:0:3:4:2:0:,clone,4785.288293842217,0:3:1:1:0:3:4:2:0
1:4:0:1:0:4:4:1:0:,recombination,5231.597529707986,1:4:0:2:2:1:1:0:2,1:4:1:2:1:2:3:0:1
0:2:0:1:0:4:4:2:0:,clone,4894.636619853873,0:3:0:1:1:3:3:2:0
0:2:1:1:0:3:4:1:0:,recombination,4443.757515398477,0:3:1:1:0:3:4:1:0,1:4:0:2:2:3:3:1:1
1:4:0:2:2:2:3:1:1:,recombination,4682.021973482705,1:4:1:2:1:3:3:1:1,0:3:0:2:2:2:2:1:0,MUTATE
1:4:1:3:4:1:1:0:1:,clone,5035.32298984752,1:4:1:3:3:1:1:0:1
0:3:1:1:0:3:4:2:0:,clone,4480.817275239857,0:3:1:1:0:3:4:2:0
0:2:0:0:0:4:4:2:0:,clone,4330.224385057089,0:2:0:0:0:4:4:2:0
0:3:1:1:0:4:4:2:0:,recombination,4744.568009165957,0:3:1:1:1:2:3:1:0,0:4:1:2:2:2:2:0:0,MUTATE
0:3:0:1:0:3:4:2:0:,recombination,4766.347804851926,1:3:0:1:1:3:3:2:0,0:3:1:1:1:3:4:1:0,MUTATE
0:2:1:0:0:3:4:1:0:,clone,4393.064879531888,0:2:1:0:0:3:4:1:0
0:3:1:2:2:3:2:1:0:,clone,4926.052910094509,0:4:1:2:2:2:2:1:0
0:2:0:1:0:3:4:2:0:,clone,4595.594490890707,0:2:1:1:0:4:4:2:0
0:3:0:0:0:4:4:2:0:,clone,4766.304092729209,0:3:0:0:0:4:4:2:0
0:3:0:1:1:3:3:2:0:,recombination,4665.041165490692,2:4:0:2:2:1:2:0:2,0:3:0:1:1:3:3:2:0
0:2:1:0:0:4:4:2:0:,recombination,4744.992861391341,0:2:1:0:0:4:4:2:0,0:3:1:1:0:4:4:1:0,MUTATE
0:3:1:0:0:4:4:2:0:,recombination,4473.501084447246,1:4:0:2:1:3:2:1:1,1:4:0:1:1:3:3:1:0,MUTATE
0:2:1:0:0:4:4:2:0:,clone,4254.523033866558,0:2:1:0:0:4:4:2:0
1:4:0:1:1:3:3:1:0:,recombination,4188.144360331594,1:4:1:2:1:2:3:1:0,1:4:0:3:3:0:1:0:1,MUTATE
0:2:1:0:0:4:4:2:0:,recombination,4159.965881866251,1:4:0:1:1:2:3:1:1,0:3:1:1:1:3:4:1:0
0:3:1:1:1:2:3:1:0:,recombination,4034.6845892803676,0:4:1:2:2:1:2:0:0,1:3:0:1:1:2:3:1:0,MUTATE
0:3:1:2:1:2:3:0:0:,clone,4593.585799926266,0:3:1:2:2:2:2:0:0
0:3:1:0:0:4:4:1:0:,recombination,4481.023329695272,0:2:1:0:0:4:4:2:0,1:4:1:2:1:2:3:0:1,MUTATE
0:3:1:1:1:3:3:1:0:,recombination,4160.013579136613,1:4:1:1:1:2:3:1:0,1:4:1:2:2:1:1:0:1,MUTATE
0:3:1:1:0:4:4:1:0:,clone,4563.100649847908,0:3:1:1:0:4:4:1:0
0:3:0:1:1:4:4:1:0:,clone,5182.443593766343,0:3:0:1:1:4:3:1:0
1:4:0:2:2:3:2:1:1:,clone,4288.524356530715,1:4:0:2:2:3:2:1:1
0:4:1:2:2:2:3:1:0:,clone,4669.573298842607,0:4:1:2:1:3:3:1:0
0:3:1:2:1:3:3:1:0:,recombination,4767.174243243373,0:4:1:2:1:2:3:1:0,0:3:1:1:1:2:3:1:0,MUTATE
0:3:1:1:1:4:3:1:0:,clone,4582.144424550328,0:3:1:1:1:4:3:1:0
0:3:1:1:1:3:3:1:0:,clone,4120.83071699609,0:3:1:1:1:3:3:1:0
1:4:1:1:1:3:3:0:1:,recombination,5287.891652844221,1:4:1:2:2:3:3:0:1,1:4:0:3:2:2:2:1:1
0:2:0:1:1:3:3:1:0:,recombination,4546.926922501033,0:3:0:2:2:2:2:1:0,0:3:0:2:1:2:2:1:0,MUTATE
0:2:1:0:0:4:4:1:0:,clone,4278.610914641157,0:3:1:1:0:4:4:1:0
0:3:1:1:1:3:3:2:0:,recombination,4353.681053147358,0:4:1:1:1:2:2:0:0,1:4:0:2:2:3:2:1:1,MUTATE
0:3:1:1:1:4:3:1:0:,clone,4532.082900257285,0:3:1:1:1:4:3:1:0
1:4:1:3:4:0:0:0:1:,clone,4608.684971697736,1:4:1:3:4:0:0:0:2
0:3:0:1:1:4:4:1:0:,clone,5150.588735908743,0:3:0:1:1:4:4:1:0
0:3:1:1:1:4:4:1:0:,clone,4884.02061841683,0:3:1:1:0:4:4:1:0
0:3:1:1:1:4:3:1:0:,clone,4495.505743954131,0:3:1:1:1:4:3:1:0
0:3:0:1:0:3:4:1:0:,recombination,4366.792097679359,2:4:0:3:3:1:1:1:2,0:2:0:0:0:4:4:2:0,MUTATE
0:2:1:1:1:4:3:1:0:,recombination,5012.620301326107,0:4:1:3:3:1:1:0:0,1:3:0:2:1:2:3:1:0,MUTATE
1:4:1:2:2:1:2:1:1:,clone,3928.2465770911867,1:4:1:2:2:1:2:1:1
0:2:1:0:0:3:4:1:0:,recombination,4256.545821725025,1:4:1:3:3:1:1:0:1,0:3:1:1:0:4:4:1:0,MUTATE
0:2:0:1:0:3:4:1:0:,clone,4678.2569446360085,0:2:0:1:0:3:4:1:0
0:3:1:1:1:3:3:1:0:,recombination,4032.34152536262,1:4:0:2:2:1:1:0:1,1:4:0:2:2:1:2:1:1
0:2:0:1:0:4:4:1:0:,recombination,5564.751274035746,1:4:0:3:3:2:2:0:2,1:4:0:2:2:2:3:1:1
0:3:1:1:1:4:4:1:0:,clone,4795.04018424902,0:3:1:1:1:4:4:1:0
1:4:0:3:3:1:0:0:1:,clone,4392.284766463693,1:4:0:3:3:1:0:0:1
0:3:1:1:1:4:4:1:0:,clone,4672.404322376364,0:3:1:1:1:4:4:1:0
0:2:1:1:1:3:3:1:0:,recombination,4386.359266047065,0:3:1:1:1:3:4:1:0,1:4:0:2:2:1:1:0:1,MUTATE
1:4:0:4:4:0:0:0:2:,clone,4582.28506097265,0:4:1:2:2:2:2:1:0
0:3:0:1:1:4:4:1:0:,recombination,5116.694970109373,0:2:1:1:1:3:3:1:0,1:4:1:2:1:3:3:1:1,MUTATE
1:3:0:2:1:3:3:1:0:,recombination,4622.921851905987,1:4:1:2:1:3:3:1:1,1:3:0:2:2:2:3:1:0
0:2:1:1:1:3:3:2:0:,clone,4864.627992902299,0:2:1:1:1:3:3:1:0
0:1:1:0:0:4:4:2:0:,recombination,4763.761440828072,0:3:1:1:0:3:4:1:0,0:2:0:1:0:3:4:1:0,MUTATE
1:4:0:2:2:2:2:1:2:,clone,4607.379059410661,2:4:0:2:2:2:2:1:2
0:4:1:2:1:1:2:1:0:,clone,3897.3105813485818,1:4:1:2:2:1:2:0:1
0:3:1:1:1:2:3:1:0:,recombination,3950.6444064879806,0:3:1:2:1:2:3:1:0,1:4:1:2:2:1:2:1:1,MUTATE
0:4:1:1:1:2:2:1:0:,recombination,4133.4383982090185,0:3:1:1:1:2:3:1:0,1:4:1:2:2:2:1:0:1
0:3:1:2:2:2:3:1:0:,recombination,4790.250303918252,1:4:0:3:3:1:1:0:1,0:3:1:2:2:1:2:0:0
2:4:0:4:4:1:0:0:2:,clone,4739.246867608652,2:4:0:4:4:0:0:0:2
0:2:1:1:0:3:4:1:0:,recombination,4097.686403950744,0:3:1:1:1:2:3:1:0,0:2:1:0:0:4:4:1:0,MUTATE
0:2:0:1:0:3:4:1:0:,clone,4261.75918417157,0:2:0:1:0:3:4:1:0
0:2:1:1:0:4:3:1:0:,recombination,4404.4358894685565,0:3:0:1:0:4:4:1:0,1:3:0:1:1:2:3:1:0,MUTATE
1:4:0:3:4:1:1:0:2:,recombination,4739.246867608652,1:4:1:2:1:2:3:1:0,2:4:0:4:4:1:0:0:2,MUTATE
0:3:1:1:1:3:3:1:0:,recombination,4002.6813978722657,0:3:1:1:1:3:3:1:0,0:3:1:1:1:3:3:1:0,MUTATE
0:1:1:0:0:4:4:1:0:,recombination,5532.9043244884115,1:3:0:2:2:2:2:1:0,1:4:1:2:2:2:2:0:1
0:1:1:0:0:4:4:1:0:,recombination,5254.705752754436,0:3:1:1:0:3:4:1:0,0:3:1:1:1:3:4:1:0,MUTATE
0:3:1:2:2:3:3:0:0:,recombination,5432.061117126243,0:4:1:3:2:2:2:0:0,0:3:1:1:0:4:4:0:0,MUTATE
0:3:1:1:1:3:4:1:0:,recombination,4641.331481508423,1:4:0:2:2:3:3:1:1,1:4:1:2:1:2:2:1:1
0:4:1:1:1:2:3:1:0:,clone,4085.3332827703084,0:4:1:1:1:2:3:1:0
0:2:0:1:0:3:4:1:0:,clone,4223.963919582435,0:2:1:1:0:3:4:1:0
1:4:1:1:1:2:3:1:0:,clone,3946.0107753220736,1:4:1:1:1:2:3:1:0
0:4:1:1:1:2:3:1:0:,clone,4020.754242177208,1:4:1:1:1:2:3:1:0
1:4:1:1:1:2:3:1:1:,clone,4014.9974219631986,1:4:1:1:1:2:3:1:0
1:4:1:1:1:2:3:1:1:,clone,4013.42513120202,1:4:1:1:1:2:3:1:0
0:3:0:1:1:3:3:2:0:,recombination,4549.516431083644,0:3:1:1:1:3:3:2:0,0:3:1:2:2:3:2:1:0
0:3:1:1:1:3:3:1:0:,clone,4002.681397872265,0:3:1:1:1:3:3:1:0
0:3:1:1:0:4:4:1:0:,recombination,4314.14420385881,0:4:1:1:1:3:4:1:0,1:4:0:2:2:1:1:0:1
0:3:1:1:1:3:3:1:0:,recombination,4001.7080424920446,0:3:1:1:0:3:3:1:0,0:3:1:1:1:2:3:1:0
1:4:1:1:1:2:3:1:0:,clone,3918.481683501586,1:4:1:1:1:2:3:1:0
0:3:1:1:1:3:3:1:0:,clone,3990.7944663248504,0:3:1:1:1:3:3:1:0
0:3:1:1:1:2:3:1:0:,clone,3936.0378412202176,0:3:1:1:1:3:3:1:0
0:2:0:0:0:4:4:1:0:,recombination,5104.189687514452,0:3:1:2:2:2:3:1:0,0:2:0:1:0:4:4:1:0,MUTATE
1:4:1:1:1:3:3:0:1:,clone,4717.0020831815455,1:4:1:1:1:3:3:1:1
0:2:1:1:0:3:4:2:0:,recombination,4563.366685978171,0:3:1:2:2:2:2:1:0,1:4:1:2:2:0:1:0:1
0:3:1:2:1:3:3:1:0:,clone,4758.710982552398,0:3:1:2:2:3:3:1:0
1:4:1:4:4:0:0:0:2:,clone,4582.28506097265,1:4:0:4:4:0:0:0:2
0:4:0:2:2:3:3:1:0:,recombination,5448.850531397372,0:4:1:3:3:1:2:0:0,1:4:0:2:1:3:2:1:1
0:4:1:1:1:2:3:1:0:,recombination,3957.4864471175856,0:4:1:1:1:2:3:1:0,0:3:1:2:1:2:3:1:0,MUTATE
0:3:1:1:0:4:4:1:0:,clone,4115.125776299791,0:3:1:1:0:4:4:1:0
1:4:1:1:1:2:2:1:0:,clone,3800.4572633373305,1:4:1:1:1:2:2:1:0
0:4:1:1:1:2:2:1:0:,clone,3772.4972976689633,1:4:1:1:1:2:2:1:0
1:4:0:2:2:3:2:1:0:,clone,4560.002185137085,1:4:0:2:2:3:2:1:1
0:2:1:0:0:3:4:2:0:,recombination,4924.9528247112075,0:2:1:1:1:3:4:1:0,0:4:1:2:2:1:2:0:0
0:3:1:1:1:2:3:1:0:,clone,3872.770046160595,0:3:1:1:1:2:3:1:0
0:3:1:1:0:3:4:1:0:,clone,4120.83071699609,0:3:1:1:0:3:4:1:0
0:2:1:1:1:4:4:1:0:,recombination,5104.211442871838,0:2:1:1:1:4:3:1:0,0:4:1:1:1:3:4:1:0
0:2:0:1:0:4:4:1:0:,recombination,5224.832400416444,1:4:1:2:2:2:3:0:1,0:3:0:1:1:3:2:1:0
0:2:0:1:1:3:4:1:0:,recombination,5287.4008909214035,0:3:0:1:1:3:3:1:0,0:4:1:2:1:2:3:1:0,MUTATE
1:4:1:4:4:0:0:0:2:,recombination,4394.373629576952,1:4:1:2:2:3:3:0:1,1:4:1:3:3:1:2:0:1
0:4:1:2:2:1:2:1:0:,recombination,4534.491571638447,1:4:0:2:1:3:3:1:0,0:3:1:2:2:1:2:0:0,MUTATE
1:4:0:2:1:3:3:1:1:,clone,4471.1276294460895,1:4:0:2:1:2:3:1:1
1:4:0:2:2:3:3:1:0:,recombination,5151.1752752468665,0:4:1:3:2:1:2:0:0,1:3:0:2:1:3:3:1:0,MUTATE
0:2:1:1:1:3:4:1:0:,recombination,4631.973029391497,1:4:0:2:1:2:2:1:1,0:3:1:1:1:2:3:1:0
0:3:1:1:1:4:3:1:0:,clone,4207.202453645714,0:3:1:1:0:4:4:1:0
0:4:1:1:0:4:4:1:0:,clone,6333.425716669631,0:4:1:1:0:4:4:1:0
0:4:1:3:2:2:2:0:0:,clone,5716.415759569164,0:4:1:2:2:2:2:0:0
0:3:1:0:0:3:4:1:0:,clone,4120.83071699609,0:3:1:0:0:3:4:1:0
0:4:1:2:1:3:3:1:0:,clone,4542.435372669087,0:4:1:2:1:3:3:1:0
1:4:1:2:2:3:2:1:0:,clone,4693.723432134902,1:4:1:2:2:3:2:1:0
0:3:1:2:1:3:3:1:0:,clone,4622.938960826647,0:4:1:2:1:3:3:1:0
1:4:0:3:4:0:0:0:1:,recombination,4271.723441009177,1:4:0:3:3:1:2:0:1,1:4:1:4:4:0:0:0:2,MUTATE
0:3:1:2:2:2:2:1:0:,recombination,4081.861832340158,0:3:1:2:1:3:3:0:0,0:3:1:2:2:2:3:1:0
0:2:1:1:0:4:4:1:0:,recombination,4146.6684177729,1:4:0:3:3:2:2:0:2,0:3:1:1:1:3:3:1:0,MUTATE
0:2:1:1:0:4:4:1:0:,clone,4135.2138728234595,0:2:1:1:0:4:4:1:0
1:4:0:4:4:0:0:0:1:,clone,4583.285952337692,1:4:1:4:4:0:0:0:1
0:3:0:2:2:3:3:1:0:,recombination,5266.310141695471,0:4:0:2:2:3:3:1:0,0:3:1:1:1:2:3:1:0,MUTATE
0:2:1:1:1:4:3:1:0:,recombination,4970.422792529991,0:3:1:1:1:3:3:0:0,1:4:0:1:1:3:4:1:1
0:3:1:1:1:3:4:0:0:,recombination,5032.575341896766,2:4:0:2:2:1:2:1:2,0:3:1:1:0:4:4:0:0,MUTATE
0:2:0:1:0:4:4:1:0:,clone,4982.857922140656,0:3:0:1:0:4:4:1:0
0:2:1:0:0:4:4:1:0:,clone,4105.879563137101,0:2:1:1:0:3:4:1:0
1:4:1:1:1:4:4:1:0:,recombination,5644.2343411039665,1:4:1:2:1:3:3:1:0,2:4:0:3:3:1:1:0:2
0:3:1:2:2:2:2:1:0:,clone,3956.331735768938,0:3:1:2:2:2:2:1:0
0:3:0:2:2:3:3:1:0:,recombination,4894.7018027409995,2:4:0:4:4:1:1:0:2,1:4:0:2:2:3:2:0:1,MUTATE
1:4:1:1:1:3:3:0:1:,clone,4666.812362429573,1:4:1:1:1:3:3:0:1
0:2:0:1:1:4:4:1:0:,recombination,5112.164494409507,1:4:1:2:2:2:3:1:1,0:3:1:1:1:3:3:0:0
1:4:0:4:4:0:0:0:1:,clone,4433.489295076267,1:4:0:4:4:0:0:0:1
0:2:1:1:1:2:3:1:0:,recombination,4303.152660452518,0:1:1:0:0:4:4:1:0,0:4:1:3:3:0:1:0:1,MUTATE
0:3:1:1:0:4:4:2:0:,recombination,4660.871113120044,1:4:0:3:3:1:1:0:1,0:4:1:1:1:2:3:1:0,MUTATE
0:3:1:1:0:3:4:0:0:,clone,5032.575341896766,0:3:1:1:1:3:4:0:0
1:4:0:1:1:4:3:1:0:,recombination,5090.256267640877,1:4:0:3:3:2:2:1:2,1:4:1:2:3:1:1:0:1
0:3:1:2:1:2:3:0:0:,recombination,4437.272917387019,1:4:1:3:3:0:0:0:1,0:4:1:1:1:3:3:0:0,MUTATE
0:3:0:1:1:4:3:1:0:,recombination,4702.83177389341,1:4:1:2:2:2:3:1:1,1:4:0:3:3:1:2:1:1
1:4:1:1:1:4:3:1:1:,recombination,5430.102262477466,1:4:1:2:1:3:3:1:1,1:4:1:1:1:4:3:1:0
0:3:1:1:0:4:4:2:0:,clone,4660.871113120043,0:3:1:1:0:4:4:2:0
0:2:1:0:0:4:4:2:0:,recombination,3954.6672880817655,0:1:1:0:0:4:4:2:0,0:2:1:0:0:4:4:1:0,MUTATE
0:2:1:0:0:4:4:1:0:,clone,3933.439741763822,0:2:1:0:0:4:4:1:0
0:2:1:0:0:3:4:1:0:,clone,3993.8126338258835,0:2:1:0:0:3:4:1:0
1:3:0:2:2:3:3:1:0:,clone,5418.836389358467,0:4:0:2:2:3:3:1:0
0:3:1:1:0:4:4:1:0:,recombination,4060.7367326972544,0:4:1:2:2:3:3:0:0,0:3:1:1:1:4:3:1:0
0:2:1:1:1:4:4:1:0:,recombination,4909.226488071987,1:4:0:1:1:3:3:1:1,1:4:1:2:2:3:3:1:0,MUTATE
0:3:1:1:1:3:4:1:0:,recombination,4635.493750598381,1:4:0:2:2:2:2:0:1,2:4:0:2:2:1:2:0:2
0:2:1:1:1:4:4:1:0:,clone,4777.887568927766,0:2:1:1:1:4:4:1:0
1:4:1:1:1:3:4:1:0:,recombination,5217.827276479131,1:4:0:2:2:1:1:0:2,0:4:1:3:3:0:1:0:1
1:4:0:2:1:2:3:1:0:,recombination,4489.124628388067,0:2:1:0:0:4:4:2:0,1:4:0:3:3:1:1:1:1
1:4:0:3:4:1:0:0:1:,clone,4466.282051368981,1:4:0:4:4:0:0:0:1
0:1:1:0:0:4:4:2:0:,clone,4718.412400718765,0:1:1:0:0:4:4:2:0
0:2:1:1:1:4:3:1:0:,clone,4661.919621649475,0:2:1:1:1:4:4:1:0
0:2:0:1:0:4:4:2:0:,recombination,4714.448592817153,1:3:0:2:2:2:2:1:0,1:4:0:3:3:2:2:0:1,MUTATE
0:3:1:1:0:4:4:2:0:,recombination,4280.187324107982,0:3:1:1:1:4:3:1:0,0:4:1:3:3:2:2:0:0
0:2:0:1:1:3:3:1:0:,recombination,4366.709583614064,0:4:1:2:1:2:2:1:0,0:2:1:1:1:2:3:1:0,MUTATE
1:4:1:4:4:0:0:0:1:,recombination,4437.115427037901,1:4:1:3:3:1:2:0:1,1:4:1:3:3:2:1:0:1,MUTATE
0:4:1:1:0:4:4:1:0:,clone,5500.78064240887,0:4:1:1:0:4:4:1:0
0:3:1:1:0:4:4:2:0:,clone,4280.187324107981,0:3:1:1:0:4:4:2:0
0:3:0:2:1:3:3:1:0:,clone,4806.141209639044,0:3:0:2:2:3:3:1:0
0:2:1:1:0:4:4:2:0:,clone,4397.640797560874,0:2:1:1:0:4:4:2:0
2:4:0:3:4:0:1:0:2:,clone,4730.279191121154,2:4:0:3:4:0:1:0:2
1:4:1:1:1:4:4:1:0:,recombination,5430.102262477466,1:4:1:1:1:4:3:1:1,0:3:1:2:2:2:3:0:0
0:3:0:1:1:3:4:1:0:,recombination,4975.852347784779,0:3:1:2:2:3:3:0:0,0:2:0:1:1:4:4:1:0,MUTATE
1:4:0:3:3:0:0:0:1:,clone,4312.0249069781985,1:4:0:3:4:0:0:0:1
0:2:1:1:1:3:3:2:0:,recombination,4759.523444430293,1:4:0:3:3:2:2:1:1,1:4:1:2:2:2:2:0:1,MUTATE
1:4:0:3:3:0:0:0:2:,recombination,4093.214377688426,2:4:0:4:4:0:0:0:2,0:4:1:1:1:2:3:1:0
2:4:0:3:3:0:0:0:2:,recombination,4180.223201241491,1:4:0:2:2:2:3:1:1,1:4:0:3:3:0:0:0:2,MUTATE
1:4:0:3:4:1:1:0:1:,clone,4987.75712391032,1:4:0:4:4:0:0:0:1
0:2:0:0:0:4:4:1:0:,clone,4891.748175101758,0:2:1:0:0:4:4:1:0
2:4:0:3:3:0:0:0:2:,recombination,4163.054116637974,0:4:1:2:2:2:3:0:0,2:4:0:3:3:0:0:0:2,MUTATE
0:3:1:0:0:4:4:1:0:,clone,4261.867583798519,0:3:1:0:0:4:4:1:0
0:3:0:1:1:3:4:1:0:,recombination,4892.471192914951,0:4:1:2:2:2:3:1:0,1:4:0:2:2:2:2:1:2
0:3:0:1:1:3:4:1:0:,clone,4885.35259607592,0:3:0:1:1:3:4:1:0
0:4:1:2:1:2:3:1:0:,recombination,4478.288764331328,0:4:1:1:1:3:3:1:0,0:3:1:2:1:2:3:0:0
0:3:0:1:1:4:3:2:0:,clone,4938.1385691644045,0:3:0:1:1:4:3:2:0
1:4:0:3:3:0:1:0:2:,clone,4287.600672419742,1:4:0:3:3:0:0:0:2
0:2:0:1:1:2:3:1:0:,clone,4266.326126757584,0:3:1:1:1:2:3:1:0
2:4:0:4:4:0:0:0:2:,recombination,4021.1145686342634,2:4:0:4:4:0:0:0:2,1:4:1:2:2:2:2:1:0
0:3:0:1:1:3:3:2:0:,recombination,4515.980319038558,0:3:1:1:0:4:4:1:0,0:3:0:1:1:4:3:1:0,MUTATE
0:3:1:1:1:3:4:2:0:,clone,5188.069481120328,0:3:1:1:1:3:4:1:0
0:3:0:1:1:4:3:1:0:,recombination,4557.5006127526585,1:4:0:3:3:1:1:0:2,0:2:0:1:0:4:4:1:0,MUTATE
0:3:0:1:0:3:4:2:0:,recombination,4613.796405284076,0:4:1:2:2:2:3:1:0,1:4:0:2:2:1:2:1:2,MUTATE
0:3:0:1:1:4:4:2:0:,recombination,4939.322870673748,1:4:1:3:3:2:1:0:1,1:4:0:2:2:2:2:0:2
1:4:0:2:2:2:2:1:0:,recombination,4477.0946222245275,1:4:0:2:2:1:2:1:2,1:4:1:2:2:2:3:1:1,MUTATE
2:4:0:4:4:0:1:0:2:,clone,4971.741935638159,2:4:0:3:4:0:1:0:2
1:4:0:2:2:2:3:1:1:,recombination,4669.242950418185,0:4:1:2:1:2:2:1:0,1:4:1:3:3:0:1:0:2,MUTATE
0:3:1:2:2:1:2:1:0:,recombination,4314.830867442941,2:4:0:3:3:0:0:0:2,0:4:1:2:2:1:1:0:0
0:3:1:2:2:1:2:1:0:,recombination,4187.309798001492,1:4:1:2:2:3:3:1:0,0:4:1:2:2:1:1:0:0
0:4:1:1:1:4:4:1:0:,clone,5165.095278814674,0:4:1:1:1:4:3:1:0
0:3:0:0:0:4:4:1:0:,clone,4659.69021340519,0:3:0:0:0:4:4:1:0
0:3:1:2:2:1:2:1:0:,clone,4056.5106331165834,0:3:1:2:2:1:2:1:0
0:2:1:1:0:3:4:2:0:,recombination,4493.096794421234,0:3:1:2:2:2:2:1:0,1:4:0:3:3:2:2:1:1
0:1:0:0:0:4:4:2:0:,clone,4732.698994739342,0:2:1:0:0:4:4:2:0
0:3:0:1:0:4:4:2:0:,clone,4459.504424223292,0:3:0:1:1:3:3:1:0
0:3:1:1:1:4:3:2:0:,clone,4628.125170143391,0:3:1:1:1:4:3:1:0
0:3:0:0:0:4:4:2:0:,clone,4557.39727535128,0:3:0:0:0:4:4:2:0
0:1:1:0:0:4:4:2:0:,recombination,4706.390252252442,0:4:1:1:1:3:4:1:0,0:3:1:2:2:2:2:0:0
0:2:0:1:0:3:4:2:0:,recombination,4294.876038079732,0:3:1:2:2:2:2:1:0,1:4:0:3:3:2:2:0:1,MUTATE
0:4:1:2:2:1:2:1:0:,clone,4381.4381670969005,0:3:1:2:2:1:2:1:0
0:3:0:1:1:3:4:1:0:,recombination,4878.848667484143,1:4:1:2:2:1:2:0:1,1:4:0:3:3:2:1:0:2,MUTATE
0:4:0:2:2:1:2:1:0:,clone,4473.488834073859,0:4:1:2:2:1:2:1:0
0:3:0:1:0:3:3:1:0:,recombination,4372.093539966892,0:3:1:2:2:2:2:1:0,0:2:1:0:0:4:4:1:0,MUTATE
0:4:1:1:1:4:4:1:0:,recombination,5062.231109870109,1:4:1:2:2:2:3:1:1,2:4:0:2:2:1:2:0:2
0:4:0:2:1:3:3:1:0:,clone,4809.922314034092,0:4:0:2:1:3:3:1:0
0:1:1:0:0:4:4:2:0:,recombination,4657.140597551183,0:2:1:0:0:4:4:2:0,0:3:1:2:2:2:2:0:0
2:4:0:3:3:1:2:0:2:,recombination,4761.486655791237,1:4:0:3:3:2:1:0:2,2:4:0:3:3:1:2:0:2,MUTATE
0:2:1:1:1:3:3:1:0:,recombination,4364.96940401816,0:3:1:2:2:2:2:1:0,0:4:1:2:2:2:3:0:0,MUTATE
0:4:1:3:2:2:2:0:0:,clone,5631.756866041278,0:4:1:3:2:2:2:0:0
0:1:1:0:0:4:4:1:0:,clone,5233.800617595403,0:2:1:0:0:4:4:1:0
0:2:0:1:1:3:4:1:0:,clone,4987.074233786378,0:2:0:1:1:3:4:1:0
0:3:0:2:1:3:3:1:0:,clone,4733.549035168899,0:3:0:1:1:3:3:1:0
1:4:0:2:2:3:3:0:1:,recombination,5423.655772711303,1:4:0:2:1:3:3:0:1,0:3:1:2:2:2:3:0:0,MUTATE
0:2:0:1:1:3:4:1:0:,clone,4853.876515286966,0:2:0:1:1:3:4:1:0
1:4:1:2:2:3:2:0:1:,clone,5493.323994067328,1:4:1:2:2:2:2:0:1
1:4:1:3:3:1:2:1:1:,recombination,5360.870653778818,1:4:1:3:4:0:1:0:1,0:3:1:1:1:4:4:0:0,MUTATE
2:4:0:3:3:1:2:0:2:,clone,4744.787359723167,2:4:0:3:3:1:2:0:2
0:1:1:0:0:4:4:2:0:,clone,4493.977614286548,0:1:1:0:0:4:4:2:0
0:3:0:1:1:4:3:2:0:,recombination,4889.543277282742,0:4:1:3:2:2:2:0:0,1:4:0:1:1:4:3:1:0,MUTATE
0:3:0:1:1:3:4:1:0:,recombination,4792.960919306964,1:3:0:1:1:3:3:2:0,1:4:0:2:1:3:3:1:0
0:2:1:1:1:3:3:2:0:,recombination,4696.578647424382,1:4:0:2:2:1:2:1:2,0:3:1:1:1:2:2:0:0,MUTATE
1:4:1:1:1:4:4:1:0:,clone,5325.952943957488,0:3:1:1:1:4:4:1:0
0:3:0:1:1:3:4:1:0:,recombination,4783.987151176292,0:4:1:2:1:2:3:1:0,0:2:1:1:1:3:4:1:0
1:4:1:2:2:3:2:0:1:,clone,5487.587617914061,1:4:1:2:2:3:2:0:1
0:3:1:1:1:4:4:2:0:,clone,5308.9782603690055,0:3:1:1:1:4:4:2:0
0:2:1:1:1:3:4:2:0:,clone,5065.519327253793,0:2:1:1:1:3:3:2:0
1:4:0:1:1:3:3:1:1:,recombination,4301.681994642038,1:4:1:2:1:2:3:1:1,2:4:0:3:3:2:2:1:2,MUTATE
0:3:0:1:1:4:3:2:0:,recombination,4743.612570906536,0:4:1:2:2:3:2:1:0,0:4:1:2:2:1:2:0:0,MUTATE
0:3:0:0:0:3:4:2:0:,recombination,4515.827611107274,1:4:1:2:2:1:1:0:1,0:3:0:1:1:3:4:1:0,MUTATE
1:4:1:2:2:3:2:0:1:,recombination,5464.787236988957,1:4:1:2:1:3:3:1:1,1:4:1:2:2:3:2:0:1,MUTATE
0:3:0:1:1:4:4:1:0:,recombination,4857.853634131365,0:2:0:1:0:3:4:1:0,1:4:1:3:4:0:1:0:1
0:2:1:1:1:4:4:2:0:,clone,5038.690159311807,0:2:1:1:1:4:4:2:0
0:3:1:1:1:4:4:2:0:,recombination,5136.555804710324,1:4:0:2:2:2:3:0:1,1:4:0:2:2:3:3:1:0,MUTATE
1:4:1:2:2:2:3:1:0:,recombination,4714.890674164365,1:4:1:2:1:3:3:1:1,1:4:1:3:3:1:1:1:1,MUTATE
0:3:0:1:1:4:4:1:0:,clone,4691.394905437126,1:4:0:1:1:3:3:1:0
1:4:1:2:2:2:3:1:0:,recombination,4694.915692904089,1:4:1:2:2:2:3:1:0,0:4:0:2:2:1:2:1:0
0:2:1:1:1:4:4:2:0:,recombination,5035.004931721766,1:4:0:2:2:1:2:1:2,0:4:0:2:2:3:3:1:0
0:2:1:1:1:4:4:2:0:,recombination,4943.609357723835,0:3:1:2:2:2:3:0:0,1:4:1:1:1:3:3:1:1
0:4:1:2:1:3:2:1:0:,clone,4509.74806496334,1:4:1:1:1:3:3:1:1
1:4:1:2:2:3:3:1:1:,recombination,4781.641333282929,1:4:0:3:3:2:2:0:2,0:3:1:2:2:1:1:0:0,MUTATE
0:2:0:1:0:4:4:1:0:,recombination,4800.637097850751,1:4:1:2:1:3:3:0:1,0:3:0:1:1:3:3:1:0,MUTATE
1:4:0:2:2:3:2:1:0:,recombination,4515.187605882961,1:4:1:3:3:0:0:0:1,1:4:0:3:3:0:0:0:2,MUTATE
0:2:0:1:0:4:4:1:0:,clone,4606.956764581648,0:2:1:1:0:3:4:1:0
0:2:0:0:0:3:4:1:0:,recombination,5106.322121024767,0:2:1:1:0:4:4:1:0,1:4:1:3:4:0:0:0:1
0:1:0:0:0:4:4:2:0:,recombination,4663.318570864195,1:4:0:3:2:2:2:1:1,1:4:1:1:1:2:3:1:1
0:1:1:0:0:4:4:1:0:,recombination,5213.849114022234,0:4:1:2:2:2:3:0:0,0:4:1:3:3:1:1:0:0,MUTATE
0:1:1:0:0:4:4:1:0:,recombination,5204.6961627547,1:4:1:2:1:2:2:0:1,0:3:1:2:2:2:2:1:0
0:2:1:1:1:4:3:1:0:,recombination,4550.3511569472985,1:4:1:2:2:3:3:1:1,1:3:0:2:1:3:2:1:0,MUTATE
0:3:0:1:0:3:3:1:0:,recombination,4249.850386114642,1:4:0:2:2:2:1:1:1,2:4:0:2:2:2:2:1:2,MUTATE
0:4:1:1:1:4:3:1:0:,recombination,5213.7747411076525,0:4:1:2:2:3:2:1:0,1:4:0:2:2:1:2:1:2
0:3:0:1:0:3:3:1:0:,clone,4215.68848518019,0:3:0:1:0:3:3:1:0
0:2:0:1:0:4:4:2:0:,recombination,4526.662512034696,0:3:1:2:2:2:2:1:0,1:3:0:2:1:3:3:1:0,MUTATE
0:1:1:0:0:4:4:1:0:,recombination,4903.112765187816,0:2:0:1:1:3:3:1:0,0:3:0:1:1:3:4:1:0,MUTATE
0:1:1:0:0:4:4:2:0:,recombination,4468.94850543899,0:2:1:1:1:3:4:2:0,0:3:1:1:0:3:4:1:0,MUTATE
0:2:0:1:0:4:4:1:0:,clone,4298.173455552322,0:2:0:1:0:4:4:1:0
2:4:0:3:4:0:0:0:2:,clone,4468.561516009979,2:4:0:3:3:0:0:0:2
1:4:0:3:3:1:1:1:1:,clone,4392.197725767078,1:4:0:3:3:1:1:0:1
0:3:0:2:1:3:2:1:0:,recombination,4425.740869277318,1:4:0:2:1:2:3:0:1,2:4:0:3:3:2:1:0:2,MUTATE
0:3:0:2:1:3:3:1:0:,recombination,4642.007124900842,0:2:1:1:1:3:3:2:0,1:4:0:3:3:1:1:0:1
1:4:0:3:3:2:1:0:1:,recombination,4436.892508549706,1:4:0:2:2:1:2:0:1,0:3:0:1:1:4:3:2:0
1:4:0:3:3:2:1:0:1:,clone,4357.513731496993,1:4:0:3:3:2:1:0:1
0:1:1:0:0:4:4:1:0:,clone,4877.067759162757,0:1:1:0:0:4:4:2:0
1:3:0:1:1:4:3:1:0:,clone,5895.066028643691,1:3:0:1:1:3:3:1:0
1:4:0:3:4:0:0:0:2:,clone,4222.762849071443,1:4:0:3:3:0:0:0:2
0:1:1:0:0:4:4:2:0:,clone,4409.737350512415,0:1:1:0:0:4:4:2:0
2:4:0:3:3:0:1:0:2:,recombination,4656.490207045928,1:4:0:3:3:1:1:1:1,1:4:1:2:2:2:2:0:1
1:3:0:2:1:2:2:1:0:,recombination,4136.010035558399,0:3:1:1:0:3:4:1:0,1:4:0:2:2:1:2:0:1,MUTATE
0:3:1:1:1:4:4:2:0:,recombination,5002.402049733446,1:4:0:2:2:1:2:1:1,1:4:0:3:3:2:2:1:2
1:4:0:2:1:2:2:0:1:,recombination,4393.23284005817,1:4:0:3:3:1:1:0:1,1:4:1:2:2:2:2:1:1
0:1:1:0:0:4:4:1:0:,recombination,4861.896060238741,0:2:1:1:1:3:3:1:0,0:3:1:1:1:4:4:1:0,MUTATE
2:4:0:3:3:0:0:0:2:,clone,4027.2852553702314,2:4:0:4:4:0:0:0:2
2:4:0:3:4:0:0:0:2:,recombination,4120.733068099028,0:3:1:1:0:3:4:1:0,0:3:1:1:1:4:3:1:0
2:4:0:3:4:0:0:0:2:,clone,4074.684748122917,2:4:0:3:4:0:0:0:2
2:4:0:3:4:0:0:0:2:,clone,4074.6847481229165,2:4:0:3:4:0:0:0:2
1:4:0:3:3:0:0:0:2:,clone,4082.638773467746,1:4:0:3:3:0:0:0:2
2:4:0:3:3:0:1:0:2:,recombination,4604.420856610154,0:3:1:1:1:4:3:1:0,0:1:1:0:0:4:4:2:0,MUTATE
1:4:1:2:2:3:3:1:1:,recombination,4759.39165067471,1:4:1:2:2:2:3:1:1,1:4:1:3:3:1:1:1:1,MUTATE
1:4:0:2:3:1:1:0:1:,clone,4020.1283337922064,1:4:0:2:3:1:1:0:1
1:4:1:3:2:1:1:0:1:,clone,4542.05033722653,1:4:1:3:3:1:1:0:1
0:4:1:1:0:3:4:1:0:,recombination,5168.958769945017,1:4:1:4:4:1:1:0:2,0:3:1:1:1:2:3:1:0,MUTATE
0:3:1:2:2:2:3:0:0:,recombination,4701.992905751784,0:4:1:3:3:0:1:0:1,0:2:1:1:1:3:3:2:0
0:2:0:0:0:3:4:1:0:,clone,4704.87270079868,0:2:1:0:0:4:4:1:0
0:2:1:0:0:3:4:2:0:,recombination,4512.258372662632,0:3:1:1:1:3:3:2:0,1:4:0:3:3:1:1:0:1
1:4:1:2:2:3:3:1:1:,clone,4745.741371547948,1:4:1:2:2:3:3:1:1
0:2:1:1:0:3:3:1:0:,recombination,4469.633231217084,0:3:1:2:1:3:3:0:0,0:2:1:0:0:3:4:2:0,MUTATE
1:4:0:4:4:0:0:0:2:,clone,3927.7097519748213,0:2:1:0:0:4:4:1:0
1:4:0:3:3:0:0:0:2:,clone,3848.8559750903696,1:4:0:3:3:0:0:0:2
1:4:0:2:1:3:3:1:1:,recombination,4458.962660462502,1:4:0:2:2:2:3:1:1,1:4:1:2:2:3:2:1:1
1:4:0:3:3:0:0:0:1:,clone,3928.2282117660834,1:4:0:3:3:0:0:0:1
1:4:0:1:1:3:3:1:1:,clone,4299.854027855275,1:4:0:1:1:3:3:1:1
1:4:0:3:4:0:0:0:2:,clone,4182.221147384368,1:4:0:3:3:0:0:0:1
1:4:0:1:1:3:3:1:1:,clone,4263.2768715521215,1:4:0:1:1:3:3:1:1
0:1:1:0:0:4:4:2:0:,clone,4401.170120768189,0:1:1:0:0:4:4:2:0
0:1:1:0:0:4:4:1:0:,clone,4679.102304113139,0:1:1:0:0:4:4:1:0
1:4:0:2:1:2:3:1:0:,recombination,4409.1509148931,1:4:0:2:1:2:3:0:1,1:4:1:3:3:1:2:0:2
1:4:1:2:2:2:2:0:1:,recombination,3985.5190823401967,1:4:0:3:3:0:0:0:1,1:4:1:2:2:2:2:0:1
1:4:0:1:1:3:3:1:1:,recombination,4149.293454096326,0:1:1:0:0:4:4:1:0,1:4:1:2:2:2:2:0:1
0:1:1:0:0:4:4:2:0:,clone,4376.268084603899,0:1:1:0:0:4:4:2:0
1:4:1:2:2:1:1:0:1:,recombination,3804.12756847075,1:4:0:3:3:0:0:0:2,1:4:0:1:1:3:4:1:1
1:4:0:3:3:1:1:0:1:,clone,3970.25662076739,1:4:1:3:3:1:1:0:1
0:3:1:0:0:4:4:2:0:,recombination,4407.304431739083,2:4:0:4:4:1:1:0:2,0:4:1:2:1:2:2:1:0
1:3:0:1:1:3:3:1:0:,clone,4194.8116706666015,1:3:0:1:1:3:3:1:0
1:4:0:1:1:2:3:1:1:,clone,4160.175519180885,1:4:0:1:1:2:3:1:1
0:3:1:0:0:4:4:1:0:,recombination,4258.175114365549,1:4:0:2:2:1:1:0:1,1:3:0:1:1:3:3:1:0,MUTATE
0:4:0:2:2:2:3:1:0:,recombination,5188.990639821266,0:4:0:2:1:3:3:1:0,1:4:0:3:4:0:0:0:2
0:3:1:0:0:3:4:2:0:,recombination,4489.762883324327,0:3:1:0:0:4:4:1:0,0:3:1:1:1:3:4:0:0,MUTATE
2:4:0:4:4:0:0:0:3:,clone,4402.962467436455,0:2:1:0:0:4:4:2:0
0:2:0:1:1:4:3:1:0:,clone,4767.221029867232,0:2:0:1:1:4:3:1:0
0:1:0:0:0:4:4:2:0:,recombination,4601.7072087763845,1:4:0:3:2:2:2:1:1,0:3:1:1:1:3:4:2:0,MUTATE
0:1:0:0:0:4:4:2:0:,clone,4469.483945730187,0:1:1:0:0:4:4:2:0
0:3:2:1:0:4:4:1:0:,recombination,6132.042705415166,1:4:1:2:2:2:3:1:0,1:4:1:1:1:4:3:1:0,MUTATE
0:1:1:0:0:4:4:2:0:,recombination,4278.2780345027495,0:2:0:0:0:4:4:2:0,1:4:0:4:4:0:0:0:1,MUTATE
1:4:0:3:4:0:0:0:2:,clone,3941.773578608057,2:4:0:4:4:0:0:0:2
1:4:0:3:3:0:0:0:1:,recombination,3907.1461628772145,1:4:1:2:2:2:2:0:1,0:3:0:1:0:4:4:2:0,MUTATE
2:4:0:4:4:0:0:0:2:,clone,4012.3997734677696,0:2:1:0:0:4:4:1:0
2:4:0:4:4:0:0:0:2:,clone,3994.7643784956826,2:4:0:4:4:0:0:0:2
1:4:0:3:3:0:1:0:2:,clone,4267.156777381772,1:4:0:3:3:0:1:0:1
2:4:0:3:3:0:0:0:2:,clone,4023.8447019780097,2:4:0:3:3:0:0:0:2
2:4:0:3:3:0:1:0:2:,clone,4122.013244836579,2:4:0:3:3:0:0:0:2
1:4:0:3:3:0:1:0:2:,clone,4122.013244836579,2:4:0:3:3:0:1:0:2
1:4:0:3:3:0:1:0:2:,clone,4108.793771966532,1:4:0:3:3:0:1:0:2
1:4:0:3:3:1:1:0:2:,clone,4104.377849864492,1:4:0:3:3:1:1:0:2
0:2:0:1:1:4:4:1:0:,recombination,5066.076346586497,0:2:1:1:1:2:3:1:0,0:1:1:0:0:4:4:1:0,MUTATE
0:3:2:0:0:4:4:1:0:,clone,6316.92862106171,0:3:2:0:0:4:4:1:0
0:3:0:1:1:3:4:1:0:,recombination,4710.347551914417,0:2:1:1:1:3:4:1:0,0:3:0:1:1:4:3:1:0,MUTATE
0:2:1:0:0:3:4:2:0:,recombination,4440.953835568576,0:2:1:1:1:3:4:1:0,1:4:1:2:1:2:3:1:0
2:4:0:4:4:0:1:0:2:,clone,4923.757442686063,2:4:0:3:4:0:1:0:2
2:4:0:4:4:0:1:0:2:,clone,4923.757442686062,2:4:0:4:4:0:1:0:2
2:4:0:3:4:1:0:0:2:,clone,4442.418321746677,2:4:0:4:4:0:0:0:2
2:4:0:4:4:1:0:0:2:,clone,4525.763857311979,2:4:0:3:4:1:0:0:2
2:4:0:3:4:1:0:0:2:,clone,4439.624424159784,2:4:0:3:4:1:0:0:2
2:4:0:3:3:1:0:0:2:,clone,4491.545844038685,2:4:0:3:4:1:0:0:2
0:1:1:0:0:4:4:2:0:,clone,4263.276871552121,0:1:1:0:0:4:4:2:0
0:3:0:1:0:3:4:2:0:,clone,4588.995362000877,0:3:0:1:0:3:4:2:0
2:4:0:3:4:0:0:0:2:,recombination,4021.235849943513,1:4:0:3:3:2:2:0:1,1:4:0:2:2:1:2:1:1
2:4:1:4:4:0:0:0:2:,clone,3927.4362840496024,2:4:1:4:4:0:0:0:2
1:4:1:3:3:2:1:0:1:,recombination,4187.29426904465,0:3:1:1:1:4:3:1:0,1:4:0:2:2:3:3:1:1,MUTATE
1:4:1:3:3:0:0:0:2:,recombination,4269.313665491264,1:4:0:2:2:1:2:1:1,1:4:1:2:1:2:3:1:0,MUTATE
0:2:0:1:0:4:4:2:0:,clone,4485.514225887366,0:2:0:1:0:4:4:2:0
1:4:0:3:3:2:2:1:1:,clone,4635.103255709039,1:4:0:2:2:2:2:1:1
0:2:0:1:1:3:4:1:0:,recombination,4737.653596857503,0:2:0:1:1:4:4:1:0,0:4:1:2:2:3:3:0:0
0:2:0:0:0:4:4:1:0:,clone,4529.001108835914,0:2:0:0:0:4:4:1:0
0:2:0:0:0:4:4:1:0:,clone,4415.389184860901,0:2:0:0:0:4:4:1:0
0:3:1:1:0:3:4:2:0:,recombination,4350.578237339673,0:3:0:2:2:2:2:1:0,0:3:1:1:1:3:3:1:0,MUTATE
0:3:1:1:1:3:4:2:0:,recombination,4831.045804699239,0:3:1:1:1:3:3:1:0,1:4:1:3:4:1:1:0:1
0:2:0:0:0:3:4:2:0:,recombination,4885.546870199324,2:4:1:4:4:0:0:0:2,1:3:0:2:2:2:3:1:0
1:3:0:1:1:4:3:1:0:,clone,5077.757831595521,1:3:0:1:1:4:3:1:0
1:3:0:1:1:4:3:1:0:,clone,4937.205609622907,1:3:0:1:1:4:3:1:0
1:4:1:2:2:3:3:0:1:,clone,5207.527910068033,1:4:1:2:2:2:3:0:1
0:1:1:0:0:4:4:1:0:,recombination,4643.019199846308,0:2:0:1:1:4:3:1:0,0:3:1:3:3:1:1:0:0,MUTATE
0:1:1:0:0:4:4:1:0:,recombination,4616.0164314825215,0:1:1:0:0:4:4:1:0,0:3:1:1:1:3:3:1:0,MUTATE
0:2:0:0:0:4:4:1:0:,clone,4369.552894193205,0:2:1:0:0:4:4:1:0
0:2:0:1:1:3:3:1:0:,recombination,4120.74110980898,0:1:1:0:0:4:4:1:0,0:3:1:1:1:2:3:1:0,MUTATE
0:4:0:2:2:2:3:1:0:,recombination,5060.430356347044,0:4:1:3:3:1:1:0:0,0:3:1:1:0:4:4:0:0,MUTATE
0:3:1:1:1:4:4:2:0:,recombination,4826.224305772148,0:3:1:1:1:3:4:1:0,2:4:0:3:4:1:1:0:2,MUTATE
0:3:0:2:1:3:3:0:0:,clone,5980.522914204496,0:3:0:2:2:2:3:0:0
1:4:0:2:2:2:2:1:0:,recombination,4136.907454230664,2:4:0:3:3:0:1:0:2,0:3:1:1:1:3:3:0:0
0:3:0:2:1:3:3:1:0:,recombination,4435.585699848972,1:4:0:2:2:2:2:1:0,1:4:0:3:2:1:2:0:1
1:4:0:2:1:3:3:1:0:,clone,4530.853438105044,1:3:0:2:1:2:2:1:0
1:4:0:2:2:3:3:1:0:,clone,4742.621181900654,0:3:0:1:1:3:3:1:0
0:3:0:2:1:2:3:1:0:,clone,4635.484611347205,0:3:0:1:1:3:3:1:0
0:3:0:2:1:3:3:0:0:,clone,5663.204814931042,0:3:0:2:1:3:3:0:0
1:4:0:1:1:2:3:0:1:,clone,5019.04594507399,1:4:1:2:1:2:3:0:1
0:3:0:2:2:3:3:0:0:,clone,5213.825861699907,0:3:1:1:1:3:3:1:0
2:4:0:4:4:1:1:0:2:,clone,4869.663150768903,2:4:0:4:4:1:1:0:2
2:4:0:4:4:0:1:0:2:,clone,4920.470671894884,2:4:0:4:4:0:1:0:2
2:4:0:4:4:1:1:0:2:,clone,4789.346487704679,2:4:0:4:4:0:0:0:2
0:3:1:2:1:3:3:1:0:,clone,4457.377875772503,0:3:1:2:2:2:2:1:0
0:2:1:1:1:4:3:1:0:,recombination,4540.829152884229,1:4:0:2:2:1:1:0:1,0:2:0:0:0:4:4:1:0
0:1:1:0:0:4:4:1:0:,clone,4489.291580687576,0:1:1:0:0:4:4:1:0
0:3:0:1:1:4:4:2:0:,clone,4896.237822597038,0:3:0:1:0:4:4:2:0
0:2:1:1:0:3:3:1:0:,clone,4469.249784828256,0:2:1:1:0:3:4:1:0
0:4:1:2:2:2:3:1:0:,clone,4640.000125750435,0:4:1:2:2:2:3:1:0
0:2:1:1:0:3:3:1:0:,recombination,4037.5297116150527,0:1:1:0:0:4:4:1:0,0:3:1:2:1:3:3:1:0,MUTATE
0:4:1:3:3:1:1:0:0:,clone,4381.884059584597,0:4:1:3:3:1:1:0:0
0:3:1:2:2:1:1:0:0:,clone,4236.031791319444,0:4:1:3:3:1:1:0:0
0:3:0:2:2:3:2:1:0:,recombination,4556.498084996496,0:3:1:1:1:4:4:1:0,2:4:0:3:3:2:1:0:2
0:1:0:0:0:4:4:2:0:,recombination,4421.022242791107,1:4:0:2:2:2:3:1:1,1:4:0:2:2:3:3:1:0,MUTATE
0:3:0:2:2:3:2:1:0:,clone,4556.498084996495,0:3:0:2:2:2:2:1:0
0:2:0:1:1:4:3:2:0:,clone,4711.406004317596,0:2:0:1:1:4:3:2:0
0:2:1:1:1:4:3:1:0:,recombination,4534.657243992754,1:4:1:2:2:3:3:1:1,1:4:1:1:1:2:3:1:1
0:2:0:0:0:4:4:1:0:,recombination,4266.775353871197,0:2:0:1:0:4:4:1:0,0:3:1:1:1:2:3:1:0
0:4:1:1:1:3:4:1:0:,recombination,4995.8598251994645,1:4:1:3:3:0:1:0:1,1:4:0:3:3:0:1:0:1
1:4:1:1:1:3:4:1:1:,recombination,5232.4611697137625,0:4:1:1:1:3:4:1:0,1:4:1:2:2:1:3:0:1,MUTATE
2:4:0:4:4:0:0:0:2:,clone,3928.040992526895,0:2:1:0:0:4:4:2:0
2:4:0:3:4:0:0:0:2:,clone,3870.2149773417595,2:4:0:4:4:0:0:0:2
2:4:0:4:4:0:0:0:2:,clone,3902.806407004952,2:4:0:3:4:0:0:0:2
2:4:0:3:4:0:0:0:2:,clone,3842.958812662369,2:4:0:4:4:0:0:0:2
1:4:0:3:4:0:0:0:2:,clone,3902.806407004952,2:4:0:4:4:0:0:0:2
1:4:1:1:1:3:3:1:1:,recombination,4253.149446598056,0:4:1:1:1:3:4:1:0,0:3:1:1:0:4:4:2:0,MUTATE
1:4:0:3:3:1:0:0:1:,recombination,4127.137967775986,0:3:1:1:1:3:4:1:0,0:3:1:3:3:1:1:0:0
1:4:0:3:4:0:0:0:2:,clone,3885.784127167061,1:4:0:3:4:0:0:0:2
1:4:0:2:2:2:1:0:1:,clone,4251.26544583366,1:4:0:3:3:1:1:0:1
1:4:1:3:3:0:0:0:2:,clone,4262.358281778891,1:4:1:3:3:0:0:0:2
1:4:1:3:4:0:0:0:2:,clone,4162.832176850176,1:4:1:3:3:0:0:0:2
0:1:1:0:0:4:4:2:0:,recombination,4175.375717438198,0:3:0:1:1:2:3:1:0,0:4:1:3:3:1:1:0:0,MUTATE
0:1:1:0:0:4:4:2:0:,clone,4095.145302113344,0:1:1:0:0:4:4:2:0
2:4:0:4:4:0:1:0:2:,clone,4835.482471459281,2:4:0:4:4:0:0:0:2
2:4:1:3:3:1:1:0:2:,clone,4772.19301467169,2:4:1:3:3:1:1:0:2
1:4:1:2:1:3:3:1:0:,recombination,4428.029070343329,1:4:1:2:1:3:3:1:1,1:4:0:3:3:0:1:0:2,MUTATE
0:3:1:2:2:3:2:1:0:,clone,4543.052462554063,1:4:1:1:1:3:3:1:0
1:4:1:4:4:0:0:0:2:,clone,4150.231535550264,1:4:1:3:4:0:0:0:2
0:3:0:1:1:3:4:2:0:,recombination,4995.021409601295,0:4:1:2:2:2:3:1:0,0:3:1:1:1:2:2:0:0,MUTATE
1:4:1:2:2:2:3:0:1:,clone,4686.9721725713525,1:4:1:2:2:2:3:0:1
0:4:1:2:2:2:3:1:0:,clone,4638.996080537491,0:4:1:2:2:2:3:1:0
0:3:0:1:0:4:4:1:0:,clone,4506.128173359179,0:3:1:1:0:4:4:1:0
0:3:0:0:0:4:4:1:0:,clone,4455.938452607206,0:3:1:0:0:4:4:1:0
0:3:1:0:0:4:4:1:0:,recombination,4192.531356850052,0:3:1:2:1:3:3:1:0,1:4:1:2:2:2:2:0:1,MUTATE
0:3:0:1:1:3:4:2:0:,recombination,4885.289628250144,0:3:0:1:1:3:3:1:0,1:4:0:2:2:2:3:1:0,MUTATE
1:3:0:2:1:1:2:1:1:,clone,3994.6570120744445,0:3:0:1:1:2:3:1:0
0:1:0:0:0:4:4:1:0:,recombination,4664.566138424283,0:2:1:1:1:3:3:1:0,0:3:1:2:2:2:3:0:0
1:4:0:4:4:0:0:0:1:,recombination,4266.016604449274,1:4:0:2:1:2:3:1:1,0:3:1:1:0:4:4:0:0
0:2:1:1:0:3:4:2:0:,recombination,4415.633110159245,1:4:1:3:2:1:1:0:1,0:3:0:2:2:2:2:1:0,MUTATE
1:4:0:3:4:0:0:0:1:,clone,4256.963137285568,1:4:0:4:4:0:0:0:1
0:3:0:2:1:2:3:1:0:,clone,4417.702189533728,0:3:0:2:1:2:3:1:0
0:3:0:2:2:1:2:1:0:,recombination,4397.71804104879,1:4:0:1:1:3:3:1:1,0:2:0:1:1:4:4:1:0
1:4:1:3:4:0:0:0:1:,clone,4343.923702155235,1:4:0:3:4:0:0:0:2
0:4:1:1:1:3:3:0:0:,recombination,5259.177281196588,0:4:1:1:1:2:3:1:0,0:3:1:2:1:2:3:1:0,MUTATE
1:4:1:3:2:2:2:0:1:,clone,4630.421925673294,1:4:1:3:3:1:1:0:1
0:3:1:2:1:3:3:1:0:,clone,4449.909357817337,0:3:1:2:1:3:3:1:0
0:3:0:1:1:4:4:1:0:,recombination,4669.678270696942,1:4:0:3:3:0:0:0:1,0:2:1:0:0:4:4:2:0,MUTATE
1:4:1:3:3:0:1:0:2:,clone,4391.942144266709,1:4:0:3:3:0:1:0:2
0:3:0:2:2:2:3:0:0:,recombination,4773.188052751173,0:2:1:1:1:3:3:1:0,1:4:0:1:1:3:3:1:1
0:3:1:1:0:4:3:1:0:,clone,4500.322520122489,0:3:1:1:0:4:3:1:0
1:4:0:4:4:0:1:0:2:,recombination,5023.186839701096,0:4:1:2:1:2:3:1:0,0:3:1:1:0:3:4:1:0
1:4:0:3:4:1:1:0:2:,clone,4648.105887116911,1:4:0:3:3:1:1:0:2
1:4:0:4:4:1:0:0:2:,clone,4731.663204003843,1:4:0:4:4:1:0:0:2
1:4:1:1:1:4:3:1:0:,clone,5188.026751825373,1:4:1:1:1:4:3:1:0
1:4:0:4:4:1:1:0:2:,clone,5149.9590779674,1:4:0:4:4:1:1:0:2
1:4:0:4:4:1:1:0:2:,clone,4916.562134371475,1:4:0:4:4:1:1:0:2
1:4:1:1:1:3:4:1:0:,recombination,5064.286421170066,1:4:0:3:3:0:0:0:2,1:4:1:3:3:0:1:0:1
1:4:1:1:1:3:4:1:0:,clone,5040.0001615163965,1:4:1:1:1:3:4:1:0
1:4:1:1:0:3:4:1:0:,clone,5414.507510716212,1:4:1:1:0:3:4:1:0
1:4:1:2:2:3:3:0:1:,clone,5206.248746403549,1:4:1:2:2:3:2:0:1
1:4:1:2:2:3:2:0:1:,clone,5335.003202349311,1:4:1:2:2:3:2:1:1
0:4:1:1:1:3:4:1:0:,clone,4906.777769642215,0:4:1:1:1:3:4:1:0
2:4:1:3:4:0:0:0:2:,clone,3799.5986022851844,0:2:1:0:0:4:4:1:0
1:4:1:3:3:0:0:0:1:,recombination,3914.837325342037,1:4:0:3:3:1:1:0:2,1:4:1:1:1:2:3:1:1
2:4:0:3:3:0:0:0:2:,clone,3664.619043821896,2:4:0:3:4:0:0:0:2
2:4:0:3:4:1:1:0:2:,clone,4669.028091352929,1:4:0:3:3:1:1:0:2
1:4:1:3:3:0:0:0:1:,clone,3761.623786501061,1:4:1:3:3:0:0:0:2
1:4:1:3:4:0:0:0:2:,clone,3923.930541321681,1:4:1:3:3:0:0:0:2
1:4:1:3:4:0:0:0:2:,recombination,3869.9311560203373,1:4:0:2:2:2:2:1:1,2:4:1:3:4:0:0:0:2,MUTATE
1:4:1:3:3:0:0:0:2:,clone,4095.4947176907294,1:4:1:3:3:0:0:0:1
1:4:0:3:3:1:2:1:1:,recombination,4847.49463482063,1:4:1:2:2:1:1:0:1,0:4:1:1:1:2:3:1:0
1:4:1:2:1:3:3:0:1:,clone,4641.43913075474,1:4:1:2:1:3:2:1:1
0:2:1:1:1:3:3:1:0:,recombination,4268.591900484326,1:4:0:2:2:1:2:0:1,0:2:1:1:0:3:4:2:0,MUTATE
0:2:0:0:0:3:4:1:0:,recombination,4631.234295492612,0:1:1:0:0:4:4:2:0,1:4:1:2:2:2:2:0:1,MUTATE
1:3:0:1:1:3:4:1:0:,recombination,5661.946716620192,1:4:1:2:2:2:2:1:0,1:4:0:3:3:1:1:1:1,MUTATE
1:4:1:3:3:0:0:0:2:,clone,4042.104325861867,1:4:0:3:3:0:0:0:2
0:1:1:0:0:4:4:2:0:,recombination,4089.9034416371583,0:2:0:1:1:3:3:1:0,1:4:0:3:3:1:1:0:1,MUTATE
2:4:1:3:3:1:1:0:2:,recombination,4616.484245170391,0:3:1:1:0:3:4:1:0,1:4:0:2:1:3:3:1:1
2:4:1:3:3:0:1:0:2:,clone,4281.501391547536,1:4:1:3:3:0:1:0:2
1:4:1:3:3:0:0:0:2:,clone,3836.590098349516,1:4:1:3:3:0:0:0:2
0:3:1:1:0:4:3:1:0:,recombination,4397.543814569527,0:3:1:0:0:4:4:1:0,0:2:1:1:0:3:4:2:0
0:1:1:0:0:4:4:2:0:,clone,4071.934627483543,0:1:1:0:0:4:4:2:0
0:2:0:1:0:4:4:1:0:,recombination,4285.4751609706045,0:3:1:1:1:2:3:0:0,0:3:1:0:0:4:4:1:0,MUTATE
1:4:1:1:1:2:3:0:1:,recombination,4474.9757502887005,1:4:1:3:3:0:0:0:2,1:4:1:2:2:3:2:0:1
0:2:1:1:1:3:3:1:0:,recombination,4166.880784462461,1:4:0:1:1:3:3:1:1,0:3:1:1:0:4:4:1:0
0:2:1:1:0:4:4:2:0:,clone,4357.6561146658305,0:2:1:1:0:4:4:2:0
0:2:0:0:0:4:4:2:0:,clone,4270.610370118496,0:2:1:0:0:4:4:1:0
2:4:0:4:4:0:1:0:2:,clone,4780.193578173704,2:4:0:4:4:0:0:0:2
1:4:0:3:2:1:2:0:2:,clone,4839.061971958174,1:4:0:2:2:1:2:0:2
0:3:0:1:1:4:3:2:0:,recombination,4422.278516420243,1:4:1:1:1:4:3:1:0,1:3:0:2:1:2:2:1:0,MUTATE
0:3:0:1:1:4:3:1:0:,recombination,4422.278516420242,1:4:0:3:3:1:0:0:1,0:3:0:1:1:4:3:2:0,MUTATE
0:2:0:1:1:4:4:1:0:,clone,5009.937948798885,0:2:0:1:1:4:3:1:0
0:2:0:1:1:4:3:1:0:,clone,4657.156952786566,0:2:0:1:1:4:3:1:0
0:2:0:1:1:4:3:2:0:,recombination,4605.975733440338,0:3:1:1:1:3:3:1:0,0:3:0:1:1:4:3:2:0,MUTATE
0:2:0:1:1:4:3:1:0:,clone,4458.376622440457,0:2:0:1:1:4:3:1:0
0:2:1:1:1:4:4:2:0:,recombination,4853.697709134166,2:4:0:3:4:1:1:0:2,0:3:0:1:1:4:3:1:0,MUTATE
0:1:1:0:0:4:4:1:0:,clone,4339.287203996344,0:1:1:0:0:4:4:1:0
1:4:0:1:1:2:3:1:1:,recombination,4077.551517547053,1:4:1:2:1:2:3:0:1,0:3:0:1:1:3:4:1:0
0:2:1:1:1:4:3:1:0:,recombination,4504.119496820072,0:3:1:1:1:3:4:1:0,0:2:0:0:0:4:4:1:0,MUTATE
1:4:1:4:4:0:1:0:2:,recombination,4928.426874886161,0:4:1:2:2:2:3:0:0,1:4:0:1:1:3:3:1:1,MUTATE
0:1:1:0:0:4:4:2:0:,recombination,4003.1951383685728,0:1:1:0:0:4:4:1:0,0:2:1:0:0:4:4:2:0
0:4:0:2:2:3:3:1:0:,recombination,5218.644534433677,0:4:1:2:2:2:3:0:0,0:2:0:1:0:4:4:1:0,MUTATE
1:4:0:2:2:3:3:0:1:,clone,5115.180224807188,1:4:0:2:2:3:3:0:1
1:3:0:2:1:3:3:1:0:,clone,4597.323368897643,1:3:0:2:1:3:2:1:0
0:4:1:2:2:3:3:1:0:,recombination,4770.968575603999,1:4:0:1:1:3:3:1:1,0:4:1:1:1:3:3:0:0
0:2:0:1:1:4:4:1:0:,recombination,4808.72420666043,0:2:0:1:0:4:4:1:0,1:4:1:2:1:3:3:1:0,MUTATE
0:2:0:0:0:4:4:1:0:,clone,4251.602135273768,0:2:0:0:0:4:4:2:0
0:2:0:1:0:4:4:2:0:,clone,4466.656151440282,0:2:0:1:0:4:4:2:0
0:2:0:1:0:4:4:2:0:,clone,4416.977028779311,0:2:1:1:0:4:4:2:0
0:1:0:0:0:4:4:2:0:,clone,4364.33432756127,0:1:0:0:0:4:4:2:0
0:1:0:0:0:4:4:2:0:,clone,4364.334327561269,0:1:0:0:0:4:4:2:0
1:3:0:2:2:3:2:1:0:,recombination,4301.126005948878,0:2:1:1:0:4:4:2:0,0:2:1:0:0:4:4:2:0,MUTATE
0:3:0:1:0:4:4:1:0:,clone,4461.921019016085,0:3:0:1:0:4:4:1:0
1:4:0:1:1:3:4:1:0:,clone,6236.902738748181,1:4:0:1:1:3:3:1:0
1:4:0:1:1:3:4:1:0:,clone,5967.385478800353,1:3:0:1:1:3:4:1:0
0:3:0:1:0:4:4:1:0:,recombination,4276.321862540244,0:4:1:1:1:3:3:1:0,1:3:0:2:1:3:3:1:0
1:4:1:2:1:2:3:1:1:,clone,4411.2980670173365,1:4:1:2:1:2:3:1:1
0:3:0:1:1:4:4:2:0:,recombination,4760.539397912275,2:4:0:3:4:1:0:0:2,1:4:0:3:2:1:2:0:1
1:4:0:3:3:1:1:0:2:,recombination,4093.77232564663,1:4:1:2:2:1:1:0:1,0:3:1:1:1:2:2:0:0,MUTATE
0:1:0:0:0:4:4:2:0:,clone,4356.408277292829,0:1:0:0:0:4:4:2:0
1:4:0:3:4:0:0:0:1:,recombination,4210.31547305249,1:4:1:2:1:3:3:1:0,0:4:1:3:3:1:2:0:0,MUTATE
1:4:0:1:1:3:4:1:0:,clone,5624.642929313407,1:4:0:1:1:3:3:1:1
1:4:0:2:2:2:1:0:1:,clone,4210.252569011903,1:4:0:2:2:2:2:0:1
1:4:0:3:3:0:0:0:1:,clone,3865.3213064825354,1:4:0:3:3:0:0:0:1
1:4:0:3:3:0:0:0:1:,clone,3742.6509908643516,1:4:0:3:3:0:0:0:1
0:3:0:2:1:2:3:0:0:,clone,4672.063348748567,1:4:0:2:2:2:3:0:1
1:4:0:3:4:0:0:0:1:,recombination,3977.454240267239,0:4:1:3:3:1:2:0:0,0:3:1:3:3:1:1:0:0,MUTATE
0:2:1:1:1:4:4:2:0:,recombination,4776.160523494633,1:4:0:3:3:1:1:0:2,1:4:1:2:1:3:3:1:0,MUTATE
0:1:1:0:0:4:4:1:0:,recombination,4270.742596837782,0:1:1:0:0:4:4:1:0,0:2:0:1:1:3:3:1:0
0:3:1:2:2:2:3:1:0:,clone,4620.363959676552,0:4:1:2:2:2:3:1:0
0:2:0:1:0:4:3:1:0:,recombination,4348.758941759779,0:2:0:1:0:4:4:1:0,1:4:0:1:1:3:3:1:0,MUTATE
0:2:0:0:0:4:4:1:0:,clone,4240.585866237745,0:2:0:0:0:4:4:1:0
0:2:1:1:1:4:3:1:0:,recombination,4466.634803795406,0:3:1:0:0:4:4:1:0,1:4:0:1:1:3:3:1:0
0:4:1:2:2:3:3:1:0:,recombination,4758.514370276596,0:1:1:0:0:4:4:1:0,1:4:1:2:2:1:2:0:1
0:4:1:2:2:2:2:1:0:,recombination,4036.9590546407894,0:4:1:2:2:2:2:1:0,1:4:1:2:1:2:2:1:1,MUTATE
1:4:1:3:3:1:2:0:1:,recombination,4616.901344792381,0:1:0:0:0:4:4:1:0,0:4:0:2:2:2:3:1:0,MUTATE
1:4:0:4:4:1:0:0:2:,recombination,4584.849786979192,0:4:1:1:1:4:4:1:0,1:4:0:4:4:0:0:0:1
2:4:0:4:4:1:0:0:2:,clone,4384.319211327201,2:4:0:4:4:1:0:0:2
0:4:1:2:1:2:2:1:0:,clone,4124.1379782571275,0:4:1:2:1:2:2:1:0
2:4:0:3:3:1:0:0:2:,clone,4452.547430662152,2:4:0:3:4:1:0:0:2
1:4:0:3:4:1:1:0:1:,clone,4806.570246257739,1:4:0:3:3:1:1:0:1
0:1:0:0:0:4:4:2:0:,clone,4208.474059331937,0:1:0:0:0:4:4:2:0
1:4:1:3:3:1:1:1:1:,recombination,4544.148259794906,2:4:1:3:3:1:1:0:2,0:4:0:2:2:2:3:1:0,MUTATE
0:2:2:0:0:4:4:1:0:,recombination,5899.0554785244985,1:4:0:3:3:0:1:0:2,0:3:2:0:0:4:4:1:0
2:4:0:3:4:0:0:0:2:,clone,3801.5656158634415,0:1:1:0:0:4:4:2:0
1:4:0:3:3:0:0:0:2:,clone,3800.7281234529655,2:4:0:3:3:0:0:0:2
1:4:0:1:1:2:2:1:1:,recombination,3992.1560051860693,0:3:1:0:0:4:4:1:0,0:1:0:0:0:4:4:1:0,MUTATE
1:4:0:3:3:0:0:0:2:,clone,3756.01383557976,1:4:0:3:3:0:0:0:2
1:4:0:4:4:0:0:0:1:,clone,4125.668852463324,1:4:0:4:4:0:0:0:1
1:3:0:1:1:2:3:1:0:,recombination,3724.3136337198525,1:4:0:1:1:2:2:1:1,1:4:1:2:2:2:2:1:1
1:4:0:1:1:2:3:1:0:,recombination,4060.6212060715893,1:3:0:1:1:2:3:1:0,1:4:1:2:1:3:3:1:0,MUTATE
1:4:0:3:3:0:0:0:1:,clone,3736.783467753441,1:4:0:4:4:0:0:0:1
1:4:0:4:4:0:0:0:1:,clone,3973.714261219099,1:4:0:4:4:0:0:0:1
1:4:0:3:3:0:0:0:2:,clone,3578.378249477284,1:4:0:4:4:0:0:0:1
1:4:0:1:1:2:2:1:1:,clone,3985.836693765057,1:4:0:1:1:2:2:1:1
1:4:1:1:1:2:3:1:1:,clone,3985.836693765057,1:4:1:1:1:2:3:1:1
0:3:0:2:2:1:2:0:0:,recombination,4208.458457248489,1:4:1:1:0:3:4:1:0,1:4:0:3:3:0:0:0:2
1:4:0:2:1:2:3:0:1:,clone,4624.47196812313,1:4:0:2:1:2:3:0:1
1:4:1:2:2:2:3:1:0:,recombination,4675.582395966247,1:4:0:4:4:1:1:0:2,0:3:1:2:2:1:2:0:0,MUTATE
1:4:0:2:2:2:3:1:0:,recombination,4656.419570617923,0:3:1:1:1:3:3:1:0,0:3:1:2:2:1:2:1:0,MUTATE
1:4:1:2:2:2:1:1:1:,recombination,4277.096738910383,1:4:1:2:2:1:2:1:1,0:3:1:1:1:3:3:1:0,MUTATE
1:4:0:3:3:2:1:1:1:,clone,4420.868122127565,1:4:1:2:2:2:1:1:1
1:4:1:3:3:2:1:1:1:,clone,4489.205471164422,1:4:1:2:2:2:1:1:1
0:3:0:1:1:3:4:1:0:,recombination,4675.700254256547,0:2:1:1:0:3:3:1:0,2:4:0:2:2:1:2:1:2,MUTATE
0:2:1:1:1:4:3:1:0:,recombination,4437.029978423134,0:4:1:2:2:2:3:1:0,0:3:1:1:1:3:3:1:0,MUTATE
0:3:0:2:2:2:2:1:0:,clone,4017.429042304031,0:3:0:2:2:2:2:1:0
2:4:0:3:4:0:1:0:2:,recombination,4704.954450798449,1:4:1:1:1:4:4:1:0,0:3:1:2:2:2:2:1:0,MUTATE
2:4:0:3:4:0:1:0:2:,clone,4664.265060199078,2:4:0:4:4:0:0:0:2
1:4:1:2:1:2:3:1:1:,clone,4410.523429700531,1:4:0:2:1:2:2:1:1
1:4:0:3:2:1:2:0:2:,clone,4627.904740960549,1:4:0:3:3:1:1:0:2
0:4:1:1:1:4:3:1:0:,clone,5102.012290156191,0:3:1:1:1:4:4:1:0
1:4:0:3:3:1:1:0:1:,clone,3953.8775236590723,1:4:0:3:3:1:1:0:1
0:3:0:1:1:4:4:2:0:,clone,4704.517941118243,0:3:0:1:1:4:4:2:0
0:3:0:1:1:4:4:2:0:,clone,4704.517941118242,0:3:0:1:1:4:4:2:0
1:4:0:3:3:1:0:0:1:,clone,4042.9249252029194,1:4:0:3:3:0:0:0:1
0:2:1:0:0:3:4:2:0:,recombination,4425.434252167783,0:3:1:1:0:4:4:1:0,1:4:0:1:1:3:4:1:0,MUTATE
1:4:1:3:3:1:1:0:1:,clone,3922.602998465148,1:4:1:3:3:1:1:0:1
1:4:0:2:2:2:2:1:1:,recombination,4042.7551121999536,0:4:1:2:2:2:2:1:0,2:4:0:3:3:0:1:0:2
0:2:0:0:0:3:4:2:0:,recombination,4626.183071608611,1:4:0:2:2:1:2:1:2,0:2:1:1:0:4:4:2:0
1:4:0:2:2:1:1:0:2:,clone,4329.371869257796,1:4:0:2:2:1:1:0:1
0:2:0:0:0:3:4:2:0:,clone,4513.73629370411,0:2:0:0:0:3:4:2:0
0:1:1:0:0:4:4:1:0:,recombination,4266.0175327749175,0:1:1:0:0:4:4:2:0,0:3:1:1:1:4:4:2:0
0:4:1:2:1:2:2:1:0:,recombination,4081.3019771419144,0:3:0:2:2:2:2:1:0,1:4:1:2:2:2:3:1:0
1:4:1:2:1:2:3:1:1:,recombination,4392.85488471224,0:3:0:2:2:2:2:1:0,1:4:0:1:1:3:3:1:1
1:3:0:1:1:2:2:1:0:,clone,4130.1256374539325,1:3:0:1:1:2:2:1:0
0:3:0:1:1:3:4:2:0:,recombination,4863.964749677318,2:4:0:3:4:0:1:0:2,1:4:0:3:3:1:1:0:1
0:2:0:0:0:3:4:2:0:,clone,4265.957622514986,0:2:1:0:0:4:4:2:0
1:4:1:2:2:2:3:1:1:,recombination,4621.507830300023,2:4:0:3:4:0:0:0:2,1:4:1:2:2:3:2:1:1,MUTATE
0:2:1:1:1:4:3:2:0:,recombination,4617.373101851343,0:3:1:2:2:1:1:0:0,1:4:0:3:3:2:1:0:1
0:2:0:1:1:4:4:2:0:,recombination,4816.928390832579,0:4:1:3:3:2:2:0:0,1:4:1:2:3:0:1:0:1,MUTATE
1:4:1:2:1:2:2:0:1:,recombination,4011.8768601497645,0:3:1:1:1:3:3:0:0,1:4:1:3:3:0:1:0:1
0:4:1:1:1:2:3:0:0:,clone,3907.211704509999,0:4:1:1:1:2:3:0:0
1:4:1:1:1:2:3:0:1:,clone,4387.831874770842,1:4:1:1:1:2:3:0:1
1:4:1:2:1:2:3:0:1:,clone,4379.265511964003,1:4:1:2:1:2:3:0:1
0:2:1:1:1:4:4:2:0:,recombination,4746.811815700997,0:2:0:1:0:4:4:1:0,0:1:1:0:0:4:4:1:0,MUTATE
1:3:0:2:2:3:3:1:0:,recombination,5186.675686001858,1:4:0:2:2:1:1:0:2,0:2:1:0:0:4:4:1:0,MUTATE
1:4:0:2:2:2:2:1:1:,recombination,4021.666250663157,0:4:1:2:2:1:2:0:0,0:3:0:1:0:4:4:1:0
1:4:0:2:2:1:2:1:1:,recombination,4070.262709255741,0:2:1:1:1:3:3:1:0,1:4:0:2:2:1:2:0:1
0:3:0:1:0:4:4:2:0:,recombination,4441.745296911147,1:4:1:2:1:2:2:0:1,1:3:0:2:1:1:2:1:1,MUTATE
0:2:1:1:1:4:3:2:0:,recombination,4496.191084142455,0:3:1:1:1:3:4:2:0,1:4:0:3:3:2:1:0:1,MUTATE
1:4:0:3:3:2:1:0:1:,clone,4314.753077917902,1:4:0:3:3:2:1:0:1
