4:4:4:4:4:1:1:4:4:,initialisation,14954.567957991578,
4:4:4:4:4:2:2:4:4:,initialisation,16524.933149476088,
4:4:4:4:4:2:3:4:4:,initialisation,14906.393155377995,
4:4:4:4:4:1:2:4:4:,initialisation,15084.666755411072,
4:4:4:4:4:3:3:4:4:,initialisation,16798.66168444755,
4:4:4:4:4:2:2:4:4:,initialisation,15826.82139215229,
4:4:4:4:4:2:2:4:4:,initialisation,15780.843677468527,
4:4:4:4:4:2:2:4:4:,initialisation,14903.178330639035,
4:4:4:4:4:2:2:4:4:,initialisation,13622.114930480173,
4:4:4:4:4:3:3:4:4:,initialisation,15653.990335806438,
4:4:4:4:4:1:2:4:4:,initialisation,14143.322682063743,
4:4:4:4:4:3:3:4:4:,initialisation,14999.83043747911,
4:4:4:4:4:1:1:4:4:,initialisation,13223.215267210915,
4:4:4:4:4:2:1:4:4:,initialisation,15458.960295500972,
4:4:4:4:4:2:3:4:4:,initialisation,14493.021635036246,
4:4:4:4:4:1:2:4:4:,initialisation,13739.505730924588,
4:4:4:4:4:3:2:4:4:,initialisation,15888.1589656041,
4:4:4:4:4:3:3:4:4:,initialisation,14914.306767505685,
4:4:4:4:4:1:2:4:4:,initialisation,12933.528568094918,
4:4:4:4:4:2:1:4:4:,initialisation,15295.750473094775,
4:4:4:4:4:3:2:4:4:,initialisation,15449.451697715602,
4:4:4:4:4:2:3:4:4:,initialisation,14437.038699111818,
4:4:4:4:4:2:2:4:4:,initialisation,13596.735822114695,
4:4:4:4:4:3:3:4:4:,initialisation,14738.60781524547,
4:4:4:4:4:3:2:4:4:,initialisation,15243.93870647746,
4:4:4:4:4:2:1:4:4:,initialisation,15083.108098903049,
3:2:4:4:0:4:4:4:0:,initialisation,17293.32196869888,
4:4:4:4:4:1:1:4:4:,initialisation,13074.347786594422,
4:4:4:4:4:3:3:4:4:,initialisation,14738.363505479081,
4:4:4:4:4:2:1:4:4:,initialisation,14633.888464686912,
4:4:4:4:4:2:3:4:4:,initialisation,14271.759004330437,
4:4:4:4:4:2:3:4:4:,initialisation,14163.087873514252,
4:4:4:4:4:1:2:4:4:,initialisation,12779.552333846425,
4:4:4:4:4:2:2:4:4:,initialisation,13091.29938287345,
4:4:4:4:4:2:1:4:4:,initialisation,14317.23977934835,
4:4:4:4:4:1:1:4:4:,initialisation,12942.18971058164,
4:4:4:4:4:3:2:4:4:,initialisation,15089.723736496051,
4:4:4:4:4:0:1:4:4:,initialisation,13114.668329541591,
4:4:4:4:4:0:1:3:4:,initialisation,12690.7599623246,
4:4:4:4:4:1:2:4:4:,initialisation,12770.69630170452,
4:4:4:4:4:3:3:4:4:,initialisation,14510.779465714662,
2:2:4:4:0:4:4:4:0:,initialisation,17153.531338273235,
4:4:4:4:4:1:2:4:4:,initialisation,12752.594351751657,
4:4:4:4:4:1:1:4:4:,initialisation,12205.046679655752,
4:4:4:4:4:2:3:4:4:,initialisation,14135.96304751702,
4:4:4:4:4:3:3:4:4:,recombination,14498.430188912977,4:4:4:4:4:3:3:4:4,4:4:4:4:4:2:2:4:4,MUTATE
4:4:4:4:4:2:2:4:4:,clone,13044.222108951997,4:4:4:4:4:2:2:4:4
4:4:4:4:4:3:3:4:4:,recombination,14110.69182567426,4:4:4:4:4:3:3:4:4,4:4:4:4:4:2:2:4:4
4:4:4:4:4:2:2:4:4:,recombination,12853.863237970823,4:4:4:4:4:2:2:4:4,4:4:4:4:4:2:1:4:4
4:3:4:4:4:3:4:4:4:,recombination,14579.372158213904,4:4:4:4:4:3:3:4:4,4:4:4:4:4:2:3:4:4
4:4:4:4:4:1:1:4:4:,clone,11964.592396443533,4:4:4:4:4:1:1:4:4
4:4:4:4:4:2:1:4:4:,clone,14157.759367546372,4:4:4:4:4:2:1:4:4
4:4:4:4:4:1:2:4:4:,recombination,12717.22360989797,4:4:4:4:4:3:3:4:4,4:4:4:4:4:1:1:4:4
4:4:4:4:4:3:2:4:4:,clone,15089.72373649605,4:4:4:4:4:3:2:4:4
4:4:4:4:4:3:3:4:4:,clone,13872.137713946124,4:4:4:4:4:3:3:4:4
4:4:4:4:4:0:1:4:4:,recombination,11405.159310751336,4:4:4:4:4:0:1:4:4,4:4:4:4:4:1:1:4:4
4:4:4:4:4:1:2:4:4:,clone,12512.737369080063,4:4:4:4:4:1:2:4:4
4:4:4:4:4:3:3:4:4:,recombination,13725.169638063997,4:4:4:4:4:3:3:4:4,4:4:4:4:4:2:2:4:4
4:3:4:4:4:4:4:4:2:,recombination,16674.402707442765,3:2:4:4:0:4:4:4:0,4:4:4:4:4:3:3:4:4,MUTATE
4:4:4:4:4:2:3:4:4:,recombination,13900.301061304126,4:4:4:4:4:2:3:4:4,4:4:4:4:4:3:2:4:4,MUTATE
4:4:4:4:4:1:1:4:4:,clone,11853.646236527202,4:4:4:4:4:1:1:4:4
4:4:4:4:4:3:3:4:4:,clone,13402.895975247018,4:4:4:4:4:3:3:4:4
4:4:4:4:4:3:3:4:4:,recombination,13343.924846246522,4:4:4:4:4:2:1:4:4,4:4:4:4:4:3:3:4:4,MUTATE
4:4:4:4:4:1:2:4:4:,recombination,12063.385451391203,4:4:4:4:4:2:2:4:4,4:4:4:4:4:1:1:4:4,MUTATE
4:4:4:4:4:2:3:4:4:,recombination,13533.02413079351,4:4:4:4:4:3:3:4:4,4:4:4:4:4:1:2:4:4
2:2:4:4:0:4:4:4:0:,clone,17126.498225717987,2:2:4:4:0:4:4:4:0
2:2:4:4:0:4:4:4:0:,recombination,16775.291112650564,4:4:4:4:4:1:2:4:4,2:2:4:4:0:4:4:4:0,MUTATE
4:4:4:4:4:2:3:4:4:,recombination,13278.119183478611,4:4:4:4:4:1:2:4:4,4:4:4:4:4:3:3:4:4
4:3:4:4:4:3:3:4:4:,clone,13535.983227440953,4:4:4:4:4:3:3:4:4
4:3:4:4:4:3:3:4:4:,clone,13440.163272326145,4:3:4:4:4:3:3:4:4
4:3:4:4:4:4:4:4:3:,recombination,15707.78155197631,4:4:4:4:4:3:3:4:4,3:2:4:4:0:4:4:4:0
4:3:4:4:4:4:4:4:2:,clone,16660.876463063334,4:3:4:4:4:4:4:4:2
3:3:4:4:4:4:4:4:1:,recombination,16528.067138447837,2:2:4:4:0:4:4:4:0,4:4:4:4:4:1:1:4:4,MUTATE
2:2:4:4:0:4:4:4:0:,clone,16553.828640954354,2:2:4:4:0:4:4:4:0
4:4:4:4:4:2:3:4:4:,recombination,13219.953320654618,4:4:4:4:4:3:3:4:4,4:4:4:4:4:1:2:4:4
2:2:4:4:0:4:4:4:0:,clone,16461.699557085452,2:2:4:4:0:4:4:4:0
4:4:4:4:4:2:3:4:4:,recombination,13188.042616002545,4:4:4:4:4:2:3:4:4,4:4:4:4:4:1:2:4:4,MUTATE
3:3:4:4:4:4:4:4:1:,recombination,16456.71463891798,2:2:4:4:0:4:4:4:0,4:4:4:4:4:3:3:4:4
4:3:4:4:4:4:4:4:3:,recombination,15608.155639518453,4:4:4:4:4:2:3:4:4,2:2:4:4:0:4:4:4:0
3:3:4:4:3:4:4:4:1:,recombination,16128.64360715306,4:4:4:4:4:2:2:4:4,2:2:4:4:0:4:4:4:0
4:4:4:4:4:3:2:4:4:,recombination,14195.219776961807,4:4:4:4:4:3:3:4:4,4:4:4:4:4:2:1:4:4
4:3:4:4:4:4:4:4:3:,clone,15422.664563212482,4:3:4:4:4:4:4:4:3
4:4:4:4:4:0:1:3:4:,clone,12570.976018761097,4:4:4:4:4:0:1:3:4
3:3:4:4:4:4:4:4:1:,clone,16341.455438096475,3:3:4:4:4:4:4:4:1
4:3:4:4:4:4:4:4:3:,recombination,14996.735251596963,4:4:4:4:4:3:3:4:4,3:3:4:4:4:4:4:4:1,MUTATE
4:3:4:4:3:4:4:4:1:,recombination,17112.55079591428,4:4:4:4:4:1:2:4:4,3:2:4:4:0:4:4:4:0
4:3:4:4:4:3:4:4:4:,recombination,13895.825764231135,4:4:4:4:4:3:3:4:4,3:3:4:4:3:4:4:4:1,MUTATE
3:2:4:4:1:4:4:4:0:,recombination,17338.6789381684,4:3:4:4:3:4:4:4:1,3:2:4:4:0:4:4:4:0,MUTATE
4:3:4:4:4:4:4:4:2:,clone,15559.4177869018,4:3:4:4:4:4:4:4:2
2:2:4:4:0:4:4:4:0:,clone,16436.90287210203,2:2:4:4:0:4:4:4:0
3:2:4:4:3:4:4:4:1:,recombination,17020.948154733458,2:2:4:4:0:4:4:4:0,3:3:4:4:4:4:4:4:1,MUTATE
4:3:4:4:4:3:4:4:3:,recombination,14020.746237233167,4:4:4:4:4:3:2:4:4,4:3:4:4:4:3:4:4:4
4:2:4:4:4:4:4:4:2:,clone,15559.4177869018,4:2:4:4:4:4:4:4:2
2:2:4:4:0:4:4:4:0:,clone,16307.033001276182,2:2:4:4:0:4:4:4:0
3:2:4:4:2:4:4:4:1:,clone,17103.62382257892,3:2:4:4:2:4:4:4:1
3:2:4:4:3:4:4:4:1:,clone,17017.91335412156,3:2:4:4:3:4:4:4:1
3:2:4:4:3:4:4:4:1:,clone,16859.26568799767,3:2:4:4:3:4:4:4:1
4:3:4:4:4:4:4:4:3:,recombination,14258.780439072492,4:4:4:4:4:3:3:4:4,2:2:4:4:0:4:4:4:0,MUTATE
2:2:4:4:1:4:4:4:0:,clone,16932.98336041694,2:2:4:4:1:4:4:4:0
4:3:4:4:3:4:4:4:1:,recombination,15691.068046410192,4:4:4:4:4:2:2:4:4,2:2:4:4:0:4:4:4:0,MUTATE
3:2:4:4:1:4:4:4:0:,recombination,16417.53771263274,4:4:4:4:4:1:1:4:4,2:2:4:4:0:4:4:4:0,MUTATE
2:2:4:4:1:4:4:4:0:,clone,16921.97997082066,2:2:4:4:1:4:4:4:0
2:2:4:4:1:4:4:4:0:,clone,16901.10317278941,2:2:4:4:1:4:4:4:0
3:2:4:4:0:4:4:4:0:,clone,17138.812868852252,3:2:4:4:0:4:4:4:0
4:3:4:4:4:4:4:4:3:,clone,14209.660743895747,4:3:4:4:4:4:4:4:3
2:2:4:4:1:4:4:4:0:,recombination,16768.485724866558,3:3:4:4:4:4:4:4:1,2:2:4:4:1:4:4:4:0,MUTATE
3:2:4:4:4:4:4:4:1:,recombination,15250.77732582531,4:4:4:4:4:3:3:4:4,2:2:4:4:1:4:4:4:0
4:3:4:4:4:4:4:4:3:,recombination,14166.269948796704,4:3:4:4:4:4:4:4:3,4:3:4:4:4:4:4:4:3,MUTATE
3:2:4:4:2:4:4:4:1:,recombination,15577.274360771238,4:3:4:4:4:3:4:4:3,3:3:4:4:4:4:4:4:1,MUTATE
3:3:4:4:3:4:4:4:1:,clone,15838.334898039064,3:3:4:4:3:4:4:4:1
4:3:4:4:4:3:4:4:4:,recombination,13708.639175717415,4:4:4:4:4:2:3:4:4,4:4:4:4:4:3:3:4:4
4:3:4:4:3:4:4:4:1:,clone,15425.393034509447,4:3:4:4:3:4:4:4:1
4:3:4:4:4:4:4:4:3:,recombination,13904.670158121951,4:3:4:4:4:4:4:4:3,4:4:4:4:4:2:1:4:4
4:4:4:4:4:3:4:4:4:,recombination,13477.325352853019,4:4:4:4:4:2:3:4:4,4:4:4:4:4:2:2:4:4,MUTATE
4:3:4:4:4:4:4:4:3:,clone,13755.374182313124,4:3:4:4:4:4:4:4:3
4:3:4:4:4:3:4:4:4:,recombination,13627.603869571778,2:2:4:4:1:4:4:4:0,4:3:4:4:4:3:4:4:4
4:3:4:4:4:4:4:4:2:,clone,14661.104142137912,4:3:4:4:4:4:4:4:2
3:2:4:4:0:4:4:4:0:,recombination,15996.212735478433,3:3:4:4:3:4:4:4:1,2:2:4:4:0:4:4:4:0
4:3:4:4:4:4:4:4:2:,recombination,14556.533172164229,4:2:4:4:4:4:4:4:2,4:3:4:4:4:4:4:4:2,MUTATE
4:3:4:4:4:4:4:4:4:,recombination,15928.360185116522,4:4:4:4:4:3:2:4:4,2:2:4:4:0:4:4:4:0,MUTATE
4:3:4:4:4:4:4:4:4:,recombination,14043.375532959226,4:4:4:4:4:2:1:4:4,4:4:4:4:4:3:3:4:4
4:3:4:4:4:4:4:4:2:,recombination,14378.336573064567,4:4:4:4:4:3:3:4:4,3:2:4:4:2:4:4:4:1,MUTATE
3:2:4:4:2:4:4:4:0:,recombination,15935.815214609795,4:2:4:4:4:4:4:4:2,2:2:4:4:1:4:4:4:0
4:2:4:4:4:4:4:4:2:,recombination,14314.542429122159,4:3:4:4:4:3:3:4:4,2:2:4:4:0:4:4:4:0
4:3:4:4:4:4:4:4:2:,recombination,14091.421467140659,4:3:4:4:4:3:4:4:4,3:2:4:4:4:4:4:4:1
4:3:4:4:4:3:4:4:4:,clone,13574.682960832466,4:3:4:4:4:3:4:4:4
3:2:4:4:0:4:4:4:0:,clone,15985.66581085923,3:2:4:4:0:4:4:4:0
4:2:4:4:4:4:4:4:1:,clone,14868.791498070173,4:2:4:4:4:4:4:4:1
2:2:4:4:2:4:4:4:0:,clone,16123.723333510803,2:2:4:4:2:4:4:4:0
4:3:4:4:4:4:4:4:4:,recombination,13965.11724162224,4:4:4:4:4:3:3:4:4,4:3:4:4:4:4:4:4:2,MUTATE
3:2:4:4:0:4:4:4:0:,clone,15962.535693906624,3:2:4:4:0:4:4:4:0
2:2:4:4:0:4:4:4:0:,recombination,16166.921876257213,4:4:4:4:4:3:2:4:4,3:2:4:4:1:4:4:4:0,MUTATE
2:2:4:4:2:4:4:4:0:,recombination,15880.684001436939,2:2:4:4:0:4:4:4:0,3:3:4:4:4:4:4:4:1,MUTATE
4:3:4:4:4:4:4:4:4:,clone,13941.747377445323,4:3:4:4:4:4:4:4:4
4:4:4:4:4:3:3:4:4:,recombination,13089.262195815569,4:4:4:4:4:2:3:4:4,4:4:4:4:4:3:2:4:4,MUTATE
4:3:4:4:4:3:4:4:4:,recombination,13549.400089195748,4:3:4:4:4:4:4:4:2,4:4:4:4:4:2:3:4:4
3:2:4:4:4:4:4:4:1:,recombination,15214.696792920722,3:2:4:4:2:4:4:4:1,4:3:4:4:4:4:4:4:2
3:2:4:4:1:4:4:4:1:,clone,16127.065530467129,3:2:4:4:1:4:4:4:1
2:2:4:4:0:4:4:4:0:,recombination,15999.580384768667,4:3:4:4:4:4:4:4:3,2:2:4:4:0:4:4:4:0
3:2:4:4:1:4:4:4:1:,recombination,15735.747363628,3:2:4:4:2:4:4:4:1,4:4:4:4:4:2:2:4:4,MUTATE
3:2:4:4:1:4:4:4:0:,clone,15854.74077791902,3:2:4:4:1:4:4:4:0
4:3:4:4:4:3:3:4:4:,clone,13409.58332930649,4:4:4:4:4:3:3:4:4
4:3:4:4:2:4:4:4:1:,recombination,16155.238940600766,3:3:4:4:3:4:4:4:1,4:4:4:4:4:3:2:4:4,MUTATE
4:2:4:4:2:4:4:4:1:,recombination,15161.506115990138,4:4:4:4:4:2:3:4:4,2:2:4:4:0:4:4:4:0,MUTATE
2:2:4:4:0:4:4:4:0:,recombination,14703.410963937758,4:3:4:4:4:4:4:4:3,4:4:4:4:4:1:2:4:4,MUTATE
3:2:4:4:1:4:4:4:0:,clone,14408.77283561152,3:2:4:4:1:4:4:4:0
3:2:4:4:3:4:4:4:1:,recombination,14706.157983752355,4:4:4:4:4:2:3:4:4,4:3:4:4:4:4:4:4:3,MUTATE
2:2:4:4:0:4:4:4:0:,clone,14658.30755329045,2:2:4:4:0:4:4:4:0
3:2:4:4:3:4:4:4:1:,clone,14552.989208717181,3:2:4:4:3:4:4:4:1
3:2:4:4:1:4:4:4:0:,clone,14313.326719892064,3:2:4:4:1:4:4:4:0
3:2:4:4:4:4:4:4:1:,recombination,14080.168773034247,4:4:4:4:4:1:1:4:4,4:4:4:4:4:2:3:4:4
3:3:4:4:3:4:4:4:1:,clone,14738.38859301304,3:2:4:4:3:4:4:4:1
3:2:4:4:0:4:4:4:0:,clone,15291.218196989981,3:2:4:4:1:4:4:4:0
3:2:4:4:2:4:4:4:1:,recombination,15217.80293544243,4:4:4:4:4:1:2:4:4,4:3:4:4:4:3:4:4:4
3:2:4:4:2:4:4:4:1:,clone,15217.802935442427,3:2:4:4:2:4:4:4:1
4:2:4:4:4:4:4:4:2:,clone,14023.68205621337,4:2:4:4:4:4:4:4:2
3:2:4:4:0:4:4:4:0:,recombination,14476.616523303494,4:2:4:4:4:4:4:4:2,3:2:4:4:0:4:4:4:0
3:2:4:4:2:4:4:4:1:,recombination,15020.488154249173,4:4:4:4:4:3:3:4:4,3:2:4:4:2:4:4:4:1
3:2:4:4:1:4:4:4:1:,recombination,15690.022481116797,4:3:4:4:3:4:4:4:1,4:4:4:4:4:3:3:4:4
3:2:4:4:1:4:4:4:1:,recombination,14707.110270274092,4:4:4:4:4:2:2:4:4,4:4:4:4:4:1:2:4:4,MUTATE
4:2:4:4:2:4:4:4:1:,recombination,14968.378445902215,3:2:4:4:0:4:4:4:0,4:3:4:4:4:4:4:4:3
4:2:4:4:3:4:4:4:1:,clone,14802.201250153712,4:2:4:4:3:4:4:4:1
4:2:4:4:4:4:4:4:1:,clone,14552.050808948226,4:2:4:4:4:4:4:4:1
4:2:4:4:3:4:4:4:1:,recombination,14710.257178073412,2:2:4:4:0:4:4:4:0,4:4:4:4:4:3:3:4:4
4:2:4:4:3:4:4:4:1:,clone,14512.922234915355,4:2:4:4:3:4:4:4:1
3:3:4:4:4:4:4:4:1:,recombination,15517.220096821577,4:4:4:4:4:2:2:4:4,4:4:4:4:4:1:1:4:4,MUTATE
4:3:4:4:4:4:4:4:1:,clone,15311.714567349845,3:3:4:4:4:4:4:4:1
3:2:4:4:2:4:4:4:1:,recombination,14891.686137596867,2:2:4:4:0:4:4:4:0,4:4:4:4:4:3:3:4:4,MUTATE
4:2:4:4:3:4:4:4:1:,clone,14412.081096811702,4:2:4:4:3:4:4:4:1
3:2:4:4:2:4:4:4:1:,recombination,14486.225924400433,2:2:4:4:0:4:4:4:0,4:4:4:4:4:3:3:4:4,MUTATE
3:3:4:4:4:4:4:4:1:,recombination,15154.483626089655,4:3:4:4:4:4:4:4:1,4:3:4:4:4:3:3:4:4,MUTATE
4:2:4:4:3:4:4:4:1:,clone,13983.584548775778,4:2:4:4:3:4:4:4:1
3:2:4:4:0:4:4:4:0:,clone,14272.877614979268,3:2:4:4:0:4:4:4:0
3:3:4:4:4:4:4:4:1:,clone,14855.59461597859,3:3:4:4:4:4:4:4:1
3:2:4:4:3:4:4:4:1:,recombination,14133.08801008538,4:3:4:4:4:4:4:4:2,4:4:4:4:4:3:3:4:4,MUTATE
3:2:4:4:2:4:4:4:1:,clone,14324.498613786396,3:2:4:4:2:4:4:4:1
3:3:4:4:4:4:4:4:1:,clone,14855.594615978589,3:3:4:4:4:4:4:4:1
3:3:4:4:3:4:4:4:1:,recombination,14611.14874233192,2:2:4:4:0:4:4:4:0,4:4:4:4:4:3:4:4:4,MUTATE
3:3:4:4:1:4:4:4:1:,recombination,16172.503089104752,4:4:4:4:4:2:3:4:4,4:3:4:4:2:4:4:4:1,MUTATE
3:3:4:4:4:4:4:4:1:,clone,14534.438034203036,3:3:4:4:4:4:4:4:1
4:3:4:4:4:4:4:4:1:,clone,15032.021501709823,4:3:4:4:4:4:4:4:1
4:3:4:4:4:2:3:4:4:,recombination,14448.904989056133,4:4:4:4:4:0:1:3:4,3:2:4:4:1:4:4:4:1
3:3:4:4:4:4:4:4:1:,clone,14530.374403182677,4:3:4:4:4:4:4:4:1
3:3:4:4:0:4:4:4:0:,clone,16230.346146691025,3:2:4:4:0:4:4:4:0
3:3:4:4:2:4:4:4:1:,clone,15776.702606794839,3:3:4:4:2:4:4:4:1
4:3:4:4:4:2:3:4:4:,recombination,13485.530125886158,4:4:4:4:4:1:1:4:4,4:3:4:4:4:2:3:4:4,MUTATE
3:3:4:4:2:4:4:4:1:,clone,15751.060252747775,3:3:4:4:2:4:4:4:1
3:3:4:4:1:4:4:4:0:,recombination,15981.100730124122,4:3:4:4:4:4:4:4:2,4:4:4:4:4:1:2:4:4,MUTATE
4:3:4:4:4:4:3:4:4:,recombination,15581.17831885319,4:4:4:4:4:3:2:4:4,4:4:4:4:4:1:1:4:4
4:4:4:4:4:4:3:4:4:,recombination,15421.695248126573,4:4:4:4:4:3:2:4:4,4:4:4:4:4:2:3:4:4
4:4:4:4:4:4:4:4:4:,recombination,16255.752363095535,4:4:4:4:4:2:1:4:4,4:3:4:4:4:4:4:4:2
4:3:4:4:2:4:4:4:1:,recombination,16001.248374426801,4:4:4:4:4:3:4:4:4,3:2:4:4:2:4:4:4:1,MUTATE
3:3:4:4:0:4:4:4:0:,clone,16039.701583016138,3:2:4:4:0:4:4:4:0
3:2:4:4:2:4:4:4:0:,clone,15230.010082304068,3:2:4:4:1:4:4:4:0
3:3:4:4:2:4:4:4:1:,recombination,15597.459648632856,3:3:4:4:1:4:4:4:0,4:4:4:4:4:3:3:4:4,MUTATE
4:3:4:4:3:4:4:4:1:,recombination,15405.54289528884,4:3:4:4:4:4:4:4:2,4:3:4:4:4:4:4:4:2,MUTATE
4:3:4:4:3:4:4:4:1:,clone,15392.588929016896,4:3:4:4:3:4:4:4:1
3:3:4:4:0:4:4:4:0:,clone,15923.440360405146,3:3:4:4:0:4:4:4:0
4:3:4:4:2:4:4:4:1:,recombination,15456.183490577105,3:3:4:4:0:4:4:4:0,3:2:4:4:3:4:4:4:1,MUTATE
4:3:4:4:3:4:4:4:1:,recombination,15348.846933747616,3:3:4:4:3:4:4:4:1,4:3:4:4:3:4:4:4:1,MUTATE
3:3:4:4:1:4:4:4:1:,recombination,15898.099437436027,4:4:4:4:4:2:3:4:4,4:3:4:4:4:4:4:4:2
2:3:4:4:0:4:4:4:0:,recombination,16225.066970899856,3:3:4:4:3:4:4:4:1,3:3:4:4:0:4:4:4:0,MUTATE
4:3:4:4:3:4:4:4:1:,clone,14839.95746373784,3:3:4:4:3:4:4:4:1
3:3:4:4:2:4:4:4:1:,recombination,15021.52886202756,4:3:4:4:2:4:4:4:1,3:3:4:4:4:4:4:4:1
4:3:4:4:4:4:3:4:4:,recombination,15471.986783741095,4:3:4:4:4:4:4:4:2,4:4:4:4:4:4:3:4:4
3:3:4:4:2:4:4:4:1:,clone,14906.708854188872,3:3:4:4:2:4:4:4:1
4:3:4:4:4:4:3:4:4:,clone,15144.846003322038,4:3:4:4:4:4:3:4:4
4:3:4:4:4:4:3:4:4:,clone,15104.38882910753,4:3:4:4:4:4:3:4:4
3:2:4:4:4:4:4:4:0:,recombination,15468.409625732724,4:4:4:4:4:2:2:4:4,4:4:4:4:4:1:2:4:4
2:2:4:4:0:4:4:4:0:,clone,14558.71334728946,2:2:4:4:0:4:4:4:0
3:2:4:4:3:4:4:4:0:,recombination,15683.284664372699,4:4:4:4:4:2:2:4:4,3:2:4:4:4:4:4:4:1,MUTATE
2:2:4:4:0:4:4:4:0:,recombination,14310.65372208135,3:2:4:4:1:4:4:4:0,4:2:4:4:4:4:4:4:1,MUTATE
2:2:4:4:0:4:4:4:0:,clone,14202.776695261384,2:2:4:4:0:4:4:4:0
3:2:4:4:3:4:4:4:0:,recombination,15227.441402968254,3:3:4:4:1:4:4:4:0,3:2:4:4:3:4:4:4:0,MUTATE
2:3:4:4:0:4:4:4:0:,clone,15637.769608703178,2:3:4:4:0:4:4:4:0
2:2:4:4:3:4:4:4:0:,recombination,15583.485550367233,4:4:4:4:4:2:2:4:4,2:2:4:4:0:4:4:4:0
2:3:4:4:0:4:4:4:0:,clone,15150.118079720565,2:3:4:4:0:4:4:4:0
2:2:4:4:4:4:4:4:0:,clone,15732.893833422604,2:2:4:4:4:4:4:4:0
2:2:4:4:3:4:4:4:0:,clone,14771.907038415375,2:2:4:4:3:4:4:4:0
2:2:4:4:1:4:4:4:0:,recombination,15174.84536830397,4:2:4:4:4:4:4:4:2,4:4:4:4:4:2:2:4:4,MUTATE
2:2:4:4:4:4:4:4:0:,recombination,15551.480434915686,3:2:4:4:4:4:4:4:0,4:3:4:4:4:4:4:4:3,MUTATE
2:3:4:4:1:4:4:4:0:,recombination,15724.972138481195,4:2:4:4:4:4:4:4:2,2:2:4:4:1:4:4:4:0,MUTATE
2:2:4:4:0:4:4:4:0:,recombination,14128.87502672324,3:2:4:4:1:4:4:4:0,2:2:4:4:0:4:4:4:0
2:2:4:4:0:4:4:4:0:,recombination,14100.601099461357,3:2:4:4:4:4:4:4:0,2:2:4:4:0:4:4:4:0
4:2:4:4:2:4:4:4:0:,clone,16853.80873503052,4:2:4:4:2:4:4:4:0
4:2:4:4:1:4:4:4:0:,recombination,16194.894743190778,2:2:4:4:0:4:4:4:0,4:4:4:4:4:2:1:4:4,MUTATE
4:2:4:4:1:4:4:4:1:,recombination,16091.767654786647,3:3:4:4:3:4:4:4:1,4:4:4:4:4:2:1:4:4,MUTATE
4:4:4:4:4:4:3:4:4:,recombination,15385.168757999323,4:4:4:4:4:2:1:4:4,3:2:4:4:3:4:4:4:0
3:3:4:4:1:4:4:4:0:,clone,15597.2472545793,3:2:4:4:1:4:4:4:0
4:2:4:4:3:4:4:4:2:,recombination,15375.071793949664,4:4:4:4:4:2:3:4:4,4:4:4:4:4:2:1:4:4,MUTATE
4:4:4:4:4:4:4:4:4:,clone,15820.847185927027,4:4:4:4:4:4:4:4:4
4:3:4:4:3:4:4:4:2:,recombination,15298.963765509188,4:3:4:4:3:4:4:4:1,4:4:4:4:4:2:1:4:4
3:2:4:4:1:4:4:4:0:,recombination,14159.265919112326,4:4:4:4:4:1:1:4:4,4:4:4:4:4:2:3:4:4
2:2:4:4:0:4:4:4:0:,clone,13969.227458886164,2:2:4:4:0:4:4:4:0
3:2:4:4:2:4:4:4:0:,recombination,14586.648200529029,4:4:4:4:4:2:2:4:4,3:2:4:4:1:4:4:4:0
3:3:4:4:2:4:4:4:0:,clone,16463.489306090818,3:3:4:4:2:4:4:4:0
3:3:4:4:2:4:4:4:0:,clone,16044.441021278635,3:3:4:4:2:4:4:4:0
3:3:4:4:2:4:4:4:0:,clone,16012.241464186536,3:3:4:4:2:4:4:4:0
3:2:4:4:3:4:4:4:0:,clone,15080.00494106494,3:2:4:4:3:4:4:4:0
3:3:4:4:1:4:4:4:0:,recombination,15583.237143914981,3:2:4:4:2:4:4:4:0,4:4:4:4:4:2:1:4:4,MUTATE
3:3:4:4:1:4:4:4:0:,clone,15297.158578395456,3:3:4:4:1:4:4:4:0
3:3:4:4:1:4:4:4:0:,clone,15242.371503440878,3:3:4:4:1:4:4:4:0
4:3:4:4:4:3:4:4:2:,recombination,15474.716193762877,3:2:4:4:2:4:4:4:1,4:3:4:4:4:2:3:4:4
2:2:4:4:2:4:4:4:0:,recombination,15296.72884243461,4:2:4:4:3:4:4:4:1,4:3:4:4:4:2:3:4:4,MUTATE
2:2:4:4:2:4:4:4:0:,recombination,15085.688566192946,4:4:4:4:4:3:3:4:4,2:2:4:4:2:4:4:4:0,MUTATE
4:3:4:4:4:3:4:4:2:,recombination,14878.349538709339,4:3:4:4:4:3:4:4:2,3:3:4:4:3:4:4:4:1
1:2:4:4:0:4:4:4:0:,clone,15481.256705158288,3:2:4:4:0:4:4:4:0
2:3:4:4:0:4:4:4:0:,clone,14959.35932411163,2:3:4:4:0:4:4:4:0
3:3:4:4:4:4:4:4:2:,recombination,15000.129115495647,4:3:4:4:4:4:4:4:2,4:4:4:4:4:0:1:3:4,MUTATE
2:2:4:4:2:4:4:4:0:,recombination,14833.5978124435,3:3:4:4:4:4:4:4:1,4:3:4:4:4:2:3:4:4
4:4:4:4:4:0:0:0:4:,clone,14672.165246000637,2:2:4:4:0:4:4:4:0
4:4:4:4:4:0:0:2:4:,clone,14703.848799680727,4:4:4:4:4:0:0:2:4
4:4:4:4:4:0:0:4:4:,recombination,14904.914169978576,3:2:4:4:1:4:4:4:1,2:2:4:4:0:4:4:4:0
4:4:4:4:4:0:0:4:4:,clone,14864.5714298776,4:4:4:4:4:0:0:4:4
4:4:4:4:4:0:0:4:4:,clone,14766.390922754566,4:4:4:4:4:0:0:4:4
4:4:4:4:4:4:3:4:4:,recombination,15245.975154321468,4:4:4:4:4:3:2:4:4,4:4:4:4:4:1:1:4:4
4:3:4:4:4:4:3:4:4:,recombination,14863.992152498977,4:3:4:4:4:4:4:4:3,4:2:4:4:2:4:4:4:1,MUTATE
4:3:4:4:4:4:3:4:4:,clone,14465.570378958531,4:3:4:4:4:4:3:4:4
3:3:4:4:4:4:4:4:1:,clone,14467.982108854125,3:3:4:4:4:4:4:4:1
2:2:4:4:1:4:4:4:0:,recombination,15059.274292500932,4:3:4:4:4:4:4:4:1,4:3:4:4:3:4:4:4:1,MUTATE
4:4:4:4:4:4:3:4:4:,clone,14529.614728188339,4:3:4:4:4:4:4:4:4
4:4:4:4:4:4:4:4:4:,clone,14895.34753930131,4:4:4:4:4:4:4:4:4
2:2:4:4:2:4:4:4:0:,recombination,14527.320717470633,3:3:4:4:4:4:4:4:1,2:3:4:4:0:4:4:4:0
3:2:4:4:3:4:4:4:0:,recombination,14696.622527333955,3:2:4:4:0:4:4:4:0,2:3:4:4:1:4:4:4:0
4:3:4:4:4:4:4:4:1:,recombination,14935.776202639634,3:3:4:4:4:4:4:4:1,4:2:4:4:3:4:4:4:1
3:2:4:4:2:4:4:4:0:,clone,14528.522464538475,3:2:4:4:2:4:4:4:0
4:3:4:4:4:4:4:4:1:,recombination,14893.716590843005,4:4:4:4:4:3:3:4:4,4:4:4:4:4:1:2:4:4,MUTATE
4:3:4:4:4:4:4:4:1:,recombination,14808.528095634938,3:2:4:4:2:4:4:4:0,2:2:4:4:0:4:4:4:0
2:2:4:4:1:4:4:4:0:,clone,14847.017494066875,2:2:4:4:1:4:4:4:0
2:2:4:4:1:4:4:4:0:,recombination,14259.594406815717,4:3:4:4:4:4:4:4:1,4:2:4:4:3:4:4:4:1,MUTATE
4:4:4:4:4:0:0:0:4:,clone,14046.701301415049,2:2:4:4:0:4:4:4:0
4:4:4:4:4:0:0:3:4:,recombination,14112.874690743834,3:3:4:4:4:4:4:4:1,4:4:4:4:4:0:0:0:4,MUTATE
4:3:4:4:4:4:4:4:3:,clone,13704.403603126879,4:3:4:4:4:4:4:4:3
4:3:4:4:4:4:4:4:3:,clone,13678.698005651187,4:3:4:4:4:4:4:4:3
4:3:4:4:4:4:4:4:4:,recombination,13857.673200700085,4:2:4:4:3:4:4:4:1,4:3:4:4:4:4:4:4:3
4:3:4:4:4:4:3:4:4:,recombination,14396.517117403984,3:2:4:4:3:4:4:4:1,4:4:4:4:4:3:2:4:4
4:3:4:4:4:4:3:4:4:,recombination,14393.195149079218,4:3:4:4:4:4:3:4:4,4:3:4:4:4:4:3:4:4,MUTATE
4:3:4:4:4:4:4:4:2:,clone,14086.573291916555,4:3:4:4:4:4:4:4:2
4:3:4:4:4:4:4:4:1:,recombination,14792.267718233032,3:2:4:4:1:4:4:4:0,4:3:4:4:4:4:4:4:1,MUTATE
2:3:4:4:1:4:4:4:0:,clone,15375.950857949505,2:2:4:4:1:4:4:4:0
3:3:4:4:1:4:4:4:0:,recombination,15002.20353699552,3:3:4:4:0:4:4:4:0,3:3:4:4:4:4:4:4:1
2:3:4:4:1:4:4:4:0:,clone,15104.957584334072,2:3:4:4:1:4:4:4:0
3:3:4:4:2:4:4:4:0:,recombination,15710.224601607608,4:4:4:4:4:4:4:4:4,4:4:4:4:4:2:1:4:4
3:3:4:4:2:4:4:4:0:,clone,15678.025044515512,3:3:4:4:2:4:4:4:0
3:3:4:4:2:4:4:4:0:,clone,15555.62598715904,3:3:4:4:2:4:4:4:0
3:3:4:4:2:4:4:4:0:,recombination,15402.82123366665,3:3:4:4:2:4:4:4:0,4:4:4:4:4:1:1:4:4
3:3:4:4:2:4:4:4:0:,recombination,15298.614973404674,4:3:4:4:3:4:4:4:1,4:2:4:4:1:4:4:4:1
3:3:4:4:2:4:4:4:0:,clone,15271.856008997458,3:3:4:4:2:4:4:4:0
2:2:4:4:2:4:4:4:1:,clone,15982.480468060132,2:2:4:4:2:4:4:4:1
4:4:4:4:4:0:0:2:4:,recombination,14703.092149536136,4:3:4:4:4:4:4:4:1,4:4:4:4:4:2:3:4:4
4:4:4:4:4:0:0:1:4:,recombination,14655.29755300122,3:3:4:4:4:4:4:4:1,4:2:4:4:3:4:4:4:1,MUTATE
4:4:4:4:4:0:0:2:4:,recombination,14618.005425376965,4:3:4:4:4:3:3:4:4,2:2:4:4:3:4:4:4:0,MUTATE
4:4:4:4:4:0:0:2:4:,clone,14554.745208425371,4:4:4:4:4:0:0:2:4
4:4:4:4:4:0:0:4:4:,clone,13976.053736900947,4:4:4:4:4:0:0:4:4
4:4:4:4:4:0:0:0:4:,recombination,13364.276137881016,3:3:4:4:4:4:4:4:1,4:4:4:4:4:4:3:4:4,MUTATE
4:4:4:4:4:0:0:1:4:,clone,13564.259263963839,4:4:4:4:4:0:0:1:4
4:4:4:4:4:0:0:2:4:,clone,13014.5381255831,4:4:4:4:4:0:0:2:4
4:4:4:4:4:0:0:3:4:,clone,13661.550589195815,4:4:4:4:4:0:0:3:4
4:4:4:4:4:0:0:3:4:,clone,13572.85155731168,4:4:4:4:4:0:0:3:4
4:4:4:4:4:0:0:4:4:,recombination,13938.988473000576,3:2:4:4:2:4:4:4:1,4:4:4:4:4:1:1:4:4,MUTATE
4:4:4:4:4:0:0:3:4:,recombination,13555.16946530352,4:4:4:4:4:3:4:4:4,3:2:4:4:1:4:4:4:0,MUTATE
4:4:4:4:4:0:0:3:4:,recombination,13470.929223106083,4:4:4:4:4:3:3:4:4,4:4:4:4:4:3:3:4:4
4:4:4:4:4:0:0:4:4:,clone,13644.04401740921,4:4:4:4:4:0:0:3:4
3:2:4:4:4:4:4:4:0:,clone,14762.690517364308,3:2:4:4:4:4:4:4:0
3:3:4:4:3:4:4:4:0:,clone,16821.90390409981,3:3:4:4:3:4:4:4:0
3:3:4:4:3:4:4:4:0:,recombination,15697.399664190058,4:4:4:4:4:4:3:4:4,4:4:4:4:4:1:2:4:4
3:2:4:4:3:4:4:4:0:,clone,14488.657538619755,3:2:4:4:3:4:4:4:0
3:3:4:4:2:4:4:4:0:,clone,15180.20944883389,3:3:4:4:2:4:4:4:0
3:3:4:4:2:4:4:4:0:,clone,15165.173893776884,3:3:4:4:2:4:4:4:0
3:3:4:4:2:4:4:4:0:,recombination,15138.320057515692,4:3:4:4:4:4:3:4:4,3:3:4:4:2:4:4:4:0,MUTATE
3:3:4:4:2:4:4:4:0:,recombination,15131.501821277347,4:4:4:4:4:2:3:4:4,4:3:4:4:4:4:3:4:4,MUTATE
2:3:4:4:2:4:4:4:0:,recombination,15607.686525092988,4:4:4:4:4:1:2:4:4,3:3:4:4:2:4:4:4:0,MUTATE
3:3:4:4:2:4:4:4:0:,recombination,15065.948644634107,2:3:4:4:0:4:4:4:0,4:3:4:4:4:4:3:4:4
3:3:4:4:2:4:4:4:0:,recombination,14962.645418587106,3:3:4:4:2:4:4:4:0,3:2:4:4:2:4:4:4:0
3:3:4:4:2:4:4:4:0:,clone,14938.162613211884,3:3:4:4:2:4:4:4:0
3:3:4:4:2:4:4:4:0:,clone,14763.54511746493,3:3:4:4:2:4:4:4:0
3:3:4:4:1:4:4:4:1:,recombination,15711.094453182484,4:4:4:4:4:0:1:3:4,1:2:4:4:0:4:4:4:0
3:3:4:4:1:4:4:4:1:,clone,15220.567783066981,3:3:4:4:1:4:4:4:1
3:3:4:4:1:4:4:4:1:,clone,15051.134005982434,3:3:4:4:1:4:4:4:1
3:3:4:4:1:4:4:4:1:,recombination,15026.754395060374,3:3:4:4:1:4:4:4:1,3:3:4:4:1:4:4:4:1
3:3:4:4:1:4:4:4:1:,clone,14980.871595059696,3:3:4:4:1:4:4:4:1
4:3:4:4:4:4:4:4:1:,clone,14569.261246064103,3:2:4:4:1:4:4:4:1
3:3:4:4:1:4:4:4:1:,clone,14947.976998687918,3:3:4:4:1:4:4:4:1
3:3:4:4:1:4:4:4:1:,clone,14884.693866564996,3:3:4:4:1:4:4:4:1
3:3:4:4:1:4:4:4:1:,clone,14812.526346338556,3:3:4:4:1:4:4:4:1
3:3:4:4:1:4:4:4:1:,clone,14728.728449227963,3:3:4:4:1:4:4:4:1
3:3:4:4:3:4:4:4:1:,recombination,14579.238140731142,3:3:4:4:1:4:4:4:1,2:2:4:4:2:4:4:4:0,MUTATE
3:3:4:4:1:4:4:4:0:,recombination,14825.302545744667,3:2:4:4:0:4:4:4:0,3:3:4:4:1:4:4:4:1
3:3:4:4:1:4:4:4:0:,recombination,14814.991015475392,3:3:4:4:1:4:4:4:0,3:3:4:4:2:4:4:4:0,MUTATE
2:3:4:4:0:4:4:4:0:,recombination,14665.610107560653,3:3:4:4:2:4:4:4:1,3:3:4:4:1:4:4:4:1,MUTATE
3:3:4:4:1:4:4:4:0:,clone,14756.770378163668,3:3:4:4:1:4:4:4:0
3:3:4:4:1:4:4:4:0:,clone,14680.595426647522,3:3:4:4:1:4:4:4:0
2:3:4:4:0:4:4:4:0:,clone,14544.780913328443,2:3:4:4:0:4:4:4:0
3:3:4:4:1:4:4:4:0:,recombination,14559.592224964237,3:3:4:4:1:4:4:4:1,3:3:4:4:1:4:4:4:0,MUTATE
2:3:4:4:1:4:4:4:0:,recombination,14925.915128206736,3:3:4:4:1:4:4:4:1,4:4:4:4:4:3:2:4:4,MUTATE
2:3:4:4:1:4:4:4:0:,recombination,14704.912415505898,3:3:4:4:1:4:4:4:0,3:3:4:4:1:4:4:4:0,MUTATE
3:3:4:4:2:4:4:4:1:,clone,14821.733029493525,3:3:4:4:3:4:4:4:1
3:3:4:4:2:4:4:4:1:,recombination,14794.482927951625,3:3:4:4:4:4:4:4:1,3:3:4:4:2:4:4:4:0
4:4:4:4:4:0:0:2:4:,clone,13001.417821430654,4:4:4:4:4:0:0:2:4
4:4:4:4:4:0:0:2:4:,clone,12856.759491482924,4:4:4:4:4:0:0:2:4
4:4:4:4:4:0:0:2:4:,clone,12567.230177098998,4:4:4:4:4:0:0:2:4
4:4:4:4:4:0:0:3:4:,clone,13086.070881535632,4:4:4:4:4:0:0:3:4
4:4:4:4:4:0:0:1:4:,recombination,13466.490538330398,2:2:4:4:0:4:4:4:0,3:2:4:4:1:4:4:4:1,MUTATE
4:4:4:4:4:0:0:1:4:,clone,13439.805801155266,4:4:4:4:4:0:0:1:4
4:4:4:4:4:0:0:3:4:,recombination,13074.436697950527,3:3:4:4:2:4:4:4:1,3:2:4:4:2:4:4:4:1
4:4:4:4:4:0:0:4:4:,recombination,13546.77952743577,3:3:4:4:2:4:4:4:0,3:2:4:4:3:4:4:4:1,MUTATE
4:4:4:4:4:0:0:4:4:,recombination,13215.782866743624,4:4:4:4:4:1:2:4:4,2:2:4:4:1:4:4:4:0,MUTATE
4:4:4:4:4:0:0:0:4:,recombination,13306.696857306888,3:2:4:4:2:4:4:4:1,4:4:4:4:4:0:0:2:4,MUTATE
4:4:4:4:4:1:0:4:4:,recombination,13848.95568102563,4:3:4:4:4:4:3:4:4,4:3:4:4:4:3:4:4:4,MUTATE
4:4:4:4:4:0:0:3:4:,clone,12900.270278540525,4:4:4:4:4:0:0:4:4
4:4:4:4:4:0:0:4:4:,clone,12894.23359207808,4:4:4:4:4:0:0:4:4
4:4:4:4:4:4:3:4:4:,recombination,14512.378389701218,4:4:4:4:4:1:0:4:4,4:4:4:4:4:0:0:3:4
3:3:4:4:4:4:4:4:2:,clone,14932.464568075202,3:3:4:4:4:4:4:4:2
3:3:4:4:4:4:4:4:2:,clone,14759.276599860636,4:3:4:4:4:4:4:4:2
3:3:4:4:4:4:4:4:2:,clone,14710.92266153337,3:3:4:4:4:4:4:4:2
3:3:4:4:4:4:4:4:2:,recombination,14595.216330606707,3:3:4:4:2:4:4:4:1,3:3:4:4:4:4:4:4:2
4:3:4:4:4:4:3:4:4:,clone,14353.916684332393,4:3:4:4:4:4:3:4:4
1:2:4:4:0:4:4:4:0:,recombination,15276.367480773071,4:3:4:4:4:4:4:4:2,3:2:4:4:2:4:4:4:1,MUTATE
2:3:4:4:3:4:4:4:0:,recombination,15388.174713451215,3:3:4:4:2:4:4:4:0,3:3:4:4:2:4:4:4:0,MUTATE
4:4:4:4:4:1:0:4:4:,clone,13738.171749312789,4:4:4:4:4:0:0:4:4
4:4:4:4:4:3:2:4:4:,clone,14164.599169004849,4:4:4:4:4:3:2:4:4
4:4:4:4:4:3:2:4:4:,recombination,14093.25695175216,3:3:4:4:2:4:4:4:0,4:3:4:4:4:4:4:4:3
4:3:4:4:3:4:4:4:1:,clone,14770.570087625694,4:3:4:4:3:4:4:4:1
4:2:4:4:4:4:4:4:1:,recombination,14440.240117056095,4:4:4:4:4:0:0:2:4,3:3:4:4:2:4:4:4:0
4:2:4:4:1:4:4:4:1:,recombination,16090.512626436184,4:4:4:4:4:4:3:4:4,4:3:4:4:4:4:4:4:3,MUTATE
4:2:4:4:1:4:4:4:1:,clone,15568.98940643971,4:2:4:4:1:4:4:4:1
2:3:4:4:1:4:4:4:0:,clone,14688.246486533759,2:3:4:4:1:4:4:4:0
3:3:4:4:2:4:4:4:1:,recombination,14666.284616653642,3:3:4:4:1:4:4:4:0,3:3:4:4:1:4:4:4:0
2:2:4:4:3:4:4:4:0:,recombination,14611.954303022409,4:4:4:4:4:3:2:4:4,4:2:4:4:4:4:4:4:1
3:3:4:4:2:4:4:4:1:,recombination,14420.491554756667,4:4:4:4:4:1:2:4:4,3:3:4:4:3:4:4:4:1
2:2:4:4:2:4:4:4:1:,clone,15048.138101004124,2:2:4:4:2:4:4:4:1
3:3:4:4:2:4:4:4:1:,recombination,14174.510825945314,4:3:4:4:3:4:4:4:1,3:3:4:4:1:4:4:4:0
3:3:4:4:3:4:4:4:1:,recombination,14420.64988269922,4:4:4:4:4:4:3:4:4,4:3:4:4:4:3:4:4:3,MUTATE
2:3:4:4:0:4:4:4:0:,recombination,14486.547994577919,2:3:4:4:0:4:4:4:0,4:3:4:4:4:4:4:4:1,MUTATE
4:2:4:4:0:4:4:4:0:,clone,16730.71286994876,3:2:4:4:1:4:4:4:0
4:2:4:4:0:4:4:4:0:,recombination,16603.957995866927,4:4:4:4:4:3:2:4:4,4:4:4:4:4:0:0:0:4
4:2:4:4:0:4:4:4:0:,recombination,16471.17660745115,4:4:4:4:4:1:0:4:4,3:2:4:4:1:4:4:4:0
4:2:4:4:0:4:4:4:0:,clone,16406.810950165767,4:2:4:4:0:4:4:4:0
3:3:4:4:0:4:4:4:0:,recombination,15501.539243408728,4:3:4:4:3:4:4:4:1,4:2:4:4:1:4:4:4:0,MUTATE
2:3:4:4:2:4:4:4:0:,clone,14864.462905152943,2:2:4:4:2:4:4:4:0
4:2:4:4:3:4:4:4:2:,clone,15306.417931435119,4:2:4:4:3:4:4:4:2
4:3:4:4:3:4:4:4:2:,recombination,14798.559445023355,2:2:4:4:0:4:4:4:0,4:4:4:4:4:3:3:4:4,MUTATE
4:2:4:4:3:4:4:4:2:,recombination,14674.219248219892,3:2:4:4:3:4:4:4:0,4:4:4:4:4:3:3:4:4
4:2:4:4:2:4:4:4:1:,clone,14810.128973685954,4:2:4:4:2:4:4:4:1
4:2:4:4:3:4:4:4:2:,recombination,14611.177937161341,4:3:4:4:3:4:4:4:2,4:4:4:4:4:0:0:2:4,MUTATE
2:2:4:4:4:4:4:4:1:,recombination,15377.261572077143,2:2:4:4:3:4:4:4:0,4:4:4:4:4:0:0:1:4
2:2:4:4:4:4:4:4:1:,clone,15303.23660413491,2:2:4:4:4:4:4:4:1
4:4:4:4:4:0:0:0:4:,clone,12782.92456277065,4:3:4:4:4:4:4:4:2
4:4:4:4:4:0:0:1:4:,clone,12986.195600155077,4:4:4:4:4:0:0:1:4
3:3:4:4:3:4:4:4:0:,clone,15695.552118867061,3:3:4:4:3:4:4:4:0
3:3:4:4:3:4:4:4:0:,clone,15511.59371211235,3:3:4:4:3:4:4:4:0
3:3:4:4:3:4:4:4:0:,recombination,14810.442828248872,3:2:4:4:0:4:4:4:0,4:3:4:4:4:4:4:4:1,MUTATE
3:3:4:4:3:4:4:4:0:,clone,14807.887808841933,3:3:4:4:3:4:4:4:0
4:3:4:4:2:4:4:4:2:,recombination,15754.335007673262,3:3:4:4:1:4:4:4:0,4:3:4:4:4:4:3:4:4
4:4:4:4:4:1:0:3:4:,recombination,15980.142157819017,2:2:4:4:1:4:4:4:0,4:2:4:4:2:4:4:4:0
2:2:4:4:4:4:4:4:1:,clone,15006.116033684899,4:2:4:4:4:4:4:4:2
3:3:4:4:2:4:4:4:0:,clone,14668.397341335707,3:3:4:4:2:4:4:4:0
3:2:4:4:2:4:4:4:0:,clone,14517.885425367984,3:2:4:4:2:4:4:4:0
3:2:4:4:2:4:4:4:0:,clone,14374.25328752931,3:2:4:4:2:4:4:4:0
3:2:4:4:2:4:4:4:0:,recombination,14348.100413931408,3:3:4:4:2:4:4:4:0,3:2:4:4:2:4:4:4:0
3:2:4:4:2:4:4:4:0:,clone,14321.74752673349,3:2:4:4:2:4:4:4:0
1:2:4:4:0:4:4:4:0:,recombination,15245.020633585576,4:2:4:4:2:4:4:4:0,4:3:4:4:4:3:3:4:4
2:3:4:4:2:4:4:4:0:,recombination,14602.400526542666,3:3:4:4:0:4:4:4:0,3:2:4:4:2:4:4:4:0
4:4:4:4:4:1:0:4:4:,clone,13476.748355585438,4:4:4:4:4:1:0:4:4
4:4:4:4:4:1:0:4:4:,recombination,13351.042379612438,4:4:4:4:4:1:0:4:4,4:4:4:4:4:3:2:4:4,MUTATE
4:4:4:4:4:2:1:4:4:,clone,13935.403459742847,4:4:4:4:4:2:1:4:4
4:4:4:4:4:2:1:4:4:,recombination,13845.694079311139,4:4:4:4:4:0:0:4:4,4:4:4:4:4:2:1:4:4
3:2:4:4:0:4:4:4:1:,clone,15213.39790736586,3:2:4:4:0:4:4:4:1
4:2:4:4:0:4:4:4:1:,recombination,16365.628203739481,3:3:4:4:1:4:4:4:0,4:4:4:4:4:1:2:4:4,MUTATE
3:3:4:4:0:4:4:4:1:,recombination,15823.894617992179,4:3:4:4:2:4:4:4:2,3:2:4:4:2:4:4:4:0
4:2:4:4:0:4:4:4:1:,recombination,16219.76576629007,4:3:4:4:2:4:4:4:2,4:4:4:4:4:0:0:2:4
4:2:4:4:0:4:4:4:1:,recombination,15965.73999229621,3:3:4:4:0:4:4:4:1,4:3:4:4:4:3:3:4:4
3:3:4:4:4:4:4:4:2:,clone,14307.866998307974,4:3:4:4:4:4:4:4:3
3:3:4:4:4:4:4:4:2:,clone,13936.799460288592,3:3:4:4:4:4:4:4:2
3:3:4:4:4:4:4:4:1:,recombination,13943.616186745916,3:3:4:4:4:4:4:4:2,3:2:4:4:0:4:4:4:0
2:2:4:4:0:4:4:4:0:,clone,13772.228435344943,2:2:4:4:0:4:4:4:0
2:2:4:4:0:4:4:4:0:,clone,13756.74063190614,2:2:4:4:0:4:4:4:0
3:2:4:4:0:4:4:4:1:,clone,15198.465023845542,3:2:4:4:0:4:4:4:1
4:4:4:4:4:4:3:4:4:,clone,14362.469058093864,4:4:4:4:4:4:3:4:4
2:2:4:4:1:4:4:4:0:,clone,14252.340529848718,2:2:4:4:1:4:4:4:0
4:4:4:4:4:4:3:4:4:,recombination,14290.137951340157,4:3:4:4:4:4:4:4:3,3:3:4:4:4:4:4:4:1,MUTATE
4:4:4:4:4:0:0:0:4:,clone,12723.357600994294,3:2:4:4:3:4:4:4:1
4:4:4:4:4:0:0:0:4:,recombination,12669.95916613083,3:2:4:4:2:4:4:4:1,4:2:4:4:2:4:4:4:1,MUTATE
4:4:4:4:4:0:0:0:4:,recombination,12541.835020700626,2:2:4:4:0:4:4:4:0,4:4:4:4:4:0:0:0:4
4:4:4:4:4:0:0:2:4:,recombination,12551.780701955011,3:3:4:4:3:4:4:4:1,4:4:4:4:4:3:3:4:4,MUTATE
4:4:4:4:4:0:0:1:4:,clone,12928.755030560631,4:4:4:4:4:0:0:1:4
4:4:4:4:4:4:4:4:4:,clone,14431.145410649144,4:4:4:4:4:4:4:4:4
4:3:4:4:2:4:4:4:2:,clone,15690.025593799719,4:3:4:4:2:4:4:4:2
4:3:4:4:2:4:4:4:1:,clone,15192.681409501092,4:3:4:4:2:4:4:4:1
4:3:4:4:2:4:4:4:1:,clone,14978.951115763972,4:3:4:4:2:4:4:4:1
3:3:4:4:3:4:4:4:1:,recombination,14245.164122515062,4:4:4:4:4:2:3:4:4,3:2:4:4:3:4:4:4:0
3:2:4:4:4:4:4:4:2:,clone,15926.633564495143,3:3:4:4:4:4:4:4:2
2:2:4:4:3:4:4:4:1:,clone,14806.233845243742,3:2:4:4:3:4:4:4:1
4:2:4:4:1:4:4:4:1:,clone,15473.509165001595,4:2:4:4:1:4:4:4:1
4:3:4:4:2:4:4:4:1:,recombination,14924.24034452238,3:3:4:4:0:4:4:4:0,4:4:4:4:4:0:1:4:4,MUTATE
3:2:4:4:1:4:4:4:1:,clone,14509.415830305357,3:2:4:4:1:4:4:4:1
4:2:4:4:2:4:4:4:1:,recombination,14576.772465398224,2:2:4:4:1:4:4:4:0,3:2:4:4:3:4:4:4:0,MUTATE
4:2:4:4:2:4:4:4:1:,recombination,14548.498538136342,4:4:4:4:4:0:0:4:4,4:4:4:4:4:2:2:4:4
3:3:4:4:0:4:4:4:0:,clone,15364.579289013252,3:3:4:4:0:4:4:4:0
3:3:4:4:0:4:4:4:0:,recombination,15318.084425848543,4:4:4:4:4:4:4:4:4,2:2:4:4:0:4:4:4:0
3:3:4:4:0:4:4:4:0:,recombination,15054.313078120585,4:4:4:4:4:3:2:4:4,4:3:4:4:2:4:4:4:2
3:3:4:4:0:4:4:4:0:,recombination,14703.003712503412,3:3:4:4:0:4:4:4:0,2:3:4:4:2:4:4:4:0
3:3:4:4:0:4:4:4:0:,clone,14657.17485359642,3:3:4:4:0:4:4:4:0
2:3:4:4:3:4:4:4:1:,clone,14644.577173623127,2:3:4:4:3:4:4:4:1
3:3:4:4:0:4:4:4:0:,clone,14410.540214663892,3:3:4:4:0:4:4:4:0
3:3:4:4:0:4:4:4:0:,recombination,14345.0554238846,3:3:4:4:2:4:4:4:1,3:3:4:4:1:4:4:4:0
3:3:4:4:0:4:4:4:0:,clone,14295.935728707856,3:3:4:4:0:4:4:4:0
3:2:4:4:2:4:4:4:1:,clone,14314.465839893679,3:2:4:4:2:4:4:4:1
2:2:4:4:0:4:4:4:0:,recombination,13626.987576760343,1:2:4:4:0:4:4:4:0,2:2:4:4:0:4:4:4:0,MUTATE
4:3:4:4:4:4:3:4:4:,recombination,14228.023800814046,4:3:4:4:4:4:4:4:3,3:2:4:4:3:4:4:4:0
4:2:4:4:4:4:4:4:3:,clone,14361.12199035405,4:3:4:4:4:4:4:4:3
3:2:4:4:4:4:4:4:2:,recombination,15075.854132143417,4:4:4:4:4:2:3:4:4,2:2:4:4:3:4:4:4:0
4:2:4:4:2:4:4:4:1:,recombination,14503.55673251782,4:3:4:4:4:4:3:4:4,4:3:4:4:4:4:4:4:4
4:3:4:4:1:4:4:4:2:,recombination,15965.117185762061,3:2:4:4:0:4:4:4:1,2:2:4:4:0:4:4:4:0,MUTATE
4:3:4:4:1:4:4:4:1:,recombination,15722.765258266501,4:2:4:4:0:4:4:4:1,4:3:4:4:4:4:4:4:2,MUTATE
4:3:4:4:1:4:4:4:1:,clone,15273.46147675589,4:3:4:4:1:4:4:4:1
4:3:4:4:1:4:4:4:1:,clone,15259.186884238716,4:3:4:4:1:4:4:4:1
4:2:4:4:1:4:4:4:1:,clone,15039.16685279765,4:2:4:4:1:4:4:4:1
3:2:4:4:0:4:4:4:1:,recombination,15152.877108497569,4:2:4:4:1:4:4:4:1,1:2:4:4:0:4:4:4:0
3:2:4:4:0:4:4:4:1:,clone,14452.14669062025,3:2:4:4:0:4:4:4:1
4:3:4:4:4:4:4:4:1:,clone,14381.44422469139,3:3:4:4:4:4:4:4:1
4:3:4:4:4:3:4:4:4:,recombination,13342.707279746764,3:2:4:4:1:4:4:4:0,4:4:4:4:4:3:3:4:4,MUTATE
4:3:4:4:4:3:3:4:4:,recombination,13242.928445715608,4:4:4:4:4:3:2:4:4,4:3:4:4:2:4:4:4:2,MUTATE
4:3:4:4:4:3:3:4:4:,clone,13138.473229882666,4:3:4:4:4:3:3:4:4
4:3:4:4:4:3:3:4:4:,recombination,13066.85975574494,4:4:4:4:4:0:0:1:4,4:2:4:4:1:4:4:4:1
4:3:4:4:4:3:3:4:4:,clone,12965.870406060872,4:3:4:4:4:3:3:4:4
4:3:4:4:4:4:4:4:4:,recombination,13625.058196410839,3:3:4:4:1:4:4:4:0,3:3:4:4:3:4:4:4:1
4:3:4:4:4:4:4:4:2:,clone,14008.640645608097,4:3:4:4:4:4:4:4:2
4:3:4:4:4:4:4:4:2:,recombination,13986.911902329068,2:2:4:4:2:4:4:4:0,4:2:4:4:3:4:4:4:2,MUTATE
4:2:4:4:4:4:4:4:2:,recombination,14020.996790719993,3:2:4:4:3:4:4:4:0,4:3:4:4:4:4:3:4:4
4:2:4:4:4:4:4:4:2:,clone,13783.934862578828,4:2:4:4:4:4:4:4:2
4:3:4:4:4:4:4:4:2:,recombination,13754.867460096273,4:4:4:4:4:1:0:3:4,3:2:4:4:1:4:4:4:1,MUTATE
4:3:4:4:3:4:4:4:2:,recombination,14778.845328732652,4:3:4:4:4:3:3:4:4,4:4:4:4:4:3:2:4:4,MUTATE
3:2:4:4:2:4:4:4:1:,clone,14246.863291230999,4:2:4:4:3:4:4:4:1
3:2:4:4:2:4:4:4:1:,clone,14095.483745229581,3:2:4:4:2:4:4:4:1
4:3:4:4:3:4:4:4:1:,recombination,14671.842274807772,3:3:4:4:2:4:4:4:0,4:4:4:4:4:2:3:4:4
3:2:4:4:2:4:4:4:1:,clone,13928.241423879026,3:2:4:4:2:4:4:4:1
4:2:4:4:0:4:4:4:1:,clone,15909.590980679322,4:2:4:4:0:4:4:4:1
4:2:4:4:0:4:4:4:1:,clone,15712.34148598709,4:2:4:4:0:4:4:4:1
4:2:4:4:0:4:4:4:1:,clone,15537.723990240138,4:2:4:4:0:4:4:4:1
4:2:4:4:0:4:4:4:1:,clone,15534.2190712188,4:2:4:4:0:4:4:4:1
4:4:4:4:4:1:0:4:4:,clone,12940.388607371498,4:4:4:4:4:1:1:4:4
4:4:4:4:4:2:2:4:4:,recombination,12793.157136980399,4:2:4:4:1:4:4:4:0,4:3:4:4:4:4:4:4:2,MUTATE
4:4:4:4:4:2:2:4:4:,clone,12674.71839560834,4:4:4:4:4:2:2:4:4
4:4:4:4:4:2:2:4:4:,recombination,12594.51297209928,2:2:4:4:2:4:4:4:0,2:2:4:4:4:4:4:4:1,MUTATE
4:4:4:4:4:2:2:4:4:,clone,12570.847580955398,4:4:4:4:4:2:2:4:4
4:4:4:4:4:0:0:2:4:,clone,12541.744506705038,4:4:4:4:4:0:0:2:4
4:4:4:4:4:0:0:1:4:,clone,12703.519392494687,4:4:4:4:4:0:0:1:4
4:4:4:4:4:0:0:2:4:,recombination,12518.3820754517,4:2:4:4:0:4:4:4:1,2:2:4:4:1:4:4:4:0
4:4:4:4:4:0:0:3:4:,clone,12703.519392494687,4:4:4:4:4:0:0:2:4
4:4:4:4:4:0:0:4:4:,clone,12495.75584259683,4:4:4:4:4:0:0:4:4
4:4:4:4:4:0:0:3:4:,recombination,12491.966355368222,3:3:4:4:2:4:4:4:1,4:4:4:4:4:0:0:4:4
4:4:4:4:4:0:0:3:4:,recombination,12446.015079620835,4:4:4:4:4:2:3:4:4,3:2:4:4:1:4:4:4:0,MUTATE
4:4:4:4:4:4:3:4:4:,recombination,14284.725350913042,4:4:4:4:4:3:2:4:4,4:4:4:4:4:3:2:4:4
4:3:4:4:2:4:4:4:2:,clone,15447.090143362026,4:3:4:4:2:4:4:4:2
4:2:4:4:2:4:4:4:2:,recombination,15113.57626381568,4:4:4:4:4:1:0:3:4,4:4:4:4:4:0:0:1:4
4:3:4:4:2:4:4:4:2:,recombination,15131.74755847394,4:3:4:4:4:3:4:4:4,2:2:4:4:0:4:4:4:0
4:2:4:4:3:4:4:4:2:,recombination,14349.38149394565,3:3:4:4:2:4:4:4:1,3:2:4:4:1:4:4:4:1
4:2:4:4:2:4:4:4:1:,recombination,14440.654857611551,4:3:4:4:4:3:4:4:2,4:3:4:4:2:4:4:4:1,MUTATE
4:3:4:4:2:4:4:4:2:,recombination,14882.667345736143,3:3:4:4:3:4:4:4:1,4:3:4:4:4:4:4:4:1
4:3:4:4:4:4:4:4:2:,clone,13722.134048246215,4:3:4:4:4:4:4:4:2
4:3:4:4:3:4:4:4:2:,clone,14122.505848092986,4:3:4:4:4:4:4:4:2
4:3:4:4:3:4:4:4:2:,clone,14006.383683046912,4:3:4:4:3:4:4:4:2
4:2:4:4:3:4:4:4:2:,recombination,14083.002658538511,3:2:4:4:0:4:4:4:0,3:2:4:4:3:4:4:4:1
4:2:4:4:3:4:4:4:2:,recombination,14072.479376357936,3:3:4:4:2:4:4:4:1,2:2:4:4:4:4:4:4:1
4:2:4:4:1:4:4:4:1:,recombination,14765.717263630775,4:4:4:4:4:0:0:4:4,3:2:4:4:1:4:4:4:0
4:2:4:4:2:4:4:4:1:,clone,14341.90614585537,4:2:4:4:2:4:4:4:1
4:2:4:4:2:4:4:4:1:,clone,14145.392650186066,4:2:4:4:2:4:4:4:1
2:3:4:4:0:4:4:4:0:,clone,14345.386367313751,2:3:4:4:0:4:4:4:0
1:2:4:4:0:4:4:4:0:,clone,14664.321365458754,2:2:4:4:0:4:4:4:0
2:2:4:4:4:4:4:4:1:,clone,14727.877447125427,2:2:4:4:4:4:4:4:1
4:4:4:4:4:1:0:3:4:,recombination,14622.217084416694,2:2:4:4:0:4:4:4:0,4:3:4:4:4:4:4:4:1,MUTATE
2:2:4:4:2:4:4:4:0:,clone,14259.901227184846,2:2:4:4:2:4:4:4:0
2:3:4:4:0:4:4:4:0:,clone,14321.589906648933,2:2:4:4:0:4:4:4:0
3:3:4:4:1:4:4:4:0:,clone,14559.067414888801,3:3:4:4:1:4:4:4:0
2:2:4:4:4:4:4:4:0:,recombination,15261.133400209561,4:3:4:4:4:4:4:4:4,3:2:4:4:1:4:4:4:1,MUTATE
4:4:4:4:4:1:1:3:4:,recombination,15036.915244292619,4:3:4:4:4:3:3:4:4,4:3:4:4:3:4:4:4:1,MUTATE
2:3:4:4:4:4:4:4:0:,clone,15201.65610689851,4:3:4:4:4:4:4:4:2
2:3:4:4:3:4:4:4:0:,recombination,15197.969489329897,3:3:4:4:4:4:4:4:2,3:3:4:4:1:4:4:4:0
2:3:4:4:3:4:4:4:0:,clone,14760.371032385268,2:2:4:4:3:4:4:4:0
2:3:4:4:3:4:4:4:0:,recombination,14605.346862136053,4:3:4:4:4:3:3:4:4,3:3:4:4:0:4:4:4:0
2:3:4:4:4:4:4:4:1:,recombination,15048.892875768517,4:3:4:4:3:4:4:4:2,4:4:4:4:4:2:1:4:4
2:3:4:4:4:4:4:4:0:,clone,15107.075208228158,2:3:4:4:4:4:4:4:0
2:2:4:4:4:4:4:4:0:,recombination,14997.452683911146,3:2:4:4:0:4:4:4:1,3:3:4:4:1:4:4:4:1
2:3:4:4:4:4:4:4:0:,clone,14764.888930724244,2:3:4:4:4:4:4:4:0
4:4:4:4:4:0:0:1:4:,clone,12595.242663577115,4:4:4:4:4:0:0:1:4
4:4:4:4:4:2:1:4:4:,clone,13571.009058324302,4:4:4:4:4:2:1:4:4
4:4:4:4:4:3:2:4:4:,recombination,13957.891729406389,2:2:4:4:1:4:4:4:0,4:4:4:4:4:2:1:4:4
4:4:4:4:4:3:2:4:4:,recombination,13921.52648185983,4:2:4:4:0:4:4:4:1,4:3:4:4:2:4:4:4:1
3:2:4:4:1:4:4:4:0:,recombination,14141.529159411017,3:2:4:4:2:4:4:4:1,4:4:4:4:4:0:0:3:4
3:3:4:4:1:4:4:4:1:,clone,14691.969853325832,3:3:4:4:1:4:4:4:1
3:3:4:4:1:4:4:4:1:,clone,14439.892269825159,3:3:4:4:1:4:4:4:1
4:2:4:4:4:4:4:4:1:,recombination,14419.44654618688,4:3:4:4:4:2:3:4:4,4:3:4:4:4:4:4:4:4
3:2:4:4:2:4:4:4:0:,recombination,14115.370306482255,2:2:4:4:0:4:4:4:0,4:2:4:4:4:4:4:4:2,MUTATE
2:2:4:4:2:4:4:4:0:,clone,14072.96442338732,2:2:4:4:2:4:4:4:0
2:2:4:4:2:4:4:4:0:,clone,13800.776598964223,2:2:4:4:2:4:4:4:0
2:2:4:4:1:4:4:4:0:,recombination,14230.2231915155,3:2:4:4:3:4:4:4:1,2:2:4:4:0:4:4:4:0
4:3:4:4:2:4:4:4:1:,clone,14746.924556302854,4:3:4:4:4:4:4:4:2
2:3:4:4:2:4:4:4:0:,recombination,14551.369641091484,2:3:4:4:0:4:4:4:0,4:4:4:4:4:4:3:4:4
4:2:4:4:4:4:4:4:1:,clone,14413.229372814756,4:2:4:4:4:4:4:4:1
4:4:4:4:4:4:3:4:4:,recombination,14279.883809519357,2:3:4:4:3:4:4:4:0,4:4:4:4:4:2:1:4:4
4:4:4:4:4:2:3:4:4:,recombination,12983.905562992062,4:3:4:4:4:4:4:4:1,4:4:4:4:4:0:0:2:4,MUTATE
3:2:4:4:1:4:4:4:1:,recombination,14500.822261317284,2:2:4:4:0:4:4:4:0,2:3:4:4:1:4:4:4:0,MUTATE
4:3:4:4:2:4:4:4:1:,recombination,14728.533871400938,1:2:4:4:0:4:4:4:0,3:3:4:4:1:4:4:4:1,MUTATE
4:3:4:4:3:4:4:4:1:,recombination,14432.81951929979,4:3:4:4:2:4:4:4:1,4:2:4:4:1:4:4:4:1
3:2:4:4:1:4:4:4:1:,recombination,14408.252215321729,4:3:4:4:4:4:4:4:1,4:3:4:4:4:3:3:4:4
3:2:4:4:1:4:4:4:1:,clone,14408.252215321727,3:2:4:4:1:4:4:4:1
3:2:4:4:1:4:4:4:1:,clone,14219.902681872842,3:2:4:4:1:4:4:4:1
3:2:4:4:1:4:4:4:1:,clone,14145.129476806193,3:2:4:4:1:4:4:4:1
3:2:4:4:3:4:4:4:1:,recombination,14115.422505856433,4:3:4:4:3:4:4:4:2,4:4:4:4:4:1:0:4:4
2:2:4:4:3:4:4:4:0:,clone,14437.357571764924,2:2:4:4:3:4:4:4:0
2:2:4:4:4:4:4:4:0:,clone,14837.99609243138,2:2:4:4:3:4:4:4:0
2:2:4:4:3:4:4:4:0:,clone,14402.584201008349,2:2:4:4:3:4:4:4:0
2:2:4:4:3:4:4:4:1:,clone,14298.419055918828,3:2:4:4:1:4:4:4:1
3:2:4:4:3:4:4:4:1:,clone,14070.358492597461,3:2:4:4:3:4:4:4:1
2:2:4:4:3:4:4:4:1:,clone,13968.397994334271,2:2:4:4:3:4:4:4:1
2:3:4:4:2:4:4:4:1:,recombination,15968.929356630728,3:3:4:4:2:4:4:4:0,4:3:4:4:3:4:4:4:2
4:4:4:4:4:0:0:0:4:,clone,12488.941868177635,2:2:4:4:0:4:4:4:0
4:4:4:4:4:2:1:4:4:,recombination,13532.64056318957,4:3:4:4:1:4:4:4:1,3:3:4:4:4:4:4:4:2,MUTATE
3:3:4:4:1:4:4:4:0:,clone,14496.457199540138,3:3:4:4:1:4:4:4:0
3:2:4:4:3:4:4:4:1:,clone,13958.757189149894,3:2:4:4:3:4:4:4:1
4:3:4:4:4:4:3:4:4:,clone,14207.775237839094,4:3:4:4:4:4:4:4:4
4:2:4:4:2:4:4:4:0:,clone,16730.71286994876,3:2:4:4:2:4:4:4:0
4:2:4:4:2:4:4:4:0:,clone,16561.27909286421,4:2:4:4:2:4:4:4:0
4:2:4:4:2:4:4:4:0:,clone,16374.405660152086,4:2:4:4:2:4:4:4:0
4:2:4:4:4:4:4:4:3:,clone,14236.860349517878,4:2:4:4:4:4:4:4:3
3:3:4:4:0:4:4:4:1:,clone,15763.705817149845,3:3:4:4:0:4:4:4:1
3:3:4:4:0:4:4:4:1:,clone,15759.642186129486,3:3:4:4:0:4:4:4:1
3:3:4:4:0:4:4:4:1:,clone,15752.330911199375,3:3:4:4:0:4:4:4:1
3:3:4:4:0:4:4:4:1:,clone,15417.323243976842,3:3:4:4:0:4:4:4:1
3:3:4:4:0:4:4:4:1:,clone,15197.869137414224,3:3:4:4:0:4:4:4:1
3:3:4:4:0:4:4:4:1:,recombination,14948.203955763105,3:3:4:4:0:4:4:4:0,3:3:4:4:2:4:4:4:0
4:3:4:4:1:4:4:4:1:,recombination,15217.846120064332,3:3:4:4:2:4:4:4:0,4:3:4:4:4:4:3:4:4
3:3:4:4:0:4:4:4:1:,clone,14896.021714445951,3:3:4:4:0:4:4:4:1
4:2:4:4:0:4:4:4:0:,clone,16400.162579738,4:2:4:4:0:4:4:4:0
4:2:4:4:0:4:4:4:0:,recombination,16400.162579737997,3:3:4:4:0:4:4:4:0,4:3:4:4:2:4:4:4:1
4:3:4:4:4:3:4:4:3:,clone,13870.739394962431,4:3:4:4:4:3:4:4:3
2:3:4:4:2:4:4:4:1:,clone,14472.098845078881,2:3:4:4:2:4:4:4:1
4:3:4:4:4:3:4:4:4:,clone,13051.025573770863,4:3:4:4:4:3:4:4:4
2:3:4:4:2:4:4:4:1:,recombination,14429.563091239708,4:3:4:4:3:4:4:4:1,3:3:4:4:4:4:4:4:1
2:3:4:4:2:4:4:4:1:,clone,14232.99951749174,2:3:4:4:2:4:4:4:1
3:3:4:4:3:4:4:4:2:,recombination,15446.076379273925,4:2:4:4:3:4:4:4:2,2:3:4:4:2:4:4:4:0
4:3:4:4:2:4:4:4:2:,clone,14875.267998755238,4:3:4:4:4:4:4:4:2
4:4:4:4:4:3:2:4:4:,clone,13698.710094928618,4:4:4:4:4:3:2:4:4
4:4:4:4:4:3:2:4:4:,recombination,13519.274127524073,4:4:4:4:4:3:2:4:4,3:2:4:4:0:4:4:4:0,MUTATE
4:3:4:4:2:4:4:4:1:,recombination,14716.594130046207,4:4:4:4:4:1:0:4:4,4:3:4:4:1:4:4:4:1
4:2:4:4:0:4:4:4:0:,clone,16312.256040173877,4:2:4:4:0:4:4:4:0
3:2:4:4:1:4:4:4:0:,recombination,14010.425878128217,3:2:4:4:3:4:4:4:1,4:2:4:4:0:4:4:4:0,MUTATE
3:2:4:4:4:4:4:4:1:,clone,13949.853129306104,3:2:4:4:4:4:4:4:1
3:3:4:4:4:4:4:4:1:,recombination,13941.89799582002,4:3:4:4:4:4:4:4:4,4:4:4:4:4:1:1:4:4,MUTATE
2:2:4:4:2:4:4:4:1:,clone,14644.567411644264,2:2:4:4:2:4:4:4:1
3:2:4:4:3:4:4:4:1:,recombination,13943.84121435821,4:3:4:4:4:4:4:4:4,4:4:4:4:4:0:0:1:4
