4:4:4:4:4:2:2:4:4:,initialisation,14735.866267958143,
4:3:4:4:4:2:2:4:4:,initialisation,14489.658729843139,
4:4:4:4:4:2:2:4:4:,initialisation,13808.528705477907,
2:2:4:4:4:2:2:4:2:,initialisation,15057.754069819219,
3:2:4:4:4:1:1:3:3:,initialisation,15370.37650252332,
4:4:4:4:4:2:3:4:4:,initialisation,15638.554335769491,
4:3:4:4:4:2:2:4:4:,initialisation,13950.446603618017,
4:4:4:4:4:1:2:4:4:,initialisation,13744.197409459948,
4:4:4:4:4:2:2:4:4:,initialisation,13484.180520886326,
4:3:4:4:4:3:3:4:4:,initialisation,16501.912847819152,
4:4:4:4:4:3:3:4:4:,initialisation,17193.82271053188,
4:4:4:4:4:1:1:4:4:,initialisation,13896.107744841056,
4:3:4:4:4:2:3:4:4:,initialisation,16839.42865752094,
3:2:4:4:4:1:1:2:3:,initialisation,14148.087886353123,
4:3:4:4:4:2:3:4:4:,initialisation,16129.340556992085,
4:3:4:4:4:1:1:4:4:,initialisation,13025.674288436221,
4:4:4:4:4:1:1:4:4:,initialisation,13797.764935366848,
4:4:4:4:4:2:1:4:4:,initialisation,16543.543118444286,
4:3:4:4:4:3:3:4:4:,initialisation,16459.265893543547,
4:4:4:4:4:1:2:4:4:,initialisation,13546.451086276673,
4:4:4:4:4:2:2:4:4:,initialisation,13280.942771060403,
4:2:4:4:4:0:1:2:4:,initialisation,13825.829977511683,
4:4:4:4:4:1:1:4:4:,initialisation,12932.758492084276,
3:2:4:4:4:0:0:1:4:,initialisation,12158.579061557903,
4:3:4:4:4:2:3:4:4:,initialisation,15869.661298086297,
4:4:4:4:4:3:3:4:4:,initialisation,16198.589571908102,
4:4:4:4:4:2:3:4:4:,initialisation,15307.779330744053,
4:3:4:4:4:2:3:4:4:,initialisation,13461.820744356262,
4:4:4:4:4:1:2:4:4:,initialisation,13515.573620039355,
3:2:4:4:4:2:2:4:3:,initialisation,16059.169427309942,
4:4:4:4:4:3:3:4:4:,initialisation,16118.391491027356,
3:2:4:4:4:1:2:2:3:,initialisation,14908.599209460095,
4:4:4:4:4:2:3:4:4:,initialisation,14751.196973580718,
3:2:4:4:4:1:1:3:3:,initialisation,13479.112232016885,
2:2:4:4:4:2:3:4:2:,initialisation,15528.96782324644,
4:3:4:4:4:3:3:4:4:,initialisation,15625.69240404192,
4:4:4:4:4:3:3:4:4:,initialisation,14979.8212636667,
1:2:4:4:0:4:4:4:0:,initialisation,19597.618124303528,
4:3:4:4:4:3:3:4:4:,initialisation,15455.972981524366,
3:2:4:4:4:1:2:3:3:,initialisation,14561.70498182653,
2:2:4:4:4:1:2:3:2:,initialisation,14382.607730674441,
4:2:4:4:4:3:3:4:4:,initialisation,16475.41442287945,
3:2:4:4:4:1:1:2:3:,initialisation,13381.147983199258,
4:3:4:4:4:1:2:4:4:,initialisation,14560.45542313557,
3:2:4:4:4:0:0:1:3:,initialisation,12385.049915085405,
4:3:4:4:4:2:2:4:4:,initialisation,13233.71154984937,
4:4:4:4:4:1:2:4:4:,initialisation,13335.976965412174,
4:3:4:4:4:1:2:4:4:,initialisation,13195.378079966844,
4:4:4:4:4:3:2:4:4:,initialisation,16555.445230299556,
3:2:4:4:4:0:1:1:3:,initialisation,12989.43071803789,
4:2:4:4:4:1:2:4:4:,initialisation,15402.539076227762,
4:3:4:4:4:3:3:4:4:,initialisation,15112.194313111762,
3:2:4:4:4:0:0:0:4:,initialisation,12045.276873234407,
4:3:4:4:4:1:1:4:4:,initialisation,12968.021824334857,
3:2:4:4:4:0:1:2:3:,initialisation,15372.564033502646,
3:2:4:4:4:2:2:4:3:,initialisation,14925.388306732866,
2:2:4:4:4:1:1:2:2:,initialisation,14832.475502546511,
2:2:4:4:4:0:1:2:2:,initialisation,16275.52320283448,
4:4:4:4:4:1:1:4:4:,initialisation,12007.997051150742,
2:2:4:4:4:1:2:4:2:,initialisation,13913.028164749234,
3:2:4:4:4:0:1:1:4:,initialisation,12403.735705516172,
3:2:4:4:4:1:1:2:3:,initialisation,13350.304529145336,
4:4:4:4:4:1:2:4:4:,initialisation,13234.716192209207,
3:2:4:4:4:2:3:4:3:,initialisation,15058.22127190955,
3:2:4:4:4:1:1:1:3:,initialisation,13391.007791932785,
4:4:4:4:4:2:3:4:4:,initialisation,14683.921761670344,
2:2:4:4:4:1:2:2:2:,initialisation,14921.87752933045,
4:4:4:4:4:0:0:0:4:,initialisation,12502.953393401378,
2:2:4:4:4:3:3:4:2:,initialisation,17720.02117587115,
4:3:4:4:4:3:4:4:4:,initialisation,16889.464573932953,
4:4:4:4:4:2:3:4:4:,initialisation,14382.67515282721,
2:2:4:4:4:2:2:3:2:,initialisation,15767.491552762442,
4:4:4:4:4:2:3:4:4:,initialisation,13841.020927055411,
4:3:4:4:4:1:2:4:4:,initialisation,12987.57535027179,
2:2:4:4:4:2:2:4:2:,initialisation,15047.319620756638,
4:4:4:4:4:0:1:4:4:,initialisation,13455.767105120276,
4:2:4:4:4:1:1:2:4:,initialisation,14344.971979599264,
3:2:4:4:4:1:2:3:3:,initialisation,14216.523680880908,
4:2:4:4:4:1:1:2:4:,initialisation,14104.873418563593,
4:3:4:4:4:3:4:4:4:,initialisation,16106.96536093533,
3:2:4:4:4:1:2:3:3:,initialisation,13923.552889320177,
3:2:4:4:4:0:1:2:3:,initialisation,14985.098819481054,
4:3:4:4:4:1:1:4:4:,initialisation,12722.342770837446,
4:4:4:4:4:2:2:4:4:,initialisation,13174.775919492728,
4:2:4:4:4:0:0:1:4:,initialisation,11230.720324331027,
3:2:4:4:4:0:0:0:4:,initialisation,11963.210900244148,
4:3:4:4:4:3:3:4:4:,initialisation,14649.055050899395,
4:4:4:4:4:2:1:4:4:,initialisation,14555.467297392302,
4:4:4:4:4:2:2:4:4:,initialisation,13065.189360141425,
3:2:4:4:4:0:1:1:3:,initialisation,12786.988902033761,
3:2:4:4:4:1:1:2:3:,initialisation,12359.323785207282,
3:2:4:4:4:0:0:0:3:,initialisation,13900.117220420718,
4:4:4:4:4:0:1:4:4:,initialisation,12743.553703675429,
2:2:4:4:4:2:2:4:2:,initialisation,13645.13819758241,
3:2:4:4:4:1:2:4:3:,initialisation,14564.581528884955,
4:4:4:4:4:1:2:4:4:,initialisation,13146.55059272035,
3:2:4:4:4:1:2:3:3:,initialisation,13482.831255455627,
2:2:4:4:4:1:1:3:2:,initialisation,15159.380602641031,
3:2:4:4:4:0:1:2:3:,initialisation,13876.04514710125,
3:2:4:4:4:2:2:3:3:,initialisation,16033.053607830421,
4:4:4:4:4:0:0:4:4:,initialisation,12442.116071797784,
3:2:4:4:4:1:2:4:3:,initialisation,14075.538846807716,
3:2:4:4:4:2:2:3:3:,initialisation,15715.717064087772,
3:2:4:4:4:0:1:1:3:,initialisation,12740.716286081371,
4:3:4:4:4:1:2:4:4:,initialisation,12307.916421610998,
2:2:4:4:4:2:3:4:2:,initialisation,14617.114878412815,
3:2:4:4:4:1:2:2:3:,initialisation,14531.832699201213,
3:2:4:4:4:2:2:3:3:,initialisation,14456.246363437645,
2:2:4:4:4:0:0:1:3:,initialisation,14124.343788020768,
3:2:4:4:4:0:0:0:3:,initialisation,12829.383258590025,
4:2:4:4:4:0:1:1:4:,initialisation,12898.970189616277,
4:3:4:4:4:3:3:4:4:,initialisation,14578.44383050689,
2:2:4:4:4:1:2:2:2:,initialisation,14277.001081100534,
3:2:4:4:4:0:1:1:3:,initialisation,12708.901034972861,
4:3:4:4:4:1:1:4:4:,initialisation,11894.807775768848,
4:4:4:4:4:1:2:4:4:,initialisation,12991.338456630448,
2:2:4:4:4:1:1:3:2:,initialisation,14964.928841764875,
2:2:4:4:0:4:4:4:0:,initialisation,16748.71994947846,
3:2:4:4:4:2:2:3:3:,initialisation,14397.2913157485,
2:2:4:4:4:2:2:3:2:,initialisation,15665.695027655616,
4:2:4:4:4:1:1:2:4:,initialisation,13395.24812614038,
4:2:4:4:4:1:1:2:4:,initialisation,12960.421819022773,
3:2:4:4:4:1:2:2:3:,initialisation,14037.724216997773,
3:2:4:4:4:1:1:1:4:,initialisation,13765.4582986871,
4:3:4:4:4:2:2:4:4:,initialisation,12909.837163226644,
4:4:4:4:4:2:2:4:4:,initialisation,13045.466612816781,
3:2:4:4:4:1:2:2:3:,initialisation,13965.771321954768,
2:1:4:4:4:2:3:4:2:,initialisation,16004.85873974833,
3:2:4:4:4:0:0:2:3:,initialisation,15743.574044635667,
3:2:4:4:4:1:2:2:3:,initialisation,13964.36180400827,
4:2:4:4:4:0:0:0:4:,initialisation,11885.868818942603,
3:2:4:4:4:0:0:1:4:,initialisation,12077.173192020036,
2:2:4:4:4:2:3:4:2:,initialisation,14364.223358881392,
4:2:4:4:4:0:1:2:4:,initialisation,13494.62241282209,
4:4:4:4:4:3:2:4:4:,initialisation,15385.602787458152,
4:2:4:4:4:0:1:2:4:,initialisation,12473.850103962162,
3:2:4:4:4:0:0:0:3:,initialisation,12691.773745621107,
4:4:4:4:4:3:3:4:4:,initialisation,14951.832704585551,
2:2:4:4:4:1:2:3:2:,initialisation,14041.775548937778,
4:3:4:4:4:3:3:4:4:,initialisation,14030.404101722708,
2:2:4:4:4:1:1:3:2:,initialisation,14623.356406166413,
2:2:4:4:4:0:0:0:3:,initialisation,15608.493392443466,
3:2:4:4:4:0:1:2:3:,initialisation,13422.98445270781,
3:2:4:4:4:0:1:1:3:,initialisation,12675.892154255738,
4:4:4:4:4:2:1:4:4:,initialisation,14245.74211969089,
3:2:4:4:4:0:1:0:4:,initialisation,13498.51748630246,
3:2:4:4:4:1:2:2:3:,initialisation,13631.573459382915,
2:2:4:4:4:2:2:3:2:,initialisation,15122.18248762815,
3:2:4:4:4:1:2:2:3:,initialisation,13597.899898820135,
3:2:4:4:4:0:1:2:3:,initialisation,12802.860275742072,
3:2:4:4:4:0:1:1:3:,initialisation,12513.07073671693,
4:3:4:4:4:1:2:4:4:,initialisation,12100.259588447534,
3:2:4:4:4:1:2:2:3:,initialisation,13178.462309838595,
4:4:4:4:4:1:2:4:4:,initialisation,12891.95582021736,
4:2:4:4:4:1:1:2:4:,initialisation,12331.856624130864,
3:2:4:4:4:1:2:3:3:,initialisation,13275.99383882701,
4:4:4:4:4:3:2:4:4:,initialisation,14744.711961911076,
3:2:4:4:4:1:1:1:3:,initialisation,13278.424172935773,
3:2:4:4:4:1:2:4:3:,initialisation,13878.541144119228,
2:2:4:4:4:3:3:4:2:,initialisation,16456.154249025167,
3:2:4:4:4:2:2:4:3:,initialisation,14640.282419589237,
3:2:4:4:4:1:2:1:3:,initialisation,14598.882864674772,
3:2:4:4:4:1:2:2:3:,initialisation,13157.100082215584,
2:2:4:4:4:1:1:4:2:,initialisation,15164.219900976177,
4:2:4:4:4:0:1:1:4:,initialisation,12721.477541226193,
3:2:4:4:4:0:1:1:4:,initialisation,11874.78852666697,
3:2:4:4:4:1:2:2:3:,initialisation,12971.628855079249,
3:2:4:4:4:1:2:4:3:,initialisation,13442.123249418932,
3:2:4:4:4:0:0:0:4:,initialisation,11764.430934859802,
4:4:4:4:4:1:2:4:4:,initialisation,12870.948093126592,
4:2:4:4:4:0:1:1:4:,initialisation,12445.578946151267,
3:2:4:4:4:2:2:4:3:,initialisation,14621.095805394885,
2:2:4:4:4:2:3:3:2:,initialisation,17395.07334522876,
4:3:4:4:4:1:1:4:4:,initialisation,11800.985994028593,
3:2:4:4:4:1:2:3:3:,initialisation,13263.504991117585,
4:2:4:4:4:1:2:2:4:,recombination,13911.033837505156,3:2:4:4:4:2:2:4:3,3:2:4:4:4:1:2:2:3,MUTATE
3:2:4:4:4:0:0:0:4:,recombination,11672.650072101134,3:2:4:4:4:0:1:1:4,3:2:4:4:4:0:0:0:4,MUTATE
3:2:4:4:4:1:1:1:3:,recombination,13251.385061184155,2:2:4:4:4:2:3:4:2,2:2:4:4:4:1:2:2:2
2:2:4:4:4:3:3:4:2:,recombination,16368.793277603125,2:1:4:4:4:2:3:4:2,3:2:4:4:4:0:1:1:3
4:2:4:4:4:1:2:2:4:,recombination,12468.68322807185,3:2:4:4:4:1:1:1:3,3:2:4:4:4:0:0:0:3,MUTATE
3:2:4:4:4:1:1:2:3:,recombination,12053.70666114848,3:2:4:4:4:1:2:2:3,2:2:4:4:4:1:2:2:2
4:2:4:4:4:2:2:4:4:,recombination,14746.77923570943,4:3:4:4:4:3:3:4:4,2:2:4:4:4:2:3:3:2,MUTATE
4:3:4:4:4:3:3:4:4:,clone,13881.43717370662,4:3:4:4:4:3:3:4:4
2:2:4:4:4:2:2:3:2:,clone,15098.136787280546,2:2:4:4:4:2:2:3:2
4:3:4:4:4:3:3:4:4:,clone,13859.615415725644,4:3:4:4:4:3:3:4:4
4:2:4:4:4:0:1:0:4:,clone,13388.707047943617,3:2:4:4:4:0:1:0:4
3:2:4:4:4:1:1:3:3:,recombination,12569.420945833845,3:2:4:4:4:0:1:2:3,4:2:4:4:4:1:1:2:4,MUTATE
3:2:4:4:4:1:2:3:3:,clone,12696.320780879612,3:2:4:4:4:1:2:4:3
4:3:4:4:4:3:3:4:4:,clone,13635.04043406228,4:3:4:4:4:3:3:4:4
2:2:4:4:4:3:3:4:1:,recombination,16182.919986015957,2:2:4:4:4:1:2:3:2,2:2:4:4:0:4:4:4:0
4:2:4:4:4:1:1:2:4:,clone,12282.965326725025,4:2:4:4:4:1:1:2:4
4:2:4:4:4:1:2:3:4:,clone,13846.895845859788,4:2:4:4:4:1:2:2:4
3:2:4:4:4:1:2:3:3:,clone,12313.09858021099,3:2:4:4:4:1:2:3:3
4:3:4:4:4:3:4:4:4:,clone,16046.24665419008,4:3:4:4:4:3:4:4:4
2:2:4:4:4:3:4:4:1:,recombination,16893.67256946166,2:2:4:4:4:3:3:4:2,3:2:4:4:4:0:1:2:3
4:4:4:4:4:2:2:4:4:,recombination,13036.892741717844,4:4:4:4:4:2:3:4:4,3:2:4:4:4:0:1:2:3
4:2:4:4:4:1:1:3:4:,recombination,13267.717592966977,4:2:4:4:4:0:1:1:4,4:4:4:4:4:1:2:4:4
3:2:4:4:4:1:1:4:3:,clone,13832.343723718088,4:2:4:4:4:0:1:2:4
4:2:4:4:4:1:1:3:4:,recombination,12631.513209837825,3:2:4:4:4:1:2:3:3,4:3:4:4:4:1:1:4:4,MUTATE
3:2:4:4:4:1:1:1:4:,recombination,11663.463923586467,3:2:4:4:4:1:2:2:3,2:2:4:4:4:2:2:3:2,MUTATE
3:2:4:4:4:2:2:4:3:,recombination,13934.127989953744,4:4:4:4:4:2:1:4:4,3:2:4:4:4:1:2:2:3,MUTATE
4:4:4:4:4:1:2:4:4:,recombination,12783.235589105838,4:4:4:4:4:1:2:4:4,4:3:4:4:4:3:3:4:4
4:4:4:4:4:0:1:4:4:,clone,12618.380248322608,4:4:4:4:4:0:1:4:4
4:4:4:4:4:3:3:4:4:,clone,14832.262832603259,4:4:4:4:4:3:2:4:4
3:2:4:4:4:1:2:1:3:,clone,12162.071437297856,3:2:4:4:4:1:1:1:3
3:2:4:4:4:1:2:4:3:,clone,13425.548538378542,3:2:4:4:4:1:1:3:3
4:2:4:4:4:1:1:0:4:,recombination,12152.582266963376,3:2:4:4:4:1:2:2:3,3:2:4:4:4:0:0:0:4,MUTATE
4:3:4:4:4:1:1:2:4:,recombination,12532.77907790634,4:3:4:4:4:1:1:4:4,2:2:4:4:4:2:2:4:2,MUTATE
4:3:4:4:4:0:1:4:4:,recombination,12749.447759617507,4:4:4:4:4:1:2:4:4,3:2:4:4:4:0:0:1:3
4:2:4:4:4:1:2:3:4:,recombination,13421.933320586017,4:3:4:4:4:3:3:4:4,4:2:4:4:4:1:1:2:4
4:2:4:4:4:0:1:3:4:,recombination,12135.892610743907,4:3:4:4:4:3:3:4:4,3:2:4:4:4:0:1:1:3
3:2:4:4:4:1:2:3:3:,clone,12285.617530771855,3:2:4:4:4:1:2:3:3
4:2:4:4:4:2:2:4:4:,recombination,13696.980917350966,4:3:4:4:4:2:3:4:4,3:2:4:4:4:2:2:3:3,MUTATE
4:3:4:4:4:0:1:4:4:,recombination,12207.641425660197,3:2:4:4:4:1:2:4:3,4:4:4:4:4:1:1:4:4
4:4:4:4:4:2:2:4:4:,clone,12925.2774286808,4:3:4:4:4:2:2:4:4
4:4:4:4:4:2:2:4:4:,recombination,12893.077846227454,4:2:4:4:4:1:1:2:4,4:4:4:4:4:2:2:4:4
4:2:4:4:4:1:1:4:4:,recombination,13297.447624844435,4:2:4:4:4:0:0:0:4,4:4:4:4:4:1:2:4:4,MUTATE
4:3:4:4:4:1:1:3:4:,recombination,13600.180323677288,3:2:4:4:4:1:1:3:3,4:3:4:4:4:1:1:4:4,MUTATE
4:2:4:4:4:1:2:4:4:,recombination,13802.230490465734,3:2:4:4:4:1:1:2:3,3:2:4:4:4:1:2:4:3,MUTATE
3:2:4:4:4:1:2:4:3:,recombination,13197.77541974321,3:2:4:4:4:1:2:3:3,3:2:4:4:4:2:3:4:3
3:2:4:4:4:2:2:3:3:,clone,14311.737210252491,3:2:4:4:4:2:2:3:3
4:2:4:4:4:1:1:4:4:,recombination,12128.627542081034,4:3:4:4:4:1:2:4:4,4:2:4:4:4:0:0:0:4
3:2:4:4:4:0:0:2:3:,recombination,15570.852833090767,3:2:4:4:4:0:0:2:3,3:2:4:4:4:0:1:2:3,MUTATE
4:2:4:4:4:2:3:4:4:,recombination,15019.00866177002,2:2:4:4:4:2:3:4:2,3:2:4:4:4:1:2:2:3,MUTATE
3:2:4:4:4:2:3:4:3:,clone,14354.1475101428,3:2:4:4:4:2:3:4:3
3:2:4:4:4:1:2:2:3:,recombination,12720.985250317237,3:2:4:4:4:1:2:4:3,3:2:4:4:4:1:2:1:3,MUTATE
4:3:4:4:4:0:0:1:4:,recombination,12183.214463612689,4:4:4:4:4:0:0:4:4,3:2:4:4:4:0:0:0:4,MUTATE
3:2:4:4:4:1:1:0:3:,recombination,13010.339286117136,3:2:4:4:4:1:1:1:4,2:2:4:4:4:1:2:3:2
4:2:4:4:4:1:1:2:4:,recombination,12275.973754088925,3:2:4:4:4:1:2:4:3,2:2:4:4:4:0:1:2:2
4:3:4:4:4:3:4:4:4:,clone,15994.148087216461,4:3:4:4:4:3:4:4:4
4:2:4:4:4:2:2:4:4:,recombination,13524.43319891554,3:2:4:4:4:0:0:0:3,3:2:4:4:4:2:2:4:3,MUTATE
4:2:4:4:4:1:1:2:4:,recombination,11881.435760580427,4:2:4:4:4:1:1:2:4,4:3:4:4:4:1:2:4:4,MUTATE
4:2:4:4:4:1:2:3:4:,recombination,12540.387399658413,3:2:4:4:4:2:3:4:3,4:2:4:4:4:1:1:2:4,MUTATE
4:3:4:4:4:2:3:4:4:,recombination,13381.26302862094,3:2:4:4:4:1:2:2:3,4:3:4:4:4:2:3:4:4
3:2:4:4:4:2:3:3:3:,clone,13318.409671084251,3:2:4:4:4:1:2:1:3
4:2:4:4:4:1:2:4:4:,recombination,13718.422422365238,3:2:4:4:4:2:2:3:3,4:2:4:4:4:3:3:4:4,MUTATE
4:2:4:4:4:0:1:2:4:,recombination,12191.485801894712,3:2:4:4:4:0:0:1:4,4:3:4:4:4:0:1:4:4,MUTATE
4:3:4:4:4:2:2:4:4:,clone,12761.998665101873,4:3:4:4:4:2:2:4:4
4:2:4:4:4:1:1:2:4:,recombination,11622.637842406266,3:2:4:4:4:1:2:3:3,4:4:4:4:4:1:1:4:4
3:2:4:4:4:2:2:3:3:,recombination,13483.963751986934,4:2:4:4:4:1:1:2:4,3:2:4:4:4:2:2:3:3,MUTATE
3:2:4:4:4:2:2:4:3:,clone,13305.6474237702,3:2:4:4:4:2:2:4:3
4:2:4:4:4:1:2:4:4:,clone,12648.195262335585,4:2:4:4:4:1:1:4:4
4:3:4:4:4:2:2:4:4:,clone,12610.760612353019,4:3:4:4:4:1:2:4:4
4:2:4:4:4:2:3:4:4:,recombination,13114.297475334573,3:2:4:4:4:1:2:1:3,4:4:4:4:4:1:2:4:4,MUTATE
4:2:4:4:4:1:1:3:4:,clone,11975.10494846927,4:2:4:4:4:1:1:3:4
4:3:4:4:4:0:0:3:4:,recombination,14194.352635812978,4:4:4:4:4:1:2:4:4,3:2:4:4:4:1:2:1:3
4:2:4:4:4:0:1:2:4:,recombination,11279.76803148016,4:4:4:4:4:2:2:4:4,4:2:4:4:4:1:1:2:4
4:3:4:4:4:4:4:4:4:,clone,16854.170133094623,4:3:4:4:4:3:4:4:4
4:2:4:4:4:1:1:2:4:,recombination,11350.614524422457,4:2:4:4:4:1:1:2:4,4:3:4:4:4:0:0:1:4
3:2:4:4:4:1:1:3:3:,recombination,12394.481724554938,3:2:4:4:4:1:1:2:3,2:2:4:4:4:3:3:4:2
3:2:4:4:4:1:2:4:3:,clone,12840.105199742604,3:2:4:4:4:1:2:4:3
2:2:4:4:4:3:3:4:1:,clone,16070.673159290342,2:2:4:4:4:3:3:4:1
2:2:4:4:4:3:3:4:2:,recombination,15806.141824258546,4:3:4:4:4:3:3:4:4,3:2:4:4:4:1:2:2:3,MUTATE
4:2:4:4:4:1:1:3:4:,clone,11474.932354819979,4:2:4:4:4:1:1:2:4
4:3:4:4:4:0:1:2:4:,recombination,12334.709618438914,3:2:4:4:4:1:1:2:3,4:4:4:4:4:0:0:0:4
4:2:4:4:4:3:3:4:4:,recombination,16304.108748199607,3:2:4:4:4:0:1:1:4,4:3:4:4:4:3:4:4:4,MUTATE
4:2:4:4:4:3:4:4:4:,clone,16281.506017840004,4:2:4:4:4:3:4:4:4
4:3:4:4:4:0:1:4:4:,clone,12039.901648797133,4:3:4:4:4:0:1:4:4
4:2:4:4:4:2:2:4:4:,recombination,13493.09369929525,4:2:4:4:4:1:1:2:4,3:2:4:4:4:0:1:1:4
4:2:4:4:4:1:2:4:4:,recombination,12424.869178692812,4:3:4:4:4:1:2:4:4,3:2:4:4:4:1:2:3:3,MUTATE
3:2:4:4:4:3:3:4:3:,recombination,15613.738305192777,3:2:4:4:4:1:2:3:3,2:2:4:4:4:3:3:4:2
4:2:4:4:4:4:4:4:4:,clone,16740.613887486514,4:2:4:4:4:4:4:4:4
4:2:4:4:4:0:1:1:4:,recombination,12314.208496392472,3:2:4:4:4:0:0:0:4,4:2:4:4:4:1:1:4:4,MUTATE
3:2:4:4:4:3:3:4:3:,clone,15480.43852925074,3:2:4:4:4:3:3:4:3
4:4:4:4:4:1:2:4:4:,recombination,12583.182862394759,4:4:4:4:4:1:1:4:4,4:3:4:4:4:3:3:4:4
2:2:4:4:4:2:2:3:2:,clone,13920.014776455106,2:2:4:4:4:1:2:3:2
4:4:4:4:4:3:3:4:4:,clone,14818.455839329503,4:4:4:4:4:3:3:4:4
3:2:4:4:4:2:3:4:3:,recombination,13872.89570509124,3:2:4:4:4:2:2:4:3,3:2:4:4:4:2:2:4:3,MUTATE
4:4:4:4:4:3:2:4:4:,clone,14730.904968637324,4:4:4:4:4:3:2:4:4
2:2:4:4:4:2:3:4:2:,recombination,14139.820545991057,4:3:4:4:4:3:3:4:4,2:2:4:4:4:2:2:4:2,MUTATE
4:3:4:4:4:0:1:4:4:,recombination,11859.983650309092,4:3:4:4:4:0:1:4:4,3:2:4:4:4:0:1:1:3,MUTATE
4:2:4:4:4:2:2:4:4:,clone,12476.94090411258,4:2:4:4:4:2:2:4:4
4:3:4:4:4:1:2:3:4:,recombination,13122.25958462112,4:4:4:4:4:0:1:4:4,2:2:4:4:4:3:3:4:2
3:2:4:4:4:2:3:4:3:,clone,13381.531701110152,3:2:4:4:4:2:3:4:3
3:2:4:4:4:2:3:4:3:,clone,13134.531790411313,3:2:4:4:4:2:3:4:3
3:2:4:4:4:2:3:4:2:,clone,13958.18377900588,3:2:4:4:4:2:3:4:2
3:2:4:4:4:2:3:4:2:,clone,13892.820635292215,3:2:4:4:4:2:3:4:2
4:4:4:4:4:3:3:4:4:,clone,14757.63891024211,4:4:4:4:4:3:3:4:4
4:4:4:4:4:2:3:4:4:,clone,13745.493564894445,4:4:4:4:4:2:3:4:4
2:2:4:4:4:3:4:4:2:,recombination,17141.39452844786,1:2:4:4:0:4:4:4:0,3:2:4:4:4:1:1:1:3,MUTATE
4:2:4:4:4:3:3:4:4:,recombination,15766.83430433681,4:2:4:4:4:1:1:3:4,2:2:4:4:4:1:2:2:2,MUTATE
4:2:4:4:4:1:2:1:4:,clone,14011.709675226648,3:2:4:4:4:0:1:1:4
4:3:4:4:4:2:3:4:4:,recombination,13324.31250054407,4:2:4:4:4:1:1:2:4,4:2:4:4:4:1:2:4:4,MUTATE
4:2:4:4:4:2:3:4:3:,recombination,15102.172802649406,4:3:4:4:4:2:2:4:4,3:2:4:4:4:2:2:3:3
4:2:4:4:4:1:1:4:4:,clone,11558.088993156858,4:2:4:4:4:1:1:4:4
4:4:4:4:4:3:3:4:4:,clone,14742.552163263343,4:3:4:4:4:3:3:4:4
4:2:4:4:4:3:3:4:4:,recombination,15593.673794965516,4:2:4:4:4:1:1:3:4,2:2:4:4:4:1:2:2:2,MUTATE
4:2:4:4:4:1:1:4:4:,recombination,11187.344376425308,3:2:4:4:4:0:0:0:4,4:2:4:4:4:1:1:4:4
4:2:4:4:4:1:2:4:4:,recombination,11982.015850718566,4:2:4:4:4:1:1:4:4,3:2:4:4:4:3:3:4:3
4:2:4:4:4:3:4:4:4:,clone,16278.00155033029,4:2:4:4:4:3:4:4:4
4:4:4:4:4:2:3:4:4:,clone,13637.198458319997,4:4:4:4:4:2:3:4:4
4:2:4:4:4:4:4:4:4:,recombination,16596.7031874095,4:2:4:4:4:3:4:4:4,3:2:4:4:4:2:3:3:3
4:3:4:4:4:2:3:4:4:,recombination,13287.548363509257,4:4:4:4:4:1:1:4:4,4:2:4:4:4:1:1:4:4
4:2:4:4:4:2:3:3:4:,recombination,16658.14849682258,4:4:4:4:4:2:2:4:4,2:2:4:4:4:2:3:3:2
4:2:4:4:4:3:4:4:4:,recombination,15907.334127306822,4:4:4:4:4:3:3:4:4,3:2:4:4:4:2:3:4:2,MUTATE
4:3:4:4:4:4:4:4:4:,recombination,16761.074672817344,4:3:4:4:4:2:2:4:4,4:3:4:4:4:4:4:4:4,MUTATE
4:2:4:4:4:3:3:4:4:,clone,15386.780345313917,4:2:4:4:4:3:3:4:4
4:2:4:4:4:2:2:4:3:,recombination,13269.38004102101,3:2:4:4:4:0:1:2:3,4:2:4:4:4:3:3:4:4
4:4:4:4:4:2:2:4:4:,clone,12880.743557354686,4:4:4:4:4:1:2:4:4
4:3:4:4:4:1:2:4:4:,recombination,12014.99607652396,4:4:4:4:4:2:2:4:4,4:3:4:4:4:2:2:4:4
4:3:4:4:4:1:2:4:4:,recombination,11810.723700094219,4:3:4:4:4:2:3:4:4,4:3:4:4:4:1:2:4:4
2:2:4:4:4:1:1:4:2:,clone,13907.008693642802,2:2:4:4:4:1:1:4:2
4:2:4:4:4:3:3:4:3:,recombination,14824.933719744831,3:2:4:4:4:1:2:2:3,2:2:4:4:0:4:4:4:0
4:3:4:4:4:2:3:4:4:,clone,13251.910550865994,4:3:4:4:4:2:3:4:4
4:2:4:4:4:2:3:4:3:,clone,14564.017349909172,3:2:4:4:4:2:3:4:3
4:2:4:4:4:3:4:4:4:,recombination,15725.034678087097,4:2:4:4:4:3:4:4:4,3:2:4:4:4:0:1:2:3,MUTATE
4:2:4:4:4:2:3:4:3:,recombination,14292.111984540295,2:2:4:4:4:2:3:4:2,4:3:4:4:4:3:4:4:4
4:2:4:4:4:1:2:4:4:,clone,11487.672549223023,4:2:4:4:4:1:2:4:4
4:2:4:4:4:1:2:3:4:,recombination,12340.326804417471,3:2:4:4:4:0:1:2:3,4:2:4:4:4:0:1:1:4
4:4:4:4:4:0:1:3:4:,recombination,11424.450474203946,4:3:4:4:4:1:1:4:4,4:3:4:4:4:1:2:4:4,MUTATE
4:2:4:4:4:2:3:4:3:,clone,14063.04540502826,4:2:4:4:4:2:3:4:3
4:2:4:4:4:3:3:4:3:,clone,14047.195191894529,4:2:4:4:4:2:3:4:3
4:2:4:4:4:1:2:4:3:,recombination,14111.662307192031,3:2:4:4:4:0:0:1:4,2:2:4:4:4:3:3:4:2,MUTATE
4:2:4:4:4:3:3:4:4:,recombination,15267.866207121118,4:3:4:4:4:0:1:4:4,4:2:4:4:4:1:1:2:4
4:2:4:4:4:1:2:4:4:,clone,11312.449893641322,4:2:4:4:4:1:2:4:4
4:2:4:4:4:1:1:1:4:,clone,13738.973213521838,4:2:4:4:4:0:1:0:4
2:2:4:4:4:1:1:4:2:,clone,13498.645833978893,2:2:4:4:4:1:1:4:2
4:4:4:4:4:0:0:0:4:,clone,12452.070740015479,4:4:4:4:4:0:0:0:4
4:2:4:4:4:0:1:4:4:,recombination,12778.733955333268,4:3:4:4:4:0:1:4:4,3:2:4:4:4:0:1:2:3,MUTATE
4:2:4:4:4:4:4:4:2:,recombination,14720.772051384902,3:2:4:4:4:1:2:2:3,2:2:4:4:0:4:4:4:0,MUTATE
4:2:4:4:4:3:3:4:4:,clone,15168.320880820113,4:2:4:4:4:3:3:4:4
4:2:4:4:4:2:2:4:4:,recombination,12320.867426156163,4:2:4:4:4:1:1:4:4,4:2:4:4:4:1:2:4:4
1:2:4:4:4:4:4:4:0:,recombination,18480.5615095935,2:2:4:4:4:3:4:4:2,2:2:4:4:4:1:1:3:2,MUTATE
4:2:4:4:4:0:0:3:4:,recombination,13341.545688058693,4:2:4:4:4:0:1:2:4,2:2:4:4:4:0:0:0:3,MUTATE
4:3:4:4:4:0:1:1:4:,recombination,13403.49114474712,4:3:4:4:4:1:2:3:4,3:2:4:4:4:0:1:1:3
2:2:4:4:1:4:4:4:0:,recombination,17041.086872944194,4:2:4:4:4:1:1:3:4,2:2:4:4:0:4:4:4:0
4:4:4:4:4:2:3:4:4:,clone,13452.01180705717,4:4:4:4:4:2:3:4:4
4:2:4:4:4:3:3:4:4:,recombination,14993.509029246192,3:2:4:4:4:0:1:1:3,2:2:4:4:4:2:3:4:2,MUTATE
4:2:4:4:4:4:4:4:4:,clone,16455.798382385212,4:2:4:4:4:4:4:4:4
4:2:4:4:4:3:3:4:4:,clone,14530.09544630155,4:2:4:4:4:3:3:4:3
4:3:4:4:4:3:3:4:4:,clone,13564.478701261572,4:3:4:4:4:3:3:4:4
4:2:4:4:4:2:3:4:4:,recombination,12621.03198915959,4:2:4:4:4:1:2:4:4,4:3:4:4:4:2:3:4:4
4:3:4:4:4:2:3:4:4:,clone,13209.886214977862,4:2:4:4:4:2:2:4:4
4:4:4:4:4:2:3:4:4:,clone,13239.918017095959,4:4:4:4:4:2:3:4:4
4:2:4:4:4:4:4:4:3:,clone,16869.684672400912,4:2:4:4:4:3:4:4:4
1:2:4:4:4:4:4:4:0:,recombination,18434.579333200338,4:2:4:4:4:3:4:4:4,1:2:4:4:4:4:4:4:0,MUTATE
4:3:4:4:4:2:3:4:4:,clone,13135.678657736833,4:3:4:4:4:2:3:4:4
1:1:4:4:0:4:4:4:0:,clone,19555.414395817497,3:2:4:4:4:1:2:4:3
4:3:4:4:4:0:1:2:4:,recombination,11319.613946505167,4:3:4:4:4:1:1:4:4,3:2:4:4:4:0:0:1:3,MUTATE
3:2:4:4:4:4:4:4:1:,recombination,16815.334912235692,2:2:4:4:1:4:4:4:0,3:2:4:4:4:2:2:4:3,MUTATE
4:3:4:4:4:3:4:4:4:,recombination,14690.835578474624,4:3:4:4:4:3:3:4:4,4:3:4:4:4:2:3:4:4
3:2:4:4:4:3:4:4:2:,recombination,17760.657583133547,4:2:4:4:4:0:1:4:4,2:2:4:4:4:3:3:4:1
4:3:4:4:4:2:2:4:4:,recombination,12163.269134481598,4:4:4:4:4:1:2:4:4,4:4:4:4:4:0:1:3:4
4:3:4:4:4:1:1:3:4:,clone,11641.604514245746,4:3:4:4:4:0:1:2:4
4:3:4:4:4:2:3:4:4:,recombination,12748.305924652563,4:3:4:4:4:3:3:4:4,4:3:4:4:4:2:2:4:4,MUTATE
4:2:4:4:4:4:4:4:4:,recombination,15839.964847510731,4:2:4:4:4:3:4:4:4,4:3:4:4:4:3:3:4:4
4:2:4:4:4:4:4:4:4:,clone,15741.295321814108,4:2:4:4:4:4:4:4:4
4:3:4:4:4:2:2:4:4:,clone,12112.339097504373,4:3:4:4:4:2:2:4:4
4:3:4:4:4:1:1:3:4:,clone,11221.637267108248,4:3:4:4:4:1:1:3:4
4:4:4:4:4:1:1:4:4:,clone,11494.330695520783,4:4:4:4:4:1:1:4:4
2:2:4:4:4:3:4:4:1:,clone,16200.300902604453,2:2:4:4:4:3:4:4:1
4:3:4:4:4:1:1:4:4:,clone,11663.779196174124,4:3:4:4:4:1:1:4:4
4:2:4:4:4:3:4:4:4:,recombination,15642.350410138637,3:2:4:4:4:2:2:3:3,4:2:4:4:4:1:2:4:4,MUTATE
4:2:4:4:4:1:2:3:4:,recombination,12330.680307120438,3:2:4:4:4:2:2:4:3,4:2:4:4:4:1:2:3:4,MUTATE
4:3:4:4:4:4:4:4:4:,recombination,15732.650864520452,4:3:4:4:4:3:4:4:4,2:2:4:4:0:4:4:4:0,MUTATE
4:3:4:4:4:1:2:2:4:,clone,13770.734880954964,4:3:4:4:4:1:2:2:4
4:2:4:4:4:3:4:4:3:,recombination,17105.918005203614,4:4:4:4:4:2:2:4:4,2:2:4:4:4:1:1:4:2
3:2:4:4:4:4:4:4:1:,recombination,16160.297839459734,3:2:4:4:4:0:1:1:3,4:2:4:4:4:4:4:4:2,MUTATE
4:2:4:4:4:3:4:4:3:,clone,16122.55175894761,4:2:4:4:4:3:4:4:3
4:2:4:4:4:4:4:4:3:,recombination,16149.541316836867,4:2:4:4:4:3:4:4:4,4:3:4:4:4:3:4:4:4,MUTATE
1:1:4:4:0:4:4:4:0:,clone,19121.67919594483,1:1:4:4:0:4:4:4:0
4:3:4:4:4:1:1:4:4:,clone,11277.302057940036,4:3:4:4:4:1:1:4:4
4:2:4:4:4:3:4:4:3:,clone,15718.36723625826,4:2:4:4:4:4:4:4:3
3:2:4:4:4:4:4:4:2:,recombination,16922.398632570832,3:2:4:4:4:2:2:3:3,3:2:4:4:4:0:1:2:3,MUTATE
4:3:4:4:4:4:4:4:4:,recombination,15602.410356265429,4:3:4:4:4:4:4:4:4,4:2:4:4:4:1:1:2:4
4:2:4:4:4:3:4:4:4:,clone,15578.982726954955,4:2:4:4:4:3:4:4:4
4:3:4:4:4:1:1:4:4:,clone,11094.744330298903,4:3:4:4:4:1:1:4:4
2:2:4:4:4:3:4:4:2:,recombination,16268.70792165867,4:3:4:4:4:3:3:4:4,2:2:4:4:4:1:1:3:2,MUTATE
4:2:4:4:4:1:3:4:4:,clone,13448.134613487837,4:2:4:4:4:1:3:4:4
1:1:4:4:0:4:4:4:0:,clone,18767.732015450732,1:1:4:4:0:4:4:4:0
3:2:4:4:4:3:4:4:2:,recombination,15158.869760387637,4:2:4:4:4:2:2:4:4,2:2:4:4:4:1:1:4:2,MUTATE
3:2:4:4:4:3:3:4:2:,recombination,14842.265941123558,4:2:4:4:4:3:3:4:3,2:2:4:4:4:3:4:4:1,MUTATE
3:2:4:4:4:4:4:4:1:,clone,16041.255127852142,3:2:4:4:4:4:4:4:1
4:4:4:4:4:3:3:4:4:,clone,14440.976917812573,4:3:4:4:4:3:3:4:4
4:2:4:4:4:3:3:4:4:,recombination,14223.32154979264,4:4:4:4:4:2:3:4:4,3:2:4:4:4:2:3:4:2
2:2:4:4:4:4:4:4:1:,recombination,18090.77006484873,2:2:4:4:4:2:3:4:2,1:2:4:4:0:4:4:4:0,MUTATE
4:4:4:4:4:0:1:4:4:,recombination,12427.689108371595,4:4:4:4:4:0:1:4:4,4:3:4:4:4:0:0:1:4,MUTATE
4:3:4:4:4:3:2:4:4:,clone,14194.613628109562,4:3:4:4:4:3:3:4:4
3:2:4:4:4:4:4:4:1:,recombination,15631.768359633366,3:2:4:4:4:1:2:2:3,3:2:4:4:4:4:4:4:1,MUTATE
3:2:4:4:1:4:4:4:0:,clone,17178.750828855966,2:2:4:4:1:4:4:4:0
4:2:4:4:4:3:4:4:3:,recombination,15486.82940592288,4:2:4:4:4:2:3:4:3,4:2:4:4:4:1:1:2:4,MUTATE
4:4:4:4:4:0:1:4:4:,clone,12201.273148492823,4:4:4:4:4:0:1:4:4
4:2:4:4:4:3:3:4:4:,recombination,13911.269989912504,4:2:4:4:4:0:1:1:4,4:2:4:4:4:3:3:4:4
2:2:4:4:0:4:4:4:0:,recombination,16607.018625065026,2:2:4:4:4:2:2:4:2,2:2:4:4:0:4:4:4:0
1:2:4:4:1:4:4:4:0:,recombination,18520.751410591656,3:2:4:4:4:1:2:4:3,3:2:4:4:4:0:1:2:3,MUTATE
4:2:4:4:4:3:4:4:4:,recombination,15513.60707501609,3:2:4:4:4:3:4:4:2,4:3:4:4:4:2:3:4:4,MUTATE
3:2:4:4:4:4:4:4:2:,clone,15789.595581234913,3:2:4:4:4:4:4:4:1
4:4:4:4:4:0:0:1:4:,recombination,13321.98442487658,4:4:4:4:4:0:0:0:4,4:2:4:4:4:3:4:4:3
4:3:4:4:4:0:0:2:4:,recombination,11128.651813760353,4:3:4:4:4:1:1:4:4,4:2:4:4:4:0:0:0:4
1:1:4:4:0:4:4:4:0:,clone,18477.6254855628,1:1:4:4:0:4:4:4:0
4:2:4:4:4:3:4:4:4:,clone,15125.287381911092,4:2:4:4:4:3:4:4:4
4:2:4:4:4:4:4:4:3:,recombination,15102.842253197432,4:2:4:4:4:4:4:4:4,4:2:4:4:4:1:2:4:3,MUTATE
4:2:4:4:4:3:4:4:3:,clone,15098.463272013232,4:2:4:4:4:3:4:4:3
3:2:4:4:4:3:3:4:3:,recombination,14857.190974016032,4:2:4:4:4:1:1:4:4,2:2:4:4:4:3:4:4:2,MUTATE
4:2:4:4:4:0:1:2:4:,recombination,11183.192124670673,3:2:4:4:4:0:1:1:4,4:2:4:4:4:3:3:4:4,MUTATE
4:2:4:4:4:4:4:4:3:,clone,15091.648687407953,4:2:4:4:4:4:4:4:3
4:2:4:4:4:4:4:4:4:,recombination,15415.035233841141,4:2:4:4:4:3:3:4:4,4:3:4:4:4:4:4:4:4,MUTATE
2:2:4:4:4:4:4:4:1:,recombination,17930.539849434157,1:1:4:4:0:4:4:4:0,4:2:4:4:4:0:1:1:4
4:2:4:4:4:0:1:1:4:,clone,11416.37244694818,4:2:4:4:4:0:1:1:4
4:2:4:4:4:3:3:4:4:,clone,13896.530840801302,4:2:4:4:4:3:3:4:4
3:2:4:4:1:4:4:4:1:,recombination,17627.7735340114,2:2:4:4:1:4:4:4:0,2:2:4:4:0:4:4:4:0
4:2:4:4:4:0:1:2:4:,clone,11177.060952489146,4:2:4:4:4:0:1:2:4
4:2:4:4:4:3:4:4:3:,recombination,15016.57124030582,4:2:4:4:4:3:3:4:4,4:3:4:4:4:4:4:4:4
4:4:4:4:4:0:0:2:4:,recombination,12618.880349504976,4:2:4:4:4:3:3:4:4,4:4:4:4:4:0:0:0:4,MUTATE
4:2:4:4:4:3:3:4:3:,recombination,13836.798040065643,4:2:4:4:4:1:2:4:3,4:2:4:4:4:3:4:4:4
4:2:4:4:4:3:4:4:3:,recombination,14742.985126794127,4:2:4:4:4:4:4:4:3,4:2:4:4:4:3:3:4:4,MUTATE
3:2:4:4:1:4:4:4:1:,recombination,17422.326922727138,3:2:4:4:1:4:4:4:0,3:2:4:4:4:0:1:2:3,MUTATE
4:3:4:4:4:4:3:4:4:,recombination,15551.155304424254,3:2:4:4:4:2:2:4:3,4:2:4:4:4:4:4:4:4,MUTATE
3:2:4:4:1:4:4:4:1:,clone,17115.471180638626,3:2:4:4:1:4:4:4:1
4:2:4:4:4:3:4:4:2:,recombination,15772.346653937524,3:2:4:4:1:4:4:4:1,2:2:4:4:4:3:3:4:2,MUTATE
4:2:4:4:4:0:1:3:4:,recombination,12040.340682917857,4:2:4:4:4:0:1:2:4,3:2:4:4:4:2:2:3:3
4:2:4:4:4:3:3:4:3:,clone,13618.33217749882,4:2:4:4:4:3:3:4:3
4:4:4:4:4:0:0:1:4:,recombination,12451.211304967786,3:2:4:4:4:2:2:4:3,4:4:4:4:4:0:0:0:4,MUTATE
2:2:4:4:1:4:4:4:0:,clone,16870.600454121435,2:2:4:4:1:4:4:4:0
3:2:4:4:4:3:4:4:2:,recombination,15084.629434037815,3:2:4:4:4:1:2:4:3,2:2:4:4:4:3:4:4:2
4:3:4:4:4:1:2:4:4:,recombination,11640.877687870443,4:2:4:4:4:1:1:4:4,4:3:4:4:4:0:1:2:4,MUTATE
1:2:4:4:0:4:4:4:0:,clone,19177.739817019647,1:2:4:4:0:4:4:4:0
4:3:4:4:4:1:2:4:4:,clone,11477.070836410396,4:3:4:4:4:1:2:4:4
1:1:4:4:0:4:4:4:0:,clone,18260.36481061104,1:1:4:4:0:4:4:4:0
1:2:4:4:0:4:4:4:0:,clone,18913.96702176671,1:2:4:4:0:4:4:4:0
2:2:4:4:0:4:4:4:0:,clone,16565.84462694136,2:2:4:4:0:4:4:4:0
1:2:4:4:3:4:4:4:0:,recombination,18958.354834703543,2:2:4:4:4:1:2:2:2,1:1:4:4:0:4:4:4:0
3:2:4:4:4:3:3:4:3:,recombination,14447.887466424761,4:2:4:4:4:3:3:4:3,4:2:4:4:4:1:1:2:4,MUTATE
4:2:4:4:4:3:4:4:3:,clone,14461.789686704913,4:2:4:4:4:3:4:4:3
4:2:4:4:4:2:3:4:3:,recombination,14014.426522084079,4:2:4:4:4:3:3:4:3,2:2:4:4:4:2:2:3:2,MUTATE
4:4:4:4:4:4:3:4:4:,recombination,18854.151206427996,4:4:4:4:4:3:3:4:4,3:2:4:4:4:2:2:4:3,MUTATE
2:2:4:4:2:4:4:4:1:,recombination,18725.830608676355,1:1:4:4:0:4:4:4:0,4:3:4:4:4:0:1:4:4
4:4:4:4:4:0:0:3:4:,clone,13350.571943709016,4:4:4:4:4:0:0:3:4
1:2:4:4:4:4:4:4:0:,clone,18170.8065379474,1:2:4:4:4:4:4:4:0
2:2:4:4:3:4:4:4:1:,recombination,17326.047847768168,4:2:4:4:4:1:1:0:4,2:2:4:4:4:1:1:4:2,MUTATE
2:2:4:4:1:4:4:4:0:,clone,16757.770410746685,2:2:4:4:1:4:4:4:0
1:2:4:4:1:4:4:4:0:,recombination,18289.778367176776,1:1:4:4:0:4:4:4:0,4:2:4:4:4:2:2:4:4
3:2:4:4:4:1:2:4:3:,recombination,12747.907977715668,3:2:4:4:4:3:3:4:3,4:2:4:4:4:0:1:1:4,MUTATE
4:2:4:4:4:1:1:1:4:,clone,13708.630634690488,4:2:4:4:4:1:1:1:4
2:2:4:4:4:4:4:4:1:,recombination,16560.343635488185,1:2:4:4:1:4:4:4:0,3:2:4:4:4:1:2:4:3,MUTATE
2:2:4:4:4:4:4:4:1:,recombination,16554.338612245552,1:2:4:4:1:4:4:4:0,4:2:4:4:4:1:1:0:4,MUTATE
4:2:4:4:4:2:3:4:3:,recombination,13741.059101926308,2:2:4:4:0:4:4:4:0,2:2:4:4:4:2:2:3:2,MUTATE
1:2:4:4:2:4:4:4:0:,recombination,18615.546914281425,3:2:4:4:4:0:1:2:3,4:3:4:4:4:4:3:4:4,MUTATE
1:2:4:4:0:4:4:4:0:,clone,17795.158791615875,1:2:4:4:0:4:4:4:0
1:2:4:4:1:4:4:4:0:,clone,18044.447304651294,1:2:4:4:1:4:4:4:0
1:2:4:4:0:4:4:4:0:,clone,17615.41455251727,1:2:4:4:0:4:4:4:0
3:2:4:4:4:2:2:4:2:,recombination,13889.102622836135,4:3:4:4:4:1:2:4:4,2:2:4:4:4:1:1:3:2
4:2:4:4:4:2:3:4:3:,clone,13641.346609881191,4:2:4:4:4:2:3:4:3
4:2:4:4:4:0:0:2:4:,clone,12509.727914837671,4:2:4:4:4:0:0:2:4
4:2:4:4:4:2:3:4:4:,recombination,12363.302566110217,4:2:4:4:4:3:4:4:3,4:2:4:4:4:0:1:2:4
2:2:4:4:4:4:4:4:2:,recombination,17693.373610203835,1:2:4:4:4:4:4:4:0,3:2:4:4:4:1:1:1:3
4:2:4:4:4:2:3:4:4:,clone,12235.464573884796,4:2:4:4:4:2:3:4:4
2:2:4:4:2:4:4:4:1:,recombination,17361.846357755792,4:2:4:4:4:2:3:4:3,2:2:4:4:2:4:4:4:1,MUTATE
4:2:4:4:4:2:3:4:3:,clone,13565.75717496746,4:2:4:4:4:2:3:4:3
4:2:4:4:4:3:4:4:2:,clone,14863.38107029918,4:2:4:4:4:3:4:4:2
2:2:4:4:3:4:4:4:0:,clone,16650.959513115537,2:2:4:4:3:4:4:4:0
4:2:4:4:4:2:2:4:4:,clone,11833.93865535964,4:2:4:4:4:2:2:4:4
4:2:4:4:4:2:3:4:3:,recombination,13259.727527265293,2:2:4:4:1:4:4:4:0,4:2:4:4:4:2:3:4:3,MUTATE
2:2:4:4:4:4:4:4:0:,clone,16884.84404364127,2:2:4:4:4:4:4:4:0
2:2:4:4:3:4:4:4:1:,recombination,16451.441752527444,4:2:4:4:4:4:4:4:3,1:2:4:4:0:4:4:4:0
4:2:4:4:4:2:3:4:3:,recombination,13121.03944445704,4:4:4:4:4:3:2:4:4,4:2:4:4:4:2:3:4:3,MUTATE
3:2:4:4:3:4:4:4:1:,recombination,16933.06321272981,4:3:4:4:4:2:2:4:4,3:2:4:4:1:4:4:4:1,MUTATE
2:2:4:4:4:3:4:4:1:,clone,15932.688615872528,3:2:4:4:4:3:3:4:2
4:2:4:4:4:3:4:4:2:,recombination,14562.19674529451,4:2:4:4:4:3:4:4:2,4:2:4:4:4:3:4:4:4,MUTATE
4:2:4:4:4:2:3:4:4:,clone,12187.985314148978,4:2:4:4:4:2:3:4:4
4:2:4:4:4:2:3:4:4:,clone,12181.014412438106,4:2:4:4:4:2:3:4:4
3:2:4:4:4:3:4:4:2:,recombination,15012.815382581759,4:2:4:4:4:2:3:4:3,4:2:4:4:4:2:2:4:4,MUTATE
3:2:4:4:4:3:4:4:3:,clone,18875.295578063906,3:2:4:4:4:3:4:4:3
4:4:4:4:4:1:1:2:4:,recombination,14720.682678280868,4:4:4:4:4:0:0:0:4,4:2:4:4:4:1:1:2:4,MUTATE
2:2:4:4:4:4:4:4:1:,recombination,16420.28675790094,4:4:4:4:4:2:3:4:4,4:2:4:4:4:0:1:2:4
4:4:4:4:4:1:1:3:4:,clone,13873.714201387043,4:4:4:4:4:1:1:3:4
2:2:4:4:4:4:4:4:1:,recombination,16336.328425137812,4:4:4:4:4:1:2:4:4,2:2:4:4:4:4:4:4:1,MUTATE
4:3:4:4:4:3:3:4:4:,recombination,13513.981065795862,3:2:4:4:4:4:4:4:2,4:3:4:4:4:1:1:3:4
4:2:4:4:4:3:4:4:4:,clone,14725.028426194423,4:2:4:4:4:3:4:4:3
4:4:4:4:4:0:1:2:4:,recombination,14178.3411341652,4:4:4:4:4:3:2:4:4,4:4:4:4:4:0:0:0:4
4:2:4:4:4:2:2:3:4:,recombination,14609.179260638384,4:2:4:4:4:1:1:1:4,3:2:4:4:4:0:1:1:4
4:2:4:4:4:2:2:3:4:,clone,14586.261096729604,4:2:4:4:4:2:2:3:4
4:2:4:4:4:0:0:2:4:,clone,12495.31581706623,4:2:4:4:4:0:0:2:4
2:2:4:4:4:4:4:4:1:,clone,16321.159087792743,2:2:4:4:4:4:4:4:1
3:2:4:4:4:3:4:4:3:,recombination,16264.99453114334,4:4:4:4:4:1:1:4:4,4:3:4:4:4:3:3:4:4
2:2:4:4:4:3:3:4:1:,recombination,15329.34277576478,2:2:4:4:0:4:4:4:0,2:2:4:4:4:3:4:4:2
4:4:4:4:4:1:1:2:4:,recombination,14595.969083549508,4:4:4:4:4:0:0:0:4,2:2:4:4:4:4:4:4:1,MUTATE
2:2:4:4:4:4:4:4:1:,clone,16310.054457274893,2:2:4:4:4:4:4:4:1
2:2:4:4:2:4:4:4:0:,recombination,18712.225073849888,2:2:4:4:2:4:4:4:1,4:3:4:4:4:1:2:4:4
2:2:4:4:4:4:4:4:1:,clone,16244.675217915546,2:2:4:4:4:4:4:4:1
1:2:4:4:2:4:4:4:0:,recombination,18480.00322748045,1:2:4:4:1:4:4:4:0,4:2:4:4:4:1:1:1:4
3:2:4:4:4:3:3:4:2:,recombination,14598.50014504982,3:2:4:4:4:2:2:3:3,4:2:4:4:4:2:3:4:3
2:2:4:4:4:4:4:4:1:,recombination,15954.643811220109,2:2:4:4:4:2:2:3:2,4:2:4:4:4:3:3:4:4
2:2:4:4:2:4:4:4:1:,recombination,17158.145226213197,2:2:4:4:4:4:4:4:1,4:3:4:4:4:4:3:4:4,MUTATE
2:2:4:4:1:4:4:4:1:,recombination,16781.07259361108,4:2:4:4:4:1:1:2:4,4:4:4:4:4:2:2:4:4,MUTATE
3:2:4:4:4:4:4:4:3:,clone,16401.553569444557,3:2:4:4:4:4:4:4:3
3:2:4:4:4:4:4:4:2:,recombination,15784.564733278079,4:2:4:4:4:1:2:4:4,3:2:4:4:4:1:2:3:3,MUTATE
3:2:4:4:4:4:4:4:2:,clone,15751.398382096446,3:2:4:4:4:4:4:4:2
3:2:4:4:4:4:4:4:2:,clone,15408.11443820411,3:2:4:4:4:4:4:4:2
3:2:4:4:4:4:4:4:1:,recombination,15602.082025434695,4:2:4:4:4:1:1:2:4,4:4:4:4:4:2:2:4:4,MUTATE
4:4:4:4:4:0:0:0:4:,clone,11077.354906628621,4:3:4:4:4:3:3:4:4
3:2:4:4:4:1:1:4:3:,clone,13401.107396311014,3:2:4:4:4:1:1:4:3
3:2:4:4:4:1:1:4:3:,clone,13069.380685633578,3:2:4:4:4:1:1:4:3
3:2:4:4:3:4:4:4:2:,clone,16966.10915583416,3:2:4:4:3:4:4:4:2
4:4:4:4:4:0:0:0:4:,recombination,10920.453795292426,4:2:4:4:4:1:1:0:4,4:2:4:4:4:1:2:3:4
2:2:4:4:2:4:4:4:0:,clone,18362.434393664145,2:2:4:4:2:4:4:4:0
4:4:4:4:4:0:0:0:4:,clone,10652.412480194555,4:4:4:4:4:0:0:0:4
4:3:4:4:4:0:0:1:4:,recombination,11698.900385815505,3:2:4:4:4:0:0:0:3,2:1:4:4:4:2:3:4:2,MUTATE
4:3:4:4:4:0:0:0:4:,clone,12574.64726268465,4:3:4:4:4:0:0:0:4
3:2:4:4:4:3:4:4:2:,clone,14897.944084439127,3:2:4:4:4:4:4:4:2
3:2:4:4:4:4:4:4:1:,clone,15308.050020634199,3:2:4:4:4:4:4:4:1
4:4:4:4:4:1:1:2:4:,recombination,13418.369460180538,3:2:4:4:4:1:1:2:3,4:4:4:4:4:0:0:1:4
4:4:4:4:4:1:1:2:4:,clone,13356.52476897952,4:4:4:4:4:1:1:2:4
4:4:4:4:4:0:1:2:4:,clone,13551.34008788735,4:4:4:4:4:1:1:2:4
1:2:4:4:0:4:4:4:0:,recombination,17021.55993982446,4:2:4:4:4:4:4:4:4,3:2:4:4:4:1:1:3:3
2:2:4:4:4:3:3:4:2:,clone,15511.52441172279,3:2:4:4:4:2:2:4:2
4:4:4:4:4:1:1:3:4:,recombination,13675.038085938148,4:4:4:4:4:0:0:1:4,4:4:4:4:4:0:0:1:4
4:4:4:4:4:1:1:3:4:,clone,13397.468375825498,4:4:4:4:4:1:1:3:4
4:2:4:4:4:1:1:1:4:,clone,12598.006352930308,4:2:4:4:4:1:2:2:4
4:4:4:4:4:0:0:2:4:,clone,11538.760529585143,4:4:4:4:4:0:0:2:4
2:2:4:4:4:4:4:4:0:,recombination,16352.55002246405,4:4:4:4:4:2:3:4:4,2:2:4:4:4:3:4:4:1
2:2:4:4:2:4:4:4:1:,clone,16936.634828774644,2:2:4:4:1:4:4:4:0
2:2:4:4:4:3:4:4:1:,recombination,15887.479560051737,3:2:4:4:4:4:4:4:1,2:2:4:4:4:2:2:3:2,MUTATE
4:4:4:4:4:1:1:3:4:,recombination,11704.870654371196,4:4:4:4:4:3:2:4:4,4:4:4:4:4:0:0:0:4
2:2:4:4:2:4:4:4:0:,recombination,18090.42190504466,4:2:4:4:4:0:1:1:4,2:2:4:4:2:4:4:4:0,MUTATE
2:2:4:4:4:3:4:4:1:,clone,15820.133846804853,2:2:4:4:4:3:4:4:1
4:4:4:4:4:0:0:2:4:,clone,11293.207450345548,4:4:4:4:4:0:0:2:4
2:2:4:4:2:4:4:4:0:,recombination,17588.487994953175,1:2:4:4:1:4:4:4:0,2:2:4:4:4:4:4:4:1,MUTATE
1:2:4:4:0:4:4:4:0:,recombination,16897.27127736052,4:3:4:4:4:2:2:4:4,1:2:4:4:0:4:4:4:0
1:2:4:4:0:4:4:4:0:,clone,16877.512887835397,1:2:4:4:0:4:4:4:0
2:2:4:4:2:4:4:4:1:,clone,16866.19598144623,2:2:4:4:2:4:4:4:1
2:2:4:4:2:4:4:4:0:,clone,17468.937399124425,2:2:4:4:2:4:4:4:0
2:2:4:4:4:4:4:4:0:,clone,16263.07364263807,2:2:4:4:4:4:4:4:0
4:4:4:4:4:0:1:2:4:,clone,11496.792796026446,4:4:4:4:4:0:1:2:4
2:2:4:4:4:3:3:4:2:,clone,15480.678309851313,2:2:4:4:4:3:3:4:2
1:1:4:4:0:4:4:4:0:,clone,17634.017061458122,1:1:4:4:0:4:4:4:0
2:2:4:4:4:3:3:4:2:,clone,15274.212018477025,2:2:4:4:4:3:3:4:1
4:4:4:4:4:1:2:4:4:,recombination,12385.657334112435,4:4:4:4:4:1:1:4:4,4:4:4:4:4:0:0:0:4,MUTATE
2:2:4:4:2:4:4:4:0:,clone,17217.14104666152,2:2:4:4:2:4:4:4:0
2:2:4:4:2:4:4:4:0:,clone,17204.42332844522,2:2:4:4:2:4:4:4:0
2:2:4:4:4:3:3:4:2:,clone,15159.148124777803,2:2:4:4:4:3:3:4:2
1:2:4:4:4:4:4:4:0:,recombination,17625.456037433414,2:2:4:4:4:3:4:4:1,1:2:4:4:4:4:4:4:0
2:2:4:4:2:4:4:4:0:,clone,17152.462108442654,2:2:4:4:2:4:4:4:0
4:3:4:4:4:1:1:2:4:,recombination,11758.94087003242,4:3:4:4:4:0:0:1:4,3:2:4:4:4:2:2:4:3,MUTATE
2:2:4:4:1:4:4:4:0:,clone,16632.63279623946,2:2:4:4:1:4:4:4:0
2:2:4:4:2:4:4:4:0:,clone,16262.88876935064,2:2:4:4:2:4:4:4:0
2:2:4:4:4:3:4:4:2:,clone,15896.426596252571,2:2:4:4:4:3:3:4:2
2:2:4:4:4:4:4:4:1:,clone,15659.043298932242,2:2:4:4:4:4:4:4:1
3:2:4:4:4:3:4:4:3:,recombination,15419.218895296615,4:3:4:4:4:1:1:3:4,2:2:4:4:4:2:3:4:2
1:2:4:4:4:3:4:4:0:,recombination,18079.668847691544,2:2:4:4:4:0:1:2:2,1:2:4:4:1:4:4:4:0,MUTATE
2:2:4:4:4:4:4:4:0:,clone,16173.757806948237,2:2:4:4:3:4:4:4:0
2:2:4:4:3:4:4:4:0:,clone,16400.813761519337,2:2:4:4:3:4:4:4:0
2:2:4:4:3:4:4:4:0:,clone,16393.718894417343,2:2:4:4:3:4:4:4:0
2:2:4:4:1:4:4:4:0:,recombination,16319.552394724971,3:2:4:4:4:1:2:2:3,4:4:4:4:4:2:2:4:4
3:2:4:4:4:3:3:4:3:,clone,14430.92766615641,3:2:4:4:4:3:3:4:3
3:2:4:4:2:4:4:4:1:,recombination,18180.016100816556,4:3:4:4:4:2:3:4:4,3:2:4:4:4:1:1:1:3
3:2:4:4:2:4:4:4:1:,recombination,17705.33198781208,2:2:4:4:4:3:3:4:2,4:3:4:4:4:3:4:4:4,MUTATE
3:2:4:4:2:4:4:4:1:,recombination,17379.95622670286,4:2:4:4:4:3:3:4:4,4:3:4:4:4:2:3:4:4,MUTATE
2:2:4:4:1:4:4:4:0:,clone,16033.542900610826,2:2:4:4:1:4:4:4:0
3:2:4:4:4:3:4:4:3:,clone,14747.572982316318,3:2:4:4:4:3:4:4:3
3:2:4:4:3:4:4:4:1:,recombination,16559.312940730848,3:2:4:4:4:2:2:3:3,4:4:4:4:4:2:2:4:4,MUTATE
2:2:4:4:2:4:4:4:1:,clone,16672.717138409316,2:2:4:4:2:4:4:4:1
2:2:4:4:2:4:4:4:1:,clone,16664.909577419072,2:2:4:4:2:4:4:4:1
2:2:4:4:2:4:4:4:1:,clone,16630.49133749909,2:2:4:4:2:4:4:4:1
3:2:4:4:3:4:4:4:1:,recombination,16547.186369306964,3:2:4:4:4:2:3:4:3,2:2:4:4:1:4:4:4:0,MUTATE
2:2:4:4:2:4:4:4:1:,recombination,16616.368779998185,2:2:4:4:4:4:4:4:1,4:3:4:4:4:2:2:4:4
4:2:4:4:4:3:4:4:3:,clone,14384.038669782542,3:2:4:4:4:3:4:4:3
3:2:4:4:4:3:4:4:1:,recombination,16546.482382830014,2:2:4:4:4:4:4:4:1,3:2:4:4:4:1:2:2:3,MUTATE
2:2:4:4:3:4:4:4:0:,recombination,16203.3748134774,3:2:4:4:4:4:4:4:1,4:3:4:4:4:3:3:4:4,MUTATE
4:2:4:4:4:3:4:4:4:,clone,14713.633340542294,4:2:4:4:4:3:4:4:4
3:2:4:4:2:4:4:4:1:,clone,17350.896097835182,3:2:4:4:2:4:4:4:1
3:2:4:4:2:4:4:4:1:,recombination,16511.18507865848,2:2:4:4:4:4:4:4:1,2:2:4:4:2:4:4:4:1
2:2:4:4:2:4:4:4:1:,recombination,16533.90982711366,3:2:4:4:4:3:4:4:2,3:2:4:4:4:2:2:4:3
3:2:4:4:2:4:4:4:1:,recombination,16322.689343277298,3:2:4:4:4:2:2:4:3,3:2:4:4:1:4:4:4:0,MUTATE
3:2:4:4:4:3:4:4:1:,clone,15855.055904251212,3:2:4:4:4:3:4:4:2
2:2:4:4:2:4:4:4:1:,clone,16503.25919402439,2:2:4:4:2:4:4:4:1
3:2:4:4:4:3:4:4:1:,clone,15850.641559282243,3:2:4:4:4:3:4:4:1
2:2:4:4:4:2:3:4:1:,recombination,15260.746675508608,2:2:4:4:4:1:1:2:2,4:3:4:4:4:2:2:4:4,MUTATE
2:2:4:4:4:3:4:4:1:,recombination,15515.473246054837,3:2:4:4:4:3:4:4:2,3:2:4:4:4:3:4:4:3,MUTATE
2:2:4:4:4:4:4:4:1:,recombination,15650.310165989296,3:2:4:4:4:3:3:4:3,3:2:4:4:2:4:4:4:1,MUTATE
2:2:4:4:0:4:4:4:0:,recombination,16487.12710893413,1:2:4:4:0:4:4:4:0,4:2:4:4:4:2:3:4:4,MUTATE
2:2:4:4:0:4:4:4:0:,clone,16383.967024542246,2:2:4:4:0:4:4:4:0
3:2:4:4:3:4:4:4:1:,recombination,16447.889103457892,4:2:4:4:4:2:2:4:4,1:2:4:4:0:4:4:4:0
4:2:4:4:4:1:2:4:3:,recombination,13121.968944510114,3:2:4:4:4:2:2:3:3,2:2:4:4:4:1:1:3:2,MUTATE
4:2:4:4:4:3:3:4:4:,recombination,13777.110130264768,4:2:4:4:4:3:4:4:3,4:3:4:4:4:3:3:4:4
4:2:4:4:4:3:4:4:4:,recombination,14034.049775737054,1:2:4:4:4:4:4:4:0,4:2:4:4:4:3:3:4:4
3:2:4:4:3:4:4:4:1:,recombination,16025.587903688558,3:2:4:4:2:4:4:4:1,3:2:4:4:4:1:1:1:4,MUTATE
4:2:4:4:4:2:2:4:3:,clone,12983.850370496397,4:2:4:4:4:1:2:4:3
3:2:4:4:2:4:4:4:1:,clone,16306.761578883375,3:2:4:4:2:4:4:4:1
3:2:4:4:4:3:3:4:2:,recombination,14508.858528289218,3:2:4:4:4:0:1:2:3,2:2:4:4:4:1:1:3:2,MUTATE
3:2:4:4:4:4:4:4:1:,clone,15232.887250050137,3:2:4:4:4:4:4:4:1
2:2:4:4:4:3:4:4:1:,recombination,15414.48754935841,3:2:4:4:4:3:4:4:1,2:2:4:4:2:4:4:4:1
3:2:4:4:4:2:3:4:3:,recombination,13130.742011440421,4:4:4:4:4:4:3:4:4,2:2:4:4:4:3:3:4:2,MUTATE
2:2:4:4:4:3:4:4:1:,recombination,14942.549706029691,4:2:4:4:4:0:0:2:4,1:1:4:4:0:4:4:4:0,MUTATE
3:2:4:4:4:2:3:4:3:,recombination,13021.397060473013,2:2:4:4:4:3:4:4:2,3:2:4:4:4:2:3:4:3,MUTATE
4:2:4:4:4:1:2:4:3:,clone,12932.912144759595,4:2:4:4:4:1:2:4:3
2:2:4:4:4:4:4:4:1:,recombination,15290.079036243624,2:2:4:4:4:3:3:4:2,2:2:4:4:4:4:4:4:0,MUTATE
4:2:4:4:4:1:2:4:3:,recombination,12860.868391291002,4:2:4:4:4:1:1:2:4,4:2:4:4:4:1:2:4:3,MUTATE
3:2:4:4:4:2:3:4:3:,clone,12779.520819710791,3:2:4:4:4:2:3:4:3
4:2:4:4:4:2:2:4:3:,recombination,12846.582417521791,4:2:4:4:4:1:2:4:3,3:2:4:4:4:2:3:4:3,MUTATE
3:2:4:4:2:4:4:4:1:,recombination,16070.0641255741,4:3:4:4:4:1:2:4:4,3:2:4:4:2:4:4:4:1
3:2:4:4:4:3:4:4:2:,clone,14689.434374803008,3:2:4:4:4:3:4:4:2
3:2:4:4:4:3:3:4:2:,clone,14209.035650937378,3:2:4:4:4:3:3:4:2
4:2:4:4:4:3:4:4:3:,clone,14322.77066041709,4:2:4:4:4:3:4:4:3
3:2:4:4:4:3:4:4:2:,clone,14685.759632249332,3:2:4:4:4:3:4:4:2
3:2:4:4:4:3:3:4:3:,clone,13220.853164044536,3:2:4:4:4:3:3:4:2
4:2:4:4:4:3:3:4:4:,recombination,13687.205138529844,4:4:4:4:4:1:2:4:4,3:2:4:4:4:0:0:2:3,MUTATE
3:2:4:4:4:4:4:4:2:,clone,15159.778915698242,3:2:4:4:4:4:4:4:2
2:2:4:4:4:4:4:4:1:,recombination,15022.914030734126,3:2:4:4:4:3:3:4:3,2:2:4:4:3:4:4:4:0,MUTATE
3:2:4:4:4:3:4:4:2:,recombination,14233.881234444634,4:3:4:4:4:1:2:4:4,4:2:4:4:4:3:4:4:3,MUTATE
2:2:4:4:4:4:4:4:1:,recombination,14868.901002673108,4:4:4:4:4:2:2:4:4,4:3:4:4:4:3:3:4:4,MUTATE
3:2:4:4:4:4:4:4:1:,recombination,15044.629483128358,3:2:4:4:4:1:1:2:3,3:2:4:4:4:4:4:4:2
2:2:4:4:0:4:4:4:0:,recombination,15267.339531778809,4:3:4:4:4:3:4:4:4,3:2:4:4:3:4:4:4:1
3:2:4:4:4:3:4:4:1:,recombination,15065.840474081004,3:2:4:4:4:2:3:4:3,4:2:4:4:4:4:4:4:4,MUTATE
3:2:4:4:4:4:4:4:1:,recombination,14582.087392451362,4:4:4:4:4:2:3:4:4,4:2:4:4:4:3:4:4:3,MUTATE
3:2:4:4:4:3:3:4:2:,clone,13966.034663209884,3:2:4:4:4:3:3:4:2
3:2:4:4:4:3:3:4:2:,clone,13672.916047159883,3:2:4:4:4:3:3:4:2
2:2:4:4:4:4:4:4:1:,clone,14814.144387809343,2:2:4:4:4:4:4:4:1
2:2:4:4:2:4:4:4:0:,recombination,15635.20044280726,4:2:4:4:4:2:2:3:4,2:2:4:4:0:4:4:4:0,MUTATE
4:2:4:4:4:1:2:3:4:,clone,11892.993454477719,4:2:4:4:4:1:2:3:4
3:2:4:4:3:4:4:4:1:,recombination,15764.415182046032,3:2:4:4:3:4:4:4:1,2:2:4:4:2:4:4:4:0
3:2:4:4:4:3:3:4:2:,clone,13555.89842153228,3:2:4:4:4:3:3:4:2
2:2:4:4:2:4:4:4:0:,clone,15575.364204212769,2:2:4:4:2:4:4:4:0
3:2:4:4:3:4:4:4:1:,clone,15342.48437731915,2:2:4:4:2:4:4:4:0
3:2:4:4:4:3:3:4:2:,clone,13496.409071348167,3:2:4:4:4:3:3:4:2
2:2:4:4:4:3:4:4:1:,recombination,14281.101399852783,2:2:4:4:4:3:4:4:1,4:3:4:4:4:2:2:4:4,MUTATE
3:2:4:4:4:3:3:4:2:,clone,13370.266206070264,3:2:4:4:4:3:3:4:2
3:2:4:4:4:3:3:4:2:,recombination,13012.472178680991,2:2:4:4:0:4:4:4:0,3:2:4:4:4:3:3:4:2
2:2:4:4:2:4:4:4:0:,clone,15454.292879425524,2:2:4:4:2:4:4:4:0
3:2:4:4:4:2:3:4:2:,clone,13332.45092691722,3:2:4:4:4:2:3:4:2
3:2:4:4:4:4:4:4:2:,recombination,15015.356043163642,2:2:4:4:4:3:3:4:2,2:2:4:4:0:4:4:4:0
1:2:4:4:0:4:4:4:0:,recombination,16849.31953436344,3:2:4:4:4:1:2:2:3,2:2:4:4:0:4:4:4:0
3:2:4:4:4:4:4:4:2:,recombination,14643.157281936732,3:2:4:4:4:4:4:4:2,3:2:4:4:1:4:4:4:1,MUTATE
3:2:4:4:4:3:4:4:2:,clone,14107.758737309558,3:2:4:4:4:3:3:4:2
2:2:4:4:1:4:4:4:0:,clone,16005.265980607126,2:2:4:4:1:4:4:4:0
2:2:4:4:2:4:4:4:0:,clone,15451.202357451975,2:2:4:4:2:4:4:4:0
3:2:4:4:4:3:4:4:2:,clone,13744.357713659721,3:2:4:4:4:3:4:4:2
4:3:4:4:4:4:4:4:3:,recombination,16393.782353154635,3:2:4:4:4:3:4:4:3,4:2:4:4:4:1:1:2:4,MUTATE
3:2:4:4:4:3:4:4:2:,clone,13621.467519229593,3:2:4:4:4:3:4:4:2
2:2:4:4:1:4:4:4:0:,recombination,15967.33667600759,4:2:4:4:4:3:4:4:2,2:2:4:4:4:4:4:4:1
4:3:4:4:4:4:4:4:3:,clone,16271.390583598753,4:3:4:4:4:4:4:4:4
3:2:4:4:4:0:1:2:3:,clone,11940.42129627838,3:2:4:4:4:1:1:3:3
3:2:4:4:4:3:4:4:1:,recombination,14917.928278398402,2:2:4:4:4:3:3:4:2,2:2:4:4:4:4:4:4:1
3:2:4:4:1:4:4:4:1:,clone,17046.333194908017,3:2:4:4:1:4:4:4:1
4:2:4:4:4:4:4:4:3:,recombination,14705.064961011853,3:2:4:4:4:3:3:4:2,3:2:4:4:3:4:4:4:1,MUTATE
4:2:4:4:4:3:4:4:2:,recombination,14553.414024827547,3:2:4:4:4:3:3:4:2,2:2:4:4:4:3:4:4:1,MUTATE
4:2:4:4:4:3:4:4:3:,clone,13918.301684875418,4:2:4:4:4:3:4:4:3
3:2:4:4:4:3:4:4:1:,clone,14624.40567914123,3:2:4:4:4:3:4:4:1
2:2:4:4:4:4:4:4:0:,recombination,15862.32278412322,1:2:4:4:0:4:4:4:0,4:4:4:4:4:0:0:4:4,MUTATE
4:2:4:4:4:4:4:4:4:,recombination,15324.261328067614,3:2:4:4:4:3:4:4:2,4:3:4:4:4:1:1:4:4,MUTATE
3:2:4:4:2:4:4:4:0:,clone,15610.00285084879,3:2:4:4:2:4:4:4:0
4:3:4:4:4:4:4:4:4:,recombination,15392.902753399438,4:3:4:4:4:1:1:4:4,4:3:4:4:4:1:2:4:4,MUTATE
2:2:4:4:1:4:4:4:0:,clone,15778.211233511933,2:2:4:4:1:4:4:4:0
4:3:4:4:4:4:4:4:4:,recombination,14952.893335150779,3:2:4:4:4:0:0:0:3,4:3:4:4:4:1:2:4:4
4:3:4:4:4:4:4:4:4:,clone,14951.712850785298,4:3:4:4:4:4:4:4:4
3:2:4:4:2:4:4:4:0:,clone,15608.82236648331,3:2:4:4:2:4:4:4:0
3:2:4:4:3:4:4:4:2:,recombination,16732.187889032866,4:2:4:4:4:2:2:4:3,3:2:4:4:4:4:4:4:2,MUTATE
3:2:4:4:1:4:4:4:1:,clone,16756.565365465838,3:2:4:4:1:4:4:4:1
4:2:4:4:3:4:4:4:2:,clone,16409.63324731119,4:2:4:4:3:4:4:4:2
3:2:4:4:0:4:4:4:0:,clone,16668.163236380733,3:2:4:4:0:4:4:4:0
3:2:4:4:0:4:4:4:0:,clone,16540.864213713397,3:2:4:4:0:4:4:4:0
3:2:4:4:2:4:4:4:1:,recombination,16015.274751996474,4:2:4:4:4:3:3:4:4,2:2:4:4:2:4:4:4:0
4:3:4:4:4:4:4:4:3:,clone,16205.866419147082,4:3:4:4:4:4:4:4:3
3:2:4:4:4:3:3:4:1:,recombination,16493.567892936404,1:2:4:4:4:3:4:4:0,4:2:4:4:4:3:4:4:4
3:2:4:4:0:4:4:4:0:,clone,16368.002035974256,3:2:4:4:0:4:4:4:0
3:2:4:4:1:4:4:4:0:,clone,16284.230285244472,3:2:4:4:1:4:4:4:0
3:2:4:4:0:4:4:4:0:,recombination,16290.517948316483,4:4:4:4:4:2:3:4:4,4:4:4:4:4:2:2:4:4,MUTATE
3:2:4:4:4:2:2:4:3:,recombination,12804.59904059709,3:2:4:4:4:1:1:3:3,3:2:4:4:4:0:1:2:3
3:2:4:4:0:4:4:4:0:,clone,16284.981569107407,3:2:4:4:0:4:4:4:0
2:1:4:4:4:4:4:4:1:,clone,16633.90931696184,2:1:4:4:4:4:4:4:1
3:2:4:4:1:4:4:4:0:,recombination,15961.83207859684,2:2:4:4:4:2:2:3:2,4:4:4:4:4:2:3:4:4
1:2:4:4:4:4:4:4:0:,recombination,16849.45022478459,4:2:4:4:4:4:4:4:2,4:2:4:4:4:1:2:4:3,MUTATE
2:1:4:4:1:4:4:4:0:,recombination,16842.95519148911,3:2:4:4:4:4:4:4:1,3:2:4:4:4:3:3:4:2
1:2:4:4:1:4:4:4:0:,clone,17952.736983396844,2:2:4:4:4:4:4:4:1
1:2:4:4:2:4:4:4:0:,recombination,18078.02641786014,2:2:4:4:4:3:4:4:1,4:2:4:4:4:3:4:4:3
2:2:4:4:3:4:4:4:0:,recombination,16150.063469417251,4:2:4:4:4:2:3:4:3,2:2:4:4:1:4:4:4:0,MUTATE
2:2:4:4:3:4:4:4:0:,clone,16028.275053876605,2:2:4:4:3:4:4:4:0
4:2:4:4:4:0:0:2:4:,clone,12211.912657891164,4:2:4:4:4:0:1:2:4
1:2:4:4:4:3:4:4:0:,recombination,16990.108512495583,2:2:4:4:4:1:2:4:2,4:2:4:4:4:3:4:4:4,MUTATE
2:2:4:4:3:4:4:4:1:,recombination,16099.3848394716,4:2:4:4:4:3:4:4:3,4:2:4:4:4:1:2:4:3,MUTATE
1:2:4:4:0:4:4:4:0:,clone,16794.271117818167,2:2:4:4:2:4:4:4:0
1:2:4:4:0:4:4:4:0:,recombination,16662.20557633272,2:2:4:4:2:4:4:4:1,2:2:4:4:1:4:4:4:0,MUTATE
1:2:4:4:0:4:4:4:0:,clone,16623.724466082556,1:2:4:4:0:4:4:4:0
4:3:4:4:4:4:4:4:2:,recombination,16730.71286994876,1:2:4:4:4:4:4:4:0,4:2:4:4:4:3:3:4:4,MUTATE
1:2:4:4:4:3:4:4:0:,clone,16357.540090702183,1:2:4:4:4:3:4:4:0
4:2:4:4:3:4:4:4:1:,clone,16652.822898978804,4:2:4:4:3:4:4:4:1
3:2:4:4:2:4:4:4:1:,recombination,15367.041896760149,4:3:4:4:4:4:4:4:4,3:2:4:4:2:4:4:4:1
3:2:4:4:3:4:4:4:2:,recombination,16725.910613253414,3:2:4:4:2:4:4:4:1,4:4:4:4:4:0:1:2:4
2:2:4:4:4:4:4:4:0:,recombination,15650.023898706662,3:2:4:4:4:4:4:4:1,2:2:4:4:1:4:4:4:0
4:2:4:4:3:4:4:4:1:,clone,16422.6310297001,4:2:4:4:3:4:4:4:1
4:2:4:4:3:4:4:4:1:,recombination,16099.457852997662,4:2:4:4:4:2:2:4:3,3:2:4:4:4:0:0:0:4
2:2:4:4:4:2:3:4:1:,recombination,14538.594343369365,2:2:4:4:4:1:2:4:2,4:3:4:4:4:2:3:4:4,MUTATE
4:2:4:4:3:4:4:4:1:,clone,16045.643884044259,4:2:4:4:3:4:4:4:1
2:2:4:4:2:4:4:4:1:,recombination,15956.30014625094,1:2:4:4:2:4:4:4:0,3:2:4:4:2:4:4:4:1,MUTATE
2:2:4:4:2:4:4:4:1:,recombination,15885.959178864648,2:2:4:4:2:4:4:4:1,3:2:4:4:4:1:1:2:3
2:2:4:4:4:4:4:4:0:,clone,15518.18071825861,2:2:4:4:4:4:4:4:0
3:2:4:4:1:4:4:4:1:,recombination,16102.705239840801,2:2:4:4:4:4:4:4:0,3:2:4:4:2:4:4:4:1,MUTATE
4:2:4:4:4:0:0:2:4:,clone,11462.237449269927,4:2:4:4:4:0:0:2:4
2:2:4:4:1:4:4:4:1:,recombination,15951.23963918954,3:2:4:4:1:4:4:4:1,1:2:4:4:3:4:4:4:0,MUTATE
3:2:4:4:1:4:4:4:1:,recombination,15938.202494673738,3:2:4:4:4:2:2:3:3,4:2:4:4:3:4:4:4:1
1:2:4:4:0:4:4:4:0:,clone,16556.458260771222,1:2:4:4:0:4:4:4:0
4:2:4:4:4:4:4:4:1:,recombination,17530.21764112718,2:2:4:4:4:1:1:3:2,4:4:4:4:4:0:0:0:4,MUTATE
2:2:4:4:1:4:4:4:1:,clone,15712.456194059088,2:2:4:4:1:4:4:4:1
3:2:4:4:0:4:4:4:1:,recombination,16886.263916226017,4:3:4:4:4:2:2:4:4,4:2:4:4:4:3:3:4:4
3:2:4:4:1:4:4:4:1:,clone,15761.526603107432,2:2:4:4:1:4:4:4:1
1:2:4:4:4:3:3:4:0:,recombination,16875.06038966646,2:1:4:4:1:4:4:4:0,1:2:4:4:4:3:4:4:0,MUTATE
1:1:4:4:4:3:4:4:1:,clone,16129.170674929117,1:1:4:4:4:3:4:4:1
1:2:4:4:4:3:4:4:1:,clone,16639.77319248258,1:1:4:4:4:3:4:4:1
2:2:4:4:4:4:4:4:0:,recombination,15117.147144009652,2:2:4:4:0:4:4:4:0,1:2:4:4:4:3:3:4:0
1:2:4:4:0:4:4:4:0:,recombination,16273.364951341548,3:2:4:4:4:3:4:4:1,2:2:4:4:2:4:4:4:1
2:2:4:4:4:3:3:4:0:,recombination,16576.31299408094,1:2:4:4:4:3:3:4:0,4:2:4:4:4:2:2:4:3
1:1:4:4:4:4:4:4:0:,clone,17362.072101451842,1:2:4:4:4:4:4:4:0
1:2:4:4:0:4:4:4:0:,recombination,15842.813854809761,2:1:4:4:1:4:4:4:0,2:2:4:4:1:4:4:4:1,MUTATE
1:2:4:4:0:4:4:4:0:,clone,15726.027384503659,1:2:4:4:0:4:4:4:0
2:2:4:4:3:4:4:4:0:,recombination,15994.805598369305,2:2:4:4:0:4:4:4:0,2:1:4:4:4:2:3:4:2,MUTATE
2:2:4:4:3:4:4:4:0:,recombination,15786.837935183441,4:2:4:4:4:4:4:4:4,2:2:4:4:3:4:4:4:0
2:2:4:4:3:4:4:4:0:,clone,15681.115542121413,2:2:4:4:3:4:4:4:0
2:2:4:4:3:4:4:4:0:,clone,15624.45441911837,2:2:4:4:3:4:4:4:0
2:2:4:4:3:4:4:4:0:,clone,15497.14840446494,2:2:4:4:3:4:4:4:0
1:1:4:4:0:4:4:4:0:,recombination,17288.826046595525,4:2:4:4:4:3:4:4:4,3:2:4:4:4:1:1:3:3,MUTATE
1:1:4:4:0:4:4:4:0:,clone,16717.569274522877,1:2:4:4:0:4:4:4:0
1:2:4:4:3:4:4:4:0:,recombination,17129.615144438118,1:2:4:4:0:4:4:4:0,2:2:4:4:3:4:4:4:0,MUTATE
1:1:4:4:0:4:4:4:0:,clone,15761.394501362185,1:1:4:4:0:4:4:4:0
4:2:4:4:0:4:4:4:1:,recombination,16730.71286994876,4:3:4:4:4:0:0:0:4,3:2:4:4:4:4:4:4:2,MUTATE
1:2:4:4:4:4:4:4:0:,clone,16765.326365071545,1:2:4:4:4:4:4:4:0
2:2:4:4:3:4:4:4:0:,clone,15177.70437266184,2:2:4:4:3:4:4:4:0
2:2:4:4:0:4:4:4:1:,recombination,18357.501979165034,4:4:4:4:4:1:2:4:4,4:2:4:4:0:4:4:4:1,MUTATE
4:2:4:4:4:4:4:4:1:,clone,17255.360815531483,4:2:4:4:4:4:4:4:1
4:2:4:4:4:4:4:4:1:,recombination,16715.942920602243,3:2:4:4:4:1:1:1:3,3:2:4:4:4:3:3:4:3
4:2:4:4:2:4:4:4:2:,recombination,18055.973944991536,3:2:4:4:1:4:4:4:0,4:2:4:4:0:4:4:4:1
1:2:4:4:1:4:4:4:0:,clone,17849.39174069091,1:2:4:4:1:4:4:4:0
3:2:4:4:3:4:4:4:0:,recombination,16787.426785207077,2:2:4:4:4:3:3:4:1,2:2:4:4:3:4:4:4:0,MUTATE
4:2:4:4:0:4:4:4:1:,clone,16656.059944983874,4:2:4:4:0:4:4:4:1
1:2:4:4:1:4:4:4:0:,clone,17810.988404335465,1:2:4:4:1:4:4:4:0
2:2:4:4:0:4:4:4:1:,clone,17890.392404887345,2:2:4:4:0:4:4:4:1
1:2:4:4:1:4:4:4:0:,clone,17735.405350372937,1:2:4:4:1:4:4:4:0
1:2:4:4:1:4:4:4:0:,recombination,17715.629006420968,3:2:4:4:4:1:1:4:3,1:2:4:4:1:4:4:4:0
1:2:4:4:1:4:4:4:0:,recombination,17600.602509326243,1:2:4:4:1:4:4:4:0,1:2:4:4:4:4:4:4:0,MUTATE
1:2:4:4:1:4:4:4:0:,clone,17334.500472761214,1:2:4:4:1:4:4:4:0
4:2:4:4:1:4:4:4:1:,clone,16042.50070702939,4:2:4:4:1:4:4:4:1
2:2:4:4:3:4:4:4:0:,clone,14842.099709359467,2:2:4:4:3:4:4:4:0
3:2:4:4:0:4:4:4:1:,clone,16600.0020750753,3:2:4:4:0:4:4:4:1
2:2:4:4:0:4:4:4:1:,recombination,17091.22086424491,4:2:4:4:0:4:4:4:1,4:2:4:4:4:3:3:4:4
2:2:4:4:3:4:4:4:1:,recombination,15986.700615032325,2:2:4:4:4:2:3:4:1,1:2:4:4:1:4:4:4:0
3:2:4:4:0:4:4:4:1:,clone,16014.226391065955,3:2:4:4:0:4:4:4:1
2:2:4:4:3:4:4:4:0:,recombination,14508.778570514238,1:2:4:4:2:4:4:4:0,2:2:4:4:3:4:4:4:0,MUTATE
3:2:4:4:0:4:4:4:1:,clone,16007.856315074607,3:2:4:4:0:4:4:4:1
3:2:4:4:0:4:4:4:1:,clone,15207.836910058717,3:2:4:4:0:4:4:4:1
3:2:4:4:0:4:4:4:1:,clone,15180.926183761174,3:2:4:4:0:4:4:4:1
4:3:4:4:4:0:1:1:4:,clone,12207.319250344566,4:3:4:4:4:0:1:1:4
2:2:4:4:1:4:4:4:0:,recombination,15663.168070616008,4:2:4:4:4:2:3:4:3,2:2:4:4:4:3:3:4:2,MUTATE
2:2:4:4:0:4:4:4:0:,recombination,15175.336537504088,3:2:4:4:2:4:4:4:1,2:2:4:4:4:4:4:4:1,MUTATE
2:2:4:4:0:4:4:4:0:,recombination,15047.246877886486,3:2:4:4:4:3:3:4:3,2:2:4:4:0:4:4:4:0,MUTATE
2:2:4:4:0:4:4:4:1:,clone,16907.312700252365,2:2:4:4:0:4:4:4:1
2:2:4:4:0:4:4:4:1:,clone,16666.472323394166,2:2:4:4:0:4:4:4:1
2:2:4:4:0:4:4:4:1:,clone,16588.452631024713,2:2:4:4:0:4:4:4:1
2:2:4:4:0:4:4:4:1:,clone,16351.739598270933,2:2:4:4:0:4:4:4:1
2:2:4:4:0:4:4:4:1:,clone,16043.187266931478,2:2:4:4:0:4:4:4:1
2:2:4:4:1:4:4:4:0:,recombination,15656.322159178484,3:2:4:4:2:4:4:4:1,3:2:4:4:4:2:2:4:3
3:2:4:4:1:4:4:4:1:,clone,15597.576850263038,3:2:4:4:1:4:4:4:1
3:2:4:4:1:4:4:4:1:,clone,15564.864696739749,3:2:4:4:1:4:4:4:1
2:2:4:4:1:4:4:4:0:,recombination,15462.716010946837,2:2:4:4:1:4:4:4:0,1:1:4:4:0:4:4:4:0,MUTATE
3:2:4:4:3:4:4:4:0:,recombination,15852.434797257327,2:1:4:4:1:4:4:4:0,4:3:4:4:4:1:2:4:4
4:2:4:4:4:4:4:4:1:,recombination,15853.703452334585,1:2:4:4:4:3:3:4:0,2:2:4:4:3:4:4:4:0,MUTATE
3:2:4:4:1:4:4:4:0:,recombination,15577.100182121645,3:2:4:4:4:4:4:4:1,4:4:4:4:4:3:3:4:4
3:2:4:4:0:4:4:4:0:,recombination,16267.053754338871,1:2:4:4:0:4:4:4:0,4:2:4:4:4:3:4:4:3
3:2:4:4:1:4:4:4:0:,recombination,15502.92209066498,4:2:4:4:4:1:2:4:4,4:4:4:4:4:3:3:4:4,MUTATE
3:2:4:4:4:4:4:4:0:,recombination,16092.297204894861,3:2:4:4:4:4:4:4:2,1:2:4:4:4:3:4:4:0,MUTATE
1:1:4:4:4:3:4:4:1:,clone,15841.415011707022,4:2:4:4:4:2:3:4:3
1:1:4:4:4:3:4:4:1:,recombination,15711.44622944404,2:2:4:4:4:2:2:3:2,3:2:4:4:4:2:2:4:3,MUTATE
2:1:4:4:4:4:4:4:0:,recombination,16158.635800200807,4:3:4:4:4:2:3:4:4,3:2:4:4:4:2:2:4:3,MUTATE
2:2:4:4:4:3:3:4:1:,clone,14828.796585697693,2:2:4:4:4:3:3:4:1
1:2:4:4:4:3:4:4:1:,recombination,16014.64339022444,3:2:4:4:4:2:2:4:3,4:2:4:4:4:2:3:4:3,MUTATE
2:2:4:4:4:3:3:4:1:,clone,14704.103895546477,2:2:4:4:4:3:3:4:1
1:2:4:4:4:3:4:4:1:,clone,15753.92524925282,2:2:4:4:4:3:3:4:1
2:2:4:4:4:3:3:4:1:,clone,14685.91615840973,1:2:4:4:4:3:4:4:1
1:1:4:4:4:4:4:4:0:,recombination,15922.041756463403,3:2:4:4:4:2:2:4:3,1:2:4:4:4:4:4:4:0
1:2:4:4:4:4:4:4:0:,recombination,15849.60520473085,4:3:4:4:4:2:3:4:4,1:1:4:4:4:4:4:4:0,MUTATE
2:2:4:4:4:3:3:4:2:,recombination,14258.28001646027,3:2:4:4:4:0:1:2:3,3:2:4:4:4:2:3:4:3
2:2:4:4:4:3:3:4:2:,recombination,14250.236016623214,2:2:4:4:4:3:3:4:2,4:2:4:4:4:1:1:3:4
4:2:4:4:4:4:4:4:4:,recombination,15225.24571717436,3:2:4:4:3:4:4:4:2,2:2:4:4:4:2:2:3:2
4:2:4:4:4:4:4:4:4:,recombination,15008.275520838348,4:2:4:4:4:4:4:4:4,2:2:4:4:4:3:3:4:2,MUTATE
4:2:4:4:4:4:4:4:4:,clone,14729.475425097406,4:2:4:4:4:4:4:4:4
0:1:4:4:0:4:4:4:0:,clone,18506.320109570755,2:2:4:4:0:4:4:4:0
4:2:4:4:4:0:1:3:4:,clone,11695.490808319004,4:2:4:4:4:0:1:3:4
1:2:4:4:3:4:4:4:0:,recombination,17129.442901007806,2:2:4:4:4:1:1:2:2,4:4:4:4:4:0:0:2:4,MUTATE
1:2:4:4:2:4:4:4:0:,recombination,17094.182423955404,2:2:4:4:2:4:4:4:1,2:2:4:4:4:4:4:4:0
4:2:4:4:4:4:4:4:3:,recombination,14473.076756947516,2:2:4:4:4:2:2:3:2,2:2:4:4:4:3:3:4:0
4:2:4:4:4:4:4:4:2:,clone,14588.17521214835,4:2:4:4:4:4:4:4:2
3:2:4:4:4:4:3:4:1:,recombination,17037.069727511243,3:2:4:4:4:3:3:4:1,4:2:4:4:4:3:4:4:4,MUTATE
4:2:4:4:2:4:4:4:2:,clone,16910.32659922964,3:2:4:4:2:4:4:4:2
3:2:4:4:4:4:4:4:2:,clone,14579.49659958665,3:2:4:4:4:4:4:4:2
3:2:4:4:2:4:4:4:2:,recombination,17331.079432451475,3:2:4:4:1:4:4:4:1,3:2:4:4:4:3:4:4:3
3:2:4:4:2:4:4:4:2:,recombination,17201.6910267972,3:2:4:4:1:4:4:4:1,4:4:4:4:4:2:3:4:4,MUTATE
3:2:4:4:2:4:4:4:2:,clone,17119.783826931493,3:2:4:4:2:4:4:4:2
3:2:4:4:2:4:4:4:2:,clone,17119.78382693149,3:2:4:4:2:4:4:4:2
3:2:4:4:2:4:4:4:2:,recombination,16720.834096362083,3:2:4:4:1:4:4:4:1,4:3:4:4:4:3:4:4:4
4:4:4:4:4:0:0:1:4:,clone,12307.849581980223,4:4:4:4:4:0:0:1:4
4:4:4:4:4:3:4:4:4:,recombination,16651.183363448778,3:2:4:4:4:0:1:1:3,4:4:4:4:4:1:2:4:4,MUTATE
4:2:4:4:4:0:1:3:4:,clone,11389.586852187473,4:2:4:4:4:0:1:3:4
4:4:4:4:4:0:0:3:4:,clone,12740.377326455811,4:4:4:4:4:0:0:3:4
4:3:4:4:4:3:4:4:4:,clone,14465.346480011214,4:3:4:4:4:3:4:4:4
2:2:4:4:2:4:4:4:1:,recombination,15710.918889263234,3:2:4:4:0:4:4:4:0,4:2:4:4:3:4:4:4:2,MUTATE
2:2:4:4:1:4:4:4:0:,clone,15141.884354680698,2:2:4:4:1:4:4:4:0
2:2:4:4:2:4:4:4:1:,recombination,15399.852447615194,4:2:4:4:4:3:3:4:4,2:2:4:4:2:4:4:4:1
2:2:4:4:3:4:4:4:1:,clone,15584.43827568508,2:2:4:4:3:4:4:4:1
4:2:4:4:2:4:4:4:2:,clone,16243.405047087168,4:2:4:4:2:4:4:4:2
4:4:4:4:4:4:4:4:4:,recombination,16967.571953374154,4:3:4:4:4:1:2:2:4,4:2:4:4:4:3:4:4:3
3:2:4:4:3:4:4:4:2:,recombination,16101.791807438696,3:2:4:4:1:4:4:4:1,3:2:4:4:4:4:4:4:2,MUTATE
3:2:4:4:3:4:4:4:2:,clone,16050.90406185672,3:2:4:4:3:4:4:4:2
4:4:4:4:4:0:0:4:4:,recombination,12270.298975615544,4:4:4:4:4:2:2:4:4,4:4:4:4:4:0:0:3:4,MUTATE
4:4:4:4:4:0:0:3:4:,recombination,11927.903329366876,4:2:4:4:4:1:2:4:4,3:2:4:4:4:4:4:4:1
4:4:4:4:4:0:0:4:4:,clone,12221.68220633363,4:4:4:4:4:0:0:4:4
4:3:4:4:4:2:3:4:4:,clone,12707.995179823973,4:3:4:4:4:2:3:4:4
4:3:4:4:4:2:3:4:4:,recombination,12576.202114296955,3:2:4:4:4:3:4:4:3,4:2:4:4:4:3:3:4:4,MUTATE
4:2:4:4:4:3:3:4:3:,recombination,13370.934246885872,2:2:4:4:4:4:4:4:1,3:2:4:4:0:4:4:4:0,MUTATE
4:2:4:4:4:0:0:2:4:,clone,11248.60959703371,4:2:4:4:4:0:1:3:4
4:3:4:4:4:0:0:3:4:,recombination,11554.74634959702,4:2:4:4:4:0:1:3:4,4:2:4:4:4:1:2:4:4,MUTATE
4:2:4:4:4:0:0:2:4:,clone,11050.55583495325,4:2:4:4:4:0:0:2:4
4:3:4:4:4:0:1:3:4:,recombination,11790.710762265717,4:2:4:4:4:3:3:4:3,4:2:4:4:4:0:0:2:4
4:2:4:4:4:0:0:2:4:,clone,10872.421544757628,4:2:4:4:4:0:1:3:4
4:3:4:4:4:0:0:2:4:,clone,11059.294977469755,4:2:4:4:4:0:0:2:4
4:3:4:4:4:0:1:4:4:,recombination,11777.34858365845,4:3:4:4:4:0:0:2:4,4:3:4:4:4:1:2:4:4
4:3:4:4:4:0:0:3:4:,clone,11173.547282937676,4:3:4:4:4:0:0:2:4
4:3:4:4:4:0:1:3:4:,clone,11604.633357973715,4:3:4:4:4:0:1:3:4
4:3:4:4:4:0:1:4:4:,clone,11732.552619325654,4:3:4:4:4:0:1:4:4
4:2:4:4:4:4:3:4:4:,clone,15812.381743654494,4:2:4:4:4:4:3:4:4
4:3:4:4:4:4:4:4:3:,recombination,15704.293689053195,3:2:4:4:4:0:1:1:3,3:2:4:4:4:4:4:4:1
4:3:4:4:4:4:4:4:3:,recombination,15656.974729881196,3:2:4:4:4:0:1:1:3,4:3:4:4:4:4:4:4:3,MUTATE
4:3:4:4:4:4:4:4:3:,clone,15355.212741833786,4:3:4:4:4:4:4:4:3
4:4:4:4:4:4:3:4:4:,recombination,16730.712869948755,1:2:4:4:4:4:4:4:0,1:2:4:4:1:4:4:4:0,MUTATE
4:4:4:4:4:4:4:4:4:,clone,16937.719283632676,4:4:4:4:4:4:4:4:4
3:2:4:4:2:4:4:4:2:,recombination,16250.710640679976,4:4:4:4:4:1:2:4:4,2:2:4:4:3:4:4:4:1,MUTATE
3:2:4:4:1:4:4:4:1:,clone,14931.785992605055,3:2:4:4:4:4:4:4:1
3:2:4:4:2:4:4:4:2:,recombination,16165.19102425872,3:2:4:4:2:4:4:4:2,4:2:4:4:4:3:4:4:4
2:1:4:4:0:4:4:4:0:,recombination,17299.555135618408,2:2:4:4:4:4:4:4:1,1:2:4:4:0:4:4:4:0
4:2:4:4:2:4:4:4:2:,recombination,16161.599439267398,4:2:4:4:4:1:2:4:4,4:3:4:4:4:1:1:4:4
4:2:4:4:3:4:4:4:2:,recombination,15964.934182297278,4:4:4:4:4:0:0:3:4,3:2:4:4:4:4:4:4:2,MUTATE
1:2:4:4:0:4:4:4:0:,clone,15503.081439127103,2:2:4:4:0:4:4:4:0
4:3:4:4:4:3:4:4:3:,recombination,17273.71254100524,4:2:4:4:4:0:1:1:4,3:2:4:4:4:2:2:3:3,MUTATE
4:3:4:4:4:3:4:4:3:,recombination,16699.653937306022,4:4:4:4:4:2:1:4:4,3:2:4:4:4:3:4:4:2
4:2:4:4:3:4:4:4:2:,clone,15877.642432152992,3:2:4:4:3:4:4:4:2
1:2:4:4:0:4:4:4:0:,clone,15159.95014177176,1:2:4:4:0:4:4:4:0
3:2:4:4:2:4:4:4:1:,recombination,15328.52369208192,4:3:4:4:4:0:0:0:4,4:3:4:4:4:3:3:4:4
4:2:4:4:3:4:4:4:2:,clone,15729.326108861847,4:2:4:4:3:4:4:4:2
2:2:4:4:0:4:4:4:0:,recombination,14850.780208894234,4:3:4:4:4:2:3:4:4,3:2:4:4:1:4:4:4:1
3:2:4:4:0:4:4:4:0:,recombination,16250.705369927913,2:2:4:4:2:4:4:4:1,4:2:4:4:4:3:3:4:4,MUTATE
0:1:4:4:0:4:4:4:0:,clone,18152.459193621977,2:2:4:4:0:4:4:4:0
3:2:4:4:0:4:4:4:0:,recombination,16088.072194394636,4:3:4:4:4:3:3:4:4,3:2:4:4:4:3:3:4:2,MUTATE
4:4:4:4:4:0:0:4:4:,recombination,12035.544983051095,4:2:4:4:4:3:3:4:4,1:2:4:4:0:4:4:4:0
4:4:4:4:4:0:0:1:4:,recombination,12183.466757132735,4:3:4:4:4:3:4:4:4,2:2:4:4:4:2:3:4:2,MUTATE
4:4:4:4:4:0:1:4:4:,clone,11973.819527593329,4:4:4:4:4:0:1:4:4
4:4:4:4:4:0:1:4:4:,clone,11736.509037420215,4:4:4:4:4:0:1:4:4
4:4:4:4:4:2:1:4:4:,clone,13538.590973812323,4:4:4:4:4:2:2:4:4
4:4:4:4:4:2:2:4:4:,recombination,12757.597361484946,3:2:4:4:2:4:4:4:2,4:2:4:4:2:4:4:4:2
4:2:4:4:4:4:3:4:4:,recombination,15538.961729281018,3:2:4:4:4:0:0:1:4,4:3:4:4:4:3:3:4:4,MUTATE
3:2:4:4:3:4:4:4:1:,clone,15201.390783785448,3:2:4:4:4:4:4:4:1
2:2:4:4:3:4:4:4:1:,clone,15378.988015209376,2:2:4:4:3:4:4:4:1
4:3:4:4:4:4:3:4:4:,recombination,15423.875039791534,4:2:4:4:4:1:1:1:4,4:2:4:4:4:4:4:4:3
4:2:4:4:4:3:3:4:2:,recombination,14974.976738957515,3:2:4:4:0:4:4:4:0,3:2:4:4:4:0:0:1:3
4:2:4:4:4:4:4:4:1:,recombination,15783.160642128045,4:4:4:4:4:1:2:4:4,4:2:4:4:4:2:3:4:4
2:2:4:4:1:4:4:4:0:,clone,15117.780207755733,2:2:4:4:1:4:4:4:0
2:2:4:4:0:4:4:4:0:,recombination,14789.142821723719,2:2:4:4:1:4:4:4:0,2:2:4:4:4:4:4:4:1,MUTATE
0:2:4:4:0:4:4:4:0:,clone,20356.52264561472,2:2:4:4:0:4:4:4:0
4:3:4:4:4:3:4:4:3:,recombination,16419.17438570153,4:3:4:4:4:3:4:4:3,4:4:4:4:4:1:1:3:4
3:2:4:4:0:4:4:4:0:,recombination,16031.902743787074,4:2:4:4:4:1:1:2:4,4:3:4:4:4:3:3:4:4,MUTATE
1:2:4:4:3:4:4:4:0:,recombination,15773.180934086371,4:2:4:4:4:4:4:4:4,4:3:4:4:4:4:4:4:3
2:2:4:4:4:3:4:4:2:,clone,15531.781567998878,2:2:4:4:4:2:3:4:2
4:3:4:4:4:4:3:4:4:,clone,14953.973195554361,4:3:4:4:4:4:3:4:4
1:1:4:4:4:3:4:4:1:,clone,15597.068607091436,1:1:4:4:4:3:4:4:1
2:1:4:4:4:4:4:4:1:,clone,15382.72768178533,2:1:4:4:4:4:4:4:1
2:1:4:4:3:4:4:4:0:,clone,16417.131476708644,2:1:4:4:3:4:4:4:0
3:2:4:4:2:4:4:4:1:,clone,15166.672498083368,3:2:4:4:2:4:4:4:1
2:1:4:4:1:4:4:4:0:,recombination,16747.26508118038,1:1:4:4:0:4:4:4:0,4:2:4:4:4:2:2:4:3,MUTATE
1:1:4:4:1:4:4:4:0:,clone,16801.978588005273,1:1:4:4:1:4:4:4:0
3:2:4:4:3:4:4:4:1:,recombination,14747.202228467146,3:2:4:4:4:3:3:4:3,3:2:4:4:4:3:4:4:2
2:2:4:4:1:4:4:4:0:,clone,15088.740798896222,2:2:4:4:1:4:4:4:0
2:2:4:4:1:4:4:4:0:,clone,14995.111497416743,2:2:4:4:1:4:4:4:0
2:2:4:4:1:4:4:4:0:,clone,14865.009455437545,2:2:4:4:1:4:4:4:0
2:2:4:4:1:4:4:4:1:,recombination,15548.296080507198,2:2:4:4:0:4:4:4:1,3:2:4:4:4:3:4:4:2,MUTATE
2:2:4:4:2:4:4:4:0:,clone,15302.986442360838,2:2:4:4:2:4:4:4:0
2:2:4:4:2:4:4:4:0:,clone,14897.780380101667,2:2:4:4:2:4:4:4:0
2:2:4:4:2:4:4:4:0:,recombination,14809.66335977964,1:2:4:4:0:4:4:4:0,4:3:4:4:4:3:4:4:4
2:2:4:4:2:4:4:4:0:,clone,14713.518306102318,2:2:4:4:2:4:4:4:0
2:2:4:4:1:4:4:4:0:,clone,14769.51267768286,2:2:4:4:1:4:4:4:0
2:1:4:4:0:4:4:4:0:,recombination,17188.719739576158,3:2:4:4:4:3:4:4:2,4:2:4:4:4:2:2:4:4
1:2:4:4:1:4:4:4:0:,recombination,17321.536389859364,4:2:4:4:4:2:3:4:3,2:2:4:4:2:4:4:4:0
1:2:4:4:4:4:4:4:1:,recombination,17512.90420235268,1:2:4:4:0:4:4:4:0,4:4:4:4:4:0:0:1:4
1:2:4:4:2:4:4:4:0:,recombination,17044.531779695353,4:3:4:4:4:1:1:4:4,1:2:4:4:0:4:4:4:0,MUTATE
1:2:4:4:4:4:4:4:0:,clone,15554.360679289,1:2:4:4:4:4:4:4:0
4:2:4:4:4:4:3:4:3:,recombination,16077.841385313195,2:2:4:4:2:4:4:4:0,2:2:4:4:2:4:4:4:1,MUTATE
4:3:4:4:4:3:4:4:3:,clone,16236.897471376738,4:2:4:4:4:3:4:4:3
2:2:4:4:2:4:4:4:1:,clone,15252.839171995452,2:2:4:4:2:4:4:4:1
2:2:4:4:2:4:4:4:1:,clone,15247.523607562407,2:2:4:4:2:4:4:4:1
2:2:4:4:3:4:4:4:1:,recombination,14998.097501443637,3:2:4:4:4:3:3:4:2,2:2:4:4:2:4:4:4:1,MUTATE
2:2:4:4:4:4:4:4:1:,recombination,14619.747648427217,2:2:4:4:1:4:4:4:0,4:3:4:4:4:3:4:4:3
2:2:4:4:3:4:4:4:1:,clone,14867.386805979782,2:2:4:4:3:4:4:4:1
2:2:4:4:4:4:4:4:1:,clone,14573.905922630709,2:2:4:4:4:4:4:4:1
3:2:4:4:4:4:4:4:1:,recombination,14401.852170086127,2:2:4:4:4:4:4:4:1,4:2:4:4:4:1:1:4:4
2:2:4:4:4:3:4:4:0:,recombination,17073.507942993663,3:2:4:4:4:3:3:4:2,4:2:4:4:4:2:3:4:3
4:4:4:4:4:1:2:4:4:,clone,12347.710140159164,4:4:4:4:4:1:1:4:4
4:3:4:4:4:4:4:4:2:,recombination,16441.45667961349,3:2:4:4:4:1:2:2:3,3:2:4:4:0:4:4:4:0
4:3:4:4:4:4:4:4:2:,clone,16286.78708200467,4:3:4:4:4:4:4:4:3
4:2:4:4:4:3:3:4:4:,recombination,13650.955185687946,4:4:4:4:4:2:3:4:4,3:2:4:4:4:2:3:4:3,MUTATE
4:2:4:4:4:3:3:4:4:,clone,13363.535418647589,4:2:4:4:4:3:3:4:4
4:2:4:4:4:3:4:4:4:,clone,13912.961582037731,4:2:4:4:4:3:4:4:4
4:4:4:4:4:0:0:3:4:,clone,11782.279653781225,4:4:4:4:4:0:0:3:4
4:4:4:4:4:0:1:4:4:,recombination,11622.88399177834,4:4:4:4:4:0:0:3:4,2:2:4:4:2:4:4:4:0,MUTATE
3:2:4:4:0:4:4:4:0:,clone,15883.552823539068,3:2:4:4:0:4:4:4:0
4:2:4:4:3:4:4:4:1:,clone,16009.250385303598,4:2:4:4:3:4:4:4:1
3:2:4:4:0:4:4:4:0:,clone,15870.037033625003,3:2:4:4:0:4:4:4:0
3:2:4:4:0:4:4:4:0:,clone,15790.546542417744,3:2:4:4:0:4:4:4:0
2:1:4:4:0:4:4:4:0:,clone,16708.37495146169,2:1:4:4:0:4:4:4:0
2:1:4:4:0:4:4:4:0:,clone,16556.976811116187,2:1:4:4:0:4:4:4:0
2:1:4:4:0:4:4:4:0:,clone,16543.751588169216,2:1:4:4:0:4:4:4:0
4:3:4:4:4:4:4:4:4:,recombination,14944.671871560211,2:2:4:4:4:2:3:4:2,1:2:4:4:4:4:4:4:0,MUTATE
4:3:4:4:4:4:4:4:4:,clone,14802.098264113165,4:3:4:4:4:4:4:4:4
4:2:4:4:1:4:4:4:0:,clone,16730.71286994876,1:2:4:4:0:4:4:4:0
4:2:4:4:1:4:4:4:0:,clone,16554.568903195013,4:2:4:4:1:4:4:4:0
3:2:4:4:1:4:4:4:0:,clone,15451.41292969668,3:2:4:4:1:4:4:4:0
3:2:4:4:1:4:4:4:0:,clone,15355.418073426967,3:2:4:4:1:4:4:4:0
3:2:4:4:1:4:4:4:0:,recombination,15353.715308223247,2:2:4:4:2:4:4:4:1,4:3:4:4:4:2:3:4:4,MUTATE
3:2:4:4:0:4:4:4:0:,recombination,15744.215685931915,3:2:4:4:1:4:4:4:0,4:3:4:4:4:1:1:4:4,MUTATE
3:2:4:4:0:4:4:4:0:,clone,15703.843206316746,3:2:4:4:0:4:4:4:0
2:1:4:4:0:4:4:4:0:,recombination,16409.24539829271,2:2:4:4:4:4:4:4:1,2:2:4:4:4:3:3:4:0
4:3:4:4:4:3:4:4:3:,clone,15966.459928620417,4:3:4:4:4:3:4:4:3
4:3:4:4:4:3:4:4:3:,clone,15908.02921964847,4:3:4:4:4:3:4:4:3
4:3:4:4:4:3:4:4:3:,clone,15744.859219413935,4:3:4:4:4:3:4:4:3
4:2:4:4:4:4:4:4:1:,recombination,15477.77576889193,2:2:4:4:4:2:2:3:2,3:2:4:4:4:4:3:4:1
1:2:4:4:2:4:4:4:0:,clone,16839.72918668805,1:2:4:4:2:4:4:4:0
3:2:4:4:4:3:4:4:1:,recombination,14503.823512560197,4:4:4:4:4:0:0:1:4,2:2:4:4:4:3:4:4:1
4:3:4:4:4:3:4:4:4:,clone,14293.34914415253,4:3:4:4:4:3:4:4:4
3:2:4:4:3:4:4:4:2:,recombination,15665.821720592843,2:2:4:4:4:3:3:4:2,4:2:4:4:4:0:0:0:4
1:1:4:4:0:4:4:4:0:,clone,15040.3356987056,1:2:4:4:0:4:4:4:0
1:1:4:4:0:4:4:4:0:,clone,14992.473764947901,1:1:4:4:0:4:4:4:0
4:2:4:4:4:3:4:4:3:,recombination,13873.712763505995,4:2:4:4:4:3:4:4:2,1:1:4:4:0:4:4:4:0
4:2:4:4:4:4:4:4:4:,clone,14565.439159788548,4:2:4:4:4:4:4:4:4
4:2:4:4:4:4:4:4:2:,clone,14461.925203127343,4:2:4:4:4:4:4:4:2
4:2:4:4:3:4:4:4:1:,recombination,15736.07356687269,2:2:4:4:4:4:4:4:0,3:2:4:4:4:0:0:0:4
4:2:4:4:4:4:4:4:3:,recombination,14460.74633098925,2:2:4:4:2:4:4:4:0,4:3:4:4:4:3:3:4:4
3:2:4:4:4:4:4:4:2:,clone,14395.674672759593,3:2:4:4:4:4:4:4:2
2:2:4:4:4:4:4:4:0:,clone,14806.855864273002,2:2:4:4:4:4:4:4:0
3:2:4:4:2:4:4:4:1:,recombination,14835.987453542295,3:2:4:4:1:4:4:4:1,3:2:4:4:4:3:4:4:2
2:1:4:4:2:4:4:4:0:,clone,17175.548774742965,2:1:4:4:2:4:4:4:0
1:2:4:4:0:4:4:4:0:,clone,14966.584355056597,1:2:4:4:0:4:4:4:0
1:2:4:4:0:4:4:4:0:,clone,14847.054504490798,1:2:4:4:0:4:4:4:0
1:2:4:4:0:4:4:4:0:,clone,14724.49424417153,1:2:4:4:0:4:4:4:0
2:1:4:4:0:4:4:4:0:,recombination,15655.020037897566,4:2:4:4:4:1:2:4:3,2:2:4:4:1:4:4:4:0
3:2:4:4:0:4:4:4:0:,clone,15507.487903570836,3:2:4:4:0:4:4:4:0
3:2:4:4:0:4:4:4:0:,recombination,15023.723003998251,4:2:4:4:4:3:3:4:4,4:3:4:4:4:2:3:4:4
3:2:4:4:4:3:3:4:1:,clone,16422.479341331167,3:2:4:4:4:3:3:4:1
3:2:4:4:4:3:3:4:1:,recombination,15934.329484003181,4:2:4:4:4:1:1:4:4,4:3:4:4:4:4:3:4:4
4:4:4:4:4:0:0:1:4:,clone,12022.632266877108,4:4:4:4:4:0:0:1:4
4:4:4:4:4:0:0:1:4:,clone,11967.7624778305,4:4:4:4:4:0:0:1:4
4:4:4:4:4:0:0:1:4:,clone,11844.341989411634,4:4:4:4:4:0:0:1:4
3:2:4:4:4:3:3:4:1:,clone,15647.442941447349,3:2:4:4:4:3:3:4:1
3:2:4:4:2:4:4:4:2:,recombination,16020.640902978595,4:2:4:4:4:0:0:1:4,4:2:4:4:4:2:2:4:3,MUTATE
1:1:4:4:2:4:4:4:0:,recombination,17752.096890046418,2:2:4:4:4:3:4:4:2,3:2:4:4:4:3:4:4:2,MUTATE
4:4:4:4:4:4:4:4:4:,clone,16730.71286994876,4:3:4:4:4:3:4:4:4
1:1:4:4:3:4:4:4:0:,clone,18972.346595898704,1:2:4:4:3:4:4:4:0
4:2:4:4:4:3:4:4:2:,recombination,14411.40845119533,4:3:4:4:4:4:4:4:4,2:2:4:4:1:4:4:4:0
4:2:4:4:4:4:4:4:2:,clone,14388.271155649414,4:2:4:4:4:4:4:4:2
4:2:4:4:4:4:4:4:3:,clone,14337.123271843864,4:2:4:4:4:4:4:4:3
4:2:4:4:4:4:4:4:3:,clone,14302.538133812703,4:2:4:4:4:4:4:4:3
4:2:4:4:4:4:4:4:3:,clone,14189.150446321479,4:2:4:4:4:4:4:4:3
4:3:4:4:4:4:4:4:4:,recombination,14800.813073235899,2:2:4:4:0:4:4:4:0,4:3:4:4:4:4:4:4:4
4:3:4:4:4:4:3:4:4:,clone,14844.60495465302,4:3:4:4:4:4:3:4:4
4:3:4:4:4:4:4:4:4:,clone,14754.105570581736,4:3:4:4:4:3:3:4:4
4:3:4:4:4:4:4:4:4:,recombination,14581.569918796184,1:2:4:4:4:4:4:4:0,1:2:4:4:0:4:4:4:0
4:2:4:4:2:4:4:4:1:,recombination,17153.06224034571,1:1:4:4:0:4:4:4:0,4:2:4:4:4:4:4:4:4,MUTATE
4:2:4:4:2:4:4:4:1:,clone,17062.28924434291,3:2:4:4:1:4:4:4:1
3:2:4:4:3:4:4:4:1:,recombination,14549.894745949245,3:2:4:4:4:2:2:4:3,4:4:4:4:4:2:2:4:4
3:2:4:4:3:4:4:4:1:,clone,14508.20884919785,3:2:4:4:3:4:4:4:1
3:2:4:4:3:4:4:4:1:,clone,14389.963572752655,3:2:4:4:3:4:4:4:1
2:2:4:4:2:4:4:4:1:,recombination,15193.8364667393,2:2:4:4:2:4:4:4:1,1:2:4:4:0:4:4:4:0
2:2:4:4:2:4:4:4:1:,clone,15156.501487685247,2:2:4:4:2:4:4:4:1
3:2:4:4:2:4:4:4:1:,clone,14766.873073355087,3:2:4:4:2:4:4:4:1
4:2:4:4:4:4:3:4:4:,clone,15514.918869841895,4:2:4:4:4:4:3:4:4
4:2:4:4:4:4:3:4:4:,clone,15440.883830383882,4:2:4:4:4:4:3:4:4
3:2:4:4:1:4:4:4:2:,clone,18211.260111306103,3:2:4:4:1:4:4:4:2
3:2:4:4:1:4:4:4:2:,recombination,17838.606420822493,4:4:4:4:4:4:4:4:4,3:2:4:4:4:4:4:4:1,MUTATE
3:2:4:4:1:4:4:4:2:,clone,17769.333641877092,3:2:4:4:1:4:4:4:2
3:2:4:4:1:4:4:4:2:,clone,17666.429899953135,3:2:4:4:1:4:4:4:2
3:2:4:4:1:4:4:4:2:,clone,17618.758573311192,3:2:4:4:1:4:4:4:2
2:1:4:4:0:4:4:4:0:,clone,15626.221337692159,2:1:4:4:0:4:4:4:0
1:2:4:4:4:3:3:4:1:,clone,18668.29408760905,3:2:4:4:4:4:4:4:1
1:2:4:4:4:2:3:4:1:,clone,17138.10830402196,1:2:4:4:4:3:3:4:1
2:1:4:4:0:4:4:4:0:,clone,15322.216281167244,2:2:4:4:0:4:4:4:0
4:2:4:4:4:4:4:4:4:,clone,14485.542436649725,4:2:4:4:4:4:4:4:4
4:4:4:4:4:0:0:1:4:,clone,11737.356384524755,4:4:4:4:4:0:0:1:4
4:2:4:4:2:4:4:4:1:,recombination,16806.079189797027,3:2:4:4:4:2:3:4:3,4:2:4:4:4:4:3:4:3,MUTATE
1:2:4:4:1:4:4:4:0:,clone,17019.790470996097,1:2:4:4:1:4:4:4:0
1:2:4:4:1:4:4:4:0:,clone,16926.806287308722,1:2:4:4:1:4:4:4:0
4:4:4:4:4:4:4:4:4:,recombination,16730.712869948755,1:2:4:4:1:4:4:4:0,4:2:4:4:4:2:3:4:4,MUTATE
2:2:4:4:1:4:4:4:1:,recombination,15459.793834863909,4:3:4:4:4:1:1:4:4,3:2:4:4:4:3:3:4:3
1:2:4:4:4:3:3:4:1:,clone,17047.13046452331,4:2:4:4:4:4:4:4:2
1:2:4:4:4:3:3:4:1:,recombination,16996.564289273563,2:2:4:4:3:4:4:4:1,1:2:4:4:0:4:4:4:0,MUTATE
1:1:4:4:4:3:3:4:1:,recombination,16582.914663878444,4:2:4:4:4:2:3:4:4,2:2:4:4:2:4:4:4:0,MUTATE
2:2:4:4:4:4:4:4:2:,clone,16314.68661859749,2:2:4:4:4:4:4:4:2
1:1:4:4:4:3:3:4:1:,clone,16260.202687543873,1:1:4:4:4:3:3:4:1
1:2:4:4:4:3:3:4:1:,recombination,16212.032461621979,4:4:4:4:4:1:2:4:4,4:2:4:4:4:3:4:4:2,MUTATE
1:1:4:4:4:3:3:4:1:,clone,16000.345094895623,1:1:4:4:4:3:3:4:1
1:2:4:4:4:3:3:4:1:,recombination,16054.151528762917,4:2:4:4:4:3:3:4:4,3:2:4:4:1:4:4:4:1
1:2:4:4:4:3:3:4:1:,clone,16014.581300857253,1:2:4:4:4:3:3:4:1
4:2:4:4:2:4:4:4:1:,recombination,16420.59179093738,4:4:4:4:4:1:1:4:4,4:2:4:4:4:1:2:4:4,MUTATE
4:2:4:4:2:4:4:4:1:,clone,16171.974562161411,4:2:4:4:2:4:4:4:1
3:2:4:4:2:4:4:4:0:,recombination,15518.618610461379,4:2:4:4:4:1:2:4:4,2:2:4:4:1:4:4:4:0,MUTATE
2:2:4:4:4:4:4:4:0:,clone,14733.991798760797,2:2:4:4:4:4:4:4:0
2:2:4:4:2:4:4:4:0:,clone,14578.887018600499,2:2:4:4:2:4:4:4:0
2:2:4:4:2:4:4:4:0:,clone,14439.143327034766,2:2:4:4:2:4:4:4:0
3:2:4:4:2:4:4:4:0:,clone,15213.645949313019,2:2:4:4:2:4:4:4:0
4:3:4:4:4:4:4:4:4:,recombination,14531.060331040442,4:2:4:4:4:1:2:3:4,3:2:4:4:4:3:3:4:1
4:3:4:4:4:3:4:4:4:,clone,14207.669645218952,4:3:4:4:4:3:4:4:4
4:3:4:4:4:4:3:4:4:,clone,14446.755837952116,4:3:4:4:4:4:3:4:4
3:2:4:4:4:4:4:4:2:,recombination,14283.913612805836,3:2:4:4:4:0:1:2:3,3:2:4:4:2:4:4:4:1
4:2:4:4:4:4:4:4:4:,clone,14355.581340127957,4:2:4:4:4:4:4:4:4
4:2:4:4:4:4:4:4:3:,clone,14179.43737337421,4:2:4:4:4:4:4:4:3
4:2:4:4:4:4:4:4:3:,clone,14034.505330555094,4:2:4:4:4:4:4:4:3
4:2:4:4:4:4:4:4:2:,clone,14261.056619711431,4:2:4:4:4:4:4:4:2
4:2:4:4:4:4:4:4:4:,clone,14252.045297028544,4:2:4:4:4:3:3:4:4
4:2:4:4:4:4:4:4:3:,clone,14023.516601720423,4:2:4:4:4:4:4:4:3
4:2:4:4:4:4:4:4:4:,clone,14032.639719604174,4:2:4:4:4:4:4:4:3
2:2:4:4:4:3:4:4:2:,recombination,14729.048476083863,1:1:4:4:0:4:4:4:0,3:2:4:4:2:4:4:4:1
1:2:4:4:4:4:4:4:1:,recombination,16634.316778778553,2:2:4:4:0:4:4:4:1,4:2:4:4:4:4:4:4:4,MUTATE
4:2:4:4:4:3:4:4:2:,recombination,14306.838294216941,3:2:4:4:3:4:4:4:2,4:2:4:4:3:4:4:4:1
4:2:4:4:4:3:4:4:2:,recombination,14221.456920852625,4:4:4:4:4:0:0:0:4,3:2:4:4:4:1:1:4:3,MUTATE
1:1:4:4:4:3:4:4:0:,recombination,17276.601942131667,2:2:4:4:0:4:4:4:0,1:2:4:4:0:4:4:4:0,MUTATE
1:1:4:4:3:4:4:4:0:,recombination,17097.310531892883,3:2:4:4:4:2:2:4:3,1:2:4:4:0:4:4:4:0
2:2:4:4:4:0:1:1:3:,clone,13459.264382755533,4:4:4:4:4:2:2:4:4
3:2:4:4:4:1:2:4:2:,recombination,14576.20326913621,4:4:4:4:4:0:1:4:4,4:4:4:4:4:1:2:4:4
4:2:4:4:4:3:3:4:3:,recombination,13217.29345778906,2:2:4:4:1:4:4:4:0,2:2:4:4:4:3:4:4:1,MUTATE
4:2:4:4:4:2:3:4:3:,clone,12988.407633042714,4:2:4:4:4:2:2:4:4
2:2:4:4:0:4:4:4:0:,clone,14605.584876845413,2:2:4:4:0:4:4:4:0
2:2:4:4:0:4:4:4:0:,recombination,14535.252453150877,2:2:4:4:4:4:4:4:2,1:2:4:4:4:4:4:4:0
2:2:4:4:0:4:4:4:0:,clone,14144.504995237097,2:2:4:4:0:4:4:4:0
1:2:4:4:4:3:3:4:1:,clone,15758.659342805076,1:2:4:4:4:3:3:4:1
1:2:4:4:4:3:3:4:1:,clone,15733.502334342076,1:2:4:4:4:3:3:4:1
2:2:4:4:4:4:4:4:2:,recombination,15556.280592266863,1:2:4:4:4:3:3:4:1,4:4:4:4:4:2:3:4:4
2:2:4:4:4:4:4:4:2:,clone,15405.992253647248,2:2:4:4:4:4:4:4:2
1:2:4:4:2:4:4:4:0:,clone,16499.70087913814,2:2:4:4:4:4:4:4:1
4:4:4:4:4:1:2:4:4:,clone,12306.991735823354,4:4:4:4:4:1:2:4:4
4:4:4:4:4:1:2:4:4:,clone,12296.781407045324,4:4:4:4:4:1:2:4:4
4:2:4:4:3:4:4:4:2:,recombination,15695.776251752708,4:2:4:4:4:3:3:4:4,4:4:4:4:4:0:1:4:4,MUTATE
1:2:4:4:1:4:4:4:0:,recombination,16882.305943839016,4:4:4:4:4:0:1:4:4,4:4:4:4:4:1:2:4:4,MUTATE
1:2:4:4:1:4:4:4:0:,clone,16841.689904566752,1:2:4:4:1:4:4:4:0
4:3:4:4:4:3:3:4:4:,recombination,13445.524478720115,4:2:4:4:4:0:1:1:4,3:2:4:4:4:3:4:4:2
1:2:4:4:1:4:4:4:0:,clone,16838.49478109716,1:2:4:4:1:4:4:4:0
1:2:4:4:1:4:4:4:0:,clone,16442.652200169134,1:2:4:4:1:4:4:4:0
1:2:4:4:1:4:4:4:0:,clone,16301.626051924908,1:2:4:4:1:4:4:4:0
1:2:4:4:1:4:4:4:0:,clone,16027.190698116947,1:2:4:4:1:4:4:4:0
1:2:4:4:3:4:4:4:0:,recombination,15644.883610157718,2:2:4:4:2:4:4:4:1,3:2:4:4:4:1:2:3:3
3:2:4:4:4:4:4:4:0:,recombination,16015.598333503456,1:2:4:4:4:4:4:4:0,4:2:4:4:4:2:2:4:3
4:2:4:4:4:4:4:4:1:,recombination,15347.003869033048,0:1:4:4:0:4:4:4:0,3:2:4:4:4:0:1:1:3,MUTATE
3:2:4:4:4:4:4:4:0:,clone,15917.057802599582,3:2:4:4:4:4:4:4:0
3:2:4:4:4:4:4:4:0:,recombination,15284.795160879914,3:2:4:4:4:4:4:4:0,4:4:4:4:4:2:2:4:4
2:2:4:4:4:4:4:4:1:,recombination,14572.974049186605,2:2:4:4:4:3:4:4:2,2:2:4:4:1:4:4:4:0,MUTATE
4:3:4:4:4:3:4:4:4:,recombination,14069.657435513578,2:1:4:4:0:4:4:4:0,1:2:4:4:4:4:4:4:0,MUTATE
2:2:4:4:4:3:3:4:1:,recombination,14245.788302796323,4:3:4:4:4:2:3:4:4,4:3:4:4:4:3:4:4:4
4:2:4:4:4:3:3:4:2:,recombination,14276.345047154258,4:2:4:4:4:1:1:4:4,2:2:4:4:4:1:1:3:2,MUTATE
4:3:4:4:4:4:4:4:2:,clone,16213.201426118902,4:3:4:4:4:4:4:4:2
4:3:4:4:4:4:4:4:2:,clone,16182.123774379395,4:3:4:4:4:4:4:4:2
4:2:4:4:4:4:4:4:1:,clone,15225.81256916912,4:2:4:4:4:4:4:4:1
4:3:4:4:4:0:1:4:4:,clone,11694.422471133485,4:3:4:4:4:0:1:4:4
3:2:4:4:4:0:1:2:3:,recombination,11555.890625512473,4:2:4:4:4:0:1:2:4,1:2:4:4:0:4:4:4:0,MUTATE
2:2:4:4:2:4:4:4:1:,clone,15147.939763423396,2:2:4:4:2:4:4:4:1
3:2:4:4:4:1:1:4:3:,recombination,11871.203213281064,4:4:4:4:4:2:2:4:4,3:2:4:4:4:0:1:2:3,MUTATE
3:2:4:4:4:1:2:4:3:,clone,12249.18563899411,3:2:4:4:4:1:2:4:3
2:2:4:4:2:4:4:4:1:,clone,15057.610178885821,2:2:4:4:2:4:4:4:1
3:2:4:4:2:4:4:4:1:,clone,14584.065885749595,3:2:4:4:2:4:4:4:1
3:2:4:4:4:4:4:4:2:,recombination,14233.428672658554,4:2:4:4:4:4:3:4:4,4:4:4:4:4:1:2:4:4,MUTATE
2:2:4:4:1:4:4:4:1:,clone,15228.624576623228,2:2:4:4:1:4:4:4:1
2:2:4:4:4:4:4:4:0:,clone,14547.057191277449,2:2:4:4:4:4:4:4:0
2:1:4:4:0:4:4:4:0:,recombination,15039.43479395754,1:2:4:4:1:4:4:4:0,2:2:4:4:3:4:4:4:0
4:4:4:4:4:0:0:1:4:,clone,11473.952679035767,4:4:4:4:4:0:0:1:4
4:4:4:4:4:0:0:1:4:,clone,11463.582184812978,4:4:4:4:4:0:0:1:4
4:4:4:4:4:0:1:1:4:,recombination,13734.164727805944,4:3:4:4:4:3:3:4:4,4:2:4:4:4:2:3:4:4,MUTATE
3:2:4:4:2:4:4:4:0:,recombination,15178.251270937582,4:2:4:4:4:4:4:4:4,1:2:4:4:2:4:4:4:0,MUTATE
3:2:4:4:4:4:4:4:1:,clone,14329.532921824752,3:2:4:4:4:4:4:4:1
4:2:4:4:2:4:4:4:2:,clone,16137.152351296354,4:2:4:4:3:4:4:4:2
1:1:4:4:4:4:4:4:1:,recombination,18007.64601330069,2:2:4:4:2:4:4:4:0,3:2:4:4:0:4:4:4:0
4:3:4:4:4:1:2:4:4:,recombination,11299.289847067594,1:2:4:4:4:4:4:4:1,3:2:4:4:4:4:4:4:1
2:2:4:4:4:1:1:2:2:,clone,14807.399768482326,4:2:4:4:4:1:2:3:4
4:2:4:4:4:1:2:4:4:,recombination,11251.073426120414,4:2:4:4:4:3:4:4:2,3:2:4:4:4:4:4:4:2
2:1:4:4:2:4:4:4:0:,recombination,16745.667452649148,4:2:4:4:3:4:4:4:1,1:2:4:4:4:4:4:4:1,MUTATE
4:2:4:4:2:4:4:4:1:,recombination,16025.844085751356,2:2:4:4:4:4:4:4:0,2:2:4:4:2:4:4:4:1
4:2:4:4:3:4:4:4:1:,recombination,15579.138431020257,2:2:4:4:4:4:4:4:0,3:2:4:4:4:0:0:1:3
4:2:4:4:2:4:4:4:1:,clone,15972.058008936396,3:2:4:4:2:4:4:4:1
4:2:4:4:2:4:4:4:1:,clone,15304.280659322249,4:2:4:4:2:4:4:4:1
2:2:4:4:3:4:4:4:1:,clone,14641.620782476166,2:2:4:4:3:4:4:4:1
1:1:4:4:4:4:4:4:1:,clone,15925.287702404454,1:1:4:4:4:4:4:4:0
1:2:4:4:4:3:4:4:1:,clone,15647.999721645885,1:2:4:4:4:3:3:4:1
1:2:4:4:1:4:4:4:0:,clone,15695.992711036522,1:2:4:4:1:4:4:4:0
3:2:4:4:4:3:4:4:1:,clone,14341.20650029247,3:2:4:4:4:3:4:4:1
