3:2:4:4:4:0:1:1:3:,initialisation,13899.345916689239,
4:3:4:4:4:2:3:4:4:,initialisation,15277.26821899513,
4:4:4:4:4:3:3:4:4:,initialisation,18059.68564286458,
4:4:4:4:4:1:1:4:4:,initialisation,14632.978504839473,
4:4:4:4:4:2:2:4:4:,initialisation,14597.813571967316,
3:2:4:4:4:1:2:3:3:,initialisation,14526.243400197387,
4:3:4:4:4:2:3:4:4:,initialisation,14929.605981543466,
4:4:4:4:4:1:1:4:4:,initialisation,13993.168451682142,
4:3:4:4:4:2:3:4:4:,initialisation,14878.762015442373,
4:3:4:4:4:2:2:4:4:,initialisation,14935.93860247634,
4:4:4:4:4:2:3:4:4:,initialisation,15371.379912542221,
4:3:4:4:4:1:2:4:4:,initialisation,14186.29551336048,
2:2:4:4:4:2:3:4:2:,initialisation,16166.090612186115,
4:4:4:4:4:2:2:4:4:,initialisation,13942.947223667763,
4:4:4:4:4:1:2:4:4:,initialisation,14590.384971716256,
4:4:4:4:4:3:3:4:4:,initialisation,16702.627556747753,
4:2:4:4:4:1:1:2:4:,initialisation,13225.754859061299,
4:4:4:4:4:1:2:4:4:,initialisation,13630.688328284468,
4:3:4:4:4:3:3:4:4:,initialisation,16121.673351490335,
3:2:4:4:4:1:2:3:3:,initialisation,13768.988406113896,
4:4:4:4:4:3:3:4:4:,initialisation,15462.657352841841,
4:4:4:4:4:3:2:4:4:,initialisation,16741.328404283835,
3:2:4:4:4:1:1:3:3:,initialisation,14897.019263195718,
4:2:4:4:4:1:1:2:4:,initialisation,13099.028328760343,
3:2:4:4:4:0:1:1:3:,initialisation,13761.88497926308,
3:2:4:4:4:1:2:4:3:,initialisation,14186.761442031811,
4:3:4:4:4:2:2:4:4:,initialisation,13760.978128889987,
4:4:4:4:4:2:1:4:4:,initialisation,16730.712869948755,
2:2:4:4:4:2:2:4:2:,initialisation,16047.529022984361,
4:3:4:4:4:3:3:4:4:,initialisation,15723.571880169564,
4:2:4:4:4:1:1:2:4:,initialisation,13012.406874959945,
4:3:4:4:4:2:3:4:4:,initialisation,14119.95970157887,
2:2:4:4:4:1:2:3:2:,initialisation,14785.54332729371,
4:4:4:4:4:2:2:4:4:,initialisation,13739.988885504008,
4:4:4:4:4:1:1:4:4:,initialisation,12999.256100447608,
4:4:4:4:4:3:3:4:4:,initialisation,15301.962721943646,
4:4:4:4:4:3:3:4:4:,initialisation,15054.171751128775,
3:2:4:4:4:1:1:2:3:,initialisation,15948.760993494378,
3:2:4:4:4:2:2:4:3:,initialisation,14635.508800055584,
3:2:4:4:4:1:2:3:3:,initialisation,12729.039408246223,
4:3:4:4:4:1:2:4:4:,initialisation,13353.600370058828,
4:4:4:4:4:1:2:4:4:,initialisation,13311.920530936977,
4:3:4:4:4:2:2:4:4:,initialisation,13579.573488487804,
3:2:4:4:4:1:2:4:3:,initialisation,14184.21762926866,
4:3:4:4:4:3:3:4:4:,initialisation,15537.670804477508,
4:4:4:4:4:2:3:4:4:,initialisation,14965.856656696049,
2:2:4:4:4:1:1:2:2:,initialisation,15126.602986441052,
4:3:4:4:4:3:3:4:4:,initialisation,15265.826336898075,
2:2:4:4:4:1:2:3:2:,initialisation,14685.757459298005,
4:3:4:4:4:2:3:4:4:,initialisation,13979.977315499393,
3:2:4:4:4:1:1:1:3:,initialisation,13599.650790860376,
3:2:4:4:4:1:1:2:3:,initialisation,13147.42916104155,
2:2:4:4:4:2:2:4:2:,initialisation,15033.946160113459,
3:2:4:4:4:0:0:0:4:,initialisation,13003.452771407392,
4:4:4:4:4:1:1:4:4:,initialisation,12039.505682032303,
2:1:4:4:4:2:3:3:2:,initialisation,16076.31903625077,
3:2:4:4:4:1:1:3:3:,initialisation,14012.402374201558,
4:3:4:4:4:2:2:4:4:,initialisation,13188.435565825786,
4:3:4:4:4:2:3:4:4:,initialisation,13792.044618425845,
2:2:4:4:4:1:2:4:2:,initialisation,15572.172164854454,
4:4:4:4:4:2:1:4:4:,initialisation,16469.528345768093,
3:2:4:4:4:0:1:1:4:,initialisation,11974.99332564553,
4:4:4:4:4:1:2:4:4:,initialisation,13156.881719933994,
4:2:4:4:4:0:1:1:4:,initialisation,11708.636446851104,
4:4:4:4:4:2:2:4:4:,initialisation,13738.848561645951,
4:4:4:4:4:2:3:4:4:,initialisation,14325.000567972973,
3:2:4:4:4:1:2:2:3:,initialisation,13596.609194224511,
4:4:4:4:4:0:1:4:4:,initialisation,13372.79148942748,
3:2:4:4:4:2:2:3:3:,initialisation,14619.745880064927,
2:2:4:4:4:2:2:3:2:,initialisation,14437.855627096724,
3:2:4:4:4:0:0:0:4:,initialisation,12441.629259105062,
2:2:4:4:4:0:1:1:3:,initialisation,13735.50132433736,
4:4:4:4:4:0:1:3:4:,initialisation,12998.970558058738,
4:3:4:4:4:3:3:4:4:,initialisation,15194.468134322145,
4:3:4:4:4:1:2:4:4:,initialisation,12709.261620821542,
4:4:4:4:4:2:2:4:4:,initialisation,13401.524670827714,
4:3:4:4:4:3:3:4:4:,initialisation,15192.368329298997,
4:3:4:4:4:3:3:4:4:,initialisation,14973.844649441862,
4:4:4:4:4:2:2:4:4:,initialisation,13163.35678609456,
4:3:4:4:4:1:2:4:4:,initialisation,12672.367839569533,
4:4:4:4:4:3:3:4:4:,initialisation,14882.462883023065,
4:4:4:4:4:1:2:4:4:,initialisation,12871.51149024461,
4:4:4:4:4:3:2:4:4:,initialisation,16730.71286994877,
3:2:4:4:4:1:1:3:3:,initialisation,13782.412198186019,
4:4:4:4:4:3:2:4:4:,initialisation,16730.71286994876,
4:3:4:4:4:2:2:4:4:,initialisation,12988.068766595023,
2:2:4:4:4:2:2:4:2:,initialisation,15028.271097801375,
4:4:4:4:4:1:2:4:4:,initialisation,12640.975733999203,
2:2:4:4:4:1:1:3:2:,initialisation,14414.360921947911,
3:2:4:4:4:0:1:1:3:,initialisation,12970.141968953265,
2:2:4:4:4:1:2:4:2:,initialisation,15272.86547048311,
3:2:4:4:4:0:1:0:3:,initialisation,15049.794557474394,
4:3:4:4:4:3:3:4:4:,initialisation,14914.125856758435,
3:2:4:4:4:0:0:0:4:,initialisation,11811.071674807234,
4:4:4:4:4:0:1:4:4:,initialisation,13188.464213061909,
3:2:4:4:4:1:1:3:3:,initialisation,13749.12757982856,
3:2:4:4:4:0:0:1:3:,initialisation,13117.20992910939,
3:2:4:4:4:0:1:1:3:,initialisation,12822.878910356369,
4:2:4:4:4:1:1:2:4:,initialisation,12264.617820153997,
3:2:4:4:4:1:2:4:3:,initialisation,13665.719043907558,
4:4:4:4:4:3:2:4:4:,initialisation,16701.205305939373,
3:2:4:4:4:2:3:3:3:,initialisation,15836.526089079349,
2:2:4:4:4:3:3:4:2:,initialisation,16688.46776369401,
4:2:4:4:4:0:1:2:4:,initialisation,13754.716688918492,
2:2:4:4:4:2:2:4:2:,initialisation,14289.145065474531,
3:2:4:4:4:1:1:1:3:,initialisation,13514.059894606762,
3:2:4:4:4:0:0:0:3:,initialisation,13222.807472673017,
3:2:4:4:4:1:2:3:3:,initialisation,12636.312104969715,
2:2:4:4:4:1:1:1:3:,initialisation,13794.476619588639,
4:4:4:4:4:0:1:4:4:,initialisation,12586.063152816288,
3:2:4:4:4:0:1:2:3:,initialisation,15032.66763636567,
4:4:4:4:4:3:2:4:4:,initialisation,16566.348997544523,
4:2:4:4:4:0:1:2:4:,initialisation,12500.687283831454,
4:2:4:4:4:0:1:2:4:,initialisation,12206.510471641386,
4:3:4:4:4:1:1:4:4:,initialisation,12143.059497704498,
4:4:4:4:4:2:2:4:4:,initialisation,13054.770397553559,
2:2:4:4:4:2:3:4:2:,initialisation,15769.044733163166,
2:2:4:4:4:1:2:3:2:,initialisation,14622.16433776918,
2:2:4:4:4:1:2:4:2:,initialisation,15199.743481098769,
2:2:4:4:4:1:2:3:2:,initialisation,14569.893385146854,
3:2:4:4:4:2:3:4:3:,initialisation,15972.380965659655,
4:2:4:4:4:1:1:3:4:,initialisation,13394.696840174034,
3:2:4:4:4:1:1:3:3:,initialisation,12902.299517724061,
4:4:4:4:4:2:3:4:4:,initialisation,14197.163634677427,
3:2:4:4:4:0:0:1:3:,initialisation,12530.4856991305,
3:2:4:4:4:0:1:2:3:,initialisation,14338.914849245164,
3:2:4:4:4:2:3:4:2:,initialisation,17044.988596486033,
2:2:4:4:4:3:3:4:1:,initialisation,16561.08031082833,
3:2:4:4:4:0:0:1:4:,initialisation,12922.286309056302,
2:2:4:4:4:2:3:4:2:,initialisation,15176.993888826177,
4:3:4:4:4:3:4:4:4:,initialisation,15820.466934107033,
3:2:4:4:4:1:2:2:3:,initialisation,13471.569828065696,
4:2:4:4:4:3:3:4:4:,initialisation,15677.420676765523,
4:4:4:4:4:0:0:2:4:,initialisation,13071.643263682114,
3:2:4:4:4:0:0:0:3:,initialisation,13220.043329523016,
4:3:4:4:4:3:3:4:4:,initialisation,14521.242175997204,
2:2:4:4:4:2:3:4:1:,initialisation,17182.931137399533,
4:4:4:4:4:1:2:4:4:,initialisation,12625.127904832038,
4:4:4:4:4:1:2:4:4:,initialisation,12455.927916814218,
3:2:4:4:4:1:2:2:3:,initialisation,12557.354893255831,
4:4:4:4:4:3:3:4:4:,initialisation,14826.14407580272,
3:2:4:4:4:1:1:1:4:,initialisation,13693.159012048229,
3:2:4:4:4:0:1:2:3:,initialisation,12663.524313126985,
4:2:4:4:4:0:0:0:4:,initialisation,12307.965476531437,
4:4:4:4:4:1:2:4:4:,initialisation,12354.71985117525,
3:2:4:4:4:2:2:3:3:,initialisation,13862.530279592638,
3:2:4:4:4:1:2:4:3:,initialisation,13664.231342695684,
2:2:4:4:4:2:3:4:1:,initialisation,16933.94180298214,
3:2:4:4:4:1:1:2:3:,initialisation,12805.837573241959,
4:3:4:4:4:1:2:4:4:,initialisation,12669.736045763757,
4:3:4:4:4:3:3:4:4:,initialisation,14422.665777372196,
3:2:4:4:4:0:0:1:4:,initialisation,12169.699746813316,
3:2:4:4:4:1:1:1:3:,initialisation,13427.165275346932,
3:2:4:4:4:1:2:4:3:,initialisation,12795.060940289903,
3:1:4:4:4:1:1:1:3:,initialisation,12654.509689383332,
4:4:4:4:4:1:2:4:4:,initialisation,12327.99437022395,
2:2:4:4:4:0:0:1:3:,initialisation,14736.452108223948,
4:2:4:4:4:1:2:3:4:,initialisation,14959.564210938675,
2:2:4:4:4:2:2:4:2:,initialisation,13935.005128596242,
4:2:4:4:4:1:2:2:4:,initialisation,14037.173406587557,
4:4:4:4:4:0:0:0:4:,initialisation,12588.679367721743,
2:2:4:4:4:2:2:2:2:,initialisation,15163.491297180284,
4:4:4:4:4:3:2:4:4:,initialisation,16460.15803384619,
3:2:4:4:4:2:3:4:3:,initialisation,15236.79425334798,
4:4:4:4:4:3:2:4:4:,initialisation,16027.542742123665,
3:2:4:4:4:1:1:2:3:,initialisation,12114.636755962762,
2:2:4:4:4:1:2:4:2:,initialisation,15068.792289038018,
2:1:4:4:4:2:2:4:2:,initialisation,16455.952023277634,
3:2:4:4:4:1:1:1:4:,initialisation,13182.80360301649,
1:2:4:4:4:2:3:4:1:,initialisation,17327.3730835838,
4:2:4:4:4:0:0:1:4:,initialisation,13254.349672163926,
4:4:4:4:4:3:2:4:4:,initialisation,15966.795039497734,
3:2:4:4:4:2:2:2:3:,initialisation,14663.857445945621,
2:2:4:4:4:1:2:3:2:,initialisation,13925.003736306777,
4:3:4:4:4:4:4:4:4:,initialisation,16803.208445259304,
4:3:4:4:4:2:3:4:4:,initialisation,13738.680501895837,
3:2:4:4:4:2:3:4:3:,initialisation,13908.779144233638,
3:2:4:4:4:1:1:2:3:,initialisation,11464.960477995683,
2:2:4:4:4:2:2:4:2:,initialisation,13797.884291122218,
3:2:4:4:4:2:2:4:3:,initialisation,14565.558749047133,
4:4:4:4:4:3:3:4:4:,initialisation,14697.379374367347,
4:2:4:4:4:0:0:1:4:,recombination,11946.412904350696,4:2:4:4:4:0:1:2:4,4:2:4:4:4:0:0:1:4,MUTATE
4:2:4:4:4:1:1:2:4:,clone,12254.602730986853,4:2:4:4:4:1:1:2:4
3:2:4:4:4:1:2:3:3:,clone,12579.000154193423,3:2:4:4:4:1:2:3:3
4:4:4:4:4:2:2:4:4:,clone,12838.731401151248,4:4:4:4:4:2:2:4:4
4:4:4:4:4:0:0:4:4:,clone,12725.031546904962,4:4:4:4:4:0:1:4:4
2:2:4:4:4:2:3:3:2:,recombination,16871.91173065612,3:2:4:4:4:2:3:3:3,3:2:4:4:4:0:0:0:4,MUTATE
4:4:4:4:4:0:0:4:4:,clone,12652.440785079321,4:4:4:4:4:0:0:4:4
4:3:4:4:4:0:1:2:4:,recombination,13408.141531534948,4:4:4:4:4:0:1:3:4,2:2:4:4:4:2:3:4:2,MUTATE
2:2:4:4:4:1:2:4:2:,recombination,14726.366553116231,2:2:4:4:4:1:2:4:2,3:2:4:4:4:1:1:1:3,MUTATE
4:3:4:4:4:1:1:4:4:,recombination,11553.711121307939,3:2:4:4:4:0:1:1:3,4:3:4:4:4:1:2:4:4
4:3:4:4:4:0:0:2:4:,recombination,13760.236770833944,3:2:4:4:4:0:0:0:3,4:4:4:4:4:1:2:4:4,MUTATE
4:4:4:4:4:2:3:4:4:,clone,14016.756125251457,4:4:4:4:4:2:3:4:4
4:3:4:4:4:3:3:4:4:,recombination,14354.643405824823,4:3:4:4:4:3:3:4:4,3:2:4:4:4:0:0:0:3,MUTATE
2:2:4:4:4:2:2:4:2:,recombination,13382.763162863983,2:2:4:4:4:2:2:4:2,3:2:4:4:4:2:3:4:2,MUTATE
3:2:4:4:4:1:1:1:3:,clone,13420.35199014537,3:2:4:4:4:1:1:1:3
4:2:4:4:4:2:3:4:3:,recombination,15031.409181429859,3:2:4:4:4:0:1:0:3,4:3:4:4:4:3:4:4:4
3:2:4:4:4:1:1:3:3:,recombination,12802.008200698896,3:2:4:4:4:1:2:4:3,3:2:4:4:4:1:1:1:3
4:3:4:4:4:0:1:2:4:,recombination,12164.85201562115,4:2:4:4:4:0:1:2:4,4:4:4:4:4:1:2:4:4,MUTATE
2:2:4:4:4:0:0:1:3:,recombination,12988.928276853725,3:2:4:4:4:1:1:1:3,4:2:4:4:4:0:1:2:4,MUTATE
3:2:4:4:4:2:2:4:3:,clone,13604.545475282672,3:2:4:4:4:2:3:4:3
4:2:4:4:4:0:1:2:4:,clone,12135.953935481723,4:2:4:4:4:0:1:2:4
4:3:4:4:4:3:3:4:4:,clone,14344.951167304744,4:3:4:4:4:3:3:4:4
3:2:4:4:4:1:1:1:3:,clone,12490.536731848362,3:2:4:4:4:1:1:2:3
4:3:4:4:4:1:2:4:4:,clone,12467.20332892895,4:3:4:4:4:1:2:4:4
4:2:4:4:4:3:4:4:3:,recombination,17650.558013870956,1:2:4:4:4:2:3:4:1,4:3:4:4:4:2:3:4:4,MUTATE
4:2:4:4:4:2:3:4:4:,recombination,15419.207163343735,3:2:4:4:4:0:1:0:3,4:3:4:4:4:3:4:4:4,MUTATE
4:4:4:4:4:1:2:4:4:,recombination,12113.665400641381,4:2:4:4:4:0:0:1:4,4:4:4:4:4:2:2:4:4
4:2:4:4:4:2:2:4:4:,recombination,15000.91687529711,2:2:4:4:4:2:3:4:2,4:3:4:4:4:2:3:4:4,MUTATE
4:2:4:4:4:1:2:4:4:,recombination,14668.672724131666,4:3:4:4:4:4:4:4:4,2:2:4:4:4:1:1:3:2
3:2:4:4:4:0:1:1:3:,clone,11985.661765095369,3:2:4:4:4:1:2:3:3
3:2:4:4:4:0:1:2:3:,clone,12194.35728729313,3:2:4:4:4:0:1:1:3
4:2:4:4:4:2:2:4:4:,recombination,14047.76193120543,4:4:4:4:4:3:3:4:4,3:2:4:4:4:1:2:4:3,MUTATE
4:4:4:4:4:3:2:4:4:,clone,15941.959284820856,4:4:4:4:4:3:2:4:4
4:2:4:4:4:2:2:4:4:,recombination,13812.89168972806,4:2:4:4:4:2:2:4:4,2:1:4:4:4:2:2:4:2
4:2:4:4:4:0:0:3:4:,recombination,12331.61912767317,4:4:4:4:4:1:2:4:4,2:2:4:4:4:1:2:3:2
4:4:4:4:4:3:3:4:4:,recombination,14495.849229756823,4:4:4:4:4:3:3:4:4,4:4:4:4:4:0:1:4:4,MUTATE
4:2:4:4:4:1:1:4:4:,recombination,12808.416337596245,4:2:4:4:4:0:0:3:4,3:2:4:4:4:0:1:1:3
4:3:4:4:4:3:3:4:4:,clone,13996.313680909252,4:3:4:4:4:3:3:4:4
4:2:4:4:4:1:2:4:4:,recombination,12492.743966432703,3:2:4:4:4:0:1:1:3,4:3:4:4:4:1:2:4:4,MUTATE
4:2:4:4:4:1:1:2:4:,clone,12214.867785601997,4:2:4:4:4:1:1:2:4
4:2:4:4:4:2:3:4:4:,clone,14889.155016122984,4:2:4:4:4:2:3:4:4
4:2:4:4:4:2:3:4:4:,recombination,13984.494667685001,4:2:4:4:4:1:2:4:4,4:3:4:4:4:3:4:4:4,MUTATE
1:2:4:4:4:2:3:4:1:,recombination,17197.78530955734,3:2:4:4:4:0:0:1:4,1:2:4:4:4:2:3:4:1
4:2:4:4:4:1:2:2:4:,clone,12180.497490958523,3:2:4:4:4:1:2:2:3
2:2:4:4:4:2:3:4:2:,recombination,15170.972138901296,2:2:4:4:4:2:3:4:2,2:2:4:4:4:2:2:4:2
4:2:4:4:4:1:1:3:4:,recombination,13041.838541894373,4:3:4:4:4:1:2:4:4,3:2:4:4:4:1:1:3:3
3:2:4:4:4:2:2:3:3:,recombination,13492.658916083165,4:2:4:4:4:1:2:2:4,2:2:4:4:4:2:2:4:2,MUTATE
4:4:4:4:4:1:1:3:4:,clone,12998.970558058738,4:4:4:4:4:0:1:3:4
4:4:4:4:4:1:2:4:4:,clone,11949.68685744296,4:4:4:4:4:1:2:4:4
4:2:4:4:4:1:2:3:4:,recombination,12846.437639723434,3:2:4:4:4:1:2:3:3,4:4:4:4:4:2:2:4:4,MUTATE
4:2:4:4:4:1:2:3:4:,clone,12532.336695277394,3:2:4:4:4:1:2:3:3
4:4:4:4:4:2:2:4:4:,clone,12674.75285795283,4:4:4:4:4:2:2:4:4
4:2:4:4:4:1:1:3:4:,clone,12447.591058653743,4:2:4:4:4:1:2:3:4
4:2:4:4:4:1:2:4:4:,clone,12096.225843533151,4:2:4:4:4:1:2:4:4
4:2:4:4:4:0:0:0:4:,clone,11935.412317671726,3:2:4:4:4:0:0:0:4
4:3:4:4:4:0:1:3:4:,clone,12337.060120398937,4:3:4:4:4:0:1:3:4
4:2:4:4:4:2:3:4:4:,clone,13330.081211388273,4:2:4:4:4:2:3:4:4
4:2:4:4:4:2:2:4:4:,clone,12838.93598449882,4:2:4:4:4:1:2:4:4
4:3:4:4:4:0:1:3:4:,clone,12199.167213127916,4:3:4:4:4:0:1:3:4
4:4:4:4:4:2:1:4:4:,clone,16316.375371945926,4:4:4:4:4:2:1:4:4
3:2:4:4:4:3:4:4:3:,recombination,17077.142888739054,4:3:4:4:4:2:3:4:4,2:2:4:4:4:3:3:4:2
4:3:4:4:4:2:2:4:4:,clone,12872.594436488582,4:3:4:4:4:2:2:4:4
2:2:4:4:4:2:3:4:2:,recombination,15097.61157447749,1:2:4:4:4:2:3:4:1,4:2:4:4:4:1:1:2:4
3:2:4:4:4:1:1:4:3:,recombination,14028.58046054071,4:3:4:4:4:3:3:4:4,2:2:4:4:4:1:2:3:2,MUTATE
4:2:4:4:4:0:0:0:4:,clone,11717.078761357341,4:2:4:4:4:0:0:0:4
4:3:4:4:4:2:3:4:4:,recombination,13517.638179208298,4:3:4:4:4:3:3:4:4,3:2:4:4:4:0:1:2:3,MUTATE
4:2:4:4:4:2:2:4:4:,recombination,12668.1776735715,4:4:4:4:4:2:2:4:4,4:2:4:4:4:2:2:4:4
3:2:4:4:4:0:1:0:3:,recombination,12252.559414397174,3:2:4:4:4:1:1:1:3,3:2:4:4:4:0:0:0:3
4:2:4:4:4:0:1:2:4:,recombination,11660.644974805753,3:2:4:4:4:1:1:2:3,4:2:4:4:4:1:2:4:4,MUTATE
4:3:4:4:4:1:1:4:4:,recombination,11413.427551207851,4:4:4:4:4:1:2:4:4,2:2:4:4:4:0:0:1:3,MUTATE
4:2:4:4:4:0:0:3:4:,clone,12145.120806043416,4:2:4:4:4:0:0:3:4
3:2:4:4:4:0:0:1:4:,clone,11058.959394138781,3:2:4:4:4:1:1:2:3
4:2:4:4:4:0:1:4:4:,recombination,13694.093114827394,3:2:4:4:4:1:2:3:3,4:2:4:4:4:0:0:1:4,MUTATE
2:2:4:4:4:1:1:3:2:,clone,13967.86981018092,2:2:4:4:4:1:2:3:2
4:3:4:4:4:1:1:3:4:,clone,13713.241590528567,4:3:4:4:4:1:1:3:4
4:3:4:4:4:3:4:4:4:,clone,15614.339640072398,4:3:4:4:4:3:4:4:4
3:2:4:4:4:1:1:1:4:,clone,12618.345061229094,3:2:4:4:4:1:1:1:3
4:2:4:4:4:1:1:3:4:,recombination,11745.856712943478,1:2:4:4:4:2:3:4:1,4:2:4:4:4:0:1:2:4
4:3:4:4:4:0:1:4:4:,clone,10678.999152201033,4:3:4:4:4:0:1:4:4
4:3:4:4:4:3:2:4:4:,recombination,14835.019760563458,4:4:4:4:4:3:2:4:4,4:4:4:4:4:2:2:4:4,MUTATE
4:4:4:4:4:0:0:0:4:,clone,12251.603587733887,4:4:4:4:4:0:0:0:4
4:2:4:4:4:0:1:3:4:,recombination,13432.595040442638,4:2:4:4:4:0:1:1:4,4:2:4:4:4:1:1:3:4
4:2:4:4:4:0:0:1:4:,recombination,10805.551556870798,3:2:4:4:4:1:1:2:3,3:2:4:4:4:1:2:3:3
4:2:4:4:4:3:3:4:4:,clone,15103.870215186389,4:2:4:4:4:3:3:4:4
4:2:4:4:4:0:0:1:4:,clone,10733.755549551286,4:2:4:4:4:0:0:1:4
3:2:4:4:4:0:0:1:4:,recombination,10808.073697049416,3:2:4:4:4:0:0:1:4,4:2:4:4:4:0:0:0:4
1:2:4:4:4:2:2:4:1:,clone,18030.289968500605,1:2:4:4:4:2:3:4:1
4:2:4:4:4:1:1:2:4:,clone,11458.880108343112,3:2:4:4:4:1:1:2:3
4:4:4:4:4:2:1:4:4:,recombination,15913.546506029405,4:4:4:4:4:2:1:4:4,4:3:4:4:4:0:1:2:4
4:2:4:4:4:1:2:3:4:,recombination,12238.299021836654,3:2:4:4:4:1:2:4:3,3:2:4:4:4:0:1:2:3
4:3:4:4:4:1:2:4:4:,recombination,12343.127111116259,3:2:4:4:4:1:1:1:4,4:2:4:4:4:2:2:4:4
4:3:4:4:4:1:1:3:4:,recombination,12816.504810343127,3:2:4:4:4:1:1:1:3,4:4:4:4:4:0:0:4:4,MUTATE
4:3:4:4:4:1:1:4:4:,clone,11123.068535655202,4:3:4:4:4:0:1:4:4
4:2:4:4:4:1:1:2:4:,clone,11373.614538706965,4:2:4:4:4:1:1:2:4
4:3:4:4:4:1:1:4:4:,clone,11031.878135042518,4:3:4:4:4:1:1:4:4
4:2:4:4:4:1:2:4:4:,recombination,11859.111936878795,4:2:4:4:4:1:1:3:4,4:3:4:4:4:1:1:4:4,MUTATE
3:2:4:4:4:2:2:4:3:,clone,13231.756240676381,3:2:4:4:4:2:2:4:3
4:4:4:4:4:1:1:2:4:,recombination,13181.438617435579,4:2:4:4:4:0:0:1:4,4:4:4:4:4:0:0:0:4
3:2:4:4:4:2:2:4:3:,recombination,12591.82553617738,4:2:4:4:4:1:1:2:4,3:2:4:4:4:1:1:2:3,MUTATE
4:2:4:4:4:1:2:3:4:,clone,12183.179397806085,4:2:4:4:4:1:2:3:4
3:2:4:4:4:1:2:4:3:,clone,12464.109488552414,3:2:4:4:4:2:2:4:3
3:2:4:4:4:2:3:4:2:,recombination,16256.194134140333,3:2:4:4:4:0:1:2:3,2:2:4:4:4:3:3:4:2,MUTATE
3:2:4:4:4:2:3:3:3:,clone,15600.8791869677,3:2:4:4:4:2:3:3:3
4:3:4:4:4:2:2:4:4:,clone,12825.359311988002,4:3:4:4:4:2:2:4:4
4:3:4:4:4:1:2:4:4:,clone,12133.375048069749,4:3:4:4:4:1:1:4:4
3:2:4:4:4:3:3:4:2:,clone,16678.193339749367,3:2:4:4:4:2:3:4:2
4:3:4:4:4:1:2:4:4:,recombination,12031.881495666552,4:4:4:4:4:3:3:4:4,3:2:4:4:4:1:2:4:3,MUTATE
4:3:4:4:4:1:1:2:4:,recombination,13055.259991603762,3:2:4:4:4:0:1:0:3,4:4:4:4:4:0:1:4:4
4:2:4:4:4:2:2:4:4:,recombination,12451.94776019935,4:2:4:4:4:0:1:2:4,3:2:4:4:4:1:2:4:3,MUTATE
4:3:4:4:4:2:2:4:4:,recombination,12610.679655176229,4:2:4:4:4:0:0:1:4,4:4:4:4:4:1:2:4:4
4:2:4:4:4:1:1:4:4:,recombination,12745.21829081701,4:3:4:4:4:1:1:4:4,3:2:4:4:4:1:2:3:3
4:2:4:4:4:1:1:4:4:,clone,12608.78756660189,4:2:4:4:4:1:1:4:4
4:2:4:4:4:2:2:4:4:,clone,12428.575450279637,4:2:4:4:4:1:2:4:4
4:2:4:4:4:2:2:4:4:,recombination,12257.991906822288,3:2:4:4:4:0:0:1:4,4:4:4:4:4:2:2:4:4,MUTATE
4:3:4:4:4:1:2:3:4:,recombination,12211.507673441345,4:4:4:4:4:0:1:3:4,4:2:4:4:4:0:0:1:4
3:2:4:4:4:3:3:4:2:,recombination,16649.47158446799,3:2:4:4:4:2:3:4:3,3:2:4:4:4:1:1:1:3
2:1:4:4:4:1:1:2:2:,clone,13604.656143578508,3:1:4:4:4:1:1:1:3
4:4:4:4:4:0:0:1:4:,recombination,12534.261142644751,3:2:4:4:4:1:2:3:3,4:4:4:4:4:3:3:4:4
4:2:4:4:4:1:2:3:4:,clone,11693.027218203706,4:2:4:4:4:1:2:3:4
4:2:4:4:4:0:1:3:4:,recombination,12326.128559048659,3:2:4:4:4:1:1:1:3,4:4:4:4:4:2:2:4:4,MUTATE
4:2:4:4:4:2:3:4:4:,clone,13107.417200277769,4:2:4:4:4:2:2:4:4
2:2:4:4:4:3:3:4:2:,recombination,16102.407992126682,4:2:4:4:4:1:2:3:4,3:2:4:4:4:2:3:4:2
4:2:4:4:4:2:3:4:4:,clone,12271.841774210021,4:2:4:4:4:2:3:4:4
4:3:4:4:4:2:3:4:4:,clone,13320.15695981363,4:3:4:4:4:2:3:4:4
4:2:4:4:4:2:2:4:4:,clone,12181.540606055421,4:2:4:4:4:2:2:4:4
3:2:4:4:4:2:3:4:3:,clone,13184.569515159028,3:2:4:4:4:2:3:4:3
3:2:4:4:4:3:3:4:3:,recombination,16017.389986934675,3:2:4:4:4:0:0:1:4,3:2:4:4:4:3:4:4:3
4:4:4:4:4:3:2:4:4:,recombination,14540.155097594974,4:3:4:4:4:3:2:4:4,4:4:4:4:4:0:0:4:4,MUTATE
2:2:4:4:4:3:3:4:2:,clone,15866.303836342737,2:2:4:4:4:3:3:4:2
4:2:4:4:4:2:2:4:4:,clone,12147.949588092333,4:2:4:4:4:2:2:4:4
2:2:4:4:4:3:3:4:2:,clone,15071.789989593446,2:2:4:4:4:2:3:4:2
4:2:4:4:4:2:2:4:4:,clone,11967.773426244063,4:2:4:4:4:2:2:4:4
4:3:4:4:4:4:4:4:4:,clone,16752.52533446135,4:3:4:4:4:4:4:4:4
4:3:4:4:4:2:3:4:4:,recombination,13177.179918860737,4:3:4:4:4:1:2:4:4,3:2:4:4:4:0:1:2:3,MUTATE
4:2:4:4:4:2:2:4:4:,clone,11821.685844690897,4:2:4:4:4:2:2:4:4
4:2:4:4:4:2:2:4:4:,clone,11762.560814531762,4:2:4:4:4:2:2:4:4
4:3:4:4:4:3:3:4:4:,clone,13654.833888029181,4:3:4:4:4:3:3:4:4
4:3:4:4:4:4:4:4:4:,clone,16621.482640279388,4:3:4:4:4:4:4:4:4
4:2:4:4:4:3:3:4:4:,recombination,14719.017304749776,4:4:4:4:4:1:2:4:4,3:2:4:4:4:1:1:2:3
3:2:4:4:4:1:1:4:3:,recombination,14006.735226924391,3:2:4:4:4:2:2:4:3,2:2:4:4:4:2:3:4:2,MUTATE
3:2:4:4:4:3:3:4:2:,clone,15558.800966088327,3:2:4:4:4:3:3:4:3
3:2:4:4:4:3:3:4:3:,clone,15673.220669153503,3:2:4:4:4:3:3:4:3
4:2:4:4:4:3:4:4:3:,clone,17599.881350649503,4:2:4:4:4:3:4:4:3
4:3:4:4:4:3:3:4:4:,clone,13608.175156895224,4:3:4:4:4:3:3:4:4
4:2:4:4:4:1:1:4:4:,recombination,11466.06840444934,4:4:4:4:4:2:3:4:4,4:2:4:4:4:0:0:1:4,MUTATE
4:2:4:4:4:3:3:4:4:,clone,13548.211956479643,4:3:4:4:4:2:3:4:4
3:2:4:4:4:3:3:4:3:,recombination,15649.295838971735,2:2:4:4:4:1:2:4:2,3:2:4:4:4:1:1:3:3,MUTATE
4:3:4:4:4:3:4:4:4:,clone,15589.757318498487,4:3:4:4:4:3:4:4:4
4:2:4:4:4:1:2:4:4:,clone,11524.555657268602,4:2:4:4:4:2:2:4:4
4:3:4:4:4:0:0:1:4:,recombination,11653.91305810704,4:4:4:4:4:1:1:3:4,3:2:4:4:4:0:0:0:3
4:2:4:4:4:4:4:4:4:,clone,15589.757318498487,4:3:4:4:4:3:4:4:4
3:2:4:4:4:2:2:2:3:,clone,13605.34417325354,3:2:4:4:4:2:2:2:3
3:2:4:4:4:3:3:4:3:,recombination,15163.882129116919,2:2:4:4:4:2:3:4:2,4:2:4:4:4:0:0:3:4,MUTATE
4:2:4:4:4:1:1:4:4:,clone,11115.429680885552,4:2:4:4:4:1:1:4:4
3:2:4:4:4:3:3:4:3:,recombination,14993.809431584728,3:2:4:4:4:3:3:4:2,4:2:4:4:4:1:1:2:4
4:2:4:4:4:1:1:4:4:,clone,11070.345062752456,4:2:4:4:4:1:1:4:4
4:2:4:4:4:3:3:4:3:,recombination,15451.109595921911,2:2:4:4:4:1:2:4:2,4:3:4:4:4:3:2:4:4
4:2:4:4:4:3:3:4:4:,clone,13092.693995900072,4:2:4:4:4:2:3:4:4
4:2:4:4:4:1:2:4:4:,clone,11232.165415649959,4:2:4:4:4:1:2:4:4
4:2:4:4:4:3:4:4:4:,clone,15308.135560374365,4:2:4:4:4:4:4:4:4
4:2:4:4:4:3:4:4:3:,clone,17191.18258399934,4:2:4:4:4:3:4:4:3
4:3:4:4:4:3:3:4:4:,recombination,13315.426889869286,4:3:4:4:4:3:3:4:4,4:4:4:4:4:3:2:4:4
4:2:4:4:4:3:4:4:3:,recombination,16163.461345320098,2:2:4:4:4:2:3:4:2,4:3:4:4:4:3:3:4:4
4:3:4:4:4:2:3:4:4:,clone,13148.321317891772,4:3:4:4:4:2:3:4:4
4:4:4:4:4:2:3:4:4:,recombination,13684.665955715713,4:3:4:4:4:1:2:4:4,4:3:4:4:4:3:3:4:4
4:3:4:4:4:3:3:4:4:,clone,13198.531086533978,4:3:4:4:4:3:3:4:4
4:2:4:4:4:1:2:4:4:,clone,10996.832110663461,4:2:4:4:4:1:2:4:4
4:3:4:4:4:2:3:4:4:,recombination,12976.034308444508,4:3:4:4:4:2:3:4:4,4:4:4:4:4:1:2:4:4,MUTATE
4:2:4:4:4:2:3:4:3:,clone,13830.127873014508,3:2:4:4:4:2:3:4:3
4:3:4:4:4:1:2:4:4:,clone,11911.275204735026,4:3:4:4:4:1:2:4:4
3:2:4:4:4:3:4:4:2:,clone,15700.680359952661,3:2:4:4:4:3:3:4:3
4:3:4:4:4:2:2:4:4:,recombination,12272.193954255448,4:3:4:4:4:1:1:4:4,2:2:4:4:4:1:2:4:2,MUTATE
4:4:4:4:4:0:0:2:4:,recombination,12948.453344573987,4:4:4:4:4:3:3:4:4,2:2:4:4:4:3:3:4:2,MUTATE
4:2:4:4:4:3:4:4:3:,clone,15200.305014012432,3:2:4:4:4:3:4:4:3
4:2:4:4:4:0:1:1:4:,clone,11542.020341999,4:2:4:4:4:1:1:2:4
4:2:4:4:4:0:1:2:4:,clone,11572.066303448983,4:2:4:4:4:1:1:2:4
3:2:4:4:4:3:4:4:3:,recombination,15457.409097840751,3:2:4:4:4:3:3:4:2,2:2:4:4:4:1:2:4:2,MUTATE
4:2:4:4:4:2:2:3:4:,recombination,14997.208172366974,4:2:4:4:4:0:1:3:4,2:2:4:4:4:3:3:4:1,MUTATE
3:2:4:4:4:3:4:4:3:,clone,15200.305014012432,4:2:4:4:4:3:4:4:3
4:2:4:4:4:1:1:3:4:,recombination,11677.159311727715,3:2:4:4:4:1:1:3:3,3:2:4:4:4:0:0:0:4,MUTATE
4:3:4:4:4:1:1:3:4:,recombination,12576.347715864877,4:3:4:4:4:0:0:1:4,3:2:4:4:4:3:4:4:3
4:4:4:4:4:0:1:2:4:,recombination,14200.644929432456,4:4:4:4:4:0:0:0:4,3:2:4:4:4:3:3:4:2,MUTATE
3:2:4:4:4:3:4:4:2:,clone,14766.357138066784,3:2:4:4:4:3:4:4:2
4:3:4:4:4:3:4:4:4:,clone,15469.458086508546,4:3:4:4:4:3:3:4:4
2:2:4:4:4:4:4:4:2:,clone,16011.354681550076,2:2:4:4:4:4:4:4:2
4:4:4:4:4:0:0:3:4:,recombination,13157.406265377089,4:4:4:4:4:0:0:2:4,4:2:4:4:4:2:3:4:3
3:2:4:4:4:1:1:4:3:,clone,13705.023917243969,3:2:4:4:4:1:1:4:3
4:3:4:4:4:2:2:4:4:,clone,12125.33463754358,4:3:4:4:4:2:2:4:4
4:3:4:4:4:2:2:4:4:,clone,11831.063042280159,4:3:4:4:4:2:2:4:4
4:2:4:4:4:1:1:3:4:,recombination,11602.19468116405,4:2:4:4:4:1:1:3:4,3:2:4:4:4:3:4:4:3
3:2:4:4:4:1:1:4:3:,recombination,13688.351796536874,3:2:4:4:4:1:1:4:3,4:4:4:4:4:3:2:4:4
4:2:4:4:4:4:4:4:3:,recombination,17102.08180692961,4:4:4:4:4:1:2:4:4,4:2:4:4:4:3:4:4:3,MUTATE
4:2:4:4:4:0:1:2:4:,clone,11467.815730858245,4:2:4:4:4:1:2:3:4
4:2:4:4:4:0:1:3:4:,recombination,11487.274790866795,4:2:4:4:4:0:1:2:4,4:2:4:4:4:0:1:2:4,MUTATE
4:2:4:4:4:3:4:4:4:,clone,15243.278999032858,4:2:4:4:4:3:4:4:4
4:4:4:4:4:0:1:2:4:,clone,13891.25820488196,4:4:4:4:4:0:0:2:4
2:2:4:4:4:3:4:4:1:,recombination,16994.353671443125,3:2:4:4:4:2:2:4:3,2:2:4:4:4:3:3:4:2,MUTATE
4:2:4:4:4:1:1:1:4:,recombination,13450.221304617478,3:2:4:4:4:0:0:1:3,4:2:4:4:4:2:2:4:4
4:4:4:4:4:0:0:2:4:,clone,12935.519781906936,4:4:4:4:4:0:1:2:4
4:2:4:4:4:1:1:3:4:,clone,11358.330660129983,4:2:4:4:4:1:1:3:4
4:3:4:4:4:4:4:4:4:,clone,16013.98469732452,4:3:4:4:4:3:4:4:4
4:4:4:4:4:0:0:2:4:,clone,12723.006451529038,4:4:4:4:4:0:0:2:4
4:2:4:4:4:3:3:4:3:,recombination,15257.936460842071,4:2:4:4:4:1:1:2:4,3:2:4:4:4:1:1:3:3
4:3:4:4:4:3:4:4:4:,clone,15394.575551308339,4:3:4:4:4:3:4:4:4
4:2:4:4:4:0:1:1:4:,recombination,11446.766061025524,3:2:4:4:4:0:0:0:4,4:4:4:4:4:1:2:4:4
3:2:4:4:4:4:4:4:2:,recombination,17126.181063996344,4:2:4:4:4:1:1:2:4,4:2:4:4:4:4:4:4:3,MUTATE
2:2:4:4:4:3:4:4:2:,clone,15945.61496611162,2:2:4:4:4:3:4:4:2
3:2:4:4:4:3:3:4:3:,recombination,14750.459605815046,4:3:4:4:4:3:3:4:4,1:2:4:4:4:2:2:4:1
4:3:4:4:4:4:3:4:4:,clone,15245.709190370064,4:3:4:4:4:3:4:4:4
4:3:4:4:4:0:0:2:4:,clone,13403.651616500618,4:2:4:4:4:1:2:4:4
4:2:4:4:4:0:1:2:4:,recombination,11409.867268117867,3:2:4:4:4:0:1:2:3,2:1:4:4:4:1:1:2:2
4:2:4:4:4:0:1:2:4:,clone,11382.895508905292,4:2:4:4:4:0:1:2:4
3:2:4:4:4:2:2:3:3:,clone,13476.520680072608,3:2:4:4:4:2:2:2:3
4:3:4:4:4:4:4:4:4:,clone,15730.636720866401,4:3:4:4:4:3:4:4:4
4:2:4:4:4:2:3:4:3:,recombination,13817.90744560325,4:2:4:4:4:2:2:4:4,3:2:4:4:4:2:2:3:3
2:1:4:4:4:2:3:3:2:,recombination,16022.001247178934,2:1:4:4:4:2:3:3:2,3:2:4:4:4:1:2:2:3
4:3:4:4:4:0:1:1:4:,recombination,12423.914081592773,4:2:4:4:4:0:0:0:4,2:2:4:4:4:0:0:1:3
4:3:4:4:4:0:0:2:4:,recombination,11934.390756824976,4:4:4:4:4:0:1:3:4,3:2:4:4:4:0:0:0:3,MUTATE
4:2:4:4:4:3:3:4:3:,recombination,13956.171331910315,4:2:4:4:4:1:2:4:4,2:2:4:4:4:1:2:3:2,MUTATE
4:2:4:4:4:2:2:4:3:,recombination,14106.797473702254,4:2:4:4:4:1:2:4:4,4:4:4:4:4:0:1:2:4
3:2:4:4:4:2:3:3:3:,recombination,13589.2838863623,3:2:4:4:4:2:2:3:3,4:3:4:4:4:4:4:4:4,MUTATE
4:3:4:4:4:3:4:4:4:,recombination,15241.716790657521,3:2:4:4:4:1:1:2:3,4:2:4:4:4:3:4:4:4
4:4:4:4:4:0:1:2:4:,recombination,12392.421420376932,3:2:4:4:4:0:0:0:4,4:4:4:4:4:3:3:4:4,MUTATE
4:2:4:4:4:4:4:4:2:,recombination,16922.661130701057,4:2:4:4:4:3:3:4:4,3:2:4:4:4:0:0:1:4
4:2:4:4:4:4:4:4:3:,clone,16345.895412319263,4:2:4:4:4:4:4:4:3
4:3:4:4:4:1:1:3:4:,recombination,11918.394236739814,3:2:4:4:4:2:3:3:3,4:4:4:4:4:1:1:4:4
3:2:4:4:4:1:1:3:3:,clone,12116.107332323123,4:2:4:4:4:0:1:2:4
4:2:4:4:4:4:4:4:3:,clone,16325.55001905379,4:2:4:4:4:4:4:4:3
4:3:4:4:4:0:1:3:4:,recombination,12105.481250193938,4:2:4:4:4:0:1:2:4,4:4:4:4:4:3:3:4:4
3:2:4:4:4:1:2:3:3:,clone,12404.432353657923,3:2:4:4:4:1:1:3:3
4:2:4:4:4:3:4:4:3:,recombination,15178.738284991465,4:2:4:4:4:4:4:4:3,4:2:4:4:4:2:2:4:4,MUTATE
4:3:4:4:4:0:0:0:4:,recombination,12563.263797899506,4:4:4:4:4:3:3:4:4,2:2:4:4:4:1:2:3:2
4:2:4:4:4:0:1:2:4:,clone,11250.058959838361,4:2:4:4:4:0:1:2:4
3:2:4:4:4:3:4:4:3:,clone,14756.038536417474,3:2:4:4:4:3:4:4:3
2:2:4:4:4:1:2:2:2:,clone,15186.101692128797,2:2:4:4:4:0:1:1:3
2:2:4:4:4:4:4:4:1:,clone,17191.333010398124,3:2:4:4:4:4:4:4:2
3:2:4:4:4:4:4:4:1:,clone,17169.887281767456,3:2:4:4:4:4:4:4:1
3:2:4:4:4:4:4:4:2:,recombination,17095.154395487036,3:2:4:4:4:3:4:4:3,3:2:4:4:4:4:4:4:2
4:2:4:4:4:2:2:2:4:,recombination,13812.314984977582,3:2:4:4:4:2:2:2:3,2:2:4:4:4:0:0:1:3,MUTATE
2:2:4:4:4:3:3:4:1:,recombination,16515.95728914514,4:2:4:4:4:2:3:4:4,2:1:4:4:4:2:3:3:2,MUTATE
3:2:4:4:4:3:3:4:2:,clone,15100.921856262565,2:2:4:4:4:3:3:4:2
4:3:4:4:4:0:1:2:4:,clone,12125.01901687667,4:3:4:4:4:0:1:2:4
4:2:4:4:4:4:4:4:3:,recombination,16144.375898824705,4:4:4:4:4:1:1:4:4,4:3:4:4:4:3:4:4:4
4:2:4:4:4:2:3:3:4:,clone,13729.644379600897,4:2:4:4:4:2:3:3:4
3:2:4:4:4:4:4:4:2:,clone,16973.985447056602,2:2:4:4:4:4:4:4:1
3:2:4:4:4:2:2:4:2:,recombination,13610.428063632675,4:2:4:4:4:3:3:4:3,3:2:4:4:4:0:0:1:3,MUTATE
4:2:4:4:4:4:4:4:3:,recombination,15372.351626175108,4:2:4:4:4:0:0:1:4,4:4:4:4:4:1:2:4:4
3:2:4:4:4:4:4:4:2:,recombination,16701.321224745072,3:2:4:4:4:1:1:2:3,3:2:4:4:4:1:1:1:4
2:2:4:4:4:3:4:4:1:,recombination,16491.966022546818,4:2:4:4:4:3:3:4:4,3:2:4:4:4:0:0:1:3,MUTATE
2:2:4:4:4:3:4:4:2:,clone,15623.913900123805,3:2:4:4:4:3:4:4:2
3:2:4:4:4:4:4:4:2:,clone,16425.670413776945,3:2:4:4:4:4:4:4:2
4:4:4:4:4:2:1:4:4:,recombination,15776.74240252957,4:4:4:4:4:2:1:4:4,4:3:4:4:4:1:2:4:4,MUTATE
3:2:4:4:4:4:4:4:2:,recombination,16365.392629996531,4:3:4:4:4:3:3:4:4,3:2:4:4:4:4:4:4:2
4:2:4:4:4:2:2:3:4:,clone,13377.812907718202,4:2:4:4:4:2:2:2:4
3:2:4:4:4:4:4:4:1:,recombination,16254.106455008747,4:2:4:4:4:1:2:4:4,4:2:4:4:4:3:4:4:3,MUTATE
4:2:4:4:4:4:4:4:2:,clone,16856.835524769765,4:2:4:4:4:4:4:4:3
4:2:4:4:4:4:4:4:2:,recombination,16052.845058618428,4:2:4:4:4:1:1:4:4,4:4:4:4:4:1:2:4:4,MUTATE
3:2:4:4:4:3:4:4:3:,clone,14621.772125818645,3:2:4:4:4:3:4:4:3
2:2:4:4:4:3:3:4:1:,clone,16350.969029854832,2:2:4:4:4:3:3:4:1
4:2:4:4:4:3:4:4:3:,clone,15156.15589951098,3:2:4:4:4:3:4:4:3
4:2:4:4:4:3:4:4:3:,recombination,14855.965750270132,4:3:4:4:4:1:2:4:4,4:2:4:4:4:3:4:4:3
3:2:4:4:4:4:4:4:2:,clone,16014.065870025093,3:2:4:4:4:4:4:4:2
3:2:4:4:4:3:3:4:2:,recombination,14495.120069951436,3:2:4:4:4:2:3:4:3,4:2:4:4:4:2:2:4:3,MUTATE
3:2:4:4:4:2:3:4:2:,recombination,15392.099875632599,4:4:4:4:4:1:2:4:4,2:2:4:4:4:2:3:4:1
2:2:4:4:4:3:4:4:1:,clone,16097.093618104893,2:2:4:4:4:3:3:4:1
4:4:4:4:4:0:0:2:4:,recombination,12432.322710355793,4:4:4:4:4:3:2:4:4,4:4:4:4:4:3:3:4:4,MUTATE
4:4:4:4:4:0:0:3:4:,clone,12408.731137382132,4:4:4:4:4:0:0:3:4
4:3:4:4:4:0:0:3:4:,clone,12616.35571211974,4:3:4:4:4:0:1:3:4
3:2:4:4:4:4:4:4:2:,recombination,15570.2967076343,3:2:4:4:4:4:4:4:2,2:2:4:4:4:1:2:4:2,MUTATE
2:2:4:4:4:3:4:4:1:,clone,14863.805947043891,2:2:4:4:4:3:4:4:1
4:3:4:4:4:0:0:3:4:,recombination,12367.276253009735,2:2:4:4:4:2:2:4:2,4:3:4:4:4:0:0:3:4
4:2:4:4:4:0:0:2:4:,clone,12953.670491350931,4:2:4:4:4:0:1:2:4
2:2:4:4:3:4:4:4:1:,recombination,18602.978534001304,4:4:4:4:4:2:3:4:4,3:2:4:4:4:0:1:2:3,MUTATE
4:3:4:4:4:0:0:2:4:,recombination,11864.663537638771,4:3:4:4:4:0:0:2:4,2:2:4:4:4:0:1:1:3
4:4:4:4:4:0:0:1:4:,recombination,12335.107089110443,4:3:4:4:4:0:0:1:4,4:3:4:4:4:0:0:0:4
4:2:4:4:4:4:4:4:4:,clone,15495.123554155738,4:2:4:4:4:4:4:4:4
3:2:4:4:4:2:3:4:2:,recombination,14860.429857888443,3:2:4:4:4:2:3:4:2,4:3:4:4:4:2:3:4:4
3:2:4:4:4:3:3:4:2:,recombination,14401.506444076806,4:4:4:4:4:3:2:4:4,3:2:4:4:4:3:3:4:3
4:2:4:4:4:4:4:4:4:,clone,15339.398451979074,4:2:4:4:4:4:4:4:4
4:4:4:4:4:0:0:2:4:,recombination,12063.753756187092,4:4:4:4:4:0:0:1:4,4:3:4:4:4:0:1:2:4,MUTATE
4:2:4:4:4:3:4:4:4:,recombination,15061.45391335122,4:2:4:4:4:3:4:4:4,3:2:4:4:4:1:1:2:3
4:2:4:4:4:4:4:4:2:,recombination,15699.348547151847,4:3:4:4:4:4:4:4:4,3:2:4:4:4:3:3:4:2
4:3:4:4:4:4:4:4:3:,recombination,17025.18125815938,3:2:4:4:4:2:2:4:2,4:3:4:4:4:3:3:4:4
4:2:4:4:4:4:4:4:4:,recombination,15033.473218949906,4:3:4:4:4:3:4:4:4,4:3:4:4:4:3:4:4:4
4:2:4:4:4:3:4:4:3:,recombination,14278.917959318398,4:3:4:4:4:3:3:4:4,2:2:4:4:4:4:4:4:2,MUTATE
4:4:4:4:4:0:0:0:4:,clone,11997.249441812957,4:4:4:4:4:0:0:0:4
2:2:4:4:4:4:4:4:1:,clone,16635.374533889382,2:2:4:4:4:4:4:4:1
1:2:4:4:0:4:4:4:0:,clone,17732.58724569228,4:2:4:4:4:3:3:4:4
2:2:4:4:3:4:4:4:1:,recombination,17151.067009489976,4:3:4:4:4:2:3:4:4,4:2:4:4:4:3:4:4:3,MUTATE
4:2:4:4:4:4:4:4:4:,recombination,14790.190387388111,4:2:4:4:4:4:4:4:4,4:2:4:4:4:4:4:4:4,MUTATE
4:3:4:4:4:1:1:3:4:,clone,11818.2440379996,4:3:4:4:4:1:1:3:4
2:2:4:4:4:4:4:4:1:,recombination,16533.230408262887,4:2:4:4:4:1:1:3:4,3:2:4:4:4:1:1:1:3
2:2:4:4:3:4:4:4:1:,clone,16830.351755976375,2:2:4:4:3:4:4:4:1
2:2:4:4:1:4:4:4:0:,recombination,17584.363202242876,3:2:4:4:4:1:1:1:3,4:2:4:4:4:2:3:4:4,MUTATE
4:4:4:4:4:0:0:1:4:,recombination,12232.487716172871,4:4:4:4:4:0:0:0:4,3:2:4:4:4:1:2:3:3
4:3:4:4:4:1:1:3:4:,clone,11615.693131697086,4:3:4:4:4:1:1:3:4
4:3:4:4:4:3:4:4:4:,recombination,14736.701209522766,4:4:4:4:4:3:2:4:4,4:3:4:4:4:3:4:4:4
3:2:4:4:4:1:1:4:3:,recombination,13342.360360787676,3:2:4:4:4:1:1:2:3,3:2:4:4:4:0:0:1:3
4:3:4:4:4:1:1:3:4:,clone,11428.958418647147,4:3:4:4:4:1:1:3:4
1:2:4:4:0:4:4:4:0:,clone,17481.705965155164,1:2:4:4:0:4:4:4:0
1:2:4:4:1:4:4:4:0:,clone,17662.739454737097,2:2:4:4:1:4:4:4:0
2:1:4:4:4:1:2:1:2:,clone,15123.92490673938,2:2:4:4:4:1:2:2:2
1:2:4:4:3:4:4:4:0:,recombination,17053.136381549826,3:2:4:4:4:1:1:1:4,2:2:4:4:4:2:2:4:2,MUTATE
4:4:4:4:4:0:1:2:4:,recombination,12015.339586010192,4:4:4:4:4:0:0:2:4,2:2:4:4:4:2:3:4:1,MUTATE
4:2:4:4:4:4:4:4:3:,clone,15268.02184347948,4:2:4:4:4:3:4:4:3
3:2:4:4:3:4:4:4:1:,recombination,18346.86432269663,3:2:4:4:4:0:1:0:3,4:4:4:4:4:2:3:4:4
4:4:4:4:4:0:0:0:4:,recombination,11912.193042899522,4:4:4:4:4:0:0:0:4,4:3:4:4:4:0:1:2:4
2:2:4:4:4:4:4:4:1:,clone,16505.503890834327,2:2:4:4:4:4:4:4:1
1:2:4:4:0:4:4:4:0:,recombination,17231.423111533066,4:2:4:4:4:1:2:4:4,3:2:4:4:4:1:1:1:3
1:2:4:4:0:4:4:4:0:,clone,17226.268320283332,1:2:4:4:0:4:4:4:0
4:2:4:4:4:4:4:4:2:,clone,15534.295991015812,4:2:4:4:4:4:4:4:2
4:4:4:4:4:0:0:1:4:,clone,12177.582089647827,4:4:4:4:4:0:0:1:4
1:2:4:4:0:4:4:4:0:,recombination,16563.147851181395,4:2:4:4:4:1:1:2:4,4:2:4:4:4:4:4:4:3,MUTATE
4:2:4:4:4:3:4:4:2:,clone,16293.182534632973,4:2:4:4:4:3:4:4:3
1:2:4:4:2:4:4:4:0:,recombination,18263.66524601789,3:2:4:4:4:1:1:1:3,3:2:4:4:4:3:4:4:2
2:2:4:4:0:4:4:4:0:,clone,16443.108235325024,2:2:4:4:0:4:4:4:0
2:2:4:4:1:4:4:4:0:,clone,15732.638257871322,2:2:4:4:1:4:4:4:0
2:2:4:4:4:3:3:4:1:,recombination,16262.841133349964,4:2:4:4:4:1:1:2:4,2:1:4:4:4:2:2:4:2
2:2:4:4:0:4:4:4:0:,clone,16264.642874401736,2:2:4:4:0:4:4:4:0
2:2:4:4:1:4:4:4:0:,clone,15715.981537895053,2:2:4:4:1:4:4:4:0
2:2:4:4:1:4:4:4:0:,clone,15711.026103202164,2:2:4:4:1:4:4:4:0
2:2:4:4:0:4:4:4:0:,clone,16232.329709238551,2:2:4:4:0:4:4:4:0
2:2:4:4:0:4:4:4:0:,recombination,15616.915991051657,4:3:4:4:4:3:4:4:4,4:3:4:4:4:3:4:4:4,MUTATE
2:2:4:4:4:3:3:4:2:,clone,14412.903249095847,2:2:4:4:4:3:3:4:2
3:2:4:4:4:2:3:4:2:,clone,14378.73111726491,2:2:4:4:4:3:3:4:2
2:2:4:4:3:4:4:4:1:,recombination,16545.393963110968,4:4:4:4:4:3:2:4:4,4:2:4:4:4:2:3:4:4,MUTATE
2:1:4:4:4:2:2:3:2:,clone,16489.683125809788,2:1:4:4:4:2:2:4:2
2:2:4:4:4:4:4:4:0:,recombination,16982.98992839693,3:2:4:4:4:0:0:1:4,4:3:4:4:4:4:3:4:4
3:2:4:4:4:2:3:4:2:,clone,14322.523157388601,3:2:4:4:4:2:3:4:2
2:1:4:4:4:1:2:2:2:,recombination,15285.838298386,4:3:4:4:4:3:3:4:4,2:2:4:4:4:0:1:1:3,MUTATE
3:2:4:4:4:4:4:4:1:,clone,16182.275950615203,3:2:4:4:4:4:4:4:1
4:4:4:4:4:0:0:0:4:,clone,11857.287416374478,4:4:4:4:4:0:0:0:4
2:2:4:4:4:2:3:4:2:,recombination,14943.202295050498,4:2:4:4:4:1:1:2:4,3:2:4:4:4:2:2:4:2
3:2:4:4:4:2:3:4:2:,clone,14214.874249336644,3:2:4:4:4:2:3:4:2
1:1:4:4:0:4:4:4:0:,recombination,18339.60791469112,4:2:4:4:4:1:2:3:4,3:2:4:4:4:1:1:1:4,MUTATE
2:2:4:4:4:4:4:4:1:,recombination,16058.357879036837,2:2:4:4:3:4:4:4:1,4:2:4:4:4:4:4:4:2
2:2:4:4:1:4:4:4:0:,clone,15418.675228537928,2:2:4:4:1:4:4:4:0
3:2:4:4:3:4:4:4:1:,recombination,16958.851785302497,4:4:4:4:4:3:2:4:4,3:2:4:4:4:0:0:1:4,MUTATE
2:2:4:4:3:4:4:4:1:,clone,16352.235416881664,2:2:4:4:3:4:4:4:1
2:2:4:4:4:2:3:4:2:,recombination,14899.906935171206,4:2:4:4:4:1:1:2:4,2:2:4:4:4:2:2:3:2
2:2:4:4:4:0:1:1:3:,clone,13433.971007914968,2:2:4:4:4:0:1:1:3
2:2:4:4:1:4:4:4:0:,clone,15360.66995497274,2:2:4:4:1:4:4:4:0
2:2:4:4:4:2:3:4:2:,clone,14803.216744504442,3:2:4:4:4:2:3:4:3
2:2:4:4:4:4:4:4:0:,recombination,15457.050786127413,2:2:4:4:0:4:4:4:0,4:3:4:4:4:1:2:4:4
3:2:4:4:4:4:4:4:1:,recombination,15233.110948834945,2:2:4:4:1:4:4:4:0,4:2:4:4:4:0:0:2:4
3:2:4:4:4:4:4:4:1:,clone,15179.782744807622,3:2:4:4:4:4:4:4:1
3:2:4:4:4:3:4:4:1:,recombination,14992.40623348901,4:2:4:4:4:4:4:4:3,2:2:4:4:4:3:4:4:1,MUTATE
2:2:4:4:2:4:4:4:0:,recombination,16617.304790633116,4:3:4:4:4:3:4:4:4,4:2:4:4:4:2:2:4:4
2:2:4:4:3:4:4:4:0:,clone,17813.456458232107,2:2:4:4:4:4:4:4:0
3:2:4:4:4:2:3:4:2:,clone,14184.517835199393,3:2:4:4:4:2:3:4:2
2:2:4:4:1:4:4:4:0:,clone,15288.840176447355,2:2:4:4:1:4:4:4:0
2:2:4:4:4:4:4:4:1:,recombination,15773.542535143763,2:2:4:4:4:4:4:4:1,3:2:4:4:4:1:1:4:3
4:4:4:4:4:1:1:2:4:,recombination,12993.751664151236,3:2:4:4:4:1:2:2:3,4:4:4:4:4:0:0:0:4,MUTATE
2:2:4:4:4:4:4:4:1:,clone,15700.58866543724,2:2:4:4:4:4:4:4:1
2:2:4:4:4:2:3:4:2:,clone,14713.101032303422,2:2:4:4:4:2:3:4:2
3:2:4:4:4:3:4:4:2:,recombination,14628.994879608255,4:2:4:4:4:1:2:3:4,4:2:4:4:4:0:1:2:4
3:2:4:4:4:3:3:4:2:,clone,14186.940645125684,3:2:4:4:4:2:3:4:2
3:2:4:4:4:3:3:4:3:,clone,14314.838718325125,3:2:4:4:4:3:3:4:3
4:2:4:4:4:4:4:4:2:,recombination,15254.05091673349,4:3:4:4:4:0:1:2:4,4:3:4:4:4:3:4:4:4
2:2:4:4:2:4:4:4:0:,recombination,15532.480906074503,3:2:4:4:4:2:3:4:3,4:2:4:4:4:4:4:4:4,MUTATE
2:2:4:4:2:4:4:4:0:,clone,15451.37227898315,2:2:4:4:2:4:4:4:0
2:2:4:4:4:4:4:4:1:,recombination,15371.878522453018,4:2:4:4:4:4:4:4:4,3:2:4:4:4:1:2:4:3,MUTATE
2:2:4:4:4:4:4:4:1:,clone,15254.076871623696,2:2:4:4:4:4:4:4:1
4:2:4:4:4:3:3:4:3:,clone,13831.218326265089,4:2:4:4:4:3:3:4:3
2:2:4:4:2:4:4:4:0:,clone,15440.621480132133,2:2:4:4:2:4:4:4:0
2:2:4:4:2:4:4:4:1:,recombination,17885.60433660684,1:1:4:4:0:4:4:4:0,4:4:4:4:4:2:3:4:4
3:2:4:4:4:4:4:4:2:,recombination,15314.990703117275,2:2:4:4:4:3:4:4:1,4:3:4:4:4:1:2:4:4,MUTATE
1:1:4:4:0:4:4:4:0:,recombination,18290.840905114466,1:1:4:4:0:4:4:4:0,2:2:4:4:3:4:4:4:1
2:2:4:4:2:4:4:4:0:,clone,15437.71351430746,2:2:4:4:2:4:4:4:0
1:2:4:4:2:4:4:4:0:,recombination,17980.546584977583,3:2:4:4:4:1:2:2:3,1:1:4:4:0:4:4:4:0,MUTATE
2:2:4:4:2:4:4:4:0:,clone,15218.100917382337,2:2:4:4:2:4:4:4:0
2:2:4:4:2:4:4:4:0:,clone,15113.072470328534,2:2:4:4:2:4:4:4:0
3:2:4:4:4:4:4:4:2:,clone,15243.106236572614,3:2:4:4:4:4:4:4:2
2:2:4:4:4:3:3:4:1:,recombination,15313.535199179812,2:2:4:4:4:3:3:4:1,3:2:4:4:4:1:1:4:3
1:2:4:4:0:4:4:4:0:,clone,16311.199102249828,1:2:4:4:0:4:4:4:0
4:4:4:4:4:1:1:3:4:,clone,12664.911036109077,4:4:4:4:4:1:1:3:4
2:2:4:4:2:4:4:4:1:,recombination,17711.770532714545,4:3:4:4:4:4:4:4:4,4:2:4:4:4:4:4:4:3
2:2:4:4:4:2:3:4:2:,recombination,14112.0907375685,3:2:4:4:4:3:3:4:2,3:2:4:4:4:1:1:4:3
2:2:4:4:4:3:3:4:1:,clone,15310.885490135039,2:2:4:4:4:3:3:4:1
3:2:4:4:4:2:3:4:2:,clone,13521.171694582352,3:2:4:4:4:2:3:4:2
3:2:4:4:4:1:2:1:3:,clone,15402.150924775184,3:2:4:4:4:1:2:2:3
3:2:4:4:4:2:3:4:2:,clone,13513.295478059472,3:2:4:4:4:2:3:4:2
3:2:4:4:2:4:4:4:1:,recombination,16749.32237899179,4:3:4:4:4:3:4:4:4,4:2:4:4:4:4:4:4:2,MUTATE
4:4:4:4:4:1:1:3:4:,clone,12503.955615162777,4:4:4:4:4:1:1:3:4
2:2:4:4:4:3:3:4:1:,recombination,15133.220167909556,2:2:4:4:4:2:3:4:2,4:2:4:4:4:1:2:4:4,MUTATE
3:2:4:4:3:4:4:4:1:,recombination,15598.845683019666,2:2:4:4:2:4:4:4:0,4:3:4:4:4:2:2:4:4
4:2:4:4:4:3:4:4:2:,recombination,16219.468104865258,4:3:4:4:4:3:3:4:4,3:2:4:4:4:1:1:3:3
3:2:4:4:4:3:4:4:1:,recombination,14663.630711669799,4:3:4:4:4:4:4:4:4,2:2:4:4:4:2:3:4:2,MUTATE
3:2:4:4:3:4:4:4:2:,recombination,16643.833322185164,4:3:4:4:4:0:0:2:4,4:2:4:4:4:4:4:4:3,MUTATE
2:2:4:4:2:4:4:4:1:,clone,17395.43680299819,2:2:4:4:2:4:4:4:1
4:2:4:4:4:4:4:4:2:,recombination,15173.470274995978,4:2:4:4:4:0:0:0:4,3:2:4:4:4:3:3:4:3,MUTATE
3:2:4:4:0:4:4:4:0:,clone,17561.460711169693,3:2:4:4:0:4:4:4:0
4:2:4:4:4:3:3:4:2:,clone,15257.752654714417,4:2:4:4:4:3:3:4:2
2:2:4:4:2:4:4:4:1:,clone,17101.169882822764,2:2:4:4:2:4:4:4:1
3:2:4:4:4:4:4:4:2:,recombination,14946.82458732971,4:4:4:4:4:3:2:4:4,4:2:4:4:4:4:4:4:2,MUTATE
3:2:4:4:1:4:4:4:1:,recombination,17217.06294004669,4:3:4:4:4:3:3:4:4,3:2:4:4:4:4:4:4:2,MUTATE
4:2:4:4:3:4:4:4:2:,recombination,17422.390535978233,4:4:4:4:4:2:1:4:4,4:3:4:4:4:4:4:4:4,MUTATE
4:2:4:4:4:3:4:4:2:,recombination,14374.590453153854,4:3:4:4:4:3:3:4:4,4:2:4:4:4:4:4:4:2,MUTATE
3:2:4:4:2:4:4:4:1:,recombination,16603.86661596747,4:3:4:4:4:3:4:4:4,4:3:4:4:4:2:3:4:4
3:2:4:4:0:4:4:4:0:,clone,17463.46863889391,3:2:4:4:0:4:4:4:0
2:2:4:4:2:4:4:4:1:,clone,16738.22429803256,2:2:4:4:2:4:4:4:1
3:2:4:4:4:3:4:4:1:,clone,14605.56878657843,3:2:4:4:4:3:4:4:1
3:2:4:4:4:3:4:4:1:,recombination,14518.559860006126,3:2:4:4:4:2:3:4:3,2:2:4:4:4:3:3:4:1,MUTATE
4:2:4:4:4:4:4:4:2:,clone,15099.619559055083,4:2:4:4:4:4:4:4:2
3:2:4:4:0:4:4:4:0:,recombination,17457.969256328735,4:2:4:4:4:2:2:4:4,4:3:4:4:4:3:3:4:4
3:2:4:4:0:4:4:4:0:,clone,17359.415222391523,2:2:4:4:0:4:4:4:0
2:2:4:4:3:4:4:4:0:,clone,17495.80273184151,2:2:4:4:2:4:4:4:0
3:2:4:4:4:4:4:4:3:,recombination,17487.094726607178,3:2:4:4:4:2:2:3:3,4:2:4:4:4:2:2:4:4
3:2:4:4:0:4:4:4:1:,recombination,17758.092271372952,2:2:4:4:3:4:4:4:1,4:3:4:4:4:3:3:4:4
2:1:4:4:4:3:3:4:1:,recombination,16317.701294376991,2:2:4:4:4:2:3:3:2,4:2:4:4:4:1:1:3:4
4:4:4:4:4:4:3:4:4:,recombination,17550.078522240638,3:2:4:4:4:1:1:1:4,4:4:4:4:4:2:1:4:4,MUTATE
4:2:4:4:3:4:4:4:2:,clone,16550.1776535621,4:2:4:4:3:4:4:4:2
2:2:4:4:3:4:4:4:0:,clone,17182.37101821523,2:2:4:4:4:4:4:4:1
2:2:4:4:3:4:4:4:0:,recombination,16642.96075717597,2:2:4:4:4:4:4:4:1,4:2:4:4:4:3:4:4:4
2:2:4:4:2:4:4:4:1:,recombination,16666.25297966763,2:2:4:4:2:4:4:4:1,4:2:4:4:4:3:4:4:4
2:2:4:4:1:4:4:4:1:,recombination,18603.75006412512,4:2:4:4:4:2:2:4:4,4:3:4:4:4:3:3:4:4
2:2:4:4:1:4:4:4:1:,recombination,18348.648470218614,3:2:4:4:4:1:1:1:3,2:1:4:4:4:3:3:4:1,MUTATE
4:4:4:4:4:0:0:4:4:,recombination,12396.680163901534,4:4:4:4:4:0:0:0:4,2:2:4:4:1:4:4:4:0,MUTATE
3:2:4:4:0:4:4:4:1:,clone,17210.34373915904,3:2:4:4:0:4:4:4:1
2:2:4:4:1:4:4:4:1:,recombination,18144.133720797836,4:2:4:4:4:1:1:2:4,2:2:4:4:1:4:4:4:1,MUTATE
3:2:4:4:3:4:4:4:2:,clone,16571.291297854536,3:2:4:4:3:4:4:4:2
4:4:4:4:4:0:1:4:4:,clone,12535.168141926446,4:4:4:4:4:0:1:4:4
2:2:4:4:2:4:4:4:1:,recombination,16541.891129443662,3:2:4:4:0:4:4:4:0,4:2:4:4:3:4:4:4:2
4:4:4:4:4:0:1:3:4:,clone,12393.611648341492,4:4:4:4:4:0:1:3:4
2:2:4:4:1:4:4:4:1:,clone,18075.18361288598,2:2:4:4:1:4:4:4:1
2:2:4:4:3:4:4:4:0:,recombination,16315.379011764335,4:2:4:4:4:4:4:4:3,4:2:4:4:4:3:4:4:4,MUTATE
3:2:4:4:3:4:4:4:2:,recombination,16494.2196122844,3:2:4:4:3:4:4:4:2,4:3:4:4:4:2:3:4:4,MUTATE
4:4:4:4:4:0:1:3:4:,clone,12279.25357939743,4:4:4:4:4:0:1:3:4
2:2:4:4:1:4:4:4:1:,recombination,17915.62588416361,3:2:4:4:4:0:1:2:3,2:2:4:4:1:4:4:4:1
4:4:4:4:4:0:1:3:4:,clone,12126.88059690298,4:4:4:4:4:0:1:3:4
4:4:4:4:4:1:1:4:4:,clone,11977.741968381093,4:4:4:4:4:1:1:4:4
2:2:4:4:1:4:4:4:1:,clone,17898.35633313606,2:2:4:4:1:4:4:4:1
4:4:4:4:4:0:1:3:4:,clone,12058.136760768704,4:4:4:4:4:0:1:3:4
2:2:4:4:2:4:4:4:1:,clone,16351.637624927405,3:2:4:4:2:4:4:4:1
2:2:4:4:2:4:4:4:1:,clone,16292.946393977547,2:2:4:4:2:4:4:4:1
3:2:4:4:2:4:4:4:1:,recombination,16487.46354681103,4:3:4:4:4:2:2:4:4,4:4:4:4:4:3:2:4:4
3:2:4:4:2:4:4:4:1:,recombination,16346.948321129395,2:2:4:4:2:4:4:4:1,4:3:4:4:4:3:3:4:4,MUTATE
4:4:4:4:4:0:1:3:4:,clone,11917.200578040547,4:4:4:4:4:0:1:3:4
2:2:4:4:1:4:4:4:1:,clone,17712.988018948916,2:2:4:4:1:4:4:4:1
4:4:4:4:4:0:0:3:4:,clone,11673.92152466551,4:4:4:4:4:0:0:3:4
2:2:4:4:2:4:4:4:1:,clone,16275.287372452753,2:2:4:4:2:4:4:4:1
2:2:4:4:1:4:4:4:1:,clone,17704.33513439892,2:2:4:4:1:4:4:4:1
4:4:4:4:4:0:1:4:4:,recombination,11761.92267133442,4:3:4:4:4:1:2:4:4,4:4:4:4:4:0:0:4:4
4:4:4:4:4:1:1:4:4:,clone,11704.91517192304,4:4:4:4:4:1:1:4:4
2:2:4:4:1:4:4:4:1:,recombination,17270.000833376547,4:3:4:4:4:3:2:4:4,2:2:4:4:2:4:4:4:1
3:2:4:4:1:4:4:4:1:,clone,16788.600964226494,3:2:4:4:1:4:4:4:1
2:2:4:4:3:4:4:4:0:,recombination,15986.26806120713,4:3:4:4:4:1:2:4:4,1:2:4:4:0:4:4:4:0
3:2:4:4:4:4:4:4:2:,recombination,14658.62452704825,2:2:4:4:4:2:3:4:2,4:2:4:4:4:1:1:3:4,MUTATE
4:2:4:4:4:4:4:4:2:,recombination,14741.152255894112,4:2:4:4:4:4:4:4:4,3:2:4:4:4:4:4:4:2,MUTATE
3:2:4:4:4:4:4:4:1:,recombination,14995.8273303272,3:2:4:4:4:4:4:4:2,4:3:4:4:4:4:3:4:4,MUTATE
2:2:4:4:3:4:4:4:0:,recombination,15851.004078865306,3:2:4:4:4:2:3:4:3,4:4:4:4:4:2:2:4:4,MUTATE
4:2:4:4:4:4:3:4:4:,recombination,15644.574253574056,1:2:4:4:2:4:4:4:0,4:4:4:4:4:1:1:2:4,MUTATE
4:2:4:4:4:4:4:4:2:,clone,14443.782357837252,4:2:4:4:4:4:4:4:2
4:2:4:4:4:3:4:4:3:,recombination,13854.15417740796,3:2:4:4:4:2:3:3:3,4:2:4:4:4:4:4:4:4,MUTATE
3:2:4:4:4:4:4:4:1:,clone,14295.924376006982,3:2:4:4:4:4:4:4:1
4:2:4:4:4:4:4:4:2:,clone,14423.22428369405,4:2:4:4:4:4:4:4:2
2:2:4:4:3:4:4:4:1:,recombination,15831.096375574813,3:2:4:4:4:2:3:4:2,3:2:4:4:4:2:3:3:3,MUTATE
4:2:4:4:4:3:4:4:4:,recombination,14802.860918117003,3:2:4:4:4:2:3:3:3,2:2:4:4:4:3:3:4:2,MUTATE
1:1:4:4:0:4:4:4:0:,recombination,17730.49915279894,3:2:4:4:3:4:4:4:1,3:2:4:4:4:1:1:1:4,MUTATE
4:2:4:4:4:3:4:4:4:,recombination,14791.976306290464,4:4:4:4:4:0:1:3:4,4:2:4:4:4:0:0:1:4
3:2:4:4:1:4:4:4:0:,recombination,17292.313652097055,2:2:4:4:1:4:4:4:1,2:2:4:4:4:4:4:4:1
4:2:4:4:4:1:2:4:3:,recombination,12912.367492054129,3:2:4:4:4:0:1:1:4,4:3:4:4:4:2:2:4:4,MUTATE
2:2:4:4:0:4:4:4:1:,recombination,18375.312999456786,4:4:4:4:4:0:0:2:4,2:2:4:4:1:4:4:4:0,MUTATE
3:2:4:4:4:2:2:4:2:,recombination,13591.185322000572,3:2:4:4:4:0:1:1:4,4:3:4:4:4:3:4:4:4,MUTATE
3:2:4:4:4:2:2:4:2:,recombination,13508.549640352298,4:2:4:4:4:1:2:4:3,2:2:4:4:0:4:4:4:0,MUTATE
1:2:4:4:0:4:4:4:0:,clone,16276.462872063932,2:2:4:4:0:4:4:4:0
1:2:4:4:0:4:4:4:0:,recombination,16186.037116090267,2:2:4:4:4:3:3:4:1,1:2:4:4:0:4:4:4:0,MUTATE
3:2:4:4:4:2:2:4:2:,clone,13442.39650965681,3:2:4:4:4:2:2:4:2
3:2:4:4:4:2:2:4:2:,clone,13048.029085621021,3:2:4:4:4:2:2:4:2
3:2:4:4:4:2:2:4:2:,clone,13022.77391659341,3:2:4:4:4:2:2:4:2
4:4:4:4:4:4:3:4:4:,recombination,17347.819144459245,3:2:4:4:4:2:3:4:2,4:4:4:4:4:2:1:4:4,MUTATE
4:4:4:4:4:4:3:4:4:,clone,17301.187140625618,4:4:4:4:4:4:3:4:4
3:2:4:4:4:2:3:4:2:,clone,13142.326669234788,3:2:4:4:4:2:2:4:2
3:2:4:4:1:4:4:4:0:,clone,17252.80649743419,2:2:4:4:1:4:4:4:0
3:2:4:4:1:4:4:4:0:,recombination,17078.080475863506,3:2:4:4:4:2:3:3:3,4:4:4:4:4:0:0:1:4
3:2:4:4:1:4:4:4:0:,clone,17014.77108091434,3:2:4:4:1:4:4:4:0
3:2:4:4:2:4:4:4:0:,clone,16808.11705295054,3:2:4:4:1:4:4:4:0
3:2:4:4:0:4:4:4:0:,recombination,17308.60055855908,4:4:4:4:4:0:1:3:4,3:2:4:4:4:2:3:4:3,MUTATE
3:2:4:4:1:4:4:4:0:,recombination,17010.84183149316,3:2:4:4:4:4:4:4:2,4:3:4:4:4:2:3:4:4
3:2:4:4:1:4:4:4:0:,recombination,16898.655745620825,3:2:4:4:4:3:3:4:2,3:2:4:4:1:4:4:4:0,MUTATE
2:2:4:4:4:4:4:4:1:,recombination,15226.378363156344,2:2:4:4:1:4:4:4:1,3:2:4:4:4:2:2:4:2,MUTATE
2:2:4:4:4:4:4:4:1:,clone,15216.082992259244,2:2:4:4:4:4:4:4:1
2:2:4:4:4:4:4:4:1:,clone,15101.880191740738,2:2:4:4:4:4:4:4:1
2:2:4:4:2:4:4:4:1:,clone,15870.566739161959,2:2:4:4:2:4:4:4:1
3:2:4:4:2:4:4:4:1:,clone,15999.209164797032,3:2:4:4:2:4:4:4:1
4:3:4:4:4:4:4:4:3:,clone,16238.535987909978,4:3:4:4:4:4:4:4:3
3:2:4:4:2:4:4:4:1:,clone,15817.876722473804,3:2:4:4:2:4:4:4:1
3:2:4:4:2:4:4:4:1:,recombination,15652.076731006766,4:2:4:4:4:4:4:4:2,2:2:4:4:1:4:4:4:1
4:3:4:4:4:4:3:4:4:,clone,15120.630039910122,4:3:4:4:4:4:3:4:4
3:2:4:4:1:4:4:4:0:,recombination,16659.64104721354,2:2:4:4:3:4:4:4:1,1:1:4:4:0:4:4:4:0
4:3:4:4:4:4:4:4:4:,recombination,15015.859113730912,4:2:4:4:4:4:4:4:2,4:4:4:4:4:0:0:2:4
3:2:4:4:1:4:4:4:0:,clone,16290.73152762687,3:2:4:4:1:4:4:4:0
2:2:4:4:1:4:4:4:0:,clone,14935.525277206725,2:2:4:4:1:4:4:4:0
3:2:4:4:3:4:4:4:1:,recombination,15536.298136208947,3:2:4:4:4:3:4:4:3,2:2:4:4:4:2:3:4:2
4:2:4:4:4:4:4:4:3:,recombination,14584.507223660456,3:2:4:4:3:4:4:4:2,2:2:4:4:4:3:3:4:2,MUTATE
1:2:4:4:4:4:4:4:0:,recombination,17558.502456254653,4:4:4:4:4:1:2:4:4,3:2:4:4:4:2:2:4:2
1:2:4:4:0:4:4:4:0:,clone,16151.872515445664,1:2:4:4:0:4:4:4:0
1:2:4:4:4:3:3:4:1:,recombination,17507.21103588836,4:4:4:4:4:1:1:4:4,4:3:4:4:4:3:4:4:4,MUTATE
2:2:4:4:1:4:4:4:1:,clone,16815.71640169159,2:2:4:4:1:4:4:4:1
2:2:4:4:3:4:4:4:0:,clone,15434.578476997129,2:2:4:4:3:4:4:4:0
2:2:4:4:1:4:4:4:1:,recombination,16425.039846934982,4:3:4:4:4:2:2:4:4,2:2:4:4:3:4:4:4:0,MUTATE
2:2:4:4:1:4:4:4:1:,clone,16388.180448182342,2:2:4:4:1:4:4:4:1
3:2:4:4:3:4:4:4:0:,recombination,18170.994187484175,4:4:4:4:4:1:1:2:4,2:2:4:4:3:4:4:4:1,MUTATE
1:2:4:4:4:4:4:4:1:,recombination,17014.363064295114,3:2:4:4:4:4:4:4:1,4:4:4:4:4:3:3:4:4,MUTATE
1:2:4:4:4:4:4:4:0:,clone,16720.254604630845,2:2:4:4:4:4:4:4:0
1:2:4:4:4:3:4:4:1:,clone,17554.058156769006,4:2:4:4:4:3:3:4:4
1:1:4:4:0:4:4:4:0:,recombination,17533.514809723598,3:2:4:4:4:1:1:3:3,4:2:4:4:4:2:2:4:4,MUTATE
4:3:4:4:4:4:4:4:2:,clone,17773.463453641965,4:3:4:4:4:4:4:4:2
4:2:4:4:1:4:4:4:0:,recombination,16730.712869948762,4:4:4:4:4:0:0:0:4,4:3:4:4:4:1:2:4:4,MUTATE
3:2:4:4:4:4:4:4:0:,recombination,16908.65981643658,3:2:4:4:3:4:4:4:2,4:2:4:4:4:2:2:4:4
4:2:4:4:4:4:4:4:1:,recombination,16718.651067810777,4:4:4:4:4:0:0:2:4,1:2:4:4:0:4:4:4:0,MUTATE
3:2:4:4:0:4:4:4:0:,clone,16433.67138866055,3:2:4:4:0:4:4:4:0
3:2:4:4:1:4:4:4:0:,clone,16236.067971771858,3:2:4:4:1:4:4:4:0
3:2:4:4:0:4:4:4:0:,clone,16416.988036000315,3:2:4:4:0:4:4:4:0
3:2:4:4:3:4:4:4:0:,recombination,17299.326899941825,4:3:4:4:4:1:1:3:4,3:2:4:4:0:4:4:4:0,MUTATE
3:2:4:4:1:4:4:4:0:,recombination,15969.10254259892,4:3:4:4:4:2:3:4:4,4:2:4:4:4:1:2:3:4
3:2:4:4:0:4:4:4:0:,clone,16354.108927428448,3:2:4:4:0:4:4:4:0
3:2:4:4:1:4:4:4:0:,clone,15826.02302021317,3:2:4:4:1:4:4:4:0
3:2:4:4:1:4:4:4:0:,recombination,15822.178765876923,4:3:4:4:4:3:3:4:4,3:2:4:4:1:4:4:4:0
3:2:4:4:4:4:4:4:0:,clone,16438.981747111513,3:2:4:4:4:4:4:4:0
3:2:4:4:1:4:4:4:0:,clone,15709.378621698555,3:2:4:4:1:4:4:4:0
4:2:4:4:2:4:4:4:1:,recombination,17604.731874908317,2:2:4:4:2:4:4:4:1,3:2:4:4:4:1:1:4:3
4:3:4:4:4:4:4:4:2:,clone,17560.7955156299,4:3:4:4:4:4:4:4:2
3:2:4:4:1:4:4:4:1:,recombination,16774.07077721338,2:2:4:4:4:0:1:1:3,1:2:4:4:0:4:4:4:0,MUTATE
2:2:4:4:0:4:4:4:0:,clone,15039.860808202873,2:2:4:4:0:4:4:4:0
4:3:4:4:4:4:4:4:2:,clone,17363.584085380786,4:3:4:4:4:4:4:4:2
1:2:4:4:0:4:4:4:0:,clone,16138.7836807409,1:2:4:4:0:4:4:4:0
4:3:4:4:4:4:4:4:2:,clone,17018.065731898227,4:3:4:4:4:4:4:4:2
1:1:4:4:0:4:4:4:0:,clone,17309.783289165265,2:2:4:4:3:4:4:4:0
4:3:4:4:4:4:4:4:2:,clone,16980.346432523995,4:3:4:4:4:4:4:4:2
3:2:4:4:3:4:4:4:1:,recombination,15226.881239244858,2:2:4:4:3:4:4:4:0,3:2:4:4:4:2:3:4:2
1:1:4:4:0:4:4:4:0:,clone,17266.550951334986,1:1:4:4:0:4:4:4:0
4:2:4:4:3:4:4:4:1:,recombination,17985.456112279804,3:2:4:4:4:1:1:4:3,4:3:4:4:4:1:1:3:4,MUTATE
4:2:4:4:4:4:4:4:1:,clone,16569.45901387424,4:2:4:4:4:4:4:4:1
4:2:4:4:4:4:4:4:1:,clone,16557.049715528527,4:2:4:4:4:4:4:4:1
4:4:4:4:4:0:1:1:4:,clone,14691.006816535297,4:4:4:4:4:0:0:0:4
4:4:4:4:4:0:1:1:4:,clone,14581.288716005933,4:4:4:4:4:0:1:1:4
2:1:4:4:4:3:4:4:1:,clone,16604.829150313904,2:1:4:4:4:3:4:4:1
4:3:4:4:4:3:4:4:3:,recombination,16756.955655853268,4:3:4:4:4:2:3:4:4,4:2:4:4:4:1:1:1:4
3:2:4:4:4:4:4:4:3:,clone,17484.3357525743,3:2:4:4:4:4:4:4:3
4:3:4:4:4:3:4:4:4:,clone,14660.672782190199,4:3:4:4:4:3:4:4:4
4:3:4:4:4:3:4:4:4:,clone,14656.318005493005,4:3:4:4:4:3:4:4:4
4:2:4:4:4:3:4:4:4:,clone,14747.422957642702,4:3:4:4:4:3:4:4:4
4:3:4:4:4:3:4:4:4:,clone,14427.415869346638,4:3:4:4:4:3:3:4:4
4:2:4:4:4:3:4:4:4:,recombination,14670.672318999132,2:2:4:4:1:4:4:4:0,4:3:4:4:4:3:4:4:4,MUTATE
4:3:4:4:4:3:2:4:4:,clone,14675.104811147468,4:3:4:4:4:3:2:4:4
4:2:4:4:4:3:4:4:4:,recombination,14435.639696376587,4:2:4:4:4:3:4:4:4,3:2:4:4:4:4:4:4:2,MUTATE
2:2:4:4:1:4:4:4:1:,clone,16141.01825040807,2:2:4:4:1:4:4:4:1
3:2:4:4:1:4:4:4:1:,recombination,16561.125561857814,2:2:4:4:1:4:4:4:1,3:2:4:4:4:1:1:4:3,MUTATE
3:2:4:4:1:4:4:4:1:,recombination,16478.38207331963,3:2:4:4:1:4:4:4:1,4:2:4:4:4:1:1:1:4
3:2:4:4:2:4:4:4:2:,recombination,18271.184101565945,4:4:4:4:4:2:2:4:4,4:4:4:4:4:3:2:4:4,MUTATE
1:1:4:4:2:4:4:4:0:,recombination,17954.122514441293,3:2:4:4:4:1:1:3:3,4:4:4:4:4:3:3:4:4
1:1:4:4:4:4:4:4:0:,clone,17042.087134159097,1:1:4:4:4:4:4:4:0
1:1:4:4:4:4:4:4:0:,recombination,16973.401116036643,2:1:4:4:4:1:1:2:2,1:1:4:4:0:4:4:4:0
1:1:4:4:4:4:4:4:0:,clone,16866.59278179367,1:1:4:4:4:4:4:4:0
1:2:4:4:4:4:4:4:0:,recombination,16525.79285124396,4:2:4:4:4:4:4:4:4,1:1:4:4:0:4:4:4:0,MUTATE
1:2:4:4:1:4:4:4:0:,recombination,17476.429715309852,2:2:4:4:4:4:4:4:1,1:1:4:4:0:4:4:4:0,MUTATE
1:1:4:4:2:4:4:4:0:,clone,17755.055040338742,1:1:4:4:2:4:4:4:0
2:2:4:4:0:4:4:4:1:,clone,18046.249366739088,1:2:4:4:0:4:4:4:0
3:2:4:4:0:4:4:4:1:,clone,16651.48440552364,3:2:4:4:0:4:4:4:1
2:2:4:4:0:4:4:4:1:,clone,18035.430472253545,2:2:4:4:0:4:4:4:1
2:2:4:4:0:4:4:4:1:,recombination,17671.057131299676,4:2:4:4:4:3:3:4:3,3:2:4:4:4:2:3:4:3
2:2:4:4:0:4:4:4:1:,clone,17487.363726225398,2:2:4:4:0:4:4:4:1
2:2:4:4:0:4:4:4:1:,recombination,17414.194842155997,4:3:4:4:4:3:4:4:4,4:3:4:4:4:1:1:4:4,MUTATE
4:2:4:4:3:4:4:4:2:,recombination,16461.8066203432,2:2:4:4:1:4:4:4:0,2:2:4:4:1:4:4:4:1,MUTATE
2:2:4:4:0:4:4:4:1:,clone,16847.89427738555,2:2:4:4:0:4:4:4:1
2:2:4:4:0:4:4:4:1:,clone,16799.060141942136,2:2:4:4:0:4:4:4:1
2:2:4:4:0:4:4:4:1:,clone,16742.15534144784,2:2:4:4:0:4:4:4:1
1:1:4:4:2:4:4:4:0:,recombination,17319.70831341492,1:1:4:4:2:4:4:4:0,4:3:4:4:4:1:2:4:4,MUTATE
2:2:4:4:0:4:4:4:1:,recombination,16601.670250864907,2:2:4:4:0:4:4:4:1,4:2:4:4:3:4:4:4:2
3:2:4:4:3:4:4:4:2:,clone,15748.41029453838,4:2:4:4:3:4:4:4:2
4:2:4:4:3:4:4:4:2:,clone,16184.52058729264,4:2:4:4:3:4:4:4:2
4:2:4:4:3:4:4:4:2:,clone,16135.35614905127,4:2:4:4:3:4:4:4:2
1:2:4:4:4:4:4:4:0:,clone,16241.729602111322,2:2:4:4:4:4:4:4:0
4:2:4:4:3:4:4:4:2:,recombination,16000.796802382793,2:2:4:4:4:4:4:4:0,3:2:4:4:3:4:4:4:1
2:2:4:4:0:4:4:4:1:,recombination,16586.799977379233,2:2:4:4:4:3:3:4:1,4:4:4:4:4:3:2:4:4
2:2:4:4:0:4:4:4:1:,recombination,16471.550844299247,4:4:4:4:4:3:2:4:4,3:2:4:4:1:4:4:4:0,MUTATE
3:2:4:4:1:4:4:4:1:,recombination,16339.210726735795,4:3:4:4:4:3:4:4:4,2:2:4:4:0:4:4:4:1
4:2:4:4:3:4:4:4:2:,clone,15567.532955656092,4:2:4:4:3:4:4:4:2
3:2:4:4:1:4:4:4:1:,clone,15730.657271639924,3:2:4:4:1:4:4:4:1
4:2:4:4:3:4:4:4:2:,recombination,15420.37352886797,3:2:4:4:2:4:4:4:1,3:2:4:4:3:4:4:4:1
3:2:4:4:0:4:4:4:1:,clone,16479.563198024767,3:2:4:4:0:4:4:4:1
3:2:4:4:0:4:4:4:0:,clone,16339.193892727342,3:2:4:4:0:4:4:4:0
4:2:4:4:3:4:4:4:1:,recombination,16385.11772165361,1:2:4:4:0:4:4:4:0,4:3:4:4:4:4:4:4:4
3:2:4:4:0:4:4:4:0:,clone,16313.226704952705,3:2:4:4:0:4:4:4:0
4:2:4:4:2:4:4:4:1:,recombination,16982.671588076468,4:2:4:4:4:2:2:4:4,4:4:4:4:4:0:0:2:4
3:2:4:4:0:4:4:4:0:,recombination,16099.709779219269,4:2:4:4:4:2:2:4:4,3:2:4:4:1:4:4:4:1
3:2:4:4:0:4:4:4:0:,clone,16064.756269043553,3:2:4:4:0:4:4:4:0
3:2:4:4:3:4:4:4:0:,recombination,16992.22411523484,2:2:4:4:3:4:4:4:0,4:2:4:4:4:1:1:3:4
2:2:4:4:1:4:4:4:1:,clone,16059.333434074993,2:2:4:4:1:4:4:4:1
2:2:4:4:1:4:4:4:1:,clone,15677.69249723866,2:2:4:4:1:4:4:4:1
2:2:4:4:3:4:4:4:1:,recombination,15666.212419664043,2:2:4:4:4:1:2:3:2,4:4:4:4:4:0:0:0:4,MUTATE
2:2:4:4:3:4:4:4:1:,clone,15632.718546633603,2:2:4:4:3:4:4:4:1
4:3:4:4:4:4:4:4:3:,clone,15658.644391711156,4:3:4:4:4:4:4:4:3
2:2:4:4:3:4:4:4:0:,recombination,15410.597371841812,4:3:4:4:4:3:4:4:4,2:2:4:4:4:2:3:4:2,MUTATE
3:2:4:4:2:4:4:4:1:,clone,15587.1328326111,3:2:4:4:2:4:4:4:1
2:2:4:4:3:4:4:4:0:,recombination,15222.354508995406,2:2:4:4:3:4:4:4:0,3:2:4:4:2:4:4:4:1,MUTATE
4:2:4:4:4:3:3:4:2:,clone,15132.970912150156,4:2:4:4:4:4:4:4:2
4:3:4:4:4:4:4:4:3:,clone,15627.5366388022,4:2:4:4:4:4:4:4:3
1:1:4:4:0:4:4:4:0:,recombination,16681.51432412236,3:2:4:4:4:1:1:3:3,4:2:4:4:4:1:1:4:4,MUTATE
0:1:4:4:0:4:4:4:0:,clone,19741.41755667825,2:2:4:4:0:4:4:4:0
1:2:4:4:2:4:4:4:0:,recombination,17672.825387368233,1:1:4:4:2:4:4:4:0,3:2:4:4:1:4:4:4:1,MUTATE
1:2:4:4:2:4:4:4:0:,clone,17648.589435089027,1:2:4:4:2:4:4:4:0
1:2:4:4:2:4:4:4:0:,clone,17299.444828798903,2:2:4:4:3:4:4:4:1
1:1:4:4:0:4:4:4:0:,clone,16372.767390683297,1:1:4:4:0:4:4:4:0
2:1:4:4:0:4:4:4:0:,recombination,16475.875668836463,4:3:4:4:4:2:2:4:4,4:4:4:4:4:0:0:0:4
1:2:4:4:2:4:4:4:0:,clone,17225.309310812067,1:2:4:4:2:4:4:4:0
1:2:4:4:2:4:4:4:0:,clone,16867.792997930108,1:2:4:4:2:4:4:4:0
2:1:4:4:0:4:4:4:0:,recombination,16246.31220300257,3:2:4:4:4:1:1:3:3,1:1:4:4:0:4:4:4:0
1:1:4:4:0:4:4:4:0:,recombination,16369.799091547859,3:2:4:4:1:4:4:4:0,4:3:4:4:4:2:2:4:4
3:2:4:4:2:4:4:4:0:,recombination,15771.618968318344,3:2:4:4:1:4:4:4:0,3:2:4:4:4:1:1:2:3,MUTATE
3:2:4:4:3:4:4:4:0:,clone,16243.480147490809,3:2:4:4:1:4:4:4:0
3:2:4:4:1:4:4:4:0:,clone,15646.635568265658,3:2:4:4:1:4:4:4:0
1:2:4:4:0:4:4:4:0:,recombination,16052.340010564176,4:2:4:4:4:0:1:3:4,3:2:4:4:1:4:4:4:0,MUTATE
1:2:4:4:0:4:4:4:0:,recombination,15976.026772554767,1:2:4:4:0:4:4:4:0,2:2:4:4:3:4:4:4:0
1:2:4:4:0:4:4:4:0:,recombination,15721.039084023423,4:3:4:4:4:0:0:0:4,2:2:4:4:3:4:4:4:0,MUTATE
1:2:4:4:3:4:4:4:0:,clone,17047.30774822165,1:2:4:4:3:4:4:4:0
3:2:4:4:3:4:4:4:0:,clone,16002.643160519672,2:2:4:4:3:4:4:4:0
4:4:3:4:4:0:0:0:4:,clone,16730.71286994876,3:2:4:4:0:4:4:4:0
4:4:4:4:4:1:0:4:4:,recombination,15474.637647277435,4:2:4:4:4:2:2:4:4,3:2:4:4:4:1:1:3:3
4:4:4:4:4:1:0:4:4:,clone,14880.978715641677,4:4:4:4:4:1:1:4:4
4:4:4:4:4:0:0:0:4:,recombination,11530.24157515071,4:3:4:4:4:1:1:3:4,4:4:4:4:4:0:0:0:4,MUTATE
4:4:4:4:4:2:1:4:4:,recombination,15726.82940915978,4:2:4:4:4:0:1:2:4,4:3:4:4:4:0:1:3:4,MUTATE
2:2:4:4:4:3:4:4:1:,recombination,14754.83438736957,2:2:4:4:4:1:1:2:2,4:2:4:4:4:1:1:2:4
1:1:4:4:0:4:4:4:0:,clone,16144.138932551348,2:2:4:4:0:4:4:4:0
2:1:4:4:0:4:4:4:0:,recombination,15999.739544994642,1:1:4:4:0:4:4:4:0,4:3:4:4:4:2:3:4:4,MUTATE
2:1:4:4:0:4:4:4:0:,recombination,15433.991792243767,1:1:4:4:0:4:4:4:0,2:2:4:4:4:3:4:4:1
2:2:4:4:4:3:4:4:1:,recombination,14580.606541556506,2:2:4:4:4:3:4:4:1,4:2:4:4:4:0:0:1:4
3:2:4:4:2:4:4:4:1:,recombination,15547.375775738075,3:2:4:4:4:1:1:3:3,2:2:4:4:4:2:2:2:2
3:2:4:4:4:3:4:4:2:,recombination,13741.310552326546,4:2:4:4:4:2:2:2:4,2:2:4:4:4:2:2:3:2,MUTATE
1:2:4:4:0:4:4:4:0:,clone,15697.047809555082,1:2:4:4:0:4:4:4:0
1:1:4:4:0:4:4:4:0:,recombination,15801.690860548653,2:2:4:4:0:4:4:4:1,3:2:4:4:4:1:1:1:3
2:2:4:4:4:3:3:4:1:,clone,14723.880442392003,2:2:4:4:4:3:3:4:1
1:1:4:4:0:4:4:4:0:,clone,15705.920712897096,1:1:4:4:0:4:4:4:0
2:1:4:4:4:4:4:4:0:,recombination,15514.98544238936,1:1:4:4:0:4:4:4:0,3:2:4:4:4:3:4:4:2,MUTATE
1:1:4:4:0:4:4:4:0:,clone,15666.575275308836,1:1:4:4:0:4:4:4:0
1:1:4:4:0:4:4:4:0:,clone,15498.072323579932,1:1:4:4:0:4:4:4:0
1:1:4:4:0:4:4:4:0:,clone,15297.205372864679,1:1:4:4:0:4:4:4:0
1:2:4:4:0:4:4:4:0:,clone,15389.109896739219,1:2:4:4:0:4:4:4:0
1:2:4:4:0:4:4:4:0:,clone,15234.026843855518,1:2:4:4:0:4:4:4:0
1:2:4:4:0:4:4:4:0:,clone,14882.550311725434,1:2:4:4:0:4:4:4:0
2:2:4:4:4:4:4:4:0:,recombination,15146.181699674082,3:2:4:4:4:3:3:4:3,2:2:4:4:4:2:3:4:1
2:2:4:4:0:4:4:4:0:,clone,14958.804401453643,2:2:4:4:0:4:4:4:0
3:2:4:4:4:3:4:4:1:,clone,14464.06791666976,3:2:4:4:4:3:4:4:2
2:2:4:4:0:4:4:4:0:,clone,14786.954438228006,2:2:4:4:0:4:4:4:0
4:2:4:4:4:4:4:4:1:,clone,15334.090281817744,4:2:4:4:4:4:4:4:1
2:2:4:4:0:4:4:4:0:,clone,14559.149806089954,2:2:4:4:0:4:4:4:0
1:2:4:4:0:4:4:4:0:,recombination,14760.685693763413,4:2:4:4:4:3:4:4:4,1:1:4:4:0:4:4:4:0
3:2:4:4:4:4:4:4:0:,recombination,16393.062130496015,2:2:4:4:3:4:4:4:1,4:3:4:4:4:2:2:4:4
2:2:4:4:4:4:4:4:1:,recombination,14919.576559123097,4:3:4:4:4:1:1:3:4,1:2:4:4:0:4:4:4:0
2:2:4:4:0:4:4:4:0:,clone,14356.523687431945,2:2:4:4:0:4:4:4:0
1:1:4:4:0:4:4:4:0:,clone,15231.778742153923,1:1:4:4:0:4:4:4:0
1:1:4:4:0:4:4:4:0:,clone,14888.890398306237,1:2:4:4:0:4:4:4:0
2:2:4:4:4:4:4:4:0:,recombination,14913.575345640433,1:2:4:4:4:4:4:4:1,3:2:4:4:0:4:4:4:0,MUTATE
1:2:4:4:0:4:4:4:0:,clone,14727.674769048044,1:2:4:4:0:4:4:4:0
2:2:4:4:2:4:4:4:1:,clone,15778.410642714605,2:2:4:4:2:4:4:4:1
2:2:4:4:2:4:4:4:1:,clone,15566.572131213501,2:2:4:4:2:4:4:4:1
2:2:4:4:1:4:4:4:0:,recombination,14882.524717761868,4:4:4:4:4:3:3:4:4,2:2:4:4:3:4:4:4:0,MUTATE
3:2:4:4:2:4:4:4:0:,recombination,15768.558735351742,3:2:4:4:3:4:4:4:0,4:2:4:4:4:1:2:3:4
3:2:4:4:2:4:4:4:0:,clone,15585.43995594817,3:2:4:4:2:4:4:4:0
2:2:4:4:4:3:4:4:0:,recombination,17267.24317738272,4:2:4:4:4:2:3:4:3,3:2:4:4:4:4:4:4:0,MUTATE
4:4:4:4:4:1:1:3:4:,clone,12465.995314101787,4:4:4:4:4:1:1:3:4
2:2:4:4:2:4:4:4:1:,recombination,14937.148057630271,4:3:4:4:4:1:1:3:4,4:2:4:4:4:1:1:2:4
1:1:4:4:4:4:4:4:1:,clone,17124.97802905109,1:1:4:4:4:4:4:4:1
2:2:4:4:2:4:4:4:1:,clone,14561.706542908298,2:2:4:4:2:4:4:4:1
1:1:4:4:4:4:4:4:0:,recombination,16784.463481779338,4:2:4:4:4:0:1:2:4,3:2:4:4:4:4:4:4:1
2:2:4:4:2:4:4:4:1:,clone,14413.574040091014,2:2:4:4:2:4:4:4:1
1:2:4:4:4:3:3:4:1:,clone,17059.818661335616,1:2:4:4:4:3:3:4:1
2:2:4:4:4:3:3:4:1:,recombination,14457.103404734955,1:1:4:4:4:4:4:4:0,2:2:4:4:3:4:4:4:1,MUTATE
2:2:4:4:4:3:3:4:1:,clone,14397.393816002676,2:2:4:4:4:3:3:4:1
3:2:4:4:4:3:4:4:1:,clone,14408.80212880812,3:2:4:4:4:3:4:4:1
2:1:4:4:4:4:4:4:1:,clone,17451.65519899846,2:2:4:4:4:4:4:4:1
2:1:4:4:4:4:4:4:1:,clone,17278.88015499587,2:1:4:4:4:4:4:4:1
2:1:4:4:4:4:4:4:1:,clone,17084.95331405983,2:1:4:4:4:4:4:4:1
4:2:4:4:4:3:3:4:3:,recombination,13404.953224836596,3:2:4:4:4:1:1:1:3,2:2:4:4:4:3:3:4:1
3:2:4:4:4:4:4:4:2:,clone,14626.997305550765,3:2:4:4:4:4:4:4:2
1:2:4:4:1:4:4:4:0:,recombination,17072.460076117015,2:2:4:4:3:4:4:4:1,4:3:4:4:4:2:2:4:4
1:1:4:4:1:4:4:4:0:,clone,18137.602113505174,1:2:4:4:1:4:4:4:0
1:2:4:4:4:4:4:4:0:,recombination,15814.705994060678,2:2:4:4:2:4:4:4:1,4:4:4:4:4:3:2:4:4
4:2:4:4:2:4:4:4:2:,clone,17332.163967877856,4:2:4:4:2:4:4:4:2
4:2:4:4:2:4:4:4:2:,recombination,17112.149476931063,3:2:4:4:4:4:4:4:2,4:3:4:4:4:3:4:4:4
4:2:4:4:2:4:4:4:2:,recombination,17002.624406721785,2:2:4:4:4:3:3:4:1,4:2:4:4:2:4:4:4:2
3:2:4:4:2:4:4:4:2:,clone,17262.68058896354,4:2:4:4:2:4:4:4:2
3:2:4:4:2:4:4:4:2:,recombination,17195.461000484596,3:2:4:4:4:4:4:4:2,3:2:4:4:4:4:4:4:1
3:2:4:4:2:4:4:4:2:,clone,17143.390035454457,3:2:4:4:2:4:4:4:2
3:2:4:4:2:4:4:4:2:,clone,17055.02654060605,3:2:4:4:2:4:4:4:2
4:2:4:4:2:4:4:4:2:,recombination,16617.560282545535,2:2:4:4:4:3:3:4:1,1:1:4:4:4:4:4:4:0
3:2:4:4:2:4:4:4:2:,clone,16987.263201927926,4:2:4:4:2:4:4:4:2
3:2:4:4:2:4:4:4:2:,recombination,16912.031541988323,4:2:4:4:4:0:1:1:4,3:2:4:4:4:4:4:4:2
3:2:4:4:2:4:4:4:2:,clone,16606.953120175345,3:2:4:4:2:4:4:4:2
3:2:4:4:2:4:4:4:2:,clone,16540.396982321385,3:2:4:4:2:4:4:4:2
4:4:4:4:4:0:1:4:4:,recombination,11736.908423867104,4:2:4:4:4:4:4:4:2,2:2:4:4:3:4:4:4:1
4:4:4:4:4:0:1:3:4:,clone,11776.318866416455,4:4:4:4:4:1:1:3:4
4:4:4:4:4:0:0:3:4:,clone,11413.948750674195,4:4:4:4:4:0:0:3:4
4:4:4:4:4:0:0:0:4:,recombination,11367.460226691357,4:3:4:4:4:1:1:3:4,4:2:4:4:4:4:4:4:2,MUTATE
4:2:4:4:1:4:4:4:1:,recombination,16880.106907725985,4:4:4:4:4:0:1:4:4,4:4:4:4:4:0:0:4:4,MUTATE
4:4:4:4:4:0:0:2:4:,recombination,11985.216799704081,3:2:4:4:4:4:4:4:1,4:4:4:4:4:0:0:0:4,MUTATE
4:4:4:4:4:0:0:1:4:,recombination,12134.449282355796,2:1:4:4:4:2:3:3:2,2:2:4:4:4:0:1:1:3,MUTATE
4:2:4:4:2:4:4:4:1:,recombination,15919.820177102447,4:2:4:4:4:0:1:2:4,1:2:4:4:0:4:4:4:0,MUTATE
3:2:4:4:3:4:4:4:1:,recombination,14804.504653677246,2:2:4:4:2:4:4:4:1,4:2:4:4:4:1:2:3:4,MUTATE
4:2:4:4:1:4:4:4:1:,recombination,16766.79991260412,3:2:4:4:2:4:4:4:0,4:2:4:4:4:0:1:2:4,MUTATE
4:2:4:4:2:4:4:4:2:,clone,16372.066968335066,4:2:4:4:2:4:4:4:2
4:2:4:4:2:4:4:4:2:,recombination,16154.567634199004,4:2:4:4:4:3:4:4:3,1:1:4:4:0:4:4:4:0,MUTATE
4:2:4:4:2:4:4:4:2:,clone,15825.216320186291,4:2:4:4:2:4:4:4:2
3:2:4:4:1:4:4:4:1:,clone,15691.675186223187,3:2:4:4:1:4:4:4:1
2:2:4:4:4:4:4:4:1:,recombination,14893.50483274858,1:2:4:4:4:4:4:4:0,2:2:4:4:3:4:4:4:1,MUTATE
3:2:4:4:1:4:4:4:0:,clone,15423.236460612658,3:2:4:4:1:4:4:4:0
3:2:4:4:2:4:4:4:1:,recombination,15539.257382349986,4:4:4:4:4:0:1:3:4,3:2:4:4:1:4:4:4:1,MUTATE
3:2:4:4:2:4:4:4:1:,clone,15396.347587269946,3:2:4:4:2:4:4:4:1
3:2:4:4:2:4:4:4:1:,recombination,15305.373761567322,3:2:4:4:1:4:4:4:0,1:1:4:4:0:4:4:4:0,MUTATE
4:2:4:4:4:4:4:4:4:,recombination,14763.700768573208,4:3:4:4:4:0:1:3:4,4:4:4:4:4:0:0:0:4
3:2:4:4:4:4:4:4:0:,recombination,16316.293283934214,4:2:4:4:2:4:4:4:2,1:2:4:4:4:4:4:4:0,MUTATE
3:2:4:4:0:4:4:4:0:,recombination,15822.101060544486,4:3:4:4:4:0:0:2:4,1:1:4:4:0:4:4:4:0,MUTATE
3:2:4:4:0:4:4:4:0:,clone,15616.79811066692,2:2:4:4:0:4:4:4:0
3:2:4:4:0:4:4:4:0:,recombination,15550.461763224528,3:2:4:4:0:4:4:4:0,2:2:4:4:0:4:4:4:1,MUTATE
3:2:4:4:4:4:4:4:1:,recombination,14195.098992109954,2:2:4:4:2:4:4:4:1,3:2:4:4:0:4:4:4:0,MUTATE
2:1:4:4:0:4:4:4:0:,recombination,15378.71180803822,2:2:4:4:4:3:3:4:1,2:2:4:4:4:3:4:4:1
1:2:4:4:4:4:4:4:1:,clone,16793.63234946013,1:2:4:4:4:4:4:4:0
3:2:4:4:3:4:4:4:0:,recombination,15737.858799293459,3:2:4:4:4:0:1:1:3,4:2:4:4:4:4:4:4:2,MUTATE
4:4:4:4:4:3:4:4:4:,recombination,16685.173033245926,3:2:4:4:4:1:2:3:3,2:2:4:4:4:1:2:3:2,MUTATE
4:2:4:4:4:3:4:4:4:,clone,14259.743268703458,4:2:4:4:4:3:3:4:4
4:3:4:4:4:2:3:4:4:,clone,12814.755416570915,4:3:4:4:4:2:3:4:4
4:4:4:4:4:2:2:4:4:,clone,12413.402001694112,4:4:4:4:4:1:2:4:4
4:3:4:4:4:3:4:4:4:,recombination,14030.80961858404,1:2:4:4:0:4:4:4:0,3:2:4:4:0:4:4:4:1,MUTATE
4:2:4:4:4:3:4:4:4:,clone,14103.418209723843,4:2:4:4:4:3:4:4:4
4:2:4:4:4:4:4:4:3:,recombination,14438.932484999857,3:2:4:4:4:4:4:4:0,3:2:4:4:4:0:0:1:4
2:2:4:4:3:4:4:4:1:,clone,15586.438943334293,2:2:4:4:4:4:4:4:1
4:4:4:4:4:3:4:4:4:,clone,16565.1068461204,4:4:4:4:4:3:3:4:4
4:3:4:4:4:4:4:4:3:,clone,15255.03393960764,4:3:4:4:4:4:4:4:3
4:2:4:4:2:4:4:4:1:,recombination,15351.90415044992,4:4:4:4:4:3:3:4:4,2:2:4:4:4:4:4:4:1,MUTATE
4:4:4:4:4:0:0:0:4:,clone,11112.93893805206,1:2:4:4:0:4:4:4:0
4:4:4:4:4:0:0:0:4:,clone,10970.808167190751,4:4:4:4:4:0:0:0:4
4:4:4:4:4:0:0:2:4:,clone,11936.193446757958,4:4:4:4:4:0:0:2:4
4:3:4:4:4:3:4:4:3:,clone,16425.138301611885,4:3:4:4:4:3:4:4:3
2:2:4:4:4:4:4:4:1:,clone,14690.472581183787,2:2:4:4:4:4:4:4:1
4:2:4:4:4:4:4:4:3:,clone,14404.601449862828,4:2:4:4:4:4:4:4:3
4:2:4:4:4:4:4:4:3:,clone,14337.306255727717,4:2:4:4:4:4:4:4:3
0:1:4:4:0:4:4:4:0:,clone,19368.265264873833,1:1:4:4:0:4:4:4:0
1:2:4:4:3:4:4:4:0:,clone,16680.85120436648,1:2:4:4:3:4:4:4:0
1:2:4:4:3:4:4:4:0:,clone,16568.97061321116,1:2:4:4:3:4:4:4:0
1:2:4:4:2:4:4:4:0:,clone,16818.147461053934,1:2:4:4:2:4:4:4:0
1:2:4:4:1:4:4:4:0:,clone,17027.436010320504,1:2:4:4:1:4:4:4:0
3:2:4:4:1:4:4:4:0:,recombination,15346.41056468431,2:2:4:4:4:4:4:4:1,4:2:4:4:4:0:0:1:4
1:2:4:4:4:3:4:4:1:,recombination,17554.04640803384,4:3:4:4:4:1:1:4:4,4:2:4:4:4:0:0:3:4,MUTATE
2:2:4:4:3:4:4:4:0:,recombination,15181.866127883539,4:3:4:4:4:2:3:4:4,2:1:4:4:0:4:4:4:0,MUTATE
2:2:4:4:3:4:4:4:0:,clone,15129.86108101203,2:2:4:4:3:4:4:4:0
3:2:4:4:1:4:4:4:2:,recombination,16738.204885305568,4:3:4:4:4:2:2:4:4,4:2:4:4:4:1:1:2:4
4:2:4:4:1:4:4:4:2:,recombination,16655.14167646466,4:3:4:4:4:1:2:4:4,1:2:4:4:3:4:4:4:0,MUTATE
4:2:4:4:1:4:4:4:2:,clone,16437.817474924588,4:2:4:4:1:4:4:4:2
4:2:4:4:4:4:3:4:4:,recombination,15416.790988358523,2:2:4:4:2:4:4:4:0,4:3:4:4:4:3:3:4:4
2:2:4:4:3:4:4:4:1:,recombination,15290.340852163057,3:2:4:4:3:4:4:4:2,2:2:4:4:4:1:2:2:2,MUTATE
3:2:4:4:2:4:4:4:1:,recombination,15301.586349258341,3:2:4:4:1:4:4:4:0,3:2:4:4:4:2:2:4:3
3:2:4:4:2:4:4:4:1:,clone,14817.257056546841,3:2:4:4:2:4:4:4:1
3:2:4:4:4:3:3:4:2:,clone,14147.622584140501,3:2:4:4:4:3:3:4:2
4:2:4:4:4:3:4:4:3:,recombination,13800.706793828645,4:2:4:4:4:4:4:4:3,2:2:4:4:4:3:3:4:2,MUTATE
4:4:4:4:4:2:1:4:4:,clone,14908.670004735814,4:4:4:4:4:2:1:4:4
3:2:4:4:0:4:4:4:1:,clone,16059.758584845531,3:2:4:4:0:4:4:4:1
3:2:4:4:1:4:4:4:1:,recombination,15549.376509560858,3:2:4:4:3:4:4:4:1,3:2:4:4:4:3:4:4:1,MUTATE
4:4:4:4:4:0:0:1:4:,recombination,12030.700319554102,2:2:4:4:4:4:4:4:1,4:2:4:4:4:1:2:4:4,MUTATE
1:1:4:4:3:4:4:4:0:,clone,18456.76486932273,1:1:4:4:3:4:4:4:0
1:1:4:4:3:4:4:4:0:,recombination,17737.057827304678,4:4:4:4:4:3:2:4:4,1:1:4:4:0:4:4:4:0,MUTATE
1:1:4:4:3:4:4:4:0:,clone,17582.9156469574,1:1:4:4:3:4:4:4:0
1:1:4:4:3:4:4:4:0:,clone,17501.38168859927,1:1:4:4:3:4:4:4:0
1:2:4:4:2:4:4:4:0:,recombination,16809.33244892238,2:2:4:4:1:4:4:4:1,4:3:4:4:4:3:4:4:4
1:2:4:4:2:4:4:4:0:,clone,16431.20962472697,1:2:4:4:2:4:4:4:0
1:2:4:4:3:4:4:4:0:,clone,15904.058774462554,1:2:4:4:3:4:4:4:0
1:2:4:4:3:4:4:4:0:,recombination,15712.78843188251,4:2:4:4:4:4:4:4:3,2:2:4:4:4:0:0:1:3
1:2:4:4:2:4:4:4:0:,clone,16336.130086885241,1:2:4:4:2:4:4:4:0
4:2:4:4:4:3:4:4:4:,clone,14027.565099544761,4:2:4:4:4:3:4:4:4
4:2:4:4:1:4:4:4:1:,clone,16586.93167244892,4:2:4:4:1:4:4:4:1
4:4:4:4:4:4:3:4:4:,recombination,17053.931404913594,1:1:4:4:0:4:4:4:0,3:2:4:4:4:4:4:4:2,MUTATE
4:2:4:4:4:3:4:4:2:,recombination,14316.68093881661,4:2:4:4:4:3:3:4:3,3:2:4:4:3:4:4:4:2,MUTATE
4:3:4:4:4:4:4:4:2:,clone,16730.71286994876,4:2:4:4:4:4:4:4:2
4:4:4:4:4:3:3:4:4:,clone,14283.3810982361,4:4:4:4:4:2:3:4:4
4:2:4:4:3:4:4:4:1:,recombination,16283.830138225168,4:4:4:4:4:1:2:4:4,4:2:4:4:4:4:4:4:3
4:4:4:4:4:0:0:1:4:,clone,11401.917412198165,4:4:4:4:4:0:0:1:4
4:4:4:4:4:0:0:1:4:,clone,11401.917412198163,4:4:4:4:4:0:0:1:4
4:4:4:4:4:1:1:3:4:,recombination,12411.851175563545,1:1:4:4:0:4:4:4:0,4:2:4:4:4:1:1:4:4,MUTATE
4:4:4:4:4:0:0:2:4:,recombination,11218.891683977441,4:3:4:4:4:0:0:3:4,4:2:4:4:4:1:1:2:4,MUTATE
4:4:4:4:4:1:1:3:4:,recombination,12119.537127708012,4:4:4:4:4:3:3:4:4,4:2:4:4:4:1:1:4:4
4:4:4:4:4:0:1:2:4:,clone,11674.49637391987,4:4:4:4:4:0:1:2:4
4:4:4:4:4:1:1:2:4:,clone,11969.312680740948,4:4:4:4:4:1:1:2:4
4:4:4:4:4:0:0:2:4:,recombination,11200.223562206722,4:2:4:4:4:1:2:4:4,2:2:4:4:3:4:4:4:1
4:4:4:4:4:0:0:1:4:,clone,11191.899048631065,4:4:4:4:4:0:0:1:4
4:4:4:4:4:0:0:1:4:,clone,11167.934536510278,4:4:4:4:4:0:0:1:4
1:2:4:4:1:4:4:4:0:,recombination,16891.007359735548,4:2:4:4:3:4:4:4:2,2:2:4:4:1:4:4:4:0
2:2:4:4:2:4:4:4:0:,recombination,14939.339595569589,1:2:4:4:0:4:4:4:0,4:2:4:4:4:3:3:4:3
3:2:4:4:2:4:4:4:0:,clone,15583.882402915819,3:2:4:4:2:4:4:4:0
4:2:4:4:4:4:3:4:3:,clone,16796.87446715943,4:2:4:4:4:4:4:4:3
4:2:4:4:4:4:3:4:3:,clone,16662.226525192407,4:2:4:4:4:4:3:4:3
2:2:4:4:3:4:4:4:0:,clone,15106.20781050014,2:2:4:4:3:4:4:4:0
4:3:4:4:4:4:4:4:4:,clone,14731.674519197633,4:3:4:4:4:4:4:4:4
3:2:4:4:4:4:4:4:0:,recombination,15935.513884204425,3:2:4:4:1:4:4:4:1,4:3:4:4:4:4:4:4:4
4:2:4:4:4:1:1:4:3:,clone,14146.917768816076,4:2:4:4:4:1:1:4:4
3:2:4:4:4:3:3:4:2:,recombination,14063.002196617963,4:3:4:4:4:4:3:4:4,4:2:4:4:3:4:4:4:1,MUTATE
4:2:4:4:4:3:4:4:2:,recombination,14270.450307684587,4:4:4:4:4:2:2:4:4,3:2:4:4:4:2:3:4:2,MUTATE
4:2:4:4:4:3:4:4:2:,recombination,14104.990851561852,1:2:4:4:0:4:4:4:0,3:2:4:4:4:3:3:4:2,MUTATE
3:2:4:4:4:3:3:4:1:,clone,14187.791247776353,3:2:4:4:4:3:3:4:1
4:2:4:4:4:2:2:4:3:,recombination,13918.128337657932,2:2:4:4:3:4:4:4:1,1:2:4:4:2:4:4:4:0,MUTATE
4:2:4:4:4:2:2:4:3:,clone,13253.014017962101,4:2:4:4:4:2:2:4:3
4:2:4:4:4:2:2:4:3:,clone,13218.192467410177,4:2:4:4:4:2:2:4:3
3:2:4:4:1:4:4:4:0:,recombination,15137.85205687934,3:2:4:4:1:4:4:4:1,4:4:4:4:4:3:3:4:4
4:2:4:4:4:3:3:4:2:,recombination,15114.42895817224,2:2:4:4:3:4:4:4:1,4:2:4:4:4:4:4:4:4
4:2:4:4:4:1:2:4:3:,recombination,12476.696877915634,4:3:4:4:4:0:0:2:4,4:2:4:4:4:2:2:4:3
4:2:4:4:4:2:2:4:3:,clone,13028.233378113124,4:2:4:4:4:1:2:4:3
1:2:4:4:4:3:3:4:1:,clone,16921.663474174988,4:2:4:4:4:3:3:4:3
1:2:4:4:4:3:4:4:1:,clone,16532.428000537893,4:2:4:4:4:4:4:4:3
4:2:4:4:1:4:4:4:1:,clone,16381.034772915666,4:2:4:4:1:4:4:4:1
4:2:4:4:1:4:4:4:1:,recombination,16211.348559701502,4:2:4:4:4:3:4:4:4,3:2:4:4:4:2:3:3:3,MUTATE
4:2:4:4:3:4:4:4:1:,recombination,15955.127105744727,4:2:4:4:4:4:4:4:2,3:2:4:4:3:4:4:4:2,MUTATE
3:2:4:4:4:4:4:4:2:,clone,14620.018597669985,3:2:4:4:4:4:4:4:2
3:2:4:4:3:4:4:4:0:,clone,15650.988129035815,3:2:4:4:3:4:4:4:0
3:2:4:4:3:4:4:4:0:,clone,15318.363701039198,3:2:4:4:3:4:4:4:0
3:2:4:4:3:4:4:4:0:,clone,15291.93504204289,3:2:4:4:3:4:4:4:0
3:2:4:4:3:4:4:4:0:,clone,15255.515119929167,3:2:4:4:3:4:4:4:0
2:2:4:4:1:4:4:4:0:,recombination,14770.005941995118,3:2:4:4:4:2:2:4:2,4:2:4:4:4:1:1:4:4,MUTATE
2:2:4:4:1:4:4:4:0:,recombination,14561.06700056158,4:4:4:4:4:0:0:2:4,2:2:4:4:1:4:4:4:0
2:2:4:4:3:4:4:4:1:,recombination,15184.634875719757,2:2:4:4:1:4:4:4:0,3:2:4:4:4:2:3:4:2
3:2:4:4:0:4:4:4:0:,recombination,15514.21974336934,2:2:4:4:3:4:4:4:0,3:2:4:4:4:0:0:1:4
0:2:4:4:0:4:4:4:0:,clone,19289.411143501275,1:2:4:4:0:4:4:4:0
0:1:4:4:0:4:4:4:0:,clone,18930.57420983818,0:1:4:4:0:4:4:4:0
4:4:4:4:4:0:0:0:4:,clone,10820.112507443218,1:2:4:4:0:4:4:4:0
4:4:4:4:4:0:0:0:4:,recombination,10495.134491003673,4:4:4:4:4:0:0:0:4,3:2:4:4:2:4:4:4:0,MUTATE
4:4:4:4:4:0:1:1:4:,clone,12078.019498210455,4:4:4:4:4:0:1:1:4
3:2:4:4:0:4:4:4:0:,recombination,15378.986689093426,4:4:4:4:4:3:3:4:4,3:2:4:4:4:0:0:1:4
3:2:4:4:4:4:4:4:0:,recombination,15773.23418409481,4:2:4:4:4:3:3:4:3,2:2:4:4:4:3:4:4:1,MUTATE
4:3:4:4:4:4:4:4:2:,clone,16518.92530308529,4:3:4:4:4:4:4:4:2
4:2:4:4:1:4:4:4:0:,clone,16730.712869948755,2:2:4:4:0:4:4:4:0
4:2:4:4:4:4:4:4:1:,clone,14323.421127223071,4:2:4:4:4:4:4:4:1
4:2:4:4:4:4:4:4:1:,recombination,14323.421127223068,4:2:4:4:4:1:1:2:4,4:2:4:4:4:4:4:4:1
4:2:4:4:1:4:4:4:0:,clone,16541.279124489654,4:2:4:4:1:4:4:4:0
4:2:4:4:1:4:4:4:0:,recombination,16463.622735107394,1:2:4:4:0:4:4:4:0,1:1:4:4:0:4:4:4:0,MUTATE
1:1:4:4:4:3:3:4:1:,clone,17111.565056025644,4:2:4:4:4:4:4:4:3
4:3:4:4:4:1:3:4:4:,recombination,14727.119552543823,4:3:4:4:4:4:4:4:3,4:4:4:4:4:0:0:1:4,MUTATE
3:2:4:4:4:4:4:4:3:,recombination,16773.593475432663,2:2:4:4:2:4:4:4:1,4:4:4:4:4:0:0:4:4
4:2:4:4:4:3:4:4:2:,clone,13998.253367095273,4:2:4:4:4:3:4:4:2
4:2:4:4:4:3:4:4:2:,clone,13974.320304171219,4:2:4:4:4:3:4:4:2
4:2:4:4:4:3:4:4:2:,clone,13861.369706606507,4:2:4:4:4:3:4:4:2
1:1:4:4:4:3:4:4:1:,recombination,18380.999983582205,4:3:4:4:4:1:1:3:4,3:2:4:4:4:1:2:4:3,MUTATE
1:1:4:4:4:3:4:4:1:,clone,18040.56789046251,1:1:4:4:4:3:4:4:1
1:1:4:4:4:3:4:4:1:,recombination,17247.537304112735,2:2:4:4:4:3:3:4:2,4:2:4:4:4:2:2:4:4
2:1:4:4:4:4:4:4:1:,recombination,15849.845873990222,2:2:4:4:3:4:4:4:1,2:2:4:4:2:4:4:4:1,MUTATE
2:2:4:4:4:4:4:4:1:,clone,14193.61148365698,2:2:4:4:4:4:4:4:1
3:2:4:4:4:4:4:4:2:,clone,14413.408642409388,3:2:4:4:4:4:4:4:2
3:2:4:4:4:4:4:4:2:,clone,14175.263004062912,3:2:4:4:4:4:4:4:2
2:2:4:4:1:4:4:4:1:,recombination,15524.100729713053,3:2:4:4:3:4:4:4:2,4:2:4:4:4:4:4:4:2,MUTATE
4:4:4:4:4:2:1:4:4:,clone,14683.363857672008,4:4:4:4:4:2:1:4:4
4:3:4:4:4:2:3:4:4:,clone,12640.624348480607,4:3:4:4:4:2:2:4:4
4:2:4:4:2:4:4:4:0:,clone,16730.712869948755,2:2:4:4:2:4:4:4:0
4:2:4:4:2:4:4:4:0:,clone,16500.991806887137,4:2:4:4:2:4:4:4:0
2:2:4:4:0:4:4:4:1:,recombination,16294.140895642126,4:4:4:4:4:3:3:4:4,3:2:4:4:4:3:4:4:3,MUTATE
2:2:4:4:0:4:4:4:1:,clone,16180.210666514544,2:2:4:4:0:4:4:4:1
2:1:4:4:1:4:4:4:0:,clone,16904.44325128213,2:1:4:4:1:4:4:4:0
2:2:4:4:2:4:4:4:0:,clone,14937.636001165281,2:2:4:4:2:4:4:4:0
4:3:4:4:4:4:4:4:4:,recombination,14535.8104264624,1:2:4:4:0:4:4:4:0,3:2:4:4:0:4:4:4:1,MUTATE
4:2:4:4:4:4:4:4:4:,clone,14214.971560609318,4:2:4:4:4:4:4:4:4
4:3:4:4:4:3:4:4:4:,clone,13889.938318069439,4:3:4:4:4:3:4:4:4
4:2:4:4:4:3:4:4:4:,clone,14019.472098485841,4:2:4:4:4:3:4:4:4
4:2:4:4:4:4:4:4:2:,recombination,14307.313040798506,2:2:4:4:4:2:3:4:2,3:2:4:4:4:0:1:1:3
2:2:4:4:2:4:4:4:0:,clone,14730.795092094106,2:2:4:4:2:4:4:4:0
1:1:4:4:4:4:4:4:0:,recombination,16415.973569318277,4:2:4:4:4:2:2:4:3,2:1:4:4:4:4:4:4:1
1:2:4:4:2:4:4:4:0:,recombination,15996.552129965181,2:2:4:4:4:4:4:4:0,3:2:4:4:4:4:4:4:0
1:2:4:4:2:4:4:4:0:,clone,15919.917342281171,1:2:4:4:2:4:4:4:0
4:3:4:4:4:0:1:2:4:,recombination,11169.026958932183,1:1:4:4:3:4:4:4:0,4:2:4:4:1:4:4:4:0,MUTATE
4:3:4:4:4:2:1:4:4:,recombination,13446.363719726112,4:4:4:4:4:3:2:4:4,4:2:4:4:4:2:2:4:4
4:3:4:4:4:0:0:0:4:,clone,11360.000153368013,4:3:4:4:4:0:0:0:4
4:3:4:4:4:1:2:4:4:,recombination,11910.058968432842,4:2:4:4:4:0:1:3:4,3:2:4:4:0:4:4:4:0,MUTATE
3:2:4:4:4:2:2:3:3:,recombination,12629.60788941194,4:2:4:4:4:3:4:4:4,3:2:4:4:4:4:4:4:0,MUTATE
4:2:4:4:4:2:3:4:3:,recombination,13202.88038080478,3:2:4:4:4:3:3:4:2,4:2:4:4:4:0:1:3:4
3:2:4:4:4:3:3:4:3:,clone,14249.87996462616,4:2:4:4:4:3:3:4:3
2:1:4:4:3:4:4:4:0:,recombination,18429.86433757505,2:1:4:4:0:4:4:4:0,4:4:4:4:4:0:0:1:4,MUTATE
1:1:4:4:1:4:4:4:0:,clone,18086.802003554683,1:2:4:4:1:4:4:4:0
1:1:4:4:1:4:4:4:0:,clone,17328.270649135888,2:2:4:4:1:4:4:4:0
4:4:4:4:4:0:0:4:4:,clone,12341.847721236933,4:4:4:4:4:0:1:4:4
4:3:4:4:3:4:4:4:2:,clone,16730.71286994875,3:2:4:4:1:4:4:4:1
4:3:4:4:3:4:4:4:2:,clone,16594.311238387527,4:3:4:4:3:4:4:4:2
4:3:4:4:3:4:4:4:2:,clone,16304.004179277039,4:3:4:4:3:4:4:4:2
4:2:4:4:1:4:4:4:1:,clone,15599.217779465045,4:2:4:4:1:4:4:4:1
3:2:4:4:1:4:4:4:1:,recombination,15378.56929651989,3:2:4:4:4:4:4:4:2,3:2:4:4:1:4:4:4:1,MUTATE
3:2:4:4:0:4:4:4:1:,recombination,15811.416057935898,4:4:4:4:4:0:0:2:4,3:2:4:4:4:4:4:4:2,MUTATE
3:2:4:4:0:4:4:4:1:,recombination,15740.75309972373,4:2:4:4:4:3:4:4:3,3:2:4:4:0:4:4:4:1,MUTATE
1:2:4:4:4:3:4:4:0:,clone,19119.322638836824,1:2:4:4:0:4:4:4:0
1:1:4:4:2:4:4:4:0:,recombination,17140.774708288172,1:1:4:4:0:4:4:4:0,1:1:4:4:0:4:4:4:0
1:1:4:4:2:4:4:4:0:,clone,16971.35030389154,1:1:4:4:2:4:4:4:0
1:1:4:4:2:4:4:4:0:,recombination,16761.70134477252,2:2:4:4:0:4:4:4:1,1:1:4:4:0:4:4:4:0
1:1:4:4:2:4:4:4:0:,clone,16547.562843322998,1:1:4:4:2:4:4:4:0
1:1:4:4:3:4:4:4:0:,clone,16346.90104829005,1:1:4:4:2:4:4:4:0
1:1:4:4:2:4:4:4:0:,clone,16514.557162569316,1:1:4:4:2:4:4:4:0
1:1:4:4:2:4:4:4:0:,clone,16504.34433599973,1:1:4:4:2:4:4:4:0
4:2:4:4:4:4:3:4:4:,clone,14988.223311952244,4:2:4:4:4:4:3:4:4
1:2:4:4:4:2:2:4:1:,recombination,16657.647976313823,1:2:4:4:4:3:4:4:1,4:2:4:4:4:1:2:3:4,MUTATE
4:4:4:4:4:0:0:3:4:,recombination,10794.020587052335,3:2:4:4:4:4:4:4:2,4:4:4:4:4:0:0:4:4
3:2:4:4:4:4:4:4:2:,clone,14025.55609009964,3:2:4:4:4:4:4:4:2
4:3:4:4:4:4:3:4:4:,recombination,14948.962815230878,2:2:4:4:1:4:4:4:1,2:2:4:4:4:4:4:4:1,MUTATE
2:2:4:4:4:4:4:4:0:,clone,14847.225240138729,2:2:4:4:4:4:4:4:0
4:3:4:4:4:2:3:4:4:,clone,12548.082910256337,4:3:4:4:4:2:3:4:4
4:3:4:4:4:2:3:4:4:,clone,12536.532832140947,4:3:4:4:4:2:3:4:4
4:3:4:4:4:2:3:4:4:,clone,12531.121174536092,4:3:4:4:4:2:3:4:4
2:2:4:4:4:4:4:4:0:,clone,14607.715211297103,2:2:4:4:4:4:4:4:0
4:2:4:4:4:3:4:4:3:,clone,13688.513296550092,4:2:4:4:4:3:4:4:3
4:2:4:4:4:3:4:4:3:,clone,13414.568667398591,4:2:4:4:4:3:4:4:3
4:2:4:4:4:3:4:4:4:,clone,13844.089409026732,4:2:4:4:4:3:4:4:4
4:2:4:4:4:4:4:4:4:,recombination,14061.828496240543,4:2:4:4:4:3:4:4:3,4:2:4:4:4:1:2:3:4,MUTATE
4:3:4:4:4:2:3:4:4:,recombination,12488.798925178788,2:2:4:4:3:4:4:4:0,4:3:4:4:4:2:3:4:4
4:2:4:4:4:3:3:4:4:,clone,12979.985979619514,4:2:4:4:4:3:3:4:4
4:3:4:4:4:2:3:4:4:,clone,12481.104858633607,4:3:4:4:4:2:3:4:4
4:3:4:4:4:3:3:4:4:,clone,13128.784595879248,4:3:4:4:4:2:3:4:4
3:2:4:4:2:4:4:4:2:,recombination,15838.213896120289,4:3:4:4:4:1:2:4:4,1:2:4:4:3:4:4:4:0
3:2:4:4:3:4:4:4:2:,recombination,15723.603365282266,4:2:4:4:4:3:3:4:4,4:4:4:4:4:3:3:4:4,MUTATE
4:2:4:4:4:3:4:4:4:,recombination,13805.482926919722,4:4:4:4:4:0:0:3:4,4:4:4:4:4:0:0:0:4,MUTATE
4:2:4:4:4:4:4:4:3:,recombination,14102.112685799295,4:2:4:4:4:3:4:4:3,4:4:4:4:4:1:1:2:4
4:2:4:4:4:4:4:4:3:,recombination,14042.23495171706,4:2:4:4:4:4:4:4:3,4:3:4:4:4:3:3:4:4,MUTATE
4:2:4:4:4:3:4:4:4:,recombination,13709.783047195317,4:4:4:4:4:0:0:4:4,4:4:4:4:4:3:3:4:4,MUTATE
4:2:4:4:4:3:4:4:4:,clone,13547.125331108946,4:2:4:4:4:3:4:4:4
4:2:4:4:4:4:4:4:3:,clone,13987.130650039153,4:2:4:4:4:4:4:4:3
3:2:4:4:1:4:4:4:1:,clone,15349.183331978842,3:2:4:4:1:4:4:4:1
3:2:4:4:2:4:4:4:2:,recombination,15526.065093628495,4:2:4:4:4:3:3:4:4,3:2:4:4:0:4:4:4:0,MUTATE
2:2:4:4:1:4:4:4:1:,clone,15212.926186744546,2:2:4:4:1:4:4:4:1
3:2:4:4:1:4:4:4:1:,clone,15258.801292992548,3:2:4:4:1:4:4:4:1
3:2:4:4:1:4:4:4:1:,recombination,15154.195927127917,4:2:4:4:4:4:4:4:3,2:2:4:4:2:4:4:4:0
3:2:4:4:1:4:4:4:1:,clone,15125.058771287037,3:2:4:4:1:4:4:4:1
4:4:4:4:4:2:1:4:4:,clone,14101.41679568656,4:4:4:4:4:2:1:4:4
1:2:4:4:3:4:4:4:0:,clone,15668.161881729859,1:2:4:4:3:4:4:4:0
1:2:4:4:3:4:4:4:0:,clone,15089.618084439075,1:2:4:4:3:4:4:4:0
1:2:4:4:1:4:4:4:0:,recombination,16390.08165398695,4:2:4:4:4:3:3:4:3,4:2:4:4:4:3:4:4:3,MUTATE
1:1:4:4:1:4:4:4:0:,clone,16974.633382854532,1:1:4:4:1:4:4:4:0
2:1:4:4:3:4:4:4:0:,clone,15299.630158443037,1:1:4:4:3:4:4:4:0
1:1:4:4:4:4:4:4:0:,recombination,16412.128671799615,1:2:4:4:3:4:4:4:0,2:2:4:4:4:3:3:4:2
1:1:4:4:4:4:4:4:0:,clone,16390.845734371924,1:1:4:4:4:4:4:4:0
1:1:4:4:4:4:4:4:0:,recombination,15971.165114115707,3:2:4:4:1:4:4:4:1,2:2:4:4:2:4:4:4:0
1:1:4:4:4:4:4:4:0:,recombination,15963.216991149518,2:2:4:4:4:2:3:4:2,4:2:4:4:4:1:1:4:4,MUTATE
1:2:4:4:4:4:4:4:0:,clone,15742.430795059956,1:1:4:4:4:4:4:4:0
1:2:4:4:4:4:4:4:0:,recombination,15454.734962097518,2:2:4:4:4:4:4:4:1,4:2:4:4:4:4:4:4:3,MUTATE
2:1:4:4:2:4:4:4:0:,recombination,15484.236207066306,2:2:4:4:2:4:4:4:1,4:2:4:4:4:3:4:4:3
2:2:4:4:2:4:4:4:0:,recombination,14232.627804845708,4:2:4:4:4:2:2:3:4,1:1:4:4:1:4:4:4:0,MUTATE
2:1:4:4:3:4:4:4:0:,clone,15057.648299569397,2:1:4:4:3:4:4:4:0
1:1:4:4:2:4:4:4:0:,recombination,15728.147030729857,4:3:4:4:4:3:4:4:4,4:2:4:4:4:3:4:4:3
2:2:4:4:3:4:4:4:0:,recombination,14936.331361170478,4:2:4:4:4:0:1:1:4,2:1:4:4:3:4:4:4:0,MUTATE
2:2:4:4:3:4:4:4:0:,clone,14667.045584955644,2:2:4:4:3:4:4:4:0
4:2:4:4:4:4:4:4:2:,recombination,14174.015551427052,2:2:4:4:4:4:4:4:1,4:4:4:4:4:0:0:2:4
4:2:4:4:4:4:4:4:2:,recombination,14022.613440551071,1:2:4:4:4:4:4:4:0,3:2:4:4:4:2:3:4:2,MUTATE
3:2:4:4:1:4:4:4:1:,clone,14876.913797498964,3:2:4:4:1:4:4:4:1
2:1:4:4:1:4:4:4:0:,clone,16278.24512851064,2:2:4:4:1:4:4:4:0
3:2:4:4:3:4:4:4:0:,recombination,15098.720894217306,4:4:4:4:4:1:1:3:4,3:2:4:4:0:4:4:4:0,MUTATE
3:2:4:4:3:4:4:4:1:,clone,14785.17317287761,3:2:4:4:3:4:4:4:1
4:4:4:4:4:0:1:3:4:,clone,11524.21350840696,4:4:4:4:4:0:1:4:4
4:3:4:4:4:1:2:3:4:,clone,12175.668937935567,4:3:4:4:4:1:2:3:4
2:1:4:4:3:4:4:4:1:,recombination,19272.234845704053,3:2:4:4:4:2:2:2:3,4:3:4:4:4:3:3:4:4
2:1:4:4:3:4:4:4:1:,recombination,18962.333545355,3:2:4:4:4:2:3:3:3,4:2:4:4:4:4:4:4:2
4:2:4:4:4:4:4:4:2:,recombination,13969.042485133594,4:3:4:4:4:3:4:4:4,2:2:4:4:1:4:4:4:1
4:4:4:4:4:0:1:2:4:,clone,11536.465787128704,4:4:4:4:4:0:1:2:4
4:4:4:4:4:0:1:2:4:,clone,11468.662149132695,4:4:4:4:4:0:1:2:4
4:4:4:4:4:0:1:4:4:,recombination,10982.4959370802,4:2:4:4:4:2:3:4:4,4:4:4:4:4:0:0:2:4,MUTATE
4:4:4:4:4:0:0:2:4:,clone,11125.002240379717,4:4:4:4:4:0:0:2:4
2:2:4:4:4:3:4:4:2:,clone,15583.874799622188,2:2:4:4:4:4:4:4:1
3:2:4:4:4:3:3:4:3:,recombination,13996.569741132289,2:2:4:4:2:4:4:4:1,4:4:4:4:4:0:0:1:4,MUTATE
4:2:4:4:0:4:4:4:0:,clone,16730.712869948755,2:2:4:4:0:4:4:4:0
4:2:4:4:0:4:4:4:0:,clone,16473.33759478749,4:2:4:4:0:4:4:4:0
4:3:4:4:4:3:4:4:3:,clone,16199.846095600458,4:3:4:4:4:3:4:4:3
1:2:4:4:0:4:4:4:0:,clone,14475.618270325216,1:2:4:4:0:4:4:4:0
4:4:4:4:4:1:1:4:4:,clone,11557.357933034571,4:4:4:4:4:1:1:4:4
2:2:4:4:3:4:4:4:1:,clone,14881.729795258427,2:2:4:4:3:4:4:4:1
3:2:4:4:1:4:4:4:0:,clone,14939.689662195637,3:2:4:4:1:4:4:4:0
4:3:4:4:4:3:4:4:3:,recombination,15948.618991633848,3:2:4:4:4:1:2:1:3,3:2:4:4:1:4:4:4:0,MUTATE
4:4:4:4:4:1:1:4:4:,clone,11503.794254504683,4:4:4:4:4:1:1:4:4
4:4:4:4:4:0:0:2:4:,recombination,11028.345513636637,3:2:4:4:4:4:4:4:2,3:2:4:4:2:4:4:4:1
4:4:4:4:4:1:0:3:4:,recombination,13061.214071142707,4:2:4:4:2:4:4:4:2,3:1:4:4:4:1:1:1:3,MUTATE
3:2:4:4:4:4:4:4:1:,recombination,14167.150653668985,1:2:4:4:2:4:4:4:0,4:3:4:4:4:1:2:4:4,MUTATE
2:2:4:4:0:4:4:4:1:,clone,15993.744813292358,2:2:4:4:0:4:4:4:1
2:2:4:4:0:4:4:4:1:,clone,15868.682832519551,2:2:4:4:0:4:4:4:1
