3:3:4:4:4:2:3:4:3:,initialisation,5627.328258266763,
4:4:4:4:4:1:1:4:4:,initialisation,5687.658795360898,
4:4:4:4:4:2:2:3:4:,initialisation,5233.564478263583,
4:4:4:4:4:1:2:4:4:,initialisation,5931.882862395653,
4:4:4:4:4:3:3:4:4:,initialisation,6022.580075226178,
4:4:4:4:4:2:3:4:4:,initialisation,5964.663063099516,
4:4:4:4:4:2:2:4:4:,initialisation,6106.661252468281,
4:4:4:4:4:1:1:4:4:,initialisation,5338.578454504272,
4:4:4:4:4:2:2:4:4:,initialisation,6055.265952183801,
4:4:4:4:4:2:2:4:4:,initialisation,5811.312699379721,
4:4:4:4:4:2:1:4:4:,initialisation,6055.2659521838,
4:4:4:4:4:1:1:3:4:,initialisation,4792.067364622119,
4:3:4:4:4:3:3:4:3:,initialisation,5977.207757947078,
4:4:4:4:4:2:2:4:4:,initialisation,5524.914434007673,
4:4:4:4:4:2:2:4:4:,initialisation,5045.262606598678,
4:4:4:4:4:1:2:4:4:,initialisation,5869.358410123811,
4:3:4:4:4:1:2:3:4:,initialisation,5736.327025178072,
4:4:4:4:4:1:1:4:4:,initialisation,5313.245887152189,
4:4:4:4:4:2:2:4:4:,initialisation,4978.865483650098,
4:4:4:4:4:3:2:4:4:,initialisation,6055.265952183801,
4:4:4:4:4:1:2:4:4:,initialisation,5315.79594730371,
4:3:4:4:4:3:3:4:4:,initialisation,6055.265952183801,
4:4:4:4:4:1:2:4:4:,initialisation,5212.183089402726,
4:3:4:4:4:1:2:3:4:,initialisation,4542.678530090447,
4:3:4:4:4:2:3:4:4:,initialisation,5878.854071751493,
4:4:4:4:4:3:3:4:4:,initialisation,5778.32405561514,
3:3:4:4:4:4:4:4:2:,initialisation,6613.230834820127,
4:4:4:4:4:0:1:4:4:,initialisation,5617.50109338204,
4:4:4:4:4:1:1:4:4:,initialisation,5156.990525222642,
4:3:4:4:4:3:4:4:3:,initialisation,6872.6695072031725,
4:4:4:4:4:3:2:4:4:,initialisation,5592.081363842502,
4:3:4:4:4:3:3:4:4:,initialisation,6002.840707462007,
4:3:4:4:4:2:2:3:4:,initialisation,5398.410753419442,
4:4:4:4:4:3:3:4:4:,initialisation,5565.542361763591,
4:4:4:4:4:0:1:2:4:,initialisation,4591.82129069573,
4:4:4:4:4:2:3:4:4:,initialisation,5627.470137611438,
4:3:4:4:4:3:3:4:4:,initialisation,5971.952500082007,
3:3:4:4:4:1:3:4:3:,initialisation,5257.054152836255,
4:3:4:4:4:1:2:3:4:,initialisation,4491.128482102303,
4:3:4:4:4:2:3:4:4:,initialisation,5747.305556596947,
4:4:4:4:4:1:2:3:4:,initialisation,5831.0449891662565,
4:3:4:4:4:3:3:4:4:,initialisation,5523.160418326223,
3:3:4:4:4:3:3:4:3:,initialisation,5685.191763863735,
4:4:4:4:4:2:2:3:4:,initialisation,5140.920900195256,
2:2:4:4:4:3:3:4:2:,initialisation,5477.199080322169,
4:4:4:4:4:1:2:2:4:,initialisation,5241.7425462675865,
4:4:4:4:4:1:1:2:4:,initialisation,4914.758075179307,
4:4:4:4:4:2:2:2:4:,initialisation,5544.46206862848,
4:3:4:4:4:0:2:1:4:,initialisation,4688.445330457375,
4:4:4:4:4:1:1:3:4:,initialisation,4596.903539699771,
4:4:4:4:4:1:2:3:4:,initialisation,5127.815883489383,
4:3:4:4:4:2:3:4:4:,initialisation,5258.342578574566,
4:4:4:4:4:1:2:4:4:,initialisation,5039.790239508349,
4:4:4:4:4:3:2:4:4:,initialisation,5196.627020720792,
4:4:4:4:4:2:3:4:4:,initialisation,5300.221647552832,
4:4:4:4:4:0:1:4:4:,initialisation,4904.7849559891565,
4:4:4:4:4:2:1:4:4:,initialisation,5874.479501223401,
4:4:4:4:4:1:3:4:4:,initialisation,6005.687427749747,
4:4:4:4:4:0:0:1:4:,initialisation,4941.134028755589,
4:3:4:4:4:3:3:4:4:,initialisation,5137.139810303385,
4:3:4:4:4:2:3:4:3:,initialisation,6390.022986641085,
4:4:4:4:4:4:3:4:4:,initialisation,6055.265952183799,
4:3:4:4:4:4:3:4:3:,initialisation,5596.3081967064145,
4:3:4:4:4:2:2:2:4:,initialisation,5988.212367705435,
3:3:4:4:4:3:3:4:2:,initialisation,6152.256669997381,
4:3:4:4:4:2:3:4:3:,initialisation,5421.91047097854,
4:4:4:4:4:1:1:4:4:,initialisation,4730.065864074692,
4:3:4:4:4:2:2:3:4:,initialisation,5310.373207372234,
4:4:4:4:4:0:1:3:4:,initialisation,4861.899259936783,
3:3:4:4:4:2:3:4:3:,initialisation,5342.990556340041,
4:3:4:4:4:1:2:4:4:,initialisation,4741.256983309717,
4:4:4:4:4:1:2:4:4:,initialisation,4794.987398763302,
3:3:4:4:4:3:3:4:3:,initialisation,5058.100577878667,
4:4:4:4:4:2:1:3:4:,initialisation,5753.928104069576,
3:3:4:4:4:3:3:4:2:,initialisation,5916.932964526468,
2:3:4:4:4:4:4:4:2:,initialisation,6751.8353625509535,
4:3:4:4:4:2:2:4:4:,initialisation,5506.736513759463,
3:3:4:4:4:2:3:3:3:,initialisation,5437.289697643402,
4:4:4:4:4:0:0:2:4:,initialisation,5290.455538690761,
4:3:4:4:4:2:2:4:4:,initialisation,4681.960066280453,
4:4:4:4:4:2:2:4:4:,initialisation,4960.878312608304,
2:3:4:4:4:2:3:4:2:,initialisation,5992.954548023189,
4:4:4:4:4:0:0:0:4:,initialisation,4316.582622400258,
4:4:4:4:4:1:3:4:4:,initialisation,5118.276325873272,
3:3:4:4:4:4:3:4:3:,initialisation,5865.740969664225,
3:3:4:4:4:2:2:3:3:,initialisation,5037.64603900993,
4:4:4:4:4:2:3:4:4:,initialisation,5294.233793428357,
4:4:4:4:4:0:2:4:4:,initialisation,5405.409401210953,
4:4:4:4:4:2:2:3:4:,initialisation,4901.181520128022,
4:4:4:4:4:2:1:4:4:,initialisation,5425.848384924859,
4:3:4:4:4:1:3:4:4:,initialisation,6120.496573778832,
4:4:4:4:4:1:1:2:4:,initialisation,4901.784747835293,
2:3:4:4:4:4:4:4:2:,initialisation,6700.812798486347,
3:3:4:4:4:2:3:4:3:,initialisation,5204.809872354313,
3:4:4:4:4:2:3:4:3:,initialisation,5189.73402685419,
4:4:4:4:4:3:3:4:4:,initialisation,5336.7178013296825,
4:3:4:4:4:3:3:4:3:,initialisation,5847.20343959944,
4:4:4:4:4:1:2:3:4:,initialisation,4945.368529003255,
4:4:4:4:4:2:1:3:4:,initialisation,5278.573742339913,
4:4:4:4:4:4:3:4:4:,initialisation,5941.621937773194,
4:4:4:4:4:2:2:3:4:,initialisation,4732.060402251076,
4:4:4:4:4:0:2:4:4:,initialisation,5111.325870809971,
4:4:4:4:4:3:2:4:4:,initialisation,4966.113903583781,
4:3:4:4:4:4:3:4:4:,initialisation,6225.992359858357,
4:4:4:4:4:3:3:3:4:,initialisation,6316.5834829467685,
3:3:4:4:4:4:3:4:3:,initialisation,5754.489170726097,
4:4:4:4:4:3:2:3:4:,initialisation,6067.383588978399,
4:4:4:4:4:1:2:2:4:,initialisation,5182.002716948632,
4:3:4:4:4:3:3:4:3:,initialisation,5807.649169502083,
4:4:4:4:4:1:1:2:4:,initialisation,4403.301169581566,
4:4:4:4:4:1:2:4:4:,initialisation,4725.056162555209,
4:3:4:4:4:1:2:2:4:,initialisation,5506.049340615289,
4:4:4:4:4:1:1:1:4:,initialisation,4263.135388469842,
3:3:4:4:4:2:3:4:3:,initialisation,4970.208789813408,
3:3:4:4:4:3:4:4:3:,initialisation,6615.945284052716,
3:3:4:4:4:3:4:4:3:,initialisation,6364.318593793787,
3:3:4:4:4:2:3:4:3:,initialisation,4873.588971992113,
4:4:4:4:4:0:1:3:4:,initialisation,4830.110844898686,
2:2:4:4:4:4:4:4:2:,initialisation,5684.5299312190355,
4:3:4:4:4:1:1:4:4:,initialisation,4829.526120026851,
4:4:4:4:4:3:3:4:4:,initialisation,5335.007193173136,
4:3:4:4:4:1:1:3:4:,initialisation,4840.966919178851,
4:3:4:4:4:2:3:4:4:,initialisation,5172.5923576571895,
4:4:4:4:4:2:1:4:4:,initialisation,5073.835959243996,
4:3:4:4:4:4:3:4:4:,initialisation,5855.03763221165,
4:4:4:4:4:2:3:4:4:,initialisation,5118.479179197593,
2:3:4:4:4:4:4:4:2:,initialisation,5309.56220839933,
2:2:4:4:4:2:3:4:2:,initialisation,5665.564836353532,
4:4:4:4:4:2:2:1:4:,initialisation,5523.21353233293,
3:3:4:4:4:3:2:4:3:,initialisation,5529.776606067543,
4:4:4:4:4:1:2:3:4:,initialisation,4399.395471291321,
4:4:4:4:4:2:3:3:4:,initialisation,6145.782375354746,
4:4:4:4:4:2:2:4:4:,initialisation,4871.882545568458,
2:3:4:4:4:3:4:4:2:,initialisation,5454.974204452847,
4:4:4:4:4:3:2:3:4:,initialisation,6000.378377296664,
4:3:4:4:4:3:3:4:3:,initialisation,5768.2605743610475,
4:4:4:4:4:2:1:3:4:,initialisation,4986.123667229205,
4:4:4:4:4:1:2:2:4:,initialisation,5011.494784361236,
4:3:4:4:4:2:2:3:4:,initialisation,5265.990675854874,
4:3:4:4:4:2:2:3:4:,initialisation,4843.5179529527695,
4:4:4:4:4:2:2:2:4:,initialisation,5105.044919952638,
4:4:4:4:4:3:3:4:4:,initialisation,5304.923716068978,
4:4:4:4:4:1:3:4:4:,initialisation,4946.453029949188,
3:3:4:4:4:1:2:4:3:,initialisation,5441.290303369582,
4:3:4:4:4:2:2:1:4:,initialisation,4863.530861282834,
3:3:4:4:4:3:3:3:3:,initialisation,6025.92719531505,
4:4:4:4:4:0:1:1:4:,initialisation,4995.154486073635,
3:3:4:4:4:2:2:4:3:,initialisation,5327.200147702164,
4:3:4:4:4:1:2:4:4:,initialisation,4635.461791792277,
2:3:4:4:4:2:3:4:2:,initialisation,5552.5360549938005,
3:3:4:4:4:3:3:4:3:,initialisation,4787.936880681125,
2:3:4:4:4:3:4:4:2:,initialisation,5424.023759907272,
4:3:4:4:4:1:1:2:4:,initialisation,4456.118912785402,
4:4:4:4:4:3:3:4:4:,initialisation,5300.464535030119,
4:4:4:4:4:0:1:2:4:,initialisation,4343.813368834439,
4:4:4:4:4:0:1:1:4:,initialisation,4781.848478522132,
4:4:4:4:4:0:1:3:4:,initialisation,4455.899944598628,
4:3:4:4:4:2:3:4:4:,initialisation,4912.9449524588235,
4:3:4:4:4:1:3:4:4:,initialisation,5751.9846103667915,
4:3:4:4:4:2:2:2:4:,initialisation,5558.719554604299,
1:2:4:3:0:4:4:4:0:,initialisation,6148.615429891064,
4:4:4:4:4:1:2:4:4:,initialisation,4606.347557001715,
4:4:4:4:4:0:1:2:4:,initialisation,4273.274049754415,
4:3:4:4:4:3:3:4:3:,initialisation,5603.157605599766,
4:3:4:4:4:3:2:4:4:,initialisation,5478.122578997614,
3:3:4:4:4:2:2:4:3:,initialisation,4628.408006261422,
4:4:4:4:4:0:0:1:4:,initialisation,4508.36614397142,
2:3:4:4:4:3:3:4:2:,initialisation,5555.412732289407,
3:3:4:4:4:3:4:4:2:,initialisation,6200.139923444828,
4:4:4:4:4:2:2:4:4:,initialisation,4764.641974456932,
4:3:4:4:4:3:3:4:3:,initialisation,5544.184195839334,
3:3:4:4:4:3:3:3:3:,initialisation,5961.43991686687,
3:3:4:4:4:2:3:4:3:,initialisation,4869.496532333634,
4:3:4:4:4:3:2:4:4:,initialisation,5460.171262430232,
4:3:4:4:4:1:3:4:4:,initialisation,5118.599344061857,
4:4:4:4:4:0:1:1:4:,initialisation,4483.306230893296,
3:3:4:4:4:3:2:4:3:,initialisation,5366.735040164772,
4:4:4:4:4:3:3:4:4:,initialisation,5292.23169222576,
4:4:4:4:4:0:0:1:4:,initialisation,4165.939377845787,
2:3:4:4:4:3:3:4:2:,initialisation,5499.426288072489,
3:3:4:4:4:2:2:3:3:,initialisation,4958.950611440266,
4:3:4:4:4:3:3:4:4:,initialisation,5035.24015431002,
4:4:4:4:4:2:2:4:4:,initialisation,4717.974235773427,
4:4:4:4:4:2:2:3:4:,initialisation,4419.771042949691,
4:4:4:4:4:0:2:3:4:,initialisation,5007.527819873767,
4:4:4:4:4:0:1:0:4:,initialisation,4841.702285380158,
3:3:4:4:4:2:3:4:3:,initialisation,4759.339002448422,
4:4:4:4:4:1:2:4:4:,initialisation,4495.794931751087,
4:3:4:4:4:1:2:2:4:,initialisation,5502.623116015819,
4:4:4:4:4:3:3:4:4:,initialisation,5206.774139842376,
4:3:4:4:4:1:2:2:4:,initialisation,5029.132401721685,
3:3:4:4:4:4:4:4:3:,initialisation,6789.077089755341,
4:3:4:4:4:2:2:2:4:,initialisation,4788.50593845395,
2:2:4:4:4:2:3:4:2:,initialisation,4923.6269782666695,
4:3:4:4:4:3:3:4:3:,initialisation,5415.63122955945,
3:3:4:4:4:2:2:3:3:,initialisation,4320.628598061606,
3:3:4:4:4:2:3:4:2:,initialisation,5440.404551182982,
4:3:4:4:4:3:3:3:4:,initialisation,4839.346486002033,
4:3:4:4:4:2:2:4:4:,initialisation,4536.387971506807,
3:3:4:4:4:4:4:4:2:,initialisation,6474.994523513935,
3:3:4:4:4:4:4:4:2:,initialisation,6062.507510134853,
4:4:4:4:4:1:2:2:4:,initialisation,4801.79220104047,
3:3:4:4:4:2:3:3:3:,initialisation,5310.162019535777,
4:3:4:4:4:2:3:4:3:,initialisation,5249.082446746759,
3:3:4:4:4:1:2:4:3:,initialisation,5209.644905793193,
4:4:4:4:4:2:2:2:4:,initialisation,5007.383702452758,
4:4:4:4:4:1:1:3:4:,initialisation,4368.835308032654,
4:4:4:4:4:1:1:2:4:,initialisation,4185.3749336504015,
3:3:4:4:4:1:2:4:3:,initialisation,4544.744540563635,
4:3:4:4:4:2:2:3:4:,initialisation,4809.22035397566,
3:3:4:4:4:1:2:3:3:,initialisation,5379.164611988921,
3:3:4:4:4:4:4:4:2:,initialisation,5700.247890455012,
2:2:4:4:4:2:3:4:2:,initialisation,4831.197779210591,
3:3:4:4:4:1:2:3:3:,initialisation,4611.517130428365,
3:3:4:4:4:1:3:4:3:,initialisation,5156.264761736506,
4:3:4:4:4:2:3:3:4:,initialisation,5212.471566505904,
4:4:4:4:4:0:1:4:4:,initialisation,4658.289342833471,
4:3:4:4:4:4:4:4:3:,initialisation,7279.0854923855195,
2:3:4:4:4:2:3:4:2:,initialisation,5472.972006084135,
3:3:4:4:4:2:2:2:3:,initialisation,5159.278260534214,
3:3:4:4:4:3:4:4:2:,initialisation,5974.113846642922,
2:3:4:4:4:3:3:4:2:,initialisation,5312.469682153977,
4:4:4:4:4:2:1:4:4:,initialisation,5022.729357249715,
4:3:4:4:4:2:2:3:4:,initialisation,4740.60725208483,
4:4:3:4:4:0:1:3:4:,initialisation,5554.272789047027,
4:4:4:4:4:0:1:3:4:,clone,4430.06779751712,4:4:4:4:4:0:1:2:4
3:3:4:4:4:4:3:4:3:,clone,5613.525361645408,3:3:4:4:4:4:3:4:3
4:3:4:4:4:2:2:3:4:,clone,4521.428409697168,3:3:4:4:4:2:2:3:3
2:3:4:4:4:2:3:4:2:,clone,4984.421794136811,2:2:4:4:4:2:3:4:2
3:3:4:4:4:1:2:3:3:,recombination,4264.166274779636,4:4:4:4:4:2:2:3:4,4:3:4:4:4:2:2:1:4
4:4:4:4:4:2:2:4:4:,clone,4696.678770946106,4:4:4:4:4:2:2:4:4
4:4:4:4:4:0:2:3:4:,recombination,4783.145187502762,4:4:4:4:4:2:1:3:4,4:3:4:4:4:1:2:4:4,MUTATE
4:4:4:4:4:2:2:3:4:,clone,4289.35315622447,3:3:4:4:4:2:2:4:3
4:4:4:4:4:3:2:3:4:,clone,5657.292076867691,4:4:4:4:4:3:3:3:4
4:3:4:4:4:1:2:4:4:,recombination,4530.421253368127,4:3:4:4:4:2:2:4:4,4:4:4:4:4:1:2:4:4
4:3:4:4:4:2:2:4:4:,clone,4429.978827356273,4:4:4:4:4:2:2:3:4
4:4:4:4:4:0:1:2:4:,recombination,4193.385032502228,3:3:4:4:4:2:2:3:3,4:4:4:4:4:1:1:4:4
4:3:4:4:4:0:2:4:4:,recombination,4987.35668150111,4:4:4:4:4:0:1:3:4,4:4:4:4:4:1:2:3:4
4:3:4:4:4:1:2:4:4:,clone,4484.091603092037,4:4:4:4:4:1:2:4:4
4:3:4:4:4:2:3:4:4:,recombination,4636.926443468647,4:4:4:4:4:1:2:4:4,4:3:4:4:4:3:2:4:4
3:3:4:4:4:4:4:4:3:,recombination,6561.184012868185,2:3:4:4:4:3:4:4:2,3:3:4:4:4:4:4:4:3
3:3:4:4:4:3:3:3:3:,clone,5957.572272961208,3:3:4:4:4:3:3:3:3
4:4:4:4:4:3:3:4:4:,recombination,5089.013142461164,3:3:4:4:4:1:2:3:3,4:4:4:4:4:3:3:4:4
2:3:4:4:4:3:3:4:2:,clone,4902.025424935932,3:3:4:4:4:3:3:4:3
3:3:4:4:4:3:4:4:3:,recombination,5872.215739943911,4:4:4:4:4:2:2:3:4,3:3:4:4:4:3:4:4:3
4:3:4:4:4:2:3:4:3:,recombination,5209.117628750951,4:3:4:4:4:3:3:4:4,3:3:4:4:4:2:3:4:2,MUTATE
4:4:4:4:4:0:2:4:4:,clone,5101.732119681069,4:4:4:4:4:0:2:4:4
4:4:4:4:4:1:1:4:4:,recombination,4218.326716915291,4:4:4:4:4:2:2:4:4,3:3:4:4:4:2:2:4:3
4:4:4:4:4:1:2:4:4:,clone,4490.204290588962,4:4:4:4:4:1:2:4:4
4:3:4:4:4:3:3:4:4:,clone,5013.4293139580095,4:3:4:4:4:3:3:4:4
4:3:4:4:4:3:3:4:4:,clone,5003.828180510803,4:3:4:4:4:3:3:4:4
4:4:4:4:4:3:3:3:4:,clone,5599.740786535446,3:3:4:4:4:3:3:3:3
4:3:4:4:4:1:1:2:4:,recombination,4167.653541845767,4:4:4:4:4:1:1:2:4,2:2:4:4:4:2:3:4:2,MUTATE
4:4:4:4:4:2:3:3:4:,clone,5251.871824076573,4:4:4:4:4:2:3:3:4
3:3:4:4:4:3:2:4:3:,clone,5061.099165757649,3:3:4:4:4:3:2:4:3
4:3:4:4:4:1:3:4:4:,clone,4790.769556832577,4:3:4:4:4:1:2:4:4
4:4:4:4:4:2:2:4:4:,recombination,4656.691930694185,3:3:4:4:4:1:2:3:3,4:4:4:4:4:2:2:4:4
4:3:4:4:4:4:4:4:4:,clone,7279.085492385519,4:3:4:4:4:4:4:4:3
4:4:4:4:4:2:2:4:4:,clone,4656.6919306941845,4:4:4:4:4:2:2:4:4
2:2:4:4:4:3:3:4:2:,recombination,5405.380236383549,2:3:4:4:4:2:3:4:2,4:4:4:4:4:2:2:4:4,MUTATE
4:4:4:4:4:1:2:3:4:,recombination,4352.035452429215,4:4:4:4:4:2:1:4:4,4:3:4:4:4:2:2:3:4
4:3:4:4:4:1:2:3:4:,recombination,4363.473001491193,4:3:4:4:4:1:1:2:4,4:3:4:4:4:3:3:4:3
4:3:4:4:4:2:3:2:4:,recombination,5585.454148226057,4:4:4:4:4:3:2:3:4,4:3:4:4:4:2:2:3:4
4:4:4:4:4:3:2:3:4:,clone,5608.64839279999,4:4:4:4:4:3:2:3:4
3:3:4:4:4:2:2:4:3:,recombination,4613.103196163594,3:3:4:4:4:3:3:3:3,4:4:4:4:4:2:2:4:4,MUTATE
4:4:4:4:4:2:2:4:4:,clone,4569.637763760182,4:4:4:4:4:1:1:4:4
3:3:4:4:4:2:2:4:3:,clone,4384.604325600312,3:3:4:4:4:2:2:4:3
4:4:4:4:4:0:0:0:4:,recombination,4142.3156806122815,4:4:4:4:4:3:3:4:4,4:4:4:4:4:0:0:0:4
4:4:4:4:4:0:1:2:4:,recombination,3953.9515762232963,3:3:4:4:4:2:3:4:3,4:4:4:4:4:0:1:2:4
4:3:4:4:4:1:1:3:4:,clone,4404.446147765509,4:3:4:4:4:1:2:3:4
4:3:4:4:4:3:2:4:4:,recombination,5148.734183365831,4:4:4:4:4:3:3:3:4,4:4:4:4:4:1:2:3:4
3:3:4:4:4:2:2:4:3:,clone,4337.769394507652,3:3:4:4:4:2:2:4:3
4:4:4:4:4:0:2:4:4:,recombination,4694.0071707361585,4:4:4:4:4:0:1:3:4,3:3:4:4:4:2:3:4:3,MUTATE
4:4:4:4:4:4:3:4:4:,recombination,5901.145323747006,4:4:4:4:4:2:2:4:4,4:4:4:4:4:4:3:4:4
4:4:4:4:4:0:1:3:4:,clone,4043.048406193569,4:4:4:4:4:0:1:2:4
4:3:4:4:4:2:2:4:4:,clone,4399.174655263418,4:3:4:4:4:2:2:4:4
2:2:4:4:4:4:4:4:1:,recombination,6526.116870406382,1:2:4:3:0:4:4:4:0,4:3:4:4:4:3:2:4:4,MUTATE
4:4:4:4:4:1:1:3:4:,recombination,4218.875874011627,4:3:4:4:4:2:2:3:4,4:4:4:4:4:0:1:2:4,MUTATE
4:3:4:4:4:1:2:4:4:,recombination,4393.7176467331865,4:3:4:4:4:1:2:3:4,4:4:4:4:4:1:2:4:4
4:3:4:4:4:2:2:3:4:,recombination,4355.423169078448,4:4:4:4:4:0:1:2:4,4:3:4:4:4:3:3:4:4
3:3:4:4:4:3:3:4:2:,recombination,5462.941254958187,2:3:4:4:4:4:4:4:2,4:4:4:4:4:2:1:3:4,MUTATE
4:3:4:4:4:1:1:3:4:,recombination,4349.576700359349,4:3:4:4:4:2:2:3:4,3:3:4:4:4:2:2:4:3
4:3:4:4:4:3:3:4:3:,recombination,5174.530725639901,4:3:4:4:4:3:3:4:4,4:3:4:4:4:2:2:4:4
3:3:4:4:4:2:3:4:2:,recombination,4880.515230913301,2:2:4:4:4:2:3:4:2,2:3:4:4:4:3:3:4:2
4:3:4:4:4:3:3:4:4:,clone,4922.262196999626,4:3:4:4:4:3:3:4:4
4:4:4:4:4:1:2:4:4:,clone,4354.590894716863,4:4:4:4:4:1:2:4:4
3:3:4:4:4:2:3:4:2:,clone,4741.808341054486,3:3:4:4:4:2:3:4:2
4:3:4:4:4:1:2:1:4:,recombination,5786.19052939249,4:4:4:4:4:2:2:1:4,4:3:4:4:4:0:2:1:4
3:3:4:4:4:2:3:4:3:,recombination,4756.944189076206,4:4:4:4:4:0:0:1:4,4:3:4:4:4:2:2:3:4,MUTATE
4:4:4:4:4:2:3:4:4:,clone,4995.849312108385,4:4:4:4:4:2:3:4:4
4:4:4:4:4:0:1:1:4:,clone,4123.554952555853,4:4:4:4:4:0:0:1:4
4:4:4:4:4:2:3:4:4:,recombination,4873.156024733631,4:4:4:4:4:2:3:4:4,2:3:4:4:4:3:3:4:2,MUTATE
1:2:4:3:0:4:4:4:0:,recombination,6094.791644471509,1:2:4:3:0:4:4:4:0,3:3:4:4:4:1:2:3:3,MUTATE
3:3:4:4:4:3:3:4:2:,clone,5333.7017903958,3:3:4:4:4:3:3:4:2
4:3:4:4:4:3:3:4:3:,clone,5084.829313081538,4:3:4:4:4:3:3:4:4
4:4:4:4:4:1:2:1:4:,clone,5704.007266428128,4:3:4:4:4:1:2:1:4
3:3:4:4:4:2:3:2:3:,recombination,5878.850794015093,3:3:4:4:4:2:2:2:3,2:3:4:4:4:3:3:4:2,MUTATE
3:3:4:4:4:2:3:4:3:,clone,4411.8620697289725,3:3:4:4:4:2:3:4:3
4:4:4:4:4:2:2:4:4:,clone,4525.237214513485,4:4:4:4:4:1:2:4:4
4:4:4:4:4:2:1:4:4:,clone,4929.60622755646,4:4:4:4:4:2:1:4:4
3:3:4:4:4:4:4:4:2:,clone,5464.0928744443545,3:3:4:4:4:4:4:4:2
3:3:4:4:4:4:3:4:3:,recombination,5575.167072578685,4:4:4:4:4:2:2:2:4,3:3:4:4:4:4:3:4:3,MUTATE
2:3:4:4:4:3:4:4:2:,clone,5287.839875825114,2:3:4:4:4:3:4:4:2
3:3:4:4:4:2:2:4:3:,clone,4325.022021929576,3:3:4:4:4:2:2:4:3
2:2:4:4:4:3:4:4:2:,recombination,5772.085785671655,3:3:4:4:4:3:4:4:2,3:3:4:4:4:3:2:4:3
4:3:4:4:4:2:3:4:3:,clone,5138.254846209232,4:3:4:4:4:2:3:4:4
4:4:4:4:4:2:1:2:4:,recombination,4916.865311118013,4:3:4:4:4:2:2:2:4,3:3:4:4:4:4:3:4:3
3:3:4:4:4:3:3:4:2:,recombination,4587.233565733742,4:3:4:4:4:2:3:4:3,3:3:4:4:4:2:3:4:3
3:3:4:4:4:3:4:4:2:,clone,5380.972849331209,2:3:4:4:4:3:4:4:2
2:3:4:4:4:3:3:4:2:,recombination,4884.720569334472,3:3:4:4:4:3:4:4:3,3:3:4:4:4:3:3:4:3
2:3:4:4:4:2:3:4:2:,recombination,4837.964933051986,4:3:4:4:4:1:1:3:4,3:3:4:4:4:3:3:4:3,MUTATE
4:3:4:4:4:2:3:4:3:,recombination,5038.783359631281,4:3:4:4:4:1:3:4:4,4:4:4:4:4:2:2:4:4,MUTATE
3:3:4:4:4:4:3:4:2:,clone,5454.899043861086,3:3:4:4:4:3:3:4:3
4:4:4:4:4:2:1:1:4:,clone,5109.929505082805,4:4:4:4:4:2:1:1:4
3:3:4:4:4:3:4:4:3:,recombination,5464.475637937028,4:4:4:4:4:3:3:4:4,3:3:4:4:4:2:2:4:3
3:3:4:4:4:2:3:3:3:,recombination,5164.585938543424,4:3:4:4:4:1:2:1:4,3:3:4:4:4:2:3:4:3
4:3:4:4:4:1:1:2:4:,clone,4148.864415381669,4:4:4:4:4:0:1:1:4
3:3:4:4:4:4:3:4:3:,recombination,5563.187487259822,4:3:4:4:4:3:3:4:4,4:3:4:4:4:2:3:4:3,MUTATE
4:4:4:4:4:1:2:3:4:,recombination,4070.583145396897,3:3:4:4:4:1:2:3:3,4:4:4:4:4:0:2:3:4
2:2:4:4:4:3:3:4:2:,recombination,4728.807874266885,4:4:4:4:4:0:1:2:4,3:3:4:4:4:2:2:4:3
2:2:4:4:4:3:3:4:1:,clone,5173.585364365358,2:2:4:4:4:3:3:4:1
2:3:4:4:4:2:3:3:2:,recombination,4805.893844561711,3:3:4:4:4:2:3:4:3,4:4:4:4:4:3:2:4:4
4:3:4:4:4:0:1:2:4:,clone,4123.554952555853,4:4:4:4:4:0:1:1:4
4:3:4:4:4:1:2:2:4:,clone,4105.025314847622,4:3:4:4:4:1:1:2:4
1:2:4:3:0:4:4:4:0:,clone,6018.295504939739,1:2:4:3:0:4:4:4:0
4:3:4:4:4:2:3:4:3:,recombination,4788.34372608023,3:3:4:4:4:3:3:4:2,4:4:4:4:4:0:2:4:4,MUTATE
3:3:4:4:4:3:3:4:3:,recombination,4772.902684635088,2:3:4:4:4:4:4:4:2,3:3:4:4:4:2:2:4:3
3:3:4:4:4:4:3:4:2:,recombination,5426.887485668671,3:3:4:4:4:2:3:4:2,2:3:4:4:4:4:4:4:2,MUTATE
3:2:4:4:4:4:4:4:2:,recombination,5664.506261185087,1:2:4:3:0:4:4:4:0,3:3:4:4:4:4:3:4:3,MUTATE
4:4:4:4:4:2:1:4:4:,clone,4829.889870571773,4:4:4:4:4:2:2:4:4
4:3:4:4:4:2:2:4:4:,recombination,4369.880850584577,4:4:4:4:4:1:2:3:4,4:3:4:4:4:3:3:4:3
4:4:4:4:4:2:2:2:4:,clone,4932.357753079556,4:3:4:4:4:2:2:2:4
3:3:4:4:4:3:3:4:3:,recombination,4642.268474362501,4:4:4:4:4:3:3:4:4,3:3:4:4:4:2:3:4:3
4:3:4:4:4:3:3:4:3:,clone,5019.366515630693,4:3:4:4:4:3:3:4:3
3:3:4:4:4:4:4:4:2:,clone,5426.814418738914,3:3:4:4:4:4:4:4:2
3:3:4:4:4:4:3:4:2:,recombination,5339.710612399245,4:3:4:4:4:3:3:4:4,4:4:4:4:4:3:2:3:4,MUTATE
3:3:4:4:4:4:3:4:2:,recombination,5290.06206721641,4:3:4:4:4:0:1:2:4,4:3:4:4:4:3:3:4:4,MUTATE
3:3:4:4:4:3:3:4:2:,recombination,4555.127595784788,3:3:4:4:4:2:2:4:3,3:3:4:4:4:2:3:4:2,MUTATE
4:3:4:4:4:3:4:4:3:,recombination,5678.974902664447,4:3:4:4:4:3:3:4:3,4:3:4:4:4:4:3:4:4
2:3:4:4:4:3:3:4:2:,recombination,4836.70031168436,2:3:4:4:4:3:3:4:2,3:3:4:4:4:2:3:4:3
2:2:4:4:4:4:4:4:2:,clone,5536.465027372263,2:2:4:4:4:4:4:4:2
1:2:4:3:0:4:4:4:0:,clone,5916.068515196981,1:2:4:3:0:4:4:4:0
3:3:4:4:4:3:3:4:3:,clone,4425.152067781633,3:3:4:4:4:3:3:4:3
2:3:4:4:4:3:3:4:2:,clone,4687.594234512263,2:3:4:4:4:3:3:4:2
3:3:4:4:4:3:3:4:2:,clone,4516.0344617818455,3:3:4:4:4:3:3:4:2
2:2:4:4:4:3:4:4:2:,clone,5668.52961272107,2:2:4:4:4:3:4:4:2
4:3:4:4:4:1:2:3:4:,clone,4321.821734968305,4:3:4:4:4:1:2:3:4
4:4:4:4:4:1:2:2:4:,recombination,4263.135388469842,4:4:4:4:4:1:1:1:4,2:2:4:4:4:3:4:4:2
1:2:4:4:1:4:4:4:0:,recombination,5881.135757959706,1:2:4:3:0:4:4:4:0,3:3:4:4:4:4:4:4:2
4:3:4:4:4:1:2:4:4:,clone,4337.951591515836,4:3:4:4:4:1:2:3:4
2:2:4:4:4:4:4:4:1:,recombination,5896.921503840109,4:3:4:4:4:2:2:3:4,2:3:4:4:4:4:4:4:2
2:2:4:4:4:4:4:4:1:,recombination,5600.649797294258,4:3:4:4:4:1:1:3:4,4:3:4:4:4:3:3:4:3
2:2:4:4:4:3:4:4:2:,recombination,5420.099274040541,3:3:4:4:4:3:4:4:2,4:3:4:4:4:3:3:4:3
2:2:4:4:4:4:4:4:1:,recombination,5463.279104028571,4:3:4:4:4:3:3:4:4,2:3:4:4:4:2:3:4:2
3:3:4:4:4:3:4:4:3:,recombination,5334.91195356797,3:3:4:4:4:3:4:4:3,4:3:4:4:4:4:3:4:4
3:2:4:4:4:3:3:4:2:,recombination,4745.2710953733695,3:3:4:4:4:2:2:3:3,3:3:4:4:4:3:3:4:2,MUTATE
4:3:4:4:4:2:3:4:4:,recombination,4561.174222784515,4:3:4:4:4:1:3:4:4,4:4:4:4:4:0:2:4:4,MUTATE
2:2:4:4:2:4:4:4:1:,recombination,5758.020722431288,1:2:4:3:0:4:4:4:0,4:4:4:4:4:2:2:4:4,MUTATE
4:3:4:4:4:1:2:4:4:,recombination,4249.270092482086,3:3:4:4:4:2:3:4:2,4:4:4:4:4:0:1:1:4,MUTATE
2:2:4:4:4:3:4:4:2:,clone,5218.312110014705,2:2:4:4:4:3:4:4:2
3:3:4:4:4:2:2:4:3:,clone,4249.270092482086,4:3:4:4:4:1:2:4:4
2:2:4:4:4:3:4:4:1:,clone,5100.546645986536,2:2:4:4:4:3:4:4:1
2:2:4:4:4:4:4:4:1:,clone,5292.331927779174,2:2:4:4:4:4:4:4:2
3:3:4:4:4:3:4:4:2:,clone,5261.1771750357175,2:3:4:4:4:3:4:4:2
2:2:4:4:4:4:3:4:2:,recombination,5241.178070366203,4:3:4:4:4:3:3:4:4,3:3:4:4:4:3:3:4:3,MUTATE
4:3:4:4:4:2:2:4:4:,recombination,4256.6846885662835,4:4:4:4:4:0:0:1:4,3:3:4:4:4:2:2:4:3,MUTATE
2:2:4:4:4:4:4:4:1:,clone,5202.177469913601,2:2:4:4:4:4:4:4:1
4:4:4:4:4:2:2:4:4:,clone,4197.053503905081,4:4:4:4:4:2:2:4:4
1:2:4:3:0:4:4:4:0:,recombination,5836.083219489509,1:2:4:3:0:4:4:4:0,4:4:4:4:4:3:3:4:4
3:3:4:4:4:3:4:4:3:,recombination,5334.255406197465,3:3:4:4:4:3:3:4:3,2:2:4:4:4:3:4:4:2
4:4:4:4:4:3:2:3:4:,clone,5503.892051067719,4:4:4:4:4:3:2:3:4
4:4:4:4:4:3:3:4:4:,recombination,4967.72731533902,4:4:4:4:4:3:3:4:4,3:3:4:4:4:2:2:4:3
3:3:4:4:4:4:3:4:2:,clone,5127.494951134498,3:3:4:4:4:4:3:4:2
3:2:4:4:4:3:3:4:3:,clone,4296.138142923614,3:3:4:4:4:3:3:4:3
4:4:4:4:4:2:2:1:4:,clone,5462.022275798148,4:4:4:4:4:2:1:1:4
1:2:4:4:2:4:4:4:0:,recombination,5841.313066759436,2:2:4:4:2:4:4:4:1,4:3:4:4:4:3:3:4:3,MUTATE
3:3:4:4:4:2:3:4:3:,recombination,4335.153888238815,4:4:4:4:4:2:2:4:4,3:3:4:4:4:3:3:4:3
3:3:4:4:4:4:3:4:2:,clone,5099.596745586617,3:3:4:4:4:4:3:4:2
3:3:4:4:4:4:3:4:3:,recombination,5535.289281711941,3:3:4:4:4:4:3:4:3,3:3:4:4:4:4:3:4:3,MUTATE
2:2:4:4:4:3:4:4:2:,clone,5151.315591775604,3:3:4:4:4:3:4:4:2
3:3:4:4:4:3:4:4:2:,recombination,5151.315591775603,4:4:4:4:4:0:1:1:4,3:3:4:4:4:3:3:4:2
3:3:4:4:4:4:4:4:2:,clone,5310.978869611726,3:3:4:4:4:4:4:4:2
4:4:4:4:4:2:1:2:4:,recombination,4909.877031428131,4:4:4:4:4:2:1:2:4,4:4:4:4:4:1:2:3:4
2:2:4:4:4:3:4:4:2:,recombination,5039.150993810738,3:3:4:4:4:4:3:4:3,3:3:4:4:4:3:3:4:2
4:3:4:4:4:4:3:4:3:,clone,5513.490265506716,4:3:4:4:4:4:3:4:3
3:2:4:4:4:3:4:4:2:,recombination,4966.1652322801465,4:4:4:4:4:1:2:4:4,3:2:4:4:4:3:3:4:2
3:3:4:4:4:4:4:4:3:,recombination,6556.660745406026,4:3:4:4:4:3:4:4:3,4:3:4:4:4:3:3:4:4,MUTATE
3:3:4:4:4:4:4:4:3:,clone,5704.891096560646,3:3:4:4:4:3:3:4:3
4:3:4:4:4:4:3:4:4:,clone,5588.658641809041,4:3:4:4:4:4:3:4:4
2:2:4:4:3:4:4:4:2:,clone,5735.6205885179215,2:2:4:4:3:4:4:4:2
4:4:4:4:4:2:3:4:4:,clone,4840.721606056982,4:4:4:4:4:2:3:4:4
4:3:4:4:4:4:4:4:3:,recombination,6242.031760369427,4:3:4:4:4:3:3:4:3,2:3:4:4:4:3:4:4:2
2:2:4:4:4:3:4:4:1:,recombination,5082.195500545113,4:3:4:4:4:2:2:3:4,4:3:4:4:4:2:3:4:3
2:2:4:4:4:4:4:4:2:,clone,5374.479210576661,2:2:4:4:4:4:4:4:2
2:3:4:4:4:3:4:4:2:,clone,5208.187730058763,2:3:4:4:4:3:4:4:2
2:2:4:4:4:4:4:4:1:,recombination,5174.240704098232,2:2:4:4:4:4:4:4:1,4:3:4:4:4:3:3:4:4,MUTATE
3:3:4:4:4:4:3:4:3:,recombination,5235.660673966601,3:3:4:4:4:4:4:4:3,4:4:4:4:4:1:2:3:4
3:2:4:4:4:2:3:4:2:,clone,5311.503029015778,3:2:4:4:4:2:3:4:2
2:2:4:4:4:2:4:4:2:,clone,5222.828765192654,2:2:4:4:4:3:4:4:2
2:2:4:4:3:4:4:4:2:,recombination,5537.031121923149,3:3:4:4:4:3:4:4:3,4:3:4:4:4:3:3:4:3
1:2:4:3:0:4:4:4:0:,recombination,5705.35963719443,3:3:4:4:4:2:3:4:2,1:2:4:3:0:4:4:4:0,MUTATE
2:3:4:4:3:4:4:4:2:,recombination,5966.99038664135,4:3:4:4:4:1:2:2:4,3:3:4:4:4:3:4:4:3,MUTATE
4:3:4:4:4:1:2:3:4:,recombination,4251.732906298083,4:4:4:4:4:1:1:1:4,4:4:4:4:4:2:3:4:4,MUTATE
3:3:4:4:4:3:4:4:2:,recombination,5134.118335944825,4:4:4:4:4:2:2:4:4,2:2:4:4:4:3:3:4:2,MUTATE
4:4:4:4:4:3:2:3:4:,clone,5269.103097823422,4:4:4:4:4:3:2:3:4
3:2:4:4:3:4:4:4:2:,clone,5599.373586950863,2:2:4:4:3:4:4:4:2
4:4:4:4:4:2:3:4:4:,recombination,4809.564861141296,4:4:4:4:4:2:2:4:4,2:2:4:4:4:4:4:4:1,MUTATE
2:2:4:4:4:4:4:4:2:,recombination,5253.243025200593,4:4:4:4:4:4:3:4:4,3:3:4:4:4:3:3:4:2,MUTATE
2:2:4:4:3:3:4:4:1:,clone,5300.340460550941,2:2:4:4:4:3:4:4:2
2:2:4:4:2:4:4:4:1:,recombination,5269.041873415277,3:2:4:4:4:3:3:4:3,4:3:4:4:4:3:3:4:3
2:3:4:4:3:4:4:4:2:,recombination,5774.997324518435,4:4:4:4:4:0:1:1:4,1:2:4:3:0:4:4:4:0
2:2:4:4:3:4:4:4:1:,clone,5673.022935103822,2:2:4:4:3:4:4:4:1
3:2:4:4:4:2:3:4:2:,recombination,4498.042888262922,3:3:4:4:4:1:3:4:3,4:3:4:4:4:1:3:4:4,MUTATE
4:3:4:4:4:4:3:4:3:,clone,5476.186449603195,4:3:4:4:4:4:3:4:3
2:2:4:4:3:4:4:4:2:,clone,5481.218857600569,2:2:4:4:3:4:4:4:2
1:2:4:4:2:4:4:4:1:,clone,5386.195500545113,1:2:4:4:2:4:4:4:1
3:3:4:4:4:4:4:4:3:,recombination,5417.764732634292,4:4:4:4:4:3:3:4:4,4:3:4:4:4:3:3:4:4
2:2:4:4:3:4:4:4:1:,recombination,5625.772784163627,4:3:4:4:4:1:2:4:4,3:3:4:4:4:3:4:4:3,MUTATE
3:3:4:4:4:2:4:4:2:,clone,5415.554149953369,3:3:4:4:4:3:4:4:2
3:2:4:4:4:4:3:4:2:,recombination,5827.239802409566,4:4:4:4:4:3:2:4:4,2:2:4:4:4:4:4:4:1,MUTATE
3:3:4:4:4:2:4:4:3:,recombination,5656.579710250832,4:3:4:4:4:3:3:4:3,3:3:4:4:4:2:3:4:2,MUTATE
2:3:4:4:3:4:4:4:2:,clone,5751.514435245525,2:3:4:4:3:4:4:4:2
2:3:4:4:4:4:4:4:2:,clone,5304.046886421649,2:3:4:4:4:4:4:4:2
4:3:4:4:4:4:4:4:3:,recombination,5580.24394183773,4:3:4:4:4:4:3:4:4,3:2:4:4:4:2:3:4:2,MUTATE
2:2:4:4:1:4:4:4:1:,clone,6004.181510041667,2:2:4:4:3:4:4:4:2
2:3:4:4:4:4:4:4:2:,clone,5269.7941026797325,2:3:4:4:4:4:4:4:2
1:2:4:4:1:4:4:4:0:,recombination,5647.25725065871,3:3:4:4:4:4:4:4:2,1:2:4:3:0:4:4:4:0,MUTATE
1:2:4:4:2:4:4:4:1:,recombination,5162.926698838653,2:2:4:4:4:3:4:4:1,2:3:4:4:3:4:4:4:2,MUTATE
2:2:4:4:3:4:4:4:1:,clone,5559.46981597024,2:2:4:4:3:4:4:4:1
3:2:4:4:4:4:3:4:2:,clone,5262.695098280392,3:3:4:4:4:4:3:4:2
3:3:4:4:4:1:3:4:3:,clone,5026.788285756558,3:3:4:4:4:1:3:4:3
3:2:4:4:4:4:4:4:2:,recombination,5366.344792441441,2:2:4:4:3:4:4:4:1,3:3:4:4:4:4:3:4:2
4:3:4:4:4:2:3:4:3:,clone,4649.931777292981,4:3:4:4:4:2:3:4:3
4:3:4:4:4:2:3:4:3:,clone,4610.63656018917,4:3:4:4:4:2:3:4:3
2:3:4:4:4:2:3:4:2:,clone,4740.134525200589,3:3:4:4:4:2:3:4:3
4:3:4:4:4:1:3:4:3:,clone,5043.300030566217,4:3:4:4:4:1:3:4:3
3:3:4:4:4:3:3:3:3:,recombination,5517.514245963233,4:3:4:4:4:2:2:2:4,4:4:4:4:4:3:2:3:4,MUTATE
2:3:4:4:4:3:4:4:2:,recombination,5129.030187253824,4:3:4:4:4:1:2:4:4,4:4:4:4:4:2:2:3:4,MUTATE
4:4:4:4:4:1:2:4:4:,recombination,4343.9442023541305,3:3:4:4:4:2:2:3:3,3:3:4:4:4:3:3:3:3
2:3:4:4:4:4:4:4:2:,recombination,5166.202798071269,4:3:4:4:4:1:2:4:4,2:3:4:4:4:3:4:4:2,MUTATE
2:3:4:4:4:3:4:4:2:,recombination,5124.0792438038625,1:2:4:4:1:4:4:4:0,4:4:4:4:4:2:2:3:4,MUTATE
1:1:4:3:0:4:4:4:0:,recombination,6716.333896320592,3:3:4:4:4:2:2:4:3,2:2:4:4:4:3:4:4:2
2:3:4:4:4:2:4:4:2:,recombination,5282.789697514742,4:3:4:4:4:2:3:4:3,3:3:4:4:4:1:2:4:3
2:2:4:4:4:3:4:4:2:,clone,4901.9651308048815,2:2:4:4:4:3:4:4:1
1:2:4:4:2:4:4:4:0:,recombination,5353.192830322067,2:2:4:4:4:3:3:4:1,2:3:4:4:4:3:3:4:2,MUTATE
1:2:4:4:2:3:4:4:1:,clone,5779.7757815181485,2:2:4:4:4:3:4:4:1
2:2:4:4:3:4:4:4:1:,recombination,5557.596823588119,3:3:4:4:4:3:3:4:2,2:2:4:4:4:4:4:4:1,MUTATE
1:2:4:4:3:4:4:4:1:,clone,5324.955170307594,1:2:4:4:3:4:4:4:1
1:2:4:2:0:4:4:4:0:,clone,5608.361956202864,1:2:4:3:0:4:4:4:0
3:2:4:4:4:2:3:4:3:,recombination,4878.443373996433,2:2:4:4:4:3:4:4:2,4:3:4:4:4:1:3:4:4
1:2:4:4:3:4:4:4:1:,clone,5324.955170307593,1:2:4:4:3:4:4:4:1
2:2:4:4:3:4:4:4:1:,recombination,5402.585047036679,2:2:4:4:3:4:4:4:1,4:3:4:4:4:2:2:3:4
1:2:4:4:2:4:4:4:0:,clone,5252.851923924671,1:2:4:4:2:4:4:4:0
1:2:4:4:2:3:4:4:1:,clone,5761.506889085121,1:2:4:4:2:3:4:4:1
1:2:4:4:4:3:4:4:1:,recombination,5472.3635409739,3:3:4:4:4:3:3:3:3,2:2:4:4:2:4:4:4:1
2:2:4:4:4:3:4:4:1:,clone,4742.9648477806495,2:2:4:4:4:3:4:4:1
2:2:4:4:2:3:4:4:1:,recombination,5245.774314404428,4:3:4:4:4:1:2:2:4,4:4:4:4:4:2:1:3:4,MUTATE
2:2:4:4:4:2:4:4:1:,recombination,5345.74466025748,4:3:4:4:4:2:2:4:4,4:3:4:4:4:0:1:2:4
1:2:4:4:2:4:4:4:0:,clone,5179.351188652088,1:2:4:4:2:4:4:4:0
1:2:4:2:0:4:4:4:0:,recombination,5462.385891230334,1:2:4:2:0:4:4:4:0,3:3:4:4:4:1:3:4:3,MUTATE
1:2:4:4:1:4:4:4:1:,clone,5854.727580943631,1:2:4:4:1:4:4:4:1
4:3:4:4:4:2:3:4:4:,recombination,4489.376370121165,4:3:4:4:4:1:2:2:4,4:3:4:4:4:1:3:4:4
2:2:4:4:4:2:3:4:2:,clone,4712.902930368909,2:2:4:4:4:2:3:4:2
1:2:4:2:0:4:4:4:0:,clone,5300.089935250672,1:2:4:2:0:4:4:4:0
2:2:4:4:3:3:4:4:1:,clone,5205.835798107033,2:2:4:4:3:3:4:4:1
1:2:4:4:2:3:4:4:1:,clone,5615.8095692987645,1:2:4:4:2:3:4:4:1
2:2:4:4:1:4:4:4:1:,clone,5945.765797040863,2:2:4:4:1:4:4:4:1
0:2:4:3:0:4:4:4:0:,recombination,6179.802805719926,4:3:4:4:4:1:2:4:4,2:2:4:4:4:3:4:4:1
1:2:4:4:1:4:4:4:0:,recombination,5623.95880809736,4:3:4:4:4:4:3:4:3,4:3:4:4:4:1:2:2:4,MUTATE
1:1:4:3:0:4:4:4:0:,recombination,6136.7396258337685,1:2:4:4:2:3:4:4:1,2:2:4:4:3:4:4:4:2,MUTATE
2:2:4:4:4:2:4:4:1:,clone,5310.789289339631,2:2:4:4:4:2:4:4:1
1:2:4:4:2:4:4:4:0:,clone,5088.688887488001,1:2:4:4:2:4:4:4:0
2:2:4:4:3:3:4:4:1:,clone,5160.95727727954,2:2:4:4:3:3:4:4:1
1:2:4:3:1:4:4:4:0:,clone,5240.503617962939,1:2:4:4:2:4:4:4:1
4:3:4:4:4:3:2:4:4:,recombination,5139.148080966838,3:3:4:4:4:1:2:4:3,4:4:4:4:4:1:2:4:4
2:2:4:4:4:2:3:4:2:,clone,4688.579626003428,2:2:4:4:4:2:3:4:2
1:2:4:4:3:3:4:4:1:,clone,5527.203050688465,1:2:4:4:3:3:4:4:1
1:2:4:4:4:4:4:4:1:,recombination,6692.698376712885,2:2:4:4:4:3:4:4:2,2:3:4:4:4:4:4:4:2,MUTATE
2:2:4:4:2:3:4:4:1:,clone,5202.029028269099,2:2:4:4:2:3:4:4:1
1:2:4:4:3:3:4:4:1:,recombination,5187.90326208486,4:3:4:4:4:2:3:4:3,2:2:4:4:4:3:4:4:1
3:3:4:4:4:1:3:4:3:,recombination,4907.069604024239,3:2:4:4:4:2:3:4:2,2:2:4:4:4:3:4:4:1
0:2:4:3:0:4:4:4:0:,clone,5819.848739159288,0:2:4:3:0:4:4:4:0
1:2:4:4:3:3:4:4:0:,recombination,5496.04775711287,2:3:4:4:4:3:3:4:2,2:2:4:4:4:4:4:4:1,MUTATE
0:1:4:3:0:4:4:4:0:,clone,5819.848739159288,0:1:4:3:0:4:4:4:0
1:2:4:4:2:3:4:4:1:,recombination,5503.036735934894,4:4:4:4:4:3:3:4:4,2:3:4:4:3:4:4:4:2,MUTATE
1:2:4:4:3:4:4:4:1:,clone,5204.855277716521,1:2:4:4:3:4:4:4:1
1:2:4:4:1:4:4:4:0:,clone,5482.253266987043,1:2:4:4:1:4:4:4:0
4:4:4:4:4:0:0:2:4:,recombination,5073.444763982677,4:4:4:4:4:0:0:2:4,3:3:4:4:4:4:4:4:3
3:2:4:4:4:2:4:4:2:,recombination,5534.8660827303,3:3:4:4:4:2:2:4:3,4:3:4:4:4:2:2:3:4,MUTATE
2:2:4:4:4:4:4:4:2:,recombination,5231.3612344936155,3:3:4:4:4:3:3:4:2,2:3:4:4:4:3:4:4:2
1:2:4:4:4:4:4:4:1:,clone,5634.715749456224,1:2:4:4:3:4:4:4:1
2:3:4:4:4:4:4:4:1:,clone,6224.8822935723065,2:2:4:4:4:4:4:4:1
2:3:4:4:4:4:4:4:1:,recombination,6154.987202383106,3:3:4:4:4:3:2:4:3,3:3:4:4:4:4:4:4:2
2:3:4:4:4:3:4:4:2:,recombination,5004.161169629695,4:4:4:4:4:2:2:3:4,4:3:4:4:4:1:3:4:4
4:3:4:4:4:4:3:4:3:,recombination,5346.361101259409,4:4:4:4:4:1:1:4:4,4:3:4:4:4:2:2:3:4
1:2:4:4:1:4:4:4:0:,recombination,5335.4531071299225,1:2:4:2:0:4:4:4:0,2:3:4:4:4:4:4:4:2
2:3:4:4:4:4:4:4:1:,clone,6070.635209764787,2:3:4:4:4:4:4:4:1
2:3:4:4:4:4:4:4:1:,recombination,5909.88600304348,2:3:4:4:4:4:4:4:1,4:4:4:4:4:2:1:4:4
2:3:4:4:4:4:4:4:1:,recombination,5550.048061077274,3:3:4:4:4:4:4:4:2,3:3:4:4:4:2:3:4:2,MUTATE
1:2:4:3:0:4:4:4:0:,recombination,5459.691077674949,4:4:4:4:4:2:2:2:4,1:2:4:4:1:4:4:4:0
1:2:4:4:0:4:4:4:0:,recombination,6098.373358783896,2:3:4:4:4:3:3:4:2,4:4:4:4:4:2:3:4:4
1:2:4:4:0:4:4:4:0:,recombination,6088.036167805903,4:3:4:4:4:3:3:4:4,2:3:4:4:4:3:3:4:2
2:3:4:4:3:4:4:4:1:,clone,6550.977059163367,2:2:4:4:3:4:4:4:1
1:2:4:2:0:4:4:4:0:,clone,5276.111688216885,1:2:4:2:0:4:4:4:0
2:2:4:4:4:3:3:4:1:,clone,5103.714243086338,2:2:4:4:4:3:3:4:1
1:2:4:4:1:4:4:4:0:,clone,5109.518899981031,1:2:4:4:1:4:4:4:0
3:2:4:4:4:4:4:4:2:,clone,5348.596353485266,3:2:4:4:4:4:4:4:2
4:3:4:4:4:4:3:4:4:,recombination,5347.793840885777,4:4:4:4:4:4:3:4:4,1:2:4:4:3:3:4:4:1
1:1:4:3:0:4:4:4:0:,recombination,5772.901003723513,4:4:4:4:4:0:1:2:4,3:3:4:4:4:3:3:3:3,MUTATE
1:1:4:2:0:4:4:4:0:,clone,5436.569553874872,1:1:4:2:0:4:4:4:0
2:2:4:4:1:4:4:4:1:,recombination,5896.460897895201,1:2:4:3:0:4:4:4:0,4:4:4:4:4:1:2:4:4
3:3:4:4:4:1:2:4:3:,clone,4515.829701490297,3:3:4:4:4:2:3:4:3
2:2:4:4:1:4:4:4:1:,clone,5745.590177226392,2:2:4:4:1:4:4:4:1
1:2:4:4:2:3:4:4:1:,recombination,5353.664899573604,4:3:4:4:4:2:2:3:4,4:4:4:4:4:1:2:2:4
3:3:4:4:4:2:3:4:2:,recombination,4564.7819900237855,4:3:4:4:4:1:2:3:4,4:4:4:4:4:1:2:4:4
1:1:4:3:0:4:4:4:0:,recombination,5738.422345712179,3:2:4:4:4:4:4:4:2,1:1:4:2:0:4:4:4:0
1:2:4:4:0:4:4:4:0:,recombination,6050.0042854144895,1:2:4:4:1:4:4:4:0,4:4:4:4:4:1:2:3:4
3:3:4:4:4:1:3:4:3:,clone,4499.991107211375,3:3:4:4:4:1:2:4:3
3:3:4:4:4:1:2:4:3:,clone,4305.908434760412,3:3:4:4:4:1:3:4:3
1:2:4:3:0:4:4:4:0:,recombination,5371.854500765711,1:2:4:4:3:3:4:4:0,4:4:4:4:4:0:1:2:4,MUTATE
1:2:4:4:0:4:4:4:0:,recombination,6023.2158955203495,4:4:4:4:4:3:2:3:4,2:2:4:4:3:3:4:4:1
3:3:4:4:4:1:3:4:3:,clone,4160.289313602633,3:3:4:4:4:1:3:4:3
1:2:4:4:0:4:4:4:0:,recombination,6007.531445410199,4:4:4:4:4:3:3:4:4,4:4:4:4:4:2:1:4:4,MUTATE
1:2:4:4:3:4:4:4:1:,recombination,4975.658078969638,1:2:4:3:0:4:4:4:0,2:2:4:4:4:3:3:4:1
2:2:4:4:3:4:4:4:1:,recombination,5246.235191550227,4:3:4:4:4:1:3:4:4,4:4:4:4:4:2:2:3:4,MUTATE
3:3:4:4:4:1:3:4:3:,clone,4049.027357727133,3:3:4:4:4:1:3:4:3
1:2:4:4:0:4:4:4:0:,clone,5969.527187088812,1:2:4:4:0:4:4:4:0
2:2:4:4:2:3:4:4:1:,clone,5159.3772718996,2:2:4:4:2:3:4:4:1
4:4:4:4:4:0:0:2:4:,clone,4924.791682878071,4:4:4:4:4:0:0:2:4
3:2:4:4:4:2:4:4:2:,recombination,5437.949150148958,4:4:4:4:4:1:1:2:4,3:3:4:4:4:1:2:4:3
2:2:4:4:2:3:4:4:1:,clone,5129.423308974578,2:2:4:4:2:3:4:4:1
4:4:4:4:4:4:3:4:4:,recombination,5893.1924412606595,4:3:4:4:4:4:3:4:4,1:2:4:4:2:4:4:4:0,MUTATE
2:3:4:4:3:3:4:4:2:,clone,5510.593440971141,2:3:4:4:3:3:4:4:2
2:2:4:4:3:3:4:4:2:,clone,5515.516884653476,2:2:4:4:3:3:4:4:2
2:2:4:4:3:4:4:4:1:,clone,5237.003874693752,2:2:4:4:3:4:4:4:1
3:2:4:4:3:3:4:4:2:,recombination,5662.81286316638,4:4:4:4:4:0:1:1:4,4:3:4:4:4:3:3:4:4
4:4:4:4:4:4:3:4:4:,clone,5570.229852942892,4:4:4:4:4:3:3:4:4
2:2:4:4:2:4:4:4:1:,recombination,5146.890746033415,4:3:4:4:4:3:2:4:4,3:3:4:4:4:4:3:4:3
1:2:4:4:3:4:4:4:0:,clone,5466.117164931076,1:2:4:4:2:4:4:4:0
1:2:4:4:3:4:4:4:0:,clone,5335.393582635997,1:2:4:4:3:4:4:4:0
1:2:4:4:4:4:4:4:1:,clone,5632.262174886647,1:2:4:4:4:4:4:4:1
0:1:4:2:0:4:4:4:0:,clone,5635.9315381538845,0:2:4:3:0:4:4:4:0
0:2:4:3:0:4:4:4:0:,clone,5756.862408177286,1:2:4:3:0:4:4:4:0
1:2:4:4:4:3:4:4:0:,clone,6224.893988521247,1:2:4:4:2:4:4:4:0
1:2:4:4:4:4:4:4:1:,recombination,5442.523255520481,4:3:4:4:4:1:2:4:4,4:4:4:4:4:0:1:2:4
3:3:4:4:4:4:4:4:2:,recombination,5089.290325384964,4:3:4:4:4:1:2:4:4,1:2:4:3:0:4:4:4:0
0:2:4:2:0:4:4:4:0:,recombination,5688.852078768515,2:2:4:4:4:2:3:4:2,3:3:4:4:4:1:2:4:3
3:3:4:4:4:4:4:4:3:,clone,5349.0957140597175,4:3:4:4:4:4:3:4:3
2:3:4:4:3:4:4:4:1:,recombination,5742.569147253708,4:3:4:4:4:2:2:2:4,3:3:4:4:4:4:3:4:3
1:1:4:2:0:4:4:4:0:,recombination,5384.912783412514,3:3:4:4:4:3:4:4:3,4:3:4:4:4:1:2:2:4,MUTATE
3:3:4:4:3:4:4:4:2:,recombination,6581.638705364441,2:3:4:4:4:3:4:4:2,1:1:4:3:0:4:4:4:0
3:3:4:4:3:4:4:4:2:,clone,6022.592100413566,3:3:4:4:3:4:4:4:2
1:2:4:2:0:4:4:4:0:,clone,5077.697941345368,1:2:4:2:0:4:4:4:0
3:3:4:4:3:4:4:4:2:,clone,5747.17836803601,3:3:4:4:3:4:4:4:2
2:3:4:4:3:4:4:4:2:,recombination,5691.720049643614,4:4:4:4:4:2:2:3:4,4:4:4:4:4:4:3:4:4,MUTATE
2:3:4:4:3:4:4:4:2:,clone,5412.425528422633,2:3:4:4:3:4:4:4:2
4:3:4:4:4:4:3:4:3:,recombination,5302.408559684154,1:2:4:3:0:4:4:4:0,3:3:4:4:4:4:3:4:2
4:3:4:4:4:4:3:4:3:,recombination,5259.968180276276,1:2:4:3:0:4:4:4:0,3:3:4:4:4:2:3:4:3
1:2:4:3:1:4:4:4:0:,clone,5228.980432563033,1:2:4:3:1:4:4:4:0
0:1:4:3:0:4:4:4:0:,clone,5740.888934614973,0:1:4:3:0:4:4:4:0
1:1:4:3:0:4:4:4:0:,clone,5722.51759186705,1:1:4:3:0:4:4:4:0
2:2:4:4:1:4:4:4:1:,recombination,5543.912959829892,4:3:4:4:4:1:2:3:4,3:3:4:4:4:2:3:4:3
0:2:4:3:0:4:4:4:0:,recombination,5726.281578423383,4:3:4:4:4:2:2:3:4,4:4:4:4:4:0:0:1:4,MUTATE
1:2:4:2:0:4:4:4:0:,clone,5059.026120556714,1:2:4:2:0:4:4:4:0
1:1:4:2:0:4:4:4:0:,recombination,5371.422553166553,3:3:4:4:4:3:4:4:2,0:1:4:3:0:4:4:4:0
2:2:4:4:1:4:4:4:1:,recombination,5537.583436740111,1:2:4:3:0:4:4:4:0,2:2:4:4:1:4:4:4:1,MUTATE
0:2:4:2:0:4:4:4:0:,clone,5547.911409636461,0:2:4:2:0:4:4:4:0
1:2:4:3:1:4:4:4:0:,recombination,5111.410206868481,2:3:4:4:4:3:3:4:2,4:4:4:4:4:0:1:2:4
2:3:4:4:4:4:3:4:2:,recombination,6448.475268405881,4:4:4:4:4:0:1:3:4,4:4:4:4:4:3:3:3:4
1:1:4:2:0:4:4:4:0:,recombination,5239.905393892535,2:2:4:4:4:3:4:4:2,1:2:4:4:3:4:4:4:0,MUTATE
4:3:4:4:4:3:3:4:3:,clone,4962.921435174894,4:3:4:4:4:3:3:4:3
1:1:4:2:0:4:4:4:0:,recombination,5180.28188728546,2:2:4:4:4:3:3:4:2,4:4:4:4:4:2:3:4:4
1:1:4:2:0:4:4:4:0:,recombination,4983.704023392285,2:2:4:4:4:2:3:4:2,1:2:4:4:3:4:4:4:0,MUTATE
1:1:4:3:0:4:4:4:0:,clone,5720.483178901833,1:1:4:2:0:4:4:4:0
1:2:4:4:1:4:4:4:1:,recombination,5582.379840428952,3:3:4:4:3:4:4:4:2,4:3:4:4:4:3:2:4:4,MUTATE
1:2:4:2:0:4:4:4:0:,clone,4989.272366537433,1:2:4:2:0:4:4:4:0
1:2:4:2:0:4:4:4:0:,recombination,4862.875891136508,1:2:4:2:0:4:4:4:0,2:2:4:4:4:3:4:4:1
4:3:4:4:4:3:3:4:3:,clone,4914.306166424923,4:3:4:4:4:3:3:4:3
1:1:4:2:0:4:4:4:0:,recombination,4890.347897824116,4:4:4:4:4:1:2:4:4,1:1:4:2:0:4:4:4:0,MUTATE
2:2:4:4:4:2:3:3:2:,recombination,5445.733588638123,3:3:4:4:4:1:2:3:3,4:3:4:4:4:0:2:1:4,MUTATE
2:3:4:4:2:4:4:4:1:,clone,5696.448590653985,2:3:4:4:2:4:4:4:1
1:2:4:4:1:4:4:4:0:,recombination,5096.340026269619,2:3:4:4:4:4:4:4:2,4:3:4:4:4:2:3:4:4
0:2:4:2:0:4:4:4:0:,recombination,5085.792490387897,4:4:4:4:4:1:2:1:4,1:2:4:2:0:4:4:4:0,MUTATE
2:3:4:4:2:4:4:4:1:,clone,5622.947855381403,2:3:4:4:2:4:4:4:1
3:3:4:4:4:4:3:4:3:,recombination,5225.519628690807,4:3:4:4:4:2:3:3:4,2:3:4:4:4:4:4:4:2,MUTATE
3:3:4:4:4:4:3:4:3:,clone,5214.289159524253,3:3:4:4:4:4:3:4:3
2:3:4:4:4:4:3:4:2:,recombination,6223.195939912807,4:4:4:4:4:2:2:1:4,2:3:4:4:4:4:3:4:2,MUTATE
3:3:4:4:4:4:3:4:3:,clone,5213.98099290682,3:3:4:4:4:4:3:4:3
2:3:4:4:4:4:3:4:2:,recombination,5501.424866848735,3:3:4:4:4:4:3:4:3,4:3:4:4:4:2:2:3:4,MUTATE
1:2:4:4:3:4:4:4:0:,recombination,5279.616602290515,4:3:4:4:4:0:2:1:4,4:3:4:4:4:2:3:4:3
1:2:4:4:4:4:4:4:1:,recombination,5359.807715184136,1:2:4:4:3:4:4:4:0,1:2:4:4:1:4:4:4:1,MUTATE
1:2:4:4:1:3:4:4:0:,clone,5284.388767268291,1:2:4:4:1:4:4:4:0
1:2:4:4:3:4:4:4:0:,clone,5032.93283285874,1:2:4:4:3:4:4:4:0
2:2:4:4:3:4:4:4:1:,recombination,5058.353831618487,4:3:4:4:4:3:3:4:3,1:2:4:4:0:4:4:4:0,MUTATE
2:2:4:4:0:4:4:4:1:,recombination,6127.087211728734,4:4:4:4:4:0:1:0:4,1:2:4:4:2:4:4:4:1
2:2:4:4:4:4:4:4:2:,recombination,5181.177016806249,2:2:4:4:3:4:4:4:1,4:4:4:4:4:2:2:3:4,MUTATE
1:2:4:4:4:4:4:4:1:,recombination,5258.120356098335,4:4:4:4:4:2:2:4:4,1:2:4:4:4:4:4:4:1,MUTATE
2:2:4:4:3:4:4:4:1:,recombination,4937.220858112393,2:2:4:4:3:4:4:4:1,4:4:4:4:4:1:3:4:4
1:2:4:4:3:4:4:4:0:,clone,4828.874045304824,1:2:4:4:3:4:4:4:0
2:2:4:4:3:3:4:4:1:,recombination,5133.649594293567,3:3:4:4:4:4:4:4:2,2:2:4:4:3:4:4:4:1,MUTATE
2:2:4:4:4:4:4:4:2:,clone,4907.3086631821,2:2:4:4:4:4:4:4:2
2:2:4:4:2:4:4:4:1:,recombination,5120.611123590664,1:2:4:2:0:4:4:4:0,2:2:4:4:3:4:4:4:1,MUTATE
1:1:4:3:0:4:4:4:0:,recombination,5711.718282651802,4:3:4:4:4:4:4:4:3,4:3:4:4:4:2:2:3:4,MUTATE
3:3:4:4:4:2:4:4:2:,recombination,5359.952059653419,1:2:4:4:3:3:4:4:1,4:4:4:4:4:1:3:4:4,MUTATE
0:1:4:2:0:4:4:4:0:,recombination,5012.366530597522,1:2:4:2:0:4:4:4:0,4:4:4:4:4:1:2:4:4,MUTATE
0:2:4:2:0:4:4:4:0:,clone,4959.50747075449,0:2:4:2:0:4:4:4:0
2:2:4:4:4:4:4:4:1:,recombination,5028.962098724635,4:4:4:4:4:2:2:1:4,3:3:4:4:4:3:4:4:2,MUTATE
1:1:4:3:0:4:4:4:0:,recombination,5707.64718313063,4:3:4:4:4:2:3:4:3,4:4:4:4:4:1:1:4:4
2:3:4:4:3:4:4:4:1:,recombination,5653.6143693588,3:3:4:4:4:4:4:4:3,3:3:4:4:4:2:2:2:3,MUTATE
2:3:4:4:4:3:4:4:1:,recombination,5893.458897261053,1:2:4:4:1:4:4:4:1,4:4:4:4:4:1:3:4:4
1:2:4:4:0:4:4:4:1:,clone,6183.726844585555,1:2:4:4:0:4:4:4:1
1:1:4:3:0:4:4:4:0:,recombination,5702.85651263437,4:4:4:4:4:0:1:3:4,3:3:4:4:4:2:3:4:3
1:2:4:4:0:4:4:4:1:,clone,6116.560236147258,1:2:4:4:0:4:4:4:1
1:2:4:4:4:3:4:4:0:,recombination,5757.375955562786,2:2:4:4:4:4:4:4:1,4:4:4:4:4:1:2:4:4
1:2:4:3:0:4:4:4:1:,clone,5810.170050638752,1:2:4:4:0:4:4:4:1
2:3:4:4:4:3:4:4:1:,clone,5712.940127082813,2:3:4:4:4:3:4:4:1
2:2:4:3:0:4:4:4:1:,clone,5734.072921816801,2:2:4:3:0:4:4:4:1
1:2:4:3:0:4:4:4:1:,clone,5770.740462969039,1:2:4:3:0:4:4:4:1
0:2:4:3:0:4:4:4:0:,recombination,5721.872524230967,0:2:4:3:0:4:4:4:0,3:3:4:4:4:4:4:4:3
0:2:4:3:0:4:4:4:0:,recombination,5707.584775078184,1:1:4:3:0:4:4:4:0,1:1:4:3:0:4:4:4:0
4:4:4:4:4:1:2:1:4:,clone,5333.73904893886,4:4:4:4:4:1:1:1:4
2:2:4:3:0:4:4:4:1:,clone,5527.16090237114,2:2:4:3:0:4:4:4:1
2:2:4:4:0:4:4:4:1:,recombination,6103.178346881843,4:4:4:4:4:1:2:1:4,3:3:4:4:4:4:3:4:3,MUTATE
1:2:4:4:1:4:4:4:0:,recombination,5004.529743345549,2:2:4:4:2:4:4:4:1,4:3:4:4:4:0:2:1:4
4:3:4:4:4:3:4:4:4:,recombination,6145.632243562825,2:2:4:4:0:4:4:4:1,4:3:4:4:4:3:3:3:4,MUTATE
1:2:4:4:1:4:4:4:0:,clone,4964.069102961693,1:2:4:4:1:4:4:4:0
1:1:4:3:0:4:4:4:0:,recombination,5701.8532001945705,4:4:4:4:4:3:3:4:4,1:2:4:3:0:4:4:4:1,MUTATE
2:2:4:4:0:4:4:4:1:,clone,6033.1847390372495,2:2:4:4:0:4:4:4:1
1:2:4:4:2:3:4:4:0:,recombination,6216.476146156631,3:3:4:4:4:1:2:3:3,1:2:4:4:4:3:4:4:0,MUTATE
1:1:4:3:0:4:4:4:0:,clone,5700.668679040645,1:1:4:2:0:4:4:4:0
1:2:4:4:4:4:4:4:1:,recombination,5254.726925870688,2:3:4:4:3:4:4:4:1,1:2:4:4:3:4:4:4:0
1:2:4:4:4:4:4:4:1:,clone,5228.291099751461,1:2:4:4:4:4:4:4:1
4:3:4:4:4:4:4:4:4:,recombination,6518.751775170902,4:4:4:4:4:1:2:1:4,4:4:4:4:4:1:3:4:4
1:2:4:3:0:4:4:4:0:,recombination,5321.7767084296465,2:2:4:4:4:4:4:4:2,4:4:4:4:4:0:1:4:4,MUTATE
1:2:4:3:0:4:4:4:0:,clone,5221.997185399515,1:2:4:3:0:4:4:4:0
2:2:4:4:1:4:4:4:1:,recombination,5269.39124821917,1:2:4:3:0:4:4:4:0,2:3:4:4:4:2:3:4:2
2:2:4:4:4:3:3:4:1:,recombination,4421.3279979833305,1:2:4:4:1:4:4:4:0,4:4:4:4:4:0:0:0:4,MUTATE
1:2:4:3:0:4:4:4:0:,clone,4940.933708038691,1:2:4:3:0:4:4:4:0
2:2:4:4:4:3:4:4:1:,clone,4501.313293690803,2:2:4:4:4:3:3:4:1
2:2:4:4:4:4:4:4:1:,recombination,5016.189913005135,2:3:4:4:3:4:4:4:1,4:4:4:4:4:3:3:4:4,MUTATE
1:2:4:4:0:4:4:4:1:,clone,6094.065661670112,1:2:4:4:0:4:4:4:1
2:3:4:4:4:4:4:4:1:,recombination,5513.0514102178295,4:3:4:4:4:2:3:4:4,2:2:4:4:4:4:4:4:1,MUTATE
1:2:4:4:4:4:4:4:1:,recombination,5166.548273624054,2:3:4:4:3:4:4:4:2,1:2:4:4:4:4:4:4:1
1:2:4:4:4:4:4:4:1:,clone,4959.050521788315,1:2:4:4:4:4:4:4:1
2:3:4:4:4:4:4:4:1:,clone,5429.276285677617,2:3:4:4:4:4:4:4:1
1:2:4:4:2:3:4:4:0:,recombination,5550.194164196797,0:2:4:2:0:4:4:4:0,2:2:4:4:4:2:4:4:1,MUTATE
0:2:4:2:0:4:4:4:0:,recombination,4934.222287637029,0:2:4:2:0:4:4:4:0,4:3:4:4:4:2:3:4:4,MUTATE
1:2:4:3:1:4:4:4:0:,recombination,5067.767057661638,2:2:4:3:0:4:4:4:1,0:2:4:2:0:4:4:4:0
1:2:4:2:0:4:4:4:0:,recombination,4861.001344620256,2:3:4:4:4:2:3:4:2,0:2:4:2:0:4:4:4:0
2:2:4:3:1:4:4:4:1:,recombination,5741.375316169316,1:2:4:3:0:4:4:4:0,4:4:4:4:4:0:0:2:4,MUTATE
3:2:4:4:3:4:4:4:2:,clone,5432.286228018956,2:2:4:4:3:4:4:4:2
1:2:4:3:1:4:4:4:0:,recombination,5063.526864449774,4:3:4:4:4:3:3:4:3,1:2:4:3:1:4:4:4:0,MUTATE
0:2:4:3:0:4:4:4:0:,recombination,5702.964010186931,0:2:4:3:0:4:4:4:0,4:4:4:4:4:2:2:4:4
1:2:4:3:1:4:4:4:1:,recombination,5595.137016446734,2:2:4:4:4:4:4:4:2,0:1:4:2:0:4:4:4:0,MUTATE
1:2:4:3:1:4:4:4:0:,clone,4987.0799701846,1:2:4:3:1:4:4:4:0
1:2:4:3:1:4:4:4:0:,clone,4939.907865396874,1:2:4:3:1:4:4:4:0
0:2:4:2:0:4:4:4:0:,clone,4861.001344620256,0:2:4:2:0:4:4:4:0
2:2:4:3:1:4:4:4:1:,clone,5508.86014894758,1:2:4:3:1:4:4:4:1
1:2:4:3:1:4:4:4:0:,recombination,4732.366089465914,1:2:4:2:0:4:4:4:0,4:4:4:4:4:0:1:4:4
1:2:4:4:0:4:4:4:0:,recombination,5934.375850808711,4:3:4:4:4:3:3:3:4,1:2:4:4:0:4:4:4:1,MUTATE
1:1:4:3:0:4:4:4:0:,clone,5700.629490461128,1:1:4:3:0:4:4:4:0
2:3:4:4:4:3:4:4:1:,recombination,5536.095788828028,4:4:4:4:4:2:3:3:4,4:4:4:4:4:1:2:3:4,MUTATE
2:2:4:4:4:2:3:4:1:,recombination,6158.3030410212405,3:2:4:4:4:4:3:4:2,4:3:4:4:4:4:4:4:3,MUTATE
2:2:4:4:3:4:4:4:2:,recombination,5293.048025340176,3:3:4:4:4:3:4:4:2,2:2:4:4:4:3:3:4:2,MUTATE
1:2:4:4:1:4:4:4:1:,recombination,5234.403060638667,4:4:4:4:4:2:2:4:4,1:2:4:4:4:4:4:4:1,MUTATE
1:2:4:4:3:3:4:4:1:,clone,5167.8312015507745,1:2:4:4:3:3:4:4:1
4:3:4:4:4:3:2:4:4:,recombination,4982.395507007985,4:4:4:4:4:3:3:4:4,1:1:4:3:0:4:4:4:0
4:3:4:4:4:3:3:4:4:,clone,4728.897832405887,4:3:4:4:4:3:3:4:4
4:3:4:4:4:4:3:4:3:,recombination,5238.130921830581,3:3:4:4:4:4:4:4:2,2:3:4:4:4:2:3:4:2
4:4:4:4:4:3:3:4:4:,clone,4919.073792767825,4:4:4:4:4:3:3:4:4
4:4:4:4:4:3:2:4:4:,clone,4704.574528040406,4:4:4:4:4:3:3:4:4
3:3:4:4:4:3:4:4:2:,clone,5115.7330396361085,3:3:4:4:4:3:4:4:2
4:3:4:4:4:2:4:4:3:,clone,6156.34176265306,3:3:4:4:4:2:4:4:3
1:2:4:4:2:4:4:4:1:,recombination,5150.792866736076,2:3:4:4:3:4:4:4:2,4:4:4:4:4:3:2:4:4
3:3:4:4:4:2:4:4:3:,recombination,5469.588105533471,3:3:4:4:4:2:3:4:3,4:4:4:4:4:0:2:4:4,MUTATE
2:2:4:4:3:3:4:4:1:,recombination,5104.041742523234,4:4:4:4:4:2:3:3:4,3:3:4:4:4:2:3:4:3
2:3:4:4:4:2:4:4:2:,recombination,4924.92363214595,3:3:4:4:3:4:4:4:2,3:3:4:4:4:2:3:4:3
2:2:4:4:3:3:4:4:1:,clone,5091.685607966723,2:2:4:4:3:3:4:4:1
2:2:4:4:4:2:4:4:1:,clone,5255.599631245424,2:2:4:4:4:2:4:4:1
0:2:4:3:0:4:4:4:0:,clone,5701.43238708785,0:2:4:2:0:4:4:4:0
2:2:4:4:4:2:3:4:2:,recombination,4640.474955242,2:3:4:4:4:2:4:4:2,4:4:4:4:4:0:1:4:4
2:3:4:4:3:4:4:4:1:,recombination,5462.162623979337,3:3:4:4:4:4:4:4:2,3:4:4:4:4:2:3:4:3
0:1:4:3:0:4:4:4:0:,recombination,5729.484698037979,1:2:4:3:1:4:4:4:0,4:4:4:4:4:3:2:4:4,MUTATE
3:2:4:4:4:4:4:4:2:,recombination,5261.914117389915,2:3:4:4:4:4:3:4:2,4:4:4:4:4:0:0:0:4
1:1:4:3:0:4:4:4:0:,clone,5700.318011061977,1:1:4:3:0:4:4:4:0
0:2:4:4:0:4:4:4:0:,recombination,7632.9439688918965,3:3:4:4:4:2:3:4:3,3:3:4:4:4:2:2:4:3,MUTATE
4:3:4:4:4:4:3:4:4:,recombination,5285.539468348402,2:2:4:4:3:4:4:4:1,4:4:4:4:4:3:3:4:4
3:3:4:4:4:4:4:4:3:,recombination,5269.865603021983,4:4:4:4:4:3:2:4:4,2:2:4:4:3:4:4:4:1
2:2:4:3:0:4:4:4:1:,clone,5375.794216388879,2:2:4:3:0:4:4:4:1
1:2:4:4:4:3:4:4:0:,recombination,5533.607280415381,2:2:4:4:2:3:4:4:1,4:4:4:4:4:4:3:4:4
4:3:4:4:4:4:4:4:3:,clone,5390.998576528077,4:3:4:4:4:4:4:4:3
4:3:4:4:4:4:4:4:3:,clone,5327.5484905734,4:3:4:4:4:4:4:4:3
1:2:4:4:2:4:4:4:0:,clone,5042.137262449664,1:2:4:4:2:4:4:4:0
1:2:4:4:2:4:4:4:1:,recombination,5046.656351064492,4:3:4:4:4:4:4:4:3,4:3:4:4:4:3:3:4:3
2:3:4:4:3:3:4:4:1:,recombination,6332.498473613824,1:2:4:4:2:4:4:4:0,3:3:4:4:4:2:3:4:2
4:4:4:4:4:2:1:2:4:,recombination,4538.200454756397,2:2:4:4:4:3:4:4:2,4:3:4:4:4:2:3:4:4
4:4:4:4:4:2:1:2:4:,clone,4375.779001894812,4:4:4:4:4:2:1:2:4
4:4:4:4:4:2:2:2:4:,recombination,4849.874028245238,4:4:4:4:4:0:1:3:4,1:2:4:4:2:4:4:4:1,MUTATE
3:2:4:4:2:4:4:4:2:,recombination,5926.120961186782,4:4:4:4:4:0:1:2:4,3:3:4:4:4:4:3:4:3
2:2:4:4:4:4:3:4:2:,recombination,4794.970643483456,4:4:4:4:4:2:1:3:4,2:2:4:4:4:3:3:4:2,MUTATE
4:3:4:4:4:3:3:4:3:,clone,4870.176123641905,4:3:4:4:4:3:3:4:3
2:2:4:4:4:3:4:4:2:,recombination,4730.754350911741,1:2:4:4:2:3:4:4:1,4:3:4:4:4:2:2:4:4
3:3:4:4:4:3:4:4:3:,recombination,5216.808391007743,3:3:4:4:4:4:4:4:2,4:3:4:4:4:4:3:4:4
3:3:4:4:4:3:4:4:2:,recombination,5098.755731598658,4:4:4:4:4:0:0:2:4,4:4:4:4:4:1:2:2:4,MUTATE
1:2:4:4:3:3:4:4:1:,clone,5135.398182391066,1:2:4:4:3:3:4:4:1
2:3:4:4:3:3:4:4:1:,clone,6043.02510279151,2:3:4:4:3:3:4:4:1
2:3:4:4:4:3:4:4:2:,recombination,4944.931061524196,1:2:4:4:3:3:4:4:0,4:3:4:4:4:4:3:4:3,MUTATE
1:2:4:4:2:4:4:4:1:,clone,4863.305307399337,1:2:4:4:2:4:4:4:1
2:3:4:4:3:4:4:4:1:,recombination,5340.927851063878,2:3:4:4:4:4:4:4:1,4:4:4:4:4:3:3:4:4
2:3:4:4:3:3:4:4:1:,recombination,5691.1205946471155,2:3:4:4:3:3:4:4:1,2:2:4:4:4:3:4:4:2
2:3:4:4:4:4:4:4:2:,clone,5078.341919738127,2:3:4:4:4:4:4:4:2
2:3:4:4:3:4:4:4:1:,recombination,5184.602781342394,1:2:4:4:3:3:4:4:1,2:3:4:4:3:4:4:4:1,MUTATE
2:2:4:4:4:3:4:4:2:,clone,4568.901043808618,2:2:4:4:4:3:4:4:2
2:3:4:4:4:4:4:4:2:,clone,5040.648696359552,2:3:4:4:4:4:4:4:2
3:3:4:4:4:4:3:4:2:,recombination,4959.7239878428945,2:3:4:4:4:3:4:4:2,4:4:4:4:4:0:1:3:4,MUTATE
3:3:4:4:4:4:3:4:3:,clone,4986.843189980149,3:3:4:4:4:4:3:4:3
2:3:4:4:3:3:4:4:1:,recombination,5647.439161358841,2:3:4:4:4:3:3:4:2,2:3:4:4:3:3:4:4:1
1:1:4:4:1:4:4:4:0:,recombination,5856.237393173285,4:3:4:4:4:1:2:2:4,4:3:4:4:4:4:3:4:4,MUTATE
4:4:4:4:4:1:0:2:4:,recombination,4600.960311596525,1:2:4:2:0:4:4:4:0,3:3:4:4:4:4:4:4:2
4:4:4:4:4:0:0:2:4:,clone,4560.389643197365,4:4:4:4:4:0:0:2:4
4:4:4:4:4:0:0:2:4:,clone,4366.052763635607,4:4:4:4:4:0:0:2:4
2:2:4:4:1:4:4:4:1:,clone,5173.687203770239,2:2:4:4:1:4:4:4:1
2:2:4:4:1:4:4:4:1:,recombination,5103.713722671551,2:3:4:4:4:4:4:4:2,4:3:4:4:4:2:3:4:3
2:3:4:4:4:4:4:4:2:,recombination,5034.544941766802,1:2:4:3:1:4:4:4:0,4:3:4:4:4:2:3:4:4
2:3:4:4:4:4:4:4:1:,clone,5280.9604653432,2:3:4:4:4:4:4:4:1
2:2:4:4:4:4:4:4:1:,clone,4786.590156735846,2:2:4:4:4:4:4:4:1
4:3:4:4:4:3:3:4:3:,recombination,4796.580877131994,2:3:4:4:4:2:3:4:2,3:3:4:4:4:2:2:3:3
4:3:4:4:4:3:4:4:3:,recombination,5163.148682275275,1:2:4:4:1:3:4:4:0,2:3:4:4:4:4:4:4:1,MUTATE
3:3:4:4:4:3:4:4:2:,clone,4915.472166420669,3:3:4:4:4:3:3:4:2
2:3:4:4:4:4:4:4:2:,clone,4945.488801299099,2:2:4:4:3:4:4:4:1
2:2:4:4:4:4:4:4:1:,clone,4661.812780787433,2:2:4:4:4:4:4:4:1
3:3:4:4:4:4:3:4:3:,clone,4980.996961545542,3:3:4:4:4:4:3:4:3
2:3:4:4:4:4:4:4:2:,clone,4900.808445969976,2:3:4:4:4:4:4:4:2
2:2:4:4:4:4:4:4:1:,recombination,4576.705410521553,2:2:4:4:4:4:4:4:1,2:2:4:4:3:3:4:4:1,MUTATE
3:3:4:4:4:3:4:4:3:,clone,5067.856760713556,3:3:4:4:4:3:4:4:3
2:3:4:4:4:4:4:4:2:,clone,4786.590156735846,2:3:4:4:4:4:4:4:2
2:2:4:4:3:4:4:4:1:,clone,4665.97462622352,2:2:4:4:3:4:4:4:1
2:2:4:4:4:4:4:4:2:,clone,4875.859372437813,2:2:4:4:4:4:4:4:2
2:2:4:4:3:4:4:4:2:,clone,5208.7647615712,2:2:4:4:3:4:4:4:2
1:2:4:4:2:4:4:4:0:,clone,5014.146220977195,1:2:4:4:2:4:4:4:0
1:1:4:3:0:4:4:4:0:,recombination,5699.464633625197,4:3:4:4:4:3:3:4:3,4:4:4:4:4:0:1:1:4,MUTATE
4:3:4:4:4:4:4:4:4:,clone,6209.661087482394,4:3:4:4:4:4:4:4:3
2:2:4:3:1:4:4:4:1:,recombination,5248.448030112729,4:4:4:4:4:0:0:1:4,1:2:4:4:1:4:4:4:0,MUTATE
2:2:4:4:2:4:4:4:1:,recombination,5119.547200763887,2:3:4:4:4:4:4:4:2,4:4:4:4:4:3:2:4:4,MUTATE
2:2:4:4:2:4:4:4:1:,recombination,5046.469229003936,2:2:4:4:3:4:4:4:1,4:4:4:4:4:1:1:3:4,MUTATE
1:2:4:4:2:3:4:4:0:,recombination,5156.582307420943,3:3:4:4:4:4:3:4:3,2:3:4:4:4:4:4:4:2,MUTATE
1:2:4:4:1:4:4:4:1:,recombination,5024.092645496331,4:3:4:4:4:3:4:4:3,3:3:4:4:4:3:4:4:3,MUTATE
2:2:4:4:3:3:4:4:1:,recombination,5045.693707445956,4:4:4:4:4:0:1:2:4,1:2:4:4:4:3:4:4:1,MUTATE
1:2:4:4:2:3:4:4:0:,recombination,5064.741165745784,2:2:4:4:4:4:4:4:2,3:3:4:4:4:4:4:4:3
1:2:4:2:0:4:4:4:0:,recombination,4853.354688813685,2:2:4:4:1:4:4:4:1,3:3:4:4:4:3:4:4:3,MUTATE
2:2:4:4:3:4:4:4:1:,recombination,4659.350772389833,1:2:4:2:0:4:4:4:0,0:1:4:2:0:4:4:4:0
3:2:4:4:4:3:4:4:2:,recombination,4848.506798894289,1:1:4:2:0:4:4:4:0,1:2:4:3:0:4:4:4:0
2:2:4:4:3:3:4:4:1:,clone,4781.006083894754,2:2:4:4:3:3:4:4:1
4:4:4:4:4:2:3:4:4:,recombination,4799.762027095023,2:2:4:4:2:4:4:4:1,0:2:4:3:0:4:4:4:0,MUTATE
4:3:4:4:4:3:2:4:4:,recombination,4944.131841331685,3:3:4:4:4:4:3:4:3,4:4:4:4:4:3:3:4:4,MUTATE
3:2:4:4:4:4:3:4:2:,recombination,5126.357186630924,2:2:4:4:1:4:4:4:1,2:2:4:4:4:2:4:4:1,MUTATE
4:3:4:4:4:4:3:4:4:,clone,5223.575960337808,4:3:4:4:4:3:3:4:4
1:2:4:3:0:4:4:4:0:,clone,4894.65044615222,1:2:4:3:0:4:4:4:0
1:2:4:4:4:4:4:4:0:,recombination,5584.635703534643,1:1:4:2:0:4:4:4:0,4:4:4:4:4:3:3:3:4,MUTATE
3:3:4:4:4:4:4:4:3:,recombination,4991.915598245143,4:3:4:4:4:1:2:1:4,3:3:4:4:4:4:3:4:3,MUTATE
3:3:4:4:4:4:3:4:3:,recombination,4791.20545779632,3:3:4:4:4:3:3:4:2,3:3:4:4:4:4:4:4:3
2:2:4:4:2:4:4:4:1:,recombination,4883.9330565107575,2:2:4:4:3:4:4:4:2,2:2:4:4:3:4:4:4:1
1:1:4:4:0:4:4:4:0:,recombination,6674.8738306638525,4:4:4:4:4:0:1:4:4,1:2:4:3:0:4:4:4:0
1:2:4:2:0:4:4:4:0:,clone,4672.908758129869,1:2:4:2:0:4:4:4:0
1:1:4:2:0:4:4:4:0:,recombination,4729.422333363254,1:2:4:3:0:4:4:4:0,4:3:4:4:4:3:2:4:4
1:1:4:4:2:4:4:4:0:,clone,5458.745805053696,1:2:4:4:2:4:4:4:0
1:2:4:4:2:4:4:4:0:,clone,4858.349482264844,1:2:4:4:2:4:4:4:0
1:2:4:4:3:3:4:4:1:,recombination,4777.095533438281,2:3:4:4:4:4:4:4:1,3:2:4:4:3:4:4:4:2,MUTATE
1:2:4:4:3:3:4:4:1:,clone,4742.06549624078,1:2:4:4:3:3:4:4:1
4:4:4:4:4:0:0:0:4:,clone,3987.517459621865,4:4:4:4:4:0:0:0:4
3:3:4:4:4:4:3:4:2:,clone,4869.347180312166,3:3:4:4:4:4:4:4:2
3:3:4:4:4:4:4:4:2:,recombination,5036.887266455335,0:1:4:2:0:4:4:4:0,4:4:4:4:4:2:3:4:4,MUTATE
3:3:4:4:4:4:4:4:2:,clone,5032.936407120784,3:3:4:4:4:4:4:4:2
2:3:4:4:4:3:4:4:2:,recombination,4929.464903856851,3:3:4:4:4:2:2:3:3,2:3:4:4:3:4:4:4:2,MUTATE
4:3:4:4:4:4:3:4:4:,clone,5060.055609258038,4:4:4:4:4:4:3:4:4
2:3:4:4:4:3:4:4:2:,clone,4778.594183188043,2:3:4:4:4:3:4:4:2
4:4:4:4:4:0:1:2:4:,clone,3948.1140124806216,4:4:4:4:4:0:1:2:4
4:3:4:4:4:3:3:4:4:,clone,4467.283687972321,4:3:4:4:4:3:3:4:4
4:3:4:4:4:4:3:4:3:,clone,5211.141300889635,4:3:4:4:4:4:3:4:3
4:3:4:4:4:4:3:4:3:,clone,5211.141300889634,4:3:4:4:4:4:3:4:3
0:1:4:4:0:4:4:4:0:,recombination,7606.981866474708,1:2:4:4:1:4:4:4:1,0:2:4:2:0:4:4:4:0
4:4:4:4:4:2:1:4:4:,recombination,4742.779539613376,4:4:4:4:4:0:0:2:4,4:4:4:4:4:2:1:4:4,MUTATE
3:3:4:4:3:4:4:4:2:,recombination,5711.982832199818,2:3:4:4:3:4:4:4:1,0:1:4:2:0:4:4:4:0
4:4:4:4:4:4:3:4:4:,recombination,5388.511231894094,2:3:4:4:3:4:4:4:1,4:4:4:4:4:2:1:4:4
3:2:4:4:4:4:4:4:2:,clone,5228.897052063143,3:3:4:4:4:3:3:4:3
0:2:4:3:0:4:4:4:0:,clone,5700.916357480033,0:2:4:3:0:4:4:4:0
3:2:4:4:4:4:4:4:2:,clone,5048.884407275134,3:2:4:4:4:4:4:4:2
4:4:4:4:4:2:3:4:4:,recombination,4786.412467928337,3:2:4:4:4:2:3:4:2,2:2:4:4:3:4:4:4:1
4:4:4:4:4:3:3:4:4:,recombination,4808.054097061493,2:2:4:4:4:4:4:4:1,2:2:4:4:4:3:4:4:1,MUTATE
4:4:4:4:4:3:3:4:4:,clone,4734.7675898400885,4:4:4:4:4:3:3:4:4
4:4:4:4:4:3:3:4:4:,recombination,4547.205338565901,2:3:4:4:4:4:4:4:2,4:3:4:4:4:2:2:3:4
3:3:4:4:4:2:4:4:3:,recombination,5444.845354014733,1:2:4:4:4:4:4:4:1,4:3:4:4:4:1:2:3:4,MUTATE
4:4:4:4:4:2:3:4:4:,recombination,4750.094960026274,1:2:4:4:2:3:4:4:0,1:2:4:2:0:4:4:4:0
4:4:4:4:4:2:3:4:4:,clone,4738.804305625274,4:4:4:4:4:2:3:4:4
3:3:4:4:4:4:4:4:2:,clone,4922.660773051735,3:3:4:4:4:4:4:4:2
3:3:4:4:4:2:3:4:2:,clone,4494.796357138798,3:3:4:4:4:2:3:4:3
3:3:4:4:4:2:4:4:2:,clone,5254.786873201558,3:3:4:4:4:2:4:4:2
3:3:4:4:4:2:4:4:2:,clone,4951.214626536418,3:3:4:4:4:2:4:4:2
3:3:4:4:4:2:4:4:3:,clone,5399.401329447992,3:3:4:4:4:2:4:4:2
2:2:4:4:1:4:4:4:1:,recombination,5088.1175412463135,1:1:4:2:0:4:4:4:0,1:2:4:3:1:4:4:4:0
2:2:4:4:4:2:4:4:2:,clone,5172.842040890348,2:3:4:4:4:2:4:4:2
2:2:4:4:2:4:4:4:1:,recombination,4858.616423514814,4:3:4:4:4:2:3:2:4,2:2:4:4:1:4:4:4:1,MUTATE
1:2:4:4:3:4:4:4:1:,clone,4876.639275796514,1:2:4:4:3:4:4:4:1
2:3:4:4:4:2:4:4:1:,clone,5153.417240985865,2:3:4:4:4:2:4:4:1
1:2:4:4:4:2:3:4:1:,recombination,6525.174828448247,4:4:4:4:4:4:3:4:4,2:2:4:4:4:4:4:4:1,MUTATE
2:3:4:4:3:3:4:4:1:,recombination,5376.065451304783,1:2:4:2:0:4:4:4:0,4:4:4:4:4:1:1:4:4
2:3:4:4:4:3:4:4:1:,recombination,5524.035573798912,4:4:4:4:4:2:3:4:4,2:3:4:4:4:4:4:4:2,MUTATE
3:2:4:4:4:4:4:4:2:,clone,4978.805128413906,3:2:4:4:4:4:4:4:2
4:3:4:4:4:3:3:4:3:,recombination,4496.797758104585,4:3:4:4:4:3:3:4:4,4:4:4:4:4:1:2:2:4
1:2:4:4:2:3:4:4:1:,clone,5327.948416597131,1:2:4:4:2:3:4:4:1
1:2:4:4:3:4:4:4:1:,clone,4848.548858012929,1:2:4:4:3:4:4:4:1
1:2:4:4:4:3:4:4:1:,recombination,4909.370244097029,4:3:4:4:4:3:3:4:3,4:4:4:4:4:0:0:1:4
1:2:4:4:1:3:4:4:0:,recombination,5214.65933993474,1:2:4:4:2:4:4:4:1,4:3:4:4:4:3:4:4:4,MUTATE
1:2:4:4:1:3:4:4:0:,clone,4929.184457218313,1:2:4:4:3:3:4:4:1
1:2:4:4:1:4:4:4:0:,recombination,4896.177101123052,3:2:4:4:4:3:4:4:2,1:1:4:3:0:4:4:4:0,MUTATE
1:2:4:4:1:3:4:4:0:,clone,4882.457393061462,1:2:4:4:1:3:4:4:0
2:2:4:4:4:2:4:4:1:,clone,5063.598120864413,2:2:4:4:4:2:4:4:1
1:2:4:4:2:3:4:4:1:,recombination,5097.8201204926845,4:4:4:4:4:3:3:4:4,4:3:4:4:4:2:3:4:3,MUTATE
0:2:4:3:0:4:4:4:0:,recombination,5700.09836635375,0:1:4:3:0:4:4:4:0,4:4:4:4:4:2:1:2:4,MUTATE
0:1:4:2:0:4:4:4:0:,clone,4758.812659874506,0:1:4:2:0:4:4:4:0
4:4:3:4:4:0:0:0:4:,recombination,5392.132164234631,4:4:4:4:4:2:2:4:4,4:3:4:4:4:3:3:4:3,MUTATE
3:3:4:4:4:4:3:4:3:,recombination,4751.341320860301,3:3:4:4:4:3:3:4:3,1:1:4:2:0:4:4:4:0,MUTATE
4:3:4:4:4:4:3:4:3:,recombination,4944.808415954393,3:3:4:4:4:4:3:4:3,1:2:4:4:1:4:4:4:0
2:2:4:4:4:4:4:4:2:,clone,4765.738939496524,2:2:4:4:4:4:4:4:2
1:2:4:3:1:4:4:4:0:,clone,4561.128641129484,1:2:4:3:1:4:4:4:0
2:3:4:4:3:4:4:4:2:,recombination,4990.32541699368,3:3:4:4:4:3:3:4:3,2:3:4:4:4:4:4:4:2
1:2:4:4:1:4:4:4:0:,recombination,4754.781167065417,1:2:4:4:2:4:4:4:1,2:2:4:4:2:4:4:4:1,MUTATE
1:2:4:4:2:3:4:4:1:,recombination,5025.666430193829,3:3:4:4:4:3:3:4:3,1:2:4:4:2:4:4:4:1
1:2:4:4:2:3:4:4:1:,clone,4574.624208504499,1:2:4:4:2:3:4:4:1
2:2:4:4:2:3:4:4:1:,recombination,5006.534569508141,2:2:4:4:4:3:4:4:2,2:2:4:4:1:4:4:4:1,MUTATE
2:2:4:4:2:3:4:4:1:,recombination,4789.123473231916,1:2:4:4:2:3:4:4:1,2:2:4:4:1:4:4:4:1
1:2:4:4:1:4:4:4:0:,clone,4742.2327530345165,1:2:4:4:2:3:4:4:1
3:3:4:4:4:3:4:4:2:,recombination,4813.267544565977,1:2:4:4:2:3:4:4:1,2:2:4:4:4:3:3:4:2,MUTATE
3:3:4:4:4:3:3:4:2:,clone,4421.843549043548,3:3:4:4:4:3:3:4:2
4:3:4:4:4:2:2:4:4:,clone,4014.6501971368575,4:3:4:4:4:2:2:4:4
4:4:4:4:4:1:2:4:4:,clone,4281.209382525512,4:4:4:4:4:1:2:4:4
4:4:4:4:4:0:1:4:4:,clone,4281.209382525512,4:4:4:4:4:0:1:4:4
4:3:4:4:4:1:2:4:4:,clone,3894.8444396209047,4:3:4:4:4:1:2:4:4
4:3:4:4:4:2:3:4:3:,clone,4488.81125012021,3:3:4:4:4:2:3:4:3
3:3:4:4:4:2:3:4:3:,clone,4079.9491795126028,3:3:4:4:4:2:3:4:3
2:2:4:4:4:3:3:4:2:,clone,4617.608712958005,3:2:4:4:4:3:3:4:2
4:4:4:4:4:1:3:4:4:,recombination,4938.236996907259,1:2:4:4:4:4:4:4:1,3:3:4:4:4:4:3:4:2,MUTATE
3:3:4:4:4:2:3:4:2:,clone,4478.195234236137,3:3:4:4:4:2:3:4:3
3:3:4:4:4:2:3:4:2:,clone,4234.3228320745175,3:3:4:4:4:2:3:4:2
4:4:4:4:4:1:3:4:4:,recombination,4792.617731351809,1:2:4:4:2:4:4:4:0,4:4:4:4:4:2:3:4:4,MUTATE
3:2:4:4:4:2:3:4:2:,clone,4468.343054341202,3:2:4:4:4:2:3:4:2
2:2:4:4:2:3:4:4:1:,recombination,4769.702916190848,3:3:4:4:4:4:4:4:2,4:4:4:4:4:1:2:4:4,MUTATE
2:2:4:4:4:2:3:4:1:,recombination,5759.726387613043,0:1:4:3:0:4:4:4:0,3:3:4:4:4:2:4:4:3
1:2:4:4:4:3:4:4:0:,clone,5469.407590324018,1:2:4:4:4:3:4:4:0
1:2:4:4:4:3:4:4:0:,recombination,5413.766741857998,4:3:4:4:4:3:3:4:4,2:2:4:4:3:4:4:4:1,MUTATE
2:3:4:4:4:3:4:4:1:,clone,5433.888421422381,2:3:4:4:4:3:4:4:1
0:1:4:3:0:4:4:4:0:,recombination,5706.077689357775,4:4:4:4:4:0:1:2:4,3:3:4:4:4:2:3:2:3,MUTATE
2:2:4:3:0:4:4:4:1:,clone,5278.912353742211,2:2:4:3:0:4:4:4:1
2:3:4:4:4:4:4:4:1:,clone,5252.531570974073,2:3:4:4:4:4:4:4:1
0:2:4:4:0:4:4:4:0:,recombination,7627.4346808756745,3:3:4:4:4:4:3:4:3,4:3:4:4:4:1:2:3:4
2:2:4:4:1:4:4:4:1:,recombination,5027.8101232732815,3:3:4:4:4:2:2:3:3,3:3:4:4:4:3:4:4:2,MUTATE
1:2:4:4:4:4:4:4:0:,recombination,5425.118280458627,2:2:4:4:4:2:3:3:2,2:3:4:4:4:3:3:4:2,MUTATE
2:2:4:4:4:2:3:4:1:,recombination,5632.492812716249,3:2:4:4:4:3:3:4:3,4:4:4:4:4:1:2:3:4,MUTATE
1:2:4:4:2:4:4:4:1:,clone,4834.612501029622,1:2:4:4:2:4:4:4:1
1:1:4:3:1:4:4:4:0:,clone,5384.792874203006,1:2:4:3:1:4:4:4:0
0:2:4:2:0:4:4:4:0:,recombination,4782.224728641925,1:2:4:3:1:4:4:4:0,1:2:4:4:1:3:4:4:0,MUTATE
1:2:4:4:2:4:4:4:1:,clone,4831.303300310165,1:2:4:4:2:4:4:4:1
2:2:4:4:3:3:4:4:1:,clone,4718.914817484237,2:2:4:4:3:3:4:4:1
1:2:4:4:1:4:4:4:1:,clone,5006.148703634425,1:2:4:4:1:4:4:4:1
1:2:4:4:1:4:4:4:1:,clone,5006.148703634424,1:2:4:4:1:4:4:4:1
3:3:4:4:3:4:4:4:2:,recombination,5690.1432528445575,1:2:4:4:1:4:4:4:1,3:2:4:4:4:4:4:4:2,MUTATE
4:3:4:4:4:3:2:4:4:,clone,4807.006040630945,4:3:4:4:4:3:3:4:4
0:1:4:3:0:4:4:4:0:,clone,5700.530402699114,1:1:4:2:0:4:4:4:0
4:4:4:4:4:1:0:1:4:,recombination,5168.220254790125,1:1:4:2:0:4:4:4:0,1:2:4:3:1:4:4:4:0
4:4:4:4:4:1:0:1:4:,clone,4761.050107630803,4:4:4:4:4:1:0:1:4
3:3:4:4:4:4:4:4:2:,clone,4857.769686052246,3:3:4:4:4:4:4:4:2
3:2:4:4:3:4:4:4:2:,recombination,5163.9566078623275,4:3:4:4:4:2:3:3:4,2:2:4:4:4:3:4:4:2,MUTATE
2:2:4:4:3:4:4:4:2:,clone,5009.613677171231,3:3:4:4:4:4:4:4:2
3:3:4:4:4:4:3:4:3:,clone,4746.101493609687,3:3:4:4:4:4:3:4:3
3:3:4:4:4:4:3:4:2:,recombination,4746.101493609687,3:3:4:4:4:4:3:4:3,3:3:4:4:4:3:4:4:2
2:2:4:4:3:4:4:4:2:,recombination,5007.305249916808,3:3:4:4:4:4:4:4:2,4:4:4:4:4:1:2:4:4,MUTATE
3:3:4:4:4:4:3:4:2:,recombination,4652.329800703152,3:3:4:4:4:4:3:4:2,3:3:4:4:4:4:3:4:3
3:3:4:4:4:4:4:4:2:,clone,4741.59901640512,3:3:4:4:4:4:4:4:2
2:2:4:4:2:4:4:4:1:,recombination,4801.533090270657,2:2:4:4:4:4:4:4:1,2:3:4:4:4:3:3:4:2
2:2:4:3:1:4:4:4:1:,clone,5097.371792860895,2:2:4:3:1:4:4:4:1
1:2:4:4:0:4:4:4:1:,recombination,6088.777606068935,4:3:4:4:4:3:3:4:4,4:4:4:4:4:2:2:4:4,MUTATE
1:2:4:2:0:4:4:4:0:,recombination,4602.324474191656,4:4:4:4:4:3:3:4:4,2:2:4:4:3:3:4:4:1
3:3:4:4:4:3:4:4:3:,recombination,4808.582321290357,1:2:4:4:4:4:4:4:1,2:2:4:4:4:2:3:4:1
1:2:4:3:1:4:4:4:1:,clone,5220.338777530482,1:2:4:3:1:4:4:4:1
2:2:4:4:3:4:4:4:2:,recombination,4946.024042884666,1:2:4:4:4:4:4:4:1,3:3:4:4:4:2:3:4:3,MUTATE
1:2:4:4:4:3:4:4:0:,recombination,5318.774156944142,4:3:4:4:4:2:2:4:4,1:2:4:4:4:4:4:4:1
4:4:4:4:4:1:0:0:4:,recombination,4727.575716739407,0:1:4:4:0:4:4:4:0,4:3:4:4:4:2:2:4:4,MUTATE
4:4:4:4:4:3:2:4:4:,clone,4578.314282558454,4:4:4:4:4:3:2:4:4
2:3:4:4:3:4:4:4:1:,recombination,5160.248959676101,1:2:4:3:1:4:4:4:0,4:4:4:4:4:1:1:3:4
3:3:4:4:4:4:4:4:3:,clone,4968.693439505953,3:3:4:4:4:4:4:4:3
2:2:4:4:2:4:4:4:1:,recombination,4749.445477414771,2:2:4:4:4:2:3:4:2,2:3:4:4:4:3:3:4:2,MUTATE
3:2:4:4:2:4:4:4:2:,clone,5751.509223593008,3:2:4:4:2:4:4:4:2
2:2:4:4:0:4:4:4:1:,clone,6031.74710638696,2:2:4:3:0:4:4:4:1
4:3:4:4:4:3:4:4:4:,clone,5873.1483517046,4:3:4:4:4:3:4:4:4
4:3:4:4:4:4:4:4:4:,clone,5962.408906558303,4:3:4:4:4:4:4:4:4
2:3:4:4:4:4:3:4:2:,recombination,5155.631831059426,2:3:4:4:4:3:3:4:2,1:2:4:4:4:4:4:4:1
1:2:4:4:3:3:4:4:0:,recombination,5468.462130404602,1:1:4:3:0:4:4:4:0,3:3:4:4:4:4:4:4:3
1:2:4:4:3:3:4:4:0:,recombination,5198.253587291125,2:3:4:4:4:4:4:4:2,4:3:4:4:4:2:2:4:4,MUTATE
2:3:4:4:4:3:4:4:1:,clone,5385.620245130599,2:3:4:4:4:3:4:4:1
2:3:4:4:4:3:4:4:1:,clone,5234.162096157874,2:3:4:4:4:3:4:4:1
3:2:4:4:3:4:4:4:2:,recombination,5154.498558271279,2:2:4:4:4:4:4:4:2,3:3:4:4:4:4:3:4:2
2:2:4:3:1:4:4:4:1:,recombination,5037.486212249918,3:3:4:4:4:4:3:4:2,4:4:4:4:4:3:2:4:4,MUTATE
4:4:4:4:4:0:0:3:4:,recombination,5484.230930854233,4:4:4:4:4:2:1:4:4,3:3:4:4:4:3:2:4:3
3:3:4:4:3:3:4:4:2:,clone,5721.357701458815,3:3:4:4:3:3:4:4:2
1:2:4:4:1:3:4:4:0:,recombination,4879.442149627138,3:3:4:4:4:1:3:4:3,4:3:4:4:4:3:3:4:3
0:2:4:2:0:4:4:4:0:,clone,4760.025756453131,0:2:4:2:0:4:4:4:0
4:4:3:4:4:0:0:2:4:,recombination,5813.799853538747,2:3:4:4:4:4:4:4:1,2:2:4:4:3:4:4:4:1
4:3:4:4:4:3:2:4:4:,clone,4727.470744899911,4:3:4:4:4:3:2:4:4
4:3:4:4:4:3:2:4:4:,clone,4681.170029277422,4:3:4:4:4:3:2:4:4
1:2:4:3:1:4:4:4:1:,clone,5200.793817080943,1:2:4:3:1:4:4:4:0
3:2:4:4:4:3:4:4:2:,clone,4742.123432981964,3:3:4:4:4:3:3:4:3
2:3:4:4:4:3:4:4:2:,clone,4717.87620481352,2:3:4:4:4:3:4:4:2
2:2:4:4:2:4:4:4:1:,clone,4619.988624119523,2:2:4:4:2:4:4:4:1
2:3:4:4:3:4:4:4:1:,clone,4756.228195959323,2:3:4:4:3:4:4:4:1
1:1:4:4:1:4:4:4:0:,clone,5814.257018682082,1:1:4:4:1:4:4:4:0
2:2:4:4:3:3:4:4:2:,clone,5336.022490178331,2:2:4:4:3:3:4:4:2
1:2:4:3:0:4:4:4:1:,recombination,5418.479952535342,1:2:4:4:3:3:4:4:1,1:2:4:4:4:3:4:4:0
4:4:4:4:4:0:0:3:4:,recombination,5255.621814586004,1:2:4:2:0:4:4:4:0,3:3:4:4:4:3:3:4:3,MUTATE
2:2:4:4:4:2:4:4:1:,recombination,4624.527114485623,4:4:4:4:4:3:3:4:4,3:3:4:4:4:3:4:4:3,MUTATE
1:2:4:3:0:4:4:4:0:,recombination,4617.042189723356,4:4:4:4:4:3:3:4:4,1:2:4:4:4:3:4:4:0,MUTATE
1:2:4:3:1:4:4:4:0:,recombination,4527.910958282629,2:2:4:4:3:4:4:4:2,3:3:4:4:4:2:3:4:2
1:2:4:2:0:4:4:4:0:,clone,4539.594171885684,1:2:4:2:0:4:4:4:0
4:4:4:4:4:1:1:3:4:,clone,4072.278325030153,4:4:4:4:4:1:1:3:4
1:2:4:4:2:4:4:4:0:,clone,4789.4180872723355,1:2:4:4:2:4:4:4:0
1:2:4:4:2:4:4:4:0:,clone,4772.792292955105,1:2:4:4:2:4:4:4:0
0:1:4:3:0:4:4:4:0:,clone,5700.367272244444,0:1:4:3:0:4:4:4:0
4:4:3:4:4:0:0:0:4:,clone,5377.38836461505,1:2:4:3:0:4:4:4:0
4:4:3:4:4:0:0:0:4:,clone,5377.388364615049,4:4:3:4:4:0:0:0:4
4:4:2:4:4:0:0:0:4:,recombination,5508.10797518527,1:2:4:3:0:4:4:4:0,4:3:4:4:4:3:3:4:3,MUTATE
4:4:3:4:4:0:0:0:4:,clone,5207.35909786487,4:4:3:4:4:0:0:0:4
2:2:4:4:4:4:4:4:2:,clone,4528.060704234225,2:2:4:4:4:4:4:4:2
1:2:4:4:3:4:4:4:1:,clone,4808.598131998668,1:2:4:4:3:4:4:4:1
3:3:4:4:4:4:3:4:2:,recombination,4488.306443801822,2:2:4:4:2:4:4:4:1,4:4:3:4:4:0:0:0:4,MUTATE
4:4:4:4:4:4:3:4:4:,clone,5328.893758340179,4:4:4:4:4:4:3:4:4
4:4:4:4:4:4:3:4:4:,clone,5234.43730496663,4:4:4:4:4:4:3:4:4
4:4:4:4:4:4:3:4:4:,clone,5079.646361408117,4:4:4:4:4:3:3:4:4
1:2:4:4:2:3:4:4:0:,clone,4842.266846926978,1:2:4:4:2:3:4:4:0
1:2:4:4:3:3:4:4:0:,recombination,4845.10583642413,4:3:4:4:4:2:3:4:3,2:3:4:4:4:3:4:4:2,MUTATE
1:2:4:4:2:3:4:4:0:,recombination,4719.942597035827,1:2:4:4:2:3:4:4:0,4:4:4:4:4:1:0:0:4,MUTATE
2:2:4:4:4:2:3:4:1:,clone,4894.463130682079,2:2:4:4:4:2:3:4:1
1:3:4:4:3:4:4:4:1:,recombination,5674.246996407137,3:3:4:4:4:4:3:4:3,4:4:4:4:4:0:0:0:4
2:3:4:4:4:4:4:4:1:,recombination,5225.780534291172,4:4:4:4:4:3:3:4:4,3:3:4:4:4:4:4:4:2
0:2:4:2:0:4:4:4:0:,clone,4698.01925674359,0:2:4:2:0:4:4:4:0
4:4:4:4:4:2:3:4:4:,recombination,4630.130275041125,3:3:4:4:4:4:4:4:3,3:3:4:4:4:1:2:3:3,MUTATE
1:2:4:4:4:3:3:4:1:,clone,5810.602806940129,1:2:4:4:4:3:3:4:1
3:2:4:4:4:3:3:4:2:,recombination,4694.302117356785,0:1:4:3:0:4:4:4:0,1:2:4:4:2:3:4:4:1
1:2:4:4:1:4:4:4:1:,recombination,4801.13442694416,4:4:4:4:4:3:3:4:4,1:2:4:4:1:4:4:4:1
1:2:4:4:1:4:4:4:1:,clone,4736.183005453784,1:2:4:4:1:4:4:4:1
4:4:4:4:4:2:3:4:4:,clone,4618.176905253353,4:3:4:4:4:2:3:4:4
1:2:4:4:2:4:4:4:1:,recombination,4622.9137497135835,1:2:4:3:1:4:4:4:0,1:2:4:4:2:4:4:4:1,MUTATE
2:2:4:4:1:4:4:4:1:,clone,4919.5520574162765,2:2:4:4:1:4:4:4:1
1:2:4:4:3:4:4:4:1:,clone,4701.059657793494,1:2:4:4:3:4:4:4:1
3:2:4:4:4:4:4:4:3:,clone,6892.5834707439535,3:3:4:4:4:4:4:4:3
3:3:4:4:3:4:4:4:2:,recombination,5343.805279571922,2:3:4:4:4:3:4:4:1,2:2:4:4:4:4:4:4:2
4:4:4:4:4:0:0:1:4:,clone,3968.764325074601,4:4:4:4:4:0:0:1:4
4:4:4:4:4:2:2:2:4:,recombination,4417.0833629023655,4:3:4:4:4:3:3:4:3,0:2:4:4:0:4:4:4:0
4:4:4:4:4:1:1:2:4:,recombination,4169.7917021140765,4:4:4:4:4:2:3:4:4,4:3:4:4:4:1:2:2:4
2:3:4:4:2:4:4:4:1:,clone,5494.15824882989,2:2:4:4:2:4:4:4:1
0:2:4:3:0:4:4:4:0:,clone,5699.512679499337,0:2:4:3:0:4:4:4:0
1:2:4:4:1:4:4:4:0:,recombination,4663.231472551244,4:3:4:4:4:3:3:4:4,3:3:4:4:4:4:4:4:2
1:2:4:4:1:4:4:4:0:,clone,4554.475429972479,1:2:4:4:1:4:4:4:0
4:4:3:4:4:1:0:2:4:,recombination,5847.768200348061,2:3:4:4:3:4:4:4:1,2:2:4:4:1:4:4:4:1
3:3:4:4:4:4:3:4:3:,recombination,4579.725612373692,4:4:4:4:4:2:3:4:4,3:3:4:4:4:1:2:3:3
3:3:4:4:4:4:3:4:2:,recombination,4464.008387733167,2:2:4:4:4:4:4:4:2,3:3:4:4:4:4:4:4:3
3:3:4:4:4:4:3:4:3:,clone,4464.008387733167,3:3:4:4:4:4:3:4:3
2:2:4:4:3:4:4:4:1:,recombination,4527.453095316738,3:3:4:4:4:4:3:4:3,4:4:4:4:4:0:0:0:4,MUTATE
2:3:4:4:4:4:4:4:1:,clone,5125.9748991514425,2:2:4:4:4:4:4:4:1
1:2:4:4:2:4:4:4:0:,clone,4476.805483576657,1:2:4:4:2:4:4:4:0
1:2:4:4:3:4:4:4:0:,clone,4756.514980424718,1:2:4:4:3:4:4:4:0
2:3:4:4:4:3:4:4:2:,clone,4711.085109990414,2:3:4:4:4:3:4:4:2
1:1:4:4:1:4:4:4:0:,clone,5608.490706417167,1:1:4:4:1:4:4:4:0
1:2:4:4:0:4:4:4:0:,recombination,5931.876969754963,1:2:4:3:0:4:4:4:0,3:4:4:4:4:2:3:4:3,MUTATE
1:2:4:4:3:4:4:4:1:,recombination,4688.761627451063,0:2:4:3:0:4:4:4:0,1:2:4:4:1:4:4:4:0,MUTATE
1:1:4:4:0:4:4:4:0:,clone,6179.425414838797,1:1:4:4:0:4:4:4:0
1:1:4:4:0:4:4:4:0:,clone,6161.609681914279,1:1:4:4:0:4:4:4:0
1:1:4:3:0:4:4:4:0:,clone,5699.45153576516,0:1:4:3:0:4:4:4:0
3:3:4:4:4:3:3:4:3:,clone,4413.602005192083,3:3:4:4:4:3:3:4:3
4:4:4:4:4:1:1:2:4:,recombination,4058.3701301733395,3:2:4:4:4:2:3:4:2,2:3:4:4:4:3:4:4:2
2:3:4:4:4:3:4:4:1:,recombination,5142.81558879,3:3:4:4:4:3:4:4:3,2:3:4:4:4:3:4:4:2,MUTATE
2:3:4:4:4:4:3:4:2:,clone,4922.603904513447,2:3:4:4:4:4:3:4:2
2:3:4:4:4:3:4:4:1:,recombination,5136.504359323562,2:3:4:4:4:3:4:4:1,3:3:4:4:4:3:4:4:2
4:3:4:4:4:2:3:4:4:,recombination,4419.824331426484,1:2:4:4:2:4:4:4:1,2:2:4:4:2:4:4:4:1,MUTATE
4:3:4:4:4:2:3:4:4:,clone,4417.637121344625,4:3:4:4:4:2:3:4:4
4:4:4:4:4:2:3:4:4:,clone,4554.998864506007,4:4:4:4:4:2:3:4:4
2:2:4:4:4:3:3:4:2:,recombination,4545.001344144603,2:2:4:4:2:4:4:4:1,3:3:4:4:4:4:4:4:3,MUTATE
2:2:4:4:4:3:3:4:2:,clone,4325.931074087821,2:2:4:4:4:3:3:4:2
2:3:4:4:4:2:3:4:2:,clone,4578.5052064886995,2:3:4:4:4:2:3:4:2
1:2:4:4:2:4:4:4:1:,clone,4614.810646519512,2:2:4:4:4:4:4:4:1
4:3:4:4:4:2:3:4:3:,clone,4435.945178334752,4:3:4:4:4:2:3:4:3
3:2:4:4:4:4:3:4:2:,recombination,4637.496248655013,1:2:4:4:4:3:4:4:0,1:2:4:4:2:3:4:4:0
4:3:4:4:4:2:3:4:3:,recombination,4301.9601486589945,4:3:4:4:4:2:2:3:4,1:1:4:2:0:4:4:4:0,MUTATE
4:3:4:4:4:3:2:4:4:,clone,4309.164613465561,4:4:4:4:4:3:2:4:4
4:4:4:4:4:2:1:3:4:,recombination,4643.420013357516,3:3:4:4:4:4:3:4:3,2:3:4:4:4:4:4:4:2
4:4:4:4:4:3:2:4:4:,recombination,4441.566189070359,4:3:4:4:4:3:2:4:4,4:3:4:4:4:2:2:4:4
1:1:4:2:0:4:4:4:0:,clone,4709.7762465508185,1:1:4:2:0:4:4:4:0
1:2:4:4:4:4:4:4:0:,recombination,5144.270623419625,3:3:4:4:4:4:4:4:2,1:2:4:4:4:4:4:4:1
4:4:4:4:4:4:3:4:4:,recombination,5049.769804273805,3:3:4:4:3:4:4:4:2,4:4:4:4:4:2:1:2:4
1:2:4:4:1:3:4:4:0:,recombination,4817.525058347933,1:2:4:3:1:4:4:4:1,2:2:4:4:4:4:3:4:2,MUTATE
1:2:4:2:0:4:4:4:0:,recombination,4527.246641935121,3:3:4:4:4:3:4:4:3,2:2:4:4:4:4:4:4:2
1:1:4:2:0:4:4:4:0:,recombination,4705.279234687359,2:2:4:4:4:3:4:4:1,4:3:4:4:4:2:3:4:4,MUTATE
4:4:4:4:4:1:0:0:4:,clone,4496.168993586012,4:4:4:4:4:1:0:0:4
1:1:4:3:0:4:4:4:0:,recombination,5699.428741646055,4:4:4:4:4:1:1:4:4,3:2:4:4:4:3:4:4:2,MUTATE
4:4:4:4:4:2:1:3:4:,clone,4554.56617565421,4:4:4:4:4:2:1:3:4
2:3:4:4:2:4:4:4:2:,clone,6331.97895333424,2:3:4:4:2:4:4:4:2
3:3:4:4:4:3:4:4:2:,clone,4771.47677847934,3:3:4:4:4:4:4:4:2
2:2:4:4:1:4:4:4:1:,clone,4867.315562939565,2:2:4:4:1:4:4:4:1
1:2:4:3:1:4:4:4:1:,recombination,5197.121022420409,4:3:4:4:4:0:2:4:4,4:3:4:4:4:2:3:4:4
1:2:4:3:1:4:4:4:1:,clone,4927.434401529632,1:2:4:3:1:4:4:4:1
1:2:4:4:0:4:4:4:0:,clone,5931.175419122521,1:2:4:3:0:4:4:4:0
0:1:4:2:0:4:4:4:0:,clone,4715.024714727031,0:1:4:2:0:4:4:4:0
0:1:4:3:0:4:4:4:0:,clone,5699.425167863867,0:1:4:3:0:4:4:4:0
3:3:4:4:3:4:4:4:2:,recombination,5147.176258651568,1:2:4:4:3:4:4:4:1,4:4:4:4:4:4:3:4:4,MUTATE
2:3:4:4:3:4:4:4:2:,clone,4719.1568114885085,2:3:4:4:3:3:4:4:2
2:3:4:4:3:4:4:4:2:,recombination,4713.358015357396,1:2:4:4:3:4:4:4:1,4:4:4:4:4:0:1:4:4,MUTATE
3:3:4:4:4:4:4:4:2:,recombination,4624.727148399678,1:2:4:2:0:4:4:4:0,2:3:4:4:3:3:4:4:1,MUTATE
3:3:4:4:4:3:4:4:2:,recombination,4718.087024482464,1:2:4:3:1:4:4:4:0,1:2:4:3:1:4:4:4:0
1:2:4:4:4:3:3:4:1:,clone,5578.1729125385245,1:2:4:4:4:3:3:4:1
1:2:4:4:4:3:3:4:1:,clone,5342.397078257881,1:2:4:4:4:3:3:4:1
2:2:4:4:4:2:4:4:2:,recombination,5157.171082653956,1:2:4:4:3:4:4:4:0,1:1:4:3:0:4:4:4:0,MUTATE
2:2:4:4:4:4:3:4:1:,recombination,5983.76330590203,4:4:4:4:4:1:3:4:4,4:4:4:4:4:2:2:1:4,MUTATE
1:1:4:2:0:4:4:4:0:,clone,4627.962267079315,1:1:4:2:0:4:4:4:0
4:4:4:4:4:2:1:4:4:,clone,4593.823518390958,4:4:4:4:4:2:1:4:4
2:2:4:4:4:4:3:4:1:,recombination,5277.067178402168,1:2:4:4:1:3:4:4:0,1:2:4:4:1:4:4:4:0
2:2:4:4:2:4:4:4:2:,clone,5943.007469224712,2:2:4:4:2:4:4:4:2
2:2:4:3:0:4:4:4:1:,clone,5216.899747873896,2:2:4:3:0:4:4:4:1
1:2:4:3:1:4:4:4:0:,clone,4501.412512172157,1:2:4:3:1:4:4:4:0
1:2:4:4:4:3:4:4:0:,clone,5293.8622828216985,1:2:4:4:4:3:4:4:0
2:2:4:4:3:3:4:4:1:,recombination,4647.984308996461,3:3:4:4:4:2:3:4:3,2:3:4:4:3:4:4:4:2
0:2:4:4:0:4:4:4:0:,recombination,7604.066714092085,3:3:4:4:4:2:2:2:3,1:2:4:4:2:4:4:4:1,MUTATE
2:3:4:4:2:4:4:4:1:,clone,5105.338423729649,2:2:4:4:2:4:4:4:1
0:2:4:2:0:4:4:4:0:,clone,4643.615174169637,0:2:4:2:0:4:4:4:0
0:2:4:2:0:4:4:4:0:,recombination,4479.639356434499,0:2:4:2:0:4:4:4:0,4:4:4:4:4:3:2:3:4
1:2:4:2:0:4:4:4:0:,recombination,4510.430806667103,3:3:4:4:4:3:4:4:2,1:2:4:4:0:4:4:4:1
1:1:4:2:0:4:4:4:0:,recombination,4553.259850749117,1:2:4:4:3:4:4:4:1,0:2:4:2:0:4:4:4:0
2:2:4:4:2:4:4:4:2:,clone,5919.55737013955,2:3:4:4:2:4:4:4:2
2:3:4:4:2:4:4:4:2:,recombination,6062.861864897761,1:1:4:3:0:4:4:4:0,3:2:4:4:4:2:3:4:2
3:3:4:4:4:2:4:4:3:,clone,5031.850906271428,3:3:4:4:4:2:4:4:3
4:3:4:4:4:3:4:4:3:,clone,5107.808974933632,4:3:4:4:4:3:4:4:3
2:3:4:4:3:3:4:4:2:,clone,5054.887215988782,2:3:4:4:3:3:4:4:2
2:3:4:4:3:3:4:4:2:,clone,4975.351005418083,2:3:4:4:3:3:4:4:2
2:2:4:3:0:4:4:4:1:,clone,5191.335627031978,2:2:4:3:0:4:4:4:1
4:3:4:4:4:1:3:4:4:,clone,4703.65433305306,4:3:4:4:4:1:3:4:4
4:3:4:4:4:2:4:4:3:,clone,5742.406907804142,4:3:4:4:4:2:4:4:3
1:2:4:4:2:4:4:4:1:,clone,4505.919711751115,1:2:4:4:2:4:4:4:1
3:2:4:4:4:2:4:4:2:,clone,5392.418955640053,3:2:4:4:4:2:4:4:2
4:3:4:4:4:2:4:4:3:,clone,5561.176430145501,4:3:4:4:4:2:3:4:3
1:2:4:3:0:4:4:4:1:,clone,5073.352816855419,1:2:4:3:0:4:4:4:1
2:2:4:4:3:4:4:4:1:,clone,4517.046854091856,2:2:4:4:3:4:4:4:1
4:4:4:4:4:4:2:4:4:,clone,5928.748656660096,4:4:4:4:4:4:2:4:4
3:2:4:4:4:3:3:4:2:,recombination,4578.540245851941,3:3:4:4:4:2:3:4:3,4:4:4:4:4:0:1:1:4
4:3:4:4:4:4:3:4:4:,clone,4983.342584915719,4:3:4:4:4:4:3:4:4
4:3:4:4:4:4:3:4:3:,clone,4870.655167598895,4:3:4:4:4:4:3:4:3
4:3:4:4:4:4:3:4:3:,recombination,4870.306957669059,2:3:4:4:3:3:4:4:1,2:3:4:4:3:4:4:4:2
2:2:4:4:4:4:3:4:1:,recombination,5011.533976882374,2:2:4:4:4:3:4:4:2,3:2:4:4:4:4:3:4:2
4:4:4:4:4:1:1:1:4:,clone,4222.434057855654,4:4:4:4:4:1:1:1:4
2:3:4:4:4:3:4:4:2:,recombination,4658.639652328071,4:3:4:4:4:4:4:4:3,3:3:4:4:4:3:3:4:3
2:2:4:4:4:3:3:4:1:,clone,4085.280692123425,2:2:4:4:4:3:3:4:1
1:2:4:4:3:3:4:4:1:,clone,4639.212171767864,1:2:4:4:4:3:4:4:1
1:2:4:4:3:3:4:4:1:,recombination,4582.005873975493,2:2:4:4:4:3:4:4:2,2:2:4:4:4:4:3:4:2,MUTATE
1:2:4:4:3:3:4:4:1:,recombination,4500.364563092318,2:2:4:4:4:3:3:4:1,3:3:4:4:4:2:3:4:3
1:2:4:4:3:3:4:4:1:,clone,4463.766359527014,1:2:4:4:3:3:4:4:1
1:2:4:4:4:3:4:4:1:,clone,4777.814496268406,1:2:4:4:3:4:4:4:1
1:2:4:4:3:4:4:4:1:,clone,4526.513520675726,1:2:4:4:3:3:4:4:1
2:3:4:4:4:4:4:4:1:,recombination,4850.725080078561,2:3:4:4:3:4:4:4:2,2:2:4:4:4:4:4:4:1
2:2:4:4:4:2:4:4:2:,clone,4705.544011704677,2:2:4:4:4:3:4:4:1
2:2:4:3:0:4:4:4:1:,clone,5116.420219694341,2:2:4:3:0:4:4:4:1
1:2:4:4:2:4:4:4:1:,recombination,4490.6010995106235,4:4:4:4:4:1:2:4:4,4:4:4:4:4:2:1:3:4,MUTATE
4:4:4:4:4:1:0:1:4:,recombination,4612.329087798356,4:4:4:4:4:2:1:4:4,1:2:4:4:2:4:4:4:1,MUTATE
4:4:4:4:4:0:1:4:4:,recombination,4182.215830719833,3:3:4:4:4:4:4:4:3,3:3:4:4:4:2:2:4:3
