4:4:4:4:4:1:1:3:4:,initialisation,12220.541977981358,
4:4:4:4:4:2:2:4:4:,initialisation,12708.693396852304,
4:4:4:4:4:2:2:4:4:,initialisation,12258.896558714805,
3:4:4:4:4:1:2:3:3:,initialisation,11635.074349869688,
4:4:4:4:4:1:1:3:4:,initialisation,11034.947141288552,
3:3:4:4:4:2:3:4:3:,initialisation,12931.920134341082,
3:3:4:4:4:3:3:4:3:,initialisation,13139.662048785436,
4:4:4:4:4:2:2:3:4:,initialisation,13330.161798564677,
4:4:4:4:4:1:2:3:4:,initialisation,12735.836459470926,
4:4:4:4:4:2:2:4:4:,initialisation,12202.95732029919,
4:4:3:4:4:2:2:4:4:,initialisation,13204.188479403687,
3:3:4:4:4:2:3:4:3:,initialisation,12124.395585921704,
4:4:4:4:4:2:2:4:4:,initialisation,12192.39854258482,
2:3:4:4:4:1:2:2:2:,initialisation,11153.746001341868,
3:3:4:4:4:3:3:4:3:,initialisation,12523.638315340124,
4:4:4:4:4:1:2:3:4:,initialisation,11686.221011143207,
4:4:4:4:4:2:3:4:4:,initialisation,13570.699479868907,
4:4:4:4:4:2:2:4:4:,initialisation,12189.959168751677,
3:3:4:4:4:1:2:2:3:,initialisation,11165.578890650379,
3:3:4:4:4:3:3:4:2:,initialisation,12884.894890010997,
3:4:4:4:4:2:2:3:4:,initialisation,11933.076391317987,
4:4:4:4:4:2:3:4:4:,initialisation,13429.344837522925,
3:4:4:4:4:3:3:4:3:,initialisation,13679.920808508305,
4:4:4:4:4:1:1:2:4:,initialisation,11568.433383087937,
4:4:4:4:4:2:2:4:4:,initialisation,11795.653966871829,
4:4:4:4:4:2:2:3:4:,initialisation,13084.876520825424,
3:4:4:4:4:2:2:3:4:,initialisation,11683.676634549716,
3:3:4:4:4:2:2:3:3:,initialisation,11405.985783965847,
3:3:4:4:4:2:2:3:3:,initialisation,11295.07868508828,
4:4:3:4:4:2:1:4:4:,initialisation,11781.372813375605,
4:4:4:4:4:2:2:3:4:,initialisation,13004.97492693175,
3:4:4:4:4:3:3:4:3:,initialisation,12882.294487722984,
3:4:4:4:4:2:3:4:3:,initialisation,12379.281503733619,
4:4:4:4:4:2:3:4:4:,initialisation,12782.659272444442,
2:3:4:4:4:2:3:3:2:,initialisation,12054.081177507984,
3:4:4:4:4:2:2:4:3:,initialisation,13116.934384090828,
4:4:4:4:4:1:2:3:4:,initialisation,11585.860588651547,
2:3:4:4:4:2:3:4:2:,initialisation,11855.862820520697,
4:4:4:4:4:1:2:3:4:,initialisation,11172.198344985834,
4:4:4:4:4:2:2:3:4:,initialisation,12134.791127124212,
3:3:4:4:4:1:2:2:3:,initialisation,10534.597962507005,
4:4:4:4:4:1:2:4:4:,initialisation,12401.932615301866,
4:4:4:4:4:1:2:4:4:,initialisation,11711.104065005658,
2:3:4:4:4:2:2:2:2:,initialisation,11850.139136850132,
3:3:4:4:4:2:2:4:3:,initialisation,12358.998397024687,
4:4:3:4:4:2:2:4:4:,initialisation,13033.634408272814,
4:4:4:4:4:1:2:4:4:,initialisation,11453.464595649899,
3:4:4:4:4:1:2:2:3:,initialisation,10578.200452311532,
4:4:3:4:4:1:1:3:4:,initialisation,11354.818686227833,
4:4:4:4:4:2:2:3:4:,initialisation,11772.174157375728,
4:4:2:4:4:1:1:4:4:,initialisation,13204.188479403683,
4:4:3:4:4:1:2:4:4:,initialisation,13088.19403671166,
2:3:4:4:4:2:3:3:2:,initialisation,11618.016059024485,
4:4:4:4:4:2:1:3:4:,initialisation,12080.417048005946,
4:4:3:4:4:2:2:3:4:,initialisation,12434.56337487719,
3:4:4:4:4:2:2:4:3:,initialisation,12407.788866254648,
4:4:4:4:4:2:2:2:4:,initialisation,13058.941644340535,
3:3:4:4:4:2:3:4:3:,initialisation,12010.576917019918,
3:4:4:4:4:1:2:3:4:,initialisation,11772.496852603086,
4:4:4:4:4:2:2:3:4:,initialisation,11724.56197094633,
4:4:4:4:4:2:2:4:4:,initialisation,11640.355664514589,
2:3:4:4:4:3:3:4:2:,initialisation,12750.726381800612,
2:3:4:4:4:2:3:2:3:,initialisation,13152.717816231878,
4:4:2:4:4:1:1:4:4:,initialisation,13148.9285717171,
3:3:3:4:4:2:3:4:3:,initialisation,12579.664237036253,
4:4:4:4:4:2:2:3:4:,initialisation,11353.312887120283,
3:4:4:4:4:2:3:4:3:,initialisation,11794.189399549998,
2:3:4:4:4:2:3:2:2:,initialisation,11858.65495393858,
3:3:4:4:4:2:3:3:3:,initialisation,12803.383201119359,
2:3:4:4:4:2:3:2:3:,initialisation,11932.847410795532,
4:4:4:4:4:1:2:2:4:,initialisation,11569.274511782047,
2:3:4:4:4:3:3:4:2:,initialisation,12591.083706128538,
3:3:4:4:4:1:1:1:3:,initialisation,9344.465023885523,
2:3:4:4:4:2:3:2:2:,initialisation,10775.906734483564,
3:3:4:4:4:2:2:4:3:,initialisation,11435.957980339386,
4:4:4:4:4:2:2:4:4:,initialisation,11411.207507446905,
3:3:4:4:4:2:3:4:3:,initialisation,11861.855651235197,
3:3:4:4:4:2:3:4:3:,initialisation,11758.122795570318,
3:4:4:4:4:1:1:1:4:,initialisation,10213.522134446752,
4:4:4:4:4:1:2:3:4:,initialisation,10879.490322014713,
3:3:4:4:4:2:3:4:3:,initialisation,11730.982511304695,
3:4:4:4:4:2:2:4:3:,initialisation,11967.783450224548,
3:3:4:4:4:3:3:4:3:,initialisation,12286.49439742814,
4:4:4:4:4:3:3:4:4:,initialisation,12690.327300241868,
4:4:4:4:4:3:2:4:4:,initialisation,13204.188479403689,
3:4:4:4:4:2:2:4:3:,initialisation,11637.83310421703,
4:4:3:4:4:2:2:4:4:,initialisation,13020.441107923529,
3:3:4:4:4:2:2:2:3:,initialisation,10350.724003589146,
4:4:4:4:4:1:1:3:4:,initialisation,10942.51879112492,
4:4:4:4:4:1:1:2:4:,initialisation,10920.318877601421,
4:4:3:4:4:1:1:2:4:,initialisation,11093.566274986024,
2:3:4:4:3:3:3:4:2:,initialisation,14223.295849653676,
4:4:3:4:4:2:2:4:4:,initialisation,12759.266933094847,
4:4:4:4:4:2:3:4:4:,initialisation,12575.184581564668,
3:3:4:4:4:3:3:4:3:,initialisation,12274.875283488725,
3:3:4:4:4:1:2:3:3:,initialisation,11230.969575815145,
2:3:4:4:4:2:2:3:2:,initialisation,10844.853245002925,
3:3:4:4:4:1:2:3:3:,initialisation,10668.841961084952,
3:4:4:4:4:0:1:1:4:,initialisation,9157.812024179717,
4:4:4:4:4:2:2:3:4:,initialisation,11199.093421077616,
3:3:4:4:4:3:3:4:2:,initialisation,12282.644422974403,
3:3:4:4:4:2:2:3:3:,initialisation,11178.760336138504,
3:3:4:4:4:2:3:3:3:,initialisation,11941.056699915156,
3:3:4:4:4:3:3:4:3:,initialisation,12247.53987764873,
2:2:4:4:4:2:3:3:2:,initialisation,12575.458521838827,
4:4:4:4:4:2:3:4:4:,initialisation,12550.435599389939,
2:3:4:4:4:2:2:2:3:,initialisation,11269.85134513611,
2:3:4:4:4:3:3:3:2:,initialisation,13818.38754169337,
4:4:4:4:4:1:2:2:4:,initialisation,11424.756627028055,
3:3:4:4:4:2:2:3:4:,initialisation,12120.787575552766,
3:3:4:4:4:1:1:2:3:,initialisation,9872.8149230866,
4:4:3:4:4:1:2:3:4:,initialisation,12745.824349755603,
4:4:2:4:4:2:1:4:4:,initialisation,13204.188479403689,
4:4:4:4:4:1:2:4:4:,initialisation,11375.321751270942,
2:3:4:4:4:3:3:3:2:,initialisation,12857.205396866173,
3:4:4:4:4:1:2:2:3:,initialisation,9791.883215008214,
2:3:4:4:4:1:2:2:2:,initialisation,10904.942215837907,
3:3:4:4:4:2:3:4:3:,initialisation,11685.027742294691,
3:3:4:4:4:1:2:2:3:,initialisation,10409.327087709416,
3:3:4:4:4:2:3:4:2:,initialisation,11898.677263766582,
3:4:4:4:4:1:2:1:3:,initialisation,11521.168249864695,
2:3:4:4:4:2:3:3:2:,initialisation,11432.615965001552,
2:3:4:4:4:2:3:3:2:,initialisation,11104.563638673815,
3:4:4:4:4:2:2:2:3:,initialisation,11677.300311112755,
4:4:4:4:4:2:2:2:4:,initialisation,12428.449633388484,
4:4:4:4:4:2:2:4:4:,initialisation,11249.433944498105,
3:4:4:4:4:1:1:2:3:,initialisation,10158.416096796802,
1:2:4:4:2:4:4:4:1:,initialisation,15024.275497844648,
2:3:4:4:4:1:2:2:3:,initialisation,10757.816025610113,
2:3:4:4:3:3:4:4:2:,initialisation,13615.356800302612,
2:3:4:4:4:2:2:3:2:,initialisation,10720.802987685336,
4:4:3:4:4:2:2:4:4:,initialisation,12064.760170867257,
3:4:4:4:4:2:3:3:3:,initialisation,12731.028781347908,
2:2:4:4:4:3:3:3:2:,initialisation,13259.071307345712,
4:4:4:4:4:1:1:2:4:,initialisation,10919.147835876152,
3:3:4:4:4:2:3:3:3:,initialisation,11387.896270123661,
3:4:4:4:4:2:2:4:3:,initialisation,11449.07637244619,
4:4:4:4:4:2:3:4:4:,initialisation,12472.896371488807,
4:4:2:4:4:2:1:4:4:,initialisation,13204.188479403685,
3:4:4:4:4:2:2:3:3:,initialisation,12257.721657935914,
3:4:4:4:4:1:2:2:4:,initialisation,12068.301840363438,
4:3:4:4:4:2:2:4:4:,initialisation,12720.05255819132,
4:4:4:4:4:1:1:3:4:,initialisation,10933.231207863566,
4:4:4:4:4:2:3:4:4:,initialisation,12172.19380081224,
2:3:4:4:4:3:3:3:2:,initialisation,12062.817297053432,
2:3:4:4:4:1:2:3:2:,initialisation,10914.14182066429,
3:4:4:4:4:2:3:3:3:,initialisation,11816.352129142482,
2:3:4:4:4:2:3:2:3:,initialisation,11681.633591602376,
4:4:3:4:4:1:2:3:4:,initialisation,12120.638894862557,
3:4:4:4:4:1:2:3:3:,initialisation,11378.470303752387,
3:3:4:4:4:2:2:4:3:,initialisation,11236.406315479986,
3:4:4:4:4:3:3:4:3:,initialisation,12326.844682734458,
2:3:4:4:4:1:2:2:3:,initialisation,10653.258529074372,
2:3:4:4:4:1:2:2:2:,initialisation,10499.440013811958,
3:4:4:4:4:2:2:3:3:,initialisation,12017.566828655892,
2:3:4:4:4:2:2:2:2:,initialisation,10940.377730332184,
3:4:4:4:4:1:2:3:4:,initialisation,11192.836942845659,
4:4:4:4:4:3:2:4:4:,initialisation,13176.125711177903,
4:4:4:4:4:3:2:4:4:,initialisation,12950.286683261817,
2:3:4:4:4:2:2:2:3:,initialisation,10997.067077699734,
4:4:4:4:4:1:1:3:4:,initialisation,10876.606416833014,
4:4:4:4:4:1:2:4:4:,initialisation,11310.76739309023,
2:3:4:4:4:2:3:4:2:,initialisation,11809.539762200562,
3:4:4:4:4:2:2:4:3:,initialisation,11446.483312558981,
2:3:4:4:4:2:2:3:2:,initialisation,10118.020051956153,
2:3:4:4:4:2:3:3:2:,initialisation,10991.864169617436,
3:3:4:4:4:0:1:1:3:,initialisation,9820.16025507528,
4:4:3:4:4:1:1:4:4:,initialisation,12667.000894571385,
3:4:4:4:4:2:2:3:4:,initialisation,11505.588279443675,
1:2:4:4:3:3:4:4:1:,initialisation,13472.665289982875,
2:3:4:4:4:1:2:2:3:,initialisation,10482.372127422084,
4:4:2:4:4:1:1:4:4:,initialisation,13109.705397893833,
3:3:4:4:4:3:3:4:3:,initialisation,12177.223585041604,
2:3:4:4:4:3:3:4:2:,initialisation,12458.63467357696,
3:3:4:4:4:1:2:1:3:,initialisation,10178.2195474556,
4:4:4:4:4:1:2:4:4:,initialisation,11275.927978577509,
3:4:4:4:4:2:3:3:4:,initialisation,14171.549067017846,
2:3:4:4:4:1:2:3:2:,initialisation,10821.084427517968,
4:4:4:4:4:3:2:4:4:,initialisation,12875.470871454681,
3:4:4:4:4:3:3:4:3:,initialisation,11737.449837718772,
3:3:4:4:4:2:3:4:3:,initialisation,11596.906719570481,
4:4:3:4:4:3:2:4:4:,initialisation,13204.188479403689,
0:2:4:1:0:4:4:4:0:,initialisation,14207.3984610285,
4:4:4:4:4:1:1:4:4:,initialisation,11799.089107012895,
3:4:4:4:4:2:3:3:4:,initialisation,13099.561515291278,
3:3:4:4:4:3:3:4:3:,initialisation,11544.564354930462,
3:3:4:4:4:3:3:3:3:,initialisation,13411.827711543625,
4:4:4:4:4:1:2:2:4:,initialisation,11302.174029101496,
3:3:4:4:4:2:2:4:3:,initialisation,11039.635825011435,
3:4:4:4:4:1:1:1:3:,initialisation,10395.389498260383,
2:3:4:4:4:2:2:2:3:,initialisation,10834.226414501833,
1:2:4:4:3:3:3:3:1:,initialisation,13849.305873957384,
3:3:4:4:4:3:3:4:2:,initialisation,12264.907896227065,
4:4:2:4:4:1:1:3:4:,initialisation,13204.188479403687,
2:3:4:4:4:1:2:2:2:,initialisation,9956.15442298094,
3:4:4:4:4:2:2:3:3:,initialisation,11689.184892109208,
4:4:4:4:4:1:2:4:4:,initialisation,11053.485101645614,
2:3:4:4:4:3:3:4:2:,initialisation,12004.818488000636,
4:4:4:4:4:3:3:4:3:,initialisation,12904.45491745538,
2:2:4:4:4:2:3:2:2:,initialisation,11391.812237305843,
3:4:4:4:4:1:2:3:4:,initialisation,10723.524985882075,
3:4:4:4:4:2:3:4:3:,initialisation,11288.51854540073,
3:3:4:4:3:3:3:4:2:,initialisation,13428.564977804268,
2:3:4:4:3:3:3:4:2:,initialisation,13555.088778041503,
2:3:4:4:3:3:3:4:2:,initialisation,13078.804636407272,
1:3:4:4:4:2:3:3:1:,initialisation,10916.363110347213,
2:3:4:4:4:1:2:2:2:,initialisation,9750.93110940495,
3:4:4:4:4:2:2:3:3:,initialisation,11637.854120432163,
3:3:4:4:4:2:2:4:3:,initialisation,11017.86339799858,
2:3:4:4:4:2:2:2:3:,initialisation,10809.924205484738,
3:3:4:4:4:1:2:2:3:,initialisation,9839.530372306219,
2:3:4:4:4:3:3:2:2:,initialisation,13562.09374623318,
4:4:4:4:4:3:2:4:4:,initialisation,12841.892315300269,
1:2:4:4:4:2:3:3:1:,initialisation,11722.022152478126,
3:4:4:4:4:2:2:3:4:,initialisation,10873.258050632514,
3:4:4:4:4:2:2:4:3:,initialisation,11196.252005327533,
4:4:4:4:4:0:1:1:4:,initialisation,10366.596543656024,
4:4:3:4:4:1:2:3:4:,initialisation,11836.140008122871,
2:3:4:4:4:1:2:2:3:,initialisation,9924.7624447716,
3:4:4:4:4:1:2:4:3:,initialisation,10873.73908619608,
4:4:4:4:4:1:1:2:4:,initialisation,10171.023748759211,
4:4:3:4:4:1:2:3:4:,initialisation,11153.023066625348,
4:4:3:4:4:2:2:4:4:,initialisation,11939.82616993326,
4:4:4:4:4:1:2:2:4:,initialisation,11134.965416982004,
3:4:4:4:4:2:2:2:3:,initialisation,11621.46945611122,
3:4:4:4:4:1:2:2:4:,initialisation,11710.800279201712,
3:3:4:4:4:1:2:2:3:,initialisation,9729.746768020497,
4:4:4:4:4:0:1:2:4:,initialisation,10999.500531844711,
4:3:4:4:4:2:2:4:4:,initialisation,12279.099591682263,
4:4:4:4:4:2:1:3:4:,initialisation,11888.806720697065,
4:4:4:4:4:1:1:3:4:,initialisation,10742.843070582972,
2:3:4:4:4:2:3:2:2:,initialisation,10594.400541150027,
3:3:4:4:4:3:3:4:2:,initialisation,11731.87969796118,
3:3:4:4:4:1:1:1:3:,initialisation,9217.082593637235,
4:3:4:4:4:2:2:4:4:,initialisation,11879.859386402439,
4:4:3:4:4:1:2:4:4:,initialisation,12443.739422518527,
4:4:4:4:4:1:1:4:4:,initialisation,11584.284374277575,
3:3:4:4:4:1:2:3:3:,initialisation,9698.936190919243,
4:4:4:4:4:3:3:4:4:,initialisation,12486.829521474227,
3:4:4:4:4:1:2:2:4:,initialisation,10458.682499143724,
4:4:3:4:4:2:2:3:4:,initialisation,11846.077759378939,
3:4:4:4:4:1:2:1:4:,initialisation,11309.7722872873,
3:4:4:4:4:2:2:3:3:,initialisation,11288.843582192778,
2:3:4:4:4:2:3:3:2:,initialisation,10680.256588021599,
2:3:4:4:4:2:3:4:2:,initialisation,10603.948163118437,
2:3:4:4:3:3:3:4:2:,initialisation,12722.209553187262,
1:2:4:4:3:2:3:3:1:,initialisation,11761.171969221145,
2:3:4:4:4:1:2:2:3:,initialisation,9876.86340938371,
1:3:4:4:4:3:3:4:1:,initialisation,12783.1893589059,
4:4:3:4:4:3:2:4:4:,initialisation,13204.188479403685,
2:2:4:4:4:2:3:3:2:,initialisation,11591.478802166399,
4:4:3:4:4:1:2:4:4:,initialisation,12183.501317469325,
3:3:4:4:4:2:2:3:3:,initialisation,10672.591838955103,
4:4:4:4:4:2:2:4:4:,initialisation,11102.020357524698,
4:4:4:4:4:1:2:3:4:,initialisation,10878.210576303341,
2:2:4:4:3:3:3:3:2:,initialisation,13700.711115560078,
4:4:3:4:4:1:1:3:4:,initialisation,11210.541118005405,
1:2:4:4:3:3:3:4:1:,initialisation,12610.660266225159,
3:3:4:4:4:2:3:4:3:,initialisation,11324.694878849119,
4:3:4:4:4:2:2:4:4:,initialisation,11693.261250691063,
4:3:4:4:4:2:3:4:4:,initialisation,13215.743749818927,
2:3:4:4:4:1:2:2:3:,initialisation,9670.40863221281,
4:4:2:4:4:2:2:4:4:,initialisation,13204.188479403689,
2:3:4:4:4:1:2:3:2:,initialisation,10502.427442101935,
4:4:4:4:4:2:1:4:4:,initialisation,12220.166643292454,
4:4:4:4:4:3:2:4:4:,initialisation,12765.081186546713,
4:3:3:4:4:2:2:4:4:,initialisation,12416.869706608846,
3:4:4:4:4:1:1:1:4:,initialisation,10072.817534286527,
3:4:4:4:4:1:1:1:3:,initialisation,9926.547742863757,
3:4:4:4:4:1:2:3:3:,initialisation,11234.004885950502,
4:4:4:4:4:0:0:1:4:,initialisation,9054.80468572919,
4:4:4:4:4:1:1:4:4:,initialisation,11500.479739519336,
3:4:4:4:4:1:2:3:3:,initialisation,10790.409189380724,
3:3:4:4:4:2:3:2:3:,initialisation,11974.572234712079,
2:3:4:4:4:1:2:3:2:,initialisation,10340.217197841368,
4:3:4:4:4:3:3:4:3:,initialisation,13043.661072445935,
4:4:2:4:4:1:2:4:4:,initialisation,13204.188479403687,
2:3:4:4:4:1:2:3:2:,initialisation,10148.153421058525,
4:4:4:4:4:1:1:3:4:,initialisation,10722.726566543088,
2:3:4:4:3:2:3:3:2:,initialisation,13757.363495971167,
2:3:4:4:3:3:3:4:1:,initialisation,13165.53578347831,
1:3:4:4:4:3:3:4:1:,initialisation,12347.542807883627,
3:3:4:4:4:3:3:2:3:,initialisation,12789.419445914646,
4:4:0:4:4:0:0:0:4:,initialisation,13204.18847940369,
2:2:4:4:4:2:3:3:2:,initialisation,10594.386531744423,
4:4:4:4:4:0:1:1:4:,initialisation,10197.698727210485,
1:2:4:4:4:3:3:3:1:,initialisation,12768.727258723246,
2:2:4:4:4:3:3:3:2:,initialisation,13186.938051665922,
4:4:4:4:4:1:1:1:4:,initialisation,10532.968443282503,
2:3:4:4:4:1:2:2:2:,initialisation,9696.797125350678,
4:4:2:4:4:2:2:4:4:,initialisation,13059.289696944665,
4:4:4:4:4:1:2:4:4:,initialisation,10824.542697470231,
2:3:4:4:4:1:1:1:2:,initialisation,9435.971509434652,
3:4:4:4:4:2:2:3:3:,initialisation,11200.918382512637,
4:4:3:4:4:2:2:2:4:,initialisation,11718.458756103028,
4:4:3:4:4:1:2:2:4:,initialisation,11682.928460115561,
3:4:4:4:4:1:1:3:3:,recombination,10042.174225253215,3:3:4:4:4:2:2:4:3,3:3:4:4:4:1:2:2:3
3:3:4:4:4:3:3:4:2:,recombination,11731.084380571801,3:3:4:4:4:3:3:4:2,1:2:4:4:3:3:3:3:1
3:4:4:4:4:1:2:4:3:,recombination,10800.873462457046,3:4:4:4:4:1:2:3:3,4:4:4:4:4:2:3:4:4,MUTATE
2:3:4:4:4:1:2:3:2:,clone,10095.820910766499,2:3:4:4:4:1:2:3:2
2:3:4:4:4:1:3:2:2:,clone,10586.412432722072,2:3:4:4:4:2:3:2:2
3:4:4:4:4:1:1:2:3:,recombination,9901.530905602098,3:4:4:4:4:1:2:3:3,3:4:4:4:4:1:1:1:4,MUTATE
3:4:4:4:4:2:2:4:3:,clone,11124.414037255692,3:4:4:4:4:2:3:4:3
3:3:4:4:4:1:2:3:3:,clone,9530.29535015243,3:3:4:4:4:1:2:3:3
3:4:4:4:4:1:2:3:3:,recombination,10599.908741023806,4:4:4:4:4:2:2:4:4,3:4:4:4:4:1:2:3:3
4:4:4:4:4:2:2:3:4:,recombination,11152.921256874122,2:3:4:4:4:1:3:2:2,4:4:4:4:4:3:2:4:4,MUTATE
4:4:4:4:4:1:2:2:4:,recombination,10871.273115638187,2:3:4:4:4:1:2:2:3,3:4:4:4:4:1:2:2:4
1:2:4:4:3:3:3:4:1:,recombination,10905.409867271112,2:3:4:4:4:2:3:4:2,2:3:4:4:4:3:3:4:2,MUTATE
3:4:4:4:4:1:1:2:4:,recombination,10157.553431443956,4:4:4:4:4:2:2:3:4,3:4:4:4:4:1:2:2:3,MUTATE
1:2:4:4:4:2:3:3:1:,recombination,11563.191523868027,2:3:4:4:4:3:3:3:2,2:3:4:4:4:2:3:3:2,MUTATE
2:3:4:4:4:2:2:4:2:,recombination,11229.951228748947,1:3:4:4:4:3:3:4:1,3:4:4:4:4:2:2:3:4,MUTATE
3:4:4:4:4:2:2:2:3:,clone,11053.47020130436,2:3:4:4:4:2:2:2:3
4:4:4:4:4:2:2:4:4:,clone,10989.149673079879,4:4:4:4:4:2:2:4:4
3:3:4:4:4:2:3:4:3:,recombination,11324.694878849117,3:3:4:4:4:2:3:4:3,2:3:4:4:4:2:3:2:3,MUTATE
4:4:4:4:4:1:2:3:4:,recombination,10729.25442444462,3:4:4:4:4:1:2:3:4,2:3:4:4:4:2:3:4:2,MUTATE
3:4:4:4:4:2:2:3:3:,clone,10716.64868057777,3:4:4:4:4:2:2:3:4
1:2:4:4:4:2:3:3:1:,clone,10680.256588021599,1:2:4:4:4:2:3:3:1
2:3:4:4:4:1:2:3:2:,clone,9219.810351684546,3:3:4:4:4:1:2:3:3
2:2:4:4:4:2:3:3:2:,clone,10276.799575293959,2:2:4:4:4:2:3:3:2
3:3:4:4:4:1:2:4:3:,recombination,10748.150881304517,4:4:4:4:4:2:2:2:4,3:3:4:4:4:2:2:4:3,MUTATE
3:4:4:4:4:1:2:1:3:,recombination,10364.448004844213,2:3:4:4:4:2:3:2:3,2:3:4:4:4:2:2:2:2
3:3:4:4:4:2:2:4:3:,clone,10989.149673079879,4:4:4:4:4:2:2:4:4
3:4:4:4:4:2:2:4:3:,recombination,10740.407361411553,3:4:4:4:4:2:2:3:4,4:4:4:4:4:2:2:4:4,MUTATE
3:4:4:4:4:2:2:4:3:,clone,10718.021079889546,3:4:4:4:4:2:2:4:3
4:4:3:4:4:1:1:3:4:,recombination,10549.359421942534,4:4:3:4:4:1:2:3:4,2:3:4:4:4:1:2:2:2
3:4:4:4:4:1:2:3:4:,recombination,10672.86040552965,4:4:4:4:4:2:2:4:4,4:4:3:4:4:1:2:2:4,MUTATE
3:4:4:4:4:1:2:3:4:,clone,10330.628893297571,3:4:4:4:4:1:2:3:4
2:3:4:4:4:3:3:4:2:,clone,11931.643449268928,2:3:4:4:4:3:3:4:2
3:4:4:4:4:1:2:3:3:,clone,10330.628893297571,3:4:4:4:4:1:2:3:4
3:3:4:4:4:3:3:4:2:,clone,11436.092345377274,3:3:4:4:4:3:3:4:3
4:4:4:4:4:0:1:2:4:,recombination,9283.184657798305,4:4:4:4:4:2:3:4:4,3:4:4:4:4:0:1:1:4,MUTATE
4:4:4:4:4:1:1:2:4:,recombination,10033.236158073829,4:4:4:4:4:1:1:2:4,4:4:4:4:4:1:2:2:4
3:4:4:4:4:1:1:2:3:,recombination,9560.240474465205,1:2:4:4:3:3:4:4:1,2:3:4:4:4:1:2:2:3,MUTATE
4:3:4:4:4:3:3:4:3:,clone,13043.661072445933,4:3:4:4:4:3:3:4:3
3:4:4:4:4:0:1:1:3:,clone,9671.369462059221,3:3:4:4:4:1:2:1:3
4:3:4:4:4:2:3:4:4:,recombination,13209.188249274626,4:4:3:4:4:1:2:4:4,3:3:4:4:4:2:3:4:3
4:4:4:4:4:2:2:4:4:,recombination,10836.971466674016,3:4:4:4:4:1:2:3:4,4:3:4:4:4:3:3:4:3,MUTATE
1:2:4:2:0:4:4:4:0:,recombination,14191.46494278822,0:2:4:1:0:4:4:4:0,3:3:4:4:4:2:2:4:3,MUTATE
2:3:4:4:4:3:3:3:2:,clone,12028.373300587431,2:3:4:4:4:3:3:3:2
3:3:4:4:4:1:2:3:3:,recombination,9204.433927767002,3:4:4:4:4:1:1:1:3,2:3:4:4:4:1:2:3:2
1:2:4:4:3:3:3:3:1:,recombination,12780.830164733969,1:2:4:4:4:2:3:3:1,2:3:4:4:4:2:2:2:3,MUTATE
2:3:4:4:4:1:1:2:2:,recombination,9785.80390897081,3:3:4:4:4:2:3:4:3,2:3:4:4:4:1:1:1:2
2:2:4:3:2:4:4:4:1:,recombination,13462.641116854851,0:2:4:1:0:4:4:4:0,4:4:4:4:4:3:3:4:4
3:4:4:4:4:1:2:2:3:,clone,9667.170633406866,3:4:4:4:4:1:2:2:3
3:4:4:4:4:1:2:4:3:,recombination,10759.907127448025,3:4:4:4:4:2:2:3:4,4:4:4:4:4:2:2:4:4,MUTATE
4:4:4:4:4:2:2:3:4:,clone,11023.497315764209,4:4:4:4:4:2:2:3:4
4:4:4:4:4:1:2:3:4:,recombination,10426.444680498524,4:4:4:4:4:1:2:4:4,4:4:4:4:4:0:0:1:4,MUTATE
2:3:4:4:3:3:3:4:2:,recombination,12384.046288318765,2:3:4:4:3:3:3:4:2,2:3:4:4:4:1:2:3:2,MUTATE
4:4:3:4:4:1:2:3:4:,clone,10696.315973139559,4:4:3:4:4:1:1:3:4
3:3:4:4:4:2:2:3:3:,recombination,10365.66341903948,3:3:4:4:4:2:2:3:3,3:4:4:4:4:1:1:2:3
4:4:3:4:4:2:2:4:4:,clone,11915.743092725505,4:4:3:4:4:2:2:4:4
4:4:4:4:4:1:1:3:4:,recombination,10657.771218561471,4:4:4:4:4:1:2:2:4,4:4:4:4:4:2:2:4:4
2:3:4:4:4:2:2:2:3:,clone,10775.093617269442,2:3:4:4:4:2:2:2:3
1:2:4:4:3:2:3:3:1:,clone,11153.337420445032,1:2:4:4:3:2:3:3:1
3:3:4:4:4:2:2:4:3:,recombination,10604.6636590903,3:4:4:4:4:2:3:3:3,4:4:4:4:4:1:2:3:4
1:2:4:4:3:3:4:4:1:,recombination,12762.325350727706,3:4:4:4:4:1:2:2:3,0:2:4:1:0:4:4:4:0,MUTATE
4:4:4:4:4:3:3:4:3:,clone,12842.307119349902,4:4:4:4:4:3:3:4:3
4:4:3:4:4:1:2:3:4:,clone,10666.619971256443,4:4:3:4:4:1:1:3:4
3:4:4:4:4:2:2:3:3:,clone,10463.72678233811,3:3:4:4:4:2:2:4:3
1:3:4:4:3:3:3:4:1:,recombination,12818.754238270098,2:3:4:4:4:2:2:2:3,2:3:4:4:4:3:3:4:2
3:4:4:4:4:0:1:1:3:,recombination,9042.301581620477,1:2:4:4:3:2:3:3:1,2:3:4:4:4:2:3:2:2,MUTATE
4:4:4:4:4:2:3:3:4:,recombination,13320.47742411812,3:4:4:4:4:2:2:3:3,3:4:4:4:4:2:3:3:4
3:3:4:4:4:1:2:2:3:,clone,9669.033253700303,3:4:4:4:4:1:2:2:3
2:3:4:4:4:2:2:4:2:,recombination,11180.131137486658,2:3:4:4:4:2:3:3:2,4:4:4:4:4:2:2:3:4,MUTATE
4:4:4:4:4:3:3:4:4:,recombination,12471.35622998942,3:4:4:4:4:2:3:4:3,4:4:4:4:4:3:3:4:4,MUTATE
1:2:4:4:4:2:3:3:1:,clone,10632.826742811258,1:2:4:4:4:2:3:3:1
2:3:4:4:4:2:2:3:2:,recombination,9421.0879962087,2:3:4:4:4:1:2:3:2,4:4:4:4:4:2:3:4:4
3:3:4:4:4:1:1:1:3:,recombination,9136.750396994688,3:4:4:4:4:0:1:1:3,2:3:4:4:4:2:2:2:2
3:3:4:4:4:2:2:3:4:,recombination,10933.513275450692,1:2:4:4:4:2:3:3:1,4:4:3:4:4:1:2:3:4
3:3:4:4:4:2:2:4:3:,clone,10504.864947973978,3:3:4:4:4:2:2:4:3
4:4:4:4:4:2:2:3:4:,clone,11012.708112919196,4:4:4:4:4:2:2:3:4
2:3:4:4:4:2:3:3:2:,clone,10488.944194100084,2:3:4:4:4:2:3:3:2
2:3:4:4:4:2:2:4:2:,clone,10921.659700808637,2:3:4:4:4:2:2:4:2
2:3:4:4:4:3:3:4:1:,recombination,12001.534365305586,2:3:4:4:4:1:2:2:3,1:2:4:4:3:3:4:4:1,MUTATE
4:4:4:4:4:1:2:4:4:,clone,10657.771218561471,4:4:4:4:4:1:2:3:4
3:4:4:4:4:1:1:2:4:,recombination,9727.109691496617,3:3:4:4:4:1:2:2:3,3:4:4:4:4:1:1:1:3,MUTATE
4:4:4:4:4:1:2:2:4:,clone,10698.329617752024,4:4:4:4:4:1:2:2:4
1:2:4:4:4:2:3:4:1:,recombination,10916.297890823693,2:3:4:4:4:2:3:4:2,2:2:4:4:4:2:3:3:2,MUTATE
1:2:4:3:3:3:4:4:1:,recombination,11994.606100718824,1:2:4:4:3:3:3:4:1,2:3:4:4:3:3:3:4:2
2:3:4:4:4:1:1:2:3:,clone,9941.28399659232,2:3:4:4:4:1:1:2:2
4:3:4:4:4:2:2:3:4:,clone,10898.969441607613,4:3:4:4:4:2:2:3:4
3:4:4:4:4:2:2:2:3:,clone,10824.568405976126,3:4:4:4:4:2:2:2:3
1:2:4:4:4:2:3:4:1:,clone,10524.10858547454,1:2:4:4:4:2:3:3:1
4:4:4:4:4:0:1:1:4:,clone,9160.01051558814,4:4:4:4:4:0:1:1:4
1:2:4:4:3:3:4:3:1:,clone,14935.528591440188,1:2:4:4:2:4:4:4:1
3:3:4:4:4:3:3:4:2:,clone,11325.864745109995,3:3:4:4:4:3:3:4:2
2:2:4:4:3:3:4:4:1:,recombination,12343.361698146704,3:4:4:4:4:1:2:2:3,1:2:4:4:3:3:4:4:1
3:3:4:4:4:3:3:4:3:,clone,11406.641935672225,3:3:4:4:4:3:3:4:2
3:3:4:4:4:0:1:2:3:,clone,10031.246545867078,3:3:4:4:4:0:1:1:3
2:3:4:4:3:3:3:4:1:,clone,10978.155252594455,1:2:4:4:3:3:3:4:1
4:4:4:4:4:3:2:4:4:,recombination,12667.137429650473,1:2:4:3:3:3:4:4:1,4:4:4:4:4:3:2:4:4,MUTATE
3:3:4:4:4:2:3:4:3:,recombination,11169.662937217377,1:2:4:4:2:4:4:4:1,3:3:4:4:4:3:3:4:3
2:3:4:4:3:3:3:4:2:,recombination,12010.226427317732,2:3:4:4:3:3:3:4:1,3:3:4:4:4:2:3:4:3,MUTATE
3:4:4:4:4:2:2:3:4:,clone,10866.011629003779,4:4:4:4:4:2:2:3:4
4:3:3:4:4:2:2:4:4:,recombination,12370.820974170023,4:3:4:4:4:2:3:4:4,4:4:4:4:4:2:2:4:4,MUTATE
4:3:4:4:4:3:3:4:3:,clone,13022.317904202542,4:3:4:4:4:3:3:4:4
4:4:3:4:4:1:1:4:4:,recombination,12351.174203363684,4:4:2:4:4:1:1:4:4,4:4:3:4:4:1:2:4:4,MUTATE
1:3:4:4:4:2:3:4:1:,clone,12000.451924311483,1:3:4:4:4:3:3:4:1
4:4:3:4:4:2:2:4:4:,recombination,11376.424012260017,4:4:3:4:4:1:2:3:4,4:4:3:4:4:2:1:4:4
2:2:4:4:3:4:4:4:1:,recombination,13633.540189213782,1:2:4:2:0:4:4:4:0,2:3:4:4:4:3:3:4:2
1:2:4:3:2:3:4:4:1:,recombination,11389.70411951566,4:4:4:4:4:3:2:4:4,1:2:4:4:3:3:3:4:1,MUTATE
1:2:4:4:3:2:3:4:1:,recombination,11474.1658772241,1:2:4:4:3:2:3:3:1,2:3:4:4:3:3:3:4:2
2:3:4:4:4:2:3:3:2:,recombination,10423.553947693852,2:3:4:4:4:2:3:3:2,3:4:4:4:4:3:3:4:3
2:3:4:4:4:1:2:2:2:,recombination,9637.67783781868,3:4:4:4:4:0:1:1:3,1:2:4:4:3:3:3:4:1,MUTATE
4:4:3:4:4:2:2:4:4:,recombination,11135.465860641905,4:4:3:4:4:1:2:3:4,3:4:4:4:4:2:2:4:3
2:2:4:4:4:2:3:4:2:,recombination,12055.598114217062,4:3:4:4:4:2:2:4:4,1:2:4:4:3:2:3:4:1
3:3:4:4:4:2:3:4:2:,clone,11443.398447388121,3:3:4:4:4:3:3:4:2
2:3:4:4:3:3:4:4:1:,clone,12762.325350727706,2:3:4:4:3:3:4:4:1
4:4:4:4:4:1:2:2:4:,recombination,10572.054834063634,3:4:4:4:4:1:2:4:3,3:4:4:4:4:1:1:1:4,MUTATE
2:3:4:4:4:1:2:2:2:,recombination,9521.683395126653,2:3:4:4:4:1:2:2:2,2:3:4:4:4:1:2:2:2,MUTATE
2:3:4:4:3:4:4:4:2:,recombination,13081.510513939867,4:3:4:4:4:2:2:4:4,2:2:4:3:2:4:4:4:1,MUTATE
2:3:4:4:3:3:3:4:2:,clone,12010.22642731773,2:3:4:4:3:3:3:4:2
2:2:4:4:4:2:3:4:2:,clone,10640.103028166566,1:2:4:4:4:2:3:4:1
4:3:4:4:4:2:2:4:4:,recombination,11638.173720898654,4:4:3:4:4:2:2:4:4,3:3:4:4:4:1:2:3:3
2:3:4:4:4:3:3:4:2:,clone,11148.320673415661,2:3:4:4:4:3:3:4:2
3:3:4:4:4:2:2:3:3:,clone,9311.909340871709,3:3:4:4:4:1:2:3:3
3:4:4:4:4:1:1:1:3:,recombination,9825.266227246771,3:4:4:4:4:1:1:1:3,2:3:4:4:4:1:2:3:2
3:4:4:4:4:3:2:4:3:,clone,12495.27130601731,4:4:4:4:4:3:2:4:4
3:3:4:4:4:2:3:3:3:,recombination,10929.156446867846,2:3:4:4:4:2:2:3:2,3:3:4:4:4:2:2:4:3
1:3:4:4:3:3:3:4:1:,recombination,12315.825262945551,2:3:4:4:4:2:3:4:2,2:2:4:4:4:2:3:3:2,MUTATE
3:3:4:4:4:2:3:3:3:,recombination,10837.729156060315,2:3:4:4:4:1:2:3:2,3:4:4:4:4:1:1:2:4
4:4:4:4:4:2:2:3:4:,recombination,10936.955103289456,3:4:4:4:4:1:2:2:3,4:4:3:4:4:1:1:3:4
3:3:4:4:4:1:2:4:3:,recombination,10725.000741121308,4:4:4:4:4:1:2:4:4,2:3:4:4:4:1:2:3:2
1:2:4:2:1:4:4:4:1:,recombination,14075.193944007366,2:3:4:4:4:1:2:3:2,1:2:4:2:0:4:4:4:0,MUTATE
3:4:4:4:4:1:2:2:4:,clone,9983.962671634412,3:4:4:4:4:1:2:2:3
4:3:3:4:4:2:2:4:4:,clone,11802.517489948836,4:4:3:4:4:2:2:4:4
2:3:4:4:4:2:2:3:2:,clone,9335.466340224912,3:3:4:4:4:1:2:3:3
2:3:4:4:4:1:2:2:2:,clone,9345.785578354335,2:3:4:4:4:1:2:2:2
1:2:4:2:0:4:4:4:0:,recombination,13997.35827138612,2:3:4:4:4:3:3:4:2,0:2:4:1:0:4:4:4:0,MUTATE
2:3:4:4:4:2:3:4:2:,recombination,10539.36384188707,4:3:4:4:4:2:2:3:4,2:3:4:4:4:2:2:3:2
3:4:4:4:4:3:2:4:3:,clone,12493.130171005969,3:4:4:4:4:3:2:4:3
1:2:4:3:2:4:4:4:1:,recombination,13922.518112092332,2:2:4:4:3:4:4:4:1,4:4:4:4:4:2:2:4:4,MUTATE
4:4:4:4:4:2:2:3:4:,clone,10873.198516069691,4:4:4:4:4:2:2:3:4
2:3:4:4:4:2:2:3:2:,clone,9311.909340871709,2:3:4:4:4:2:2:3:2
2:3:4:3:2:3:4:4:1:,clone,13347.46776342649,2:3:4:3:2:3:4:4:1
1:2:4:3:3:3:4:4:1:,clone,11788.0855340398,1:2:4:3:3:3:4:4:1
2:3:4:4:4:2:3:4:1:,recombination,11133.14163324097,2:2:4:4:4:2:3:3:2,0:2:4:1:0:4:4:4:0
4:3:4:4:4:2:2:4:4:,recombination,11413.35671718045,2:3:4:4:4:3:3:4:2,3:3:4:4:4:2:2:3:4,MUTATE
2:3:4:4:3:3:3:4:2:,recombination,11875.581968127448,4:3:4:4:4:2:2:4:4,3:3:4:4:4:2:3:4:3
4:4:2:4:4:1:2:4:4:,clone,13204.188479403685,4:4:2:4:4:1:2:4:4
3:4:4:4:4:1:1:1:4:,recombination,9861.082863228557,4:4:3:4:4:1:2:3:4,3:4:4:4:4:1:1:1:3
2:2:4:4:3:3:3:4:2:,recombination,13566.32247787947,3:3:4:4:4:2:2:4:3,2:3:4:4:4:1:3:2:2,MUTATE
2:3:4:4:4:2:3:4:2:,clone,10320.15975982317,2:3:4:4:4:2:3:4:2
1:2:4:4:4:3:3:4:1:,recombination,13185.739598968876,1:2:4:4:4:3:3:3:1,3:3:4:4:4:2:3:4:3
4:4:4:4:4:1:2:2:4:,recombination,10567.721882685817,4:4:4:4:4:0:0:1:4,2:3:4:4:4:2:3:3:2,MUTATE
4:3:3:4:4:2:2:4:4:,clone,11548.330064067794,4:3:3:4:4:2:2:4:4
4:4:4:4:4:3:3:4:4:,recombination,12340.495007786052,4:4:3:4:4:2:2:4:4,3:3:4:4:4:2:3:4:3,MUTATE
2:3:4:4:4:2:2:4:2:,recombination,10764.75509130289,2:3:4:4:4:2:3:2:3,1:2:4:4:4:2:3:4:1
2:3:4:4:4:2:3:3:2:,recombination,10390.011947112822,2:3:4:4:4:2:3:4:1,1:2:4:4:4:2:3:3:1,MUTATE
3:4:4:4:4:1:2:2:4:,clone,9864.667556261804,3:4:4:4:4:1:2:2:4
2:3:4:4:3:3:3:4:2:,recombination,11175.929651893985,2:3:4:4:4:1:2:3:2,1:2:4:2:0:4:4:4:0,MUTATE
3:3:4:4:4:2:3:4:3:,clone,10800.005212444672,3:3:4:4:4:2:3:4:3
3:3:4:4:4:3:2:4:3:,recombination,11967.927362206441,3:3:4:4:4:1:2:2:3,4:4:4:4:4:3:2:4:4
2:3:4:4:3:2:3:4:1:,clone,11411.635262241236,2:2:4:4:3:2:3:4:1
4:4:4:4:4:2:2:2:4:,clone,11831.713333693566,4:4:3:4:4:2:2:2:4
3:4:4:4:4:1:2:2:3:,clone,9643.238472365074,3:4:4:4:4:1:2:2:4
3:3:4:4:4:2:3:3:3:,clone,10608.583145066501,3:3:4:4:4:2:3:3:3
4:3:4:4:4:2:2:4:4:,clone,11407.085286392055,4:3:4:4:4:2:2:4:4
4:4:4:4:4:2:2:4:4:,recombination,10806.654267611812,3:4:4:4:4:1:2:2:4,4:3:4:4:4:2:2:4:4,MUTATE
2:3:4:3:2:3:4:4:1:,clone,12757.09405632223,2:3:4:3:2:3:4:4:1
4:3:3:4:4:2:3:4:4:,clone,11935.26028319313,4:3:3:4:4:2:3:4:4
3:4:4:4:4:1:2:2:3:,clone,9584.886055875437,3:4:4:4:4:1:2:2:3
4:4:4:4:4:1:1:2:4:,clone,9896.84907235868,4:4:4:4:4:1:1:2:4
4:3:4:4:4:2:3:4:4:,recombination,12148.166749066528,4:4:3:4:4:2:2:4:4,2:2:4:4:3:4:4:4:1,MUTATE
3:4:4:4:4:1:1:2:4:,clone,9672.638906328179,3:4:4:4:4:1:1:2:4
4:4:4:4:4:1:2:2:4:,clone,10371.64931352006,4:4:4:4:4:1:2:2:4
3:3:4:4:4:1:2:4:3:,clone,10367.100389046996,3:3:4:4:4:1:2:3:3
3:3:4:4:4:3:3:4:3:,clone,11380.990951463142,3:3:4:4:4:3:3:4:3
2:3:4:4:4:1:2:4:2:,recombination,10454.431546000707,1:2:4:3:2:4:4:4:1,2:3:4:4:4:1:2:2:3,MUTATE
1:2:4:3:3:3:4:4:1:,recombination,11483.417550254995,1:2:4:4:3:3:3:4:1,3:4:4:4:4:2:2:4:3
3:4:4:4:4:1:2:3:3:,clone,10291.612019396354,3:4:4:4:4:1:2:2:3
2:2:4:4:3:4:4:4:1:,recombination,13330.57965400775,3:3:4:4:4:1:2:4:3,2:2:4:4:3:4:4:4:1
3:3:4:4:4:2:2:4:3:,recombination,10365.08495941094,3:4:4:4:4:2:2:3:3,4:4:4:4:4:1:2:3:4
3:4:4:4:4:1:2:3:3:,recombination,10097.460945082368,2:3:4:4:4:1:2:2:2,3:4:4:4:4:1:2:2:3,MUTATE
3:4:4:4:4:1:2:3:3:,recombination,9975.607562548625,4:3:4:4:4:2:2:4:4,3:4:4:4:4:1:2:2:4,MUTATE
3:4:4:4:4:2:2:3:3:,clone,10246.390000463543,3:4:4:4:4:1:2:3:3
2:3:4:4:4:1:1:1:3:,recombination,9604.654484405499,2:3:4:4:4:1:1:1:2,4:4:4:4:4:2:2:3:4
1:2:4:2:1:4:4:4:0:,clone,13719.113192512608,1:2:4:2:1:4:4:4:0
2:2:4:4:3:3:3:4:1:,clone,12192.727857745265,2:3:4:4:3:3:3:4:1
1:3:4:4:3:2:3:4:1:,clone,11671.827753101341,2:3:4:4:3:2:3:4:1
2:2:4:4:4:1:2:3:2:,clone,9630.494926542466,2:2:4:4:4:1:2:3:2
4:4:2:4:4:1:1:4:4:,clone,12905.329653547358,4:4:2:4:4:1:1:4:4
4:4:4:4:4:2:2:2:4:,clone,11799.977449915032,4:4:4:4:4:2:2:2:4
3:4:4:4:4:2:2:4:3:,recombination,10506.781864499324,3:4:4:4:4:2:2:3:3,2:2:4:4:4:2:3:3:2,MUTATE
1:2:4:3:2:4:4:4:1:,recombination,13475.990106861065,0:2:4:1:0:4:4:4:0,3:3:4:4:4:3:3:4:3,MUTATE
2:3:4:4:4:3:3:4:2:,clone,10989.94652233626,2:3:4:4:4:3:3:4:2
4:4:3:4:4:2:2:3:4:,clone,11814.622390048371,4:4:3:4:4:2:2:4:4
2:2:4:4:4:2:3:4:2:,recombination,10304.1451457072,2:3:4:4:3:3:3:4:2,2:3:4:4:4:1:2:2:2,MUTATE
0:2:4:1:0:4:4:4:0:,clone,14095.115923226358,0:2:4:1:0:4:4:4:0
2:2:4:4:3:3:3:4:2:,clone,13119.452725425448,2:2:4:4:3:3:3:4:2
4:4:3:4:4:1:1:4:4:,clone,12237.437923992944,4:4:3:4:4:1:1:4:4
2:2:4:4:3:4:4:4:1:,clone,13188.760439401385,2:2:4:4:3:4:4:4:1
4:4:4:4:4:1:2:2:4:,recombination,10248.25941492906,4:4:4:4:4:1:2:2:4,3:3:4:4:4:1:2:3:3
2:2:4:4:3:3:3:4:1:,recombination,12171.994279398674,2:3:4:4:3:3:3:4:2,4:4:3:4:4:2:2:3:4,MUTATE
1:3:4:4:3:3:4:3:1:,recombination,12897.779065563202,3:3:4:4:4:2:3:4:3,2:3:4:4:4:2:3:2:2
2:2:4:4:4:1:2:3:2:,clone,9396.54300710308,2:2:4:4:4:1:2:3:2
4:4:4:4:4:1:1:2:4:,recombination,9508.928698884089,3:4:4:4:4:1:1:1:4,3:4:4:4:4:0:1:1:4,MUTATE
4:3:4:4:4:3:3:4:3:,recombination,12519.446145062035,4:3:3:4:4:2:2:4:4,3:4:4:4:4:2:2:2:3,MUTATE
2:2:4:3:2:4:4:4:1:,clone,13320.821902248488,2:2:4:3:2:4:4:4:1
2:3:4:4:3:3:4:4:2:,clone,12950.323538289545,2:3:4:4:3:4:4:4:2
1:2:4:3:2:4:4:4:1:,recombination,13167.983933657217,3:4:4:4:4:1:2:3:4,2:3:4:4:3:4:4:4:2,MUTATE
3:3:4:4:3:3:3:4:2:,clone,12510.596787328075,3:3:4:4:3:3:3:4:2
2:2:4:3:2:3:4:4:1:,recombination,12304.589500561713,3:3:4:4:4:2:2:3:3,2:3:4:4:4:2:2:4:2
4:4:4:4:4:1:2:2:4:,recombination,10216.713179774297,4:4:3:4:4:1:1:2:4,4:4:4:4:4:1:2:2:4,MUTATE
3:4:4:4:4:1:1:2:4:,recombination,9563.688071943188,4:3:3:4:4:2:2:4:4,4:4:4:4:4:0:1:1:4
3:4:4:4:4:0:1:1:4:,clone,9048.527788693636,3:4:4:4:4:0:1:1:4
1:2:4:4:3:3:4:3:1:,recombination,13024.238424654757,1:3:4:4:3:3:4:3:1,3:4:4:4:4:2:2:3:4
3:4:4:4:4:1:2:3:4:,clone,10209.738538563764,3:4:4:4:4:1:2:3:4
1:3:4:3:2:3:4:4:1:,clone,13157.450627121416,1:2:4:3:2:3:4:4:1
3:4:4:4:4:0:1:2:3:,clone,9048.527788693636,3:4:4:4:4:0:1:1:4
3:3:4:4:4:1:1:2:3:,clone,9476.656445850691,3:4:4:4:4:1:1:2:3
2:3:4:4:4:3:3:2:2:,clone,13512.500886519967,2:3:4:4:4:3:3:2:2
1:2:4:4:4:2:3:4:1:,clone,10050.552306811647,2:2:4:4:4:2:3:4:1
1:2:4:2:1:4:4:4:0:,recombination,13330.420998754866,2:3:4:4:3:4:4:4:2,2:3:4:3:2:3:4:4:1
3:4:4:4:4:2:2:3:4:,clone,10824.033546115039,3:4:4:4:4:1:2:3:4
2:2:4:4:4:2:3:4:1:,clone,10143.371772049863,1:2:4:4:4:2:3:4:1
2:2:4:4:4:3:3:3:2:,clone,13127.407614288766,2:2:4:4:4:3:3:3:2
2:2:4:3:2:4:4:4:1:,clone,12471.212478740317,2:2:4:4:3:3:3:4:1
1:2:4:3:2:4:4:4:1:,recombination,12802.212978311387,2:3:4:4:4:2:2:2:2,3:3:4:4:4:2:3:4:3
2:2:4:4:3:3:4:4:2:,recombination,12815.122755960763,4:4:4:4:4:1:2:2:4,3:3:4:4:4:3:3:4:3,MUTATE
2:2:4:4:3:3:4:4:1:,clone,12287.413530561837,2:2:4:4:3:3:4:4:1
4:4:4:4:4:2:2:2:4:,clone,11766.58911201572,4:4:4:4:4:2:2:2:4
2:2:4:3:2:4:4:4:1:,clone,12464.880601239664,2:2:4:3:2:4:4:4:1
4:4:4:4:4:2:2:2:4:,recombination,11650.619693143517,4:4:4:4:4:2:2:3:4,4:4:4:4:4:2:2:2:4
3:4:4:4:4:1:2:3:3:,clone,9775.53932644638,3:4:4:4:4:1:2:3:3
3:3:4:4:3:3:3:4:2:,recombination,12265.164219424845,2:3:4:4:3:3:3:4:2,4:4:3:4:4:1:2:3:4
4:4:3:4:4:1:2:4:4:,clone,12039.442621537351,4:4:3:4:4:1:2:4:4
1:3:4:4:2:3:4:4:1:,recombination,13045.145819574627,1:3:4:4:3:3:3:4:1,1:2:4:4:3:2:3:3:1,MUTATE
1:2:4:4:4:3:3:4:1:,clone,13042.796626811558,1:2:4:4:4:3:3:4:1
1:3:4:3:3:3:3:4:1:,recombination,11252.276277167366,1:2:4:3:2:4:4:4:1,2:3:4:4:3:2:3:4:1
2:3:4:4:3:3:4:4:2:,recombination,12933.90438833684,4:3:4:4:4:2:2:4:4,2:3:4:4:4:2:2:3:2
2:2:4:3:2:4:4:4:1:,recombination,12459.211973935793,3:3:4:4:4:2:3:3:3,4:4:3:4:4:1:2:3:4,MUTATE
2:3:4:4:3:4:4:4:1:,clone,12764.72974492455,2:2:4:3:2:4:4:4:1
2:3:4:4:3:2:3:4:2:,recombination,11346.383882395012,2:3:4:4:4:3:3:4:2,1:2:4:4:4:2:3:3:1,MUTATE
2:3:4:3:2:3:4:4:1:,clone,12696.04708447286,2:3:4:3:2:3:4:4:1
2:3:4:3:2:4:4:4:1:,clone,12785.032650665484,2:3:4:3:2:4:4:4:1
4:4:4:4:4:3:2:4:4:,clone,12568.73711442718,4:4:4:4:4:2:2:4:4
2:3:4:4:3:4:4:4:2:,recombination,12846.27925518828,4:4:4:4:4:3:3:4:4,2:3:4:4:3:3:3:4:2,MUTATE
1:2:4:3:1:4:4:4:1:,clone,13054.80831391338,1:2:4:3:1:4:4:4:1
1:3:4:3:2:4:4:4:1:,recombination,12940.311867203463,2:3:4:4:4:2:3:4:2,4:4:4:4:4:2:3:4:4
1:2:4:3:2:4:4:4:1:,clone,12709.58561266287,2:2:4:3:2:4:4:4:1
2:2:4:4:4:3:3:4:2:,clone,13279.181342948123,2:2:4:4:4:3:3:3:2
2:3:4:4:3:3:4:4:2:,recombination,12395.583494757584,4:3:3:4:4:2:3:4:4,2:3:4:4:3:3:3:4:2,MUTATE
2:3:4:3:2:3:4:4:2:,clone,12434.064606245269,2:3:4:4:3:3:4:4:2
4:4:4:4:4:1:2:3:4:,recombination,10257.469487201335,4:4:4:4:4:1:2:2:4,3:3:4:4:4:1:2:4:3,MUTATE
1:2:4:3:2:4:4:4:1:,recombination,12315.34926057201,2:3:4:4:4:2:2:3:2,4:4:4:4:4:1:1:2:4,MUTATE
2:2:4:3:2:3:4:4:1:,recombination,11516.335006743411,1:2:4:3:2:3:4:4:1,2:3:4:4:4:1:2:2:3,MUTATE
2:3:4:4:3:3:4:4:2:,clone,12150.622802994529,2:3:4:4:3:3:4:4:2
2:2:4:4:4:2:3:4:1:,clone,9894.66794137712,2:2:4:4:4:2:3:4:1
3:4:4:4:4:1:1:2:4:,clone,9496.291200039703,3:4:4:4:4:1:1:2:4
1:3:4:3:2:3:4:4:1:,recombination,12604.373781258113,3:4:4:4:4:2:3:3:3,2:2:4:4:4:1:2:3:2
2:3:4:4:4:0:1:1:2:,recombination,8492.298120408284,2:3:4:4:4:1:1:1:3,2:3:4:4:4:1:2:2:2
1:3:4:4:3:3:4:4:1:,recombination,13030.685874779936,2:3:4:4:4:3:3:4:1,4:4:4:4:4:2:3:4:4,MUTATE
2:3:4:3:3:3:4:4:1:,recombination,12144.787908511873,4:4:4:4:4:1:2:2:4,1:2:4:4:3:3:3:4:1,MUTATE
1:2:4:3:1:4:4:4:1:,clone,13001.911634951657,1:2:4:3:2:4:4:4:1
1:3:4:3:2:3:4:4:1:,recombination,11664.320211114395,2:2:4:3:2:4:4:4:1,1:2:4:4:3:2:3:3:1
1:2:4:3:1:4:4:4:1:,clone,12462.40704287837,1:2:4:3:1:4:4:4:1
1:2:4:3:2:3:4:4:1:,clone,11338.816932493595,1:2:4:3:2:3:4:4:1
3:4:4:4:4:2:2:3:4:,clone,10764.920637745136,3:4:4:4:4:2:2:3:4
2:2:4:4:3:2:3:4:1:,recombination,10360.263880146967,3:3:4:4:4:2:2:4:3,2:2:4:4:4:2:3:4:2
1:2:4:2:1:4:4:4:1:,clone,12677.720295593015,1:2:4:3:2:4:4:4:1
1:2:4:2:1:4:4:4:1:,clone,12371.309069138593,1:2:4:2:1:4:4:4:1
1:3:4:4:3:3:4:4:1:,recombination,12995.2076994808,3:4:4:4:4:2:3:3:3,2:3:4:3:2:4:4:4:1,MUTATE
2:3:4:4:4:2:2:2:3:,clone,10543.307126050913,2:3:4:4:4:2:2:2:3
1:2:4:2:1:4:4:4:0:,recombination,13006.543284350846,2:3:4:4:4:1:2:3:2,2:2:4:3:2:3:4:4:1
2:3:4:3:2:4:4:4:2:,recombination,12447.835182292722,3:3:4:4:3:3:3:4:2,2:3:4:4:4:2:3:4:2
2:3:4:3:2:4:4:4:1:,recombination,12258.947844962631,2:3:4:3:2:4:4:4:1,2:3:4:4:3:3:4:4:2,MUTATE
1:3:4:3:2:4:4:4:1:,clone,12676.388805158123,1:3:4:3:2:4:4:4:1
4:4:3:4:4:2:2:3:4:,clone,11662.578024465613,4:4:3:4:4:2:2:3:4
4:4:2:4:4:1:1:2:4:,recombination,12553.517156847056,4:4:0:4:4:0:0:0:4,4:4:4:4:4:1:1:4:4,MUTATE
3:3:4:4:4:1:2:4:3:,recombination,10251.335929231022,3:4:4:4:4:0:1:1:4,4:4:4:4:4:1:2:2:4
1:3:4:3:3:3:4:4:1:,recombination,12358.332960496335,2:2:4:4:3:3:3:4:2,1:3:4:3:2:3:4:4:1,MUTATE
3:4:4:4:4:1:1:2:3:,clone,9544.381859662708,3:4:4:4:4:1:1:2:4
1:2:4:4:3:2:3:4:1:,clone,10023.00070493287,2:2:4:4:4:2:3:4:1
1:2:4:3:2:3:3:4:1:,clone,10705.808653707336,1:2:4:3:2:3:3:4:1
2:2:4:4:4:3:3:4:1:,clone,11787.244492066386,2:2:4:4:4:3:3:4:1
1:2:4:4:3:3:3:3:1:,clone,12611.221106918983,1:2:4:4:3:2:3:3:1
1:3:4:3:2:4:4:4:1:,clone,12384.335344117795,1:3:4:3:2:4:4:4:1
1:2:4:3:2:3:4:4:1:,recombination,11178.876457612016,1:2:4:2:1:4:4:4:1,1:2:4:3:2:3:4:4:1,MUTATE
2:2:4:4:3:3:3:4:1:,recombination,12012.938288338322,3:3:4:4:4:2:3:4:3,4:4:3:4:4:1:2:2:4,MUTATE
0:1:4:1:0:4:4:4:0:,recombination,13980.660176836953,3:3:4:4:4:2:2:3:3,1:2:4:2:0:4:4:4:0
1:2:4:2:1:4:4:4:1:,recombination,12051.23148032886,1:2:4:4:3:3:3:4:1,4:4:4:4:4:2:2:4:4,MUTATE
2:3:4:4:2:4:4:4:2:,clone,13242.488722336202,2:3:4:4:2:4:4:4:2
2:2:4:4:4:3:3:4:1:,recombination,11190.879781308506,3:3:4:4:4:2:3:4:3,2:3:4:4:4:3:3:3:2,MUTATE
2:3:4:4:4:2:2:4:2:,recombination,10254.668211356313,2:3:4:4:4:1:2:3:2,2:3:4:4:4:0:1:1:2
2:3:4:3:3:3:3:4:1:,clone,11369.955645267482,2:3:4:3:3:3:3:4:1
1:3:4:3:2:4:4:4:1:,clone,12343.712277257342,1:3:4:3:2:4:4:4:1
1:2:4:3:1:3:4:4:1:,recombination,12189.662798141166,1:2:4:4:3:3:3:4:1,4:3:4:4:4:2:2:3:4,MUTATE
2:2:4:4:4:2:3:4:1:,clone,9667.775248880682,2:2:4:4:4:2:3:4:1
2:3:4:4:4:3:3:2:2:,recombination,13245.075765308884,2:3:4:4:4:3:3:2:2,4:4:4:4:4:2:2:4:4,MUTATE
3:4:4:4:4:1:1:3:3:,clone,9618.963040084347,3:4:4:4:4:1:1:2:4
2:2:4:4:3:3:4:4:2:,clone,12777.526611584,2:2:4:4:3:3:4:4:2
3:4:4:4:4:1:1:2:3:,clone,9404.89648660077,3:4:4:4:4:1:1:2:3
1:3:4:4:3:3:4:4:1:,recombination,12406.99995953883,1:2:4:3:1:3:4:4:1,3:3:4:4:4:1:2:1:3,MUTATE
2:3:4:4:4:2:2:2:2:,recombination,10560.313262526637,3:3:4:4:4:2:2:2:3,4:4:3:4:4:1:1:4:4
2:2:4:4:4:2:3:4:2:,clone,9828.797814201678,2:2:4:4:4:2:3:4:2
1:2:4:4:4:3:3:4:1:,clone,12953.66367902915,1:2:4:4:4:3:3:4:1
2:2:4:4:3:3:3:4:1:,recombination,11693.332865169192,1:2:4:4:3:3:3:4:1,1:2:4:4:3:3:3:4:1,MUTATE
2:2:4:4:4:3:3:4:2:,recombination,11778.907072479318,4:4:4:4:4:1:2:4:4,2:3:4:4:4:2:3:3:2,MUTATE
4:4:4:4:4:2:2:2:4:,recombination,11591.415825323344,4:4:4:4:4:2:2:2:4,3:3:4:4:4:2:3:2:3,MUTATE
1:2:4:3:3:3:3:4:1:,recombination,11300.677747098533,2:2:4:4:3:3:3:4:1,4:4:4:4:4:1:1:3:4
2:3:4:3:2:3:4:4:1:,recombination,12459.095286108186,3:4:4:4:4:1:2:4:3,2:3:4:3:3:3:4:4:1,MUTATE
4:4:4:4:4:2:2:2:4:,recombination,11524.839036737132,4:4:4:4:4:2:2:2:4,4:4:4:4:4:1:2:3:4,MUTATE
2:2:4:4:3:3:3:3:2:,recombination,12889.21501728779,3:4:4:4:4:0:1:1:4,2:3:4:4:4:2:3:2:2
1:2:4:4:3:3:4:4:1:,recombination,12512.962435373447,2:3:4:4:4:2:3:2:2,2:3:4:4:4:3:3:4:2
4:4:3:4:4:0:0:0:4:,recombination,9421.390269103827,4:4:4:4:4:2:2:2:4,1:2:4:4:3:3:4:4:1,MUTATE
2:3:4:3:2:3:4:4:1:,clone,12174.937789022002,2:3:4:3:2:3:4:4:1
2:3:4:4:3:3:4:4:1:,recombination,12417.500229699604,2:3:4:4:4:3:3:4:2,3:4:4:4:4:1:2:3:3,MUTATE
1:2:4:4:3:3:4:4:1:,recombination,12281.656018146768,1:2:4:3:2:3:4:4:1,2:2:4:4:4:3:3:4:2
3:4:4:4:4:1:2:3:3:,clone,9618.963040084347,3:4:4:4:4:1:2:3:3
2:3:4:4:3:3:4:4:1:,clone,12388.157242711452,2:2:4:4:3:3:4:4:1
3:3:4:4:4:2:2:4:3:,clone,10236.55075036603,3:3:4:4:4:2:2:4:3
2:3:4:4:3:3:4:4:1:,recombination,12105.171871881072,2:3:4:4:3:3:3:4:1,2:3:4:4:3:3:3:4:2,MUTATE
3:3:4:4:4:2:3:4:2:,recombination,10333.620803714397,2:2:4:4:4:2:3:4:2,3:3:4:4:4:2:2:4:3,MUTATE
2:2:4:3:3:3:4:4:1:,recombination,11987.90504588054,1:3:4:4:3:3:4:4:1,2:3:4:4:4:2:2:4:2
4:4:3:4:4:1:1:1:4:,clone,11671.390342254756,4:4:3:4:4:1:1:1:4
1:2:4:2:0:4:4:4:0:,recombination,13801.51887634548,2:2:4:4:3:4:4:4:1,2:2:4:4:3:3:4:4:2,MUTATE
2:2:4:4:3:3:3:4:2:,recombination,12996.076959779766,3:4:4:4:4:1:1:2:3,1:3:4:4:2:3:4:4:1,MUTATE
1:2:4:4:3:3:4:4:1:,recombination,12074.477377298783,2:2:4:4:3:3:3:4:1,4:4:4:4:4:1:1:4:4
2:3:4:4:3:4:3:4:2:,recombination,13474.95895505322,4:4:4:4:4:2:2:3:4,4:4:4:4:4:1:1:3:4
3:3:4:4:4:2:2:4:3:,recombination,10051.280405284779,3:3:4:4:4:1:2:4:3,4:4:4:4:4:1:1:3:4,MUTATE
3:3:4:4:4:2:2:4:3:,clone,9906.100018785706,3:3:4:4:4:2:2:4:3
1:2:4:3:1:4:4:4:1:,clone,12290.747516133697,1:2:4:3:1:4:4:4:1
3:4:4:4:4:1:2:1:3:,clone,10339.5513259527,3:3:4:4:4:1:2:1:3
1:2:4:3:1:4:4:4:1:,clone,12263.756956698095,1:2:4:3:1:4:4:4:1
4:4:3:4:4:1:2:1:4:,clone,12240.132583589504,4:4:3:4:4:1:2:1:4
4:4:4:4:4:1:1:1:4:,recombination,10503.993579106207,4:4:4:4:4:1:1:1:4,2:3:4:4:4:1:2:4:2,MUTATE
3:3:4:4:4:2:2:4:3:,clone,9774.913043135384,3:3:4:4:4:2:2:4:3
1:2:4:2:1:4:4:4:0:,recombination,12788.48932787865,2:3:4:3:3:3:3:4:1,3:3:4:4:4:2:3:3:3
2:2:4:4:3:4:4:4:1:,clone,12718.167979847583,2:2:4:3:2:4:4:4:1
2:2:4:4:3:4:4:4:1:,clone,12642.969944217066,2:2:4:4:3:4:4:4:1
1:2:4:2:1:4:4:4:0:,clone,12713.908147457012,1:2:4:2:1:4:4:4:0
1:2:4:3:1:4:4:4:1:,clone,12189.175776276456,1:2:4:3:1:4:4:4:1
3:4:4:4:4:1:2:1:4:,clone,10731.962174866563,3:4:4:4:4:1:2:1:4
3:3:4:4:4:2:3:4:3:,recombination,10680.437458385924,4:4:4:4:4:2:2:4:4,3:3:4:4:4:2:3:4:2,MUTATE
2:2:4:4:4:3:3:3:2:,recombination,12176.545348313768,2:2:4:4:4:2:3:2:2,4:4:3:4:4:1:2:3:4
2:3:4:4:2:3:4:4:2:,clone,13173.418935592641,2:3:4:4:3:3:4:4:2
3:3:4:4:4:2:3:4:3:,clone,10586.80494367258,3:3:4:4:4:2:2:4:3
1:2:4:2:1:4:4:4:0:,recombination,12663.167174143295,3:3:4:4:4:3:3:4:3,3:3:4:4:4:3:3:4:3,MUTATE
2:3:4:4:2:3:4:4:1:,recombination,13138.143557885087,4:4:4:4:4:1:2:3:4,2:3:4:4:3:3:3:4:2,MUTATE
1:2:4:2:1:4:4:4:0:,clone,12663.167174143293,1:2:4:2:1:4:4:4:0
3:4:4:4:4:1:2:1:4:,clone,10621.684311801793,3:4:4:4:4:1:2:1:3
3:3:4:4:4:2:3:4:3:,clone,10326.489624378617,3:3:4:4:4:2:3:4:3
2:2:4:4:3:3:3:4:2:,recombination,11729.468820505128,4:4:4:4:4:2:2:2:4,2:2:4:4:4:2:3:4:2
2:2:4:4:3:3:3:4:2:,recombination,11690.52457863197,4:4:3:4:4:0:0:0:4,2:2:4:4:3:3:3:4:1
1:2:4:3:1:4:4:4:0:,recombination,13328.307196019106,1:2:4:2:0:4:4:4:0,4:4:4:4:4:1:1:1:4
3:3:4:4:4:2:2:2:3:,recombination,10208.251462245842,2:3:4:4:4:2:2:2:3,2:2:4:4:4:3:3:3:2,MUTATE
1:2:4:2:1:3:4:4:1:,clone,12197.305772243928,1:2:4:2:1:3:4:4:1
2:2:4:4:2:3:4:4:1:,recombination,13001.870219267897,2:2:4:4:3:4:4:4:1,1:3:4:3:2:4:4:4:1,MUTATE
1:2:4:2:1:4:4:4:0:,clone,12644.658583893332,1:2:4:2:1:4:4:4:0
2:2:4:4:3:3:3:4:2:,clone,11370.83681956626,2:2:4:4:3:3:3:4:2
1:2:4:4:2:3:4:4:1:,recombination,14266.6528883887,4:4:4:4:4:0:1:1:4,1:2:4:4:4:3:3:4:1,MUTATE
2:2:4:4:4:3:3:4:2:,clone,11548.33663631871,2:2:4:4:4:3:3:4:2
2:2:4:4:3:3:3:4:1:,clone,11223.7790372599,2:2:4:4:3:3:3:4:1
2:3:4:3:2:3:4:4:1:,recombination,11996.555956277643,2:3:4:4:4:2:2:3:2,3:3:4:4:4:2:2:4:3
0:1:4:1:0:4:4:4:0:,clone,13948.565407930391,0:2:4:1:0:4:4:4:0
1:2:4:2:0:4:4:4:0:,recombination,13746.522569411769,1:2:4:2:0:4:4:4:0,1:2:4:2:1:4:4:4:0
1:2:4:2:1:3:4:4:1:,recombination,12050.247989937568,2:3:4:4:4:3:3:4:2,1:2:4:2:1:3:4:4:1,MUTATE
2:2:4:4:3:4:3:4:1:,recombination,13462.774055771039,1:2:4:2:0:4:4:4:0,4:4:2:4:4:1:1:2:4,MUTATE
1:2:4:3:2:4:4:4:1:,recombination,12259.800531117002,4:4:3:4:4:1:2:4:4,1:2:4:2:1:4:4:4:0
1:2:4:2:1:4:4:4:0:,clone,12368.39252868846,1:2:4:2:1:4:4:4:0
3:4:4:4:4:2:2:2:3:,recombination,10519.08642734395,3:3:4:4:4:2:2:2:3,2:3:4:4:4:2:3:2:3,MUTATE
1:2:4:3:2:4:4:4:1:,recombination,12128.294358018375,3:3:4:4:4:1:2:3:3,3:4:4:4:4:1:1:1:3
2:2:4:4:4:3:3:4:2:,recombination,11179.726575896131,3:3:4:4:4:2:3:4:3,2:3:4:4:4:1:2:2:2
1:2:4:2:1:4:4:4:0:,clone,12343.05990202191,1:2:4:2:1:4:4:4:0
1:2:4:2:0:4:4:4:0:,recombination,13493.16893251084,1:3:4:3:2:3:4:4:1,1:2:4:2:0:4:4:4:0
1:2:4:2:0:4:4:4:0:,clone,13394.775112519013,1:2:4:2:0:4:4:4:0
2:3:4:4:4:3:3:3:2:,recombination,11766.857710873035,3:4:4:4:4:1:2:3:4,3:4:4:4:4:2:2:2:3
2:2:4:4:2:4:4:4:1:,recombination,13916.139084428753,4:4:4:4:4:1:2:2:4,2:2:4:4:3:4:3:4:1,MUTATE
4:4:2:4:4:1:1:3:4:,clone,12553.517156847056,4:4:2:4:4:1:1:3:4
2:2:4:3:2:4:4:4:1:,recombination,12434.881084980796,4:4:4:4:4:1:1:3:4,4:4:4:4:4:2:2:3:4
0:2:4:1:0:4:4:4:0:,recombination,13866.040604568872,0:2:4:1:0:4:4:4:0,1:3:4:3:2:3:4:4:1
2:3:4:4:4:3:3:4:1:,recombination,11474.489841809063,2:3:4:4:4:1:2:2:3,4:4:4:4:4:2:2:4:4,MUTATE
0:2:4:1:0:4:4:4:0:,recombination,13744.586894398806,4:4:3:4:4:1:2:3:4,0:1:4:1:0:4:4:4:0,MUTATE
2:3:4:4:3:2:3:4:2:,clone,11248.429201304974,2:3:4:4:4:2:3:4:2
1:2:4:2:0:4:4:4:0:,recombination,12588.873799513529,1:2:4:2:1:4:4:4:0,4:3:4:4:4:3:3:4:3,MUTATE
2:3:4:4:4:2:3:4:2:,recombination,10305.979200961643,2:3:4:4:4:2:2:2:3,4:3:3:4:4:2:2:4:4,MUTATE
2:3:4:4:3:4:3:4:2:,recombination,13168.824694480847,3:4:4:4:4:1:1:2:4,3:3:4:4:4:2:3:4:3,MUTATE
2:3:4:4:3:3:4:4:1:,recombination,11983.01317193134,2:3:4:4:3:2:3:4:2,2:3:4:3:2:3:4:4:1
1:2:4:2:1:4:4:4:0:,clone,12309.57188615314,1:2:4:2:0:4:4:4:0
1:2:4:4:3:4:4:4:1:,recombination,13200.04101890403,2:2:4:4:4:3:3:3:2,2:2:4:4:3:2:3:4:1
4:4:2:4:4:1:1:3:4:,clone,12553.517156847054,4:4:2:4:4:1:1:3:4
0:2:4:1:0:4:4:4:0:,clone,13281.500891705295,0:2:4:1:0:4:4:4:0
2:2:4:4:3:4:4:4:2:,clone,13601.22672288861,2:2:4:4:3:4:4:4:2
0:2:4:1:0:4:4:4:0:,recombination,12961.150686909934,3:3:4:4:4:3:3:4:3,3:3:4:4:4:3:3:4:3,MUTATE
0:2:4:1:0:4:4:4:0:,clone,12726.570635352578,0:2:4:1:0:4:4:4:0
1:2:4:2:0:4:4:4:0:,clone,12436.33281458572,1:2:4:2:0:4:4:4:0
2:3:4:4:3:4:4:4:2:,recombination,12771.54760530482,4:4:4:4:4:2:2:4:4,4:4:4:4:4:1:1:3:4,MUTATE
1:2:4:2:0:4:4:4:0:,clone,12420.457626935087,1:2:4:2:0:4:4:4:0
1:2:4:1:0:4:4:4:0:,recombination,13392.386632487242,2:3:4:4:4:1:2:3:2,1:3:4:3:2:4:4:4:1
3:4:4:4:4:2:2:2:4:,recombination,10660.876322207736,3:4:4:4:4:2:2:2:3,1:2:4:4:3:3:4:3:1
1:2:4:2:1:4:4:4:1:,recombination,11951.656328388748,1:2:4:2:0:4:4:4:0,2:3:4:4:3:3:4:4:1
3:3:4:4:4:3:3:3:3:,recombination,13067.479972170297,2:3:4:4:4:3:3:2:2,1:3:4:4:3:3:3:4:1
1:2:4:2:1:4:4:4:1:,recombination,11765.01386908565,2:2:4:4:2:3:4:4:1,1:2:4:2:1:4:4:4:1,MUTATE
2:3:4:4:4:3:3:4:1:,clone,11416.312474530638,2:3:4:4:4:3:3:4:1
3:3:4:4:4:3:3:3:3:,clone,12939.227309520244,3:3:4:4:4:3:3:3:3
2:2:4:3:2:4:4:4:1:,clone,12098.827327918765,2:2:4:3:2:4:4:4:1
1:3:4:3:1:4:4:4:1:,recombination,13174.667565783651,2:3:4:4:3:2:3:4:2,2:2:4:3:2:3:4:4:1,MUTATE
2:3:4:4:3:4:3:4:2:,recombination,13145.345064212324,4:3:4:4:4:3:3:4:3,3:3:4:4:4:2:3:2:3,MUTATE
0:2:4:1:0:4:4:4:0:,clone,12699.591879033553,0:2:4:1:0:4:4:4:0
0:2:4:1:0:4:4:4:0:,clone,12588.706138251608,0:2:4:1:0:4:4:4:0
1:2:4:2:0:4:4:4:0:,recombination,12337.303077638391,1:2:4:2:1:4:4:4:0,3:4:4:4:4:1:2:3:3,MUTATE
1:2:4:1:0:4:4:4:0:,recombination,13300.029451605093,2:2:4:4:4:2:3:4:2,1:2:4:3:1:4:4:4:1
3:3:4:4:4:3:3:3:3:,clone,12511.954657618207,3:3:4:4:4:3:3:3:3
2:3:4:4:2:4:4:4:1:,clone,13146.347894253799,2:3:4:4:2:4:4:4:1
1:2:4:4:2:3:4:4:1:,recombination,13385.512040616382,2:3:4:4:4:3:3:3:2,3:4:4:4:4:2:2:3:3
1:2:4:1:0:4:4:4:0:,clone,13270.495147310452,1:2:4:1:0:4:4:4:0
4:4:4:4:4:2:3:4:4:,clone,12133.736904685637,4:4:4:4:4:2:2:4:4
4:4:3:4:4:0:0:1:4:,recombination,11082.216292156156,4:4:4:4:4:3:3:4:4,4:4:4:4:4:2:2:4:4
1:2:4:1:0:4:4:4:0:,clone,13263.0172722336,1:2:4:1:0:4:4:4:0
1:2:4:1:0:4:4:4:0:,clone,12882.93105223465,1:2:4:1:0:4:4:4:0
2:2:4:4:4:3:3:3:2:,clone,12098.991628481117,2:2:4:4:4:3:3:3:2
4:4:4:4:4:1:1:1:4:,clone,10188.57972387515,4:4:4:4:4:1:1:1:4
2:2:4:4:3:4:3:4:1:,recombination,12961.059495261532,2:3:4:4:3:3:3:4:2,2:2:4:4:4:3:3:3:2
2:3:4:4:3:3:3:4:2:,clone,11111.885932173716,2:3:4:4:3:3:3:4:2
1:2:4:4:2:3:4:4:1:,clone,13278.970381788517,1:2:4:4:2:3:4:4:1
2:3:4:3:2:3:4:4:1:,recombination,11877.940633949582,2:3:4:4:3:3:3:4:2,3:3:4:4:4:2:3:3:3,MUTATE
1:3:4:2:1:4:4:4:1:,clone,12316.875338408907,1:3:4:2:1:4:4:4:1
2:2:4:3:3:3:3:4:1:,recombination,11598.678372382292,3:3:4:4:4:2:3:4:2,1:2:4:2:0:4:4:4:0
0:1:4:1:0:4:4:4:0:,recombination,13648.315514584481,0:2:4:1:0:4:4:4:0,1:3:4:4:3:3:3:4:1,MUTATE
4:4:1:4:4:0:0:0:4:,clone,13204.18847940369,4:4:1:4:4:0:0:0:4
1:2:4:2:1:4:4:4:0:,recombination,12164.560957701886,3:3:4:4:4:2:2:3:3,2:2:4:4:3:4:3:4:1
2:3:4:4:2:3:4:4:2:,recombination,12966.186272016585,2:2:4:4:3:3:3:4:1,2:3:4:4:4:2:2:4:2,MUTATE
0:1:4:1:0:4:4:4:0:,clone,13085.67075683196,0:2:4:1:0:4:4:4:0
4:4:1:4:4:0:0:1:4:,recombination,13135.30655446759,2:3:4:4:4:3:3:2:2,4:4:1:4:4:0:0:0:4,MUTATE
1:2:4:2:1:4:4:4:0:,clone,11993.811926607412,1:2:4:2:1:4:4:4:0
2:3:4:4:2:3:4:4:2:,clone,12954.671949689675,2:3:4:4:2:3:4:4:2
1:2:4:2:1:4:4:4:0:,clone,11983.00844262786,1:2:4:2:1:4:4:4:0
1:2:4:2:1:4:4:4:0:,recombination,11890.699925202778,1:2:4:2:1:4:4:4:0,3:3:4:4:4:1:1:2:3,MUTATE
1:2:4:1:0:4:4:4:0:,clone,12684.029834883499,1:2:4:1:0:4:4:4:0
2:2:4:3:1:4:4:4:1:,clone,12814.776100839348,2:3:4:3:2:4:4:4:1
2:3:4:3:3:3:4:4:1:,clone,12113.462820049006,2:3:4:3:3:3:4:4:1
1:2:4:3:2:4:4:4:1:,clone,12019.752917159425,1:2:4:2:1:4:4:4:0
4:4:1:4:4:0:0:0:4:,clone,13041.706928169395,4:4:1:4:4:0:0:0:4
4:4:4:4:4:3:2:4:4:,recombination,12546.139545980925,4:4:3:4:4:2:1:4:4,1:2:4:3:2:4:4:4:1
4:4:1:4:4:0:0:0:4:,recombination,12877.202011999998,4:4:3:4:4:1:2:4:4,4:4:0:4:4:0:0:0:4
2:2:4:3:1:4:4:4:1:,clone,12649.078939658975,2:2:4:3:1:4:4:4:1
0:2:4:2:0:4:4:4:0:,recombination,13676.278408118082,2:3:4:4:4:1:2:3:2,4:4:4:4:4:2:2:4:4
1:2:4:1:0:4:4:4:0:,clone,12327.596999917456,1:2:4:1:0:4:4:4:0
3:3:3:4:4:2:2:4:3:,recombination,12466.783911064676,3:3:3:4:4:2:3:4:3,2:3:4:4:4:2:3:4:2,MUTATE
2:3:4:4:3:4:3:4:1:,recombination,12813.87705435634,4:4:4:4:4:2:2:2:4,4:4:4:4:4:1:2:2:4,MUTATE
2:3:4:4:3:4:3:4:2:,recombination,12906.118891817525,3:3:4:4:4:2:2:3:3,1:2:4:4:3:4:4:4:1
4:4:2:4:4:0:0:2:4:,recombination,12596.567095141425,1:2:4:4:3:3:4:3:1,4:4:1:4:4:0:0:0:4,MUTATE
4:4:1:4:4:0:0:0:4:,clone,12738.414316543556,4:4:1:4:4:0:0:0:4
4:4:1:4:4:0:0:1:4:,clone,12884.513684234906,4:4:1:4:4:0:0:1:4
1:3:4:4:3:3:3:4:1:,recombination,12296.231381871916,2:3:4:4:4:1:2:2:3,3:3:4:4:4:1:2:2:3
2:2:4:3:2:3:4:4:2:,recombination,12741.268778082574,2:2:4:4:3:3:3:4:1,2:3:4:4:4:2:3:3:2
2:2:4:4:3:3:4:4:1:,recombination,12264.60717558684,1:3:4:4:3:3:3:4:1,1:2:4:3:3:3:3:4:1
4:4:1:4:4:0:0:1:4:,clone,12661.104675098724,4:4:1:4:4:0:0:1:4
4:4:1:4:4:0:0:1:4:,clone,12515.005307407375,4:4:1:4:4:0:0:1:4
1:2:4:3:1:4:4:4:0:,recombination,13133.466405441559,2:2:4:4:4:3:3:4:1,0:2:4:1:0:4:4:4:0,MUTATE
2:2:4:2:1:4:4:4:1:,recombination,13252.754710386063,4:4:3:4:4:1:2:3:4,4:4:4:4:4:1:2:4:4
1:3:4:4:3:3:3:4:1:,clone,11976.01143514982,1:3:4:4:3:3:3:4:1
2:2:4:4:3:3:4:4:1:,recombination,12184.798221287083,2:2:4:4:4:2:3:4:2,3:4:4:4:4:1:2:3:4
1:2:4:4:3:4:3:4:1:,recombination,12468.264860468533,2:3:4:4:4:3:3:3:2,2:2:4:4:2:3:4:4:1
2:2:4:4:3:3:4:4:1:,clone,12036.498167526883,2:2:4:4:3:3:4:4:1
2:3:4:4:3:4:4:4:1:,recombination,12417.660851184904,3:3:4:4:4:2:2:2:3,1:2:4:4:3:3:3:4:1
1:2:4:3:1:4:4:4:1:,recombination,12089.009716140685,2:2:4:4:3:4:4:4:1,4:4:4:4:4:1:1:3:4,MUTATE
4:4:2:4:4:0:1:2:4:,recombination,12477.769090944663,4:4:1:4:4:0:0:0:4,3:4:4:4:4:1:1:2:4
4:4:2:4:4:0:0:1:4:,clone,12401.033805454368,4:4:1:4:4:0:0:1:4
1:2:4:3:2:3:4:4:0:,clone,11821.856364807096,1:2:4:3:2:3:4:4:1
4:4:3:4:4:0:1:2:4:,recombination,11765.899136276394,3:3:4:4:4:2:3:4:3,4:4:1:4:4:0:0:0:4,MUTATE
2:2:4:4:2:4:4:4:1:,recombination,12964.048003030544,2:3:4:4:4:2:2:2:3,1:2:4:2:1:4:4:4:0
1:2:4:3:2:4:4:4:0:,recombination,12225.514589702185,2:2:4:3:1:4:4:4:1,2:3:4:3:2:4:4:4:1,MUTATE
1:3:4:4:3:3:3:4:1:,clone,11945.301989030808,1:3:4:4:3:3:3:4:1
4:4:2:4:4:0:0:1:4:,clone,12236.52888928497,4:4:2:4:4:0:0:1:4
1:2:4:4:2:4:4:3:1:,clone,15167.653812473458,1:2:4:4:3:3:4:3:1
1:2:4:3:1:3:4:4:0:,clone,13214.526158328554,1:2:4:3:1:3:4:4:0
2:3:4:4:2:3:4:4:1:,recombination,13126.94218295456,1:3:4:4:4:2:3:4:1,2:3:4:4:3:4:3:4:1,MUTATE
4:4:2:4:4:1:1:3:4:,clone,12183.003080098255,4:4:2:4:4:1:1:3:4
2:3:4:4:3:3:4:3:2:,recombination,15024.275497844648,1:2:4:4:2:4:4:4:1,2:3:4:4:4:2:3:2:3
1:2:4:3:1:3:4:4:0:,clone,13155.598358613242,1:2:4:3:1:3:4:4:0
4:4:2:4:4:1:1:2:4:,recombination,12477.769090944663,4:4:1:4:4:0:0:0:4,3:4:4:4:4:1:1:2:4,MUTATE
1:2:4:3:1:3:4:4:0:,recombination,13060.105258447978,4:4:4:4:4:1:2:2:4,3:3:4:4:4:2:3:4:3,MUTATE
4:4:2:4:4:1:1:3:4:,clone,12108.421899676616,4:4:2:4:4:1:1:2:4
1:2:4:4:3:4:4:4:1:,recombination,13121.569397640878,2:3:4:4:4:3:3:3:2,3:4:4:4:4:1:2:3:3
4:4:2:4:4:0:1:2:4:,clone,12236.52888928497,4:4:2:4:4:0:1:2:4
4:4:4:4:4:3:3:4:3:,recombination,12791.290755734792,4:4:3:4:4:1:1:4:4,4:4:4:4:4:2:2:2:4
1:3:4:4:3:3:4:4:1:,recombination,12174.283410905135,2:3:4:4:4:1:2:3:2,1:3:4:4:3:3:3:4:1
4:3:4:4:4:2:3:4:3:,recombination,12686.106826625952,2:3:4:4:4:1:1:1:2,1:2:4:2:1:4:4:4:0,MUTATE
1:2:4:2:1:3:4:4:0:,recombination,12465.06407386408,2:3:4:4:4:3:3:4:2,2:3:4:4:4:2:3:4:1
4:4:2:4:4:1:1:2:4:,recombination,12343.028134366741,4:4:3:4:4:1:1:4:4,4:4:1:4:4:0:0:1:4
1:2:4:3:1:4:4:4:0:,recombination,12837.077259207337,3:4:4:4:4:0:1:1:3,3:4:4:4:4:1:2:3:3
1:3:4:4:3:3:4:4:1:,recombination,12137.581039289546,2:3:4:4:4:3:3:4:1,4:4:4:4:4:1:1:3:4
1:3:4:3:3:3:4:4:1:,clone,12331.988462817852,1:3:4:4:3:3:4:4:1
1:2:4:3:2:3:4:4:0:,recombination,11639.748737945056,3:4:4:4:4:1:2:3:3,1:2:4:3:2:3:4:4:0,MUTATE
2:2:4:4:3:4:4:4:1:,clone,12563.067629588599,2:2:4:4:3:4:4:4:1
2:2:4:4:3:4:4:4:1:,recombination,12454.171008566484,2:2:4:4:3:4:4:4:1,2:2:4:4:4:3:3:3:2,MUTATE
1:2:4:3:1:4:4:4:0:,recombination,12693.30279368407,1:2:4:3:1:4:4:4:0,3:3:4:4:4:2:2:3:3
0:2:4:1:0:4:4:4:0:,clone,12577.041953182958,0:2:4:1:0:4:4:4:0
1:2:4:4:3:3:4:4:1:,clone,12038.736661766627,1:2:4:4:3:3:4:4:1
4:4:4:4:4:3:3:4:3:,recombination,12582.874942161949,4:4:3:4:4:3:2:4:4,2:3:4:4:4:1:2:2:2,MUTATE
3:3:4:4:3:3:4:4:2:,recombination,13255.697627645222,2:3:4:4:4:1:1:1:2,1:2:4:3:2:3:4:4:1,MUTATE
2:2:4:4:3:3:4:4:1:,recombination,12023.844235247543,3:3:4:4:4:1:2:3:3,2:2:4:4:3:4:4:4:1,MUTATE
0:2:4:1:0:4:4:4:0:,recombination,12541.649129824853,0:2:4:1:0:4:4:4:0,4:4:4:4:4:1:2:3:4,MUTATE
4:4:2:4:4:1:1:2:4:,clone,12341.325801850942,4:4:2:4:4:1:1:2:4
1:1:4:1:0:4:4:4:0:,recombination,13327.351642374062,4:4:4:4:4:1:2:3:4,4:3:3:4:4:2:2:4:4,MUTATE
3:3:4:4:4:3:3:3:3:,clone,12486.740949341009,3:3:4:4:4:3:3:3:3
1:2:4:2:0:4:4:4:0:,recombination,12181.48829397013,2:2:4:4:3:3:3:4:2,1:2:4:4:4:2:3:3:1,MUTATE
1:2:4:3:2:4:4:4:1:,clone,12006.114541862373,1:2:4:3:2:4:4:4:1
2:3:4:4:3:4:4:4:1:,recombination,12224.106687019657,4:4:2:4:4:0:0:2:4,3:4:4:4:4:2:2:3:4
1:3:4:4:3:3:4:4:1:,clone,11949.237570803658,1:3:4:4:3:3:3:4:1
0:2:4:1:0:4:4:4:0:,clone,12443.37783837585,0:2:4:1:0:4:4:4:0
0:2:4:1:0:4:4:4:0:,recombination,12442.865580483576,1:2:4:3:1:4:4:4:1,4:4:3:4:4:2:2:4:4
4:4:4:4:4:3:2:4:4:,recombination,12467.683901172306,4:4:3:4:4:1:2:4:4,4:4:3:4:4:1:2:4:4,MUTATE
0:1:4:1:0:4:4:4:0:,clone,12782.521956490576,0:2:4:1:0:4:4:4:0
1:2:4:4:2:4:4:4:1:,clone,15017.204100735493,1:2:4:4:2:4:4:4:1
0:2:4:1:0:4:4:4:0:,clone,12283.947754950397,0:2:4:1:0:4:4:4:0
1:3:4:4:3:3:3:4:1:,clone,11858.279623807079,1:3:4:4:3:3:3:4:1
0:1:4:1:0:4:4:4:0:,clone,12284.46001284267,0:1:4:1:0:4:4:4:0
0:2:4:2:0:4:4:4:0:,recombination,13557.075073597036,2:3:4:4:3:2:3:4:1,3:3:4:4:4:2:3:3:3,MUTATE
1:3:4:4:3:3:3:4:1:,clone,11547.76515782226,1:3:4:4:3:3:3:4:1
4:4:3:4:4:2:1:3:4:,clone,12685.331510820066,4:4:3:4:4:2:1:3:4
2:3:4:4:3:4:3:4:2:,recombination,12319.861650542089,2:3:4:4:3:4:4:4:2,3:4:4:4:4:2:2:2:3
1:2:4:2:0:4:4:4:0:,recombination,11963.774999928724,1:2:4:4:3:3:4:4:1,2:2:4:4:2:4:4:4:1
1:2:4:3:2:4:4:4:1:,recombination,11936.184416752303,3:3:4:4:4:1:2:3:3,2:3:4:4:3:4:3:4:2
1:2:4:4:2:3:4:4:1:,recombination,13218.717200220377,3:3:4:4:4:3:3:4:3,3:3:3:4:4:2:2:4:3,MUTATE
1:2:4:3:1:4:4:4:0:,recombination,12562.843437043213,1:2:4:3:2:3:4:4:0,2:2:4:4:3:4:4:4:1,MUTATE
4:4:3:4:4:0:1:2:4:,recombination,10837.981751369216,4:4:4:4:4:2:2:4:4,2:2:4:3:2:3:4:4:1,MUTATE
1:2:4:2:1:4:4:4:0:,recombination,11790.718507609854,1:3:4:4:3:3:4:4:1,2:3:4:4:3:4:4:4:1,MUTATE
4:4:3:4:4:0:1:1:4:,recombination,11849.773536237139,3:3:4:4:4:2:2:4:3,4:4:4:4:4:2:2:3:4,MUTATE
4:4:3:4:4:0:1:1:4:,clone,11560.82811032859,4:4:3:4:4:0:1:1:4
2:3:4:4:4:4:3:4:2:,recombination,12489.659843945874,4:4:4:4:4:3:2:4:4,2:3:4:4:2:3:4:4:2
1:2:4:3:2:4:4:4:1:,recombination,11794.49486191869,3:4:4:4:4:1:2:3:3,1:3:4:4:3:3:3:4:1
1:2:4:3:2:3:4:4:1:,recombination,11154.481845295135,1:3:4:4:3:3:4:4:1,4:3:4:4:4:2:2:4:4,MUTATE
4:4:3:4:4:2:2:3:4:,clone,11658.983597629864,4:4:3:4:4:1:2:3:4
2:3:4:4:3:4:3:4:1:,recombination,12788.11342932008,4:4:3:4:4:1:2:4:4,2:2:4:3:1:4:4:4:1,MUTATE
1:2:4:3:1:4:4:4:0:,clone,12312.42572049411,1:2:4:2:1:4:4:4:0
1:2:4:1:0:4:4:4:0:,clone,12233.970878366623,1:2:4:1:0:4:4:4:0
1:2:4:1:0:4:4:4:0:,clone,12104.476786920719,1:2:4:1:0:4:4:4:0
2:3:4:3:1:4:4:4:1:,recombination,12582.213272593239,3:4:4:4:4:2:3:4:3,1:2:4:2:1:4:4:4:0
1:2:4:3:2:4:4:4:1:,recombination,11778.530735499895,1:2:4:3:2:3:4:4:1,2:2:4:4:4:2:3:4:1,MUTATE
1:2:4:3:2:4:4:4:1:,recombination,11663.517762907604,1:2:4:3:2:4:4:4:1,1:2:4:3:2:4:4:4:1,MUTATE
2:2:4:3:3:3:4:4:1:,recombination,11773.77492943676,4:4:4:4:4:3:3:4:4,2:3:4:4:4:2:2:3:2,MUTATE
1:2:4:3:1:3:4:4:0:,recombination,12571.307760299367,1:3:4:2:1:4:4:4:1,1:2:4:4:2:4:4:4:1,MUTATE
0:2:4:2:0:4:4:4:0:,recombination,13514.302049984468,2:3:4:4:4:2:3:3:2,1:3:4:4:3:3:3:4:1,MUTATE
1:2:4:3:1:3:4:4:0:,clone,12340.416098265454,1:2:4:3:1:3:4:4:0
2:3:4:4:3:4:3:4:1:,clone,12456.552502731553,2:3:4:4:3:4:3:4:1
2:2:4:4:3:3:4:4:2:,recombination,12624.570812429693,1:2:4:2:1:4:4:4:0,4:4:4:4:4:1:1:4:4
2:3:4:4:3:4:3:4:2:,recombination,12220.640975819946,2:3:4:4:4:2:3:2:3,4:4:4:4:4:3:2:4:4
1:2:4:1:0:4:4:4:0:,clone,12085.850679554987,1:2:4:1:0:4:4:4:0
2:3:4:4:3:4:3:4:1:,clone,12323.223308655715,2:3:4:4:3:4:3:4:1
1:2:4:1:0:4:4:4:0:,clone,11979.638830836815,1:2:4:1:0:4:4:4:0
1:2:4:3:1:4:4:4:1:,clone,11876.34093514574,1:2:4:3:1:4:4:4:1
1:2:4:3:1:4:4:4:1:,clone,11728.434664707156,1:2:4:3:1:4:4:4:1
1:2:4:2:1:4:4:4:0:,clone,11722.291693949395,1:2:4:2:1:4:4:4:0
1:2:4:3:1:4:4:4:0:,recombination,11816.264890359867,1:2:4:3:1:4:4:4:1,4:4:4:4:4:1:2:2:4,MUTATE
1:2:4:1:0:4:4:4:0:,clone,11782.126706655728,1:2:4:1:0:4:4:4:0
2:2:4:4:3:4:4:4:1:,recombination,12449.99990015505,4:4:4:4:4:3:2:4:4,2:3:4:4:4:1:2:3:2,MUTATE
2:2:4:4:3:4:3:4:1:,clone,12267.220687132285,2:2:4:4:3:4:3:4:1
2:3:4:4:3:4:4:4:1:,clone,12220.640975819946,2:3:4:4:3:4:3:4:2
0:2:4:1:0:4:4:4:0:,recombination,12078.804848463671,4:4:3:4:4:2:2:3:4,1:2:4:1:0:4:4:4:0
2:2:4:4:3:4:3:4:1:,clone,12234.918827059448,2:2:4:4:3:4:3:4:1
2:2:4:4:3:4:4:4:1:,clone,12431.199051681035,2:2:4:4:3:4:4:4:1
2:2:4:4:3:4:4:4:1:,recombination,12395.543069520963,4:4:3:4:4:2:2:4:4,2:2:4:3:2:4:4:4:1,MUTATE
1:2:4:4:4:3:3:4:1:,recombination,12019.239966735155,1:3:4:4:4:2:3:3:1,3:3:4:4:4:2:3:4:3,MUTATE
2:3:4:3:2:4:4:4:1:,recombination,12061.123515934778,1:2:4:3:2:3:4:4:1,2:2:4:4:3:4:4:4:1
2:2:4:4:2:3:4:4:2:,clone,13320.813339010749,2:2:4:4:2:3:4:4:2
1:3:4:4:2:4:4:4:1:,clone,15175.333417945845,1:2:4:4:2:4:4:4:1
1:2:4:3:2:4:4:4:0:,recombination,12102.138900217033,2:2:4:4:4:3:3:4:1,4:4:3:4:4:1:2:4:4
1:3:4:2:0:4:4:4:1:,recombination,14146.065832323182,3:4:4:4:4:2:3:4:3,1:3:4:4:3:3:4:4:1
4:4:1:4:4:0:0:0:4:,clone,11904.47593742377,0:2:4:1:0:4:4:4:0
4:4:2:4:4:1:1:1:4:,clone,12334.467744635613,4:4:2:4:4:0:0:1:4
4:4:1:4:4:0:0:0:4:,clone,11653.078819764602,4:4:1:4:4:0:0:0:4
4:4:2:4:4:0:0:0:4:,recombination,11724.309289924093,2:2:4:3:2:3:4:4:1,1:2:4:3:2:4:4:4:1
4:4:2:4:4:1:1:2:4:,recombination,11688.209712978352,2:3:4:4:4:1:2:2:2,2:2:4:3:2:3:4:4:1
4:4:2:4:4:0:0:0:4:,clone,11378.091547331858,4:4:2:4:4:0:0:0:4
4:4:2:4:4:1:1:1:4:,clone,11568.030654455719,4:4:2:4:4:0:0:1:4
4:4:2:4:4:0:0:1:4:,clone,11378.091547331858,4:4:2:4:4:0:0:1:4
0:2:4:2:0:4:4:4:0:,recombination,13424.271535378202,2:3:4:4:3:3:4:4:2,1:2:4:2:1:4:4:4:0
0:2:4:2:0:4:4:4:0:,clone,13364.427775028851,0:2:4:2:0:4:4:4:0
4:4:3:4:4:0:1:1:4:,clone,11220.861015676206,4:4:3:4:4:0:1:1:4
2:3:4:2:1:4:4:4:1:,clone,13397.231333513839,2:3:4:2:1:4:4:4:1
1:2:4:4:3:3:4:4:1:,recombination,12014.68542035515,3:4:4:4:4:1:1:1:3,0:1:4:1:0:4:4:4:0
2:3:4:4:3:4:4:4:2:,clone,12705.1020575968,2:3:4:4:3:4:4:4:2
2:3:4:4:2:3:4:4:1:,recombination,13020.147571781792,3:3:4:4:4:3:3:4:2,2:3:4:4:3:3:3:4:2,MUTATE
1:1:4:1:0:4:4:4:0:,recombination,13132.370259482528,2:3:4:4:4:2:3:3:2,4:4:3:4:4:1:1:3:4,MUTATE
1:2:4:4:2:4:4:4:1:,clone,14987.273237338191,1:2:4:4:2:4:4:4:1
2:2:4:4:3:4:4:4:2:,clone,12916.956464610677,2:2:4:4:3:4:4:4:2
4:4:4:4:4:2:1:3:4:,clone,11746.159079400659,4:4:4:4:4:2:1:3:4
2:2:4:4:3:3:4:4:2:,clone,12416.247869968243,2:2:4:4:3:3:4:4:2
2:3:4:4:3:4:4:4:2:,recombination,12549.819360853435,4:4:4:4:4:0:1:2:4,2:2:4:4:3:4:4:4:2
2:2:4:3:2:4:4:4:1:,recombination,12069.80067484118,3:3:4:4:4:2:2:3:3,2:3:4:4:4:2:3:4:2,MUTATE
2:2:4:3:2:4:4:4:1:,recombination,11984.01508642127,2:3:4:4:4:2:2:2:3,3:3:4:4:4:1:2:4:3,MUTATE
1:2:4:4:2:4:4:4:1:,clone,14898.140289555784,1:2:4:4:2:4:4:4:1
2:3:4:4:2:3:4:4:1:,recombination,12927.993860436527,4:4:1:4:4:0:0:1:4,3:4:4:4:4:1:1:2:3
4:4:3:4:4:1:2:4:4:,clone,11948.372326915613,4:4:3:4:4:1:2:3:4
0:2:4:2:0:4:4:4:0:,clone,13260.14440000902,1:2:4:1:0:4:4:4:0
1:2:4:4:2:3:4:4:1:,clone,12990.797460849582,2:2:4:4:4:3:3:4:1
1:2:4:4:2:3:4:4:1:,clone,12986.582825414156,1:2:4:4:2:3:4:4:1
1:2:4:4:2:3:4:4:1:,recombination,12896.118006200384,1:2:4:4:2:3:4:4:1,4:4:1:4:4:0:0:0:4,MUTATE
0:2:4:1:0:4:4:4:0:,recombination,12035.246774317975,3:3:4:4:4:2:2:4:3,4:4:3:4:4:1:1:3:4
1:3:4:4:3:4:4:4:1:,clone,14251.230369284298,1:3:4:4:3:4:4:4:1
2:2:4:4:2:3:4:4:1:,recombination,12947.99766004608,3:4:4:4:4:1:2:1:4,3:4:4:4:4:2:2:4:3,MUTATE
0:2:4:1:0:4:4:4:0:,recombination,11914.415268875568,3:3:4:4:4:2:2:4:3,4:4:3:4:4:1:2:3:4,MUTATE
2:3:4:4:2:4:4:4:2:,recombination,13034.249410907863,3:3:4:4:4:3:3:4:2,4:4:2:4:4:1:1:4:4
0:2:4:2:0:4:4:4:0:,clone,12786.637037158947,1:2:4:2:0:4:4:4:0
1:2:4:2:0:4:4:4:1:,clone,13377.092588319383,1:2:4:2:0:4:4:4:0
1:3:4:4:3:3:3:4:1:,recombination,11436.972566835339,1:2:4:4:3:3:4:4:1,1:3:4:4:2:3:4:4:1
0:2:4:2:1:4:4:4:0:,clone,12672.686122579085,0:2:4:2:0:4:4:4:0
2:2:4:4:3:3:3:4:1:,clone,11072.236372968087,2:2:4:4:3:3:3:4:1
4:4:4:4:4:0:0:0:4:,clone,10383.994579124019,0:2:4:1:0:4:4:4:0
3:3:4:4:4:4:3:4:2:,recombination,13803.644447457411,4:3:4:4:4:3:3:4:3,4:3:4:4:4:2:2:4:4
4:4:4:4:4:0:0:0:4:,recombination,9848.026107694563,3:3:4:4:4:3:3:3:3,2:3:4:4:3:3:4:4:1,MUTATE
4:4:4:4:4:0:0:0:4:,clone,9511.364202959068,4:4:4:4:4:0:0:0:4
4:4:4:4:4:0:0:0:4:,recombination,9451.577561305689,2:3:4:4:4:1:2:2:3,4:4:4:4:4:0:0:0:4
2:3:4:4:2:4:4:4:1:,recombination,12932.476358443379,4:4:3:4:4:2:2:4:4,4:4:3:4:4:1:1:1:4
2:2:4:4:3:4:4:4:1:,recombination,12358.10268298042,0:2:4:1:0:4:4:4:0,4:4:3:4:4:3:2:4:4,MUTATE
4:4:3:4:4:0:0:1:4:,clone,10065.382976427618,4:4:4:4:4:0:0:1:4
4:4:3:4:4:0:1:1:4:,clone,11072.464918759244,4:4:3:4:4:0:0:1:4
1:3:4:4:2:4:4:4:1:,recombination,13638.732240107225,2:3:4:4:4:3:3:2:2,1:2:4:4:3:2:3:3:1,MUTATE
0:2:4:2:0:4:4:4:0:,recombination,12399.018433478383,3:4:4:4:4:1:2:3:3,2:2:4:4:3:3:4:4:1,MUTATE
0:2:4:2:1:4:4:4:0:,recombination,12599.22105499693,4:4:4:4:4:1:1:2:4,2:2:4:4:4:3:3:3:2,MUTATE
3:3:4:4:3:3:3:4:3:,recombination,13454.434702872799,3:3:4:4:4:2:2:3:3,1:2:4:4:4:3:3:3:1,MUTATE
3:4:4:4:4:1:1:3:4:,clone,10143.229470379092,4:4:4:4:4:1:1:2:4
2:2:4:3:2:4:4:4:2:,recombination,13299.46301913092,4:4:2:4:4:0:0:1:4,2:3:4:4:4:2:3:2:3
3:4:4:4:4:1:1:3:4:,clone,10103.253715233504,3:4:4:4:4:1:1:3:4
1:3:4:4:3:4:4:4:1:,recombination,13260.366415628772,3:3:4:4:4:3:3:3:3,2:3:4:4:4:1:1:1:3,MUTATE
1:2:4:4:2:4:4:4:1:,recombination,13435.153355136892,4:4:2:4:4:0:0:1:4,2:3:4:4:4:1:1:2:3,MUTATE
1:2:4:4:2:4:4:4:1:,clone,13311.159570514956,1:2:4:4:2:4:4:4:1
1:2:4:4:2:4:4:4:1:,clone,13297.629448783795,1:2:4:4:2:4:4:4:1
2:2:4:4:2:4:4:4:2:,recombination,13846.236849963567,4:4:3:4:4:2:1:4:4,2:3:4:4:3:4:3:4:1
0:1:4:2:0:4:4:4:0:,recombination,13001.92438795865,3:3:4:4:4:1:2:2:3,1:2:4:3:2:4:4:4:0
2:2:4:4:2:4:4:4:1:,clone,12933.306587950832,2:3:4:4:3:3:4:4:1
1:1:4:1:0:4:4:4:0:,recombination,13035.828523276632,3:3:4:4:4:3:3:4:3,3:3:4:4:4:1:1:1:3,MUTATE
0:1:4:2:0:4:4:4:0:,clone,12972.461537789133,1:2:4:2:1:4:4:4:0
2:2:4:2:1:4:4:4:1:,recombination,12754.92621640298,4:4:2:4:4:2:1:4:4,1:2:4:4:4:3:3:4:1
4:4:4:4:4:1:1:3:4:,recombination,10518.189037977516,3:3:4:4:4:2:3:3:3,1:3:4:4:3:3:3:4:1
0:1:4:2:0:4:4:4:0:,clone,12801.26495741433,0:1:4:2:0:4:4:4:0
2:3:4:3:2:3:4:4:1:,recombination,11756.024110775099,0:2:4:2:0:4:4:4:0,4:4:3:4:4:0:0:1:4,MUTATE
1:2:4:3:2:4:4:4:0:,recombination,12011.567567694112,1:2:4:3:2:4:4:4:1,1:2:4:3:2:3:4:4:0,MUTATE
2:3:4:4:3:4:3:4:1:,recombination,12178.225345979325,1:2:4:4:3:3:4:4:1,3:3:4:4:4:3:3:3:3
2:3:4:3:3:3:4:4:1:,recombination,11769.08428905578,1:2:4:4:4:2:3:4:1,2:2:4:4:3:3:3:4:1
2:3:4:4:3:2:3:4:1:,recombination,11301.77024515637,4:4:4:4:4:0:1:1:4,3:3:4:4:4:1:2:1:3
4:4:2:4:4:0:0:0:4:,clone,11084.280285609551,0:2:4:1:0:4:4:4:0
4:4:2:4:4:0:0:0:4:,recombination,10339.444745154777,3:3:4:4:4:2:3:4:3,2:3:4:4:4:3:3:3:2,MUTATE
2:2:4:4:3:3:4:4:2:,recombination,12347.346069886022,1:2:4:3:1:3:4:4:0,2:3:4:3:2:3:4:4:1,MUTATE
4:4:3:4:4:0:1:1:4:,recombination,10688.18618603226,4:4:2:4:4:0:0:0:4,2:3:4:3:3:3:4:4:1
2:2:4:3:1:4:4:4:1:,clone,12484.671260104213,2:2:4:3:1:4:4:4:1
1:2:4:4:2:3:4:4:1:,clone,12763.019494351285,1:2:4:4:2:3:4:4:1
1:2:4:4:2:4:4:4:1:,recombination,13010.112367856524,3:3:4:4:4:2:3:3:3,1:2:4:1:0:4:4:4:0
1:2:4:4:2:4:4:4:1:,clone,12949.16723355782,1:2:4:4:2:4:4:4:1
1:2:4:4:2:4:4:4:1:,clone,12949.167233557819,1:2:4:4:2:4:4:4:1
2:3:4:3:2:3:4:4:2:,clone,12428.271707483,2:3:4:3:2:3:4:4:2
2:2:4:4:3:4:4:4:1:,recombination,12326.591871521132,2:3:4:4:3:3:3:4:2,2:3:4:3:2:3:4:4:1,MUTATE
1:2:4:4:2:4:4:4:1:,recombination,12840.318619378293,4:4:4:4:4:1:1:3:4,1:2:4:4:2:4:4:4:1
4:3:4:4:4:2:3:4:3:,clone,12655.164554126164,4:3:4:4:4:2:3:4:3
2:3:4:4:2:3:4:4:1:,clone,12894.415850276868,2:3:4:4:2:3:4:4:1
4:4:3:4:4:1:1:1:4:,recombination,11398.8300115901,4:4:4:4:4:1:2:2:4,2:2:4:4:4:3:3:3:2
2:3:4:4:2:3:4:4:2:,clone,12953.061011690783,2:3:4:4:2:3:4:4:2
4:4:3:4:4:1:1:1:4:,recombination,11121.098433428662,0:2:4:1:0:4:4:4:0,2:3:4:4:4:2:2:3:2
4:4:3:4:4:1:1:2:4:,recombination,11014.549988972563,3:3:4:4:4:3:3:4:3,1:2:4:2:1:4:4:4:0,MUTATE
4:4:3:4:4:1:1:2:4:,clone,10927.154347986572,4:4:3:4:4:1:1:2:4
4:4:3:4:4:1:1:2:4:,recombination,10878.973771170984,3:3:4:4:4:2:2:3:3,3:3:4:4:4:2:2:4:3
2:2:4:3:3:3:3:4:1:,recombination,11168.768665265032,1:2:4:3:1:4:4:4:1,3:3:4:4:4:3:3:4:3,MUTATE
2:2:4:3:2:3:4:4:1:,clone,11026.978770401243,2:2:4:3:2:3:4:4:1
2:3:4:4:2:4:4:4:2:,recombination,12911.717537555713,2:2:4:4:2:4:4:4:1,2:3:4:4:4:3:3:3:2,MUTATE
0:1:4:1:0:4:4:4:0:,recombination,12262.013639828689,0:2:4:1:0:4:4:4:0,4:4:3:4:4:1:1:3:4,MUTATE
4:4:3:4:4:0:0:2:4:,clone,11311.31059722359,4:4:3:4:4:0:0:2:4
4:4:3:4:4:0:0:2:4:,clone,11127.366698626307,4:4:3:4:4:0:0:2:4
4:4:3:4:4:0:1:2:4:,clone,10685.208195683454,4:4:3:4:4:0:1:2:4
3:3:4:4:3:3:3:4:3:,recombination,12959.830675726827,1:2:4:2:0:4:4:4:0,4:4:4:4:4:1:1:1:4
4:4:4:4:4:2:3:4:4:,clone,12012.404866839264,4:4:4:4:4:2:3:4:4
4:4:4:4:4:2:3:4:4:,clone,11991.043369580646,4:4:4:4:4:2:3:4:4
2:2:4:2:1:4:4:4:1:,recombination,12652.294708613997,1:2:4:4:2:3:4:4:1,0:2:4:1:0:4:4:4:0,MUTATE
0:1:4:1:0:4:4:4:0:,recombination,12229.304224860147,3:4:4:4:4:1:2:2:4,4:4:4:4:4:3:2:4:4,MUTATE
0:1:4:1:0:4:4:4:0:,clone,12108.397763366636,0:1:4:1:0:4:4:4:0
1:2:4:2:1:3:4:4:0:,recombination,11980.222424690937,2:2:4:4:3:3:4:4:1,1:2:4:4:2:4:4:4:1
1:2:4:2:1:4:4:4:0:,recombination,11563.78256767807,1:2:4:3:1:4:4:4:1,1:2:4:4:2:4:4:4:1
1:2:4:2:1:4:4:4:0:,clone,11448.907534150158,1:2:4:2:1:4:4:4:0
1:2:4:2:1:4:4:4:0:,clone,11448.907534150156,1:2:4:2:1:4:4:4:0
4:4:2:4:4:0:0:0:4:,clone,10187.876282063851,0:2:4:1:0:4:4:4:0
4:4:2:4:4:0:0:0:4:,clone,9893.65136808081,4:4:2:4:4:0:0:0:4
4:4:2:4:4:0:0:0:4:,clone,9552.406363309574,4:4:2:4:4:0:0:0:4
4:4:3:4:4:1:1:1:4:,clone,11116.574811924937,4:4:3:4:4:1:1:1:4
4:4:3:4:4:0:1:1:4:,recombination,10453.161502967825,3:3:4:4:4:2:3:3:3,4:4:4:4:4:2:2:4:4
4:4:2:4:4:0:0:2:4:,clone,10751.021345557963,4:4:2:4:4:0:0:2:4
4:4:3:4:4:1:1:2:4:,recombination,10408.115520810361,1:3:4:3:2:4:4:4:1,3:3:4:4:4:1:1:2:3
4:4:2:4:4:0:0:1:4:,recombination,10318.817076616577,3:4:4:4:4:1:1:2:3,2:3:4:4:4:1:2:3:2,MUTATE
4:4:3:4:4:0:0:1:4:,recombination,10042.451776764343,3:3:4:4:4:3:3:4:3,2:2:4:4:3:4:4:4:1,MUTATE
4:4:3:4:4:0:1:1:4:,clone,10420.716273134147,4:4:3:4:4:0:0:1:4
4:4:3:4:4:1:1:2:4:,clone,10304.540983420293,4:4:3:4:4:1:1:2:4
4:4:3:4:4:0:0:1:4:,clone,9878.24691593979,4:4:3:4:4:0:0:1:4
4:4:3:4:4:0:0:1:4:,clone,9876.87437594405,4:4:3:4:4:0:0:1:4
4:4:3:4:4:0:1:1:4:,clone,10143.965917309182,4:4:3:4:4:0:1:1:4
4:4:3:4:4:0:1:1:4:,recombination,9756.247344834315,2:3:4:4:3:3:4:4:2,3:3:4:4:4:3:3:4:3,MUTATE
4:4:3:4:4:0:1:1:4:,clone,9732.231866128315,4:4:3:4:4:0:1:1:4
4:4:3:4:4:0:1:1:4:,clone,9591.050536370114,4:4:3:4:4:0:1:1:4
4:4:3:4:4:0:0:1:4:,clone,9744.40115237393,4:4:3:4:4:0:0:1:4
4:4:3:4:4:1:1:3:4:,recombination,10404.829323459842,4:4:3:4:4:0:1:1:4,2:3:4:4:4:2:2:2:2,MUTATE
4:4:3:4:4:0:1:1:4:,clone,9392.741390737687,4:4:3:4:4:0:1:1:4
4:4:3:4:4:0:1:2:4:,clone,9685.061794337586,4:4:3:4:4:0:1:1:4
4:4:3:4:4:0:1:2:4:,clone,9563.06222323211,4:4:3:4:4:0:1:2:4
4:4:3:4:4:1:1:2:4:,clone,9684.233248428749,4:4:3:4:4:0:1:2:4
4:4:4:4:4:1:1:3:4:,clone,10258.744090619739,4:4:4:4:4:1:1:3:4
4:4:4:4:4:1:1:3:4:,clone,10025.691414305062,4:4:4:4:4:1:1:2:4
4:4:4:4:4:1:1:3:4:,recombination,10013.920535281997,4:4:4:4:4:1:1:3:4,1:2:4:1:0:4:4:4:0,MUTATE
4:4:4:4:4:1:1:3:4:,clone,9834.99743590578,4:4:4:4:4:1:1:2:4
3:3:4:4:4:1:2:3:4:,clone,10138.90688850415,4:4:4:4:4:1:1:3:4
4:4:4:4:4:1:2:3:4:,clone,10026.979240732117,4:4:4:4:4:1:2:3:4
3:3:4:4:4:1:2:3:4:,clone,9978.031479593681,3:3:4:4:4:1:2:3:4
3:4:4:4:4:1:2:3:4:,clone,10102.3164935278,3:3:4:4:4:1:2:3:4
4:4:3:4:4:1:0:1:4:,clone,11835.627221207173,4:4:3:4:4:1:0:1:4
1:2:4:2:1:3:4:4:1:,recombination,11650.919041493687,3:4:4:4:4:1:2:3:3,4:4:0:4:4:0:0:0:4,MUTATE
1:1:4:1:0:4:4:4:0:,clone,12424.94360078233,1:1:4:1:0:4:4:4:0
2:2:4:4:2:4:4:4:2:,clone,12959.141169896322,2:3:4:4:3:3:4:4:2
2:2:4:3:2:4:4:4:2:,clone,12841.866730968026,2:2:4:3:2:4:4:4:2
3:3:4:4:4:4:3:4:2:,recombination,13691.388877406833,2:3:4:4:4:2:2:2:2,3:3:4:4:4:2:3:3:3
3:3:4:4:4:4:3:4:2:,recombination,13087.564398502374,3:3:4:4:4:4:3:4:2,2:2:4:4:4:3:3:3:2,MUTATE
4:4:3:4:4:1:1:1:4:,clone,11072.66502857402,4:4:3:4:4:1:1:1:4
4:4:3:4:4:1:2:2:4:,clone,11312.099054879678,4:4:3:4:4:1:2:2:4
3:3:4:4:3:4:3:4:2:,clone,13908.401220345422,3:3:4:4:3:4:3:4:2
3:3:4:4:3:4:3:4:2:,recombination,13813.238398070069,2:3:4:4:4:2:2:2:3,0:2:4:1:0:4:4:4:0,MUTATE
3:3:4:4:3:4:3:4:2:,clone,13206.925770277514,2:3:4:4:3:4:3:4:2
4:4:2:4:4:1:1:1:4:,recombination,11300.22193245171,4:4:3:4:4:1:2:3:4,3:3:4:4:4:2:2:4:3
4:4:2:4:4:0:1:1:4:,clone,11599.445417287972,4:4:2:4:4:0:1:1:4
4:4:2:4:4:0:1:1:4:,clone,11593.624613205959,4:4:2:4:4:0:1:1:4
3:3:4:4:4:4:3:4:3:,clone,13471.605397484556,3:3:4:4:4:4:3:4:3
3:4:4:4:4:3:2:4:3:,clone,12346.18591744757,3:4:4:4:4:3:3:4:3
2:2:4:4:2:3:4:4:2:,recombination,13184.319191325738,4:3:4:4:4:3:3:4:3,2:2:4:4:3:3:3:4:1
4:4:3:4:4:1:0:1:4:,recombination,10144.3429935007,4:4:4:4:4:2:2:2:4,4:4:1:4:4:0:0:0:4
4:4:2:4:4:1:0:2:4:,recombination,10798.611854278766,2:2:4:4:3:3:3:4:2,2:2:4:3:2:3:4:4:2,MUTATE
3:3:4:4:4:3:2:4:3:,recombination,11927.587072065535,3:3:4:4:4:2:3:4:3,1:2:4:3:3:3:3:4:1,MUTATE
4:3:4:4:4:3:3:4:4:,clone,13038.766054361142,4:3:4:4:4:3:3:4:4
2:2:4:4:2:3:4:4:1:,recombination,12774.657733659958,2:3:4:4:4:2:3:3:2,1:2:4:4:2:3:4:4:1,MUTATE
2:2:4:3:3:3:4:4:2:,recombination,11949.899175327448,3:3:4:4:4:2:3:4:2,4:4:4:4:4:1:2:3:4,MUTATE
4:4:3:4:4:1:2:4:4:,recombination,11505.570087194801,4:4:4:4:4:1:1:3:4,2:2:4:4:4:2:3:4:2
3:3:4:4:4:2:2:4:2:,recombination,11705.174264068995,1:2:4:4:2:4:4:4:1,4:4:1:4:4:0:0:0:4
3:3:4:4:3:3:3:4:2:,recombination,12260.040861680734,1:2:4:3:1:3:4:4:0,3:3:4:4:4:2:2:3:3
2:3:4:3:2:3:4:4:2:,recombination,12410.276954113493,1:2:4:4:3:2:3:4:1,2:3:4:4:4:2:3:3:2
2:2:4:4:3:3:4:4:2:,clone,12270.881971999466,2:2:4:4:3:3:4:4:2
2:2:4:4:2:3:4:4:2:,clone,13039.40491056009,2:2:4:4:3:3:4:4:2
2:2:4:4:2:3:4:4:1:,clone,12744.296262467235,2:2:4:4:2:3:4:4:1
2:3:4:3:3:3:4:4:2:,clone,12157.417027406222,2:3:4:3:3:3:4:4:2
2:3:4:4:2:3:4:4:2:,recombination,12835.28877084184,3:3:4:4:3:3:3:4:2,4:4:4:4:4:2:2:3:4,MUTATE
2:3:4:4:3:4:4:4:2:,recombination,12457.915246906103,4:4:3:4:4:1:1:2:4,2:3:4:4:3:3:3:4:2,MUTATE
2:3:4:3:2:3:4:4:2:,clone,12383.293211221067,2:3:4:4:3:3:4:4:2
2:3:4:4:2:4:4:4:1:,recombination,12818.037642647498,2:2:4:4:3:3:4:4:1,2:2:4:4:4:3:3:3:2
2:2:4:3:2:4:4:4:2:,recombination,12671.400146094895,4:4:3:4:4:0:1:1:4,2:2:4:4:3:3:3:4:2,MUTATE
4:4:3:4:4:2:2:3:4:,clone,11656.538345171079,4:4:3:4:4:2:2:3:4
2:2:4:2:1:4:4:4:1:,recombination,12326.09120507538,2:3:4:4:2:3:4:4:2,2:2:4:4:2:4:4:4:2,MUTATE
1:2:4:4:3:3:4:4:1:,clone,11949.134344745202,1:2:4:4:3:3:4:4:1
4:4:4:4:4:2:2:4:3:,clone,12079.359118782986,3:4:4:4:4:2:3:4:3
3:3:4:4:3:4:4:4:2:,recombination,13417.060055951188,0:2:4:1:0:4:4:4:0,1:2:4:2:1:4:4:4:1,MUTATE
3:3:4:4:3:4:4:4:2:,clone,13355.51060416197,3:3:4:4:3:4:4:4:2
1:3:4:3:1:4:4:4:1:,recombination,12922.027122128642,1:3:4:4:3:3:3:4:1,3:3:4:4:4:2:2:4:3,MUTATE
4:4:4:4:4:2:3:4:3:,recombination,12454.374854379388,1:2:4:3:2:3:4:4:1,3:4:4:4:4:1:2:4:3,MUTATE
0:2:4:1:0:4:4:4:0:,clone,11893.076996116351,0:2:4:1:0:4:4:4:0
0:2:4:1:0:4:4:4:0:,recombination,11799.412386215356,0:2:4:1:0:4:4:4:0,3:4:4:4:4:2:2:3:3
2:2:4:4:3:3:3:4:2:,recombination,11079.12100182643,2:3:4:4:4:1:2:2:3,3:3:4:4:4:2:3:3:3
4:3:4:4:4:2:3:4:3:,clone,12494.479470451672,4:3:4:4:4:2:3:4:3
4:3:4:4:4:2:3:4:3:,clone,12296.829049173342,4:3:4:4:4:2:3:4:3
2:3:4:4:2:4:4:4:2:,clone,12854.565792068574,2:3:4:4:2:4:4:4:2
2:2:4:4:3:3:4:4:1:,clone,12016.626474376235,2:2:4:3:3:3:3:4:1
1:1:4:2:0:4:4:4:0:,clone,13559.813288277068,1:1:4:2:0:4:4:4:0
2:2:4:4:3:3:4:4:1:,recombination,11999.626885749285,3:3:4:4:4:2:3:4:2,3:3:4:4:4:2:2:4:3
1:2:4:2:1:4:4:4:1:,clone,11760.290013304773,1:2:4:2:1:4:4:4:1
1:3:4:3:1:3:4:4:1:,clone,13447.689344049933,1:3:4:3:1:3:4:4:1
4:4:1:4:4:0:0:0:4:,clone,10450.452522212881,0:1:4:1:0:4:4:4:0
4:3:4:4:4:3:3:4:4:,recombination,12672.926195141381,4:4:3:4:4:1:0:1:4,4:4:2:4:4:1:1:2:4,MUTATE
4:4:2:4:4:0:1:2:4:,clone,11206.03057515602,4:4:2:4:4:0:0:1:4
4:4:3:4:4:1:1:1:4:,recombination,10584.55379009944,1:2:4:2:1:4:4:4:0,3:3:4:4:4:1:2:1:3
4:3:4:4:4:2:2:4:4:,recombination,11271.831505771717,4:4:3:4:4:1:1:2:4,1:2:4:2:1:4:4:4:0,MUTATE
4:4:3:4:4:1:1:4:4:,recombination,12199.090435623219,2:2:4:4:4:3:3:3:2,1:2:4:2:1:4:4:4:1
1:1:4:1:0:4:4:4:0:,clone,12406.978606953608,1:1:4:1:0:4:4:4:0
1:3:4:3:1:3:4:4:1:,clone,13173.311310626337,1:2:4:2:1:4:4:4:1
1:3:4:3:2:4:4:4:1:,recombination,12274.703171782388,2:3:4:4:2:4:4:4:1,1:2:4:4:4:2:3:3:1
1:2:4:4:3:3:3:4:1:,clone,10812.686521883474,1:2:4:4:3:3:3:4:1
2:2:4:4:3:3:3:4:1:,recombination,11031.988121064509,4:4:4:4:4:2:2:2:4,0:2:4:1:0:4:4:4:0
2:2:4:3:3:3:4:4:1:,clone,11703.56362961248,2:2:4:4:3:3:3:4:1
2:3:4:4:4:3:3:4:2:,clone,10888.3599193156,3:3:4:4:4:3:3:4:2
1:2:4:2:1:4:4:4:1:,clone,11696.31644669336,1:2:4:2:1:4:4:4:1
2:2:4:3:2:4:4:4:1:,clone,11887.578018603514,2:2:4:3:2:4:4:4:1
1:2:4:3:2:4:4:4:1:,recombination,11658.375324250388,2:2:4:3:2:4:4:4:1,4:4:3:4:4:2:2:4:4,MUTATE
1:1:4:2:0:4:4:4:0:,clone,12618.244713298986,1:1:4:2:0:4:4:4:0
0:2:4:2:0:4:4:4:0:,recombination,12212.857889573103,2:3:4:4:3:4:3:4:2,2:3:4:4:4:0:1:1:2
4:4:4:4:4:3:3:4:4:,clone,12255.77874489119,4:4:4:4:4:3:3:4:4
4:4:4:4:4:3:3:4:4:,clone,12200.709242573625,4:4:4:4:4:3:3:4:4
3:3:4:4:3:3:3:4:2:,clone,11770.268729042757,3:3:4:4:3:3:3:4:2
2:3:4:4:3:3:4:4:2:,clone,12131.051369466828,2:3:4:4:3:3:4:4:2
2:3:4:4:3:3:4:4:2:,recombination,12005.982233779521,0:2:4:1:0:4:4:4:0,4:4:4:4:4:3:3:4:4
2:3:4:3:2:4:4:4:2:,recombination,11806.272536816208,0:2:4:1:0:4:4:4:0,2:3:4:4:4:1:2:2:2
2:3:4:4:3:4:3:4:2:,recombination,12100.48754458838,0:2:4:1:0:4:4:4:0,4:4:4:4:4:1:2:4:4
4:3:4:4:4:3:2:4:4:,clone,13793.587328242955,4:3:4:4:4:3:2:4:4
1:2:4:1:0:4:4:4:0:,clone,11641.557650955165,1:2:4:1:0:4:4:4:0
0:2:4:1:0:4:4:4:0:,clone,11469.617624281516,0:2:4:1:0:4:4:4:0
1:2:4:2:1:3:4:4:1:,recombination,11336.091105346568,0:2:4:1:0:4:4:4:0,3:4:4:4:4:1:2:2:4,MUTATE
4:4:3:4:4:1:2:4:4:,clone,11399.886879743779,4:4:3:4:4:1:2:4:4
2:3:4:3:2:3:4:4:2:,recombination,11998.447408739283,4:4:2:4:4:1:0:2:4,1:2:4:1:0:4:4:4:0
2:3:4:4:2:3:4:4:1:,clone,12874.165510765328,2:3:4:4:2:3:4:4:1
2:3:4:3:3:3:4:4:2:,recombination,12064.146052963237,2:2:4:4:4:3:3:4:1,1:2:4:1:0:4:4:4:0
4:4:4:4:4:2:2:4:4:,recombination,10686.011184512505,4:4:3:4:4:0:1:1:4,4:4:3:4:4:1:1:1:4
2:2:4:4:3:3:3:4:1:,recombination,10820.61448384203,1:2:4:4:4:2:3:3:1,4:4:4:4:4:2:2:4:4
1:2:4:3:3:3:3:4:1:,clone,10702.529387854436,1:2:4:3:3:3:3:4:1
1:3:4:4:3:3:3:4:1:,recombination,11261.357383771361,2:3:4:4:4:2:2:3:2,3:4:4:4:4:1:2:2:4,MUTATE
1:2:4:4:3:3:3:4:1:,clone,10792.897286587217,1:2:4:4:3:3:3:4:1
1:2:4:3:2:3:4:4:0:,recombination,11245.822033688868,4:4:4:4:4:2:2:3:4,4:4:4:4:4:2:2:4:4,MUTATE
1:2:4:3:2:4:4:4:0:,clone,11947.93444176568,1:2:4:2:1:4:4:4:0
0:2:4:2:1:4:4:4:0:,clone,12585.887966417988,0:2:4:2:1:4:4:4:0
0:2:4:1:0:4:4:4:0:,recombination,11348.641265357637,2:2:4:3:2:4:4:4:1,2:3:4:3:2:3:4:4:2
0:2:4:1:0:4:4:4:0:,clone,11079.889806523957,0:2:4:1:0:4:4:4:0
1:2:4:1:0:4:4:4:0:,recombination,10921.860889153673,0:2:4:1:0:4:4:4:0,3:4:4:4:4:1:2:4:3,MUTATE
4:4:4:4:4:1:0:1:4:,clone,10746.675431400363,4:4:4:4:4:1:1:1:4
4:4:4:4:4:1:0:1:4:,clone,10638.428554393668,4:4:4:4:4:1:1:1:4
1:2:4:2:0:4:4:4:1:,recombination,12688.512899731313,3:4:4:4:4:1:1:2:4,3:3:4:4:4:3:3:4:3
4:4:4:4:4:3:2:4:4:,clone,12132.334793072832,4:4:4:4:4:3:2:4:4
2:3:4:4:3:3:3:4:2:,recombination,10935.440732165602,4:4:3:4:4:0:1:1:4,3:3:4:4:4:2:3:4:3,MUTATE
2:3:4:4:4:3:3:4:2:,clone,10722.059037683835,2:3:4:4:4:2:3:4:2
2:3:4:4:4:3:3:4:2:,recombination,10719.189070507902,4:4:4:4:4:2:2:4:4,2:3:4:4:4:2:2:3:2,MUTATE
2:3:4:4:3:3:3:4:2:,recombination,10873.609970388474,3:3:4:4:4:2:2:2:3,4:4:2:4:4:0:0:0:4
2:2:4:4:3:3:3:4:2:,clone,10873.609970388474,2:3:4:4:3:3:3:4:2
2:3:4:4:3:3:3:4:2:,recombination,10701.157166919156,4:4:4:4:4:2:2:4:4,4:4:4:4:4:1:1:3:4,MUTATE
1:2:4:2:1:4:4:4:1:,clone,11496.753740805509,1:2:4:2:1:4:4:4:1
2:2:4:3:3:3:4:4:1:,recombination,11535.227552834838,2:3:4:4:2:3:4:4:2,4:4:2:4:4:0:0:2:4
2:2:4:3:3:3:4:4:1:,clone,11515.7275521248,2:2:4:3:3:3:4:4:1
3:4:4:4:4:2:3:3:3:,clone,11459.2043742339,3:4:4:4:4:2:3:3:3
1:2:4:4:3:4:4:4:1:,recombination,12544.985858092381,1:2:4:4:3:3:4:4:1,4:4:3:4:4:1:2:3:4,MUTATE
1:2:4:3:1:3:4:4:1:,clone,12136.7261868357,1:2:4:3:1:3:4:4:1
1:2:4:3:1:3:4:4:1:,clone,12095.662236477,1:2:4:3:1:3:4:4:1
1:2:4:2:0:4:4:4:0:,recombination,11764.48758637028,4:4:2:4:4:0:1:2:4,4:3:4:4:4:2:2:4:4
1:2:4:2:0:4:4:4:0:,clone,11625.161960409243,1:2:4:2:0:4:4:4:0
2:3:4:4:2:3:4:4:1:,clone,12759.92255846457,2:3:4:4:3:3:4:4:1
4:4:2:4:4:0:0:1:4:,clone,9886.852807948486,4:4:2:4:4:0:0:1:4
4:4:2:4:4:0:1:1:4:,clone,11115.087356370428,4:4:3:4:4:0:1:1:4
4:4:2:4:4:1:1:1:4:,clone,10973.512987424858,4:4:2:4:4:0:0:1:4
4:4:2:4:4:1:1:1:4:,clone,10795.415523416303,4:4:2:4:4:1:1:1:4
4:4:2:4:4:1:1:2:4:,clone,10926.602499066623,4:4:2:4:4:1:1:2:4
4:4:3:4:4:1:2:4:4:,recombination,10712.503227827885,1:2:4:1:0:4:4:4:0,3:4:4:4:4:1:1:1:4,MUTATE
0:1:4:2:1:4:4:4:0:,clone,13007.922665052747,1:1:4:2:0:4:4:4:0
4:4:3:4:4:0:0:0:4:,clone,9102.919414905795,4:4:3:4:4:0:0:0:4
4:4:3:4:4:1:1:3:4:,recombination,10137.993399216808,3:3:4:4:4:3:2:4:3,0:2:4:1:0:4:4:4:0
4:4:3:4:4:1:2:2:4:,recombination,11270.347679956916,2:3:4:4:3:4:3:4:2,4:3:4:4:4:2:3:4:4
4:4:2:4:4:0:1:1:4:,recombination,10219.87561558154,1:2:4:1:0:4:4:4:0,2:2:4:4:4:2:3:3:2
4:4:3:4:4:1:1:4:4:,clone,11259.606163109494,4:4:3:4:4:1:1:4:4
4:4:4:4:4:1:1:4:4:,clone,10991.116139933596,4:4:3:4:4:1:1:3:4
4:4:4:4:4:1:2:4:4:,recombination,10352.640917067914,3:4:4:4:4:2:2:4:3,4:4:2:4:4:0:0:1:4,MUTATE
4:4:4:4:4:1:2:4:4:,clone,10236.502835589474,4:4:4:4:4:1:2:4:4
3:4:4:4:4:2:2:4:3:,clone,10159.432656407203,3:4:4:4:4:2:2:4:3
3:3:4:4:4:1:2:4:3:,clone,10015.971538860767,3:3:4:4:4:2:2:4:3
2:3:4:4:4:2:2:4:2:,clone,9884.954716669388,2:3:4:4:4:2:2:4:2
0:2:4:2:0:4:4:4:0:,recombination,12171.724717195928,2:3:4:4:2:3:4:4:2,1:2:4:4:2:4:4:4:1,MUTATE
3:3:3:4:4:3:3:4:3:,clone,13160.821309411862,3:3:3:4:4:3:3:4:3
3:3:4:4:4:2:2:4:2:,clone,10871.695586706031,3:3:4:4:4:2:2:4:2
2:2:4:4:3:4:3:4:2:,recombination,12463.020453923,1:2:4:3:1:3:4:4:1,3:3:4:4:3:3:3:4:2,MUTATE
2:3:4:3:3:4:4:4:1:,recombination,12508.96880379234,4:3:4:4:4:2:3:4:3,3:3:4:4:4:3:3:4:2,MUTATE
4:4:1:4:4:0:0:2:4:,clone,13204.188479403689,4:4:3:4:4:0:0:1:4
4:4:1:4:4:0:0:2:4:,clone,13085.28109656502,4:4:1:4:4:0:0:2:4
4:4:1:4:4:1:1:2:4:,clone,13085.281096565022,4:4:1:4:4:1:1:2:4
4:4:1:4:4:1:1:2:4:,recombination,13077.60670807623,2:3:4:3:2:3:4:4:2,4:4:3:4:4:1:1:4:4
4:4:1:4:4:0:0:2:4:,clone,12924.258531244024,4:4:1:4:4:0:0:2:4
4:4:3:4:4:2:3:4:4:,recombination,13746.510660865782,1:2:4:3:2:4:4:4:1,2:2:4:4:3:3:3:4:1
4:4:1:4:4:0:0:2:4:,clone,12783.954442816583,4:4:1:4:4:0:0:2:4
4:4:2:4:4:1:1:4:4:,clone,12849.677350822385,4:4:2:4:4:1:1:3:4
2:2:4:4:3:3:4:4:2:,clone,12152.063369572765,2:2:4:4:3:3:4:4:2
2:2:4:3:2:3:4:4:2:,recombination,12486.035794135201,2:2:4:3:2:4:4:4:1,4:4:3:4:4:0:1:1:4,MUTATE
1:2:4:3:1:3:4:4:1:,clone,12045.659650450645,1:2:4:3:1:3:4:4:1
2:2:4:4:2:4:4:4:1:,recombination,12912.549820514787,3:4:4:4:4:1:2:2:3,4:4:4:4:4:3:3:4:4,MUTATE
4:4:2:4:4:1:1:3:4:,clone,12031.277106249012,4:4:2:4:4:1:1:3:4
4:4:2:4:4:1:1:3:4:,clone,11805.067736816123,4:4:2:4:4:1:1:3:4
4:4:4:4:4:2:3:4:3:,clone,12444.338212568908,3:3:4:4:4:2:3:4:3
1:2:4:3:2:4:4:4:1:,clone,11463.493101066762,1:2:4:3:2:4:4:4:1
1:2:4:2:1:4:4:4:0:,recombination,11419.521036001102,0:2:4:1:0:4:4:4:0,2:2:4:3:2:4:4:4:1
2:2:4:4:3:4:4:4:1:,recombination,12010.039167353863,4:4:3:4:4:1:1:4:4,4:3:4:4:4:2:2:4:4
1:2:4:2:1:4:4:4:0:,clone,11311.050705546477,1:2:4:2:1:4:4:4:0
2:2:4:4:2:4:4:4:2:,recombination,12887.434207709854,2:2:4:4:4:2:3:4:2,2:2:4:3:2:4:4:4:2
4:4:2:4:4:1:1:3:4:,clone,11733.540739111972,4:4:2:4:4:1:1:3:4
4:4:2:4:4:1:2:3:4:,clone,11620.812991325143,4:4:2:4:4:1:2:3:4
3:3:3:4:4:3:3:4:3:,recombination,12903.405349309925,2:2:4:3:3:3:3:4:1,4:4:1:4:4:0:0:1:4
3:3:3:4:4:3:3:4:3:,clone,12897.7956057559,3:3:3:4:4:3:3:4:3
2:2:4:4:2:3:4:4:2:,clone,12941.099491435712,2:2:4:4:3:3:4:4:2
2:3:4:3:3:4:4:4:1:,recombination,12329.161792753841,3:4:4:4:4:2:2:4:3,2:2:4:4:3:3:3:4:2,MUTATE
4:4:2:4:4:0:1:2:4:,clone,11171.185271519636,4:4:2:4:4:0:1:2:4
2:3:4:4:3:4:4:4:1:,clone,12015.079340898417,2:3:4:4:3:4:4:4:1
2:2:4:2:1:4:4:4:1:,recombination,12249.339213909865,3:3:4:4:4:3:3:4:3,1:2:4:1:0:4:4:4:0,MUTATE
4:4:3:4:4:1:1:1:4:,recombination,10490.866826836671,1:3:4:3:2:3:4:4:1,2:3:4:4:2:4:4:4:1,MUTATE
2:2:4:3:3:4:4:4:1:,clone,12226.868701586534,2:2:4:4:3:3:3:4:1
1:2:4:3:1:3:4:4:1:,recombination,11984.932837585258,1:2:4:4:4:2:3:4:1,2:3:4:4:4:2:3:3:2
0:1:4:2:0:4:4:4:0:,recombination,12624.308475513059,2:2:4:4:3:4:3:4:1,2:2:4:3:2:4:4:4:2
1:2:4:2:1:4:4:4:0:,recombination,11163.698958927165,1:2:4:2:0:4:4:4:1,1:1:4:1:0:4:4:4:0
0:1:4:1:0:4:4:4:0:,clone,11855.611554963652,0:2:4:1:0:4:4:4:0
1:2:4:3:2:4:4:4:0:,recombination,11795.88548869208,2:3:4:3:2:3:4:4:1,4:4:2:4:4:2:1:4:4
4:3:3:4:4:2:2:3:4:,clone,12387.573315072712,4:4:3:4:4:2:2:3:4
3:3:4:4:4:3:3:4:3:,recombination,11180.46319940944,3:3:4:4:4:1:1:1:3,4:4:2:4:4:1:1:3:4,MUTATE
1:2:4:3:1:3:4:4:1:,clone,11977.947184158938,1:2:4:3:1:3:4:4:1
1:2:4:3:1:3:4:4:1:,clone,11903.3660037373,1:2:4:3:1:3:4:4:1
1:2:4:2:1:3:4:4:0:,recombination,11396.000256045141,3:3:4:4:4:2:3:4:2,1:2:4:2:0:4:4:4:0
4:3:4:4:4:1:2:3:4:,clone,10127.395084939852,4:4:3:4:4:1:1:2:4
1:3:4:4:3:4:4:4:1:,recombination,12836.755510575487,1:3:4:2:0:4:4:4:1,2:3:4:4:4:2:3:4:1
4:3:3:4:4:1:2:4:4:,clone,11130.807342255517,4:3:3:4:4:1:2:4:4
4:4:4:4:4:0:1:3:4:,clone,11678.927719666455,4:4:3:4:4:0:1:3:4
4:3:3:4:4:2:3:4:3:,recombination,12348.636674811745,2:3:4:4:3:4:4:4:2,4:3:4:4:4:2:2:4:4
1:2:4:3:3:4:4:4:1:,recombination,12201.444264677346,2:3:4:4:2:4:4:4:1,4:4:3:4:4:0:0:0:4,MUTATE
4:3:4:4:4:2:3:4:3:,recombination,12289.454946692682,4:4:4:4:4:1:2:3:4,2:2:4:4:4:3:3:3:2
4:3:4:4:4:2:3:4:3:,clone,12227.992882384708,4:3:4:4:4:2:3:4:3
3:3:4:4:4:2:2:3:4:,recombination,10824.10977693904,4:4:2:4:4:0:0:0:4,1:2:4:2:0:4:4:4:0,MUTATE
2:2:4:4:3:3:4:4:1:,clone,11837.632940813177,2:2:4:4:3:3:4:4:1
2:3:4:3:2:3:4:4:1:,clone,11753.643281915069,2:3:4:3:2:3:4:4:1
4:4:3:4:4:1:1:1:4:,clone,10195.624350681208,4:4:3:4:4:1:1:1:4
4:4:3:4:4:1:1:1:4:,clone,10195.624350681206,4:4:3:4:4:1:1:1:4
4:4:3:4:4:1:1:1:4:,clone,10187.237314353057,4:4:3:4:4:1:1:2:4
2:2:4:3:2:3:4:4:2:,clone,12256.763489637508,2:2:4:3:2:3:4:4:2
4:3:3:4:4:2:2:4:4:,recombination,11311.800483535018,0:1:4:1:0:4:4:4:0,1:2:4:2:0:4:4:4:0,MUTATE
4:4:2:4:4:1:1:2:4:,clone,10915.744996777967,4:4:2:4:4:1:1:2:4
4:4:3:4:4:2:2:3:4:,clone,11380.052985184948,4:4:4:4:4:2:2:4:4
3:3:3:4:4:2:2:4:3:,clone,11513.399743325646,4:3:3:4:4:2:2:4:4
2:2:4:3:1:4:4:4:1:,recombination,12423.542992089819,0:2:4:1:0:4:4:4:0,1:2:4:2:1:4:4:4:0,MUTATE
3:3:4:4:3:4:3:4:2:,clone,13204.18847940369,2:3:4:4:3:3:3:4:2
2:3:4:4:2:4:4:4:2:,clone,12833.266646571381,2:3:4:4:2:4:4:4:1
1:2:4:3:3:4:4:4:1:,recombination,11986.303864693386,1:2:4:3:1:3:4:4:1,4:4:3:4:4:1:2:4:4,MUTATE
2:2:4:4:3:4:4:4:2:,clone,12767.311332963314,2:2:4:4:3:4:4:4:2
2:2:4:3:1:4:4:4:1:,recombination,12327.197640814333,4:4:4:4:4:1:2:2:4,2:3:4:3:2:3:4:4:2,MUTATE
4:4:4:4:4:2:3:3:4:,recombination,13016.333783704707,1:2:4:3:2:3:4:4:1,4:4:4:4:4:3:2:4:4
2:2:4:4:3:4:4:4:2:,recombination,12750.916953807764,4:4:4:4:4:1:2:2:4,3:3:4:4:4:2:2:4:3
2:2:4:4:3:4:4:4:2:,clone,12622.668147243741,2:3:4:4:3:4:4:4:2
3:3:4:4:4:3:2:4:3:,recombination,11417.465503734646,3:3:4:4:4:2:2:3:4,3:4:4:4:4:1:2:4:3
2:2:4:4:2:4:4:4:1:,recombination,12859.581733916182,4:4:3:4:4:1:2:4:4,4:4:3:4:4:0:1:2:4
4:4:2:4:4:0:1:2:4:,recombination,11104.246174794971,4:4:2:4:4:1:1:1:4,2:2:4:3:3:3:4:4:1
4:4:4:4:4:2:2:3:4:,recombination,10814.305201875044,3:4:4:4:4:1:2:4:3,3:3:4:4:4:1:2:3:3
4:3:4:4:4:2:2:4:4:,clone,10995.089392139125,4:3:4:4:4:2:2:4:4
4:4:4:4:4:2:2:4:4:,clone,10603.40004922974,3:3:4:4:4:2:2:4:3
4:4:4:4:4:1:1:1:4:,clone,10037.990743306971,4:4:4:4:4:1:1:1:4
4:4:3:4:4:2:2:3:4:,clone,11333.12652209727,4:4:3:4:4:2:2:3:4
4:4:4:4:4:1:1:4:4:,recombination,10775.107554303451,2:3:4:4:3:4:3:4:2,3:3:4:4:4:2:3:3:3,MUTATE
4:4:4:4:4:0:0:2:4:,clone,10606.473198946442,4:4:4:4:4:0:0:2:4
4:3:4:4:4:1:2:4:4:,recombination,10937.882995227988,2:3:4:4:4:2:2:4:2,4:3:4:4:4:1:2:3:4
2:2:4:4:3:4:3:4:1:,recombination,12121.604948634718,1:3:4:4:3:2:3:4:1,1:2:4:2:0:4:4:4:0,MUTATE
4:4:4:4:4:2:2:3:4:,clone,10806.773920652793,4:4:4:4:4:2:2:3:4
3:3:4:4:4:2:2:3:4:,clone,10662.57798020542,3:3:4:4:4:2:2:3:4
3:3:4:4:4:2:2:3:4:,clone,10654.453547087165,3:3:4:4:4:2:2:3:4
3:3:4:4:4:3:3:4:2:,clone,11283.576407367385,3:3:4:4:4:3:3:4:3
3:3:4:4:4:3:3:4:3:,recombination,11169.245848414283,3:3:4:4:3:4:3:4:2,1:2:4:3:2:4:4:4:1,MUTATE
2:2:4:3:2:4:4:4:1:,recombination,11816.387660177661,3:3:4:4:4:3:3:4:2,2:2:4:3:2:4:4:4:1,MUTATE
2:2:4:3:2:4:4:4:1:,clone,11741.493041208514,2:2:4:3:2:4:4:4:1
4:4:3:4:4:1:2:2:4:,clone,11214.078026409801,4:4:3:4:4:1:2:2:4
2:2:4:4:3:3:4:4:2:,recombination,12083.404226077793,1:2:4:3:1:3:4:4:1,1:2:4:3:1:3:4:4:1,MUTATE
2:3:4:4:3:3:4:4:1:,recombination,11959.157487555949,3:4:4:4:4:1:2:3:3,3:3:3:4:4:2:2:4:3,MUTATE
4:4:3:4:4:2:2:3:4:,clone,11206.412765263018,4:4:4:4:4:2:2:3:4
4:4:3:4:4:0:1:0:4:,clone,11334.85654106423,4:4:3:4:4:0:1:0:4
4:4:4:4:4:2:2:3:4:,recombination,10724.370579470533,2:2:4:4:4:3:3:4:2,2:2:4:3:2:4:4:4:1,MUTATE
3:4:4:4:4:2:2:3:4:,clone,10217.395838138027,4:4:4:4:4:2:2:4:4
4:4:4:4:4:2:2:3:4:,clone,10315.208797127918,3:4:4:4:4:2:2:3:4
4:4:4:4:4:2:2:4:4:,clone,10467.623562112065,4:4:4:4:4:2:2:4:4
4:4:4:4:4:2:2:3:4:,clone,10229.715531886126,4:4:4:4:4:2:2:3:4
4:4:4:4:4:2:2:4:4:,clone,10431.949002656238,4:4:4:4:4:2:2:4:4
2:3:4:4:4:2:3:4:2:,recombination,10139.814160871136,4:4:4:4:4:2:2:3:4,0:1:4:1:0:4:4:4:0,MUTATE
2:2:4:4:4:3:3:4:2:,clone,10677.392634686492,2:2:4:4:4:3:3:4:2
2:2:4:4:3:3:3:4:1:,recombination,10677.392634686492,3:4:4:4:4:2:2:4:3,2:2:4:3:1:4:4:4:1,MUTATE
1:2:4:4:3:3:3:4:1:,recombination,10579.663393772493,4:4:2:4:4:1:1:1:4,3:3:4:4:4:1:2:2:3
3:3:4:4:4:3:3:4:2:,recombination,11129.76055205711,1:3:4:4:3:3:4:4:1,3:3:4:4:4:3:3:4:3,MUTATE
2:2:4:4:3:3:3:4:1:,clone,10672.702744835295,2:2:4:4:3:3:3:4:1
1:2:4:4:3:3:3:4:1:,clone,10573.338854749067,1:2:4:4:3:3:3:4:1
1:2:4:3:2:3:4:4:1:,clone,11068.615747329923,1:2:4:3:2:3:4:4:1
1:2:4:3:2:4:4:4:0:,recombination,11437.700662467998,4:4:4:4:4:1:1:2:4,2:3:4:4:3:3:4:4:2
2:3:4:4:4:3:3:4:2:,recombination,10636.841070453485,3:4:4:4:4:2:2:4:3,4:4:3:4:4:1:2:3:4,MUTATE
1:2:4:3:2:3:4:4:1:,recombination,11060.61292630393,3:4:4:4:4:2:2:4:3,1:3:4:3:2:3:4:4:1,MUTATE
1:2:4:3:3:4:3:4:1:,recombination,11667.473418607004,4:4:3:4:4:2:2:3:4,2:3:4:4:3:3:4:4:1,MUTATE
1:2:4:3:3:4:3:4:1:,clone,11667.473418607002,1:2:4:3:3:4:3:4:1
1:2:4:3:2:4:4:4:1:,clone,11305.840281735676,1:2:4:3:2:4:4:4:1
1:2:4:3:1:4:4:4:0:,clone,11671.512985320262,1:2:4:2:1:4:4:4:0
1:2:4:2:2:4:4:4:0:,clone,11175.282941262221,1:2:4:2:2:4:4:4:0
