4:4:4:4:4:2:2:4:4:,initialisation,12456.26433680863,
4:4:4:4:4:2:2:4:4:,initialisation,12312.138191135957,
3:4:4:4:4:2:3:4:3:,initialisation,13135.585296599915,
3:3:4:4:4:2:3:4:3:,initialisation,12700.375708181877,
4:4:4:4:4:2:2:4:4:,initialisation,12245.513960840852,
3:3:4:4:4:2:3:4:3:,initialisation,11953.754580343098,
4:4:4:4:4:2:3:4:4:,initialisation,13128.308688161433,
3:3:4:4:4:2:2:2:3:,initialisation,11478.730745408177,
3:3:4:4:4:1:2:1:3:,initialisation,11141.727206115002,
4:4:4:4:4:2:2:3:4:,initialisation,12517.44042712275,
4:4:4:4:4:2:2:3:4:,initialisation,11656.443153233113,
3:4:4:4:4:2:3:4:3:,initialisation,13096.85683624577,
2:3:4:4:4:1:2:2:2:,initialisation,9950.211793127251,
4:4:4:4:4:1:2:4:4:,initialisation,12231.932119267123,
4:4:3:4:4:2:2:4:4:,initialisation,13204.188479403685,
3:4:4:4:4:2:3:4:3:,initialisation,12012.550026049012,
4:4:3:4:4:2:2:4:4:,initialisation,13034.518040404628,
4:4:4:4:4:1:2:3:4:,initialisation,11425.303215915374,
4:4:4:4:4:3:2:4:4:,initialisation,13204.188479403687,
4:4:4:4:4:1:1:2:4:,initialisation,11875.884836985873,
3:3:4:4:4:2:2:2:3:,initialisation,11414.190348847307,
3:4:4:4:4:2:2:4:3:,initialisation,12171.276517726552,
2:3:4:4:4:2:3:3:2:,initialisation,11586.802855992188,
3:4:4:4:4:2:2:3:4:,initialisation,12425.69156306142,
4:4:4:4:4:3:3:4:4:,initialisation,13730.451238023395,
3:4:4:4:4:3:3:4:3:,initialisation,13383.330218291707,
3:3:4:4:4:2:2:3:3:,initialisation,11953.036565494867,
3:3:4:4:4:3:3:4:3:,initialisation,12697.891681128567,
3:3:4:4:4:2:3:2:3:,initialisation,13784.706649663525,
3:3:4:4:4:2:2:4:3:,initialisation,11991.72370642832,
3:3:4:4:4:1:2:2:3:,initialisation,11198.695455079078,
4:4:4:4:4:1:1:2:4:,initialisation,11527.529866040584,
4:4:4:4:4:2:2:4:4:,initialisation,12170.211805991066,
4:4:3:4:4:2:2:4:4:,initialisation,13009.249685028359,
2:3:4:4:4:2:3:2:2:,initialisation,12270.624247174343,
4:4:4:4:4:2:1:3:4:,initialisation,11600.785388657869,
2:3:4:4:4:2:3:2:2:,initialisation,11784.982066999986,
4:4:4:4:4:2:2:4:4:,initialisation,11963.633525391051,
4:4:4:4:4:2:2:4:4:,initialisation,11778.996867440723,
3:4:4:4:4:2:2:2:3:,initialisation,12173.129080102864,
3:4:4:4:4:1:2:2:3:,initialisation,11345.132749023893,
3:4:4:4:4:1:2:4:3:,initialisation,11058.53840668011,
4:4:4:4:4:2:3:4:4:,initialisation,12816.478034247568,
3:4:4:4:4:2:2:3:4:,initialisation,11895.437027871447,
4:4:4:4:4:1:1:3:4:,initialisation,11219.986697578519,
3:3:4:4:4:2:3:4:2:,initialisation,12170.726703408696,
4:3:4:4:4:3:3:4:3:,initialisation,13204.188479403689,
4:4:4:4:4:2:3:4:4:,initialisation,12721.184281787197,
4:4:4:4:4:1:2:4:4:,initialisation,12187.946634625,
3:3:4:4:4:2:2:2:3:,initialisation,11352.176462016243,
2:3:4:4:3:3:3:4:2:,initialisation,12621.798510296137,
4:4:3:4:4:2:2:3:4:,initialisation,13588.84639186774,
4:4:4:4:4:1:2:2:4:,initialisation,11756.65305767472,
3:3:4:4:4:2:2:4:3:,initialisation,11844.985383695075,
3:3:4:4:4:3:3:4:3:,initialisation,12286.830416927556,
4:4:4:4:4:2:2:4:4:,initialisation,11247.46626172188,
3:4:4:4:4:2:2:4:3:,initialisation,11984.473358710471,
4:4:4:4:4:1:2:4:4:,initialisation,12105.226314189893,
3:4:4:4:4:2:2:3:4:,initialisation,11521.350559917872,
3:4:4:4:4:2:2:2:4:,initialisation,12569.786840628629,
4:4:3:4:4:1:1:3:4:,initialisation,12659.9056401552,
2:3:4:4:4:2:3:3:2:,initialisation,11259.596568954972,
3:4:4:4:4:2:2:4:3:,initialisation,11117.832440197191,
2:3:4:4:4:1:3:2:2:,initialisation,10805.08250059783,
3:4:4:4:4:3:3:4:3:,initialisation,13340.438939750686,
4:4:4:4:4:2:2:3:4:,initialisation,11653.160067600194,
2:3:4:4:4:3:3:4:2:,initialisation,12305.758968247505,
4:4:4:4:4:3:3:4:4:,initialisation,13178.446294693747,
3:3:4:4:4:2:2:3:4:,initialisation,12108.906530919723,
4:4:3:4:4:3:2:4:4:,initialisation,13204.18847940369,
2:3:4:4:4:2:2:2:2:,initialisation,11953.101179271694,
4:3:4:4:4:2:2:4:4:,initialisation,12206.854619697637,
3:4:4:4:4:3:3:4:3:,initialisation,13236.330360700005,
3:3:4:4:4:3:3:4:2:,initialisation,13060.145253433004,
3:3:4:4:4:2:2:3:3:,initialisation,11595.747972214273,
1:2:4:4:3:3:4:4:1:,initialisation,14720.206953024566,
4:4:2:4:4:1:1:4:4:,initialisation,13204.188479403687,
3:3:4:4:4:1:2:2:3:,initialisation,11106.248888381433,
3:3:4:4:4:3:3:4:3:,initialisation,12137.675838319807,
4:4:3:4:4:1:2:2:4:,initialisation,12841.456010892432,
4:4:3:4:4:2:2:4:4:,initialisation,12991.755933609531,
4:4:4:4:4:2:2:3:4:,initialisation,11419.519515625796,
3:4:4:4:4:1:2:3:4:,initialisation,11467.635810810347,
3:3:4:4:4:2:2:3:3:,initialisation,11515.13721748543,
3:4:4:4:4:1:2:1:3:,initialisation,10152.86465694746,
3:3:4:4:4:2:3:4:3:,initialisation,11698.5511163865,
3:3:4:4:4:2:2:4:3:,initialisation,11230.92070711547,
4:4:3:4:4:1:2:3:4:,initialisation,13102.622941182115,
4:4:3:4:4:1:2:3:4:,initialisation,12119.122272229528,
2:3:4:4:4:2:3:4:2:,initialisation,12451.031224623224,
2:3:4:4:4:2:2:2:3:,initialisation,10946.574239938369,
3:4:4:4:4:1:1:1:4:,initialisation,10171.432784133254,
3:4:4:4:4:3:3:4:3:,initialisation,13096.425618599047,
4:4:4:4:4:1:2:4:4:,initialisation,12086.88234285768,
2:3:4:4:4:2:2:3:2:,initialisation,11632.016113856382,
4:4:4:4:4:1:2:3:4:,initialisation,10992.629175641228,
2:3:4:4:4:2:3:3:2:,initialisation,10941.59857212921,
3:4:4:4:4:2:3:3:4:,initialisation,12822.762620069554,
3:4:4:4:4:2:3:3:3:,initialisation,12464.270129561055,
1:2:4:4:4:3:3:2:1:,initialisation,13808.040687940995,
4:4:3:4:4:1:2:4:4:,initialisation,13204.188479403687,
2:3:4:4:4:2:3:4:2:,initialisation,12094.236977796065,
3:3:4:4:4:2:2:3:3:,initialisation,11132.248727096074,
3:4:4:4:4:3:3:4:3:,initialisation,12826.969750776823,
4:4:3:4:4:2:2:4:4:,initialisation,12984.983579049225,
4:4:3:4:4:1:2:4:4:,initialisation,11549.075171426111,
3:3:4:4:4:1:2:2:3:,initialisation,10131.973216825463,
4:4:3:4:4:1:1:2:4:,initialisation,11465.885404254452,
2:3:4:4:4:2:3:4:2:,initialisation,11554.569602084406,
3:4:4:4:4:1:2:2:3:,initialisation,11002.23409349972,
2:3:4:4:4:3:3:3:2:,initialisation,12470.219552440714,
4:4:4:4:4:2:2:4:4:,initialisation,11090.671273972379,
2:3:4:4:4:3:3:4:2:,initialisation,12304.621012957663,
3:4:4:4:4:3:2:4:3:,initialisation,12773.418801925509,
3:4:4:4:4:2:2:3:3:,initialisation,12553.479066830467,
2:3:4:4:4:1:2:2:3:,initialisation,10172.67601494236,
4:3:4:4:4:2:3:4:4:,initialisation,13608.06171499666,
3:4:4:4:4:1:2:2:4:,initialisation,10203.734451571896,
4:4:4:4:4:1:1:2:4:,initialisation,10469.409491128172,
3:3:4:4:4:2:2:2:3:,initialisation,11197.15839082307,
4:4:3:4:4:1:1:3:4:,initialisation,12049.71487466369,
4:4:4:4:4:2:2:2:4:,initialisation,12588.04760013043,
4:4:3:4:4:2:2:3:4:,initialisation,12863.857120515007,
4:4:3:4:4:1:1:3:4:,initialisation,11853.096345895607,
4:4:4:4:4:2:3:4:4:,initialisation,12499.75709718519,
4:4:3:4:4:2:2:4:4:,initialisation,12579.54278432313,
3:4:4:4:4:2:2:3:3:,initialisation,11639.260706437986,
3:4:4:4:4:1:2:2:3:,initialisation,10649.149333204388,
3:3:4:4:4:2:3:3:3:,initialisation,11802.322019812538,
4:4:3:4:4:2:2:4:4:,initialisation,12354.676426735276,
4:4:4:4:4:1:2:4:4:,initialisation,11961.269187213973,
4:4:4:4:4:3:3:4:4:,initialisation,13003.056247201539,
4:4:3:4:4:2:2:4:4:,initialisation,12159.053414586595,
4:4:4:4:4:1:2:2:4:,initialisation,11354.90788761586,
4:4:3:4:4:2:2:4:4:,initialisation,11874.269980657527,
3:3:4:4:4:3:3:4:2:,initialisation,12994.844515197245,
4:4:3:4:4:2:2:3:4:,initialisation,12528.463865698557,
4:4:4:4:4:2:3:4:4:,initialisation,12480.96285684243,
4:4:4:4:4:1:2:4:4:,initialisation,11852.03126628607,
4:3:4:4:4:2:3:4:4:,initialisation,12944.55603638292,
4:4:4:4:4:1:2:4:4:,initialisation,11196.33120000181,
4:4:3:4:4:1:2:3:4:,initialisation,12068.835063868675,
4:4:3:4:4:1:2:3:4:,initialisation,11344.400958422053,
3:4:4:4:4:2:2:3:4:,initialisation,11449.750226977962,
3:4:4:4:4:2:3:4:3:,initialisation,11708.545008189774,
4:3:4:4:4:2:2:4:4:,initialisation,11336.610898237082,
3:4:4:4:4:1:2:2:3:,initialisation,10158.264380028384,
1:2:4:4:3:3:4:4:1:,initialisation,13205.254560210233,
4:4:3:4:4:1:1:4:4:,initialisation,12997.090788752426,
4:4:2:4:4:1:1:3:4:,initialisation,13204.188479403689,
3:4:4:4:4:2:2:3:3:,initialisation,11489.8076292028,
4:4:4:4:4:3:2:4:4:,initialisation,12987.701520376535,
4:4:4:4:4:2:2:2:4:,initialisation,12179.564972914222,
3:3:4:4:4:1:2:3:3:,initialisation,11191.425906758675,
4:4:2:4:4:2:1:4:4:,initialisation,13204.18847940369,
3:3:4:4:4:1:2:1:3:,initialisation,10680.620391846502,
2:3:4:4:4:2:2:2:2:,initialisation,11401.453916439905,
1:2:4:4:3:2:3:3:1:,initialisation,12172.908202516519,
3:4:4:4:4:1:1:2:3:,initialisation,10596.698718357671,
2:3:4:4:4:2:2:3:2:,initialisation,11518.842999294613,
4:4:2:4:4:2:1:4:4:,initialisation,13204.188479403687,
3:4:4:4:4:2:2:2:3:,initialisation,11739.365136131426,
2:3:4:4:4:1:2:2:3:,initialisation,9573.84715004523,
4:4:4:4:4:2:3:4:4:,initialisation,12375.668861845248,
2:3:4:4:4:2:2:3:2:,initialisation,11211.388139754625,
2:3:4:4:4:2:3:2:2:,initialisation,11365.232594744852,
3:4:4:4:4:3:3:4:3:,initialisation,12612.874794754769,
3:3:4:4:4:3:3:4:2:,initialisation,12865.806976461077,
4:4:4:4:4:2:3:3:4:,initialisation,14133.700797896028,
3:4:4:4:4:3:3:4:3:,initialisation,12404.472939278181,
2:3:4:4:4:2:2:2:2:,initialisation,10912.243746396052,
4:4:4:4:4:1:1:3:4:,initialisation,10894.078301750922,
4:4:3:4:4:3:2:4:4:,initialisation,13032.889716837422,
3:3:4:4:4:3:3:4:2:,initialisation,12786.076680190708,
4:4:4:4:4:1:2:4:4:,initialisation,11092.186777121928,
3:4:4:4:4:3:2:4:3:,initialisation,12284.345129374446,
4:4:3:4:4:2:2:3:4:,initialisation,12342.059250962842,
4:4:2:4:4:2:2:4:4:,initialisation,13204.188479403683,
3:4:4:4:4:1:2:3:3:,initialisation,11517.516645284864,
3:3:4:4:4:2:2:3:3:,initialisation,10795.820954765979,
4:4:3:4:4:2:1:3:4:,initialisation,12837.281476152568,
3:3:4:4:4:2:3:2:3:,initialisation,12750.168882056618,
4:4:2:4:4:1:1:3:4:,initialisation,13204.188479403685,
3:4:4:4:4:1:1:1:4:,initialisation,10005.523311413555,
2:3:4:4:4:1:2:3:2:,initialisation,11930.153487514879,
3:3:4:4:4:1:2:2:3:,initialisation,9688.03018464327,
3:3:4:4:4:1:2:4:3:,initialisation,11024.094983889849,
4:4:3:4:4:1:2:2:4:,initialisation,12823.261619665895,
4:4:4:4:4:1:2:3:4:,initialisation,10757.197517680948,
4:4:2:4:4:1:1:4:4:,initialisation,13204.188479403685,
3:4:4:4:4:1:2:1:4:,initialisation,10231.247073455803,
3:3:4:4:4:2:3:4:3:,initialisation,11636.449939076845,
2:3:4:4:4:3:3:4:2:,initialisation,12300.218378883636,
2:3:4:4:4:2:2:3:2:,initialisation,11209.817316435443,
4:4:4:4:4:1:1:4:4:,initialisation,11911.921706815167,
3:3:4:4:4:3:2:4:3:,initialisation,12767.780057775646,
4:4:3:4:4:1:1:2:4:,initialisation,10625.453577848519,
4:3:4:4:4:2:3:4:4:,initialisation,12879.952522576566,
3:4:4:4:4:2:2:3:4:,initialisation,11345.020629176772,
4:4:4:4:4:2:2:3:4:,initialisation,11358.878092606283,
4:3:3:4:4:2:2:4:4:,initialisation,12780.078646789905,
3:3:4:4:4:3:3:3:3:,initialisation,13347.4585055073,
4:4:4:4:4:0:0:0:4:,initialisation,10080.698337578378,
2:3:4:4:4:1:2:3:2:,initialisation,10374.514329537957,
4:3:4:4:4:1:2:4:4:,initialisation,10850.074686466445,
4:4:4:4:4:1:1:3:4:,initialisation,10843.612873850929,
2:3:4:4:4:2:3:2:3:,initialisation,12204.442565991716,
4:4:4:4:4:2:2:3:4:,initialisation,11162.018662532455,
3:3:4:4:4:2:2:2:3:,initialisation,11098.047046627002,
3:3:4:4:4:2:2:4:3:,initialisation,11054.063585498283,
4:4:4:4:4:3:2:4:4:,initialisation,12897.371269787063,
3:4:4:4:4:1:1:3:4:,initialisation,11167.397638413708,
3:3:4:4:4:2:3:4:2:,initialisation,11875.150654509898,
1:2:4:3:2:3:4:4:1:,initialisation,13760.130603452124,
4:3:4:4:4:3:3:4:4:,initialisation,13796.514862990589,
2:3:4:4:4:3:3:4:2:,initialisation,12100.231413452524,
2:3:4:4:3:3:4:4:2:,initialisation,14103.254089373731,
4:4:3:4:4:1:1:3:4:,initialisation,11604.955890142712,
4:4:4:4:4:2:2:4:4:,initialisation,10959.91491942014,
3:3:4:4:4:0:1:1:3:,initialisation,9560.038492807218,
3:4:4:4:4:1:2:3:3:,initialisation,11012.576075556162,
2:3:4:4:4:2:3:2:2:,initialisation,10615.067232846617,
3:4:4:4:4:2:2:2:4:,initialisation,11062.259424487453,
2:2:4:4:4:2:3:2:2:,initialisation,12250.24454817252,
2:3:4:4:3:3:4:4:1:,initialisation,14076.772945852257,
2:3:4:4:4:2:2:3:2:,initialisation,11162.635787624793,
2:3:4:4:4:2:3:2:3:,initialisation,11900.205852301027,
3:3:4:4:4:1:1:1:3:,initialisation,10353.826051066866,
3:3:4:4:4:2:3:4:2:,initialisation,11387.11956090774,
4:4:4:4:4:0:0:1:4:,initialisation,10025.686154941079,
4:4:3:4:4:2:2:3:4:,initialisation,12240.535147402,
2:3:4:4:4:2:2:2:2:,initialisation,10871.585071078747,
2:3:4:4:4:2:3:4:2:,initialisation,11218.483527256938,
2:2:4:4:4:2:3:3:2:,initialisation,12246.357818573466,
4:3:4:4:4:2:3:4:4:,initialisation,12266.332742419634,
4:4:4:4:4:2:2:3:4:,initialisation,11105.215971864814,
2:2:4:4:4:1:2:1:2:,initialisation,8737.689832385116,
3:3:4:4:4:2:3:4:3:,initialisation,11390.436533725513,
2:3:4:4:4:1:2:2:2:,initialisation,9947.094525539545,
3:3:4:4:4:1:2:3:3:,initialisation,10733.616823830082,
2:3:4:4:4:2:2:2:3:,initialisation,10296.194500353517,
1:3:4:4:4:2:3:3:1:,initialisation,12131.62247118975,
2:2:4:4:4:2:3:3:2:,initialisation,11038.08705401308,
2:3:4:4:4:1:2:2:2:,initialisation,9904.074417147061,
3:4:4:4:4:3:3:3:4:,initialisation,13848.223743355307,
2:3:4:4:4:1:2:3:2:,initialisation,10190.484455001857,
3:3:4:4:4:2:3:3:3:,initialisation,11734.064566488272,
2:3:4:4:4:3:3:3:2:,initialisation,12365.904673767447,
3:3:4:4:4:3:3:4:2:,initialisation,12753.440888741916,
4:4:4:4:4:3:3:4:3:,initialisation,13345.003950194005,
3:4:4:4:4:1:2:3:4:,initialisation,11280.847950905712,
3:4:4:4:4:1:1:2:4:,initialisation,10208.626094176268,
3:3:4:4:4:3:3:4:2:,initialisation,12037.620992709524,
2:2:4:4:4:2:3:2:2:,initialisation,11720.998993259958,
2:3:4:4:4:2:2:3:2:,initialisation,10661.144691083238,
3:3:4:4:4:1:2:3:4:,initialisation,11713.726452675988,
3:4:4:4:4:2:2:3:4:,initialisation,10811.916680691678,
4:3:4:4:4:1:1:4:4:,initialisation,10824.474784537266,
4:4:4:4:4:3:3:4:3:,initialisation,13158.281063817578,
3:4:4:4:4:1:2:3:3:,initialisation,10867.70593162659,
3:3:4:4:4:2:3:3:3:,initialisation,11724.19708430944,
4:4:3:4:4:2:2:3:4:,initialisation,11624.161368283738,
4:4:3:4:4:2:1:3:4:,initialisation,11919.449572605958,
3:3:4:4:4:1:2:1:3:,initialisation,9778.07948794911,
4:4:4:4:4:2:3:4:4:,initialisation,12365.386214008717,
4:4:4:4:4:1:2:2:4:,initialisation,11017.754780871168,
4:4:3:4:4:1:1:3:4:,initialisation,11496.170966919844,
3:3:4:4:4:3:3:4:3:,initialisation,12073.324772549064,
2:3:4:4:4:2:2:4:2:,initialisation,10983.058362548902,
3:4:4:4:4:2:2:2:3:,initialisation,11260.812365777138,
3:3:4:4:3:3:3:4:2:,initialisation,13553.039147896188,
4:4:3:4:4:1:1:4:4:,initialisation,11562.20805206642,
3:4:4:4:4:2:2:2:3:,initialisation,11240.145775010962,
4:4:4:4:4:1:2:4:4:,initialisation,11009.464065787968,
3:3:4:4:4:1:2:3:3:,initialisation,10666.462981623226,
2:3:4:4:4:2:3:2:3:,initialisation,11733.40608616197,
4:4:4:4:4:3:3:3:4:,initialisation,13473.212291309614,
4:4:4:4:4:2:3:3:4:,initialisation,13133.94978068206,
2:3:4:4:3:3:4:4:2:,initialisation,13098.305066785442,
3:3:4:4:4:2:2:4:2:,initialisation,11107.59310201687,
2:3:4:4:4:3:3:4:2:,initialisation,12072.897124159603,
3:4:4:4:4:1:1:1:3:,initialisation,9310.557848837145,
4:4:2:4:4:2:1:4:4:,initialisation,13204.188479403685,
3:3:4:4:4:3:3:4:3:,initialisation,11759.824246783322,
4:4:2:4:4:1:1:4:4:,initialisation,13099.280699080558,
3:3:4:4:4:1:1:1:3:,initialisation,9645.802709218,
3:3:4:4:4:2:3:2:3:,initialisation,12103.002290464718,
2:3:4:4:3:3:4:4:2:,initialisation,12939.536180361385,
3:3:4:4:4:1:1:2:3:,initialisation,9490.915454461063,
3:4:4:4:4:2:2:3:3:,initialisation,10962.598106778007,
4:4:2:4:4:2:1:4:4:,initialisation,13204.188479403683,
3:3:4:4:4:2:2:2:3:,initialisation,11044.473173114053,
4:4:4:4:4:3:3:4:4:,initialisation,12631.065450219146,
4:4:4:4:4:3:2:4:4:,initialisation,12113.592149929293,
4:4:3:4:4:1:2:2:4:,initialisation,12437.189525303915,
2:3:4:4:4:3:3:4:1:,initialisation,13363.832469516006,
2:3:4:4:4:3:3:4:1:,initialisation,13344.229942772039,
4:3:4:4:4:3:3:4:3:,initialisation,13204.188479403687,
3:4:4:4:4:1:2:3:3:,initialisation,10812.402983422815,
4:4:4:4:4:2:3:4:4:,initialisation,12303.665476500479,
4:4:3:4:4:1:2:4:4:,initialisation,11293.080176809683,
3:3:4:4:4:1:2:3:3:,initialisation,10365.321317589018,
3:4:4:4:4:1:2:3:4:,initialisation,10793.19183566276,
4:3:4:4:4:2:2:4:4:,initialisation,11332.244179804842,
4:4:4:4:4:1:1:3:4:,initialisation,10776.129040052658,
2:3:4:4:4:2:3:4:2:,initialisation,11136.613555121785,
3:4:4:4:4:3:3:4:3:,initialisation,12325.917427735345,
2:2:4:3:2:4:4:4:1:,initialisation,14539.624682209043,
4:4:4:4:4:2:2:3:4:,clone,11105.215971864813,4:4:4:4:4:2:2:3:4
3:4:4:4:4:1:2:3:4:,clone,10684.428581750706,3:4:4:4:4:1:2:3:4
3:3:4:4:4:2:3:2:3:,recombination,12042.577445779205,4:4:3:4:4:2:2:4:4,3:3:4:4:4:2:3:2:3
4:4:4:4:4:1:2:2:4:,recombination,10988.324135456452,4:4:3:4:4:2:1:3:4,3:4:4:4:4:2:2:3:4
2:3:4:4:3:3:4:4:1:,clone,13816.461058789855,2:3:4:4:3:3:4:4:1
1:3:4:4:3:3:3:3:1:,recombination,13075.680900136143,3:3:4:4:4:2:2:3:3,2:3:4:4:4:3:3:3:2
4:4:3:4:4:2:2:4:4:,clone,11416.333705671988,4:4:3:4:4:1:2:4:4
1:2:4:3:2:4:4:4:1:,recombination,14946.51291836634,2:2:4:3:2:4:4:4:1,3:4:4:4:4:2:2:3:4
2:3:4:4:3:3:3:4:1:,recombination,12783.053380129288,3:3:4:4:4:2:3:4:3,3:3:4:4:4:3:3:4:3,MUTATE
3:4:4:4:4:1:2:3:3:,clone,10690.763136670594,3:4:4:4:4:1:2:3:3
4:4:3:4:4:2:1:4:4:,recombination,12194.436845038703,4:4:3:4:4:2:1:3:4,4:4:3:4:4:2:1:3:4,MUTATE
1:2:4:4:3:3:4:4:1:,clone,13081.778677321663,1:2:4:4:3:3:4:4:1
2:3:4:4:4:3:3:4:1:,recombination,13124.383964669236,2:3:4:4:4:3:3:4:1,2:3:4:4:4:2:3:4:2,MUTATE
3:4:4:4:4:1:2:3:3:,recombination,10674.31458105945,2:3:4:4:3:3:4:4:2,3:3:4:4:4:2:2:3:3
4:4:4:4:4:2:2:3:4:,clone,11084.906724852517,4:4:4:4:4:2:2:3:4
2:2:4:4:4:3:3:4:1:,recombination,12195.039984304756,2:3:4:4:3:3:3:4:1,3:3:4:4:4:2:3:3:3,MUTATE
3:3:4:4:4:2:3:2:3:,clone,11851.523393522793,3:3:4:4:4:2:3:2:3
4:4:4:4:4:1:1:2:4:,clone,10282.996894773753,4:4:4:4:4:1:1:2:4
4:4:4:4:4:1:2:4:4:,recombination,10888.747157647504,4:4:4:4:4:1:2:4:4,4:4:3:4:4:3:2:4:4,MUTATE
2:2:4:4:3:3:3:4:1:,recombination,12964.734616668546,4:4:3:4:4:1:2:3:4,2:3:4:4:3:3:3:4:1,MUTATE
3:4:4:4:4:1:1:2:3:,recombination,9761.047172125185,3:4:4:4:4:1:2:2:4,4:4:4:4:4:0:0:1:4,MUTATE
3:3:4:4:4:1:2:2:4:,recombination,10748.75052249319,4:4:3:4:4:1:1:2:4,3:4:4:4:4:1:1:1:4
3:3:3:4:4:3:2:4:3:,recombination,12876.817992370476,4:3:3:4:4:2:2:4:4,4:3:4:4:4:3:3:4:3
3:3:4:4:4:2:2:3:3:,clone,10674.31458105945,3:4:4:4:4:1:2:3:3
1:3:4:4:3:3:3:4:1:,clone,12946.400411114984,1:3:4:4:3:3:3:3:1
2:3:4:4:4:2:3:4:2:,recombination,10844.634494058575,2:3:4:4:4:2:3:2:2,3:3:4:4:4:2:3:4:2,MUTATE
4:4:4:4:4:1:2:2:4:,recombination,10825.684683386376,3:4:4:4:4:1:2:2:3,4:4:4:4:4:1:2:2:4,MUTATE
4:4:4:4:4:2:2:3:4:,clone,11084.906724852515,4:4:4:4:4:2:2:3:4
4:4:4:4:4:2:2:3:4:,clone,10830.93514691509,4:4:4:4:4:2:2:3:4
2:3:4:4:4:2:3:3:2:,clone,10830.680103895249,2:3:4:4:4:2:3:3:2
1:2:4:4:2:3:4:4:1:,clone,13471.52966037634,1:2:4:4:3:3:4:4:1
2:3:4:4:3:3:4:4:1:,recombination,13734.337530353694,1:3:4:4:4:2:3:3:1,4:4:4:4:4:3:3:3:4
3:3:4:4:4:2:3:3:3:,clone,11087.82942500478,3:3:4:4:4:2:3:4:3
3:3:4:4:4:1:2:3:3:,recombination,9679.305734950261,4:4:4:4:4:1:2:3:4,3:3:4:4:4:1:2:2:3,MUTATE
3:4:4:4:4:2:3:4:3:,clone,11542.353496755934,3:3:4:4:4:2:2:3:3
3:3:4:4:4:2:2:3:3:,clone,10534.169655238216,3:3:4:4:4:2:2:3:3
3:4:4:4:4:2:2:3:3:,recombination,10864.326380051107,3:3:4:4:4:2:2:3:3,4:4:4:4:4:2:2:3:4,MUTATE
3:3:4:4:4:3:3:4:3:,recombination,11741.475607597287,4:4:4:4:4:3:2:4:4,4:4:4:4:4:2:2:3:4,MUTATE
3:3:4:4:4:1:2:2:3:,recombination,9530.383375796526,3:3:4:4:4:1:2:2:3,3:4:4:4:4:3:2:4:3,MUTATE
3:4:4:4:4:1:2:3:3:,recombination,9891.996092351497,3:3:4:4:4:1:2:3:3,3:4:4:4:4:2:2:3:4
2:2:4:3:2:4:4:4:1:,clone,14537.117623313947,2:2:4:3:2:4:4:4:1
4:3:4:4:4:3:2:4:4:,recombination,13102.721437407588,3:3:3:4:4:3:2:4:3,4:3:4:4:4:3:3:4:4,MUTATE
4:4:4:4:4:0:0:0:4:,clone,9968.613953255055,4:4:4:4:4:0:0:0:4
3:4:4:4:4:1:2:3:4:,clone,10345.316403925435,3:4:4:4:4:1:2:3:4
1:2:4:4:3:3:4:4:1:,recombination,12985.68237547595,1:2:4:4:3:3:4:4:1,2:3:4:4:4:3:3:4:2
4:4:4:4:4:1:1:3:4:,recombination,10558.014370001405,4:4:4:4:4:1:1:3:4,4:4:3:4:4:2:2:4:4
2:3:4:4:4:2:2:3:2:,recombination,10544.244964212005,2:3:4:4:4:2:3:2:2,3:3:4:4:4:2:2:4:3
4:4:4:4:4:2:3:4:4:,clone,12303.665476500477,4:4:4:4:4:2:3:4:4
3:4:4:4:4:1:1:2:4:,clone,9961.273311846313,3:4:4:4:4:1:1:2:3
4:4:4:4:4:2:2:4:4:,clone,10830.93514691509,4:4:4:4:4:2:2:3:4
2:3:4:4:4:2:3:4:2:,clone,10569.08810904488,2:3:4:4:4:2:3:4:2
4:4:4:4:4:1:1:2:4:,recombination,10095.18390951359,4:4:3:4:4:2:2:4:4,3:4:4:4:4:1:1:1:3
2:3:4:4:4:1:2:3:2:,clone,10049.869340597505,2:3:4:4:4:1:2:3:2
3:3:4:4:4:1:2:3:3:,clone,9577.303985636152,3:3:4:4:4:1:2:2:3
2:3:4:4:4:2:3:3:2:,recombination,10097.109281757683,2:3:4:4:4:2:3:2:2,3:4:4:4:4:2:2:2:3
1:2:4:4:3:3:4:4:1:,clone,12873.27554875131,1:2:4:4:3:3:4:4:1
3:3:4:4:4:2:2:4:3:,recombination,10742.605659523899,2:3:4:4:4:2:3:4:2,4:3:4:4:4:1:2:4:4,MUTATE
2:2:4:4:4:2:3:4:2:,clone,10659.009872191884,2:3:4:4:4:2:3:4:2
1:2:4:4:3:3:3:4:1:,recombination,12581.233954579922,3:3:4:4:4:2:2:3:3,1:2:4:4:3:3:4:4:1,MUTATE
4:4:4:4:4:1:1:3:4:,recombination,10548.678811886055,4:4:4:4:4:2:2:3:4,4:4:3:4:4:1:1:3:4,MUTATE
4:4:4:4:4:1:2:2:4:,recombination,10783.082907909753,4:4:3:4:4:1:1:3:4,2:3:4:4:4:1:2:3:2
4:4:4:4:4:1:2:3:4:,recombination,10590.136608759989,4:4:4:4:4:1:2:4:4,4:4:4:4:4:0:0:0:4
3:3:4:4:4:1:1:2:4:,clone,10571.236220930856,3:3:4:4:4:1:2:2:4
1:2:4:4:3:3:4:4:1:,clone,12604.455177388554,1:2:4:4:3:3:4:4:1
2:3:4:4:3:3:4:4:1:,clone,13719.563181048057,2:3:4:4:3:3:4:4:1
2:3:4:4:4:3:3:4:2:,clone,11920.753198387265,2:3:4:4:4:3:3:4:2
3:3:4:4:4:2:2:4:3:,recombination,10662.158659089957,4:4:4:4:4:2:2:4:4,3:3:4:4:4:3:3:4:2,MUTATE
2:2:4:4:3:3:4:4:1:,recombination,13583.380158795493,1:2:4:3:2:3:4:4:1,4:4:3:4:4:1:2:3:4,MUTATE
3:4:4:4:4:1:1:1:4:,recombination,9931.303897027308,4:4:4:4:4:0:0:0:4,3:3:4:4:4:2:3:2:3,MUTATE
4:4:4:4:4:2:2:2:4:,clone,11412.657787154898,4:4:4:4:4:2:2:2:4
2:2:4:4:4:3:3:4:1:,clone,12041.606041743426,2:2:4:4:4:3:3:4:1
3:4:4:4:4:1:1:1:4:,recombination,9918.70220256213,3:4:4:4:4:1:1:2:3,1:3:4:4:3:3:3:4:1,MUTATE
2:3:4:4:3:3:4:4:1:,clone,13616.385767558957,2:3:4:4:3:3:4:4:1
2:3:4:4:4:2:3:3:2:,clone,10047.400655405483,2:3:4:4:4:2:3:3:2
4:4:3:4:4:2:2:4:4:,clone,11416.333705671987,4:4:3:4:4:2:2:4:4
4:4:4:4:4:1:2:2:4:,recombination,10419.849817755417,3:4:4:4:4:1:1:1:4,4:4:3:4:4:2:2:3:4
2:3:4:4:4:2:2:3:2:,recombination,10540.746793574155,2:3:4:4:4:2:2:3:2,3:3:4:4:4:1:1:1:3,MUTATE
4:4:4:4:4:0:1:1:4:,recombination,10315.99430719377,4:4:2:4:4:1:1:3:4,3:3:4:4:4:1:1:1:3
3:4:4:4:4:0:1:1:4:,recombination,9525.668214805686,3:4:4:4:4:1:1:1:3,3:4:4:4:4:2:3:4:3,MUTATE
2:3:4:4:4:2:2:2:2:,clone,10297.888043620535,2:3:4:4:4:1:2:2:2
3:3:4:4:4:2:2:3:3:,recombination,10375.70732046161,2:3:4:4:4:2:2:3:2,4:4:2:4:4:1:1:3:4
4:4:3:4:4:1:1:3:4:,recombination,10943.886910672498,4:4:4:4:4:1:2:3:4,4:4:3:4:4:1:1:4:4
2:3:4:4:4:2:3:4:2:,clone,10470.994972002316,2:3:4:4:4:2:3:4:2
3:3:4:4:4:2:2:2:3:,recombination,11044.288853706199,2:3:4:4:4:2:2:2:3,3:3:4:4:4:1:1:2:4
4:4:4:4:4:1:2:3:4:,recombination,10022.469878661974,4:4:4:4:4:1:1:3:4,4:4:4:4:4:1:2:2:4
4:4:3:4:4:1:1:3:4:,clone,10848.729965937833,4:4:3:4:4:1:1:3:4
4:4:4:4:4:2:3:4:4:,recombination,11953.48195636103,4:4:4:4:4:1:1:3:4,4:4:4:4:4:2:3:4:4
3:4:4:4:4:1:1:1:4:,clone,9604.69389929371,3:4:4:4:4:1:1:1:4
4:4:4:4:4:1:1:1:4:,recombination,10615.806934102933,3:4:4:4:4:1:2:1:3,4:4:4:4:4:2:3:4:4
3:3:4:4:4:2:2:2:3:,clone,10925.587824932392,3:3:4:4:4:2:3:2:3
2:3:4:4:4:1:2:2:2:,recombination,9741.57527680072,3:4:4:4:4:1:2:3:3,2:3:4:4:4:1:2:2:2
2:2:4:4:4:3:3:3:2:,recombination,12163.953648203687,3:3:4:4:4:2:2:3:3,3:4:4:4:4:2:2:3:4,MUTATE
2:3:4:4:4:2:2:3:2:,recombination,10480.105520015413,2:3:4:4:4:2:2:4:2,2:3:4:4:4:1:2:2:3
2:3:4:4:4:3:3:4:2:,clone,11782.118195761348,2:3:4:4:4:3:3:4:2
4:4:4:4:4:1:1:3:4:,recombination,10491.47054413612,3:4:4:4:4:1:2:3:4,3:4:4:4:4:1:2:3:3,MUTATE
1:2:4:4:4:3:3:3:1:,recombination,11796.365787409037,2:3:4:4:4:2:3:2:2,4:4:4:4:4:1:2:3:4,MUTATE
2:3:4:4:4:3:3:4:2:,recombination,11638.589113476073,2:3:4:4:4:2:3:4:2,2:3:4:4:4:3:3:4:2
3:4:4:4:4:2:2:3:3:,clone,10344.93721561951,3:4:4:4:4:2:2:3:4
3:4:4:4:4:1:1:3:3:,recombination,10340.503837368353,4:4:2:4:4:1:1:4:4,3:3:4:4:4:1:2:3:3
3:3:4:4:4:2:2:3:4:,recombination,11497.226206376912,4:4:3:4:4:1:2:3:4,2:3:4:4:4:2:3:3:2,MUTATE
1:2:4:4:3:3:3:3:1:,clone,12158.624600592433,1:2:4:4:3:3:3:3:1
4:4:4:4:4:3:3:4:4:,recombination,12583.930726191003,4:4:4:4:4:3:2:4:4,4:4:2:4:4:2:1:4:4
4:4:3:4:4:1:1:4:4:,clone,11509.94551520256,4:4:3:4:4:1:1:4:4
3:4:4:4:4:2:3:3:3:,recombination,11840.565310885153,4:4:4:4:4:1:2:3:4,3:4:4:4:4:2:2:2:3,MUTATE
2:3:4:4:3:3:3:4:2:,recombination,11832.889165428162,2:3:4:4:4:2:3:3:2,2:3:4:4:3:3:4:4:1,MUTATE
3:4:4:4:4:2:2:4:3:,clone,10971.810594768633,3:4:4:4:4:2:2:4:3
4:4:4:4:4:1:2:4:4:,clone,10717.861156553887,4:4:4:4:4:1:2:4:4
2:3:4:4:4:2:2:3:2:,recombination,10334.020340117208,2:2:4:4:4:2:3:4:2,3:4:4:4:4:1:1:1:4,MUTATE
2:3:4:4:4:3:3:4:1:,clone,12966.219751387578,2:3:4:4:4:3:3:4:2
4:4:3:4:4:1:1:2:4:,clone,10588.40624530887,4:4:3:4:4:1:1:2:4
4:4:4:4:4:1:1:3:4:,recombination,10336.080856321792,4:4:3:4:4:1:1:3:4,3:4:4:4:4:3:3:4:3,MUTATE
4:3:3:4:4:2:2:4:4:,recombination,11746.7031793746,4:4:3:4:4:1:2:2:4,4:4:3:4:4:2:2:4:4,MUTATE
2:2:4:4:4:1:2:1:2:,clone,8584.022664154732,2:2:4:4:4:1:2:1:2
4:4:4:4:4:1:1:1:4:,recombination,10189.735389980075,4:4:4:4:4:1:2:2:4,3:4:4:4:4:1:1:1:4,MUTATE
1:2:4:4:4:2:3:3:1:,recombination,11749.837390396473,2:2:4:4:4:3:3:3:2,3:4:4:4:4:2:2:2:3
4:4:4:4:4:1:1:2:4:,clone,10021.309546326915,4:4:4:4:4:1:1:2:4
3:3:4:4:4:2:2:4:3:,recombination,10339.369760954349,3:3:4:4:4:2:2:4:3,2:2:4:4:4:2:3:3:2
3:4:4:4:4:2:2:4:3:,clone,10875.698520043652,3:4:4:4:4:2:2:4:3
2:3:4:4:4:2:2:3:2:,recombination,9988.648967871619,3:3:4:4:4:1:2:3:3,2:3:4:4:4:2:2:2:2
3:3:4:4:4:2:3:3:3:,clone,10976.083508609803,2:3:4:4:4:2:3:3:2
3:3:4:4:4:1:2:4:3:,recombination,10865.7231521182,3:3:4:4:4:1:2:4:3,2:3:4:4:4:3:3:4:2
4:4:4:4:4:1:1:2:4:,clone,9932.776828484824,4:4:4:4:4:1:1:2:4
4:4:4:4:4:1:1:3:4:,clone,10230.178894487626,4:4:4:4:4:1:1:2:4
4:4:2:4:4:1:1:3:4:,recombination,12804.27055361841,4:4:2:4:4:1:1:3:4,3:4:4:4:4:1:2:2:3,MUTATE
4:4:4:4:4:2:2:4:4:,clone,10812.649141945278,4:4:4:4:4:2:2:4:4
2:3:4:4:4:3:3:3:2:,recombination,12106.58896667732,3:3:4:4:4:2:2:2:3,2:3:4:4:4:2:3:2:2
1:2:4:4:3:3:3:4:1:,clone,12305.736246410808,1:2:4:4:3:3:4:4:1
2:3:4:4:4:3:3:3:2:,recombination,12009.161019440748,2:2:4:4:4:3:3:3:2,3:3:4:4:4:2:2:2:3,MUTATE
4:4:4:4:4:2:2:4:4:,clone,10802.247269261932,4:4:4:4:4:2:2:4:4
2:2:4:4:2:3:4:4:1:,clone,14489.081381128028,2:2:4:3:2:4:4:4:1
2:3:4:4:4:1:2:2:3:,recombination,9495.082838680099,3:3:4:4:4:1:1:2:3,4:4:3:4:4:1:1:2:4,MUTATE
2:2:4:4:4:2:3:2:2:,clone,11476.551759551803,2:3:4:4:4:1:3:2:2
3:3:4:4:4:1:1:2:3:,recombination,9413.187462473978,2:3:4:4:4:2:2:2:2,3:3:4:4:4:2:3:3:3
2:3:4:4:3:3:3:4:1:,recombination,11550.42658450544,2:2:4:3:2:4:4:4:1,1:2:4:4:3:3:3:4:1
4:4:3:4:4:1:2:2:4:,clone,12418.438101428665,4:4:3:4:4:1:2:2:4
2:3:4:4:4:2:3:4:2:,clone,10032.93385014944,2:3:4:4:4:2:2:3:2
4:4:4:4:4:3:3:4:4:,recombination,12412.63196362474,4:4:4:4:4:3:3:4:4,4:4:3:4:4:2:2:4:4
1:3:4:4:3:3:3:3:1:,recombination,12712.912607241062,3:3:4:4:4:1:2:1:3,1:2:4:4:3:3:4:4:1,MUTATE
4:4:4:4:4:3:3:4:4:,clone,12220.741226088434,4:4:4:4:4:3:3:4:4
2:3:4:4:4:3:3:4:2:,recombination,11588.816447391657,3:4:4:4:4:2:2:3:3,2:3:4:4:4:3:3:4:2
4:4:4:4:4:1:1:3:4:,recombination,9812.288059034276,4:4:4:4:4:1:1:3:4,4:4:4:4:4:1:1:4:4,MUTATE
4:4:4:4:4:1:2:4:4:,clone,10619.345406402243,4:4:4:4:4:1:2:4:4
2:3:4:4:4:2:2:4:2:,clone,10039.12534432967,2:3:4:4:4:2:2:3:2
4:3:3:4:4:2:2:3:4:,recombination,11238.024093654747,3:3:3:4:4:3:2:4:3,4:4:4:4:4:1:1:2:4
3:3:4:4:4:1:1:1:3:,clone,9538.810151277346,3:3:4:4:4:1:2:1:3
1:2:4:4:3:3:4:4:1:,recombination,12450.089566179826,2:3:4:4:4:3:3:3:2,2:3:4:4:4:3:3:4:1,MUTATE
3:4:4:4:4:1:2:4:3:,clone,10587.066308323481,3:4:4:4:4:1:2:4:3
2:3:4:4:4:3:3:4:2:,clone,11432.789115507016,2:3:4:4:4:3:3:4:2
3:3:4:4:4:1:1:3:4:,clone,9812.288059034276,3:3:4:4:4:1:1:3:4
3:4:4:4:4:1:1:3:4:,clone,10287.756356318001,4:4:4:4:4:1:1:3:4
1:2:4:3:2:4:4:4:1:,recombination,14032.601741398496,1:2:4:3:2:3:4:4:1,4:4:4:4:4:2:2:2:4,MUTATE
3:3:4:4:4:1:2:4:3:,recombination,10669.62410899534,2:3:4:4:4:2:2:3:2,3:4:4:4:4:3:3:4:3
2:3:4:4:4:3:3:3:2:,recombination,11899.609394184488,1:2:4:4:3:3:4:4:1,3:3:4:4:4:1:1:1:3,MUTATE
4:3:3:4:4:2:2:4:4:,clone,11238.024093654747,4:3:3:4:4:2:2:4:4
3:4:4:4:4:2:3:4:3:,recombination,11144.776570717437,4:4:3:4:4:2:2:3:4,3:4:4:4:4:2:2:4:3,MUTATE
3:3:4:4:4:1:1:1:3:,recombination,9001.039815688338,2:3:4:4:4:1:2:2:3,4:4:4:4:4:3:3:4:4,MUTATE
2:3:4:4:4:2:2:2:2:,clone,10296.194500353517,2:3:4:4:4:2:2:2:3
3:4:4:4:4:0:1:1:4:,recombination,9082.439605649532,4:4:4:4:4:2:2:4:4,3:3:4:4:4:1:1:1:3
2:3:4:4:4:1:2:2:2:,recombination,9658.082538253004,1:2:4:4:4:2:3:3:1,2:2:4:4:4:1:2:1:2,MUTATE
3:3:3:4:4:2:2:4:3:,recombination,10930.675666591089,2:3:4:4:4:3:3:3:2,4:4:3:4:4:2:2:4:4
4:4:3:4:4:1:1:4:4:,clone,11209.182721029985,4:4:3:4:4:1:1:4:4
3:3:4:4:4:2:3:4:3:,recombination,10821.866413250578,2:3:4:4:4:2:2:2:3,4:4:4:4:4:2:2:3:4,MUTATE
3:3:4:4:4:1:1:2:3:,clone,9001.039815688338,3:3:4:4:4:1:1:1:3
2:3:4:4:4:2:2:3:2:,recombination,9729.243299516418,2:3:4:4:4:1:2:2:2,3:3:4:4:4:2:2:3:3,MUTATE
3:3:4:4:4:2:3:4:3:,recombination,10809.558369965973,2:3:4:4:4:3:3:4:2,3:4:4:4:4:1:2:3:3
3:3:4:4:4:2:3:2:3:,recombination,11128.125160173424,3:4:4:4:4:2:2:4:3,3:3:4:4:4:2:3:2:3
2:3:4:4:4:2:2:4:2:,recombination,9809.976336403743,2:3:4:4:4:2:3:4:2,4:4:4:4:4:2:2:3:4
2:3:4:4:4:1:2:3:2:,recombination,9664.79594990467,2:3:4:4:4:2:3:4:2,3:3:4:4:4:2:2:4:3
3:4:4:4:4:1:1:2:4:,recombination,9698.053934776815,3:4:4:4:4:1:1:3:4,3:4:4:4:4:1:2:1:4
2:3:4:4:4:3:3:3:2:,recombination,11891.62878809148,3:3:3:4:4:2:2:4:3,1:2:4:3:2:3:4:4:1,MUTATE
3:3:4:4:4:1:2:2:4:,recombination,10290.125289839523,3:3:3:4:4:2:2:4:3,3:3:4:4:4:0:1:1:3,MUTATE
1:2:4:3:2:3:4:4:1:,clone,12797.934337492336,1:2:4:4:2:3:4:4:1
3:3:4:4:4:1:2:3:4:,clone,10261.562002831955,3:3:4:4:4:1:2:3:4
4:4:4:4:4:2:3:3:4:,recombination,13052.608034033949,2:3:4:4:4:3:3:3:2,3:4:4:4:4:3:3:3:4,MUTATE
3:4:4:4:4:3:3:4:3:,clone,11921.822766140347,3:4:4:4:4:2:3:4:3
2:3:4:4:4:1:2:3:2:,clone,9657.285578356263,2:3:4:4:4:1:2:3:2
3:4:4:4:4:2:3:3:3:,recombination,11792.36293415655,3:3:4:4:4:2:2:4:3,3:4:4:4:4:2:2:2:3,MUTATE
4:4:4:4:4:3:3:4:4:,recombination,12166.694586849871,4:4:4:4:4:2:3:4:4,4:4:4:4:4:3:3:4:4,MUTATE
2:3:4:4:3:3:3:4:2:,recombination,11496.775716784108,2:3:4:4:4:1:2:3:2,2:3:4:4:4:3:3:4:2
1:3:4:3:2:4:4:4:1:,recombination,14352.906639052808,2:3:4:4:3:3:4:4:1,2:3:4:4:4:2:2:3:2,MUTATE
1:3:4:4:3:3:4:4:1:,recombination,12835.35833256758,4:4:4:4:4:3:2:4:4,1:3:4:4:3:3:3:3:1,MUTATE
4:4:3:4:4:1:2:3:4:,recombination,11128.253301636885,3:3:4:4:4:2:2:3:4,2:3:4:4:4:1:2:3:2
2:3:4:4:4:2:3:4:2:,clone,9922.907441813462,2:3:4:4:4:2:3:4:2
3:3:4:4:4:2:3:4:3:,clone,10672.265019843666,3:3:4:4:4:2:3:4:3
1:2:4:4:3:3:4:3:1:,recombination,12880.473618795899,2:3:4:4:4:2:2:3:2,3:3:4:4:4:2:3:2:3
2:3:4:4:4:2:2:4:2:,recombination,9657.285578356263,2:3:4:4:4:1:2:3:2,4:4:4:4:4:2:2:3:4,MUTATE
1:2:4:4:3:2:3:4:1:,recombination,10642.029120749066,2:3:4:4:3:3:3:4:2,2:3:4:4:4:1:3:2:2
3:4:4:4:4:1:2:2:3:,recombination,10066.17978172954,3:4:4:4:4:1:2:2:3,3:4:4:4:4:1:2:1:3
4:3:4:4:4:2:2:4:4:,clone,11299.245748949754,4:3:4:4:4:2:2:4:4
4:4:4:4:4:1:1:2:4:,recombination,9739.916696028218,4:4:4:4:4:0:0:1:4,2:3:4:4:4:2:3:2:3
4:3:4:4:4:3:3:4:4:,clone,13563.345103707705,4:3:4:4:4:3:3:4:4
2:3:4:4:4:1:2:2:2:,recombination,9307.181752652123,3:4:4:4:4:3:3:4:3,2:2:4:4:4:1:2:1:2
3:3:4:4:3:3:3:4:3:,clone,12330.252456550166,3:3:4:4:4:3:3:4:3
1:2:4:3:2:3:4:4:1:,clone,12180.620324070562,1:2:4:3:2:3:4:4:1
4:4:3:4:4:2:2:2:4:,recombination,12656.514556004922,4:4:2:4:4:2:1:4:4,3:3:4:4:4:2:2:2:3,MUTATE
2:2:4:4:4:2:3:3:2:,clone,10861.103855735693,2:2:4:4:4:2:3:3:2
4:4:4:4:4:1:1:2:4:,clone,9720.150616751676,4:4:4:4:4:1:1:2:4
2:3:4:4:3:2:3:4:2:,recombination,11393.55511324884,3:3:4:4:4:2:2:4:3,2:2:4:4:4:2:3:2:2
3:4:4:4:4:1:1:2:3:,recombination,9604.69389929371,3:4:4:4:4:1:1:1:4,4:4:4:4:4:1:2:4:4
2:3:4:4:4:1:2:2:2:,clone,9179.664010081287,2:3:4:4:4:1:2:2:2
2:3:4:3:2:3:4:4:2:,clone,12948.825181057442,2:3:4:3:2:3:4:4:2
4:3:3:4:4:1:2:3:4:,clone,11393.033354116225,4:4:3:4:4:1:2:3:4
2:2:4:4:2:3:4:4:1:,recombination,13647.780040154847,2:2:4:3:2:4:4:4:1,3:4:4:4:4:3:3:4:3
2:2:4:4:3:3:3:4:1:,recombination,12675.81308897182,1:2:4:4:3:3:3:3:1,4:4:4:4:4:1:1:3:4,MUTATE
2:2:4:3:2:3:4:4:1:,clone,12605.137962679893,2:3:4:3:2:3:4:4:2
3:3:4:4:4:1:1:2:4:,recombination,9120.49450844318,4:3:3:4:4:1:2:3:4,4:4:4:4:4:1:1:2:4,MUTATE
2:2:4:4:4:1:2:2:2:,recombination,8970.727569188035,2:2:4:4:4:1:2:1:2,2:2:4:4:3:3:4:4:1,MUTATE
3:3:4:4:4:3:3:4:2:,clone,12030.938598122793,3:3:4:4:4:2:3:4:3
2:3:4:4:4:3:3:4:1:,clone,12834.064623979972,2:3:4:4:4:3:3:4:1
2:2:4:4:4:1:2:2:2:,clone,8902.183862115247,2:2:4:4:4:1:2:2:2
4:4:4:4:4:0:1:1:4:,recombination,9451.537487363621,3:4:4:4:4:1:2:2:3,4:4:4:4:4:0:1:1:4
1:2:4:3:2:4:4:4:1:,clone,12605.137962679893,1:2:4:3:2:4:4:4:1
4:4:3:4:4:1:1:3:4:,recombination,10737.74544796056,3:3:4:4:4:2:2:3:4,4:3:4:4:4:1:2:4:4,MUTATE
4:4:4:4:4:1:1:1:4:,recombination,9856.229311364274,4:4:4:4:4:1:2:2:4,4:4:4:4:4:1:1:2:4,MUTATE
2:2:4:4:4:3:3:4:1:,clone,11298.911342866846,2:2:4:4:4:3:3:4:1
4:3:4:4:4:3:3:4:4:,clone,13555.666709785593,4:3:4:4:4:3:3:4:4
2:3:4:4:4:1:2:2:3:,clone,9457.829040708311,2:3:4:4:4:1:2:2:3
2:2:4:4:4:2:3:2:2:,clone,10959.260018482275,2:2:4:4:4:2:3:3:2
2:3:4:4:3:3:3:4:2:,clone,11465.002734643114,2:3:4:4:3:3:3:4:2
3:3:4:4:4:2:2:3:4:,clone,11393.446257039324,3:3:4:4:4:2:2:3:4
4:3:3:4:4:2:3:4:4:,recombination,12550.813807534332,1:2:4:4:3:2:3:4:1,4:4:3:4:4:2:2:4:4
2:3:4:4:4:3:3:4:1:,recombination,12517.781912526836,4:4:4:4:4:1:1:3:4,1:2:4:4:3:3:3:4:1
4:4:4:4:4:1:1:2:4:,clone,9621.149468957019,4:4:4:4:4:1:1:2:4
2:3:4:3:2:3:4:4:2:,recombination,12613.333184969279,2:3:4:4:4:3:3:4:2,3:4:4:4:4:2:2:2:3
3:3:4:4:3:3:3:4:2:,clone,12193.424169443686,2:3:4:4:3:3:3:4:2
3:3:4:4:4:2:3:4:2:,recombination,11221.923353234062,3:3:4:4:4:2:2:4:3,4:4:3:4:4:1:1:4:4,MUTATE
2:3:4:4:4:3:3:4:2:,recombination,11374.616290776878,2:3:4:4:4:1:2:2:2,4:4:4:4:4:1:1:3:4,MUTATE
2:3:4:4:4:1:2:2:3:,clone,9021.066010129136,2:3:4:4:4:1:2:2:3
3:3:4:4:4:2:2:4:3:,clone,10325.214257705746,3:3:4:4:4:2:2:4:3
2:3:4:4:4:1:2:2:2:,clone,9037.669723028883,2:3:4:4:4:1:2:2:3
2:3:4:4:3:3:4:4:2:,recombination,12565.3193994842,3:4:4:4:4:2:2:3:3,3:4:4:4:4:1:1:2:4,MUTATE
1:3:4:4:4:3:3:4:1:,recombination,12647.086132415752,2:3:4:4:4:1:2:2:2,2:3:4:4:4:3:3:4:1
2:3:4:4:3:3:4:4:2:,clone,12319.288147733469,2:3:4:3:3:3:4:4:2
2:3:4:3:2:3:4:4:1:,recombination,12438.399400070677,4:4:3:4:4:2:2:3:4,3:4:4:4:4:3:3:4:3
2:3:4:4:2:3:4:4:1:,recombination,13621.049200773632,1:3:4:4:3:3:3:3:1,4:4:3:4:4:1:2:4:4
2:2:4:4:3:3:4:4:1:,recombination,13237.578117605677,4:4:4:4:4:2:3:4:4,1:2:4:4:4:3:3:2:1,MUTATE
1:2:4:2:1:4:4:4:1:,recombination,13292.02905916912,1:2:4:3:2:3:4:4:1,3:4:4:4:4:1:1:2:4,MUTATE
1:3:4:4:3:3:3:4:1:,clone,12636.631829875812,1:3:4:4:3:3:3:4:1
1:2:4:4:2:4:4:4:1:,clone,14491.808072209502,1:2:4:3:2:4:4:4:1
3:4:4:4:4:1:1:2:4:,recombination,9524.055221226017,3:4:4:4:4:1:2:3:4,4:4:4:4:4:1:1:2:4,MUTATE
3:3:4:4:4:3:3:4:3:,clone,11636.375021114383,3:3:4:4:4:3:3:4:3
1:3:4:4:3:3:3:4:1:,recombination,12211.576863708848,4:4:4:4:4:2:2:3:4,2:3:4:4:4:3:3:4:1,MUTATE
4:4:4:4:4:0:0:0:4:,recombination,9428.123067170223,4:4:4:4:4:1:1:2:4,3:3:4:4:4:3:3:4:2,MUTATE
2:3:4:4:3:3:4:4:1:,recombination,13056.837955253024,1:3:4:4:3:3:4:4:1,1:2:4:4:4:3:3:2:1
2:2:4:4:3:3:4:4:2:,recombination,13908.819569134947,2:3:4:4:4:2:3:2:2,4:4:4:4:4:2:3:4:4
4:4:4:4:4:0:1:2:4:,recombination,9738.785179807237,4:4:4:4:4:0:1:1:4,3:4:4:4:4:2:3:3:4,MUTATE
2:3:4:3:2:4:4:4:2:,recombination,13389.944210305859,2:3:4:4:3:3:4:4:2,2:2:4:3:2:3:4:4:1,MUTATE
3:3:4:4:4:1:2:4:3:,clone,10360.850086642666,3:3:4:4:4:2:2:4:3
2:2:4:4:4:2:3:3:2:,clone,10747.409347115701,2:2:4:4:4:2:3:3:2
2:2:4:4:4:3:3:4:2:,clone,12083.741506335811,2:2:4:4:4:3:3:4:2
2:3:4:4:4:1:1:2:3:,clone,8877.63896409078,2:3:4:4:4:1:2:2:2
2:3:4:3:2:3:4:4:1:,clone,11598.029839840976,2:3:4:3:2:3:4:4:1
2:3:4:4:3:3:4:4:1:,recombination,12903.830245472791,2:3:4:4:4:2:3:3:2,2:3:4:4:3:3:4:4:2
3:3:4:4:4:3:3:4:2:,clone,12019.759621940579,3:3:4:4:4:2:3:4:3
4:4:1:4:4:0:0:0:4:,clone,11244.6711762281,3:3:4:4:4:2:3:4:3
2:3:4:4:3:3:4:4:1:,clone,12903.677214996298,2:3:4:4:3:3:4:4:1
2:2:4:3:2:4:4:4:1:,recombination,13304.166699787076,2:3:4:4:3:3:4:4:1,2:3:4:3:2:4:4:4:2
3:4:4:4:4:1:2:2:3:,recombination,9873.645066645606,3:4:4:4:4:2:2:2:3,2:3:4:4:4:1:2:2:3
2:2:4:4:3:4:4:4:1:,recombination,12917.269837630925,2:3:4:4:4:2:2:3:2,4:4:4:4:4:2:2:3:4,MUTATE
1:2:4:3:2:3:4:4:1:,recombination,12145.580482195175,3:4:4:4:4:1:2:3:4,1:2:4:3:2:3:4:4:1,MUTATE
4:4:3:4:4:1:1:1:4:,recombination,11830.02053509082,4:4:1:4:4:0:0:0:4,3:4:4:4:4:1:2:3:4,MUTATE
2:2:4:4:3:3:4:4:1:,recombination,12882.65300499776,1:2:4:4:4:3:3:3:1,3:4:4:4:4:2:3:4:3
2:2:4:4:3:3:3:4:2:,recombination,12580.017744720271,3:3:4:4:4:2:2:3:3,2:3:4:4:4:3:3:3:2
4:4:4:4:4:0:1:1:4:,clone,8915.304405122446,4:4:4:4:4:0:1:1:4
2:2:4:4:4:3:3:4:1:,recombination,11077.811234666917,2:2:4:3:2:4:4:4:1,2:2:4:4:4:2:3:4:2,MUTATE
4:4:2:4:4:1:1:1:4:,recombination,11408.705272330253,3:4:4:4:4:2:2:3:3,4:3:4:4:4:2:3:4:4
2:2:4:3:2:4:4:4:1:,recombination,13159.551956567815,2:2:4:3:2:4:4:4:1,3:3:4:4:4:2:2:3:3
2:3:4:4:4:3:3:4:2:,recombination,11364.11597346778,2:3:4:4:4:3:3:4:2,2:3:4:4:4:2:2:3:2
4:4:2:4:4:1:1:1:4:,clone,11298.421339328306,4:4:2:4:4:1:1:1:4
4:4:3:4:4:0:0:1:4:,recombination,10925.13406049833,4:4:3:4:4:1:1:1:4,4:4:4:4:4:0:1:1:4,MUTATE
1:3:4:4:4:2:3:3:1:,clone,11913.134197823778,1:3:4:4:4:2:3:3:1
4:4:2:4:4:0:0:0:4:,clone,11125.125872102648,4:4:2:4:4:0:0:0:4
1:2:4:3:1:4:4:4:1:,clone,13341.028660437236,1:2:4:3:1:4:4:4:1
2:2:4:4:3:3:4:4:1:,recombination,12558.216462456461,3:4:4:4:4:1:2:3:3,1:2:4:3:2:3:4:4:1
1:2:4:4:2:4:4:4:1:,recombination,13752.022853766728,2:2:4:4:2:3:4:4:1,1:2:4:4:3:3:4:4:1,MUTATE
4:4:3:4:4:1:1:1:4:,recombination,11231.87596908887,4:4:2:4:4:1:1:1:4,2:3:4:4:4:3:3:4:2,MUTATE
3:3:4:4:4:2:3:3:3:,recombination,10848.711326584378,4:4:4:4:4:3:3:4:4,2:3:4:4:4:2:2:2:2
3:3:3:4:4:2:3:4:3:,clone,12408.632118318837,3:3:3:4:4:2:3:4:3
3:3:4:4:4:3:3:4:3:,clone,11566.312537134796,3:3:4:4:4:3:3:4:3
2:2:4:3:2:3:4:4:1:,recombination,12558.098304438,3:3:4:4:4:2:2:2:3,1:2:4:3:2:3:4:4:1
2:2:4:4:4:2:3:4:1:,recombination,11325.467034892517,3:3:4:4:4:1:2:2:3,2:2:4:4:4:3:3:4:1
2:2:4:4:3:3:3:4:2:,clone,12313.83098730902,2:2:4:4:3:3:3:4:2
3:3:4:4:4:3:3:4:3:,recombination,11433.009782956738,3:3:4:4:4:3:3:4:3,3:3:4:4:4:3:3:4:2
4:3:4:4:4:3:3:4:4:,clone,13414.661803338606,4:3:4:4:4:3:3:4:4
4:4:4:4:4:1:1:2:4:,clone,9566.775012681512,4:4:4:4:4:1:1:2:4
2:2:4:3:3:3:4:4:2:,recombination,11989.606814060091,2:2:4:4:3:3:3:4:2,4:4:4:4:4:2:2:3:4
4:4:4:4:4:1:1:4:4:,recombination,11885.323805216283,4:4:4:4:4:1:1:4:4,3:3:4:4:4:2:2:4:3
2:2:4:4:3:3:3:3:2:,recombination,13652.489890467494,1:2:4:4:4:3:3:2:1,2:3:4:4:4:1:2:3:2
3:3:4:4:4:2:3:4:2:,recombination,10647.520291949844,1:2:4:3:2:3:4:4:1,3:3:4:4:4:3:3:4:3,MUTATE
1:2:4:4:2:4:4:4:1:,clone,13638.526771074507,1:2:4:4:2:4:4:4:1
4:4:2:4:4:0:0:0:4:,clone,11096.85380102901,4:4:2:4:4:0:0:0:4
2:2:4:4:3:3:3:4:1:,clone,12071.834888898102,2:3:4:4:3:3:3:4:2
4:4:4:4:4:1:1:1:4:,clone,9663.365476878233,4:4:4:4:4:1:1:2:4
2:2:4:4:3:3:4:4:2:,recombination,13301.292584355944,2:3:4:4:4:3:3:4:2,3:3:4:4:4:2:3:2:3,MUTATE
1:2:4:2:1:4:4:4:1:,clone,13089.715864971928,1:2:4:2:1:4:4:4:1
1:2:4:4:4:3:3:4:1:,recombination,11389.030769926925,1:2:4:4:4:3:3:3:1,2:2:4:4:4:3:3:4:1
1:3:4:4:3:3:4:4:1:,clone,12576.207643160462,2:3:4:4:3:3:4:4:1
2:2:4:4:3:3:4:4:2:,clone,12653.860026902426,2:2:4:4:3:3:4:4:2
1:2:4:4:2:4:4:4:1:,clone,13222.328352040302,1:2:4:4:2:4:4:4:1
2:2:4:4:3:3:3:4:1:,recombination,11847.281155387313,2:2:4:4:4:2:3:2:2,2:3:4:4:3:3:4:4:1
2:3:4:4:4:1:3:4:2:,recombination,11140.965842841904,4:4:4:4:4:0:1:1:4,2:3:4:4:4:1:2:2:2,MUTATE
1:2:4:4:3:3:4:4:1:,recombination,12385.085174124662,3:4:4:4:4:2:3:4:3,2:2:4:4:4:3:3:4:1,MUTATE
2:2:4:4:4:1:2:3:2:,clone,10070.911549758179,2:2:4:4:4:1:2:3:2
4:4:4:4:4:1:2:2:4:,recombination,9870.073010922333,4:4:4:4:4:2:2:4:4,4:4:4:4:4:1:1:2:4,MUTATE
1:2:4:2:1:4:4:4:1:,clone,13061.20232970078,1:2:4:2:1:4:4:4:1
1:2:4:2:1:4:4:4:0:,clone,13061.20232970078,1:2:4:2:1:4:4:4:0
2:3:4:4:2:3:4:4:2:,recombination,13085.01063237534,3:4:4:4:4:3:3:4:3,3:4:4:4:4:3:3:4:3,MUTATE
2:2:4:4:4:2:3:2:2:,clone,10900.516029024568,1:2:4:4:4:2:3:3:1
2:3:4:4:3:3:4:4:1:,recombination,12807.695108517077,3:3:4:4:4:1:2:2:3,3:3:4:4:4:3:3:4:2
2:2:4:4:4:2:3:4:1:,recombination,10889.345342256067,2:2:4:4:4:1:2:1:2,3:4:4:4:4:2:3:3:3,MUTATE
4:3:4:4:4:2:2:4:4:,recombination,10826.907044275498,4:3:4:4:4:2:2:4:4,4:4:3:4:4:1:1:3:4
4:4:4:4:4:0:0:1:4:,recombination,9927.963243310214,4:4:4:4:4:0:0:0:4,2:3:4:4:4:2:2:4:2,MUTATE
2:3:4:4:3:3:4:4:1:,clone,12760.77449867745,2:3:4:4:3:3:4:4:1
1:2:4:4:2:3:4:4:1:,clone,13237.347680056444,1:2:4:4:3:3:3:4:1
1:2:4:3:1:4:4:4:1:,recombination,13291.697872654886,2:2:4:4:3:3:3:4:2,2:2:4:3:2:3:4:4:1,MUTATE
4:4:3:4:4:0:0:0:4:,clone,9560.079117759813,4:4:4:4:4:0:0:1:4
1:2:4:4:4:2:3:3:1:,recombination,11151.792620832479,2:2:4:4:4:2:3:3:2,4:4:4:4:4:2:2:4:4
2:3:4:3:2:4:4:4:1:,clone,13510.999843057882,2:3:4:3:2:3:4:4:1
4:4:4:4:4:1:2:2:4:,clone,9703.542883903221,4:4:4:4:4:1:2:2:4
4:4:4:4:4:0:0:0:4:,clone,9214.609466087653,4:4:4:4:4:0:0:0:4
4:4:3:4:4:0:1:1:4:,recombination,9751.0897983975,3:3:4:4:4:1:1:2:4,4:4:1:4:4:0:0:0:4
4:4:4:4:4:0:0:1:4:,recombination,9527.718567580041,3:4:4:4:4:1:1:2:4,4:4:3:4:4:1:2:3:4
4:4:2:4:4:0:0:0:4:,clone,10902.656732338413,4:4:2:4:4:0:0:0:4
4:4:1:4:4:0:0:0:4:,clone,11239.021401973943,4:4:2:4:4:0:0:0:4
3:4:4:4:4:1:2:2:4:,recombination,9610.362730311364,4:4:4:4:4:1:1:2:4,1:2:4:4:3:3:4:4:1
2:2:4:4:4:1:2:3:2:,clone,10062.755714826417,2:2:4:4:4:1:2:3:2
3:4:4:4:4:1:2:3:4:,recombination,9893.790673475303,2:2:4:4:4:1:2:1:2,4:4:4:4:4:1:2:2:4
4:4:4:4:4:1:2:3:4:,clone,9738.398945673063,3:4:4:4:4:1:2:3:4
1:2:4:4:4:2:3:3:1:,clone,11095.752031113316,1:2:4:4:4:2:3:3:1
1:2:4:4:4:3:3:4:1:,clone,11243.823557928083,1:2:4:4:4:3:3:4:1
2:3:4:4:3:3:4:4:1:,clone,12736.024252100733,2:3:4:3:2:3:4:4:1
2:2:4:4:4:1:2:3:2:,recombination,9884.206170718693,2:2:4:4:4:1:2:1:2,3:3:4:4:4:3:2:4:3,MUTATE
4:4:3:4:4:1:1:2:4:,recombination,10481.810875423263,4:4:4:4:4:1:2:2:4,4:3:4:4:4:2:3:4:4,MUTATE
2:2:4:4:4:2:3:3:2:,recombination,10375.805994972967,2:2:4:4:4:1:2:3:2,4:4:3:4:4:2:2:2:4,MUTATE
4:4:4:4:4:2:2:3:4:,recombination,10587.034295223673,3:4:4:4:4:2:2:2:3,3:4:4:4:4:1:2:3:4
1:2:4:2:1:4:4:4:0:,clone,12841.823823190723,1:2:4:2:1:4:4:4:0
1:2:4:4:4:2:3:4:1:,recombination,10730.54828939228,2:2:4:4:4:1:2:3:2,3:4:4:4:4:2:2:3:4,MUTATE
2:3:4:4:3:4:4:4:1:,recombination,13551.254116452446,3:4:4:4:4:2:3:4:3,2:3:4:4:4:3:3:3:2
2:2:4:3:2:4:4:4:1:,clone,12867.477861792931,2:2:4:3:2:3:4:4:1
3:3:4:4:4:1:1:3:3:,recombination,9862.614864107612,3:4:4:4:4:1:1:2:3,3:4:4:4:4:2:2:3:3,MUTATE
1:2:4:4:3:3:4:4:1:,recombination,12005.798298799351,2:2:4:4:4:1:2:3:2,3:3:4:4:4:2:3:4:3,MUTATE
2:3:4:4:3:4:3:4:2:,clone,13159.101241696135,2:3:4:4:3:4:3:4:2
3:3:4:4:4:1:2:3:4:,clone,10245.082603428564,4:4:4:4:4:1:2:3:4
1:2:4:4:4:3:3:4:1:,clone,11051.434644176039,1:2:4:4:4:3:3:4:1
1:2:4:4:4:2:3:3:1:,recombination,10737.83804134174,2:3:4:4:4:3:3:4:2,2:2:4:4:4:1:2:3:2,MUTATE
4:3:4:4:4:2:2:4:4:,clone,10670.181893327428,4:3:4:4:4:2:2:4:4
2:3:4:4:4:3:3:4:2:,recombination,11281.064647114923,4:4:4:4:4:0:1:2:4,4:4:4:4:4:3:3:4:4,MUTATE
3:3:4:4:4:2:2:3:3:,recombination,10330.171948316436,3:3:4:4:4:1:1:1:3,2:3:4:4:4:1:2:2:2
4:4:2:4:4:0:0:1:4:,recombination,11085.801966427356,1:2:4:3:2:3:4:4:1,4:3:4:4:4:2:3:4:4,MUTATE
2:3:4:3:2:4:4:4:1:,recombination,13270.078488991838,3:3:4:4:4:3:3:4:2,3:4:4:4:4:2:2:4:3,MUTATE
1:3:4:3:2:4:4:4:1:,recombination,12963.715220299087,3:3:4:4:4:3:3:4:3,3:4:4:4:4:2:3:4:3,MUTATE
1:2:4:3:1:4:4:4:1:,clone,13072.460154471086,1:2:4:3:1:4:4:4:1
1:3:4:3:2:4:4:4:1:,clone,12623.317575923562,1:3:4:3:2:4:4:4:1
3:3:4:4:4:2:3:4:3:,recombination,10638.657545851604,2:3:4:4:4:2:3:2:2,4:4:4:4:4:1:1:2:4,MUTATE
1:2:4:2:0:4:4:4:0:,clone,13937.85495325874,1:2:4:2:0:4:4:4:0
2:3:4:4:3:3:3:4:2:,clone,11351.127131094512,2:3:4:4:3:3:3:4:2
3:3:4:4:4:2:3:4:3:,clone,10554.144577017383,3:3:4:4:4:2:3:4:3
1:2:4:2:1:4:4:4:1:,recombination,13029.570131046834,3:4:4:4:4:2:2:4:3,2:2:4:3:2:4:4:4:1
1:2:4:3:1:4:4:4:0:,recombination,13327.990446336511,1:3:4:3:2:4:4:4:1,3:3:4:4:4:1:2:3:3,MUTATE
1:2:4:2:0:4:4:4:0:,clone,13870.729886921074,1:2:4:2:0:4:4:4:0
4:4:2:4:4:0:0:0:4:,clone,10888.958029930505,4:4:2:4:4:0:0:0:4
1:2:4:4:2:4:4:4:1:,clone,13082.115066450344,1:2:4:3:2:4:4:4:1
3:4:4:4:4:1:1:3:3:,clone,9808.30555245046,3:4:4:4:4:1:1:3:3
4:4:3:4:4:1:1:4:4:,clone,10945.01471585628,4:3:4:4:4:1:1:4:4
1:2:4:4:4:2:3:2:1:,clone,11809.614380305582,1:2:4:4:4:2:3:2:1
1:2:4:2:1:4:4:4:0:,recombination,12791.20852665143,4:4:4:4:4:1:1:2:4,1:2:4:3:2:4:4:4:1,MUTATE
3:3:4:4:4:1:1:3:3:,clone,9737.872240550754,3:4:4:4:4:1:1:3:3
1:2:4:3:2:3:4:4:1:,recombination,11971.53725198873,3:3:4:4:3:3:3:4:2,3:4:4:4:4:1:1:3:3
3:3:4:4:4:2:3:3:3:,clone,10723.39650580462,2:3:4:4:4:2:3:4:2
2:3:4:3:3:3:4:4:1:,recombination,11526.432546846363,2:3:4:4:4:3:3:4:2,4:4:3:4:4:2:2:4:4
1:2:4:3:2:3:4:4:1:,clone,11820.614013739812,1:2:4:3:2:3:4:4:1
1:2:4:3:1:4:4:4:1:,recombination,12668.0512721438,2:3:4:4:3:3:4:4:1,3:4:4:4:4:3:3:4:3
2:3:4:3:2:3:3:4:1:,clone,11239.160676760317,2:3:4:4:3:3:3:4:2
1:2:4:3:1:3:4:4:1:,clone,12560.877849779736,1:2:4:2:1:4:4:4:1
1:2:4:2:1:4:4:4:1:,clone,12583.237155557223,1:2:4:2:1:4:4:4:1
2:3:4:4:3:3:4:4:1:,clone,12501.544587000839,2:3:4:4:3:3:3:4:2
2:3:4:4:3:4:4:4:1:,clone,13019.283989349535,2:3:4:4:3:4:4:4:1
1:2:4:3:2:4:4:4:1:,recombination,12388.802938103656,3:3:4:4:4:3:3:4:3,3:3:4:4:4:2:2:4:3,MUTATE
1:2:4:1:0:4:4:4:0:,recombination,13845.194389993512,2:3:4:3:2:4:4:4:2,3:3:4:4:4:2:3:3:3
3:3:4:4:4:2:2:3:3:,recombination,10233.531954251504,3:3:4:4:4:1:1:2:3,2:3:4:4:4:2:2:3:2,MUTATE
2:3:4:3:2:4:4:4:2:,recombination,12882.68393277083,4:4:4:4:4:3:2:4:4,2:2:4:4:3:3:4:4:1,MUTATE
2:2:4:4:2:4:4:4:1:,clone,13360.88863865635,2:2:4:4:2:4:4:4:1
1:3:4:4:3:2:3:4:1:,recombination,12100.635024181696,2:3:4:4:4:1:2:2:2,1:3:4:4:4:2:3:3:1,MUTATE
2:3:4:4:3:3:3:4:1:,recombination,11447.802173607022,4:4:2:4:4:1:1:1:4,2:3:4:4:4:1:2:2:2,MUTATE
1:2:4:4:3:3:3:4:1:,recombination,11799.914210118186,2:2:4:4:4:2:3:2:2,3:4:4:4:4:2:2:3:3,MUTATE
1:2:4:2:1:3:4:4:1:,recombination,12605.724094373667,2:2:4:3:3:3:4:4:2,3:4:4:4:4:3:3:4:3
1:3:4:4:3:2:3:3:1:,recombination,12030.534714018215,1:2:4:4:3:2:3:3:1,1:2:4:4:3:3:4:4:1,MUTATE
2:2:4:3:2:3:4:4:1:,recombination,12513.520803996638,4:4:4:4:4:1:2:4:4,3:3:4:4:4:2:3:4:2,MUTATE
2:3:4:4:3:3:3:4:1:,clone,11316.967349620527,2:3:4:4:3:3:3:4:1
2:3:4:4:3:3:3:4:2:,clone,11196.553141996945,2:3:4:4:4:3:3:4:2
3:3:4:4:4:3:3:4:2:,recombination,11847.814978672537,4:4:4:4:4:1:2:3:4,4:4:4:4:4:3:3:4:4
2:3:4:3:2:3:4:4:1:,clone,11351.127131094512,2:3:4:3:2:3:4:4:1
1:2:4:4:3:3:3:4:1:,clone,11790.392092696637,1:2:4:4:3:3:3:4:1
2:2:4:3:2:3:3:4:1:,recombination,11236.52708627595,2:3:4:4:4:3:3:4:2,4:4:4:4:4:1:1:1:4,MUTATE
2:2:4:4:2:4:4:4:1:,clone,13357.806657980413,2:2:4:4:2:4:4:4:1
3:4:4:4:4:2:2:4:3:,recombination,10864.33966245996,1:2:4:4:3:3:4:4:1,4:4:3:4:4:1:1:3:4
2:2:4:3:2:3:4:4:1:,clone,11710.324528579873,2:2:4:3:2:3:4:4:1
1:2:4:2:0:4:4:4:0:,recombination,13835.446899431818,1:2:4:2:0:4:4:4:0,4:4:4:4:4:1:1:3:4
1:2:4:4:3:3:3:4:1:,clone,11579.07128670434,2:2:4:4:4:2:3:4:2
2:2:4:3:2:3:4:4:1:,clone,11568.798312611925,2:2:4:3:2:3:4:4:1
2:3:4:4:3:4:4:4:1:,clone,12434.336639233616,2:3:4:4:3:4:4:4:1
1:2:4:2:1:3:4:4:1:,recombination,11651.719736794203,2:2:4:3:2:3:4:4:1,2:3:4:4:4:1:2:2:2,MUTATE
2:3:4:3:2:4:4:4:1:,clone,12434.336639233616,2:3:4:3:2:4:4:4:1
1:2:4:2:1:4:4:4:1:,recombination,12262.348903849743,2:3:4:4:4:3:3:4:2,3:4:4:4:4:3:3:4:3
2:3:4:4:2:3:4:4:1:,recombination,13180.635854966886,3:4:4:4:4:2:3:4:3,4:3:3:4:4:1:2:3:4
1:3:4:4:3:3:4:4:1:,recombination,12225.35570313756,2:3:4:4:4:1:2:2:3,1:2:4:4:3:3:4:4:1
1:2:4:3:2:4:4:4:1:,clone,11930.871382846255,1:2:4:3:2:4:4:4:1
2:2:4:3:2:4:4:4:1:,clone,12417.17305197679,2:3:4:3:2:4:4:4:1
4:3:4:4:4:3:3:4:3:,recombination,12963.757223196497,2:2:4:3:2:4:4:4:1,4:4:3:4:4:3:2:4:4,MUTATE
2:2:4:4:2:3:4:4:1:,recombination,13196.528884664629,2:2:4:4:3:3:3:4:2,4:4:3:4:4:3:2:4:4,MUTATE
1:3:4:3:2:3:4:4:1:,recombination,12548.212625184073,1:2:4:4:4:3:3:2:1,2:3:4:4:2:3:4:4:2,MUTATE
3:4:4:4:4:1:1:2:3:,clone,9594.695793774,3:4:4:4:4:1:1:2:3
2:2:4:4:3:3:4:4:1:,recombination,12216.52366603482,1:2:4:2:1:4:4:4:1,4:4:4:4:4:1:1:2:4,MUTATE
2:2:4:4:2:4:4:4:1:,clone,13287.411253287459,2:2:4:4:2:4:4:4:1
2:3:4:3:2:4:4:4:2:,clone,12681.791835762351,2:3:4:3:2:4:4:4:1
1:2:4:3:1:4:4:4:1:,recombination,11869.848440305333,2:2:4:3:2:3:4:4:1,2:3:4:4:4:3:3:3:2
1:2:4:3:2:3:4:4:1:,clone,11152.18359281017,1:2:4:3:2:3:4:4:1
1:2:4:3:2:4:4:4:1:,clone,11818.90492851206,1:2:4:3:2:4:4:4:1
1:3:4:4:3:2:3:4:1:,clone,11972.421641767218,1:3:4:4:3:2:3:4:1
1:2:4:3:3:3:4:4:1:,clone,12338.334854293213,1:2:4:3:3:3:4:4:1
1:2:4:3:2:4:4:4:1:,clone,11803.172851882791,1:2:4:3:2:4:4:4:1
2:2:4:3:2:4:4:4:1:,clone,12276.084973962446,2:2:4:3:2:4:4:4:1
3:3:4:4:4:3:3:4:2:,recombination,11575.065694674311,4:3:4:4:4:2:2:4:4,1:2:4:2:0:4:4:4:0
2:3:4:4:3:4:4:4:2:,clone,12453.600077540075,2:3:4:3:2:4:4:4:1
2:2:4:4:4:3:3:4:2:,clone,11662.41809473532,2:3:4:4:4:3:3:4:2
2:3:4:3:2:4:4:4:1:,clone,12377.701814254087,2:3:4:3:2:4:4:4:1
2:3:4:4:2:3:4:4:2:,recombination,13065.180073908125,4:4:4:4:4:1:1:2:4,3:4:4:4:4:1:2:4:3,MUTATE
1:3:4:3:1:4:4:4:1:,recombination,12505.28620900383,3:3:4:4:4:3:3:4:3,4:4:4:4:4:0:0:0:4
1:2:4:3:2:4:4:4:1:,clone,11773.04483420442,1:2:4:3:2:4:4:4:1
2:2:4:4:3:3:4:4:1:,recombination,12022.422467879624,1:3:4:4:3:3:4:4:1,3:3:4:4:4:2:3:4:3,MUTATE
1:2:4:3:1:4:4:4:0:,recombination,12864.649185884628,3:4:4:4:4:2:3:4:3,3:3:4:4:4:1:2:2:3,MUTATE
2:3:4:4:3:3:4:4:1:,clone,12200.306186106882,2:3:4:4:3:3:4:4:1
2:2:4:3:2:4:4:4:1:,recombination,12004.814602901803,3:3:4:4:4:2:3:4:2,3:3:4:4:4:2:2:4:3,MUTATE
4:4:2:4:4:0:0:1:4:,clone,10902.956616268268,4:4:2:4:4:0:0:0:4
0:2:4:1:0:4:4:4:0:,recombination,14124.726026531587,4:4:4:4:4:1:1:2:4,1:2:4:1:0:4:4:4:0
2:3:4:4:3:4:4:4:2:,recombination,12377.701814254087,4:4:4:4:4:3:3:4:4,4:4:2:4:4:2:1:4:4
4:4:2:4:4:0:0:1:4:,clone,10671.226105380529,4:4:2:4:4:0:0:1:4
1:2:4:2:1:4:4:4:0:,clone,12784.341229342046,1:2:4:2:1:4:4:4:0
2:3:4:4:4:3:3:4:1:,recombination,12054.934295907517,2:3:4:4:3:3:3:4:2,3:4:4:4:4:1:2:2:3
2:2:4:3:1:4:4:4:1:,recombination,13450.78668904031,4:4:4:4:4:2:2:4:4,3:3:4:4:4:2:3:4:3,MUTATE
2:3:4:4:3:4:3:4:2:,recombination,13069.410236293299,3:4:4:4:4:2:3:4:3,4:3:3:4:4:2:3:4:4
2:2:4:3:1:4:4:4:1:,clone,13328.572880275315,2:2:4:3:1:4:4:4:1
1:2:4:2:1:4:4:4:1:,clone,11939.858298324589,1:2:4:2:1:4:4:4:1
2:3:4:4:3:3:3:4:1:,recombination,11043.001533746588,2:3:4:3:2:3:4:4:1,3:3:4:4:4:2:3:2:3
1:2:4:2:1:4:4:4:0:,recombination,11607.556622451224,2:3:4:4:4:3:3:4:2,4:4:4:4:4:2:2:3:4,MUTATE
2:3:4:4:3:3:3:4:1:,clone,10948.68158527194,2:3:4:4:3:3:3:4:1
1:2:4:2:1:4:4:4:1:,recombination,11784.368015346172,1:2:4:2:1:4:4:4:0,3:4:4:4:4:1:2:1:4,MUTATE
0:2:4:1:0:4:4:4:0:,recombination,13777.13122998674,4:4:4:4:4:1:2:2:4,1:2:4:2:0:4:4:4:0,MUTATE
2:2:4:4:3:3:3:4:2:,clone,11989.80400628658,2:2:4:4:3:3:3:4:2
4:3:4:4:4:3:3:4:3:,recombination,12693.982699380267,4:4:3:4:4:3:2:4:4,2:3:4:4:4:2:2:4:2
1:2:4:3:3:3:3:4:1:,clone,11319.028978950942,2:3:4:4:3:3:3:4:1
2:3:4:4:3:4:4:4:1:,recombination,12301.041340924266,4:4:4:4:4:3:3:4:4,3:3:4:4:4:3:3:4:2
1:2:4:2:1:4:4:4:0:,clone,11579.527191292613,1:2:4:2:1:4:4:4:0
1:2:4:4:3:3:3:4:1:,clone,11548.842065061897,1:2:4:4:3:3:3:4:1
1:2:4:2:0:4:4:4:0:,recombination,12974.15259911632,3:3:4:4:4:2:3:2:3,2:2:4:3:2:3:4:4:1
2:3:4:3:2:4:4:4:1:,recombination,12331.694365483478,4:4:4:4:4:2:2:3:4,1:2:4:3:1:4:4:4:1,MUTATE
1:2:4:3:2:4:4:4:1:,clone,11572.67462434204,1:2:4:3:2:4:4:4:1
1:2:4:3:2:3:4:4:0:,recombination,12544.557012573749,4:4:2:4:4:1:1:1:4,2:2:4:4:4:3:3:4:1,MUTATE
2:2:4:3:1:4:4:4:1:,recombination,13104.148657051888,4:4:4:4:4:2:2:3:4,4:4:4:4:4:1:2:4:4
2:3:4:3:2:4:4:4:2:,clone,12568.476121922155,2:3:4:3:2:4:4:4:2
2:3:4:4:4:3:3:4:1:,recombination,11698.491158087156,1:2:4:4:4:3:3:4:1,3:4:4:4:4:2:2:4:3,MUTATE
2:3:4:4:3:2:3:3:2:,recombination,12139.129595227698,1:2:4:4:3:2:3:3:1,3:3:4:4:4:1:2:1:3
2:2:4:3:2:3:4:4:1:,recombination,11502.612140362453,1:2:4:3:2:4:4:4:1,4:4:3:4:4:1:1:1:4
4:4:4:4:4:3:3:3:4:,clone,13219.107181000314,4:4:4:4:4:2:3:3:4
2:2:4:3:2:4:4:4:1:,clone,11913.038832628175,2:2:4:3:2:3:4:4:1
1:2:4:2:1:4:4:4:1:,clone,11731.26887312079,1:2:4:2:1:4:4:4:1
2:2:4:4:3:3:3:4:1:,recombination,11679.060120546805,4:4:4:4:4:1:2:4:4,1:2:4:3:3:3:3:4:1,MUTATE
2:3:4:4:3:2:3:4:1:,recombination,11938.870409429379,2:3:4:3:2:4:4:4:1,1:2:4:3:2:3:4:4:1,MUTATE
1:3:4:4:4:2:3:4:1:,recombination,12461.825605508415,3:4:4:4:4:1:2:3:4,1:3:4:4:3:2:3:4:1,MUTATE
4:4:2:4:4:0:0:1:4:,clone,10649.89032929205,4:4:2:4:4:0:0:1:4
4:4:2:4:4:0:0:1:4:,clone,10473.770313359903,4:4:2:4:4:0:0:1:4
2:3:4:4:4:4:3:4:2:,recombination,14089.410848306967,1:3:4:4:3:3:3:4:1,3:3:3:4:4:3:2:4:3
1:2:4:3:3:3:4:4:1:,recombination,12048.214804721874,1:2:4:4:4:3:3:4:1,3:3:4:4:4:1:1:3:3,MUTATE
2:3:4:4:2:4:4:4:1:,recombination,13299.815873125104,3:3:4:4:4:3:3:3:3,3:3:4:4:4:1:1:2:4
4:4:2:4:4:1:1:2:4:,clone,11632.162937037021,4:4:2:4:4:1:1:1:4
1:2:4:2:0:4:4:4:0:,clone,12882.846167229985,1:2:4:2:0:4:4:4:0
2:2:4:4:3:2:3:4:1:,recombination,12047.969846015347,1:2:4:4:4:2:3:2:1,2:3:4:4:3:3:4:4:1,MUTATE
2:3:4:4:4:2:3:4:1:,clone,12071.273095925982,1:3:4:4:4:2:3:4:1
1:2:4:3:3:3:4:4:1:,clone,11926.181166460105,1:2:4:4:3:3:3:4:1
1:2:4:2:0:4:4:4:0:,recombination,12814.710875472238,4:4:4:4:4:3:3:4:4,2:3:4:4:4:1:3:4:2
2:3:4:4:4:2:3:4:1:,clone,11926.703772011622,1:2:4:4:3:2:3:4:1
2:3:4:3:2:4:4:4:1:,recombination,11945.133768542599,2:3:4:3:2:4:4:4:2,2:3:4:4:4:2:2:4:2,MUTATE
0:2:4:1:0:4:4:4:0:,clone,13588.401658233475,0:2:4:1:0:4:4:4:0
1:2:4:3:2:4:4:4:0:,recombination,12802.52890004249,2:3:4:4:3:3:3:4:1,2:2:4:4:4:3:3:4:1
4:4:2:4:4:1:1:2:4:,recombination,11466.702258234212,4:4:2:4:4:0:0:0:4,4:4:2:4:4:1:1:3:4
0:2:4:1:0:4:4:4:0:,recombination,13569.621647473325,4:4:4:4:4:1:1:3:4,2:2:4:4:4:1:2:2:2
4:4:2:4:4:0:1:2:4:,clone,10883.333630642002,4:4:2:4:4:0:1:2:4
4:4:2:4:4:1:1:2:4:,recombination,11115.064141529741,4:3:4:4:4:2:3:4:4,1:2:4:4:2:4:4:4:1,MUTATE
2:2:4:4:2:3:4:4:1:,recombination,13070.787952469156,3:3:4:4:4:0:1:1:3,2:3:4:4:4:2:3:3:2,MUTATE
2:3:4:4:2:4:4:4:1:,recombination,12832.545855557217,1:2:4:2:0:4:4:4:0,4:4:3:4:4:2:2:3:4,MUTATE
4:4:3:4:4:1:2:2:4:,clone,12136.610077351726,4:4:3:4:4:1:2:2:4
4:4:2:4:4:1:1:2:4:,clone,10883.333630642002,4:4:2:4:4:1:1:2:4
2:3:4:3:1:4:4:4:1:,recombination,13767.158508976943,4:4:2:4:4:1:1:4:4,3:4:4:4:4:1:2:2:3
1:2:4:1:0:4:4:4:0:,recombination,13245.9052404686,2:3:4:4:4:3:3:4:2,4:4:4:4:4:1:2:4:4
4:4:2:4:4:0:1:2:4:,clone,10839.517756516047,4:4:2:4:4:1:1:2:4
4:4:2:4:4:0:1:2:4:,clone,10391.761291717045,4:4:2:4:4:0:1:2:4
2:2:4:4:4:3:3:4:2:,recombination,11123.625657344075,4:4:2:4:4:1:1:2:4,1:2:4:4:3:3:3:4:1
4:4:3:4:4:1:2:2:4:,clone,12092.69636845213,4:4:3:4:4:1:2:2:4
4:4:3:4:4:1:1:3:4:,recombination,10617.971378758892,4:4:4:4:4:2:2:4:4,4:4:2:4:4:0:0:0:4
1:2:4:4:2:3:4:4:1:,clone,13044.724253564116,1:2:4:4:2:3:4:4:1
2:2:4:4:3:4:3:4:1:,clone,13032.115331577294,2:2:4:4:3:3:3:4:1
2:3:4:4:2:4:4:4:2:,recombination,13711.263301789055,2:3:4:4:4:3:3:4:2,2:2:4:4:4:3:3:3:2
4:4:2:4:4:0:1:2:4:,clone,10374.129941866106,4:4:2:4:4:0:1:2:4
2:3:4:4:2:4:4:4:2:,clone,12939.967078819032,2:3:4:3:2:4:4:4:2
2:2:4:4:3:4:4:4:2:,clone,13332.205714496597,2:2:4:4:3:4:4:4:2
4:4:3:4:4:1:2:2:4:,clone,12077.220918957197,4:4:3:4:4:1:2:2:4
4:4:3:4:4:1:1:2:4:,recombination,10252.765160529747,4:4:3:4:4:2:2:4:4,4:4:2:4:4:1:1:2:4
1:2:4:4:2:3:4:4:1:,clone,12814.510559126798,1:2:4:4:2:3:4:4:1
4:4:3:4:4:1:1:2:4:,clone,10182.333545171872,4:4:3:4:4:0:1:2:4
4:4:3:4:4:1:1:3:4:,clone,10478.975247571594,4:4:3:4:4:1:1:3:4
2:2:4:4:2:4:4:4:1:,recombination,13197.997020254916,2:3:4:4:4:2:2:3:2,2:2:4:3:2:4:4:4:1,MUTATE
2:3:4:4:2:4:4:4:2:,recombination,12862.159800887368,2:3:4:3:2:4:4:4:2,2:3:4:4:4:3:3:4:2
2:2:4:4:3:3:3:4:1:,clone,10914.197910798903,2:2:4:4:3:3:3:4:1
2:2:4:4:3:4:4:4:1:,recombination,12894.267600881974,4:4:4:4:4:1:2:4:4,4:4:3:4:4:2:2:4:4
4:4:2:4:4:1:1:2:4:,recombination,10552.443255337477,4:3:4:4:4:2:3:4:4,3:3:4:4:3:3:3:4:2
2:3:4:4:3:4:3:4:1:,recombination,12927.745448983476,3:4:4:4:4:1:2:3:4,2:2:4:3:3:3:4:4:2,MUTATE
4:4:3:4:4:0:1:2:4:,clone,10724.636821108827,4:4:3:4:4:0:1:2:4
4:4:2:4:4:1:1:2:4:,clone,10512.88360569463,4:4:2:4:4:1:1:2:4
4:4:3:4:4:1:2:3:4:,recombination,10898.597391043104,4:4:4:4:4:1:1:2:4,1:2:4:3:1:4:4:4:1,MUTATE
1:2:4:1:0:4:4:4:0:,recombination,13210.64868849415,0:2:4:1:0:4:4:4:0,1:2:4:3:3:3:4:4:1
1:2:4:1:0:4:4:4:0:,recombination,13205.963821892688,4:4:4:4:4:1:1:1:4,2:3:4:4:3:3:4:4:1,MUTATE
4:4:3:4:4:1:2:3:4:,clone,10688.146267081667,4:4:3:4:4:1:2:3:4
4:4:3:4:4:2:2:3:4:,clone,11568.16518497974,4:4:3:4:4:2:2:3:4
3:3:4:4:3:3:4:4:2:,recombination,13665.122352308132,2:3:4:3:1:4:4:4:1,2:3:4:3:2:3:3:4:1
4:4:4:4:4:3:3:4:3:,clone,13044.40293292954,4:4:4:4:4:3:3:4:4
1:2:4:3:3:3:4:4:1:,clone,11740.963731258344,1:2:4:3:2:3:4:4:1
1:2:4:3:1:4:4:4:0:,clone,12853.702423732433,1:2:4:3:1:4:4:4:0
2:2:4:4:3:2:3:4:2:,clone,12846.106169963423,2:2:4:4:3:2:3:4:2
2:2:4:4:3:4:4:4:1:,clone,12680.570638956418,2:2:4:4:3:4:4:4:1
2:3:4:4:4:4:3:4:2:,recombination,13361.85626924619,4:4:4:4:4:2:2:4:4,4:4:2:4:4:2:1:4:4
4:3:4:4:4:3:3:4:4:,clone,13401.016664746525,4:4:4:4:4:3:3:4:4
2:2:4:4:2:4:4:4:1:,recombination,12906.446006469469,4:4:4:4:4:1:1:2:4,4:3:4:4:4:2:2:4:4,MUTATE
1:2:4:3:2:3:4:4:0:,clone,11981.81190950191,1:2:4:3:2:3:4:4:0
2:2:4:4:3:4:3:4:1:,recombination,12800.86781278235,4:4:3:4:4:0:1:1:4,4:4:3:4:4:2:2:4:4,MUTATE
0:2:4:1:0:4:4:4:0:,clone,13492.39031434408,0:2:4:1:0:4:4:4:0
1:2:4:4:3:4:4:4:1:,clone,13554.667258629328,1:2:4:4:3:4:4:4:1
1:2:4:3:1:4:4:4:0:,clone,12809.698519069098,1:2:4:2:1:4:4:4:0
2:2:4:4:3:4:3:4:1:,clone,12628.048566584719,2:2:4:4:3:4:3:4:1
1:2:4:3:2:4:4:4:0:,clone,12659.748467921374,1:2:4:3:1:4:4:4:0
1:2:4:3:2:4:4:4:0:,clone,12145.894853686987,1:2:4:3:2:4:4:4:0
2:3:4:4:3:4:3:4:2:,recombination,13068.818808761891,2:2:4:4:2:3:4:4:1,3:4:4:4:4:2:2:3:3,MUTATE
2:3:4:4:4:4:3:4:2:,recombination,13356.727872038902,2:3:4:4:4:3:3:4:2,2:3:4:4:4:4:3:4:2
2:2:4:4:3:4:3:4:1:,recombination,12574.840090645732,4:4:3:4:4:2:2:4:4,4:4:4:4:4:1:1:3:4,MUTATE
1:2:4:1:0:4:4:4:0:,recombination,13152.095960828074,2:2:4:3:2:4:4:4:1,1:3:4:4:3:3:4:4:1,MUTATE
3:3:4:4:4:3:2:4:3:,recombination,12660.352960395689,4:4:3:4:4:1:1:4:4,4:4:2:4:4:1:1:2:4
2:2:4:3:2:4:4:4:2:,recombination,13411.013347354483,3:4:4:4:4:1:2:2:3,4:4:3:4:4:0:1:2:4,MUTATE
4:4:4:4:4:3:3:4:3:,recombination,12784.177562270037,4:4:2:4:4:2:1:4:4,2:2:4:4:3:3:4:4:1,MUTATE
1:3:4:3:2:3:4:4:1:,clone,12025.922990541285,1:3:4:3:2:3:4:4:1
1:3:4:4:3:3:3:4:1:,recombination,11736.621427722035,1:2:4:2:0:4:4:4:0,1:2:4:4:3:3:3:4:1
0:2:4:2:0:4:4:4:0:,clone,14239.900950349422,1:2:4:2:1:4:4:4:0
0:2:4:1:0:4:4:4:0:,clone,13332.217114946867,0:2:4:1:0:4:4:4:0
0:2:4:2:0:4:4:4:0:,recombination,14153.184673204601,4:4:4:4:4:1:2:2:4,4:4:4:4:4:1:1:2:4,MUTATE
0:2:4:1:0:4:4:4:0:,clone,13322.791516823625,0:2:4:1:0:4:4:4:0
1:2:4:4:3:3:3:3:1:,clone,12057.47860133296,1:2:4:4:3:3:3:3:1
0:2:4:1:0:4:4:4:0:,clone,13130.6039288512,0:2:4:1:0:4:4:4:0
0:2:4:1:0:4:4:4:0:,recombination,12833.114202184064,2:3:4:4:3:3:3:4:2,2:2:4:3:2:3:4:4:1
2:2:4:2:1:4:4:4:1:,clone,13077.816677701258,1:2:4:2:1:4:4:4:1
2:2:4:4:3:2:3:4:2:,clone,12779.545157473314,2:2:4:4:3:3:3:4:2
0:2:4:2:1:4:4:4:0:,clone,13766.263379275515,0:2:4:2:1:4:4:4:0
3:4:4:4:4:3:3:3:3:,clone,13193.621531755656,3:3:4:4:4:3:3:3:3
0:2:4:2:0:4:4:4:0:,clone,14119.849492402152,0:2:4:2:0:4:4:4:0
0:2:4:2:0:4:4:4:0:,clone,14008.039100169384,0:2:4:2:0:4:4:4:0
1:3:4:4:3:3:3:3:1:,recombination,12362.896467792221,3:3:4:4:4:1:2:3:3,1:2:4:4:4:3:3:2:1,MUTATE
2:3:4:4:3:4:3:4:2:,clone,13025.144072351446,2:3:4:4:3:4:3:4:2
0:2:4:2:0:4:4:4:0:,clone,13994.249814952678,0:2:4:2:0:4:4:4:0
2:2:4:3:2:3:4:4:2:,recombination,12896.30228908882,1:2:4:3:2:3:4:4:1,4:4:2:4:4:0:1:2:4
1:2:4:1:0:4:4:4:0:,clone,13124.785016351094,1:2:4:1:0:4:4:4:0
2:2:4:4:3:2:3:4:2:,clone,12588.87441567738,2:2:4:4:3:2:3:4:2
2:3:4:4:2:3:4:4:2:,clone,12920.991085242325,2:3:4:4:2:3:4:4:2
0:2:4:2:1:4:4:4:0:,recombination,13367.733432896175,3:3:4:4:4:2:3:4:2,4:4:4:4:4:1:2:2:4
1:2:4:1:0:4:4:4:0:,recombination,12961.009217456894,0:2:4:1:0:4:4:4:0,4:4:4:4:4:1:1:3:4,MUTATE
0:2:4:2:0:4:4:4:0:,clone,13872.506595153756,0:2:4:2:0:4:4:4:0
0:2:4:2:0:4:4:4:0:,recombination,13869.850176736914,4:4:4:4:4:1:1:2:4,0:2:4:2:0:4:4:4:0,MUTATE
1:2:4:1:0:4:4:4:0:,clone,12847.796177801638,1:2:4:1:0:4:4:4:0
0:1:4:1:0:4:4:4:0:,recombination,13803.872856871441,1:2:4:4:3:3:4:4:1,1:2:4:3:3:3:4:4:1
0:1:4:2:0:4:4:4:0:,clone,14445.104693122079,0:2:4:1:0:4:4:4:0
2:2:4:4:2:3:4:4:1:,recombination,12993.591287352383,1:2:4:3:2:3:4:4:1,4:4:2:4:4:1:1:2:4,MUTATE
1:2:4:1:0:4:4:4:0:,clone,12826.07794392747,1:2:4:1:0:4:4:4:0
1:2:4:1:0:4:4:4:0:,clone,12477.640890135763,1:2:4:1:0:4:4:4:0
1:2:4:1:0:4:4:4:0:,clone,12477.64089013576,1:2:4:1:0:4:4:4:0
2:2:4:4:3:3:4:4:2:,recombination,12492.101768389504,3:3:4:4:4:2:2:2:3,2:2:4:4:2:4:4:4:1
0:1:4:1:0:4:4:4:0:,recombination,12862.517360084094,2:3:4:4:4:2:2:4:2,2:3:4:4:4:2:2:3:2,MUTATE
0:2:4:1:0:4:4:4:0:,clone,12823.89527239882,0:2:4:1:0:4:4:4:0
0:2:4:1:0:4:4:4:0:,clone,12415.362488000746,0:2:4:1:0:4:4:4:0
1:2:4:4:3:4:4:4:1:,recombination,13271.299240730874,3:3:4:4:4:2:3:4:2,3:4:4:4:4:1:1:3:3,MUTATE
1:2:4:2:0:4:4:4:0:,clone,12738.759924055528,1:2:4:2:0:4:4:4:0
1:2:4:2:0:4:4:4:0:,recombination,12706.716841237998,3:3:4:4:4:3:3:4:3,4:4:4:4:4:2:2:3:4,MUTATE
2:2:4:4:3:2:3:4:2:,recombination,12090.976868775922,3:4:4:4:4:1:2:1:3,1:2:4:3:3:3:3:4:1
1:2:4:2:0:4:4:4:0:,clone,12584.787027165254,1:2:4:2:0:4:4:4:0
2:2:4:4:3:2:3:4:2:,clone,11680.841168921967,2:2:4:4:3:2:3:4:2
1:2:4:3:1:4:4:4:0:,recombination,12764.045088340781,2:2:4:4:3:3:4:4:1,1:3:4:4:3:2:3:3:1,MUTATE
0:2:4:2:0:4:4:4:0:,clone,13791.733497920686,0:2:4:2:0:4:4:4:0
0:2:4:2:0:4:4:4:0:,clone,13654.623874925372,0:2:4:2:0:4:4:4:0
0:2:4:2:0:4:4:4:0:,clone,13450.248130578897,0:2:4:2:0:4:4:4:0
0:1:4:1:0:4:4:4:0:,recombination,12641.364922991641,1:2:4:4:2:3:4:4:1,2:3:4:4:3:3:3:4:2
0:2:4:2:0:4:4:4:0:,clone,13320.64073720653,0:2:4:2:0:4:4:4:0
1:2:4:3:1:4:4:4:0:,recombination,12696.685253929556,2:3:4:4:3:3:4:4:1,1:2:4:3:1:4:4:4:0,MUTATE
1:3:4:4:3:3:3:4:1:,clone,11649.954772604648,1:3:4:4:3:3:3:4:1
0:2:4:2:0:4:4:4:0:,recombination,13288.85607391315,2:2:4:3:2:4:4:4:1,1:2:4:4:2:4:4:4:1
1:2:4:3:1:4:4:4:0:,clone,12692.14149248493,1:2:4:3:1:4:4:4:0
1:2:4:3:1:4:4:4:0:,recombination,12648.434154244202,2:3:4:4:4:2:3:3:2,1:2:4:3:1:4:4:4:0,MUTATE
1:2:4:3:1:3:4:4:1:,recombination,12447.54704775163,1:3:4:4:3:3:3:4:1,1:2:4:3:2:4:4:4:1
1:2:4:1:0:4:4:4:0:,clone,12463.350321275895,1:2:4:2:0:4:4:4:0
1:2:4:1:0:4:4:4:0:,clone,12401.20252317042,1:2:4:1:0:4:4:4:0
1:2:4:2:0:4:4:4:0:,clone,12576.599481836272,1:2:4:2:0:4:4:4:0
1:2:4:1:0:4:4:4:0:,clone,12229.228589485903,1:2:4:2:0:4:4:4:0
1:2:4:2:0:4:4:4:0:,clone,12576.59948183627,1:2:4:2:0:4:4:4:0
0:2:4:1:0:4:4:4:0:,clone,12360.680683400822,0:2:4:1:0:4:4:4:0
0:1:4:2:0:4:4:4:0:,clone,14228.959569041966,0:1:4:2:0:4:4:4:0
0:1:4:2:0:4:4:4:0:,clone,14119.04307893812,0:1:4:2:0:4:4:4:0
0:1:4:2:0:4:4:4:0:,recombination,14002.711666578038,0:1:4:2:0:4:4:4:0,1:2:4:4:3:3:4:4:1
3:3:4:4:4:4:3:4:2:,recombination,13898.486226484654,4:4:4:4:4:1:1:3:4,4:3:4:4:4:3:3:4:4
1:2:4:3:1:3:4:4:0:,recombination,12100.039743246642,1:3:4:4:3:2:3:3:1,2:2:4:4:4:2:3:3:2,MUTATE
0:1:4:2:0:4:4:4:0:,clone,13995.505663795364,0:2:4:2:0:4:4:4:0
2:2:4:3:1:4:4:4:1:,clone,12979.514199641759,1:2:4:3:1:4:4:4:1
0:2:4:2:0:4:4:4:0:,recombination,13152.433426895108,3:4:4:4:4:0:1:1:4,1:2:4:3:1:3:4:4:1,MUTATE
1:2:4:3:1:3:4:4:1:,recombination,12300.865150186492,1:3:4:4:3:3:3:4:1,3:3:4:4:3:3:3:4:3,MUTATE
1:2:4:3:1:3:4:4:1:,recombination,12082.624749153458,1:3:4:4:3:3:3:4:1,2:2:4:3:2:3:4:4:1
0:2:4:2:0:4:4:4:0:,clone,13143.764848377516,0:2:4:2:0:4:4:4:0
1:3:4:3:3:3:4:4:1:,clone,12123.469040617165,1:3:4:3:3:3:4:4:1
0:1:4:2:0:4:4:4:0:,clone,13684.501621072883,0:1:4:2:0:4:4:4:0
0:2:4:1:0:4:4:4:0:,clone,12265.400771985878,0:2:4:1:0:4:4:4:0
0:1:4:2:0:4:4:4:0:,clone,13396.123318834365,0:2:4:2:0:4:4:4:0
0:2:4:1:0:4:4:4:0:,clone,12157.84072104109,0:2:4:1:0:4:4:4:0
0:1:4:2:0:4:4:4:0:,clone,13282.52982441273,0:1:4:2:0:4:4:4:0
0:2:4:3:2:3:4:4:0:,clone,12604.618283330175,0:2:4:3:2:3:4:4:0
1:2:4:2:1:3:4:4:0:,recombination,12526.59299649162,4:4:4:4:4:1:1:3:4,1:2:4:3:2:3:4:4:1
0:2:4:3:2:3:4:4:0:,clone,12602.910706789848,0:2:4:3:2:3:4:4:0
0:1:4:2:1:4:4:4:0:,clone,13672.284498960582,0:1:4:2:1:4:4:4:0
0:2:4:3:2:3:4:4:0:,recombination,12382.834803587968,0:2:4:3:2:3:4:4:0,1:2:4:2:0:4:4:4:0
0:2:4:2:1:4:4:4:0:,clone,13300.033643881094,0:2:4:2:1:4:4:4:0
0:2:4:2:1:4:4:4:0:,recombination,12470.486512664116,2:2:4:4:3:2:3:4:2,0:2:4:1:0:4:4:4:0,MUTATE
1:2:4:2:0:4:4:4:0:,recombination,12444.829103079286,0:2:4:2:1:4:4:4:0,4:4:4:4:4:3:3:4:4,MUTATE
0:2:4:3:2:4:4:4:0:,clone,12888.094852336482,0:2:4:3:2:4:4:4:0
0:2:4:1:0:4:4:4:0:,recombination,12153.64459367421,0:2:4:3:2:3:4:4:0,3:3:4:4:4:2:2:3:3,MUTATE
0:2:4:1:0:4:4:4:0:,recombination,12128.240446987698,0:2:4:1:0:4:4:4:0,2:2:4:4:3:4:4:4:1
0:2:4:3:2:4:4:4:0:,clone,12380.304067847332,0:2:4:3:2:4:4:4:0
2:3:4:4:4:3:3:4:1:,recombination,11370.693924471283,2:3:4:4:4:2:2:3:2,3:3:4:4:4:0:1:1:3,MUTATE
1:1:4:2:1:4:4:4:0:,clone,13862.301955108882,1:1:4:2:1:4:4:4:0
1:1:4:2:1:4:4:4:0:,clone,13816.957270518864,1:1:4:2:1:4:4:4:0
0:2:4:2:1:4:4:4:0:,recombination,12242.83858728876,0:2:4:1:0:4:4:4:0,4:4:4:4:4:1:1:3:4,MUTATE
2:2:4:4:3:4:4:4:2:,recombination,13240.122237362608,1:2:4:4:3:3:3:3:1,4:4:2:4:4:1:1:4:4,MUTATE
2:2:4:4:3:4:4:4:2:,clone,13240.122237362606,2:2:4:4:3:4:4:4:2
1:2:4:2:1:3:4:4:0:,clone,12410.31163381888,1:2:4:2:1:3:4:4:0
0:2:4:2:0:4:4:4:0:,recombination,12868.45478969281,3:3:3:4:4:2:2:4:3,0:2:4:1:0:4:4:4:0
0:2:4:2:0:4:4:4:0:,recombination,12846.670020715495,4:4:3:4:4:2:2:3:4,0:2:4:2:0:4:4:4:0
0:2:4:2:1:4:4:4:0:,recombination,12036.127242998986,2:2:4:4:3:2:3:4:2,1:2:4:4:4:3:3:4:1
2:3:4:4:4:2:3:4:1:,recombination,11109.312361518278,4:4:3:4:4:2:2:3:4,3:4:4:4:4:1:2:1:4
1:3:4:4:3:3:3:4:1:,clone,11568.115281921859,1:3:4:4:3:3:3:4:1
2:3:4:4:3:4:3:4:2:,recombination,12003.565971661166,4:4:4:4:4:2:3:3:4,3:4:4:4:4:3:2:4:3,MUTATE
4:4:2:4:4:0:0:0:4:,clone,9968.036140089745,0:2:4:1:0:4:4:4:0
4:4:3:4:4:0:0:1:4:,clone,10494.460135338431,4:4:3:4:4:0:0:1:4
4:4:3:4:4:0:0:1:4:,clone,10359.589066924014,4:4:3:4:4:0:0:1:4
0:2:4:3:2:3:4:4:0:,recombination,11325.168671501982,2:3:4:4:4:2:3:2:2,0:2:4:2:1:4:4:4:0
1:2:4:3:2:3:4:4:0:,recombination,11505.885009939151,0:2:4:3:2:3:4:4:0,1:2:4:3:2:3:4:4:1
4:4:4:4:4:2:2:2:4:,recombination,10869.769711696215,1:2:4:4:3:3:3:4:1,4:4:3:4:4:1:1:1:4
4:4:3:4:4:0:0:1:4:,recombination,10292.718389469816,0:2:4:1:0:4:4:4:0,4:4:2:4:4:1:1:2:4
1:3:4:4:2:3:4:4:1:,clone,13592.066669055777,1:3:4:4:3:3:4:4:1
0:2:4:3:2:3:4:4:0:,recombination,11309.17444823299,3:3:4:4:4:2:3:4:3,0:2:4:2:1:4:4:4:0
1:2:4:3:2:3:4:4:0:,clone,11201.614397288204,0:2:4:3:2:3:4:4:0
4:4:3:4:4:0:0:2:4:,recombination,11277.292924224914,2:3:4:4:2:3:4:4:2,4:3:4:4:4:3:3:4:3,MUTATE
2:3:4:4:3:4:4:4:2:,clone,12271.5720124542,2:3:4:4:3:4:4:4:2
0:2:4:2:1:4:4:4:0:,clone,11815.127386608241,0:2:4:2:1:4:4:4:0
1:2:4:3:2:3:4:3:1:,clone,14764.697960126898,1:2:4:3:2:3:4:4:1
0:2:4:2:0:4:4:4:0:,recombination,12632.48903073623,4:4:4:4:4:2:2:4:4,2:2:4:4:4:3:3:4:1
1:2:4:2:1:3:4:4:0:,recombination,12286.500796466327,1:2:4:3:2:3:4:4:1,3:3:4:4:4:2:2:2:3
0:1:4:2:0:4:4:4:0:,recombination,12302.801090561057,4:4:3:4:4:0:1:2:4,0:2:4:2:0:4:4:4:0,MUTATE
1:2:4:3:2:4:4:4:0:,recombination,12107.298774685505,1:2:4:3:2:3:4:4:0,2:2:4:4:4:3:3:3:2
0:1:4:2:0:4:4:4:0:,clone,12220.150250317916,0:1:4:2:0:4:4:4:0
0:1:4:2:1:4:4:4:0:,clone,12819.414670075352,0:2:4:2:0:4:4:4:0
0:2:4:2:0:4:4:4:0:,clone,12561.288493001985,0:2:4:2:0:4:4:4:0
2:2:4:4:3:4:4:4:1:,recombination,12295.692693882847,0:2:4:2:1:4:4:4:0,2:3:4:4:3:4:3:4:2,MUTATE
0:2:4:2:0:4:4:4:0:,clone,12495.46816339997,1:2:4:3:2:3:4:4:0
0:2:4:2:0:4:4:4:0:,clone,12366.197772371526,0:2:4:2:0:4:4:4:0
4:4:2:4:4:0:1:1:4:,recombination,12092.947431925846,3:3:4:4:4:3:2:4:3,3:3:4:4:4:2:3:2:3
2:2:4:4:3:4:4:4:1:,clone,12081.091401625123,2:2:4:4:3:4:4:4:1
2:2:4:4:3:4:4:4:1:,clone,11983.386780832088,2:2:4:4:3:4:4:4:1
1:2:4:2:1:4:4:4:0:,clone,11567.144713330952,1:2:4:2:1:4:4:4:0
2:2:4:3:3:3:4:4:1:,recombination,12352.783785037616,4:4:2:4:4:0:0:0:4,0:1:4:2:0:4:4:4:0
4:4:2:4:4:0:1:1:4:,clone,11804.488966454519,4:4:2:4:4:0:1:1:4
1:2:4:3:2:4:4:4:0:,clone,11644.395908027007,1:2:4:3:2:4:4:4:0
0:2:4:2:0:4:4:4:0:,recombination,12049.521081343873,2:3:4:4:3:3:3:4:2,1:2:4:3:2:3:4:4:0,MUTATE
2:3:4:4:4:3:3:4:1:,clone,11334.32348646571,2:3:4:4:4:3:3:4:1
1:2:4:2:0:4:4:4:0:,clone,12408.900954332514,1:2:4:2:1:4:4:4:0
1:2:4:2:0:4:4:4:0:,clone,12204.52520998604,1:2:4:2:0:4:4:4:0
2:3:4:4:4:3:3:4:1:,clone,11262.231429228133,2:3:4:4:4:3:3:4:1
1:2:4:2:0:4:4:4:0:,clone,12204.525209986039,1:2:4:2:0:4:4:4:0
1:2:4:2:0:4:4:4:0:,clone,12136.661720903781,1:2:4:2:0:4:4:4:0
2:3:4:4:4:3:3:4:1:,clone,11227.625174868394,2:3:4:4:4:3:3:4:1
1:2:4:2:0:4:4:4:0:,clone,12136.66172090378,1:2:4:2:0:4:4:4:0
0:2:4:1:0:4:4:4:0:,recombination,12124.613685863662,1:2:4:3:2:4:4:4:0,1:2:4:3:1:4:4:4:0,MUTATE
2:3:4:4:3:4:3:4:2:,clone,11814.914716704074,2:3:4:4:3:4:3:4:2
1:2:4:2:0:4:4:4:0:,recombination,11882.054328846703,1:2:4:2:0:4:4:4:0,1:2:4:3:1:4:4:4:1
0:2:4:1:0:4:4:4:0:,clone,12097.344590131752,0:2:4:1:0:4:4:4:0
0:1:4:1:0:4:4:4:0:,recombination,12246.487664763084,1:3:4:4:3:3:3:4:1,2:2:4:3:2:3:4:4:1
4:4:2:4:4:0:1:1:4:,clone,11615.281462009902,4:4:2:4:4:1:1:2:4
0:2:4:1:0:4:4:4:0:,recombination,12033.012400667816,0:2:4:1:0:4:4:4:0,1:2:4:3:2:4:4:4:1,MUTATE
2:2:4:4:3:4:3:4:1:,recombination,11617.514847738663,2:3:4:4:3:3:3:4:2,2:2:4:4:3:4:4:4:1
1:2:4:2:0:4:4:4:0:,clone,11849.352295878785,0:2:4:2:0:4:4:4:0
2:2:4:4:3:4:3:4:1:,clone,11494.940237022232,2:2:4:4:3:4:3:4:1
0:2:4:1:0:4:4:4:0:,recombination,11995.394850280132,2:2:4:4:3:3:3:4:1,1:2:4:2:0:4:4:4:0
2:2:4:4:3:4:3:4:2:,clone,11683.158391615143,2:2:4:4:3:4:3:4:1
0:2:4:1:0:4:4:4:0:,recombination,11909.12475891426,2:2:4:4:3:4:3:4:1,3:3:4:4:4:2:2:2:3,MUTATE
2:2:4:3:3:3:4:4:1:,clone,12196.07844145205,2:2:4:3:2:3:4:4:1
0:2:4:1:0:4:4:4:0:,clone,11863.70753147824,0:2:4:1:0:4:4:4:0
1:2:4:4:3:3:3:4:1:,recombination,11271.948335468564,2:3:4:4:4:3:3:4:1,2:3:4:3:2:3:4:4:1,MUTATE
1:3:4:3:2:3:4:4:1:,clone,12009.859404544277,1:2:4:3:2:3:4:4:1
3:3:4:4:4:3:3:3:3:,recombination,13222.441251130216,1:2:4:3:1:4:4:4:0,3:3:4:4:4:3:3:3:3,MUTATE
2:2:4:4:3:3:4:4:1:,clone,11962.761391773698,2:2:4:4:3:3:4:4:1
2:2:4:3:3:3:3:4:1:,recombination,11732.263164232947,2:2:4:3:2:3:4:4:1,2:2:4:4:3:4:3:4:2,MUTATE
3:3:4:4:4:3:2:4:3:,clone,12167.328722725259,3:3:4:4:4:2:2:4:3
4:3:4:4:4:3:3:4:3:,recombination,12645.777317046322,3:4:4:4:4:2:3:3:3,4:4:2:4:4:2:2:4:4,MUTATE
3:3:4:4:4:3:3:4:2:,clone,11491.338918302723,3:3:4:4:4:2:3:4:3
1:2:4:4:3:3:4:4:1:,clone,11955.058905443297,1:2:4:3:2:3:4:4:1
3:3:4:4:4:3:3:3:3:,clone,12691.34899604944,2:3:4:4:4:3:3:3:2
1:2:4:4:3:4:4:4:1:,recombination,13054.95460745094,3:4:4:4:4:1:2:1:3,2:3:4:4:3:3:4:4:2
4:3:4:4:4:3:3:4:4:,recombination,13377.487393243406,4:4:3:4:4:2:2:4:4,4:4:2:4:4:0:1:1:4,MUTATE
2:3:4:4:3:3:4:4:1:,clone,12063.411580626678,2:3:4:3:2:3:4:4:1
1:1:4:1:0:4:4:4:0:,recombination,13404.341389035366,2:2:4:3:2:4:4:4:1,4:4:4:4:4:1:1:3:4
3:3:4:4:4:3:2:4:3:,clone,12039.530054689645,3:3:4:4:4:3:2:4:3
2:2:4:4:2:3:4:4:1:,clone,12870.435419245601,2:2:4:3:2:3:4:4:1
2:3:4:4:2:4:4:4:2:,recombination,12839.888533147767,0:2:4:1:0:4:4:4:0,2:2:4:4:4:2:3:2:2
3:3:4:4:3:4:3:4:2:,clone,13558.539119066463,3:3:4:4:3:4:3:4:2
3:3:4:4:4:4:3:4:2:,recombination,13851.763820780967,0:2:4:1:0:4:4:4:0,1:2:4:4:3:3:3:4:1
2:2:4:4:3:4:4:4:2:,recombination,13050.578876087742,2:2:4:4:3:4:4:4:1,2:2:4:4:3:4:3:4:1
3:3:4:4:4:3:3:3:3:,clone,12529.627432136669,3:3:4:4:4:3:3:3:3
2:2:4:3:2:4:4:4:2:,clone,12732.524010814977,2:2:4:3:2:4:4:4:2
3:3:4:4:4:3:2:4:3:,clone,11691.14424416237,3:3:4:4:4:3:3:4:3
2:3:4:4:2:3:4:4:1:,recombination,12965.813294437,4:4:3:4:4:2:1:3:4,2:2:4:4:3:2:3:4:1,MUTATE
1:1:4:2:0:4:4:4:0:,recombination,14384.37065819646,1:2:4:4:2:3:4:4:1,1:2:4:3:1:4:4:4:0
2:3:4:4:2:3:4:4:1:,recombination,12951.92766065193,1:2:4:2:0:4:4:4:0,2:3:4:4:2:3:4:4:1
2:2:4:3:2:3:4:4:2:,clone,12568.702234125447,2:2:4:3:2:3:4:4:2
4:4:4:4:4:3:2:3:4:,recombination,13456.749387936545,3:4:4:4:4:2:3:4:3,2:3:4:4:3:3:3:4:1
1:3:4:4:2:4:4:4:1:,recombination,14904.87677091022,4:4:4:4:4:2:3:4:4,4:4:4:4:4:0:0:0:4
2:2:4:4:3:4:4:4:2:,recombination,12977.291960291719,0:2:4:2:1:4:4:4:0,2:3:4:4:3:3:4:4:2
4:4:4:4:4:2:3:4:3:,recombination,13103.61972436843,2:3:4:4:2:3:4:4:2,1:2:4:1:0:4:4:4:0,MUTATE
2:3:4:4:2:3:4:4:1:,clone,12895.447292308796,2:3:4:4:2:3:4:4:1
2:3:4:4:4:3:3:4:2:,recombination,11189.107173874338,0:2:4:2:0:4:4:4:0,3:3:4:4:4:2:2:3:3,MUTATE
1:3:4:3:2:4:4:4:1:,recombination,12505.544833108375,3:3:4:4:4:3:3:4:2,3:4:4:4:4:1:1:3:3
2:3:4:3:3:3:4:4:2:,clone,11938.953182997691,2:3:4:3:3:3:4:4:2
2:2:4:4:3:3:3:4:2:,clone,11774.358983725933,2:2:4:4:3:3:3:4:2
2:2:4:3:3:3:4:4:1:,recombination,12141.088713039253,2:3:4:4:3:4:3:4:2,4:4:2:4:4:1:1:4:4,MUTATE
2:2:4:3:3:3:4:4:1:,recombination,12138.093737166444,4:4:3:4:4:1:1:2:4,2:3:4:4:3:3:3:4:2
3:3:4:4:4:4:3:4:2:,recombination,13846.565776820315,3:4:4:4:4:2:3:4:3,4:4:4:4:4:1:2:3:4,MUTATE
4:3:4:4:4:2:3:4:3:,recombination,12662.10941194913,2:2:4:4:4:3:3:3:2,3:4:4:4:4:2:2:3:3,MUTATE
2:2:4:4:3:3:4:4:2:,clone,12488.97924471929,2:2:4:4:3:3:4:4:2
1:1:4:1:0:4:4:4:0:,recombination,12867.410796185124,4:4:4:4:4:1:1:2:4,1:2:4:2:1:4:4:4:0
2:2:4:4:3:4:4:4:2:,recombination,12906.075427308351,4:4:4:4:4:1:1:4:4,1:2:4:1:0:4:4:4:0
2:2:4:3:1:4:4:4:1:,recombination,12369.68061450947,3:3:4:4:4:3:3:4:2,2:3:4:4:4:1:2:3:2,MUTATE
2:3:4:4:4:4:3:4:2:,recombination,13217.430236163007,4:4:4:4:4:1:1:4:4,3:3:4:4:4:3:3:4:3,MUTATE
2:2:4:4:3:2:3:4:1:,recombination,11106.490055088934,4:4:2:4:4:1:1:4:4,1:2:4:3:2:3:4:4:1,MUTATE
1:1:4:2:0:4:4:4:0:,clone,14061.226425739278,1:2:4:2:0:4:4:4:0
1:3:4:4:3:4:4:4:1:,recombination,13301.854384020042,4:3:4:4:4:2:3:4:4,3:3:4:4:4:0:1:1:3,MUTATE
1:2:4:4:3:4:4:4:1:,recombination,12875.894815809734,2:3:4:4:4:4:3:4:2,1:3:4:3:1:4:4:4:1,MUTATE
1:2:4:4:3:4:4:4:1:,recombination,12738.621893078274,2:3:4:4:4:1:2:2:2,1:2:4:4:3:4:4:4:1
1:2:4:4:3:4:4:4:1:,clone,12610.896874136619,1:2:4:4:3:4:4:4:1
4:4:2:4:4:0:1:0:4:,clone,12166.977951428946,4:4:2:4:4:0:0:0:4
4:4:2:4:4:1:2:3:4:,recombination,12802.233720870026,4:4:3:4:4:1:1:3:4,3:3:4:4:4:2:2:3:3
1:3:4:4:2:4:4:4:1:,recombination,13950.558140459092,3:3:4:4:4:0:1:1:3,2:3:4:4:4:3:3:3:2,MUTATE
2:3:4:4:2:3:4:4:2:,recombination,12794.49497467407,3:4:4:4:4:1:2:3:3,3:4:4:4:4:1:2:2:3
4:4:4:4:4:2:2:3:4:,recombination,10398.751451823942,3:3:4:4:4:2:3:4:2,1:2:4:1:0:4:4:4:0
2:2:4:4:2:3:4:4:1:,recombination,12787.457861200895,4:3:4:4:4:2:3:4:4,4:4:3:4:4:1:2:3:4
4:4:3:4:4:1:1:1:4:,clone,10695.229762419152,4:4:3:4:4:1:1:1:4
4:4:4:4:4:2:2:4:4:,clone,10719.518322320475,4:4:4:4:4:2:2:4:4
2:3:4:4:4:3:3:4:2:,recombination,10943.409983979225,4:4:4:4:4:2:2:3:4,2:3:4:4:4:2:2:3:2
2:3:4:4:4:3:3:4:2:,clone,10657.256554827529,2:3:4:4:4:3:3:4:2
1:2:4:3:1:4:4:4:0:,recombination,12627.79517081845,1:2:4:3:2:4:4:4:1,3:3:4:4:4:4:3:4:2
2:2:4:3:3:4:4:4:1:,clone,11663.473083904244,2:2:4:3:3:4:4:4:1
2:2:4:3:2:4:4:4:1:,clone,11784.273590521263,2:2:4:3:2:4:4:4:1
1:2:4:3:2:4:4:4:1:,clone,11469.211325985922,2:2:4:3:2:4:4:4:1
1:2:4:2:1:4:4:4:1:,recombination,11607.427883392813,0:2:4:1:0:4:4:4:0,2:3:4:4:4:3:3:4:2
1:2:4:3:1:4:4:4:0:,recombination,12146.903701886278,4:4:4:4:4:1:1:2:4,2:3:4:4:4:3:3:4:2,MUTATE
1:2:4:3:2:4:4:4:1:,clone,11469.21132598592,1:2:4:3:2:4:4:4:1
2:3:4:4:4:4:3:4:2:,clone,12499.073830334852,2:3:4:4:4:4:3:4:2
2:3:4:4:4:4:3:4:2:,clone,12499.07383033485,2:3:4:4:4:4:3:4:2
2:3:4:4:4:2:3:3:2:,clone,9968.682734505881,2:3:4:4:4:2:3:3:2
4:4:4:4:4:0:1:0:4:,recombination,8775.454501820044,2:3:4:4:4:2:2:3:2,1:3:4:4:3:3:3:4:1,MUTATE
2:2:4:4:3:3:4:4:1:,recombination,11936.468376300205,2:2:4:4:3:4:3:4:1,3:4:4:4:4:2:2:4:3,MUTATE
1:2:4:3:3:3:4:4:1:,recombination,11724.333329129791,4:4:4:4:4:2:2:2:4,4:3:4:4:4:1:2:4:4
2:3:4:3:2:3:4:4:2:,clone,12305.178955952191,2:3:4:3:2:3:4:4:2
4:4:4:4:4:0:0:0:4:,clone,9070.511228816049,4:4:4:4:4:0:0:0:4
4:4:4:4:4:0:0:0:4:,clone,9067.297068125026,4:4:4:4:4:0:0:0:4
2:2:4:3:2:3:4:4:2:,recombination,12178.59718462473,0:1:4:2:0:4:4:4:0,0:2:4:2:0:4:4:4:0
2:3:4:4:3:2:3:4:2:,recombination,11152.248119699683,4:4:4:4:4:0:0:0:4,4:4:4:4:4:3:3:4:4,MUTATE
2:3:4:3:2:4:4:4:2:,clone,12552.399876335616,2:3:4:3:2:4:4:4:1
1:3:4:3:2:3:4:4:1:,recombination,11823.956337431136,1:2:4:3:3:3:4:4:1,4:4:4:4:4:2:2:4:4,MUTATE
1:3:4:4:2:4:4:4:1:,recombination,13799.340171502927,2:3:4:4:4:2:3:3:2,3:4:4:4:4:0:1:1:4,MUTATE
1:2:4:4:2:4:4:4:1:,clone,12918.259034127692,1:2:4:4:2:4:4:4:1
1:2:4:3:1:4:4:4:0:,recombination,11908.86886930091,2:2:4:3:1:4:4:4:1,2:3:4:4:4:2:2:3:2
2:3:4:4:3:3:4:4:1:,clone,12041.780056745578,2:3:4:4:3:3:4:4:1
2:3:4:4:3:3:4:4:1:,clone,11959.575314618207,2:3:4:4:3:3:4:4:1
4:4:3:4:4:1:2:4:4:,recombination,11251.543547650572,4:4:4:4:4:2:2:4:4,2:3:4:4:4:3:3:4:2
2:3:4:4:3:3:4:4:1:,clone,11848.855989760104,2:3:4:4:3:3:4:4:1
1:3:4:3:2:4:4:4:1:,recombination,12454.383752876913,1:2:4:2:1:4:4:4:1,4:4:4:4:4:2:3:4:4
1:3:4:2:1:4:4:4:1:,recombination,13532.623852761302,1:3:4:4:3:3:3:4:1,1:2:4:3:2:4:4:4:1
1:3:4:4:2:4:4:4:1:,recombination,13383.93184512471,4:4:3:4:4:2:1:4:4,1:2:4:4:3:4:4:4:1
3:4:4:4:4:3:3:4:3:,recombination,11730.85295136963,0:1:4:1:0:4:4:4:0,2:3:4:4:4:2:3:4:2,MUTATE
4:4:2:4:4:0:0:2:4:,recombination,11796.554612523161,3:3:4:4:4:2:3:4:2,1:2:4:4:3:3:4:4:1,MUTATE
4:4:2:4:4:0:0:2:4:,clone,11728.853457449246,4:4:2:4:4:0:0:2:4
3:3:4:4:4:3:3:4:3:,recombination,11414.674637552436,3:4:4:4:4:3:3:4:3,3:3:4:4:4:2:3:4:3
3:3:4:4:4:3:3:4:2:,recombination,11273.672383923637,3:4:4:4:4:3:3:4:3,2:3:4:3:2:3:4:4:2
2:3:4:4:3:3:4:4:2:,clone,12288.81861587288,2:3:4:4:3:3:4:4:2
4:4:3:4:4:0:1:2:4:,clone,10615.24660983426,4:4:3:4:4:0:1:2:4
2:3:4:4:3:3:4:4:2:,recombination,12176.852161538685,2:3:4:3:2:3:4:4:2,3:3:4:4:4:4:3:4:2,MUTATE
1:3:4:3:2:4:4:4:1:,recombination,12330.09692344583,2:3:4:4:4:1:2:2:2,2:3:4:3:2:4:4:4:1,MUTATE
1:3:4:3:2:3:4:4:1:,clone,11758.249365498981,2:3:4:4:3:3:4:4:1
1:3:4:3:2:3:4:4:1:,recombination,11571.342728003558,4:4:2:4:4:0:0:1:4,1:3:4:3:2:4:4:4:1
1:3:4:3:2:3:4:4:1:,clone,11571.00029674751,1:3:4:3:2:3:4:4:1
0:1:4:1:0:4:4:4:0:,recombination,12107.482961368483,1:2:4:2:0:4:4:4:0,1:2:4:2:1:4:4:4:0
4:4:4:4:4:1:1:4:4:,clone,11623.170405925594,4:4:4:4:4:1:1:3:4
1:3:4:4:2:3:4:4:1:,recombination,13284.477092203262,1:3:4:4:3:2:3:4:1,0:1:4:1:0:4:4:4:0
4:4:2:4:4:1:1:1:4:,clone,10986.763282647848,4:4:2:4:4:1:1:1:4
4:4:4:4:4:2:1:3:4:,recombination,11126.722169071509,2:2:4:3:1:4:4:4:1,1:2:4:4:4:3:3:4:1
2:2:4:3:3:3:4:4:1:,clone,11881.258560692146,2:3:4:4:3:3:3:4:2
2:3:4:4:3:3:4:4:2:,clone,12095.585639883646,2:3:4:4:3:3:4:4:2
4:4:3:4:4:0:0:0:4:,clone,9536.284746008972,3:3:4:4:4:2:3:4:3
2:3:4:4:4:4:3:4:2:,recombination,12395.548924694554,4:4:3:4:4:1:1:4:4,1:2:4:4:4:3:3:4:1,MUTATE
2:3:4:4:3:4:3:4:1:,clone,12507.650447557275,2:3:4:4:3:4:3:4:1
1:3:4:4:3:3:4:4:1:,clone,12158.344447444417,1:3:4:4:3:3:4:4:1
2:3:4:4:2:3:4:4:1:,clone,12846.673691918895,2:3:4:4:2:3:4:4:1
1:2:4:1:0:4:4:4:0:,clone,12118.493870508153,1:2:4:1:0:4:4:4:0
1:2:4:1:0:4:4:4:0:,recombination,11817.044834290517,2:3:4:4:3:3:3:4:2,1:2:4:2:0:4:4:4:0,MUTATE
1:2:4:1:0:4:4:4:0:,recombination,11784.517100648944,2:2:4:4:3:3:3:4:2,4:4:4:4:4:1:1:4:4
4:4:3:4:4:1:0:1:4:,recombination,11181.9682151929,4:4:4:4:4:0:0:0:4,2:3:4:4:4:2:3:2:2,MUTATE
3:3:4:4:3:4:3:4:2:,clone,13411.438693196082,2:3:4:4:4:3:3:4:2
3:3:4:4:4:4:3:4:2:,clone,13665.336285207144,3:3:4:4:4:3:3:4:2
1:2:4:2:1:4:4:4:0:,clone,11457.981616554833,1:2:4:2:1:4:4:4:0
4:4:2:4:4:0:0:0:4:,clone,9880.954881762951,0:2:4:2:0:4:4:4:0
3:3:4:4:4:1:2:4:3:,clone,10196.76977639935,3:3:4:4:4:1:2:4:3
4:4:2:4:4:0:0:0:4:,clone,9880.95488176295,4:4:2:4:4:0:0:0:4
4:4:3:4:4:2:1:3:4:,clone,11583.050576660044,4:4:3:4:4:2:1:3:4
2:2:4:4:2:4:4:4:2:,clone,13394.006266918595,2:2:4:4:2:4:4:4:2
4:4:4:4:4:3:2:4:4:,clone,12036.125623396312,4:4:4:4:4:3:2:4:4
2:2:4:3:1:3:4:4:1:,clone,12555.298192164058,1:2:4:3:1:3:4:4:1
4:4:1:4:4:0:0:1:4:,clone,12041.812094366038,4:4:2:4:4:0:0:1:4
1:2:4:3:2:4:4:4:1:,clone,11369.514691052776,1:2:4:3:2:4:4:4:1
2:3:4:3:2:4:4:4:1:,clone,11934.12025899759,2:3:4:3:2:4:4:4:1
0:2:4:1:0:4:4:4:0:,recombination,11821.75813005975,4:4:2:4:4:1:1:1:4,2:3:4:4:2:3:4:4:1,MUTATE
2:2:4:3:3:3:4:4:1:,recombination,11738.05524138033,1:3:4:4:3:3:4:4:1,1:3:4:3:2:3:4:4:1,MUTATE
3:3:4:4:4:2:2:3:4:,recombination,11078.871348738143,2:2:4:3:2:4:4:4:2,1:2:4:3:1:4:4:4:0
4:4:3:4:4:1:2:2:4:,clone,11527.682758044295,4:4:3:4:4:1:2:2:4
4:4:3:4:4:1:2:2:4:,recombination,11428.221598132577,1:2:4:4:2:3:4:4:1,4:4:4:4:4:2:2:4:4
4:4:3:4:4:2:2:2:4:,recombination,12477.38347089156,2:2:4:4:4:1:2:2:2,4:4:3:4:4:1:1:3:4
4:4:3:4:4:2:2:2:4:,clone,12398.473709807367,4:4:3:4:4:2:2:3:4
4:3:4:4:4:2:2:3:4:,clone,12644.176199367375,4:4:4:4:4:2:2:3:4
4:4:2:4:4:1:1:3:4:,clone,12731.100875481688,4:4:2:4:4:1:1:2:4
4:4:4:4:4:1:1:4:4:,clone,10868.010106997259,4:4:4:4:4:1:1:4:4
4:4:4:4:4:2:2:4:4:,clone,10704.10208515848,4:4:4:4:4:2:2:4:4
2:2:4:2:1:4:4:4:1:,clone,12580.549989056368,2:2:4:2:1:4:4:4:1
2:2:4:2:1:4:4:4:1:,clone,12529.058702097245,1:2:4:2:1:4:4:4:1
1:2:4:3:3:3:3:4:1:,recombination,11318.033279351734,1:2:4:3:1:4:4:4:0,2:2:4:4:3:3:4:4:1,MUTATE
4:4:2:4:4:1:1:4:4:,recombination,13011.799565651647,2:3:4:4:4:2:2:3:2,4:4:4:4:4:0:0:0:4
4:4:2:4:4:1:1:3:4:,clone,12615.958359415725,4:4:2:4:4:1:1:4:4
2:3:4:4:3:4:4:4:1:,recombination,12233.380403345502,1:2:4:4:3:3:3:4:1,1:3:4:3:2:3:4:4:1
3:3:4:4:4:2:2:4:3:,clone,10171.722271610035,3:3:4:4:4:2:2:4:3
3:4:4:4:4:2:2:4:3:,clone,10274.24692505662,3:4:4:4:4:2:2:4:3
4:4:3:4:4:1:0:2:4:,clone,11423.894886858325,4:4:3:4:4:1:0:2:4
2:2:4:3:3:3:4:4:1:,recombination,11665.134614849934,3:3:4:4:4:1:2:4:3,2:3:4:3:3:3:4:4:1,MUTATE
3:3:4:4:4:2:2:4:3:,clone,10058.697952880058,3:3:4:4:4:2:2:4:3
2:2:4:4:3:3:3:4:2:,recombination,11307.777870695136,4:4:4:4:4:1:1:2:4,2:3:4:3:2:3:4:4:1,MUTATE
3:3:4:4:4:2:3:4:3:,clone,10507.078609896782,3:3:4:4:4:2:3:4:3
3:3:4:4:4:2:3:4:2:,clone,10612.304028524619,3:3:4:4:4:2:3:4:2
4:4:3:4:4:0:0:1:4:,clone,9776.695211607144,4:4:3:4:4:0:0:1:4
2:3:4:4:3:3:3:4:2:,clone,11181.038470110878,2:3:4:4:3:3:3:4:2
2:3:4:3:3:3:3:4:1:,clone,11595.191597600631,2:3:4:4:3:3:3:4:2
2:2:4:3:3:3:3:4:1:,clone,11526.570538517273,2:2:4:3:3:3:3:4:1
1:2:4:4:3:3:4:4:1:,recombination,11834.133707702604,4:4:4:4:4:1:2:2:4,2:3:4:4:4:2:2:3:2,MUTATE
1:2:4:4:3:3:3:4:1:,recombination,11236.672320622667,4:4:4:4:4:1:2:2:4,2:2:4:4:3:3:3:4:1
4:3:4:4:4:2:3:4:3:,recombination,12504.81671258444,1:2:4:3:3:3:4:4:1,3:4:4:4:4:1:2:2:3
4:4:3:4:4:2:1:4:4:,clone,12043.198225048354,4:4:3:4:4:2:2:4:4
4:4:4:4:4:2:3:4:3:,recombination,12323.8806970896,3:3:4:4:4:3:3:4:3,3:4:4:4:4:1:2:2:3,MUTATE
2:2:4:3:2:4:4:4:1:,recombination,11776.789513121497,2:3:4:4:4:2:2:3:2,4:4:4:4:4:1:2:2:4
2:2:4:4:2:4:4:4:1:,recombination,12784.011543090746,3:3:4:4:3:3:3:4:2,4:4:2:4:4:1:1:3:4,MUTATE
1:2:4:4:3:3:3:4:1:,recombination,11208.7878080852,2:2:4:4:4:1:2:1:2,4:3:3:4:4:2:2:4:4
2:2:4:4:4:3:3:4:2:,recombination,10775.189206964844,1:2:4:4:3:3:3:4:1,3:3:4:4:4:2:2:3:3,MUTATE
4:4:2:4:4:0:0:0:4:,clone,9731.815923431737,4:4:2:4:4:0:0:0:4
4:4:3:4:4:0:0:1:4:,recombination,9692.685604470027,4:4:4:4:4:1:2:2:4,4:4:1:4:4:0:0:1:4,MUTATE
4:4:3:4:4:0:0:1:4:,recombination,9596.142167836193,2:3:4:4:4:3:3:4:2,4:4:4:4:4:1:1:2:4,MUTATE
3:4:4:4:4:2:3:3:4:,recombination,12320.115890670995,2:3:4:4:3:3:3:4:2,4:4:4:4:4:1:2:3:4,MUTATE
1:2:4:2:1:3:4:4:0:,recombination,12120.865701778146,2:2:4:4:3:3:4:4:1,2:3:4:4:3:3:4:4:2
1:2:4:2:1:3:4:4:0:,clone,11913.647821472225,1:2:4:2:1:3:4:4:0
1:2:4:2:1:3:4:4:0:,recombination,11848.228182525818,4:4:3:4:4:1:1:2:4,1:2:4:2:1:3:4:4:0
1:1:4:1:0:4:4:4:0:,recombination,12755.596359585783,3:3:4:4:4:1:2:2:4,4:4:2:4:4:1:1:1:4,MUTATE
2:3:4:4:2:4:4:4:2:,clone,12785.736019045964,2:3:4:3:2:4:4:4:2
1:1:4:2:0:4:4:4:0:,recombination,13091.814936259272,2:2:4:4:3:4:3:4:1,2:2:4:4:4:2:3:3:2,MUTATE
1:1:4:2:1:4:4:4:0:,recombination,12862.78396001171,4:3:4:4:4:2:2:3:4,0:2:4:2:0:4:4:4:0
1:1:4:1:0:4:4:4:0:,recombination,12651.454194836333,2:2:4:3:2:3:4:4:2,4:4:3:4:4:1:2:2:4,MUTATE
3:3:4:4:4:4:3:4:2:,clone,13199.804013223053,2:3:4:4:4:3:3:4:2
4:4:2:4:4:0:0:0:4:,recombination,9702.751748637282,0:2:4:2:1:4:4:4:0,2:2:4:4:3:3:4:4:1,MUTATE
4:4:3:4:4:0:1:1:4:,clone,9676.687500764738,4:4:3:4:4:0:0:1:4
4:4:3:4:4:1:1:2:4:,clone,10165.509361858885,4:4:4:4:4:1:1:2:4
4:3:4:4:4:2:3:4:4:,clone,12212.03991093154,4:3:4:4:4:2:3:4:4
3:3:4:4:3:4:3:4:2:,clone,13025.546474425315,3:3:4:4:3:3:3:4:2
1:2:4:1:0:4:4:4:0:,clone,11732.221657826474,1:2:4:1:0:4:4:4:0
0:2:4:1:0:4:4:4:0:,clone,11808.811741853156,0:2:4:1:0:4:4:4:0
0:2:4:1:0:4:4:4:0:,clone,11744.957421170311,0:2:4:1:0:4:4:4:0
1:2:4:1:0:4:4:4:0:,recombination,11489.24758310684,0:2:4:2:0:4:4:4:0,0:2:4:1:0:4:4:4:0,MUTATE
4:4:1:4:4:0:0:0:4:,recombination,11159.22079740716,3:3:4:4:4:1:2:4:3,2:3:4:4:4:1:2:3:2,MUTATE
3:3:4:4:4:3:3:4:2:,recombination,11124.556656054212,1:3:4:4:3:3:4:4:1,1:3:4:4:3:3:3:4:1
4:3:4:4:4:3:2:4:4:,recombination,12029.587079189174,2:3:4:4:4:4:3:4:2,4:4:4:4:4:2:2:2:4,MUTATE
1:3:4:2:1:4:4:4:1:,clone,13240.52688189912,1:2:4:2:1:4:4:4:1
2:2:4:4:3:3:4:4:2:,clone,12446.515844159267,2:2:4:4:3:3:4:4:2
2:2:4:4:2:3:4:4:2:,clone,13608.89209452445,2:3:4:4:3:3:4:4:2
1:2:4:2:0:4:4:4:1:,recombination,13960.114250727065,3:4:4:4:4:3:3:3:4,1:2:4:4:4:2:3:4:1,MUTATE
2:3:4:2:1:4:4:4:1:,recombination,13152.816624084639,3:4:4:4:4:3:3:3:4,2:3:4:4:3:3:3:4:2,MUTATE
1:2:4:3:1:3:4:4:1:,clone,11836.471787412027,1:2:4:3:1:3:4:4:1
1:2:4:2:0:4:4:4:1:,recombination,13840.807889210004,3:4:4:4:4:3:3:3:4,3:4:4:4:4:1:2:2:3
1:1:4:2:0:4:4:4:0:,recombination,12900.672401759988,4:4:3:4:4:0:0:0:4,1:2:4:4:2:4:4:4:1
2:2:4:4:2:4:4:4:2:,clone,13305.13815894479,2:2:4:4:2:4:4:4:2
3:3:4:4:4:2:2:3:4:,clone,11014.095932671378,3:3:4:4:4:2:2:3:4
1:2:4:3:2:3:3:4:1:,clone,10973.024040877674,1:2:4:3:2:3:3:4:1
4:4:1:4:4:0:0:0:4:,recombination,10468.704315820909,2:2:4:4:3:3:4:4:1,1:2:4:1:0:4:4:4:0,MUTATE
4:4:3:4:4:1:1:1:4:,clone,10645.54140826109,4:4:3:4:4:1:1:1:4
3:3:4:4:3:2:3:4:2:,recombination,11943.641923910356,4:4:4:4:4:1:1:2:4,2:3:4:4:4:3:3:4:2
2:3:4:4:2:3:4:4:1:,clone,12705.900810479252,2:3:4:4:2:3:4:4:1
2:2:4:4:3:3:3:4:1:,clone,10878.28790701276,2:2:4:4:3:3:3:4:1
2:2:4:3:2:3:4:4:1:,recombination,11366.039332103463,2:2:4:3:3:3:4:4:1,1:2:4:3:1:3:4:4:1
1:2:4:2:0:4:4:4:1:,recombination,13189.235237234127,4:4:4:4:4:0:0:1:4,3:3:4:4:3:3:3:4:2,MUTATE
3:3:3:4:4:3:3:4:3:,clone,12669.514629504021,3:3:4:4:4:3:3:4:3
2:3:4:3:2:3:4:4:2:,recombination,11774.969035562264,4:4:3:4:4:2:2:4:4,3:3:4:4:4:1:2:2:4,MUTATE
1:3:4:2:1:4:4:4:0:,clone,12770.259193664,1:3:4:2:1:4:4:4:0
3:3:4:4:3:4:4:4:2:,recombination,13405.794451762204,2:3:4:4:4:2:2:4:2,2:2:4:4:3:3:4:4:2,MUTATE
4:4:3:4:4:2:2:4:4:,recombination,11205.704421040122,1:2:4:2:1:4:4:4:1,1:2:4:4:3:3:4:4:1,MUTATE
4:4:4:4:4:2:2:3:4:,clone,10345.416060028923,4:4:4:4:4:2:2:3:4
2:2:4:3:3:3:3:4:1:,recombination,11376.244914656627,1:2:4:3:2:4:4:4:1,3:4:4:4:4:1:2:1:3,MUTATE
4:4:4:4:4:2:2:4:4:,clone,10658.334329114101,4:4:4:4:4:2:2:4:4
2:3:4:4:4:2:3:4:2:,clone,9676.019637032136,3:3:4:4:4:2:2:4:3
2:3:4:4:4:3:3:4:2:,recombination,10197.84147896435,2:3:4:4:4:2:3:4:2,2:3:4:4:4:2:3:4:2
1:2:4:3:2:3:3:4:1:,clone,10932.419856155751,1:2:4:3:3:3:3:4:1
2:3:4:4:4:3:3:4:1:,clone,10197.84147896435,2:3:4:4:4:3:3:4:1
1:3:4:4:3:3:3:4:1:,recombination,10407.343768824034,4:4:4:4:4:2:2:4:4,2:3:4:4:4:3:3:4:2,MUTATE
1:2:4:4:3:3:3:4:1:,clone,10295.564655575025,1:3:4:4:3:3:3:4:1
1:2:4:3:3:3:3:4:1:,recombination,10772.340542183074,2:3:4:4:4:3:3:4:1,1:2:4:3:2:3:4:4:0
2:3:4:4:3:3:3:4:1:,clone,10728.625472657868,2:3:4:4:3:3:3:4:1
2:3:4:4:3:3:3:4:1:,clone,10533.505985466914,2:3:4:4:3:3:3:4:1
1:2:4:3:2:3:4:4:0:,recombination,10930.224582009901,2:3:4:4:3:3:3:4:1,4:4:3:4:4:1:1:1:4,MUTATE
2:3:4:4:3:3:3:4:2:,clone,10942.48463733785,2:3:4:4:4:3:3:4:2
2:2:4:3:3:3:3:4:1:,recombination,11231.696756916976,2:3:4:4:4:2:3:4:2,2:3:4:4:3:3:3:4:1,MUTATE
1:2:4:3:2:4:4:4:0:,clone,11615.62064859937,1:2:4:2:2:4:4:4:0
2:3:4:3:3:4:4:4:1:,recombination,12507.558115154217,3:3:4:4:4:2:2:3:3,1:2:4:4:3:3:3:4:1,MUTATE
2:3:4:3:3:3:3:4:1:,clone,11307.816570126362,2:3:4:3:3:3:3:4:1
2:2:4:3:3:3:3:4:1:,clone,11067.930492821926,2:3:4:3:3:3:3:4:1
2:3:4:3:3:4:4:4:1:,clone,12138.046493749045,2:3:4:3:3:4:4:4:1
2:3:4:3:3:4:4:4:1:,clone,12138.046493749043,2:3:4:3:3:4:4:4:1
1:2:4:3:2:3:4:4:1:,clone,10983.753173122315,1:2:4:3:2:3:4:4:1
4:4:3:4:4:0:0:2:4:,clone,11134.25907279039,4:4:3:4:4:0:0:2:4
2:3:4:4:2:4:4:4:1:,clone,12803.963537009222,2:3:4:3:2:4:4:4:1
2:2:4:4:2:3:4:4:2:,clone,13352.960946760011,2:2:4:4:2:3:4:4:2
4:4:4:4:4:1:0:1:4:,clone,10812.39133760657,4:4:4:4:4:1:0:1:4
2:3:4:4:3:4:4:4:1:,recombination,12205.986999004057,1:2:4:4:3:3:3:4:1,2:3:4:4:4:1:2:3:2
2:3:4:4:3:4:4:4:1:,recombination,12085.942309558937,2:3:4:4:4:1:2:2:3,1:3:4:3:2:4:4:4:1,MUTATE
4:4:4:4:4:2:2:4:4:,clone,10651.200267685783,4:4:4:4:4:2:2:4:4
2:2:4:3:2:3:4:4:2:,recombination,11840.288243044572,2:2:4:4:3:4:3:4:1,2:3:4:4:4:2:3:3:2
2:3:4:3:2:4:4:4:2:,clone,12411.350555586241,2:3:4:4:3:4:4:4:2
2:2:4:3:2:3:4:4:1:,clone,11239.482146701615,2:2:4:3:2:3:4:4:1
1:3:4:2:1:4:4:4:1:,recombination,13055.558155509185,3:3:4:4:4:2:3:3:3,1:3:4:3:2:3:4:4:1,MUTATE
4:4:4:4:4:3:3:4:4:,clone,12081.61960816981,3:4:4:4:4:3:3:4:3
3:4:4:4:4:3:2:4:3:,recombination,12230.758756694035,2:2:4:4:3:4:4:4:1,1:2:4:2:0:4:4:4:1,MUTATE
1:2:4:2:1:4:4:4:0:,recombination,11347.764590689061,2:3:4:4:3:3:3:4:1,2:3:4:3:2:3:4:4:2,MUTATE
1:2:4:3:3:3:4:4:1:,recombination,11716.992517042465,3:3:4:4:4:1:1:3:3,4:4:4:4:4:3:3:4:4
2:3:4:4:3:4:3:4:1:,clone,12332.503554366283,2:3:4:4:3:4:3:4:1
3:4:4:4:4:3:2:4:3:,recombination,11966.171558297086,3:3:4:4:3:4:4:4:2,1:2:4:4:3:3:3:4:1,MUTATE
2:3:4:4:3:4:3:4:1:,clone,12115.455950986836,2:3:4:4:3:4:4:4:1
1:3:4:4:3:4:4:4:1:,recombination,13001.213991451225,3:4:4:4:4:1:2:2:3,4:3:3:4:4:2:2:4:4
2:3:4:3:3:3:3:4:2:,recombination,11447.232993038378,3:4:4:4:4:2:2:4:3,4:3:4:4:4:2:2:4:4,MUTATE
2:3:4:3:3:3:3:4:2:,clone,11409.515061733717,2:3:4:3:3:3:3:4:2
2:3:4:3:3:3:4:4:2:,clone,11801.443262192923,2:3:4:3:3:3:4:4:2
2:3:4:4:3:3:4:4:2:,recombination,12086.881472292825,4:4:3:4:4:0:0:2:4,4:4:4:4:4:3:3:4:4
2:3:4:3:3:3:4:4:2:,clone,11637.275202931096,2:3:4:3:3:3:4:4:2
1:2:4:3:1:4:4:4:0:,clone,11864.245795174631,1:2:4:3:1:4:4:4:0
1:2:4:3:1:4:4:4:0:,recombination,11755.175987219593,4:4:4:4:4:0:0:1:4,1:2:4:3:2:4:4:4:1,MUTATE
1:2:4:3:1:4:4:4:0:,clone,11748.533874973338,1:2:4:3:1:4:4:4:0
1:2:4:3:1:4:4:4:0:,clone,11742.484486267247,1:2:4:3:1:4:4:4:0
0:1:4:1:0:4:4:4:0:,recombination,12094.312137639892,4:4:3:4:4:0:0:1:4,3:3:4:4:4:2:3:3:3,MUTATE
0:1:4:1:0:4:4:4:0:,recombination,12075.690600494001,0:1:4:1:0:4:4:4:0,1:2:4:1:0:4:4:4:0
2:2:4:4:2:3:4:4:1:,recombination,12769.77130491767,1:3:4:4:2:4:4:4:1,2:3:4:4:2:3:4:4:2,MUTATE
4:4:3:4:4:1:0:2:4:,recombination,11197.84026851252,3:3:4:4:3:2:3:4:2,3:3:4:4:4:3:3:4:2,MUTATE
3:3:4:4:3:3:3:4:2:,clone,12041.423801664074,3:3:4:4:3:3:3:4:2
4:3:4:4:4:1:2:4:4:,clone,10816.248971084788,4:3:4:4:4:1:2:4:4
1:1:4:2:1:4:4:4:0:,clone,12768.668387319583,1:1:4:2:1:4:4:4:0
4:4:2:4:4:1:1:3:4:,recombination,12361.6112481252,2:3:4:3:2:4:4:4:1,4:4:4:4:4:1:1:1:4
4:3:4:4:4:3:3:4:3:,clone,12206.06064357814,4:3:4:4:4:3:3:4:3
4:4:3:4:4:0:0:0:4:,recombination,9429.15121515653,0:2:4:1:0:4:4:4:0,2:3:4:4:3:3:4:4:1,MUTATE
1:3:4:2:1:4:4:4:1:,clone,12865.443737463853,1:2:4:2:1:4:4:4:1
1:3:4:2:1:4:4:4:1:,recombination,12673.054823711811,4:4:2:4:4:1:1:4:4,0:2:4:1:0:4:4:4:0,MUTATE
0:1:4:1:0:4:4:4:0:,clone,12047.482072764727,0:1:4:1:0:4:4:4:0
2:3:4:4:2:4:4:4:1:,clone,12737.797764484432,2:3:4:3:2:4:4:4:1
2:2:4:3:2:4:4:4:1:,clone,11637.97376848394,2:2:4:3:2:4:4:4:1
4:4:3:4:4:1:1:1:4:,clone,10361.77932067518,4:4:3:4:4:1:1:1:4
4:4:3:4:4:0:0:1:4:,clone,9517.317566113064,4:4:3:4:4:0:0:1:4
4:4:3:4:4:0:0:0:4:,clone,9332.530482099757,4:4:3:4:4:0:0:0:4
4:4:3:4:4:1:1:1:4:,clone,10329.350957753126,4:4:3:4:4:1:1:1:4
4:4:3:4:4:1:1:1:4:,clone,10192.859269062186,4:4:3:4:4:1:1:1:4
4:4:3:4:4:0:1:2:4:,clone,10416.622034952521,4:4:3:4:4:0:1:2:4
4:4:3:4:4:0:1:2:4:,clone,10416.62203495252,4:4:3:4:4:0:1:2:4
2:2:4:3:3:3:4:4:2:,clone,11943.179676849477,2:3:4:4:3:3:3:4:2
2:2:4:4:2:3:4:4:1:,recombination,12763.435080979018,2:3:4:4:3:4:3:4:1,2:3:4:4:3:4:4:4:2
4:4:4:4:4:1:2:4:4:,recombination,10579.813947809016,2:3:4:4:4:3:3:4:2,1:3:4:3:2:4:4:4:1
4:4:4:4:4:1:2:4:4:,clone,10570.548005155973,4:4:4:4:4:1:2:4:4
2:3:4:4:2:3:4:4:2:,clone,12726.08764771773,2:3:4:4:3:3:3:4:2
2:3:4:4:3:3:3:4:2:,recombination,10624.613890822286,1:3:4:4:2:4:4:4:1,1:2:4:3:1:4:4:4:0,MUTATE
2:3:4:3:2:4:4:4:1:,recombination,11851.027199734895,1:2:4:3:1:4:4:4:0,1:2:4:3:1:4:4:4:0
1:2:4:3:2:4:4:4:1:,recombination,11296.46798760891,2:3:4:4:3:4:4:4:1,1:2:4:2:1:4:4:4:1,MUTATE
4:4:2:4:4:0:0:2:4:,clone,11601.683534248137,4:4:2:4:4:0:0:2:4
3:3:4:4:4:3:3:4:3:,clone,11372.834529391084,3:3:4:4:4:3:3:4:3
3:3:4:4:4:3:3:4:3:,clone,11341.552034628134,3:3:4:4:4:3:3:4:3
2:2:4:4:3:3:4:4:2:,recombination,12340.722050261847,0:2:4:2:0:4:4:4:0,2:2:4:4:4:3:3:4:1,MUTATE
4:4:4:4:4:3:3:4:3:,clone,12452.998646872193,3:3:4:4:4:3:3:4:3
4:4:4:4:4:0:1:2:4:,recombination,9559.741453714016,2:3:4:4:3:4:3:4:1,1:2:4:2:1:4:4:4:1
2:3:4:3:1:4:4:4:1:,recombination,13170.57583836153,3:4:4:4:4:1:1:2:4,4:4:3:4:4:2:1:3:4,MUTATE
2:3:4:3:2:4:4:4:2:,clone,12188.458403427487,2:3:4:3:2:4:4:4:1
2:3:4:3:2:4:4:4:2:,clone,12050.502481319609,2:3:4:3:2:4:4:4:2
1:2:4:4:3:4:4:4:1:,recombination,12583.47635504588,3:4:4:4:4:1:2:2:3,1:2:4:4:3:3:4:4:1,MUTATE
1:3:4:4:3:4:4:4:1:,recombination,12811.684615988821,3:3:4:4:4:2:2:4:3,1:2:4:4:3:4:4:4:1
1:2:4:4:2:4:4:4:1:,recombination,12830.269966593714,1:2:4:3:2:4:4:4:0,1:2:4:4:3:4:4:4:1,MUTATE
1:3:4:4:2:4:4:4:1:,clone,13134.889566395348,1:2:4:3:2:4:4:4:1
1:2:4:2:1:3:4:4:0:,recombination,11495.083156426914,4:4:4:4:4:1:1:2:4,1:2:4:2:1:3:4:4:1
1:1:4:1:0:4:4:4:0:,recombination,12422.717944185366,1:1:4:1:0:4:4:4:0,4:4:2:4:4:0:0:0:4,MUTATE
2:2:4:4:2:3:4:4:1:,clone,12744.439022300698,2:2:4:4:2:3:4:4:1
