3:3:4:4:4:3:3:4:3:,initialisation,12174.584849625891,
4:4:4:4:4:2:2:3:4:,initialisation,11593.180868404334,
4:4:4:4:4:1:2:4:4:,initialisation,11455.26971220328,
4:3:4:4:4:2:2:4:4:,initialisation,11298.436884065588,
4:3:4:4:4:2:3:4:4:,initialisation,11479.46327886344,
4:4:4:4:4:2:2:4:4:,initialisation,12919.497988067153,
3:3:4:4:4:3:3:4:3:,initialisation,11889.225444726606,
4:4:3:4:4:2:2:4:4:,initialisation,12296.438175164512,
4:4:4:4:4:1:1:4:4:,initialisation,10744.270594755975,
4:4:4:4:4:2:2:4:4:,initialisation,11608.219636328999,
3:3:4:4:4:2:2:4:3:,initialisation,12159.300125641457,
4:3:4:4:4:3:3:4:4:,initialisation,12519.581924333037,
3:3:4:4:4:1:2:3:3:,initialisation,10379.13681911175,
2:2:4:4:4:2:3:3:2:,initialisation,12758.336560203556,
3:3:4:4:4:3:3:4:3:,initialisation,11487.721715242607,
2:3:4:4:4:3:3:4:2:,initialisation,13359.435716934946,
3:3:4:4:4:2:3:4:3:,initialisation,12671.559937885972,
2:2:4:4:4:2:3:3:2:,initialisation,12299.243891753098,
3:3:4:4:3:3:3:4:2:,initialisation,12967.927466929632,
2:2:4:4:4:2:3:3:2:,initialisation,12104.822780759247,
2:3:4:4:4:2:3:4:2:,initialisation,11763.147930349674,
4:4:3:4:4:3:2:4:4:,initialisation,12508.847188624788,
2:3:4:4:4:2:2:3:2:,initialisation,10561.114333237323,
3:3:4:4:4:2:2:3:3:,initialisation,11870.540406663706,
2:3:4:4:4:1:2:2:3:,initialisation,9579.259503580779,
4:4:4:4:4:1:2:4:4:,initialisation,11435.78008630536,
4:3:4:4:4:3:3:4:4:,initialisation,12250.229191970146,
3:3:4:4:4:2:2:3:3:,initialisation,11315.340338849735,
2:3:4:4:4:3:3:4:2:,initialisation,12136.744350249539,
4:3:4:4:4:1:1:2:4:,initialisation,10919.056470081767,
3:3:4:4:4:3:3:4:3:,initialisation,11451.878300178598,
4:4:4:4:4:1:2:3:4:,initialisation,11494.74919933916,
4:4:4:4:4:2:2:4:4:,initialisation,11294.612224106333,
2:3:4:4:4:2:2:3:2:,initialisation,10457.778003345164,
3:3:4:4:4:2:3:4:3:,initialisation,11395.889653890255,
3:3:4:4:4:2:2:4:3:,initialisation,11676.747178858479,
4:4:4:4:4:1:1:3:4:,initialisation,11620.451077123198,
3:3:4:4:4:2:2:2:3:,initialisation,11041.571418751791,
4:4:3:4:4:2:2:4:4:,initialisation,12234.95546603263,
4:4:4:4:4:1:2:4:4:,initialisation,11402.596346018934,
4:4:4:4:4:1:2:3:4:,initialisation,11299.987363961698,
4:4:4:4:4:2:2:4:4:,initialisation,11260.28234537748,
4:4:4:4:4:2:3:4:4:,initialisation,13044.554754824909,
3:3:4:4:4:3:3:4:2:,initialisation,13023.289081451194,
4:3:4:4:4:3:2:4:3:,initialisation,12976.449541200955,
4:4:4:4:4:1:2:3:4:,initialisation,11295.695960088413,
4:4:4:4:4:1:2:4:4:,initialisation,10605.329347200155,
4:4:4:4:4:2:2:3:4:,initialisation,11465.167420796377,
4:3:4:4:4:2:2:4:4:,initialisation,11064.118663889669,
2:3:4:4:4:2:3:3:2:,initialisation,11498.964220890883,
4:4:4:4:4:1:1:3:4:,initialisation,10659.848814177216,
4:3:4:4:4:2:2:3:4:,initialisation,12537.701699341318,
4:3:4:4:4:3:3:4:3:,initialisation,12315.492506045424,
4:4:4:4:4:2:1:3:4:,initialisation,11971.926680737675,
3:3:4:4:4:2:3:3:3:,initialisation,12171.03054696323,
4:4:4:4:4:2:2:4:4:,initialisation,11242.191561895903,
4:3:4:4:4:1:2:4:4:,initialisation,10793.8481539708,
4:3:4:4:4:1:2:3:4:,initialisation,11125.331369142952,
3:3:4:4:4:1:2:2:3:,initialisation,10593.537881270895,
4:4:4:4:4:2:2:4:4:,initialisation,10872.917829069016,
3:3:4:4:4:1:1:1:4:,initialisation,10844.536878923574,
4:4:4:4:4:2:2:4:4:,initialisation,10575.665823971125,
4:3:4:4:4:2:2:4:4:,initialisation,11050.925178500378,
4:4:4:4:4:1:2:3:4:,initialisation,11182.20067793243,
3:3:4:4:4:2:3:3:3:,initialisation,11562.512934125669,
4:4:4:4:4:1:1:2:4:,initialisation,11622.870503163218,
4:4:4:4:4:2:1:4:4:,initialisation,11820.217609386327,
4:3:4:4:4:1:2:4:4:,initialisation,10757.615278800326,
3:3:4:4:4:2:3:4:3:,initialisation,10940.177713451707,
4:4:2:4:4:2:2:4:4:,initialisation,12508.84718862479,
3:3:4:4:4:2:2:4:3:,initialisation,11559.443748544398,
3:3:4:4:4:3:3:4:3:,initialisation,11095.262073500258,
4:4:2:4:4:2:2:4:4:,initialisation,12508.847188624786,
2:3:4:4:4:3:3:4:2:,initialisation,11714.852696846963,
4:3:4:4:4:3:3:4:4:,initialisation,12160.639602734542,
4:4:4:4:4:1:1:3:4:,initialisation,10622.421647428042,
3:3:4:4:4:2:2:3:3:,initialisation,10957.177347951714,
4:4:3:4:4:1:1:4:4:,initialisation,11680.762728836025,
3:3:4:4:4:2:2:3:3:,initialisation,10556.023667825448,
3:3:4:4:4:2:2:2:3:,initialisation,10840.36808038846,
3:3:4:4:4:2:2:4:3:,initialisation,11019.194539769103,
2:2:4:4:4:3:3:3:2:,initialisation,11847.36952824845,
4:3:3:4:4:2:2:4:4:,initialisation,12508.847188624786,
3:3:4:4:4:2:2:2:4:,initialisation,10955.609965953281,
3:3:4:4:4:2:2:3:4:,initialisation,11545.455689491277,
4:4:3:4:4:1:1:3:4:,initialisation,12140.262465176396,
4:3:4:4:4:2:2:4:4:,initialisation,10986.267293927316,
3:3:4:4:4:1:1:2:3:,initialisation,10363.904093536816,
4:3:4:4:4:3:3:4:4:,initialisation,11669.236836871487,
4:4:4:4:4:2:1:3:4:,initialisation,11653.798477317756,
4:3:4:4:4:2:2:3:4:,initialisation,11429.066328838358,
4:4:4:4:4:1:1:2:4:,initialisation,10209.639751872626,
4:4:4:4:4:1:2:3:4:,initialisation,11090.645307207848,
4:4:2:4:4:2:2:4:4:,initialisation,12508.847188624784,
3:3:4:4:4:3:3:4:2:,initialisation,11943.363539661581,
4:4:3:4:4:1:1:3:4:,initialisation,11173.090748401779,
4:3:3:4:4:2:3:4:4:,initialisation,12508.847188624788,
4:3:3:4:4:2:2:4:4:,initialisation,11779.66486176759,
4:4:2:4:4:2:1:4:4:,initialisation,12508.847188624783,
4:3:4:4:4:2:2:4:3:,initialisation,11524.742691099405,
3:3:4:4:4:0:1:1:4:,initialisation,10733.092247761655,
4:3:4:4:4:3:2:4:4:,initialisation,12461.825453664358,
3:3:4:4:4:2:2:3:4:,initialisation,11507.03140052446,
4:3:4:4:4:3:2:4:4:,initialisation,12054.877086379225,
4:3:3:4:4:3:2:4:4:,initialisation,12508.84718862479,
4:4:3:4:4:2:3:4:4:,initialisation,12508.847188624783,
2:2:4:4:4:2:2:3:2:,initialisation,10308.528380933874,
4:4:3:4:4:2:2:4:4:,initialisation,12232.670517748906,
3:3:4:4:4:1:2:2:4:,initialisation,10795.884063145562,
4:3:4:4:4:2:3:4:4:,initialisation,11229.034722117432,
4:4:4:4:4:1:2:3:4:,initialisation,10999.594612184965,
2:2:4:4:4:2:3:4:2:,initialisation,11551.427535931001,
4:4:4:4:4:2:2:4:4:,initialisation,10345.559063076755,
4:3:4:4:4:2:2:4:4:,initialisation,10805.338603799355,
4:3:4:4:4:3:3:4:4:,initialisation,11624.403630548424,
4:3:4:4:4:3:3:4:3:,initialisation,12186.72307001263,
4:4:2:4:4:1:1:4:4:,initialisation,12508.847188624786,
4:3:4:4:4:2:3:4:4:,initialisation,11137.488058786259,
4:4:4:4:4:2:2:2:4:,initialisation,11385.7577503096,
4:4:3:4:4:3:3:4:4:,initialisation,12508.847188624783,
4:4:4:4:4:1:2:3:4:,initialisation,10845.770072348449,
4:4:3:4:4:2:2:3:4:,initialisation,12304.06396846126,
4:3:4:4:4:2:3:4:4:,initialisation,10912.55000494137,
4:3:4:4:4:3:3:4:3:,initialisation,11545.609488807306,
3:3:4:4:4:1:2:1:3:,initialisation,11277.42084702346,
4:4:4:4:4:2:3:4:4:,initialisation,12104.29372393415,
2:3:4:4:4:2:3:4:2:,initialisation,10918.94651918723,
2:3:4:4:4:2:2:2:3:,initialisation,10974.781834062711,
4:4:4:4:4:2:3:4:4:,initialisation,12090.321466645777,
2:2:4:4:4:2:3:3:2:,initialisation,11865.336279666546,
3:3:4:4:4:1:2:2:3:,initialisation,10317.958849955852,
3:3:4:4:4:1:2:2:4:,initialisation,10789.593495955802,
3:3:4:4:4:2:2:4:3:,initialisation,10784.815265122099,
3:3:4:4:4:1:2:3:4:,initialisation,11514.07467090348,
4:4:4:4:4:3:2:4:4:,initialisation,12522.945246186577,
4:4:3:4:4:3:2:4:4:,initialisation,12508.847188624784,
4:3:4:4:4:3:2:4:4:,initialisation,11959.224632046737,
3:3:4:4:4:1:1:2:3:,initialisation,10007.968686016095,
4:3:4:4:4:2:2:4:4:,initialisation,10745.046111118481,
3:3:4:4:4:1:2:4:3:,initialisation,10811.163762730373,
2:2:4:4:4:3:3:4:2:,initialisation,12440.95125042698,
3:3:4:4:4:1:1:1:4:,initialisation,9035.92657652831,
4:4:4:4:4:3:2:4:4:,initialisation,12488.282516191048,
4:4:3:4:4:1:1:2:4:,initialisation,11283.724657621242,
2:3:4:4:4:2:3:3:2:,initialisation,10543.314887593175,
4:3:4:4:4:2:3:4:4:,initialisation,10751.674537618996,
4:3:3:4:4:3:3:4:4:,initialisation,12508.847188624788,
4:4:2:4:4:1:2:4:4:,initialisation,12388.292841132605,
2:3:4:4:4:3:3:3:2:,initialisation,12540.6513684457,
3:3:4:4:4:1:2:2:3:,initialisation,10218.628697288368,
4:3:4:4:4:2:2:4:4:,initialisation,10316.224011348018,
4:4:2:4:4:1:1:4:4:,initialisation,12508.847188624779,
4:4:4:4:4:3:2:4:4:,initialisation,11771.981863433717,
2:2:4:4:4:2:3:4:2:,initialisation,11543.701260001853,
3:3:4:4:4:3:3:4:2:,initialisation,10819.87778759381,
3:3:4:4:4:3:3:3:3:,initialisation,12789.713877421098,
3:3:4:4:4:2:2:3:3:,initialisation,10506.517529631365,
3:3:4:4:4:1:2:2:3:,initialisation,9964.735813277433,
4:3:4:4:4:2:2:3:4:,initialisation,11339.936045495093,
2:2:4:4:4:3:3:4:2:,initialisation,11269.160442267754,
4:3:4:4:4:2:3:4:3:,initialisation,12467.507185347175,
4:3:4:4:4:1:2:3:4:,initialisation,10326.164943996675,
4:4:3:4:4:1:1:2:4:,initialisation,10853.331639726055,
4:4:4:4:4:2:2:3:4:,initialisation,11229.803066793815,
2:3:4:4:3:3:3:4:2:,initialisation,12785.879939415261,
2:2:4:4:4:2:3:3:2:,initialisation,11598.043520285153,
4:3:4:4:4:2:3:4:3:,initialisation,11530.079980297503,
4:4:4:4:4:2:1:3:4:,initialisation,11447.277464946423,
3:3:4:4:4:2:2:3:4:,initialisation,10902.17562705599,
4:4:4:4:4:1:2:2:4:,initialisation,11283.79778936884,
4:4:4:4:4:1:1:3:4:,initialisation,10525.76820841025,
3:3:4:4:3:3:3:4:3:,initialisation,12361.3188803449,
4:3:4:4:4:1:2:2:4:,initialisation,12441.136039191208,
2:2:4:4:4:3:3:4:1:,initialisation,12837.143112001366,
4:4:2:4:4:2:2:4:4:,initialisation,12417.492877837041,
4:4:3:4:4:2:1:4:4:,initialisation,11693.335914198078,
4:3:4:4:4:1:1:2:4:,initialisation,10586.581957014741,
4:4:4:4:4:2:1:4:4:,initialisation,11338.77023289235,
3:3:4:4:4:1:2:3:3:,initialisation,10340.008242301526,
4:3:4:4:4:1:1:4:4:,initialisation,11760.451008548042,
2:3:4:4:4:2:2:2:2:,initialisation,11484.326228336558,
2:2:4:4:3:3:3:4:2:,initialisation,12134.804869652036,
4:3:3:4:4:2:2:4:4:,initialisation,11361.417069463312,
2:2:4:4:4:2:3:3:2:,initialisation,11366.721914654401,
4:4:3:4:4:3:2:4:4:,initialisation,12363.071330258192,
4:4:4:4:4:2:2:3:4:,initialisation,11187.90583322671,
4:3:4:4:4:2:2:3:4:,initialisation,11201.692265197365,
3:3:4:4:4:2:2:3:3:,initialisation,10474.446780569791,
4:3:4:4:4:3:2:4:4:,initialisation,11954.680467428794,
3:3:4:4:4:2:2:3:3:,initialisation,9917.44771985524,
4:4:3:4:4:1:2:4:4:,initialisation,12508.847188624788,
2:3:4:4:4:3:3:4:2:,initialisation,11265.714013288123,
4:4:4:4:4:1:1:3:4:,initialisation,10488.678912516241,
4:4:4:4:4:3:3:4:4:,initialisation,13056.674976084543,
4:3:4:4:4:1:1:2:4:,initialisation,10505.231173012382,
4:4:4:4:4:1:1:3:4:,initialisation,9848.226322178985,
4:4:3:4:4:2:2:4:4:,initialisation,11950.648371482412,
4:4:4:4:4:2:3:4:4:,initialisation,11687.995606097982,
4:3:4:4:4:3:2:4:4:,initialisation,11800.573755559539,
2:3:4:4:3:3:3:4:2:,initialisation,12709.790101145034,
2:2:4:4:4:3:3:2:2:,initialisation,13041.62111955937,
2:3:4:4:4:2:2:4:2:,initialisation,11194.78190556376,
4:4:3:4:4:2:2:3:4:,initialisation,12150.647418460598,
3:3:4:4:4:2:3:2:3:,initialisation,13284.122733684513,
3:3:4:4:4:2:3:3:3:,initialisation,11449.457988929944,
4:4:3:4:4:1:2:4:4:,initialisation,11714.072350199229,
3:3:4:4:4:1:1:2:4:,initialisation,10617.511232864443,
2:3:4:4:4:2:2:2:3:,initialisation,10567.49704226508,
4:4:3:4:4:1:2:3:4:,initialisation,12139.416762138862,
3:3:4:4:4:1:2:3:3:,initialisation,9967.133966828536,
4:3:4:4:4:1:1:2:4:,initialisation,10155.199068723658,
2:2:4:4:4:2:3:2:2:,initialisation,11836.287000718039,
2:2:4:4:4:2:3:4:2:,initialisation,10900.266869714349,
4:3:4:4:4:0:1:1:4:,initialisation,10242.382802314585,
3:3:4:4:4:2:3:3:3:,initialisation,11142.538509160502,
4:4:3:4:4:1:2:3:4:,initialisation,11675.090673985313,
2:3:4:4:4:2:2:4:2:,initialisation,11046.301363984583,
3:3:4:4:4:3:3:4:3:,initialisation,10927.879960732465,
3:3:4:4:4:1:2:2:4:,initialisation,9418.493024774525,
4:4:4:4:4:0:1:2:4:,initialisation,10944.71965771994,
4:3:4:4:4:1:2:4:4:,initialisation,10734.362221333846,
3:3:4:4:4:2:3:2:3:,initialisation,11903.58835524394,
4:4:4:4:4:2:2:3:4:,initialisation,10944.031415919697,
4:4:4:4:4:2:1:4:4:,initialisation,11174.299705077196,
3:3:4:4:4:1:2:3:4:,initialisation,11302.834646553541,
4:3:4:4:4:3:2:4:4:,initialisation,11549.088395083721,
3:3:4:4:4:2:2:4:3:,initialisation,10467.499870859385,
4:4:3:4:4:2:1:4:4:,initialisation,11364.262574094613,
2:2:4:4:4:2:3:4:2:,initialisation,10768.444627338147,
2:3:4:4:4:3:3:3:2:,initialisation,11688.410287429964,
4:3:4:4:4:2:2:3:4:,initialisation,10789.451823636093,
3:3:4:4:4:3:2:4:3:,initialisation,11787.768173793082,
4:4:4:4:4:2:2:2:4:,initialisation,11178.250246811343,
3:4:4:4:4:1:1:2:4:,initialisation,10633.5030888091,
4:3:3:4:4:3:2:4:4:,initialisation,12508.847188624788,
4:3:4:4:4:1:1:2:4:,initialisation,9961.259717284252,
4:3:3:4:4:3:2:4:4:,initialisation,12508.847188624786,
4:3:4:4:4:3:3:4:4:,initialisation,11539.212704539159,
4:4:3:4:4:2:2:4:4:,initialisation,11784.714052039828,
3:3:4:4:4:2:2:2:3:,initialisation,10532.253135371207,
4:4:4:4:4:1:1:4:4:,initialisation,10679.57337455373,
4:4:3:4:4:2:2:3:4:,initialisation,11725.76548601861,
3:3:4:4:4:0:1:1:4:,initialisation,10287.777463910956,
2:2:4:4:3:3:3:4:1:,initialisation,13302.166103641484,
4:4:2:4:4:1:1:3:4:,initialisation,12549.916215053272,
2:3:4:4:4:1:2:2:2:,initialisation,11529.460792125878,
3:3:4:4:4:2:2:2:3:,initialisation,10016.059473359153,
4:4:4:4:4:2:3:4:4:,initialisation,11323.72752825842,
4:4:4:4:4:1:2:3:4:,initialisation,10626.449084657228,
4:3:4:4:4:1:2:2:4:,initialisation,11206.669722086805,
4:4:3:4:4:2:2:4:4:,initialisation,11606.733465720336,
3:3:4:4:4:1:1:2:4:,initialisation,10536.807215654702,
2:2:4:4:3:4:3:4:1:,initialisation,12508.0551289787,
4:4:4:4:4:1:2:3:4:,initialisation,10519.964126239356,
2:3:4:4:4:3:3:3:2:,initialisation,11621.304049276305,
3:3:4:4:4:1:1:2:3:,initialisation,9824.851355325802,
4:3:4:4:4:2:2:3:4:,initialisation,10715.359185399097,
3:4:4:4:4:2:2:2:4:,initialisation,11006.259674629102,
2:3:4:4:4:1:2:2:2:,initialisation,10407.388907090502,
1:2:4:4:4:2:3:3:1:,initialisation,11617.21790236479,
4:4:4:4:4:3:3:4:4:,initialisation,12508.847188624784,
2:2:4:4:4:3:3:2:2:,initialisation,11473.840463556358,
2:2:4:4:4:1:2:3:2:,initialisation,11167.332112605067,
4:4:3:4:4:1:1:4:4:,initialisation,11166.026293514129,
4:4:4:4:4:0:1:2:4:,initialisation,10852.318498355147,
3:3:4:4:4:2:3:4:2:,initialisation,11998.5673730322,
3:3:4:4:4:2:3:3:3:,initialisation,10877.63077054747,
4:3:4:4:4:1:2:4:4:,initialisation,10673.447905234434,
4:4:4:4:4:2:1:3:4:,initialisation,10770.481375921949,
2:3:4:4:4:1:2:3:2:,initialisation,11170.471732159353,
4:4:4:4:4:1:2:2:4:,initialisation,10303.520785828323,
4:4:4:4:4:0:1:1:4:,initialisation,10268.339284731324,
4:4:3:4:4:1:1:3:4:,initialisation,10947.771567930155,
4:4:2:4:4:1:1:4:4:,initialisation,12388.380041211414,
4:3:4:4:4:2:3:4:4:,initialisation,10719.707403993747,
3:3:4:4:4:2:3:4:3:,initialisation,10714.786591049799,
4:4:2:4:4:1:2:4:4:,initialisation,12310.11928693547,
4:3:4:4:4:1:2:2:4:,initialisation,10685.912546981626,
3:3:3:4:4:3:2:4:3:,initialisation,12182.44843968834,
1:2:4:4:3:3:4:4:1:,initialisation,13320.37521038188,
4:4:3:4:4:2:2:4:4:,initialisation,11109.019252345151,
3:3:4:4:4:1:2:3:4:,initialisation,10695.263168828349,
2:2:4:3:2:3:4:4:2:,recombination,11233.204700053226,3:3:4:4:4:3:3:4:2,4:3:4:4:4:3:3:4:4,MUTATE
4:4:3:4:4:2:3:4:4:,clone,12508.84718862478,4:4:3:4:4:2:3:4:4
4:4:4:4:4:1:1:2:4:,recombination,9563.371768956611,4:4:3:4:4:1:1:3:4,4:4:4:4:4:1:1:3:4,MUTATE
4:3:4:4:4:2:2:4:3:,clone,11442.78667961776,4:3:4:4:4:2:3:4:3
4:4:4:4:4:1:1:3:4:,recombination,9648.286342162914,4:4:4:4:4:1:2:4:4,4:4:4:4:4:1:1:3:4
2:3:4:4:4:2:3:4:2:,clone,10605.760303371404,2:2:4:4:4:2:3:4:2
2:3:4:4:4:2:2:4:2:,clone,10154.354744941342,3:3:4:4:4:2:2:4:3
2:3:4:4:4:2:3:4:2:,clone,10455.014242970636,2:3:4:4:4:2:3:4:2
3:3:4:4:4:2:2:4:3:,clone,10281.06421737065,2:3:4:4:4:2:2:4:2
2:3:4:4:3:3:3:4:2:,recombination,10812.736796609188,3:3:4:4:4:3:3:4:2,2:3:4:4:3:3:3:4:2
4:4:3:4:4:1:2:4:4:,clone,11412.16321104549,4:4:3:4:4:1:2:4:4
2:2:4:4:3:3:3:4:2:,clone,12062.17818214776,2:2:4:4:3:3:3:4:2
3:3:4:4:4:1:1:2:3:,clone,9564.311702073594,3:3:4:4:4:1:2:2:3
2:2:4:4:3:4:4:4:2:,recombination,13814.58231003478,2:2:4:4:3:3:3:4:1,4:3:4:4:4:2:3:4:4
3:3:4:4:4:3:3:4:3:,recombination,10723.203996031603,3:3:4:4:4:2:2:2:3,2:3:4:4:3:3:3:4:2
3:3:4:4:4:3:3:4:3:,clone,10723.203996031601,3:3:4:4:4:3:3:4:3
4:3:4:4:4:2:2:4:4:,clone,10239.866195332934,4:3:4:4:4:2:2:4:4
3:3:4:4:4:3:3:4:3:,clone,10676.7011638255,3:3:4:4:4:3:3:4:3
4:4:4:4:4:3:3:4:4:,clone,12508.847188624783,4:4:3:4:4:3:3:4:4
3:3:4:4:4:2:2:3:4:,recombination,10791.330171888858,4:4:4:4:4:1:2:3:4,3:3:4:4:4:2:3:3:3,MUTATE
4:4:4:4:4:1:2:4:4:,recombination,10358.867680890227,4:4:4:4:4:1:2:3:4,4:4:4:4:4:2:2:3:4
3:3:4:4:4:2:2:4:3:,clone,10268.348462091288,3:3:4:4:4:2:2:4:3
4:4:4:4:4:1:1:3:4:,clone,9643.604435586238,4:4:4:4:4:1:1:3:4
2:2:4:4:4:2:3:3:2:,recombination,11127.599436575243,4:3:4:4:4:3:2:4:4,2:2:4:4:4:1:2:3:2
3:3:4:4:4:1:2:1:3:,recombination,9676.009406181629,3:3:4:4:4:2:3:2:3,4:3:4:4:4:1:1:2:4
4:3:4:4:4:1:2:4:4:,recombination,9955.75386608013,3:3:4:4:4:2:2:3:3,4:4:4:4:4:2:1:4:4
2:3:4:4:4:2:2:3:2:,clone,10367.331814625039,2:3:4:4:4:2:2:3:2
4:3:4:4:4:3:3:4:4:,clone,11323.72752825842,4:4:4:4:4:2:3:4:4
3:3:4:4:4:2:3:4:3:,recombination,10451.395776428531,3:3:4:4:4:2:2:4:3,2:2:4:3:2:3:4:4:2,MUTATE
3:3:4:4:4:0:1:1:4:,clone,10221.431413765487,3:3:4:4:4:0:1:1:4
1:2:4:4:3:4:4:4:1:,clone,13547.672599152691,1:2:4:4:3:3:4:4:1
3:3:4:4:4:1:2:2:3:,clone,9948.107497381885,3:3:4:4:4:1:2:2:3
4:3:4:4:4:1:2:3:4:,recombination,9673.444980760165,4:4:4:4:4:1:2:4:4,3:3:4:4:4:1:2:2:4,MUTATE
4:4:4:4:4:1:2:4:4:,recombination,10345.474827515793,4:4:4:4:4:1:2:3:4,4:3:4:4:4:2:2:4:4
3:3:4:4:4:2:3:3:3:,clone,10788.573037764188,3:3:4:4:4:2:3:3:3
4:3:4:4:4:1:2:2:4:,recombination,10567.4814406882,4:4:4:4:4:1:1:3:4,3:3:4:4:4:2:3:3:3,MUTATE
4:3:3:4:4:2:2:4:4:,recombination,11018.633977094803,4:4:3:4:4:1:2:4:4,4:4:2:4:4:2:2:4:4
1:2:4:4:4:2:3:4:1:,clone,11505.11002696778,1:2:4:4:4:2:3:3:1
3:3:4:4:4:1:2:2:3:,clone,9735.287887168055,3:3:4:4:4:1:2:1:3
3:3:4:4:4:2:2:4:3:,clone,10147.71454943853,3:3:4:4:4:2:2:3:3
3:3:4:4:3:3:3:4:3:,clone,11932.854412685787,3:3:4:4:3:3:3:4:3
2:2:4:4:4:2:3:3:2:,clone,11082.98371285458,2:2:4:4:4:2:3:4:2
4:3:4:4:4:1:1:4:4:,recombination,10298.399735635305,4:3:4:4:4:1:2:4:4,4:4:2:4:4:1:1:4:4
4:4:4:4:4:0:1:1:4:,clone,10220.920456587335,4:4:4:4:4:0:1:1:4
2:2:4:4:4:2:2:2:2:,clone,11845.568869453165,2:2:4:4:4:2:3:2:2
4:3:4:4:4:2:2:3:4:,recombination,10477.60567252831,4:3:4:4:4:2:2:3:4,4:3:4:4:4:1:2:4:4
4:3:4:4:4:2:2:2:4:,recombination,11132.777787301604,3:3:4:4:4:2:3:3:3,4:4:3:4:4:2:2:3:4,MUTATE
3:3:4:4:4:1:2:3:4:,recombination,10060.386603766286,3:3:4:4:4:2:2:4:3,4:3:4:4:4:1:2:3:4,MUTATE
3:3:4:4:4:1:1:2:4:,recombination,9583.036354429978,3:3:4:4:4:1:1:2:3,4:4:3:4:4:3:2:4:4,MUTATE
3:3:4:4:4:1:1:2:3:,clone,9547.683386178045,3:3:4:4:4:1:1:2:3
2:2:4:4:4:3:3:4:2:,clone,10579.20190802737,2:2:4:4:4:2:2:3:2
3:3:4:4:4:2:3:4:3:,recombination,10135.32610939075,4:4:4:4:4:1:1:3:4,1:2:4:4:4:2:3:4:1
4:3:4:4:4:1:2:2:4:,clone,10205.606446940865,4:3:4:4:4:1:2:2:4
4:3:4:4:4:2:2:4:4:,clone,10205.771043810126,4:3:4:4:4:2:2:4:4
3:3:4:4:4:1:2:4:3:,clone,10790.632022971837,3:3:4:4:4:1:2:4:3
4:4:3:4:4:3:2:4:4:,recombination,12238.551296079679,4:4:3:4:4:3:2:4:4,3:3:4:4:4:1:2:3:4
4:4:4:4:4:0:1:1:4:,clone,10042.939306167047,4:4:4:4:4:0:1:1:4
2:2:4:4:4:2:3:4:2:,clone,10601.359131470646,2:2:4:4:4:2:3:4:2
2:2:4:4:4:3:3:3:2:,recombination,11115.593026428382,3:3:4:4:4:2:3:2:3,2:3:4:4:4:3:3:4:2
4:4:4:4:4:0:0:1:4:,recombination,10129.181370490125,3:3:4:4:4:0:1:1:4,4:3:4:4:4:1:2:4:4
3:3:4:4:4:1:2:1:4:,recombination,10128.322339719418,3:3:4:4:4:1:2:2:3,2:3:4:4:4:2:3:3:2
3:3:4:4:4:3:3:4:3:,recombination,10663.87747982604,3:3:4:4:4:2:3:4:3,2:3:4:4:3:3:3:4:2,MUTATE
3:3:4:4:4:1:2:3:3:,recombination,9864.988819999508,3:3:4:4:4:1:2:2:4,4:4:4:4:4:0:1:1:4,MUTATE
4:3:4:4:4:1:2:3:4:,clone,9655.219800886194,4:3:4:4:4:1:2:3:4
3:3:4:4:3:3:3:4:3:,recombination,11688.702589888584,3:3:4:4:3:3:3:4:3,4:4:4:4:4:2:2:4:4,MUTATE
4:3:4:4:4:1:2:2:4:,recombination,9838.854582120863,3:3:4:4:4:1:2:2:3,4:4:3:4:4:1:2:4:4,MUTATE
4:3:4:4:4:1:1:3:4:,recombination,9791.697863422687,3:3:4:4:4:2:2:4:3,4:4:4:4:4:1:2:3:4,MUTATE
2:3:4:4:4:2:3:4:2:,clone,10437.121796842277,2:3:4:4:4:2:3:4:2
4:4:3:4:4:1:2:4:4:,clone,11349.277054621607,4:4:3:4:4:1:2:4:4
4:3:4:4:4:1:2:2:4:,clone,9708.833565697416,3:3:4:4:4:1:2:2:4
4:4:4:4:4:1:1:3:4:,clone,9631.844045397775,4:4:4:4:4:1:1:3:4
3:3:4:4:4:1:2:4:3:,recombination,10594.603737410886,4:4:3:4:4:3:2:4:4,2:3:4:4:4:2:2:3:2
4:3:4:4:4:1:1:1:4:,recombination,9995.806340845395,4:3:4:4:4:2:2:3:4,4:3:4:4:4:0:1:1:4,MUTATE
4:4:3:4:4:1:2:4:4:,recombination,11151.401504756946,4:4:3:4:4:1:1:3:4,4:3:3:4:4:2:2:4:4,MUTATE
4:4:2:4:4:0:1:2:4:,recombination,11384.5065790928,4:4:3:4:4:1:1:2:4,4:4:4:4:4:0:1:2:4
2:3:4:4:4:2:2:3:2:,recombination,10227.01537721305,3:4:4:4:4:2:2:2:4,2:3:4:4:4:2:2:3:2,MUTATE
2:2:4:4:3:3:3:4:2:,clone,12018.720748662543,2:2:4:4:3:3:3:4:2
4:3:4:4:4:1:2:1:4:,recombination,9769.356464883915,3:3:4:4:4:1:2:1:3,3:3:4:4:4:2:3:2:3,MUTATE
4:3:4:4:4:2:2:3:4:,clone,10476.277847217685,4:3:4:4:4:2:2:3:4
3:3:4:4:4:2:2:3:3:,clone,9904.270574407654,3:3:4:4:4:2:2:2:3
4:4:3:4:4:2:2:4:4:,recombination,10694.371059320512,4:3:4:4:4:3:3:4:4,4:4:3:4:4:2:2:4:4,MUTATE
2:2:4:4:4:2:2:4:2:,recombination,10499.90905264315,4:3:4:4:4:2:2:4:4,3:3:4:4:4:1:1:2:3,MUTATE
3:3:4:4:4:1:2:3:4:,recombination,9920.330737851866,3:3:4:4:4:1:1:2:3,3:3:4:4:4:1:2:2:4,MUTATE
4:3:4:4:4:2:2:4:4:,recombination,9978.230216151274,4:3:4:4:4:1:1:4:4,4:3:4:4:4:1:2:4:4,MUTATE
2:2:4:4:3:3:4:4:1:,recombination,13527.090754325509,4:3:4:4:4:2:2:4:4,2:2:4:4:4:3:3:4:1,MUTATE
4:4:3:4:4:0:1:2:4:,clone,10811.12607707392,4:4:3:4:4:1:1:2:4
4:3:4:4:4:1:2:4:4:,clone,9928.080417439702,4:3:4:4:4:1:2:4:4
4:4:4:4:4:1:2:2:4:,clone,10247.650205500628,4:4:4:4:4:1:2:2:4
3:3:4:4:4:3:2:4:3:,recombination,11643.237013355494,3:3:4:4:4:1:2:4:3,4:3:4:4:4:3:2:4:4
4:4:4:4:4:1:2:2:4:,recombination,10174.282006445872,4:4:4:4:4:2:3:4:4,4:4:4:4:4:1:2:2:4,MUTATE
4:3:4:4:4:1:1:2:4:,clone,9816.837233199505,4:3:4:4:4:1:1:2:4
3:3:4:4:4:2:2:3:4:,clone,10525.163275624625,4:3:4:4:4:1:2:3:4
4:3:4:4:4:1:1:2:4:,recombination,9636.286041103853,3:3:4:4:4:1:1:2:3,4:4:4:4:4:1:1:2:4,MUTATE
4:4:4:4:4:2:2:3:4:,recombination,10813.44756481476,4:3:4:4:4:2:2:3:4,4:3:3:4:4:2:2:4:4
2:2:4:4:3:3:3:4:2:,recombination,11524.050778765777,4:3:4:4:4:3:3:4:3,2:2:4:4:4:3:3:4:1
4:4:4:4:4:1:2:3:4:,recombination,10214.348594304665,4:3:4:4:4:2:2:2:4,4:4:4:4:4:1:1:3:4
3:3:4:4:4:2:2:2:4:,clone,10511.117006807515,4:3:4:4:4:1:2:2:4
3:3:4:4:4:2:3:4:3:,recombination,9962.03089440013,4:4:4:4:4:1:2:2:4,3:3:4:4:4:2:3:4:3
2:2:4:3:3:3:3:4:2:,clone,11524.050778765777,2:2:4:4:3:3:3:4:2
4:4:4:4:4:2:2:3:4:,clone,10794.26903932276,4:4:4:4:4:2:2:3:4
4:3:4:4:4:3:3:4:3:,recombination,11364.158001487227,4:3:4:4:4:3:3:4:3,3:3:4:4:4:1:2:3:3
3:3:4:4:4:1:2:3:3:,clone,9705.038508044967,3:3:4:4:4:1:2:3:3
4:3:3:4:4:2:2:4:4:,clone,10945.116854712436,4:3:3:4:4:2:2:4:4
4:4:4:4:4:2:1:3:4:,clone,10770.481375921947,4:4:4:4:4:2:1:3:4
3:3:4:4:4:1:2:2:3:,recombination,9665.380105964963,3:3:4:4:4:2:2:3:3,4:3:4:4:4:3:3:4:3
3:3:4:4:3:3:3:4:2:,recombination,12347.044114553664,3:3:4:4:3:3:3:4:3,2:2:4:4:3:3:3:4:2,MUTATE
3:3:4:4:4:2:2:3:4:,recombination,9962.702925362268,3:3:4:4:4:1:2:4:3,3:3:4:4:4:1:2:2:3
4:4:4:4:4:1:2:3:4:,clone,10079.965471392636,4:4:4:4:4:1:2:3:4
2:2:4:4:3:3:3:4:1:,clone,13242.508630713774,2:2:4:4:3:3:3:4:1
2:3:4:4:4:3:3:4:2:,recombination,11166.839254473112,2:2:4:4:4:3:3:4:2,4:3:4:4:4:1:1:4:4,MUTATE
4:3:3:4:4:2:2:4:4:,clone,10694.371059320512,4:4:3:4:4:2:2:4:4
4:4:4:4:4:1:1:1:4:,clone,10419.401552094814,4:4:4:4:4:1:1:1:4
3:3:4:4:3:3:3:4:2:,clone,12111.80378077965,3:3:4:4:3:3:3:4:2
2:2:4:3:2:3:4:4:1:,recombination,12697.899270747248,2:3:4:4:4:3:3:3:2,2:2:4:4:3:4:3:4:1
3:3:4:4:4:1:2:2:3:,recombination,9348.175165931727,3:3:4:4:4:1:2:3:3,1:2:4:4:4:2:3:4:1
3:3:4:4:4:3:3:4:2:,clone,10448.780983483179,3:3:4:4:4:3:3:4:2
4:4:3:4:4:2:1:4:4:,recombination,11344.133823356307,4:4:3:4:4:1:1:4:4,4:4:2:4:4:1:1:4:4,MUTATE
4:4:4:4:4:2:1:3:4:,recombination,10197.22750774253,4:4:4:4:4:0:1:1:4,4:4:4:4:4:2:2:4:4
2:3:4:4:4:2:3:3:2:,recombination,10399.715703884774,3:3:4:4:4:1:1:2:4,3:3:4:4:4:2:3:4:3,MUTATE
3:3:4:4:4:1:1:3:4:,recombination,10106.200431502513,4:3:4:4:4:1:1:2:4,3:3:4:4:4:1:2:3:4
4:4:4:4:4:1:1:1:4:,clone,10226.94232266702,4:4:4:4:4:1:1:1:4
3:3:4:4:4:1:1:2:4:,recombination,9534.862394207006,3:3:4:4:4:1:2:2:4,3:3:4:4:4:1:2:3:3
4:4:3:4:4:1:1:2:4:,recombination,10594.307840582225,4:4:4:4:4:1:1:1:4,4:4:3:4:4:1:1:2:4,MUTATE
2:3:4:4:4:3:3:4:2:,clone,10853.063078154048,2:3:4:4:4:3:3:4:2
4:3:3:4:4:2:2:4:4:,recombination,10607.291656976346,4:3:3:4:4:2:2:4:4,3:3:4:4:4:2:2:2:4,MUTATE
4:4:4:4:4:2:2:3:4:,clone,10197.22750774253,4:4:4:4:4:2:1:3:4
3:3:4:4:4:2:3:3:3:,recombination,10744.638365352705,3:3:4:4:4:0:1:1:4,3:3:4:4:4:3:3:4:2
4:4:4:4:4:1:2:3:4:,clone,10004.000715052072,4:4:4:4:4:1:2:3:4
4:3:3:4:4:2:2:4:4:,recombination,10499.174020040386,4:3:3:4:4:2:2:4:4,4:4:4:4:4:1:1:2:4,MUTATE
3:3:4:4:4:2:3:4:3:,clone,9872.002627660613,3:3:4:4:4:2:3:4:3
3:3:4:4:4:2:2:4:3:,recombination,10073.834800218396,3:3:4:4:4:2:2:3:4,4:3:4:4:4:1:1:2:4,MUTATE
3:3:4:4:4:1:1:2:4:,recombination,9392.17082139652,3:3:4:4:4:1:1:1:4,4:4:4:4:4:2:1:3:4,MUTATE
4:4:4:4:4:1:2:4:4:,clone,10145.91690644669,4:4:4:4:4:1:2:4:4
2:3:4:4:4:2:3:4:2:,recombination,10337.433010321902,3:3:4:4:4:1:2:2:4,3:3:4:4:4:2:3:4:3,MUTATE
1:2:4:4:3:4:4:4:1:,clone,13203.433138481378,1:2:4:4:3:4:4:4:1
2:3:4:4:4:2:3:4:2:,clone,9641.84780139613,2:3:4:4:4:2:3:4:2
2:2:4:3:2:4:4:4:1:,clone,11945.004403454295,2:2:4:3:2:4:4:4:1
3:3:4:4:4:1:1:1:4:,clone,8965.655778214716,3:3:4:4:4:1:1:1:4
4:3:4:4:4:2:2:3:4:,recombination,9951.22512460404,3:3:4:4:4:1:2:2:4,4:3:4:4:4:1:1:2:4
2:3:4:4:4:3:3:4:2:,recombination,10399.743464030797,3:3:4:4:4:2:2:2:4,3:3:4:4:4:2:3:4:3,MUTATE
2:3:4:4:4:3:3:3:2:,recombination,11525.458637045398,1:2:4:4:3:4:4:4:1,3:3:4:4:4:2:2:2:3
2:3:4:4:3:3:4:4:2:,clone,13232.036146816788,2:2:4:4:3:4:4:4:2
4:4:4:4:4:1:2:3:4:,clone,9826.540198531673,4:4:4:4:4:1:2:3:4
2:2:4:4:3:3:3:4:1:,clone,13152.550160254847,2:2:4:4:3:3:3:4:1
3:3:4:4:4:1:2:3:4:,recombination,9790.211887719435,4:3:4:4:4:1:1:2:4,3:3:4:4:4:2:2:4:3
4:4:4:4:4:2:1:2:4:,recombination,11475.833882939962,4:4:3:4:4:0:1:2:4,3:3:4:4:4:2:2:2:3
3:3:4:4:4:2:2:3:4:,clone,9891.950776042997,3:3:4:4:4:2:2:4:3
3:3:4:4:4:2:2:4:3:,clone,9939.794605049403,3:3:4:4:4:2:2:4:3
4:4:3:4:4:1:1:3:4:,clone,10931.577491847986,4:4:3:4:4:1:1:3:4
2:3:4:4:3:3:3:4:2:,recombination,10466.668587577946,3:3:4:4:4:3:3:4:2,2:3:4:4:4:3:3:4:2,MUTATE
3:3:4:4:4:3:3:4:2:,clone,10424.962460878834,3:3:4:4:4:3:3:4:2
4:4:4:4:4:2:1:4:4:,clone,10666.761018116194,4:4:4:4:4:1:1:3:4
4:4:4:4:4:1:2:4:4:,recombination,9974.723281819397,2:2:4:4:4:2:3:4:2,4:4:4:4:4:1:2:4:4,MUTATE
3:3:4:4:4:1:2:4:3:,clone,9952.310664950799,3:3:4:4:4:1:2:3:4
4:3:4:4:4:1:2:4:4:,recombination,9826.540198531673,4:4:4:4:4:1:2:3:4,4:4:4:4:4:1:2:3:4,MUTATE
4:3:4:4:4:2:1:4:4:,clone,10666.761018116194,4:4:4:4:4:2:1:4:4
2:2:4:3:2:4:4:4:1:,clone,11549.327407884277,2:2:4:3:2:4:4:4:1
1:2:4:4:2:3:4:4:1:,clone,13284.237347443941,1:2:4:3:2:3:4:4:1
2:3:4:4:3:2:3:4:2:,recombination,9996.647621056429,4:3:4:4:4:2:2:3:4,2:3:4:4:3:3:3:4:2,MUTATE
4:4:3:4:4:2:2:3:4:,clone,11709.469411232949,4:4:3:4:4:2:2:4:4
3:3:4:4:4:3:2:4:3:,recombination,11347.119536835378,2:2:4:4:4:3:3:4:2,3:3:4:4:4:2:2:4:3,MUTATE
2:3:4:4:3:3:3:4:2:,clone,10287.241729247422,2:3:4:4:3:3:3:4:2
4:3:4:4:4:2:2:4:4:,clone,9934.479503020893,4:3:4:4:4:1:2:4:4
4:3:3:4:4:1:2:4:4:,recombination,11143.43230065163,4:4:2:4:4:2:2:4:4,4:4:4:4:4:1:2:2:4,MUTATE
2:3:4:3:3:3:3:4:2:,clone,10400.943826637757,2:3:4:3:3:3:3:4:2
4:4:4:4:4:1:1:2:4:,recombination,9492.100174950123,4:3:4:4:4:1:2:3:4,3:3:4:4:4:1:1:2:4
2:3:4:3:3:3:3:4:2:,clone,10268.37880311057,2:3:4:3:3:3:3:4:2
2:2:4:4:3:3:3:4:1:,recombination,13130.789278574563,2:2:4:4:3:3:3:4:1,4:4:4:4:4:1:2:3:4,MUTATE
3:3:4:4:4:1:2:4:3:,recombination,9696.658744471748,2:2:4:4:4:2:3:3:2,4:3:4:4:4:1:1:2:4,MUTATE
3:3:4:4:4:2:3:4:2:,recombination,10815.106783422343,4:3:4:4:4:1:2:4:4,2:3:4:4:4:2:3:4:2,MUTATE
1:2:4:3:2:3:4:4:1:,clone,13102.426625972425,1:2:4:3:2:3:4:4:1
2:3:4:4:4:1:2:3:2:,clone,10837.033147909302,2:3:4:4:4:1:2:3:2
2:3:4:3:3:4:4:4:2:,recombination,12292.201519878457,4:3:4:4:4:2:3:4:4,2:2:4:3:2:4:4:4:1,MUTATE
3:3:4:4:3:3:3:4:2:,clone,10801.007035922032,3:3:4:4:4:2:3:4:3
2:2:4:4:3:3:3:4:2:,clone,11115.593026428382,2:2:4:4:3:3:3:4:2
4:4:4:4:4:2:2:4:4:,recombination,10295.72684163528,4:4:4:4:4:1:2:3:4,3:3:4:4:4:2:2:4:3,MUTATE
2:2:4:3:2:4:4:4:2:,clone,12420.498295911699,2:3:4:3:3:4:4:4:2
2:2:4:4:3:3:3:4:1:,recombination,12032.219147188809,1:2:4:4:3:3:4:4:1,2:2:4:4:4:3:3:4:1,MUTATE
1:2:4:4:3:3:3:3:1:,recombination,11773.704118411053,1:2:4:4:3:4:4:4:1,4:4:4:4:4:1:1:2:4,MUTATE
2:2:4:4:3:3:3:4:2:,recombination,11029.657984027514,2:3:4:4:4:3:3:4:2,2:2:4:4:4:2:3:4:2
3:3:4:4:3:3:3:4:3:,clone,11666.025897178652,3:3:4:4:3:3:3:4:3
1:2:4:2:1:4:4:4:1:,clone,12300.176819933662,1:2:4:2:1:4:4:4:1
2:2:4:4:3:3:4:4:1:,recombination,13010.486747504348,2:2:4:4:3:3:4:4:1,1:2:4:4:3:4:4:4:1
1:2:4:4:3:3:3:4:1:,clone,11768.123261823053,1:2:4:4:3:3:4:4:1
4:3:3:4:4:1:1:4:4:,clone,11348.596176699552,4:3:3:4:4:1:2:4:4
3:2:4:4:3:3:3:4:2:,clone,11493.535667716144,3:3:4:4:3:3:3:4:3
2:2:4:4:3:2:3:4:2:,recombination,11412.88805032469,2:2:4:4:3:3:4:4:1,3:3:4:4:4:2:3:4:3,MUTATE
1:2:4:2:1:4:4:4:1:,clone,11398.048622867527,2:2:4:3:2:3:4:4:1
4:3:4:4:4:2:3:4:4:,clone,10538.744621795866,4:3:4:4:4:2:3:4:4
2:2:4:3:3:3:3:4:2:,recombination,11379.871978662975,4:3:4:4:4:3:3:4:3,3:3:4:4:4:3:3:4:2
4:3:4:4:4:1:1:2:4:,clone,9541.266299958479,4:3:4:4:4:1:1:2:4
2:2:4:3:2:3:4:4:1:,clone,11610.66221058278,2:2:4:3:3:3:3:4:2
2:2:4:4:4:3:3:4:1:,clone,12316.854176388702,2:2:4:4:4:3:3:4:1
2:2:4:4:3:2:3:4:2:,clone,11231.825467982439,2:2:4:4:3:2:3:4:2
3:3:4:4:3:3:3:4:3:,recombination,10663.023913327825,2:3:4:4:3:3:3:4:2,3:3:4:4:4:0:1:1:4
2:2:4:4:3:3:3:4:1:,clone,11570.326118662046,2:2:4:4:3:3:3:4:2
3:3:4:4:4:1:1:3:3:,recombination,10114.981005903941,3:3:4:4:4:1:2:4:3,4:3:4:4:4:1:1:3:4
2:2:4:3:2:3:4:4:1:,recombination,11338.515351395381,2:3:4:4:4:3:3:4:2,4:4:4:4:4:1:1:1:4
1:2:4:3:2:3:4:4:1:,recombination,11454.031628112201,2:2:4:4:4:2:2:4:2,2:3:4:4:4:3:3:4:2
2:2:4:4:4:3:3:4:1:,recombination,11868.357411979128,2:2:4:4:4:3:3:4:2,2:2:4:4:4:3:3:4:1,MUTATE
2:2:4:3:2:3:4:4:1:,recombination,10986.041988502398,2:3:4:3:3:3:3:4:2,3:3:4:4:3:3:3:4:2
1:2:4:3:2:3:4:4:1:,clone,11181.810424841866,1:2:4:3:2:3:4:4:1
2:2:4:3:3:3:3:4:2:,clone,11069.460876628,2:3:4:4:3:3:3:4:2
2:2:4:4:3:3:3:4:2:,recombination,10978.969951960924,4:3:4:4:4:2:2:3:4,3:3:4:4:4:1:2:3:4
2:2:4:3:3:3:3:4:2:,clone,10958.133829455483,2:2:4:3:3:3:3:4:2
4:4:3:4:4:2:1:3:4:,clone,11781.695128167496,4:4:3:4:4:2:2:3:4
3:3:4:4:4:1:1:2:3:,recombination,9413.086262115781,4:3:4:4:4:1:1:2:4,4:3:4:4:4:2:2:3:4
1:2:4:2:0:4:4:4:0:,recombination,12599.552702205425,3:3:4:4:4:1:2:2:3,2:2:4:3:2:4:4:4:1,MUTATE
4:3:4:4:4:0:1:1:4:,recombination,9844.48062732136,3:3:4:4:4:0:1:1:4,3:3:4:4:4:1:1:2:3,MUTATE
3:3:4:4:4:2:2:4:3:,recombination,9932.722429257652,4:4:3:4:4:2:2:4:4,3:3:4:4:4:1:2:2:3
4:3:4:4:4:1:1:2:4:,recombination,9345.047507644507,4:3:4:4:4:1:1:2:4,3:3:4:4:4:1:2:2:3
1:2:4:4:3:3:3:4:1:,clone,11132.447000474282,2:2:4:4:3:3:3:4:1
2:2:4:3:2:3:3:4:2:,clone,11069.460876628,2:2:4:3:2:3:3:4:2
2:2:4:4:3:3:3:4:2:,recombination,10916.127574785723,3:3:4:4:4:1:1:2:4,2:3:4:4:4:2:3:4:2
3:3:4:4:4:2:2:4:3:,clone,9740.948624676288,3:3:4:4:4:2:2:4:3
1:2:4:2:1:3:4:4:1:,recombination,11461.385658230121,2:2:4:3:2:3:4:4:1,3:3:4:4:4:3:3:4:2
1:2:4:3:2:4:4:4:1:,recombination,12806.713677569922,1:2:4:4:3:3:4:4:1,4:3:4:4:4:2:3:4:4
2:2:4:4:3:3:3:4:1:,recombination,11245.822795524095,2:3:4:4:4:3:3:4:2,2:3:4:4:4:2:2:3:2
2:2:4:3:2:3:3:4:2:,clone,10958.133829455483,2:2:4:3:2:3:3:4:2
1:2:4:2:1:4:4:4:1:,clone,11233.307462129465,1:2:4:2:1:4:4:4:1
2:2:4:4:3:3:3:4:1:,recombination,11072.606676397765,2:2:4:4:3:3:3:4:2,2:2:4:4:3:3:3:4:1
2:2:4:4:3:4:4:4:2:,recombination,12465.078832988007,1:2:4:4:3:3:3:3:1,4:3:3:4:4:2:2:4:4
4:3:4:4:4:2:2:4:3:,recombination,10757.586229138411,4:4:4:4:4:2:2:3:4,4:4:3:4:4:2:2:4:4,MUTATE
2:2:4:4:4:2:3:4:2:,recombination,10122.608327480575,3:3:4:4:4:1:2:4:3,2:2:4:4:4:2:3:4:2
3:3:4:4:4:2:2:4:3:,recombination,9659.398041308128,4:3:4:4:4:2:2:4:4,4:3:4:4:4:1:1:2:4
2:2:4:3:2:3:4:4:2:,clone,11128.721285146075,2:2:4:3:2:3:3:4:2
3:3:4:4:4:1:1:2:3:,recombination,9369.696513084784,4:4:4:4:4:2:2:4:4,3:3:4:4:4:1:1:2:3,MUTATE
4:4:2:4:4:1:1:3:4:,recombination,12003.976653155072,4:4:2:4:4:1:1:3:4,4:3:4:4:4:2:1:4:4
2:2:4:4:3:3:3:4:1:,clone,11028.028710524173,2:2:4:4:3:3:3:4:1
2:2:4:4:4:2:3:4:2:,recombination,9671.008330000472,2:2:4:4:4:2:3:4:2,2:3:4:4:4:3:3:3:2,MUTATE
4:3:4:4:4:2:3:4:3:,recombination,11042.277790018927,4:4:4:4:4:1:1:3:4,3:3:4:4:4:3:3:4:2,MUTATE
2:3:4:3:2:3:4:4:2:,recombination,11269.09799448511,2:3:4:4:3:3:3:4:2,4:3:4:4:4:2:2:3:4
2:2:4:4:4:2:2:3:2:,recombination,10132.101502787184,3:3:4:4:4:1:1:2:3,3:3:4:4:4:2:3:3:3,MUTATE
2:2:4:4:3:3:4:4:2:,recombination,12591.677112837797,3:3:4:4:4:3:3:4:3,1:2:4:4:4:2:3:3:1
2:2:4:3:2:3:4:4:2:,clone,11009.89350605411,2:2:4:3:2:3:4:4:2
3:2:4:4:4:3:3:4:2:,clone,11161.09331085496,2:2:4:4:4:3:3:4:2
4:3:4:4:4:0:1:2:4:,recombination,10136.414582145353,2:2:4:4:4:2:3:4:2,4:3:4:4:4:0:1:1:4
2:2:4:3:3:3:3:4:1:,recombination,10849.07874158854,4:3:4:4:4:2:2:4:3,4:3:4:4:4:3:3:4:4
2:2:4:4:3:3:3:4:2:,recombination,10396.486363896287,2:3:4:4:3:3:3:4:2,2:2:4:4:4:2:3:4:2
3:3:4:4:4:3:2:4:3:,clone,11220.10557545115,3:3:4:4:4:3:3:4:3
3:3:4:4:4:2:2:4:2:,recombination,10312.810199807836,3:3:4:4:4:1:2:2:3,4:4:4:4:4:1:1:2:4,MUTATE
4:4:3:4:4:1:1:3:4:,clone,10814.935327658495,4:4:3:4:4:1:1:3:4
3:3:4:4:4:1:2:3:3:,clone,9613.672328245832,3:3:4:4:4:1:2:3:3
2:2:4:2:1:4:4:4:1:,clone,11534.1433519168,2:2:4:2:1:4:4:4:1
1:2:4:4:3:3:3:3:1:,clone,11707.506087347789,1:2:4:4:3:3:3:3:1
1:2:4:3:2:3:3:4:1:,recombination,10973.939883483783,2:2:4:4:3:3:3:4:1,2:2:4:4:4:2:3:4:2,MUTATE
2:2:4:4:3:2:3:4:2:,recombination,10364.568818698279,2:2:4:4:4:2:3:4:2,4:3:4:4:4:1:2:2:4
4:4:2:4:4:1:1:3:4:,recombination,11837.898953617483,4:4:2:4:4:1:1:3:4,3:3:4:4:4:1:1:2:3
2:2:4:3:2:4:4:4:1:,recombination,11259.213221212212,3:3:4:4:4:1:2:3:3,1:2:4:2:1:4:4:4:1,MUTATE
2:2:4:4:3:3:3:4:1:,clone,10814.076367791604,2:2:4:4:3:3:3:4:1
4:3:4:4:4:3:2:4:4:,recombination,11524.991758213426,4:4:4:4:4:2:1:3:4,3:3:4:4:4:2:2:4:3,MUTATE
2:2:4:4:3:3:4:4:2:,recombination,12576.639302059993,2:2:4:3:2:4:4:4:2,1:2:4:3:2:3:4:4:1,MUTATE
4:4:4:4:4:0:0:0:4:,clone,10018.396112279339,1:2:4:3:2:4:4:4:1
2:2:4:4:4:2:2:4:2:,recombination,10082.847651512622,4:4:3:4:4:2:2:4:4,2:3:4:4:4:2:2:2:3
2:2:4:3:3:3:3:4:1:,recombination,10777.974879641486,2:2:4:4:3:3:3:4:1,3:3:4:4:4:2:3:4:3,MUTATE
2:2:4:3:2:3:4:4:1:,clone,10852.591442342255,2:2:4:3:2:3:4:4:1
2:2:4:3:2:3:3:4:2:,clone,10888.405708956061,2:2:4:4:3:3:3:4:2
2:2:4:3:2:3:4:4:1:,recombination,10806.219839026377,3:3:4:4:4:1:2:2:3,2:3:4:4:4:2:3:4:2
1:2:4:3:2:3:4:4:1:,clone,11086.884146255516,1:2:4:3:2:3:4:4:1
2:2:4:3:2:4:4:4:1:,recombination,11039.304021191576,3:3:4:4:3:3:3:4:3,3:3:4:4:3:3:3:4:2,MUTATE
3:3:4:4:4:2:3:4:2:,recombination,10517.684426548756,4:3:3:4:4:2:2:4:4,3:3:4:4:3:3:3:4:2
2:2:4:2:1:4:4:4:1:,clone,11253.464271572717,2:2:4:2:1:4:4:4:1
2:2:4:3:3:3:4:4:1:,clone,11983.72752468103,2:2:4:3:3:3:4:4:1
2:2:4:3:3:3:3:4:2:,recombination,10694.01335433142,1:2:4:3:2:3:4:4:1,3:3:4:4:4:1:2:3:4,MUTATE
1:2:4:3:2:4:4:4:1:,clone,12551.777410834618,2:2:4:3:2:4:4:4:1
3:3:4:4:4:3:2:4:3:,recombination,11197.466450578997,2:2:4:4:4:3:3:4:2,4:4:4:4:4:2:2:4:4
1:2:4:3:2:4:4:4:1:,recombination,12330.227724431708,3:3:4:4:4:2:3:4:3,2:2:4:4:4:3:3:2:2
2:2:4:4:3:3:4:4:1:,recombination,12204.600826884165,3:3:4:4:3:3:3:4:2,2:2:4:4:3:3:3:4:1
1:2:4:3:2:3:4:4:1:,clone,10883.820631441196,1:2:4:3:2:3:4:4:1
3:2:4:4:4:2:3:3:3:,recombination,11871.356140407977,2:2:4:4:4:2:2:2:2,3:3:4:4:4:1:1:1:4,MUTATE
2:2:4:4:3:2:3:3:2:,recombination,10906.719099659551,3:3:4:4:4:1:1:2:4,1:2:4:4:3:3:3:4:1
3:3:4:4:4:2:2:3:3:,clone,9882.208977876706,3:3:4:4:4:2:2:3:3
4:3:4:4:4:3:2:4:4:,recombination,11392.879913388853,4:3:4:4:4:3:2:4:4,4:3:4:4:4:1:1:1:4
1:2:4:4:3:3:3:4:1:,clone,11079.24205009406,1:2:4:4:3:3:3:4:1
4:4:3:4:4:1:2:4:4:,recombination,11050.158802952192,4:4:3:4:4:1:2:4:4,4:4:3:4:4:1:1:3:4,MUTATE
2:2:4:4:3:3:3:3:2:,clone,11063.925790989735,2:2:4:4:3:2:3:3:2
2:2:4:3:2:4:4:4:2:,recombination,12391.332997605436,4:3:4:4:4:1:2:4:4,3:3:4:4:4:3:3:4:3
2:2:4:3:3:3:4:4:1:,clone,11845.000322373822,2:2:4:3:3:3:4:4:1
2:2:4:3:2:4:4:4:2:,recombination,12039.916509157709,3:3:4:4:4:2:2:4:3,2:3:4:4:3:2:3:4:2,MUTATE
2:2:4:4:3:4:3:4:2:,recombination,12242.660975238437,2:2:4:4:3:3:3:4:2,4:4:2:4:4:2:2:4:4
1:2:4:3:2:4:4:4:1:,recombination,11835.115792962826,4:3:4:4:4:3:3:4:4,2:2:4:4:3:3:3:4:2,MUTATE
1:2:4:2:0:4:4:4:0:,clone,12215.551312717713,1:2:4:2:0:4:4:4:0
2:2:4:3:1:4:4:4:1:,recombination,11820.66448149917,2:3:4:3:3:3:3:4:2,4:3:4:4:4:3:3:4:4
2:2:4:3:3:4:4:4:2:,recombination,12547.908961934598,4:4:4:4:4:1:2:3:4,4:4:4:4:4:3:2:4:4,MUTATE
2:2:4:4:3:3:4:4:2:,recombination,12485.336749035378,4:3:4:4:4:2:3:4:4,3:3:4:4:4:3:3:4:2,MUTATE
2:2:4:4:3:4:3:4:1:,recombination,11209.839184922805,2:2:4:3:3:3:3:4:2,4:3:3:4:4:2:2:4:4,MUTATE
2:2:4:4:3:3:3:4:1:,clone,10765.95557307394,2:2:4:4:3:3:3:4:1
2:2:4:4:3:4:4:4:1:,recombination,12148.525784276522,2:2:4:4:3:3:3:4:2,2:2:4:4:3:3:4:4:2,MUTATE
1:2:4:3:2:4:4:4:1:,clone,11627.05221171283,2:2:4:3:2:3:4:4:1
2:2:4:4:3:4:4:4:2:,clone,12280.143533886929,2:2:4:4:3:4:3:4:2
1:2:4:2:0:4:4:4:0:,clone,11682.323739833875,1:2:4:2:0:4:4:4:0
2:3:4:3:3:3:4:4:2:,recombination,11661.111927799015,4:3:4:4:4:3:3:4:4,4:4:4:4:4:1:2:3:4,MUTATE
2:2:4:4:4:3:3:4:2:,clone,10527.009965729256,2:2:4:4:3:3:3:4:2
2:2:4:4:4:3:3:4:2:,clone,10346.926502623593,2:2:4:4:4:3:3:4:2
2:2:4:4:3:3:4:4:2:,recombination,12413.30998398804,4:3:4:4:4:1:2:3:4,4:3:4:4:4:3:2:4:4,MUTATE
1:2:4:3:2:4:4:4:1:,recombination,11586.995560756623,3:3:4:4:4:3:3:4:3,3:3:4:4:4:2:2:3:4
1:2:4:4:3:3:3:4:1:,clone,11031.154441675098,1:2:4:4:3:3:3:4:1
2:2:4:3:2:3:3:4:1:,recombination,11053.900583517912,2:2:4:3:3:3:3:4:2,4:3:4:4:4:2:3:4:4,MUTATE
1:2:4:3:3:3:3:4:1:,clone,10818.727159090166,1:2:4:3:3:3:3:4:1
2:2:4:3:3:3:4:4:1:,recombination,11696.071298075041,1:2:4:4:3:3:3:4:1,3:3:4:4:4:2:2:4:3,MUTATE
2:2:4:4:3:4:3:4:2:,clone,11688.678567363395,2:2:4:4:3:4:3:4:2
4:3:3:4:4:2:1:4:4:,clone,11227.88305916049,4:3:3:4:4:2:2:4:4
2:2:4:4:3:4:3:4:2:,clone,11468.780046239515,2:2:4:4:3:3:3:4:2
1:2:4:3:1:4:4:4:1:,clone,12010.631770597012,1:2:4:3:1:4:4:4:1
4:4:2:4:4:1:1:3:4:,clone,11572.766201204455,4:4:2:4:4:1:1:3:4
2:2:4:4:3:3:3:4:1:,clone,10728.675488757422,1:2:4:3:3:3:3:4:1
1:2:4:2:1:4:4:4:0:,clone,12431.461042483917,1:2:4:2:1:4:4:4:0
3:3:4:4:3:4:3:4:2:,recombination,12556.723289393522,4:4:4:4:4:1:1:2:4,1:2:4:2:1:4:4:4:1,MUTATE
2:2:4:3:2:4:4:4:2:,recombination,11890.570113175208,4:4:4:4:4:1:1:3:4,4:3:4:4:4:2:3:4:4,MUTATE
2:3:4:4:3:3:4:4:2:,recombination,11927.431469938592,3:3:4:4:4:1:2:1:3,3:3:4:4:4:3:3:4:3,MUTATE
2:2:4:3:2:3:4:4:2:,clone,10869.992935500699,2:2:4:3:2:3:4:4:2
1:2:4:2:1:4:4:4:0:,clone,11896.691119108342,1:2:4:2:1:4:4:4:0
2:2:4:4:3:4:3:4:2:,clone,11361.967160548136,2:2:4:4:3:4:3:4:2
3:3:4:4:3:3:4:4:2:,recombination,13125.1207900672,4:3:4:4:4:1:1:2:4,3:3:4:4:4:1:2:1:3
2:3:4:3:2:4:4:4:2:,recombination,11957.927922878851,2:2:4:4:3:3:3:4:1,4:3:4:4:4:1:1:4:4,MUTATE
3:3:4:4:3:4:3:4:2:,recombination,12107.078020006249,3:3:4:4:4:2:2:3:4,3:3:4:4:4:1:1:1:4
1:2:4:2:1:4:4:4:0:,clone,11427.389126359807,1:2:4:2:1:4:4:4:0
2:2:4:4:3:3:4:4:2:,recombination,12105.852186348526,4:3:4:4:4:2:2:4:4,3:3:4:4:4:2:2:3:3,MUTATE
1:2:4:1:0:4:4:4:0:,clone,11982.457232079956,1:2:4:1:0:4:4:4:0
2:2:4:4:3:3:4:4:1:,recombination,11980.431620096497,2:2:4:3:2:4:4:4:2,4:4:4:4:4:1:2:3:4,MUTATE
2:2:4:4:4:2:2:4:2:,recombination,9786.634182623453,3:3:4:4:4:2:2:4:2,2:3:4:4:4:1:2:2:3
1:2:4:3:2:4:4:4:1:,recombination,11395.299287675703,2:2:4:3:2:4:4:4:1,4:3:4:4:4:2:2:4:4,MUTATE
2:2:4:4:3:4:3:4:2:,recombination,11241.44861713611,4:3:4:4:4:2:2:3:4,3:3:4:4:4:3:2:4:3,MUTATE
2:2:4:2:1:4:4:4:1:,recombination,10922.788909479481,2:2:4:4:3:3:3:4:1,2:2:4:3:3:3:3:4:2
1:2:4:2:1:4:4:4:1:,recombination,11039.978261511515,3:3:4:4:3:3:3:4:3,2:2:4:3:2:4:4:4:2,MUTATE
2:2:4:3:3:3:4:4:2:,recombination,11928.806695408119,1:2:4:1:0:4:4:4:0,4:3:4:4:4:1:1:2:4
2:2:4:4:4:1:2:4:2:,clone,9409.736025181784,2:2:4:4:4:2:2:4:2
1:2:4:1:0:4:4:4:0:,recombination,11295.685104328555,1:2:4:2:1:4:4:4:0,2:3:4:4:3:3:3:4:2
2:2:4:3:2:4:4:4:1:,recombination,10768.948420594927,3:3:4:4:4:2:2:3:4,2:2:4:3:3:3:3:4:2
1:2:4:2:0:4:4:4:0:,recombination,11192.637823146406,2:3:4:4:3:3:3:4:2,4:3:4:4:4:2:2:3:4,MUTATE
1:2:4:3:2:4:4:4:1:,clone,11281.459759051162,1:2:4:3:2:4:4:4:1
2:2:4:3:2:3:4:4:1:,recombination,10258.01554499375,2:2:4:3:3:3:3:4:2,4:4:4:4:4:2:2:4:4
4:3:3:4:4:2:1:4:4:,clone,10869.285244039194,4:3:3:4:4:2:1:4:4
1:2:4:1:0:4:4:4:1:,recombination,11506.003246395023,2:2:4:2:1:4:4:4:1,2:3:4:3:3:3:3:4:2
2:2:4:3:2:3:3:4:1:,clone,10359.698616539901,2:2:4:3:2:3:3:4:1
2:2:4:2:2:4:4:4:1:,recombination,11204.52925637383,4:3:4:4:4:2:2:4:4,2:2:4:4:3:3:3:4:1
1:2:4:3:2:4:4:4:1:,clone,10258.01554499375,1:2:4:3:2:3:4:4:1
2:2:4:3:2:3:3:4:1:,clone,10316.522806351744,1:2:4:3:2:3:4:4:1
1:2:4:2:1:4:4:4:1:,recombination,10710.847876826132,1:2:4:3:2:4:4:4:1,4:3:4:4:4:1:2:2:4
1:2:4:3:2:4:4:4:1:,clone,10075.41749686723,1:2:4:3:2:4:4:4:1
3:3:4:4:3:3:3:4:2:,recombination,10770.859785667253,4:4:3:4:4:3:3:4:4,1:2:4:3:2:4:4:4:1,MUTATE
2:2:4:3:2:3:3:4:2:,recombination,10212.944121179913,4:4:4:4:4:1:2:4:4,1:2:4:3:2:4:4:4:1
2:3:4:3:2:3:4:4:2:,clone,10957.615930610178,2:2:4:3:2:3:4:4:2
2:2:4:3:3:3:3:4:2:,recombination,10545.123446874366,3:3:4:4:4:1:2:3:4,2:2:4:3:2:3:4:4:1,MUTATE
2:2:4:3:2:4:3:4:1:,clone,10715.480620478962,2:2:4:3:2:4:3:4:1
3:3:4:4:4:3:3:4:3:,recombination,10617.786164048666,3:3:4:4:4:2:2:4:3,4:3:4:4:4:3:2:4:4,MUTATE
2:2:4:3:3:4:4:4:1:,recombination,12060.911288947404,4:4:3:4:4:2:2:4:4,3:3:4:4:4:2:2:2:4,MUTATE
1:1:4:1:0:4:4:4:0:,recombination,11921.635313008375,2:3:4:4:3:3:3:4:2,2:3:4:4:4:3:3:4:2
2:2:4:3:3:3:4:4:1:,recombination,11574.731116057155,3:3:4:4:4:2:2:4:3,4:4:4:4:4:1:2:4:4,MUTATE
2:3:4:4:4:1:2:3:2:,clone,10605.492565694594,2:3:4:4:4:1:2:2:2
1:2:4:2:1:4:4:4:1:,clone,10344.570741377962,1:2:4:3:2:4:4:4:1
3:2:4:4:3:4:3:4:2:,clone,12413.37554241264,3:2:4:4:3:3:3:4:2
2:2:4:3:3:4:4:4:1:,clone,11695.977606063789,2:2:4:3:3:4:4:4:1
2:2:4:3:2:4:4:4:2:,clone,11357.887587108686,2:2:4:3:2:4:4:4:2
3:3:4:4:3:4:3:4:2:,recombination,12032.989477731837,4:3:4:4:4:3:2:4:4,3:3:4:4:4:2:2:3:3
0:1:4:1:0:4:4:4:0:,clone,12181.493618945335,0:1:4:1:0:4:4:4:0
1:1:4:1:0:4:4:4:0:,clone,11716.913485381812,1:1:4:1:0:4:4:4:0
1:2:4:2:1:4:4:4:0:,recombination,11236.19791696483,2:2:4:3:2:3:4:4:1,3:3:4:4:4:1:2:3:3,MUTATE
3:2:4:4:4:3:3:4:2:,clone,10713.131167394158,3:2:4:4:4:3:3:4:2
1:2:4:2:1:4:4:4:0:,recombination,10895.730850413145,1:2:4:2:1:4:4:4:1,4:3:3:4:4:2:2:4:4,MUTATE
4:4:3:4:4:1:2:3:4:,clone,11241.743730285292,4:4:3:4:4:1:1:3:4
1:1:4:2:0:4:4:4:0:,recombination,11721.056727426972,3:3:4:4:4:2:3:3:3,2:3:4:4:4:3:3:4:2,MUTATE
2:2:4:3:3:4:4:4:2:,recombination,11936.417408847645,3:3:4:4:3:3:3:4:3,4:3:4:4:4:3:2:4:4,MUTATE
3:3:4:4:3:4:3:4:2:,clone,11802.783406272261,3:3:4:4:3:4:3:4:2
3:2:4:4:4:3:3:4:2:,clone,10626.440107559007,3:2:4:4:4:3:3:4:2
2:3:4:4:4:1:2:3:2:,recombination,10227.71620831869,2:3:4:4:4:1:2:2:2,2:2:4:4:3:3:3:4:1
2:2:4:4:4:2:3:4:1:,recombination,11105.051852226235,2:2:4:4:3:3:3:4:2,2:3:4:4:4:1:2:2:2
1:1:4:2:1:4:4:4:0:,clone,11222.121656202897,1:1:4:2:1:4:4:4:0
2:2:4:4:3:4:4:4:2:,recombination,12071.170768919046,3:3:4:4:4:2:2:3:3,4:3:4:4:4:1:1:2:4
2:3:4:4:4:3:2:3:2:,recombination,11784.516874478182,4:4:4:4:4:2:2:2:4,2:2:4:4:4:3:3:2:2,MUTATE
2:2:4:4:3:4:4:4:2:,recombination,12004.284518444316,3:3:4:4:4:1:1:2:3,4:3:4:4:4:2:2:4:4,MUTATE
1:1:4:2:1:4:4:4:0:,clone,11144.338065717799,1:1:4:2:1:4:4:4:0
1:1:4:3:2:4:4:4:0:,recombination,11386.394017269828,2:2:4:3:2:3:4:4:1,4:3:3:4:4:2:2:4:4
2:2:4:3:3:4:3:4:1:,recombination,11232.72903286562,4:3:4:4:4:1:1:2:4,2:2:4:3:3:3:3:4:2
2:2:4:3:1:4:4:4:2:,recombination,11919.123946564418,3:3:4:4:4:3:2:4:3,2:2:4:4:3:3:3:4:1,MUTATE
2:2:4:4:2:4:4:4:2:,clone,12798.029203281905,2:2:4:4:2:4:4:4:2
1:1:4:2:1:4:4:4:0:,clone,10665.582952482444,1:1:4:2:1:4:4:4:0
1:1:4:1:0:4:4:4:0:,clone,11535.99809590889,1:1:4:1:0:4:4:4:0
1:2:4:2:0:4:4:4:0:,recombination,11088.435526156241,2:2:4:4:4:3:3:4:2,2:3:4:4:3:3:4:4:2,MUTATE
2:2:4:3:3:4:3:4:1:,recombination,11081.59668223717,2:2:4:3:2:3:4:4:1,3:3:4:4:4:2:2:2:3
3:3:4:4:4:4:3:4:2:,recombination,12321.324861764273,4:4:2:4:4:2:2:4:4,4:3:3:4:4:2:2:4:4,MUTATE
1:1:4:2:1:4:4:4:0:,clone,10549.284788991557,1:1:4:2:1:4:4:4:0
1:2:4:1:0:4:4:4:0:,recombination,11086.832568596656,4:3:4:4:4:1:2:3:4,2:3:4:4:4:3:3:4:2
2:2:4:3:3:4:3:4:1:,clone,10845.88408330517,2:2:4:3:3:4:3:4:1
0:1:4:1:0:4:4:4:0:,recombination,11608.690736291026,2:3:4:4:4:3:3:4:2,2:2:4:4:3:4:4:4:2
1:2:4:1:0:4:4:4:0:,clone,10975.317581621031,1:2:4:1:0:4:4:4:0
3:3:4:4:4:3:3:3:3:,recombination,11831.189949170752,2:2:4:4:4:2:3:2:2,3:3:4:4:4:3:2:4:3,MUTATE
2:3:4:3:2:3:3:4:2:,recombination,11193.219822449668,2:3:4:4:3:3:4:4:2,2:3:4:4:4:2:2:3:2,MUTATE
3:3:4:4:4:3:2:4:3:,recombination,10828.824737999108,4:4:3:4:4:0:1:2:4,3:3:4:4:4:3:3:4:3
0:1:4:1:0:4:4:4:0:,clone,11441.902264628878,0:1:4:1:0:4:4:4:0
4:4:4:4:4:3:3:4:4:,recombination,12460.113916527676,4:3:4:4:4:2:2:4:4,4:4:2:4:4:2:2:4:4
2:2:4:4:4:4:3:4:2:,clone,11529.866465844016,2:2:4:4:4:3:3:4:2
2:3:4:4:4:3:2:4:2:,clone,11788.565592136838,2:3:4:4:4:3:2:3:2
1:2:4:3:3:4:4:4:1:,clone,11846.2610185365,1:2:4:3:3:4:4:4:1
2:2:4:3:1:4:4:4:2:,clone,11606.282051725279,2:2:4:3:2:4:4:4:2
2:2:4:3:3:3:4:4:1:,clone,11480.609314719906,2:2:4:3:3:3:4:4:1
2:3:4:4:4:1:2:4:2:,clone,10331.404845355912,2:3:4:4:4:1:2:4:2
1:2:4:3:1:4:4:4:0:,recombination,12845.974008919211,1:2:4:2:1:4:4:4:1,2:2:4:4:3:4:3:4:1
1:2:4:3:1:4:4:4:1:,recombination,11981.303834962593,4:4:4:4:4:1:1:3:4,2:2:4:4:3:3:3:4:1
1:2:4:2:1:3:4:4:1:,recombination,11247.861990460277,2:2:4:4:3:2:3:4:2,2:3:4:4:4:3:3:4:2,MUTATE
1:2:4:4:3:4:4:4:1:,recombination,12416.077255234617,3:3:4:4:4:1:2:4:3,2:2:4:4:3:4:4:4:1,MUTATE
2:2:4:4:4:3:3:4:1:,clone,10868.632338523574,2:2:4:4:3:3:3:4:1
3:3:4:4:4:3:2:4:3:,recombination,10664.27080743768,4:4:3:4:4:0:1:2:4,2:3:4:4:4:3:3:4:2,MUTATE
4:3:3:4:4:2:3:4:4:,recombination,12420.789880489718,4:3:4:4:4:2:2:3:4,4:4:2:4:4:1:2:4:4,MUTATE
1:2:4:3:1:4:4:4:0:,recombination,12471.021201866515,4:4:4:4:4:0:1:1:4,3:3:4:4:4:2:2:4:3,MUTATE
2:2:4:2:2:4:4:4:1:,recombination,11201.977493579585,4:3:4:4:4:2:2:4:4,2:2:4:3:3:3:4:4:1,MUTATE
1:2:4:3:1:4:4:4:0:,recombination,12461.25215276987,2:2:4:4:3:4:4:4:2,1:2:4:1:0:4:4:4:0
2:2:4:4:3:4:4:4:1:,recombination,12148.500210230552,4:3:4:4:4:3:2:4:4,2:2:4:3:2:4:4:4:1,MUTATE
2:3:4:3:2:4:4:4:2:,recombination,11788.44378479543,3:3:4:4:4:3:3:4:2,3:3:4:4:4:3:3:3:3
1:2:4:3:1:4:4:4:1:,recombination,11936.616691679214,1:2:4:3:1:4:4:4:0,2:2:4:4:3:3:3:4:1
2:2:4:4:3:3:3:4:1:,recombination,10711.205332990974,2:2:4:4:4:3:3:4:1,3:3:4:4:4:3:3:4:3
3:2:4:4:4:3:3:4:3:,clone,11878.883652385854,3:3:4:4:4:3:3:3:3
2:2:4:4:3:3:3:4:1:,clone,10711.205332990972,2:2:4:4:3:3:3:4:1
2:2:4:4:4:3:3:4:1:,clone,10501.788799343512,2:2:4:4:3:3:3:4:1
1:2:4:4:3:3:3:4:1:,clone,10564.515072044273,2:2:4:4:3:3:3:4:1
1:2:4:4:4:3:3:4:1:,recombination,11355.760072520676,2:3:4:4:4:1:2:3:2,3:3:4:4:4:2:2:4:3,MUTATE
3:3:4:4:4:3:3:3:3:,clone,11823.91674932248,3:3:4:4:4:3:3:3:3
1:2:4:4:3:3:3:4:1:,clone,10536.270299499094,1:2:4:4:3:3:3:4:1
2:2:4:4:3:3:3:4:1:,clone,10562.162339486127,2:2:4:4:3:3:3:4:1
4:3:4:4:4:3:3:4:3:,recombination,11190.325878509195,2:2:4:4:3:3:4:4:2,4:4:3:4:4:2:1:4:4,MUTATE
2:3:4:4:4:1:2:3:2:,clone,9845.711062825952,3:3:4:4:4:1:2:3:3
1:1:4:1:0:4:4:4:0:,recombination,11404.342163863663,2:2:4:4:4:3:3:4:2,2:2:4:4:3:3:4:4:2
2:2:4:3:3:3:3:4:1:,clone,10733.660315152576,2:2:4:3:3:3:3:4:1
4:3:3:4:4:3:2:4:4:,recombination,12508.847188624784,4:4:4:4:4:0:1:1:4,4:4:4:4:4:2:1:4:4,MUTATE
2:2:4:3:2:4:4:4:1:,clone,10726.103477413119,2:2:4:3:2:4:4:4:1
1:1:4:1:0:4:4:4:0:,recombination,11103.371770027605,4:3:4:4:4:1:2:3:4,3:3:4:4:4:2:2:4:3,MUTATE
2:2:4:4:4:1:2:3:2:,clone,10378.55732711199,2:3:4:4:4:1:2:3:2
2:2:4:4:2:3:4:4:1:,recombination,12942.797705169278,4:4:4:4:4:1:1:2:4,2:3:4:3:3:3:4:4:2
2:2:4:3:3:4:4:4:2:,recombination,11817.315752251168,3:2:4:4:4:3:3:4:2,4:3:4:4:4:3:3:4:4,MUTATE
2:2:4:3:3:4:4:4:2:,recombination,11712.843201390075,4:3:4:4:4:2:2:4:4,4:4:3:4:4:3:2:4:4
2:3:4:4:4:2:2:3:2:,recombination,10055.39234250881,2:3:4:4:4:1:2:2:3,4:3:4:4:4:1:2:4:4,MUTATE
2:2:4:3:3:4:4:4:1:,clone,11665.707543066914,2:2:4:3:3:4:4:4:1
2:2:4:3:1:4:4:4:1:,recombination,11788.824992968752,2:2:4:3:3:3:4:4:1,3:3:4:4:4:1:1:2:4,MUTATE
2:2:4:4:4:3:3:4:1:,recombination,10153.190073984635,2:3:4:4:4:2:2:3:2,1:1:4:1:0:4:4:4:0,MUTATE
2:2:4:4:3:4:3:4:1:,clone,10809.752972596845,2:2:4:3:2:4:3:4:1
2:2:4:4:4:1:2:3:2:,clone,10341.13522988968,2:2:4:4:4:1:2:3:2
1:2:4:3:3:3:3:4:1:,recombination,10659.85593719081,2:2:4:4:4:2:2:4:2,4:3:4:4:4:1:1:2:4,MUTATE
2:2:4:4:4:1:2:3:2:,recombination,9808.288965603642,2:3:4:4:4:1:2:3:2,2:2:4:4:4:1:2:3:2
2:2:4:4:3:3:4:4:1:,recombination,11842.668960598809,2:2:4:3:1:4:4:4:2,3:3:4:4:4:0:1:1:4
1:2:4:2:1:4:4:4:0:,clone,10809.057298402591,1:2:4:3:2:4:4:4:1
2:3:4:4:4:2:2:4:2:,recombination,9940.938441060753,2:3:4:4:4:2:2:3:2,2:2:4:3:3:3:3:4:1,MUTATE
1:2:4:4:3:3:4:4:1:,recombination,12335.201735176242,2:3:4:4:4:1:2:2:2,2:2:4:4:4:4:3:4:2,MUTATE
1:2:4:3:2:4:4:4:0:,recombination,12451.652955941085,4:4:4:4:4:2:3:4:4,2:2:4:3:2:4:4:4:1,MUTATE
1:2:4:3:3:3:4:4:1:,recombination,11910.533486260128,4:4:3:4:4:2:2:4:4,2:2:4:3:2:3:3:4:2
1:2:4:3:1:4:4:4:0:,clone,12396.59224172037,1:2:4:2:1:4:4:4:1
1:2:4:3:2:4:4:4:0:,recombination,10828.182059361801,2:2:4:3:2:3:4:4:1,2:2:4:4:3:3:3:4:1
3:3:4:4:4:2:2:3:3:,recombination,9813.113919927993,2:3:4:4:4:1:2:3:2,3:3:4:4:4:3:2:4:3
1:1:4:3:1:4:4:4:0:,clone,12631.75848164661,1:1:4:2:1:4:4:4:0
3:3:4:4:3:2:3:4:3:,recombination,11491.326895194861,4:4:3:4:4:1:1:3:4,3:3:4:4:4:2:3:3:3
2:3:4:4:4:2:2:2:2:,clone,11360.690132004458,2:3:4:4:4:2:2:2:2
2:2:4:4:2:3:4:4:2:,recombination,12795.223916244213,4:3:4:4:4:3:3:4:4,2:3:4:4:4:2:3:4:2
1:2:4:3:1:3:4:4:1:,recombination,12521.933262483984,4:3:4:4:4:1:1:2:4,2:2:4:4:4:2:3:3:2
0:2:4:1:0:4:4:4:0:,recombination,12173.531496679101,2:2:4:4:3:3:4:4:2,3:3:4:4:4:3:2:4:3
1:2:4:2:0:4:4:4:1:,recombination,11517.308433408125,2:2:4:3:3:4:4:4:2,4:4:4:4:4:2:3:4:4,MUTATE
2:2:4:4:4:2:3:4:1:,recombination,10226.48062047179,2:2:4:4:4:2:3:4:1,1:1:4:1:0:4:4:4:0,MUTATE
0:2:4:2:0:4:4:4:0:,recombination,12334.799145223433,3:3:4:4:4:2:2:3:4,3:3:4:4:4:3:3:4:3
3:2:4:4:3:3:4:4:2:,recombination,12259.667730020945,4:4:3:4:4:1:2:4:4,4:4:4:4:4:1:1:3:4
3:3:4:4:3:3:4:4:2:,recombination,12198.39017464896,2:2:4:3:1:4:4:4:1,4:4:4:4:4:2:3:4:4,MUTATE
0:1:4:1:0:4:4:4:0:,clone,11370.633347015742,0:1:4:1:0:4:4:4:0
2:2:4:2:1:3:4:4:1:,recombination,12225.92556154483,4:4:3:4:4:1:2:3:4,3:3:4:4:4:1:1:2:4
0:1:4:2:1:4:4:4:0:,recombination,11920.105538904807,4:3:4:4:4:2:2:4:4,2:2:4:4:3:3:3:4:1
3:2:4:4:4:3:3:4:3:,recombination,11799.685058214038,2:2:4:4:4:2:3:2:2,3:3:4:4:4:1:2:2:3,MUTATE
0:1:4:2:0:4:4:4:0:,recombination,12119.040655635199,4:4:4:4:4:1:2:3:4,2:2:4:4:3:3:3:4:1,MUTATE
2:2:4:3:3:3:4:4:2:,clone,11923.001985330035,2:2:4:3:3:3:4:4:2
2:2:4:2:1:3:4:4:1:,clone,11964.10118515253,2:2:4:2:1:3:4:4:1
0:2:4:2:1:4:4:4:0:,recombination,12381.562717761022,4:3:4:4:4:1:2:3:4,3:3:4:4:4:3:3:4:3
1:1:4:3:2:4:4:4:0:,recombination,11265.160704967113,2:2:4:3:3:3:3:4:2,1:2:4:3:2:4:4:4:0
0:2:4:1:0:4:4:4:0:,clone,12151.293747516078,0:2:4:1:0:4:4:4:0
2:3:4:4:3:4:3:4:2:,recombination,12931.959884204778,4:4:4:4:4:3:3:4:4,3:3:4:4:4:2:3:4:3
0:2:4:1:0:4:4:4:0:,recombination,11855.932361486764,2:3:4:4:3:3:3:4:2,4:3:4:4:4:1:2:3:4
2:2:4:4:3:3:4:4:2:,recombination,11925.389165317276,3:3:4:4:4:1:2:4:3,3:2:4:4:3:3:4:4:2,MUTATE
1:2:4:2:2:4:4:4:0:,recombination,11493.41619467452,1:2:4:3:2:4:4:4:0,2:2:4:4:4:2:3:3:2,MUTATE
1:2:4:3:1:4:4:4:0:,recombination,11976.773372863005,4:4:3:4:4:1:2:3:4,3:3:4:4:4:3:3:4:3,MUTATE
1:2:4:4:3:3:4:4:1:,clone,12068.237287325055,1:2:4:3:2:3:4:4:1
1:2:4:4:2:4:4:4:1:,recombination,13447.542901814726,4:4:4:4:4:0:0:1:4,4:4:4:4:4:2:2:3:4
3:2:4:4:4:3:3:3:3:,clone,12230.629881076897,3:2:4:4:4:3:3:3:3
3:2:4:4:3:3:3:4:3:,clone,12205.553598179476,3:2:4:4:3:3:3:4:3
3:3:4:3:2:3:4:4:2:,clone,12392.394989952909,2:2:4:3:2:3:4:4:2
0:2:4:1:0:4:4:4:0:,recombination,11823.821463470664,4:3:4:4:4:1:2:4:4,4:3:4:4:4:1:2:4:4
2:3:4:4:3:4:3:4:2:,recombination,11852.747308097056,4:3:4:4:4:2:3:4:4,4:4:2:4:4:1:2:4:4,MUTATE
0:1:4:2:0:4:4:4:0:,recombination,11507.735481367965,2:2:4:3:2:3:4:4:1,1:2:4:3:1:4:4:4:0
3:2:4:4:3:3:3:4:2:,recombination,11389.451235440938,3:2:4:4:4:3:3:3:3,1:2:4:3:1:4:4:4:1
1:1:4:2:0:4:4:4:0:,recombination,11709.194730203071,0:1:4:2:0:4:4:4:0,4:4:4:4:4:1:2:4:4,MUTATE
2:2:4:3:3:3:4:4:2:,clone,11847.295347606705,2:2:4:3:3:3:4:4:2
1:2:4:4:4:3:3:4:1:,recombination,11319.871176000674,1:2:4:4:4:3:3:4:1,2:2:4:3:2:4:4:4:1
2:2:4:2:1:3:4:4:1:,clone,11703.780810353968,2:2:4:2:1:3:4:4:1
1:1:4:2:0:4:4:4:0:,recombination,11706.570018091368,3:3:4:4:4:3:2:4:3,1:2:4:3:2:4:4:4:0,MUTATE
0:1:4:2:0:4:4:4:0:,recombination,11326.38651084515,2:2:4:3:3:3:3:4:1,2:3:4:4:4:2:2:4:2
0:2:4:1:0:4:4:4:0:,clone,11778.827537377752,0:2:4:1:0:4:4:4:0
1:2:4:3:1:3:4:4:1:,clone,12219.08243069627,1:2:4:3:1:3:4:4:1
0:1:4:1:0:4:4:4:0:,clone,11144.959085965571,0:1:4:1:0:4:4:4:0
1:2:4:3:3:3:4:4:1:,clone,11787.084423334922,1:2:4:3:3:3:4:4:1
1:2:4:1:0:4:4:4:0:,recombination,10845.00600606894,2:3:4:4:3:3:3:4:2,4:4:4:4:4:1:1:3:4,MUTATE
0:1:4:1:0:4:4:4:0:,clone,11046.590713225254,0:1:4:1:0:4:4:4:0
1:2:4:3:2:3:3:4:1:,recombination,10858.216005553131,4:3:4:4:4:1:1:4:4,3:3:4:4:3:3:3:4:3,MUTATE
2:2:4:3:3:4:3:4:2:,recombination,11595.381542923587,2:2:4:4:4:3:3:4:1,2:2:4:3:3:3:4:4:1
2:3:4:4:4:2:2:2:2:,recombination,11185.095516053118,2:3:4:3:2:4:4:4:2,2:3:4:4:4:2:2:2:2
1:2:4:3:1:4:4:4:1:,clone,11918.451468886391,1:2:4:3:2:4:4:4:1
0:2:4:1:0:4:4:4:0:,recombination,11762.806856211457,2:3:4:4:3:3:3:4:2,3:3:4:4:4:3:3:4:3,MUTATE
0:2:4:1:0:4:4:4:0:,clone,11758.39713742376,0:2:4:1:0:4:4:4:0
0:2:4:2:1:4:4:4:0:,recombination,11996.809378950169,2:2:4:3:2:3:3:4:1,1:2:4:3:3:4:4:4:1,MUTATE
1:2:4:3:3:4:3:4:1:,recombination,11442.975302427325,1:2:4:3:2:3:3:4:1,4:4:4:4:4:1:2:4:4
3:2:4:4:3:4:3:4:2:,recombination,12400.719798033213,4:4:4:4:4:1:2:4:4,4:3:3:4:4:3:3:4:4,MUTATE
1:2:4:3:1:4:4:4:1:,clone,11678.921702485944,1:2:4:3:2:4:4:4:1
3:2:4:4:3:4:3:4:2:,clone,12352.784564871525,3:2:4:4:3:4:3:4:2
2:2:4:3:2:4:4:4:2:,clone,11198.618493073527,2:2:4:3:2:4:4:4:2
1:1:4:2:0:4:4:4:0:,clone,11585.945667600996,1:1:4:2:0:4:4:4:0
1:1:4:2:0:4:4:4:0:,clone,11523.171171967035,1:1:4:2:0:4:4:4:0
4:4:3:4:4:0:0:0:4:,clone,10627.572895567091,0:1:4:1:0:4:4:4:0
4:4:4:4:4:0:1:2:4:,clone,10631.621433347793,4:4:4:4:4:0:1:2:4
2:2:4:3:2:3:4:4:2:,recombination,10811.06551101039,1:2:4:2:1:4:4:4:1,2:2:4:4:3:3:3:4:1,MUTATE
2:2:4:3:2:4:4:4:2:,clone,11038.025877588829,2:2:4:3:2:4:4:4:2
2:2:4:3:1:4:4:4:1:,clone,11786.891604887072,2:2:4:3:1:4:4:4:1
2:2:4:3:3:4:4:4:1:,recombination,11637.44447562609,0:2:4:2:0:4:4:4:0,3:3:4:4:4:2:2:3:3,MUTATE
2:2:4:3:1:4:4:4:1:,recombination,11770.12732396526,2:2:4:4:3:4:3:4:2,3:3:4:4:4:3:3:4:3
1:2:4:4:4:3:3:4:1:,clone,11176.112459147616,1:2:4:4:4:3:3:4:1
4:4:2:4:4:0:0:0:4:,clone,10915.220398006788,0:1:4:1:0:4:4:4:0
4:4:3:4:4:0:0:1:4:,recombination,11490.765470361579,4:3:4:4:4:1:1:2:4,1:2:4:2:1:4:4:4:0,MUTATE
4:4:3:4:4:0:0:0:4:,recombination,10599.527856455032,4:4:4:4:4:1:2:3:4,1:2:4:4:3:3:3:4:1
4:4:3:4:4:0:0:1:4:,clone,11086.870918120305,4:4:3:4:4:0:0:1:4
4:4:3:4:4:0:0:1:4:,clone,11012.042829354425,4:4:3:4:4:0:0:1:4
4:4:3:4:4:0:0:1:4:,recombination,11010.57548785383,3:3:4:4:4:2:2:3:3,3:3:4:4:4:3:3:4:3,MUTATE
4:4:3:4:4:0:0:1:4:,clone,10844.953080658615,4:4:3:4:4:0:0:1:4
4:4:3:4:4:0:0:1:4:,clone,10761.818590696143,4:4:3:4:4:0:0:1:4
3:2:4:3:3:3:3:4:2:,recombination,11442.854235925935,4:3:4:4:4:2:2:4:4,3:3:4:4:4:2:3:4:3
1:2:4:4:3:4:3:4:1:,recombination,11592.990702520332,2:3:4:4:4:2:2:4:2,2:2:4:3:1:4:4:4:2
4:4:2:4:4:1:1:4:4:,clone,12301.99161459137,4:4:2:4:4:1:1:4:4
4:4:2:4:4:1:2:4:4:,clone,12302.04018742762,4:4:2:4:4:1:2:4:4
4:4:2:4:4:1:2:4:4:,clone,12302.040187427618,4:4:2:4:4:1:2:4:4
2:2:4:4:2:4:4:4:1:,clone,12740.189570266011,2:2:4:4:3:4:4:4:1
3:3:4:4:3:2:3:4:3:,recombination,11071.282772200946,4:4:4:4:4:2:2:3:4,2:2:4:4:4:2:2:3:2
3:2:4:3:2:3:4:4:2:,recombination,12383.006693879814,3:3:4:4:4:3:3:4:3,2:2:4:3:2:3:3:4:2
3:2:4:3:2:3:4:4:2:,recombination,11580.508800124391,4:4:2:4:4:1:2:4:4,1:2:4:3:2:3:3:4:1,MUTATE
3:3:4:3:3:3:3:4:2:,recombination,11784.866926058776,4:3:4:4:4:3:2:4:4,4:4:4:4:4:1:2:3:4
1:2:4:4:3:4:4:4:1:,clone,12230.18714879254,1:2:4:4:3:4:4:4:1
2:2:4:4:3:4:4:4:1:,clone,12032.594669706188,2:2:4:4:3:4:3:4:1
3:3:4:3:3:3:4:4:2:,clone,11633.75913058863,3:3:4:3:3:3:3:4:2
2:2:4:4:3:3:4:4:2:,recombination,11901.020761294607,4:3:3:4:4:2:2:4:4,4:4:4:4:4:2:1:3:4
1:2:4:4:3:3:4:4:1:,clone,11934.807328510378,1:2:4:4:3:3:4:4:1
2:2:4:4:4:3:2:4:2:,clone,10609.51586312282,3:2:4:4:4:3:2:4:2
2:2:4:4:3:4:4:4:2:,clone,12003.086323122216,3:2:4:4:3:4:3:4:2
3:3:4:4:4:4:3:4:3:,clone,12874.28573222923,3:3:4:4:4:4:3:4:3
2:2:4:4:3:3:4:4:2:,clone,11865.326943703705,2:2:4:4:3:3:3:4:1
0:2:4:1:0:4:4:4:0:,clone,11601.297119909237,0:2:4:1:0:4:4:4:0
0:2:4:1:0:4:4:4:0:,clone,11571.459937490794,0:2:4:1:0:4:4:4:0
1:1:4:1:0:4:4:4:0:,recombination,11041.648359153423,2:2:4:3:3:3:4:4:2,0:1:4:1:0:4:4:4:0,MUTATE
1:2:4:2:2:4:4:4:1:,clone,11106.533227771166,1:2:4:3:2:4:4:4:1
1:2:4:4:3:3:4:4:0:,recombination,12210.259702977783,2:2:4:4:4:3:2:4:2,3:3:4:4:4:1:2:2:4
3:3:4:4:4:4:3:4:3:,recombination,12873.383444565186,3:3:4:4:4:4:3:4:3,2:2:4:4:3:2:3:3:2,MUTATE
1:2:4:2:1:3:4:4:1:,recombination,11082.073933723503,3:3:4:4:4:1:1:2:3,2:3:4:4:4:1:2:2:2
2:2:4:3:1:3:4:4:1:,clone,12150.044348914365,2:2:4:3:1:3:4:4:1
1:2:4:2:1:3:4:4:1:,clone,10956.387217121359,1:2:4:2:1:3:4:4:1
3:2:4:4:3:3:3:4:2:,clone,11110.196427284978,3:2:4:4:3:3:3:4:2
1:2:4:4:3:3:3:4:0:,clone,11751.911050344434,1:2:4:4:3:3:3:4:0
1:2:4:4:3:3:4:4:0:,clone,11992.141372663491,1:2:4:4:3:3:4:4:0
1:2:4:3:1:3:4:4:1:,clone,12187.726699734301,1:2:4:3:1:3:4:4:1
1:2:4:3:1:4:4:4:0:,recombination,11796.674655350658,4:3:4:4:4:2:2:4:4,4:4:3:4:4:3:2:4:4,MUTATE
3:2:4:4:4:2:3:4:2:,clone,11901.395079654749,3:2:4:4:4:3:3:4:2
1:2:4:3:3:3:3:4:0:,clone,11286.395218309563,1:2:4:3:3:3:3:4:0
3:3:4:4:4:4:3:4:3:,recombination,12500.265677665637,4:4:3:4:4:3:3:4:4,1:2:4:2:0:4:4:4:1
1:2:4:3:3:3:3:4:0:,clone,11220.73972406399,1:2:4:3:3:3:3:4:0
2:2:4:3:3:3:4:4:2:,recombination,11685.330377036747,3:3:4:4:4:4:3:4:3,4:4:4:4:4:1:2:2:4
3:3:4:4:4:4:3:4:3:,recombination,12269.792076371734,3:3:4:4:4:4:3:4:3,2:2:4:4:3:4:3:4:2,MUTATE
1:2:4:3:1:4:4:4:0:,recombination,11749.130260839112,4:3:3:4:4:3:2:4:4,1:2:4:3:1:4:4:4:0
3:3:4:4:4:4:3:4:2:,clone,12291.313708946665,3:3:4:4:4:4:3:4:3
1:2:4:3:2:3:4:4:0:,clone,11379.11858352199,1:2:4:3:2:3:4:4:0
2:2:4:4:4:4:3:4:1:,recombination,12983.501763400842,1:2:4:4:3:4:4:4:1,4:4:3:4:4:3:2:4:4
1:2:4:3:1:3:4:4:1:,recombination,12000.53934722081,4:4:3:4:4:2:2:4:4,2:3:4:4:4:2:3:4:2
1:1:4:3:1:4:4:4:0:,clone,12280.774784549623,1:1:4:3:1:4:4:4:0
2:3:4:4:3:4:3:4:2:,recombination,11679.861998212345,4:3:4:4:4:2:2:4:4,4:4:4:4:4:3:2:4:4
1:2:4:3:1:4:4:4:1:,recombination,11638.53124106757,1:2:4:2:1:3:4:4:1,2:3:4:4:4:2:2:2:2
1:1:4:3:1:4:4:4:0:,recombination,12252.239547889307,2:2:4:4:4:3:2:4:2,1:2:4:1:0:4:4:4:0
0:2:4:1:0:4:4:4:0:,recombination,11487.861685155744,4:4:4:4:4:0:1:2:4,4:4:4:4:4:1:2:2:4,MUTATE
0:1:4:1:0:4:4:4:0:,clone,10985.467087279012,0:1:4:1:0:4:4:4:0
1:1:4:1:0:4:4:4:0:,recombination,10987.972011184602,3:3:4:4:4:1:2:2:3,0:2:4:1:0:4:4:4:0,MUTATE
2:3:4:4:3:4:3:4:2:,clone,11622.85704104916,2:2:4:4:3:4:3:4:2
0:2:4:1:0:4:4:4:0:,clone,11053.50824603249,0:2:4:1:0:4:4:4:0
3:2:4:3:3:3:4:4:2:,recombination,12147.237269001016,2:2:4:4:4:2:2:2:2,4:3:3:4:4:3:3:4:4
2:2:4:2:1:3:4:4:1:,recombination,11508.714975524776,4:4:4:4:4:3:2:4:4,1:1:4:1:0:4:4:4:0,MUTATE
2:3:4:4:3:4:4:4:2:,clone,12762.306433172533,2:3:4:4:3:4:3:4:2
2:3:4:4:3:4:4:4:2:,clone,12616.290785998084,2:3:4:4:3:4:4:4:2
2:3:4:4:3:4:4:4:2:,recombination,12245.606219068675,3:3:4:4:4:4:3:4:3,2:2:4:4:3:4:4:4:2
2:2:4:3:3:3:4:4:2:,clone,11619.14993703208,2:2:4:3:3:3:4:4:2
2:2:4:3:1:3:4:4:1:,clone,11989.404389404379,2:2:4:3:1:3:4:4:1
2:2:4:3:1:3:4:4:1:,recombination,11667.788768251034,1:2:4:1:0:4:4:4:0,3:2:4:4:3:4:3:4:2
2:2:4:2:1:3:4:4:1:,recombination,11310.278439396414,1:2:4:3:2:4:4:4:1,4:3:3:4:4:2:2:4:4
2:2:4:4:3:4:4:4:1:,clone,11946.444937324834,1:2:4:3:2:4:4:4:1
0:1:4:2:1:4:4:4:0:,recombination,11625.867812239474,3:3:4:4:4:3:3:4:2,2:2:4:2:1:3:4:4:1,MUTATE
0:1:4:1:0:4:4:4:0:,clone,10965.000597060942,0:1:4:1:0:4:4:4:0
0:2:4:1:0:4:4:4:0:,clone,10923.90219551475,0:2:4:1:0:4:4:4:0
0:2:4:1:0:4:4:4:0:,clone,10888.64636670278,0:2:4:1:0:4:4:4:0
2:2:4:3:1:4:4:4:1:,recombination,11755.503018149702,4:4:4:4:4:3:3:4:4,1:2:4:1:0:4:4:4:0
0:1:4:1:0:4:4:4:0:,recombination,10736.548447087009,1:2:4:2:2:4:4:4:0,1:2:4:2:1:4:4:4:1,MUTATE
2:2:4:2:2:4:4:4:1:,recombination,11138.755392148425,2:3:4:3:3:4:4:4:2,4:4:4:4:4:1:2:4:4,MUTATE
4:4:2:4:4:0:0:1:4:,recombination,11519.332796064726,3:3:4:4:4:2:3:4:2,4:4:2:4:4:2:2:4:4,MUTATE
2:2:4:4:3:4:4:4:2:,recombination,11906.283240455245,1:2:4:3:1:4:4:4:0,2:2:4:4:4:2:3:3:2
4:4:3:4:4:1:0:2:4:,recombination,11440.32605103092,2:3:4:4:4:2:2:2:2,4:4:2:4:4:0:0:1:4
4:4:2:4:4:0:0:1:4:,recombination,11289.809274908961,4:4:2:4:4:2:2:4:4,1:2:4:3:2:4:4:4:1
4:3:4:4:4:3:2:4:3:,recombination,11625.066933008642,2:2:4:4:3:3:3:4:2,4:3:3:4:4:2:2:4:4
4:4:3:4:4:1:2:3:4:,recombination,11126.920580340025,2:3:4:4:3:4:3:4:2,2:2:4:4:3:3:4:4:1,MUTATE
4:4:2:4:4:0:0:1:4:,clone,11177.792627150782,4:4:2:4:4:0:0:1:4
4:3:4:4:4:3:2:4:4:,recombination,11174.675670300767,4:3:3:4:4:1:2:4:4,4:3:3:4:4:2:2:4:4,MUTATE
2:2:4:3:3:4:3:4:2:,clone,11173.619755107182,2:2:4:3:3:4:3:4:2
2:2:4:3:3:4:3:4:2:,clone,11139.61825952133,2:2:4:3:3:4:3:4:2
4:3:4:4:4:3:2:4:4:,clone,11173.471906914978,4:3:4:4:4:3:2:4:4
4:3:4:4:4:3:3:4:4:,clone,11173.471906914978,4:3:4:4:4:3:2:4:4
2:2:4:3:3:4:4:4:2:,recombination,11599.592305035043,4:3:4:4:4:2:2:4:4,2:2:4:4:3:4:3:4:2,MUTATE
4:3:4:4:4:3:3:4:3:,clone,11173.471906914978,4:3:4:4:4:3:3:4:3
4:3:4:4:4:3:2:4:3:,clone,11114.200428011354,4:3:4:4:4:3:2:4:3
4:3:4:4:4:3:2:4:3:,clone,11114.200428011352,4:3:4:4:4:3:2:4:3
4:4:3:4:4:1:0:2:4:,recombination,11233.059872675005,2:2:4:4:4:2:2:3:2,4:4:2:4:4:0:0:1:4,MUTATE
4:4:3:4:4:1:0:2:4:,clone,11154.344435822211,4:4:3:4:4:0:0:1:4
2:3:4:4:4:4:3:4:2:,recombination,12495.621280167261,3:3:4:4:4:2:3:4:3,4:4:3:4:4:1:0:2:4,MUTATE
2:2:4:3:3:3:4:4:2:,recombination,11584.44381896819,2:2:4:4:3:3:4:4:1,2:3:4:4:4:2:3:4:2
0:2:4:1:0:4:4:4:0:,recombination,10794.918126799574,3:2:4:3:3:3:3:4:2,4:3:4:4:4:2:2:4:4,MUTATE
1:1:4:1:0:4:4:4:0:,recombination,10713.798358013937,0:1:4:1:0:4:4:4:0,4:4:4:4:4:2:1:4:4
2:3:4:4:4:4:3:4:2:,clone,12422.59506479334,2:3:4:4:4:4:3:4:2
4:4:2:4:4:0:0:0:4:,clone,10122.296719611759,2:2:4:4:3:3:3:4:2
4:4:3:4:4:0:0:1:4:,clone,10710.45055153188,4:4:3:4:4:0:0:1:4
4:4:3:4:4:0:0:1:4:,clone,10582.859260441754,4:4:3:4:4:0:0:1:4
4:4:3:4:4:0:0:1:4:,recombination,10438.939637873655,4:4:3:4:4:0:0:1:4,1:2:4:3:1:4:4:4:0,MUTATE
4:4:3:4:4:1:1:2:4:,recombination,10521.050457934634,1:2:4:2:1:4:4:4:0,4:4:3:4:4:0:0:1:4
4:4:3:4:4:1:1:2:4:,clone,10511.686263022955,4:4:3:4:4:1:1:2:4
4:4:2:4:4:1:1:2:4:,clone,10782.045015068064,4:4:3:4:4:1:1:2:4
4:4:3:4:4:1:1:3:4:,clone,10716.890583425,4:4:3:4:4:1:1:2:4
4:4:3:4:4:1:1:3:4:,clone,10716.890583424998,4:4:3:4:4:1:1:3:4
4:4:3:4:4:1:1:4:4:,clone,10836.947713879943,4:4:4:4:4:1:1:3:4
4:4:3:4:4:1:1:3:4:,clone,10634.394649404063,4:4:3:4:4:1:1:3:4
4:4:3:4:4:2:1:3:4:,recombination,10871.425435203813,2:2:4:4:3:4:4:4:1,4:4:3:4:4:1:1:3:4,MUTATE
0:1:4:1:0:4:4:4:0:,clone,10686.730259720434,0:1:4:1:0:4:4:4:0
4:4:2:4:4:0:1:2:4:,clone,11293.797103663364,4:4:2:4:4:0:1:2:4
4:4:2:4:4:0:1:2:4:,clone,11061.06996067761,4:4:2:4:4:0:1:2:4
4:4:2:4:4:0:0:1:4:,clone,10860.2310155715,4:4:2:4:4:0:0:1:4
4:3:4:4:4:2:1:3:4:,clone,11188.29598408005,4:3:4:4:4:2:1:3:4
3:2:4:4:3:3:3:4:2:,recombination,10883.712248854563,3:3:4:4:4:2:2:3:4,1:2:4:2:1:4:4:4:0,MUTATE
3:2:4:4:4:3:3:4:3:,recombination,11066.650562925837,4:4:4:4:4:0:0:0:4,2:2:4:3:2:3:4:4:2
2:3:4:3:2:4:4:4:1:,recombination,11812.625052260175,4:4:4:4:4:2:1:3:4,4:4:3:4:4:1:2:4:4,MUTATE
3:2:4:4:3:4:3:4:2:,recombination,12321.115983946118,4:4:2:4:4:0:0:0:4,3:3:4:4:4:1:2:1:4
2:3:4:4:2:3:4:4:2:,clone,13190.004120748888,2:3:4:4:3:3:4:4:2
1:2:4:3:3:3:4:4:1:,clone,11731.094763994954,1:2:4:3:3:3:4:4:1
1:1:4:2:0:4:4:4:0:,recombination,11382.639964451506,3:3:4:4:4:2:2:4:3,4:4:4:4:4:1:2:2:4
1:1:4:2:0:4:4:4:0:,clone,11373.275769539825,1:1:4:2:0:4:4:4:0
4:4:3:4:4:2:1:2:4:,recombination,11626.91653159029,4:4:3:4:4:2:1:4:4,1:1:4:2:0:4:4:4:0
1:2:4:2:2:3:4:4:1:,recombination,10603.684671832223,2:2:4:3:2:3:4:4:1,1:2:4:3:3:3:4:4:1,MUTATE
3:2:4:4:4:2:2:4:2:,recombination,11894.089184674478,4:3:4:4:4:1:1:1:4,2:3:4:4:4:2:2:3:2,MUTATE
1:1:4:2:0:4:4:4:0:,recombination,11147.386620403075,2:3:4:4:3:4:3:4:2,2:2:4:4:3:4:3:4:1
1:2:4:2:1:3:4:4:0:,clone,11777.40331969444,1:2:4:2:1:3:4:4:0
1:2:4:2:1:3:4:4:0:,clone,11675.240833329197,1:2:4:2:1:3:4:4:0
2:2:4:3:1:3:4:4:1:,clone,11596.008185500805,2:2:4:2:1:3:4:4:1
1:2:4:3:1:4:4:4:0:,clone,11653.423489401803,1:2:4:3:1:4:4:4:0
1:2:4:2:1:3:4:4:0:,clone,11507.407060512634,1:2:4:2:1:3:4:4:0
1:2:4:2:1:3:4:4:0:,clone,11209.876118772456,1:2:4:2:1:3:4:4:0
0:1:4:1:0:4:4:4:0:,clone,10621.211029478824,0:1:4:1:0:4:4:4:0
4:4:3:4:4:0:0:0:4:,recombination,10160.094195576718,3:3:4:3:3:3:4:4:2,2:3:4:4:4:2:2:3:2,MUTATE
4:4:3:4:4:0:1:1:4:,recombination,11039.612713142722,3:3:4:4:3:2:3:4:3,3:3:4:4:4:1:2:1:4,MUTATE
1:2:4:1:0:4:4:4:1:,recombination,11268.463159711326,2:2:4:3:2:3:3:4:1,4:4:2:4:4:1:1:4:4
2:2:4:2:1:4:4:4:2:,clone,11309.876815369209,2:2:4:2:1:4:4:4:2
1:1:4:1:0:4:4:4:0:,recombination,10710.913475056186,1:2:4:3:2:4:4:4:1,2:3:4:4:4:2:2:4:2
3:2:4:4:3:4:3:4:2:,recombination,11601.782654119228,2:2:4:4:3:3:3:4:1,2:2:4:4:4:3:3:4:2
4:4:3:4:4:0:1:1:4:,clone,10538.64787982331,4:4:3:4:4:0:1:1:4
3:3:4:3:2:3:4:4:2:,recombination,11978.535094031537,1:1:4:2:0:4:4:4:0,3:2:4:4:3:3:3:4:2,MUTATE
3:2:4:4:3:3:4:4:2:,recombination,12248.888972857854,0:2:4:2:1:4:4:4:0,3:2:4:4:3:4:3:4:2,MUTATE
3:2:4:4:3:3:3:4:3:,recombination,11670.962870194071,1:1:4:1:0:4:4:4:0,3:3:4:4:4:2:2:2:4
2:2:4:3:1:3:4:4:2:,clone,11946.066871148812,2:2:4:3:1:3:4:4:2
3:2:4:4:2:3:4:4:2:,recombination,13414.878495742036,2:2:4:4:4:2:3:3:2,2:2:4:2:1:4:4:4:2,MUTATE
3:3:4:4:3:3:4:4:2:,clone,12160.113820890065,3:3:4:4:3:3:4:4:2
3:3:4:4:3:3:4:4:3:,recombination,12281.891957994589,4:4:4:4:4:2:1:3:4,2:2:4:4:3:3:3:3:2,MUTATE
2:2:4:2:1:3:4:4:2:,clone,12279.535951499054,2:2:4:2:1:3:4:4:1
3:3:4:3:2:3:4:4:2:,clone,11867.647624920428,3:3:4:3:2:3:4:4:2
3:2:4:4:4:2:2:4:3:,recombination,11683.035150069563,4:3:4:4:4:2:1:3:4,3:3:3:4:4:3:2:4:3,MUTATE
3:2:4:4:4:3:2:4:3:,recombination,10683.215493462621,4:3:4:4:4:1:1:4:4,2:2:4:4:3:3:3:4:1,MUTATE
0:2:4:2:0:4:4:4:0:,clone,12150.512953810503,0:2:4:2:0:4:4:4:0
1:2:4:2:2:4:4:4:1:,recombination,11032.373321096307,2:2:4:2:1:3:4:4:1,4:4:3:4:4:0:0:1:4
2:2:4:3:3:4:4:4:2:,recombination,11597.02520366709,4:4:2:4:4:0:0:0:4,2:2:4:4:3:3:4:4:1,MUTATE
1:1:4:2:1:4:4:4:1:,clone,13315.143425738857,1:1:4:2:1:4:4:4:0
4:4:3:4:4:0:0:2:4:,recombination,11724.980086760348,1:2:4:3:3:4:4:4:1,4:3:4:4:4:2:2:4:4,MUTATE
3:3:4:3:2:3:3:4:2:,recombination,11195.390515461322,3:2:4:4:3:4:3:4:2,4:4:4:4:4:2:3:4:4
3:3:4:4:2:3:4:4:2:,recombination,13444.909539570725,4:3:4:4:4:1:2:3:4,1:2:4:3:1:4:4:4:1,MUTATE
3:3:4:3:2:3:4:4:2:,clone,11842.791768708319,3:3:4:3:2:3:4:4:2
1:1:4:2:1:4:4:4:1:,recombination,13283.166671593777,3:3:4:4:4:3:3:3:3,1:2:4:2:0:4:4:4:0
4:4:3:4:4:0:0:2:4:,recombination,11308.286583895924,4:4:4:4:4:2:2:4:4,4:3:4:4:4:3:2:4:4
4:4:3:4:4:0:0:2:4:,recombination,11181.942351041613,4:3:4:4:4:3:3:4:3,4:4:4:4:4:1:2:4:4
2:2:4:3:1:4:4:4:1:,recombination,11713.488309903612,4:4:2:4:4:2:2:4:4,1:2:4:3:2:4:4:4:1
2:2:4:3:1:4:4:4:1:,recombination,11660.544861307562,3:3:4:4:4:2:2:3:3,1:2:4:4:3:3:3:3:1,MUTATE
1:2:4:3:2:3:4:4:1:,recombination,10811.90513517901,2:2:4:4:3:4:4:4:1,2:2:4:4:4:2:2:3:2,MUTATE
1:2:4:4:3:4:4:4:1:,recombination,12009.90402708635,3:3:4:4:4:1:2:4:3,4:3:4:4:4:1:2:2:4
0:2:4:2:0:4:4:4:0:,recombination,11798.826515439874,2:2:4:3:1:3:4:4:2,1:2:4:3:3:3:3:4:1
2:3:4:4:3:4:4:4:2:,recombination,12225.950244299282,2:3:4:4:3:4:4:4:2,2:2:4:3:2:4:4:4:2,MUTATE
2:2:4:4:3:4:4:4:2:,clone,11899.03119511294,2:2:4:4:3:4:4:4:2
4:4:4:4:4:0:0:2:4:,recombination,11374.257706191262,2:2:4:4:3:3:4:4:1,2:2:4:3:3:4:4:4:1
3:3:3:4:4:3:2:4:3:,clone,10822.733455316156,3:3:4:4:4:3:2:4:3
3:3:4:4:3:4:3:4:2:,clone,11789.429617138316,2:3:4:4:3:4:3:4:2
2:2:4:4:3:4:3:4:2:,recombination,11230.13638274471,1:1:4:2:0:4:4:4:0,3:3:3:4:4:3:2:4:3,MUTATE
4:3:4:4:4:2:3:3:4:,clone,12121.973745019346,4:3:4:4:4:2:3:3:4
4:3:4:4:4:2:3:3:4:,recombination,12021.552937069499,2:2:4:4:3:3:4:4:1,0:2:4:2:0:4:4:4:0
3:3:4:4:3:4:3:4:3:,clone,12315.023482859804,3:3:4:4:4:3:3:4:3
4:3:3:4:4:1:2:3:4:,recombination,11116.37358997726,4:4:2:4:4:1:2:4:4,1:2:4:3:3:4:4:4:1,MUTATE
2:2:4:4:3:3:3:4:2:,recombination,10343.464737982962,3:3:4:4:2:3:4:4:2,4:3:4:4:4:2:2:4:4,MUTATE
3:3:4:4:3:4:4:4:2:,clone,12421.909365194937,3:3:4:4:3:4:4:4:2
4:3:4:4:4:2:3:4:4:,clone,10397.513963515728,4:3:4:4:4:2:3:4:4
3:3:4:4:3:2:3:4:3:,recombination,10798.429811874428,1:1:4:2:0:4:4:4:0,2:2:4:4:3:2:3:4:2
3:3:4:3:3:3:3:4:3:,recombination,11473.852749358106,2:2:4:4:4:4:3:4:2,4:3:4:4:4:3:2:4:3,MUTATE
3:3:4:4:3:3:4:4:3:,clone,12151.747065213856,3:3:4:4:3:3:4:4:3
2:2:4:3:2:3:4:4:2:,clone,10711.471365298838,2:2:4:3:2:3:4:4:2
1:2:4:2:0:4:4:4:1:,clone,11322.719296519712,1:2:4:2:0:4:4:4:1
3:2:4:3:2:3:4:4:2:,recombination,11219.060310809544,2:3:4:3:2:4:4:4:1,1:2:4:3:2:3:4:4:1,MUTATE
1:2:4:3:2:3:4:4:1:,recombination,10697.707611338314,1:2:4:1:0:4:4:4:0,3:2:4:4:4:3:3:4:2
2:2:4:2:1:3:4:4:1:,clone,10851.224716570738,2:2:4:2:1:3:4:4:1
2:2:4:2:2:3:4:4:1:,recombination,10656.229172224579,3:2:4:3:3:3:3:4:2,2:2:4:3:2:3:4:4:2
1:2:4:2:0:4:4:4:0:,clone,11078.487682446597,1:2:4:2:0:4:4:4:0
4:4:3:4:4:0:0:2:4:,clone,10949.434436265492,4:4:3:4:4:0:1:2:4
3:2:4:4:3:4:4:4:2:,recombination,12439.264158649521,4:4:3:4:4:1:2:3:4,4:3:4:4:4:3:3:4:3,MUTATE
4:4:3:4:4:0:0:1:4:,recombination,10279.717239685926,4:3:4:4:4:1:2:2:4,4:4:2:4:4:1:1:4:4
3:3:4:3:2:3:4:4:2:,recombination,11807.794197455898,3:3:4:4:4:2:2:4:3,4:3:4:4:4:2:2:4:4
3:3:4:3:2:3:4:4:2:,clone,11738.63682067264,3:3:4:3:2:3:4:4:2
3:3:4:3:2:3:3:4:2:,recombination,10963.583838665127,2:3:4:4:3:4:3:4:2,4:3:4:4:4:3:2:4:4
3:3:4:3:2:3:4:4:2:,recombination,11581.247319204886,4:4:4:4:4:1:2:3:4,4:4:3:4:4:2:1:4:4,MUTATE
3:3:4:3:2:3:4:4:2:,clone,11567.215637280973,3:3:4:3:2:3:4:4:2
2:3:4:4:3:3:4:4:2:,clone,11882.697697345173,2:3:4:4:3:3:4:4:2
4:4:2:4:4:0:0:2:4:,clone,11181.267017955503,4:4:2:4:4:0:0:2:4
4:4:3:4:4:1:2:4:4:,recombination,10758.964242176226,4:4:3:4:4:0:0:1:4,1:1:4:2:0:4:4:4:0
3:3:4:4:4:3:2:4:2:,recombination,11403.776606110732,3:2:4:4:3:3:3:4:2,3:3:4:4:4:2:2:4:3
4:3:4:4:4:3:2:4:4:,recombination,11135.505839747078,1:2:4:4:4:3:3:4:1,4:3:4:4:4:2:3:4:4,MUTATE
4:3:4:4:4:3:2:4:4:,recombination,10870.932383515756,4:3:4:4:4:3:2:4:4,2:2:4:2:1:3:4:4:1
4:3:4:4:4:3:2:4:4:,clone,10854.810167467622,4:3:4:4:4:3:2:4:4
2:2:4:4:3:4:3:4:2:,clone,11078.673241546272,2:2:4:4:3:3:3:4:2
3:2:4:4:4:4:3:4:2:,clone,13076.082245707363,3:2:4:4:4:4:3:4:2
4:4:4:4:4:3:3:4:4:,recombination,12374.740799691286,4:4:4:4:4:2:2:3:4,4:3:4:4:4:0:1:2:4,MUTATE
4:4:2:4:4:0:0:1:4:,clone,10467.558099293628,4:4:2:4:4:0:0:1:4
4:4:3:4:4:0:0:1:4:,clone,10255.563774229984,4:4:2:4:4:0:0:1:4
4:4:3:4:4:0:0:1:4:,clone,9986.605522877158,4:4:3:4:4:0:0:1:4
4:4:3:4:4:1:1:4:4:,recombination,10815.883826500292,4:4:3:4:4:1:1:3:4,2:2:4:3:3:4:3:4:1,MUTATE
4:4:3:4:4:1:1:2:4:,recombination,10346.38179581975,3:2:4:4:4:3:3:4:2,2:3:4:4:4:2:3:4:2,MUTATE
4:4:3:4:4:0:1:2:4:,recombination,10514.127470035592,3:2:4:4:3:4:3:4:2,2:2:4:2:1:4:4:4:2,MUTATE
4:4:3:4:4:0:1:2:4:,clone,10255.563774229984,4:4:3:4:4:0:1:2:4
4:4:3:4:4:0:1:2:4:,clone,10046.52527894308,4:4:3:4:4:0:1:2:4
4:4:3:4:4:1:1:2:4:,recombination,10343.69461265668,3:3:4:4:3:2:3:4:3,4:4:3:4:4:0:0:1:4
1:2:4:1:0:4:4:4:0:,recombination,10805.480839769152,4:4:3:4:4:1:2:3:4,4:3:4:4:4:2:2:4:3,MUTATE
1:1:4:2:0:4:4:4:0:,recombination,11090.840868401594,1:2:4:3:1:4:4:4:1,1:2:4:2:1:4:4:4:0
2:2:4:3:2:3:4:4:2:,recombination,10664.8999175282,3:3:4:4:4:2:2:3:4,2:2:4:4:3:4:3:4:2
2:2:4:2:2:3:4:4:2:,recombination,11176.67300974133,4:4:3:4:4:1:2:4:4,2:2:4:4:4:1:2:3:2,MUTATE
2:2:4:2:1:4:4:4:1:,clone,10656.325875751107,2:2:4:2:1:4:4:4:1
1:2:4:2:0:4:4:4:1:,clone,11242.96837197277,1:2:4:2:0:4:4:4:1
2:2:4:2:1:4:4:4:1:,clone,10484.306668601872,2:2:4:2:1:4:4:4:1
1:2:4:2:1:4:4:4:1:,clone,10165.570534831546,1:2:4:2:1:4:4:4:1
3:3:4:4:4:3:3:4:3:,recombination,10403.147163357742,2:2:4:4:4:3:3:4:2,3:3:4:4:4:1:1:2:4
2:2:4:2:1:4:4:4:1:,clone,9931.613624441907,2:2:4:2:1:4:4:4:1
3:3:4:4:4:3:3:4:3:,recombination,10371.038604217907,3:3:4:4:4:3:3:4:3,3:3:4:4:4:1:2:3:4
1:2:4:1:0:4:4:4:1:,clone,10773.4425063108,1:2:4:1:0:4:4:4:1
3:3:4:4:3:4:3:4:2:,clone,11309.51057639722,3:2:4:4:3:3:3:4:2
2:2:4:3:2:4:4:4:2:,recombination,10858.012176903176,3:3:4:3:2:3:3:4:2,2:2:4:3:2:3:4:4:1
2:2:4:3:2:3:4:4:2:,recombination,10576.345150092382,1:1:4:1:0:4:4:4:0,4:4:4:4:4:1:1:3:4
2:2:4:4:2:3:4:4:1:,clone,12917.434194395586,2:2:4:4:2:3:4:4:1
4:4:4:4:4:0:0:0:4:,clone,9661.156881242046,4:4:4:4:4:0:0:0:4
4:4:4:4:4:0:0:1:4:,recombination,9218.06438938054,3:3:4:4:4:1:1:2:4,2:2:4:4:3:3:3:4:2,MUTATE
4:4:4:4:4:0:0:2:4:,recombination,10567.839034785915,4:3:4:4:4:1:2:4:4,3:3:4:4:4:2:2:3:3,MUTATE
4:4:3:4:4:0:0:0:4:,clone,10156.748073627023,3:3:4:4:4:3:3:4:3
3:3:4:4:4:0:1:1:4:,recombination,9676.95089713878,2:2:4:3:3:3:4:4:1,2:2:4:4:3:3:3:4:2,MUTATE
4:4:4:4:4:0:1:2:4:,clone,9708.941239954267,4:4:4:4:4:0:1:2:4
3:3:4:4:4:4:3:4:2:,recombination,12154.514587676551,3:2:4:3:2:3:4:4:2,3:3:4:4:4:1:2:2:4,MUTATE
4:4:3:4:4:0:0:0:4:,clone,10074.601779864708,4:4:3:4:4:0:0:0:4
4:4:3:4:4:2:1:3:4:,recombination,10555.762633697092,3:2:4:4:3:3:3:4:3,2:2:4:4:4:2:2:3:2
4:4:4:4:4:2:2:3:4:,clone,10075.116478691198,4:4:4:4:4:2:2:3:4
1:2:4:3:1:4:4:4:1:,recombination,11578.56201445488,4:3:4:4:4:1:2:4:4,2:2:4:3:2:3:4:4:1,MUTATE
1:2:4:3:1:4:4:4:1:,clone,11560.932963780986,1:2:4:3:1:4:4:4:1
4:4:3:4:4:2:2:3:4:,recombination,11613.504138761306,4:3:4:4:4:1:1:2:4,1:1:4:3:1:4:4:4:0
1:1:4:1:0:4:4:4:0:,clone,10630.827654759285,1:1:4:1:0:4:4:4:0
2:2:4:2:2:4:4:4:1:,clone,11118.657186166638,2:2:4:2:2:4:4:4:1
1:1:4:1:0:4:4:4:0:,clone,10629.22430134767,1:1:4:1:0:4:4:4:0
1:2:4:1:0:4:4:4:0:,clone,10735.129768159613,1:2:4:1:0:4:4:4:0
1:2:4:2:2:4:4:4:1:,recombination,10828.893336524394,3:3:4:4:4:1:2:3:3,3:3:4:4:4:2:3:3:3
2:3:4:4:2:3:4:4:2:,clone,13030.296061584788,2:3:4:3:2:3:4:4:2
4:4:3:4:4:0:0:0:4:,recombination,9384.344621936098,4:3:4:4:4:3:3:4:4,3:3:4:4:4:3:2:4:3,MUTATE
4:4:3:4:4:1:1:2:4:,clone,9743.691189082432,4:4:3:4:4:1:1:2:4
4:4:4:4:4:0:1:1:4:,recombination,9925.289496324056,4:4:3:4:4:0:0:0:4,4:4:3:4:4:3:2:4:4,MUTATE
4:4:1:4:4:0:0:0:4:,clone,11302.326742851814,1:2:4:3:2:4:4:4:1
4:4:4:4:4:0:1:1:4:,recombination,9635.924528142448,4:4:4:4:4:0:1:1:4,3:3:4:4:4:3:3:3:3
4:4:3:4:4:0:0:1:4:,clone,9643.56611382961,4:4:3:4:4:0:0:1:4
2:2:4:4:3:4:4:4:1:,clone,11938.204832274343,2:2:4:4:3:4:4:4:1
4:4:3:4:4:1:2:3:4:,clone,11061.543207659075,4:4:4:4:4:1:2:3:4
4:3:4:4:4:3:3:4:4:,recombination,10989.186959835384,4:4:3:4:4:1:1:2:4,3:3:4:4:3:3:3:4:2
2:3:4:3:3:4:4:4:2:,clone,12061.348291300099,3:3:4:3:3:4:4:4:2
2:3:4:4:2:3:4:4:2:,recombination,12740.188940510721,3:3:4:4:4:2:2:4:3,2:2:4:3:2:3:3:4:2,MUTATE
3:3:4:4:3:4:4:4:2:,recombination,12139.163134176268,0:2:4:2:0:4:4:4:0,4:4:3:4:4:0:0:1:4,MUTATE
3:2:4:3:2:3:3:4:2:,recombination,10937.89589910468,4:3:4:4:4:1:2:3:4,2:3:4:4:4:2:3:3:2
1:2:4:2:0:4:4:4:0:,recombination,10980.878778183502,4:3:4:4:4:3:2:4:4,2:2:4:3:2:4:4:4:2
4:4:4:4:4:2:1:4:4:,recombination,10576.813960065272,2:2:4:3:2:4:4:4:2,4:4:4:4:4:2:1:3:4
4:4:4:4:4:1:1:4:4:,recombination,10351.631725295883,4:4:3:4:4:0:0:2:4,2:2:4:3:3:3:3:4:2,MUTATE
1:2:4:2:1:3:4:4:1:,recombination,10748.187328880691,2:2:4:3:2:3:3:4:1,3:3:4:4:4:3:2:4:3
0:2:4:1:0:4:4:4:0:,recombination,10606.45487132913,3:3:4:4:3:3:3:4:3,4:3:3:4:4:2:2:4:4,MUTATE
1:2:4:3:1:3:4:4:1:,recombination,11980.803785790906,4:4:3:4:4:2:2:4:4,2:2:4:4:4:2:3:4:1,MUTATE
1:2:4:3:1:3:4:4:1:,recombination,11770.297585490787,1:2:4:3:1:3:4:4:1,2:2:4:2:1:3:4:4:1
2:2:4:4:3:4:4:4:1:,recombination,11931.38435846998,2:3:4:4:4:2:3:3:2,3:3:4:4:4:2:3:3:3
4:4:4:4:4:3:3:4:4:,recombination,11940.646921146474,2:3:4:4:3:3:4:4:2,1:2:4:3:1:4:4:4:1
2:2:4:3:3:4:3:4:2:,recombination,11124.821930591925,3:3:4:3:2:3:4:4:2,0:2:4:1:0:4:4:4:0
2:2:4:2:2:4:4:4:2:,recombination,10972.667937304728,3:3:4:4:3:3:3:4:3,3:3:4:4:4:2:2:4:3,MUTATE
2:2:4:2:2:4:4:4:1:,clone,10788.390833803547,2:2:4:2:2:4:4:4:1
2:2:4:3:2:4:3:4:2:,recombination,11005.444684711818,1:1:4:2:1:4:4:4:0,2:3:4:4:3:4:3:4:2,MUTATE
4:4:0:4:4:0:0:0:4:,clone,12490.997654954415,1:1:4:1:0:4:4:4:0
4:4:0:4:4:0:0:0:4:,recombination,12428.81270158275,3:3:4:4:4:4:3:4:3,4:4:3:4:4:1:0:2:4
4:4:1:4:4:0:0:2:4:,recombination,12377.291008158834,1:2:4:2:1:4:4:4:0,4:4:2:4:4:2:2:4:4
3:3:4:3:2:4:4:4:2:,recombination,12560.843793979104,4:4:3:4:4:1:1:2:4,2:2:4:4:4:3:3:2:2
4:4:1:4:4:0:0:1:4:,clone,12261.47695175957,4:4:1:4:4:0:0:0:4
3:3:4:4:3:4:3:4:3:,recombination,12268.391065426977,4:4:3:4:4:0:0:1:4,4:3:3:4:4:3:2:4:4,MUTATE
4:4:1:4:4:0:0:2:4:,recombination,12295.362425770112,2:2:4:3:1:3:4:4:1,1:1:4:2:1:4:4:4:0,MUTATE
4:4:1:4:4:0:0:2:4:,clone,12208.686492846771,4:4:1:4:4:0:0:2:4
4:4:1:4:4:0:0:1:4:,clone,12184.943143982451,4:4:1:4:4:0:0:1:4
3:3:4:3:3:4:4:4:2:,clone,12198.119985763444,3:3:4:4:3:4:3:4:2
4:4:1:4:4:0:0:1:4:,clone,12025.780900115853,4:4:1:4:4:0:0:1:4
4:4:2:4:4:1:1:4:4:,recombination,11590.30459997191,4:4:3:4:4:2:1:3:4,4:4:0:4:4:0:0:0:4,MUTATE
4:4:4:4:4:1:0:2:4:,recombination,11142.011566058443,1:2:4:3:1:4:4:4:1,3:3:4:4:4:2:2:3:3,MUTATE
4:4:3:4:4:0:1:3:4:,clone,10955.568098845832,4:4:3:4:4:0:1:2:4
3:3:4:4:3:3:4:4:2:,recombination,12003.226357649139,1:2:4:3:2:3:4:4:1,2:2:4:4:3:4:4:4:2
4:4:4:4:4:2:2:4:4:,clone,10097.980247227528,4:4:4:4:4:2:2:4:4
4:3:4:4:4:3:3:4:3:,clone,11056.268152455641,4:3:4:4:4:3:3:4:3
4:4:4:4:4:2:2:4:4:,clone,10084.04791037383,4:4:4:4:4:2:2:4:4
2:2:4:2:1:3:4:4:2:,recombination,11898.085623072693,2:2:4:3:3:3:4:4:1,3:3:4:4:4:1:2:3:4,MUTATE
4:3:4:4:4:2:3:4:3:,recombination,11018.576664343118,2:3:4:3:2:3:4:4:2,0:2:4:1:0:4:4:4:0
3:2:4:4:4:4:3:4:2:,recombination,11650.082349803184,3:3:4:4:4:1:2:4:3,1:2:4:4:3:3:4:4:0
4:4:4:4:4:3:2:4:4:,clone,11180.200970841806,4:4:4:4:4:3:2:4:4
2:2:4:3:1:4:4:4:1:,clone,11600.098223530558,2:2:4:3:1:4:4:4:1
4:4:4:4:4:1:2:4:4:,clone,9735.841405703424,4:4:4:4:4:1:2:4:4
4:4:3:4:4:2:2:3:4:,clone,10511.5700676307,4:4:3:4:4:2:2:3:4
4:4:3:4:4:1:1:3:4:,clone,10566.553800914166,4:4:3:4:4:1:1:3:4
3:3:4:4:4:3:2:4:3:,clone,10494.983820196236,3:3:4:4:4:3:2:4:3
3:3:4:4:3:3:3:4:2:,clone,10570.685319432476,3:3:4:4:4:3:3:4:2
4:3:4:4:4:2:2:3:4:,clone,9718.064032044298,4:3:4:4:4:2:2:3:4
3:3:4:4:3:3:3:4:3:,recombination,10550.860643267919,3:3:4:4:3:3:3:4:2,4:4:3:4:4:1:2:4:4
2:2:4:3:2:4:4:4:2:,clone,10857.679483330092,2:2:4:3:2:4:4:4:2
2:2:4:3:2:4:4:4:2:,recombination,10835.031747158115,0:2:4:1:0:4:4:4:0,2:2:4:3:2:4:4:4:2,MUTATE
3:3:4:4:4:2:3:4:3:,recombination,9657.593621026634,4:3:4:4:4:2:2:3:4,3:3:4:4:4:4:3:4:2
4:3:4:4:4:2:3:4:4:,recombination,10369.317381442617,4:4:4:4:4:2:2:4:4,4:3:4:4:4:2:2:3:4,MUTATE
3:2:4:4:3:3:3:4:2:,clone,10862.930877190804,3:2:4:4:3:3:3:4:2
3:3:4:3:2:3:4:4:2:,clone,11343.764285182471,3:3:4:3:2:3:4:4:2
3:3:4:3:3:3:3:4:2:,clone,10747.833227356175,3:3:4:3:2:3:3:4:2
3:3:4:3:2:3:4:4:2:,clone,10899.418235325425,3:3:4:3:2:3:4:4:2
2:3:4:3:2:3:3:4:2:,clone,11064.407897263687,2:3:4:3:2:3:3:4:2
2:3:4:4:3:3:4:4:1:,recombination,11997.756948116,1:2:4:1:0:4:4:4:0,4:4:3:4:4:0:1:3:4,MUTATE
4:3:4:4:4:3:3:4:4:,recombination,10900.55477151451,1:2:4:2:0:4:4:4:0,2:3:4:4:4:2:3:3:2,MUTATE
4:4:3:4:4:1:1:3:4:,clone,10485.00017936935,4:4:3:4:4:1:1:2:4
2:3:4:3:2:4:4:4:2:,recombination,11519.095069875722,3:3:4:4:4:2:3:4:3,3:3:4:4:4:2:3:3:3,MUTATE
4:4:4:4:4:0:0:2:4:,clone,10168.292144439913,4:4:4:4:4:0:0:2:4
2:2:4:3:3:3:3:4:2:,clone,10370.04968162595,2:2:4:3:3:3:3:4:2
2:3:4:3:2:3:3:4:2:,recombination,10955.057340056088,2:2:4:2:2:4:4:4:2,4:3:4:4:4:3:2:4:3,MUTATE
0:1:4:2:0:4:4:4:0:,recombination,11326.373679245926,4:4:3:4:4:2:2:3:4,2:2:4:4:3:4:3:4:1
0:1:4:2:1:4:4:4:0:,clone,11604.176393082525,0:1:4:2:1:4:4:4:0
1:2:4:2:0:4:4:4:1:,recombination,11070.33910020254,3:3:4:4:4:1:2:3:3,2:3:4:4:4:1:2:3:2,MUTATE
0:1:4:2:1:4:4:4:0:,clone,11391.975909689523,0:1:4:2:1:4:4:4:0
0:1:4:2:0:4:4:4:0:,recombination,11210.23905715511,1:2:4:1:0:4:4:4:1,1:2:4:4:3:3:3:4:1
1:2:4:2:1:3:4:4:1:,recombination,10603.745146804575,3:3:4:4:4:3:2:4:3,0:1:4:2:0:4:4:4:0,MUTATE
3:2:4:3:2:4:4:4:2:,recombination,12291.268285698108,4:4:3:4:4:0:0:2:4,2:2:4:3:3:4:4:4:1,MUTATE
3:2:4:4:3:3:4:4:2:,recombination,12231.570715647613,3:3:4:4:4:2:2:3:3,4:4:4:4:4:0:0:2:4
3:3:4:3:2:4:4:4:2:,recombination,12142.94189209559,1:1:4:1:0:4:4:4:0,4:4:3:4:4:0:0:1:4
3:2:4:3:3:4:4:4:2:,clone,12362.964551866506,3:2:4:3:3:4:4:4:2
4:4:1:4:4:0:0:0:4:,clone,10693.874082752543,1:1:4:1:0:4:4:4:0
4:4:2:4:4:0:0:2:4:,clone,11180.820686403164,4:4:2:4:4:0:0:1:4
4:4:3:4:4:1:0:1:4:,recombination,11023.470433832646,2:2:4:3:3:3:3:4:1,0:1:4:2:1:4:4:4:0
4:4:3:4:4:1:0:2:4:,clone,11114.998243297698,4:4:3:4:4:1:0:2:4
4:4:4:4:4:1:0:1:4:,clone,11169.433683191084,4:4:4:4:4:1:0:1:4
4:4:4:4:4:1:0:1:4:,recombination,11150.506328874671,1:2:4:3:2:4:4:4:1,2:2:4:2:1:4:4:4:1,MUTATE
2:2:4:3:3:3:4:4:2:,recombination,11557.324019906646,2:2:4:3:3:3:3:4:2,3:2:4:3:2:3:4:4:2,MUTATE
4:4:2:4:4:1:0:2:4:,clone,11787.746600547334,4:4:2:4:4:1:0:2:4
2:2:4:3:3:3:4:4:2:,clone,11480.98501763738,2:2:4:3:3:3:4:4:2
1:2:4:2:0:4:4:4:0:,clone,10943.863495458902,1:2:4:2:0:4:4:4:0
1:2:4:1:0:4:4:4:0:,recombination,10731.693004311757,4:3:4:4:4:2:3:4:4,0:1:4:1:0:4:4:4:0
2:2:4:3:3:4:4:4:2:,clone,11580.089128689435,2:2:4:3:3:4:4:4:2
3:2:4:4:3:4:3:4:2:,recombination,11600.194510798736,2:3:4:3:3:3:3:4:2,2:2:4:4:4:1:2:3:2
4:4:4:4:4:0:0:0:4:,recombination,9357.632847768695,4:4:4:4:4:3:3:4:4,3:3:4:4:4:1:2:2:3,MUTATE
3:2:4:4:3:2:3:4:2:,recombination,11107.01394491289,1:1:4:1:0:4:4:4:0,4:4:3:4:4:1:2:4:4,MUTATE
3:2:4:4:3:4:4:4:2:,clone,12367.427097180256,3:2:4:4:3:4:4:4:2
3:2:4:4:3:4:4:4:2:,clone,12367.427097180254,3:2:4:4:3:4:4:4:2
3:3:4:4:2:3:4:4:2:,clone,12734.144743962606,3:3:4:4:3:3:4:4:2
2:2:4:2:0:4:4:4:1:,recombination,12833.619397301742,1:2:4:3:3:3:3:4:0,1:2:4:4:3:3:3:4:1
1:2:4:3:2:4:3:4:1:,recombination,10395.439093312934,1:1:4:1:0:4:4:4:0,3:2:4:4:3:3:3:4:3,MUTATE
2:2:4:3:2:4:4:4:1:,recombination,10718.225624784913,4:4:2:4:4:0:0:1:4,2:3:4:4:4:3:3:4:2
1:2:4:2:2:4:4:4:0:,recombination,11156.31983137619,4:4:4:4:4:2:1:3:4,3:3:4:4:4:1:2:2:3,MUTATE
0:1:4:1:0:4:4:4:0:,recombination,10552.073094839334,3:3:4:4:4:2:3:4:3,1:2:4:2:1:3:4:4:1,MUTATE
2:2:4:3:2:4:4:4:1:,clone,10692.142683577773,2:2:4:3:2:4:4:4:1
4:4:3:4:4:0:1:1:4:,clone,9643.135764333405,4:4:3:4:4:0:0:1:4
4:4:3:4:4:1:1:1:4:,recombination,9999.837696758981,3:3:4:4:3:3:3:4:3,2:2:4:3:3:3:3:4:2
2:2:4:3:2:4:4:4:1:,recombination,10409.07237971782,3:2:4:4:3:3:3:4:3,4:4:4:4:4:2:2:4:4,MUTATE
4:4:3:4:4:1:2:3:4:,clone,10105.75725615082,4:4:3:4:4:1:2:3:4
4:3:3:4:4:2:2:4:4:,clone,10399.951231446943,4:3:3:4:4:2:2:4:4
2:2:4:3:1:3:4:4:2:,clone,11880.067671987208,2:2:4:3:1:3:4:4:2
3:3:4:4:4:3:3:4:3:,clone,10287.98826355225,3:3:4:4:4:3:3:4:3
4:3:4:4:4:2:2:4:4:,recombination,9864.77018531093,1:2:4:1:0:4:4:4:1,2:2:4:4:3:3:3:4:2
3:3:4:4:4:3:3:4:3:,recombination,10201.669224743355,3:3:4:4:4:3:3:4:3,3:3:4:4:4:1:2:2:3
3:3:4:4:3:3:3:4:3:,clone,10524.598043507136,3:3:4:4:3:3:3:4:3
3:2:4:4:4:3:3:4:2:,clone,10350.592508821166,3:2:4:4:4:3:3:4:2
2:2:4:2:2:4:4:4:1:,recombination,10728.402312841306,4:3:4:4:4:2:2:4:4,4:3:4:4:4:1:2:3:4,MUTATE
1:2:4:3:2:3:4:4:1:,clone,10696.765358156528,1:2:4:3:2:3:4:4:1
3:3:4:4:3:3:4:4:3:,clone,12128.244541851078,3:3:4:4:3:3:4:4:3
4:4:4:4:4:1:2:2:4:,recombination,10079.371129142708,2:2:4:3:2:4:4:4:2,2:3:4:4:4:3:3:4:2
2:2:4:3:2:4:3:4:2:,recombination,10709.879336429713,4:4:4:4:4:1:2:3:4,1:2:4:3:2:4:4:4:1,MUTATE
3:2:4:3:3:4:4:4:2:,clone,11838.067329401181,3:2:4:3:3:4:4:4:2
1:2:4:4:2:4:4:4:1:,clone,12858.593530315324,1:2:4:4:2:4:4:4:1
0:1:4:1:0:4:4:4:0:,recombination,10547.232628831414,3:3:4:4:4:3:3:3:3,2:2:4:3:2:4:4:4:1
0:1:4:1:0:4:4:4:0:,clone,10471.097853880796,0:1:4:1:0:4:4:4:0
1:2:4:2:1:4:4:4:0:,recombination,10808.54465396602,1:2:4:1:0:4:4:4:0,2:2:4:4:2:3:4:4:1,MUTATE
4:4:4:4:4:1:0:2:4:,recombination,10431.109409074497,0:1:4:1:0:4:4:4:0,1:1:4:2:1:4:4:4:0,MUTATE
4:4:4:4:4:1:1:4:4:,recombination,9827.814244822592,4:4:3:4:4:1:2:4:4,2:2:4:3:2:4:4:4:1
2:3:4:4:4:3:3:4:2:,clone,10338.837410280863,2:3:4:4:4:3:3:4:2
2:2:4:3:3:4:4:4:1:,clone,11625.253730462897,2:2:4:3:3:4:4:4:1
2:2:4:4:3:3:4:4:1:,clone,11838.38211802288,2:2:4:3:3:3:3:4:1
1:2:4:2:1:4:4:4:0:,recombination,10651.901569494894,3:3:4:4:4:3:3:4:3,2:2:4:3:3:3:4:4:2
1:2:4:2:1:4:4:4:0:,recombination,10411.858525179015,1:2:4:1:0:4:4:4:0,3:3:4:4:4:2:2:4:3
4:4:3:4:4:1:1:3:4:,recombination,9821.265767315497,2:3:4:4:4:3:3:4:2,1:2:4:3:3:3:4:4:1
3:2:4:4:4:2:3:4:3:,recombination,10377.888424499073,3:2:4:4:4:3:3:4:3,3:4:4:4:4:2:2:2:4
1:2:4:1:0:4:4:4:0:,recombination,10651.664881517827,0:1:4:1:0:4:4:4:0,3:3:4:4:4:1:2:2:4
1:2:4:1:0:4:4:4:0:,recombination,10514.86988370842,1:2:4:1:0:4:4:4:0,1:2:4:2:0:4:4:4:0
1:1:4:2:1:4:4:4:1:,recombination,12010.07061205568,4:4:3:4:4:0:1:1:4,1:2:4:2:1:4:4:4:0,MUTATE
4:4:3:4:4:1:0:2:4:,clone,10994.817113923362,4:4:3:4:4:1:0:2:4
3:2:4:4:3:3:4:4:2:,recombination,12144.872124784717,2:2:4:3:2:4:4:4:1,3:2:4:4:3:3:3:4:2,MUTATE
4:4:4:4:4:2:2:3:4:,clone,9527.45980801432,4:4:4:4:4:2:2:3:4
2:2:4:4:3:4:3:4:2:,recombination,11052.924066254263,2:2:4:3:2:4:4:4:1,1:2:4:3:1:3:4:4:1
1:2:4:3:1:4:4:4:0:,clone,11643.513002235419,1:2:4:3:1:4:4:4:0
2:2:4:3:3:3:4:4:2:,recombination,11462.92795010787,4:4:4:4:4:1:2:4:4,1:2:4:2:1:4:4:4:1
2:2:4:3:3:3:3:4:1:,clone,10680.498040777718,2:2:4:3:3:3:3:4:1
0:2:4:2:0:4:4:4:0:,recombination,11798.48507801483,4:4:4:4:4:1:2:3:4,3:3:4:3:3:3:3:4:3
4:3:4:4:4:2:3:4:3:,clone,10941.90044648992,4:3:4:4:4:2:3:4:3
4:4:4:4:4:2:2:2:4:,recombination,10909.366345558483,4:3:4:4:4:2:2:2:4,4:4:4:4:4:3:2:4:4
4:4:4:4:4:2:1:3:4:,recombination,10128.079896922083,0:1:4:1:0:4:4:4:0,4:4:3:4:4:1:1:2:4
3:2:4:4:4:2:3:4:2:,recombination,10829.10636160526,3:3:4:4:4:3:2:4:3,4:3:3:4:4:2:2:4:4,MUTATE
3:2:4:3:3:3:3:4:2:,clone,10806.658396453668,3:2:4:3:3:3:3:4:2
2:2:4:2:2:4:4:4:1:,recombination,10656.008578398483,4:4:2:4:4:1:1:4:4,4:3:4:4:4:2:3:4:4,MUTATE
2:2:4:3:2:3:3:4:1:,clone,10250.66878838222,2:2:4:3:2:3:4:4:1
4:4:3:4:4:0:0:2:4:,clone,10721.919373509743,4:4:3:4:4:0:1:2:4
2:2:4:2:1:4:4:4:2:,clone,11179.000728668698,2:2:4:2:1:4:4:4:2
3:3:4:3:3:4:3:4:2:,recombination,11348.398563568924,2:2:4:2:2:4:4:4:1,4:4:3:4:4:2:2:4:4,MUTATE
2:3:4:3:2:3:4:4:2:,clone,10756.707234764532,2:3:4:3:2:3:4:4:2
2:2:4:2:1:3:4:4:2:,clone,11087.380477629958,2:2:4:2:1:3:4:4:2
3:2:4:4:3:4:4:4:2:,clone,12253.613399223155,3:2:4:4:3:4:4:4:2
3:3:4:4:4:3:2:4:3:,clone,10446.936900348714,3:3:4:4:4:3:2:4:3
4:3:4:4:4:3:2:4:3:,clone,10688.07511939315,4:3:4:4:4:3:2:4:3
2:3:4:3:3:4:3:4:2:,recombination,11698.30337967133,1:2:4:1:0:4:4:4:0,3:3:4:4:2:3:4:4:2,MUTATE
1:1:4:2:1:4:4:4:1:,clone,11796.198140624358,1:1:4:2:1:4:4:4:1
1:2:4:3:2:3:4:4:1:,clone,10243.704688784754,2:2:4:3:2:4:4:4:1
1:2:4:2:1:3:4:4:1:,clone,10373.539705899037,1:2:4:2:1:3:4:4:1
1:2:4:4:3:3:4:4:1:,recombination,11867.620238132593,4:3:4:4:4:3:2:4:3,3:3:4:4:4:1:2:2:3,MUTATE
1:2:4:3:2:3:4:4:1:,clone,10219.516008993685,1:2:4:3:2:3:4:4:1
1:2:4:3:2:3:4:4:1:,clone,10170.164080034963,1:2:4:3:2:3:4:4:1
2:2:4:3:2:3:3:4:2:,recombination,10134.643769295082,4:4:3:4:4:2:2:3:4,0:1:4:1:0:4:4:4:0
1:2:4:2:2:4:4:4:1:,clone,10126.718342643575,1:2:4:2:2:4:4:4:1
1:2:4:3:2:3:4:4:1:,clone,10140.119796481871,1:2:4:3:2:3:4:4:1
1:2:4:3:2:3:4:4:1:,clone,10109.141879315122,1:2:4:3:2:3:4:4:1
1:2:4:3:3:3:3:4:1:,recombination,10627.037044499324,3:3:4:3:2:3:4:4:2,2:2:4:3:3:3:3:4:2,MUTATE
2:2:4:3:2:3:3:4:1:,recombination,10222.022487765982,2:2:4:3:2:4:4:4:1,1:2:4:3:2:3:4:4:1
1:1:4:2:0:4:4:4:0:,clone,11045.32120135735,1:1:4:2:0:4:4:4:0
1:2:4:2:0:4:4:4:0:,clone,10942.746415455542,1:2:4:2:0:4:4:4:0
4:3:3:4:4:1:2:4:4:,clone,10805.42521026911,4:4:3:4:4:1:2:4:4
2:2:4:4:3:4:4:4:2:,recombination,11864.393378396486,3:2:4:3:3:4:4:4:2,4:4:3:4:4:2:1:3:4,MUTATE
4:3:3:4:4:1:2:3:4:,clone,10700.437671289863,4:3:3:4:4:1:2:3:4
4:4:2:4:4:1:1:3:4:,clone,11360.50887843039,4:4:2:4:4:1:1:3:4
3:3:4:4:4:4:3:4:2:,clone,11681.74562398215,3:3:4:4:4:4:3:4:2
4:3:3:4:4:2:2:3:4:,clone,10597.068671803778,4:3:3:4:4:2:2:3:4
4:3:3:4:4:2:2:3:4:,clone,10520.766803409548,4:3:3:4:4:2:2:3:4
3:3:4:4:3:4:3:4:3:,clone,12053.078952752912,3:3:4:4:3:3:3:4:3
3:3:4:4:4:4:3:4:2:,clone,11601.96987971692,3:3:4:4:4:4:3:4:2
4:3:3:4:4:3:2:4:3:,clone,11078.435998626055,4:3:3:4:4:3:2:4:4
4:4:2:4:4:2:2:4:4:,clone,11186.938930543181,4:4:2:4:4:2:2:4:4
3:2:4:4:4:3:3:4:3:,recombination,10395.134665722966,4:3:3:4:4:2:2:4:4,1:2:4:3:2:4:4:4:1,MUTATE
3:3:3:4:4:3:3:4:3:,clone,11082.100041803773,3:3:3:4:4:3:3:4:3
3:3:3:4:4:2:2:4:3:,clone,11278.425051671828,3:3:3:4:4:2:2:4:3
2:2:4:4:4:3:3:4:2:,clone,10041.927930270836,2:2:4:4:4:3:3:4:2
2:2:4:3:2:4:3:4:1:,clone,10577.973129130452,2:2:4:3:2:4:3:4:1
1:2:4:2:1:4:4:4:0:,recombination,10325.673994998335,4:4:3:4:4:1:2:4:4,4:4:3:4:4:0:0:2:4,MUTATE
2:2:4:3:3:4:3:4:1:,clone,10634.106912137548,2:2:4:3:3:4:3:4:1
2:2:4:3:2:4:3:4:1:,recombination,10445.520863477437,2:2:4:2:1:3:4:4:1,4:4:3:4:4:1:1:4:4,MUTATE
2:2:4:3:3:4:3:4:1:,clone,10563.066323827878,2:2:4:3:3:4:3:4:1
2:2:4:4:3:3:3:4:1:,clone,10431.243271999032,2:2:4:4:3:3:3:4:1
1:1:4:1:0:4:4:4:0:,clone,10503.720222945914,1:1:4:1:0:4:4:4:0
1:1:4:1:0:4:4:4:0:,recombination,10501.006735699391,2:2:4:4:3:3:3:4:1,3:3:4:4:4:3:3:4:3
1:1:4:2:1:4:4:4:0:,recombination,10488.463101205456,3:3:4:4:4:3:3:4:3,1:2:4:2:1:4:4:4:0
2:2:4:4:3:3:3:4:1:,clone,10428.994703170214,2:2:4:3:3:3:3:4:1
1:1:4:2:1:4:4:4:0:,recombination,10469.340603272916,3:3:4:4:4:3:3:4:3,3:3:4:4:4:1:2:3:4,MUTATE
1:2:4:1:0:4:4:4:0:,recombination,10354.467614199068,2:3:4:4:4:3:3:4:2,3:2:4:4:3:4:4:4:2,MUTATE
2:2:4:3:3:3:3:4:1:,recombination,10642.342629723806,4:3:4:4:4:2:2:4:4,2:3:4:4:4:3:3:4:2
4:4:3:4:4:1:0:2:4:,recombination,10769.451879956652,2:2:4:3:2:4:4:4:2,2:2:4:3:3:4:3:4:1,MUTATE
3:2:4:4:3:3:3:4:3:,recombination,11075.108016249795,4:4:4:4:4:0:0:0:4,1:1:4:2:1:4:4:4:0
4:4:2:4:4:0:0:2:4:,clone,10621.871552126273,4:4:2:4:4:0:0:2:4
4:4:3:4:4:1:0:2:4:,clone,10741.585561477617,4:4:3:4:4:0:0:2:4
4:4:3:4:4:2:1:4:4:,clone,11261.318764683125,4:4:3:4:4:2:1:4:4
4:4:4:4:4:2:3:4:4:,clone,11150.77533634437,4:4:4:4:4:2:3:4:4
4:4:3:4:4:1:1:4:4:,recombination,10787.72041897391,1:2:4:2:1:4:4:4:0,4:4:2:4:4:1:0:2:4,MUTATE
1:2:4:2:0:4:4:4:0:,recombination,10905.914667886595,4:4:4:4:4:1:0:2:4,4:3:4:4:4:1:2:3:4,MUTATE
1:1:4:1:0:4:4:4:0:,clone,10387.535965103938,1:1:4:1:0:4:4:4:0
1:2:4:1:0:4:4:4:0:,clone,10321.938292036384,1:2:4:1:0:4:4:4:0
1:2:4:1:0:4:4:4:0:,clone,10273.924766594411,1:2:4:1:0:4:4:4:0
2:2:4:4:3:4:4:4:1:,clone,11928.462170091103,2:2:4:4:3:4:4:4:1
1:1:4:1:0:4:4:4:0:,recombination,10172.010124047638,2:2:4:3:3:4:4:4:1,1:2:4:2:2:4:4:4:1,MUTATE
1:2:4:1:0:4:4:4:0:,recombination,10143.375657638802,0:1:4:1:0:4:4:4:0,4:4:4:4:4:2:2:3:4,MUTATE
1:2:4:2:1:4:4:4:0:,clone,10139.678630277873,1:2:4:2:1:4:4:4:0
1:2:4:1:0:4:4:4:0:,clone,10078.593956002662,1:2:4:1:0:4:4:4:0
0:1:4:1:0:4:4:4:0:,clone,10171.275288192786,0:1:4:1:0:4:4:4:0
0:1:4:1:0:4:4:4:0:,recombination,10021.013134088482,1:2:4:2:2:4:4:4:1,2:2:4:2:2:4:4:4:1,MUTATE
1:1:4:1:0:4:4:4:0:,clone,10161.911093281107,1:1:4:1:0:4:4:4:0
0:2:4:1:0:4:4:4:0:,recombination,10474.177150132511,0:1:4:1:0:4:4:4:0,3:3:4:4:3:3:4:4:3,MUTATE
1:1:4:2:0:4:4:4:0:,clone,10885.588036021492,1:1:4:2:0:4:4:4:0
0:2:4:2:0:4:4:4:0:,clone,11788.12196433332,0:2:4:2:0:4:4:4:0
