4:3:4:4:4:2:3:4:4:,initialisation,4168.611708309027,
4:3:4:4:4:3:3:4:4:,initialisation,4492.623066743997,
4:4:4:4:4:1:2:4:4:,initialisation,3361.479014952015,
4:3:4:4:4:2:3:4:4:,initialisation,3808.1931749066325,
4:3:4:4:4:2:2:4:4:,initialisation,3860.8939672932497,
4:3:4:4:4:2:3:4:4:,initialisation,3779.5469296817773,
4:4:3:4:4:2:2:4:4:,initialisation,3283.696951429016,
4:4:4:4:4:2:2:4:4:,initialisation,3470.088203237804,
4:4:4:4:4:1:2:4:4:,initialisation,3239.1228106942544,
4:3:4:4:4:1:2:4:4:,initialisation,3728.7608593679033,
4:3:4:4:4:2:3:4:4:,initialisation,3625.823371242875,
4:3:4:4:4:2:2:4:4:,initialisation,3814.337082135937,
4:2:4:4:4:3:3:4:4:,initialisation,4549.517281016285,
4:4:2:4:4:1:1:4:4:,initialisation,3283.696951429016,
4:3:4:4:4:2:2:4:4:,initialisation,3704.4234034371443,
4:3:4:4:4:2:2:4:4:,initialisation,3510.7841722770627,
4:4:3:4:4:2:2:4:4:,initialisation,3283.6969514290154,
4:4:4:4:4:1:1:4:4:,initialisation,3434.2321071340148,
4:3:4:4:4:1:2:4:4:,initialisation,3307.5290626897827,
4:3:4:4:4:3:2:4:4:,initialisation,3566.685734395588,
4:4:3:4:4:2:2:4:4:,initialisation,3283.696951429015,
4:4:4:4:4:1:1:3:4:,initialisation,3505.751574841007,
4:3:4:4:4:3:3:4:4:,initialisation,4026.55325676697,
4:3:4:4:4:2:2:4:4:,initialisation,3403.031670409043,
4:3:4:4:4:2:2:3:4:,initialisation,4239.103719639488,
4:4:4:4:4:1:1:4:4:,initialisation,3099.4075436489097,
4:2:4:4:4:3:3:4:4:,initialisation,4236.916974190677,
4:3:4:4:4:2:2:4:4:,initialisation,3401.580178931552,
4:3:4:4:4:3:3:4:4:,initialisation,3895.840814097155,
4:3:4:4:4:3:3:4:4:,initialisation,3867.282823275388,
4:4:4:4:4:1:1:2:4:,initialisation,3859.7049852118867,
4:3:4:4:4:1:1:2:4:,initialisation,3962.209383223988,
4:4:3:4:4:1:2:4:4:,initialisation,3317.68803191047,
4:2:4:4:4:3:3:4:4:,initialisation,3407.717700308894,
4:3:4:4:4:2:3:4:4:,initialisation,3283.6969514290145,
4:4:4:4:4:2:3:4:4:,initialisation,4376.858403993979,
4:2:4:4:4:2:3:4:4:,initialisation,3852.789537270898,
4:3:3:4:4:2:2:4:4:,initialisation,3283.696951429015,
4:3:3:4:4:3:2:4:4:,initialisation,3283.696951429015,
4:3:4:4:4:1:1:4:4:,initialisation,3202.0605995191117,
4:3:4:4:4:3:3:4:4:,initialisation,3283.696951429015,
4:4:4:4:4:2:2:4:4:,initialisation,3451.4731544749334,
4:4:4:4:4:1:3:4:4:,initialisation,4507.801570154641,
4:3:4:4:4:3:4:4:4:,initialisation,5228.8476409143395,
4:4:4:4:4:2:3:4:4:,initialisation,4262.819623217157,
4:4:4:4:4:1:2:4:4:,initialisation,3228.4463354370237,
4:3:4:4:4:1:2:3:4:,initialisation,4431.780937906328,
4:4:3:4:4:2:2:4:4:,initialisation,3283.6969514290145,
4:4:4:4:4:2:3:4:4:,initialisation,4041.570155705559,
4:4:3:4:4:2:1:4:4:,initialisation,3283.696951429016,
4:3:4:4:4:2:2:4:4:,initialisation,3283.696951429016,
4:4:4:4:4:1:2:4:4:,initialisation,3142.8555178739407,
4:3:4:4:4:1:2:3:4:,initialisation,3681.9721900464656,
4:2:4:4:4:3:4:4:4:,initialisation,4787.153020599215,
4:2:4:4:4:2:3:4:4:,initialisation,3801.573521356702,
4:3:4:4:4:2:2:4:4:,initialisation,3277.898739359287,
4:3:4:4:4:1:1:3:4:,initialisation,3802.246938498997,
4:2:4:4:4:3:4:4:4:,initialisation,4619.6863357938155,
3:2:4:4:4:3:4:4:2:,initialisation,4935.198217445766,
4:4:3:4:4:2:1:4:4:,initialisation,3283.696951429015,
4:4:4:4:4:2:2:4:4:,initialisation,3030.653584261321,
3:2:4:4:4:3:4:4:3:,initialisation,5319.137665256812,
4:3:4:4:4:3:2:4:4:,initialisation,3283.696951429015,
4:3:4:4:4:2:2:4:4:,initialisation,3194.1083432397354,
4:4:2:4:4:1:1:4:4:,initialisation,3283.6969514290154,
4:3:4:4:4:2:3:3:4:,initialisation,4338.220386442737,
4:4:3:4:4:2:2:4:4:,initialisation,3254.9584106020384,
4:4:4:4:4:0:1:2:4:,initialisation,3533.3857475341065,
4:3:4:4:4:2:1:4:4:,initialisation,3520.423553210585,
4:2:4:4:4:3:4:4:3:,initialisation,3866.7837327226275,
3:2:4:4:4:3:4:4:3:,initialisation,5129.107175486141,
4:3:4:4:4:1:2:3:4:,initialisation,3680.9466535712936,
4:3:4:4:4:2:1:4:4:,initialisation,3424.7425320451125,
4:3:4:4:4:3:2:4:4:,initialisation,3265.6209440549164,
4:4:4:4:4:0:0:1:4:,initialisation,3243.523382823607,
4:4:2:4:4:2:1:4:4:,initialisation,3283.696951429016,
4:4:3:4:4:3:2:4:4:,initialisation,3283.6969514290154,
4:2:4:4:4:2:3:3:4:,initialisation,4300.600158331975,
4:3:4:4:4:1:1:4:4:,initialisation,2933.25265595193,
4:2:4:4:4:3:3:4:4:,initialisation,3363.0649743595636,
4:2:4:4:4:3:4:4:4:,initialisation,4605.24163338649,
4:3:4:4:4:2:3:4:4:,initialisation,3239.700516190881,
4:4:4:4:4:2:1:4:4:,initialisation,3499.757975873948,
4:2:4:4:4:3:4:4:4:,initialisation,4549.475688230495,
4:4:2:4:4:2:1:4:4:,initialisation,3283.6969514290154,
4:4:3:4:4:1:1:4:4:,initialisation,3283.696951429015,
4:3:4:4:4:1:2:4:4:,initialisation,3307.2197088292114,
4:3:4:4:4:2:2:4:4:,initialisation,3092.650236692107,
4:4:4:4:4:1:1:3:4:,initialisation,3280.1821289698246,
4:3:4:4:4:1:3:4:4:,initialisation,4341.71894368264,
4:4:4:4:4:1:2:3:4:,initialisation,3991.9089336796897,
4:3:4:4:4:1:1:2:4:,initialisation,3446.193610779608,
4:4:4:4:4:2:3:4:4:,initialisation,3974.3386075788376,
4:4:2:4:4:1:1:4:4:,initialisation,3283.6969514290145,
4:3:4:4:4:1:2:4:4:,initialisation,3120.041490288069,
4:2:4:4:4:2:2:4:4:,initialisation,3673.5839105901027,
3:2:4:4:4:3:3:4:3:,initialisation,5112.634387299367,
4:2:4:4:4:4:4:4:4:,initialisation,5340.205336822274,
4:4:4:4:4:2:2:4:4:,initialisation,3016.9473563692723,
4:4:3:4:4:1:1:4:4:,initialisation,3283.6969514290145,
4:3:4:4:4:1:3:4:4:,initialisation,4306.06801867396,
4:3:4:4:4:1:2:2:4:,initialisation,3671.5786444115365,
3:2:4:4:4:3:3:4:3:,initialisation,5108.989478242917,
4:3:3:4:4:2:2:4:4:,initialisation,3283.6969514290145,
4:2:4:4:4:3:4:4:4:,initialisation,4469.689296663742,
4:3:4:4:4:2:3:4:4:,initialisation,3237.158982224615,
4:2:4:4:4:2:2:4:4:,initialisation,3331.304890045597,
4:3:4:4:4:1:1:3:4:,initialisation,3742.4036165150906,
3:2:4:4:4:4:4:4:3:,initialisation,5939.891115815248,
4:3:4:4:4:1:3:2:4:,initialisation,4385.809686807495,
4:3:4:4:4:0:1:2:4:,initialisation,3679.035444550637,
4:3:4:4:4:3:4:4:4:,initialisation,5092.574092943489,
4:4:3:4:4:2:2:4:4:,initialisation,3227.740939628384,
4:4:4:4:4:2:1:4:4:,initialisation,3133.7979696344246,
3:2:4:4:4:4:4:4:3:,initialisation,5266.326507919299,
4:3:4:4:4:3:3:4:4:,initialisation,3283.6969514290145,
4:4:4:4:4:0:1:3:4:,initialisation,3282.212282990082,
4:4:4:4:4:1:2:2:4:,initialisation,3929.0537630532012,
4:4:4:4:4:0:0:0:4:,initialisation,3164.7404389368935,
3:2:4:4:4:3:3:4:3:,initialisation,4981.311229965525,
4:2:4:4:4:4:4:4:4:,initialisation,4746.286247209222,
4:4:4:4:4:0:2:3:4:,initialisation,3763.539127230753,
4:3:4:4:4:3:3:4:4:,initialisation,3239.1545763417307,
4:2:4:4:4:3:4:4:4:,initialisation,4329.389853120303,
4:2:4:4:4:3:4:4:4:,initialisation,4216.7985478685905,
4:4:3:4:4:1:2:4:4:,initialisation,3283.696951429015,
4:4:4:4:4:2:3:4:4:,initialisation,3918.971543644158,
4:2:4:4:4:2:4:4:4:,initialisation,5581.100285954411,
4:4:4:4:4:1:1:4:4:,initialisation,2988.8549878837484,
4:3:4:4:4:1:1:3:4:,initialisation,3732.0922057635266,
4:2:4:4:4:1:2:4:4:,initialisation,4005.666943683267,
4:4:4:4:4:2:3:4:4:,initialisation,3869.9526509975194,
4:2:4:4:4:1:2:4:4:,initialisation,3681.950976906773,
4:3:4:4:4:3:4:4:4:,initialisation,4821.036368721689,
4:3:4:4:4:2:2:3:4:,initialisation,3997.5745786332727,
4:4:4:4:4:2:3:4:4:,initialisation,3552.4606670964413,
4:3:4:4:4:1:2:3:4:,initialisation,3586.4835773172595,
4:2:4:4:4:2:2:3:4:,initialisation,4637.883370492099,
4:2:4:4:4:3:4:4:4:,initialisation,4154.253854029077,
4:2:4:4:4:2:3:4:4:,initialisation,3698.1900537981287,
4:3:4:4:4:3:4:4:4:,initialisation,4137.322714653433,
3:2:4:4:4:2:3:4:3:,initialisation,4809.2667366435,
4:4:3:4:4:1:1:4:4:,initialisation,3282.6375719041125,
4:2:4:4:4:2:3:4:4:,initialisation,3617.5600395695747,
4:3:4:4:4:2:1:4:4:,initialisation,3037.62471238224,
4:2:4:4:4:3:3:4:4:,initialisation,3283.6969514290154,
4:4:4:4:4:0:1:4:4:,initialisation,3470.5856942259143,
4:3:4:4:4:1:1:3:4:,initialisation,3291.6492498566977,
4:3:4:4:4:1:3:4:4:,initialisation,4111.070043168044,
3:2:4:4:4:3:4:4:2:,initialisation,4907.863639385321,
3:2:4:4:4:3:3:4:3:,initialisation,4488.597394170181,
4:3:4:4:4:1:3:3:4:,initialisation,4235.658823863038,
3:2:4:4:4:2:3:4:3:,initialisation,4427.7342348022,
4:4:4:4:4:0:1:3:4:,initialisation,3058.7114521750023,
4:4:2:4:4:2:1:4:4:,initialisation,3283.696951429015,
1:1:4:2:0:4:4:4:0:,initialisation,4833.957995818197,
4:4:3:4:4:1:1:4:4:,initialisation,3249.674773493085,
4:4:3:4:4:1:1:4:4:,initialisation,3217.223834342179,
4:2:4:4:4:2:3:4:4:,initialisation,3555.2167384390896,
4:2:4:4:4:3:4:4:4:,initialisation,4062.0323708999094,
4:4:4:4:4:1:2:4:4:,initialisation,3122.6924623165205,
4:2:4:4:4:2:2:4:4:,initialisation,3266.392563487835,
4:4:2:4:4:2:1:4:4:,initialisation,3283.6969514290145,
3:2:4:4:4:3:4:4:3:,initialisation,4682.184777515625,
4:2:4:4:4:3:3:4:3:,initialisation,4276.017348773168,
4:4:3:4:4:1:2:4:4:,initialisation,3283.6969514290145,
3:2:4:4:3:4:4:4:2:,initialisation,4721.7295265330695,
4:3:3:4:4:3:2:4:4:,initialisation,3283.6969514290145,
4:4:4:4:4:3:2:4:4:,initialisation,3283.6969514290154,
4:3:4:4:4:2:2:2:4:,initialisation,4604.047966965044,
4:3:3:4:4:2:2:4:4:,initialisation,3224.223060657496,
2:2:4:4:4:3:4:4:2:,initialisation,6125.400556475318,
4:3:4:4:4:1:3:4:4:,initialisation,3909.178201275793,
4:3:4:4:4:1:3:4:4:,initialisation,3866.209673892092,
4:2:4:4:4:4:3:4:4:,initialisation,3913.9171952977053,
4:3:4:4:4:1:2:3:4:,initialisation,3492.3376703075337,
4:3:4:4:4:2:3:4:4:,initialisation,3232.088509510893,
2:1:4:4:4:4:4:4:1:,initialisation,5311.560920904122,
4:2:4:4:4:4:4:4:4:,initialisation,4155.928469747096,
4:4:3:4:4:1:2:4:4:,initialisation,3228.054138791344,
3:2:4:4:4:4:4:4:3:,initialisation,4724.0272629576875,
4:3:4:4:4:2:2:3:4:,initialisation,3818.272438041747,
4:4:4:4:4:0:0:0:4:,recombination,3158.086930545808,4:2:4:4:4:3:4:4:4,4:4:4:4:4:0:0:0:4,MUTATE
4:3:4:4:4:2:2:4:4:,clone,3061.3599842694675,4:3:4:4:4:2:2:4:4
4:3:4:4:4:3:3:4:4:,clone,3239.15457634173,4:3:4:4:4:3:3:4:4
4:4:3:4:4:1:2:4:4:,clone,3217.223834342179,4:4:3:4:4:1:1:4:4
4:4:4:4:4:0:0:1:4:,clone,3214.7281090890997,4:4:4:4:4:0:0:1:4
4:4:4:4:4:1:1:4:4:,recombination,2956.0865709220147,4:4:4:4:4:0:1:3:4,4:3:4:4:4:1:2:4:4
4:3:4:4:4:3:2:4:4:,recombination,3217.223834342179,4:4:3:4:4:1:1:4:4,4:2:4:4:4:3:3:4:4,MUTATE
4:4:3:4:4:2:2:4:4:,clone,3217.223834342179,4:4:3:4:4:2:2:4:4
4:2:4:4:4:1:3:4:4:,recombination,3860.4390828836463,4:3:4:4:4:1:2:4:4,4:2:4:4:4:1:2:4:4,MUTATE
4:3:3:4:4:2:2:4:4:,clone,3217.223834342179,4:4:3:4:4:2:2:4:4
4:2:4:4:4:3:4:4:4:,recombination,3938.259483972131,4:2:4:4:4:3:3:4:4,4:2:4:4:4:3:4:4:3,MUTATE
4:2:4:4:4:2:4:4:4:,recombination,5388.588124594087,4:3:4:4:4:1:1:3:4,4:2:4:4:4:2:4:4:4,MUTATE
4:2:4:4:4:2:4:4:4:,clone,5360.28899829339,4:2:4:4:4:2:4:4:4
4:3:3:4:4:2:2:4:4:,clone,3204.8855889969486,4:3:3:4:4:2:2:4:4
4:2:4:4:4:2:2:4:4:,recombination,3234.4685525754635,2:2:4:4:4:3:4:4:2,4:2:4:4:4:2:2:4:4
4:3:3:4:4:2:2:4:4:,clone,3199.114859710223,4:3:3:4:4:2:2:4:4
4:4:3:4:4:1:2:4:4:,recombination,3211.4531050554538,4:4:3:4:4:2:2:4:4,4:3:4:4:4:2:3:4:4
4:4:4:4:4:1:2:4:4:,clone,3094.870971256911,4:4:4:4:4:1:1:4:4
4:4:4:4:4:2:2:4:4:,clone,2989.211097190961,4:4:4:4:4:2:2:4:4
4:4:4:4:4:2:2:4:4:,clone,2989.2110971909606,4:4:4:4:4:2:2:4:4
4:2:4:4:4:1:2:4:4:,recombination,3248.3709357345083,4:2:4:4:4:2:2:4:4,4:2:4:4:4:2:3:4:4
4:2:4:4:4:4:4:4:3:,clone,4539.645679398655,3:2:4:4:4:4:4:4:3
4:4:2:4:4:1:1:4:4:,recombination,3280.3487870236004,4:4:2:4:4:2:1:4:4,4:4:4:4:4:0:0:0:4
4:4:4:4:4:1:1:2:4:,recombination,3731.059818721392,4:3:4:4:4:1:2:3:4,4:4:4:4:4:1:1:2:4
4:4:2:4:4:1:1:4:4:,clone,3266.9125249995072,4:4:2:4:4:1:1:4:4
4:3:4:4:4:2:2:4:4:,recombination,3044.6069375986235,4:3:4:4:4:2:2:4:4,4:3:4:4:4:3:4:4:4,MUTATE
4:2:4:4:4:3:4:4:4:,clone,3887.239745174089,4:2:4:4:4:3:4:4:4
4:2:4:4:4:2:3:4:4:,recombination,3501.164343336543,4:3:3:4:4:2:2:4:4,4:2:4:4:4:3:4:4:3,MUTATE
4:2:4:4:3:3:4:4:3:,clone,3923.8031032897065,4:2:4:4:4:3:4:4:4
4:3:4:4:4:0:1:2:4:,recombination,3071.33491996846,4:4:4:4:4:0:0:1:4,4:3:3:4:4:2:2:4:4,MUTATE
4:3:4:4:4:2:3:4:4:,clone,3209.8603187384465,4:3:4:4:4:2:3:4:4
4:4:4:4:4:1:1:3:4:,recombination,2966.352400960695,4:4:4:4:4:1:2:2:4,4:3:4:4:4:2:2:4:4,MUTATE
4:4:4:4:4:1:1:4:4:,clone,2941.121190948783,4:3:4:4:4:1:1:4:4
4:4:4:4:4:0:1:2:4:,recombination,3483.083038679915,4:4:4:4:4:1:1:2:4,4:4:4:4:4:0:0:0:4
3:2:4:4:4:3:4:4:2:,recombination,4682.184777515625,3:2:4:4:4:3:4:4:3,4:2:4:4:4:3:3:4:4,MUTATE
4:3:4:4:4:1:1:2:4:,clone,3411.013218507814,4:3:4:4:4:1:1:2:4
4:3:4:4:4:1:3:4:4:,recombination,3828.022671403115,4:3:4:4:4:1:2:3:4,4:3:4:4:4:1:3:4:4
4:3:4:4:4:2:1:4:4:,clone,2933.25265595193,4:3:4:4:4:1:1:4:4
4:2:4:4:4:3:3:4:4:,clone,3263.6223595104557,4:2:4:4:4:4:3:4:4
4:3:4:4:4:1:3:4:4:,clone,3726.6906900099093,4:3:4:4:4:1:2:4:4
3:2:4:4:4:3:3:4:3:,clone,4297.741336938234,3:2:4:4:4:3:3:4:3
4:4:4:4:4:1:2:4:4:,clone,3070.3971890928046,4:4:4:4:4:1:2:4:4
4:4:4:4:4:0:1:4:4:,clone,3237.6166469444447,4:4:4:4:4:1:1:4:4
3:2:4:4:4:4:4:4:3:,clone,4444.170168251862,3:2:4:4:4:4:4:4:3
3:2:4:3:1:4:4:4:2:,recombination,4785.36688199781,1:1:4:2:0:4:4:4:0,4:3:4:4:4:3:3:4:4
3:2:4:4:4:3:3:4:3:,recombination,3690.4695544615674,4:4:4:4:4:1:1:4:4,1:1:4:2:0:4:4:4:0,MUTATE
4:2:4:4:4:1:2:4:4:,clone,3232.1512136865717,4:2:4:4:4:1:2:4:4
4:4:4:4:4:1:1:2:4:,clone,3359.4776586707853,4:4:4:4:4:0:0:1:4
4:4:4:4:4:0:2:3:4:,recombination,3739.4975209541294,4:4:4:4:4:0:2:3:4,4:4:4:4:4:0:1:4:4,MUTATE
4:2:4:4:4:3:3:4:3:,recombination,4142.668110798362,4:2:4:4:4:3:3:4:4,3:2:4:4:4:3:4:4:2
3:2:4:4:4:3:3:4:2:,clone,3690.4695544615674,3:2:4:4:4:3:3:4:2
4:2:4:4:4:3:3:4:4:,recombination,3223.074379604742,4:3:4:4:4:2:2:4:4,4:2:4:4:4:3:4:4:4
3:2:4:4:4:3:4:4:3:,clone,4671.925234074105,3:2:4:4:4:3:4:4:2
4:3:4:4:4:1:1:2:4:,clone,3359.4776586707853,4:4:4:4:4:1:1:2:4
4:2:4:4:3:3:4:4:3:,clone,3689.883535190497,4:2:4:4:3:3:4:4:3
4:4:4:4:4:1:2:4:4:,clone,3030.730286736253,4:4:4:4:4:1:1:4:4
4:3:4:4:4:0:1:2:4:,recombination,3068.7953669696326,4:3:4:4:4:0:1:2:4,4:4:4:4:4:1:2:4:4
4:3:4:4:4:2:2:4:4:,recombination,3044.452135776381,4:3:4:4:4:3:4:4:4,4:4:4:4:4:1:2:4:4
4:4:4:4:4:1:2:3:4:,recombination,3855.3636729073196,4:4:3:4:4:2:2:4:4,4:4:4:4:4:1:2:3:4
4:2:4:4:4:3:4:4:4:,recombination,3658.1620428832416,4:2:4:4:4:3:3:4:3,4:2:4:4:4:3:3:4:4
4:2:4:4:3:3:4:4:3:,clone,3591.3193918884485,4:2:4:4:3:3:4:4:3
4:2:4:4:4:3:4:4:4:,clone,3559.597899581193,4:2:4:4:4:3:4:4:4
4:4:4:4:4:1:2:2:4:,clone,3904.2741073866537,4:4:4:4:4:1:2:2:4
4:2:4:4:4:4:4:4:3:,recombination,4218.408995500893,3:2:4:4:4:4:4:4:3,4:2:4:4:4:2:3:4:4,MUTATE
4:2:4:4:4:3:4:4:4:,clone,3536.9803746970288,4:2:4:4:4:3:4:4:4
3:2:4:4:3:4:4:4:2:,clone,4625.7998863318235,3:2:4:4:4:4:4:4:3
4:2:4:4:4:4:4:4:4:,recombination,4101.3801736503365,4:4:2:4:4:1:1:4:4,4:2:4:4:4:4:3:4:4,MUTATE
3:2:4:4:3:4:4:4:2:,clone,4444.170168251862,3:2:4:4:4:4:4:4:3
4:3:4:4:4:2:3:4:4:,clone,3198.1503884496155,4:3:4:4:4:2:3:4:4
4:2:4:4:4:3:3:4:3:,recombination,3895.725930048591,4:3:4:4:4:3:3:4:4,4:2:4:4:4:2:2:4:4
4:2:4:4:4:3:3:4:3:,recombination,3709.4263755018137,4:2:4:4:4:3:3:4:3,4:3:4:4:4:2:2:4:4
4:2:4:4:3:4:4:4:3:,clone,3754.0502856448384,4:2:4:4:3:4:4:4:3
4:4:4:4:4:0:1:4:4:,recombination,3168.7847929351233,4:3:3:4:4:2:2:4:4,4:4:4:4:4:0:1:4:4,MUTATE
3:2:4:4:4:3:3:4:2:,recombination,3515.0155315179086,3:2:4:4:4:2:3:4:3,3:2:4:4:4:3:3:4:3,MUTATE
3:1:4:4:4:3:4:4:2:,clone,3801.3183727591077,3:1:4:4:4:3:4:4:2
4:2:4:4:4:2:3:4:4:,clone,3358.9927806806286,4:2:4:4:4:2:3:4:4
4:4:4:4:4:0:1:4:4:,clone,3112.1174211192515,4:4:4:4:4:1:1:4:4
3:1:4:4:4:4:4:4:2:,recombination,4032.6424995994103,3:2:4:4:4:4:4:4:3,3:2:4:4:4:3:3:4:2,MUTATE
3:1:4:4:4:3:4:4:2:,clone,3781.955393897245,3:1:4:4:4:3:4:4:2
4:2:4:4:3:4:4:4:4:,clone,3868.10764466596,4:2:4:4:4:3:3:4:4
4:2:4:4:4:4:4:4:4:,recombination,3913.031277984035,4:3:4:4:4:2:2:4:4,4:2:4:4:4:2:2:4:4
4:2:4:4:3:4:4:4:4:,recombination,3643.471922522237,4:2:4:4:4:3:4:4:4,4:3:4:4:4:2:2:4:4,MUTATE
4:2:4:4:2:4:4:4:3:,recombination,4084.6804943362745,4:2:4:4:4:4:4:4:4,3:1:4:4:4:4:4:4:2,MUTATE
3:2:4:4:3:4:4:4:3:,recombination,4631.650147742592,4:2:4:4:4:3:4:4:4,3:2:4:4:3:4:4:4:2,MUTATE
2:2:4:4:3:4:4:4:2:,recombination,5016.919234997818,4:4:4:4:4:1:1:4:4,2:1:4:4:4:4:4:4:1,MUTATE
2:2:4:4:3:4:4:4:2:,recombination,4601.307828576872,3:2:4:4:4:4:4:4:3,3:2:4:4:4:3:4:4:3
4:3:4:4:4:2:4:4:4:,recombination,5098.6961379270715,4:2:4:4:4:2:4:4:4,4:2:4:4:4:3:3:4:3
4:2:4:4:4:4:4:4:3:,recombination,3709.5285630996077,4:2:4:4:4:4:4:4:4,3:1:4:4:4:3:4:4:2,MUTATE
4:2:4:4:4:2:4:4:4:,clone,5263.986023179812,4:3:4:4:4:2:4:4:4
3:2:4:4:4:3:4:4:2:,clone,3724.81350592047,3:2:4:4:4:3:3:4:2
4:2:4:4:4:2:4:4:4:,recombination,4881.185489937593,4:2:4:4:4:2:4:4:4,4:2:4:4:4:1:2:4:4
4:4:4:4:4:2:1:4:4:,recombination,3121.2435581901696,4:2:4:4:4:1:2:4:4,4:4:4:4:4:2:1:4:4
2:1:4:4:3:4:4:4:1:,recombination,4181.308029070814,3:2:4:4:3:4:4:4:2,3:2:4:4:4:3:3:4:3,MUTATE
3:1:4:4:4:3:3:4:2:,recombination,3601.118400816078,3:2:4:4:4:3:3:4:3,3:2:4:4:3:4:4:4:3,MUTATE
4:2:4:4:4:2:4:4:4:,clone,4797.99280944424,4:2:4:4:4:2:4:4:4
4:3:4:4:4:3:4:4:4:,recombination,4128.328181380841,4:3:4:4:4:3:4:4:4,4:4:4:4:4:1:2:4:4,MUTATE
2:1:4:4:2:4:4:4:1:,recombination,4432.688326873891,2:1:4:4:4:4:4:4:1,3:2:4:4:4:3:4:4:2
3:2:4:4:2:4:4:4:2:,recombination,4527.1596285616515,3:2:4:4:3:4:4:4:2,3:2:4:4:4:3:4:4:3,MUTATE
3:2:4:4:3:4:4:4:3:,clone,4519.500597028123,3:2:4:4:3:4:4:4:3
2:1:4:4:4:4:4:4:1:,clone,4127.524860731974,2:1:4:4:4:4:4:4:1
4:2:4:4:4:3:3:4:3:,recombination,3653.312078561381,2:1:4:4:4:4:4:4:1,4:3:4:4:4:2:3:4:4
3:2:4:4:4:3:4:4:3:,recombination,4351.38412786345,3:2:4:4:4:3:4:4:3,4:3:3:4:4:2:2:4:4,MUTATE
2:1:4:4:4:4:4:4:1:,recombination,3801.3183727591077,4:4:4:4:4:1:1:4:4,3:2:4:4:4:3:3:4:3
4:2:4:4:4:3:4:4:3:,clone,3732.3002129325905,4:2:4:4:3:3:4:4:3
2:1:4:4:4:4:4:4:2:,recombination,4535.573779373148,3:1:4:4:4:3:4:4:2,4:3:4:4:4:1:1:2:4,MUTATE
4:2:4:4:4:3:4:4:4:,clone,3489.5263919961285,4:2:4:4:4:3:4:4:4
2:1:4:3:1:4:4:4:1:,recombination,4498.20075873159,2:2:4:4:3:4:4:4:2,4:2:4:4:4:2:3:4:4
2:2:4:4:3:3:4:4:2:,recombination,4844.255080347186,4:2:4:4:4:2:4:4:4,4:2:4:4:4:3:4:4:4,MUTATE
4:4:4:4:4:1:0:4:4:,recombination,3255.9498933948853,4:4:4:4:4:2:1:4:4,4:4:4:4:4:0:1:2:4
4:4:4:4:4:0:1:2:4:,clone,3435.4352638459254,4:4:4:4:4:0:1:2:4
3:2:4:4:2:4:4:4:2:,clone,4415.010077847183,3:2:4:4:2:4:4:4:2
2:2:4:4:2:3:4:4:2:,clone,5078.687154361984,2:2:4:4:2:3:4:4:2
4:3:4:4:4:3:2:4:4:,recombination,3149.7281721185827,4:3:4:4:4:2:3:4:4,4:4:4:4:4:1:1:4:4
2:1:4:4:4:3:3:4:2:,clone,3811.343292959987,2:1:4:4:4:3:3:4:2
4:4:4:4:4:0:0:2:4:,recombination,3123.9871742680393,4:4:4:4:4:0:1:3:4,4:4:4:4:4:0:0:0:4,MUTATE
2:1:4:4:2:4:4:4:1:,clone,4324.0517403900185,2:1:4:4:2:4:4:4:1
4:3:4:4:4:3:3:4:4:,clone,3155.8169129442413,4:3:4:4:4:3:2:4:4
4:2:4:4:4:2:4:4:4:,recombination,4330.447581435907,3:2:4:4:4:3:4:4:2,4:2:4:4:4:2:4:4:4,MUTATE
2:1:4:4:3:4:4:4:1:,clone,4104.5921486599755,2:1:4:4:3:4:4:4:1
4:2:4:4:4:3:3:4:4:,clone,3155.8169129442413,4:3:4:4:4:3:3:4:4
3:2:4:4:2:4:4:4:2:,clone,4228.701053610411,2:1:4:4:2:4:4:4:1
4:2:4:4:4:3:3:4:4:,clone,3119.038221241578,4:2:4:4:4:3:3:4:4
3:2:4:3:2:4:4:4:2:,clone,3878.5566035839174,4:2:4:4:2:4:4:4:3
3:1:4:4:3:4:4:4:2:,recombination,3990.427069155979,3:2:4:4:2:4:4:4:2,3:2:4:4:4:3:3:4:3,MUTATE
3:2:4:4:2:4:4:4:2:,clone,4115.262305775232,3:2:4:3:2:4:4:4:2
3:2:4:4:2:4:4:4:2:,clone,4067.84146540739,3:2:4:3:2:4:4:4:2
4:3:4:4:4:3:4:4:4:,recombination,3900.7189670090215,4:4:2:4:4:1:1:4:4,3:2:4:4:2:4:4:4:2,MUTATE
3:2:4:4:3:4:4:4:2:,recombination,3982.7752210599497,3:2:4:4:2:4:4:4:2,4:2:4:4:4:3:3:4:3,MUTATE
3:1:4:4:3:4:4:4:2:,clone,3861.0950215271787,3:1:4:4:3:4:4:4:2
3:1:4:4:4:4:4:4:2:,clone,3941.3161789596456,3:1:4:4:4:4:4:4:2
3:2:4:3:1:4:4:4:2:,recombination,4228.380660992699,4:3:4:4:4:2:3:4:4,4:2:4:4:4:3:4:4:4,MUTATE
3:2:4:4:4:3:4:4:3:,recombination,4239.7678432413695,3:2:4:4:4:4:4:4:3,4:3:3:4:4:2:2:4:4,MUTATE
2:1:4:3:0:4:4:4:1:,clone,5119.642719677513,2:1:4:3:0:4:4:4:1
3:1:4:3:1:4:4:4:2:,recombination,3951.031312446223,4:3:4:4:4:2:2:4:4,4:3:4:4:4:2:2:4:4,MUTATE
3:2:4:4:3:3:4:4:3:,recombination,4367.765660267982,2:2:4:4:3:4:4:4:2,4:4:4:4:4:0:1:3:4,MUTATE
4:2:4:4:4:3:3:4:3:,recombination,3529.7424562514143,3:2:4:4:4:3:4:4:2,4:2:4:4:4:3:3:4:4,MUTATE
4:4:4:4:4:0:0:1:4:,recombination,2999.52587874719,4:3:4:4:4:1:2:4:4,4:4:4:4:4:0:0:0:4,MUTATE
3:2:4:3:1:4:4:4:2:,recombination,3962.7186451477064,4:3:4:4:4:1:3:4:4,3:2:4:3:1:4:4:4:2
3:2:4:3:1:4:4:4:2:,clone,3942.488511467645,3:2:4:3:1:4:4:4:2
3:2:4:4:3:4:4:4:2:,recombination,3913.579148965687,3:2:4:4:4:3:4:4:2,4:2:4:4:4:3:4:4:4
4:3:4:4:4:0:1:4:4:,recombination,3468.392793842716,4:3:4:4:4:3:3:4:4,4:4:4:4:4:0:1:2:4
2:1:4:3:1:4:4:4:1:,recombination,4021.2136547466844,4:3:4:4:4:1:2:3:4,4:3:4:4:4:2:2:4:4
4:2:4:4:3:3:4:4:3:,recombination,3579.480666728532,4:3:4:4:4:0:1:2:4,4:2:4:4:4:3:4:4:4
2:2:4:4:3:4:4:4:2:,clone,4509.9815079371065,2:2:4:4:3:4:4:4:2
3:2:4:4:3:4:4:4:2:,recombination,3706.5264183012177,3:2:4:4:3:4:4:4:2,2:1:4:4:4:4:4:4:2,MUTATE
3:1:4:3:1:4:4:4:1:,recombination,4176.833115247948,4:2:4:4:4:4:4:4:3,4:2:4:4:4:3:4:4:4,MUTATE
4:4:4:4:4:0:0:3:4:,clone,3272.247260330869,4:4:4:4:4:0:0:3:4
3:2:4:4:4:4:4:4:2:,recombination,4941.23813721478,4:3:4:4:4:2:3:4:4,2:2:4:4:3:4:4:4:2,MUTATE
2:1:4:4:2:4:4:4:1:,clone,4296.008006157803,2:1:4:4:2:4:4:4:1
2:1:4:4:3:4:4:4:1:,clone,3706.5264183012177,3:2:4:4:3:4:4:4:2
2:1:4:3:1:4:4:4:1:,recombination,3981.665779218226,2:1:4:4:4:4:4:4:2,4:2:4:4:3:3:4:4:3,MUTATE
3:2:4:3:2:3:4:4:2:,recombination,3559.2505330484705,4:2:4:4:3:3:4:4:3,3:2:4:3:1:4:4:4:2,MUTATE
2:1:4:2:0:4:4:4:1:,recombination,4176.833115247948,3:2:4:4:2:4:4:4:2,4:2:4:4:4:3:4:4:4
3:1:4:4:2:4:4:4:2:,recombination,3697.5520802254932,4:4:3:4:4:1:2:4:4,2:1:4:3:1:4:4:4:1,MUTATE
2:1:4:2:0:4:4:4:0:,clone,4176.833115247948,2:1:4:2:0:4:4:4:0
2:1:4:4:2:4:4:4:1:,clone,3889.28018117961,2:1:4:4:2:4:4:4:1
2:1:4:3:2:4:4:4:1:,recombination,4044.0913625027283,3:2:4:4:4:3:4:4:2,4:2:4:4:4:3:4:4:4
2:1:4:3:1:4:4:4:1:,recombination,3934.128366850845,2:1:4:4:2:4:4:4:1,4:3:4:4:4:2:3:4:4
4:2:4:4:4:2:3:4:3:,recombination,4700.303424343414,2:1:4:3:0:4:4:4:1,4:3:4:4:4:1:3:4:4,MUTATE
3:1:4:3:1:3:4:4:2:,recombination,3732.8145160048407,4:2:4:4:3:3:4:4:3,4:3:4:4:4:2:2:4:4
2:1:4:2:0:4:4:4:0:,clone,4136.185337027979,2:1:4:2:0:4:4:4:0
2:1:4:2:0:4:4:4:1:,recombination,4079.2738027213522,3:2:4:3:1:4:4:4:2,3:2:4:4:2:4:4:4:2,MUTATE
2:1:4:4:1:4:4:4:1:,recombination,4828.412838568088,4:3:4:4:4:3:3:4:4,3:2:4:4:4:3:3:4:3
3:2:4:4:4:4:4:4:2:,recombination,4137.014918586348,3:1:4:4:3:4:4:4:2,4:3:4:4:4:3:3:4:4
2:1:4:4:1:4:4:4:1:,recombination,4738.39621905146,4:3:4:4:4:2:1:4:4,4:2:4:4:4:3:4:4:4,MUTATE
1:1:4:2:0:4:4:4:0:,clone,4581.632311439859,2:1:4:2:0:4:4:4:0
3:2:4:4:3:3:4:4:2:,recombination,4610.448383319139,4:3:4:4:4:1:3:4:4,4:2:4:4:4:3:4:4:4
2:1:4:2:0:4:4:4:1:,clone,3961.0932828190307,2:1:4:2:0:4:4:4:1
2:1:4:3:1:4:4:4:1:,clone,3726.748679038728,2:1:4:3:1:4:4:4:1
2:1:4:2:0:4:4:4:1:,recombination,3795.297397394633,4:3:4:4:4:2:2:4:4,4:2:4:4:4:3:4:4:4,MUTATE
3:2:4:4:4:4:4:4:2:,recombination,3944.979444865887,2:1:4:3:1:4:4:4:1,4:3:4:4:4:1:3:3:4,MUTATE
2:2:4:4:4:4:4:4:2:,clone,6371.525231346667,2:1:4:4:4:4:4:4:2
3:2:4:4:3:4:4:4:3:,recombination,4511.849417862923,3:2:4:4:4:4:4:4:3,4:2:4:4:4:2:4:4:4,MUTATE
2:1:4:3:0:4:4:4:1:,clone,4266.671215677484,2:1:4:2:0:4:4:4:1
2:1:4:3:0:4:4:4:1:,clone,4264.17051517322,2:1:4:3:0:4:4:4:1
2:1:4:3:0:4:4:4:1:,clone,4235.888202966138,2:1:4:3:0:4:4:4:1
2:2:4:4:2:4:4:4:1:,recombination,4855.116253197292,4:4:4:4:4:1:1:4:4,4:2:4:4:4:2:3:4:3,MUTATE
2:1:4:4:1:4:4:4:1:,recombination,4711.955397938718,2:2:4:4:3:4:4:4:2,4:4:4:4:4:2:3:4:4
2:1:4:4:1:4:4:4:1:,clone,4657.946529686989,2:1:4:4:1:4:4:4:1
4:4:4:4:4:1:2:3:4:,recombination,3433.7051287890913,4:4:4:4:4:1:1:3:4,4:2:4:4:4:1:2:4:4
2:2:4:4:3:4:4:4:2:,clone,4505.621414504074,2:2:4:4:3:4:4:4:2
4:2:4:4:2:4:4:4:3:,recombination,3829.272539980383,4:3:3:4:4:2:2:4:4,4:3:4:4:4:2:2:4:4,MUTATE
3:1:4:3:2:4:4:4:2:,recombination,4106.393993702978,4:4:4:4:4:2:3:4:4,3:2:4:3:1:4:4:4:2
3:2:4:4:4:4:4:4:2:,clone,3943.209183400754,3:2:4:4:4:4:4:4:2
3:1:4:3:1:4:4:4:1:,recombination,3739.6311356797933,2:1:4:3:1:4:4:4:1,4:4:3:4:4:2:2:4:4,MUTATE
2:1:4:3:1:4:4:4:1:,clone,3646.6660681441663,2:1:4:2:0:4:4:4:1
4:2:4:4:2:3:4:4:3:,recombination,4368.805907797953,4:2:4:4:4:2:4:4:4,4:2:4:4:4:3:4:4:4
3:1:4:2:0:4:4:4:1:,clone,3695.6503394366655,3:1:4:3:1:4:4:4:1
2:1:4:3:1:4:4:4:1:,clone,3606.999165787615,2:1:4:3:1:4:4:4:1
1:1:4:3:0:4:4:4:0:,recombination,4672.050160030986,4:2:4:4:4:3:3:4:4,3:2:4:4:4:3:3:4:3,MUTATE
3:1:4:3:2:4:4:4:2:,recombination,3725.4808543734966,4:3:3:4:4:2:2:4:4,2:1:4:3:1:4:4:4:1,MUTATE
3:2:4:4:3:3:4:4:3:,recombination,4282.882204257836,4:2:4:4:4:2:4:4:4,2:1:4:4:1:4:4:4:1
2:2:4:3:1:4:4:4:1:,clone,4128.9473176468555,2:2:4:3:1:4:4:4:1
1:1:4:3:1:4:4:4:0:,clone,4727.0975948506,1:1:4:3:1:4:4:4:0
2:2:4:4:4:3:4:4:2:,recombination,5202.252908885942,2:2:4:4:4:4:4:4:2,4:3:4:4:4:1:2:4:4
1:1:4:2:0:4:4:4:0:,recombination,4400.466251124455,3:2:4:4:4:3:3:4:2,3:2:4:4:4:3:3:4:3,MUTATE
1:1:4:3:1:4:4:4:0:,clone,4716.474559026543,1:1:4:3:1:4:4:4:0
2:1:4:3:1:4:4:4:0:,clone,4690.928713261769,2:1:4:3:1:4:4:4:0
4:2:4:4:4:2:3:4:4:,recombination,3353.255812149278,4:4:3:4:4:2:2:4:4,4:3:4:4:4:2:3:3:4
1:1:4:3:1:4:4:4:0:,clone,4667.248970084637,2:1:4:3:1:4:4:4:0
4:4:4:4:4:0:1:1:4:,clone,3697.1357616491364,4:4:4:4:4:0:1:1:4
1:1:4:3:1:4:4:4:0:,clone,4445.242095091547,2:1:4:4:2:4:4:4:1
4:4:4:4:4:1:2:2:4:,clone,3887.1730318437258,4:4:4:4:4:1:2:2:4
3:2:4:4:2:3:4:4:2:,recombination,4006.787088902492,4:4:3:4:4:2:2:4:4,4:2:4:4:3:3:4:4:3
2:1:4:3:0:4:4:4:0:,recombination,4492.7820859674475,2:1:4:4:1:4:4:4:1,3:2:4:4:3:4:4:4:3,MUTATE
1:1:4:4:1:4:4:4:0:,recombination,4878.458721426194,4:3:4:4:4:1:1:4:4,4:3:4:4:4:2:3:4:4
4:2:4:4:3:3:4:4:4:,clone,3929.128234002413,4:2:4:4:3:3:4:4:4
3:2:4:4:2:4:4:4:2:,recombination,4037.042848009192,4:3:3:4:4:2:2:4:4,4:3:4:4:4:2:2:4:4
4:2:4:4:4:2:3:4:3:,recombination,3659.809482983149,3:2:4:4:4:3:4:4:3,4:2:4:4:4:2:3:4:4
1:1:4:3:1:4:4:4:0:,clone,4443.029863277879,1:1:4:3:1:4:4:4:0
2:2:4:4:3:4:4:4:2:,clone,4396.482439390761,2:2:4:4:3:4:4:4:2
2:2:4:4:4:3:4:4:2:,recombination,4834.136938986895,4:2:4:4:4:3:3:4:3,2:2:4:4:4:3:4:4:2,MUTATE
3:2:4:4:1:4:4:4:2:,recombination,4665.312325194104,2:1:4:2:0:4:4:4:1,4:2:4:4:4:3:3:4:4,MUTATE
1:1:4:4:2:4:4:4:0:,recombination,4824.408361970926,2:1:4:3:1:4:4:4:0,4:2:4:4:2:4:4:4:3,MUTATE
1:1:4:3:0:4:4:4:0:,clone,4445.109686435869,1:1:4:3:0:4:4:4:0
2:2:4:4:4:4:4:4:2:,clone,6292.9501881564765,2:2:4:4:4:4:4:4:2
3:2:4:4:4:3:4:4:3:,recombination,4193.978347364793,3:2:4:4:1:4:4:4:2,4:2:4:4:4:2:3:4:3
2:1:4:4:4:3:4:4:2:,recombination,4670.726203341886,4:2:4:4:4:2:2:3:4,4:4:3:4:4:2:2:4:4,MUTATE
4:4:4:4:4:1:1:1:4:,clone,3737.9289285693576,4:4:4:4:4:0:1:1:4
4:4:4:4:4:0:1:1:4:,recombination,3693.05183191243,4:4:4:4:4:0:0:0:4,4:4:4:4:4:0:0:0:4
1:1:4:2:0:4:4:4:0:,clone,4316.091317250627,1:1:4:2:0:4:4:4:0
1:1:4:2:0:4:4:4:0:,clone,4117.083052282956,1:1:4:2:0:4:4:4:0
4:2:4:4:4:4:4:4:4:,recombination,3819.009698975628,4:4:2:4:4:1:1:4:4,2:1:4:4:2:4:4:4:1
3:1:4:4:2:3:4:4:2:,recombination,4744.636135786331,4:3:4:4:4:1:3:2:4,2:2:4:4:2:3:4:4:2,MUTATE
3:1:4:4:2:3:4:4:2:,recombination,4321.589631734939,4:2:4:4:3:3:4:4:3,4:4:3:4:4:1:1:4:4,MUTATE
3:2:4:4:3:3:4:4:2:,clone,4249.069550998422,3:2:4:4:2:3:4:4:2
4:2:4:4:4:4:4:4:4:,clone,3638.156336443837,4:2:4:4:4:4:4:4:4
2:1:4:3:1:4:4:4:0:,clone,4319.0011296767325,2:1:4:3:1:4:4:4:0
3:1:4:4:1:4:4:4:2:,clone,4531.998240313054,3:2:4:4:2:4:4:4:2
4:2:4:4:2:3:4:4:3:,clone,4051.6604177493123,4:2:4:4:2:3:4:4:3
4:4:4:4:4:1:1:1:4:,clone,3693.05183191243,4:4:4:4:4:0:1:1:4
2:1:4:2:0:4:4:4:0:,recombination,4069.509816483467,3:2:4:4:4:3:4:4:2,2:1:4:3:1:4:4:4:1
1:1:4:3:1:4:4:4:0:,recombination,4255.880283549239,4:4:4:4:4:1:1:4:4,3:1:4:4:4:3:3:4:2,MUTATE
2:1:4:2:1:4:4:4:1:,clone,3725.300802152912,2:1:4:3:1:4:4:4:1
2:2:4:4:2:4:4:4:2:,recombination,5148.135024370283,4:3:4:4:4:3:3:4:4,3:2:4:4:4:3:4:4:3
3:2:4:4:3:3:4:4:3:,recombination,4042.4365275784667,2:1:4:4:4:4:4:4:1,4:2:4:4:4:2:3:4:3
3:2:4:4:3:3:4:4:2:,recombination,4183.474179874671,4:2:4:4:4:2:2:4:4,2:1:4:4:3:4:4:4:1,MUTATE
2:1:4:3:1:4:4:4:0:,recombination,4241.84903895085,3:2:4:4:3:4:4:4:2,4:2:4:4:4:3:4:4:4,MUTATE
3:2:4:4:2:4:4:4:2:,recombination,3955.785130679984,3:2:4:4:4:4:4:4:2,4:2:4:4:2:3:4:4:3
4:4:4:4:4:1:2:2:4:,clone,3594.53106789044,4:4:4:4:4:1:1:3:4
2:1:4:3:1:4:4:4:0:,recombination,4229.11476531991,3:2:4:4:4:3:4:4:2,4:2:4:4:4:3:4:4:4,MUTATE
3:2:4:3:1:3:4:4:2:,recombination,4222.678564500055,2:1:4:4:4:4:4:4:2,4:2:4:4:4:2:4:4:4
2:2:4:4:2:4:4:4:1:,clone,4417.432459445079,2:1:4:4:2:4:4:4:1
1:1:4:2:0:4:4:4:0:,clone,4028.29404667549,1:1:4:2:0:4:4:4:0
2:1:4:3:2:4:4:4:1:,recombination,3894.808080053337,3:1:4:3:1:3:4:4:2,4:2:4:4:4:4:4:4:4,MUTATE
3:1:4:3:1:4:4:4:2:,recombination,3730.583173328514,4:4:4:4:4:1:1:4:4,3:2:4:4:2:4:4:4:2
2:1:4:3:2:4:4:4:1:,clone,3874.433905283823,2:1:4:3:2:4:4:4:1
1:1:4:2:0:4:4:4:0:,recombination,3967.0427862957627,4:2:4:4:4:3:3:4:3,2:1:4:3:1:4:4:4:1,MUTATE
2:2:4:4:4:4:4:4:2:,clone,6267.669102795578,2:2:4:4:4:4:4:4:2
4:3:4:4:4:2:3:2:4:,clone,4672.080300167876,4:3:4:4:4:1:2:2:4
1:1:4:3:1:4:4:4:0:,clone,4120.8571074270085,1:1:4:3:1:4:4:4:0
3:2:4:4:1:3:4:4:2:,recombination,4323.410342932492,3:2:4:3:1:3:4:4:2,1:1:4:2:0:4:4:4:0,MUTATE
4:2:4:4:4:4:3:4:4:,recombination,3896.972333773135,4:2:4:4:4:3:3:4:3,4:4:2:4:4:1:1:4:4
1:1:4:2:0:4:4:4:0:,recombination,3861.8399553461395,1:1:4:2:0:4:4:4:0,3:2:4:3:1:4:4:4:2
1:1:4:1:0:4:4:4:0:,clone,3796.4829586843643,1:1:4:1:0:4:4:4:0
1:1:4:1:0:4:4:4:0:,clone,3773.1924482372406,1:1:4:2:0:4:4:4:0
3:2:4:4:4:2:3:4:3:,recombination,4171.8071364485595,4:2:4:4:4:1:3:4:4,3:2:4:4:4:4:4:4:3
3:1:4:3:1:3:4:4:2:,recombination,3730.623843385182,4:3:4:4:4:0:1:2:4,2:1:4:4:4:4:4:4:1,MUTATE
1:1:4:2:0:4:4:4:0:,recombination,3800.4328116469105,4:4:4:4:4:2:1:4:4,3:2:4:4:4:3:3:4:2
3:2:4:4:2:3:4:4:3:,clone,4229.787471973112,3:2:4:4:3:3:4:4:3
1:1:4:1:0:4:4:4:0:,recombination,3597.614079329734,2:1:4:2:0:4:4:4:0,1:1:4:2:0:4:4:4:0,MUTATE
3:2:4:4:3:3:4:4:2:,recombination,4062.551050305897,3:2:4:4:4:2:3:4:3,4:3:4:4:4:3:2:4:4,MUTATE
4:2:4:4:4:2:4:4:4:,clone,4037.469066844613,4:2:4:4:4:2:3:4:4
2:1:4:2:0:4:4:4:0:,recombination,3969.1359948284075,4:2:4:4:2:4:4:4:3,3:2:4:4:4:3:3:4:3,MUTATE
2:1:4:2:0:4:4:4:0:,clone,3809.59303318779,2:1:4:2:0:4:4:4:0
3:2:4:4:4:2:3:4:3:,recombination,4138.207440613306,4:2:4:4:4:3:3:4:3,3:2:4:4:4:2:3:4:3,MUTATE
4:2:4:4:4:4:3:4:4:,recombination,3862.2394560579382,1:1:4:3:0:4:4:4:0,4:4:2:4:4:1:1:4:4
2:1:4:4:4:3:4:4:2:,clone,4435.170290960895,2:1:4:4:4:3:4:4:2
2:1:4:4:1:4:4:4:1:,recombination,4651.631474636119,4:2:4:4:4:3:4:4:4,4:4:3:4:4:1:2:4:4
3:1:4:4:3:3:4:4:2:,recombination,4782.355857975217,3:1:4:4:2:3:4:4:2,2:2:4:4:4:3:4:4:2,MUTATE
2:2:4:4:1:4:4:4:1:,recombination,4964.368757451112,4:3:4:4:4:2:1:4:4,4:3:4:4:4:2:3:4:4,MUTATE
3:2:4:4:3:3:4:4:2:,clone,4023.8724538605384,3:2:4:4:3:3:4:4:2
3:2:4:4:4:3:4:4:3:,recombination,3980.982363259971,3:2:4:4:4:4:4:4:2,4:4:4:4:4:1:1:2:4,MUTATE
3:2:4:4:4:2:3:4:2:,clone,4138.207440613306,3:2:4:4:4:2:3:4:3
2:2:4:4:2:3:4:4:1:,recombination,4889.980027792091,3:2:4:4:4:2:3:4:3,4:2:4:4:4:3:4:4:4
2:2:4:4:1:4:4:4:1:,clone,4782.445639438914,2:2:4:4:1:4:4:4:1
3:1:4:4:3:3:4:4:2:,recombination,4247.054259504458,4:2:4:4:4:2:3:4:4,4:3:4:4:4:2:2:4:4,MUTATE
3:2:4:4:3:3:4:4:2:,clone,3934.3564810525004,3:2:4:4:3:3:4:4:2
3:2:4:4:2:3:4:4:3:,clone,4217.715302935794,3:2:4:4:2:3:4:4:3
2:2:4:4:3:3:4:4:2:,recombination,4456.252673859339,2:2:4:4:2:3:4:4:1,2:1:4:3:2:4:4:4:1,MUTATE
2:2:4:4:2:4:4:4:2:,clone,4986.066915540249,2:2:4:4:2:4:4:4:2
2:2:4:4:3:4:4:4:2:,clone,4383.686182000332,2:2:4:4:3:4:4:4:2
2:1:4:4:3:3:4:4:1:,clone,4370.613511014661,2:1:4:4:3:3:4:4:1
3:2:4:4:3:4:4:4:2:,recombination,3642.663624745496,4:2:4:4:4:4:4:4:4,3:1:4:3:1:4:4:4:2,MUTATE
3:2:4:4:1:4:4:4:2:,recombination,4609.756795743232,2:2:4:4:2:4:4:4:2,4:4:4:4:4:2:2:4:4
2:2:4:4:2:4:4:4:1:,clone,4048.2209788478294,2:1:4:4:2:4:4:4:1
3:1:4:4:3:4:4:4:2:,clone,3540.18501615807,3:1:4:4:3:4:4:4:2
2:1:4:4:1:4:4:4:1:,recombination,4633.37919438608,3:2:4:4:4:3:4:4:3,4:3:4:4:4:2:3:4:4,MUTATE
2:1:4:4:2:3:4:4:1:,recombination,4245.616875029877,3:2:4:4:4:2:3:4:3,2:1:4:4:2:4:4:4:1
2:1:4:4:1:4:4:4:1:,recombination,4610.669439282837,4:4:3:4:4:2:2:4:4,3:1:4:4:4:3:3:4:2,MUTATE
3:1:4:4:1:3:4:4:2:,clone,4398.260834015663,3:1:4:4:1:3:4:4:2
3:2:4:4:3:3:4:4:2:,recombination,3846.588284064738,2:1:4:2:0:4:4:4:0,2:2:4:4:3:3:4:4:2,MUTATE
2:1:4:4:1:4:4:4:1:,recombination,4449.652662476622,4:3:3:4:4:2:2:4:4,3:2:4:4:3:4:4:4:3
3:1:4:3:1:4:4:4:2:,recombination,3283.6969514290154,4:4:3:4:4:2:2:4:4,4:4:3:4:4:1:1:4:4,MUTATE
3:1:4:4:2:3:4:4:2:,recombination,3893.330027328264,2:1:4:3:1:4:4:4:0,3:2:4:4:3:3:4:4:2
3:1:4:3:1:4:4:4:1:,clone,3411.8965662360706,3:1:4:3:1:4:4:4:2
3:2:4:4:4:2:3:4:3:,recombination,3956.3376250571905,3:2:4:4:4:2:3:4:2,4:2:4:4:4:2:3:4:4
3:1:4:4:2:4:4:4:2:,recombination,3273.096094714828,4:4:2:4:4:1:1:4:4,2:2:4:4:2:4:4:4:1
3:1:4:3:2:4:4:4:1:,clone,3398.3066902725527,3:1:4:3:2:4:4:4:1
4:2:4:4:4:3:4:4:3:,recombination,3705.3718279229543,4:3:4:4:4:2:3:4:4,4:2:4:4:4:2:4:4:4
3:1:4:2:1:4:4:4:1:,clone,3283.6969514290154,3:1:4:2:1:4:4:4:1
4:2:4:4:3:3:4:4:3:,recombination,3523.866510202075,4:2:4:4:4:4:4:4:4,3:2:4:4:4:3:3:4:3
3:1:4:3:1:4:4:4:1:,clone,3264.485266985574,3:1:4:3:1:4:4:4:1
2:1:4:3:1:4:4:4:1:,clone,3407.7371147306294,2:1:4:3:1:4:4:4:1
3:1:4:3:2:4:4:4:2:,recombination,3540.8771645171937,4:2:4:4:4:2:4:4:4,2:2:4:4:2:4:4:4:1,MUTATE
2:2:4:4:3:3:4:4:2:,clone,4372.3816899524545,2:2:4:4:3:3:4:4:2
2:1:4:2:1:4:4:4:1:,recombination,3568.461668111687,3:2:4:4:3:4:4:4:2,3:2:4:4:2:4:4:4:2,MUTATE
2:1:4:2:0:4:4:4:1:,clone,3264.485266985574,2:1:4:2:0:4:4:4:1
2:2:4:4:3:3:4:4:2:,recombination,4175.644303184301,4:2:4:4:4:3:3:4:3,3:2:4:4:4:2:3:4:3
3:2:4:4:2:3:4:4:2:,recombination,3935.1891417417537,2:2:4:4:4:3:4:4:2,3:2:4:4:3:3:4:4:3
4:2:4:4:3:3:4:4:3:,clone,3416.559223374873,4:2:4:4:3:3:4:4:3
2:1:4:3:2:4:4:4:1:,recombination,3847.179342036212,4:2:4:4:4:3:3:4:4,2:1:4:3:2:4:4:4:1,MUTATE
2:1:4:2:0:4:4:4:0:,recombination,3760.7857037176746,4:2:4:4:4:3:3:4:3,3:1:4:4:3:4:4:4:2,MUTATE
2:1:4:3:1:4:4:4:1:,recombination,3314.0402277864096,4:3:4:4:4:1:2:2:4,4:3:3:4:4:2:2:4:4,MUTATE
2:1:4:3:1:4:4:4:0:,recombination,3987.886127086526,2:1:4:4:1:4:4:4:1,3:2:4:4:4:4:4:4:3
1:1:4:4:2:4:4:4:0:,recombination,4257.222176395555,2:1:4:4:2:4:4:4:1,2:1:4:3:2:4:4:4:1
4:2:4:4:2:3:4:4:3:,clone,3506.6755538196708,4:2:4:4:2:3:4:4:3
3:2:4:4:2:3:4:4:2:,recombination,3898.1531425497833,4:3:3:4:4:2:2:4:4,3:2:4:4:2:3:4:4:2,MUTATE
3:1:4:4:1:4:4:4:2:,clone,4426.905698389509,3:1:4:3:1:4:4:4:2
3:2:4:4:4:4:4:4:3:,clone,4325.953629270055,4:2:4:4:4:3:4:4:3
2:1:4:2:0:4:4:4:0:,recombination,3735.2269633079536,4:3:4:4:4:1:2:4:4,2:1:4:2:0:4:4:4:0
2:1:4:2:0:4:4:4:0:,clone,3655.4108417695784,2:1:4:2:0:4:4:4:0
4:2:4:4:3:3:4:4:3:,recombination,3348.952476999834,3:2:4:3:1:4:4:4:2,4:2:4:4:4:2:3:4:4
3:2:4:3:1:4:4:4:2:,recombination,3825.0531951039916,4:2:4:4:3:3:4:4:4,4:2:4:4:4:2:4:4:4
1:1:4:2:0:4:4:4:0:,recombination,3530.344955958822,4:4:2:4:4:1:1:4:4,1:1:4:2:0:4:4:4:0,MUTATE
3:2:4:4:4:4:4:4:3:,clone,4179.0083782947495,3:2:4:4:4:4:4:4:3
1:1:4:3:0:4:4:4:0:,recombination,4403.244927373773,2:2:4:4:2:4:4:4:2,3:2:4:4:4:3:4:4:3,MUTATE
4:2:4:4:2:4:4:4:3:,recombination,3808.869473800162,4:4:4:4:4:2:2:4:4,3:2:4:4:2:4:4:4:2,MUTATE
1:1:4:3:1:4:4:4:0:,clone,4117.244408921977,1:1:4:3:1:4:4:4:0
2:1:4:2:0:4:4:4:0:,clone,3532.08327962102,1:1:4:2:0:4:4:4:0
3:2:4:4:2:4:4:4:2:,recombination,3649.7435974759824,1:1:4:2:0:4:4:4:0,4:2:4:4:2:3:4:4:3,MUTATE
3:2:4:4:4:3:3:4:3:,recombination,3574.4564008294838,2:1:4:4:3:4:4:4:1,3:2:4:4:4:2:3:4:3,MUTATE
2:1:4:3:0:4:4:4:0:,recombination,4437.542312302974,4:2:4:4:4:3:3:4:4,2:1:4:4:1:4:4:4:1,MUTATE
4:2:4:4:3:3:4:4:3:,clone,3196.5699436480863,4:2:4:4:2:3:4:4:3
4:2:4:4:3:3:4:4:4:,recombination,3746.0369761158113,2:1:4:4:4:3:4:4:2,4:2:4:4:4:2:3:4:3,MUTATE
2:1:4:2:0:4:4:4:0:,clone,3421.1538691497876,2:1:4:2:0:4:4:4:0
2:1:4:4:2:4:4:4:1:,recombination,3732.3413609920804,3:2:4:4:4:3:3:4:3,3:1:4:4:2:4:4:4:2,MUTATE
2:1:4:3:2:4:4:4:1:,recombination,3672.644111148647,2:1:4:3:1:4:4:4:0,4:2:4:4:3:3:4:4:3,MUTATE
4:2:4:4:2:3:4:4:3:,recombination,3388.5047005472293,3:2:4:4:3:3:4:4:3,2:1:4:4:2:4:4:4:1
2:1:4:4:2:4:4:4:1:,recombination,3669.290949966304,3:2:4:4:4:3:3:4:3,2:1:4:3:1:4:4:4:1
3:1:4:4:1:4:4:4:2:,recombination,4358.471513644639,4:2:4:4:4:3:4:4:4,3:2:4:4:2:4:4:4:2,MUTATE
1:1:4:3:0:4:4:4:0:,clone,4174.460390514881,1:1:4:3:0:4:4:4:0
4:2:4:3:2:3:4:4:3:,clone,3457.5974813571524,4:2:4:3:2:3:4:4:3
2:1:4:3:1:4:4:4:0:,recombination,3896.2174498713102,4:3:3:4:4:2:2:4:4,3:2:4:4:2:4:4:4:2,MUTATE
1:1:4:3:1:4:4:4:0:,clone,3916.278789432694,1:1:4:3:1:4:4:4:0
4:2:4:4:2:4:4:4:3:,recombination,3704.6385761051397,4:2:4:3:2:3:4:4:3,3:2:4:4:2:4:4:4:2,MUTATE
3:2:4:4:2:3:4:4:2:,recombination,3891.6837974314253,4:2:4:4:4:2:4:4:4,1:1:4:3:1:4:4:4:0,MUTATE
4:2:4:4:2:3:4:4:3:,clone,3269.212299425677,4:2:4:4:2:3:4:4:3
2:1:4:4:1:4:4:4:1:,recombination,4422.888919867084,2:2:4:4:2:4:4:4:2,3:2:4:4:2:3:4:4:2,MUTATE
2:1:4:4:1:4:4:4:1:,recombination,4303.139554987979,4:2:4:4:4:3:3:4:3,2:1:4:4:1:4:4:4:1
4:2:4:4:4:4:3:4:4:,recombination,3522.7402455870906,4:2:4:4:4:2:3:4:4,4:4:3:4:4:3:2:4:4
1:1:4:3:0:4:4:4:0:,clone,4156.607050352123,1:1:4:3:0:4:4:4:0
1:1:4:3:1:4:4:4:0:,clone,3855.1392712429406,1:1:4:3:1:4:4:4:0
2:1:4:3:0:4:4:4:0:,recombination,4293.082413880253,3:2:4:4:1:4:4:4:2,3:1:4:4:2:4:4:4:2,MUTATE
4:2:4:4:2:3:4:4:3:,recombination,3239.9917736362427,4:2:4:4:4:2:4:4:4,4:2:4:4:3:3:4:4:3
4:2:4:4:2:3:4:4:3:,clone,3112.5032774338765,4:2:4:4:2:3:4:4:3
4:2:4:4:4:4:3:4:3:,recombination,4118.07538476627,4:4:2:4:4:1:1:4:4,2:1:4:4:4:4:4:4:2
4:2:4:3:2:3:4:4:3:,clone,3338.3050802356006,4:2:4:3:2:3:4:4:3
3:2:4:4:2:3:4:4:2:,recombination,3819.0053337828085,4:4:3:4:4:1:1:4:4,3:2:4:4:2:3:4:4:2,MUTATE
4:2:4:3:2:3:4:4:3:,clone,3112.5032774338765,4:2:4:4:2:3:4:4:3
3:2:4:4:1:3:4:4:2:,clone,4297.1329420287475,3:2:4:4:1:3:4:4:2
2:2:4:4:3:3:4:4:1:,recombination,4390.721082047098,2:1:4:3:1:4:4:4:1,2:1:4:4:2:4:4:4:1,MUTATE
2:1:4:4:2:3:4:4:1:,clone,3874.832010500115,2:1:4:4:2:3:4:4:1
3:2:4:4:3:3:4:4:2:,clone,3693.064464330377,3:2:4:4:3:3:4:4:2
4:2:4:4:4:4:4:4:4:,recombination,3620.332905367041,4:2:4:4:4:4:3:4:4,4:2:4:4:4:3:3:4:4
2:1:4:3:2:4:4:4:0:,clone,3882.1035372792962,2:1:4:3:2:4:4:4:0
3:2:4:4:2:3:4:4:3:,clone,3751.282243528086,3:2:4:4:2:3:4:4:3
2:1:4:4:2:3:4:4:1:,recombination,3789.5349560929135,2:1:4:4:2:4:4:4:1,2:1:4:3:1:4:4:4:1,MUTATE
3:2:4:4:1:4:4:4:2:,recombination,4396.976954591171,4:3:4:4:4:3:2:4:4,3:1:4:4:1:4:4:4:2
3:2:4:3:1:3:4:4:2:,clone,3994.542439736835,3:2:4:3:1:4:4:4:2
4:2:4:4:4:3:4:4:3:,clone,3524.305079280418,4:2:4:4:3:3:4:4:3
1:1:4:4:2:4:4:4:0:,clone,4193.433746602693,1:1:4:4:2:4:4:4:0
3:2:4:4:3:3:4:4:3:,clone,4032.5467772369702,3:2:4:4:3:3:4:4:3
3:2:4:3:2:4:4:4:2:,recombination,3675.8402333833546,2:1:4:2:0:4:4:4:1,4:4:4:4:4:1:1:3:4,MUTATE
3:2:4:4:3:3:4:4:2:,clone,3581.3212334293507,3:2:4:4:3:3:4:4:2
3:2:4:3:2:3:4:4:2:,recombination,3546.400516345598,4:2:4:4:2:3:4:4:3,1:1:4:3:0:4:4:4:0
3:2:4:4:3:3:4:4:3:,clone,3867.3110555784688,3:2:4:4:3:3:4:4:3
4:2:4:4:3:4:4:4:3:,clone,3539.650512076127,4:2:4:4:3:4:4:4:3
2:1:4:4:4:3:4:4:2:,recombination,4264.321135938676,2:1:4:4:4:3:4:4:2,4:2:4:4:2:4:4:4:3
3:2:4:4:2:3:4:4:2:,recombination,3618.2600359145968,3:1:4:3:2:4:4:4:2,3:2:4:4:3:3:4:4:3,MUTATE
2:1:4:4:4:3:4:4:2:,recombination,3868.599438459881,2:1:4:4:4:3:4:4:2,4:2:4:4:2:3:4:4:3,MUTATE
2:1:4:4:1:4:4:4:1:,clone,4290.790675737859,2:1:4:4:1:4:4:4:1
3:2:4:4:4:4:4:4:2:,clone,3908.2663125498825,3:2:4:4:4:4:4:4:2
2:1:4:4:2:4:4:4:0:,recombination,4244.6043897387935,2:1:4:3:2:4:4:4:1,1:1:4:4:2:4:4:4:0
2:1:4:4:3:3:4:4:1:,recombination,4222.588451585347,3:2:4:4:4:2:3:4:3,2:1:4:3:2:4:4:4:1,MUTATE
3:1:4:4:3:3:4:4:2:,recombination,4072.824564992058,3:2:4:4:4:2:3:4:3,1:1:4:3:1:4:4:4:0,MUTATE
3:2:4:4:4:4:3:4:3:,recombination,4085.2064730217553,3:1:4:4:3:4:4:4:2,4:4:4:4:4:0:0:2:4,MUTATE
4:2:4:4:4:4:3:4:3:,clone,3785.9764996402096,3:2:4:4:4:4:4:4:2
2:1:4:3:2:4:4:4:1:,clone,3547.3143537055153,2:1:4:3:2:4:4:4:1
3:1:4:4:2:3:4:4:2:,clone,3882.4390845900184,3:2:4:3:2:3:4:4:2
2:2:4:4:1:4:4:4:1:,recombination,4769.499315574178,3:2:4:4:2:3:4:4:3,2:1:4:4:2:4:4:4:1
4:2:4:4:4:4:4:4:4:,clone,3620.3329053670404,4:2:4:4:4:4:4:4:4
3:1:4:3:2:3:4:4:2:,recombination,3618.459479207761,3:2:4:4:3:3:4:4:2,4:4:2:4:4:2:1:4:4,MUTATE
3:1:4:4:4:2:3:4:2:,clone,3725.3964201926283,3:1:4:4:4:3:4:4:2
2:2:4:4:3:4:4:4:1:,recombination,4363.59295519092,3:1:4:3:1:4:4:4:1,3:2:4:4:4:4:4:4:2,MUTATE
2:1:4:3:1:3:4:4:1:,clone,3968.0255746908533,3:2:4:3:2:3:4:4:2
4:2:4:4:2:4:4:4:3:,recombination,3647.482157038782,3:2:4:4:3:3:4:4:3,4:2:4:4:4:4:3:4:4
2:1:4:4:2:4:4:4:1:,recombination,3544.7578184125896,4:3:4:4:4:3:4:4:4,3:2:4:4:2:3:4:4:3
2:2:4:4:1:4:4:4:1:,recombination,4758.619945628855,2:2:4:4:1:4:4:4:1,2:2:4:4:1:4:4:4:1
4:2:4:4:2:4:4:4:3:,clone,3517.4272497814045,4:2:4:4:2:4:4:4:3
3:1:4:4:3:3:4:4:2:,clone,3693.096082318772,3:1:4:4:3:3:4:4:2
4:2:4:4:2:4:4:4:3:,clone,3517.427249781404,4:2:4:4:2:4:4:4:3
3:2:4:3:1:4:4:4:2:,clone,3815.556959591429,3:2:4:3:1:4:4:4:2
3:1:4:4:4:3:4:4:2:,clone,3665.780647088755,3:1:4:4:4:3:4:4:2
4:2:4:4:3:4:4:4:4:,clone,3490.277998109663,4:2:4:4:2:4:4:4:3
2:2:4:4:1:4:4:4:1:,recombination,4735.048361346679,2:1:4:3:1:3:4:4:1,2:2:4:4:1:4:4:4:1,MUTATE
4:2:4:4:3:4:4:4:4:,recombination,3490.2779981096623,3:2:4:4:4:3:4:4:3,4:2:4:4:4:4:4:4:4,MUTATE
4:2:4:4:3:4:4:4:3:,recombination,3397.840522178529,2:1:4:4:1:4:4:4:1,4:2:4:4:4:4:4:4:4,MUTATE
3:2:4:4:3:3:4:4:2:,recombination,3457.9133069937084,3:2:4:4:4:3:3:4:3,4:2:4:4:4:1:3:4:4
2:1:4:4:3:4:4:4:1:,recombination,3699.6118386365724,4:3:4:4:4:1:3:4:4,3:2:4:4:2:3:4:4:3
2:1:4:4:2:4:4:4:1:,clone,3540.9990352860154,2:1:4:4:2:4:4:4:1
3:2:4:3:1:4:4:4:2:,clone,3675.7476120849574,3:2:4:3:1:4:4:4:2
4:2:4:4:3:4:4:4:3:,recombination,3340.478955090667,3:2:4:4:4:3:4:4:2,4:2:4:4:2:4:4:4:3,MUTATE
2:1:4:4:2:4:4:4:0:,recombination,3830.9037842633934,2:1:4:2:0:4:4:4:0,3:2:4:4:2:4:4:4:2
1:1:4:4:2:4:4:4:0:,recombination,4167.651415173518,2:1:4:4:2:4:4:4:0,1:1:4:4:2:4:4:4:0
3:2:4:4:4:4:3:4:3:,clone,3947.0480840821233,4:2:4:4:4:4:3:4:3
2:1:4:3:1:4:4:4:0:,clone,3749.411647742176,2:1:4:3:1:4:4:4:0
4:1:4:3:2:4:4:4:2:,recombination,3740.6155020750134,2:1:4:4:4:4:4:4:1,4:2:4:4:2:4:4:4:3,MUTATE
2:1:4:3:2:4:4:4:0:,recombination,3600.2477473121467,1:1:4:3:1:4:4:4:0,3:2:4:4:2:4:4:4:2
1:1:4:1:0:4:4:4:0:,recombination,3487.6831333511464,4:2:4:4:3:4:4:4:4,1:1:4:2:0:4:4:4:0,MUTATE
3:1:4:4:3:3:4:4:2:,clone,3645.759424224621,3:1:4:4:4:3:4:4:2
2:1:4:4:3:4:4:4:1:,recombination,3600.9483831159373,1:1:4:2:0:4:4:4:0,3:1:4:4:4:3:4:4:2,MUTATE
1:1:4:4:2:4:4:4:0:,recombination,3976.704517180655,3:2:4:4:2:4:4:4:2,4:2:4:4:2:3:4:4:3,MUTATE
3:1:4:3:1:4:4:4:1:,recombination,3201.4283739529146,2:1:4:3:2:4:4:4:1,3:2:4:4:3:4:4:4:3
3:1:4:4:2:4:4:4:1:,recombination,3564.343187512862,2:1:4:4:1:4:4:4:1,3:2:4:4:4:3:3:4:3,MUTATE
4:1:4:4:2:4:4:4:3:,clone,3340.478955090668,4:1:4:4:2:4:4:4:3
3:1:4:3:2:4:4:4:1:,recombination,3360.1300064453685,3:1:4:4:2:4:4:4:1,1:1:4:3:1:4:4:4:0,MUTATE
2:1:4:2:1:4:4:4:0:,recombination,3829.75516205565,4:2:4:4:4:3:3:4:3,4:2:4:4:2:3:4:4:3
2:1:4:3:0:4:4:4:1:,recombination,4172.839356197124,4:2:4:4:4:4:4:4:4,3:2:4:4:3:3:4:4:2
3:1:4:3:2:3:4:4:2:,recombination,3518.063846670706,2:1:4:3:1:4:4:4:1,3:2:4:4:3:3:4:4:2,MUTATE
3:1:4:4:2:3:4:4:2:,clone,3482.4147154227867,3:1:4:4:2:3:4:4:2
2:1:4:2:1:4:4:4:0:,recombination,3730.7440151116934,4:2:4:4:2:4:4:4:3,3:1:4:4:4:3:3:4:2
2:1:4:3:0:4:4:4:1:,recombination,4034.872169843835,2:1:4:4:2:4:4:4:1,4:4:4:4:4:1:3:4:4
2:1:4:2:1:4:4:4:0:,recombination,3607.4506136101586,4:3:4:4:4:1:3:2:4,2:1:4:3:1:4:4:4:0
2:1:4:2:1:4:4:4:1:,recombination,3417.804206291886,3:1:4:3:1:4:4:4:1,4:2:4:4:2:3:4:4:3,MUTATE
4:1:4:4:3:4:4:4:3:,recombination,4271.983186309048,4:4:4:4:4:1:2:3:4,3:1:4:4:4:3:4:4:2
3:1:4:4:4:4:4:4:2:,clone,3866.89089981118,3:1:4:4:4:4:4:4:2
3:1:4:4:4:4:4:4:2:,clone,3637.370031009511,4:1:4:4:4:3:3:4:3
4:1:4:3:2:4:4:4:2:,recombination,3522.7402455870906,4:2:4:4:4:4:4:4:4,4:2:4:4:4:2:4:4:4,MUTATE
3:1:4:4:3:4:4:4:2:,clone,3470.3977067273618,3:1:4:4:3:4:4:4:2
4:2:4:4:2:4:4:4:3:,clone,3510.1982633775983,4:2:4:4:2:4:4:4:3
2:1:4:3:1:4:4:4:0:,clone,3709.2614439558015,2:1:4:3:1:4:4:4:0
1:1:4:3:1:4:4:4:0:,clone,3789.2621508048833,1:1:4:3:1:4:4:4:0
2:1:4:2:0:4:4:4:0:,recombination,3322.7397485456363,2:1:4:2:1:4:4:4:1,2:2:4:4:1:4:4:4:1,MUTATE
2:1:4:3:1:4:4:4:0:,clone,3625.1820776299223,2:1:4:3:1:4:4:4:0
2:1:4:3:1:4:4:4:0:,clone,3582.2094201404134,2:1:4:3:1:4:4:4:0
3:1:4:4:2:4:4:4:1:,clone,3498.9504802877227,3:1:4:4:2:4:4:4:1
2:1:4:3:1:4:4:4:0:,clone,3560.3691851598433,2:1:4:3:1:4:4:4:0
3:1:4:4:4:4:3:4:2:,recombination,3847.248584522969,3:2:4:4:4:4:3:4:3,4:4:3:4:4:2:2:4:4,MUTATE
2:1:4:2:1:4:4:4:0:,clone,3443.042270962029,2:1:4:2:0:4:4:4:0
2:1:4:2:1:4:4:4:0:,clone,3424.6813257973467,2:1:4:2:1:4:4:4:0
3:1:4:4:4:4:3:4:2:,clone,3842.093400674152,3:1:4:4:4:4:3:4:2
3:2:4:4:2:4:4:4:2:,recombination,3615.8414501905463,3:2:4:4:4:3:4:4:2,4:4:4:4:4:1:2:2:4
3:1:4:4:3:4:4:4:1:,recombination,3719.423730854807,3:1:4:4:4:3:4:4:2,4:2:4:4:3:3:4:4:3,MUTATE
2:1:4:2:1:4:4:4:0:,recombination,3332.1997964696616,2:1:4:2:1:4:4:4:0,2:1:4:2:1:4:4:4:0,MUTATE
2:1:4:3:2:4:4:4:1:,clone,3442.574497468371,2:1:4:4:2:4:4:4:1
1:1:4:1:0:4:4:4:0:,clone,3328.795688803112,2:1:4:2:0:4:4:4:0
2:2:4:3:2:4:4:4:1:,clone,4077.815517982987,2:2:4:3:2:4:4:4:1
2:1:4:3:0:4:4:4:0:,recombination,4144.19053093025,3:2:4:4:3:3:4:4:2,3:2:4:4:4:4:4:4:3,MUTATE
1:1:4:3:2:4:4:4:0:,recombination,4053.99899052446,4:3:4:4:4:2:3:4:4,4:2:4:4:4:1:2:4:4,MUTATE
1:1:4:4:1:4:4:4:0:,recombination,4689.875306895652,2:1:4:3:1:4:4:4:0,4:1:4:4:3:4:4:4:3
4:2:4:4:4:4:3:4:4:,recombination,3502.903141869152,2:1:4:2:0:4:4:4:0,4:3:3:4:4:3:2:4:4,MUTATE
2:1:4:3:0:4:4:4:0:,clone,4124.241891551423,2:1:4:3:0:4:4:4:0
4:2:4:4:4:4:3:4:3:,recombination,3432.4656918830206,4:4:4:4:4:1:2:4:4,4:2:4:4:4:4:3:4:4,MUTATE
4:2:4:4:4:4:4:4:3:,clone,3580.1237824792793,4:2:4:4:4:4:3:4:3
4:1:4:4:4:4:4:4:3:,clone,3764.481019975678,4:1:4:4:4:4:4:4:3
4:1:4:4:4:3:4:4:3:,recombination,3998.249950941414,4:4:4:4:4:1:2:4:4,4:4:4:4:4:0:1:4:4,MUTATE
2:1:4:4:2:4:4:4:2:,recombination,5275.004048958382,2:2:4:4:4:4:4:4:2,3:1:4:4:4:4:4:4:2
1:1:4:3:0:4:4:4:0:,recombination,4139.4779604761225,3:2:4:4:4:4:4:4:3,4:2:4:4:4:2:3:4:4
2:2:4:3:0:4:4:4:1:,recombination,4748.9230551906385,4:3:4:4:4:2:4:4:4,4:4:3:4:4:1:2:4:4,MUTATE
3:1:4:3:0:4:4:4:1:,recombination,4211.039761960543,3:2:4:4:4:3:4:4:3,4:2:4:4:4:4:4:4:4,MUTATE
3:2:4:4:3:4:4:4:3:,clone,4296.545273378332,3:2:4:4:3:4:4:4:3
2:2:4:3:0:4:4:4:1:,clone,4639.590261497581,2:2:4:3:0:4:4:4:1
3:1:4:4:1:4:4:4:2:,recombination,4291.440062222259,4:3:4:4:4:1:3:4:4,4:4:4:4:4:0:0:0:4,MUTATE
1:1:4:3:0:4:4:4:0:,clone,4124.697493328489,1:1:4:3:0:4:4:4:0
2:1:4:4:3:3:4:4:2:,recombination,4399.4471957868345,4:3:4:4:4:1:1:3:4,4:2:4:4:3:3:4:4:3
3:1:4:3:0:4:4:4:1:,clone,4169.924367672297,3:1:4:3:0:4:4:4:1
2:2:4:3:0:4:4:4:1:,recombination,4580.201094534589,3:2:4:4:4:3:3:4:3,3:1:4:3:2:3:4:4:2,MUTATE
4:1:4:4:3:4:4:4:3:,clone,3728.1410807770867,4:1:4:4:3:4:4:4:3
3:2:4:4:4:3:4:4:3:,clone,3795.83163584038,3:2:4:4:4:3:4:4:3
2:1:4:2:1:4:4:4:1:,clone,3283.6969514290163,2:1:4:4:1:4:4:4:1
3:1:4:4:3:3:4:4:2:,recombination,3540.5089576446953,2:1:4:4:3:3:4:4:2,4:4:4:4:4:1:1:1:4
2:1:4:4:3:3:4:4:1:,recombination,3492.5101519386,3:2:4:4:4:3:3:4:3,3:1:4:4:3:3:4:4:2,MUTATE
2:2:4:4:2:4:4:4:2:,recombination,4838.231940317621,4:4:4:4:4:1:2:2:4,3:2:4:4:2:4:4:4:2,MUTATE
1:1:4:4:3:4:4:4:0:,clone,4561.211592332934,1:1:4:4:3:4:4:4:0
1:1:4:4:3:4:4:4:0:,recombination,4479.402183520958,3:2:4:4:4:3:4:4:3,4:2:4:4:4:1:2:4:4,MUTATE
1:1:4:4:3:4:4:4:0:,recombination,4126.116865183276,4:2:4:4:4:4:4:4:3,4:2:4:4:4:1:2:4:4
2:1:4:4:3:4:4:4:2:,recombination,5206.201722507979,2:2:4:4:4:4:4:4:2,2:1:4:2:1:4:4:4:1
4:4:4:4:4:0:0:0:4:,clone,3023.683333455599,2:1:4:3:1:4:4:4:1
2:2:4:4:1:4:4:4:1:,clone,4641.431225436919,2:2:4:4:1:4:4:4:1
1:1:4:4:3:4:4:4:0:,recombination,4085.4780031187083,1:1:4:4:3:4:4:4:0,4:2:4:4:4:2:3:4:4,MUTATE
4:4:4:4:4:0:0:2:4:,recombination,3097.473314347054,3:2:4:4:4:3:4:4:3,3:1:4:3:1:4:4:4:2,MUTATE
4:4:4:4:4:0:1:1:4:,clone,3477.0746661464427,4:4:4:4:4:0:0:1:4
4:4:4:4:4:0:1:1:4:,clone,3457.9105983794925,4:4:4:4:4:0:1:1:4
4:4:4:4:4:0:1:1:4:,clone,3451.351027674489,4:4:4:4:4:0:1:1:4
4:4:4:4:4:1:0:3:4:,recombination,3106.3195156029497,3:2:4:4:4:3:4:4:3,3:1:4:3:1:4:4:4:1,MUTATE
4:4:4:4:4:1:1:2:4:,clone,3237.5792356033207,4:4:4:4:4:1:1:2:4
4:4:4:4:4:1:1:2:4:,clone,3165.0101197484946,4:4:4:4:4:1:0:2:4
1:1:4:4:1:4:4:4:0:,recombination,4637.356563121829,2:2:4:4:4:4:4:4:2,3:2:4:4:4:4:4:4:2,MUTATE
1:1:4:4:1:4:4:4:1:,recombination,6000.147296783704,2:2:4:4:4:4:4:4:2,4:3:4:4:4:3:3:4:4
1:1:4:4:1:4:4:4:0:,recombination,4624.769085255523,2:2:4:4:4:4:4:4:2,1:1:4:4:1:4:4:4:0
1:1:4:4:1:4:4:4:1:,clone,5793.075040309351,1:1:4:4:1:4:4:4:1
3:2:4:4:4:4:4:4:3:,clone,4101.1121683105,4:2:4:4:4:4:4:4:3
3:2:4:4:2:4:4:4:3:,clone,4788.475743362057,3:2:4:4:2:4:4:4:3
2:1:4:4:2:4:4:4:2:,clone,5259.58193821336,2:1:4:4:2:4:4:4:2
2:1:4:4:2:4:4:4:2:,recombination,4514.195415631473,4:3:4:4:4:3:4:4:4,1:1:4:4:3:4:4:4:0
2:2:4:4:4:4:4:4:2:,recombination,4370.48522332348,3:2:4:4:4:4:3:4:3,1:1:4:4:3:4:4:4:0
2:1:4:4:3:4:4:4:2:,recombination,4536.561567594146,1:1:4:3:1:4:4:4:0,2:1:4:4:2:4:4:4:2,MUTATE
4:3:4:4:4:3:3:4:4:,recombination,3105.5550348323777,3:2:4:4:3:3:4:4:3,4:4:4:4:4:2:1:4:4,MUTATE
3:2:4:4:3:4:4:4:3:,clone,4289.051213906777,3:2:4:4:3:4:4:4:3
2:2:4:4:4:3:4:4:1:,recombination,4902.53184212104,2:2:4:4:2:4:4:4:1,3:2:4:4:4:2:3:4:3,MUTATE
2:2:4:4:4:3:4:4:2:,recombination,4556.369252363821,4:4:3:4:4:1:2:4:4,4:4:3:4:4:1:2:4:4,MUTATE
2:2:4:4:1:4:4:4:2:,recombination,5508.117810663432,4:2:4:4:4:2:3:3:4,4:3:4:4:4:1:1:4:4
2:2:4:4:1:4:4:4:2:,clone,5371.759269001925,3:2:4:4:3:3:4:4:2
2:2:4:4:1:4:4:4:2:,clone,5334.396645427262,2:2:4:4:1:4:4:4:2
3:2:4:4:1:4:4:4:2:,clone,4394.1326969126385,3:2:4:3:1:4:4:4:2
1:1:4:4:1:4:4:4:0:,recombination,4578.338834112504,2:1:4:4:2:3:4:4:1,3:2:4:4:2:3:4:4:2
3:2:4:4:2:4:4:4:3:,recombination,4703.619969469015,4:2:4:4:4:2:3:4:4,2:1:4:2:0:4:4:4:0,MUTATE
1:1:4:4:2:4:4:4:0:,clone,3821.4737690442635,1:1:4:4:2:4:4:4:0
2:1:4:4:2:4:4:4:0:,clone,3763.374595375727,1:1:4:4:2:4:4:4:0
1:2:4:4:1:4:4:4:1:,recombination,5800.366331090559,2:1:4:3:1:4:4:4:1,2:1:4:2:0:4:4:4:1,MUTATE
1:1:4:4:1:4:4:4:1:,clone,5765.042582284215,1:1:4:4:1:4:4:4:1
1:1:4:4:1:4:4:4:1:,clone,5738.2325940342325,1:1:4:4:1:4:4:4:1
2:2:4:4:1:4:4:4:2:,clone,5285.112135839263,2:2:4:4:1:4:4:4:2
2:2:4:4:1:4:4:4:2:,recombination,5210.47158813959,2:2:4:4:4:3:4:4:2,2:1:4:3:0:4:4:4:0,MUTATE
2:1:4:4:1:4:4:4:2:,clone,5590.314101761145,2:2:4:4:1:4:4:4:2
2:1:4:1:0:4:4:4:0:,recombination,3283.6969514290154,2:1:4:2:1:4:4:4:0,4:4:4:4:4:2:3:4:4,MUTATE
3:1:4:3:2:4:4:4:2:,clone,3388.346893607953,3:1:4:3:2:4:4:4:2
4:2:4:4:4:3:3:4:4:,clone,3117.2444462996855,4:2:4:4:4:3:3:4:4
4:2:4:4:4:3:3:4:4:,clone,3074.270478046269,4:2:4:4:4:3:3:4:4
4:1:4:3:2:4:4:4:2:,recombination,3373.8089785845723,2:1:4:4:2:3:4:4:1,4:4:4:4:4:1:1:2:4,MUTATE
2:1:4:4:1:4:4:4:2:,clone,5139.326706035151,2:1:4:4:1:4:4:4:2
3:2:4:4:2:4:4:4:2:,recombination,3608.1607559361596,3:1:4:4:2:4:4:4:2,2:1:4:2:1:4:4:4:0
3:2:4:3:2:4:4:4:2:,clone,3604.7604170947825,3:2:4:3:2:4:4:4:2
2:2:4:4:1:4:4:4:2:,clone,5003.733638390415,2:2:4:4:1:4:4:4:2
2:2:4:4:1:4:4:4:2:,clone,4998.489182450363,2:2:4:4:1:4:4:4:2
4:2:4:4:4:2:3:4:4:,recombination,3306.836422907427,2:1:4:3:1:4:4:4:0,4:4:4:4:4:2:1:4:4,MUTATE
2:2:4:4:2:4:4:4:2:,recombination,4622.6847165475365,4:2:4:4:4:2:3:4:4,2:2:4:4:1:4:4:4:2
4:2:4:4:4:3:4:4:3:,recombination,3483.827487930166,4:3:4:4:4:3:3:4:4,4:2:4:4:4:2:3:4:4,MUTATE
3:2:4:4:4:4:4:4:2:,clone,3863.858664753831,3:2:4:4:4:4:4:4:2
3:1:4:4:4:3:4:4:2:,recombination,3596.777573440876,4:4:2:4:4:2:1:4:4,2:1:4:4:1:4:4:4:1
4:2:4:4:4:3:4:4:4:,clone,3401.535692025609,4:2:4:4:4:3:4:4:4
3:2:4:3:1:4:4:4:2:,recombination,3259.89945479417,3:2:4:4:2:4:4:4:2,4:2:4:4:4:3:3:4:4,MUTATE
4:2:4:4:2:4:4:4:3:,recombination,3401.535692025609,4:2:4:4:4:3:4:4:4,3:2:4:4:4:4:4:4:3,MUTATE
3:2:4:4:4:4:3:4:2:,recombination,4151.7364313720245,4:2:4:4:4:4:3:4:3,3:2:4:4:4:4:4:4:2,MUTATE
3:1:4:4:1:4:4:4:2:,recombination,4270.590243978896,3:1:4:3:1:4:4:4:1,2:1:4:4:4:4:4:4:2
3:2:4:3:1:4:4:4:2:,recombination,3255.034308318456,4:2:4:4:4:2:4:4:4,4:2:4:4:2:4:4:4:3,MUTATE
2:1:4:4:2:4:4:4:1:,recombination,3508.616280647961,1:1:4:2:0:4:4:4:0,1:1:4:1:0:4:4:4:0
3:1:4:3:1:4:4:4:2:,recombination,3187.058195359807,3:1:4:3:2:3:4:4:2,3:2:4:3:1:4:4:4:2
3:1:4:3:1:4:4:4:2:,clone,3132.502124571557,3:2:4:3:1:4:4:4:2
3:2:4:4:2:4:4:4:2:,recombination,3602.1905465546065,4:2:4:4:4:4:3:4:4,4:2:4:4:4:3:3:4:4,MUTATE
3:2:4:3:2:4:4:4:2:,clone,3300.3265040326232,3:2:4:3:2:4:4:4:2
3:2:4:4:2:4:4:4:2:,clone,3573.714536502737,3:2:4:4:2:4:4:4:2
3:2:4:4:2:4:4:4:2:,recombination,3422.8586877795224,2:1:4:2:1:4:4:4:1,3:2:4:3:2:4:4:4:2,MUTATE
3:1:4:2:0:4:4:4:1:,recombination,3638.708551352771,4:4:4:4:4:2:2:4:4,4:4:4:4:4:1:1:4:4,MUTATE
1:1:4:1:0:4:4:4:0:,recombination,3228.0541387913445,4:3:4:4:4:2:3:4:4,3:2:4:4:3:4:4:4:2
2:1:4:2:0:4:4:4:0:,recombination,3295.6234015204855,4:2:4:4:4:4:4:4:4,4:3:4:4:4:3:3:4:4
2:1:4:2:0:4:4:4:0:,recombination,3256.418813919529,1:1:4:4:3:4:4:4:0,4:2:4:4:4:2:3:4:4
2:1:4:1:0:4:4:4:0:,recombination,3256.9956987217856,3:1:4:3:1:4:4:4:1,2:2:4:4:2:4:4:4:1,MUTATE
2:1:4:3:0:4:4:4:0:,recombination,4109.534118866405,4:3:3:4:4:2:2:4:4,3:2:4:4:4:4:3:4:2
3:2:4:4:4:4:4:4:2:,recombination,3824.597695419768,4:2:4:4:4:4:3:4:4,4:4:4:4:4:0:1:4:4,MUTATE
3:2:4:4:4:4:4:4:2:,clone,3665.339260595269,3:2:4:4:4:4:4:4:2
1:1:4:4:1:4:4:4:0:,recombination,4577.592490885664,4:2:4:4:4:1:3:4:4,4:2:4:4:4:2:3:4:4
1:2:4:3:0:4:4:4:0:,recombination,4810.067045955221,4:2:4:4:2:4:4:4:3,4:3:4:4:4:1:1:2:4,MUTATE
3:2:4:4:4:4:4:4:2:,recombination,3631.1013646341985,4:4:4:4:4:0:0:1:4,3:2:4:4:4:4:4:4:2,MUTATE
3:2:4:4:4:4:4:4:2:,clone,3461.8794919212073,3:2:4:4:4:4:4:4:2
3:1:4:4:4:4:4:4:2:,clone,3425.4390605631324,3:2:4:4:4:4:4:4:2
3:1:4:4:3:4:4:4:2:,recombination,3425.4390605631324,3:1:4:4:4:4:4:4:2,3:1:4:4:2:4:4:4:1,MUTATE
2:2:4:3:1:3:4:4:1:,clone,4618.805956216486,2:2:4:3:1:3:4:4:1
3:1:4:4:3:4:4:4:1:,clone,3510.780754362702,3:1:4:4:3:4:4:4:1
2:1:4:4:3:4:4:4:1:,clone,3595.255602268047,2:1:4:4:3:4:4:4:1
2:2:4:3:2:4:4:4:1:,clone,3694.5592012281995,2:1:4:3:2:4:4:4:1
2:2:4:4:3:4:4:4:1:,clone,3695.7951739153486,2:2:4:4:3:4:4:4:1
2:2:4:4:2:4:4:4:1:,recombination,3775.375807015305,3:2:4:3:1:4:4:4:2,3:2:4:4:2:4:4:4:2
2:2:4:3:1:4:4:4:1:,clone,3886.033208882768,2:2:4:3:1:4:4:4:1
1:1:4:3:1:4:4:4:0:,recombination,3651.8881054508824,4:2:4:4:4:3:3:4:4,2:1:4:3:0:4:4:4:0,MUTATE
1:1:4:4:3:4:4:4:1:,recombination,5344.774784482143,4:2:4:4:2:3:4:4:3,4:4:4:4:4:2:1:4:4,MUTATE
2:2:4:2:0:4:4:4:1:,recombination,4261.873614952651,4:2:4:4:3:4:4:4:4,3:2:4:3:1:4:4:4:2
2:2:4:4:4:4:4:4:1:,recombination,5016.043084778857,3:2:4:4:4:3:3:4:2,4:2:4:4:4:2:3:3:4
2:2:4:2:0:4:4:4:1:,clone,4139.341431205752,2:2:4:2:0:4:4:4:1
2:2:4:4:4:4:4:4:1:,clone,4870.307404972312,2:2:4:4:4:4:4:4:1
4:2:4:4:1:4:4:4:3:,recombination,4606.111727921792,4:4:4:4:4:3:2:4:4,3:2:4:4:3:3:4:4:2
2:2:4:4:4:4:4:4:1:,clone,4865.152221123495,2:2:4:4:4:4:4:4:1
4:2:4:3:1:4:4:4:3:,recombination,4108.373503235948,4:2:4:4:1:4:4:4:3,4:2:4:4:4:3:4:4:4,MUTATE
4:1:4:4:2:4:4:4:2:,recombination,3460.910508060672,4:3:4:4:4:2:3:4:4,1:1:4:1:0:4:4:4:0,MUTATE
2:2:4:4:4:4:4:4:1:,clone,4841.536228240263,2:2:4:4:4:4:4:4:1
4:2:4:3:1:4:4:4:3:,clone,3754.213114004039,4:2:4:3:1:4:4:4:3
1:1:4:3:0:4:4:4:0:,recombination,4111.884821263731,3:2:4:4:3:3:4:4:3,4:4:4:4:4:0:1:2:4
1:1:4:3:0:4:4:4:0:,clone,4075.1327645515776,1:1:4:3:0:4:4:4:0
4:2:4:4:1:4:4:4:3:,clone,4572.341672121379,4:2:4:4:1:4:4:4:3
4:2:4:4:4:3:3:4:3:,recombination,3484.5945975553727,4:3:4:4:4:2:2:2:4,3:2:4:3:2:4:4:4:2
2:2:4:4:4:4:4:4:1:,clone,4703.243049478496,2:2:4:4:4:4:4:4:1
1:1:4:4:1:4:4:4:0:,recombination,4568.269926751322,4:2:4:4:4:4:4:4:4,4:4:4:4:4:0:1:2:4,MUTATE
1:1:4:4:1:4:4:4:0:,clone,4421.698675363085,1:1:4:4:1:4:4:4:0
1:1:4:4:1:4:4:4:0:,recombination,4377.221800882997,4:2:4:4:4:3:4:4:4,1:1:4:4:1:4:4:4:0,MUTATE
3:1:4:4:4:3:3:4:2:,recombination,3476.8084898952966,4:2:4:4:4:3:3:4:3,3:2:4:4:4:3:3:4:3
2:1:4:3:0:4:4:4:0:,recombination,4061.675478877359,1:1:4:4:2:4:4:4:0,1:1:4:3:0:4:4:4:0
2:1:4:3:0:4:4:4:0:,clone,4058.391298098898,2:1:4:3:0:4:4:4:0
2:1:4:4:1:4:4:4:0:,recombination,4370.561222028351,4:4:4:4:4:1:1:2:4,1:1:4:4:1:4:4:4:0,MUTATE
3:1:4:4:4:3:3:4:2:,recombination,3416.287763748276,4:2:4:4:4:3:3:4:3,2:1:4:4:1:4:4:4:1,MUTATE
2:1:4:4:1:4:4:4:0:,clone,4352.31265724571,2:1:4:4:1:4:4:4:0
2:1:4:1:0:4:4:4:0:,recombination,3209.887047615784,3:2:4:4:2:4:4:4:2,3:2:4:3:1:4:4:4:2
1:1:4:1:0:4:4:4:0:,clone,3158.2786056976624,1:1:4:1:0:4:4:4:0
1:2:4:2:0:4:4:4:0:,recombination,4495.366812787242,1:1:4:1:0:4:4:4:0,4:3:4:4:4:2:3:2:4,MUTATE
4:2:4:4:4:4:4:4:3:,clone,3525.2981004498306,4:2:4:4:4:4:4:4:3
4:2:4:4:3:3:4:4:4:,recombination,3663.973004911802,4:2:4:4:4:4:3:4:4,3:1:4:4:3:4:4:4:1,MUTATE
3:1:4:3:2:4:4:4:2:,recombination,3141.5660081954616,2:2:4:4:2:4:4:4:2,3:2:4:4:2:4:4:4:2,MUTATE
3:2:4:4:3:4:4:4:2:,recombination,3578.723984759048,2:1:4:3:2:4:4:4:1,4:2:4:4:4:2:3:4:4
2:1:4:3:2:4:4:4:1:,clone,3429.0549367691674,2:1:4:3:2:4:4:4:1
3:1:4:2:1:4:4:4:1:,recombination,3103.2697905495515,4:2:4:4:4:4:3:4:4,2:2:4:4:4:4:4:4:2
3:1:4:2:0:4:4:4:1:,recombination,3382.7789866234866,4:2:4:4:4:4:3:4:4,4:3:4:4:4:2:1:4:4,MUTATE
3:1:4:2:0:4:4:4:1:,recombination,3355.9316548146458,4:4:4:4:4:1:2:4:4,3:1:4:2:0:4:4:4:1
3:2:4:4:3:4:4:4:2:,recombination,3351.634898083872,2:1:4:3:1:4:4:4:1,4:4:4:4:4:1:3:4:4,MUTATE
3:1:4:4:3:4:4:4:2:,clone,3355.0013677267066,3:1:4:4:3:4:4:4:2
3:1:4:4:3:4:4:4:2:,clone,3338.0911012376696,3:1:4:4:3:4:4:4:2
3:1:4:4:3:4:4:4:2:,clone,3312.797651151772,4:1:4:4:3:4:4:4:2
4:2:4:4:3:3:4:4:4:,recombination,3537.761051678207,4:4:3:4:4:2:1:4:4,4:4:4:4:4:2:1:4:4
4:2:4:4:3:3:4:4:4:,clone,3480.834141156345,4:2:4:4:3:3:4:4:4
4:2:4:3:2:4:4:4:3:,recombination,3940.8616856650965,2:2:4:4:4:4:4:4:2,3:1:4:4:4:4:4:4:2
4:2:4:4:2:4:4:4:4:,recombination,3719.946549117144,4:2:4:4:3:3:4:4:4,3:2:4:4:4:4:4:4:2,MUTATE
2:1:4:4:4:3:4:4:1:,recombination,3980.452534861629,4:2:4:3:1:4:4:4:3,3:1:4:4:3:3:4:4:2,MUTATE
4:4:4:4:4:0:0:3:4:,clone,3212.8120287206543,4:4:4:4:4:0:0:3:4
4:2:4:4:4:3:3:4:3:,recombination,3451.426104232979,4:2:4:4:4:3:3:4:4,4:3:4:4:4:3:4:4:4
2:2:4:4:1:4:4:4:1:,recombination,4600.617526446404,1:1:4:4:1:4:4:4:0,1:1:4:3:1:4:4:4:0
4:2:4:4:4:3:4:4:3:,clone,3477.5061649693594,4:2:4:4:4:3:4:4:3
4:2:4:4:4:4:4:4:3:,clone,3452.329602378248,4:2:4:4:4:4:4:4:3
2:2:4:3:1:4:4:4:1:,clone,3726.481081443065,2:2:4:3:1:4:4:4:1
2:2:4:3:1:4:4:4:1:,recombination,3691.983814534291,4:2:4:4:4:3:3:4:3,3:2:4:4:2:4:4:4:3,MUTATE
2:1:4:4:1:4:4:4:1:,clone,4250.4323885455315,2:1:4:4:2:4:4:4:1
2:1:4:2:0:4:4:4:0:,recombination,3207.571286183731,4:2:4:4:4:2:3:4:4,4:4:4:4:4:0:1:4:4
1:1:4:1:0:4:4:4:0:,recombination,3128.606198521683,2:2:4:4:1:4:4:4:1,4:2:4:4:4:2:3:4:4
2:1:4:2:1:4:4:4:0:,recombination,3261.4248509049985,2:1:4:3:1:4:4:4:1,3:2:4:4:3:3:4:4:2
2:1:4:4:3:4:4:4:1:,recombination,3510.0634746360574,3:1:4:3:1:4:4:4:1,2:1:4:2:0:4:4:4:0
3:2:4:4:4:4:4:4:3:,recombination,3980.4158829737057,2:2:4:4:2:4:4:4:2,2:2:4:4:4:4:4:4:1
3:1:4:4:4:4:3:4:2:,recombination,3766.712119347528,3:1:4:3:1:3:4:4:2,2:1:4:2:0:4:4:4:0,MUTATE
4:2:4:4:1:4:4:4:3:,recombination,4434.53208294412,2:1:4:3:1:4:4:4:0,4:4:4:4:4:0:1:4:4,MUTATE
3:2:4:4:2:4:4:4:3:,clone,4564.923471744415,3:2:4:4:2:3:4:4:3
4:1:4:3:1:4:4:4:2:,recombination,3283.696951429015,4:2:4:4:3:3:4:4:4,3:1:4:4:3:4:4:4:2,MUTATE
3:1:4:2:1:4:4:4:2:,clone,3386.423205903051,3:1:4:2:1:4:4:4:2
4:2:4:3:1:4:4:4:2:,recombination,3827.500492461136,4:4:3:4:4:2:1:4:4,3:1:4:4:2:4:4:4:1
3:2:4:4:1:4:4:4:2:,clone,4373.046546778285,3:2:4:4:1:4:4:4:2
3:2:4:4:1:4:4:4:2:,clone,4335.729738964785,3:2:4:4:1:4:4:4:2
4:4:4:4:4:0:2:2:4:,clone,3780.3115578368797,4:4:4:4:4:0:1:3:4
3:2:4:4:3:3:4:4:3:,clone,3793.1104515611555,3:2:4:4:3:3:4:4:3
3:2:4:4:4:4:3:4:2:,recombination,3628.3347346808096,2:2:4:2:0:4:4:4:1,3:1:4:4:4:4:3:4:2,MUTATE
2:1:4:3:2:4:4:4:1:,clone,3415.777104286741,2:1:4:3:2:4:4:4:1
2:1:4:4:2:4:4:4:1:,clone,3354.73996848086,2:1:4:4:2:4:4:4:1
2:1:4:4:2:4:4:4:1:,clone,3328.9634873547548,2:1:4:4:2:4:4:4:1
2:1:4:4:2:4:4:4:1:,clone,3318.8757562435385,2:1:4:4:2:4:4:4:1
2:2:4:4:2:4:4:4:1:,recombination,3728.2656834634963,3:1:4:3:2:4:4:4:2,4:2:4:4:4:2:3:4:4,MUTATE
2:2:4:4:2:4:4:4:1:,clone,3706.717691780021,2:2:4:4:2:4:4:4:1
3:2:4:4:3:3:4:4:2:,recombination,3423.12409268002,2:1:4:4:2:4:4:4:1,4:4:4:4:4:0:2:3:4
3:1:4:4:3:3:4:4:2:,recombination,3424.4098206248677,2:1:4:3:1:4:4:4:0,3:2:4:4:3:3:4:4:2
1:1:4:2:1:4:4:4:0:,recombination,3762.9377160275585,3:1:4:3:1:4:4:4:1,2:2:4:4:2:4:4:4:2,MUTATE
2:1:4:3:1:4:4:4:0:,recombination,3430.292109912975,2:1:4:4:2:4:4:4:1,3:2:4:4:3:4:4:4:3,MUTATE
2:1:4:3:1:4:4:4:0:,clone,3421.052917807839,2:1:4:3:1:4:4:4:0
2:1:4:4:3:3:4:4:1:,clone,3281.115230167355,2:1:4:4:3:3:4:4:1
2:1:4:3:1:4:4:4:0:,clone,3394.9728570714587,2:1:4:3:1:4:4:4:0
1:1:4:3:1:4:4:4:0:,recombination,3411.428208179419,2:1:4:2:0:4:4:4:0,2:2:4:4:4:4:4:4:2,MUTATE
2:1:4:4:2:3:4:4:1:,recombination,3317.1297018552077,3:2:4:4:3:3:4:4:2,4:2:4:4:4:3:3:4:3
4:2:4:4:4:3:2:4:4:,recombination,3864.644626866166,3:2:4:4:2:3:4:4:3,1:1:4:4:1:4:4:4:1
4:4:4:4:4:0:0:0:4:,clone,2989.6846089870855,1:1:4:2:0:4:4:4:0
4:4:4:4:4:0:1:2:4:,recombination,3073.869609233984,3:2:4:4:4:3:4:4:3,2:2:4:4:1:4:4:4:2
3:2:4:4:4:3:4:4:2:,clone,3701.7536204901858,3:2:4:4:4:3:4:4:2
4:4:4:4:4:0:0:0:4:,recombination,2932.782162426176,4:4:4:4:4:0:1:2:4,4:4:3:4:4:2:2:4:4
2:1:4:4:4:4:4:4:0:,recombination,3819.257431094822,1:1:4:4:1:4:4:4:0,1:1:4:4:2:4:4:4:0,MUTATE
4:2:4:4:4:3:3:4:3:,recombination,3407.7765596957706,4:3:4:4:4:1:3:4:4,4:4:3:4:4:2:2:4:4,MUTATE
2:2:4:4:1:4:4:4:1:,recombination,4461.176617321082,4:2:4:4:2:4:4:4:3,3:2:4:4:2:3:4:4:2
4:4:4:4:4:0:0:3:4:,clone,3099.927061099223,4:4:4:4:4:0:0:3:4
4:4:4:4:4:1:0:4:4:,clone,3167.4341681424103,4:4:4:4:4:0:0:3:4
4:2:4:4:4:3:3:4:3:,recombination,3333.6232668871453,4:4:3:4:4:2:2:4:4,4:4:4:4:4:0:1:1:4
4:1:4:4:2:4:4:4:2:,recombination,3455.1793949219114,4:4:4:4:4:1:0:3:4,3:2:4:4:1:4:4:4:2,MUTATE
4:2:4:4:4:4:3:4:3:,recombination,3317.298701436745,4:4:4:4:4:0:1:1:4,3:1:4:4:1:4:4:4:2,MUTATE
4:2:4:4:3:4:4:4:3:,clone,3317.298701436745,4:2:4:4:3:4:4:4:3
4:2:4:4:4:4:4:4:4:,clone,3504.5392156257394,4:2:4:4:4:4:4:4:4
4:2:4:4:1:4:4:4:3:,clone,4324.923904142001,4:2:4:4:2:4:4:4:3
4:2:4:4:4:4:3:4:4:,recombination,3475.7488992953354,2:1:4:4:1:4:4:4:2,4:4:4:4:4:0:0:0:4
4:2:4:4:4:4:4:4:4:,recombination,3497.2561107787824,2:1:4:4:3:4:4:4:1,4:2:4:4:4:4:4:4:4,MUTATE
4:1:4:4:3:4:4:4:2:,recombination,3846.378073547571,4:3:4:4:4:1:1:2:4,4:2:4:4:4:4:3:4:4,MUTATE
4:2:4:4:3:4:4:4:4:,recombination,3485.149240001285,3:2:4:3:1:4:4:4:2,4:4:4:4:4:1:2:3:4,MUTATE
4:2:4:4:3:4:4:4:3:,clone,3313.1485470242687,4:2:4:4:3:4:4:4:3
4:2:4:4:4:3:4:4:4:,clone,3330.5695512007055,4:2:4:4:4:3:4:4:4
4:2:4:4:3:3:4:4:4:,clone,3301.779234870302,4:2:4:4:3:3:4:4:4
4:2:4:4:3:4:4:4:4:,clone,3291.725649181666,4:2:4:4:3:4:4:4:4
4:1:4:4:3:4:4:4:2:,clone,3605.8217679613804,4:1:4:4:3:4:4:4:2
4:2:4:4:4:3:4:4:4:,clone,3303.868298493476,4:2:4:4:4:3:4:4:4
4:2:4:4:3:4:4:4:3:,clone,3291.725649181666,4:2:4:4:3:4:4:4:3
4:2:4:4:3:4:4:4:3:,clone,3280.068165246016,4:2:4:4:3:4:4:4:3
4:2:4:4:2:4:4:4:3:,recombination,3391.390325403099,4:4:4:4:4:0:0:0:4,4:3:4:4:4:1:2:4:4
4:2:4:3:2:4:4:4:3:,clone,3414.065343017087,4:2:4:3:2:4:4:4:3
4:2:4:4:2:4:4:4:3:,clone,3364.689072695869,4:2:4:4:2:4:4:4:3
3:2:4:4:3:3:4:4:2:,recombination,3244.1531162884135,2:2:4:4:3:4:4:4:1,3:1:4:2:0:4:4:4:1,MUTATE
3:1:4:3:1:4:4:4:1:,clone,3182.6105352566947,3:1:4:3:1:4:4:4:1
2:1:4:4:2:4:4:4:2:,recombination,4503.42203184051,4:1:4:4:4:4:4:4:3,4:2:4:4:4:1:2:4:4
4:4:4:4:4:0:0:0:4:,clone,2910.188974172854,1:1:4:2:0:4:4:4:0
4:4:4:4:4:0:0:2:4:,recombination,3014.8226741532176,4:3:4:4:4:1:1:2:4,2:1:4:3:2:4:4:4:1
4:4:4:4:4:0:1:1:4:,recombination,3368.7532425031272,2:1:4:2:0:4:4:4:0,4:2:4:4:1:4:4:4:3
4:3:4:4:4:2:2:4:4:,recombination,3003.618380927874,4:4:4:4:4:0:0:3:4,2:1:4:4:2:4:4:4:1,MUTATE
3:2:4:4:2:4:4:4:2:,clone,3373.128884022856,3:2:4:4:2:4:4:4:2
4:3:4:4:4:3:2:4:4:,clone,3086.253049799258,4:3:4:4:4:3:2:4:4
3:1:4:3:0:4:4:4:2:,recombination,4606.834571160886,4:3:4:4:4:1:1:4:4,4:3:4:4:4:1:2:3:4,MUTATE
3:2:4:2:0:4:4:4:2:,recombination,4121.934833676737,3:1:4:4:3:3:4:4:2,4:4:4:4:4:1:1:1:4
2:2:4:3:0:4:4:4:1:,recombination,4366.429721605219,3:2:4:4:2:4:4:4:2,3:1:4:2:1:4:4:4:1
4:2:4:3:1:4:4:4:3:,recombination,3555.7415530839526,3:2:4:4:2:4:4:4:2,3:1:4:4:4:4:4:4:2
3:2:4:4:3:4:4:4:3:,clone,3737.2492189341256,3:2:4:4:3:4:4:4:3
4:2:4:4:4:3:4:4:3:,clone,3462.9164521796474,4:2:4:4:4:3:4:4:3
4:2:4:4:3:3:4:4:4:,clone,3283.6969514290154,4:2:4:4:3:3:4:4:3
4:2:4:4:2:3:4:4:4:,clone,3168.237511297496,4:2:4:4:2:3:4:4:4
2:2:4:3:1:4:4:4:1:,clone,3656.3275439229756,2:2:4:3:1:4:4:4:1
4:2:4:4:3:3:4:4:4:,recombination,3240.120192552709,4:4:4:4:4:1:2:3:4,4:1:4:3:2:4:4:4:2,MUTATE
3:1:4:3:0:4:4:4:1:,recombination,4124.987292582236,3:2:4:4:4:2:3:4:2,4:4:4:4:4:1:1:3:4,MUTATE
4:2:4:4:4:3:4:4:4:,recombination,3280.795669426615,4:2:4:4:2:3:4:4:4,2:2:4:3:0:4:4:4:1
3:1:4:4:2:4:4:4:2:,recombination,3217.200873979848,4:2:4:3:1:4:4:4:3,4:3:4:4:4:2:1:4:4,MUTATE
2:2:4:4:3:3:4:4:2:,clone,3916.319764902321,2:2:4:4:3:3:4:4:2
2:2:4:4:3:3:4:4:2:,clone,3733.2809755764815,3:2:4:4:3:3:4:4:2
4:2:4:4:2:4:4:4:4:,recombination,3513.925793260375,3:2:4:4:4:3:4:4:3,4:2:4:4:4:2:4:4:4
2:2:4:2:0:4:4:4:1:,clone,4092.047259709517,2:2:4:2:0:4:4:4:1
4:4:4:4:4:0:1:1:4:,clone,3211.383430910946,4:4:4:4:4:0:1:1:4
3:1:4:3:0:4:4:4:2:,recombination,4479.193278185142,3:2:4:4:2:4:4:4:3,4:4:4:4:4:1:1:3:4
4:4:4:4:4:0:1:4:4:,recombination,2930.572080792666,4:4:4:4:4:0:1:1:4,4:4:4:4:4:1:2:3:4,MUTATE
3:1:4:3:0:4:4:4:2:,recombination,4356.977283632375,3:1:4:3:0:4:4:4:2,4:3:4:4:4:2:3:4:4
1:1:4:2:1:4:4:4:0:,recombination,3692.2490342958718,4:3:4:4:4:3:4:4:4,3:1:4:4:3:3:4:4:2,MUTATE
2:2:4:4:1:4:4:4:1:,recombination,4457.816172824677,2:1:4:2:1:4:4:4:0,4:4:4:4:4:1:0:4:4
2:1:4:2:1:4:4:4:1:,recombination,3266.9172691590397,4:3:4:4:4:3:2:4:4,2:2:4:4:1:4:4:4:1
3:2:4:4:4:3:4:4:2:,recombination,3697.379981794231,2:1:4:4:2:3:4:4:1,4:2:4:4:4:3:3:4:3
2:2:4:4:3:4:4:4:2:,recombination,4254.200921492466,2:1:4:4:2:4:4:4:1,3:2:4:4:3:4:4:4:3
2:1:4:4:3:4:4:4:2:,clone,4119.241443304008,2:2:4:4:3:4:4:4:2
3:1:4:4:4:3:4:4:3:,recombination,4222.459447638579,2:1:4:4:2:4:4:4:1,4:4:4:4:4:1:2:4:4,MUTATE
2:2:4:4:2:4:4:4:2:,clone,4463.742707309956,2:2:4:4:2:4:4:4:2
4:2:4:3:2:4:4:4:2:,recombination,3449.816242762859,4:2:4:3:1:4:4:4:3,3:2:4:4:3:3:4:4:2
2:2:4:4:2:3:4:4:1:,recombination,4802.513597993847,1:1:4:3:1:4:4:4:0,3:1:4:4:1:4:4:4:2,MUTATE
3:1:4:4:3:3:4:4:2:,recombination,3411.9947163035486,3:2:4:4:2:4:4:4:2,3:1:4:3:1:3:4:4:2
4:2:4:4:4:2:3:4:3:,recombination,3377.5012054165827,3:2:4:4:2:4:4:4:2,4:3:4:4:4:3:3:4:4,MUTATE
3:1:4:3:2:4:4:4:1:,clone,3278.881751857009,3:1:4:3:2:4:4:4:1
4:2:4:4:4:3:4:4:3:,recombination,3441.965654539503,3:1:4:2:1:4:4:4:1,2:1:4:3:1:4:4:4:0
4:2:4:4:4:3:3:4:3:,recombination,3332.624420270871,3:1:4:4:3:3:4:4:2,4:2:4:4:2:3:4:4:3,MUTATE
4:4:2:4:4:0:0:0:4:,recombination,3200.2518059920185,3:1:4:4:3:3:4:4:2,4:4:3:4:4:1:1:4:4,MUTATE
3:1:4:3:2:4:4:4:1:,recombination,3248.8211398485223,3:1:4:4:4:4:4:4:2,4:1:4:4:3:4:4:4:3,MUTATE
4:2:4:4:3:4:4:4:3:,recombination,3268.618702464016,3:1:4:3:2:4:4:4:1,3:2:4:4:2:4:4:4:2,MUTATE
4:2:4:4:4:3:3:4:3:,clone,3298.867398588108,4:2:4:4:4:3:3:4:3
4:2:4:4:4:3:3:4:3:,clone,3229.9810054986983,4:2:4:4:4:3:3:4:3
4:4:4:4:4:1:1:4:4:,recombination,2884.131566771323,3:2:4:4:2:4:4:4:2,2:1:4:3:1:4:4:4:0
3:2:4:4:4:3:3:4:3:,recombination,3337.870400061557,3:1:4:3:2:4:4:4:2,2:2:4:4:4:4:4:4:1
3:2:4:4:4:3:4:4:2:,clone,3424.7823178762505,3:2:4:4:4:3:4:4:2
4:3:4:4:4:1:2:4:4:,clone,3105.6191046191966,4:3:4:4:4:1:2:4:4
4:3:4:4:4:1:2:4:4:,clone,2969.9449923349216,4:4:4:4:4:1:1:4:4
3:1:4:4:2:3:4:4:2:,recombination,3267.2246930621063,3:2:4:4:4:4:4:4:2,2:2:4:4:4:4:4:4:2,MUTATE
4:2:4:4:4:3:4:4:3:,clone,3370.856613006239,4:2:4:4:3:3:4:4:3
3:2:4:4:2:4:4:4:3:,recombination,4213.298316581378,4:4:4:4:4:0:0:0:4,1:1:4:3:1:4:4:4:0,MUTATE
2:2:4:4:2:3:4:4:1:,recombination,4477.45273301286,2:2:4:4:3:4:4:4:2,4:2:4:4:4:4:4:4:4
3:2:4:4:1:4:4:4:2:,recombination,4332.009416518679,2:1:4:3:1:4:4:4:1,4:2:4:4:3:4:4:4:3
2:1:4:3:2:3:4:4:1:,recombination,3659.8846773328983,4:3:4:4:4:1:3:4:4,4:2:4:4:4:3:3:4:3,MUTATE
4:2:4:4:3:3:4:4:3:,clone,3098.822157609884,4:2:4:4:3:3:4:4:3
3:2:4:4:2:3:4:4:2:,clone,3541.807806533724,3:2:4:4:2:3:4:4:2
2:2:4:4:1:4:4:4:1:,clone,4441.453784054273,2:2:4:4:2:4:4:4:1
2:1:4:3:2:3:4:4:1:,recombination,3623.008066505039,4:3:4:4:4:3:3:4:4,2:1:4:3:2:3:4:4:1
2:1:4:4:2:3:4:4:2:,recombination,4511.137787443613,4:3:4:4:4:1:3:4:4,1:1:4:4:1:4:4:4:0
3:1:4:2:0:4:4:4:1:,recombination,3283.6969514290154,2:1:4:4:4:3:4:4:2,4:2:4:4:1:4:4:4:3,MUTATE
4:2:4:4:4:4:3:4:4:,recombination,3449.009604518434,4:2:4:3:2:4:4:4:2,2:1:4:4:2:4:4:4:1,MUTATE
3:1:4:2:1:4:4:4:2:,clone,3283.6969514290154,3:1:4:3:1:4:4:4:2
2:1:4:3:0:4:4:4:1:,recombination,4025.9448436369785,4:3:4:4:4:3:4:4:4,4:4:4:4:4:1:1:4:4
1:1:4:2:1:4:4:4:0:,clone,3269.8248244517104,1:1:4:2:1:4:4:4:0
1:1:4:2:0:4:4:4:0:,recombination,3292.375140963656,3:2:4:4:4:4:4:4:3,4:3:4:4:4:2:2:4:4
4:2:4:4:3:4:4:4:4:,recombination,3280.9643668265635,1:1:4:4:1:4:4:4:1,4:2:4:4:3:3:4:4:3,MUTATE
2:1:4:2:0:4:4:4:0:,clone,3199.895024784915,2:1:4:2:0:4:4:4:0
2:1:4:2:0:4:4:4:1:,recombination,3159.258133905203,3:1:4:3:0:4:4:4:1,4:2:4:4:1:4:4:4:3
3:2:4:4:2:3:4:4:2:,recombination,3468.3154017761544,3:2:4:4:3:4:4:4:2,2:2:4:4:2:4:4:4:2
3:2:4:4:2:3:4:4:2:,clone,3450.730699040186,3:2:4:4:2:3:4:4:2
3:1:4:4:3:4:4:4:2:,recombination,3298.798345985709,2:1:4:2:0:4:4:4:1,2:2:4:4:1:4:4:4:2,MUTATE
2:2:4:4:4:3:3:4:2:,clone,4936.055956544848,3:2:4:4:4:3:3:4:2
4:2:4:4:4:2:2:4:3:,clone,3672.5703800111232,4:2:4:4:4:2:2:4:3
3:1:4:4:3:4:4:4:1:,clone,3368.1561345549844,3:1:4:3:1:4:4:4:1
3:2:4:4:4:2:3:4:3:,clone,3795.102563758022,3:2:4:4:4:2:3:4:3
2:2:4:4:4:3:4:4:1:,clone,4563.208561710677,2:2:4:4:4:3:4:4:2
2:2:4:4:4:3:4:4:1:,clone,4414.154301916968,2:2:4:4:4:3:4:4:1
2:2:4:4:4:3:4:4:1:,clone,4389.854486817013,2:2:4:4:4:3:4:4:1
2:2:4:4:4:3:4:4:1:,recombination,4389.854486817012,2:2:4:4:4:3:4:4:2,4:4:4:4:4:1:1:4:4,MUTATE
2:2:4:4:4:3:4:4:1:,clone,4267.322303070114,2:2:4:4:4:3:4:4:1
4:2:4:3:2:4:4:4:3:,clone,3406.1743633811516,4:2:4:3:2:4:4:4:3
4:2:4:4:2:4:4:4:4:,recombination,3343.103609798258,4:2:4:4:1:4:4:4:3,3:1:4:3:2:4:4:4:2
3:1:4:2:0:4:4:4:2:,recombination,3832.5550652747534,4:2:4:4:2:4:4:4:4,4:2:4:4:4:3:4:4:4,MUTATE
4:2:4:4:2:4:4:4:2:,clone,3749.1079125143856,4:2:4:4:2:4:4:4:3
4:2:4:3:1:4:4:4:2:,recombination,3630.2971151430115,4:2:4:3:2:4:4:4:3,2:1:4:3:1:4:4:4:0,MUTATE
2:2:4:3:1:4:4:4:1:,clone,3578.7845540643552,2:2:4:3:1:4:4:4:1
4:1:4:3:2:4:4:4:2:,recombination,3253.741438579152,3:2:4:4:4:4:3:4:3,3:1:4:4:3:4:4:4:2
2:1:4:4:3:4:4:4:0:,recombination,3908.387950893291,4:3:4:4:4:3:3:4:4,3:1:4:4:4:3:4:4:2
4:2:4:4:4:2:3:4:4:,recombination,3134.314323548192,2:1:4:2:0:4:4:4:0,4:3:4:4:4:0:1:2:4,MUTATE
2:2:4:2:0:4:4:4:1:,clone,3940.851333957269,2:2:4:2:0:4:4:4:1
4:2:4:4:4:3:4:4:3:,recombination,3308.476861471669,4:3:4:4:4:1:3:4:4,4:2:4:4:4:2:3:4:4,MUTATE
4:2:4:4:4:4:4:4:3:,recombination,3392.581749124329,4:3:4:4:4:2:2:4:4,2:1:4:4:2:3:4:4:1
4:2:4:4:4:4:4:4:3:,clone,3390.934408398478,4:2:4:4:4:4:4:4:3
2:2:4:4:1:4:4:4:1:,clone,4382.394757584958,2:2:4:4:1:4:4:4:1
1:1:4:1:0:4:4:4:0:,clone,3118.0650757448043,1:1:4:1:0:4:4:4:0
2:1:4:2:1:4:4:4:1:,clone,3256.9507054354103,2:1:4:2:0:4:4:4:1
4:4:1:4:4:0:0:3:4:,clone,3283.6969514290154,4:4:4:4:4:0:0:1:4
3:2:4:3:1:4:4:4:1:,recombination,4261.112070419444,4:2:4:4:2:3:4:4:4,2:2:4:2:0:4:4:4:1
4:4:4:4:4:0:0:4:4:,recombination,3046.9733595205093,4:2:4:4:4:4:3:4:3,3:2:4:4:4:3:3:4:3,MUTATE
4:4:4:4:4:1:1:3:4:,recombination,2949.913110340622,3:2:4:4:4:3:3:4:3,4:3:4:4:4:0:1:2:4
3:2:4:2:1:4:4:4:2:,recombination,3797.628332069143,2:1:4:1:0:4:4:4:0,2:1:4:4:2:4:4:4:1
2:1:4:1:0:4:4:4:1:,recombination,3283.696951429016,4:2:4:4:4:3:3:4:4,4:4:4:4:4:0:1:2:4,MUTATE
4:2:4:4:4:4:4:4:4:,recombination,3392.2251514492377,3:1:4:4:2:3:4:4:2,2:1:4:2:1:4:4:4:0
2:2:4:4:2:4:4:4:2:,recombination,4435.11529914872,3:2:4:4:4:3:4:4:2,4:3:4:4:4:2:2:4:4
4:4:4:4:4:0:0:2:4:,clone,2991.564517421801,4:4:4:4:4:0:0:2:4
4:4:4:4:4:0:1:3:4:,clone,3034.850695448797,4:4:4:4:4:0:1:4:4
3:1:4:4:3:3:4:4:2:,recombination,3407.472678534371,4:4:4:4:4:1:1:4:4,3:2:4:3:2:4:4:4:2
4:2:4:4:2:4:4:4:3:,clone,3326.324787916353,4:2:4:4:2:4:4:4:3
2:1:4:3:2:4:4:4:1:,clone,3341.5958138248507,2:1:4:3:2:4:4:4:1
2:2:4:4:1:4:4:4:1:,clone,4364.813508592309,2:2:4:4:1:4:4:4:1
2:1:4:2:0:4:4:4:0:,recombination,3094.744249541752,4:3:4:4:4:2:2:4:4,4:2:4:4:4:4:4:4:4,MUTATE
0:1:4:2:0:4:4:4:0:,recombination,5647.752678451091,3:2:4:4:2:3:4:4:2,3:2:4:4:4:3:4:4:2,MUTATE
4:4:2:4:4:0:0:4:4:,clone,3283.6969514290154,4:4:1:4:4:0:0:4:4
3:2:4:4:2:3:4:4:2:,clone,3378.4977218841755,3:2:4:4:2:3:4:4:2
3:2:4:4:2:4:4:4:2:,clone,3283.4549601677422,3:2:4:4:2:4:4:4:2
2:2:4:3:2:4:4:4:1:,recombination,3558.9520486320803,2:2:4:3:1:4:4:4:1,4:2:4:4:4:3:4:4:4,MUTATE
4:3:4:4:4:3:3:4:4:,recombination,3087.0750774958237,4:2:4:4:4:4:3:4:4,4:3:4:4:4:2:2:4:4
4:2:4:4:4:3:4:4:3:,recombination,3307.259008089752,4:2:4:4:2:4:4:4:3,4:2:4:3:2:3:4:4:3
4:2:4:4:4:4:3:4:4:,recombination,3336.0277092223264,4:2:4:4:4:3:3:4:4,4:3:4:4:4:2:2:4:4,MUTATE
2:1:4:3:2:4:4:4:1:,clone,3299.7839369051317,2:1:4:3:2:4:4:4:1
4:2:4:4:2:4:4:4:3:,recombination,3148.5158266039552,2:1:4:2:0:4:4:4:0,3:2:4:4:2:4:4:4:2,MUTATE
4:2:4:4:3:4:4:4:3:,recombination,3102.3000399952007,4:3:4:4:4:2:2:4:4,4:2:4:4:4:3:3:4:4,MUTATE
4:1:4:3:2:4:4:4:2:,clone,3172.221097987797,4:1:4:3:2:4:4:4:2
4:2:4:4:4:4:4:4:3:,clone,3386.6903853834715,4:2:4:4:4:4:4:4:3
4:2:4:4:4:4:4:4:3:,clone,3344.6729907366434,4:2:4:4:4:4:4:4:3
4:2:4:4:4:3:4:4:3:,clone,3289.4834401231387,4:2:4:4:4:3:4:4:3
4:2:4:4:4:3:3:4:3:,clone,3228.1122191113104,4:2:4:4:4:3:4:4:3
3:2:4:3:2:4:4:4:1:,clone,3757.6717487646397,2:2:4:3:2:4:4:4:1
3:2:4:4:4:4:3:4:2:,recombination,3606.7327354365075,3:2:4:4:2:3:4:4:2,4:2:4:4:3:3:4:4:4
4:4:3:4:4:0:0:1:4:,recombination,3381.808857517574,4:3:4:4:4:3:2:4:4,2:1:4:3:2:4:4:4:1
3:2:4:3:0:4:4:4:2:,recombination,4797.567172378204,4:2:4:4:3:3:4:4:4,2:1:4:3:1:4:4:4:1,MUTATE
4:4:3:4:4:0:0:2:4:,clone,3499.2588591664626,4:4:3:4:4:0:0:2:4
4:4:3:4:4:0:0:2:4:,recombination,3456.7364459897526,4:3:4:4:4:2:2:4:4,2:1:4:4:2:4:4:4:1
4:4:3:4:4:0:0:2:4:,recombination,3456.736445989752,3:2:4:4:3:4:4:4:3,4:2:4:4:3:3:4:4:3,MUTATE
4:4:3:4:4:0:1:3:4:,clone,3456.736445989752,4:4:3:4:4:0:1:2:4
4:4:3:4:4:0:1:3:4:,clone,3381.808857517574,4:4:3:4:4:0:1:3:4
4:4:3:4:4:1:1:4:4:,recombination,3178.1537937781636,4:4:4:4:4:1:1:2:4,2:1:4:3:2:4:4:4:1,MUTATE
4:1:4:4:3:4:4:4:2:,clone,3490.579781289934,4:1:4:4:3:4:4:4:2
3:2:4:3:0:4:4:4:2:,clone,4695.907233228438,3:2:4:3:0:4:4:4:2
4:2:4:4:2:4:4:4:2:,recombination,3686.115935007804,4:2:4:4:4:3:3:4:4,3:2:4:4:2:4:4:4:2,MUTATE
4:2:4:4:4:3:3:4:4:,clone,3036.055346674583,4:2:4:4:4:3:3:4:4
2:1:4:4:3:4:4:4:1:,recombination,3343.0047163073627,4:3:4:4:4:2:3:4:4,3:1:4:4:3:3:4:4:2,MUTATE
4:2:4:3:1:4:4:4:2:,clone,3572.0517924379756,4:2:4:3:1:4:4:4:2
4:2:4:3:2:4:4:4:3:,clone,3403.5192262426253,4:2:4:3:2:4:4:4:3
4:2:4:3:2:4:4:4:3:,clone,3395.6425067555892,4:2:4:3:2:4:4:4:3
4:2:4:3:1:4:4:4:2:,clone,3519.9193931597847,4:2:4:3:1:4:4:4:2
3:1:4:3:0:4:4:4:2:,recombination,4227.4651009188065,3:2:4:3:0:4:4:4:2,4:2:4:4:3:3:4:4:3,MUTATE
3:1:4:2:0:4:4:4:2:,clone,3816.935043946998,3:1:4:2:0:4:4:4:2
4:3:4:4:4:4:4:4:4:,clone,4224.079697119112,4:3:4:4:4:3:4:4:4
4:3:4:4:4:4:4:4:4:,recombination,4108.334893340118,4:3:4:4:4:3:3:4:4,4:3:4:4:4:3:3:4:4
2:1:4:4:4:3:4:4:1:,recombination,3978.516847721382,4:4:4:4:4:0:1:1:4,4:4:4:4:4:0:2:3:4
4:2:4:3:2:4:4:4:3:,clone,3380.384207964331,4:2:4:3:2:4:4:4:3
4:2:4:4:1:4:4:4:3:,recombination,4319.420560016363,2:1:4:2:0:4:4:4:0,4:4:4:4:4:2:3:4:4,MUTATE
4:2:4:4:1:4:4:4:3:,clone,4285.80064483127,4:2:4:3:1:4:4:4:3
3:2:4:4:1:4:4:4:2:,clone,4266.9274650034495,3:2:4:4:1:4:4:4:2
4:1:4:4:3:3:4:4:3:,recombination,3396.517036115086,4:2:4:4:3:4:4:4:3,3:2:4:4:4:3:4:4:3,MUTATE
2:1:4:4:0:4:4:4:1:,clone,6247.636828587476,2:1:4:4:0:4:4:4:1
3:1:4:4:4:4:3:4:2:,recombination,3489.430904515106,2:1:4:3:2:4:4:4:1,2:2:4:4:1:4:4:4:2
3:1:4:4:2:4:4:4:1:,clone,3454.956845154022,3:1:4:4:2:4:4:4:1
2:1:4:4:0:4:4:4:1:,clone,6088.482602737144,2:1:4:4:0:4:4:4:1
1:1:4:1:0:4:4:4:0:,recombination,3109.378823710624,4:3:4:4:4:3:3:4:4,4:4:4:4:4:0:0:1:4
3:2:4:2:1:4:4:4:2:,recombination,3637.6143253540567,3:2:4:4:2:4:4:4:2,4:2:4:4:4:3:4:4:4
3:2:4:2:1:4:4:4:2:,clone,3548.6168712013755,3:2:4:2:1:4:4:4:2
3:2:4:2:1:4:4:4:2:,clone,3382.4912700898108,3:2:4:2:1:4:4:4:2
3:1:4:2:1:4:4:4:2:,clone,3258.4195388277153,3:1:4:2:1:4:4:4:2
2:1:4:1:0:4:4:4:0:,recombination,3198.5012020652757,2:1:4:2:0:4:4:4:0,3:2:4:4:2:4:4:4:2,MUTATE
3:1:4:4:4:4:4:4:3:,clone,4860.010453746289,3:1:4:4:4:4:4:4:3
2:1:4:4:1:4:4:4:0:,recombination,4347.920836047449,3:2:4:4:4:2:3:4:3,3:2:4:3:1:4:4:4:1,MUTATE
3:2:4:4:3:4:4:4:2:,recombination,3312.547062571538,4:3:4:4:4:2:2:4:4,4:2:4:4:4:3:2:4:4
3:2:4:4:3:4:4:4:2:,clone,3284.0710525196687,3:2:4:4:3:4:4:4:2
1:1:4:1:0:4:4:4:0:,clone,3087.0253486240576,1:1:4:1:0:4:4:4:0
3:2:4:3:2:4:4:4:2:,clone,3278.615481107278,3:2:4:3:2:4:4:4:2
3:2:4:4:3:4:4:4:2:,recombination,3275.4023609156557,4:4:3:4:4:0:0:1:4,3:2:4:3:2:4:4:4:2,MUTATE
0:1:4:3:0:4:4:4:0:,clone,6289.435933230423,1:1:4:2:0:4:4:4:0
1:1:4:1:0:4:4:4:0:,recombination,3032.8038945125945,4:3:4:4:4:3:3:4:4,4:3:4:4:4:2:3:4:4,MUTATE
4:2:4:4:4:3:3:4:3:,recombination,3203.25126504419,4:4:3:4:4:1:1:4:4,3:2:4:4:3:3:4:4:2
3:1:4:4:3:3:4:4:2:,recombination,3062.2135289789067,4:2:4:4:4:3:3:4:3,4:2:4:4:4:3:4:4:3
3:2:4:4:3:3:3:4:2:,clone,2979.4736630730795,3:1:4:4:3:3:4:4:2
2:1:4:3:2:4:4:4:1:,clone,3237.1748295923417,2:1:4:3:2:4:4:4:1
4:3:4:4:4:3:4:4:4:,recombination,3857.0012061861203,3:1:4:4:2:4:4:4:1,3:2:4:4:2:4:4:4:3
4:4:4:4:4:2:3:4:4:,clone,3481.9427217722377,4:4:4:4:4:2:3:4:4
4:2:4:3:2:4:4:4:2:,recombination,3433.459992853397,4:2:4:4:4:3:3:4:4,3:2:4:4:2:4:4:4:2,MUTATE
4:1:4:4:3:4:4:4:3:,recombination,3575.7713399878276,4:1:4:4:4:3:4:4:3,4:4:4:4:4:2:3:4:4
2:2:4:4:2:4:4:4:1:,clone,3582.9424572777775,2:2:4:4:2:4:4:4:1
4:1:4:4:3:3:4:4:3:,recombination,3121.1653764694047,4:3:4:4:4:1:3:4:4,4:4:3:4:4:1:1:4:4
4:1:4:4:3:3:4:4:2:,recombination,3204.761817645581,2:1:4:2:0:4:4:4:0,4:2:4:4:4:4:3:4:4
3:2:4:4:2:3:4:4:2:,clone,3376.2925157718755,3:2:4:4:2:3:4:4:2
4:2:4:4:2:4:4:4:2:,recombination,3421.426647531807,4:4:3:4:4:0:0:2:4,3:2:4:3:2:4:4:4:2,MUTATE
1:2:4:4:2:4:4:4:1:,clone,4483.238055852875,1:2:4:4:2:4:4:4:1
2:2:4:4:2:4:4:4:2:,recombination,4132.138646179584,2:1:4:2:0:4:4:4:0,4:2:4:4:2:4:4:4:3,MUTATE
2:2:4:4:2:4:4:4:2:,recombination,4062.4095544972442,4:2:4:4:4:3:3:4:4,4:3:4:4:4:3:4:4:4
3:1:4:4:3:4:4:4:2:,recombination,3265.089379905962,2:2:4:4:4:4:4:4:2,2:2:4:4:2:4:4:4:1
4:1:4:4:4:3:4:4:3:,clone,3687.3514545880744,4:1:4:4:4:3:4:4:3
4:2:4:3:2:4:4:4:3:,recombination,3259.9871150120607,2:2:4:4:1:4:4:4:2,4:2:4:4:4:4:4:4:3,MUTATE
3:2:4:3:2:3:4:4:2:,recombination,3506.9615810447,4:3:4:4:4:2:2:4:4,3:1:4:4:4:4:3:4:2
3:2:4:3:2:3:4:4:2:,recombination,3296.668568919973,4:3:4:4:4:3:2:4:4,3:2:4:3:2:3:4:4:2,MUTATE
3:2:4:3:2:4:4:4:2:,clone,3264.8800920873837,3:2:4:3:2:4:4:4:2
4:2:4:4:4:4:4:4:4:,recombination,3372.186290826241,3:2:4:4:3:4:4:4:3,4:3:4:4:4:2:3:3:4
4:2:4:4:4:4:3:4:3:,clone,3294.6736276904703,4:2:4:4:4:4:3:4:3
2:2:4:3:0:4:4:4:1:,clone,4153.078768585799,2:2:4:3:0:4:4:4:1
2:1:4:4:2:3:4:4:2:,recombination,4353.989250102571,4:3:4:4:4:1:2:3:4,3:1:4:4:2:3:4:4:2,MUTATE
3:1:4:3:2:3:4:4:2:,recombination,3201.2292669312205,4:3:4:4:4:1:2:3:4,3:1:4:4:3:3:4:4:2,MUTATE
3:1:4:4:2:3:4:4:2:,recombination,3225.180437949153,3:1:4:3:2:3:4:4:2,3:2:4:4:2:4:4:4:2,MUTATE
3:2:4:4:4:4:4:4:2:,recombination,3305.539245897911,1:1:4:3:1:4:4:4:0,4:2:4:4:3:3:4:4:3
1:1:4:4:1:4:4:4:0:,clone,4334.732640851588,1:1:4:4:1:4:4:4:0
2:1:4:4:1:4:4:4:0:,recombination,4291.8932802176305,3:2:4:4:3:3:4:4:2,2:1:4:2:0:4:4:4:1,MUTATE
3:2:4:4:1:4:4:4:2:,clone,4262.91676876663,3:2:4:4:2:4:4:4:2
4:1:4:4:2:4:4:4:2:,recombination,3411.2159177823723,3:2:4:4:3:3:4:4:2,4:2:4:4:4:4:4:4:3
4:2:4:4:4:4:4:4:3:,recombination,3320.8464393072586,4:2:4:4:4:4:4:4:3,4:2:4:4:3:4:4:4:3,MUTATE
4:2:4:4:4:3:3:4:3:,recombination,3181.3953897629594,2:1:4:2:0:4:4:4:0,2:2:4:3:1:4:4:4:1,MUTATE
3:2:4:4:4:4:3:4:2:,clone,3173.6344789222744,3:2:4:4:3:4:4:4:2
4:2:4:3:1:3:4:4:3:,recombination,3952.4421685692837,2:2:4:4:4:3:4:4:2,2:2:4:3:1:3:4:4:1
1:1:4:4:3:4:4:4:1:,recombination,5106.6816181604045,2:2:4:4:4:3:4:4:1,4:2:4:4:2:3:4:4:3
1:1:4:4:2:4:4:4:1:,clone,5203.503729625365,1:1:4:4:2:4:4:4:1
3:2:4:4:4:3:3:4:2:,clone,3199.0662678255444,3:2:4:4:4:3:4:4:2
2:1:4:3:1:3:4:4:1:,recombination,3900.9238232366697,4:2:4:3:1:3:4:4:3,3:1:4:4:3:3:4:4:2
3:1:4:3:0:4:4:4:1:,recombination,4124.547582278791,3:2:4:4:2:3:4:4:2,4:4:4:4:4:1:3:4:4,MUTATE
3:1:4:3:0:4:4:4:1:,clone,4070.283726424834,3:1:4:3:0:4:4:4:1
1:2:4:3:0:4:4:4:0:,recombination,4218.891825360816,2:2:4:3:2:4:4:4:1,3:2:4:4:2:3:4:4:2,MUTATE
2:2:4:4:2:3:4:4:2:,recombination,4539.949584876782,2:2:4:4:2:3:4:4:2,4:2:4:4:4:4:4:4:3
2:1:4:3:1:4:4:4:1:,clone,3278.8845457757743,2:1:4:3:1:4:4:4:1
0:1:4:3:0:4:4:4:0:,recombination,6026.587004472614,3:2:4:4:3:3:4:4:2,1:1:4:4:1:4:4:4:1,MUTATE
2:1:4:2:1:4:4:4:0:,recombination,3247.8595967889096,4:3:4:4:4:2:2:4:4,2:1:4:3:1:4:4:4:1,MUTATE
1:1:4:4:3:4:4:4:0:,recombination,3593.645336540083,4:4:4:4:4:1:2:2:4,3:2:4:4:3:4:4:4:2,MUTATE
1:1:4:3:0:4:4:4:1:,recombination,6126.935626833795,4:3:4:4:4:1:3:2:4,3:1:4:4:2:3:4:4:2,MUTATE
3:2:4:4:4:3:4:4:3:,recombination,3765.5640380090704,1:1:4:4:3:4:4:4:1,4:4:4:4:4:0:1:1:4
3:2:4:3:1:4:4:4:1:,recombination,4123.013227433261,1:2:4:3:0:4:4:4:0,2:2:4:3:1:4:4:4:1,MUTATE
0:1:4:3:0:4:4:4:0:,clone,6011.367447237346,0:1:4:3:0:4:4:4:0
0:1:4:3:0:4:4:4:0:,clone,6005.928886754865,0:1:4:3:0:4:4:4:0
4:3:4:4:4:1:2:4:4:,recombination,2962.068328037258,4:4:4:4:4:0:0:2:4,3:1:4:3:2:3:4:4:2,MUTATE
4:3:4:4:4:2:3:4:4:,clone,3137.1539642861994,4:3:4:4:4:3:3:4:4
3:1:4:4:2:4:4:4:1:,recombination,3431.2381172359255,4:2:4:4:3:4:4:4:4,4:3:4:4:4:1:1:2:4,MUTATE
4:2:4:3:1:4:4:4:2:,clone,3460.279990890785,3:2:4:3:1:4:4:4:2
4:2:4:3:1:4:4:4:2:,clone,3289.513967265686,4:2:4:3:1:4:4:4:2
4:1:4:3:1:4:4:4:2:,clone,3283.6969514290145,4:1:4:3:1:4:4:4:2
4:2:4:4:4:4:3:4:3:,clone,3272.263708436716,4:2:4:4:4:4:4:4:3
2:1:4:4:3:3:4:4:2:,clone,4205.947757747975,2:1:4:4:3:3:4:4:2
2:2:4:4:4:3:4:4:2:,clone,4176.303266432366,3:2:4:4:3:4:4:4:2
2:2:4:2:0:4:4:4:1:,clone,3782.7892083871393,2:2:4:2:0:4:4:4:1
3:2:4:2:0:4:4:4:1:,clone,3750.110121572804,3:2:4:2:0:4:4:4:1
3:2:4:4:3:4:4:4:2:,recombination,3236.721566639132,4:2:4:4:3:4:4:4:3,3:2:4:3:2:3:4:4:2,MUTATE
2:1:4:4:4:4:4:4:2:,recombination,4500.964287264757,3:2:4:3:1:4:4:4:2,1:1:4:3:1:4:4:4:0,MUTATE
2:2:4:4:4:4:4:4:1:,clone,3902.5476301695594,2:2:4:4:4:4:4:4:1
2:1:4:4:2:4:4:4:0:,recombination,3618.8441219768283,4:2:4:4:4:2:4:4:4,4:4:2:4:4:0:0:4:4
3:1:4:4:2:4:4:4:1:,clone,3206.0239553236893,3:1:4:4:2:4:4:4:1
3:1:4:4:2:4:4:4:1:,clone,3132.2140515104584,3:1:4:4:2:4:4:4:1
2:1:4:2:0:4:4:4:1:,clone,3125.9491049368517,2:1:4:2:0:4:4:4:1
4:2:4:4:4:3:3:4:3:,recombination,3152.003848364666,4:2:4:4:2:3:4:4:3,2:1:4:2:0:4:4:4:0
3:1:4:4:3:4:4:4:2:,recombination,3134.921933725154,4:2:4:4:4:2:3:4:4,3:2:4:4:2:4:4:4:2,MUTATE
3:2:4:3:2:4:4:4:2:,recombination,3250.102027895306,4:3:4:4:4:2:2:4:4,2:2:4:3:1:4:4:4:1
3:1:4:4:2:4:4:4:2:,clone,3147.637459134208,3:1:4:4:2:4:4:4:2
3:1:4:3:1:4:4:4:1:,clone,3124.3017642110012,3:1:4:3:1:4:4:4:1
2:1:4:2:1:4:4:4:0:,clone,3154.425114988721,2:1:4:2:0:4:4:4:1
3:2:4:3:1:4:4:4:1:,recombination,3870.85415792202,3:2:4:2:0:4:4:4:1,4:2:4:4:4:3:4:4:4,MUTATE
2:1:4:3:1:4:4:4:0:,recombination,3373.9955544010236,3:2:4:4:4:4:3:4:2,4:4:4:4:4:1:1:2:4,MUTATE
2:1:4:3:1:4:4:4:0:,clone,3207.7200732145147,2:1:4:3:1:4:4:4:0
2:1:4:3:2:4:4:4:0:,recombination,3576.6840166551033,4:3:4:4:4:3:3:4:4,3:1:4:4:3:4:4:4:2,MUTATE
1:2:4:2:0:4:4:4:0:,recombination,4386.7860751293065,3:1:4:3:2:4:4:4:1,4:1:4:3:1:4:4:4:2,MUTATE
4:2:4:4:4:3:2:4:4:,recombination,3218.991169773589,3:2:4:4:1:4:4:4:2,3:2:4:4:4:2:3:4:3
2:2:4:4:4:3:4:4:2:,clone,4125.120122887671,3:2:4:4:4:3:3:4:2
4:4:4:4:4:0:0:4:4:,clone,2923.000646948416,4:4:4:4:4:0:0:4:4
4:4:4:4:4:0:0:3:4:,recombination,2968.55831457901,4:3:4:4:4:3:2:4:4,4:3:4:4:4:2:2:4:4
4:4:4:4:4:1:0:4:4:,recombination,3060.084104520431,2:1:4:3:2:4:4:4:1,1:1:4:2:0:4:4:4:0,MUTATE
4:4:4:4:4:0:0:1:4:,clone,2905.412778387741,4:4:4:4:4:0:0:1:4
4:4:4:4:4:1:0:4:4:,recombination,2917.556493363906,4:2:4:4:3:3:4:4:3,4:2:4:4:3:4:4:4:4,MUTATE
4:3:4:4:4:2:3:4:4:,recombination,3083.0024907421757,1:1:4:1:0:4:4:4:0,4:4:4:4:4:1:2:4:4,MUTATE
4:4:4:4:4:1:1:4:4:,clone,2876.0171984924827,4:4:4:4:4:1:1:4:4
4:3:4:4:4:2:3:4:4:,clone,3065.549682463078,4:3:4:4:4:2:3:4:4
3:2:4:4:4:3:4:4:2:,recombination,3356.847654175018,2:1:4:4:2:4:4:4:1,4:4:1:4:4:0:0:3:4
3:2:4:4:4:3:3:4:2:,clone,3140.7839127635657,3:2:4:4:3:4:4:4:2
3:2:4:4:4:3:3:4:2:,clone,3135.6287289147485,3:2:4:4:4:3:3:4:2
4:2:4:4:3:4:4:4:4:,recombination,3153.046158205007,2:1:4:3:0:4:4:4:1,2:1:4:2:1:4:4:4:0,MUTATE
4:2:4:4:4:4:4:4:4:,recombination,3266.0495610683543,3:1:4:4:2:4:4:4:2,4:4:3:4:4:1:1:4:4
3:1:4:4:4:3:4:4:2:,recombination,3591.840245115329,2:1:4:4:1:4:4:4:1,4:2:4:4:4:3:4:4:3,MUTATE
4:1:4:4:3:4:4:4:3:,clone,3370.107579143446,4:1:4:4:3:4:4:4:3
4:4:4:4:4:0:2:2:4:,clone,3644.4920952348466,4:4:4:4:4:0:1:2:4
3:1:4:4:4:3:3:4:2:,recombination,3338.69344179271,1:1:4:4:1:4:4:4:0,4:2:4:4:4:3:4:4:4,MUTATE
4:3:4:4:4:4:3:4:4:,recombination,3902.4141851046566,4:2:4:4:3:3:4:4:3,3:2:4:3:1:4:4:4:2
1:1:4:4:1:4:4:4:0:,recombination,4298.927485270872,3:2:4:4:3:4:4:4:2,4:2:4:4:4:3:4:4:4,MUTATE
2:1:4:4:1:4:4:4:0:,clone,4289.9739507971635,2:1:4:4:1:4:4:4:0
2:2:4:4:2:3:4:4:1:,recombination,4368.14217998569,4:4:4:4:4:0:1:2:4,2:1:4:4:1:4:4:4:1
1:1:4:4:1:4:4:4:1:,recombination,5201.283277134,4:3:4:4:4:1:3:4:4,1:1:4:4:3:4:4:4:0,MUTATE
2:2:4:3:1:4:4:4:1:,recombination,3546.833290795005,3:2:4:3:2:4:4:4:2,4:2:4:3:2:4:4:4:2
2:1:4:3:0:4:4:4:0:,recombination,4032.4463923453777,4:2:4:4:3:4:4:4:4,2:1:4:4:1:4:4:4:0,MUTATE
3:1:4:4:4:4:4:4:2:,clone,3411.3859543070453,3:1:4:4:4:4:4:4:2
4:2:4:4:3:3:4:4:4:,clone,3205.6707056180403,4:2:4:4:3:3:4:4:4
3:1:4:3:2:4:4:4:2:,recombination,3126.6153301913373,3:2:4:4:3:4:4:4:3,3:2:4:3:2:4:4:4:1,MUTATE
3:2:4:3:0:4:4:4:2:,recombination,4486.955608470782,3:1:4:3:2:4:4:4:1,4:2:4:4:3:3:4:4:4
3:2:4:3:0:4:4:4:2:,recombination,4333.138864037851,2:1:4:2:1:4:4:4:1,4:2:4:4:4:4:4:4:4,MUTATE
3:1:4:2:0:4:4:4:2:,clone,3647.971507855388,3:1:4:2:0:4:4:4:2
4:2:4:4:4:4:3:4:4:,recombination,3325.134340354289,4:2:4:4:3:3:4:4:4,3:2:4:4:3:4:4:4:3
4:2:4:4:4:4:3:4:4:,recombination,3312.4341554408907,2:1:4:2:0:4:4:4:0,4:3:4:4:4:2:2:4:4
4:2:4:4:4:4:3:4:4:,recombination,3302.579653912128,2:2:4:4:3:4:4:4:2,3:2:4:3:2:4:4:4:2,MUTATE
4:1:4:4:2:4:4:4:2:,clone,3386.446506908363,4:1:4:4:2:4:4:4:2
4:2:4:4:4:4:4:4:3:,recombination,3278.68171569715,4:2:4:4:2:4:4:4:3,3:1:4:4:3:3:4:4:2
4:1:4:4:2:4:4:4:2:,recombination,3206.112269372006,3:2:4:4:2:3:4:4:2,3:1:4:4:4:3:4:4:2,MUTATE
3:1:4:2:1:4:4:4:2:,recombination,3228.151990084544,3:1:4:4:2:3:4:4:2,2:1:4:2:0:4:4:4:1,MUTATE
2:1:4:3:1:4:4:4:1:,clone,3166.3888737356765,3:1:4:3:1:4:4:4:1
2:2:4:3:0:4:4:4:1:,clone,4046.5072948632164,2:1:4:3:1:4:4:4:1
4:1:4:3:1:4:4:4:3:,recombination,3581.0702781927207,3:2:4:4:3:4:4:4:2,4:4:3:4:4:3:2:4:4
2:1:4:1:0:4:4:4:0:,clone,3158.582185307937,2:1:4:1:0:4:4:4:0
2:1:4:1:0:4:4:4:0:,clone,3158.5821853079365,2:1:4:1:0:4:4:4:0
2:1:4:1:0:4:4:4:0:,clone,3158.278605697662,2:1:4:1:0:4:4:4:0
4:2:4:4:3:4:4:4:2:,clone,3447.514310454605,3:2:4:4:3:4:4:4:2
2:2:4:4:4:3:4:4:2:,recombination,3922.7364196283006,4:4:4:4:4:1:1:3:4,3:2:4:2:0:4:4:4:1,MUTATE
4:3:4:4:4:2:2:4:4:,clone,2861.4602019526983,4:3:4:4:4:2:2:4:4
1:1:4:3:2:4:4:4:0:,clone,4018.0888600962694,1:1:4:3:2:4:4:4:0
4:2:4:4:4:2:3:4:4:,recombination,3009.5544147623473,4:3:4:4:4:2:2:4:4,4:4:4:4:4:0:0:1:4
1:1:4:4:3:3:4:4:1:,clone,5269.1899517661195,1:1:4:4:3:3:4:4:1
4:1:4:4:4:3:4:4:3:,recombination,3574.2361281667763,4:4:4:4:4:0:1:2:4,3:1:4:4:2:4:4:4:2,MUTATE
1:1:4:4:4:4:4:4:1:,clone,4962.495408666584,1:1:4:4:4:4:4:4:1
4:1:4:4:3:4:4:4:2:,recombination,3312.172961480884,4:3:4:4:4:0:1:2:4,3:2:4:3:2:4:4:4:2
1:1:4:4:2:4:4:4:1:,clone,4907.523038315827,3:1:4:3:2:4:4:4:2
1:1:4:4:2:4:4:4:1:,clone,4788.5573386863925,1:1:4:4:2:4:4:4:1
2:2:4:4:3:3:4:4:1:,clone,4280.080205828577,2:2:4:4:3:3:4:4:1
2:1:4:4:2:4:4:4:2:,clone,4425.960132202598,2:1:4:4:2:4:4:4:2
3:1:4:2:0:4:4:4:2:,clone,3643.0031379948014,3:1:4:2:0:4:4:4:2
3:2:4:4:2:4:4:4:3:,recombination,4158.474631295449,4:2:4:3:1:4:4:4:2,1:1:4:3:1:4:4:4:0
4:4:4:4:4:2:3:4:4:,clone,3439.595571565743,4:4:4:4:4:2:2:4:4
4:3:4:4:4:3:4:4:4:,clone,3779.8445926755803,4:3:4:4:4:3:4:4:4
3:2:4:2:0:4:4:4:1:,recombination,3655.3593484039707,1:2:4:3:0:4:4:4:0,2:1:4:3:1:4:4:4:1,MUTATE
2:2:4:2:1:4:4:4:1:,recombination,3880.788420887081,3:1:4:2:0:4:4:4:2,2:1:4:4:1:4:4:4:1
2:1:4:1:0:4:4:4:1:,clone,3283.6969514290145,2:2:4:2:0:4:4:4:1
4:4:4:4:4:0:1:3:4:,clone,3015.2043872972804,4:4:4:4:4:0:1:3:4
4:2:4:4:4:4:3:4:3:,clone,3206.826555357484,4:2:4:4:4:4:3:4:3
4:2:4:4:4:4:3:4:4:,clone,3283.696951429015,4:2:4:4:4:4:3:4:3
4:2:4:4:4:4:3:4:4:,recombination,3248.7032256734888,4:2:4:4:4:4:3:4:4,3:2:4:4:3:3:4:4:2
3:2:4:4:4:4:3:4:3:,recombination,3921.017691289349,3:1:4:4:4:4:4:4:2,4:2:4:4:2:3:4:4:3,MUTATE
4:3:4:4:3:3:4:4:4:,recombination,4039.6758041287985,2:1:4:3:2:4:4:4:1,4:2:4:3:1:4:4:4:3,MUTATE
4:4:4:4:4:0:1:4:4:,clone,2919.62263259306,4:4:4:4:4:0:1:4:4
1:1:4:3:0:4:4:4:0:,clone,4051.5589123836785,1:1:4:3:0:4:4:4:0
1:1:4:3:2:4:4:4:0:,clone,3978.5921958677427,2:1:4:4:3:4:4:4:1
1:1:4:3:2:4:4:4:0:,clone,3883.4915335781816,1:1:4:3:2:4:4:4:0
4:3:4:4:4:3:4:4:4:,clone,3748.0780004378003,4:2:4:4:4:3:4:4:4
4:1:4:3:1:4:4:4:2:,clone,3282.295376159196,4:1:4:3:1:4:4:4:2
4:2:4:4:2:4:4:4:2:,recombination,3206.5974822855565,4:3:4:4:4:3:4:4:4,4:2:4:4:4:2:3:4:4,MUTATE
2:1:4:4:3:4:4:4:1:,clone,3088.7132894175807,2:1:4:4:2:4:4:4:1
2:2:4:4:1:4:4:4:1:,recombination,4363.193215640974,4:2:4:4:4:2:4:4:4,4:4:4:4:4:0:1:4:4,MUTATE
2:2:4:3:1:4:4:4:1:,clone,3498.1710248922104,2:2:4:3:1:4:4:4:1
4:4:4:4:4:0:0:2:4:,clone,2976.486584152605,4:4:4:4:4:0:0:2:4
4:1:4:4:2:4:4:4:2:,recombination,3206.008448774513,4:3:4:4:4:1:2:3:4,2:1:4:1:0:4:4:4:0,MUTATE
4:2:4:4:4:4:4:4:3:,recombination,3258.1086361048497,4:4:3:4:4:0:0:2:4,2:1:4:1:0:4:4:4:0
3:1:4:4:1:4:4:4:2:,recombination,4257.842375106968,2:1:4:4:3:3:4:4:1,3:1:4:2:1:4:4:4:1,MUTATE
4:2:4:4:3:3:4:4:4:,clone,3200.957085523188,4:2:4:4:3:3:4:4:4
4:2:4:4:3:3:4:4:4:,recombination,3189.2996015875383,4:4:3:4:4:1:1:4:4,2:1:4:3:2:3:4:4:1,MUTATE
2:1:4:1:0:4:4:4:0:,clone,3087.8985028728307,2:1:4:1:0:4:4:4:0
2:1:4:2:1:4:4:4:1:,recombination,3163.4539675115343,3:1:4:4:3:3:4:4:2,4:2:4:4:4:4:3:4:4,MUTATE
2:1:4:2:1:4:4:4:1:,clone,3131.5828868619487,2:1:4:2:1:4:4:4:1
4:2:4:3:2:4:4:4:2:,clone,3417.012063264878,4:2:4:3:2:4:4:4:2
4:2:4:3:2:4:4:4:2:,recombination,3275.7294727301605,2:1:4:4:1:4:4:4:1,2:1:4:4:3:4:4:4:2,MUTATE
3:2:4:4:2:3:4:4:2:,recombination,3367.211082960519,3:2:4:2:0:4:4:4:1,4:2:4:4:4:2:3:4:4
3:1:4:2:0:4:4:4:1:,clone,3171.2917372429742,2:1:4:2:0:4:4:4:1
3:2:4:3:1:4:4:4:1:,recombination,3765.274488501862,3:1:4:4:2:4:4:4:1,3:2:4:4:2:4:4:4:2,MUTATE
3:2:4:2:1:4:4:4:1:,recombination,3646.396081515675,2:1:4:4:4:4:4:4:1,4:2:4:4:4:3:4:4:3,MUTATE
