4:3:4:4:4:2:3:4:4:,initialisation,3454.6699163232306,
4:3:4:4:4:3:3:4:4:,initialisation,3568.908177673341,
4:4:3:4:4:2:2:4:4:,initialisation,2792.7236611410153,
4:3:4:4:4:2:3:4:4:,initialisation,3405.93798438956,
4:3:3:4:4:2:2:4:4:,initialisation,2792.7236611410144,
4:3:4:4:4:3:3:4:4:,initialisation,3477.320859635089,
4:3:4:4:4:2:2:4:4:,initialisation,3244.590785497514,
4:4:4:4:4:1:2:4:4:,initialisation,3167.9839354191645,
4:3:4:4:4:2:3:4:4:,initialisation,3016.0989339724847,
4:2:4:4:4:3:3:4:4:,initialisation,4197.291954250265,
4:2:4:4:4:3:3:4:4:,initialisation,3510.3193585143795,
4:3:4:4:4:2:2:4:4:,initialisation,3225.2411547463644,
4:2:4:4:4:2:3:4:4:,initialisation,3431.965657149143,
4:4:4:4:4:2:2:4:4:,initialisation,2896.5814358054245,
4:4:2:4:4:2:2:4:4:,initialisation,2792.723661141016,
4:3:4:4:4:3:3:4:4:,initialisation,3397.02286043222,
4:3:3:4:4:3:3:4:4:,initialisation,2792.7236611410153,
4:3:4:4:4:1:2:3:4:,initialisation,3427.121052400191,
4:3:4:4:4:2:2:4:4:,initialisation,3199.8299701487113,
4:3:4:4:4:2:2:4:4:,initialisation,2876.3807029325953,
4:4:4:4:4:1:2:4:4:,initialisation,3043.5477190866504,
4:4:4:4:4:1:1:4:4:,initialisation,2747.0912340828377,
4:4:3:4:4:3:2:4:4:,initialisation,2792.723661141016,
4:4:3:4:4:2:2:4:4:,initialisation,2792.7236611410144,
4:3:3:4:4:3:2:4:4:,initialisation,2792.7236611410162,
3:2:4:4:4:3:4:4:2:,initialisation,4245.7618025332995,
4:2:4:4:4:3:4:4:4:,initialisation,3913.4960290253857,
4:3:4:4:4:1:2:4:4:,initialisation,3134.7575629490098,
3:2:4:4:3:4:4:4:3:,initialisation,5524.001997949492,
4:4:4:4:4:1:2:4:4:,initialisation,3014.1667229929867,
4:4:2:4:4:1:1:4:4:,initialisation,2792.7236611410144,
4:3:4:4:4:1:2:4:4:,initialisation,2785.6032194902305,
4:2:4:4:4:2:3:3:4:,initialisation,3888.9666411450658,
4:4:4:4:4:1:1:3:4:,initialisation,3048.2418390573102,
4:3:3:4:4:2:3:4:4:,initialisation,2792.7236611410153,
4:3:4:4:4:3:3:4:4:,initialisation,3395.0311213949412,
4:2:4:4:4:3:4:4:4:,initialisation,3813.634284319144,
4:2:4:4:4:3:3:4:4:,initialisation,3292.5829735987086,
4:4:4:4:4:2:3:4:4:,initialisation,4022.944383272734,
4:4:4:4:4:2:3:4:4:,initialisation,3838.3235199630362,
3:2:4:4:4:2:3:4:3:,initialisation,3650.886339033428,
4:3:4:4:4:1:2:4:4:,initialisation,2655.6949046908594,
4:3:3:4:4:2:2:4:4:,initialisation,2770.996742212162,
4:3:4:4:4:2:2:4:4:,initialisation,2755.2037477447493,
4:2:4:4:4:2:3:4:4:,initialisation,3273.131955198069,
3:2:4:4:4:3:4:4:3:,initialisation,4454.991168258218,
4:4:4:4:4:1:2:4:4:,initialisation,2946.3285201992803,
4:3:4:4:4:1:1:4:4:,initialisation,2829.61973844834,
4:3:4:4:4:2:3:3:4:,initialisation,4903.425470632405,
4:3:3:4:4:3:3:4:4:,initialisation,2792.723661141015,
4:3:4:4:4:1:1:3:4:,initialisation,3124.0947362724037,
4:2:4:4:4:3:3:4:4:,initialisation,3273.02265400859,
4:4:3:4:4:2:2:4:4:,initialisation,2780.3854157957853,
4:2:3:4:4:3:3:4:4:,initialisation,2792.7236611410153,
4:4:2:4:4:2:2:4:4:,initialisation,2792.7236611410153,
2:2:4:4:4:3:4:4:1:,initialisation,5683.294472317297,
4:3:3:4:4:2:2:4:4:,initialisation,2761.522258822014,
4:2:4:4:4:2:3:4:4:,initialisation,3092.2238386436197,
4:4:4:4:4:0:1:1:4:,initialisation,3043.514965357492,
4:3:4:4:4:1:2:2:4:,initialisation,3177.816812026371,
4:4:4:4:4:2:3:4:4:,initialisation,3352.7575381599663,
4:3:3:4:4:3:2:4:4:,initialisation,2792.723661141015,
2:2:4:4:3:3:4:4:2:,initialisation,4850.13241746949,
3:2:4:4:4:3:3:4:3:,initialisation,4186.601609927186,
4:3:4:4:4:1:1:2:4:,initialisation,3502.420043424349,
4:4:4:4:4:1:1:3:4:,initialisation,2818.280100030381,
4:4:4:4:4:1:2:3:4:,initialisation,3553.684066543354,
4:4:3:4:4:3:2:4:4:,initialisation,2792.7236611410153,
4:3:4:4:4:2:2:4:4:,initialisation,2694.8777397346676,
4:4:4:4:4:1:1:4:4:,initialisation,2721.0303531829636,
4:4:4:4:4:0:1:2:4:,initialisation,2917.2699434155584,
3:2:4:4:4:3:3:4:3:,initialisation,4175.581607955824,
4:4:1:4:4:0:1:4:4:,initialisation,2792.723661141016,
3:2:4:4:4:3:3:4:3:,initialisation,4068.3852872302045,
4:3:3:4:4:2:3:4:4:,initialisation,2792.723661141015,
4:3:4:4:4:3:3:4:4:,initialisation,3379.3604911030707,
2:2:4:4:4:3:4:4:2:,initialisation,5133.202163528053,
4:4:4:4:4:0:1:3:4:,initialisation,2668.090278433373,
4:4:4:4:4:1:2:4:4:,initialisation,2807.5292098822247,
4:3:4:4:4:0:1:2:4:,initialisation,3410.9208893203268,
4:4:3:4:4:2:2:4:4:,initialisation,2769.0439179638834,
4:3:4:4:4:3:3:4:4:,initialisation,3272.113462419603,
3:2:4:4:3:3:4:4:2:,initialisation,4742.71751269431,
4:4:4:4:4:2:3:4:4:,initialisation,3273.8760107327194,
4:4:4:4:4:1:2:4:4:,initialisation,2768.5816006265613,
4:4:3:4:4:1:2:4:4:,initialisation,2757.4979262336738,
4:2:4:4:4:4:4:4:4:,initialisation,4404.103679892627,
4:3:4:4:4:1:2:3:4:,initialisation,3249.2120852237085,
4:2:4:4:4:2:3:4:4:,initialisation,3089.16745088398,
4:3:4:4:4:1:3:4:4:,initialisation,3983.873794875531,
4:3:4:4:4:1:1:4:4:,initialisation,2566.868123209484,
4:3:4:4:4:3:2:4:4:,initialisation,3144.66417975329,
3:2:4:4:4:2:3:3:3:,initialisation,4097.556700100072,
4:4:2:4:4:2:2:4:4:,initialisation,2792.723661141015,
4:3:4:4:4:3:3:4:4:,initialisation,3183.408204504496,
4:4:2:4:4:2:1:4:4:,initialisation,2792.723661141015,
4:3:4:4:4:3:4:4:4:,initialisation,4951.025994940277,
4:3:4:4:4:1:1:3:4:,initialisation,2835.502787830452,
4:4:4:4:4:1:1:4:4:,initialisation,2644.1355224329077,
2:2:4:4:1:4:4:4:2:,initialisation,5367.552606240534,
4:3:4:4:4:2:2:3:4:,initialisation,3933.277751463856,
3:2:4:4:4:3:4:4:3:,initialisation,4350.836078844297,
4:3:4:4:4:2:2:3:4:,initialisation,3783.355744079076,
4:2:4:4:4:3:3:4:3:,initialisation,3924.6878626081584,
4:2:4:4:4:3:4:4:4:,initialisation,3385.6197149402783,
4:2:4:4:4:2:2:4:4:,initialisation,3377.1885879812976,
4:3:4:4:4:1:3:4:4:,initialisation,3688.4843189554063,
4:4:4:4:4:1:1:2:4:,initialisation,2903.9530264274995,
4:3:4:4:4:2:3:3:4:,initialisation,4229.910294499156,
4:4:4:4:4:0:0:0:4:,initialisation,2645.418446223798,
4:3:4:4:4:1:1:4:4:,initialisation,2552.543724749799,
4:3:4:4:4:2:1:4:4:,initialisation,3017.2751926237265,
4:4:2:4:4:1:2:4:4:,initialisation,2792.723661141016,
4:3:4:4:4:3:3:4:4:,initialisation,2928.7179247374047,
4:3:4:4:4:2:3:4:4:,initialisation,2792.7236611410153,
3:2:4:4:4:4:4:4:2:,initialisation,5206.215950233139,
4:3:4:4:4:2:2:4:4:,initialisation,2689.214401214507,
4:4:4:4:4:1:1:4:4:,initialisation,2570.891486812604,
3:2:4:4:4:3:4:4:3:,initialisation,4139.4920926517625,
4:3:4:4:4:3:3:4:4:,initialisation,2726.67003324159,
4:3:4:4:4:3:4:4:4:,initialisation,4460.860490792961,
4:4:4:4:4:1:2:3:4:,initialisation,3320.358397501545,
4:4:4:4:4:1:2:4:4:,initialisation,2709.8549582782052,
4:2:4:4:4:3:3:4:4:,initialisation,2792.723661141015,
4:3:4:4:4:3:4:4:4:,initialisation,3942.644902764368,
4:4:4:4:4:2:2:4:4:,initialisation,2794.634471315842,
4:3:4:4:4:2:3:3:4:,initialisation,3975.375184498016,
4:4:4:4:4:1:2:2:4:,initialisation,3346.097660427144,
4:4:4:4:4:1:0:3:4:,initialisation,2718.1885125636913,
4:3:4:4:4:2:3:4:4:,initialisation,2746.058061173378,
4:4:3:4:4:1:2:4:4:,initialisation,2683.089344068874,
4:3:4:4:4:0:2:1:4:,initialisation,3097.6196556648597,
4:3:4:4:4:3:4:4:4:,initialisation,3916.130674131518,
3:2:4:4:4:3:4:4:3:,initialisation,4075.137045134828,
4:3:4:4:4:2:3:3:4:,initialisation,3921.7249186832405,
3:2:4:4:4:3:4:4:2:,initialisation,4201.820392227266,
4:3:4:4:4:1:3:4:4:,initialisation,3211.723072462506,
4:4:4:4:4:1:1:3:4:,initialisation,2767.4128231822947,
4:4:2:4:4:2:2:4:4:,initialisation,2774.5658842030407,
4:2:4:4:4:2:3:4:4:,initialisation,3001.1136697761353,
4:3:3:4:4:3:2:4:4:,initialisation,2786.925449071287,
4:3:4:4:4:2:2:4:4:,initialisation,2625.4386860167415,
4:2:4:4:3:3:4:4:3:,initialisation,4417.192826561407,
4:3:3:4:4:2:2:4:4:,initialisation,2744.7424414989314,
4:3:4:4:4:3:4:4:4:,initialisation,3667.6891078039994,
4:2:4:4:4:3:4:4:3:,initialisation,4533.315148841211,
4:4:4:4:4:2:3:4:4:,initialisation,3077.3790288201735,
4:3:4:4:4:1:2:2:4:,initialisation,3073.7327472632383,
4:4:4:4:4:1:1:3:4:,initialisation,2732.6835513397846,
4:3:4:4:4:2:2:3:4:,initialisation,3705.8670358495683,
4:2:4:4:4:1:3:4:4:,initialisation,3511.5043517756376,
4:3:4:4:4:2:2:3:4:,initialisation,3663.161224296399,
4:4:4:4:4:2:2:4:4:,initialisation,2718.439532690191,
3:2:4:4:3:4:4:4:2:,initialisation,4847.959914471013,
4:2:4:4:4:4:3:4:4:,initialisation,3173.7276882368815,
4:4:4:4:4:2:1:4:4:,initialisation,2802.0512943757503,
4:4:3:4:4:2:2:4:4:,initialisation,2768.5763606968244,
4:3:4:4:4:2:1:4:4:,initialisation,2774.6139214827485,
4:4:3:4:4:1:1:4:4:,initialisation,2814.537848955152,
4:4:4:4:4:0:1:2:4:,initialisation,2725.569362493997,
4:2:4:4:4:2:2:4:4:,initialisation,2920.0461543481183,
2:2:4:4:4:2:3:4:2:,initialisation,4491.851900169895,
4:4:4:4:4:0:1:1:4:,initialisation,3018.904411061145,
4:3:4:4:4:1:2:4:4:,initialisation,2636.695366109544,
4:2:4:4:3:4:4:4:3:,initialisation,4590.382083859394,
4:3:4:4:4:1:1:2:4:,initialisation,2852.18755194981,
3:2:4:4:3:3:4:4:3:,initialisation,3908.6757168561226,
2:2:4:4:4:3:3:4:2:,initialisation,4570.056866688607,
4:4:2:4:4:1:2:4:4:,initialisation,2792.7236611410153,
3:2:4:4:4:3:3:4:3:,initialisation,3645.716323167327,
4:4:4:4:4:1:2:3:4:,initialisation,3243.485707169166,
4:4:4:4:4:2:1:4:4:,initialisation,2779.161047600666,
4:3:4:4:4:1:3:3:4:,initialisation,3795.9905706466957,
4:2:4:4:4:4:4:4:4:,initialisation,4211.056664966143,
4:4:4:4:4:0:0:3:4:,initialisation,2456.762986180205,
3:2:4:4:3:3:4:4:3:,initialisation,3606.453586407429,
3:2:4:4:4:2:4:4:3:,initialisation,4346.772662589898,
4:3:4:4:4:1:2:4:4:,initialisation,2582.644367968352,
4:3:3:4:4:1:2:4:4:,initialisation,3132.4085551833214,
4:2:4:4:4:4:4:4:3:,initialisation,4279.624708729857,
3:2:4:4:3:3:4:4:2:,initialisation,3897.1933487816314,
4:3:4:4:4:2:2:3:4:,initialisation,3458.3406540331343,
4:4:4:4:4:1:2:2:4:,initialisation,3285.1240284899563,
4:4:3:4:4:2:2:4:4:,initialisation,2749.561485141508,
4:3:4:4:4:1:1:1:4:,initialisation,3367.3951701920273,
4:3:4:4:4:1:2:3:4:,initialisation,3187.1374164355184,
4:2:4:4:4:2:2:4:4:,initialisation,2834.352006793271,
4:4:3:4:4:2:3:4:4:,initialisation,2986.029924008197,
4:2:4:4:3:4:4:4:3:,initialisation,4117.5228654856965,
3:2:4:4:4:3:4:4:3:,initialisation,3686.60038033531,
4:4:4:4:4:1:2:3:4:,initialisation,3189.9707884279264,
4:4:4:4:4:0:1:4:4:,initialisation,3122.1127774751685,
4:4:2:4:4:2:1:4:4:,initialisation,2792.7236611410144,
4:4:4:4:4:1:1:4:4:,initialisation,2498.4140336792248,
3:2:4:4:3:4:4:4:3:,initialisation,4571.190318817656,
4:2:4:4:3:4:4:4:3:,initialisation,3851.626228042788,
4:3:4:4:4:2:2:2:4:,initialisation,4120.1953279161335,
3:2:4:4:4:2:4:4:3:,initialisation,4158.572487988559,
4:4:4:4:4:2:2:3:4:,initialisation,3413.3465638676294,
4:3:4:4:4:1:3:4:4:,initialisation,3181.5367743751744,
3:2:4:4:2:4:4:4:2:,initialisation,3757.468840709557,
4:2:4:4:4:2:2:3:4:,initialisation,3908.1360683725106,
4:4:4:4:4:1:2:4:4:,initialisation,2597.7997209515424,
4:2:4:4:4:1:2:3:4:,initialisation,3970.2121633735337,
4:3:4:4:4:2:3:3:4:,initialisation,3920.453200871831,
4:4:3:4:4:2:1:4:4:,initialisation,2895.943386579515,
4:4:4:4:4:1:2:3:4:,initialisation,3159.4111040082093,
4:3:4:4:4:2:3:3:4:,initialisation,3751.988142498645,
4:4:4:4:4:1:2:3:4:,initialisation,3046.79926272908,
4:2:4:4:3:3:4:4:4:,initialisation,4021.3248956030934,
4:4:4:4:4:0:1:4:4:,initialisation,2639.17807982703,
4:3:4:4:4:2:1:4:4:,initialisation,2695.8104053827374,
4:3:4:4:4:0:1:2:4:,initialisation,2792.685802671134,
4:2:4:4:4:2:4:4:4:,initialisation,4296.93527817772,
4:4:3:4:4:2:3:4:4:,initialisation,2792.723661141015,
4:3:4:4:4:3:2:4:4:,initialisation,2834.212631086645,
4:2:4:4:4:1:2:4:4:,initialisation,3240.3148483459036,
4:2:4:4:4:3:4:4:3:,initialisation,4086.0676718314376,
4:3:4:4:4:1:2:3:4:,initialisation,3044.2088201397046,
4:2:4:4:4:1:2:2:4:,initialisation,3699.014979862253,
4:4:2:4:4:1:2:4:4:,initialisation,2792.723661141015,
4:2:4:4:4:3:4:4:3:,initialisation,4050.465654130674,
4:4:2:4:4:2:1:4:4:,initialisation,2782.026626038403,
4:4:2:4:4:1:1:4:4:,initialisation,2774.565884203041,
4:2:4:4:3:3:4:4:3:,initialisation,3523.604706843364,
4:3:4:4:4:1:2:3:4:,initialisation,2958.8036490227228,
4:4:2:4:4:2:2:4:4:,initialisation,2764.545126183644,
4:2:4:4:4:3:3:4:3:,initialisation,3739.385241190733,
4:4:4:4:4:2:2:4:4:,initialisation,2702.5577528159183,
3:2:4:4:3:4:4:4:2:,initialisation,4786.146036384348,
4:4:3:4:4:2:1:4:4:,initialisation,2820.6323363686156,
4:3:4:4:4:1:1:2:4:,initialisation,2588.814132809366,
4:3:4:4:4:2:2:4:4:,initialisation,2537.6153050872235,
4:2:4:4:4:3:4:4:3:,initialisation,3791.2133822907217,
4:3:4:4:4:2:1:4:4:,initialisation,2515.5349784545683,
4:4:4:4:4:3:2:4:4:,initialisation,3353.2490829199305,
4:2:4:4:4:3:3:4:4:,initialisation,2792.7236611410144,
3:2:4:4:4:4:4:4:2:,initialisation,4834.0390110147655,
3:2:4:4:4:1:3:4:3:,initialisation,3697.9437003646967,
4:2:4:4:4:3:4:4:4:,initialisation,3354.753495774641,
4:4:4:4:4:0:2:4:4:,initialisation,2885.7381566244453,
4:4:4:4:4:1:3:4:4:,initialisation,3905.9352980337026,
4:4:4:4:4:1:0:3:4:,initialisation,2693.467089859104,
4:4:2:4:4:1:1:4:4:,initialisation,2758.272256739162,
2:2:4:4:3:4:4:4:2:,initialisation,5360.340769447462,
3:2:4:4:4:3:3:3:3:,initialisation,4944.152110304028,
4:2:3:4:4:3:3:4:4:,initialisation,2792.723661141015,
4:3:4:4:4:1:3:3:4:,initialisation,3689.3549080325774,
4:2:4:4:3:3:4:4:3:,initialisation,3470.8358792325907,
4:3:4:4:4:3:2:4:4:,clone,2789.8952427466616,4:3:3:4:4:3:2:4:4
4:2:4:4:4:3:4:4:4:,recombination,3288.5755491467057,4:3:4:4:4:3:3:4:4,4:3:4:4:4:3:4:4:4
3:2:4:4:4:3:4:4:3:,clone,3539.6641980615505,3:2:4:4:3:3:4:4:2
4:2:4:4:3:3:4:4:3:,clone,3449.4272412744704,4:2:4:4:3:3:4:4:3
4:4:3:4:4:1:1:4:4:,recombination,2784.2496815631807,4:4:2:4:4:1:1:4:4,4:4:4:4:4:1:1:3:4,MUTATE
4:4:4:4:4:0:0:2:4:,recombination,2532.2310387244647,4:2:4:4:4:2:2:4:4,4:4:4:4:4:0:0:0:4,MUTATE
4:2:4:4:3:3:4:4:4:,clone,3288.5755491467057,4:2:4:4:4:3:4:4:4
3:2:4:4:4:2:3:4:3:,clone,3605.8273838162677,3:2:4:4:4:2:3:4:3
4:2:4:4:4:1:2:3:4:,clone,3613.540129854826,4:2:4:4:4:2:3:3:4
3:2:4:4:4:4:4:4:2:,clone,4695.2561935238655,3:2:4:4:4:4:4:4:2
3:2:4:4:4:3:3:4:3:,recombination,3528.0602857302447,3:2:4:4:4:3:3:4:3,4:3:3:4:4:2:3:4:4,MUTATE
4:3:3:4:4:3:2:4:4:,recombination,2710.522319404579,4:4:4:4:4:1:1:3:4,4:3:4:4:4:3:3:4:4
4:3:4:4:4:2:2:2:4:,recombination,3381.690616725124,4:3:4:4:4:2:2:3:4,4:3:4:4:4:0:2:1:4
4:4:4:4:4:1:2:2:4:,recombination,3183.616003937189,4:3:4:4:4:1:1:4:4,4:3:4:4:4:1:1:2:4,MUTATE
4:4:4:4:4:1:2:3:4:,recombination,2911.0204214154355,4:4:4:4:4:2:3:4:4,4:3:4:4:4:0:1:2:4
4:3:4:4:4:2:3:2:4:,recombination,4536.476580112952,4:3:4:4:4:2:3:3:4,4:2:4:4:4:1:2:3:4,MUTATE
4:2:4:4:4:3:3:4:4:,clone,2781.6796719430627,4:2:4:4:4:3:3:4:4
4:4:4:4:4:1:2:2:4:,recombination,2942.296606264544,4:4:4:4:4:1:2:3:4,4:3:4:4:4:1:2:3:4,MUTATE
4:4:4:4:4:2:2:4:4:,recombination,2637.6338020780227,4:4:3:4:4:1:1:4:4,4:3:4:4:4:2:2:4:4,MUTATE
3:2:4:4:3:4:4:4:2:,recombination,3851.626228042788,4:2:4:4:3:4:4:4:3,4:2:4:4:4:3:4:4:3
4:3:4:4:4:1:2:3:4:,clone,2937.5998405917394,4:4:4:4:4:1:2:3:4
2:2:4:4:3:4:4:4:2:,clone,5075.931450129566,3:2:4:4:4:4:4:4:2
4:3:4:4:4:3:3:4:4:,clone,2720.6743542502727,4:3:4:4:4:3:3:4:4
4:4:4:4:4:2:1:4:4:,recombination,2684.7164002871386,4:4:2:4:4:2:1:4:4,4:2:4:4:4:2:2:4:4,MUTATE
4:4:3:4:4:2:1:4:4:,clone,2783.3458019581726,4:4:3:4:4:2:1:4:4
4:3:4:4:4:3:2:4:4:,recombination,2787.829328163214,4:2:4:4:4:3:3:4:4,4:3:4:4:4:2:1:4:4,MUTATE
4:3:4:4:4:3:3:4:4:,clone,2709.6249620268427,4:3:4:4:4:3:3:4:4
4:4:4:4:4:2:3:4:4:,clone,3072.6822631473683,4:4:4:4:4:2:3:4:4
4:2:4:4:4:3:4:4:3:,clone,3646.8344149746104,4:2:4:4:3:3:4:4:3
4:2:4:4:4:2:3:2:4:,recombination,5251.845354228794,4:2:4:4:3:4:4:4:3,4:3:4:4:4:2:3:2:4
4:4:4:4:4:0:1:1:4:,clone,2989.784420772421,4:4:4:4:4:0:1:1:4
4:4:2:4:4:2:1:4:4:,clone,2758.272256739162,4:4:2:4:4:1:1:4:4
4:2:4:4:4:3:3:4:4:,recombination,2709.624962026843,4:3:4:4:4:2:2:4:4,4:3:4:4:4:3:3:4:4,MUTATE
4:2:4:4:4:3:4:4:4:,recombination,3274.728763290719,4:2:4:4:4:2:3:3:4,4:3:4:4:4:3:3:4:4
4:3:4:4:4:2:3:2:4:,recombination,4510.05868063154,4:2:4:4:4:2:3:2:4,4:3:4:4:4:1:2:3:4
4:4:4:4:4:1:1:2:4:,clone,2864.6836330691453,4:4:4:4:4:1:1:2:4
4:4:4:4:4:0:1:1:4:,recombination,2953.900249130368,4:3:4:4:4:2:2:3:4,4:4:4:4:4:0:1:1:4,MUTATE
4:4:4:4:4:1:1:3:4:,recombination,2731.7393892179193,4:3:4:4:4:1:2:4:4,4:4:4:4:4:2:2:3:4
4:4:4:4:4:0:0:1:4:,recombination,2523.4295496602253,4:3:4:4:4:1:2:3:4,4:4:4:4:4:0:0:2:4,MUTATE
2:2:4:4:2:4:4:4:2:,recombination,3957.9797814261883,3:2:4:4:3:3:4:4:2,4:3:4:4:4:3:3:4:4
4:4:4:4:4:1:2:4:4:,clone,2597.799720951542,4:4:4:4:4:1:2:4:4
4:4:4:4:4:1:1:4:4:,recombination,2468.439687812003,4:3:4:4:4:2:2:3:4,4:4:4:4:4:1:1:4:4
4:2:4:4:4:2:3:4:4:,clone,2897.2598102290262,4:2:4:4:4:2:2:4:4
4:3:4:4:4:2:2:3:4:,recombination,3101.313699944436,4:3:4:4:4:2:2:3:4,4:3:4:4:4:2:2:4:4
3:2:4:4:4:2:3:4:3:,recombination,3357.496761331782,3:2:4:4:4:3:4:4:3,4:4:4:4:4:1:2:2:4,MUTATE
4:4:2:4:4:2:2:4:4:,recombination,2758.2722567391615,4:4:3:4:4:1:1:4:4,4:4:2:4:4:1:2:4:4,MUTATE
4:2:4:4:4:2:2:4:4:,recombination,2807.7262375315067,2:2:4:4:4:3:3:4:2,4:2:4:4:4:2:3:4:4
2:2:4:4:3:3:4:4:2:,recombination,4459.7955438272675,2:2:4:4:3:3:4:4:2,4:3:4:4:4:1:1:3:4
4:4:4:4:4:1:1:4:4:,clone,2456.9575127782095,4:4:4:4:4:1:1:4:4
4:4:4:4:4:0:1:1:4:,recombination,2952.5309884353596,4:4:2:4:4:1:1:4:4,4:4:4:4:4:0:1:1:4
2:2:4:4:3:4:4:4:2:,recombination,4709.657542348843,2:2:4:4:3:4:4:4:2,4:2:4:4:3:4:4:4:3,MUTATE
4:2:4:4:3:3:4:4:4:,clone,3271.530477931959,4:2:4:4:3:3:4:4:4
4:2:4:4:4:2:3:4:4:,clone,2890.985601598497,4:2:4:4:4:2:3:4:4
4:2:4:4:4:3:3:4:4:,clone,2709.6249620268427,4:2:4:4:4:3:3:4:4
4:2:4:4:4:3:3:4:4:,clone,2705.185833958934,4:2:4:4:4:3:3:4:4
4:2:4:4:4:3:4:4:3:,recombination,3591.733488748545,4:2:4:4:4:3:4:4:3,3:2:4:4:4:2:4:4:3
4:2:4:4:4:1:2:4:4:,recombination,3073.4318222485977,4:2:4:4:4:2:2:4:4,4:4:4:4:4:0:1:1:4,MUTATE
2:1:4:3:1:4:4:4:1:,recombination,3554.940520126426,3:2:4:4:4:3:4:4:3,4:2:4:4:4:3:3:4:4,MUTATE
4:4:3:4:4:3:2:4:4:,recombination,2792.723661141015,4:4:3:4:4:2:1:4:4,4:3:4:4:4:3:2:4:4,MUTATE
4:4:4:4:4:0:1:1:4:,recombination,2803.894088356294,4:3:4:4:4:0:1:2:4,4:4:4:4:4:1:2:3:4,MUTATE
2:2:4:4:3:4:4:4:2:,clone,4681.853084547304,2:2:4:4:3:4:4:4:2
4:3:4:4:4:3:2:4:4:,recombination,2693.4393058929527,4:3:3:4:4:3:2:4:4,4:2:4:4:4:3:3:4:4,MUTATE
4:3:4:4:4:1:2:3:4:,clone,2854.292149734831,4:3:4:4:4:1:1:2:4
4:2:4:4:3:3:4:4:3:,recombination,3271.530477931959,4:2:4:4:3:3:4:4:4,4:4:4:4:4:1:1:2:4
2:2:4:4:3:4:4:4:2:,clone,4618.528624852844,2:2:4:4:3:3:4:4:2
4:3:3:4:4:2:2:4:4:,recombination,2620.5086013692803,4:4:3:4:4:2:2:4:4,4:2:4:4:4:1:2:2:4,MUTATE
4:3:4:4:4:1:2:2:4:,clone,3017.8966668095686,4:3:4:4:4:1:1:2:4
4:3:4:4:4:1:2:2:4:,clone,2982.4961547979697,4:3:4:4:4:1:2:2:4
4:2:4:4:3:3:4:4:3:,clone,3261.4772553064126,4:2:4:4:3:3:4:4:3
4:2:4:4:3:3:4:4:4:,clone,3108.185244656405,4:2:4:4:3:3:4:4:3
3:2:4:4:4:4:4:4:3:,recombination,4176.260037526464,3:2:4:4:3:4:4:4:2,4:3:4:4:4:1:2:3:4,MUTATE
4:2:4:4:4:2:3:3:4:,recombination,3857.7885622296294,2:2:4:4:4:3:3:4:2,4:3:4:4:4:1:1:2:4
2:2:4:4:4:3:4:4:2:,recombination,4189.171313035174,3:2:4:4:3:3:4:4:2,3:2:4:4:4:2:3:3:3,MUTATE
4:2:4:4:2:4:4:4:3:,clone,3472.4905465090064,4:2:4:4:3:3:4:4:3
4:3:4:4:4:1:1:3:4:,clone,2626.941699850821,4:3:4:4:4:1:1:3:4
4:3:4:4:4:1:1:3:4:,recombination,2588.814132809366,4:3:4:4:4:1:1:2:4,4:2:4:4:4:2:3:4:4
4:4:4:4:4:1:3:4:4:,clone,3832.06610816521,4:4:4:4:4:1:3:4:4
4:2:4:4:4:4:4:4:3:,clone,3997.5832069764747,4:2:4:4:4:4:4:4:3
3:2:4:4:2:3:4:4:3:,recombination,4140.746873662905,2:2:4:4:3:4:4:4:2,4:3:4:4:4:3:4:4:4
2:2:4:4:3:4:4:4:2:,recombination,3559.2780610421555,3:2:4:4:4:3:3:4:3,2:1:4:3:1:4:4:4:1,MUTATE
4:4:4:4:4:1:2:3:4:,recombination,2824.6451868575787,4:3:4:4:4:1:1:4:4,3:2:4:4:4:1:3:4:3,MUTATE
4:2:4:4:3:4:4:4:3:,recombination,3512.4137197292475,4:3:4:4:4:3:4:4:4,2:2:4:4:3:4:4:4:2
2:2:4:4:4:3:3:4:2:,clone,3939.760011418776,2:2:4:4:4:3:3:4:2
4:3:4:4:4:2:2:4:4:,clone,2492.7885538718474,4:3:4:4:4:2:2:4:4
4:3:4:4:4:1:1:4:4:,recombination,2433.2801866938566,4:3:4:4:4:2:2:4:4,4:2:4:4:4:2:3:3:4
3:2:4:4:4:3:4:4:2:,recombination,4104.8282094776405,2:2:4:4:3:3:4:4:2,4:3:4:4:4:2:2:4:4,MUTATE
3:2:4:4:3:4:4:4:3:,recombination,3988.3191234761466,2:1:4:3:1:4:4:4:1,4:4:3:4:4:1:2:4:4,MUTATE
3:2:4:4:4:3:3:4:3:,recombination,3004.7067372671577,4:3:4:4:4:1:1:3:4,2:1:4:3:1:4:4:4:1
3:2:4:4:3:4:4:4:3:,recombination,3831.5770927492695,3:2:4:4:3:4:4:4:2,4:3:4:4:4:3:3:4:4,MUTATE
4:4:4:4:4:1:1:2:4:,clone,2852.213663951388,4:3:4:4:4:0:1:2:4
4:2:4:4:4:3:3:4:3:,recombination,3291.4786110373016,4:3:4:4:4:3:3:4:4,3:2:4:4:3:3:4:4:2,MUTATE
3:2:4:4:4:3:4:4:3:,clone,3182.6111659515454,3:2:4:4:4:3:3:4:3
4:2:4:4:4:1:1:4:4:,clone,2739.1690125082096,4:3:4:4:4:1:1:4:4
2:1:4:4:2:4:4:4:2:,recombination,4301.469800030912,4:2:4:4:4:4:4:4:3,3:2:4:4:4:2:3:4:3,MUTATE
3:2:4:4:4:3:4:4:2:,recombination,3921.5138038580803,2:2:4:4:4:3:4:4:2,4:3:4:4:4:3:3:4:4
3:2:4:4:3:4:4:4:2:,clone,3632.9875782505205,3:2:4:4:3:4:4:4:2
4:2:4:4:3:3:4:4:3:,clone,3181.136513354678,4:2:4:4:3:3:4:4:3
3:2:4:4:3:4:4:4:3:,clone,3711.7463099082447,3:2:4:4:3:4:4:4:2
4:2:4:4:4:3:4:4:4:,recombination,3191.189735980224,4:3:3:4:4:2:3:4:4,4:2:4:4:3:3:4:4:3,MUTATE
4:2:4:4:2:3:4:4:3:,clone,3552.501801699839,4:2:4:4:3:3:4:4:3
4:2:4:4:4:3:4:4:3:,recombination,3308.1064308009704,4:3:3:4:4:3:2:4:4,3:2:4:4:3:4:4:4:2,MUTATE
3:2:4:4:4:4:4:4:3:,recombination,3531.9852369402356,3:2:4:4:4:2:3:3:3,3:2:4:4:3:4:4:4:3,MUTATE
4:4:4:4:4:2:2:3:4:,recombination,3278.2540941666075,4:4:4:4:4:1:1:2:4,4:3:4:4:4:2:1:4:4
3:2:4:4:2:4:4:4:3:,clone,4151.796265886334,3:2:4:4:2:4:4:4:3
4:2:4:4:4:3:3:4:3:,recombination,3248.664793850971,3:2:4:4:4:3:4:4:3,4:3:4:4:4:2:3:4:4
3:2:4:4:3:3:4:4:3:,clone,3182.774381701903,3:2:4:4:4:3:4:4:3
3:2:4:4:4:4:4:4:2:,recombination,4499.583010499611,3:2:4:4:4:4:4:4:2,4:2:4:4:4:3:4:4:3,MUTATE
4:4:4:4:4:1:2:4:4:,recombination,2590.1955186368173,4:4:4:4:4:1:2:4:4,4:4:4:4:4:1:2:4:4,MUTATE
4:2:4:4:3:3:3:4:4:,clone,3027.84450270467,4:2:4:4:3:3:3:4:4
3:2:4:4:2:3:4:4:2:,recombination,3830.1491791205603,4:2:4:4:4:2:3:4:4,4:2:4:4:4:2:3:3:4,MUTATE
4:2:4:4:2:4:4:4:3:,clone,3280.399745852443,4:2:4:4:2:4:4:4:3
3:2:4:4:3:4:4:4:3:,clone,3690.3181484136358,3:2:4:4:3:4:4:4:3
4:2:4:4:4:2:3:4:3:,recombination,3769.0961020239824,3:2:4:4:4:2:4:4:3,4:4:4:4:4:1:2:4:4
4:2:4:4:4:3:4:4:3:,recombination,3286.9093233759572,4:2:4:4:4:2:3:4:4,4:3:4:4:4:1:1:3:4,MUTATE
4:2:4:4:4:2:3:4:3:,clone,3436.111551904118,4:2:4:4:4:2:3:4:4
4:2:4:4:4:3:2:4:4:,recombination,2691.185792374613,4:4:4:4:4:0:1:1:4,4:2:4:4:4:3:3:4:4,MUTATE
4:3:4:4:4:2:3:4:4:,clone,2742.9862619718183,4:3:4:4:4:2:3:4:4
4:2:4:4:4:3:3:4:3:,recombination,2668.5918414738526,3:2:4:4:4:4:4:4:3,4:2:4:4:4:3:3:4:4
4:3:4:4:4:2:3:4:4:,clone,2742.986261971818,4:3:4:4:4:2:3:4:4
3:1:4:4:2:3:4:4:3:,recombination,3715.191456128967,4:2:4:4:4:3:4:4:3,4:2:4:4:3:3:4:4:3,MUTATE
4:2:4:4:4:4:4:4:3:,recombination,3738.2481606357655,4:4:4:4:4:0:1:1:4,2:1:4:3:1:4:4:4:1,MUTATE
3:1:4:4:3:3:4:4:3:,clone,3547.2285010718606,3:2:4:4:3:3:4:4:3
3:2:4:4:4:3:3:4:3:,clone,2857.105850662573,3:2:4:4:4:3:3:4:3
4:4:4:4:4:0:1:3:4:,clone,2456.762986180205,4:4:4:4:4:0:0:3:4
4:4:4:4:4:0:1:2:4:,recombination,2578.8892633160635,4:4:4:4:4:0:1:3:4,4:4:4:4:4:1:1:4:4,MUTATE
4:2:4:4:4:1:3:4:4:,recombination,3112.2960395286004,4:3:4:4:4:0:2:1:4,4:2:4:4:4:3:4:4:3
4:3:4:4:4:1:2:4:4:,recombination,2410.8511230256127,4:4:4:4:4:2:1:4:4,4:3:4:4:4:2:2:4:4
4:2:4:4:3:3:4:4:3:,recombination,2878.172901001592,4:2:4:4:4:2:3:4:4,4:2:4:4:4:3:3:4:4,MUTATE
3:1:4:3:1:4:4:4:2:,recombination,3584.4531449948213,4:2:4:4:3:3:4:4:3,3:2:4:4:4:3:3:4:3,MUTATE
4:4:4:4:4:0:1:4:4:,clone,2553.01806597117,4:4:4:4:4:0:1:3:4
3:1:4:3:1:4:4:4:2:,recombination,3489.939961409966,4:2:4:4:3:3:4:4:3,2:2:4:4:3:4:4:4:2
4:2:4:4:3:4:4:4:3:,recombination,3041.7834601617283,4:3:4:4:4:3:3:4:4,4:2:4:4:4:3:3:4:3
3:2:4:4:2:4:4:4:3:,clone,4146.726966530574,3:2:4:4:2:4:4:4:3
3:2:4:4:3:4:4:4:3:,clone,3536.560819622488,3:2:4:4:3:4:4:4:3
3:1:4:3:2:3:4:4:2:,clone,3914.310583923707,3:2:4:4:2:3:4:4:3
3:1:4:4:2:3:4:4:2:,clone,3525.6451246016372,3:1:4:4:2:3:4:4:2
3:2:4:4:3:4:4:4:3:,recombination,3336.1157281694555,4:2:4:4:2:3:4:4:3,4:2:4:4:4:3:4:4:3
2:1:4:3:1:4:4:4:2:,recombination,3678.386917567344,4:4:4:4:4:2:2:4:4,4:2:4:4:4:3:4:4:3
4:2:4:4:4:2:3:4:4:,recombination,2858.5363216173764,4:3:3:4:4:2:2:4:4,4:2:4:4:4:3:3:4:4,MUTATE
3:2:4:4:3:3:4:4:2:,recombination,3844.633504653979,4:2:4:4:3:4:4:4:3,3:2:4:4:4:3:4:4:2,MUTATE
3:1:4:4:2:3:4:4:3:,recombination,3501.6550595817243,4:4:3:4:4:3:2:4:4,4:2:4:4:4:3:4:4:3,MUTATE
2:2:4:4:3:3:4:4:2:,clone,3786.8268411589947,2:2:4:4:3:3:4:4:2
4:2:4:4:3:3:3:4:3:,clone,2889.1487139681203,4:2:4:4:3:3:3:4:3
4:2:4:4:4:1:2:2:4:,clone,3383.9073754078913,4:2:4:4:4:1:2:2:4
4:2:4:4:4:1:2:3:4:,clone,3392.7097303179576,4:2:4:4:4:1:2:2:4
2:1:4:4:3:3:4:4:2:,clone,3688.262697856946,2:1:4:4:3:3:4:4:2
3:2:4:4:3:4:4:4:2:,clone,3228.1003583118877,3:1:4:4:3:4:4:4:2
3:1:4:3:2:3:4:4:2:,recombination,3764.7777003810515,4:2:4:4:4:2:3:4:4,3:1:4:3:2:3:4:4:2,MUTATE
3:2:4:3:2:4:4:4:2:,clone,4057.621566650988,3:2:4:4:2:3:4:4:3
4:2:4:4:3:4:4:4:4:,recombination,3412.6580085105657,4:3:4:4:4:3:4:4:4,3:2:4:4:3:4:4:4:2,MUTATE
2:2:4:4:4:2:3:4:2:,clone,3887.140955078512,2:2:4:4:4:2:3:4:2
3:1:4:4:2:3:4:4:3:,recombination,3499.1982525892354,4:4:4:4:4:1:1:3:4,3:1:4:4:2:3:4:4:3,MUTATE
4:3:4:4:4:1:2:4:4:,recombination,2363.9198142709924,4:4:2:4:4:2:1:4:4,4:3:4:4:4:1:2:4:4
4:2:4:4:4:4:3:4:3:,clone,3054.3700944422585,4:2:4:4:4:4:3:4:3
3:1:4:4:3:4:4:4:2:,clone,3477.0609636376375,3:1:4:3:1:4:4:4:2
3:1:4:4:3:3:4:4:2:,recombination,3464.3856949428405,4:2:4:4:4:3:4:4:3,4:3:4:4:4:2:2:2:4,MUTATE
3:1:4:4:4:4:4:4:2:,recombination,3277.482271767347,4:2:4:4:3:3:4:4:3,4:3:4:4:4:3:4:4:4,MUTATE
3:2:4:4:2:4:4:4:2:,clone,3734.7794121669212,3:2:4:4:2:4:4:4:2
4:2:4:4:4:4:4:4:4:,recombination,3367.0584691291315,4:2:4:4:4:3:4:4:4,4:3:4:4:4:2:2:3:4
3:2:4:4:3:4:4:4:2:,clone,3080.231403522284,3:1:4:4:3:4:4:4:2
3:1:4:4:3:3:4:4:2:,clone,3357.9941783403756,3:1:4:4:3:3:4:4:2
3:2:4:3:1:4:4:4:3:,recombination,4200.743617986945,4:4:3:4:4:2:3:4:4,2:1:4:3:1:4:4:4:2,MUTATE
3:2:4:4:4:2:3:4:2:,recombination,3906.231325894707,2:2:4:4:4:3:3:4:2,4:2:4:4:4:4:4:4:4,MUTATE
3:2:4:4:4:3:3:4:2:,recombination,3689.199818775061,3:2:4:4:4:3:4:4:2,4:4:4:4:4:1:1:3:4
3:1:4:4:3:4:3:4:2:,clone,2857.560085838213,3:1:4:4:3:4:3:4:2
3:1:4:3:1:4:4:4:2:,clone,3125.8181800182997,3:1:4:3:1:4:4:4:2
2:2:4:4:4:3:3:4:2:,recombination,3916.522561665128,3:2:4:4:4:2:3:4:2,4:4:2:4:4:2:2:4:4
3:1:4:4:3:4:4:4:2:,clone,3054.370094442259,3:1:4:4:3:4:4:4:2
4:2:4:4:4:2:3:4:3:,clone,3085.679598964844,3:2:4:4:4:2:3:4:3
3:2:4:4:3:4:4:4:2:,clone,3058.784787662225,3:2:4:4:3:4:4:4:2
3:2:4:4:3:3:4:4:2:,clone,2992.444839857188,3:2:4:4:3:4:4:4:2
2:2:4:4:2:4:4:4:2:,recombination,3679.13659952925,2:2:4:4:3:4:4:4:2,4:4:4:4:4:0:0:3:4
4:2:4:4:4:2:3:4:3:,clone,2872.1432024176006,4:2:4:4:4:2:3:4:3
3:1:4:4:3:4:4:4:2:,clone,3054.3700944422585,3:1:4:4:3:4:4:4:2
2:1:4:3:1:3:4:4:2:,clone,3871.5248032368377,3:1:4:3:1:4:4:4:2
4:2:4:4:2:4:4:4:3:,clone,3242.6501138240783,4:2:4:4:2:4:4:4:3
2:2:4:4:3:3:4:4:2:,clone,3371.155730837448,2:2:4:4:3:3:4:4:2
3:1:4:3:2:4:4:4:2:,recombination,3380.6760638341807,4:2:4:4:4:3:3:4:4,3:2:4:4:4:3:3:4:3,MUTATE
3:1:4:4:2:4:4:4:2:,recombination,3162.5526359963637,4:2:4:4:4:3:3:4:4,4:4:2:4:4:2:2:4:4,MUTATE
2:1:4:4:2:4:4:4:1:,clone,3215.3752915654427,3:1:4:4:3:4:4:4:2
4:4:4:4:4:1:1:3:4:,recombination,2703.921629349852,4:4:4:4:4:0:1:2:4,4:4:4:4:4:0:1:2:4,MUTATE
3:1:4:4:4:4:3:4:2:,recombination,3058.2725586287365,4:2:4:4:3:3:4:4:3,4:3:4:4:4:2:3:3:4,MUTATE
2:1:4:4:3:3:4:4:2:,clone,3672.633656312777,2:2:4:4:3:3:4:4:2
3:1:4:4:3:3:4:4:2:,clone,2988.624067481404,3:1:4:4:3:3:4:4:2
3:1:4:4:3:3:4:4:3:,clone,3142.000974800643,3:1:4:4:3:3:4:4:3
2:1:4:3:1:4:4:4:1:,clone,3479.5980876641893,3:1:4:4:3:4:4:4:2
3:1:4:4:2:3:4:4:2:,clone,3180.13290159853,3:1:4:4:3:3:4:4:2
2:1:4:3:1:4:4:4:1:,clone,3304.467025289868,2:1:4:2:1:4:4:4:1
3:2:4:3:1:4:4:4:2:,clone,4308.0649095591325,3:2:4:4:2:4:4:4:2
2:1:4:3:2:4:4:4:1:,clone,2958.240855554344,2:1:4:3:2:4:4:4:1
3:2:4:4:4:4:4:4:2:,clone,4478.397242808057,3:2:4:4:4:4:4:4:2
4:2:4:4:4:4:3:4:4:,recombination,3071.6380565087293,4:2:4:4:4:3:4:4:4,3:2:4:4:3:4:4:4:3,MUTATE
3:2:4:4:2:4:4:4:3:,recombination,3976.5141508178285,4:4:3:4:4:2:2:4:4,3:2:4:4:4:3:4:4:3
2:1:4:2:1:4:4:4:1:,clone,3272.6569416286816,2:1:4:2:1:4:4:4:1
2:1:4:2:0:4:4:4:1:,clone,3272.6569416286816,2:1:4:2:1:4:4:4:1
2:1:4:2:1:4:4:4:1:,clone,3263.0664447606828,2:1:4:2:1:4:4:4:1
4:4:4:4:4:1:1:3:4:,clone,2607.6665495588863,4:4:4:4:4:1:1:3:4
3:2:4:4:2:4:4:4:2:,recombination,3627.566375440665,3:2:4:4:3:3:4:4:2,3:2:4:4:4:2:3:3:3,MUTATE
3:2:4:3:2:4:4:4:2:,recombination,3829.6455992732467,4:2:4:4:4:3:4:4:4,4:2:4:4:3:3:3:4:4,MUTATE
4:2:4:4:4:1:2:3:4:,recombination,3004.5239559863867,4:2:4:4:4:1:2:3:4,4:2:4:4:4:2:2:3:4,MUTATE
4:4:4:4:4:1:3:4:4:,clone,3505.871660886939,4:4:4:4:4:1:3:4:4
3:2:4:3:1:4:4:4:2:,clone,3786.718874014332,3:2:4:3:2:4:4:4:2
3:2:4:4:2:3:4:4:2:,recombination,3440.629923014448,3:2:4:4:4:2:4:4:3,4:2:4:4:4:3:3:4:4
4:2:4:4:4:1:3:3:4:,clone,3618.7737013343867,4:2:4:4:4:1:2:3:4
3:2:4:3:2:4:4:4:2:,clone,3788.853995374423,3:2:4:3:2:4:4:4:2
3:1:4:3:2:4:4:4:2:,clone,3325.457679923396,3:1:4:3:2:4:4:4:2
1:1:4:2:0:4:4:4:0:,clone,3681.767879631029,2:1:4:3:1:4:4:4:1
4:2:4:4:4:1:2:4:4:,recombination,2924.288120460751,4:2:4:4:3:3:4:4:3,4:2:4:4:4:1:2:3:4
4:2:4:3:2:4:4:4:3:,recombination,3659.8097248237987,4:4:4:4:4:2:3:4:4,3:2:4:4:3:3:4:4:3
3:2:4:4:2:4:4:4:2:,recombination,3577.2634203929106,4:4:4:4:4:1:2:2:4,3:2:4:4:3:4:4:4:2,MUTATE
3:1:4:4:4:3:3:4:2:,recombination,2913.6426284562276,4:2:4:4:3:3:4:4:3,4:2:4:4:4:2:3:4:4,MUTATE
3:2:4:4:3:4:4:4:3:,clone,3312.859983852535,3:2:4:4:3:4:4:4:3
4:2:4:4:3:3:3:4:4:,recombination,2716.646652552138,4:3:4:4:4:3:4:4:4,4:3:4:4:4:3:3:4:4,MUTATE
3:2:4:4:2:4:4:4:3:,clone,3712.9481678903194,3:2:4:4:2:4:4:4:3
2:2:4:4:2:3:4:4:2:,recombination,3259.3048069418737,3:2:4:4:2:3:4:4:2,4:4:4:4:4:2:1:4:4,MUTATE
4:2:4:3:2:4:4:4:3:,clone,3536.3993813960033,4:2:4:4:2:4:4:4:3
4:2:4:4:4:4:3:4:4:,recombination,3018.392031434414,4:4:4:4:4:2:3:4:4,3:2:4:4:2:3:4:4:3,MUTATE
2:1:4:3:1:4:4:4:1:,clone,3244.217752049921,2:1:4:3:1:4:4:4:1
3:2:4:4:4:3:4:4:2:,clone,3572.8952217860055,3:2:4:4:4:3:3:4:3
3:1:4:4:3:4:4:4:2:,recombination,2913.065871046455,3:2:4:4:3:4:4:4:2,4:2:4:4:4:3:4:4:3,MUTATE
4:2:4:4:4:2:3:4:4:,recombination,2745.6531252278983,4:2:4:4:4:1:2:4:4,4:3:4:4:4:2:2:4:4
3:2:4:3:2:4:4:4:2:,recombination,3578.2965237613644,4:3:4:4:4:2:1:4:4,3:2:4:4:2:4:4:4:2,MUTATE
3:2:4:3:1:4:4:4:2:,clone,3578.296523761364,3:2:4:3:1:4:4:4:2
3:2:4:4:4:3:3:4:2:,recombination,3624.231046191539,4:2:4:4:4:1:2:4:4,3:2:4:4:3:4:4:4:2,MUTATE
1:1:4:1:0:4:4:4:0:,clone,3300.9425079472053,1:1:4:1:0:4:4:4:0
1:1:4:2:1:4:4:4:0:,recombination,3255.182655006446,4:2:4:4:4:2:3:4:4,4:2:4:4:3:4:4:4:3
1:1:4:2:0:4:4:4:0:,recombination,3628.5164625876687,4:2:4:4:4:3:3:4:4,4:2:4:4:4:4:4:4:3
3:2:4:4:2:4:4:4:3:,clone,3560.1650906084215,3:2:4:4:2:4:4:4:3
3:2:4:4:2:4:4:4:2:,recombination,3344.509062201217,4:2:4:4:4:4:3:4:3,3:2:4:4:3:4:4:4:3,MUTATE
4:2:4:4:3:3:4:4:4:,recombination,2897.140635446894,4:2:4:4:3:3:3:4:4,3:2:4:4:3:3:4:4:2,MUTATE
3:1:4:3:1:4:4:4:2:,recombination,3033.9355962030263,4:2:4:4:4:3:4:4:4,4:2:4:4:4:3:3:4:3,MUTATE
3:1:4:3:2:4:4:4:2:,recombination,2969.9722644722096,3:1:4:3:1:4:4:4:2,4:4:4:4:4:1:1:2:4,MUTATE
4:2:4:3:2:4:4:4:3:,recombination,2992.4146066103954,4:4:4:4:4:2:3:4:4,4:3:4:4:4:1:2:3:4,MUTATE
4:2:4:4:4:4:3:4:4:,clone,2992.4146066103954,4:2:4:4:4:4:3:4:4
2:2:4:3:1:4:4:4:2:,clone,3702.512634746131,2:2:4:3:2:3:4:4:2
2:1:4:4:2:4:4:4:2:,clone,3494.327424678876,2:1:4:4:2:4:4:4:2
2:1:4:2:1:4:4:4:1:,clone,2955.9987616553803,2:1:4:2:1:4:4:4:1
3:2:4:2:1:4:4:4:2:,clone,3255.688437225678,3:2:4:3:2:4:4:4:2
2:1:4:4:2:4:4:4:1:,clone,3082.702119491627,2:1:4:4:2:4:4:4:1
1:1:4:2:0:4:4:4:0:,clone,3195.9448741691062,1:1:4:2:0:4:4:4:0
4:2:4:4:4:3:3:4:4:,clone,2586.6349634312974,4:2:4:4:4:3:3:4:4
4:2:4:4:2:3:4:4:3:,recombination,2957.3145271510807,4:4:2:4:4:2:2:4:4,3:2:4:4:3:4:4:4:2
3:2:4:3:1:3:4:4:3:,clone,4074.1243738521925,3:2:4:3:1:3:4:4:3
1:1:4:1:0:4:4:4:0:,clone,3271.5728984810653,1:1:4:1:0:4:4:4:0
2:1:4:2:0:4:4:4:0:,clone,3499.942008355483,2:1:4:2:0:4:4:4:0
3:2:4:4:3:3:4:4:2:,recombination,2929.6348782307914,3:1:4:4:3:4:4:4:2,4:2:4:4:4:3:4:4:3,MUTATE
3:2:4:3:2:4:4:4:2:,clone,2959.1417872213997,3:2:4:3:2:4:4:4:2
2:1:4:4:3:3:4:4:2:,recombination,3545.191554046501,4:2:4:4:4:2:3:4:4,3:2:4:4:4:3:4:4:3,MUTATE
2:1:4:2:0:4:4:4:1:,recombination,3135.886925260998,2:2:4:4:3:4:4:4:2,4:2:4:4:3:4:4:4:3,MUTATE
1:1:4:2:0:4:4:4:0:,recombination,3135.886925260998,3:2:4:4:4:4:4:4:2,3:1:4:4:3:3:4:4:2
4:2:4:4:4:3:3:4:4:,clone,2567.3025853333306,4:2:4:4:4:3:3:4:4
4:2:4:4:3:4:4:4:4:,recombination,3250.2912275753224,4:4:4:4:4:2:3:4:4,4:2:4:4:4:3:4:4:4,MUTATE
3:1:4:4:3:3:3:4:2:,recombination,2863.7649639615715,4:2:4:4:4:3:3:4:4,2:1:4:3:1:4:4:4:1
2:1:4:3:0:4:4:4:1:,recombination,4185.474910880328,2:2:4:4:3:4:4:4:2,3:2:4:4:2:4:4:4:2
4:3:4:4:4:1:3:3:4:,clone,3533.6010673696746,4:3:4:4:4:1:3:3:4
3:2:4:4:2:3:4:4:3:,clone,3941.095941233158,3:2:4:3:1:3:4:4:3
4:2:4:4:3:4:4:4:4:,clone,2992.4146066103954,4:2:4:4:4:4:3:4:4
4:2:4:3:2:3:4:4:3:,recombination,3154.0444820640937,4:2:4:4:2:3:4:4:3,1:1:4:2:0:4:4:4:0
3:2:4:4:4:3:4:4:2:,recombination,3409.6348419145447,3:2:4:4:3:4:4:4:2,4:4:4:4:4:0:1:3:4,MUTATE
3:1:4:3:2:4:4:4:2:,recombination,2898.3859957558852,3:2:4:4:4:3:4:4:2,4:2:4:3:2:4:4:4:3,MUTATE
4:3:4:4:4:3:4:4:4:,recombination,3519.233717307001,4:3:4:4:4:2:3:4:4,4:3:4:4:4:1:2:2:4
2:2:4:4:4:3:4:4:2:,clone,4050.7628971380054,2:2:4:4:4:3:4:4:2
2:1:4:4:3:3:4:4:2:,recombination,3416.816389545308,4:3:4:4:4:2:2:4:4,1:1:4:2:0:4:4:4:0
3:2:4:3:1:4:4:4:3:,clone,4151.396917036849,3:2:4:3:1:4:4:4:3
3:1:4:3:0:4:4:4:2:,clone,4410.334639178415,3:2:4:3:1:4:4:4:2
4:2:4:4:4:3:4:4:3:,clone,3226.3405415189636,4:2:4:4:4:3:4:4:3
1:1:4:3:0:4:4:4:0:,recombination,4684.232420744629,2:2:4:4:3:4:4:4:2,4:3:4:4:4:2:3:3:4,MUTATE
1:1:4:3:1:4:4:4:0:,clone,3935.3842642019513,1:1:4:3:1:4:4:4:0
4:2:4:4:3:4:4:4:3:,clone,2992.4146066103954,4:2:4:4:3:4:4:4:4
2:2:4:4:4:3:4:4:2:,recombination,3816.5295189570847,3:2:4:4:3:4:4:4:2,4:4:4:4:4:1:2:2:4
4:2:4:4:2:4:4:4:3:,clone,3168.6304200533673,4:2:4:4:3:4:4:4:3
3:1:4:2:1:4:4:4:2:,recombination,2883.2742968470484,3:2:4:4:4:3:4:4:3,3:1:4:3:2:4:4:4:2
2:1:4:4:3:4:4:4:2:,clone,3906.0687102734296,2:1:4:4:3:4:4:4:2
2:1:4:4:1:4:4:4:1:,clone,5218.024119458605,2:1:4:4:1:4:4:4:1
2:1:4:4:3:4:4:4:1:,recombination,4290.956717363173,4:2:4:4:3:3:4:4:3,4:3:4:4:4:1:2:2:4,MUTATE
2:2:4:4:3:4:4:4:1:,recombination,4212.946157392495,4:2:4:4:4:1:3:3:4,2:2:4:4:4:3:4:4:2,MUTATE
2:1:4:4:4:3:3:4:2:,recombination,4200.2765142617145,4:2:4:4:4:2:3:4:4,4:2:4:4:4:1:2:3:4,MUTATE
4:2:4:4:4:4:4:4:4:,recombination,3243.525275419061,4:3:4:4:4:3:2:4:4,4:2:4:4:2:4:4:4:3
2:1:4:4:2:3:4:4:1:,clone,3762.3784738043296,2:1:4:4:2:3:4:4:1
2:1:4:4:3:4:4:4:1:,recombination,3566.095005689673,4:3:4:4:4:3:3:4:4,4:4:2:4:4:1:2:4:4
1:1:4:3:1:4:4:4:0:,recombination,3726.2353711941055,3:1:4:4:3:4:4:4:2,3:2:4:4:3:4:4:4:2,MUTATE
2:1:4:3:0:4:4:4:2:,clone,4532.866822925314,2:1:4:3:0:4:4:4:2
3:1:4:3:1:4:4:4:2:,clone,2992.4146066103954,3:1:4:3:1:4:4:4:2
1:1:4:4:1:4:4:4:1:,clone,5218.024119458605,1:1:4:4:1:4:4:4:1
1:1:4:3:1:4:4:4:0:,clone,3591.128975387626,1:1:4:3:1:4:4:4:0
4:2:4:4:4:4:3:4:4:,clone,2878.4751079430735,4:2:4:4:4:4:3:4:4
3:2:4:4:2:4:4:4:2:,recombination,3031.2982679985034,4:2:4:4:3:4:4:4:3,3:2:4:4:3:4:4:4:2
4:3:4:4:4:3:4:4:4:,clone,3481.989980506746,4:3:4:4:4:3:3:4:4
4:3:4:4:4:3:4:4:4:,recombination,3473.879460742074,4:4:4:4:4:0:1:1:4,4:3:4:4:4:3:4:4:4,MUTATE
3:2:4:4:3:4:4:4:2:,recombination,2940.1914282834227,3:2:4:4:2:4:4:4:2,3:2:4:4:4:3:3:4:2
3:1:4:3:1:4:4:4:2:,clone,2895.978393701648,3:1:4:2:1:4:4:4:2
1:1:4:3:0:4:4:4:0:,recombination,4294.197038496953,4:3:4:4:4:2:2:4:4,4:3:4:4:4:3:3:4:4,MUTATE
4:3:4:4:4:3:4:4:4:,clone,3284.77841881486,4:3:4:4:4:3:4:4:4
3:2:4:4:4:2:3:4:3:,recombination,3147.6375114488983,4:4:2:4:4:2:1:4:4,4:2:4:4:4:1:2:3:4,MUTATE
3:2:4:3:1:4:4:4:2:,recombination,3564.650754897077,4:2:4:3:2:4:4:4:3,4:4:4:4:4:1:2:3:4
3:2:4:3:1:4:4:4:2:,recombination,3297.3945912025288,4:4:4:4:4:2:3:4:4,4:3:4:4:4:3:4:4:4,MUTATE
4:2:4:4:3:4:4:4:3:,recombination,2895.9783937016487,3:1:4:4:2:3:4:4:3,4:2:4:4:3:4:4:4:4,MUTATE
1:1:4:4:2:4:4:4:1:,clone,4573.785700884473,1:1:4:3:1:4:4:4:0
3:1:4:4:3:3:3:4:2:,recombination,2731.7832045444875,3:1:4:3:1:4:4:4:2,3:2:4:4:4:1:3:4:3,MUTATE
3:2:4:4:4:2:2:4:3:,clone,3396.3890471813806,3:2:4:4:4:2:3:4:3
4:2:4:4:2:3:4:4:4:,clone,3478.7567354734,4:2:4:4:3:3:4:4:4
2:1:4:4:3:4:4:4:1:,clone,3371.5853175096354,2:1:4:4:3:4:4:4:1
4:2:4:4:2:3:4:4:4:,recombination,3391.567995219783,3:2:4:4:2:3:4:4:2,4:3:4:4:4:1:3:4:4,MUTATE
2:1:4:4:4:3:3:4:2:,recombination,3774.80149682684,3:2:4:4:4:2:3:3:3,4:2:4:4:4:4:3:4:3
4:2:4:4:4:4:4:4:3:,recombination,3350.493510328191,4:3:3:4:4:3:2:4:4,4:4:4:4:4:1:2:4:4
3:1:4:3:2:4:4:4:2:,clone,2859.509825151164,3:1:4:3:2:4:4:4:2
2:2:4:2:1:4:4:4:1:,recombination,3696.187762400969,3:2:4:4:2:4:4:4:3,3:2:4:4:3:3:4:4:2,MUTATE
3:1:4:4:4:3:3:4:2:,clone,2870.1083797616975,3:1:4:4:3:3:3:4:2
2:2:4:4:3:4:4:4:1:,recombination,3815.7028714727767,2:2:4:4:4:3:4:4:2,4:2:4:4:3:3:4:4:3
4:2:4:4:3:2:4:4:4:,recombination,3147.933244044861,4:4:4:4:4:1:2:4:4,2:2:4:2:1:4:4:4:1,MUTATE
3:2:4:3:1:4:4:4:2:,recombination,3126.7893089858603,4:4:4:4:4:2:3:4:4,3:2:4:4:4:3:3:4:3,MUTATE
2:1:4:4:4:3:4:4:2:,recombination,3881.530003946916,4:4:4:4:4:0:1:2:4,2:1:4:4:2:4:4:4:1
3:2:4:4:2:4:4:4:2:,recombination,2939.850567102899,4:4:4:4:4:2:3:4:4,3:1:4:4:3:4:4:4:2,MUTATE
2:2:4:3:2:4:4:4:2:,recombination,3903.2729984546104,3:1:4:4:2:3:4:4:3,3:2:4:4:2:3:4:4:2
3:2:4:4:4:4:4:4:2:,recombination,3828.716150993486,2:2:4:4:3:3:4:4:2,4:4:3:4:4:2:2:4:4,MUTATE
4:2:4:4:2:4:4:4:3:,recombination,3026.4276095237187,4:2:4:4:4:4:3:4:4,4:4:4:4:4:2:3:4:4,MUTATE
3:2:4:4:4:4:3:4:2:,recombination,3585.3758293813953,3:1:4:4:2:4:4:4:2,2:2:4:4:4:2:3:4:2,MUTATE
3:2:4:4:2:3:4:4:3:,recombination,3870.5973193726113,3:2:4:3:1:4:4:4:3,4:3:4:4:4:1:3:4:4,MUTATE
3:2:4:4:4:4:4:4:2:,clone,3487.6134561635527,3:2:4:4:4:4:4:4:2
2:1:4:2:1:4:4:4:1:,clone,2868.358540150533,2:1:4:2:1:4:4:4:1
3:2:4:4:4:4:3:4:2:,recombination,3584.294030109355,4:3:4:4:4:3:3:4:4,3:2:4:4:4:4:3:4:2,MUTATE
4:2:4:4:4:4:3:4:3:,clone,2931.477785090205,4:2:4:4:4:4:3:4:4
3:2:4:4:4:4:4:4:2:,clone,3340.695582214349,3:2:4:4:4:4:4:4:2
3:2:4:4:4:4:4:4:3:,recombination,3426.202987239306,4:2:4:4:4:3:4:4:3,4:4:4:4:4:0:1:4:4
1:1:4:1:0:4:4:4:0:,recombination,3186.261559969209,1:1:4:2:0:4:4:4:0,4:3:4:4:4:3:3:4:4
3:2:4:4:4:3:3:4:2:,clone,3413.8976927706444,3:2:4:4:4:3:3:4:2
1:1:4:3:1:4:4:4:0:,clone,3480.486047720076,1:1:4:3:1:4:4:4:0
2:1:4:4:3:3:4:4:1:,recombination,3288.6082743285733,4:2:4:4:4:3:4:4:3,3:1:4:4:3:3:3:4:2
3:1:4:4:2:4:4:4:2:,recombination,3064.8865667663094,4:2:4:4:4:4:3:4:3,3:2:4:4:3:4:4:4:3,MUTATE
3:2:4:4:3:4:4:4:3:,clone,3307.595470795039,3:2:4:4:3:4:4:4:3
4:3:4:4:4:2:3:4:4:,recombination,2682.971918168028,4:4:4:4:4:1:2:4:4,4:2:4:4:4:3:3:4:3
3:2:4:4:3:4:4:4:3:,clone,3210.333351169676,3:2:4:4:3:4:4:4:3
3:2:4:4:4:4:3:4:2:,clone,3510.7720324862385,3:2:4:4:4:4:3:4:2
2:2:4:4:2:4:4:4:1:,clone,4382.136110852753,2:2:4:4:2:4:4:4:1
4:2:4:3:2:4:4:4:3:,recombination,2866.435134842817,4:2:4:4:2:4:4:4:3,4:4:3:4:4:2:3:4:4
2:2:4:4:1:4:4:4:2:,clone,5335.476080794504,2:2:4:4:1:4:4:4:2
2:2:4:3:2:4:4:4:1:,clone,3917.069820079554,2:2:4:4:2:4:4:4:1
4:2:4:3:2:3:4:4:3:,recombination,2733.2726574323024,4:2:4:4:2:4:4:4:3,4:3:4:4:4:2:3:4:4,MUTATE
4:3:4:4:4:2:3:4:4:,clone,2674.5174467826855,4:3:4:4:4:2:3:4:4
4:2:4:3:2:4:4:4:4:,clone,3605.426106375672,4:2:4:4:2:3:4:4:4
4:3:4:4:4:2:3:3:4:,clone,3645.979951925746,4:3:4:4:4:2:3:3:4
2:2:4:4:4:4:4:4:2:,recombination,4569.747143479619,3:2:4:4:4:3:4:4:3,3:2:4:4:4:4:3:4:2,MUTATE
2:1:4:3:1:4:4:4:1:,clone,3152.964066988451,3:2:4:3:2:4:4:4:2
4:3:4:4:4:2:3:3:4:,clone,3626.3224080413074,4:3:4:4:4:2:3:3:4
4:2:4:4:4:2:4:4:4:,recombination,4200.366680178368,4:3:4:4:4:1:3:4:4,4:4:4:4:4:1:1:2:4,MUTATE
4:3:4:4:4:2:3:3:4:,clone,3449.2334408823936,4:3:4:4:4:2:3:3:4
2:1:4:4:1:4:4:4:1:,recombination,4700.447338716249,3:1:4:3:2:4:4:4:2,2:1:4:4:1:4:4:4:1
4:3:4:4:3:4:4:4:4:,clone,3611.718266488162,4:3:4:4:3:4:4:4:4
2:2:4:3:2:4:4:4:2:,recombination,3901.501675458515,4:2:4:4:4:2:3:3:4,4:3:4:4:4:1:2:4:4,MUTATE
3:2:4:4:2:3:4:4:3:,recombination,3234.573948888765,4:3:4:4:4:2:3:4:4,3:2:4:4:2:4:4:4:3
3:2:4:3:2:3:4:4:2:,recombination,3234.5599039670733,3:2:4:4:2:3:4:4:3,3:2:4:3:1:4:4:4:2
2:1:4:4:1:4:4:4:1:,clone,4689.733697955266,2:1:4:4:1:4:4:4:1
4:2:4:3:2:4:4:4:4:,clone,3572.850697077122,4:2:4:3:2:4:4:4:4
2:1:4:3:0:4:4:4:1:,clone,4112.698710287894,2:1:4:2:0:4:4:4:1
3:2:4:4:4:2:2:4:3:,clone,3347.936499980639,4:2:4:4:4:2:2:4:4
3:2:4:3:2:4:4:4:3:,recombination,3787.743844015891,3:2:4:4:4:2:4:4:3,4:3:3:4:4:3:2:4:4
2:1:4:3:2:4:4:4:1:,clone,2910.579491952115,2:1:4:3:2:4:4:4:1
2:2:4:3:1:4:4:4:1:,clone,4483.136697094136,3:2:4:3:1:4:4:4:2
1:1:4:4:1:4:4:4:1:,clone,5119.155344718464,1:1:4:4:1:4:4:4:1
1:1:4:4:2:4:4:4:0:,clone,3359.237257500816,1:1:4:4:2:4:4:4:0
2:1:4:1:0:4:4:4:0:,clone,3332.85824246396,2:1:4:1:0:4:4:4:0
2:2:4:3:2:4:4:4:2:,recombination,3697.0417083717984,3:2:4:3:2:4:4:4:3,4:4:4:4:4:1:1:3:4
2:1:4:4:2:3:4:4:1:,clone,3724.9113325699036,2:1:4:3:2:4:4:4:1
2:1:4:3:1:4:4:4:1:,recombination,3038.2872158298183,4:3:4:4:4:3:2:4:4,2:1:4:4:3:3:4:4:2,MUTATE
1:1:4:3:1:4:4:4:1:,recombination,4796.461468688758,1:1:4:4:1:4:4:4:1,2:1:4:2:0:4:4:4:1,MUTATE
2:2:4:3:1:4:4:4:1:,recombination,3873.792694580596,4:2:4:3:2:3:4:4:3,3:2:4:3:2:4:4:4:3
2:2:4:4:2:4:4:4:1:,clone,4123.571286211284,2:1:4:4:2:4:4:4:1
1:1:4:4:1:4:4:4:1:,recombination,4606.060236878371,4:4:2:4:4:2:2:4:4,2:2:4:4:4:3:3:4:2
2:1:4:2:0:4:4:4:1:,recombination,3055.18865988355,3:1:4:3:2:4:4:4:2,4:3:4:4:4:3:2:4:4,MUTATE
2:2:4:4:2:4:4:4:1:,clone,3916.1752290811783,2:1:4:4:2:4:4:4:1
1:1:4:4:2:4:4:4:1:,clone,4365.178009861744,1:1:4:3:1:4:4:4:0
2:1:4:4:1:4:4:4:1:,recombination,4345.645037327101,4:2:4:4:4:1:2:4:4,4:4:3:4:4:1:1:4:4
3:2:4:4:2:4:4:4:3:,clone,3532.2625060404926,3:2:4:4:2:4:4:4:3
3:2:4:4:2:4:4:4:3:,recombination,3372.5423130658046,4:2:4:4:2:3:4:4:4,4:4:4:4:4:1:1:4:4
2:2:4:4:1:4:4:4:2:,clone,5135.370592155245,2:2:4:4:1:4:4:4:2
1:1:4:3:0:4:4:4:0:,recombination,4279.581139498066,2:2:4:4:4:3:4:4:2,4:2:4:4:4:1:3:4:4,MUTATE
2:2:4:3:1:4:4:4:1:,clone,3787.7403836527496,2:1:4:3:1:4:4:4:1
3:2:4:3:1:3:4:4:2:,recombination,4288.5848266958865,4:4:4:4:4:1:2:4:4,1:1:4:3:1:4:4:4:0
2:2:4:4:3:3:4:4:1:,recombination,4197.1343325843745,1:1:4:4:2:4:4:4:1,3:2:4:4:2:3:4:4:3,MUTATE
2:2:4:4:4:3:4:4:1:,clone,4129.799480723112,2:2:4:4:4:3:4:4:1
2:2:4:4:3:4:4:4:1:,clone,3784.65604377162,2:2:4:4:3:4:4:4:1
3:2:4:4:2:3:4:4:2:,clone,3369.5821881048123,3:2:4:4:2:3:4:4:2
3:2:4:3:2:3:4:4:3:,recombination,3642.9694750071917,4:3:4:4:4:1:3:4:4,4:2:4:4:3:3:4:4:4,MUTATE
2:1:4:4:2:3:4:4:2:,clone,4293.791908893688,2:1:4:4:2:3:4:4:2
2:1:4:1:0:4:4:4:0:,recombination,3029.919495978692,2:2:4:4:3:4:4:4:2,3:2:4:4:3:4:4:4:3,MUTATE
2:2:4:3:2:4:4:4:2:,recombination,3561.920604916452,3:2:4:4:2:4:4:4:3,4:4:3:4:4:2:3:4:4,MUTATE
2:2:4:4:3:3:4:4:1:,clone,3876.920591090956,2:2:4:4:3:3:4:4:1
4:2:4:4:3:2:4:4:3:,recombination,3178.6829360305323,3:2:4:4:4:2:2:4:3,3:2:4:3:2:3:4:4:2
2:2:4:4:3:4:4:4:1:,recombination,3295.3790237161443,3:2:4:4:4:4:4:4:2,3:2:4:4:4:4:3:4:2
2:2:4:3:1:4:4:4:2:,recombination,3598.8259485829835,3:2:4:4:2:4:4:4:3,4:4:4:4:4:1:3:4:4
2:1:4:1:0:4:4:4:0:,clone,3012.8403506876443,2:1:4:1:0:4:4:4:0
1:1:4:4:2:4:4:4:1:,clone,3993.5311440712953,1:1:4:4:2:3:4:4:1
4:2:4:4:4:4:3:4:4:,recombination,2737.080848503344,4:3:4:4:4:1:2:4:4,4:4:3:4:4:3:2:4:4,MUTATE
1:1:4:1:0:4:4:4:0:,clone,3178.627038913123,1:1:4:1:0:4:4:4:0
4:2:4:3:2:3:4:4:3:,clone,2599.283381899971,4:2:4:4:2:3:4:4:3
2:2:4:4:2:4:4:4:2:,clone,3593.308408407461,2:2:4:4:2:4:4:4:2
3:2:4:3:1:3:4:4:3:,clone,3750.1033476869648,3:2:4:3:1:3:4:4:3
1:1:4:4:2:4:4:4:1:,clone,3879.117384061068,1:1:4:4:2:4:4:4:1
3:2:4:3:1:3:4:4:3:,clone,3561.589338498244,3:2:4:3:1:3:4:4:3
1:1:4:1:0:4:4:4:0:,clone,3126.0789872553573,1:1:4:1:0:4:4:4:0
3:2:4:3:2:3:4:4:3:,recombination,3633.624655679938,4:3:4:4:4:2:3:4:4,4:4:4:4:4:0:0:3:4
4:2:4:4:4:2:4:4:4:,recombination,3415.0970854618895,4:2:4:3:2:3:4:4:3,2:2:4:4:1:4:4:4:2,MUTATE
2:2:4:4:2:4:4:4:2:,recombination,3398.572095855373,2:2:4:3:2:4:4:4:2,4:4:4:4:4:0:1:1:4
1:1:4:4:2:4:4:4:1:,recombination,3873.024726939575,4:4:4:4:4:2:3:4:4,1:1:4:4:2:4:4:4:1
1:1:4:4:2:3:4:4:1:,clone,4236.618798404584,1:1:4:4:2:3:4:4:1
3:2:4:3:1:3:4:4:3:,clone,3378.90353485095,3:2:4:3:1:3:4:4:3
4:2:4:4:3:4:3:4:3:,recombination,2747.243014451444,4:2:4:4:3:2:4:4:4,4:2:4:4:4:4:3:4:4
2:2:4:4:4:3:4:4:1:,clone,3931.0614407462745,2:2:4:4:4:3:4:4:1
1:1:4:4:2:3:4:4:1:,clone,3990.584985081346,1:1:4:4:2:3:4:4:1
3:1:4:3:2:3:4:4:2:,recombination,3337.6871112891413,4:3:4:4:4:1:1:2:4,4:2:4:4:4:3:3:4:4,MUTATE
4:2:4:3:1:3:4:4:3:,recombination,3224.5101650923407,4:4:4:4:4:1:2:4:4,4:2:4:4:4:3:3:4:4,MUTATE
1:1:4:3:0:4:4:4:0:,recombination,4113.027503374364,1:1:4:4:1:4:4:4:1,2:2:4:4:4:3:4:4:2,MUTATE
4:2:4:4:3:4:3:4:3:,recombination,2737.080848503344,4:2:4:4:4:4:3:4:4,4:4:4:4:4:2:1:4:4,MUTATE
2:1:4:4:2:3:4:4:2:,clone,3980.772036733401,2:1:4:4:2:3:4:4:2
3:2:4:3:1:3:4:4:2:,recombination,4207.758031156267,3:2:4:3:1:3:4:4:3,4:4:2:4:4:2:2:4:4,MUTATE
3:2:4:3:2:3:4:4:3:,recombination,3208.038460263103,4:2:4:4:4:3:4:4:3,4:3:4:4:4:2:3:4:4
3:1:4:2:1:4:4:4:1:,clone,2792.7236611410153,2:1:4:4:2:4:4:4:1
1:1:4:1:0:4:4:4:0:,recombination,2990.9469330967095,2:2:4:4:2:4:4:4:1,3:1:4:3:1:4:4:4:2
3:1:4:3:1:3:4:4:2:,recombination,3822.100133670102,3:2:4:3:1:3:4:4:3,4:4:4:4:4:0:1:4:4
3:1:4:4:2:4:4:4:2:,recombination,2716.7770746987144,3:1:4:4:3:3:3:4:2,2:2:4:4:4:3:3:4:2,MUTATE
2:1:4:3:1:4:4:4:1:,recombination,2994.9021796544157,3:2:4:4:3:3:4:4:2,4:3:3:4:4:3:3:4:4,MUTATE
2:1:4:2:0:4:4:4:0:,recombination,3080.3655548814245,4:4:4:4:4:2:3:4:4,2:2:4:3:2:4:4:4:2,MUTATE
1:1:4:1:0:4:4:4:0:,recombination,2982.3305677446865,3:1:4:4:3:3:4:4:3,4:3:4:4:4:3:2:4:4,MUTATE
3:1:4:3:1:3:4:4:2:,clone,3248.323304493781,3:1:4:3:1:3:4:4:2
2:1:4:3:1:3:4:4:1:,recombination,3409.798738299866,4:2:4:4:4:3:3:4:4,4:3:4:4:4:2:2:3:4,MUTATE
1:1:4:1:0:4:4:4:0:,clone,2866.705236732486,1:1:4:1:0:4:4:4:0
4:2:4:3:1:4:4:4:3:,recombination,3694.7449315633803,4:4:4:4:4:1:2:4:4,4:2:4:4:2:4:4:4:3,MUTATE
2:2:4:4:4:3:3:4:2:,clone,3699.2443068804632,2:2:4:4:4:3:3:4:2
1:1:4:4:3:4:4:4:1:,clone,4230.885569388785,1:1:4:4:3:4:4:4:1
1:1:4:4:3:4:4:4:1:,clone,4155.6857150881415,1:1:4:4:3:4:4:4:1
4:2:4:3:1:4:4:4:3:,recombination,2978.19831045555,4:2:4:3:2:3:4:4:3,4:2:4:4:4:3:3:4:3
4:2:4:3:1:4:4:4:3:,clone,2874.4392913781116,4:2:4:3:1:4:4:4:3
4:4:2:4:4:0:1:4:4:,clone,2808.167297250262,4:4:2:4:4:1:1:4:4
1:1:4:3:1:4:4:4:0:,recombination,3428.0961346714826,4:2:4:4:3:3:4:4:3,4:3:4:4:4:1:2:3:4
2:1:4:4:2:3:4:4:2:,recombination,3842.6762485736663,4:3:4:4:4:1:1:3:4,3:2:4:4:2:4:4:4:3,MUTATE
3:1:4:3:2:3:4:4:2:,recombination,3110.6496434905275,2:2:4:4:2:4:4:4:2,3:1:4:3:2:3:4:4:2
3:2:4:4:2:3:4:4:3:,recombination,3200.8809735566147,4:3:4:4:4:1:2:4:4,4:3:4:4:4:2:3:4:4
1:1:4:3:1:4:4:4:1:,clone,3961.3881005161215,2:1:4:2:0:4:4:4:1
2:1:4:2:0:4:4:4:1:,recombination,3042.5966689591,3:2:4:4:2:4:4:4:3,4:3:3:4:4:3:2:4:4,MUTATE
2:1:4:3:1:4:4:4:1:,recombination,2852.298943711341,4:2:4:4:3:4:4:4:3,4:3:4:4:4:1:2:2:4,MUTATE
1:1:4:3:0:4:4:4:0:,clone,4084.1472272593664,1:1:4:3:0:4:4:4:0
4:2:4:4:4:4:3:4:3:,recombination,2916.948403282621,3:2:4:4:3:4:4:4:2,4:4:3:4:4:2:1:4:4,MUTATE
1:1:4:4:3:4:4:4:1:,recombination,4054.7632825720516,4:4:4:4:4:2:2:4:4,4:2:4:4:3:3:4:4:4
2:1:4:2:1:4:4:4:0:,recombination,3198.5968484452724,2:2:4:4:3:4:4:4:2,2:1:4:2:0:4:4:4:1,MUTATE
4:2:4:4:3:3:4:4:4:,clone,2854.9147130852843,4:2:4:4:3:3:4:4:4
2:1:4:1:0:4:4:4:1:,recombination,2964.2524157165194,2:1:4:2:0:4:4:4:1,3:2:4:4:4:2:2:4:3
1:1:4:1:0:4:4:4:0:,clone,2746.5892806466063,1:1:4:1:0:4:4:4:0
3:1:4:2:0:4:4:4:1:,recombination,2819.4400123731616,4:3:4:4:4:2:3:4:4,2:1:4:2:0:4:4:4:1
3:2:4:3:2:3:4:4:2:,clone,2971.3389493401723,3:2:4:3:2:3:4:4:2
3:2:4:4:2:3:4:4:2:,recombination,3356.1578463430715,4:2:4:4:4:2:4:4:4,4:3:4:4:4:1:3:3:4,MUTATE
2:1:4:1:0:4:4:4:1:,recombination,2914.8253265527496,3:2:4:3:1:3:4:4:3,4:4:3:4:4:3:2:4:4
1:1:4:2:1:4:4:4:0:,clone,3136.205481800667,1:1:4:2:1:4:4:4:0
3:2:4:4:2:3:4:4:2:,recombination,3323.7056460865247,3:2:4:4:2:3:4:4:2,2:2:4:4:2:4:4:4:2,MUTATE
4:2:4:4:2:3:4:4:4:,clone,3271.2900500990463,4:2:4:4:2:3:4:4:4
2:1:4:4:4:3:4:4:1:,clone,4238.9161169365225,2:1:4:4:3:3:4:4:1
4:2:4:4:4:2:3:4:3:,recombination,2868.641640893887,3:2:4:4:4:2:2:4:3,4:3:4:4:4:3:2:4:4,MUTATE
3:2:4:4:2:3:4:4:2:,clone,3313.543480138425,3:2:4:4:2:3:4:4:2
1:1:4:3:1:4:4:4:0:,recombination,3379.668761253804,3:1:4:3:2:4:4:4:2,1:1:4:3:1:4:4:4:0
1:1:4:4:3:4:4:4:1:,clone,3934.424970207206,1:1:4:4:3:4:4:4:1
2:2:4:4:1:4:4:4:2:,clone,4898.990953602527,2:2:4:4:1:4:4:4:2
3:2:4:4:4:3:3:4:2:,recombination,3168.9242488054215,4:3:4:4:4:3:3:4:4,4:2:4:4:4:2:3:4:3
1:1:4:3:1:4:4:4:0:,clone,3335.5526332070904,1:1:4:3:1:4:4:4:0
2:1:4:4:4:4:4:4:1:,recombination,3761.1424296366163,2:2:4:3:1:4:4:4:1,4:4:4:4:4:2:2:4:4
4:2:4:4:3:3:3:4:3:,recombination,2775.0022187529166,2:2:4:4:3:4:4:4:2,4:3:3:4:4:2:2:4:4
2:1:4:3:0:4:4:4:1:,recombination,4061.5398377814236,2:1:4:4:2:3:4:4:2,4:2:4:3:1:4:4:4:3
2:2:4:4:1:4:4:4:2:,recombination,4479.653475408109,2:1:4:2:1:4:4:4:1,4:3:4:4:4:2:2:2:4
4:2:4:4:2:4:4:4:4:,clone,3523.960963500218,4:2:4:4:2:4:4:4:3
3:2:4:4:2:4:4:4:3:,clone,3306.4137836484824,4:2:4:3:2:4:4:4:3
2:1:4:4:4:3:3:4:2:,clone,3684.155068547663,2:1:4:4:4:3:3:4:2
3:2:4:4:2:3:4:4:3:,recombination,3145.9002737605815,4:3:3:4:4:2:2:4:4,4:3:4:4:4:3:4:4:4,MUTATE
3:1:4:3:2:4:4:4:2:,recombination,2858.7700569448475,4:3:4:4:4:3:4:4:4,3:2:4:3:2:4:4:4:2
4:2:4:4:4:4:3:4:3:,recombination,2898.9953294463885,3:1:4:3:2:3:4:4:2,4:2:4:4:4:4:3:4:3
3:1:4:4:4:3:3:4:3:,clone,3376.4737603308963,3:1:4:4:4:3:3:4:3
2:1:4:4:4:3:4:4:1:,clone,3500.2456336177347,2:1:4:4:4:3:4:4:1
3:2:4:4:3:3:4:4:3:,recombination,3179.7784617562565,4:3:4:4:4:3:4:4:4,4:4:4:4:4:1:3:4:4,MUTATE
3:1:4:4:4:3:3:4:3:,clone,3342.022355929043,3:1:4:4:4:3:3:4:3
1:1:4:4:3:4:4:4:1:,recombination,3858.8161028355403,4:3:4:4:4:2:2:4:4,4:4:4:4:4:2:2:4:4,MUTATE
2:1:4:4:2:3:4:4:1:,clone,3712.5187061977526,2:1:4:3:1:4:4:4:1
2:1:4:3:2:4:4:4:2:,recombination,3950.4719915269384,2:1:4:3:1:3:4:4:1,4:2:4:4:3:3:4:4:4
2:1:4:4:4:4:4:4:2:,clone,3900.591508556887,2:1:4:4:4:4:4:4:1
3:1:4:4:4:3:4:4:2:,clone,3755.4614980291094,3:1:4:4:4:3:3:4:2
2:1:4:4:4:3:4:4:1:,recombination,3447.690000640156,3:2:4:4:4:3:3:4:2,3:1:4:4:3:4:4:4:2,MUTATE
3:2:4:4:4:2:3:4:3:,recombination,2974.6069357471565,3:2:4:4:3:4:4:4:2,4:2:4:4:4:1:2:3:4,MUTATE
2:1:4:3:2:4:4:4:1:,recombination,2846.4673506716044,4:3:4:4:4:3:2:4:4,2:1:4:4:4:3:4:4:1
2:1:4:4:4:3:4:4:1:,clone,3264.584737075526,2:1:4:4:4:3:3:4:1
3:1:4:4:4:3:4:4:2:,recombination,3622.211546783414,4:2:3:4:4:3:3:4:4,2:1:4:4:4:4:4:4:2
4:3:4:4:4:2:4:4:4:,recombination,4331.444646394187,4:2:4:4:4:2:2:4:4,4:4:4:4:4:1:3:4:4,MUTATE
1:1:4:3:0:4:4:4:0:,clone,4082.9277277866813,1:1:4:3:0:4:4:4:0
2:1:4:3:1:4:4:4:2:,clone,3611.7337150072954,3:1:4:3:1:4:4:4:2
3:1:4:3:2:3:4:4:2:,recombination,3082.201642725864,4:2:3:4:4:3:3:4:4,4:3:4:4:4:3:2:4:4
2:1:4:4:3:3:4:4:2:,recombination,3312.7527345512453,4:2:4:4:3:3:4:4:4,4:2:4:4:4:2:4:4:4,MUTATE
3:2:4:4:2:3:4:4:2:,clone,3278.3426050583053,3:2:4:4:2:3:4:4:2
3:1:4:4:4:3:4:4:2:,recombination,3442.98514213811,4:2:4:4:4:1:2:4:4,3:1:4:4:2:4:4:4:2,MUTATE
2:1:4:3:1:4:4:4:2:,clone,3605.3071355410943,2:1:4:3:1:4:4:4:2
3:2:4:4:2:3:4:4:3:,recombination,3109.839062602866,3:2:4:4:2:3:4:4:3,4:2:4:4:4:3:4:4:4,MUTATE
2:1:4:3:1:4:4:4:2:,clone,3516.5497361541516,2:1:4:3:1:4:4:4:2
4:3:4:4:4:2:4:4:4:,clone,4114.102876757094,4:3:4:4:4:2:3:4:4
2:1:4:4:3:4:4:4:1:,clone,3299.7965950277317,2:1:4:4:3:4:4:4:1
2:1:4:4:3:4:4:4:2:,recombination,3877.7707134508814,2:2:4:4:3:3:4:4:2,4:3:4:4:4:2:3:3:4,MUTATE
1:1:4:2:0:4:4:4:0:,recombination,3067.4982818856756,2:1:4:4:2:3:4:4:2,3:2:4:4:3:4:4:4:3
2:1:4:4:3:4:4:4:2:,recombination,3470.091209884075,4:2:4:4:4:3:4:4:3,4:4:4:4:4:1:0:3:4,MUTATE
2:1:4:4:3:4:4:4:1:,clone,3069.5736082424282,2:1:4:4:3:4:4:4:1
2:1:4:4:2:4:4:4:1:,clone,3037.121407985881,2:1:4:4:2:4:4:4:1
1:1:4:3:1:4:4:4:0:,recombination,3318.095450606119,2:2:4:4:3:3:4:4:1,1:1:4:4:2:4:4:4:1,MUTATE
4:2:4:4:4:2:3:4:4:,recombination,2695.2401765013046,2:2:4:4:3:4:4:4:2,4:4:3:4:4:1:2:4:4
2:1:4:1:0:4:4:4:0:,recombination,3008.689678138332,4:2:4:3:1:4:4:4:3,3:2:4:4:4:3:4:4:3,MUTATE
2:1:4:2:1:4:4:4:0:,recombination,3047.2268727634464,2:1:4:4:3:3:4:4:2,2:2:4:4:3:4:4:4:2,MUTATE
2:1:4:4:3:4:4:4:1:,clone,3065.371494856951,2:1:4:4:3:4:4:4:1
2:1:4:3:2:4:4:4:2:,recombination,3787.375573938706,4:3:4:4:4:2:3:3:4,4:4:4:4:4:1:1:4:4
1:1:4:3:0:4:4:4:1:,clone,4834.190669200094,1:1:4:3:0:4:4:4:1
2:1:4:4:3:4:4:4:1:,clone,2839.6040298289913,2:1:4:4:3:4:4:4:1
2:1:4:3:2:4:4:4:2:,recombination,3691.75117474421,2:1:4:2:1:4:4:4:1,3:2:4:4:2:3:4:4:3,MUTATE
2:1:4:2:0:4:4:4:0:,recombination,2926.0649790523685,2:1:4:4:2:3:4:4:2,4:2:4:4:4:3:3:4:3
2:1:4:2:0:4:4:4:0:,recombination,2904.283495668152,3:2:4:3:2:4:4:4:3,1:1:4:2:0:4:4:4:0
1:1:4:2:1:4:4:4:0:,clone,3047.364762115145,1:1:4:2:1:4:4:4:0
2:1:4:4:2:4:4:4:1:,recombination,3012.280399516205,4:2:4:4:4:2:3:4:4,2:1:4:4:2:3:4:4:1
0:1:4:2:0:4:4:4:0:,clone,5188.303224833613,2:1:4:3:1:4:4:4:1
4:4:2:4:4:0:1:4:4:,clone,2771.6688399246405,4:4:2:4:4:0:1:4:4
1:1:4:2:1:4:4:4:0:,recombination,3008.7236857533903,1:1:4:3:1:4:4:4:1,2:1:4:2:1:4:4:4:0,MUTATE
4:4:4:4:4:0:0:0:4:,clone,2593.8352871239454,1:1:4:2:0:4:4:4:0
2:1:4:4:1:4:4:4:1:,recombination,4338.007405299157,3:2:4:4:4:2:2:4:3,4:4:2:4:4:2:1:4:4,MUTATE
2:1:4:4:2:4:4:4:1:,clone,2953.958164872036,2:1:4:4:2:4:4:4:1
4:4:3:4:4:1:1:4:4:,recombination,2771.6688399246405,4:4:1:4:4:0:1:4:4,4:2:4:4:3:3:4:4:4,MUTATE
4:4:3:4:4:0:0:0:4:,clone,2719.253682149506,2:1:4:3:1:4:4:4:1
0:1:4:2:0:4:4:4:0:,clone,5111.877359398376,1:1:4:2:0:4:4:4:0
3:2:4:4:1:4:4:4:2:,recombination,4422.631753991966,4:2:4:3:1:4:4:4:3,4:2:4:4:3:3:4:4:3
4:2:4:4:4:2:3:4:4:,recombination,2689.722636325782,4:4:4:4:4:1:2:4:4,4:2:4:4:4:2:3:4:4,MUTATE
4:4:4:4:4:0:0:4:4:,recombination,2752.5434611959263,4:2:4:4:4:1:2:3:4,3:2:4:4:2:3:4:4:2
3:2:4:4:3:3:4:4:3:,recombination,3076.677784960526,3:1:4:3:2:3:4:4:2,1:1:4:3:1:4:4:4:0
0:1:4:2:0:4:4:4:0:,clone,4913.299055313815,0:1:4:2:0:4:4:4:0
1:1:4:3:0:4:4:4:1:,recombination,4832.361216143335,4:2:4:4:4:3:4:4:3,2:1:4:3:1:3:4:4:1,MUTATE
2:2:4:2:0:4:4:4:1:,clone,4058.8299836553115,2:2:4:2:0:4:4:4:1
2:2:4:2:0:4:4:4:1:,recombination,4038.394673050306,2:1:4:3:2:4:4:4:2,4:2:4:4:4:3:4:4:4
4:2:4:4:4:2:2:4:4:,clone,2735.788680152174,4:2:4:4:4:2:3:4:4
2:1:4:4:4:4:4:4:2:,clone,3836.2457710478766,2:1:4:4:4:4:4:4:2
4:4:3:4:4:0:0:1:4:,recombination,2909.8329819450073,3:2:4:4:4:2:3:4:3,4:2:4:4:4:2:3:4:3
1:1:4:3:2:4:4:4:0:,recombination,3925.0936926736395,4:4:2:4:4:1:1:4:4,4:2:4:4:4:2:4:4:4
3:2:4:4:4:2:2:4:3:,clone,2984.939585432421,3:2:4:4:4:2:3:4:3
2:1:4:4:4:3:3:4:2:,recombination,3119.3565480595003,4:2:4:4:4:2:3:4:4,4:4:3:4:4:3:2:4:4,MUTATE
3:2:4:4:4:2:3:4:2:,recombination,3664.6364110367417,4:2:4:4:4:2:3:4:4,4:3:4:4:4:2:2:4:4,MUTATE
2:1:4:4:4:3:4:4:2:,recombination,3357.8058798524366,2:1:4:4:4:3:3:4:2,2:1:4:3:1:4:4:4:2,MUTATE
2:1:4:4:4:4:4:4:2:,clone,3812.5185876690675,2:1:4:4:4:4:4:4:2
2:1:4:4:4:3:3:4:2:,clone,3047.383991182183,2:1:4:4:4:3:3:4:2
2:2:4:3:1:4:4:4:1:,clone,3758.2500166609275,2:2:4:3:1:4:4:4:1
4:2:4:4:2:4:4:4:4:,recombination,3519.1624611906245,4:4:4:4:4:2:3:4:4,3:2:4:4:4:4:4:4:2,MUTATE
2:2:4:4:1:4:4:4:2:,recombination,4382.619341445804,4:3:4:4:4:2:3:3:4,0:1:4:2:0:4:4:4:0,MUTATE
2:2:4:4:3:4:4:4:2:,recombination,3360.3716633072786,2:2:4:4:1:4:4:4:2,4:3:4:4:4:2:3:3:4,MUTATE
2:2:4:4:3:4:4:4:2:,clone,3347.6675664526783,2:2:4:4:3:4:4:4:2
2:2:4:3:1:4:4:4:1:,clone,3729.823120505415,2:2:4:3:1:4:4:4:1
4:4:4:4:4:0:0:0:4:,recombination,2483.6596692162157,4:4:4:4:4:0:0:1:4,3:2:4:3:1:4:4:4:2,MUTATE
4:2:4:4:2:3:4:4:4:,clone,3234.0614970873803,4:2:4:4:2:3:4:4:3
2:2:4:4:2:4:4:4:1:,clone,3849.011155056269,2:2:4:4:2:4:4:4:1
4:2:4:4:2:4:4:4:3:,recombination,2989.868874211568,1:1:4:2:1:4:4:4:0,3:2:4:4:4:3:3:4:2
3:2:4:4:4:4:3:4:3:,clone,3686.7702770048636,3:2:4:4:4:4:3:4:3
2:2:4:4:2:4:4:4:1:,recombination,3643.6497876605763,4:2:4:4:4:4:3:4:4,4:3:4:4:4:2:3:4:4
4:4:4:4:4:1:3:4:4:,recombination,3448.528060552434,2:1:4:4:2:3:4:4:2,4:4:4:4:4:3:2:4:4,MUTATE
4:3:3:4:4:2:3:4:4:,recombination,2702.5818849293237,4:4:2:4:4:0:1:4:4,4:3:4:4:4:3:4:4:4
2:2:4:3:2:4:4:4:1:,clone,3870.0599299100168,2:2:4:4:3:4:4:4:1
3:1:4:3:2:4:4:4:2:,recombination,2832.1696938604446,4:4:2:4:4:1:2:4:4,4:2:4:3:2:4:4:4:4,MUTATE
4:3:4:4:4:1:3:4:4:,recombination,3059.677248039914,4:4:4:4:4:1:3:4:4,4:2:4:4:4:1:3:4:4,MUTATE
1:1:4:3:2:4:4:4:0:,recombination,3890.2370521812572,3:2:4:3:2:3:4:4:3,4:3:4:4:4:2:2:3:4
1:1:4:3:2:4:4:4:0:,clone,3868.5342213445147,1:1:4:3:2:4:4:4:0
1:1:4:3:2:4:4:4:0:,clone,3618.219365521833,1:1:4:3:2:4:4:4:0
4:2:4:4:2:3:4:4:4:,recombination,3173.2346624028864,3:2:4:4:4:3:4:4:3,3:1:4:3:1:3:4:4:2
2:2:4:4:1:4:4:4:1:,recombination,4480.030591593266,4:3:4:4:4:1:2:4:4,4:4:2:4:4:2:2:4:4,MUTATE
2:1:4:3:2:3:4:4:2:,clone,3408.4805681674384,3:1:4:4:2:3:4:4:2
2:1:4:4:2:3:4:4:2:,clone,3330.459302231157,3:1:4:4:2:3:4:4:2
3:1:4:4:2:3:4:4:2:,clone,3110.690305253023,3:1:4:4:2:3:4:4:2
3:2:4:3:2:4:4:4:3:,recombination,3564.583755675789,2:1:4:3:2:4:4:4:2,4:4:2:4:4:1:2:4:4
3:2:4:4:3:4:3:4:3:,recombination,2900.4321434256162,4:2:4:4:4:2:2:4:4,1:1:4:1:0:4:4:4:0
2:1:4:4:2:3:4:4:1:,recombination,3694.796824709841,3:2:4:3:2:4:4:4:3,3:2:4:4:4:2:4:4:3
3:2:4:4:2:4:4:4:3:,recombination,3226.4433990874104,3:2:4:3:2:3:4:4:3,1:1:4:1:0:4:4:4:0,MUTATE
4:2:4:3:2:4:4:4:3:,recombination,2841.6499720607544,1:1:4:1:0:4:4:4:0,3:2:4:3:1:3:4:4:3,MUTATE
1:1:4:3:0:4:4:4:1:,clone,4775.523784471042,1:1:4:3:0:4:4:4:1
3:2:4:4:2:3:4:4:2:,recombination,2904.6302737260826,3:2:4:4:4:2:4:4:3,4:3:4:4:4:1:2:2:4,MUTATE
2:1:4:4:2:3:4:4:1:,clone,3673.7176309796546,2:1:4:4:2:3:4:4:1
3:2:4:3:1:3:4:4:2:,recombination,3786.299994929219,2:2:4:4:2:4:4:4:1,4:3:4:4:4:1:1:2:4
3:2:4:4:4:4:3:4:2:,recombination,3441.9776110626717,3:2:4:3:1:4:4:4:2,4:3:4:4:3:4:4:4:4
3:2:4:4:4:4:3:4:3:,clone,3441.5074995624377,3:2:4:4:4:4:3:4:3
3:1:4:3:1:3:4:4:2:,clone,3151.273907690668,3:1:4:3:1:3:4:4:2
3:1:4:4:2:3:4:4:2:,clone,3001.8850014646055,3:1:4:4:2:3:4:4:2
2:1:4:2:1:4:4:4:2:,recombination,3693.9450505744203,4:2:4:4:4:2:3:4:4,2:1:4:4:3:4:4:4:1
3:1:4:4:4:4:4:4:3:,clone,3721.929513192284,3:1:4:4:4:4:4:4:3
2:1:4:2:1:4:4:4:1:,recombination,2792.7236611410153,4:2:4:4:2:3:4:4:4,4:2:4:4:3:3:4:4:4,MUTATE
3:1:4:3:2:4:4:4:1:,recombination,2789.442352631592,2:1:4:3:1:4:4:4:2,4:2:4:4:4:2:2:4:4
3:2:4:4:4:4:3:4:2:,recombination,3293.21047771455,3:1:4:3:1:4:4:4:2,4:2:4:4:4:3:4:4:4,MUTATE
4:2:4:4:2:3:4:4:4:,recombination,3146.1181554627906,3:1:4:4:2:3:4:4:2,4:4:3:4:4:1:1:4:4
3:2:4:3:2:3:4:4:3:,recombination,3203.4506022037267,2:1:4:4:4:3:3:4:2,2:1:4:2:0:4:4:4:0
2:2:4:4:2:3:4:4:1:,clone,3866.6522375600402,2:2:4:4:2:3:4:4:1
2:2:4:4:2:3:4:4:1:,recombination,3864.733293248648,2:1:4:4:2:3:4:4:1,2:1:4:3:0:4:4:4:2
2:2:4:3:2:4:4:4:1:,recombination,3818.2186359448165,4:2:4:3:2:3:4:4:3,4:3:4:4:4:1:3:3:4
4:2:4:4:3:3:4:4:3:,recombination,2785.1194588262897,4:3:3:4:4:3:3:4:4,3:1:4:3:2:3:4:4:2,MUTATE
1:1:4:3:1:4:4:4:0:,recombination,2949.8958516083017,1:1:4:4:2:3:4:4:1,3:1:4:3:1:4:4:4:2
1:1:4:2:1:4:4:4:0:,clone,2977.591026323,1:1:4:3:1:4:4:4:0
2:2:4:3:2:4:4:4:1:,recombination,3504.3362618892806,3:1:4:2:1:4:4:4:2,4:4:4:4:4:1:3:4:4,MUTATE
3:1:4:3:1:4:4:4:1:,recombination,3159.9968680417014,3:2:4:4:4:2:3:4:3,3:1:4:4:2:4:4:4:2,MUTATE
2:1:4:2:0:4:4:4:1:,recombination,2900.48406812868,2:2:4:4:2:4:4:4:1,3:2:4:4:3:4:4:4:3,MUTATE
2:2:4:4:2:3:4:4:1:,clone,3656.8924043605025,2:2:4:4:2:3:4:4:1
3:2:4:3:1:3:4:4:2:,recombination,3636.3491824808643,3:2:4:3:2:3:4:4:2,4:2:4:4:2:3:4:4:4,MUTATE
2:1:4:2:0:4:4:4:0:,recombination,2889.7268316259647,3:2:4:4:3:4:4:4:3,2:2:4:4:2:4:4:4:1,MUTATE
3:2:4:4:1:4:4:4:3:,recombination,4399.115844591275,4:4:4:4:4:0:0:0:4,4:2:4:4:4:2:3:4:4,MUTATE
1:1:4:3:2:4:4:4:0:,recombination,3469.6738063680205,1:1:4:3:1:4:4:4:0,2:1:4:4:2:3:4:4:1,MUTATE
3:2:4:3:1:3:4:4:2:,clone,3252.3564767984562,3:2:4:3:1:3:4:4:2
4:4:4:4:4:0:0:0:4:,clone,2362.4239446807296,1:1:4:2:0:4:4:4:0
3:2:4:3:1:4:4:4:3:,clone,4090.045995965946,3:2:4:3:1:4:4:4:3
4:4:4:4:4:0:0:0:4:,clone,2315.758344713093,4:4:4:4:4:0:0:0:4
4:4:4:4:4:0:0:0:4:,clone,2315.0581365523044,4:4:4:4:4:0:0:0:4
3:1:4:3:2:3:4:4:2:,recombination,2656.4363260558844,4:3:4:4:4:1:1:4:4,1:1:4:2:0:4:4:4:0
4:4:4:4:4:0:0:1:4:,clone,2479.4447528031774,4:4:4:4:4:0:0:1:4
4:4:4:4:4:1:1:3:4:,recombination,2586.6975610221834,4:2:4:4:4:2:4:4:4,4:3:4:4:4:1:2:4:4,MUTATE
4:4:4:4:4:1:1:2:4:,clone,2529.6821498024383,4:4:4:4:4:1:1:2:4
4:4:4:4:4:1:1:3:4:,recombination,2524.192579153684,4:3:4:4:4:1:2:4:4,4:2:4:4:3:4:4:4:4,MUTATE
3:2:4:3:2:3:4:4:2:,clone,2646.985025400482,3:2:4:3:2:3:4:4:2
4:4:4:4:4:1:1:2:4:,clone,2479.4447528031774,4:4:4:4:4:1:1:2:4
3:2:4:3:2:4:4:4:3:,recombination,3418.4395499467955,4:4:2:4:4:2:2:4:4,3:2:4:4:3:4:4:4:2
3:2:4:4:3:3:3:4:3:,recombination,2491.8576320180146,4:2:4:4:4:3:3:4:4,2:1:4:4:2:3:4:4:2
4:2:4:4:4:3:3:4:3:,recombination,2619.922975334377,0:1:4:2:0:4:4:4:0,4:4:3:4:4:1:1:4:4,MUTATE
3:2:4:3:2:3:4:4:3:,clone,2697.977151823783,3:2:4:3:2:3:4:4:3
3:2:4:4:3:3:4:4:3:,clone,2679.080221005166,4:2:4:4:4:3:3:4:3
3:1:4:3:1:3:4:4:2:,recombination,2985.7143335097735,3:2:4:3:2:3:4:4:3,1:1:4:3:2:4:4:4:0
2:1:4:4:1:4:4:4:2:,recombination,4429.176213731416,2:2:4:4:3:4:4:4:2,4:4:4:4:4:0:0:4:4
3:1:4:3:1:3:4:4:2:,recombination,2836.707344068254,4:2:4:4:4:3:3:4:3,4:3:4:4:4:1:2:2:4,MUTATE
2:1:4:2:0:4:4:4:0:,recombination,2874.8912433856467,3:2:4:4:4:4:3:4:3,3:2:4:4:3:3:4:4:3,MUTATE
2:1:4:4:3:3:4:4:2:,clone,3186.889806105777,3:1:4:3:2:4:4:4:2
2:1:4:1:0:4:4:4:0:,clone,2917.4271278169203,2:1:4:1:0:4:4:4:0
3:2:4:3:1:4:4:4:3:,recombination,3992.0409620511,4:4:4:4:4:1:1:2:4,4:2:4:4:3:3:4:4:4,MUTATE
3:2:4:3:1:4:4:4:3:,clone,3778.5045655038566,3:2:4:3:1:4:4:4:3
1:1:4:2:0:4:4:4:1:,recombination,4378.967678964235,3:2:4:4:4:2:3:4:3,2:1:4:2:1:4:4:4:2
3:2:4:4:1:4:4:4:3:,recombination,4382.266314537257,2:2:4:4:2:4:4:4:1,2:1:4:4:4:3:3:4:2,MUTATE
2:1:4:1:0:4:4:4:0:,clone,2795.1276355419027,2:1:4:1:0:4:4:4:0
4:4:4:4:4:1:1:1:4:,recombination,3432.5276423703804,3:1:4:4:2:3:4:4:2,3:2:4:4:4:4:3:4:2
3:2:4:2:0:4:4:4:2:,recombination,3409.2439836419103,4:4:2:4:4:1:1:4:4,3:2:4:4:4:3:3:4:3,MUTATE
3:1:4:2:0:4:4:4:2:,clone,3740.0313482890856,3:1:4:2:0:4:4:4:2
1:1:4:3:2:4:4:4:0:,clone,3386.886197101557,1:1:4:3:2:4:4:4:0
2:2:4:2:0:4:4:4:2:,clone,4064.8635372916397,2:2:4:2:0:4:4:4:2
2:1:4:1:0:4:4:4:0:,clone,2791.06862729373,2:1:4:1:0:4:4:4:0
4:2:4:4:2:4:4:4:4:,recombination,3486.405868715931,2:1:4:2:0:4:4:4:1,4:2:4:3:2:4:4:4:3
2:2:4:3:0:4:4:4:2:,clone,4525.123796894547,2:1:4:3:1:4:4:4:2
2:1:4:4:2:3:4:4:1:,recombination,2937.6101164407014,2:2:4:4:2:4:4:4:2,4:2:4:4:2:3:4:4:4
3:1:4:2:0:4:4:4:2:,clone,3708.225712573479,3:1:4:2:0:4:4:4:2
3:2:4:3:0:4:4:4:2:,recombination,4285.327064447601,3:2:4:3:2:4:4:4:3,4:2:4:3:2:3:4:4:3,MUTATE
4:3:4:4:4:4:4:4:4:,recombination,3762.7203479154605,4:4:4:4:4:1:1:3:4,3:1:4:4:4:3:3:4:2
3:2:4:4:1:4:4:4:2:,clone,4351.998136030517,3:2:4:4:1:4:4:4:2
3:1:4:4:4:3:4:4:2:,recombination,3396.088538619934,4:3:4:4:4:1:1:4:4,3:1:4:4:3:3:4:4:3
1:1:4:2:1:4:4:4:0:,recombination,2940.0192930776,4:3:4:4:4:2:2:4:4,2:2:4:4:2:4:4:4:2
1:1:4:3:2:4:4:4:0:,clone,3337.486420995652,1:1:4:3:2:4:4:4:0
4:2:4:4:3:3:4:4:3:,recombination,2757.221536157392,3:1:4:3:2:4:4:4:2,3:1:4:3:2:3:4:4:2,MUTATE
3:2:4:4:3:3:4:4:2:,clone,2729.014258778097,3:2:4:4:3:3:4:4:2
3:1:4:4:3:3:4:4:2:,recombination,2843.6580180926417,4:2:4:4:3:3:4:4:3,4:3:4:4:4:3:3:4:4
4:2:4:4:4:4:4:4:3:,recombination,3215.037462356293,4:2:4:4:2:4:4:4:3,4:2:4:3:2:4:4:4:4
2:2:4:3:0:4:4:4:1:,recombination,4710.03628341204,2:1:4:3:2:4:4:4:2,2:1:4:4:4:3:4:4:1,MUTATE
3:2:4:3:2:4:4:4:2:,recombination,2911.0568817084145,2:2:4:3:1:4:4:4:1,2:1:4:1:0:4:4:4:0,MUTATE
1:1:4:2:0:4:4:4:0:,recombination,3066.8415672566543,2:2:4:4:3:4:4:4:2,3:2:4:3:2:3:4:4:3
3:1:4:3:1:4:4:4:2:,clone,2820.692792611137,3:1:4:3:1:4:4:4:2
1:1:4:2:0:4:4:4:0:,clone,3006.6115332746153,1:1:4:2:0:4:4:4:0
3:1:4:3:2:4:4:4:2:,clone,2792.723661141016,2:2:4:4:3:4:4:4:2
2:2:4:4:4:4:4:4:2:,recombination,3867.858425092903,4:2:4:4:4:1:3:3:4,4:3:4:4:4:1:1:3:4,MUTATE
3:1:4:2:0:4:4:4:2:,recombination,3431.3034404269697,4:4:4:4:4:1:2:3:4,4:2:4:3:1:4:4:4:3,MUTATE
2:2:4:3:0:4:4:4:1:,recombination,4219.876288876075,2:1:4:1:0:4:4:4:0,4:4:3:4:4:3:2:4:4
3:1:4:2:0:4:4:4:2:,clone,3376.2132496534,3:1:4:2:0:4:4:4:2
2:1:4:2:0:4:4:4:1:,recombination,2792.7236611410162,4:2:4:4:3:3:4:4:3,1:1:4:3:0:4:4:4:0,MUTATE
1:1:4:3:2:4:4:4:0:,recombination,3174.366963720054,4:2:4:4:4:2:4:4:4,3:2:4:4:4:2:3:4:3
1:1:4:3:0:4:4:4:1:,recombination,4680.235476356267,3:2:4:4:4:3:3:3:3,2:1:4:3:2:4:4:4:2
2:2:4:4:4:4:4:4:2:,clone,3814.0288119339634,2:2:4:4:4:4:4:4:2
2:2:4:4:4:3:4:4:2:,recombination,3639.340442479935,4:2:4:3:2:3:4:4:3,2:2:4:4:4:4:4:4:2
4:4:4:4:4:0:0:2:4:,clone,2521.7782446839174,4:4:4:4:4:0:0:2:4
2:2:4:3:1:4:4:4:1:,recombination,3713.7025156640043,4:4:4:4:4:1:2:3:4,4:2:4:4:2:4:4:4:3,MUTATE
3:2:4:3:2:4:4:4:2:,recombination,2824.4749908531967,4:4:4:4:4:1:1:4:4,2:1:4:4:2:3:4:4:2,MUTATE
2:1:4:4:4:3:3:4:1:,recombination,3736.068806396337,4:4:4:4:4:1:1:2:4,1:1:4:3:2:4:4:4:0,MUTATE
1:1:4:4:1:4:4:4:0:,clone,4695.016082242843,1:1:4:4:1:4:4:4:0
1:1:4:4:1:4:4:4:0:,recombination,4539.1786278670015,4:3:4:4:4:3:4:4:4,4:2:4:4:4:4:4:4:3,MUTATE
1:1:4:4:1:4:4:4:1:,recombination,4552.913901281756,3:2:4:4:4:3:3:3:3,2:2:4:4:3:3:4:4:2
0:1:4:3:0:4:4:4:0:,recombination,5753.795605585732,3:2:4:4:4:2:3:4:3,1:1:4:3:0:4:4:4:1,MUTATE
1:1:4:4:1:4:4:4:1:,recombination,4471.312868839769,1:1:4:4:1:4:4:4:1,3:2:4:3:2:4:4:4:2
1:1:4:4:1:4:4:4:0:,recombination,4318.961615266949,4:4:4:4:4:1:2:4:4,4:3:4:4:4:3:4:4:4,MUTATE
4:2:4:4:3:3:3:4:3:,recombination,2767.474324627496,4:3:4:4:4:2:3:3:4,4:3:4:4:4:2:4:4:4,MUTATE
3:2:4:4:3:4:3:4:2:,clone,3017.5905806570872,3:2:4:4:3:4:3:4:2
3:2:4:4:3:4:3:4:2:,recombination,2854.1513948573734,3:2:4:4:4:4:4:4:3,3:2:4:3:2:4:4:4:2,MUTATE
2:1:4:3:1:3:4:4:1:,recombination,3269.8932339477064,3:2:4:4:2:3:4:4:2,2:1:4:4:4:3:3:4:1,MUTATE
1:1:4:2:0:4:4:4:1:,recombination,4335.806237605,2:2:4:3:2:4:4:4:2,2:1:4:3:2:4:4:4:2,MUTATE
3:2:4:3:1:4:4:4:2:,recombination,2906.748923326248,4:3:4:4:4:2:3:3:4,2:2:4:3:0:4:4:4:1,MUTATE
3:2:4:4:3:4:4:4:2:,clone,2931.377102098159,3:2:4:4:3:4:4:4:2
3:2:4:4:3:4:4:4:2:,clone,2919.092427102667,3:2:4:4:3:4:4:4:2
2:1:4:4:4:4:4:4:1:,recombination,3463.243439071837,3:2:4:4:2:4:4:4:3,2:2:4:4:4:4:4:4:2,MUTATE
2:2:4:2:1:4:4:4:1:,recombination,3180.036822618717,4:4:4:4:4:1:1:4:4,1:1:4:4:1:4:4:4:0
4:2:4:4:3:4:4:4:3:,clone,2859.859186210246,4:2:4:4:3:4:4:4:3
3:2:4:4:2:4:4:4:2:,clone,2871.543298828999,3:1:4:3:2:4:4:4:2
3:2:4:3:2:4:4:4:2:,clone,2789.6559938551864,3:2:4:4:2:4:4:4:2
3:2:4:3:2:4:4:4:2:,clone,2789.655993855186,3:2:4:3:2:4:4:4:2
3:2:4:4:3:4:4:4:2:,clone,2838.2283942125396,3:2:4:4:2:4:4:4:2
3:2:4:3:2:4:4:4:2:,clone,2694.7151287190427,3:2:4:3:2:4:4:4:2
3:1:4:4:3:4:4:4:2:,clone,2741.2456258039233,3:1:4:4:3:4:4:4:2
2:2:4:3:1:4:4:4:1:,recombination,3507.558795046399,4:4:4:4:4:1:2:3:4,2:2:4:4:2:4:4:4:1,MUTATE
4:2:4:4:3:4:4:4:3:,recombination,2745.5861946803284,2:1:4:1:0:4:4:4:0,4:4:4:4:4:2:3:4:4
4:4:4:4:4:0:2:1:4:,recombination,3494.5947634087192,4:2:4:4:4:2:3:4:4,4:2:4:3:1:4:4:4:3
3:1:4:3:2:4:4:4:2:,clone,2745.5861946803284,3:1:4:3:2:4:4:4:2
3:1:4:3:2:4:4:4:2:,clone,2721.9064515031955,3:1:4:3:2:4:4:4:2
4:4:4:4:4:1:1:1:4:,clone,3141.5424823326275,4:4:4:4:4:0:1:1:4
4:4:4:4:4:1:1:1:4:,clone,3087.317761927532,4:4:4:4:4:1:1:1:4
2:2:4:4:3:3:4:4:2:,clone,3350.560534324235,2:2:4:4:3:3:4:4:2
0:1:4:2:0:4:4:4:0:,clone,4884.237978753223,1:1:4:2:0:4:4:4:0
2:1:4:4:1:4:4:4:1:,recombination,4326.5103462438765,1:1:4:3:2:4:4:4:0,4:4:3:4:4:2:3:4:4
4:2:4:4:4:2:3:4:4:,recombination,2614.302080761774,4:4:4:4:4:2:1:4:4,2:2:4:3:2:4:4:4:1
2:1:4:3:1:4:4:4:1:,recombination,2788.84396112297,2:1:4:2:0:4:4:4:1,2:1:4:3:1:4:4:4:1
2:1:4:2:1:4:4:4:1:,recombination,2762.9269516561844,4:4:4:4:4:2:3:4:4,4:2:4:4:3:4:4:4:3
4:1:4:3:2:4:4:4:3:,recombination,3374.2492851257425,2:1:4:3:1:4:4:4:1,3:1:4:3:2:4:4:4:2,MUTATE
4:2:4:4:2:4:4:4:3:,recombination,2879.9712994421966,4:4:4:4:4:0:1:1:4,2:1:4:1:0:4:4:4:0,MUTATE
4:2:4:4:2:4:4:4:3:,clone,2861.762080310866,4:2:4:4:2:4:4:4:3
4:2:4:4:4:2:2:4:4:,clone,2706.3922474286987,4:2:4:4:4:2:2:4:4
3:2:4:4:4:3:3:4:2:,recombination,3100.6199425683367,1:1:4:1:0:4:4:4:0,4:2:4:4:4:2:3:4:4,MUTATE
4:2:4:4:4:2:3:4:4:,clone,2597.2036007643615,4:2:4:4:4:2:3:4:4
4:2:4:4:4:2:2:4:4:,clone,2578.2029631345363,4:2:4:4:4:2:3:4:4
4:2:4:4:4:2:3:4:4:,clone,2573.3062339072712,4:2:4:4:4:2:3:4:4
3:2:4:4:4:3:3:4:3:,clone,2831.605306867636,3:2:4:4:4:3:3:4:3
1:1:4:2:0:4:4:4:0:,recombination,2901.267342659992,2:1:4:3:1:4:4:4:1,3:2:4:4:2:4:4:4:2,MUTATE
2:1:4:2:0:4:4:4:0:,clone,2805.8679758973826,2:1:4:2:0:4:4:4:0
1:1:4:2:0:4:4:4:0:,recombination,2807.825186344623,1:1:4:2:0:4:4:4:0,3:2:4:4:2:4:4:4:3,MUTATE
1:1:4:1:0:4:4:4:0:,recombination,2732.3932429491374,2:1:4:2:1:4:4:4:1,4:2:4:4:2:4:4:4:4,MUTATE
2:1:4:4:3:3:4:4:1:,recombination,3092.9123950182525,4:2:4:4:4:3:4:4:3,4:3:4:4:4:1:2:2:4
3:2:4:4:4:3:3:4:2:,recombination,2875.606751714935,4:2:4:4:4:2:3:4:4,3:2:4:4:2:3:4:4:2,MUTATE
2:1:4:4:3:3:4:4:1:,recombination,3030.480060501833,4:3:4:4:4:1:3:4:4,4:2:4:4:2:4:4:4:3,MUTATE
3:2:4:4:4:3:3:4:2:,clone,2837.5743945605755,3:2:4:4:4:3:3:4:2
1:1:4:1:0:4:4:4:0:,recombination,2693.0409686259563,3:2:4:4:2:3:4:4:2,2:1:4:4:3:3:4:4:2
4:4:4:4:4:0:0:1:4:,recombination,2445.70140515295,4:2:4:4:4:2:3:4:4,1:1:4:2:1:4:4:4:0,MUTATE
3:2:4:3:2:4:4:4:3:,recombination,3206.6601906824403,4:3:3:4:4:1:2:4:4,2:1:4:2:1:4:4:4:0
4:4:4:4:4:0:0:2:4:,recombination,2480.5199025611373,2:2:4:4:2:4:4:4:2,4:2:4:4:4:2:3:4:4,MUTATE
4:4:4:4:4:0:0:1:4:,clone,2341.2263098482094,4:4:4:4:4:0:0:1:4
4:4:3:4:4:0:0:0:4:,clone,2671.935351443072,1:1:4:2:1:4:4:4:0
2:2:4:3:2:4:4:4:1:,recombination,3406.385975622857,3:1:4:3:2:4:4:4:2,3:1:4:3:2:3:4:4:2,MUTATE
4:4:4:4:4:1:1:4:4:,clone,2435.158014196046,4:4:4:4:4:1:1:4:4
4:4:3:4:4:0:1:2:4:,clone,2855.4808316226067,4:4:3:4:4:0:0:1:4
3:1:4:4:1:4:4:4:2:,recombination,4448.531208759693,4:4:4:4:4:2:2:3:4,2:1:4:2:0:4:4:4:1
2:2:4:3:1:4:4:4:1:,recombination,3334.2754373213224,3:2:4:3:2:4:4:4:2,3:2:4:4:4:3:3:4:3,MUTATE
2:1:4:3:2:3:4:4:1:,recombination,3023.7207356276294,3:2:4:4:4:3:3:4:3,2:1:4:4:3:3:4:4:2
3:2:4:4:1:4:4:4:2:,clone,4330.39055500055,2:1:4:3:1:4:4:4:2
2:2:4:4:4:3:4:4:2:,recombination,3616.482110401117,4:4:3:4:4:3:2:4:4,3:1:4:2:0:4:4:4:2
2:2:4:4:4:3:3:4:2:,clone,3634.2170746968904,2:2:4:4:4:3:3:4:2
4:2:4:4:4:3:4:4:3:,recombination,3222.116999386975,3:2:4:4:3:4:4:4:2,2:2:4:4:1:4:4:4:2
3:2:4:4:4:4:3:4:3:,recombination,3410.73068333749,4:3:4:4:4:1:1:4:4,4:2:4:4:2:4:4:4:3,MUTATE
2:2:4:2:0:4:4:4:2:,recombination,3860.401925362275,3:2:4:4:2:4:4:4:3,4:2:4:4:4:4:4:4:3
3:2:4:2:0:4:4:4:2:,recombination,3301.2455340384954,3:2:4:4:2:4:4:4:3,3:2:4:3:2:4:4:4:2
2:2:4:3:2:4:4:4:2:,recombination,3273.5801980271817,4:3:4:4:4:2:2:4:4,1:1:4:4:3:4:4:4:1,MUTATE
2:2:4:2:0:4:4:4:1:,clone,3372.876858350672,2:2:4:2:0:4:4:4:1
2:2:4:3:1:4:4:4:2:,recombination,3534.9022202837564,4:4:4:4:4:1:0:3:4,4:3:4:4:4:3:3:4:4
2:2:4:3:1:4:4:4:2:,clone,3469.0132749984637,2:2:4:3:1:4:4:4:2
2:2:4:3:1:4:4:4:2:,clone,3460.9768683010548,2:2:4:3:1:4:4:4:2
2:1:4:3:2:4:4:4:2:,recombination,3543.263536107431,3:2:4:4:2:4:4:4:3,3:1:4:3:1:4:4:4:2,MUTATE
0:1:4:2:0:4:4:4:0:,recombination,4684.462727705817,1:1:4:4:2:4:4:4:1,1:1:4:3:1:4:4:4:0,MUTATE
2:1:4:4:1:4:4:4:2:,recombination,4338.743979803653,2:2:4:4:2:4:4:4:1,4:3:4:4:4:1:1:3:4
0:1:4:3:0:4:4:4:0:,clone,5707.267421621266,0:1:4:2:0:4:4:4:0
2:2:4:3:2:3:4:4:2:,recombination,3571.4645705722814,4:4:4:4:4:1:2:4:4,4:3:4:4:4:1:3:3:4
2:1:4:2:0:4:4:4:0:,recombination,2792.723661141015,4:4:4:4:4:1:1:4:4,3:2:4:4:4:2:4:4:3,MUTATE
3:1:4:4:4:3:4:4:2:,recombination,3374.3953330130885,3:2:4:4:4:3:4:4:3,2:2:4:4:3:3:4:4:2
2:1:4:4:1:4:4:4:1:,recombination,4325.747395194547,1:1:4:2:0:4:4:4:0,4:2:4:4:4:2:3:4:4,MUTATE
3:2:4:4:4:3:4:4:2:,recombination,3355.963331261887,4:2:4:3:1:4:4:4:3,3:1:4:4:4:3:4:4:2,MUTATE
4:4:4:4:4:2:3:4:4:,clone,2851.0636433801,4:4:4:4:4:2:3:4:4
2:1:4:4:1:4:4:4:1:,recombination,4295.391343693461,4:3:4:4:4:1:2:4:4,2:2:4:4:3:3:4:4:2
3:2:4:2:1:4:4:4:2:,recombination,3112.3373541928295,4:2:4:4:3:4:4:4:3,3:1:4:4:2:3:4:4:3
4:2:4:4:2:4:4:4:3:,clone,2850.21102943952,4:2:4:3:2:4:4:4:3
4:4:2:4:4:0:0:0:4:,clone,2708.07562087946,1:1:4:1:0:4:4:4:0
4:4:3:4:4:0:0:1:4:,clone,2734.947722809617,4:4:3:4:4:0:0:1:4
4:4:2:4:4:0:0:0:4:,clone,2708.0756208794596,4:4:2:4:4:0:0:0:4
4:4:3:4:4:0:0:2:4:,clone,2734.947722809617,4:4:3:4:4:0:0:2:4
2:1:4:4:2:4:4:4:1:,clone,2872.7764966147975,2:1:4:4:2:4:4:4:1
4:4:3:4:4:0:0:2:4:,clone,2684.395877702327,4:4:3:4:4:0:0:1:4
4:4:3:4:4:0:0:1:4:,clone,2684.3958777023277,4:4:3:4:4:0:0:2:4
4:4:2:4:4:0:0:3:4:,clone,2713.4011053262125,4:4:3:4:4:0:0:3:4
4:4:1:4:4:1:0:3:4:,recombination,2742.171816033726,4:3:4:4:4:2:2:2:4,4:3:3:4:4:2:2:4:4
4:4:1:4:4:0:0:2:4:,recombination,2686.529003396055,4:2:4:4:2:4:4:4:3,4:3:3:4:4:2:2:4:4
4:2:4:4:2:3:4:4:4:,clone,3004.3339951376533,4:2:4:4:2:3:4:4:4
4:4:2:4:4:0:0:2:4:,recombination,2643.283236671408,4:4:3:4:4:2:2:4:4,4:4:2:4:4:0:0:0:4,MUTATE
4:4:2:4:4:1:0:4:4:,clone,2696.832166061015,4:4:2:4:4:1:0:4:4
2:1:4:4:2:4:4:4:1:,clone,2861.7339109191175,2:1:4:4:2:4:4:4:1
4:4:2:4:4:0:0:2:4:,clone,2623.4220949264577,4:4:2:4:4:0:0:2:4
4:4:3:4:4:1:0:4:4:,recombination,2656.843137249878,4:4:1:4:4:1:0:3:4,4:4:2:4:4:0:0:0:4
4:4:4:4:4:1:0:3:4:,clone,2573.6658988987033,4:4:4:4:4:1:0:3:4
4:2:4:4:2:3:4:4:3:,clone,2938.268101782246,4:2:4:4:2:3:4:4:3
1:2:4:3:1:4:4:4:1:,clone,4111.827798807209,1:2:4:3:1:4:4:4:1
4:4:2:4:4:0:0:0:4:,clone,2601.512926973866,4:4:2:4:4:0:0:0:4
4:4:4:4:4:0:1:0:4:,recombination,2800.6379815578716,4:2:4:4:4:2:2:4:4,4:2:4:4:4:3:3:4:4
4:4:3:4:4:1:1:2:4:,recombination,3087.4175638789734,4:2:4:4:4:3:3:4:4,4:4:2:4:4:0:0:0:4,MUTATE
4:4:4:4:4:0:2:1:4:,clone,3196.148709086093,4:4:4:4:4:0:1:1:4
3:2:4:3:2:3:4:4:2:,clone,2581.8283621920355,3:2:4:3:2:3:4:4:2
3:2:4:3:1:3:4:4:2:,recombination,3241.04198154084,3:2:4:4:3:4:4:4:3,3:2:4:4:2:3:4:4:3,MUTATE
4:4:4:4:4:0:2:1:4:,clone,3185.0993168626633,4:4:4:4:4:0:2:1:4
4:4:4:4:4:0:1:1:4:,clone,2775.3188249328928,4:4:4:4:4:0:1:2:4
1:1:4:3:0:4:4:4:1:,recombination,4205.120596888266,4:2:4:4:3:3:4:4:3,3:1:4:4:2:3:4:4:2
2:1:4:3:0:4:4:4:1:,clone,4043.69280104865,2:1:4:3:0:4:4:4:1
2:1:4:3:0:4:4:4:1:,clone,4043.692801048649,2:1:4:3:0:4:4:4:1
2:2:4:4:4:3:3:4:2:,recombination,3296.607034754499,3:2:4:4:2:4:4:4:2,2:2:4:4:3:3:4:4:2,MUTATE
2:2:4:4:4:3:3:4:2:,clone,3165.3036133042388,2:2:4:4:4:3:3:4:2
4:2:4:4:2:3:4:4:3:,clone,2795.712280392344,4:2:4:4:2:3:4:4:3
1:1:4:3:2:4:4:4:0:,clone,3073.9388607308533,1:1:4:3:2:4:4:4:0
1:1:4:3:2:4:4:4:0:,clone,3055.769409860338,1:1:4:3:2:4:4:4:0
2:2:4:4:2:4:4:4:1:,recombination,3568.94981461344,4:2:4:3:2:3:4:4:3,2:1:4:3:2:4:4:4:2,MUTATE
4:4:4:4:4:0:1:2:4:,recombination,2467.238724818315,4:2:4:4:4:4:4:4:3,4:4:4:4:4:1:1:4:4,MUTATE
2:1:4:3:2:4:4:4:1:,recombination,2825.564868935778,3:2:4:4:3:3:4:4:3,2:2:4:3:1:4:4:4:2
4:4:4:4:4:0:1:1:4:,clone,2719.4542528798174,4:4:4:4:4:0:0:0:4
4:4:4:4:4:0:1:2:4:,clone,2406.4673057530936,4:4:4:4:4:0:1:2:4
4:4:4:4:4:0:1:3:4:,recombination,2454.997331140193,2:1:4:4:3:3:4:4:2,4:4:4:4:4:0:0:1:4,MUTATE
4:4:4:4:4:0:1:1:4:,clone,2656.027456361262,4:4:4:4:4:0:1:1:4
1:1:4:3:2:4:4:4:0:,recombination,3041.7948640370896,4:3:4:4:4:2:3:4:4,3:2:4:4:4:4:4:4:2,MUTATE
1:1:4:3:2:4:4:4:0:,recombination,2807.3393358296353,1:1:4:2:0:4:4:4:1,1:1:4:3:2:4:4:4:0,MUTATE
1:1:4:3:2:4:4:4:0:,clone,2776.0094930571895,1:1:4:3:2:4:4:4:0
2:2:4:4:3:3:4:4:1:,clone,3599.6687692861005,2:2:4:4:3:3:4:4:1
1:1:4:4:3:4:4:4:0:,clone,2876.246783845584,1:1:4:4:4:4:3:4:0
1:1:4:4:4:3:3:4:0:,recombination,3598.9164679694527,1:1:4:1:0:4:4:4:0,3:2:4:3:2:3:4:4:3,MUTATE
1:1:4:4:4:4:3:4:0:,recombination,2998.4869323912753,1:1:4:3:2:4:4:4:0,2:1:4:3:2:3:4:4:1,MUTATE
2:1:4:1:0:4:4:4:0:,recombination,2785.2812847220066,1:1:4:3:0:4:4:4:0,0:1:4:2:0:4:4:4:0,MUTATE
1:1:4:4:3:3:4:4:1:,recombination,3963.558376545834,4:2:4:4:3:3:4:4:3,2:2:4:3:1:4:4:4:1,MUTATE
1:1:4:4:2:3:4:4:1:,clone,3866.820211976869,1:1:4:4:2:3:4:4:1
2:1:4:3:2:4:4:4:1:,recombination,2794.9692044175117,3:2:4:4:2:4:4:4:3,2:2:4:3:1:4:4:4:2,MUTATE
2:1:4:4:2:4:4:4:2:,clone,3471.813208146552,2:2:4:4:2:4:4:4:2
1:1:4:3:0:4:4:4:0:,clone,4064.8886224352386,1:1:4:3:0:4:4:4:0
4:3:4:4:3:3:4:4:4:,clone,3555.9945675012677,4:3:4:4:3:3:4:4:4
3:2:4:3:1:4:4:4:3:,recombination,3210.907639075946,4:2:4:4:2:4:4:4:3,2:1:4:3:1:4:4:4:2,MUTATE
4:3:4:4:3:3:4:4:4:,recombination,3430.419189828847,2:1:4:2:1:4:4:4:0,2:2:4:3:2:4:4:4:2,MUTATE
3:2:4:4:4:4:3:4:3:,clone,3058.3440611938163,3:2:4:4:4:4:3:4:3
3:1:4:2:0:4:4:4:2:,recombination,2901.699683081385,2:2:4:4:4:3:4:4:2,4:4:4:4:4:1:2:4:4
4:3:4:4:3:3:4:4:4:,clone,3350.272744031134,4:3:4:4:4:3:3:4:4
4:3:4:4:3:3:3:4:4:,clone,3126.2683396631855,4:3:4:4:3:3:3:4:4
1:1:4:4:1:4:4:4:1:,recombination,4456.401379351337,4:3:4:4:4:2:2:3:4,4:3:4:4:4:1:3:3:4,MUTATE
2:2:4:3:1:4:4:4:2:,clone,3070.2730062391647,3:2:4:3:2:3:4:4:2
4:3:4:4:3:3:4:4:4:,clone,3169.7857353578875,4:3:4:4:4:3:3:4:4
4:2:4:3:2:4:4:4:4:,recombination,3237.8477640857673,2:1:4:4:3:4:4:4:1,1:1:4:1:0:4:4:4:0,MUTATE
2:2:4:4:3:3:4:4:2:,recombination,3255.3050404772675,4:3:4:4:4:3:3:4:4,2:1:4:4:2:3:4:4:1,MUTATE
4:2:4:3:2:3:4:4:4:,clone,3226.8130452064256,4:2:4:3:2:3:4:4:4
4:2:4:3:2:3:4:4:4:,clone,3208.979467414865,4:2:4:3:2:3:4:4:4
3:1:4:4:4:3:4:4:2:,recombination,3338.9554488298777,4:4:4:4:4:0:1:1:4,4:2:4:4:2:4:4:4:3
3:1:4:4:4:3:4:4:2:,clone,3302.127264530013,3:1:4:4:4:3:4:4:2
4:4:4:4:4:1:0:2:4:,clone,2711.8739325689085,4:4:4:4:4:1:0:2:4
4:4:4:4:4:1:0:2:4:,clone,2705.878253577591,4:4:4:4:4:1:0:2:4
4:4:4:4:4:1:0:2:4:,clone,2690.0519740385757,4:4:4:4:4:1:0:2:4
4:4:4:4:4:1:0:2:4:,clone,2682.6073068986625,4:4:4:4:4:1:0:2:4
2:1:4:4:3:4:4:4:2:,clone,3463.7433178643428,2:1:4:4:3:4:4:4:2
2:1:4:3:2:4:4:4:2:,clone,3373.760317199804,2:1:4:3:2:4:4:4:2
3:2:4:4:4:4:4:4:2:,recombination,3258.415707761403,4:2:4:4:4:4:3:4:4,4:4:3:4:4:0:0:1:4,MUTATE
2:2:4:4:4:4:4:4:2:,clone,3544.778459740787,2:2:4:4:4:4:4:4:2
2:2:4:4:1:4:4:4:1:,recombination,4440.692963545949,3:2:4:4:2:3:4:4:3,2:1:4:1:0:4:4:4:0,MUTATE
2:2:4:4:3:4:4:4:2:,clone,3341.6954578008354,2:2:4:4:3:4:4:4:2
3:2:4:4:3:4:4:4:3:,clone,3105.892115797503,4:2:4:4:3:4:4:4:3
2:1:4:4:4:3:3:4:1:,clone,3623.9309814056505,2:1:4:3:1:4:4:4:1
4:2:4:4:3:3:4:4:4:,recombination,2834.115789954783,4:2:4:4:3:4:4:4:3,2:2:4:4:4:3:4:4:2
2:1:4:4:4:3:3:4:1:,clone,3383.2530232969148,2:1:4:4:4:3:3:4:1
4:2:4:3:2:4:4:4:4:,clone,2834.115789954783,4:2:4:3:2:4:4:4:4
4:2:4:4:2:4:4:4:4:,clone,3025.961505452794,4:2:4:3:2:4:4:4:4
4:2:4:3:2:4:4:4:3:,clone,2834.115789954783,4:2:4:3:2:4:4:4:3
1:1:4:4:2:4:4:4:1:,recombination,3844.4069497169653,2:1:4:3:2:4:4:4:1,1:1:4:3:2:4:4:4:0
3:2:4:4:3:4:3:4:2:,recombination,2847.1688630513777,4:4:3:4:4:2:1:4:4,4:3:4:4:4:2:2:3:4,MUTATE
1:1:4:4:2:4:4:4:1:,recombination,3718.510145005546,4:2:4:3:1:3:4:4:3,2:2:4:4:3:4:4:4:2,MUTATE
3:1:4:4:3:4:3:4:2:,recombination,2830.492024723142,3:1:4:3:1:4:4:4:2,3:2:4:4:3:4:3:4:2,MUTATE
4:2:4:4:4:2:2:4:3:,clone,3332.6636925207495,4:2:4:4:4:2:2:4:3
4:2:4:4:4:2:2:4:3:,clone,3321.9500517597667,4:2:4:4:4:2:2:4:3
1:1:4:3:1:4:4:4:0:,recombination,2887.1986046845695,4:3:4:4:4:3:2:4:4,4:2:4:4:4:1:2:4:4,MUTATE
1:1:4:3:1:4:4:4:0:,clone,2860.7100547958885,1:1:4:3:1:4:4:4:0
2:1:4:2:1:4:4:4:0:,clone,3028.8683244975923,2:1:4:2:1:4:4:4:0
2:1:4:2:1:4:4:4:0:,clone,2968.3397263137017,2:1:4:2:1:4:4:4:0
2:1:4:2:1:4:4:4:0:,clone,2873.2892833574665,2:1:4:2:1:4:4:4:0
2:1:4:2:1:4:4:4:0:,clone,2839.5967349361326,2:1:4:2:1:4:4:4:0
4:2:4:4:4:2:2:4:3:,clone,3172.0868658581903,4:2:4:4:4:2:2:4:3
2:1:4:4:3:4:4:4:2:,recombination,3398.759624335725,4:3:4:4:4:2:1:4:4,4:3:4:4:4:3:4:4:4
1:1:4:4:2:4:4:4:1:,clone,3662.7082985708585,1:1:4:4:2:4:4:4:1
1:1:4:4:2:3:4:4:1:,recombination,3606.1550430944285,1:1:4:4:2:4:4:4:1,4:3:4:4:4:1:1:4:4,MUTATE
1:1:4:4:2:3:4:4:1:,recombination,3560.1796453592124,1:1:4:4:2:3:4:4:1,4:4:4:4:4:1:2:4:4,MUTATE
2:1:4:4:4:4:4:4:2:,recombination,3636.4604912320497,4:2:4:4:2:3:4:4:3,3:2:4:4:1:4:4:4:3
1:1:4:4:1:4:4:4:1:,clone,4383.639129869224,1:1:4:3:1:4:4:4:1
2:1:4:4:3:4:4:4:1:,clone,2835.5901296821994,2:1:4:4:3:4:4:4:1
1:1:4:4:2:4:4:4:0:,clone,3346.747640981851,1:1:4:4:2:4:4:4:0
1:1:4:4:3:3:4:4:1:,clone,3478.581877609814,2:1:4:4:3:3:4:4:1
2:1:4:4:2:4:4:4:2:,clone,3462.1118675754847,2:1:4:4:2:4:4:4:2
2:2:4:4:2:4:4:4:2:,clone,3287.8245735184732,2:2:4:4:2:4:4:4:2
1:1:4:4:3:4:4:4:1:,clone,3708.9384552842957,1:1:4:4:3:3:4:4:1
2:1:4:1:0:4:4:4:1:,clone,2779.9166638258275,2:1:4:1:0:4:4:4:1
3:2:4:4:2:4:4:4:3:,recombination,3179.4466649148617,3:2:4:3:1:4:4:4:2,4:4:3:4:4:3:2:4:4,MUTATE
2:2:4:4:1:4:4:4:1:,recombination,4340.195038037052,3:2:4:4:3:4:4:4:2,4:2:4:4:4:4:3:4:4,MUTATE
3:2:4:3:2:4:4:4:3:,clone,3151.9835878831414,3:2:4:3:2:4:4:4:3
0:1:4:2:0:4:4:4:0:,clone,4610.411507061527,1:1:4:2:0:4:4:4:0
2:1:4:3:2:3:4:4:2:,clone,3303.8150662750613,3:1:4:4:2:3:4:4:2
4:2:4:4:4:3:4:4:3:,recombination,3204.2458439157494,4:2:4:4:4:2:3:4:4,2:2:4:2:0:4:4:4:1
4:2:4:4:4:2:2:4:4:,recombination,2574.7353479067597,1:1:4:3:2:4:4:4:0,4:4:4:4:4:1:0:2:4,MUTATE
3:1:4:4:1:4:4:4:2:,recombination,4313.999619502662,3:1:4:4:3:3:4:4:2,3:2:4:4:2:4:4:4:2
3:2:4:4:4:3:4:4:2:,recombination,3220.3598561730287,2:1:4:4:3:3:4:4:2,1:1:4:2:0:4:4:4:1
1:1:4:4:4:4:4:4:0:,recombination,3998.8288270667263,1:1:4:3:2:4:4:4:0,3:1:4:4:4:3:3:4:2
2:1:4:2:0:4:4:4:1:,clone,2792.7236611410153,1:1:4:2:0:4:4:4:0
2:1:4:2:1:4:4:4:1:,clone,2707.1352236689063,2:1:4:2:1:4:4:4:1
2:1:4:2:0:4:4:4:1:,clone,2655.5271453300907,2:1:4:2:0:4:4:4:1
2:1:4:4:3:3:3:4:1:,recombination,3016.7480598136062,2:2:4:4:3:4:4:4:1,3:2:4:3:2:3:4:4:3
1:1:4:4:2:4:4:4:0:,recombination,3344.592750436422,2:1:4:4:3:3:4:4:2,3:2:4:4:4:4:3:4:3
1:1:4:3:0:4:4:4:1:,recombination,4071.4892292427608,4:2:4:4:4:1:2:3:4,2:1:4:4:4:3:3:4:2,MUTATE
0:1:4:2:0:4:4:4:0:,recombination,4579.410053880121,2:1:4:2:0:4:4:4:1,3:2:4:4:2:4:4:4:2
1:1:4:2:0:4:4:4:1:,clone,4135.769508570813,2:1:4:2:0:4:4:4:1
4:4:3:4:4:1:1:4:4:,recombination,2634.978649461067,3:1:4:3:2:4:4:4:2,3:2:4:4:4:4:4:4:2
4:4:4:4:4:0:1:1:4:,clone,2618.5197134216965,4:4:4:4:4:0:1:1:4
4:4:4:4:4:0:1:1:4:,clone,2579.3736088615133,4:4:4:4:4:0:1:1:4
4:4:4:4:4:0:1:1:4:,clone,2537.003542162614,4:4:4:4:4:0:0:1:4
2:1:4:3:2:4:4:4:2:,clone,3276.180344810389,2:1:4:3:2:4:4:4:2
4:3:4:4:4:1:2:2:4:,clone,2854.0346044417342,4:4:4:4:4:1:2:2:4
4:4:4:4:4:0:2:1:4:,recombination,2957.3210783322274,4:4:3:4:4:1:1:4:4,4:2:4:4:4:2:3:4:4,MUTATE
3:2:4:4:2:3:4:4:3:,recombination,3105.4079363625824,3:2:4:4:4:3:4:4:3,3:1:4:3:1:4:4:4:2
4:4:4:4:4:1:2:2:4:,clone,2906.21380841223,4:4:4:4:4:1:2:2:4
4:4:4:4:4:1:2:2:4:,clone,2817.781879790577,4:4:4:4:4:1:2:2:4
4:4:4:4:4:1:2:3:4:,recombination,2806.0402415605245,4:4:4:4:4:0:1:2:4,4:2:4:4:2:4:4:4:3
4:4:4:4:4:1:2:2:4:,clone,2795.9089694040795,4:4:4:4:4:1:2:2:4
3:2:4:4:2:3:4:4:3:,recombination,2913.238364310608,3:2:4:4:1:4:4:4:2,4:2:4:4:3:4:4:4:4
4:1:4:4:3:4:4:4:3:,clone,3267.08626689767,4:2:4:4:3:4:4:4:3
2:2:4:3:2:4:4:4:2:,recombination,3158.828000090545,3:2:4:4:2:3:4:4:3,2:1:4:2:0:4:4:4:1
4:3:4:4:4:0:1:3:4:,clone,2594.8391124982286,4:3:4:4:4:0:1:3:4
1:1:4:1:0:4:4:4:0:,recombination,2634.8576202655877,4:2:4:4:4:3:3:4:4,2:1:4:3:1:3:4:4:1,MUTATE
3:1:4:3:1:4:4:4:2:,clone,2796.631428080302,2:1:4:2:1:4:4:4:1
2:1:4:4:2:4:4:4:2:,recombination,3158.394967344434,1:1:4:2:0:4:4:4:0,2:2:4:4:3:4:4:4:2
1:1:4:2:1:4:4:4:0:,recombination,2647.443243286267,3:2:4:3:1:4:4:4:3,2:1:4:4:2:4:4:4:2
2:1:4:2:0:4:4:4:0:,recombination,2772.4125327397473,4:2:4:4:2:3:4:4:4,4:3:4:4:4:1:2:4:4,MUTATE
2:1:4:1:0:4:4:4:0:,recombination,2759.500866394937,4:2:4:4:2:3:4:4:4,4:4:4:4:4:0:0:0:4
2:1:4:3:2:4:4:4:2:,clone,3274.0692865940855,2:1:4:3:2:4:4:4:2
3:1:4:4:4:3:4:4:2:,clone,3197.4270634880518,3:1:4:4:4:3:4:4:2
2:2:4:3:0:4:4:4:1:,recombination,4097.1643743606455,4:4:4:4:4:1:1:4:4,4:4:4:4:4:1:1:3:4,MUTATE
3:1:4:4:3:4:4:4:2:,clone,2680.3296224846686,3:1:4:4:3:4:4:4:2
3:1:4:4:3:4:3:4:2:,clone,2654.127547339039,3:1:4:4:3:4:4:4:2
2:1:4:1:0:4:4:4:0:,recombination,2750.7361562296046,4:3:4:4:4:2:3:4:4,2:2:4:4:3:4:4:4:2,MUTATE
2:1:4:1:0:4:4:4:0:,clone,2718.160746931054,2:1:4:1:0:4:4:4:0
2:1:4:2:1:4:4:4:1:,clone,2676.803532366112,2:1:4:2:1:4:4:4:1
2:1:4:4:1:3:4:4:1:,clone,4362.2094752598505,2:1:4:4:1:3:4:4:1
2:1:4:4:4:4:3:4:1:,recombination,3538.557709037185,2:2:4:4:4:4:4:4:2,4:4:3:4:4:2:2:4:4,MUTATE
2:2:4:3:2:4:4:4:1:,recombination,3283.9260212493946,3:2:4:3:1:4:4:4:3,2:1:4:1:0:4:4:4:1,MUTATE
3:1:4:2:1:4:4:4:2:,clone,2825.1758613975626,3:1:4:2:1:4:4:4:2
3:2:4:4:3:4:4:4:3:,clone,2913.737359229379,3:2:4:4:3:4:4:4:3
3:2:4:4:4:4:4:4:3:,recombination,3290.706202513614,4:3:3:4:4:3:3:4:4,3:1:4:3:2:4:4:4:2,MUTATE
2:1:4:3:2:4:4:4:2:,clone,3264.2634666306367,2:1:4:3:2:4:4:4:2
2:1:4:4:1:3:4:4:1:,recombination,4323.380018346575,3:2:4:4:4:2:3:3:3,4:2:4:4:4:1:2:3:4
2:2:4:4:2:4:4:4:1:,clone,3442.643489063555,2:1:4:3:1:4:4:4:1
2:1:4:4:4:4:4:4:2:,recombination,3434.5767722030746,3:2:4:4:1:4:4:4:3,3:2:4:4:4:4:4:4:2,MUTATE
3:1:4:3:2:4:4:4:2:,clone,2703.3478827006657,3:1:4:3:2:4:4:4:2
3:1:4:4:4:4:3:4:2:,clone,3046.740159885997,3:1:4:4:4:4:3:4:2
3:2:4:4:4:4:3:4:2:,recombination,3276.4847068405047,4:4:3:4:4:1:1:4:4,2:2:4:4:4:3:4:4:2,MUTATE
1:0:4:1:0:4:4:4:0:,recombination,3501.4950436364843,1:1:4:4:4:3:3:4:0,2:2:4:4:4:3:3:4:2,MUTATE
4:2:4:4:3:4:4:4:4:,recombination,2952.654589744487,2:2:4:3:1:4:4:4:1,4:4:4:4:4:0:2:4:4
4:3:4:4:4:3:3:4:4:,clone,2704.3347295582253,4:3:4:4:4:3:3:4:4
3:1:4:3:1:4:4:4:1:,clone,2926.4663570873304,3:1:4:3:1:4:4:4:1
4:4:3:4:4:0:0:0:4:,clone,2635.09953959194,1:1:4:1:0:4:4:4:0
3:2:4:4:2:4:4:4:3:,clone,3133.6974149851844,3:2:4:4:2:4:4:4:3
4:2:4:4:4:2:4:4:3:,recombination,3714.6583728126207,4:4:4:4:4:0:2:4:4,1:1:4:3:0:4:4:4:1
4:2:4:3:2:4:4:4:3:,recombination,2717.8304581029856,4:2:4:4:4:2:2:4:3,3:2:4:4:3:3:4:4:3
4:2:4:2:1:4:4:4:3:,recombination,3023.901823943389,2:1:4:4:3:3:4:4:2,4:2:4:3:2:4:4:4:3
4:1:4:4:2:4:4:4:3:,clone,3442.6233322664407,4:2:4:4:3:3:4:4:3
3:2:4:2:1:4:4:4:2:,clone,3044.2894819759204,3:2:4:2:1:4:4:4:2
4:3:4:4:4:1:3:4:4:,clone,2807.8920227922904,4:3:4:4:4:1:2:4:4
2:2:4:3:2:4:4:4:1:,recombination,3233.4332049432164,3:1:4:4:3:4:4:4:2,4:4:4:4:4:1:2:3:4
4:4:4:4:4:1:3:3:4:,clone,3791.9565560331494,4:4:4:4:4:1:2:3:4
2:2:4:4:4:4:4:4:2:,clone,3268.1186802407956,2:2:4:4:4:4:4:4:2
2:2:4:4:3:4:4:4:2:,clone,3299.8366052327247,2:2:4:4:4:4:4:4:2
2:1:4:4:4:4:3:4:1:,recombination,3143.6854876726075,2:2:4:4:4:4:4:4:2,3:1:4:2:0:4:4:4:2,MUTATE
2:1:4:4:3:4:4:4:2:,clone,3393.120657856678,2:2:4:4:3:4:4:4:2
2:1:4:4:4:4:3:4:2:,clone,3316.014091707672,2:1:4:4:4:4:3:4:2
2:1:4:3:2:4:4:4:1:,clone,2725.0364403620597,2:1:4:3:2:4:4:4:1
3:2:4:4:3:4:4:4:2:,recombination,2822.2436365463436,2:2:4:4:4:4:4:4:2,4:2:4:4:4:2:3:4:4
4:4:4:4:4:0:0:2:4:,clone,2433.1447209543376,4:4:4:4:4:1:1:3:4
4:4:4:4:4:1:3:4:4:,recombination,3384.994718809535,4:2:4:4:2:3:4:4:4,1:1:4:3:0:4:4:4:0
3:1:4:2:1:4:4:4:2:,clone,2743.8706126543966,3:1:4:2:1:4:4:4:2
3:2:4:4:2:4:4:4:3:,recombination,3126.836797805777,3:1:4:3:2:4:4:4:2,2:1:4:4:2:3:4:4:1
2:1:4:4:2:3:4:4:2:,recombination,3071.6393954647356,2:1:4:4:4:4:4:4:2,4:4:4:4:4:0:0:1:4,MUTATE
2:2:4:4:2:4:4:4:1:,clone,3303.9177210528223,2:2:4:4:2:4:4:4:1
4:1:4:4:2:3:4:4:3:,recombination,3087.521647453602,3:1:4:3:1:4:4:4:2,4:2:4:4:4:4:4:4:4,MUTATE
3:2:4:3:2:4:4:4:2:,recombination,2672.909271076836,4:4:4:4:4:2:3:4:4,4:4:3:4:4:1:2:4:4
2:1:4:3:0:4:4:4:1:,recombination,4030.0776619007406,2:2:4:4:3:3:4:4:2,4:4:4:4:4:1:1:4:4,MUTATE
2:1:4:3:2:3:4:4:1:,recombination,2907.91470308689,4:3:4:4:4:3:3:4:4,3:2:4:4:2:3:4:4:3,MUTATE
1:1:4:2:0:4:4:4:1:,clone,4085.4219335529315,1:1:4:2:0:4:4:4:1
2:1:4:2:0:4:4:4:0:,recombination,2694.116329491704,2:1:4:1:0:4:4:4:0,3:2:4:4:3:4:4:4:3,MUTATE
2:2:4:3:1:3:4:4:2:,recombination,3983.761681718643,2:2:4:4:2:4:4:4:1,4:4:4:4:4:0:0:1:4
2:1:4:4:3:4:4:4:2:,clone,3366.836707263497,2:2:4:4:3:4:4:4:2
3:2:4:3:0:4:4:4:2:,recombination,4262.742508717751,4:2:4:4:4:2:2:4:3,2:1:4:3:1:4:4:4:1,MUTATE
2:1:4:4:3:3:4:4:1:,recombination,2809.257018784581,4:4:4:4:4:2:2:4:4,3:2:4:4:3:3:4:4:3,MUTATE
1:1:4:3:2:4:4:4:1:,recombination,3939.6649562218745,2:1:4:4:3:4:4:4:1,3:2:4:3:2:3:4:4:2
4:1:4:4:2:4:4:4:3:,clone,3232.322678958352,4:1:4:4:2:4:4:4:3
2:1:4:3:1:4:4:4:1:,clone,2755.1996559611316,2:1:4:2:1:4:4:4:1
3:1:4:4:2:3:4:4:2:,recombination,2829.431135309515,1:1:4:1:0:4:4:4:0,1:1:4:3:1:4:4:4:0
4:4:4:4:4:0:1:3:4:,recombination,2436.7688017343644,2:1:4:3:1:4:4:4:1,3:1:4:4:4:3:4:4:2,MUTATE
3:1:4:3:2:4:4:4:2:,recombination,2674.583207657791,2:1:4:4:2:4:4:4:1,1:1:4:3:2:4:4:4:0
4:2:4:4:4:4:3:4:3:,recombination,2742.9372975284414,3:2:4:4:4:2:3:4:2,4:4:4:4:4:0:0:2:4
4:4:4:4:4:1:1:3:4:,clone,2495.7797710057016,4:4:4:4:4:0:1:3:4
4:4:4:4:4:1:1:3:4:,clone,2452.3989922235896,4:4:4:4:4:1:1:3:4
4:4:4:4:4:1:1:4:4:,clone,2417.850791255449,4:4:4:4:4:1:1:3:4
3:1:4:3:2:4:4:4:2:,clone,2642.2197862672897,3:1:4:3:2:4:4:4:2
3:2:4:4:4:3:3:4:2:,clone,2664.2928797549084,3:2:4:4:4:3:3:4:2
3:2:4:4:4:4:3:4:2:,clone,2796.5039191670994,3:2:4:4:4:4:3:4:2
3:2:4:4:3:4:3:4:2:,clone,2835.9891764618155,3:2:4:4:4:4:3:4:2
3:2:4:4:4:3:3:4:2:,clone,2571.03620544224,3:2:4:4:4:3:3:4:2
3:2:4:4:3:3:3:4:2:,recombination,3016.685992315669,3:1:4:4:4:3:4:4:2,1:1:4:4:2:4:4:4:0
3:2:4:4:4:4:3:4:3:,recombination,2954.282868529604,3:2:4:3:2:4:4:4:2,3:1:4:4:3:3:4:4:3,MUTATE
2:2:4:3:2:4:4:4:1:,clone,3162.112779726414,2:2:4:3:2:4:4:4:1
2:1:4:4:3:4:3:4:1:,recombination,2925.0950294014447,3:2:4:4:3:3:4:4:3,3:2:4:4:4:3:3:4:2,MUTATE
2:1:4:4:4:3:3:4:1:,clone,3341.9866628471145,2:1:4:4:4:3:3:4:1
1:1:4:4:2:4:4:4:0:,clone,3337.1366190203,1:1:4:4:2:4:4:4:0
3:1:4:3:1:4:4:4:1:,recombination,2792.7236611410153,2:1:4:4:4:4:4:4:2,3:2:4:4:4:2:3:4:3,MUTATE
2:2:4:4:4:3:3:4:2:,clone,2951.628959672454,2:2:4:4:4:3:3:4:2
2:2:4:3:2:4:4:4:1:,clone,3132.911211776658,2:2:4:3:2:4:4:4:1
1:1:4:1:0:4:4:4:0:,recombination,2630.612468043224,4:4:4:4:4:2:3:4:4,3:2:4:4:4:3:4:4:2
2:1:4:4:3:3:3:4:1:,recombination,2700.8273139858943,3:1:4:3:0:4:4:4:2,4:3:4:4:4:3:4:4:4,MUTATE
3:2:4:4:3:4:3:4:3:,clone,2896.056058820254,3:2:4:4:3:4:3:4:3
2:1:4:3:1:4:4:4:2:,clone,3445.061017709231,2:1:4:3:1:4:4:4:2
2:2:4:3:1:3:4:4:2:,clone,3834.0481855642834,2:2:4:3:1:3:4:4:2
2:1:4:2:1:4:4:4:0:,recombination,2785.828950480862,1:1:4:4:3:3:4:4:1,2:2:4:4:4:3:3:4:2
2:1:4:2:1:4:4:4:0:,recombination,2762.14920730373,4:4:4:4:4:1:1:3:4,2:1:4:2:1:4:4:4:0,MUTATE
2:2:4:3:1:4:4:4:1:,recombination,3322.289094310284,2:2:4:4:1:4:4:4:2,3:2:4:4:2:3:4:4:3,MUTATE
4:4:4:4:4:1:2:1:4:,clone,3490.9400391232484,4:4:4:4:4:0:1:1:4
2:1:4:4:3:4:4:4:2:,clone,3289.0657980460082,3:2:4:4:4:4:3:4:2
2:1:4:4:3:4:4:4:2:,recombination,3228.984538268712,4:2:4:4:4:2:2:4:3,4:3:4:4:4:2:3:3:4
2:1:4:4:3:4:4:4:2:,clone,3223.508390873898,2:2:4:4:4:4:3:4:2
2:2:4:4:4:4:3:4:2:,recombination,3435.750903178344,2:1:4:4:2:4:4:4:2,3:1:4:4:4:4:3:4:2
4:3:4:4:4:0:1:1:4:,recombination,3145.94170013907,4:2:4:4:2:4:4:4:3,4:2:4:3:2:3:4:4:3,MUTATE
3:2:4:4:4:3:4:4:2:,clone,3208.4874016445183,3:2:4:4:4:3:4:4:2
2:1:4:3:1:4:4:4:0:,recombination,3169.3905389447627,4:3:3:4:4:2:2:4:4,2:2:4:4:4:3:4:4:2,MUTATE
4:2:4:4:4:3:4:4:3:,recombination,3195.5820670942594,2:2:4:3:2:4:4:4:1,2:1:4:3:1:4:4:4:1,MUTATE
4:2:4:4:4:3:4:4:3:,clone,3195.582067094259,4:2:4:4:4:3:4:4:3
2:2:4:4:4:3:4:4:2:,recombination,3608.7743035585236,2:2:4:3:0:4:4:4:2,2:2:4:3:1:4:4:4:1
4:2:4:4:4:3:4:4:4:,recombination,3189.130099865023,3:2:4:4:2:4:4:4:2,2:1:4:4:2:3:4:4:1,MUTATE
2:1:4:3:1:3:4:4:2:,clone,3389.1126551050643,2:1:4:3:1:3:4:4:2
2:1:4:4:1:4:4:4:1:,clone,4295.128755120645,2:1:4:3:1:4:4:4:1
1:1:4:3:0:4:4:4:0:,recombination,4060.3211944398636,2:1:4:1:0:4:4:4:1,2:1:4:4:1:4:4:4:1,MUTATE
2:2:4:4:3:3:4:4:1:,recombination,3464.1072742776073,2:1:4:3:2:4:4:4:2,4:4:4:4:4:1:2:3:4,MUTATE
4:2:4:3:2:3:4:4:4:,clone,3189.220588480634,4:2:4:3:2:3:4:4:4
3:2:4:2:1:4:4:4:2:,clone,2972.3574120682206,3:2:4:2:1:4:4:4:2
2:2:4:4:3:3:4:4:2:,recombination,3162.1772754750414,4:4:4:4:4:0:0:0:4,4:2:4:4:3:3:3:4:3,MUTATE
2:2:4:4:1:4:4:4:2:,recombination,4294.639561587751,1:1:4:3:2:4:4:4:1,4:4:3:4:4:2:2:4:4,MUTATE
3:2:4:4:4:4:4:4:3:,clone,3238.766647291933,3:2:4:4:4:4:4:4:3
2:1:4:4:3:3:4:4:2:,clone,3144.2950394665895,3:1:4:4:3:3:4:4:2
0:1:4:2:0:4:4:4:0:,recombination,4571.4781120652115,2:2:4:2:0:4:4:4:2,2:1:4:4:4:4:3:4:2,MUTATE
2:1:4:3:1:4:4:4:2:,clone,3377.643744407127,2:1:4:3:1:4:4:4:2
3:1:4:3:2:4:4:4:2:,recombination,2633.6272969368706,3:1:4:3:1:3:4:4:2,4:3:4:4:4:1:1:3:4,MUTATE
4:4:4:4:4:1:1:4:4:,clone,2296.699052525522,4:4:4:4:4:1:1:4:4
4:2:4:4:3:3:4:4:4:,clone,2808.538003457478,4:2:4:4:3:3:4:4:4
4:3:4:4:4:1:1:4:4:,clone,2388.6021101812375,4:3:4:4:4:1:1:4:4
4:2:4:4:3:3:4:4:4:,clone,2780.3307260781835,4:2:4:4:3:3:4:4:4
4:3:4:4:4:1:1:4:4:,clone,2322.3015124412527,4:3:4:4:4:1:1:4:4
4:3:4:4:4:2:2:4:4:,clone,2400.0468549123043,4:3:4:4:4:1:1:4:4
4:3:4:4:4:2:2:4:4:,recombination,2390.148133237603,3:2:4:4:1:4:4:4:3,4:3:4:4:4:2:2:4:4,MUTATE
4:3:4:4:4:2:3:4:4:,clone,2646.7185957060788,4:3:4:4:4:2:3:4:4
4:2:4:4:3:3:4:4:3:,recombination,2724.0252878384977,3:2:4:3:2:4:4:4:2,1:1:4:2:1:4:4:4:0
3:2:4:4:1:3:4:4:2:,clone,4519.576922193993,3:2:4:4:1:3:4:4:2
4:2:4:4:3:4:4:4:3:,clone,2710.9468011465033,4:2:4:4:3:4:4:4:3
4:4:3:4:4:0:0:2:4:,clone,2669.1511396180244,4:4:3:4:4:0:0:1:4
4:3:4:4:4:3:3:4:4:,clone,2680.0479297254783,4:3:4:4:4:3:3:4:4
1:1:4:3:1:4:4:4:0:,recombination,2811.4543223436353,4:2:4:4:4:3:3:4:3,2:1:4:2:1:4:4:4:0,MUTATE
2:1:4:2:0:4:4:4:2:,clone,3891.3037291949745,2:1:4:2:0:4:4:4:2
2:1:4:2:0:4:4:4:2:,clone,3862.3271910695134,2:1:4:2:0:4:4:4:2
3:2:4:4:4:3:3:4:3:,recombination,2813.90947085903,2:1:4:3:1:4:4:4:2,4:3:4:4:4:1:2:3:4,MUTATE
4:2:4:4:4:3:3:4:3:,clone,2468.3641790997876,4:2:4:4:4:3:3:4:3
2:2:4:4:3:4:4:4:2:,clone,3296.78038575693,2:2:4:4:3:4:4:4:2
2:2:4:3:0:4:4:4:2:,clone,4518.643228993395,2:2:4:3:0:4:4:4:2
2:2:4:4:3:4:4:4:2:,clone,3099.9832130146447,2:2:4:4:3:4:4:4:2
2:1:4:4:1:4:4:4:1:,recombination,4268.452544967846,3:2:4:4:2:4:4:4:3,2:1:4:4:4:3:4:4:1,MUTATE
3:2:4:2:1:4:4:4:2:,clone,2854.9976199120983,3:2:4:2:1:4:4:4:2
4:4:3:4:4:0:0:0:4:,clone,2631.7327212961236,4:4:3:4:4:0:0:0:4
3:2:4:4:4:3:4:4:3:,recombination,3176.7017107689458,2:1:4:2:0:4:4:4:1,2:1:4:4:2:4:4:4:2
4:2:4:4:3:4:3:4:4:,clone,2754.8937070807247,4:2:4:4:3:4:3:4:4
2:2:4:4:1:4:4:4:2:,clone,4274.961769126556,2:2:4:4:1:4:4:4:2
3:1:4:4:4:3:3:4:2:,recombination,2572.854288480837,3:2:4:4:4:4:3:4:3,1:1:4:2:1:4:4:4:0,MUTATE
1:1:4:2:1:4:4:4:0:,recombination,2631.8850833020447,3:2:4:3:2:4:4:4:2,4:2:4:4:4:3:3:4:3
2:1:4:4:3:3:4:4:2:,recombination,2986.966254556489,4:4:4:4:4:0:0:2:4,1:1:4:3:2:4:4:4:0,MUTATE
2:1:4:4:2:4:4:4:2:,recombination,3074.217119591872,1:1:4:2:1:4:4:4:0,2:2:4:3:2:4:4:4:2
3:2:4:3:1:3:4:4:2:,clone,3099.483986731018,3:2:4:3:1:3:4:4:2
3:2:4:3:1:3:4:4:2:,recombination,3082.612697369087,3:2:4:4:2:3:4:4:3,2:1:4:3:1:4:4:4:1
3:1:4:2:1:3:4:4:2:,clone,3014.3856163320347,3:1:4:3:1:3:4:4:2
4:3:4:4:4:1:1:3:4:,clone,2514.1385992278356,4:3:4:4:4:1:1:3:4
2:2:4:4:4:3:4:4:2:,recombination,3526.5045820154373,2:2:4:4:1:4:4:4:2,2:2:4:4:3:4:4:4:1,MUTATE
3:2:4:4:4:3:3:4:3:,clone,2798.9466165468793,3:2:4:4:4:3:3:4:3
3:2:4:4:4:3:3:4:3:,clone,2781.5473643216337,3:2:4:4:4:3:3:4:3
0:1:4:2:0:4:4:4:0:,clone,4519.076502074318,1:1:4:2:0:4:4:4:0
2:1:4:2:1:4:4:4:1:,clone,2553.5257924759417,2:1:4:2:1:4:4:4:1
2:1:4:3:2:4:4:4:0:,recombination,3106.81060041064,1:1:4:3:2:4:4:4:0,4:2:4:4:4:2:3:4:4,MUTATE
2:1:4:4:2:4:4:4:1:,recombination,2682.5529541635797,4:2:4:4:3:4:3:4:3,4:3:4:4:4:2:3:4:4
4:2:4:4:3:3:3:4:3:,clone,2754.02199151712,4:2:4:4:3:3:4:4:3
3:2:4:4:4:4:3:4:3:,clone,2952.1857977639324,3:2:4:4:4:4:3:4:3
2:1:4:3:2:4:4:4:2:,clone,3221.904608690632,2:1:4:3:2:4:4:4:2
2:1:4:3:1:4:4:4:2:,clone,3358.1302499983813,2:1:4:3:1:4:4:4:2
2:1:4:3:1:4:4:4:2:,clone,3228.8552328788655,2:1:4:3:2:4:4:4:2
3:2:4:4:4:4:4:4:3:,clone,3188.8146319565585,3:2:4:4:4:4:4:4:3
4:4:4:4:4:1:1:1:4:,recombination,3066.5448994022668,4:3:4:4:4:2:2:4:4,2:2:4:3:2:4:4:4:1,MUTATE
4:4:4:4:4:1:1:1:4:,recombination,3016.0810685102842,4:2:4:4:3:4:4:4:3,2:1:4:2:1:4:4:4:0,MUTATE
0:1:4:3:0:4:4:4:0:,clone,5700.776170739653,0:1:4:3:0:4:4:4:0
3:1:4:2:1:4:4:4:1:,clone,2792.7236611410144,2:1:4:3:2:4:4:4:1
3:1:4:2:0:4:4:4:1:,recombination,2792.7236611410144,1:1:4:4:1:4:4:4:1,2:2:4:4:4:3:4:4:2
4:4:4:4:4:2:3:3:4:,clone,3945.7042897856795,4:4:4:4:4:1:2:4:4
2:1:4:3:2:4:4:4:2:,recombination,3136.722475023367,4:2:4:4:4:2:2:4:4,0:1:4:2:0:4:4:4:0,MUTATE
2:2:4:4:4:3:4:4:1:,recombination,3855.779222219674,4:4:4:4:4:0:1:4:4,4:2:4:4:2:4:4:4:3,MUTATE
3:2:4:4:4:3:3:4:3:,clone,2737.644363224349,3:1:4:4:4:3:3:4:3
2:1:4:4:4:4:3:4:2:,clone,3249.615591029565,3:1:4:4:4:4:3:4:2
3:1:4:4:3:4:4:4:2:,recombination,2655.920231589034,3:2:4:3:2:4:4:4:2,2:1:4:4:4:4:4:4:2
2:2:4:3:1:3:4:4:1:,recombination,3942.9890666616866,4:2:4:3:2:4:4:4:4,3:2:4:3:1:3:4:4:2,MUTATE
2:2:4:4:4:3:4:4:2:,recombination,3421.4749354566675,2:1:4:1:0:4:4:4:0,4:2:4:4:3:4:4:4:3
2:1:4:4:1:4:4:4:2:,recombination,4299.048105897171,4:3:4:4:4:3:4:4:4,2:1:4:2:0:4:4:4:1
3:2:4:4:1:4:4:4:2:,clone,4306.425099468353,3:2:4:4:2:3:4:4:2
3:1:4:3:1:4:4:4:2:,recombination,2776.7136364649596,3:2:4:4:2:4:4:4:2,4:4:4:4:4:1:1:1:4,MUTATE
4:2:4:4:3:3:3:4:3:,recombination,2653.3970053367143,4:2:4:4:4:4:4:4:3,4:3:4:4:4:2:4:4:4
3:1:4:3:1:4:4:4:2:,recombination,2759.574276709908,4:4:4:4:4:1:1:3:4,3:1:4:3:1:4:4:4:2,MUTATE
2:1:4:4:3:4:4:4:1:,recombination,2743.463258040631,1:1:4:4:3:4:4:4:1,3:2:4:2:1:4:4:4:2
4:3:3:4:4:1:2:4:4:,clone,2973.8347271432613,4:3:4:4:4:1:1:4:4
4:3:3:4:4:1:1:4:4:,clone,2935.122477033735,4:3:4:4:4:1:1:4:4
2:1:4:3:1:4:4:4:1:,recombination,2640.574964155063,4:3:4:4:4:3:2:4:4,2:2:4:3:1:4:4:4:2,MUTATE
3:2:4:4:4:3:4:4:2:,recombination,3156.3239857967615,2:1:4:4:4:4:4:4:1,2:2:4:3:2:4:4:4:1
2:1:4:4:4:3:3:4:1:,recombination,3027.9270387951206,1:1:4:3:0:4:4:4:0,4:2:4:4:4:3:3:4:3,MUTATE
1:1:4:4:4:4:4:4:1:,recombination,3917.9278526940907,1:1:4:4:2:4:4:4:0,0:1:4:2:0:4:4:4:0,MUTATE
1:1:4:4:4:3:4:4:1:,recombination,4372.000202716304,2:1:4:4:4:3:3:4:1,4:4:2:4:4:0:1:4:4
4:4:3:4:4:0:0:0:4:,clone,2578.347550998212,4:3:4:4:4:2:3:4:4
4:4:3:4:4:0:0:2:4:,recombination,2666.800764291283,4:2:4:4:4:3:3:4:4,2:2:4:4:3:3:4:4:2
3:2:4:4:3:3:3:4:2:,clone,3016.084700040221,3:2:4:4:3:3:3:4:2
4:4:3:4:4:0:1:3:4:,clone,2666.800764291283,4:4:3:4:4:0:1:3:4
3:2:4:4:3:3:3:4:2:,clone,2965.146772249469,3:2:4:4:3:3:3:4:2
2:1:4:4:3:4:4:4:2:,recombination,3207.689479533432,3:1:4:4:4:3:4:4:2,2:2:4:4:2:4:4:4:2
4:4:4:4:4:0:1:1:4:,recombination,2532.354741260843,4:4:4:4:4:0:1:2:4,4:2:4:4:4:2:3:4:4
4:3:4:4:4:1:1:3:4:,clone,2499.7999332950044,4:4:4:4:4:1:1:3:4
4:3:4:4:4:1:2:3:4:,clone,2830.4817247208694,4:3:4:4:4:1:2:3:4
3:2:4:3:1:3:4:4:2:,clone,3052.560761642796,3:2:4:3:1:3:4:4:2
3:1:4:4:4:4:3:4:2:,recombination,2952.1798789498794,1:1:4:4:2:4:4:4:0,3:2:4:3:1:4:4:4:2,MUTATE
3:1:4:4:3:3:3:4:2:,recombination,2694.908408749655,4:2:4:4:4:3:3:4:4,4:3:4:4:4:1:2:4:4,MUTATE
1:1:4:3:1:4:4:4:1:,clone,3814.5108799735117,1:1:4:3:1:4:4:4:1
4:2:4:4:3:3:4:4:3:,recombination,2712.180962254185,1:1:4:1:0:4:4:4:0,2:1:4:4:3:4:4:4:2,MUTATE
4:3:4:4:3:3:4:4:4:,clone,3022.316304439492,4:3:4:4:4:3:3:4:4
3:1:4:3:0:4:4:4:2:,clone,4287.488232977772,2:1:4:3:0:4:4:4:1
4:4:4:4:4:0:2:2:4:,recombination,3125.5982649093735,4:4:4:4:4:1:0:3:4,4:4:4:4:4:0:0:1:4
