4:4:4:4:4:2:2:4:4:,initialisation,3978.3389306916893,
4:3:4:4:4:2:2:4:4:,initialisation,4080.1218153970576,
4:3:4:4:4:2:2:4:4:,initialisation,3278.484973307551,
4:3:4:4:4:2:3:4:4:,initialisation,4145.053275453793,
4:4:4:4:4:1:2:4:4:,initialisation,3839.2547713750646,
4:4:3:4:4:2:2:4:4:,initialisation,3283.696951429016,
4:4:3:4:4:1:2:4:4:,initialisation,3283.6969514290154,
4:3:4:4:4:2:3:4:4:,initialisation,3739.8168893883294,
4:4:4:4:4:1:2:4:4:,initialisation,3636.3949597420064,
4:4:3:4:4:1:1:4:4:,initialisation,3283.6969514290154,
4:3:4:4:4:3:3:4:4:,initialisation,3818.5787163355176,
4:4:4:4:4:1:2:4:4:,initialisation,3399.6949027974583,
4:4:4:4:4:2:3:4:4:,initialisation,4466.8817894377335,
4:4:4:4:4:1:1:4:4:,initialisation,3396.093413315127,
4:4:4:4:4:1:1:4:4:,initialisation,3336.998689002005,
4:3:4:4:4:1:2:4:4:,initialisation,3873.4117836436385,
4:4:4:4:4:2:3:4:4:,initialisation,4080.9527548369756,
4:4:3:4:4:2:2:4:4:,initialisation,3283.6969514290154,
4:4:4:4:4:2:2:4:4:,initialisation,3964.7127887269503,
4:3:4:4:4:1:2:4:4:,initialisation,3408.6157169281273,
4:2:4:4:4:2:3:4:4:,initialisation,4659.443529821346,
4:4:3:4:4:2:2:4:4:,initialisation,3283.6969514290145,
4:3:4:4:4:2:3:4:4:,initialisation,3677.1429751237374,
4:3:4:4:4:2:3:4:4:,initialisation,3569.3651410585708,
4:4:3:4:4:2:2:4:4:,initialisation,3283.696951429014,
4:2:4:4:4:2:3:4:4:,initialisation,4171.884074667437,
4:4:4:4:4:2:2:4:4:,initialisation,3732.3993888744676,
4:3:4:4:4:3:3:4:4:,initialisation,3637.8288387865755,
4:4:4:4:4:1:2:4:4:,initialisation,3373.172536028726,
4:3:4:4:4:1:1:4:4:,initialisation,3153.6792652310164,
4:4:4:4:4:1:1:4:4:,initialisation,3154.9777365622344,
4:3:4:4:4:3:3:4:4:,initialisation,3561.814252295921,
4:4:4:4:4:2:2:4:4:,initialisation,3347.1820924237213,
4:3:4:4:4:0:1:1:4:,initialisation,3544.544075285092,
4:3:4:4:4:1:2:3:4:,initialisation,4404.4624735162615,
4:3:4:4:4:2:3:4:4:,initialisation,3555.1926973232826,
4:3:4:4:4:1:2:3:4:,initialisation,3923.0746993723174,
4:3:4:4:4:1:2:4:4:,initialisation,3287.9207941711693,
4:4:4:4:4:0:1:2:4:,initialisation,3532.670039652459,
4:2:4:4:4:3:3:4:4:,initialisation,4577.994543645091,
4:4:4:4:4:2:2:4:4:,initialisation,3283.696951429015,
4:4:4:4:4:1:3:4:4:,initialisation,3892.880219655451,
4:3:4:4:4:3:3:4:4:,initialisation,3283.6969514290145,
4:4:2:4:4:1:1:4:4:,initialisation,3283.6969514290145,
4:2:4:4:4:3:3:4:4:,initialisation,4408.897177779778,
4:3:4:4:4:1:2:4:4:,initialisation,3129.4928291927595,
4:3:4:4:4:2:3:4:4:,initialisation,3506.089846997052,
4:3:4:4:4:2:3:4:4:,initialisation,3426.8641247211413,
4:3:3:4:4:3:2:4:4:,initialisation,3283.6969514290154,
4:2:4:4:4:3:3:4:4:,initialisation,4388.598359272511,
4:4:4:4:4:1:0:2:4:,initialisation,3638.9430187598027,
4:2:4:4:4:3:3:4:4:,initialisation,4140.202026498213,
4:2:4:4:4:3:3:4:4:,initialisation,4043.548559995471,
4:3:3:4:4:2:2:4:4:,initialisation,3283.6969514290145,
3:2:4:4:4:2:3:4:3:,initialisation,4930.043275194122,
4:3:4:4:4:1:2:3:4:,initialisation,3921.6117768169115,
4:4:3:4:4:3:2:4:4:,initialisation,3283.696951429015,
4:3:4:4:4:1:2:3:4:,initialisation,3842.9792198985447,
4:3:4:4:4:2:3:4:4:,initialisation,3283.696951429015,
4:2:4:4:4:3:4:4:3:,initialisation,5138.017189588622,
3:2:4:4:4:3:4:4:3:,initialisation,4621.333792404799,
3:2:4:4:4:2:3:4:3:,initialisation,4547.369352692569,
4:2:4:4:4:3:4:4:4:,initialisation,4674.250505571581,
4:4:4:4:4:1:1:4:4:,initialisation,3143.7658632435673,
4:4:4:4:4:2:3:4:4:,initialisation,3857.3054417641306,
3:2:4:4:4:3:3:4:3:,initialisation,5021.910736818392,
4:3:4:4:4:1:2:4:4:,initialisation,2928.1032999368435,
4:4:4:4:4:2:1:4:4:,initialisation,3622.5925359492007,
4:4:4:4:4:1:1:3:4:,initialisation,3654.117581554248,
4:4:3:4:4:1:1:4:4:,initialisation,3283.696951429015,
4:3:3:4:4:2:2:4:4:,initialisation,3283.696951429014,
4:3:4:4:4:2:2:4:4:,initialisation,3096.0632057212097,
4:4:4:4:4:1:3:4:4:,initialisation,3693.2932196992056,
4:3:4:4:4:1:1:2:4:,initialisation,3655.2461964052413,
4:4:4:4:4:1:2:4:4:,initialisation,3313.529684828455,
4:4:4:4:4:1:1:3:4:,initialisation,3543.836611653165,
4:2:4:4:4:3:3:4:4:,initialisation,4031.9630763115047,
4:3:4:4:4:2:2:3:4:,initialisation,4581.6386248991985,
4:2:4:4:4:3:3:4:4:,initialisation,3735.2236558558143,
4:4:3:4:4:2:1:4:4:,initialisation,3283.6969514290154,
4:2:4:4:4:2:2:4:4:,initialisation,3859.091022896082,
4:3:3:4:4:2:2:4:4:,initialisation,3281.1947038123194,
4:3:4:4:4:2:2:3:4:,initialisation,4443.405079036622,
4:3:4:4:4:0:1:2:4:,initialisation,3786.012923926885,
4:4:3:4:4:2:1:4:4:,initialisation,3283.696951429015,
4:3:4:4:4:2:1:4:4:,initialisation,3421.1715953396974,
4:2:4:4:4:4:4:4:4:,initialisation,4572.8751118604805,
3:2:4:4:4:3:3:4:3:,initialisation,5013.671908281658,
4:4:4:4:4:2:2:4:4:,initialisation,3283.6969514290145,
4:4:4:4:4:1:2:4:4:,initialisation,3250.225531499161,
4:2:4:4:4:2:3:4:4:,initialisation,4059.018745195066,
4:3:4:4:4:1:1:3:4:,initialisation,3105.5633190347335,
4:2:4:4:4:2:3:3:4:,initialisation,5195.539226741713,
4:2:4:4:4:1:2:4:4:,initialisation,3747.3815289969248,
4:4:4:4:4:1:1:4:4:,initialisation,3105.423648407059,
4:2:4:4:4:2:3:4:4:,initialisation,3704.76161760029,
3:2:4:4:4:3:3:4:3:,initialisation,4608.683351433494,
3:2:4:4:2:4:4:4:2:,initialisation,6204.874460927571,
4:4:4:4:4:1:2:4:4:,initialisation,3193.5458515504342,
3:2:4:4:4:3:4:4:2:,initialisation,5390.913011697755,
4:4:4:4:4:1:1:3:4:,initialisation,3315.9425854200326,
4:3:4:4:4:2:3:4:4:,initialisation,3283.6969514290145,
4:4:2:4:4:0:0:0:4:,initialisation,3211.1683750112516,
4:2:4:4:4:3:4:4:4:,initialisation,4077.217420272877,
4:3:4:4:4:2:3:3:4:,initialisation,4406.1548521032755,
4:4:3:4:4:2:2:4:4:,initialisation,3262.1766217438335,
4:4:4:4:4:2:2:4:4:,initialisation,3281.241067971103,
4:3:4:4:4:3:2:4:4:,initialisation,3747.949719931458,
4:3:4:4:4:3:2:4:4:,initialisation,3283.696951429015,
1:1:4:2:0:4:4:4:0:,initialisation,4497.276928332427,
4:4:3:4:4:1:2:4:4:,initialisation,3283.696951429015,
3:2:4:4:4:4:4:4:2:,initialisation,5692.268635959252,
4:4:3:4:4:1:2:4:4:,initialisation,3282.2947263604224,
4:2:4:4:4:2:3:4:4:,initialisation,3539.8867040360687,
4:4:3:4:4:2:1:4:4:,initialisation,3283.6969514290145,
4:3:4:4:4:3:4:4:4:,initialisation,4793.025143057888,
4:4:3:4:4:2:2:4:4:,initialisation,3257.4948762833856,
4:3:4:4:4:1:3:4:4:,initialisation,4497.221379258825,
4:4:4:4:4:2:2:4:4:,initialisation,3244.5169613204375,
4:3:4:4:4:1:2:3:4:,initialisation,3731.109701745286,
4:4:4:4:4:2:3:4:4:,initialisation,3745.658453348694,
4:4:4:4:4:1:1:4:4:,initialisation,3090.5424114624257,
4:2:4:4:3:4:4:4:3:,initialisation,4068.5048388273126,
4:4:4:4:4:2:1:4:4:,initialisation,3447.4100885880357,
4:3:4:4:4:2:1:4:4:,initialisation,3335.991030490801,
4:2:4:4:4:2:2:4:4:,initialisation,3793.6924430180165,
4:4:4:4:4:3:3:4:4:,initialisation,4061.2697222064908,
4:4:4:4:4:1:2:3:4:,initialisation,4277.360868334458,
4:4:4:4:4:2:3:4:4:,initialisation,3283.6969514290154,
4:3:4:4:4:2:2:4:4:,initialisation,3062.971950526612,
4:3:4:4:4:1:2:2:4:,initialisation,3954.6803464567442,
4:4:4:4:4:2:2:4:4:,initialisation,3225.065789626287,
4:4:4:4:4:1:1:4:4:,initialisation,3085.2019302282465,
4:2:4:4:4:3:3:4:4:,initialisation,3283.6969514290154,
4:3:4:4:4:2:1:4:4:,initialisation,3213.916724739077,
4:4:4:4:4:1:2:3:4:,initialisation,4157.00601837712,
4:2:4:4:4:3:4:4:4:,initialisation,4042.5384101755994,
4:3:4:4:4:3:3:4:4:,initialisation,3073.336553433252,
4:3:4:4:4:1:2:2:4:,initialisation,3716.05100891042,
4:2:4:4:4:3:4:4:3:,initialisation,4257.513336727303,
4:3:4:4:4:3:2:4:4:,initialisation,3283.6969514290145,
4:3:3:4:4:3:2:4:4:,initialisation,3283.696951429015,
4:4:2:4:4:2:1:4:4:,initialisation,3283.6969514290145,
4:4:4:4:4:1:1:2:4:,initialisation,3699.4090248489006,
4:4:4:4:4:1:2:3:4:,initialisation,3961.277480726144,
4:2:4:4:4:1:3:4:4:,initialisation,3802.9828943554967,
4:4:4:4:4:2:2:4:4:,initialisation,3220.9414655760393,
4:2:4:4:4:3:4:4:4:,initialisation,3918.600384608388,
3:1:4:4:3:3:4:4:2:,initialisation,4510.6917802961125,
4:3:4:4:4:1:2:2:4:,initialisation,3694.951162225992,
4:3:4:4:4:2:2:3:4:,initialisation,4234.586792518755,
4:2:4:4:4:2:3:4:4:,initialisation,3508.31705087756,
4:4:4:4:4:0:0:0:4:,initialisation,3295.2322740522554,
3:2:4:4:3:3:4:4:3:,initialisation,4542.526574365061,
4:3:4:4:4:1:1:2:4:,initialisation,3363.351196981509,
4:3:4:4:4:1:3:3:4:,initialisation,4792.027138610318,
4:3:4:4:4:0:1:1:4:,initialisation,3439.8728126683022,
4:4:4:4:4:1:2:3:4:,initialisation,3747.693554562626,
4:4:4:4:4:2:2:4:4:,initialisation,3188.9679634967747,
4:3:4:4:4:2:1:4:4:,initialisation,3054.8864057600854,
4:3:4:4:4:1:2:3:4:,initialisation,3396.8033571334086,
4:3:4:4:4:2:3:3:4:,initialisation,4343.898661552989,
4:4:4:4:4:2:1:4:4:,initialisation,3151.2458887177895,
4:4:4:4:4:0:1:2:4:,initialisation,3294.025546566845,
4:3:4:4:4:2:2:3:4:,initialisation,3865.8758555527506,
4:3:4:4:4:3:4:4:4:,initialisation,4640.440081222348,
4:4:4:4:4:1:1:4:4:,initialisation,3045.9549227171246,
4:3:4:4:4:1:3:4:4:,initialisation,4139.916660941659,
4:4:4:4:4:1:1:3:4:,initialisation,3272.8667415204427,
4:4:4:4:4:0:1:3:4:,initialisation,3625.9665959053095,
4:4:4:4:4:0:1:4:4:,initialisation,3519.5640443639413,
4:4:3:4:4:2:2:4:4:,initialisation,3247.739199000543,
4:4:4:4:4:1:2:3:4:,initialisation,3707.959705716539,
4:3:4:4:4:2:3:4:4:,initialisation,3278.3756374048407,
4:4:3:4:4:1:1:4:4:,initialisation,3267.464424571338,
4:4:3:4:4:1:1:4:4:,initialisation,3257.208401540334,
4:2:4:4:4:3:4:4:4:,initialisation,3823.7872997088607,
4:4:3:4:4:2:2:4:4:,initialisation,3213.7758934364188,
4:3:4:4:4:2:3:3:4:,initialisation,4238.460367720126,
4:2:4:4:4:1:2:3:4:,initialisation,4279.7364523941715,
4:2:4:4:4:1:2:3:4:,initialisation,4258.842213925755,
4:3:4:4:4:3:2:4:4:,initialisation,3282.5149184103034,
4:2:4:4:4:2:2:4:4:,initialisation,3627.9389241094905,
4:4:4:4:4:1:2:4:4:,initialisation,3148.181227776127,
4:2:4:4:4:1:3:3:4:,initialisation,4748.5474419421735,
4:3:4:4:4:4:4:4:4:,initialisation,4663.163585162322,
4:3:4:4:4:1:2:3:4:,initialisation,3177.332367074316,
4:4:3:4:4:2:1:4:4:,initialisation,3283.696951429014,
4:3:4:4:4:1:2:1:4:,initialisation,4054.542422626183,
4:3:4:4:4:3:2:4:4:,initialisation,3225.0579962688644,
4:4:4:4:4:1:2:4:4:,initialisation,3122.487622101684,
4:2:4:4:4:2:2:4:4:,recombination,3389.8283539571175,4:3:4:4:4:1:1:3:4,4:2:4:4:4:3:4:4:4
4:2:4:4:3:3:4:4:3:,clone,4566.206317542194,3:2:4:4:3:3:4:4:3
4:4:4:4:4:0:1:3:4:,clone,3274.173915181832,4:4:4:4:4:1:1:3:4
4:2:4:4:4:4:4:4:4:,clone,3989.1827026404744,4:2:4:4:4:3:4:4:4
4:2:4:4:4:3:4:4:4:,recombination,3700.0130524228834,4:2:4:4:4:2:3:4:4,4:3:4:4:4:3:3:4:4
4:2:4:4:4:3:3:4:4:,clone,3073.3365534332524,4:3:4:4:4:3:3:4:4
4:3:4:4:4:2:3:4:4:,clone,3222.7328247671694,4:3:4:4:4:2:3:4:4
4:3:4:4:4:0:1:2:4:,clone,3460.66395985583,4:3:4:4:4:0:1:1:4
4:3:4:4:4:1:2:3:4:,clone,3150.2453424366363,4:3:4:4:4:1:2:3:4
4:2:4:4:3:3:4:4:3:,recombination,3662.212197409882,4:4:4:4:4:1:2:4:4,1:1:4:2:0:4:4:4:0
4:3:4:4:4:1:2:3:4:,clone,3114.515831536262,4:3:4:4:4:1:2:3:4
4:4:2:4:4:0:0:3:4:,recombination,3337.9177972149673,4:4:3:4:4:2:1:4:4,4:4:2:4:4:0:0:0:4,MUTATE
4:4:3:4:4:1:1:4:4:,recombination,3249.1754326482655,4:4:3:4:4:1:1:4:4,4:4:4:4:4:2:1:4:4
4:3:4:4:4:2:2:4:4:,clone,3062.9719505266116,4:3:4:4:4:2:2:4:4
3:2:4:4:4:4:4:4:3:,clone,5908.373789777338,3:2:4:4:4:4:4:4:2
4:3:4:4:4:1:2:4:4:,clone,2919.2678065681125,4:3:4:4:4:1:2:4:4
4:4:4:4:4:0:1:4:4:,recombination,3101.8473170093466,4:3:4:4:4:1:2:3:4,4:4:2:4:4:1:1:4:4,MUTATE
4:4:4:4:4:0:0:2:4:,recombination,3088.923994424993,4:4:4:4:4:1:2:3:4,4:3:4:4:4:1:2:3:4
4:4:4:4:4:2:2:4:4:,clone,3151.2458887177895,4:4:4:4:4:2:1:4:4
4:4:4:4:4:0:0:1:4:,recombination,3373.812581899917,4:3:4:4:4:0:1:1:4,4:4:4:4:4:1:1:3:4,MUTATE
4:3:4:4:4:1:2:4:4:,clone,2877.059930085496,4:3:4:4:4:1:2:4:4
4:3:4:4:4:1:2:2:4:,clone,3588.9169411568164,4:3:4:4:4:1:1:2:4
4:2:4:4:4:4:4:4:3:,recombination,4048.57596136065,4:2:4:4:4:3:4:4:4,3:2:4:4:4:3:4:4:3,MUTATE
3:2:4:4:4:3:4:4:2:,clone,5179.43981401864,3:2:4:4:4:3:4:4:2
4:4:4:4:4:0:1:3:4:,clone,3271.9434237963947,4:4:4:4:4:0:1:3:4
4:2:4:4:4:2:3:4:4:,recombination,3205.871208561327,4:2:4:4:4:2:3:4:4,4:3:4:4:4:1:2:3:4,MUTATE
2:2:4:4:3:4:4:4:1:,recombination,5258.1877541212225,3:2:4:4:4:3:4:4:3,3:2:4:4:4:3:4:4:2
4:3:4:4:4:1:1:2:4:,clone,3242.977249098425,4:3:4:4:4:1:1:2:4
2:2:4:4:4:3:4:4:2:,recombination,5172.507921162231,4:3:4:4:4:1:1:2:4,2:2:4:4:3:4:4:4:1,MUTATE
4:4:4:4:4:1:1:4:4:,clone,3013.502722460578,4:4:4:4:4:1:1:4:4
4:4:4:4:4:0:1:3:4:,clone,3271.943423796394,4:4:4:4:4:0:1:3:4
4:4:4:4:4:3:2:4:4:,clone,3987.6095979337015,4:4:4:4:4:3:3:4:4
4:4:3:4:4:2:1:4:4:,recombination,3170.520500921426,4:2:4:4:4:2:2:4:4,4:4:3:4:4:2:1:4:4
4:3:4:4:4:1:1:4:4:,recombination,2830.8395417071615,4:3:4:4:4:1:2:3:4,4:4:3:4:4:2:1:4:4,MUTATE
3:2:4:4:3:3:4:4:2:,recombination,4552.274176392701,3:1:4:4:3:3:4:4:2,4:3:4:4:4:2:2:3:4
4:2:4:4:4:2:3:4:4:,clone,3196.1167464434357,4:2:4:4:4:2:3:4:4
4:3:4:4:4:1:1:4:4:,recombination,2828.0951208718643,4:3:4:4:4:1:1:4:4,4:3:4:4:4:2:2:4:4
4:4:3:4:4:2:1:4:4:,clone,3169.338467902715,4:4:3:4:4:2:1:4:4
4:2:4:4:4:2:3:3:4:,recombination,4666.152313151831,4:2:4:4:4:3:4:4:4,4:2:4:4:4:2:3:3:4,MUTATE
4:4:4:4:4:0:1:3:4:,recombination,3262.3588098436467,4:2:4:4:4:2:3:3:4,4:4:4:4:4:1:1:3:4,MUTATE
4:4:3:4:4:1:2:4:4:,clone,3282.294726360422,4:4:3:4:4:1:2:4:4
4:4:4:4:4:1:1:4:4:,clone,2867.12735887708,4:4:4:4:4:1:1:4:4
4:2:4:4:4:1:2:4:4:,clone,3670.93302865586,4:3:4:4:4:1:2:4:4
4:2:4:4:4:3:4:4:4:,clone,3362.2039023841385,4:2:4:4:4:3:4:4:4
3:2:4:4:4:3:3:4:3:,clone,4404.91135070505,3:2:4:4:4:3:4:4:3
3:2:4:4:4:2:4:4:3:,recombination,3794.1755309357204,4:3:4:4:4:1:1:2:4,4:2:4:4:3:3:4:4:3,MUTATE
2:2:4:4:4:3:4:4:2:,clone,5129.416326984039,2:2:4:4:3:4:4:4:1
4:4:4:4:4:0:1:3:4:,clone,3232.215054709601,4:4:4:4:4:0:1:3:4
4:3:4:4:4:0:1:2:4:,recombination,3200.337742034285,4:3:4:4:4:2:2:3:4,4:3:4:4:4:1:1:2:4,MUTATE
4:2:4:4:3:4:4:4:4:,clone,3603.6983168278666,4:2:4:4:3:4:4:4:4
3:2:4:4:2:3:4:4:2:,recombination,3662.212197409882,4:3:4:4:4:2:2:4:4,4:2:4:4:3:3:4:4:3,MUTATE
4:3:4:4:4:0:1:1:4:,clone,3436.5322529570244,4:3:4:4:4:0:1:1:4
4:3:4:4:4:2:2:4:4:,clone,2985.342274834724,4:3:4:4:4:2:2:4:4
3:2:4:4:2:4:4:4:2:,clone,5968.63223260273,3:2:4:4:2:4:4:4:2
4:2:4:4:4:4:4:4:4:,recombination,3754.447903527459,4:3:3:4:4:2:2:4:4,4:3:4:4:4:3:3:4:4,MUTATE
4:2:4:4:3:4:4:4:4:,clone,3504.171871462942,4:2:4:4:3:4:4:4:4
4:3:4:4:4:2:3:4:4:,clone,3197.4999800623223,4:3:4:4:4:2:3:4:4
4:2:4:4:4:4:4:4:4:,recombination,3689.9370661738353,4:3:4:4:4:3:3:4:4,4:2:4:4:4:4:4:4:4
4:4:4:4:4:2:1:4:4:,recombination,3072.0278313513213,4:4:4:4:4:2:2:4:4,4:4:4:4:4:1:1:4:4,MUTATE
4:2:4:4:4:3:4:4:3:,recombination,3866.1242603245646,4:2:4:4:4:3:4:4:4,3:2:4:4:4:2:4:4:3
4:4:4:4:4:3:2:4:4:,clone,3857.134324650652,4:4:4:4:4:2:2:4:4
4:4:4:4:4:2:1:4:4:,clone,2867.12735887708,4:4:4:4:4:1:1:4:4
4:4:4:4:4:0:0:3:4:,recombination,3032.694315894611,4:4:4:4:4:1:2:3:4,4:4:4:4:4:2:1:4:4,MUTATE
3:2:4:4:4:4:4:4:2:,clone,4691.374170438702,3:2:4:4:4:3:3:4:3
4:4:4:4:4:2:2:4:4:,recombination,3146.3339782153207,4:3:3:4:4:3:2:4:4,4:4:4:4:4:1:1:3:4,MUTATE
4:4:4:4:4:1:1:2:4:,clone,3612.2342878019786,4:4:4:4:4:1:0:2:4
2:2:4:4:3:3:4:4:2:,recombination,5002.95014906776,3:2:4:4:4:3:4:4:2,3:2:4:4:4:2:4:4:3,MUTATE
2:1:4:4:3:3:4:4:2:,clone,4217.179238147396,3:1:4:4:3:3:4:4:2
4:2:4:4:2:4:4:4:3:,clone,3843.096003826821,4:2:4:4:2:4:4:4:3
3:2:4:4:3:3:4:4:2:,clone,3706.6189111030576,3:2:4:4:3:3:4:4:2
4:3:4:4:4:2:2:3:4:,clone,3693.012537661759,4:3:4:4:4:2:2:3:4
4:2:4:4:3:4:4:4:3:,clone,3860.78026676615,4:2:4:4:2:4:4:4:3
3:2:4:4:2:4:4:4:2:,clone,5920.64797857351,3:2:4:4:2:4:4:4:2
2:1:4:4:2:4:4:4:1:,clone,5126.705692456694,2:1:4:4:2:4:4:4:1
3:2:4:4:3:4:4:4:3:,recombination,4484.295330183293,3:2:4:4:4:4:4:4:3,4:2:4:4:4:4:4:4:4,MUTATE
4:3:4:4:4:1:1:1:4:,recombination,3464.1914372762776,4:3:4:4:4:2:2:3:4,4:3:4:4:4:2:3:3:4,MUTATE
4:2:4:4:4:3:4:4:3:,recombination,3838.386493811779,3:2:4:4:2:3:4:4:2,4:4:3:4:4:2:2:4:4,MUTATE
3:2:4:4:2:4:4:4:2:,recombination,4875.66440329762,3:2:4:4:3:3:4:4:3,2:2:4:4:3:3:4:4:2,MUTATE
4:2:4:4:3:4:4:4:3:,clone,3818.2516593073024,4:2:4:4:3:4:4:4:3
3:2:4:4:4:3:3:4:2:,clone,4716.74128502209,3:2:4:4:4:3:3:4:3
3:2:4:4:4:4:4:4:2:,clone,4683.541550220257,3:2:4:4:4:4:4:4:2
4:4:4:4:4:3:2:4:4:,recombination,3605.4881093463887,4:4:4:4:4:3:2:4:4,4:4:4:4:4:1:2:3:4
3:2:4:4:4:3:4:4:3:,recombination,4169.96075761503,4:2:4:4:4:2:2:4:4,1:1:4:2:0:4:4:4:0
3:2:4:4:4:4:4:4:3:,clone,5787.006222894431,3:2:4:4:4:4:4:4:3
4:4:4:4:4:0:0:0:4:,clone,2952.5305931110793,4:2:4:4:4:2:3:4:4
4:4:4:4:4:0:0:1:4:,clone,3210.5072740563037,4:4:4:4:4:0:0:1:4
4:2:4:4:4:3:3:4:3:,clone,3944.3369803170326,4:2:4:4:4:3:3:4:3
4:2:4:4:4:4:4:4:4:,clone,3626.9961098857934,4:2:4:4:4:3:3:4:4
4:2:4:4:3:3:4:4:3:,clone,3645.0857317155137,4:2:4:4:3:3:4:4:3
3:1:4:4:2:4:4:4:2:,clone,3826.1439704679133,3:1:4:4:2:4:4:4:2
4:4:4:4:4:1:2:3:4:,recombination,3552.0734250259375,4:2:4:4:4:1:2:3:4,4:4:4:4:4:0:0:3:4,MUTATE
3:2:4:4:4:4:4:4:3:,recombination,4643.906316440656,3:2:4:4:4:4:4:4:2,4:2:4:4:4:3:4:4:3,MUTATE
3:2:4:4:3:4:4:4:2:,clone,3649.6817661658815,3:1:4:4:2:4:4:4:2
3:2:4:4:4:4:4:4:3:,clone,4617.526473777236,3:2:4:4:4:4:4:4:3
4:2:4:4:4:4:4:4:4:,clone,3605.406783069283,4:2:4:4:4:4:4:4:4
4:4:4:4:4:0:0:1:4:,clone,3121.862822352809,4:4:4:4:4:0:0:1:4
4:3:4:4:4:2:3:4:4:,clone,3176.1531070018027,4:3:4:4:4:2:2:4:4
3:2:4:4:4:4:4:4:3:,clone,4606.430016651047,3:2:4:4:4:4:4:4:3
4:2:4:4:4:4:3:4:4:,recombination,4045.8907026295133,4:3:4:4:4:3:2:4:4,4:2:4:4:4:4:4:4:4
4:4:4:4:4:0:0:1:4:,clone,3082.203514269924,4:4:4:4:4:0:0:1:4
4:2:4:4:4:4:4:4:3:,recombination,3718.2559015649426,4:2:4:4:4:4:4:4:4,4:2:4:4:3:4:4:4:3,MUTATE
3:1:4:4:3:4:4:4:2:,clone,3870.006943703894,3:1:4:4:2:4:4:4:2
4:4:4:4:4:3:2:4:4:,clone,3592.1429040813496,4:3:4:4:4:3:2:4:4
3:2:4:4:4:3:4:4:2:,clone,5133.149007346288,2:2:4:4:4:3:4:4:2
2:1:4:4:4:3:4:4:2:,recombination,5539.805516710101,2:2:4:4:4:3:4:4:2,4:3:4:4:4:0:1:2:4
3:2:4:4:3:3:4:4:2:,clone,3671.2394464643307,3:2:4:4:3:3:4:4:2
4:2:4:4:4:2:3:4:3:,recombination,4346.830308293221,4:4:4:4:4:1:2:3:4,2:2:4:4:4:3:4:4:2
2:1:4:4:3:4:4:4:1:,clone,5236.494686347226,1:1:4:4:1:4:4:4:1
4:2:4:4:4:3:3:4:3:,recombination,3433.21281313954,3:2:4:4:4:3:4:4:3,4:2:4:4:4:3:3:4:4,MUTATE
3:1:4:4:2:4:4:4:2:,clone,3624.013299395432,3:1:4:4:2:4:4:4:2
3:1:4:4:3:3:4:4:2:,recombination,3988.687010473369,4:3:4:4:4:2:3:4:4,4:2:4:4:4:3:4:4:4
1:1:4:4:1:4:4:4:1:,clone,5386.187969041949,2:1:4:4:3:4:4:4:1
4:4:3:4:4:1:1:4:4:,recombination,3239.421103154162,4:3:4:4:4:2:3:4:4,4:4:2:4:4:1:1:4:4
4:2:4:4:3:3:4:4:4:,recombination,3624.013299395432,3:1:4:4:2:4:4:4:2,4:4:4:4:4:2:2:4:4,MUTATE
4:4:2:4:4:0:0:0:4:,clone,3211.168375011251,4:4:2:4:4:0:0:0:4
4:4:4:4:4:0:1:3:4:,recombination,3132.316009391247,4:3:4:4:4:1:2:4:4,4:4:4:4:4:0:1:4:4
4:2:4:4:3:4:4:4:3:,recombination,3722.3768370197654,4:4:3:4:4:2:2:4:4,4:2:4:4:4:4:4:4:3
4:4:4:4:4:0:1:2:4:,clone,3082.203514269924,4:4:4:4:4:0:1:1:4
4:4:4:4:4:1:0:3:4:,recombination,3360.670982116016,4:3:4:4:4:2:2:4:4,4:4:4:4:4:1:1:2:4
1:1:4:4:1:4:4:4:1:,recombination,5142.266303147534,4:2:4:4:4:1:3:4:4,2:1:4:4:2:4:4:4:1,MUTATE
4:4:4:4:4:0:0:2:4:,recombination,2893.187865523899,4:3:4:4:4:1:1:4:4,4:4:3:4:4:2:1:4:4,MUTATE
4:4:1:4:4:0:0:0:4:,clone,3255.8186499727967,4:4:2:4:4:0:0:0:4
2:1:4:3:1:4:4:4:1:,recombination,4672.773427998008,4:2:4:4:4:4:4:4:4,1:1:4:2:0:4:4:4:0,MUTATE
3:2:4:4:4:3:4:4:2:,clone,4683.973159206125,3:2:4:4:4:3:4:4:2
3:2:4:4:4:3:4:4:2:,clone,4660.138609998496,3:2:4:4:4:3:4:4:2
4:3:4:4:4:1:1:3:4:,recombination,3025.9117304532715,4:3:4:4:4:1:1:3:4,4:3:4:4:4:1:1:4:4
4:4:4:4:4:0:1:2:4:,clone,3064.468549974151,4:4:4:4:4:0:1:2:4
3:2:4:4:4:3:4:4:2:,clone,3912.27602483177,3:1:4:4:3:3:4:4:2
3:1:4:4:3:3:4:4:2:,recombination,3836.967414742504,3:1:4:4:3:3:4:4:2,4:2:4:4:3:3:4:4:3
4:4:4:4:4:0:1:2:4:,clone,3056.0936364347945,4:4:4:4:4:0:1:2:4
2:1:4:4:1:4:4:4:1:,clone,5222.917693130532,1:1:4:4:1:4:4:4:1
3:2:4:4:2:4:4:4:2:,recombination,4112.2507051575885,4:3:4:4:4:3:3:4:4,3:2:4:4:3:4:4:4:2
2:1:4:4:2:3:4:4:1:,clone,3792.107588530166,2:1:4:4:2:3:4:4:1
2:2:4:4:3:4:4:4:1:,clone,5214.8181981222015,2:2:4:4:2:4:4:4:1
2:1:4:4:2:4:4:4:1:,clone,4142.124403725792,2:1:4:4:2:4:4:4:1
4:4:4:4:4:1:1:2:4:,recombination,3185.0700499897434,4:3:4:4:4:1:2:3:4,4:4:4:4:4:0:1:2:4,MUTATE
4:2:4:4:4:3:4:4:3:,recombination,3837.9161887178884,4:4:4:4:4:1:0:2:4,3:1:4:4:3:3:4:4:2
4:4:4:4:4:0:1:3:4:,recombination,2860.2290574134627,3:2:4:4:4:3:4:4:3,4:4:4:4:4:0:0:2:4
1:1:4:3:0:4:4:4:0:,clone,5733.437500772312,1:1:4:4:1:4:4:4:1
4:2:4:4:4:3:4:4:3:,clone,3631.7314975919744,4:2:4:4:4:3:4:4:3
4:4:1:4:4:0:0:0:4:,clone,3225.2403524266138,4:4:2:4:4:0:0:0:4
4:4:4:4:4:1:1:3:4:,recombination,3183.597473595247,4:4:4:4:4:0:0:1:4,4:4:4:4:4:1:1:4:4
2:2:4:4:2:4:4:4:1:,clone,5143.465616315505,2:2:4:4:2:4:4:4:1
4:4:4:4:4:3:3:4:4:,recombination,3823.9984921050714,4:4:4:4:4:3:2:4:4,4:4:4:4:4:2:3:4:4,MUTATE
2:1:4:3:2:4:4:4:1:,clone,4093.4410327820174,2:1:4:3:2:4:4:4:1
2:2:4:4:4:3:3:4:2:,recombination,5025.87324486804,3:2:4:4:4:3:3:4:2,2:2:4:4:3:3:4:4:2,MUTATE
4:4:4:4:4:0:1:2:4:,clone,3052.1044232438667,4:4:4:4:4:0:1:2:4
3:2:4:4:3:3:4:4:2:,clone,3569.285707670206,3:2:4:4:3:3:4:4:2
1:1:4:3:0:4:4:4:0:,clone,5560.233170625914,1:1:4:3:0:4:4:4:0
4:4:4:4:4:1:2:4:4:,recombination,3052.282414897063,4:4:3:4:4:2:1:4:4,4:4:4:4:4:1:2:3:4
4:2:4:4:4:3:4:4:3:,recombination,3619.1223148559257,4:3:4:4:4:2:3:4:4,4:2:4:4:4:3:4:4:3,MUTATE
4:4:4:4:4:0:0:3:4:,recombination,2876.875228193339,4:3:4:4:4:1:2:3:4,4:4:4:4:4:0:1:3:4
4:4:2:4:4:0:0:1:4:,recombination,3225.2403524266138,4:4:4:4:4:2:2:4:4,4:4:2:4:4:0:0:0:4
4:2:4:4:3:4:4:4:3:,clone,3719.9604276302916,4:2:4:4:4:4:4:4:3
3:2:4:4:3:3:4:4:2:,clone,3517.1270097698825,3:2:4:4:3:3:4:4:2
2:1:4:3:1:4:4:4:1:,clone,4093.441032782018,2:1:4:3:1:4:4:4:1
4:4:2:4:4:1:1:4:4:,recombination,3239.651127676338,4:4:3:4:4:1:1:4:4,4:4:2:4:4:0:0:0:4
4:4:2:4:4:0:0:2:4:,clone,3337.9177972149673,4:4:2:4:4:0:0:2:4
1:1:4:3:0:4:4:4:0:,clone,5414.028741131955,1:1:4:3:0:4:4:4:0
3:2:4:4:4:4:4:4:2:,clone,4383.804529112085,3:2:4:4:3:4:4:4:2
3:1:4:4:2:3:4:4:2:,clone,3247.0770117330458,3:1:4:4:2:3:4:4:2
4:2:4:4:4:3:4:4:3:,clone,3371.1014964610467,4:2:4:4:4:3:4:4:3
3:2:4:4:2:4:4:4:2:,recombination,3775.651852006561,4:2:4:4:2:4:4:4:3,4:2:4:4:4:3:4:4:3
4:3:4:4:4:1:3:4:4:,clone,3900.660929968701,4:4:4:4:4:1:2:4:4
4:4:2:4:4:1:1:3:4:,clone,3416.2247120117504,4:4:2:4:4:0:0:3:4
4:4:3:4:4:0:0:2:4:,recombination,3177.697433257415,4:4:3:4:4:1:1:4:4,4:4:2:4:4:0:0:0:4,MUTATE
4:2:4:4:4:3:3:4:3:,clone,3294.705558979274,4:2:4:4:4:3:3:4:3
3:1:4:4:3:3:4:4:2:,clone,3231.3052664711627,3:1:4:4:3:3:4:4:2
4:3:4:4:4:3:4:4:4:,recombination,4463.544898836312,4:3:4:4:4:1:2:3:4,2:1:4:4:3:4:4:4:1,MUTATE
4:4:2:4:4:0:0:2:4:,recombination,3213.9953063394137,4:4:4:4:4:0:1:3:4,4:4:1:4:4:0:0:0:4
3:2:4:4:2:3:4:4:2:,recombination,3529.931083322679,4:4:4:4:4:2:1:4:4,3:2:4:4:2:3:4:4:2
3:2:4:4:3:3:4:4:3:,recombination,4367.6284737219,4:2:4:4:4:1:2:3:4,3:1:4:4:3:4:4:4:2,MUTATE
1:1:4:4:1:4:4:4:1:,clone,5058.687987030469,1:1:4:3:0:4:4:4:0
3:2:4:4:3:3:4:4:2:,recombination,3399.0027597796884,3:2:4:4:3:3:4:4:2,4:3:4:4:4:2:2:4:4,MUTATE
2:1:4:3:1:4:4:4:1:,clone,4093.4410327820174,2:1:4:3:1:4:4:4:1
4:2:4:4:3:4:4:4:3:,clone,3698.3711008137807,4:2:4:4:3:4:4:4:3
3:2:4:4:4:4:4:4:2:,clone,4378.086371468945,3:2:4:4:4:4:4:4:2
3:2:4:4:3:3:4:4:2:,clone,3301.18043846845,3:2:4:4:3:3:4:4:2
4:2:4:4:4:2:3:4:4:,clone,3145.7091941695435,4:2:4:4:4:2:3:4:4
1:1:4:3:0:4:4:4:0:,clone,5295.09313699878,1:1:4:3:0:4:4:4:0
4:2:4:4:3:3:4:4:3:,recombination,3600.2701024484063,4:3:4:4:4:2:3:4:4,3:2:4:4:4:4:4:4:2,MUTATE
2:1:4:3:1:4:4:4:1:,clone,3843.7136661626923,2:1:4:3:1:4:4:4:1
4:2:4:4:2:4:4:4:3:,clone,3706.8392459025035,4:2:4:4:3:4:4:4:3
4:2:4:4:3:3:4:4:3:,clone,3448.528664955149,4:2:4:4:3:3:4:4:3
2:2:4:4:3:4:4:4:2:,clone,5288.660337438669,2:1:4:4:3:4:4:4:2
2:1:4:4:2:4:4:4:1:,clone,3621.865544692614,3:1:4:4:2:3:4:4:2
2:1:4:3:1:4:4:4:1:,clone,3785.525180805967,2:1:4:4:2:4:4:4:1
2:1:4:3:1:4:4:4:1:,clone,3623.0140977146357,2:1:4:3:1:4:4:4:1
2:1:4:3:1:4:4:4:1:,clone,3510.3084049983136,2:1:4:3:1:4:4:4:1
4:2:4:3:2:3:4:4:3:,recombination,3285.672901923096,4:2:4:4:3:4:4:4:4,4:2:4:4:4:2:3:4:4
4:2:4:4:3:4:4:4:3:,clone,3672.38784150065,4:2:4:4:3:4:4:4:3
4:2:4:4:2:3:4:4:3:,recombination,3520.0970636735956,4:2:4:4:4:2:3:4:4,4:3:4:4:4:2:2:4:4,MUTATE
4:2:4:4:3:3:4:4:4:,recombination,3494.5011256147263,4:3:4:4:4:2:2:3:4,4:3:4:4:4:2:3:4:4
4:4:3:4:4:1:1:3:4:,clone,3371.6794851155587,4:4:3:4:4:1:1:3:4
2:1:4:3:0:4:4:4:1:,recombination,5009.560086572548,4:4:3:4:4:2:2:4:4,1:1:4:3:0:4:4:4:0,MUTATE
3:2:4:4:4:4:4:4:2:,recombination,4225.187939428918,4:3:4:4:4:1:1:3:4,3:2:4:4:4:4:4:4:2
4:3:4:4:4:1:3:4:4:,clone,3880.518389613096,4:3:4:4:4:1:2:4:4
2:1:4:2:0:4:4:4:0:,clone,3690.0501403686962,2:1:4:2:0:4:4:4:0
2:1:4:2:0:4:4:4:1:,clone,4008.5343042854734,2:1:4:3:1:4:4:4:1
3:2:4:4:3:3:4:4:2:,clone,3296.352899705125,3:2:4:4:3:3:4:4:2
4:4:3:4:4:0:0:0:4:,clone,3229.4391674111193,4:4:3:4:4:0:0:0:4
1:1:4:2:0:4:4:4:0:,recombination,4346.620158366353,4:4:3:4:4:1:1:4:4,1:1:4:2:0:4:4:4:0,MUTATE
2:1:4:4:3:4:4:4:1:,recombination,3996.2828933106634,4:2:4:4:4:2:3:4:4,2:2:4:4:3:4:4:4:1
3:2:4:4:2:4:4:4:2:,recombination,3727.5161871589494,4:2:4:4:4:3:4:4:3,4:3:4:4:4:3:2:4:4
4:2:4:4:4:3:4:4:3:,recombination,3370.629930537824,3:2:4:4:4:3:4:4:2,4:3:4:4:4:4:4:4:4,MUTATE
4:2:4:4:4:3:4:4:3:,recombination,3370.6299305378234,3:2:4:4:3:3:4:4:2,4:2:4:4:4:3:4:4:3,MUTATE
4:3:4:4:4:1:3:4:4:,clone,3866.6947679546633,4:3:4:4:4:1:3:4:4
2:1:4:3:0:4:4:4:1:,clone,4931.066808846946,2:1:4:3:0:4:4:4:1
2:1:4:3:2:4:4:4:1:,recombination,3636.4858993402036,4:2:4:4:3:3:4:4:3,2:1:4:3:1:4:4:4:1,MUTATE
2:2:4:3:1:4:4:4:1:,clone,3866.0943479611824,2:1:4:3:1:4:4:4:1
3:2:4:4:3:3:4:4:2:,clone,3294.705558979274,3:2:4:4:3:3:4:4:2
2:1:4:4:2:4:4:4:1:,clone,3602.403598445661,3:1:4:4:3:3:4:4:2
2:1:4:4:1:4:4:4:1:,recombination,4839.642239332574,3:2:4:4:4:3:3:4:3,3:2:4:4:4:3:4:4:2,MUTATE
2:2:4:4:4:3:4:4:1:,recombination,5451.760049253298,2:1:4:3:1:4:4:4:1,3:2:4:4:4:3:3:4:2
4:4:4:4:4:1:0:3:4:,recombination,3076.8436686736345,4:4:4:4:4:0:1:3:4,4:4:2:4:4:0:0:0:4,MUTATE
4:2:4:4:4:2:2:4:4:,recombination,3266.0677623031042,4:3:4:4:4:0:1:2:4,3:1:4:4:3:3:4:4:2
3:1:4:3:2:4:4:4:2:,clone,3429.278553581928,3:1:4:4:2:4:4:4:2
3:2:4:4:2:3:4:4:2:,recombination,3429.278553581928,4:2:4:4:4:3:4:4:3,4:3:4:4:4:0:1:2:4
1:1:4:3:0:4:4:4:0:,recombination,4241.541597219012,4:4:4:4:4:1:2:4:4,3:1:4:4:3:3:4:4:2
3:1:4:3:1:4:4:4:2:,clone,3442.807254747374,3:1:4:3:2:4:4:4:2
3:1:4:3:1:4:4:4:1:,recombination,3653.517566045383,2:1:4:2:0:4:4:4:1,3:2:4:4:2:4:4:4:2
4:4:2:4:4:0:0:2:4:,clone,3212.8299788878226,4:4:2:4:4:0:0:2:4
3:2:4:3:1:4:4:4:2:,recombination,4217.577586114586,4:4:4:4:4:1:2:4:4,3:2:4:4:3:3:4:4:2,MUTATE
3:1:4:3:1:4:4:4:1:,recombination,3511.4310941804843,3:1:4:3:1:4:4:4:1,4:2:4:4:4:3:4:4:3
2:1:4:2:0:4:4:4:1:,clone,3696.7508414184485,2:1:4:2:0:4:4:4:1
1:1:4:2:0:4:4:4:0:,recombination,4147.466235066986,2:1:4:3:1:4:4:4:1,4:2:4:4:4:3:4:4:4
3:2:4:4:2:4:4:4:2:,recombination,3564.468021112979,4:3:4:4:4:2:2:4:4,4:3:4:4:4:2:3:4:4,MUTATE
4:2:4:4:4:2:3:4:3:,recombination,3776.742029429956,4:3:4:4:4:1:1:3:4,3:2:4:4:2:4:4:4:2
2:1:4:4:4:3:4:4:2:,recombination,5220.021874539879,4:2:4:4:4:2:3:3:4,2:1:4:3:2:4:4:4:1
2:1:4:3:0:4:4:4:1:,recombination,4842.494265560977,2:2:4:4:3:4:4:4:1,4:2:4:4:4:3:3:4:3,MUTATE
2:1:4:3:0:4:4:4:1:,clone,4076.182682316812,2:1:4:3:0:4:4:4:1
2:1:4:2:0:4:4:4:1:,recombination,3690.3643931891766,4:2:4:4:4:2:3:4:4,3:2:4:4:3:3:4:4:2,MUTATE
2:2:4:4:3:4:4:4:2:,clone,5276.016283310908,2:2:4:4:3:4:4:4:2
3:2:4:4:2:4:4:4:3:,recombination,4738.127034997995,2:2:4:4:3:3:4:4:2,4:4:4:4:4:0:1:3:4,MUTATE
2:1:4:4:1:4:4:4:1:,recombination,4498.108664299042,1:1:4:4:1:4:4:4:1,4:2:4:4:4:3:3:4:4
2:2:4:4:4:3:3:4:2:,clone,5004.149555307626,2:2:4:4:4:3:3:4:2
2:1:4:2:0:4:4:4:1:,clone,3591.2157269489517,2:1:4:2:0:4:4:4:1
2:2:4:4:3:4:4:4:1:,recombination,5007.503181782157,3:2:4:4:2:4:4:4:2,3:2:4:4:4:3:3:4:2
1:1:4:2:0:4:4:4:0:,clone,4045.817742923451,1:1:4:2:0:4:4:4:0
2:1:4:4:3:4:4:4:1:,recombination,3886.9872191784125,3:1:4:3:2:4:4:4:2,3:2:4:4:4:3:3:4:3,MUTATE
1:1:4:3:1:4:4:4:0:,clone,4814.349597468076,2:1:4:3:1:4:4:4:1
4:4:3:4:4:0:0:3:4:,clone,3196.9651012605955,4:4:2:4:4:0:0:3:4
4:4:2:4:4:0:0:3:4:,clone,3239.9481374973716,4:4:2:4:4:0:0:3:4
3:1:4:4:1:4:4:4:2:,recombination,5251.643108698204,2:2:4:4:2:4:4:4:1,4:3:4:4:4:1:1:2:4
2:1:4:2:1:4:4:4:1:,clone,3863.8924487236013,2:1:4:2:1:4:4:4:1
1:1:4:2:0:4:4:4:0:,clone,3976.892933809269,1:1:4:2:0:4:4:4:0
2:1:4:2:0:4:4:4:0:,clone,3561.7070136013876,2:1:4:2:0:4:4:4:0
2:1:4:2:1:4:4:4:1:,recombination,3841.946411463077,3:2:4:4:3:3:4:4:2,4:2:4:4:4:3:4:4:3,MUTATE
2:1:4:4:4:3:4:4:2:,recombination,4873.384269765599,3:2:4:4:4:3:3:4:3,3:2:4:4:4:3:4:4:2,MUTATE
2:2:4:4:3:4:4:4:2:,clone,5102.20528867516,2:2:4:4:3:4:4:4:2
3:2:4:4:4:4:4:4:3:,recombination,4559.8166273926145,3:2:4:4:4:4:4:4:3,4:4:4:4:4:1:2:4:4,MUTATE
2:1:4:4:3:3:4:4:1:,recombination,4114.032796692783,3:2:4:4:4:3:4:4:2,4:3:4:4:4:1:2:4:4
4:4:3:4:4:0:0:1:4:,clone,3286.628814007004,4:4:2:4:4:0:0:1:4
1:1:4:2:0:4:4:4:0:,clone,3933.112050207129,1:1:4:2:0:4:4:4:0
4:3:4:4:4:3:4:4:4:,clone,4463.199686183157,4:3:4:4:4:4:4:4:4
2:1:4:2:1:4:4:4:1:,clone,3767.669380630378,2:1:4:2:1:4:4:4:1
2:1:4:2:1:4:4:4:1:,clone,3765.615251786273,2:1:4:2:1:4:4:4:1
3:2:4:4:4:3:3:4:3:,recombination,4194.660298475925,2:2:4:4:4:3:3:4:2,4:2:4:4:3:3:4:4:3
2:1:4:4:4:3:4:4:2:,recombination,4699.573275129851,4:4:3:4:4:0:0:2:4,2:1:4:4:4:3:4:4:2,MUTATE
3:2:4:4:2:3:4:4:3:,recombination,4761.318738286676,4:4:4:4:4:0:1:3:4,3:2:4:4:4:4:4:4:3
3:2:4:3:1:4:4:4:2:,clone,4125.776371771619,3:1:4:3:1:4:4:4:2
2:2:4:4:1:4:4:4:1:,recombination,4527.226654381792,1:1:4:3:0:4:4:4:0,4:4:4:4:4:1:2:4:4
3:2:4:4:1:4:4:4:2:,recombination,5223.167365761511,4:3:4:4:4:3:3:4:4,4:2:4:4:4:2:3:4:4
4:4:3:4:4:0:0:1:4:,clone,3266.5003637427103,4:4:3:4:4:0:0:1:4
2:1:4:4:4:4:4:4:1:,clone,4777.728334614908,2:1:4:4:4:4:4:4:1
4:2:4:4:4:3:2:4:4:,recombination,3676.75842519971,4:3:3:4:4:3:2:4:4,3:2:4:4:4:4:4:4:3,MUTATE
3:1:4:4:1:4:4:4:2:,recombination,4435.2415766863,1:1:4:2:0:4:4:4:0,3:2:4:4:4:4:4:4:3
3:2:4:4:4:3:3:4:2:,recombination,4015.550356762698,4:4:4:4:4:1:1:4:4,2:1:4:4:4:3:4:4:2
2:1:4:3:0:4:4:4:0:,clone,4757.69697655506,1:1:4:3:0:4:4:4:0
3:2:4:3:2:4:4:4:2:,recombination,3877.0591593321597,3:2:4:4:4:4:4:4:2,4:2:4:3:2:3:4:4:3,MUTATE
2:1:4:3:0:4:4:4:0:,clone,4659.68743269097,2:1:4:3:0:4:4:4:0
3:2:4:4:4:3:3:4:3:,recombination,4185.98399750379,4:2:4:4:4:2:3:4:4,3:2:4:4:4:4:4:4:3,MUTATE
2:1:4:3:0:4:4:4:0:,clone,4659.280644572716,2:1:4:3:0:4:4:4:0
4:3:4:4:4:3:4:4:4:,clone,4327.601895068315,4:3:4:4:4:4:4:4:4
2:1:4:4:4:4:4:4:1:,recombination,4345.766417844838,4:2:4:4:4:3:4:4:4,2:1:4:4:4:3:4:4:2
3:2:4:3:1:4:4:4:2:,recombination,3912.5615668617565,3:1:4:4:2:4:4:4:2,4:3:4:4:4:2:3:4:4
4:3:4:4:4:3:2:4:4:,clone,3194.6160038755215,4:3:4:4:4:3:2:4:4
3:1:4:4:4:4:4:4:2:,recombination,3557.5367173444297,4:3:4:4:4:4:4:4:4,4:2:4:4:3:3:4:4:3
4:2:4:4:4:4:3:4:4:,recombination,3776.2181748957555,4:4:4:4:4:1:2:4:4,4:4:4:4:4:2:2:4:4,MUTATE
2:1:4:3:0:4:4:4:0:,clone,4657.633303846865,2:1:4:3:0:4:4:4:0
3:2:4:4:3:3:4:4:3:,recombination,4334.982588565088,4:4:4:4:4:0:1:3:4,3:2:4:4:4:4:4:4:2
2:1:4:3:1:4:4:4:0:,recombination,4435.112698150173,4:2:4:4:4:3:4:4:3,2:2:4:4:3:3:4:4:2,MUTATE
3:1:4:3:0:4:4:4:1:,recombination,4147.411358007547,4:2:4:4:4:3:4:4:4,4:2:4:4:3:4:4:4:3
4:2:4:4:4:4:3:4:4:,recombination,3674.9791581806485,4:2:4:4:4:3:4:4:3,4:4:4:4:4:1:2:4:4
3:2:4:4:4:3:3:4:3:,clone,3913.4293295058487,3:2:4:4:4:3:3:4:3
2:1:4:4:1:4:4:4:1:,recombination,4477.984693818554,4:4:2:4:4:0:0:0:4,4:3:4:4:4:2:2:4:4,MUTATE
2:1:4:4:1:4:4:4:1:,clone,4461.696210618732,2:1:4:4:1:4:4:4:1
2:1:4:4:1:4:4:4:1:,clone,4453.997038002299,2:1:4:4:1:4:4:4:1
3:1:4:4:4:3:4:4:2:,recombination,4085.842153619273,4:4:4:4:4:0:0:1:4,3:2:4:4:4:4:4:4:2,MUTATE
3:1:4:4:4:3:4:4:2:,recombination,3960.6575801030203,3:2:4:4:3:3:4:4:2,4:3:4:4:4:1:2:4:4,MUTATE
4:3:4:4:4:3:2:4:4:,recombination,3181.4135585986996,4:3:4:4:4:3:2:4:4,2:1:4:4:4:3:4:4:2
3:1:4:4:4:3:3:4:2:,recombination,3840.502386880142,4:3:4:4:4:1:2:3:4,4:2:4:4:3:4:4:4:3,MUTATE
4:2:4:4:4:4:3:4:4:,clone,3595.084344039112,4:2:4:4:4:4:3:4:4
3:1:4:3:2:4:4:4:1:,recombination,3438.1939170494065,4:2:4:4:4:3:4:4:3,4:3:4:4:4:3:2:4:4
2:1:4:3:1:4:4:4:0:,clone,3674.857965764185,2:1:4:3:1:4:4:4:0
2:1:4:2:1:4:4:4:0:,clone,3779.3681726785035,2:1:4:2:1:4:4:4:0
2:1:4:4:3:4:4:4:1:,clone,3766.1794219159624,2:1:4:4:3:4:4:4:1
1:1:4:2:0:4:4:4:0:,recombination,3883.8886439331586,4:4:4:4:4:0:1:3:4,3:2:4:4:4:3:4:4:2
3:1:4:4:4:3:4:4:2:,clone,3815.9123049501445,3:1:4:4:4:3:4:4:2
1:1:4:3:1:4:4:4:0:,recombination,4484.316350946466,4:2:4:4:4:2:3:4:4,4:3:4:4:4:2:3:4:4,MUTATE
1:1:4:3:1:4:4:4:0:,clone,4474.093811301704,1:1:4:3:1:4:4:4:0
3:1:4:4:4:3:3:4:2:,recombination,3807.1835592330945,4:2:4:4:3:3:4:4:3,3:2:4:4:4:4:4:4:3
2:1:4:3:1:4:4:4:1:,recombination,3506.5700127751506,4:2:4:4:4:3:4:4:3,3:2:4:4:4:3:3:4:3,MUTATE
1:1:4:3:1:4:4:4:0:,clone,4466.39463868527,1:1:4:3:1:4:4:4:0
2:1:4:2:1:4:4:4:0:,clone,3756.990908955687,2:1:4:2:1:4:4:4:0
1:1:4:1:0:4:4:4:0:,clone,3721.0344990316116,1:1:4:2:0:4:4:4:0
3:1:4:4:3:4:4:4:1:,clone,3598.3107436067253,3:1:4:4:3:4:4:4:1
2:1:4:2:1:4:4:4:0:,clone,3592.097102442415,2:1:4:2:1:4:4:4:0
1:1:4:3:1:4:4:4:0:,clone,4434.635283359643,1:1:4:3:1:4:4:4:0
2:1:4:2:1:4:4:4:0:,recombination,3502.7659419171896,3:1:4:4:3:3:4:4:2,4:4:4:4:4:2:1:4:4
2:1:4:2:1:4:4:4:0:,clone,3427.8129117652616,2:1:4:2:1:4:4:4:0
2:1:4:2:1:4:4:4:1:,recombination,3283.4875029365967,4:4:3:4:4:0:0:1:4,2:1:4:3:0:4:4:4:0,MUTATE
2:1:4:3:1:4:4:4:1:,recombination,3237.9889007218253,3:2:4:4:2:4:4:4:2,2:1:4:2:1:4:4:4:1
1:1:4:3:1:4:4:4:0:,recombination,4354.873009961719,4:2:4:4:3:3:4:4:3,2:1:4:3:1:4:4:4:1
2:2:4:4:3:3:4:4:2:,clone,4278.849072369403,2:2:4:4:3:3:4:4:2
1:1:4:3:1:4:4:4:0:,recombination,4316.892600578255,4:3:4:4:4:2:3:4:4,4:2:4:4:4:3:4:4:4
2:1:4:4:3:4:4:4:2:,clone,4396.810432082447,3:1:4:4:3:4:4:4:2
2:1:4:3:2:4:4:4:1:,clone,3297.96314816884,2:1:4:3:2:4:4:4:1
2:2:4:4:2:4:4:4:2:,recombination,5022.031755147498,3:2:4:4:4:3:4:4:2,2:2:4:4:4:3:4:4:2
1:1:4:3:1:4:4:4:0:,recombination,4083.6541784132237,2:1:4:4:1:4:4:4:1,4:3:4:4:4:3:3:4:4
4:3:4:4:4:4:3:4:4:,clone,4109.022246073631,4:3:4:4:4:4:3:4:4
2:2:4:4:2:3:4:4:2:,recombination,4659.984719699733,4:3:4:4:4:2:3:3:4,3:2:4:4:3:3:4:4:2,MUTATE
2:2:4:4:2:3:4:4:2:,recombination,4489.861545416531,4:2:4:4:4:2:3:4:3,4:2:4:4:4:2:3:4:4
1:1:4:2:1:4:4:4:0:,clone,3823.375438432097,1:1:4:3:1:4:4:4:0
2:2:4:4:2:4:4:4:2:,clone,5010.448087769094,2:2:4:4:2:4:4:4:2
2:1:4:4:2:4:4:4:1:,recombination,3502.713199434136,3:1:4:4:4:4:4:4:2,4:2:4:4:4:3:3:4:4
1:1:4:2:1:4:4:4:0:,clone,3730.2620124461405,1:1:4:2:1:4:4:4:0
3:2:4:4:4:3:4:4:2:,recombination,3619.5415568376948,2:1:4:3:1:4:4:4:1,4:3:4:4:4:4:4:4:4
2:1:4:4:2:4:4:4:1:,clone,3460.5217576389723,2:1:4:4:2:4:4:4:1
2:1:4:4:2:3:4:4:1:,clone,3655.102489795805,1:1:4:3:1:4:4:4:0
3:2:4:4:3:4:4:4:2:,clone,3547.819261767705,3:1:4:4:3:4:4:4:2
2:1:4:4:2:4:4:4:1:,recombination,3353.363870088229,2:2:4:4:3:4:4:4:1,2:1:4:4:2:4:4:4:1
2:2:4:4:3:3:4:4:2:,clone,4231.774150561438,2:2:4:4:3:3:4:4:2
4:3:4:4:4:3:4:4:4:,recombination,4275.754137928682,4:4:4:4:4:2:3:4:4,4:4:4:4:4:1:2:3:4
3:1:4:4:2:4:4:4:2:,clone,3520.024976959121,3:1:4:4:2:4:4:4:2
1:1:4:3:1:4:4:4:0:,recombination,4021.9566893592514,2:1:4:2:1:4:4:4:1,4:2:4:4:3:4:4:4:4,MUTATE
3:2:4:4:3:4:4:4:3:,recombination,4054.810863878434,4:4:4:4:4:0:0:1:4,4:2:4:4:2:4:4:4:3,MUTATE
1:1:4:3:1:4:4:4:0:,clone,3807.2094549803296,1:1:4:3:1:4:4:4:0
4:2:4:4:4:4:3:4:3:,clone,3905.9980723868734,4:2:4:4:4:3:3:4:3
3:2:4:4:3:3:4:4:3:,clone,4307.913584000375,3:2:4:4:3:3:4:4:3
3:2:4:4:1:4:4:4:2:,clone,4924.104063386213,2:1:4:4:1:4:4:4:1
2:1:4:4:1:4:4:4:1:,recombination,4358.195481008938,3:1:4:4:2:4:4:4:2,3:2:4:4:2:4:4:4:2
3:2:4:4:3:3:4:4:3:,clone,4302.00021642676,3:2:4:4:3:3:4:4:3
4:2:4:4:3:4:4:4:3:,recombination,3659.879523434392,3:1:4:4:4:3:4:4:2,4:4:4:4:4:1:2:4:4
3:2:4:4:1:4:4:4:2:,clone,4917.852515139572,3:2:4:4:2:4:4:4:2
2:2:4:4:4:3:4:4:2:,recombination,4655.69935267243,4:2:4:4:4:1:3:3:4,4:2:4:4:4:3:4:4:3
4:2:4:4:3:4:4:4:3:,clone,3464.643064809346,4:2:4:4:3:4:4:4:3
3:2:4:4:4:4:4:4:2:,recombination,4128.349261320585,3:2:4:4:4:4:4:4:2,3:2:4:4:4:2:3:4:3,MUTATE
4:2:4:3:1:4:4:4:3:,recombination,3977.278217159976,3:2:4:4:2:4:4:4:2,4:4:3:4:4:2:2:4:4,MUTATE
4:2:4:4:4:4:4:4:3:,recombination,3646.8519255928672,4:4:4:4:4:0:0:3:4,4:2:4:4:3:4:4:4:3,MUTATE
3:2:4:4:4:4:4:4:3:,recombination,4356.3914380753795,4:4:4:4:4:1:1:3:4,3:2:4:4:4:3:3:4:3
2:2:4:4:1:4:4:4:2:,recombination,5164.825563517184,4:3:4:4:4:2:2:3:4,4:2:4:4:4:2:3:4:4,MUTATE
3:2:4:4:3:3:4:4:3:,recombination,4096.789409277078,2:2:4:4:3:3:4:4:2,4:2:4:4:4:3:3:4:4,MUTATE
2:1:4:3:0:4:4:4:0:,recombination,4338.888398264108,3:1:4:3:1:4:4:4:2,2:1:4:4:1:4:4:4:1
4:2:4:4:4:4:3:4:3:,clone,3686.143973958638,4:2:4:4:4:4:3:4:3
3:2:4:4:4:4:4:4:2:,recombination,3886.8979498473313,1:1:4:3:1:4:4:4:0,3:2:4:4:4:4:4:4:2
2:1:4:4:4:4:4:4:1:,recombination,4114.260479931188,2:1:4:4:2:4:4:4:1,4:3:4:4:4:1:1:3:4,MUTATE
2:2:4:4:4:3:4:4:2:,recombination,4297.812600213806,2:1:4:2:0:4:4:4:0,2:2:4:4:4:3:4:4:2,MUTATE
4:2:4:4:4:4:3:4:3:,recombination,3614.689542296737,4:4:4:4:4:2:2:4:4,3:1:4:4:4:3:3:4:2,MUTATE
3:2:4:4:4:3:4:4:3:,recombination,4065.518089774484,2:1:4:3:1:4:4:4:1,2:2:4:4:4:3:4:4:2
3:2:4:4:4:4:4:4:2:,clone,3850.9744453325816,3:2:4:4:4:4:4:4:2
3:2:4:4:1:4:4:4:2:,recombination,4371.539353459301,4:3:4:4:4:2:2:4:4,4:3:4:4:4:3:4:4:4,MUTATE
3:2:4:4:4:3:3:4:2:,recombination,3606.685108197821,2:1:4:2:0:4:4:4:0,4:3:4:4:4:2:2:3:4,MUTATE
3:2:4:4:4:3:4:4:3:,recombination,3881.1494518003633,4:4:3:4:4:2:2:4:4,2:1:4:4:2:4:4:4:1,MUTATE
1:1:4:4:2:4:4:4:0:,recombination,4179.120653169366,2:1:4:4:3:4:4:4:1,3:2:4:4:4:4:4:4:3
3:1:4:4:4:4:3:4:2:,clone,4099.949627330477,3:1:4:4:4:4:3:4:2
4:2:4:4:4:4:3:4:3:,clone,3604.527376348637,4:2:4:4:4:4:3:4:3
1:1:4:2:0:4:4:4:0:,clone,3866.2098692951868,1:1:4:2:0:4:4:4:0
3:2:4:4:4:3:3:4:2:,clone,3503.7570324265703,3:2:4:4:4:3:3:4:2
2:2:4:4:2:4:4:4:1:,recombination,4529.882611007091,3:2:4:4:3:3:4:4:3,2:1:4:2:1:4:4:4:0,MUTATE
3:2:4:4:4:4:3:4:2:,clone,3633.845149042313,3:2:4:4:4:4:3:4:2
2:1:4:3:0:4:4:4:0:,recombination,4325.575003535372,2:1:4:4:2:4:4:4:1,3:2:4:4:2:3:4:4:2,MUTATE
4:4:4:4:4:3:3:4:4:,recombination,3739.1354566026207,4:4:4:4:4:3:3:4:4,3:2:4:4:3:3:4:4:3
2:2:4:4:2:4:4:4:1:,clone,4218.027380004967,2:1:4:4:2:4:4:4:1
2:1:4:4:4:4:4:4:1:,recombination,4104.646360357375,3:2:4:4:4:4:4:4:2,4:2:4:4:4:1:3:3:4
4:2:4:4:4:1:3:4:4:,recombination,3738.076761131788,4:2:4:4:4:1:3:4:4,4:2:4:4:4:4:4:4:3,MUTATE
3:1:4:4:3:4:4:4:2:,clone,3855.6213253921683,3:1:4:4:2:4:4:4:2
2:1:4:4:2:4:4:4:2:,recombination,5084.798472106789,4:2:4:4:4:4:4:4:4,2:1:4:4:4:4:4:4:1,MUTATE
3:1:4:4:1:4:4:4:2:,recombination,4365.83657454592,3:2:4:4:4:4:4:4:2,2:2:4:4:2:3:4:4:2
3:2:4:4:2:3:4:4:3:,recombination,4754.11149031766,4:2:4:4:4:4:4:4:4,4:4:3:4:4:0:0:1:4
1:1:4:4:3:4:4:4:1:,recombination,6250.57761783518,4:4:4:4:4:2:2:4:4,4:3:4:4:4:2:2:4:4,MUTATE
2:2:4:4:3:4:4:4:2:,clone,4836.962486972184,3:2:4:4:3:3:4:4:2
1:1:4:4:3:4:4:4:1:,recombination,5729.20718139421,4:2:4:4:4:4:3:4:3,4:3:4:4:4:2:3:4:4,MUTATE
2:1:4:4:4:3:4:4:2:,recombination,4387.7534613282705,4:3:4:4:4:1:1:2:4,2:1:4:4:4:4:4:4:1,MUTATE
1:1:4:4:1:4:4:4:0:,recombination,4612.645933124003,4:4:4:4:4:2:2:4:4,1:1:4:2:0:4:4:4:0,MUTATE
2:2:4:4:3:4:4:4:1:,recombination,4413.429204917934,4:4:3:4:4:1:1:3:4,2:1:4:4:3:4:4:4:1,MUTATE
2:1:4:4:4:3:4:4:2:,clone,4301.69585715451,2:1:4:4:4:3:4:4:2
4:2:4:4:4:4:3:4:4:,recombination,3406.7236800281107,4:4:3:4:4:2:1:4:4,4:3:4:4:4:3:2:4:4,MUTATE
4:2:4:4:4:2:3:4:3:,recombination,3696.162877797759,4:4:3:4:4:2:2:4:4,2:1:4:4:4:3:4:4:2
2:2:4:4:2:4:4:4:1:,recombination,4158.002312855363,3:1:4:4:3:3:4:4:2,2:2:4:4:3:4:4:4:2,MUTATE
2:2:4:4:2:4:4:4:1:,clone,3923.4203082007807,2:2:4:4:2:4:4:4:1
4:2:4:4:4:1:3:4:4:,clone,3615.786948222115,4:2:4:4:4:1:3:4:4
4:2:4:4:4:2:4:4:4:,recombination,5025.5015670484045,4:2:4:4:4:1:3:3:4,2:2:4:4:3:4:4:4:2
4:3:4:4:4:2:3:4:4:,clone,3095.884574436732,4:3:4:4:4:2:2:4:4
4:2:4:4:2:4:4:4:3:,recombination,3701.5074847550177,4:3:4:4:4:2:3:4:4,4:2:4:4:3:4:4:4:3,MUTATE
4:3:4:4:4:2:3:4:4:,clone,3094.486328104354,4:3:4:4:4:2:3:4:4
3:2:4:4:2:4:4:4:3:,recombination,4677.035724953806,4:4:4:4:4:1:1:4:4,4:3:4:4:4:2:3:3:4
3:2:4:3:2:4:4:4:2:,recombination,3641.2981287983516,4:3:4:4:4:1:2:4:4,3:1:4:4:2:4:4:4:2
4:2:4:4:4:3:3:4:3:,clone,3290.2331463313117,4:2:4:4:4:3:3:4:3
2:1:4:2:0:4:4:4:1:,clone,3583.098573566978,2:1:4:2:0:4:4:4:1
4:2:4:4:2:4:4:4:3:,clone,3676.4792346930235,4:2:4:4:2:4:4:4:3
3:1:4:4:3:4:4:4:2:,recombination,3741.5237583706453,4:3:4:4:4:1:2:4:4,2:1:4:4:3:4:4:4:2
4:3:4:4:4:2:3:4:4:,clone,3094.4863281043536,4:3:4:4:4:2:3:4:4
3:1:4:4:2:4:4:4:2:,recombination,3507.259716403016,4:4:4:4:4:2:3:4:4,2:1:4:4:2:4:4:4:1,MUTATE
3:2:4:3:1:4:4:4:2:,recombination,3883.257269953774,3:1:4:3:0:4:4:4:1,2:2:4:4:2:4:4:4:1,MUTATE
2:1:4:4:4:4:4:4:2:,clone,4657.460937780845,2:1:4:4:3:4:4:4:1
4:3:4:4:4:2:3:4:4:,clone,2995.3683016747113,4:3:4:4:4:2:3:4:4
1:1:4:1:0:4:4:4:0:,clone,3660.180891717207,1:1:4:1:0:4:4:4:0
4:3:4:4:4:2:3:4:4:,recombination,2965.55367623907,4:3:4:4:4:2:3:4:4,4:4:4:4:4:2:1:4:4
2:1:4:2:0:4:4:4:1:,recombination,3574.4507074802473,3:2:4:3:1:4:4:4:2,4:4:4:4:4:1:2:4:4
2:1:4:2:0:4:4:4:0:,clone,3525.235057325264,2:1:4:2:0:4:4:4:0
4:2:4:4:4:1:3:4:4:,clone,3462.2635535164886,4:2:4:4:4:1:3:4:4
2:2:4:3:1:4:4:4:1:,recombination,3661.620477438122,3:2:4:4:3:3:4:4:3,2:1:4:2:1:4:4:4:0
4:2:4:4:2:3:4:4:4:,recombination,4504.31351115305,4:4:4:4:4:1:3:4:4,4:2:4:4:4:3:4:4:4,MUTATE
1:1:4:1:0:4:4:4:0:,recombination,3542.6720922425466,2:1:4:4:2:3:4:4:1,3:2:4:4:4:3:3:4:3,MUTATE
3:2:4:4:2:4:4:4:3:,recombination,4483.768876039547,2:1:4:3:1:4:4:4:1,3:2:4:4:2:4:4:4:3,MUTATE
4:2:4:4:4:2:3:4:4:,clone,3061.30516439514,4:3:4:4:4:2:3:4:4
4:2:4:4:3:4:4:4:4:,clone,3306.497658516662,4:2:4:4:4:3:3:4:4
3:2:4:3:1:4:4:4:2:,recombination,3627.224543662515,4:2:4:4:2:4:4:4:3,4:2:4:4:4:2:3:3:4,MUTATE
2:1:4:3:0:4:4:4:0:,recombination,4308.805229467754,2:1:4:2:0:4:4:4:0,4:3:4:4:4:3:3:4:4
4:2:4:4:3:4:4:4:3:,recombination,3386.64667339488,4:3:4:4:4:3:3:4:4,4:2:4:4:3:4:4:4:4
1:1:4:2:0:4:4:4:0:,clone,3860.213962869476,1:1:4:1:0:4:4:4:0
2:2:4:4:4:4:4:4:2:,clone,4414.564970786452,2:1:4:4:4:4:4:4:2
4:2:4:4:3:4:4:4:3:,clone,3306.497658516662,4:2:4:4:3:4:4:4:3
4:2:4:4:2:4:4:4:3:,clone,3306.497658516662,4:2:4:4:3:4:4:4:3
1:1:4:2:0:4:4:4:0:,recombination,3854.646611604485,4:2:4:4:3:4:4:4:4,4:2:4:4:4:3:3:4:4
4:4:4:4:4:0:1:1:4:,recombination,3551.0085142962666,4:3:4:4:4:3:2:4:4,4:3:4:4:4:2:3:4:4
2:1:4:4:1:4:4:4:1:,recombination,4350.159980725475,2:1:4:4:2:3:4:4:1,4:4:3:4:4:2:1:4:4
2:1:4:2:0:4:4:4:1:,recombination,3524.867850334122,4:4:4:4:4:2:3:4:4,4:4:4:4:4:0:0:1:4
2:1:4:4:1:4:4:4:1:,clone,4275.741852424112,2:1:4:3:1:4:4:4:1
1:1:4:2:0:4:4:4:0:,recombination,3848.4130466934744,4:2:4:4:4:3:4:4:4,4:3:4:4:4:2:3:4:4,MUTATE
4:4:4:4:4:0:1:1:4:,recombination,3502.2926281861455,4:3:4:4:4:3:2:4:4,4:3:4:4:4:3:4:4:4,MUTATE
4:3:4:4:4:3:4:4:4:,clone,4221.8883147092765,4:3:4:4:4:3:4:4:4
4:3:4:4:4:3:4:4:4:,clone,4104.645763888107,4:3:4:4:4:3:3:4:4
3:2:4:4:2:4:4:4:2:,recombination,3543.687558638291,4:2:4:4:2:4:4:4:3,4:4:4:4:4:1:1:3:4,MUTATE
2:2:4:4:1:4:4:4:1:,recombination,4356.097764296027,4:2:4:4:4:4:3:4:3,4:4:3:4:4:2:2:4:4
2:1:4:4:3:4:4:4:1:,recombination,3676.4108518839093,3:2:4:4:4:3:3:4:3,2:1:4:4:4:4:4:4:1,MUTATE
2:1:4:2:0:4:4:4:1:,clone,3498.994260185195,2:1:4:2:0:4:4:4:1
3:2:4:4:2:4:4:4:2:,clone,3517.813968489364,3:2:4:4:2:4:4:4:2
1:1:4:2:0:4:4:4:0:,clone,3812.878340651842,1:1:4:2:0:4:4:4:0
2:1:4:4:3:4:4:4:1:,clone,3667.270601073732,2:1:4:4:3:4:4:4:1
3:2:4:4:4:4:4:4:2:,recombination,3768.0701020260854,4:4:4:4:4:2:3:4:4,4:4:4:4:4:0:1:3:4,MUTATE
1:1:4:2:0:4:4:4:0:,clone,3807.5193330063194,1:1:4:1:0:4:4:4:0
3:1:4:4:3:4:4:4:2:,clone,3618.5032581775054,3:1:4:4:3:4:4:4:2
2:1:4:4:2:4:4:4:2:,recombination,5040.694067782752,3:1:4:4:1:4:4:4:2,4:4:4:4:4:3:3:4:4
2:2:4:4:3:4:4:4:2:,recombination,4504.186420506949,4:3:4:4:4:2:3:3:4,2:1:4:4:4:4:4:4:1
2:1:4:3:0:4:4:4:0:,recombination,4303.045523323275,4:4:4:4:4:2:2:4:4,1:1:4:1:0:4:4:4:0
2:2:4:3:0:4:4:4:1:,recombination,4245.139670533051,4:2:4:4:4:2:2:4:4,3:2:4:4:4:4:4:4:3
2:2:4:4:3:4:4:4:2:,clone,4484.161804851913,2:2:4:4:3:4:4:4:2
2:1:4:2:0:4:4:4:0:,recombination,3505.340073709926,4:2:4:4:4:4:4:4:3,3:1:4:4:3:3:4:4:2
2:1:4:2:0:4:4:4:0:,clone,3458.467473938235,2:1:4:2:0:4:4:4:0
4:3:4:4:4:3:4:4:4:,clone,4063.77184956478,4:3:4:4:4:3:4:4:4
4:1:4:3:2:4:4:4:2:,clone,3283.6969514290145,2:1:4:3:1:4:4:4:1
2:1:4:2:0:4:4:4:1:,recombination,3488.0296350571657,4:4:3:4:4:2:1:4:4,2:2:4:3:1:4:4:4:1,MUTATE
2:1:4:2:0:4:4:4:1:,clone,3455.385442499024,2:1:4:2:0:4:4:4:1
2:1:4:2:0:4:4:4:0:,clone,3321.5527434387127,2:1:4:2:0:4:4:4:0
3:1:4:4:2:4:4:4:1:,recombination,3917.1149084538765,4:3:4:4:4:3:4:4:4,2:1:4:4:3:4:4:4:1
4:2:4:3:2:4:4:4:3:,recombination,3788.3662956706216,4:2:4:4:3:4:4:4:3,4:2:4:4:4:2:3:4:4
3:1:4:3:2:4:4:4:2:,clone,3300.901308036552,3:1:4:3:2:4:4:4:2
4:1:4:4:2:4:4:4:2:,recombination,3299.1405875382616,4:4:4:4:4:2:2:4:4,4:1:4:3:2:4:4:4:2,MUTATE
1:1:4:1:0:4:4:4:0:,recombination,3531.4432546210687,4:3:4:4:4:2:2:4:4,2:1:4:2:0:4:4:4:0,MUTATE
4:2:4:4:4:4:4:4:4:,recombination,3597.2811170226037,4:3:3:4:4:2:2:4:4,4:4:4:4:4:0:1:3:4
1:1:4:2:0:4:4:4:0:,clone,3807.518112893384,1:1:4:2:0:4:4:4:0
3:1:4:3:1:4:4:4:1:,recombination,3351.6009536812107,4:3:4:4:4:1:1:3:4,4:4:3:4:4:2:1:4:4
3:1:4:4:3:4:4:4:2:,clone,3571.676721941474,3:1:4:4:3:4:4:4:2
1:1:4:4:1:4:4:4:0:,clone,4597.54013238381,2:1:4:3:1:4:4:4:0
1:1:4:2:0:4:4:4:0:,recombination,3801.6431872156522,4:1:4:3:2:4:4:4:2,4:2:4:4:4:3:3:4:4
4:2:4:4:4:4:4:4:4:,clone,3505.6069698903307,4:2:4:4:4:4:4:4:4
2:1:4:4:2:4:4:4:2:,recombination,5026.843079818737,4:2:4:4:4:1:3:4:4,3:2:4:4:2:4:4:4:2,MUTATE
1:1:4:1:0:4:4:4:0:,recombination,3486.3062948471306,4:4:4:4:4:1:2:4:4,1:1:4:2:0:4:4:4:0,MUTATE
2:2:4:4:2:4:4:4:2:,clone,4702.707430200699,3:2:4:4:3:4:4:4:2
3:1:4:4:2:4:4:4:1:,clone,3913.303471159546,2:1:4:4:2:4:4:4:1
3:1:4:4:2:4:4:4:1:,clone,3783.5345607125814,2:1:4:4:2:4:4:4:1
2:1:4:4:2:4:4:4:2:,recombination,4686.458709719023,2:1:4:4:2:4:4:4:2,4:3:4:4:4:2:1:4:4
3:1:4:2:1:4:4:4:1:,clone,3690.61125851737,3:1:4:2:1:4:4:4:1
2:2:4:4:4:3:4:4:1:,recombination,4794.051403744664,3:2:4:4:1:4:4:4:2,4:2:4:4:4:2:3:3:4
2:1:4:3:0:4:4:4:0:,recombination,4296.92209858063,4:2:4:4:3:3:4:4:3,3:1:4:4:1:4:4:4:2,MUTATE
3:1:4:2:1:4:4:4:1:,recombination,3508.429647801359,4:3:4:4:4:2:3:4:4,3:1:4:4:3:4:4:4:1
2:1:4:4:2:4:4:4:2:,clone,4451.678655438,2:1:4:4:2:4:4:4:2
2:1:4:4:2:4:4:4:2:,clone,4428.457783722983,2:1:4:4:2:4:4:4:2
2:1:4:4:4:3:4:4:1:,clone,4422.588582465327,2:1:4:4:4:3:4:4:1
1:1:4:1:0:4:4:4:0:,clone,3484.108635981615,1:1:4:1:0:4:4:4:0
1:1:4:1:0:4:4:4:0:,clone,3465.741636123949,1:1:4:1:0:4:4:4:0
2:2:4:4:2:4:4:4:2:,clone,4305.822885268381,3:2:4:4:2:4:4:4:2
4:2:4:4:4:3:4:4:4:,clone,3283.6969514290154,3:2:4:4:3:3:4:4:3
3:1:4:4:3:4:4:4:2:,recombination,3419.236490559409,4:3:4:4:4:1:1:1:4,4:4:4:4:4:1:2:3:4,MUTATE
3:1:4:4:2:4:4:4:2:,clone,3434.6850432861193,3:1:4:4:2:4:4:4:2
3:1:4:4:1:4:4:4:2:,clone,4291.003852009248,3:1:4:4:1:4:4:4:2
2:2:4:4:4:3:4:4:1:,clone,4449.153578917391,2:2:4:4:4:3:4:4:1
2:1:4:3:0:4:4:4:0:,recombination,4077.286707958962,1:1:4:1:0:4:4:4:0,3:2:4:4:4:2:3:4:3,MUTATE
2:1:4:3:0:4:4:4:1:,recombination,4072.1378178274113,1:1:4:3:0:4:4:4:0,3:2:4:4:2:4:4:4:3
1:1:4:4:2:4:4:4:1:,clone,5347.755000301468,1:1:4:4:2:4:4:4:1
2:1:4:4:4:3:4:4:1:,recombination,4147.963448637608,4:2:4:4:4:3:4:4:4,2:2:4:4:1:4:4:4:2
4:2:4:4:2:4:4:4:2:,clone,4049.816627782299,3:2:4:4:2:4:4:4:2
1:2:4:4:2:4:4:4:1:,clone,5205.256156204499,1:1:4:4:2:4:4:4:1
4:1:4:3:2:3:4:4:3:,clone,3616.220163276126,4:2:4:3:2:3:4:4:3
1:1:4:3:0:4:4:4:0:,clone,4226.679344776176,1:1:4:3:0:4:4:4:0
2:1:4:1:0:4:4:4:0:,recombination,3283.6969514290154,4:2:4:4:3:3:4:4:3,3:2:4:4:4:4:4:4:2,MUTATE
1:1:4:1:0:4:4:4:0:,clone,3239.309909792633,1:1:4:1:0:4:4:4:0
4:1:4:3:1:4:4:4:2:,recombination,3610.966806007327,1:1:4:3:0:4:4:4:0,4:2:4:4:4:3:4:4:4
3:1:4:2:0:4:4:4:1:,recombination,3979.629748221578,4:3:4:4:4:2:3:4:4,2:1:4:4:4:3:4:4:1
3:2:4:4:1:4:4:4:2:,clone,4360.602416482648,3:1:4:3:1:4:4:4:2
1:1:4:4:3:4:4:4:0:,recombination,5290.791965551722,4:2:4:4:4:1:3:4:4,1:1:4:4:2:4:4:4:0
4:2:4:4:2:3:4:4:3:,clone,3487.6267974273815,4:2:4:4:2:3:4:4:3
4:2:4:4:4:4:3:4:4:,recombination,3389.941845338243,2:1:4:2:0:4:4:4:1,4:3:3:4:4:2:2:4:4
4:2:4:4:2:3:4:4:3:,recombination,3487.626797427381,4:1:4:3:2:3:4:4:3,4:2:4:4:4:3:4:4:4,MUTATE
4:2:4:4:1:4:4:4:3:,recombination,5036.555702312522,1:1:4:2:0:4:4:4:0,4:2:4:4:4:3:3:4:3,MUTATE
4:2:4:4:4:4:3:4:4:,clone,3389.9418453382427,4:2:4:4:4:4:3:4:4
4:2:4:4:4:1:2:4:4:,clone,3580.959887848753,4:3:4:4:4:1:2:4:4
0:1:4:3:0:4:4:4:0:,clone,6158.521579666088,1:1:4:2:0:4:4:4:0
1:1:4:3:0:4:4:4:1:,recombination,5772.0574386022745,4:3:4:4:4:1:3:4:4,4:3:4:4:4:1:2:4:4,MUTATE
1:2:4:4:1:4:4:4:1:,recombination,5664.707751250925,3:2:4:4:4:4:4:4:3,4:4:4:4:4:2:2:4:4,MUTATE
1:1:4:3:1:4:4:4:1:,clone,5668.397676069268,2:2:4:4:2:4:4:4:1
4:2:4:4:4:4:4:4:3:,clone,3559.1906262571206,4:2:4:4:4:4:3:4:4
2:1:4:2:0:4:4:4:0:,recombination,3283.696951429015,4:1:4:4:2:4:4:4:2,3:1:4:2:1:4:4:4:1,MUTATE
3:1:4:2:0:4:4:4:1:,clone,3807.9571695640507,3:1:4:2:0:4:4:4:1
3:1:4:2:0:4:4:4:1:,clone,3645.486431961421,3:1:4:2:0:4:4:4:1
2:1:4:2:1:4:4:4:1:,recombination,3268.7147138598693,2:1:4:2:0:4:4:4:0,4:3:4:4:4:4:4:4:4,MUTATE
4:3:4:4:4:4:4:4:4:,clone,4379.316870370828,4:3:4:4:4:3:3:4:4
3:2:4:4:1:4:4:4:2:,clone,4350.418535666265,3:2:4:4:1:4:4:4:2
4:2:4:4:3:4:4:4:2:,recombination,3272.7102722319814,4:4:3:4:4:2:1:4:4,4:2:4:4:4:4:3:4:4,MUTATE
4:2:4:4:4:4:4:4:4:,recombination,3500.173576690632,4:4:2:4:4:2:1:4:4,3:1:4:4:2:4:4:4:1
4:2:4:3:1:4:4:4:3:,clone,3949.30176040461,4:2:4:3:1:4:4:4:3
4:1:4:4:2:4:4:4:3:,recombination,3376.810377414972,3:1:4:2:0:4:4:4:1,4:4:3:4:4:1:2:4:4,MUTATE
1:1:4:4:1:4:4:4:0:,recombination,4425.73905118534,3:2:4:4:2:3:4:4:2,3:2:4:4:4:2:3:4:3,MUTATE
1:1:4:2:0:4:4:4:0:,clone,3799.7350429858834,1:1:4:1:0:4:4:4:0
4:2:4:4:2:4:4:4:2:,recombination,3574.2852691739226,4:4:1:4:4:0:0:0:4,4:3:4:4:4:2:3:3:4,MUTATE
4:4:4:4:4:0:1:1:4:,clone,3336.06245559929,4:4:4:4:4:0:1:1:4
3:2:4:3:1:3:4:4:2:,recombination,3910.1630804642737,3:2:4:4:2:3:4:4:2,4:3:4:4:4:2:3:4:4,MUTATE
3:1:4:3:0:4:4:4:2:,recombination,4658.579704252939,4:2:4:4:4:3:4:4:3,4:4:4:4:4:3:2:4:4,MUTATE
4:2:4:4:1:4:4:4:3:,clone,4724.927168430383,4:2:4:4:1:4:4:4:3
4:4:4:4:4:1:1:1:4:,clone,3543.342121785491,4:4:4:4:4:1:1:1:4
3:2:4:4:4:3:3:4:3:,clone,3909.733614034418,3:2:4:4:4:3:3:4:3
4:2:4:4:1:4:4:4:3:,clone,4523.024070415314,4:2:4:4:1:4:4:4:3
3:2:4:4:4:3:3:4:3:,recombination,3847.5459504542537,3:1:4:4:2:4:4:4:2,3:2:4:4:4:3:3:4:3
4:2:4:4:2:3:4:4:4:,recombination,4279.789044269436,4:2:4:4:2:3:4:4:4,4:2:4:4:4:3:3:4:3,MUTATE
3:2:4:4:4:3:3:4:3:,recombination,3763.1650837911684,1:1:4:2:0:4:4:4:0,4:2:4:4:4:1:3:4:4,MUTATE
3:1:4:2:1:4:4:4:1:,clone,3436.7858658965756,3:1:4:2:1:4:4:4:1
4:2:4:4:2:4:4:4:2:,recombination,3344.930087122277,4:2:4:4:2:4:4:4:2,4:2:4:3:2:3:4:4:3,MUTATE
3:2:4:4:4:3:3:4:3:,clone,3719.5468714527588,3:2:4:4:4:3:3:4:3
2:1:4:2:0:4:4:4:1:,clone,3367.8134691257446,2:1:4:2:0:4:4:4:1
4:2:4:4:2:3:4:4:4:,clone,4268.474820383389,4:2:4:4:2:3:4:4:4
4:2:4:4:1:4:4:4:3:,recombination,4409.211993277341,4:2:4:4:1:4:4:4:3,4:2:4:4:2:4:4:4:3,MUTATE
3:2:4:4:4:3:3:4:3:,clone,3547.5557123570266,3:2:4:4:4:3:3:4:3
3:1:4:3:0:4:4:4:2:,recombination,4599.193684146547,3:2:4:4:1:4:4:4:2,4:2:4:4:4:3:4:4:4
3:2:4:2:0:4:4:4:2:,recombination,4053.6641173923517,2:2:4:4:2:4:4:4:1,4:2:4:4:1:4:4:4:3,MUTATE
2:2:4:3:1:4:4:4:2:,recombination,5248.490286826366,3:2:4:4:1:4:4:4:2,2:1:4:4:1:4:4:4:1
2:1:4:3:0:4:4:4:1:,recombination,4063.5497045055413,4:4:4:4:4:1:1:4:4,4:4:3:4:4:0:0:1:4,MUTATE
2:1:4:4:3:3:4:4:2:,clone,4040.5958810698203,2:1:4:4:4:3:4:4:2
3:2:4:4:4:3:3:4:2:,recombination,3399.3919949919655,3:2:4:4:4:3:3:4:3,3:2:4:3:1:4:4:4:2,MUTATE
3:2:4:2:0:4:4:4:2:,clone,3894.0402685287177,3:2:4:2:0:4:4:4:2
3:2:4:3:0:4:4:4:2:,clone,4107.199104617464,3:2:4:3:0:4:4:4:2
1:1:4:3:0:4:4:4:0:,recombination,4104.573256857178,4:2:4:4:4:3:3:4:4,2:1:4:3:0:4:4:4:1,MUTATE
4:2:4:3:2:4:4:4:3:,recombination,3729.02468737952,4:4:4:4:4:2:1:4:4,4:4:4:4:4:1:3:4:4,MUTATE
1:1:4:3:0:4:4:4:0:,clone,4100.425735243069,1:1:4:3:0:4:4:4:0
4:2:4:4:2:3:4:4:4:,recombination,4160.000566871597,4:4:4:4:4:1:3:4:4,4:3:4:4:4:3:3:4:4,MUTATE
4:2:4:4:2:3:4:4:4:,recombination,4128.580583985694,4:2:4:4:2:3:4:4:4,4:3:4:4:4:2:2:4:4
3:1:4:3:2:3:4:4:2:,recombination,4101.270595817179,3:1:4:4:2:4:4:4:2,4:2:4:4:2:3:4:4:4,MUTATE
2:2:4:4:3:4:4:4:2:,recombination,4418.749201565529,2:2:4:3:1:4:4:4:2,4:4:4:4:4:0:0:3:4,MUTATE
3:2:4:3:2:3:4:4:2:,clone,4131.408588847185,3:1:4:3:2:3:4:4:2
4:1:4:4:4:4:4:4:3:,recombination,4049.863301408239,2:1:4:4:2:4:4:4:1,4:4:2:4:4:2:1:4:4
4:4:4:4:4:1:2:2:4:,clone,4280.43826545871,4:4:4:4:4:1:2:2:4
2:1:4:4:2:4:4:4:0:,clone,4075.0344695067324,2:1:4:2:0:4:4:4:0
4:4:4:4:4:1:2:2:4:,recombination,4044.165232199762,4:2:4:4:4:4:3:4:4,4:4:4:4:4:0:0:1:4
3:2:4:4:4:4:4:4:3:,recombination,4043.7790353367895,4:3:4:4:4:2:1:4:4,3:2:4:4:4:3:3:4:2
2:1:4:3:0:4:4:4:0:,recombination,4074.228809159055,4:4:3:4:4:2:1:4:4,2:1:4:3:0:4:4:4:0,MUTATE
2:2:4:4:1:4:4:4:2:,recombination,4923.379967403363,3:2:4:4:4:3:3:4:3,4:3:4:4:4:2:3:4:4
2:1:4:3:0:4:4:4:0:,clone,4057.079016933871,2:1:4:3:0:4:4:4:0
2:1:4:3:0:4:4:4:0:,clone,4034.7395043219335,2:1:4:3:0:4:4:4:0
1:1:4:4:2:4:4:4:1:,recombination,5339.675846149191,4:4:4:4:4:3:2:4:4,2:1:4:2:1:4:4:4:0,MUTATE
1:1:4:4:2:4:4:4:1:,clone,5339.67584614919,1:1:4:4:2:4:4:4:1
3:2:4:4:1:4:4:4:2:,recombination,4330.991598497946,4:3:4:4:4:1:1:4:4,3:2:4:4:4:3:3:4:2,MUTATE
2:2:4:3:2:4:4:4:1:,recombination,4025.2456845502056,4:3:4:4:4:3:2:4:4,3:2:4:4:3:3:4:4:3
4:1:4:4:4:3:4:4:3:,recombination,4000.34876537132,4:3:4:4:4:3:3:4:4,4:2:4:4:4:2:3:3:4,MUTATE
2:1:4:3:0:4:4:4:1:,recombination,4056.8468277309985,2:1:4:4:4:3:4:4:2,3:2:4:4:3:3:4:4:2,MUTATE
3:2:4:4:4:3:4:4:2:,clone,3542.1772078195677,3:2:4:4:4:3:4:4:2
2:1:4:4:1:4:4:4:1:,recombination,4264.300279048818,4:4:2:4:4:2:1:4:4,1:1:4:3:0:4:4:4:0
3:1:4:4:2:4:4:4:1:,recombination,3775.561459876727,2:1:4:4:1:4:4:4:1,4:2:4:3:2:4:4:4:3,MUTATE
3:1:4:4:1:3:4:4:2:,clone,4363.027556900653,3:1:4:4:1:3:4:4:2
3:2:4:4:2:4:4:4:2:,recombination,3383.8447919714486,4:1:4:4:4:4:4:4:3,4:2:4:4:4:2:3:4:4
2:1:4:4:1:4:4:4:2:,clone,5483.210013979846,2:1:4:4:1:3:4:4:2
3:1:4:3:1:4:4:4:2:,clone,3355.936116743848,3:1:4:3:1:4:4:4:2
2:1:4:2:1:4:4:4:1:,recombination,3266.981873924929,3:2:4:4:2:4:4:4:2,3:2:4:3:2:4:4:4:2,MUTATE
3:1:4:3:1:4:4:4:1:,clone,3266.9818739249285,3:1:4:3:1:4:4:4:1
2:1:4:4:1:4:4:4:2:,clone,4755.312373067169,2:1:4:4:1:4:4:4:2
3:1:4:3:2:3:4:4:2:,recombination,3878.109076959983,4:2:4:4:4:3:4:4:3,2:1:4:2:0:4:4:4:1
3:1:4:4:2:4:4:4:1:,recombination,3738.7273407371786,1:1:4:3:0:4:4:4:0,3:1:4:4:3:3:4:4:2
2:2:4:4:1:4:4:4:2:,clone,4756.541599858678,2:1:4:4:1:4:4:4:2
3:2:4:4:3:3:4:4:3:,recombination,3777.08572337847,4:4:3:4:4:1:2:4:4,3:2:4:4:3:3:4:4:2,MUTATE
3:2:4:4:3:3:4:4:3:,clone,3647.746467047339,3:2:4:4:3:3:4:4:3
4:2:4:4:2:3:4:4:3:,recombination,3288.023356586047,4:4:3:4:4:0:0:3:4,4:3:4:4:4:0:1:2:4,MUTATE
4:2:4:4:3:3:4:4:4:,recombination,3442.7752081294766,4:3:4:4:4:1:1:2:4,4:2:4:4:4:1:2:3:4
4:2:4:3:1:4:4:4:3:,recombination,3871.5873056884393,4:3:4:4:4:1:1:2:4,4:4:4:4:4:2:2:4:4,MUTATE
3:1:4:2:1:4:4:4:2:,recombination,3379.5281850301612,4:2:4:4:4:2:2:4:4,4:3:4:4:4:3:3:4:4,MUTATE
3:1:4:2:0:4:4:4:2:,recombination,3798.434977599332,3:2:4:4:2:4:4:4:2,2:2:4:3:0:4:4:4:1,MUTATE
1:1:4:3:1:4:4:4:0:,recombination,3742.1649965418724,3:2:4:4:4:3:4:4:2,4:3:3:4:4:2:2:4:4,MUTATE
3:2:4:3:2:3:4:4:2:,recombination,3682.8666487126625,1:1:4:4:2:4:4:4:0,3:2:4:4:4:3:3:4:3,MUTATE
2:1:4:4:3:3:4:4:1:,recombination,4061.238146659809,4:2:4:4:4:2:3:4:4,1:1:4:4:2:4:4:4:0,MUTATE
1:1:4:2:0:4:4:4:0:,recombination,3741.0204510744225,4:4:4:4:4:2:2:4:4,2:1:4:4:1:4:4:4:1
2:1:4:2:1:4:4:4:0:,clone,3249.68962208812,2:1:4:2:1:4:4:4:0
2:1:4:2:1:4:4:4:0:,clone,3231.3143151483655,2:1:4:2:1:4:4:4:0
3:2:4:4:3:4:4:4:2:,recombination,3461.4413287554776,2:1:4:2:0:4:4:4:1,3:2:4:3:1:4:4:4:2
2:1:4:3:1:4:4:4:0:,recombination,3634.953473353679,0:1:4:3:0:4:4:4:0,4:3:4:4:4:1:1:2:4
2:1:4:2:0:4:4:4:0:,recombination,3170.662626927521,1:1:4:3:1:4:4:4:0,4:4:4:4:4:1:3:4:4
3:2:4:4:3:4:4:4:2:,recombination,3432.4953352422067,4:2:4:4:4:4:4:4:4,3:2:4:4:3:4:4:4:2,MUTATE
2:1:4:3:2:4:4:4:0:,recombination,3568.6257264350056,4:4:4:4:4:1:2:3:4,2:1:4:2:1:4:4:4:0,MUTATE
2:1:4:1:0:4:4:4:0:,clone,3283.6969514290145,1:1:4:2:0:4:4:4:0
2:1:4:3:1:4:4:4:0:,clone,3404.244254189286,2:1:4:3:1:4:4:4:0
2:1:4:4:3:4:4:4:1:,clone,3664.811887086341,2:1:4:4:3:4:4:4:1
3:1:4:4:2:4:4:4:1:,recombination,3700.866577069629,2:1:4:2:0:4:4:4:0,3:1:4:4:3:4:4:4:2
2:1:4:2:0:4:4:4:1:,recombination,3283.6969514290154,3:2:4:4:3:3:4:4:2,4:3:4:4:4:4:4:4:4,MUTATE
2:1:4:2:1:4:4:4:1:,clone,3214.65074165216,2:1:4:2:1:4:4:4:1
3:2:4:4:4:4:4:4:2:,recombination,3570.6909116513516,4:1:4:3:1:4:4:4:2,1:1:4:1:0:4:4:4:0,MUTATE
3:2:4:4:4:4:4:4:2:,clone,3483.298850102028,3:2:4:4:4:4:4:4:2
3:2:4:4:3:4:4:4:2:,recombination,3269.916356702879,3:2:4:4:4:4:4:4:2,3:2:4:4:4:3:3:4:3,MUTATE
3:2:4:4:4:3:3:4:2:,recombination,3293.9659388804853,3:1:4:2:1:4:4:4:1,4:3:4:4:4:0:1:1:4,MUTATE
2:1:4:3:0:4:4:4:1:,clone,4030.5373980199515,2:1:4:3:0:4:4:4:1
4:1:4:4:3:4:4:4:2:,clone,3545.1861146283595,3:2:4:4:3:4:4:4:2
4:1:4:4:3:4:4:4:2:,clone,3540.357296407857,4:1:4:4:3:4:4:4:2
2:1:4:3:2:3:4:4:1:,clone,3730.7218505969054,2:1:4:4:2:3:4:4:1
4:4:1:4:4:1:0:3:4:,clone,3283.696951429015,4:4:4:4:4:0:0:1:4
3:2:4:3:2:4:4:4:2:,clone,3593.967556006676,3:2:4:3:2:4:4:4:2
4:4:1:4:4:0:0:1:4:,clone,3282.831728932008,4:4:1:4:4:0:0:1:4
4:4:2:4:4:1:1:3:4:,recombination,3271.020768117672,4:3:4:4:4:1:2:2:4,4:4:4:4:4:1:1:4:4
2:2:4:2:0:4:4:4:1:,recombination,4387.95176473192,4:2:4:3:1:4:4:4:3,4:2:4:4:4:4:4:4:4,MUTATE
3:2:4:4:2:4:4:4:3:,recombination,4472.737184050973,2:1:4:4:4:3:4:4:2,4:3:3:4:4:2:2:4:4,MUTATE
2:2:4:4:1:4:4:4:1:,clone,4283.079823553488,2:2:4:4:1:4:4:4:1
4:4:3:4:4:1:0:4:4:,clone,3255.1923228775904,4:4:3:4:4:1:1:4:4
2:2:4:3:0:4:4:4:1:,recombination,4237.235476789954,3:1:4:2:1:4:4:4:2,1:1:4:2:0:4:4:4:0,MUTATE
4:4:4:4:4:0:0:1:4:,recombination,3007.8606798898318,4:4:3:4:4:1:1:4:4,2:1:4:4:2:4:4:4:1,MUTATE
3:2:4:4:2:3:4:4:3:,recombination,4345.893298515368,4:2:4:4:3:3:4:4:3,2:1:4:2:0:4:4:4:1
3:2:4:4:1:3:4:4:2:,recombination,4393.322957731521,2:1:4:3:1:4:4:4:1,1:1:4:2:1:4:4:4:0
3:1:4:3:0:4:4:4:2:,recombination,4403.031006316902,3:2:4:4:4:4:4:4:2,4:3:4:4:4:2:3:3:4,MUTATE
3:1:4:3:0:4:4:4:2:,recombination,4328.532200251635,3:1:4:2:0:4:4:4:1,1:1:4:1:0:4:4:4:0,MUTATE
2:1:4:3:1:3:4:4:1:,recombination,3785.694801985165,4:3:3:4:4:2:2:4:4,3:2:4:4:3:3:4:4:2,MUTATE
1:1:4:3:0:4:4:4:0:,clone,4075.3219114162616,2:1:4:2:0:4:4:4:0
4:1:4:4:3:4:4:4:3:,recombination,3486.7303272968916,4:4:3:4:4:0:0:2:4,1:1:4:4:3:4:4:4:1
3:2:4:4:1:4:4:4:3:,recombination,4872.899426564853,4:4:4:4:4:0:1:2:4,4:4:4:4:4:1:1:4:4
3:2:4:4:2:4:4:4:3:,clone,4427.0455619000495,3:2:4:4:1:4:4:4:3
3:2:4:4:3:3:4:4:2:,clone,3243.1873268271684,3:2:4:4:3:3:4:4:2
3:2:4:4:3:3:4:4:2:,clone,3207.8387479407866,3:2:4:4:3:3:4:4:2
3:1:4:4:4:3:3:4:2:,clone,3400.147750606976,3:1:4:4:3:3:4:4:2
1:1:4:3:2:4:4:4:0:,clone,4102.2522324005595,2:1:4:3:1:4:4:4:0
3:2:4:3:2:4:4:4:2:,clone,3483.6336098505926,3:2:4:3:2:4:4:4:2
3:2:4:4:3:4:4:4:3:,clone,3978.0916427343877,3:2:4:4:3:4:4:4:3
3:2:4:4:3:4:4:4:3:,clone,3940.967920515806,3:2:4:4:3:4:4:4:3
3:1:4:4:4:3:4:4:2:,clone,3770.530144936364,3:1:4:4:4:4:4:4:2
4:2:4:4:4:4:3:4:3:,recombination,3355.22930703347,4:2:4:4:4:3:3:4:4,4:3:4:4:4:1:2:2:4
4:2:4:4:2:4:4:4:4:,recombination,3881.1691679776145,3:2:4:4:4:3:3:4:2,4:2:4:4:4:2:4:4:4
3:2:4:3:1:4:4:4:2:,recombination,3624.667208958395,2:1:4:3:1:4:4:4:1,2:1:4:2:0:4:4:4:0,MUTATE
3:1:4:3:2:3:4:4:2:,recombination,3791.4036770908833,2:2:4:4:1:4:4:4:1,2:1:4:4:4:3:4:4:2,MUTATE
0:1:4:3:0:4:4:4:0:,recombination,5993.908751960365,4:4:4:4:4:0:0:0:4,2:2:4:4:3:4:4:4:2,MUTATE
1:1:4:3:0:4:4:4:0:,clone,4034.86139058058,1:1:4:3:0:4:4:4:0
4:2:4:4:3:3:4:4:3:,recombination,3269.352954153499,2:2:4:3:1:4:4:4:1,1:1:4:3:1:4:4:4:0
4:2:4:4:3:3:4:4:3:,clone,3217.1697846254024,4:2:4:4:3:3:4:4:3
4:2:4:4:4:3:3:4:3:,clone,3250.2493045588762,4:2:4:4:4:3:3:4:3
4:2:4:4:4:3:4:4:3:,clone,3299.210690373689,4:2:4:4:3:3:4:4:3
4:2:4:4:3:3:4:4:3:,recombination,3117.7670235553273,4:2:4:4:4:3:3:4:4,4:4:4:4:4:0:0:3:4
3:1:4:3:2:3:4:4:2:,clone,3354.146662108045,3:1:4:3:2:3:4:4:2
2:1:4:3:2:3:4:4:1:,clone,3343.3532949288483,2:1:4:3:2:3:4:4:1
4:2:4:4:4:3:3:4:4:,recombination,3047.552693135369,4:4:3:4:4:2:1:4:4,4:2:4:4:4:3:3:4:4
1:1:4:3:2:4:4:4:0:,recombination,3902.223896063062,3:1:4:4:4:3:4:4:2,4:4:4:4:4:1:3:4:4
1:1:4:3:1:4:4:4:0:,clone,3728.1434373611473,2:1:4:3:1:4:4:4:0
1:1:4:2:1:4:4:4:0:,clone,3414.4914919885537,1:1:4:2:1:4:4:4:0
1:1:4:2:1:4:4:4:0:,clone,3410.961049776864,1:1:4:2:1:4:4:4:0
1:1:4:2:0:4:4:4:0:,clone,3724.845930403538,1:1:4:2:0:4:4:4:0
1:1:4:2:0:4:4:4:0:,recombination,3642.540701419102,2:1:4:2:0:4:4:4:0,4:3:4:4:4:2:3:4:4,MUTATE
1:1:4:2:0:4:4:4:0:,clone,3432.6492689265283,1:1:4:2:0:4:4:4:0
1:1:4:2:0:4:4:4:0:,clone,3392.0104068619607,1:1:4:2:0:4:4:4:0
4:4:4:4:4:1:1:3:4:,recombination,3168.741236202364,4:3:3:4:4:2:2:4:4,3:1:4:2:1:4:4:4:1,MUTATE
3:1:4:2:1:4:4:4:1:,recombination,3392.2558262611096,2:1:4:3:0:4:4:4:0,2:2:4:4:1:4:4:4:2,MUTATE
3:1:4:3:2:4:4:4:2:,recombination,3298.2098988933853,4:4:4:4:4:2:2:4:4,4:4:4:4:4:1:2:4:4,MUTATE
3:2:4:3:2:4:4:4:2:,recombination,3406.5689767521194,4:3:4:4:4:2:2:4:4,3:1:4:2:1:4:4:4:1,MUTATE
4:2:4:3:2:4:4:4:3:,clone,3406.56897675212,4:2:4:3:2:4:4:4:3
2:1:4:3:1:4:4:4:2:,recombination,5578.237415445208,3:2:4:4:3:3:4:4:2,2:1:4:4:4:4:4:4:2
4:2:4:4:4:4:4:4:3:,recombination,3461.087807272646,4:4:4:4:4:1:1:4:4,4:4:4:4:4:1:1:3:4,MUTATE
0:1:4:3:0:4:4:4:0:,recombination,5941.394496631627,3:2:4:4:1:4:4:4:2,4:4:4:4:4:0:0:0:4
2:1:4:4:4:4:4:4:1:,recombination,4072.9187541219467,3:2:4:4:4:3:3:4:2,2:1:4:4:2:4:4:4:1,MUTATE
4:1:4:4:3:3:4:4:3:,clone,3586.7005803907414,4:1:4:4:3:3:4:4:3
3:1:4:4:3:4:4:4:2:,recombination,3344.648911973526,4:4:4:4:4:1:2:4:4,4:2:4:4:4:3:4:4:3
4:1:4:3:1:4:4:4:2:,recombination,3520.5998808764048,2:1:4:2:1:4:4:4:0,4:2:4:4:4:3:4:4:3,MUTATE
3:1:4:4:4:3:4:4:2:,clone,3643.2463634051333,3:1:4:4:4:3:4:4:2
1:1:4:3:1:4:4:4:0:,recombination,3686.21264970061,2:1:4:3:2:4:4:4:0,4:4:4:4:4:1:1:3:4
1:1:4:3:1:4:4:4:0:,recombination,3451.0485200652365,4:4:3:4:4:2:1:4:4,4:3:3:4:4:2:2:4:4
2:1:4:4:4:3:4:4:1:,clone,3995.7469754122317,2:1:4:4:4:3:4:4:1
2:1:4:4:4:3:3:4:1:,recombination,3502.911768270823,4:4:4:4:4:0:1:3:4,4:2:4:4:4:2:4:4:4
4:2:4:4:2:3:4:4:4:,recombination,4054.7197296225386,4:3:4:4:4:2:2:4:4,4:2:4:4:3:4:4:4:3
3:2:4:4:2:3:4:4:3:,recombination,4227.631661924197,1:1:4:1:0:4:4:4:0,2:1:4:3:1:4:4:4:1,MUTATE
2:1:4:3:1:3:4:4:1:,recombination,3768.2192841484257,3:2:4:4:1:3:4:4:2,4:3:4:4:4:2:2:4:4
2:1:4:3:1:3:4:4:1:,clone,3743.654089516229,2:1:4:3:1:3:4:4:1
2:1:4:3:1:3:4:4:1:,clone,3743.654089516228,2:1:4:3:1:3:4:4:1
3:1:4:3:1:3:4:4:2:,recombination,3687.4605713411574,4:2:4:4:3:3:4:4:3,2:2:4:4:1:4:4:4:1
3:1:4:3:1:3:4:4:2:,recombination,3678.867386196493,3:1:4:4:3:4:4:4:2,2:1:4:3:1:4:4:4:1
4:2:4:4:2:4:4:4:3:,clone,3219.469101118796,4:2:4:4:2:4:4:4:3
3:1:4:4:2:4:4:4:2:,recombination,3421.7207196555605,4:2:4:4:2:4:4:4:3,4:2:4:4:3:4:4:4:3,MUTATE
3:1:4:4:2:4:4:4:1:,clone,3631.052509871341,3:1:4:4:2:4:4:4:1
3:2:4:4:4:3:4:4:2:,clone,3454.2487108941086,3:2:4:4:4:3:4:4:2
3:2:4:4:4:3:4:4:3:,recombination,3873.330749936044,2:1:4:4:4:3:3:4:1,1:1:4:2:1:4:4:4:0
3:1:4:2:1:4:4:4:1:,clone,3283.696951429015,2:1:4:3:1:4:4:4:1
4:4:4:4:4:2:2:4:4:,recombination,3097.9378275739336,2:1:4:4:2:4:4:4:2,4:3:4:4:4:1:2:1:4
3:1:4:4:2:4:4:4:1:,clone,3604.801035553123,2:1:4:4:2:4:4:4:1
1:1:4:1:0:4:4:4:0:,clone,3211.5456086839717,1:1:4:1:0:4:4:4:0
3:1:4:4:2:4:4:4:1:,clone,3593.1675220243474,3:1:4:4:2:4:4:4:1
2:1:4:3:1:4:4:4:0:,recombination,3367.5028447796985,3:2:4:4:4:3:3:4:3,2:2:4:4:3:4:4:4:1
2:1:4:4:1:4:4:4:1:,clone,4250.474978217136,2:1:4:3:1:4:4:4:1
2:1:4:4:3:4:4:4:1:,recombination,3614.5112188044227,3:2:4:4:3:4:4:4:2,1:1:4:4:1:4:4:4:0,MUTATE
2:1:4:4:3:4:4:4:1:,clone,3383.2290134052405,2:1:4:4:3:4:4:4:1
4:4:4:4:4:0:1:1:4:,recombination,3299.9250307375733,4:3:4:4:4:2:2:3:4,4:2:4:4:2:4:4:4:3,MUTATE
2:1:4:4:2:4:4:4:0:,clone,3782.769110358747,2:1:4:4:2:4:4:4:0
4:4:4:4:4:0:1:4:4:,recombination,3068.685790560319,4:3:3:4:4:2:2:4:4,2:1:4:2:1:4:4:4:0,MUTATE
4:1:4:4:3:3:4:4:3:,recombination,3302.8468079707986,4:3:4:4:4:4:3:4:4,4:2:4:4:4:3:4:4:3
3:2:4:4:4:4:4:4:2:,recombination,3420.1168646193087,4:1:4:3:2:3:4:4:3,4:4:4:4:4:0:1:3:4
2:1:4:1:0:4:4:4:0:,clone,3237.5228560062747,2:1:4:1:0:4:4:4:0
3:2:4:4:3:3:4:4:3:,clone,3415.946250108195,4:2:4:4:3:3:4:4:3
4:4:4:4:4:0:0:4:4:,clone,3086.933417011045,4:4:4:4:4:0:0:4:4
4:2:4:3:1:4:4:4:3:,recombination,3448.034140522979,4:4:4:4:4:0:1:1:4,2:1:4:4:4:4:4:4:1,MUTATE
1:1:4:1:0:4:4:4:0:,recombination,3183.930106242167,1:1:4:2:1:4:4:4:0,2:1:4:4:4:3:4:4:2,MUTATE
1:1:4:1:0:4:4:4:0:,clone,3181.980940861031,1:1:4:1:0:4:4:4:0
4:1:4:4:4:3:4:4:3:,recombination,3902.069392112953,4:3:4:4:4:2:2:3:4,4:4:4:4:4:2:2:4:4
3:1:4:3:1:4:4:4:2:,recombination,3186.4958019132387,4:2:4:3:1:4:4:4:3,4:2:4:4:2:4:4:4:3,MUTATE
3:1:4:2:0:4:4:4:1:,clone,3420.670045430111,3:1:4:2:0:4:4:4:1
2:1:4:1:0:4:4:4:0:,clone,3217.64332352959,2:1:4:1:0:4:4:4:0
2:1:4:3:1:4:4:4:0:,clone,3325.4949710736046,2:1:4:3:1:4:4:4:0
3:2:4:4:4:4:3:4:3:,clone,4543.323679845705,3:2:4:4:4:4:4:4:3
2:2:4:4:3:4:4:4:1:,recombination,4033.06880349953,3:1:4:2:1:4:4:4:1,2:1:4:3:0:4:4:4:0,MUTATE
2:2:4:3:2:4:4:4:1:,recombination,3865.6793268301053,4:4:4:4:4:0:1:2:4,3:1:4:4:2:4:4:4:2
3:2:4:4:4:3:4:4:3:,recombination,3726.47229551283,1:1:4:3:0:4:4:4:1,4:3:4:4:4:2:2:4:4
4:2:4:4:4:3:3:4:3:,clone,3213.617926390038,4:2:4:4:4:3:3:4:3
4:2:4:4:4:3:3:4:3:,clone,3137.6713399477367,4:2:4:4:4:3:3:4:3
3:1:4:4:4:3:3:4:2:,recombination,3279.6086103787015,3:2:4:4:4:3:4:4:2,4:4:4:4:4:0:1:3:4,MUTATE
4:1:4:4:3:4:4:4:2:,recombination,3485.6223926356442,4:2:4:4:4:2:3:4:4,4:4:4:4:4:0:0:3:4,MUTATE
3:1:4:3:2:4:4:4:2:,recombination,3283.696951429016,4:3:4:4:4:2:3:4:4,1:1:4:4:1:4:4:4:1,MUTATE
3:1:4:3:2:4:4:4:1:,clone,3216.869840427863,3:1:4:3:2:4:4:4:1
3:1:4:4:2:4:4:4:2:,recombination,3416.3830007446786,4:2:4:4:4:2:3:4:4,4:2:4:4:2:4:4:4:3
4:4:4:4:4:0:0:4:4:,clone,3068.397386219066,4:4:4:4:4:0:0:4:4
3:1:4:4:4:3:4:4:2:,recombination,3520.202953595943,2:1:4:3:1:4:4:4:0,2:2:4:4:2:4:4:4:2,MUTATE
3:1:4:3:0:4:4:4:1:,clone,4073.390677538353,3:1:4:2:0:4:4:4:1
3:1:4:4:4:3:4:4:2:,recombination,3262.6225305730222,2:1:4:3:0:4:4:4:1,4:4:4:4:4:1:2:3:4,MUTATE
3:2:4:4:4:3:4:4:2:,clone,3219.3363525460263,3:1:4:4:4:3:4:4:2
4:2:4:4:4:2:2:4:4:,clone,3236.32805627338,4:2:4:4:4:2:2:4:4
3:1:4:4:2:4:4:4:2:,recombination,3257.601251486425,2:1:4:3:1:4:4:4:1,4:4:4:4:4:1:2:4:4
4:4:4:4:4:2:2:3:4:,clone,4146.7262072319745,4:4:4:4:4:2:2:3:4
4:2:4:4:4:3:2:4:4:,recombination,3668.546892108065,4:2:4:4:4:2:2:4:4,4:4:4:4:4:1:2:2:4
4:4:4:4:4:0:1:0:4:,clone,3501.5921244397696,4:4:4:4:4:0:1:0:4
2:2:4:4:4:3:3:4:2:,recombination,4383.138127357358,4:2:4:4:4:1:3:3:4,3:1:4:4:4:4:3:4:2
3:1:4:4:2:4:4:4:1:,recombination,3573.5628406880837,4:3:4:4:4:2:3:4:4,2:2:4:4:4:4:4:4:2,MUTATE
4:2:4:4:4:3:2:4:4:,recombination,3394.373744592629,4:2:4:4:2:4:4:4:4,3:1:4:4:3:4:4:4:1
3:1:4:2:1:4:4:4:2:,clone,3283.6969514290145,2:1:4:4:2:4:4:4:1
2:1:4:4:2:3:4:4:2:,recombination,4610.043787959904,4:2:4:4:4:2:2:4:4,3:2:4:4:2:4:4:4:3,MUTATE
2:1:4:2:0:4:4:4:1:,clone,3269.8655437477023,2:1:4:2:0:4:4:4:1
2:1:4:4:3:4:4:4:2:,clone,4188.175398809532,3:1:4:4:3:4:4:4:2
2:1:4:4:4:3:4:4:2:,recombination,4093.0471935251244,1:1:4:1:0:4:4:4:0,4:2:4:4:3:3:4:4:3,MUTATE
4:2:4:4:4:4:4:4:3:,recombination,3420.759196227955,4:4:4:4:4:1:2:4:4,3:2:4:4:4:4:4:4:3,MUTATE
2:2:4:4:2:4:4:4:1:,recombination,3529.2419330379744,3:2:4:4:4:3:4:4:2,4:2:4:4:4:1:3:4:4
1:1:4:4:2:4:4:4:0:,recombination,3973.875457342782,1:1:4:3:0:4:4:4:0,3:2:4:4:3:4:4:4:2,MUTATE
1:1:4:4:2:4:4:4:0:,clone,3878.839911967106,2:1:4:3:2:4:4:4:0
2:2:4:4:2:3:4:4:1:,recombination,4866.716168345607,2:1:4:2:1:4:4:4:1,2:1:4:2:0:4:4:4:1
3:1:4:4:3:4:4:4:2:,recombination,3273.9015633301765,4:4:4:4:4:2:3:4:4,2:1:4:3:1:4:4:4:0,MUTATE
2:2:4:4:2:3:4:4:1:,recombination,4504.214059314891,2:1:4:2:1:4:4:4:1,3:1:4:3:1:3:4:4:2
2:2:4:4:3:3:4:4:1:,recombination,4589.765841014044,4:3:4:4:4:2:1:4:4,4:2:4:4:4:3:3:4:4
3:1:4:4:3:4:4:4:2:,clone,3192.491949206402,3:1:4:4:3:4:4:4:2
2:2:4:4:3:3:4:4:1:,recombination,4532.697882153257,2:2:4:4:2:3:4:4:1,4:3:4:4:4:1:2:3:4
4:4:4:4:4:0:0:0:4:,clone,2906.326636972217,1:1:4:2:0:4:4:4:0
4:4:4:4:4:1:1:3:4:,clone,3077.7812615926723,4:4:4:4:4:1:1:3:4
4:4:4:4:4:1:0:4:4:,clone,3235.651452651346,4:4:4:4:4:1:0:4:4
4:4:4:4:4:1:0:4:4:,clone,3218.383177667955,4:4:4:4:4:1:0:4:4
2:1:4:4:2:4:4:4:1:,clone,3337.592993021763,2:1:4:4:2:4:4:4:1
3:1:4:4:2:4:4:4:1:,recombination,3376.0690140522834,4:3:4:4:4:2:3:4:4,3:1:4:4:3:4:4:4:2,MUTATE
2:1:4:4:2:4:4:4:1:,recombination,3299.4563785738906,2:1:4:4:2:4:4:4:1,4:4:4:4:4:0:0:1:4,MUTATE
3:2:4:4:4:4:4:4:2:,recombination,3401.96596303756,4:2:4:4:3:4:4:4:3,4:2:4:4:4:3:2:4:4
1:1:4:4:2:4:4:4:1:,recombination,5250.598454193824,4:4:2:4:4:1:1:3:4,2:1:4:2:1:4:4:4:1,MUTATE
3:2:4:4:4:4:3:4:2:,clone,3308.3417520624453,3:2:4:4:4:4:3:4:2
4:2:4:4:4:4:3:4:4:,recombination,3249.9375749599494,4:2:4:4:4:3:4:4:3,3:2:4:4:4:4:4:4:2
4:2:4:4:4:4:4:4:4:,clone,3463.096411048697,4:2:4:4:4:4:4:4:4
3:2:4:4:4:4:3:4:2:,clone,3288.454381194654,3:2:4:4:4:4:3:4:2
2:1:4:4:2:4:4:4:1:,clone,3278.701289220831,2:1:4:4:2:4:4:4:1
4:2:4:4:2:3:4:4:4:,recombination,3637.646200150539,3:2:4:4:4:3:3:4:2,4:2:4:3:1:4:4:4:3
3:2:4:4:4:3:3:4:2:,recombination,3113.425587381178,2:1:4:4:4:3:4:4:2,4:2:4:4:4:4:4:4:4,MUTATE
1:1:4:4:2:4:4:4:1:,clone,5236.487258243223,1:1:4:4:2:4:4:4:1
4:2:4:4:4:4:4:4:3:,clone,3274.2593268959945,4:2:4:4:4:4:4:4:3
4:1:4:4:4:4:4:4:3:,recombination,3764.7517848018824,4:4:4:4:4:2:2:4:4,4:3:4:4:4:2:3:4:4
2:1:4:4:3:3:4:4:1:,recombination,4032.547990656073,4:2:4:4:4:4:3:4:4,4:2:4:4:4:2:3:4:4,MUTATE
3:2:4:4:4:3:3:4:3:,clone,3520.965705895684,3:2:4:4:4:3:3:4:3
4:1:4:3:2:4:4:4:3:,recombination,3722.7387848757335,4:4:4:4:4:2:2:4:4,4:2:4:4:4:3:4:4:3
3:1:4:2:0:4:4:4:1:,recombination,3283.6969514290154,3:2:4:3:2:4:4:4:2,1:1:4:3:2:4:4:4:0
2:1:4:4:1:4:4:4:0:,clone,4431.192428058552,1:1:4:2:0:4:4:4:0
4:2:4:4:2:4:4:4:4:,recombination,3749.9409744558484,4:4:4:4:4:0:1:1:4,4:2:4:4:2:3:4:4:4,MUTATE
4:3:4:4:4:3:4:4:4:,recombination,3602.3109428262724,1:1:4:3:0:4:4:4:0,3:1:4:3:0:4:4:4:1
4:2:4:4:2:4:4:4:4:,clone,3609.64360454101,4:2:4:4:2:4:4:4:4
4:2:4:4:4:4:3:4:3:,recombination,3329.8334425128296,4:3:4:4:4:2:3:4:4,4:4:4:4:4:0:1:2:4
3:2:4:4:4:4:4:4:3:,recombination,3729.7208168973752,3:2:4:4:1:4:4:4:2,3:2:4:4:2:3:4:4:2
4:4:3:4:4:0:0:0:4:,clone,3134.1464891289875,1:1:4:2:0:4:4:4:0
2:1:4:3:2:4:4:4:1:,recombination,3183.1880142090595,2:1:4:2:0:4:4:4:1,4:3:4:4:4:3:4:4:4,MUTATE
2:1:4:4:4:3:4:4:1:,recombination,3951.068550479059,2:2:4:4:2:3:4:4:1,1:1:4:2:0:4:4:4:0
2:1:4:4:4:3:4:4:1:,clone,3940.0729206204755,2:1:4:4:4:3:4:4:1
2:1:4:4:4:3:4:4:1:,clone,3919.1773190965114,2:1:4:4:4:3:4:4:1
1:1:4:4:3:4:4:4:0:,recombination,4486.133495868137,4:2:4:4:4:3:2:4:4,4:3:4:4:4:2:1:4:4,MUTATE
3:2:4:2:1:4:4:4:2:,recombination,3573.2913352032715,3:2:4:4:4:3:4:4:2,4:4:2:4:4:0:0:3:4,MUTATE
4:4:4:4:4:0:0:1:4:,recombination,2991.4660054855826,3:2:4:4:4:4:3:4:2,2:1:4:4:4:3:4:4:1
4:4:4:4:4:0:0:1:4:,clone,2968.0721571672343,4:4:4:4:4:0:0:1:4
3:2:4:4:4:3:4:4:3:,clone,3597.9026518279366,3:2:4:4:4:3:4:4:3
3:2:4:4:3:4:4:4:3:,clone,3726.6301453269093,3:2:4:4:4:3:4:4:3
4:2:4:4:3:3:4:4:4:,recombination,3424.6404305476212,4:4:4:4:4:0:0:1:4,4:4:4:4:4:0:1:2:4
3:2:4:4:4:4:3:4:3:,recombination,4198.470619224923,2:1:4:3:2:4:4:4:0,1:1:4:3:0:4:4:4:0
3:2:4:4:1:4:4:4:2:,clone,4311.109035222268,3:2:4:4:1:4:4:4:2
4:4:4:4:4:1:2:2:4:,clone,3876.807359304592,4:4:4:4:4:0:1:2:4
1:1:4:4:3:4:4:4:0:,recombination,4055.064840966492,2:1:4:2:1:4:4:4:0,2:2:4:4:4:3:4:4:1
2:1:4:3:1:4:4:4:2:,recombination,5199.34392067593,4:3:3:4:4:2:2:4:4,4:3:4:4:4:1:2:4:4
3:2:4:3:1:4:4:4:2:,recombination,3607.5582969162183,4:4:3:4:4:1:1:4:4,2:1:4:3:2:4:4:4:0,MUTATE
3:2:4:3:1:4:4:4:2:,clone,3607.5582969162174,3:2:4:3:1:4:4:4:2
3:1:4:2:0:4:4:4:2:,recombination,3479.0052766749886,2:1:4:3:1:3:4:4:1,2:1:4:2:1:4:4:4:0
4:3:4:4:4:4:4:4:4:,recombination,4043.0291828743266,4:2:4:3:2:4:4:4:3,2:1:4:4:3:3:4:4:1,MUTATE
4:4:3:4:4:0:0:1:4:,recombination,3193.875738699711,3:2:4:3:1:4:4:4:2,4:2:4:4:4:4:4:4:4,MUTATE
4:2:4:4:4:3:4:4:4:,recombination,3229.3425923363725,4:4:4:4:4:1:2:4:4,1:1:4:1:0:4:4:4:0,MUTATE
4:2:4:4:3:4:4:4:3:,recombination,3288.8767819892246,4:2:4:4:4:3:4:4:4,1:2:4:4:1:4:4:4:1
4:2:4:4:3:4:4:4:3:,clone,3229.3425923363725,4:2:4:4:3:4:4:4:3
4:2:4:4:4:4:3:4:3:,recombination,3214.564948236211,4:4:4:4:4:1:2:3:4,3:2:4:4:3:3:4:4:3,MUTATE
4:2:4:4:3:4:4:4:3:,clone,3227.303159289183,4:2:4:4:3:4:4:4:3
4:2:4:4:3:4:4:4:3:,clone,3214.5649482362105,4:2:4:4:3:4:4:4:3
4:2:4:4:3:4:4:4:3:,clone,3201.8608513816102,4:2:4:4:3:4:4:4:3
3:1:4:4:1:4:4:4:2:,recombination,4288.386154350298,4:3:4:4:4:4:3:4:4,3:1:4:4:2:4:4:4:2,MUTATE
4:4:3:4:4:0:1:3:4:,recombination,3461.737104354296,3:1:4:3:2:4:4:4:2,4:2:4:4:4:3:3:4:4
4:4:1:4:4:0:0:2:4:,recombination,3309.804395417136,3:2:4:4:4:3:3:4:2,4:2:4:4:4:2:3:4:4
4:4:1:4:4:0:0:3:4:,clone,3309.804395417136,4:4:1:4:4:0:0:2:4
4:4:3:4:4:1:1:4:4:,recombination,3201.765137049674,3:1:4:4:1:3:4:4:2,4:3:4:4:4:2:3:4:4,MUTATE
4:4:3:4:4:1:0:3:4:,clone,3113.1713682177888,4:4:3:4:4:0:0:2:4
4:4:3:4:4:1:1:4:4:,clone,3113.1713682177888,4:4:3:4:4:1:1:4:4
4:4:3:4:4:1:0:4:4:,clone,3113.1713682177888,4:4:3:4:4:1:0:4:4
4:4:4:4:4:1:0:4:4:,clone,3201.5096710976472,4:4:3:4:4:1:1:4:4
4:4:4:4:4:1:0:4:4:,clone,3161.788345665933,4:4:3:4:4:1:0:4:4
2:2:4:4:4:3:4:4:2:,clone,4176.560991536412,2:2:4:4:4:3:4:4:2
2:2:4:4:4:3:4:4:1:,recombination,4315.271029082232,1:1:4:1:0:4:4:4:0,3:2:4:4:2:4:4:4:2
1:2:4:4:1:4:4:4:1:,clone,5606.005181515811,2:1:4:3:1:4:4:4:1
4:2:4:4:3:3:4:4:4:,recombination,3350.554498762567,4:3:4:4:4:3:4:4:4,1:1:4:4:2:4:4:4:1
4:2:4:4:2:4:4:4:4:,recombination,3467.1417726687814,4:2:4:4:2:4:4:4:4,4:4:4:4:4:1:0:4:4
3:1:4:4:2:3:4:4:2:,clone,3228.622426529145,3:1:4:3:1:4:4:4:2
4:2:4:3:2:4:4:4:3:,clone,3374.971502582705,4:2:4:4:2:4:4:4:3
3:2:4:3:1:4:4:4:2:,clone,3485.38853985009,3:2:4:3:1:4:4:4:2
4:2:4:3:1:4:4:4:2:,clone,3485.3885398500897,3:2:4:3:1:4:4:4:2
3:1:4:3:2:4:4:4:1:,recombination,3198.0751387457344,4:4:4:4:4:1:1:4:4,4:1:4:3:2:4:4:4:3
2:1:4:4:3:4:4:4:0:,recombination,3716.395435857781,4:4:4:4:4:2:2:4:4,3:2:4:4:1:3:4:4:2,MUTATE
4:4:4:4:4:1:2:1:4:,clone,4170.181882813526,4:4:4:4:4:0:1:1:4
4:4:4:4:4:1:2:1:4:,recombination,4138.480412673423,3:1:4:4:4:3:4:4:2,4:4:3:4:4:2:2:4:4,MUTATE
3:1:4:3:2:4:4:4:1:,clone,3116.7355111253705,3:1:4:3:2:4:4:4:1
1:1:4:1:0:4:4:4:0:,clone,3175.013981295026,1:1:4:1:0:4:4:4:0
2:1:4:4:3:4:4:4:1:,clone,3362.028300516338,2:1:4:4:3:4:4:4:1
2:1:4:4:4:4:4:4:1:,clone,3411.863050627743,2:1:4:4:3:4:4:4:1
3:1:4:4:3:4:4:4:1:,clone,3503.671285284947,3:1:4:4:3:4:4:4:1
3:1:4:4:3:4:4:4:1:,recombination,3464.9547378673315,4:2:4:4:3:3:4:4:4,4:3:4:4:4:1:3:4:4
2:1:4:4:4:3:4:4:1:,recombination,3494.4002781916006,3:2:4:4:4:4:3:4:2,4:4:3:4:4:0:0:0:4
3:1:4:4:3:3:4:4:1:,recombination,3486.011619034286,2:1:4:4:4:3:4:4:1,3:2:4:4:4:3:4:4:3,MUTATE
2:1:4:4:4:3:4:4:1:,clone,3494.4002781916,2:1:4:4:4:3:4:4:1
3:1:4:4:3:3:4:4:1:,clone,3256.899922155897,3:1:4:4:3:3:4:4:1
4:4:4:4:4:0:0:0:4:,clone,2795.603262494186,1:1:4:2:0:4:4:4:0
4:4:4:4:4:0:1:1:4:,clone,3002.6162740012096,4:4:4:4:4:0:1:1:4
4:4:4:4:4:0:1:1:4:,clone,3000.3172791534507,4:4:4:4:4:0:1:1:4
4:4:4:4:4:0:1:2:4:,clone,3021.1273703946135,4:4:4:4:4:0:1:2:4
2:1:4:4:4:3:4:4:1:,clone,3441.997561673961,2:1:4:4:4:3:4:4:1
3:2:4:3:1:4:4:4:1:,clone,4174.655241978977,3:2:4:3:1:4:4:4:1
4:1:4:4:2:4:4:4:2:,clone,3290.9341913009393,3:1:4:4:2:4:4:4:2
3:2:4:4:2:4:4:4:3:,recombination,4421.171895535814,2:1:4:4:3:4:4:4:1,4:4:4:4:4:3:3:4:4
3:1:4:4:2:4:4:4:1:,clone,3302.1044642474776,3:1:4:4:2:4:4:4:2
2:1:4:4:3:3:4:4:1:,clone,3885.8115431927936,2:1:4:4:3:3:4:4:1
4:4:4:4:4:1:1:1:4:,clone,3201.5042704507064,4:4:4:4:4:0:0:1:4
3:1:4:2:0:4:4:4:1:,recombination,3224.7516512431685,3:2:4:4:1:4:4:4:2,4:2:4:4:4:3:3:4:3
4:1:4:3:2:4:4:4:2:,recombination,3253.741438579153,4:4:4:4:4:0:1:3:4,2:1:4:4:3:4:4:4:1
4:2:4:3:2:3:4:4:3:,recombination,3253.7414385791517,2:1:4:4:1:4:4:4:1,3:1:4:4:3:4:4:4:1
4:1:4:4:3:4:4:4:2:,recombination,3313.6673945009197,3:2:4:4:3:3:4:4:2,4:3:4:4:4:1:2:3:4
4:1:4:3:1:4:4:4:2:,clone,3468.141791854748,4:1:4:3:1:4:4:4:2
4:1:4:3:2:4:4:4:3:,recombination,3587.4449016731605,2:1:4:2:0:4:4:4:1,2:1:4:3:2:4:4:4:1
4:2:4:4:2:3:4:4:4:,clone,3606.141847325877,4:2:4:4:2:3:4:4:4
1:1:4:3:1:4:4:4:1:,clone,5390.815649074413,2:1:4:3:1:4:4:4:1
1:2:4:3:0:4:4:4:0:,clone,5340.756338098022,1:2:4:3:0:4:4:4:0
1:2:4:3:0:4:4:4:0:,clone,5234.443876399059,1:2:4:3:0:4:4:4:0
2:1:4:2:1:4:4:4:1:,clone,3176.678330793241,2:1:4:2:1:4:4:4:1
2:1:4:2:1:4:4:4:1:,clone,3168.5648253063177,2:1:4:2:1:4:4:4:1
2:1:4:2:0:4:4:4:1:,recombination,3263.4596075381655,4:3:4:4:4:3:4:4:4,3:1:4:4:3:4:4:4:1,MUTATE
4:4:4:4:4:0:1:4:4:,clone,3003.245876711727,4:4:4:4:4:0:1:4:4
2:1:4:2:0:4:4:4:0:,recombination,3168.5648253063177,4:4:4:4:4:0:1:1:4,2:1:4:2:1:4:4:4:1
1:1:4:4:0:4:4:4:0:,clone,6195.541061939333,1:1:4:4:0:4:4:4:0
3:1:4:4:4:4:3:4:2:,recombination,3535.7140886346892,4:2:4:4:2:4:4:4:4,3:2:4:4:2:4:4:4:3
2:1:4:2:0:4:4:4:1:,clone,3257.616890692635,2:1:4:2:0:4:4:4:1
4:1:4:3:1:4:4:4:2:,recombination,3455.182555831735,1:1:4:4:1:4:4:4:0,3:1:4:4:2:4:4:4:1
4:1:4:4:2:3:4:4:3:,clone,4081.322918614909,3:1:4:4:2:4:4:4:2
4:2:4:4:3:4:4:4:3:,recombination,3078.9267064036044,2:1:4:4:4:4:4:4:1,3:1:4:4:2:4:4:4:2
4:1:4:4:2:3:4:4:3:,clone,3895.854000279674,4:1:4:4:2:3:4:4:3
3:2:4:4:1:3:4:4:2:,recombination,4288.9402048279,3:2:4:4:1:3:4:4:2,4:2:4:4:4:1:2:4:4,MUTATE
2:1:4:4:2:3:4:4:1:,recombination,3346.0743212551006,1:1:4:3:0:4:4:4:0,1:1:4:2:0:4:4:4:0
4:2:4:4:4:2:3:4:3:,recombination,3519.581686973176,4:3:4:4:4:3:4:4:4,1:1:4:4:2:4:4:4:1,MUTATE
4:2:4:4:4:1:2:4:4:,recombination,3508.0344303559896,3:2:4:3:1:4:4:4:2,4:2:4:4:4:2:3:4:3
2:2:4:4:3:3:4:4:2:,recombination,3940.9449627455024,1:1:4:3:0:4:4:4:0,3:2:4:4:1:3:4:4:2,MUTATE
2:1:4:4:4:3:3:4:2:,clone,3620.0473757795635,2:1:4:4:4:3:3:4:1
1:1:4:4:1:4:4:4:0:,clone,4374.3681607804165,2:1:4:3:0:4:4:4:0
2:1:4:4:3:3:4:4:2:,clone,3874.314402731086,2:1:4:4:3:3:4:4:2
3:2:4:3:1:4:4:4:2:,recombination,3421.019637787477,4:2:4:4:4:3:4:4:3,3:2:4:4:4:4:4:4:3,MUTATE
4:4:4:4:4:0:0:1:4:,clone,2947.4586107232944,4:4:4:4:4:0:0:1:4
3:1:4:4:1:4:4:4:2:,recombination,4274.878989229333,3:1:4:4:2:4:4:4:1,2:1:4:4:3:4:4:4:1
3:2:4:4:2:4:4:4:2:,clone,3366.305564580184,4:2:4:4:3:3:4:4:3
3:2:4:4:2:4:4:4:2:,recombination,3337.191918111457,2:1:4:3:1:3:4:4:1,3:2:4:4:4:3:4:4:3
3:1:4:4:4:3:3:4:2:,recombination,3252.533315681342,4:2:4:4:4:3:3:4:4,4:4:4:4:4:1:1:1:4,MUTATE
2:1:4:4:3:3:4:4:1:,clone,3824.9787248065,2:1:4:4:3:3:4:4:1
4:4:4:4:4:1:2:4:4:,clone,2991.8659135466505,4:4:4:4:4:1:1:4:4
4:4:4:4:4:0:1:4:4:,clone,2995.5120356095963,4:4:4:4:4:0:1:4:4
4:4:4:4:4:0:1:4:4:,clone,2990.753459846249,4:4:4:4:4:0:1:4:4
4:4:4:4:4:0:1:4:4:,recombination,2936.215559950535,4:2:4:4:4:4:3:4:4,1:1:4:3:1:4:4:4:1
2:2:4:2:1:4:4:4:1:,recombination,3681.9966876263825,4:2:4:4:4:3:4:4:3,3:2:4:3:1:4:4:4:2,MUTATE
4:2:4:4:4:4:4:4:3:,clone,3227.988774805864,4:2:4:4:3:4:4:4:3
3:2:4:4:2:4:4:4:2:,recombination,3238.379657771415,3:2:4:4:3:3:4:4:3,4:1:4:4:3:3:4:4:3
3:1:4:3:2:4:4:4:2:,recombination,3158.9110754240273,3:2:4:4:4:3:4:4:3,4:4:3:4:4:0:0:1:4,MUTATE
3:2:4:4:2:4:4:4:2:,clone,3234.5588853956315,3:1:4:4:3:4:4:4:2
2:1:4:2:0:4:4:4:1:,recombination,3236.8227462910413,3:1:4:4:4:3:4:4:2,3:1:4:3:2:4:4:4:2,MUTATE
4:1:4:4:3:4:4:4:3:,recombination,3335.0989818216826,4:4:4:4:4:2:2:4:4,3:2:4:4:4:3:4:4:3
4:1:4:3:2:4:4:4:3:,clone,3217.6433235295904,4:1:4:3:2:4:4:4:3
2:1:4:2:0:4:4:4:0:,recombination,3117.4326014539965,4:2:4:4:4:3:4:4:3,2:1:4:2:1:4:4:4:0,MUTATE
4:2:4:4:4:4:4:4:4:,clone,3401.1526097211076,4:2:4:4:4:4:4:4:4
4:2:4:3:2:4:4:4:2:,clone,3702.8688814722823,4:1:4:3:2:4:4:4:2
3:1:4:2:1:4:4:4:1:,recombination,3257.356905490624,3:2:4:4:2:4:4:4:2,2:1:4:2:0:4:4:4:1
1:1:4:3:1:4:4:4:1:,clone,4975.434488390728,2:1:4:3:1:4:4:4:1
4:2:4:4:4:2:3:4:4:,clone,3021.8323423434476,4:2:4:4:4:2:3:4:4
2:1:4:2:1:4:4:4:0:,recombination,3162.136398070362,2:2:4:3:2:4:4:4:1,3:2:4:4:4:4:4:4:2
4:3:4:4:4:3:2:4:4:,recombination,3152.8606952419414,3:2:4:3:1:4:4:4:2,2:1:4:4:2:3:4:4:1
2:1:4:4:3:4:4:4:2:,recombination,3924.2381740920696,1:1:4:4:2:4:4:4:0,4:2:4:4:4:4:4:4:4,MUTATE
2:2:4:4:3:4:4:4:2:,clone,4246.377375119562,2:2:4:4:3:4:4:4:2
4:4:4:4:4:0:0:1:4:,clone,2862.129644981879,4:4:4:4:4:0:0:0:4
4:4:4:4:4:1:0:4:4:,clone,2962.2701491003877,4:4:4:4:4:0:0:3:4
4:4:4:4:4:0:0:3:4:,clone,2872.478867461359,4:4:4:4:4:0:0:3:4
4:4:4:4:4:0:0:3:4:,clone,2831.145429863306,4:4:4:4:4:0:0:3:4
4:4:4:4:4:0:0:4:4:,clone,3060.855884842345,4:4:4:4:4:0:0:4:4
4:4:4:4:4:0:0:4:4:,clone,2993.400756512886,4:4:4:4:4:0:0:4:4
1:1:4:1:0:4:4:4:0:,clone,3130.0237648629536,1:1:4:1:0:4:4:4:0
1:1:4:1:0:4:4:4:0:,clone,3063.970136963528,1:1:4:1:0:4:4:4:0
2:2:4:2:0:4:4:4:1:,recombination,4351.459195970079,4:3:4:4:4:3:4:4:4,3:2:4:4:4:3:3:4:3
4:2:4:3:1:4:4:4:2:,clone,3445.55796233364,4:2:4:3:1:4:4:4:2
4:1:4:4:3:4:4:4:3:,clone,3318.672621358983,4:1:4:4:3:4:4:4:3
4:2:4:4:3:3:4:4:4:,clone,3292.020950530132,4:2:4:4:3:3:4:4:3
4:2:4:4:3:3:4:4:4:,clone,3242.868530955671,4:2:4:4:3:3:4:4:4
4:2:4:4:3:3:4:4:4:,clone,3138.066834912418,4:2:4:4:3:3:4:4:4
4:2:4:4:4:3:4:4:4:,clone,3215.204154302607,4:2:4:4:4:3:4:4:4
3:2:4:4:4:4:4:4:2:,recombination,3391.9630189745876,4:3:4:4:4:3:4:4:4,3:1:4:3:2:4:4:4:2
3:2:4:3:2:4:4:4:2:,recombination,3237.2656108273195,4:3:4:4:4:3:2:4:4,4:4:4:4:4:0:1:4:4,MUTATE
3:2:4:3:1:4:4:4:2:,clone,3288.3978346796403,3:2:4:3:2:4:4:4:2
4:1:4:4:2:4:4:4:3:,recombination,3283.6969514290154,1:1:4:4:1:4:4:4:1,3:2:4:4:4:3:3:4:2,MUTATE
3:1:4:2:1:4:4:4:1:,recombination,3217.64332352959,4:2:4:4:4:4:4:4:3,4:4:4:4:4:2:2:4:4
3:1:4:4:4:4:4:4:2:,clone,3390.6984184780863,3:1:4:4:2:4:4:4:2
4:4:4:4:4:2:2:4:4:,clone,3082.4732630530902,4:4:4:4:4:2:2:4:4
3:2:4:4:4:3:4:4:3:,clone,3529.5176885801848,3:2:4:4:4:3:4:4:3
1:2:4:3:0:4:4:4:0:,clone,5033.869610135936,1:2:4:3:0:4:4:4:0
4:2:4:4:4:3:3:4:3:,recombination,3065.48431312644,4:2:4:4:3:4:4:4:3,2:1:4:3:0:4:4:4:0
3:2:4:4:4:3:3:4:2:,clone,3108.4779470211847,4:2:4:4:4:3:3:4:3
3:2:4:3:2:4:4:4:2:,clone,3206.878776166973,3:2:4:3:2:4:4:4:2
4:2:4:4:1:4:4:4:3:,recombination,4383.992623641051,3:1:4:4:2:4:4:4:2,3:2:4:4:4:4:4:4:2
2:1:4:4:1:4:4:4:0:,clone,4419.926159654725,2:1:4:4:1:4:4:4:0
4:1:4:4:4:4:4:4:3:,recombination,3632.879186844337,3:2:4:4:2:3:4:4:3,2:1:4:4:3:4:4:4:0,MUTATE
