4:3:4:4:4:2:3:4:4:,initialisation,3677.535802399719,
4:4:4:4:4:2:2:4:4:,initialisation,3031.2723022835844,
4:3:3:4:4:2:2:4:4:,initialisation,2792.723661141016,
4:4:4:4:4:1:1:4:4:,initialisation,2806.6913470035797,
4:4:4:4:4:1:2:4:4:,initialisation,3445.271303678656,
4:3:4:4:4:2:3:4:4:,initialisation,3609.0779789796366,
4:4:4:4:4:1:2:4:4:,initialisation,3083.1628179316285,
3:2:4:4:4:3:4:4:3:,initialisation,4923.5003453700365,
4:3:4:4:4:2:2:4:4:,initialisation,2908.2681670718475,
4:3:4:4:4:1:2:4:4:,initialisation,2935.394637777433,
4:3:4:4:4:2:3:4:4:,initialisation,3299.0515553291166,
4:3:4:4:4:3:3:4:4:,initialisation,3874.964432180733,
4:2:4:4:4:3:4:4:4:,initialisation,3604.120331228384,
4:3:4:4:4:2:2:4:4:,initialisation,2805.063439840621,
4:3:4:4:4:2:3:4:4:,initialisation,3080.8194619813166,
4:3:4:4:4:3:3:4:4:,initialisation,3507.0047153081023,
4:4:2:4:4:1:1:4:4:,initialisation,2792.723661141015,
4:4:4:4:4:2:3:4:4:,initialisation,3540.46533491007,
4:4:4:4:4:1:1:4:4:,initialisation,2751.939396584121,
4:3:3:4:4:2:2:4:4:,initialisation,2792.723661141015,
4:3:4:4:4:3:3:4:4:,initialisation,3393.220656142528,
4:3:3:4:4:3:3:4:4:,initialisation,2946.1073609230884,
4:2:4:4:4:3:3:4:4:,initialisation,3831.9595305318417,
4:3:4:4:4:2:2:3:4:,initialisation,4183.9244534237905,
4:3:4:4:4:2:2:4:4:,initialisation,2694.7111405313944,
4:4:2:4:4:2:2:4:4:,initialisation,2792.7236611410153,
3:2:4:4:4:2:3:4:3:,initialisation,4069.514283055998,
4:3:4:4:4:3:3:4:4:,initialisation,3231.1554682405344,
4:2:4:4:4:3:3:4:4:,initialisation,3679.1910096735523,
4:4:4:4:4:2:2:4:4:,initialisation,2958.389385639942,
4:4:3:4:4:2:2:4:4:,initialisation,2792.723661141016,
4:2:4:4:4:3:4:4:3:,initialisation,4172.817270269856,
4:4:4:4:4:0:1:3:4:,initialisation,2688.7782138738103,
4:3:3:4:4:2:2:4:4:,initialisation,2792.7236611410144,
4:2:4:4:4:3:3:4:4:,initialisation,3388.0071968183743,
4:2:4:4:4:3:3:4:4:,initialisation,3264.788302929331,
4:3:4:4:4:3:2:4:4:,initialisation,3160.3438820766382,
3:2:4:4:4:2:3:3:3:,initialisation,4292.2608182517515,
4:4:4:4:4:1:2:4:4:,initialisation,3022.076771881846,
4:4:4:4:4:1:2:4:4:,initialisation,3004.3583931781463,
4:2:4:4:4:3:3:4:4:,initialisation,3027.126081319563,
4:4:4:4:4:1:2:4:4:,initialisation,2969.168939282808,
4:4:4:4:4:2:2:4:4:,initialisation,2907.3356087264115,
4:3:4:4:4:2:1:4:4:,initialisation,2761.231561464777,
4:3:4:4:4:1:2:4:4:,initialisation,2629.721793026112,
4:3:4:4:4:1:3:4:4:,initialisation,3821.676594034815,
4:4:4:4:4:1:1:2:4:,initialisation,3033.2912936768944,
3:2:4:4:4:3:3:4:3:,initialisation,4645.837018104378,
4:3:4:4:4:3:3:4:4:,initialisation,3000.651997820945,
4:3:4:4:4:1:1:4:4:,initialisation,2882.7801638653755,
4:4:3:4:4:2:2:4:4:,initialisation,2792.723661141015,
4:4:3:4:4:2:2:4:4:,initialisation,2780.1199938319887,
4:4:2:4:4:2:2:4:4:,initialisation,2792.723661141015,
4:2:4:4:4:2:3:4:4:,initialisation,3395.907987966366,
4:4:4:4:4:2:3:4:4:,initialisation,3397.8734047034095,
4:4:4:4:4:1:1:4:4:,initialisation,2738.0867302158654,
4:3:3:4:4:2:3:4:4:,initialisation,2792.7236611410153,
4:2:4:4:4:1:2:2:4:,initialisation,3321.113667864246,
4:3:4:4:4:2:2:4:4:,initialisation,2692.432526706223,
4:4:4:4:4:2:3:4:4:,initialisation,3281.139936417519,
4:3:4:4:4:1:2:3:4:,initialisation,3634.1535421571857,
4:4:4:4:4:2:2:4:4:,initialisation,2804.42210902551,
4:3:4:4:4:3:3:4:4:,initialisation,2928.325555892424,
4:3:4:4:4:1:3:4:4:,initialisation,3695.776201343826,
4:3:4:4:4:2:3:3:4:,initialisation,4492.607685291069,
4:4:4:4:4:2:3:4:4:,initialisation,3116.903646119947,
4:4:4:4:4:1:1:4:4:,initialisation,2723.6693843373146,
4:4:3:4:4:3:2:4:4:,initialisation,2792.7236611410162,
4:3:3:4:4:3:3:4:4:,initialisation,2792.7236611410153,
3:2:4:4:4:3:4:4:3:,initialisation,4760.413517300431,
3:2:4:4:4:2:3:4:3:,initialisation,3862.252758019785,
4:3:4:4:4:2:3:3:4:,initialisation,4153.350187912299,
4:3:4:4:4:1:2:3:4:,initialisation,3292.510498248364,
4:4:4:4:4:2:2:4:4:,initialisation,2773.1131450957196,
3:2:4:4:3:3:4:4:3:,initialisation,3402.3480116669302,
3:2:4:4:3:4:4:4:3:,initialisation,3581.4656188580334,
3:2:4:4:4:3:4:4:3:,initialisation,4636.166602322083,
4:3:4:4:4:2:3:3:4:,initialisation,3766.3013255506144,
4:3:4:4:4:3:2:4:4:,initialisation,3030.7534021515366,
4:2:4:4:3:3:4:4:4:,initialisation,4292.426376851779,
4:3:4:4:4:1:1:3:4:,initialisation,3109.3650600256888,
4:3:3:4:4:3:2:4:4:,initialisation,2792.7236611410153,
4:3:4:4:4:3:4:4:4:,initialisation,5308.846539197661,
4:3:4:4:4:1:2:3:4:,initialisation,3181.8285672832526,
4:3:4:4:4:1:2:2:4:,initialisation,3425.5116505626515,
4:2:4:4:4:2:3:4:4:,initialisation,3264.0474856562,
4:3:4:4:4:2:3:3:4:,initialisation,3707.793220675287,
4:3:4:4:4:2:3:4:4:,initialisation,3032.2267781739392,
4:2:4:4:4:2:3:4:4:,initialisation,3107.9602452899294,
4:3:4:4:4:1:1:4:4:,initialisation,2762.1126078465595,
4:2:4:4:4:3:3:4:4:,initialisation,2966.496916971994,
4:4:4:4:4:1:1:4:4:,initialisation,2699.595953922473,
4:4:2:4:4:2:2:4:4:,initialisation,2746.6791966232104,
4:3:4:4:4:2:2:2:4:,initialisation,3739.7922237522457,
4:3:3:4:4:3:2:4:4:,initialisation,2792.723661141015,
4:4:2:4:4:1:2:4:4:,initialisation,2792.7236611410153,
4:3:4:4:4:1:2:2:4:,initialisation,3293.3841769198157,
4:4:2:4:4:2:1:4:4:,initialisation,2792.723661141016,
4:4:4:4:4:1:2:4:4:,initialisation,2935.54638463156,
4:3:4:4:4:1:1:4:4:,initialisation,2710.7396184904724,
4:4:4:4:4:1:2:4:4:,initialisation,2903.902468543847,
4:4:4:4:4:1:2:4:4:,initialisation,2861.8430660417725,
2:2:4:4:4:3:4:4:2:,initialisation,5113.224473353884,
4:2:4:4:3:3:4:4:4:,initialisation,3978.184037484249,
4:3:4:4:4:2:3:4:4:,initialisation,3023.783067183504,
4:3:4:4:4:1:1:4:4:,initialisation,2689.297713349413,
4:3:4:4:4:3:4:4:4:,initialisation,4420.845302000713,
4:4:4:4:4:1:2:4:4:,initialisation,2854.1657527576062,
4:4:3:4:4:1:2:4:4:,initialisation,3006.82514931785,
4:3:4:4:4:1:3:4:4:,initialisation,3495.1481962754924,
4:3:4:4:4:1:1:4:4:,initialisation,2502.834432071553,
4:3:4:4:4:2:2:3:4:,initialisation,3736.9687728423673,
4:2:4:4:4:4:4:4:3:,initialisation,3783.990050200174,
4:4:4:4:4:0:0:0:4:,initialisation,2471.9534939982377,
4:2:4:4:3:4:4:4:3:,initialisation,3664.0337698805606,
4:4:4:4:4:2:1:4:4:,initialisation,2698.3716718054116,
4:2:4:4:4:1:1:3:4:,initialisation,3361.677445255377,
4:4:3:4:4:2:2:4:4:,initialisation,2767.2831138773795,
3:2:4:4:4:1:2:4:3:,initialisation,3785.127876926933,
4:4:4:4:4:1:1:4:4:,initialisation,2694.6662291589787,
4:4:2:4:4:2:1:4:4:,initialisation,2792.7236611410153,
3:2:4:4:4:3:4:4:3:,initialisation,3905.413698002509,
4:3:4:4:4:3:4:4:4:,initialisation,3788.1786826518774,
4:4:4:4:4:1:1:3:4:,initialisation,2754.768427345606,
4:3:4:4:4:2:2:3:4:,initialisation,3607.589016204475,
4:3:4:4:4:2:3:4:4:,initialisation,3012.0267349523056,
4:2:4:4:3:4:4:4:4:,initialisation,3956.6131288226206,
4:2:4:4:4:2:2:3:4:,initialisation,3766.086041756692,
4:3:3:4:4:3:3:4:4:,initialisation,2792.723661141015,
4:4:4:4:4:1:2:4:4:,initialisation,2836.2665101481543,
4:3:4:4:4:3:4:4:4:,initialisation,3696.441011013271,
4:2:4:4:4:3:4:4:4:,initialisation,3568.967346452034,
4:4:4:4:4:1:3:4:4:,initialisation,3691.771680942638,
4:3:4:4:4:1:2:3:4:,initialisation,3065.940174497314,
4:3:4:4:4:1:1:2:4:,initialisation,3139.19741010718,
4:3:4:4:4:1:2:2:4:,initialisation,3231.3177465832787,
4:2:4:4:4:3:3:4:4:,initialisation,2899.036122839978,
4:3:4:4:4:2:3:4:4:,initialisation,3011.9334314972843,
3:2:4:4:2:4:4:4:3:,initialisation,4867.763246325558,
4:3:4:4:4:2:2:3:4:,initialisation,3518.500876624671,
4:2:4:4:4:1:2:3:4:,initialisation,3439.168569609937,
4:4:2:4:4:1:2:4:4:,initialisation,2792.7236611410144,
4:4:4:4:4:2:2:4:4:,initialisation,2772.7828626371047,
4:2:4:4:4:3:3:4:4:,initialisation,2792.7236611410153,
4:4:2:4:4:1:1:4:4:,initialisation,2792.7236611410144,
4:2:4:4:3:3:4:4:3:,initialisation,3659.2225163627645,
4:4:4:4:4:0:0:2:4:,initialisation,2509.23727085257,
4:4:4:4:4:1:1:3:4:,initialisation,2673.660782325128,
4:3:4:4:4:2:2:4:4:,initialisation,2650.4714621363496,
4:4:4:4:4:1:2:3:4:,initialisation,3640.7001378721675,
3:2:4:4:4:3:3:4:3:,initialisation,4459.07349985202,
4:2:4:4:4:1:2:3:4:,initialisation,3240.7588385334698,
4:3:4:4:4:2:3:4:4:,initialisation,2980.027223832403,
3:2:4:4:4:3:3:4:3:,initialisation,4276.851332766421,
4:4:3:4:4:2:2:4:4:,initialisation,2749.7406249042397,
3:2:4:4:4:3:4:4:2:,initialisation,4375.963206817346,
4:3:4:4:4:1:3:3:4:,initialisation,3743.0160546370657,
4:4:3:4:4:1:1:4:4:,initialisation,2809.7616670095254,
4:3:4:4:4:2:4:4:4:,initialisation,4383.514455167645,
4:4:4:4:4:1:2:3:4:,initialisation,3065.7338879751737,
2:2:4:4:3:3:4:4:2:,initialisation,5082.369175293612,
4:3:3:4:4:2:3:4:4:,initialisation,2792.723661141015,
2:2:4:4:3:3:4:4:2:,initialisation,4582.653235860982,
4:2:4:4:4:1:3:4:4:,initialisation,3975.3906676802644,
4:2:4:4:4:2:2:4:4:,initialisation,3177.670308336356,
3:2:4:4:4:2:3:4:3:,initialisation,3656.1394752821907,
4:4:4:4:4:1:2:4:4:,initialisation,2811.446930662496,
4:3:4:4:4:1:3:4:4:,initialisation,3335.2799593844884,
4:4:3:4:4:1:2:4:4:,initialisation,2792.723661141016,
4:4:2:4:4:2:1:4:4:,initialisation,2792.723661141015,
4:3:4:4:4:1:1:2:4:,initialisation,2970.800665708568,
4:4:4:4:4:1:1:4:4:,initialisation,2671.537970070317,
4:4:4:4:4:2:2:4:4:,initialisation,2692.1582355475903,
4:4:4:4:4:0:1:4:4:,initialisation,2865.473702297797,
4:2:4:4:4:3:3:4:3:,initialisation,3675.4500136952465,
4:4:4:4:4:2:2:4:4:,initialisation,2613.9988567399487,
4:2:4:4:4:2:4:4:4:,initialisation,3806.554127954638,
3:2:4:4:4:3:3:4:3:,initialisation,4151.183677588508,
4:4:4:4:4:0:1:3:4:,initialisation,2687.16556618591,
4:4:4:4:4:1:1:4:4:,initialisation,2641.1101827509915,
3:2:4:4:4:3:4:4:3:,initialisation,3779.6955939659515,
4:4:4:4:4:1:3:3:4:,initialisation,3985.744986139222,
4:3:4:4:4:2:2:2:4:,initialisation,3692.6392784810278,
4:3:4:4:4:1:3:2:4:,initialisation,3767.466032784538,
4:3:4:4:4:1:1:3:4:,initialisation,2960.1927909361875,
1:1:4:1:0:4:4:4:0:,initialisation,2792.723661141016,
2:2:4:4:4:3:4:4:2:,initialisation,4678.274552523706,
2:2:4:4:4:3:4:4:2:,initialisation,4411.396427077595,
4:4:3:4:4:2:3:4:4:,initialisation,2792.723661141016,
4:2:4:4:4:2:3:3:4:,initialisation,4380.87540066691,
4:4:3:4:4:3:2:4:4:,initialisation,2792.723661141015,
4:3:4:4:4:1:3:3:4:,initialisation,3247.6808223788366,
4:2:4:4:4:2:2:4:4:,initialisation,3057.123947527208,
4:4:4:4:4:0:1:2:4:,initialisation,2627.281393332339,
3:2:4:4:3:3:4:4:2:,initialisation,5007.861430834852,
4:4:3:4:4:1:2:4:4:,initialisation,2792.723661141015,
4:4:4:4:4:1:2:4:4:,initialisation,2756.620864729859,
4:4:2:4:4:2:1:4:4:,initialisation,2792.7236611410144,
4:3:4:4:4:3:2:4:4:,initialisation,2921.4686057191743,
3:2:4:4:4:2:4:4:3:,initialisation,4887.181452186513,
3:2:4:4:2:4:4:4:3:,initialisation,3906.624836988239,
4:4:4:4:4:1:1:4:4:,initialisation,2628.2691213509142,
4:4:4:4:4:1:3:4:4:,initialisation,3399.858053555649,
4:4:4:4:4:1:1:1:4:,initialisation,3154.3148394706095,
4:4:4:4:4:1:1:3:4:,initialisation,2591.354932170587,
4:2:4:4:4:2:3:4:4:,initialisation,3099.764920878711,
4:2:4:4:4:2:3:4:4:,initialisation,2913.6928847281624,
4:3:3:4:4:3:3:4:4:,initialisation,2792.7236611410144,
4:2:4:4:4:2:3:3:4:,initialisation,4031.672065492412,
4:3:4:4:4:3:3:4:4:,initialisation,2792.7236611410153,
4:3:4:4:4:3:2:4:4:,initialisation,2703.495726258086,
3:2:4:4:4:3:3:4:3:,initialisation,4113.534759376441,
4:3:3:4:4:3:2:4:4:,initialisation,2792.7236611410144,
4:4:3:4:4:1:2:4:4:,initialisation,2766.2351112523343,
4:3:4:4:4:2:3:4:4:,initialisation,2923.938864030977,
3:2:4:4:4:3:3:4:3:,initialisation,4025.195650886837,
4:3:3:4:4:3:3:4:4:,initialisation,2741.239460162344,
4:4:4:4:4:1:3:4:4:,initialisation,3293.2614234751727,
4:2:4:4:4:2:3:2:4:,initialisation,3910.466860273124,
4:3:4:4:4:0:1:1:4:,initialisation,3046.336771930447,
4:3:4:4:4:1:2:3:4:,initialisation,3044.2873885539525,
4:3:4:4:4:2:3:4:4:,initialisation,2875.47669186964,
4:2:4:4:4:3:3:4:3:,initialisation,3557.9119861147547,
4:3:4:4:4:3:3:4:4:,initialisation,2726.8347158557226,
4:3:4:4:4:0:1:2:4:,initialisation,3123.705078172155,
4:3:4:4:4:2:1:4:4:,initialisation,2679.3239852862844,
4:4:4:4:4:0:0:1:4:,initialisation,2528.6608250986146,
4:2:3:4:4:3:3:4:4:,initialisation,2792.723661141016,
4:2:4:4:4:2:3:3:4:,initialisation,4017.0766290610854,
3:2:4:4:4:2:4:4:3:,initialisation,4489.442524917573,
4:3:4:4:4:1:2:3:4:,initialisation,3015.4565168860613,
4:2:4:4:4:1:2:3:4:,initialisation,2958.720972085748,
4:3:4:4:4:1:2:4:4:,initialisation,2619.2694714654544,
4:4:2:4:4:1:1:4:4:,initialisation,2789.651861939455,
4:3:4:4:4:2:2:4:4:,initialisation,2609.052896170271,
4:2:4:4:4:1:2:1:4:,initialisation,4194.913580970053,
4:2:4:4:4:2:3:3:4:,initialisation,4006.796133595013,
4:4:1:4:4:1:1:4:4:,initialisation,2792.7236611410153,
4:3:4:4:4:2:3:3:4:,initialisation,3671.747396889429,
4:2:4:4:4:3:4:4:3:,initialisation,3839.4349309834934,
4:4:4:4:4:1:2:2:4:,initialisation,3411.418685706535,
4:2:4:4:4:4:3:4:3:,initialisation,3457.211700091679,
4:4:4:4:4:0:1:0:4:,initialisation,2906.948368383527,
4:2:4:4:4:1:3:4:4:,initialisation,3967.173281399113,
4:3:4:4:4:2:3:4:4:,initialisation,2769.4856553669465,
4:4:4:4:4:2:3:4:4:,initialisation,3083.0099485217575,
2:2:4:4:4:2:3:4:2:,initialisation,4527.593348862127,
4:2:4:4:4:2:3:4:3:,initialisation,3400.7575781701744,
3:2:4:4:4:4:4:4:2:,initialisation,5251.281266509167,
1:1:4:2:0:4:4:4:0:,initialisation,4203.419007365876,
4:3:4:4:4:1:3:4:4:,initialisation,3300.9933563681548,
4:4:4:4:4:3:3:4:4:,initialisation,3486.962908781962,
4:2:4:4:4:1:1:1:4:,initialisation,3385.578386072342,
4:3:4:4:4:1:1:2:4:,initialisation,2889.899336592459,
3:2:4:4:2:4:4:4:2:,initialisation,4125.566492877151,
4:3:4:4:4:0:1:2:4:,initialisation,3030.0733255002647,
4:4:4:4:4:2:3:4:4:,initialisation,3068.798522518513,
4:4:2:4:4:2:2:4:4:,initialisation,2732.5702012129846,
3:2:4:4:4:3:4:4:2:,initialisation,4005.296928440408,
3:2:4:4:3:3:4:4:2:,initialisation,4275.671024971619,
2:2:4:4:4:3:3:4:2:,initialisation,4629.631414804954,
4:2:4:4:4:2:2:3:4:,initialisation,3687.1878713618726,
4:4:4:4:4:1:1:4:4:,initialisation,2591.024978531639,
4:4:4:4:4:0:1:4:4:,initialisation,2813.182270263307,
4:4:4:4:4:2:2:4:4:,initialisation,2580.8893643776078,
2:1:4:4:2:3:4:4:1:,initialisation,5004.659704629108,
4:3:3:4:4:3:2:4:4:,initialisation,2780.5869664066818,
3:2:4:4:3:3:4:4:2:,initialisation,4266.149030678833,
2:2:4:4:2:3:4:4:2:,initialisation,4613.205532542075,
4:4:4:4:4:1:1:2:4:,initialisation,2837.2650692966386,
3:2:4:4:2:4:4:4:2:,initialisation,4045.8229746068478,
4:2:4:4:4:2:3:3:4:,initialisation,3911.657323702724,
4:3:4:4:4:1:1:1:4:,initialisation,3135.2760653981823,
4:4:4:4:4:1:1:4:4:,clone,2563.975822416871,4:4:4:4:4:1:1:4:4
4:4:4:4:4:0:1:2:4:,clone,2589.697482928473,4:4:4:4:4:0:1:2:4
4:3:3:4:4:2:3:4:4:,clone,2792.7236611410144,4:3:3:4:4:2:3:4:4
4:4:3:4:4:2:2:4:4:,recombination,2732.5702012129846,4:4:2:4:4:2:2:4:4,4:3:4:4:4:1:1:4:4
4:3:4:4:4:1:3:3:4:,recombination,3200.7715014781493,4:3:4:4:4:1:3:3:4,4:4:4:4:4:1:3:4:4,MUTATE
4:2:4:4:4:3:3:4:3:,clone,3545.3918574893487,4:2:4:4:4:3:3:4:3
4:3:4:4:4:1:2:3:4:,clone,2910.7219839867525,4:3:4:4:4:1:1:2:4
3:2:4:4:4:3:3:4:3:,clone,3608.511398667733,3:2:4:4:4:3:4:4:3
4:2:4:4:4:1:3:2:4:,recombination,4179.273134854688,4:2:4:4:4:1:2:1:4,4:4:3:4:4:2:2:4:4
4:2:4:4:4:3:3:4:4:,clone,2780.2035325156085,4:2:4:4:4:3:3:4:4
4:4:4:4:4:1:2:4:4:,recombination,2749.644553234022,4:4:1:4:4:1:1:4:4,4:4:4:4:4:2:2:4:4
4:2:4:4:4:1:3:2:4:,clone,4153.163091658288,4:2:4:4:4:1:3:2:4
4:3:4:4:4:0:1:1:4:,recombination,2715.1620532587017,4:3:4:4:4:2:2:3:4,4:4:4:4:4:0:1:2:4
4:2:4:4:4:2:2:4:4:,clone,3057.1239475272077,4:2:4:4:4:2:2:4:4
2:2:4:4:4:3:3:4:2:,clone,4389.1280325684365,2:2:4:4:4:3:4:4:2
4:4:4:4:4:0:0:0:4:,clone,2466.6321799740635,4:4:4:4:4:0:0:0:4
4:4:4:4:4:1:1:2:4:,clone,2833.2512285901153,4:4:4:4:4:1:1:2:4
4:3:4:4:4:2:2:3:4:,recombination,3311.4698911604128,4:4:4:4:4:1:1:4:4,3:2:4:4:4:4:4:4:2,MUTATE
4:3:4:4:4:3:2:4:4:,recombination,2691.8179322432156,4:3:4:4:4:2:2:4:4,4:3:4:4:4:3:2:4:4,MUTATE
4:2:4:4:4:1:2:4:4:,recombination,3597.5219639702354,4:2:4:4:4:1:3:4:4,4:3:4:4:4:3:2:4:4,MUTATE
4:3:4:4:4:2:1:4:4:,clone,2617.5167614048096,4:3:4:4:4:2:1:4:4
4:4:4:4:4:1:1:2:4:,clone,2790.441461919418,4:4:4:4:4:1:1:2:4
4:4:4:4:4:0:1:4:4:,clone,2713.018401594813,4:4:4:4:4:0:1:4:4
3:2:4:4:3:3:4:4:2:,clone,4222.468995373392,3:2:4:4:3:3:4:4:2
4:4:4:4:4:0:1:4:4:,clone,2686.103336677467,4:4:4:4:4:0:1:4:4
4:2:4:4:4:1:3:3:4:,clone,4090.196264501486,4:2:4:4:4:1:3:2:4
4:4:3:4:4:2:2:4:4:,recombination,2716.615396590083,4:2:4:4:4:2:3:4:4,4:4:2:4:4:1:2:4:4
3:2:4:4:4:3:4:4:2:,clone,3858.644744052488,3:2:4:4:4:3:4:4:2
3:2:4:4:4:2:3:4:3:,clone,3602.137727303182,3:2:4:4:4:2:3:4:3
2:2:4:4:4:2:3:4:2:,recombination,4350.504381703213,4:4:2:4:4:2:2:4:4,2:2:4:4:4:2:3:4:2
4:3:4:4:4:0:1:4:4:,recombination,2799.2932851827236,4:3:3:4:4:2:3:4:4,4:3:4:4:4:0:1:2:4
4:3:4:4:4:3:3:4:4:,recombination,2720.6542796392214,4:3:4:4:4:3:3:4:4,4:4:4:4:4:0:0:0:4
4:2:4:4:4:2:2:4:4:,clone,2968.709158186804,4:2:4:4:4:2:2:4:4
2:2:4:4:2:3:4:4:2:,clone,4611.323550649776,2:2:4:4:2:3:4:4:2
4:4:4:4:4:0:1:2:4:,clone,2564.826521341175,4:4:4:4:4:0:1:2:4
4:4:4:4:4:0:1:3:4:,recombination,2569.171519980582,4:4:4:4:4:1:1:2:4,4:4:4:4:4:2:3:4:4
3:2:4:3:2:4:4:4:2:,recombination,3375.0928129120925,4:3:4:4:4:3:3:4:4,1:1:4:2:0:4:4:4:0,MUTATE
3:2:4:4:4:3:4:4:2:,clone,3624.7251759532783,3:2:4:4:4:3:4:4:2
4:2:4:4:3:4:4:4:3:,clone,3636.874959632733,4:2:4:4:3:4:4:4:3
3:2:4:4:3:3:4:4:2:,clone,4061.1422976613353,3:2:4:4:3:3:4:4:2
3:2:4:4:4:2:4:4:3:,recombination,4347.87517561288,4:3:4:4:4:1:2:4:4,3:2:4:4:4:2:3:3:3,MUTATE
3:2:4:4:3:3:4:4:2:,recombination,3784.1311755813567,3:2:4:4:3:3:4:4:2,4:3:4:4:4:3:3:4:4,MUTATE
3:2:4:4:4:3:3:4:2:,clone,4208.812276415452,3:2:4:4:4:3:3:4:2
4:4:3:4:4:2:1:4:4:,recombination,2796.0404244358697,4:4:2:4:4:2:1:4:4,4:3:4:4:4:1:1:2:4
4:2:4:4:4:3:4:4:4:,recombination,3474.919130937332,4:3:3:4:4:3:2:4:4,4:2:4:4:3:3:4:4:3
4:4:4:4:4:0:1:1:4:,clone,2734.6129577973074,4:3:4:4:4:0:1:1:4
3:2:4:4:4:2:3:4:3:,clone,3443.2115490927645,3:2:4:4:4:2:3:4:3
3:1:4:2:0:4:4:4:1:,recombination,2920.3026033196525,4:2:4:4:3:3:4:4:4,1:1:4:1:0:4:4:4:0,MUTATE
4:4:4:4:4:1:1:4:4:,recombination,2563.327308013013,4:3:4:4:4:1:1:4:4,4:4:4:4:4:1:1:3:4
3:2:4:4:3:3:4:4:2:,clone,3750.5972899019453,3:2:4:4:3:3:4:4:2
4:2:4:4:4:1:3:2:4:,clone,4120.408141337747,4:2:4:4:4:2:3:3:4
4:2:4:4:3:3:4:4:4:,recombination,3938.6604059232027,4:4:3:4:4:2:2:4:4,4:2:4:4:3:4:4:4:4,MUTATE
4:2:4:4:4:1:2:4:4:,recombination,3261.876995639837,4:2:4:4:4:2:2:3:4,4:3:4:4:4:2:3:4:4
4:3:4:4:4:3:4:4:4:,clone,3622.650829392084,4:2:4:4:4:3:4:4:4
4:4:4:4:4:3:2:4:4:,recombination,2804.908718342727,4:3:3:4:4:3:2:4:4,4:4:3:4:4:3:2:4:4
4:3:4:4:4:0:1:3:4:,recombination,2471.172969836115,4:2:4:4:4:1:3:2:4,4:3:4:4:4:1:1:4:4
3:2:4:4:4:4:4:4:2:,clone,5115.133131458523,3:2:4:4:4:4:4:4:2
4:3:4:4:4:1:1:3:4:,recombination,2777.44013928033,4:4:4:4:4:0:1:2:4,4:4:4:4:4:0:1:0:4
4:2:4:4:4:3:3:4:4:,clone,2720.6542796392214,4:3:4:4:4:3:3:4:4
2:1:4:3:2:4:4:4:1:,recombination,3245.608352860374,1:1:4:1:0:4:4:4:0,4:3:4:4:4:1:2:3:4,MUTATE
3:2:4:4:4:3:4:4:3:,recombination,3750.5972899019453,3:2:4:4:4:4:4:4:2,3:2:4:4:3:3:4:4:2
4:2:4:4:3:4:4:4:3:,clone,3372.111182176814,4:2:4:4:3:4:4:4:3
2:1:4:4:4:3:4:4:2:,clone,4458.501186070931,3:2:4:4:4:3:3:4:2
4:2:4:4:3:3:4:4:4:,clone,3761.895960400646,4:2:4:4:4:3:4:4:4
4:3:4:4:4:3:3:4:4:,recombination,2688.896601581847,4:3:4:4:4:3:3:4:4,2:2:4:4:4:2:3:4:2
4:4:4:4:4:1:1:2:4:,clone,2770.8241578260486,4:4:4:4:4:1:1:2:4
4:2:4:4:4:2:2:3:4:,clone,3468.6303835349195,4:2:4:4:4:1:2:2:4
4:2:4:4:4:2:3:3:4:,clone,3532.7975028495184,4:2:4:4:4:2:2:3:4
4:3:4:4:4:1:1:1:4:,clone,3099.7904076685077,4:3:4:4:4:1:1:1:4
2:1:4:1:0:4:4:4:0:,recombination,2792.723661141016,4:3:4:4:4:1:1:4:4,1:1:4:1:0:4:4:4:0
3:2:4:4:4:4:4:4:3:,clone,5110.449385037899,3:2:4:4:4:4:4:4:2
4:2:4:4:4:3:4:4:3:,clone,3720.379697036636,3:2:4:4:4:3:4:4:3
3:2:4:4:4:2:2:4:3:,clone,3936.7118539685384,3:2:4:4:4:1:2:4:3
4:4:4:4:4:1:1:4:4:,clone,2549.5542158872126,4:4:4:4:4:1:1:3:4
4:4:2:4:4:1:2:4:4:,clone,2789.651861939455,4:4:2:4:4:1:1:4:4
4:2:4:4:4:1:3:2:4:,clone,3791.6452589098476,4:2:4:4:4:2:3:2:4
4:4:3:4:4:1:2:4:4:,recombination,2755.280329288557,4:4:2:4:4:1:2:4:4,2:2:4:4:2:3:4:4:2,MUTATE
4:2:4:4:4:4:4:4:4:,clone,3748.1003884733786,4:2:4:4:3:4:4:4:4
4:2:4:4:4:3:3:4:4:,clone,2688.896601581847,4:3:4:4:4:3:3:4:4
3:2:4:4:4:2:4:3:3:,clone,4862.127576021095,3:2:4:4:4:2:4:4:3
2:2:4:4:4:3:2:4:2:,recombination,4111.632685024845,1:1:4:2:0:4:4:4:0,3:2:4:4:4:2:2:4:3,MUTATE
4:2:4:4:4:2:2:4:4:,clone,2952.405276066624,4:2:4:4:4:2:2:4:4
3:2:4:4:3:3:4:4:2:,clone,3531.4047023083735,3:2:4:4:3:3:4:4:2
3:2:4:4:4:3:3:4:3:,recombination,3375.867202119789,2:2:4:4:4:3:4:4:2,3:2:4:4:4:3:4:4:3
4:2:4:4:4:2:2:2:4:,clone,3794.82483081319,4:2:4:4:4:2:2:3:4
4:4:4:4:4:1:2:3:4:,recombination,2886.720623238245,4:4:4:4:4:0:0:2:4,3:2:4:4:4:3:4:4:2
4:2:4:4:3:3:4:4:4:,clone,3474.919130937332,4:2:4:4:4:3:4:4:4
4:2:4:4:3:3:3:4:4:,recombination,2872.405433374739,3:2:4:3:2:4:4:4:2,4:2:4:4:4:3:3:4:4
4:3:4:4:4:2:2:4:4:,recombination,2589.4465753491922,4:3:4:4:4:2:3:4:4,4:3:4:4:4:2:2:2:4
4:3:4:4:4:1:1:4:4:,clone,2488.39059594492,4:3:4:4:4:1:1:4:4
3:2:4:4:4:3:4:4:3:,clone,3595.0597897133607,3:2:4:4:4:3:4:4:3
4:4:4:4:4:1:1:4:4:,clone,2485.3061057134732,4:4:4:4:4:1:1:4:4
4:3:4:4:4:1:2:2:4:,clone,3067.3382074119613,4:3:4:4:4:1:1:1:4
4:2:3:4:4:3:3:4:4:,recombination,2784.785029005994,4:3:4:4:4:2:1:4:4,4:3:3:4:4:3:3:4:4,MUTATE
3:2:4:3:2:4:4:4:3:,clone,4063.068825827657,3:2:4:4:2:4:4:4:3
4:2:4:4:3:4:4:4:4:,recombination,3158.4409988754473,4:3:4:4:4:3:4:4:4,3:2:4:3:2:4:4:4:2,MUTATE
4:4:4:4:4:0:1:2:4:,recombination,2509.23727085257,4:4:4:4:4:0:0:2:4,4:4:2:4:4:1:2:4:4
4:4:4:4:4:1:2:4:4:,recombination,2711.9103287227194,4:3:4:4:4:2:4:4:4,4:3:4:4:4:2:3:4:4
4:3:4:4:4:1:1:2:4:,recombination,2801.472937986409,4:2:4:4:4:2:2:3:4,4:3:4:4:4:0:1:1:4
4:2:4:4:4:2:2:3:4:,clone,3067.8020102608157,4:2:4:4:4:1:2:3:4
4:2:4:4:4:3:3:4:4:,clone,2688.8966015818464,4:2:4:4:4:3:3:4:4
3:2:4:4:3:3:4:4:2:,recombination,3103.475586926161,2:2:4:4:4:3:4:4:2,3:2:4:3:2:4:4:4:2,MUTATE
4:2:4:4:4:4:3:4:4:,clone,2792.7236611410153,4:2:4:4:4:3:3:4:4
3:2:4:4:4:3:3:4:2:,recombination,3236.912066569202,4:3:4:4:4:1:1:3:4,3:2:4:4:3:3:4:4:2
4:2:4:4:3:3:4:4:3:,recombination,3474.919130937332,4:4:4:4:4:1:1:4:4,4:2:4:4:4:3:4:4:4
4:3:4:4:4:0:1:4:4:,recombination,2694.4291167607694,4:3:4:4:4:1:1:4:4,4:3:4:4:4:0:1:4:4,MUTATE
4:3:4:4:3:3:4:4:4:,recombination,3407.903430377656,4:4:4:4:4:2:2:4:4,4:2:4:4:4:2:3:4:4,MUTATE
3:2:4:4:3:4:4:4:2:,recombination,4298.298431459964,2:1:4:4:4:3:4:4:2,3:2:4:4:2:4:4:4:2,MUTATE
4:3:4:4:4:1:1:2:4:,recombination,2745.9279766419377,4:4:4:4:4:1:3:3:4,4:3:4:4:4:1:1:2:4,MUTATE
3:2:4:4:4:1:3:4:3:,recombination,3761.1599546962634,4:2:4:4:4:3:3:4:4,4:2:4:4:4:1:3:4:4,MUTATE
4:2:4:4:3:3:4:4:3:,recombination,3313.320623124845,3:2:4:4:3:3:4:4:2,3:2:4:4:4:3:4:4:3,MUTATE
3:2:4:4:3:4:4:4:3:,clone,3372.111182176814,4:2:4:4:3:4:4:4:3
4:3:4:4:4:3:3:4:4:,recombination,2687.19619468662,4:3:4:4:4:2:1:4:4,4:2:4:4:4:3:3:4:4,MUTATE
4:2:4:4:4:3:3:4:3:,recombination,3001.176053262943,3:2:4:4:3:3:4:4:2,4:4:4:4:4:1:2:4:4,MUTATE
2:2:4:4:3:3:4:4:2:,recombination,4402.740217046176,3:2:4:4:4:2:3:3:3,2:2:4:4:3:3:4:4:2,MUTATE
4:3:4:4:4:3:3:4:4:,recombination,2681.4327037020453,4:3:3:4:4:3:2:4:4,4:2:4:4:4:3:3:4:4
4:2:4:4:3:4:4:4:3:,clone,3144.7835144037203,4:2:4:4:3:4:4:4:4
4:4:4:4:4:1:1:4:4:,clone,2466.003798084088,4:4:4:4:4:1:1:4:4
4:2:4:4:3:4:4:4:4:,recombination,2792.723661141016,4:2:4:4:4:3:3:4:4,3:2:4:4:2:4:4:4:2,MUTATE
4:4:3:4:4:1:1:4:4:,clone,2804.689929272122,4:4:3:4:4:1:1:4:4
2:1:4:4:3:3:4:4:1:,clone,4607.798876565349,2:1:4:4:3:3:4:4:1
3:2:4:4:4:3:4:4:3:,recombination,3492.6262239158286,3:2:4:4:3:3:4:4:2,3:2:4:4:4:3:4:4:3
4:2:4:4:4:2:3:4:4:,recombination,2861.4297861887226,4:2:4:4:4:3:3:4:3,3:2:4:4:4:2:3:4:3
4:3:4:4:4:2:3:4:4:,recombination,2741.239460162344,4:4:2:4:4:2:1:4:4,4:3:3:4:4:3:3:4:4,MUTATE
4:3:3:4:4:1:2:4:4:,recombination,2733.511539512744,4:3:4:4:4:1:1:3:4,4:3:4:4:4:2:3:4:4
2:1:4:4:4:3:4:4:1:,recombination,4074.9460459768216,2:1:4:4:2:3:4:4:1,2:1:4:3:2:4:4:4:1
4:2:4:4:4:3:4:4:4:,clone,3324.5342661871637,4:2:4:4:3:4:4:4:4
2:2:4:4:4:3:3:4:2:,recombination,3260.338147934642,3:2:4:4:4:3:3:4:2,4:2:4:4:4:2:2:4:4
4:3:4:4:4:2:3:4:4:,clone,2741.2394601623437,4:3:4:4:4:2:3:4:4
4:3:4:4:4:1:1:4:4:,recombination,2453.950357834276,4:4:4:4:4:1:1:4:4,4:4:4:4:4:0:1:4:4,MUTATE
4:4:3:4:4:1:1:4:4:,recombination,2740.7302810801393,4:4:4:4:4:0:1:4:4,4:4:3:4:4:1:2:4:4
4:2:4:4:4:2:2:4:4:,clone,2899.477969920763,4:2:4:4:4:2:2:4:4
3:2:4:4:2:4:4:4:2:,clone,3282.804747784174,3:2:4:4:2:4:4:4:2
4:2:4:4:2:3:4:4:3:,recombination,3214.833158243905,3:2:4:3:2:4:4:4:3,4:2:4:4:4:3:3:4:4
3:2:4:4:4:3:3:4:3:,recombination,3156.531550583851,4:2:4:4:4:3:3:4:3,4:2:4:4:4:2:3:4:4
4:2:4:4:4:4:4:4:4:,clone,3500.8194021762793,4:2:4:4:4:3:4:4:4
4:2:4:4:4:4:4:4:3:,recombination,3197.4493274775327,3:2:4:4:4:2:4:4:3,4:2:4:4:4:3:3:4:4
4:3:3:4:4:2:3:4:4:,clone,2669.0859475925204,4:3:4:4:4:2:3:4:4
3:2:4:4:3:4:4:4:2:,clone,3474.9555537028486,3:2:4:4:3:4:4:4:2
3:2:4:4:3:4:4:4:2:,recombination,3463.8672300404965,4:3:4:4:4:1:1:2:4,3:2:4:4:4:3:3:4:2,MUTATE
3:2:4:4:3:4:4:4:3:,recombination,3221.475167398518,4:4:4:4:4:1:2:3:4,3:2:4:4:2:4:4:4:2
2:1:4:4:4:3:3:4:2:,recombination,4266.706961033566,2:2:4:4:4:3:2:4:2,3:2:4:4:3:3:4:4:2
3:2:4:4:3:3:4:4:2:,recombination,2919.341489600327,3:2:4:4:4:3:4:4:3,3:1:4:2:0:4:4:4:1,MUTATE
2:1:4:4:2:4:4:4:1:,recombination,3797.7277320364205,3:2:4:4:4:2:3:4:3,2:2:4:4:4:3:3:4:2
4:2:4:4:3:4:4:4:3:,recombination,2932.704069374869,4:2:4:4:3:4:4:4:3,4:2:4:4:4:3:3:4:3
4:4:4:4:4:0:1:1:4:,recombination,2727.7380142544534,4:4:4:4:4:1:1:3:4,4:4:4:4:4:0:0:1:4
3:2:4:4:4:3:3:4:3:,clone,3138.529087437895,3:2:4:4:4:3:3:4:3
4:3:4:4:4:3:3:4:4:,recombination,2679.872582032985,4:3:4:4:4:2:2:4:4,4:4:4:4:4:0:1:3:4
4:2:4:4:3:4:3:4:4:,clone,2807.4867856264977,4:2:4:4:4:3:4:4:4
3:2:4:4:4:2:3:4:3:,recombination,3288.834124623545,4:2:4:4:4:2:2:3:4,2:2:4:4:4:2:3:4:2,MUTATE
4:4:4:4:4:0:0:1:4:,recombination,2485.498649099107,4:4:4:4:4:1:1:3:4,4:4:4:4:4:0:0:1:4,MUTATE
2:2:4:4:3:3:4:4:2:,recombination,3861.4665059380472,4:2:4:4:4:3:3:4:4,2:1:4:4:2:3:4:4:1
3:2:4:4:3:4:4:4:2:,recombination,3221.475167398518,3:2:4:4:3:4:4:4:3,4:4:4:4:4:1:2:4:4,MUTATE
4:2:4:4:2:4:4:4:3:,clone,3324.5342661871637,4:2:4:4:3:4:4:4:3
4:2:4:4:4:2:2:4:4:,recombination,2668.2435344992623,4:4:4:4:4:1:1:4:4,3:2:4:4:3:3:4:4:2,MUTATE
4:3:4:4:4:1:1:2:4:,clone,2718.222486575343,4:3:4:4:4:1:1:2:4
3:2:4:4:4:3:4:4:3:,recombination,3450.0754556834836,4:3:4:4:4:2:3:3:4,3:2:4:4:3:4:4:4:2
3:2:4:3:1:4:4:4:2:,clone,3361.435328440366,3:2:4:3:1:4:4:4:2
3:2:4:4:3:3:4:4:2:,clone,2726.4049467996565,3:2:4:4:3:3:4:4:2
4:2:4:4:2:4:4:4:3:,clone,3219.7083383612894,4:2:4:4:2:4:4:4:3
3:2:4:4:2:4:4:4:2:,recombination,3121.478050072117,4:2:4:4:4:2:3:4:4,1:1:4:2:0:4:4:4:0
3:2:4:4:4:3:3:4:3:,clone,2977.202389725838,3:2:4:4:4:3:3:4:3
3:2:4:4:4:4:4:4:2:,clone,4352.0277277936775,3:2:4:4:4:3:4:4:3
3:2:4:4:4:4:4:4:2:,recombination,4200.568837395684,3:2:4:4:4:4:4:4:2,4:4:2:4:4:1:2:4:4
4:3:3:4:4:2:2:4:4:,clone,2792.6883864615174,4:3:4:4:4:2:2:4:4
4:2:4:4:4:2:3:4:4:,clone,2669.0859475925204,4:2:4:4:4:2:3:4:4
2:2:4:4:4:3:3:4:2:,recombination,3208.823144016112,4:4:4:4:4:1:1:4:4,2:2:4:4:4:3:3:4:2
3:1:4:4:2:4:4:4:2:,clone,3232.18283215198,3:2:4:4:2:4:4:4:2
4:2:4:4:4:4:3:4:3:,recombination,2958.4504126849783,4:2:4:4:4:3:3:4:4,4:3:4:4:4:3:4:4:4,MUTATE
3:2:4:4:2:3:4:4:2:,clone,3070.327546977557,3:2:4:4:3:3:4:4:2
2:1:4:2:0:4:4:4:1:,clone,3412.584359009024,2:1:4:2:0:4:4:4:1
4:2:4:4:4:3:3:4:4:,recombination,2687.438439652674,4:2:4:4:4:2:2:4:4,4:3:3:4:4:2:3:4:4,MUTATE
3:2:4:4:4:2:3:4:3:,recombination,2708.976123280614,3:2:4:4:4:1:3:4:3,4:2:4:4:4:3:3:4:3,MUTATE
2:1:4:4:2:4:4:4:2:,clone,3822.150631173582,2:1:4:4:2:4:4:4:2
3:2:4:4:4:2:3:4:2:,recombination,3979.2799517553,4:4:4:4:4:2:2:4:4,2:1:4:4:4:3:3:4:2
4:2:4:4:2:4:4:4:3:,clone,2936.441612579469,4:2:4:3:2:4:4:4:3
3:1:4:3:2:4:4:4:2:,clone,2777.553977368315,3:1:4:3:2:4:4:4:2
4:2:4:4:4:2:3:4:4:,clone,2642.8536492827625,4:2:4:4:4:2:3:4:4
4:2:4:3:2:4:4:4:3:,clone,2802.5219529270526,4:2:4:4:2:4:4:4:3
3:2:4:4:4:2:2:4:3:,recombination,3695.300286969786,3:2:4:4:3:3:4:4:2,2:2:4:4:4:3:2:4:2
4:4:4:4:4:0:1:1:4:,recombination,2692.167455144885,4:4:4:4:4:0:0:0:4,4:4:4:4:4:1:1:4:4,MUTATE
4:2:4:4:4:2:3:4:4:,clone,2622.302636992482,4:2:4:4:4:2:3:4:4
4:2:4:4:4:3:3:4:3:,recombination,3000.7055412617374,4:3:4:4:4:1:1:4:4,4:2:4:4:4:2:3:4:4,MUTATE
2:1:4:4:2:3:4:4:1:,clone,3751.288838794648,2:1:4:4:2:3:4:4:1
2:1:4:3:1:4:4:4:1:,clone,3848.876762605079,2:1:4:3:1:4:4:4:1
2:1:4:4:4:3:4:4:1:,clone,3208.823144016112,2:1:4:4:4:3:4:4:1
4:2:4:4:4:1:3:4:4:,clone,3785.151144193681,4:2:4:4:4:1:3:4:4
4:2:4:4:4:2:3:4:3:,recombination,2716.3279954610503,4:4:4:4:4:2:2:4:4,3:2:4:4:4:2:3:4:3
4:3:4:4:4:1:1:3:4:,recombination,2753.723000965464,4:3:4:4:4:2:3:4:4,4:3:4:4:4:1:1:3:4,MUTATE
4:2:4:4:4:1:2:4:4:,clone,3026.1160551523058,4:2:4:4:4:1:2:4:4
4:2:4:4:3:3:4:4:3:,clone,3105.300345286483,4:2:4:4:3:3:4:4:3
4:3:4:4:4:1:1:3:4:,recombination,2669.7358751064708,4:3:4:4:4:1:1:2:4,4:3:3:4:4:2:2:4:4
3:2:4:3:2:4:4:4:2:,clone,3324.7642505458894,3:2:4:3:2:4:4:4:2
3:2:4:4:4:2:2:4:3:,clone,3604.439304311138,3:2:4:4:4:2:2:4:3
2:1:4:3:1:4:4:4:1:,clone,3372.4705800930014,2:1:4:3:2:4:4:4:1
2:1:4:3:1:4:4:4:1:,clone,3286.962228395276,2:1:4:3:1:4:4:4:1
4:3:4:4:4:1:1:2:4:,clone,2715.845330219342,4:3:4:4:4:1:1:2:4
3:2:4:3:1:4:4:4:2:,clone,3268.560197788654,3:2:4:3:1:4:4:4:2
2:1:4:4:3:4:4:4:1:,clone,3193.5878527869345,2:1:4:4:3:4:4:4:1
4:3:4:4:4:1:1:2:4:,clone,2694.2878452502587,4:3:4:4:4:1:1:2:4
4:4:4:4:4:1:2:2:4:,clone,3087.1351510418936,4:3:4:4:4:1:2:2:4
3:2:4:3:2:4:4:4:2:,clone,3015.000702205919,3:2:4:3:2:4:4:4:2
2:2:4:4:2:4:4:4:2:,recombination,4392.386697454921,4:4:4:4:4:1:2:3:4,2:2:4:4:4:3:3:4:2,MUTATE
2:2:4:4:2:4:4:4:2:,clone,4264.5800454451955,2:2:4:4:2:4:4:4:2
4:2:4:4:3:3:4:4:4:,recombination,3319.1170180324602,4:3:3:4:4:2:3:4:4,4:4:4:4:4:1:1:4:4
3:1:4:3:1:4:4:4:2:,clone,3858.8897089778875,3:1:4:3:1:4:4:4:2
1:1:4:4:3:4:4:4:1:,clone,4151.659989670715,2:1:4:4:3:4:4:4:1
2:2:4:4:2:4:4:4:2:,clone,4135.654683038272,2:2:4:4:2:4:4:4:2
2:2:4:3:2:4:4:4:2:,recombination,4065.7426486263025,3:2:4:3:2:4:4:4:3,2:1:4:4:3:3:4:4:1
4:3:4:4:4:1:1:2:4:,clone,2613.9471032985234,4:3:4:4:4:1:1:2:4
3:2:4:4:3:3:4:4:3:,recombination,3371.7359558626385,4:4:3:4:4:2:2:4:4,3:2:4:4:4:3:3:4:3
4:3:4:4:4:1:1:3:4:,clone,2610.5535117797294,4:3:4:4:4:1:1:3:4
3:2:4:4:4:4:4:4:3:,clone,4521.77342718211,3:2:4:4:4:4:4:4:3
1:1:4:4:2:4:4:4:1:,clone,4319.9137059788845,1:1:4:4:2:4:4:4:1
2:2:4:4:3:3:4:4:2:,clone,3672.4855432910294,2:2:4:4:3:3:4:4:2
4:2:4:4:2:3:4:4:4:,recombination,3419.7696009999336,3:2:4:3:2:4:4:4:2,4:3:4:4:3:3:4:4:4,MUTATE
4:4:4:4:4:0:0:2:4:,recombination,2485.498649099107,4:2:4:4:4:1:3:2:4,4:4:4:4:4:0:0:1:4
4:2:4:4:4:3:4:4:3:,recombination,3316.7780207610267,3:2:4:4:3:4:4:4:3,4:2:4:4:4:4:3:4:3,MUTATE
4:2:4:4:3:3:4:4:4:,clone,3319.11701803246,4:2:4:4:3:3:4:4:4
2:2:4:4:2:4:4:4:2:,clone,3674.3786479215664,2:2:4:4:2:4:4:4:2
3:2:4:4:2:4:4:4:3:,clone,3869.4683021697674,3:2:4:4:2:4:4:4:3
3:1:4:3:1:4:4:4:2:,clone,3610.810846421857,3:1:4:3:1:4:4:4:2
2:1:4:4:2:4:4:4:1:,recombination,3657.916985752273,4:3:3:4:4:3:3:4:4,2:2:4:4:4:3:3:4:2
2:1:4:4:1:4:4:4:2:,recombination,4393.3204733077955,3:2:4:4:4:2:3:4:2,4:3:3:4:4:2:3:4:4
2:2:4:4:3:4:4:4:1:,recombination,3975.1126405286004,3:2:4:4:4:2:3:4:3,2:2:4:4:4:3:3:4:2
2:2:4:4:2:4:4:4:2:,clone,3674.378647921566,2:2:4:4:2:4:4:4:2
4:2:4:4:2:4:4:4:4:,recombination,3099.786845855023,4:4:4:4:4:0:1:4:4,4:2:4:4:2:4:4:4:3
3:1:4:4:3:4:4:4:2:,recombination,3550.8565006735876,2:1:4:4:4:3:4:4:2,3:2:4:4:3:3:4:4:2,MUTATE
4:3:4:4:4:1:2:4:4:,clone,2551.411845290969,4:3:4:4:4:1:2:4:4
2:2:4:4:4:4:3:4:2:,recombination,3968.7521464335546,4:2:4:4:4:1:3:4:4,3:2:4:4:4:2:2:4:3,MUTATE
2:1:4:4:1:4:4:4:1:,recombination,4852.040950390166,3:2:4:4:4:2:3:4:3,3:2:4:4:2:4:4:4:3
1:1:4:4:2:4:4:4:0:,clone,4411.81533808585,1:1:4:4:2:4:4:4:0
2:2:4:3:2:4:4:4:2:,clone,4028.0243173738863,2:2:4:3:2:4:4:4:2
2:1:4:4:1:4:4:4:1:,recombination,4468.617265217672,2:1:4:4:1:4:4:4:1,4:3:4:4:4:1:1:4:4,MUTATE
4:2:4:4:3:3:4:4:4:,clone,3147.558647632565,4:2:4:4:3:3:4:4:4
3:2:4:4:4:4:4:4:3:,clone,4354.745914171231,3:2:4:4:4:4:4:4:2
3:2:4:4:1:4:4:4:2:,clone,4402.922155003134,3:2:4:4:2:4:4:4:2
2:2:4:4:2:4:4:4:1:,recombination,4358.807589168269,4:4:4:4:4:1:1:4:4,3:2:4:4:4:3:4:4:3
4:4:2:4:4:1:1:4:4:,recombination,2772.9260985255214,4:4:1:4:4:1:1:4:4,3:2:4:4:3:3:4:4:2
4:2:4:4:4:3:4:4:4:,clone,3279.504624953762,4:2:4:4:4:3:4:4:4
4:2:4:4:4:3:3:4:4:,recombination,2668.1838932777628,4:2:4:4:3:3:4:4:4,4:3:4:4:4:1:1:4:4,MUTATE
3:1:4:2:1:4:4:4:1:,recombination,3142.668282583698,2:1:4:3:2:4:4:4:1,4:2:4:4:2:4:4:4:3
3:1:4:3:2:4:4:4:2:,recombination,2750.6274309047612,4:2:4:4:4:2:3:4:3,3:2:4:4:3:3:4:4:2
2:1:4:3:0:4:4:4:1:,recombination,4226.912239809758,4:3:4:4:4:2:3:4:4,4:2:4:4:4:2:2:4:4
4:2:4:4:3:3:4:4:4:,clone,3128.378054442119,4:2:4:4:3:3:4:4:4
4:2:4:4:4:3:3:4:3:,clone,2999.1970393090396,4:2:4:4:4:3:3:4:4
4:2:4:4:3:3:4:4:4:,recombination,3013.206595158893,4:4:4:4:4:1:2:4:4,4:2:4:4:3:3:4:4:4,MUTATE
3:1:4:4:3:3:4:4:2:,recombination,3288.3266795625773,3:2:4:4:3:3:4:4:2,4:2:4:4:4:3:3:4:4
4:2:4:4:4:2:3:2:4:,clone,3874.2439455222525,4:2:4:4:4:1:3:2:4
3:2:4:4:4:4:4:4:3:,clone,4323.082556014049,3:2:4:4:4:4:4:4:3
3:1:4:4:2:4:4:4:2:,recombination,3068.4394548572836,4:2:4:4:4:4:4:4:3,3:2:4:4:3:3:4:4:2,MUTATE
2:1:4:4:2:4:4:4:1:,clone,3359.96001063804,2:1:4:4:2:4:4:4:1
3:2:4:4:2:4:4:4:3:,clone,3837.6154438150065,3:2:4:4:2:4:4:4:3
2:1:4:4:4:3:3:4:2:,clone,3621.6256605217923,2:1:4:4:4:3:4:4:1
3:2:4:4:4:4:4:4:2:,recombination,3885.9295737818265,4:2:4:4:4:1:2:3:4,4:3:4:4:4:3:4:4:4
4:3:4:4:4:2:2:4:4:,clone,2556.425054100529,4:3:4:4:4:1:2:4:4
3:2:4:4:3:4:4:4:2:,clone,3217.556156787523,3:2:4:4:3:4:4:4:2
2:2:4:4:4:4:4:4:2:,recombination,5430.685292998815,2:2:4:4:4:3:4:4:2,4:2:4:4:4:1:3:4:4
4:4:3:4:4:1:1:4:4:,recombination,2681.4493791279447,4:4:4:4:4:0:1:1:4,4:4:2:4:4:1:1:4:4,MUTATE
4:3:4:4:4:1:2:4:4:,recombination,2549.530578986533,2:2:4:4:4:3:3:4:2,4:3:4:4:4:2:2:4:4
3:1:4:2:1:4:4:4:2:,clone,3403.4472615421814,3:1:4:2:1:4:4:4:2
3:1:4:4:2:4:4:4:2:,recombination,2936.3356070192904,4:3:4:4:4:2:3:4:4,3:1:4:3:1:4:4:4:2
3:2:4:4:4:4:4:4:3:,recombination,4289.538534819692,3:2:4:4:4:4:4:4:3,4:3:4:4:4:3:3:4:4
3:2:4:4:2:3:4:4:3:,clone,4009.611826337551,3:2:4:3:2:4:4:4:2
4:2:4:4:4:1:2:4:4:,recombination,2466.2937605705933,4:4:3:4:4:1:2:4:4,4:3:4:4:4:1:1:3:4,MUTATE
4:2:4:4:3:3:4:4:3:,recombination,3000.469820841156,3:2:4:4:3:3:4:4:2,4:4:2:4:4:2:1:4:4,MUTATE
3:1:4:4:2:4:4:4:2:,clone,2930.543910768416,3:1:4:4:2:4:4:4:2
2:2:4:3:1:4:4:4:2:,recombination,4140.07411846828,3:2:4:3:2:4:4:4:3,4:2:4:4:4:3:3:4:4
2:1:4:3:2:4:4:4:1:,recombination,2864.6929198373828,4:3:4:4:4:2:3:4:4,1:1:4:4:2:4:4:4:0
3:2:4:4:3:4:4:4:2:,clone,3203.8986723157964,3:2:4:4:3:4:4:4:2
3:2:4:3:2:3:4:4:2:,clone,3355.422024255229,3:2:4:3:2:3:4:4:2
4:2:4:4:3:3:3:4:4:,clone,2864.1594573885113,4:2:4:4:3:3:3:4:4
3:2:4:4:4:4:4:4:3:,clone,4073.635218115375,3:2:4:4:4:4:4:4:3
2:2:4:3:1:4:4:4:1:,recombination,4256.0522517011705,3:2:4:4:4:2:3:4:3,4:4:4:4:4:2:2:4:4
4:2:4:4:3:3:3:4:3:,recombination,3050.9738173598257,4:2:4:4:3:3:4:4:3,4:2:4:4:4:3:3:4:4,MUTATE
3:1:4:3:1:4:4:4:2:,recombination,3593.8708901123655,3:1:4:2:1:4:4:4:2,1:1:4:2:0:4:4:4:0
1:1:4:2:0:4:4:4:0:,clone,4178.072220260984,1:1:4:2:0:4:4:4:0
4:4:4:4:4:0:1:3:4:,clone,2492.4856189779293,4:3:4:4:4:0:1:3:4
3:2:4:4:4:3:4:4:2:,recombination,3544.209475419189,2:1:4:4:3:4:4:4:1,4:2:4:4:3:3:4:4:4
3:1:4:4:3:4:4:4:2:,clone,3089.368360863778,3:2:4:4:2:4:4:4:2
4:2:4:4:3:3:4:4:4:,recombination,2864.1594573885113,4:3:3:4:4:3:3:4:4,4:3:4:4:4:2:3:4:4
3:2:4:4:3:3:4:4:3:,recombination,3303.1205362892997,4:2:4:4:4:3:4:4:3,4:4:4:4:4:1:1:4:4,MUTATE
3:1:4:2:1:4:4:4:2:,recombination,3222.1809546701365,3:1:4:2:1:4:4:4:2,3:2:4:4:4:3:4:4:3
2:2:4:4:3:4:4:4:2:,recombination,3760.112397268969,2:2:4:4:4:4:3:4:2,4:3:4:4:4:1:3:3:4
3:1:4:2:0:4:4:4:1:,recombination,2792.7236611410162,3:2:4:3:1:4:4:4:2,1:1:4:1:0:4:4:4:0,MUTATE
3:1:4:3:1:4:4:4:2:,recombination,3336.2076215426964,4:4:2:4:4:2:1:4:4,4:2:4:4:3:4:4:4:3
1:1:4:3:1:4:4:4:0:,clone,3801.2306464195112,1:1:4:2:1:4:4:4:0
2:2:4:4:3:4:4:4:2:,clone,3742.9730375139175,2:2:4:4:3:4:4:4:2
3:2:4:4:2:4:4:4:2:,clone,3091.8706084804735,3:1:4:4:2:4:4:4:2
2:1:4:2:1:4:4:4:1:,clone,3811.4682195468595,2:1:4:2:1:4:4:4:1
2:1:4:4:2:3:4:4:2:,clone,4742.187872151328,2:2:4:4:2:3:4:4:2
3:2:4:4:3:3:4:4:3:,clone,3192.9428691459007,3:2:4:4:3:3:4:4:3
2:1:4:2:1:4:4:4:1:,clone,3392.2119447253476,3:1:4:3:1:4:4:4:2
2:1:4:3:1:4:4:4:1:,clone,3157.4005877774002,2:1:4:3:1:4:4:4:1
2:1:4:4:4:3:3:4:1:,recombination,4145.44288502501,2:1:4:4:4:3:3:4:2,3:2:4:4:4:2:2:4:3,MUTATE
2:1:4:4:4:4:4:4:1:,clone,4098.767672459178,2:1:4:4:4:4:4:4:1
2:1:4:4:4:3:3:4:1:,clone,4069.457148914129,2:1:4:4:4:3:3:4:1
3:2:4:3:2:3:4:4:2:,clone,3333.9016275095505,3:2:4:3:2:3:4:4:2
3:2:4:4:4:3:4:4:2:,recombination,3286.0179930926206,3:2:4:4:2:4:4:4:2,4:2:4:4:4:2:2:3:4
2:2:4:4:1:4:4:4:2:,recombination,4917.908474276209,2:2:4:4:2:3:4:4:2,3:2:4:4:4:2:4:4:3,MUTATE
4:4:4:4:4:0:1:3:4:,clone,2439.428357613825,4:4:4:4:4:0:1:3:4
2:1:4:2:0:4:4:4:0:,clone,3006.979720901352,2:1:4:1:0:4:4:4:0
2:1:4:2:1:4:4:4:1:,clone,2919.1277660296682,2:1:4:3:1:4:4:4:1
4:2:4:4:3:3:4:4:3:,clone,2919.1277660296682,4:2:4:4:3:3:4:4:3
4:3:4:4:4:0:1:3:4:,clone,2459.3018659407503,4:4:4:4:4:0:1:3:4
1:1:4:2:0:4:4:4:0:,clone,4125.4044191611865,1:1:4:2:0:4:4:4:0
2:2:4:4:4:4:4:4:2:,clone,4060.173255280171,2:2:4:4:4:4:4:4:2
3:2:4:4:3:4:4:4:2:,clone,3178.101578848779,3:2:4:4:3:4:4:4:2
3:1:4:4:2:3:4:4:2:,recombination,3742.8956444763057,4:3:4:4:4:2:3:4:4,4:2:4:4:4:1:2:4:4,MUTATE
2:2:4:4:4:2:3:4:2:,clone,3849.5531563393934,2:2:4:4:4:3:3:4:2
2:1:4:4:4:4:4:4:2:,clone,4060.173255280171,2:1:4:4:4:4:4:4:1
2:2:4:4:3:4:4:4:1:,recombination,3756.4436836237574,4:3:4:4:4:3:3:4:4,4:2:4:4:4:1:1:1:4,MUTATE
4:1:4:3:2:4:4:4:3:,clone,3241.704551238478,4:1:4:3:2:4:4:4:3
2:1:4:4:4:3:4:4:2:,recombination,3870.311854273059,2:1:4:4:4:3:3:4:2,4:3:4:4:4:1:1:2:4,MUTATE
1:1:4:2:0:4:4:4:0:,recombination,4000.8105507143755,4:2:4:4:4:3:3:4:4,3:2:4:4:4:2:3:4:3
3:2:4:4:3:3:4:4:3:,clone,3159.8656015439487,3:2:4:4:3:3:4:4:3
3:2:4:4:3:4:4:4:2:,recombination,2932.486119022689,3:2:4:4:2:4:4:4:2,4:3:3:4:4:3:3:4:4
2:1:4:3:1:4:4:4:1:,recombination,3149.8707728808395,4:3:4:4:4:2:3:4:4,3:2:4:4:3:3:4:4:2,MUTATE
4:2:4:4:4:1:2:1:4:,clone,3547.110339089078,4:2:4:4:4:1:1:1:4
4:3:4:4:4:1:2:4:4:,recombination,2512.288203080789,4:2:4:4:4:1:2:4:4,4:4:3:4:4:1:2:4:4
4:2:4:4:3:3:3:4:3:,recombination,2714.2319322366116,3:2:4:4:4:3:4:4:2,4:4:4:4:4:1:2:4:4
4:2:4:4:4:2:2:4:4:,recombination,2346.1225786938166,3:2:4:4:2:3:4:4:2,4:2:4:4:4:1:2:4:4,MUTATE
2:2:4:3:1:4:4:4:2:,clone,4032.760398965245,2:2:4:3:1:4:4:4:2
4:3:4:4:4:1:2:4:4:,clone,2391.1212962976774,4:3:4:4:4:1:2:4:4
4:2:4:4:3:3:3:4:3:,recombination,2701.575395005368,4:2:4:4:4:2:2:4:4,4:2:4:4:3:3:3:4:3,MUTATE
2:2:4:3:1:4:4:4:2:,recombination,3796.689917419671,3:2:4:4:3:4:4:4:3,4:4:4:4:4:1:1:4:4,MUTATE
2:2:4:4:2:4:4:4:1:,recombination,3737.164384427576,4:4:4:4:4:1:2:4:4,3:2:4:4:1:4:4:4:2,MUTATE
3:1:4:4:3:3:4:4:2:,recombination,3189.2829937492993,4:3:3:4:4:3:3:4:4,4:2:4:4:4:2:2:4:4
3:1:4:3:2:3:4:4:2:,recombination,3376.9677571280645,4:3:3:4:4:2:2:4:4,4:2:4:4:4:3:4:4:4
3:2:4:4:4:3:3:4:2:,recombination,3103.6468846978187,4:2:4:4:4:2:2:4:4,4:2:4:4:4:3:3:4:3,MUTATE
4:3:4:4:4:1:2:4:4:,clone,2388.34440777403,4:3:4:4:4:1:2:4:4
1:1:4:2:1:4:4:4:0:,recombination,3762.328617499924,2:1:4:4:4:3:4:4:2,3:1:4:3:1:4:4:4:2,MUTATE
1:1:4:2:0:4:4:4:0:,recombination,3529.1695308134354,2:2:4:3:1:4:4:4:1,3:1:4:2:0:4:4:4:1
2:1:4:3:1:4:4:4:1:,recombination,2928.3761983325717,4:2:4:4:4:3:3:4:3,3:1:4:3:2:4:4:4:2
4:3:4:4:4:2:3:4:4:,recombination,2661.737036129151,4:4:3:4:4:1:1:4:4,4:4:4:4:4:2:3:4:4,MUTATE
4:2:4:4:3:3:4:4:3:,clone,2908.606647141077,4:2:4:4:3:3:4:4:3
1:1:4:3:0:4:4:4:0:,recombination,4779.196239666997,3:2:4:4:4:2:3:4:3,3:2:4:4:4:3:3:4:3
4:2:4:4:4:3:4:4:3:,recombination,3195.286401561636,4:2:4:4:4:2:3:4:4,4:3:4:4:4:3:2:4:4,MUTATE
3:2:4:4:4:4:4:4:3:,recombination,3803.0985053980576,3:2:4:4:4:3:4:4:2,2:2:4:4:4:3:4:4:2
2:1:4:3:1:4:4:4:1:,clone,2907.629464631584,2:1:4:3:1:4:4:4:1
2:2:4:4:3:3:4:4:1:,recombination,4146.409091487341,2:2:4:3:1:4:4:4:1,2:2:4:4:4:2:3:4:2
2:1:4:3:1:4:4:4:2:,recombination,4293.778038760841,4:2:4:4:2:3:4:4:4,2:2:4:4:3:3:4:4:2
2:1:4:4:3:3:4:4:1:,recombination,4433.170164137397,4:2:4:4:4:1:3:4:4,2:1:4:4:2:3:4:4:1
2:1:4:4:4:4:4:4:1:,clone,3945.1284170249232,2:1:4:4:4:4:4:4:1
3:1:4:3:1:4:4:4:2:,recombination,3300.2074916546208,3:1:4:3:2:3:4:4:2,4:2:4:4:3:3:4:4:3
4:2:4:4:4:2:3:4:4:,recombination,2598.4614686017744,4:3:4:4:4:3:3:4:4,4:2:4:4:4:1:2:4:4
3:2:4:4:4:4:4:4:3:,recombination,3749.7494395785952,2:1:4:3:1:4:4:4:1,3:2:4:4:4:4:4:4:3
2:1:4:3:0:4:4:4:1:,clone,4215.799798194232,2:1:4:3:0:4:4:4:1
2:1:4:2:0:4:4:4:1:,clone,3013.9449941833873,2:1:4:3:1:4:4:4:1
2:2:4:4:2:3:4:4:1:,recombination,3633.9429203730656,2:2:4:4:2:4:4:4:1,2:2:4:4:4:3:2:4:2
2:2:4:4:3:3:4:4:2:,recombination,3598.6778439256345,4:2:4:4:4:2:3:4:4,3:2:4:4:4:3:3:4:3,MUTATE
2:2:4:4:4:3:4:4:2:,recombination,4170.227302333237,2:1:4:4:3:3:4:4:1,4:3:4:4:4:1:1:2:4,MUTATE
2:2:4:4:4:3:4:4:2:,recombination,3458.7379810068005,4:3:4:4:4:2:3:4:4,3:2:4:4:4:3:3:4:3,MUTATE
2:1:4:4:3:3:4:4:2:,recombination,3455.330839493718,4:2:4:4:4:2:3:4:4,2:1:4:3:1:4:4:4:1,MUTATE
3:1:4:3:1:4:4:4:2:,recombination,2925.922389047785,4:4:3:4:4:3:2:4:4,2:1:4:2:1:4:4:4:1,MUTATE
1:1:4:3:0:4:4:4:0:,clone,4588.698603862168,1:1:4:3:0:4:4:4:0
4:4:2:4:4:1:1:4:4:,clone,2767.1764917584164,4:4:2:4:4:1:1:4:4
2:1:4:4:3:3:4:4:2:,recombination,3453.3249779151665,4:2:4:4:4:2:3:4:4,4:2:4:4:4:2:3:4:3,MUTATE
2:2:4:3:1:4:4:4:1:,clone,3591.5021575318683,2:2:4:3:1:4:4:4:1
3:2:4:4:4:3:3:4:3:,clone,2901.5590749280327,3:2:4:4:4:3:3:4:3
2:1:4:4:2:3:4:4:1:,clone,3214.1372358110675,2:1:4:4:2:3:4:4:1
2:1:4:3:0:4:4:4:1:,recombination,4116.597625330649,4:2:4:4:3:4:4:4:3,1:1:4:4:3:4:4:4:1
3:2:4:4:4:2:2:3:3:,clone,4067.46862343883,4:2:4:4:4:2:2:3:4
3:2:4:4:2:3:4:4:3:,recombination,3951.761145396142,4:4:4:4:4:2:2:4:4,2:1:4:3:0:4:4:4:1
2:1:4:4:3:3:4:4:1:,clone,4217.867703369808,2:1:4:4:3:3:4:4:1
3:1:4:4:4:3:4:4:2:,recombination,3968.878528763995,3:2:4:4:4:3:3:4:3,2:1:4:4:4:3:3:4:2
2:1:4:4:2:3:4:4:1:,clone,3122.889436159603,2:1:4:3:2:3:4:4:1
2:1:4:3:1:3:4:4:1:,recombination,3773.538348039737,3:2:4:4:4:4:4:4:3,4:2:4:4:4:2:3:2:4
2:1:4:4:4:4:4:4:1:,clone,3902.063718397942,2:1:4:4:4:4:4:4:1
1:1:4:2:0:4:4:4:0:,recombination,3510.898584627174,2:2:4:4:4:4:4:4:2,3:1:4:3:1:4:4:4:2,MUTATE
3:2:4:4:4:3:3:4:2:,clone,3087.5651664111056,3:1:4:4:4:3:3:4:2
2:1:4:4:4:4:4:4:1:,clone,3684.6856426866993,2:1:4:4:4:4:4:4:1
3:1:4:3:1:3:4:4:2:,recombination,3611.2451467973024,4:2:4:4:3:4:4:4:4,2:1:4:3:1:3:4:4:1,MUTATE
1:1:4:3:0:4:4:4:0:,clone,4549.8526542414875,1:1:4:2:0:4:4:4:0
2:1:4:4:4:4:4:4:1:,clone,3652.4688496877384,2:1:4:4:4:4:4:4:1
3:1:4:4:4:3:3:4:2:,recombination,3166.3866907250235,4:3:4:4:4:2:3:4:4,2:2:4:4:4:3:4:4:2,MUTATE
2:1:4:4:3:4:4:4:2:,clone,3371.399824849412,2:1:4:4:3:4:4:4:2
2:1:4:4:3:3:4:4:1:,recombination,2887.8537108047663,3:2:4:4:4:3:3:4:2,4:4:4:4:4:1:3:4:4
2:1:4:4:3:4:4:4:2:,clone,3370.3026011778243,2:1:4:4:3:4:4:4:2
3:2:4:4:4:3:3:4:2:,clone,2962.0675164957006,3:2:4:4:4:3:3:4:2
1:1:4:2:0:4:4:4:0:,clone,3452.2416522640606,1:1:4:2:0:4:4:4:0
2:2:4:4:3:3:4:4:2:,recombination,2998.704189307977,4:2:4:4:4:2:3:4:4,3:1:4:3:1:4:4:4:2
3:2:4:4:4:4:3:4:2:,recombination,3322.7707873212626,4:4:3:4:4:1:1:4:4,4:3:4:4:4:3:3:4:4
2:1:4:4:2:3:4:4:1:,recombination,3074.775148778973,3:2:4:4:4:3:3:4:3,3:1:4:3:1:4:4:4:2
2:2:4:4:1:4:4:4:2:,clone,4792.567739779276,2:2:4:4:1:4:4:4:2
3:2:4:3:1:4:4:4:3:,recombination,4099.527241796792,4:4:4:4:4:1:3:4:4,2:1:4:4:3:4:4:4:1
3:2:4:4:3:3:3:4:2:,clone,2973.976336338388,3:2:4:4:3:3:3:4:2
1:1:4:2:0:4:4:4:0:,clone,3413.8376229524133,1:1:4:2:0:4:4:4:0
2:2:4:4:2:4:4:4:2:,recombination,3429.0070848055934,1:1:4:2:1:4:4:4:0,4:3:4:4:4:1:1:2:4
3:1:4:4:3:3:4:4:2:,clone,3174.758655384012,3:2:4:4:3:3:3:4:2
2:1:4:4:3:3:4:4:2:,clone,3051.5535556403765,2:2:4:4:3:3:4:4:2
1:1:4:2:0:4:4:4:0:,clone,3393.0908892514267,1:1:4:2:0:4:4:4:0
3:1:4:4:4:4:3:4:2:,recombination,3626.111234609033,2:2:4:4:2:4:4:4:2,2:2:4:4:4:3:2:4:2
3:1:4:4:2:3:4:4:2:,clone,3496.3819567158785,3:2:4:4:3:3:4:4:2
3:1:4:4:4:3:4:4:2:,recombination,3526.6100824444807,4:3:4:4:4:1:2:4:4,3:2:4:4:4:4:4:4:3
3:1:4:4:2:3:4:4:2:,clone,3485.4688617795264,3:1:4:4:2:3:4:4:2
2:1:4:4:3:4:4:4:2:,clone,3362.979775315179,2:1:4:4:3:4:4:4:2
3:2:4:4:4:2:2:4:3:,clone,3556.3389050450714,3:2:4:4:4:2:2:4:3
2:1:4:4:2:3:4:4:2:,clone,3611.9300257012433,3:1:4:4:2:3:4:4:2
2:1:4:4:4:4:4:4:1:,clone,3531.111181230121,2:1:4:4:4:4:4:4:1
1:1:4:3:1:4:4:4:1:,recombination,5093.09745318233,3:2:4:4:4:2:4:4:3,4:3:4:4:4:1:1:4:4,MUTATE
2:1:4:4:2:3:4:4:2:,clone,3601.0169307648903,2:1:4:4:2:3:4:4:2
2:2:4:2:0:4:4:4:1:,recombination,4042.3974745480677,2:1:4:3:1:4:4:4:1,4:3:4:4:4:1:1:2:4
1:1:4:3:1:4:4:4:1:,recombination,4571.464403696997,2:2:4:4:4:3:3:4:2,3:2:4:3:2:4:4:4:3
2:2:4:4:3:3:4:4:1:,recombination,3704.6985580634946,2:2:4:4:3:3:4:4:1,4:4:4:4:4:1:1:4:4,MUTATE
3:2:4:4:4:2:2:4:3:,clone,3535.4121192151115,3:2:4:4:4:2:2:4:3
2:1:4:4:2:4:4:4:2:,clone,3577.828089985073,2:1:4:4:2:4:4:4:2
2:2:4:4:3:4:4:4:2:,recombination,3668.8447526968184,1:1:4:2:0:4:4:4:0,4:3:4:4:4:2:2:4:4
2:1:4:3:2:4:4:4:2:,recombination,4072.824229460782,4:4:4:4:4:2:2:4:4,4:3:4:4:4:2:2:4:4,MUTATE
1:1:4:2:0:4:4:4:0:,clone,3378.9875773230015,1:1:4:2:0:4:4:4:0
3:2:4:4:4:2:2:4:3:,clone,3353.2804409589717,3:2:4:4:4:2:2:4:3
2:1:4:4:1:3:4:4:1:,recombination,4591.11253253695,4:1:4:3:2:4:4:4:3,3:2:4:4:4:2:4:4:3,MUTATE
2:1:4:3:1:3:4:4:1:,clone,3654.116944117328,2:1:4:3:1:3:4:4:1
3:2:4:4:4:4:4:4:3:,recombination,3473.9869415606095,4:3:4:4:4:2:3:4:4,2:2:4:3:1:4:4:4:2,MUTATE
1:1:4:2:0:4:4:4:0:,recombination,3349.5983718248444,1:1:4:2:0:4:4:4:0,2:1:4:3:2:4:4:4:1
1:1:4:3:1:4:4:4:0:,recombination,3620.4804158972183,3:2:4:4:4:3:3:4:3,2:1:4:3:1:4:4:4:1,MUTATE
1:1:4:3:1:4:4:4:0:,clone,3509.7950041506565,1:1:4:3:1:4:4:4:0
1:1:4:3:1:4:4:4:0:,clone,3504.1761663529087,1:1:4:3:1:4:4:4:0
2:2:4:4:4:4:4:4:2:,recombination,3928.2905951502653,3:2:4:4:4:4:4:4:2,3:1:4:2:1:4:4:4:1
2:1:4:3:2:3:4:4:1:,recombination,3117.7272846535084,4:2:4:4:4:3:3:4:4,4:2:4:4:4:2:3:4:4
1:1:4:2:1:4:4:4:0:,recombination,3698.6158083283112,2:1:4:4:2:3:4:4:2,2:2:4:4:3:3:4:4:2
2:2:4:4:2:3:4:4:2:,recombination,4127.975541025233,4:4:4:4:4:1:2:4:4,4:2:4:4:4:1:3:2:4,MUTATE
2:2:4:4:2:4:4:4:1:,recombination,3714.872212033847,4:3:4:4:4:3:3:4:4,4:3:4:4:4:2:3:4:4
3:1:4:2:0:4:4:4:2:,recombination,3577.3544640104838,4:2:4:4:2:4:4:4:4,4:2:4:4:4:2:2:4:4
2:1:4:4:2:4:4:4:1:,recombination,3296.400958898823,4:2:4:4:4:3:3:4:3,2:1:4:4:4:4:4:4:1,MUTATE
3:1:4:4:2:3:4:4:2:,recombination,3403.7007658580283,4:2:4:4:4:3:3:4:4,4:2:4:4:4:2:2:3:4
2:2:4:2:1:4:4:4:1:,recombination,3727.6852565989175,2:2:4:3:1:4:4:4:1,4:2:4:4:4:3:3:4:4,MUTATE
3:2:4:4:2:4:4:4:3:,recombination,3637.818158329038,4:3:4:4:4:2:1:4:4,3:2:4:4:3:4:4:4:2,MUTATE
1:1:4:2:0:4:4:4:0:,clone,3324.1628356237857,1:1:4:2:0:4:4:4:0
2:2:4:3:2:4:4:4:1:,recombination,4082.55022767432,4:4:4:4:4:1:2:4:4,2:2:4:3:2:4:4:4:2,MUTATE
2:1:4:3:0:4:4:4:1:,recombination,4094.145442545054,1:1:4:2:0:4:4:4:0,4:3:4:4:4:2:3:3:4
2:2:4:4:1:4:4:4:2:,recombination,4664.099098616306,2:2:4:4:2:4:4:4:2,2:2:4:4:1:4:4:4:2
2:1:4:3:2:4:4:4:2:,clone,3942.3754866910526,2:1:4:3:2:4:4:4:2
3:2:4:4:4:3:4:4:2:,recombination,3225.6315702848256,4:3:4:4:4:2:2:4:4,4:4:4:4:4:0:1:4:4
3:1:4:2:0:4:4:4:2:,clone,3403.1848254163756,3:1:4:2:0:4:4:4:2
1:1:4:2:0:4:4:4:0:,recombination,3164.1220574459503,4:3:4:4:4:3:3:4:4,3:2:4:4:4:3:3:4:3,MUTATE
4:4:4:4:4:1:2:1:4:,clone,3374.0081665323814,4:4:4:4:4:0:1:1:4
1:1:4:2:0:4:4:4:0:,clone,2994.461494867849,1:1:4:2:0:4:4:4:0
3:2:4:4:4:3:4:4:3:,clone,3356.313065513071,3:2:4:4:4:3:4:4:3
1:1:4:3:0:4:4:4:0:,clone,4525.838000132085,1:1:4:3:0:4:4:4:0
1:1:4:3:0:4:4:4:1:,clone,5177.573556518476,1:1:4:3:0:4:4:4:1
2:1:4:4:2:4:4:4:1:,recombination,3082.0626742787576,4:2:4:4:3:4:4:4:3,2:1:4:4:2:4:4:4:1,MUTATE
2:1:4:3:2:4:4:4:2:,recombination,3791.9464289112598,3:2:4:4:4:3:3:4:3,4:2:4:4:3:3:4:4:3,MUTATE
1:1:4:3:1:4:4:4:1:,recombination,4477.914512520783,4:3:4:4:4:2:4:4:4,1:1:4:2:0:4:4:4:0
1:1:4:3:1:4:4:4:1:,recombination,4231.3222912325,4:4:4:4:4:1:2:4:4,1:1:4:3:1:4:4:4:1
4:3:4:4:4:3:4:4:4:,recombination,3592.354447395642,4:4:4:4:4:0:0:2:4,4:2:4:4:4:4:4:4:3,MUTATE
1:1:4:3:1:4:4:4:1:,clone,4160.6668231580525,1:1:4:3:1:4:4:4:1
3:2:4:4:2:4:4:4:3:,recombination,3555.889086629423,4:4:4:4:4:1:1:3:4,4:2:4:4:3:3:3:4:3,MUTATE
4:4:4:4:4:0:2:3:4:,recombination,3168.806587609176,4:4:4:4:4:0:0:1:4,4:3:4:4:4:2:3:3:4
4:3:4:4:4:3:4:4:4:,clone,3592.3544473956417,4:3:4:4:4:3:4:4:4
3:1:4:4:3:4:4:4:2:,clone,2850.639862871375,3:2:4:4:3:4:4:4:2
3:1:4:3:2:3:4:4:2:,recombination,3202.2999016882986,4:2:4:4:3:4:4:4:4,3:2:4:4:2:4:4:4:3
2:2:4:4:1:4:4:4:2:,clone,4566.1035004221785,2:2:4:4:1:4:4:4:2
3:1:4:4:1:4:4:4:2:,recombination,4561.8169787656425,4:3:4:4:4:3:4:4:4,2:1:4:4:4:3:3:4:2
3:1:4:3:2:3:4:4:2:,clone,3058.5819502498457,3:1:4:3:2:3:4:4:2
3:2:4:4:2:3:4:4:3:,clone,3893.4867351593452,4:2:4:4:3:3:4:4:3
3:2:4:4:2:4:4:4:3:,recombination,3526.499881131266,3:2:4:4:2:4:4:4:3,4:2:4:4:4:1:2:4:4
3:2:4:4:2:4:4:4:3:,recombination,3412.084146411175,4:2:4:4:2:4:4:4:4,3:2:4:4:4:3:3:4:2,MUTATE
1:1:4:3:0:4:4:4:0:,recombination,4236.942474658407,2:1:4:3:2:4:4:4:1,2:1:4:4:4:4:4:4:1,MUTATE
2:2:4:3:1:4:4:4:1:,recombination,3416.630612761633,4:3:4:4:4:0:1:1:4,4:2:4:4:4:2:4:4:4,MUTATE
1:1:4:3:0:4:4:4:1:,recombination,5102.645968046299,4:3:4:4:4:2:2:4:4,1:1:4:3:0:4:4:4:1
3:2:4:3:1:4:4:4:3:,recombination,3875.0551765472796,4:4:4:4:4:0:1:2:4,4:2:4:4:4:2:2:4:4
2:1:4:4:1:4:4:4:1:,clone,4384.5175722385375,1:1:4:3:1:4:4:4:1
1:1:4:1:0:4:4:4:0:,clone,2792.7236611410153,1:1:4:2:0:4:4:4:0
1:1:4:1:0:4:4:4:0:,recombination,2677.0889547689308,4:3:4:4:4:1:1:2:4,3:1:4:4:3:3:4:4:2,MUTATE
2:1:4:1:0:4:4:4:0:,clone,2723.626923973331,2:1:4:1:0:4:4:4:0
3:2:4:3:1:4:4:4:2:,recombination,3247.7835859814177,3:2:4:3:1:4:4:4:3,2:1:4:4:4:4:4:4:1,MUTATE
3:1:4:2:1:4:4:4:2:,clone,3160.482080276501,3:1:4:2:1:4:4:4:2
4:2:4:4:4:1:3:3:4:,recombination,3933.7249340568596,4:2:4:4:4:2:2:4:4,4:2:4:4:4:1:2:1:4,MUTATE
3:1:4:2:1:4:4:4:2:,clone,3050.124065478061,3:1:4:2:1:4:4:4:2
2:2:4:3:2:4:4:4:2:,clone,3556.096217419741,2:2:4:4:2:4:4:4:2
2:1:4:2:0:4:4:4:1:,recombination,3009.8044697581995,4:3:4:4:4:2:3:4:4,4:2:4:4:4:2:2:4:4
2:1:4:4:2:3:4:4:2:,clone,3408.124013094799,2:1:4:4:2:3:4:4:2
2:2:4:4:2:3:4:4:2:,recombination,3375.671812838252,3:2:4:4:4:3:4:4:2,4:3:4:4:4:2:2:4:4
2:1:4:3:2:4:4:4:2:,clone,3519.3652661088427,2:1:4:4:2:3:4:4:2
2:2:4:4:3:4:4:4:1:,recombination,3638.2289414185984,4:4:4:4:4:1:2:4:4,4:4:4:4:4:2:2:4:4
2:1:4:3:2:4:4:4:2:,recombination,3468.859303780008,2:2:4:3:2:4:4:4:2,4:3:4:4:4:3:2:4:4,MUTATE
2:2:4:4:2:3:4:4:2:,recombination,3347.561745143831,3:2:4:4:4:3:4:4:2,2:1:4:4:4:4:4:4:1,MUTATE
3:2:4:4:4:2:4:4:2:,recombination,4275.905033835699,4:2:4:4:4:1:2:1:4,3:1:4:4:2:3:4:4:2,MUTATE
4:2:4:3:2:3:4:4:3:,recombination,3429.18014573048,4:2:4:4:2:4:4:4:4,4:4:3:4:4:1:2:4:4,MUTATE
1:1:4:3:0:4:4:4:1:,recombination,4822.344318211764,3:2:4:4:3:4:4:4:2,3:2:4:4:4:2:4:4:3
3:2:4:3:2:4:4:4:3:,recombination,3668.845002059271,4:4:4:4:4:3:3:4:4,3:1:4:2:1:4:4:4:2
3:1:4:3:0:4:4:4:2:,recombination,4334.8537099626255,4:4:4:4:4:1:2:1:4,3:2:4:4:4:2:3:4:2
2:2:4:4:3:4:4:4:2:,recombination,3586.261911358908,4:3:4:4:4:2:2:4:4,3:2:4:4:4:3:3:4:2
3:2:4:4:3:4:4:4:2:,clone,2907.5695534291585,3:2:4:4:3:4:4:4:2
2:2:4:4:4:3:4:4:1:,clone,5019.891512801176,2:2:4:4:3:3:4:4:1
1:1:4:4:2:3:4:4:1:,clone,5034.245175446144,1:1:4:4:2:3:4:4:1
2:2:4:3:2:4:4:4:2:,clone,3544.7119625438413,2:2:4:3:2:4:4:4:2
1:1:4:3:2:4:4:4:0:,recombination,3950.8440632774827,3:2:4:4:4:1:3:4:3,3:2:4:4:2:4:4:4:2,MUTATE
1:1:4:4:2:4:4:4:1:,recombination,4018.9506139939267,3:2:4:4:4:2:4:4:3,4:3:3:4:4:1:2:4:4,MUTATE
2:2:4:4:1:3:4:4:2:,clone,4401.905978050379,3:2:4:4:2:3:4:4:2
3:2:4:4:3:3:4:4:3:,recombination,3080.735935042777,3:2:4:4:4:4:4:4:3,4:2:4:4:4:2:3:3:4
4:2:4:4:2:3:4:4:3:,recombination,3207.1472405386453,4:4:4:4:4:0:1:4:4,3:2:4:4:2:3:4:4:3,MUTATE
2:2:4:3:2:4:4:4:1:,recombination,3741.457088587118,4:3:4:4:4:1:1:4:4,4:4:4:4:4:0:0:2:4
1:1:4:3:0:4:4:4:0:,recombination,4197.327544393705,4:2:4:4:4:1:2:4:4,1:1:4:3:1:4:4:4:1
2:2:4:3:2:4:4:4:2:,clone,3515.458411788193,2:2:4:3:2:4:4:4:2
4:3:4:4:4:1:3:4:4:,clone,3272.1877888598137,4:3:4:4:4:1:3:4:4
1:1:4:4:4:3:4:4:0:,recombination,4401.177141303054,3:2:4:4:4:2:4:4:3,4:4:4:4:4:1:1:4:4,MUTATE
4:3:4:4:4:1:3:4:4:,clone,3272.1877888598133,4:3:4:4:4:1:3:4:4
2:2:4:4:2:3:4:4:2:,clone,3219.0087249026024,2:2:4:4:2:3:4:4:2
1:1:4:2:1:4:4:4:0:,recombination,3402.2549937262834,4:3:4:4:4:3:3:4:4,2:1:4:4:4:4:4:4:1
2:1:4:4:1:4:4:4:1:,recombination,4344.733355199365,4:2:4:4:4:2:2:3:4,4:2:4:4:4:4:3:4:3,MUTATE
2:2:4:4:3:4:4:4:2:,recombination,3549.3875868092528,2:1:4:4:2:3:4:4:2,2:2:4:4:3:4:4:4:2,MUTATE
3:1:4:4:2:3:4:4:2:,clone,3247.118792597024,3:1:4:4:2:3:4:4:2
4:3:4:4:4:1:3:4:4:,clone,3207.986554717044,4:3:4:4:4:1:3:4:4
4:2:4:4:4:3:2:4:4:,recombination,2975.549619190985,4:3:4:4:4:2:1:4:4,4:2:4:4:4:1:3:2:4
2:1:4:4:2:3:4:4:2:,clone,3275.5657314734667,3:1:4:4:2:3:4:4:2
3:2:4:4:2:4:4:4:2:,recombination,3005.6516481635617,4:2:4:4:3:3:4:4:4,2:2:4:3:2:4:4:4:2,MUTATE
3:1:4:4:2:3:4:4:2:,clone,3153.862118284355,3:1:4:4:2:3:4:4:2
3:1:4:4:2:3:4:4:2:,recombination,2938.8653348127814,4:4:4:4:4:1:1:2:4,3:1:4:4:2:3:4:4:2,MUTATE
2:1:4:3:1:4:4:4:2:,recombination,4069.8223315215855,3:2:4:4:3:3:4:4:3,4:4:4:4:4:1:1:4:4
3:2:4:2:1:4:4:4:2:,recombination,3793.5346802333056,4:3:4:4:4:2:2:2:4,4:3:4:4:4:1:1:4:4
3:2:4:4:3:3:4:4:3:,recombination,3013.318460157844,4:3:4:4:4:1:3:4:4,4:2:4:4:3:3:4:4:4
1:1:4:4:3:4:4:4:0:,clone,4640.594733182431,1:1:4:4:3:4:4:4:0
1:1:4:4:3:4:4:4:0:,recombination,4263.466322603007,1:1:4:4:4:3:4:4:0,3:1:4:4:4:3:3:4:2,MUTATE
3:1:4:3:2:3:4:4:2:,recombination,2975.838239009285,2:2:4:4:2:3:4:4:2,3:2:4:4:2:3:4:4:3,MUTATE
3:1:4:4:1:4:4:4:2:,clone,4380.360154815586,3:1:4:3:1:4:4:4:2
2:2:4:4:4:3:4:4:2:,recombination,3275.255521950938,4:2:4:4:4:2:2:2:4,3:2:4:4:3:3:4:4:3
3:2:4:2:0:4:4:4:2:,recombination,4204.713628680942,3:2:4:2:1:4:4:4:2,3:2:4:4:4:4:4:4:3
4:2:4:4:4:3:2:4:4:,clone,2917.0905172596435,4:2:4:4:4:3:2:4:4
1:1:4:4:3:4:4:4:0:,recombination,4216.86196107592,3:2:4:4:4:3:4:4:3,1:1:4:4:4:3:4:4:0
2:2:4:4:1:4:4:4:1:,recombination,4646.135986990026,4:4:4:4:4:2:2:4:4,3:2:4:4:4:2:2:4:3,MUTATE
2:1:4:3:1:4:4:4:2:,recombination,3950.2511673454133,3:1:4:3:0:4:4:4:2,2:2:4:4:4:3:3:4:2,MUTATE
4:2:4:3:1:4:4:4:3:,recombination,3819.880050395023,3:2:4:2:1:4:4:4:2,4:2:4:3:2:4:4:4:3,MUTATE
2:1:4:3:1:4:4:4:2:,clone,3949.7844217306597,2:1:4:3:1:4:4:4:2
4:3:4:4:4:2:4:4:4:,clone,3810.059824076767,4:2:4:4:4:2:4:4:4
4:2:4:3:2:3:4:4:4:,recombination,3370.919036774661,4:4:3:4:4:2:3:4:4,2:1:4:4:4:3:4:4:1
2:2:4:3:0:4:4:4:1:,recombination,4233.896481800255,3:2:4:2:0:4:4:4:2,3:2:4:4:2:4:4:4:2
2:1:4:3:0:4:4:4:1:,recombination,4086.934965707565,4:4:4:4:4:1:1:4:4,3:1:4:4:2:3:4:4:2
2:1:4:1:0:4:4:4:1:,recombination,3325.9171071021215,3:2:4:4:2:4:4:4:3,3:2:4:4:4:3:3:4:2
4:2:4:3:2:3:4:4:4:,recombination,3335.045497738536,4:2:4:3:2:3:4:4:4,2:2:4:4:3:3:4:4:2
3:2:4:3:1:4:4:4:3:,recombination,3804.9702975459995,4:2:4:3:2:3:4:4:3,4:2:4:4:4:4:4:4:4,MUTATE
2:1:4:3:0:4:4:4:1:,recombination,4081.2100124543927,3:1:4:3:2:3:4:4:2,2:1:4:4:2:3:4:4:1
2:2:4:3:1:3:4:4:2:,recombination,4511.910123192444,4:3:3:4:4:2:3:4:4,2:2:4:4:1:4:4:4:2,MUTATE
4:3:4:4:4:1:3:2:4:,clone,3765.76117443702,4:3:4:4:4:1:2:2:4
4:2:4:3:1:4:4:4:3:,clone,3317.9494609921117,4:2:4:3:2:3:4:4:4
4:3:4:4:4:1:2:3:4:,recombination,2867.088982676012,4:2:4:4:4:1:3:2:4,4:4:4:4:4:1:1:1:4
2:2:4:3:1:3:4:4:2:,clone,4494.369675161877,2:2:4:3:1:3:4:4:2
2:1:4:4:4:3:3:4:1:,recombination,3655.8475783253543,4:3:3:4:4:2:2:4:4,4:4:4:4:4:0:0:0:4
4:2:4:3:1:4:4:4:3:,recombination,2896.5838688111266,3:2:4:4:2:4:4:4:3,4:2:4:3:1:4:4:4:3
4:2:4:4:4:3:3:4:3:,recombination,2697.4709135590515,4:3:4:4:4:1:3:3:4,3:2:4:4:4:2:3:4:3,MUTATE
2:1:4:3:1:4:4:4:2:,clone,3754.830021171555,3:1:4:3:1:4:4:4:2
3:1:4:2:1:4:4:4:2:,recombination,3003.2748732814066,4:4:4:4:4:1:1:4:4,4:2:4:3:1:4:4:4:3,MUTATE
2:2:4:3:0:4:4:4:2:,recombination,4158.831015094611,4:2:4:4:2:3:4:4:3,3:2:4:2:0:4:4:4:2,MUTATE
1:1:4:3:2:4:4:4:0:,clone,3895.6850990298994,1:1:4:3:2:4:4:4:0
4:2:4:3:1:3:4:4:3:,clone,3230.881251889278,4:2:4:3:1:3:4:4:3
2:1:4:4:4:3:3:4:1:,recombination,3618.8045739311883,3:2:4:4:4:1:3:4:3,4:3:4:4:4:1:3:4:4,MUTATE
3:2:4:4:4:3:3:4:3:,recombination,2860.6673986441556,4:2:4:4:4:3:3:4:3,2:2:4:3:1:3:4:4:2,MUTATE
3:2:4:4:4:3:3:4:3:,clone,2723.064302063058,3:2:4:4:4:3:3:4:3
1:1:4:3:2:4:4:4:0:,clone,3748.3278148001873,1:1:4:3:2:4:4:4:0
3:1:4:3:1:4:4:4:2:,clone,2923.8774298571043,3:1:4:3:1:4:4:4:2
4:3:3:4:4:2:2:4:4:,recombination,2766.245491547588,4:4:3:4:4:2:3:4:4,3:2:4:3:2:4:4:4:2
2:1:4:1:0:4:4:4:1:,clone,3305.4038888384716,2:1:4:1:0:4:4:4:1
1:1:4:3:2:4:4:4:0:,clone,3510.965803169182,1:1:4:3:2:4:4:4:0
2:2:4:4:1:4:4:4:1:,clone,4560.426925299001,2:2:4:4:1:4:4:4:1
3:2:4:4:3:4:3:4:2:,recombination,2958.7997400635577,2:2:4:4:2:3:4:4:2,4:4:4:4:4:0:0:1:4
4:3:4:4:4:1:3:2:4:,clone,3712.4865648110213,4:3:4:4:4:1:3:2:4
3:1:4:3:1:4:4:4:2:,clone,2852.8022692504373,3:1:4:3:1:4:4:4:2
4:2:4:4:4:4:4:4:4:,recombination,3265.602537849267,3:2:4:4:4:3:4:4:3,4:4:3:4:4:3:2:4:4,MUTATE
4:4:4:4:4:2:3:3:4:,clone,3742.4458174558117,4:3:4:4:4:1:3:3:4
2:1:4:3:1:4:4:4:2:,recombination,3687.3910685647397,4:2:4:4:4:1:1:1:4,4:2:4:4:3:3:4:4:3,MUTATE
3:2:4:3:0:4:4:4:2:,recombination,4195.945749423673,2:2:4:3:0:4:4:4:2,3:1:4:4:3:3:4:4:2,MUTATE
4:2:4:3:2:3:4:4:3:,clone,3117.1956479466344,4:2:4:3:1:4:4:4:3
1:1:4:3:2:4:4:4:0:,recombination,3164.457919922697,2:2:4:4:3:4:4:4:1,1:1:4:3:2:4:4:4:0
4:2:4:3:2:3:4:4:3:,clone,2910.061251853878,4:2:4:3:2:3:4:4:3
4:2:4:4:4:4:4:4:4:,recombination,3167.2154242944107,4:4:4:4:4:1:2:4:4,4:2:4:4:4:4:4:4:4,MUTATE
2:1:4:4:4:3:3:4:2:,recombination,3590.4925955960903,4:2:4:4:4:4:4:4:4,4:2:4:4:4:1:3:4:4
4:2:4:2:1:4:4:4:3:,clone,2968.2637635626306,4:2:4:3:1:3:4:4:3
3:1:4:4:2:3:4:4:2:,recombination,2908.3257956751795,4:2:4:4:4:2:2:3:4,4:2:4:4:4:3:3:4:3,MUTATE
3:2:4:4:4:3:3:4:3:,clone,2708.081666289873,3:2:4:4:4:3:3:4:3
1:1:4:3:2:4:4:4:0:,clone,3144.120154335342,1:1:4:3:2:4:4:4:0
3:2:4:4:4:3:4:4:2:,clone,3210.684612850009,3:2:4:4:4:3:3:4:2
3:1:4:4:4:3:3:4:2:,clone,2890.169096012392,3:2:4:4:4:3:3:4:3
3:1:4:4:3:3:3:4:2:,clone,2713.6956891871455,3:1:4:4:3:3:3:4:2
4:2:4:3:2:3:4:4:3:,recombination,2791.679524514089,4:2:4:3:2:3:4:4:4,3:2:4:4:3:3:4:4:3,MUTATE
3:1:4:4:4:3:3:4:2:,clone,2714.856749367734,3:1:4:4:4:3:3:4:2
4:2:4:4:4:3:3:4:3:,clone,2686.546437515404,3:1:4:4:4:3:3:4:2
3:2:4:2:0:4:4:4:2:,recombination,4134.532592588184,4:2:4:4:4:2:3:4:4,3:2:4:2:0:4:4:4:2,MUTATE
2:1:4:2:1:4:4:4:0:,recombination,2969.321725853333,4:2:4:4:4:1:3:2:4,1:1:4:2:0:4:4:4:0
3:1:4:4:2:4:4:4:2:,clone,2881.176544003438,3:1:4:4:2:4:4:4:2
3:1:4:3:2:4:4:4:2:,clone,2644.9343156785976,3:1:4:4:2:4:4:4:2
4:2:4:4:4:3:3:4:3:,clone,2684.561391945966,4:2:4:4:4:3:3:4:3
4:2:4:4:4:3:4:4:4:,recombination,3250.4950332662934,4:2:4:3:1:4:4:4:3,4:3:4:4:4:1:2:3:4,MUTATE
4:3:4:4:4:2:3:4:4:,recombination,2642.867932593084,3:2:4:4:3:3:4:4:3,4:3:3:4:4:2:2:4:4
4:1:4:4:3:4:4:4:3:,clone,3103.3968899193765,4:2:4:4:4:3:3:4:3
2:1:4:4:4:3:4:4:2:,recombination,3674.387977754359,1:1:4:3:2:4:4:4:0,2:2:4:4:4:3:4:4:1,MUTATE
3:2:4:2:1:4:4:4:2:,clone,2928.986225638798,3:2:4:2:1:4:4:4:2
3:2:4:4:2:3:4:4:3:,recombination,3506.735785041208,4:4:4:4:4:1:3:4:4,3:1:4:4:2:4:4:4:2,MUTATE
4:1:4:4:3:4:3:4:3:,clone,2855.9845542041667,4:2:4:4:4:3:3:4:3
4:2:4:4:4:3:4:4:4:,recombination,3234.724126972723,4:2:4:4:3:3:4:4:4,4:2:4:4:4:3:4:4:4
4:2:4:4:3:4:3:4:3:,recombination,2870.1357209669995,3:2:4:4:4:3:3:4:3,1:1:4:2:1:4:4:4:0,MUTATE
4:2:4:3:1:4:4:4:3:,clone,2774.280272288843,4:2:4:3:1:4:4:4:3
4:2:4:4:3:4:3:4:3:,recombination,2809.193275596081,4:2:4:4:4:3:3:4:3,4:2:4:4:4:2:2:4:4,MUTATE
3:1:4:2:1:4:4:4:2:,clone,2926.788280651449,3:1:4:2:1:4:4:4:2
3:2:4:3:1:3:4:4:2:,recombination,4061.938270176717,4:2:4:4:4:3:4:4:4,3:1:4:3:1:3:4:4:2
3:2:4:2:0:4:4:4:2:,recombination,3958.5058719257127,4:2:4:3:1:4:4:4:3,4:4:4:4:4:1:2:4:4,MUTATE
3:2:4:3:1:4:4:4:2:,recombination,2752.9227168679763,2:2:4:4:4:4:3:4:2,4:2:4:3:2:3:4:4:3
4:2:4:4:4:3:4:4:4:,clone,3232.526181985374,4:2:4:4:4:3:4:4:4
2:1:4:4:4:3:4:4:2:,clone,3515.5784849200995,2:1:4:4:4:3:4:4:2
3:1:4:4:2:4:4:4:2:,clone,2795.9234500795183,3:1:4:3:2:4:4:4:2
3:2:4:3:2:3:4:4:3:,recombination,3793.9958816933304,4:2:4:4:4:3:3:4:4,4:2:4:4:4:3:4:4:4,MUTATE
2:1:4:3:0:4:4:4:1:,recombination,4068.1142118354574,2:2:4:4:2:4:4:4:2,4:4:4:4:4:2:2:4:4
3:1:4:4:3:4:3:4:2:,clone,2764.9589415434234,3:1:4:4:2:4:4:4:2
3:2:4:3:1:4:4:4:3:,recombination,3670.6481691004,4:2:4:4:4:3:4:4:4,4:4:4:4:4:2:3:4:4
3:2:4:2:0:4:4:4:2:,recombination,3489.024549080765,4:2:4:4:4:3:4:4:4,2:2:4:4:2:3:4:4:2,MUTATE
3:1:4:4:3:4:4:4:2:,clone,2777.554313416428,3:1:4:3:2:4:4:4:2
3:2:4:3:2:3:4:4:2:,recombination,2929.9129928716507,4:3:3:4:4:2:2:4:4,3:2:4:3:1:4:4:4:2
3:1:4:3:2:4:4:4:2:,clone,2614.2633880943813,3:1:4:3:2:4:4:4:2
4:2:4:4:3:4:4:4:3:,clone,2844.0575612401894,4:2:4:4:3:4:3:4:3
2:1:4:4:4:3:4:4:2:,recombination,3394.6256781256093,3:2:4:4:4:2:4:4:3,3:1:4:4:3:3:4:4:2
2:2:4:3:2:3:4:4:2:,recombination,4018.5347314623814,2:2:4:4:1:4:4:4:2,3:1:4:2:1:4:4:4:2
2:1:4:3:2:4:4:4:1:,clone,2636.167062884867,2:1:4:3:2:4:4:4:1
3:1:4:4:3:4:4:4:2:,clone,2760.8164109824706,3:1:4:4:3:4:4:4:2
2:1:4:3:1:4:4:4:1:,clone,2814.443239514496,2:1:4:2:1:4:4:4:1
2:1:4:3:2:3:4:4:1:,clone,2527.5225391396134,2:1:4:3:2:4:4:4:1
3:1:4:4:3:3:4:4:2:,clone,2753.3744145794603,3:1:4:4:3:3:4:4:2
3:1:4:4:2:3:4:4:2:,clone,2717.7586942644325,3:1:4:4:2:3:4:4:2
3:1:4:4:3:3:4:4:2:,clone,2683.245282508249,3:1:4:4:3:3:4:4:2
2:1:4:2:1:4:4:4:1:,clone,2749.082879913395,2:1:4:2:1:4:4:4:1
2:1:4:3:2:3:4:4:2:,recombination,3485.94177908958,2:1:4:3:1:4:4:4:1,4:3:4:4:4:1:1:2:4
1:1:4:3:0:4:4:4:0:,recombination,4060.2544761254376,3:2:4:4:3:4:4:4:2,3:2:4:4:3:3:4:4:3
2:1:4:4:2:4:4:4:2:,recombination,3571.781568148297,4:1:4:4:3:4:4:4:3,4:3:3:4:4:3:3:4:4,MUTATE
3:2:4:4:3:4:4:4:3:,clone,3200.8006232177495,3:2:4:4:3:4:4:4:3
4:2:4:4:2:3:4:4:3:,recombination,3171.4376319953535,4:3:3:4:4:2:2:4:4,2:1:4:2:0:4:4:4:1
3:2:4:4:3:3:3:4:3:,recombination,3092.303306181064,4:2:4:4:4:3:3:4:3,2:2:4:4:4:3:4:4:1
1:2:4:3:0:4:4:4:1:,recombination,5144.966385438572,4:2:4:4:4:3:3:4:4,4:3:4:4:4:1:3:4:4,MUTATE
2:1:4:4:2:4:4:4:2:,clone,3430.042092204889,2:1:4:4:2:4:4:4:2
2:2:4:4:1:4:4:4:2:,clone,4556.496150810119,2:2:4:4:1:4:4:4:2
2:1:4:2:0:4:4:4:1:,clone,2953.252585638732,2:1:4:2:0:4:4:4:1
3:2:4:4:4:4:4:4:3:,recombination,3277.3980682478978,4:3:4:4:4:2:2:4:4,4:4:4:4:4:0:0:2:4
3:1:4:4:4:4:4:4:2:,recombination,3607.8083453590452,3:2:4:4:4:4:4:4:3,4:4:4:4:4:2:2:4:4,MUTATE
4:2:4:4:4:2:4:4:3:,clone,3823.8811249346313,4:2:4:4:4:2:4:4:3
1:1:4:3:0:4:4:4:1:,recombination,4717.391154804189,2:2:4:3:1:3:4:4:2,4:3:4:4:4:3:3:4:4
4:2:4:4:4:2:4:4:3:,recombination,3702.2367466326223,3:2:4:4:3:3:3:4:2,4:3:4:4:4:1:3:3:4
1:1:4:2:1:4:4:4:0:,recombination,3378.441838034118,4:3:4:4:4:3:3:4:4,2:1:4:4:2:4:4:4:2
1:1:4:3:0:4:4:4:1:,clone,4669.813270947136,1:1:4:3:0:4:4:4:1
3:2:4:3:2:3:4:4:3:,recombination,3198.795944549581,4:2:4:4:4:3:4:4:4,4:3:4:4:4:2:4:4:4
2:1:4:4:4:3:4:4:2:,recombination,3223.422275819254,4:4:3:4:4:1:2:4:4,3:2:4:4:4:2:3:3:3
3:2:4:4:3:3:3:4:3:,recombination,2995.420317252432,4:2:4:3:2:3:4:4:3,4:2:4:4:4:2:3:3:4,MUTATE
1:1:4:3:0:4:4:4:1:,clone,4589.883878285251,1:1:4:3:0:4:4:4:1
1:1:4:4:2:4:4:4:0:,recombination,4207.037838558983,1:1:4:4:4:3:4:4:0,1:1:4:3:2:4:4:4:0,MUTATE
2:2:4:2:0:4:4:4:2:,recombination,4065.59342920309,3:2:4:3:0:4:4:4:2,4:4:4:4:4:1:1:4:4
1:1:4:2:1:4:4:4:0:,clone,3218.839402000563,1:1:4:2:1:4:4:4:0
2:1:4:4:4:4:3:4:1:,recombination,2959.1214461448867,4:3:4:4:4:2:2:4:4,4:3:4:4:4:2:3:3:4,MUTATE
2:2:4:2:0:4:4:4:1:,recombination,3980.991078382994,4:4:4:4:4:0:0:1:4,3:2:4:4:2:4:4:4:2,MUTATE
3:1:4:2:1:4:4:4:1:,clone,2792.723661141015,2:1:4:3:1:4:4:4:1
3:1:4:4:4:4:4:4:2:,clone,3578.915158242261,3:1:4:4:4:4:4:4:2
2:1:4:2:0:4:4:4:0:,recombination,2942.13967941088,4:2:4:4:4:2:3:4:4,2:1:4:3:1:4:4:4:1
3:1:4:2:1:4:4:4:1:,clone,2742.5677193436663,2:1:4:2:1:4:4:4:1
2:1:4:4:1:4:4:4:1:,recombination,4342.028678431644,4:3:4:4:4:3:2:4:4,2:1:4:4:4:3:3:4:2
2:1:4:2:0:4:4:4:1:,recombination,2671.3288404220743,4:2:4:4:4:2:2:4:4,3:1:4:2:1:4:4:4:1
1:1:4:2:1:4:4:4:0:,clone,3190.3783960698056,1:1:4:2:1:4:4:4:0
3:1:4:2:1:4:4:4:1:,clone,2694.3846739729975,3:1:4:2:1:4:4:4:1
2:1:4:2:1:4:4:4:1:,recombination,2638.7418613353266,3:2:4:4:2:4:4:4:3,3:1:4:4:2:3:4:4:2,MUTATE
1:1:4:2:1:4:4:4:0:,clone,3164.28117076143,1:1:4:2:1:4:4:4:0
2:1:4:2:0:4:4:4:0:,clone,2939.5857033824304,2:1:4:2:0:4:4:4:0
1:1:4:2:1:4:4:4:0:,recombination,3064.8980535171977,3:2:4:4:3:4:4:4:3,4:3:4:4:4:2:2:4:4,MUTATE
2:1:4:4:4:4:4:4:1:,clone,3189.4399057399905,2:1:4:4:4:4:3:4:1
2:2:4:4:2:4:4:4:2:,clone,3368.9348282466954,3:1:4:4:2:4:4:4:2
4:4:3:4:4:0:0:0:4:,clone,2711.707053823038,4:4:3:4:4:0:0:0:4
2:2:4:4:1:4:4:4:1:,recombination,4393.528531655675,4:3:4:4:4:2:2:3:4,3:2:4:2:0:4:4:4:2,MUTATE
4:4:3:4:4:0:0:1:4:,clone,2723.717486895825,4:4:3:4:4:0:0:0:4
4:4:3:4:4:0:1:2:4:,recombination,2878.309625019657,3:1:4:4:2:3:4:4:2,4:2:4:4:3:3:4:4:3,MUTATE
4:4:3:4:4:2:1:4:4:,clone,2737.8013454882707,4:4:4:4:4:2:2:4:4
4:4:3:4:4:0:0:2:4:,recombination,2749.9777757164497,3:1:4:4:2:3:4:4:2,2:1:4:2:1:4:4:4:1,MUTATE
4:4:3:4:4:0:0:1:4:,clone,2703.353218919843,4:4:3:4:4:0:0:1:4
4:4:2:4:4:0:0:1:4:,clone,2719.9393251289844,4:4:3:4:4:0:0:1:4
4:4:2:4:4:0:0:1:4:,clone,2666.638305845162,4:4:2:4:4:0:0:1:4
4:4:3:4:4:0:0:3:4:,clone,2684.1929055463233,4:4:3:4:4:0:0:3:4
3:1:4:4:3:3:4:4:3:,recombination,3417.2882634227326,4:3:4:4:4:1:2:3:4,2:2:4:4:2:3:4:4:2,MUTATE
3:2:4:3:1:3:4:4:2:,recombination,3345.7613944164373,4:3:4:4:4:2:4:4:4,4:2:4:4:3:3:4:4:4
2:1:4:4:4:4:4:4:1:,clone,3180.8747259938364,2:1:4:4:4:4:4:4:1
2:1:4:3:1:3:4:4:1:,clone,3389.062892356401,2:1:4:3:1:4:4:4:1
1:1:4:3:1:4:4:4:0:,clone,3296.9014993793503,1:1:4:3:1:4:4:4:0
1:1:4:4:1:4:4:4:0:,recombination,4543.67610074552,4:3:4:4:4:0:1:3:4,3:2:4:4:4:3:3:4:3,MUTATE
2:1:4:4:1:4:4:4:1:,recombination,4331.946587335985,2:1:4:4:4:3:3:4:1,3:1:4:3:0:4:4:4:2,MUTATE
3:2:4:3:1:3:4:4:2:,clone,3236.0849738053294,3:2:4:3:1:3:4:4:2
4:2:4:4:4:3:4:4:4:,recombination,3209.712672740558,4:2:4:3:1:3:4:4:3,4:4:4:4:4:0:0:1:4
3:1:4:2:0:4:4:4:2:,clone,3360.536812211972,3:1:4:2:0:4:4:4:2
3:2:4:3:2:3:4:4:2:,clone,2864.338323166617,3:2:4:3:2:3:4:4:2
2:1:4:1:0:4:4:4:1:,recombination,3120.757589250693,3:1:4:2:0:4:4:4:2,3:1:4:3:1:4:4:4:2
3:1:4:3:2:3:4:4:2:,clone,2839.9632014635126,3:2:4:3:2:3:4:4:2
3:1:4:4:4:3:4:4:3:,clone,3510.241265421484,3:1:4:4:4:3:4:4:3
4:2:4:4:2:3:4:4:3:,recombination,3091.8431471915164,4:4:4:4:4:1:1:3:4,4:4:3:4:4:2:1:4:4,MUTATE
4:2:4:4:2:3:4:4:3:,clone,3078.359532454803,4:2:4:4:2:3:4:4:3
3:1:4:4:4:3:4:4:3:,clone,3314.098824417833,3:1:4:4:4:3:4:4:3
2:1:4:3:1:3:4:4:1:,recombination,3140.1914993307587,4:3:4:4:4:2:3:4:4,3:2:4:3:2:3:4:4:2
2:1:4:3:1:4:4:4:0:,recombination,3198.8634111687848,2:1:4:4:4:4:4:4:1,2:2:4:3:1:3:4:4:2
3:1:4:2:0:4:4:4:2:,recombination,3329.0909397111445,3:1:4:2:0:4:4:4:2,2:2:4:3:2:3:4:4:2
1:1:4:3:0:4:4:4:0:,recombination,4042.4623971164115,4:2:4:4:4:2:3:4:4,4:2:4:4:4:1:3:4:4
3:2:4:4:2:3:4:4:3:,clone,3419.115232116399,3:2:4:4:2:3:4:4:3
3:1:4:2:0:4:4:4:2:,clone,3329.090939711144,3:1:4:2:0:4:4:4:2
3:1:4:3:2:3:4:4:2:,recombination,2811.003826605698,3:1:4:3:2:3:4:4:2,4:2:4:4:3:3:4:4:3,MUTATE
2:1:4:4:2:4:4:4:2:,recombination,3331.67066983637,3:2:4:4:4:2:2:4:3,3:2:4:4:4:4:4:4:3
3:1:4:3:2:3:4:4:2:,clone,2804.7922429115088,3:1:4:3:2:3:4:4:2
3:1:4:3:2:3:4:4:2:,clone,2626.22943304767,3:1:4:3:2:3:4:4:2
2:1:4:4:2:3:4:4:1:,clone,3053.6515658138137,3:1:4:3:2:3:4:4:2
3:2:4:4:2:4:4:4:3:,recombination,3362.1866738289223,3:2:4:3:2:3:4:4:3,1:1:4:3:0:4:4:4:0
2:1:4:1:0:4:4:4:1:,recombination,3004.223081118247,3:2:4:3:2:4:4:4:3,4:4:4:4:4:1:2:4:4
2:1:4:4:4:3:3:4:1:,recombination,3211.530088258543,3:2:4:4:4:2:2:4:3,4:3:3:4:4:1:2:4:4,MUTATE
2:2:4:2:0:4:4:4:1:,recombination,3933.0656247572206,2:1:4:1:0:4:4:4:1,4:2:4:4:3:3:4:4:4
2:2:4:2:0:4:4:4:1:,clone,3650.893520850925,2:1:4:2:0:4:4:4:1
2:1:4:4:4:3:3:4:1:,clone,2872.021790217797,2:1:4:4:4:3:3:4:1
1:1:4:2:0:4:4:4:0:,recombination,2832.7648117052418,3:1:4:4:3:4:4:4:2,2:1:4:4:4:3:3:4:1
2:1:4:3:0:4:4:4:1:,clone,4059.3448772652873,2:1:4:3:0:4:4:4:1
2:1:4:3:0:4:4:4:1:,clone,4056.6092983897097,2:1:4:2:0:4:4:4:1
2:2:4:4:1:4:4:4:2:,clone,4371.636185167388,2:2:4:4:1:4:4:4:2
4:4:4:4:4:0:1:1:4:,recombination,2683.64717432895,4:3:4:4:4:1:1:4:4,1:1:4:2:0:4:4:4:0,MUTATE
3:1:4:4:1:4:4:4:2:,recombination,4360.959788608252,2:1:4:2:0:4:4:4:0,4:4:2:4:4:2:1:4:4,MUTATE
4:4:4:4:4:1:0:3:4:,recombination,2523.733380499058,2:2:4:3:2:4:4:4:1,4:3:4:4:4:1:1:2:4,MUTATE
2:1:4:4:1:4:4:4:2:,recombination,4368.91603216135,4:2:4:4:4:3:4:4:4,1:1:4:2:1:4:4:4:0,MUTATE
3:2:4:4:1:4:4:4:3:,recombination,5056.443899230781,4:4:4:4:4:1:3:3:4,4:2:4:4:4:1:2:3:4
4:4:4:4:4:2:2:3:4:,recombination,3334.32653055925,2:1:4:2:1:4:4:4:1,3:2:4:4:1:4:4:4:2
3:2:4:4:1:4:4:4:3:,recombination,4795.746616589379,4:3:4:4:4:0:1:3:4,3:2:4:4:1:4:4:4:3
4:2:4:4:4:4:3:4:3:,recombination,2781.8741058925693,4:4:4:4:4:2:2:3:4,4:3:4:4:4:0:1:2:4,MUTATE
1:1:4:4:3:3:4:4:1:,recombination,4974.840324483924,3:2:4:4:4:4:4:4:2,4:3:4:4:4:2:3:3:4,MUTATE
3:2:4:4:1:4:4:4:3:,clone,4671.196703965043,3:2:4:4:1:4:4:4:3
3:2:4:4:1:4:4:4:3:,recombination,4395.61393969435,4:4:4:4:4:1:3:3:4,1:1:4:3:2:4:4:4:0,MUTATE
2:1:4:2:0:4:4:4:0:,recombination,2873.377802603506,2:1:4:4:2:4:4:4:1,2:1:4:3:0:4:4:4:1,MUTATE
4:4:3:4:4:0:0:0:4:,clone,2594.148214821553,2:1:4:2:0:4:4:4:0
2:1:4:3:0:4:4:4:1:,recombination,4056.4488641757603,4:4:2:4:4:1:2:4:4,3:2:4:4:2:4:4:4:2,MUTATE
3:2:4:4:3:4:4:4:3:,clone,3141.855416421576,3:2:4:4:3:4:4:4:3
1:1:4:4:3:4:4:4:0:,recombination,3658.3311113855743,2:1:4:4:3:3:4:4:1,2:1:4:3:1:4:4:4:2
1:1:4:4:1:4:4:4:1:,clone,4565.969967574692,1:1:4:3:1:4:4:4:1
2:1:4:3:2:4:4:4:2:,clone,3376.414398665301,3:1:4:3:2:4:4:4:2
4:4:4:4:4:0:0:3:4:,clone,2816.0939836180924,4:4:4:4:4:0:1:4:4
4:2:4:4:2:3:4:4:4:,recombination,3418.722230612637,4:4:3:4:4:0:0:2:4,4:3:4:4:4:2:3:4:4,MUTATE
4:2:4:4:3:3:4:4:3:,recombination,2851.215520276066,3:2:4:3:2:3:4:4:2,3:2:4:4:4:3:3:4:2
1:1:4:4:4:4:4:4:0:,recombination,3749.5160655813334,2:1:4:2:1:4:4:4:1,1:1:4:4:3:4:4:4:0,MUTATE
2:1:4:3:0:4:4:4:1:,recombination,4038.060820189655,3:2:4:4:3:4:4:4:2,4:3:4:4:4:1:1:3:4
3:2:4:4:2:3:4:4:3:,recombination,3378.3048245542554,3:2:4:4:2:3:4:4:3,2:2:4:4:1:4:4:4:1,MUTATE
1:1:4:4:4:4:4:4:0:,clone,3743.723431991647,1:1:4:4:4:4:4:4:0
3:2:4:4:2:3:4:4:3:,clone,3357.7476201957156,3:2:4:4:2:3:4:4:3
2:1:4:3:0:4:4:4:1:,recombination,4032.790702904723,2:1:4:3:0:4:4:4:1,4:2:4:3:2:3:4:4:3
4:2:4:4:4:3:4:4:4:,clone,3191.1052261833465,4:2:4:4:4:3:4:4:4
1:1:4:4:4:4:4:4:0:,recombination,3591.844059907665,1:1:4:4:4:4:4:4:0,4:4:4:4:4:1:2:4:4,MUTATE
1:1:4:4:4:4:4:4:0:,clone,3589.886849460425,1:1:4:4:4:4:4:4:0
1:1:4:2:1:4:4:4:0:,recombination,2928.836508876865,3:2:4:4:3:3:4:4:2,2:1:4:4:4:4:4:4:1,MUTATE
1:1:4:3:1:4:4:4:0:,clone,3220.13889649499,1:1:4:3:1:4:4:4:0
0:1:4:2:0:4:4:4:0:,clone,5227.242140008595,1:1:4:2:0:4:4:4:0
2:2:4:4:1:4:4:4:2:,recombination,4369.2791807827,2:2:4:4:1:4:4:4:2,4:2:4:4:4:1:2:3:4
1:1:4:4:2:4:4:4:0:,recombination,3992.5924067710557,2:2:4:4:2:3:4:4:2,1:1:4:4:4:4:4:4:0
1:1:4:4:3:4:4:4:0:,recombination,3623.51480419381,2:1:4:4:3:3:4:4:1,3:2:4:4:4:2:3:4:3,MUTATE
1:1:4:4:4:3:3:4:0:,clone,3962.550411466635,1:1:4:4:4:3:3:4:0
2:1:4:4:1:4:4:4:1:,recombination,4327.146235839283,3:1:4:2:1:4:4:4:2,4:3:4:4:4:3:3:4:4,MUTATE
1:1:4:4:3:4:4:4:0:,clone,3548.0484939875437,1:1:4:4:3:4:4:4:0
1:1:4:4:4:3:3:4:0:,clone,3828.905380232082,1:1:4:4:4:3:3:4:0
2:1:4:4:1:3:4:4:2:,recombination,4426.786953894962,1:1:4:2:0:4:4:4:0,4:2:4:4:3:3:4:4:3,MUTATE
3:1:4:3:1:3:4:4:2:,clone,3413.2815311409267,3:1:4:3:1:4:4:4:2
1:1:4:4:4:3:3:4:0:,clone,3642.553417274756,1:1:4:4:4:3:3:4:0
1:1:4:4:3:4:4:4:0:,clone,3315.2537379539835,1:1:4:4:3:4:4:4:0
1:1:4:4:2:4:4:4:0:,clone,3781.5236664665317,1:1:4:4:2:4:4:4:0
1:1:4:4:4:3:3:4:0:,clone,3551.0253796805496,1:1:4:4:4:3:3:4:0
1:1:4:4:3:4:4:4:0:,recombination,3223.471665808261,1:1:4:4:3:4:4:4:0,1:1:4:3:1:4:4:4:1
1:1:4:2:0:4:4:4:1:,recombination,4781.975897415315,4:3:4:4:4:1:2:2:4,3:2:4:3:1:3:4:4:2
0:1:4:2:0:4:4:4:0:,clone,5135.888206984646,0:1:4:2:0:4:4:4:0
3:2:4:4:4:4:3:4:2:,recombination,3288.10559341401,2:1:4:4:4:4:4:4:1,4:3:4:4:4:3:3:4:4,MUTATE
0:1:4:2:0:4:4:4:0:,clone,5070.986186980121,0:1:4:2:0:4:4:4:0
2:2:4:3:2:4:4:4:2:,recombination,3455.35274873947,2:1:4:4:4:4:3:4:1,4:2:4:4:4:3:2:4:4,MUTATE
2:2:4:4:3:4:4:4:2:,clone,3534.5841843098588,2:2:4:4:3:4:4:4:2
4:4:4:4:4:1:1:2:4:,recombination,2738.644090645956,4:4:4:4:4:0:1:1:4,4:3:4:4:4:1:3:4:4,MUTATE
4:4:4:4:4:1:1:2:4:,clone,2711.7719887157987,4:4:4:4:4:1:1:2:4
4:4:4:4:4:1:1:2:4:,clone,2666.3218168420763,4:4:4:4:4:1:1:2:4
3:2:4:3:2:4:4:4:3:,recombination,3578.490167214508,3:1:4:3:1:4:4:4:2,3:1:4:4:4:3:4:4:3
3:1:4:4:4:4:4:4:2:,clone,3373.942008099533,3:1:4:4:4:4:4:4:2
3:2:4:4:4:4:4:4:2:,recombination,3446.4664151958527,3:2:4:4:4:3:4:4:3,2:2:4:4:3:4:4:4:2
3:2:4:3:2:4:4:4:3:,clone,3522.525647373174,3:2:4:3:2:4:4:4:3
3:2:4:4:4:4:4:4:2:,recombination,3337.8999729448046,2:1:4:2:0:4:4:4:0,3:2:4:4:4:4:4:4:2,MUTATE
3:1:4:4:4:4:3:4:2:,clone,3246.69965710935,3:1:4:4:4:4:4:4:2
2:1:4:4:1:4:4:4:1:,recombination,4312.218683650173,4:3:3:4:4:3:2:4:4,4:2:4:4:4:2:2:3:4,MUTATE
0:1:4:3:0:4:4:4:0:,recombination,5705.13099088113,2:1:4:4:2:3:4:4:2,2:2:4:4:2:4:4:4:2,MUTATE
2:1:4:4:1:4:4:4:1:,clone,4303.032051452954,2:1:4:4:1:4:4:4:1
3:2:4:4:4:4:3:4:3:,recombination,3611.97716658928,4:3:4:4:4:2:1:4:4,4:3:4:4:4:2:3:4:4
1:1:4:3:0:4:4:4:1:,clone,4511.3306397526285,1:1:4:3:0:4:4:4:1
0:1:4:2:0:4:4:4:0:,clone,5050.7191262450115,0:1:4:2:0:4:4:4:0
2:1:4:2:0:4:4:4:0:,recombination,2760.1229808912444,2:1:4:4:3:3:4:4:2,2:2:4:4:3:3:4:4:1
3:1:4:4:4:4:3:4:2:,clone,3044.2045203785838,3:1:4:4:4:4:3:4:2
2:1:4:4:2:4:4:4:1:,recombination,3017.029918128278,2:1:4:2:0:4:4:4:0,4:3:4:4:4:2:3:4:4,MUTATE
2:1:4:4:2:4:4:4:1:,clone,2977.292228098825,2:1:4:4:2:4:4:4:1
3:1:4:4:4:4:4:4:2:,clone,3209.584549060652,3:1:4:4:3:4:4:4:2
2:1:4:4:1:4:4:4:1:,recombination,4280.387600404918,4:3:4:4:4:1:1:3:4,2:1:4:3:0:4:4:4:1,MUTATE
1:1:4:4:2:4:4:4:1:,clone,3967.6587437587946,2:1:4:4:2:4:4:4:1
2:1:4:4:4:4:4:4:2:,clone,3720.83907315933,2:1:4:4:4:4:4:4:2
2:1:4:1:0:4:4:4:1:,clone,2792.7236611410153,1:1:4:2:0:4:4:4:0
4:3:4:4:4:3:4:4:4:,recombination,3519.9926553053065,4:2:4:3:1:4:4:4:3,4:4:3:4:4:2:2:4:4
3:1:4:3:1:4:4:4:2:,recombination,2792.672512148672,2:1:4:3:1:4:4:4:1,1:1:4:3:0:4:4:4:1
4:2:4:3:2:4:4:4:4:,recombination,2935.523376689644,1:1:4:3:0:4:4:4:1,3:1:4:3:1:4:4:4:2
1:1:4:3:1:4:4:4:0:,clone,3143.2617719027,1:1:4:3:1:4:4:4:0
4:2:4:4:2:3:4:4:3:,clone,2923.210741940568,4:2:4:4:2:3:4:4:3
2:1:4:3:1:4:4:4:0:,clone,3173.184151442803,2:1:4:3:1:4:4:4:0
3:2:4:4:2:4:4:4:3:,recombination,3346.4417929597075,4:2:4:4:4:3:4:4:4,4:2:4:3:2:3:4:4:3
1:2:4:3:1:4:4:4:1:,clone,4554.783390393148,1:1:4:3:1:4:4:4:1
3:1:4:2:0:4:4:4:1:,clone,2726.8347158557235,3:1:4:2:0:4:4:4:1
4:4:2:4:4:0:0:0:4:,clone,2768.045800405234,3:1:4:2:0:4:4:4:1
4:4:3:4:4:0:1:3:4:,recombination,2730.151479150579,4:2:4:3:2:4:4:4:4,2:1:4:4:4:3:3:4:1,MUTATE
4:4:3:4:4:0:1:4:4:,recombination,2988.391654946874,4:2:4:4:3:3:4:4:4,3:1:4:3:1:4:4:4:2
4:4:2:4:4:0:0:0:4:,clone,2726.3236111925535,4:4:2:4:4:0:0:0:4
4:4:3:4:4:0:0:2:4:,clone,2684.7764789478088,4:4:3:4:4:0:0:2:4
3:1:4:4:4:3:4:4:2:,clone,3268.9242457012256,3:1:4:4:3:3:4:4:2
4:4:2:4:4:0:0:0:4:,clone,2698.0446477362084,4:4:2:4:4:0:0:0:4
4:4:2:4:4:0:1:4:4:,clone,2648.7978199730774,4:4:2:4:4:0:1:4:4
4:4:4:4:4:0:0:4:4:,clone,2777.9089978563366,4:4:3:4:4:0:0:4:4
4:4:2:4:4:1:1:4:4:,clone,2666.5493494839825,4:4:3:4:4:1:1:4:4
1:1:4:3:1:4:4:4:0:,recombination,3104.02535757694,2:1:4:2:0:4:4:4:1,4:4:4:4:4:2:2:3:4
4:3:2:4:4:2:2:4:4:,recombination,3229.5415683253086,4:4:4:4:4:0:1:3:4,3:1:4:3:1:4:4:4:2,MUTATE
4:3:2:4:4:2:2:4:4:,clone,2860.079925544251,4:4:2:4:4:2:2:4:4
0:1:4:2:0:4:4:4:0:,recombination,4888.661750542932,4:3:4:4:4:1:3:3:4,3:1:4:4:2:4:4:4:2,MUTATE
2:1:4:2:1:4:4:4:0:,clone,2907.9098922779667,1:1:4:2:1:4:4:4:0
1:1:4:2:1:4:4:4:0:,clone,2884.2921365187144,1:1:4:2:1:4:4:4:0
1:1:4:4:3:3:4:4:1:,recombination,4244.396376748681,4:2:4:4:4:3:4:4:4,4:4:4:4:4:1:3:3:4
2:2:4:3:1:3:4:4:2:,recombination,4138.646738568624,2:1:4:3:0:4:4:4:1,4:3:4:4:3:3:4:4:4
0:1:4:2:0:4:4:4:0:,recombination,4753.272275890758,4:3:4:4:4:1:2:2:4,3:2:4:4:3:3:3:4:3,MUTATE
1:1:4:4:3:3:4:4:1:,clone,3806.9031729931,1:1:4:4:3:3:4:4:1
1:1:4:4:3:3:4:4:1:,clone,3405.1051613149853,1:1:4:4:3:3:4:4:1
1:1:4:4:3:3:4:4:1:,clone,3358.819728586503,1:1:4:4:3:3:4:4:1
3:2:4:4:1:4:4:4:2:,clone,4358.565667624898,3:2:4:4:2:4:4:4:2
1:1:4:4:2:4:4:4:0:,clone,3743.107012107711,1:1:4:4:2:4:4:4:0
1:1:4:4:2:4:4:4:0:,clone,3423.491929275174,1:1:4:4:2:4:4:4:0
1:1:4:4:2:4:4:4:0:,recombination,3289.520844870268,4:3:4:4:4:3:4:4:4,1:1:4:4:2:4:4:4:0
2:2:4:4:2:4:4:4:1:,recombination,3555.8995911915154,4:4:4:4:4:2:2:4:4,4:4:4:4:4:1:1:4:4,MUTATE
2:2:4:3:2:3:4:4:1:,recombination,3613.9951858298937,3:2:4:4:3:4:4:4:2,4:4:2:4:4:2:1:4:4,MUTATE
2:1:4:4:1:4:4:4:1:,clone,4275.34259123096,2:1:4:3:1:4:4:4:1
1:1:4:4:1:4:4:4:1:,recombination,4366.044117842789,3:2:4:4:2:4:4:4:2,4:4:3:4:4:0:1:3:4
3:1:4:3:1:3:4:4:2:,clone,3393.829144836638,3:1:4:3:1:3:4:4:2
3:2:4:4:1:3:4:4:2:,recombination,4703.422293023425,4:4:4:4:4:0:1:2:4,4:3:4:4:4:0:1:4:4
2:1:4:4:2:3:4:4:2:,recombination,3235.6414587236713,4:3:4:4:4:1:3:4:4,3:1:4:3:2:4:4:4:2
3:2:4:4:4:4:3:4:2:,clone,3086.1933097050364,3:2:4:4:4:4:3:4:2
1:1:4:4:2:4:4:4:1:,clone,3770.248454391895,1:1:4:4:2:4:4:4:1
1:1:4:3:1:4:4:4:1:,clone,4127.008595825792,1:1:4:3:1:4:4:4:1
3:2:4:4:1:4:4:4:2:,recombination,4356.20536250291,4:4:4:4:4:3:3:4:4,4:4:4:4:4:1:1:2:4
3:1:4:2:1:4:4:4:2:,recombination,2792.723661141015,4:2:4:4:4:4:4:4:4,2:1:4:4:3:4:4:4:1,MUTATE
3:2:4:4:4:3:4:4:3:,clone,3301.3611757452322,4:2:4:4:4:3:3:4:3
2:1:4:4:4:3:3:4:2:,clone,3462.8913351095816,2:1:4:4:4:3:3:4:2
2:1:4:4:4:3:3:4:2:,clone,3460.906289540144,2:1:4:4:4:3:3:4:2
1:1:4:3:0:4:4:4:0:,recombination,4040.492696233464,4:4:2:4:4:2:2:4:4,4:3:4:4:4:2:3:4:4
2:2:4:3:2:4:4:4:1:,recombination,3406.2361362452502,3:2:4:4:2:4:4:4:3,4:3:4:4:4:2:3:3:4,MUTATE
2:2:4:3:2:4:4:4:1:,recombination,3342.378589799518,2:1:4:4:3:3:4:4:2,4:3:4:4:4:2:3:3:4
2:1:4:4:2:3:4:4:2:,recombination,3023.3708717494815,2:1:4:4:1:4:4:4:1,2:1:4:3:0:4:4:4:1,MUTATE
2:2:4:4:2:3:4:4:2:,recombination,3182.701064228196,4:2:4:4:4:3:4:4:3,2:1:4:3:0:4:4:4:1
2:1:4:3:1:4:4:4:2:,recombination,3399.6901250530764,4:4:4:4:4:1:1:2:4,1:1:4:3:1:4:4:4:0
3:2:4:4:2:4:4:4:3:,recombination,3297.7924411004055,4:4:4:4:4:0:0:0:4,4:2:4:4:4:2:2:4:4,MUTATE
3:2:4:4:2:3:4:4:2:,clone,3029.213111032521,3:2:4:3:1:4:4:4:2
2:1:4:4:3:4:4:4:1:,recombination,3014.7367499797347,2:1:4:4:3:3:4:4:1,4:4:2:4:4:1:1:4:4
1:1:4:2:0:4:4:4:0:,recombination,2758.7771572275874,3:1:4:4:2:4:4:4:2,2:1:4:4:3:4:4:4:2,MUTATE
1:1:4:2:0:4:4:4:0:,clone,2731.6279055558457,1:1:4:2:0:4:4:4:0
3:2:4:4:4:3:3:4:2:,recombination,2861.3950783412906,2:1:4:4:4:3:4:4:1,1:1:4:2:1:4:4:4:0,MUTATE
3:2:4:4:2:4:4:4:3:,recombination,3193.8135285558683,3:2:4:4:3:3:4:4:2,3:2:4:4:4:4:3:4:2
2:1:4:2:1:4:4:4:0:,recombination,2897.675165786119,4:3:4:4:4:2:3:3:4,4:3:4:4:4:1:1:3:4,MUTATE
1:1:4:2:1:4:4:4:0:,recombination,2795.9131554922883,3:1:4:4:3:3:3:4:2,2:1:4:2:1:4:4:4:0
2:1:4:2:1:4:4:4:0:,recombination,2811.281610338933,3:2:4:4:3:4:4:4:3,1:1:4:2:1:4:4:4:0,MUTATE
4:4:3:4:4:0:0:2:4:,recombination,2677.2704723915244,4:3:4:4:4:1:2:3:4,3:2:4:4:4:2:3:4:2,MUTATE
4:4:3:4:4:0:1:2:4:,recombination,2850.8844127451234,4:4:4:4:4:1:1:4:4,3:1:4:4:3:3:4:4:3
4:4:2:4:4:0:0:2:4:,clone,2679.0087960537226,4:4:3:4:4:0:0:2:4
4:3:3:4:4:2:2:4:4:,recombination,2648.7679524786377,4:4:3:4:4:0:1:2:4,4:2:4:4:4:1:2:4:4
4:4:3:4:4:0:0:0:4:,clone,2587.7762189424893,4:4:3:4:4:0:0:0:4
4:4:3:4:4:0:0:1:4:,clone,2605.175471167735,4:4:3:4:4:0:0:1:4
2:2:4:4:2:4:4:4:1:,recombination,3482.847625550376,2:1:4:4:2:4:4:4:1,4:3:4:4:4:2:2:2:4,MUTATE
2:1:4:4:1:4:4:4:2:,clone,4327.550156895589,2:1:4:4:1:4:4:4:2
3:2:4:4:4:3:4:4:3:,recombination,3282.810178538891,4:4:2:4:4:0:0:0:4,4:4:4:4:4:2:1:4:4,MUTATE
3:2:4:4:4:3:4:4:3:,clone,3278.800792806016,3:2:4:4:4:3:4:4:3
3:2:4:4:2:3:4:4:3:,clone,3252.3102937537915,3:2:4:4:2:3:4:4:3
3:2:4:4:4:3:4:4:3:,clone,3263.3270325428566,3:2:4:4:4:3:4:4:3
4:4:4:4:4:0:0:3:4:,recombination,2788.425174480786,4:4:2:4:4:0:1:4:4,1:1:4:2:0:4:4:4:0,MUTATE
3:2:4:4:3:4:4:4:2:,recombination,2858.0910049335657,3:2:4:4:4:3:4:4:3,2:1:4:3:1:4:4:4:2,MUTATE
4:4:4:4:4:0:0:3:4:,clone,2743.3744281433087,4:4:4:4:4:0:0:3:4
1:1:4:3:0:4:4:4:1:,recombination,4338.671014654405,4:3:4:4:4:1:3:3:4,2:2:4:3:2:4:4:4:2,MUTATE
1:1:4:3:0:4:4:4:1:,recombination,4207.60171419616,2:2:4:4:3:4:4:4:2,2:2:4:4:4:3:4:4:2,MUTATE
3:2:4:3:2:4:4:4:3:,recombination,3260.6734114685805,1:1:4:2:1:4:4:4:0,2:2:4:4:2:4:4:4:1
4:4:4:4:4:0:0:0:4:,clone,2440.8923693458155,1:1:4:1:0:4:4:4:0
4:2:4:4:2:3:4:4:4:,recombination,3290.521547046047,1:1:4:3:0:4:4:4:1,3:2:4:4:4:3:3:4:3
4:4:4:4:4:0:1:1:4:,clone,2668.3670246075512,4:4:4:4:4:0:0:1:4
2:1:4:2:0:4:4:4:2:,recombination,4082.6773099852785,1:1:4:4:2:3:4:4:1,3:1:4:4:4:3:3:4:2,MUTATE
4:4:4:4:4:0:2:3:4:,clone,2936.628782251672,4:4:4:4:4:0:1:4:4
4:3:4:4:4:0:2:4:4:,recombination,2825.114400507796,2:1:4:4:4:4:4:4:1,1:1:4:2:0:4:4:4:0
4:3:4:4:4:1:3:4:4:,clone,2961.085942769562,4:3:4:4:4:1:3:4:4
4:2:4:4:4:1:3:4:4:,clone,2938.9048578765933,4:2:4:4:4:1:3:4:4
4:2:4:4:4:1:3:4:4:,clone,2893.9830559886454,4:2:4:4:4:1:3:4:4
3:2:4:4:2:3:4:4:2:,recombination,2909.5676652750103,4:3:4:4:4:1:3:4:4,4:3:4:4:4:1:2:3:4
3:2:4:4:2:3:4:4:3:,clone,3183.9690393689825,3:2:4:4:2:3:4:4:3
4:2:4:4:2:3:4:4:3:,recombination,2914.462277594235,3:2:4:2:0:4:4:4:2,2:2:4:4:1:4:4:4:2,MUTATE
4:2:4:4:2:3:4:4:3:,clone,2907.528232227821,4:2:4:4:2:3:4:4:3
3:2:4:4:4:4:4:4:2:,clone,3302.625126537174,3:2:4:4:4:4:4:4:2
1:1:4:2:0:4:4:4:1:,recombination,4522.502380411171,2:2:4:3:2:4:4:4:1,2:1:4:3:2:4:4:4:1,MUTATE
1:1:4:3:1:4:4:4:1:,clone,3999.260346292083,1:1:4:3:1:4:4:4:1
4:3:4:4:4:3:3:4:4:,clone,2651.580661691115,4:3:4:4:4:3:3:4:4
3:2:4:4:4:3:4:4:2:,clone,3168.1368344884413,3:2:4:4:4:3:4:4:2
3:2:4:4:3:4:4:4:2:,recombination,2758.207065856487,3:2:4:4:4:3:4:4:2,1:1:4:2:0:4:4:4:0
3:2:4:4:3:4:4:4:2:,clone,2744.5495813847606,3:2:4:4:3:4:4:4:2
3:2:4:3:2:4:4:4:2:,clone,2957.851381913716,3:2:4:3:2:4:4:4:2
1:1:4:2:1:4:4:4:0:,clone,2660.4513288636604,1:1:4:2:1:4:4:4:0
2:1:4:4:3:4:4:4:2:,clone,3302.974526171003,2:2:4:4:3:4:4:4:2
4:2:4:4:4:2:3:4:4:,clone,2594.1781246610576,4:2:4:4:4:2:3:4:4
2:2:4:4:3:4:4:4:2:,clone,3210.3032054874557,2:2:4:4:3:4:4:4:2
3:2:4:4:4:4:3:4:3:,recombination,3148.6260859155755,2:1:4:4:3:4:4:4:2,2:1:4:4:4:4:4:4:1
3:2:4:4:4:4:3:4:3:,clone,3055.3694116029064,3:2:4:4:4:4:3:4:3
4:2:4:4:4:3:3:4:4:,recombination,2665.4933607851135,4:3:4:4:4:1:2:4:4,4:4:4:4:4:1:1:4:4,MUTATE
1:1:4:4:2:4:4:4:1:,clone,3763.0454878878904,1:1:4:4:2:4:4:4:1
1:1:4:4:2:4:4:4:1:,clone,3642.831690043173,1:1:4:4:2:4:4:4:1
2:1:4:4:4:3:3:4:2:,clone,3033.9097447177182,2:1:4:4:3:4:4:4:2
1:1:4:3:2:4:4:4:1:,recombination,4008.369260193618,4:2:4:4:4:1:3:3:4,2:1:4:3:2:4:4:4:1
2:1:4:4:4:4:4:4:2:,recombination,3427.319121102915,4:2:4:4:4:2:3:3:4,4:2:4:4:4:1:3:4:4,MUTATE
3:1:4:4:4:3:4:4:2:,recombination,3231.338704250138,4:4:4:4:4:1:1:2:4,2:1:4:2:0:4:4:4:1
3:2:4:4:2:3:4:4:3:,recombination,3137.49362247331,2:2:4:2:0:4:4:4:1,2:2:4:3:0:4:4:4:1
4:2:4:4:3:4:4:4:3:,recombination,2771.58193349029,4:3:4:4:4:1:2:4:4,3:2:4:4:4:2:3:4:3
3:1:4:3:0:4:4:4:2:,clone,4326.973783727877,3:1:4:3:0:4:4:4:2
3:1:4:3:0:4:4:4:2:,clone,4060.5729921748575,3:1:4:3:0:4:4:4:2
3:2:4:4:4:4:3:4:2:,recombination,3052.9412017798695,3:2:4:4:4:3:4:4:2,2:2:4:3:2:4:4:4:1
3:1:4:4:4:4:3:4:2:,clone,2874.1559965354422,3:1:4:4:4:4:3:4:2
3:1:4:2:0:4:4:4:2:,recombination,3198.4294610782295,4:3:4:4:4:1:3:4:4,3:2:4:3:1:4:4:4:2,MUTATE
2:1:4:3:0:4:4:4:2:,clone,4214.681973156453,3:1:4:2:0:4:4:4:2
3:1:4:2:0:4:4:4:2:,recombination,3187.4876856235373,4:4:4:4:4:0:2:3:4,1:1:4:3:2:4:4:4:0,MUTATE
3:1:4:4:4:4:3:4:2:,clone,2793.8152545837074,3:1:4:4:4:4:3:4:2
2:2:4:4:4:4:3:4:2:,recombination,3526.1423412687022,2:2:4:4:3:3:4:4:1,3:1:4:3:1:4:4:4:2,MUTATE
3:2:4:3:2:3:4:4:3:,clone,3144.0993322605827,3:2:4:3:2:3:4:4:3
3:2:4:3:2:3:4:4:3:,recombination,3109.79881992231,3:1:4:3:1:3:4:4:2,2:2:4:3:1:4:4:4:1
3:2:4:3:1:4:4:4:3:,clone,3605.1552136443647,3:2:4:3:1:4:4:4:3
4:2:4:4:2:3:4:4:4:,clone,3176.52457662147,4:2:4:4:3:3:4:4:4
4:3:4:4:4:0:1:2:4:,recombination,2581.6858337332064,3:2:4:4:4:2:4:3:3,2:1:4:4:4:4:4:4:1,MUTATE
4:4:4:4:4:0:1:4:4:,recombination,2662.889544292007,4:3:4:4:4:2:3:4:4,2:1:4:4:2:4:4:4:1,MUTATE
4:4:4:4:4:0:1:4:4:,clone,2649.422317725755,4:4:4:4:4:0:1:4:4
2:2:4:4:2:4:4:4:1:,recombination,3187.2179923692233,3:2:4:4:2:3:4:4:3,3:2:4:4:2:4:4:4:3,MUTATE
3:2:4:3:1:3:4:4:3:,recombination,3512.7918621097797,2:2:4:4:4:4:3:4:2,3:2:4:4:4:4:4:4:2
4:4:4:4:4:0:0:3:4:,clone,2610.16376004967,4:4:4:4:4:0:1:3:4
4:2:4:4:3:3:4:4:4:,recombination,2811.245752119099,1:1:4:4:2:4:4:4:0,4:2:4:4:3:3:4:4:4,MUTATE
4:2:4:3:2:3:4:4:4:,clone,3056.213383812535,4:2:4:3:2:3:4:4:4
4:2:4:4:3:3:4:4:4:,clone,2795.4748458255285,4:2:4:4:3:3:4:4:4
4:1:4:3:1:4:4:4:3:,clone,3066.0337916422895,4:2:4:3:2:3:4:4:3
3:2:4:2:0:4:4:4:2:,recombination,3456.793380149146,2:1:4:4:4:4:4:4:1,3:1:4:4:4:3:3:4:2
4:2:4:3:1:3:4:4:4:,recombination,3408.52093728736,3:2:4:4:4:4:3:4:3,4:1:4:4:3:4:4:4:3
4:3:4:4:4:2:3:4:4:,recombination,2639.688977179235,4:3:4:4:4:1:1:2:4,1:1:4:3:0:4:4:4:1,MUTATE
4:4:3:4:4:2:2:4:4:,clone,2678.3009329698034,4:4:3:4:4:2:2:4:4
4:3:4:4:4:2:3:4:4:,recombination,2631.474760642962,2:1:4:4:4:4:4:4:2,2:2:4:2:0:4:4:4:1
4:2:4:3:2:3:4:4:4:,recombination,2912.438956170778,3:2:4:4:4:4:4:4:3,4:2:4:4:3:3:4:4:4,MUTATE
4:2:4:4:4:3:4:4:4:,clone,3163.596521048934,4:2:4:4:4:3:3:4:4
2:2:4:4:4:4:4:4:2:,clone,3744.1479132876248,2:2:4:4:4:4:4:4:2
2:2:4:4:4:4:4:4:2:,clone,3702.982512179115,2:2:4:4:4:4:4:4:2
2:1:4:4:3:4:4:4:1:,recombination,2962.01013413623,3:2:4:4:3:4:3:4:2,1:1:4:3:2:4:4:4:0,MUTATE
4:2:4:4:4:3:4:4:3:,recombination,3184.595404559753,4:2:4:4:4:2:2:4:4,2:1:4:2:0:4:4:4:0
1:0:4:2:0:4:4:4:0:,recombination,3839.5697426203888,2:1:4:4:4:3:3:4:2,4:4:4:4:4:2:2:3:4,MUTATE
3:2:4:4:4:2:4:4:3:,clone,3532.0328565359264,3:2:4:4:4:2:3:4:3
3:2:4:4:4:2:3:4:2:,recombination,3315.5927764145094,4:2:4:4:2:3:4:4:3,2:1:4:4:3:3:4:4:1
3:2:4:4:4:2:3:4:2:,clone,2948.8442266047587,3:2:4:4:4:2:3:4:2
3:2:4:4:4:3:3:4:2:,clone,2852.8112032381136,3:2:4:4:4:3:3:4:2
2:2:4:4:1:4:4:4:1:,recombination,4290.411041849711,2:1:4:4:1:4:4:4:1,2:2:4:4:4:3:4:4:1,MUTATE
3:2:4:4:1:4:4:4:2:,recombination,4346.562888215777,2:2:4:4:3:4:4:4:2,3:2:4:4:3:3:4:4:2
3:2:4:4:1:4:4:4:2:,clone,4300.8331363439465,3:2:4:4:1:4:4:4:2
3:1:4:4:1:4:4:4:2:,recombination,4334.517071137914,1:1:4:3:0:4:4:4:1,3:1:4:3:0:4:4:4:2,MUTATE
4:2:4:4:4:3:3:4:4:,recombination,2653.2311139140465,3:2:4:4:3:3:4:4:2,4:2:4:4:3:3:4:4:4
3:1:4:3:1:4:4:4:1:,recombination,2990.717408349936,3:2:4:4:3:4:4:4:2,2:1:4:4:4:3:4:4:2,MUTATE
3:1:4:2:1:4:4:4:2:,clone,2780.7388260858047,3:1:4:2:1:4:4:4:2
2:1:4:4:3:3:4:4:2:,recombination,2938.076631015386,4:3:4:4:4:2:2:3:4,4:4:3:4:4:2:2:4:4,MUTATE
4:4:4:4:4:1:2:1:4:,clone,3343.4802319320925,4:4:4:4:4:1:2:1:4
2:1:4:4:1:4:4:4:2:,clone,4304.120007253889,2:1:4:4:1:4:4:4:2
2:1:4:3:2:4:4:4:2:,recombination,3299.131334752345,1:1:4:2:1:4:4:4:0,4:4:3:4:4:2:2:4:4,MUTATE
4:2:4:4:2:3:4:4:4:,clone,3075.7856904817186,4:2:4:4:3:3:4:4:4
3:2:4:4:3:3:3:4:2:,recombination,2942.8025869962767,4:3:4:4:4:2:2:4:4,4:3:4:4:4:0:1:3:4,MUTATE
2:1:4:3:1:4:4:4:1:,recombination,2753.625629405652,3:2:4:4:3:4:4:4:2,2:1:4:4:3:4:4:4:1,MUTATE
2:2:4:4:1:4:4:4:2:,recombination,4363.999532272822,1:1:4:4:2:4:4:4:0,4:2:3:4:4:3:3:4:4
1:2:4:3:0:4:4:4:1:,recombination,4579.63262263338,3:2:4:4:4:4:3:4:2,4:4:4:4:4:1:2:3:4
4:2:4:4:4:3:2:4:4:,clone,2895.266535001359,4:2:4:4:4:3:2:4:4
3:1:4:4:1:4:4:4:2:,recombination,4327.331372947257,4:4:4:4:4:0:1:1:4,2:2:4:3:2:3:4:4:1
2:2:4:3:2:4:4:4:1:,clone,3327.20935827085,3:2:4:3:2:3:4:4:2
2:2:4:3:2:4:4:4:1:,clone,3324.707110654155,2:2:4:3:2:4:4:4:1
2:2:4:3:2:4:4:4:1:,recombination,3275.071394857588,4:3:4:4:4:3:3:4:4,3:2:4:4:2:3:4:4:3
1:1:4:2:0:4:4:4:1:,recombination,4069.389638576353,3:2:4:4:3:4:4:4:2,2:1:4:4:3:4:4:4:2
2:2:4:2:1:4:4:4:1:,recombination,3583.348521533127,2:1:4:3:1:4:4:4:1,4:4:4:4:4:1:3:4:4,MUTATE
2:2:4:3:2:4:4:4:1:,clone,3251.434353460149,2:2:4:3:2:4:4:4:1
0:1:4:2:0:4:4:4:0:,clone,4421.5922786121955,1:1:4:2:0:4:4:4:0
4:4:4:4:4:0:1:4:4:,recombination,2568.988211349054,3:1:4:3:1:4:4:4:1,3:1:4:4:1:4:4:4:2
2:2:4:4:3:4:4:4:1:,recombination,3439.9459928295682,4:3:3:4:4:3:3:4:4,2:1:4:3:0:4:4:4:1,MUTATE
2:2:4:3:0:4:4:4:1:,recombination,4205.00948121572,3:2:4:3:1:4:4:4:3,4:4:4:4:4:1:3:3:4
4:2:4:4:4:3:2:4:4:,clone,2775.3300753861304,4:2:4:4:4:3:2:4:4
2:2:4:3:0:4:4:4:1:,recombination,4127.389067286176,4:4:4:4:4:1:1:4:4,2:1:4:4:3:4:4:4:2,MUTATE
4:4:4:4:4:1:0:2:4:,recombination,2763.4078691555696,2:1:4:2:1:4:4:4:0,3:1:4:3:1:4:4:4:2,MUTATE
3:1:4:4:3:4:4:4:3:,recombination,4025.0342184849023,4:3:4:4:4:2:1:4:4,1:1:4:4:2:4:4:4:0,MUTATE
3:2:4:4:2:3:4:4:3:,clone,3107.005352084054,3:2:4:4:2:3:4:4:3
2:2:4:3:2:4:4:4:2:,recombination,3403.8061084709407,4:2:4:4:3:3:4:4:4,4:3:4:4:4:1:1:3:4,MUTATE
2:1:4:3:2:4:4:4:2:,recombination,3294.370694713047,1:1:4:3:0:4:4:4:1,4:2:4:4:4:2:2:4:4,MUTATE
4:2:4:4:4:2:4:4:4:,clone,3562.4792343232734,4:2:4:4:4:2:3:4:4
1:1:4:1:0:4:4:4:0:,clone,2648.38199202437,1:1:4:1:0:4:4:4:0
4:4:1:4:4:0:0:0:4:,clone,2741.0120498561196,1:1:4:1:0:4:4:4:0
4:4:2:4:4:0:0:0:4:,clone,2675.7641840593183,4:4:1:4:4:0:0:0:4
4:4:3:4:4:1:1:3:4:,recombination,2744.1151456242806,4:4:4:4:4:1:1:4:4,4:2:4:4:2:3:4:4:3,MUTATE
4:4:2:4:4:0:0:3:4:,recombination,2741.01204985612,1:1:4:4:3:4:4:4:0,4:4:4:4:4:1:1:4:4
4:1:4:4:2:4:4:4:3:,recombination,3772.19681241377,2:2:4:3:2:4:4:4:1,2:1:4:4:4:3:3:4:2
4:2:4:4:3:3:3:4:4:,recombination,2790.5819898974655,2:2:4:2:1:4:4:4:1,3:2:4:3:2:3:4:4:3
2:2:4:3:2:3:4:4:2:,recombination,3754.236244493337,2:1:4:3:2:4:4:4:1,2:1:4:4:1:4:4:4:1
3:2:4:4:3:3:3:4:3:,recombination,2778.500869971456,4:2:4:4:4:1:3:2:4,2:2:4:4:4:2:3:4:2,MUTATE
3:2:4:4:4:3:4:4:3:,clone,3259.9226374019595,4:2:4:4:4:3:3:4:3
1:1:4:4:4:3:4:4:1:,recombination,4915.855059190114,2:1:4:4:1:4:4:4:2,4:3:4:4:4:2:3:4:4
1:1:4:3:1:4:4:4:0:,recombination,2996.838129552284,2:1:4:4:3:3:4:4:2,3:2:4:4:2:4:4:4:2,MUTATE
4:4:4:4:4:1:0:4:4:,clone,2737.955432879383,4:4:4:4:4:1:1:4:4
2:1:4:2:0:4:4:4:0:,clone,2712.0332641020354,1:1:4:2:0:4:4:4:0
1:1:4:2:0:4:4:4:0:,recombination,2716.2377999895953,3:1:4:3:1:3:4:4:2,2:1:4:2:1:4:4:4:1,MUTATE
4:2:4:4:4:3:3:4:4:,clone,2516.2771917278365,4:2:4:4:4:3:3:4:4
4:3:4:4:4:2:1:4:4:,recombination,2563.9717816407665,3:1:4:4:1:4:4:4:2,2:1:4:3:1:4:4:4:1
4:2:4:4:4:3:3:4:4:,clone,2509.377889369939,4:2:4:4:4:3:3:4:4
4:2:4:4:4:3:3:4:3:,clone,2682.710586137623,4:2:4:4:4:3:3:4:3
4:4:4:4:4:0:0:3:4:,clone,2491.0317917124803,4:4:4:4:4:0:1:3:4
4:4:4:4:4:0:1:4:4:,recombination,2557.5427179267954,0:1:4:3:0:4:4:4:0,2:1:4:4:1:4:4:4:1
4:4:4:4:4:0:1:4:4:,clone,2533.8977030247547,4:4:4:4:4:0:1:4:4
4:4:4:4:4:1:2:4:4:,recombination,2670.2662965218574,4:3:4:4:4:1:1:2:4,4:4:4:4:4:0:1:4:4,MUTATE
3:2:4:4:2:3:4:4:2:,recombination,2908.3056357832593,4:2:4:4:4:3:3:4:3,4:2:4:3:1:4:4:4:3
3:2:4:4:3:3:4:4:3:,recombination,2832.5407680698127,4:2:4:4:4:3:3:4:4,2:1:4:3:1:4:4:4:2,MUTATE
4:4:4:4:4:0:0:0:4:,clone,2432.7311501638746,1:1:4:2:0:4:4:4:0
4:4:4:4:4:0:0:0:4:,clone,2388.3988023575785,4:4:4:4:4:0:0:0:4
4:2:4:4:2:3:4:4:3:,clone,2855.5696763166093,4:2:4:4:2:3:4:4:3
3:2:4:4:2:3:4:4:3:,recombination,3084.2810201139837,3:1:4:4:2:3:4:4:2,3:2:4:4:4:4:4:4:2
4:2:4:4:3:3:4:4:3:,recombination,2812.420827083415,4:2:4:4:2:3:4:4:3,4:4:4:4:4:0:0:0:4
3:2:4:4:2:3:4:4:3:,clone,3019.4745050735983,3:2:4:4:2:3:4:4:3
4:2:4:4:2:3:4:4:3:,clone,2790.763161276224,4:2:4:4:2:3:4:4:3
3:2:4:4:2:3:4:4:3:,clone,2942.642533360206,3:2:4:4:2:3:4:4:3
4:4:4:4:4:1:0:3:4:,clone,2428.389172806225,4:4:4:4:4:1:0:3:4
2:2:4:3:1:4:4:4:2:,clone,3795.573072957279,3:2:4:4:2:4:4:4:2
1:1:4:4:1:4:4:4:0:,clone,4410.368690615223,1:1:4:4:1:4:4:4:0
1:1:4:3:2:4:4:4:0:,recombination,3132.8157554637205,1:0:4:2:0:4:4:4:0,3:2:4:4:2:3:4:4:3,MUTATE
4:2:4:4:3:3:3:4:3:,clone,2673.1043491198934,4:2:4:4:3:3:3:4:3
3:1:4:4:2:4:4:4:3:,recombination,4023.524145219475,3:1:4:4:3:4:4:4:3,1:1:4:4:3:3:4:4:1
4:4:4:4:4:1:2:3:4:,clone,2810.4575661566855,4:4:4:4:4:1:2:3:4
4:4:4:4:4:1:2:4:4:,recombination,2636.143974613332,4:3:4:4:4:2:3:4:4,4:2:4:4:3:4:4:4:3,MUTATE
4:3:4:4:4:3:4:4:4:,clone,3509.9525519877343,4:3:4:4:4:3:3:4:4
4:4:4:4:4:1:2:4:4:,recombination,2585.229537218141,4:4:4:4:4:1:2:4:4,4:4:4:4:4:2:1:4:4,MUTATE
4:2:4:4:4:2:4:4:4:,recombination,3457.4123528990644,2:1:4:4:3:4:4:4:1,2:1:4:3:0:4:4:4:1,MUTATE
3:1:4:4:2:4:4:4:3:,clone,4015.627170128228,3:1:4:4:2:4:4:4:3
2:2:4:3:1:4:4:4:2:,recombination,3648.7827533053132,2:1:4:3:2:4:4:4:2,4:3:4:4:4:3:4:4:4
4:4:4:4:4:0:0:2:4:,clone,2482.241330698873,4:4:4:4:4:0:0:1:4
4:2:4:4:3:4:4:4:3:,clone,2762.211097786676,4:2:4:4:3:3:3:4:3
2:2:4:3:1:3:4:4:2:,recombination,3650.072691500142,3:2:4:4:4:2:3:4:3,4:4:4:4:4:0:1:1:4
1:1:4:3:1:4:4:4:1:,recombination,3980.4573076889114,3:1:4:3:2:4:4:4:2,1:1:4:3:1:4:4:4:1,MUTATE
0:1:4:2:0:4:4:4:0:,clone,4418.7396594147995,0:1:4:2:0:4:4:4:0
2:1:4:2:1:4:4:4:2:,clone,3675.1620951705218,2:1:4:2:1:4:4:4:2
3:1:4:4:4:3:3:4:3:,clone,3040.822427611188,3:1:4:4:4:3:3:4:3
4:4:4:4:4:1:0:4:4:,recombination,2698.683388950647,4:2:4:4:4:1:2:4:4,3:2:4:4:3:3:4:4:2,MUTATE
2:1:4:4:1:4:4:4:1:,clone,4265.764122521611,2:1:4:4:1:4:4:4:1
3:2:4:4:4:3:3:4:2:,clone,2848.838680226061,3:2:4:4:3:4:4:4:2
2:1:4:2:1:4:4:4:1:,clone,2637.59046905994,2:1:4:2:1:4:4:4:1
4:4:4:4:4:1:1:1:4:,recombination,3136.097834877407,3:2:4:4:4:3:3:4:2,2:2:4:4:2:4:4:4:2,MUTATE
4:4:3:4:4:1:1:2:4:,clone,2949.348652858433,4:4:3:4:4:1:1:2:4
4:2:4:4:4:3:3:4:3:,clone,2673.1956571067867,3:2:4:4:4:3:3:4:3
3:2:4:4:4:3:3:4:2:,clone,2810.7128834910486,3:2:4:4:4:3:3:4:2
4:2:4:4:4:3:3:4:3:,clone,2597.237788218054,4:2:4:4:4:3:3:4:3
3:2:4:4:3:3:3:4:2:,recombination,2837.379386783619,4:2:4:4:3:3:4:4:3,3:2:4:4:2:3:4:4:3,MUTATE
1:1:4:3:1:4:4:4:1:,recombination,3964.97644891071,2:1:4:2:0:4:4:4:0,2:1:4:4:1:4:4:4:2,MUTATE
3:2:4:3:2:4:4:4:3:,clone,3237.3645147409975,3:2:4:3:2:4:4:4:3
3:2:4:4:4:4:3:4:2:,clone,2963.9125374094583,3:2:4:4:4:4:3:4:2
2:2:4:3:1:3:4:4:1:,clone,3987.5118832621465,2:2:4:3:1:3:4:4:1
2:1:4:2:1:4:4:4:1:,recombination,2636.8968234361264,3:2:4:3:2:4:4:4:2,4:4:4:4:4:1:0:3:4,MUTATE
2:2:4:3:0:4:4:4:1:,recombination,4109.798850634176,3:2:4:4:3:4:4:4:2,3:2:4:4:4:3:4:4:3,MUTATE
4:4:2:4:4:0:0:0:4:,recombination,2669.1879545166753,4:2:4:4:4:3:3:4:3,4:4:3:4:4:0:0:1:4,MUTATE
3:2:4:4:4:3:4:4:3:,recombination,3251.9812923828895,2:2:4:4:1:4:4:4:2,2:1:4:2:0:4:4:4:1
4:2:3:4:4:2:3:4:4:,recombination,3115.6115163322183,4:2:4:4:4:3:4:4:4,3:2:4:4:4:2:2:3:3,MUTATE
4:2:4:4:4:2:3:4:3:,clone,2712.484156558833,4:2:4:4:4:2:3:4:3
2:1:4:3:1:4:4:4:2:,recombination,3333.8963321742,4:2:4:4:4:2:3:4:4,4:4:4:4:4:1:2:4:4
4:3:4:4:4:3:4:4:4:,clone,3297.250632456192,4:3:4:4:4:3:3:4:4
2:1:4:3:2:3:4:4:2:,recombination,3077.493314351973,3:2:4:4:2:3:4:4:3,4:2:4:4:4:2:4:4:4
