4:2:4:4:4:2:3:4:4:,initialisation,4073.5310212777335,
4:2:4:4:4:2:3:4:4:,initialisation,3946.242898519935,
4:3:4:4:4:2:2:4:4:,initialisation,3733.154474293846,
4:2:4:4:4:2:2:4:4:,initialisation,3826.1028930836846,
4:2:4:4:4:3:3:4:4:,initialisation,4691.854563419856,
4:3:3:4:4:2:2:4:4:,initialisation,3348.830746847525,
4:2:4:4:4:3:4:4:4:,initialisation,6082.902536628234,
4:2:4:4:4:3:3:4:4:,initialisation,4477.097557978574,
4:3:4:4:4:1:2:4:4:,initialisation,3777.592460086399,
4:3:4:4:4:2:2:4:4:,initialisation,3348.8307468475255,
4:2:4:4:4:2:2:4:4:,initialisation,3615.240169508047,
4:2:4:4:4:1:2:4:4:,initialisation,4163.347005991469,
4:4:3:4:4:1:1:4:4:,initialisation,3339.297173059967,
4:3:4:4:4:2:3:4:4:,initialisation,4771.008577758881,
4:2:4:4:4:3:3:4:4:,initialisation,4433.932379519276,
4:2:4:4:4:3:3:4:4:,initialisation,4249.826628283081,
4:3:4:4:4:1:2:4:4:,initialisation,3639.2223437425823,
4:3:4:4:4:2:3:4:4:,initialisation,4768.788660597254,
4:3:4:4:4:2:3:4:4:,initialisation,4116.713860913583,
4:2:4:4:4:3:3:4:4:,initialisation,3949.0127968105667,
4:2:4:4:4:2:2:4:4:,initialisation,3348.830746847525,
4:2:4:4:4:3:4:4:4:,initialisation,5640.783756865625,
4:3:4:4:4:3:3:4:4:,initialisation,4923.889175209943,
4:2:4:4:4:2:3:4:4:,initialisation,3819.5330171445694,
4:3:3:4:4:1:2:4:4:,initialisation,3348.830746847525,
4:2:4:4:4:1:2:3:4:,initialisation,4800.074569290183,
4:3:3:4:4:2:2:4:4:,initialisation,3348.8307468475246,
4:2:4:4:4:2:3:4:4:,initialisation,3698.4347101241137,
4:2:4:4:4:3:3:4:4:,initialisation,3348.830746847526,
4:2:4:4:4:3:3:4:4:,initialisation,3348.830746847525,
4:3:4:4:4:1:2:4:4:,initialisation,3611.961108044826,
4:3:4:4:4:2:3:4:4:,initialisation,4103.406620806772,
4:3:4:4:4:1:2:4:4:,initialisation,3523.31888714764,
4:3:4:4:4:2:2:4:4:,initialisation,3348.8307468475246,
4:3:4:4:4:2:2:4:4:,initialisation,3348.830746847524,
4:2:4:4:4:1:2:3:4:,initialisation,4453.165770670098,
4:2:4:4:4:3:4:4:4:,initialisation,4751.941852944152,
4:3:3:4:4:1:1:4:4:,initialisation,3348.830746847525,
4:2:4:4:4:1:2:4:4:,initialisation,3645.0969483619983,
4:3:4:4:4:2:3:4:4:,initialisation,3837.3654423952403,
4:3:4:4:4:1:1:4:4:,initialisation,3261.3227479818597,
4:2:4:4:4:3:3:4:4:,initialisation,3348.830746847524,
4:2:4:4:4:1:3:4:4:,initialisation,4657.183931020882,
4:2:4:4:4:1:2:2:4:,initialisation,5149.550347688447,
4:2:4:4:4:2:2:4:4:,initialisation,3348.8307468475246,
4:3:3:4:4:2:1:4:4:,initialisation,3362.8028243597373,
4:2:4:4:4:1:2:3:4:,initialisation,4306.496010547234,
4:3:3:4:4:2:2:4:4:,initialisation,3348.830746847524,
4:3:4:4:4:1:2:4:4:,initialisation,3206.6113258525743,
4:2:4:4:4:2:4:4:4:,initialisation,5586.667816875514,
4:3:4:4:4:1:2:3:4:,initialisation,4638.059149735481,
4:3:4:4:4:2:2:4:4:,initialisation,3348.8307468475236,
4:3:4:4:4:2:2:4:4:,initialisation,3338.8457575750426,
4:2:4:4:4:2:3:4:4:,initialisation,3348.8307468475255,
4:3:3:4:4:2:2:4:4:,initialisation,3334.7389878983217,
4:2:4:4:4:3:4:4:4:,initialisation,4522.98996756873,
4:2:4:4:4:2:4:4:4:,initialisation,5519.678286393203,
4:2:4:4:4:1:1:4:4:,initialisation,3768.764512641723,
4:2:4:4:4:2:3:4:4:,initialisation,3348.8307468475246,
4:2:4:4:4:1:3:4:4:,initialisation,4387.34772127512,
4:3:3:4:4:2:2:4:4:,initialisation,3322.830746847525,
4:4:3:4:4:1:2:4:4:,initialisation,3348.8307468475246,
4:3:3:4:4:2:1:4:4:,initialisation,3348.830746847525,
4:3:2:4:4:2:1:4:4:,initialisation,3348.8307468475246,
4:2:4:4:4:1:1:4:4:,initialisation,3569.5132490718474,
4:3:4:4:4:2:2:4:4:,initialisation,3308.525664128361,
3:1:4:4:4:2:3:4:3:,initialisation,5826.58332598814,
4:3:4:4:4:2:1:4:4:,initialisation,3667.3236365433213,
4:2:4:4:4:2:2:3:4:,initialisation,5221.541389111082,
4:2:4:4:4:1:2:4:4:,initialisation,3288.866958441298,
4:3:4:4:4:2:3:4:4:,initialisation,3822.4378917625068,
4:3:4:4:4:2:3:4:4:,initialisation,3736.140402583258,
4:2:3:4:4:3:2:4:4:,initialisation,3348.8307468475255,
4:2:4:4:4:2:1:4:4:,initialisation,3241.177662884251,
4:2:4:4:4:3:2:4:4:,initialisation,3348.830746847524,
4:1:4:4:4:3:3:4:3:,initialisation,5810.8088590539455,
4:3:4:4:4:1:1:2:4:,initialisation,4138.5246091511735,
4:2:4:4:4:2:3:3:4:,initialisation,5519.596910752273,
4:2:4:4:4:2:3:4:4:,initialisation,3348.830746847524,
4:2:4:4:4:2:2:4:4:,initialisation,3348.830746847524,
4:3:4:4:4:3:2:4:4:,initialisation,3348.8307468475236,
4:1:4:4:4:3:4:4:3:,initialisation,4556.542121556303,
4:4:2:4:4:1:1:4:4:,initialisation,3348.8307468475255,
3:2:4:4:4:3:3:4:3:,initialisation,5766.231695518302,
4:3:4:4:4:2:3:4:4:,initialisation,3617.9742665424533,
4:4:1:4:4:0:0:0:4:,initialisation,3348.8307468475246,
4:1:4:4:4:2:3:4:3:,initialisation,5183.87544069715,
4:3:2:4:4:1:1:4:4:,initialisation,3348.830746847524,
4:3:3:4:4:1:1:4:4:,initialisation,3348.830746847524,
4:3:4:4:4:2:1:4:4:,initialisation,3463.324594862133,
4:3:4:4:4:1:2:3:4:,initialisation,4317.689801520949,
4:2:4:4:4:3:4:4:4:,initialisation,4464.019827021371,
4:2:4:4:4:3:4:4:3:,initialisation,6293.608210682502,
4:3:3:4:4:2:1:4:4:,initialisation,3348.8307468475246,
4:2:4:4:4:1:2:3:4:,initialisation,4208.375832611323,
4:2:3:4:4:3:2:4:4:,initialisation,3348.8307468475236,
4:3:4:4:4:1:2:3:4:,initialisation,4282.312270687152,
4:3:4:4:4:1:3:4:4:,initialisation,4522.002239796088,
4:3:4:4:4:3:3:4:4:,initialisation,4392.622449709814,
4:3:4:4:4:1:1:4:4:,initialisation,3235.48253057252,
4:4:4:4:4:1:1:4:4:,initialisation,3517.3001597557295,
4:3:3:4:4:2:1:4:4:,initialisation,3348.830746847524,
4:3:4:4:4:1:2:3:4:,initialisation,3571.8425627648376,
4:3:3:4:4:2:2:4:4:,initialisation,3301.966850151628,
4:3:4:4:4:1:3:4:4:,initialisation,4449.827324425108,
4:3:4:4:4:2:2:4:4:,initialisation,3293.3229771963497,
3:1:4:4:3:4:4:4:3:,initialisation,6791.537155088069,
4:4:2:4:4:1:1:4:4:,initialisation,3348.8307468475246,
4:2:4:4:4:3:4:4:4:,initialisation,4401.217516473016,
4:2:4:4:4:1:2:3:4:,initialisation,4187.315948238485,
4:2:4:4:4:2:2:4:4:,initialisation,3338.7580307025264,
4:2:4:4:4:1:2:3:4:,initialisation,4012.70013157667,
4:2:4:4:4:2:3:3:4:,initialisation,5135.452983035673,
4:3:3:4:4:1:2:4:4:,initialisation,3348.8307468475246,
4:2:4:4:4:1:1:3:4:,initialisation,4475.729716692045,
4:3:4:4:4:0:1:2:4:,initialisation,3610.772028683808,
4:2:3:4:4:2:2:4:4:,initialisation,3348.8307468475255,
4:3:4:4:4:1:3:4:4:,initialisation,3881.4971596192745,
4:3:4:4:4:3:2:4:4:,initialisation,3293.73073051871,
4:2:4:4:4:3:4:4:3:,initialisation,5506.827015210251,
4:4:4:4:4:0:0:0:4:,initialisation,3300.850211544564,
4:3:4:4:4:2:1:4:4:,initialisation,3380.1714234191427,
4:4:4:4:4:2:1:4:4:,initialisation,3329.341607850721,
4:3:4:4:4:1:0:4:4:,initialisation,3291.943733116151,
4:3:4:4:4:0:1:3:4:,initialisation,3555.895728679526,
4:3:4:4:4:2:3:4:4:,initialisation,3348.830746847524,
4:3:4:4:4:1:1:3:4:,initialisation,3580.3581337092896,
3:1:4:4:4:3:4:4:3:,initialisation,6465.89905284474,
4:3:4:4:4:0:1:3:4:,initialisation,3387.8891625675433,
4:3:4:4:4:1:1:3:4:,initialisation,3566.881697835504,
4:4:2:4:4:2:1:4:4:,initialisation,3348.8307468475246,
4:4:4:4:4:0:0:3:4:,initialisation,3203.1647403489333,
4:2:4:4:4:1:1:3:4:,initialisation,4300.532333480168,
4:2:4:4:3:3:4:4:3:,initialisation,5812.034438065256,
3:1:4:4:4:4:4:4:3:,initialisation,5980.848166358098,
4:3:4:4:4:1:2:2:4:,initialisation,4046.2439215543154,
4:2:4:4:4:4:4:4:4:,initialisation,5388.871835722705,
4:2:4:4:4:1:3:3:4:,initialisation,4960.692834400671,
4:2:4:4:4:3:4:4:4:,initialisation,4368.913996334156,
1:0:4:2:0:4:4:4:0:,initialisation,5390.551281580257,
4:1:4:4:4:3:4:4:4:,initialisation,6058.511078018327,
4:2:4:4:4:1:3:3:4:,initialisation,4509.829343496003,
4:3:3:4:4:3:2:4:4:,initialisation,3348.8307468475255,
4:3:4:4:4:2:2:4:4:,initialisation,3257.758802017129,
4:2:4:4:4:1:2:3:4:,recombination,4000.623102909354,4:2:4:4:4:1:2:3:4,4:3:4:4:4:2:3:4:4
4:2:4:4:4:3:3:4:4:,recombination,3330.4920016273977,4:2:4:4:4:3:3:4:4,4:2:4:4:4:2:3:4:4,MUTATE
4:1:4:4:4:3:4:4:4:,clone,4495.372344132577,4:2:4:4:4:3:4:4:4
4:4:4:4:4:0:1:4:4:,recombination,3332.045249913125,4:4:4:4:4:0:0:0:4,4:2:4:4:4:3:3:4:4
4:2:4:4:4:1:1:4:4:,clone,3566.179600662485,4:2:4:4:4:1:1:4:4
4:1:4:4:4:3:3:4:3:,clone,5635.628292082971,4:1:4:4:4:3:3:4:3
4:3:4:4:4:3:2:4:4:,clone,3291.659077057121,4:3:4:4:4:3:2:4:4
4:1:4:4:4:3:3:4:3:,clone,5490.024396701419,4:1:4:4:4:3:3:4:3
4:1:4:4:4:3:3:4:4:,clone,6227.472645209885,3:1:4:4:4:3:4:4:3
4:2:4:4:4:1:1:3:4:,clone,3975.539195514182,4:2:4:4:4:1:2:3:4
4:3:4:4:4:1:2:2:4:,clone,4004.763390593739,4:3:4:4:4:1:2:2:4
4:3:3:4:4:2:2:4:4:,recombination,3278.2514831383887,4:3:3:4:4:2:1:4:4,4:2:3:4:4:2:2:4:4,MUTATE
4:2:4:4:4:2:3:4:4:,recombination,3330.4920016273973,4:2:4:4:4:2:3:4:4,4:2:4:4:4:3:4:4:4
4:3:3:4:4:2:2:4:4:,clone,3265.345134584501,4:3:3:4:4:2:2:4:4
4:2:4:4:3:3:4:4:4:,recombination,4256.177979660021,4:3:4:4:4:2:3:4:4,4:2:4:4:4:3:4:4:4,MUTATE
4:2:4:4:4:2:2:4:4:,clone,3335.9243982936378,4:2:4:4:4:2:2:4:4
4:4:4:4:4:0:0:0:4:,recombination,3226.44718626125,4:2:4:4:4:2:3:4:4,4:4:4:4:4:0:0:0:4
4:1:4:4:3:4:4:4:4:,clone,4840.988797186539,4:1:4:4:4:3:4:4:4
4:4:4:4:4:0:1:4:4:,recombination,3257.642224629811,4:4:4:4:4:0:0:0:4,4:2:4:4:4:2:3:4:4
4:3:4:4:4:1:2:2:4:,clone,3965.6387492978083,4:3:4:4:4:1:2:2:4
4:2:4:4:4:1:1:3:4:,recombination,3428.7105393024613,4:3:4:4:4:1:2:3:4,4:2:4:4:4:1:1:4:4,MUTATE
4:4:4:4:4:0:0:0:4:,clone,3220.833517435383,4:4:4:4:4:0:0:0:4
4:3:4:4:4:1:3:4:4:,clone,3875.209907431492,4:3:4:4:4:1:3:4:4
4:4:4:4:4:0:1:2:4:,recombination,3926.750646886511,4:4:4:4:4:0:0:0:4,4:2:4:4:4:1:3:4:4,MUTATE
4:1:4:4:4:4:4:4:3:,clone,5948.649590273783,3:1:4:4:4:4:4:4:3
4:2:4:4:4:2:4:4:4:,clone,5371.953880418593,4:2:4:4:4:2:4:4:4
4:3:4:4:4:2:1:4:4:,clone,3240.4435980982375,4:3:4:4:4:2:1:4:4
4:2:4:4:4:3:3:4:4:,clone,3330.4920016273973,4:2:4:4:4:3:3:4:4
4:1:4:4:4:3:4:4:4:,clone,4492.199590218704,4:1:4:4:4:3:4:4:4
4:3:4:4:4:1:2:3:4:,clone,3547.343904984946,4:3:4:4:4:1:1:3:4
3:1:4:4:4:2:3:4:3:,clone,5636.957566809832,3:1:4:4:4:2:3:4:3
4:2:4:4:4:2:2:4:4:,recombination,3265.345134584501,4:2:4:4:4:3:3:4:4,4:3:3:4:4:2:2:4:4,MUTATE
4:4:1:4:4:0:0:1:4:,recombination,3348.8307468475246,4:2:4:4:4:3:3:4:4,4:4:1:4:4:0:0:0:4
3:2:4:4:4:3:3:4:3:,clone,5747.69532317919,3:2:4:4:4:3:3:4:3
4:3:3:4:4:2:2:4:4:,clone,3265.3451345845006,4:3:3:4:4:2:2:4:4
2:1:4:3:1:4:4:4:1:,recombination,5380.719358904069,1:0:4:2:0:4:4:4:0,4:2:4:4:4:1:1:4:4,MUTATE
4:3:3:4:4:1:1:4:4:,recombination,3274.42772156421,4:3:3:4:4:1:1:4:4,4:3:4:4:4:2:1:4:4
4:1:4:4:3:3:4:4:4:,recombination,3558.989969999321,4:2:4:4:4:3:3:4:4,4:2:4:4:4:3:4:4:4
4:4:4:4:4:0:1:4:4:,clone,3252.0285558039436,4:4:4:4:4:0:1:4:4
4:4:4:4:4:0:0:1:4:,recombination,3283.2209397387132,4:4:4:4:4:0:0:0:4,4:4:4:4:4:2:1:4:4
4:3:4:4:4:0:0:2:4:,recombination,3387.8891625675433,4:3:4:4:4:0:1:3:4,4:2:4:4:4:3:4:4:3,MUTATE
4:3:4:4:4:2:3:4:4:,recombination,3344.7918524734696,4:3:3:4:4:1:2:4:4,4:3:4:4:4:2:3:4:4,MUTATE
4:3:3:4:4:2:1:4:4:,recombination,3321.0547796759206,4:3:2:4:4:2:1:4:4,4:3:4:4:4:2:1:4:4,MUTATE
4:2:4:4:4:2:4:4:4:,clone,5278.651922305527,4:2:4:4:4:2:4:4:4
4:2:3:4:4:2:2:4:4:,recombination,3278.2514831383887,4:2:4:4:4:2:2:4:4,4:3:3:4:4:1:2:4:4,MUTATE
4:2:4:4:4:3:3:4:4:,recombination,3257.7588020171297,4:3:4:4:4:2:3:4:4,4:3:4:4:4:2:2:4:4,MUTATE
4:4:4:4:4:0:0:4:4:,recombination,3267.4878473739527,4:4:4:4:4:0:0:0:4,4:2:4:4:4:3:3:4:4
4:2:4:4:4:3:2:4:4:,clone,3265.3451345845015,4:2:4:4:4:3:2:4:4
4:3:4:4:4:2:3:4:4:,clone,3344.7918524734687,4:3:4:4:4:2:3:4:4
4:3:4:4:4:1:3:3:4:,recombination,5166.025604834447,4:2:4:4:4:1:2:2:4,4:2:4:4:4:2:3:3:4
1:1:4:2:0:4:4:4:0:,clone,5623.534463728719,1:0:4:2:0:4:4:4:0
4:2:4:4:4:2:2:4:4:,clone,3159.567484718856,4:2:4:4:4:2:2:4:4
4:3:4:4:4:2:1:4:4:,recombination,3219.999268303454,4:3:4:4:4:2:1:4:4,4:2:3:4:4:3:2:4:4,MUTATE
4:1:4:4:4:3:4:4:4:,recombination,4385.098748177093,4:2:4:4:4:2:2:4:4,4:2:4:4:4:3:4:4:4
4:1:4:4:4:3:3:4:4:,recombination,5215.812961782666,4:1:4:4:4:3:3:4:3,4:2:4:4:4:3:3:4:4
4:2:4:4:4:1:2:3:4:,recombination,3944.742654827042,4:2:4:4:4:1:2:3:4,4:3:3:4:4:2:2:4:4,MUTATE
4:4:4:4:4:1:1:4:4:,recombination,3451.9857349780023,4:3:4:4:4:1:0:4:4,4:3:3:4:4:1:2:4:4
4:2:4:4:4:2:2:4:4:,clone,3149.412667051732,4:2:4:4:4:2:2:4:4
4:1:4:4:3:4:4:4:4:,clone,4564.677610611134,4:1:4:4:3:4:4:4:4
4:4:4:4:4:0:0:1:4:,clone,3272.9316136967773,4:4:4:4:4:0:0:1:4
1:1:4:2:0:4:4:4:0:,recombination,5381.416567560968,4:2:4:4:4:3:3:4:4,1:0:4:2:0:4:4:4:0
1:1:4:3:0:4:4:4:0:,recombination,5657.753314423553,2:1:4:3:1:4:4:4:1,4:2:4:4:4:1:1:3:4
4:3:4:4:4:1:1:4:4:,clone,3209.0066096311766,4:3:4:4:4:2:1:4:4
4:2:4:4:4:3:4:4:4:,recombination,4335.561844163048,4:3:4:4:4:2:3:4:4,1:0:4:2:0:4:4:4:0,MUTATE
4:3:4:4:4:0:1:3:4:,recombination,3269.6278372495253,4:2:4:4:4:1:2:3:4,4:3:4:4:4:0:1:3:4
4:3:3:4:4:1:2:4:4:,recombination,3274.4277215642105,4:3:4:4:4:2:2:4:4,4:3:3:4:4:1:1:4:4,MUTATE
4:3:3:4:4:1:2:4:4:,clone,3274.42772156421,4:3:3:4:4:1:1:4:4
4:2:4:4:4:3:4:4:4:,clone,4304.615075560648,4:2:4:4:4:3:4:4:4
4:2:4:4:4:4:4:4:3:,clone,5943.752916386341,4:1:4:4:4:4:4:4:3
1:1:4:2:0:4:4:4:0:,clone,5266.710141930363,1:1:4:2:0:4:4:4:0
3:1:4:4:4:2:3:4:3:,clone,5541.915021018666,3:1:4:4:4:2:3:4:3
4:2:4:4:4:3:4:4:4:,recombination,4304.615075560647,4:2:4:4:4:3:4:4:4,2:1:4:3:1:4:4:4:1,MUTATE
2:1:4:4:2:4:4:4:1:,recombination,5244.249100418308,4:2:4:4:4:1:2:3:4,2:1:4:3:1:4:4:4:1
4:4:2:4:4:0:0:0:4:,clone,3364.762535365559,4:4:1:4:4:0:0:0:4
4:2:3:4:4:3:2:4:4:,clone,3348.830746847523,4:2:3:4:4:3:2:4:4
4:4:4:4:4:0:0:2:4:,clone,3347.3346389800918,4:4:4:4:4:0:0:1:4
4:3:4:4:4:0:1:4:4:,recombination,3373.9146144972033,4:3:4:4:4:0:1:3:4,4:3:4:4:4:1:0:4:4,MUTATE
4:4:4:4:4:0:0:1:4:,clone,3250.564822649629,4:4:4:4:4:0:0:1:4
4:2:4:4:4:4:4:4:4:,recombination,4749.8600661136925,1:1:4:2:0:4:4:4:0,4:2:3:4:4:3:2:4:4
3:1:4:4:4:4:4:4:3:,clone,5891.069952856903,3:1:4:4:4:4:4:4:3
4:4:4:4:4:0:0:1:4:,clone,3231.588521073188,4:4:4:4:4:0:0:1:4
2:1:4:4:1:4:4:4:1:,recombination,5160.368670420263,4:2:4:4:4:1:2:3:4,1:0:4:2:0:4:4:4:0,MUTATE
4:1:4:4:3:3:4:4:3:,recombination,4842.500844523529,2:1:4:4:2:4:4:4:1,4:4:4:4:4:0:0:0:4
4:3:4:4:4:2:2:4:4:,recombination,3230.8093691034865,4:3:4:4:4:1:2:4:4,4:3:4:4:4:2:1:4:4
4:3:4:4:4:2:1:4:4:,clone,3204.612926193878,4:3:4:4:4:2:1:4:4
4:4:4:4:4:0:0:1:4:,clone,3198.649309715094,4:4:4:4:4:0:0:1:4
4:4:3:4:4:2:2:4:4:,clone,3743.034786522958,4:4:3:4:4:2:2:4:4
3:2:4:4:4:2:3:4:3:,recombination,5545.143845672979,3:2:4:4:4:3:3:4:3,4:2:4:4:4:1:1:3:4,MUTATE
4:2:4:4:4:2:3:4:4:,recombination,3130.651795659223,4:2:4:4:4:2:2:4:4,4:2:4:4:4:3:4:4:4
4:2:4:4:4:2:2:4:4:,clone,3139.7865096785104,4:2:4:4:4:2:2:4:4
4:4:4:4:4:0:1:2:4:,clone,3630.983312801613,4:4:4:4:4:0:0:2:4
3:1:4:4:2:4:4:4:2:,recombination,4836.409856542467,2:1:4:3:1:4:4:4:1,4:2:4:4:4:2:2:4:4
4:1:4:4:4:3:3:4:4:,recombination,4345.682956622706,4:1:4:4:4:3:4:4:4,2:1:4:4:1:4:4:4:1,MUTATE
4:3:4:4:4:2:2:4:4:,recombination,3197.128593083989,4:2:4:4:4:2:3:4:4,4:3:4:4:4:1:2:2:4
3:2:4:4:3:4:4:4:3:,recombination,5886.093819881957,4:2:4:4:4:3:4:4:3,3:1:4:4:3:4:4:4:3
2:1:4:3:0:4:4:4:1:,recombination,5256.921043175254,4:3:3:4:4:2:1:4:4,1:0:4:2:0:4:4:4:0
4:4:4:4:4:0:1:3:4:,clone,3724.337855689908,4:4:4:4:4:0:1:3:4
4:2:4:4:4:3:4:4:4:,clone,4178.814375648009,4:2:4:4:4:3:4:4:4
4:1:4:4:3:4:4:4:4:,clone,4381.174048291454,4:1:4:4:3:4:4:4:4
4:2:4:4:3:3:4:4:4:,clone,4132.487810771008,4:2:4:4:3:3:4:4:4
4:4:4:4:4:1:1:4:4:,clone,3294.3545286707827,4:4:4:4:4:1:1:4:4
4:3:4:4:4:1:1:1:4:,recombination,4887.363140069702,4:2:4:4:4:1:2:2:4,4:3:4:4:4:1:2:2:4
4:1:4:4:4:3:4:4:4:,clone,4141.131156856064,4:1:4:4:4:3:4:4:4
4:4:1:4:4:0:0:1:4:,recombination,3332.2824001282893,4:3:4:4:4:1:1:4:4,4:4:1:4:4:0:0:1:4,MUTATE
4:1:4:4:4:3:4:4:4:,recombination,3869.169302989498,4:2:4:4:4:2:2:4:4,4:1:4:4:4:3:3:4:4,MUTATE
2:1:4:3:1:4:4:4:1:,clone,5206.212098202845,2:1:4:3:1:4:4:4:1
2:1:4:3:1:4:4:4:1:,clone,5156.638829855073,2:1:4:3:1:4:4:4:1
4:1:4:4:2:4:4:4:3:,recombination,4705.615518044724,4:2:4:4:4:2:3:4:4,2:1:4:4:1:4:4:4:1
3:1:4:4:4:4:4:4:3:,clone,5722.840671271776,3:1:4:4:4:4:4:4:3
4:4:4:4:4:1:1:4:4:,clone,3287.2632548434676,4:4:4:4:4:1:1:4:4
3:1:4:4:4:4:4:4:2:,clone,5849.143017024186,3:1:4:4:4:4:4:4:3
4:4:4:4:4:1:1:4:4:,clone,3287.263254843467,4:4:4:4:4:1:1:4:4
4:1:4:4:4:3:3:4:4:,recombination,3759.202918870991,4:1:4:4:4:3:4:4:4,4:3:4:4:4:1:2:3:4
4:4:3:4:4:0:1:2:4:,recombination,3492.5569627298887,4:4:1:4:4:0:0:0:4,4:3:4:4:4:1:2:4:4,MUTATE
2:1:4:3:1:4:4:4:1:,recombination,5070.838914472386,2:1:4:4:2:4:4:4:1,4:3:3:4:4:2:2:4:4
4:2:4:4:4:3:4:4:4:,clone,4141.175644649501,4:2:4:4:4:3:4:4:4
3:1:4:4:4:4:4:4:2:,clone,5774.112340430058,3:1:4:4:4:4:4:4:2
4:1:4:4:3:4:4:4:4:,clone,3871.8614073308936,4:1:4:4:3:4:4:4:4
2:1:4:4:1:4:4:4:1:,clone,5075.660879589578,2:1:4:4:1:4:4:4:1
3:1:4:3:1:4:4:4:2:,recombination,4395.848807195354,4:3:4:4:4:2:2:4:4,2:1:4:3:1:4:4:4:1,MUTATE
4:2:4:4:4:3:3:4:4:,recombination,3241.4559244798065,4:2:4:4:4:2:3:4:4,4:3:4:4:4:3:2:4:4
2:1:4:3:1:4:4:4:1:,recombination,4787.080092167312,2:1:4:3:1:4:4:4:1,4:2:4:4:4:2:3:4:4
4:1:4:4:4:3:4:4:4:,recombination,3761.895023212386,4:3:4:4:4:1:1:3:4,4:1:4:4:4:3:3:4:4,MUTATE
4:1:4:4:2:3:4:4:4:,recombination,4317.235578201135,4:2:3:4:4:2:2:4:4,4:2:4:4:3:3:4:4:4
4:1:4:4:4:2:3:4:3:,clone,5069.599074389695,4:1:4:4:4:2:3:4:3
4:1:4:4:2:4:4:4:3:,recombination,4497.448388169545,4:1:4:4:2:3:4:4:4,4:1:4:4:3:4:4:4:4
4:1:4:4:4:4:4:4:3:,recombination,5165.326784897175,3:1:4:4:4:4:4:4:3,4:2:4:4:4:3:3:4:4,MUTATE
4:2:4:4:4:3:4:4:4:,recombination,3876.007369943241,4:2:4:4:4:3:4:4:4,4:4:4:4:4:2:1:4:4
4:3:4:4:4:1:1:3:4:,clone,3541.2814241648944,4:3:4:4:4:1:1:3:4
2:1:4:3:0:4:4:4:0:,recombination,5458.95509968656,3:1:4:4:4:4:4:4:2,1:1:4:3:0:4:4:4:0
4:1:4:4:3:4:4:4:3:,recombination,3952.4023835444495,4:2:4:4:4:2:3:4:4,4:1:4:4:3:3:4:4:4,MUTATE
4:1:4:4:4:4:4:4:3:,clone,5122.44624254732,4:1:4:4:4:4:4:4:3
2:1:4:4:2:4:4:4:1:,recombination,5221.719933968245,2:1:4:3:0:4:4:4:0,4:2:4:4:4:1:1:4:4,MUTATE
4:3:4:4:4:1:2:3:4:,clone,3541.2814241648944,4:3:4:4:4:1:1:3:4
4:3:4:4:4:0:1:3:4:,clone,3235.0834250058233,4:3:4:4:4:0:1:3:4
1:0:4:2:0:4:4:4:0:,clone,5186.001206297392,1:0:4:2:0:4:4:4:0
4:2:4:4:4:2:4:4:4:,clone,5278.651922305525,4:2:4:4:4:2:4:4:4
4:2:4:4:4:4:4:4:4:,clone,4554.444704850113,4:2:4:4:4:4:4:4:4
4:3:4:4:4:1:1:2:4:,recombination,4018.692174168506,4:2:4:4:4:1:2:3:4,4:3:4:4:4:1:2:3:4
4:2:4:4:4:2:2:3:4:,clone,5199.1289969033705,4:2:4:4:4:2:2:3:4
4:1:4:4:4:3:3:4:4:,clone,3452.1756400728987,4:2:4:4:4:3:3:4:4
4:1:4:4:3:4:4:4:3:,clone,3544.088532703321,4:1:4:4:3:4:4:4:3
4:3:4:4:4:0:1:3:4:,clone,3204.837608932448,4:3:4:4:4:0:1:3:4
4:2:4:4:4:3:4:4:3:,clone,5280.510513223238,4:2:4:4:4:3:4:4:3
4:1:4:4:2:4:4:4:2:,recombination,4017.811729733042,4:2:4:4:4:2:3:4:4,4:1:4:4:3:4:4:4:4,MUTATE
4:1:4:4:4:3:4:4:4:,clone,3634.9786706343943,4:1:4:4:4:3:3:4:4
2:1:4:3:0:4:4:4:0:,clone,5420.673950364495,2:1:4:3:0:4:4:4:0
2:1:4:3:1:4:4:4:1:,recombination,4682.46552934667,4:2:4:4:4:1:1:4:4,2:1:4:3:1:4:4:4:1,MUTATE
2:1:4:3:1:4:4:4:1:,clone,4675.208215097062,2:1:4:3:1:4:4:4:1
4:2:4:4:4:1:1:1:4:,recombination,4728.469196884557,4:2:4:4:4:1:2:2:4,4:2:4:4:4:1:3:3:4
1:1:4:2:0:4:4:4:0:,clone,5081.3866434767515,1:1:4:2:0:4:4:4:0
4:4:4:4:4:0:0:3:4:,clone,3194.3631421055466,4:4:4:4:4:0:0:3:4
3:1:4:4:2:4:4:4:2:,clone,4563.673254007649,3:1:4:4:2:4:4:4:2
4:2:4:4:4:1:1:4:4:,clone,3526.528087859826,4:2:4:4:4:1:1:4:4
4:4:4:4:4:1:2:4:4:,recombination,3872.818356372559,4:4:3:4:4:0:1:2:4,4:1:4:4:4:4:4:4:3,MUTATE
4:2:4:4:3:3:4:4:4:,recombination,4076.4936672560275,4:2:4:4:3:3:4:4:4,4:2:4:4:4:2:2:4:4
3:1:4:4:4:3:3:4:3:,recombination,4497.430662985324,4:1:4:4:4:2:3:4:3,4:1:4:4:3:4:4:4:4
4:4:4:4:4:0:1:2:4:,clone,3483.800750988827,4:4:4:4:4:0:1:2:4
4:3:4:4:4:1:1:2:4:,clone,4002.7940044211523,4:3:4:4:4:1:1:2:4
2:1:4:3:0:4:4:4:0:,recombination,5354.3405368659205,2:1:4:3:0:4:4:4:0,1:1:4:2:0:4:4:4:0
4:4:3:4:4:0:0:1:4:,clone,3323.5261883872276,4:4:3:4:4:0:0:1:4
3:1:4:3:1:4:4:4:1:,clone,4818.177897258673,3:1:4:3:1:4:4:4:1
3:1:4:4:4:3:4:4:2:,recombination,4436.107236156619,3:1:4:4:2:4:4:4:2,3:1:4:4:4:3:3:4:3
4:4:4:4:4:0:1:3:4:,recombination,3212.308709562536,4:2:4:4:4:1:3:3:4,4:4:4:4:4:0:1:2:4,MUTATE
4:1:4:4:4:4:4:4:4:,recombination,4549.128496240283,3:1:4:4:3:4:4:4:3,4:2:4:4:4:3:3:4:4
4:2:4:4:4:4:4:4:4:,recombination,4308.855434480585,4:2:4:4:4:3:3:4:4,4:2:4:4:4:3:3:4:4
4:1:4:4:3:3:4:4:3:,clone,4323.17511401728,4:1:4:4:3:3:4:4:3
4:2:4:4:4:1:1:4:4:,clone,3497.0111076253907,4:2:4:4:4:1:2:4:4
4:1:4:4:4:3:4:4:3:,clone,4084.8754535717935,4:1:4:4:3:3:4:4:3
3:1:4:3:0:4:4:4:1:,clone,5128.701437517401,3:1:4:3:0:4:4:4:1
4:1:4:4:4:3:4:4:3:,clone,3959.7711343006486,4:1:4:4:4:3:4:4:3
4:4:4:4:4:1:1:3:4:,recombination,4106.005442717655,3:1:4:4:4:4:4:4:3,4:4:1:4:4:0:0:0:4
4:1:4:3:2:4:4:4:3:,recombination,3774.5478981025426,4:2:3:4:4:2:2:4:4,4:1:4:4:3:4:4:4:4,MUTATE
4:1:4:4:3:3:4:4:3:,clone,4266.308320435486,4:1:4:4:3:3:4:4:3
4:1:4:4:4:4:4:4:3:,clone,5117.589156579493,4:1:4:4:4:4:4:4:3
4:2:4:4:4:1:3:4:4:,clone,4359.4923509149785,4:2:4:4:4:1:3:4:4
4:1:4:4:4:4:4:4:4:,recombination,3476.6251742118543,4:2:4:4:4:3:2:4:4,4:1:4:4:3:4:4:4:4
2:1:4:4:2:4:4:4:1:,recombination,4988.027813291034,1:1:4:2:0:4:4:4:0,2:1:4:4:1:4:4:4:1,MUTATE
4:2:4:4:4:2:4:4:4:,recombination,5154.135766442423,4:2:4:4:4:2:4:4:4,4:1:4:4:3:3:4:4:4
4:2:4:4:4:4:4:4:4:,recombination,3476.625174211854,4:1:4:4:4:4:4:4:4,4:1:4:4:4:4:4:4:4,MUTATE
4:1:4:4:2:4:4:4:4:,recombination,4294.85403514117,4:2:4:4:4:2:2:4:4,4:2:4:4:4:3:4:4:4,MUTATE
1:1:4:3:1:4:4:4:0:,recombination,5639.685500372228,2:1:4:3:1:4:4:4:1,2:1:4:4:1:4:4:4:1
4:1:4:3:1:4:4:4:3:,recombination,3864.6070086529935,4:1:4:4:3:4:4:4:3,4:4:4:4:4:0:1:4:4,MUTATE
4:1:4:4:2:4:4:4:3:,recombination,4160.428204292976,4:1:4:4:3:3:4:4:4,4:1:4:4:3:3:4:4:3
2:1:4:4:2:4:4:4:1:,clone,4957.0810446886335,2:1:4:4:2:4:4:4:1
3:1:4:4:4:3:4:4:3:,recombination,4728.472696503726,2:1:4:4:2:4:4:4:1,4:2:4:4:4:1:1:4:4,MUTATE
3:1:4:4:1:4:4:4:1:,recombination,4959.612895129726,4:2:4:4:4:2:2:4:4,2:1:4:3:0:4:4:4:1
4:1:4:4:3:4:4:4:2:,recombination,4452.261330711479,4:3:4:4:4:2:2:4:4,2:1:4:3:1:4:4:4:1
2:1:4:4:4:3:4:4:1:,recombination,5100.937220266431,3:1:4:4:4:2:3:4:3,2:1:4:4:2:4:4:4:1,MUTATE
3:1:4:4:3:4:4:4:2:,clone,4683.594897974539,3:1:4:4:3:4:4:4:2
3:1:4:4:3:4:4:4:2:,recombination,4422.639635904978,4:1:4:4:4:3:4:4:3,4:1:4:4:3:4:4:4:4
3:1:4:4:1:4:4:4:1:,clone,4794.216066726867,3:1:4:4:2:4:4:4:2
4:1:4:4:2:4:4:4:3:,recombination,3778.2777386677326,4:1:4:3:2:4:4:4:3,2:1:4:4:2:4:4:4:1,MUTATE
4:2:4:4:4:2:4:4:4:,clone,5154.028747924576,4:2:4:4:4:2:4:4:4
4:1:4:4:4:2:3:4:3:,clone,5059.862872491309,4:1:4:4:4:2:3:4:3
4:1:4:4:4:4:4:4:3:,recombination,4933.191584711735,3:1:4:4:4:4:4:4:2,4:1:4:4:4:4:4:4:3,MUTATE
2:1:4:4:4:4:4:4:1:,clone,5528.323223691419,2:1:4:4:4:4:4:4:1
4:2:4:4:4:1:1:4:4:,recombination,3130.4843849338286,4:3:4:4:4:3:2:4:4,4:2:4:4:4:1:1:4:4,MUTATE
4:4:4:4:4:0:0:2:4:,recombination,3323.5261883872276,2:1:4:4:2:4:4:4:1,4:4:1:4:4:0:0:1:4
3:1:4:4:4:4:4:4:3:,clone,5624.771985291969,3:1:4:4:4:4:4:4:3
4:3:4:4:4:0:1:4:4:,clone,3212.308709562536,4:4:4:4:4:0:1:4:4
1:1:4:4:1:4:4:4:0:,clone,6241.874447977412,1:1:4:4:1:4:4:4:0
4:3:4:4:4:0:1:4:4:,clone,3207.7311558569077,4:3:4:4:4:1:2:4:4
3:1:4:4:4:4:4:4:3:,clone,5576.18196168689,3:1:4:4:4:4:4:4:3
4:3:4:4:4:0:1:3:4:,recombination,3027.4416360183823,4:2:4:4:4:1:1:4:4,4:3:4:4:4:0:1:2:4
4:2:4:4:4:1:2:4:4:,clone,3264.9739566007484,4:2:4:4:4:1:1:4:4
3:1:4:4:1:4:4:4:2:,recombination,4717.436045126773,4:1:4:4:3:4:4:4:2,3:1:4:4:1:4:4:4:1,MUTATE
4:3:4:4:4:1:1:4:4:,recombination,3206.1384651374283,4:3:4:4:4:2:1:4:4,4:3:4:4:4:0:1:3:4
2:1:4:4:1:4:4:4:1:,clone,4826.774069553929,2:1:4:4:1:4:4:4:1
4:2:4:4:4:3:4:4:3:,clone,5126.595841696224,4:2:4:4:4:3:4:4:3
4:4:4:4:4:1:1:4:4:,recombination,3172.381311208076,4:4:4:4:4:0:0:3:4,4:3:3:4:4:3:2:4:4,MUTATE
3:1:4:4:2:4:4:4:2:,clone,4487.677151030795,3:1:4:4:2:4:4:4:2
4:1:4:4:4:4:4:4:3:,clone,4586.995808855204,4:1:4:4:4:4:4:4:4
4:3:4:4:4:1:1:4:4:,clone,3102.6629538655543,4:4:4:4:4:1:1:4:4
4:1:4:4:4:3:3:4:3:,recombination,4456.7516577531605,4:3:4:4:4:2:2:4:4,4:1:4:4:4:3:3:4:3
2:1:4:3:0:4:4:4:0:,clone,5314.697153802549,2:1:4:3:0:4:4:4:0
4:2:4:4:3:4:4:4:4:,clone,3862.2424451123607,4:2:4:4:4:4:4:4:4
2:1:4:3:0:4:4:4:0:,clone,5236.5164469819965,2:1:4:3:0:4:4:4:0
4:2:4:4:4:2:3:3:4:,clone,4960.099106830932,4:2:4:4:4:2:3:4:4
4:2:4:4:4:1:3:4:4:,clone,4302.873264919656,4:2:4:4:4:1:3:4:4
4:1:4:4:4:4:4:4:3:,clone,4355.535928035596,4:1:4:4:4:4:4:4:3
4:3:4:4:4:0:0:3:4:,recombination,2866.498873808794,4:3:4:4:4:0:1:4:4,4:3:4:4:4:1:2:3:4
4:1:4:4:4:3:3:4:3:,clone,4225.291776933554,4:1:4:4:4:3:3:4:3
3:1:4:4:1:4:4:4:2:,recombination,4713.839638531373,4:2:4:4:4:3:3:4:4,3:1:4:4:1:4:4:4:2,MUTATE
2:1:4:4:4:4:4:4:1:,clone,5373.9607063509475,2:1:4:4:4:4:4:4:1
2:1:4:4:3:4:4:4:1:,recombination,5360.37456705984,2:1:4:4:2:4:4:4:1,4:2:4:4:4:2:2:4:4,MUTATE
4:2:4:4:4:1:2:2:4:,clone,5064.248760368069,4:2:4:4:4:1:2:2:4
4:2:4:4:4:3:4:4:3:,recombination,4486.098721670477,4:2:4:4:4:2:3:4:4,4:2:4:4:4:2:4:4:4,MUTATE
2:1:4:3:0:4:4:4:0:,clone,5177.414260923662,2:1:4:3:0:4:4:4:0
4:1:4:4:1:4:4:4:3:,clone,5212.242777416399,4:1:4:4:2:4:4:4:3
3:1:4:4:2:4:4:4:2:,clone,4270.996409238126,3:1:4:4:2:4:4:4:2
4:1:4:4:4:3:3:4:3:,clone,4008.3309812120065,4:1:4:4:4:3:3:4:3
4:1:4:4:1:4:4:4:3:,recombination,4858.016122389905,4:2:4:4:4:3:3:4:4,4:2:4:4:4:3:4:4:4,MUTATE
1:1:4:3:0:4:4:4:0:,clone,5531.958840245225,1:1:4:3:0:4:4:4:0
3:1:4:4:2:4:4:4:2:,recombination,4244.152258118487,4:2:4:4:4:3:4:4:4,4:2:4:4:4:2:3:4:4,MUTATE
1:1:4:2:0:4:4:4:0:,recombination,4612.3889498894405,4:2:4:4:4:2:3:4:4,2:1:4:3:0:4:4:4:1
2:1:4:3:1:4:4:4:1:,clone,4457.005799698633,2:1:4:3:1:4:4:4:1
3:1:4:3:1:4:4:4:2:,recombination,3998.0137353995524,4:3:4:4:4:2:2:4:4,4:2:4:4:4:2:3:4:4
4:1:4:4:4:2:3:4:4:,recombination,5069.841402815444,3:1:4:4:4:2:3:4:3,2:1:4:3:1:4:4:4:1,MUTATE
3:1:4:4:2:3:4:4:2:,recombination,4316.1568965119695,4:2:4:4:4:2:2:4:4,3:1:4:4:2:4:4:4:2,MUTATE
3:1:4:4:2:3:4:4:2:,clone,4283.804451881106,3:1:4:4:2:3:4:4:2
2:1:4:4:1:4:4:4:1:,clone,4695.6060521527625,2:1:4:4:1:4:4:4:1
2:1:4:4:4:4:4:4:1:,recombination,5054.0077373261465,4:2:4:4:4:2:3:4:4,2:1:4:4:2:4:4:4:1,MUTATE
2:1:4:3:0:4:4:4:1:,clone,4841.516620634944,2:1:4:3:0:4:4:4:1
2:1:4:4:4:4:4:4:1:,clone,4898.715293416355,2:1:4:4:4:4:4:4:1
3:1:4:4:1:4:4:4:2:,clone,4640.606405765831,3:1:4:3:1:4:4:4:2
2:1:4:3:0:4:4:4:1:,recombination,4723.903292945009,4:2:4:4:4:3:3:4:4,4:2:4:4:4:3:4:4:4
3:1:4:4:1:4:4:4:2:,clone,4616.214868980773,3:1:4:4:1:4:4:4:2
3:1:4:3:1:4:4:4:1:,clone,4488.378748799576,3:1:4:3:1:4:4:4:2
4:1:4:3:1:4:4:4:2:,recombination,3903.7014287112397,4:1:4:3:1:4:4:4:3,2:1:4:3:0:4:4:4:1,MUTATE
3:1:4:4:4:4:4:4:2:,clone,4741.275537602594,3:1:4:4:4:3:3:4:2
3:1:4:3:1:4:4:4:1:,clone,4485.686644458181,3:1:4:3:1:4:4:4:1
4:2:4:4:4:1:3:4:4:,clone,4120.489028062965,4:2:4:4:4:1:2:4:4
4:3:4:4:4:0:1:4:4:,recombination,3091.7076101611556,4:3:4:4:4:1:1:4:4,4:3:4:4:4:0:1:4:4
2:1:4:3:0:4:4:4:1:,recombination,4589.260440142678,4:1:4:4:3:3:4:4:3,4:1:4:4:2:4:4:4:3,MUTATE
2:1:4:3:0:4:4:4:0:,clone,5156.968945055476,2:1:4:3:0:4:4:4:0
2:1:4:3:0:4:4:4:0:,clone,4958.020886363964,2:1:4:3:0:4:4:4:0
3:1:4:4:1:4:4:4:1:,recombination,4707.536959032246,2:1:4:4:4:4:4:4:1,4:1:4:4:4:3:3:4:4
2:1:4:3:0:4:4:4:0:,clone,4741.060090642418,2:1:4:3:0:4:4:4:0
1:1:4:3:1:4:4:4:0:,recombination,5040.525244681906,2:1:4:4:3:4:4:4:1,4:1:4:4:2:4:4:4:4,MUTATE
3:1:4:4:4:3:3:4:2:,clone,4303.405606327661,3:1:4:4:4:3:3:4:2
3:1:4:3:1:4:4:4:1:,recombination,4480.867670461141,2:1:4:3:1:4:4:4:1,4:1:4:4:2:4:4:4:3
3:1:4:3:0:4:4:4:1:,recombination,4609.9185972501955,2:1:4:4:1:4:4:4:1,4:2:4:4:4:3:4:4:4,MUTATE
3:1:4:3:1:4:4:4:1:,clone,4480.86767046114,3:1:4:3:1:4:4:4:1
4:1:4:4:4:4:4:4:3:,recombination,4301.0448950758655,4:2:4:4:4:3:3:4:4,4:4:4:4:4:0:1:4:4,MUTATE
2:1:4:4:2:4:4:4:1:,recombination,4867.067024025865,4:2:4:4:4:1:1:3:4,4:1:4:4:4:3:4:4:3
2:1:4:4:2:4:4:4:1:,recombination,4684.5833302545125,4:2:4:4:4:1:3:4:4,4:1:4:4:4:3:4:4:4
3:1:4:4:4:4:4:4:3:,recombination,5540.119037915492,4:2:4:4:4:2:3:4:4,3:1:4:4:4:2:3:4:3
4:3:4:4:4:2:2:3:4:,clone,5202.73605886147,4:2:4:4:4:2:2:3:4
1:1:4:4:3:4:4:4:0:,recombination,5327.829429429757,4:1:4:4:3:4:4:4:4,1:1:4:3:1:4:4:4:0,MUTATE
4:1:4:4:2:3:4:4:3:,clone,5098.756460571696,4:1:4:4:2:3:4:4:3
3:1:4:4:3:4:4:4:2:,recombination,4273.992480371057,2:1:4:3:0:4:4:4:0,4:3:4:4:4:0:1:3:4,MUTATE
4:1:4:4:2:3:4:4:3:,clone,4866.977105751048,4:1:4:4:2:3:4:4:3
2:1:4:4:4:4:4:4:1:,clone,4829.632242668373,2:1:4:4:4:4:4:4:1
3:1:4:4:3:3:4:4:3:,recombination,5167.50662875464,4:2:4:4:4:1:1:3:4,3:1:4:4:4:4:4:4:3,MUTATE
3:1:4:4:1:4:4:4:2:,recombination,4471.906684384761,4:2:4:4:4:1:3:4:4,2:1:4:3:0:4:4:4:1
2:1:4:4:4:4:4:4:1:,clone,4700.8562453837885,2:1:4:4:4:4:4:4:1
3:1:4:3:1:4:4:4:1:,clone,3944.2804069049025,3:1:4:3:1:4:4:4:1
4:2:4:4:4:1:2:2:4:,clone,5014.494974582163,4:2:4:4:4:1:2:2:4
2:1:4:4:4:3:3:4:1:,recombination,4774.030462953389,2:1:4:4:2:4:4:4:1,1:1:4:4:1:4:4:4:0
4:1:4:4:3:3:4:4:3:,recombination,4122.354781035949,4:2:4:4:4:1:1:4:4,3:1:4:3:1:4:4:4:1,MUTATE
3:1:4:4:4:3:4:4:2:,recombination,4315.774136576008,3:1:4:4:4:3:4:4:3,4:2:4:4:4:3:3:4:4
4:3:4:4:4:2:3:3:4:,clone,5396.493429153373,4:3:4:4:4:2:2:3:4
3:1:4:3:1:4:4:4:1:,recombination,3889.3134965246036,4:1:4:4:2:4:4:4:3,1:1:4:4:1:4:4:4:0
4:1:4:4:3:3:4:4:3:,clone,4071.748267396758,4:1:4:4:3:3:4:4:3
3:1:4:4:3:4:4:4:2:,clone,3982.2063268222446,3:1:4:4:3:4:4:4:2
3:1:4:4:4:3:3:4:2:,recombination,4289.104507698762,4:1:4:4:4:3:3:4:3,3:1:4:4:4:4:4:4:2
4:4:4:4:4:1:1:3:4:,clone,3621.838163859433,4:4:4:4:4:1:1:3:4
2:1:4:3:0:4:4:4:1:,recombination,4278.206401344037,2:1:4:3:0:4:4:4:0,2:1:4:3:0:4:4:4:1
2:1:4:3:0:4:4:4:1:,recombination,4278.206401344036,4:2:4:4:4:2:3:4:4,3:1:4:4:1:4:4:4:2
2:1:4:3:0:4:4:4:0:,clone,4570.910643653408,2:1:4:3:0:4:4:4:0
2:1:4:4:1:4:4:4:1:,clone,4621.275693114012,2:1:4:3:1:4:4:4:1
3:1:4:4:1:4:4:4:1:,clone,4701.196052353085,3:1:4:4:1:4:4:4:1
3:1:4:3:2:4:4:4:2:,recombination,3872.382746175762,4:1:4:4:2:4:4:4:3,2:1:4:3:1:4:4:4:1,MUTATE
3:1:4:3:0:4:4:4:1:,clone,4554.951686869897,3:1:4:3:0:4:4:4:1
1:1:4:4:3:4:4:4:0:,clone,5170.653571746149,1:1:4:4:3:4:4:4:0
4:2:4:4:4:2:3:4:3:,clone,5490.635306564675,3:2:4:4:4:2:3:4:3
3:1:4:4:4:4:4:4:3:,clone,5253.6922467155855,3:1:4:4:4:4:4:4:3
1:1:4:3:0:4:4:4:0:,recombination,5446.402822255243,1:1:4:4:3:4:4:4:0,4:4:4:4:4:0:1:4:4,MUTATE
4:1:4:4:4:2:3:4:4:,clone,5066.377057696084,4:1:4:4:4:2:3:4:4
4:1:4:4:1:4:4:4:2:,recombination,4994.947210905024,4:4:3:4:4:2:2:4:4,4:1:4:4:3:3:4:4:3
4:4:4:4:4:0:0:0:4:,clone,3100.8174884442305,4:3:4:4:4:1:1:4:4
4:2:4:4:4:3:3:4:3:,recombination,5639.9631098972095,4:4:4:4:4:1:2:4:4,3:2:4:4:4:3:3:4:3
2:1:4:2:0:4:4:4:0:,clone,5187.310437294215,2:1:4:2:0:4:4:4:0
2:1:4:2:0:4:4:4:0:,recombination,4929.5378000690225,3:1:4:4:4:4:4:4:3,3:1:4:4:1:4:4:4:2
4:4:4:4:4:0:0:2:4:,clone,3087.4542601155063,4:4:4:4:4:0:0:2:4
3:1:4:4:3:3:4:4:2:,recombination,4349.151528567803,3:1:4:3:0:4:4:4:1,4:1:4:4:4:3:3:4:3
3:1:4:4:3:3:4:4:2:,recombination,3856.5915970886476,4:2:4:4:4:3:3:4:4,3:1:4:4:3:4:4:4:2,MUTATE
3:1:4:4:1:4:4:4:1:,clone,4520.183614223459,3:1:4:4:1:4:4:4:1
4:4:4:4:4:0:0:1:4:,recombination,3138.7946587727442,4:2:4:4:4:1:2:4:4,4:4:4:4:4:0:0:3:4
4:3:4:4:4:0:0:2:4:,clone,3076.7297131336663,4:4:4:4:4:0:0:2:4
2:1:4:4:1:4:4:4:1:,clone,4532.467886474995,2:1:4:4:1:4:4:4:1
4:1:4:4:2:4:4:4:2:,clone,3916.7973064905377,4:1:4:4:3:4:4:4:3
2:1:4:2:0:4:4:4:1:,clone,4339.961230765453,2:1:4:2:0:4:4:4:1
4:4:4:4:4:0:0:1:4:,recombination,3095.1624033529706,4:4:4:4:4:0:0:1:4,2:1:4:4:1:4:4:4:1,MUTATE
4:1:4:4:3:3:4:4:3:,recombination,3989.1931987846683,2:1:4:3:0:4:4:4:1,3:1:4:4:3:4:4:4:2
3:1:4:4:2:4:4:4:1:,recombination,4212.969572198495,2:1:4:3:1:4:4:4:1,4:3:4:4:4:0:1:4:4
2:1:4:2:0:4:4:4:1:,recombination,4313.545935272481,3:1:4:3:1:4:4:4:1,1:1:4:2:0:4:4:4:0,MUTATE
4:2:4:4:3:4:4:4:3:,clone,5943.395220369754,4:2:4:4:3:3:4:4:3
2:1:4:3:1:4:4:4:1:,recombination,4173.032727368336,3:1:4:4:4:4:4:4:3,2:1:4:3:1:4:4:4:1,MUTATE
4:3:4:4:4:1:3:4:4:,recombination,3862.4846350638427,4:3:4:4:4:0:0:2:4,4:2:4:4:4:2:4:4:4
3:1:4:4:2:4:4:4:2:,recombination,4068.177258853477,4:2:4:4:4:2:3:4:4,4:1:4:4:4:4:4:4:4,MUTATE
3:1:4:4:4:3:3:4:2:,recombination,4020.914989472186,2:1:4:3:1:4:4:4:1,3:1:4:4:4:3:3:4:2,MUTATE
3:2:4:4:3:4:4:4:3:,recombination,5747.240908607593,4:2:4:4:3:4:4:4:3,4:2:4:4:4:1:1:4:4,MUTATE
3:1:4:3:0:4:4:4:1:,recombination,4463.56903326582,4:2:4:4:4:3:3:4:4,4:2:4:4:4:3:4:4:4,MUTATE
4:2:4:4:4:1:3:4:4:,clone,4099.401396344282,4:2:4:4:4:1:3:4:4
2:1:4:2:0:4:4:4:0:,clone,4609.390227011423,2:1:4:2:0:4:4:4:0
3:1:4:4:4:4:4:4:2:,recombination,4614.5744686928065,3:1:4:3:0:4:4:4:1,4:1:4:4:4:2:3:4:3
4:1:4:4:4:3:3:4:3:,clone,4000.446315857409,3:1:4:4:4:3:3:4:2
2:1:4:2:0:4:4:4:0:,clone,4347.220524252244,2:1:4:2:0:4:4:4:0
3:1:4:4:3:4:4:4:2:,recombination,3598.556374888436,4:2:4:4:4:2:3:4:4,3:1:4:4:3:4:4:4:2
4:1:4:4:4:4:4:4:2:,recombination,3857.6995636642055,3:1:4:4:2:4:4:4:2,3:1:4:4:4:4:4:4:3
2:1:4:3:0:4:4:4:1:,recombination,4131.854158379554,3:1:4:4:2:4:4:4:2,3:1:4:3:1:4:4:4:1,MUTATE
2:1:4:4:0:4:4:4:1:,recombination,6177.886315849081,4:2:4:4:4:3:4:4:4,3:1:4:4:2:3:4:4:2,MUTATE
4:3:4:4:4:1:3:4:4:,clone,3858.6474319603885,4:3:4:4:4:1:3:4:4
2:1:4:4:3:4:4:4:1:,clone,3781.2528632111294,2:1:4:4:3:4:4:4:1
4:4:4:4:4:0:0:3:4:,clone,3087.441229087385,4:4:4:4:4:0:0:3:4
4:2:4:4:4:1:2:2:4:,clone,4825.270502656361,4:2:4:4:4:1:2:2:4
3:1:4:4:4:3:3:4:2:,clone,3954.3999843375454,3:1:4:4:4:4:4:4:2
2:1:4:3:1:4:4:4:0:,clone,4889.031400282556,2:1:4:3:0:4:4:4:0
2:1:4:3:2:4:4:4:1:,clone,4183.053180684461,2:1:4:3:1:4:4:4:1
2:1:4:4:2:4:4:4:2:,recombination,6228.666224763641,4:1:4:4:4:3:3:4:4,3:1:4:4:3:4:4:4:3
4:1:4:4:4:3:4:4:3:,clone,3915.4641540782195,4:1:4:4:4:3:3:4:3
3:1:4:4:4:3:3:4:2:,clone,3755.4519256460335,3:1:4:4:4:3:3:4:2
4:1:4:4:4:4:3:4:4:,recombination,4005.5918261260495,3:1:4:4:2:4:4:4:2,4:2:3:4:4:3:2:4:4,MUTATE
4:4:4:4:4:0:1:3:4:,clone,3177.8215660491323,4:4:4:4:4:0:0:3:4
2:1:4:4:2:4:4:4:1:,recombination,4536.437377124861,4:1:4:4:4:3:3:4:3,4:1:4:4:3:4:4:4:4,MUTATE
1:1:4:2:0:4:4:4:0:,recombination,4532.057674819832,4:1:4:4:4:3:4:4:4,2:1:4:3:0:4:4:4:0
1:1:4:2:0:4:4:4:0:,clone,4307.359586316161,1:1:4:2:0:4:4:4:0
2:1:4:4:2:4:4:4:1:,recombination,4090.252030317151,3:1:4:4:4:3:3:4:2,3:1:4:4:3:3:4:4:2,MUTATE
4:4:4:4:4:0:1:3:4:,clone,3140.733330325067,4:4:4:4:4:0:1:3:4
3:1:4:4:2:4:4:4:2:,recombination,4043.087216826302,4:3:3:4:4:2:2:4:4,3:1:4:4:3:4:4:4:2,MUTATE
4:4:4:4:4:1:1:3:4:,clone,3229.033694243504,4:4:4:4:4:0:0:3:4
2:1:4:2:0:4:4:4:0:,recombination,4196.098169518217,4:1:4:4:4:4:4:4:3,3:1:4:3:0:4:4:4:1,MUTATE
3:1:4:4:2:4:4:4:2:,clone,3983.089023731809,3:1:4:4:2:4:4:4:2
2:1:4:3:0:4:4:4:0:,clone,4319.025984422095,2:1:4:2:0:4:4:4:0
2:1:4:3:1:4:4:4:1:,clone,4073.4762755055963,2:1:4:2:0:4:4:4:1
2:1:4:4:2:4:4:4:1:,recombination,4051.481011093093,2:1:4:3:1:4:4:4:1,4:1:4:4:4:4:4:4:2,MUTATE
2:1:4:2:0:4:4:4:0:,clone,4127.337219217374,2:1:4:2:0:4:4:4:0
2:1:4:3:1:4:4:4:1:,recombination,3881.7875103008755,2:1:4:3:1:4:4:4:1,2:1:4:3:1:4:4:4:1
3:1:4:4:4:4:4:4:2:,clone,4499.651443102721,3:1:4:4:4:4:4:4:2
4:1:4:4:4:2:3:4:4:,recombination,4639.0449649442935,4:1:4:4:4:3:3:4:3,4:3:4:4:4:1:1:1:4,MUTATE
2:1:4:2:0:4:4:4:1:,clone,3788.232151460762,2:1:4:2:0:4:4:4:1
4:2:4:4:4:3:3:4:3:,clone,5519.668325809884,4:2:4:4:4:3:3:4:3
2:1:4:4:2:4:4:4:1:,recombination,3673.621033323525,2:1:4:4:2:4:4:4:1,3:1:4:4:4:2:3:4:3
2:1:4:4:2:4:4:4:0:,recombination,4386.805899351443,3:1:4:4:3:3:4:4:2,2:1:4:4:2:4:4:4:1
2:1:4:4:2:4:4:4:2:,clone,6122.309916521392,2:1:4:4:2:4:4:4:2
2:1:4:3:1:4:4:4:1:,clone,3629.1354812254795,2:1:4:3:1:4:4:4:1
2:1:4:2:0:4:4:4:1:,clone,3614.192462935912,2:1:4:3:1:4:4:4:1
2:1:4:3:1:4:4:4:0:,recombination,4883.86153212522,4:1:4:4:4:4:4:4:3,1:1:4:4:1:4:4:4:0
4:4:4:4:4:1:2:4:4:,clone,3649.31210725979,4:4:4:4:4:1:2:4:4
2:1:4:4:2:4:4:4:0:,recombination,4380.844253603052,2:1:4:3:0:4:4:4:1,2:1:4:4:2:4:4:4:1
3:1:4:4:3:4:4:4:1:,recombination,3678.8353986097172,2:1:4:4:2:4:4:4:1,4:1:4:4:4:2:3:4:4
4:1:4:4:3:3:4:4:3:,recombination,3766.0337026771604,4:3:4:4:4:1:3:4:4,2:1:4:3:1:4:4:4:1
2:1:4:4:4:3:4:4:2:,recombination,5595.871667676282,4:2:4:4:4:2:3:4:3,4:2:4:4:4:3:4:4:3,MUTATE
2:1:4:2:0:4:4:4:0:,recombination,3845.391511139273,2:1:4:4:2:4:4:4:1,3:1:4:4:1:4:4:4:2,MUTATE
2:1:4:4:2:4:4:4:1:,clone,3658.6780150339573,2:1:4:4:2:4:4:4:1
3:1:4:3:1:4:4:4:1:,recombination,3583.6176296958993,4:2:4:4:4:1:1:4:4,2:1:4:4:2:4:4:4:1
2:1:4:3:1:4:4:4:0:,recombination,4680.503653653836,3:1:4:4:4:4:4:4:3,1:1:4:4:3:4:4:4:0,MUTATE
4:4:4:4:4:1:2:4:4:,clone,3640.4023346172303,4:4:4:4:4:1:2:4:4
3:1:4:4:2:4:4:4:1:,recombination,3782.5063254375805,3:1:4:4:3:4:4:4:1,4:3:4:4:4:2:1:4:4
4:2:4:4:4:1:1:2:4:,clone,4644.027802317102,4:2:4:4:4:1:1:3:4
4:2:4:4:4:3:3:4:3:,clone,5401.408142612851,4:2:4:4:4:3:3:4:3
4:2:4:4:4:3:3:4:3:,clone,5340.261196248921,4:2:4:4:4:3:3:4:3
4:1:4:4:2:3:4:4:4:,clone,4249.700183617177,4:1:4:4:2:3:4:4:4
3:1:4:4:1:4:4:4:1:,recombination,4462.822270081112,3:1:4:3:0:4:4:4:1,4:3:4:4:4:1:1:3:4,MUTATE
4:1:4:4:4:4:4:4:3:,recombination,4093.9261403090645,4:3:4:4:4:3:2:4:4,3:1:4:4:4:3:3:4:2,MUTATE
2:1:4:3:0:4:4:4:1:,recombination,4080.382659313709,2:1:4:3:1:4:4:4:1,2:1:4:3:1:4:4:4:1
3:1:4:4:4:3:4:4:2:,recombination,4226.098204439788,2:1:4:4:1:4:4:4:1,4:2:4:4:4:1:2:3:4,MUTATE
2:1:4:3:1:4:4:4:0:,clone,4649.9300109520245,2:1:4:3:1:4:4:4:0
4:1:4:4:4:4:3:4:4:,recombination,3839.945928353319,3:1:4:4:4:3:3:4:2,4:3:2:4:4:2:1:4:4
3:1:4:4:4:4:4:4:2:,clone,4205.181699295037,4:1:4:4:4:4:4:4:3
4:2:4:4:4:2:4:4:4:,clone,4475.202314688293,4:2:4:4:4:2:4:4:4
3:1:4:4:4:4:4:4:2:,clone,3987.4177188595477,3:1:4:4:4:4:4:4:2
4:1:4:4:4:3:3:4:3:,clone,3890.5277203523324,4:1:4:4:4:3:3:4:3
4:2:4:4:3:4:4:4:3:,clone,5763.218268002346,4:2:4:4:3:4:4:4:3
1:1:4:3:0:4:4:4:0:,clone,5401.022052279235,1:1:4:3:0:4:4:4:0
4:2:4:4:3:4:4:4:3:,clone,5717.22729892342,4:2:4:4:3:4:4:4:3
2:1:4:4:1:4:4:4:0:,clone,5427.977369731521,2:1:4:4:1:4:4:4:0
4:2:4:4:4:2:3:4:3:,clone,5432.117558082872,4:2:4:4:4:2:3:4:3
3:1:4:4:1:4:4:4:1:,clone,4399.583673612812,3:1:4:4:1:4:4:4:1
3:1:4:4:1:4:4:4:1:,clone,4396.891569271417,3:1:4:4:1:4:4:4:1
2:1:4:3:1:4:4:4:0:,clone,4631.91727392199,2:1:4:3:1:4:4:4:0
2:1:4:4:1:4:4:4:1:,recombination,4421.362177317686,2:1:4:3:1:4:4:4:0,4:1:4:3:1:4:4:4:2
2:0:4:2:0:4:4:4:0:,recombination,3348.8307468475255,3:1:4:4:3:4:4:4:2,4:2:4:4:4:2:3:4:4,MUTATE
2:1:4:3:1:4:4:4:0:,clone,3995.733043331322,2:1:4:3:1:4:4:4:0
3:1:4:2:0:4:4:4:1:,recombination,3830.240620966471,2:1:4:3:0:4:4:4:0,4:2:4:4:4:3:4:4:3
2:1:4:2:0:4:4:4:0:,clone,3834.17443320815,2:1:4:2:0:4:4:4:0
2:1:4:2:0:4:4:4:0:,recombination,3670.5205811388696,2:1:4:3:0:4:4:4:0,1:1:4:2:0:4:4:4:0
3:1:4:2:1:4:4:4:1:,recombination,3760.5830167851705,3:1:4:3:0:4:4:4:1,4:2:4:4:4:2:2:4:4
2:1:4:2:0:4:4:4:0:,recombination,3629.102669242525,2:1:4:3:1:4:4:4:1,1:1:4:2:0:4:4:4:0
2:0:4:1:0:4:4:4:0:,recombination,3797.0153496048406,1:1:4:2:0:4:4:4:0,2:1:4:3:0:4:4:4:1
3:1:4:4:4:4:4:4:1:,recombination,3916.3478608885916,2:1:4:4:2:4:4:4:1,3:1:4:4:4:4:4:4:3,MUTATE
4:1:4:4:2:4:4:4:2:,recombination,3801.1412663016895,3:1:4:4:2:4:4:4:2,4:1:4:4:4:3:3:4:3,MUTATE
4:1:4:4:4:4:4:4:3:,clone,3944.6464937107803,4:1:4:4:4:4:4:4:3
3:1:4:3:0:4:4:4:1:,recombination,4261.36237273896,2:1:4:3:1:4:4:4:1,4:2:4:4:4:3:4:4:3
1:0:4:2:0:4:4:4:0:,clone,4499.431914873404,1:0:4:2:0:4:4:4:0
3:1:4:4:4:4:4:4:2:,clone,3896.272838139797,3:1:4:4:4:4:4:4:2
4:1:4:4:1:4:4:4:2:,recombination,4391.238500854488,2:1:4:3:0:4:4:4:1,4:3:3:4:4:2:2:4:4
3:1:4:4:1:4:4:4:2:,recombination,4441.605671465707,4:1:4:4:4:4:4:4:3,2:1:4:4:2:4:4:4:1
4:4:4:4:4:0:0:0:4:,clone,3032.475351998944,4:2:4:4:4:2:3:4:4
4:2:4:4:3:4:4:4:3:,clone,5684.019319163601,4:2:4:4:3:4:4:4:3
4:1:4:3:2:4:4:4:2:,clone,4169.107093477816,4:1:4:3:2:4:4:4:2
2:1:4:4:2:4:4:4:0:,clone,4353.094339313387,2:1:4:4:2:4:4:4:0
4:1:4:4:3:4:4:4:4:,recombination,3782.619139973628,4:1:4:4:2:4:4:4:3,4:4:1:4:4:0:0:1:4,MUTATE
2:1:4:4:4:4:4:4:1:,clone,4331.231556521104,2:1:4:4:4:4:4:4:1
3:1:4:4:1:4:4:4:2:,recombination,4373.786228609999,2:1:4:2:0:4:4:4:0,3:1:4:4:1:4:4:4:2
2:1:4:4:1:4:4:4:1:,clone,4404.1130179471975,2:1:4:4:1:4:4:4:1
3:1:4:4:4:4:4:4:2:,clone,3696.6273116076113,3:1:4:4:4:4:4:4:2
1:1:4:3:1:4:4:4:0:,recombination,5025.6751884640125,1:1:4:4:3:4:4:4:0,2:1:4:3:1:4:4:4:1,MUTATE
1:1:4:2:0:4:4:4:0:,clone,4263.379827387842,1:1:4:2:0:4:4:4:0
4:2:4:4:4:2:1:4:4:,clone,3186.2918588070997,4:2:4:4:4:2:1:4:4
3:1:4:4:2:4:4:4:2:,recombination,3634.5458294020777,4:3:4:4:4:2:3:4:4,3:1:4:4:4:4:4:4:2
1:1:4:3:1:4:4:4:0:,clone,4963.741863922451,1:1:4:3:1:4:4:4:0
3:1:4:4:3:4:4:4:3:,clone,5696.705979950898,4:2:4:4:3:4:4:4:3
1:0:4:2:0:4:4:4:0:,recombination,4487.5591646487255,3:1:4:4:2:4:4:4:2,2:1:4:3:1:4:4:4:1,MUTATE
4:1:4:4:4:4:3:4:3:,recombination,3880.301646931435,4:2:4:4:4:4:4:4:4,4:1:4:4:4:2:3:4:4,MUTATE
3:1:4:4:2:4:4:4:1:,recombination,3695.0734472780055,3:1:4:4:4:3:3:4:2,3:1:4:4:4:3:3:4:3
4:3:4:4:4:0:1:2:4:,recombination,3497.442022782118,4:4:4:4:4:0:0:0:4,4:4:4:4:4:0:0:1:4,MUTATE
3:1:4:4:4:4:4:4:2:,recombination,3689.1427960084807,4:2:4:4:4:1:3:4:4,3:1:4:4:4:4:4:4:2
3:1:4:4:3:4:4:4:2:,recombination,3521.91303761226,3:1:4:4:2:4:4:4:2,1:1:4:4:3:4:4:4:0,MUTATE
4:1:4:4:4:2:3:4:4:,clone,4106.945973558027,4:2:4:4:4:2:3:4:4
1:0:4:2:0:4:4:4:0:,recombination,4309.379893105424,2:1:4:3:0:4:4:4:0,2:1:4:2:0:4:4:4:0,MUTATE
3:1:4:4:3:4:4:4:2:,clone,3420.105447886584,3:1:4:4:3:4:4:4:2
1:1:4:2:0:4:4:4:0:,recombination,4233.238094401589,1:0:4:2:0:4:4:4:0,2:1:4:2:0:4:4:4:0
4:1:4:4:4:4:3:4:4:,clone,3683.3472580906378,4:1:4:4:4:4:3:4:4
4:2:4:4:3:4:4:4:3:,clone,5655.954600821821,4:2:4:4:3:4:4:4:3
1:1:4:2:0:4:4:4:0:,clone,4226.467480059321,1:1:4:2:0:4:4:4:0
3:1:4:4:4:4:3:4:2:,clone,3715.8271053198905,3:1:4:4:4:4:3:4:2
2:1:4:4:3:4:4:4:0:,recombination,4573.099941559091,2:1:4:3:0:4:4:4:1,2:1:4:4:4:4:4:4:1
4:1:4:4:4:4:4:4:3:,recombination,3900.9808755540857,3:1:4:4:4:4:4:4:2,4:4:4:4:4:0:1:3:4
4:1:4:4:3:4:4:4:2:,recombination,4181.414804528506,3:1:4:4:2:4:4:4:2,4:4:4:4:4:0:1:3:4
4:3:4:4:4:1:1:2:4:,recombination,3792.612163557813,4:4:4:4:4:0:0:0:4,4:2:4:4:4:1:2:2:4
2:1:4:4:4:4:4:4:1:,recombination,4253.1379003165075,2:1:4:2:0:4:4:4:1,3:1:4:4:3:4:4:4:2
2:1:4:4:4:4:4:4:1:,recombination,4198.617807654746,4:2:4:4:4:2:3:4:4,3:1:4:4:3:4:4:4:2
1:1:4:2:0:4:4:4:0:,recombination,4197.314721432747,2:0:4:2:0:4:4:4:0,1:1:4:2:0:4:4:4:0
1:1:4:2:0:4:4:4:0:,clone,3980.353925711201,1:1:4:2:0:4:4:4:0
2:1:4:4:2:4:4:4:2:,clone,6042.213192048137,2:1:4:4:2:4:4:4:1
2:1:4:4:2:4:4:4:0:,clone,4302.177787099833,2:1:4:4:2:4:4:4:0
4:1:4:3:2:4:4:4:2:,recombination,3348.830746847526,4:2:4:4:4:2:4:4:4,4:3:4:4:4:2:3:4:4,MUTATE
4:1:4:4:4:3:3:4:3:,recombination,3884.993811063153,4:3:4:4:4:0:1:4:4,2:1:4:3:0:4:4:4:1,MUTATE
4:1:4:4:3:4:4:4:2:,clone,3807.117763174308,4:1:4:4:3:4:4:4:2
4:2:4:4:4:2:1:4:4:,clone,3186.291858807099,4:2:4:4:4:2:1:4:4
3:2:4:4:4:3:4:4:3:,recombination,5648.684390684239,2:1:4:3:1:4:4:4:0,4:3:4:4:4:2:2:3:4
4:1:4:4:1:4:4:4:2:,recombination,4353.670899008123,4:2:4:4:4:2:4:4:4,4:1:4:3:1:4:4:4:3
2:1:4:4:1:4:4:4:0:,recombination,4929.196534770062,2:1:4:4:2:4:4:4:1,4:2:4:4:4:2:3:4:4,MUTATE
4:1:4:4:1:4:4:4:2:,clone,4353.670899008122,4:1:4:4:1:4:4:4:2
3:1:4:3:1:4:4:4:1:,recombination,3557.872676694334,3:1:4:3:1:4:4:4:1,4:2:4:4:4:3:4:4:4
2:1:4:3:0:4:4:4:0:,recombination,4298.990892042427,4:3:3:4:4:1:2:4:4,2:1:4:3:0:4:4:4:0,MUTATE
4:2:4:4:3:3:4:4:3:,clone,5305.077867382011,4:2:4:4:3:3:4:4:3
4:3:4:4:4:0:1:2:4:,clone,3284.1944242580885,4:4:4:4:4:0:0:2:4
4:4:4:4:4:0:1:2:4:,clone,3285.798887375624,4:4:4:4:4:0:1:2:4
3:1:4:2:1:4:4:4:1:,clone,3703.2039119481137,3:1:4:2:1:4:4:4:1
2:1:4:3:0:4:4:4:0:,clone,4149.608231209744,2:1:4:3:0:4:4:4:0
1:1:4:2:0:4:4:4:0:,clone,3967.415683965528,1:1:4:2:0:4:4:4:0
3:1:4:4:1:4:4:4:2:,recombination,4323.763754878595,3:1:4:4:1:4:4:4:2,4:2:4:4:4:1:2:3:4
3:1:4:3:2:4:4:4:2:,clone,3602.442356121449,4:1:4:4:2:4:4:4:2
4:1:4:3:1:4:4:4:2:,recombination,3884.1642074306405,4:1:4:4:2:3:4:4:3,4:3:4:4:4:1:2:4:4
3:1:4:2:0:4:4:4:1:,clone,3725.987510479789,3:1:4:2:0:4:4:4:1
2:1:4:3:0:4:4:4:0:,clone,4143.584083103482,2:1:4:3:0:4:4:4:0
4:1:4:4:2:4:4:4:3:,recombination,3744.2192613820716,4:4:4:4:4:1:2:4:4,4:1:4:4:4:3:4:4:4
4:2:4:4:3:3:4:4:3:,clone,5249.281115724944,4:2:4:4:3:3:4:4:3
3:1:4:3:2:4:4:4:1:,recombination,4114.004681280624,4:1:4:4:4:3:3:4:4,3:1:4:4:1:4:4:4:2,MUTATE
4:1:4:4:2:4:4:4:3:,clone,3744.219261382071,4:1:4:4:2:4:4:4:3
2:0:4:1:0:4:4:4:0:,recombination,3786.97254642851,3:1:4:4:3:3:4:4:2,3:1:4:4:2:4:4:4:2,MUTATE
1:0:4:2:0:4:4:4:0:,clone,4062.2557621012384,1:0:4:2:0:4:4:4:0
2:1:4:4:3:3:4:4:1:,clone,4582.815202979323,2:1:4:4:3:4:4:4:1
3:1:4:4:3:4:4:4:3:,clone,5587.329069788487,3:2:4:4:2:4:4:4:3
2:1:4:4:2:4:4:4:2:,clone,5810.753311228529,2:1:4:4:2:4:4:4:2
2:1:4:4:2:4:4:4:0:,recombination,4270.022814301002,4:2:4:4:4:2:2:4:4,2:1:4:4:2:4:4:4:1,MUTATE
3:1:4:4:3:4:4:4:3:,clone,5568.13438917059,3:1:4:4:3:4:4:4:3
3:1:4:4:3:3:4:4:1:,recombination,4494.643469146273,3:2:4:4:4:3:3:4:3,4:1:4:4:1:4:4:4:2,MUTATE
1:1:4:4:3:4:4:4:0:,recombination,5034.099156900843,4:3:4:4:4:2:2:4:4,3:1:4:4:4:4:4:4:1
2:1:4:4:4:3:4:4:1:,recombination,4979.876049420375,2:1:4:4:4:3:4:4:2,3:1:4:4:1:4:4:4:1,MUTATE
2:1:4:4:1:4:4:4:0:,recombination,4885.274618951318,2:1:4:4:2:4:4:4:1,2:1:4:4:1:4:4:4:1
2:1:4:4:1:4:4:4:0:,clone,4693.585853746597,2:1:4:4:1:4:4:4:0
4:2:4:4:3:4:4:4:3:,clone,5515.541215322932,4:2:4:4:3:4:4:4:3
4:2:4:4:3:4:4:4:3:,recombination,5482.599066825035,4:2:4:4:3:3:4:4:3,3:2:4:4:4:3:3:4:3
4:2:4:4:2:4:4:4:3:,clone,5655.52436774407,4:2:4:4:3:4:4:4:3
1:1:4:3:0:4:4:4:0:,recombination,5392.665440556448,4:3:4:4:4:2:3:4:4,2:1:4:4:2:4:4:4:1
1:1:4:4:2:4:4:4:0:,recombination,5652.697160953361,4:3:4:4:4:2:2:4:4,2:1:4:4:2:4:4:4:1
1:1:4:3:0:4:4:4:0:,recombination,5110.053401014474,3:1:4:4:4:3:4:4:3,2:1:4:4:4:4:4:4:1
1:1:4:4:2:4:4:4:0:,clone,5612.26045018294,1:1:4:4:2:4:4:4:0
3:1:4:3:1:4:4:4:2:,recombination,3964.442254189593,4:1:4:3:1:4:4:4:3,4:3:4:4:4:2:2:4:4
1:1:4:4:2:4:4:4:0:,clone,5610.2203614055015,1:1:4:4:2:4:4:4:0
3:1:4:3:1:4:4:4:2:,clone,3863.373088448005,3:1:4:3:1:4:4:4:2
1:1:4:4:2:4:4:4:0:,recombination,5307.940824733297,2:1:4:3:1:4:4:4:1,2:1:4:4:1:4:4:4:0,MUTATE
1:1:4:4:1:4:4:4:0:,recombination,5306.948415362973,2:1:4:2:0:4:4:4:0,4:2:4:4:4:1:1:1:4
4:2:4:4:3:3:4:4:3:,clone,5046.561130213261,4:2:4:4:3:3:4:4:3
1:1:4:4:2:4:4:4:0:,clone,5191.4185922077895,1:1:4:4:2:4:4:4:0
1:1:4:3:0:4:4:4:0:,recombination,4919.133954543633,1:1:4:3:0:4:4:4:0,4:2:4:4:4:1:2:4:4,MUTATE
1:1:4:4:2:4:4:4:0:,recombination,5136.078042329822,2:1:4:4:1:4:4:4:0,4:3:4:4:4:2:3:4:4
3:1:4:4:3:4:4:4:3:,clone,5538.386233692971,3:1:4:4:3:4:4:4:3
1:1:4:3:0:4:4:4:0:,recombination,4825.976054901779,3:1:4:4:4:3:4:4:3,3:1:4:4:1:4:4:4:1
4:3:4:4:4:3:3:4:4:,clone,4274.963902316848,4:3:4:4:4:2:2:4:4
3:1:4:4:3:4:4:4:3:,clone,5520.131065343323,3:1:4:4:3:4:4:4:3
4:3:4:4:4:3:3:4:4:,clone,4265.231624393916,4:3:4:4:4:3:3:4:4
4:1:4:4:1:4:4:4:3:,recombination,4465.9083455056225,4:3:4:4:4:3:3:4:4,3:1:4:4:3:4:4:4:2
4:2:4:4:3:4:4:4:3:,clone,5095.537892381884,4:2:4:4:3:4:4:4:3
4:2:4:4:4:3:4:4:4:,recombination,3676.887818544014,4:2:4:4:4:2:2:4:4,4:2:4:4:4:1:3:4:4
1:1:4:3:0:4:4:4:0:,recombination,4818.560949475175,4:3:4:4:4:0:1:4:4,1:1:4:3:0:4:4:4:0
4:2:4:4:3:4:4:4:3:,clone,5056.543417117215,4:1:4:4:3:4:4:4:3
4:3:4:4:4:3:3:4:4:,clone,4086.422035611212,4:3:4:4:4:3:2:4:4
1:0:4:2:0:4:4:4:0:,recombination,4017.9426331617847,4:4:4:4:4:1:1:4:4,3:1:4:4:3:4:4:4:2
1:1:4:2:0:4:4:4:0:,recombination,3958.8989558992826,3:1:4:4:1:4:4:4:1,4:2:4:4:4:2:3:4:4
1:1:4:2:0:4:4:4:0:,clone,3956.2068515578876,1:1:4:2:0:4:4:4:0
4:1:4:4:3:4:4:4:2:,recombination,3714.2113472976453,4:1:4:4:4:4:3:4:3,4:2:4:4:4:3:4:4:4
4:1:4:4:4:3:3:4:3:,recombination,3711.345477291598,4:2:4:4:4:3:4:4:4,4:3:3:4:4:2:1:4:4
3:1:4:3:1:4:4:4:2:,recombination,3660.3639125704262,2:1:4:4:4:4:4:4:1,4:4:4:4:4:0:1:2:4
4:2:4:4:3:3:4:4:4:,recombination,4047.660009036774,4:4:4:4:4:1:2:4:4,4:2:4:4:4:3:3:4:4
4:1:4:4:3:4:4:4:4:,recombination,3438.5313181045917,2:1:4:3:1:4:4:4:1,4:3:3:4:4:1:2:4:4,MUTATE
4:1:4:4:3:3:4:4:4:,clone,3418.588270634889,4:1:4:4:3:3:4:4:4
3:1:4:2:1:4:4:4:1:,clone,3565.3208223128995,3:1:4:2:1:4:4:4:1
3:1:4:4:4:3:4:4:2:,recombination,4149.682997269855,3:1:4:4:4:4:4:4:2,4:3:4:4:4:1:1:3:4
4:4:4:4:4:0:1:1:4:,clone,3498.0515324735134,4:4:4:4:4:0:1:1:4
4:1:4:4:4:4:4:4:3:,recombination,3879.3269857348755,4:3:3:4:4:3:2:4:4,4:4:2:4:4:0:0:0:4
4:2:4:4:4:4:3:4:4:,recombination,4185.131582107152,2:1:4:4:1:4:4:4:1,4:4:3:4:4:2:2:4:4,MUTATE
1:1:4:4:0:4:4:4:0:,clone,5998.518655421008,1:1:4:3:0:4:4:4:0
3:1:4:4:3:3:4:4:3:,clone,4920.802330204646,3:1:4:4:3:3:4:4:3
3:1:4:4:2:4:4:4:3:,recombination,6087.73717999644,4:1:4:4:1:4:4:4:3,4:4:4:4:4:0:1:4:4
1:1:4:2:0:4:4:4:0:,recombination,3942.166468238497,1:1:4:2:0:4:4:4:0,4:2:4:4:4:2:4:4:4
3:1:4:3:2:4:4:4:1:,recombination,3873.0334396448984,4:1:4:3:2:4:4:4:2,4:2:4:4:4:3:4:4:4,MUTATE
4:3:4:4:4:1:1:3:4:,recombination,3498.85252786607,4:2:4:4:4:2:3:4:4,2:1:4:3:0:4:4:4:1
4:1:4:3:1:4:4:4:2:,recombination,3876.1665511708998,4:4:4:4:4:1:1:4:4,4:2:4:4:4:1:3:4:4,MUTATE
3:1:4:4:1:4:4:4:1:,clone,4277.503719711669,3:1:4:3:1:4:4:4:1
1:1:4:4:1:4:4:4:0:,clone,5232.189120513897,2:1:4:4:1:4:4:4:1
4:1:4:3:1:4:4:4:2:,recombination,3862.6230525239444,2:1:4:4:3:4:4:4:1,2:1:4:4:1:4:4:4:0
4:1:4:4:2:4:4:4:3:,recombination,3633.9162599622637,4:1:4:4:2:4:4:4:2,4:1:4:4:4:3:4:4:4
4:1:4:4:2:4:4:4:4:,recombination,3889.481493857731,4:1:4:3:1:4:4:4:2,4:1:4:4:2:3:4:4:4
4:1:4:4:2:4:4:4:3:,clone,3563.803768810364,4:1:4:4:2:4:4:4:3
4:1:4:4:4:4:4:4:3:,recombination,3807.1243473547147,1:1:4:2:0:4:4:4:0,4:2:4:4:4:2:1:4:4,MUTATE
4:1:4:3:2:4:4:4:2:,clone,3348.830746847524,3:1:4:4:2:4:4:4:1
3:1:4:3:1:4:4:4:2:,recombination,3417.767148000168,4:1:4:3:2:4:4:4:2,4:3:3:4:4:2:1:4:4,MUTATE
4:1:4:3:1:4:4:4:2:,clone,3348.830746847524,4:1:4:3:1:4:4:4:2
4:2:4:4:4:4:3:4:4:,recombination,4010.676090967935,4:3:4:4:4:2:2:4:4,4:3:2:4:4:2:1:4:4,MUTATE
3:1:4:2:0:4:4:4:1:,recombination,3613.0483893476603,4:2:4:4:4:1:1:4:4,3:1:4:3:1:4:4:4:2,MUTATE
4:1:4:4:3:3:4:4:2:,recombination,3690.309128249345,4:3:4:4:4:1:3:4:4,4:3:3:4:4:2:1:4:4
4:1:4:4:4:3:4:4:3:,recombination,3652.313361892773,4:1:4:3:1:4:4:4:2,4:3:4:4:4:1:2:4:4
4:1:4:4:3:4:4:4:3:,recombination,3496.738523703571,4:2:4:4:4:1:2:3:4,4:3:4:4:4:0:1:4:4,MUTATE
3:1:4:2:1:4:4:4:2:,recombination,3932.950516598886,4:2:4:4:4:1:2:3:4,4:2:4:4:3:3:4:4:3
4:2:4:4:4:3:4:4:4:,clone,3652.3133618927736,4:2:4:4:4:3:4:4:4
3:1:4:3:0:4:4:4:1:,recombination,4193.702713819508,4:1:4:4:4:2:3:4:4,4:1:4:3:1:4:4:4:2
3:1:4:3:0:4:4:4:1:,clone,4149.590423393147,3:1:4:3:0:4:4:4:1
4:1:4:4:3:4:4:4:3:,clone,3487.7396687438395,4:1:4:4:3:4:4:4:4
4:1:4:4:3:3:4:4:3:,clone,3748.0211360144826,4:1:4:4:3:3:4:4:3
3:1:4:4:3:3:4:4:2:,clone,3767.656340324167,4:1:4:4:4:3:4:4:3
3:1:4:4:4:3:4:4:2:,clone,3702.131302047031,3:1:4:4:4:3:4:4:2
4:2:4:4:4:4:4:4:3:,recombination,5458.932531355617,4:3:4:4:4:1:1:4:4,4:2:4:4:4:3:4:4:4
4:1:4:4:1:4:4:4:3:,recombination,4372.0576816913235,2:1:4:2:0:4:4:4:1,4:2:4:4:4:1:2:3:4,MUTATE
4:4:4:4:4:1:2:2:4:,recombination,4199.684576290758,4:2:4:4:4:3:4:4:4,4:2:4:4:4:1:3:4:4
1:0:4:3:0:4:4:4:0:,recombination,5862.1936732838085,4:1:4:4:3:3:4:4:3,2:1:4:3:1:4:4:4:1
4:1:4:4:4:3:4:4:2:,recombination,4063.8469679801333,4:3:3:4:4:2:1:4:4,1:1:4:3:0:4:4:4:0,MUTATE
1:0:4:3:0:4:4:4:0:,recombination,5771.300599346254,4:4:3:4:4:0:1:2:4,3:1:4:4:4:3:4:4:2
4:1:4:4:2:3:4:4:4:,recombination,3863.2349213508505,4:4:3:4:4:1:2:4:4,3:1:4:4:2:4:4:4:2
4:2:4:4:3:4:4:4:3:,recombination,5009.232637916013,3:1:4:4:3:4:4:4:2,4:4:4:4:4:2:1:4:4,MUTATE
4:2:4:4:2:3:4:4:4:,clone,4130.215155688903,4:1:4:4:2:3:4:4:4
1:0:4:2:0:4:4:4:0:,recombination,3891.1493530840817,4:3:4:4:4:1:3:4:4,4:2:4:4:4:3:3:4:4
1:1:4:2:0:4:4:4:0:,recombination,3914.291702374865,1:0:4:2:0:4:4:4:0,4:3:4:4:4:1:3:4:4,MUTATE
4:2:4:4:2:3:4:4:4:,clone,3877.0407220307156,4:2:4:4:2:3:4:4:4
2:1:4:1:0:4:4:4:0:,recombination,3702.213121456584,4:4:1:4:4:0:0:1:4,4:2:4:4:4:3:4:4:3
2:1:4:1:0:4:4:4:0:,recombination,3658.3746149621597,4:2:4:4:4:3:4:4:3,4:3:4:4:4:0:1:3:4
2:1:4:3:0:4:4:4:1:,recombination,4075.781669560713,3:1:4:4:3:4:4:4:2,4:1:4:4:4:3:4:4:3
2:0:4:1:0:4:4:4:0:,recombination,3618.532863065457,4:2:4:4:4:2:3:4:4,2:1:4:1:0:4:4:4:0,MUTATE
4:1:4:3:1:4:4:4:4:,recombination,3847.788317615342,4:1:4:4:2:3:4:4:4,2:1:4:4:2:4:4:4:1,MUTATE
2:1:4:2:0:4:4:4:0:,recombination,3583.0769869689784,2:1:4:3:1:4:4:4:1,4:2:4:4:4:2:2:4:4,MUTATE
2:0:4:1:0:4:4:4:0:,clone,3611.5436441085117,2:0:4:1:0:4:4:4:0
4:1:4:4:4:4:3:4:4:,recombination,3434.7248762205772,4:2:4:4:4:3:4:4:3,4:3:2:4:4:1:1:4:4
4:1:4:4:4:3:3:4:3:,recombination,3549.558209333418,4:2:4:4:4:2:1:4:4,4:3:4:4:4:1:3:4:4
4:1:4:4:1:4:4:4:4:,clone,4300.769741602971,4:1:4:4:1:4:4:4:4
4:1:4:3:0:4:4:4:2:,recombination,4701.923303148108,4:1:4:4:2:3:4:4:4,1:1:4:4:3:4:4:4:0,MUTATE
4:1:4:4:4:3:3:4:3:,clone,3436.6096054151244,4:1:4:4:4:3:3:4:3
4:1:4:4:2:4:4:4:2:,recombination,3789.8315351085707,3:1:4:4:3:4:4:4:2,4:4:2:4:4:2:1:4:4,MUTATE
2:1:4:3:1:4:4:4:0:,recombination,3926.892684037134,4:1:4:4:4:3:3:4:3,3:1:4:4:4:4:4:4:2
3:1:4:3:0:4:4:4:2:,recombination,4572.904200892461,4:4:3:4:4:1:2:4:4,3:1:4:4:4:4:4:4:1,MUTATE
4:1:4:4:4:2:3:4:4:,recombination,3639.7248288827423,4:2:4:4:4:2:1:4:4,4:3:3:4:4:2:2:4:4,MUTATE
3:1:4:3:2:4:4:4:1:,recombination,3768.8604211313145,4:2:4:4:4:2:4:4:4,4:1:4:4:4:4:4:4:3
2:1:4:3:2:4:4:4:1:,recombination,3853.74787844048,4:1:4:4:4:3:3:4:3,2:1:4:4:2:4:4:4:0,MUTATE
3:1:4:4:4:3:3:4:2:,recombination,3669.7628994535226,2:1:4:4:1:4:4:4:1,4:1:4:4:4:3:3:4:3
2:1:4:3:1:4:4:4:1:,recombination,3557.5689330040505,2:1:4:3:2:4:4:4:1,1:0:4:2:0:4:4:4:0
2:1:4:4:3:3:4:4:1:,clone,4035.660179682335,2:1:4:4:3:3:4:4:1
3:1:4:2:0:4:4:4:2:,clone,4477.563356319223,3:1:4:2:0:4:4:4:2
4:2:4:4:4:4:4:4:3:,clone,5412.52235216833,4:2:4:4:3:4:4:4:3
3:1:4:3:0:4:4:4:2:,clone,4545.41011141392,3:1:4:3:0:4:4:4:2
4:1:4:4:2:3:4:4:3:,clone,4807.597336281661,4:1:4:4:2:3:4:4:3
4:1:4:4:2:3:4:4:3:,recombination,4600.1123413313535,4:1:4:3:1:4:4:4:2,4:3:4:4:4:0:0:3:4,MUTATE
3:1:4:2:0:4:4:4:2:,clone,4328.096391750999,3:1:4:2:0:4:4:4:2
3:1:4:2:0:4:4:4:2:,recombination,4193.628832624407,4:1:4:4:2:3:4:4:4,4:1:4:4:2:4:4:4:3,MUTATE
3:1:4:3:0:4:4:4:2:,clone,4221.219517874624,3:1:4:3:0:4:4:4:2
3:1:4:2:0:4:4:4:2:,clone,4069.4591481379202,3:1:4:2:0:4:4:4:2
3:1:4:2:0:4:4:4:2:,recombination,3968.2353704379693,3:1:4:3:0:4:4:4:2,4:2:4:4:4:3:2:4:4
4:2:4:4:4:4:4:4:3:,recombination,5237.187139754793,4:2:4:4:4:3:4:4:4,2:1:4:2:0:4:4:4:0,MUTATE
4:2:4:4:4:4:4:4:3:,clone,5206.899818800113,4:1:4:4:4:4:4:4:3
4:3:4:4:4:1:1:3:4:,recombination,3467.975308720562,4:1:4:4:2:4:4:4:2,4:1:4:4:4:3:4:4:3,MUTATE
2:1:4:4:0:4:4:4:1:,recombination,6125.2877566020725,3:1:4:4:2:4:4:4:2,4:2:4:4:4:1:2:3:4
4:3:4:4:4:1:0:3:4:,recombination,3353.788153017211,1:0:4:2:0:4:4:4:0,3:1:4:4:2:4:4:4:2,MUTATE
4:1:4:4:4:4:3:4:4:,clone,3328.6763969964413,4:1:4:4:4:4:3:4:4
4:1:4:4:4:4:3:4:4:,clone,3328.676396996441,4:1:4:4:4:4:3:4:4
4:2:4:4:4:4:3:4:4:,clone,3573.2911827908274,4:1:4:4:4:4:3:4:4
4:1:4:4:4:3:3:4:4:,clone,3328.6763969964413,4:1:4:4:4:3:3:4:4
4:1:4:4:4:4:4:4:4:,clone,3423.4170020188267,4:1:4:4:4:4:4:4:4
4:1:4:4:3:4:4:4:3:,clone,3348.830746847526,4:1:4:4:3:4:4:4:3
3:1:4:4:1:4:4:4:2:,clone,4272.552613454419,4:1:4:4:2:4:4:4:2
2:1:4:2:1:4:4:4:1:,recombination,3971.28350938714,4:1:4:4:3:4:4:4:3,4:1:4:4:4:4:4:4:3
2:1:4:2:0:4:4:4:0:,recombination,3552.1687372579013,2:1:4:3:0:4:4:4:0,4:3:3:4:4:2:1:4:4
4:1:4:4:2:4:4:4:2:,clone,3597.7407100001565,4:1:4:4:2:4:4:4:2
3:1:4:3:2:4:4:4:2:,recombination,3485.95122201917,2:1:4:2:0:4:4:4:0,2:1:4:4:2:4:4:4:1
3:1:4:4:1:4:4:4:2:,recombination,4266.385040445042,2:1:4:4:2:4:4:4:1,2:1:4:3:0:4:4:4:0
2:0:4:1:0:4:4:4:0:,clone,3348.830746847525,1:1:4:2:0:4:4:4:0
3:1:4:4:2:4:4:4:2:,recombination,3619.0124645327287,4:4:3:4:4:0:0:1:4,4:3:4:4:4:1:1:3:4
3:1:4:2:0:4:4:4:1:,recombination,3432.0321979245145,4:2:4:4:4:2:3:4:4,4:1:4:4:3:4:4:4:3,MUTATE
1:1:4:4:2:4:4:4:0:,recombination,5043.009756954847,4:1:4:4:2:4:4:4:2,1:1:4:4:2:4:4:4:0,MUTATE
3:1:4:4:2:4:4:4:3:,recombination,5911.574766562514,4:2:4:4:4:3:3:4:4,4:3:4:4:4:1:1:1:4,MUTATE
1:0:4:2:0:4:4:4:0:,clone,3881.022119195497,1:0:4:2:0:4:4:4:0
3:1:4:4:3:3:4:4:2:,clone,3751.6782848509442,3:1:4:4:3:4:4:4:2
2:0:4:3:0:4:4:4:0:,recombination,4736.549684248721,2:1:4:4:1:4:4:4:0,1:1:4:4:0:4:4:4:0
3:1:4:3:1:4:4:4:1:,recombination,3474.04254323055,1:0:4:2:0:4:4:4:0,4:1:4:4:3:4:4:4:3,MUTATE
3:1:4:3:2:4:4:4:1:,clone,3702.0520548567374,3:1:4:3:1:4:4:4:1
2:1:4:2:1:4:4:4:1:,clone,3659.195503977816,2:1:4:2:1:4:4:4:1
2:1:4:2:1:4:4:4:1:,recombination,3456.0144458541736,3:1:4:3:2:4:4:4:1,4:3:4:4:4:1:3:4:4,MUTATE
2:0:4:2:1:4:4:4:0:,clone,3773.818089468447,2:0:4:2:1:4:4:4:0
2:1:4:2:1:4:4:4:0:,recombination,3939.8627042067505,4:3:4:4:4:1:2:2:4,2:1:4:1:0:4:4:4:0
2:0:4:1:0:4:4:4:0:,clone,3344.4651519320414,2:0:4:1:0:4:4:4:0
1:0:4:2:0:4:4:4:0:,clone,3851.1282898153872,1:0:4:2:0:4:4:4:0
2:0:4:3:0:4:4:4:0:,recombination,4447.695247363516,4:4:4:4:4:0:0:0:4,4:2:4:4:4:1:1:4:4
4:1:4:4:4:4:4:4:3:,recombination,3770.0495055964816,3:1:4:4:4:3:3:4:2,2:1:4:3:1:4:4:4:0,MUTATE
2:1:4:3:1:4:4:4:0:,recombination,3797.7713588363295,4:2:4:4:4:1:1:4:4,4:1:4:3:0:4:4:4:2,MUTATE
2:1:4:3:1:4:4:4:0:,clone,3713.079120583302,2:1:4:3:1:4:4:4:0
4:2:4:4:2:4:4:4:4:,recombination,5247.7906335187145,4:2:4:4:4:2:3:4:4,3:1:4:4:4:3:3:4:2
4:2:4:4:2:4:4:4:4:,clone,5052.999159302615,4:2:4:4:2:4:4:4:4
4:2:4:4:2:4:4:4:4:,recombination,4982.386358006213,4:1:4:4:4:3:4:4:4,4:1:4:4:4:3:3:4:3,MUTATE
2:1:4:4:0:4:4:4:1:,recombination,6077.488273341972,4:3:4:4:4:3:2:4:4,3:1:4:4:4:3:4:4:3,MUTATE
4:1:4:4:1:4:4:4:3:,clone,4332.866551577638,4:1:4:3:1:4:4:4:2
2:1:4:3:0:4:4:4:1:,clone,4072.056001530469,2:1:4:3:0:4:4:4:1
4:1:4:4:4:3:4:4:4:,clone,3564.796897348739,4:1:4:4:4:3:4:4:4
3:1:4:4:3:4:4:4:3:,clone,5193.622856115023,3:1:4:4:3:4:4:4:3
2:1:4:4:0:4:4:4:1:,recombination,6062.708824426313,4:2:4:4:4:3:4:4:4,4:1:4:4:4:3:3:4:3
1:0:4:3:0:4:4:4:0:,clone,5718.078743496234,1:0:4:2:0:4:4:4:0
2:1:4:4:1:4:4:4:0:,recombination,4673.384934545546,3:1:4:3:1:4:4:4:1,4:1:4:4:4:2:3:4:4,MUTATE
2:1:4:4:1:4:4:4:0:,clone,4673.384934545545,2:1:4:4:1:4:4:4:0
2:1:4:4:1:4:4:4:0:,recombination,4657.660414368117,2:1:4:4:1:4:4:4:0,4:2:4:4:4:1:2:3:4,MUTATE
1:1:4:1:0:4:4:4:0:,recombination,3742.2224470690576,3:1:4:2:0:4:4:4:2,3:1:4:4:2:4:4:4:2
1:1:4:2:0:4:4:4:0:,clone,3905.791999298084,1:1:4:2:0:4:4:4:0
1:1:4:2:0:4:4:4:0:,clone,3898.1812641787774,1:1:4:2:0:4:4:4:0
1:0:4:1:0:4:4:4:0:,recombination,3695.348664248735,4:3:4:4:4:1:1:3:4,4:2:4:4:4:2:3:4:3,MUTATE
1:0:4:3:0:4:4:4:0:,recombination,5712.54766228575,4:2:4:4:4:3:4:4:3,4:1:4:4:4:2:3:4:3
1:0:4:2:0:4:4:4:0:,recombination,3840.4714431030147,4:1:4:4:4:3:4:4:4,3:1:4:4:4:4:4:4:2,MUTATE
1:1:4:2:0:4:4:4:0:,clone,3879.9475375306233,1:1:4:2:0:4:4:4:0
2:0:4:1:0:4:4:4:0:,clone,3317.2379789768843,2:0:4:1:0:4:4:4:0
3:1:4:3:1:4:4:4:1:,recombination,3311.545005381022,2:1:4:4:2:4:4:4:1,4:2:3:4:4:3:2:4:4
2:1:4:1:0:4:4:4:0:,recombination,3565.9889424729718,4:3:4:4:4:2:2:4:4,1:1:4:2:0:4:4:4:0,MUTATE
1:1:4:2:0:4:4:4:0:,recombination,3861.6719198965657,3:1:4:4:2:4:4:4:2,3:2:4:4:3:4:4:4:3,MUTATE
1:1:4:2:0:4:4:4:0:,clone,3853.3996276719,1:1:4:2:0:4:4:4:0
4:1:4:4:2:3:4:4:3:,clone,4331.3897461732295,4:1:4:4:2:3:4:4:3
4:2:4:4:3:3:4:4:4:,recombination,3952.548507674858,4:1:4:4:4:3:3:4:3,4:4:2:4:4:2:1:4:4,MUTATE
1:1:4:4:1:4:4:4:0:,clone,5150.7663995362755,1:1:4:4:1:4:4:4:0
1:1:4:3:1:4:4:4:0:,recombination,4803.752957271602,2:1:4:4:4:4:4:4:1,1:1:4:2:0:4:4:4:0
1:1:4:4:1:4:4:4:0:,clone,5008.892531834242,2:1:4:3:1:4:4:4:0
1:0:4:2:0:4:4:4:0:,clone,3807.5720442062743,1:0:4:2:0:4:4:4:0
4:1:4:4:1:4:4:4:2:,recombination,4346.739898248891,1:1:4:4:2:4:4:4:0,4:3:4:4:4:2:1:4:4
4:1:4:4:3:3:4:4:3:,recombination,3708.6459341232116,4:1:4:4:3:4:4:4:2,4:1:4:4:2:3:4:4:3
2:1:4:4:0:4:4:4:1:,recombination,6034.470425006711,4:2:4:4:4:1:3:4:4,4:4:3:4:4:2:2:4:4
2:1:4:4:1:4:4:4:1:,clone,4367.6533680735965,2:1:4:4:1:4:4:4:1
2:1:4:4:1:4:4:4:1:,recombination,4336.018085923255,4:2:4:4:4:2:2:4:4,2:1:4:4:1:4:4:4:1,MUTATE
2:1:4:4:1:4:4:4:1:,clone,4335.05661163667,2:1:4:3:1:4:4:4:1
1:1:4:4:4:4:4:4:0:,clone,5364.912394084265,1:1:4:4:2:4:4:4:0
2:1:4:4:0:4:4:4:1:,recombination,5953.881538387971,2:1:4:3:1:4:4:4:1,2:1:4:3:1:4:4:4:1
1:1:4:4:2:4:4:4:0:,clone,5022.151315579187,1:1:4:4:2:4:4:4:0
2:1:4:4:2:4:4:4:0:,clone,4216.818981403976,2:1:4:4:2:4:4:4:0
1:1:4:4:2:4:4:4:0:,clone,4957.770055554729,2:1:4:4:2:4:4:4:0
1:1:4:4:2:4:4:4:0:,recombination,4939.06390375612,4:2:4:4:4:3:3:4:4,1:1:4:4:2:4:4:4:0
1:1:4:4:2:4:4:4:0:,clone,4774.563975730679,1:1:4:4:2:4:4:4:0
2:1:4:4:1:4:4:4:0:,recombination,4500.75672109501,1:1:4:2:0:4:4:4:0,3:1:4:4:1:4:4:4:1
1:0:4:3:0:4:4:4:0:,recombination,5706.622963135758,4:1:4:4:4:3:3:4:3,4:4:4:4:4:0:0:0:4
2:1:4:4:4:3:4:4:1:,clone,4273.855764267794,2:1:4:4:4:3:4:4:1
1:1:4:4:0:4:4:4:0:,recombination,5977.270512641316,4:4:4:4:4:0:1:2:4,4:1:4:4:1:4:4:4:4
4:4:4:4:4:1:2:3:4:,clone,4101.576740578329,4:4:4:4:4:1:1:4:4
2:1:4:4:2:4:4:4:0:,clone,4157.632671747307,2:1:4:4:2:4:4:4:0
3:1:4:4:2:3:4:4:2:,clone,4114.880627371779,4:1:4:4:3:3:4:4:3
2:1:4:4:4:4:3:4:1:,clone,4764.588822783933,2:1:4:4:4:4:4:4:1
3:1:4:4:2:4:4:4:1:,recombination,3643.544512263421,4:1:4:4:2:4:4:4:3,4:2:4:4:4:4:3:4:4
2:1:4:4:2:4:4:4:0:,recombination,4142.219881596091,3:1:4:2:0:4:4:4:1,1:1:4:2:0:4:4:4:0
4:1:4:4:4:3:4:4:3:,clone,3606.0130978826755,4:1:4:4:4:3:4:4:3
1:0:4:3:0:4:4:4:0:,recombination,5704.364992073273,4:2:4:4:4:2:4:4:4,4:2:4:4:4:3:3:4:3
2:1:4:3:0:4:4:4:0:,recombination,4085.911221543401,4:1:4:4:4:3:4:4:3,3:1:4:4:3:4:4:4:3,MUTATE
1:1:4:2:0:4:4:4:0:,recombination,3839.6742212589006,2:1:4:4:4:4:4:4:1,4:2:4:4:3:4:4:4:3,MUTATE
4:1:4:3:2:4:4:4:3:,recombination,3666.328492737368,4:2:4:4:3:4:4:4:3,4:3:4:4:4:1:2:4:4
1:1:4:2:0:4:4:4:0:,clone,3822.994189918668,2:0:4:1:0:4:4:4:0
1:1:4:1:0:4:4:4:0:,clone,3703.4983388001247,1:1:4:1:0:4:4:4:0
4:2:4:4:4:3:4:4:4:,recombination,3649.214372117641,4:2:4:4:4:2:3:4:4,4:4:4:4:4:0:1:4:4
4:1:4:3:1:4:4:4:3:,clone,3774.015328637681,4:1:4:3:1:4:4:4:3
4:4:4:4:4:0:0:2:4:,clone,3080.6016019129956,4:4:4:4:4:0:0:2:4
4:2:4:4:3:3:4:4:3:,recombination,4568.003585803651,4:4:3:4:4:1:1:4:4,4:2:4:4:4:3:4:4:4
2:1:4:4:1:4:4:4:1:,clone,4272.20611169081,2:1:4:4:1:4:4:4:1
4:1:4:4:1:4:4:4:2:,recombination,4317.386958217225,2:1:4:4:2:4:4:4:0,4:2:4:4:3:3:4:4:3,MUTATE
2:1:4:4:3:4:4:4:0:,recombination,4519.05086850782,3:1:4:4:4:4:4:4:3,2:1:4:3:1:4:4:4:0,MUTATE
3:1:4:2:0:4:4:4:1:,recombination,3348.8307468475255,4:1:4:4:1:4:4:4:2,4:1:4:4:4:3:4:4:4,MUTATE
3:1:4:2:1:4:4:4:2:,clone,3565.7915425690717,3:1:4:2:1:4:4:4:2
4:1:4:4:2:4:4:4:2:,recombination,3329.956014950062,3:1:4:3:1:4:4:4:2,2:1:4:4:0:4:4:4:1,MUTATE
4:1:4:4:4:4:4:4:3:,recombination,3694.809122231295,4:2:4:4:4:1:2:2:4,2:1:4:2:1:4:4:4:1,MUTATE
4:1:4:4:2:3:4:4:3:,clone,4256.81795832942,4:1:4:4:2:3:4:4:3
4:1:4:4:3:4:4:4:2:,clone,3503.1203570265743,4:1:4:4:3:4:4:4:2
4:1:4:4:4:3:3:4:2:,clone,3488.5224454775043,4:1:4:4:4:3:3:4:2
4:1:4:4:4:4:4:4:2:,clone,3826.4804932389598,4:1:4:4:4:4:4:4:2
4:1:4:4:4:4:4:4:2:,clone,3417.8309323126923,4:1:4:4:4:4:4:4:2
4:1:4:4:3:4:4:4:2:,clone,3409.871995009419,4:1:4:4:3:4:4:4:2
2:1:4:4:2:4:4:4:1:,clone,3644.3921339318586,3:1:4:4:2:4:4:4:1
2:0:4:1:0:4:4:4:0:,clone,3293.863836467227,2:0:4:1:0:4:4:4:0
3:1:4:3:0:4:4:4:1:,recombination,4118.223517826619,4:2:4:4:4:3:3:4:4,1:1:4:4:2:4:4:4:0,MUTATE
4:1:4:4:4:3:4:4:3:,clone,3514.903039378566,4:1:4:4:4:3:4:4:3
4:1:4:3:0:4:4:4:2:,recombination,4475.7421600745065,4:1:4:4:1:4:4:4:2,2:1:4:3:2:4:4:4:1
4:1:4:3:1:4:4:4:3:,clone,3753.9063032645145,4:1:4:3:1:4:4:4:3
4:1:4:4:2:3:4:4:3:,clone,4179.216642698811,4:1:4:4:2:3:4:4:3
4:1:4:4:2:3:4:4:3:,recombination,4115.841307128289,4:1:4:4:2:3:4:4:3,2:1:4:4:4:4:4:4:1
4:2:4:4:2:4:4:4:4:,clone,4096.580482744393,4:2:4:4:2:4:4:4:4
1:0:4:3:0:4:4:4:0:,recombination,5700.369544374775,4:1:4:4:2:3:4:4:4,4:3:4:4:4:1:2:4:4
2:1:4:4:2:4:4:4:2:,recombination,5421.443396080375,1:1:4:4:2:4:4:4:0,1:0:4:2:0:4:4:4:0
4:2:4:4:4:4:4:4:3:,recombination,5184.316569110594,4:3:3:4:4:2:2:4:4,1:0:4:1:0:4:4:4:0,MUTATE
2:1:4:4:1:4:4:4:0:,clone,4442.808353698387,2:1:4:4:1:4:4:4:0
4:3:4:4:4:1:1:3:4:,clone,3441.2058058636812,4:3:4:4:4:0:1:2:4
4:1:4:4:2:4:4:4:4:,recombination,3805.8927160813546,3:1:4:4:3:4:4:4:3,4:2:4:4:2:4:4:4:4
3:1:4:3:2:4:4:4:2:,recombination,3473.6137456400083,2:1:4:3:0:4:4:4:0,2:1:4:4:1:4:4:4:0,MUTATE
1:1:4:4:1:4:4:4:0:,recombination,5004.495113269948,4:1:4:4:4:3:3:4:3,3:1:4:4:3:4:4:4:2,MUTATE
2:1:4:2:0:4:4:4:0:,recombination,3485.841675458634,1:1:4:2:0:4:4:4:0,3:1:4:4:2:4:4:4:2,MUTATE
2:1:4:4:1:4:4:4:1:,clone,4269.129164433372,2:1:4:4:1:4:4:4:1
1:1:4:3:0:4:4:4:0:,clone,4764.459722627842,2:1:4:3:1:4:4:4:1
4:4:4:4:4:1:1:2:4:,clone,3874.1389116670766,4:4:4:4:4:1:1:2:4
4:2:4:4:4:4:4:4:3:,clone,4567.389694418786,4:2:4:4:4:4:4:4:3
4:2:4:4:4:4:4:4:3:,recombination,4508.288832390686,4:2:4:4:4:4:4:4:3,4:2:4:4:4:1:1:4:4
4:2:4:4:3:4:4:4:3:,recombination,4517.187466836232,1:0:4:2:0:4:4:4:0,1:1:4:3:0:4:4:4:0
4:1:4:4:2:3:4:4:3:,recombination,3766.2663376850455,4:1:4:4:1:4:4:4:3,2:1:4:3:1:4:4:4:0,MUTATE
0:1:4:3:0:4:4:4:0:,clone,7568.306177979079,1:1:4:3:0:4:4:4:0
1:1:4:4:1:4:4:4:0:,recombination,4972.449540336889,4:1:4:4:4:2:3:4:3,2:1:4:3:0:4:4:4:0
4:4:4:4:4:0:1:1:4:,clone,3409.8538773660475,4:4:4:4:4:0:1:1:4
4:3:4:4:4:1:1:3:4:,clone,3416.2527263698958,4:4:4:4:4:1:1:3:4
4:1:4:4:3:4:4:4:4:,recombination,3348.830746847526,2:1:4:3:0:4:4:4:0,4:1:4:4:4:4:4:4:2,MUTATE
4:1:4:4:4:3:4:4:4:,recombination,3391.284284027097,4:2:4:4:4:1:2:4:4,4:1:4:4:4:4:4:4:2
4:1:4:4:4:4:4:4:4:,clone,3316.5796824501476,4:1:4:4:4:4:4:4:4
4:1:4:4:2:4:4:4:3:,recombination,3374.985853714561,2:1:4:3:1:4:4:4:1,4:1:4:4:3:4:4:4:2,MUTATE
4:1:4:4:2:4:4:4:4:,clone,3716.2397363697232,4:1:4:4:3:4:4:4:4
2:1:4:1:0:4:4:4:0:,clone,3563.2344063270066,2:1:4:1:0:4:4:4:0
4:3:4:4:4:1:0:4:4:,clone,3264.1967255294658,4:3:4:4:4:1:0:4:4
3:1:4:3:0:4:4:4:1:,clone,4050.296609712391,3:1:4:3:0:4:4:4:1
3:1:4:4:2:3:4:4:3:,recombination,5422.782608951728,4:3:4:4:4:2:2:4:4,3:1:4:4:2:4:4:4:3
4:3:4:4:4:1:1:3:4:,recombination,3372.762730994973,3:1:4:4:4:4:4:4:3,3:1:4:4:3:4:4:4:2,MUTATE
3:1:4:4:2:4:4:4:3:,clone,5435.513511189944,3:1:4:4:2:4:4:4:3
2:1:4:4:2:3:4:4:1:,clone,4766.934727469108,2:1:4:4:2:3:4:4:1
2:1:4:4:2:3:4:4:1:,recombination,4761.8602835623815,4:1:4:4:3:3:4:4:3,4:1:4:4:4:3:3:4:3
2:1:4:2:1:4:4:4:0:,recombination,3775.0319535101657,3:1:4:4:4:4:4:4:3,2:1:4:4:2:4:4:4:1
4:2:4:4:3:3:4:4:4:,clone,3887.768426418801,4:2:4:4:3:3:4:4:4
4:2:4:4:3:3:4:4:3:,recombination,4487.828904137083,3:1:4:4:2:4:4:4:1,4:3:4:4:4:2:2:4:4,MUTATE
2:1:4:4:1:4:4:4:2:,clone,5848.431070008356,2:1:4:4:1:4:4:4:2
2:1:4:4:1:4:4:4:2:,clone,5777.773388700115,3:1:4:4:3:4:4:4:2
2:1:4:4:1:4:4:4:2:,clone,5644.659976297614,2:1:4:4:1:4:4:4:2
4:4:4:4:4:1:2:3:4:,recombination,4026.051767831873,3:1:4:3:0:4:4:4:2,4:1:4:4:4:3:4:4:4,MUTATE
4:1:4:4:4:4:3:4:3:,clone,3745.1629523697607,4:1:4:4:4:4:3:4:3
4:1:4:4:4:4:3:4:3:,clone,3737.2514007459995,4:1:4:4:4:4:3:4:3
4:1:4:4:4:4:3:4:3:,clone,3571.7592195710367,4:1:4:4:4:4:3:4:3
4:2:4:4:4:3:4:4:3:,recombination,4202.349527843981,1:1:4:1:0:4:4:4:0,4:1:4:4:4:4:4:4:3
4:1:4:4:4:3:4:4:2:,recombination,3932.9930575122053,4:3:4:4:4:1:2:4:4,4:2:4:4:4:3:4:4:3
3:1:4:2:1:4:4:4:1:,clone,3348.8307468475246,2:1:4:3:1:4:4:4:0
3:1:4:2:0:4:4:4:1:,clone,3348.8307468475246,2:1:4:3:0:4:4:4:1
2:1:4:1:0:4:4:4:0:,recombination,3526.139348806453,3:1:4:3:1:4:4:4:1,3:1:4:4:3:4:4:4:3
4:1:4:3:2:4:4:4:3:,recombination,3348.830746847526,3:1:4:3:0:4:4:4:1,3:1:4:4:2:3:4:4:2,MUTATE
3:1:4:3:2:4:4:4:1:,recombination,3606.7160718512987,3:1:4:2:1:4:4:4:1,2:1:4:4:1:4:4:4:1,MUTATE
4:2:4:4:2:4:4:4:3:,recombination,5418.900167349409,2:1:4:3:1:4:4:4:1,3:1:4:4:2:4:4:4:1
4:3:4:4:4:0:0:4:4:,recombination,3414.9674276871915,4:2:4:4:4:2:3:4:3,3:1:4:4:1:4:4:4:1,MUTATE
4:3:4:4:4:0:2:1:4:,clone,3932.666007735525,4:3:4:4:4:0:2:1:4
2:1:4:4:1:4:4:4:0:,recombination,4331.014470031761,4:2:4:4:4:3:4:4:4,3:1:4:4:2:4:4:4:3
2:1:4:3:0:4:4:4:1:,clone,4060.0050424274086,2:1:4:3:0:4:4:4:1
3:1:4:4:4:3:4:4:2:,clone,3676.8372370029774,3:1:4:4:4:3:4:4:2
2:1:4:3:0:4:4:4:1:,clone,4046.2151975628685,2:1:4:3:0:4:4:4:1
3:1:4:4:4:3:4:4:2:,clone,3676.837237002977,3:1:4:4:4:3:4:4:2
3:1:4:4:4:4:4:4:2:,recombination,3654.5109820037355,4:2:4:4:4:2:4:4:4,3:1:4:4:4:3:4:4:2,MUTATE
4:1:4:4:4:3:4:4:2:,clone,3586.657593725899,3:1:4:4:4:3:4:4:2
3:1:4:4:4:3:4:4:2:,clone,3547.159473342791,3:1:4:4:4:3:4:4:2
4:1:4:4:4:2:3:4:3:,recombination,4550.107051181475,2:1:4:4:0:4:4:4:1,4:2:4:4:2:4:4:4:3,MUTATE
4:1:4:4:4:2:3:4:3:,clone,4299.3539033947645,4:1:4:4:4:3:3:4:3
3:1:4:2:0:4:4:4:1:,recombination,3322.9445586765446,4:1:4:4:4:4:4:4:3,3:1:4:3:1:4:4:4:2,MUTATE
2:1:4:4:4:4:4:4:2:,recombination,6467.433887669383,3:1:4:4:1:4:4:4:1,3:1:4:4:4:3:3:4:2,MUTATE
2:1:4:1:0:4:4:4:0:,clone,3522.667861031185,2:1:4:2:0:4:4:4:0
2:1:4:1:0:4:4:4:0:,clone,3438.9333205986923,2:1:4:2:0:4:4:4:0
4:2:4:4:4:3:3:4:3:,clone,4287.874100867467,4:2:4:4:4:3:3:4:3
3:1:4:4:2:3:4:4:2:,clone,4050.9731263188014,3:1:4:4:2:3:4:4:2
4:4:4:4:4:0:0:2:4:,clone,3050.261899156973,4:4:4:4:4:0:0:2:4
4:4:4:4:4:0:0:1:4:,clone,3051.6537847237255,4:4:4:4:4:0:0:2:4
4:3:4:4:4:0:0:4:4:,recombination,3124.894447261002,4:1:4:4:3:3:4:4:4,1:0:4:2:0:4:4:4:0,MUTATE
4:4:4:4:4:0:0:4:4:,recombination,3110.930272787296,4:4:4:4:4:0:0:2:4,4:1:4:4:4:4:4:4:3,MUTATE
4:4:4:4:4:0:1:4:4:,clone,3156.847190730858,4:4:4:4:4:0:1:4:4
4:4:4:4:4:1:2:4:4:,clone,3595.219490439381,4:4:4:4:4:1:2:4:4
3:1:4:4:4:4:4:4:2:,clone,3590.253289168594,3:1:4:4:4:4:4:4:2
4:1:4:4:4:4:4:4:3:,recombination,3684.7135479748986,3:1:4:4:1:4:4:4:2,4:3:4:4:4:1:1:3:4
1:1:4:4:1:4:4:4:0:,recombination,4814.08965498241,4:4:4:4:4:0:0:2:4,4:1:4:4:1:4:4:4:2
3:1:4:3:2:4:4:4:1:,clone,3601.0612297441075,3:1:4:3:2:4:4:4:1
4:4:4:4:4:1:0:4:4:,clone,3484.306649351711,4:4:4:4:4:1:0:4:4
3:1:4:3:2:4:4:4:1:,clone,3546.9851505035745,3:1:4:3:1:4:4:4:1
4:2:4:4:3:4:4:4:3:,clone,4452.366226945749,4:2:4:4:3:4:4:4:3
1:1:4:4:2:4:4:4:0:,recombination,4740.422861186082,3:1:4:4:3:4:4:4:3,1:0:4:2:0:4:4:4:0
2:1:4:4:2:4:4:4:0:,clone,4081.880899445275,2:1:4:4:2:4:4:4:0
2:1:4:4:2:4:4:4:0:,recombination,3992.798053471857,2:1:4:4:2:4:4:4:0,4:3:3:4:4:2:1:4:4
2:1:4:4:2:4:4:4:0:,clone,3921.71369085476,2:1:4:4:2:4:4:4:0
4:4:4:4:4:1:1:2:4:,clone,3728.259698132909,4:4:4:4:4:1:1:2:4
1:0:4:1:0:4:4:4:0:,recombination,3625.007395149059,4:2:4:4:4:3:3:4:4,4:3:4:4:4:1:2:2:4,MUTATE
3:1:4:4:2:4:4:4:1:,clone,3639.2899533402287,3:1:4:3:2:4:4:4:1
3:1:4:3:2:4:4:4:1:,clone,3502.92164684846,3:1:4:4:2:4:4:4:1
4:1:4:4:2:3:4:4:3:,recombination,3705.1939836624047,1:1:4:4:3:4:4:4:0,4:1:4:4:3:3:4:4:4
2:1:4:4:3:4:4:4:2:,recombination,5581.299610497681,4:1:4:4:2:4:4:4:2,3:1:4:4:2:3:4:4:2
2:1:4:4:2:4:4:4:0:,clone,3852.4295663351554,2:1:4:4:2:4:4:4:0
2:1:4:4:2:4:4:4:0:,clone,3852.429566335155,2:1:4:4:2:4:4:4:0
2:1:4:4:2:4:4:4:0:,recombination,3828.7796504652238,1:1:4:2:0:4:4:4:0,3:1:4:4:1:4:4:4:2
4:4:4:4:4:0:1:0:4:,clone,3485.096354758335,4:4:4:4:4:0:1:0:4
4:4:4:4:4:1:2:3:4:,recombination,3987.2573950019723,1:0:4:1:0:4:4:4:0,3:1:4:4:4:4:4:4:2
4:1:4:4:4:4:3:4:2:,recombination,3914.2927244781877,3:1:4:4:1:4:4:4:1,4:1:4:4:4:4:3:4:4,MUTATE
1:1:4:4:1:4:4:4:0:,recombination,4776.703667437804,1:1:4:4:1:4:4:4:0,3:1:4:4:3:4:4:4:3,MUTATE
2:0:4:1:0:4:4:4:0:,recombination,3293.863836467226,2:1:4:2:0:4:4:4:0,3:1:4:4:4:4:4:4:2,MUTATE
1:0:4:2:0:4:4:4:0:,clone,3805.222085824355,1:0:4:2:0:4:4:4:0
4:4:4:4:4:1:1:2:4:,clone,3706.678773313611,4:4:4:4:4:1:1:2:4
3:1:4:4:1:4:4:4:3:,recombination,6272.468217204632,2:1:4:4:2:3:4:4:1,4:3:4:4:4:1:2:4:4
4:4:4:4:4:1:1:2:4:,recombination,3554.196009604407,2:1:4:3:0:4:4:4:0,4:4:4:4:4:1:1:2:4,MUTATE
4:2:4:4:2:4:4:4:3:,recombination,4694.885023720333,4:2:3:4:4:2:2:4:4,1:1:4:2:0:4:4:4:0
1:0:4:2:0:4:4:4:0:,recombination,3800.7566265080013,2:1:4:4:2:4:4:4:0,4:4:4:4:4:0:0:1:4
1:1:4:1:0:4:4:4:0:,recombination,3669.385433568951,2:1:4:2:1:4:4:4:1,2:0:4:2:0:4:4:4:0,MUTATE
4:2:4:4:3:3:4:4:3:,clone,4418.204534614439,4:2:4:4:3:3:4:4:3
2:1:4:3:1:4:4:4:1:,recombination,3311.846475040981,4:2:4:4:4:1:3:4:4,2:1:4:3:1:4:4:4:1
2:0:4:3:1:4:4:4:0:,recombination,4815.879046967361,1:1:4:4:0:4:4:4:0,2:1:4:4:0:4:4:4:1
4:4:4:4:4:0:0:0:4:,clone,3021.371780785097,1:1:4:2:0:4:4:4:0
4:4:4:4:4:0:0:0:4:,recombination,2970.0400747144827,4:4:4:4:4:0:0:0:4,2:1:4:3:0:4:4:4:1
4:3:4:4:4:1:1:3:4:,clone,3332.1745141422143,4:3:4:4:4:1:1:3:4
4:3:4:4:4:1:1:3:4:,clone,3262.5701921631544,4:3:4:4:4:1:1:4:4
4:3:4:4:4:1:1:4:4:,clone,3091.5780402793002,4:3:4:4:4:1:1:4:4
2:1:4:3:2:4:4:4:1:,clone,3773.2443970915187,2:1:4:3:2:4:4:4:1
3:1:4:4:4:4:4:4:1:,recombination,3740.6568217888853,4:4:4:4:4:0:0:1:4,4:1:4:4:2:4:4:4:3
4:2:4:4:4:2:4:4:4:,recombination,4412.382547078314,4:4:4:4:4:0:0:0:4,4:1:4:4:4:3:3:4:3,MUTATE
4:1:4:4:4:2:3:4:3:,clone,3850.563294857459,4:1:4:4:4:3:3:4:3
4:1:4:4:1:4:4:4:2:,recombination,4287.212055508224,4:2:4:4:3:4:4:4:3,4:3:4:4:4:1:1:3:4
4:1:4:3:1:3:4:4:3:,recombination,4309.288783986114,3:1:4:4:4:4:4:4:3,4:1:4:4:4:3:3:4:3
4:4:4:4:4:0:0:3:4:,recombination,3081.228404087291,4:2:4:4:3:3:4:4:4,4:2:4:4:3:3:4:4:4,MUTATE
2:0:4:2:0:4:4:4:0:,recombination,3348.830746847525,2:1:4:4:2:4:4:4:0,3:1:4:3:1:4:4:4:1,MUTATE
3:1:4:2:1:4:4:4:1:,recombination,3293.8638364672265,4:2:4:4:4:2:4:4:4,3:1:4:4:2:4:4:4:1,MUTATE
1:1:4:4:0:4:4:4:1:,recombination,6492.678858965422,4:1:4:4:4:3:4:4:4,2:1:4:4:4:3:4:4:1,MUTATE
4:4:3:4:4:0:0:0:4:,clone,3306.1900807018224,4:2:4:4:4:3:3:4:4
4:4:3:4:4:0:0:1:4:,clone,3306.4536618520647,4:4:2:4:4:0:0:1:4
3:1:4:4:2:3:4:4:2:,clone,4042.9968800417123,3:1:4:4:2:3:4:4:2
3:1:4:4:3:4:4:4:3:,recombination,5183.44253307143,4:3:4:4:4:0:1:4:4,4:1:4:4:2:3:4:4:3,MUTATE
4:1:4:4:4:4:3:4:3:,clone,3559.7991637657033,4:1:4:4:4:3:3:4:3
3:1:4:4:2:4:4:4:3:,recombination,5345.7267835898165,4:3:4:4:4:3:3:4:4,2:1:4:4:4:4:4:4:2
1:1:4:2:0:4:4:4:0:,clone,3816.535791928812,1:1:4:2:0:4:4:4:0
3:1:4:4:3:4:4:4:3:,recombination,5155.307979361041,4:4:4:4:4:0:0:3:4,3:1:4:4:2:4:4:4:3
2:1:4:4:1:4:4:4:1:,recombination,4267.572276901601,4:1:4:4:2:4:4:4:3,1:1:4:4:2:4:4:4:0
4:4:4:4:4:0:0:1:4:,clone,3027.1583805574896,4:4:4:4:4:0:0:1:4
4:1:4:4:3:4:4:4:4:,clone,3348.8307468475236,4:1:4:4:4:3:4:4:3
4:1:4:4:3:4:4:4:3:,recombination,3348.830746847524,3:1:4:3:1:4:4:4:2,4:2:4:4:4:1:3:4:4,MUTATE
4:1:4:4:3:4:4:4:3:,clone,3329.1642649060345,4:1:4:4:3:4:4:4:3
4:2:4:4:4:3:4:4:4:,recombination,3625.6969150513864,4:2:4:4:4:1:1:4:4,4:1:4:4:3:4:4:4:3,MUTATE
3:1:4:2:0:4:4:4:2:,recombination,3673.219907108686,4:2:4:4:4:3:4:4:4,4:4:4:4:4:1:2:3:4
3:1:4:3:0:4:4:4:2:,recombination,4179.301447635119,4:2:4:4:4:3:4:4:4,4:2:3:4:4:3:2:4:4,MUTATE
2:1:4:2:0:4:4:4:0:,clone,3449.86474789117,2:1:4:2:0:4:4:4:0
1:1:4:2:0:4:4:4:0:,clone,3810.8089847856777,1:1:4:2:0:4:4:4:0
2:1:4:4:4:4:4:4:0:,recombination,5185.192872295374,2:1:4:4:2:4:4:4:2,4:1:4:3:2:4:4:4:3,MUTATE
2:0:4:2:0:4:4:4:0:,clone,3348.8307468475246,1:1:4:2:0:4:4:4:0
2:0:4:2:0:4:4:4:0:,recombination,3281.403113046343,4:3:3:4:4:2:1:4:4,4:3:4:4:4:0:1:3:4
2:1:4:4:4:4:4:4:0:,clone,4971.367737272958,2:1:4:4:4:4:4:4:0
2:1:4:4:4:4:4:4:0:,clone,4792.575771291631,2:1:4:4:4:4:4:4:0
2:1:4:2:1:4:4:4:0:,recombination,3745.971726203856,4:4:2:4:4:2:1:4:4,2:1:4:4:1:4:4:4:1,MUTATE
2:1:4:3:1:4:4:4:0:,recombination,3581.033611805671,2:1:4:4:1:4:4:4:1,4:1:4:4:4:4:4:4:3,MUTATE
2:1:4:3:1:4:4:4:0:,clone,3570.0569012283495,2:1:4:3:1:4:4:4:0
2:1:4:2:0:4:4:4:0:,clone,3333.757931575922,2:1:4:2:0:4:4:4:0
1:1:4:4:1:4:4:4:1:,recombination,6721.2658242209345,4:2:4:4:4:1:2:2:4,3:1:4:4:4:3:4:4:2,MUTATE
4:4:3:4:4:0:0:2:4:,clone,3391.6605790541266,4:4:3:4:4:0:0:2:4
4:4:3:4:4:0:1:3:4:,recombination,3601.9911386681906,2:1:4:3:0:4:4:4:1,4:3:4:4:4:0:0:2:4,MUTATE
2:1:4:3:0:4:4:4:0:,clone,4063.1778251991036,2:1:4:3:0:4:4:4:0
4:4:3:4:4:0:1:4:4:,clone,3601.9911386681906,4:4:3:4:4:0:1:4:4
2:1:4:4:2:4:4:4:0:,clone,3774.603135008815,2:1:4:4:2:4:4:4:0
4:1:4:3:1:4:4:4:3:,recombination,3348.830746847525,3:1:4:4:4:4:4:4:1,4:1:4:4:2:4:4:4:2,MUTATE
3:1:4:3:0:4:4:4:2:,recombination,4117.114704027989,4:4:4:4:4:0:0:3:4,3:1:4:4:4:3:4:4:2,MUTATE
4:1:4:3:2:4:4:4:4:,clone,3734.477987836619,4:1:4:3:2:4:4:4:4
4:1:4:4:3:3:4:4:2:,clone,3629.893026386281,4:1:4:4:3:3:4:4:2
4:1:4:4:2:3:4:4:3:,recombination,3553.5241880811536,1:1:4:2:0:4:4:4:0,4:1:4:4:4:3:3:4:4,MUTATE
4:3:4:4:4:0:0:0:4:,clone,2824.2809408395965,1:1:4:3:0:4:4:4:0
4:3:4:4:4:0:1:1:4:,clone,3683.129326982837,4:3:4:4:4:0:1:1:4
4:3:4:4:4:1:1:2:4:,recombination,3701.986607598251,4:2:4:4:3:4:4:4:3,4:2:4:4:4:1:1:3:4
4:2:4:4:4:1:2:3:4:,clone,3556.3588332982254,4:2:4:4:4:1:2:3:4
4:3:4:4:4:1:1:2:4:,clone,3617.0615152613477,4:3:4:4:4:1:1:2:4
4:3:4:4:4:1:1:2:4:,clone,3511.1942693724072,4:3:4:4:4:1:1:2:4
3:1:4:4:2:4:4:4:1:,recombination,3628.4699842833456,4:3:2:4:4:1:1:4:4,3:1:4:4:4:4:4:4:2,MUTATE
3:1:4:4:2:4:4:4:1:,clone,3502.337369939373,3:1:4:4:2:4:4:4:1
3:1:4:4:2:4:4:4:1:,clone,3453.289254580142,3:1:4:4:2:4:4:4:1
3:1:4:4:2:4:4:4:1:,clone,3415.7630623776045,3:1:4:4:2:4:4:4:1
4:3:4:4:4:0:0:1:4:,clone,3369.3125982776755,4:3:4:4:4:0:0:1:4
3:1:4:3:2:4:4:4:1:,clone,3464.509678108435,3:1:4:3:2:4:4:4:1
4:1:4:4:3:3:4:4:3:,recombination,3611.530321586951,4:4:4:4:4:0:1:2:4,2:1:4:4:2:4:4:4:2
2:1:4:2:0:4:4:4:1:,recombination,3570.305977679673,1:1:4:4:2:4:4:4:0,4:1:4:4:2:3:4:4:3
4:1:4:4:2:4:4:4:4:,recombination,3348.830746847524,4:1:4:3:2:4:4:4:3,4:3:4:4:4:1:2:2:4,MUTATE
4:1:4:4:4:3:3:4:3:,clone,3284.5667867665484,4:1:4:4:4:3:3:4:3
1:1:4:4:1:4:4:4:0:,recombination,4767.822936817528,4:2:4:4:4:2:3:4:4,2:1:4:4:1:4:4:4:1,MUTATE
4:3:4:4:4:0:1:1:4:,clone,3219.956193290617,4:3:4:4:4:0:1:1:4
3:1:4:4:4:3:4:4:3:,clone,4632.656756474514,3:1:4:4:4:3:4:4:3
2:1:4:4:4:3:4:4:2:,recombination,5427.58773004363,4:3:4:4:4:2:1:4:4,4:1:4:4:3:3:4:4:2
