1:4:0:3:3:1:2:0:1:,initialisation,4950.577501884592,
1:4:1:2:2:2:2:0:1:,initialisation,5255.511635529795,
1:4:1:2:2:2:2:0:1:,initialisation,4851.01412851082,
1:4:1:3:2:2:2:0:1:,initialisation,5231.445452206714,
1:4:0:3:2:1:2:0:1:,initialisation,5663.553880721499,
1:4:0:1:1:3:3:1:1:,initialisation,4675.682121484977,
1:4:0:3:3:1:1:0:2:,initialisation,4911.8002504368515,
1:4:0:2:2:2:2:1:1:,initialisation,5156.28242178612,
1:4:0:2:2:2:2:1:1:,initialisation,4914.989737298405,
1:3:0:2:1:3:3:1:0:,initialisation,5331.337220988424,
1:4:1:2:2:2:2:0:1:,initialisation,4786.237466179558,
1:4:0:2:2:2:2:1:1:,initialisation,4732.698994739343,
1:4:0:2:2:2:3:1:1:,initialisation,5140.762526852595,
1:4:1:2:2:2:2:1:1:,initialisation,5233.91951660173,
1:4:0:2:2:2:2:0:1:,initialisation,4737.641157504409,
1:4:1:2:2:2:2:1:1:,initialisation,4945.14952908128,
1:4:0:2:2:2:2:1:1:,initialisation,4599.372008162885,
1:4:1:3:3:1:1:0:1:,initialisation,4520.020216874955,
1:4:0:2:2:2:2:1:1:,initialisation,4249.387672894644,
1:4:0:2:3:1:1:0:1:,initialisation,4125.875309139579,
1:4:1:3:3:1:1:0:1:,initialisation,4423.0377499363585,
1:4:1:2:1:3:3:1:1:,initialisation,4835.64444566644,
1:4:1:2:2:3:3:1:0:,initialisation,5018.255884658215,
1:4:1:3:2:1:2:0:1:,initialisation,5291.568229682636,
1:4:1:3:3:1:1:0:1:,initialisation,4334.332853002235,
1:4:0:3:3:1:1:0:1:,initialisation,4962.444662883067,
1:4:0:2:2:3:3:1:1:,initialisation,4684.434962046375,
1:4:0:2:1:2:3:1:1:,initialisation,5215.0813148549405,
1:4:1:2:2:1:2:0:1:,initialisation,4626.486516025558,
1:3:0:1:1:3:3:1:0:,initialisation,4907.552616711523,
1:4:1:2:2:2:2:1:1:,initialisation,4736.7997528486185,
1:4:1:3:3:1:2:0:1:,initialisation,4663.292221690303,
1:4:1:2:2:1:2:0:1:,initialisation,4625.40415730987,
1:4:1:2:2:2:2:1:1:,initialisation,4724.080427178591,
1:4:1:2:2:2:3:1:0:,initialisation,5165.857803431556,
1:4:0:2:2:1:2:0:1:,initialisation,4942.91631782543,
1:4:0:3:3:1:1:0:1:,initialisation,4329.784502377396,
0:3:1:1:1:3:4:1:0:,initialisation,4969.542484667223,
1:4:1:2:2:2:2:1:1:,initialisation,4565.927923295292,
0:3:1:1:1:3:3:0:0:,initialisation,5659.827868281949,
0:3:1:1:1:3:3:1:0:,initialisation,5257.251694597646,
1:4:1:3:3:2:1:0:1:,initialisation,4461.788547802912,
1:4:0:2:1:3:3:1:1:,initialisation,4939.7291651644455,
1:4:0:3:3:1:2:0:1:,initialisation,4724.327786780824,
1:4:0:1:1:2:3:1:1:,initialisation,4818.475993350311,
0:3:1:2:2:2:3:1:0:,initialisation,5433.448443758954,
1:4:0:2:2:2:3:1:1:,initialisation,4732.698994739342,
1:4:0:2:2:1:2:0:1:,initialisation,4558.067195492679,
1:4:1:2:2:2:2:0:1:,initialisation,4773.316566821892,
1:4:1:2:2:2:3:1:1:,initialisation,5386.2006953456585,
1:4:1:3:2:1:2:0:1:,initialisation,5210.30581557261,
1:4:1:2:1:2:3:1:1:,initialisation,5067.214400894892,
1:4:1:2:2:3:2:1:1:,initialisation,5246.809189665906,
0:4:1:2:2:2:3:0:0:,initialisation,5339.295939463689,
0:3:1:1:1:3:3:1:0:,initialisation,5150.878596926569,
1:4:0:3:3:0:1:0:1:,initialisation,4675.775344021184,
0:4:1:2:2:2:2:0:0:,initialisation,5188.411318240824,
1:4:1:2:2:2:3:1:1:,initialisation,4945.036170905094,
1:4:1:1:1:3:3:1:0:,initialisation,5867.476988581129,
1:4:0:3:2:2:2:0:1:,initialisation,5213.780508752774,
0:3:1:1:1:2:3:1:0:,initialisation,4907.6163251949565,
1:4:0:3:3:1:2:0:2:,initialisation,5339.213432736643,
0:4:1:2:1:3:3:0:0:,initialisation,5918.092786864398,
1:4:1:2:1:3:3:1:0:,initialisation,5554.832101673849,
0:3:1:1:1:3:3:1:0:,initialisation,4896.8949335729585,
2:4:0:3:3:1:1:0:2:,initialisation,4767.3044073508445,
2:4:0:4:4:0:0:0:2:,initialisation,4675.176388624937,
1:4:1:1:1:3:3:1:0:,initialisation,5570.91879768947,
1:4:0:2:2:2:2:1:2:,initialisation,4732.698994739342,
0:4:1:1:1:3:3:1:0:,initialisation,5057.605272462824,
1:4:1:2:2:1:3:0:1:,initialisation,5733.574689974503,
1:4:1:2:2:2:2:0:1:,initialisation,4639.45346866159,
1:4:1:1:1:3:3:1:1:,initialisation,5601.596557587543,
1:4:0:2:1:3:3:1:1:,initialisation,4732.698994739342,
2:4:0:3:3:1:1:0:2:,initialisation,4732.698994739342,
0:3:1:2:1:3:3:0:0:,initialisation,5912.908342667623,
1:4:1:1:1:2:3:1:1:,initialisation,4624.356997616338,
1:4:1:1:1:3:3:1:0:,initialisation,5220.518928524595,
0:4:1:3:3:1:1:0:0:,initialisation,4233.843043108355,
1:4:1:1:1:2:3:1:0:,initialisation,4710.156206184879,
1:4:1:2:2:2:2:0:1:,initialisation,4616.416159002813,
1:4:0:2:2:3:2:1:1:,initialisation,4732.698994739343,
1:4:0:2:2:2:2:0:1:,initialisation,4474.777463173751,
0:3:1:2:2:2:3:0:0:,initialisation,6264.581740840388,
1:4:0:3:3:2:2:0:1:,initialisation,5172.087393471876,
1:4:0:2:1:3:3:1:0:,initialisation,5498.695003791208,
1:4:1:1:1:3:3:1:0:,initialisation,5093.091392287745,
1:4:1:2:2:2:2:1:1:,initialisation,4540.696617997974,
1:4:0:2:2:1:2:1:1:,initialisation,4574.462158685545,
0:3:1:2:2:3:3:0:0:,initialisation,5505.653914377789,
1:4:1:2:2:2:3:0:1:,initialisation,5512.519779793843,
1:4:0:3:3:1:2:0:2:,initialisation,5057.326132526367,
1:4:1:3:3:2:2:0:1:,initialisation,4724.844079960036,
1:4:0:3:3:2:2:1:1:,initialisation,4856.426213833763,
0:3:1:2:2:2:3:0:0:,initialisation,5201.15102261014,
1:4:1:2:2:1:2:1:1:,initialisation,4531.755873971975,
1:4:1:1:1:2:3:1:1:,initialisation,4499.2196177236165,
0:4:1:2:2:1:2:0:0:,initialisation,4848.708574964377,
1:4:0:3:3:1:1:0:2:,initialisation,4870.580218640824,
2:4:0:3:3:1:1:1:2:,initialisation,4732.698994739343,
0:4:1:2:2:2:2:0:0:,initialisation,4846.511104562048,
0:3:1:2:2:2:3:0:0:,initialisation,4935.931510923727,
1:4:0:2:1:2:2:1:1:,initialisation,4380.006003613642,
1:4:1:2:2:3:3:0:1:,initialisation,5727.233254722858,
1:4:0:2:2:2:3:1:1:,initialisation,4727.7645142593365,
1:4:0:4:4:0:1:0:2:,initialisation,4821.279340426678,
1:4:1:2:2:2:2:1:0:,initialisation,5009.019632697633,
1:4:1:2:1:3:3:0:1:,initialisation,5450.870765033281,
1:4:0:3:3:1:1:0:2:,initialisation,4698.220297466045,
0:4:1:2:1:2:3:0:0:,initialisation,6154.131219831854,
0:4:1:2:2:2:3:0:0:,initialisation,5252.216953992822,
1:4:0:3:2:2:2:0:1:,initialisation,4994.41291961526,
0:3:1:1:0:4:4:1:0:,initialisation,5505.460273784157,
1:4:0:2:2:3:2:1:1:,initialisation,4732.698994739342,
0:4:1:2:1:3:3:1:0:,initialisation,5668.73950847886,
0:3:0:1:1:3:3:1:0:,initialisation,4851.539066869972,
0:4:1:1:1:3:3:0:0:,initialisation,5949.444193264659,
1:4:0:2:2:2:2:0:1:,initialisation,4406.809888051748,
1:4:1:2:2:2:2:1:1:,initialisation,4412.188268801651,
1:4:1:1:1:3:3:1:1:,initialisation,4920.197193430219,
1:4:0:3:2:2:1:1:1:,initialisation,4563.044085694333,
0:3:1:1:1:3:3:1:0:,initialisation,4663.583947839309,
1:4:1:2:1:3:3:1:0:,initialisation,5016.409121968128,
1:4:0:2:2:3:2:1:1:,initialisation,4657.464644201288,
1:4:0:3:3:2:1:1:2:,initialisation,4732.698994739343,
1:4:0:3:3:2:2:0:1:,initialisation,5080.100916371403,
1:4:0:2:2:2:3:0:1:,initialisation,6040.558793214116,
1:3:0:1:1:3:3:1:0:,initialisation,4740.2397810228595,
1:4:0:2:1:2:3:1:0:,initialisation,4986.7202669799535,
2:4:0:2:2:2:2:1:2:,initialisation,4732.698994739342,
1:4:1:2:2:1:2:0:1:,initialisation,4288.010565690135,
1:4:0:1:1:2:3:1:1:,initialisation,4806.1585363949,
1:4:0:3:3:2:2:0:2:,initialisation,5281.958007690867,
1:4:1:2:2:2:3:0:1:,initialisation,5315.358247764265,
0:3:1:1:1:4:3:1:0:,initialisation,5463.291572263606,
2:4:0:2:2:1:2:1:2:,initialisation,4732.698994739343,
1:4:1:2:2:2:2:1:0:,initialisation,4723.207215611111,
2:4:0:3:3:1:1:0:2:,initialisation,4548.350380952908,
0:4:1:1:1:2:3:1:0:,initialisation,5181.590216031066,
1:4:1:3:3:0:1:0:1:,initialisation,4328.581595362356,
1:4:1:2:1:2:3:1:0:,initialisation,5034.864689120988,
0:3:1:2:1:2:3:0:0:,initialisation,5223.469504412785,
0:3:1:2:1:3:3:0:0:,initialisation,5441.267313286975,
0:2:1:1:1:3:4:1:0:,initialisation,5831.46939358905,
2:4:0:4:4:0:0:0:2:,initialisation,4585.349218202738,
1:4:0:3:3:0:1:0:2:,initialisation,4583.762803579092,
0:3:1:1:1:3:4:0:0:,initialisation,6088.864767539908,
1:4:1:3:2:1:2:0:1:,initialisation,4965.467211184206,
2:4:0:3:3:2:1:1:2:,initialisation,4732.698994739341,
1:4:1:2:2:2:3:1:1:,initialisation,4832.916222261137,
0:4:1:2:1:3:3:1:0:,initialisation,5518.633836139849,
1:4:1:2:2:3:2:1:1:,initialisation,5053.133609730659,
1:4:1:3:2:1:2:0:1:,initialisation,4885.872353366515,
1:4:0:2:2:1:1:0:1:,initialisation,4453.526994374737,
0:4:1:2:1:2:3:1:0:,initialisation,4983.909591557245,
1:4:1:2:1:2:3:1:0:,initialisation,4739.071946720213,
1:4:1:1:1:3:3:1:1:,initialisation,4579.670596972959,
2:4:0:3:3:2:2:1:2:,initialisation,4732.698994739342,
1:4:0:3:3:1:1:0:2:,initialisation,4475.583777669173,
0:4:1:2:1:2:3:0:0:,initialisation,5311.7779170783,
1:4:1:2:2:3:3:1:1:,initialisation,5153.798479828285,
1:4:0:3:3:1:1:1:1:,initialisation,4662.116396433233,
1:4:1:2:1:3:3:1:1:,initialisation,4795.146091278512,
1:4:0:1:1:3:3:1:0:,initialisation,5713.232161591451,
1:4:0:3:3:2:2:0:1:,initialisation,4869.332763437907,
1:4:1:2:1:2:3:0:1:,initialisation,5855.212797349722,
1:4:0:3:3:2:2:0:1:,initialisation,4691.047761176018,
1:4:1:2:1:2:3:0:1:,initialisation,5542.411596259669,
1:4:0:2:2:1:2:0:1:,initialisation,4477.983662673424,
2:4:0:3:3:0:1:0:2:,initialisation,4515.95168459977,
1:4:0:3:3:1:1:0:1:,initialisation,4262.497050347495,
1:4:0:3:3:1:1:0:2:,initialisation,4431.3904406851125,
1:4:1:2:2:2:3:0:1:,initialisation,5232.256961661579,
1:4:0:2:2:1:2:1:1:,initialisation,4352.9912016657445,
1:4:1:2:2:2:3:1:1:,initialisation,4792.3627271283385,
1:4:1:2:2:2:2:0:1:,initialisation,4550.793006756626,
1:4:0:2:2:2:2:0:1:,initialisation,4401.187984995685,
1:4:0:3:3:0:0:0:2:,initialisation,4349.750957738731,
0:3:1:2:2:1:2:0:0:,initialisation,4578.594474553702,
0:4:1:2:1:3:3:1:0:,initialisation,5470.8039321945635,
1:4:0:3:2:2:2:1:1:,initialisation,4732.698994739345,
1:4:1:2:2:2:2:0:1:,initialisation,4341.95635796012,
1:4:0:2:2:2:3:0:1:,initialisation,5308.147439561959,
1:4:1:2:2:2:3:1:0:,initialisation,5120.541851058708,
1:4:1:1:1:3:3:1:0:,initialisation,4613.4303905365305,
1:4:0:1:1:2:3:1:1:,initialisation,4750.303767621712,
1:4:0:3:3:1:1:0:1:,initialisation,4260.452987549286,
1:4:0:2:1:2:3:1:1:,initialisation,5082.056477993161,
0:4:1:2:2:1:2:0:0:,initialisation,4465.545235750407,
1:4:0:3:2:1:2:0:1:,initialisation,4871.144794980934,
1:4:0:2:2:1:1:0:1:,initialisation,4286.494146896128,
1:4:1:2:1:3:3:1:0:,initialisation,4920.153161254689,
1:4:1:2:1:2:3:1:1:,initialisation,4782.488850190422,
0:4:1:2:1:2:3:0:0:,initialisation,4875.71547923378,
1:4:1:3:3:1:1:0:1:,initialisation,4132.33700079541,
1:4:0:2:1:2:3:1:1:,initialisation,4732.698994739344,
1:4:1:2:2:2:2:0:1:,initialisation,4238.407342101014,
1:4:1:2:2:2:2:1:1:,initialisation,4394.357880474289,
1:4:1:2:1:3:3:1:0:,initialisation,4758.95444447173,
1:4:0:2:1:3:3:1:1:,initialisation,4717.056333381748,
0:4:1:2:2:2:2:1:0:,initialisation,4722.35145841832,
0:4:1:1:1:3:3:0:0:,initialisation,5532.624674725848,
0:3:1:2:1:3:3:1:0:,initialisation,6145.460745114839,
1:4:1:2:2:2:2:1:1:,initialisation,4390.049126446131,
1:4:0:2:2:1:2:0:1:,initialisation,4277.762783515532,
2:4:0:3:3:1:2:1:2:,initialisation,4732.698994739343,
0:3:1:2:2:2:3:0:0:,initialisation,4919.6709726400995,
1:4:1:2:2:3:3:0:1:,initialisation,5694.762341758623,
1:4:1:2:2:3:3:0:1:,initialisation,5522.007535525267,
1:4:1:2:2:2:3:0:1:,initialisation,5048.0758660420925,
1:4:0:2:2:2:1:0:1:,initialisation,4345.819455236183,
0:3:0:1:1:3:3:1:0:,initialisation,4603.091796985367,
1:4:0:2:2:2:2:0:1:,initialisation,4278.095003190195,
0:3:1:2:1:2:3:0:0:,initialisation,4956.960100804903,
1:4:0:2:2:3:3:1:1:,initialisation,4662.511888891346,
2:4:0:3:3:1:2:0:2:,initialisation,4981.918117432425,
1:4:0:3:3:2:2:1:2:,initialisation,4732.698994739343,
0:4:1:2:2:2:2:0:0:,initialisation,4443.66770950505,
0:4:1:2:1:3:3:0:0:,initialisation,5656.799587879099,
1:4:0:3:2:2:2:1:1:,initialisation,4732.698994739344,
1:4:0:3:3:1:1:0:1:,initialisation,4208.7310128058325,
1:4:1:3:3:0:1:0:1:,initialisation,4245.462738088818,
0:4:1:3:3:1:2:0:0:,initialisation,5209.431766451691,
2:4:0:3:3:1:1:1:2:,initialisation,4732.698994739341,
0:4:1:1:1:3:4:1:0:,initialisation,6049.698226109795,
0:4:1:2:2:1:1:0:1:,initialisation,4298.104291185465,
0:4:1:2:2:2:3:1:0:,initialisation,5251.8807490259915,
2:4:0:2:2:2:2:1:2:,initialisation,4660.062352428221,
0:3:1:1:1:2:3:0:0:,initialisation,5021.517289756151,
1:4:0:3:3:0:1:0:1:,initialisation,4139.865210930647,
1:4:1:2:2:1:1:0:1:,initialisation,4342.956452222428,
2:4:0:3:3:1:1:1:2:,initialisation,4702.191814606154,
1:4:1:2:2:3:3:1:1:,initialisation,4887.901888247603,
1:4:1:3:3:0:1:0:1:,initialisation,4191.4666405785865,
0:4:1:3:2:1:2:0:0:,initialisation,5076.299161870255,
1:4:1:1:1:2:3:0:1:,initialisation,5095.315902621557,
1:4:1:3:2:2:2:0:1:,initialisation,5030.599785605514,
0:4:1:1:1:2:3:0:0:,initialisation,5459.8305270073015,
1:4:0:3:3:2:1:0:1:,initialisation,4883.3153607804215,
0:4:1:2:1:3:3:1:0:,initialisation,5160.007486751117,
1:4:1:2:2:1:2:0:1:,initialisation,4106.509838747807,
1:4:0:3:3:2:2:0:2:,initialisation,5148.35692246921,
1:4:1:4:4:0:0:0:1:,initialisation,4150.711281348393,
1:4:0:3:2:2:2:0:1:,initialisation,4708.804126304724,
1:4:0:3:3:2:1:0:1:,initialisation,4514.988197542236,
0:3:1:1:1:2:3:1:0:,initialisation,4691.582926182333,
1:4:1:3:3:0:1:0:1:,initialisation,3990.788217430555,
0:4:1:2:2:3:3:1:0:,initialisation,5477.194816387587,
1:4:0:2:2:1:2:1:1:,initialisation,4295.769022288797,
1:4:1:3:2:2:2:0:1:,initialisation,5006.960164067693,
1:4:0:3:2:1:2:0:1:,initialisation,4669.058841680091,
1:4:0:2:1:3:3:1:0:,initialisation,5276.418371112947,
1:4:0:3:3:0:1:0:1:,initialisation,4114.844839249184,
1:4:1:2:2:2:2:1:0:,initialisation,4437.6616380714295,
1:4:0:2:3:1:1:1:1:,initialisation,4385.248190298851,
1:4:0:3:3:1:1:1:2:,initialisation,4634.780463118629,
1:4:0:2:1:3:3:1:1:,initialisation,4617.492916520952,
1:4:1:2:1:2:3:0:1:,initialisation,5355.628917802631,
1:4:0:3:3:2:1:1:1:,initialisation,4732.698994739343,
1:4:0:2:2:1:2:0:1:,initialisation,4273.566012495056,
0:4:1:1:1:3:3:0:0:,initialisation,5369.9799486875545,
1:4:0:2:2:2:2:0:1:,initialisation,4194.512692061179,
1:4:0:1:1:3:3:1:0:,initialisation,4794.462892321415,
1:4:1:2:2:2:3:1:0:,initialisation,5005.418072139851,
1:4:0:2:1:3:3:1:0:,initialisation,4887.413992662647,
0:3:1:2:1:2:3:0:0:,initialisation,4901.174850117236,
1:4:1:3:3:0:0:0:1:,initialisation,3887.7906209700263,
0:4:1:2:2:3:3:0:0:,initialisation,6433.202318613319,
1:4:1:3:2:2:1:0:1:,initialisation,4584.146954018636,
0:3:1:2:1:2:3:1:0:,initialisation,5438.666621169298,
0:4:1:2:2:2:3:1:0:,initialisation,5180.49505998344,
0:3:1:2:2:2:2:1:0:,initialisation,4299.1876424538505,
0:4:1:2:2:3:3:0:0:,initialisation,6137.456788792937,
1:4:0:3:3:1:1:0:2:,initialisation,4364.065774218338,
2:4:0:3:3:2:1:0:2:,initialisation,4732.698994739343,
2:4:0:3:4:0:0:0:2:,initialisation,4588.615930821583,
1:4:0:2:2:2:3:0:1:,initialisation,5138.994538218996,
1:4:0:2:1:3:3:1:0:,initialisation,4781.3374362038885,
0:4:1:3:3:1:2:0:0:,initialisation,4959.221867752025,
1:3:0:1:1:3:3:2:0:,initialisation,4732.698994739342,
1:4:0:2:1:2:3:1:0:,initialisation,4818.674724916184,
1:4:0:3:3:1:2:0:1:,initialisation,4710.1211614999465,
1:4:0:2:2:1:1:1:1:,initialisation,4415.2673947102585,
1:4:1:2:3:1:1:0:1:,initialisation,4405.379445341052,
1:4:0:2:1:2:2:1:1:,initialisation,4377.601626099794,
0:4:1:2:1:3:3:1:0:,initialisation,4919.349976151768,
0:4:1:1:1:2:3:1:0:,initialisation,4649.1474073239615,
0:4:1:1:1:2:3:0:0:,initialisation,5445.162314530344,
1:4:0:3:3:1:2:1:1:,initialisation,4968.380189606476,
0:4:1:2:1:2:3:1:0:,initialisation,4936.960968546772,
1:4:0:3:3:1:1:0:2:,initialisation,4313.10841355411,
0:4:1:2:2:1:2:0:0:,initialisation,4203.442205252999,
0:3:1:2:2:2:2:0:0:,initialisation,4980.837802917972,
0:3:0:2:1:2:3:1:0:,initialisation,5874.98984144993,
0:4:1:2:2:2:2:1:0:,initialisation,4433.981649847594,
1:4:0:1:1:2:3:1:1:,initialisation,4626.008552601172,
0:3:1:1:0:3:4:1:0:,initialisation,6072.896513303356,
1:4:1:2:2:3:2:1:1:,initialisation,4941.781499564488,
1:3:0:2:1:2:2:1:0:,initialisation,4468.951775529584,
0:4:1:2:2:2:3:0:0:,initialisation,4918.47751280738,
1:4:0:3:3:1:2:1:1:,initialisation,4852.09419540516,
0:4:1:2:1:2:3:1:0:,initialisation,4930.347639282366,
0:3:1:2:1:2:2:0:0:,initialisation,4281.545039692484,
1:4:0:2:3:1:1:0:1:,initialisation,4067.295246167475,
1:4:1:2:2:1:3:0:1:,initialisation,5607.997299418281,
1:4:1:1:1:2:3:1:1:,initialisation,4326.318955441614,
1:4:1:2:2:2:3:0:1:,initialisation,4998.212793588009,
1:4:1:2:1:2:3:1:1:,initialisation,4774.60768635912,
1:4:1:2:2:3:3:1:0:,initialisation,4653.589374506617,
1:4:0:2:2:3:2:1:1:,initialisation,4629.718857228714,
1:4:0:3:3:1:2:1:2:,initialisation,4732.698994739343,
1:4:1:2:2:1:2:1:1:,initialisation,4378.630521730251,
1:4:0:2:1:2:3:1:1:,initialisation,4654.7920018163,
1:4:0:2:2:1:1:0:1:,initialisation,4185.7849887065395,
0:3:1:1:1:3:3:0:0:,initialisation,5439.706857221172,
2:4:0:4:4:0:1:0:2:,initialisation,4913.386333600936,
1:4:1:2:1:2:3:1:1:,initialisation,4650.731847240812,
0:3:1:1:1:4:4:1:0:,initialisation,5768.409629992339,
2:4:0:3:3:2:1:1:2:,initialisation,4656.303251403249,
1:4:0:2:1:2:3:0:1:,initialisation,5414.018192681389,
1:4:1:2:2:2:3:1:0:,initialisation,4910.04307611958,
1:4:1:2:1:2:3:1:0:,initialisation,4588.1834722323265,
0:4:1:1:1:4:3:1:0:,initialisation,5723.006201949958,
2:4:0:3:2:2:2:0:2:,initialisation,4990.651925161164,
1:4:0:3:3:1:2:1:1:,initialisation,4783.236271883339,
2:4:0:3:2:2:2:1:2:,initialisation,4732.698994739343,
0:4:0:2:1:2:3:1:0:,initialisation,4962.411084159277,
1:4:0:1:1:2:3:1:0:,initialisation,5221.65114877792,
1:4:0:1:1:2:3:1:1:,initialisation,4377.0630207161785,
0:4:1:1:1:3:3:1:0:,initialisation,4960.55145455383,
0:3:0:1:1:3:3:1:0:,initialisation,4599.991965864183,
1:4:0:2:2:1:2:0:1:,initialisation,4142.236647166239,
0:3:1:1:1:3:3:1:0:,initialisation,4610.146730453523,
1:4:1:2:2:2:3:1:1:,initialisation,4720.586424311262,
1:3:0:2:1:3:3:1:0:,initialisation,4744.586159707608,
1:4:1:2:2:3:3:0:1:,initialisation,5274.788360222688,
1:4:1:2:2:2:1:1:1:,initialisation,4215.555023917332,
0:3:1:1:1:3:3:0:0:,initialisation,5426.323318232862,
1:4:0:2:2:2:2:0:2:,initialisation,4801.261562118081,
1:4:1:2:2:1:1:0:1:,initialisation,4065.1846404369417,
0:3:0:1:1:3:4:1:0:,initialisation,5851.194258245199,
1:4:1:2:2:2:2:1:1:,initialisation,4317.298404565109,
1:4:0:2:2:1:1:1:1:,initialisation,4342.113679930245,
1:4:1:2:2:3:3:1:1:,initialisation,4798.146873285165,
0:4:1:1:1:4:4:1:0:,initialisation,6359.218653197865,
1:4:0:3:3:0:1:0:2:,initialisation,4342.0448795091725,
0:4:1:3:2:2:2:0:0:,initialisation,5582.76247645999,
1:4:0:2:2:2:2:1:2:,initialisation,4587.082378583789,
1:4:0:2:2:1:2:1:1:,initialisation,4152.232182136033,
1:4:0:3:3:2:1:1:2:,initialisation,4732.698994739342,
1:4:0:3:3:1:1:1:1:,initialisation,4641.772945262428,
0:3:1:1:1:3:3:0:0:,initialisation,5208.607955132855,
1:4:0:3:3:1:2:0:1:,initialisation,4705.550212722769,
0:2:1:0:0:4:4:1:0:,initialisation,6819.751785774918,
1:4:0:2:2:3:3:1:0:,initialisation,5483.154146500124,
0:4:1:3:2:1:2:0:0:,initialisation,4922.465474577302,
1:4:0:3:3:1:2:0:2:,initialisation,4932.354121455695,
0:3:1:2:1:2:3:1:0:,initialisation,5321.0763412316655,
0:3:1:2:2:2:3:1:0:,initialisation,5234.394458488639,
1:4:1:1:1:3:3:1:1:,initialisation,4427.4376595624035,
0:3:1:1:1:3:4:0:0:,initialisation,6051.361602200263,
0:4:1:2:2:3:3:0:0:,initialisation,5529.916135353188,
1:4:0:2:1:2:3:1:1:,initialisation,4650.626233442575,
0:4:0:2:2:2:2:1:0:,initialisation,4752.302200789695,
0:4:1:1:0:3:4:1:0:,initialisation,5756.351412410163,
1:4:0:3:3:1:2:0:1:,initialisation,4689.318455895573,
0:3:1:1:1:2:3:1:0:,initialisation,4614.945682456961,
0:4:1:3:3:1:1:0:1:,initialisation,4775.006214777232,
0:4:1:2:1:3:3:0:0:,initialisation,5637.580221468882,
1:4:0:3:3:1:1:0:1:,initialisation,4164.602145744222,
1:4:0:2:1:2:3:1:1:,initialisation,4458.568475975335,
1:4:0:3:3:1:2:0:1:,initialisation,4688.104832139439,
1:4:0:2:2:3:3:1:0:,initialisation,5149.8029276759,
0:3:1:1:1:3:3:0:0:,initialisation,4933.762943891332,
2:4:0:3:2:1:2:1:2:,initialisation,4732.698994739344,
0:4:1:2:2:3:3:1:0:,initialisation,5388.900158418214,
1:4:1:2:1:2:3:1:1:,initialisation,4555.17314134378,
1:4:0:2:1:2:2:1:1:,initialisation,4333.973172242063,
0:3:1:2:2:2:3:1:0:,initialisation,5123.284656806328,
1:4:1:3:3:1:1:0:2:,initialisation,5093.562283655093,
2:4:0:3:3:0:0:0:2:,initialisation,4353.207453925503,
0:3:1:2:1:3:3:1:0:,initialisation,5810.862592685343,
1:4:0:1:1:3:3:1:0:,initialisation,4794.273627498891,
1:4:0:3:2:1:2:1:1:,initialisation,4759.319200155341,
1:4:1:2:2:3:2:0:1:,initialisation,4966.667393395015,
2:4:0:4:4:0:0:0:2:,initialisation,4353.389747116225,
0:3:1:2:1:1:3:0:0:,initialisation,5242.713146638987,
2:4:0:3:4:1:1:0:2:,initialisation,4732.698994739343,
0:4:1:1:1:2:3:0:0:,initialisation,5124.959491059776,
1:4:0:3:2:2:2:0:1:,initialisation,4604.31996869538,
0:3:1:2:1:2:3:0:0:,initialisation,4707.604671358069,
0:4:1:2:2:2:3:1:0:,initialisation,4860.643655678711,
1:4:0:2:2:3:2:0:1:,initialisation,5512.274389358063,
1:4:1:3:3:0:1:0:2:,initialisation,4676.117375869696,
1:4:1:1:1:3:4:1:1:,initialisation,5714.008686686405,
1:4:0:2:2:2:2:1:0:,initialisation,4652.16383645709,
1:4:0:1:1:3:3:1:1:,initialisation,4642.779672819367,
1:4:1:3:2:2:2:1:1:,initialisation,5178.895359829548,
1:4:0:2:2:1:1:1:1:,initialisation,4312.661346882224,
1:4:1:2:2:3:3:1:1:,initialisation,4789.238530763068,
0:4:1:2:1:3:3:1:0:,initialisation,4819.794751168256,
1:4:0:2:2:2:3:0:1:,initialisation,5096.969369065597,
0:3:1:2:1:3:3:1:0:,initialisation,5088.87348101515,
1:4:0:3:3:1:0:0:1:,initialisation,4414.436255202219,
0:4:1:2:1:2:3:0:0:,initialisation,4705.709579259902,
1:4:1:2:2:3:2:1:1:,initialisation,4843.6589183201995,
1:4:1:1:1:2:3:0:1:,initialisation,4806.738256617014,
0:3:1:1:1:2:3:1:0:,initialisation,4551.743346778935,
1:4:1:2:1:2:3:0:1:,initialisation,5042.14777114265,
1:4:1:3:4:0:0:0:1:,initialisation,4211.141356894598,
1:4:0:3:3:2:2:1:1:,initialisation,4732.698994739344,
1:4:0:3:4:0:0:0:1:,initialisation,4471.722464147158,
1:3:0:1:1:3:3:1:0:,initialisation,4437.705028554062,
0:4:1:3:3:1:2:0:1:,initialisation,4994.296612296473,
1:4:1:3:3:2:2:0:1:,initialisation,4640.2898010986155,
1:4:0:2:1:2:3:1:1:,initialisation,4442.259982712087,
1:4:0:3:3:2:2:1:1:,initialisation,4732.698994739342,
1:4:0:3:2:1:2:0:1:,initialisation,4642.0197760265855,
1:4:1:2:2:2:3:0:1:,initialisation,4803.311654531164,
1:4:0:3:3:1:1:0:2:,initialisation,4226.633554705428,
1:4:1:2:1:3:3:1:1:,initialisation,4660.070344459399,
2:4:1:3:3:1:1:0:2:,initialisation,4934.11722919522,
1:4:0:1:1:3:4:1:0:,initialisation,5611.4274281618045,
0:4:1:1:1:2:3:0:0:,initialisation,4940.435694512191,
0:4:1:2:1:2:3:1:0:,initialisation,4664.478053885637,
1:4:1:2:2:2:3:1:1:,initialisation,4718.750186602615,
1:4:0:2:2:2:1:1:1:,initialisation,4260.45837743274,
1:4:0:3:3:0:0:0:1:,initialisation,4347.317464725142,
1:4:1:3:2:2:2:0:1:,initialisation,4946.327283138234,
0:3:1:1:0:4:4:1:0:,initialisation,5242.7094313531425,
1:4:0:2:1:3:2:1:1:,initialisation,4509.187889601491,
2:4:0:2:2:1:2:1:2:,initialisation,4732.698994739342,
1:4:0:3:3:2:2:0:2:,initialisation,5050.648509697056,
1:3:0:2:1:2:3:1:0:,initialisation,4776.527242745517,
1:4:1:2:2:2:2:1:1:,initialisation,4283.773247953299,
1:4:0:2:2:1:1:0:1:,initialisation,4084.27323629116,
1:4:0:3:2:2:2:0:2:,initialisation,5069.76241346468,
1:4:0:3:3:1:1:1:1:,initialisation,4502.7345115751505,
1:4:1:1:1:3:4:1:0:,initialisation,5607.7043588283605,
0:3:1:1:0:3:4:1:0:,initialisation,5841.515847819749,
1:4:0:3:3:1:2:0:1:,initialisation,4633.984206502807,
1:4:0:2:1:2:3:0:1:,initialisation,5070.261489531299,
1:4:0:2:2:2:3:1:0:,initialisation,4912.72898393593,
1:4:1:1:1:3:3:1:0:,initialisation,4419.797607473582,
1:4:0:3:3:0:1:0:1:,initialisation,4017.1160252427067,
0:3:1:1:1:3:3:1:0:,initialisation,4498.105366852176,
1:4:0:2:2:2:2:0:1:,initialisation,4120.486265824297,
1:4:0:3:3:1:1:0:1:,initialisation,4049.839034826484,
1:4:0:1:1:2:3:1:1:,initialisation,4349.7354389134725,
1:4:0:2:2:1:2:1:2:,initialisation,4732.698994739342,
0:3:1:2:1:2:3:1:0:,initialisation,4726.1030449986665,
0:2:1:1:1:3:3:0:0:,initialisation,5599.2312506874605,
1:4:1:3:2:2:2:0:1:,initialisation,4902.0758231043355,
1:4:1:3:2:1:2:1:1:,initialisation,4942.018888410988,
0:3:1:1:0:4:4:1:0:,initialisation,5168.289287825077,
0:3:0:1:1:4:3:2:0:,initialisation,4732.698994739341,
1:4:1:2:2:3:2:1:0:,initialisation,4515.885615434221,
0:3:0:1:1:2:3:1:0:,initialisation,5677.063313387344,
1:4:1:2:1:2:3:0:1:,initialisation,4641.586966734518,
1:4:1:2:2:2:3:0:1:,initialisation,4801.414219195988,
0:4:1:2:2:1:2:0:1:,initialisation,4421.431719071531,
1:4:0:2:2:2:3:1:1:,initialisation,4679.3156600429875,
0:3:1:2:1:2:3:0:0:,initialisation,4692.611121798891,
1:4:1:2:1:2:3:0:1:,initialisation,4601.739555166593,
1:4:1:2:1:2:3:1:1:,initialisation,4487.756083330401,
1:4:1:2:2:2:2:1:1:,initialisation,4281.57556334025,
1:4:0:2:2:2:3:1:0:,initialisation,4712.800966512653,
0:3:1:1:0:3:4:1:0:,initialisation,5610.47179381299,
1:4:0:3:2:2:2:1:2:,initialisation,4762.735918264912,
1:4:1:2:2:1:2:0:1:,initialisation,4028.8415206960094,
2:4:1:3:3:1:1:0:2:,initialisation,4721.701678027817,
0:4:1:3:4:1:1:0:1:,initialisation,5335.79292469625,
1:4:0:2:2:2:2:1:1:,clone,4142.236647166239,1:4:0:2:2:1:2:0:1
0:2:1:1:1:3:4:1:0:,clone,5693.653214000178,0:2:1:1:1:3:4:1:0
0:3:1:1:0:3:4:1:0:,recombination,4878.31862401328,1:4:1:3:3:1:1:0:1,0:3:1:1:0:4:4:1:0,MUTATE
0:3:0:2:2:2:3:1:0:,clone,4907.117534935534,1:4:0:2:2:2:2:1:0
0:2:1:1:1:3:3:1:0:,recombination,5691.628666819822,0:2:1:1:1:3:4:1:0,1:4:0:3:2:2:2:0:1,MUTATE
1:4:1:1:1:2:3:1:0:,recombination,4546.749474193644,1:4:0:1:1:3:3:1:1,1:4:0:1:1:2:3:1:1,MUTATE
1:4:0:3:2:2:2:1:1:,clone,4604.31996869538,1:4:0:3:2:2:2:0:1
2:4:0:3:3:0:1:0:2:,recombination,4222.591139473305,1:4:0:2:2:1:2:0:1,2:4:0:3:3:0:1:0:2,MUTATE
1:4:0:2:2:1:2:1:1:,recombination,4124.109224281111,1:4:1:2:2:2:2:1:1,1:4:0:2:2:2:2:0:1
0:4:1:3:3:1:1:0:1:,recombination,4274.52675384785,1:4:1:2:2:1:2:0:1,0:4:1:3:3:1:2:0:0
2:4:0:3:3:2:2:0:2:,recombination,5216.1349346992865,1:4:0:2:2:2:2:1:2,1:4:1:2:1:2:3:0:1,MUTATE
1:4:1:2:2:2:2:1:1:,clone,4124.109224281111,1:4:0:2:2:1:2:1:1
1:4:1:1:1:3:3:1:1:,clone,4427.437659562403,1:4:1:1:1:3:3:1:1
1:4:1:2:2:1:2:1:1:,clone,4257.793530905178,1:4:0:2:2:2:2:1:1
1:4:0:2:2:1:1:0:1:,recombination,3968.6870414052205,0:3:0:1:1:2:3:1:0,1:4:0:3:3:1:1:0:2,MUTATE
2:4:0:4:4:1:0:0:2:,recombination,4649.065531963174,2:4:0:3:3:2:2:0:2,2:4:0:4:4:0:1:0:2
1:4:1:2:2:2:1:0:1:,clone,4492.496848101279,1:4:1:2:3:1:1:0:1
0:4:1:2:1:2:3:0:0:,clone,4665.154898032383,0:4:1:2:1:2:3:0:0
1:4:0:1:1:2:3:1:0:,clone,4924.433958614819,1:4:0:2:1:2:3:1:0
0:3:0:1:1:3:3:1:0:,recombination,4370.100222454098,1:4:0:2:1:2:3:1:1,1:3:0:2:1:2:2:1:0,MUTATE
1:4:0:1:1:3:3:1:1:,clone,4440.457467798434,1:3:0:1:1:3:3:1:0
2:4:0:3:3:1:1:0:2:,recombination,4512.525571439567,0:4:1:2:2:2:2:1:0,2:4:0:3:3:2:1:1:2
1:4:0:3:3:1:1:0:1:,recombination,3992.238248512052,1:4:0:3:3:1:1:0:1,0:4:1:2:2:2:2:1:0
0:3:1:2:1:2:3:0:0:,recombination,4665.154898032383,0:4:1:2:1:2:3:0:0,1:4:0:2:2:2:2:1:1
1:4:0:2:1:3:3:1:1:,recombination,4570.852895461932,1:4:0:2:1:2:3:1:1,1:4:0:3:3:2:2:1:1
0:2:1:0:0:4:4:1:0:,recombination,4954.318943321294,0:3:1:1:1:3:3:1:0,0:3:1:1:0:4:4:1:0
0:3:1:2:2:2:2:1:0:,recombination,4220.968948675733,1:3:0:2:1:2:2:1:0,0:4:1:2:2:1:2:0:0
1:4:0:2:2:2:2:1:1:,clone,4120.486265824297,1:4:0:2:2:2:2:1:1
2:4:0:3:3:0:1:0:2:,clone,4085.0545286479896,2:4:0:3:3:0:1:0:2
0:3:1:1:1:2:3:0:0:,recombination,4954.431064965183,0:3:1:2:2:2:3:0:0,1:4:1:2:2:1:2:0:1
0:3:0:1:1:3:4:1:0:,recombination,5049.935469705675,1:4:0:2:1:2:2:1:1,0:3:1:1:0:3:4:1:0
0:3:0:1:1:3:3:2:0:,recombination,4722.877819016241,1:3:0:1:1:3:3:2:0,1:4:1:2:2:2:2:0:1,MUTATE
1:4:1:3:3:1:1:0:1:,recombination,4112.639932556066,1:4:0:3:3:1:1:0:1,1:3:0:1:1:3:3:1:0,MUTATE
0:2:1:1:0:4:4:1:0:,recombination,4793.121479399563,0:2:1:0:0:4:4:1:0,0:4:1:2:1:2:3:1:0,MUTATE
1:4:0:2:1:2:3:1:0:,clone,4679.974084844357,1:4:0:2:2:2:3:1:0
1:4:0:3:3:2:2:1:1:,clone,4732.698994739341,1:4:0:3:3:2:2:1:1
0:4:1:2:2:1:1:0:0:,recombination,4257.992668475907,1:4:0:1:1:2:3:1:1,0:4:1:3:3:1:1:0:0,MUTATE
0:3:1:1:1:2:3:1:0:,recombination,4515.366141621335,1:4:0:2:2:2:2:1:0,0:3:1:2:1:2:3:1:0,MUTATE
1:4:0:2:1:2:3:0:1:,recombination,4746.0347954769595,1:4:0:2:2:2:3:0:1,1:4:0:2:2:3:3:1:1,MUTATE
1:4:1:2:2:3:3:1:1:,clone,4691.1687916914825,1:4:1:2:2:3:2:1:1
0:3:1:2:1:2:3:1:0:,recombination,4667.761432128423,1:4:1:2:2:3:3:1:0,1:4:1:2:2:2:2:1:0
1:4:0:2:2:2:2:0:2:,clone,4722.105253259837,1:4:0:2:2:2:2:0:2
1:3:0:2:2:3:3:1:0:,recombination,4708.217434896148,1:4:0:2:1:3:3:1:0,1:4:1:2:2:3:2:0:1,MUTATE
1:4:1:2:2:2:3:0:1:,clone,4687.1058209446865,1:4:1:2:1:2:3:0:1
1:4:0:2:2:2:2:1:1:,recombination,4117.757848721321,1:4:1:2:2:2:2:1:0,1:4:0:2:2:2:2:1:1
0:4:1:1:1:2:3:1:0:,clone,4588.1834722323265,1:4:1:2:1:2:3:1:0
0:3:1:2:2:1:2:0:0:,clone,4542.081885015888,0:4:1:2:2:1:2:0:0
2:4:0:3:3:0:1:0:2:,clone,4085.054528647989,2:4:0:3:3:0:1:0:2
0:4:1:2:2:2:2:1:0:,recombination,4303.990853518663,0:4:1:2:1:2:3:1:0,1:4:0:2:2:2:2:0:1
1:4:0:2:2:1:2:1:2:,clone,4531.763230476496,1:4:0:2:2:1:2:1:2
1:4:1:2:1:3:3:1:1:,recombination,4611.287041426255,1:4:1:2:2:1:1:0:1,1:4:0:2:2:3:2:1:1,MUTATE
0:4:1:2:1:2:3:1:0:,recombination,4513.123093252738,0:3:1:1:1:2:3:1:0,1:4:0:2:2:1:2:1:1,MUTATE
0:3:1:2:2:2:2:0:0:,recombination,4689.686440601554,0:3:0:1:1:3:3:1:0,0:4:1:3:3:1:2:0:0
0:3:1:2:2:1:2:0:0:,clone,4310.920250833696,0:4:1:2:2:1:2:0:0
0:4:1:2:2:3:3:1:0:,clone,5065.346015616282,0:4:1:2:2:3:3:1:0
1:4:1:4:4:0:0:0:2:,clone,4627.851433372559,2:4:0:3:4:0:0:0:2
1:4:0:2:2:2:2:1:1:,recombination,4080.711741251933,1:4:0:2:2:1:1:1:1,1:4:0:2:2:2:2:0:1,MUTATE
0:4:1:2:2:2:2:0:0:,recombination,4433.063973294348,0:4:1:2:2:2:2:0:0,2:4:0:3:2:2:2:1:2,MUTATE
0:4:1:1:1:3:3:1:0:,clone,4918.9703281356415,0:4:1:2:1:3:3:1:0
1:4:0:1:1:3:3:1:0:,clone,4794.27362749889,1:4:0:1:1:3:3:1:0
0:3:1:1:1:2:3:0:0:,recombination,4537.307055668735,0:3:1:2:2:2:3:0:0,1:3:0:1:1:3:3:1:0,MUTATE
0:3:0:1:1:3:3:1:0:,recombination,4338.218719841356,1:4:0:2:2:1:1:0:1,0:3:0:1:1:3:3:1:0
0:4:1:2:2:3:3:0:0:,clone,5460.675096008838,0:4:1:2:2:3:3:0:0
0:4:1:3:2:1:2:0:0:,clone,4894.522857680043,0:4:1:3:3:1:2:0:0
1:4:0:2:1:2:2:1:1:,recombination,4100.588123519535,1:4:0:1:1:3:3:1:1,1:4:1:2:1:2:3:1:1
0:3:1:1:0:4:4:1:0:,clone,5092.744661564649,0:3:1:1:0:4:4:1:0
1:4:0:3:3:0:0:0:2:,recombination,4103.76641038863,0:4:1:2:1:2:3:1:0,2:4:0:4:4:0:0:0:2
1:4:1:2:1:2:2:1:0:,recombination,4469.984334421803,0:4:1:2:1:3:3:1:0,0:4:1:2:2:2:2:0:0,MUTATE
0:3:1:1:1:3:3:0:0:,clone,4921.186657868935,0:3:1:1:1:3:3:0:0
1:4:1:2:2:1:1:0:1:,clone,4019.8599361404836,1:4:0:2:2:1:1:0:1
1:4:1:2:2:1:2:0:1:,recombination,4000.361259687599,1:4:1:2:2:1:2:1:1,0:4:1:2:1:2:3:1:0
0:4:1:2:1:2:3:0:0:,recombination,4545.355570096476,1:4:0:2:1:2:3:1:1,0:4:1:1:1:2:3:0:0,MUTATE
1:4:0:2:1:3:3:1:1:,recombination,4541.596821888687,1:4:1:1:1:3:3:1:1,1:4:0:3:2:2:2:1:1,MUTATE
2:4:1:3:3:1:1:0:2:,clone,4704.06628305573,2:4:1:3:3:1:1:0:2
0:4:1:2:2:2:2:1:0:,clone,4225.849531932507,0:4:1:2:2:2:2:1:0
0:3:0:1:1:2:3:1:0:,clone,4468.951775529584,0:3:0:1:1:2:3:1:0
0:3:1:1:0:4:4:1:0:,clone,5044.743617992079,0:3:1:1:0:3:4:1:0
0:2:1:1:1:4:4:1:0:,recombination,5903.12384373109,0:3:1:1:1:2:3:0:0,0:2:1:1:1:3:3:0:0,MUTATE
0:4:1:2:2:3:2:0:0:,recombination,4902.298972179354,0:3:1:1:1:2:3:0:0,0:4:1:2:1:3:3:0:0
1:4:0:1:1:3:3:1:0:,recombination,4713.839257814743,0:3:1:2:1:3:3:1:0,1:4:0:2:2:2:2:0:1
0:4:1:2:2:1:3:0:0:,clone,5230.095551057781,0:4:1:2:2:2:3:0:0
1:3:0:1:1:2:2:1:0:,recombination,4137.419028041726,1:4:0:2:2:2:2:1:1,1:4:0:2:2:1:2:1:1
1:4:1:2:1:2:2:1:1:,recombination,4365.65038854529,0:3:0:1:1:3:3:1:0,0:4:1:2:2:1:2:0:0,MUTATE
1:4:0:3:2:1:2:0:2:,clone,4913.452916546904,1:4:0:3:2:1:2:0:2
0:4:1:1:1:3:3:1:0:,recombination,4485.775391367559,0:3:1:2:1:2:2:0:0,1:4:1:2:1:2:3:1:0
0:3:0:1:1:3:3:1:0:,recombination,4143.686873389959,0:3:0:1:1:3:3:1:0,0:4:1:2:1:2:3:0:0,MUTATE
0:3:1:1:0:4:4:1:0:,clone,5001.942442424219,0:3:1:1:0:4:4:1:0
2:4:0:2:2:1:2:0:2:,recombination,4653.805426907695,2:4:0:3:3:1:2:1:2,2:4:0:3:2:2:2:0:2,MUTATE
0:3:1:1:1:2:3:1:0:,recombination,4328.2541150422885,1:4:1:2:2:2:3:0:1,0:3:1:1:1:2:3:1:0
1:3:0:1:1:3:3:1:0:,clone,4363.396933387912,1:4:0:1:1:3:3:1:1
0:4:1:2:1:2:3:1:0:,clone,4478.259461094241,0:3:1:1:1:2:3:1:0
0:3:1:2:1:3:3:0:0:,clone,5330.081517815138,0:4:1:2:2:3:3:0:0
1:4:0:2:2:2:2:1:2:,clone,4551.621937361416,2:4:0:2:2:2:2:1:2
1:4:1:1:1:2:3:1:0:,recombination,4313.018728924543,1:4:1:2:2:2:2:1:1,1:4:1:2:1:3:3:1:1
1:4:0:2:2:3:2:1:1:,recombination,4515.253095061025,0:3:0:1:1:3:3:1:0,1:4:0:2:2:1:1:1:1,MUTATE
1:4:1:3:3:2:1:1:1:,recombination,4408.415055478303,1:4:0:2:2:2:2:1:1,1:4:1:2:2:1:1:0:1,MUTATE
0:2:1:1:1:3:3:1:0:,clone,5380.908254159088,0:2:1:1:1:3:3:1:0
2:4:0:4:4:0:0:0:2:,clone,4112.639932556066,1:4:1:2:2:1:2:0:1
1:4:0:2:1:3:3:1:1:,recombination,4502.230335489666,1:4:1:2:1:3:3:1:0,1:4:0:3:3:1:1:0:2
1:4:1:1:1:3:3:1:0:,recombination,4378.451267770009,0:3:1:2:1:2:3:1:0,1:3:0:1:1:3:3:1:0
1:4:0:3:3:0:0:0:2:,recombination,3994.4168902620595,0:3:1:1:1:3:4:1:0,1:4:0:3:3:1:1:0:1
0:3:1:1:1:4:3:1:0:,recombination,4552.773642950036,1:4:0:2:2:3:2:1:1,0:3:1:1:0:3:4:1:0
1:4:1:2:1:2:3:1:1:,recombination,4382.831613294937,0:4:1:2:2:2:2:1:0,1:4:1:2:1:2:3:1:1
1:4:1:3:2:2:1:0:1:,clone,4569.5694863953195,1:4:1:3:3:2:1:0:1
1:4:0:2:2:2:1:0:1:,recombination,4111.981547276372,1:4:0:2:2:1:2:0:1,1:4:0:2:2:1:1:0:1
1:4:1:2:1:2:3:1:0:,recombination,4423.363932250686,1:4:0:2:1:3:3:1:1,1:4:1:2:2:2:2:1:0,MUTATE
0:3:1:2:2:2:2:0:0:,recombination,4340.478130788987,0:3:1:1:1:2:3:0:0,0:3:1:2:1:2:3:0:0
1:4:0:3:4:0:0:0:2:,recombination,4109.308456658639,1:4:0:3:3:0:0:0:2,1:4:0:2:2:2:3:1:1,MUTATE
1:4:0:3:3:1:2:0:2:,clone,4880.780424555047,1:4:0:3:3:1:2:0:2
1:4:1:1:1:2:3:0:1:,clone,4806.738256617013,1:4:1:1:1:2:3:0:1
1:3:0:1:1:2:3:1:0:,clone,4371.392706898691,1:4:0:1:1:2:3:1:1
0:3:1:1:1:3:3:1:0:,clone,4285.383788804409,0:4:1:1:1:3:3:1:0
0:4:1:2:2:2:2:0:0:,recombination,4392.703934154858,0:4:1:2:2:2:2:0:0,0:4:1:2:2:3:3:0:0,MUTATE
1:4:0:1:1:3:3:1:1:,recombination,4286.6616635693845,1:4:1:3:3:0:1:0:1,1:4:0:2:1:2:2:1:1
0:4:1:1:1:2:3:1:0:,clone,4580.773561934566,0:4:1:2:1:2:3:1:0
1:4:0:4:4:0:0:0:2:,clone,4158.49682742995,1:4:0:3:4:0:0:0:2
0:4:1:1:1:2:3:1:0:,clone,4210.979111409816,0:3:1:1:1:2:3:1:0
1:4:0:3:3:1:1:1:2:,clone,4518.474518807041,1:4:0:3:3:1:1:1:2
0:4:1:2:2:2:2:0:0:,recombination,4277.879748513363,0:4:1:2:2:1:2:0:0,0:4:1:2:1:2:3:0:0
1:4:1:3:2:2:2:0:1:,clone,4814.141818809394,1:4:0:3:2:2:1:1:1
2:4:0:3:3:2:2:0:2:,recombination,4728.373485898337,2:4:0:3:3:2:1:0:2,1:4:1:2:2:3:3:1:0,MUTATE
0:4:1:1:1:3:3:1:0:,recombination,4196.2302957161755,0:3:1:1:1:3:3:1:0,1:4:1:2:2:1:2:0:1
1:4:0:2:2:2:2:1:0:,recombination,4312.759987285253,1:4:0:2:2:3:3:1:0,1:4:0:1:1:3:3:1:1,MUTATE
1:4:0:1:1:2:3:1:0:,clone,4674.723472410265,0:3:1:1:1:3:3:1:0
1:4:1:3:3:0:1:0:1:,clone,3946.5945065901988,1:4:1:3:3:0:1:0:1
0:4:1:2:2:2:3:0:0:,recombination,4826.671879630804,0:3:1:1:1:2:3:0:0,1:4:0:3:2:2:1:1:1
0:3:1:1:1:3:3:1:0:,clone,4083.7835178116748,0:4:1:1:1:3:3:1:0
1:4:0:1:1:3:3:1:0:,clone,4522.211227580061,1:4:0:1:1:3:3:1:0
0:3:1:1:1:4:4:1:0:,clone,5768.4096299923385,0:3:1:1:1:4:4:1:0
1:4:0:2:1:3:2:1:1:,recombination,4250.204592142897,1:4:0:2:1:2:2:1:1,0:4:1:1:1:3:3:1:0
1:4:1:3:4:0:0:0:2:,clone,4540.719363915836,1:4:1:4:4:0:0:0:2
1:4:1:2:1:2:2:1:1:,clone,4247.730751746708,1:4:1:2:1:2:2:1:1
1:4:0:1:1:2:3:1:0:,clone,4537.514822125203,1:4:0:1:1:2:3:1:0
0:3:0:2:1:3:3:1:0:,clone,4454.022881920397,0:3:0:2:1:3:3:1:0
1:4:0:1:1:2:2:1:1:,recombination,4248.1111979796515,1:3:0:1:1:3:3:1:0,0:3:1:1:1:4:3:1:0,MUTATE
1:4:0:3:3:2:1:0:2:,recombination,4942.272713345059,1:4:0:2:2:1:2:1:2,0:4:1:2:2:2:3:0:0,MUTATE
0:4:1:1:1:3:4:1:0:,clone,6049.698226109794,0:4:1:1:1:3:4:1:0
1:4:0:2:1:2:2:1:1:,recombination,4040.0359245869745,1:4:0:2:1:3:2:1:1,1:4:0:2:2:2:1:0:1
1:4:0:1:1:3:3:1:0:,recombination,4473.8392803083425,1:4:0:2:1:2:2:1:1,0:4:1:1:1:2:3:1:0,MUTATE
0:3:1:1:1:3:3:1:0:,clone,4000.9506059332434,0:3:1:1:1:3:3:1:0
1:3:0:2:1:2:2:1:0:,clone,4366.620857961436,0:3:0:1:1:2:3:1:0
1:3:0:1:0:3:4:2:0:,clone,4732.698994739342,1:3:0:1:0:3:4:2:0
0:2:0:1:0:4:4:1:0:,recombination,5671.920641586959,1:4:0:2:2:2:3:1:1,0:3:1:1:1:4:4:1:0
0:3:1:1:0:4:3:1:0:,recombination,4387.111903958364,1:4:1:1:1:3:3:1:0,0:3:1:1:1:3:3:1:0,MUTATE
1:4:1:2:1:3:3:1:0:,clone,4541.9499939625985,1:4:1:2:1:2:2:1:0
1:4:0:1:1:2:2:1:1:,clone,4206.6179041695905,1:4:0:2:2:2:2:1:1
1:4:1:2:2:3:3:1:1:,clone,4665.246311916241,1:4:1:2:1:3:3:1:0
1:4:1:3:3:1:1:0:2:,recombination,5085.707033894412,2:4:1:3:3:1:1:0:2,1:4:1:2:2:2:2:1:1
1:4:1:3:4:0:0:0:1:,clone,4034.4947585489467,1:4:1:4:4:0:0:0:1
2:4:0:2:2:1:2:1:2:,recombination,4607.668627095317,2:4:0:2:2:1:2:0:2,1:4:1:1:1:3:3:1:0,MUTATE
0:3:1:2:1:3:3:1:0:,clone,4888.042863303782,0:3:1:2:1:3:3:1:0
0:4:1:1:1:2:3:0:0:,recombination,4550.447891181027,0:2:1:0:0:4:4:1:0,1:4:0:3:3:1:1:0:2,MUTATE
2:4:0:3:4:0:1:0:2:,clone,4706.505809172411,2:4:0:3:3:0:1:0:2
0:3:1:1:1:3:4:1:0:,recombination,4643.43289933333,1:4:0:1:1:3:3:1:1,0:3:1:2:2:2:3:0:0,MUTATE
1:4:0:2:2:1:1:1:1:,recombination,4273.778236292349,1:4:0:3:3:1:1:1:1,1:4:1:2:1:2:3:1:0
0:3:1:2:1:2:3:0:0:,recombination,4606.512391758461,0:4:1:2:2:2:3:1:0,0:4:1:2:1:2:3:1:0,MUTATE
0:4:1:2:2:1:3:0:0:,recombination,5053.390225295094,0:3:1:2:1:1:3:0:0,1:4:0:2:2:2:3:1:0,MUTATE
1:4:0:3:3:1:1:0:2:,clone,4085.054528647989,1:4:0:3:3:1:1:0:2
0:3:1:1:0:3:4:1:0:,clone,4660.177187974351,0:3:1:1:1:3:3:1:0
0:3:1:1:0:3:3:1:0:,clone,4360.054867277094,0:3:1:1:0:3:4:1:0
1:3:0:2:2:2:2:1:0:,clone,4363.589258298883,1:3:0:2:1:2:2:1:0
1:4:0:2:2:3:3:1:0:,clone,5109.248246448383,1:4:0:2:2:3:3:1:0
1:4:0:3:3:1:1:0:2:,clone,4085.0545286479887,1:4:0:3:3:1:1:0:2
1:4:0:1:1:2:3:1:0:,recombination,4321.740149025249,1:4:0:1:1:2:3:1:1,0:3:1:2:1:2:3:1:0,MUTATE
0:2:1:0:0:4:4:1:0:,clone,4913.8664498822,0:2:1:0:0:4:4:1:0
0:2:1:1:0:3:4:1:0:,recombination,4572.397772371107,0:3:1:1:1:3:3:1:0,1:4:1:2:1:3:3:1:0,MUTATE
1:4:1:2:2:1:2:1:1:,recombination,4145.60629321223,0:4:1:2:2:2:2:1:0,0:3:1:2:1:2:3:1:0
0:3:1:1:1:2:3:0:0:,clone,4463.165830661944,0:4:1:1:1:2:3:0:0
0:3:1:1:1:3:4:1:0:,clone,4617.860930641337,0:3:1:1:1:3:3:1:0
0:3:1:2:1:2:2:1:0:,recombination,4378.947450873673,1:4:0:2:2:2:3:1:0,1:4:0:3:3:1:1:1:1
2:4:0:3:3:0:1:0:2:,recombination,4085.0545286479887,1:4:0:2:1:2:2:1:1,1:4:0:3:3:1:1:0:2
1:4:0:1:1:2:3:1:1:,clone,4040.0359245869745,1:4:0:2:1:2:2:1:1
0:3:1:1:0:3:3:1:0:,recombination,4279.406890012353,0:3:1:1:1:2:3:0:0,1:4:0:2:2:1:2:0:1
0:3:1:2:1:3:3:1:0:,clone,4542.875592126482,0:3:0:2:2:2:2:1:0
0:3:0:2:2:2:2:1:0:,recombination,4414.257717846415,1:4:0:2:2:2:3:1:1,0:3:0:2:1:2:3:1:0,MUTATE
0:3:1:0:0:4:4:1:0:,recombination,4889.58362101882,0:3:1:1:1:3:3:1:0,1:4:1:2:2:2:2:1:1
0:3:1:1:0:4:4:1:0:,clone,4980.357239591695,0:3:1:1:0:4:4:1:0
0:3:1:1:0:3:4:0:0:,clone,6567.179105588692,0:3:1:1:1:3:4:0:0
1:4:1:1:1:3:4:1:0:,clone,5602.564708960007,1:4:1:1:1:3:4:1:0
1:4:1:2:2:2:1:0:1:,clone,4355.144783163697,1:4:1:2:2:2:2:0:1
1:4:0:2:1:2:2:1:0:,recombination,4537.194515736194,0:3:1:2:2:3:3:0:0,1:4:0:1:1:2:3:1:1
1:4:1:2:1:2:2:1:0:,recombination,4199.328867115988,0:4:1:2:2:2:2:1:0,1:4:0:2:2:1:2:1:2
0:2:1:1:0:3:4:0:0:,recombination,6567.179105588692,0:3:1:1:0:3:4:0:0,1:4:0:3:3:2:2:1:1
0:3:1:1:0:3:4:1:0:,clone,4316.8076756255905,0:3:1:1:0:4:4:1:0
1:3:0:1:1:2:3:1:0:,clone,4040.0359245869745,1:3:0:1:1:2:3:1:0
0:4:1:2:2:1:2:1:0:,recombination,4122.154044598242,1:4:0:2:2:1:1:0:1,0:4:1:1:1:3:3:1:0
1:4:1:1:1:3:3:1:0:,recombination,4158.17383187164,1:4:1:1:1:3:3:1:0,1:4:0:2:2:1:2:0:1,MUTATE
0:3:1:1:0:4:4:1:0:,clone,4808.863605587919,0:3:1:1:0:4:4:1:0
0:2:1:1:1:3:4:1:0:,recombination,5367.687500389015,0:3:1:1:0:4:4:1:0,0:2:1:1:1:3:4:1:0
0:3:1:1:1:3:4:0:0:,recombination,5973.734707814633,1:4:1:2:2:2:3:1:1,0:2:1:1:1:3:3:0:0,MUTATE
0:4:1:2:2:2:3:1:0:,clone,4786.011599723841,0:4:1:2:1:2:3:1:0
1:4:1:3:3:1:2:0:2:,clone,5398.681606760179,1:4:1:3:3:1:2:0:2
0:3:1:1:0:4:4:1:0:,clone,4338.80298214786,0:3:1:1:0:4:4:1:0
0:4:1:2:1:3:3:0:0:,clone,5119.035384765133,0:4:1:2:1:3:3:0:0
0:2:1:1:0:4:4:2:0:,clone,4684.112562094258,0:2:1:1:1:4:4:2:0
0:2:1:1:1:3:4:2:0:,recombination,4950.410953046494,1:4:0:2:2:3:2:1:1,1:4:0:2:2:2:2:1:0,MUTATE
0:3:1:1:1:3:3:0:0:,clone,4836.595394943201,0:3:1:1:1:3:3:0:0
0:4:1:1:1:4:3:1:0:,clone,5723.006201949957,0:4:1:1:1:4:3:1:0
0:2:1:0:0:4:4:1:0:,clone,4879.635359746353,0:2:1:0:0:4:4:1:0
0:2:0:1:1:3:3:1:0:,recombination,4583.158357151906,0:4:1:3:2:2:2:0:0,0:3:1:1:0:4:4:1:0
1:4:1:2:3:1:1:0:1:,clone,3978.8323755244623,1:4:1:3:3:0:1:0:1
0:3:0:1:0:4:4:2:0:,clone,4732.698994739343,0:3:0:1:0:4:4:2:0
0:4:1:1:0:3:4:1:0:,recombination,5553.666180914192,1:4:0:1:1:3:3:1:1,0:4:1:1:1:3:4:1:0
1:4:0:3:3:0:1:0:2:,clone,4091.57419519511,2:4:0:3:3:0:1:0:2
0:4:1:1:1:3:3:0:0:,clone,5202.204706490928,0:4:1:2:1:2:3:0:0
0:3:1:1:1:2:3:1:0:,recombination,4170.7004376393015,1:4:1:2:2:1:2:0:1,0:3:1:2:2:2:2:0:0
0:3:1:1:0:4:4:2:0:,recombination,5084.126635841406,0:2:1:1:1:3:4:2:0,1:4:0:3:2:2:2:0:1,MUTATE
0:3:1:1:0:3:3:1:0:,recombination,3997.1541421912207,0:3:1:1:0:4:4:1:0,1:4:1:2:1:2:3:1:1
1:4:0:3:3:2:1:1:1:,recombination,4501.16439423449,1:4:0:3:3:1:1:1:1,0:2:1:0:0:4:4:1:0,MUTATE
0:3:1:2:2:2:3:0:0:,recombination,4909.644580261181,1:4:0:3:3:2:1:0:1,0:3:1:1:1:3:3:0:0,MUTATE
1:4:0:2:2:2:2:1:0:,clone,4119.905798201401,1:4:0:2:2:2:2:1:0
0:3:0:1:1:2:3:1:0:,recombination,4163.5668837907615,1:4:0:2:2:2:2:1:0,0:3:0:2:1:3:3:1:0
0:3:0:1:0:3:4:1:0:,recombination,5383.078839125234,0:2:1:1:0:3:4:0:0,1:3:0:1:1:3:3:2:0,MUTATE
1:4:1:1:1:2:3:0:1:,recombination,4707.5115914237895,1:4:1:1:1:3:3:1:1,0:3:1:2:2:2:3:0:0
0:3:1:1:0:4:4:2:0:,clone,4835.59732295594,0:3:1:1:0:4:4:2:0
1:4:1:3:3:1:1:0:1:,clone,3926.1226837826716,1:4:1:2:3:1:1:0:1
0:3:1:0:0:4:4:1:0:,clone,4338.80298214786,0:3:1:0:0:4:4:1:0
0:3:0:1:0:3:4:2:0:,recombination,4990.179544736052,1:4:0:1:1:3:3:1:0,0:4:1:2:1:2:3:0:0
0:2:1:0:0:4:4:2:0:,clone,4835.59732295594,0:3:1:1:0:4:4:2:0
0:3:1:0:0:4:4:1:0:,clone,4136.683717446043,0:3:1:0:0:4:4:1:0
1:4:0:2:1:2:3:1:0:,clone,4570.432787088716,1:4:0:2:1:2:3:1:0
1:4:1:3:3:1:1:1:1:,recombination,4580.9536505382775,1:3:0:2:2:3:3:1:0,1:4:1:2:3:1:1:0:1,MUTATE
0:2:1:1:1:3:4:1:0:,recombination,5130.133601610952,0:2:1:1:1:3:4:1:0,0:2:1:1:1:3:4:1:0,MUTATE
0:3:0:1:0:4:4:1:0:,recombination,4957.786322570501,1:4:0:2:2:3:2:1:1,0:3:1:1:0:4:4:1:0,MUTATE
0:3:1:1:1:4:4:1:0:,clone,5567.902835710013,0:3:1:1:1:4:4:1:0
0:3:1:2:2:2:2:0:0:,recombination,4117.8677973456615,1:4:1:4:4:0:0:0:1,0:3:1:1:1:3:4:1:0
0:3:1:2:1:2:3:0:0:,recombination,4500.900548781536,0:3:1:1:1:3:3:0:0,0:3:0:2:1:3:3:1:0,MUTATE
1:4:1:3:2:1:2:0:1:,recombination,4773.202973980497,1:4:1:3:3:1:1:0:2,1:4:1:1:1:2:3:1:1
1:4:1:2:2:2:2:1:1:,recombination,4109.637060992554,0:3:1:1:0:3:4:1:0,1:4:0:3:3:1:1:0:2
0:3:1:1:0:3:4:1:0:,recombination,4101.394688510001,0:2:1:1:0:3:4:1:0,1:4:0:2:2:3:2:1:1
0:3:0:1:1:3:3:2:0:,recombination,4567.3150567291805,0:2:1:1:0:4:4:2:0,2:4:0:3:3:2:1:1:2,MUTATE
0:2:1:1:1:3:3:1:0:,clone,5015.807458431264,0:2:1:1:1:3:4:1:0
1:4:1:2:2:2:2:0:1:,recombination,4177.9369242066205,0:3:1:2:2:2:3:0:0,1:4:1:1:1:2:3:1:1,MUTATE
0:3:1:0:0:4:4:2:0:,recombination,4789.172173729595,1:4:1:2:2:2:2:1:1,0:3:0:1:0:3:4:2:0
0:3:0:1:0:4:4:2:0:,clone,4614.009111865441,0:3:0:1:1:3:3:2:0
0:2:1:0:0:4:4:2:0:,recombination,4217.942980831124,1:4:1:2:2:2:3:0:1,0:3:1:1:1:3:3:1:0,MUTATE
0:3:0:1:1:3:3:2:0:,clone,4421.513397090969,0:3:0:1:1:3:3:2:0
0:2:1:0:0:4:4:1:0:,recombination,4305.6685091805975,0:3:1:0:0:4:4:1:0,1:4:0:2:2:3:3:1:1
0:2:0:1:0:4:4:1:0:,recombination,4792.032838984119,1:4:0:2:1:3:3:1:1,0:3:1:2:1:2:2:0:0,MUTATE
1:4:0:3:3:2:1:1:2:,clone,4732.698994739341,1:4:0:3:3:2:1:1:2
1:4:0:2:1:3:3:1:0:,recombination,4651.5800558244755,1:4:1:2:1:2:3:1:0,1:4:0:3:3:2:1:1:1,MUTATE
1:3:0:2:1:3:3:1:0:,clone,4744.586159707607,1:3:0:2:1:3:3:1:0
1:4:0:2:1:3:2:1:0:,recombination,4170.582013838736,1:4:0:3:3:1:1:0:1,0:2:1:0:0:4:4:1:0,MUTATE
0:2:1:1:1:3:3:1:0:,recombination,4505.6601044363,0:3:1:2:2:2:2:0:0,0:2:1:0:0:4:4:2:0,MUTATE
1:4:1:2:1:3:2:1:1:,clone,4337.623407468373,1:4:1:2:1:3:2:1:1
1:4:1:3:3:1:1:0:2:,clone,4861.233367184467,1:4:1:3:3:1:1:0:2
0:2:1:1:0:3:4:1:0:,clone,4298.819344659689,0:2:1:1:0:3:4:1:0
0:2:1:1:0:4:4:1:0:,clone,4594.648299110368,0:2:1:1:1:3:3:1:0
0:3:1:1:0:4:4:2:0:,recombination,4311.942201954559,0:3:1:1:0:4:4:1:0,0:3:0:1:1:2:3:1:0
0:3:0:1:1:4:3:1:0:,recombination,4746.3024125840775,1:4:1:2:2:2:2:1:1,0:2:0:1:0:4:4:1:0,MUTATE
1:4:1:1:1:2:3:1:1:,recombination,4206.757123523578,0:2:1:1:0:3:4:1:0,1:4:0:3:2:2:2:0:1,MUTATE
1:4:1:2:1:2:2:1:1:,recombination,4236.654787697507,1:4:0:3:3:1:1:1:1,1:4:1:1:1:2:3:1:1
0:2:0:1:1:3:3:2:0:,clone,4290.174477946747,0:3:0:1:1:3:3:1:0
0:2:0:1:1:3:3:1:0:,clone,4467.0594131805055,0:2:0:1:1:3:3:2:0
0:3:0:1:1:2:3:1:0:,recombination,4025.3278892946423,0:4:1:2:2:1:2:1:0,1:4:0:3:3:0:0:0:1,MUTATE
0:4:1:2:2:2:3:1:0:,clone,4783.625855875897,0:4:1:2:2:2:3:1:0
1:4:0:2:2:2:2:1:1:,recombination,4054.7095699272286,1:4:0:2:2:2:1:0:1,1:4:1:2:2:2:2:0:1
1:4:1:2:1:2:2:1:1:,recombination,4201.684174944403,1:4:1:1:1:2:3:1:1,1:4:0:2:2:2:2:0:2
1:4:0:1:1:3:3:1:0:,recombination,4386.191888337179,0:3:0:1:1:2:3:1:0,1:4:1:2:2:3:2:1:1,MUTATE
0:4:1:1:1:2:3:1:0:,recombination,4120.504937319317,1:4:1:2:2:2:2:1:1,0:4:1:2:2:1:3:0:0
0:2:0:0:0:4:4:2:0:,clone,4800.398480832255,0:2:0:1:0:4:4:2:0
0:2:1:1:1:3:3:1:0:,recombination,4334.526597190031,1:4:1:2:2:1:1:0:1,0:3:1:0:0:4:4:1:0
1:4:0:2:2:3:2:1:1:,clone,4401.017642319488,1:4:0:2:1:3:3:1:1
0:2:0:1:0:4:4:2:0:,recombination,4800.398480832254,0:4:1:2:1:2:3:0:0,1:4:0:2:1:2:3:1:1
0:2:1:1:1:3:3:1:0:,clone,4318.341104578895,0:2:1:1:1:3:3:1:0
1:4:1:1:1:2:3:1:0:,recombination,4236.2577297069265,1:4:0:2:2:2:3:1:1,1:4:1:2:2:1:2:1:1,MUTATE
1:4:0:2:2:1:1:1:1:,recombination,4199.958465745179,1:4:1:2:2:3:3:1:1,1:4:0:2:2:1:1:1:1,MUTATE
0:3:0:2:2:2:2:0:0:,recombination,4193.4294819250845,0:4:1:2:1:2:3:1:0,0:3:1:1:1:2:3:1:0,MUTATE
0:3:1:1:1:2:3:1:0:,clone,4151.675670193078,0:3:1:1:1:2:3:1:0
0:3:0:1:1:3:4:1:0:,clone,4844.72237331575,0:3:0:1:1:3:4:1:0
1:4:0:2:2:1:2:0:2:,clone,4902.504549729692,1:4:0:2:2:1:2:0:1
0:3:1:1:1:4:4:1:0:,clone,5319.648066695625,0:3:1:1:1:4:4:1:0
0:2:0:0:0:4:4:1:0:,clone,4792.032838984119,0:2:0:0:0:4:4:1:0
1:4:0:2:2:1:2:1:1:,clone,4090.0660733182544,1:4:0:2:2:1:1:0:1
1:4:1:1:1:2:3:1:0:,clone,4212.493499676844,1:4:1:1:1:2:3:1:1
1:4:0:2:2:3:2:1:1:,clone,4401.017642319487,1:4:0:2:2:3:2:1:1
1:4:1:2:2:2:1:0:1:,recombination,4355.144783163696,1:4:1:2:1:2:3:1:1,1:4:1:2:2:2:1:0:1
1:4:1:2:2:3:2:1:1:,recombination,4682.219009589073,1:4:0:2:2:1:2:0:1,1:4:0:3:3:1:1:0:1,MUTATE
1:4:1:3:3:1:1:0:2:,clone,4813.131827369406,1:4:1:3:3:1:1:0:1
1:4:1:3:3:0:0:0:1:,clone,3836.9997832829117,1:4:1:3:3:0:0:0:1
2:4:0:3:2:2:2:0:2:,clone,4962.749613872494,2:4:0:3:2:2:2:0:2
1:4:0:3:3:1:1:0:1:,clone,3990.234711756954,1:4:0:2:3:1:1:0:1
1:4:1:3:3:2:1:0:1:,clone,4422.336657391471,1:4:1:2:2:2:1:0:1
0:3:1:1:1:4:3:1:0:,recombination,4532.425816501258,0:2:1:0:0:4:4:1:0,1:4:0:3:3:2:2:1:1,MUTATE
0:2:0:0:0:4:4:2:0:,clone,4762.372711493764,0:2:0:0:0:4:4:1:0
1:4:1:1:1:2:3:1:0:,recombination,4182.772154243655,0:4:1:1:1:2:3:1:0,0:3:1:2:2:1:2:0:0,MUTATE
1:4:1:1:1:2:2:1:1:,clone,4203.997639084266,1:4:1:2:2:2:2:1:1
0:3:0:2:1:2:3:1:0:,recombination,4540.185360367404,0:3:1:2:2:2:3:0:0,0:3:0:1:1:3:3:1:0,MUTATE
1:4:0:2:2:1:2:1:1:,recombination,4051.523964382295,2:4:0:3:3:0:1:0:2,1:4:1:1:1:2:3:1:0,MUTATE
0:4:1:2:1:2:3:1:0:,recombination,4368.2530287634745,1:4:1:2:2:2:2:1:1,0:3:1:2:2:3:3:0:0
1:4:1:4:4:0:1:0:1:,clone,5260.570145979684,0:4:1:3:4:1:1:0:1
0:2:1:1:0:3:4:1:0:,recombination,4081.7210651488394,0:3:1:1:0:3:4:1:0,1:4:0:2:1:2:2:1:1
1:4:0:3:3:1:2:0:2:,clone,4733.581122168019,1:4:0:3:2:1:2:0:2
1:4:1:2:1:3:3:0:1:,clone,5434.098674307035,1:4:1:2:1:3:3:0:1
0:2:0:1:0:3:4:1:0:,recombination,4879.916723091815,1:4:0:3:3:1:1:0:2,1:4:0:2:1:3:3:1:1,MUTATE
0:2:1:1:0:3:4:2:0:,recombination,4196.625089293649,1:4:0:2:2:1:1:0:1,1:4:1:2:2:1:2:0:1
1:4:0:2:2:3:3:0:1:,clone,5651.980916064189,1:4:1:2:2:3:3:0:1
0:2:0:1:0:3:4:2:0:,clone,4460.511723014228,0:2:0:1:0:3:4:2:0
1:4:1:3:3:1:1:0:2:,clone,4764.867794676437,1:4:1:3:3:1:1:0:2
1:4:0:2:2:1:1:0:1:,recombination,3901.448646642783,0:4:1:2:1:3:3:1:0,1:4:0:3:3:1:1:0:1
1:4:0:2:2:2:3:0:1:,recombination,4967.130596013387,0:3:1:1:1:3:4:0:0,1:4:0:3:3:1:2:0:1
0:2:0:1:1:4:4:1:0:,recombination,5076.788718070537,1:3:0:2:1:3:3:1:0,0:3:1:1:1:4:4:1:0,MUTATE
1:4:1:1:1:2:2:1:1:,clone,4201.684174944403,1:4:1:1:1:2:2:1:1
0:2:1:0:0:3:4:2:0:,recombination,4458.289391670847,1:4:0:1:1:3:3:1:0,0:4:1:2:1:2:3:0:0,MUTATE
0:4:1:2:2:3:2:1:0:,clone,4515.885615434221,1:4:1:2:2:3:2:1:0
0:3:1:1:0:4:3:2:0:,recombination,4368.080272132544,0:3:1:1:1:4:3:1:0,1:4:0:2:2:3:2:1:1,MUTATE
0:3:0:2:2:2:2:1:0:,recombination,4266.544633756975,0:2:1:1:1:3:3:1:0,1:4:1:4:4:0:0:0:2
0:2:0:1:0:3:3:1:0:,recombination,4388.306038530973,0:2:1:1:1:3:3:1:0,0:4:1:1:1:3:3:1:0
0:3:1:2:2:2:3:1:0:,recombination,4755.471605657962,0:4:1:2:2:3:3:1:0,1:4:1:1:1:3:3:1:0
0:3:1:1:1:4:4:1:0:,recombination,5163.564624222862,0:4:1:2:1:2:3:0:0,2:4:0:3:4:0:1:0:2
1:4:1:2:2:2:3:1:0:,recombination,4889.305318473635,1:4:0:2:2:1:1:0:1,0:4:1:2:2:2:3:1:0
1:4:0:2:2:3:3:0:1:,recombination,5231.041594593032,1:4:1:2:1:3:3:0:1,2:4:0:3:3:1:2:1:2
0:3:1:1:0:3:4:2:0:,recombination,4806.064688690732,1:4:0:3:2:2:2:0:1,1:4:1:2:2:1:2:0:1,MUTATE
0:2:0:1:0:3:4:1:0:,clone,4460.511723014228,0:2:0:1:0:3:4:1:0
0:3:1:0:0:3:4:1:0:,clone,4342.295849643069,0:3:1:1:1:3:3:1:0
0:3:1:1:1:4:4:1:0:,recombination,5125.86004876747,0:4:1:2:1:2:3:1:0,0:4:1:2:2:2:2:1:0,MUTATE
0:3:1:1:1:2:3:0:0:,clone,4082.6891053309446,0:3:1:1:1:2:3:0:0
0:3:1:0:0:4:4:2:0:,clone,4736.249802538073,0:3:1:0:0:4:4:2:0
1:4:1:3:3:0:1:0:1:,recombination,3853.30563879945,1:4:1:3:3:0:0:0:1,1:4:0:1:1:2:2:1:1,MUTATE
1:4:1:2:2:2:2:1:0:,clone,4298.2504143847755,1:4:1:2:2:2:2:1:0
0:3:1:1:1:3:4:0:0:,clone,5928.783716936927,0:3:1:1:0:3:4:0:0
1:4:1:2:1:2:2:1:0:,recombination,4121.860070897246,1:4:0:2:1:2:3:1:0,1:4:1:3:3:0:0:0:1,MUTATE
0:2:1:0:0:3:4:1:0:,recombination,4628.184497036622,0:4:1:2:2:1:2:1:0,0:4:1:2:2:2:2:1:0
1:4:0:2:2:3:2:0:1:,clone,5398.648564279826,1:4:0:2:2:3:3:0:1
0:2:1:1:1:3:3:1:0:,recombination,4010.7480087016966,0:3:1:1:0:4:4:1:0,0:3:1:1:1:2:3:0:0
1:4:1:1:1:3:4:1:0:,clone,5395.155156304047,1:4:1:1:1:3:4:1:0
0:3:1:2:1:2:3:1:0:,recombination,4598.467277312043,1:4:1:2:2:2:2:1:0,0:3:1:1:0:3:3:1:0
0:2:1:0:0:3:4:1:0:,clone,4583.377252408464,0:2:1:0:0:4:4:1:0
0:3:1:2:2:3:3:0:0:,recombination,5452.036460991468,0:3:1:1:1:3:4:0:0,0:3:1:2:2:3:3:0:0
0:3:1:1:1:3:4:0:0:,clone,5808.94492868515,0:3:1:1:1:3:4:0:0
1:4:0:2:2:1:2:0:1:,clone,4114.993196005552,1:4:0:2:2:1:1:0:1
0:3:1:1:1:2:3:1:0:,clone,4035.545040363557,0:3:1:1:1:2:3:1:0
0:3:1:0:0:4:4:2:0:,recombination,4644.138401637386,0:3:1:1:0:3:4:1:0,1:3:0:1:1:3:3:2:0,MUTATE
0:3:1:1:1:4:4:1:0:,clone,4936.32621470973,0:3:1:1:1:4:4:1:0
1:4:0:2:2:3:2:1:0:,recombination,4499.480940091754,1:4:0:3:3:1:1:1:1,1:4:0:1:1:3:3:1:0
0:3:0:1:0:3:4:2:0:,recombination,4732.698994739341,1:4:0:1:1:3:3:1:0,1:3:0:1:0:3:4:2:0
0:3:1:1:1:4:4:1:0:,clone,4758.618062474201,0:3:1:1:1:4:4:1:0
0:2:1:1:1:3:3:1:0:,clone,3893.4682788279715,0:2:1:1:1:3:3:1:0
0:4:1:2:2:2:2:1:0:,clone,4206.5919824044795,1:4:1:2:2:2:2:1:0
1:4:1:2:2:3:2:1:1:,clone,4676.4660448744235,1:4:0:2:2:2:2:1:1
0:3:1:1:1:3:3:2:0:,clone,4792.142111637674,0:3:1:1:1:3:3:1:0
1:4:0:3:3:0:0:0:1:,recombination,4169.975414142012,0:4:1:3:3:1:2:0:1,1:4:0:3:3:1:1:1:2
1:4:0:2:1:3:3:1:0:,recombination,4592.1638773756085,1:4:0:3:2:2:2:1:1,1:4:0:2:2:3:3:1:1
1:4:0:3:3:2:1:0:1:,recombination,4490.648497123363,1:4:0:3:2:1:2:0:1,0:3:1:2:1:2:3:1:0,MUTATE
1:4:1:4:4:0:1:0:1:,clone,5109.434369031485,1:4:1:4:4:0:1:0:1
1:4:0:1:1:2:3:0:1:,recombination,5027.051769670225,1:4:0:2:2:2:3:0:1,1:4:1:2:2:3:3:1:1,MUTATE
1:4:1:1:0:3:4:1:0:,recombination,4615.369791608099,1:4:0:3:3:0:0:0:2,0:3:1:0:0:4:4:2:0
1:4:0:2:2:3:2:1:1:,clone,4339.879929953938,1:4:0:2:2:3:2:1:1
0:4:1:1:1:4:3:1:0:,recombination,5545.998564860776,1:4:0:3:3:2:2:1:1,0:4:1:1:1:4:3:1:0,MUTATE
1:4:0:2:2:3:2:1:0:,clone,4362.200467356199,1:4:0:2:2:3:2:1:0
1:4:0:2:2:2:2:0:1:,clone,4115.169648800487,1:4:0:2:2:2:2:0:1
1:3:0:2:2:2:3:1:0:,recombination,4725.981936573604,1:4:0:3:3:0:1:0:1,1:4:1:2:1:3:3:1:0,MUTATE
1:4:0:2:2:2:3:0:1:,recombination,4936.40285301516,2:4:0:3:3:1:1:0:2,1:4:0:3:3:1:1:0:1,MUTATE
0:3:1:1:1:4:4:2:0:,recombination,4914.80129288573,0:4:1:2:1:2:3:0:0,1:4:0:1:1:3:3:1:0,MUTATE
0:3:1:1:1:3:4:0:0:,clone,5630.079795185721,0:3:1:1:1:3:4:0:0
0:2:1:1:0:4:4:1:0:,clone,4556.414542936642,0:2:1:1:0:4:4:1:0
1:4:0:2:2:2:2:0:1:,clone,4098.963186645845,1:4:0:2:2:2:2:0:1
0:3:1:0:0:4:4:2:0:,clone,4531.691623732885,0:3:1:0:0:4:4:2:0
1:4:1:1:1:3:4:1:0:,clone,5385.792073717343,0:4:1:1:0:3:4:1:0
1:4:0:2:2:3:3:1:0:,clone,4693.050206123418,1:4:0:2:2:3:3:1:0
0:2:0:1:0:4:4:2:0:,recombination,4769.071413053145,1:4:0:2:1:3:3:1:1,1:4:0:2:1:3:3:1:0
1:4:0:2:2:2:3:0:1:,clone,4822.790929040147,1:4:0:2:2:2:3:0:1
1:4:1:1:1:2:3:1:1:,recombination,4144.049155103829,1:4:1:2:2:2:3:0:1,1:4:0:2:2:2:2:0:1
1:4:0:2:1:3:3:1:0:,recombination,4339.879929953939,1:4:0:2:2:3:2:1:0,1:4:0:1:1:2:3:1:1,MUTATE
1:4:0:2:2:2:3:0:1:,clone,4822.790929040146,1:4:0:2:2:2:3:0:1
0:2:1:1:1:3:4:1:0:,recombination,5128.084444352057,1:3:0:1:1:3:3:1:0,0:3:0:2:2:2:3:1:0,MUTATE
0:3:1:3:3:1:1:0:0:,recombination,4589.990934013547,1:4:0:3:3:0:1:0:1,1:4:0:2:1:2:3:0:1,MUTATE
1:4:0:1:1:2:2:1:1:,recombination,4026.566762977538,1:4:0:2:2:2:2:0:1,1:4:0:1:1:2:3:1:1
0:2:1:1:0:4:4:1:0:,clone,4490.293052514756,0:2:1:1:0:4:4:1:0
0:4:1:1:1:3:4:1:0:,recombination,5771.3269623379365,1:4:1:2:2:2:3:1:1,1:4:1:1:1:3:4:1:0,MUTATE
0:2:1:0:0:3:4:1:0:,recombination,4551.389777685515,1:4:1:2:1:2:2:1:1,1:4:1:2:2:3:3:0:1,MUTATE
0:4:1:2:2:1:2:0:0:,recombination,4179.999228856646,0:3:1:1:0:3:4:1:0,0:4:1:3:3:1:1:0:0,MUTATE
0:2:1:1:0:3:3:1:0:,recombination,4427.965962117203,0:2:0:1:0:3:4:2:0,0:2:1:1:1:3:3:1:0
1:4:1:1:1:2:2:1:1:,clone,4040.72205107127,1:4:1:1:1:2:2:1:1
0:4:1:2:1:3:3:1:0:,recombination,4810.813674427903,1:4:0:2:1:2:3:1:1,1:4:1:2:2:3:2:1:0
0:1:1:0:0:4:4:1:0:,clone,5576.101519926703,0:2:1:0:0:4:4:1:0
0:2:1:1:1:2:3:1:0:,recombination,4894.347219363127,0:3:1:3:3:1:1:0:0,0:4:1:1:1:2:3:1:0
1:4:1:2:1:2:2:1:1:,clone,4135.750583094415,1:4:1:1:1:2:2:1:1
0:4:1:2:2:1:1:0:0:,clone,4191.286126139405,0:4:1:2:2:1:2:0:0
0:2:1:0:0:3:4:1:0:,recombination,4531.368851069224,1:4:0:1:1:2:2:1:1,0:2:1:1:0:3:4:2:0,MUTATE
1:4:1:4:4:0:1:0:1:,clone,4923.284892639485,1:4:1:4:4:0:1:0:1
1:3:0:2:1:3:3:1:0:,recombination,4533.013868923741,0:2:1:1:1:3:4:1:0,1:4:0:2:2:3:3:1:1,MUTATE
0:3:1:1:1:3:4:0:0:,clone,5285.132361619624,0:3:1:1:1:3:4:0:0
0:3:1:2:1:3:3:0:0:,recombination,5131.370623207616,0:4:1:3:3:1:2:0:1,0:3:0:1:0:4:4:2:0
0:2:1:1:1:4:4:1:0:,clone,5407.011007747655,0:2:1:1:0:4:4:1:0
1:4:0:1:1:3:3:0:1:,clone,5413.2576896259525,1:4:0:1:1:3:3:0:1
0:4:1:2:2:3:3:1:0:,clone,4827.109253444443,0:4:1:2:1:3:3:1:0
0:1:1:0:0:4:4:2:0:,recombination,5323.433232042402,1:4:0:2:2:2:2:1:1,0:3:1:1:1:3:3:1:0
1:4:1:1:1:2:3:0:1:,recombination,4463.656595381637,1:4:0:3:3:1:2:0:2,1:4:0:2:2:2:2:1:1,MUTATE
0:2:0:0:0:3:4:2:0:,clone,4402.502999491414,0:2:1:0:0:3:4:1:0
0:3:1:2:1:3:3:0:0:,clone,5131.113428242154,0:3:1:2:1:3:3:0:0
0:1:1:0:0:4:4:2:0:,recombination,5304.5891454685225,1:4:0:2:1:3:3:1:1,0:3:1:1:1:3:3:1:0
0:3:0:1:1:3:3:2:0:,recombination,4386.191888337179,1:4:0:1:1:3:3:1:0,1:4:1:2:2:3:3:0:1,MUTATE
1:4:1:1:1:2:2:1:0:,clone,4155.024548098057,1:4:1:1:1:2:2:1:1
0:3:0:1:1:3:3:0:0:,clone,5027.051769670225,0:3:0:1:1:3:3:1:0
0:4:1:2:1:3:3:1:0:,clone,4768.600632066096,0:3:1:1:1:3:3:1:0
1:4:0:2:1:2:3:1:0:,clone,4493.0226208038885,1:4:0:1:1:2:3:1:0
1:4:1:2:1:2:3:1:0:,recombination,4329.886684521855,1:4:1:2:1:2:2:1:1,1:4:0:3:2:2:2:0:1,MUTATE
0:2:0:1:0:3:3:1:0:,clone,4062.9625463073535,0:2:1:1:0:3:4:1:0
1:4:1:2:2:2:3:1:1:,recombination,4702.992627106296,2:4:0:3:3:0:0:0:2,0:3:1:2:2:2:3:0:0
0:3:0:1:0:3:4:1:0:,recombination,5093.202918269707,1:3:0:1:1:3:3:2:0,1:4:0:3:3:2:2:1:1
0:3:0:0:0:4:4:2:0:,clone,4844.700948187512,0:3:0:0:0:4:4:2:0
0:3:0:0:0:4:4:2:0:,clone,4620.252216834841,0:3:0:0:0:4:4:2:0
0:3:0:2:1:2:3:0:0:,recombination,4842.179467904401,0:4:1:2:2:2:3:0:0,1:4:0:1:1:3:3:0:1,MUTATE
0:3:1:1:1:3:4:0:0:,clone,5234.219994772734,0:3:1:1:1:3:3:0:0
0:4:1:1:1:3:4:1:0:,clone,5629.653466255533,0:4:1:1:1:3:4:1:0
0:2:0:0:0:4:4:2:0:,clone,4548.046532351587,0:2:0:0:0:4:4:2:0
0:4:1:2:2:2:2:1:0:,clone,4188.120738291015,1:4:1:1:1:2:2:1:0
1:4:1:2:2:2:2:0:1:,clone,4128.492589949691,1:4:1:2:2:2:2:1:1
0:1:1:0:0:4:4:2:0:,recombination,4963.764493941658,1:4:1:2:2:1:2:0:1,0:3:1:1:1:3:3:1:0,MUTATE
1:4:0:2:2:2:3:1:1:,recombination,4650.4803532601045,0:3:0:1:0:3:4:2:0,1:3:0:2:2:3:3:1:0
0:3:0:2:2:2:2:1:0:,clone,4257.129081128171,0:3:1:1:1:2:2:1:0
0:2:0:1:0:3:4:1:0:,clone,3932.5938995901597,0:2:0:1:0:3:4:1:0
0:3:0:1:0:3:4:2:0:,recombination,4623.893442956177,0:3:0:1:0:3:4:2:0,1:4:0:3:3:1:1:1:2,MUTATE
0:2:0:1:0:4:4:2:0:,recombination,4679.376554486564,0:3:0:1:1:4:3:1:0,1:4:0:2:2:1:2:1:1
0:3:1:1:1:3:4:0:0:,recombination,5160.521578422661,0:3:1:1:1:3:4:0:0,0:3:1:2:2:2:2:0:0,MUTATE
0:3:1:2:2:1:1:0:0:,recombination,3917.8257015203803,0:4:1:2:2:1:2:0:0,1:4:1:2:3:1:1:0:1,MUTATE
0:3:1:1:0:3:4:1:0:,recombination,4039.401467066269,0:4:1:2:2:2:2:1:0,0:2:1:1:0:3:4:1:0
0:3:0:1:0:3:4:1:0:,recombination,5043.1028828299995,1:4:1:1:1:2:3:0:1,1:4:1:2:2:2:3:0:1
0:4:1:3:3:2:2:0:0:,clone,5073.172998422882,0:4:1:3:3:2:2:0:0
0:3:0:1:1:3:3:1:0:,recombination,4044.793494248206,2:4:0:3:3:1:2:0:2,0:2:1:1:1:3:3:1:0,MUTATE
1:4:0:2:1:3:3:0:1:,clone,4955.926551128583,1:4:0:2:1:3:3:0:1
0:3:1:1:1:3:4:0:0:,clone,4984.276885899966,0:3:1:1:1:3:4:0:0
0:2:1:0:0:3:4:1:0:,recombination,4367.727426267277,0:3:1:1:1:2:3:1:0,0:3:1:2:1:2:3:1:0,MUTATE
0:4:0:2:2:2:3:1:0:,recombination,4772.27448429424,0:4:0:2:2:2:2:1:0,1:4:0:2:2:3:2:1:1
0:3:0:0:0:3:4:2:0:,recombination,4811.568985748933,0:3:0:0:0:4:4:2:0,0:3:1:1:1:2:3:1:0
0:2:1:0:0:3:4:1:0:,clone,4039.401467066269,0:2:1:0:0:3:4:1:0
0:4:1:2:2:3:3:1:0:,clone,4789.533870025154,1:4:0:2:1:3:3:0:1
0:3:0:1:1:4:4:1:0:,recombination,4960.444816505372,0:4:1:2:1:3:3:1:0,0:2:1:1:1:4:4:1:0,MUTATE
0:3:1:0:0:3:4:2:0:,recombination,4938.596821108726,0:3:0:2:2:2:2:0:0,1:4:1:1:0:3:4:1:0
1:4:0:2:1:2:3:1:0:,clone,4479.717598947896,1:4:0:2:1:2:3:1:0
0:2:0:0:0:4:4:1:0:,clone,4766.367221806813,0:2:1:0:0:4:4:1:0
1:4:0:1:1:3:3:1:1:,recombination,4237.131585726984,0:4:1:2:2:2:2:1:0,1:4:0:3:2:2:2:1:2,MUTATE
1:4:1:1:1:4:3:1:0:,clone,5452.945240380263,0:4:1:1:1:4:3:1:0
0:2:0:1:0:3:3:1:0:,recombination,3996.035326428848,0:3:1:1:1:3:4:0:0,0:2:1:0:0:3:4:1:0
0:4:1:1:1:2:3:0:0:,recombination,4433.506235541006,1:4:0:1:1:2:3:1:0,1:4:1:3:3:0:0:0:1,MUTATE
0:4:1:2:1:2:2:1:0:,recombination,4457.81819040066,1:4:1:2:2:1:2:1:1,1:4:0:3:2:1:2:0:1
0:3:1:1:0:3:4:2:0:,clone,4780.242546811477,0:3:1:1:0:3:4:2:0
1:4:1:2:2:2:3:1:1:,recombination,4671.4227938015865,1:4:1:1:1:2:3:0:1,1:4:0:3:2:1:2:0:2
0:4:1:2:2:1:2:0:0:,recombination,4123.254414449714,1:4:0:1:1:2:3:1:1,0:4:1:2:2:1:2:0:0,MUTATE
0:3:1:1:0:3:4:2:0:,clone,4691.312006036836,0:3:1:1:0:3:4:2:0
0:3:1:1:0:3:4:2:0:,clone,4688.247433435305,0:3:1:1:0:3:4:2:0
0:3:0:1:0:3:4:1:0:,recombination,4169.227635714407,1:4:1:2:2:2:3:1:1,0:3:1:1:0:3:4:1:0,MUTATE
0:3:0:0:0:3:4:2:0:,recombination,4545.305239261271,1:3:0:1:0:3:4:2:0,1:4:1:1:1:2:3:1:1,MUTATE
0:3:1:1:0:3:4:2:0:,recombination,4610.093049371396,0:3:1:1:0:4:4:1:0,0:3:1:1:0:3:4:2:0,MUTATE
1:4:0:2:1:2:3:1:0:,recombination,4374.531997269574,1:4:0:3:3:1:1:1:2,1:4:0:3:2:2:2:1:1
0:3:1:0:0:3:4:2:0:,clone,4835.455170551478,0:3:1:0:0:3:4:2:0
1:3:0:2:1:2:3:1:0:,clone,4570.64057548128,1:4:0:2:2:2:3:1:1
0:4:0:2:2:3:2:0:0:,clone,5029.980089316962,0:4:1:2:2:3:3:1:0
0:3:1:2:2:3:2:1:0:,clone,4515.885615434221,0:3:1:2:2:3:2:1:0
2:4:0:2:2:2:2:0:2:,clone,4962.749613872494,2:4:0:2:2:2:2:0:2
0:2:0:1:0:4:4:1:0:,recombination,4658.2807958231415,1:4:0:2:2:3:3:1:1,0:3:0:1:1:4:4:1:0,MUTATE
1:4:0:3:4:0:1:0:2:,clone,4722.102225279875,1:4:0:3:4:0:1:0:2
0:3:1:2:2:2:3:0:0:,recombination,4893.300409967206,0:4:1:2:2:1:1:0:1,0:3:1:1:1:3:3:0:0,MUTATE
0:4:1:2:2:1:2:0:0:,clone,4099.104789082163,0:4:1:2:2:1:2:0:0
1:4:0:3:3:1:2:1:2:,recombination,4602.629601044761,1:4:0:3:3:1:2:1:1,1:4:0:3:3:2:2:1:2
0:2:1:1:1:3:4:1:0:,recombination,4706.768376111502,0:3:1:1:1:4:4:1:0,0:3:1:1:1:2:3:0:0
1:4:1:3:3:0:0:0:2:,recombination,4059.9552491941276,0:3:0:2:2:2:2:1:0,1:4:1:1:1:3:3:1:0
0:2:1:1:1:4:3:1:0:,recombination,4533.147189973751,0:4:0:2:2:3:2:0:0,0:3:1:2:1:2:3:0:0,MUTATE
0:3:1:1:0:3:4:2:0:,recombination,4512.552090188262,0:4:1:2:2:2:3:1:0,0:2:0:1:0:4:4:2:0,MUTATE
1:4:1:2:1:2:2:0:1:,clone,4193.47102123185,1:4:1:2:1:2:3:1:1
2:4:1:3:3:0:0:0:2:,clone,4315.350483180239,2:4:1:3:3:0:0:0:2
0:2:1:0:0:4:4:1:0:,clone,4043.008804164854,0:2:1:0:0:4:4:1:0
2:4:1:3:4:0:0:0:2:,clone,4223.832716637406,2:4:1:3:3:0:0:0:2
0:2:1:1:0:4:3:1:0:,recombination,4324.987553129079,0:4:1:2:1:3:3:1:0,0:2:1:1:0:4:4:1:0,MUTATE
1:4:0:4:4:0:1:0:2:,clone,4816.675269041205,1:4:0:4:4:0:1:0:2
1:4:1:2:2:3:2:1:1:,recombination,4641.198910017556,1:4:1:2:1:2:3:1:1,0:3:1:2:2:2:3:1:0
2:4:1:3:4:0:0:0:2:,clone,4153.472074544572,2:4:1:3:3:0:0:0:2
0:3:1:2:1:2:3:1:0:,recombination,4537.991018917695,1:4:0:2:1:2:3:1:0,2:4:0:4:4:0:0:0:2
0:3:1:2:2:3:3:1:0:,recombination,5684.801391505866,2:4:0:3:3:2:1:1:2,0:3:1:1:1:2:3:1:0,MUTATE
0:3:1:0:0:3:4:2:0:,recombination,4432.371097853922,1:4:0:3:3:1:2:1:2,1:4:0:3:3:1:1:0:1
2:4:1:3:3:0:0:0:2:,clone,4137.642330944712,2:4:1:3:3:0:0:0:2
0:3:1:1:1:4:3:1:0:,recombination,4499.5866968620885,1:4:0:2:2:3:3:1:1,0:3:1:1:0:4:4:1:0
0:3:1:2:2:3:3:1:0:,clone,5389.951811686137,0:3:1:2:2:3:3:1:0
2:4:0:3:3:0:0:0:2:,clone,4131.905954791445,2:4:1:3:3:0:0:0:2
0:2:1:1:0:4:4:2:0:,recombination,4576.128836204861,1:4:1:2:2:1:2:1:1,0:4:1:2:1:2:3:1:0
0:3:1:1:1:4:4:1:0:,recombination,4650.988490054103,0:2:1:1:0:3:4:1:0,0:3:1:1:1:4:3:1:0
1:4:1:1:1:2:3:1:0:,clone,4128.72288456465,1:4:1:1:1:2:3:1:0
0:3:0:1:0:4:4:2:0:,recombination,4588.212255076053,1:4:0:2:2:2:2:0:1,2:4:0:4:4:0:1:0:2
0:2:1:1:0:4:4:1:0:,clone,4281.532224184303,0:2:1:1:0:4:4:1:0
0:4:1:2:1:3:3:1:0:,recombination,4681.336485298808,1:4:1:3:3:1:1:1:1,1:4:0:3:2:1:2:0:2,MUTATE
1:4:1:2:2:2:3:1:0:,recombination,4871.634884527912,1:4:1:2:2:2:2:1:1,1:4:0:2:3:1:1:1:1,MUTATE
0:4:1:2:1:2:2:0:0:,recombination,4426.677637384839,1:4:0:2:1:2:3:0:1,2:4:1:3:4:0:0:0:2
0:4:1:1:1:4:3:1:0:,clone,5452.945240380263,1:4:1:1:1:4:3:1:0
0:3:0:1:0:4:4:1:0:,recombination,4642.725036761248,1:4:0:1:1:2:2:1:1,1:4:0:3:2:2:2:0:1,MUTATE
1:4:1:2:2:3:2:1:1:,recombination,4593.641278048154,1:4:1:2:2:2:2:1:1,2:4:0:4:4:0:0:0:2
0:4:1:1:1:4:4:1:0:,recombination,5580.391498678946,1:4:0:1:1:2:3:0:1,0:3:1:2:1:3:3:0:0
0:3:0:2:2:2:3:1:0:,clone,4846.894725828044,0:3:0:2:2:2:3:1:0
0:3:0:1:0:3:3:1:0:,recombination,4412.918273216177,1:4:0:2:2:1:2:0:1,1:4:1:3:2:1:2:0:1
0:4:1:1:0:3:4:1:0:,recombination,5356.438621836599,1:4:1:1:1:3:4:1:0,1:4:0:3:3:2:2:0:2
1:4:1:1:1:3:3:1:1:,clone,4336.234622382875,1:4:1:2:2:2:2:1:1
0:3:0:1:0:3:4:2:0:,recombination,4533.8397474583235,1:4:0:3:2:2:2:0:1,1:4:1:1:1:2:3:1:0
0:4:1:2:2:1:3:1:0:,recombination,5640.001727179367,0:4:1:2:2:1:3:0:0,1:4:0:3:2:1:2:1:1
1:4:1:3:2:1:2:0:1:,clone,4721.536509534947,1:4:1:3:2:1:2:0:1
1:4:1:3:2:2:2:0:1:,clone,4714.350545503664,1:4:0:2:2:2:2:1:1
0:3:1:2:1:2:3:1:0:,clone,4507.125254748809,0:4:1:2:2:2:2:1:0
0:3:1:1:1:3:4:2:0:,recombination,4844.228730562443,1:4:0:3:3:1:1:0:1,0:3:1:2:1:2:3:1:0,MUTATE
0:2:0:0:0:4:4:2:0:,clone,4382.320458899676,0:2:1:0:0:4:4:2:0
1:4:1:2:2:3:2:1:1:,recombination,4560.364296385564,0:3:1:1:1:4:3:1:0,1:4:1:2:2:3:2:1:1,MUTATE
1:4:0:2:1:2:3:1:1:,clone,4349.1605987686335,1:4:1:1:1:3:3:1:1
0:4:1:2:2:2:3:1:0:,clone,4690.521149864072,0:4:1:2:1:2:3:1:0
1:4:1:2:1:3:3:1:1:,clone,4560.364296385564,1:4:1:2:1:3:3:1:1
0:3:0:1:1:4:3:1:0:,recombination,4642.965453025367,1:4:1:2:2:2:2:1:1,1:4:0:2:2:2:3:1:1,MUTATE
0:2:0:1:0:3:4:2:0:,recombination,4327.2200826154485,0:3:1:2:2:1:1:0:0,0:2:1:1:1:3:4:1:0,MUTATE
0:1:1:0:0:4:4:2:0:,recombination,4870.999552621418,1:4:1:2:2:2:2:1:1,1:4:0:3:3:1:1:0:2,MUTATE
0:3:1:1:1:4:3:2:0:,recombination,4740.497494810729,0:3:0:1:1:3:3:2:0,2:4:0:3:3:2:2:1:2
0:1:1:0:0:4:4:2:0:,recombination,4798.793868138164,0:4:1:2:1:3:3:1:0,1:4:1:2:2:2:2:1:1,MUTATE
0:3:0:1:1:4:3:2:0:,clone,4692.04901313167,0:3:0:1:1:3:3:2:0
0:1:1:0:0:4:4:2:0:,recombination,4758.540156169121,1:4:0:2:1:3:3:1:0,0:3:0:1:0:4:4:2:0
1:4:1:2:2:2:2:1:1:,recombination,4060.865368204055,1:4:1:2:2:2:3:0:1,1:4:1:2:2:2:1:1:1,MUTATE
0:2:1:1:1:4:3:2:0:,recombination,5012.481105871605,0:4:1:2:1:3:3:1:0,1:4:0:2:2:3:2:1:0,MUTATE
0:2:1:1:0:3:3:1:0:,recombination,4426.50092492283,1:4:1:2:1:2:2:1:0,1:4:0:2:1:2:3:1:1
0:2:1:1:1:4:4:1:0:,recombination,5052.845678703713,1:4:0:2:2:3:2:0:1,0:3:1:1:0:3:4:1:0
0:4:1:2:1:3:3:1:0:,clone,4638.69706743699,1:4:1:2:1:3:3:1:0
0:4:1:2:2:3:3:1:0:,recombination,4781.446399081175,0:3:1:2:2:2:2:0:0,1:4:1:3:2:2:2:0:1
0:3:1:2:2:3:3:1:0:,recombination,5204.045343340326,0:4:0:2:2:2:2:1:0,1:4:1:2:2:2:2:0:1,MUTATE
1:4:1:2:1:2:2:1:1:,clone,4082.5894933787004,1:4:1:2:2:2:2:1:1
0:1:1:0:0:4:4:2:0:,recombination,4686.043081443401,1:4:0:2:2:1:2:0:1,0:4:1:1:1:3:4:1:0,MUTATE
0:1:1:0:0:4:4:2:0:,clone,4663.897746017143,0:1:1:0:0:4:4:2:0
1:4:1:2:1:2:2:1:0:,recombination,4019.321698319078,1:4:1:2:1:2:2:1:1,2:4:1:3:3:1:1:0:2,MUTATE
0:1:1:0:0:4:4:2:0:,clone,4657.579869813359,0:2:1:0:0:4:4:2:0
1:4:1:3:3:0:1:0:2:,recombination,4670.962757384257,1:4:1:3:3:0:1:0:2,1:4:0:3:3:2:2:0:1
0:1:1:0:0:4:4:2:0:,recombination,4535.022048431975,1:4:0:2:2:1:2:0:1,0:2:1:1:1:3:4:1:0
0:3:1:0:0:4:4:2:0:,clone,4426.476359100236,0:2:1:0:0:4:4:2:0
0:4:1:2:1:2:2:1:0:,clone,4298.838542216975,0:4:1:2:1:2:2:1:0
0:3:1:1:0:4:4:1:0:,clone,4304.983176293248,0:3:1:1:0:4:4:1:0
0:1:0:0:0:4:4:2:0:,clone,4710.65955735276,0:1:0:0:0:4:4:2:0
0:2:0:1:0:4:4:1:0:,clone,4475.241679484089,0:3:0:1:0:4:4:2:0
1:4:0:3:2:1:1:0:1:,recombination,4539.853971621882,1:4:0:3:3:1:0:0:1,1:4:1:3:2:2:2:0:1,MUTATE
0:3:1:1:1:4:3:2:0:,clone,4530.06714906826,0:3:1:1:1:4:3:2:0
1:4:1:1:1:3:2:1:0:,clone,4082.5894933787004,1:4:1:2:1:2:2:1:1
0:4:1:1:1:3:4:1:0:,clone,5118.953592927772,0:3:1:1:0:3:4:1:0
0:2:0:1:0:4:4:2:0:,recombination,4475.241679484087,0:2:0:1:0:4:4:1:0,1:4:0:2:1:3:3:1:0,MUTATE
0:4:1:2:1:2:2:1:0:,clone,4199.450366904736,0:4:1:2:1:2:2:1:0
0:3:0:1:1:4:3:2:0:,clone,4644.138401637387,0:3:0:1:1:4:3:2:0
0:4:1:1:1:3:3:1:0:,clone,4082.5894933787004,0:4:1:1:1:3:3:1:0
0:4:1:1:1:3:4:1:0:,recombination,5117.720542999393,0:2:0:1:0:3:4:1:0,0:4:1:1:1:3:4:1:0,MUTATE
0:3:0:1:0:4:3:1:0:,recombination,4353.732473286488,0:3:1:1:0:4:4:1:0,1:4:0:2:1:2:3:1:0
0:4:1:1:1:3:3:1:0:,clone,4082.5894933786994,0:4:1:1:1:3:3:1:0
0:4:1:1:1:3:3:1:0:,clone,4040.163427327173,0:3:1:1:1:3:3:1:0
0:3:1:2:2:3:2:1:0:,recombination,4467.199520360741,1:4:0:3:3:1:2:0:1,1:4:1:2:2:3:2:1:0,MUTATE
0:4:1:1:1:3:3:1:0:,clone,4018.4393021525284,0:4:1:1:1:3:3:1:0
0:3:1:2:2:3:3:1:0:,clone,5155.9052865786025,0:3:1:2:2:3:3:1:0
0:3:1:2:1:3:3:1:0:,clone,4467.199520360741,0:3:1:2:2:3:2:1:0
0:3:1:2:2:3:3:1:0:,recombination,5093.056732230091,1:4:0:1:1:2:3:1:1,0:3:1:2:2:3:3:1:0,MUTATE
2:4:0:3:3:2:1:0:2:,clone,4707.619435420097,2:4:0:3:3:2:1:0:2
0:3:0:1:1:3:4:1:0:,clone,4828.25239551939,0:3:0:1:1:3:4:1:0
1:4:1:2:2:2:3:1:1:,clone,4653.166878188758,1:4:1:2:2:2:3:1:1
0:3:1:1:0:3:4:2:0:,recombination,4493.850320708822,1:4:0:2:2:3:2:1:0,1:4:0:3:2:2:2:1:2,MUTATE
0:3:1:2:2:3:3:1:0:,clone,5042.181887528029,0:3:1:2:1:3:3:1:0
0:4:1:2:1:3:3:1:0:,clone,4586.542189758043,0:4:1:2:1:3:3:1:0
0:4:1:2:1:3:3:1:0:,recombination,4586.542189758042,1:4:0:2:2:2:3:0:1,0:4:1:2:1:3:3:1:0
0:2:1:1:0:4:4:2:0:,recombination,4402.288402091296,0:3:1:1:1:4:4:1:0,1:4:1:3:3:2:1:1:1
0:3:0:1:1:4:4:2:0:,recombination,4737.74372931619,1:4:0:2:1:3:3:1:1,0:3:1:2:2:2:3:0:0
1:4:1:2:2:3:3:0:1:,recombination,5201.194829706892,0:3:1:2:2:3:3:0:0,1:4:1:2:2:3:2:0:1,MUTATE
0:1:1:0:0:4:4:1:0:,recombination,5527.316908751736,0:3:0:2:2:2:2:1:0,0:4:1:2:1:2:2:1:0
1:4:0:2:1:2:2:1:0:,recombination,4314.375682569926,0:3:1:1:0:4:4:1:0,2:4:0:2:2:2:2:1:2,MUTATE
0:2:1:1:1:3:3:2:0:,recombination,5096.9250166883,1:4:0:3:3:2:1:0:1,0:2:0:1:0:4:4:2:0
1:4:1:2:1:3:3:0:1:,clone,5201.194829706892,1:4:1:2:2:3:3:0:1
0:1:1:0:0:4:4:1:0:,clone,5255.397501151338,0:1:1:0:0:4:4:1:0
0:3:0:1:0:3:4:2:0:,recombination,4479.7657614606915,0:3:0:1:0:4:4:2:0,0:4:1:1:1:3:3:1:0,MUTATE
0:4:1:2:2:3:3:0:0:,clone,5349.0955178782915,0:4:1:2:2:2:2:0:0
0:4:1:2:2:3:3:0:0:,clone,5130.95638594803,0:4:1:2:1:3:3:0:0
0:4:1:2:2:3:3:0:0:,clone,5073.736901127307,0:4:1:2:2:3:3:0:0
0:2:1:0:0:4:4:2:0:,clone,4152.682447860011,0:2:1:0:0:4:4:2:0
0:3:0:2:1:2:2:1:0:,clone,4376.627239723473,0:3:1:2:1:2:3:1:0
0:3:0:1:1:3:4:2:0:,recombination,5123.76668221732,2:4:0:3:3:0:1:0:2,1:4:0:3:3:2:1:1:2,MUTATE
0:4:0:2:2:2:2:1:0:,clone,4366.814673264624,0:3:0:2:2:2:2:0:0
0:3:1:2:2:3:3:1:0:,recombination,4883.236945872794,0:3:1:2:2:3:3:1:0,0:2:0:1:0:4:4:1:0,MUTATE
0:2:0:1:1:4:3:2:0:,recombination,4798.739831407946,1:4:1:2:1:2:3:1:0,2:4:0:2:2:1:2:0:2
0:3:0:1:1:3:4:2:0:,recombination,4984.703283850323,1:4:0:3:3:2:2:0:2,0:3:1:1:1:3:4:0:0,MUTATE
0:1:1:0:0:4:4:1:0:,recombination,5130.178087140809,0:3:1:2:1:2:3:1:0,0:1:1:0:0:4:4:2:0
0:1:1:0:0:4:4:2:0:,recombination,4386.799332215414,1:4:1:2:2:2:2:1:0,1:4:0:2:1:2:2:1:1,MUTATE
2:4:1:4:4:0:0:0:2:,clone,4558.62064468543,2:4:0:4:4:0:0:0:2
1:4:0:3:4:1:0:0:1:,recombination,4476.439324201184,1:4:0:3:3:2:2:0:1,0:4:1:3:3:2:2:0:0
1:4:1:4:4:1:1:0:2:,recombination,5084.055946581029,1:4:0:2:2:2:3:1:1,1:4:1:3:2:1:2:0:1,MUTATE
1:4:1:2:2:2:3:1:0:,recombination,4814.364351816715,0:4:1:2:2:3:3:1:0,1:4:0:2:2:3:2:1:1,MUTATE
0:1:1:0:0:4:4:2:0:,clone,4293.561371322427,0:1:1:0:0:4:4:2:0
0:3:0:2:2:2:3:1:0:,recombination,4709.564316061023,1:4:0:3:3:1:2:0:1,1:4:1:3:3:0:0:0:1,MUTATE
1:4:1:4:4:0:0:0:2:,clone,4558.417193248157,1:4:0:4:4:0:0:0:2
1:4:1:2:2:2:3:1:0:,clone,4812.050887676851,1:4:1:2:2:2:3:1:0
1:4:1:4:4:0:0:0:2:,clone,4449.611641464991,1:4:1:4:4:0:0:0:2
0:3:1:2:2:2:3:1:0:,clone,4716.083982608145,0:3:0:2:2:2:3:1:0
1:4:1:3:3:2:2:1:1:,recombination,5025.450121305606,1:4:0:1:1:2:3:1:1,1:4:1:4:4:1:1:0:2
1:4:0:3:4:0:0:0:1:,clone,4400.150310776488,1:4:1:3:4:0:0:0:1
1:4:0:3:3:1:0:0:2:,clone,4337.685740642761,1:4:0:3:3:1:0:0:1
0:2:1:1:1:4:4:1:0:,recombination,4936.223121279237,0:2:1:1:1:2:3:1:0,1:3:0:2:1:2:3:1:0
0:3:0:1:1:3:4:2:0:,recombination,4980.423264367808,1:4:0:3:3:2:2:1:1,0:3:0:1:1:3:3:2:0,MUTATE
0:1:1:0:0:4:4:1:0:,clone,4567.936845418896,0:1:1:0:0:4:4:2:0
0:1:1:0:0:4:4:1:0:,clone,4529.203723449638,0:1:1:0:0:4:4:1:0
1:4:1:2:1:3:3:1:1:,recombination,4540.005999883653,1:4:1:1:0:3:4:1:0,2:4:0:3:2:2:2:0:2
0:1:1:0:0:4:4:1:0:,clone,4468.493015506128,0:1:1:0:0:4:4:2:0
1:4:1:2:1:3:3:1:1:,clone,4526.70097802766,1:4:1:2:1:3:3:1:1
0:4:1:2:1:3:3:1:0:,recombination,4570.310962874525,1:4:1:2:1:2:3:0:1,0:3:0:1:1:4:3:1:0,MUTATE
0:3:0:1:1:3:4:2:0:,recombination,4732.036283606444,1:4:0:3:3:0:0:0:1,1:4:0:2:1:2:2:1:0
1:3:0:2:1:3:3:1:0:,recombination,4416.182802239455,0:3:1:1:1:4:4:1:0,1:4:1:2:2:2:3:0:1
0:3:0:1:1:3:4:1:0:,recombination,4724.004218788979,2:4:0:2:2:2:2:1:2,1:4:1:2:2:2:2:0:1,MUTATE
0:1:0:0:0:4:4:2:0:,recombination,4636.433506161574,1:3:0:1:1:3:3:1:0,0:3:1:2:1:3:3:0:0
0:1:1:0:0:4:4:1:0:,recombination,4461.292264893875,0:3:0:1:1:3:3:2:0,0:1:1:0:0:4:4:1:0,MUTATE
0:1:1:0:0:4:4:2:0:,recombination,4222.450676432332,0:3:0:1:0:3:4:1:0,0:4:1:2:1:2:2:1:0
0:3:0:1:1:4:3:1:0:,recombination,4625.366425925261,1:4:0:2:2:2:1:1:1,1:4:0:2:2:2:2:0:1,MUTATE
0:3:0:1:1:4:4:1:0:,recombination,4935.209811051395,0:4:1:2:2:2:2:0:0,1:4:1:2:2:2:3:0:1,MUTATE
0:2:0:1:1:3:3:1:0:,clone,4444.493368886552,0:3:0:1:1:3:3:1:0
0:3:0:1:0:4:4:2:0:,recombination,4503.500017898292,0:2:0:1:0:4:4:1:0,0:4:1:2:1:3:3:1:0
1:4:0:2:2:2:3:1:0:,recombination,4685.749879507798,1:4:0:3:2:1:2:1:1,1:4:0:3:3:2:2:0:2
0:3:0:1:1:4:3:1:0:,clone,4610.916122247195,0:3:0:1:1:4:3:1:0
0:2:0:0:0:3:4:1:0:,clone,4500.55398405289,0:2:0:0:0:3:4:1:0
0:2:0:0:0:4:4:1:0:,clone,4497.801544808516,0:2:0:0:0:4:4:1:0
0:3:0:1:0:4:4:1:0:,clone,4610.916122247195,0:3:0:1:0:4:4:1:0
0:2:0:1:0:4:3:1:0:,recombination,4175.733207017638,1:3:0:2:1:3:3:1:0,0:3:1:2:2:2:2:0:0
0:2:1:1:0:4:4:1:0:,clone,4276.385437418192,0:2:1:1:0:4:4:1:0
0:2:1:1:1:4:3:1:0:,clone,4253.449527852594,0:2:0:1:1:4:3:1:0
0:2:1:1:1:4:4:2:0:,recombination,5307.46121616796,2:4:0:3:3:2:1:1:2,1:4:0:3:2:1:2:0:1,MUTATE
0:1:0:0:0:4:4:2:0:,recombination,4592.7369551978845,0:2:0:0:0:4:4:1:0,1:4:0:3:3:1:1:0:1,MUTATE
0:2:2:0:0:4:4:1:0:,recombination,6582.2578694023805,0:3:1:2:2:3:3:1:0,1:4:1:1:1:3:4:1:0
1:4:0:1:1:3:4:1:0:,recombination,5122.123194427033,1:4:0:3:2:1:1:0:1,2:4:0:3:3:1:1:0:2
0:1:0:0:0:4:4:2:0:,recombination,4468.790742861379,0:3:1:1:0:3:4:1:0,1:4:1:1:1:3:2:1:0,MUTATE
1:4:1:4:4:0:1:0:2:,recombination,4933.6925500243415,1:4:0:2:1:3:3:1:1,2:4:0:3:3:1:1:0:2
0:2:1:1:1:4:4:1:0:,recombination,4886.801425439425,2:4:0:3:3:2:1:1:2,0:3:0:1:1:4:3:1:0,MUTATE
0:4:0:2:2:3:3:1:0:,recombination,5570.80580231233,1:4:0:1:1:2:3:1:0,0:2:1:1:1:4:4:2:0
0:1:1:0:0:4:4:2:0:,recombination,4134.755287284019,1:4:0:1:1:2:3:1:1,1:4:1:2:2:2:2:1:1,MUTATE
1:4:0:3:4:1:1:0:2:,clone,4741.524430279454,1:4:0:4:4:0:0:0:2
1:4:0:4:4:0:0:0:1:,clone,4772.962723601235,1:4:0:4:4:0:0:0:2
0:1:1:0:0:4:4:1:0:,clone,4308.822217789852,0:1:1:0:0:4:4:2:0
1:4:0:4:4:0:0:0:1:,clone,4663.58568500478,1:4:0:4:4:0:0:0:1
1:4:1:4:4:1:1:0:1:,clone,4998.357302516414,1:4:1:4:4:1:1:0:1
1:4:1:3:4:1:1:0:1:,clone,4921.96155918032,1:4:1:3:4:1:1:0:1
0:4:1:1:1:4:3:1:0:,recombination,5058.1788852984155,0:3:1:1:0:3:3:1:0,0:4:0:2:2:3:3:1:0,MUTATE
0:3:0:1:0:3:3:2:0:,recombination,4469.715151426073,1:4:1:3:3:1:1:0:1,1:4:0:3:2:1:2:0:1,MUTATE
1:4:0:2:1:3:3:1:1:,recombination,4498.421418534629,1:4:1:1:1:2:3:1:1,1:4:1:3:3:0:1:0:2
0:2:0:1:0:4:4:2:0:,clone,4471.9343895527745,0:2:0:1:0:4:4:2:0
0:3:0:1:0:4:4:1:0:,clone,4476.6972933599845,0:3:0:1:0:4:4:1:0
0:3:0:1:1:4:3:1:0:,clone,4498.421418534629,0:3:0:1:0:4:4:1:0
1:4:1:2:2:2:3:1:0:,clone,4743.667514208458,1:4:1:2:2:2:2:1:0
0:3:0:0:0:4:4:2:0:,recombination,4559.154784751721,1:4:0:2:1:3:3:1:1,0:3:1:2:2:3:3:1:0
0:2:1:1:1:4:4:2:0:,recombination,5118.481678269922,1:4:0:3:3:2:1:0:1,1:4:1:2:1:3:3:1:1,MUTATE
2:4:0:3:4:0:0:0:2:,recombination,4271.352551277538,1:4:1:2:1:2:2:1:1,0:4:1:1:1:2:3:1:0,MUTATE
2:4:0:3:3:1:1:0:2:,recombination,4421.493087923734,0:2:1:1:1:3:4:1:0,0:4:1:1:1:3:3:1:0,MUTATE
1:4:1:3:2:1:1:0:1:,recombination,4533.643263004781,2:4:1:3:3:1:1:0:2,1:4:0:2:2:2:2:0:1
0:2:1:1:1:4:3:2:0:,clone,4829.724700857742,0:2:1:1:1:4:4:2:0
1:4:0:2:2:2:2:0:1:,clone,4094.890910590666,1:4:0:2:2:2:2:0:1
1:4:1:2:2:3:2:1:1:,recombination,4388.286178840355,0:3:0:1:0:4:3:1:0,1:4:1:2:2:2:2:1:1,MUTATE
1:4:1:2:1:2:2:0:1:,recombination,4139.421403302939,1:4:1:1:1:3:3:1:0,0:4:1:1:1:3:3:1:0
1:4:1:2:2:2:2:0:1:,clone,4119.383122354325,1:4:1:2:2:2:2:0:1
1:4:1:2:1:3:3:1:1:,clone,4388.286178840355,1:4:1:2:1:3:3:1:1
0:4:1:1:1:2:3:0:0:,clone,4283.059668519414,1:4:1:2:1:2:2:0:1
0:4:1:1:1:2:2:0:0:,clone,4236.546044439284,0:4:1:1:1:2:3:0:0
1:4:1:1:1:2:3:0:1:,clone,4273.7631239464945,1:4:1:1:1:2:3:0:1
0:4:1:1:1:2:3:0:0:,recombination,4252.8228369740555,1:4:0:3:3:1:2:1:2,1:4:1:2:1:2:2:1:0,MUTATE
0:4:1:1:1:2:3:1:0:,clone,4119.383122354325,0:4:1:1:1:2:3:1:0
0:4:1:2:1:2:3:1:0:,clone,4298.337601747313,0:4:1:1:1:2:3:1:0
2:4:0:4:4:0:0:0:2:,recombination,4102.891551953007,1:4:0:3:3:1:1:0:2,1:4:0:2:1:2:3:1:0,MUTATE
1:4:1:1:1:4:3:1:1:,recombination,5934.200436482878,0:4:1:3:4:1:1:0:1,2:4:0:3:3:0:1:0:2,MUTATE
1:4:0:3:4:0:0:0:1:,clone,4205.835544683088,1:4:0:4:4:0:0:0:2
1:4:0:3:4:0:0:0:1:,clone,4191.385241005022,1:4:0:3:4:0:0:0:1
1:4:0:4:4:0:0:0:1:,clone,4243.090733318607,1:4:0:3:4:0:0:0:1
1:4:0:3:4:0:1:0:1:,clone,4741.825830620042,1:4:0:3:4:0:1:0:1
1:4:0:3:4:0:1:0:1:,clone,4741.462638454441,1:4:0:3:4:0:1:0:1
2:4:1:4:4:0:0:0:2:,recombination,4345.023195839533,1:4:1:2:1:3:3:1:1,1:4:0:3:3:1:1:0:2,MUTATE
1:4:1:3:3:1:1:0:2:,clone,4345.023195839533,1:4:1:3:3:1:1:0:2
2:4:1:4:4:0:0:0:2:,clone,4227.455814668614,2:4:1:4:4:0:0:0:2
1:4:0:4:4:1:0:0:2:,recombination,4490.958062111246,1:4:0:3:3:0:1:0:2,0:4:1:2:2:1:2:0:0
2:4:0:3:4:1:0:0:2:,recombination,4546.430624506225,1:4:1:3:3:1:1:0:2,1:4:0:3:3:1:1:0:2
1:4:0:4:4:1:0:0:2:,clone,4307.730005079253,1:4:0:3:3:1:1:0:2
2:4:0:4:4:1:0:0:2:,recombination,4546.430624506225,1:4:0:2:2:1:1:0:1,2:4:0:3:3:0:1:0:2
1:4:0:3:3:1:0:0:2:,clone,4307.730005079253,1:4:0:3:3:1:0:0:2
1:4:0:3:3:1:0:0:2:,clone,4305.652421319948,1:4:0:3:3:1:0:0:2
1:4:0:3:3:0:0:0:1:,recombination,4082.5573759868234,0:2:1:1:1:2:3:1:0,1:4:0:2:2:1:2:1:1
0:2:0:0:0:4:4:2:0:,recombination,4323.150829211302,1:3:0:2:1:3:3:1:0,1:4:1:3:2:1:1:0:1,MUTATE
0:3:1:2:2:3:3:1:0:,recombination,4862.762899736062,0:3:1:2:2:3:3:1:0,1:4:0:3:4:0:0:0:1
1:4:0:4:4:1:1:0:2:,clone,4926.33380331235,1:4:0:4:4:1:1:0:1
1:4:0:1:1:4:3:1:0:,recombination,5105.108120593421,0:2:1:0:0:4:4:2:0,1:4:0:3:3:0:1:0:1
1:4:1:2:1:3:2:1:0:,clone,4398.264133295683,0:3:1:1:1:3:3:1:0
2:4:1:4:4:0:0:0:2:,recombination,4137.199211930059,0:2:0:1:0:3:4:1:0,0:3:1:2:1:1:3:0:0,MUTATE
0:1:0:0:0:4:4:2:0:,clone,4466.511254298689,0:1:1:0:0:4:4:2:0
2:4:0:4:4:0:0:0:2:,clone,4092.534263590646,2:4:1:4:4:0:0:0:2
0:1:0:0:0:4:4:2:0:,clone,4463.133497170722,0:1:0:0:0:4:4:2:0
2:4:0:4:4:0:0:0:2:,clone,4066.4598189946164,2:4:0:4:4:0:0:0:2
1:4:0:4:4:1:1:0:1:,clone,4878.042122717058,1:4:0:4:4:1:1:0:2
0:3:0:0:0:4:4:1:0:,recombination,4939.825237644554,0:4:1:2:2:1:2:0:0,1:4:0:3:3:0:1:0:1
2:4:0:4:4:0:0:0:2:,clone,3978.616983581087,2:4:0:4:4:0:0:0:2
1:4:0:3:3:1:0:0:1:,recombination,4414.36615997823,1:4:1:2:2:1:2:0:1,2:4:0:4:4:0:0:0:2,MUTATE
1:4:1:3:4:0:0:0:2:,clone,4359.439895313627,2:4:0:4:4:0:0:0:2
1:4:1:3:2:1:2:1:1:,clone,4908.019219449105,1:4:1:2:2:2:2:1:1
0:3:1:2:1:3:2:1:0:,recombination,4371.151376354219,1:4:0:1:1:3:3:1:0,0:2:0:1:0:4:4:2:0
0:2:1:1:1:3:4:2:0:,recombination,4766.763181547893,2:4:0:4:4:0:0:0:2,1:4:0:1:1:3:3:1:0
0:3:1:1:1:3:4:2:0:,clone,4771.626603614828,0:3:1:1:1:3:4:2:0
0:2:1:1:1:3:3:2:0:,recombination,4574.699007941697,2:4:0:4:4:0:0:0:2,1:4:1:3:2:2:1:0:1,MUTATE
0:3:1:1:1:3:4:2:0:,clone,4728.56658097465,0:2:1:1:1:3:3:2:0
0:2:1:1:1:3:4:2:0:,recombination,4692.97623232583,1:4:0:1:1:3:3:1:0,2:4:0:4:4:0:0:0:2
2:4:0:3:4:0:0:0:2:,clone,4221.329759486797,2:4:0:4:4:0:0:0:2
1:4:0:3:4:0:1:0:2:,recombination,4708.821871456552,1:4:0:1:1:3:3:1:0,1:4:0:3:4:0:0:0:1
0:1:0:0:0:4:4:2:0:,clone,4432.070947598076,0:1:0:0:0:4:4:2:0
0:3:0:2:2:3:3:1:0:,recombination,5199.322985768328,1:4:0:3:4:0:0:0:1,1:4:1:4:4:0:0:0:2,MUTATE
1:4:0:4:4:0:1:0:2:,recombination,4745.702228718746,1:4:0:2:2:3:2:1:1,1:4:1:2:2:2:3:1:1,MUTATE
1:3:0:1:1:3:4:1:0:,clone,5124.4461451112265,1:4:0:1:1:3:3:1:1
0:4:1:3:2:2:2:0:0:,clone,5510.122069213068,0:4:1:3:3:2:2:0:0
0:2:0:1:1:4:4:2:0:,recombination,5257.704373570692,1:4:0:2:2:2:3:1:0,1:4:1:2:2:3:3:0:1,MUTATE
1:4:1:1:1:3:4:1:0:,clone,5361.049958130174,1:3:0:1:1:3:4:1:0
2:4:0:4:4:1:1:0:2:,clone,4894.0216844025335,2:4:0:4:4:0:0:0:2
2:4:0:4:4:0:0:0:3:,clone,4583.421845326713,2:4:0:4:4:0:0:0:2
2:4:0:3:4:1:1:0:2:,clone,4707.266076800541,2:4:0:3:4:1:1:0:2
1:4:1:3:3:2:2:1:1:,recombination,4753.04891029327,1:4:1:2:2:3:2:1:1,1:4:1:2:2:3:3:1:0
0:2:2:0:0:4:4:1:0:,recombination,6566.259747813043,1:4:0:3:3:2:1:0:1,1:4:1:3:3:1:1:0:1,MUTATE
0:3:1:2:2:2:3:1:0:,clone,4695.530799523611,0:3:1:2:2:2:3:1:0
0:3:1:2:2:2:3:1:0:,clone,4689.0111329764895,0:3:1:2:2:2:3:1:0
1:4:1:3:3:1:2:0:1:,clone,4631.749383224697,1:4:1:3:3:1:2:0:1
0:2:1:0:0:3:4:1:0:,recombination,4034.882079169044,0:2:0:0:0:4:4:2:0,1:4:1:1:1:2:3:1:0
0:3:1:1:1:4:3:1:0:,recombination,4485.813859414625,0:4:1:1:1:2:2:0:0,0:2:1:1:0:4:4:2:0,MUTATE
0:2:0:1:0:3:4:2:0:,clone,4191.6158663379165,0:2:1:1:0:3:4:1:0
0:3:1:1:1:3:3:2:0:,recombination,4653.065523676081,0:3:1:2:1:2:3:1:0,1:4:1:3:3:1:2:0:1,MUTATE
0:2:0:1:1:3:4:1:0:,recombination,5201.515750191917,1:4:0:3:2:1:2:1:1,1:4:1:2:2:2:2:1:1
1:4:0:3:3:1:1:0:2:,recombination,4074.9230056024826,1:4:1:1:1:3:4:1:0,0:4:1:1:1:4:3:1:0,MUTATE
0:3:1:2:1:2:2:1:0:,clone,4369.878605945641,0:3:1:2:1:2:2:1:0
0:2:0:1:1:3:4:1:0:,recombination,4903.032024917547,1:4:0:2:2:2:3:1:0,0:2:0:1:0:3:4:1:0,MUTATE
2:4:0:3:4:0:0:0:2:,clone,3829.9830601793406,0:2:1:0:0:4:4:1:0
1:4:1:2:2:2:3:1:1:,recombination,4650.09533863085,0:4:1:2:1:2:3:1:0,1:4:0:3:3:0:1:0:1,MUTATE
0:3:1:1:1:3:3:2:0:,recombination,4646.45186577725,0:4:1:1:1:3:3:1:0,1:4:1:3:3:2:1:1:1,MUTATE
0:2:2:0:0:4:4:1:0:,recombination,6112.045465448785,1:4:0:1:1:3:3:1:1,1:4:1:3:3:2:2:0:1,MUTATE
2:4:0:4:4:1:1:0:2:,clone,4812.678004357132,2:4:0:4:4:0:0:0:2
0:3:1:2:1:2:3:1:0:,recombination,4399.563294363043,1:4:1:1:1:3:4:1:0,1:4:0:2:1:3:3:0:1,MUTATE
0:1:0:0:0:4:4:2:0:,recombination,4387.006085435189,0:1:1:0:0:4:4:1:0,0:4:1:2:1:3:3:1:0,MUTATE
1:4:0:1:1:2:3:1:0:,clone,4321.2133690734045,1:4:0:1:1:2:3:1:0
1:4:0:3:3:1:1:0:2:,recombination,4031.46191135228,2:4:1:4:4:0:0:0:2,0:3:1:1:1:3:3:0:0,MUTATE
1:4:1:2:1:3:3:0:1:,recombination,5091.36483555974,1:4:0:3:3:1:1:0:2,1:4:1:2:1:2:3:1:0,MUTATE
1:4:1:2:2:3:3:1:1:,recombination,4658.433829796473,1:4:1:2:2:1:1:0:1,1:4:0:3:3:1:1:0:2
2:4:1:4:4:0:0:0:2:,recombination,3994.9189577927996,0:3:1:1:0:4:4:2:0,0:4:1:2:2:2:2:1:0,MUTATE
1:4:0:3:3:1:0:0:1:,recombination,4056.3647217228854,1:4:0:3:3:1:1:0:1,0:3:1:1:0:4:4:1:0
2:4:1:3:3:0:1:0:2:,clone,4520.158504811518,2:4:1:3:3:0:0:0:2
0:2:1:0:0:4:4:2:0:,recombination,4101.824008975829,0:2:0:1:0:3:4:1:0,1:4:1:2:1:2:3:0:1,MUTATE
2:4:0:4:4:0:0:0:3:,clone,4454.184764102935,0:1:1:0:0:4:4:2:0
2:4:0:3:4:0:1:0:2:,clone,4606.928836312327,2:4:0:3:4:0:1:0:2
1:4:0:3:2:1:2:0:2:,recombination,4717.201314757334,0:3:1:2:1:2:3:1:0,0:4:1:1:1:3:3:1:0
0:3:0:1:1:4:4:1:0:,clone,4888.487813937244,0:3:1:1:1:3:4:1:0
2:4:0:3:3:1:1:0:2:,clone,4417.3326471867595,2:4:0:3:3:1:1:0:2
1:4:0:4:4:0:0:0:2:,clone,3975.798819525174,2:4:0:4:4:0:0:0:2
1:4:0:4:4:0:0:0:1:,clone,4118.3351864645765,1:4:0:4:4:0:0:0:1
1:4:0:3:4:0:0:0:1:,clone,4035.6797958519624,1:4:0:3:4:0:0:0:1
1:4:0:3:3:0:0:0:1:,recombination,3968.4740917388776,0:2:2:0:0:4:4:1:0,1:4:0:4:4:0:0:0:2,MUTATE
2:4:0:3:4:0:0:0:2:,clone,3687.3942887837084,0:2:1:0:0:4:4:2:0
1:4:0:3:3:1:1:0:2:,clone,3986.159749326618,1:4:0:3:3:1:1:0:2
1:4:1:1:1:3:3:0:1:,recombination,6092.956106923019,1:4:0:3:3:1:1:0:2,1:4:1:2:2:2:3:1:0
2:4:0:3:3:0:0:0:2:,clone,3715.1622493475124,2:4:0:3:3:0:0:0:2
1:4:0:2:2:1:1:0:1:,recombination,3742.0329992455167,0:3:1:1:1:3:3:2:0,1:4:1:3:2:1:1:0:1
1:4:0:2:2:2:2:1:1:,recombination,3931.7498904683425,0:3:0:1:1:3:3:1:0,1:4:0:2:2:1:1:0:1
1:4:0:2:2:2:2:0:1:,clone,3874.795945147547,1:4:0:2:2:2:2:0:1
0:3:0:2:2:2:2:1:0:,clone,3874.795945147547,1:4:0:2:2:2:2:0:1
1:3:0:2:1:2:3:1:0:,clone,4517.141068267433,1:3:0:2:1:2:3:1:0
1:3:0:2:1:2:2:1:0:,clone,4234.394084268586,1:3:0:2:1:2:2:1:0
0:3:1:1:0:4:3:1:0:,recombination,4093.276681959162,0:2:1:1:1:3:3:1:0,1:4:0:2:2:2:3:0:1
1:4:1:3:3:0:1:0:2:,clone,4215.6300427306,1:4:1:3:4:0:0:0:2
0:2:2:0:0:4:4:1:0:,clone,5953.823991936625,0:2:2:0:0:4:4:1:0
1:4:1:2:1:2:3:0:1:,clone,4466.87112144218,1:4:1:2:2:2:2:0:1
1:4:0:3:3:1:2:0:2:,recombination,4655.112095871117,1:4:0:3:3:2:2:1:1,0:4:1:2:2:2:3:0:0
0:2:1:1:0:4:4:1:0:,recombination,4204.616607255245,1:4:1:2:1:2:2:1:1,1:4:0:2:2:2:3:0:1,MUTATE
1:4:0:2:2:1:1:0:2:,clone,4286.114484790373,1:4:0:2:2:1:2:0:2
1:4:0:3:3:0:1:0:2:,recombination,3944.619725922853,0:4:1:2:2:1:2:0:0,0:4:1:1:1:2:3:1:0,MUTATE
2:4:0:3:3:1:1:0:2:,recombination,4379.56867691864,1:4:1:1:1:2:3:0:1,1:4:1:3:3:2:2:0:1
2:4:0:3:3:1:0:0:2:,clone,4112.952276513076,2:4:0:3:3:1:0:0:2
0:3:1:2:1:2:2:1:0:,recombination,4186.010761111335,1:4:1:2:1:3:3:0:1,1:4:1:2:1:2:3:0:1,MUTATE
1:4:1:2:2:1:2:1:1:,recombination,4102.932784036013,0:3:1:2:2:2:3:1:0,0:2:0:1:0:4:4:1:0
1:4:1:1:1:2:2:1:0:,clone,4021.511475227799,1:4:1:2:2:2:2:1:1
0:3:1:1:1:4:3:1:0:,clone,4437.862549815261,0:3:1:1:1:4:3:1:0
0:4:1:1:1:4:4:1:0:,clone,5494.44162159737,0:4:1:1:1:4:4:1:0
1:4:1:2:2:2:3:1:0:,clone,4728.776841429451,1:4:1:2:2:2:3:1:1
2:4:0:3:3:1:1:0:2:,clone,4197.405466594968,2:4:0:3:3:1:1:0:2
0:4:1:1:1:4:4:1:0:,clone,5491.674760077855,0:4:1:1:1:4:4:1:0
0:2:0:1:1:4:3:1:0:,recombination,4846.30873219263,0:1:1:0:0:4:4:2:0,1:3:0:2:1:2:2:1:0,MUTATE
1:4:0:1:1:2:3:1:0:,clone,4292.056052169927,1:4:0:1:1:2:3:1:0
0:3:1:1:1:2:3:1:0:,clone,4033.7657813596647,0:3:1:1:1:2:3:1:0
0:3:1:0:0:3:4:1:0:,recombination,4253.496368347436,1:4:1:1:1:3:3:1:0,1:4:0:2:2:2:2:0:2,MUTATE
0:3:1:1:1:2:3:1:0:,clone,4000.19294283608,0:3:0:1:1:2:3:1:0
0:2:1:1:1:2:3:1:0:,recombination,4666.952102184429,0:3:1:1:0:3:4:2:0,0:3:1:1:1:2:3:1:0
1:4:0:1:1:2:3:1:0:,clone,4062.399568999095,0:3:0:1:1:2:3:1:0
0:3:1:1:1:2:3:1:0:,clone,3901.3682543146424,0:3:1:1:1:2:3:1:0
0:3:1:1:1:3:3:1:0:,recombination,3973.611576467046,1:4:0:1:1:2:3:1:0,1:4:0:2:2:2:2:1:0,MUTATE
0:3:1:1:1:2:3:1:0:,clone,3866.092082817811,0:3:1:1:1:2:3:1:0
0:3:1:1:1:2:3:1:0:,clone,3835.1448310385176,0:3:1:1:1:2:3:1:0
0:3:1:1:1:2:3:1:0:,clone,3830.884208670332,0:3:1:1:1:2:3:1:0
0:2:0:1:0:4:4:1:0:,clone,4456.875880545568,0:2:0:0:0:4:4:1:0
0:2:0:0:0:4:4:1:0:,recombination,4455.507281171628,0:1:1:0:0:4:4:1:0,0:3:0:2:1:3:3:1:0
0:2:0:0:0:4:4:2:0:,recombination,4322.720460913883,0:3:1:1:1:4:4:1:0,1:4:0:3:3:1:1:0:2
0:3:0:1:1:4:3:1:0:,recombination,4448.0403962425635,1:3:0:2:1:3:3:1:0,1:4:0:1:1:3:3:1:0
0:1:0:0:0:4:4:2:0:,clone,4322.720460913882,0:1:1:0:0:4:4:2:0
0:2:0:0:0:4:4:2:0:,recombination,4241.9475952237135,1:4:1:3:2:1:1:0:1,0:3:0:1:1:4:3:1:0,MUTATE
0:3:1:1:1:4:4:2:0:,recombination,4787.905516201728,0:3:1:0:0:4:4:2:0,0:3:1:2:2:3:3:1:0,MUTATE
0:1:0:0:0:4:4:2:0:,clone,4268.891258647314,0:1:0:0:0:4:4:2:0
0:1:0:0:0:4:4:2:0:,recombination,4221.991764365125,2:4:0:3:3:1:1:0:2,1:4:0:2:1:2:3:0:1,MUTATE
1:4:0:1:1:3:3:1:0:,recombination,4293.3767153984045,1:4:0:3:2:1:2:0:2,1:4:0:2:1:2:3:1:0,MUTATE
0:2:1:1:1:4:4:1:0:,clone,4728.401036664324,0:2:1:1:0:4:4:1:0
0:2:0:1:1:4:4:2:0:,recombination,4921.871545815611,1:4:1:2:2:2:2:0:1,0:2:1:1:1:4:4:1:0,MUTATE
0:2:0:1:1:4:4:2:0:,clone,4839.038633937179,0:2:0:1:1:4:4:2:0
1:3:0:2:2:3:2:1:0:,recombination,5178.593888131145,1:4:0:3:3:2:1:1:1,1:4:0:3:4:0:1:0:2,MUTATE
0:2:0:1:1:3:4:1:0:,clone,4744.170304132127,0:2:0:1:1:4:4:2:0
0:2:0:1:1:4:4:1:0:,clone,5047.23753420535,0:2:1:1:1:4:4:1:0
0:1:1:0:0:4:4:1:0:,clone,4212.2766544778615,0:1:1:0:0:4:4:1:0
0:1:0:0:0:4:4:2:0:,clone,4173.244663112304,0:1:0:0:0:4:4:2:0
0:1:1:0:0:4:4:2:0:,clone,4061.1972941773224,0:1:1:0:0:4:4:2:0
0:2:1:0:0:4:4:1:0:,recombination,4008.2822109673425,0:1:1:0:0:4:4:2:0,1:4:0:2:2:1:2:0:2,MUTATE
0:1:1:0:0:4:4:2:0:,clone,4055.4609180240564,0:1:1:0:0:4:4:2:0
0:1:1:0:0:4:4:2:0:,clone,3972.237292105846,0:1:1:0:0:4:4:2:0
0:2:1:0:0:4:4:1:0:,clone,3919.322208895866,0:2:1:0:0:4:4:1:0
0:2:1:0:0:4:4:2:0:,recombination,3972.237292105846,0:1:1:0:0:4:4:1:0,1:4:0:2:2:2:2:0:2
0:2:0:0:0:4:4:2:0:,recombination,4133.202737326504,0:2:1:0:0:4:4:1:0,1:4:1:2:2:2:2:1:1
0:2:0:1:0:4:4:1:0:,clone,4141.689106015714,0:2:0:1:0:3:3:1:0
0:4:1:1:0:3:4:1:0:,recombination,5098.239934494968,1:4:0:3:3:0:1:0:1,0:2:1:1:1:2:3:1:0,MUTATE
0:4:1:1:0:3:4:1:0:,clone,5040.752731628414,0:4:1:1:0:3:4:1:0
2:4:1:4:4:0:0:0:2:,clone,3973.6761743782936,2:4:1:4:4:0:0:0:2
1:4:1:3:3:1:0:0:1:,recombination,4194.007758346694,0:4:1:2:2:1:2:0:0,1:4:1:3:3:1:1:0:1
2:4:0:3:3:1:1:0:2:,clone,3971.3974186346654,2:4:0:3:3:1:1:0:2
1:4:1:1:1:4:4:1:0:,recombination,5731.664927140889,0:1:1:0:0:4:4:2:0,0:3:1:1:1:4:4:1:0,MUTATE
1:4:1:3:4:0:0:0:2:,recombination,4089.0685161252786,1:4:1:3:3:1:1:0:1,0:4:1:1:1:3:3:1:0
1:4:0:1:1:4:4:1:0:,clone,5375.6209290082925,1:4:0:1:1:4:4:1:0
0:1:0:0:0:4:4:2:0:,clone,4149.728425982443,0:1:0:0:0:4:4:2:0
0:3:0:1:0:3:4:2:0:,clone,4469.654754151757,0:3:0:1:0:3:4:2:0
0:4:1:2:1:3:3:0:0:,clone,5040.1836712846625,1:4:1:2:2:2:3:0:1
0:4:1:1:1:3:3:0:0:,clone,5043.629119075375,0:4:1:1:1:3:3:0:0
0:2:0:1:1:4:3:2:0:,recombination,4646.13167771611,0:2:0:0:0:4:4:1:0,1:4:0:3:3:2:1:0:1,MUTATE
1:4:0:3:3:1:1:0:1:,clone,3981.482352991152,1:4:0:3:3:1:1:0:1
1:4:1:4:4:0:0:0:2:,clone,4249.207149967086,0:2:1:0:0:4:4:1:0
1:4:0:2:3:1:1:0:1:,clone,3981.482352991152,1:4:0:2:3:1:1:0:1
1:4:1:3:4:1:1:0:1:,clone,4734.921385648932,1:4:1:4:4:1:1:0:1
0:2:1:1:1:4:4:2:0:,recombination,4908.711766868443,1:4:1:1:1:3:3:1:0,1:4:1:4:4:1:1:0:2,MUTATE
1:4:0:2:2:2:1:1:1:,clone,4127.417219262865,1:4:0:2:2:2:2:1:1
0:3:0:2:1:2:2:1:0:,recombination,4133.924321324868,0:4:1:1:1:2:3:0:0,1:4:0:2:3:1:1:0:1,MUTATE
0:4:0:2:2:3:3:1:0:,clone,5224.296895489184,0:4:0:2:2:2:2:1:0
1:4:1:3:4:1:0:0:1:,clone,4675.266333600982,1:4:1:3:4:1:1:0:1
1:4:1:3:3:1:2:1:1:,clone,4650.832171569407,1:4:1:3:3:1:2:1:1
0:2:1:1:1:4:3:2:0:,clone,4411.5044757526175,0:2:1:1:1:4:3:2:0
0:2:0:1:1:4:3:1:0:,clone,4598.111603465733,0:3:0:1:1:4:3:1:0
0:2:1:1:1:4:4:2:0:,clone,4891.2467394561045,0:2:1:1:1:4:4:2:0
0:2:0:0:0:4:4:1:0:,recombination,4299.942353104826,0:1:1:0:0:4:4:2:0,0:3:0:2:1:3:3:1:0,MUTATE
1:4:1:2:2:1:3:1:1:,recombination,4683.0291727112935,1:4:1:1:1:2:3:0:1,1:4:1:2:1:2:3:1:0,MUTATE
2:4:0:4:4:0:1:0:2:,clone,4777.31659432788,2:4:0:4:4:0:1:0:2
1:4:0:3:3:2:1:1:1:,clone,4474.465507595975,1:4:0:3:3:2:2:1:1
0:2:1:0:0:3:4:2:0:,clone,4395.932118335918,0:2:1:0:0:3:4:2:0
1:3:0:1:1:3:4:1:0:,recombination,5065.630893574616,1:4:1:2:2:1:2:0:1,1:4:1:1:1:2:3:0:1
1:3:1:1:1:3:4:1:0:,recombination,5438.109785569899,1:4:0:2:1:2:3:1:1,0:3:1:1:1:2:3:0:0,MUTATE
1:4:1:3:2:2:2:1:1:,recombination,4879.501362896974,1:4:0:2:2:3:2:1:1,1:4:0:2:1:3:3:1:1,MUTATE
0:3:1:1:1:4:4:1:0:,clone,4629.7229831522445,0:3:1:1:1:4:4:1:0
2:4:0:3:3:1:2:0:2:,clone,4692.49874835089,2:4:0:3:3:1:1:0:2
1:4:0:2:2:1:2:0:2:,clone,4692.49874835089,1:4:0:2:2:1:2:0:2
1:4:0:3:3:2:2:0:2:,clone,5025.092263478018,1:4:0:3:3:2:1:0:2
0:2:1:1:0:3:3:1:0:,recombination,4346.720368442048,0:3:1:1:1:2:3:0:0,0:3:1:1:1:3:4:2:0,MUTATE
1:4:0:2:3:0:1:0:1:,recombination,3743.253053159171,1:3:0:1:1:3:4:1:0,0:3:0:1:1:4:4:1:0,MUTATE
0:3:0:2:2:2:3:1:0:,clone,4690.70852351459,0:4:0:2:2:2:2:1:0
1:4:0:2:2:2:3:1:1:,clone,4622.359240565044,1:4:0:2:2:2:3:1:1
1:4:1:1:1:3:4:1:0:,recombination,5156.122431951212,0:3:1:1:0:3:3:1:0,0:1:1:0:0:4:4:1:0
0:4:1:1:0:3:4:1:0:,clone,5001.599792356165,0:4:1:1:0:3:4:1:0
1:4:0:3:3:0:1:0:1:,clone,3887.8834012672532,1:4:0:2:2:1:1:0:1
1:4:0:3:3:1:2:0:1:,clone,4633.133216844394,1:4:0:3:3:1:2:0:1
1:4:0:3:3:1:1:1:1:,recombination,4499.315306132369,0:3:1:2:1:2:3:0:0,2:4:0:3:4:0:0:0:2,MUTATE
1:4:0:2:3:1:1:1:1:,clone,4373.995370803688,1:4:0:2:3:1:1:1:1
1:4:1:3:3:1:2:0:2:,recombination,5162.317361523872,1:4:0:3:2:2:1:1:1,1:4:0:2:2:2:1:0:1,MUTATE
1:4:1:3:3:2:2:0:2:,recombination,5555.389964468571,1:4:1:3:3:1:2:0:2,1:4:0:2:2:3:3:0:1,MUTATE
1:4:1:3:3:2:2:0:2:,clone,5126.889134736108,1:4:1:3:3:2:2:0:2
0:3:1:2:2:3:3:1:0:,recombination,4847.294918009341,1:4:0:1:1:4:4:1:0,0:4:1:2:2:3:3:0:0
1:4:1:4:4:0:0:0:2:,clone,4210.824759689665,1:4:1:4:4:0:0:0:2
0:2:0:1:1:3:3:1:0:,recombination,4385.108456900368,0:2:0:1:1:4:3:1:0,1:4:0:3:3:1:2:0:2,MUTATE
1:4:0:2:1:3:3:1:1:,clone,4444.246935239588,1:4:0:2:1:3:3:1:1
1:4:0:1:1:3:3:1:0:,recombination,4178.619599648995,0:4:0:2:2:3:3:1:0,0:3:0:1:1:4:3:1:0
1:4:0:2:2:1:1:0:2:,clone,4211.631530145917,1:4:0:2:2:1:1:0:2
1:4:1:3:2:1:2:0:1:,recombination,4647.335112011995,1:4:0:3:3:2:2:0:1,1:4:1:4:4:0:0:0:2,MUTATE
0:2:1:1:1:3:4:1:0:,recombination,4644.832913122058,0:3:1:1:1:3:4:0:0,0:3:1:1:0:3:3:1:0
0:3:0:1:0:4:4:1:0:,clone,4475.888213511663,0:3:0:1:0:4:4:1:0
1:4:0:3:3:2:1:0:1:,recombination,4466.444951895698,2:4:0:3:3:0:1:0:2,0:1:0:0:0:4:4:2:0,MUTATE
0:3:1:1:1:4:3:1:0:,recombination,4407.922565761323,0:2:0:1:0:4:4:1:0,0:4:1:1:1:3:3:0:0
0:3:1:1:1:4:4:2:0:,recombination,4687.865762504152,0:1:1:0:0:4:4:2:0,0:4:1:2:1:3:3:0:0,MUTATE
1:4:0:2:1:2:2:1:0:,clone,4301.192022753697,1:4:0:2:2:2:2:1:1
0:2:0:1:0:4:4:2:0:,recombination,4372.900714198251,0:3:1:1:1:4:3:1:0,0:1:1:0:0:4:4:2:0
0:3:1:1:0:3:4:2:0:,clone,4422.708905227726,0:3:1:1:0:3:4:2:0
0:4:1:1:0:4:4:1:0:,clone,5744.9578033204725,0:3:1:1:1:3:4:1:0
0:3:0:1:0:4:4:1:0:,clone,4472.886110863989,0:3:0:1:0:4:4:1:0
0:2:1:1:1:4:4:2:0:,recombination,4733.487219625808,0:2:1:1:1:4:3:1:0,1:4:0:3:3:1:2:0:1
1:4:0:3:3:1:1:0:2:,recombination,3820.797693455724,1:4:1:2:2:1:2:0:1,1:4:1:2:2:2:3:0:1,MUTATE
1:4:0:2:2:1:2:0:1:,recombination,4010.5145846785495,1:4:0:3:3:1:1:0:2,2:4:1:3:3:0:0:0:2
0:3:0:1:1:2:2:1:0:,clone,3991.0845116466376,0:3:0:1:1:2:2:1:0
1:4:0:1:1:2:2:0:1:,recombination,4247.391372814911,0:4:1:2:1:3:3:0:0,1:3:0:2:1:3:3:1:0,MUTATE
1:4:0:2:2:1:2:1:1:,clone,4005.3486025465236,1:4:0:2:2:1:2:0:1
1:4:0:1:1:2:2:1:1:,recombination,3995.1868098506457,0:3:1:2:2:1:2:0:0,1:4:0:2:2:1:2:1:1,MUTATE
1:4:1:1:1:3:3:1:1:,recombination,4241.539780967493,0:4:1:2:1:3:3:1:0,0:4:1:2:2:3:3:0:0,MUTATE
1:3:0:1:1:2:3:1:0:,clone,3859.4137362748106,1:3:0:1:1:2:3:1:0
0:3:1:1:1:3:3:1:0:,clone,3927.4179522852255,0:3:1:1:1:2:3:1:0
1:4:1:1:1:2:3:1:1:,clone,4088.037015953243,1:3:0:1:1:2:3:1:0
1:3:0:1:1:3:3:1:0:,clone,4290.970910849968,1:4:0:1:1:3:3:1:1
1:4:1:1:1:3:3:1:1:,clone,4200.637785642983,1:4:1:1:1:3:3:1:1
1:4:1:1:1:3:3:1:0:,clone,4118.0474876408825,1:4:1:1:1:3:3:1:1
0:3:1:1:0:3:4:1:0:,clone,3986.851768074776,0:3:1:1:0:3:4:1:0
2:4:0:4:4:0:0:0:2:,recombination,3900.829298994251,0:3:0:1:1:4:3:1:0,0:3:1:1:1:3:4:2:0,MUTATE
0:4:1:1:1:2:2:1:0:,recombination,4172.148524982094,1:4:1:2:2:1:2:0:1,0:4:1:2:2:1:3:0:0
0:3:0:1:1:2:3:0:0:,recombination,5059.333935080359,1:4:0:2:1:2:3:1:0,0:2:1:1:1:3:3:2:0
1:4:0:2:1:2:3:0:1:,clone,4652.4026776567125,1:4:0:2:2:2:2:0:1
1:4:0:1:1:3:3:1:1:,clone,4200.9895864310165,1:4:0:1:1:3:3:1:1
