4:4:4:4:4:2:2:4:4:,initialisation,15360.493386698156,
4:4:4:4:4:3:3:4:4:,initialisation,15073.512915158914,
4:4:4:4:4:1:2:4:4:,initialisation,15882.20531981808,
4:4:4:4:4:2:2:4:4:,initialisation,14670.848941311768,
4:4:4:4:4:1:1:4:4:,initialisation,15432.708490865936,
4:4:4:4:4:1:2:4:4:,initialisation,15661.409104709537,
4:4:4:4:4:1:2:4:4:,initialisation,15637.626355400387,
4:4:4:4:4:1:2:4:4:,initialisation,13066.68285736913,
4:4:4:4:4:0:0:0:4:,initialisation,12217.059599674623,
4:4:4:4:4:2:3:4:4:,initialisation,15378.992027251486,
4:4:4:4:4:3:2:4:4:,initialisation,16730.712869948762,
4:4:4:4:4:1:1:4:4:,initialisation,15181.059941473775,
4:4:4:4:4:2:2:4:4:,initialisation,14229.92356133464,
4:4:4:4:4:3:2:4:4:,initialisation,16080.999210846532,
4:4:4:4:4:2:3:4:4:,initialisation,14786.544943152669,
4:4:4:4:4:2:2:4:4:,initialisation,13798.544277610776,
4:4:4:4:4:1:1:4:4:,initialisation,15160.427216025793,
4:4:4:4:4:1:1:4:4:,initialisation,15090.984121803507,
4:4:4:4:4:1:1:4:4:,initialisation,14804.958013782809,
4:4:4:4:4:1:1:4:4:,initialisation,14683.592520499002,
4:4:4:4:4:3:2:4:4:,initialisation,15774.361197183043,
4:4:4:4:4:3:2:4:4:,initialisation,15676.603862083488,
4:4:4:4:4:1:1:4:4:,initialisation,13462.725287738462,
4:4:4:4:4:2:3:4:4:,initialisation,14367.015971319248,
4:3:4:4:4:3:3:4:4:,initialisation,14379.255213474406,
4:4:4:4:4:2:2:4:4:,initialisation,13289.56578166885,
4:4:4:4:4:3:3:4:4:,initialisation,14402.394331107353,
4:4:4:4:4:3:2:4:4:,initialisation,15597.344673114549,
4:4:4:4:4:2:1:4:4:,initialisation,16480.843245639328,
4:4:4:4:4:1:1:4:4:,initialisation,13267.4410724947,
4:4:4:4:4:1:1:4:4:,initialisation,13256.85087235341,
4:4:4:4:4:3:2:4:4:,initialisation,15303.852355186302,
4:4:4:4:4:2:3:4:4:,initialisation,14171.025797026346,
4:4:4:4:4:1:2:4:4:,initialisation,12725.577665851357,
4:4:4:4:4:1:1:4:4:,initialisation,13053.077628441906,
4:4:4:4:4:2:3:4:4:,initialisation,14170.145513183525,
4:4:4:4:4:0:1:4:4:,initialisation,12857.005750936709,
4:4:4:4:4:2:1:4:4:,initialisation,15762.348228275445,
4:4:4:4:4:2:3:4:4:,initialisation,13942.393270469116,
4:4:4:4:4:2:1:4:4:,initialisation,15676.973035968116,
4:4:4:4:4:2:1:4:4:,initialisation,14725.81059682162,
4:4:4:4:4:2:1:4:4:,initialisation,14617.642892959748,
4:4:4:4:4:2:2:4:4:,initialisation,13115.546712317624,
4:3:4:4:4:2:3:4:4:,initialisation,14770.424356124426,
4:4:4:4:4:2:3:4:4:,initialisation,13900.422588124135,
4:4:4:4:4:2:3:4:4:,initialisation,13890.34237660152,
4:4:4:4:4:2:2:4:4:,clone,13041.885380376998,4:4:4:4:4:2:2:4:4
4:4:4:4:4:2:3:4:4:,clone,13875.638250224718,4:4:4:4:4:2:3:4:4
4:4:4:4:4:2:3:4:4:,clone,13681.972524501572,4:4:4:4:4:2:3:4:4
4:4:4:4:4:2:3:4:4:,clone,13551.22820502427,4:4:4:4:4:2:3:4:4
4:4:4:4:4:1:2:4:4:,clone,12711.774500037598,4:4:4:4:4:1:2:4:4
4:4:4:4:4:2:2:4:4:,recombination,12977.325978930812,4:4:4:4:4:2:2:4:4,4:4:4:4:4:2:2:4:4,MUTATE
4:4:4:4:4:1:1:4:4:,recombination,12800.340136124689,4:4:4:4:4:1:2:4:4,4:4:4:4:4:2:3:4:4,MUTATE
4:4:4:4:4:1:1:4:4:,recombination,12771.32333856798,4:4:4:4:4:2:3:4:4,4:4:4:4:4:1:1:4:4
4:4:4:4:4:1:3:4:4:,recombination,12938.8431546651,4:4:4:4:4:2:3:4:4,4:4:4:4:4:1:2:4:4
4:3:4:4:4:3:3:4:4:,clone,14361.706311482007,4:3:4:4:4:3:3:4:4
4:4:4:4:4:1:1:4:4:,recombination,12386.8665092676,4:4:4:4:4:1:2:4:4,4:4:4:4:4:1:1:4:4,MUTATE
4:4:4:4:4:1:1:4:4:,recombination,12307.558541323933,4:4:4:4:4:1:1:4:4,4:4:4:4:4:2:3:4:4
4:4:4:4:4:1:2:4:4:,clone,12596.348492199098,4:4:4:4:4:1:1:4:4
4:4:4:4:4:0:0:0:4:,clone,12187.804182671587,4:4:4:4:4:0:0:0:4
4:4:4:4:4:3:3:4:4:,clone,14288.117580439513,4:3:4:4:4:3:3:4:4
4:4:4:4:4:2:3:4:4:,recombination,13482.629492278584,4:4:4:4:4:2:3:4:4,4:4:4:4:4:1:1:4:4
4:4:4:4:4:2:3:4:4:,recombination,13267.428481747469,4:4:4:4:4:1:1:4:4,4:4:4:4:4:2:3:4:4,MUTATE
4:3:4:4:4:2:3:4:4:,clone,14314.813921424222,4:4:4:4:4:2:3:4:4
4:3:4:4:4:2:3:4:4:,clone,14298.117648615373,4:3:4:4:4:2:3:4:4
4:3:4:4:4:3:3:4:4:,recombination,14109.004902869932,4:4:4:4:4:2:3:4:4,4:4:4:4:4:2:2:4:4
4:3:4:4:4:2:3:4:4:,clone,14294.787534920799,4:3:4:4:4:2:4:4:4
4:3:4:4:4:2:4:4:4:,recombination,14314.813921424222,4:4:4:4:4:2:3:4:4,4:4:4:4:4:2:3:4:4,MUTATE
4:3:4:4:4:2:4:4:4:,clone,14280.277700073631,4:3:4:4:4:2:4:4:4
4:3:4:4:4:2:4:4:4:,recombination,14208.503535640019,4:3:4:4:4:2:3:4:4,4:4:4:4:4:2:3:4:4
4:3:4:4:4:2:3:4:4:,recombination,14225.19980844887,4:4:4:4:4:2:3:4:4,4:3:4:4:4:2:3:4:4
4:3:4:4:4:3:4:4:4:,recombination,14502.507856983868,4:3:4:4:4:2:4:4:4,4:4:4:4:4:1:1:4:4,MUTATE
4:3:4:4:4:2:3:4:4:,clone,14021.313645877828,4:3:4:4:4:2:4:4:4
4:3:4:4:4:2:3:4:4:,clone,13871.385811051363,4:3:4:4:4:2:3:4:4
4:4:4:4:4:3:3:4:4:,recombination,13950.093054086019,4:3:4:4:4:2:3:4:4,4:4:4:4:4:2:1:4:4
4:3:4:4:4:2:3:4:4:,clone,13866.684038380245,4:3:4:4:4:2:3:4:4
4:3:4:4:4:3:4:4:4:,recombination,14468.148232794414,4:4:4:4:4:2:3:4:4,4:4:4:4:4:2:2:4:4,MUTATE
4:4:4:4:4:3:3:4:4:,clone,13660.54414747403,4:4:4:4:4:3:3:4:4
4:3:4:4:4:3:4:4:4:,recombination,14342.44946496758,4:4:4:4:4:1:3:4:4,4:3:4:4:4:2:3:4:4
4:3:4:4:4:3:3:4:4:,clone,14040.072037985648,4:3:4:4:4:3:3:4:4
4:3:4:4:4:3:4:4:4:,clone,14059.1299517158,4:3:4:4:4:3:4:4:4
4:3:4:4:4:4:4:4:4:,recombination,16173.647159267102,4:4:4:4:4:2:3:4:4,4:4:4:4:4:1:2:4:4
4:3:4:4:4:4:4:4:4:,clone,15439.853188410907,4:3:4:4:4:4:4:4:4
4:3:4:4:4:4:4:4:3:,recombination,15639.663638340136,4:4:4:4:4:1:3:4:4,4:4:4:4:4:1:1:4:4
4:3:4:4:4:4:4:4:4:,recombination,15182.779950172146,4:3:4:4:4:3:4:4:4,4:4:4:4:4:2:3:4:4,MUTATE
4:4:4:4:4:4:3:4:4:,recombination,16794.42019866749,4:4:4:4:4:3:2:4:4,4:4:4:4:4:1:1:4:4,MUTATE
4:4:4:4:4:4:3:4:4:,recombination,16455.97181808787,4:4:4:4:4:3:2:4:4,4:4:4:4:4:1:1:4:4,MUTATE
4:4:4:4:4:4:4:4:4:,recombination,16515.895697819953,4:3:4:4:4:2:3:4:4,4:4:4:4:4:4:3:4:4,MUTATE
4:3:4:4:4:3:4:4:3:,clone,15121.23172594669,4:3:4:4:4:3:4:4:3
4:3:4:4:4:4:4:4:3:,recombination,15308.838458465267,4:4:4:4:4:2:3:4:4,4:4:4:4:4:1:3:4:4,MUTATE
4:4:4:4:4:4:3:4:4:,clone,16092.756905893537,4:4:4:4:4:4:3:4:4
4:3:4:4:4:4:4:4:3:,recombination,15279.938581316543,4:3:4:4:4:4:4:4:4,4:3:4:4:4:2:4:4:4,MUTATE
4:3:4:4:4:4:4:4:3:,clone,15126.839074781936,4:3:4:4:4:4:4:4:3
4:3:4:4:4:4:4:4:2:,recombination,15774.28873356324,4:3:4:4:4:3:4:4:4,4:4:4:4:4:1:1:4:4
4:3:4:4:4:4:4:4:2:,recombination,15665.736019237302,4:3:4:4:4:2:3:4:4,4:3:4:4:4:2:3:4:4,MUTATE
4:4:4:4:4:3:4:4:4:,recombination,15943.28341901554,4:3:4:4:4:2:3:4:4,4:4:4:4:4:2:1:4:4
4:3:4:4:4:4:4:4:4:,recombination,15180.480854398069,4:4:4:4:4:1:1:4:4,4:3:4:4:4:4:4:4:3
4:3:4:4:4:4:4:4:2:,clone,15419.81314609052,4:3:4:4:4:4:4:4:3
4:4:4:4:4:4:4:4:4:,clone,16304.125484219763,4:4:4:4:4:4:4:4:4
4:4:4:4:4:3:2:4:4:,recombination,15241.573637808684,4:4:4:4:4:1:1:4:4,4:4:4:4:4:2:1:4:4
4:3:4:4:4:4:4:4:3:,recombination,15092.776365216938,4:4:4:4:4:2:2:4:4,4:3:4:4:4:4:4:4:3
4:4:4:4:4:3:2:4:4:,recombination,14543.74393872694,4:4:4:4:4:2:2:4:4,4:4:4:4:4:2:1:4:4,MUTATE
4:3:4:4:4:4:4:4:2:,clone,15346.61651651352,4:3:4:4:4:4:4:4:2
4:4:4:4:4:4:4:4:4:,recombination,15994.677165874873,4:3:4:4:4:4:4:4:4,4:4:4:4:4:4:3:4:4,MUTATE
4:3:4:4:4:4:4:4:4:,recombination,15155.022646068655,4:3:4:4:4:4:4:4:4,4:4:4:4:4:3:4:4:4
4:4:4:4:4:0:0:2:4:,recombination,12723.768794101697,4:4:4:4:4:0:0:0:4,4:4:4:4:4:1:1:4:4
4:3:4:4:4:4:4:4:2:,recombination,15016.738546530796,4:4:4:4:4:3:3:4:4,4:3:4:4:4:2:3:4:4
4:3:4:4:4:4:4:4:2:,recombination,15002.377381669781,4:3:4:4:4:4:4:4:4,4:4:4:4:4:4:3:4:4,MUTATE
3:2:4:4:4:4:4:4:1:,recombination,16232.09245616807,4:3:4:4:4:4:4:4:4,4:3:4:4:4:4:4:4:3
4:2:4:4:4:4:4:4:2:,clone,15733.188544565932,4:2:4:4:4:4:4:4:2
4:4:4:4:4:3:4:4:4:,recombination,15849.709517026851,4:4:4:4:4:2:3:4:4,4:4:4:4:4:2:1:4:4
4:2:4:4:4:4:4:4:2:,recombination,15589.957542927434,4:4:4:4:4:3:3:4:4,4:4:4:4:4:2:3:4:4
4:2:4:4:4:4:4:4:1:,clone,15733.188544565934,4:2:4:4:4:4:4:4:2
3:2:4:4:3:4:4:4:1:,clone,16232.09245616807,3:2:4:4:3:4:4:4:1
3:2:4:4:4:4:4:4:1:,recombination,15589.957542927434,4:4:4:4:4:3:3:4:4,4:2:4:4:4:4:4:4:2
4:3:4:4:4:4:4:4:4:,clone,14885.131631112117,4:3:4:4:4:4:4:4:4
3:2:4:4:3:4:4:4:1:,clone,15957.919840618082,3:2:4:4:4:4:4:4:1
3:2:4:4:1:4:4:4:0:,clone,16475.856187660742,3:2:4:4:3:4:4:4:1
3:2:4:4:1:4:4:4:0:,clone,16358.419504434707,3:2:4:4:1:4:4:4:0
3:2:4:4:1:4:4:4:0:,clone,16291.616477188827,3:2:4:4:1:4:4:4:0
3:2:4:4:1:4:4:4:0:,clone,16177.27961449276,3:2:4:4:1:4:4:4:0
4:4:4:4:4:0:0:4:4:,recombination,13150.5397452875,4:4:4:4:4:0:0:0:4,4:4:4:4:4:3:2:4:4
4:2:4:4:3:4:4:4:1:,recombination,16273.577139526034,4:2:4:4:4:4:4:4:2,4:4:4:4:4:1:1:4:4
4:4:4:4:4:0:0:2:4:,recombination,12647.986008533,4:4:4:4:4:0:1:4:4,4:4:4:4:4:0:0:0:4
3:2:4:4:2:4:4:4:1:,recombination,16682.165754813625,3:2:4:4:4:4:4:4:1,4:4:4:4:4:1:1:4:4,MUTATE
4:3:4:4:3:4:4:4:1:,clone,16944.416044467893,4:3:4:4:3:4:4:4:1
2:2:4:4:0:4:4:4:0:,clone,17110.70267154162,2:2:4:4:0:4:4:4:0
3:2:4:4:2:4:4:4:0:,clone,16907.138892766543,2:2:4:4:0:4:4:4:0
4:3:4:4:3:4:4:4:1:,recombination,16940.089447761067,4:3:4:4:4:4:4:4:3,4:4:4:4:4:2:1:4:4
2:2:4:4:0:4:4:4:0:,clone,17088.128285251692,2:2:4:4:0:4:4:4:0
4:3:4:4:3:4:4:4:1:,recombination,16852.266924445503,4:4:4:4:4:1:1:4:4,4:4:4:4:4:2:3:4:4
4:4:4:4:4:0:0:2:4:,clone,12551.342108931283,4:4:4:4:4:0:0:2:4
2:2:4:4:0:4:4:4:0:,clone,17033.05039362693,2:2:4:4:0:4:4:4:0
4:3:4:4:3:4:4:4:1:,recombination,16827.55475665978,4:4:4:4:4:1:1:4:4,3:2:4:4:3:4:4:4:1
3:2:4:4:1:4:4:4:1:,clone,17209.396710403696,3:2:4:4:1:4:4:4:1
2:2:4:4:0:4:4:4:0:,clone,16853.050621763738,2:2:4:4:0:4:4:4:0
3:2:4:4:1:4:4:4:1:,recombination,17088.70055992634,4:3:4:4:4:4:4:4:3,4:2:4:4:4:4:4:4:1
2:2:4:4:0:4:4:4:0:,clone,16853.050621763734,2:2:4:4:0:4:4:4:0
4:4:4:4:4:4:3:4:4:,clone,16069.611046836557,4:4:4:4:4:4:3:4:4
3:3:4:4:3:4:4:4:1:,recombination,17522.921469723275,4:4:4:4:4:2:3:4:4,4:4:4:4:4:1:3:4:4,MUTATE
4:4:4:4:4:4:3:4:4:,recombination,15564.844421462589,4:4:4:4:4:4:3:4:4,4:4:4:4:4:4:4:4:4,MUTATE
4:3:4:4:4:4:4:4:1:,clone,15833.384132476902,4:3:4:4:4:4:4:4:1
4:4:4:4:4:0:0:3:4:,clone,12674.533170075487,4:4:4:4:4:0:0:2:4
4:3:4:4:2:4:4:4:1:,clone,17144.527074002202,4:3:4:4:2:4:4:4:1
4:3:4:4:2:4:4:4:1:,clone,16885.95851461169,4:3:4:4:2:4:4:4:1
4:3:4:4:2:4:4:4:1:,recombination,16681.24948006828,4:3:4:4:4:4:4:4:3,4:3:4:4:2:4:4:4:1,MUTATE
4:4:4:4:4:0:0:3:4:,clone,12562.30007444487,4:4:4:4:4:0:0:3:4
4:3:4:4:4:4:4:4:1:,clone,15244.15258657377,4:3:4:4:4:4:4:4:1
4:3:4:4:2:4:4:4:1:,clone,16663.2686747193,4:3:4:4:2:4:4:4:1
4:4:4:4:4:0:0:1:4:,clone,13510.077204658623,4:4:4:4:4:0:0:1:4
4:2:4:4:2:4:4:4:1:,recombination,16803.65285335368,3:2:4:4:1:4:4:4:1,4:3:4:4:4:2:3:4:4
4:2:4:4:2:4:4:4:1:,recombination,16466.47877612882,4:3:4:4:2:4:4:4:1,4:4:4:4:4:2:3:4:4
4:3:4:4:2:4:4:4:1:,clone,16618.46937148928,4:2:4:4:2:4:4:4:1
4:2:4:4:2:4:4:4:1:,clone,16379.24105926065,4:2:4:4:2:4:4:4:1
4:3:4:4:4:4:3:4:4:,recombination,15659.977019575095,4:4:4:4:4:2:2:4:4,4:4:4:4:4:3:3:4:4
4:4:4:4:4:3:3:4:4:,recombination,13624.213609542754,4:4:4:4:4:0:0:3:4,4:3:4:4:4:4:4:4:1
4:2:4:4:2:4:4:4:1:,clone,16047.389630465832,4:2:4:4:2:4:4:4:1
4:3:4:4:2:4:4:4:1:,clone,16162.177424406778,4:3:4:4:2:4:4:4:1
3:2:4:4:2:4:4:4:1:,recombination,16207.18572745986,4:4:4:4:4:2:3:4:4,4:3:4:4:4:4:4:4:3,MUTATE
4:2:4:4:4:4:4:4:1:,clone,15467.064689884015,4:2:4:4:4:4:4:4:1
3:2:4:4:2:4:4:4:1:,recombination,16179.498423117597,4:2:4:4:3:4:4:4:1,4:3:4:4:4:4:4:4:3,MUTATE
4:3:4:4:4:4:3:4:4:,clone,15490.324539949279,4:3:4:4:4:4:3:4:4
4:3:4:4:4:4:4:4:3:,recombination,14933.422073014395,4:4:4:4:4:3:3:4:4,3:2:4:4:1:4:4:4:0,MUTATE
4:2:4:4:4:4:4:4:1:,clone,15306.745998644954,4:2:4:4:4:4:4:4:1
4:2:4:4:2:4:4:4:1:,recombination,15746.498431564136,3:2:4:4:1:4:4:4:1,4:4:4:4:4:3:2:4:4,MUTATE
4:2:4:4:4:4:4:4:1:,clone,15025.594126179658,4:2:4:4:4:4:4:4:1
3:2:4:4:1:4:4:4:0:,recombination,16061.500136623821,4:4:4:4:4:0:1:4:4,3:2:4:4:1:4:4:4:1
4:3:4:4:3:4:4:4:1:,recombination,16204.036756764806,4:4:4:4:4:3:4:4:4,3:3:4:4:3:4:4:4:1,MUTATE
4:3:4:4:3:4:4:4:1:,recombination,16199.311821265597,4:3:4:4:4:3:4:4:4,4:3:4:4:3:4:4:4:1,MUTATE
3:2:4:4:1:4:4:4:1:,recombination,16305.137743131352,4:3:4:4:3:4:4:4:1,4:4:4:4:4:1:2:4:4,MUTATE
4:3:4:4:4:4:3:4:4:,recombination,15022.666027754785,3:2:4:4:1:4:4:4:0,4:4:4:4:4:3:2:4:4,MUTATE
2:2:4:4:0:4:4:4:0:,recombination,16829.143541374793,3:3:4:4:3:4:4:4:1,3:2:4:4:2:4:4:4:0,MUTATE
3:2:4:4:1:4:4:4:1:,clone,16223.113440971174,4:2:4:4:2:4:4:4:1
3:2:4:4:1:4:4:4:1:,clone,15880.584376921717,3:2:4:4:1:4:4:4:1
2:2:4:4:0:4:4:4:0:,clone,16349.162631872689,2:2:4:4:0:4:4:4:0
3:2:4:4:0:4:4:4:0:,clone,16166.637960123027,3:2:4:4:0:4:4:4:0
2:2:4:4:0:4:4:4:0:,clone,16231.596118315374,2:2:4:4:0:4:4:4:0
3:2:4:4:2:4:4:4:0:,recombination,16173.197018811403,4:3:4:4:4:4:4:4:2,4:4:4:4:4:2:3:4:4,MUTATE
4:2:4:4:3:4:4:4:1:,clone,15933.034536558454,4:2:4:4:3:4:4:4:1
3:2:4:4:1:4:4:4:1:,recombination,15826.061151933473,4:3:4:4:3:4:4:4:1,4:2:4:4:2:4:4:4:1,MUTATE
4:3:4:4:4:4:4:4:4:,recombination,14785.830440230513,4:3:4:4:4:4:4:4:2,4:4:4:4:4:2:2:4:4
3:2:4:4:1:4:4:4:1:,clone,15776.972491822286,3:2:4:4:1:4:4:4:1
4:4:4:4:4:4:3:4:4:,clone,15385.559398520996,4:3:4:4:4:4:3:4:4
2:2:4:4:0:4:4:4:0:,clone,16206.615032445003,2:2:4:4:0:4:4:4:0
3:2:4:4:3:4:4:4:1:,recombination,15663.078813936118,4:3:4:4:4:4:4:4:1,3:2:4:4:1:4:4:4:0,MUTATE
2:2:4:4:0:4:4:4:0:,clone,16191.814725787155,2:2:4:4:0:4:4:4:0
4:2:4:4:3:4:4:4:1:,clone,15808.20468490353,4:2:4:4:3:4:4:4:1
4:3:4:4:3:4:4:4:1:,recombination,16045.586973685444,4:4:4:4:4:0:0:0:4,4:3:4:4:3:4:4:4:1,MUTATE
4:4:4:4:4:4:4:4:4:,recombination,15627.792661432188,4:4:4:4:4:3:2:4:4,4:2:4:4:3:4:4:4:1
4:4:4:4:4:4:4:4:4:,recombination,15545.723647272822,4:4:4:4:4:4:4:4:4,4:2:4:4:2:4:4:4:1,MUTATE
2:2:4:4:0:4:4:4:0:,recombination,16162.058429518062,4:3:4:4:4:4:3:4:4,4:2:4:4:2:4:4:4:1
3:2:4:4:1:4:4:4:1:,clone,15726.72128658178,3:2:4:4:1:4:4:4:1
2:2:4:4:0:4:4:4:0:,recombination,16112.964384156276,3:2:4:4:1:4:4:4:0,4:3:4:4:4:3:4:4:4,MUTATE
3:2:4:4:1:4:4:4:1:,recombination,15585.188439121634,4:3:4:4:4:4:4:4:3,3:2:4:4:1:4:4:4:1
2:2:4:4:0:4:4:4:0:,recombination,15980.56431476809,4:4:4:4:4:2:3:4:4,4:4:4:4:4:2:3:4:4,MUTATE
2:2:4:4:0:4:4:4:0:,recombination,15852.243735167376,3:2:4:4:1:4:4:4:0,4:4:4:4:4:2:3:4:4,MUTATE
2:2:4:4:0:4:4:4:0:,clone,15834.326092506453,2:2:4:4:0:4:4:4:0
3:2:4:4:1:4:4:4:1:,clone,15454.366151753893,3:2:4:4:1:4:4:4:1
3:2:4:4:3:4:4:4:1:,clone,15658.080823934675,3:2:4:4:3:4:4:4:1
2:2:4:4:0:4:4:4:0:,clone,15745.645620404308,2:2:4:4:0:4:4:4:0
4:3:4:4:4:4:4:4:3:,recombination,14905.852691740105,3:2:4:4:1:4:4:4:1,4:4:4:4:4:4:4:4:4,MUTATE
3:2:4:4:1:4:4:4:0:,clone,15502.227539223037,3:2:4:4:1:4:4:4:0
2:2:4:4:0:4:4:4:0:,clone,15564.973416498971,2:2:4:4:0:4:4:4:0
2:2:4:4:0:4:4:4:0:,clone,15564.97341649897,2:2:4:4:0:4:4:4:0
4:3:4:4:4:4:4:4:3:,clone,14905.852691740103,4:3:4:4:4:4:4:4:3
3:2:4:4:1:4:4:4:1:,clone,15432.400803218407,3:2:4:4:1:4:4:4:1
3:2:4:4:1:4:4:4:0:,clone,15483.223020180885,3:2:4:4:1:4:4:4:0
4:3:4:4:4:4:4:4:3:,recombination,14616.85754607942,4:4:4:4:4:0:0:3:4,3:2:4:4:1:4:4:4:1
4:3:4:4:4:4:4:4:3:,recombination,14483.216599583902,4:3:4:4:4:4:4:4:3,4:2:4:4:4:4:4:4:2
4:3:4:4:4:4:4:4:3:,recombination,14305.454041555578,4:3:4:4:4:4:4:4:3,3:2:4:4:1:4:4:4:1
4:3:4:4:4:4:4:4:3:,clone,14271.26737531853,4:3:4:4:4:4:4:4:3
3:2:4:4:2:4:4:4:1:,recombination,15585.440436171382,4:3:4:4:3:4:4:4:1,4:3:4:4:2:4:4:4:1
3:3:4:4:4:4:4:4:1:,recombination,16623.85990364153,4:4:4:4:4:1:2:4:4,4:3:4:4:4:2:4:4:4,MUTATE
4:3:4:4:4:4:4:4:2:,recombination,14944.223916337975,4:4:4:4:4:0:1:4:4,2:2:4:4:0:4:4:4:0
4:3:4:4:4:4:3:4:4:,recombination,14806.649355916481,4:3:4:4:4:3:4:4:4,4:4:4:4:4:3:3:4:4,MUTATE
3:2:4:4:4:4:4:4:1:,recombination,14878.302528362088,3:2:4:4:1:4:4:4:0,4:3:4:4:4:4:4:4:3,MUTATE
4:3:4:4:4:4:4:4:3:,recombination,14173.860543596797,4:3:4:4:4:4:4:4:3,4:4:4:4:4:2:2:4:4,MUTATE
4:3:4:4:4:4:4:4:3:,recombination,14156.992858504791,4:3:4:4:4:4:4:4:3,2:2:4:4:0:4:4:4:0,MUTATE
2:2:4:4:0:4:4:4:0:,clone,15549.452861991376,2:2:4:4:0:4:4:4:0
3:2:4:4:3:4:4:4:1:,recombination,15488.461796886517,3:2:4:4:3:4:4:4:1,4:3:4:4:4:4:4:4:1
4:3:4:4:4:4:4:4:2:,recombination,14486.262651472533,4:3:4:4:2:4:4:4:1,4:3:4:4:4:4:4:4:3
3:2:4:4:4:4:4:4:1:,recombination,14876.065196348527,4:2:4:4:2:4:4:4:1,4:3:4:4:4:4:3:4:4,MUTATE
3:2:4:4:2:4:4:4:0:,recombination,15632.649564355906,3:2:4:4:3:4:4:4:1,4:2:4:4:4:4:4:4:1,MUTATE
4:4:4:4:4:3:2:4:4:,recombination,14475.354892854813,4:3:4:4:4:4:3:4:4,4:4:4:4:4:0:0:2:4
4:3:4:4:4:4:4:4:4:,clone,14550.283786698305,4:3:4:4:4:4:4:4:4
4:3:4:4:4:4:4:4:2:,clone,14481.922656753339,4:3:4:4:4:4:4:4:2
4:3:4:4:4:4:4:4:3:,clone,14078.775753329799,4:3:4:4:4:4:4:4:3
3:2:4:4:2:4:4:4:0:,clone,15631.451351459862,3:2:4:4:2:4:4:4:0
4:3:4:4:4:4:4:4:3:,clone,14068.222103957516,4:3:4:4:4:4:4:4:3
3:2:4:4:4:4:4:4:1:,recombination,14594.26336703005,4:3:4:4:4:4:4:4:2,4:4:4:4:4:2:3:4:4
3:2:4:4:2:4:4:4:0:,clone,15580.76173278904,3:2:4:4:2:4:4:4:0
3:2:4:4:0:4:4:4:0:,recombination,15948.29166621171,3:2:4:4:1:4:4:4:1,4:4:4:4:4:0:1:4:4
3:2:4:4:4:4:4:4:1:,recombination,14519.870320028149,3:2:4:4:1:4:4:4:1,4:3:4:4:4:4:4:4:3,MUTATE
4:3:4:4:4:4:4:4:2:,recombination,14263.956348166697,4:4:4:4:4:3:2:4:4,4:3:4:4:4:4:4:4:3
3:2:4:4:0:4:4:4:0:,recombination,15659.09736030917,4:3:4:4:3:4:4:4:1,4:3:4:4:4:4:4:4:1
4:3:4:4:4:3:3:4:4:,recombination,13983.985255111249,4:3:4:4:4:4:4:4:2,4:4:4:4:4:2:1:4:4
4:2:4:4:4:4:4:4:2:,recombination,14602.799753135578,3:2:4:4:1:4:4:4:1,4:3:4:4:4:4:4:4:3
2:2:4:4:1:4:4:4:0:,recombination,15287.931492254296,3:2:4:4:4:4:4:4:1,4:4:4:4:4:2:3:4:4
3:2:4:4:0:4:4:4:0:,clone,15509.169525482705,3:2:4:4:0:4:4:4:0
3:3:4:4:4:4:4:4:1:,recombination,16186.41968902771,3:2:4:4:2:4:4:4:0,4:4:4:4:4:1:1:4:4
3:2:4:4:4:4:4:4:1:,recombination,14358.558350339112,2:2:4:4:0:4:4:4:0,3:2:4:4:4:4:4:4:1,MUTATE
4:2:4:4:4:4:4:4:2:,recombination,14560.89079776776,4:3:4:4:4:4:4:4:2,4:3:4:4:4:3:4:4:4
3:2:4:4:2:4:4:4:0:,recombination,15469.849686013396,4:2:4:4:4:4:4:4:1,3:2:4:4:3:4:4:4:1,MUTATE
4:2:4:4:4:4:4:4:2:,clone,14372.956737285605,4:2:4:4:4:4:4:4:2
3:2:4:4:3:4:4:4:1:,recombination,15246.583732342326,4:4:4:4:4:3:2:4:4,3:2:4:4:1:4:4:4:1,MUTATE
3:2:4:4:2:4:4:4:1:,recombination,15395.848355958766,2:2:4:4:0:4:4:4:0,3:2:4:4:4:4:4:4:1
3:3:4:4:4:4:4:4:1:,clone,14728.077702736786,3:3:4:4:4:4:4:4:1
3:2:4:4:2:4:4:4:0:,recombination,15437.871670297793,4:3:4:4:4:3:4:4:3,3:2:4:4:3:4:4:4:1
3:2:4:4:3:4:4:4:1:,recombination,14909.807219806191,3:2:4:4:4:4:4:4:1,4:3:4:4:4:4:4:4:3,MUTATE
3:2:4:4:2:4:4:4:1:,clone,15147.46173984816,3:2:4:4:2:4:4:4:1
3:2:4:4:2:4:4:4:1:,recombination,14908.631299387693,3:2:4:4:2:4:4:4:1,4:2:4:4:4:4:4:4:2,MUTATE
4:4:4:4:4:2:1:4:4:,clone,13736.817228956845,4:4:4:4:4:2:1:4:4
3:2:4:4:1:4:4:4:0:,clone,15474.393586637976,3:2:4:4:2:4:4:4:1
3:2:4:4:1:4:4:4:0:,clone,15406.127762672499,3:2:4:4:1:4:4:4:0
4:2:4:4:4:4:4:4:1:,recombination,15019.314367856494,4:3:4:4:4:4:4:4:3,4:2:4:4:4:4:4:4:1,MUTATE
3:2:4:4:2:4:4:4:0:,clone,15243.487332163037,3:2:4:4:2:4:4:4:0
3:2:4:4:2:4:4:4:0:,clone,15191.266600500285,3:2:4:4:2:4:4:4:0
3:2:4:4:1:4:4:4:0:,clone,15323.648257830286,3:2:4:4:1:4:4:4:0
2:2:4:4:2:4:4:4:0:,recombination,15955.620819057754,2:2:4:4:0:4:4:4:0,4:4:4:4:4:1:1:4:4
2:2:4:4:2:4:4:4:0:,recombination,15619.200399643563,4:4:4:4:4:2:3:4:4,4:4:4:4:4:1:1:4:4
2:2:4:4:2:4:4:4:0:,recombination,15543.184700680291,4:4:4:4:4:1:1:4:4,3:2:4:4:2:4:4:4:1
3:2:4:4:4:4:4:4:2:,recombination,15935.392692704409,4:3:4:4:4:4:3:4:4,2:2:4:4:0:4:4:4:0,MUTATE
3:2:4:4:4:4:4:4:0:,recombination,15588.84758861932,3:2:4:4:4:4:4:4:1,3:2:4:4:2:4:4:4:0,MUTATE
2:2:4:4:0:4:4:4:0:,clone,15412.53953588684,2:2:4:4:0:4:4:4:0
3:3:4:4:3:4:4:4:1:,recombination,16611.021155846105,4:3:4:4:4:3:3:4:4,4:3:4:4:4:2:4:4:4,MUTATE
3:3:4:4:3:4:4:4:1:,clone,16385.687393335942,3:2:4:4:3:4:4:4:1
3:3:4:4:3:4:4:4:1:,clone,16229.90460032826,3:2:4:4:3:4:4:4:1
3:3:4:4:3:4:4:4:1:,clone,16166.338015813148,3:2:4:4:3:4:4:4:1
2:3:4:4:4:4:4:4:1:,clone,17470.646054408764,2:3:4:4:4:4:4:4:1
3:3:4:4:4:4:4:4:2:,recombination,17268.10847239996,4:4:4:4:4:1:1:4:4,4:3:4:4:4:4:4:4:4,MUTATE
3:3:4:4:4:4:4:4:2:,recombination,16833.60952466329,4:4:4:4:4:1:1:4:4,4:3:4:4:4:4:3:4:4,MUTATE
2:3:4:4:2:4:4:4:0:,recombination,17490.393547590975,2:2:4:4:0:4:4:4:0,4:4:4:4:4:1:2:4:4
2:3:4:4:4:4:4:4:1:,recombination,17033.555209866332,4:4:4:4:4:1:2:4:4,4:4:4:4:4:1:1:4:4
2:3:4:4:4:4:4:4:1:,clone,17030.776946406604,2:3:4:4:4:4:4:4:1
2:3:4:4:2:4:4:4:0:,clone,16690.549960532968,2:3:4:4:2:4:4:4:0
3:3:4:4:3:4:4:4:1:,recombination,15337.657460461325,2:2:4:4:0:4:4:4:0,4:4:4:4:4:2:1:4:4,MUTATE
2:3:4:4:2:4:4:4:0:,clone,16541.069203807496,2:3:4:4:2:4:4:4:0
2:3:4:4:2:4:4:4:0:,recombination,16409.768863330715,4:3:4:4:4:4:4:4:4,4:3:4:4:4:4:4:4:2,MUTATE
2:3:4:4:0:4:4:4:0:,clone,17103.20688819047,2:3:4:4:0:4:4:4:0
2:2:4:4:4:4:4:4:0:,recombination,16685.127734048692,4:4:4:4:4:1:1:4:4,4:3:4:4:4:4:4:4:2,MUTATE
3:3:4:4:2:4:4:4:1:,clone,15655.576548756062,3:2:4:4:2:4:4:4:1
3:3:4:4:2:4:4:4:0:,recombination,17771.33288065397,3:2:4:4:1:4:4:4:1,2:3:4:4:4:4:4:4:1,MUTATE
3:3:4:4:2:4:4:4:0:,clone,17007.158276304366,3:3:4:4:2:4:4:4:0
3:3:4:4:2:4:4:4:0:,clone,16760.022969521717,3:3:4:4:2:4:4:4:0
3:2:4:4:0:4:4:4:0:,clone,15276.78734546064,3:2:4:4:0:4:4:4:0
3:2:4:4:3:4:4:4:0:,recombination,17107.483612145563,3:3:4:4:2:4:4:4:0,4:4:4:4:4:2:3:4:4,MUTATE
3:3:4:4:2:4:4:4:1:,recombination,15437.481096585545,2:2:4:4:0:4:4:4:0,3:3:4:4:3:4:4:4:1
2:2:4:4:0:4:4:4:0:,clone,15116.019153834073,2:2:4:4:0:4:4:4:0
2:2:4:4:3:4:4:4:0:,clone,17117.32998551776,3:2:4:4:3:4:4:4:0
2:2:4:4:4:4:4:4:0:,clone,16572.46892942464,2:2:4:4:4:4:4:4:0
2:2:4:4:3:4:4:4:0:,recombination,16380.657690048218,4:4:4:4:4:3:3:4:4,4:2:4:4:2:4:4:4:1,MUTATE
2:2:4:4:0:4:4:4:0:,recombination,15106.773724385039,4:4:4:4:4:2:3:4:4,2:2:4:4:0:4:4:4:0
2:2:4:4:0:4:4:4:0:,clone,14998.084156595569,2:2:4:4:0:4:4:4:0
4:4:4:4:4:0:0:0:4:,recombination,11910.944286179985,2:2:4:4:0:4:4:4:0,4:4:4:4:4:2:1:4:4,MUTATE
4:4:4:4:4:0:1:4:4:,recombination,12359.502395611747,3:2:4:4:1:4:4:4:0,4:3:4:4:4:4:4:4:4
4:4:4:4:4:0:0:4:4:,recombination,13033.484814837992,4:3:4:4:2:4:4:4:1,4:4:4:4:4:3:2:4:4,MUTATE
4:4:4:4:4:0:0:4:4:,clone,12774.238660177545,4:4:4:4:4:0:0:4:4
4:2:4:4:3:4:4:4:1:,clone,15786.822339300006,4:2:4:4:3:4:4:4:1
3:2:4:4:1:4:4:4:0:,clone,15300.929653678932,3:2:4:4:1:4:4:4:0
3:2:4:4:1:4:4:4:0:,clone,15278.667673696938,3:2:4:4:1:4:4:4:0
3:2:4:4:1:4:4:4:0:,recombination,15193.241768682672,3:2:4:4:1:4:4:4:0,4:2:4:4:3:4:4:4:1,MUTATE
3:2:4:4:1:4:4:4:0:,recombination,15182.80250773224,3:3:4:4:2:4:4:4:1,3:2:4:4:1:4:4:4:0,MUTATE
3:2:4:4:1:4:4:4:0:,clone,15098.07971724304,3:2:4:4:1:4:4:4:0
4:3:4:4:2:4:4:4:1:,clone,15452.453747191354,4:3:4:4:2:4:4:4:1
4:3:4:4:2:4:4:4:1:,clone,15228.069575381345,4:3:4:4:2:4:4:4:1
4:2:4:4:2:4:4:4:1:,recombination,15357.735753115807,4:3:4:4:4:4:4:4:3,3:3:4:4:3:4:4:4:1,MUTATE
4:3:4:4:3:4:4:4:1:,clone,16022.905027426219,4:3:4:4:3:4:4:4:1
4:3:4:4:2:4:4:4:1:,clone,15151.531619636184,4:3:4:4:2:4:4:4:1
3:2:4:4:0:4:4:4:0:,clone,15130.311315677283,3:2:4:4:0:4:4:4:0
3:2:4:4:0:4:4:4:0:,clone,15130.311315677282,3:2:4:4:0:4:4:4:0
3:2:4:4:3:4:4:4:0:,recombination,15774.193384035583,2:2:4:4:3:4:4:4:0,3:3:4:4:3:4:4:4:1
2:2:4:4:3:4:4:4:0:,clone,16035.557889323907,2:2:4:4:3:4:4:4:0
3:3:4:4:1:4:4:4:0:,recombination,16327.8281501814,4:4:4:4:4:3:2:4:4,4:2:4:4:2:4:4:4:1,MUTATE
3:2:4:4:1:4:4:4:0:,recombination,15054.171818293431,3:2:4:4:3:4:4:4:1,4:4:4:4:4:3:2:4:4,MUTATE
3:3:4:4:1:4:4:4:1:,recombination,16659.059965609984,2:3:4:4:4:4:4:4:1,4:4:4:4:4:3:2:4:4
3:2:4:4:1:4:4:4:1:,recombination,15339.376753541157,3:3:4:4:3:4:4:4:1,4:4:4:4:4:0:0:2:4,MUTATE
3:2:4:4:1:4:4:4:1:,recombination,15307.62015080401,4:4:4:4:4:3:3:4:4,3:2:4:4:1:4:4:4:1,MUTATE
3:2:4:4:1:4:4:4:1:,clone,15224.255078434882,3:2:4:4:1:4:4:4:1
3:2:4:4:1:4:4:4:1:,recombination,15148.016716058035,3:2:4:4:1:4:4:4:1,4:4:4:4:4:3:2:4:4
3:3:4:4:1:4:4:4:1:,clone,16384.7777837466,3:3:4:4:1:4:4:4:1
3:3:4:4:1:4:4:4:1:,recombination,16178.68808170398,4:4:4:4:4:4:3:4:4,3:2:4:4:4:4:4:4:1
3:3:4:4:0:4:4:4:0:,clone,16384.070413936533,3:3:4:4:0:4:4:4:0
3:3:4:4:4:4:4:4:0:,recombination,15881.69845191248,3:2:4:4:4:4:4:4:1,4:2:4:4:3:4:4:4:1
4:4:4:4:4:3:4:4:4:,recombination,15385.75251634972,3:2:4:4:2:4:4:4:0,4:2:4:4:2:4:4:4:1,MUTATE
4:2:4:4:3:4:4:4:2:,recombination,16002.396360871493,4:3:4:4:4:4:4:4:3,3:3:4:4:4:4:4:4:2
3:2:4:4:3:4:4:4:0:,clone,15701.749183938684,3:2:4:4:3:4:4:4:0
4:3:4:4:3:4:4:4:2:,clone,16500.31736215804,4:3:4:4:3:4:4:4:2
4:2:4:4:1:4:4:4:1:,recombination,16469.185583223345,4:4:4:4:4:2:2:4:4,4:3:4:4:4:4:4:4:3,MUTATE
4:3:4:4:3:4:4:4:2:,recombination,16266.826945517654,3:3:4:4:1:4:4:4:1,4:4:4:4:4:3:4:4:4,MUTATE
4:3:4:4:3:4:4:4:2:,recombination,16231.732270716,4:3:4:4:3:4:4:4:2,3:2:4:4:1:4:4:4:0
4:3:4:4:3:4:4:4:2:,clone,16128.956421956931,4:3:4:4:3:4:4:4:2
4:2:4:4:3:4:4:4:2:,clone,15837.39968618057,4:2:4:4:3:4:4:4:2
4:3:4:4:3:4:4:4:1:,clone,15899.335988869458,4:3:4:4:3:4:4:4:1
4:3:4:4:3:4:4:4:1:,clone,15827.065266913898,4:3:4:4:3:4:4:4:1
4:2:4:4:3:4:4:4:1:,clone,15648.00015364749,4:3:4:4:3:4:4:4:1
4:3:4:4:3:4:4:4:1:,clone,15717.978616265194,4:3:4:4:3:4:4:4:1
4:2:4:4:1:4:4:4:1:,clone,16308.026499624786,4:2:4:4:1:4:4:4:1
4:2:4:4:3:4:4:4:1:,recombination,15473.159055796414,3:3:4:4:3:4:4:4:1,2:2:4:4:0:4:4:4:0
3:3:4:4:1:4:4:4:0:,clone,16326.423244273901,3:3:4:4:1:4:4:4:0
3:3:4:4:1:4:4:4:0:,clone,16228.374337767222,3:3:4:4:1:4:4:4:0
3:3:4:4:1:4:4:4:0:,clone,16094.837024656688,3:3:4:4:1:4:4:4:0
2:2:4:4:0:4:4:4:0:,recombination,14849.778514882237,3:2:4:4:1:4:4:4:1,4:3:4:4:3:4:4:4:2,MUTATE
2:2:4:4:0:4:4:4:0:,clone,14697.383717699624,2:2:4:4:0:4:4:4:0
2:2:4:4:0:4:4:4:0:,clone,14614.34091184176,2:2:4:4:0:4:4:4:0
2:3:4:4:1:4:4:4:0:,recombination,16971.493400237614,3:2:4:4:2:4:4:4:0,4:4:4:4:4:1:1:4:4,MUTATE
4:4:4:4:4:3:4:4:4:,recombination,15256.987179423584,4:2:4:4:3:4:4:4:1,4:2:4:4:2:4:4:4:1,MUTATE
4:3:4:4:4:3:4:4:3:,clone,14721.847946500611,4:3:4:4:4:3:4:4:3
4:2:4:4:3:4:4:4:1:,clone,15240.114441589567,4:2:4:4:3:4:4:4:1
4:2:4:4:3:4:4:4:1:,recombination,15238.089080554626,4:2:4:4:3:4:4:4:1,4:2:4:4:3:4:4:4:1,MUTATE
4:3:4:4:4:3:4:4:3:,recombination,14580.754677707033,4:3:4:4:2:4:4:4:1,4:3:4:4:4:3:4:4:3
3:2:4:4:3:4:4:4:0:,recombination,15369.08545498138,4:3:4:4:4:3:3:4:4,3:3:4:4:1:4:4:4:0
4:2:4:4:4:4:4:4:1:,clone,15009.020197143358,4:2:4:4:4:4:4:4:1
3:2:4:4:2:4:4:4:0:,recombination,14903.811450669751,4:3:4:4:4:4:4:4:2,3:2:4:4:0:4:4:4:0,MUTATE
3:3:4:4:2:4:4:4:0:,clone,16084.33338827022,3:3:4:4:2:4:4:4:0
4:4:4:4:4:0:0:1:4:,recombination,13018.38132228647,4:4:4:4:4:3:2:4:4,4:3:4:4:2:4:4:4:1,MUTATE
4:4:4:4:4:1:0:4:4:,recombination,13264.721684382497,3:2:4:4:4:4:4:4:1,4:2:4:4:4:4:4:4:2,MUTATE
4:4:4:4:4:0:0:2:4:,clone,12101.924686032002,4:4:4:4:4:0:0:2:4
4:4:4:4:4:1:0:4:4:,recombination,13170.215211358016,3:2:4:4:0:4:4:4:0,4:3:4:4:4:4:4:4:3,MUTATE
4:4:4:4:4:0:1:3:4:,clone,12979.5986990061,4:4:4:4:4:0:1:3:4
4:4:4:4:4:3:2:4:4:,recombination,14442.676255857958,4:2:4:4:2:4:4:4:1,2:2:4:4:0:4:4:4:0
3:3:4:4:1:4:4:4:0:,recombination,15969.143414513726,4:4:4:4:4:4:3:4:4,3:2:4:4:0:4:4:4:0
3:3:4:4:2:4:4:4:0:,recombination,15554.562398728694,4:4:4:4:4:0:0:3:4,3:3:4:4:1:4:4:4:1,MUTATE
1:2:4:4:0:4:4:4:0:,clone,16314.47099759275,3:2:4:4:0:4:4:4:0
2:3:4:4:0:4:4:4:0:,clone,17025.210150098806,2:3:4:4:0:4:4:4:0
4:4:4:4:4:3:4:4:4:,recombination,14687.700331159527,3:2:4:4:4:4:4:4:1,3:2:4:4:4:4:4:4:1,MUTATE
4:3:4:4:4:3:4:4:4:,clone,14020.478543502013,4:3:4:4:4:3:4:4:4
4:4:4:4:4:3:4:4:4:,recombination,14486.871531331497,4:4:4:4:4:2:3:4:4,4:4:4:4:4:3:4:4:4,MUTATE
4:3:4:4:4:3:3:4:4:,recombination,13866.107805412157,2:3:4:4:4:4:4:4:1,4:3:4:4:4:3:4:4:4
4:4:4:4:4:4:4:4:4:,recombination,15496.6050159954,4:4:4:4:4:3:4:4:4,3:3:4:4:1:4:4:4:0
4:3:4:4:4:3:3:4:4:,clone,13862.484083987005,4:3:4:4:4:3:4:4:4
4:4:4:4:4:4:4:4:4:,clone,15490.138910082871,4:4:4:4:4:4:4:4:4
3:3:4:4:1:4:4:4:1:,recombination,16129.474990429773,3:3:4:4:1:4:4:4:0,4:4:4:4:4:4:4:4:4,MUTATE
4:3:4:4:3:4:4:4:1:,recombination,15452.854687951893,4:3:4:4:4:4:4:4:1,3:2:4:4:0:4:4:4:0,MUTATE
3:3:4:4:1:4:4:4:1:,clone,15876.769358549782,3:3:4:4:1:4:4:4:1
3:3:4:4:1:4:4:4:1:,clone,15831.821832653814,3:3:4:4:1:4:4:4:1
4:3:4:4:3:4:4:4:2:,recombination,15382.665031462722,2:2:4:4:0:4:4:4:0,3:2:4:4:1:4:4:4:0
3:3:4:4:1:4:4:4:1:,clone,15370.093939963857,3:3:4:4:1:4:4:4:1
3:3:4:4:1:4:4:4:1:,clone,15195.404629826857,3:2:4:4:1:4:4:4:1
3:3:4:4:1:4:4:4:0:,clone,15167.890490235837,3:2:4:4:1:4:4:4:0
3:3:4:4:1:4:4:4:0:,recombination,15036.406215415958,4:4:4:4:4:0:0:4:4,4:4:4:4:4:4:4:4:4,MUTATE
3:2:4:4:1:4:4:4:0:,clone,14917.685058291172,3:2:4:4:1:4:4:4:0
3:2:4:4:1:4:4:4:0:,clone,14761.37926589117,3:2:4:4:1:4:4:4:0
4:2:4:4:1:4:4:4:0:,clone,16730.712869948766,3:2:4:4:1:4:4:4:0
4:2:4:4:1:4:4:4:0:,clone,16589.80196580219,4:2:4:4:1:4:4:4:0
3:2:4:4:0:4:4:4:0:,recombination,15007.09535267777,3:3:4:4:1:4:4:4:0,2:2:4:4:0:4:4:4:0,MUTATE
3:3:4:4:2:4:4:4:0:,recombination,15255.03756335018,3:3:4:4:1:4:4:4:0,4:4:4:4:4:1:1:4:4,MUTATE
4:4:4:4:4:4:4:4:4:,clone,15286.90154735269,4:4:4:4:4:4:4:4:4
4:3:4:4:4:4:4:4:1:,recombination,15045.977455898928,4:4:4:4:4:2:2:4:4,3:3:4:4:1:4:4:4:1,MUTATE
4:3:4:4:4:4:4:4:1:,recombination,14823.247949162398,3:3:4:4:1:4:4:4:0,3:2:4:4:1:4:4:4:0,MUTATE
4:3:4:4:4:4:4:4:1:,clone,14766.999689860448,4:3:4:4:4:4:4:4:1
3:3:4:4:4:4:4:4:1:,clone,14233.915933283763,3:3:4:4:4:4:4:4:1
3:3:4:4:4:4:4:4:1:,clone,14223.26602478615,3:3:4:4:4:4:4:4:1
4:2:4:4:4:4:4:4:1:,recombination,14958.124282031691,3:3:4:4:4:4:4:4:1,4:3:4:4:4:4:4:4:1,MUTATE
3:3:4:4:4:4:4:4:1:,clone,14035.430901212498,3:3:4:4:4:4:4:4:1
3:3:4:4:3:4:4:4:1:,recombination,14728.361984145822,3:3:4:4:1:4:4:4:0,2:2:4:4:0:4:4:4:0,MUTATE
3:2:4:4:3:4:4:4:1:,recombination,14584.7763390732,2:3:4:4:2:4:4:4:0,3:3:4:4:3:4:4:4:1,MUTATE
3:3:4:4:3:4:4:4:1:,clone,14601.82316480983,3:3:4:4:3:4:4:4:1
3:3:4:4:3:4:4:4:1:,recombination,14549.553681654032,3:2:4:4:1:4:4:4:0,3:2:4:4:1:4:4:4:0,MUTATE
3:3:4:4:3:4:4:4:1:,recombination,14344.553960370366,3:3:4:4:4:4:4:4:1,3:2:4:4:3:4:4:4:1,MUTATE
3:2:4:4:1:4:4:4:0:,clone,14578.876103890325,3:2:4:4:1:4:4:4:0
2:2:4:4:1:4:4:4:0:,recombination,15242.07464788101,4:2:4:4:4:4:4:4:1,3:3:4:4:1:4:4:4:0,MUTATE
3:3:4:4:1:4:4:4:0:,recombination,14845.56380704969,4:3:4:4:4:4:4:4:2,3:2:4:4:1:4:4:4:0
3:2:4:4:0:4:4:4:0:,clone,15001.32493208368,3:2:4:4:0:4:4:4:0
3:2:4:4:0:4:4:4:0:,clone,14890.573475616484,3:2:4:4:0:4:4:4:0
4:2:4:4:4:4:4:4:1:,recombination,14730.983486689842,4:4:4:4:4:3:2:4:4,3:2:4:4:3:4:4:4:1,MUTATE
3:2:4:4:0:4:4:4:0:,clone,14871.64413089365,3:2:4:4:0:4:4:4:0
3:2:4:4:0:4:4:4:0:,recombination,14585.271616390088,2:2:4:4:0:4:4:4:0,3:3:4:4:4:4:4:4:1
4:2:4:4:4:4:4:4:1:,recombination,14716.583585733068,4:4:4:4:4:3:2:4:4,2:2:4:4:0:4:4:4:0
2:3:4:4:0:4:4:4:0:,recombination,16324.875998816324,3:2:4:4:4:4:4:4:1,4:4:4:4:4:4:3:4:4,MUTATE
3:3:4:4:0:4:4:4:0:,clone,16216.763937148477,3:2:4:4:0:4:4:4:0
3:3:4:4:2:4:4:4:1:,recombination,15432.482284369673,4:4:4:4:4:1:1:4:4,3:2:4:4:1:4:4:4:0
4:2:4:4:3:4:4:4:2:,clone,15256.601813293626,4:2:4:4:3:4:4:4:2
4:2:4:4:3:4:4:4:1:,recombination,15122.889474777206,4:3:4:4:2:4:4:4:1,2:2:4:4:3:4:4:4:0
4:2:4:4:2:4:4:4:1:,recombination,15163.251519831994,3:3:4:4:4:4:4:4:1,4:3:4:4:2:4:4:4:1
4:2:4:4:2:4:4:4:1:,clone,15076.013802963824,4:2:4:4:2:4:4:4:1
4:3:4:4:3:4:4:4:2:,recombination,15076.013802963824,4:2:4:4:2:4:4:4:1,3:2:4:4:4:4:4:4:1,MUTATE
4:2:4:4:3:4:4:4:1:,recombination,14994.653554309312,3:2:4:4:1:4:4:4:1,4:2:4:4:3:4:4:4:1
4:2:4:4:2:4:4:4:1:,recombination,15038.05753790435,3:2:4:4:1:4:4:4:0,4:3:4:4:2:4:4:4:1,MUTATE
3:2:4:4:2:4:4:4:1:,recombination,14884.958031369744,4:2:4:4:2:4:4:4:1,3:2:4:4:1:4:4:4:1,MUTATE
3:2:4:4:2:4:4:4:1:,recombination,14842.980910879001,3:3:4:4:2:4:4:4:1,4:4:4:4:4:4:4:4:4
4:3:4:4:3:4:4:4:2:,clone,15071.953170157025,4:3:4:4:3:4:4:4:2
3:3:4:4:2:4:4:4:1:,clone,15073.627656595732,3:3:4:4:2:4:4:4:1
4:2:4:4:3:4:4:4:2:,recombination,15176.890431592617,4:4:4:4:4:0:0:2:4,4:4:4:4:4:4:4:4:4,MUTATE
3:3:4:4:2:4:4:4:1:,clone,14972.88515067158,3:3:4:4:2:4:4:4:1
3:3:4:4:2:4:4:4:1:,clone,14928.59435931025,3:3:4:4:2:4:4:4:1
4:3:4:4:2:4:4:4:1:,recombination,15004.230207734365,4:2:4:4:2:4:4:4:1,4:2:4:4:1:4:4:4:1,MUTATE
4:2:4:4:3:4:4:4:2:,clone,14925.344926243117,4:2:4:4:3:4:4:4:2
4:2:4:4:4:4:4:4:1:,recombination,14531.325088887008,4:4:4:4:4:4:4:4:4,3:3:4:4:4:4:4:4:1,MUTATE
4:2:4:4:2:4:4:4:1:,recombination,14809.626684517603,4:3:4:4:3:4:4:4:1,4:2:4:4:1:4:4:4:1,MUTATE
3:2:4:4:2:4:4:4:1:,recombination,14750.960989914664,4:4:4:4:4:2:1:4:4,3:2:4:4:1:4:4:4:1,MUTATE
4:2:4:4:3:4:4:4:1:,recombination,14884.168276007897,4:4:4:4:4:2:1:4:4,4:4:4:4:4:4:4:4:4,MUTATE
3:2:4:4:0:4:4:4:1:,recombination,15657.666439483864,4:3:4:4:4:2:3:4:4,4:4:4:4:4:4:3:4:4
3:3:4:4:1:4:4:4:1:,recombination,15195.130117831959,3:3:4:4:2:4:4:4:0,4:3:4:4:4:4:4:4:1,MUTATE
3:3:4:4:1:4:4:4:1:,clone,15134.146712900872,3:3:4:4:1:4:4:4:1
3:2:4:4:1:4:4:4:1:,recombination,15080.688758155504,3:3:4:4:1:4:4:4:0,4:4:4:4:4:4:3:4:4,MUTATE
3:2:4:4:0:4:4:4:1:,clone,15485.469602960324,3:2:4:4:0:4:4:4:1
3:2:4:4:0:4:4:4:1:,clone,15261.948917026013,3:2:4:4:0:4:4:4:1
3:2:4:4:0:4:4:4:1:,clone,15134.801699935597,3:2:4:4:0:4:4:4:1
4:4:4:4:4:4:4:4:4:,recombination,15178.069691837345,3:3:4:4:2:4:4:4:0,4:4:4:4:4:2:2:4:4,MUTATE
2:3:4:4:0:4:4:4:0:,clone,16149.484815102796,2:3:4:4:0:4:4:4:0
2:3:4:4:0:4:4:4:0:,recombination,16104.029470335927,3:3:4:4:1:4:4:4:1,4:3:4:4:4:3:4:4:3
2:3:4:4:0:4:4:4:0:,clone,16013.408309403034,2:3:4:4:0:4:4:4:0
2:3:4:4:0:4:4:4:0:,recombination,15999.859668493358,3:2:4:4:1:4:4:4:0,3:2:4:4:1:4:4:4:0
2:3:4:4:0:4:4:4:0:,clone,15887.327632713812,2:3:4:4:0:4:4:4:0
2:3:4:4:0:4:4:4:0:,clone,15869.533977924073,2:3:4:4:0:4:4:4:0
4:4:4:4:4:3:3:4:4:,clone,13592.537933006339,4:4:4:4:4:3:3:4:4
4:3:4:4:4:4:4:4:4:,recombination,14439.14116324481,4:4:4:4:4:4:3:4:4,4:4:4:4:4:3:3:4:4,MUTATE
2:2:4:4:0:4:4:4:0:,clone,14568.238170408127,2:2:4:4:0:4:4:4:0
3:3:4:4:1:4:4:4:1:,recombination,14970.035192788038,2:2:4:4:0:4:4:4:0,4:4:4:4:4:3:3:4:4,MUTATE
4:3:4:4:3:4:4:4:1:,clone,15278.47250691384,4:3:4:4:3:4:4:4:1
4:3:4:4:3:4:4:4:1:,clone,15125.709892805366,4:3:4:4:3:4:4:4:1
4:3:4:4:4:4:4:4:4:,clone,14408.144047563792,4:3:4:4:4:4:4:4:4
4:3:4:4:4:4:4:4:4:,recombination,14335.076223658749,4:3:4:4:4:4:4:4:4,3:3:4:4:3:4:4:4:1
4:3:4:4:3:4:4:4:1:,recombination,14940.866913555932,3:2:4:4:1:4:4:4:0,4:3:4:4:3:4:4:4:1
4:3:4:4:4:3:4:4:2:,clone,15430.488290715664,4:3:4:4:4:3:4:4:3
3:2:4:4:2:4:4:4:1:,recombination,14598.754356893875,2:2:4:4:0:4:4:4:0,4:4:4:4:4:3:2:4:4
4:3:4:4:2:4:4:4:1:,clone,14904.879289163306,4:3:4:4:2:4:4:4:1
4:4:4:4:4:3:2:4:4:,clone,14350.380289785855,4:4:4:4:4:3:2:4:4
4:2:4:4:1:4:4:4:1:,recombination,16281.766242510816,3:2:4:4:3:4:4:4:1,4:3:4:4:4:4:4:4:3
3:3:4:4:0:4:4:4:0:,recombination,16063.544843224581,3:3:4:4:2:4:4:4:0,3:3:4:4:0:4:4:4:0,MUTATE
3:3:4:4:0:4:4:4:0:,clone,15991.490578201918,3:3:4:4:0:4:4:4:0
2:3:4:4:0:4:4:4:0:,clone,15862.315001996167,2:3:4:4:0:4:4:4:0
4:2:4:4:1:4:4:4:1:,recombination,16240.464129519356,4:3:4:4:3:4:4:4:1,2:3:4:4:1:4:4:4:0
4:2:4:4:1:4:4:4:1:,clone,15905.794169958097,4:2:4:4:1:4:4:4:1
4:2:4:4:1:4:4:4:1:,clone,15662.480920738788,4:2:4:4:1:4:4:4:1
4:3:4:4:4:4:3:4:4:,recombination,14802.580051634313,2:2:4:4:0:4:4:4:0,4:4:4:4:4:3:2:4:4
2:3:4:4:0:4:4:4:0:,clone,15027.562688396409,2:3:4:4:0:4:4:4:0
3:2:4:4:1:4:4:4:0:,recombination,14432.809366192765,3:2:4:4:2:4:4:4:1,4:3:4:4:4:2:3:4:4,MUTATE
4:4:4:4:4:4:3:4:4:,clone,14838.250939448504,4:4:4:4:4:4:3:4:4
4:3:4:4:4:4:3:4:4:,clone,14698.092630830499,4:3:4:4:4:4:3:4:4
2:2:4:4:0:4:4:4:0:,clone,14529.027694463748,2:2:4:4:0:4:4:4:0
2:2:4:4:0:4:4:4:0:,clone,14359.738700436545,2:2:4:4:0:4:4:4:0
3:2:4:4:2:4:4:4:0:,recombination,14804.144334333492,2:2:4:4:0:4:4:4:0,4:2:4:4:4:4:4:4:2
2:3:4:4:0:4:4:4:0:,recombination,14982.930850536484,3:2:4:4:1:4:4:4:0,2:3:4:4:0:4:4:4:0,MUTATE
2:3:4:4:0:4:4:4:0:,clone,14668.891895143517,2:3:4:4:0:4:4:4:0
2:2:4:4:0:4:4:4:0:,clone,14015.939401409412,2:2:4:4:0:4:4:4:0
2:2:4:4:3:4:4:4:1:,recombination,15870.782464700926,4:4:4:4:4:0:0:3:4,3:3:4:4:4:4:4:4:0,MUTATE
2:2:4:4:1:4:4:4:0:,recombination,14729.620180368645,2:2:4:4:0:4:4:4:0,4:3:4:4:4:4:4:4:4,MUTATE
3:3:4:4:0:4:4:4:1:,recombination,16287.985538694964,3:2:4:4:1:4:4:4:1,4:3:4:4:3:4:4:4:2,MUTATE
3:3:4:4:0:4:4:4:0:,recombination,15211.911648559146,4:4:4:4:4:2:1:4:4,3:2:4:4:3:4:4:4:1,MUTATE
2:2:4:4:1:4:4:4:0:,recombination,14656.136376545906,4:3:4:4:3:4:4:4:1,2:2:4:4:0:4:4:4:0,MUTATE
3:3:4:4:2:4:4:4:0:,recombination,14904.64803137598,3:2:4:4:1:4:4:4:0,3:2:4:4:1:4:4:4:1,MUTATE
3:2:4:4:3:4:4:4:0:,recombination,15051.547361451489,3:2:4:4:0:4:4:4:0,3:2:4:4:1:4:4:4:1
4:3:4:4:4:3:3:4:4:,clone,13474.576985020612,4:3:4:4:4:3:3:4:4
4:4:4:4:4:3:3:4:4:,clone,13404.706974850047,4:4:4:4:4:3:3:4:4
4:4:4:4:4:3:4:4:4:,recombination,14426.820426158121,4:4:4:4:4:2:3:4:4,3:2:4:4:1:4:4:4:1,MUTATE
4:3:4:4:4:3:4:4:4:,clone,13898.845796717285,4:3:4:4:4:3:4:4:4
4:3:4:4:4:3:4:4:3:,recombination,14074.383163990175,4:3:4:4:4:4:3:4:4,4:4:4:4:4:2:3:4:4,MUTATE
4:3:4:4:4:4:4:4:4:,clone,14235.783432283873,4:3:4:4:4:4:4:4:4
4:4:4:4:4:2:1:4:4:,clone,13118.827501408561,4:4:4:4:4:2:1:4:4
4:4:4:4:4:4:4:4:4:,recombination,15042.385107572527,4:4:4:4:4:0:0:1:4,3:2:4:4:1:4:4:4:0,MUTATE
4:4:4:4:4:4:4:4:4:,clone,14980.3497113573,4:4:4:4:4:4:4:4:4
4:4:4:4:4:4:4:4:4:,recombination,14900.276621257788,3:2:4:4:2:4:4:4:1,3:2:4:4:3:4:4:4:1
4:3:4:4:4:4:3:4:4:,clone,14629.170922116198,4:3:4:4:4:4:3:4:4
4:3:4:4:4:4:3:4:4:,clone,14607.93164213025,4:3:4:4:4:4:3:4:4
2:3:4:4:1:4:4:4:0:,clone,15372.226065884466,3:2:4:4:1:4:4:4:0
2:3:4:4:2:4:4:4:0:,recombination,15232.903112287273,3:3:4:4:3:4:4:4:1,4:3:4:4:3:4:4:4:2
2:2:4:4:1:4:4:4:0:,clone,14617.025598007765,2:2:4:4:1:4:4:4:0
2:2:4:4:2:4:4:4:0:,recombination,14922.791060896592,3:3:4:4:1:4:4:4:0,4:3:4:4:3:4:4:4:2,MUTATE
2:2:4:4:1:4:4:4:0:,clone,14574.126806877344,2:2:4:4:1:4:4:4:0
4:2:4:4:3:4:4:4:1:,clone,14756.32838319554,4:2:4:4:3:4:4:4:1
3:3:4:4:2:4:4:4:1:,clone,14925.83831969083,3:3:4:4:2:4:4:4:1
4:3:4:4:4:4:4:4:2:,clone,14222.502096264287,4:3:4:4:4:4:4:4:2
4:4:4:4:4:2:2:4:4:,clone,12754.267462796997,4:4:4:4:4:2:2:4:4
4:2:4:4:0:4:4:4:1:,clone,16596.929795166503,4:2:4:4:0:4:4:4:1
4:2:4:4:1:4:4:4:0:,recombination,16379.313152104276,2:2:4:4:0:4:4:4:0,3:3:4:4:3:4:4:4:1,MUTATE
3:2:4:4:0:4:4:4:0:,recombination,14578.0801965689,2:2:4:4:2:4:4:4:0,4:4:4:4:4:0:0:4:4,MUTATE
3:2:4:4:1:4:4:4:1:,recombination,14835.975035236946,3:2:4:4:1:4:4:4:1,2:3:4:4:4:4:4:4:1,MUTATE
4:3:4:4:2:4:4:4:2:,recombination,16946.587612531697,4:2:4:4:3:4:4:4:1,4:4:4:4:4:0:0:3:4
2:3:4:4:3:4:4:4:0:,recombination,14993.607164026738,4:3:4:4:4:4:3:4:4,4:3:4:4:3:4:4:4:1
2:3:4:4:1:4:4:4:0:,clone,15355.670030907462,2:3:4:4:1:4:4:4:0
2:2:4:4:3:4:4:4:0:,clone,15797.435132862749,2:2:4:4:3:4:4:4:0
2:2:4:4:3:4:4:4:0:,clone,15457.760164254832,2:2:4:4:3:4:4:4:0
2:3:4:4:1:4:4:4:0:,recombination,14939.715677127508,4:3:4:4:2:4:4:4:1,4:3:4:4:3:4:4:4:1
4:4:4:4:4:4:4:4:4:,clone,14765.211525992785,4:4:4:4:4:4:4:4:4
4:4:4:4:4:3:4:4:4:,clone,14334.938780901804,4:4:4:4:4:3:4:4:4
3:2:4:4:2:4:4:4:0:,clone,14641.383950701276,3:2:4:4:2:4:4:4:0
4:3:4:4:2:4:4:4:2:,recombination,16307.825643708464,4:3:4:4:2:4:4:4:2,4:4:4:4:4:3:2:4:4
3:2:4:4:0:4:4:4:0:,clone,14314.28553289747,3:2:4:4:0:4:4:4:0
3:2:4:4:0:4:4:4:1:,clone,14996.488592108386,3:2:4:4:0:4:4:4:0
4:2:4:4:0:4:4:4:1:,recombination,15703.784034998114,3:2:4:4:0:4:4:4:1,3:2:4:4:2:4:4:4:1
4:2:4:4:0:4:4:4:1:,recombination,15295.333299491462,3:2:4:4:0:4:4:4:1,3:2:4:4:2:4:4:4:1
4:2:4:4:2:4:4:4:2:,recombination,16125.217122162201,4:2:4:4:2:4:4:4:1,4:4:4:4:4:3:2:4:4,MUTATE
4:2:4:4:0:4:4:4:0:,clone,16730.712869948762,4:2:4:4:0:4:4:4:0
4:2:4:4:0:4:4:4:0:,recombination,16426.975512795092,3:2:4:4:1:4:4:4:0,4:2:4:4:1:4:4:4:1
2:3:4:4:3:4:4:4:1:,clone,14269.714996241466,4:2:4:4:4:4:4:4:1
2:3:4:4:2:4:4:4:0:,clone,14389.385560502134,2:2:4:4:2:4:4:4:0
3:2:4:4:4:4:4:4:2:,clone,14905.99857107192,3:2:4:4:4:4:4:4:2
4:4:4:4:4:4:3:4:4:,recombination,14709.851642442052,4:4:4:4:4:0:0:2:4,4:4:4:4:4:3:2:4:4
4:4:4:4:4:4:3:4:4:,clone,14709.851642442049,4:4:4:4:4:4:3:4:4
2:2:4:4:2:4:4:4:0:,recombination,14221.41566734219,4:3:4:4:4:4:4:4:2,2:3:4:4:2:4:4:4:0,MUTATE
3:2:4:4:3:4:4:4:1:,clone,14375.314775937097,3:2:4:4:3:4:4:4:1
4:3:4:4:4:4:4:4:2:,recombination,13862.634577139092,3:2:4:4:0:4:4:4:0,4:4:4:4:4:1:1:4:4
3:3:4:4:4:4:4:4:2:,recombination,14678.900504994275,3:2:4:4:1:4:4:4:1,4:3:4:4:4:3:4:4:3,MUTATE
3:2:4:4:3:4:4:4:1:,clone,14101.745103081521,3:2:4:4:3:4:4:4:1
2:2:4:4:2:4:4:4:0:,clone,13925.004796751151,2:2:4:4:2:4:4:4:0
3:2:4:4:4:4:4:4:1:,recombination,14141.87773365807,4:4:4:4:4:4:4:4:4,4:4:4:4:4:2:2:4:4,MUTATE
3:2:4:4:3:4:4:4:1:,recombination,14077.279815738586,4:3:4:4:2:4:4:4:1,3:2:4:4:0:4:4:4:0
3:2:4:4:4:4:4:4:1:,recombination,13981.947471430158,4:3:4:4:4:4:4:4:2,4:3:4:4:3:4:4:4:1
4:3:4:4:4:4:4:4:3:,recombination,13959.778890085456,3:2:4:4:1:4:4:4:0,3:3:4:4:2:4:4:4:1
4:3:4:4:4:4:4:4:4:,recombination,14222.46380789036,3:2:4:4:2:4:4:4:0,3:2:4:4:1:4:4:4:0,MUTATE
2:2:4:4:3:4:4:4:1:,clone,15223.23627320487,3:2:4:4:3:4:4:4:1
4:3:4:4:4:4:4:4:4:,clone,14203.103345757323,4:3:4:4:4:4:4:4:4
3:2:4:4:2:4:4:4:0:,recombination,14517.812737595428,4:2:4:4:4:4:4:4:1,2:3:4:4:1:4:4:4:0
3:2:4:4:2:4:4:4:0:,recombination,14380.016077959797,3:2:4:4:1:4:4:4:1,2:2:4:4:2:4:4:4:0,MUTATE
3:3:4:4:2:4:4:4:0:,recombination,14770.718599343376,2:3:4:4:2:4:4:4:0,2:3:4:4:0:4:4:4:0,MUTATE
4:2:4:4:1:4:4:4:1:,recombination,14861.68890286247,4:2:4:4:0:4:4:4:1,4:4:4:4:4:2:1:4:4
3:2:4:4:1:4:4:4:1:,recombination,14825.891532770183,4:3:4:4:4:4:4:4:2,4:2:4:4:3:4:4:4:1,MUTATE
4:3:4:4:3:4:4:4:2:,recombination,14996.40850466354,4:2:4:4:1:4:4:4:1,4:3:4:4:4:4:4:4:4,MUTATE
4:3:4:4:2:4:4:4:1:,recombination,14746.230917980125,4:2:4:4:1:4:4:4:1,4:3:4:4:2:4:4:4:1,MUTATE
3:2:4:4:0:4:4:4:1:,clone,14822.514561718002,3:2:4:4:0:4:4:4:1
3:3:4:4:0:4:4:4:1:,recombination,15425.763258224059,3:2:4:4:1:4:4:4:0,4:3:4:4:4:4:3:4:4
4:3:4:4:0:4:4:4:1:,recombination,15280.076273571547,4:2:4:4:1:4:4:4:1,4:3:4:4:2:4:4:4:1
4:3:4:4:1:4:4:4:2:,clone,14980.698630958666,4:3:4:4:3:4:4:4:2
3:3:4:4:2:4:4:4:1:,recombination,14676.352061560328,4:3:4:4:4:4:4:4:2,4:3:4:4:2:4:4:4:1
3:3:4:4:1:4:4:4:1:,clone,14950.844513140664,3:3:4:4:1:4:4:4:1
3:2:4:4:1:4:4:4:1:,clone,14639.635387472423,3:2:4:4:1:4:4:4:1
4:3:4:4:1:4:4:4:2:,clone,14492.971879852194,4:3:4:4:1:4:4:4:2
3:3:4:4:2:4:4:4:1:,clone,14314.016867386354,3:3:4:4:2:4:4:4:1
3:3:4:4:1:4:4:4:1:,recombination,14808.998636282764,2:3:4:4:1:4:4:4:0,3:3:4:4:1:4:4:4:1
3:3:4:4:1:4:4:4:1:,clone,14552.077288221695,3:3:4:4:1:4:4:4:1
3:3:4:4:2:4:4:4:1:,recombination,14226.022665344093,4:3:4:4:2:4:4:4:1,2:3:4:4:0:4:4:4:0,MUTATE
3:2:4:4:0:4:4:4:1:,clone,14493.854229758148,3:2:4:4:0:4:4:4:1
3:2:4:4:1:4:4:4:1:,clone,14601.485917867627,3:2:4:4:1:4:4:4:1
3:3:4:4:1:4:4:4:1:,clone,14385.193556684142,3:3:4:4:1:4:4:4:1
4:3:4:4:2:4:4:4:2:,recombination,15088.700153262267,4:2:4:4:1:4:4:4:1,4:4:4:4:4:2:3:4:4
4:3:4:4:1:4:4:4:1:,clone,15357.88047622401,4:3:4:4:1:4:4:4:1
4:3:4:4:1:4:4:4:1:,clone,15202.196739739651,4:3:4:4:1:4:4:4:1
3:3:4:4:0:4:4:4:1:,clone,15217.067126364991,3:3:4:4:0:4:4:4:1
4:3:4:4:4:4:4:4:1:,recombination,14753.809913544119,2:2:4:4:0:4:4:4:0,3:2:4:4:1:4:4:4:0
3:2:4:4:2:4:4:4:1:,recombination,14584.68468499817,4:2:4:4:1:4:4:4:1,4:3:4:4:4:3:4:4:2
3:2:4:4:2:4:4:4:1:,recombination,14481.819950129027,2:2:4:4:2:4:4:4:0,4:4:4:4:4:2:3:4:4,MUTATE
3:2:4:4:2:4:4:4:0:,recombination,14184.249320076977,2:2:4:4:0:4:4:4:0,3:2:4:4:2:4:4:4:1,MUTATE
4:2:4:4:4:4:4:4:2:,clone,14148.796270026507,4:2:4:4:4:4:4:4:2
3:2:4:4:2:4:4:4:0:,recombination,14103.174544191632,3:2:4:4:2:4:4:4:0,4:4:4:4:4:3:3:4:4,MUTATE
3:2:4:4:2:4:4:4:0:,recombination,14080.181510660366,3:3:4:4:0:4:4:4:1,3:3:4:4:2:4:4:4:0
3:2:4:4:2:4:4:4:0:,recombination,14050.678259417404,2:2:4:4:3:4:4:4:1,3:2:4:4:2:4:4:4:0
4:4:4:4:4:3:2:4:4:,clone,13823.9090302395,4:4:4:4:4:2:2:4:4
4:4:4:4:4:3:3:4:4:,recombination,13273.450691706426,4:3:4:4:4:4:4:4:4,3:2:4:4:2:4:4:4:0
4:4:4:4:4:3:3:4:4:,clone,12912.840880153988,4:4:4:4:4:3:3:4:4
4:3:4:4:4:3:3:4:4:,recombination,13290.17928645161,3:2:4:4:2:4:4:4:0,4:3:4:4:4:4:4:4:3,MUTATE
4:4:4:4:4:4:4:4:4:,recombination,14708.964434377323,4:2:4:4:4:4:4:4:1,4:4:4:4:4:4:4:4:4,MUTATE
4:3:4:4:4:3:3:4:4:,recombination,12556.952509668437,3:2:4:4:2:4:4:4:1,4:2:4:4:4:4:4:4:1
4:3:4:4:4:4:3:4:4:,recombination,14557.608350148623,4:2:4:4:2:4:4:4:1,3:3:4:4:2:4:4:4:1,MUTATE
4:3:4:4:4:4:4:4:4:,recombination,14141.610883482665,3:2:4:4:2:4:4:4:1,4:2:4:4:0:4:4:4:1,MUTATE
4:3:4:4:4:4:4:4:4:,clone,13864.830355439333,4:3:4:4:4:4:4:4:4
4:4:4:4:4:4:4:4:4:,clone,14634.010467139424,4:4:4:4:4:4:4:4:4
4:3:4:4:4:3:4:4:4:,clone,13582.969474069534,4:3:4:4:4:3:4:4:4
4:3:4:4:4:4:4:4:4:,recombination,13773.682418039474,4:3:4:4:4:4:4:4:4,4:4:4:4:4:2:3:4:4
4:4:4:4:4:4:3:4:4:,clone,14537.998966332285,4:4:4:4:4:4:3:4:4
4:4:4:4:4:4:3:4:4:,clone,14469.709644714523,4:4:4:4:4:4:3:4:4
4:4:4:4:4:4:4:4:4:,recombination,14621.678993107302,3:3:4:4:2:4:4:4:1,2:2:4:4:0:4:4:4:0,MUTATE
4:4:4:4:4:4:4:4:4:,clone,14593.630482322962,4:4:4:4:4:4:4:4:4
4:4:4:4:4:4:4:4:4:,clone,14574.80080450516,4:4:4:4:4:4:4:4:4
4:2:4:4:3:4:4:4:1:,recombination,14598.462760245275,2:2:4:4:0:4:4:4:0,3:3:4:4:0:4:4:4:1
3:3:4:4:0:4:4:4:0:,recombination,15153.103849857982,2:2:4:4:0:4:4:4:0,3:3:4:4:2:4:4:4:0,MUTATE
3:2:4:4:1:4:4:4:0:,recombination,14430.402482676722,4:3:4:4:4:4:4:4:4,3:2:4:4:0:4:4:4:0,MUTATE
2:2:4:4:0:4:4:4:0:,clone,13775.100784979822,2:2:4:4:0:4:4:4:0
2:2:4:4:0:4:4:4:0:,recombination,13741.829137874576,3:3:4:4:0:4:4:4:0,3:2:4:4:1:4:4:4:0,MUTATE
2:2:4:4:1:4:4:4:0:,recombination,14521.69970098642,4:4:4:4:4:1:1:4:4,4:2:4:4:0:4:4:4:1,MUTATE
4:4:4:4:4:0:0:4:4:,clone,12591.259343517038,4:4:4:4:4:0:0:4:4
3:2:4:4:2:4:4:4:1:,clone,14466.300953045597,3:2:4:4:2:4:4:4:1
3:2:4:4:3:4:4:4:1:,clone,14051.398949504584,3:2:4:4:3:4:4:4:1
2:2:4:4:1:4:4:4:0:,clone,14391.379843287668,2:2:4:4:1:4:4:4:0
3:2:4:4:2:4:4:4:1:,recombination,14440.176936743552,4:4:4:4:4:4:3:4:4,3:2:4:4:2:4:4:4:1
4:3:4:4:3:4:4:4:1:,clone,14787.458809487747,4:3:4:4:3:4:4:4:1
4:3:4:4:3:4:4:4:2:,recombination,14746.343759135609,4:4:4:4:4:0:0:2:4,2:2:4:4:0:4:4:4:0
4:2:4:4:4:4:4:4:3:,recombination,14743.973919806864,4:4:4:4:4:2:1:4:4,4:2:4:4:1:4:4:4:1
3:3:4:4:0:4:4:4:0:,clone,14993.60595169934,3:2:4:4:0:4:4:4:0
3:3:4:4:1:4:4:4:0:,recombination,14837.391015857977,4:3:4:4:0:4:4:4:1,4:3:4:4:2:4:4:4:1
4:3:4:4:4:4:4:4:1:,recombination,14670.751718620704,3:3:4:4:1:4:4:4:1,2:3:4:4:3:4:4:4:1,MUTATE
4:2:4:4:4:4:4:4:1:,clone,14480.96828879262,4:2:4:4:4:4:4:4:1
4:3:4:4:4:4:3:4:4:,recombination,14430.421141982446,2:2:4:4:0:4:4:4:0,4:4:4:4:4:3:3:4:4,MUTATE
4:3:4:4:4:4:3:4:4:,clone,14401.060133795658,4:3:4:4:4:4:3:4:4
4:3:4:4:4:4:3:4:4:,recombination,14162.453666640213,3:2:4:4:1:4:4:4:1,4:3:4:4:4:4:4:4:4,MUTATE
4:2:4:4:3:4:4:4:2:,clone,14703.825561704096,4:2:4:4:3:4:4:4:2
4:2:4:4:3:4:4:4:1:,recombination,14565.26031605271,4:2:4:4:0:4:4:4:1,4:3:4:4:4:4:3:4:4
4:3:4:4:4:4:4:4:1:,clone,14608.583530047204,4:3:4:4:4:4:4:4:1
3:2:4:4:2:4:4:4:1:,recombination,14416.309805780536,4:3:4:4:3:4:4:4:1,4:4:4:4:4:3:2:4:4
4:3:4:4:3:4:4:4:2:,clone,14420.179512530782,4:3:4:4:3:4:4:4:2
4:3:4:4:3:4:4:4:1:,clone,14580.255512783166,4:3:4:4:3:4:4:4:1
3:2:4:4:2:4:4:4:1:,recombination,14357.197120460063,4:3:4:4:4:4:4:4:4,3:2:4:4:4:4:4:4:1,MUTATE
3:3:4:4:2:4:4:4:0:,recombination,14749.561988558859,3:3:4:4:1:4:4:4:0,3:3:4:4:2:4:4:4:0
2:2:4:4:1:4:4:4:0:,clone,14057.205123382892,2:2:4:4:1:4:4:4:0
3:2:4:4:1:4:4:4:0:,clone,14161.052997991812,3:2:4:4:1:4:4:4:0
3:2:4:4:0:4:4:4:0:,clone,14180.032195614702,3:2:4:4:0:4:4:4:0
3:2:4:4:1:4:4:4:0:,recombination,14030.998262570234,3:3:4:4:2:4:4:4:1,3:3:4:4:0:4:4:4:1
3:2:4:4:1:4:4:4:0:,clone,13926.195368099636,3:2:4:4:1:4:4:4:0
2:3:4:4:0:4:4:4:0:,clone,14618.589753517756,2:3:4:4:0:4:4:4:0
3:3:4:4:1:4:4:4:0:,recombination,14407.610985147037,3:3:4:4:1:4:4:4:0,4:3:4:4:2:4:4:4:1
3:2:4:4:1:4:4:4:1:,recombination,14549.646604897518,4:4:4:4:4:1:1:4:4,4:3:4:4:3:4:4:4:1
4:4:4:4:4:0:0:3:4:,clone,12466.612976709317,4:4:4:4:4:0:0:3:4
4:4:4:4:4:3:2:4:4:,recombination,13760.835695112091,4:3:4:4:4:3:3:4:4,4:4:4:4:4:3:2:4:4,MUTATE
4:2:4:4:2:4:4:4:1:,recombination,14795.997773192346,4:2:4:4:2:4:4:4:1,2:2:4:4:0:4:4:4:0,MUTATE
4:2:4:4:2:4:4:4:1:,clone,14783.71067628738,4:2:4:4:2:4:4:4:1
4:2:4:4:2:4:4:4:1:,clone,14546.244324993873,4:2:4:4:2:4:4:4:1
3:2:4:4:1:4:4:4:1:,recombination,14359.011016432909,3:2:4:4:1:4:4:4:1,4:4:4:4:4:2:1:4:4
3:2:4:4:1:4:4:4:1:,clone,14334.86294831667,3:2:4:4:1:4:4:4:1
3:2:4:4:0:4:4:4:0:,clone,14132.943287732718,3:2:4:4:0:4:4:4:0
3:3:4:4:0:4:4:4:0:,clone,14798.484516265169,3:3:4:4:0:4:4:4:0
3:3:4:4:0:4:4:4:0:,clone,14730.420065964237,3:3:4:4:0:4:4:4:0
4:4:4:4:4:0:0:4:4:,recombination,12293.582717228734,4:4:4:4:4:3:2:4:4,4:3:4:4:4:4:4:4:4
4:4:4:4:4:1:1:3:4:,clone,13340.0338475343,4:4:4:4:4:1:1:3:4
2:2:4:4:2:4:4:4:1:,clone,13941.183076046878,4:3:4:4:4:4:4:4:1
2:3:4:4:2:4:4:4:1:,clone,14120.133719218415,2:3:4:4:2:4:4:4:1
3:3:4:4:3:4:4:4:1:,clone,14100.472324937666,3:3:4:4:3:4:4:4:1
3:2:4:4:2:4:4:4:1:,clone,13954.550071838421,2:3:4:4:2:4:4:4:1
2:3:4:4:1:4:4:4:0:,clone,14358.075110549618,3:3:4:4:3:4:4:4:1
3:3:4:4:2:4:4:4:1:,recombination,13884.773506435651,3:3:4:4:2:4:4:4:0,4:4:4:4:4:4:3:4:4,MUTATE
3:2:4:4:4:4:4:4:1:,recombination,13920.062244088735,4:3:4:4:4:3:3:4:4,3:2:4:4:2:4:4:4:1
2:2:4:4:1:4:4:4:0:,clone,13986.749628930516,2:2:4:4:1:4:4:4:0
3:2:4:4:4:4:4:4:1:,clone,13844.210554039737,3:2:4:4:4:4:4:4:1
3:2:4:4:3:4:4:4:1:,clone,13959.999189267235,3:2:4:4:3:4:4:4:1
3:2:4:4:2:4:4:4:1:,recombination,13739.914311117422,2:3:4:4:4:4:4:4:1,3:2:4:4:4:4:4:4:1,MUTATE
3:3:4:4:1:4:4:4:0:,recombination,14407.207252521483,4:3:4:4:2:4:4:4:1,4:3:4:4:3:4:4:4:1
4:3:4:4:4:4:3:4:4:,clone,13923.254837164794,4:3:4:4:4:4:3:4:4
3:2:4:4:3:4:4:4:0:,clone,14722.308209158895,3:2:4:4:3:4:4:4:0
3:2:4:4:4:4:4:4:0:,recombination,14890.721196357197,4:2:4:4:3:4:4:4:1,3:3:4:4:4:4:4:4:0,MUTATE
4:2:4:4:4:4:4:4:1:,clone,14378.948444746164,4:2:4:4:4:4:4:4:1
4:3:4:4:4:4:4:4:1:,clone,14598.653233014307,4:3:4:4:4:4:4:4:1
4:3:4:4:4:4:4:4:1:,recombination,14518.884432576739,3:3:4:4:2:4:4:4:1,4:2:4:4:4:4:4:4:1
4:3:4:4:4:4:4:4:1:,recombination,14302.618106510887,3:2:4:4:3:4:4:4:1,4:2:4:4:4:4:4:4:1
2:2:4:4:1:4:4:4:0:,recombination,13755.730655966054,4:2:4:4:3:4:4:4:1,4:3:4:4:4:4:4:4:1,MUTATE
4:2:4:4:4:4:4:4:1:,recombination,14095.636881498589,4:3:4:4:4:4:4:4:1,2:3:4:4:2:4:4:4:0,MUTATE
4:2:4:4:4:4:4:4:1:,clone,14083.945438316036,4:2:4:4:4:4:4:4:1
4:4:4:4:4:2:3:4:4:,clone,13021.10312181533,4:4:4:4:4:2:3:4:4
4:4:4:4:4:2:3:4:4:,recombination,12255.549642833354,4:4:4:4:4:2:3:4:4,4:2:4:4:3:4:4:4:1,MUTATE
4:4:4:4:4:3:3:4:4:,recombination,12845.32573622258,3:2:4:4:4:4:4:4:1,4:3:4:4:4:4:4:4:3
4:4:4:4:4:2:2:4:4:,clone,12517.453854663869,4:4:4:4:4:2:2:4:4
4:4:4:4:4:3:3:4:4:,clone,12455.106876432998,4:4:4:4:4:2:3:4:4
4:3:4:4:4:3:4:4:4:,recombination,13568.174143088641,3:2:4:4:1:4:4:4:1,3:3:4:4:2:4:4:4:0,MUTATE
4:3:4:4:4:3:4:4:4:,clone,13386.984037325507,4:3:4:4:4:3:4:4:4
4:4:4:4:4:3:4:4:4:,recombination,14217.551144832696,4:3:4:4:4:4:4:4:2,4:3:4:4:4:3:3:4:4,MUTATE
4:4:4:4:4:3:4:4:4:,clone,14067.58354115862,4:3:4:4:4:3:4:4:4
4:4:4:4:4:3:4:4:4:,clone,13855.677160230085,4:4:4:4:4:3:4:4:4
4:4:4:4:4:3:4:4:4:,clone,13641.527323830842,4:4:4:4:4:3:4:4:4
4:2:4:4:2:4:4:4:2:,recombination,14466.906740567494,3:2:4:4:2:4:4:4:1,3:2:4:4:2:4:4:4:1
4:3:4:4:2:4:4:4:2:,recombination,14622.119762027496,3:3:4:4:1:4:4:4:1,3:2:4:4:4:4:4:4:1
4:2:4:4:2:4:4:4:2:,clone,14276.368181673623,4:2:4:4:2:4:4:4:2
4:3:4:4:2:4:4:4:2:,clone,14468.648444259474,4:2:4:4:2:4:4:4:2
4:2:4:4:2:4:4:4:1:,recombination,14421.018768728985,4:3:4:4:4:4:4:4:1,3:2:4:4:4:4:4:4:1
4:2:4:4:1:4:4:4:1:,recombination,14740.102332988525,2:2:4:4:2:4:4:4:0,2:2:4:4:0:4:4:4:0,MUTATE
4:3:4:4:1:4:4:4:1:,clone,15188.482555215303,4:3:4:4:1:4:4:4:1
3:3:4:4:0:4:4:4:1:,recombination,15168.280295848826,2:2:4:4:0:4:4:4:0,4:2:4:4:1:4:4:4:1,MUTATE
2:3:4:4:0:4:4:4:0:,recombination,14059.995507775979,3:3:4:4:0:4:4:4:0,4:4:4:4:4:1:1:4:4,MUTATE
2:2:4:4:0:4:4:4:0:,clone,13677.604419109784,2:2:4:4:0:4:4:4:0
3:3:4:4:0:4:4:4:1:,clone,14771.831824850751,3:3:4:4:0:4:4:4:1
3:3:4:4:4:4:4:4:1:,recombination,13709.406445053337,4:2:4:4:4:4:4:4:1,2:2:4:4:2:4:4:4:0
2:2:4:4:0:4:4:4:0:,recombination,13513.278946843875,2:2:4:4:0:4:4:4:0,4:4:4:4:4:4:4:4:4,MUTATE
3:3:4:4:3:4:4:4:0:,recombination,16683.686119461985,4:4:4:4:4:1:1:4:4,2:3:4:4:0:4:4:4:0,MUTATE
3:3:4:4:0:4:4:4:1:,recombination,14524.46334596993,2:3:4:4:3:4:4:4:0,4:3:4:4:4:3:3:4:4,MUTATE
3:3:4:4:0:4:4:4:1:,clone,14499.147131940197,3:3:4:4:0:4:4:4:1
3:3:4:4:3:4:4:4:1:,recombination,14037.50107911074,3:2:4:4:3:4:4:4:1,2:3:4:4:2:4:4:4:0
1:2:4:4:0:4:4:4:0:,clone,14441.548391344802,1:2:4:4:0:4:4:4:0
4:4:4:4:4:4:4:4:4:,clone,14432.941998668817,4:4:4:4:4:3:3:4:4
4:2:4:4:3:4:4:4:1:,clone,14540.618938972353,4:2:4:4:3:4:4:4:1
4:2:4:4:3:4:4:4:1:,recombination,14355.965656916527,2:3:4:4:0:4:4:4:0,4:2:4:4:3:4:4:4:1
3:2:4:4:2:4:4:4:0:,recombination,13955.145737092873,3:3:4:4:2:4:4:4:1,3:2:4:4:1:4:4:4:1,MUTATE
2:2:4:4:3:4:4:4:0:,recombination,14170.534034018157,3:2:4:4:0:4:4:4:1,4:2:4:4:3:4:4:4:1,MUTATE
3:2:4:4:3:4:4:4:0:,recombination,14145.555163797413,4:3:4:4:4:4:4:4:1,4:2:4:4:3:4:4:4:1
2:3:4:4:0:4:4:4:0:,recombination,13878.53521453285,3:3:4:4:2:4:4:4:0,4:3:4:4:4:4:4:4:3,MUTATE
4:4:4:4:4:1:2:4:4:,recombination,12037.21183947163,4:3:4:4:4:3:4:4:3,3:2:4:4:2:4:4:4:0,MUTATE
4:4:4:4:4:1:1:4:4:,recombination,12141.474353631058,4:4:4:4:4:1:1:4:4,4:3:4:4:4:4:4:4:4
4:4:4:4:4:1:2:4:4:,clone,11765.832669489124,4:4:4:4:4:1:2:4:4
4:4:4:4:4:2:2:4:4:,clone,12367.896898694722,4:4:4:4:4:2:2:4:4
4:3:4:4:2:4:4:4:1:,recombination,14457.20046069228,4:2:4:4:2:4:4:4:1,4:4:4:4:4:3:3:4:4,MUTATE
4:3:4:4:3:4:4:4:1:,recombination,14562.070809522156,2:2:4:4:0:4:4:4:0,3:3:4:4:2:4:4:4:1,MUTATE
4:3:4:4:3:4:4:4:1:,recombination,14395.367303253173,3:2:4:4:0:4:4:4:1,4:3:4:4:3:4:4:4:1
4:3:4:4:3:4:4:4:1:,recombination,14364.631781264181,2:3:4:4:0:4:4:4:0,4:4:4:4:4:3:2:4:4
4:3:4:4:4:4:4:4:3:,clone,13494.669136538996,4:3:4:4:4:4:4:4:3
3:2:4:4:1:4:4:4:1:,recombination,13729.917832810639,4:4:4:4:4:4:4:4:4,3:2:4:4:4:4:4:4:1
4:3:4:4:4:4:4:4:2:,recombination,13394.211529722777,4:4:4:4:4:2:3:4:4,4:3:4:4:4:4:4:4:3,MUTATE
3:3:4:4:4:4:4:4:2:,recombination,14249.834454475635,4:4:4:4:4:1:1:4:4,4:3:4:4:3:4:4:4:2
3:3:4:4:2:4:4:4:1:,clone,13866.094014388704,3:3:4:4:2:4:4:4:1
4:3:4:4:4:4:4:4:3:,recombination,13371.025225842133,3:2:4:4:3:4:4:4:1,3:2:4:4:2:4:4:4:0
3:3:4:4:4:4:4:4:2:,recombination,13503.443789318619,3:2:4:4:2:4:4:4:1,2:3:4:4:0:4:4:4:0,MUTATE
3:2:4:4:3:4:4:4:1:,recombination,13518.319331321049,4:2:4:4:3:4:4:4:1,2:2:4:4:2:4:4:4:0
3:3:4:4:4:4:4:4:2:,recombination,13333.924123808289,3:2:4:4:2:4:4:4:0,2:2:4:4:1:4:4:4:0,MUTATE
3:2:4:4:4:4:4:4:1:,clone,13333.924123808289,3:3:4:4:4:4:4:4:2
2:2:4:4:1:4:4:4:0:,recombination,13740.668944573043,3:2:4:4:0:4:4:4:1,4:4:4:4:4:2:2:4:4
2:2:4:4:2:4:4:4:1:,recombination,13709.511925710309,2:2:4:4:3:4:4:4:0,3:2:4:4:1:4:4:4:1,MUTATE
3:2:4:4:2:4:4:4:1:,recombination,13645.966759101813,3:2:4:4:3:4:4:4:0,4:3:4:4:3:4:4:4:1
4:2:4:4:4:4:4:4:2:,recombination,14108.805997393345,4:3:4:4:4:4:4:4:3,4:2:4:4:3:4:4:4:2,MUTATE
3:2:4:4:4:4:4:4:2:,recombination,13773.96824164762,2:2:4:4:0:4:4:4:0,4:3:4:4:4:4:4:4:3,MUTATE
4:2:4:4:4:4:4:4:2:,clone,14037.37328875724,4:2:4:4:4:4:4:4:2
3:2:4:4:0:4:4:4:0:,clone,14042.35683631099,3:2:4:4:0:4:4:4:0
3:2:4:4:0:4:4:4:0:,recombination,13695.067400441705,4:3:4:4:4:3:3:4:4,2:2:4:4:3:4:4:4:0
2:2:4:4:1:4:4:4:0:,clone,13607.615990622888,2:2:4:4:1:4:4:4:0
2:2:4:4:3:4:4:4:0:,recombination,14030.58174434061,4:4:4:4:4:3:4:4:4,2:2:4:4:1:4:4:4:0,MUTATE
3:2:4:4:2:4:4:4:0:,clone,13883.201118736057,3:2:4:4:2:4:4:4:0
3:2:4:4:2:4:4:4:0:,recombination,13706.327619646767,2:2:4:4:0:4:4:4:0,3:2:4:4:3:4:4:4:1,MUTATE
4:3:4:4:4:4:4:4:1:,recombination,14247.667464351027,4:3:4:4:4:4:4:4:4,4:3:4:4:3:4:4:4:1,MUTATE
4:2:4:4:2:4:4:4:1:,clone,14309.917180921078,4:2:4:4:2:4:4:4:1
3:3:4:4:0:4:4:4:0:,recombination,14655.592192811213,2:2:4:4:0:4:4:4:0,3:3:4:4:0:4:4:4:0,MUTATE
2:3:4:4:1:4:4:4:0:,clone,13903.801326727596,2:3:4:4:1:4:4:4:0
2:2:4:4:1:4:4:4:0:,clone,13510.746982400478,2:2:4:4:1:4:4:4:0
2:2:4:4:2:4:4:4:0:,clone,13848.632442627679,2:2:4:4:2:4:4:4:0
2:2:4:4:0:4:4:4:0:,clone,13291.634487135418,2:2:4:4:0:4:4:4:0
2:3:4:4:1:4:4:4:0:,recombination,13696.959198178169,4:2:4:4:3:4:4:4:2,3:3:4:4:0:4:4:4:0,MUTATE
2:2:4:4:2:4:4:4:0:,recombination,13288.632244147431,4:2:4:4:1:4:4:4:1,3:2:4:4:2:4:4:4:1,MUTATE
3:3:4:4:1:4:4:4:0:,clone,14311.092914828356,3:3:4:4:1:4:4:4:0
3:2:4:4:1:4:4:4:0:,recombination,13790.32906497754,4:4:4:4:4:3:3:4:4,2:2:4:4:2:4:4:4:0,MUTATE
2:2:4:4:0:4:4:4:0:,recombination,13263.671964091563,4:3:4:4:2:4:4:4:1,3:2:4:4:1:4:4:4:0,MUTATE
1:2:4:4:0:4:4:4:0:,recombination,14433.271481586784,4:4:4:4:4:1:2:4:4,4:4:4:4:4:3:3:4:4
2:2:4:4:1:4:4:4:1:,recombination,15377.610166020151,4:4:4:4:4:3:3:4:4,4:4:4:4:4:2:1:4:4,MUTATE
1:2:4:4:0:4:4:4:0:,recombination,14421.006504203897,4:3:4:4:2:4:4:4:2,4:4:4:4:4:3:2:4:4,MUTATE
1:2:4:4:0:4:4:4:0:,clone,13964.180506705983,1:2:4:4:0:4:4:4:0
3:3:4:4:4:4:4:4:1:,clone,13700.125922804555,3:3:4:4:4:4:4:4:1
4:2:4:4:4:4:4:4:2:,clone,13820.7359103018,4:3:4:4:4:4:4:4:2
3:3:4:4:4:4:4:4:1:,recombination,13498.268295567224,4:3:4:4:4:4:4:4:2,2:2:4:4:0:4:4:4:0,MUTATE
4:2:4:4:4:4:4:4:2:,clone,13371.30296522902,4:3:4:4:4:4:4:4:2
4:2:4:4:3:4:4:4:1:,recombination,14346.858003306974,4:3:4:4:4:4:4:4:3,3:2:4:4:1:4:4:4:0,MUTATE
4:2:4:4:3:4:4:4:1:,clone,14314.942800051516,4:2:4:4:3:4:4:4:1
4:4:4:4:4:2:2:4:4:,clone,12317.875869397252,4:4:4:4:4:2:2:4:4
4:2:4:4:3:4:4:4:2:,recombination,14540.5834318726,3:3:4:4:1:4:4:4:0,3:2:4:4:4:4:4:4:1
4:2:4:4:3:4:4:4:2:,clone,14515.824295757033,4:2:4:4:3:4:4:4:2
4:2:4:4:3:4:4:4:2:,clone,14238.69790401488,4:2:4:4:3:4:4:4:2
4:3:4:4:3:4:4:4:2:,recombination,14316.714061959743,4:4:4:4:4:3:3:4:4,3:2:4:4:4:4:4:4:1,MUTATE
4:3:4:4:3:4:4:4:2:,clone,14213.360760037183,4:3:4:4:3:4:4:4:2
4:3:4:4:3:4:4:4:2:,clone,13829.98742950362,4:3:4:4:3:4:4:4:2
4:2:4:4:3:4:4:4:2:,recombination,13833.627293005675,4:2:4:4:2:4:4:4:1,4:3:4:4:3:4:4:4:2
4:4:4:4:4:1:0:4:4:,clone,12959.114946990947,4:4:4:4:4:1:0:4:4
4:4:4:4:4:1:0:4:4:,clone,12827.606733306793,4:4:4:4:4:1:0:4:4
3:2:4:4:3:4:4:4:0:,recombination,14026.49570357912,2:3:4:4:0:4:4:4:0,4:2:4:4:3:4:4:4:1,MUTATE
3:2:4:4:3:4:4:4:0:,recombination,13971.324938403652,4:4:4:4:4:3:3:4:4,3:2:4:4:2:4:4:4:0,MUTATE
3:2:4:4:1:4:4:4:0:,clone,13763.667613253225,3:2:4:4:1:4:4:4:0
3:3:4:4:2:4:4:4:1:,recombination,13685.271577493986,2:2:4:4:0:4:4:4:0,2:3:4:4:1:4:4:4:0,MUTATE
3:3:4:4:0:4:4:4:0:,recombination,14555.434151062538,3:3:4:4:0:4:4:4:0,3:3:4:4:3:4:4:4:1,MUTATE
3:2:4:4:1:4:4:4:0:,clone,13583.869667648507,3:2:4:4:1:4:4:4:0
4:3:4:4:3:4:4:4:1:,clone,14188.81537009577,4:3:4:4:3:4:4:4:1
4:3:4:4:2:4:4:4:1:,clone,14421.437962630329,4:3:4:4:2:4:4:4:1
4:3:4:4:2:4:4:4:1:,clone,14302.132638517342,4:3:4:4:2:4:4:4:1
4:3:4:4:2:4:4:4:1:,recombination,14200.998699902528,3:3:4:4:0:4:4:4:0,4:3:4:4:2:4:4:4:1
3:3:4:4:1:4:4:4:1:,clone,14382.062241206546,3:3:4:4:1:4:4:4:1
3:3:4:4:1:4:4:4:1:,recombination,14330.033261186327,4:3:4:4:4:4:3:4:4,3:3:4:4:1:4:4:4:1,MUTATE
4:3:4:4:1:4:4:4:1:,recombination,15140.685303488692,2:3:4:4:0:4:4:4:0,4:4:4:4:4:0:1:3:4
4:2:4:4:2:4:4:4:1:,recombination,14217.983202113488,4:2:4:4:4:4:4:4:1,4:4:4:4:4:2:1:4:4,MUTATE
4:2:4:4:4:4:4:4:3:,clone,14538.164733951764,4:2:4:4:4:4:4:4:3
3:2:4:4:1:4:4:4:1:,clone,13646.932553675982,3:2:4:4:1:4:4:4:1
3:2:4:4:1:4:4:4:1:,clone,13614.34806450858,3:2:4:4:1:4:4:4:1
4:3:4:4:4:4:4:4:4:,clone,13721.542895229677,4:3:4:4:4:4:4:4:4
3:2:4:4:2:4:4:4:1:,recombination,13609.2789507085,4:2:4:4:4:4:4:4:1,2:2:4:4:0:4:4:4:0,MUTATE
4:2:4:4:3:4:4:4:1:,clone,14291.974027863964,4:2:4:4:3:4:4:4:1
2:3:4:4:0:4:4:4:0:,clone,13820.819156385285,2:3:4:4:0:4:4:4:0
2:3:4:4:0:4:4:4:0:,recombination,13760.008628017855,2:3:4:4:0:4:4:4:0,4:3:4:4:2:4:4:4:1,MUTATE
3:3:4:4:1:4:4:4:0:,recombination,14259.317265703641,3:3:4:4:0:4:4:4:0,2:2:4:4:1:4:4:4:0
3:3:4:4:2:4:4:4:0:,recombination,14731.68579713344,4:3:4:4:4:4:4:4:3,4:4:4:4:4:4:4:4:4
3:2:4:4:0:4:4:4:1:,recombination,14293.273643103781,4:2:4:4:4:4:4:4:1,4:2:4:4:4:4:4:4:3
4:2:4:4:0:4:4:4:0:,recombination,16339.736877188083,4:3:4:4:4:3:4:4:3,4:3:4:4:4:4:4:4:2,MUTATE
4:2:4:4:1:4:4:4:1:,recombination,14561.121742296538,3:2:4:4:2:4:4:4:0,3:2:4:4:3:4:4:4:1
3:3:4:4:3:4:4:4:0:,clone,15009.185197509052,3:2:4:4:3:4:4:4:0
3:3:4:4:3:4:4:4:0:,clone,14965.886719688946,3:3:4:4:3:4:4:4:0
4:4:4:4:4:4:3:4:4:,clone,14438.081125855777,4:4:4:4:4:4:4:4:4
4:4:4:4:4:4:3:4:4:,recombination,14376.36534600486,3:2:4:4:0:4:4:4:1,3:2:4:4:1:4:4:4:1,MUTATE
4:4:4:4:4:4:4:4:4:,clone,14072.772525746386,4:4:4:4:4:4:4:4:4
3:3:4:4:3:4:4:4:2:,recombination,14271.540539789154,2:2:4:4:1:4:4:4:0,2:2:4:4:0:4:4:4:0,MUTATE
4:3:4:4:4:4:4:4:3:,recombination,13319.615046862871,4:2:4:4:3:4:4:4:1,3:3:4:4:2:4:4:4:0,MUTATE
4:3:4:4:4:4:4:4:4:,recombination,13648.3442189158,4:2:4:4:4:4:4:4:2,4:3:4:4:4:4:4:4:3
4:3:4:4:4:4:4:4:4:,recombination,13508.970260137186,4:2:4:4:3:4:4:4:2,3:2:4:4:2:4:4:4:0
2:2:4:4:1:4:4:4:1:,recombination,13682.529687457449,4:3:4:4:3:4:4:4:1,2:2:4:4:0:4:4:4:0,MUTATE
3:2:4:4:3:4:4:4:1:,recombination,13484.463661097845,4:2:4:4:1:4:4:4:1,4:2:4:4:3:4:4:4:1
2:2:4:4:3:4:4:4:1:,clone,13283.495103573452,2:2:4:4:3:4:4:4:1
3:3:4:4:3:4:4:4:1:,clone,13704.56354778548,3:3:4:4:3:4:4:4:1
4:4:4:4:4:1:1:3:4:,recombination,12977.695808129078,4:2:4:4:0:4:4:4:0,2:2:4:4:0:4:4:4:0
4:4:4:4:4:0:0:1:4:,recombination,12822.47916264476,4:4:4:4:4:2:3:4:4,4:4:4:4:4:1:1:4:4,MUTATE
2:2:4:4:3:4:4:4:0:,clone,13879.992035476507,2:2:4:4:3:4:4:4:0
4:2:4:4:2:4:4:4:0:,recombination,16584.87727304621,4:4:4:4:4:4:3:4:4,3:2:4:4:3:4:4:4:0
1:2:4:4:0:4:4:4:0:,clone,13209.038669383744,2:2:4:4:0:4:4:4:0
2:2:4:4:0:4:4:4:0:,clone,13228.22041545919,2:2:4:4:0:4:4:4:0
2:2:4:4:0:4:4:4:0:,clone,13140.808761307098,2:2:4:4:0:4:4:4:0
4:4:4:4:4:1:0:3:4:,recombination,14896.270662089233,4:4:4:4:4:0:0:2:4,4:2:4:4:3:4:4:4:1,MUTATE
4:3:4:4:4:4:4:4:1:,recombination,14086.197028031866,2:3:4:4:0:4:4:4:0,4:4:4:4:4:4:4:4:4
3:3:4:4:2:4:4:4:0:,clone,14704.22256276597,3:3:4:4:2:4:4:4:0
3:3:4:4:2:4:4:4:0:,clone,14579.40388320352,3:3:4:4:2:4:4:4:0
3:3:4:4:3:4:4:4:1:,clone,13567.509749406403,3:3:4:4:3:4:4:4:1
4:2:4:4:2:4:4:4:1:,recombination,14031.900850158108,4:4:4:4:4:3:2:4:4,4:3:4:4:4:3:3:4:4,MUTATE
4:2:4:4:2:4:4:4:2:,clone,14272.801741153804,4:2:4:4:2:4:4:4:2
4:2:4:4:3:4:4:4:1:,clone,14195.305036178575,4:2:4:4:3:4:4:4:1
4:3:4:4:4:3:4:4:3:,clone,14062.44900989826,4:3:4:4:4:3:4:4:3
4:3:4:4:4:3:4:4:3:,recombination,14015.62020827218,3:2:4:4:1:4:4:4:0,4:3:4:4:4:4:4:4:4,MUTATE
4:2:4:4:0:4:4:4:0:,recombination,16329.141488405217,4:3:4:4:2:4:4:4:1,3:3:4:4:2:4:4:4:0
4:3:4:4:4:3:4:4:4:,recombination,13374.162387240038,4:2:4:4:2:4:4:4:1,4:4:4:4:4:2:2:4:4,MUTATE
2:2:4:4:1:4:4:4:0:,clone,13440.109366418943,2:2:4:4:1:4:4:4:0
2:3:4:4:1:4:4:4:1:,clone,13917.778266386138,2:3:4:4:1:4:4:4:1
2:2:4:4:1:4:4:4:0:,clone,13355.898580471587,2:2:4:4:1:4:4:4:0
4:4:4:4:4:0:0:3:4:,clone,12154.533379904233,4:4:4:4:4:0:0:3:4
4:4:4:4:4:0:1:2:4:,recombination,13220.954917743704,3:2:4:4:2:4:4:4:1,4:3:4:4:4:4:4:4:2
4:4:4:4:4:0:1:3:4:,recombination,12080.465186397476,3:3:4:4:4:4:4:4:1,4:3:4:4:4:4:4:4:4
4:4:4:4:4:0:0:1:4:,clone,12699.421537575874,4:4:4:4:4:0:0:1:4
4:3:4:4:4:4:4:4:4:,clone,13442.404548483246,4:3:4:4:4:4:4:4:4
4:3:4:4:4:4:3:4:4:,recombination,13443.345325871238,3:2:4:4:2:4:4:4:1,3:2:4:4:2:4:4:4:1
4:3:4:4:4:4:4:4:4:,recombination,13436.131654372391,4:4:4:4:4:2:1:4:4,4:4:4:4:4:2:2:4:4,MUTATE
3:3:4:4:3:4:4:4:1:,recombination,13522.884742693961,4:4:4:4:4:3:2:4:4,4:4:4:4:4:2:3:4:4,MUTATE
3:3:4:4:3:4:4:4:1:,recombination,13369.456088569601,3:2:4:4:2:4:4:4:1,4:4:4:4:4:1:1:4:4
3:2:4:4:2:4:4:4:0:,recombination,13383.035630720078,4:2:4:4:0:4:4:4:0,4:3:4:4:3:4:4:4:2,MUTATE
3:2:4:4:3:4:4:4:1:,recombination,13448.312633038353,3:2:4:4:2:4:4:4:1,3:3:4:4:3:4:4:4:1
3:2:4:4:3:4:4:4:1:,recombination,13434.36746238093,3:2:4:4:2:4:4:4:0,3:3:4:4:3:4:4:4:1
3:3:4:4:2:4:4:4:0:,clone,14404.320039899538,3:3:4:4:2:4:4:4:0
3:2:4:4:1:4:4:4:0:,recombination,13500.714863555717,3:2:4:4:2:4:4:4:0,4:4:4:4:4:2:3:4:4
2:2:4:4:0:4:4:4:0:,clone,13089.436339617716,2:2:4:4:0:4:4:4:0
4:3:4:4:3:4:4:4:2:,recombination,13299.890994586052,2:2:4:4:0:4:4:4:0,4:4:4:4:4:3:4:4:4
3:3:4:4:3:4:4:4:2:,clone,14221.269037682421,4:3:4:4:3:4:4:4:2
