4:4:4:4:4:1:1:4:4:,initialisation,16730.712869948755,
4:4:4:4:4:2:2:4:4:,initialisation,15298.05533328064,
4:4:4:4:4:1:2:4:4:,initialisation,13428.410334329408,
4:4:4:4:4:3:3:4:4:,initialisation,16267.733696025974,
4:4:4:4:4:3:3:4:4:,initialisation,16032.0377906165,
4:4:4:4:4:2:3:4:4:,initialisation,15829.254630497751,
4:4:4:4:4:2:2:4:4:,initialisation,14571.375977412763,
4:4:4:4:4:2:3:4:4:,initialisation,14973.769528177476,
4:4:4:4:4:1:2:4:4:,initialisation,13140.798729498014,
4:4:4:4:4:2:2:4:4:,initialisation,13979.800726119047,
4:4:4:4:4:3:3:4:4:,initialisation,16012.484236005923,
4:4:4:4:4:3:3:4:4:,initialisation,14973.531254508376,
4:4:4:4:4:3:2:4:4:,initialisation,16363.856077077793,
4:4:4:4:4:1:1:4:4:,initialisation,15224.485268680239,
4:4:4:4:4:2:2:4:4:,initialisation,13593.739556709983,
4:4:4:4:4:2:3:4:4:,initialisation,14882.8454944019,
4:4:4:4:4:2:3:4:4:,initialisation,14052.477088914895,
4:4:4:4:4:1:1:4:4:,initialisation,15190.791911132565,
4:4:4:4:4:1:1:4:4:,initialisation,15057.227621167636,
4:4:4:4:4:2:2:4:4:,initialisation,13399.290968194517,
4:4:4:4:4:1:1:4:4:,initialisation,14493.933921747726,
4:4:4:4:4:1:1:4:4:,initialisation,11899.990197590247,
4:4:4:4:4:2:2:4:4:,initialisation,13235.90051133316,
4:4:4:4:4:3:3:4:4:,initialisation,14972.942661757645,
4:4:4:4:4:3:2:4:4:,initialisation,15633.599391557262,
4:4:4:4:4:2:1:4:4:,initialisation,15227.479971497633,
4:4:4:4:4:3:2:4:4:,initialisation,15566.696356194829,
4:4:4:4:4:2:3:4:4:,initialisation,13785.509260150442,
4:4:4:4:4:3:3:4:4:,initialisation,14611.737086957626,
4:4:4:4:4:3:2:4:4:,initialisation,15483.98870679856,
4:4:4:4:4:1:2:4:4:,initialisation,12496.504130546564,
4:4:4:4:4:3:3:4:4:,initialisation,14556.317105613865,
4:4:4:4:4:2:1:4:4:,initialisation,14641.221355660957,
2:2:4:4:0:4:4:4:0:,initialisation,15982.345429179883,
4:3:4:4:4:2:3:4:4:,initialisation,14698.945958372997,
4:4:4:4:4:3:2:4:4:,initialisation,15386.283303491047,
4:3:4:4:4:3:3:4:4:,initialisation,15165.211251700695,
4:4:4:4:4:0:0:0:4:,initialisation,15098.625816589829,
4:3:4:4:4:3:4:4:4:,initialisation,16223.454593654915,
4:4:4:4:4:2:1:4:4:,initialisation,14355.287195895307,
4:4:4:4:4:0:0:0:4:,initialisation,14455.170064574808,
4:4:4:4:4:3:2:4:4:,initialisation,15294.562289408062,
4:4:4:4:4:3:2:4:4:,initialisation,15186.073526001273,
4:3:4:4:4:2:3:4:4:,initialisation,14392.114483848702,
4:4:4:4:4:3:3:4:4:,clone,14442.592538993422,4:4:4:4:4:3:3:4:4
4:4:4:4:4:0:0:0:4:,clone,14407.637391668253,4:4:4:4:4:0:0:0:4
4:3:4:4:4:2:3:4:4:,clone,14200.400680278768,4:3:4:4:4:2:3:4:4
4:4:4:4:4:2:3:4:4:,clone,13670.503731495366,4:4:4:4:4:2:3:4:4
3:2:4:4:1:4:4:4:0:,recombination,15740.913852959588,2:2:4:4:0:4:4:4:0,4:4:4:4:4:2:3:4:4
4:3:4:4:4:3:4:4:4:,recombination,15584.033677233165,4:4:4:4:4:3:3:4:4,4:3:4:4:4:3:4:4:4,MUTATE
4:4:4:4:4:0:0:2:4:,recombination,14425.10748551889,4:4:4:4:4:0:0:0:4,4:4:4:4:4:3:2:4:4
4:4:4:4:4:0:0:0:4:,clone,14192.668491054073,4:4:4:4:4:0:0:0:4
4:4:4:4:4:1:2:4:4:,clone,12462.479945101924,4:4:4:4:4:1:1:4:4
4:3:4:4:4:3:3:4:4:,recombination,15087.961769292082,4:3:4:4:4:2:3:4:4,4:4:4:4:4:1:1:4:4,MUTATE
4:4:4:4:4:0:0:0:4:,recombination,13819.05932295371,4:4:4:4:4:2:2:4:4,4:4:4:4:4:0:0:0:4,MUTATE
4:4:4:4:4:2:2:4:4:,recombination,13211.849111893684,2:2:4:4:0:4:4:4:0,4:4:4:4:4:1:2:4:4
4:4:4:4:4:0:0:1:4:,recombination,14384.759527193923,4:4:4:4:4:0:0:2:4,4:4:4:4:4:3:3:4:4,MUTATE
4:4:4:4:4:3:3:4:4:,recombination,13909.196118047648,4:4:4:4:4:2:2:4:4,4:4:4:4:4:2:3:4:4,MUTATE
4:4:4:4:4:0:0:0:4:,recombination,13565.390254178858,4:4:4:4:4:0:0:0:4,4:4:4:4:4:2:1:4:4,MUTATE
4:4:4:4:4:2:2:4:4:,recombination,12642.344902777058,4:4:4:4:4:2:1:4:4,4:4:4:4:4:2:3:4:4
4:4:4:4:4:3:3:4:4:,clone,13808.399666722007,4:4:4:4:4:3:3:4:4
4:3:4:4:4:3:4:4:4:,clone,15493.670952999666,4:3:4:4:4:3:4:4:4
4:4:4:4:4:0:1:3:4:,recombination,14474.131361456368,4:4:4:4:4:0:0:1:4,4:4:4:4:4:1:2:4:4,MUTATE
4:4:4:4:4:2:3:4:4:,recombination,13236.731717975988,4:4:4:4:4:3:3:4:4,4:4:4:4:4:2:2:4:4,MUTATE
4:4:4:4:4:3:3:4:4:,recombination,13524.246087187337,4:4:4:4:4:2:3:4:4,2:2:4:4:0:4:4:4:0
4:4:4:4:4:2:2:4:4:,clone,12436.90498572839,4:4:4:4:4:2:2:4:4
4:4:4:4:4:3:3:4:4:,clone,13437.11463969254,4:4:4:4:4:3:3:4:4
4:4:4:4:4:0:0:1:4:,clone,13825.080630528324,4:4:4:4:4:0:0:1:4
4:3:4:4:4:3:3:4:4:,recombination,14458.520524926396,4:3:4:4:4:3:4:4:4,4:4:4:4:4:3:3:4:4,MUTATE
4:4:4:4:4:2:2:4:4:,recombination,12400.26489890122,4:4:4:4:4:3:3:4:4,4:4:4:4:4:2:2:4:4
4:3:4:4:4:2:3:4:4:,clone,14058.832710019631,4:3:4:4:4:2:3:4:4
4:4:4:4:4:0:0:3:4:,clone,14621.58704378021,4:4:4:4:4:0:0:3:4
4:4:4:4:4:0:0:3:4:,recombination,14060.055249125997,4:4:4:4:4:0:0:0:4,4:4:4:4:4:0:1:3:4,MUTATE
4:4:4:4:4:2:3:4:4:,recombination,13200.36906557389,4:4:4:4:4:3:3:4:4,4:4:4:4:4:2:3:4:4,MUTATE
4:4:4:4:4:0:0:4:4:,recombination,14678.978123211371,4:4:4:4:4:0:0:3:4,4:4:4:4:4:0:0:2:4,MUTATE
4:4:4:4:4:1:2:4:4:,clone,12086.440713072787,4:4:4:4:4:1:2:4:4
4:4:4:4:4:0:0:3:4:,recombination,13924.994570094013,4:4:4:4:4:0:0:0:4,4:4:4:4:4:0:1:3:4
4:3:4:4:4:3:3:4:4:,clone,13443.717808736094,4:4:4:4:4:3:3:4:4
3:2:4:4:2:4:4:4:0:,recombination,15679.363071058806,3:2:4:4:1:4:4:4:0,4:4:4:4:4:2:2:4:4,MUTATE
4:4:4:4:4:0:0:4:4:,clone,14621.587043780208,4:4:4:4:4:0:0:3:4
3:2:4:4:2:4:4:4:0:,clone,15555.669902290276,3:2:4:4:2:4:4:4:0
4:4:4:4:4:0:0:2:4:,recombination,14118.54873805405,4:4:4:4:4:0:0:0:4,4:3:4:4:4:3:3:4:4,MUTATE
4:3:4:4:4:3:4:4:4:,recombination,15392.622848218942,4:4:4:4:4:0:0:3:4,3:2:4:4:2:4:4:4:0
4:3:4:4:4:4:4:4:2:,recombination,15145.316812443725,4:3:4:4:4:2:3:4:4,2:2:4:4:0:4:4:4:0,MUTATE
4:4:4:4:4:0:0:2:4:,clone,14108.792873335202,4:4:4:4:4:0:0:2:4
4:4:4:4:4:0:0:4:4:,clone,14181.663017972474,4:4:4:4:4:0:0:4:4
4:4:4:4:4:0:0:4:4:,clone,14133.617201753594,4:4:4:4:4:0:0:4:4
4:3:4:4:4:4:4:4:4:,recombination,15075.586608976262,4:4:4:4:4:3:3:4:4,3:2:4:4:2:4:4:4:0,MUTATE
4:4:4:4:4:0:0:4:4:,recombination,13822.19260888553,4:4:4:4:4:2:2:4:4,4:4:4:4:4:0:0:1:4,MUTATE
4:3:4:4:4:4:4:4:3:,recombination,16087.994657041507,3:2:4:4:2:4:4:4:0,4:3:4:4:4:3:4:4:4,MUTATE
3:3:4:4:4:4:4:4:1:,recombination,15989.131630181155,2:2:4:4:0:4:4:4:0,4:3:4:4:4:2:3:4:4,MUTATE
4:4:4:4:4:0:1:4:4:,clone,14412.002683337545,4:4:4:4:4:0:1:4:4
4:4:4:4:4:3:4:4:4:,recombination,15979.161126458986,3:3:4:4:4:4:4:4:1,4:4:4:4:4:0:0:0:4
4:3:4:4:4:4:4:4:3:,recombination,15096.681360431754,4:3:4:4:4:2:3:4:4,4:3:4:4:4:4:4:4:2
4:4:4:4:4:3:2:4:4:,recombination,14865.07999752117,4:4:4:4:4:2:1:4:4,4:4:4:4:4:2:3:4:4,MUTATE
3:2:4:4:4:4:4:4:1:,recombination,15973.540826407054,4:4:4:4:4:3:4:4:4,4:4:4:4:4:2:3:4:4,MUTATE
4:3:4:4:4:3:4:4:4:,recombination,14397.30906390028,4:3:4:4:4:3:3:4:4,4:4:4:4:4:3:3:4:4
3:2:4:4:3:4:4:4:1:,clone,15902.895319905841,3:2:4:4:3:4:4:4:1
4:3:4:4:4:3:4:4:4:,clone,14386.815095318725,4:3:4:4:4:3:4:4:4
4:3:4:4:4:3:4:4:4:,clone,14366.494098128322,4:3:4:4:4:3:4:4:4
4:4:4:4:4:3:4:4:4:,clone,14479.605916792523,4:3:4:4:4:3:4:4:4
4:3:4:4:4:3:4:4:4:,clone,14267.183923838053,4:3:4:4:4:3:4:4:4
4:3:4:4:4:4:4:4:3:,clone,14876.772196439022,4:3:4:4:4:4:4:4:4
2:2:4:4:0:4:4:4:0:,clone,15851.632839963771,2:2:4:4:0:4:4:4:0
4:3:4:4:4:4:4:4:4:,recombination,14708.639482201075,4:4:4:4:4:1:1:4:4,4:3:4:4:4:3:4:4:4
3:2:4:4:1:4:4:4:0:,clone,15738.457150267557,3:2:4:4:1:4:4:4:0
4:3:4:4:4:4:4:4:3:,recombination,14837.351838471182,4:4:4:4:4:1:1:4:4,4:4:4:4:4:2:3:4:4,MUTATE
4:3:4:4:4:4:4:4:3:,recombination,14741.913020582318,3:2:4:4:3:4:4:4:1,4:3:4:4:4:4:4:4:4,MUTATE
3:2:4:4:4:4:4:4:1:,clone,15966.838496978218,3:2:4:4:4:4:4:4:1
3:2:4:4:0:4:4:4:0:,clone,16188.093858151538,2:2:4:4:0:4:4:4:0
3:2:4:4:1:4:4:4:0:,clone,15607.624602352478,3:2:4:4:1:4:4:4:0
4:4:4:4:4:4:4:4:4:,recombination,15255.644412032154,4:3:4:4:4:4:4:4:3,4:4:4:4:4:1:2:4:4
4:2:4:4:3:4:4:4:1:,recombination,16016.466619963237,4:4:4:4:4:2:3:4:4,3:2:4:4:1:4:4:4:0,MUTATE
4:3:4:4:4:4:4:4:1:,clone,16473.284634065752,3:2:4:4:4:4:4:4:1
2:2:4:4:0:4:4:4:0:,recombination,15813.297599936664,2:2:4:4:0:4:4:4:0,4:3:4:4:4:3:4:4:4
3:2:4:4:2:4:4:4:1:,recombination,16274.62227752702,3:2:4:4:1:4:4:4:0,4:4:4:4:4:3:4:4:4
3:3:4:4:3:4:4:4:1:,clone,16304.412338701555,4:3:4:4:4:4:4:4:2
4:3:4:4:3:4:4:4:1:,clone,16020.00748682034,4:3:4:4:3:4:4:4:1
3:2:4:4:2:4:4:4:1:,recombination,15354.354120136486,4:4:4:4:4:0:0:4:4,3:2:4:4:2:4:4:4:0,MUTATE
2:2:4:4:0:4:4:4:0:,recombination,15704.405822677578,3:3:4:4:4:4:4:4:1,2:2:4:4:0:4:4:4:0,MUTATE
4:3:4:4:3:4:4:4:2:,recombination,15343.473573013345,4:4:4:4:4:3:2:4:4,3:2:4:4:2:4:4:4:0,MUTATE
4:3:4:4:4:4:4:4:1:,recombination,16071.430946505076,3:2:4:4:1:4:4:4:0,4:4:4:4:4:2:2:4:4
4:2:4:4:4:4:4:4:1:,clone,15464.747667277568,3:2:4:4:2:4:4:4:1
3:3:4:4:4:4:4:4:1:,clone,15987.76502152023,4:3:4:4:4:4:4:4:2
3:2:4:4:4:4:4:4:1:,clone,15834.112683260335,3:2:4:4:4:4:4:4:1
4:2:4:4:4:4:4:4:1:,recombination,15259.336698413592,4:4:4:4:4:2:2:4:4,2:2:4:4:0:4:4:4:0
3:2:4:4:4:4:4:4:1:,clone,15756.125219822856,3:2:4:4:4:4:4:4:1
4:3:4:4:4:4:4:4:2:,recombination,14984.158155172907,4:3:4:4:4:4:4:4:2,2:2:4:4:0:4:4:4:0,MUTATE
3:3:4:4:3:4:4:4:1:,clone,16177.562630241906,3:3:4:4:4:4:4:4:1
3:2:4:4:4:4:4:4:0:,recombination,15479.601285658207,4:4:4:4:4:2:2:4:4,4:2:4:4:4:4:4:4:1,MUTATE
3:3:4:4:3:4:4:4:1:,clone,15888.402537348748,3:3:4:4:3:4:4:4:1
4:3:4:4:4:4:4:4:1:,clone,15840.217883370915,4:3:4:4:4:4:4:4:1
3:2:4:4:4:4:4:4:1:,clone,15551.347111224497,3:2:4:4:4:4:4:4:1
3:3:4:4:3:4:4:4:1:,clone,15743.017292021135,3:3:4:4:3:4:4:4:1
3:3:4:4:3:4:4:4:1:,recombination,15683.624428750389,4:4:4:4:4:3:3:4:4,4:3:4:4:4:3:4:4:4
3:2:4:4:4:4:4:4:0:,clone,15331.21567999605,3:2:4:4:4:4:4:4:0
3:3:4:4:4:4:4:4:1:,recombination,15976.77910983126,3:2:4:4:2:4:4:4:0,4:4:4:4:4:3:2:4:4
3:3:4:4:4:4:4:4:1:,recombination,15587.471351223765,2:2:4:4:0:4:4:4:0,4:4:4:4:4:3:2:4:4
3:2:4:4:2:4:4:4:0:,clone,15516.863295603804,3:2:4:4:2:4:4:4:0
2:2:4:4:0:4:4:4:0:,clone,15701.280046189897,2:2:4:4:0:4:4:4:0
2:2:4:4:0:4:4:4:0:,clone,15701.280046189893,2:2:4:4:0:4:4:4:0
3:2:4:4:2:4:4:4:0:,clone,15313.956487848269,3:2:4:4:2:4:4:4:0
4:2:4:4:4:4:4:4:1:,recombination,15117.97383889243,4:3:4:4:3:4:4:4:2,4:2:4:4:4:4:4:4:1
3:2:4:4:3:4:4:4:1:,clone,15869.364394783404,3:2:4:4:3:4:4:4:1
4:3:4:4:3:4:4:4:1:,recombination,15528.82144827145,4:3:4:4:4:4:4:4:3,2:2:4:4:0:4:4:4:0
3:2:4:4:3:4:4:4:1:,recombination,15633.551036132601,3:2:4:4:2:4:4:4:0,4:4:4:4:4:3:3:4:4
4:3:4:4:2:4:4:4:1:,clone,16615.660348827085,4:3:4:4:2:4:4:4:1
3:2:4:4:0:4:4:4:0:,clone,15515.05748114678,3:2:4:4:0:4:4:4:0
3:2:4:4:1:4:4:4:1:,recombination,15813.161716107566,4:3:4:4:3:4:4:4:2,4:3:4:4:4:4:4:4:2,MUTATE
3:2:4:4:1:4:4:4:0:,clone,15568.008741496476,3:2:4:4:0:4:4:4:0
4:3:4:4:2:4:4:4:1:,recombination,16435.184309949404,4:3:4:4:4:3:3:4:4,4:4:4:4:4:2:2:4:4,MUTATE
2:2:4:4:0:4:4:4:0:,clone,15581.56034584903,3:2:4:4:0:4:4:4:0
4:2:4:4:4:4:4:4:2:,recombination,15280.337916909637,4:4:4:4:4:0:0:3:4,3:2:4:4:4:4:4:4:1,MUTATE
3:2:4:4:1:4:4:4:1:,recombination,15339.24213597815,4:4:4:4:4:3:2:4:4,2:2:4:4:0:4:4:4:0
4:3:4:4:2:4:4:4:1:,clone,16154.621693829627,4:3:4:4:4:4:4:4:2
3:3:4:4:1:4:4:4:1:,clone,16356.014233933513,3:2:4:4:0:4:4:4:0
3:2:4:4:1:4:4:4:0:,recombination,15208.20577700564,3:2:4:4:2:4:4:4:1,3:2:4:4:1:4:4:4:0,MUTATE
3:3:4:4:1:4:4:4:1:,recombination,16232.321065164982,4:3:4:4:4:3:4:4:4,4:3:4:4:4:3:4:4:4
4:2:4:4:2:4:4:4:1:,clone,15251.54805737521,4:2:4:4:2:4:4:4:1
2:2:4:4:0:4:4:4:0:,recombination,15557.226994661474,3:3:4:4:4:4:4:4:1,3:2:4:4:1:4:4:4:0
3:3:4:4:0:4:4:4:0:,clone,15931.743330793888,3:3:4:4:0:4:4:4:0
2:2:4:4:0:4:4:4:0:,clone,15448.474768121052,2:2:4:4:0:4:4:4:0
3:2:4:4:1:4:4:4:1:,clone,15215.54896720962,3:2:4:4:1:4:4:4:1
2:2:4:4:0:4:4:4:0:,recombination,15171.166388569474,3:2:4:4:3:4:4:4:1,2:2:4:4:0:4:4:4:0,MUTATE
2:2:4:4:0:4:4:4:0:,recombination,15082.883514834835,2:2:4:4:0:4:4:4:0,3:2:4:4:1:4:4:4:0
3:2:4:4:0:4:4:4:1:,recombination,16440.765731846932,4:4:4:4:4:2:2:4:4,4:3:4:4:4:3:4:4:4
3:2:4:4:0:4:4:4:1:,clone,16420.877355587894,4:3:4:4:2:4:4:4:1
4:3:4:4:2:4:4:4:1:,clone,16029.258820945437,4:3:4:4:2:4:4:4:1
2:2:4:4:0:4:4:4:0:,clone,14731.635110848481,2:2:4:4:0:4:4:4:0
3:2:4:4:0:4:4:4:1:,clone,16251.696240365467,3:2:4:4:0:4:4:4:1
4:3:4:4:2:4:4:4:1:,recombination,15802.275133494186,4:3:4:4:4:4:4:4:3,4:3:4:4:4:3:4:4:4
4:3:4:4:2:4:4:4:1:,recombination,15738.775429831314,4:3:4:4:4:4:4:4:3,4:3:4:4:4:4:4:4:3,MUTATE
3:3:4:4:3:4:4:4:1:,recombination,15632.483210065973,3:3:4:4:3:4:4:4:1,4:3:4:4:3:4:4:4:1
3:3:4:4:2:4:4:4:1:,recombination,15315.391096657586,2:2:4:4:0:4:4:4:0,4:3:4:4:3:4:4:4:1,MUTATE
3:3:4:4:0:4:4:4:0:,clone,15691.070857675852,3:3:4:4:0:4:4:4:0
3:2:4:4:0:4:4:4:1:,clone,16110.972950895159,3:2:4:4:0:4:4:4:1
3:3:4:4:3:4:4:4:1:,recombination,15632.483210065971,4:4:4:4:4:3:4:4:4,3:3:4:4:3:4:4:4:1,MUTATE
4:3:4:4:2:4:4:4:1:,recombination,15626.635230686343,4:3:4:4:2:4:4:4:1,3:2:4:4:2:4:4:4:0
3:2:4:4:3:4:4:4:1:,clone,15488.780735581588,3:3:4:4:3:4:4:4:1
3:2:4:4:1:4:4:4:0:,recombination,15137.569689066704,4:4:4:4:4:0:0:4:4,2:2:4:4:0:4:4:4:0,MUTATE
4:3:4:4:2:4:4:4:1:,clone,15602.60797283978,4:3:4:4:2:4:4:4:1
3:2:4:4:1:4:4:4:0:,clone,14686.36244778097,3:2:4:4:1:4:4:4:0
3:2:4:4:2:4:4:4:1:,recombination,15303.920055707984,4:3:4:4:3:4:4:4:1,3:2:4:4:1:4:4:4:0
4:3:4:4:2:4:4:4:1:,recombination,15258.683746161862,4:3:4:4:2:4:4:4:1,3:2:4:4:3:4:4:4:1,MUTATE
3:3:4:4:1:4:4:4:1:,recombination,16142.973992386045,2:2:4:4:0:4:4:4:0,4:3:4:4:4:3:4:4:4,MUTATE
3:3:4:4:1:4:4:4:0:,recombination,15309.2871287342,3:3:4:4:3:4:4:4:1,2:2:4:4:0:4:4:4:0
4:3:4:4:3:4:4:4:2:,recombination,15144.262347020696,2:2:4:4:0:4:4:4:0,4:3:4:4:2:4:4:4:1
4:3:4:4:3:4:4:4:2:,clone,15138.704187650737,4:3:4:4:3:4:4:4:2
4:2:4:4:1:4:4:4:1:,recombination,16566.93170114049,3:2:4:4:2:4:4:4:0,3:2:4:4:0:4:4:4:1,MUTATE
4:3:4:4:4:4:4:4:1:,clone,15698.850539321298,4:3:4:4:4:4:4:4:1
3:2:4:4:3:4:4:4:1:,recombination,15246.293736920674,3:3:4:4:0:4:4:4:0,3:2:4:4:1:4:4:4:0
4:2:4:4:3:4:4:4:1:,clone,15962.023099926531,4:2:4:4:3:4:4:4:1
4:3:4:4:3:4:4:4:1:,clone,15399.380394428297,4:3:4:4:3:4:4:4:1
3:3:4:4:1:4:4:4:1:,recombination,15605.848613438313,4:4:4:4:4:3:3:4:4,3:2:4:4:1:4:4:4:1,MUTATE
4:3:4:4:3:4:4:4:1:,clone,15193.314533170376,4:3:4:4:3:4:4:4:1
4:2:4:4:3:4:4:4:1:,clone,14982.025312083364,4:2:4:4:3:4:4:4:1
4:2:4:4:3:4:4:4:1:,clone,14959.264230398972,4:2:4:4:3:4:4:4:1
3:2:4:4:3:4:4:4:1:,clone,15052.482591888547,3:2:4:4:3:4:4:4:1
4:3:4:4:4:4:4:4:1:,recombination,15667.878780680288,3:3:4:4:3:4:4:4:1,4:3:4:4:4:4:4:4:2,MUTATE
4:2:4:4:3:4:4:4:2:,clone,15041.61890386376,4:2:4:4:3:4:4:4:2
4:2:4:4:3:4:4:4:1:,clone,14847.124031254003,4:2:4:4:3:4:4:4:1
4:3:4:4:3:4:4:4:2:,recombination,15093.577227369437,4:3:4:4:3:4:4:4:2,4:4:4:4:4:3:3:4:4,MUTATE
4:2:4:4:3:4:4:4:1:,recombination,14781.376162428085,4:4:4:4:4:0:0:4:4,4:3:4:4:4:3:4:4:4,MUTATE
4:3:4:4:2:4:4:4:1:,clone,15193.06384989275,4:3:4:4:2:4:4:4:1
4:3:4:4:2:4:4:4:1:,recombination,15155.17646343426,4:3:4:4:2:4:4:4:1,4:3:4:4:3:4:4:4:1,MUTATE
4:3:4:4:3:4:4:4:1:,clone,15079.582053762791,4:3:4:4:3:4:4:4:1
4:2:4:4:2:4:4:4:1:,clone,15245.83705461972,4:2:4:4:2:4:4:4:1
4:2:4:4:2:4:4:4:1:,clone,15176.753588904328,4:2:4:4:2:4:4:4:1
3:2:4:4:2:4:4:4:1:,clone,15176.753588904328,4:2:4:4:2:4:4:4:1
4:2:4:4:4:4:4:4:2:,recombination,15152.146579699614,4:4:4:4:4:3:3:4:4,4:3:4:4:4:4:4:4:1,MUTATE
4:2:4:4:1:4:4:4:1:,recombination,16537.99476138095,4:4:4:4:4:2:2:4:4,3:2:4:4:0:4:4:4:0,MUTATE
4:2:4:4:1:4:4:4:1:,recombination,15643.572428812682,3:2:4:4:2:4:4:4:1,4:3:4:4:4:3:4:4:4
3:3:4:4:3:4:4:4:1:,recombination,15617.749342151861,4:3:4:4:4:4:4:4:1,2:2:4:4:0:4:4:4:0
4:3:4:4:4:4:3:4:4:,recombination,16542.693715596186,4:4:4:4:4:2:1:4:4,4:4:4:4:4:3:2:4:4
4:3:4:4:4:4:4:4:1:,clone,15587.728295840761,4:3:4:4:4:4:4:4:1
2:3:4:4:0:4:4:4:0:,recombination,16981.241908161886,3:3:4:4:1:4:4:4:1,4:2:4:4:2:4:4:4:1,MUTATE
3:2:4:4:2:4:4:4:0:,recombination,15136.36871512654,4:3:4:4:4:4:4:4:1,2:2:4:4:0:4:4:4:0
3:2:4:4:4:4:4:4:1:,recombination,15255.412220879796,4:4:4:4:4:3:2:4:4,3:3:4:4:3:4:4:4:1,MUTATE
3:2:4:4:4:4:4:4:1:,clone,15103.217479935136,3:2:4:4:4:4:4:4:1
3:2:4:4:3:4:4:4:1:,recombination,15021.014909789472,4:4:4:4:4:2:2:4:4,3:2:4:4:4:4:4:4:1,MUTATE
3:2:4:4:3:4:4:4:1:,clone,14936.292119300271,3:2:4:4:3:4:4:4:1
3:2:4:4:4:4:4:4:1:,clone,14812.8774580697,3:2:4:4:4:4:4:4:1
2:3:4:4:0:4:4:4:0:,recombination,16220.288264006898,3:3:4:4:1:4:4:4:1,2:2:4:4:0:4:4:4:0
2:2:4:4:1:4:4:4:0:,recombination,15683.55102055103,3:2:4:4:3:4:4:4:1,3:3:4:4:1:4:4:4:1,MUTATE
4:3:4:4:4:4:3:4:4:,recombination,16262.959422008178,3:2:4:4:4:4:4:4:1,4:4:4:4:4:0:0:1:4,MUTATE
4:3:4:4:4:3:4:4:3:,recombination,16169.431224981536,3:2:4:4:3:4:4:4:1,4:3:4:4:4:2:3:4:4
4:3:4:4:4:3:4:4:3:,recombination,16141.863817597747,4:4:4:4:4:0:0:4:4,4:3:4:4:4:2:3:4:4,MUTATE
4:3:4:4:4:3:4:4:3:,clone,15784.246625300255,4:3:4:4:4:3:4:4:3
4:2:4:4:4:4:4:4:2:,clone,15070.229263037005,3:2:4:4:4:4:4:4:1
3:3:4:4:0:4:4:4:1:,recombination,16774.23505473496,4:4:4:4:4:0:0:0:4,4:4:4:4:4:3:3:4:4,MUTATE
4:3:4:4:4:3:4:4:3:,recombination,15524.495889640028,4:4:4:4:4:1:2:4:4,4:3:4:4:4:3:4:4:3,MUTATE
3:2:4:4:0:4:4:4:0:,clone,15511.101749999802,3:2:4:4:0:4:4:4:0
3:2:4:4:0:4:4:4:1:,recombination,15540.70308240881,4:4:4:4:4:0:0:2:4,4:2:4:4:3:4:4:4:2,MUTATE
3:3:4:4:2:4:4:4:0:,recombination,16335.924993747403,3:2:4:4:2:4:4:4:0,4:4:4:4:4:3:2:4:4
3:2:4:4:0:4:4:4:0:,clone,15446.737200176156,3:2:4:4:0:4:4:4:0
3:2:4:4:0:4:4:4:0:,clone,15273.273586100895,3:2:4:4:0:4:4:4:0
3:3:4:4:1:4:4:4:1:,clone,15128.284658720915,3:2:4:4:1:4:4:4:1
3:2:4:4:2:4:4:4:1:,clone,15097.100377585777,3:3:4:4:3:4:4:4:1
3:2:4:4:0:4:4:4:1:,clone,15128.284658720915,3:2:4:4:0:4:4:4:1
3:3:4:4:0:4:4:4:1:,recombination,15705.37093076979,4:4:4:4:4:2:2:4:4,4:2:4:4:4:4:4:4:2,MUTATE
3:3:4:4:0:4:4:4:1:,clone,15592.752569638411,3:3:4:4:0:4:4:4:1
3:2:4:4:0:4:4:4:1:,recombination,15066.195779438187,4:2:4:4:4:4:4:4:2,4:3:4:4:4:3:3:4:4
3:2:4:4:2:4:4:4:1:,recombination,14894.699967389013,3:2:4:4:3:4:4:4:1,3:2:4:4:3:4:4:4:1,MUTATE
4:3:4:4:1:4:4:4:2:,recombination,16192.703929739277,4:4:4:4:4:0:0:0:4,3:3:4:4:0:4:4:4:1
4:3:4:4:1:4:4:4:1:,recombination,16151.258131735338,4:3:4:4:4:4:4:4:3,3:2:4:4:0:4:4:4:0
4:3:4:4:4:4:4:4:2:,clone,14973.69729723848,4:3:4:4:4:4:4:4:2
4:2:4:4:0:4:4:4:1:,recombination,15513.308732345567,4:4:4:4:4:0:0:0:4,3:3:4:4:4:4:4:4:1
3:3:4:4:4:4:4:4:1:,clone,15547.32119880081,3:3:4:4:4:4:4:4:1
4:3:4:4:2:4:4:4:2:,clone,16649.286350345035,4:3:4:4:2:4:4:4:2
3:2:4:4:3:4:4:4:0:,recombination,15833.089763015892,4:3:4:4:2:4:4:4:1,3:2:4:4:2:4:4:4:1
3:3:4:4:4:4:4:4:1:,clone,15202.743452421188,3:3:4:4:4:4:4:4:1
3:2:4:4:3:4:4:4:0:,clone,15557.998958966042,3:2:4:4:3:4:4:4:0
2:2:4:4:2:4:4:4:0:,recombination,16220.900104939303,4:4:4:4:4:2:1:4:4,4:3:4:4:4:4:4:4:3,MUTATE
3:3:4:4:4:4:4:4:1:,clone,15172.775620556362,3:3:4:4:4:4:4:4:1
4:3:4:4:1:4:4:4:1:,recombination,15859.425779215147,4:4:4:4:4:0:0:2:4,3:2:4:4:1:4:4:4:0
2:2:4:4:2:4:4:4:0:,clone,15905.143177769953,2:2:4:4:2:4:4:4:0
2:2:4:4:2:4:4:4:0:,recombination,15868.960345029154,2:2:4:4:0:4:4:4:0,2:2:4:4:2:4:4:4:0
3:3:4:4:0:4:4:4:1:,recombination,15497.03033653031,4:3:4:4:3:4:4:4:2,3:3:4:4:1:4:4:4:1
4:3:4:4:1:4:4:4:1:,recombination,15607.449347129956,4:3:4:4:1:4:4:4:1,2:2:4:4:0:4:4:4:0
4:3:4:4:1:4:4:4:1:,clone,15458.131485079368,4:3:4:4:1:4:4:4:1
3:2:4:4:3:4:4:4:0:,recombination,14941.229333586643,4:3:4:4:4:4:4:4:1,3:2:4:4:4:4:4:4:1,MUTATE
2:2:4:4:2:4:4:4:0:,clone,15605.482568904468,2:2:4:4:2:4:4:4:0
2:2:4:4:2:4:4:4:0:,clone,15598.147967506204,2:2:4:4:2:4:4:4:0
3:2:4:4:0:4:4:4:0:,clone,15193.315788921362,2:2:4:4:0:4:4:4:0
3:3:4:4:4:4:4:4:1:,clone,15116.621958630396,3:3:4:4:4:4:4:4:1
3:2:4:4:0:4:4:4:0:,recombination,15079.98141353335,3:3:4:4:1:4:4:4:1,3:3:4:4:1:4:4:4:0,MUTATE
4:3:4:4:4:3:4:4:2:,recombination,15446.787399977116,4:3:4:4:4:2:3:4:4,3:3:4:4:4:4:4:4:1
3:3:4:4:4:4:4:4:1:,recombination,14955.582617291675,4:4:4:4:4:3:3:4:4,3:3:4:4:4:4:4:4:1,MUTATE
4:3:4:4:2:4:4:4:2:,recombination,16266.773882885245,4:3:4:4:1:4:4:4:1,3:2:4:4:0:4:4:4:0,MUTATE
4:2:4:4:4:4:4:4:2:,recombination,15066.309483788873,3:2:4:4:0:4:4:4:0,4:4:4:4:4:0:1:3:4
2:3:4:4:2:4:4:4:0:,clone,16011.633822055273,2:3:4:4:2:4:4:4:0
3:3:4:4:3:4:4:4:1:,recombination,15074.914349602099,4:3:4:4:4:2:3:4:4,2:2:4:4:2:4:4:4:0,MUTATE
3:3:4:4:2:4:4:4:0:,clone,15626.546297900732,2:3:4:4:2:4:4:4:0
3:3:4:4:3:4:4:4:1:,recombination,15046.869953637308,3:3:4:4:3:4:4:4:1,3:2:4:4:4:4:4:4:1
3:3:4:4:3:4:4:4:1:,clone,15003.702619748045,3:3:4:4:3:4:4:4:1
4:2:4:4:2:4:4:4:2:,recombination,16081.443257787805,4:3:4:4:1:4:4:4:1,4:4:4:4:4:3:2:4:4,MUTATE
3:3:4:4:3:4:4:4:1:,recombination,14923.283343239958,3:3:4:4:3:4:4:4:1,3:3:4:4:3:4:4:4:1,MUTATE
2:2:4:4:2:4:4:4:0:,clone,15570.46591777096,2:2:4:4:2:4:4:4:0
2:3:4:4:2:4:4:4:0:,recombination,15025.002025009,3:2:4:4:2:4:4:4:1,3:3:4:4:3:4:4:4:1
4:3:4:4:4:3:4:4:3:,clone,14973.472164451856,4:3:4:4:4:3:4:4:3
3:3:4:4:2:4:4:4:0:,recombination,15341.080471310981,2:3:4:4:2:4:4:4:0,3:2:4:4:1:4:4:4:0
3:3:4:4:4:4:4:4:2:,recombination,15814.414951351413,3:3:4:4:3:4:4:4:1,4:3:4:4:4:3:4:4:3
3:2:4:4:2:4:4:4:0:,recombination,14934.776938042756,4:4:4:4:4:2:3:4:4,4:4:4:4:4:4:4:4:4,MUTATE
2:3:4:4:0:4:4:4:0:,recombination,15927.060387214804,3:2:4:4:2:4:4:4:0,2:2:4:4:2:4:4:4:0
2:3:4:4:0:4:4:4:0:,recombination,15790.404569356093,4:3:4:4:2:4:4:4:1,4:2:4:4:3:4:4:4:2,MUTATE
3:2:4:4:0:4:4:4:0:,recombination,15054.45445024103,4:4:4:4:4:2:3:4:4,2:2:4:4:2:4:4:4:0,MUTATE
4:4:4:4:4:4:3:4:4:,recombination,15758.742855381783,3:2:4:4:3:4:4:4:0,4:3:4:4:1:4:4:4:1,MUTATE
4:4:4:4:4:1:0:4:4:,clone,14214.037464683952,4:4:4:4:4:1:0:4:4
4:4:4:4:4:0:1:4:4:,recombination,14108.828899725573,4:3:4:4:4:4:4:4:1,4:4:4:4:4:4:4:4:4
4:3:4:4:4:4:3:4:4:,clone,15613.431120749668,4:3:4:4:4:3:3:4:4
3:2:4:4:3:4:4:4:1:,clone,14933.203620660306,3:2:4:4:3:4:4:4:1
4:3:4:4:4:4:3:4:4:,clone,15339.804932873234,4:3:4:4:4:3:3:4:4
4:3:4:4:4:4:3:4:4:,clone,15326.168142765891,4:3:4:4:4:4:3:4:4
4:2:4:4:4:4:4:4:2:,clone,14839.394773797092,4:2:4:4:4:4:4:4:2
3:2:4:4:4:4:4:4:1:,clone,14754.814114914781,3:2:4:4:4:4:4:4:1
3:2:4:4:2:4:4:4:1:,clone,14883.12648998998,3:2:4:4:2:4:4:4:1
3:2:4:4:2:4:4:4:1:,clone,14824.574432837144,3:2:4:4:2:4:4:4:1
3:2:4:4:4:4:4:4:1:,recombination,14750.4817306702,4:4:4:4:4:3:2:4:4,3:2:4:4:4:4:4:4:1,MUTATE
4:3:4:4:4:4:4:4:2:,recombination,14726.813902913042,4:4:4:4:4:2:3:4:4,3:2:4:4:3:4:4:4:1
3:2:4:4:4:4:4:4:1:,clone,14732.057768007724,3:2:4:4:4:4:4:4:1
4:3:4:4:4:4:4:4:1:,recombination,15479.135309029809,2:2:4:4:2:4:4:4:0,3:2:4:4:1:4:4:4:1,MUTATE
4:3:4:4:4:4:4:4:2:,recombination,14640.052944933273,4:3:4:4:4:4:4:4:2,4:2:4:4:3:4:4:4:1
2:2:4:4:1:4:4:4:0:,clone,15375.982205776658,2:2:4:4:1:4:4:4:0
2:2:4:4:1:4:4:4:0:,clone,15375.982205776656,2:2:4:4:1:4:4:4:0
3:3:4:4:4:4:4:4:1:,clone,14884.057968592984,3:3:4:4:4:4:4:4:1
3:3:4:4:4:4:4:4:1:,clone,14703.475584993888,3:3:4:4:4:4:4:4:1
4:3:4:4:4:4:3:4:4:,recombination,15222.514439417178,3:2:4:4:0:4:4:4:1,4:3:4:4:4:4:4:4:4
4:3:4:4:4:4:3:4:4:,clone,15062.772404764097,4:3:4:4:4:4:3:4:4
4:3:4:4:4:4:4:4:1:,clone,14827.175323351083,4:3:4:4:4:4:4:4:1
4:4:4:4:4:4:3:4:4:,clone,15562.65684674654,4:4:4:4:4:4:3:4:4
3:2:4:4:2:4:4:4:1:,clone,14765.772231020661,3:2:4:4:2:4:4:4:1
4:3:4:4:4:4:4:4:2:,clone,14627.948506797313,4:3:4:4:4:4:4:4:2
4:3:4:4:3:4:4:4:1:,clone,14551.622090868013,4:3:4:4:3:4:4:4:1
4:4:4:4:4:4:4:4:4:,clone,14983.39856077556,4:4:4:4:4:4:4:4:4
4:4:4:4:4:3:4:4:4:,clone,14393.077192256422,4:4:4:4:4:3:4:4:4
3:3:4:4:2:4:4:4:1:,recombination,15101.889110153883,3:3:4:4:4:4:4:4:1,3:3:4:4:4:4:4:4:1,MUTATE
4:3:4:4:4:4:4:4:4:,recombination,14656.277754538645,4:3:4:4:4:2:3:4:4,4:4:4:4:4:4:4:4:4,MUTATE
4:3:4:4:4:4:4:4:3:,clone,14455.157804174898,4:3:4:4:4:4:4:4:3
3:2:4:4:2:4:4:4:0:,clone,14727.660676141852,3:2:4:4:2:4:4:4:0
4:3:4:4:4:4:4:4:2:,clone,14606.674497435008,4:3:4:4:4:4:4:4:2
4:3:4:4:4:4:4:4:2:,clone,14570.72053114175,4:3:4:4:4:4:4:4:2
4:3:4:4:4:4:4:4:2:,clone,14535.25969202493,4:3:4:4:4:4:4:4:2
4:3:4:4:4:4:4:4:2:,clone,14515.60978444888,4:3:4:4:4:4:4:4:2
3:2:4:4:1:4:4:4:1:,recombination,14802.107523301858,4:3:4:4:4:4:4:4:4,4:3:4:4:4:3:3:4:4,MUTATE
4:3:4:4:2:4:4:4:2:,recombination,15861.52468525385,4:4:4:4:4:3:3:4:4,4:4:4:4:4:0:1:3:4
4:4:4:4:4:0:0:0:4:,clone,13364.573755626398,2:2:4:4:0:4:4:4:0
4:4:4:4:4:0:0:4:4:,recombination,13605.372582691507,4:2:4:4:4:4:4:4:2,4:4:4:4:4:2:3:4:4,MUTATE
4:4:4:4:4:0:1:4:4:,recombination,13733.534302117012,4:3:4:4:2:4:4:4:2,4:4:4:4:4:2:2:4:4
4:4:4:4:4:3:2:4:4:,recombination,14564.326736375091,4:4:4:4:4:4:4:4:4,4:4:4:4:4:0:0:4:4,MUTATE
4:4:4:4:4:4:3:4:4:,recombination,15286.58273746385,4:3:4:4:1:4:4:4:1,4:3:4:4:4:3:4:4:4
4:3:4:4:4:4:4:4:4:,clone,14603.488490691581,4:3:4:4:4:4:4:4:4
4:3:4:4:4:4:4:4:4:,clone,14319.417924614349,4:3:4:4:4:4:4:4:4
4:3:4:4:4:4:4:4:3:,recombination,14349.118867122024,4:4:4:4:4:2:3:4:4,4:4:4:4:4:3:3:4:4
3:3:4:4:0:4:4:4:0:,clone,15570.329824103088,3:3:4:4:0:4:4:4:0
3:3:4:4:0:4:4:4:0:,clone,15524.080126412811,3:3:4:4:0:4:4:4:0
2:3:4:4:1:4:4:4:0:,recombination,17587.367115390713,3:2:4:4:2:4:4:4:1,3:2:4:4:4:4:4:4:1
2:2:4:4:3:4:4:4:0:,recombination,16432.85034744565,4:3:4:4:2:4:4:4:1,3:2:4:4:0:4:4:4:1
3:3:4:4:3:4:4:4:0:,recombination,17762.780452332365,3:2:4:4:2:4:4:4:1,4:4:4:4:4:2:2:4:4,MUTATE
1:2:4:4:0:4:4:4:0:,clone,16194.500448695619,3:2:4:4:0:4:4:4:0
2:3:4:4:1:4:4:4:0:,recombination,16752.018667455464,4:3:4:4:4:3:4:4:4,4:4:4:4:4:1:1:4:4
2:2:4:4:3:4:4:4:0:,clone,16049.365134079626,2:2:4:4:2:4:4:4:0
2:2:4:4:3:4:4:4:0:,clone,15511.10973562363,2:2:4:4:3:4:4:4:0
3:2:4:4:0:4:4:4:0:,recombination,15052.491981716941,4:4:4:4:4:0:0:4:4,4:3:4:4:2:4:4:4:1
2:3:4:4:0:4:4:4:0:,recombination,15717.50107206875,3:2:4:4:2:4:4:4:0,4:3:4:4:1:4:4:4:1,MUTATE
2:3:4:4:0:4:4:4:0:,clone,15391.619727178704,2:3:4:4:0:4:4:4:0
2:2:4:4:0:4:4:4:0:,recombination,14718.507114446362,2:2:4:4:1:4:4:4:0,3:3:4:4:1:4:4:4:1
2:2:4:4:0:4:4:4:0:,clone,14428.710709824016,2:2:4:4:0:4:4:4:0
2:2:4:4:0:4:4:4:0:,clone,14206.915042448269,2:2:4:4:0:4:4:4:0
2:2:4:4:0:4:4:4:0:,clone,14169.609763092802,2:2:4:4:0:4:4:4:0
4:4:4:4:4:0:1:4:4:,clone,13653.738812405903,4:4:4:4:4:0:1:4:4
4:4:4:4:4:4:4:4:4:,clone,14956.343711391788,4:4:4:4:4:4:4:4:4
3:3:4:4:0:4:4:4:1:,recombination,15257.374286093609,3:3:4:4:1:4:4:4:1,4:4:4:4:4:3:2:4:4,MUTATE
4:3:4:4:2:4:4:4:2:,clone,15604.127439581933,4:3:4:4:2:4:4:4:2
4:3:4:4:2:4:4:4:2:,recombination,15496.735981991413,4:4:4:4:4:2:1:4:4,3:3:4:4:0:4:4:4:1
3:3:4:4:0:4:4:4:1:,clone,15087.914573217182,3:3:4:4:0:4:4:4:1
4:2:4:4:1:4:4:4:1:,recombination,15614.369148019345,3:3:4:4:3:4:4:4:1,4:3:4:4:1:4:4:4:1
4:2:4:4:2:4:4:4:2:,clone,15595.271375128605,4:2:4:4:2:4:4:4:2
4:2:4:4:4:4:4:4:3:,recombination,15212.150207757602,2:2:4:4:1:4:4:4:0,4:4:4:4:4:1:2:4:4
4:2:4:4:2:4:4:4:2:,clone,15561.100043145216,4:2:4:4:2:4:4:4:2
4:3:4:4:2:4:4:4:2:,clone,15295.649128215679,4:3:4:4:2:4:4:4:2
4:3:4:4:3:4:4:4:2:,recombination,15012.838312288528,4:3:4:4:4:4:4:4:2,3:2:4:4:1:4:4:4:0,MUTATE
4:2:4:4:1:4:4:4:1:,clone,15612.959252184051,4:2:4:4:1:4:4:4:1
4:2:4:4:1:4:4:4:1:,recombination,15529.295886893116,4:3:4:4:3:4:4:4:2,4:2:4:4:1:4:4:4:1,MUTATE
4:2:4:4:3:4:4:4:1:,recombination,14737.331240920606,3:2:4:4:0:4:4:4:0,4:3:4:4:3:4:4:4:1,MUTATE
4:3:4:4:3:4:4:4:2:,recombination,14963.00155619619,2:3:4:4:0:4:4:4:0,4:2:4:4:4:4:4:4:1
4:2:4:4:1:4:4:4:1:,clone,15430.174959678503,4:2:4:4:1:4:4:4:1
3:3:4:4:2:4:4:4:0:,clone,15294.127933143094,3:3:4:4:2:4:4:4:1
3:3:4:4:3:4:4:4:0:,recombination,16384.730729177598,2:3:4:4:1:4:4:4:0,4:4:4:4:4:0:0:1:4,MUTATE
4:4:4:4:4:1:0:4:4:,clone,14197.562425175207,4:4:4:4:4:0:0:4:4
4:2:4:4:4:4:4:4:1:,clone,14994.834125412224,4:2:4:4:4:4:4:4:1
4:2:4:4:4:4:4:4:1:,recombination,14856.590762467273,4:3:4:4:4:4:4:4:3,3:2:4:4:3:4:4:4:1
4:4:4:4:4:0:0:3:4:,recombination,13905.469810921873,4:4:4:4:4:0:1:4:4,3:3:4:4:3:4:4:4:1
4:4:4:4:4:1:0:4:4:,recombination,14063.830565208376,4:4:4:4:4:3:4:4:4,4:2:4:4:2:4:4:4:1
4:4:4:4:4:0:0:1:4:,clone,13820.126048220576,4:4:4:4:4:0:0:1:4
4:4:4:4:4:0:0:2:4:,clone,13559.304158382472,4:4:4:4:4:0:0:2:4
4:3:4:4:4:4:3:4:4:,clone,14959.292317103245,4:3:4:4:4:3:3:4:4
4:3:4:4:4:4:4:4:2:,recombination,14474.877269917131,3:3:4:4:3:4:4:4:1,4:3:4:4:3:4:4:4:1,MUTATE
4:3:4:4:4:3:4:4:4:,recombination,14138.284944964238,3:3:4:4:3:4:4:4:1,4:3:4:4:2:4:4:4:2
4:3:4:4:4:4:4:4:1:,clone,14490.411837546108,4:3:4:4:4:4:4:4:1
4:2:4:4:4:4:4:4:2:,clone,14747.316524338412,4:2:4:4:4:4:4:4:2
4:3:4:4:4:4:4:4:2:,recombination,14470.529484403543,4:3:4:4:3:4:4:4:2,4:4:4:4:4:0:0:4:4
3:2:4:4:3:4:4:4:1:,recombination,14831.788079589065,3:2:4:4:0:4:4:4:0,4:3:4:4:4:3:3:4:4,MUTATE
3:2:4:4:4:4:4:4:1:,clone,14702.700998304023,3:2:4:4:4:4:4:4:1
3:3:4:4:3:4:4:4:1:,recombination,14773.125156724198,3:2:4:4:0:4:4:4:0,2:2:4:4:0:4:4:4:0
3:2:4:4:4:4:4:4:1:,recombination,14520.793679452074,3:2:4:4:4:4:4:4:1,3:2:4:4:0:4:4:4:0,MUTATE
3:3:4:4:3:4:4:4:1:,recombination,14761.11219389411,4:2:4:4:4:4:4:4:3,3:3:4:4:3:4:4:4:1,MUTATE
4:2:4:4:2:4:4:4:1:,clone,15096.121857472011,4:2:4:4:2:4:4:4:1
4:2:4:4:4:4:4:4:1:,clone,14810.790410995784,4:2:4:4:4:4:4:4:1
4:2:4:4:4:4:4:4:1:,clone,14630.423992819822,4:2:4:4:4:4:4:4:1
3:3:4:4:2:4:4:4:1:,clone,14928.609029802601,3:3:4:4:2:4:4:4:1
2:2:4:4:1:4:4:4:0:,recombination,15363.70659111507,4:3:4:4:4:4:4:4:1,4:4:4:4:4:0:0:3:4
2:2:4:4:1:4:4:4:0:,recombination,15147.530906868165,3:3:4:4:3:4:4:4:0,3:3:4:4:3:4:4:4:1
3:3:4:4:2:4:4:4:1:,clone,14875.97507180994,3:3:4:4:2:4:4:4:1
4:2:4:4:1:4:4:4:0:,recombination,16730.712869948762,4:4:4:4:4:3:2:4:4,4:3:4:4:4:4:4:4:2,MUTATE
4:2:4:4:1:4:4:4:0:,clone,16238.56634039161,4:2:4:4:1:4:4:4:0
2:2:4:4:2:4:4:4:0:,clone,15245.538173435198,3:2:4:4:2:4:4:4:0
3:3:4:4:1:4:4:4:0:,clone,15268.881968078793,3:3:4:4:1:4:4:4:0
1:2:4:4:0:4:4:4:0:,clone,15822.840237985198,2:2:4:4:0:4:4:4:0
1:2:4:4:0:4:4:4:0:,clone,15669.898534588032,1:2:4:4:0:4:4:4:0
4:4:4:4:4:0:0:0:4:,clone,13325.454578794375,4:4:4:4:4:0:0:0:4
4:4:4:4:4:0:0:4:4:,recombination,13476.302876318778,4:4:4:4:4:0:0:0:4,3:2:4:4:2:4:4:4:0
4:4:4:4:4:0:0:1:4:,clone,13325.454578794375,4:4:4:4:4:0:0:0:4
4:4:4:4:4:0:0:2:4:,clone,13469.54067054006,4:4:4:4:4:0:0:2:4
4:4:4:4:4:0:0:2:4:,clone,13458.146138304895,4:4:4:4:4:0:0:2:4
4:4:4:4:4:0:0:3:4:,clone,13469.54067054006,4:4:4:4:4:0:0:2:4
4:4:4:4:4:0:0:3:4:,clone,13405.793226333077,4:4:4:4:4:0:0:3:4
4:4:4:4:4:0:0:3:4:,clone,13267.020726540422,4:4:4:4:4:0:0:3:4
3:3:4:4:1:4:4:4:1:,recombination,15116.187234401272,2:2:4:4:3:4:4:4:0,4:3:4:4:4:4:4:4:2,MUTATE
3:3:4:4:1:4:4:4:1:,clone,14951.704447090478,3:3:4:4:1:4:4:4:1
3:2:4:4:0:4:4:4:0:,clone,15014.81725484494,3:2:4:4:0:4:4:4:0
4:4:4:4:4:3:3:4:4:,recombination,13312.318338428578,2:2:4:4:0:4:4:4:0,3:3:4:4:3:4:4:4:1
4:3:4:4:4:4:4:4:4:,clone,14298.673799193986,4:3:4:4:4:4:4:4:4
4:4:4:4:4:1:0:4:4:,recombination,14052.709481279657,4:3:4:4:4:4:4:4:2,4:4:4:4:4:1:2:4:4
4:4:4:4:4:4:3:4:4:,clone,15133.935648529963,4:4:4:4:4:4:3:4:4
4:4:4:4:4:1:0:4:4:,clone,13932.147798005904,4:4:4:4:4:1:0:4:4
4:4:4:4:4:4:3:4:4:,clone,14741.587425953867,4:4:4:4:4:4:3:4:4
4:4:4:4:4:0:1:4:4:,clone,13596.4153461201,4:4:4:4:4:1:1:4:4
4:3:4:4:4:4:3:4:4:,recombination,14610.865636841458,4:2:4:4:3:4:4:4:1,3:2:4:4:3:4:4:4:1,MUTATE
2:3:4:4:1:4:4:4:0:,recombination,16356.365962465154,3:3:4:4:0:4:4:4:0,1:2:4:4:0:4:4:4:0
2:3:4:4:1:4:4:4:0:,recombination,15986.235447555622,4:3:4:4:3:4:4:4:2,4:3:4:4:2:4:4:4:1
2:3:4:4:1:4:4:4:0:,clone,15930.801260001437,2:3:4:4:1:4:4:4:0
2:3:4:4:1:4:4:4:0:,clone,15483.655836194177,2:3:4:4:1:4:4:4:0
4:3:4:4:4:3:4:4:3:,recombination,14470.581410755163,4:3:4:4:1:4:4:4:1,4:4:4:4:4:3:4:4:4
4:3:4:4:4:3:4:4:3:,recombination,14408.552659661786,4:3:4:4:4:3:4:4:3,3:2:4:4:4:4:4:4:0
4:3:4:4:4:3:4:4:3:,clone,14389.208333325698,4:3:4:4:4:3:4:4:3
2:2:4:4:3:4:4:4:0:,recombination,15205.128587225136,2:2:4:4:0:4:4:4:0,4:3:4:4:4:3:4:4:3
4:3:4:4:4:4:4:4:3:,clone,14311.623667046088,4:3:4:4:4:4:4:4:3
1:2:4:4:0:4:4:4:0:,clone,15309.644608081495,1:2:4:4:0:4:4:4:0
4:3:4:4:4:4:4:4:3:,recombination,14149.068331535684,4:3:4:4:4:3:4:4:3,3:2:4:4:4:4:4:4:1,MUTATE
3:2:4:4:3:4:4:4:1:,recombination,14792.434987382734,3:3:4:4:2:4:4:4:0,3:2:4:4:3:4:4:4:1,MUTATE
3:2:4:4:0:4:4:4:0:,recombination,15005.189963106593,3:2:4:4:3:4:4:4:1,2:2:4:4:3:4:4:4:0
4:3:4:4:4:4:4:4:3:,recombination,14056.402337584619,4:3:4:4:3:4:4:4:2,4:4:4:4:4:3:3:4:4,MUTATE
4:2:4:4:4:4:4:4:2:,recombination,14674.551807179916,3:2:4:4:4:4:4:4:1,4:4:4:4:4:0:0:2:4
4:3:4:4:4:4:4:4:2:,clone,14241.412751457441,4:2:4:4:4:4:4:4:2
4:2:4:4:4:4:4:4:2:,recombination,14540.273229354803,4:2:4:4:4:4:4:4:2,4:4:4:4:4:0:0:2:4
4:2:4:4:4:4:4:4:2:,clone,14317.724433054314,4:2:4:4:4:4:4:4:2
4:4:4:4:4:4:4:4:4:,clone,14828.799055793776,4:4:4:4:4:4:4:4:4
4:4:4:4:4:4:3:4:4:,clone,14737.573651906036,4:4:4:4:4:4:3:4:4
4:4:4:4:4:3:2:4:4:,recombination,14398.038901465006,3:3:4:4:2:4:4:4:0,2:3:4:4:0:4:4:4:0,MUTATE
4:3:4:4:4:4:4:4:4:,clone,14258.657983673049,4:3:4:4:4:4:4:4:4
2:2:4:4:2:4:4:4:0:,clone,15047.799952967354,2:2:4:4:2:4:4:4:0
3:2:4:4:4:4:4:4:1:,clone,14318.23748557842,3:2:4:4:4:4:4:4:1
2:2:4:4:1:4:4:4:0:,recombination,15100.258155213995,3:2:4:4:3:4:4:4:1,4:4:4:4:4:3:3:4:4,MUTATE
2:2:4:4:1:4:4:4:0:,recombination,14929.951803529037,3:3:4:4:2:4:4:4:0,3:3:4:4:3:4:4:4:1
2:2:4:4:1:4:4:4:0:,recombination,14889.937536927855,2:2:4:4:1:4:4:4:0,4:4:4:4:4:4:3:4:4,MUTATE
2:2:4:4:3:4:4:4:0:,clone,14845.805445918273,2:2:4:4:3:4:4:4:0
3:2:4:4:3:4:4:4:0:,recombination,14894.785713018982,2:3:4:4:1:4:4:4:0,4:4:4:4:4:0:0:2:4
3:2:4:4:3:4:4:4:0:,recombination,14864.524222725982,4:2:4:4:2:4:4:4:1,3:2:4:4:3:4:4:4:0,MUTATE
3:2:4:4:0:4:4:4:0:,clone,14989.232412871372,3:2:4:4:0:4:4:4:0
3:2:4:4:0:4:4:4:0:,clone,14973.300750984588,3:2:4:4:0:4:4:4:0
3:2:4:4:3:4:4:4:1:,clone,14743.380344587124,3:2:4:4:3:4:4:4:1
4:4:4:4:4:0:0:1:4:,clone,13250.919903531912,4:4:4:4:4:0:0:1:4
2:3:4:4:0:4:4:4:0:,clone,15156.350132880756,2:3:4:4:0:4:4:4:0
3:3:4:4:1:4:4:4:0:,recombination,15200.6043503767,3:2:4:4:1:4:4:4:0,4:3:4:4:2:4:4:4:1
3:2:4:4:3:4:4:4:1:,recombination,14674.189694506282,3:3:4:4:3:4:4:4:1,4:3:4:4:4:4:4:4:4
3:2:4:4:3:4:4:4:1:,clone,14598.954032190277,3:2:4:4:3:4:4:4:1
3:2:4:4:2:4:4:4:1:,clone,14755.959523682259,3:2:4:4:2:4:4:4:1
3:2:4:4:2:4:4:4:1:,clone,14608.42717889149,3:2:4:4:2:4:4:4:1
3:2:4:4:2:4:4:4:1:,recombination,14488.645905267107,4:4:4:4:4:2:2:4:4,3:2:4:4:2:4:4:4:1
3:2:4:4:3:4:4:4:1:,recombination,14520.69923436713,4:3:4:4:4:4:4:4:4,4:4:4:4:4:4:4:4:4,MUTATE
4:2:4:4:4:4:4:4:1:,recombination,14485.772606701992,4:3:4:4:2:4:4:4:2,3:3:4:4:3:4:4:4:1,MUTATE
4:2:4:4:2:4:4:4:0:,recombination,16813.602639445602,4:4:4:4:4:1:2:4:4,3:3:4:4:1:4:4:4:0
3:3:4:4:3:4:4:4:0:,clone,15964.185887414013,3:3:4:4:3:4:4:4:0
3:3:4:4:3:4:4:4:0:,clone,15902.601796343657,3:3:4:4:3:4:4:4:0
3:3:4:4:3:4:4:4:0:,clone,15702.358144434293,3:3:4:4:3:4:4:4:0
3:3:4:4:3:4:4:4:0:,clone,15427.456426666828,3:3:4:4:3:4:4:4:0
3:3:4:4:2:4:4:4:0:,clone,15270.022309401613,3:3:4:4:2:4:4:4:0
3:3:4:4:3:4:4:4:0:,recombination,15124.335291194977,3:2:4:4:1:4:4:4:0,3:2:4:4:3:4:4:4:0,MUTATE
3:3:4:4:2:4:4:4:0:,clone,15220.752522381177,3:3:4:4:2:4:4:4:0
4:3:4:4:4:3:4:4:4:,recombination,14118.725190646499,3:2:4:4:3:4:4:4:1,4:3:4:4:4:4:4:4:2,MUTATE
4:4:4:4:4:4:3:4:4:,recombination,14583.238555471655,4:4:4:4:4:3:2:4:4,3:2:4:4:0:4:4:4:1
3:2:4:4:3:4:4:4:0:,recombination,14832.83116105971,3:2:4:4:1:4:4:4:0,3:3:4:4:3:4:4:4:0,MUTATE
3:2:4:4:3:4:4:4:0:,recombination,14768.645829365722,3:2:4:4:3:4:4:4:0,3:2:4:4:3:4:4:4:1,MUTATE
2:3:4:4:3:4:4:4:0:,clone,16469.39857648918,3:3:4:4:3:4:4:4:0
2:3:4:4:3:4:4:4:0:,clone,16120.030810485012,2:3:4:4:3:4:4:4:0
2:3:4:4:1:4:4:4:0:,recombination,14806.837574765665,2:3:4:4:1:4:4:4:0,4:2:4:4:1:4:4:4:0
2:2:4:4:1:4:4:4:0:,clone,14874.472410425247,2:2:4:4:1:4:4:4:0
2:2:4:4:1:4:4:4:0:,clone,14724.850001328063,2:2:4:4:1:4:4:4:0
3:2:4:4:3:4:4:4:1:,recombination,14409.16351973611,3:3:4:4:0:4:4:4:0,2:3:4:4:0:4:4:4:0
3:3:4:4:3:4:4:4:1:,clone,14486.266341579441,3:3:4:4:3:4:4:4:1
3:2:4:4:3:4:4:4:1:,clone,14260.61183066658,3:2:4:4:3:4:4:4:1
3:3:4:4:4:4:4:4:1:,recombination,14245.660011728258,3:3:4:4:3:4:4:4:1,4:4:4:4:4:2:3:4:4,MUTATE
2:2:4:4:1:4:4:4:0:,clone,14525.852146829999,2:2:4:4:1:4:4:4:0
3:2:4:4:1:4:4:4:0:,clone,14555.481313614386,3:2:4:4:1:4:4:4:0
3:3:4:4:2:4:4:4:0:,clone,15139.393735239963,3:3:4:4:2:4:4:4:0
3:3:4:4:2:4:4:4:0:,clone,15139.393735239959,3:3:4:4:2:4:4:4:0
3:3:4:4:2:4:4:4:0:,clone,15045.980620372142,3:3:4:4:2:4:4:4:0
3:3:4:4:2:4:4:4:0:,clone,15045.980620372138,3:3:4:4:2:4:4:4:0
3:2:4:4:0:4:4:4:0:,clone,14811.018363534693,3:2:4:4:0:4:4:4:0
2:3:4:4:3:4:4:4:0:,clone,15986.457762607712,2:3:4:4:3:4:4:4:0
3:2:4:4:2:4:4:4:0:,recombination,14311.187526945101,4:4:4:4:4:0:0:0:4,2:3:4:4:0:4:4:4:0,MUTATE
2:2:4:4:2:4:4:4:0:,clone,15025.468545770038,2:2:4:4:2:4:4:4:0
3:2:4:4:1:4:4:4:0:,clone,14536.916392801646,3:2:4:4:1:4:4:4:0
2:2:4:4:2:4:4:4:0:,clone,14691.350791443472,2:2:4:4:2:4:4:4:0
2:2:4:4:1:4:4:4:0:,clone,14420.187647654151,2:2:4:4:1:4:4:4:0
2:2:4:4:2:4:4:4:0:,recombination,14662.582701265017,4:2:4:4:3:4:4:4:2,3:2:4:4:4:4:4:4:1,MUTATE
4:3:4:4:4:4:3:4:4:,clone,14438.735627374255,4:3:4:4:4:4:3:4:4
4:3:4:4:4:4:3:4:4:,clone,14221.633503651648,4:3:4:4:4:4:3:4:4
4:3:4:4:4:4:3:4:4:,clone,14198.683017004852,4:3:4:4:4:4:4:4:4
4:2:4:4:3:4:4:4:1:,recombination,14707.241151980668,4:2:4:4:1:4:4:4:1,4:3:4:4:4:4:3:4:4,MUTATE
3:2:4:4:1:4:4:4:1:,clone,14789.048777093312,3:2:4:4:1:4:4:4:1
4:2:4:4:2:4:4:4:2:,recombination,14796.914742527448,3:3:4:4:3:4:4:4:1,4:2:4:4:4:4:4:4:3,MUTATE
4:2:4:4:1:4:4:4:1:,clone,14888.069323917396,4:2:4:4:1:4:4:4:1
3:2:4:4:1:4:4:4:1:,recombination,14585.894396049971,4:2:4:4:1:4:4:4:1,3:2:4:4:2:4:4:4:0
3:2:4:4:1:4:4:4:0:,clone,14464.46371279545,3:2:4:4:1:4:4:4:0
3:3:4:4:1:4:4:4:0:,clone,15114.036043790193,3:3:4:4:1:4:4:4:0
3:2:4:4:1:4:4:4:0:,clone,14419.917220996924,3:2:4:4:1:4:4:4:0
2:3:4:4:0:4:4:4:0:,clone,15107.732431804709,2:3:4:4:0:4:4:4:0
1:2:4:4:0:4:4:4:0:,clone,15211.072964791916,1:2:4:4:0:4:4:4:0
1:2:4:4:0:4:4:4:0:,clone,15012.0937824582,1:2:4:4:0:4:4:4:0
1:2:4:4:0:4:4:4:0:,clone,15011.504928448676,1:2:4:4:0:4:4:4:0
4:4:4:4:4:4:4:4:4:,clone,14767.459721305238,4:4:4:4:4:4:4:4:4
4:4:4:4:4:3:4:4:4:,clone,14004.164867651694,4:4:4:4:4:3:3:4:4
4:3:4:4:4:3:4:4:4:,clone,14108.527606326104,4:4:4:4:4:3:4:4:4
4:4:4:4:4:2:1:4:4:,clone,13784.319493936198,4:4:4:4:4:2:1:4:4
2:2:4:4:2:4:4:4:1:,clone,15593.196144185273,2:2:4:4:2:4:4:4:1
2:3:4:4:3:4:4:4:0:,recombination,15955.002350069106,3:2:4:4:3:4:4:4:1,4:3:4:4:2:4:4:4:2,MUTATE
2:3:4:4:0:4:4:4:0:,recombination,15013.840822298818,4:2:4:4:4:4:4:4:1,3:2:4:4:1:4:4:4:0
3:3:4:4:1:4:4:4:0:,clone,14733.196928810652,3:3:4:4:1:4:4:4:0
2:3:4:4:0:4:4:4:0:,recombination,15003.281172722522,4:4:4:4:4:0:0:2:4,4:2:4:4:3:4:4:4:1,MUTATE
2:2:4:4:0:4:4:4:0:,clone,14157.901874625208,2:2:4:4:0:4:4:4:0
2:2:4:4:0:4:4:4:0:,recombination,13963.635494729582,3:2:4:4:1:4:4:4:0,2:2:4:4:0:4:4:4:0
2:2:4:4:0:4:4:4:0:,clone,13961.681286826186,2:2:4:4:0:4:4:4:0
3:2:4:4:0:4:4:4:0:,clone,14711.30172010861,3:2:4:4:0:4:4:4:0
3:2:4:4:0:4:4:4:0:,clone,14683.474039385608,3:2:4:4:0:4:4:4:0
3:2:4:4:0:4:4:4:0:,clone,14680.264361084439,3:2:4:4:0:4:4:4:0
3:2:4:4:0:4:4:4:0:,recombination,14625.42711498406,4:3:4:4:4:3:4:4:4,4:2:4:4:3:4:4:4:1
3:2:4:4:0:4:4:4:0:,clone,14577.876564337796,3:2:4:4:0:4:4:4:0
3:2:4:4:0:4:4:4:0:,recombination,14504.848569965434,4:3:4:4:4:4:3:4:4,2:2:4:4:0:4:4:4:0
3:2:4:4:0:4:4:4:0:,clone,14382.565347371168,3:2:4:4:0:4:4:4:0
3:3:4:4:0:4:4:4:0:,recombination,15002.680875500408,3:3:4:4:3:4:4:4:0,4:3:4:4:2:4:4:4:1,MUTATE
4:4:4:4:4:3:2:4:4:,clone,14108.21441631649,4:4:4:4:4:2:2:4:4
4:4:4:4:4:3:2:4:4:,recombination,14047.858561816704,3:3:4:4:1:4:4:4:0,4:3:4:4:3:4:4:4:2
4:4:4:4:4:3:2:4:4:,recombination,13879.836301216148,3:3:4:4:1:4:4:4:0,4:3:4:4:4:3:3:4:4
4:4:4:4:4:0:1:4:4:,clone,13533.819935288004,4:4:4:4:4:0:1:4:4
4:4:4:4:4:0:1:4:4:,clone,13524.534799034702,4:4:4:4:4:0:1:4:4
4:4:4:4:4:0:0:4:4:,clone,13307.42784191714,4:4:4:4:4:0:1:4:4
4:2:4:4:4:4:4:4:3:,recombination,15151.621886081502,3:3:4:4:3:4:4:4:1,3:2:4:4:0:4:4:4:1,MUTATE
4:3:4:4:1:4:4:4:1:,recombination,15229.361533030145,2:2:4:4:0:4:4:4:0,4:2:4:4:4:4:4:4:1
4:3:4:4:1:4:4:4:1:,recombination,15113.08301658974,2:3:4:4:1:4:4:4:0,4:3:4:4:1:4:4:4:1,MUTATE
2:2:4:4:1:4:4:4:0:,clone,14291.810972507452,2:2:4:4:1:4:4:4:0
2:2:4:4:3:4:4:4:1:,recombination,15283.624274711021,4:4:4:4:4:0:0:1:4,3:3:4:4:4:4:4:4:1,MUTATE
4:3:4:4:4:4:4:4:3:,clone,14040.94194135855,4:3:4:4:4:4:4:4:3
4:2:4:4:4:4:4:4:2:,clone,14210.5816652668,4:2:4:4:4:4:4:4:2
4:2:4:4:4:4:4:4:2:,clone,14143.61377743302,4:2:4:4:4:4:4:4:2
4:2:4:4:0:4:4:4:0:,recombination,16691.36838176975,3:2:4:4:0:4:4:4:0,4:3:4:4:4:2:3:4:4
4:4:4:4:4:0:0:3:4:,recombination,13162.45066886009,3:2:4:4:3:4:4:4:1,4:4:4:4:4:1:2:4:4,MUTATE
4:3:4:4:4:3:4:4:4:,clone,14061.67900821805,4:3:4:4:4:3:4:4:4
4:3:4:4:4:3:4:4:4:,clone,14027.81665716704,4:3:4:4:4:3:4:4:4
4:3:4:4:4:3:4:4:4:,clone,13897.163495320836,4:3:4:4:4:3:4:4:4
4:3:4:4:4:4:4:4:4:,recombination,14173.380432235597,1:2:4:4:0:4:4:4:0,4:3:4:4:4:4:4:4:3,MUTATE
4:3:4:4:4:4:4:4:4:,clone,13829.632604433698,4:3:4:4:4:4:4:4:4
2:3:4:4:4:4:4:4:1:,recombination,14550.034273318139,4:3:4:4:4:4:3:4:4,3:2:4:4:4:4:4:4:1,MUTATE
2:2:4:4:2:4:4:4:0:,recombination,14644.338792884335,4:3:4:4:4:2:3:4:4,4:4:4:4:4:3:2:4:4
2:2:4:4:4:4:4:4:1:,clone,15177.64347804867,2:2:4:4:4:4:4:4:1
2:2:4:4:4:4:4:4:1:,clone,14895.889365616018,3:2:4:4:4:4:4:4:1
2:3:4:4:0:4:4:4:0:,clone,14749.126367480434,2:2:4:4:0:4:4:4:0
4:4:4:4:4:0:0:0:4:,recombination,12894.273612667017,4:4:4:4:4:1:1:4:4,3:2:4:4:3:4:4:4:0
4:4:4:4:4:1:1:3:4:,recombination,13554.816291289846,4:3:4:4:4:4:4:4:4,4:4:4:4:4:1:1:4:4
4:4:4:4:4:0:0:1:4:,clone,12690.343449881675,4:4:4:4:4:0:0:1:4
4:4:4:4:4:0:1:3:4:,recombination,13110.388327317438,3:2:4:4:2:4:4:4:0,4:4:4:4:4:1:0:4:4
4:4:4:4:4:0:0:2:4:,clone,12719.952951602078,4:4:4:4:4:0:0:1:4
4:4:4:4:4:0:0:2:4:,clone,12690.343449881675,4:4:4:4:4:0:0:2:4
4:4:4:4:4:0:0:3:4:,clone,12719.952951602078,4:4:4:4:4:0:0:3:4
4:4:4:4:4:0:0:3:4:,clone,12690.343449881675,4:4:4:4:4:0:0:3:4
4:4:4:4:4:0:0:3:4:,clone,12463.962118163845,4:4:4:4:4:0:0:3:4
4:4:4:4:4:0:1:4:4:,recombination,12915.776052332069,4:4:4:4:4:0:0:3:4,4:4:4:4:4:0:1:3:4,MUTATE
4:4:4:4:4:0:0:4:4:,recombination,12850.160448761779,4:4:4:4:4:0:0:3:4,4:3:4:4:1:4:4:4:2
4:4:4:4:4:0:0:4:4:,clone,12792.94084878095,4:4:4:4:4:0:0:4:4
4:4:4:4:4:0:1:4:4:,clone,12853.335841073407,4:4:4:4:4:0:1:4:4
3:3:4:4:2:4:4:4:1:,clone,14844.888186360451,3:3:4:4:2:4:4:4:1
4:3:4:4:4:3:4:4:4:,recombination,13790.576779030995,2:2:4:4:2:4:4:4:0,3:3:4:4:1:4:4:4:1,MUTATE
4:3:4:4:3:4:4:4:2:,recombination,14962.854692178347,4:4:4:4:4:3:2:4:4,4:3:4:4:4:3:4:4:4,MUTATE
4:3:4:4:4:3:4:4:4:,clone,13630.217713926057,4:3:4:4:4:3:4:4:4
4:2:4:4:3:4:4:4:1:,recombination,14631.161590398407,4:4:4:4:4:3:4:4:4,4:4:4:4:4:4:4:4:4,MUTATE
4:2:4:4:3:4:4:4:1:,recombination,14624.666889265738,4:4:4:4:4:0:0:0:4,4:3:4:4:4:4:3:4:4
4:3:4:4:3:4:4:4:1:,clone,14524.642942282504,4:3:4:4:3:4:4:4:1
3:2:4:4:2:4:4:4:1:,clone,14415.253694541227,3:2:4:4:2:4:4:4:1
3:2:4:4:2:4:4:4:1:,clone,14391.950956946812,3:2:4:4:2:4:4:4:1
4:3:4:4:4:3:4:4:4:,recombination,13621.69343020592,4:3:4:4:4:3:4:4:4,4:3:4:4:4:3:4:4:4,MUTATE
4:3:4:4:4:3:4:4:4:,clone,13456.19231482355,4:3:4:4:4:3:4:4:4
3:2:4:4:2:4:4:4:1:,recombination,14203.623043989728,4:3:4:4:3:4:4:4:2,3:2:4:4:0:4:4:4:0
3:2:4:4:2:4:4:4:1:,clone,14136.474347755751,3:2:4:4:2:4:4:4:1
3:2:4:4:2:4:4:4:1:,clone,14130.595049617366,3:2:4:4:2:4:4:4:1
3:2:4:4:2:4:4:4:1:,clone,14130.525259290042,3:2:4:4:2:4:4:4:1
3:2:4:4:2:4:4:4:1:,recombination,14123.971959990879,3:2:4:4:2:4:4:4:1,2:3:4:4:1:4:4:4:0,MUTATE
4:2:4:4:3:4:4:4:1:,recombination,14436.356247360864,2:2:4:4:0:4:4:4:0,2:2:4:4:2:4:4:4:0,MUTATE
4:3:4:4:4:3:4:4:4:,recombination,13337.746192786299,3:2:4:4:2:4:4:4:1,4:3:4:4:4:3:4:4:4,MUTATE
4:3:4:4:4:4:4:4:3:,clone,14032.149346893573,4:3:4:4:4:4:4:4:3
3:2:4:4:3:4:4:4:1:,recombination,14247.158322163004,3:2:4:4:2:4:4:4:1,3:3:4:4:2:4:4:4:0,MUTATE
4:3:4:4:4:4:4:4:3:,recombination,13913.703224856323,3:2:4:4:3:4:4:4:1,4:3:4:4:4:4:4:4:3
4:2:4:4:2:4:4:4:1:,recombination,14833.93544027707,4:3:4:4:3:4:4:4:2,2:2:4:4:2:4:4:4:0
4:2:4:4:2:4:4:4:1:,recombination,14751.953172108473,3:2:4:4:0:4:4:4:0,2:2:4:4:2:4:4:4:0
3:3:4:4:4:4:4:4:2:,clone,15738.501833945818,3:3:4:4:4:4:4:4:2
3:3:4:4:4:4:4:4:2:,clone,15693.503038010876,3:3:4:4:4:4:4:4:2
3:3:4:4:4:4:4:4:2:,recombination,15531.785631006736,2:2:4:4:3:4:4:4:0,4:3:4:4:4:2:3:4:4,MUTATE
4:3:4:4:4:4:4:4:4:,clone,13813.037297020388,4:3:4:4:4:4:4:4:4
4:3:4:4:4:4:4:4:4:,clone,13698.502889421505,4:3:4:4:4:4:4:4:4
4:2:4:4:4:4:4:4:3:,clone,14946.111294228245,4:2:4:4:4:4:4:4:3
4:3:4:4:4:3:4:4:3:,clone,14236.046893152821,4:3:4:4:4:4:4:4:3
2:2:4:4:4:4:4:4:0:,recombination,15953.031064085033,4:4:4:4:4:3:3:4:4,4:3:4:4:4:4:4:4:3
2:2:4:4:4:4:4:4:0:,clone,15015.474609332261,2:2:4:4:4:4:4:4:0
3:2:4:4:1:4:4:4:0:,clone,14307.08724601729,3:2:4:4:1:4:4:4:0
3:3:4:4:3:4:4:4:1:,recombination,14259.549418817869,2:2:4:4:0:4:4:4:0,3:2:4:4:2:4:4:4:1,MUTATE
4:3:4:4:4:4:4:4:2:,clone,14191.904492648893,4:3:4:4:4:4:4:4:2
4:3:4:4:4:4:4:4:2:,clone,13973.09350338975,4:3:4:4:4:4:4:4:2
4:4:4:4:4:1:0:4:4:,clone,13845.098022764201,4:4:4:4:4:1:1:4:4
4:4:4:4:4:4:3:4:4:,clone,14528.270412796757,4:4:4:4:4:4:3:4:4
4:4:4:4:4:4:3:4:4:,clone,14481.465536219099,4:4:4:4:4:4:3:4:4
3:2:4:4:3:4:4:4:1:,clone,14181.028406966025,3:2:4:4:3:4:4:4:1
3:2:4:4:3:4:4:4:0:,clone,14553.78131546409,3:2:4:4:3:4:4:4:0
4:3:4:4:3:4:4:4:1:,clone,14480.363436983922,4:3:4:4:3:4:4:4:1
3:3:4:4:1:4:4:4:1:,clone,14905.486903850171,3:3:4:4:1:4:4:4:1
4:3:4:4:3:4:4:4:1:,clone,14480.36343698392,4:3:4:4:3:4:4:4:1
3:3:4:4:1:4:4:4:1:,clone,14841.357545358667,3:3:4:4:1:4:4:4:1
3:2:4:4:3:4:4:4:0:,recombination,14507.697355732005,3:2:4:4:3:4:4:4:0,4:4:4:4:4:0:0:3:4,MUTATE
4:2:4:4:2:4:4:4:1:,clone,14550.314317125863,4:2:4:4:2:4:4:4:1
3:2:4:4:1:4:4:4:1:,clone,14572.702870770032,3:2:4:4:1:4:4:4:1
3:2:4:4:1:4:4:4:1:,recombination,14337.828418215664,2:3:4:4:1:4:4:4:0,4:2:4:4:2:4:4:4:1
3:3:4:4:0:4:4:4:0:,recombination,14980.93720491683,4:4:4:4:4:3:2:4:4,4:3:4:4:4:4:3:4:4
3:3:4:4:0:4:4:4:0:,recombination,14889.04651883392,4:3:4:4:4:4:3:4:4,4:4:4:4:4:2:1:4:4,MUTATE
3:3:4:4:1:4:4:4:0:,recombination,14724.0412009845,4:3:4:4:2:4:4:4:2,3:3:4:4:3:4:4:4:1,MUTATE
4:4:4:4:4:4:4:4:4:,clone,14383.544457965812,4:4:4:4:4:4:4:4:4
4:2:4:4:4:4:4:4:1:,clone,14397.219686599337,3:2:4:4:4:4:4:4:1
4:2:4:4:3:4:4:4:1:,recombination,14330.550421807382,4:3:4:4:4:3:4:4:4,3:2:4:4:3:4:4:4:1,MUTATE
4:2:4:4:3:4:4:4:1:,clone,14254.052333444833,4:2:4:4:3:4:4:4:1
4:2:4:4:3:4:4:4:1:,clone,14214.429457871955,4:2:4:4:3:4:4:4:1
3:3:4:4:2:4:4:4:1:,clone,14651.366908465323,3:3:4:4:2:4:4:4:1
3:3:4:4:2:4:4:4:1:,recombination,14599.04633856985,2:2:4:4:0:4:4:4:0,2:2:4:4:1:4:4:4:0
4:4:4:4:4:4:4:4:4:,recombination,14311.603886424324,4:4:4:4:4:3:2:4:4,3:3:4:4:0:4:4:4:0
3:3:4:4:4:4:4:4:2:,recombination,14574.588635530581,4:3:4:4:2:4:4:4:1,3:2:4:4:2:4:4:4:1,MUTATE
3:3:4:4:4:4:4:4:2:,clone,14574.418516588077,3:3:4:4:4:4:4:4:2
4:2:4:4:4:4:4:4:3:,clone,14000.397966828397,4:2:4:4:4:4:4:4:3
4:2:4:4:4:4:4:4:2:,clone,14078.688877709174,4:2:4:4:4:4:4:4:2
4:2:4:4:4:4:4:4:2:,clone,14011.428205309006,4:2:4:4:4:4:4:4:2
3:2:4:4:3:4:4:4:0:,recombination,14175.399820177949,4:3:4:4:4:4:4:4:4,4:2:4:4:4:4:4:4:1
2:2:4:4:1:4:4:4:0:,clone,14290.906802573058,2:2:4:4:1:4:4:4:0
3:3:4:4:2:4:4:4:1:,clone,14575.111733101201,3:3:4:4:2:4:4:4:1
3:2:4:4:4:4:4:4:1:,clone,14211.11332115613,3:2:4:4:4:4:4:4:1
3:2:4:4:1:4:4:4:0:,recombination,13905.329511934584,2:2:4:4:2:4:4:4:0,2:2:4:4:3:4:4:4:0,MUTATE
3:2:4:4:1:4:4:4:0:,clone,13811.366612416461,3:2:4:4:1:4:4:4:0
3:3:4:4:2:4:4:4:0:,clone,14907.026399633218,3:3:4:4:2:4:4:4:0
3:3:4:4:2:4:4:4:1:,clone,14379.204746236892,3:3:4:4:2:4:4:4:1
4:3:4:4:3:4:4:4:1:,clone,14443.212891266505,4:3:4:4:3:4:4:4:1
4:2:4:4:3:4:4:4:2:,recombination,14307.590673447237,3:2:4:4:1:4:4:4:0,3:2:4:4:2:4:4:4:1,MUTATE
4:3:4:4:2:4:4:4:1:,recombination,15088.062536378324,1:2:4:4:0:4:4:4:0,3:2:4:4:0:4:4:4:0
2:2:4:4:0:4:4:4:0:,clone,13855.159009525258,2:2:4:4:0:4:4:4:0
2:2:4:4:1:4:4:4:0:,clone,14041.642991956849,2:2:4:4:1:4:4:4:0
2:2:4:4:1:4:4:4:0:,recombination,13929.502792811878,3:3:4:4:1:4:4:4:1,3:3:4:4:1:4:4:4:0
2:2:4:4:1:4:4:4:0:,clone,13874.010500242142,2:2:4:4:1:4:4:4:0
2:3:4:4:0:4:4:4:0:,clone,14542.090532106678,2:2:4:4:0:4:4:4:0
1:2:4:4:0:4:4:4:0:,clone,14457.773014945817,1:2:4:4:0:4:4:4:0
4:4:4:4:4:0:0:0:4:,clone,12869.19123779325,4:4:4:4:4:0:0:0:4
4:4:4:4:4:1:0:4:4:,recombination,13687.716618703582,3:2:4:4:3:4:4:4:0,2:2:4:4:0:4:4:4:0,MUTATE
4:4:4:4:4:1:0:4:4:,clone,13207.999004899932,4:4:4:4:4:1:1:4:4
4:4:4:4:4:1:0:4:4:,clone,12952.207542733637,4:4:4:4:4:1:0:4:4
4:4:4:4:4:2:1:4:4:,recombination,13783.93558934191,4:2:4:4:3:4:4:4:2,4:3:4:4:4:4:4:4:2
4:4:4:4:4:2:1:4:4:,clone,13578.497419488114,4:4:4:4:4:2:1:4:4
4:4:4:4:4:2:1:4:4:,recombination,13442.736974959354,4:3:4:4:4:4:3:4:4,4:3:4:4:4:4:3:4:4,MUTATE
4:4:4:4:4:2:1:4:4:,recombination,13219.81617984444,4:3:4:4:4:4:4:4:2,4:3:4:4:3:4:4:4:1
4:3:4:4:4:4:3:4:4:,clone,13973.364434090276,4:3:4:4:4:3:3:4:4
4:3:4:4:2:4:4:4:1:,recombination,15083.738010014666,4:3:4:4:4:4:4:4:1,3:2:4:4:3:4:4:4:1,MUTATE
3:2:4:4:3:4:4:4:1:,clone,13686.477323210094,3:2:4:4:3:4:4:4:1
2:3:4:4:3:4:4:4:1:,recombination,16090.493168643505,4:3:4:4:4:4:4:4:1,4:4:4:4:4:2:1:4:4,MUTATE
2:3:4:4:0:4:4:4:0:,recombination,14535.517384941142,4:4:4:4:4:3:2:4:4,3:2:4:4:0:4:4:4:0
3:2:4:4:0:4:4:4:0:,recombination,14275.14983145448,3:2:4:4:3:4:4:4:1,3:2:4:4:1:4:4:4:1,MUTATE
3:2:4:4:0:4:4:4:0:,clone,14234.24883231461,3:2:4:4:0:4:4:4:0
4:3:4:4:4:4:4:4:3:,recombination,13841.073702018222,3:3:4:4:1:4:4:4:1,4:3:4:4:4:4:4:4:3,MUTATE
3:3:4:4:1:4:4:4:1:,recombination,14492.90836060304,3:3:4:4:2:4:4:4:1,3:3:4:4:4:4:4:4:1,MUTATE
2:2:4:4:4:4:4:4:1:,clone,14307.28613963105,2:2:4:4:4:4:4:4:1
3:3:4:4:1:4:4:4:1:,clone,14438.190181877246,3:3:4:4:1:4:4:4:1
3:3:4:4:1:4:4:4:0:,clone,14635.887311037823,2:3:4:4:1:4:4:4:0
3:3:4:4:1:4:4:4:0:,clone,14520.425981368608,3:3:4:4:1:4:4:4:0
3:2:4:4:2:4:4:4:0:,clone,14283.395139470464,3:2:4:4:2:4:4:4:0
3:2:4:4:2:4:4:4:0:,recombination,14269.077488556431,3:2:4:4:3:4:4:4:1,2:3:4:4:1:4:4:4:0
3:2:4:4:2:4:4:4:0:,clone,14162.833456196713,3:2:4:4:2:4:4:4:0
4:4:4:4:4:2:3:4:4:,clone,12819.891055485832,4:4:4:4:4:2:3:4:4
4:4:4:4:4:2:3:4:4:,clone,12742.012874475718,4:4:4:4:4:2:3:4:4
4:4:4:4:4:3:3:4:4:,recombination,13225.171615102774,3:2:4:4:3:4:4:4:1,4:4:4:4:4:0:1:4:4,MUTATE
4:3:4:4:4:4:4:4:4:,recombination,13685.456839311835,3:2:4:4:3:4:4:4:1,3:3:4:4:2:4:4:4:0
4:4:4:4:4:0:1:3:4:,clone,12246.251858818609,4:4:4:4:4:0:1:3:4
4:4:4:4:4:0:1:4:4:,clone,12459.183204374882,4:4:4:4:4:0:1:3:4
4:4:4:4:4:0:0:3:4:,recombination,12282.414922341171,4:2:4:4:2:4:4:4:1,3:2:4:4:2:4:4:4:0,MUTATE
4:4:4:4:4:0:0:3:4:,clone,12069.323249913949,4:4:4:4:4:0:0:3:4
4:4:4:4:4:0:1:4:4:,recombination,12433.85125421609,4:4:4:4:4:0:1:3:4,3:2:4:4:2:4:4:4:1
4:4:4:4:4:0:1:4:4:,recombination,12271.708410358464,3:3:4:4:3:4:4:4:1,3:2:4:4:2:4:4:4:1
4:4:4:4:4:0:1:4:4:,clone,12069.323249913949,4:4:4:4:4:0:1:3:4
3:2:4:4:4:4:4:4:2:,clone,14866.24879924883,4:3:4:4:4:4:4:4:2
3:2:4:4:4:4:4:4:1:,clone,14109.417602981051,3:3:4:4:4:4:4:4:1
3:2:4:4:4:4:4:4:2:,clone,14427.16060447164,3:2:4:4:4:4:4:4:2
3:2:4:4:4:4:4:4:1:,recombination,14105.708255934684,3:2:4:4:4:4:4:4:1,3:2:4:4:4:4:4:4:1
2:2:4:4:2:4:4:4:0:,recombination,14349.369087719762,4:2:4:4:4:4:4:4:2,4:4:4:4:4:3:3:4:4,MUTATE
3:2:4:4:4:4:4:4:1:,clone,13870.147592323206,3:2:4:4:4:4:4:4:1
3:3:4:4:0:4:4:4:0:,recombination,14863.939816154401,4:3:4:4:4:4:4:4:1,2:2:4:4:0:4:4:4:0,MUTATE
3:2:4:4:1:4:4:4:1:,clone,14251.853537426477,3:2:4:4:1:4:4:4:1
3:2:4:4:1:4:4:4:1:,clone,14072.801505088408,3:2:4:4:1:4:4:4:1
3:3:4:4:0:4:4:4:1:,recombination,14592.94892066721,4:3:4:4:2:4:4:4:1,4:2:4:4:3:4:4:4:1
4:3:4:4:2:4:4:4:1:,clone,14704.51899942961,3:3:4:4:0:4:4:4:1
4:3:4:4:2:4:4:4:1:,recombination,14704.518999429609,3:3:4:4:2:4:4:4:1,3:3:4:4:0:4:4:4:1,MUTATE
4:3:4:4:3:4:4:4:1:,clone,14381.051015266234,4:3:4:4:3:4:4:4:1
3:3:4:4:0:4:4:4:1:,recombination,14481.904325459385,3:3:4:4:0:4:4:4:0,3:2:4:4:2:4:4:4:1
3:3:4:4:1:4:4:4:1:,recombination,14207.599925879455,4:3:4:4:2:4:4:4:1,4:4:4:4:4:3:2:4:4
3:2:4:4:0:4:4:4:1:,recombination,14511.829407014337,3:3:4:4:0:4:4:4:1,4:4:4:4:4:3:2:4:4
3:3:4:4:1:4:4:4:1:,clone,14207.599925879453,3:3:4:4:1:4:4:4:1
4:3:4:4:3:4:4:4:2:,clone,14688.923334738378,4:3:4:4:3:4:4:4:2
3:3:4:4:0:4:4:4:0:,recombination,14536.43145379881,2:2:4:4:1:4:4:4:0,3:3:4:4:0:4:4:4:0
3:2:4:4:0:4:4:4:1:,clone,14344.311831707479,3:3:4:4:0:4:4:4:1
3:3:4:4:0:4:4:4:1:,recombination,14280.988665642983,3:2:4:4:0:4:4:4:1,3:2:4:4:0:4:4:4:0,MUTATE
3:3:4:4:2:4:4:4:1:,clone,14177.550205866837,3:3:4:4:2:4:4:4:1
3:3:4:4:2:4:4:4:1:,clone,13972.772097268482,3:3:4:4:2:4:4:4:1
3:2:4:4:2:4:4:4:1:,clone,14096.856684227112,3:2:4:4:2:4:4:4:1
3:3:4:4:2:4:4:4:1:,clone,13900.229195633345,3:3:4:4:2:4:4:4:1
2:3:4:4:2:4:4:4:0:,recombination,14685.213275666832,3:2:4:4:2:4:4:4:0,3:3:4:4:1:4:4:4:1
2:3:4:4:3:4:4:4:0:,recombination,15195.720405306867,4:4:4:4:4:3:2:4:4,4:3:4:4:3:4:4:4:1,MUTATE
4:2:4:4:0:4:4:4:0:,clone,16475.46573141651,4:2:4:4:0:4:4:4:0
2:2:4:4:0:4:4:4:0:,recombination,13817.049431814605,3:3:4:4:2:4:4:4:1,3:3:4:4:1:4:4:4:1
2:3:4:4:0:4:4:4:0:,clone,14309.288803588615,2:2:4:4:0:4:4:4:0
3:2:4:4:2:4:4:4:1:,clone,14048.659377836968,3:2:4:4:2:4:4:4:1
2:3:4:4:0:4:4:4:0:,recombination,14305.77964343939,4:4:4:4:4:3:2:4:4,3:2:4:4:2:4:4:4:1
3:3:4:4:0:4:4:4:0:,recombination,14470.926034235918,4:2:4:4:2:4:4:4:1,2:3:4:4:0:4:4:4:0,MUTATE
3:3:4:4:0:4:4:4:0:,clone,14230.474278171994,3:3:4:4:0:4:4:4:0
4:3:4:4:4:3:3:4:4:,recombination,13278.234038427834,4:3:4:4:4:3:4:4:4,3:2:4:4:3:4:4:4:1,MUTATE
4:3:4:4:4:4:4:4:3:,recombination,13835.3943164275,3:2:4:4:0:4:4:4:0,4:3:4:4:4:4:3:4:4
4:2:4:4:4:4:4:4:2:,clone,13806.077657659142,4:2:4:4:4:4:4:4:2
4:3:4:4:4:4:4:4:2:,clone,13773.655249558273,4:3:4:4:4:4:4:4:2
3:3:4:4:4:4:4:4:1:,clone,14225.022601536295,3:3:4:4:4:4:4:4:1
4:3:4:4:4:4:4:4:1:,recombination,14437.970367419179,4:4:4:4:4:1:0:4:4,3:3:4:4:2:4:4:4:1,MUTATE
4:3:4:4:4:4:4:4:1:,clone,14303.594550008967,4:3:4:4:4:4:4:4:1
4:3:4:4:4:4:4:4:1:,clone,14119.043770773846,4:3:4:4:4:4:4:4:1
4:3:4:4:4:4:4:4:1:,recombination,14119.043770773844,3:3:4:4:1:4:4:4:1,4:3:4:4:4:4:3:4:4
3:2:4:4:4:4:4:4:1:,recombination,13827.728480507652,4:3:4:4:4:3:4:4:4,4:3:4:4:3:4:4:4:1,MUTATE
2:2:4:4:0:4:4:4:0:,recombination,13770.569558120977,4:4:4:4:4:0:1:4:4,4:4:4:4:4:2:1:4:4,MUTATE
4:2:4:4:4:4:4:4:1:,clone,14044.662341156423,4:2:4:4:4:4:4:4:1
4:3:4:4:4:4:4:4:1:,clone,14115.732013599396,4:2:4:4:4:4:4:4:1
3:3:4:4:4:4:4:4:1:,clone,14070.36804301599,3:3:4:4:4:4:4:4:1
4:3:4:4:3:4:4:4:1:,recombination,14377.779154065043,4:2:4:4:4:4:4:4:1,4:4:4:4:4:1:0:4:4
3:2:4:4:0:4:4:4:0:,recombination,14217.054111751515,4:3:4:4:3:4:4:4:1,2:2:4:4:2:4:4:4:0
2:2:4:4:4:4:4:4:0:,clone,14287.548908303226,2:2:4:4:4:4:4:4:0
2:2:4:4:3:4:4:4:1:,clone,15113.681679803067,3:2:4:4:4:4:4:4:1
3:2:4:4:4:4:4:4:0:,recombination,14570.006023538792,4:3:4:4:4:3:4:4:3,3:2:4:4:4:4:4:4:1,MUTATE
3:2:4:4:4:4:4:4:2:,clone,14251.567016099281,3:2:4:4:4:4:4:4:1
2:2:4:4:0:4:4:4:0:,recombination,13710.927975882229,3:3:4:4:0:4:4:4:0,2:2:4:4:0:4:4:4:0,MUTATE
2:3:4:4:2:4:4:4:0:,recombination,14463.732637504027,4:4:4:4:4:0:0:4:4,2:2:4:4:1:4:4:4:0
2:3:4:4:0:4:4:4:0:,clone,14273.314169274094,2:2:4:4:0:4:4:4:0
2:3:4:4:0:4:4:4:0:,clone,14228.327361414746,2:2:4:4:0:4:4:4:0
4:4:4:4:4:4:3:4:4:,clone,14150.863787710769,4:4:4:4:4:3:3:4:4
4:3:4:4:4:4:4:4:4:,clone,13649.586657100037,4:3:4:4:4:4:3:4:4
4:3:4:4:4:4:4:4:3:,clone,13824.405070570496,4:3:4:4:4:4:4:4:3
4:3:4:4:4:4:4:4:4:,clone,13615.822710449283,4:3:4:4:4:4:4:4:4
3:2:4:4:2:4:4:4:1:,clone,14038.39929279225,3:2:4:4:2:4:4:4:1
3:2:4:4:2:4:4:4:1:,clone,13849.458438783779,3:2:4:4:2:4:4:4:1
3:2:4:4:2:4:4:4:0:,clone,14122.355366093205,3:2:4:4:2:4:4:4:0
2:2:4:4:3:4:4:4:0:,clone,14693.165096560384,3:2:4:4:3:4:4:4:0
2:2:4:4:3:4:4:4:0:,clone,14680.24714723444,2:2:4:4:3:4:4:4:0
4:4:4:4:4:3:2:4:4:,recombination,13836.307538853738,3:2:4:4:1:4:4:4:0,4:4:4:4:4:0:0:3:4,MUTATE
4:3:4:4:4:4:3:4:4:,recombination,13877.307698715824,4:4:4:4:4:3:2:4:4,3:3:4:4:4:4:4:4:1
4:4:4:4:4:4:4:4:4:,clone,14302.851865067245,4:4:4:4:4:3:3:4:4
4:2:4:4:3:4:4:4:1:,clone,14115.212463914499,4:2:4:4:3:4:4:4:1
4:2:4:4:3:4:4:4:1:,clone,13981.919907829535,4:2:4:4:3:4:4:4:1
3:2:4:4:1:4:4:4:1:,clone,13758.81266636356,3:2:4:4:1:4:4:4:1
3:2:4:4:0:4:4:4:0:,recombination,14008.202182336405,3:3:4:4:0:4:4:4:0,4:3:4:4:4:4:3:4:4,MUTATE
3:3:4:4:3:4:4:4:1:,clone,14107.392487968342,3:3:4:4:1:4:4:4:1
3:2:4:4:0:4:4:4:0:,clone,13967.935473731799,3:2:4:4:0:4:4:4:0
3:3:4:4:1:4:4:4:1:,clone,13949.61339971965,3:3:4:4:1:4:4:4:1
4:3:4:4:2:4:4:4:1:,recombination,14488.709278325126,3:3:4:4:1:4:4:4:1,1:2:4:4:0:4:4:4:0,MUTATE
3:2:4:4:0:4:4:4:0:,clone,13922.82933398331,3:2:4:4:0:4:4:4:0
3:3:4:4:3:4:4:4:1:,recombination,14098.290955503518,4:3:4:4:2:4:4:4:1,3:3:4:4:3:4:4:4:0
4:3:4:4:3:4:4:4:1:,clone,14182.502112737628,4:3:4:4:3:4:4:4:1
4:3:4:4:3:4:4:4:1:,clone,14129.459232623483,4:3:4:4:3:4:4:4:1
4:3:4:4:0:4:4:4:1:,clone,14023.34907152636,4:3:4:4:0:4:4:4:1
4:3:4:4:1:4:4:4:1:,recombination,14306.077424492518,3:3:4:4:0:4:4:4:1,4:4:4:4:4:3:3:4:4
4:3:4:4:2:4:4:4:2:,recombination,15221.431047724285,3:2:4:4:2:4:4:4:1,4:4:4:4:4:4:4:4:4,MUTATE
3:2:4:4:0:4:4:4:0:,recombination,13827.020222834348,2:2:4:4:0:4:4:4:0,4:2:4:4:1:4:4:4:1,MUTATE
4:4:4:4:4:3:2:4:4:,recombination,13726.062961062513,4:2:4:4:3:4:4:4:1,3:2:4:4:1:4:4:4:0
2:2:4:4:4:4:4:4:1:,clone,14232.893994414391,3:3:4:4:3:4:4:4:1
3:3:4:4:4:4:4:4:1:,recombination,14033.482667592643,3:2:4:4:1:4:4:4:0,3:3:4:4:0:4:4:4:1,MUTATE
2:3:4:4:4:4:4:4:1:,clone,13945.509601849713,2:3:4:4:4:4:4:4:1
3:2:4:4:4:4:4:4:1:,clone,13610.853219131319,3:3:4:4:4:4:4:4:1
3:3:4:4:4:4:4:4:1:,recombination,13964.96753468596,3:3:4:4:4:4:4:4:1,3:3:4:4:0:4:4:4:1
3:3:4:4:4:4:4:4:1:,clone,13605.101969363002,3:3:4:4:4:4:4:4:1
3:3:4:4:4:4:4:4:2:,recombination,14312.294770139111,3:2:4:4:0:4:4:4:1,4:3:4:4:4:3:4:4:4,MUTATE
3:3:4:4:1:4:4:4:1:,recombination,13934.287122039483,4:3:4:4:4:4:4:4:1,4:2:4:4:4:4:4:4:1,MUTATE
3:3:4:4:1:4:4:4:1:,recombination,13913.724491163626,3:2:4:4:2:4:4:4:1,4:3:4:4:4:4:3:4:4
3:3:4:4:4:4:4:4:2:,clone,14118.509536191143,3:3:4:4:4:4:4:4:2
3:3:4:4:4:4:4:4:1:,clone,13571.605066444215,3:3:4:4:4:4:4:4:1
2:2:4:4:2:4:4:4:0:,recombination,14206.993006151917,4:3:4:4:3:4:4:4:1,4:3:4:4:3:4:4:4:2
3:2:4:4:4:4:4:4:1:,recombination,13530.682048029304,3:3:4:4:4:4:4:4:1,3:2:4:4:3:4:4:4:0,MUTATE
2:2:4:4:2:4:4:4:0:,clone,13968.28925390432,2:2:4:4:2:4:4:4:0
3:2:4:4:4:4:4:4:1:,recombination,13483.822076806548,3:3:4:4:4:4:4:4:1,3:2:4:4:2:4:4:4:1
3:2:4:4:4:4:4:4:1:,clone,13480.63269137249,3:2:4:4:4:4:4:4:1
3:2:4:4:0:4:4:4:1:,recombination,13887.013071400586,3:2:4:4:0:4:4:4:1,3:2:4:4:3:4:4:4:1
3:3:4:4:0:4:4:4:1:,clone,14235.43518719212,3:3:4:4:0:4:4:4:1
3:3:4:4:1:4:4:4:0:,recombination,14337.076520664396,3:3:4:4:4:4:4:4:1,3:3:4:4:3:4:4:4:1,MUTATE
