4:4:4:4:4:2:2:4:4:,initialisation,14317.896984980049,
3:2:4:4:4:1:1:2:3:,initialisation,13824.686723342791,
4:4:4:4:4:1:2:4:4:,initialisation,14790.844726612882,
4:4:4:4:4:1:2:4:4:,initialisation,14528.65614131127,
4:3:4:4:4:2:2:4:4:,initialisation,14870.113138696104,
4:4:4:4:4:3:3:4:4:,initialisation,17016.706284448315,
4:4:4:4:4:1:2:4:4:,initialisation,14105.434678145273,
4:4:4:4:4:1:1:4:4:,initialisation,13891.790574894387,
4:4:4:4:4:1:2:4:4:,initialisation,14074.256780152855,
4:3:4:4:4:3:3:4:4:,initialisation,16103.164933664,
4:4:4:4:4:2:3:4:4:,initialisation,16069.417323460488,
3:2:4:4:4:0:0:0:4:,initialisation,13150.495583418045,
4:4:4:4:4:1:2:4:4:,initialisation,13339.12182368531,
4:3:4:4:4:2:3:4:4:,initialisation,16368.680494109565,
4:4:4:4:4:2:2:4:4:,initialisation,14039.177776832707,
1:2:4:4:4:3:3:4:1:,initialisation,17600.54122000186,
4:3:4:4:4:2:3:4:4:,initialisation,15364.041509479026,
4:4:4:4:4:2:2:4:4:,initialisation,13851.906584013783,
4:4:4:4:4:3:3:4:4:,initialisation,16009.475815988144,
4:4:4:4:4:2:3:4:4:,initialisation,15709.39110502591,
4:4:4:4:4:2:1:4:4:,initialisation,16730.71286994876,
4:3:4:4:4:2:3:4:4:,initialisation,15139.668412447054,
4:4:4:4:4:3:2:4:4:,initialisation,16429.52139920767,
4:3:4:4:4:2:2:4:4:,initialisation,14492.655211191504,
4:3:4:4:4:2:3:4:4:,initialisation,14981.471305781002,
4:4:4:4:4:2:3:4:4:,initialisation,15101.591847904292,
4:3:4:4:4:2:3:4:4:,initialisation,14160.012974647821,
4:3:4:4:4:3:3:4:4:,initialisation,15671.935382950132,
4:3:4:4:4:1:2:4:4:,initialisation,14242.937793099698,
4:4:4:4:4:2:2:4:4:,initialisation,13782.771677432325,
4:4:4:4:4:2:2:4:4:,initialisation,13750.825286290072,
4:4:4:4:4:1:2:4:4:,initialisation,13307.927811669995,
3:2:4:4:4:1:1:1:3:,initialisation,13432.719766840684,
4:4:4:4:4:1:1:4:4:,initialisation,13563.542185558723,
3:2:4:4:4:0:0:0:4:,initialisation,12271.003344241906,
3:2:4:4:4:0:1:1:3:,initialisation,15011.08210091193,
2:2:4:4:4:2:2:4:2:,initialisation,16320.48511443781,
4:4:4:4:4:2:3:4:4:,initialisation,14705.948008461439,
4:3:4:4:4:2:2:4:4:,initialisation,14136.16237758086,
3:2:4:4:4:1:2:4:3:,initialisation,15372.836543767866,
4:3:4:4:4:3:3:4:4:,initialisation,15520.439865555165,
4:3:4:4:4:1:2:4:4:,initialisation,13277.642705846782,
3:2:4:4:4:1:1:2:3:,initialisation,13583.485540521588,
3:2:4:4:4:0:1:1:3:,initialisation,14767.508691975097,
3:2:4:4:4:1:2:4:3:,initialisation,14696.995178279452,
3:2:4:4:4:1:1:3:3:,initialisation,13664.304150953709,
4:3:4:4:4:2:2:4:4:,initialisation,13967.156292111767,
4:4:4:4:4:1:2:4:4:,initialisation,13276.382544162494,
4:3:4:4:4:3:3:4:4:,initialisation,14867.761743559298,
4:4:4:4:4:2:3:4:4:,initialisation,14700.484765380224,
4:4:4:4:4:1:1:4:4:,initialisation,12622.31317686237,
3:2:4:4:4:1:2:3:3:,initialisation,15049.95158189065,
4:4:4:4:4:2:2:4:4:,initialisation,13535.697735586098,
3:2:4:4:4:2:2:3:3:,initialisation,16177.608430219812,
4:3:4:4:4:2:2:4:4:,initialisation,13595.440274505236,
3:2:4:4:4:0:1:2:3:,initialisation,14039.055027134338,
2:2:4:4:4:2:3:4:2:,initialisation,17490.269505483328,
4:3:4:4:4:1:1:4:4:,initialisation,13778.12447602576,
2:2:4:4:4:3:4:4:2:,initialisation,16586.83728682359,
3:2:4:4:4:1:1:2:3:,initialisation,13406.394277935246,
4:3:4:4:4:2:2:4:4:,initialisation,13180.773471611636,
3:2:4:4:4:1:2:2:3:,initialisation,13366.391556469473,
3:2:4:4:4:1:2:3:3:,initialisation,14430.327867286516,
4:2:4:4:4:0:0:0:4:,initialisation,12700.117666014621,
3:2:4:4:4:0:0:1:4:,initialisation,12555.35170103995,
4:4:4:4:4:0:0:0:4:,initialisation,12386.083545585161,
3:2:4:4:4:1:2:3:3:,initialisation,14162.180786441459,
4:4:4:4:4:1:2:4:4:,initialisation,13017.563970524554,
3:2:4:4:4:0:1:0:4:,initialisation,13511.029100622412,
3:2:4:4:4:1:1:1:4:,initialisation,14416.288007755224,
2:2:4:4:4:1:2:3:2:,initialisation,16389.718615933885,
4:4:4:4:4:2:3:4:4:,initialisation,14357.493584345,
4:3:4:4:4:3:3:4:4:,initialisation,14533.843181497137,
4:2:4:4:4:1:1:2:4:,initialisation,12820.74026265594,
4:4:4:4:4:2:1:4:4:,initialisation,16640.725851889714,
4:4:4:4:4:2:3:4:4:,initialisation,14158.622647028795,
4:3:4:4:4:1:2:4:4:,initialisation,13177.074839734627,
2:2:4:4:4:3:3:4:2:,initialisation,16441.610354744036,
4:3:4:4:4:2:3:4:4:,initialisation,13376.782341503793,
2:2:4:4:4:1:1:3:2:,initialisation,15154.022204734596,
3:2:4:4:4:0:1:1:3:,initialisation,14234.89530548169,
4:3:4:4:4:1:2:4:4:,initialisation,12225.443293672202,
2:2:4:4:4:2:2:4:2:,initialisation,14453.111687117482,
3:2:4:4:4:0:1:1:4:,initialisation,13653.341077439838,
3:2:4:4:4:1:2:3:3:,initialisation,13320.530242210587,
3:2:4:4:4:0:0:0:4:,initialisation,11439.33479602103,
3:2:4:4:4:0:0:1:4:,initialisation,12390.945034570219,
2:2:4:4:4:3:3:4:2:,initialisation,15663.519722763465,
2:2:4:4:4:1:2:4:2:,initialisation,15626.436604794111,
3:2:4:4:4:0:1:1:3:,initialisation,13454.154668077756,
4:4:4:4:4:3:3:4:4:,initialisation,15215.206870462827,
2:2:4:4:4:1:2:4:2:,initialisation,14304.937052328898,
2:2:4:4:4:2:3:4:2:,initialisation,14147.478573380427,
4:4:4:4:4:1:2:4:4:,initialisation,12982.854933743954,
4:3:4:4:4:3:2:4:4:,initialisation,15790.989446172218,
4:4:4:4:4:2:2:4:4:,initialisation,13465.00037908397,
4:4:4:4:4:0:1:4:4:,initialisation,12490.805307788047,
3:2:4:4:4:2:2:4:3:,initialisation,14912.497981586977,
3:2:4:4:4:1:1:1:3:,initialisation,13414.59175404518,
2:2:4:4:4:1:2:3:2:,initialisation,14291.41857043026,
2:2:4:4:4:3:4:4:1:,initialisation,16504.186422783718,
4:2:4:4:4:1:2:2:4:,initialisation,13438.434362192376,
4:4:4:4:4:2:1:4:4:,initialisation,16513.322891138017,
3:2:4:4:4:1:2:3:3:,initialisation,13107.850845969044,
3:2:4:4:4:0:1:1:3:,initialisation,13051.53003755094,
3:2:4:4:4:0:1:1:4:,initialisation,12837.430381592041,
3:2:4:4:4:0:1:2:3:,initialisation,13721.269918280206,
3:2:4:4:4:1:1:1:4:,initialisation,13846.525885077694,
2:2:4:4:4:1:1:3:2:,initialisation,14260.63935770848,
3:2:4:4:4:0:1:0:3:,initialisation,13535.938025949128,
3:2:4:4:4:1:1:3:3:,initialisation,12842.159821718942,
4:2:4:4:4:3:3:4:4:,initialisation,15952.792307095433,
3:2:4:4:4:1:1:2:3:,initialisation,12192.085220283403,
4:4:4:4:4:2:2:4:4:,initialisation,13430.02008581893,
3:2:4:4:4:2:2:4:3:,initialisation,14725.382013845676,
3:2:4:4:4:0:0:1:3:,initialisation,13654.208062806796,
4:3:4:4:4:1:1:4:4:,initialisation,12075.869033690393,
3:2:4:4:4:1:1:1:4:,initialisation,12437.382768083944,
2:2:4:4:4:0:0:0:3:,initialisation,14339.173167444136,
3:2:4:4:4:1:2:4:3:,initialisation,14130.420891889258,
3:2:4:4:4:0:1:1:3:,initialisation,12748.298856633355,
4:4:4:4:4:0:0:2:4:,initialisation,12031.558212840942,
2:2:4:4:4:2:2:4:2:,initialisation,14101.14258375832,
4:2:4:4:4:0:1:2:4:,initialisation,14055.008273990547,
3:2:4:4:4:0:0:1:4:,initialisation,11782.601624079014,
3:2:4:4:4:2:3:4:3:,initialisation,14883.674299657323,
2:2:4:4:4:2:3:4:1:,initialisation,17432.497490933063,
4:2:4:4:4:1:1:2:4:,initialisation,12325.603663849697,
4:2:4:4:4:1:1:3:4:,initialisation,12194.419550506569,
4:4:4:4:4:1:1:4:4:,initialisation,12389.108401228945,
4:2:4:4:4:1:2:3:4:,initialisation,13417.04752946218,
3:2:4:4:4:0:0:1:3:,initialisation,12512.872049914726,
4:4:4:4:4:2:2:4:4:,initialisation,13070.419711978693,
4:4:4:4:4:3:3:4:4:,initialisation,14997.460890561528,
3:2:4:4:4:0:1:1:4:,initialisation,12364.214791435148,
2:2:4:4:4:2:2:3:2:,initialisation,15388.258281633256,
3:2:4:4:4:0:1:1:3:,initialisation,12731.027887308912,
4:2:4:4:4:0:1:2:4:,initialisation,12299.721437241224,
2:2:4:4:4:1:1:1:2:,initialisation,15653.957478113663,
4:2:4:4:4:1:1:2:4:,initialisation,12318.554991696876,
3:2:4:4:4:0:1:1:4:,initialisation,11969.135557818196,
2:2:4:4:4:1:2:3:2:,initialisation,14001.275909173377,
2:2:4:4:4:2:2:3:2:,initialisation,13903.72732667951,
4:3:4:4:4:3:4:4:4:,initialisation,16627.25840632514,
4:2:4:4:4:0:0:0:4:,initialisation,12612.635619778153,
4:4:4:4:4:1:2:4:4:,initialisation,12565.185235825687,
3:2:4:4:4:2:3:3:3:,initialisation,16901.174724071225,
2:2:4:4:4:3:3:4:1:,initialisation,17328.792322029578,
3:2:4:4:4:0:1:1:3:,initialisation,12594.262789290678,
3:2:4:4:4:1:2:2:3:,initialisation,13059.7491437303,
4:2:4:4:4:1:2:4:4:,initialisation,13957.284965187479,
3:2:4:4:4:1:2:3:3:,initialisation,13059.128923923445,
3:2:4:4:4:2:2:4:3:,initialisation,14550.14104817307,
3:2:4:4:4:0:0:1:4:,initialisation,11473.469552319382,
2:2:4:4:4:1:1:4:2:,initialisation,14685.529288469184,
3:2:4:4:4:0:1:2:3:,initialisation,13172.038808279856,
4:4:4:4:4:2:1:4:4:,initialisation,14870.021058742102,
2:2:4:4:4:0:0:1:3:,initialisation,15175.200150374825,
3:2:4:4:4:1:2:4:3:,initialisation,13425.786077604436,
4:4:4:4:4:0:1:4:4:,initialisation,12333.625646454899,
3:2:4:4:4:0:0:1:3:,initialisation,12397.040746248393,
2:2:4:4:4:1:1:1:3:,initialisation,13797.638048704846,
4:4:4:4:4:2:3:4:4:,initialisation,13956.13863917117,
3:2:4:4:4:0:0:0:3:,initialisation,14286.694367498165,
4:4:4:4:4:3:2:4:4:,initialisation,16166.049340315483,
3:2:4:4:4:2:2:4:3:,initialisation,14301.808281950762,
4:2:4:4:4:1:1:2:4:,initialisation,12233.761119838955,
3:2:4:4:4:2:2:3:3:,initialisation,14588.694775705419,
4:2:4:4:4:0:0:1:4:,initialisation,11996.923031300857,
4:4:4:4:4:3:3:4:4:,initialisation,14938.88932584635,
4:3:4:4:4:4:4:4:4:,initialisation,17048.2487122936,
4:3:4:4:4:2:2:4:4:,initialisation,13124.777983377737,
2:2:4:4:4:0:0:0:3:,initialisation,13573.205370117535,
4:2:4:4:4:0:0:0:4:,initialisation,11497.695448250697,
4:4:4:4:4:0:0:0:4:,initialisation,12117.080218356174,
4:3:4:4:4:3:4:4:4:,initialisation,15450.942265341315,
4:2:4:4:4:0:1:1:4:,initialisation,15191.878403124872,
3:2:4:4:4:2:3:4:3:,initialisation,14065.533944087705,
3:2:4:4:4:0:0:1:3:,initialisation,12377.765541253728,
3:2:4:4:4:0:1:1:3:,initialisation,12306.16354270391,
3:2:4:4:4:0:0:0:3:,initialisation,13604.142267024818,
3:2:4:4:4:0:0:0:3:,initialisation,12752.017451712965,
4:2:4:4:4:3:3:4:4:,initialisation,15548.392157963675,
2:2:4:4:4:2:2:2:2:,initialisation,15392.434218255885,
4:2:4:4:4:0:1:1:4:,initialisation,13716.490209366235,
2:2:4:4:4:1:1:2:2:,initialisation,15134.862999411742,
4:4:4:4:4:3:2:4:4:,initialisation,15232.259053049636,
3:2:4:4:4:0:1:1:3:,initialisation,11866.282355380985,
2:2:4:4:4:2:3:4:1:,initialisation,16362.06366372604,
2:2:4:4:4:0:1:1:3:,initialisation,15205.277014473235,
3:2:4:4:4:2:3:3:3:,initialisation,15124.495720773499,
2:1:4:4:4:3:3:4:2:,initialisation,17233.918734004907,
2:2:4:4:0:4:4:4:0:,initialisation,18339.183032778867,
2:2:4:4:4:2:3:3:2:,initialisation,16695.63038894221,
4:3:4:4:4:2:2:4:4:,initialisation,12955.341103943922,
4:2:4:4:4:3:4:4:4:,initialisation,15753.123519384915,
4:4:4:4:4:2:2:4:4:,initialisation,12980.746388118234,
2:2:4:4:4:2:2:4:2:,initialisation,13844.999042654052,
2:2:4:4:4:1:2:2:2:,initialisation,15226.420235489994,
3:2:4:4:4:1:1:2:3:,clone,12030.407860897474,3:2:4:4:4:1:1:2:3
4:3:4:4:4:4:4:4:4:,clone,17026.485877090854,4:3:4:4:4:4:4:4:4
3:2:4:4:4:2:2:3:3:,recombination,14383.586482651634,4:2:4:4:4:0:0:0:4,3:2:4:4:4:2:2:3:3,MUTATE
4:3:4:4:4:0:1:2:4:,recombination,13539.525120090573,2:2:4:4:4:0:0:0:3,4:4:4:4:4:0:1:4:4
4:2:4:4:4:0:1:1:4:,recombination,12852.918244603057,4:4:4:4:4:2:3:4:4,4:2:4:4:4:0:0:0:4
2:2:4:4:4:2:2:3:2:,clone,13738.558405184793,2:2:4:4:4:2:2:3:2
3:2:4:4:4:1:1:1:3:,recombination,12729.041219516042,3:2:4:4:4:1:2:4:3,3:2:4:4:4:0:1:0:3,MUTATE
3:2:4:4:4:0:1:2:3:,clone,13012.674638545312,3:2:4:4:4:0:0:1:4
4:4:4:4:4:1:0:4:4:,recombination,12989.819627560404,4:4:4:4:4:0:0:0:4,4:4:4:4:4:2:1:4:4,MUTATE
4:4:4:4:4:0:1:4:4:,recombination,12193.370324177595,4:4:4:4:4:0:1:4:4,3:2:4:4:4:0:1:0:4
4:2:4:4:4:1:2:4:4:,clone,13509.717644002289,4:2:4:4:4:1:2:4:4
4:4:4:4:4:1:1:4:4:,recombination,12086.714517068402,4:4:4:4:4:1:1:4:4,4:3:4:4:4:2:2:4:4
4:3:4:4:4:1:1:4:4:,recombination,11711.037780714732,4:3:4:4:4:1:1:4:4,3:2:4:4:4:0:1:1:3,MUTATE
2:2:4:4:4:1:1:4:2:,clone,14536.19679108422,2:2:4:4:4:1:1:4:2
1:2:4:4:4:3:4:4:1:,recombination,17494.780294546974,4:2:4:4:4:3:3:4:4,2:2:4:4:4:2:3:4:1
4:2:4:4:4:1:2:4:4:,recombination,13168.821838769121,4:4:4:4:4:2:2:4:4,3:2:4:4:4:1:1:1:4,MUTATE
3:2:4:4:4:4:4:4:3:,recombination,19038.08050479693,2:1:4:4:4:3:3:4:2,4:4:4:4:4:3:2:4:4
4:3:4:4:4:1:2:4:4:,clone,12042.144165776643,4:3:4:4:4:1:2:4:4
4:2:4:4:4:2:2:4:4:,recombination,13431.842485153948,3:2:4:4:4:0:1:1:3,4:4:4:4:4:1:2:4:4,MUTATE
2:2:4:4:4:1:1:2:2:,clone,13514.989572314096,2:2:4:4:4:1:2:3:2
4:2:4:4:4:1:2:2:4:,clone,12616.644576602868,3:2:4:4:4:2:3:4:3
4:4:4:4:4:1:1:4:4:,recombination,11949.247420022442,4:4:4:4:4:1:2:4:4,4:4:4:4:4:1:1:4:4
4:2:4:4:4:4:4:4:4:,recombination,17209.70047091511,4:3:4:4:4:4:4:4:4,4:3:4:4:4:3:4:4:4
3:2:4:4:4:3:3:4:2:,recombination,16580.458904256444,4:3:4:4:4:2:2:4:4,1:2:4:4:4:3:4:4:1
4:2:4:4:4:0:1:1:4:,clone,12364.11926749317,3:2:4:4:4:0:1:1:4
3:2:4:4:4:0:0:1:3:,clone,12217.449751173637,3:2:4:4:4:0:0:1:3
4:2:4:4:4:0:1:2:4:,recombination,11068.141449396797,3:2:4:4:4:1:1:1:3,4:4:4:4:4:0:1:4:4
4:3:4:4:4:1:2:4:4:,recombination,12025.991470194827,3:2:4:4:4:1:1:1:4,4:3:4:4:4:1:2:4:4
2:2:4:4:4:0:0:1:3:,clone,14513.732290972192,2:2:4:4:4:0:1:1:3
3:2:4:4:4:0:0:0:3:,recombination,12280.990676785681,2:2:4:4:4:0:0:0:3,2:2:4:4:4:1:2:2:2
4:3:4:4:4:4:3:4:4:,clone,17201.103372837806,4:3:4:4:4:4:4:4:4
4:2:4:4:4:1:1:3:4:,recombination,11516.300878894066,4:2:4:4:4:0:1:2:4,2:2:4:4:4:2:3:3:2
3:2:4:4:4:0:1:3:3:,recombination,12578.518696401341,4:4:4:4:4:3:3:4:4,3:2:4:4:4:1:2:3:3,MUTATE
3:2:4:4:4:0:1:1:4:,recombination,11752.074648653284,3:2:4:4:4:0:0:0:4,3:2:4:4:4:0:0:1:4,MUTATE
4:4:4:4:4:0:0:1:4:,recombination,13281.91528345777,2:2:4:4:4:1:2:4:2,4:4:4:4:4:0:0:0:4
4:3:4:4:4:3:3:4:4:,recombination,14303.391115246272,4:4:4:4:4:3:2:4:4,4:3:4:4:4:3:4:4:4,MUTATE
4:2:4:4:4:0:0:1:4:,clone,11938.896095284095,4:2:4:4:4:0:0:1:4
2:2:4:4:4:2:2:3:2:,recombination,13717.424984734274,2:2:4:4:4:2:2:3:2,3:2:4:4:4:0:0:1:4,MUTATE
4:2:4:4:4:2:3:4:4:,recombination,13505.270938485286,4:3:4:4:4:3:3:4:4,2:2:4:4:4:2:2:4:2
4:3:4:4:4:0:1:3:4:,recombination,10994.858820011563,4:2:4:4:4:0:1:2:4,4:4:4:4:4:2:2:4:4
4:3:4:4:4:2:2:4:4:,recombination,12902.550304436612,4:3:4:4:4:2:3:4:4,4:2:4:4:4:1:2:4:4,MUTATE
3:2:4:4:4:2:2:4:3:,clone,14060.498847362302,3:2:4:4:4:2:2:4:3
4:2:4:4:4:4:4:4:3:,recombination,16242.976041690907,4:4:4:4:4:2:2:4:4,2:2:4:4:0:4:4:4:0
4:4:4:4:4:0:1:4:4:,clone,12066.901262332425,4:4:4:4:4:0:1:4:4
2:2:4:4:4:2:2:4:2:,clone,13515.317785124675,2:2:4:4:4:2:2:3:2
4:2:4:4:4:1:2:2:4:,recombination,12169.41044141957,3:2:4:4:4:0:0:1:4,4:4:4:4:4:2:3:4:4,MUTATE
1:1:4:4:4:2:3:4:1:,clone,16576.482200379374,2:1:4:4:4:2:3:4:2
4:3:4:4:4:1:2:4:4:,clone,11925.576677142955,4:3:4:4:4:1:2:4:4
4:2:4:4:4:0:0:2:4:,clone,11289.534556219243,4:2:4:4:4:0:1:2:4
4:2:4:4:4:1:2:3:4:,clone,12427.60066478917,4:2:4:4:4:1:2:2:4
4:2:4:4:4:2:2:4:4:,recombination,13149.76501407056,4:2:4:4:4:1:2:4:4,3:2:4:4:4:2:2:4:3,MUTATE
4:2:4:4:4:1:1:4:4:,recombination,12868.345135761549,4:3:4:4:4:1:2:4:4,4:2:4:4:4:0:1:1:4,MUTATE
4:4:4:4:4:3:2:4:4:,clone,14944.189944030692,4:4:4:4:4:3:2:4:4
3:2:4:4:4:1:2:2:3:,clone,12174.60196723201,3:2:4:4:4:1:1:2:3
4:3:4:4:4:2:2:4:4:,recombination,12684.254444044038,4:3:4:4:4:2:3:4:4,4:3:4:4:4:2:2:4:4
4:3:4:4:4:1:1:3:4:,recombination,11072.836500478386,4:2:4:4:4:0:1:2:4,4:4:4:4:4:2:2:4:4
4:3:4:4:4:0:1:2:4:,recombination,11447.496634434227,4:2:4:4:4:0:1:2:4,4:2:4:4:4:1:1:3:4,MUTATE
3:2:4:4:4:1:2:3:3:,clone,12304.385334395774,3:2:4:4:4:1:1:2:3
4:3:4:4:4:2:2:4:4:,clone,12590.072709330652,4:3:4:4:4:2:2:4:4
4:4:4:4:4:3:2:4:4:,clone,14823.370960013295,4:4:4:4:4:3:2:4:4
4:4:4:4:4:1:0:4:4:,clone,12972.950444292304,4:4:4:4:4:1:0:4:4
3:2:4:4:4:1:2:3:3:,clone,12020.04743905383,3:2:4:4:4:1:2:3:3
4:3:4:4:4:4:3:4:4:,clone,17122.865367294584,4:3:4:4:4:4:3:4:4
4:2:4:4:4:1:2:4:4:,recombination,12358.030254582936,3:2:4:4:4:1:1:2:3,4:3:4:4:4:2:2:4:4,MUTATE
3:2:4:4:4:0:1:1:3:,clone,11589.74328688451,3:2:4:4:4:1:2:3:3
4:3:4:4:4:1:2:3:4:,recombination,13874.164403924486,3:2:4:4:4:0:0:1:4,4:4:4:4:4:1:0:4:4
4:3:4:4:4:1:1:4:4:,recombination,11474.984283661504,4:4:4:4:4:2:2:4:4,3:2:4:4:4:0:1:1:4
4:4:4:4:4:1:1:2:4:,recombination,13597.028587456412,2:2:4:4:4:3:3:4:2,4:4:4:4:4:0:0:0:4
3:2:4:4:4:1:1:1:4:,recombination,11959.063897126596,3:2:4:4:4:0:1:2:3,3:2:4:4:4:0:1:1:4,MUTATE
2:2:4:4:4:0:0:1:3:,clone,14389.059665504361,2:2:4:4:4:0:0:1:3
4:4:4:4:4:2:2:4:4:,recombination,12954.841676892469,4:3:4:4:4:2:2:4:4,4:4:4:4:4:2:2:4:4
2:2:4:4:4:2:2:4:2:,clone,13500.451896549803,2:2:4:4:4:2:2:4:2
4:2:4:4:4:0:0:3:4:,recombination,11241.308335767197,4:4:4:4:4:0:0:1:4,4:3:4:4:4:1:1:4:4
4:3:4:4:4:2:2:4:4:,clone,12572.64037488281,4:3:4:4:4:2:2:4:4
4:3:4:4:4:0:1:2:4:,clone,11357.638154084787,4:3:4:4:4:0:1:2:4
2:2:4:4:4:0:1:1:3:,clone,15112.527103976328,2:2:4:4:4:0:1:1:3
4:2:4:4:4:2:2:4:4:,clone,12713.824842164277,4:2:4:4:4:2:2:4:4
4:4:4:4:4:3:3:4:4:,recombination,14664.355575490017,4:4:4:4:4:3:3:4:4,4:3:4:4:4:1:1:4:4
1:2:4:4:4:3:4:4:1:,clone,17219.767764515345,1:2:4:4:4:3:4:4:1
4:4:4:4:4:0:0:1:4:,recombination,11299.951182699284,4:2:4:4:4:1:2:3:4,4:4:4:4:4:0:0:0:4,MUTATE
3:2:4:4:4:2:2:4:3:,recombination,13492.633042965203,2:2:4:4:4:2:2:3:2,4:4:4:4:4:3:2:4:4,MUTATE
4:2:4:4:4:0:1:1:4:,clone,11398.414400074224,4:2:4:4:4:1:1:2:4
3:2:4:4:4:2:3:4:3:,recombination,13835.909558499296,3:2:4:4:4:2:2:4:3,4:2:4:4:4:1:2:2:4
2:2:4:4:0:4:4:4:0:,recombination,18187.606618107347,2:2:4:4:4:2:2:4:2,2:2:4:4:0:4:4:4:0,MUTATE
2:2:4:4:4:2:2:2:2:,clone,15093.966014324431,2:2:4:4:4:2:2:2:2
3:2:4:4:4:4:4:4:2:,recombination,17265.207719245467,4:4:4:4:4:2:2:4:4,2:2:4:4:0:4:4:4:0,MUTATE
4:3:4:4:4:4:3:4:4:,clone,16998.330728942616,4:3:4:4:4:4:3:4:4
4:2:4:4:4:1:1:3:4:,recombination,11026.152450229481,4:4:4:4:4:2:2:4:4,3:2:4:4:4:0:1:1:3
4:2:4:4:4:0:1:1:4:,recombination,10706.741005770371,4:4:4:4:4:0:0:1:4,4:2:4:4:4:1:1:3:4,MUTATE
4:4:4:4:4:0:0:1:4:,clone,11241.876591667826,4:4:4:4:4:0:0:1:4
4:2:4:4:4:1:1:2:4:,clone,12198.498175372344,4:2:4:4:4:1:1:2:4
4:2:4:4:4:1:2:3:4:,clone,12406.906826675298,3:2:4:4:4:1:2:3:3
3:2:4:4:4:0:1:1:4:,clone,11655.726557811402,3:2:4:4:4:0:1:1:4
4:2:4:4:4:0:1:3:4:,recombination,12062.935067707538,4:3:4:4:4:3:3:4:4,3:2:4:4:4:0:1:1:3,MUTATE
2:2:4:4:4:0:1:0:3:,recombination,14675.93370924166,2:2:4:4:4:1:1:4:2,3:2:4:4:4:0:1:0:3
4:2:4:4:4:2:2:4:4:,recombination,12704.641153967026,4:2:4:4:4:1:2:4:4,3:2:4:4:4:0:0:1:4
2:1:4:4:4:2:3:4:2:,clone,15445.04883849156,2:1:4:4:4:2:3:4:2
3:2:4:4:4:3:3:4:3:,recombination,16580.458904256444,3:2:4:4:4:3:3:4:2,3:2:4:4:4:3:3:4:2,MUTATE
4:2:4:4:4:0:0:1:4:,recombination,11531.15125480738,3:2:4:4:4:1:1:1:3,3:2:4:4:4:0:0:0:4,MUTATE
4:3:4:4:4:0:0:1:4:,recombination,11345.31580776982,4:2:4:4:4:0:1:1:4,4:4:4:4:4:0:0:1:4,MUTATE
4:2:4:4:4:0:1:2:4:,clone,11059.842473400073,4:3:4:4:4:0:1:2:4
4:2:4:4:4:1:1:4:4:,recombination,12072.301074888415,3:2:4:4:4:0:1:1:3,4:4:4:4:4:2:2:4:4
4:4:4:4:4:2:1:4:4:,recombination,14441.04994364607,4:4:4:4:4:2:1:4:4,3:2:4:4:4:1:2:3:3,MUTATE
4:2:4:4:4:4:4:4:4:,recombination,17063.2733080365,4:3:4:4:4:4:3:4:4,3:2:4:4:4:1:1:3:3
3:2:4:4:4:3:3:4:3:,clone,16305.815123590643,3:2:4:4:4:3:3:4:3
4:2:4:4:4:2:3:4:4:,clone,13265.400702657822,4:2:4:4:4:2:3:4:4
4:2:4:4:4:1:1:2:4:,clone,11955.42212692705,4:2:4:4:4:0:1:1:4
4:4:4:4:4:0:1:1:4:,clone,11282.123582051408,4:4:4:4:4:0:0:1:4
4:3:4:4:4:3:2:4:4:,clone,14873.74555817915,4:3:4:4:4:2:2:4:4
4:2:4:4:4:3:3:4:3:,recombination,15485.608820921485,3:2:4:4:4:3:3:4:2,4:2:4:4:4:0:1:3:4
4:2:4:4:4:3:4:4:4:,recombination,15484.076228405629,4:2:4:4:4:3:4:4:4,2:2:4:4:4:1:1:2:2
3:2:4:4:4:3:4:4:2:,recombination,14800.626702452184,4:2:4:4:4:1:2:3:4,2:2:4:4:0:4:4:4:0,MUTATE
4:2:4:4:4:1:2:3:4:,recombination,12327.544408051075,3:2:4:4:4:1:1:2:3,4:2:4:4:4:1:2:3:4
4:4:4:4:4:0:0:3:4:,recombination,12150.58552220282,4:4:4:4:4:1:0:4:4,4:3:4:4:4:0:1:3:4
2:2:4:4:4:3:3:4:2:,recombination,15600.40665307201,2:2:4:4:4:3:3:4:2,4:2:4:4:4:1:1:2:4
4:2:4:4:4:1:1:2:4:,clone,11697.226021710496,4:2:4:4:4:1:1:2:4
4:2:4:4:4:4:4:4:4:,clone,16861.1661084269,4:2:4:4:4:4:4:4:4
4:3:4:4:4:0:1:4:4:,clone,12175.466641875819,4:4:4:4:4:1:1:4:4
4:2:4:4:4:0:1:3:4:,recombination,11380.636437578454,4:2:4:4:4:0:0:3:4,4:2:4:4:4:0:0:2:4
4:3:4:4:4:1:1:2:4:,recombination,12121.597718838053,3:2:4:4:4:0:1:2:3,4:4:4:4:4:1:0:4:4,MUTATE
4:3:4:4:4:0:1:4:4:,clone,12027.2083207297,4:3:4:4:4:0:1:4:4
2:2:4:4:4:1:2:3:2:,clone,13943.449872904246,2:2:4:4:4:1:2:3:2
3:2:4:4:4:1:1:4:3:,recombination,14624.401708865258,3:2:4:4:4:0:1:1:4,2:2:4:4:4:1:2:4:2
4:2:4:4:4:3:4:4:4:,clone,15295.961279277539,4:2:4:4:4:3:4:4:4
3:2:4:4:4:4:4:4:1:,recombination,16951.4184546038,4:2:4:4:4:4:4:4:3,3:2:4:4:4:0:0:1:3,MUTATE
2:2:4:4:4:3:3:4:1:,recombination,17254.85009709491,3:2:4:4:4:4:4:4:2,2:2:4:4:4:2:2:2:2,MUTATE
4:2:4:4:4:0:1:4:4:,recombination,11586.905622848042,4:2:4:4:4:0:0:3:4,4:2:4:4:4:0:1:3:4
4:4:4:4:4:0:1:2:4:,clone,11542.815395526199,4:4:4:4:4:0:1:2:4
3:2:4:4:4:3:3:4:3:,clone,16089.238811911631,3:2:4:4:4:2:3:4:3
4:2:4:4:4:1:2:4:4:,recombination,12157.145629178362,3:2:4:4:4:2:2:4:3,3:2:4:4:4:0:1:0:4,MUTATE
4:2:4:4:4:3:4:4:3:,recombination,15616.094985048072,3:2:4:4:4:3:4:4:2,4:4:4:4:4:1:2:4:4
4:2:4:4:4:1:2:3:4:,recombination,12310.964091730666,3:2:4:4:4:0:1:1:3,3:2:4:4:4:0:1:2:3,MUTATE
2:2:4:4:4:1:2:2:2:,recombination,13917.032112205527,2:2:4:4:4:2:2:2:2,2:2:4:4:4:1:2:3:2
3:2:4:4:4:3:3:4:2:,recombination,15774.346157297789,2:2:4:4:4:3:3:4:2,4:4:4:4:4:0:0:1:4,MUTATE
4:3:4:4:4:1:2:4:4:,clone,11435.224487926285,4:3:4:4:4:1:1:4:4
4:2:4:4:4:3:4:4:2:,clone,15527.138847793602,4:2:4:4:4:3:4:4:2
4:2:4:4:4:1:2:3:4:,recombination,11768.322740888698,4:3:4:4:4:2:2:4:4,4:2:4:4:4:1:2:3:4,MUTATE
4:2:4:4:4:1:2:4:4:,recombination,11959.30477475857,4:2:4:4:4:1:1:3:4,4:2:4:4:4:1:1:2:4,MUTATE
4:4:4:4:4:0:0:1:4:,clone,10762.656049833522,4:4:4:4:4:0:0:1:4
4:4:4:4:4:0:0:2:4:,clone,11901.732230872252,4:4:4:4:4:0:0:2:4
3:2:4:4:4:1:1:4:3:,recombination,14088.366210248438,3:2:4:4:4:0:1:3:3,2:2:4:4:4:1:2:4:2
4:3:4:4:4:1:1:4:4:,clone,11349.457232524375,4:3:4:4:4:1:1:4:4
3:2:4:4:4:2:3:4:2:,recombination,15815.730367158882,3:2:4:4:4:3:3:4:2,4:2:4:4:4:0:0:0:4,MUTATE
4:4:4:4:4:3:2:4:4:,clone,14741.470915201175,4:4:4:4:4:3:2:4:4
4:3:4:4:4:4:3:4:4:,clone,16727.867544909543,4:3:4:4:4:4:3:4:4
4:4:4:4:4:0:0:1:4:,clone,10651.900807384325,4:4:4:4:4:0:0:1:4
3:2:4:4:4:1:1:4:3:,clone,13964.0442641311,3:2:4:4:4:1:1:4:3
4:2:4:4:4:1:2:4:4:,clone,11893.88474608148,4:2:4:4:4:1:2:4:4
1:2:4:4:4:4:4:4:1:,clone,17475.227657336643,2:2:4:4:4:3:4:4:1
3:2:4:4:4:2:3:4:2:,clone,15787.186861470354,3:2:4:4:4:2:3:4:2
4:2:4:4:4:4:4:4:4:,clone,16707.140961818986,4:3:4:4:4:4:3:4:4
4:2:4:4:4:3:3:4:4:,clone,15130.398168796402,4:2:4:4:4:3:4:4:4
4:2:4:4:4:1:2:4:4:,clone,11877.773519903334,4:2:4:4:4:1:2:4:4
4:3:4:4:4:1:1:4:4:,clone,11228.83713467086,4:3:4:4:4:1:1:4:4
4:2:4:4:4:1:2:4:4:,clone,11802.922764709374,4:2:4:4:4:1:2:4:4
4:2:4:4:4:1:2:3:4:,recombination,11742.144196660867,4:3:4:4:4:1:2:4:4,4:2:4:4:4:1:1:2:4
4:4:4:4:4:0:1:3:4:,recombination,14069.31009785814,4:4:4:4:4:1:0:4:4,3:2:4:4:4:1:2:3:3,MUTATE
3:2:4:4:4:2:3:4:2:,clone,15574.87765526031,2:2:4:4:4:2:2:4:2
4:2:4:4:4:1:2:4:4:,recombination,11577.656012099611,3:2:4:4:4:1:1:2:3,2:2:4:4:4:3:4:4:1,MUTATE
4:2:4:4:4:2:3:4:3:,recombination,15002.348411149222,3:2:4:4:4:2:3:4:2,3:2:4:4:4:0:1:3:3
3:2:4:4:4:2:2:4:3:,recombination,13471.627244275325,4:2:4:4:4:1:2:2:4,1:1:4:4:4:2:3:4:1
4:4:4:4:4:3:2:4:4:,clone,14735.68044693573,4:4:4:4:4:3:2:4:4
4:3:4:4:4:4:3:4:4:,clone,16642.198382725102,4:3:4:4:4:4:3:4:4
4:2:4:4:4:1:1:4:4:,recombination,11322.808808759359,3:2:4:4:4:1:2:3:3,3:2:4:4:4:0:0:0:4,MUTATE
3:2:4:4:4:3:4:4:3:,recombination,16448.13814417569,4:4:4:4:4:2:1:4:4,2:2:4:4:4:3:4:4:2,MUTATE
3:2:4:4:4:1:2:4:3:,clone,12992.013425827343,3:2:4:4:4:1:2:4:3
3:2:4:4:4:3:3:4:3:,recombination,15288.069361014886,3:2:4:4:4:1:1:1:3,4:2:4:4:4:2:2:4:4
4:4:4:4:4:1:1:3:4:,recombination,14164.083594217669,4:4:4:4:4:1:0:4:4,4:3:4:4:4:2:3:4:4
4:4:4:4:4:1:0:4:4:,clone,12739.816393757206,4:4:4:4:4:1:0:4:4
3:2:4:4:4:4:4:4:1:,clone,16385.786146230264,3:2:4:4:4:4:4:4:1
4:3:4:4:4:4:3:4:4:,recombination,16593.959173683583,4:2:4:4:4:4:4:4:4,4:4:4:4:4:2:1:4:4
4:2:4:4:4:3:3:4:4:,recombination,15073.709346796866,3:2:4:4:4:0:1:1:3,4:2:4:4:4:4:4:4:3
4:4:4:4:4:1:1:2:4:,clone,13515.846129319414,4:4:4:4:4:1:1:2:4
2:2:4:4:1:4:4:4:0:,clone,18072.48847767683,2:2:4:4:1:4:4:4:0
3:2:4:4:4:2:2:4:3:,clone,13207.71842714534,3:2:4:4:4:2:2:4:3
4:4:4:4:4:1:1:3:4:,clone,11820.114481274637,4:4:4:4:4:1:1:3:4
4:3:4:4:4:2:3:4:4:,recombination,13349.24558987376,4:2:4:4:4:1:2:4:4,3:2:4:4:4:0:1:1:3
4:2:4:4:4:3:3:4:4:,clone,14915.67222466776,4:2:4:4:4:3:3:4:4
4:2:4:4:4:4:4:4:2:,recombination,16811.143128079697,4:2:4:4:4:3:4:4:3,4:4:4:4:4:3:2:4:4,MUTATE
3:2:4:4:4:3:3:4:2:,recombination,14548.559671519526,4:2:4:4:4:4:4:4:3,3:2:4:4:4:0:1:0:4,MUTATE
4:2:4:4:4:3:3:4:3:,recombination,14651.443849140527,3:2:4:4:4:1:2:4:3,4:2:4:4:4:3:4:4:4
4:2:4:4:4:3:3:4:4:,clone,14822.626665110234,4:2:4:4:4:3:3:4:4
4:2:4:4:4:4:3:4:4:,clone,16476.440789335447,4:2:4:4:4:4:4:4:4
4:2:4:4:4:4:3:4:4:,clone,16455.66171599494,4:2:4:4:4:4:3:4:4
4:4:4:4:4:0:0:2:4:,clone,11612.010934221256,4:4:4:4:4:0:0:2:4
4:4:4:4:4:0:0:0:4:,clone,11909.095849551397,4:4:4:4:4:0:0:0:4
4:2:4:4:4:3:3:4:3:,recombination,14580.883456641115,3:2:4:4:4:3:3:4:2,3:2:4:4:4:3:3:4:3
4:2:4:4:4:2:2:4:4:,recombination,12467.558972476492,3:2:4:4:4:1:2:3:3,3:2:4:4:4:1:1:1:4,MUTATE
4:2:4:4:4:4:4:4:2:,recombination,15949.182347686326,4:3:4:4:4:2:3:4:4,3:2:4:4:4:4:4:4:1,MUTATE
4:4:4:4:4:0:1:3:4:,recombination,12414.522866093072,4:4:4:4:4:0:0:2:4,4:4:4:4:4:0:1:4:4
4:2:4:4:4:2:3:4:3:,recombination,13677.627248309434,3:2:4:4:4:2:2:4:3,3:2:4:4:4:3:3:4:2,MUTATE
2:2:4:4:2:4:4:4:0:,recombination,17655.75972643772,3:2:4:4:4:4:4:4:2,4:2:4:4:4:1:2:2:4,MUTATE
4:2:4:4:4:3:3:4:4:,recombination,14683.611480096088,2:2:4:4:4:1:1:3:2,3:2:4:4:4:0:1:1:4
4:3:4:4:4:2:3:4:4:,clone,13269.621419830646,4:3:4:4:4:2:3:4:4
4:4:4:4:4:1:1:4:4:,clone,11948.456399554512,4:4:4:4:4:1:1:4:4
2:2:4:4:4:2:3:4:1:,clone,16088.551984774458,2:2:4:4:4:2:3:4:1
4:2:4:4:4:4:3:4:4:,clone,16013.708073262822,4:3:4:4:4:4:3:4:4
3:2:4:4:4:3:4:4:3:,recombination,15657.669020102148,4:3:4:4:4:2:2:4:4,4:3:4:4:4:2:3:4:4,MUTATE
3:2:4:4:4:4:4:4:2:,clone,16370.967976676407,3:2:4:4:4:3:4:4:2
2:2:4:4:4:3:4:4:2:,recombination,16471.100438972047,2:2:4:4:4:3:3:4:1,3:2:4:4:4:0:0:1:3,MUTATE
4:3:4:4:4:2:3:4:4:,clone,13208.031667451776,4:3:4:4:4:2:3:4:4
2:2:4:4:4:3:3:4:1:,recombination,16897.88374178248,2:2:4:4:4:2:3:4:1,4:2:4:4:4:1:2:4:4
3:2:4:4:4:2:3:4:3:,recombination,13801.362335728703,4:4:4:4:4:1:2:4:4,3:2:4:4:4:1:2:4:3,MUTATE
2:2:4:4:1:4:4:4:0:,recombination,17447.875344766446,4:2:4:4:4:2:3:4:4,3:2:4:4:4:4:4:4:2,MUTATE
2:2:4:4:4:4:4:4:1:,recombination,16125.477211353476,4:2:4:4:4:1:2:3:4,3:2:4:4:4:4:4:4:2
3:2:4:4:4:2:3:4:2:,clone,15201.030070365701,3:2:4:4:4:2:3:4:2
3:2:4:4:4:1:2:4:3:,recombination,12511.047225608432,4:3:4:4:4:1:2:4:4,3:2:4:4:4:0:1:0:4
4:2:4:4:4:3:3:4:3:,clone,14462.893980475064,4:2:4:4:4:3:3:4:3
3:2:4:4:4:2:3:4:2:,clone,14985.154270894782,3:2:4:4:4:2:3:4:2
4:4:4:4:4:0:0:0:4:,recombination,11750.083960735428,3:2:4:4:4:3:4:4:3,4:4:4:4:4:0:0:0:4,MUTATE
4:4:4:4:4:0:0:0:4:,clone,11718.369637167116,4:4:4:4:4:0:0:0:4
4:4:4:4:4:0:0:2:4:,clone,11546.218071822572,4:4:4:4:4:0:0:2:4
4:4:4:4:4:1:0:4:4:,clone,12377.216523155133,4:4:4:4:4:1:0:4:4
4:2:4:4:4:1:1:1:4:,recombination,13595.247733871987,2:2:4:4:4:1:2:2:2,3:2:4:4:4:0:1:0:4
4:4:4:4:4:1:2:4:4:,recombination,12424.303011509273,4:4:4:4:4:1:1:4:4,4:4:4:4:4:3:3:4:4
4:4:4:4:4:1:1:4:4:,clone,11709.494823950285,4:4:4:4:4:1:1:4:4
4:3:4:4:4:2:3:4:4:,recombination,13204.460628504048,3:2:4:4:4:0:1:2:3,3:2:4:4:4:1:2:3:3
4:4:4:4:4:0:0:2:4:,recombination,11110.224751396448,4:4:4:4:4:0:0:2:4,3:2:4:4:4:1:1:1:3,MUTATE
4:3:4:4:4:4:3:4:4:,clone,16411.498210241563,4:3:4:4:4:4:3:4:4
4:2:4:4:4:2:2:4:3:,recombination,15889.344001444928,2:2:4:4:4:2:3:3:2,4:3:4:4:4:2:2:4:4,MUTATE
3:2:4:4:4:3:3:4:3:,recombination,14864.133041584191,4:3:4:4:4:1:2:4:4,4:2:4:4:4:3:4:4:4,MUTATE
2:2:4:4:3:4:4:4:1:,clone,17236.540602736983,2:2:4:4:3:4:4:4:1
4:2:4:4:4:3:4:4:3:,recombination,15020.176237896414,4:2:4:4:4:3:3:4:3,4:2:4:4:4:1:2:4:4,MUTATE
3:2:4:4:4:2:2:4:2:,recombination,15137.03707585552,2:2:4:4:4:2:3:3:2,4:2:4:4:4:3:4:4:4,MUTATE
4:4:4:4:4:0:0:2:4:,clone,10851.695291185682,4:4:4:4:4:0:0:2:4
2:2:4:4:3:4:4:4:1:,clone,17203.106628760463,2:2:4:4:3:4:4:4:1
3:2:4:4:4:2:3:4:2:,recombination,14250.607839846984,3:2:4:4:4:1:2:4:3,3:2:4:4:4:4:4:4:1,MUTATE
1:2:4:4:4:3:3:4:1:,clone,17113.656960016928,1:2:4:4:4:3:3:4:1
2:2:4:4:4:3:3:4:1:,clone,16877.40047900499,1:2:4:4:4:3:3:4:1
4:4:4:4:4:0:1:3:4:,recombination,12235.43528183833,3:2:4:4:4:0:0:1:4,4:4:4:4:4:0:1:3:4,MUTATE
3:2:4:4:4:2:3:4:3:,clone,13131.80302530833,3:2:4:4:4:2:3:4:3
3:2:4:4:4:2:3:4:3:,clone,13006.451281648739,3:2:4:4:4:2:3:4:3
4:4:4:4:4:0:1:3:4:,clone,11950.806012053961,4:4:4:4:4:0:1:3:4
4:2:4:4:4:3:4:4:3:,clone,14588.223932241139,4:2:4:4:4:3:4:4:3
4:4:4:4:4:1:2:4:4:,recombination,12195.901479235681,4:4:4:4:4:0:0:1:4,4:4:4:4:4:0:1:1:4
4:2:4:4:4:2:3:4:3:,clone,13325.690188877546,4:2:4:4:4:2:3:4:3
4:2:4:4:4:3:3:4:3:,recombination,14216.548964885435,4:2:4:4:4:0:0:0:4,4:2:4:4:4:3:3:4:3
4:2:4:4:4:3:3:4:3:,clone,13917.216085532533,4:2:4:4:4:2:3:4:3
4:4:4:4:4:0:1:3:4:,clone,11840.198639258846,4:4:4:4:4:0:1:3:4
4:3:4:4:4:4:3:4:4:,recombination,15846.209815041311,4:4:4:4:4:3:3:4:4,3:2:4:4:4:1:1:2:3,MUTATE
4:2:4:4:4:2:2:4:4:,recombination,12290.294927423653,4:3:4:4:4:3:4:4:4,3:2:4:4:4:2:3:4:2,MUTATE
4:2:4:4:4:4:3:4:4:,clone,15946.379579756041,4:2:4:4:4:4:3:4:4
4:4:4:4:4:3:3:4:4:,clone,14412.467626487123,4:4:4:4:4:2:3:4:4
2:2:4:4:4:1:2:4:2:,recombination,14132.106492910785,4:2:4:4:4:0:1:4:4,2:2:4:4:4:1:2:4:2,MUTATE
4:4:4:4:4:0:1:3:4:,recombination,11320.379060151796,4:4:4:4:4:0:1:3:4,4:4:4:4:4:1:1:3:4,MUTATE
4:3:4:4:4:1:3:4:4:,recombination,14263.23743893171,3:2:4:4:4:0:0:1:3,4:4:4:4:4:1:2:4:4,MUTATE
4:4:4:4:4:3:3:4:4:,clone,14188.04356193203,4:4:4:4:4:3:3:4:4
4:4:4:4:4:1:2:4:4:,clone,12194.12762747544,4:4:4:4:4:1:2:4:4
4:3:4:4:4:4:3:4:4:,clone,15745.248526165899,4:3:4:4:4:4:3:4:4
4:4:4:4:4:0:0:3:4:,clone,11419.582004893924,4:4:4:4:4:0:0:3:4
4:3:4:4:4:4:4:4:4:,recombination,16816.847390898933,3:2:4:4:4:0:1:1:3,4:4:4:4:4:2:3:4:4
4:2:4:4:4:3:3:4:4:,recombination,14334.247863108372,3:2:4:4:4:2:3:4:2,4:2:4:4:4:1:2:3:4,MUTATE
3:2:4:4:3:4:4:4:1:,clone,17434.581193279933,2:2:4:4:3:4:4:4:1
3:2:4:4:4:3:4:4:3:,clone,15339.02659806651,4:2:4:4:4:3:3:4:3
4:3:4:4:4:4:3:4:4:,clone,15745.248526165897,4:3:4:4:4:4:3:4:4
4:2:4:4:4:3:3:4:4:,recombination,13928.902044199336,4:2:4:4:4:3:3:4:4,4:2:4:4:4:1:2:2:4
4:3:4:4:4:3:4:4:4:,recombination,15254.410240680036,3:2:4:4:4:0:1:1:3,4:4:4:4:4:1:2:4:4
4:2:4:4:4:4:4:4:4:,clone,16507.24418672466,4:2:4:4:4:3:3:4:4
4:3:4:4:4:4:4:4:4:,recombination,16811.745705781832,3:2:4:4:4:0:1:1:4,3:2:4:4:4:2:2:3:3,MUTATE
4:3:4:4:4:3:3:4:4:,recombination,14197.031182624123,3:2:4:4:4:4:4:4:2,4:3:4:4:4:2:3:4:4
4:3:4:4:4:3:3:4:4:,recombination,14186.751400082654,3:2:4:4:4:0:1:2:3,3:2:4:4:4:0:1:1:3,MUTATE
4:3:4:4:4:3:3:4:4:,recombination,14112.922625492143,4:2:4:4:4:3:3:4:4,4:2:4:4:4:3:3:4:4
4:2:4:4:4:2:3:4:4:,recombination,12680.732197992402,3:2:4:4:4:0:0:1:4,2:2:4:4:4:1:1:1:3,MUTATE
4:2:4:4:4:3:3:4:4:,clone,13839.289640864643,4:3:4:4:4:2:3:4:4
4:3:4:4:4:4:4:4:4:,clone,16361.561637459217,4:3:4:4:4:4:3:4:4
4:3:4:4:4:3:3:4:4:,clone,13726.251125413111,4:3:4:4:4:3:3:4:4
4:3:4:4:4:2:3:4:4:,recombination,13109.916517305077,4:3:4:4:4:1:3:4:4,4:3:4:4:4:3:2:4:4,MUTATE
4:3:4:4:4:3:3:4:4:,clone,13657.525793053079,4:3:4:4:4:3:3:4:4
4:2:4:4:4:4:3:4:3:,clone,15888.338073593019,4:2:4:4:4:4:3:4:4
4:3:4:4:4:2:3:4:4:,clone,12861.017087157561,4:3:4:4:4:2:3:4:4
4:3:4:4:4:3:3:4:4:,recombination,13533.49740733012,3:2:4:4:4:0:0:1:4,4:2:4:4:4:0:1:2:4
4:4:4:4:4:0:1:4:4:,clone,11843.745406583112,4:4:4:4:4:0:1:4:4
4:2:4:4:4:3:4:4:4:,recombination,14672.155213382452,4:4:4:4:4:1:2:4:4,3:2:4:4:4:2:3:4:3,MUTATE
4:4:4:4:4:0:1:4:4:,clone,11743.95602694109,4:4:4:4:4:0:1:4:4
4:2:4:4:4:3:4:4:4:,clone,14530.446131363507,4:2:4:4:4:3:4:4:4
4:3:4:4:4:0:1:4:4:,recombination,11559.221411095652,4:4:4:4:4:0:1:3:4,2:2:4:4:4:3:3:4:2
4:2:4:4:4:4:4:4:3:,recombination,15359.928652203673,4:4:4:4:4:1:2:4:4,4:2:4:4:4:2:3:4:3,MUTATE
4:2:4:4:4:4:3:4:3:,clone,15810.985739326796,4:2:4:4:4:4:3:4:3
4:3:4:4:4:4:4:4:4:,clone,16012.323480042589,4:3:4:4:4:4:3:4:4
4:3:4:4:4:3:3:4:4:,recombination,13268.393355518638,4:2:4:4:4:3:3:4:4,2:2:4:4:2:4:4:4:0
4:4:4:4:4:0:1:4:4:,clone,11613.159748804339,4:4:4:4:4:0:0:4:4
4:3:4:4:4:4:4:4:4:,recombination,16006.55644245346,3:2:4:4:4:3:3:4:2,4:3:4:4:4:4:3:4:4
4:3:4:4:4:3:4:4:4:,recombination,15051.546842411519,4:2:4:4:4:3:3:4:4,4:3:4:4:4:1:2:4:4,MUTATE
4:4:4:4:4:0:0:4:4:,recombination,12368.392719269696,4:4:4:4:4:0:0:0:4,3:2:4:4:4:1:2:3:3
4:4:4:4:4:0:1:4:4:,clone,11511.972266742401,4:4:4:4:4:0:1:4:4
4:2:4:4:4:4:4:4:4:,recombination,16110.743114888373,4:3:4:4:4:1:1:4:4,2:2:4:4:1:4:4:4:0
3:2:4:4:4:2:2:3:3:,clone,14241.729452940182,3:2:4:4:4:2:2:4:3
4:2:4:4:4:4:4:4:4:,clone,15730.462579398358,4:2:4:4:4:4:4:4:4
3:2:4:4:4:4:4:4:2:,clone,16264.966704965278,3:2:4:4:4:4:4:4:2
3:2:4:4:4:4:4:4:2:,clone,15942.018241470712,3:2:4:4:4:4:4:4:2
3:2:4:4:4:4:4:4:2:,recombination,15630.995024407646,4:4:4:4:4:0:1:2:4,4:2:4:4:4:2:3:4:3,MUTATE
4:2:4:4:4:4:4:4:2:,recombination,15827.383502671115,3:2:4:4:4:0:0:1:4,3:2:4:4:4:3:3:4:3
3:2:4:4:4:4:4:4:2:,clone,15508.526392470394,3:2:4:4:4:4:4:4:2
3:2:4:4:4:2:2:3:3:,clone,14235.691099383645,3:2:4:4:4:2:2:3:3
2:2:4:4:2:4:4:4:1:,recombination,17994.50839695165,2:2:4:4:0:4:4:4:0,4:4:4:4:4:1:2:4:4,MUTATE
4:2:4:4:4:4:4:4:3:,recombination,15074.844053647053,4:2:4:4:4:3:4:4:4,3:2:4:4:4:1:2:3:3
3:2:4:4:4:4:4:4:2:,clone,14694.501429991184,3:2:4:4:4:4:4:4:2
4:2:4:4:4:4:4:4:2:,clone,14844.09564310499,3:2:4:4:4:4:4:4:2
4:3:4:4:4:4:4:4:4:,clone,15833.017429652176,4:3:4:4:4:3:4:4:4
4:3:4:4:4:4:4:4:3:,clone,16542.01622095211,4:3:4:4:4:4:4:4:4
4:2:4:4:4:4:4:4:4:,recombination,15078.903718046502,4:4:4:4:4:0:1:4:4,4:3:4:4:4:3:4:4:4
4:3:4:4:4:4:4:4:4:,recombination,15804.183545072536,3:2:4:4:4:2:3:4:2,4:3:4:4:4:4:3:4:4
4:3:4:4:4:4:4:4:4:,recombination,15433.190523320129,4:3:4:4:4:3:4:4:4,4:3:4:4:4:4:3:4:4,MUTATE
4:3:4:4:4:4:4:4:4:,clone,15225.11184984414,4:3:4:4:4:4:4:4:4
2:2:4:4:4:4:4:4:0:,clone,17842.99591674333,2:2:4:4:4:4:4:4:0
3:2:4:4:4:4:4:4:1:,clone,16081.704610968985,3:2:4:4:4:4:4:4:2
3:2:4:4:4:4:4:4:1:,clone,16028.16842360626,3:2:4:4:4:4:4:4:1
3:2:4:4:4:4:4:4:1:,clone,15828.568142692055,3:2:4:4:4:4:4:4:1
4:3:4:4:4:4:4:4:4:,clone,15192.268820115463,4:3:4:4:4:4:4:4:4
4:3:4:4:4:4:4:4:3:,clone,16539.17078457216,4:3:4:4:4:4:4:4:3
4:3:4:4:4:3:4:4:4:,clone,15019.510258468425,4:3:4:4:4:4:4:4:4
4:3:4:4:4:4:4:4:3:,recombination,16282.046318666775,3:2:4:4:4:1:2:4:3,4:3:4:4:4:4:4:4:4
3:2:4:4:4:3:3:4:3:,clone,14711.903981375403,3:2:4:4:4:3:3:4:3
3:2:4:4:4:4:4:4:1:,clone,15721.73564592693,3:2:4:4:4:4:4:4:1
2:2:4:4:4:4:4:4:2:,clone,16988.424005760644,2:2:4:4:4:4:4:4:2
3:2:4:4:4:0:1:2:3:,clone,12795.883963622002,3:2:4:4:4:1:1:3:3
2:2:4:4:0:4:4:4:0:,recombination,17640.604309197533,3:2:4:4:4:0:0:1:4,3:2:4:4:4:3:4:4:2
3:2:4:4:4:1:1:4:3:,recombination,12913.350499109652,3:2:4:4:4:0:0:1:4,3:2:4:4:4:0:1:2:3,MUTATE
4:2:4:4:4:3:4:4:2:,recombination,14563.027262471895,4:3:4:4:4:2:3:4:4,4:4:4:4:4:3:3:4:4
3:2:4:4:3:4:4:4:1:,recombination,16428.031509681103,4:2:4:4:4:0:1:1:4,2:2:4:4:3:4:4:4:1,MUTATE
3:2:4:4:4:4:4:4:3:,recombination,16880.65922282734,3:2:4:4:4:1:1:1:4,1:2:4:4:4:3:3:4:1
4:2:4:4:4:4:4:4:3:,clone,14908.262004156095,4:2:4:4:4:4:4:4:3
4:2:4:4:4:3:4:4:3:,clone,14387.211519378858,4:2:4:4:4:4:4:4:3
4:2:4:4:4:3:4:4:2:,recombination,13983.520634095374,4:3:4:4:4:3:4:4:4,4:3:4:4:4:3:3:4:4,MUTATE
4:2:4:4:4:3:3:4:3:,recombination,13604.228581285759,4:2:4:4:4:3:3:4:4,4:2:4:4:4:1:2:4:4
4:2:4:4:4:4:4:4:2:,clone,14236.572316020236,4:2:4:4:4:3:4:4:2
4:2:4:4:4:3:4:4:3:,clone,14342.288201712823,4:2:4:4:4:3:4:4:3
4:3:4:4:4:4:4:4:4:,recombination,15171.461680805773,4:4:4:4:4:0:1:4:4,4:3:4:4:4:4:3:4:4
4:2:4:4:4:4:4:4:3:,clone,14898.14363595331,4:2:4:4:4:4:4:4:3
3:2:4:4:4:4:4:4:1:,recombination,15607.748055856595,4:2:4:4:4:3:3:4:4,4:2:4:4:4:0:1:2:4
4:2:4:4:4:3:4:4:3:,recombination,14334.263145660094,3:2:4:4:4:1:2:3:3,4:3:4:4:4:3:3:4:4
2:2:4:4:0:4:4:4:0:,recombination,17432.721765328813,4:2:4:4:4:1:2:3:4,2:2:4:4:3:4:4:4:1,MUTATE
4:2:4:4:4:2:2:3:4:,clone,13718.1913284321,4:2:4:4:4:2:2:3:4
4:2:4:4:4:3:4:4:3:,clone,14159.323050132096,4:2:4:4:4:3:4:4:3
3:2:4:4:4:2:3:4:2:,recombination,12827.468575976394,3:2:4:4:4:0:0:0:4,4:3:4:4:4:3:4:4:4,MUTATE
3:2:4:4:3:4:4:4:1:,recombination,16293.9474208348,4:3:4:4:4:4:3:4:4,3:2:4:4:4:4:4:4:1,MUTATE
3:2:4:4:3:4:4:4:1:,clone,16024.029748123252,3:2:4:4:3:4:4:4:1
3:2:4:4:4:3:3:4:2:,recombination,13434.512647568376,4:2:4:4:4:1:2:3:4,3:2:4:4:4:2:3:4:2
4:2:4:4:4:4:4:4:3:,clone,14777.762862877711,4:2:4:4:4:4:4:4:3
4:2:4:4:4:2:2:4:3:,clone,14571.226241120858,4:2:4:4:4:2:2:4:3
3:2:4:4:4:2:3:4:3:,clone,12884.626267286141,3:2:4:4:4:2:3:4:3
4:2:4:4:4:2:2:4:3:,clone,14473.12579600123,4:2:4:4:4:2:2:4:3
3:2:4:4:4:4:4:4:3:,recombination,16867.400274062362,4:4:4:4:4:0:0:0:4,4:2:4:4:4:1:1:1:4,MUTATE
4:2:4:4:4:2:2:4:3:,clone,14381.744493942335,4:2:4:4:4:2:2:4:3
4:2:4:4:4:4:4:4:4:,recombination,14902.714703900754,2:2:4:4:4:3:3:4:1,4:4:4:4:4:3:3:4:4
2:2:4:4:0:4:4:4:0:,clone,17154.042016175525,2:2:4:4:0:4:4:4:0
3:2:4:4:4:2:3:4:3:,clone,12801.3085939284,4:2:4:4:4:2:3:4:3
2:2:4:4:1:4:4:4:0:,clone,16825.4213215742,2:2:4:4:0:4:4:4:0
2:2:4:4:4:3:3:4:1:,recombination,15883.142046606295,4:2:4:4:4:3:3:4:4,3:2:4:4:4:2:2:3:3,MUTATE
2:2:4:4:4:4:4:4:1:,clone,16038.949042671366,2:2:4:4:4:4:4:4:1
2:2:4:4:4:4:4:4:0:,clone,17280.325467098322,2:2:4:4:4:4:4:4:0
4:2:4:4:4:2:3:4:3:,clone,13188.931581005432,4:2:4:4:4:2:3:4:3
3:2:4:4:4:3:4:4:2:,recombination,14702.812546635041,4:3:4:4:4:2:2:4:4,3:2:4:4:4:2:3:4:2,MUTATE
4:2:4:4:4:4:4:4:3:,clone,14386.53704993158,4:2:4:4:4:4:4:4:3
4:3:4:4:4:2:2:4:4:,clone,12367.712176977795,4:3:4:4:4:1:2:4:4
4:2:4:4:4:2:3:4:3:,recombination,12943.787529873645,3:2:4:4:4:2:3:4:2,4:2:4:4:4:1:2:4:4,MUTATE
3:2:4:4:4:4:4:4:1:,clone,15450.728966018742,3:2:4:4:4:4:4:4:1
3:2:4:4:4:4:4:4:2:,recombination,14681.744923076601,4:4:4:4:4:0:0:1:4,3:2:4:4:4:3:4:4:2,MUTATE
4:2:4:4:4:2:3:4:3:,clone,12818.417729121555,4:2:4:4:4:2:3:4:3
4:2:4:4:4:4:4:4:3:,recombination,13863.23940908465,4:2:4:4:4:4:4:4:3,2:2:4:4:1:4:4:4:0
4:3:4:4:4:2:2:4:4:,clone,12274.430493936077,4:3:4:4:4:2:2:4:4
3:2:4:4:4:3:3:4:1:,recombination,13963.3350473308,4:2:4:4:4:1:1:2:4,3:2:4:4:4:4:4:4:2
2:2:4:4:4:3:3:4:1:,recombination,15830.483218885938,3:2:4:4:4:2:2:4:3,2:2:4:4:4:2:2:2:2,MUTATE
4:2:4:4:4:4:4:4:3:,clone,13747.431919225466,4:2:4:4:4:4:4:4:3
2:2:4:4:2:4:4:4:1:,recombination,16538.069280567048,2:2:4:4:1:4:4:4:0,4:3:4:4:4:1:2:4:4,MUTATE
4:2:4:4:4:4:3:4:4:,recombination,15775.34876152763,4:3:4:4:4:3:2:4:4,3:2:4:4:4:3:3:4:2
2:2:4:4:4:4:4:4:0:,recombination,16665.16939565868,4:2:4:4:4:4:4:4:4,3:2:4:4:3:4:4:4:1
3:2:4:4:2:4:4:4:1:,recombination,18421.16188626325,4:2:4:4:4:3:3:4:4,3:2:4:4:4:1:2:3:3
3:2:4:4:4:2:2:4:2:,recombination,14463.760846655117,3:2:4:4:4:2:3:4:2,3:2:4:4:4:2:2:4:3
3:2:4:4:4:3:4:4:2:,recombination,14525.152205933431,2:2:4:4:2:4:4:4:1,3:2:4:4:4:2:3:4:3,MUTATE
4:2:4:4:4:3:3:4:3:,recombination,13567.999905972714,2:2:4:4:4:0:0:1:3,4:2:4:4:4:4:4:4:3,MUTATE
3:2:4:4:4:2:3:4:3:,recombination,12799.971116031551,3:2:4:4:4:2:3:4:2,4:2:4:4:4:2:3:4:3
4:2:4:4:4:3:4:4:3:,recombination,14043.15558858873,4:2:4:4:4:3:3:4:3,3:2:4:4:4:3:3:4:2
2:2:4:4:4:3:3:4:1:,recombination,15495.033600262532,2:2:4:4:4:3:3:4:1,4:2:4:4:4:3:3:4:4,MUTATE
4:2:4:4:4:3:4:4:4:,clone,14054.676531616415,4:2:4:4:4:3:4:4:3
2:2:4:4:4:4:4:4:1:,recombination,15999.387196574944,4:3:4:4:4:1:2:4:4,3:2:4:4:4:4:4:4:2,MUTATE
4:3:4:4:4:3:4:4:4:,recombination,13914.840230501464,4:2:4:4:4:3:4:4:3,4:4:4:4:4:3:3:4:4,MUTATE
4:2:4:4:4:3:4:4:3:,clone,14006.585301892665,4:2:4:4:4:3:4:4:3
4:2:4:4:4:4:4:4:2:,clone,14095.300992713455,4:2:4:4:4:4:4:4:2
4:2:4:4:4:3:4:4:3:,clone,13924.120089134061,4:2:4:4:4:3:4:4:3
3:2:4:4:4:4:4:4:2:,clone,14461.923025510654,3:2:4:4:4:4:4:4:2
3:2:4:4:2:4:4:4:2:,recombination,17308.652493610458,4:4:4:4:4:2:2:4:4,3:2:4:4:4:1:2:3:3,MUTATE
3:2:4:4:2:4:4:4:1:,recombination,17648.7474017945,3:2:4:4:4:1:1:1:4,2:2:4:4:3:4:4:4:1,MUTATE
3:2:4:4:1:4:4:4:1:,clone,17318.374618097285,3:2:4:4:1:4:4:4:1
3:2:4:4:2:4:4:4:1:,clone,17244.8436091671,3:2:4:4:2:4:4:4:1
2:2:4:4:3:4:4:4:1:,recombination,16678.25838239366,4:2:4:4:4:1:2:4:4,3:2:4:4:4:4:4:4:2,MUTATE
3:2:4:4:1:4:4:4:1:,clone,17255.838603257504,3:2:4:4:1:4:4:4:1
3:2:4:4:1:4:4:4:1:,clone,17064.458038260116,3:2:4:4:1:4:4:4:1
3:2:4:4:2:4:4:4:1:,clone,17182.307594327318,3:2:4:4:2:4:4:4:1
2:2:4:4:3:4:4:4:0:,clone,17440.81022818006,2:2:4:4:4:4:4:4:0
2:2:4:4:1:4:4:4:0:,recombination,16413.402468171884,2:2:4:4:3:4:4:4:1,2:2:4:4:0:4:4:4:0,MUTATE
2:2:4:4:4:3:3:4:2:,recombination,15463.917094536453,2:2:4:4:4:3:3:4:1,2:2:4:4:4:1:2:4:2
2:2:4:4:0:4:4:4:0:,clone,17107.70758466586,2:2:4:4:0:4:4:4:0
2:2:4:4:0:4:4:4:1:,clone,17255.380038524636,2:2:4:4:0:4:4:4:1
2:2:4:4:1:4:4:4:1:,recombination,18287.65793513653,4:4:4:4:4:2:2:4:4,3:2:4:4:3:4:4:4:1
4:2:4:4:4:3:3:4:4:,recombination,13834.41478928977,4:2:4:4:4:3:4:4:3,4:4:4:4:4:3:3:4:4
2:2:4:4:0:4:4:4:0:,recombination,17050.951782105694,3:2:4:4:2:4:4:4:1,4:3:4:4:4:4:4:4:4,MUTATE
2:2:4:4:0:4:4:4:0:,clone,16991.7551098634,2:2:4:4:0:4:4:4:0
3:2:4:4:4:4:4:4:1:,recombination,15138.087875437406,4:2:4:4:4:3:4:4:3,3:2:4:4:4:1:2:3:3
3:2:4:4:3:4:4:4:2:,recombination,17317.515890521376,4:4:4:4:4:0:0:1:4,3:2:4:4:4:1:2:2:3,MUTATE
4:2:4:4:4:3:3:4:2:,recombination,15300.533272604776,4:4:4:4:4:0:1:4:4,4:2:4:4:4:4:4:4:2
4:2:4:4:4:3:3:4:4:,recombination,13832.903824214103,4:4:4:4:4:2:1:4:4,4:3:4:4:4:2:2:4:4
3:2:4:4:2:4:4:4:1:,clone,17008.507613645164,3:2:4:4:2:4:4:4:1
3:2:4:4:3:4:4:4:2:,recombination,16962.298907110442,4:4:4:4:4:2:2:4:4,4:2:4:4:4:1:2:4:4
3:2:4:4:3:4:4:4:2:,clone,16415.573624647946,3:2:4:4:3:4:4:4:2
3:2:4:4:2:4:4:4:1:,recombination,16802.28310859077,4:4:4:4:4:2:2:4:4,3:2:4:4:2:4:4:4:2
2:2:4:4:1:4:4:4:1:,clone,17617.65047237847,2:2:4:4:1:4:4:4:1
2:2:4:4:3:4:4:4:1:,recombination,16583.016915253495,3:2:4:4:4:1:1:1:4,4:3:4:4:4:4:3:4:4
2:2:4:4:1:4:4:4:1:,recombination,17433.41533647524,4:3:4:4:4:1:2:4:4,2:2:4:4:0:4:4:4:0
2:2:4:4:1:4:4:4:1:,recombination,17124.93087753155,2:2:4:4:4:2:2:4:2,3:2:4:4:2:4:4:4:1
2:2:4:4:1:4:4:4:0:,recombination,16114.714314720106,4:2:4:4:4:4:4:4:4,2:2:4:4:1:4:4:4:0,MUTATE
1:2:4:4:0:4:4:4:0:,recombination,17079.74921880449,2:2:4:4:4:4:4:4:0,2:2:4:4:1:4:4:4:0
2:2:4:4:2:4:4:4:0:,recombination,16372.055942860736,4:3:4:4:4:2:2:4:4,2:2:4:4:0:4:4:4:0,MUTATE
2:2:4:4:1:4:4:4:1:,recombination,16970.76659572758,2:2:4:4:4:3:3:4:1,2:2:4:4:0:4:4:4:0
3:2:4:4:2:4:4:4:1:,clone,16637.940168902947,3:2:4:4:2:4:4:4:1
2:2:4:4:1:4:4:4:1:,clone,16715.894574144135,2:2:4:4:1:4:4:4:1
2:2:4:4:1:4:4:4:1:,recombination,16691.879531691768,4:4:4:4:4:1:1:4:4,3:2:4:4:2:4:4:4:1,MUTATE
3:2:4:4:1:4:4:4:1:,recombination,16888.848751232286,4:2:4:4:4:2:3:4:4,4:2:4:4:4:1:1:3:4
2:2:4:4:4:3:4:4:1:,recombination,16412.640384456277,4:2:4:4:4:4:4:4:4,2:2:4:4:4:3:3:4:1,MUTATE
2:2:4:4:4:3:4:4:1:,recombination,16380.400152434057,3:2:4:4:4:0:1:2:3,4:3:4:4:4:4:4:4:4,MUTATE
3:2:4:4:1:4:4:4:1:,clone,16626.904907454064,3:2:4:4:1:4:4:4:1
4:3:4:4:4:3:4:4:3:,recombination,16132.850028264033,4:2:4:4:4:1:1:4:4,2:2:4:4:4:1:1:2:2,MUTATE
3:2:4:4:1:4:4:4:1:,recombination,16601.13290370045,2:2:4:4:1:4:4:4:1,4:2:4:4:4:3:3:4:3,MUTATE
2:2:4:4:3:4:4:4:0:,recombination,17212.760481256697,4:2:4:4:4:2:3:4:4,4:3:4:4:4:4:3:4:4
3:2:4:4:1:4:4:4:1:,clone,16589.330325812356,3:2:4:4:1:4:4:4:1
2:2:4:4:3:4:4:4:1:,clone,16561.15960007489,2:2:4:4:3:4:4:4:1
2:2:4:4:0:4:4:4:0:,recombination,16951.574130932677,2:2:4:4:1:4:4:4:1,4:2:4:4:4:3:4:4:2,MUTATE
2:2:4:4:0:4:4:4:0:,recombination,16886.039861002304,2:2:4:4:4:3:3:4:2,3:2:4:4:1:4:4:4:1
3:2:4:4:1:4:4:4:1:,clone,16186.234984150924,3:2:4:4:1:4:4:4:1
2:2:4:4:3:4:4:4:1:,clone,16531.16738520229,2:2:4:4:3:4:4:4:1
2:2:4:4:2:4:4:4:0:,recombination,16202.556059406803,2:2:4:4:4:4:4:4:0,3:2:4:4:4:0:1:1:3,MUTATE
2:2:4:4:2:4:4:4:0:,recombination,16141.39227829999,2:2:4:4:2:4:4:4:0,4:2:4:4:4:0:1:1:4
2:2:4:4:2:4:4:4:1:,recombination,16339.174435031637,4:4:4:4:4:3:2:4:4,2:2:4:4:2:4:4:4:1
3:2:4:4:1:4:4:4:1:,clone,16051.055921263776,3:2:4:4:1:4:4:4:1
2:2:4:4:0:4:4:4:0:,clone,16876.51604422805,2:2:4:4:0:4:4:4:0
3:2:4:4:4:4:4:4:1:,recombination,15000.222660038977,4:2:4:4:4:3:4:4:4,2:2:4:4:2:4:4:4:0,MUTATE
2:2:4:4:0:4:4:4:0:,clone,16772.01860968946,2:2:4:4:0:4:4:4:0
4:2:4:4:4:1:2:4:3:,recombination,15093.227990091247,4:4:4:4:4:0:0:2:4,2:2:4:4:4:2:3:3:2,MUTATE
3:2:4:4:2:4:4:4:1:,recombination,16619.349823721215,3:2:4:4:1:4:4:4:1,4:4:4:4:4:3:3:4:4
3:2:4:4:2:4:4:4:1:,clone,16125.808110516531,3:2:4:4:1:4:4:4:1
2:2:4:4:0:4:4:4:0:,recombination,16081.093682500952,4:4:4:4:4:3:3:4:4,3:2:4:4:2:4:4:4:1,MUTATE
2:2:4:4:3:4:4:4:0:,recombination,16819.042234676595,2:2:4:4:4:2:3:4:1,2:2:4:4:2:4:4:4:0
2:2:4:4:2:4:4:4:1:,recombination,16217.133309529481,2:2:4:4:0:4:4:4:0,4:2:4:4:4:2:2:4:3
3:2:4:4:4:3:4:4:1:,recombination,17705.663384103773,2:2:4:4:4:3:4:4:1,4:4:4:4:4:1:1:3:4
3:2:4:4:4:3:4:4:1:,clone,16658.385049600052,3:2:4:4:4:3:4:4:1
2:2:4:4:4:4:4:4:1:,clone,15380.917600468327,2:2:4:4:4:4:4:4:1
2:2:4:4:4:4:4:4:1:,clone,15353.730524553775,2:2:4:4:4:4:4:4:1
2:2:4:4:4:3:4:4:1:,recombination,16135.834588857175,3:2:4:4:4:1:2:4:3,2:2:4:4:4:1:2:4:2,MUTATE
2:2:4:4:4:3:4:4:1:,recombination,15838.470492465858,4:2:4:4:4:0:1:2:4,2:2:4:4:4:1:1:1:3
2:2:4:4:3:4:4:4:1:,recombination,15905.996055950203,4:2:4:4:4:1:1:4:4,4:2:4:4:4:1:2:4:4
3:2:4:4:4:4:4:4:1:,recombination,14996.778063603339,4:2:4:4:4:1:2:4:4,3:2:4:4:4:2:2:3:3,MUTATE
3:2:4:4:4:4:4:4:1:,clone,14859.748168004353,3:2:4:4:4:4:4:4:1
1:2:4:4:0:4:4:4:0:,clone,17001.75174764867,1:2:4:4:0:4:4:4:0
2:2:4:4:4:4:4:4:1:,clone,15249.457646908942,2:2:4:4:4:4:4:4:1
2:2:4:4:4:4:4:4:0:,recombination,16633.363614001675,2:2:4:4:0:4:4:4:0,4:3:4:4:4:2:3:4:4,MUTATE
2:2:4:4:4:3:4:4:1:,clone,15761.873536561341,2:2:4:4:4:3:4:4:1
1:2:4:4:0:4:4:4:0:,recombination,16951.86863845288,4:3:4:4:4:1:2:4:4,4:3:4:4:4:0:1:2:4,MUTATE
2:2:4:4:3:4:4:4:0:,clone,16753.056197489524,2:2:4:4:3:4:4:4:0
2:2:4:4:3:4:4:4:0:,clone,16514.439008807905,2:2:4:4:3:4:4:4:0
1:2:4:4:0:4:4:4:0:,clone,16814.1353564755,1:2:4:4:0:4:4:4:0
1:2:4:4:0:4:4:4:0:,clone,16757.99784582352,1:2:4:4:0:4:4:4:0
2:2:4:4:3:4:4:4:0:,recombination,15720.259078561925,4:2:4:4:4:4:4:4:4,1:2:4:4:4:3:3:4:1
2:2:4:4:1:4:4:4:0:,recombination,15999.559696714103,4:4:4:4:4:3:3:4:4,4:3:4:4:4:3:3:4:4
1:2:4:4:0:4:4:4:0:,clone,16560.513810531265,1:2:4:4:0:4:4:4:0
1:2:4:4:3:4:4:4:0:,recombination,17487.510612248992,2:2:4:4:0:4:4:4:0,3:2:4:4:4:3:3:4:3
3:2:4:4:2:4:4:4:1:,clone,15770.828855157606,3:2:4:4:2:4:4:4:1
3:2:4:4:2:4:4:4:1:,clone,15598.591582364128,3:2:4:4:2:4:4:4:1
2:2:4:4:4:3:3:4:1:,clone,14533.964043011449,2:2:4:4:4:3:3:4:1
1:2:4:4:0:4:4:4:0:,recombination,16187.299952649086,4:2:4:4:4:0:1:2:4,2:2:4:4:2:4:4:4:1,MUTATE
2:2:4:4:3:4:4:4:1:,recombination,15879.754337281032,3:2:4:4:2:4:4:4:1,3:2:4:4:4:2:3:3:3
2:2:4:4:4:4:4:4:0:,clone,16570.71432333144,2:2:4:4:1:4:4:4:0
2:2:4:4:4:4:4:4:0:,recombination,16099.11523133212,2:2:4:4:3:4:4:4:0,4:2:4:4:4:2:3:4:3,MUTATE
2:2:4:4:4:4:4:4:0:,clone,15913.41478303958,2:2:4:4:4:4:4:4:0
3:2:4:4:3:4:4:4:1:,clone,15638.76338127929,3:2:4:4:4:4:4:4:1
2:2:4:4:4:4:4:4:0:,clone,15819.28279780501,2:2:4:4:4:4:4:4:0
2:2:4:4:4:4:4:4:0:,clone,15750.363722035307,2:2:4:4:4:4:4:4:0
2:2:4:4:2:4:4:4:1:,recombination,15893.948361923682,2:2:4:4:3:4:4:4:1,4:3:4:4:4:1:2:4:4
2:2:4:4:4:3:4:4:1:,recombination,15520.44086107951,2:2:4:4:4:3:4:4:1,4:2:4:4:4:4:4:4:3,MUTATE
2:2:4:4:4:3:4:4:1:,recombination,15410.693825868966,2:2:4:4:4:0:1:1:3,4:3:4:4:4:4:4:4:4
2:2:4:4:0:4:4:4:1:,recombination,16860.13167724474,4:4:4:4:4:1:1:4:4,3:2:4:4:2:4:4:4:1
2:2:4:4:4:3:4:4:1:,clone,15350.03550445333,2:2:4:4:4:3:4:4:1
3:2:4:4:4:3:3:4:3:,recombination,14637.850485520488,4:2:4:4:4:0:0:0:4,4:2:4:4:4:3:4:4:3
2:2:4:4:4:4:4:4:1:,recombination,15177.744794429702,4:3:4:4:4:1:2:3:4,2:2:4:4:4:3:3:4:1
2:2:4:4:4:3:4:4:1:,recombination,14991.691964440242,2:2:4:4:4:0:1:1:3,4:4:4:4:4:1:2:4:4
1:2:4:4:4:4:4:4:0:,recombination,17482.922202550682,3:2:4:4:4:0:0:1:3,1:2:4:4:0:4:4:4:0,MUTATE
2:2:4:4:4:4:4:4:1:,recombination,14904.994196096886,4:4:4:4:4:1:2:4:4,2:2:4:4:4:4:4:4:1,MUTATE
1:2:4:4:4:3:4:4:1:,clone,16552.226018838875,1:2:4:4:4:3:4:4:1
1:2:4:4:4:3:4:4:1:,clone,16338.50243519943,1:2:4:4:4:3:4:4:1
2:2:4:4:3:4:4:4:1:,recombination,15623.746975866567,3:2:4:4:2:4:4:4:1,4:3:4:4:4:2:3:4:4
4:4:4:4:4:0:0:0:4:,clone,11452.430480110683,3:2:4:4:4:4:4:4:1
4:4:4:4:4:0:0:0:4:,recombination,11361.513115162368,4:4:4:4:4:1:1:4:4,2:2:4:4:4:3:3:4:1
1:1:4:4:0:4:4:4:0:,recombination,17090.70083188895,2:2:4:4:2:4:4:4:1,3:2:4:4:4:3:4:4:2
1:2:4:4:4:3:4:4:1:,clone,16245.313550764715,1:2:4:4:4:3:4:4:1
1:2:4:4:2:4:4:4:0:,clone,17561.00899212194,1:2:4:4:2:4:4:4:0
4:4:4:4:4:1:1:4:4:,clone,11654.708943564741,4:4:4:4:4:1:1:4:4
1:2:4:4:4:4:4:4:0:,clone,16674.896879141743,1:2:4:4:4:4:4:4:0
1:2:4:4:3:4:4:4:0:,clone,17411.099439357695,1:2:4:4:3:4:4:4:0
1:2:4:4:1:4:4:4:0:,recombination,17191.11612976652,4:3:4:4:4:0:1:2:4,3:2:4:4:4:4:4:4:1
1:2:4:4:4:4:4:4:0:,recombination,16542.70593904596,4:2:4:4:4:3:4:4:3,2:2:4:4:2:4:4:4:1
4:2:4:4:4:3:3:4:4:,recombination,13653.828654212388,3:2:4:4:4:3:3:4:3,2:2:4:4:2:4:4:4:0,MUTATE
4:3:4:4:4:4:4:4:4:,recombination,15017.382409029156,4:2:4:4:4:4:3:4:4,4:2:4:4:4:3:3:4:4
3:2:4:4:1:4:4:4:0:,recombination,17610.953359792013,3:2:4:4:4:0:1:1:3,3:2:4:4:2:4:4:4:1
1:2:4:4:0:4:4:4:0:,clone,16109.246728017057,1:2:4:4:0:4:4:4:0
1:2:4:4:0:4:4:4:0:,recombination,15889.110565123225,2:2:4:4:3:4:4:4:0,4:2:4:4:4:2:3:4:3
3:2:4:4:4:4:4:4:0:,clone,16801.748951934293,2:2:4:4:4:4:4:4:0
2:2:4:4:2:4:4:4:0:,clone,16075.739341875118,2:2:4:4:2:4:4:4:0
3:2:4:4:4:3:4:4:1:,recombination,16385.083414138626,4:2:4:4:4:4:4:4:3,3:2:4:4:4:0:0:1:4
3:2:4:4:4:3:4:4:1:,recombination,16056.63778826334,4:2:4:4:4:3:3:4:3,2:2:4:4:3:4:4:4:0,MUTATE
3:2:4:4:4:3:4:4:1:,recombination,15614.960982431825,4:2:4:4:4:1:2:4:4,2:2:4:4:4:2:2:4:2
2:2:4:4:0:4:4:4:0:,recombination,16067.080905155255,4:3:4:4:4:2:2:4:4,2:2:4:4:1:4:4:4:1,MUTATE
3:2:4:4:1:4:4:4:0:,recombination,16913.258765572456,2:2:4:4:2:4:4:4:0,4:2:4:4:4:1:2:3:4,MUTATE
2:2:4:4:1:4:4:4:0:,recombination,15635.185397436771,3:2:4:4:4:1:1:1:4,3:2:4:4:4:2:3:4:2,MUTATE
3:2:4:4:4:3:4:4:1:,recombination,15408.067278851224,4:2:4:4:4:0:1:2:4,2:2:4:4:4:2:2:4:2,MUTATE
2:2:4:4:0:4:4:4:0:,clone,16033.862236740775,2:2:4:4:0:4:4:4:0
2:2:4:4:2:4:4:4:0:,recombination,15863.43122669294,3:2:4:4:1:4:4:4:1,4:4:4:4:4:0:0:2:4,MUTATE
2:2:4:4:2:4:4:4:0:,recombination,15704.647068452581,3:2:4:4:3:4:4:4:1,2:2:4:4:1:4:4:4:0
3:2:4:4:4:3:4:4:1:,clone,15284.603096841538,3:2:4:4:4:3:4:4:1
2:2:4:4:3:4:4:4:0:,recombination,15712.31901184772,4:2:4:4:4:3:4:4:3,4:2:4:4:4:1:1:3:4,MUTATE
3:2:4:4:4:3:4:4:1:,recombination,15026.0821872516,4:4:4:4:4:3:2:4:4,3:2:4:4:4:3:4:4:1,MUTATE
3:2:4:4:4:3:4:4:1:,clone,14741.834370431747,3:2:4:4:4:3:4:4:1
3:2:4:4:0:4:4:4:0:,recombination,17496.116867714063,3:2:4:4:4:4:4:4:1,4:3:4:4:4:2:2:4:4,MUTATE
2:2:4:4:0:4:4:4:0:,clone,15848.314317820363,2:2:4:4:0:4:4:4:0
2:2:4:4:0:4:4:4:0:,recombination,15559.919652223989,4:3:4:4:4:2:2:4:4,2:2:4:4:1:4:4:4:0
2:2:4:4:0:4:4:4:0:,clone,15528.216759390996,2:2:4:4:0:4:4:4:0
1:2:4:4:0:4:4:4:0:,clone,15327.292909515829,1:2:4:4:0:4:4:4:0
2:2:4:4:4:4:4:4:2:,recombination,16567.219107283,2:2:4:4:4:0:0:1:3,2:2:4:4:4:0:0:0:3
3:2:4:4:4:3:4:4:1:,recombination,14561.47293536416,3:2:4:4:2:4:4:4:1,3:2:4:4:4:3:4:4:1
3:2:4:4:4:3:4:4:1:,clone,14324.398978614307,3:2:4:4:4:3:4:4:1
2:2:4:4:2:4:4:4:0:,recombination,15625.129105677286,3:2:4:4:4:4:4:4:0,2:2:4:4:0:4:4:4:0,MUTATE
3:2:4:4:4:3:3:4:3:,recombination,14637.831295734584,3:2:4:4:4:0:0:1:3,2:2:4:4:4:4:4:4:2
3:2:4:4:4:3:3:4:3:,clone,14344.598637519859,3:2:4:4:4:3:3:4:3
4:3:4:4:4:0:0:2:4:,clone,12879.18971521397,4:4:4:4:4:0:0:1:4
4:3:4:4:4:0:0:2:4:,clone,12591.708796861989,4:3:4:4:4:0:0:2:4
4:3:4:4:4:0:0:2:4:,recombination,12442.645337154318,4:2:4:4:4:3:4:4:3,2:2:4:4:0:4:4:4:0,MUTATE
4:3:4:4:4:0:0:2:4:,clone,11563.180615160936,4:3:4:4:4:0:1:2:4
3:2:4:4:0:4:4:4:0:,recombination,17110.796716899942,3:2:4:4:4:4:4:4:1,3:2:4:4:4:3:4:4:3
4:4:4:4:4:3:4:4:4:,recombination,17721.216426086077,4:2:4:4:4:3:4:4:2,3:2:4:4:4:3:3:4:2,MUTATE
4:4:4:4:4:3:4:4:4:,recombination,16656.897669000842,4:2:4:4:4:1:2:3:4,1:2:4:4:0:4:4:4:0,MUTATE
4:4:4:4:4:3:4:4:4:,clone,16598.5706816562,4:3:4:4:4:3:4:4:4
4:3:4:4:4:4:3:4:4:,clone,15388.453501531903,4:3:4:4:4:4:4:4:4
4:2:4:4:4:3:3:4:4:,recombination,13464.384171438454,4:2:4:4:4:3:4:4:3,3:2:4:4:4:3:4:4:1
4:2:4:4:4:3:3:4:4:,recombination,13172.663368861515,4:2:4:4:4:3:3:4:4,4:4:4:4:4:0:1:4:4,MUTATE
4:2:4:4:4:4:4:4:4:,recombination,14852.329362643282,3:2:4:4:4:1:1:1:4,4:3:4:4:4:4:3:4:4,MUTATE
2:2:4:4:4:4:4:4:1:,recombination,14733.68740365631,4:2:4:4:4:1:2:3:4,4:3:4:4:4:2:3:4:4
4:2:4:4:4:3:3:4:4:,clone,12923.146823916468,4:2:4:4:4:3:3:4:4
2:2:4:4:4:4:4:4:0:,clone,15734.754937123253,2:2:4:4:4:4:4:4:0
4:2:4:4:4:4:4:4:4:,recombination,14806.680941931148,4:4:4:4:4:2:2:4:4,4:3:4:4:4:4:3:4:4,MUTATE
4:2:4:4:4:4:3:4:4:,clone,14889.140773466783,4:2:4:4:4:4:4:4:3
4:2:4:4:3:4:4:4:2:,clone,16787.985310739277,4:2:4:4:4:4:4:4:2
4:2:4:4:3:4:4:4:2:,clone,16571.935506610804,4:2:4:4:3:4:4:4:2
4:2:4:4:3:4:4:4:2:,clone,16369.257505681077,4:2:4:4:3:4:4:4:2
2:2:4:4:1:4:4:4:0:,recombination,15488.162538615188,4:2:4:4:3:4:4:4:2,3:2:4:4:4:4:4:4:2,MUTATE
2:2:4:4:1:4:4:4:0:,recombination,15382.518126517321,4:2:4:4:4:0:1:1:4,2:2:4:4:1:4:4:4:0
2:2:4:4:2:4:4:4:1:,recombination,15389.750452173383,4:4:4:4:4:1:2:4:4,4:2:4:4:4:4:4:4:3
2:2:4:4:4:4:4:4:0:,recombination,15716.195222754823,4:3:4:4:4:1:2:4:4,4:2:4:4:4:3:4:4:3,MUTATE
2:2:4:4:4:4:4:4:0:,clone,15641.991674433144,2:2:4:4:4:4:4:4:0
2:2:4:4:4:4:4:4:0:,clone,15392.159975370103,2:2:4:4:4:4:4:4:0
3:2:4:4:0:4:4:4:1:,recombination,16281.181956594019,3:2:4:4:4:2:3:3:3,4:2:4:4:4:1:1:3:4,MUTATE
2:2:4:4:2:4:4:4:0:,clone,15072.062490721873,2:2:4:4:2:4:4:4:0
2:2:4:4:2:4:4:4:0:,clone,14961.776006338046,2:2:4:4:2:4:4:4:0
2:2:4:4:1:4:4:4:1:,clone,16369.53604236273,2:2:4:4:0:4:4:4:1
2:2:4:4:3:4:4:4:0:,recombination,15685.935662469125,3:2:4:4:4:2:3:4:2,4:2:4:4:4:1:2:4:4
2:2:4:4:3:4:4:4:0:,clone,15612.594833637606,2:2:4:4:3:4:4:4:0
1:1:4:4:0:4:4:4:0:,clone,16134.779896182286,1:2:4:4:0:4:4:4:0
2:2:4:4:3:4:4:4:0:,recombination,15424.91220088831,3:2:4:4:3:4:4:4:1,2:2:4:4:3:4:4:4:0
2:2:4:4:3:4:4:4:1:,clone,15546.22401454834,2:2:4:4:4:4:4:4:1
2:2:4:4:1:4:4:4:1:,recombination,15966.73143353359,2:2:4:4:4:4:4:4:2,4:2:4:4:4:0:1:1:4,MUTATE
1:2:4:4:4:4:4:4:0:,recombination,15508.848370264595,3:2:4:4:2:4:4:4:1,4:2:4:4:4:4:4:4:4,MUTATE
4:2:4:4:1:4:4:4:0:,clone,16730.712869948755,2:2:4:4:4:4:4:4:0
3:2:4:4:3:4:4:4:0:,recombination,17186.67370308031,2:2:4:4:0:4:4:4:0,1:2:4:4:3:4:4:4:0
3:2:4:4:3:4:4:4:0:,recombination,16825.28439329594,4:2:4:4:4:1:2:3:4,2:2:4:4:4:2:2:4:2
4:2:4:4:3:4:4:4:1:,recombination,17689.54458002362,4:2:4:4:4:1:2:4:4,4:2:4:4:4:1:1:2:4,MUTATE
4:2:4:4:4:4:4:4:1:,clone,16520.210341687663,4:2:4:4:4:4:4:4:1
2:2:4:4:3:4:4:4:0:,recombination,15235.89691192549,2:2:4:4:3:4:4:4:0,2:2:4:4:4:3:3:4:2,MUTATE
4:2:4:4:4:4:4:4:1:,recombination,16275.991476499563,4:3:4:4:4:1:2:4:4,4:3:4:4:4:4:3:4:4
1:1:4:4:4:4:4:4:0:,recombination,18473.138423911485,4:4:4:4:4:2:3:4:4,1:2:4:4:4:3:4:4:1,MUTATE
4:2:4:4:4:4:4:4:1:,clone,15793.457551446434,3:2:4:4:4:4:4:4:1
3:2:4:4:3:4:4:4:1:,clone,15225.882178136133,3:2:4:4:3:4:4:4:1
1:1:4:4:3:4:4:4:0:,recombination,17831.891947593325,4:4:4:4:4:2:3:4:4,2:2:4:4:1:4:4:4:1,MUTATE
1:1:4:4:4:4:4:4:1:,clone,17437.683164356687,1:1:4:4:4:4:4:4:1
1:1:4:4:4:4:4:4:0:,recombination,17835.472252987973,4:4:4:4:4:2:3:4:4,3:2:4:4:4:0:1:1:3,MUTATE
3:2:4:4:4:4:4:4:0:,recombination,16511.128284428036,4:2:4:4:4:3:3:4:4,4:2:4:4:4:4:4:4:4
1:1:4:4:4:4:4:4:1:,clone,17402.523411817245,1:1:4:4:4:4:4:4:1
1:1:4:4:4:4:4:4:0:,clone,17723.28625136751,1:1:4:4:4:4:4:4:0
1:1:4:4:4:4:4:4:1:,clone,17304.774475442227,1:1:4:4:4:4:4:4:1
2:1:4:4:4:4:4:4:1:,clone,16869.851603890333,2:1:4:4:4:4:4:4:1
4:3:4:4:4:4:4:4:3:,clone,16206.569911445893,4:3:4:4:4:4:4:4:3
1:1:4:4:4:3:4:4:1:,clone,17699.63939797322,2:2:4:4:4:3:4:4:1
1:1:4:4:4:4:4:4:0:,clone,17692.298455602624,2:2:4:4:4:4:4:4:1
1:1:4:4:4:4:4:4:0:,recombination,16982.730156557154,1:1:4:4:4:4:4:4:1,2:2:4:4:1:4:4:4:0
1:1:4:4:4:4:4:4:0:,recombination,16820.639030185117,1:1:4:4:4:4:4:4:0,2:2:4:4:4:2:2:4:2,MUTATE
4:2:4:4:3:4:4:4:1:,clone,16890.08584391939,4:2:4:4:3:4:4:4:1
4:2:4:4:1:4:4:4:0:,clone,16698.06463202952,4:2:4:4:1:4:4:4:0
3:2:4:4:0:4:4:4:0:,recombination,17103.545461601076,1:2:4:4:4:4:4:4:0,3:2:4:4:4:4:4:4:1,MUTATE
3:2:4:4:0:4:4:4:0:,clone,16698.06463202952,3:2:4:4:0:4:4:4:0
4:2:4:4:2:4:4:4:1:,clone,16639.7521232275,4:2:4:4:2:4:4:4:1
3:2:4:4:0:4:4:4:0:,clone,16585.331838284055,3:2:4:4:0:4:4:4:0
3:2:4:4:0:4:4:4:0:,clone,16447.73091133763,3:2:4:4:0:4:4:4:0
3:2:4:4:2:4:4:4:0:,recombination,17093.193722123222,2:2:4:4:4:4:4:4:1,2:2:4:4:1:4:4:4:0,MUTATE
3:2:4:4:2:4:4:4:0:,recombination,17066.7211569361,4:3:4:4:4:1:1:4:4,1:2:4:4:0:4:4:4:0,MUTATE
4:2:4:4:1:4:4:4:1:,clone,17217.465559777193,4:2:4:4:2:4:4:4:1
2:2:4:4:0:4:4:4:0:,recombination,15467.241774146521,4:3:4:4:4:2:3:4:4,4:2:4:4:4:3:3:4:4
3:2:4:4:1:4:4:4:0:,recombination,16875.294755546016,4:3:4:4:4:4:3:4:4,4:3:4:4:4:0:1:4:4,MUTATE
3:2:4:4:1:4:4:4:0:,recombination,16838.981366714084,2:2:4:4:4:4:4:4:0,4:3:4:4:4:1:2:3:4
3:2:4:4:2:4:4:4:0:,recombination,16326.961853161743,4:3:4:4:4:1:1:4:4,3:2:4:4:4:4:4:4:1
3:2:4:4:1:4:4:4:0:,clone,16716.985639858576,3:2:4:4:1:4:4:4:0
1:2:4:4:3:4:4:4:0:,recombination,17171.67609038766,1:1:4:4:4:2:3:4:1,2:2:4:4:4:2:3:4:1,MUTATE
3:2:4:4:2:4:4:4:0:,recombination,15360.716725400529,4:4:4:4:4:1:1:4:4,3:2:4:4:2:4:4:4:0
1:1:4:4:2:4:4:4:0:,clone,18531.278990677427,1:1:4:4:2:4:4:4:0
4:4:4:4:4:0:0:0:4:,clone,11032.64157398858,2:2:4:4:2:4:4:4:1
4:4:4:4:4:0:1:4:4:,recombination,11353.032060542342,2:2:4:4:1:4:4:4:0,3:2:4:4:4:4:4:4:1,MUTATE
4:4:4:4:4:0:0:4:4:,recombination,11616.301861039194,4:4:4:4:4:0:1:4:4,3:2:4:4:4:1:1:1:3
4:4:4:4:4:1:1:4:4:,recombination,11397.129546162045,4:4:4:4:4:0:1:4:4,4:4:4:4:4:0:1:4:4,MUTATE
4:3:4:4:4:4:4:4:3:,clone,16186.956699273042,4:2:4:4:4:4:4:4:3
1:1:4:4:4:4:4:4:1:,clone,16978.679886404814,1:1:4:4:4:4:4:4:1
2:1:4:4:4:3:4:4:1:,clone,16901.66045303293,1:1:4:4:4:4:4:4:1
1:1:4:4:2:4:4:4:0:,recombination,16971.746954580245,1:1:4:4:4:4:4:4:1,2:2:4:4:4:2:2:4:2,MUTATE
1:1:4:4:2:4:4:4:0:,clone,16581.256119881462,1:1:4:4:2:4:4:4:0
2:2:4:4:4:3:4:4:1:,recombination,14643.689208168938,2:2:4:4:2:4:4:4:1,2:2:4:4:4:2:2:3:2,MUTATE
2:2:4:4:0:4:4:4:0:,clone,15300.843563210197,2:2:4:4:0:4:4:4:0
3:2:4:4:1:4:4:4:0:,clone,16445.232567491603,3:2:4:4:2:4:4:4:1
2:2:4:4:1:4:4:4:1:,recombination,15782.664909789546,2:2:4:4:4:3:4:4:1,4:4:4:4:4:0:0:4:4
3:2:4:4:1:4:4:4:1:,clone,15678.347865726284,2:2:4:4:1:4:4:4:1
3:2:4:4:1:4:4:4:0:,clone,16414.37649196224,3:2:4:4:1:4:4:4:0
1:1:4:4:0:4:4:4:0:,recombination,15861.42117041497,3:2:4:4:4:0:0:1:4,4:3:4:4:4:3:4:4:4
3:2:4:4:1:4:4:4:1:,clone,15560.28659559506,3:2:4:4:1:4:4:4:1
1:1:4:4:1:4:4:4:0:,recombination,18399.802822895977,1:1:4:4:4:4:4:4:0,4:4:4:4:4:2:1:4:4
2:2:4:4:0:4:4:4:0:,recombination,15225.393550034361,4:4:4:4:4:1:2:4:4,4:3:4:4:4:3:3:4:4
3:2:4:4:2:4:4:4:1:,clone,15396.457815930156,3:2:4:4:2:4:4:4:1
2:2:4:4:4:4:4:4:0:,recombination,15220.202629117346,2:2:4:4:0:4:4:4:0,1:2:4:4:3:4:4:4:0,MUTATE
2:2:4:4:0:4:4:4:0:,recombination,15188.816044229245,4:3:4:4:4:3:3:4:4,3:2:4:4:4:0:0:0:4,MUTATE
3:2:4:4:4:4:4:4:1:,recombination,14845.134689693476,2:2:4:4:4:4:4:4:0,4:4:4:4:4:2:1:4:4,MUTATE
2:2:4:4:4:4:4:4:0:,clone,15101.270588649939,2:2:4:4:4:4:4:4:0
2:2:4:4:0:4:4:4:0:,recombination,14922.772124572819,4:3:4:4:4:2:3:4:4,2:2:4:4:0:4:4:4:0
2:2:4:4:0:4:4:4:0:,clone,14881.825149420756,2:2:4:4:0:4:4:4:0
2:2:4:4:0:4:4:4:0:,clone,14831.244605778425,2:2:4:4:0:4:4:4:0
3:2:4:4:4:4:4:4:1:,recombination,14826.109580000882,3:2:4:4:4:3:3:4:1,4:3:4:4:4:2:2:4:4,MUTATE
2:2:4:4:0:4:4:4:0:,clone,14690.973306075583,2:2:4:4:0:4:4:4:0
3:2:4:4:4:4:4:4:1:,recombination,14798.647186291779,2:2:4:4:0:4:4:4:0,3:2:4:4:4:4:4:4:1,MUTATE
1:2:4:4:2:4:4:4:0:,recombination,17471.698286053183,1:1:4:4:2:4:4:4:0,4:4:4:4:4:2:3:4:4,MUTATE
3:2:4:4:1:4:4:4:1:,recombination,15458.669521276859,4:2:4:4:4:2:2:4:3,3:2:4:4:1:4:4:4:1,MUTATE
3:2:4:4:2:4:4:4:1:,clone,15138.403896376813,3:2:4:4:2:4:4:4:1
2:2:4:4:1:4:4:4:1:,recombination,15671.674276945774,3:2:4:4:4:4:4:4:1,4:4:4:4:4:0:0:4:4
3:2:4:4:2:4:4:4:1:,clone,15005.017097065442,3:2:4:4:2:4:4:4:1
4:2:4:4:4:4:4:4:4:,clone,14782.155841961916,4:2:4:4:4:4:4:4:4
2:2:4:4:3:4:4:4:0:,recombination,14961.198461792335,2:2:4:4:0:4:4:4:0,3:2:4:4:3:4:4:4:1
2:2:4:4:1:4:4:4:0:,recombination,15225.295776730227,4:3:4:4:4:1:2:4:4,2:2:4:4:0:4:4:4:0
4:2:4:4:4:4:4:4:4:,clone,14614.604615015158,4:2:4:4:4:4:4:4:4
3:2:4:4:1:4:4:4:1:,clone,15358.810666631513,3:2:4:4:1:4:4:4:1
4:2:4:4:3:4:4:4:2:,recombination,15732.939826445858,2:2:4:4:4:3:3:4:2,3:2:4:4:2:4:4:4:1,MUTATE
2:2:4:4:3:4:4:4:0:,clone,14793.64723484558,2:2:4:4:3:4:4:4:0
3:2:4:4:1:4:4:4:0:,recombination,15372.190169632022,3:2:4:4:2:4:4:4:1,4:4:4:4:4:1:2:4:4,MUTATE
4:2:4:4:3:4:4:4:2:,recombination,15465.698355602894,3:2:4:4:1:4:4:4:1,4:2:4:4:3:4:4:4:2
3:2:4:4:1:4:4:4:1:,recombination,15157.300682003537,2:2:4:4:1:4:4:4:1,3:2:4:4:2:4:4:4:1
2:2:4:4:4:4:4:4:0:,clone,15027.805065439425,2:2:4:4:4:4:4:4:0
2:2:4:4:4:4:4:4:0:,clone,14818.929411080037,2:2:4:4:4:4:4:4:0
2:2:4:4:4:4:4:4:0:,clone,14581.115722982104,2:2:4:4:4:4:4:4:0
2:2:4:4:0:4:4:4:0:,recombination,14564.251418576141,3:2:4:4:4:0:0:1:4,2:2:4:4:3:4:4:4:1
2:2:4:4:1:4:4:4:0:,recombination,15098.844021312043,3:2:4:4:1:4:4:4:0,3:2:4:4:4:2:2:4:3,MUTATE
3:2:4:4:4:4:4:4:0:,clone,15098.592638409227,3:2:4:4:4:4:4:4:0
4:2:4:4:4:3:3:4:2:,clone,15238.339081960232,4:2:4:4:4:3:4:4:2
4:2:4:4:4:3:3:4:2:,recombination,14636.252602567705,4:2:4:4:4:3:3:4:2,4:2:4:4:4:1:1:3:4
1:2:4:4:1:4:4:4:0:,clone,17164.451656628742,1:2:4:4:2:4:4:4:0
1:2:4:4:2:4:4:4:0:,clone,17327.575249718186,1:2:4:4:2:4:4:4:0
2:2:4:4:3:4:4:4:1:,clone,15311.471992509378,2:2:4:4:3:4:4:4:1
4:3:4:4:4:4:4:4:2:,recombination,16542.20015781097,2:2:4:4:4:4:4:4:0,4:2:4:4:4:4:4:4:4
4:3:4:4:4:4:4:4:3:,clone,16091.434222121756,4:3:4:4:4:4:4:4:3
1:1:4:4:3:4:4:4:0:,clone,17323.97022601399,1:1:4:4:3:4:4:4:0
4:3:4:4:4:4:3:4:4:,recombination,14765.806207628948,2:2:4:4:4:2:2:3:2,3:2:4:4:1:4:4:4:1
4:3:4:4:4:4:4:4:4:,clone,14928.328458727992,4:3:4:4:4:4:4:4:4
2:1:4:4:3:4:4:4:0:,recombination,17008.971145586864,4:4:4:4:4:2:2:4:4,1:1:4:4:3:4:4:4:0
3:2:4:4:4:4:4:4:1:,recombination,14679.459873226755,3:2:4:4:4:1:2:4:3,4:4:4:4:4:0:1:2:4
3:2:4:4:4:4:4:4:1:,clone,14630.688371890827,3:2:4:4:4:4:4:4:1
4:4:4:4:4:2:2:4:4:,clone,12926.744151548499,4:4:4:4:4:2:2:4:4
4:4:4:4:4:2:2:4:4:,clone,12798.748369315448,4:4:4:4:4:2:2:4:4
4:4:4:4:4:2:3:4:4:,clone,13795.752909960256,4:4:4:4:4:2:3:4:4
4:4:4:4:4:2:2:4:4:,clone,12666.096527032048,4:3:4:4:4:2:2:4:4
4:2:4:4:4:3:3:4:3:,recombination,13036.82595965086,4:2:4:4:4:3:4:4:4,4:4:4:4:4:2:2:4:4
4:4:4:4:4:2:3:4:4:,clone,13555.898498025617,4:4:4:4:4:2:3:4:4
2:1:4:4:0:4:4:4:0:,recombination,17041.162946917982,2:1:4:4:3:4:4:4:0,3:2:4:4:1:4:4:4:0
3:2:4:4:0:4:4:4:0:,clone,16162.649386475588,3:2:4:4:0:4:4:4:0
0:1:4:4:0:4:4:4:0:,recombination,19435.247861493874,1:2:4:4:0:4:4:4:0,1:2:4:4:4:4:4:4:0,MUTATE
3:2:4:4:3:4:4:4:2:,recombination,16232.374388207389,4:4:4:4:4:2:1:4:4,2:2:4:4:0:4:4:4:0,MUTATE
2:1:4:4:0:4:4:4:0:,clone,16620.791468292133,2:1:4:4:0:4:4:4:0
2:1:4:4:0:4:4:4:0:,recombination,16590.745921157944,4:3:4:4:4:4:4:4:4,2:1:4:4:4:4:4:4:1,MUTATE
3:2:4:4:3:4:4:4:2:,recombination,16035.74327491826,3:2:4:4:3:4:4:4:2,4:3:4:4:4:3:4:4:4,MUTATE
3:2:4:4:3:4:4:4:2:,recombination,15731.52362192433,3:2:4:4:3:4:4:4:2,2:1:4:4:3:4:4:4:0
2:2:4:4:1:4:4:4:0:,recombination,14764.231674380311,4:2:4:4:4:1:1:2:4,3:2:4:4:2:4:4:4:1,MUTATE
1:1:4:4:0:4:4:4:0:,clone,15729.056286012861,1:1:4:4:0:4:4:4:0
3:2:4:4:3:4:4:4:2:,clone,15690.788107324157,3:2:4:4:3:4:4:4:2
2:1:4:4:0:4:4:4:0:,clone,16335.36387269232,2:2:4:4:0:4:4:4:0
3:2:4:4:3:4:4:4:2:,recombination,15677.201390656357,3:2:4:4:3:4:4:4:2,4:2:4:4:4:3:4:4:4
3:2:4:4:3:4:4:4:2:,clone,15665.907797232694,3:2:4:4:3:4:4:4:2
0:1:4:4:0:4:4:4:0:,clone,18856.269490727234,3:2:4:4:1:4:4:4:0
1:1:4:4:4:4:4:4:1:,clone,16832.76430241372,1:1:4:4:4:4:4:4:0
1:2:4:4:4:4:4:4:1:,clone,17211.565565847453,1:2:4:4:4:4:4:4:1
2:2:4:4:0:4:4:4:1:,recombination,16108.163248103694,4:4:4:4:4:0:0:4:4,4:2:4:4:4:3:4:4:4,MUTATE
3:2:4:4:4:4:4:4:2:,recombination,14377.513991392554,2:2:4:4:1:4:4:4:0,4:2:4:4:4:3:4:4:4
1:2:4:4:4:4:4:4:1:,clone,16833.93303247784,1:2:4:4:4:4:4:4:1
3:2:4:4:4:4:4:4:1:,clone,14580.887323334397,3:2:4:4:4:4:4:4:1
4:4:4:4:4:1:1:2:4:,clone,12883.670321759497,4:4:4:4:4:1:1:2:4
2:2:4:4:4:4:4:4:1:,clone,14551.791711237749,2:2:4:4:4:4:4:4:1
3:2:4:4:4:4:4:4:1:,clone,14458.26880025297,3:2:4:4:4:4:4:4:1
3:2:4:4:3:4:4:4:1:,clone,15196.017629527154,3:2:4:4:3:4:4:4:1
2:2:4:4:1:4:4:4:0:,clone,14455.218056257725,2:2:4:4:1:4:4:4:0
1:2:4:4:4:4:4:4:1:,clone,16552.336092232596,1:2:4:4:4:4:4:4:1
2:2:4:4:2:4:4:4:1:,recombination,15034.652966308136,3:2:4:4:4:4:4:4:1,2:2:4:4:4:2:2:4:2,MUTATE
1:2:4:4:4:4:4:4:1:,recombination,16419.947290653625,4:2:4:4:4:4:4:4:4,2:2:4:4:4:1:2:3:2
1:2:4:4:1:4:4:4:0:,clone,16837.89363831177,1:2:4:4:1:4:4:4:0
1:1:4:4:3:4:4:4:0:,recombination,16377.476341396086,4:2:4:4:4:3:3:4:3,3:2:4:4:4:2:2:4:2
4:3:4:4:4:4:4:4:3:,recombination,15849.973898554515,4:2:4:4:4:1:2:2:4,4:4:4:4:4:3:4:4:4,MUTATE
2:2:4:4:3:4:4:4:0:,recombination,14180.7272802309,4:4:4:4:4:2:2:4:4,4:4:4:4:4:0:0:0:4
2:2:4:4:3:4:4:4:0:,clone,14066.324487093854,2:2:4:4:3:4:4:4:0
3:2:4:4:4:4:4:4:2:,clone,14372.350467838365,3:2:4:4:4:4:4:4:2
3:2:4:4:3:4:4:4:1:,recombination,15017.46276806579,2:2:4:4:4:4:4:4:0,3:2:4:4:4:3:3:4:3,MUTATE
2:2:4:4:4:2:3:4:1:,recombination,15633.482741967366,4:4:4:4:4:0:1:4:4,4:2:4:4:4:3:4:4:3,MUTATE
2:2:4:4:4:3:3:4:2:,recombination,15075.19175820062,2:2:4:4:3:4:4:4:0,1:2:4:4:0:4:4:4:0,MUTATE
2:2:4:4:3:4:4:4:1:,recombination,14864.212049729127,2:2:4:4:4:4:4:4:1,4:2:4:4:4:0:1:3:4
2:2:4:4:2:4:4:4:0:,clone,14737.300362704213,2:2:4:4:2:4:4:4:0
4:4:4:4:4:0:0:0:4:,clone,11021.141421989629,4:2:4:4:4:4:4:4:3
4:3:4:4:4:1:2:2:4:,recombination,13583.518954610157,4:3:4:4:4:4:3:4:4,3:2:4:4:4:4:4:4:2,MUTATE
4:3:4:4:4:4:4:4:4:,clone,14662.436769944523,4:3:4:4:4:3:4:4:4
4:3:4:4:4:4:4:4:4:,recombination,14540.276309775876,2:2:4:4:1:4:4:4:0,2:2:4:4:3:4:4:4:1,MUTATE
2:2:4:4:4:3:3:4:2:,clone,13708.437440420264,2:2:4:4:4:3:3:4:2
2:2:4:4:4:2:3:4:2:,clone,13691.85749219166,2:2:4:4:4:2:3:4:2
2:2:4:4:4:2:3:4:2:,recombination,13336.115375139487,4:3:4:4:4:4:4:4:4,3:2:4:4:4:4:4:4:1,MUTATE
2:2:4:4:4:3:4:4:1:,recombination,14452.558040013484,1:2:4:4:0:4:4:4:0,3:2:4:4:4:4:4:4:1
3:2:4:4:4:3:3:4:3:,clone,13047.00062678098,3:2:4:4:4:2:3:4:3
2:1:4:4:4:3:4:4:1:,recombination,15933.444225012865,1:1:4:4:4:4:4:4:0,4:3:4:4:4:4:4:4:3
1:2:4:4:4:4:4:4:0:,clone,15354.665948085762,1:2:4:4:4:4:4:4:0
3:2:4:4:4:3:4:4:2:,recombination,14491.454298484075,2:2:4:4:1:4:4:4:0,2:2:4:4:2:4:4:4:0
3:2:4:4:4:3:4:4:2:,clone,14470.39224182282,3:2:4:4:4:3:4:4:2
3:2:4:4:4:3:4:4:3:,recombination,15308.345552691437,2:2:4:4:4:2:2:4:2,4:4:4:4:4:0:0:4:4
2:2:4:4:4:3:4:4:1:,clone,14045.897604128597,2:2:4:4:4:3:4:4:1
1:1:4:4:1:4:4:4:0:,recombination,18004.185203393234,4:3:4:4:4:2:3:4:4,2:2:4:4:4:2:3:4:1,MUTATE
2:2:4:4:4:4:4:4:1:,clone,14111.217964147667,2:2:4:4:4:4:4:4:1
1:2:4:4:3:4:4:4:0:,recombination,16885.65841994066,2:2:4:4:4:0:1:1:3,4:4:4:4:4:2:2:4:4
1:2:4:4:3:4:4:4:0:,recombination,16825.814616940745,4:3:4:4:4:4:4:4:3,3:2:4:4:4:0:1:1:3,MUTATE
3:2:4:4:4:3:4:4:2:,recombination,14312.979049625403,4:2:4:4:4:0:1:1:4,2:2:4:4:4:3:4:4:1
1:2:4:4:0:4:4:4:0:,clone,15172.05769565799,1:2:4:4:0:4:4:4:0
1:2:4:4:0:4:4:4:0:,clone,15164.155682089797,1:2:4:4:0:4:4:4:0
2:2:4:4:4:4:4:4:0:,recombination,14429.485507587864,2:2:4:4:2:4:4:4:1,3:2:4:4:4:1:1:4:3
2:2:4:4:4:4:4:4:0:,clone,14308.297128089433,2:2:4:4:4:4:4:4:0
2:2:4:4:2:4:4:4:1:,clone,15028.565566713467,3:2:4:4:2:4:4:4:1
2:1:4:4:0:4:4:4:0:,clone,15774.983769980541,2:1:4:4:0:4:4:4:0
2:1:4:4:0:4:4:4:0:,clone,15717.54396746036,2:1:4:4:0:4:4:4:0
3:2:4:4:3:4:4:4:0:,recombination,16300.552336316105,4:4:4:4:4:2:2:4:4,0:1:4:4:0:4:4:4:0
4:4:4:4:4:3:2:4:4:,recombination,14693.615744458708,4:2:4:4:4:0:1:1:4,4:3:4:4:4:0:0:1:4,MUTATE
3:2:4:4:0:4:4:4:0:,recombination,16044.747606777726,4:2:4:4:4:3:4:4:3,4:2:4:4:4:4:4:4:3
1:1:4:4:0:4:4:4:0:,recombination,15350.228376424482,1:2:4:4:0:4:4:4:0,4:2:4:4:4:4:4:4:4,MUTATE
1:1:4:4:0:4:4:4:0:,clone,15275.401881924514,1:1:4:4:0:4:4:4:0
2:1:4:4:3:4:4:4:0:,clone,16932.294063687656,2:1:4:4:3:4:4:4:0
1:2:4:4:0:4:4:4:0:,recombination,15155.426431045977,3:2:4:4:2:4:4:4:1,4:4:4:4:4:0:1:3:4,MUTATE
3:2:4:4:4:4:4:4:1:,recombination,14263.643558901756,4:4:4:4:4:2:2:4:4,4:2:4:4:4:1:1:4:4,MUTATE
3:2:4:4:3:4:4:4:0:,recombination,15228.556406447364,2:2:4:4:4:2:2:3:2,2:2:4:4:0:4:4:4:0
1:2:4:4:2:4:4:4:0:,recombination,17194.48009654836,4:3:4:4:4:3:2:4:4,1:1:4:4:0:4:4:4:0
1:2:4:4:2:4:4:4:0:,clone,17079.219748655356,1:2:4:4:2:4:4:4:0
1:2:4:4:0:4:4:4:0:,recombination,15095.621551128701,2:2:4:4:4:2:3:4:2,3:2:4:4:1:4:4:4:1
4:2:4:4:3:4:4:4:1:,clone,16342.602993979486,4:2:4:4:3:4:4:4:1
4:2:4:4:3:4:4:4:1:,recombination,16312.692673551193,4:4:4:4:4:3:2:4:4,4:2:4:4:4:1:2:4:4,MUTATE
4:2:4:4:4:4:4:4:1:,clone,15789.936795773296,4:2:4:4:2:4:4:4:1
4:2:4:4:4:4:4:4:1:,recombination,15651.997967345807,2:2:4:4:3:4:4:4:0,3:2:4:4:4:1:2:3:3,MUTATE
4:2:4:4:2:4:4:4:1:,clone,16101.605793878063,4:2:4:4:2:4:4:4:1
4:3:4:4:4:4:4:4:3:,recombination,15818.347883217084,4:2:4:4:4:3:4:4:3,4:3:4:4:4:2:2:4:4,MUTATE
4:3:4:4:4:4:4:4:3:,clone,15664.48530014792,4:3:4:4:4:4:4:4:3
4:3:4:4:4:4:4:4:3:,clone,15644.692642671303,4:3:4:4:4:4:4:4:3
4:4:4:4:4:4:3:4:4:,clone,16931.72092833004,4:4:4:4:4:4:3:4:4
4:4:4:4:4:4:3:4:4:,clone,16203.5258711883,4:4:4:4:4:4:3:4:4
1:2:4:4:2:4:4:4:0:,clone,16921.379593351026,1:2:4:4:2:4:4:4:0
1:2:4:4:2:4:4:4:0:,recombination,16675.612310465327,1:2:4:4:2:4:4:4:0,2:2:4:4:0:4:4:4:0
4:2:4:4:4:4:4:4:4:,clone,14533.099772380676,4:2:4:4:4:4:4:4:3
4:3:4:4:4:4:4:4:3:,clone,15368.516062127674,4:3:4:4:4:4:4:4:3
3:2:4:4:1:4:4:4:0:,recombination,15356.300016307858,2:2:4:4:0:4:4:4:0,3:2:4:4:1:4:4:4:1
4:3:4:4:4:4:4:4:3:,clone,15280.876073400914,4:3:4:4:4:4:4:4:3
4:2:4:4:4:4:4:4:1:,clone,15506.702625251372,4:2:4:4:4:4:4:4:1
4:2:4:4:2:4:4:4:2:,recombination,18047.69143059421,4:4:4:4:4:2:1:4:4,4:2:4:4:4:0:1:1:4
3:2:4:4:1:4:4:4:0:,clone,14930.481453169632,3:2:4:4:1:4:4:4:0
4:2:4:4:4:4:4:4:4:,clone,14434.112512958536,4:2:4:4:4:4:4:4:4
3:2:4:4:1:4:4:4:0:,clone,14930.024510550336,3:2:4:4:1:4:4:4:0
2:2:4:4:2:4:4:4:0:,clone,14638.24274687657,2:2:4:4:2:4:4:4:0
4:3:4:4:4:0:0:4:4:,recombination,11999.024064609603,2:2:4:4:4:3:3:4:1,4:4:4:4:4:1:1:4:4,MUTATE
4:4:4:4:4:1:1:2:4:,clone,12826.702351141503,4:4:4:4:4:1:1:2:4
4:4:4:4:4:1:1:2:4:,clone,12298.364455771785,4:4:4:4:4:1:1:2:4
4:4:4:4:4:1:1:2:4:,clone,12221.59653501059,4:4:4:4:4:1:1:2:4
2:2:4:4:1:4:4:4:1:,recombination,15512.291910065693,4:3:4:4:4:2:2:4:4,2:2:4:4:4:2:2:3:2
2:2:4:4:1:4:4:4:1:,clone,15474.657977916988,2:2:4:4:1:4:4:4:1
1:1:4:4:4:3:3:4:1:,clone,16509.65075569727,3:2:4:4:4:4:4:4:1
2:2:4:4:4:4:4:4:0:,clone,14280.786594856856,2:2:4:4:4:4:4:4:0
4:2:4:4:0:4:4:4:0:,recombination,16730.71286994876,2:2:4:4:0:4:4:4:1,3:2:4:4:4:4:4:4:1,MUTATE
3:2:4:4:0:4:4:4:0:,clone,15967.713099005417,3:2:4:4:0:4:4:4:0
4:2:4:4:1:4:4:4:1:,recombination,16428.42738682892,4:2:4:4:4:3:3:4:3,4:4:4:4:4:1:1:4:4
3:2:4:4:0:4:4:4:0:,clone,15725.776107959011,3:2:4:4:0:4:4:4:0
4:2:4:4:3:4:4:4:1:,recombination,15546.561226064845,4:3:4:4:4:2:2:4:4,4:2:4:4:4:4:4:4:4,MUTATE
3:2:4:4:2:4:4:4:1:,recombination,14551.052783312858,4:2:4:4:3:4:4:4:1,4:4:4:4:4:2:2:4:4
3:2:4:4:3:4:4:4:1:,recombination,14885.580782576542,2:2:4:4:0:4:4:4:0,4:3:4:4:4:2:2:4:4,MUTATE
2:1:4:4:0:4:4:4:0:,recombination,15517.187356146344,2:2:4:4:4:4:4:4:1,2:2:4:4:2:4:4:4:0,MUTATE
2:1:4:4:0:4:4:4:0:,recombination,14959.539940908946,2:2:4:4:4:3:4:4:1,4:2:4:4:1:4:4:4:1,MUTATE
3:2:4:4:0:4:4:4:0:,clone,15662.67613181423,3:2:4:4:0:4:4:4:0
3:2:4:4:0:4:4:4:0:,clone,15637.208822915007,3:2:4:4:0:4:4:4:0
3:2:4:4:0:4:4:4:0:,recombination,15589.78390478887,2:2:4:4:1:4:4:4:0,1:2:4:4:2:4:4:4:0,MUTATE
1:2:4:4:0:4:4:4:0:,recombination,14658.732284611115,1:2:4:4:4:4:4:4:0,2:2:4:4:4:2:2:4:2
2:2:4:4:0:4:4:4:0:,clone,14548.589684618217,2:2:4:4:0:4:4:4:0
2:2:4:4:0:4:4:4:0:,recombination,14522.843539832635,3:2:4:4:0:4:4:4:0,2:2:4:4:1:4:4:4:0,MUTATE
2:2:4:4:0:4:4:4:0:,clone,14494.177271104538,2:2:4:4:0:4:4:4:0
2:2:4:4:0:4:4:4:0:,recombination,14392.81199409319,2:2:4:4:4:4:4:4:1,3:2:4:4:4:3:4:4:1
1:2:4:4:3:4:4:4:0:,recombination,16518.059360695195,3:2:4:4:4:0:1:1:3,1:1:4:4:4:4:4:4:1,MUTATE
1:1:4:4:0:4:4:4:0:,recombination,14908.08303819381,2:2:4:4:0:4:4:4:0,4:3:4:4:4:4:4:4:4
4:4:4:4:4:1:0:3:4:,recombination,13639.075322536848,2:2:4:4:0:4:4:4:0,4:2:4:4:4:4:4:4:3,MUTATE
4:2:4:4:4:3:4:4:4:,clone,13865.58834336825,4:2:4:4:4:3:4:4:4
3:2:4:4:4:4:4:4:2:,recombination,13528.877521079425,1:2:4:4:4:4:4:4:0,2:2:4:4:1:4:4:4:0,MUTATE
3:2:4:4:0:4:4:4:0:,clone,15483.040017505446,3:2:4:4:0:4:4:4:0
3:2:4:4:0:4:4:4:0:,clone,15095.42581456149,3:2:4:4:0:4:4:4:0
3:2:4:4:0:4:4:4:0:,recombination,15095.425814561486,3:2:4:4:0:4:4:4:0,3:2:4:4:0:4:4:4:0,MUTATE
4:4:4:4:4:2:1:4:4:,recombination,14063.864131298411,2:2:4:4:4:4:4:4:1,3:2:4:4:3:4:4:4:1,MUTATE
3:2:4:4:0:4:4:4:1:,recombination,16094.42477968362,3:2:4:4:4:4:4:4:1,4:3:4:4:4:4:3:4:4
2:2:4:4:2:4:4:4:1:,clone,14820.085682175913,3:2:4:4:2:4:4:4:1
1:2:4:4:1:4:4:4:0:,clone,16261.475198732585,1:2:4:4:1:4:4:4:0
1:2:4:4:2:4:4:4:0:,recombination,16406.243227053557,1:2:4:4:0:4:4:4:0,2:2:4:4:2:4:4:4:1
4:2:4:4:4:3:3:4:2:,clone,13642.919248375516,4:2:4:4:4:3:3:4:2
3:2:4:4:0:4:4:4:0:,recombination,14815.006866996519,4:4:4:4:4:2:3:4:4,4:4:4:4:4:3:4:4:4
4:3:4:4:4:2:3:4:4:,recombination,12600.26587537128,4:4:4:4:4:0:0:2:4,3:2:4:4:4:0:0:1:4,MUTATE
4:2:4:4:4:3:4:4:4:,clone,13679.105946231655,4:2:4:4:4:3:4:4:4
4:2:4:4:4:3:4:4:3:,recombination,13367.16207292614,3:2:4:4:4:4:4:4:0,3:2:4:4:0:4:4:4:0,MUTATE
4:2:4:4:4:3:4:4:2:,clone,13966.255173017462,4:2:4:4:4:3:4:4:2
4:2:4:4:2:4:4:4:2:,recombination,17072.3630300207,4:2:4:4:4:3:3:4:4,4:2:4:4:4:4:4:4:4,MUTATE
3:2:4:4:1:4:4:4:1:,clone,15026.461652097865,3:2:4:4:1:4:4:4:1
3:2:4:4:3:4:4:4:1:,clone,14449.904561722878,3:2:4:4:3:4:4:4:1
2:2:4:4:0:4:4:4:0:,recombination,14232.658377433223,2:2:4:4:2:4:4:4:0,2:2:4:4:3:4:4:4:0
4:3:4:4:4:2:3:4:4:,recombination,12508.081033580444,2:2:4:4:4:3:4:4:1,1:2:4:4:4:3:4:4:1
3:2:4:4:2:4:4:4:2:,recombination,16228.252848038992,2:2:4:4:4:3:4:4:1,4:2:4:4:4:2:3:4:3
4:2:4:4:2:4:4:4:2:,clone,16141.554466534084,4:2:4:4:4:4:4:4:2
4:2:4:4:2:4:4:4:2:,clone,15451.985106956372,4:2:4:4:2:4:4:4:2
3:2:4:4:2:4:4:4:2:,clone,15469.899391526249,3:2:4:4:2:4:4:4:2
3:2:4:4:3:4:4:4:2:,recombination,15225.928249123415,4:3:4:4:4:4:3:4:4,4:4:4:4:4:2:1:4:4
2:2:4:4:4:3:4:4:1:,clone,13707.909896796025,2:2:4:4:4:4:4:4:1
1:2:4:4:3:4:4:4:0:,clone,16251.502723832387,1:2:4:4:3:4:4:4:0
3:2:4:4:4:4:4:4:3:,recombination,15547.600665341046,4:4:4:4:4:1:2:4:4,3:2:4:4:4:4:4:4:2,MUTATE
1:1:4:4:2:4:4:4:0:,recombination,16511.310880353536,2:2:4:4:2:4:4:4:0,3:2:4:4:4:0:1:0:4
2:2:4:4:0:4:4:4:1:,recombination,15355.268300701095,2:2:4:4:0:4:4:4:0,4:4:4:4:4:0:0:2:4
2:2:4:4:1:4:4:4:1:,clone,15325.890755709586,2:2:4:4:1:4:4:4:1
4:2:4:4:3:4:4:4:2:,clone,15369.968986441965,4:2:4:4:3:4:4:4:2
4:2:4:4:3:4:4:4:3:,clone,16180.86643950411,4:2:4:4:3:4:4:4:2
3:2:4:4:1:4:4:4:2:,clone,16410.505858189776,3:2:4:4:1:4:4:4:2
3:2:4:4:1:4:4:4:2:,clone,16308.17120170978,3:2:4:4:1:4:4:4:2
4:2:4:4:4:4:4:4:4:,clone,14050.117586744376,4:2:4:4:4:4:4:4:4
3:2:4:4:0:4:4:4:1:,recombination,15749.925931262589,1:2:4:4:1:4:4:4:0,2:2:4:4:1:4:4:4:1
4:2:4:4:4:4:4:4:4:,clone,13947.993360515855,4:2:4:4:4:4:4:4:4
3:2:4:4:0:4:4:4:1:,clone,15697.542693485158,3:2:4:4:0:4:4:4:1
3:2:4:4:0:4:4:4:1:,recombination,15603.332022688754,2:2:4:4:1:4:4:4:0,2:2:4:4:1:4:4:4:1,MUTATE
1:2:4:4:0:4:4:4:0:,recombination,14646.027559357794,4:2:4:4:4:4:4:4:4,4:3:4:4:4:2:2:4:4,MUTATE
3:2:4:4:2:4:4:4:1:,recombination,14231.495852215785,2:2:4:4:4:3:4:4:1,2:2:4:4:0:4:4:4:0
2:2:4:4:2:4:4:4:1:,clone,14816.365990739157,2:2:4:4:2:4:4:4:1
4:2:4:4:3:4:4:4:1:,recombination,15421.28472124145,4:2:4:4:4:3:4:4:3,4:3:4:4:4:2:3:4:4,MUTATE
4:3:4:4:4:4:4:4:2:,clone,16355.57500041323,4:3:4:4:4:4:4:4:2
2:2:4:4:2:4:4:4:0:,clone,14496.408028374011,2:2:4:4:2:4:4:4:0
3:2:4:4:4:4:4:4:1:,clone,14041.375277549183,3:2:4:4:4:4:4:4:1
2:2:4:4:1:4:4:4:0:,recombination,14130.349178916138,2:2:4:4:0:4:4:4:0,4:2:4:4:4:3:4:4:3,MUTATE
2:2:4:4:0:4:4:4:0:,recombination,14135.689833765513,2:2:4:4:1:4:4:4:0,4:2:4:4:2:4:4:4:2,MUTATE
3:2:4:4:3:4:4:4:1:,clone,14440.745705671123,3:2:4:4:3:4:4:4:1
2:2:4:4:2:4:4:4:1:,clone,14492.388512155243,2:2:4:4:2:4:4:4:1
2:2:4:4:0:4:4:4:1:,clone,15335.019544913379,2:2:4:4:0:4:4:4:1
3:2:4:4:2:4:4:4:0:,recombination,15311.739157422502,4:3:4:4:4:4:4:4:4,2:2:4:4:2:4:4:4:1,MUTATE
1:2:4:4:4:4:4:4:0:,clone,14621.477812015704,1:2:4:4:4:4:4:4:0
1:2:4:4:1:4:4:4:0:,clone,16091.71862464487,1:2:4:4:1:4:4:4:0
1:2:4:4:2:4:4:4:0:,clone,14829.392064378046,1:2:4:4:2:4:4:4:0
1:2:4:4:1:4:4:4:0:,clone,16083.298531567965,2:2:4:4:1:4:4:4:0
1:2:4:4:1:4:4:4:0:,clone,15926.640172237045,1:2:4:4:1:4:4:4:0
1:2:4:4:1:4:4:4:0:,clone,15702.380290556051,1:2:4:4:1:4:4:4:0
1:2:4:4:3:4:4:4:0:,recombination,15898.102864453573,3:2:4:4:0:4:4:4:0,4:2:4:4:4:4:4:4:4,MUTATE
1:2:4:4:2:4:4:4:0:,clone,14751.441712181631,1:2:4:4:2:4:4:4:0
2:2:4:4:3:4:4:4:1:,recombination,14821.42992988215,3:2:4:4:4:3:4:4:1,3:2:4:4:2:4:4:4:0,MUTATE
2:2:4:4:1:4:4:4:1:,recombination,14992.747521419433,4:4:4:4:4:2:2:4:4,3:2:4:4:3:4:4:4:1,MUTATE
1:2:4:4:1:4:4:4:0:,recombination,14943.736457503725,3:2:4:4:3:4:4:4:1,2:2:4:4:2:4:4:4:0
2:2:4:4:3:4:4:4:1:,clone,14717.189044286411,2:2:4:4:3:4:4:4:1
2:2:4:4:1:4:4:4:1:,recombination,14971.341793016707,2:1:4:4:0:4:4:4:0,3:2:4:4:4:3:3:4:3,MUTATE
2:1:4:4:0:4:4:4:0:,clone,14593.220397136918,2:1:4:4:0:4:4:4:0
2:1:4:4:0:4:4:4:0:,recombination,14092.01291320716,1:2:4:4:2:4:4:4:0,4:4:4:4:4:3:2:4:4
1:2:4:4:3:4:4:4:0:,recombination,15739.2875648694,2:2:4:4:4:4:4:4:0,3:2:4:4:1:4:4:4:0,MUTATE
2:2:4:4:4:3:4:4:2:,clone,14235.310047487841,2:2:4:4:4:3:4:4:2
3:2:4:4:4:3:4:4:3:,clone,15110.444725374029,3:2:4:4:4:3:4:4:2
3:2:4:4:4:3:4:4:2:,clone,13901.239631413355,3:2:4:4:4:3:4:4:2
4:2:4:4:4:2:3:4:3:,recombination,12533.44626646333,1:2:4:4:4:4:4:4:0,3:2:4:4:4:0:0:0:3,MUTATE
4:2:4:4:4:2:3:4:3:,clone,12525.11119118103,4:2:4:4:4:2:3:4:3
3:2:4:4:4:3:4:4:2:,recombination,13630.744921632475,4:4:4:4:4:2:3:4:4,2:2:4:4:4:3:4:4:1
3:2:4:4:4:3:4:4:2:,clone,13511.701120758778,3:2:4:4:4:3:4:4:2
4:2:4:4:4:3:4:4:4:,recombination,13575.057632835731,4:3:4:4:4:4:4:4:3,3:2:4:4:2:4:4:4:1,MUTATE
2:2:4:4:4:4:4:4:1:,recombination,14020.009413446556,4:4:4:4:4:2:1:4:4,4:3:4:4:4:1:2:4:4,MUTATE
3:2:4:4:1:4:4:4:1:,clone,14872.769009159752,3:2:4:4:1:4:4:4:1
3:2:4:4:1:4:4:4:1:,clone,14699.355541166164,3:2:4:4:1:4:4:4:1
2:2:4:4:1:4:4:4:1:,clone,14838.24167388016,2:2:4:4:1:4:4:4:1
3:2:4:4:1:4:4:4:1:,clone,14194.472865201997,3:2:4:4:1:4:4:4:1
1:1:4:4:4:4:4:4:0:,recombination,16799.527086822996,4:4:4:4:4:2:2:4:4,2:2:4:4:0:4:4:4:0,MUTATE
1:2:4:4:4:4:4:4:1:,clone,15831.052735250589,1:2:4:4:4:4:4:4:1
4:2:4:4:4:4:4:4:2:,clone,13966.77944482886,4:2:4:4:4:4:4:4:3
3:2:4:4:0:4:4:4:1:,clone,15073.78100538808,3:2:4:4:0:4:4:4:1
3:2:4:4:3:4:4:4:2:,recombination,15195.990382025779,2:2:4:4:3:4:4:4:0,3:2:4:4:4:4:4:4:1,MUTATE
4:4:4:4:4:1:0:3:4:,recombination,12784.18799308004,1:2:4:4:1:4:4:4:0,3:2:4:4:4:3:3:4:2,MUTATE
3:2:4:4:3:4:4:4:1:,recombination,14277.679962156959,3:2:4:4:3:4:4:4:1,3:2:4:4:4:0:1:1:4,MUTATE
2:2:4:4:2:4:4:4:0:,clone,14172.989326453217,2:2:4:4:2:4:4:4:0
4:2:4:4:4:4:4:4:1:,recombination,15423.519365611659,2:2:4:4:4:2:3:4:2,3:2:4:4:4:2:2:4:3
4:2:4:4:4:4:4:4:1:,clone,15252.727295967403,4:2:4:4:4:4:4:4:1
4:4:4:4:4:0:0:0:4:,recombination,10477.379970247423,3:2:4:4:4:4:4:4:1,3:2:4:4:1:4:4:4:2,MUTATE
4:3:4:4:4:1:2:3:4:,recombination,13055.987865550538,3:2:4:4:4:4:4:4:1,4:4:4:4:4:0:0:0:4,MUTATE
4:4:4:4:4:0:0:0:4:,clone,10433.904631454707,4:4:4:4:4:0:0:0:4
3:2:4:4:4:3:4:4:1:,recombination,14170.171678703686,2:2:4:4:4:4:4:4:1,1:1:4:4:2:4:4:4:0
3:2:4:4:4:3:4:4:1:,recombination,14045.17180824519,4:2:4:4:4:1:1:1:4,4:3:4:4:4:4:4:4:2,MUTATE
4:3:4:4:4:3:4:4:3:,clone,15827.294134007936,4:3:4:4:4:3:4:4:3
2:1:4:4:4:4:4:4:0:,recombination,16185.062033582326,4:2:4:4:2:4:4:4:1,3:2:4:4:4:2:2:4:2,MUTATE
2:2:4:4:1:4:4:4:1:,recombination,14664.508253233233,3:2:4:4:2:4:4:4:2,3:2:4:4:4:2:3:4:3,MUTATE
2:2:4:4:0:4:4:4:0:,clone,13992.964559222395,2:2:4:4:0:4:4:4:0
4:2:4:4:0:4:4:4:1:,recombination,17202.97420026473,3:2:4:4:4:0:1:1:4,2:2:4:4:1:4:4:4:0
4:4:4:4:4:3:3:4:4:,recombination,14121.388983442816,4:2:4:4:3:4:4:4:2,3:2:4:4:4:1:1:1:3,MUTATE
4:2:4:4:3:4:4:4:2:,clone,15155.621292827691,4:2:4:4:4:4:4:4:2
4:2:4:4:2:4:4:4:1:,recombination,15951.493568384223,3:2:4:4:3:4:4:4:2,2:2:4:4:4:0:0:0:3
3:2:4:4:4:2:2:4:3:,clone,12754.769028821174,3:2:4:4:4:2:3:4:3
4:2:4:4:4:3:4:4:2:,clone,13869.363591852933,4:2:4:4:4:3:4:4:2
4:2:4:4:4:3:4:4:2:,recombination,13726.09910013172,3:2:4:4:4:3:4:4:3,4:2:4:4:4:3:4:4:3
4:2:4:4:4:3:4:4:2:,recombination,13600.888963794956,2:2:4:4:0:4:4:4:1,4:2:4:4:4:3:4:4:3,MUTATE
4:3:4:4:4:4:3:4:4:,clone,14389.198340683208,4:3:4:4:4:3:3:4:4
4:3:4:4:4:4:3:4:4:,recombination,14178.960842386266,2:2:4:4:0:4:4:4:0,4:3:4:4:4:4:3:4:4,MUTATE
4:3:4:4:4:4:3:4:4:,recombination,14152.586171681989,2:2:4:4:0:4:4:4:0,4:3:4:4:4:4:3:4:4
4:3:4:4:4:4:3:4:4:,recombination,14078.968871799767,3:2:4:4:2:4:4:4:1,4:3:4:4:4:0:0:2:4
4:2:4:4:3:4:4:4:2:,clone,14849.748524727498,4:2:4:4:4:4:4:4:2
4:2:4:4:4:2:3:4:4:,recombination,12635.966118005921,3:2:4:4:4:0:1:1:3,3:2:4:4:4:0:1:1:3
4:3:4:4:4:4:4:4:4:,clone,14386.145978216584,4:3:4:4:4:4:4:4:4
4:4:4:4:4:2:2:4:4:,recombination,12653.674962534044,4:3:4:4:4:0:1:3:4,2:2:4:4:3:4:4:4:0
4:2:4:4:4:4:3:4:3:,recombination,15283.73496305501,2:2:4:4:4:0:0:0:3,4:2:4:4:4:1:1:2:4
4:4:4:4:4:3:2:4:4:,clone,14277.498507188,4:4:4:4:4:3:2:4:4
4:3:4:4:4:4:4:4:3:,clone,15228.097385436926,4:2:4:4:4:4:4:4:3
3:2:4:4:4:4:4:4:1:,clone,13998.225594268686,2:2:4:4:4:4:4:4:1
4:3:4:4:4:3:4:4:3:,recombination,15413.958563220393,2:2:4:4:0:4:4:4:0,3:2:4:4:4:3:4:4:3,MUTATE
1:2:4:4:4:3:3:4:1:,recombination,16341.873314948481,1:2:4:4:3:4:4:4:0,3:2:4:4:3:4:4:4:1,MUTATE
1:2:4:4:4:3:4:4:1:,recombination,15863.23028181255,4:3:4:4:4:2:3:4:4,4:2:4:4:4:0:1:1:4,MUTATE
3:2:4:4:4:3:4:4:3:,clone,14901.085052110606,3:2:4:4:4:3:4:4:3
2:1:4:4:2:4:4:4:0:,recombination,15861.17158272246,3:2:4:4:3:4:4:4:2,4:4:4:4:4:1:1:2:4
2:2:4:4:4:4:4:4:1:,clone,13437.761829538751,3:2:4:4:4:4:4:4:1
3:2:4:4:4:4:4:4:1:,clone,13690.83533641832,3:2:4:4:4:4:4:4:1
3:2:4:4:4:4:4:4:1:,clone,13343.60833609463,3:2:4:4:4:4:4:4:1
3:2:4:4:4:3:4:4:2:,clone,13471.738772020064,3:2:4:4:4:3:4:4:2
1:2:4:4:0:4:4:4:0:,clone,14554.862996955797,1:2:4:4:0:4:4:4:0
2:1:4:4:1:4:4:4:0:,recombination,14889.19304241194,4:4:4:4:4:0:0:0:4,2:1:4:4:4:3:3:4:2
0:1:4:4:0:4:4:4:0:,recombination,17921.248800936744,1:1:4:4:0:4:4:4:0,2:2:4:4:1:4:4:4:1,MUTATE
1:1:4:4:4:4:4:4:0:,recombination,16078.770517586323,4:2:4:4:2:4:4:4:2,4:2:4:4:4:3:3:4:4
1:1:4:4:0:4:4:4:0:,clone,14395.595519127019,1:2:4:4:0:4:4:4:0
4:3:4:4:4:3:4:4:4:,clone,13877.457985655545,4:3:4:4:4:3:4:4:4
2:2:4:4:2:4:4:4:0:,recombination,13736.738198204906,3:2:4:4:4:4:4:4:1,1:2:4:4:4:3:3:4:1,MUTATE
4:4:4:4:4:1:3:4:4:,clone,15535.494377918003,4:4:4:4:4:1:2:4:4
4:4:4:4:4:0:1:2:4:,recombination,11367.668517834289,1:2:4:4:0:4:4:4:0,3:2:4:4:4:3:4:4:2
4:4:4:4:4:0:1:3:4:,recombination,11319.277346068122,4:2:4:4:4:4:4:4:1,3:2:4:4:3:4:4:4:1,MUTATE
4:4:4:4:4:3:3:4:4:,recombination,14093.054230722651,2:2:4:4:4:4:4:4:1,4:3:4:4:4:2:2:4:4,MUTATE
4:2:4:4:0:4:4:4:0:,clone,16730.712869948755,2:2:4:4:2:4:4:4:0
1:1:4:4:4:3:4:4:1:,recombination,16710.59518814469,3:2:4:4:0:4:4:4:0,4:2:4:4:4:0:0:1:4
1:1:4:4:4:4:4:4:0:,recombination,15805.174432493934,4:4:4:4:4:2:1:4:4,3:2:4:4:0:4:4:4:0,MUTATE
4:4:4:4:4:2:3:4:4:,clone,13434.533222483005,4:4:4:4:4:2:3:4:4
1:2:4:4:4:3:4:4:1:,clone,15732.400116107345,1:2:4:4:4:3:4:4:1
1:2:4:4:4:3:4:4:1:,recombination,15713.350703173666,1:2:4:4:4:3:4:4:1,3:2:4:4:3:4:4:4:1
4:2:4:4:4:2:3:4:4:,clone,12301.805177237064,4:2:4:4:4:2:3:4:4
1:2:4:4:0:4:4:4:0:,clone,14356.215423450489,2:2:4:4:0:4:4:4:0
4:4:4:4:4:3:4:4:4:,recombination,16059.8007104792,4:3:4:4:4:2:3:4:4,3:2:4:4:4:0:1:1:3,MUTATE
4:2:4:4:4:3:4:4:4:,clone,13423.115743891956,4:2:4:4:4:3:4:4:4
4:3:4:4:4:2:3:4:4:,clone,12369.292569861702,4:3:4:4:4:2:3:4:4
1:2:4:4:3:4:4:4:0:,clone,15300.112360518619,2:2:4:4:3:4:4:4:0
2:1:4:4:2:4:4:4:0:,recombination,15050.370515922901,2:2:4:4:0:4:4:4:1,4:2:4:4:4:3:4:4:4
3:2:4:4:4:3:4:4:1:,recombination,14042.441669642772,2:1:4:4:0:4:4:4:0,3:2:4:4:4:3:4:4:1
2:2:4:4:3:4:4:4:1:,clone,14635.594903615653,2:2:4:4:3:4:4:4:1
2:2:4:4:3:4:4:4:1:,recombination,14410.281658953647,2:2:4:4:3:4:4:4:1,2:2:4:4:1:4:4:4:1,MUTATE
3:2:4:4:2:4:4:4:0:,recombination,15052.784788800724,1:1:4:4:4:4:4:4:0,4:4:4:4:4:2:2:4:4
4:3:4:4:4:2:2:4:4:,recombination,12107.770842282931,4:4:4:4:4:0:1:3:4,2:2:4:4:0:4:4:4:0
4:4:4:4:4:2:2:4:4:,clone,12642.561231461288,4:4:4:4:4:2:2:4:4
4:4:4:4:4:2:3:4:4:,recombination,13368.754606798684,3:2:4:4:4:3:3:4:3,3:2:4:4:4:3:4:4:2,MUTATE
4:4:4:4:4:2:2:4:4:,recombination,12619.317257494562,4:3:4:4:4:2:2:4:4,3:2:4:4:4:4:4:4:2,MUTATE
4:3:4:4:4:3:3:4:4:,recombination,13030.590473150973,3:2:4:4:4:4:4:4:1,2:2:4:4:0:4:4:4:0,MUTATE
4:4:4:4:4:0:0:0:4:,clone,10364.536949751657,4:2:4:4:4:3:4:4:3
4:4:4:4:4:0:0:1:4:,recombination,10456.418231065993,3:2:4:4:4:4:4:4:1,1:2:4:4:4:4:4:4:0,MUTATE
4:3:4:4:4:0:1:1:4:,clone,10676.995220753022,4:3:4:4:4:0:1:1:4
4:2:4:4:4:2:2:4:4:,recombination,11835.736526301074,4:3:4:4:4:2:3:4:4,2:2:4:4:4:4:4:4:0
4:3:4:4:4:0:1:2:4:,clone,11348.253357089734,4:3:4:4:4:0:1:2:4
4:3:4:4:4:0:1:2:4:,clone,11043.624624662702,4:3:4:4:4:0:1:2:4
4:3:4:4:4:0:0:1:4:,recombination,10722.522535596207,4:4:4:4:4:3:3:4:4,4:4:4:4:4:0:0:0:4
4:2:4:4:4:2:3:4:4:,clone,12170.329839700365,4:2:4:4:4:2:3:4:4
4:2:4:4:4:2:3:4:4:,recombination,12045.710352462947,4:2:4:4:4:3:3:4:2,4:2:4:4:4:2:3:4:4
4:3:4:4:4:1:1:4:4:,clone,11135.485016762072,4:3:4:4:4:1:1:4:4
4:4:4:4:4:1:1:3:4:,recombination,11597.451041365917,2:2:4:4:1:4:4:4:1,2:2:4:4:1:4:4:4:1
4:3:4:4:4:2:2:4:4:,recombination,11957.630341798696,1:2:4:4:0:4:4:4:0,3:2:4:4:4:4:4:4:2
4:3:4:4:4:1:1:4:4:,clone,11016.529869718981,4:3:4:4:4:1:1:4:4
4:2:4:4:4:1:2:4:4:,clone,10775.23098155024,4:2:4:4:4:1:1:4:4
4:3:4:4:4:2:2:4:4:,recombination,11694.00397728585,4:4:4:4:4:2:2:4:4,1:2:4:4:4:3:3:4:1
4:4:4:4:4:2:2:4:4:,recombination,12487.835824856964,3:2:4:4:4:4:4:4:2,3:2:4:4:0:4:4:4:0,MUTATE
4:3:4:4:4:2:2:4:4:,clone,11601.057142708187,4:3:4:4:4:2:2:4:4
4:3:4:4:4:2:2:4:4:,clone,11444.072187453588,4:3:4:4:4:2:2:4:4
4:3:4:4:4:2:2:4:4:,clone,11274.412849478022,4:3:4:4:4:2:2:4:4
4:3:4:4:4:1:2:4:4:,clone,11152.966596155806,4:3:4:4:4:1:2:4:4
4:3:4:4:4:1:2:4:4:,recombination,11062.305186466227,4:2:4:4:4:2:2:4:4,2:1:4:4:0:4:4:4:0
3:2:4:4:4:1:1:4:3:,recombination,12878.704951581312,3:2:4:4:1:4:4:4:1,2:2:4:4:4:1:2:2:2,MUTATE
3:2:4:4:4:2:2:4:3:,clone,12606.332410066307,3:2:4:4:4:2:2:4:3
3:2:4:4:4:1:2:4:3:,recombination,12415.214007109695,2:2:4:4:4:2:3:4:1,2:2:4:4:0:4:4:4:0,MUTATE
4:2:4:4:4:2:3:4:3:,clone,12377.31060358442,4:2:4:4:4:2:3:4:3
4:2:4:4:4:1:2:4:3:,clone,11783.69978610382,3:2:4:4:4:2:2:4:3
3:2:4:4:4:2:3:4:2:,recombination,12680.570136967732,4:2:4:4:4:4:4:4:4,4:4:4:4:4:1:1:2:4
3:2:4:4:4:2:2:4:3:,clone,12287.610172175058,3:2:4:4:4:2:2:4:3
3:2:4:4:4:1:2:4:3:,clone,12290.463488666028,3:2:4:4:4:1:1:3:3
4:2:4:4:4:2:3:4:3:,clone,12203.587310634613,4:2:4:4:4:2:3:4:3
4:2:4:4:4:2:2:4:4:,clone,11535.177711798906,4:2:4:4:4:2:2:4:4
1:1:4:4:3:4:4:4:0:,clone,15159.544487986404,1:1:4:4:3:4:4:4:0
1:2:4:4:3:4:4:4:0:,clone,15244.966063311942,1:2:4:4:3:4:4:4:0
1:2:4:4:3:4:4:4:0:,clone,15132.469562786318,1:2:4:4:3:4:4:4:0
4:3:4:4:4:2:3:4:4:,recombination,12280.224223047866,4:3:4:4:4:4:3:4:4,4:4:4:4:4:2:3:4:4,MUTATE
2:2:4:4:1:4:4:4:0:,clone,13890.572274841825,2:2:4:4:1:4:4:4:0
2:1:4:4:0:4:4:4:0:,clone,13930.179661583132,2:1:4:4:0:4:4:4:0
2:2:4:4:0:4:4:4:0:,clone,13978.472182296344,2:2:4:4:0:4:4:4:0
2:2:4:4:1:4:4:4:0:,recombination,13758.319132146104,2:2:4:4:1:4:4:4:0,1:2:4:4:0:4:4:4:0
2:2:4:4:1:4:4:4:0:,clone,13597.594916335513,2:2:4:4:1:4:4:4:0
2:2:4:4:0:4:4:4:0:,clone,13817.747966485756,2:2:4:4:0:4:4:4:0
2:2:4:4:1:4:4:4:1:,clone,13855.33535803325,2:2:4:4:1:4:4:4:1
4:4:4:4:4:1:2:4:4:,clone,12190.537096156035,4:4:4:4:4:1:2:4:4
4:4:4:4:4:2:3:4:4:,recombination,13149.149084071925,1:2:4:4:2:4:4:4:0,4:2:4:4:4:3:3:4:4
4:2:4:4:4:3:4:4:4:,recombination,13334.195668395687,3:2:4:4:1:4:4:4:0,2:2:4:4:0:4:4:4:0,MUTATE
4:2:4:4:4:3:4:4:3:,clone,13083.842862948339,4:2:4:4:4:3:4:4:3
4:2:4:4:4:3:3:4:4:,recombination,12894.503134209517,4:3:4:4:4:4:4:4:3,2:2:4:4:4:4:4:4:1
3:2:4:4:4:3:4:4:2:,clone,13422.418939056224,3:2:4:4:4:3:4:4:2
4:4:4:4:4:2:1:4:4:,recombination,13977.637665264327,3:2:4:4:4:3:4:4:1,4:2:4:4:4:3:3:4:3,MUTATE
3:2:4:4:2:4:4:4:0:,recombination,14886.216394639501,3:2:4:4:2:4:4:4:1,3:2:4:4:4:0:1:0:4
1:2:4:4:4:4:4:4:1:,clone,15416.901765328103,2:2:4:4:1:4:4:4:1
4:4:4:4:4:4:4:4:4:,recombination,17034.20640127226,2:2:4:4:2:4:4:4:0,4:3:4:4:4:1:2:4:4
4:4:4:4:4:4:4:4:4:,clone,16665.055589204458,4:4:4:4:4:4:4:4:4
4:2:4:4:4:4:4:4:2:,clone,13758.377283544514,4:2:4:4:4:4:4:4:2
1:1:4:4:4:4:4:4:0:,clone,15706.209721250352,1:2:4:4:4:4:4:4:0
2:1:4:4:4:4:4:4:0:,recombination,15906.488677971334,4:4:4:4:4:3:3:4:4,4:4:4:4:4:2:2:4:4,MUTATE
4:4:4:4:4:1:0:3:4:,clone,12611.651659877225,4:4:4:4:4:0:0:3:4
2:1:4:4:3:4:4:4:0:,clone,14676.332559813683,2:2:4:4:4:4:4:4:0
1:1:4:4:1:4:4:4:0:,recombination,17809.44620204516,4:2:4:4:4:0:1:1:4,4:3:4:4:4:1:2:4:4,MUTATE
4:2:4:4:4:4:3:4:4:,recombination,14486.116654025409,4:4:4:4:4:2:2:4:4,4:2:4:4:4:4:3:4:4
4:2:4:4:4:4:3:4:4:,clone,14222.16867833664,4:2:4:4:4:4:3:4:4
4:4:4:4:4:1:2:4:4:,recombination,12007.09615988129,3:2:4:4:4:3:4:4:3,3:2:4:4:4:0:1:1:3,MUTATE
4:4:4:4:4:3:2:4:4:,clone,13911.43714730427,4:4:4:4:4:3:2:4:4
4:3:4:4:4:3:2:4:4:,clone,12934.799571703159,4:3:4:4:4:3:2:4:4
4:3:4:4:4:3:3:4:4:,clone,12966.421332417849,4:3:4:4:4:3:3:4:4
4:3:4:4:4:3:2:4:4:,clone,12897.088248588954,4:3:4:4:4:3:2:4:4
4:3:4:4:4:3:3:4:4:,recombination,12836.47363936125,4:3:4:4:4:1:2:2:4,4:4:4:4:4:0:0:1:4
4:2:4:4:3:4:4:4:1:,clone,15214.14829755108,4:2:4:4:3:4:4:4:1
1:2:4:4:0:4:4:4:0:,clone,14233.459287112555,1:2:4:4:0:4:4:4:0
1:2:4:4:0:4:4:4:0:,recombination,14194.902368274188,2:2:4:4:0:4:4:4:0,3:2:4:4:4:4:4:4:1,MUTATE
4:4:4:4:4:3:3:4:4:,recombination,13863.15803839866,4:2:4:4:4:1:2:4:4,4:2:4:4:4:1:1:1:4
4:4:4:4:4:0:0:2:4:,recombination,10812.288429118938,2:1:4:4:4:4:4:4:0,3:2:4:4:3:4:4:4:2,MUTATE
4:4:4:4:4:0:0:4:4:,recombination,11599.422989931083,4:2:4:4:4:2:2:4:4,1:2:4:4:4:3:3:4:1
4:4:4:4:4:1:1:4:4:,recombination,11024.259582012952,1:1:4:4:4:4:4:4:0,4:3:4:4:4:3:3:4:4,MUTATE
4:4:4:4:4:2:2:4:4:,clone,12402.842722163017,4:4:4:4:4:2:2:4:4
4:4:4:4:4:2:2:4:4:,recombination,12349.481431620628,4:2:4:4:4:2:2:4:4,3:2:4:4:3:4:4:4:1
4:4:4:4:4:2:2:4:4:,recombination,12294.676251987412,1:1:4:4:3:4:4:4:0,3:2:4:4:2:4:4:4:1,MUTATE
4:3:4:4:4:3:3:4:4:,clone,12790.213999058044,4:3:4:4:4:3:3:4:4
4:2:4:4:4:3:3:4:4:,recombination,12711.679491446122,2:2:4:4:4:4:4:4:1,1:2:4:4:3:4:4:4:0
3:2:4:4:2:4:4:4:2:,recombination,15191.52137774123,4:2:4:4:3:4:4:4:2,4:4:4:4:4:1:0:4:4
4:2:4:4:4:3:4:4:4:,recombination,13192.331743113651,3:2:4:4:2:4:4:4:1,3:2:4:4:4:4:4:4:1
4:3:4:4:4:4:4:4:4:,recombination,14256.434367668813,2:2:4:4:4:2:3:4:1,4:2:4:4:3:4:4:4:1,MUTATE
4:3:4:4:4:4:4:4:4:,clone,14144.709622486916,4:3:4:4:4:3:4:4:4
