4:4:4:4:4:2:3:4:4:,initialisation,16015.119137077809,
4:4:4:4:4:2:2:4:4:,initialisation,15877.749897497999,
4:4:4:4:4:2:2:4:4:,initialisation,13865.984877718382,
4:4:4:4:4:3:3:4:4:,initialisation,16653.424832255074,
4:4:4:4:4:0:1:4:4:,initialisation,13070.176161010428,
4:4:4:4:4:2:3:4:4:,initialisation,15624.612922588407,
4:4:4:4:4:1:2:4:4:,initialisation,15805.618843317594,
4:4:4:4:4:1:2:4:4:,initialisation,15106.460565549383,
4:4:4:4:4:1:2:4:4:,initialisation,15103.488144950365,
4:4:4:4:4:1:1:4:4:,initialisation,14289.637806916191,
4:4:4:4:4:3:3:4:4:,initialisation,16420.197505099437,
4:4:4:4:4:3:2:4:4:,initialisation,16095.261227217808,
4:4:4:4:4:3:3:4:4:,initialisation,16134.683284365054,
4:4:4:4:4:1:1:4:4:,initialisation,12744.953734470984,
4:4:4:4:4:1:2:4:4:,initialisation,14997.49918969429,
4:4:4:4:4:1:2:4:4:,initialisation,14591.82097383689,
4:4:4:4:4:2:2:4:4:,initialisation,13710.85817985426,
4:4:4:4:4:2:3:4:4:,initialisation,15550.877682954904,
4:4:4:4:4:2:3:4:4:,initialisation,15318.873164945402,
4:4:4:4:4:2:1:4:4:,initialisation,16073.35323246325,
4:4:4:4:4:2:3:4:4:,initialisation,15089.091148402413,
4:4:4:4:4:2:1:4:4:,initialisation,15611.662611293328,
4:4:4:4:4:1:2:4:4:,initialisation,13591.31037661918,
4:4:4:4:4:2:2:4:4:,initialisation,13086.56458552615,
4:4:4:4:4:1:2:4:4:,initialisation,13468.992651099934,
4:4:4:4:4:3:3:4:4:,initialisation,14976.73800679013,
4:4:4:4:4:1:2:4:4:,initialisation,13358.485531389055,
4:4:4:4:4:3:2:4:4:,initialisation,15885.754336208232,
4:4:4:4:4:1:1:4:4:,initialisation,11723.385174019064,
4:4:4:4:4:2:1:4:4:,initialisation,15390.17295262758,
4:4:4:4:4:2:3:4:4:,initialisation,14976.140902999852,
4:4:4:4:4:2:1:4:4:,initialisation,15382.61794311003,
4:4:4:4:4:2:3:4:4:,initialisation,13840.995070665478,
4:4:4:4:4:3:3:4:4:,initialisation,14639.909086412192,
4:4:4:4:4:1:2:4:4:,initialisation,13285.897970373886,
4:4:4:4:4:3:2:4:4:,initialisation,15640.383134794634,
4:3:4:4:4:2:3:4:4:,initialisation,14844.190623180912,
4:4:4:4:4:3:2:4:4:,initialisation,15543.02437873998,
4:4:4:4:4:3:3:4:4:,initialisation,14541.485650121907,
4:4:4:4:4:1:2:4:4:,initialisation,13177.931207321684,
4:4:4:4:4:2:1:4:4:,initialisation,15219.492889423167,
4:3:4:4:4:2:3:4:4:,initialisation,14545.351483373188,
4:4:4:4:4:2:1:4:4:,initialisation,14666.169062718427,
4:4:4:4:4:2:3:4:4:,initialisation,13789.425531244813,
4:4:4:4:4:3:2:4:4:,initialisation,14923.454327567288,
4:4:4:4:4:0:0:0:4:,initialisation,14851.652208551044,
2:2:4:4:0:4:4:4:0:,initialisation,16004.795661663136,
4:3:4:4:4:3:3:4:4:,initialisation,16469.37844463018,
4:4:4:4:4:0:0:0:4:,initialisation,14250.500644930084,
4:4:4:4:4:1:2:4:4:,initialisation,12826.606607482747,
4:4:4:4:4:2:2:4:4:,initialisation,12950.053084217077,
4:4:4:4:4:2:1:4:4:,initialisation,14483.23224601973,
4:4:4:4:4:2:3:4:4:,initialisation,13602.66498233598,
4:3:4:4:4:3:3:4:4:,initialisation,15203.332676654645,
4:4:4:4:4:0:0:0:4:,initialisation,14159.509828859555,
4:4:4:4:4:1:2:4:4:,clone,12716.325607911112,4:4:4:4:4:1:2:4:4
4:4:4:4:4:2:1:4:4:,clone,14463.392656378031,4:4:4:4:4:2:1:4:4
4:4:4:4:4:1:2:4:4:,clone,12711.596967773468,4:4:4:4:4:1:2:4:4
4:4:4:4:4:3:3:4:4:,clone,14478.233810264654,4:4:4:4:4:3:3:4:4
4:4:4:4:4:3:3:4:4:,recombination,14404.400891597117,4:4:4:4:4:2:3:4:4,4:3:4:4:4:3:3:4:4,MUTATE
4:4:4:4:4:3:3:4:4:,clone,14253.200170927623,4:4:4:4:4:3:3:4:4
4:4:4:4:4:3:3:4:4:,clone,14061.932752305438,4:4:4:4:4:3:3:4:4
4:4:4:4:4:3:3:4:4:,clone,14028.273059287534,4:4:4:4:4:3:3:4:4
4:4:4:4:4:0:0:4:4:,recombination,14388.855800292722,4:4:4:4:4:2:2:4:4,4:4:4:4:4:0:0:0:4,MUTATE
4:4:4:4:4:3:3:4:4:,clone,13912.980423004508,4:4:4:4:4:3:3:4:4
4:4:4:4:4:0:0:3:4:,recombination,14229.832689921748,4:4:4:4:4:3:2:4:4,4:4:4:4:4:0:0:0:4,MUTATE
4:4:4:4:4:3:4:4:4:,recombination,14278.375765837702,4:4:4:4:4:3:3:4:4,2:2:4:4:0:4:4:4:0,MUTATE
4:3:4:4:4:2:3:4:4:,clone,14468.626329129685,4:3:4:4:4:2:3:4:4
4:4:4:4:4:2:2:4:4:,clone,12918.296481479927,4:4:4:4:4:2:2:4:4
3:3:4:4:4:4:4:4:1:,recombination,15134.223427425839,4:4:4:4:4:3:3:4:4,2:2:4:4:0:4:4:4:0,MUTATE
4:4:4:4:4:3:3:4:4:,clone,13749.820644252384,4:4:4:4:4:3:3:4:4
4:4:4:4:4:2:2:4:4:,clone,12894.363418555873,4:4:4:4:4:2:2:4:4
4:4:4:4:4:2:2:4:4:,clone,12844.743508249283,4:4:4:4:4:2:2:4:4
4:4:4:4:4:1:1:3:4:,recombination,15044.54816802152,4:3:4:4:4:2:3:4:4,4:4:4:4:4:0:0:0:4,MUTATE
4:3:4:4:4:3:4:4:3:,recombination,14577.647207730266,4:4:4:4:4:3:4:4:4,3:3:4:4:4:4:4:4:1
4:4:4:4:4:0:1:3:4:,recombination,14637.801497683233,4:4:4:4:4:0:0:0:4,4:4:4:4:4:3:3:4:4
4:4:4:4:4:1:2:4:4:,clone,12635.012280974184,4:4:4:4:4:1:2:4:4
4:4:4:4:4:0:1:3:4:,clone,14631.121892060948,4:4:4:4:4:0:1:3:4
4:4:4:4:4:1:1:3:4:,clone,14659.804741974265,4:4:4:4:4:1:1:3:4
4:4:4:4:4:0:1:3:4:,recombination,14481.12439108608,4:4:4:4:4:1:2:4:4,4:4:4:4:4:0:1:3:4
4:3:4:4:4:3:3:4:4:,recombination,14193.55648941548,4:3:4:4:4:3:4:4:3,4:4:4:4:4:2:2:4:4,MUTATE
4:4:4:4:4:3:3:4:4:,recombination,13596.806554368772,4:4:4:4:4:1:2:4:4,4:4:4:4:4:3:3:4:4,MUTATE
4:3:4:4:4:2:3:4:4:,clone,14419.217699483752,4:3:4:4:4:2:3:4:4
4:4:4:4:4:0:1:4:4:,recombination,12911.813995472632,4:4:4:4:4:3:3:4:4,4:4:4:4:4:0:1:4:4
4:4:4:4:4:2:3:4:4:,clone,13308.55721351226,4:4:4:4:4:3:3:4:4
4:3:4:4:4:3:3:4:4:,recombination,13866.309194033662,4:4:4:4:4:3:3:4:4,4:4:4:4:4:3:4:4:4,MUTATE
4:4:4:4:4:0:0:4:4:,clone,12872.800083749078,4:4:4:4:4:0:1:4:4
4:4:4:4:4:1:1:4:4:,recombination,11691.301433031515,4:4:4:4:4:1:1:4:4,4:4:4:4:4:3:3:4:4
4:4:4:4:4:2:3:4:4:,recombination,13041.523564369234,4:4:4:4:4:3:3:4:4,4:4:4:4:4:1:2:4:4
4:4:4:4:4:0:0:1:4:,clone,14262.466160267933,4:4:4:4:4:0:0:0:4
4:4:4:4:4:0:0:1:4:,clone,14186.961527516723,4:4:4:4:4:0:0:1:4
4:4:4:4:4:2:3:4:4:,clone,12838.083349343764,4:4:4:4:4:2:3:4:4
4:4:4:4:4:0:1:4:4:,recombination,11356.81407801886,4:4:4:4:4:1:1:4:4,4:4:4:4:4:3:3:4:4,MUTATE
4:3:4:4:4:3:4:4:3:,recombination,14185.56016802174,4:4:4:4:4:2:3:4:4,2:2:4:4:0:4:4:4:0
4:4:4:4:4:1:2:4:4:,clone,12589.172529333911,4:4:4:4:4:1:2:4:4
4:4:4:4:4:1:2:4:4:,recombination,12354.582245513626,4:4:4:4:4:1:2:4:4,4:4:4:4:4:1:1:4:4
4:4:4:4:4:1:2:4:4:,clone,12316.702468637755,4:4:4:4:4:1:2:4:4
4:3:4:4:4:2:3:4:4:,clone,14186.517169696572,4:3:4:4:4:2:3:4:4
4:4:4:4:4:1:2:4:4:,clone,12297.366077716082,4:4:4:4:4:1:2:4:4
4:3:4:4:4:4:4:4:2:,recombination,15281.856562702158,4:4:4:4:4:3:3:4:4,3:3:4:4:4:4:4:4:1,MUTATE
3:3:4:4:3:4:4:4:1:,recombination,16217.184354819501,2:2:4:4:0:4:4:4:0,4:4:4:4:4:1:2:4:4,MUTATE
4:3:4:4:4:2:3:4:4:,clone,13887.807014410335,4:3:4:4:4:2:3:4:4
4:4:4:4:4:0:0:2:4:,clone,14186.961527516723,4:4:4:4:4:0:0:2:4
4:4:4:4:4:1:2:4:4:,clone,11981.76400650716,4:4:4:4:4:1:1:4:4
4:4:4:4:4:1:2:4:4:,clone,11919.096182933505,4:4:4:4:4:1:2:4:4
4:4:4:4:4:1:2:4:4:,clone,11822.837925006328,4:4:4:4:4:1:2:4:4
4:4:4:4:4:0:0:1:4:,recombination,13640.75240937037,4:4:4:4:4:0:1:4:4,4:4:4:4:4:0:0:2:4
4:4:4:4:4:0:0:3:4:,recombination,14120.481706453003,4:4:4:4:4:0:0:0:4,4:4:4:4:4:3:2:4:4
4:3:4:4:4:2:3:4:4:,clone,13874.7892337211,4:3:4:4:4:2:3:4:4
4:3:4:4:4:3:4:4:4:,clone,14704.730852092776,4:4:4:4:4:3:4:4:4
4:3:4:4:4:4:4:4:1:,clone,16233.584032472705,4:3:4:4:4:4:4:4:1
4:3:4:4:4:4:4:4:3:,clone,15166.464652516803,4:3:4:4:4:4:4:4:3
4:3:4:4:4:4:4:4:3:,clone,15147.167368459035,4:3:4:4:4:4:4:4:3
4:3:4:4:4:4:4:4:4:,recombination,15795.060365037452,4:4:4:4:4:3:3:4:4,4:4:4:4:4:2:2:4:4
4:3:4:4:4:4:4:4:3:,clone,15076.935492974566,4:3:4:4:4:4:4:4:3
4:3:4:4:4:4:4:4:2:,recombination,15143.026680673673,4:4:4:4:4:3:3:4:4,4:3:4:4:4:3:4:4:3,MUTATE
4:4:4:4:4:2:2:4:4:,clone,12517.736405349382,4:4:4:4:4:2:2:4:4
4:3:4:4:4:2:2:4:4:,recombination,14190.347604217794,4:4:4:4:4:0:1:4:4,4:3:4:4:4:2:3:4:4,MUTATE
4:4:4:4:4:4:4:4:4:,clone,15457.800085207262,4:4:4:4:4:3:4:4:4
4:3:4:4:4:2:3:4:4:,clone,13652.51353542958,4:3:4:4:4:2:3:4:4
4:3:4:4:4:4:4:4:4:,clone,15630.791199188392,4:3:4:4:4:4:4:4:4
4:4:4:4:4:4:4:4:4:,recombination,15354.275571657989,4:4:4:4:4:3:3:4:4,4:4:4:4:4:3:3:4:4,MUTATE
4:3:4:4:4:4:4:4:4:,clone,15569.952669680133,4:3:4:4:4:4:4:4:4
4:3:4:4:4:4:4:4:4:,clone,15458.378490115269,4:3:4:4:4:4:4:4:4
4:4:4:4:4:4:4:4:4:,clone,15346.225905642397,4:4:4:4:4:4:4:4:4
4:4:4:4:4:4:3:4:4:,recombination,15267.457101953889,4:3:4:4:4:3:4:4:4,4:4:4:4:4:2:1:4:4
4:4:4:4:4:4:4:4:4:,clone,15261.154845212734,4:4:4:4:4:4:4:4:4
4:3:4:4:4:4:4:4:4:,recombination,15386.19407675105,4:4:4:4:4:3:3:4:4,4:3:4:4:4:3:3:4:4,MUTATE
4:3:4:4:4:4:4:4:1:,clone,16113.975005345887,4:3:4:4:4:4:4:4:1
4:4:4:4:4:4:4:4:4:,clone,15184.288535730922,4:4:4:4:4:4:4:4:4
4:4:4:4:4:4:4:4:4:,clone,15048.636973276303,4:4:4:4:4:4:4:4:4
4:3:4:4:4:4:4:4:4:,recombination,15260.990273534746,4:4:4:4:4:2:3:4:4,4:3:4:4:4:3:3:4:4,MUTATE
4:3:4:4:4:4:4:4:4:,clone,15212.384185522591,4:3:4:4:4:4:4:4:4
4:3:4:4:4:4:4:4:4:,recombination,15135.037437516236,4:4:4:4:4:3:3:4:4,4:3:4:4:4:4:4:4:4
4:4:4:4:4:3:3:4:4:,recombination,13559.250035461488,4:3:4:4:4:3:3:4:4,4:4:4:4:4:1:2:4:4
3:2:4:4:0:4:4:4:0:,clone,16510.70202296538,3:2:4:4:0:4:4:4:0
4:3:4:4:4:2:3:4:4:,recombination,13640.46771703788,4:4:4:4:4:1:1:3:4,4:3:4:4:4:2:3:4:4
4:3:4:4:4:4:4:4:1:,recombination,16012.965546731588,4:4:4:4:4:4:4:4:4,3:2:4:4:0:4:4:4:0
4:3:4:4:4:3:3:4:4:,recombination,13748.341614644098,4:3:4:4:4:2:3:4:4,4:4:4:4:4:1:2:4:4
4:3:4:4:4:4:4:4:1:,clone,16010.459757142828,4:3:4:4:4:4:4:4:1
3:2:4:4:2:4:4:4:1:,recombination,16443.610932990734,4:4:4:4:4:3:2:4:4,3:3:4:4:4:4:4:4:1
3:3:4:4:3:4:4:4:1:,clone,16044.799630964084,3:3:4:4:3:4:4:4:1
3:3:4:4:3:4:4:4:1:,clone,15862.876288620997,3:3:4:4:3:4:4:4:1
4:3:4:4:4:4:4:4:1:,clone,15714.54144632757,3:3:4:4:3:4:4:4:1
4:3:4:4:4:2:3:4:4:,clone,13593.09142240101,4:3:4:4:4:2:3:4:4
3:3:4:4:3:4:4:4:1:,clone,15862.876288620995,3:3:4:4:3:4:4:4:1
4:3:4:4:4:3:4:4:4:,recombination,14694.74407091143,4:4:4:4:4:2:3:4:4,4:4:4:4:4:3:3:4:4
4:3:4:4:3:4:4:4:1:,clone,16205.835441793177,4:3:4:4:3:4:4:4:1
4:3:4:4:4:4:4:4:2:,recombination,15043.402011094879,4:4:4:4:4:0:0:4:4,4:3:4:4:4:3:4:4:3
3:3:4:4:2:4:4:4:1:,clone,15982.82617943691,3:3:4:4:2:4:4:4:1
3:2:4:4:1:4:4:4:0:,clone,16415.977355284813,3:2:4:4:1:4:4:4:0
4:3:4:4:3:4:4:4:1:,clone,15598.906658948383,4:3:4:4:3:4:4:4:1
3:3:4:4:2:4:4:4:1:,clone,15747.24150124181,3:3:4:4:2:4:4:4:1
4:3:4:4:4:4:4:4:1:,clone,15523.868619721285,4:3:4:4:4:4:4:4:1
4:3:4:4:4:3:3:4:4:,clone,13320.760715641936,4:3:4:4:4:3:3:4:4
4:3:4:4:4:4:4:4:1:,recombination,15445.55290693572,3:3:4:4:3:4:4:4:1,4:4:4:4:4:2:3:4:4
4:3:4:4:4:4:4:4:1:,recombination,15320.638300341076,4:3:4:4:4:4:4:4:1,4:3:4:4:4:4:4:4:1,MUTATE
3:2:4:4:2:4:4:4:1:,clone,16274.905380734204,3:2:4:4:2:4:4:4:1
3:2:4:4:2:4:4:4:1:,clone,16071.675061353995,3:2:4:4:2:4:4:4:1
4:3:4:4:4:3:4:4:4:,recombination,14542.329837118652,4:3:4:4:4:3:3:4:4,4:3:4:4:3:4:4:4:1
4:3:4:4:4:4:4:4:3:,recombination,14987.575226738929,4:4:4:4:4:2:2:4:4,4:3:4:4:4:4:4:4:1,MUTATE
4:3:4:4:4:4:4:4:3:,clone,14940.847694072425,4:3:4:4:4:4:4:4:3
3:2:4:4:4:4:4:4:1:,recombination,16027.841422378875,4:4:4:4:4:0:1:4:4,3:2:4:4:2:4:4:4:1
4:3:4:4:4:4:4:4:3:,clone,14892.658446751902,4:3:4:4:4:4:4:4:3
4:3:4:4:4:4:4:4:3:,clone,14832.907709435534,4:3:4:4:4:4:4:4:3
4:3:4:4:4:3:4:4:4:,clone,14087.235650148401,4:3:4:4:4:3:4:4:4
4:3:4:4:4:4:4:4:4:,recombination,14987.736692240442,4:3:4:4:4:4:4:4:3,4:3:4:4:4:3:3:4:4,MUTATE
4:3:4:4:4:3:4:4:4:,recombination,13932.106611061972,4:4:4:4:4:0:0:1:4,4:3:4:4:4:3:4:4:4
4:3:4:4:4:4:4:4:2:,recombination,15000.617836579127,4:3:4:4:4:3:4:4:4,4:4:4:4:4:0:1:4:4
4:3:4:4:4:4:3:4:4:,recombination,14507.06690638655,4:4:4:4:4:0:0:4:4,4:4:4:4:4:1:2:4:4
4:3:4:4:4:4:4:4:4:,clone,14845.40957646983,4:3:4:4:4:4:4:4:4
4:3:4:4:4:4:4:4:3:,recombination,14773.049419625084,4:3:4:4:4:4:4:4:4,4:4:4:4:4:3:3:4:4
4:3:4:4:4:4:4:4:4:,recombination,14748.90613253172,4:3:4:4:4:3:3:4:4,4:4:4:4:4:1:2:4:4
4:2:4:4:4:4:4:4:2:,recombination,14832.907709435534,4:4:4:4:4:1:2:4:4,4:3:4:4:4:4:4:4:2,MUTATE
4:3:4:4:4:4:4:4:4:,clone,14708.745056847207,4:3:4:4:4:4:4:4:4
3:3:4:4:1:4:4:4:0:,clone,17499.748734720586,3:2:4:4:1:4:4:4:0
4:3:4:4:4:3:4:4:4:,clone,13780.784385477722,4:3:4:4:4:3:4:4:4
4:3:4:4:4:4:4:4:4:,recombination,14693.632318000613,4:3:4:4:4:3:4:4:4,4:3:4:4:4:4:4:4:4,MUTATE
4:3:4:4:4:4:4:4:3:,clone,14593.58550374087,4:3:4:4:4:4:4:4:3
4:2:4:4:4:4:4:4:2:,clone,14730.030960001539,4:2:4:4:4:4:4:4:2
4:3:4:4:4:4:4:4:3:,clone,14593.585503740866,4:3:4:4:4:4:4:4:3
4:3:4:4:4:4:4:4:4:,clone,14660.507817940952,4:3:4:4:4:4:4:4:4
4:3:4:4:4:4:4:4:2:,recombination,14821.922210673267,3:3:4:4:4:4:4:4:1,4:3:4:4:4:4:4:4:2
3:3:4:4:1:4:4:4:0:,clone,17437.536535207295,3:3:4:4:1:4:4:4:0
3:3:4:4:1:4:4:4:1:,recombination,17266.633457974833,4:4:4:4:4:4:4:4:4,3:3:4:4:3:4:4:4:1,MUTATE
3:2:4:4:1:4:4:4:1:,recombination,16581.636527162053,4:3:4:4:4:4:4:4:1,4:4:4:4:4:3:3:4:4,MUTATE
3:2:4:4:2:4:4:4:0:,clone,16573.04926686439,3:2:4:4:2:4:4:4:0
3:2:4:4:2:4:4:4:0:,clone,16388.69147335112,3:2:4:4:2:4:4:4:0
3:3:4:4:2:4:4:4:0:,clone,16778.70650183025,3:3:4:4:2:4:4:4:0
3:3:4:4:2:4:4:4:0:,recombination,16074.513042315933,4:3:4:4:4:3:4:4:3,4:3:4:4:4:4:4:4:2,MUTATE
3:2:4:4:2:4:4:4:0:,recombination,16173.497711802991,4:4:4:4:4:3:3:4:4,3:2:4:4:2:4:4:4:1,MUTATE
4:2:4:4:4:4:4:4:1:,recombination,15387.074393655654,4:3:4:4:4:3:4:4:4,3:2:4:4:2:4:4:4:1,MUTATE
4:3:4:4:2:4:4:4:1:,recombination,16595.40523348588,4:4:4:4:4:2:2:4:4,4:4:4:4:4:4:4:4:4,MUTATE
3:2:4:4:1:4:4:4:0:,recombination,15493.603711223355,4:4:4:4:4:4:4:4:4,4:3:4:4:4:4:4:4:4,MUTATE
3:2:4:4:3:4:4:4:1:,recombination,15646.043787411065,4:4:4:4:4:2:3:4:4,4:3:4:4:4:4:4:4:4
3:2:4:4:3:4:4:4:1:,clone,15576.63698118737,3:2:4:4:3:4:4:4:1
3:2:4:4:1:4:4:4:1:,recombination,16421.407688592633,4:4:4:4:4:2:2:4:4,4:4:4:4:4:3:3:4:4,MUTATE
3:2:4:4:1:4:4:4:1:,clone,16218.919573965435,3:2:4:4:1:4:4:4:1
3:2:4:4:1:4:4:4:1:,clone,15724.327164805796,3:2:4:4:1:4:4:4:1
3:2:4:4:3:4:4:4:1:,recombination,15565.295183163846,4:4:4:4:4:3:3:4:4,4:3:4:4:4:4:4:4:4,MUTATE
3:2:4:4:4:4:4:4:1:,recombination,15460.265374150284,4:3:4:4:4:4:4:4:3,4:3:4:4:4:3:4:4:4,MUTATE
3:3:4:4:2:4:4:4:0:,clone,15874.77393215936,3:3:4:4:2:4:4:4:0
3:2:4:4:2:4:4:4:1:,recombination,15522.41199631931,4:4:4:4:4:1:2:4:4,3:2:4:4:1:4:4:4:0
3:2:4:4:4:4:4:4:1:,clone,15167.746926430396,3:2:4:4:4:4:4:4:1
3:2:4:4:0:4:4:4:0:,recombination,16365.489810359093,4:4:4:4:4:1:2:4:4,4:4:4:4:4:0:1:4:4,MUTATE
3:3:4:4:1:4:4:4:0:,clone,16186.500352549681,3:3:4:4:1:4:4:4:0
3:2:4:4:2:4:4:4:1:,clone,15478.19583064804,3:2:4:4:2:4:4:4:1
3:2:4:4:4:4:4:4:1:,recombination,14894.903251365298,4:3:4:4:4:4:4:4:3,4:3:4:4:4:4:4:4:4,MUTATE
3:2:4:4:1:4:4:4:0:,recombination,15402.325076746538,4:3:4:4:4:4:4:4:3,3:2:4:4:2:4:4:4:1,MUTATE
3:2:4:4:1:4:4:4:1:,recombination,15427.257978433649,3:2:4:4:2:4:4:4:1,4:3:4:4:4:4:4:4:3,MUTATE
3:2:4:4:0:4:4:4:0:,clone,15669.820252712176,3:2:4:4:1:4:4:4:1
4:2:4:4:2:4:4:4:1:,recombination,15707.36961949847,4:4:4:4:4:2:3:4:4,4:4:4:4:4:2:2:4:4,MUTATE
2:2:4:4:0:4:4:4:0:,recombination,15621.71914363465,4:3:4:4:4:4:4:4:2,3:3:4:4:2:4:4:4:0,MUTATE
3:2:4:4:0:4:4:4:0:,recombination,15489.51832536553,4:4:4:4:4:3:3:4:4,3:2:4:4:0:4:4:4:0,MUTATE
4:2:4:4:2:4:4:4:1:,recombination,15659.203176535404,4:3:4:4:3:4:4:4:1,4:4:4:4:4:1:2:4:4
3:3:4:4:1:4:4:4:0:,clone,15998.230783888834,3:3:4:4:1:4:4:4:0
3:3:4:4:1:4:4:4:1:,recombination,16068.94491591102,3:3:4:4:2:4:4:4:1,4:4:4:4:4:2:2:4:4,MUTATE
2:2:4:4:0:4:4:4:0:,clone,15501.051385440338,2:2:4:4:0:4:4:4:0
2:2:4:4:0:4:4:4:0:,recombination,15123.520742247443,4:3:4:4:4:4:4:4:2,3:2:4:4:4:4:4:4:1,MUTATE
3:2:4:4:4:4:4:4:1:,clone,14755.760981452435,3:2:4:4:4:4:4:4:1
3:2:4:4:1:4:4:4:0:,recombination,15311.937214453195,3:2:4:4:1:4:4:4:0,3:3:4:4:1:4:4:4:1,MUTATE
3:2:4:4:3:4:4:4:1:,recombination,15301.601416827618,4:3:4:4:4:3:4:4:4,4:2:4:4:4:4:4:4:2
3:2:4:4:1:4:4:4:0:,clone,15311.937214453194,3:2:4:4:1:4:4:4:0
3:2:4:4:3:4:4:4:1:,clone,15281.44748974019,3:2:4:4:3:4:4:4:1
3:2:4:4:1:4:4:4:0:,recombination,15095.64362716201,4:4:4:4:4:4:4:4:4,3:2:4:4:1:4:4:4:0
2:2:4:4:0:4:4:4:0:,clone,15078.403859467619,2:2:4:4:0:4:4:4:0
2:2:4:4:0:4:4:4:0:,clone,15008.171983983151,2:2:4:4:0:4:4:4:0
3:2:4:4:1:4:4:4:1:,clone,15328.817735044522,3:2:4:4:1:4:4:4:1
3:2:4:4:2:4:4:4:0:,recombination,15302.051219876192,2:2:4:4:0:4:4:4:0,4:3:4:4:4:3:4:4:4,MUTATE
4:2:4:4:2:4:4:4:1:,recombination,15583.604723524371,4:4:4:4:4:2:3:4:4,4:4:4:4:4:1:2:4:4,MUTATE
3:2:4:4:4:4:4:4:1:,clone,14489.373641610067,3:2:4:4:4:4:4:4:1
4:3:4:4:1:4:4:4:1:,recombination,16531.220403449337,4:4:4:4:4:3:3:4:4,4:4:4:4:4:4:4:4:4
3:2:4:4:1:4:4:4:0:,clone,14683.466448508527,3:2:4:4:1:4:4:4:0
3:2:4:4:3:4:4:4:1:,recombination,15049.913549989446,4:3:4:4:4:4:4:4:3,4:3:4:4:4:4:4:4:4
2:2:4:4:2:4:4:4:0:,clone,16348.275226052603,2:2:4:4:2:4:4:4:0
2:2:4:4:2:4:4:4:0:,clone,16307.313551420484,3:2:4:4:2:4:4:4:0
2:2:4:4:1:4:4:4:0:,clone,15723.93967760624,2:2:4:4:1:4:4:4:0
2:2:4:4:2:4:4:4:0:,clone,15777.032658176486,2:2:4:4:2:4:4:4:0
2:2:4:4:1:4:4:4:0:,clone,15716.803033588849,2:2:4:4:1:4:4:4:0
3:2:4:4:3:4:4:4:0:,recombination,16275.209807875697,4:3:4:4:4:4:4:4:3,4:4:4:4:4:2:3:4:4
3:2:4:4:3:4:4:4:0:,recombination,15944.625726693615,3:3:4:4:3:4:4:4:1,3:2:4:4:1:4:4:4:1
3:2:4:4:3:4:4:4:0:,recombination,15711.576403312365,4:3:4:4:4:3:4:4:4,4:4:4:4:4:2:3:4:4,MUTATE
3:2:4:4:3:4:4:4:0:,recombination,15260.693972613279,4:4:4:4:4:4:4:4:4,3:2:4:4:3:4:4:4:0
3:2:4:4:3:4:4:4:0:,clone,15073.0813842844,3:2:4:4:3:4:4:4:0
4:2:4:4:3:4:4:4:1:,clone,17078.792813310003,3:2:4:4:3:4:4:4:1
3:2:4:4:2:4:4:4:0:,clone,15284.678891606194,3:2:4:4:2:4:4:4:0
3:2:4:4:2:4:4:4:0:,recombination,15279.474093508137,4:4:4:4:4:1:2:4:4,3:2:4:4:2:4:4:4:0
3:2:4:4:0:4:4:4:0:,recombination,15014.386864604745,3:2:4:4:3:4:4:4:0,3:3:4:4:1:4:4:4:0
4:3:4:4:4:4:4:4:1:,recombination,15042.133918346328,3:3:4:4:1:4:4:4:0,4:4:4:4:4:2:1:4:4
4:2:4:4:4:4:4:4:1:,recombination,15161.146369280339,3:2:4:4:2:4:4:4:0,4:3:4:4:4:4:4:4:1
4:2:4:4:3:4:4:4:1:,clone,16697.757495168673,4:2:4:4:3:4:4:4:1
4:2:4:4:3:4:4:4:1:,recombination,15744.246755827697,4:4:4:4:4:2:2:4:4,4:3:4:4:4:2:3:4:4
3:3:4:4:1:4:4:4:0:,clone,15848.064372862118,3:2:4:4:1:4:4:4:0
4:3:4:4:3:4:4:4:1:,recombination,15424.909614655717,4:2:4:4:2:4:4:4:1,4:2:4:4:3:4:4:4:1
3:3:4:4:3:4:4:4:1:,clone,15692.409313712355,4:3:4:4:4:4:4:4:1
3:3:4:4:3:4:4:4:1:,clone,15636.201353836046,3:3:4:4:3:4:4:4:1
4:2:4:4:3:4:4:4:1:,clone,15740.77539233313,4:2:4:4:3:4:4:4:1
3:2:4:4:2:4:4:4:0:,recombination,15277.416168283355,3:2:4:4:1:4:4:4:1,3:3:4:4:3:4:4:4:1
3:2:4:4:2:4:4:4:0:,recombination,15223.588379432716,4:3:4:4:4:4:4:4:3,3:2:4:4:2:4:4:4:0
3:3:4:4:2:4:4:4:0:,recombination,15709.973514942903,4:3:4:4:4:3:4:4:3,3:3:4:4:3:4:4:4:1,MUTATE
2:3:4:4:0:4:4:4:0:,recombination,16584.45793905468,4:4:4:4:4:4:4:4:4,3:3:4:4:2:4:4:4:0
2:3:4:4:0:4:4:4:0:,clone,15592.093367319669,2:2:4:4:0:4:4:4:0
2:3:4:4:0:4:4:4:0:,recombination,15446.263128242857,4:4:4:4:4:4:3:4:4,3:2:4:4:0:4:4:4:0,MUTATE
3:3:4:4:1:4:4:4:1:,recombination,15470.335330353915,4:3:4:4:4:4:4:4:2,4:3:4:4:4:2:3:4:4,MUTATE
3:3:4:4:1:4:4:4:0:,recombination,15837.489918754904,3:2:4:4:0:4:4:4:0,4:4:4:4:4:3:2:4:4,MUTATE
3:3:4:4:1:4:4:4:0:,clone,15647.95150804034,3:2:4:4:1:4:4:4:0
3:3:4:4:1:4:4:4:0:,clone,15445.058222864272,3:3:4:4:1:4:4:4:0
2:3:4:4:0:4:4:4:0:,clone,15360.895021910761,2:3:4:4:0:4:4:4:0
3:3:4:4:2:4:4:4:0:,clone,15566.000071050415,3:3:4:4:2:4:4:4:0
3:3:4:4:1:4:4:4:0:,clone,15385.94139983599,3:3:4:4:1:4:4:4:0
2:3:4:4:0:4:4:4:0:,recombination,14973.152182354466,4:4:4:4:4:2:3:4:4,3:2:4:4:0:4:4:4:0,MUTATE
2:3:4:4:1:4:4:4:0:,recombination,15819.231662509581,4:4:4:4:4:2:1:4:4,3:3:4:4:2:4:4:4:1
3:3:4:4:1:4:4:4:0:,clone,15154.719845805585,3:3:4:4:1:4:4:4:0
3:3:4:4:1:4:4:4:0:,clone,14908.442462959605,3:3:4:4:1:4:4:4:0
2:2:4:4:0:4:4:4:0:,recombination,14884.408842116301,3:3:4:4:1:4:4:4:0,4:4:4:4:4:2:2:4:4,MUTATE
3:3:4:4:0:4:4:4:0:,recombination,14699.979818449405,4:4:4:4:4:3:2:4:4,2:3:4:4:0:4:4:4:0
2:2:4:4:0:4:4:4:0:,clone,14839.95006999289,2:2:4:4:0:4:4:4:0
2:3:4:4:0:4:4:4:0:,clone,14765.055245369591,2:3:4:4:0:4:4:4:0
2:2:4:4:0:4:4:4:0:,recombination,14686.229083279548,3:3:4:4:1:4:4:4:1,4:3:4:4:4:3:4:4:4,MUTATE
3:2:4:4:3:4:4:4:1:,recombination,15022.827168348358,4:3:4:4:4:3:3:4:4,3:2:4:4:3:4:4:4:0
3:2:4:4:3:4:4:4:1:,recombination,14929.029484807916,3:2:4:4:3:4:4:4:1,3:2:4:4:3:4:4:4:0
3:3:4:4:1:4:4:4:0:,clone,14712.159994949108,3:3:4:4:1:4:4:4:0
2:2:4:4:0:4:4:4:0:,recombination,14215.061193979673,3:3:4:4:2:4:4:4:0,2:2:4:4:0:4:4:4:0
3:3:4:4:1:4:4:4:0:,clone,14671.008703384408,3:3:4:4:1:4:4:4:0
2:2:4:4:1:4:4:4:0:,recombination,15549.667033740763,4:3:4:4:4:3:3:4:4,4:3:4:4:4:2:3:4:4
2:3:4:4:2:4:4:4:0:,clone,15894.045635414226,3:3:4:4:2:4:4:4:0
3:2:4:4:0:4:4:4:0:,recombination,14738.089684392236,4:4:4:4:4:3:2:4:4,2:2:4:4:0:4:4:4:0
2:3:4:4:2:4:4:4:0:,recombination,15579.283020190493,4:4:4:4:4:4:4:4:4,2:2:4:4:0:4:4:4:0
4:4:4:4:4:0:0:0:4:,clone,13514.087480127895,2:2:4:4:0:4:4:4:0
4:4:4:4:4:0:0:1:4:,clone,13259.109842800097,4:4:4:4:4:0:0:1:4
4:4:4:4:4:0:0:2:4:,clone,13917.768064796443,4:4:4:4:4:0:0:1:4
3:2:4:4:2:4:4:4:1:,recombination,14961.616323475215,3:3:4:4:1:4:4:4:0,4:3:4:4:4:3:3:4:4,MUTATE
3:2:4:4:2:4:4:4:1:,clone,14807.517036607294,3:2:4:4:2:4:4:4:1
4:3:4:4:4:4:4:4:2:,clone,14520.01196502782,4:3:4:4:4:4:4:4:2
4:3:4:4:4:4:4:4:2:,recombination,14440.825934299752,3:2:4:4:1:4:4:4:0,2:2:4:4:0:4:4:4:0
4:3:4:4:4:4:4:4:2:,clone,14360.569941162956,4:3:4:4:4:4:4:4:2
2:2:4:4:3:4:4:4:1:,recombination,15856.36795919809,3:2:4:4:1:4:4:4:1,3:2:4:4:4:4:4:4:1,MUTATE
3:3:4:4:4:4:4:4:2:,recombination,14891.773964170034,3:3:4:4:0:4:4:4:0,3:2:4:4:1:4:4:4:1
2:2:4:4:3:4:4:4:1:,recombination,15442.295971314961,2:2:4:4:3:4:4:4:1,4:3:4:4:4:3:3:4:4
2:2:4:4:1:4:4:4:0:,recombination,15103.655829877962,4:4:4:4:4:3:4:4:4,2:2:4:4:2:4:4:4:0
4:2:4:4:4:4:4:4:2:,recombination,14690.398317084888,3:3:4:4:1:4:4:4:0,3:2:4:4:2:4:4:4:1,MUTATE
4:3:4:4:4:4:4:4:2:,clone,14293.17929984489,4:3:4:4:4:4:4:4:2
4:2:4:4:4:4:4:4:2:,clone,14521.834427613454,4:3:4:4:4:4:4:4:2
3:2:4:4:3:4:4:4:1:,recombination,14872.094535912753,4:4:4:4:4:0:1:4:4,2:2:4:4:0:4:4:4:0,MUTATE
2:2:4:4:2:4:4:4:0:,recombination,15310.4794899602,3:2:4:4:2:4:4:4:1,3:2:4:4:3:4:4:4:1,MUTATE
3:2:4:4:3:4:4:4:1:,recombination,14805.031076301279,4:3:4:4:4:4:4:4:2,4:4:4:4:4:3:3:4:4
3:2:4:4:3:4:4:4:1:,clone,14541.988354700885,3:2:4:4:3:4:4:4:1
4:3:4:4:2:4:4:4:2:,clone,16800.05640267166,4:3:4:4:2:4:4:4:2
4:3:4:4:2:4:4:4:2:,clone,16763.670821083313,4:3:4:4:2:4:4:4:2
3:2:4:4:1:4:4:4:1:,recombination,15165.231651868133,3:2:4:4:3:4:4:4:1,4:4:4:4:4:3:3:4:4,MUTATE
4:2:4:4:3:4:4:4:1:,recombination,15111.412474145525,3:3:4:4:1:4:4:4:0,2:2:4:4:2:4:4:4:0,MUTATE
4:2:4:4:2:4:4:4:1:,recombination,15237.227262234463,4:2:4:4:2:4:4:4:1,2:2:4:4:2:4:4:4:0,MUTATE
4:2:4:4:3:4:4:4:1:,clone,14603.12547470279,4:2:4:4:3:4:4:4:1
4:2:4:4:2:4:4:4:1:,clone,14913.123608190905,4:2:4:4:3:4:4:4:1
4:2:4:4:3:4:4:4:1:,clone,14537.96541793688,4:2:4:4:3:4:4:4:1
4:4:4:4:4:4:4:4:4:,clone,14878.132163604281,4:4:4:4:4:4:4:4:4
3:2:4:4:3:4:4:4:1:,clone,14416.17183191831,3:2:4:4:3:4:4:4:1
3:2:4:4:2:4:4:4:1:,recombination,14651.584049903999,4:3:4:4:4:4:4:4:4,4:2:4:4:3:4:4:4:1,MUTATE
3:2:4:4:1:4:4:4:1:,clone,15087.14956833138,3:2:4:4:1:4:4:4:1
4:4:4:4:4:0:0:0:4:,clone,13059.334786091993,4:3:4:4:4:4:4:4:4
4:4:4:4:4:2:1:4:4:,clone,14325.977447920517,4:4:4:4:4:1:1:4:4
4:3:4:4:4:4:4:4:4:,clone,14606.928586673332,4:3:4:4:4:4:4:4:4
4:3:4:4:3:4:4:4:2:,recombination,16591.815477085816,4:3:4:4:4:2:3:4:4,3:3:4:4:1:4:4:4:1,MUTATE
4:3:4:4:4:4:4:4:4:,clone,14390.622250934448,4:3:4:4:4:3:4:4:4
4:3:4:4:4:4:4:4:4:,clone,14266.40500190238,4:3:4:4:4:4:4:4:4
4:3:4:4:4:4:4:4:3:,clone,14585.619537906201,4:3:4:4:4:4:4:4:3
4:3:4:4:4:4:4:4:3:,recombination,14529.016615493541,4:3:4:4:4:4:4:4:4,2:2:4:4:1:4:4:4:0,MUTATE
4:3:4:4:4:4:4:4:3:,recombination,14323.838667664095,4:2:4:4:4:4:4:4:2,4:4:4:4:4:1:2:4:4,MUTATE
4:3:4:4:4:4:4:4:3:,clone,14303.684740576668,4:3:4:4:4:4:4:4:3
4:3:4:4:4:4:4:4:2:,recombination,14086.072972719923,4:3:4:4:4:4:4:4:3,4:3:4:4:4:3:3:4:4
4:3:4:4:4:4:4:4:3:,recombination,13999.576768447743,4:3:4:4:4:4:4:4:2,4:4:4:4:4:1:2:4:4
4:3:4:4:4:4:4:4:2:,clone,13868.765625501414,4:3:4:4:4:4:4:4:2
4:2:4:4:4:4:4:4:1:,recombination,14984.10229747563,4:4:4:4:4:2:2:4:4,4:3:4:4:4:4:4:4:2
4:2:4:4:4:4:4:4:2:,clone,14438.10740938131,4:2:4:4:4:4:4:4:2
4:2:4:4:3:4:4:4:1:,clone,14290.717686421212,4:2:4:4:4:4:4:4:2
4:2:4:4:3:4:4:4:1:,recombination,14159.390391705801,4:3:4:4:4:4:4:4:3,3:2:4:4:4:4:4:4:1
4:2:4:4:4:4:4:4:2:,clone,14432.093093205807,4:2:4:4:4:4:4:4:2
4:2:4:4:4:4:4:4:2:,clone,14376.870537108352,4:2:4:4:4:4:4:4:2
4:4:4:4:4:3:2:4:4:,clone,14903.14466368631,4:4:4:4:4:3:3:4:4
4:2:4:4:4:4:4:4:1:,recombination,14749.894943072213,4:4:4:4:4:1:2:4:4,4:3:4:4:4:4:4:4:2
4:2:4:4:4:4:4:4:1:,clone,14588.288859548922,4:2:4:4:4:4:4:4:1
4:2:4:4:4:4:4:4:1:,clone,14338.78034233055,4:2:4:4:4:4:4:4:1
4:2:4:4:4:4:4:4:2:,recombination,14370.705341822946,4:3:4:4:4:4:4:4:3,3:2:4:4:3:4:4:4:0,MUTATE
4:4:4:4:4:3:2:4:4:,recombination,14891.733401650648,3:2:4:4:1:4:4:4:1,4:3:4:4:4:4:4:4:1,MUTATE
4:4:4:4:4:3:2:4:4:,clone,14843.252653802956,4:4:4:4:4:3:2:4:4
4:2:4:4:3:4:4:4:2:,recombination,15554.249170582883,4:4:4:4:4:2:2:4:4,3:3:4:4:1:4:4:4:0,MUTATE
4:2:4:4:1:4:4:4:1:,recombination,16709.536757748618,4:3:4:4:4:4:4:4:2,4:4:4:4:4:0:0:2:4
4:3:4:4:3:4:4:4:1:,clone,15272.58196871033,4:3:4:4:3:4:4:4:1
4:3:4:4:3:4:4:4:1:,clone,15249.762597660094,4:3:4:4:3:4:4:4:1
4:3:4:4:3:4:4:4:1:,clone,15118.482681842414,4:3:4:4:3:4:4:4:1
4:3:4:4:3:4:4:4:1:,clone,15089.677487732062,4:3:4:4:3:4:4:4:1
4:3:4:4:2:4:4:4:1:,recombination,16485.740958286347,3:2:4:4:4:4:4:4:1,4:3:4:4:3:4:4:4:1
4:3:4:4:2:4:4:4:1:,recombination,16282.211039170164,4:4:4:4:4:0:0:3:4,3:2:4:4:3:4:4:4:1,MUTATE
3:3:4:4:3:4:4:4:1:,recombination,15449.022967720803,4:2:4:4:3:4:4:4:1,4:4:4:4:4:3:2:4:4
3:3:4:4:2:4:4:4:1:,recombination,15144.470285234496,4:2:4:4:4:4:4:4:1,3:3:4:4:1:4:4:4:0
3:3:4:4:3:4:4:4:1:,clone,15367.587414263584,3:2:4:4:3:4:4:4:1
3:3:4:4:2:4:4:4:1:,clone,14701.128605071654,3:3:4:4:2:4:4:4:1
4:3:4:4:2:4:4:4:1:,recombination,16029.33494839129,4:4:4:4:4:0:0:3:4,3:2:4:4:3:4:4:4:1
4:2:4:4:1:4:4:4:1:,recombination,15758.913942288887,2:2:4:4:0:4:4:4:0,3:3:4:4:1:4:4:4:0
4:3:4:4:3:4:4:4:1:,clone,14955.973380992269,4:3:4:4:3:4:4:4:1
3:3:4:4:3:4:4:4:1:,recombination,15146.701925637186,4:4:4:4:4:4:4:4:4,2:3:4:4:1:4:4:4:0,MUTATE
3:3:4:4:3:4:4:4:1:,clone,15133.65664769717,3:3:4:4:3:4:4:4:1
4:3:4:4:3:4:4:4:1:,clone,14855.021316385502,4:3:4:4:3:4:4:4:1
4:3:4:4:3:4:4:4:1:,clone,14835.459254596464,4:3:4:4:3:4:4:4:1
4:3:4:4:3:4:4:4:1:,recombination,14754.659682685018,4:2:4:4:3:4:4:4:1,3:3:4:4:1:4:4:4:0,MUTATE
3:3:4:4:3:4:4:4:1:,recombination,15114.094585908133,3:2:4:4:4:4:4:4:1,4:3:4:4:4:4:4:4:1,MUTATE
4:3:4:4:3:4:4:4:1:,clone,14640.047020161384,4:3:4:4:3:4:4:4:1
3:2:4:4:2:4:4:4:0:,recombination,14703.366703256906,2:2:4:4:0:4:4:4:0,4:4:4:4:4:2:1:4:4
4:3:4:4:2:4:4:4:1:,clone,15691.455567923675,4:3:4:4:2:4:4:4:1
3:2:4:4:1:4:4:4:0:,clone,14643.037362171057,3:2:4:4:1:4:4:4:0
4:4:4:4:4:0:0:2:4:,recombination,13660.733218277246,4:3:4:4:4:4:4:4:2,3:2:4:4:1:4:4:4:0,MUTATE
4:4:4:4:4:0:0:3:4:,clone,13369.649065772865,4:4:4:4:4:0:0:2:4
4:4:4:4:4:3:2:4:4:,recombination,14801.891720315527,4:3:4:4:4:4:4:4:3,4:4:4:4:4:3:4:4:4,MUTATE
4:4:4:4:4:3:2:4:4:,clone,14715.006887151669,4:4:4:4:4:3:3:4:4
4:2:4:4:1:4:4:4:1:,recombination,15730.390036076704,4:4:4:4:4:4:4:4:4,4:3:4:4:4:4:4:4:3,MUTATE
4:3:4:4:3:4:4:4:2:,recombination,15915.138088062477,4:2:4:4:1:4:4:4:1,4:4:4:4:4:2:1:4:4
4:3:4:4:3:4:4:4:2:,recombination,15478.07931015988,4:4:4:4:4:2:1:4:4,2:2:4:4:1:4:4:4:0
4:4:4:4:4:4:4:4:4:,recombination,14691.78642178846,4:4:4:4:4:3:2:4:4,3:3:4:4:1:4:4:4:0
3:2:4:4:2:4:4:4:1:,recombination,14524.106500386199,2:2:4:4:2:4:4:4:0,3:3:4:4:4:4:4:4:1
3:2:4:4:2:4:4:4:1:,clone,14511.907819662903,3:2:4:4:2:4:4:4:1
4:3:4:4:2:4:4:4:1:,recombination,15478.063009899652,4:3:4:4:4:3:4:4:3,4:3:4:4:4:4:4:4:1,MUTATE
4:3:4:4:3:4:4:4:2:,recombination,15271.075790014547,3:2:4:4:0:4:4:4:0,3:3:4:4:2:4:4:4:1,MUTATE
3:2:4:4:1:4:4:4:0:,recombination,14475.40113593191,4:4:4:4:4:3:3:4:4,3:2:4:4:2:4:4:4:0
3:2:4:4:1:4:4:4:0:,recombination,14262.620848276536,4:4:4:4:4:0:0:2:4,3:2:4:4:1:4:4:4:0,MUTATE
3:2:4:4:1:4:4:4:0:,clone,14180.593777048676,3:2:4:4:1:4:4:4:0
3:2:4:4:1:4:4:4:0:,recombination,14015.601905962005,4:2:4:4:2:4:4:4:1,3:2:4:4:1:4:4:4:0,MUTATE
3:2:4:4:1:4:4:4:1:,recombination,14950.072302939376,4:3:4:4:4:4:4:4:4,3:3:4:4:3:4:4:4:1
3:2:4:4:1:4:4:4:1:,recombination,14900.207688894237,4:3:4:4:4:4:4:4:1,4:3:4:4:4:3:3:4:4,MUTATE
4:3:4:4:4:4:4:4:1:,clone,14803.930213353255,3:3:4:4:2:4:4:4:1
4:3:4:4:4:4:4:4:1:,clone,14565.660604171902,4:3:4:4:4:4:4:4:1
2:3:4:4:1:4:4:4:0:,clone,14987.058436822861,2:3:4:4:1:4:4:4:0
3:3:4:4:4:4:4:4:1:,recombination,15042.658327691739,4:2:4:4:2:4:4:4:1,4:4:4:4:4:0:0:0:4,MUTATE
3:3:4:4:1:4:4:4:1:,recombination,15085.89159989936,4:3:4:4:3:4:4:4:1,3:2:4:4:3:4:4:4:0,MUTATE
3:2:4:4:2:4:4:4:0:,clone,14653.877198590588,3:2:4:4:1:4:4:4:0
3:2:4:4:2:4:4:4:0:,clone,14578.575979739266,3:2:4:4:2:4:4:4:0
3:3:4:4:3:4:4:4:1:,clone,15053.122263586562,3:3:4:4:3:4:4:4:1
3:3:4:4:2:4:4:4:0:,recombination,15431.062829133638,3:3:4:4:2:4:4:4:0,3:3:4:4:3:4:4:4:1
3:2:4:4:2:4:4:4:0:,clone,14206.532013315164,3:2:4:4:2:4:4:4:0
3:2:4:4:2:4:4:4:0:,recombination,14019.578370530684,3:2:4:4:2:4:4:4:0,3:2:4:4:2:4:4:4:0,MUTATE
2:2:4:4:1:4:4:4:0:,recombination,14623.90626628914,4:3:4:4:4:3:3:4:4,3:2:4:4:3:4:4:4:0
3:2:4:4:1:4:4:4:1:,recombination,14799.801365215424,3:3:4:4:1:4:4:4:1,4:4:4:4:4:2:3:4:4
4:3:4:4:2:4:4:4:1:,recombination,14883.407661311383,4:2:4:4:3:4:4:4:1,4:4:4:4:4:0:0:1:4
1:2:4:4:0:4:4:4:0:,clone,15827.62281789148,1:2:4:4:0:4:4:4:0
2:2:4:4:3:4:4:4:0:,clone,16745.03037293299,2:2:4:4:1:4:4:4:0
3:3:4:4:1:4:4:4:1:,clone,14962.011963481778,3:3:4:4:1:4:4:4:1
2:2:4:4:0:4:4:4:0:,recombination,14055.364661212643,3:2:4:4:2:4:4:4:0,4:2:4:4:4:4:4:4:2,MUTATE
4:2:4:4:1:4:4:4:1:,recombination,15583.77879698909,3:2:4:4:1:4:4:4:1,4:4:4:4:4:0:1:3:4
4:2:4:4:1:4:4:4:1:,clone,15453.696104552813,4:2:4:4:1:4:4:4:1
3:2:4:4:0:4:4:4:0:,recombination,14497.72143113325,4:4:4:4:4:3:2:4:4,4:3:4:4:3:4:4:4:1,MUTATE
3:2:4:4:0:4:4:4:0:,clone,14390.379903679981,3:2:4:4:0:4:4:4:0
3:2:4:4:4:4:4:4:1:,recombination,14175.85908176865,4:4:4:4:4:0:0:4:4,2:2:4:4:0:4:4:4:0
4:3:4:4:1:4:4:4:1:,recombination,15440.199403209654,2:3:4:4:1:4:4:4:0,4:2:4:4:1:4:4:4:1
3:3:4:4:1:4:4:4:1:,clone,14902.081872754527,3:3:4:4:1:4:4:4:1
3:3:4:4:1:4:4:4:1:,clone,14609.300991516111,3:3:4:4:1:4:4:4:1
4:3:4:4:1:4:4:4:1:,clone,15417.726071020052,4:3:4:4:1:4:4:4:1
3:3:4:4:1:4:4:4:1:,recombination,14564.529933732769,2:2:4:4:0:4:4:4:0,3:3:4:4:1:4:4:4:0
4:2:4:4:4:4:4:4:2:,clone,14333.718267379183,4:2:4:4:4:4:4:4:2
4:4:4:4:4:4:3:4:4:,clone,15255.818907555726,4:4:4:4:4:3:3:4:4
4:4:4:4:4:4:3:4:4:,clone,15211.310915277814,4:4:4:4:4:4:3:4:4
3:2:4:4:4:4:4:4:0:,clone,16466.88395241605,3:2:4:4:1:4:4:4:0
4:4:4:4:4:1:0:4:4:,recombination,14179.954030577233,4:4:4:4:4:3:3:4:4,3:3:4:4:4:4:4:4:1,MUTATE
3:2:4:4:0:4:4:4:1:,recombination,15717.823494859733,4:2:4:4:3:4:4:4:1,4:3:4:4:3:4:4:4:1
3:2:4:4:0:4:4:4:1:,recombination,15709.826587815322,4:3:4:4:1:4:4:4:1,2:3:4:4:0:4:4:4:0
3:3:4:4:4:4:4:4:2:,clone,14146.709012059453,4:3:4:4:4:4:4:4:3
3:3:4:4:4:4:4:4:1:,recombination,14646.325491000864,4:3:4:4:3:4:4:4:1,4:3:4:4:4:3:4:4:4
3:3:4:4:3:4:4:4:1:,recombination,14630.426731435477,4:3:4:4:4:4:4:4:1,3:2:4:4:1:4:4:4:0,MUTATE
3:3:4:4:4:4:4:4:1:,recombination,14464.466430113838,2:2:4:4:0:4:4:4:0,3:2:4:4:3:4:4:4:1
3:3:4:4:4:4:4:4:1:,recombination,14453.646475341153,4:3:4:4:4:4:4:4:3,4:3:4:4:4:4:4:4:4
2:2:4:4:4:4:4:4:1:,clone,15206.237468386806,2:2:4:4:3:4:4:4:1
3:3:4:4:3:4:4:4:1:,clone,14353.55765208745,3:3:4:4:3:4:4:4:1
3:2:4:4:4:4:4:4:2:,recombination,14894.95923730464,4:3:4:4:4:4:4:4:3,4:4:4:4:4:1:1:4:4,MUTATE
2:2:4:4:2:4:4:4:0:,clone,14819.73804447506,2:2:4:4:2:4:4:4:0
2:2:4:4:2:4:4:4:0:,clone,14775.521878803786,2:2:4:4:2:4:4:4:0
2:2:4:4:2:4:4:4:0:,recombination,14672.34832151496,2:2:4:4:2:4:4:4:0,2:2:4:4:0:4:4:4:0,MUTATE
2:2:4:4:2:4:4:4:0:,clone,14268.364662595908,2:2:4:4:2:4:4:4:0
3:2:4:4:2:4:4:4:1:,clone,14386.329879335286,3:2:4:4:2:4:4:4:1
3:3:4:4:1:4:4:4:0:,recombination,14651.731166858726,4:4:4:4:4:4:4:4:4,4:3:4:4:4:4:4:4:3,MUTATE
3:3:4:4:1:4:4:4:0:,recombination,14616.61191595947,4:3:4:4:4:4:4:4:1,3:3:4:4:1:4:4:4:0
4:3:4:4:4:4:4:4:1:,recombination,14458.02042837785,4:3:4:4:3:4:4:4:1,4:3:4:4:4:4:4:4:4
3:3:4:4:2:4:4:4:1:,clone,14529.240442504746,3:3:4:4:2:4:4:4:1
3:3:4:4:2:4:4:4:1:,recombination,14489.753271638112,3:2:4:4:3:4:4:4:1,3:2:4:4:2:4:4:4:1,MUTATE
3:3:4:4:1:4:4:4:0:,recombination,14460.410371932141,4:4:4:4:4:4:4:4:4,3:2:4:4:3:4:4:4:1
3:3:4:4:2:4:4:4:1:,recombination,14407.726200410254,3:3:4:4:4:4:4:4:1,3:3:4:4:2:4:4:4:1
3:2:4:4:0:4:4:4:0:,recombination,14226.66994001135,4:2:4:4:3:4:4:4:1,3:3:4:4:2:4:4:4:1
3:3:4:4:0:4:4:4:0:,clone,14687.760119937508,3:3:4:4:0:4:4:4:0
4:3:4:4:2:4:4:4:2:,clone,15410.933854470448,4:3:4:4:2:4:4:4:2
4:3:4:4:3:4:4:4:2:,clone,15196.331320380483,4:3:4:4:3:4:4:4:2
4:3:4:4:2:4:4:4:2:,clone,15377.523808020087,4:3:4:4:2:4:4:4:2
4:3:4:4:3:4:4:4:2:,clone,14879.011237849465,4:3:4:4:3:4:4:4:2
4:3:4:4:2:4:4:4:2:,clone,15114.809749531392,4:3:4:4:2:4:4:4:2
4:2:4:4:2:4:4:4:1:,clone,14768.720838402418,4:2:4:4:2:4:4:4:1
4:3:4:4:4:4:4:4:4:,clone,14243.414860129407,4:3:4:4:4:4:4:4:4
4:3:4:4:3:4:4:4:2:,clone,14621.582228723091,4:3:4:4:3:4:4:4:2
4:3:4:4:1:4:4:4:1:,clone,14803.848515243748,4:3:4:4:1:4:4:4:1
4:2:4:4:1:4:4:4:1:,clone,15378.695371656235,4:2:4:4:1:4:4:4:1
3:2:4:4:1:4:4:4:1:,clone,14688.28949561046,3:2:4:4:1:4:4:4:1
4:2:4:4:2:4:4:4:1:,recombination,14432.070454574141,4:2:4:4:4:4:4:4:1,3:2:4:4:1:4:4:4:1
3:3:4:4:0:4:4:4:1:,recombination,15318.123495321217,4:3:4:4:2:4:4:4:2,2:3:4:4:0:4:4:4:0,MUTATE
3:2:4:4:1:4:4:4:1:,clone,14573.134723112076,3:2:4:4:1:4:4:4:1
3:2:4:4:1:4:4:4:1:,clone,14518.528699069751,3:2:4:4:1:4:4:4:1
4:3:4:4:1:4:4:4:1:,clone,14717.184434198938,4:3:4:4:2:4:4:4:2
3:2:4:4:0:4:4:4:1:,clone,14253.463802722386,3:3:4:4:0:4:4:4:1
3:3:4:4:0:4:4:4:1:,clone,14352.483527071809,3:3:4:4:0:4:4:4:1
4:3:4:4:4:4:4:4:3:,recombination,13951.150824277207,3:2:4:4:3:4:4:4:0,3:3:4:4:3:4:4:4:1,MUTATE
4:3:4:4:1:4:4:4:1:,recombination,14705.060024855764,3:2:4:4:1:4:4:4:1,4:3:4:4:1:4:4:4:1
3:2:4:4:0:4:4:4:1:,clone,14099.742677727982,3:2:4:4:0:4:4:4:1
4:3:4:4:4:4:4:4:3:,clone,13876.123052176146,4:3:4:4:4:4:4:4:3
4:2:4:4:4:4:4:4:2:,clone,14041.845169348127,4:2:4:4:4:4:4:4:2
4:2:4:4:4:4:4:4:1:,recombination,14227.293434305366,4:2:4:4:4:4:4:4:2,4:2:4:4:4:4:4:4:1
4:2:4:4:4:4:4:4:2:,clone,13912.052114566153,4:2:4:4:4:4:4:4:2
4:2:4:4:1:4:4:4:1:,clone,14433.375945984237,4:3:4:4:1:4:4:4:1
4:3:4:4:4:4:4:4:3:,recombination,13706.354212420838,4:3:4:4:4:4:4:4:2,4:3:4:4:4:4:4:4:4,MUTATE
4:3:4:4:4:4:4:4:2:,clone,13638.147547875824,4:2:4:4:4:4:4:4:2
3:2:4:4:0:4:4:4:1:,clone,13914.22097070396,3:2:4:4:0:4:4:4:1
3:3:4:4:0:4:4:4:1:,recombination,14340.627549408864,3:3:4:4:1:4:4:4:1,4:4:4:4:4:0:0:3:4
3:2:4:4:4:4:4:4:1:,clone,13503.44419011991,3:2:4:4:4:4:4:4:1
4:3:4:4:3:4:4:4:2:,recombination,13736.101324701063,2:2:4:4:0:4:4:4:0,4:4:4:4:4:3:2:4:4
4:2:4:4:3:4:4:4:2:,recombination,13774.477320102675,4:3:4:4:4:4:4:4:3,3:3:4:4:4:4:4:4:1,MUTATE
4:3:4:4:4:4:4:4:2:,recombination,13627.897087115907,3:3:4:4:1:4:4:4:0,4:2:4:4:4:4:4:4:2,MUTATE
4:3:4:4:1:4:4:4:1:,clone,14700.319656987976,4:3:4:4:1:4:4:4:1
3:2:4:4:2:4:4:4:1:,recombination,14189.817433060583,4:3:4:4:4:4:4:4:4,4:3:4:4:4:4:4:4:1
3:2:4:4:3:4:4:4:1:,recombination,13792.608065460958,3:2:4:4:2:4:4:4:1,4:2:4:4:4:4:4:4:1
3:2:4:4:2:4:4:4:1:,recombination,13922.401120242932,3:2:4:4:3:4:4:4:1,4:3:4:4:3:4:4:4:1
4:2:4:4:4:4:4:4:1:,recombination,13827.802697503128,3:2:4:4:3:4:4:4:1,3:3:4:4:3:4:4:4:1,MUTATE
3:2:4:4:0:4:4:4:1:,recombination,13897.523069034813,4:3:4:4:4:4:4:4:3,2:3:4:4:0:4:4:4:0
4:3:4:4:4:4:4:4:2:,clone,13568.65570008546,4:3:4:4:4:4:4:4:2
4:3:4:4:1:4:4:4:1:,recombination,14612.833670244501,4:4:4:4:4:0:0:2:4,3:2:4:4:0:4:4:4:0
3:2:4:4:0:4:4:4:0:,clone,14002.83115040767,3:2:4:4:2:4:4:4:1
4:3:4:4:2:4:4:4:2:,recombination,14631.534720003301,3:2:4:4:1:4:4:4:0,3:2:4:4:2:4:4:4:0
3:2:4:4:2:4:4:4:1:,recombination,13671.195326219582,4:3:4:4:4:3:4:4:4,4:2:4:4:4:4:4:4:2,MUTATE
4:2:4:4:1:4:4:4:1:,recombination,13951.242013916628,4:3:4:4:4:4:4:4:3,3:2:4:4:3:4:4:4:1,MUTATE
4:3:4:4:1:4:4:4:1:,clone,14462.422344039856,4:3:4:4:1:4:4:4:1
3:3:4:4:3:4:4:4:1:,recombination,14282.972815472202,4:3:4:4:3:4:4:4:1,2:2:4:4:1:4:4:4:0
3:2:4:4:1:4:4:4:1:,clone,14357.08339716541,3:2:4:4:1:4:4:4:1
4:3:4:4:2:4:4:4:1:,recombination,14539.455587442815,4:3:4:4:3:4:4:4:1,4:3:4:4:1:4:4:4:1,MUTATE
4:3:4:4:4:3:4:4:2:,recombination,15359.93796679027,4:4:4:4:4:1:2:4:4,3:2:4:4:2:4:4:4:0,MUTATE
4:2:4:4:4:3:4:4:2:,clone,15515.498456006093,4:2:4:4:4:3:4:4:2
4:2:4:4:4:3:4:4:2:,clone,15395.623232908634,4:2:4:4:4:3:4:4:2
2:2:4:4:0:4:4:4:0:,recombination,13911.718844145542,4:2:4:4:4:4:4:4:1,4:2:4:4:4:4:4:4:2,MUTATE
2:2:4:4:0:4:4:4:0:,recombination,13880.82067518063,4:2:4:4:4:4:4:4:2,3:2:4:4:4:4:4:4:1
4:4:4:4:4:0:0:0:4:,clone,12841.6771440006,2:2:4:4:0:4:4:4:0
4:4:4:4:4:0:0:3:4:,recombination,13248.4365240712,2:2:4:4:4:4:4:4:1,3:2:4:4:2:4:4:4:1,MUTATE
4:4:4:4:4:0:0:1:4:,recombination,13170.266034928296,4:3:4:4:4:4:4:4:4,2:2:4:4:2:4:4:4:0,MUTATE
4:4:4:4:4:0:0:2:4:,clone,13129.820943069935,4:4:4:4:4:0:0:1:4
4:4:4:4:4:0:0:2:4:,clone,13128.759323096961,4:4:4:4:4:0:0:2:4
4:4:4:4:4:0:0:3:4:,clone,13128.759323096961,4:4:4:4:4:0:0:2:4
4:4:4:4:4:3:2:4:4:,clone,14561.102976089558,4:4:4:4:4:2:2:4:4
4:4:4:4:4:4:3:4:4:,recombination,14787.14363650041,4:4:4:4:4:3:3:4:4,4:2:4:4:4:4:4:4:2
4:4:4:4:4:1:0:4:4:,clone,14135.915034871656,4:4:4:4:4:1:1:4:4
3:3:4:4:4:4:4:4:1:,recombination,14402.233620829635,4:3:4:4:3:4:4:4:2,4:3:4:4:4:2:3:4:4,MUTATE
3:3:4:4:4:4:4:4:1:,recombination,14341.35100283217,4:4:4:4:4:2:1:4:4,4:2:4:4:4:4:4:4:2
3:3:4:4:4:4:4:4:1:,recombination,13989.98032122721,4:4:4:4:4:2:1:4:4,4:3:4:4:4:4:4:4:4
3:3:4:4:4:4:4:4:1:,recombination,13945.413996348372,4:4:4:4:4:2:1:4:4,4:2:4:4:2:4:4:4:1
4:3:4:4:4:3:3:4:4:,recombination,13310.19706436355,3:2:4:4:3:4:4:4:1,4:2:4:4:4:4:4:4:2,MUTATE
4:2:4:4:4:4:4:4:3:,clone,16232.58872744465,4:2:4:4:4:4:4:4:2
4:4:4:4:4:3:3:4:4:,clone,13545.24657145719,4:4:4:4:4:3:3:4:4
4:4:4:4:4:3:3:4:4:,recombination,13541.712259036765,4:3:4:4:4:3:3:4:4,4:3:4:4:4:4:4:4:2
4:2:4:4:4:4:4:4:3:,recombination,15866.978588305428,4:2:4:4:4:4:4:4:1,4:4:4:4:4:1:2:4:4
4:3:4:4:4:4:4:4:4:,clone,14161.749151625661,4:3:4:4:4:4:4:4:4
2:3:4:4:0:4:4:4:0:,recombination,14298.365789950549,3:2:4:4:1:4:4:4:1,4:4:4:4:4:3:3:4:4,MUTATE
3:3:4:4:0:4:4:4:0:,clone,14653.058674920836,3:3:4:4:0:4:4:4:0
1:2:4:4:0:4:4:4:0:,clone,14953.387265089212,2:2:4:4:0:4:4:4:0
4:4:4:4:4:4:4:4:4:,clone,14666.54159928567,4:4:4:4:4:4:4:4:4
4:4:4:4:4:3:3:4:4:,clone,12503.109209679953,4:4:4:4:4:3:3:4:4
4:4:4:4:4:2:3:4:4:,clone,12596.958095666685,4:4:4:4:4:2:3:4:4
4:4:4:4:4:2:3:4:4:,clone,12387.365396944357,4:4:4:4:4:2:3:4:4
4:3:4:4:4:3:4:4:3:,clone,13547.435440117779,4:3:4:4:4:3:4:4:3
4:4:4:4:4:2:3:4:4:,recombination,12267.226045691976,4:4:4:4:4:2:2:4:4,4:4:4:4:4:3:2:4:4,MUTATE
4:3:4:4:4:3:3:4:4:,recombination,13221.62200856855,4:2:4:4:4:4:4:4:2,4:3:4:4:3:4:4:4:2
4:3:4:4:4:3:3:4:4:,recombination,12940.622460642293,4:4:4:4:4:0:0:3:4,4:4:4:4:4:1:1:4:4,MUTATE
4:3:4:4:4:3:4:4:4:,clone,13522.302817764265,4:3:4:4:4:3:4:4:4
4:3:4:4:4:3:4:4:4:,clone,13461.188129923801,4:3:4:4:4:3:4:4:4
4:3:4:4:4:4:4:4:4:,recombination,13900.358159796908,4:3:4:4:4:4:4:4:4,3:2:4:4:2:4:4:4:0,MUTATE
4:3:4:4:4:4:4:4:4:,recombination,13535.730498730853,4:3:4:4:4:4:4:4:4,4:3:4:4:3:4:4:4:2
2:3:4:4:2:4:4:4:0:,recombination,15404.273716643833,3:3:4:4:1:4:4:4:0,3:3:4:4:2:4:4:4:0,MUTATE
4:3:4:4:4:3:3:4:4:,recombination,12837.283972735713,3:3:4:4:1:4:4:4:0,4:4:4:4:4:3:2:4:4
2:2:4:4:3:4:4:4:0:,clone,15754.943859431864,2:2:4:4:3:4:4:4:0
4:3:4:4:4:3:4:4:4:,clone,13346.443502724385,4:3:4:4:4:3:4:4:4
4:4:4:4:4:3:3:4:4:,clone,12470.51714847162,4:4:4:4:4:3:3:4:4
4:3:4:4:4:4:4:4:4:,clone,13502.473262889163,4:3:4:4:4:4:4:4:4
4:2:4:4:4:4:4:4:3:,clone,15753.561034888076,4:2:4:4:4:4:4:4:3
4:2:4:4:4:4:4:4:3:,recombination,15292.625105852243,3:2:4:4:2:4:4:4:1,4:4:4:4:4:1:2:4:4,MUTATE
3:2:4:4:4:4:4:4:0:,recombination,15837.995092665427,3:2:4:4:2:4:4:4:1,3:2:4:4:2:4:4:4:0,MUTATE
2:2:4:4:3:4:4:4:0:,recombination,15375.871456356235,4:4:4:4:4:0:0:0:4,4:4:4:4:4:1:2:4:4,MUTATE
3:2:4:4:4:4:4:4:0:,recombination,15807.674597736064,3:2:4:4:0:4:4:4:0,4:2:4:4:4:3:4:4:2
3:2:4:4:4:4:4:4:0:,recombination,15740.357843621172,3:2:4:4:3:4:4:4:1,4:4:4:4:4:3:4:4:4,MUTATE
3:2:4:4:4:4:4:4:0:,recombination,15620.440505178982,4:4:4:4:4:0:0:1:4,4:4:4:4:4:1:1:4:4,MUTATE
3:2:4:4:4:4:4:4:0:,clone,15181.85725113843,3:2:4:4:4:4:4:4:0
2:2:4:4:4:4:4:4:0:,recombination,15797.880433514609,4:4:4:4:4:0:0:4:4,4:4:4:4:4:1:2:4:4
4:2:4:4:0:4:4:4:0:,clone,16730.712869948766,2:2:4:4:0:4:4:4:0
4:2:4:4:0:4:4:4:0:,recombination,16711.150808159724,3:3:4:4:2:4:4:4:1,4:3:4:4:4:4:4:4:1
4:2:4:4:0:4:4:4:0:,recombination,16488.10921095125,3:2:4:4:1:4:4:4:1,4:3:4:4:4:4:4:4:1
3:2:4:4:4:4:4:4:0:,clone,15107.718946046585,3:2:4:4:4:4:4:4:0
2:2:4:4:4:4:4:4:0:,recombination,15604.175034791348,2:2:4:4:0:4:4:4:0,4:4:4:4:4:1:2:4:4,MUTATE
2:2:4:4:4:4:4:4:0:,clone,15560.405467322536,3:2:4:4:4:4:4:4:0
3:2:4:4:4:4:4:4:0:,recombination,15061.66018946974,2:2:4:4:0:4:4:4:0,3:3:4:4:4:4:4:4:2,MUTATE
3:2:4:4:3:4:4:4:0:,recombination,15014.657036691955,4:3:4:4:4:4:4:4:2,4:4:4:4:4:1:2:4:4,MUTATE
3:2:4:4:4:4:4:4:0:,recombination,14794.66143938282,3:2:4:4:2:4:4:4:1,4:2:4:4:3:4:4:4:1
4:4:4:4:4:1:0:4:4:,clone,13735.33626639547,4:4:4:4:4:0:0:4:4
4:4:4:4:4:1:0:4:4:,recombination,13345.633737891145,4:4:4:4:4:3:3:4:4,4:3:4:4:4:4:4:4:2,MUTATE
4:4:4:4:4:1:0:4:4:,recombination,13291.871889809343,4:3:4:4:4:4:4:4:3,4:2:4:4:4:4:4:4:1,MUTATE
4:4:4:4:4:3:2:4:4:,recombination,14357.525177547486,4:3:4:4:4:2:3:4:4,2:2:4:4:0:4:4:4:0
4:2:4:4:4:4:4:4:3:,clone,14464.574761144273,4:3:4:4:4:4:4:4:3
4:2:4:4:1:4:4:4:0:,recombination,16730.712869948755,4:3:4:4:4:4:4:4:3,4:3:4:4:4:4:4:4:4
4:2:4:4:2:4:4:4:0:,clone,16614.086221764464,4:2:4:4:2:4:4:4:0
2:2:4:4:0:4:4:4:0:,recombination,13879.585166431252,3:3:4:4:2:4:4:4:1,4:4:4:4:4:0:0:0:4,MUTATE
2:2:4:4:0:4:4:4:0:,clone,13845.594851195883,2:2:4:4:0:4:4:4:0
1:2:4:4:0:4:4:4:0:,recombination,14758.324232204157,4:4:4:4:4:3:2:4:4,4:4:4:4:4:3:3:4:4,MUTATE
3:2:4:4:3:4:4:4:1:,recombination,13787.87531178639,4:3:4:4:3:4:4:4:2,4:3:4:4:4:4:4:4:4,MUTATE
2:2:4:4:1:4:4:4:0:,recombination,14240.26693255739,4:4:4:4:4:0:1:4:4,3:2:4:4:2:4:4:4:1
2:2:4:4:1:4:4:4:0:,recombination,14104.733195699762,4:2:4:4:4:4:4:4:1,4:4:4:4:4:2:3:4:4
2:2:4:4:1:4:4:4:0:,recombination,13877.787662801798,4:4:4:4:4:2:3:4:4,2:2:4:4:0:4:4:4:0,MUTATE
3:2:4:4:3:4:4:4:1:,clone,13599.426376644818,3:2:4:4:3:4:4:4:1
2:2:4:4:1:4:4:4:0:,recombination,13630.530648698472,2:2:4:4:2:4:4:4:0,3:2:4:4:4:4:4:4:1,MUTATE
2:2:4:4:1:4:4:4:0:,recombination,13458.153564314413,2:2:4:4:1:4:4:4:0,4:4:4:4:4:1:0:4:4
2:2:4:4:2:4:4:4:0:,clone,14000.041176218392,2:2:4:4:2:4:4:4:0
3:3:4:4:3:4:4:4:1:,clone,13835.813919674556,3:3:4:4:3:4:4:4:1
2:3:4:4:1:4:4:4:0:,recombination,13775.609729941129,3:3:4:4:3:4:4:4:1,2:2:4:4:1:4:4:4:0
2:2:4:4:2:4:4:4:0:,clone,13968.214556482497,2:2:4:4:2:4:4:4:0
2:2:4:4:2:4:4:4:0:,clone,13799.999762028754,2:2:4:4:2:4:4:4:0
2:2:4:4:2:4:4:4:0:,clone,13648.573572768493,2:2:4:4:2:4:4:4:0
3:3:4:4:1:4:4:4:0:,recombination,14361.90566248382,4:3:4:4:4:4:4:4:4,2:2:4:4:2:4:4:4:0,MUTATE
3:3:4:4:1:4:4:4:0:,recombination,14338.777309695744,4:3:4:4:1:4:4:4:1,3:3:4:4:1:4:4:4:0
2:3:4:4:2:4:4:4:0:,clone,14032.283439370502,2:3:4:4:2:4:4:4:0
4:4:4:4:4:0:0:1:4:,recombination,13097.067019886801,3:3:4:4:1:4:4:4:0,3:3:4:4:1:4:4:4:0,MUTATE
4:4:4:4:4:0:0:2:4:,clone,13128.681577548432,4:4:4:4:4:0:0:2:4
4:4:4:4:4:0:1:3:4:,recombination,13844.543688650878,4:4:4:4:4:3:3:4:4,4:4:4:4:4:3:3:4:4,MUTATE
4:4:4:4:4:0:0:3:4:,clone,12914.530453085692,4:4:4:4:4:0:0:3:4
4:4:4:4:4:0:1:3:4:,clone,13571.279070318687,4:4:4:4:4:0:0:2:4
4:3:4:4:4:4:4:4:1:,clone,14384.36916609902,4:3:4:4:4:4:4:4:1
4:3:4:4:4:4:4:4:1:,recombination,14384.369166099019,3:3:4:4:1:4:4:4:1,4:3:4:4:3:4:4:4:1
4:3:4:4:4:4:4:4:1:,clone,14322.062452279135,4:3:4:4:4:4:4:4:1
3:3:4:4:2:4:4:4:1:,clone,14173.551589655941,3:3:4:4:2:4:4:4:1
3:3:4:4:2:4:4:4:1:,clone,14145.717059170765,3:3:4:4:2:4:4:4:1
2:2:4:4:0:4:4:4:0:,clone,13691.323310525022,2:2:4:4:0:4:4:4:0
2:2:4:4:0:4:4:4:0:,clone,13642.926482991874,2:2:4:4:0:4:4:4:0
3:3:4:4:2:4:4:4:0:,clone,14930.232245846724,3:2:4:4:2:4:4:4:0
3:3:4:4:2:4:4:4:0:,clone,14582.443375199276,2:2:4:4:2:4:4:4:0
3:3:4:4:2:4:4:4:0:,recombination,14393.853590897315,2:3:4:4:2:4:4:4:0,4:3:4:4:4:4:4:4:1
3:3:4:4:2:4:4:4:0:,clone,14334.387451944605,3:3:4:4:2:4:4:4:0
4:4:4:4:4:0:0:2:4:,clone,12873.145530494969,4:4:4:4:4:0:0:2:4
4:4:4:4:4:3:4:4:4:,clone,14192.564669399733,4:4:4:4:4:3:4:4:4
4:4:4:4:4:1:0:4:4:,recombination,12987.564427387475,4:4:4:4:4:0:0:2:4,3:2:4:4:3:4:4:4:1
4:4:4:4:4:0:0:4:4:,recombination,12746.364751060752,4:2:4:4:4:4:4:4:2,4:4:4:4:4:1:0:4:4
4:4:4:4:4:0:0:4:4:,clone,12594.11697960172,4:4:4:4:4:0:0:4:4
4:4:4:4:4:0:0:4:4:,recombination,12417.218269159175,3:2:4:4:0:4:4:4:0,1:2:4:4:0:4:4:4:0,MUTATE
4:4:4:4:4:0:0:4:4:,recombination,12399.92113600716,3:2:4:4:2:4:4:4:1,2:2:4:4:0:4:4:4:0
4:4:4:4:4:0:0:3:4:,recombination,12619.062713370156,4:4:4:4:4:4:4:4:4,4:4:4:4:4:3:3:4:4,MUTATE
4:4:4:4:4:0:0:3:4:,recombination,12555.1975620884,3:2:4:4:1:4:4:4:0,4:2:4:4:4:4:4:4:2
4:4:4:4:4:2:1:4:4:,clone,13501.183586248819,4:4:4:4:4:1:1:4:4
4:4:4:4:4:2:1:4:4:,clone,13116.959990696236,4:4:4:4:4:2:2:4:4
2:3:4:4:0:4:4:4:0:,clone,14287.9469502583,2:2:4:4:0:4:4:4:0
2:3:4:4:0:4:4:4:0:,recombination,14151.768568061287,3:2:4:4:1:4:4:4:1,4:3:4:4:4:4:4:4:1
4:3:4:4:4:3:4:4:2:,recombination,14710.408892279938,4:4:4:4:4:4:4:4:4,2:3:4:4:0:4:4:4:0
3:3:4:4:3:4:4:4:0:,clone,15592.309020905752,3:3:4:4:3:4:4:4:0
4:3:4:4:3:4:4:4:1:,clone,14622.147377312049,4:3:4:4:4:4:4:4:1
4:3:4:4:3:4:4:4:1:,clone,14575.011818391533,4:3:4:4:3:4:4:4:1
3:3:4:4:1:4:4:4:1:,clone,14552.604903544998,3:3:4:4:1:4:4:4:1
3:3:4:4:1:4:4:4:1:,clone,14492.679193898959,3:3:4:4:1:4:4:4:1
3:3:4:4:1:4:4:4:1:,recombination,14440.182623880877,3:3:4:4:1:4:4:4:1,4:4:4:4:4:2:3:4:4,MUTATE
3:2:4:4:1:4:4:4:1:,clone,14355.361043331279,3:3:4:4:1:4:4:4:1
3:2:4:4:1:4:4:4:1:,clone,14216.642538605103,3:3:4:4:1:4:4:4:1
4:3:4:4:3:4:4:4:1:,recombination,14349.061181043,2:3:4:4:2:4:4:4:0,2:2:4:4:2:4:4:4:0,MUTATE
4:4:4:4:4:3:2:4:4:,recombination,14102.158641002481,3:2:4:4:1:4:4:4:0,2:3:4:4:0:4:4:4:0,MUTATE
4:3:4:4:4:4:3:4:4:,clone,14348.10259399332,4:3:4:4:4:4:3:4:4
4:3:4:4:4:4:3:4:4:,clone,14210.157637221862,4:3:4:4:4:4:3:4:4
3:2:4:4:3:4:4:4:0:,clone,14829.60323021933,3:2:4:4:3:4:4:4:0
3:3:4:4:3:4:4:4:0:,clone,15293.993359388405,3:3:4:4:3:4:4:4:0
3:3:4:4:4:4:4:4:2:,recombination,14002.229630947919,3:2:4:4:4:4:4:4:0,4:2:4:4:0:4:4:4:0,MUTATE
3:3:4:4:4:4:4:4:1:,recombination,13871.25581730601,3:3:4:4:3:4:4:4:1,3:2:4:4:2:4:4:4:0,MUTATE
3:3:4:4:4:4:4:4:1:,recombination,13818.558954349479,4:4:4:4:4:3:3:4:4,4:3:4:4:3:4:4:4:1
4:3:4:4:4:4:4:4:3:,recombination,13680.670641692015,3:3:4:4:2:4:4:4:0,4:4:4:4:4:1:2:4:4,MUTATE
2:3:4:4:3:4:4:4:0:,clone,14142.953709392075,2:3:4:4:3:4:4:4:0
4:3:4:4:4:3:4:4:2:,recombination,13785.600555941608,4:3:4:4:4:4:4:4:3,4:4:4:4:4:4:4:4:4,MUTATE
3:3:4:4:4:4:4:4:1:,recombination,13778.847854908341,3:3:4:4:1:4:4:4:0,4:4:4:4:4:0:1:4:4
3:3:4:4:4:4:4:4:1:,recombination,13766.186646814553,2:2:4:4:0:4:4:4:0,3:2:4:4:3:4:4:4:1,MUTATE
2:3:4:4:2:4:4:4:0:,recombination,13727.324295525528,2:2:4:4:0:4:4:4:0,2:2:4:4:1:4:4:4:0
3:3:4:4:2:4:4:4:0:,clone,14195.796160738722,3:2:4:4:2:4:4:4:0
3:2:4:4:4:4:4:4:0:,recombination,14301.23423471958,3:2:4:4:3:4:4:4:1,4:2:4:4:4:4:4:4:3,MUTATE
3:3:4:4:3:4:4:4:0:,clone,14592.216018097546,3:3:4:4:3:4:4:4:0
3:2:4:4:3:4:4:4:0:,clone,14797.536107581329,3:2:4:4:3:4:4:4:0
3:2:4:4:3:4:4:4:0:,clone,14617.113465032327,3:2:4:4:3:4:4:4:0
3:2:4:4:3:4:4:4:0:,recombination,14523.96522442758,3:3:4:4:1:4:4:4:0,4:3:4:4:3:4:4:4:1,MUTATE
4:3:4:4:4:4:4:4:1:,recombination,14237.658244678667,3:3:4:4:4:4:4:4:1,4:4:4:4:4:1:2:4:4,MUTATE
2:2:4:4:3:4:4:4:0:,recombination,14799.75567087371,4:4:4:4:4:0:0:4:4,3:3:4:4:1:4:4:4:0,MUTATE
4:3:4:4:4:4:3:4:4:,recombination,13802.139256480523,3:3:4:4:4:4:4:4:1,4:3:4:4:4:4:4:4:2
4:4:4:4:4:4:3:4:4:,recombination,14776.008311595162,2:2:4:4:2:4:4:4:0,4:4:4:4:4:1:2:4:4,MUTATE
4:4:4:4:4:4:3:4:4:,recombination,14529.786525611873,3:3:4:4:4:4:4:4:1,4:4:4:4:4:0:0:2:4
4:4:4:4:4:3:2:4:4:,clone,14046.306281519717,4:4:4:4:4:2:2:4:4
4:4:4:4:4:4:4:4:4:,clone,14641.300109692664,4:4:4:4:4:4:4:4:4
2:2:4:4:0:4:4:4:0:,recombination,13606.974355851475,2:2:4:4:0:4:4:4:0,3:2:4:4:4:4:4:4:1
2:2:4:4:0:4:4:4:0:,clone,13564.49340540661,2:2:4:4:0:4:4:4:0
4:4:4:4:4:4:3:4:4:,recombination,14343.942655422015,2:2:4:4:3:4:4:4:0,4:3:4:4:2:4:4:4:1
4:3:4:4:3:4:4:4:1:,recombination,14244.22716933127,3:2:4:4:2:4:4:4:1,3:3:4:4:2:4:4:4:0
4:3:4:4:3:4:4:4:1:,clone,14171.569447077536,4:3:4:4:3:4:4:4:1
4:4:4:4:4:4:4:4:4:,clone,14559.503850371591,4:4:4:4:4:4:4:4:4
4:4:4:4:4:4:4:4:4:,clone,14538.724342763668,4:4:4:4:4:4:4:4:4
3:2:4:4:1:4:4:4:1:,recombination,14183.534362988761,4:3:4:4:4:4:4:4:3,4:3:4:4:3:4:4:4:1,MUTATE
3:3:4:4:1:4:4:4:1:,recombination,14377.051042571262,4:3:4:4:4:4:4:4:1,3:3:4:4:1:4:4:4:1
3:3:4:4:1:4:4:4:1:,clone,14017.53336533696,3:3:4:4:1:4:4:4:1
4:4:4:4:4:4:4:4:4:,clone,14090.109806156717,4:3:4:4:4:4:4:4:4
2:2:4:4:0:4:4:4:0:,clone,13557.27267182779,2:2:4:4:0:4:4:4:0
2:2:4:4:0:4:4:4:0:,clone,13520.088387476235,2:2:4:4:0:4:4:4:0
3:2:4:4:2:4:4:4:0:,recombination,13961.317504086108,4:4:4:4:4:4:3:4:4,2:2:4:4:1:4:4:4:0,MUTATE
4:4:4:4:4:0:0:0:4:,clone,12100.280727521875,2:2:4:4:0:4:4:4:0
4:4:4:4:4:0:0:2:4:,clone,12815.260389022647,4:4:4:4:4:0:0:2:4
4:4:4:4:4:0:0:4:4:,clone,12091.24787278502,4:4:4:4:4:0:0:4:4
4:4:4:4:4:0:0:2:4:,clone,12365.708907626693,4:4:4:4:4:0:0:2:4
4:4:4:4:4:0:0:1:4:,recombination,12120.332627878583,3:3:4:4:4:4:4:4:1,4:4:4:4:4:0:0:0:4
4:4:4:4:4:0:0:3:4:,clone,12134.144167422452,4:4:4:4:4:0:0:3:4
4:4:4:4:4:1:1:4:4:,recombination,11490.075501754061,2:2:4:4:0:4:4:4:0,4:3:4:4:4:4:4:4:4
4:4:4:4:4:2:2:4:4:,recombination,12388.027083215673,3:2:4:4:2:4:4:4:0,2:2:4:4:0:4:4:4:0,MUTATE
4:2:4:4:4:4:4:4:2:,clone,13757.19875487378,4:3:4:4:4:4:4:4:3
4:2:4:4:2:4:4:4:2:,recombination,16995.199552339687,4:4:4:4:4:1:2:4:4,3:3:4:4:2:4:4:4:0,MUTATE
3:3:4:4:1:4:4:4:0:,clone,14234.595601470119,3:3:4:4:1:4:4:4:0
3:3:4:4:1:4:4:4:0:,recombination,14107.01026465401,4:4:4:4:4:0:0:1:4,3:2:4:4:2:4:4:4:0
3:3:4:4:0:4:4:4:0:,recombination,14342.720539432596,3:3:4:4:1:4:4:4:0,4:3:4:4:4:4:4:4:3
2:3:4:4:0:4:4:4:0:,recombination,14048.896625765767,3:3:4:4:3:4:4:4:1,4:2:4:4:2:4:4:4:1,MUTATE
4:4:4:4:4:3:2:4:4:,recombination,13960.370666702695,4:2:4:4:0:4:4:4:0,4:3:4:4:3:4:4:4:2,MUTATE
4:3:4:4:4:4:4:4:2:,clone,13555.614866618716,4:3:4:4:4:4:4:4:2
3:2:4:4:3:4:4:4:0:,recombination,14356.416074053812,2:2:4:4:0:4:4:4:0,4:3:4:4:4:4:4:4:4,MUTATE
2:2:4:4:0:4:4:4:0:,clone,13398.858676664075,2:2:4:4:0:4:4:4:0
4:3:4:4:4:3:4:4:3:,recombination,13165.161558631495,2:2:4:4:0:4:4:4:0,3:3:4:4:2:4:4:4:0,MUTATE
4:4:4:4:4:3:4:4:4:,recombination,13829.292114488211,4:4:4:4:4:4:4:4:4,3:2:4:4:1:4:4:4:1
4:4:4:4:4:1:0:3:4:,recombination,14901.029296150695,4:4:4:4:4:1:2:4:4,4:4:4:4:4:2:3:4:4
4:4:4:4:4:4:3:4:4:,clone,14214.186441505466,4:4:4:4:4:4:3:4:4
4:4:4:4:4:1:0:4:4:,recombination,12906.154006551607,4:2:4:4:4:4:4:4:1,3:2:4:4:4:4:4:4:1,MUTATE
4:4:4:4:4:0:0:2:4:,clone,11501.950035921851,4:4:4:4:4:0:1:4:4
3:3:4:4:2:4:4:4:1:,clone,13807.019241521564,3:3:4:4:2:4:4:4:1
3:2:4:4:1:4:4:4:1:,clone,14104.33358166348,3:3:4:4:1:4:4:4:1
2:2:4:4:3:4:4:4:0:,clone,14381.580927885461,2:2:4:4:3:4:4:4:0
4:4:4:4:4:0:1:3:4:,recombination,13128.470000019433,4:4:4:4:4:0:0:2:4,4:3:4:4:4:3:3:4:4
4:3:4:4:2:4:4:4:1:,recombination,14421.866962422007,3:3:4:4:2:4:4:4:1,4:2:4:4:2:4:4:4:1,MUTATE
4:2:4:4:2:4:4:4:2:,recombination,16128.872066705464,4:4:4:4:4:0:1:3:4,3:3:4:4:2:4:4:4:0,MUTATE
4:2:4:4:2:4:4:4:2:,recombination,16027.91099200999,4:4:4:4:4:0:1:3:4,4:3:4:4:3:4:4:4:2
3:3:4:4:4:4:4:4:1:,recombination,13456.690010667822,4:3:4:4:4:4:4:4:1,3:3:4:4:1:4:4:4:1
3:3:4:4:4:4:4:4:2:,clone,13315.645910220355,3:3:4:4:4:4:4:4:2
4:3:4:4:4:4:4:4:2:,recombination,13159.897278459457,4:3:4:4:3:4:4:4:1,4:3:4:4:4:4:4:4:2
3:3:4:4:4:4:4:4:1:,clone,13242.170835682862,3:3:4:4:4:4:4:4:1
3:3:4:4:4:4:4:4:2:,recombination,13173.232666580152,2:2:4:4:2:4:4:4:0,2:2:4:4:2:4:4:4:0
3:3:4:4:4:3:4:4:2:,recombination,13487.781066295922,4:3:4:4:2:4:4:4:1,4:2:4:4:4:4:4:4:2
3:3:4:4:4:4:4:4:1:,recombination,13108.237649203349,3:2:4:4:3:4:4:4:1,4:3:4:4:4:4:4:4:4
3:2:4:4:4:4:4:4:1:,recombination,13470.29562086215,3:3:4:4:2:4:4:4:1,4:4:4:4:4:4:3:4:4,MUTATE
3:2:4:4:4:4:4:4:1:,recombination,12996.160691768147,3:2:4:4:2:4:4:4:0,4:2:4:4:4:4:4:4:2,MUTATE
3:2:4:4:2:4:4:4:1:,recombination,13542.392459998486,4:4:4:4:4:3:2:4:4,4:4:4:4:4:0:0:0:4
4:3:4:4:2:4:4:4:2:,recombination,14551.623988231795,3:3:4:4:3:4:4:4:1,4:3:4:4:2:4:4:4:2,MUTATE
3:3:4:4:2:4:4:4:1:,clone,13542.392459998486,3:3:4:4:2:4:4:4:1
4:3:4:4:3:4:4:4:2:,recombination,13676.162935267863,2:3:4:4:2:4:4:4:0,3:2:4:4:0:4:4:4:0
3:3:4:4:4:3:4:4:2:,clone,13466.220288348572,3:3:4:4:4:3:4:4:2
3:2:4:4:3:4:4:4:0:,clone,14335.690238171412,3:2:4:4:3:4:4:4:0
2:2:4:4:2:4:4:4:0:,clone,13629.869465155363,2:2:4:4:2:4:4:4:0
2:2:4:4:2:4:4:4:1:,clone,14992.849979581755,2:2:4:4:1:4:4:4:0
2:2:4:4:3:4:4:4:0:,recombination,13892.731542384656,4:3:4:4:4:4:4:4:4,3:3:4:4:2:4:4:4:1
2:2:4:4:4:4:4:4:1:,recombination,14036.867467760989,3:2:4:4:1:4:4:4:1,3:3:4:4:4:4:4:4:2,MUTATE
2:2:4:4:2:4:4:4:0:,clone,13144.62462782747,2:2:4:4:2:4:4:4:0
2:2:4:4:3:4:4:4:1:,recombination,13642.765399027126,2:2:4:4:0:4:4:4:0,3:2:4:4:3:4:4:4:1,MUTATE
3:2:4:4:1:4:4:4:1:,clone,13869.285321421981,3:2:4:4:1:4:4:4:1
3:2:4:4:1:4:4:4:1:,recombination,13816.779292869078,4:2:4:4:3:4:4:4:1,3:3:4:4:4:4:4:4:1,MUTATE
2:2:4:4:0:4:4:4:0:,recombination,13313.941027529767,3:3:4:4:2:4:4:4:1,2:2:4:4:2:4:4:4:0,MUTATE
2:3:4:4:0:4:4:4:0:,recombination,14032.767496006923,4:3:4:4:4:4:4:4:4,2:3:4:4:0:4:4:4:0,MUTATE
4:3:4:4:4:4:4:4:3:,recombination,13643.857427068075,4:4:4:4:4:0:0:2:4,3:3:4:4:1:4:4:4:0,MUTATE
4:2:4:4:2:4:4:4:1:,recombination,14379.00805966942,4:3:4:4:4:4:4:4:2,2:2:4:4:1:4:4:4:0
4:2:4:4:2:4:4:4:1:,recombination,14370.051819522247,4:2:4:4:4:4:4:4:3,4:4:4:4:4:0:0:0:4
4:4:4:4:4:3:2:4:4:,recombination,13764.247860085488,2:3:4:4:1:4:4:4:0,3:3:4:4:4:4:4:4:1,MUTATE
4:4:4:4:4:3:2:4:4:,recombination,13334.795379529003,4:3:4:4:4:4:4:4:4,4:3:4:4:4:4:4:4:2,MUTATE
4:4:4:4:4:3:2:4:4:,clone,13286.040659234457,4:4:4:4:4:3:2:4:4
3:2:4:4:3:4:4:4:0:,recombination,14315.954330783565,2:2:4:4:3:4:4:4:0,2:2:4:4:2:4:4:4:0
3:2:4:4:3:4:4:4:0:,recombination,14053.24027229487,2:2:4:4:2:4:4:4:0,2:2:4:4:1:4:4:4:0
3:2:4:4:3:4:4:4:0:,recombination,13929.057264808902,3:2:4:4:3:4:4:4:0,4:4:4:4:4:1:0:4:4,MUTATE
2:2:4:4:3:4:4:4:0:,clone,13859.711566123058,3:2:4:4:3:4:4:4:0
4:3:4:4:2:4:4:4:1:,clone,14350.527911646763,4:3:4:4:2:4:4:4:1
4:2:4:4:2:4:4:4:1:,recombination,14295.640352783594,4:4:4:4:4:4:4:4:4,3:2:4:4:1:4:4:4:1
4:2:4:4:2:4:4:4:1:,recombination,14249.669088002425,4:4:4:4:4:4:4:4:4,2:2:4:4:1:4:4:4:0
4:2:4:4:2:4:4:4:1:,clone,14121.428032653614,3:2:4:4:2:4:4:4:1
4:3:4:4:2:4:4:4:1:,recombination,14229.447897952099,4:3:4:4:2:4:4:4:1,2:2:4:4:1:4:4:4:0
4:3:4:4:2:4:4:4:1:,recombination,14227.014258234787,4:4:4:4:4:2:2:4:4,2:2:4:4:2:4:4:4:0,MUTATE
3:2:4:4:0:4:4:4:0:,recombination,13996.071369780213,4:3:4:4:4:4:4:4:2,4:3:4:4:2:4:4:4:1
1:2:4:4:0:4:4:4:0:,clone,14751.514480164871,2:2:4:4:0:4:4:4:0
3:2:4:4:0:4:4:4:0:,clone,13981.455403372567,3:2:4:4:0:4:4:4:0
3:2:4:4:0:4:4:4:0:,clone,13745.697349566602,2:2:4:4:0:4:4:4:0
2:3:4:4:0:4:4:4:0:,clone,13806.335761642864,2:2:4:4:0:4:4:4:0
4:4:4:4:4:0:0:0:4:,recombination,11766.69239761103,4:2:4:4:2:4:4:4:1,4:3:4:4:2:4:4:4:1,MUTATE
4:4:4:4:4:0:0:1:4:,recombination,11699.052976854371,3:3:4:4:4:4:4:4:2,4:4:4:4:4:2:2:4:4,MUTATE
4:4:4:4:4:0:0:0:4:,recombination,11406.445867880799,3:2:4:4:4:4:4:4:1,2:2:4:4:2:4:4:4:0,MUTATE
4:4:4:4:4:0:0:3:4:,recombination,11982.222877711232,4:3:4:4:4:4:4:4:3,4:3:4:4:4:4:3:4:4,MUTATE
4:4:4:4:4:1:1:3:4:,clone,13981.896876811108,4:4:4:4:4:1:1:3:4
4:4:4:4:4:1:1:3:4:,clone,13886.530209479975,4:4:4:4:4:1:1:3:4
4:3:4:4:4:4:4:4:3:,clone,13527.801101926787,4:3:4:4:4:4:4:4:3
4:2:4:4:1:4:4:4:0:,clone,16466.00674439754,4:2:4:4:1:4:4:4:0
4:2:4:4:1:4:4:4:0:,recombination,16466.00674439753,4:4:4:4:4:4:3:4:4,4:2:4:4:4:4:4:4:2,MUTATE
4:2:4:4:2:4:4:4:2:,clone,15060.188750265856,4:2:4:4:2:4:4:4:2
4:2:4:4:2:4:4:4:2:,recombination,14762.35769735941,4:3:4:4:2:4:4:4:1,4:3:4:4:4:3:4:4:4
3:2:4:4:1:4:4:4:0:,recombination,14004.243109542773,3:2:4:4:2:4:4:4:0,3:2:4:4:3:4:4:4:1
3:2:4:4:1:4:4:4:0:,clone,13901.281523416737,3:2:4:4:1:4:4:4:0
3:2:4:4:1:4:4:4:0:,clone,13672.054025586092,3:2:4:4:1:4:4:4:0
4:4:4:4:4:0:1:3:4:,recombination,13094.827566324962,4:4:4:4:4:0:0:4:4,4:3:4:4:4:4:4:4:2
4:3:4:4:4:4:4:4:4:,recombination,13501.817518211941,3:2:4:4:3:4:4:4:1,3:3:4:4:3:4:4:4:1
4:3:4:4:4:4:3:4:4:,recombination,13501.817518211941,4:3:4:4:4:4:4:4:4,4:4:4:4:4:1:2:4:4
4:3:4:4:4:4:4:4:4:,recombination,13454.34151474847,3:3:4:4:4:4:4:4:1,3:2:4:4:2:4:4:4:1
4:3:4:4:4:4:4:4:3:,clone,13283.728891784282,4:3:4:4:4:4:4:4:3
3:3:4:4:2:4:4:4:0:,clone,13835.4197268249,3:3:4:4:2:4:4:4:0
2:2:4:4:4:4:4:4:0:,clone,14205.51305251383,2:2:4:4:2:4:4:4:0
4:3:4:4:4:4:4:4:1:,clone,14184.492733697272,4:3:4:4:4:4:4:4:1
3:2:4:4:2:4:4:4:0:,clone,13928.172811811708,3:2:4:4:2:4:4:4:0
3:2:4:4:2:4:4:4:0:,clone,13840.988623813744,3:2:4:4:2:4:4:4:0
3:3:4:4:2:4:4:4:0:,recombination,13742.489494288924,3:2:4:4:2:4:4:4:0,3:3:4:4:2:4:4:4:0,MUTATE
4:3:4:4:4:4:3:4:4:,recombination,13436.098389452318,4:2:4:4:2:4:4:4:1,2:2:4:4:2:4:4:4:1
4:3:4:4:4:4:4:4:4:,recombination,13357.923382234778,4:4:4:4:4:0:0:3:4,4:4:4:4:4:2:2:4:4,MUTATE
4:4:4:4:4:2:2:4:4:,clone,12317.64091955748,4:4:4:4:4:2:2:4:4
4:4:4:4:4:2:2:4:4:,clone,12181.506328538197,4:4:4:4:4:2:2:4:4
4:3:4:4:3:4:4:4:1:,clone,14143.122240691497,4:3:4:4:3:4:4:4:1
4:2:4:4:1:4:4:4:0:,recombination,16264.28640268841,2:2:4:4:0:4:4:4:0,3:3:4:4:1:4:4:4:0,MUTATE
4:2:4:4:3:4:4:4:1:,clone,14049.434274204503,4:2:4:4:3:4:4:4:1
4:2:4:4:4:4:4:4:3:,recombination,14085.09293298133,4:3:4:4:2:4:4:4:1,4:4:4:4:4:2:2:4:4,MUTATE
4:2:4:4:2:4:4:4:2:,recombination,14727.316759081943,3:2:4:4:2:4:4:4:0,3:2:4:4:1:4:4:4:1
4:2:4:4:2:4:4:4:2:,recombination,14709.140695133192,4:4:4:4:4:4:4:4:4,3:2:4:4:3:4:4:4:0
4:2:4:4:2:4:4:4:2:,recombination,14575.911615530647,3:2:4:4:1:4:4:4:0,3:3:4:4:2:4:4:4:1,MUTATE
4:2:4:4:0:4:4:4:1:,clone,15679.419390257148,3:2:4:4:0:4:4:4:1
4:4:4:4:4:0:0:1:4:,clone,10984.175261227077,4:4:4:4:4:0:0:2:4
4:4:4:4:4:1:1:4:4:,clone,11485.120738114481,4:4:4:4:4:1:1:4:4
4:4:4:4:4:0:1:3:4:,recombination,11051.746819233533,3:2:4:4:3:4:4:4:1,4:2:4:4:3:4:4:4:1,MUTATE
4:4:4:4:4:1:1:4:4:,recombination,11224.054046556295,4:2:4:4:0:4:4:4:0,2:2:4:4:0:4:4:4:0
4:4:4:4:4:0:0:1:4:,recombination,10890.027681258025,3:2:4:4:1:4:4:4:1,3:2:4:4:2:4:4:4:1
4:4:4:4:4:0:0:3:4:,recombination,11757.82027499676,3:2:4:4:1:4:4:4:1,4:3:4:4:4:4:4:4:4,MUTATE
4:3:4:4:4:2:3:4:4:,clone,13306.142333913222,4:4:4:4:4:2:3:4:4
2:3:4:4:0:4:4:4:0:,recombination,13606.346473279178,3:2:4:4:1:4:4:4:0,4:3:4:4:4:4:4:4:1,MUTATE
4:4:4:4:4:4:3:4:4:,clone,13813.547172433407,4:4:4:4:4:4:3:4:4
2:2:4:4:4:4:4:4:1:,clone,13762.614496850085,2:2:4:4:4:4:4:4:1
2:2:4:4:4:4:4:4:1:,clone,13522.126448030232,2:2:4:4:4:4:4:4:1
3:2:4:4:4:4:4:4:2:,clone,13258.721930918606,4:3:4:4:4:4:4:4:2
3:3:4:4:4:4:4:4:2:,clone,13026.41421892584,3:3:4:4:4:4:4:4:2
3:2:4:4:4:4:4:4:2:,clone,13204.079599934297,3:2:4:4:4:4:4:4:2
3:3:4:4:4:4:4:4:2:,recombination,12908.469431010028,4:3:4:4:4:4:4:4:1,2:2:4:4:3:4:4:4:0
3:2:4:4:4:4:4:4:2:,recombination,13037.261684840867,3:2:4:4:3:4:4:4:0,4:4:4:4:4:2:3:4:4
3:3:4:4:1:4:4:4:1:,clone,13825.937069566698,3:3:4:4:1:4:4:4:1
3:3:4:4:1:4:4:4:1:,clone,13727.43794004188,3:3:4:4:1:4:4:4:1
3:3:4:4:0:4:4:4:1:,clone,13917.364319028635,3:3:4:4:1:4:4:4:1
3:3:4:4:1:4:4:4:1:,recombination,13724.050968146563,4:4:4:4:4:4:3:4:4,4:3:4:4:4:3:4:4:4
4:3:4:4:4:3:4:4:4:,recombination,13340.725124013034,4:2:4:4:3:4:4:4:1,2:2:4:4:0:4:4:4:0
4:3:4:4:4:4:4:4:1:,recombination,14126.738755560069,4:4:4:4:4:0:0:1:4,4:3:4:4:4:4:4:4:2,MUTATE
4:3:4:4:4:3:4:4:4:,clone,13307.405559963478,4:3:4:4:4:3:4:4:4
4:3:4:4:4:4:4:4:1:,recombination,14069.221045282113,3:2:4:4:1:4:4:4:1,4:2:4:4:3:4:4:4:1,MUTATE
4:3:4:4:4:4:4:4:1:,clone,14062.423608283934,4:3:4:4:4:4:4:4:1
4:3:4:4:4:4:4:4:1:,recombination,13755.504260022104,2:2:4:4:0:4:4:4:0,4:3:4:4:4:4:4:4:4
4:3:4:4:3:4:4:4:3:,clone,15206.783965363362,4:3:4:4:3:4:4:4:3
4:3:4:4:3:4:4:4:3:,recombination,15178.4331485366,4:4:4:4:4:2:3:4:4,4:3:4:4:4:4:4:4:4
4:3:4:4:1:4:4:4:2:,recombination,15178.994036267732,4:3:4:4:3:4:4:4:2,4:3:4:4:4:4:4:4:1,MUTATE
4:3:4:4:2:4:4:4:1:,clone,14143.66022139037,4:3:4:4:2:4:4:4:1
4:4:4:4:4:1:1:3:4:,clone,13405.760089135261,4:4:4:4:4:1:1:3:4
4:4:4:4:4:1:1:3:4:,clone,13394.927963333323,4:4:4:4:4:1:1:3:4
4:4:4:4:4:1:1:3:4:,recombination,13265.757852219582,3:2:4:4:4:4:4:4:1,4:3:4:4:4:3:3:4:4
4:4:4:4:4:1:0:3:4:,clone,13745.820204579677,4:4:4:4:4:1:0:3:4
4:3:4:4:2:4:4:4:1:,clone,13942.035181994748,4:3:4:4:2:4:4:4:1
4:3:4:4:2:4:4:4:1:,clone,13827.0458748825,4:3:4:4:2:4:4:4:1
1:2:4:4:0:4:4:4:0:,clone,14092.770860342538,3:2:4:4:0:4:4:4:0
2:3:4:4:1:4:4:4:0:,clone,13720.22618162993,2:3:4:4:1:4:4:4:0
2:2:4:4:0:4:4:4:0:,recombination,13291.010050429,3:3:4:4:2:4:4:4:0,4:2:4:4:2:4:4:4:2,MUTATE
2:2:4:4:0:4:4:4:0:,recombination,13260.740241605517,2:2:4:4:0:4:4:4:0,3:2:4:4:3:4:4:4:0,MUTATE
4:3:4:4:4:3:3:4:3:,recombination,12670.696009668294,4:4:4:4:4:3:3:4:4,4:3:4:4:4:4:4:4:4,MUTATE
4:3:4:4:4:3:4:4:3:,clone,13038.899801279851,4:3:4:4:4:3:4:4:3
4:3:4:4:4:3:3:4:3:,recombination,12170.634145995364,3:3:4:4:2:4:4:4:0,2:2:4:4:2:4:4:4:1
4:3:4:4:4:3:3:4:4:,recombination,12562.694443459644,3:3:4:4:2:4:4:4:1,4:3:4:4:4:4:4:4:2,MUTATE
4:3:4:4:4:2:3:4:4:,clone,12352.214718161486,4:3:4:4:4:2:3:4:4
4:3:4:4:4:3:4:4:3:,clone,12289.52689963445,4:3:4:4:4:3:4:4:3
4:3:4:4:4:3:4:4:4:,recombination,12708.754265384108,4:3:4:4:4:4:4:4:4,4:3:4:4:3:4:4:4:1
4:3:4:4:4:3:4:4:4:,clone,12233.251528268927,4:3:4:4:4:3:4:4:4
4:3:4:4:4:3:4:4:3:,clone,12289.526899634448,4:3:4:4:4:3:4:4:3
4:3:4:4:4:3:3:4:4:,clone,12441.007181409908,4:3:4:4:4:3:3:4:4
4:3:4:4:4:3:3:4:4:,recombination,12135.516046494768,2:2:4:4:0:4:4:4:0,3:2:4:4:0:4:4:4:0,MUTATE
4:3:4:4:4:4:4:4:3:,recombination,12857.709282527627,3:3:4:4:4:4:4:4:2,4:2:4:4:2:4:4:4:1,MUTATE
4:3:4:4:4:4:4:4:2:,clone,12961.066552044336,4:3:4:4:4:4:4:4:2
4:3:4:4:4:4:4:4:4:,recombination,13194.862855674697,4:4:4:4:4:4:4:4:4,4:4:4:4:4:1:1:3:4,MUTATE
2:2:4:4:1:4:4:4:0:,recombination,13352.707823827011,2:2:4:4:0:4:4:4:0,4:2:4:4:2:4:4:4:2
2:2:4:4:4:4:4:4:0:,clone,14187.18222471578,3:2:4:4:4:4:4:4:1
3:2:4:4:3:4:4:4:1:,recombination,13286.469053738785,2:2:4:4:0:4:4:4:0,3:3:4:4:2:4:4:4:1
2:2:4:4:3:4:4:4:1:,recombination,13406.28676670799,4:3:4:4:4:3:3:4:4,3:2:4:4:3:4:4:4:1,MUTATE
2:2:4:4:3:4:4:4:0:,clone,13647.561497093215,2:2:4:4:3:4:4:4:0
3:2:4:4:3:4:4:4:0:,clone,13504.19774436872,3:2:4:4:3:4:4:4:0
3:2:4:4:1:4:4:4:0:,clone,13506.882417365383,3:2:4:4:1:4:4:4:0
3:2:4:4:2:4:4:4:0:,recombination,13715.539455426097,3:2:4:4:3:4:4:4:1,4:2:4:4:3:4:4:4:1
4:2:4:4:0:4:4:4:1:,recombination,15206.112745851631,4:3:4:4:4:4:4:4:4,4:3:4:4:1:4:4:4:1
3:3:4:4:3:4:4:4:0:,recombination,14430.395106436472,3:2:4:4:1:4:4:4:0,2:2:4:4:0:4:4:4:0,MUTATE
4:3:4:4:4:2:2:4:4:,clone,12259.166141067171,4:3:4:4:4:2:2:4:4
4:4:4:4:4:3:3:4:4:,recombination,12450.652803532192,3:3:4:4:1:4:4:4:0,4:2:4:4:3:4:4:4:1,MUTATE
4:4:4:4:4:3:2:4:4:,recombination,13154.94767715173,2:2:4:4:3:4:4:4:0,4:2:4:4:3:4:4:4:1,MUTATE
4:3:4:4:4:4:3:4:4:,recombination,13214.90670532704,3:2:4:4:0:4:4:4:1,3:2:4:4:0:4:4:4:1
2:3:4:4:4:4:4:4:1:,recombination,13411.115458421264,3:2:4:4:0:4:4:4:0,4:2:4:4:3:4:4:4:1
2:2:4:4:2:4:4:4:0:,recombination,13131.194272746592,3:2:4:4:3:4:4:4:1,3:2:4:4:1:4:4:4:1,MUTATE
2:3:4:4:1:4:4:4:0:,clone,13515.819964604312,2:3:4:4:1:4:4:4:0
4:3:4:4:4:4:4:4:4:,clone,13116.502669682288,4:3:4:4:4:4:4:4:4
4:4:4:4:4:1:0:3:4:,clone,13320.82569944436,4:4:4:4:4:1:0:3:4
4:2:4:4:2:4:4:4:0:,clone,16456.975731607276,4:2:4:4:2:4:4:4:0
1:2:4:4:0:4:4:4:0:,clone,13825.785791173463,2:2:4:4:0:4:4:4:0
2:2:4:4:0:4:4:4:0:,clone,13258.815838806644,2:2:4:4:0:4:4:4:0
4:2:4:4:4:4:4:4:2:,clone,13587.617042700014,4:2:4:4:4:4:4:4:2
4:3:4:4:2:4:4:4:2:,recombination,14478.150184462318,2:2:4:4:4:4:4:4:0,4:3:4:4:4:4:3:4:4
4:3:4:4:1:4:4:4:2:,clone,14526.926657824888,4:3:4:4:4:4:4:4:2
4:2:4:4:1:4:4:4:1:,clone,13889.281422828411,4:2:4:4:1:4:4:4:1
4:2:4:4:2:4:4:4:2:,clone,13953.014036222117,4:2:4:4:2:4:4:4:2
4:2:4:4:2:4:4:4:2:,recombination,13816.442881842384,4:3:4:4:4:4:4:4:2,2:2:4:4:0:4:4:4:0,MUTATE
4:2:4:4:2:4:4:4:2:,recombination,13799.248090673987,4:4:4:4:4:0:0:3:4,4:2:4:4:2:4:4:4:2
4:2:4:4:2:4:4:4:2:,clone,13757.345948102531,4:2:4:4:2:4:4:4:2
3:2:4:4:2:4:4:4:1:,clone,13472.66805939459,3:2:4:4:2:4:4:4:1
4:3:4:4:2:4:4:4:2:,clone,14450.91615294237,4:3:4:4:2:4:4:4:2
4:2:4:4:1:4:4:4:2:,clone,13971.041602001747,4:2:4:4:1:4:4:4:2
3:2:4:4:0:4:4:4:0:,clone,13641.102115994225,3:2:4:4:0:4:4:4:0
4:2:4:4:1:4:4:4:1:,recombination,13839.70166520822,2:3:4:4:3:4:4:4:0,4:2:4:4:4:4:4:4:3
3:2:4:4:0:4:4:4:1:,recombination,13814.394044528977,4:3:4:4:4:4:4:4:2,2:2:4:4:1:4:4:4:0
3:2:4:4:0:4:4:4:1:,clone,13776.61077104888,3:2:4:4:0:4:4:4:1
3:3:4:4:1:4:4:4:1:,clone,13685.827386705649,3:3:4:4:1:4:4:4:1
3:2:4:4:0:4:4:4:1:,clone,13760.771507043326,3:2:4:4:0:4:4:4:1
3:2:4:4:0:4:4:4:1:,recombination,13707.877770426496,4:3:4:4:4:4:4:4:2,4:3:4:4:4:2:3:4:4
3:3:4:4:0:4:4:4:1:,clone,13601.503088101279,3:3:4:4:1:4:4:4:1
3:3:4:4:1:4:4:4:1:,clone,13593.032332213348,3:3:4:4:1:4:4:4:1
3:2:4:4:0:4:4:4:1:,clone,13683.815716556579,3:2:4:4:0:4:4:4:1
2:2:4:4:0:4:4:4:0:,clone,13217.997191059769,2:2:4:4:0:4:4:4:0
2:2:4:4:0:4:4:4:0:,recombination,13185.239980112945,3:2:4:4:0:4:4:4:0,4:3:4:4:4:3:3:4:4
4:4:4:4:4:3:4:4:4:,recombination,13452.445450551388,2:2:4:4:0:4:4:4:0,4:2:4:4:4:4:4:4:3
4:4:4:4:4:3:4:4:4:,recombination,13441.332826638289,4:2:4:4:4:4:4:4:2,4:3:4:4:4:4:4:4:4
4:2:4:4:4:4:4:4:2:,clone,13436.34615117516,4:2:4:4:4:4:4:4:2
4:2:4:4:4:4:4:4:2:,clone,13409.395656460056,3:2:4:4:4:4:4:4:2
