3:3:4:4:4:2:3:4:3:,initialisation,5578.027514124656,
4:4:4:4:4:2:2:4:4:,initialisation,5168.521860569441,
4:4:4:4:4:3:3:4:4:,initialisation,5830.856428826944,
4:4:4:4:4:1:1:4:4:,initialisation,5583.961932128103,
4:4:4:4:4:1:1:4:4:,initialisation,5172.802687265699,
4:4:4:4:4:2:3:4:4:,initialisation,6203.725065248315,
4:4:4:4:4:0:1:3:4:,initialisation,5521.44086767146,
4:4:4:4:4:1:1:3:4:,initialisation,5876.752032087571,
4:4:4:4:4:2:1:4:4:,initialisation,5024.685921687007,
4:3:4:4:4:2:3:4:4:,initialisation,5321.113751503076,
4:4:4:4:4:1:2:4:4:,initialisation,6067.345873574467,
4:4:4:4:4:3:2:4:4:,initialisation,5005.73639565053,
4:4:4:4:4:2:2:2:4:,initialisation,5257.039097315106,
3:3:4:4:4:3:3:3:3:,initialisation,5693.443055191102,
4:4:4:4:4:2:3:4:4:,initialisation,6055.2659521838,
4:4:4:4:4:0:1:4:4:,initialisation,5091.058653944236,
4:3:4:4:4:1:2:4:4:,initialisation,6004.06277935919,
3:3:4:4:4:3:3:4:3:,initialisation,5958.600506677737,
4:4:4:4:4:1:2:4:4:,initialisation,5572.667005998351,
4:4:4:4:4:2:3:4:4:,initialisation,5786.7085600731025,
4:4:4:4:4:1:2:3:4:,initialisation,5996.06429786261,
4:4:4:4:4:1:2:4:4:,initialisation,5107.319816377478,
4:4:4:4:4:2:3:4:4:,initialisation,5785.004095612972,
4:4:4:4:4:2:3:4:4:,initialisation,5465.1750082858525,
4:4:4:4:4:2:2:3:4:,initialisation,5786.814183318028,
4:4:4:4:4:3:3:4:4:,initialisation,5763.3448612055245,
4:4:4:4:4:3:3:4:4:,initialisation,5760.0530502132215,
3:3:4:4:4:4:3:4:2:,initialisation,5742.585614592696,
4:3:4:4:4:3:3:4:4:,initialisation,6478.9429588894,
4:4:4:4:4:4:3:4:4:,initialisation,6546.695218760849,
4:4:4:4:4:1:1:3:4:,initialisation,4799.167743035181,
4:4:4:4:4:3:3:4:4:,initialisation,5733.497796467833,
4:3:4:4:4:1:2:4:4:,initialisation,4785.968916738532,
4:3:4:4:4:4:3:4:3:,initialisation,6478.078390079522,
4:4:4:4:4:1:2:3:4:,initialisation,5846.865762497886,
4:4:4:4:4:2:1:3:4:,initialisation,5955.97753397419,
4:4:4:4:4:1:1:2:4:,initialisation,5405.79560324875,
4:3:4:4:4:3:3:4:4:,initialisation,5792.343465988262,
3:3:4:4:4:3:4:4:2:,initialisation,6443.177692764682,
4:4:4:4:4:0:1:2:4:,initialisation,5211.101788523626,
4:4:4:4:4:1:3:4:4:,initialisation,5576.903691690044,
4:4:4:4:4:3:3:4:4:,initialisation,5625.7237315407565,
4:4:4:4:4:1:1:1:4:,initialisation,5313.197618149544,
4:4:4:4:4:1:2:3:4:,initialisation,5631.297383866641,
4:4:4:4:4:2:1:3:4:,initialisation,5730.857472976697,
3:3:4:4:4:3:2:4:3:,initialisation,6065.097811624697,
3:3:4:4:4:3:3:4:3:,initialisation,5861.661129271678,
4:3:4:4:4:3:3:4:4:,initialisation,5397.144960863015,
4:3:4:4:4:3:3:4:3:,initialisation,6401.181870647634,
4:4:4:4:4:1:1:2:4:,initialisation,4236.148001864753,
4:3:4:4:4:2:3:4:4:,initialisation,5095.649621164445,
4:4:4:4:4:2:3:4:4:,initialisation,5358.059872159074,
4:4:4:4:4:3:3:4:4:,initialisation,5575.452608466517,
4:3:4:4:4:2:3:3:4:,initialisation,5467.536591673885,
4:4:4:4:4:0:1:1:4:,initialisation,4750.71949460196,
4:4:4:4:4:0:1:2:4:,initialisation,5064.243311761889,
4:4:4:4:4:1:1:1:4:,initialisation,4475.12426419067,
4:3:4:4:4:2:2:4:4:,initialisation,5685.626112556901,
3:3:4:4:4:2:3:4:3:,initialisation,5044.525111122106,
4:4:4:4:4:1:1:4:4:,initialisation,5115.807083376647,
4:4:4:4:4:0:1:3:4:,initialisation,5259.217349873933,
2:3:4:4:4:2:3:4:2:,initialisation,6058.764412265709,
4:4:4:4:4:2:2:3:4:,initialisation,5353.329845197763,
4:4:4:4:4:0:1:3:4:,initialisation,4860.854185330391,
4:4:4:4:4:2:2:4:4:,initialisation,5120.664333458834,
3:3:4:4:4:3:4:4:2:,initialisation,6065.513788139224,
3:3:4:4:4:3:3:4:3:,initialisation,5467.501082446787,
4:3:4:4:4:3:3:4:3:,initialisation,6085.996114289128,
4:4:4:4:4:1:2:3:4:,initialisation,5381.091182844882,
4:3:4:4:4:4:3:4:4:,initialisation,6434.437671909855,
4:4:4:4:4:1:2:4:4:,initialisation,5097.278265983336,
4:3:4:4:4:2:2:4:4:,initialisation,5363.4680208214595,
4:3:4:4:4:1:1:3:4:,initialisation,4804.527307050446,
4:3:4:4:4:3:3:4:4:,initialisation,5031.4267158179555,
4:4:4:4:4:1:2:3:4:,initialisation,5198.599835227464,
4:4:4:4:4:1:3:4:4:,initialisation,5451.7544722856255,
4:4:4:4:4:1:1:4:4:,initialisation,5101.361333955643,
4:4:4:4:4:2:2:4:4:,initialisation,4819.446613127927,
4:4:4:4:4:1:1:4:4:,initialisation,4891.723142747826,
4:4:4:4:4:1:2:4:4:,initialisation,5033.453391686948,
4:4:4:4:4:0:1:2:4:,initialisation,4876.189808672789,
4:3:4:4:4:4:3:4:4:,initialisation,6375.021988205898,
3:3:4:4:4:3:3:4:2:,initialisation,5919.123509306346,
3:3:4:4:4:2:3:3:3:,initialisation,6249.897126525271,
4:4:4:4:4:1:3:4:4:,initialisation,5089.116831028512,
4:4:4:4:4:2:3:4:4:,initialisation,4916.061960869395,
4:4:4:4:4:1:2:3:4:,initialisation,4767.089795542763,
4:3:4:4:4:3:2:4:4:,initialisation,5729.625721471875,
4:4:4:4:4:0:0:1:4:,initialisation,4740.785233199442,
4:4:4:4:4:0:0:0:4:,initialisation,4173.082899191449,
4:3:4:4:4:3:2:4:4:,initialisation,5627.163156271964,
4:3:4:4:4:4:3:4:4:,initialisation,6330.213502588099,
3:3:4:4:4:2:3:3:3:,initialisation,5830.072741259029,
4:4:4:4:4:3:3:4:4:,initialisation,5368.237903530234,
4:4:4:4:4:4:3:4:4:,initialisation,6055.265952183802,
2:3:4:4:4:3:3:4:2:,initialisation,5151.351874840515,
4:4:4:4:4:1:2:4:4:,initialisation,4929.888043024111,
4:3:4:4:4:1:3:4:4:,initialisation,5302.580400794693,
3:3:4:4:4:1:2:3:3:,initialisation,4238.945707674653,
3:3:4:4:4:3:4:4:3:,initialisation,6694.19139377976,
4:4:4:4:4:2:1:3:4:,initialisation,5723.312434286723,
3:3:4:4:4:3:3:4:3:,initialisation,5359.786542850555,
4:4:4:4:4:2:3:3:4:,initialisation,6344.07325611778,
4:4:4:4:4:1:2:2:4:,initialisation,5296.817848725215,
4:4:4:4:4:1:2:2:4:,initialisation,5234.897479480005,
3:3:4:4:4:2:4:4:3:,initialisation,6876.873663457292,
4:4:4:4:4:1:2:4:4:,initialisation,4775.134673908488,
4:4:4:4:4:1:1:4:4:,initialisation,4846.51383945386,
4:4:4:4:4:0:0:2:4:,initialisation,5350.2000132039175,
3:3:4:4:4:2:2:4:3:,initialisation,4977.65483008336,
4:3:4:4:4:3:3:4:3:,initialisation,5443.417245019036,
4:4:4:4:4:2:3:3:4:,initialisation,5867.088183819174,
3:3:4:4:4:1:2:4:3:,initialisation,5791.558333782289,
4:3:4:4:4:1:1:2:4:,initialisation,4930.228836404382,
4:3:4:4:4:1:1:3:4:,initialisation,4658.071154850757,
4:3:4:4:4:2:2:4:4:,initialisation,4753.153752855228,
4:4:4:4:4:2:2:4:4:,initialisation,4537.338683778517,
4:4:4:4:4:4:3:4:4:,initialisation,5769.2113619723,
4:3:4:4:4:4:3:4:3:,initialisation,5941.077988011132,
4:3:4:4:4:4:3:4:4:,initialisation,6047.979899466104,
3:3:4:4:4:3:4:4:3:,initialisation,6432.486826473353,
4:4:4:4:4:1:2:2:4:,initialisation,4922.302005861082,
3:3:4:4:4:2:2:2:3:,initialisation,4952.391041532044,
4:3:4:4:4:2:3:4:3:,initialisation,6416.465557435699,
4:3:4:4:4:2:2:3:4:,initialisation,5738.331436077331,
4:4:4:4:4:1:0:1:4:,initialisation,4423.798788466245,
4:3:4:4:4:2:2:3:4:,initialisation,4944.616995770795,
4:3:4:4:4:3:3:4:3:,initialisation,5356.392972027613,
4:4:4:4:4:0:1:4:4:,initialisation,5075.652555642857,
4:4:4:4:4:2:1:3:4:,initialisation,4782.712358625437,
4:4:4:4:4:1:2:3:4:,initialisation,4697.491143191204,
4:3:4:4:4:4:3:4:4:,initialisation,5863.811355210486,
4:3:4:4:4:0:2:2:4:,initialisation,4633.982252844858,
3:3:4:4:4:3:3:4:3:,initialisation,5110.75571148273,
4:3:4:4:4:4:3:4:4:,initialisation,5333.359062018026,
4:3:4:4:4:2:3:4:3:,initialisation,5932.709220365258,
4:4:4:4:4:1:1:3:4:,initialisation,4643.066678474763,
4:4:4:4:4:3:3:3:4:,initialisation,5953.02292762553,
4:3:4:4:4:2:3:4:3:,initialisation,5926.086692275788,
4:3:4:4:4:2:3:4:3:,initialisation,5727.835483808091,
4:4:4:4:4:0:1:2:4:,initialisation,4377.455335032703,
4:4:4:4:4:0:1:3:4:,initialisation,4594.923946673421,
4:4:4:4:4:1:0:2:4:,initialisation,4925.110544486156,
2:3:4:4:4:2:3:4:2:,initialisation,5875.376091887415,
2:3:4:4:4:2:3:4:2:,initialisation,5838.691365109486,
2:2:4:4:4:3:3:4:2:,initialisation,5314.899564546607,
4:4:4:4:4:1:2:2:4:,initialisation,4892.066681403837,
4:4:4:4:4:2:1:4:4:,initialisation,4913.386236311743,
4:3:4:4:4:1:2:3:4:,initialisation,4868.311679314426,
4:4:4:4:4:2:2:3:4:,initialisation,4801.326125044271,
2:3:4:4:4:4:4:4:2:,initialisation,6660.669522972206,
4:4:4:4:4:2:3:3:4:,initialisation,5762.085890684179,
2:2:4:4:4:1:3:4:2:,initialisation,5303.212493733157,
3:3:4:4:4:1:2:4:3:,initialisation,5704.330601204737,
2:3:4:4:4:4:4:4:2:,initialisation,6224.912905860236,
3:4:4:4:4:3:3:4:3:,initialisation,6622.097097164218,
3:3:4:4:4:4:4:4:2:,initialisation,5590.3286991366485,
4:4:4:4:4:1:1:4:4:,initialisation,4822.254586740025,
4:4:4:4:4:3:3:4:4:,initialisation,5296.581019172766,
4:4:4:4:4:2:1:2:4:,initialisation,6346.9836028019035,
4:4:4:4:4:3:2:3:4:,initialisation,5862.840100978337,
4:3:4:4:4:1:2:2:4:,initialisation,5237.936439877844,
4:4:3:4:4:1:1:4:4:,initialisation,6055.265952183802,
4:3:4:4:4:3:3:3:4:,initialisation,5956.097763361729,
2:2:4:4:4:2:3:4:2:,initialisation,6193.127260188819,
1:2:4:4:3:4:4:4:1:,initialisation,6769.707166824909,
3:3:4:4:4:3:3:4:2:,initialisation,5626.880283484185,
2:3:4:4:4:3:4:4:2:,initialisation,6366.516981563352,
4:3:4:4:4:1:3:3:4:,initialisation,6134.680465283509,
3:3:4:4:4:1:3:3:3:,initialisation,5413.805727313383,
3:3:4:4:4:2:3:4:3:,initialisation,4994.332231245688,
2:2:4:4:4:4:4:4:2:,initialisation,6346.5110802601885,
4:4:3:4:4:0:1:4:4:,initialisation,6055.2659521838,
4:4:4:4:4:1:1:4:4:,initialisation,4712.670871801687,
4:3:4:4:4:1:3:3:4:,initialisation,4841.404067875071,
3:3:4:4:4:4:3:4:3:,initialisation,6106.495149440878,
4:4:4:4:4:2:1:2:4:,initialisation,5404.665242710131,
4:3:4:4:4:2:3:3:4:,initialisation,5343.927525251706,
4:4:4:4:4:1:2:3:4:,initialisation,4475.652490252759,
4:3:4:4:4:4:4:4:3:,initialisation,6715.464538352003,
3:3:4:4:4:2:3:4:2:,initialisation,5942.967454252215,
4:3:4:4:4:2:3:4:4:,initialisation,4960.014307210652,
4:4:4:4:4:3:3:4:4:,initialisation,5278.540883487789,
3:3:4:4:4:1:3:4:3:,initialisation,5668.480262871191,
4:3:4:4:4:1:2:4:4:,initialisation,4751.335823301246,
4:3:4:4:4:2:2:2:4:,initialisation,5566.375730761402,
4:4:4:4:4:3:2:3:4:,initialisation,5685.545455505524,
4:3:4:4:4:1:1:2:4:,initialisation,4559.979609141686,
2:2:4:4:4:2:3:4:2:,initialisation,4726.746558171501,
2:3:4:4:4:3:4:4:1:,initialisation,6555.684988291993,
2:3:4:4:4:2:3:4:2:,initialisation,5311.500270644755,
2:2:4:4:4:4:4:4:1:,initialisation,7407.722549583379,
4:4:4:4:4:3:2:3:4:,initialisation,5602.868599243429,
4:3:4:4:4:1:1:3:4:,initialisation,4432.92191287931,
4:3:4:4:4:1:2:3:4:,initialisation,4588.087766770305,
4:3:4:4:4:2:3:4:4:,initialisation,4950.273550736503,
3:3:4:4:4:1:3:4:3:,initialisation,4451.576850032224,
3:3:4:4:4:2:2:3:3:,initialisation,6006.448857896911,
3:3:4:4:4:1:2:4:3:,initialisation,4948.714878784473,
4:3:4:4:4:3:4:4:3:,initialisation,6229.669550744366,
2:3:4:4:4:2:2:4:2:,initialisation,5755.000755035957,
4:4:4:4:4:0:1:1:4:,initialisation,4345.901883896549,
4:4:4:4:4:0:1:4:4:,initialisation,4951.131906361915,
2:2:4:4:4:3:4:4:2:,initialisation,6267.530065439039,
4:4:4:4:4:1:2:2:4:,initialisation,4856.591804803071,
4:4:4:4:4:2:1:4:4:,initialisation,4858.487940806915,
4:3:4:4:4:0:1:3:4:,initialisation,4301.674987154395,
3:3:4:4:4:2:3:4:3:,initialisation,4417.433195334692,
4:3:4:4:4:1:2:2:4:,initialisation,5022.859933374468,
4:3:4:4:4:1:3:4:4:,initialisation,5030.045648245806,
2:2:4:4:4:2:4:4:2:,initialisation,5785.362438372914,
4:3:4:4:4:2:2:4:4:,initialisation,4551.528955004996,
3:3:4:4:4:2:2:3:3:,initialisation,5766.619541874007,
4:4:4:4:4:0:0:2:4:,initialisation,4822.974979568285,
4:4:4:4:4:0:2:4:4:,initialisation,5791.297961627555,
4:3:4:4:4:3:2:4:4:,initialisation,5456.845032197423,
4:4:4:4:4:0:2:3:4:,initialisation,5405.2925640789035,
4:4:4:4:4:1:1:3:4:,initialisation,4538.0702064513225,
4:4:4:4:4:1:3:3:4:,initialisation,5559.586570924625,
3:3:4:4:4:1:2:2:3:,initialisation,5536.52397297983,
4:3:4:4:4:1:2:2:4:,initialisation,4236.601743607699,
4:4:4:4:4:3:3:4:4:,initialisation,5042.726380338293,
4:3:4:4:4:4:3:4:3:,initialisation,5391.750870385723,
4:4:4:4:4:2:2:2:4:,initialisation,5110.44759197137,
4:3:4:4:4:0:1:2:4:,initialisation,4958.854903760817,
3:3:4:4:4:3:4:4:3:,initialisation,5980.761767793397,
2:3:4:4:4:2:3:4:2:,initialisation,5206.641724960978,
2:2:4:4:4:3:4:4:1:,initialisation,5792.323579181531,
4:4:4:4:4:2:1:2:4:,initialisation,5220.07115871222,
4:4:4:4:4:0:1:3:4:,clone,4548.421533034523,4:4:4:4:4:0:1:2:4
4:4:4:4:4:0:1:2:4:,recombination,4126.160388564287,4:4:4:4:4:1:1:4:4,4:4:4:4:4:1:0:1:4
4:4:4:4:4:1:2:4:4:,recombination,4710.444007128834,4:3:4:4:4:1:1:3:4,4:3:4:4:4:2:2:4:4
4:4:4:4:4:3:2:3:4:,recombination,5502.950146395923,4:3:4:4:4:1:2:2:4,4:4:4:4:4:3:2:3:4,MUTATE
4:3:4:4:4:3:3:3:4:,clone,5766.137491092186,3:3:4:4:4:3:3:3:3
4:4:4:4:4:0:0:1:4:,recombination,4475.12426419067,4:4:4:4:4:1:1:1:4,3:3:4:4:4:2:2:4:3
4:3:4:4:4:2:2:4:4:,clone,4550.000815362412,4:3:4:4:4:2:2:4:4
4:4:4:4:4:1:1:3:4:,recombination,4361.964432943257,3:3:4:4:4:3:3:4:3,4:4:4:4:4:0:1:3:4,MUTATE
4:4:4:4:4:1:2:2:4:,clone,4740.570026552427,4:4:4:4:4:1:2:2:4
2:3:4:4:4:3:4:4:1:,clone,6366.770297693294,2:3:4:4:4:3:4:4:1
3:3:4:4:4:3:4:4:3:,clone,5929.209681406622,3:3:4:4:4:3:4:4:3
4:3:4:4:4:3:2:4:4:,recombination,4852.734225164507,4:3:4:4:4:3:3:4:4,3:3:4:4:4:4:4:4:2,MUTATE
3:3:4:4:4:2:2:4:3:,recombination,4857.040962800381,4:4:4:4:4:2:1:2:4,2:3:4:4:4:2:2:4:2,MUTATE
4:3:4:4:4:4:3:4:3:,clone,5320.804621578202,4:3:4:4:4:4:3:4:4
4:3:4:4:4:3:3:4:3:,recombination,5326.643351501586,4:3:4:4:4:3:2:4:4,4:3:4:4:4:4:3:4:3
4:4:4:4:4:0:1:3:4:,clone,4472.304928701281,4:4:4:4:4:0:1:3:4
3:3:4:4:4:2:4:4:3:,clone,6646.885779052566,3:3:4:4:4:2:4:4:3
4:3:4:4:4:2:2:4:4:,clone,4422.356639017026,3:3:4:4:4:2:3:4:3
3:3:4:4:4:3:4:4:3:,recombination,5862.233644373172,4:3:4:4:4:3:3:4:4,3:3:4:4:4:3:4:4:3,MUTATE
4:4:4:4:4:1:2:4:4:,recombination,4674.862037543239,4:3:4:4:4:1:2:4:4,4:4:4:4:4:1:1:4:4
4:4:4:4:4:1:2:3:4:,clone,4301.244579538969,4:3:4:4:4:0:1:3:4
4:3:4:4:4:2:3:4:4:,clone,4576.7367063343945,4:3:4:4:4:2:2:4:4
4:3:4:4:4:0:1:2:4:,clone,4438.754883012053,4:3:4:4:4:0:2:2:4
4:4:4:4:4:0:1:2:4:,clone,3977.88569006125,4:4:4:4:4:0:1:2:4
4:4:4:4:4:1:2:4:4:,recombination,4533.399877625124,4:4:4:4:4:1:2:3:4,4:3:4:4:4:4:3:4:4,MUTATE
4:3:4:4:4:2:3:3:4:,clone,5153.00526552278,4:4:4:4:4:2:2:3:4
4:3:4:4:4:1:2:4:4:,recombination,4279.8919645216365,4:3:4:4:4:2:3:4:3,3:3:4:4:4:1:3:4:3,MUTATE
4:3:4:4:4:3:3:4:4:,clone,5020.596065026357,4:3:4:4:4:3:3:4:4
4:4:4:4:4:2:2:3:4:,recombination,4800.143716657717,4:4:4:4:4:3:3:3:4,4:4:4:4:4:1:2:3:4
4:4:4:4:4:0:1:3:4:,clone,4444.692491680746,4:4:4:4:4:0:1:3:4
4:3:4:4:4:2:2:3:4:,recombination,4481.915102127865,4:4:4:4:4:3:2:3:4,3:3:4:4:4:2:2:4:3,MUTATE
4:4:4:4:4:1:2:2:4:,recombination,4509.888370581461,4:4:4:4:4:1:1:2:4,4:4:4:4:4:0:0:1:4,MUTATE
4:4:4:4:4:1:2:4:4:,clone,4524.290542584876,4:4:4:4:4:1:2:4:4
4:4:4:4:4:0:1:2:4:,clone,3895.681740212801,4:4:4:4:4:0:1:2:4
4:4:4:4:4:0:2:3:4:,clone,5386.805553369526,4:4:4:4:4:0:2:3:4
4:4:4:4:4:2:1:3:4:,recombination,4468.52720897431,4:3:4:4:4:3:2:4:4,4:4:4:4:4:1:2:3:4
2:3:4:4:4:2:3:3:2:,clone,5603.886481408882,2:3:4:4:4:2:3:4:2
4:4:4:4:4:1:2:4:4:,clone,4435.62884081568,4:3:4:4:4:1:2:4:4
4:4:4:4:4:2:1:3:4:,clone,4402.755048169607,4:4:4:4:4:2:1:3:4
4:4:4:4:4:1:1:4:4:,recombination,4651.779071126269,4:4:4:4:4:1:2:4:4,4:4:4:4:4:2:1:2:4
4:4:4:4:4:1:2:4:4:,recombination,4288.849612973904,4:4:4:4:4:1:2:4:4,4:4:4:4:4:2:2:2:4
4:4:4:4:4:0:1:4:4:,clone,4811.630248306359,4:4:4:4:4:0:1:4:4
4:3:4:4:4:1:2:3:4:,recombination,4407.023621027083,4:4:4:4:4:2:2:3:4,4:4:4:4:4:1:2:3:4,MUTATE
4:4:4:4:4:2:2:4:4:,recombination,4402.018139835205,4:4:4:4:4:1:2:4:4,4:4:4:4:4:1:2:3:4,MUTATE
3:3:4:4:4:3:3:4:3:,clone,4936.754521619598,3:3:4:4:4:3:3:4:3
3:3:4:4:4:4:4:4:3:,clone,5667.982633933678,4:3:4:4:4:4:3:4:3
4:4:4:4:4:0:2:2:4:,recombination,4631.9717065571895,4:4:4:4:4:0:1:3:4,3:3:4:4:4:1:2:2:3,MUTATE
4:4:4:4:4:2:1:4:4:,recombination,4632.096015013373,4:3:4:4:4:3:3:4:4,4:4:4:4:4:2:1:2:4,MUTATE
2:3:4:4:4:1:3:4:2:,clone,4451.576850032224,3:3:4:4:4:1:3:4:3
4:3:4:4:4:2:3:4:3:,recombination,5358.194253457243,4:4:4:4:4:1:2:3:4,3:3:4:4:4:3:4:4:3
3:3:4:4:4:4:3:4:3:,recombination,5415.708654307459,4:3:4:4:4:3:3:4:3,4:4:4:4:4:4:3:4:4,MUTATE
1:2:4:4:4:4:4:4:1:,clone,6344.92904920524,1:2:4:4:3:4:4:4:1
3:3:4:4:4:3:3:4:2:,recombination,5344.837283932062,4:3:4:4:4:3:3:4:3,2:2:4:4:4:2:3:4:2,MUTATE
4:3:4:4:4:3:2:4:4:,recombination,4791.747167237122,3:3:4:4:4:3:2:4:3,4:3:4:4:4:3:3:4:4
3:3:4:4:4:3:2:4:3:,recombination,5181.737493367917,3:3:4:4:4:2:2:4:3,3:3:4:4:4:3:3:4:2,MUTATE
3:3:4:4:4:2:3:4:2:,recombination,5064.3838801913325,4:4:4:4:4:1:2:3:4,4:3:4:4:4:2:2:4:4
3:3:4:4:4:2:2:4:3:,recombination,4550.874241415322,4:4:4:4:4:1:2:3:4,4:3:4:4:4:1:2:4:4,MUTATE
3:3:4:4:4:2:2:4:3:,clone,4465.6258336629435,3:3:4:4:4:2:2:4:3
3:3:4:4:4:1:2:4:3:,clone,4288.849612973904,3:3:4:4:4:1:2:4:3
3:3:4:4:4:3:4:4:2:,clone,6065.329596880509,3:3:4:4:4:3:4:4:2
2:2:4:4:4:2:3:4:2:,clone,4724.414160553905,2:2:4:4:4:2:3:4:2
3:3:4:4:4:1:2:4:3:,clone,4162.245983370754,3:3:4:4:4:1:2:4:3
4:4:4:4:4:0:1:1:4:,clone,4259.386212816691,4:4:4:4:4:0:1:1:4
3:3:4:4:4:2:3:4:2:,recombination,4939.573278735673,3:3:4:4:4:1:2:4:3,4:4:4:4:4:1:2:3:4,MUTATE
4:3:4:4:4:1:2:4:4:,recombination,4092.66673047468,4:3:4:4:4:2:2:4:4,3:3:4:4:4:1:3:4:3,MUTATE
4:4:4:4:4:0:0:2:4:,clone,4733.409404937986,4:4:4:4:4:0:0:2:4
2:3:4:4:4:4:3:4:2:,recombination,7247.75377676996,4:3:4:4:4:3:2:4:4,2:2:4:4:4:4:4:4:1,MUTATE
3:3:4:4:4:2:3:3:3:,clone,5163.520571884983,3:3:4:4:4:2:3:3:3
3:3:4:4:4:3:3:4:3:,recombination,4674.3500864103835,4:4:4:4:4:2:1:4:4,2:2:4:4:4:2:3:4:2,MUTATE
4:4:4:4:4:0:1:1:4:,recombination,4075.039142388899,4:3:4:4:4:2:3:4:4,4:4:4:4:4:0:1:2:4,MUTATE
3:3:4:4:4:1:3:4:3:,recombination,4429.165966419535,4:4:4:4:4:2:3:4:4,3:3:4:4:4:1:2:4:3
3:3:4:4:4:4:3:4:3:,clone,5292.223435473625,3:3:4:4:4:4:3:4:3
2:2:4:4:4:3:4:4:2:,recombination,5989.5124561142,4:4:4:4:4:2:2:4:4,3:3:4:4:4:3:4:4:3,MUTATE
4:4:4:4:4:0:2:4:4:,recombination,4969.20258634324,4:4:4:4:4:0:1:4:4,4:3:4:4:4:2:3:4:3,MUTATE
1:2:4:4:2:4:4:4:1:,recombination,7019.5227440179415,4:4:4:4:4:1:2:4:4,1:2:4:4:3:4:4:4:1
4:4:4:4:4:2:2:3:4:,recombination,4794.185210223202,4:4:4:4:4:2:1:2:4,4:4:4:4:4:0:2:3:4
4:3:4:4:4:2:3:4:3:,recombination,5073.259508694817,4:4:4:4:4:2:3:4:4,4:4:4:4:4:3:3:4:4,MUTATE
4:3:4:4:4:1:3:4:4:,clone,4942.072259317184,4:3:4:4:4:1:3:4:4
4:3:4:4:4:1:3:3:4:,recombination,4780.047147594078,4:3:4:4:4:2:3:4:3,2:3:4:4:4:4:4:4:2
4:3:4:4:4:2:3:4:3:,recombination,5070.207608394821,4:3:4:4:4:2:3:4:3,4:4:4:4:4:2:3:4:4
2:3:4:4:4:3:4:4:1:,clone,5923.509109390219,2:2:4:4:4:3:4:4:1
4:4:4:4:4:2:1:2:4:,clone,5141.19629905626,4:4:4:4:4:2:1:2:4
3:3:4:4:4:3:3:4:2:,clone,4973.489933362953,3:3:4:4:4:2:3:4:2
2:2:4:4:2:4:4:4:1:,recombination,5789.98961725868,3:3:4:4:4:3:4:4:3,4:3:4:4:4:1:3:4:4,MUTATE
4:4:4:4:4:0:1:3:4:,recombination,4148.274713645464,4:3:4:4:4:2:2:4:4,4:4:4:4:4:0:1:2:4
4:4:4:4:4:1:2:2:4:,recombination,4254.390848101038,4:3:4:4:4:2:3:3:4,4:4:4:4:4:0:1:2:4
2:3:4:4:4:4:4:4:2:,recombination,5886.552127182395,4:3:4:4:4:4:3:4:3,4:4:4:4:4:2:1:4:4
3:3:4:4:4:3:2:4:3:,recombination,5093.278047924978,4:4:4:4:4:1:2:3:4,4:3:4:4:4:3:2:4:4
3:2:4:4:3:4:4:4:2:,clone,5862.233644373172,3:2:4:4:3:4:4:4:2
4:3:4:4:4:3:3:4:4:,recombination,4813.926025856004,4:4:4:4:4:3:2:4:4,4:4:4:4:4:0:1:1:4
2:3:4:4:4:3:3:4:2:,clone,4945.059294854432,3:3:4:4:4:3:3:4:3
4:4:4:4:4:1:2:4:4:,recombination,4253.701018125065,4:3:4:4:4:1:2:4:4,4:3:4:4:4:1:2:4:4
2:3:4:4:4:2:3:3:2:,recombination,5239.81326771038,4:3:4:4:4:0:2:2:4,4:3:4:4:4:1:1:2:4,MUTATE
2:2:4:4:4:4:4:4:1:,recombination,5790.432897920297,3:3:4:4:4:3:4:4:3,4:3:4:4:4:1:1:3:4,MUTATE
4:4:4:4:4:4:3:4:4:,clone,5763.777669095617,4:4:4:4:4:4:3:4:4
3:3:4:4:4:4:4:4:2:,clone,5343.799911460347,3:3:4:4:4:4:4:4:2
4:3:4:4:4:0:2:4:4:,recombination,3933.3719412753126,4:3:4:4:4:0:1:2:4,4:4:4:4:4:0:1:3:4
4:4:4:4:4:0:1:4:4:,recombination,4404.171779558177,4:4:4:4:4:1:2:4:4,4:4:4:4:4:1:0:2:4
3:2:4:4:4:4:3:4:2:,clone,5440.948330503135,3:2:4:4:4:4:3:4:2
2:2:4:4:4:3:4:4:2:,recombination,4981.76627959438,3:3:4:4:4:4:4:4:2,3:3:4:4:4:2:2:4:3
4:4:4:4:4:2:3:3:4:,clone,5083.946859230616,3:3:4:4:4:2:3:3:3
1:2:4:4:4:4:4:4:1:,recombination,5985.7863622546665,3:3:4:4:4:2:3:4:2,1:2:4:4:4:4:4:4:1
4:3:4:4:4:2:3:3:4:,clone,5012.575766536738,4:4:4:4:4:2:3:3:4
2:3:4:4:4:4:4:4:2:,clone,5879.536038593207,2:3:4:4:4:4:4:4:2
4:4:4:4:4:2:2:3:4:,recombination,4742.012606908949,4:3:4:4:4:1:1:2:4,4:4:4:4:4:0:1:3:4
4:3:4:4:4:3:3:4:4:,clone,4773.650792156855,4:3:4:4:4:3:3:4:4
2:3:4:4:4:2:3:4:2:,recombination,5131.254392305668,2:3:4:4:4:2:3:4:2,4:4:4:4:4:0:2:2:4
2:3:4:4:4:3:4:4:2:,recombination,4950.554688358213,4:3:4:4:4:2:3:4:3,4:3:4:4:4:3:3:4:4
4:3:4:4:4:3:3:4:3:,recombination,5303.527788799533,4:4:4:4:4:3:2:4:4,4:3:4:4:4:3:2:4:4,MUTATE
4:3:4:4:4:0:2:4:4:,clone,3815.1842372815563,4:3:4:4:4:0:2:4:4
4:4:4:4:4:2:3:3:4:,clone,5007.927850587467,4:3:4:4:4:2:3:3:4
4:3:4:4:4:0:2:2:4:,clone,4508.307833004803,4:3:4:4:4:0:1:2:4
2:2:4:4:4:2:3:4:2:,clone,4466.958884716235,2:2:4:4:4:2:3:4:2
4:3:4:4:4:3:3:4:3:,recombination,5026.342499042227,2:2:4:4:4:3:4:4:2,2:3:4:4:4:4:4:4:2,MUTATE
3:2:4:4:4:4:4:4:2:,clone,5675.0070621299765,3:2:4:4:4:4:4:4:2
2:3:4:4:4:2:3:4:2:,clone,4579.931981412704,2:2:4:4:4:2:3:4:2
1:2:4:4:1:4:4:4:0:,clone,7019.5227440179415,1:2:4:4:2:4:4:4:1
4:3:4:4:4:2:3:3:4:,recombination,4901.885403275994,4:4:4:4:4:2:3:3:4,4:3:4:4:4:2:2:4:4
2:2:4:4:4:3:4:4:1:,recombination,4863.093320607864,2:2:4:4:4:4:4:4:1,2:2:4:4:4:2:3:4:2
3:3:4:4:4:1:3:3:3:,clone,5179.683625036056,3:3:4:4:4:1:2:3:3
4:3:4:4:4:2:3:4:3:,clone,4962.505516534297,4:3:4:4:4:2:3:4:3
2:2:4:4:3:4:4:4:1:,recombination,6011.819689429801,2:3:4:4:4:2:3:4:2,3:3:4:4:4:3:4:4:3,MUTATE
1:2:4:4:4:3:4:4:1:,clone,5109.985426228227,2:2:4:4:4:3:3:4:2
1:2:4:4:4:2:3:4:1:,recombination,4418.659769557508,2:3:4:4:4:3:4:4:1,2:3:4:4:4:2:3:4:2,MUTATE
4:4:4:4:4:0:2:3:4:,clone,5282.235345694544,4:4:4:4:4:0:2:3:4
3:2:4:4:3:4:4:4:2:,clone,5862.233644373171,3:2:4:4:3:4:4:4:2
3:2:4:4:4:4:3:4:2:,clone,5420.432084205742,3:2:4:4:4:4:3:4:2
4:3:4:4:4:3:4:4:3:,clone,6226.153256216022,3:3:4:4:4:3:4:4:3
3:3:4:4:4:3:3:4:2:,clone,4832.921751485245,3:3:4:4:4:3:3:4:2
2:2:4:4:4:4:4:4:2:,recombination,5828.098194144877,4:4:4:4:4:3:3:4:4,2:2:4:4:2:4:4:4:1,MUTATE
4:3:4:4:4:3:3:4:3:,recombination,4940.176237982449,4:4:4:4:4:0:1:3:4,4:4:4:4:4:2:2:4:4
4:4:4:4:4:2:3:4:4:,recombination,4915.540650829624,4:4:4:4:4:1:2:4:4,4:4:4:4:4:2:2:4:4
4:3:4:4:4:1:2:3:4:,clone,4312.785051041139,3:3:4:4:4:1:2:3:3
2:3:4:4:4:2:4:4:2:,clone,5910.319602372843,2:3:4:4:4:3:4:4:1
3:3:4:4:4:2:3:4:2:,clone,4842.670280533567,3:3:4:4:4:2:3:4:2
3:2:4:4:4:4:4:4:2:,recombination,5593.70600833403,2:2:4:4:2:4:4:4:1,4:3:4:4:4:1:3:4:4,MUTATE
3:3:4:4:4:3:4:4:3:,clone,5603.505879201175,3:3:4:4:4:3:4:4:3
3:3:4:4:4:2:3:4:2:,recombination,4713.3661341620755,3:3:4:4:4:2:3:4:2,4:4:4:4:4:2:1:3:4
3:3:4:4:4:3:4:4:2:,recombination,5778.235630993206,3:3:4:4:4:1:2:4:3,3:3:4:4:4:3:4:4:2,MUTATE
2:2:4:4:4:3:4:4:1:,recombination,4732.951877075415,3:3:4:4:4:4:4:4:2,2:2:4:4:4:3:4:4:1
2:2:4:4:4:3:4:4:2:,clone,4950.683478885806,3:3:4:4:4:2:3:4:2
3:3:4:4:4:3:4:4:2:,recombination,5436.236384676649,4:3:4:4:4:1:2:4:4,4:3:4:4:4:3:2:4:4,MUTATE
4:3:4:4:4:2:3:4:3:,recombination,4835.059992934593,3:3:4:4:4:1:2:4:3,4:3:4:4:4:1:2:3:4,MUTATE
4:4:4:4:4:0:2:3:4:,recombination,4902.3251804022175,4:3:4:4:4:0:1:2:4,4:4:4:4:4:0:1:3:4,MUTATE
2:2:4:4:4:4:4:4:2:,recombination,5376.839731990819,2:3:4:4:4:2:3:4:2,3:3:4:4:4:4:3:4:3,MUTATE
2:3:4:4:4:3:3:4:2:,clone,4832.244820410385,2:2:4:4:4:3:3:4:2
3:3:4:4:4:3:4:4:2:,recombination,5330.171017015365,4:3:4:4:4:3:2:4:4,3:3:4:4:4:3:4:4:2,MUTATE
2:2:4:4:4:3:3:4:2:,recombination,4691.9594831640925,3:3:4:4:4:3:3:4:2,3:3:4:4:4:2:3:4:2,MUTATE
2:3:4:4:4:1:3:4:2:,recombination,4189.075634255257,4:3:4:4:4:2:3:3:4,1:2:4:4:4:2:3:4:1,MUTATE
2:2:4:4:3:3:4:4:1:,recombination,5927.253193782819,2:3:4:4:4:3:4:4:1,3:3:4:4:4:1:2:4:3,MUTATE
1:2:4:4:3:4:4:4:1:,recombination,6752.587103884238,4:3:4:4:4:2:3:4:4,1:2:4:4:4:4:4:4:1
1:2:4:4:1:4:4:4:0:,recombination,5964.875257860806,3:2:4:4:4:4:4:4:2,3:3:4:4:4:2:2:4:3,MUTATE
3:3:4:4:4:2:3:4:3:,recombination,4110.718209567293,4:4:4:4:4:1:1:3:4,4:4:4:4:4:2:3:3:4
2:3:4:4:4:4:4:4:2:,recombination,5372.043976502126,1:2:4:4:1:4:4:4:0,4:3:4:4:4:1:3:3:4,MUTATE
3:2:4:4:4:2:3:4:2:,recombination,4968.3923621003505,2:2:4:4:4:3:4:4:2,3:3:4:4:4:3:4:4:2
1:2:4:4:2:4:4:4:1:,recombination,6249.679067264113,3:3:4:4:4:3:3:4:3,3:3:4:4:4:2:4:4:3,MUTATE
3:3:4:4:4:2:4:4:2:,recombination,6853.078909903621,3:3:4:4:4:2:4:4:3,4:3:4:4:4:1:3:4:4,MUTATE
2:2:4:4:4:2:3:3:2:,clone,5394.181825469853,3:3:4:4:4:2:3:3:3
3:3:4:4:4:3:4:4:2:,clone,5317.405692735343,3:3:4:4:4:3:4:4:2
3:3:4:4:4:4:4:4:2:,recombination,5256.5415023488895,1:2:4:4:4:4:4:4:1,4:4:4:4:4:2:1:3:4,MUTATE
4:3:4:4:4:2:2:4:4:,clone,4236.059542964896,3:3:4:4:4:2:3:4:3
4:3:4:4:4:1:3:4:3:,clone,5401.900609768696,4:3:4:4:4:1:3:4:3
3:3:4:4:4:3:3:3:3:,recombination,5584.251223204094,4:4:4:4:4:0:2:3:4,2:2:4:4:4:2:3:3:2,MUTATE
4:3:4:4:4:1:3:4:4:,clone,4787.62192154079,4:3:4:4:4:1:3:4:4
4:3:4:4:4:1:2:3:4:,recombination,4217.764706135881,4:4:4:4:4:1:1:3:4,2:2:4:4:4:2:3:4:2
2:2:4:4:3:4:4:4:1:,recombination,5274.419487214774,2:2:4:4:4:3:4:4:1,1:2:4:4:2:4:4:4:1,MUTATE
3:3:4:4:4:2:4:4:3:,clone,6591.819288947765,3:3:4:4:4:2:4:4:3
3:3:4:4:4:3:3:4:2:,recombination,4577.679960001292,3:3:4:4:4:3:3:4:2,4:3:4:4:4:3:3:4:4,MUTATE
2:2:4:4:4:4:4:4:2:,clone,5348.135349308748,2:2:4:4:4:4:4:4:2
4:4:4:4:4:1:2:2:4:,recombination,4236.148001864753,4:4:4:4:4:2:2:2:4,4:4:4:4:4:1:1:2:4
2:2:4:4:4:3:3:4:1:,recombination,5156.428566821654,4:3:4:4:4:0:1:2:4,4:4:4:4:4:2:1:3:4
2:2:4:4:4:4:4:4:2:,clone,5303.497996863805,2:2:4:4:4:4:4:4:2
1:2:4:4:4:4:4:4:1:,clone,5969.961272088086,1:2:4:4:4:4:4:4:1
2:2:4:4:4:4:3:4:2:,clone,4729.1566488405115,3:3:4:4:4:3:3:4:2
1:2:4:4:3:3:4:4:1:,clone,5109.985426228227,1:2:4:4:4:3:4:4:1
3:3:4:4:4:4:3:4:2:,clone,5398.89392036543,2:2:4:4:4:4:4:4:2
3:2:4:4:4:4:4:4:2:,clone,5557.775245657462,3:2:4:4:4:4:4:4:2
4:4:4:4:4:0:0:1:4:,recombination,4316.60620277777,4:4:4:4:4:0:0:0:4,2:3:4:4:4:3:3:4:2,MUTATE
3:2:4:4:4:3:3:4:2:,clone,5136.770512961664,3:2:4:4:4:3:3:4:2
1:2:4:4:4:4:4:4:1:,recombination,5232.078019381665,2:2:4:4:4:3:4:4:1,2:2:4:4:4:3:4:4:2,MUTATE
3:3:4:4:4:3:4:4:2:,recombination,5305.441911500974,2:3:4:4:4:4:4:4:2,3:3:4:4:4:3:4:4:2
2:2:4:4:4:4:4:4:2:,clone,5245.683471311347,2:2:4:4:4:4:4:4:2
2:2:4:4:4:4:4:4:2:,clone,5053.13359781202,2:2:4:4:4:4:4:4:2
2:3:4:4:3:3:4:4:1:,clone,6164.671701494997,2:3:4:4:3:3:4:4:1
2:2:4:4:4:4:4:4:1:,recombination,5233.250543320729,2:2:4:4:4:3:4:4:2,1:2:4:4:4:4:4:4:1
1:2:4:4:4:3:4:4:1:,recombination,4844.3297957833865,2:3:4:4:4:2:3:4:2,2:2:4:4:4:4:4:4:2
4:3:4:4:4:4:4:4:3:,recombination,6646.522761703494,4:4:4:4:4:4:3:4:4,4:3:4:4:4:3:4:4:3,MUTATE
3:3:4:4:4:2:4:4:3:,clone,6071.97706676794,3:3:4:4:4:2:4:4:3
1:2:4:4:3:4:4:4:1:,clone,5180.232210850234,2:2:4:4:4:3:4:4:1
2:2:4:4:4:4:4:4:1:,recombination,5193.654318748637,2:2:4:4:4:3:4:4:1,2:2:4:4:4:4:4:4:2,MUTATE
3:3:4:4:4:3:4:4:2:,recombination,5160.172154785893,4:4:4:4:4:3:2:3:4,3:3:4:4:4:3:3:4:3
3:2:4:4:4:3:3:4:2:,recombination,5031.068264207662,4:4:4:4:4:1:1:3:4,3:3:4:4:4:3:4:4:2,MUTATE
2:2:4:4:4:4:4:4:2:,clone,4917.804431153747,2:2:4:4:4:4:3:4:2
4:3:4:4:4:0:2:3:4:,clone,4666.2324918212025,4:4:4:4:4:0:2:3:4
3:3:4:4:4:4:4:4:2:,clone,5031.892975408554,2:2:4:4:4:4:4:4:2
4:4:4:4:4:0:2:3:4:,clone,4757.616071154091,4:4:4:4:4:0:2:3:4
3:3:4:4:4:4:4:4:3:,recombination,5043.887803233392,3:3:4:4:4:3:4:4:2,2:2:4:4:4:4:4:4:2,MUTATE
1:2:4:4:2:4:4:4:1:,clone,6197.543801098397,1:2:4:4:2:4:4:4:1
4:3:4:4:4:2:3:4:3:,recombination,4803.174496390217,4:4:4:4:4:0:1:2:4,2:2:4:4:4:4:3:4:2,MUTATE
1:2:4:4:3:4:4:4:0:,clone,5450.98571207746,1:2:4:4:4:3:4:4:1
1:2:4:4:2:4:4:4:1:,recombination,5612.383727838339,2:2:4:4:4:4:4:4:2,4:4:4:4:4:1:1:3:4,MUTATE
2:3:4:4:3:4:4:4:2:,recombination,6249.393903882219,3:3:4:4:4:4:4:4:3,4:4:4:4:4:0:1:3:4
1:2:4:4:2:3:4:4:1:,recombination,6196.391805152685,4:4:4:4:4:0:1:3:4,2:2:4:4:3:3:4:4:1,MUTATE
3:2:4:4:4:3:4:4:2:,recombination,5406.0382604884635,4:3:4:4:4:1:2:4:4,4:3:4:4:4:2:3:4:3,MUTATE
2:2:4:4:4:4:4:4:1:,recombination,5130.042381037212,2:2:4:4:4:4:4:4:2,3:3:4:4:4:3:3:4:2,MUTATE
3:3:4:4:4:3:4:4:3:,recombination,5595.445326715537,4:3:4:4:4:1:2:2:4,4:3:4:4:4:2:3:4:3
3:2:4:4:4:3:4:4:2:,clone,5343.513738116021,3:3:4:4:4:3:4:4:2
4:3:4:4:4:1:3:4:3:,clone,5355.400883939975,4:3:4:4:4:1:3:4:3
1:2:4:4:1:4:4:4:0:,clone,5584.137073061927,1:2:4:4:1:4:4:4:0
1:2:4:4:2:4:4:4:1:,recombination,5518.63712774982,4:3:4:4:4:3:2:4:4,3:2:4:4:4:4:4:4:2
1:2:4:3:1:4:4:4:0:,clone,5524.684660509287,1:2:4:3:1:4:4:4:0
1:2:4:4:1:4:4:4:0:,recombination,5404.657721638681,2:2:4:4:4:3:4:4:1,3:3:4:4:4:3:4:4:2
4:4:4:4:4:3:3:3:4:,clone,5801.1244003080965,4:3:4:4:4:3:3:3:4
2:2:4:4:2:4:4:4:1:,recombination,5761.6024482765215,4:4:4:4:4:1:1:3:4,1:2:4:3:1:4:4:4:0,MUTATE
3:2:4:4:4:4:4:4:2:,recombination,5458.292426469616,1:2:4:4:3:4:4:4:0,4:3:4:4:4:4:4:4:3
1:2:4:4:3:4:4:4:0:,clone,5389.564346104101,1:2:4:4:4:3:4:4:1
3:3:4:4:4:2:2:3:3:,recombination,5634.9208936286705,3:3:4:4:4:1:2:2:3,4:3:4:4:4:3:2:4:4
2:2:4:4:3:4:4:4:2:,clone,5573.7485600839955,2:2:4:4:3:4:4:4:2
4:3:4:4:4:1:3:4:3:,clone,5148.767271277168,4:3:4:4:4:1:3:4:3
1:2:4:4:1:4:4:4:1:,clone,5891.397249403058,2:2:4:4:2:4:4:4:1
2:2:4:4:2:4:4:4:2:,recombination,6659.3822480515155,3:3:4:4:4:3:4:4:2,2:2:4:4:4:4:4:4:2,MUTATE
3:3:4:4:4:3:4:4:3:,recombination,5206.3755897228775,4:4:4:4:4:1:1:3:4,3:3:4:4:4:4:3:4:3
2:2:4:4:2:4:4:4:1:,clone,5617.95467579157,2:2:4:4:3:4:4:4:1
4:4:4:4:4:2:2:3:4:,clone,4687.548602295185,4:4:4:4:4:1:2:3:4
2:3:4:4:4:3:4:4:1:,recombination,5849.1451526201345,2:3:4:4:4:3:4:4:1,1:2:4:4:3:4:4:4:0
1:2:4:4:1:4:4:4:0:,clone,5373.6218400566395,1:2:4:4:1:4:4:4:0
1:2:4:4:3:3:4:4:0:,clone,5702.781146437898,1:2:4:4:3:4:4:4:0
1:1:4:3:0:4:4:4:0:,recombination,5837.04331721668,2:2:4:4:2:4:4:4:1,2:2:4:4:4:4:4:4:1,MUTATE
4:3:4:4:4:1:3:4:4:,clone,4559.482852634891,4:3:4:4:4:1:2:4:4
1:2:4:3:1:4:4:4:0:,clone,5424.374554840935,1:2:4:3:1:4:4:4:0
1:2:4:4:3:3:4:4:0:,recombination,5657.604131396542,3:3:4:4:4:3:3:4:2,1:2:4:4:3:3:4:4:0,MUTATE
2:2:4:4:3:4:4:4:2:,clone,5553.613865195255,2:2:4:4:3:4:4:4:2
4:3:4:4:4:3:4:4:3:,clone,6127.7204242814605,3:3:4:4:4:3:4:4:3
2:2:4:4:3:3:4:4:1:,recombination,4856.92000462703,2:2:4:4:3:4:4:4:1,4:3:4:4:4:0:2:4:4,MUTATE
2:3:4:4:4:4:4:4:2:,clone,5280.175355653315,2:3:4:4:4:4:4:4:2
3:3:4:4:4:2:4:4:2:,clone,5565.713123719559,3:3:4:4:4:2:4:4:2
3:2:4:4:4:4:4:4:2:,clone,5333.691635180876,3:2:4:4:4:4:4:4:2
4:3:4:4:4:3:4:4:3:,recombination,6106.995330737278,3:3:4:4:4:3:4:4:3,2:3:4:4:4:3:4:4:1,MUTATE
2:2:4:4:3:4:4:4:2:,clone,5505.322550277049,2:2:4:4:3:4:4:4:2
3:3:4:4:4:2:4:4:2:,clone,5550.679964240837,3:3:4:4:4:2:4:4:2
4:4:4:4:4:0:0:2:4:,recombination,4520.73763195057,4:4:4:4:4:0:0:1:4,4:3:4:4:4:0:2:2:4,MUTATE
3:3:4:4:4:2:4:4:2:,clone,5414.254974746835,3:3:4:4:4:2:4:4:2
1:2:4:4:3:4:4:4:0:,clone,5198.584724883706,1:2:4:4:3:4:4:4:0
3:3:4:4:4:2:4:4:2:,clone,5399.221815268111,3:3:4:4:4:2:4:4:2
2:2:4:4:3:4:4:4:2:,clone,5286.573520083302,2:2:4:4:3:4:4:4:2
4:3:4:4:4:3:4:4:3:,clone,5826.110691168186,4:3:4:4:4:2:3:4:4
3:3:4:4:4:2:3:4:2:,recombination,4526.244175727301,3:2:4:4:3:4:4:4:2,4:4:4:4:4:0:0:2:4,MUTATE
2:2:4:4:1:4:4:4:1:,recombination,5732.173636356181,2:2:4:4:4:4:4:4:2,2:3:4:4:4:4:4:4:2,MUTATE
2:2:4:4:1:4:4:4:1:,recombination,5670.921989367702,3:2:4:4:4:4:4:4:2,2:2:4:4:4:4:4:4:2
2:3:4:4:4:2:4:4:2:,recombination,5518.357659090211,2:3:4:4:4:3:4:4:1,4:4:4:4:4:1:2:4:4
2:2:4:4:2:4:4:4:1:,recombination,5543.525854042947,3:3:4:4:4:1:2:3:3,2:2:4:4:4:4:4:4:1,MUTATE
3:3:4:4:4:4:3:4:2:,recombination,5056.300261051889,3:3:4:4:4:4:4:4:3,3:3:4:4:4:3:2:4:3
2:3:4:4:3:4:4:4:2:,recombination,5784.9091867668485,4:3:4:4:4:1:2:3:4,2:2:4:4:1:4:4:4:1
1:2:4:4:2:4:4:4:0:,clone,5503.663485017028,1:2:4:4:2:4:4:4:0
1:2:4:3:0:4:4:4:0:,recombination,6187.514402265936,2:2:4:4:4:4:4:4:2,4:4:4:4:4:0:1:3:4,MUTATE
2:2:4:4:1:4:4:4:1:,clone,5416.233800869704,2:2:4:4:1:4:4:4:1
3:3:4:4:3:4:4:4:2:,recombination,5966.930059315996,3:3:4:4:4:3:4:4:2,2:2:4:4:4:3:4:4:2,MUTATE
2:2:4:4:2:4:4:4:1:,recombination,5543.525854042946,3:3:4:4:4:3:3:4:2,3:3:4:4:4:3:3:4:3,MUTATE
2:2:4:4:2:4:4:4:2:,recombination,5981.105883449898,3:3:4:4:4:3:4:4:2,2:2:4:4:4:4:4:4:2
2:2:4:4:4:2:4:4:2:,recombination,5294.712000774007,2:2:4:4:4:4:4:4:2,4:4:4:4:4:1:2:4:4,MUTATE
2:2:4:4:4:2:4:4:2:,clone,5114.555022427906,2:3:4:4:4:2:4:4:2
1:2:4:3:0:4:4:4:0:,clone,6165.538166989015,1:2:4:3:0:4:4:4:0
3:2:4:4:2:4:4:4:2:,clone,5739.540541860451,2:2:4:4:2:4:4:4:2
2:3:4:4:4:2:4:4:2:,clone,5242.537356251991,2:3:4:4:4:2:4:4:2
4:4:4:4:4:2:3:4:4:,clone,4752.754481454629,4:3:4:4:4:2:3:4:4
2:2:4:4:2:4:4:4:1:,clone,5490.76692284812,2:2:4:4:1:4:4:4:1
4:4:4:4:4:2:2:3:4:,clone,4531.930677441161,4:4:4:4:4:2:2:3:4
2:2:4:4:4:2:4:4:2:,recombination,5014.65649176525,2:2:4:4:4:2:4:4:2,2:2:4:4:1:4:4:4:1,MUTATE
1:2:4:3:0:4:4:4:0:,recombination,5539.530090581994,3:3:4:4:4:3:3:4:2,4:4:4:4:4:3:3:4:4
1:2:4:3:0:4:4:4:1:,recombination,5781.331153415296,3:3:4:4:4:4:3:4:2,4:4:4:4:4:2:1:3:4
2:3:4:4:3:4:4:4:2:,clone,5638.9191618931545,2:3:4:4:3:4:4:4:2
3:2:4:4:4:2:3:4:3:,recombination,4677.7930822165345,4:3:4:4:4:2:3:4:4,4:3:4:4:4:1:1:2:4,MUTATE
2:2:4:4:4:4:3:4:1:,clone,5156.509562443544,2:2:4:4:4:4:4:4:1
3:3:4:4:4:2:2:3:3:,clone,5087.338801341615,3:3:4:4:4:2:2:3:3
4:4:4:4:4:2:2:3:4:,clone,4520.203336913861,4:3:4:4:4:2:2:3:4
2:2:4:4:2:4:4:4:2:,clone,5928.0196353218635,2:2:4:4:2:4:4:4:2
1:2:4:4:2:4:4:4:0:,clone,5464.816970316295,1:2:4:4:2:4:4:4:0
1:2:4:2:0:4:4:4:0:,recombination,5631.301568680602,1:2:4:4:1:4:4:4:0,3:3:4:4:4:3:3:4:3,MUTATE
2:3:4:4:4:2:4:4:2:,clone,5201.07080425752,2:3:4:4:4:2:4:4:2
2:2:4:4:4:1:2:4:2:,recombination,4538.988367036385,3:3:4:4:4:2:3:4:2,2:2:4:4:4:1:3:4:2,MUTATE
4:3:4:4:4:2:2:3:4:,recombination,4458.034168951516,4:4:4:4:4:0:1:2:4,4:4:4:4:4:1:2:2:4,MUTATE
1:2:4:4:2:3:4:4:1:,recombination,5643.893763104111,4:3:4:4:4:3:3:4:3,2:2:4:4:4:1:2:4:2
1:2:4:4:2:3:4:4:1:,clone,5557.742481396607,1:2:4:4:2:3:4:4:1
2:2:4:4:2:3:4:4:1:,recombination,5520.919121006503,3:3:4:4:4:1:3:4:3,4:3:4:4:4:1:2:4:4,MUTATE
2:3:4:4:4:3:4:4:1:,clone,5663.771097080134,2:3:4:4:4:3:4:4:1
2:3:4:4:2:4:4:4:1:,recombination,5656.74071179114,2:2:4:4:1:4:4:4:1,4:4:4:4:4:1:2:2:4
1:2:4:4:0:4:4:4:0:,recombination,6405.694368342289,4:4:4:4:4:2:1:3:4,2:2:4:4:4:4:4:4:2,MUTATE
1:2:4:4:2:3:4:4:1:,recombination,5453.386105377201,2:3:4:4:4:3:4:4:1,4:3:4:4:4:3:3:4:3,MUTATE
3:3:4:4:4:2:4:4:3:,recombination,5970.380979228483,4:4:4:4:4:3:3:4:4,4:4:4:4:4:0:0:2:4,MUTATE
3:3:4:4:2:4:4:4:2:,clone,6222.6648971168,3:3:4:4:2:4:4:4:2
2:2:4:4:2:3:4:4:1:,clone,5481.471723196462,2:2:4:4:2:3:4:4:1
4:3:4:4:4:3:3:4:3:,clone,4933.245960417583,4:3:4:4:4:3:3:4:4
2:2:4:4:1:4:4:4:1:,recombination,5320.584086031346,3:3:4:4:4:1:3:4:3,4:3:4:4:4:2:2:4:4
1:1:4:3:0:4:4:4:0:,recombination,5813.1734498644255,4:4:4:4:4:1:2:4:4,3:3:4:4:4:2:2:4:3
2:3:4:4:3:4:4:4:1:,clone,5994.748728680407,2:2:4:4:2:4:4:4:1
2:2:4:4:3:3:4:4:2:,recombination,5883.562158669886,3:3:4:4:4:3:4:4:3,1:2:4:4:4:4:4:4:1
2:2:4:4:2:4:4:4:1:,clone,5436.673745087616,2:2:4:4:2:4:4:4:1
1:2:4:4:0:4:4:4:0:,recombination,6059.022420025339,2:3:4:4:4:3:4:4:2,4:4:4:4:4:2:2:4:4
3:3:4:4:4:3:4:4:3:,clone,5085.445591212248,3:3:4:4:4:3:4:4:3
2:3:4:4:4:3:4:4:1:,clone,5618.218395023929,2:3:4:4:4:3:4:4:1
4:4:3:4:4:0:1:4:4:,clone,6055.2659521837995,4:4:3:4:4:0:1:4:4
3:3:4:4:4:2:2:4:3:,clone,4404.84405140534,3:3:4:4:4:2:3:4:3
2:2:4:4:4:2:3:4:1:,recombination,4832.529692102883,1:2:4:4:3:3:4:4:1,3:3:4:4:4:2:3:4:2,MUTATE
2:2:4:4:2:4:4:4:1:,clone,5329.644989058535,2:2:4:4:2:4:4:4:1
4:4:4:4:4:4:3:4:3:,recombination,5888.730468698017,4:4:4:4:4:1:2:3:4,4:4:4:4:4:2:1:2:4,MUTATE
1:2:4:3:0:4:4:4:0:,recombination,5417.40219865857,4:4:4:4:4:0:1:4:4,2:2:4:4:4:4:4:4:1,MUTATE
2:2:4:4:2:4:4:4:1:,clone,5141.780180572688,2:2:4:4:2:4:4:4:1
2:3:4:4:4:4:4:4:1:,recombination,5719.749057527663,2:2:4:4:4:4:4:4:1,3:3:4:4:4:2:2:4:3
2:3:4:4:3:4:4:4:1:,recombination,5789.8840462029275,3:2:4:4:3:4:4:4:2,4:4:4:4:4:3:3:4:4,MUTATE
2:2:4:4:2:4:4:4:1:,recombination,5025.919556399905,4:4:4:4:4:0:1:3:4,1:2:4:3:0:4:4:4:0
2:3:4:4:3:4:4:4:1:,clone,5582.386294367188,2:3:4:4:3:4:4:4:1
1:2:4:3:1:4:4:4:0:,clone,5107.360264544726,1:2:4:3:1:4:4:4:0
2:2:4:4:4:1:2:4:2:,recombination,4496.000101671967,3:2:4:4:4:4:3:4:2,2:2:4:4:4:1:2:4:2,MUTATE
3:2:4:4:4:3:4:4:2:,clone,5324.762361077627,3:2:4:4:4:3:4:4:2
1:2:4:2:0:4:4:4:0:,recombination,5596.451302296003,4:4:4:4:4:0:1:3:4,4:3:4:4:4:1:2:3:4,MUTATE
1:1:4:2:0:4:4:4:0:,clone,5437.127521837558,1:2:4:3:0:4:4:4:0
1:2:4:4:2:4:4:4:1:,recombination,5503.918560008809,1:2:4:4:3:4:4:4:0,3:3:4:4:4:2:4:4:2
2:2:4:4:4:1:3:4:2:,recombination,4696.07980181501,3:3:4:4:4:1:2:4:3,2:2:4:4:4:1:2:4:2,MUTATE
1:2:4:2:0:4:4:4:0:,recombination,5531.234108715282,2:2:4:4:4:4:3:4:2,3:3:4:4:4:3:4:4:2,MUTATE
2:2:4:4:3:4:4:4:1:,recombination,5201.22614241905,4:4:4:4:4:0:1:2:4,4:4:4:4:4:3:3:4:4,MUTATE
1:2:4:4:1:4:4:4:0:,clone,5303.201558023536,1:2:4:4:1:4:4:4:0
3:2:4:4:4:1:3:4:2:,clone,4727.236546730695,3:2:4:4:4:1:3:4:2
2:3:4:4:4:4:3:4:2:,clone,6152.124747481027,2:3:4:4:4:4:3:4:2
1:2:4:4:2:4:4:4:0:,clone,5314.630898743852,1:2:4:4:2:4:4:4:0
1:2:4:4:1:4:4:4:0:,clone,5303.201558023535,1:2:4:4:1:4:4:4:0
3:2:4:4:4:2:4:4:2:,clone,5638.722137344278,3:3:4:4:4:3:4:4:2
2:3:4:4:4:4:3:4:2:,recombination,5748.080072643968,2:3:4:4:4:4:3:4:2,3:3:4:4:4:2:3:4:3,MUTATE
1:1:4:3:0:4:4:4:0:,clone,5719.369868923606,1:1:4:3:0:4:4:4:0
1:1:4:3:0:4:4:4:0:,clone,5714.2402988975555,1:2:4:3:0:4:4:4:0
1:2:4:3:1:4:4:4:0:,recombination,4843.291351687962,2:2:4:4:4:4:4:4:1,4:4:4:4:4:1:2:4:4,MUTATE
2:3:4:4:3:4:4:4:1:,clone,5370.607345272619,2:3:4:4:3:4:4:4:1
3:2:4:4:4:3:4:4:2:,clone,5282.289119983015,3:2:4:4:4:3:4:4:2
3:2:4:4:4:2:3:4:2:,recombination,4954.854221989671,4:4:4:4:4:2:2:3:4,4:4:4:4:4:1:2:4:4
2:2:4:4:4:2:2:4:2:,clone,4893.362270399091,2:2:4:4:4:2:2:4:2
1:2:4:3:0:4:4:4:0:,clone,5150.051175173221,1:2:4:3:0:4:4:4:0
1:2:4:4:1:4:4:4:0:,clone,5282.7117217361865,1:2:4:4:1:4:4:4:0
2:3:4:4:4:3:3:4:2:,clone,4724.100108199593,3:3:4:4:4:2:3:4:3
2:3:4:4:4:3:3:4:2:,recombination,4395.985716970013,3:3:4:4:4:2:2:4:3,3:2:4:4:4:4:4:4:2,MUTATE
1:2:4:4:4:3:4:4:1:,recombination,4809.810385344513,3:3:4:4:4:3:3:4:3,4:4:4:4:4:0:0:2:4,MUTATE
2:2:4:4:4:4:4:4:1:,clone,4747.296763814904,2:2:4:4:4:4:4:4:1
1:2:4:2:0:4:4:4:0:,recombination,5224.624063848526,1:2:4:4:1:4:4:4:0,1:2:4:2:0:4:4:4:0,MUTATE
1:1:4:2:0:4:4:4:0:,recombination,5427.59873093239,3:3:4:4:4:1:3:4:3,1:1:4:3:0:4:4:4:0
1:2:4:3:0:4:4:4:0:,clone,5108.110795739742,1:2:4:3:0:4:4:4:0
1:2:4:4:2:4:4:4:1:,recombination,5370.607345272619,2:3:4:4:3:4:4:4:1,3:3:4:4:4:3:4:4:3
2:2:4:4:2:3:4:4:1:,recombination,5417.022374788655,2:2:4:4:4:2:2:4:2,3:3:4:4:4:2:4:4:2
1:2:4:4:2:4:4:4:0:,recombination,5278.025868500771,1:2:4:2:0:4:4:4:0,2:3:4:4:4:1:3:4:2
2:3:4:4:4:4:4:4:2:,clone,5183.802364227601,3:3:4:4:4:4:4:4:2
2:3:4:4:4:4:4:4:2:,clone,5101.648154749645,2:3:4:4:4:4:4:4:2
3:3:4:4:4:0:1:3:3:,recombination,4754.776773584046,4:4:4:4:4:3:2:4:4,2:2:4:4:4:1:2:4:2,MUTATE
1:2:4:4:2:4:4:4:1:,clone,5188.711227287307,1:2:4:4:2:4:4:4:1
0:2:4:3:0:4:4:4:0:,clone,6010.343474811763,0:2:4:3:0:4:4:4:0
0:2:4:3:0:4:4:4:0:,clone,5774.327996068343,0:2:4:3:0:4:4:4:0
3:3:4:4:4:1:3:4:2:,recombination,5209.9119629480165,2:2:4:4:4:1:2:4:2,3:3:4:4:4:4:3:4:2
0:1:4:2:0:4:4:4:0:,recombination,5187.2379636482365,2:2:4:4:4:3:3:4:2,2:3:4:4:4:4:4:4:2,MUTATE
1:2:4:2:0:4:4:4:0:,clone,5157.672207874261,1:2:4:2:0:4:4:4:0
0:2:4:3:0:4:4:4:0:,clone,5764.656452981937,0:2:4:3:0:4:4:4:0
1:2:4:2:0:4:4:4:0:,clone,5088.837710927998,1:2:4:2:0:4:4:4:0
1:2:4:2:0:4:4:4:0:,clone,5084.451264857489,1:2:4:2:0:4:4:4:0
4:3:4:4:4:0:1:4:4:,recombination,4879.292158749409,2:3:4:4:4:2:3:4:2,4:3:4:4:4:1:1:3:4,MUTATE
1:2:4:4:1:4:4:4:1:,clone,5713.775949727933,2:2:4:4:1:4:4:4:1
1:2:4:4:2:4:4:4:1:,recombination,5095.397786916409,3:3:4:4:4:3:4:4:3,1:2:4:4:2:4:4:4:1
1:2:4:4:3:4:4:4:0:,recombination,5165.36915858656,2:3:4:4:4:3:3:4:2,4:4:4:4:4:0:0:1:4
2:2:4:4:2:3:4:4:1:,recombination,5266.536166146854,3:2:4:4:4:4:4:4:2,1:2:4:4:3:3:4:4:0,MUTATE
1:2:4:4:3:4:4:4:0:,clone,5000.034960099043,1:2:4:4:3:4:4:4:0
3:3:4:4:4:1:3:4:2:,clone,5195.341633284912,3:3:4:4:4:2:3:4:2
1:2:4:4:2:4:4:4:1:,recombination,5007.962877474894,3:3:4:4:4:2:4:4:3,1:2:4:4:2:4:4:4:1
1:2:4:4:2:4:4:4:0:,recombination,5221.643973575141,2:2:4:4:4:4:4:4:1,4:3:4:4:4:1:3:3:4
3:2:4:4:4:1:2:4:2:,recombination,4819.346013036155,2:2:4:4:4:2:2:4:2,3:3:4:4:4:4:3:4:3,MUTATE
2:3:4:4:4:1:2:4:2:,clone,4884.781746355688,2:2:4:4:4:1:2:4:2
1:2:4:4:4:3:4:4:0:,recombination,6341.361265384004,4:3:4:4:4:1:2:2:4,2:3:4:4:4:2:4:4:2,MUTATE
1:2:4:4:1:4:4:4:0:,clone,5250.997686748079,1:2:4:4:1:4:4:4:0
1:2:4:4:3:4:4:4:1:,recombination,5114.054449430384,4:3:4:4:4:1:1:2:4,3:3:4:4:4:4:4:4:2
1:2:4:4:4:3:4:4:0:,recombination,5638.400442095025,3:2:4:4:4:4:4:4:2,3:3:4:4:4:1:3:3:3
1:2:4:4:1:4:4:4:0:,clone,5203.194540013798,1:2:4:4:1:4:4:4:0
4:3:4:4:4:4:4:4:3:,clone,6184.021827302419,4:3:4:4:4:4:4:4:3
1:2:4:4:1:4:4:4:0:,clone,5096.618667870427,1:2:4:4:1:4:4:4:0
1:2:4:4:1:4:4:4:0:,clone,4947.62619314232,1:2:4:4:1:4:4:4:0
4:4:2:4:4:0:0:0:4:,recombination,5605.543984240303,3:3:4:4:4:4:3:4:2,1:2:4:4:2:4:4:4:1,MUTATE
4:3:4:4:4:4:4:4:4:,recombination,6659.857379840125,3:3:4:4:4:3:4:4:2,4:4:4:4:4:2:1:2:4
4:4:3:4:4:0:0:1:4:,clone,5478.208402853252,4:4:3:4:4:0:0:1:4
4:3:4:4:4:4:4:4:3:,recombination,5961.357285530423,3:3:4:4:4:3:4:4:2,1:2:4:2:0:4:4:4:0,MUTATE
2:3:4:4:4:3:4:4:1:,recombination,5349.265532667207,3:3:4:4:4:2:3:3:3,1:2:4:4:3:4:4:4:1,MUTATE
3:3:4:4:4:2:2:4:2:,recombination,4976.344977189738,4:3:4:4:4:2:3:4:4,2:2:4:4:4:2:2:4:2
2:3:4:4:3:3:4:4:1:,recombination,5420.258931280565,4:4:4:4:4:2:3:3:4,2:3:4:4:4:3:4:4:1,MUTATE
1:2:4:4:2:3:4:4:0:,recombination,5491.2650983977655,1:1:4:3:0:4:4:4:0,4:4:4:4:4:2:3:3:4,MUTATE
1:2:4:4:0:4:4:4:0:,recombination,6039.133146485846,4:4:4:4:4:1:1:4:4,3:3:4:4:4:4:4:4:2
1:2:4:4:2:3:4:4:0:,recombination,5418.477961371284,2:2:4:4:2:3:4:4:1,4:3:4:4:4:3:3:4:4
2:3:4:4:4:2:2:4:2:,clone,5151.9271346411715,2:3:4:4:4:2:2:4:2
2:2:4:4:0:4:4:4:1:,clone,6027.676258120824,1:2:4:4:0:4:4:4:0
2:2:4:3:0:4:4:4:1:,clone,5624.086571853456,1:2:4:3:0:4:4:4:1
1:2:4:4:0:4:4:4:1:,clone,6320.202212057698,1:2:4:4:0:4:4:4:1
1:2:4:4:0:4:4:4:1:,clone,6208.073746099751,1:2:4:4:0:4:4:4:1
2:2:4:3:0:4:4:4:1:,clone,5553.152622086528,2:2:4:3:0:4:4:4:1
1:2:4:4:1:4:4:4:1:,recombination,5593.418674351474,2:2:4:4:4:3:4:4:2,2:2:4:4:3:4:4:4:1
1:2:4:4:1:4:4:4:1:,clone,5173.690718718451,2:2:4:4:1:4:4:4:1
2:2:4:4:1:4:4:4:1:,recombination,4965.369541385438,2:2:4:4:4:4:4:4:2,2:2:4:4:2:4:4:4:2,MUTATE
1:2:4:4:2:4:4:4:0:,recombination,5215.32398888081,4:4:4:4:4:2:3:4:4,4:4:4:4:4:1:2:4:4
2:3:4:4:4:2:2:4:2:,recombination,5102.152714936774,4:4:4:4:4:0:1:2:4,2:2:4:4:4:1:2:4:2,MUTATE
4:3:4:4:4:2:3:4:3:,recombination,4728.852079433147,4:3:4:4:4:2:2:4:4,2:2:4:4:4:3:4:4:2
1:2:4:4:0:4:4:4:0:,recombination,5979.740702375487,1:1:4:3:0:4:4:4:0,1:2:4:3:0:4:4:4:0
2:2:4:4:3:4:4:4:2:,clone,5166.934190473343,2:2:4:4:4:4:4:4:2
1:2:4:4:0:4:4:4:0:,clone,5979.740702375486,1:2:4:4:0:4:4:4:0
4:3:4:4:4:4:4:4:3:,clone,5751.307446934355,4:3:4:4:4:4:4:4:3
4:3:4:4:4:3:4:4:4:,clone,6448.910866822231,4:3:4:4:4:3:4:4:3
3:2:4:4:3:4:4:4:2:,clone,5539.373841491619,2:2:4:4:3:4:4:4:2
1:1:4:4:2:4:4:4:0:,recombination,4983.256991205897,2:2:4:4:2:3:4:4:1,1:2:4:4:2:4:4:4:0
1:1:4:3:0:4:4:4:0:,clone,5701.904117059921,1:1:4:3:0:4:4:4:0
1:2:4:4:4:3:3:4:1:,recombination,5383.607949514222,4:3:4:4:4:3:3:4:3,2:2:4:4:4:1:3:4:2,MUTATE
2:2:4:3:1:4:4:4:1:,clone,5673.721963741604,1:2:4:3:1:4:4:4:0
2:3:4:4:4:4:4:4:1:,recombination,5470.3019232263605,4:4:4:4:4:1:1:3:4,4:4:4:4:4:1:2:4:4,MUTATE
1:2:4:4:4:3:4:4:0:,clone,5309.903110569257,1:2:4:4:4:3:4:4:0
2:2:4:4:3:4:4:4:1:,recombination,4965.0157863360955,1:2:4:4:1:4:4:4:0,2:2:4:4:4:4:4:4:1,MUTATE
1:2:4:4:0:4:4:4:0:,recombination,5950.066988701088,2:3:4:4:4:3:4:4:1,4:4:4:4:4:3:2:3:4
0:2:4:3:0:4:4:4:0:,recombination,5716.271773146538,2:3:4:4:4:3:4:4:2,4:4:4:4:4:1:2:3:4
1:1:4:4:1:4:4:4:0:,recombination,5667.696066530378,2:2:4:3:0:4:4:4:1,4:3:4:4:4:2:3:3:4
1:2:4:4:2:4:4:4:0:,recombination,4898.669268741354,2:2:4:4:3:4:4:4:1,2:3:4:4:3:3:4:4:1
1:2:4:4:3:4:4:4:1:,recombination,4828.549419694853,2:2:4:4:3:4:4:4:1,3:4:4:4:4:3:3:4:3,MUTATE
1:1:4:4:1:4:4:4:0:,clone,5464.659285463602,1:1:4:4:1:4:4:4:0
2:2:4:4:4:3:4:4:1:,clone,4576.20257406163,1:2:4:4:4:3:4:4:1
1:1:4:2:0:4:4:4:0:,clone,5420.980228666491,1:2:4:2:0:4:4:4:0
1:1:4:2:0:4:4:4:0:,recombination,5302.896687506282,1:2:4:3:1:4:4:4:0,4:3:4:4:4:3:2:4:4,MUTATE
1:1:4:2:0:4:4:4:0:,recombination,5289.783522690124,4:4:4:4:4:0:1:3:4,3:2:4:4:3:4:4:4:2
2:2:4:4:4:3:3:4:2:,clone,4490.8268157941,2:2:4:4:4:3:4:4:1
2:2:4:4:2:4:4:4:1:,recombination,4924.308344940216,1:2:4:4:3:4:4:4:1,4:3:4:4:4:2:3:4:3
2:2:4:4:4:3:4:4:2:,clone,4727.07329473044,2:2:4:4:4:3:4:4:1
1:2:4:4:0:4:4:4:0:,clone,5941.361820137973,1:2:4:3:0:4:4:4:0
1:2:4:4:2:3:4:4:1:,recombination,5166.543122365803,2:2:4:4:4:3:4:4:2,4:4:4:4:4:0:0:2:4
1:2:4:4:3:3:4:4:1:,recombination,4915.955275084513,4:4:4:4:4:0:1:1:4,2:2:4:4:4:2:3:4:1
4:3:4:4:4:1:2:4:3:,recombination,5275.292115160168,4:3:4:4:4:0:1:4:4,4:4:4:4:4:1:2:2:4
1:1:4:2:0:4:4:4:0:,recombination,5248.8764197596265,3:2:4:4:4:4:3:4:2,4:4:4:4:4:1:2:4:4
1:2:4:4:2:4:4:4:1:,recombination,4810.674653981267,4:4:4:4:4:1:2:3:4,2:2:4:4:4:3:4:4:1
1:2:4:4:2:3:4:4:1:,recombination,5137.425030514916,2:2:4:4:4:3:4:4:2,4:3:4:4:4:1:3:3:4
1:1:4:2:0:4:4:4:0:,clone,5155.555644065205,1:1:4:2:0:4:4:4:0
2:2:4:4:4:3:4:4:1:,recombination,4466.225574567958,2:2:4:4:4:2:3:4:2,4:4:4:4:4:1:3:3:4,MUTATE
1:1:4:2:0:4:4:4:0:,recombination,5053.320611199247,1:2:4:4:1:4:4:4:0,3:3:4:4:4:3:3:4:3,MUTATE
1:1:4:2:0:4:4:4:0:,recombination,4834.766414717096,4:3:4:4:4:1:2:3:4,2:2:4:4:0:4:4:4:1
1:2:4:2:0:4:4:4:0:,clone,4959.60655596035,1:2:4:2:0:4:4:4:0
0:2:4:2:0:4:4:4:0:,clone,5557.895532395076,0:2:4:2:0:4:4:4:0
4:3:4:4:4:1:2:4:3:,clone,5156.2909059927515,4:3:4:4:4:1:2:4:3
0:1:4:3:0:4:4:4:0:,recombination,6040.807384122572,4:4:4:4:4:2:1:4:4,3:2:4:4:4:4:3:4:2
0:1:4:3:0:4:4:4:0:,clone,5727.33724708619,1:1:4:2:0:4:4:4:0
1:1:4:3:0:4:4:4:0:,clone,5701.1752737374745,1:2:4:3:0:4:4:4:0
3:3:4:4:4:4:3:4:3:,clone,5290.071697585721,3:3:4:4:4:4:3:4:3
1:2:4:4:1:3:4:4:0:,recombination,6170.902939668358,3:3:4:4:4:1:3:3:3,3:3:4:4:4:3:3:4:3,MUTATE
1:2:4:4:3:3:4:4:0:,clone,5569.164452362183,1:2:4:4:3:3:4:4:0
1:2:4:4:3:3:4:4:0:,recombination,5380.2770749831925,1:2:4:4:3:3:4:4:0,1:2:4:4:0:4:4:4:0,MUTATE
1:2:4:4:3:3:4:4:0:,clone,5211.50599759989,1:2:4:4:3:3:4:4:0
1:2:4:4:3:3:4:4:0:,clone,5075.343280905771,1:2:4:4:3:3:4:4:0
1:2:4:4:1:3:4:4:0:,recombination,6154.073809268824,1:2:4:4:1:3:4:4:0,2:2:4:4:4:2:3:4:1
2:2:4:4:4:3:3:4:1:,clone,5055.993104070761,2:2:4:4:4:3:3:4:1
3:3:4:4:4:3:4:4:2:,clone,5067.491999758734,3:3:4:4:4:3:4:4:2
2:2:4:4:4:3:3:4:1:,clone,4910.003079197067,2:2:4:4:4:3:3:4:1
1:2:4:4:1:3:4:4:0:,clone,6045.144215216356,1:2:4:4:1:3:4:4:0
1:2:4:3:1:4:4:4:1:,clone,5707.408898857386,1:2:4:3:1:4:4:4:1
1:2:4:3:1:4:4:4:1:,clone,5616.485745717819,1:2:4:3:1:4:4:4:1
2:2:4:4:4:2:4:4:1:,recombination,6025.648751228953,1:2:4:4:1:3:4:4:0,3:3:4:4:4:3:4:4:2
2:2:4:3:1:4:4:4:1:,clone,5306.17246407197,1:2:4:3:1:4:4:4:1
2:3:4:4:3:3:4:4:1:,clone,5305.499289630361,2:2:4:4:3:3:4:4:1
1:2:4:4:1:3:4:4:0:,clone,5736.062720664584,1:2:4:4:1:3:4:4:0
2:3:4:4:4:2:4:4:2:,recombination,5086.829817214672,1:2:4:4:0:4:4:4:0,3:3:4:4:4:3:4:4:3,MUTATE
2:2:4:4:3:2:4:4:1:,recombination,5960.210627907935,2:3:4:4:3:3:4:4:1,3:3:4:4:4:1:2:4:3,MUTATE
2:2:4:3:1:4:4:4:1:,recombination,5297.333468045867,3:3:4:4:4:3:3:4:3,2:2:4:4:4:2:3:4:2
2:3:4:4:4:4:4:4:1:,clone,5468.606884076702,2:3:4:4:4:4:4:4:1
3:3:4:4:4:4:3:4:3:,recombination,5223.373742145473,4:4:4:4:4:3:2:3:4,2:3:4:4:4:4:4:4:2,MUTATE
0:2:4:2:0:4:4:4:0:,clone,5469.717192855817,0:2:4:3:0:4:4:4:0
3:3:4:4:4:4:3:4:3:,clone,5081.808560000155,3:3:4:4:4:4:3:4:3
3:3:4:4:4:4:3:4:3:,recombination,5061.875212173139,1:1:4:3:0:4:4:4:0,3:3:4:4:4:4:3:4:3,MUTATE
0:2:4:2:0:4:4:4:0:,clone,5401.66473439044,0:2:4:2:0:4:4:4:0
1:2:4:4:1:4:4:4:1:,clone,5086.061532587934,1:2:4:4:1:4:4:4:1
1:1:4:3:0:4:4:4:0:,clone,5700.58014571543,1:2:4:3:0:4:4:4:0
3:2:4:4:4:3:4:4:2:,clone,5215.96085873103,3:2:4:4:4:3:4:4:2
4:4:4:4:4:0:1:0:4:,clone,4803.470879983937,4:4:4:4:4:0:1:0:4
4:4:4:4:4:3:2:4:4:,recombination,4971.502458110345,2:2:4:4:4:4:4:4:2,4:4:4:4:4:1:2:4:4
1:2:4:4:4:4:4:4:1:,clone,5202.68828977295,1:2:4:4:4:4:4:4:1
3:3:4:4:4:2:4:4:3:,recombination,5968.0540015833185,3:2:4:4:4:3:3:4:2,4:4:4:4:4:1:3:4:4
1:2:4:4:4:4:4:4:0:,recombination,5383.818969921845,4:3:4:4:4:1:2:4:3,4:4:4:4:4:3:2:3:4
0:2:4:2:0:4:4:4:0:,recombination,5362.87434479854,4:4:4:4:4:2:2:3:4,1:2:4:3:0:4:4:4:1,MUTATE
1:2:4:2:0:4:4:4:0:,recombination,4801.311382252234,1:1:4:3:0:4:4:4:0,4:4:4:4:4:2:1:3:4
3:3:4:4:4:2:4:4:2:,recombination,5359.805754814339,1:2:4:4:2:3:4:4:1,4:4:4:4:4:1:3:4:4
1:2:4:4:4:4:4:4:0:,recombination,5311.832023147867,4:3:4:4:4:1:2:4:3,4:3:4:4:4:4:3:4:3
0:2:4:2:0:4:4:4:0:,recombination,5248.617827990452,4:4:3:4:4:0:0:1:4,4:3:4:4:4:3:2:4:4
1:2:4:4:4:4:4:4:0:,recombination,5049.597777910353,4:3:4:4:4:1:3:4:4,1:2:4:4:4:4:4:4:0
0:2:4:3:0:4:4:4:0:,recombination,5704.527403696636,4:4:4:4:4:0:0:0:4,2:2:4:4:4:3:4:4:1
4:3:4:4:4:3:3:4:4:,recombination,4677.722135939477,4:4:4:4:4:3:3:4:4,4:3:4:4:4:2:3:4:3
4:4:4:4:4:4:3:4:4:,recombination,5393.100058607009,3:3:4:4:4:3:4:4:3,4:4:3:4:4:1:1:4:4,MUTATE
3:3:4:4:4:4:3:4:3:,recombination,5060.987619632022,3:3:4:4:4:3:3:4:3,1:2:4:4:2:4:4:4:0,MUTATE
3:3:4:4:4:2:4:4:3:,clone,5925.710836301335,3:3:4:4:4:2:4:4:3
2:2:4:4:4:4:4:4:1:,clone,4666.23925313345,2:2:4:4:4:4:4:4:1
2:2:4:4:2:4:4:4:1:,clone,4836.544550702175,2:2:4:4:2:4:4:4:1
2:3:4:4:3:4:4:4:2:,recombination,5388.774279516139,3:3:4:4:4:2:3:4:2,4:3:4:4:4:3:3:4:4,MUTATE
3:3:4:4:4:4:4:4:2:,recombination,4974.3162102971855,2:2:4:4:2:4:4:4:1,4:3:4:4:4:3:3:4:3,MUTATE
4:3:4:4:4:2:2:4:3:,clone,6047.503013174525,4:3:4:4:4:2:2:4:3
2:3:4:4:4:4:4:4:2:,clone,4895.853758627805,2:3:4:4:4:4:4:4:2
2:3:4:4:4:4:4:4:1:,clone,5139.32054852488,2:2:4:4:4:4:4:4:1
3:3:4:4:4:2:4:4:2:,clone,5153.144176425006,3:3:4:4:4:2:4:4:2
2:2:4:4:3:4:4:4:1:,recombination,4934.8802591954745,3:3:4:4:4:4:4:4:2,1:1:4:3:0:4:4:4:0
4:3:4:4:4:4:4:4:3:,clone,5587.671064135782,4:3:4:4:4:4:4:4:3
4:3:4:4:4:4:4:4:3:,clone,5587.671064135781,4:3:4:4:4:4:4:4:3
1:2:4:3:0:4:4:4:0:,recombination,5000.25562240178,2:2:4:4:4:3:4:4:2,2:2:4:4:2:4:4:4:1,MUTATE
4:3:4:4:4:3:4:4:3:,recombination,5792.661976681201,4:4:4:4:4:3:3:3:4,3:3:4:4:4:1:2:2:3
1:3:4:4:2:4:4:4:1:,recombination,6431.647732664676,4:3:4:4:4:3:2:4:4,2:3:4:4:4:4:3:4:2,MUTATE
4:4:1:4:4:0:0:0:4:,recombination,5770.1968073091575,1:2:4:4:3:4:4:4:0,3:3:4:4:4:3:3:4:3,MUTATE
4:3:4:4:4:4:4:4:4:,recombination,6330.214850378622,1:2:4:4:4:3:4:4:0,3:3:4:4:4:4:4:4:2
2:2:4:4:2:4:4:4:2:,recombination,5460.217354176737,2:2:4:4:4:2:3:4:2,4:3:4:4:4:1:3:4:3,MUTATE
4:4:3:4:4:0:0:0:4:,clone,5575.8599277474,4:4:3:4:4:0:0:0:4
4:3:4:4:4:4:4:4:4:,recombination,6048.600208610543,3:2:4:4:4:4:4:4:2,2:2:4:4:1:4:4:4:1
3:2:4:4:4:4:3:4:2:,clone,5235.488322417395,3:3:4:4:4:4:4:4:2
3:2:4:4:4:4:4:4:2:,recombination,5316.369543984212,2:2:4:4:4:3:3:4:1,2:3:4:4:4:1:3:4:2,MUTATE
2:2:4:4:2:3:4:4:1:,clone,5121.461128340402,2:2:4:4:2:3:4:4:1
1:2:4:4:2:3:4:4:1:,clone,5121.461128340402,2:2:4:4:2:3:4:4:1
1:2:4:4:2:3:4:4:1:,clone,4957.282539391049,1:2:4:4:2:3:4:4:1
1:2:4:4:2:3:4:4:1:,clone,4913.963376504663,2:2:4:4:2:3:4:4:1
2:2:4:4:2:3:4:4:1:,clone,4967.374167393721,1:2:4:4:2:3:4:4:1
2:2:4:4:2:3:4:4:1:,clone,4882.994479541749,2:2:4:4:2:3:4:4:1
1:2:4:4:1:3:4:4:0:,recombination,5288.172532506823,2:2:4:4:4:4:4:4:1,1:2:4:4:2:4:4:4:1,MUTATE
3:2:4:4:4:3:4:4:2:,clone,5157.389254507043,3:3:4:4:4:3:3:4:3
2:3:4:4:2:4:4:4:2:,recombination,6511.778097006709,4:4:4:4:4:1:3:3:4,4:4:4:4:4:1:2:4:4
0:2:4:4:0:4:4:4:0:,recombination,7693.913323486714,2:2:4:4:2:4:4:4:1,3:2:4:4:4:1:3:4:2,MUTATE
0:2:4:2:0:4:4:4:0:,recombination,5100.461069132228,2:3:4:4:4:4:4:4:2,3:3:4:4:4:3:3:4:3
2:3:4:4:2:4:4:4:2:,recombination,6268.091439637713,2:3:4:4:2:4:4:4:2,4:3:4:4:4:4:4:4:4,MUTATE
1:1:4:2:0:4:4:4:0:,clone,4609.405267631666,1:1:4:2:0:4:4:4:0
2:3:4:4:4:4:3:4:2:,recombination,5492.19110541048,4:4:4:4:4:1:2:3:4,1:2:4:4:4:4:4:4:1
2:3:4:4:2:4:4:4:2:,recombination,6117.966876563145,4:4:4:4:4:1:3:3:4,1:2:4:4:0:4:4:4:0,MUTATE
1:1:4:3:1:4:4:4:0:,recombination,5348.426729164735,4:3:4:4:4:2:3:4:4,3:3:4:4:4:2:3:4:2,MUTATE
4:3:4:4:4:2:4:4:3:,clone,6019.729556002231,4:3:4:4:4:2:3:4:4
4:3:4:4:4:3:4:4:3:,recombination,5745.919699129567,1:2:4:4:1:4:4:4:0,3:3:4:4:4:4:4:4:2
3:2:4:4:4:4:4:4:2:,clone,5279.016406678715,3:2:4:4:4:4:4:4:2
1:2:4:3:0:4:4:4:1:,recombination,5507.239156876997,2:2:4:4:4:4:4:4:2,1:2:4:4:2:3:4:4:1,MUTATE
3:3:4:4:4:2:4:4:3:,recombination,5180.53300942681,4:4:3:4:4:0:0:1:4,4:4:4:4:4:1:2:2:4,MUTATE
3:2:4:4:4:3:4:4:2:,recombination,5141.445319545855,2:2:4:3:0:4:4:4:1,2:2:4:4:3:4:4:4:2,MUTATE
3:3:4:4:4:3:4:4:3:,recombination,4898.514881513525,4:3:4:4:4:3:3:4:4,4:4:4:4:4:0:1:2:4,MUTATE
4:3:4:4:4:3:4:4:3:,clone,5693.484666685215,4:3:4:4:4:3:4:4:3
3:2:4:4:4:3:4:4:2:,clone,4708.251395585208,3:3:4:4:4:3:4:4:3
4:3:4:4:4:3:4:4:4:,clone,6165.116534102983,4:3:4:4:4:3:4:4:4
4:3:4:4:4:3:4:4:3:,recombination,5529.867853354786,3:3:4:4:4:2:3:4:3,1:2:4:4:2:4:4:4:1
4:3:4:4:4:2:4:4:3:,clone,5632.451973383981,3:3:4:4:4:2:4:4:3
4:4:4:4:4:3:2:4:4:,recombination,4955.699074319834,4:3:4:4:4:1:3:4:4,1:1:4:2:0:4:4:4:0
2:3:4:4:3:3:4:4:2:,recombination,6107.3950526564195,3:2:4:4:4:2:3:4:3,2:3:4:4:2:4:4:4:2,MUTATE
4:4:4:4:4:1:3:4:4:,recombination,5068.66251659645,2:2:4:4:4:4:4:4:1,4:3:4:4:4:3:3:4:4
4:4:3:4:4:0:0:1:4:,clone,5287.634059591494,4:4:3:4:4:0:0:1:4
3:3:4:4:4:3:2:4:3:,recombination,4913.019769971339,4:4:4:4:4:1:3:4:4,2:2:4:4:4:2:3:4:2
4:3:4:4:4:3:4:4:3:,recombination,5470.202475220326,2:2:4:4:1:4:4:4:1,3:3:4:4:4:2:3:4:2
3:2:4:4:4:2:4:4:2:,clone,5366.982157483327,3:3:4:4:4:2:4:4:3
4:4:4:4:4:1:3:4:4:,clone,5007.844105585552,4:4:4:4:4:1:3:4:4
3:3:4:4:4:4:3:4:3:,clone,5009.029183510219,3:3:4:4:4:4:3:4:3
4:3:4:4:4:3:3:4:3:,clone,4889.509519713607,4:3:4:4:4:3:3:4:3
3:3:4:4:4:4:4:4:2:,recombination,4967.565823654302,3:3:4:4:4:4:4:4:2,4:3:4:4:4:4:4:4:3,MUTATE
3:3:4:4:3:4:4:4:2:,clone,5878.782951278057,3:3:4:4:3:4:4:4:2
2:3:4:4:4:4:3:4:2:,recombination,5118.46837958518,2:2:4:4:4:2:4:4:2,3:2:4:4:4:4:3:4:2,MUTATE
2:2:4:4:2:4:4:4:1:,clone,4792.42533876153,2:2:4:4:2:4:4:4:1
2:2:4:4:2:4:4:4:1:,recombination,4780.373798069016,4:4:4:4:4:0:1:4:4,2:3:4:4:4:4:4:4:2
1:2:4:3:1:4:4:4:0:,clone,4780.373798069016,2:2:4:4:2:4:4:4:1
4:4:4:4:4:4:3:4:4:,clone,5379.816601733901,4:4:4:4:4:4:3:4:4
3:2:4:4:4:4:4:4:2:,clone,4877.982462189477,3:2:4:4:4:4:4:4:2
4:3:4:4:4:4:3:4:3:,clone,5280.552738169442,4:3:4:4:4:4:3:4:3
3:3:4:4:4:4:3:4:3:,clone,4956.886125119268,3:3:4:4:4:4:3:4:3
2:2:4:4:3:4:4:4:2:,clone,5114.04394470968,2:2:4:4:3:4:4:4:1
3:3:4:4:4:4:3:4:2:,clone,4767.573890622301,3:3:4:4:4:4:3:4:3
2:2:4:4:4:4:4:4:2:,recombination,4767.573890622301,1:2:4:4:1:4:4:4:0,3:3:4:4:4:4:3:4:3
4:4:4:4:4:4:3:4:4:,clone,5321.562021228186,4:4:4:4:4:4:3:4:4
1:2:4:4:3:4:4:4:1:,clone,4665.62841012272,2:2:4:4:4:4:4:4:1
1:2:4:4:3:4:4:4:1:,clone,4599.249580191067,1:2:4:4:3:4:4:4:1
1:2:4:4:1:4:4:4:0:,recombination,4708.637433549093,3:3:4:4:4:4:3:4:2,4:4:4:4:4:1:3:4:4,MUTATE
2:2:4:4:4:2:4:4:2:,recombination,4964.790806584006,2:2:4:4:2:4:4:4:1,4:3:4:4:4:4:3:4:3,MUTATE
4:3:4:4:4:3:2:4:4:,clone,4785.757355774405,4:3:4:4:4:3:2:4:4
2:2:4:4:4:2:4:4:1:,recombination,5724.4356541499355,4:4:4:4:4:1:1:3:4,2:2:4:4:4:2:4:4:2,MUTATE
2:2:4:4:4:2:4:4:1:,clone,5328.00243281446,2:2:4:4:4:2:4:4:1
2:2:4:4:4:2:4:4:1:,clone,5307.841747557021,2:2:4:4:4:2:4:4:1
4:4:4:4:4:3:3:4:4:,recombination,5021.957302020778,4:3:4:4:4:1:2:3:4,4:4:4:4:4:0:1:2:4
4:3:4:4:4:3:3:4:3:,recombination,4870.683578946199,4:4:4:4:4:0:1:3:4,3:3:4:4:4:3:3:4:3,MUTATE
1:1:4:3:0:4:4:4:0:,recombination,5699.995671531503,4:3:4:4:4:2:3:4:4,4:4:4:4:4:1:2:3:4
0:2:4:2:0:4:4:4:0:,clone,4824.877523124559,1:2:4:2:0:4:4:4:0
1:2:4:4:4:4:4:4:1:,recombination,5141.837416597954,3:3:4:4:4:3:4:4:3,4:4:4:4:4:0:0:2:4
0:2:4:2:0:4:4:4:0:,clone,4736.507434101582,0:2:4:2:0:4:4:4:0
0:2:4:3:0:4:4:4:0:,clone,5701.468550190269,1:2:4:3:1:4:4:4:0
4:4:4:4:4:2:1:2:4:,recombination,4979.427162312047,0:2:4:2:0:4:4:4:0,3:2:4:4:4:4:4:4:2
4:3:4:4:4:4:4:4:4:,recombination,5922.342177812747,1:2:4:4:1:4:4:4:0,3:3:4:4:4:3:4:4:3
4:3:4:4:4:4:4:4:3:,recombination,5287.091532346133,1:2:4:4:2:3:4:4:1,4:3:4:4:4:2:3:4:3,MUTATE
4:3:4:4:4:4:3:4:3:,recombination,5099.33406786843,1:2:4:4:2:3:4:4:1,1:2:4:4:1:4:4:4:0,MUTATE
4:3:4:4:4:4:3:4:4:,clone,5027.65553867712,4:3:4:4:4:3:3:4:3
3:3:4:4:4:4:4:4:2:,clone,4848.378531555984,3:3:4:4:4:4:4:4:2
2:3:4:4:3:4:4:4:2:,recombination,5356.935586317339,0:2:4:2:0:4:4:4:0,2:2:4:4:4:3:3:4:1
2:3:4:4:3:4:4:4:2:,clone,5192.425523254701,2:3:4:4:3:4:4:4:2
2:3:4:4:3:4:4:4:2:,clone,5004.283667600154,2:3:4:4:3:4:4:4:2
2:3:4:4:2:4:4:4:1:,recombination,5402.756261432617,4:4:4:4:4:3:3:4:4,2:2:4:4:3:4:4:4:1
1:2:4:4:1:4:4:4:1:,clone,5052.59808044045,1:2:4:4:1:4:4:4:1
1:2:4:4:0:4:4:4:0:,recombination,5939.362830376675,2:3:4:4:4:2:4:4:2,1:2:4:4:3:4:4:4:1
1:1:4:3:0:4:4:4:0:,recombination,5699.894159059359,2:2:4:4:4:4:4:4:2,4:3:4:4:4:2:2:3:4,MUTATE
1:2:4:2:0:4:4:4:0:,clone,4764.528343941585,1:2:4:2:0:4:4:4:0
4:4:3:4:4:0:0:0:4:,clone,5253.345636249122,1:1:4:2:0:4:4:4:0
4:4:3:4:4:0:0:0:4:,clone,5072.826866070883,4:4:3:4:4:0:0:0:4
1:2:4:4:1:3:4:4:0:,clone,5076.49915650593,1:2:4:4:1:3:4:4:0
1:2:4:2:0:4:4:4:0:,clone,4759.944554609805,1:2:4:2:0:4:4:4:0
0:2:4:2:0:4:4:4:0:,clone,4703.673125724872,0:2:4:2:0:4:4:4:0
0:2:4:2:0:4:4:4:0:,clone,4663.956996582617,0:2:4:2:0:4:4:4:0
0:2:4:2:0:4:4:4:0:,recombination,4620.08534753259,0:2:4:2:0:4:4:4:0,4:3:4:4:4:3:3:4:4,MUTATE
0:1:4:2:0:4:4:4:0:,clone,5046.899951495438,0:2:4:2:0:4:4:4:0
0:1:4:2:0:4:4:4:0:,clone,4780.462690955358,0:2:4:2:0:4:4:4:0
1:1:4:3:0:4:4:4:0:,recombination,5699.604637263884,4:3:4:4:4:3:3:4:3,4:3:4:4:4:4:4:4:4
4:3:4:4:4:2:3:4:4:,clone,4391.229281761884,4:3:4:4:4:2:3:4:4
4:3:4:4:4:2:3:4:4:,clone,4359.34610114269,4:3:4:4:4:2:3:4:4
4:3:4:4:4:2:3:4:3:,clone,4391.229281761884,4:3:4:4:4:2:3:4:3
3:2:4:4:4:2:3:4:2:,clone,4504.505282986292,3:3:4:4:4:2:3:4:3
4:4:4:4:4:0:0:2:4:,recombination,4318.467426153566,4:3:4:4:4:4:3:4:3,4:3:4:4:4:4:4:4:4,MUTATE
4:4:4:4:4:1:1:4:4:,recombination,4468.711772802139,2:2:4:4:4:2:4:4:1,4:4:4:4:4:3:3:4:4
2:2:4:4:4:2:4:4:2:,recombination,4731.706995621823,3:3:4:4:4:2:4:4:3,2:2:4:4:2:4:4:4:1,MUTATE
2:2:4:4:4:2:4:4:2:,clone,4703.231983749455,2:2:4:4:4:2:4:4:2
3:3:4:4:4:3:4:4:2:,clone,4889.540398254609,3:3:4:4:4:3:4:4:2
1:2:4:2:0:4:4:4:0:,clone,4666.188107182126,1:2:4:2:0:4:4:4:0
1:2:4:2:0:4:4:4:0:,clone,4638.744974909348,1:2:4:2:0:4:4:4:0
4:4:4:4:4:3:2:4:4:,clone,4834.461790628079,4:4:4:4:4:3:2:4:4
0:2:4:4:0:4:4:4:0:,recombination,7620.951803044534,4:4:4:4:4:1:2:3:4,3:3:4:4:4:2:2:3:3
0:1:4:3:0:4:4:4:0:,recombination,5708.551524358296,3:3:4:4:4:2:4:4:2,3:2:4:4:4:4:4:4:2
1:1:4:2:0:4:4:4:0:,clone,4554.626210423611,1:1:4:2:0:4:4:4:0
4:3:4:4:4:2:2:4:3:,recombination,4908.015053029525,2:3:4:4:4:4:4:4:1,1:2:4:4:3:4:4:4:0,MUTATE
2:2:4:4:3:3:4:4:2:,recombination,5352.686735851485,4:4:4:4:4:3:3:4:4,3:2:4:4:4:3:4:4:2
2:2:4:4:4:2:4:4:1:,recombination,5246.16114439191,1:2:4:4:4:4:4:4:1,2:2:4:4:4:3:3:4:2,MUTATE
1:2:4:4:4:3:3:4:1:,clone,4958.947307645663,1:2:4:4:4:3:4:4:1
2:2:4:4:4:3:4:4:2:,recombination,4693.607812324102,4:3:4:4:4:1:2:3:4,4:4:4:4:4:0:1:4:4
3:3:4:4:4:2:4:4:2:,clone,4884.135581016948,3:3:4:4:4:2:3:4:2
2:2:4:4:3:3:4:4:1:,clone,4769.2361936770585,2:2:4:4:3:3:4:4:1
2:3:4:4:2:4:4:4:2:,clone,5742.998315546935,3:3:4:4:2:4:4:4:2
3:2:4:4:3:4:4:4:2:,clone,5539.124938705568,3:2:4:4:3:4:4:4:2
1:2:4:4:1:4:4:4:1:,recombination,4971.529454036632,2:3:4:4:4:1:3:4:2,3:3:4:4:4:2:3:4:3,MUTATE
2:2:4:4:1:4:4:4:1:,clone,4955.120313363628,1:2:4:4:1:4:4:4:1
1:2:4:4:0:4:4:4:1:,clone,6125.30912997779,1:2:4:4:1:4:4:4:1
1:2:4:4:0:4:4:4:0:,clone,5939.259521939118,1:2:4:4:0:4:4:4:0
1:2:4:4:0:4:4:4:1:,clone,6098.014120083561,1:2:4:3:0:4:4:4:1
4:3:4:4:4:3:3:4:3:,recombination,4809.725177899304,4:4:4:4:4:2:2:2:4,1:2:4:2:0:4:4:4:0
4:4:4:4:4:2:3:4:4:,clone,4742.07736041983,4:4:4:4:4:2:3:4:4
3:2:4:4:4:3:3:4:2:,clone,4888.221854905058,3:2:4:4:4:3:3:4:2
3:2:4:4:4:3:3:4:2:,clone,4682.175771925104,3:2:4:4:4:3:3:4:2
2:2:4:4:4:4:3:4:2:,clone,4675.771196696951,2:2:4:4:4:4:3:4:2
2:2:4:4:3:4:4:4:1:,recombination,4797.404447791528,2:2:4:4:2:3:4:4:1,4:4:4:4:4:2:1:2:4
2:3:4:4:4:3:4:4:2:,clone,4836.463347086397,2:3:4:4:4:3:4:4:2
2:3:4:4:1:4:4:4:1:,recombination,5722.350746702802,2:3:4:4:3:3:4:4:1,2:2:4:4:4:2:4:4:2
2:2:4:3:0:4:4:4:1:,recombination,5476.561889130664,2:3:4:4:3:3:4:4:1,4:4:4:4:4:0:1:4:4
1:2:4:3:0:4:4:4:1:,clone,5474.408317215765,1:2:4:3:0:4:4:4:1
1:2:4:3:0:4:4:4:1:,clone,5307.983788198938,1:2:4:3:0:4:4:4:1
3:3:4:4:3:4:4:4:2:,clone,5867.978462950876,3:3:4:4:3:4:4:4:2
4:4:4:4:4:1:0:0:4:,recombination,5029.1704732159815,4:4:4:4:4:0:1:4:4,2:3:4:4:4:3:3:4:2,MUTATE
3:3:4:4:3:4:4:4:2:,clone,5670.283464334949,3:3:4:4:3:4:4:4:2
3:3:4:4:3:4:4:4:2:,clone,5670.283464334948,3:3:4:4:3:4:4:4:2
2:2:4:3:0:4:4:4:1:,recombination,5279.281824798139,4:4:4:4:4:2:3:4:4,2:2:4:4:2:3:4:4:1
2:2:4:3:0:4:4:4:1:,clone,5164.803016420851,2:2:4:3:0:4:4:4:1
4:4:4:4:4:3:2:4:4:,clone,4679.5098434778865,4:4:4:4:4:3:2:4:4
3:3:4:4:4:4:3:4:3:,clone,4906.84632132888,3:3:4:4:4:4:3:4:3
4:4:4:4:4:2:2:4:4:,clone,4365.647809856566,4:4:4:4:4:2:2:4:4
4:3:4:4:4:3:2:4:4:,clone,4679.5098434778865,4:3:4:4:4:3:2:4:4
1:2:4:3:1:4:4:4:0:,recombination,4766.378688384871,2:2:4:4:2:4:4:4:1,3:3:4:4:4:3:3:4:2
2:2:4:4:3:4:4:4:1:,recombination,4783.2894681906455,4:4:4:4:4:1:2:4:4,0:2:4:2:0:4:4:4:0,MUTATE
1:2:4:4:2:4:4:4:0:,clone,4858.84041976426,1:2:4:4:2:4:4:4:0
4:3:4:4:4:4:3:4:4:,clone,4914.194389657872,4:3:4:4:4:4:3:4:4
3:2:4:4:4:4:4:4:2:,recombination,4687.897151058837,1:2:4:4:3:4:4:4:1,4:4:3:4:4:0:0:1:4,MUTATE
4:3:4:4:4:3:3:4:3:,clone,4687.897151058837,4:3:4:4:4:3:3:4:3
3:3:4:4:4:4:4:4:2:,clone,4797.285004416863,3:3:4:4:4:4:4:4:2
2:2:4:4:3:4:4:4:1:,recombination,4730.827585573329,0:2:4:2:0:4:4:4:0,4:3:4:4:4:3:3:4:3,MUTATE
2:2:4:4:2:4:4:4:1:,recombination,4691.557111664335,1:2:4:2:0:4:4:4:0,4:3:4:4:4:4:4:4:3
2:2:4:4:3:4:4:4:1:,clone,4655.173510024464,2:2:4:4:3:4:4:4:1
1:2:4:4:2:4:4:4:0:,recombination,4488.564261487383,4:3:4:4:4:2:3:4:3,4:3:4:4:4:4:3:4:3
1:2:4:4:4:4:4:4:1:,recombination,4829.6432210945,1:2:4:4:4:4:4:4:1,2:2:4:4:3:4:4:4:2
2:3:4:4:3:3:4:4:2:,recombination,5978.292953635189,3:3:4:4:4:4:3:4:3,2:3:4:4:2:4:4:4:2
2:2:4:4:3:3:4:4:2:,recombination,5280.485593996302,1:1:4:3:0:4:4:4:0,1:2:4:4:4:4:4:4:1,MUTATE
3:2:4:4:3:3:4:4:2:,clone,5812.668963071548,3:2:4:4:3:3:4:4:2
3:2:4:4:3:3:4:4:2:,clone,5812.668963071547,3:2:4:4:3:3:4:4:2
3:2:4:4:3:3:4:4:2:,clone,5699.771119744846,3:2:4:4:3:3:4:4:2
2:2:4:4:2:4:4:4:2:,clone,5322.075306472161,2:2:4:4:2:4:4:4:2
1:1:4:4:1:4:4:4:0:,recombination,5410.9437776711575,4:3:4:4:4:2:4:4:3,2:2:4:4:4:4:4:4:2,MUTATE
0:1:4:2:0:4:4:4:0:,recombination,4742.628823101632,4:4:4:4:4:2:3:4:4,3:2:4:4:3:4:4:4:2
1:2:4:4:2:4:4:4:1:,clone,4803.799891643751,1:2:4:4:2:4:4:4:1
2:2:4:4:4:4:4:4:1:,recombination,4648.232862220272,1:2:4:4:3:4:4:4:1,4:3:4:4:4:1:2:4:4,MUTATE
2:2:4:4:4:4:3:4:1:,recombination,4841.058940371578,4:4:4:4:4:2:1:2:4,4:4:4:4:4:1:2:4:4
4:4:4:4:4:0:0:0:4:,clone,4126.431385747903,4:4:4:4:4:0:0:0:4
1:2:4:3:0:4:4:4:0:,clone,4973.482916954759,1:2:4:3:0:4:4:4:0
1:2:4:3:0:4:4:4:0:,recombination,4865.416231638835,2:2:4:4:4:3:4:4:1,1:2:4:3:0:4:4:4:0,MUTATE
1:2:4:4:2:3:4:4:1:,recombination,4617.219597824981,4:4:3:4:4:0:0:1:4,1:2:4:3:0:4:4:4:1
4:4:4:4:4:2:1:1:4:,clone,5652.001579621236,4:4:4:4:4:2:1:1:4
4:4:4:4:4:2:1:2:4:,recombination,4769.700399205969,2:2:4:4:4:2:4:4:1,4:3:4:4:4:2:3:4:4,MUTATE
4:4:4:4:4:3:3:4:4:,recombination,4841.376315740797,3:3:4:4:4:4:3:4:2,2:2:4:4:2:4:4:4:1
1:2:4:4:3:3:4:4:0:,clone,4882.169754474348,1:2:4:4:3:3:4:4:0
1:2:4:3:1:4:4:4:0:,recombination,4723.316485636682,1:2:4:4:3:4:4:4:1,4:3:4:4:4:1:2:3:4
2:2:4:3:0:4:4:4:1:,recombination,4790.856128500098,4:4:4:4:4:0:1:2:4,4:3:4:4:4:2:3:4:4
3:2:4:4:4:4:3:4:2:,recombination,5171.452718195867,3:3:4:4:4:3:4:4:3,2:2:4:4:2:4:4:4:1
1:2:4:3:0:4:4:4:1:,clone,4999.437959606853,1:2:4:3:0:4:4:4:1
1:2:4:4:2:4:4:4:1:,clone,4729.467087355975,1:2:4:4:2:4:4:4:1
2:2:4:4:4:4:4:4:2:,recombination,4764.78460334512,4:4:4:4:4:1:2:4:4,4:3:4:4:4:2:3:4:3
1:2:4:4:2:4:4:4:1:,clone,4647.6170152484665,1:2:4:4:2:4:4:4:1
0:2:4:3:0:4:4:4:0:,clone,5700.4283780635715,0:2:4:3:0:4:4:4:0
1:2:4:2:0:4:4:4:0:,recombination,4626.134084140639,0:2:4:2:0:4:4:4:0,2:2:4:4:4:4:4:4:1
1:2:4:3:1:4:4:4:1:,recombination,5083.149867530068,4:3:4:4:4:3:3:4:3,0:2:4:2:0:4:4:4:0
4:4:4:4:4:2:1:4:4:,clone,4538.360144354417,4:4:4:4:4:2:2:4:4
0:2:4:2:0:4:4:4:0:,clone,4614.928879346606,1:2:4:2:0:4:4:4:0
1:2:4:2:0:4:4:4:0:,clone,4538.658121146462,0:2:4:2:0:4:4:4:0
4:4:4:4:4:2:2:3:4:,clone,4518.084479035101,4:4:4:4:4:2:2:3:4
4:4:4:4:4:2:2:3:4:,recombination,4396.880081635413,1:2:4:2:0:4:4:4:0,1:2:4:2:0:4:4:4:0
2:3:4:4:4:2:4:4:2:,clone,5069.089937274606,2:3:4:4:4:2:4:4:2
2:2:4:4:4:3:4:4:2:,clone,4679.040131131367,2:2:4:4:4:3:4:4:2
2:3:4:4:3:3:4:4:2:,recombination,5514.158855245925,2:2:4:4:1:4:4:4:1,1:2:4:3:1:4:4:4:0
2:3:4:4:3:3:4:4:2:,clone,5484.521789813604,2:3:4:4:3:3:4:4:2
2:3:4:4:3:3:4:4:2:,recombination,5463.802970771231,2:3:4:4:4:3:4:4:1,3:3:4:4:3:4:4:4:2
2:3:4:4:3:3:4:4:2:,recombination,5314.25739244143,4:4:4:4:4:2:3:3:4,2:3:4:4:3:3:4:4:2,MUTATE
1:2:4:4:2:3:4:4:0:,clone,5044.375352954538,1:2:4:4:3:3:4:4:1
3:3:4:4:4:3:3:4:3:,clone,4267.921965329046,3:3:4:4:4:3:3:4:3
4:4:4:4:4:1:1:1:4:,recombination,4464.722250188838,3:3:4:4:4:4:3:4:3,4:4:4:4:4:0:1:3:4,MUTATE
3:3:4:4:4:3:3:4:2:,clone,4497.022102382247,3:3:4:4:4:3:3:4:2
3:3:4:4:4:3:4:4:3:,clone,4828.052391707085,3:3:4:4:4:3:3:4:3
3:2:4:4:4:3:3:4:2:,recombination,4618.226499781934,2:2:4:4:4:3:4:4:1,3:3:4:4:4:3:3:4:2,MUTATE
2:2:4:4:4:3:4:4:2:,recombination,4616.426068722714,1:2:4:2:0:4:4:4:0,2:3:4:4:3:4:4:4:2,MUTATE
2:2:4:4:3:4:4:4:1:,recombination,4616.426068722714,2:2:4:4:4:4:4:4:1,1:2:4:4:3:4:4:4:1
2:2:4:4:3:4:4:4:1:,clone,4563.862025094537,2:2:4:4:3:4:4:4:1
2:2:4:4:3:4:4:4:1:,clone,4561.372443331461,2:2:4:4:3:4:4:4:1
2:2:4:4:4:4:3:4:1:,clone,4813.9384215826185,2:2:4:4:4:4:3:4:1
2:2:4:4:4:4:4:4:1:,recombination,4368.666296604933,2:2:4:4:4:2:4:4:1,4:3:4:4:4:2:3:4:3
1:2:4:4:2:4:4:4:1:,recombination,4644.360649022519,1:2:4:3:0:4:4:4:1,3:3:4:4:4:4:4:4:2,MUTATE
1:2:4:4:2:4:4:4:1:,clone,4380.635752611244,1:2:4:4:2:4:4:4:1
4:4:4:4:4:3:3:4:4:,recombination,4652.724202584785,4:4:4:4:4:1:1:4:4,3:2:4:4:4:3:4:4:2
1:2:4:3:1:4:4:4:0:,recombination,4380.635752611244,1:2:4:3:1:4:4:4:1,4:3:4:4:4:3:3:4:3,MUTATE
2:2:4:4:3:4:4:4:2:,recombination,4943.749784878884,4:4:4:4:4:1:1:4:4,4:4:4:4:4:2:2:3:4
1:2:4:3:1:4:4:4:0:,clone,4237.112449024923,1:2:4:3:1:4:4:4:0
2:2:4:4:3:4:4:4:2:,clone,4843.532146955514,2:2:4:4:3:4:4:4:2
0:1:4:2:0:4:4:4:0:,clone,4624.414714393528,0:1:4:2:0:4:4:4:0
1:1:4:2:0:4:4:4:0:,recombination,4432.988295401745,4:3:4:4:4:3:3:4:3,1:2:4:3:1:4:4:4:0
0:1:4:3:0:4:4:4:0:,clone,5700.4798980670985,1:1:4:2:0:4:4:4:0
1:2:4:4:0:4:4:4:0:,clone,5933.619088720811,1:2:4:4:0:4:4:4:0
1:2:4:4:0:4:4:4:0:,recombination,5932.148745681869,2:2:4:4:4:4:4:4:1,1:2:4:4:0:4:4:4:0
1:2:4:4:0:4:4:4:1:,clone,5995.397494012852,1:2:4:4:1:4:4:4:0
1:1:4:3:1:4:4:4:0:,recombination,5152.532488764678,2:2:4:4:4:4:4:4:2,2:2:4:4:4:3:3:4:1
0:2:4:2:0:4:4:4:0:,clone,4507.36336846962,0:2:4:2:0:4:4:4:0
0:2:4:3:0:4:4:4:0:,clone,5700.2849890840025,0:2:4:2:0:4:4:4:0
2:2:4:4:1:4:4:4:1:,recombination,4897.953778529746,1:2:4:3:1:4:4:4:0,2:2:4:4:3:4:4:4:1
1:2:4:4:1:4:4:4:1:,clone,4943.543207531475,2:2:4:4:1:4:4:4:1
1:1:4:3:0:4:4:4:0:,recombination,5576.185137642365,4:4:4:4:4:1:1:4:4,3:3:4:4:4:3:3:4:3,MUTATE
4:4:4:4:4:0:2:4:4:,clone,4685.141619667935,4:4:4:4:4:0:2:4:4
4:3:4:4:4:1:3:4:4:,recombination,4521.552960260787,3:3:4:4:4:3:4:4:2,4:4:2:4:4:0:0:0:4,MUTATE
4:3:4:4:4:3:4:4:3:,recombination,5301.851038996976,1:2:4:4:2:3:4:4:1,3:3:4:4:4:1:3:3:3
4:4:4:4:4:2:3:4:4:,recombination,4693.878109984432,1:2:4:4:2:4:4:4:1,4:3:4:4:4:3:3:4:3,MUTATE
4:4:4:4:4:1:3:4:4:,clone,4990.505230246681,4:4:4:4:4:1:3:4:4
4:4:4:4:4:2:3:4:4:,clone,4687.248386796877,4:4:4:4:4:2:3:4:4
4:4:4:4:4:2:3:4:4:,clone,4558.930350174863,4:4:4:4:4:2:3:4:4
2:2:4:4:4:2:4:4:1:,clone,4868.953917311087,2:2:4:4:4:2:4:4:1
4:4:4:4:4:1:3:4:4:,recombination,4937.9692326804725,4:4:4:4:4:2:2:3:4,3:3:4:4:4:2:4:4:2,MUTATE
2:2:4:4:3:3:4:4:2:,recombination,4924.086351237557,3:3:4:4:4:4:3:4:2,1:2:4:4:4:3:3:4:1
3:3:4:4:4:3:4:4:2:,recombination,4600.540322297655,1:1:4:2:0:4:4:4:0,1:1:4:3:0:4:4:4:0,MUTATE
3:2:4:4:3:4:4:4:2:,recombination,5516.077290541082,1:2:4:4:3:4:4:4:1,3:3:4:4:4:2:3:4:2,MUTATE
4:4:2:4:4:0:0:0:4:,clone,5388.333049104351,4:4:3:4:4:0:0:0:4
3:2:4:4:4:3:3:4:2:,recombination,4597.311765111362,2:2:4:4:4:4:4:4:2,1:2:4:3:1:4:4:4:0,MUTATE
2:2:4:3:1:4:4:4:1:,clone,5187.59402466716,2:2:4:3:1:4:4:4:1
2:3:4:4:4:4:3:4:2:,clone,5079.912041652206,2:3:4:4:4:4:4:4:2
4:4:4:4:4:1:0:1:4:,clone,4320.264715555852,4:4:4:4:4:0:0:0:4
4:4:4:4:4:1:0:1:4:,clone,4320.264715555851,4:4:4:4:4:1:0:1:4
4:4:4:4:4:0:0:1:4:,clone,4243.0156341197835,4:4:4:4:4:0:0:1:4
4:4:4:4:4:1:1:1:4:,recombination,4329.34631705294,4:4:4:4:4:2:3:4:4,3:3:4:4:4:3:4:4:3
4:4:4:4:4:0:0:1:4:,clone,4161.154821093578,4:4:4:4:4:0:0:1:4
4:4:4:4:4:1:1:2:4:,clone,4194.39855724337,4:4:4:4:4:1:1:2:4
4:4:4:4:4:2:1:4:4:,clone,4377.1486786766345,4:4:4:4:4:1:1:3:4
4:4:4:4:4:1:1:3:4:,clone,4360.684068070285,4:4:4:4:4:1:1:3:4
4:4:4:4:4:1:1:4:4:,clone,4383.812210430622,4:4:4:4:4:1:1:4:4
4:4:4:4:4:1:1:4:4:,recombination,4369.307046698443,4:4:4:4:4:1:0:1:4,2:2:4:4:4:3:4:4:2,MUTATE
4:4:4:4:4:1:1:4:4:,clone,4325.870596875008,4:4:4:4:4:1:1:4:4
4:3:4:4:4:3:3:4:4:,recombination,4666.849845565736,4:3:4:4:4:4:3:4:4,2:2:4:4:4:4:4:4:2
4:3:4:4:4:3:3:4:3:,recombination,4632.961027874545,4:4:4:4:4:2:2:3:4,2:3:4:4:4:4:3:4:2
3:3:4:4:4:4:3:4:3:,clone,4850.0113254844955,3:3:4:4:4:3:3:4:3
3:2:4:4:4:4:3:4:2:,clone,4667.261204051231,3:2:4:4:4:4:3:4:2
2:2:4:4:4:4:4:4:2:,clone,4667.261204051231,2:2:4:4:4:4:4:4:2
2:2:4:4:2:3:4:4:1:,recombination,4668.428984463752,0:2:4:3:0:4:4:4:0,4:4:4:4:4:1:1:4:4,MUTATE
2:2:4:4:3:3:4:4:1:,clone,4748.43789578255,2:2:4:4:3:3:4:4:1
1:2:4:4:2:3:4:4:1:,clone,4609.466480997802,1:2:4:4:2:3:4:4:1
2:2:4:4:2:3:4:4:1:,clone,4658.936133924784,1:2:4:4:2:3:4:4:1
1:2:4:4:2:3:4:4:1:,recombination,4565.477981146377,1:2:4:4:1:4:4:4:1,4:4:4:4:4:0:1:2:4,MUTATE
1:1:4:3:1:4:4:4:0:,recombination,5004.88006342386,4:4:4:4:4:1:2:4:4,1:2:4:4:2:4:4:4:1,MUTATE
1:1:4:4:1:4:4:4:0:,recombination,4930.2162944980355,4:4:4:4:4:1:2:4:4,1:2:4:4:2:3:4:4:1
0:1:4:3:0:4:4:4:0:,recombination,5699.757022877609,4:4:4:4:4:1:1:1:4,2:3:4:4:4:2:3:4:2
0:2:4:3:0:4:4:4:0:,recombination,5699.714942344507,4:3:4:4:4:2:2:4:4,4:4:4:4:4:1:1:4:4,MUTATE
2:2:4:3:1:4:4:4:1:,clone,5186.190505599638,2:2:4:3:1:4:4:4:1
2:2:4:3:1:4:4:4:1:,clone,5162.541053168382,2:2:4:3:1:4:4:4:1
2:2:4:3:1:4:4:4:1:,clone,4996.878271102671,2:2:4:3:1:4:4:4:1
4:3:4:4:4:4:3:4:3:,recombination,5049.183406392989,0:2:4:2:0:4:4:4:0,4:4:4:4:4:1:2:4:4,MUTATE
4:3:4:4:4:3:4:4:4:,recombination,5830.363645848326,1:2:4:4:2:3:4:4:1,4:4:4:4:4:1:2:4:4
3:3:4:4:4:3:3:4:2:,recombination,4393.476846096452,2:2:4:4:4:4:4:4:1,4:4:4:4:4:1:2:2:4,MUTATE
4:3:4:4:4:3:2:4:4:,recombination,4634.410233641789,2:2:4:4:4:4:4:4:1,4:4:4:4:4:2:2:3:4
4:4:4:4:4:0:0:0:4:,clone,3879.0398824300732,0:2:4:2:0:4:4:4:0
4:4:4:4:4:0:0:2:4:,recombination,3786.999166206999,2:2:4:3:0:4:4:4:1,1:2:4:4:2:4:4:4:0,MUTATE
4:4:4:4:4:0:0:0:4:,clone,3844.6552772090113,4:4:4:4:4:0:0:0:4
4:4:4:4:4:1:1:1:4:,recombination,4159.27986919074,4:4:4:4:4:1:1:3:4,1:2:4:4:2:4:4:4:0
4:4:4:4:4:1:1:1:4:,clone,4075.6561434844584,4:4:4:4:4:1:1:1:4
4:4:4:4:4:0:0:1:4:,clone,4123.31972436042,4:4:4:4:4:1:0:1:4
4:4:4:4:4:3:2:3:4:,clone,5281.466733821241,4:4:4:4:4:2:2:3:4
4:4:4:4:4:3:2:3:4:,clone,5276.420725823342,4:4:4:4:4:3:2:3:4
4:4:4:4:4:4:3:4:4:,clone,5273.33634785017,4:4:4:4:4:4:3:4:4
1:2:4:4:0:4:4:4:0:,recombination,5931.990288920148,3:2:4:4:4:3:4:4:2,2:2:4:4:0:4:4:4:1,MUTATE
2:2:4:4:4:2:4:4:2:,recombination,4678.8644776736655,4:4:4:4:4:0:1:3:4,3:3:4:4:4:1:3:4:3,MUTATE
1:2:4:2:0:4:4:4:0:,clone,4507.079948280596,1:2:4:2:0:4:4:4:0
1:2:4:2:0:4:4:4:0:,clone,4433.047655668636,1:2:4:2:0:4:4:4:0
1:2:4:2:0:4:4:4:0:,clone,4433.047655668635,1:2:4:2:0:4:4:4:0
0:1:4:2:0:4:4:4:0:,clone,4607.159873729702,0:1:4:2:0:4:4:4:0
4:4:4:4:4:2:2:2:4:,clone,4229.176685240921,4:4:4:4:4:2:2:4:4
4:4:4:4:4:1:1:2:4:,clone,3912.017992684714,4:4:4:4:4:1:1:2:4
4:3:4:4:4:1:2:3:4:,clone,4058.255347101887,4:3:4:4:4:2:2:3:4
4:4:4:4:4:1:2:3:4:,clone,4082.3264416911984,4:4:4:4:4:1:2:3:4
4:4:4:4:4:1:2:3:4:,recombination,4058.0885126570624,1:2:4:2:0:4:4:4:0,2:3:4:4:3:4:4:4:2
4:4:4:4:4:1:2:3:4:,clone,4009.395100019961,4:4:4:4:4:1:2:3:4
4:3:4:4:4:2:2:3:4:,clone,4058.0885126570624,4:3:4:4:4:2:2:3:4
4:3:4:4:4:2:2:4:4:,clone,4062.8783814043422,4:3:4:4:4:2:2:4:4
4:4:4:4:4:1:1:3:4:,clone,4174.303443819752,4:4:4:4:4:1:1:3:4
4:3:4:4:4:3:3:4:3:,recombination,4513.212294845715,1:1:4:4:1:4:4:4:0,2:2:4:4:3:4:4:4:1
1:2:4:4:3:4:4:4:1:,clone,4583.875370545556,1:2:4:4:3:4:4:4:1
1:2:4:4:2:3:4:4:0:,recombination,4941.516911223424,4:3:4:4:4:1:3:3:4,4:3:4:4:4:3:3:4:4,MUTATE
1:2:4:4:2:3:4:4:0:,clone,4787.136843906057,1:2:4:4:2:3:4:4:0
2:3:4:4:4:2:4:4:2:,recombination,5056.954983658699,2:2:4:4:4:3:4:4:1,3:3:4:4:4:2:2:4:3,MUTATE
4:4:3:4:4:1:0:1:4:,clone,5253.561105048488,4:4:4:4:4:1:0:1:4
4:4:3:4:4:1:0:1:4:,recombination,5233.20410520194,2:2:4:4:3:4:4:4:1,1:2:4:3:1:4:4:4:0,MUTATE
4:4:4:4:4:1:0:0:4:,recombination,4465.0247587940385,3:2:4:4:4:4:3:4:2,1:2:4:3:0:4:4:4:0
3:3:4:4:4:4:3:4:3:,clone,4694.623673615178,3:3:4:4:4:4:3:4:3
0:2:4:2:0:4:4:4:0:,clone,4455.417075908859,0:2:4:2:0:4:4:4:0
0:1:4:2:0:4:4:4:0:,recombination,4532.0827368235405,3:3:4:4:4:4:3:4:3,3:3:4:4:4:4:4:4:2,MUTATE
4:4:4:4:4:2:3:4:4:,recombination,4535.561385842831,4:4:4:4:4:1:1:2:4,4:3:4:4:4:4:3:4:4
4:3:4:4:4:2:3:4:4:,recombination,4352.900623979671,1:2:4:4:2:3:4:4:1,4:4:4:4:4:2:3:4:4,MUTATE
2:2:4:4:0:4:4:4:1:,clone,6023.30860196807,2:2:4:3:0:4:4:4:1
3:3:4:4:3:3:4:4:2:,clone,6368.095446373378,3:3:4:4:3:4:4:4:2
0:1:4:2:0:4:4:4:0:,recombination,4383.980626085424,1:2:4:2:0:4:4:4:0,2:2:4:4:2:4:4:4:1,MUTATE
0:2:4:2:0:4:4:4:0:,clone,4388.770494832704,0:1:4:2:0:4:4:4:0
4:3:4:4:4:3:3:4:4:,recombination,4438.329235578986,4:3:4:4:4:3:2:4:4,0:1:4:2:0:4:4:4:0
3:3:4:4:4:4:3:4:2:,clone,4659.493868988352,3:3:4:4:4:4:3:4:2
2:2:4:4:4:4:4:4:2:,clone,4352.477100748698,2:2:4:4:4:4:4:4:2
0:2:4:4:0:4:4:4:0:,clone,7606.0368406569305,0:2:4:3:0:4:4:4:0
1:2:4:4:3:3:4:4:1:,recombination,4886.121394245328,3:3:4:4:4:1:3:4:3,4:3:4:4:4:2:2:4:4
1:1:4:2:0:4:4:4:0:,clone,4383.6338931307455,1:1:4:2:0:4:4:4:0
1:1:4:2:0:4:4:4:0:,recombination,4268.478232339106,2:2:4:3:1:4:4:4:1,4:4:4:4:4:2:3:4:4
3:3:4:4:4:2:4:4:3:,clone,5070.422692485362,3:3:4:4:4:2:4:4:3
4:3:4:4:4:1:3:4:4:,recombination,4451.784460281222,1:1:4:3:0:4:4:4:0,1:2:4:4:2:3:4:4:1,MUTATE
4:3:4:4:4:2:3:4:4:,recombination,4249.230054425838,3:3:4:4:4:3:4:4:2,4:3:4:4:4:1:3:4:4,MUTATE
3:2:4:4:4:2:4:4:2:,clone,5275.6153089205145,3:2:4:4:4:2:4:4:2
4:3:4:4:4:2:4:4:3:,clone,5480.901613238789,3:3:4:4:4:3:4:4:3
1:2:4:2:0:4:4:4:0:,clone,4379.146317708715,1:2:4:2:0:4:4:4:0
4:4:4:4:4:3:1:4:4:,clone,5338.664874172584,4:4:4:4:4:2:1:4:4
3:2:4:4:3:4:4:4:2:,clone,5431.89240778949,3:2:4:4:3:4:4:4:2
1:2:4:4:1:3:4:4:0:,recombination,4852.0133792137685,4:4:4:4:4:1:1:2:4,2:2:4:4:2:3:4:4:1
2:2:4:3:1:4:4:4:1:,clone,4790.96662174443,2:2:4:3:1:4:4:4:1
4:3:4:4:4:3:3:4:3:,clone,4273.447594315405,4:3:4:4:4:3:3:4:3
2:3:4:4:4:3:4:4:2:,clone,4591.446047768148,3:3:4:4:4:2:3:4:2
2:3:4:4:4:3:4:4:1:,clone,5015.267384882798,2:3:4:4:4:3:4:4:1
1:2:4:4:1:4:4:4:0:,clone,4656.349192593835,1:2:4:4:1:4:4:4:0
1:2:4:4:1:4:4:4:0:,clone,4623.111091860819,1:2:4:4:1:4:4:4:0
1:2:4:4:2:4:4:4:0:,recombination,4205.748948561694,4:4:4:4:4:4:3:4:4,4:4:4:4:4:2:1:4:4,MUTATE
1:2:4:4:2:4:4:4:0:,clone,4099.240047685714,1:2:4:4:2:4:4:4:0
3:3:4:4:3:4:4:4:2:,recombination,5544.962965001259,2:3:4:4:3:4:4:4:1,2:3:4:4:4:3:4:4:1,MUTATE
1:2:4:3:0:4:4:4:0:,recombination,4766.785635021906,3:3:4:4:4:2:4:4:3,1:2:4:4:2:4:4:4:1
3:2:4:4:3:4:4:4:2:,recombination,5370.4444246072035,2:3:4:4:4:2:4:4:2,4:4:4:4:4:4:3:4:4
4:4:3:4:4:0:0:0:4:,clone,4943.351634110212,4:4:3:4:4:0:0:0:4
1:1:4:4:0:4:4:4:0:,recombination,7697.856177084811,2:2:4:4:3:4:4:4:1,3:2:4:4:4:1:3:4:2,MUTATE
2:2:4:4:2:4:4:4:1:,clone,4671.5693678641655,2:2:4:4:2:4:4:4:1
1:2:4:4:1:4:4:4:0:,recombination,4587.59476921698,2:3:4:4:4:3:4:4:2,3:3:4:4:3:4:4:4:2
1:2:4:4:1:4:4:4:0:,recombination,4469.835970978098,1:2:4:4:1:4:4:4:0,3:3:4:4:4:4:3:4:3
3:2:4:4:4:3:3:4:3:,clone,5601.9890997610055,3:2:4:4:4:3:3:4:3
2:2:4:4:4:3:3:4:2:,recombination,4354.715231562179,4:3:4:4:4:3:3:4:4,2:2:4:4:1:4:4:4:1,MUTATE
3:3:4:4:4:2:3:4:2:,recombination,4469.1084638696875,0:2:4:3:0:4:4:4:0,4:4:4:4:4:1:2:3:4
2:2:4:4:4:3:3:4:1:,recombination,4840.398294381535,4:4:3:4:4:0:1:4:4,4:4:4:4:4:1:1:4:4
2:2:4:4:4:2:3:4:2:,clone,4369.47610920126,3:3:4:4:4:2:3:4:2
1:2:4:4:3:3:4:4:1:,clone,4607.5207278803655,1:2:4:4:2:4:4:4:1
1:2:4:4:4:4:4:4:1:,recombination,4491.739242691331,2:2:4:4:4:2:3:4:2,2:2:4:4:4:3:3:4:2
