2:3:4:4:4:3:3:4:2:,initialisation,3890.1028273669244,
4:4:4:4:4:2:3:4:4:,initialisation,4420.907468952102,
4:4:4:4:4:2:2:4:4:,initialisation,4377.465432324936,
4:4:4:4:4:2:2:3:4:,initialisation,3995.6246016010364,
4:4:4:4:4:0:0:1:4:,initialisation,4443.754478785088,
4:4:4:4:4:1:1:3:4:,initialisation,4376.550488195677,
4:4:4:4:4:1:2:3:4:,initialisation,3953.906292429228,
4:4:4:4:4:0:1:1:4:,initialisation,4439.4949898712575,
4:4:4:4:4:1:2:4:4:,initialisation,5283.500042503194,
4:4:4:4:4:1:2:4:4:,initialisation,4784.952723772762,
4:4:4:4:4:1:2:2:4:,initialisation,4239.766761835158,
4:4:4:4:4:3:2:4:4:,initialisation,4865.43973182438,
4:3:4:4:4:3:3:4:3:,initialisation,4889.54645219097,
4:4:4:4:4:3:3:4:4:,initialisation,5283.500042503195,
4:4:4:4:4:0:0:1:4:,initialisation,3411.708792276779,
4:3:4:4:4:2:2:4:4:,initialisation,4515.176349420289,
4:4:4:4:4:1:1:3:4:,initialisation,4362.137398160502,
4:4:4:4:4:1:1:4:4:,initialisation,4788.808632094026,
4:4:4:4:4:1:2:4:4:,initialisation,4665.053836377051,
4:3:4:4:4:2:3:4:4:,initialisation,4562.173841207317,
4:4:4:4:4:1:2:4:4:,initialisation,4401.87093006248,
4:4:4:4:4:1:1:3:4:,initialisation,4276.98259330478,
4:4:4:4:4:0:0:2:4:,initialisation,4118.380435607371,
4:4:4:4:4:3:3:4:4:,initialisation,4683.786924356258,
4:4:4:4:4:1:2:4:4:,initialisation,4010.3048248861314,
4:4:4:4:4:2:3:4:4:,initialisation,4235.9060012386135,
4:4:4:4:4:1:1:4:4:,initialisation,4417.701667352754,
4:3:4:4:4:3:3:4:4:,initialisation,4691.17247345195,
4:4:4:4:4:1:2:2:4:,initialisation,4221.305746910637,
2:3:4:4:4:2:3:4:2:,initialisation,3982.451370066881,
3:3:4:4:4:3:3:4:3:,initialisation,4544.543850543666,
4:4:4:4:4:3:2:4:4:,initialisation,4677.179837788303,
4:3:4:4:4:1:2:3:4:,initialisation,3939.4885188284165,
4:3:4:4:4:2:3:3:4:,initialisation,4513.594678377776,
4:4:4:4:4:2:2:4:4:,initialisation,4364.793404871416,
4:4:4:4:4:2:1:2:4:,initialisation,4514.138601510002,
4:4:4:4:4:1:1:2:4:,initialisation,4087.504432646937,
3:3:4:4:4:3:3:4:2:,initialisation,5023.878080252228,
3:3:4:4:4:2:2:3:3:,initialisation,4433.965731906016,
4:4:4:4:4:1:1:3:4:,initialisation,4016.5771051548527,
4:4:4:4:4:3:2:4:4:,initialisation,4636.684204847309,
3:4:4:4:4:2:3:3:3:,initialisation,4220.2938305355265,
4:3:4:4:4:3:3:4:4:,initialisation,4611.076537844908,
4:4:4:4:4:3:2:4:4:,initialisation,4565.208449741585,
1:2:4:4:3:4:4:4:1:,initialisation,5096.700224142029,
3:3:4:4:4:2:3:3:3:,initialisation,4487.807346437371,
4:4:4:4:4:2:2:4:4:,initialisation,4218.584899562943,
3:3:4:4:4:3:2:4:3:,initialisation,4336.685013348429,
3:3:4:4:4:2:3:4:3:,initialisation,4104.8494690881635,
4:4:4:4:4:2:2:2:4:,initialisation,4294.761707082257,
4:4:4:4:4:2:2:4:4:,initialisation,4082.2830380618193,
4:4:4:4:4:2:2:2:4:,initialisation,4051.3902648497665,
3:3:4:4:4:2:3:3:3:,initialisation,4107.22887932289,
4:3:4:4:4:1:1:2:4:,initialisation,3578.8514768174327,
4:4:4:4:4:2:1:4:4:,initialisation,4730.353052047834,
3:3:4:4:4:2:3:4:3:,initialisation,4015.641079758235,
4:4:4:4:4:2:1:3:4:,initialisation,4916.959379798069,
3:3:4:4:4:1:2:3:3:,initialisation,3866.8871993398952,
4:3:4:4:4:3:3:4:3:,initialisation,4843.910372993618,
4:3:4:4:4:2:3:4:4:,initialisation,4468.4675680599,
3:3:4:4:4:2:2:3:3:,initialisation,3849.4051184217956,
3:3:4:4:4:2:2:2:3:,initialisation,3695.4046371073755,
4:4:4:4:4:2:1:3:4:,initialisation,4723.82583903335,
3:3:4:4:4:3:3:4:3:,initialisation,4126.573555615656,
4:3:4:4:4:1:2:4:4:,initialisation,3662.8367199469535,
3:3:4:4:4:2:2:4:3:,initialisation,3984.188366383415,
4:4:4:4:4:2:1:4:4:,initialisation,4670.951877310864,
4:4:4:4:4:0:1:3:4:,initialisation,4596.427408606731,
4:4:4:4:4:3:3:4:4:,initialisation,4653.898881423111,
4:4:4:4:4:1:2:2:4:,initialisation,3906.3228736802926,
2:3:4:4:4:3:3:3:2:,initialisation,4153.095542837806,
4:4:4:4:4:0:1:2:4:,initialisation,4336.26191417119,
3:3:4:4:4:3:3:4:2:,initialisation,4464.615689540196,
4:4:4:4:4:2:1:4:4:,initialisation,4669.34658066331,
4:4:4:4:4:2:1:3:4:,initialisation,4512.638168786134,
3:3:4:4:4:2:3:3:3:,initialisation,4082.209741619797,
3:3:4:4:4:3:4:4:2:,initialisation,4897.173867412263,
3:4:4:4:4:3:3:4:3:,initialisation,4907.971585254391,
4:4:4:4:4:2:3:3:4:,initialisation,4108.448891134847,
4:4:4:4:4:1:1:2:4:,initialisation,3501.5596542441813,
4:4:4:4:4:1:1:4:4:,initialisation,4408.82184414893,
4:4:2:4:4:1:0:2:4:,initialisation,5283.500042503196,
4:4:4:4:4:1:1:3:4:,initialisation,3995.5848559627534,
4:4:4:4:4:2:1:4:4:,initialisation,4463.5298109949445,
4:4:4:4:4:0:0:0:4:,initialisation,3656.1377096489987,
4:4:3:4:4:1:1:3:4:,initialisation,5283.500042503195,
4:4:4:4:4:1:1:1:4:,initialisation,3509.55195677043,
2:2:4:4:4:2:3:3:2:,initialisation,4019.1694986547527,
4:4:4:4:4:0:1:2:4:,initialisation,4302.5729245396615,
4:4:4:4:4:0:1:1:4:,initialisation,3662.020345565387,
4:4:4:4:4:0:1:2:4:,initialisation,4028.2648770941582,
3:3:4:4:4:2:3:3:3:,initialisation,3710.33412992804,
4:4:4:4:4:1:1:3:4:,initialisation,3828.569526208623,
4:3:4:4:4:2:3:2:4:,initialisation,4422.824297983447,
3:3:4:4:4:2:3:4:3:,initialisation,3916.50950844165,
4:4:3:4:4:1:1:4:4:,initialisation,5283.500042503194,
4:4:3:4:4:1:2:2:4:,initialisation,4597.5096023808965,
4:4:4:4:4:3:3:4:4:,initialisation,4626.741163590994,
2:2:4:4:4:3:3:4:2:,initialisation,4365.290132485022,
2:3:4:4:4:4:4:4:2:,initialisation,4695.353931948732,
4:4:4:4:4:3:3:4:4:,initialisation,4579.695182005214,
4:3:4:4:4:2:2:3:4:,initialisation,4352.110735568637,
2:3:4:4:4:2:3:3:2:,initialisation,4250.783658126833,
2:3:4:4:4:4:3:4:2:,initialisation,4940.696967931238,
4:4:4:4:4:1:2:3:4:,initialisation,3900.4326465938316,
3:3:4:4:4:2:2:3:3:,initialisation,3827.243723684758,
4:4:4:4:4:1:2:1:4:,initialisation,4503.950469324314,
4:3:4:4:4:3:3:4:3:,initialisation,4843.053515030013,
4:4:4:4:4:2:1:3:4:,initialisation,4502.367015455275,
4:4:4:4:4:1:2:2:4:,initialisation,3891.2565415386216,
1:2:4:4:4:3:4:4:1:,initialisation,4440.025794634637,
4:4:4:4:4:1:2:2:4:,initialisation,3862.5465618268286,
4:4:4:4:4:1:2:4:4:,initialisation,3860.9995956911084,
4:4:4:4:4:0:0:0:4:,initialisation,3370.108472720081,
4:3:4:4:4:2:3:4:4:,initialisation,4396.6142853121255,
2:2:4:4:4:2:3:4:2:,initialisation,4025.6458931451507,
4:4:4:4:4:0:1:2:4:,initialisation,3917.1304989416267,
4:4:4:4:4:3:2:4:4:,initialisation,4543.462449739259,
4:3:4:4:4:3:2:4:4:,initialisation,4488.275492329432,
4:4:3:4:4:1:1:4:4:,initialisation,5283.500042503193,
1:2:4:4:4:3:3:4:1:,initialisation,4496.7752751115995,
4:3:4:4:4:3:3:4:4:,initialisation,4406.954171268821,
4:4:4:4:4:2:2:3:4:,initialisation,3755.2859254868076,
3:3:4:4:4:3:4:4:2:,initialisation,4793.564125434163,
2:2:4:4:4:3:4:4:1:,initialisation,4733.751830319218,
4:3:4:4:4:3:3:4:3:,initialisation,4835.387799305634,
4:3:4:4:4:2:3:4:4:,initialisation,4336.405051305933,
4:3:4:4:4:2:2:2:4:,initialisation,3948.5824838259623,
4:4:4:4:4:1:2:2:4:,initialisation,3812.6339112450933,
4:3:4:4:4:3:3:4:3:,initialisation,4813.759539197129,
4:4:4:4:4:1:1:4:4:,initialisation,4296.384840400635,
3:4:4:4:4:2:3:4:3:,initialisation,4349.409045308343,
4:4:4:4:4:2:2:4:4:,initialisation,3996.04483687666,
4:3:4:4:4:2:2:4:4:,initialisation,4360.729757690198,
3:4:4:4:4:3:3:4:3:,initialisation,4432.2760734748035,
4:4:2:4:4:0:0:2:4:,initialisation,5283.500042503194,
3:3:4:4:4:3:3:4:3:,initialisation,3757.686476912543,
4:4:4:4:4:2:3:4:4:,initialisation,4112.56727737589,
4:3:4:4:4:3:3:4:3:,initialisation,4504.3013175739825,
3:3:4:4:4:3:2:3:3:,initialisation,4340.64923773928,
4:3:4:4:4:2:3:4:3:,initialisation,4648.81796240559,
4:4:4:4:4:2:1:3:4:,initialisation,4322.757568966192,
4:4:4:4:4:0:1:3:4:,initialisation,4081.9050216913347,
4:4:4:4:4:1:1:1:4:,initialisation,3388.08237784559,
3:3:4:4:4:3:3:3:3:,initialisation,4502.871447541725,
4:4:4:4:4:1:1:4:4:,initialisation,4246.397647214322,
3:3:4:4:4:1:1:1:4:,initialisation,3695.646950101254,
4:4:4:4:4:2:2:4:4:,initialisation,3972.0138449804726,
4:3:4:4:4:2:3:4:4:,initialisation,4320.341231886551,
4:4:4:4:4:2:1:4:4:,initialisation,4376.725457570798,
3:3:4:4:4:3:3:4:2:,initialisation,4289.456530543422,
4:4:4:4:4:1:1:4:4:,initialisation,3937.9868181556562,
4:4:4:4:4:3:3:3:4:,initialisation,4762.2207463105315,
3:3:4:4:4:2:2:4:3:,initialisation,3954.809470919252,
4:3:4:4:4:2:2:4:4:,initialisation,3915.8012465954453,
3:4:4:4:4:3:3:3:3:,initialisation,4216.098633462294,
4:4:4:4:4:1:2:3:4:,initialisation,3745.7920890853447,
3:3:4:4:4:4:4:4:3:,initialisation,5090.888181496213,
4:4:4:4:4:3:3:4:3:,initialisation,4963.011554633786,
4:3:4:4:4:1:2:2:4:,initialisation,3912.869653162887,
3:3:4:4:4:3:4:4:3:,initialisation,5037.728009651501,
3:3:4:4:4:1:2:4:3:,initialisation,3851.350940225769,
4:4:4:4:4:1:1:3:4:,initialisation,3652.238600571179,
4:4:4:4:4:3:3:4:4:,initialisation,4378.369819795037,
2:2:4:4:4:3:4:4:2:,initialisation,4449.542632316698,
3:3:4:4:4:1:2:3:3:,initialisation,3381.0727622781774,
4:3:4:4:4:2:2:4:4:,initialisation,3861.585974551277,
4:4:4:4:4:2:2:2:4:,initialisation,4010.5989741461203,
3:3:4:4:4:1:2:2:3:,initialisation,3650.302219087467,
3:3:4:4:4:3:4:4:2:,initialisation,4780.508758456787,
4:3:4:4:4:1:2:2:4:,initialisation,3862.8854171597436,
2:3:4:4:4:2:3:3:2:,initialisation,3853.9526297337725,
4:4:4:4:4:0:1:1:4:,initialisation,3219.518752183095,
3:3:4:4:4:4:4:4:2:,initialisation,5327.2973480671135,
3:3:4:4:4:4:3:4:3:,initialisation,5036.792250188463,
3:4:4:4:4:3:3:4:3:,initialisation,4373.003096752046,
4:3:4:4:4:2:2:3:4:,initialisation,3895.681744809532,
2:3:4:4:4:2:3:4:2:,initialisation,3841.6172746783277,
3:4:4:4:4:2:2:4:3:,initialisation,4263.890274177538,
3:3:4:4:4:2:2:4:3:,initialisation,3944.366478465635,
3:3:4:4:4:2:3:4:3:,initialisation,3875.8866144706967,
3:3:4:4:4:2:2:3:3:,initialisation,3683.2488840233723,
3:3:4:4:4:3:4:4:3:,initialisation,4827.530350638295,
3:4:4:4:4:2:3:4:3:,initialisation,4270.544604204455,
3:2:4:4:4:3:3:4:2:,initialisation,4514.355915081393,
4:3:4:4:4:4:3:4:3:,initialisation,5283.500042503194,
4:4:4:4:4:2:2:2:4:,initialisation,3785.310133431877,
4:4:4:4:4:0:1:2:4:,initialisation,3903.060201242442,
4:3:4:4:4:2:3:4:4:,initialisation,4240.808472122177,
2:3:4:4:4:3:4:4:2:,initialisation,4676.384324806955,
3:3:4:4:4:1:1:1:4:,initialisation,3524.8834351777436,
4:3:4:4:4:3:4:4:3:,initialisation,5092.010686466837,
3:3:4:4:4:2:2:4:3:,initialisation,3870.785184600837,
3:3:4:4:4:4:4:4:3:,initialisation,5087.5816812338235,
3:3:4:4:4:3:2:3:3:,initialisation,4283.758316926545,
4:4:4:4:4:1:2:3:4:,initialisation,3643.717249837759,
1:3:4:4:4:4:4:4:1:,initialisation,4602.307382822911,
4:4:4:4:4:1:2:2:4:,initialisation,3765.7540415564786,
3:3:4:4:4:4:4:4:2:,initialisation,4748.58431508581,
4:3:4:4:4:2:3:4:3:,initialisation,4588.142994479864,
2:2:4:4:3:4:4:4:2:,initialisation,4616.324364766895,
3:4:4:4:4:2:2:3:3:,initialisation,4038.707105743141,
2:3:4:4:4:3:4:4:2:,initialisation,4581.374960717985,
4:3:4:4:4:4:3:4:3:,initialisation,5000.036852540573,
2:2:4:4:4:2:3:3:2:,initialisation,3831.8641525266526,
3:3:4:4:4:2:2:4:3:,initialisation,3629.583591605308,
2:3:4:4:4:2:2:3:2:,initialisation,3892.452450220815,
4:4:4:4:4:0:1:1:4:,initialisation,3197.499572087938,
4:4:3:4:4:0:1:4:4:,initialisation,5283.500042503195,
4:4:4:4:4:0:1:2:4:,initialisation,3728.439254858305,
4:4:4:4:4:3:2:3:4:,initialisation,4817.963182589251,
4:4:4:4:4:2:2:4:4:,initialisation,3872.834777574334,
3:4:4:4:4:2:3:3:3:,initialisation,4067.8548032804733,
3:4:4:4:4:2:3:4:3:,initialisation,4224.12318930267,
3:4:4:4:4:3:3:4:3:,initialisation,4303.861549040784,
2:3:4:4:4:3:4:4:2:,clone,4562.956273228611,2:3:4:4:4:3:4:4:2
3:3:4:4:4:4:4:4:2:,recombination,4492.992612799413,2:2:4:4:3:4:4:4:2,4:3:4:4:4:2:2:4:4,MUTATE
4:4:4:4:4:2:2:4:4:,clone,3716.766229174539,3:3:4:4:4:2:2:4:3
4:4:4:4:4:3:3:3:4:,clone,4319.142131079855,3:4:4:4:4:3:3:3:3
4:4:3:4:4:1:1:3:4:,clone,5283.500042503194,4:4:2:4:4:0:0:2:4
4:4:4:4:4:1:2:4:4:,recombination,3756.5922024339757,4:3:4:4:4:3:3:4:4,4:4:4:4:4:2:2:3:4
2:3:4:4:4:2:3:3:2:,clone,3683.100654610772,3:3:4:4:4:2:3:3:3
3:3:4:4:4:3:4:4:3:,recombination,4827.530350638293,4:3:4:4:4:3:3:4:3,3:3:4:4:4:3:4:4:3
3:3:4:4:4:2:3:4:3:,recombination,3865.115795737477,4:4:4:4:4:2:2:4:4,4:4:4:4:4:1:2:2:4,MUTATE
2:2:4:4:4:3:3:4:2:,recombination,4251.933004603708,3:3:4:4:4:3:3:4:3,2:2:4:4:4:3:3:4:2,MUTATE
4:4:4:4:4:0:1:2:4:,recombination,3383.800885642758,4:4:4:4:4:1:2:4:4,4:4:4:4:4:1:1:2:4
4:3:4:4:4:1:1:2:4:,clone,3478.102723948996,4:3:4:4:4:1:1:2:4
4:3:4:4:4:2:2:3:4:,clone,3798.314482640313,4:4:4:4:4:2:2:2:4
4:3:4:4:4:1:2:3:4:,recombination,3755.241240554842,4:4:4:4:4:1:2:3:4,2:2:4:4:4:2:3:3:2
4:4:4:4:4:2:2:3:4:,recombination,3691.7412928171143,4:4:4:4:4:0:1:1:4,3:3:4:4:4:2:3:4:3
3:3:4:4:4:1:2:4:3:,clone,3751.3157434649593,3:3:4:4:4:1:2:4:3
3:3:4:4:4:1:3:2:3:,recombination,3915.7390250424323,3:3:4:4:4:3:4:4:2,3:3:4:4:4:1:2:3:3
4:3:4:4:4:1:2:3:4:,clone,3627.958477296488,4:3:4:4:4:1:2:3:4
3:3:4:4:4:3:4:4:2:,recombination,4664.158309938046,3:4:4:4:4:3:3:4:3,3:3:4:4:4:3:4:4:3
3:3:4:4:4:2:3:4:3:,recombination,3831.212501689865,4:4:4:4:4:2:2:4:4,3:4:4:4:4:2:3:3:3,MUTATE
3:3:4:4:4:3:3:3:3:,recombination,4155.438734463851,2:3:4:4:4:3:3:3:2,2:3:4:4:4:2:3:3:2
4:3:4:4:4:4:3:4:3:,clone,4850.075493340023,4:3:4:4:4:4:3:4:3
3:3:4:4:4:3:4:4:3:,clone,4806.119081947014,3:3:4:4:4:3:4:4:3
2:3:4:4:4:2:3:4:2:,recombination,3626.0203485574793,2:3:4:4:4:2:3:3:2,3:3:4:4:4:2:2:4:3
4:3:4:4:4:2:3:4:3:,clone,4586.109372524964,4:3:4:4:4:2:3:4:3
3:4:4:4:4:2:3:4:3:,recombination,4073.875703532332,3:3:4:4:4:3:4:4:2,3:3:4:4:4:2:2:4:3
2:2:4:4:4:4:4:4:1:,recombination,4423.318342538716,2:2:4:4:4:3:3:4:2,3:4:4:4:4:2:3:4:3
4:3:4:4:4:2:2:4:4:,clone,3796.864964117304,4:4:4:4:4:2:2:4:4
4:4:4:4:4:0:0:0:4:,recombination,3123.887901053246,4:4:4:4:4:0:1:1:4,4:4:4:4:4:2:2:2:4
3:3:4:4:4:1:1:2:3:,clone,3526.0151233465776,3:3:4:4:4:2:2:2:3
3:3:4:4:4:2:3:2:3:,recombination,4416.194568980783,1:2:4:4:3:4:4:4:1,2:3:4:4:4:2:3:3:2
3:3:4:4:4:2:3:4:3:,clone,3782.6667560625488,3:3:4:4:4:2:3:4:3
4:4:4:4:4:2:3:4:4:,recombination,4001.921674146838,3:4:4:4:4:2:3:3:3,4:4:4:4:4:2:2:4:4,MUTATE
2:2:4:4:3:4:4:4:1:,recombination,4662.065408182966,1:2:4:4:4:3:3:4:1,4:4:4:4:4:3:3:4:4
4:4:3:4:4:1:1:3:4:,recombination,5206.302248152969,4:3:4:4:4:2:2:4:4,4:4:3:4:4:1:1:3:4
4:4:4:4:4:1:2:3:4:,recombination,3548.104977823183,4:4:4:4:4:1:2:4:4,4:4:4:4:4:1:2:3:4
3:3:4:4:4:3:3:3:3:,clone,4056.7199971770374,3:3:4:4:4:3:3:3:3
3:4:4:4:4:2:2:4:3:,recombination,4040.9958952586117,3:3:4:4:4:3:3:3:3,3:3:4:4:4:1:2:2:3
3:3:4:4:4:2:2:4:3:,recombination,3546.5861732407407,3:3:4:4:4:1:2:3:3,3:3:4:4:4:1:1:2:3,MUTATE
3:3:4:4:4:3:4:4:2:,clone,4478.371960436393,3:3:4:4:4:4:4:4:2
3:3:4:4:4:2:3:2:3:,recombination,4171.216979198576,3:4:4:4:4:2:3:3:3,2:3:4:4:4:2:3:4:2,MUTATE
4:3:4:4:4:3:3:4:4:,recombination,4386.306088662942,3:3:4:4:4:3:4:4:3,4:3:4:4:4:2:3:4:4,MUTATE
1:2:4:4:3:3:4:4:1:,recombination,4087.8487088898337,4:3:4:4:4:2:2:3:4,2:2:4:4:4:3:4:4:2,MUTATE
3:3:4:4:4:4:3:4:3:,clone,4850.075493340023,4:3:4:4:4:4:3:4:3
4:4:4:4:4:3:3:4:4:,clone,4257.418353578148,4:4:4:4:4:2:3:4:4
3:3:4:4:4:3:3:4:2:,clone,4207.47543690387,3:3:4:4:4:3:3:4:2
2:2:4:4:4:2:3:4:2:,clone,3919.1620594716373,2:2:4:4:4:2:3:3:2
2:3:4:4:4:4:4:4:2:,recombination,4395.457135619296,4:4:4:4:4:3:3:4:4,2:2:4:4:3:4:4:4:2
2:2:4:4:4:4:4:4:2:,recombination,4396.973369694144,4:4:4:4:4:2:3:4:4,4:4:4:4:4:1:2:4:4,MUTATE
3:4:4:4:4:2:3:4:3:,recombination,3977.0763852670343,4:4:4:4:4:2:1:4:4,4:4:4:4:4:2:2:4:4
4:4:4:4:4:3:4:4:3:,recombination,4712.039371304125,4:4:4:4:4:3:2:4:4,3:3:4:4:4:3:4:4:3,MUTATE
3:3:4:4:4:1:2:2:3:,clone,3592.193011965881,3:3:4:4:4:2:2:2:3
4:3:4:4:4:2:3:3:4:,recombination,4124.363321735714,4:4:4:4:4:1:1:4:4,3:3:4:4:4:3:3:4:3,MUTATE
4:4:4:4:4:3:2:4:4:,recombination,4375.16906302916,4:4:4:4:4:2:2:4:4,4:4:4:4:4:1:1:3:4,MUTATE
4:4:4:4:4:1:2:4:4:,clone,3736.1575133700553,4:4:4:4:4:2:2:4:4
2:2:4:4:4:2:2:3:2:,clone,3859.097003023505,3:3:4:4:4:2:2:2:3
4:4:3:4:4:1:1:2:4:,recombination,4746.810852159535,4:4:3:4:4:1:2:2:4,3:3:4:4:4:2:3:4:3,MUTATE
2:2:4:4:4:3:3:4:2:,recombination,3712.214907575057,4:4:4:4:4:2:2:3:4,2:2:4:4:4:2:3:4:2,MUTATE
4:4:4:4:4:1:1:2:4:,clone,3453.537803241489,4:4:4:4:4:1:1:2:4
3:3:4:4:4:2:2:3:3:,recombination,3601.6078484504224,3:3:4:4:4:2:2:4:3,4:4:4:4:4:1:1:1:4,MUTATE
4:3:4:4:4:2:1:2:4:,recombination,3749.268145228672,4:4:4:4:4:2:2:4:4,3:3:4:4:4:1:1:1:4,MUTATE
2:3:4:4:4:4:3:4:1:,recombination,4486.585090468591,4:4:4:4:4:2:2:4:4,2:2:4:4:4:2:3:3:2
2:3:4:4:4:3:4:4:2:,recombination,4125.656919139325,4:3:4:4:4:3:3:4:4,4:4:4:4:4:2:3:4:4,MUTATE
2:2:4:4:4:3:4:4:1:,recombination,4352.483950192049,4:3:4:4:4:2:2:4:4,4:4:4:4:4:1:2:2:4
3:3:4:4:4:2:2:3:3:,recombination,3387.4075013311094,4:4:4:4:4:2:1:3:4,3:3:4:4:4:2:2:4:3,MUTATE
2:2:4:4:3:4:4:4:1:,clone,4563.789066986081,2:2:4:4:4:4:4:4:2
4:3:4:4:4:2:3:4:4:,recombination,3817.2489482542246,3:4:4:4:4:2:3:4:3,3:3:4:4:4:3:3:4:3,MUTATE
3:3:4:4:4:2:3:4:3:,recombination,3648.018433223916,3:3:4:4:4:2:2:3:3,4:4:4:4:4:3:3:4:4
2:2:4:4:4:3:4:4:1:,recombination,3820.886001631363,2:2:4:4:4:3:3:4:2,2:2:4:4:4:4:4:4:1
3:3:4:4:4:3:3:4:2:,recombination,4138.219761410813,3:3:4:4:4:1:1:2:3,4:3:4:4:4:2:2:4:4
4:3:4:4:4:2:2:3:4:,clone,3525.340138955762,3:3:4:4:4:2:2:3:3
4:4:4:4:4:2:2:2:4:,recombination,3685.507471324443,4:4:4:4:4:0:0:0:4,3:3:4:4:4:2:2:3:3
3:2:4:4:4:4:4:4:2:,clone,4875.602143571601,3:3:4:4:4:4:3:4:3
4:3:4:4:4:1:2:2:4:,recombination,3754.307693938077,4:3:4:4:4:1:1:2:4,2:3:4:4:4:2:3:3:2,MUTATE
3:3:4:4:4:3:3:4:3:,recombination,3659.3357400954173,2:2:4:4:4:3:4:4:1,4:3:4:4:4:2:2:2:4,MUTATE
4:3:4:4:4:3:3:4:3:,recombination,4393.621908069124,4:4:4:4:4:3:2:4:4,4:4:4:4:4:2:3:4:4
3:3:4:4:4:2:2:4:3:,clone,3525.340138955762,4:3:4:4:4:2:2:3:4
4:4:4:4:4:2:3:3:4:,clone,3864.9047176831514,4:3:4:4:4:2:3:4:4
1:2:4:4:4:3:4:4:1:,recombination,4037.805097709424,4:4:4:4:4:2:2:4:4,2:2:4:4:4:2:3:3:2,MUTATE
2:3:4:4:4:3:3:4:2:,recombination,3805.824840122578,4:4:4:4:4:0:1:1:4,2:2:4:4:3:4:4:4:2,MUTATE
4:4:4:4:4:1:2:2:4:,clone,3752.781438870666,4:4:4:4:4:1:2:2:4
2:3:4:4:4:3:3:4:2:,recombination,3757.348739801992,3:3:4:4:4:2:2:4:3,2:3:4:4:4:3:3:4:2,MUTATE
4:4:4:4:4:1:2:3:4:,clone,3538.771248467018,4:4:4:4:4:1:1:2:4
3:3:4:4:4:4:3:4:2:,recombination,4446.768535893562,4:4:4:4:4:3:2:4:4,4:4:4:4:4:1:1:2:4
4:3:4:4:4:1:2:3:4:,recombination,3557.8753811960228,4:4:3:4:4:1:1:3:4,4:4:4:4:4:1:2:3:4,MUTATE
4:3:4:4:4:3:3:4:4:,recombination,3906.984697113302,2:2:4:4:4:3:3:4:2,4:4:2:4:4:1:0:2:4
3:3:4:4:4:3:3:4:2:,recombination,4063.527899937617,3:3:4:4:4:3:3:4:2,3:3:4:4:4:2:2:3:3
2:3:4:4:4:2:3:4:2:,clone,3606.3003855488187,2:3:4:4:4:2:3:3:2
2:3:4:4:4:2:3:3:2:,clone,3350.9793904713297,2:3:4:4:4:2:3:4:2
2:2:4:4:4:3:3:3:2:,recombination,4533.227056304978,4:4:4:4:4:1:1:4:4,1:2:4:4:4:3:4:4:1,MUTATE
2:2:4:4:4:4:3:4:2:,recombination,3976.1776745190127,2:2:4:4:4:3:3:4:2,4:4:4:4:4:0:1:2:4,MUTATE
4:4:4:4:4:3:4:4:3:,clone,4653.631292786047,4:4:4:4:4:3:4:4:3
4:4:4:4:4:1:1:3:4:,recombination,3642.5621346552957,4:4:4:4:4:1:1:1:4,4:3:4:4:4:2:2:4:4,MUTATE
4:4:4:4:4:3:2:4:4:,recombination,3927.9696551103693,4:4:4:4:4:2:2:2:4,4:3:4:4:4:3:3:4:4
3:3:4:4:4:2:2:4:3:,recombination,3523.5872251082974,2:3:4:4:4:2:3:3:2,4:3:4:4:4:4:3:4:3,MUTATE
3:3:4:4:4:1:2:4:3:,clone,3488.272340456782,3:3:4:4:4:2:2:4:3
4:4:4:4:4:3:3:4:4:,recombination,4218.603141600266,4:4:4:4:4:1:2:1:4,4:4:4:4:4:3:2:4:4
4:4:4:4:4:1:2:3:4:,clone,3538.771248467017,4:3:4:4:4:1:2:3:4
1:2:4:4:4:3:3:4:1:,recombination,3928.6691118564822,1:2:4:4:4:3:4:4:1,4:4:4:4:4:1:1:3:4,MUTATE
4:3:4:4:4:2:2:3:4:,recombination,3498.4358249443258,3:3:4:4:4:2:3:4:3,3:3:4:4:4:2:2:4:3
2:2:4:4:4:4:4:4:2:,clone,4199.142944358518,2:2:4:4:4:4:4:4:2
1:2:4:4:2:4:4:4:1:,clone,4627.941063979409,2:2:4:4:3:4:4:4:1
2:2:4:4:4:3:3:4:1:,clone,3927.555690169954,1:2:4:4:4:3:3:4:1
4:3:4:4:4:2:3:4:4:,clone,3764.227294350494,4:3:4:4:4:2:3:4:4
4:3:4:4:4:1:2:4:4:,recombination,3639.3133144125213,4:4:4:4:4:1:2:3:4,4:4:4:4:4:2:1:3:4
2:2:4:4:4:2:3:4:2:,clone,3744.9444090790257,2:2:4:4:4:2:3:4:2
2:3:4:4:4:4:4:4:2:,recombination,4080.5215867017514,3:3:4:4:4:3:3:4:3,3:3:4:4:4:2:2:4:3
3:3:4:4:4:2:3:3:3:,recombination,3455.3306991680024,2:2:4:4:4:2:3:3:2,4:4:4:4:4:1:2:2:4
4:3:4:4:4:3:3:4:3:,recombination,4269.458479177154,4:3:4:4:4:3:3:4:3,3:3:4:4:4:1:1:1:4
2:3:4:4:4:2:3:4:2:,clone,3568.6220966909223,2:3:4:4:4:2:3:4:2
4:3:4:4:4:2:1:4:4:,clone,3778.317481508753,4:3:4:4:4:2:1:4:4
2:2:4:4:4:3:3:4:2:,clone,3687.919829568973,2:3:4:4:4:2:3:4:2
3:3:4:4:4:3:3:4:2:,recombination,4027.692986087691,4:3:4:4:4:2:2:4:4,4:3:4:4:4:2:3:4:4
4:3:4:4:4:2:3:3:4:,clone,3610.466144181339,4:3:4:4:4:2:3:4:4
2:3:4:4:4:2:3:4:2:,recombination,3444.8389493841382,3:3:4:4:4:2:3:3:3,3:3:4:4:4:2:3:2:3,MUTATE
3:3:4:4:4:3:4:4:2:,clone,4341.252036601098,3:3:4:4:4:3:3:4:2
3:3:4:4:4:2:3:3:3:,recombination,3410.291858952459,2:3:4:4:4:2:3:4:2,3:3:4:4:4:2:3:3:3
3:3:4:4:4:2:3:4:2:,recombination,3724.7010176496856,4:3:4:4:4:2:2:4:4,4:3:4:4:4:2:3:3:4,MUTATE
4:4:4:4:4:2:3:4:4:,recombination,3964.88813974421,4:4:4:4:4:2:1:4:4,3:3:4:4:4:2:2:4:3
3:3:4:4:4:3:4:4:2:,recombination,4120.849291675561,4:4:4:4:4:2:3:4:4,3:3:4:4:4:3:3:4:2
4:4:4:4:4:1:1:3:4:,recombination,3642.5295999028235,3:3:4:4:4:3:4:4:2,4:3:4:4:4:1:2:3:4,MUTATE
4:4:4:4:4:3:3:4:4:,clone,4023.1953679659496,4:4:4:4:4:3:3:4:4
2:2:4:4:3:4:4:4:1:,clone,4489.8644360447515,2:2:4:4:4:3:3:4:2
2:2:4:4:2:4:4:4:1:,recombination,4751.991907234756,2:2:4:4:4:2:3:4:2,4:4:4:4:4:3:3:4:4,MUTATE
4:4:4:4:4:2:2:4:4:,recombination,3572.5784809127576,4:4:4:4:4:3:2:4:4,3:3:4:4:4:2:3:3:3
2:2:4:4:3:4:4:4:1:,recombination,4372.027774023206,3:3:4:4:4:2:2:4:3,3:3:4:4:4:3:4:4:2,MUTATE
1:2:4:4:3:4:4:4:1:,recombination,4732.338751851796,2:2:4:4:3:4:4:4:2,2:2:4:4:4:3:3:4:2
2:2:4:4:4:4:4:4:1:,clone,4409.209464809561,2:2:4:4:4:4:4:4:2
2:2:4:4:4:2:3:4:2:,clone,3562.774048486917,2:3:4:4:4:2:3:4:2
4:3:4:4:4:3:3:4:4:,recombination,3872.634634554809,4:4:4:4:4:2:2:4:4,4:3:4:4:4:3:2:4:4,MUTATE
4:4:4:4:4:0:1:4:4:,clone,5126.342256960552,4:4:3:4:4:0:1:4:4
3:3:4:4:4:2:3:2:3:,clone,3975.674458150445,4:3:4:4:4:2:2:2:4
4:3:4:4:4:2:3:4:4:,clone,3657.1987457418027,4:3:4:4:4:2:3:3:4
1:2:4:4:2:4:4:4:1:,recombination,4558.187957175269,3:3:4:4:4:2:3:4:3,2:2:4:4:4:4:4:4:1,MUTATE
4:3:4:4:4:3:3:4:3:,clone,4235.676617005332,4:3:4:4:4:3:3:4:3
3:3:4:4:4:4:4:4:2:,clone,4476.869942322297,2:2:4:4:4:4:4:4:2
2:3:4:4:4:3:4:4:1:,clone,4245.480573740299,2:2:4:4:4:3:4:4:1
3:3:4:4:4:4:3:4:2:,recombination,4232.093368035726,4:3:4:4:4:3:3:4:3,3:3:4:4:4:4:4:4:2
3:3:4:4:4:3:4:4:3:,clone,4720.381746266721,4:3:4:4:4:3:3:4:3
3:3:4:4:4:4:4:4:2:,recombination,4389.332270810624,4:4:4:4:4:3:2:4:4,4:4:4:4:4:0:1:1:4,MUTATE
1:2:4:4:2:3:4:4:1:,recombination,4200.336776642836,3:3:4:4:4:3:3:4:2,2:2:4:4:4:2:3:4:2
4:3:4:4:4:3:3:4:3:,clone,4195.233434527281,3:3:4:4:4:3:3:4:3
4:3:4:4:4:2:3:4:4:,clone,3628.3384810942443,4:3:4:4:4:2:3:4:4
4:3:4:4:4:3:2:4:4:,clone,4224.091040951615,4:3:4:4:4:2:2:4:4
4:4:4:4:4:3:3:3:4:,clone,4283.39266661803,4:4:4:4:4:3:3:4:4
3:3:4:4:4:4:3:4:3:,recombination,4554.764249387359,2:2:4:4:4:3:3:4:2,3:3:4:4:4:2:2:4:3,MUTATE
3:3:4:4:4:2:3:4:3:,clone,3608.2022359616617,4:3:4:4:4:2:3:4:4
2:2:4:4:3:4:4:4:1:,recombination,4305.720912451875,2:3:4:4:4:4:4:4:2,3:3:4:4:4:3:3:3:3
1:2:4:4:3:4:4:4:1:,clone,3968.607443418398,2:2:4:4:4:4:4:4:1
3:4:4:4:4:3:3:3:3:,clone,4180.3491690004685,4:4:4:4:4:3:3:3:4
2:2:4:4:4:3:4:4:2:,clone,4076.5824393669923,2:2:4:4:3:4:4:4:1
2:2:4:4:2:4:4:4:1:,recombination,4741.672411716008,3:3:4:4:4:1:2:4:3,4:4:4:4:4:3:3:4:4,MUTATE
3:3:4:4:4:3:3:4:2:,clone,3900.87426493973,3:3:4:4:4:3:3:4:2
3:2:4:4:4:4:3:4:2:,clone,4497.187043208618,3:3:4:4:4:4:3:4:2
3:3:4:4:4:2:2:4:3:,recombination,3497.465233885211,4:3:4:4:4:3:2:4:4,2:2:4:4:4:2:3:4:2,MUTATE
2:2:4:4:3:3:4:4:1:,clone,4406.424341358941,2:2:4:4:3:3:4:4:1
3:3:4:4:4:4:4:4:2:,recombination,4291.104446958369,3:3:4:4:4:4:4:4:2,4:3:4:4:4:3:4:4:3
1:2:4:4:2:4:4:4:1:,clone,4459.316504689568,1:2:4:4:2:4:4:4:1
2:2:4:4:4:3:4:4:2:,recombination,4051.324490870343,4:4:3:4:4:1:2:2:4,2:2:4:4:4:3:4:4:1
3:3:4:4:4:1:3:4:3:,recombination,3557.0020015448463,3:3:4:4:4:2:3:3:3,4:4:4:4:4:2:3:3:4
3:3:4:4:4:3:3:4:2:,recombination,3892.2296361371973,4:4:4:4:4:3:3:4:4,4:4:4:4:4:2:3:4:4
1:2:4:4:2:4:4:4:1:,clone,4272.549016169579,1:2:4:4:2:4:4:4:1
3:3:4:4:4:4:4:4:3:,recombination,4930.673371021385,4:4:4:4:4:1:1:3:4,3:3:4:4:4:3:4:4:3
1:2:4:4:3:4:4:4:1:,clone,3964.151947102077,1:2:4:4:3:4:4:4:1
2:2:4:4:4:4:4:4:1:,recombination,4168.750850169057,3:3:4:4:4:3:3:4:3,3:3:4:4:4:2:2:3:3
4:3:4:4:4:1:1:2:4:,recombination,3453.864042492797,4:3:4:4:4:1:1:2:4,4:4:4:4:4:1:1:4:4,MUTATE
1:2:4:4:4:3:4:4:1:,recombination,4018.614434377501,3:3:4:4:4:2:3:3:3,1:2:4:4:3:4:4:4:1,MUTATE
1:2:4:3:1:4:4:4:0:,recombination,4804.316969079586,2:3:4:4:4:2:3:3:2,2:3:4:4:4:4:4:4:2
3:3:4:4:4:3:4:4:3:,recombination,4402.173533320611,4:4:4:4:4:1:1:3:4,3:3:4:4:4:2:3:4:3,MUTATE
1:2:4:3:1:4:4:4:0:,clone,4147.227816324352,1:2:4:4:3:4:4:4:1
2:2:4:4:4:4:4:4:2:,clone,4167.174343549742,2:2:4:4:4:4:4:4:2
2:2:4:4:2:4:4:4:1:,recombination,4167.938912433616,3:3:4:4:4:4:4:4:3,3:3:4:4:4:4:3:4:2,MUTATE
3:2:4:4:4:3:3:4:2:,clone,4371.652942146579,3:2:4:4:4:3:3:4:2
3:3:4:4:4:4:3:4:2:,recombination,4148.569297900413,4:3:4:4:4:3:2:4:4,3:3:4:4:4:3:3:4:3,MUTATE
1:2:4:4:1:4:4:4:0:,recombination,4587.258124126001,4:3:4:4:4:2:2:4:4,3:3:4:4:4:3:3:4:2
2:3:4:4:4:4:3:4:2:,recombination,4664.766946178667,3:3:4:4:4:1:1:1:4,4:4:4:4:4:3:2:4:4
1:2:4:4:2:4:4:4:1:,recombination,4135.843383137581,4:3:4:4:4:2:2:4:4,2:2:4:4:4:3:3:4:1,MUTATE
2:2:4:4:3:4:4:4:1:,clone,4297.03501385973,2:2:4:4:3:4:4:4:1
2:2:4:4:3:4:4:4:1:,clone,4295.695347900533,2:2:4:4:3:4:4:4:1
3:2:4:4:4:3:3:4:2:,clone,4315.39607836251,3:2:4:4:4:3:3:4:2
2:3:4:4:3:4:4:4:2:,recombination,4294.263803898519,3:3:4:4:4:3:4:4:2,1:2:4:3:1:4:4:4:0,MUTATE
4:4:4:4:4:1:2:4:4:,clone,3727.6948735285146,4:4:4:4:4:2:2:4:4
4:4:4:4:4:1:2:4:4:,clone,3680.1801605864207,4:4:4:4:4:1:2:4:4
2:3:4:4:4:2:2:4:2:,recombination,3889.6410685738083,3:4:4:4:4:3:3:4:3,4:3:4:4:4:1:2:2:4
4:4:4:4:4:1:2:4:4:,clone,3676.687121215767,4:4:4:4:4:1:2:4:4
2:2:4:4:3:4:4:4:1:,clone,4249.521088130274,2:2:4:4:3:4:4:4:1
2:2:4:4:4:4:4:4:1:,recombination,4133.452253386549,3:3:4:4:4:3:3:4:2,4:3:4:4:4:3:3:4:4
2:3:4:4:3:4:4:4:2:,recombination,4101.166147825848,2:2:4:4:2:4:4:4:1,1:2:4:4:2:4:4:4:1,MUTATE
2:2:4:4:3:4:4:4:1:,recombination,4217.073008327596,2:2:4:4:4:4:4:4:2,4:3:4:4:4:2:3:2:4
3:3:4:4:4:4:4:4:2:,recombination,4287.315648092884,2:2:4:4:2:4:4:4:1,3:3:4:4:4:2:2:4:3,MUTATE
1:2:4:3:1:4:4:4:1:,recombination,4427.86250671515,4:4:4:4:4:3:3:4:4,2:2:4:4:2:4:4:4:1
3:3:4:4:4:3:4:4:2:,recombination,4073.849044987373,3:3:4:4:4:3:4:4:3,4:4:4:4:4:3:3:4:4,MUTATE
4:4:4:4:4:1:2:3:4:,recombination,3507.3150230414585,4:4:4:4:4:1:1:3:4,3:3:4:4:4:2:2:2:3
2:2:4:4:3:4:4:4:2:,recombination,4173.189502054231,3:3:4:4:4:4:4:4:3,2:3:4:4:3:4:4:4:2,MUTATE
4:4:4:4:4:1:1:3:4:,clone,3610.5429256315215,4:4:4:4:4:1:2:3:4
4:4:4:4:4:2:2:3:4:,clone,3558.862658064744,3:3:4:4:4:2:3:2:3
2:3:4:4:4:1:2:4:2:,clone,3484.848564911866,2:3:4:4:4:1:2:4:2
3:3:4:4:3:3:4:4:2:,recombination,4282.600091746979,3:3:4:4:4:2:3:4:3,3:3:4:4:4:1:3:4:3,MUTATE
2:3:4:4:3:3:4:4:2:,recombination,4195.175291653993,4:4:4:4:4:1:2:3:4,1:2:4:4:2:4:4:4:1,MUTATE
2:3:4:4:4:2:2:4:2:,clone,3613.077378361548,2:3:4:4:4:1:2:4:2
3:3:4:4:4:3:2:4:3:,recombination,4031.376462775893,2:2:4:4:4:3:4:4:1,4:4:4:4:4:1:1:4:4
4:4:4:4:4:3:4:4:3:,clone,4653.631292786045,4:4:4:4:4:3:4:4:3
4:4:4:4:4:2:2:3:4:,clone,3504.3937100096095,4:4:4:4:4:2:2:3:4
4:3:4:4:4:1:2:3:4:,clone,3507.3150230414585,4:3:4:4:4:1:2:3:4
2:2:4:4:3:3:4:4:1:,recombination,4082.9165232560526,3:3:4:4:4:2:2:4:3,2:2:4:4:4:2:3:4:2,MUTATE
1:2:4:2:0:4:4:4:0:,recombination,4939.834526945266,3:3:4:4:4:2:3:4:3,3:2:4:4:4:3:3:4:2
4:3:4:4:4:2:2:4:4:,clone,3770.5764128246265,4:3:4:4:4:1:2:4:4
2:3:4:4:4:4:3:4:2:,recombination,4094.4866972285,4:4:4:4:4:1:2:2:4,3:3:4:4:4:3:4:4:2,MUTATE
1:2:4:3:1:4:4:4:1:,recombination,4351.0519169128675,4:4:4:4:4:1:2:2:4,3:3:4:4:4:3:3:4:2
2:2:4:4:3:4:4:4:1:,recombination,4024.155300972661,4:4:4:4:4:1:2:2:4,2:2:4:4:4:3:4:4:1
1:2:4:4:2:3:4:4:1:,clone,3968.7959345614227,1:2:4:4:2:3:4:4:1
1:1:4:2:0:4:4:4:0:,recombination,4831.382143338109,2:2:4:4:4:3:3:4:2,3:3:4:4:4:3:3:4:2,MUTATE
2:3:4:4:4:3:4:4:2:,clone,4111.064374728989,2:3:4:4:4:3:4:4:2
1:2:4:4:2:4:4:4:0:,recombination,4703.0452942156135,2:2:4:4:4:2:3:4:2,2:2:4:4:2:4:4:4:1
3:2:4:4:4:4:4:4:2:,clone,4850.519350357371,3:3:4:4:4:4:4:4:2
1:2:4:3:1:4:4:4:1:,recombination,4346.5964205965465,2:3:4:4:4:4:4:4:2,3:3:4:4:4:3:3:4:2,MUTATE
2:2:4:4:2:4:4:4:1:,recombination,3991.704360002573,2:2:4:4:4:4:4:4:2,1:2:4:4:2:3:4:4:1
1:2:4:3:1:4:4:4:1:,clone,4262.003442544266,1:2:4:3:1:4:4:4:1
2:2:4:4:4:2:3:4:1:,recombination,3862.1901616895834,2:3:4:4:4:2:2:4:2,3:3:4:4:4:2:3:4:2,MUTATE
1:2:4:4:1:4:4:4:1:,recombination,4540.4798837001545,3:3:4:4:4:2:2:4:3,3:3:4:4:4:3:4:4:2
2:2:4:4:3:3:4:4:1:,recombination,3838.1086076835354,2:3:4:4:3:3:4:4:2,4:4:4:4:4:1:1:3:4,MUTATE
2:3:4:4:4:4:4:4:1:,recombination,4762.626446316094,3:3:4:4:4:3:4:4:2,4:3:4:4:4:2:1:2:4
4:3:4:4:4:3:3:4:3:,recombination,4180.448180798193,4:3:4:4:4:3:3:4:3,4:4:4:4:4:1:2:3:4
0:2:4:2:0:4:4:4:0:,recombination,4894.717007683682,4:3:4:4:4:2:3:4:4,4:4:4:4:4:1:1:1:4
3:3:4:4:4:4:4:4:3:,recombination,4870.329478968476,4:4:4:4:4:2:2:2:4,4:4:4:4:4:3:2:3:4
2:3:4:4:3:4:4:4:1:,recombination,4723.617392993378,2:2:4:4:4:4:4:4:2,3:3:4:4:4:2:3:4:3,MUTATE
4:4:4:4:4:3:2:3:4:,clone,4435.460610086627,3:4:4:4:4:3:3:4:3
1:2:4:2:0:4:4:4:0:,clone,4402.575642968621,1:2:4:3:1:4:4:4:1
1:2:4:2:0:4:4:4:0:,recombination,4380.843423035248,3:3:4:4:4:3:3:4:2,4:3:4:4:4:2:3:4:4,MUTATE
1:2:4:4:2:3:4:4:1:,recombination,3583.993509551734,3:3:4:4:4:4:4:4:3,1:2:4:4:2:3:4:4:1,MUTATE
0:2:4:2:0:4:4:4:0:,recombination,4611.383344357502,1:2:4:3:1:4:4:4:1,3:3:4:4:4:3:4:4:2,MUTATE
0:2:4:2:0:4:4:4:0:,recombination,4591.0184354361445,3:3:4:4:4:2:3:4:3,2:2:4:4:3:4:4:4:1,MUTATE
1:2:4:3:0:4:4:4:0:,clone,4460.865217404291,1:2:4:2:0:4:4:4:0
2:3:4:4:2:4:4:4:1:,clone,4706.55959869972,1:3:4:4:4:4:4:4:1
0:2:4:2:0:4:4:4:0:,recombination,4380.854163755438,2:3:4:4:3:4:4:4:2,3:3:4:4:4:3:4:4:2
2:2:4:4:1:4:4:4:1:,recombination,5021.975462989925,4:4:4:4:4:1:1:2:4,3:3:4:4:4:3:3:4:2,MUTATE
0:2:4:2:0:4:4:4:0:,recombination,4344.4998906640285,3:3:4:4:4:2:3:4:3,1:2:4:4:3:4:4:4:1,MUTATE
4:3:4:4:4:1:1:3:4:,recombination,3900.2775721522785,3:3:4:4:4:1:1:2:3,4:3:4:4:4:1:2:2:4,MUTATE
1:2:4:3:0:4:4:4:0:,clone,4423.629929499928,1:2:4:3:0:4:4:4:0
1:2:4:3:0:4:4:4:0:,recombination,4419.469676346333,3:3:4:4:4:2:3:4:3,4:4:4:4:4:3:2:4:4,MUTATE
2:2:4:4:1:4:4:4:1:,clone,4972.307956915424,2:2:4:4:1:4:4:4:1
1:2:4:3:0:4:4:4:0:,recombination,4271.859519427171,2:3:4:4:3:4:4:4:2,3:3:4:4:4:2:3:3:3,MUTATE
1:2:4:4:1:4:4:4:1:,clone,4490.090948635433,1:2:4:4:2:4:4:4:1
1:2:4:3:1:4:4:4:0:,recombination,4038.416574247203,2:2:4:4:2:4:4:4:1,4:4:4:4:4:2:2:3:4
2:2:4:4:4:3:4:4:2:,clone,4013.4627243155082,2:2:4:4:4:3:4:4:2
2:3:4:4:4:2:2:4:2:,clone,3608.2287343770918,2:3:4:4:4:2:3:4:2
1:2:4:2:0:4:4:4:0:,recombination,4373.463004986617,4:3:4:4:4:2:1:2:4,3:3:4:4:4:3:3:4:2,MUTATE
3:2:4:4:4:3:3:4:2:,clone,4064.0255043184634,2:2:4:4:4:3:3:4:2
2:3:4:4:3:4:4:4:1:,recombination,4711.5040660020095,3:4:4:4:4:2:3:4:3,3:3:4:4:4:2:2:4:3,MUTATE
3:2:4:4:4:3:3:4:2:,clone,3936.4886153732614,3:2:4:4:4:3:3:4:2
2:3:4:4:4:4:4:4:1:,recombination,4683.402121987553,4:3:4:4:4:2:3:4:4,3:4:4:4:4:3:3:3:3,MUTATE
0:2:4:2:0:4:4:4:0:,clone,4277.242532358745,0:2:4:2:0:4:4:4:0
1:2:4:3:2:4:4:4:1:,recombination,3797.3710059279038,2:2:4:4:3:4:4:4:1,1:2:4:3:0:4:4:4:0,MUTATE
1:1:4:3:1:4:4:4:0:,recombination,4367.165926350146,4:4:4:4:4:2:2:4:4,1:2:4:4:1:4:4:4:1,MUTATE
4:4:4:4:4:0:0:2:4:,clone,4102.07994509049,4:4:4:4:4:0:0:2:4
1:2:4:4:1:4:4:4:1:,recombination,4367.543379845597,2:2:4:4:4:4:4:4:2,4:4:4:4:4:1:1:4:4
4:4:4:4:4:3:3:4:3:,clone,4790.551873154245,4:4:4:4:4:3:3:4:4
1:1:4:2:0:4:4:4:0:,clone,4563.553940478918,1:1:4:2:0:4:4:4:0
2:2:4:4:1:4:4:4:1:,recombination,4636.167063913314,4:4:4:4:4:3:2:4:4,1:2:4:3:1:4:4:4:0,MUTATE
1:2:4:2:0:4:4:4:0:,recombination,4359.966740629595,4:4:4:4:4:2:2:4:4,0:2:4:2:0:4:4:4:0
0:1:4:2:0:4:4:4:0:,recombination,4650.372274692241,3:3:4:4:4:2:3:4:3,2:3:4:4:4:2:3:4:2
2:2:4:4:4:3:4:4:2:,recombination,3984.6223594427047,4:4:4:4:4:2:2:2:4,3:2:4:4:4:3:3:4:2,MUTATE
2:3:4:4:2:4:4:4:1:,clone,4617.513146085961,2:3:4:4:2:4:4:4:1
1:2:4:2:0:4:4:4:0:,recombination,4351.986796319733,4:4:4:4:4:3:3:4:4,3:2:4:4:4:3:3:4:2,MUTATE
1:2:4:4:2:4:4:4:1:,recombination,4082.503343197874,2:2:4:4:3:4:4:4:1,3:3:4:4:4:2:3:3:3
0:1:4:2:0:4:4:4:0:,clone,4597.430913824667,1:1:4:2:0:4:4:4:0
4:4:4:4:4:0:0:2:4:,clone,4089.6495445709293,4:4:4:4:4:0:0:2:4
1:2:4:3:0:4:4:4:0:,recombination,4207.066431058751,1:1:4:2:0:4:4:4:0,1:2:4:4:2:4:4:4:1,MUTATE
2:3:4:4:3:4:4:4:1:,clone,4553.362510381433,2:2:4:4:3:3:4:4:1
1:2:4:4:4:4:4:4:1:,recombination,4783.972837612814,4:4:4:4:4:3:3:4:4,3:3:4:4:4:2:2:3:3
2:3:4:4:4:2:2:3:2:,clone,3886.2868463577624,2:3:4:4:4:2:2:3:2
3:2:4:4:4:3:4:4:2:,recombination,4592.224882936639,2:3:4:4:4:2:2:4:2,3:2:4:4:4:3:3:4:2
4:4:4:4:4:3:3:4:3:,recombination,4609.7855016731555,4:4:4:4:4:3:4:4:3,4:3:4:4:4:2:3:3:4,MUTATE
4:4:4:4:4:0:0:2:4:,clone,4066.6080123162,4:4:4:4:4:0:0:2:4
0:2:4:2:0:4:4:4:0:,clone,4238.8450675639215,1:2:4:2:0:4:4:4:0
2:2:4:4:4:3:3:4:1:,recombination,3918.3163092056543,4:3:4:4:4:3:3:4:4,2:3:4:4:4:2:2:4:2
1:2:4:2:0:4:4:4:0:,recombination,4295.8978581355595,1:2:4:3:0:4:4:4:0,1:2:4:3:0:4:4:4:0
0:2:4:2:0:4:4:4:0:,recombination,4198.283716782542,0:2:4:2:0:4:4:4:0,4:3:4:4:4:2:3:4:4
1:2:4:4:4:4:4:4:1:,clone,4752.020433097367,1:2:4:4:4:4:4:4:1
1:1:4:2:0:4:4:4:0:,clone,4563.517410450093,1:1:4:2:0:4:4:4:0
2:3:4:4:4:4:4:4:1:,clone,4602.307382822911,2:3:4:4:4:4:4:4:1
1:2:4:4:3:4:4:4:0:,recombination,4605.828994260899,4:4:4:4:4:2:2:2:4,4:3:4:4:4:2:2:3:4
2:2:4:3:1:4:4:4:1:,recombination,4601.998299826557,1:2:4:3:1:4:4:4:0,2:2:4:4:4:2:3:4:2,MUTATE
2:2:4:4:1:4:4:4:1:,recombination,4403.478390815025,1:2:4:3:1:4:4:4:1,1:2:4:4:1:4:4:4:1
1:2:4:4:2:4:4:4:0:,recombination,4669.286870301941,2:3:4:4:4:2:2:4:2,4:4:4:4:4:1:2:2:4
0:2:4:2:0:4:4:4:0:,clone,4140.686089961027,0:2:4:2:0:4:4:4:0
2:3:4:4:4:4:4:4:1:,recombination,4467.972285753235,4:4:4:4:4:3:3:3:4,0:2:4:2:0:4:4:4:0,MUTATE
0:2:4:2:0:4:4:4:0:,recombination,4120.629168623331,0:2:4:2:0:4:4:4:0,4:4:4:4:4:2:2:3:4
1:2:4:3:1:4:4:4:1:,clone,4251.714265852215,1:2:4:3:1:4:4:4:1
1:2:4:4:2:4:4:4:0:,recombination,4599.080917412393,2:2:4:4:4:3:4:4:1,1:2:4:4:2:4:4:4:0
1:2:4:4:4:4:4:4:1:,recombination,4501.039595166043,4:4:4:4:4:3:3:3:4,4:4:4:4:4:3:3:4:4
1:3:4:4:4:4:4:4:1:,recombination,4455.927414052765,1:2:4:4:3:3:4:4:1,1:3:4:4:4:4:4:4:1
1:2:4:4:3:3:4:4:1:,recombination,3976.173011945042,2:2:4:4:4:3:3:4:1,4:4:4:4:4:3:3:3:4
2:2:4:4:4:4:3:4:1:,recombination,4448.004469756646,3:4:4:4:4:3:3:3:3,4:4:4:4:4:3:3:4:4
4:4:4:4:4:2:1:4:4:,recombination,4297.081985463905,2:3:4:4:4:2:3:4:2,2:3:4:4:4:2:2:4:2,MUTATE
4:3:4:4:4:2:3:4:3:,clone,4442.210705805165,4:3:4:4:4:2:3:4:4
2:3:4:4:3:3:4:4:2:,recombination,4163.015537029053,3:3:4:4:4:4:4:4:2,1:2:4:3:0:4:4:4:0
4:4:4:4:4:2:3:4:4:,recombination,3951.3500123037657,1:2:4:4:2:3:4:4:1,1:2:4:4:2:4:4:4:1
2:3:4:4:3:4:4:4:1:,recombination,4316.639363643675,2:2:4:4:3:4:4:4:1,4:3:4:4:4:2:3:4:4
1:2:4:4:4:4:4:4:1:,recombination,4314.803666315469,4:4:4:4:4:2:2:3:4,1:1:4:3:1:4:4:4:0
3:2:4:4:4:3:4:4:2:,clone,4538.988451331011,3:3:4:4:4:3:4:4:2
3:3:4:4:4:4:4:4:3:,clone,4850.075493340023,3:3:4:4:4:4:4:4:3
2:2:4:4:4:4:3:4:1:,recombination,4412.758292572001,1:2:4:4:4:3:4:4:1,3:3:4:4:4:3:3:4:2
3:2:4:4:3:4:4:4:2:,recombination,5011.955560526684,1:2:4:2:0:4:4:4:0,4:4:3:4:4:1:1:3:4
3:3:4:4:3:4:4:4:2:,recombination,4994.721590335237,4:3:4:4:4:4:3:4:3,3:3:4:4:4:2:2:4:3
3:3:4:4:4:4:4:4:3:,clone,4835.88846527765,3:3:4:4:4:4:4:4:3
1:2:4:3:1:4:4:4:1:,recombination,4230.411556321697,3:3:4:4:4:3:3:4:2,4:3:4:4:4:1:2:2:4,MUTATE
1:2:4:3:1:4:4:4:1:,clone,4230.4115563216965,1:2:4:3:1:4:4:4:1
1:2:4:4:1:4:4:4:1:,recombination,4366.295148678166,4:4:4:4:4:1:2:2:4,4:4:4:4:4:2:2:4:4
2:2:4:4:3:3:4:4:2:,recombination,4525.995484949531,4:4:4:4:4:1:2:4:4,1:2:4:2:0:4:4:4:0
2:2:4:3:1:4:4:4:1:,clone,4463.670976529258,2:2:4:3:1:4:4:4:1
1:3:4:4:2:4:4:4:1:,clone,4541.155566943412,2:3:4:4:2:4:4:4:1
2:2:4:3:1:4:4:4:1:,clone,4380.327411041644,2:2:4:3:1:4:4:4:1
0:1:4:2:0:4:4:4:0:,recombination,4286.311600676634,2:2:4:4:3:4:4:4:2,4:3:4:4:4:1:2:4:4,MUTATE
3:3:4:4:4:4:4:4:3:,recombination,4772.9595852814,3:2:4:4:4:4:4:4:2,4:4:4:4:4:1:2:4:4,MUTATE
2:2:4:4:3:3:4:4:2:,recombination,4453.054926235337,1:2:4:3:0:4:4:4:0,2:2:4:4:4:4:3:4:2
3:3:4:4:4:3:3:4:2:,recombination,3860.234743851621,1:2:4:4:3:4:4:4:1,4:4:4:4:4:0:1:2:4
1:1:4:2:0:4:4:4:0:,recombination,4331.38921795388,4:3:4:4:4:2:3:4:3,3:3:4:4:4:3:4:4:2
1:1:4:2:0:4:4:4:0:,recombination,4293.247964146221,3:3:4:4:4:4:3:4:2,3:3:4:4:4:3:4:4:2
1:1:4:2:0:4:4:4:0:,recombination,4246.796239901599,4:4:4:4:4:3:3:4:4,3:3:4:4:4:3:4:4:2
1:2:4:4:1:4:4:4:1:,clone,4320.398654392694,1:2:4:4:1:4:4:4:1
1:2:4:3:1:4:4:4:1:,clone,4194.109099198658,1:2:4:3:1:4:4:4:1
1:2:4:2:0:4:4:4:0:,recombination,4135.422622224538,1:1:4:2:0:4:4:4:0,4:4:4:4:4:1:2:2:4
1:1:4:2:0:4:4:4:0:,recombination,4216.434912763668,3:3:4:4:4:4:4:4:2,4:3:4:4:4:3:3:4:3
0:1:4:2:0:4:4:4:0:,clone,4269.903126568872,0:1:4:2:0:4:4:4:0
1:1:4:2:0:4:4:4:0:,clone,4148.443152216209,1:1:4:2:0:4:4:4:0
1:2:4:4:1:4:4:4:1:,clone,4305.465728960074,1:2:4:4:1:4:4:4:1
1:2:4:3:1:4:4:4:0:,clone,3982.8290880155646,1:2:4:3:1:4:4:4:0
1:2:4:4:1:4:4:4:1:,clone,4293.510854610228,1:2:4:4:1:4:4:4:1
3:3:4:4:3:4:4:4:2:,clone,4994.721590335236,3:3:4:4:3:4:4:4:2
3:3:4:4:4:2:4:4:2:,recombination,4236.285808223975,4:4:4:4:4:3:3:4:3,2:3:4:4:3:4:4:4:2,MUTATE
2:2:4:3:1:4:4:4:1:,clone,4379.412316382771,2:2:4:3:1:4:4:4:1
1:2:4:3:1:4:4:4:1:,clone,4189.229473137942,1:2:4:3:1:4:4:4:1
2:2:4:4:2:4:4:4:2:,recombination,4563.280075629845,4:4:3:4:4:1:1:2:4,4:4:4:4:4:2:2:4:4,MUTATE
1:2:4:3:1:4:4:4:0:,recombination,3956.127101325823,1:2:4:3:1:4:4:4:1,1:2:4:4:2:3:4:4:1,MUTATE
2:3:4:4:3:3:4:4:1:,recombination,4682.990236604801,2:3:4:4:2:4:4:4:1,1:2:4:3:1:4:4:4:1,MUTATE
2:3:4:4:3:3:4:4:1:,recombination,4617.689467360496,2:3:4:4:2:4:4:4:1,4:4:4:4:4:2:3:4:4,MUTATE
4:3:4:4:4:3:4:4:3:,clone,4887.884220847922,3:3:4:4:4:3:4:4:3
3:3:4:4:4:4:4:4:3:,recombination,4757.399280084349,4:3:4:4:4:2:3:4:3,3:3:4:4:4:3:2:3:3,MUTATE
2:2:4:4:3:3:4:4:2:,recombination,4306.910617706743,3:3:4:4:4:3:3:4:2,3:3:4:4:4:3:3:4:3,MUTATE
3:2:4:4:3:3:4:4:2:,recombination,4912.067856739355,3:3:4:4:4:1:3:2:3,4:4:4:4:4:3:3:4:3,MUTATE
2:2:4:4:2:3:4:4:1:,clone,4935.307427871185,2:2:4:4:2:3:4:4:1
4:3:4:4:4:4:3:4:4:,recombination,4954.229125855073,2:2:4:4:4:2:3:4:1,4:4:4:4:4:0:1:2:4
4:3:4:4:4:2:2:4:4:,recombination,3614.7711358228576,4:3:4:4:4:2:2:3:4,4:4:4:4:4:2:3:4:4
4:3:4:4:4:2:2:4:4:,clone,3606.2135312150817,4:3:4:4:4:2:2:4:4
4:3:4:4:4:4:3:4:3:,recombination,4685.15800014621,2:2:4:4:4:2:3:4:2,4:3:4:4:4:4:3:4:4
2:3:4:4:3:3:4:4:1:,recombination,4592.03749475724,4:4:4:4:4:2:1:3:4,2:2:4:4:3:4:4:4:1
3:3:4:4:3:4:4:4:2:,recombination,4764.989115597713,3:3:4:4:4:2:4:4:2,4:3:4:4:4:2:3:4:3,MUTATE
4:3:4:4:4:4:3:4:3:,clone,4675.824270790045,4:3:4:4:4:4:3:4:3
1:2:4:4:1:4:4:4:0:,recombination,4573.114094331714,4:3:4:4:4:4:3:4:4,4:3:4:4:4:2:3:4:3
1:2:4:4:2:4:4:4:0:,recombination,4339.313358527608,3:4:4:4:4:3:3:4:3,3:2:4:4:4:4:3:4:2,MUTATE
4:3:4:4:4:2:3:4:3:,recombination,4388.615558021359,4:3:4:4:4:2:2:3:4,2:2:4:4:4:3:4:4:2
1:2:4:3:1:4:4:4:1:,recombination,4188.918945393323,2:2:4:4:2:4:4:4:2,2:3:4:4:4:4:3:4:2
2:2:4:3:1:4:4:4:1:,recombination,4217.883452163496,3:3:4:4:4:4:4:4:2,4:3:4:4:4:1:2:2:4
0:1:4:2:0:4:4:4:0:,recombination,4166.570750960123,4:4:4:4:4:0:0:0:4,2:2:4:4:2:4:4:4:1
1:1:4:2:0:4:4:4:0:,clone,4121.348358303116,1:1:4:2:0:4:4:4:0
2:2:4:3:1:4:4:4:1:,clone,4217.689286800231,2:2:4:3:1:4:4:4:1
2:3:4:4:3:3:4:4:1:,clone,4453.118225693478,2:3:4:4:3:3:4:4:1
1:2:4:3:0:4:4:4:0:,clone,4157.305271921115,1:2:4:3:0:4:4:4:0
1:2:4:2:0:4:4:4:0:,clone,4023.7741007810705,1:2:4:2:0:4:4:4:0
0:2:4:2:0:4:4:4:0:,clone,4093.217062618335,0:2:4:2:0:4:4:4:0
1:2:4:3:1:4:4:4:0:,recombination,3906.664911228816,2:2:4:4:1:4:4:4:1,1:2:4:4:1:4:4:4:1,MUTATE
0:2:4:2:0:4:4:4:0:,clone,4041.9045534948023,0:2:4:2:0:4:4:4:0
1:2:4:3:0:4:4:4:0:,recombination,4130.051883525105,1:2:4:2:0:4:4:4:0,3:2:4:4:4:3:3:4:2
1:2:4:4:2:4:4:4:1:,clone,3978.8872713194487,1:2:4:3:2:4:4:4:1
4:3:4:4:4:3:3:4:3:,recombination,4125.999174462422,2:3:4:4:4:3:3:4:2,3:2:4:4:4:3:4:4:2,MUTATE
3:3:4:4:4:4:3:4:3:,recombination,4544.46069271466,4:4:4:4:4:2:2:4:4,4:4:2:4:4:0:0:2:4
1:2:4:4:1:4:4:4:0:,clone,4556.302387239219,1:2:4:4:1:4:4:4:0
1:2:4:4:1:4:4:4:0:,recombination,4477.555644150105,3:3:4:4:4:2:2:3:3,4:4:4:4:4:1:1:3:4
1:2:4:4:3:4:4:4:0:,recombination,4571.571586192521,2:3:4:4:4:4:4:4:1,3:2:4:4:4:3:3:4:2
2:3:4:4:2:4:4:4:2:,recombination,5034.162253372467,2:3:4:4:2:4:4:4:1,2:2:4:4:3:4:4:4:1,MUTATE
0:2:4:2:0:4:4:4:0:,clone,3941.451417616137,0:2:4:2:0:4:4:4:0
1:2:4:4:1:4:4:4:0:,clone,4476.841885142232,1:2:4:4:1:4:4:4:0
0:1:4:2:0:4:4:4:0:,clone,4159.040670258586,0:1:4:2:0:4:4:4:0
1:1:4:2:0:4:4:4:0:,clone,4111.43931611106,1:1:4:2:0:4:4:4:0
1:2:4:4:3:4:4:4:0:,clone,4565.931250358386,1:2:4:4:3:4:4:4:0
3:2:4:4:4:3:4:4:3:,recombination,4817.114930379497,4:4:3:4:4:1:2:2:4,2:2:4:4:4:2:3:4:2,MUTATE
1:2:4:4:3:4:4:4:0:,clone,4555.239684383034,1:2:4:4:3:4:4:4:0
0:1:4:2:0:4:4:4:0:,clone,4017.604473645707,0:1:4:2:0:4:4:4:0
1:2:4:3:1:4:4:4:1:,clone,4120.55306866657,1:2:4:3:1:4:4:4:1
1:2:4:3:1:4:4:4:1:,recombination,4095.7855561706115,4:4:4:4:4:2:2:4:4,3:3:4:4:4:2:2:3:3
2:2:4:4:2:3:4:4:1:,clone,4382.953573638742,1:2:4:4:1:4:4:4:1
1:2:4:4:3:4:4:4:0:,clone,4512.546220436112,1:2:4:4:3:4:4:4:0
1:2:4:3:0:4:4:4:1:,clone,5231.512028438654,1:2:4:3:1:4:4:4:1
1:2:4:4:2:4:4:4:0:,recombination,4261.030951890094,2:3:4:4:4:4:4:4:1,2:2:4:4:4:4:4:4:2,MUTATE
1:2:4:4:3:4:4:4:0:,recombination,4388.133826820968,3:4:4:4:4:3:3:3:3,4:4:4:4:4:1:1:4:4,MUTATE
2:3:4:4:2:4:4:4:2:,clone,4868.817959961125,2:3:4:4:2:4:4:4:2
2:3:4:4:4:4:4:4:1:,recombination,4318.928144881686,4:3:4:4:4:3:3:4:3,3:4:4:4:4:2:2:3:3
1:2:4:4:2:4:4:4:1:,recombination,3887.123781244276,4:3:4:4:4:3:3:4:4,2:3:4:4:4:4:4:4:1,MUTATE
1:2:4:4:2:4:4:4:0:,recombination,4256.575455573774,1:2:4:4:2:4:4:4:0,2:2:4:4:4:3:3:4:2
1:2:4:4:2:4:4:4:0:,recombination,4222.397118719634,2:3:4:4:4:3:4:4:1,1:2:4:4:2:4:4:4:0,MUTATE
2:3:4:4:2:4:4:4:2:,recombination,4389.431051267097,2:2:4:4:2:3:4:4:1,3:3:4:4:4:3:3:4:3,MUTATE
1:1:4:3:0:4:4:4:0:,clone,4857.859442125796,1:1:4:3:0:4:4:4:0
2:2:4:3:0:4:4:4:1:,clone,5299.719264543153,2:2:4:3:0:4:4:4:1
1:1:4:3:0:4:4:4:0:,clone,4820.931778653731,1:1:4:3:0:4:4:4:0
2:2:4:3:0:4:4:4:1:,recombination,5088.462852461556,1:2:4:3:0:4:4:4:1,2:2:4:4:4:3:4:4:1,MUTATE
1:2:4:4:2:4:4:4:0:,clone,4093.094408350201,1:2:4:4:2:4:4:4:0
1:2:4:4:2:4:4:4:0:,clone,4081.9598302678687,1:2:4:4:2:4:4:4:0
1:1:4:3:0:4:4:4:0:,recombination,4742.043709482439,1:1:4:3:0:4:4:4:0,3:3:4:4:4:3:3:4:3,MUTATE
2:2:4:4:2:4:4:4:2:,clone,4412.43523003892,2:2:4:4:2:4:4:4:2
2:2:4:3:0:4:4:4:1:,recombination,5072.840450126774,1:2:4:3:0:4:4:4:1,4:4:4:4:4:2:2:2:4,MUTATE
1:1:4:4:2:4:4:4:0:,recombination,4462.94324356361,2:3:4:4:4:2:2:4:2,4:3:4:4:4:2:3:4:3,MUTATE
1:2:4:3:0:4:4:4:1:,clone,4817.3687832795285,1:2:4:3:1:4:4:4:1
2:2:4:3:0:4:4:4:1:,clone,4958.469916059569,2:2:4:3:0:4:4:4:1
4:3:4:4:4:3:4:4:3:,recombination,4709.257980336917,2:3:4:4:2:4:4:4:2,4:4:4:4:4:0:1:3:4
1:2:4:3:0:4:4:4:1:,recombination,4551.869471662679,1:2:4:3:0:4:4:4:1,2:2:4:4:3:4:4:4:1
1:3:4:4:1:4:4:4:1:,clone,4856.30644920654,1:2:4:4:1:4:4:4:1
2:3:4:4:4:3:3:4:1:,recombination,4522.239637559255,4:4:4:4:4:0:0:1:4,2:2:4:4:3:3:4:4:2,MUTATE
2:2:4:3:1:4:4:4:1:,recombination,4158.531511511622,2:3:4:4:2:4:4:4:2,1:1:4:3:0:4:4:4:0
2:2:4:4:1:4:4:4:1:,recombination,4375.40624813928,2:2:4:3:1:4:4:4:1,1:2:4:2:0:4:4:4:0,MUTATE
0:2:4:2:0:4:4:4:0:,clone,3882.976078098893,1:2:4:2:0:4:4:4:0
2:2:4:3:1:4:4:4:1:,recombination,4116.366384403435,4:3:4:4:4:3:4:4:3,2:2:4:4:2:4:4:4:2
1:2:4:3:1:4:4:4:1:,recombination,4095.6943458029714,2:2:4:3:1:4:4:4:1,0:1:4:2:0:4:4:4:0,MUTATE
4:3:4:4:4:3:4:4:3:,clone,4569.679871328108,3:3:4:4:4:3:3:4:3
2:2:4:4:2:3:4:4:1:,recombination,4378.546668459075,4:4:3:4:4:1:2:2:4,1:2:4:4:2:4:4:4:0,MUTATE
1:2:4:3:0:4:4:4:1:,recombination,4415.396713211287,2:2:4:4:2:4:4:4:2,4:4:4:4:4:1:1:3:4,MUTATE
2:2:4:3:0:4:4:4:1:,clone,4327.358442154311,1:2:4:3:1:4:4:4:1
1:2:4:3:1:4:4:4:1:,recombination,4069.1137752814575,2:2:4:4:1:4:4:4:1,2:2:4:4:4:2:3:4:2
3:3:4:4:3:4:4:4:2:,recombination,4725.883688484912,3:2:4:4:3:3:4:4:2,3:3:4:4:4:4:3:4:3
3:3:4:4:3:4:4:4:2:,clone,4681.670357192905,3:3:4:4:3:4:4:4:2
3:2:4:4:4:2:3:4:3:,clone,4500.842166466513,3:3:4:4:4:2:3:4:3
1:2:4:3:0:4:4:4:1:,recombination,4400.718279411766,2:2:4:4:1:4:4:4:1,1:1:4:3:1:4:4:4:0
1:2:4:4:1:4:4:4:1:,clone,4291.309705252931,1:2:4:4:1:4:4:4:1
3:3:4:4:4:4:4:4:3:,recombination,4645.30254834265,2:2:4:3:1:4:4:4:1,4:4:3:4:4:1:1:4:4
1:2:4:3:0:4:4:4:1:,clone,4370.5020274150975,1:2:4:3:0:4:4:4:1
1:2:4:3:0:4:4:4:1:,recombination,4342.135633173665,2:2:4:3:1:4:4:4:1,1:2:4:4:2:4:4:4:0,MUTATE
2:2:4:4:1:4:4:4:1:,clone,4313.772966808773,2:2:4:4:1:4:4:4:1
2:2:4:3:1:4:4:4:1:,recombination,4092.9149363257366,1:2:4:3:0:4:4:4:1,3:3:4:4:4:3:3:4:3
2:3:4:3:1:4:4:4:1:,recombination,4302.917128831921,2:2:4:4:1:4:4:4:1,2:2:4:3:0:4:4:4:1
1:2:4:3:0:4:4:4:1:,clone,4339.773858111424,1:2:4:2:0:4:4:4:1
3:3:4:4:3:4:4:4:2:,recombination,4654.600618932759,3:3:4:4:4:4:4:4:3,1:2:4:3:1:4:4:4:0,MUTATE
2:3:4:4:2:4:4:4:1:,recombination,4466.191930856548,2:2:4:4:4:4:4:4:1,4:4:4:4:4:0:0:1:4,MUTATE
1:3:4:4:3:4:4:4:1:,recombination,4875.846250980788,3:4:4:4:4:3:3:4:3,3:2:4:4:4:3:3:4:2,MUTATE
2:3:4:4:2:4:4:4:1:,clone,4451.398921526763,2:2:4:4:2:4:4:4:1
3:3:4:4:4:3:4:4:3:,recombination,4344.84423425933,2:2:4:3:1:4:4:4:1,2:2:4:4:3:4:4:4:1
3:3:4:4:3:4:4:4:2:,recombination,4584.125814169747,3:3:4:4:4:3:4:4:3,2:2:4:4:4:2:3:4:2,MUTATE
3:3:4:4:3:4:4:4:2:,clone,4581.889027652476,3:3:4:4:3:4:4:4:2
3:3:4:4:3:4:4:4:2:,clone,4467.069395695578,3:3:4:4:3:4:4:4:2
2:3:4:4:2:4:4:4:2:,recombination,4329.563867012249,2:2:4:3:0:4:4:4:1,2:2:4:3:1:4:4:4:1,MUTATE
2:3:4:4:2:4:4:4:2:,clone,4312.770832300983,2:3:4:4:2:4:4:4:2
2:3:4:4:1:4:4:4:1:,recombination,4649.637777759655,1:2:4:3:1:4:4:4:1,4:4:4:4:4:1:1:3:4,MUTATE
2:2:4:4:2:4:4:4:2:,recombination,4404.032677810732,3:3:4:4:3:4:4:4:2,3:3:4:4:4:2:3:3:3,MUTATE
1:2:4:2:0:4:4:4:0:,recombination,4022.145355485869,4:4:4:4:4:3:2:4:4,3:3:4:4:3:4:4:4:2
1:2:4:3:0:4:4:4:0:,clone,4123.930029001233,1:2:4:2:0:4:4:4:0
2:2:4:4:3:3:4:4:2:,recombination,4242.34291251128,4:3:4:4:4:2:1:2:4,4:3:4:4:4:1:2:3:4
4:4:4:4:4:1:0:1:4:,clone,4942.959543292988,4:4:4:4:4:1:0:1:4
4:4:4:4:4:1:0:1:4:,clone,4870.429806970096,4:4:4:4:4:1:0:1:4
2:2:4:4:3:4:4:4:1:,clone,3993.5749738219765,2:2:4:4:3:4:4:4:1
4:4:3:4:4:0:0:2:4:,clone,5036.396922715781,4:4:4:4:4:1:0:2:4
3:3:4:4:4:4:4:4:3:,recombination,4423.543093113783,4:4:4:4:4:3:3:4:4,4:4:4:4:4:1:0:1:4,MUTATE
4:3:4:4:4:1:2:2:4:,recombination,3601.416280480265,3:3:4:4:4:3:3:4:2,1:2:4:4:3:4:4:4:0
3:2:4:4:2:4:4:4:2:,recombination,5200.15647701558,2:2:4:4:2:3:4:4:1,2:2:4:4:3:4:4:4:1
4:3:4:4:4:4:3:4:4:,recombination,4774.933650897604,4:4:3:4:4:1:1:4:4,1:2:4:4:4:3:4:4:1
4:3:4:4:4:2:3:4:3:,recombination,4209.215905263382,3:3:4:4:4:3:3:4:2,1:1:4:2:0:4:4:4:0,MUTATE
4:4:4:4:4:1:0:2:4:,clone,4147.294140186583,4:4:4:4:4:1:0:2:4
4:4:4:4:4:1:0:2:4:,clone,4025.0965243829924,4:4:4:4:4:1:0:2:4
4:4:4:4:4:1:0:2:4:,clone,3926.2106592664854,4:4:4:4:4:1:0:2:4
1:2:4:4:1:4:4:4:0:,recombination,4472.942960939974,4:4:4:4:4:2:3:4:4,3:2:4:4:4:3:3:4:2
4:4:3:4:4:0:0:0:4:,clone,4453.1358231580725,1:1:4:2:0:4:4:4:0
4:4:3:4:4:0:0:1:4:,recombination,4698.376597341918,2:2:4:4:4:3:3:4:2,4:3:4:4:4:2:2:4:4,MUTATE
4:4:3:4:4:0:0:0:4:,clone,4409.317628446556,4:4:4:4:4:0:0:0:4
1:2:4:3:0:4:4:4:0:,clone,4122.227393921585,1:2:4:3:0:4:4:4:0
1:1:4:2:0:4:4:4:0:,clone,4105.257734919478,1:1:4:2:0:4:4:4:0
1:2:4:2:0:4:4:4:0:,recombination,3800.1319574843205,1:1:4:2:0:4:4:4:0,4:3:4:4:4:2:3:2:4,MUTATE
3:2:4:4:4:3:4:4:2:,clone,4423.832028469493,3:2:4:4:4:3:4:4:2
1:2:4:3:1:4:4:4:1:,recombination,4040.155971064172,4:4:4:4:4:2:2:4:4,4:3:4:4:4:2:2:4:4,MUTATE
2:2:4:4:3:3:4:4:2:,recombination,4150.4616081621825,2:2:4:4:3:4:4:4:2,4:4:4:4:4:1:2:3:4
2:3:4:4:4:3:4:4:2:,recombination,4037.9308198587273,1:2:4:4:1:4:4:4:1,4:4:4:4:4:1:2:3:4
1:2:4:4:4:4:3:4:1:,recombination,4644.999440412125,2:3:4:4:4:2:2:3:2,2:2:4:4:3:4:4:4:1
1:2:4:4:2:4:4:4:0:,recombination,3799.470402874443,4:4:4:4:4:2:1:4:4,1:2:4:2:0:4:4:4:0,MUTATE
1:2:4:2:1:4:4:4:0:,recombination,3920.983035142486,0:2:4:2:0:4:4:4:0,1:2:4:4:2:4:4:4:0,MUTATE
1:2:4:4:3:4:4:4:0:,recombination,4380.061171243393,2:3:4:4:4:2:2:3:2,3:3:4:4:4:3:4:4:3
1:2:4:3:2:4:4:4:0:,recombination,4092.443300340894,4:3:4:4:4:1:2:2:4,3:4:4:4:4:2:3:4:3,MUTATE
1:2:4:3:1:4:4:4:0:,clone,3903.533381223155,1:2:4:3:1:4:4:4:0
1:2:4:4:4:4:4:4:0:,clone,4406.002284227178,1:2:4:4:3:4:4:4:0
4:3:4:4:4:3:2:4:4:,clone,4060.6449656685895,4:3:4:4:4:3:2:4:4
4:3:4:4:4:3:2:4:4:,recombination,4016.6480845345664,1:2:4:4:2:4:4:4:0,2:2:4:4:3:3:4:4:1,MUTATE
2:2:4:4:4:4:3:4:1:,clone,3991.817623331623,2:2:4:4:4:4:3:4:1
3:3:4:4:4:4:3:4:3:,recombination,4380.936855254796,3:3:4:4:4:4:4:4:2,2:3:4:4:4:2:3:3:2
2:2:4:4:4:4:4:4:1:,clone,4042.8225520038222,2:2:4:4:4:4:4:4:1
4:4:4:4:4:1:2:2:4:,clone,3587.513760905474,4:4:4:4:4:1:2:2:4
2:2:4:4:4:3:4:4:2:,recombination,3934.2623585835668,1:2:4:3:0:4:4:4:1,1:2:4:4:1:4:4:4:1,MUTATE
3:3:4:4:4:3:3:4:2:,clone,3852.7858236615843,3:3:4:4:4:3:3:4:2
2:2:4:4:4:3:4:4:2:,clone,3767.747890977883,2:3:4:4:4:3:3:4:2
2:2:4:4:4:3:3:4:2:,clone,3632.0221280469477,2:2:4:4:4:3:4:4:2
2:2:4:4:3:3:4:4:2:,recombination,3864.8384921334828,1:2:4:4:2:4:4:4:1,1:1:4:2:0:4:4:4:0
0:1:4:2:0:4:4:4:0:,recombination,4015.3204951232683,0:1:4:2:0:4:4:4:0,4:4:4:4:4:3:3:4:4
1:2:4:4:4:4:3:4:1:,clone,4576.810671802983,1:2:4:4:4:4:3:4:1
1:2:4:3:0:4:4:4:0:,clone,4099.4595140844085,1:2:4:3:0:4:4:4:0
1:1:4:3:0:4:4:4:0:,clone,4560.072738742178,1:2:4:3:0:4:4:4:0
1:1:4:2:0:4:4:4:0:,recombination,4104.479045080999,3:3:4:4:4:4:4:4:3,4:3:4:4:4:3:3:4:3
1:2:4:4:4:4:3:4:1:,clone,4422.512108408388,1:2:4:4:3:4:4:4:1
1:2:4:4:4:4:4:4:1:,clone,4226.624153588189,2:2:4:4:4:4:3:4:1
3:3:4:4:4:4:3:4:3:,recombination,4281.196128614137,3:3:4:4:4:4:3:4:2,3:3:4:4:4:4:4:4:3,MUTATE
3:3:4:4:4:4:4:4:3:,clone,4392.503837249887,3:3:4:4:4:4:3:4:3
2:2:4:4:3:4:4:4:2:,recombination,4152.821956817301,2:2:4:3:1:4:4:4:1,1:2:4:2:0:4:4:4:0,MUTATE
3:3:4:4:4:4:4:4:2:,clone,4262.8295819770865,3:3:4:4:4:4:4:4:2
2:2:4:4:2:4:4:4:1:,clone,3989.3409095937272,2:2:4:4:2:4:4:4:1
3:3:4:4:4:4:4:4:2:,clone,4099.3485347535125,3:3:4:4:4:4:4:4:2
3:3:4:4:4:4:3:4:3:,recombination,4100.039272268713,1:2:4:3:1:4:4:4:0,3:3:4:4:4:4:3:4:3
2:2:4:4:3:4:4:4:2:,recombination,4008.335178788472,1:1:4:2:0:4:4:4:0,4:3:4:4:4:3:4:4:3,MUTATE
1:2:4:3:1:4:4:4:1:,clone,3983.5373386267306,1:2:4:3:1:4:4:4:1
4:4:4:4:4:2:1:4:4:,recombination,4254.619707736434,1:2:4:4:1:4:4:4:1,1:2:4:4:2:4:4:4:0
4:4:4:4:4:2:1:4:4:,clone,4085.589992407101,4:4:4:4:4:2:1:3:4
4:3:4:4:4:4:3:4:3:,clone,4648.611898818043,3:3:4:4:4:3:3:4:3
4:3:4:4:4:4:3:4:3:,recombination,4633.129667793057,2:3:4:4:2:4:4:4:2,2:2:4:4:4:2:2:3:2
4:3:4:4:4:4:3:4:4:,clone,4522.691418151365,4:3:4:4:4:4:3:4:3
3:3:4:4:4:3:3:4:2:,clone,3811.541866229548,3:3:4:4:4:3:3:4:3
2:2:4:4:4:4:4:4:1:,recombination,3991.1439685388304,3:3:4:4:4:4:4:4:3,1:2:4:3:0:4:4:4:1
2:2:4:4:4:4:4:4:2:,recombination,4046.9056287179283,2:2:4:4:3:3:4:4:2,3:3:4:4:3:4:4:4:2
3:3:4:4:4:3:3:4:2:,recombination,3783.4651594699462,1:2:4:4:2:4:4:4:0,1:2:4:4:1:4:4:4:0,MUTATE
3:3:4:4:4:3:3:4:2:,recombination,3783.465159469946,1:1:4:2:0:4:4:4:0,1:2:4:2:0:4:4:4:0
4:3:4:4:4:3:3:4:3:,clone,4079.102583240526,3:3:4:4:4:3:3:4:3
3:3:4:4:4:4:3:4:2:,clone,4133.404545139301,3:3:4:4:4:4:3:4:2
2:2:4:4:4:4:4:4:2:,clone,3983.398519980425,2:2:4:4:4:4:4:4:2
1:2:4:4:1:4:4:4:1:,recombination,4287.97950307649,4:4:4:4:4:1:1:4:4,4:4:4:4:4:2:2:4:4,MUTATE
1:2:4:2:1:4:4:4:0:,recombination,3891.389212063497,1:1:4:2:0:4:4:4:0,2:2:4:4:3:3:4:4:1,MUTATE
0:1:4:2:0:4:4:4:0:,clone,4013.0271447045484,0:1:4:2:0:4:4:4:0
0:1:4:2:0:4:4:4:0:,recombination,3959.4353118422096,4:4:4:4:4:3:3:4:4,3:3:4:4:4:3:2:3:3
2:2:4:4:2:4:4:4:1:,clone,3985.56554985399,2:2:4:4:2:4:4:4:1
1:1:4:2:0:4:4:4:0:,clone,4066.839016637457,1:1:4:2:0:4:4:4:0
0:1:4:2:0:4:4:4:0:,clone,3925.543472152439,0:1:4:2:0:4:4:4:0
0:2:4:2:0:4:4:4:0:,clone,3873.7025705124247,0:2:4:2:0:4:4:4:0
4:4:4:4:4:2:1:3:4:,recombination,4230.783659566684,2:2:4:4:4:4:3:4:1,2:2:4:3:1:4:4:4:1,MUTATE
4:3:4:4:4:2:3:4:3:,recombination,4179.360402708471,1:2:4:3:1:4:4:4:0,2:2:4:4:1:4:4:4:1,MUTATE
1:2:4:3:0:4:4:4:0:,recombination,4092.9687137181277,4:4:4:4:4:3:3:4:4,1:2:4:4:1:4:4:4:1,MUTATE
2:3:4:4:3:4:4:4:2:,recombination,3907.352071970529,2:3:4:4:4:3:3:3:2,0:2:4:2:0:4:4:4:0
4:4:4:4:4:2:1:2:4:,clone,4135.497655512235,4:4:4:4:4:1:1:3:4
3:2:4:4:4:3:4:4:2:,clone,4310.695449834599,3:3:4:4:4:3:4:4:2
2:2:4:4:3:4:4:4:2:,recombination,4000.9762222812774,1:2:4:3:1:4:4:4:1,0:1:4:2:0:4:4:4:0,MUTATE
1:1:4:4:1:4:4:4:0:,recombination,4796.809659923488,3:3:4:4:4:2:3:4:2,4:4:4:4:4:2:1:3:4,MUTATE
2:2:4:4:3:4:4:4:1:,recombination,3935.9107077622984,4:4:4:4:4:3:2:4:4,3:3:4:4:4:2:3:4:3
1:2:4:4:1:4:4:4:0:,clone,4375.486588005569,1:2:4:4:1:4:4:4:0
4:4:4:4:4:1:1:4:4:,recombination,3852.961946577025,2:2:4:3:0:4:4:4:1,4:4:4:4:4:1:1:4:4,MUTATE
1:2:4:4:1:3:4:4:1:,recombination,4358.217512715805,2:2:4:4:4:4:3:4:1,3:3:4:4:3:4:4:4:2
2:3:4:4:3:3:4:4:1:,recombination,3985.599033850413,2:3:4:4:3:4:4:4:1,2:3:4:4:2:4:4:4:2,MUTATE
1:3:4:4:2:4:4:4:1:,recombination,4362.772982993337,2:3:4:4:3:4:4:4:1,2:3:4:4:4:1:2:4:2,MUTATE
2:2:4:4:2:3:4:4:1:,recombination,4070.2507177962334,3:3:4:4:4:3:3:4:2,2:2:4:3:1:4:4:4:1
2:3:4:4:3:3:4:4:2:,recombination,4009.947359910768,3:3:4:4:4:4:4:4:3,4:4:4:4:4:2:1:3:4
2:3:4:4:2:4:4:4:1:,recombination,4217.594216132673,4:4:4:4:4:2:2:2:4,2:2:4:4:4:4:3:4:1
2:2:4:4:2:3:4:4:1:,recombination,3918.486592833424,4:3:4:4:4:2:3:4:3,2:2:4:4:2:3:4:4:1
1:3:4:3:1:4:4:4:1:,recombination,4499.433461006728,2:3:4:4:4:4:3:4:2,2:2:4:4:3:4:4:4:1
1:2:4:3:1:4:4:4:0:,recombination,3835.531336463526,4:4:4:4:4:2:2:4:4,2:3:4:4:4:3:3:3:2,MUTATE
1:2:4:3:1:4:4:4:1:,clone,3960.8226781836975,1:2:4:3:1:4:4:4:1
1:2:4:4:3:4:4:4:0:,recombination,4331.172049766435,1:2:4:4:4:3:3:4:1,4:4:4:4:4:0:1:1:4
1:2:4:4:3:4:4:4:0:,clone,4274.545479699926,1:2:4:4:3:4:4:4:0
3:3:4:4:4:2:3:4:3:,clone,3513.8377433844557,3:3:4:4:4:2:3:4:3
2:3:4:4:4:4:4:4:2:,recombination,4022.1517202979758,1:2:4:3:1:4:4:4:1,2:2:4:4:1:4:4:4:1
1:2:4:4:1:4:4:4:0:,recombination,4333.773662011131,4:4:4:4:4:1:2:2:4,3:3:4:4:4:4:4:4:2,MUTATE
3:3:4:4:4:3:4:4:3:,recombination,4246.465990656192,4:3:4:4:4:1:2:3:4,2:3:4:4:3:4:4:4:2
4:4:4:4:4:2:1:3:4:,recombination,4044.449361217736,4:4:4:4:4:1:2:4:4,1:2:4:4:4:4:4:4:1,MUTATE
3:3:4:4:3:3:4:4:2:,recombination,4022.890787211325,2:3:4:4:3:4:4:4:2,1:2:4:3:1:4:4:4:0,MUTATE
4:4:3:4:4:0:0:0:4:,clone,4113.709214556374,1:2:4:2:0:4:4:4:0
4:3:4:4:4:2:3:4:3:,recombination,3918.1447721212407,1:2:4:2:0:4:4:4:0,4:3:4:4:4:4:3:4:4,MUTATE
4:4:4:4:4:1:2:4:4:,recombination,3628.510348452007,4:3:4:4:4:3:2:4:4,4:3:4:4:4:2:3:4:3
4:4:4:4:4:1:2:4:4:,recombination,3511.361191136587,1:2:4:2:0:4:4:4:0,2:2:4:4:1:4:4:4:1
4:4:4:4:4:0:1:3:4:,clone,3794.928304788744,4:4:4:4:4:0:1:3:4
2:3:4:4:4:3:3:4:2:,recombination,3697.8069715554793,2:2:4:4:3:3:4:4:2,2:2:4:4:1:4:4:4:1
1:2:4:4:1:4:4:4:0:,recombination,4325.949903243365,2:2:4:4:4:4:4:4:2,1:2:4:3:2:4:4:4:0,MUTATE
3:3:4:4:4:3:4:4:2:,recombination,4048.959802553436,3:3:4:4:4:4:3:4:3,3:3:4:4:4:3:3:4:2
4:3:4:4:4:3:3:4:3:,recombination,4048.2466692747075,1:2:4:4:4:3:4:4:1,4:3:4:4:4:3:3:4:3,MUTATE
3:3:4:4:4:3:4:4:2:,clone,3994.2355121127675,3:3:4:4:4:3:4:4:2
2:3:4:4:4:3:4:4:2:,clone,3777.327277873722,2:3:4:4:4:3:4:4:2
3:3:4:4:4:3:3:4:3:,clone,3629.715902115572,3:3:4:4:4:3:3:4:3
3:3:4:4:4:3:4:4:2:,clone,3898.5413410445735,3:3:4:4:4:3:4:4:2
2:2:4:4:2:4:4:4:1:,recombination,3866.2352616829903,3:2:4:4:4:3:4:4:2,4:3:4:4:4:4:3:4:3
4:3:4:4:4:2:2:4:4:,recombination,3602.4069544868694,3:3:4:4:4:3:4:4:2,1:2:4:3:0:4:4:4:1,MUTATE
4:4:4:4:4:1:2:2:4:,recombination,3448.614610951402,1:2:4:3:1:4:4:4:0,2:2:4:4:3:4:4:4:1
2:3:4:4:4:3:3:4:2:,clone,3602.8425404706945,2:3:4:4:4:3:3:4:2
1:2:4:2:0:4:4:4:1:,clone,4252.047643891693,1:2:4:2:0:4:4:4:1
1:2:4:2:0:4:4:4:1:,clone,4147.174980354525,1:2:4:2:0:4:4:4:1
4:4:4:4:4:2:1:3:4:,recombination,3853.64897149537,3:3:4:4:4:4:4:4:2,3:2:4:4:4:3:4:4:2,MUTATE
4:4:4:4:4:0:0:1:4:,recombination,3376.448937757956,3:3:4:4:4:2:3:4:3,1:2:4:4:2:4:4:4:0,MUTATE
4:4:4:4:4:0:1:1:4:,clone,2877.7482627694944,4:4:4:4:4:0:1:1:4
4:3:4:4:4:2:2:3:4:,clone,3306.2512948933604,4:3:4:4:4:2:2:4:4
4:4:4:4:4:1:2:3:4:,clone,3253.8650415005604,4:4:4:4:4:1:2:3:4
4:3:4:4:4:2:2:4:4:,clone,3486.1472419265037,4:3:4:4:4:2:2:4:4
4:4:4:4:4:0:0:1:4:,clone,3253.349934232239,4:4:4:4:4:0:1:1:4
4:4:4:4:4:1:1:3:4:,recombination,3584.455508604592,4:4:4:4:4:1:2:4:4,4:4:4:4:4:1:2:4:4,MUTATE
2:3:4:4:4:4:4:4:2:,recombination,3915.6608593324877,1:1:4:2:0:4:4:4:0,4:3:4:4:4:3:3:4:3
4:4:4:4:4:2:2:3:4:,recombination,3485.9302067083077,2:3:4:4:4:2:3:4:2,4:4:4:4:4:2:1:2:4,MUTATE
2:3:4:4:4:4:3:4:2:,recombination,3925.0758914982334,2:2:4:4:2:4:4:4:1,3:3:4:4:4:3:4:4:3
2:3:4:4:4:4:4:4:1:,recombination,4229.822149131068,2:3:4:4:3:4:4:4:2,3:3:4:4:4:4:4:4:3,MUTATE
3:3:4:4:4:1:1:1:4:,recombination,3031.446315526051,1:1:4:3:0:4:4:4:0,4:3:4:4:4:3:3:4:3,MUTATE
4:3:4:4:4:1:2:2:4:,clone,3228.0177261481567,4:3:4:4:4:1:2:2:4
4:4:4:4:4:1:2:2:4:,recombination,3431.620564195244,1:2:4:3:0:4:4:4:0,2:3:4:4:3:3:4:4:1,MUTATE
4:4:4:4:4:4:3:4:4:,recombination,5267.093867129946,4:4:3:4:4:0:0:1:4,4:4:4:4:4:1:1:3:4,MUTATE
4:4:4:4:4:1:1:2:4:,recombination,3420.08839370706,2:2:4:4:3:4:4:4:2,0:2:4:2:0:4:4:4:0
4:4:4:4:4:0:1:2:4:,recombination,3304.567884227766,4:4:4:4:4:1:2:4:4,4:4:4:4:4:1:1:2:4
1:3:4:4:2:4:4:4:1:,clone,4158.996141795987,1:3:4:4:2:4:4:4:1
1:2:4:4:2:4:4:4:1:,clone,3874.9961912900326,1:2:4:4:2:4:4:4:1
1:2:4:2:1:4:4:4:0:,recombination,3838.880887444644,3:3:4:4:4:4:3:4:2,3:3:4:4:3:3:4:4:2,MUTATE
1:2:4:4:4:3:4:4:1:,clone,3703.1820223530754,1:2:4:4:4:3:4:4:1
1:3:4:4:3:4:4:4:1:,clone,4220.126979658237,1:3:4:4:3:4:4:4:1
2:3:4:4:4:4:4:4:2:,clone,3896.938573553627,2:3:4:4:4:4:4:4:2
3:2:4:4:4:4:4:4:2:,recombination,4771.497809021958,1:1:4:3:0:4:4:4:0,3:3:4:4:4:3:4:4:2,MUTATE
2:3:4:4:2:4:4:4:2:,recombination,4190.9839113011585,2:2:4:3:1:4:4:4:1,0:1:4:2:0:4:4:4:0,MUTATE
3:2:4:4:3:4:4:4:2:,clone,4950.428808461198,3:2:4:4:3:4:4:4:2
4:4:4:4:4:1:1:4:4:,recombination,3756.630295930987,2:3:4:4:2:4:4:4:2,1:1:4:2:0:4:4:4:0,MUTATE
3:3:4:4:4:2:2:3:3:,clone,3270.105469313631,3:3:4:4:4:2:2:4:3
3:3:4:4:4:3:2:4:3:,clone,3956.53954739185,3:3:4:4:4:3:3:4:3
2:2:4:4:4:3:3:4:1:,recombination,3814.039385397314,2:2:4:4:4:3:4:4:2,2:2:4:4:3:3:4:4:2
4:4:4:4:4:1:1:4:4:,clone,3592.627414524235,4:4:4:4:4:1:1:4:4
4:3:4:4:4:2:2:4:4:,clone,3459.096243384191,4:3:4:4:4:1:2:4:4
3:3:4:4:4:2:3:4:3:,recombination,3421.662459360338,3:3:4:4:4:3:4:4:3,4:4:3:4:4:1:2:2:4
1:1:4:3:0:4:4:4:0:,clone,4552.810577134491,1:1:4:3:0:4:4:4:0
1:1:4:3:0:4:4:4:0:,recombination,4549.227328164882,1:2:4:3:1:4:4:4:1,4:3:4:4:4:3:3:4:3
1:2:4:3:0:4:4:4:1:,recombination,4142.809546033254,1:2:4:4:4:3:4:4:1,4:4:4:4:4:1:1:4:4,MUTATE
1:2:4:3:0:4:4:4:1:,recombination,4098.640228342461,1:2:4:3:0:4:4:4:1,2:3:4:4:4:4:3:4:2,MUTATE
4:4:4:4:4:2:3:4:4:,clone,3942.420002039106,4:4:4:4:4:3:3:4:4
4:3:4:4:4:4:3:4:3:,recombination,4470.155565699367,3:3:4:4:4:2:2:3:3,1:2:4:4:1:4:4:4:0,MUTATE
2:2:4:4:3:4:4:4:1:,recombination,3933.6950890045837,2:3:4:4:4:4:3:4:2,4:4:4:4:4:3:2:4:4
2:2:4:4:3:3:4:4:1:,recombination,3751.328724399123,2:2:4:4:4:3:4:4:1,3:2:4:4:4:3:3:4:2
3:3:4:4:4:2:3:4:2:,clone,3572.873847374656,3:3:4:4:4:2:3:4:2
3:3:4:4:4:2:3:4:2:,recombination,3560.8887667005074,1:2:4:3:1:4:4:4:0,2:2:4:4:3:3:4:4:1,MUTATE
3:4:4:4:4:3:3:4:3:,clone,4044.0060471873685,3:3:4:4:4:3:3:4:3
1:2:4:4:3:3:4:4:1:,clone,3820.7967263015844,1:2:4:4:3:3:4:4:1
1:2:4:3:0:4:4:4:0:,recombination,4092.0608019530873,3:3:4:4:4:3:4:4:2,1:2:4:2:0:4:4:4:0,MUTATE
3:3:4:4:4:1:1:1:4:,clone,2835.6824381748706,4:4:4:4:4:1:2:4:4
2:2:4:4:4:2:3:4:2:,recombination,3135.510505265896,4:4:4:4:4:0:1:1:4,2:2:4:4:4:3:4:4:2,MUTATE
4:3:4:4:4:1:1:2:4:,clone,2835.6824381748706,3:3:4:4:4:1:1:1:4
3:3:4:4:4:1:2:2:3:,clone,2807.492125127612,4:3:4:4:4:1:1:2:4
2:3:4:4:4:2:3:4:2:,clone,3153.845553964726,2:3:4:4:4:2:3:4:2
2:2:4:4:4:3:4:4:1:,recombination,3448.9138533454357,4:3:4:4:4:2:2:3:4,2:2:4:4:4:3:4:4:2,MUTATE
2:3:4:4:3:4:4:4:1:,recombination,4150.6877564665165,4:4:4:4:4:3:4:4:3,2:2:4:4:3:4:4:4:1
3:3:4:4:4:2:3:4:2:,clone,3407.28328135518,2:3:4:4:4:2:3:4:2
2:2:4:4:4:3:3:4:2:,clone,3493.1925729857444,2:2:4:4:4:3:3:4:2
3:3:4:4:4:3:3:4:2:,recombination,3710.861786156879,1:2:4:3:1:4:4:4:0,2:3:4:4:3:4:4:4:2
3:3:4:4:4:3:3:4:3:,clone,3566.537509967933,3:3:4:4:4:3:3:4:3
2:3:4:4:4:3:3:4:2:,clone,3534.977346492894,2:3:4:4:4:2:3:4:2
2:2:4:4:4:3:4:4:2:,clone,3751.952949777511,3:3:4:4:4:3:3:4:2
1:2:4:4:2:4:4:4:1:,clone,3845.054354258886,2:2:4:4:3:3:4:4:1
4:4:4:4:4:2:3:4:4:,clone,3600.115114172444,4:4:4:4:4:2:3:4:4
2:3:4:4:2:3:4:4:1:,recombination,4033.949571271127,1:2:4:3:0:4:4:4:0,3:3:4:4:4:4:4:4:3,MUTATE
2:3:4:4:4:3:4:4:2:,recombination,3742.6609085510104,1:2:4:3:2:4:4:4:0,4:3:4:4:4:3:3:4:3,MUTATE
2:2:4:4:4:2:4:4:2:,clone,3781.0934859837294,2:3:4:4:4:2:3:4:2
1:2:4:3:1:4:4:4:0:,recombination,3771.0135301766777,4:4:4:4:4:2:2:4:4,2:2:4:4:4:3:4:4:1
1:2:4:4:2:3:4:4:0:,clone,4656.133008077428,1:2:4:4:2:3:4:4:0
1:1:4:2:0:4:4:4:0:,clone,4057.220598659695,1:1:4:2:0:4:4:4:0
0:1:4:2:0:4:4:4:0:,recombination,3915.2659941514166,4:4:4:4:4:1:1:4:4,4:4:4:4:4:3:2:3:4,MUTATE
4:4:4:4:4:2:1:4:4:,recombination,3982.7581273801297,2:2:4:4:3:4:4:4:1,4:4:4:4:4:2:2:3:4,MUTATE
4:4:4:4:4:1:1:3:4:,clone,3334.0647429253045,4:4:4:4:4:1:1:3:4
4:3:4:4:4:3:2:4:4:,clone,3954.155542761463,4:3:4:4:4:3:2:4:4
4:3:4:4:4:3:3:4:3:,recombination,3996.575930881698,4:4:4:4:4:2:3:4:4,4:4:4:4:4:1:2:2:4
4:4:4:4:4:1:0:1:4:,clone,4031.738771288312,4:4:4:4:4:1:0:1:4
1:2:4:3:1:4:4:4:1:,clone,3942.4329219628444,1:2:4:3:1:4:4:4:1
1:1:4:2:0:4:4:4:0:,clone,4045.695263577796,1:2:4:2:0:4:4:4:0
4:4:4:4:4:3:2:4:4:,recombination,3841.7030164366297,3:3:4:4:4:3:4:4:3,4:4:4:4:4:0:0:0:4,MUTATE
4:4:4:4:4:1:1:4:4:,clone,3445.5882158227087,4:4:4:4:4:1:1:3:4
4:4:4:4:4:2:2:4:4:,recombination,3555.39301489552,2:2:4:4:2:4:4:4:1,4:4:4:4:4:1:1:2:4
4:4:4:4:4:2:2:4:4:,recombination,3508.60914962549,2:3:4:4:4:4:4:4:2,2:2:4:4:3:4:4:4:2
4:4:4:4:4:2:2:4:4:,recombination,3458.438839835407,4:4:4:4:4:1:1:4:4,4:3:4:4:4:3:2:4:4
4:4:4:4:4:3:3:4:4:,clone,3751.7805907515144,4:3:4:4:4:3:3:4:4
3:3:4:4:4:2:2:4:3:,recombination,3463.5093474165706,4:4:4:4:4:1:1:4:4,2:3:4:4:4:3:3:4:2
4:3:4:4:4:2:2:4:4:,recombination,3437.330583383753,4:4:4:4:4:2:2:4:4,4:4:4:4:4:1:1:2:4
1:1:4:2:0:4:4:4:0:,clone,4011.0725741671044,1:2:4:2:0:4:4:4:0
4:3:4:4:4:2:2:4:3:,clone,4125.0566844790055,4:3:4:4:4:2:2:4:4
3:3:4:4:4:4:4:4:2:,clone,4058.01889885783,3:3:4:4:4:4:4:4:2
1:2:4:4:1:4:4:4:0:,clone,4319.488008251138,1:2:4:4:1:4:4:4:0
4:4:3:4:4:1:1:3:4:,clone,4717.365588039789,4:4:3:4:4:1:1:3:4
4:4:3:4:4:1:0:2:4:,clone,4653.603256573853,4:4:3:4:4:0:0:1:4
4:4:4:4:4:1:0:3:4:,clone,4908.291615199772,4:4:4:4:4:1:1:3:4
3:3:4:4:4:4:3:4:2:,clone,4107.0471915116805,3:3:4:4:4:4:3:4:2
3:3:4:4:4:4:3:4:2:,clone,4080.259098139041,3:3:4:4:4:4:3:4:2
2:3:4:4:3:4:4:4:1:,clone,4067.7078180351555,2:3:4:4:3:4:4:4:1
2:2:4:4:3:4:4:4:1:,clone,3929.7387966109177,2:2:4:4:3:4:4:4:1
2:2:4:4:3:4:4:4:1:,recombination,3853.419367925866,0:2:4:2:0:4:4:4:0,1:2:4:4:4:3:4:4:1,MUTATE
1:2:4:2:0:4:4:4:0:,clone,3780.9552899174505,1:2:4:2:0:4:4:4:0
1:2:4:2:1:4:4:4:0:,clone,3773.2256766424225,1:2:4:2:0:4:4:4:0
0:2:4:2:0:4:4:4:0:,recombination,3808.1664210547337,3:3:4:4:4:4:3:4:2,0:1:4:2:0:4:4:4:0,MUTATE
0:1:4:2:0:4:4:4:0:,clone,3909.2881268143665,0:2:4:2:0:4:4:4:0
0:2:4:1:0:4:4:4:0:,recombination,3779.969759490479,3:3:4:4:4:4:3:4:2,0:2:4:2:0:4:4:4:0,MUTATE
1:2:4:4:2:3:4:4:0:,recombination,4259.817803996517,1:2:4:4:1:3:4:4:1,1:2:4:3:0:4:4:4:0
4:4:4:4:4:2:1:3:4:,clone,3577.8904476770294,4:4:4:4:4:2:1:3:4
4:3:4:4:4:1:1:3:4:,recombination,3495.968790148619,4:4:4:4:4:1:1:4:4,3:3:4:4:4:2:3:4:3
4:3:4:4:4:1:1:4:4:,recombination,3493.732003631348,4:4:4:4:4:1:1:3:4,1:2:4:3:0:4:4:4:0
2:3:4:4:2:4:4:4:1:,recombination,4156.336066729817,4:3:4:4:4:2:3:4:4,2:3:4:4:4:3:4:4:2,MUTATE
2:2:4:3:1:4:4:4:1:,recombination,4076.389866989199,2:3:4:4:2:3:4:4:1,4:4:4:4:4:1:2:4:4
3:2:4:4:4:4:3:4:2:,clone,4462.8429137423245,3:2:4:4:4:4:3:4:2
2:3:4:4:3:3:4:4:2:,recombination,3942.4797450338356,4:4:4:4:4:0:1:2:4,1:2:4:4:4:4:3:4:1,MUTATE
4:4:4:4:4:2:1:4:4:,clone,3934.781288005044,4:4:4:4:4:1:1:3:4
4:4:4:4:4:3:3:4:3:,recombination,4524.739304552919,0:1:4:2:0:4:4:4:0,1:1:4:3:0:4:4:4:0,MUTATE
1:2:4:4:4:4:4:4:1:,recombination,4174.872697745225,4:4:4:4:4:1:2:2:4,1:3:4:4:2:4:4:4:1
3:3:4:4:3:4:4:4:2:,clone,4320.306062669733,3:3:4:4:3:4:4:4:2
2:2:4:4:2:4:4:4:2:,recombination,4330.06096178569,4:4:4:4:4:1:1:4:4,4:4:4:4:4:1:1:4:4
2:2:4:4:2:4:4:4:2:,recombination,4246.717396298076,4:4:4:4:4:1:1:4:4,2:2:4:4:4:3:4:4:2,MUTATE
2:2:4:4:2:4:4:4:2:,clone,4035.390799993585,2:2:4:4:2:4:4:4:2
2:2:4:3:1:4:4:4:1:,clone,4037.627586510856,2:2:4:3:1:4:4:4:1
1:2:4:2:0:4:4:4:1:,recombination,3895.6526854900676,1:1:4:2:0:4:4:4:0,0:1:4:2:0:4:4:4:0,MUTATE
3:2:4:4:2:4:4:4:2:,clone,5093.23835565484,3:2:4:4:2:4:4:4:2
4:4:4:4:4:2:2:3:4:,recombination,3428.2747233075697,1:2:4:4:2:4:4:4:0,3:3:4:4:4:2:2:4:3
4:3:4:4:4:2:2:4:4:,clone,3419.7964780989946,4:3:4:4:4:2:2:4:4
4:3:4:4:4:4:4:4:3:,clone,5097.085176583793,4:3:4:4:4:4:4:4:3
2:2:4:3:1:4:4:4:1:,clone,3997.0385162871885,2:2:4:3:1:4:4:4:1
1:2:4:3:0:4:4:4:0:,recombination,4069.2113907285197,4:4:4:4:4:2:1:2:4,4:4:4:4:4:1:2:2:4
3:3:4:4:4:3:4:4:3:,clone,3936.770126317392,3:3:4:4:4:3:4:4:3
1:2:4:3:1:4:4:4:1:,recombination,3905.291554183751,3:3:4:4:4:3:2:4:3,4:4:4:4:4:1:2:4:4,MUTATE
2:3:4:4:4:3:4:4:2:,recombination,3739.3283390482634,4:3:4:4:4:2:2:3:4,3:3:4:4:3:3:4:4:2
3:3:4:4:4:3:3:4:2:,clone,3699.1193491682775,3:3:4:4:4:3:3:4:2
2:2:4:4:3:3:4:4:1:,clone,3686.941156798889,2:2:4:4:3:3:4:4:1
3:3:4:4:4:3:3:4:2:,clone,3587.7457314912167,3:3:4:4:4:3:3:4:2
2:2:4:4:3:3:4:4:1:,recombination,3658.440824590513,4:3:4:4:4:2:2:3:4,3:3:4:4:4:1:1:2:3
1:1:4:3:0:4:4:4:0:,recombination,4403.019243559343,2:2:4:4:4:4:3:4:1,1:1:4:4:1:4:4:4:0,MUTATE
1:1:4:3:0:4:4:4:0:,clone,4260.197515086914,1:1:4:3:0:4:4:4:0
0:1:4:1:0:4:4:4:0:,clone,3769.502554310942,0:1:4:1:0:4:4:4:0
4:3:4:4:4:2:2:3:4:,recombination,3211.918459859255,4:4:4:4:4:3:3:4:4,4:4:4:4:4:0:1:2:4
4:3:4:4:4:1:2:3:4:,clone,3149.01810328572,4:3:4:4:4:1:2:3:4
4:4:4:4:4:2:2:2:4:,recombination,3646.0361488499384,4:3:4:4:4:3:3:4:3,4:4:4:4:4:0:0:1:4
4:3:4:4:4:1:2:4:4:,clone,3522.723294126312,4:3:4:4:4:1:2:4:4
3:3:4:4:4:2:3:4:3:,recombination,3409.6592061555943,4:4:4:4:4:2:1:4:4,1:2:4:4:3:3:4:4:1
2:2:4:4:4:3:3:4:1:,clone,3654.596264345197,2:2:4:4:4:3:3:4:1
2:2:4:4:4:3:4:4:2:,recombination,3611.3534475629385,4:4:3:4:4:0:0:0:4,1:1:4:2:0:4:4:4:0
1:2:4:4:3:3:4:4:1:,recombination,3749.287275871099,4:4:4:4:4:1:2:3:4,3:3:4:4:4:2:2:4:3
1:2:4:3:2:3:4:4:1:,clone,3702.1758900969585,1:2:4:3:2:4:4:4:1
1:2:4:3:0:4:4:4:0:,recombination,4038.448227928713,2:2:4:3:1:4:4:4:1,0:1:4:2:0:4:4:4:0,MUTATE
2:3:4:4:4:3:4:4:1:,clone,4147.841259153505,2:3:4:4:4:3:4:4:1
1:2:4:4:1:4:4:4:1:,recombination,4260.148093666527,4:4:4:4:4:3:2:4:4,4:4:4:4:4:1:2:3:4
1:3:4:4:1:4:4:4:1:,clone,4631.1547490295125,1:3:4:4:1:4:4:4:1
1:3:4:4:1:4:4:4:1:,recombination,4610.789681418323,4:4:4:4:4:1:2:3:4,2:2:4:3:1:4:4:4:1,MUTATE
1:2:4:4:2:4:4:4:1:,recombination,3762.135452825553,4:4:4:4:4:2:1:2:4,3:2:4:4:4:4:3:4:2
1:2:4:3:1:4:4:4:0:,recombination,3724.6340178651385,3:3:4:4:4:4:3:4:2,1:2:4:2:0:4:4:4:0
2:2:4:4:4:3:3:4:2:,recombination,3334.6476063367254,4:4:4:4:4:1:1:3:4,1:2:4:4:3:3:4:4:1,MUTATE
1:2:4:3:1:4:4:4:0:,recombination,3707.9385551184287,1:2:4:4:2:4:4:4:1,3:3:4:4:4:3:3:4:2
1:2:4:4:4:3:4:4:1:,clone,3439.8892512730868,1:2:4:4:4:3:4:4:1
1:2:4:4:3:3:4:4:1:,recombination,3725.565505192427,1:2:4:4:3:4:4:4:1,2:2:4:3:0:4:4:4:1
4:3:4:4:4:2:3:4:4:,clone,3595.4449917242237,3:3:4:4:4:2:3:4:3
2:2:4:4:3:3:4:4:1:,recombination,3611.3014895274164,4:4:4:4:4:0:1:2:4,4:4:4:4:4:1:2:3:4
3:3:4:4:4:2:2:3:3:,clone,3202.8669867756626,3:3:4:4:4:2:2:3:3
4:4:4:4:4:0:1:3:4:,recombination,3760.2109283157756,1:2:4:3:1:4:4:4:0,2:2:4:4:3:4:4:4:1
1:2:4:2:0:4:4:4:0:,recombination,3755.482326663598,4:4:4:4:4:2:1:3:4,4:4:3:4:4:0:0:0:4,MUTATE
4:3:4:4:4:2:2:4:3:,clone,4107.207316468498,4:3:4:4:4:2:2:4:3
4:3:4:4:4:4:4:4:3:,recombination,5044.984148362334,4:4:4:4:4:2:1:4:4,3:3:4:4:4:4:4:4:2,MUTATE
1:3:4:4:1:4:4:4:1:,clone,4304.177143782697,1:3:4:3:1:4:4:4:1
1:2:4:4:1:4:4:4:0:,recombination,4270.204454902763,2:2:4:4:4:4:4:4:1,4:4:4:4:4:3:3:4:4,MUTATE
3:3:4:4:4:3:4:4:2:,clone,3841.1208076594735,3:3:4:4:4:3:4:4:2
0:1:4:2:0:4:4:4:0:,clone,3886.809341764255,0:1:4:2:0:4:4:4:0
4:4:4:4:4:1:1:3:4:,recombination,3243.7042018449965,4:4:4:4:4:2:2:3:4,4:4:4:4:4:3:3:4:3
4:3:4:4:4:3:3:4:3:,recombination,3920.7191056516613,2:2:4:4:3:4:4:4:2,1:2:4:4:2:4:4:4:1
2:3:4:4:1:4:4:4:1:,recombination,4534.8554106094925,1:2:4:3:0:4:4:4:0,2:3:4:4:4:2:3:3:2
3:4:4:4:4:3:4:4:3:,recombination,4451.284119652213,1:2:4:3:0:4:4:4:0,2:2:4:3:1:4:4:4:1,MUTATE
3:3:4:4:3:4:4:4:2:,clone,4296.928502531129,3:3:4:4:3:4:4:4:2
3:3:4:4:3:4:4:4:2:,clone,4265.8654940170945,3:3:4:4:3:4:4:4:2
4:4:4:4:4:1:0:1:4:,clone,3907.283357970369,4:4:4:4:4:1:0:1:4
4:4:4:4:4:1:0:1:4:,recombination,3802.6540134311317,3:2:4:4:4:4:3:4:2,4:3:4:4:4:1:1:2:4
4:4:4:4:4:2:2:2:4:,clone,3556.5879801532333,4:4:4:4:4:2:2:2:4
3:3:4:4:4:2:2:4:3:,recombination,3327.9246564460395,4:4:4:4:4:2:1:2:4,1:1:4:2:0:4:4:4:0,MUTATE
3:3:4:4:4:2:3:4:3:,recombination,3331.5945129616653,2:2:4:4:4:3:3:4:2,4:3:4:4:4:2:2:4:3
2:2:4:4:4:4:4:4:2:,clone,3970.0609685604627,2:2:4:4:4:4:4:4:2
2:2:4:4:4:4:4:4:1:,recombination,3990.5571788952975,2:2:4:4:3:4:4:4:2,2:3:4:4:4:4:3:4:2
1:2:4:4:4:3:3:4:1:,clone,3276.0049105079215,2:2:4:4:3:3:4:4:2
0:2:4:1:0:4:4:4:0:,clone,3779.7246110287074,0:2:4:1:0:4:4:4:0
0:1:4:2:0:4:4:4:0:,clone,3881.0587423554825,0:1:4:2:0:4:4:4:0
1:1:4:2:0:4:4:4:0:,recombination,4003.5917715509854,0:1:4:2:0:4:4:4:0,2:3:4:4:4:2:2:4:2,MUTATE
1:2:4:4:3:3:4:4:1:,clone,3708.2740594948937,1:2:4:4:3:3:4:4:1
2:2:4:4:3:4:4:4:1:,recombination,3717.4802925066347,4:4:4:4:4:2:1:4:4,1:1:4:2:0:4:4:4:0
1:2:4:4:2:4:4:4:1:,recombination,3744.513534341045,1:1:4:2:0:4:4:4:0,2:2:4:4:3:3:4:4:2
0:2:4:2:0:4:4:4:0:,clone,3802.3023565467975,0:2:4:2:0:4:4:4:0
4:4:4:4:4:4:3:4:4:,recombination,5130.661757856309,3:3:4:4:4:3:3:4:3,1:2:4:4:2:3:4:4:0
3:2:4:4:3:4:4:4:2:,recombination,4950.428808461196,4:4:4:4:4:1:1:4:4,4:4:4:4:4:1:1:2:4,MUTATE
1:2:4:3:2:4:4:4:1:,clone,3790.693091396922,1:2:4:3:2:4:4:4:1
1:2:4:4:3:4:4:4:1:,clone,3886.3677077350176,1:2:4:4:3:4:4:4:1
1:2:4:4:3:4:4:4:1:,clone,3836.2291262855697,1:2:4:4:3:4:4:4:1
1:2:4:4:3:4:4:4:1:,clone,3829.812235620043,1:2:4:4:3:4:4:4:1
1:2:4:3:0:4:4:4:1:,clone,4088.415062060668,1:2:4:3:0:4:4:4:1
4:3:4:4:4:2:3:4:4:,recombination,3464.0204037301,2:3:4:4:3:3:4:4:1,1:2:4:4:2:4:4:4:1,MUTATE
2:2:4:4:3:4:4:4:1:,clone,3624.7453941137146,2:2:4:4:4:3:4:4:2
2:2:4:4:3:4:4:4:1:,clone,3619.244508981679,2:2:4:4:3:4:4:4:1
2:2:4:4:3:4:4:4:2:,recombination,3898.4085246215986,4:3:4:4:4:2:2:3:4,4:3:4:4:4:3:3:4:3
1:2:4:4:2:4:4:4:1:,recombination,3709.3383721659948,0:1:4:2:0:4:4:4:0,1:2:4:3:1:4:4:4:0,MUTATE
1:2:4:3:2:4:4:4:1:,recombination,3786.744666382634,2:2:4:4:3:4:4:4:2,1:2:4:3:1:4:4:4:0,MUTATE
1:2:4:3:2:4:4:4:1:,clone,3653.2134952425904,2:2:4:4:3:3:4:4:1
1:2:4:4:1:3:4:4:0:,clone,4366.988759132731,1:2:4:3:1:4:4:4:0
4:3:4:4:4:1:2:4:4:,clone,3513.5571735396384,4:4:4:4:4:1:2:4:4
2:2:4:4:4:3:3:4:1:,recombination,3508.0019336663686,1:2:4:3:1:4:4:4:1,4:3:4:4:4:2:2:4:4,MUTATE
2:3:4:4:4:3:3:4:2:,clone,3423.808174487592,2:3:4:4:4:3:3:4:2
2:2:4:4:4:3:3:4:1:,clone,3423.808174487592,2:2:4:4:4:3:3:4:1
3:2:4:4:3:4:4:4:2:,clone,4933.067491355389,3:2:4:4:3:4:4:4:2
