4:4:4:4:4:2:2:4:4:,initialisation,5493.305906139936,
2:3:4:4:4:3:4:4:2:,initialisation,6355.312094387002,
4:4:4:4:4:3:2:4:4:,initialisation,5368.800175413467,
4:4:4:4:4:1:2:4:4:,initialisation,6038.138733918438,
4:4:4:4:4:1:1:4:4:,initialisation,5104.55274667455,
4:4:4:4:4:1:2:4:4:,initialisation,5288.279222409678,
4:3:4:4:4:2:3:4:4:,initialisation,5890.993487723609,
4:4:4:4:4:3:3:4:4:,initialisation,5980.491214701183,
4:3:4:4:4:1:2:4:4:,initialisation,4803.646352781209,
4:4:4:4:4:2:3:4:4:,initialisation,6026.16716895474,
4:3:4:4:4:1:3:4:4:,initialisation,5637.702772694043,
3:3:4:4:4:3:3:4:3:,initialisation,5959.133680637818,
4:4:4:4:4:2:1:4:4:,initialisation,5768.44475250369,
4:4:4:4:4:3:3:4:4:,initialisation,5947.288437200002,
3:3:4:4:4:3:3:4:3:,initialisation,5774.797002919372,
4:4:4:4:4:0:1:2:4:,initialisation,5187.410964449465,
4:3:4:4:4:3:4:4:3:,initialisation,6815.871645104344,
4:4:4:4:4:2:2:3:4:,initialisation,5609.685006729721,
4:4:4:4:4:1:2:3:4:,initialisation,5235.052560820425,
4:3:4:4:4:1:1:2:4:,initialisation,4862.969138956324,
4:4:4:4:4:2:2:4:4:,initialisation,5422.224269151227,
4:4:4:4:4:1:2:4:4:,initialisation,5037.43237423632,
3:3:4:4:4:2:3:4:3:,initialisation,5474.420235904517,
3:3:4:4:4:3:3:4:3:,initialisation,5656.359317160428,
4:4:4:4:4:2:3:4:4:,initialisation,5986.815529785777,
4:4:4:4:4:3:3:4:4:,initialisation,5839.066911414883,
4:4:4:4:4:1:1:2:4:,initialisation,5701.396193147605,
3:3:4:4:4:1:3:3:3:,initialisation,5764.665855734254,
4:4:4:4:4:1:1:3:4:,initialisation,5263.781659919007,
4:4:4:4:4:2:1:4:4:,initialisation,5714.224253787346,
4:4:4:4:4:2:3:4:4:,initialisation,5735.5717601228735,
4:4:4:4:4:2:2:4:4:,initialisation,5350.002748690935,
4:4:4:4:4:2:2:4:4:,initialisation,4920.889159399422,
4:3:4:4:4:3:3:4:4:,initialisation,5949.241610487472,
4:4:4:4:4:1:2:3:4:,initialisation,4325.7364060985055,
4:3:4:4:4:3:3:4:3:,initialisation,5839.4162059108285,
4:4:4:4:4:0:1:2:4:,initialisation,5084.141938941521,
4:3:4:4:4:2:3:4:4:,initialisation,5590.619249722437,
4:4:4:4:4:4:3:4:4:,initialisation,6055.2659521838,
4:3:4:4:4:2:3:4:4:,initialisation,5523.39312987154,
3:3:4:4:4:3:3:4:2:,initialisation,5380.6642363588135,
4:4:4:4:4:1:2:2:4:,initialisation,4498.51153212109,
4:3:4:4:4:2:2:4:4:,initialisation,4979.1089708645,
4:4:4:4:4:2:3:4:4:,initialisation,5182.2411833613505,
4:3:4:4:4:3:3:4:4:,initialisation,5678.52684476282,
4:3:4:4:4:3:3:4:4:,initialisation,5655.344928319868,
4:4:4:4:4:2:2:4:4:,initialisation,4699.474194174354,
3:3:4:4:4:2:3:4:3:,initialisation,5264.937088995886,
4:3:4:4:4:2:3:4:4:,initialisation,5486.720382407893,
4:4:4:4:4:3:2:4:4:,initialisation,5111.519212843441,
4:4:4:4:4:3:3:4:4:,initialisation,5389.915273800316,
4:3:4:4:4:4:3:4:4:,initialisation,6055.2659521837995,
4:4:4:4:4:1:2:4:4:,initialisation,4922.694593153189,
4:3:4:4:4:1:2:3:4:,initialisation,4728.669115337196,
4:4:4:4:4:0:1:4:4:,initialisation,5505.338923359326,
4:4:4:4:4:1:1:2:4:,initialisation,5119.7863821402525,
4:4:4:4:4:1:3:4:4:,initialisation,5928.113570904803,
4:3:4:4:4:2:3:4:4:,initialisation,5207.6523810944645,
2:3:4:4:4:3:3:4:2:,initialisation,5842.9357052262785,
4:4:4:4:4:1:1:2:4:,initialisation,4815.991704488505,
4:4:4:4:4:2:1:4:4:,initialisation,4796.99017656424,
4:4:4:4:4:0:2:4:4:,initialisation,5825.372638828098,
4:4:4:4:4:0:1:2:4:,initialisation,4524.528902250571,
4:3:4:4:4:2:3:3:4:,initialisation,5745.2134120929995,
4:4:4:4:4:1:1:3:4:,initialisation,5044.72116116479,
4:3:4:4:4:2:2:3:4:,initialisation,4996.630061515498,
4:4:4:4:4:1:2:4:4:,initialisation,4912.169771806929,
4:4:4:4:4:1:1:3:4:,initialisation,4957.885776831842,
4:4:4:4:4:2:1:3:4:,initialisation,5348.91368175707,
4:4:4:4:4:1:1:3:4:,initialisation,4867.251217068564,
3:3:4:4:4:3:4:4:3:,initialisation,5710.863604097715,
4:4:4:4:4:0:0:0:4:,initialisation,5000.486249726352,
4:4:4:4:4:2:2:3:4:,initialisation,5446.209912292982,
4:4:4:4:4:1:1:4:4:,initialisation,5101.090474598166,
3:3:4:4:4:3:4:4:2:,initialisation,5785.274497279743,
4:4:4:4:4:1:1:4:4:,initialisation,4917.666911554698,
4:4:4:4:4:2:2:3:4:,initialisation,5430.778623621301,
4:3:4:4:4:3:3:4:4:,initialisation,5531.3265882737805,
4:4:4:4:4:1:1:4:4:,initialisation,4907.846985745038,
4:4:4:4:4:0:1:3:4:,initialisation,5103.641207241259,
2:3:4:4:4:4:4:4:2:,initialisation,5912.7531881122095,
4:4:3:4:4:2:1:4:4:,initialisation,6055.265952183802,
4:4:4:4:4:0:2:3:4:,initialisation,5623.064193335413,
4:3:4:4:4:2:2:2:4:,initialisation,5493.785580831561,
3:3:4:4:4:3:3:4:3:,initialisation,5625.542070201402,
4:4:4:4:4:1:3:4:4:,initialisation,5693.80149698521,
4:3:4:4:4:1:3:4:4:,initialisation,5154.292870660689,
4:4:4:4:4:1:3:4:4:,initialisation,5611.643553932445,
4:4:4:4:4:1:1:4:4:,initialisation,4828.416429060422,
4:3:4:4:4:1:2:2:4:,initialisation,4967.308632000346,
4:4:4:4:4:1:2:4:4:,initialisation,4706.118940081808,
4:4:4:4:4:2:2:3:4:,initialisation,5405.68209269502,
4:3:4:4:4:2:3:3:4:,initialisation,5720.163035702948,
4:3:4:4:4:3:3:4:3:,initialisation,5789.814192504013,
2:3:4:4:4:2:3:4:2:,initialisation,6613.659511349091,
2:3:4:4:4:2:3:4:2:,initialisation,5254.429149217482,
3:3:4:4:4:4:3:4:3:,initialisation,6050.6676738600245,
3:3:4:4:4:1:3:4:3:,initialisation,5556.320740688677,
3:3:4:4:4:2:2:3:3:,initialisation,5565.554038748757,
4:4:4:4:4:2:2:4:4:,initialisation,4612.755486641803,
3:3:4:4:4:1:2:3:3:,initialisation,4885.581427366158,
4:4:4:4:4:0:1:1:4:,initialisation,5165.478495173209,
4:4:4:4:4:1:1:1:4:,initialisation,4925.017200287794,
3:3:4:4:4:3:3:4:3:,initialisation,5381.663518918335,
4:4:4:4:4:1:1:3:4:,initialisation,4766.796350810009,
4:3:4:4:4:4:3:4:4:,initialisation,6024.712276005939,
3:3:4:4:4:3:3:4:3:,initialisation,5240.98108357288,
4:4:4:4:4:1:1:4:4:,initialisation,4822.735458712808,
4:4:4:4:4:0:0:2:4:,initialisation,5533.068495966692,
4:4:4:4:4:0:1:4:4:,initialisation,4993.130085500157,
4:4:4:4:4:3:1:4:4:,initialisation,5867.408754397264,
4:4:4:4:4:0:1:3:4:,initialisation,4843.739984555849,
4:3:4:4:4:3:2:4:4:,initialisation,6213.80324624335,
4:4:4:4:4:2:2:3:4:,initialisation,5361.809050324224,
4:3:4:4:4:3:2:4:4:,initialisation,5072.304536498349,
3:3:4:4:4:2:3:4:3:,initialisation,5202.463608172193,
2:3:4:4:4:2:3:4:2:,initialisation,4925.084708572064,
4:4:4:4:4:0:1:1:4:,initialisation,4699.717944006879,
3:3:4:4:4:4:4:4:2:,initialisation,6446.773777817831,
3:3:4:4:4:2:2:4:3:,initialisation,5764.993890193413,
4:3:4:4:4:2:3:4:3:,initialisation,5463.971367714237,
4:4:4:4:4:1:3:4:4:,initialisation,5452.215858143037,
4:4:4:4:4:0:1:1:4:,initialisation,4538.066355627353,
3:3:4:4:4:4:4:4:3:,initialisation,6310.118571867274,
2:3:4:4:4:4:3:4:2:,initialisation,6507.4404104083205,
4:3:4:4:4:3:3:3:4:,initialisation,6168.089073110701,
4:4:4:4:4:2:1:2:4:,initialisation,5732.842139242777,
4:4:4:4:4:1:2:4:4:,initialisation,4640.687632106408,
4:3:4:4:4:3:2:4:4:,initialisation,4935.721411242699,
4:3:4:4:4:2:3:4:3:,initialisation,5045.035723055579,
4:4:4:4:4:3:2:3:4:,initialisation,5867.524414317515,
3:3:4:4:4:4:3:4:3:,initialisation,5978.61453485212,
4:3:4:4:4:0:1:2:4:,initialisation,5416.369760293184,
3:3:4:4:4:4:3:4:3:,initialisation,5809.915192232756,
3:3:4:4:4:4:4:4:3:,initialisation,5882.197515685148,
4:4:4:4:4:1:1:1:4:,initialisation,4682.934809845012,
4:3:4:4:4:2:2:3:4:,initialisation,4525.424369059368,
4:4:4:4:4:1:1:1:4:,initialisation,4534.008137419957,
4:4:4:4:4:1:1:2:4:,initialisation,4575.816935543775,
4:4:4:4:4:2:1:3:4:,initialisation,4796.325548037757,
3:2:4:4:4:3:4:4:2:,initialisation,6331.2809778307565,
4:3:4:4:4:0:1:1:4:,initialisation,4565.896579892234,
4:3:4:4:4:3:3:4:3:,initialisation,5751.3468585660585,
4:3:4:4:4:3:3:4:3:,initialisation,5718.913578725595,
4:4:4:4:4:0:2:3:4:,initialisation,5618.267555835234,
2:2:4:4:4:4:4:4:1:,initialisation,6712.975508001022,
4:3:4:4:4:3:3:4:3:,initialisation,5648.5544751914895,
4:3:4:4:4:4:3:4:3:,initialisation,5870.670148007995,
4:4:4:4:4:3:2:3:4:,initialisation,5832.690947942292,
2:2:4:4:4:4:4:4:2:,initialisation,5721.367604530516,
3:3:4:4:4:2:2:1:4:,initialisation,4962.776576669838,
4:4:4:4:4:2:2:3:4:,initialisation,5107.918770922402,
4:4:4:4:4:4:3:4:4:,initialisation,5973.55055376911,
4:4:4:4:4:2:2:2:4:,initialisation,5496.580071113036,
3:3:4:4:4:2:3:4:3:,initialisation,4908.770294080745,
4:4:4:4:4:1:1:4:4:,initialisation,4725.2128103479145,
4:3:4:4:4:2:3:4:4:,initialisation,5197.605497880156,
4:4:4:4:4:2:3:3:4:,initialisation,5565.002812330185,
4:3:4:4:4:2:3:4:3:,initialisation,4940.317906867532,
4:3:4:4:4:3:3:4:4:,initialisation,5426.783349586211,
4:4:4:4:4:2:3:4:4:,initialisation,5153.02042695828,
4:4:4:4:4:0:1:2:4:,initialisation,4442.54711699042,
4:4:4:4:4:3:3:4:4:,initialisation,5310.055569135003,
3:3:4:4:4:2:2:4:3:,initialisation,5371.32912857006,
4:4:4:4:4:2:2:3:4:,initialisation,4706.957681457917,
4:4:4:4:4:0:1:2:4:,initialisation,4099.374018345985,
2:3:4:4:4:1:3:4:2:,initialisation,5664.433749148366,
4:3:4:4:4:4:4:4:3:,initialisation,6294.186944325569,
4:3:4:4:4:3:3:3:4:,initialisation,5892.512552826826,
4:3:4:4:4:3:3:4:3:,initialisation,5590.116163464296,
4:4:4:4:4:0:0:1:4:,initialisation,4789.917842345088,
4:4:4:4:4:0:0:2:4:,initialisation,5391.32362538458,
4:4:4:4:4:2:3:4:4:,initialisation,5060.405959913391,
4:3:4:4:4:4:3:4:4:,initialisation,5783.560071184175,
4:3:4:4:4:3:3:4:3:,initialisation,5343.6429816337895,
4:3:4:4:4:1:1:3:4:,initialisation,4482.504265718004,
3:3:4:4:4:1:3:4:3:,initialisation,4745.954257590133,
4:4:4:4:4:1:2:4:4:,initialisation,4540.679714082909,
4:3:4:4:4:3:3:4:4:,initialisation,5251.536641532692,
4:3:4:4:4:3:4:4:3:,initialisation,6663.616986001301,
4:3:4:4:4:2:3:3:4:,initialisation,5418.183390493831,
4:3:4:4:4:4:3:4:4:,initialisation,5632.7931832050745,
4:4:4:4:4:1:1:3:4:,initialisation,4664.560367388298,
4:4:4:4:4:1:3:4:4:,initialisation,5228.998203607159,
4:4:4:4:4:0:1:0:4:,initialisation,4995.833605792461,
3:3:4:4:4:1:2:3:3:,initialisation,4798.405312453246,
3:3:4:4:4:2:2:3:3:,initialisation,5086.619618900192,
4:4:4:4:4:0:2:4:4:,initialisation,5193.543202828834,
4:4:4:4:4:3:3:4:4:,initialisation,5254.030956234118,
4:4:4:4:4:3:3:4:4:,initialisation,5252.756771288755,
4:4:4:4:4:0:1:4:4:,initialisation,4955.205325911416,
4:4:4:4:4:3:2:4:4:,initialisation,4881.88147296536,
4:3:4:4:4:2:3:4:4:,initialisation,5086.389605737266,
3:3:4:4:4:1:2:3:3:,initialisation,4777.024032357289,
3:3:4:4:4:2:2:4:3:,initialisation,5090.573850718393,
4:3:4:4:4:2:2:4:4:,initialisation,4703.796655452429,
4:4:4:4:4:2:2:2:4:,initialisation,5008.876034374924,
3:3:4:4:4:3:3:3:3:,initialisation,5870.028787560376,
4:4:4:4:4:0:1:3:4:,initialisation,4431.8147339616535,
4:3:4:4:4:3:3:4:3:,initialisation,5218.736595592057,
4:4:3:4:4:1:1:3:4:,initialisation,6055.2659521838,
4:4:4:4:4:2:1:2:4:,initialisation,5471.304122036533,
4:4:4:4:4:0:2:3:4:,initialisation,5311.141352292965,
4:3:4:4:4:2:3:4:4:,initialisation,5065.387891928511,
4:4:4:4:4:1:2:3:4:,initialisation,4276.747475700174,
4:3:4:4:4:0:2:2:4:,initialisation,4466.864860659916,
0:2:4:3:0:4:4:4:0:,initialisation,6448.687104950972,
3:3:4:4:4:4:4:4:2:,initialisation,5931.926875474775,
2:3:4:4:4:3:3:4:2:,initialisation,5789.251693728824,
3:3:4:4:4:2:2:3:3:,initialisation,5085.645206618477,
4:4:4:4:4:2:3:2:4:,initialisation,6481.859444996637,
3:3:4:4:4:2:3:2:3:,initialisation,5969.61047543109,
3:3:4:4:4:2:3:4:3:,initialisation,4796.218913916886,
4:4:4:4:4:0:0:1:4:,initialisation,4397.020579192644,
4:4:4:4:4:1:1:2:4:,initialisation,4570.05536257824,
2:2:4:4:4:3:3:4:2:,initialisation,5739.049080973611,
2:2:4:4:4:2:3:4:2:,initialisation,5731.173216054908,
4:3:4:4:4:3:3:4:4:,initialisation,5157.145535451091,
4:3:4:4:4:3:3:4:4:,initialisation,5122.993999150136,
2:2:4:4:4:3:4:4:1:,initialisation,6400.892117213956,
3:3:4:4:4:2:2:2:3:,clone,6031.7290681368995,3:3:4:4:4:2:3:2:3
4:3:4:4:4:1:2:4:4:,recombination,4783.575561962035,4:4:4:4:4:1:3:4:4,4:3:4:4:4:1:3:4:4,MUTATE
4:3:4:4:4:3:3:4:4:,recombination,5083.71732797486,4:3:4:4:4:3:3:4:4,4:4:4:4:4:2:2:3:4
2:3:4:4:4:3:3:4:2:,recombination,5503.386019200118,2:3:4:4:4:2:3:4:2,4:4:4:4:4:4:3:4:4,MUTATE
4:4:4:4:4:4:3:4:4:,recombination,5781.185822406516,3:3:4:4:4:3:3:4:3,4:4:4:4:4:4:3:4:4
3:3:4:4:4:2:3:4:3:,recombination,4678.237291140662,2:2:4:4:4:3:3:4:2,4:4:4:4:4:1:1:2:4
4:4:4:4:4:0:2:3:4:,clone,5150.810559223262,4:4:4:4:4:0:2:3:4
4:4:4:4:4:1:1:3:4:,clone,4498.542992905291,4:4:4:4:4:1:2:3:4
4:3:4:4:4:3:3:4:4:,recombination,4913.580871557925,4:3:4:4:4:2:2:4:4,4:3:4:4:4:2:3:4:4
4:3:4:4:4:1:2:3:4:,clone,4507.435529059075,4:3:4:4:4:0:2:2:4
3:3:4:4:4:3:3:4:3:,clone,5042.573467420225,3:3:4:4:4:3:3:4:3
4:4:4:4:4:3:3:4:4:,clone,5241.01109488656,4:4:4:4:4:3:2:4:4
4:4:4:4:4:3:3:4:4:,clone,5133.497140509398,4:4:4:4:4:3:3:4:4
3:3:4:4:4:3:3:4:3:,recombination,4667.124952578559,4:4:4:4:4:0:1:3:4,4:3:4:4:4:3:3:4:4,MUTATE
4:3:4:4:4:1:2:3:4:,recombination,4207.041240672481,4:3:4:4:4:2:3:4:3,4:3:4:4:4:2:2:2:4
4:3:4:4:4:1:2:4:4:,recombination,4610.865686269339,4:3:4:4:4:1:2:4:4,4:4:4:4:4:2:2:2:4
4:3:4:4:4:1:2:2:4:,recombination,4207.041240672481,4:3:4:4:4:1:3:4:4,4:3:4:4:4:1:2:3:4,MUTATE
4:4:4:4:4:3:2:4:4:,recombination,4876.645267480984,4:3:4:4:4:3:3:4:4,4:4:4:4:4:1:2:4:4
3:3:4:4:4:2:3:4:3:,clone,4535.603727768071,3:3:4:4:4:3:3:4:3
3:3:4:4:4:1:2:3:3:,clone,4631.836804491887,3:3:4:4:4:1:2:3:3
3:3:4:4:4:1:2:3:3:,recombination,4493.929888704772,3:3:4:4:4:1:2:3:3,4:4:4:4:4:0:1:2:4,MUTATE
2:3:4:4:4:3:4:4:2:,clone,5823.914473837045,2:3:4:4:4:3:3:4:2
4:4:4:4:4:0:2:3:4:,recombination,4236.597674852092,4:4:4:4:4:0:1:2:4,3:3:4:4:4:1:3:4:3
2:2:4:4:4:3:4:4:2:,clone,5940.049781541608,2:3:4:4:4:3:3:4:2
2:3:4:4:4:3:3:4:2:,clone,5261.350219841386,3:3:4:4:4:3:3:4:2
4:4:4:4:4:1:2:4:4:,clone,4507.606536395237,4:4:4:4:4:1:2:4:4
4:3:4:4:4:1:2:4:4:,clone,4555.409683129517,4:4:4:4:4:1:2:4:4
0:2:4:3:0:4:4:4:0:,clone,6324.733605243684,4:4:4:4:4:1:2:2:4
4:4:4:4:4:2:2:4:4:,clone,4611.343023472198,4:4:4:4:4:2:2:4:4
2:2:4:4:4:4:4:4:2:,clone,5572.274344556453,2:3:4:4:4:3:3:4:2
4:4:4:4:4:0:0:2:4:,recombination,5210.929601975616,4:4:4:4:4:0:0:2:4,4:4:4:4:4:3:3:4:4
4:3:4:4:4:1:3:4:4:,recombination,4770.607826208825,3:3:4:4:4:1:3:4:3,4:4:4:4:4:3:2:4:4
4:4:4:4:4:0:0:2:4:,clone,5210.929601975615,4:4:4:4:4:0:0:2:4
3:3:4:4:4:4:4:4:3:,recombination,5876.979705798478,4:3:4:4:4:4:3:4:4,4:3:4:4:4:2:3:4:4
2:2:4:4:4:4:4:4:2:,recombination,5484.569246878443,3:3:4:4:4:3:3:4:3,2:3:4:4:4:3:3:4:2
3:3:4:4:4:4:4:4:2:,recombination,5876.6274978107085,3:3:4:4:4:2:3:4:3,2:3:4:4:4:3:3:4:2,MUTATE
4:3:4:4:4:4:4:4:3:,recombination,5478.834818275209,3:3:4:4:4:4:4:4:3,4:4:4:4:4:1:1:3:4
4:4:4:4:4:0:0:2:4:,clone,5190.12397892869,4:4:4:4:4:0:0:2:4
3:3:4:4:4:2:2:3:3:,recombination,4706.884705346346,3:3:4:4:4:1:2:3:3,3:3:4:4:4:2:3:2:3
3:3:4:4:4:2:3:3:3:,clone,5331.044226841015,4:3:4:4:4:2:3:3:4
4:3:4:4:4:2:3:2:4:,recombination,5482.059875626967,4:4:4:4:4:3:2:4:4,4:4:4:4:4:2:3:2:4,MUTATE
3:3:4:4:4:3:4:4:2:,recombination,5451.92347865126,4:4:4:4:4:1:1:3:4,4:3:4:4:4:4:3:4:3,MUTATE
2:2:4:4:4:3:4:4:2:,clone,5640.561432445659,2:3:4:4:4:3:4:4:2
4:4:4:4:4:0:0:0:4:,recombination,4898.130572273753,4:3:4:4:4:1:1:2:4,4:4:4:4:4:0:0:0:4,MUTATE
4:4:4:4:4:2:2:4:4:,recombination,4463.823183364691,4:3:4:4:4:3:3:4:4,3:3:4:4:4:1:3:4:3,MUTATE
3:3:4:4:4:4:3:4:3:,recombination,5809.9151922327555,3:3:4:4:4:4:4:4:2,3:3:4:4:4:4:3:4:3,MUTATE
4:4:4:4:4:1:2:4:4:,recombination,4467.890364102219,4:4:4:4:4:1:1:4:4,3:3:4:4:4:2:3:4:3
4:3:4:4:4:2:2:4:4:,recombination,4599.604524700211,3:3:4:4:4:3:3:4:3,4:3:4:4:4:3:2:4:4
4:4:4:4:4:0:1:2:4:,clone,4092.4071832475433,4:4:4:4:4:0:1:2:4
4:4:4:4:4:1:1:4:4:,recombination,4686.533673833097,3:3:4:4:4:2:2:3:3,4:4:4:4:4:1:1:4:4
3:3:4:4:4:3:3:4:3:,recombination,4626.790199156727,2:3:4:4:4:4:4:4:2,3:3:4:4:4:2:3:4:3
2:2:4:4:4:4:4:4:1:,clone,5596.859970794316,2:2:4:4:4:4:4:4:2
3:3:4:4:4:2:2:4:3:,clone,4863.87441760968,3:3:4:4:4:2:2:3:3
4:4:4:4:4:0:1:1:4:,recombination,4188.670457827515,4:3:4:4:4:1:1:2:4,4:4:4:4:4:0:1:2:4
4:3:4:4:4:2:2:4:4:,clone,4576.786061566078,4:3:4:4:4:2:2:3:4
4:4:4:4:4:0:1:0:4:,clone,4906.7852181608505,4:4:4:4:4:0:1:0:4
3:3:4:4:4:4:4:4:3:,recombination,5589.2750364755475,3:3:4:4:4:4:4:4:3,4:4:4:4:4:1:1:3:4
1:2:4:4:1:4:4:4:0:,recombination,6195.131853321237,4:4:4:4:4:3:2:4:4,0:2:4:3:0:4:4:4:0
4:4:4:4:4:0:0:1:4:,recombination,4377.913476595993,4:4:4:4:4:0:0:1:4,4:3:4:4:4:2:2:4:4,MUTATE
4:3:4:4:4:2:2:4:4:,clone,4333.745580240347,4:4:4:4:4:2:2:4:4
4:3:4:4:4:2:3:4:4:,recombination,5048.435050489079,4:4:4:4:4:2:3:4:4,4:3:4:4:4:3:3:4:3,MUTATE
4:4:4:4:4:0:1:3:4:,recombination,4232.022198679465,4:4:4:4:4:0:2:3:4,4:4:4:4:4:2:3:4:4,MUTATE
4:4:4:4:4:0:1:2:4:,clone,4078.8660056441663,4:4:4:4:4:0:1:2:4
4:4:4:4:4:0:0:3:4:,clone,5336.100043901221,4:4:4:4:4:0:0:2:4
3:3:4:4:4:1:3:3:3:,recombination,5664.919034149553,4:3:4:4:4:1:2:2:4,3:3:4:4:4:1:3:3:3
2:3:4:4:4:4:4:4:2:,recombination,5718.194780218155,4:4:4:4:4:3:3:4:4,2:3:4:4:4:3:3:4:2
4:3:4:4:4:2:3:4:4:,clone,4859.122815992112,4:3:4:4:4:2:3:4:4
4:4:4:4:4:1:2:2:4:,clone,4439.915925575596,4:4:4:4:4:0:1:2:4
4:3:4:4:4:1:3:3:4:,clone,4920.55704953847,4:3:4:4:4:1:2:3:4
2:2:4:4:4:2:3:4:2:,recombination,5244.666869655427,4:3:4:4:4:1:2:4:4,3:3:4:4:4:3:3:3:3,MUTATE
3:3:4:4:4:2:3:2:3:,recombination,4962.776576669838,3:3:4:4:4:4:4:4:2,3:3:4:4:4:2:2:1:4,MUTATE
2:2:4:4:4:2:3:4:2:,clone,5227.197211419837,2:2:4:4:4:2:3:4:2
4:3:4:4:4:3:3:4:4:,recombination,4884.338185836018,4:3:4:4:4:3:3:4:4,4:3:4:4:4:2:2:3:4
2:2:4:4:4:4:3:4:2:,clone,5093.676372282706,2:2:4:4:4:4:4:4:2
4:3:4:4:4:3:2:4:4:,clone,4900.679103920282,4:3:4:4:4:3:2:4:4
4:4:4:4:4:0:1:0:4:,clone,4743.661108399609,4:4:4:4:4:0:1:0:4
4:4:4:4:4:2:3:4:4:,clone,4988.077102913194,4:4:4:4:4:2:2:4:4
3:3:4:4:4:3:3:4:2:,clone,5056.724482894162,2:2:4:4:4:4:3:4:2
4:4:4:4:4:1:1:2:4:,clone,4520.731305377808,4:4:4:4:4:1:1:1:4
1:2:4:4:1:4:4:4:0:,recombination,6067.55545803089,0:2:4:3:0:4:4:4:0,3:3:4:4:4:4:4:4:3
4:3:4:4:4:0:2:3:4:,recombination,4208.708905761787,4:3:4:4:4:1:3:4:4,4:4:4:4:4:1:1:2:4
4:3:4:4:4:1:2:4:4:,recombination,4405.622561550798,4:4:4:4:4:4:3:4:4,4:3:4:4:4:1:2:3:4
3:3:4:4:4:3:3:4:3:,recombination,4471.170105973474,4:4:4:4:4:1:1:2:4,3:3:4:4:4:3:3:4:2,MUTATE
4:3:4:4:4:2:3:3:4:,clone,5240.6162842411295,3:3:4:4:4:2:3:4:3
3:3:4:4:4:4:4:4:2:,recombination,5754.1029647829955,4:4:4:4:4:1:3:4:4,4:3:4:4:4:4:3:4:3
3:3:4:4:4:2:2:4:3:,recombination,4605.550320839099,4:4:4:4:4:3:2:4:4,3:3:4:4:4:2:3:3:3
2:2:4:4:4:4:4:4:2:,clone,5248.983956690705,3:3:4:4:4:3:3:4:2
2:2:4:4:4:3:4:4:1:,recombination,5088.550856777834,3:3:4:4:4:3:3:4:3,1:2:4:4:1:4:4:4:0,MUTATE
4:4:4:4:4:0:0:3:4:,clone,5216.344847841747,4:4:4:4:4:0:0:3:4
4:3:4:4:4:2:3:4:4:,clone,4767.481424704107,4:3:4:4:4:2:3:4:4
4:4:4:4:4:1:3:4:4:,clone,5155.667671001196,4:3:4:4:4:1:3:4:4
4:3:4:4:4:2:2:3:4:,clone,4450.47480481809,4:3:4:4:4:2:2:4:4
4:4:4:4:4:0:0:1:4:,clone,4194.939726191799,4:4:4:4:4:0:0:1:4
3:3:4:4:4:4:3:4:3:,recombination,5596.413615821833,4:3:4:4:4:3:3:4:4,2:2:4:4:4:4:4:4:2,MUTATE
3:2:4:4:4:4:4:4:2:,recombination,5574.424523912536,2:3:4:4:4:3:3:4:2,2:2:4:4:4:4:4:4:2,MUTATE
3:3:4:4:4:2:2:4:3:,recombination,4361.21183095375,2:2:4:4:4:2:3:4:2,3:3:4:4:4:3:3:4:3
3:3:4:4:4:3:4:4:2:,recombination,5087.620255681462,3:3:4:4:4:3:3:4:3,4:3:4:4:4:1:3:4:4
2:2:4:4:4:4:4:4:1:,recombination,5585.97916329341,2:3:4:4:4:2:3:4:2,3:3:4:4:4:4:4:4:2
2:3:4:4:4:3:4:4:2:,recombination,5616.929966330305,3:3:4:4:4:4:3:4:3,4:3:4:4:4:1:2:2:4,MUTATE
3:3:4:4:4:3:3:4:2:,recombination,4834.310439115716,3:3:4:4:4:3:3:4:2,4:3:4:4:4:3:3:4:4,MUTATE
3:3:4:4:4:2:3:4:2:,recombination,5557.659236776708,4:3:4:4:4:1:3:4:4,2:2:4:4:4:2:3:4:2
4:4:4:4:4:2:1:4:4:,clone,4715.424193053063,4:4:4:4:4:2:2:4:4
3:3:4:4:4:1:3:3:3:,recombination,5536.492605135034,3:3:4:4:4:1:3:3:3,3:3:4:4:4:2:2:3:3
3:2:4:4:4:3:4:4:2:,recombination,5865.407573064064,4:4:4:4:4:1:3:4:4,4:3:4:4:4:1:2:4:4,MUTATE
4:3:4:4:4:4:3:4:3:,recombination,5623.841252659754,4:4:4:4:4:4:3:4:4,3:3:4:4:4:2:3:4:3,MUTATE
2:3:4:4:4:2:3:4:2:,recombination,4897.962405773622,2:2:4:4:4:3:4:4:1,4:4:4:4:4:2:3:2:4
4:4:4:4:4:2:2:3:4:,recombination,4705.923798311688,3:3:4:4:4:2:2:3:3,4:4:4:4:4:2:1:2:4,MUTATE
4:4:4:4:4:0:0:0:4:,clone,4058.7213617969255,4:4:4:4:4:0:0:1:4
3:3:4:4:4:3:4:4:2:,clone,5063.070575047897,3:3:4:4:4:3:4:4:2
3:3:4:4:4:4:3:4:3:,recombination,5283.475475733561,4:3:4:4:4:2:3:4:4,4:4:4:4:4:4:3:4:4
2:3:4:4:4:1:2:4:2:,clone,5501.536228978171,2:2:4:4:4:2:3:4:2
2:2:4:4:3:4:4:4:1:,recombination,5755.419371086887,4:4:4:4:4:3:2:4:4,3:3:4:4:4:2:3:4:3,MUTATE
2:2:4:4:4:2:3:4:2:,clone,4795.928691345078,2:2:4:4:4:2:3:4:2
2:2:4:4:4:3:3:4:1:,recombination,5498.008680848604,3:3:4:4:4:4:3:4:3,2:2:4:4:4:3:4:4:2,MUTATE
3:3:4:4:4:4:3:4:2:,clone,5357.455017006452,3:3:4:4:4:3:3:4:3
3:3:4:4:4:1:3:2:3:,clone,5550.290926139357,3:3:4:4:4:1:3:3:3
3:3:4:4:4:3:4:4:2:,clone,4988.114427337967,3:3:4:4:4:2:3:4:3
2:3:4:4:4:2:3:4:2:,clone,4395.764438135796,2:3:4:4:4:2:3:4:2
2:2:4:4:4:3:4:4:1:,recombination,4972.328375427559,4:3:4:4:4:2:3:3:4,3:3:4:4:4:3:4:4:2
2:2:4:4:4:3:4:4:2:,recombination,5110.5803972618905,4:4:4:4:4:1:3:4:4,3:3:4:4:4:4:4:4:2
2:2:4:4:4:2:2:4:2:,recombination,4322.684295813354,2:3:4:4:4:2:3:4:2,4:4:4:4:4:2:2:4:4,MUTATE
2:2:4:4:4:3:3:4:2:,recombination,4947.2786213697555,2:2:4:4:4:3:4:4:2,2:3:4:4:4:2:3:4:2,MUTATE
2:3:4:4:4:1:3:4:2:,recombination,5523.078814630605,2:3:4:4:4:1:3:4:2,4:4:4:4:4:2:2:2:4,MUTATE
2:2:4:4:4:2:4:4:2:,recombination,6372.197484111384,2:3:4:4:4:1:3:4:2,3:3:4:4:4:4:4:4:2
2:3:4:4:4:3:3:4:2:,clone,4791.049429848846,2:2:4:4:4:3:4:4:1
2:2:4:4:4:3:4:4:2:,clone,5075.7927828093325,2:2:4:4:4:3:4:4:2
2:2:4:4:4:4:4:4:1:,recombination,5166.359370805587,4:3:4:4:4:1:3:4:4,2:3:4:4:4:4:4:4:2
3:3:4:4:4:4:4:4:2:,recombination,5518.9163028822895,2:2:4:4:4:3:3:4:1,3:3:4:4:4:4:3:4:3
3:2:4:4:4:3:3:4:2:,clone,4580.983002211133,3:3:4:4:4:3:3:4:2
3:3:4:4:4:4:4:4:2:,recombination,5352.439677687675,4:4:4:4:4:1:1:4:4,3:3:4:4:4:4:4:4:2
4:3:4:4:4:2:2:2:4:,clone,5086.364978790691,3:3:4:4:4:2:3:2:3
1:2:4:4:3:4:4:4:1:,clone,5544.085205631399,2:2:4:4:4:3:4:4:1
2:2:4:4:2:4:4:4:1:,recombination,5716.133980073964,4:3:4:4:4:2:3:4:4,3:3:4:4:4:4:4:4:3,MUTATE
2:3:4:4:4:3:3:4:2:,clone,4659.555364595904,2:3:4:4:4:3:3:4:2
1:2:4:3:0:4:4:4:0:,recombination,6250.647776634343,4:3:4:4:4:3:3:4:4,3:3:4:4:4:2:3:4:3
4:4:4:4:4:4:3:4:4:,clone,5766.683154683309,4:3:4:4:4:4:3:4:4
2:3:4:4:4:4:4:4:2:,clone,5660.387583199035,2:2:4:4:4:4:4:4:2
2:2:4:4:3:4:4:4:1:,clone,5522.089977528147,2:2:4:4:4:4:4:4:2
3:3:4:4:4:3:3:4:2:,clone,4492.81109170905,3:3:4:4:4:3:3:4:2
1:2:4:4:4:3:4:4:0:,clone,5460.558593195913,1:2:4:4:4:3:4:4:0
3:3:4:4:4:4:4:4:3:,clone,5422.307908711278,3:3:4:4:4:4:4:4:3
3:2:4:4:4:2:3:4:2:,recombination,5175.03914523261,2:2:4:4:4:2:3:4:2,4:4:4:4:4:2:2:3:4,MUTATE
1:2:4:4:3:4:4:4:1:,clone,5352.630608658084,1:2:4:4:3:4:4:4:1
1:2:4:4:2:4:4:4:1:,recombination,5853.143525417325,4:3:4:4:4:2:3:4:4,4:4:4:4:4:3:2:4:4,MUTATE
2:2:4:4:3:3:4:4:1:,recombination,6082.307976292364,3:3:4:4:4:1:3:3:3,4:3:4:4:4:3:3:4:4,MUTATE
4:4:4:4:4:0:0:1:4:,clone,4075.489769559362,4:4:4:4:4:0:0:1:4
2:3:4:4:4:3:3:4:2:,clone,4411.504815076594,2:3:4:4:4:3:3:4:2
4:4:4:4:4:2:1:3:4:,recombination,4259.8481883365885,2:3:4:4:4:3:3:4:2,4:4:4:4:4:0:0:0:4,MUTATE
3:3:4:4:4:2:3:4:3:,clone,4363.7016683423135,3:3:4:4:4:2:3:4:3
4:3:4:4:4:1:3:2:4:,clone,5616.29123602351,3:3:4:4:4:1:3:2:3
4:3:4:4:4:2:2:2:4:,clone,4854.027692493416,4:4:4:4:4:2:2:2:4
4:3:4:4:4:2:3:4:4:,recombination,4700.912391283062,3:3:4:4:4:3:3:4:2,4:3:4:4:4:1:2:4:4,MUTATE
3:3:4:4:4:2:3:4:2:,recombination,5228.531911462083,3:2:4:4:4:2:3:4:2,4:4:4:4:4:0:1:2:4,MUTATE
2:2:4:4:3:3:4:4:1:,recombination,5398.200046316668,2:2:4:4:3:4:4:4:1,4:4:4:4:4:1:1:4:4
1:2:4:4:2:4:4:4:1:,recombination,5499.797701669658,3:3:4:4:4:2:2:3:3,2:2:4:4:4:3:4:4:2,MUTATE
1:2:4:4:3:3:4:4:1:,recombination,5546.491677967709,4:3:4:4:4:3:3:4:4,1:2:4:4:2:4:4:4:1
4:4:4:4:4:0:1:1:4:,clone,4075.489769559362,4:4:4:4:4:0:1:1:4
3:3:4:4:4:3:3:4:2:,recombination,4471.170105973474,3:3:4:4:4:3:3:4:2,3:3:4:4:4:3:3:4:2
1:2:4:3:0:4:4:4:0:,recombination,5680.914701370614,3:3:4:4:4:4:3:4:3,2:2:4:4:4:3:4:4:2
2:2:4:4:4:2:3:4:2:,recombination,4545.096950550948,4:3:4:4:4:2:3:4:4,4:4:4:4:4:1:3:4:4
2:2:4:4:4:3:3:4:2:,clone,4937.099561762594,2:2:4:4:4:4:4:4:2
3:3:4:4:4:1:2:4:3:,recombination,4824.711439088384,2:2:4:4:4:2:3:4:2,3:3:4:4:4:2:2:3:3
1:2:4:4:1:4:4:4:0:,recombination,5633.605020670414,2:2:4:4:4:3:3:4:2,4:4:4:4:4:2:2:4:4
4:4:4:4:4:2:2:3:4:,recombination,4015.219986136659,4:4:4:4:4:2:2:3:4,4:4:4:4:4:2:1:3:4
2:3:4:4:4:1:2:4:2:,recombination,4471.389685601922,4:3:4:4:4:2:2:4:4,4:4:4:4:4:1:1:1:4,MUTATE
2:2:4:4:3:4:4:4:1:,clone,5326.3423672327435,2:2:4:4:3:4:4:4:1
4:4:4:4:4:2:2:4:4:,clone,4308.2101995792,4:4:4:4:4:2:2:4:4
4:4:4:4:4:2:2:4:4:,clone,4299.242249246076,4:4:4:4:4:2:2:4:4
4:3:4:4:4:1:1:3:4:,clone,4247.4029182116665,4:4:4:4:4:0:1:2:4
3:3:4:4:4:2:3:4:3:,recombination,4327.3344264075995,4:4:4:4:4:0:0:0:4,4:4:4:4:4:2:3:4:4
2:2:4:4:4:2:3:4:2:,recombination,4541.144228204164,2:2:4:4:4:2:3:4:2,4:4:4:4:4:1:3:4:4,MUTATE
4:3:4:4:4:3:2:4:4:,recombination,4647.72393145173,3:3:4:4:4:2:2:4:3,4:4:4:4:4:0:1:2:4
4:4:4:4:4:1:1:2:4:,clone,4515.5361981983915,4:4:4:4:4:1:1:2:4
2:2:4:4:4:2:4:4:1:,recombination,5280.380644866106,2:2:4:4:4:3:3:4:2,3:3:4:4:4:2:3:4:2
3:3:4:4:4:2:3:4:2:,clone,4565.45045483187,3:3:4:4:4:2:3:4:3
2:2:4:4:4:3:3:4:1:,recombination,5104.396381006017,2:3:4:4:4:3:4:4:2,4:3:4:4:4:3:3:4:4,MUTATE
4:3:4:4:4:1:2:4:4:,recombination,4122.96347331817,4:4:4:4:4:0:0:3:4,4:4:4:4:4:0:1:1:4,MUTATE
0:2:4:3:0:4:4:4:0:,recombination,6108.701523825363,0:2:4:3:0:4:4:4:0,4:4:4:4:4:1:2:3:4
1:2:4:4:3:4:4:4:1:,clone,4965.772152601199,2:2:4:4:4:3:4:4:1
2:2:4:4:2:4:4:4:1:,recombination,5389.534966395361,2:3:4:4:4:3:4:4:2,4:3:4:4:4:1:3:4:4,MUTATE
1:2:4:4:3:4:4:4:1:,clone,4926.297918259773,1:2:4:4:3:4:4:4:1
2:3:4:4:4:4:4:4:2:,recombination,5500.484005182488,4:4:4:4:4:2:1:4:4,3:3:4:4:4:4:4:4:3
4:3:4:4:4:2:2:4:4:,recombination,4224.399812124558,3:3:4:4:4:2:3:4:2,3:3:4:4:4:2:3:2:3,MUTATE
3:2:4:4:4:2:3:4:2:,clone,4888.493835904974,3:3:4:4:4:2:3:4:2
2:2:4:4:4:1:3:4:2:,recombination,5058.185505575019,3:2:4:4:4:3:4:4:2,1:2:4:4:3:4:4:4:1,MUTATE
4:3:4:4:4:3:4:4:3:,clone,6565.10685137967,4:3:4:4:4:3:4:4:3
3:3:4:4:4:4:4:4:3:,recombination,5332.177354518815,4:4:4:4:4:4:3:4:4,3:3:4:4:4:4:4:4:3,MUTATE
4:4:4:4:4:3:3:4:4:,clone,4521.746850520251,4:4:4:4:4:2:2:4:4
4:4:4:4:4:1:1:2:4:,clone,4494.363292384089,4:4:4:4:4:1:1:2:4
1:2:4:4:3:4:4:4:1:,clone,4763.76687972982,1:2:4:4:3:4:4:4:1
3:3:4:4:4:4:4:4:3:,clone,5327.25391083648,3:3:4:4:4:4:4:4:3
3:3:4:4:4:3:2:4:3:,recombination,4580.943256169194,2:3:4:4:4:3:3:4:2,2:2:4:4:4:4:4:4:1,MUTATE
2:3:4:4:4:4:4:4:2:,clone,5495.560561500152,2:3:4:4:4:4:4:4:2
2:2:4:4:4:3:4:4:2:,recombination,4817.61101514977,2:3:4:4:4:3:4:4:2,4:3:4:4:4:2:3:4:4
1:2:4:4:2:4:4:4:0:,recombination,5667.833842644251,1:2:4:3:0:4:4:4:0,4:4:4:4:4:3:3:4:4
2:2:4:4:4:1:3:4:2:,clone,4895.654467045067,2:2:4:4:4:1:3:4:2
2:2:4:4:2:4:4:4:1:,clone,5297.884223505496,2:2:4:4:2:4:4:4:1
1:2:4:4:4:3:3:4:1:,clone,5159.517104618191,1:2:4:4:3:4:4:4:1
2:2:4:4:3:4:4:4:1:,recombination,5146.833462038312,2:2:4:4:3:3:4:4:1,4:4:4:4:4:3:3:4:4,MUTATE
2:2:4:4:4:3:3:4:2:,recombination,4596.797528565675,1:2:4:4:3:4:4:4:1,2:3:4:4:4:2:3:4:2,MUTATE
4:3:4:4:4:2:2:3:4:,recombination,4395.748060995508,4:3:4:4:4:2:3:4:4,4:3:4:4:4:2:3:3:4,MUTATE
2:2:4:4:2:3:4:4:1:,clone,5084.840371215426,2:2:4:4:2:4:4:4:1
2:3:4:4:4:3:4:4:2:,recombination,5130.949204894113,4:4:4:4:4:2:2:3:4,4:3:4:4:4:3:3:4:3,MUTATE
1:2:4:4:4:3:3:4:1:,clone,5026.835563118566,1:2:4:4:3:4:4:4:1
2:2:4:4:4:3:4:4:1:,clone,4971.479738681435,2:3:4:4:4:2:3:4:2
1:2:4:4:3:4:4:4:1:,clone,4583.813765311186,1:2:4:4:3:4:4:4:1
2:3:4:4:4:4:4:4:2:,recombination,5080.903321056306,4:4:4:4:4:2:2:4:4,4:4:4:4:4:3:2:4:4,MUTATE
1:2:4:4:4:3:4:4:1:,clone,4793.058809312333,1:2:4:4:4:3:4:4:1
1:2:4:4:2:4:4:4:0:,clone,5217.833284456877,1:2:4:4:2:4:4:4:0
1:2:4:4:2:4:4:4:1:,clone,5255.81474446075,1:2:4:4:2:4:4:4:1
4:3:4:4:4:4:3:4:3:,recombination,5597.362347647515,4:3:4:4:4:4:3:4:3,2:3:4:4:4:2:3:4:2,MUTATE
2:2:4:4:4:4:4:4:1:,clone,4963.468803548873,2:2:4:4:4:4:4:4:1
3:2:4:4:4:4:4:4:2:,recombination,5036.541120727363,4:3:4:4:4:1:1:3:4,2:2:4:4:3:3:4:4:1
2:3:4:4:4:4:3:4:2:,clone,6384.94669211198,2:3:4:4:4:4:4:4:2
4:3:4:4:4:3:3:4:3:,recombination,5196.970909564824,4:3:4:4:4:3:3:4:3,4:4:4:4:4:2:2:4:4,MUTATE
4:3:4:4:4:3:3:4:3:,clone,5039.98119730149,4:3:4:4:4:3:3:4:3
2:2:4:4:3:3:4:4:1:,recombination,5007.449656962332,3:3:4:4:4:4:4:4:2,4:4:4:4:4:0:2:3:4,MUTATE
1:2:4:4:2:4:4:4:1:,recombination,4990.7016134781825,1:2:4:4:1:4:4:4:0,4:4:4:4:4:1:3:4:4,MUTATE
1:2:4:3:1:4:4:4:0:,clone,5207.346771330236,1:1:4:3:1:4:4:4:0
3:3:4:4:4:4:4:4:2:,clone,5206.867667218328,3:3:4:4:4:4:4:4:2
3:3:4:4:4:2:3:3:3:,clone,5016.6834561895685,3:3:4:4:4:2:3:3:3
1:2:4:4:4:4:4:4:1:,clone,4855.397952524833,1:2:4:4:4:4:4:4:1
1:2:4:4:2:4:4:4:0:,recombination,4992.172427669377,1:2:4:4:3:4:4:4:1,3:3:4:4:4:4:4:4:2
3:3:4:4:4:2:3:3:3:,recombination,4988.582657790381,3:3:4:4:4:2:3:2:3,4:3:4:4:4:3:2:4:4
4:3:4:4:4:3:4:4:3:,clone,6471.214416328828,4:3:4:4:4:3:4:4:3
2:2:4:4:4:2:4:4:2:,recombination,5684.566718646223,3:3:4:4:4:1:3:2:3,2:2:4:4:4:4:4:4:1,MUTATE
1:2:4:4:2:3:4:4:1:,clone,5194.867032680474,1:2:4:4:2:3:4:4:1
3:3:4:4:4:4:4:4:2:,clone,5003.145435697526,2:3:4:4:4:4:4:4:2
2:2:4:4:2:4:4:4:1:,clone,5170.654727896817,1:2:4:4:2:4:4:4:1
3:3:4:4:4:4:3:4:3:,clone,5193.25204892636,3:3:4:4:4:4:4:4:2
3:3:4:4:4:4:4:4:3:,recombination,5204.172726720087,4:4:4:4:4:1:2:4:4,4:4:4:4:4:3:3:4:4
3:3:4:4:4:4:3:4:3:,clone,5193.252048926359,3:3:4:4:4:4:3:4:3
2:2:4:4:4:4:4:4:2:,clone,5160.358752189186,2:2:4:4:4:4:4:4:2
4:3:4:4:4:3:3:4:3:,clone,4871.548928839628,4:3:4:4:4:3:3:4:3
2:2:4:4:1:4:4:4:1:,recombination,5403.416905980899,2:2:4:4:4:4:4:4:2,1:2:4:4:4:3:3:4:1
2:3:4:4:4:2:4:4:2:,recombination,4687.878889396437,3:3:4:4:4:4:4:4:2,2:2:4:4:3:3:4:4:1
2:2:4:4:2:4:4:4:1:,clone,5163.6664482069355,2:2:4:4:2:4:4:4:1
4:3:4:4:4:3:3:4:3:,clone,4858.889600946515,4:3:4:4:4:3:3:4:3
1:2:4:4:1:4:4:4:1:,recombination,6443.758051116557,4:4:4:4:4:2:1:3:4,3:3:4:4:4:2:3:4:2,MUTATE
3:2:4:4:4:2:3:4:2:,recombination,4861.33797970985,4:4:4:4:4:0:1:0:4,2:2:4:4:2:4:4:4:1
2:3:4:4:4:3:4:4:1:,clone,5953.59243897675,2:3:4:4:4:3:4:4:1
2:3:4:4:4:4:4:4:1:,recombination,6564.81130897635,4:4:4:4:4:1:3:4:4,2:3:4:4:4:4:3:4:2,MUTATE
2:3:4:4:4:3:4:4:1:,clone,5670.2767807375985,2:3:4:4:4:3:4:4:1
1:1:4:3:0:4:4:4:0:,recombination,6015.541885871509,4:3:4:4:4:4:3:4:3,1:2:4:4:2:3:4:4:1
4:3:4:4:4:3:3:4:3:,clone,4749.483042332367,3:3:4:4:4:3:3:4:3
3:2:4:4:4:3:4:4:2:,clone,5560.340988128062,3:2:4:4:4:3:4:4:2
1:2:4:4:1:4:4:4:0:,clone,5437.69238613855,1:2:4:4:1:4:4:4:0
2:2:4:4:4:2:3:4:1:,recombination,5449.531108235347,1:2:4:4:4:3:4:4:0,4:4:4:4:4:0:0:2:4
1:2:4:2:0:4:4:4:0:,recombination,5440.9120035288815,4:3:4:4:4:3:3:4:4,3:3:4:4:4:3:4:4:2,MUTATE
0:2:4:3:0:4:4:4:0:,recombination,6026.7246039092415,2:3:4:4:4:4:4:4:2,4:3:4:4:4:1:3:4:4
1:2:4:3:0:4:4:4:0:,recombination,5620.755052638489,1:2:4:4:3:3:4:4:1,3:2:4:4:4:3:4:4:2,MUTATE
1:2:4:3:0:4:4:4:0:,clone,5495.44687986535,1:2:4:3:0:4:4:4:0
4:3:4:4:4:4:3:4:3:,clone,5111.026023229201,3:3:4:4:4:4:4:4:3
1:2:4:4:1:4:4:4:1:,recombination,5730.822494692505,4:4:4:4:4:2:2:3:4,2:3:4:4:4:3:3:4:2,MUTATE
1:2:4:4:0:4:4:4:0:,recombination,6434.822112179929,1:2:4:4:1:4:4:4:0,2:2:4:4:3:3:4:4:1,MUTATE
2:2:4:4:4:2:4:4:2:,recombination,5284.761468047104,4:3:4:4:4:2:3:3:4,3:2:4:4:4:2:3:4:2
2:3:4:4:3:4:4:4:1:,clone,5843.630642645097,2:2:4:4:3:4:4:4:1
1:2:4:4:3:2:4:4:1:,clone,5172.700385241676,2:2:4:4:4:2:4:4:1
4:3:4:4:4:4:4:4:4:,clone,6545.398198497598,4:3:4:4:4:4:3:4:4
1:2:4:4:0:4:4:4:0:,recombination,6055.923997879708,4:4:4:4:4:2:2:4:4,4:3:4:4:4:3:3:4:4,MUTATE
1:1:4:2:0:4:4:4:0:,recombination,5484.310042524322,4:3:4:4:4:3:3:4:4,4:4:4:4:4:2:2:4:4,MUTATE
2:2:4:4:3:4:4:4:2:,recombination,7039.8281384843085,4:4:4:4:4:4:3:4:4,4:3:4:4:4:1:2:3:4
1:1:4:3:0:4:4:4:0:,recombination,5892.302172612907,4:4:4:4:4:2:3:3:4,1:2:4:2:0:4:4:4:0,MUTATE
2:2:4:4:3:4:4:4:2:,recombination,6941.293232043191,2:2:4:4:3:4:4:4:2,4:4:4:4:4:1:1:4:4,MUTATE
4:3:4:4:4:3:4:4:3:,recombination,6320.058770857457,4:3:4:4:4:1:3:4:4,4:4:4:4:4:1:1:3:4,MUTATE
2:3:4:4:4:4:4:4:1:,recombination,6352.242550476066,4:4:4:4:4:1:1:3:4,3:3:4:4:4:4:4:4:3
2:2:4:4:3:4:4:4:2:,clone,6921.820444521926,2:2:4:4:3:4:4:4:2
2:2:4:4:2:4:4:4:2:,recombination,6929.827154342685,4:3:4:4:4:4:4:4:3,4:4:4:4:4:1:3:4:4
1:2:4:4:1:4:4:4:0:,recombination,5307.951647203498,4:4:4:4:4:2:3:3:4,1:2:4:4:3:3:4:4:1
1:1:4:2:0:4:4:4:0:,recombination,5410.075398994037,3:3:4:4:4:2:3:4:3,1:1:4:2:0:4:4:4:0,MUTATE
2:2:4:4:3:4:4:4:2:,recombination,6132.546291535137,4:4:3:4:4:1:1:3:4,1:1:4:3:0:4:4:4:0,MUTATE
3:3:4:4:4:2:4:4:2:,clone,5962.160782843688,3:3:4:4:4:2:4:4:2
2:3:4:4:2:4:4:4:1:,recombination,6777.505595670777,4:4:4:4:4:0:1:3:4,3:3:4:4:4:4:3:4:3,MUTATE
2:3:4:4:3:4:4:4:2:,recombination,6275.595030088575,4:4:4:4:4:0:2:3:4,4:4:4:4:4:1:1:4:4
2:3:4:4:3:4:4:4:2:,recombination,6044.127969797051,4:4:4:4:4:0:2:3:4,2:2:4:4:4:4:4:4:1,MUTATE
1:1:4:2:0:4:4:4:0:,recombination,5102.299909277119,3:3:4:4:4:1:3:4:3,2:2:4:4:4:3:4:4:1
0:2:4:3:0:4:4:4:0:,recombination,5860.371055825285,1:2:4:4:3:4:4:4:1,3:3:4:4:4:3:4:4:2,MUTATE
0:2:4:3:0:4:4:4:0:,recombination,5838.059959083564,2:2:4:4:4:2:3:4:2,2:3:4:4:4:2:3:4:2,MUTATE
1:2:4:3:0:4:4:4:0:,recombination,5407.249448010292,4:4:4:4:4:3:3:4:4,4:4:4:4:4:0:2:3:4,MUTATE
1:1:4:3:0:4:4:4:0:,recombination,5744.0776879361665,2:2:4:4:4:2:3:4:2,3:3:4:4:4:4:3:4:3,MUTATE
1:1:4:2:0:4:4:4:0:,clone,4964.471643460537,1:1:4:2:0:4:4:4:0
1:2:4:4:1:4:4:4:0:,clone,5294.449639642321,1:2:4:4:1:4:4:4:0
1:2:4:3:0:4:4:4:1:,recombination,6126.787629819512,4:4:4:4:4:4:3:4:4,4:3:4:4:4:1:2:4:4,MUTATE
2:3:4:4:3:4:4:4:2:,recombination,6029.418529403625,4:4:4:4:4:0:1:3:4,4:4:4:4:4:1:2:4:4,MUTATE
1:2:4:4:1:4:4:4:0:,recombination,5279.9475395348745,2:2:4:4:4:3:3:4:1,2:3:4:4:4:1:3:4:2,MUTATE
2:3:4:4:3:4:4:4:2:,clone,5969.746761721745,2:3:4:4:3:4:4:4:2
1:2:4:2:0:4:4:4:0:,recombination,5273.591717911354,2:2:4:4:2:4:4:4:1,4:4:4:4:4:3:3:4:4,MUTATE
1:2:4:4:2:3:4:4:0:,recombination,5984.994219330421,4:4:4:4:4:2:2:4:4,1:2:4:4:4:3:4:4:0
2:3:4:4:4:4:3:4:2:,recombination,6107.871288817495,2:3:4:4:4:4:3:4:2,2:3:4:4:4:3:4:4:1
2:3:4:4:4:4:3:4:2:,clone,6064.4323470186255,2:3:4:4:4:4:3:4:2
4:3:4:4:4:0:1:2:4:,clone,5252.869055488611,4:4:4:4:4:0:1:2:4
2:2:4:4:4:3:4:4:1:,clone,4908.1396927051355,2:2:4:4:4:4:4:4:1
2:2:4:4:2:4:4:4:1:,recombination,5109.444000298012,3:3:4:4:4:3:3:4:3,4:3:4:4:4:3:4:4:3
2:3:4:4:4:4:4:4:1:,recombination,5915.619609532686,4:4:4:4:4:3:3:4:4,4:3:4:4:4:2:2:4:4,MUTATE
2:2:4:4:4:4:4:4:2:,recombination,4966.167272647391,4:3:4:4:4:3:2:4:4,4:3:4:4:4:3:3:4:3
2:2:4:4:3:4:4:4:1:,recombination,4828.479503031612,4:4:4:4:4:1:1:3:4,4:3:4:4:4:3:3:4:3
1:2:4:3:1:4:4:4:0:,recombination,5164.359835215757,3:3:4:4:4:4:4:4:3,2:2:4:4:4:2:3:4:2
1:1:4:3:0:4:4:4:0:,clone,5727.7276674524355,1:2:4:3:0:4:4:4:0
2:3:4:4:4:4:3:4:2:,clone,5883.913576840386,2:3:4:4:4:4:3:4:2
2:2:4:4:4:2:3:4:1:,clone,4623.909392618689,2:2:4:4:4:3:3:4:1
1:2:4:4:3:3:4:4:1:,clone,5228.914542472152,2:2:4:4:4:3:4:4:1
2:2:4:3:1:4:4:4:1:,recombination,5323.661957907679,4:4:4:4:4:0:1:2:4,2:2:4:4:4:2:3:4:2,MUTATE
1:2:4:4:3:4:4:4:0:,recombination,5397.408456900953,3:3:4:4:4:4:4:4:2,2:2:4:4:4:2:3:4:1,MUTATE
1:2:4:4:3:3:4:4:1:,recombination,4937.453687595578,4:3:4:4:4:1:2:4:4,1:2:4:4:4:4:4:4:1
1:2:4:4:1:4:4:4:0:,clone,5163.86009855457,1:2:4:4:1:4:4:4:0
2:2:4:4:2:4:4:4:1:,clone,4919.759486233199,2:2:4:4:2:4:4:4:1
2:2:4:4:4:3:4:4:1:,recombination,4883.69046935513,4:3:4:4:4:1:1:2:4,4:4:4:4:4:0:0:1:4,MUTATE
2:2:4:4:4:2:4:4:1:,recombination,5060.272351012658,2:2:4:4:4:2:3:4:1,4:3:4:4:4:3:3:4:4
2:3:4:4:2:4:4:4:1:,recombination,6508.9150848545505,4:4:4:4:4:0:1:2:4,2:2:4:4:4:3:3:4:2,MUTATE
2:2:4:4:3:3:4:4:1:,recombination,4960.834201342293,4:3:4:4:4:3:3:4:3,3:3:4:4:4:2:3:4:3
0:2:4:3:0:4:4:4:0:,clone,5755.052198706564,0:2:4:3:0:4:4:4:0
0:2:4:2:0:4:4:4:0:,recombination,5600.537854259118,3:3:4:4:4:4:4:4:3,3:3:4:4:4:4:3:4:3
1:2:4:4:1:4:4:4:0:,recombination,5126.015359242626,0:2:4:3:0:4:4:4:0,2:2:4:4:4:4:4:4:2
4:3:4:4:4:0:1:2:4:,recombination,5234.445487394943,4:4:4:4:4:2:2:4:4,4:3:4:4:4:0:1:2:4,MUTATE
2:2:4:4:4:3:4:4:1:,recombination,4842.294054673358,2:2:4:4:4:3:4:4:1,2:2:4:4:3:3:4:4:1
1:2:4:4:4:4:4:4:1:,recombination,4818.565633701529,4:4:4:4:4:1:1:3:4,3:3:4:4:4:2:3:2:3,MUTATE
1:1:4:3:0:4:4:4:0:,recombination,5709.319277653159,1:2:4:4:1:4:4:4:0,2:2:4:4:4:4:4:4:1,MUTATE
0:1:4:3:0:4:4:4:0:,clone,6796.807303954868,0:1:4:3:0:4:4:4:0
0:2:4:2:0:4:4:4:0:,clone,5569.643838193006,0:2:4:2:0:4:4:4:0
1:1:4:4:0:4:4:4:0:,recombination,6249.314069985466,3:3:4:4:4:2:3:4:3,4:4:4:4:4:1:2:4:4,MUTATE
0:1:4:3:0:4:4:4:0:,recombination,6164.9408476886465,2:3:4:4:4:3:4:4:1,3:3:4:4:4:3:3:4:2
1:1:4:3:0:4:4:4:0:,recombination,5690.21217505651,1:1:4:3:0:4:4:4:0,1:2:4:4:1:4:4:4:1
1:2:4:4:0:4:4:4:1:,clone,6475.955547250578,1:2:4:4:0:4:4:4:1
1:2:4:2:0:4:4:4:0:,clone,5271.205064422048,1:2:4:2:0:4:4:4:0
1:1:4:4:1:4:4:4:0:,clone,5764.167074978427,1:2:4:4:1:4:4:4:0
1:2:4:4:2:3:4:4:0:,recombination,5968.436406561381,4:3:4:4:4:4:3:4:3,2:3:4:4:4:4:4:4:2,MUTATE
1:2:4:2:0:4:4:4:0:,recombination,5257.313670406589,1:2:4:2:0:4:4:4:0,2:2:4:4:4:3:3:4:2
0:1:4:2:0:4:4:4:0:,clone,5626.417653877205,0:1:4:2:0:4:4:4:0
2:2:4:3:0:4:4:4:1:,recombination,6128.938221983798,4:3:4:4:4:4:3:4:4,4:4:4:4:4:3:3:4:4
2:2:4:4:0:4:4:4:1:,clone,6633.868879018447,2:2:4:4:0:4:4:4:1
2:2:4:4:0:4:4:4:1:,recombination,6510.7286580521895,1:2:4:3:0:4:4:4:1,1:2:4:3:1:4:4:4:0,MUTATE
3:3:4:4:3:4:4:4:2:,recombination,6142.935437829232,2:2:4:4:3:4:4:4:2,4:3:4:4:4:3:3:4:3,MUTATE
4:3:4:4:4:0:1:2:4:,clone,5051.093500487676,4:3:4:4:4:0:1:2:4
2:2:4:4:0:4:4:4:1:,recombination,6380.303990878807,2:2:4:4:0:4:4:4:1,2:2:4:4:4:4:4:4:2
0:2:4:2:0:4:4:4:0:,clone,5529.281334824712,0:2:4:2:0:4:4:4:0
2:2:4:3:1:4:4:4:1:,recombination,5319.125903149062,4:4:4:4:4:1:2:2:4,4:4:4:4:4:2:2:3:4,MUTATE
3:2:4:4:4:3:4:4:2:,clone,5528.600758373567,3:2:4:4:4:3:4:4:2
2:2:4:4:2:4:4:4:2:,recombination,6198.468285536123,2:2:4:4:0:4:4:4:1,3:3:4:4:4:3:4:4:2,MUTATE
4:4:4:4:4:1:0:1:4:,clone,5317.746050028632,4:4:4:4:4:1:0:1:4
2:2:4:4:3:4:4:4:2:,recombination,5882.41026049268,2:2:4:4:3:4:4:4:2,1:2:4:4:3:4:4:4:1
4:4:4:4:4:2:1:2:4:,clone,5308.778099695508,4:4:4:4:4:2:1:2:4
4:3:4:4:4:4:3:4:4:,recombination,5549.165597842673,3:3:4:4:4:4:3:4:3,4:4:3:4:4:2:1:4:4
3:3:4:4:4:3:4:4:2:,recombination,4611.89415463526,1:1:4:3:0:4:4:4:0,2:2:4:4:4:3:4:4:2
3:3:4:4:4:3:4:4:3:,recombination,5489.0592297723015,1:2:4:4:0:4:4:4:1,4:4:4:4:4:2:2:3:4,MUTATE
4:4:4:4:4:2:3:4:4:,recombination,4937.094618287649,3:3:4:4:4:4:4:4:2,3:3:4:4:4:2:3:2:3
1:2:4:4:0:4:4:4:1:,clone,6443.709301976117,1:2:4:4:0:4:4:4:1
3:2:4:4:4:3:4:4:2:,recombination,5471.193366778883,0:2:4:3:0:4:4:4:0,3:3:4:4:4:3:4:4:3
3:2:4:4:4:3:4:4:2:,recombination,5448.466396020299,3:3:4:4:4:3:4:4:2,4:3:4:4:4:4:3:4:4
2:2:4:4:3:3:4:4:2:,recombination,6770.246204155258,2:2:4:4:0:4:4:4:1,2:2:4:4:4:3:3:4:1
4:3:4:4:4:0:1:3:4:,clone,5083.7899225973215,4:3:4:4:4:0:1:3:4
2:2:4:4:3:4:4:4:2:,recombination,5833.3610224593995,4:4:4:4:4:1:1:2:4,1:2:4:4:4:3:3:4:1,MUTATE
4:3:4:4:4:4:3:4:4:,recombination,5236.837272288003,4:3:4:4:4:2:2:4:4,4:3:4:4:4:2:2:3:4
2:2:4:3:0:4:4:4:1:,recombination,5870.204213353433,4:4:4:4:4:1:1:2:4,4:3:4:4:4:3:3:4:4,MUTATE
4:3:4:4:4:4:4:4:4:,clone,6476.971494022171,4:3:4:4:4:4:4:4:4
2:3:4:4:4:4:4:4:1:,recombination,5238.981426193153,3:2:4:4:4:3:4:4:2,4:3:4:4:4:2:2:4:4
2:3:4:4:4:4:4:4:1:,clone,5238.981426193152,2:3:4:4:4:4:4:4:1
1:2:4:4:0:4:4:4:1:,clone,6271.655032791377,1:2:4:4:0:4:4:4:1
3:3:4:4:4:4:3:4:2:,recombination,5272.151240998583,4:4:4:4:4:2:3:4:4,2:3:4:4:4:3:3:4:2,MUTATE
1:1:4:4:1:4:4:4:0:,clone,5569.669187265828,1:2:4:4:1:4:4:4:0
1:2:4:4:0:4:4:4:0:,clone,6022.421692760337,1:2:4:3:0:4:4:4:0
1:2:4:4:1:4:4:4:1:,recombination,5496.59936264094,3:3:4:4:4:2:2:2:3,2:3:4:4:4:3:4:4:1
1:2:4:3:0:4:4:4:1:,recombination,5603.861774512694,2:2:4:4:2:4:4:4:2,2:2:4:4:4:2:3:4:2,MUTATE
0:2:4:2:0:4:4:4:0:,clone,5406.571637353023,0:2:4:2:0:4:4:4:0
1:2:4:4:2:4:4:4:0:,clone,4961.117823642199,1:2:4:4:2:4:4:4:0
4:4:4:4:4:2:1:2:4:,recombination,5152.530259958768,1:2:4:3:0:4:4:4:1,4:3:4:4:4:2:2:3:4,MUTATE
1:2:4:3:0:4:4:4:0:,recombination,5252.148307677597,4:4:4:4:4:0:0:1:4,3:2:4:4:4:3:4:4:2,MUTATE
2:2:4:4:0:4:4:4:1:,recombination,6302.3530414070465,1:2:4:3:0:4:4:4:1,3:3:4:4:4:4:4:4:3,MUTATE
2:2:4:4:0:4:4:4:1:,clone,6274.6214363369945,2:2:4:4:0:4:4:4:1
2:3:4:4:4:4:3:4:2:,clone,5151.80861468404,2:3:4:4:4:4:3:4:2
1:2:4:4:1:4:4:4:0:,clone,5115.463386221763,1:2:4:4:1:4:4:4:0
1:2:4:3:1:4:4:4:0:,recombination,5037.122869786569,0:2:4:3:0:4:4:4:0,3:3:4:4:4:3:4:4:2
2:3:4:4:2:4:4:4:2:,recombination,6597.988833421011,4:3:4:4:4:4:4:4:3,2:3:4:4:4:1:3:4:2,MUTATE
0:2:4:2:0:4:4:4:0:,clone,5037.122869786569,0:2:4:2:0:4:4:4:0
4:4:4:4:4:4:3:4:4:,recombination,5508.048390000718,4:4:4:4:4:2:1:2:4,4:3:4:4:4:2:3:4:4,MUTATE
3:2:4:4:3:4:4:4:2:,clone,5331.412094617396,3:2:4:4:3:4:4:4:2
1:2:4:3:0:4:4:4:0:,clone,5225.786033033663,1:2:4:3:0:4:4:4:0
2:2:4:4:1:4:4:4:1:,recombination,5279.196823922723,1:2:4:4:4:3:3:4:1,1:2:4:3:0:4:4:4:0,MUTATE
4:4:4:4:4:0:0:2:4:,recombination,4705.975385061278,4:4:4:4:4:1:2:4:4,4:4:4:4:4:3:3:4:4
4:4:4:4:4:1:0:1:4:,clone,4864.609324277803,4:4:4:4:4:0:0:0:4
4:4:4:4:4:2:1:2:4:,recombination,5040.582486584549,2:2:4:4:2:4:4:4:1,2:3:4:4:4:3:4:4:1
4:4:4:4:4:2:3:4:4:,recombination,4784.70713078085,4:3:4:4:4:3:3:3:4,2:3:4:4:4:4:4:4:2
2:2:4:4:4:4:4:4:2:,recombination,4869.172405068599,2:2:4:4:3:4:4:4:2,0:1:4:2:0:4:4:4:0,MUTATE
4:3:4:4:4:2:3:4:3:,clone,4852.875534918221,4:3:4:4:4:2:3:4:3
3:3:4:4:4:3:4:4:3:,clone,5434.571866635608,3:3:4:4:4:3:4:4:3
4:4:4:4:4:2:3:4:4:,recombination,4777.5153667767445,4:4:4:4:4:2:2:3:4,3:3:4:4:4:2:2:4:3
4:3:4:4:4:3:3:4:4:,recombination,4820.542826944079,4:4:4:4:4:2:1:2:4,4:4:4:4:4:0:2:3:4
4:3:4:4:4:0:1:1:4:,recombination,4561.957367358382,1:2:4:4:3:4:4:4:1,4:3:4:4:4:0:1:1:4,MUTATE
1:1:4:4:1:4:4:4:0:,clone,5347.496501307174,1:2:4:4:1:4:4:4:0
3:2:4:4:4:4:3:4:2:,clone,5950.993812860767,3:3:4:4:4:4:3:4:2
2:3:4:4:3:4:4:4:1:,recombination,5575.046898647615,4:3:4:4:4:3:3:4:4,4:4:4:4:4:1:2:4:4
1:2:4:4:3:4:4:4:0:,recombination,5283.67682355011,2:2:4:4:4:3:4:4:1,1:2:4:4:3:4:4:4:1
1:2:4:4:1:4:4:4:1:,recombination,5355.250894549404,2:2:4:4:3:4:4:4:2,1:2:4:4:2:4:4:4:0
1:2:4:2:0:4:4:4:0:,recombination,5132.25382280001,4:4:4:4:4:1:2:2:4,1:2:4:3:1:4:4:4:0
1:2:4:2:0:4:4:4:0:,recombination,4947.98931504306,3:3:4:4:4:3:4:4:2,1:1:4:4:1:4:4:4:0
1:2:4:3:1:4:4:4:0:,clone,4997.441403701099,1:2:4:3:1:4:4:4:0
2:3:4:4:3:3:4:4:1:,clone,6220.312719928523,2:3:4:4:4:3:4:4:2
0:2:4:3:0:4:4:4:0:,recombination,5742.102041593359,1:2:4:4:3:4:4:4:1,4:3:4:4:4:1:3:4:4
0:1:4:3:0:4:4:4:0:,recombination,5718.326239413284,4:4:4:4:4:1:2:4:4,1:2:4:4:4:3:3:4:1,MUTATE
3:3:4:4:4:2:4:4:3:,clone,6170.046784106637,3:3:4:4:4:2:4:4:3
4:3:4:4:4:2:3:4:4:,recombination,4428.105742422616,4:4:4:4:4:0:1:4:4,1:2:4:4:1:4:4:4:1
4:3:4:4:4:3:3:4:3:,clone,4584.8288652546535,4:3:4:4:4:3:3:4:4
4:4:4:4:4:4:3:4:4:,recombination,5151.053874624256,2:3:4:4:4:4:3:4:2,4:4:3:4:4:1:1:3:4,MUTATE
2:2:4:3:0:4:4:4:1:,clone,5869.654433001455,2:2:4:3:0:4:4:4:1
2:3:4:4:4:3:4:4:2:,recombination,5128.191842312712,4:3:4:4:4:2:3:4:4,4:4:4:4:4:0:0:1:4
1:2:4:4:2:4:4:4:1:,recombination,4847.061725969706,2:3:4:4:4:4:4:4:1,2:3:4:4:2:4:4:4:2,MUTATE
2:2:4:4:4:4:4:4:1:,clone,4915.942435746845,2:2:4:4:4:4:4:4:2
2:3:4:4:4:3:4:4:2:,recombination,5100.010800235432,2:3:4:4:4:3:4:4:2,3:3:4:4:4:3:3:4:2
3:3:4:4:4:4:3:4:2:,recombination,5246.276137325024,3:3:4:4:4:4:4:4:3,4:3:4:4:4:0:1:1:4
2:3:4:4:4:3:4:4:2:,clone,4973.664804883901,2:3:4:4:4:3:4:4:2
1:1:4:4:2:4:4:4:0:,recombination,6215.4388794614815,2:2:4:4:4:3:4:4:1,4:3:4:4:4:2:3:4:4,MUTATE
1:2:4:3:0:4:4:4:0:,recombination,5214.946491537957,4:4:4:4:4:2:2:3:4,4:4:4:4:4:0:1:2:4
4:3:4:4:4:4:3:4:4:,clone,5176.349877455254,4:3:4:4:4:4:3:4:4
1:2:4:4:2:4:4:4:0:,recombination,4935.378466613311,4:4:4:4:4:3:3:4:4,2:2:4:4:4:1:3:4:2
0:2:4:3:0:4:4:4:0:,clone,5706.091780350198,0:2:4:2:0:4:4:4:0
1:1:4:2:0:4:4:4:0:,clone,4921.077465936672,0:1:4:2:0:4:4:4:0
0:2:4:2:0:4:4:4:0:,clone,4915.533383945873,1:2:4:2:0:4:4:4:0
0:1:4:2:0:4:4:4:0:,clone,5422.25253724453,0:1:4:2:0:4:4:4:0
2:2:4:4:1:4:4:4:1:,recombination,4981.693447358279,4:3:4:4:4:2:2:4:4,3:3:4:4:4:4:4:4:2,MUTATE
1:2:4:4:1:4:4:4:1:,recombination,5064.534498236349,4:3:4:4:4:2:2:4:4,3:3:4:4:4:4:4:4:2,MUTATE
1:2:4:2:0:4:4:4:0:,clone,4938.693006061008,1:2:4:2:0:4:4:4:0
2:2:4:4:1:4:4:4:1:,clone,4924.130897258659,2:2:4:4:1:4:4:4:1
4:3:4:4:4:3:4:4:3:,clone,6304.894180718287,4:3:4:4:4:2:3:4:3
1:2:4:3:0:4:4:4:0:,recombination,5104.04204324426,2:2:4:4:4:4:4:4:1,4:3:4:4:4:2:3:4:4
3:3:4:4:4:4:3:4:2:,clone,5172.4639015750145,3:3:4:4:4:4:3:4:3
4:3:4:4:4:3:4:4:3:,recombination,5871.137753678677,4:3:4:4:4:2:3:3:4,3:3:4:4:4:2:2:4:3
3:3:4:4:4:2:4:4:2:,recombination,5456.676107521423,4:3:4:4:4:3:3:3:4,4:4:4:4:4:1:3:4:4,MUTATE
1:2:4:4:3:3:4:4:0:,clone,6036.393338373736,1:2:4:4:3:3:4:4:0
3:3:4:4:4:4:3:4:3:,recombination,5069.394374328294,4:3:4:4:4:2:3:4:4,4:4:4:4:4:0:0:1:4
2:2:4:4:3:4:4:4:2:,recombination,5671.993967836745,2:2:4:4:4:2:4:4:2,4:4:4:4:4:2:1:4:4
3:2:4:4:4:3:4:4:2:,clone,5279.392937567983,3:2:4:4:4:3:4:4:2
3:3:4:4:4:4:3:4:2:,clone,4969.614688724108,3:3:4:4:4:4:3:4:2
2:2:4:4:3:4:4:4:2:,recombination,5224.846997669027,4:3:4:4:4:3:4:4:3,4:4:4:4:4:2:2:3:4
1:2:4:4:4:2:4:4:1:,recombination,5847.0977958794665,4:3:4:4:4:3:3:4:4,4:4:4:4:4:2:2:3:4
4:3:4:4:4:4:3:4:3:,clone,4977.186598965155,4:3:4:4:4:4:3:4:3
1:2:4:4:4:2:4:4:1:,recombination,5798.597205733175,4:3:4:4:4:0:1:1:4,4:4:4:4:4:1:3:4:4
2:3:4:4:3:4:4:4:2:,clone,5688.777039068593,2:3:4:4:3:4:4:4:2
3:3:4:4:4:3:4:4:3:,clone,5402.510955130824,4:3:4:4:4:3:3:4:3
3:3:4:4:4:3:4:4:3:,clone,5362.498491812615,3:3:4:4:4:3:4:4:3
3:3:4:4:4:4:3:4:3:,recombination,5030.81983184983,4:3:4:4:4:4:3:4:3,2:2:4:4:4:2:2:4:2,MUTATE
3:2:4:4:4:3:4:4:2:,clone,5144.155708203972,3:2:4:4:4:3:4:4:2
2:3:4:4:3:4:4:4:2:,clone,5603.81349542859,2:3:4:4:3:4:4:4:2
2:3:4:4:3:4:4:4:2:,clone,5567.958482739462,2:3:4:4:3:4:4:4:2
2:2:4:4:3:3:4:4:2:,recombination,6197.772723703311,2:2:4:4:3:4:4:4:2,3:3:4:4:4:2:3:3:3
1:2:4:3:1:4:4:4:1:,recombination,5757.887427897951,4:3:4:4:4:3:4:4:3,1:2:4:2:0:4:4:4:0,MUTATE
4:4:4:4:4:0:1:4:4:,clone,4736.007031377115,4:4:4:4:4:0:1:4:4
4:4:4:4:4:1:3:4:4:,clone,4780.637375079682,4:4:4:4:4:1:2:4:4
2:2:4:4:0:4:4:4:1:,clone,6032.603398137453,2:2:4:3:0:4:4:4:1
2:2:4:3:0:4:4:4:1:,clone,5833.861558654333,2:2:4:3:0:4:4:4:1
2:2:4:4:0:4:4:4:1:,clone,6021.727917789647,2:2:4:4:0:4:4:4:1
3:3:4:4:4:1:3:4:3:,recombination,4734.25251758248,3:3:4:4:4:3:4:4:2,3:3:4:4:4:2:2:4:3
2:2:4:3:0:4:4:4:1:,clone,5632.413666789995,2:2:4:3:0:4:4:4:1
2:2:4:4:0:4:4:4:1:,recombination,6016.804474107312,2:2:4:4:4:2:3:4:1,2:2:4:3:0:4:4:4:1,MUTATE
3:3:4:4:4:2:4:4:3:,recombination,5859.889626259363,2:2:4:4:3:4:4:4:2,2:2:4:4:2:4:4:4:1,MUTATE
4:3:4:4:4:1:3:4:3:,recombination,5562.534565309057,4:3:4:4:4:1:2:4:4,4:3:4:4:4:1:2:3:4,MUTATE
2:3:4:4:3:3:4:4:2:,recombination,6179.235490164787,1:2:4:4:3:2:4:4:1,2:3:4:4:3:3:4:4:1
1:2:4:3:1:4:4:4:1:,clone,5263.194935454752,1:2:4:3:1:4:4:4:1
1:2:4:3:1:4:4:4:1:,clone,5117.962897195885,1:2:4:3:1:4:4:4:1
2:2:4:3:1:4:4:4:1:,recombination,5161.290529864778,3:3:4:4:4:2:4:4:3,4:4:4:4:4:1:0:1:4,MUTATE
1:2:4:3:0:4:4:4:0:,clone,5052.005499892776,1:2:4:3:0:4:4:4:0
2:2:4:4:3:3:4:4:2:,recombination,6119.969956592881,2:2:4:4:3:3:4:4:2,2:3:4:4:4:1:3:4:2
2:2:4:4:3:3:4:4:2:,clone,6088.335025948333,2:2:4:4:3:3:4:4:2
3:2:4:4:3:3:4:4:2:,clone,5959.78702205827,3:2:4:4:3:3:4:4:2
2:2:4:4:3:3:4:4:2:,recombination,5992.8590214751375,4:3:4:4:4:2:3:3:4,4:3:4:4:4:1:2:2:4
2:2:4:3:1:4:4:4:1:,clone,4988.298282835341,2:2:4:3:1:4:4:4:1
1:2:4:4:2:3:4:4:0:,recombination,5919.483328599057,1:2:4:4:3:3:4:4:1,1:2:4:3:1:4:4:4:0,MUTATE
2:3:4:4:2:4:4:4:1:,clone,6172.273768579184,2:3:4:4:2:4:4:4:1
0:1:4:2:0:4:4:4:0:,clone,5271.146763461923,0:1:4:2:0:4:4:4:0
1:2:4:2:0:4:4:4:0:,recombination,4875.927522596249,1:2:4:4:3:4:4:4:0,1:2:4:4:4:3:3:4:1
1:2:4:4:0:4:4:4:0:,recombination,5964.380147414594,4:3:4:4:4:1:2:2:4,3:3:4:4:4:3:3:4:3,MUTATE
0:2:4:2:0:4:4:4:0:,clone,4721.547455278881,0:2:4:2:0:4:4:4:0
0:2:4:3:0:4:4:4:0:,clone,5705.517715097624,0:2:4:3:0:4:4:4:0
0:1:4:2:0:4:4:4:0:,recombination,5214.752704517851,4:4:4:4:4:4:3:4:4,3:3:4:4:4:4:3:4:3,MUTATE
1:2:4:3:1:4:4:4:0:,recombination,4916.288397083295,4:4:4:4:4:0:1:4:4,4:3:4:4:4:3:3:4:3
1:2:4:3:1:4:4:4:0:,clone,4887.7726131303725,1:2:4:3:1:4:4:4:0
3:3:4:4:4:4:4:4:2:,clone,4938.596151807511,3:3:4:4:4:4:4:4:2
3:3:4:4:4:4:4:4:2:,clone,4925.829421664135,3:3:4:4:4:4:4:4:2
3:3:4:4:3:4:4:4:2:,recombination,6065.5156797971395,4:3:4:4:4:4:3:4:4,1:2:4:4:3:4:4:4:1
4:3:4:4:4:3:4:4:3:,recombination,5731.946237168601,4:3:4:4:4:2:3:4:4,4:4:4:4:4:1:2:3:4
1:2:4:4:0:4:4:4:0:,clone,5959.274065023789,1:2:4:4:0:4:4:4:0
1:2:4:3:0:4:4:4:0:,clone,4975.409078224399,1:2:4:3:0:4:4:4:0
1:2:4:4:0:4:4:4:0:,clone,5958.665480380199,1:2:4:3:0:4:4:4:0
1:2:4:4:1:4:4:4:1:,recombination,4850.507671361924,3:3:4:4:4:2:2:2:3,1:2:4:3:1:4:4:4:0
1:2:4:4:0:4:4:4:0:,clone,5931.057555049613,1:2:4:4:0:4:4:4:0
0:1:4:2:0:4:4:4:0:,clone,5150.187557975658,1:1:4:2:0:4:4:4:0
1:2:4:2:0:4:4:4:0:,clone,4806.246879035309,1:2:4:2:0:4:4:4:0
3:3:4:4:4:2:4:4:3:,recombination,5686.492192693558,4:4:4:4:4:2:3:2:4,2:2:4:4:3:3:4:4:2,MUTATE
0:1:4:2:0:4:4:4:0:,recombination,4747.011664816579,1:2:4:4:3:2:4:4:1,1:2:4:4:1:4:4:4:1,MUTATE
1:2:4:2:0:4:4:4:0:,recombination,4680.083226760219,4:4:4:4:4:0:1:4:4,1:2:4:4:1:4:4:4:0,MUTATE
1:2:4:2:0:4:4:4:0:,recombination,4587.694844547523,2:3:4:4:4:4:3:4:2,1:2:4:4:2:3:4:4:0,MUTATE
1:1:4:2:0:4:4:4:0:,clone,4893.572543828707,1:1:4:2:0:4:4:4:0
1:2:4:3:0:4:4:4:1:,recombination,5433.025967030277,1:2:4:4:1:4:4:4:1,4:4:4:4:4:2:1:3:4
2:2:4:4:3:3:4:4:1:,recombination,4833.870211302307,2:2:4:4:3:4:4:4:2,2:3:4:4:4:1:3:4:2,MUTATE
1:2:4:4:0:4:4:4:1:,clone,6197.080317040372,1:2:4:4:0:4:4:4:1
1:2:4:3:0:4:4:4:1:,recombination,5400.50109922851,1:2:4:4:1:4:4:4:1,1:2:4:2:0:4:4:4:0
2:2:4:3:0:4:4:4:1:,clone,5274.615736305132,2:2:4:3:0:4:4:4:1
2:3:4:4:4:3:4:4:2:,recombination,4829.054987993081,1:2:4:4:4:2:4:4:1,3:3:4:4:4:2:4:4:3,MUTATE
2:3:4:4:4:3:4:4:2:,recombination,4722.030227619338,2:3:4:4:4:3:4:4:2,0:2:4:2:0:4:4:4:0,MUTATE
1:2:4:4:2:3:4:4:0:,recombination,5470.115775256082,1:2:4:4:4:3:4:4:0,4:3:4:4:4:4:4:4:4
2:2:4:4:3:3:4:4:2:,recombination,5379.919169923157,2:3:4:4:4:3:4:4:2,4:4:4:4:4:3:2:4:4
2:2:4:4:3:3:4:4:2:,clone,5099.172947961249,2:2:4:4:3:3:4:4:2
1:2:4:4:1:4:4:4:1:,recombination,4773.727481338853,2:2:4:4:3:3:4:4:2,0:2:4:2:0:4:4:4:0
1:2:4:4:2:4:4:4:1:,clone,4703.933707750248,1:2:4:4:2:4:4:4:1
2:2:4:4:3:3:4:4:2:,clone,4963.4377876770905,2:2:4:4:3:3:4:4:2
1:2:4:4:2:4:4:4:1:,clone,4662.20363053209,1:2:4:4:2:4:4:4:1
1:2:4:4:1:4:4:4:0:,recombination,4910.765813231225,2:3:4:4:2:4:4:4:2,1:2:4:4:1:4:4:4:1
1:2:4:4:2:4:4:4:1:,clone,4592.101316452697,1:2:4:4:2:4:4:4:1
1:2:4:4:1:4:4:4:0:,clone,4770.224401652555,1:2:4:4:1:4:4:4:0
1:1:4:3:1:4:4:4:0:,clone,4723.689484352558,1:2:4:4:2:4:4:4:1
1:2:4:4:2:3:4:4:0:,recombination,5451.136690341598,1:2:4:4:2:3:4:4:0,4:4:4:4:4:2:1:3:4
1:1:4:4:1:4:4:4:0:,clone,5340.98552063815,1:2:4:4:1:4:4:4:0
1:1:4:4:2:4:4:4:0:,recombination,4484.577544046957,4:3:4:4:4:0:2:2:4,3:2:4:4:4:3:4:4:2,MUTATE
1:2:4:3:1:4:4:4:0:,clone,4681.591413143075,1:2:4:4:1:4:4:4:0
1:1:4:2:0:4:4:4:0:,clone,4649.484097747896,1:1:4:2:0:4:4:4:0
1:2:4:4:2:4:4:4:0:,recombination,4744.0243662860985,1:1:4:4:2:4:4:4:0,1:2:4:3:0:4:4:4:0,MUTATE
1:2:4:4:2:4:4:4:0:,clone,4599.06634980608,1:1:4:4:2:4:4:4:0
3:3:4:4:4:3:4:4:3:,recombination,5351.5611783497125,4:4:4:4:4:1:1:3:4,2:2:4:4:3:3:4:4:2,MUTATE
2:3:4:4:4:3:4:4:1:,clone,5521.653016441984,2:2:4:4:4:3:4:4:1
1:2:4:4:3:3:4:4:0:,clone,5993.219480877095,1:2:4:4:3:3:4:4:0
4:3:4:4:4:1:3:4:3:,recombination,5411.904860720674,4:4:4:4:4:2:3:3:4,1:1:4:2:0:4:4:4:0
1:2:4:4:3:3:4:4:0:,recombination,5896.114694367616,4:4:4:4:4:1:1:3:4,2:3:4:4:4:4:4:4:1,MUTATE
3:3:4:4:4:3:4:4:3:,clone,5287.844590639987,4:3:4:4:4:3:3:4:3
0:2:4:3:0:4:4:4:0:,clone,5699.660446326924,0:2:4:2:0:4:4:4:0
4:3:4:4:4:2:3:4:3:,recombination,4627.226606453166,4:4:4:4:4:3:3:4:4,4:3:4:4:4:1:3:4:3,MUTATE
1:1:4:3:0:4:4:4:0:,clone,5297.666122343095,1:2:4:3:0:4:4:4:0
1:1:4:3:0:4:4:4:0:,clone,4954.878107027899,1:1:4:3:0:4:4:4:0
4:3:4:4:4:2:2:4:3:,clone,4856.246310547044,4:3:4:4:4:2:2:4:3
2:2:4:4:4:3:4:4:2:,recombination,4810.81497200543,1:2:4:4:2:4:4:4:1,3:3:4:4:4:1:2:3:3,MUTATE
3:2:4:4:4:2:3:4:2:,recombination,4682.986696451663,4:3:4:4:4:2:3:4:3,1:2:4:4:2:4:4:4:1
2:3:4:4:4:4:4:4:2:,recombination,5053.013703605001,4:3:4:4:4:3:4:4:3,4:3:4:4:4:2:3:4:3
1:2:4:4:2:3:4:4:0:,recombination,5306.99993498196,1:2:4:4:4:3:4:4:0,2:3:4:4:4:4:4:4:1,MUTATE
2:2:4:4:4:2:4:4:2:,recombination,5215.2065563705255,4:3:4:4:4:2:3:4:3,2:3:4:4:4:2:3:4:2
1:2:4:4:1:3:4:4:0:,recombination,5484.817600564225,1:2:4:3:0:4:4:4:1,3:2:4:4:4:2:3:4:2,MUTATE
3:2:4:4:4:4:3:4:2:,recombination,5446.887870961139,2:2:4:4:4:3:4:4:2,2:2:4:4:1:4:4:4:1,MUTATE
1:2:4:4:2:3:4:4:1:,recombination,4796.010987192597,4:4:4:4:4:1:0:1:4,1:2:4:4:3:4:4:4:1,MUTATE
1:2:4:4:3:3:4:4:0:,recombination,5471.200117042789,1:1:4:4:2:4:4:4:0,4:4:4:4:4:0:2:3:4,MUTATE
1:1:4:4:1:4:4:4:0:,clone,5313.1194979713955,1:2:4:4:1:4:4:4:0
1:2:4:4:3:3:4:4:0:,recombination,5266.892169440645,1:2:4:4:3:3:4:4:0,1:2:4:4:2:3:4:4:1
1:2:4:4:3:3:4:4:0:,recombination,5153.089609599963,1:2:4:4:3:3:4:4:0,1:2:4:3:0:4:4:4:0,MUTATE
4:4:4:4:4:1:2:4:4:,recombination,4314.711684881663,2:3:4:4:4:4:4:4:1,1:2:4:4:1:4:4:4:0
4:4:4:4:4:1:0:1:4:,recombination,4843.515918600123,4:4:4:4:4:3:3:4:4,4:3:4:4:4:1:1:3:4,MUTATE
4:4:4:4:4:0:0:2:4:,recombination,4625.838391611611,4:3:4:4:4:2:2:2:4,4:4:4:4:4:3:3:4:4,MUTATE
1:2:4:3:1:4:4:4:0:,recombination,4672.285838543527,3:3:4:4:3:4:4:4:2,1:2:4:4:1:4:4:4:0
1:3:4:4:2:4:4:4:1:,recombination,6060.247490990267,2:2:4:4:3:3:4:4:1,4:3:4:4:4:3:3:4:4,MUTATE
1:2:4:3:1:4:4:4:1:,clone,4847.105223822875,1:2:4:3:1:4:4:4:1
2:3:4:4:3:3:4:4:2:,recombination,5324.266220719345,2:2:4:4:3:3:4:4:2,4:3:4:4:4:0:1:1:4
2:3:4:4:3:3:4:4:2:,clone,5281.0090059883505,2:2:4:4:3:3:4:4:2
4:4:4:4:4:1:1:2:4:,recombination,4481.958566363392,4:4:4:4:4:0:0:2:4,2:2:4:4:4:3:3:4:1
4:4:4:4:4:1:1:3:4:,clone,4481.958566363392,4:4:4:4:4:1:1:2:4
4:4:4:4:4:1:1:4:4:,recombination,4408.914837092112,1:2:4:4:3:3:4:4:0,4:4:4:4:4:0:0:2:4,MUTATE
4:4:4:4:4:1:1:3:4:,clone,4460.147726011381,4:4:4:4:4:1:1:3:4
2:3:4:4:3:3:4:4:2:,clone,5043.741167367835,2:3:4:4:3:3:4:4:2
4:4:4:4:4:1:1:4:4:,clone,4403.273643409231,4:4:4:4:4:1:1:4:4
2:2:4:4:4:2:4:4:2:,recombination,5207.316695387394,2:2:4:3:0:4:4:4:1,4:3:4:4:4:4:3:4:4,MUTATE
3:3:4:4:4:2:4:4:2:,recombination,5261.883996432064,2:3:4:4:4:2:3:4:2,2:3:4:4:3:3:4:4:2,MUTATE
4:3:4:4:4:3:3:4:4:,recombination,4737.983445877357,4:4:4:4:4:1:1:2:4,3:3:4:4:4:4:4:4:3
2:2:4:4:4:4:4:4:1:,clone,4814.829602135511,2:2:4:4:4:4:4:4:1
2:3:4:4:3:4:4:4:2:,recombination,5563.309628708717,4:4:4:4:4:3:1:4:4,2:3:4:4:3:4:4:4:2
2:3:4:4:3:4:4:4:1:,recombination,5484.939845267544,2:2:4:4:4:4:4:4:1,2:2:4:4:4:3:4:4:1,MUTATE
3:2:4:4:4:4:3:4:2:,recombination,5399.938293467846,2:2:4:4:4:2:3:4:2,2:3:4:4:4:2:3:4:2,MUTATE
2:3:4:4:2:4:4:4:1:,clone,6125.441573679361,2:3:4:4:2:4:4:4:1
3:3:4:4:4:4:4:4:3:,recombination,5162.189206440011,3:3:4:4:4:1:2:3:3,1:2:4:3:1:4:4:4:1,MUTATE
2:2:4:4:3:4:4:4:2:,clone,5184.000046792022,2:2:4:4:3:4:4:4:2
2:2:4:4:3:4:4:4:2:,clone,5123.027633741894,2:3:4:4:3:4:4:4:2
2:3:4:4:3:4:4:4:2:,recombination,5307.12599742108,3:3:4:4:4:4:4:4:3,1:2:4:4:0:4:4:4:1
1:2:4:4:3:4:4:4:0:,recombination,5156.4368443504745,3:3:4:4:4:4:4:4:2,4:3:4:4:4:3:3:4:3
2:2:4:4:4:3:4:4:2:,clone,4790.166832900346,2:2:4:4:4:3:4:4:2
2:2:4:4:4:3:4:4:2:,clone,4762.371501529284,2:2:4:4:4:3:4:4:2
1:2:4:3:0:4:4:4:0:,recombination,4940.008711395704,2:2:4:4:4:4:4:4:1,3:3:4:4:4:3:4:4:3,MUTATE
0:1:4:3:0:4:4:4:0:,clone,5711.020058934906,0:1:4:3:0:4:4:4:0
0:1:4:3:0:4:4:4:0:,recombination,5706.017682338998,0:2:4:3:0:4:4:4:0,2:2:4:4:1:4:4:4:1,MUTATE
0:1:4:2:0:4:4:4:0:,recombination,4659.549194549225,2:3:4:4:4:4:3:4:2,1:1:4:2:0:4:4:4:0,MUTATE
0:1:4:2:0:4:4:4:0:,recombination,4526.311644313287,0:1:4:2:0:4:4:4:0,3:3:4:4:4:2:2:4:3
3:2:4:4:4:4:3:4:2:,recombination,5318.506038287748,1:2:4:3:1:4:4:4:1,4:4:4:4:4:2:3:3:4,MUTATE
2:2:4:4:4:4:3:4:1:,recombination,5686.549306027682,1:2:4:4:2:4:4:4:1,4:4:4:4:4:3:2:3:4,MUTATE
3:2:4:4:4:4:3:4:2:,clone,5241.4272117699265,3:2:4:4:4:4:3:4:2
3:2:4:4:4:4:3:4:2:,clone,5222.630589076839,3:2:4:4:4:4:3:4:2
1:2:4:4:0:4:4:4:1:,clone,6184.159997237374,1:2:4:4:0:4:4:4:1
3:3:4:4:4:4:3:4:3:,recombination,5028.071227433904,4:4:4:4:4:2:1:4:4,4:3:4:4:4:1:3:4:3
1:2:4:4:0:4:4:4:1:,clone,6038.906943573998,1:2:4:4:0:4:4:4:1
4:4:4:4:4:0:2:4:4:,recombination,5082.749602065978,2:3:4:4:4:4:3:4:2,1:1:4:4:2:4:4:4:0
4:4:4:4:4:0:2:4:4:,recombination,4999.245273486576,4:3:4:4:4:3:3:4:3,3:3:4:4:4:2:3:4:2
2:2:4:4:4:4:3:4:2:,clone,5045.8782421174565,2:2:4:4:4:4:3:4:2
2:2:4:4:4:3:4:4:1:,recombination,4459.190126376367,1:2:4:3:1:4:4:4:0,4:3:4:4:4:2:3:4:4,MUTATE
4:4:3:4:4:0:0:0:4:,recombination,5416.8715133225305,2:2:4:4:4:2:4:4:2,2:3:4:4:4:4:4:4:1,MUTATE
2:2:4:4:0:4:4:4:1:,clone,5981.244439646353,2:2:4:4:0:4:4:4:1
4:4:4:4:4:0:0:2:4:,clone,4575.1943010386885,4:4:4:4:4:0:0:2:4
4:3:4:4:4:3:3:4:4:,clone,4577.130512235817,4:4:4:4:4:3:2:4:4
2:3:4:4:3:4:4:4:1:,recombination,5408.6520696093,2:3:4:4:4:4:3:4:2,2:2:4:4:0:4:4:4:1,MUTATE
2:2:4:4:3:4:4:4:2:,clone,4824.485397117195,2:2:4:4:3:4:4:4:2
2:2:4:4:4:3:4:4:2:,recombination,4694.156968590825,0:2:4:2:0:4:4:4:0,2:2:4:4:3:4:4:4:2,MUTATE
2:2:4:4:2:4:4:4:1:,clone,4819.630532022424,2:2:4:4:2:4:4:4:1
3:2:4:4:4:3:4:4:2:,recombination,4862.086873941003,4:3:4:4:4:4:3:4:4,4:4:4:4:4:1:2:4:4
1:1:4:4:0:4:4:4:0:,recombination,6142.6842375293945,2:3:4:4:3:3:4:4:2,2:2:4:4:4:2:3:4:1
1:1:4:4:0:4:4:4:0:,clone,6055.259416234607,1:1:4:4:0:4:4:4:0
1:1:4:4:0:4:4:4:0:,clone,5981.057012856474,1:2:4:4:0:4:4:4:0
2:2:4:4:3:3:4:4:1:,recombination,4757.0712855493,0:1:4:2:0:4:4:4:0,2:2:4:4:4:4:3:4:2,MUTATE
2:2:4:4:3:3:4:4:1:,clone,4629.537316953373,2:2:4:4:3:3:4:4:1
3:3:4:4:4:3:4:4:3:,recombination,5281.1932865675835,4:4:4:4:4:0:2:3:4,3:3:4:4:4:1:2:3:3,MUTATE
3:3:4:4:4:3:4:4:3:,clone,5254.83101192365,3:3:4:4:4:3:4:4:3
3:2:4:4:4:4:4:4:2:,clone,5011.654807738939,3:2:4:4:4:4:4:4:2
1:2:4:4:1:3:4:4:0:,recombination,5454.6776743838045,2:2:4:4:4:3:4:4:2,1:2:4:3:1:4:4:4:0
1:2:4:3:0:4:4:4:0:,recombination,4838.749662902061,0:1:4:2:0:4:4:4:0,4:4:4:4:4:2:2:4:4,MUTATE
1:2:4:4:1:3:4:4:0:,recombination,5159.95881750702,1:2:4:4:1:3:4:4:0,2:2:4:4:0:4:4:4:1
3:3:4:4:4:2:4:4:2:,clone,5212.840406575928,3:2:4:4:4:2:4:4:2
3:2:4:4:4:2:4:4:2:,clone,5062.605700101516,3:2:4:4:4:2:4:4:2
3:3:4:4:4:2:4:4:3:,recombination,5582.298765852709,3:3:4:4:4:2:4:4:2,4:3:4:4:4:2:3:4:4,MUTATE
2:2:4:4:4:2:4:4:2:,clone,4970.4880781827615,2:2:4:4:4:2:4:4:2
4:3:4:4:4:2:4:4:3:,recombination,6125.388079019539,2:2:4:3:0:4:4:4:1,3:3:4:4:4:2:4:4:3
2:2:4:4:4:2:4:4:2:,recombination,4933.0639610710505,4:4:4:4:4:3:2:4:4,2:2:4:4:4:2:4:4:2
3:3:4:4:3:4:4:4:2:,clone,5992.096774070269,3:3:4:4:3:4:4:4:2
3:3:4:4:3:4:4:4:2:,clone,5988.4765294611025,3:3:4:4:3:4:4:4:2
3:3:4:4:4:2:4:4:3:,clone,5373.75823254714,3:3:4:4:4:2:4:4:2
3:3:4:4:3:4:4:4:2:,clone,5988.476529461102,3:3:4:4:3:4:4:4:2
3:3:4:4:4:2:4:4:3:,recombination,5172.853840518938,4:4:3:4:4:2:1:4:4,3:3:4:4:4:2:4:4:3,MUTATE
3:2:4:4:3:3:4:4:2:,clone,5622.66758287435,3:2:4:4:3:3:4:4:2
3:2:4:4:3:3:4:4:2:,clone,5477.255465890106,3:2:4:4:3:3:4:4:2
1:2:4:3:0:4:4:4:0:,recombination,4791.001902024802,1:2:4:3:1:4:4:4:0,2:2:4:4:4:3:4:4:1,MUTATE
2:2:4:4:4:4:4:4:2:,recombination,4703.766194391901,4:4:4:4:4:1:2:3:4,2:2:4:4:3:4:4:4:2
1:2:4:3:0:4:4:4:0:,recombination,4775.7149083719305,3:3:4:4:4:4:4:4:2,1:2:4:4:0:4:4:4:0
1:2:4:3:0:4:4:4:0:,recombination,4678.0847879041485,3:2:4:4:4:4:3:4:2,2:2:4:4:4:3:4:4:1
1:1:4:2:0:4:4:4:0:,clone,4646.803385148357,1:1:4:2:0:4:4:4:0
4:3:4:4:4:3:4:4:4:,clone,6357.357122275445,4:3:4:4:4:3:4:4:4
1:2:4:4:0:4:4:4:1:,recombination,6026.508128359801,3:3:4:4:4:2:4:4:2,2:3:4:4:3:4:4:4:1,MUTATE
1:2:4:3:0:4:4:4:1:,recombination,5399.68688271589,2:2:4:4:4:2:4:4:2,1:1:4:4:1:4:4:4:0,MUTATE
1:2:4:3:0:4:4:4:0:,clone,4616.993861556048,1:2:4:3:0:4:4:4:0
2:2:4:3:0:4:4:4:1:,clone,5237.305429583756,2:2:4:3:0:4:4:4:1
1:2:4:4:3:4:4:4:0:,clone,4767.429589877806,1:2:4:4:3:4:4:4:0
4:4:2:4:4:0:0:0:4:,recombination,5307.119849722449,4:4:4:4:4:0:0:2:4,4:4:4:4:4:2:2:2:4,MUTATE
4:4:3:4:4:0:0:1:4:,clone,5644.03423186027,4:4:3:4:4:0:0:1:4
2:2:4:4:4:4:4:4:1:,clone,4697.6258315222,2:2:4:4:4:4:4:4:1
1:1:4:4:1:4:4:4:0:,recombination,5104.68944548274,2:2:4:4:3:3:4:4:2,1:2:4:3:0:4:4:4:1
4:4:4:4:4:1:0:3:4:,recombination,5182.10017384067,4:3:4:4:4:1:1:3:4,3:3:4:4:4:3:4:4:3,MUTATE
1:2:4:3:0:4:4:4:1:,clone,4845.273543213113,1:2:4:3:0:4:4:4:1
2:2:4:3:0:4:4:4:1:,clone,5036.7281401864275,1:2:4:3:0:4:4:4:1
4:4:4:4:4:0:0:3:4:,clone,5182.10017384067,4:4:4:4:4:0:0:3:4
4:4:4:4:4:1:0:2:4:,clone,4971.468829141273,4:4:4:4:4:1:0:2:4
3:2:4:4:4:4:3:4:2:,recombination,5165.259727654168,4:4:4:4:4:0:0:2:4,2:2:4:4:0:4:4:4:1,MUTATE
3:2:4:4:4:3:4:4:2:,clone,4741.214112345338,3:2:4:4:4:3:4:4:2
4:3:4:4:4:4:4:4:4:,recombination,6217.670071237344,3:3:4:4:4:3:3:4:3,2:2:4:4:2:3:4:4:1,MUTATE
3:3:4:4:3:4:4:4:2:,recombination,5929.921428926874,4:3:4:4:4:2:2:4:4,4:4:4:4:4:2:2:4:4,MUTATE
0:2:4:2:0:4:4:4:0:,clone,4644.550548223936,1:2:4:2:0:4:4:4:0
0:2:4:2:0:4:4:4:0:,recombination,4616.996963141748,1:2:4:3:0:4:4:4:0,2:3:4:4:4:3:3:4:2
3:2:4:4:4:4:3:4:2:,clone,4777.749086067117,3:2:4:4:4:4:3:4:2
3:3:4:4:4:4:3:4:3:,clone,4849.722866926857,3:2:4:4:4:4:3:4:3
3:2:4:4:4:4:4:4:3:,recombination,5417.465889753888,3:3:4:4:4:3:4:4:2,3:2:4:4:4:4:3:4:2
3:2:4:4:4:4:3:4:3:,clone,4940.2801245970695,3:2:4:4:4:4:3:4:3
3:2:4:4:4:4:4:4:2:,clone,4940.2801245970695,3:2:4:4:4:4:4:4:2
2:2:4:4:4:4:3:4:2:,clone,4744.615630826982,2:2:4:4:4:4:4:4:2
3:3:4:4:4:1:3:4:3:,recombination,4656.561649018963,2:3:4:4:4:3:3:4:2,4:3:4:4:4:2:3:4:3,MUTATE
2:2:4:4:4:3:4:4:2:,clone,4658.241237469078,2:2:4:4:4:3:4:4:2
4:3:4:4:4:1:3:4:4:,clone,4604.839264948843,4:3:4:4:4:1:3:4:4
2:3:4:4:4:2:4:4:2:,recombination,4619.3787904894625,2:3:4:4:4:4:3:4:2,1:1:4:2:0:4:4:4:0,MUTATE
3:3:4:4:4:2:3:4:2:,clone,4560.314136478892,3:3:4:4:4:2:3:4:2
3:3:4:4:4:3:4:4:3:,clone,5205.296792867384,3:2:4:4:4:3:4:4:2
4:4:2:4:4:0:0:0:4:,clone,5065.827521027974,1:1:4:2:0:4:4:4:0
4:4:3:4:4:1:0:2:4:,recombination,5184.948708861855,1:2:4:4:1:4:4:4:1,1:2:4:4:2:4:4:4:1,MUTATE
4:4:3:4:4:0:0:0:4:,clone,4777.226250522065,4:4:2:4:4:0:0:0:4
4:4:3:4:4:0:0:1:4:,clone,5081.378641837387,4:4:3:4:4:0:0:0:4
4:3:4:4:4:1:1:4:4:,clone,4530.858779608782,4:3:4:4:4:1:2:4:4
1:1:4:2:0:4:4:4:0:,clone,4591.685260964793,1:1:4:2:0:4:4:4:0
1:1:4:2:0:4:4:4:0:,recombination,4502.159067501182,4:3:4:4:4:3:3:4:4,3:3:4:4:4:3:4:4:2
0:2:4:4:0:4:4:4:0:,recombination,7645.003698020992,2:3:4:4:4:4:4:4:2,1:2:4:4:1:4:4:4:0
0:1:4:3:0:4:4:4:0:,recombination,5705.909721197815,3:3:4:4:4:3:3:4:3,2:2:4:4:4:2:4:4:2
1:2:4:2:0:4:4:4:0:,clone,4553.346207702904,1:2:4:2:0:4:4:4:0
1:2:4:2:0:4:4:4:0:,clone,4553.3462077029035,1:2:4:2:0:4:4:4:0
1:2:4:4:4:3:4:4:0:,clone,5338.544911689485,1:2:4:4:2:4:4:4:0
1:2:4:4:4:3:4:4:0:,clone,5293.94888518701,1:2:4:4:4:3:4:4:0
4:4:4:4:4:1:2:4:4:,clone,4177.611782438386,4:4:4:4:4:1:2:4:4
4:3:4:4:4:2:2:3:4:,clone,4054.8066639101758,4:4:4:4:4:2:2:4:4
3:3:4:4:4:1:2:4:3:,clone,4060.260957617454,3:3:4:4:4:1:2:4:3
4:3:4:4:4:1:3:4:3:,clone,5279.10346147665,4:3:4:4:4:1:3:4:3
4:3:4:4:4:2:2:2:4:,clone,4455.5580551526145,4:3:4:4:4:1:2:2:4
3:3:4:4:4:2:3:4:2:,recombination,4492.571960225736,2:2:4:4:2:4:4:4:1,4:4:4:4:4:3:3:4:4,MUTATE
2:2:4:4:4:4:4:4:1:,clone,4687.025587943057,2:2:4:4:4:4:4:4:1
2:2:4:4:4:3:3:4:2:,recombination,4575.620632332453,4:4:4:4:4:2:3:4:4,2:2:4:4:4:2:3:4:2,MUTATE
2:2:4:4:2:4:4:4:1:,recombination,4685.893163162626,4:4:4:4:4:3:3:4:4,1:2:4:4:1:4:4:4:0,MUTATE
2:3:4:4:3:4:4:4:2:,recombination,5268.21757982627,4:4:4:4:4:3:3:4:4,3:3:4:4:3:4:4:4:2
2:3:4:4:2:4:4:4:1:,clone,5898.1483339507,2:3:4:4:2:4:4:4:1
4:4:4:4:4:2:1:4:4:,clone,4610.267619906159,4:4:4:4:4:2:2:4:4
3:3:4:4:4:3:4:4:3:,clone,5103.745597885476,3:3:4:4:4:3:4:4:3
2:3:4:4:2:4:4:4:2:,recombination,6206.323180983112,4:4:4:4:4:3:2:4:4,3:3:4:4:4:2:4:4:2
4:4:4:4:4:3:2:4:4:,clone,4741.8101881741695,4:4:4:4:4:3:2:4:4
1:1:4:2:0:4:4:4:0:,clone,4434.869852110592,1:1:4:2:0:4:4:4:0
0:1:4:2:0:4:4:4:0:,clone,4524.612307288968,0:1:4:2:0:4:4:4:0
4:3:4:4:4:3:4:4:3:,clone,5677.694217951035,3:3:4:4:4:3:3:4:3
4:3:4:4:4:4:3:4:4:,clone,5107.394554298964,4:3:4:4:4:4:3:4:4
1:2:4:2:0:4:4:4:0:,clone,4552.592894400924,1:2:4:2:0:4:4:4:0
4:4:4:4:4:1:1:2:4:,clone,4406.3831083964105,4:4:4:4:4:1:1:2:4
2:3:4:4:3:3:4:4:1:,recombination,5947.796970156088,1:2:4:4:0:4:4:4:1,3:2:4:4:4:4:4:4:3,MUTATE
1:2:4:4:4:4:4:4:0:,recombination,5499.083893057837,3:3:4:4:4:3:3:4:3,1:1:4:3:0:4:4:4:0
1:2:4:4:3:3:4:4:0:,recombination,4921.969521538639,0:1:4:2:0:4:4:4:0,2:2:4:4:4:3:4:4:2
1:2:4:3:1:4:4:4:0:,clone,4633.860784404719,1:2:4:3:1:4:4:4:0
1:2:4:4:3:3:4:4:0:,clone,4726.640756013416,1:2:4:4:3:3:4:4:0
1:2:4:4:3:3:4:4:1:,clone,4783.3776982940235,1:2:4:4:3:3:4:4:1
3:2:4:4:4:4:4:4:2:,clone,4819.656889583173,3:2:4:4:4:4:4:4:2
2:3:4:4:4:4:4:4:2:,recombination,5031.071669337808,1:2:4:4:3:3:4:4:0,3:3:4:4:4:2:3:3:3
4:4:4:4:4:0:0:2:4:,clone,4527.814054444404,4:4:4:4:4:0:0:2:4
2:2:4:4:2:3:4:4:1:,recombination,4955.131278706027,3:3:4:4:4:4:4:4:2,2:2:4:4:3:3:4:4:2,MUTATE
2:2:4:4:3:4:4:4:1:,recombination,4648.583762724888,3:3:4:4:4:3:4:4:3,4:4:3:4:4:0:0:1:4
2:2:4:4:3:4:4:4:1:,clone,4585.995379087911,2:2:4:4:3:4:4:4:1
3:2:4:4:4:3:3:4:3:,clone,5025.01785762151,3:2:4:4:4:3:3:4:3
3:3:4:4:4:4:4:4:3:,recombination,4971.122256477339,3:2:4:4:4:3:4:4:2,3:3:4:4:4:4:4:4:2
3:3:4:4:4:2:3:4:2:,recombination,4491.984099964991,3:2:4:4:4:4:3:4:2,3:3:4:4:4:2:3:4:3
3:2:4:4:4:2:3:4:2:,recombination,4403.292427483417,3:3:4:4:4:4:3:4:3,4:4:4:4:4:1:1:2:4
1:1:4:3:0:4:4:4:0:,clone,4947.933356557902,1:1:4:3:0:4:4:4:0
2:2:4:4:4:3:3:4:1:,recombination,5082.849752143597,3:3:4:4:4:4:3:4:3,2:2:4:4:2:4:4:4:1
1:1:4:4:1:4:4:4:0:,clone,5078.626936844058,1:1:4:4:1:4:4:4:0
1:1:4:4:1:4:4:4:0:,recombination,4887.172339870744,4:4:4:4:4:1:2:4:4,3:2:4:4:4:2:3:4:2,MUTATE
1:1:4:4:1:4:4:4:0:,clone,4835.198234868779,1:1:4:4:1:4:4:4:0
1:1:4:4:1:4:4:4:0:,clone,4793.277865745094,1:1:4:4:1:4:4:4:0
2:2:4:4:4:1:3:4:2:,recombination,4460.977165031739,1:2:4:3:0:4:4:4:1,3:3:4:4:4:1:2:4:3
3:3:4:4:4:4:3:4:2:,clone,4923.349626060747,3:3:4:4:4:4:3:4:2
4:4:4:4:4:2:1:2:4:,recombination,4858.9569422358945,1:2:4:3:1:4:4:4:0,3:3:4:4:4:4:4:4:3,MUTATE
4:4:4:4:4:1:1:3:4:,clone,4331.254868832426,4:4:4:4:4:1:1:3:4
3:3:4:4:4:2:4:4:2:,recombination,5107.191075734262,4:4:4:4:4:4:3:4:4,4:3:4:4:4:0:1:2:4
2:3:4:4:4:2:4:4:1:,recombination,5417.500598089886,2:2:4:4:4:4:4:4:2,2:2:4:4:4:3:3:4:2
4:3:4:4:4:3:4:4:3:,recombination,5658.482668966507,4:4:4:4:4:1:1:4:4,4:4:4:4:4:2:3:2:4
1:2:4:4:4:2:4:4:1:,recombination,5253.356624728562,4:4:4:4:4:3:1:4:4,2:2:4:4:4:2:4:4:1
4:3:4:4:4:3:4:4:4:,clone,6119.066768050216,4:3:4:4:4:4:4:4:3
2:2:4:4:1:4:4:4:1:,clone,4893.1347578440245,2:2:4:4:1:4:4:4:1
2:2:4:4:1:4:4:4:1:,clone,4844.496357182798,2:2:4:4:1:4:4:4:1
1:1:4:3:1:4:4:4:0:,recombination,4713.413336097391,1:1:4:4:1:4:4:4:0,3:3:4:4:4:2:3:4:3,MUTATE
1:2:4:4:1:4:4:4:1:,clone,4711.439670629188,1:2:4:4:1:4:4:4:1
4:4:4:4:4:1:1:2:4:,clone,4299.723055334734,4:4:4:4:4:1:1:2:4
4:4:4:4:4:2:1:4:4:,clone,4493.575085207622,4:4:4:4:4:1:1:3:4
1:1:4:3:0:4:4:4:0:,recombination,4873.32020928477,1:1:4:4:1:4:4:4:0,2:2:4:4:3:4:4:4:2
1:1:4:3:0:4:4:4:0:,recombination,4868.396765602434,4:4:4:4:4:1:1:2:4,3:3:4:4:4:3:3:4:2,MUTATE
1:1:4:3:0:4:4:4:0:,recombination,4735.340079048825,1:2:4:3:0:4:4:4:1,2:2:4:4:3:3:4:4:2
1:1:4:3:0:4:4:4:0:,clone,4548.991232868611,1:1:4:3:0:4:4:4:0
0:1:4:3:0:4:4:4:0:,clone,5701.027536884515,0:2:4:3:0:4:4:4:0
4:4:4:4:4:1:0:2:4:,clone,4764.287818249857,4:4:4:4:4:1:0:2:4
4:3:4:4:4:4:4:4:3:,recombination,5450.20278514551,4:4:4:4:4:1:1:2:4,2:2:4:4:2:4:4:4:1,MUTATE
4:3:4:4:4:4:4:4:3:,clone,5424.204913083134,4:3:4:4:4:4:4:4:3
1:1:4:2:0:4:4:4:0:,clone,4275.223521933476,1:1:4:2:0:4:4:4:0
0:2:4:2:0:4:4:4:0:,clone,4611.9545400207635,0:2:4:2:0:4:4:4:0
1:2:4:4:2:4:4:4:1:,clone,4547.3600560847335,1:2:4:4:2:4:4:4:1
1:2:4:4:2:4:4:4:1:,clone,4477.579141516325,1:2:4:4:2:4:4:4:1
1:2:4:4:2:4:4:4:1:,clone,4077.960537950166,1:2:4:4:2:4:4:4:1
2:2:4:4:3:3:4:4:2:,clone,4662.274571101083,2:2:4:4:3:3:4:4:2
2:2:4:4:3:3:4:4:2:,recombination,4466.94580557586,4:3:4:4:4:3:3:4:3,3:3:4:4:4:3:4:4:2,MUTATE
4:4:4:4:4:0:1:4:4:,clone,4712.73620490176,4:4:4:4:4:0:1:4:4
2:3:4:4:2:4:4:4:2:,recombination,5777.359738974023,4:3:4:4:4:2:2:4:4,1:2:4:3:0:4:4:4:0,MUTATE
3:3:4:4:4:4:4:4:2:,clone,4880.989324220279,3:3:4:4:4:4:3:4:3
3:3:4:4:4:3:4:4:3:,recombination,5065.510261865287,2:3:4:4:4:4:3:4:2,1:2:4:4:3:3:4:4:1,MUTATE
3:3:4:4:4:4:4:4:2:,clone,4790.302752334845,3:3:4:4:4:4:4:4:2
3:3:4:4:4:4:3:4:3:,recombination,4793.59329725529,1:2:4:3:1:4:4:4:0,4:3:4:4:4:2:2:2:4
3:3:4:4:4:4:3:4:2:,clone,4669.169778828751,3:3:4:4:4:4:3:4:2
4:3:4:4:4:4:3:4:3:,recombination,4892.4213962555195,4:4:4:4:4:0:0:2:4,4:3:4:4:4:3:3:4:3
4:3:4:4:4:4:3:4:3:,clone,4785.993636935518,4:3:4:4:4:4:3:4:3
3:3:4:4:4:4:3:4:3:,clone,4749.897362219448,3:3:4:4:4:4:3:4:3
3:3:4:4:4:4:3:4:3:,clone,4637.388473090484,3:3:4:4:4:4:3:4:3
3:3:4:4:4:4:4:4:3:,clone,4849.265582577865,3:3:4:4:4:4:3:4:3
4:4:4:4:4:3:2:4:4:,recombination,4644.470036496151,4:4:4:4:4:3:3:4:4,0:1:4:2:0:4:4:4:0
1:2:4:2:0:4:4:4:0:,recombination,4510.037431015761,1:2:4:3:1:4:4:4:0,1:2:4:3:0:4:4:4:0,MUTATE
0:1:4:3:0:4:4:4:0:,clone,5700.329436910933,0:1:4:3:0:4:4:4:0
1:2:4:4:4:3:4:4:0:,recombination,4981.85050175599,3:2:4:4:4:3:4:4:2,4:3:4:4:4:2:3:4:3
1:2:4:4:3:3:4:4:1:,recombination,4529.471383702926,2:2:4:4:4:4:4:4:1,1:1:4:4:1:4:4:4:0
4:4:4:4:4:0:2:4:4:,clone,4826.358963309661,4:4:4:4:4:0:2:4:4
4:4:4:4:4:1:0:1:4:,recombination,4478.276439846254,2:2:4:4:3:4:4:4:2,3:3:4:4:4:4:3:4:3,MUTATE
4:4:4:4:4:0:1:4:4:,clone,4243.324771220664,4:4:4:4:4:0:1:4:4
4:4:4:4:4:0:0:2:4:,clone,4388.002501454752,4:4:4:4:4:0:1:2:4
3:3:4:4:4:3:3:4:3:,clone,4466.633525797626,3:3:4:4:4:3:3:4:3
4:4:4:4:4:2:2:4:4:,clone,4267.888131928509,4:4:4:4:4:2:2:4:4
3:3:4:4:4:3:3:4:2:,clone,4450.618107599551,3:3:4:4:4:3:3:4:2
4:3:4:4:4:2:2:4:4:,clone,4216.777064679848,4:3:4:4:4:2:2:4:4
3:3:4:4:4:3:3:4:2:,clone,4326.48421198744,3:3:4:4:4:3:3:4:2
3:3:4:4:4:3:3:4:3:,clone,4456.388627018628,3:3:4:4:4:3:3:4:3
3:3:4:4:4:2:3:4:3:,recombination,4312.289065803332,4:3:4:4:4:4:4:4:3,3:3:4:4:4:4:4:4:2
3:3:4:4:4:2:3:4:3:,clone,4005.168525833356,3:3:4:4:4:2:2:4:3
4:4:4:4:4:0:0:0:4:,clone,3873.0889005606314,3:3:4:4:4:2:3:4:2
4:4:4:4:4:1:0:1:4:,clone,4402.162326900211,4:4:4:4:4:1:0:1:4
4:4:4:4:4:1:1:3:4:,recombination,4211.153194435666,3:3:4:4:4:3:3:4:3,1:2:4:4:4:3:4:4:0,MUTATE
4:4:4:4:4:0:1:1:4:,clone,4044.6863430880067,4:4:4:4:4:0:0:1:4
2:2:4:4:0:4:4:4:1:,recombination,5980.900164830893,2:2:4:4:0:4:4:4:1,4:3:4:4:4:3:3:3:4
4:4:4:4:4:3:2:3:4:,recombination,5455.161643480055,4:4:4:4:4:2:2:3:4,2:2:4:4:3:3:4:4:1,MUTATE
3:2:4:4:4:2:3:4:3:,clone,5165.578112827541,3:2:4:4:4:2:3:4:3
3:2:4:4:3:4:4:4:2:,clone,5266.925797631001,2:2:4:4:3:4:4:4:2
4:3:4:4:4:4:4:4:3:,recombination,5194.4492771771165,4:4:4:4:4:2:2:3:4,4:4:4:4:4:0:1:4:4,MUTATE
2:2:4:4:4:4:4:4:1:,clone,4664.784931022392,2:2:4:4:4:4:4:4:2
1:2:4:3:1:4:4:4:0:,clone,4550.569735755426,1:2:4:3:1:4:4:4:0
2:2:4:4:4:3:3:4:1:,clone,4997.69651190277,2:3:4:4:4:3:3:4:2
1:2:4:3:1:4:4:4:0:,clone,4513.360093625995,1:2:4:3:1:4:4:4:0
4:4:4:4:4:0:2:4:4:,clone,4677.636143809655,4:4:4:4:4:0:2:4:4
4:4:4:4:4:0:0:1:4:,recombination,3861.686190745914,2:2:4:4:4:4:4:4:1,4:4:4:4:4:2:2:3:4,MUTATE
3:3:4:4:4:1:3:4:3:,recombination,4314.7630117392255,2:3:4:4:4:4:3:4:2,3:2:4:4:4:4:3:4:2
4:4:4:4:4:0:0:0:4:,recombination,3621.853474088244,4:4:4:4:4:0:0:2:4,4:3:4:4:4:4:3:4:3,MUTATE
4:4:4:4:4:1:1:1:4:,recombination,4146.967101397422,4:4:4:4:4:2:1:2:4,1:2:4:4:2:4:4:4:1,MUTATE
3:3:4:4:4:1:2:3:3:,recombination,4143.335297813653,1:2:4:2:0:4:4:4:0,1:2:4:4:4:3:3:4:1,MUTATE
4:4:4:4:4:1:1:0:4:,recombination,4313.876952753192,4:4:4:4:4:1:2:4:4,4:4:4:4:4:1:2:4:4,MUTATE
4:4:4:4:4:1:1:2:4:,clone,4239.804695608629,4:4:4:4:4:1:1:2:4
4:4:4:4:4:1:1:4:4:,recombination,4350.4210396232165,2:3:4:4:4:4:4:4:2,2:2:4:4:3:3:4:4:2,MUTATE
4:4:4:4:4:1:1:3:4:,clone,4155.092274097994,4:4:4:4:4:1:1:4:4
4:4:4:4:4:1:1:3:4:,clone,4105.4079656833965,4:4:4:4:4:1:1:3:4
4:4:4:4:4:2:1:4:4:,recombination,4335.611044276233,2:2:4:4:3:3:4:4:1,4:4:4:4:4:1:1:4:4
4:3:4:4:4:2:2:4:4:,recombination,4185.088450054212,4:4:4:4:4:1:1:2:4,4:3:4:4:4:4:4:4:3
4:4:4:4:4:2:3:4:4:,recombination,4753.906821255543,3:3:4:4:4:3:4:4:3,2:3:4:4:4:1:2:4:2,MUTATE
2:2:4:4:4:3:4:4:2:,recombination,4536.35601888412,4:4:4:4:4:1:1:4:4,3:3:4:4:4:4:3:4:3
2:2:4:4:4:3:4:4:1:,clone,4322.439049767122,2:2:4:4:4:3:4:4:1
2:2:4:4:4:3:3:4:2:,clone,4303.320774777826,2:2:4:4:4:3:3:4:1
2:2:4:4:4:4:3:4:1:,recombination,5415.595378507854,1:1:4:4:1:4:4:4:0,4:4:4:4:4:3:1:4:4,MUTATE
1:2:4:4:4:4:4:4:0:,recombination,5387.404849183738,4:4:4:4:4:0:2:3:4,2:2:4:4:4:4:3:4:1,MUTATE
1:2:4:4:4:4:4:4:0:,clone,5312.264494495268,1:2:4:4:4:4:4:4:0
1:2:4:2:0:4:4:4:0:,clone,4505.284269845392,1:2:4:2:0:4:4:4:0
1:2:4:4:4:4:4:4:0:,clone,5103.944280745234,1:2:4:4:4:4:4:4:0
2:2:4:4:4:4:3:4:1:,clone,5166.237379698846,2:2:4:4:4:4:3:4:1
3:3:4:4:4:4:4:4:2:,clone,4744.540757088458,3:3:4:4:4:4:4:4:2
2:2:4:4:0:4:4:4:1:,clone,5964.284576728679,2:2:4:3:0:4:4:4:1
1:2:4:4:0:4:4:4:1:,recombination,5989.59121640914,1:1:4:4:0:4:4:4:0,3:2:4:4:4:4:4:4:2,MUTATE
2:2:4:4:3:3:4:4:1:,clone,4596.35387062435,2:2:4:4:4:3:4:4:2
4:3:4:4:4:3:4:4:3:,clone,5572.001368339994,3:3:4:4:4:3:4:4:3
4:3:4:4:4:3:4:4:3:,clone,5441.808087689605,4:3:4:4:4:3:3:4:3
0:1:4:2:0:4:4:4:0:,recombination,4524.454666666077,0:2:4:2:0:4:4:4:0,4:4:4:4:4:0:2:3:4
3:3:4:4:4:3:4:4:3:,recombination,5026.868327089995,3:3:4:4:4:3:3:4:2,1:2:4:4:1:4:4:4:0
1:2:4:3:1:3:4:4:0:,recombination,5061.886054332651,2:2:4:3:1:4:4:4:1,3:3:4:4:4:3:3:4:2
4:4:4:4:4:1:0:0:4:,clone,4851.2507452090995,4:4:4:4:4:0:0:0:4
2:3:4:4:2:4:4:4:2:,recombination,5550.458451785458,1:1:4:3:0:4:4:4:0,4:3:4:4:4:1:3:4:3,MUTATE
0:2:4:2:0:4:4:4:0:,recombination,4507.296068928131,3:3:4:4:4:2:4:4:2,3:3:4:4:4:4:3:4:3
0:1:4:3:0:4:4:4:0:,clone,5699.948419768764,0:1:4:3:0:4:4:4:0
3:2:4:4:4:4:3:4:2:,clone,4664.523706564404,3:2:4:4:4:4:3:4:2
2:2:4:4:4:2:3:4:1:,recombination,4371.05021850671,3:2:4:4:4:4:3:4:3,2:2:4:3:1:4:4:4:1
4:3:4:4:4:2:4:4:3:,clone,5411.726261307067,3:3:4:4:4:2:4:4:3
2:2:4:4:4:2:4:4:1:,clone,4806.741589103234,2:2:4:4:4:2:4:4:1
2:2:4:4:4:2:4:4:2:,clone,4900.318579545349,2:2:4:4:4:2:4:4:2
3:2:4:4:4:3:3:4:3:,recombination,4901.654323285514,3:3:4:4:4:1:2:3:3,1:2:4:4:1:4:4:4:0,MUTATE
3:3:4:4:4:2:3:4:3:,clone,4000.214885860074,3:3:4:4:4:2:3:4:3
2:2:4:4:4:2:3:4:2:,recombination,4538.8243122635595,4:4:4:4:4:0:2:4:4,3:3:4:4:4:1:2:3:3
1:2:4:4:4:3:4:4:1:,clone,4638.431718138279,1:2:4:4:4:3:4:4:1
2:2:4:4:4:2:4:4:2:,clone,4867.776417030057,3:2:4:4:4:2:3:4:2
2:2:4:4:4:4:4:4:2:,clone,4662.926981186354,2:2:4:4:4:4:4:4:2
0:1:4:2:0:4:4:4:0:,recombination,4519.334084397984,3:3:4:4:4:4:3:4:2,1:2:4:4:3:3:4:4:0,MUTATE
0:1:4:2:0:4:4:4:0:,clone,4448.748240707369,0:1:4:2:0:4:4:4:0
0:1:4:2:0:4:4:4:0:,clone,4435.187177447335,0:1:4:2:0:4:4:4:0
0:1:4:2:0:4:4:4:0:,clone,4291.30714982248,0:1:4:2:0:4:4:4:0
1:2:4:4:1:4:4:4:0:,recombination,4691.225954649082,3:3:4:4:4:3:3:4:3,4:3:4:4:4:2:2:4:4
1:2:4:4:1:4:4:4:0:,recombination,4679.407636946286,3:3:4:4:4:3:3:4:3,2:3:4:4:2:4:4:4:1
1:2:4:4:2:3:4:4:0:,recombination,5123.150854748312,4:4:4:4:4:2:2:3:4,3:3:4:4:3:4:4:4:2
0:2:4:4:0:4:4:4:0:,clone,7602.693475943829,0:2:4:3:0:4:4:4:0
2:3:4:4:4:3:4:4:1:,recombination,5486.947418021154,4:4:4:4:4:0:2:3:4,1:2:4:4:3:2:4:4:1,MUTATE
3:2:4:4:4:2:4:4:2:,clone,5044.207723284109,3:2:4:4:4:2:4:4:2
4:4:3:4:4:0:0:0:4:,clone,4474.234911737672,4:4:3:4:4:0:0:0:4
4:4:3:4:4:0:0:0:4:,clone,4193.488689775762,4:4:3:4:4:0:0:0:4
4:4:3:4:4:0:0:1:4:,recombination,4688.8508908495105,1:2:4:2:0:4:4:4:0,2:2:4:3:0:4:4:4:1,MUTATE
1:2:4:4:1:4:4:4:1:,clone,4616.593067353515,1:2:4:4:1:4:4:4:1
3:3:4:4:3:4:4:4:2:,clone,5655.988281734062,3:3:4:4:3:4:4:4:2
3:3:4:4:4:2:2:3:3:,clone,4391.3025066968285,3:3:4:4:4:2:2:3:3
3:3:4:4:4:2:2:3:3:,recombination,4388.539404983026,1:1:4:4:1:4:4:4:0,4:3:4:4:4:3:3:4:4,MUTATE
3:3:4:4:4:2:2:3:3:,clone,4370.89461364083,4:3:4:4:4:2:2:3:4
3:2:4:4:4:2:3:4:3:,clone,4625.34405706716,3:3:4:4:4:2:3:4:3
2:2:4:4:4:3:3:4:1:,clone,4703.626036183632,2:2:4:4:4:3:3:4:1
2:2:4:4:2:3:4:4:1:,recombination,4683.428348146091,1:2:4:4:1:4:4:4:1,4:4:4:4:4:1:2:4:4,MUTATE
2:2:4:3:0:4:4:4:1:,clone,5023.679980727724,2:2:4:3:0:4:4:4:1
1:2:4:4:0:4:4:4:1:,clone,5977.111313495924,1:2:4:4:0:4:4:4:1
4:3:4:4:4:3:4:4:3:,recombination,4996.345211372888,1:1:4:3:0:4:4:4:0,3:3:4:4:4:3:3:4:3
2:2:4:3:0:4:4:4:1:,clone,4965.207220946037,2:2:4:3:0:4:4:4:1
2:2:4:3:0:4:4:4:1:,clone,4921.175447566169,2:2:4:3:0:4:4:4:1
4:3:4:4:4:3:2:4:4:,clone,4643.193090093372,4:3:4:4:4:3:2:4:4
2:2:4:4:0:4:4:4:1:,clone,5949.960328628078,2:2:4:4:0:4:4:4:1
2:2:4:4:4:4:4:4:1:,clone,4662.792123712187,2:2:4:4:4:4:4:4:1
3:2:4:4:4:4:4:4:2:,recombination,4780.512040209061,2:2:4:4:4:3:3:4:1,3:3:4:4:4:3:3:4:3
3:3:4:4:3:4:4:4:2:,recombination,5645.031253104083,4:3:4:4:4:2:3:4:4,1:2:4:4:1:3:4:4:0
2:3:4:4:2:4:4:4:1:,clone,5869.5923304365015,2:3:4:4:2:4:4:4:1
2:3:4:4:2:4:4:4:1:,clone,5712.602618173168,2:3:4:4:2:4:4:4:1
0:2:4:3:0:4:4:4:0:,recombination,5699.467188396939,1:1:4:3:0:4:4:4:0,1:2:4:4:2:4:4:4:0
0:1:4:4:0:4:4:4:0:,recombination,7602.220508070846,3:3:4:4:4:4:4:4:3,1:1:4:2:0:4:4:4:0,MUTATE
1:2:4:2:0:4:4:4:0:,recombination,4412.51420152523,2:2:4:4:4:4:4:4:1,3:3:4:4:4:4:4:4:2,MUTATE
3:3:4:4:4:3:4:4:2:,clone,4611.681040156573,3:3:4:4:4:3:4:4:2
3:3:4:4:4:3:4:4:2:,clone,4562.837793179922,3:3:4:4:4:3:4:4:2
2:2:4:4:3:4:4:4:2:,recombination,4763.318632019741,2:3:4:4:3:4:4:4:2,4:3:4:4:4:3:3:4:3
4:4:4:4:4:0:0:2:4:,recombination,4387.040831636758,3:3:4:4:4:1:3:4:3,3:2:4:4:4:4:3:4:2,MUTATE
4:4:4:4:4:0:0:2:4:,clone,4282.805760930694,4:4:4:4:4:0:0:2:4
1:2:4:4:0:4:4:4:1:,clone,5955.318559901075,1:2:4:4:0:4:4:4:1
4:3:4:4:4:1:3:4:3:,recombination,4833.216232749105,1:1:4:3:0:4:4:4:0,2:2:4:4:4:4:4:4:2,MUTATE
3:2:4:4:4:1:3:4:2:,clone,4575.7909985374545,3:2:4:4:4:1:3:4:2
4:4:4:4:4:2:1:2:4:,clone,4788.8188216667195,4:4:4:4:4:2:1:2:4
3:3:4:4:4:3:3:4:3:,clone,4364.613334256157,3:3:4:4:4:3:3:3:3
2:2:4:4:4:3:4:4:2:,clone,4495.946732514167,2:2:4:4:4:4:4:4:2
