4:4:4:4:4:2:2:4:4:,initialisation,4846.751087191395,
4:4:4:4:4:2:3:4:4:,initialisation,5283.500042503195,
3:3:4:4:4:2:3:3:3:,initialisation,4228.279455249115,
4:4:4:4:4:3:2:4:4:,initialisation,4783.9752886178185,
4:4:4:4:4:2:2:4:4:,initialisation,4465.297304916943,
4:3:4:4:4:3:3:4:4:,initialisation,5006.044590919297,
4:4:4:4:4:1:2:4:4:,initialisation,4554.045512852303,
4:4:4:4:4:2:2:4:4:,initialisation,3995.068514943947,
4:4:4:4:4:1:1:4:4:,initialisation,4728.9345310221315,
4:4:4:4:4:1:2:4:4:,initialisation,4378.5439379973595,
4:3:4:4:4:3:3:4:4:,initialisation,4666.864205912809,
4:4:4:4:4:1:1:3:4:,initialisation,4563.277079719986,
4:4:4:4:4:3:3:4:4:,initialisation,5130.985152590669,
4:4:4:4:4:1:1:1:4:,initialisation,3639.517618289718,
4:4:4:4:4:1:1:4:4:,initialisation,4665.378019671578,
4:4:4:4:4:1:1:3:4:,initialisation,3989.4108356485285,
4:4:4:4:4:3:3:4:4:,initialisation,4781.792604105742,
4:4:4:4:4:2:2:3:4:,initialisation,4766.166853498493,
2:2:4:4:4:3:3:4:2:,initialisation,4604.3675078512915,
3:3:4:4:4:2:3:4:3:,initialisation,4232.9296607852175,
3:3:4:4:4:3:3:4:3:,initialisation,4804.002813941521,
4:4:4:4:4:2:2:3:4:,initialisation,4662.698726882589,
3:3:4:4:4:2:3:4:3:,initialisation,4206.628333518817,
4:4:4:4:4:1:2:3:4:,initialisation,4278.63692758334,
3:3:4:4:4:1:2:2:3:,initialisation,3764.9561851050157,
4:4:4:4:4:1:1:2:4:,initialisation,4118.24944347961,
4:4:4:4:4:3:3:4:3:,initialisation,4915.76670549543,
4:4:4:4:4:0:1:2:4:,initialisation,4426.181835225946,
4:4:4:4:4:1:1:4:4:,initialisation,4561.575695133369,
4:4:4:4:4:1:2:4:4:,initialisation,4282.17718954699,
3:3:4:4:4:2:2:4:3:,initialisation,4053.266409219932,
3:3:4:4:4:3:2:3:3:,initialisation,4517.328254760215,
4:4:4:4:4:2:1:3:4:,initialisation,5026.473727209412,
4:4:4:4:4:2:1:4:4:,initialisation,4653.39380384665,
3:3:4:4:4:1:2:3:3:,initialisation,3791.700923672035,
4:4:4:4:4:1:1:3:4:,initialisation,3823.189144234659,
3:4:4:4:4:2:3:4:3:,initialisation,4588.021617675048,
4:3:4:4:4:3:3:4:3:,initialisation,5193.952646200045,
4:3:4:4:4:2:3:4:4:,initialisation,5032.207517811015,
4:3:4:4:4:2:3:4:4:,initialisation,4775.698117570927,
3:4:4:4:4:2:2:4:3:,initialisation,4060.777804521574,
4:4:4:4:4:1:2:3:4:,initialisation,4213.492738705994,
4:4:4:4:4:2:3:4:4:,initialisation,4697.509665999832,
2:3:4:4:4:3:3:4:2:,initialisation,4497.909540862106,
2:3:4:4:4:2:3:3:2:,initialisation,3471.843262234386,
4:4:4:4:4:1:2:4:4:,initialisation,4199.432450518585,
4:4:4:4:4:1:2:4:4:,initialisation,3975.5086902848343,
4:4:4:4:4:2:1:4:4:,initialisation,4631.766296052057,
4:3:4:4:4:2:2:2:4:,initialisation,4095.426398779313,
4:4:4:4:4:1:1:2:4:,initialisation,3991.9077622377617,
4:4:4:4:4:2:3:4:4:,initialisation,4647.605386588473,
4:4:4:4:4:1:1:2:4:,initialisation,3926.728639163273,
4:4:4:4:4:1:2:3:4:,initialisation,4131.652847973256,
4:4:4:4:4:2:3:4:4:,initialisation,4342.64207229661,
4:4:4:4:4:2:3:4:4:,initialisation,4089.5357326993044,
3:3:4:4:4:2:2:3:3:,initialisation,3868.983151065913,
4:4:4:4:4:3:3:4:4:,initialisation,4719.4575478353245,
4:4:4:4:4:0:1:3:4:,initialisation,4468.991583798487,
4:4:4:4:4:3:2:4:4:,initialisation,4459.024040410923,
4:4:4:4:4:2:2:3:4:,initialisation,4416.390337547485,
4:4:4:4:4:3:3:4:4:,initialisation,4650.242357902123,
4:4:4:4:4:2:2:3:4:,initialisation,4243.6846044325985,
4:4:4:4:4:3:3:3:4:,initialisation,4657.326821635744,
4:3:4:4:4:3:3:4:3:,initialisation,4970.600286707878,
4:4:3:4:4:0:1:3:4:,initialisation,5283.500042503196,
4:3:4:4:4:3:3:4:3:,initialisation,4967.889414242654,
4:4:4:4:4:1:2:3:4:,initialisation,4050.9440762012246,
3:3:4:4:4:3:3:4:3:,initialisation,4794.5536377998615,
3:3:4:4:4:3:4:4:2:,initialisation,4787.77144781969,
2:3:4:4:4:2:2:3:2:,initialisation,4064.665693332554,
4:3:4:4:4:3:3:4:4:,initialisation,4587.050893597529,
2:3:4:4:4:2:3:4:2:,initialisation,4315.269291293525,
4:4:4:4:4:3:3:4:4:,initialisation,4611.112855488271,
4:3:4:4:4:3:3:4:4:,initialisation,4556.010559936438,
4:4:4:4:4:1:1:4:4:,initialisation,4447.059327777889,
2:3:4:4:4:3:3:4:2:,initialisation,4442.494108602005,
3:3:4:4:4:3:3:3:3:,initialisation,4580.439749321593,
4:3:4:4:4:3:3:4:3:,initialisation,4820.883499481415,
4:4:3:4:4:1:1:4:4:,initialisation,5283.500042503194,
4:4:4:4:4:2:1:3:4:,initialisation,5003.747486207251,
1:2:4:4:4:3:3:4:1:,initialisation,4639.321117139841,
4:4:4:4:4:1:1:2:4:,initialisation,3754.1432840167868,
4:3:4:4:4:2:3:4:4:,initialisation,4420.692885731508,
3:3:4:4:4:2:3:4:3:,initialisation,3992.1332309042687,
3:3:4:4:4:3:3:4:2:,initialisation,4706.383457246945,
4:4:4:4:4:2:1:3:4:,initialisation,4810.706134101079,
4:3:4:4:4:3:2:4:4:,initialisation,4777.131337075603,
4:3:4:4:4:3:2:4:4:,initialisation,4652.4394045732815,
4:4:4:4:4:2:1:4:4:,initialisation,4507.940681844495,
3:3:4:4:4:2:2:2:3:,initialisation,4188.010664676279,
4:4:4:4:4:0:0:1:4:,initialisation,3693.8883561672574,
4:4:4:4:4:2:2:2:4:,initialisation,3664.4517521744865,
4:4:4:4:4:1:1:4:4:,initialisation,4413.013412972486,
4:3:4:4:4:1:2:2:4:,initialisation,3698.0421379370837,
4:4:4:4:4:1:2:2:4:,initialisation,3913.7873624733393,
4:3:4:4:4:3:4:4:3:,initialisation,4884.421148132165,
4:3:4:4:4:2:2:4:4:,initialisation,4445.594097773907,
2:2:4:4:4:3:3:4:2:,initialisation,4457.712125246435,
4:4:4:4:4:0:0:2:4:,initialisation,4404.074812492124,
4:4:4:4:4:1:1:2:4:,initialisation,3743.385670604361,
3:3:4:4:4:3:3:4:3:,initialisation,4681.662191109018,
2:3:4:4:4:3:4:4:2:,initialisation,4283.698845243694,
2:3:4:4:4:3:3:4:2:,initialisation,4105.136503606581,
3:3:4:4:4:3:3:4:3:,initialisation,4420.790433903367,
3:3:4:4:4:3:4:4:3:,initialisation,5073.0229305148605,
3:3:4:4:4:1:2:2:3:,initialisation,3646.4338266016075,
4:4:4:4:4:2:2:3:4:,initialisation,4174.637277198995,
3:3:4:4:4:3:4:4:3:,initialisation,5035.03020541022,
3:3:4:4:4:1:1:2:3:,initialisation,3911.05332996798,
3:3:4:4:4:1:2:3:3:,initialisation,3672.1588136286664,
4:4:4:4:4:1:2:3:4:,initialisation,3915.7565926566463,
2:3:4:4:4:2:3:4:2:,initialisation,4083.2385272398674,
4:3:4:4:4:2:2:4:4:,initialisation,4432.8000026001055,
3:3:4:4:4:2:3:4:2:,initialisation,4452.781384027506,
4:4:4:4:4:0:1:2:4:,initialisation,3613.607257901766,
4:3:4:4:4:3:3:4:3:,initialisation,4808.6432693666875,
4:4:4:4:4:1:1:4:4:,initialisation,4271.878232485803,
3:3:4:4:4:3:3:4:3:,initialisation,4388.147909318756,
4:4:4:4:4:2:2:3:4:,initialisation,4106.94487091314,
4:4:4:4:4:2:2:3:4:,initialisation,3786.8941365207706,
4:4:4:4:4:1:2:2:4:,initialisation,3662.498809048637,
3:3:4:4:4:3:3:4:3:,initialisation,4346.974347097097,
3:3:4:4:4:4:4:4:2:,initialisation,5196.185195365161,
4:3:4:4:4:3:3:4:3:,initialisation,4504.145415413618,
4:4:4:4:4:0:1:1:4:,initialisation,4270.958323890938,
3:3:4:4:4:2:3:3:3:,initialisation,3864.004097649208,
4:3:4:4:4:2:2:4:4:,initialisation,4101.884916912233,
4:4:3:4:4:0:0:0:4:,initialisation,4587.111051160215,
4:4:4:4:4:1:2:3:4:,initialisation,3737.59245832737,
4:4:4:4:4:3:3:4:4:,initialisation,4510.9119676118235,
3:3:4:4:4:3:3:4:3:,initialisation,3940.0645532056064,
3:3:4:4:4:4:3:4:2:,initialisation,5167.7659924596455,
4:4:4:4:4:0:1:1:4:,initialisation,3734.913461796611,
3:3:4:4:4:2:2:4:3:,initialisation,3925.0837774914876,
3:3:4:4:4:3:4:4:3:,initialisation,4940.162380136006,
3:3:4:4:4:3:3:4:2:,initialisation,4518.245131894544,
4:4:4:4:4:3:3:4:4:,initialisation,4467.291080069824,
3:3:4:4:4:3:2:4:3:,initialisation,4586.3869201146945,
0:2:4:2:0:4:4:4:0:,initialisation,4945.7449011636745,
4:3:4:4:4:2:2:3:4:,initialisation,3909.1674951175,
3:3:4:4:4:3:4:4:3:,initialisation,4882.298475643201,
4:4:4:4:4:1:1:4:4:,initialisation,4083.3270521927284,
3:3:4:4:4:2:3:4:3:,initialisation,3789.85293164977,
4:4:4:4:4:1:1:3:4:,initialisation,3719.2762948395407,
4:4:4:4:4:0:1:1:4:,initialisation,3707.9729763102414,
3:3:4:4:4:3:3:4:3:,initialisation,3791.2614759492253,
4:4:4:4:4:2:1:4:4:,initialisation,4321.151099366821,
4:4:4:4:4:3:3:4:4:,initialisation,4463.359310761774,
3:2:4:4:4:3:3:4:2:,initialisation,4306.061192542224,
1:2:4:2:0:4:4:4:0:,initialisation,5129.022394735606,
4:4:4:4:4:1:1:1:4:,initialisation,3451.447203649506,
3:3:4:4:4:4:3:4:2:,initialisation,5025.153810601977,
4:3:4:4:4:2:3:4:3:,initialisation,4430.749461410431,
4:4:4:4:4:1:1:4:4:,initialisation,3653.928149520294,
4:3:4:4:4:2:3:3:4:,initialisation,4096.574022907517,
4:4:4:4:4:2:1:3:4:,initialisation,4597.679253606979,
3:3:4:4:4:2:2:2:3:,initialisation,4138.114302191629,
2:3:4:4:4:2:3:4:2:,initialisation,4056.7137315071755,
4:4:4:4:4:2:3:3:4:,initialisation,4660.798901221038,
4:4:4:4:4:2:1:3:4:,initialisation,4118.646543580517,
3:3:4:4:4:4:3:4:3:,initialisation,4877.52185933697,
4:4:4:4:4:0:0:0:4:,initialisation,3477.0045570788084,
4:3:4:4:4:2:1:2:4:,initialisation,4028.3610197597272,
3:3:4:4:4:1:2:2:3:,initialisation,3639.2770142838663,
4:4:4:4:4:2:2:4:4:,initialisation,3985.6922738579574,
4:3:4:4:4:3:2:4:4:,initialisation,4640.433568986503,
4:3:4:4:4:4:3:4:3:,initialisation,5245.377909982998,
2:3:4:4:4:2:2:4:2:,initialisation,4151.555324671292,
3:3:4:4:4:1:2:4:3:,initialisation,3700.703140055865,
4:4:4:4:4:0:1:2:4:,initialisation,3571.02151347025,
4:3:4:4:4:1:1:2:4:,initialisation,3638.032627481296,
3:4:4:4:4:3:3:4:3:,initialisation,4567.813794946378,
4:4:4:4:4:1:1:2:4:,initialisation,3730.7344295707408,
1:2:4:4:4:3:4:4:1:,initialisation,4550.907707266198,
4:4:4:4:4:1:2:1:4:,initialisation,3699.642894798088,
1:2:4:4:2:4:4:4:1:,initialisation,4994.818921748169,
3:3:4:4:4:3:3:3:3:,initialisation,4431.116411981444,
2:3:4:4:4:4:3:4:2:,initialisation,4452.306050175703,
4:4:4:4:4:3:2:3:4:,initialisation,4573.676083977829,
1:3:4:4:3:3:4:4:1:,initialisation,4627.834158568203,
2:2:4:4:4:3:3:3:2:,initialisation,4176.729336555112,
4:3:4:4:4:2:2:4:4:,initialisation,4015.4151460146363,
4:4:3:4:4:1:1:3:4:,initialisation,5283.500042503193,
3:3:4:4:4:3:3:3:3:,initialisation,4267.7638262415285,
4:4:4:4:4:2:2:2:4:,initialisation,3595.8751210319488,
4:4:4:4:4:2:2:4:4:,initialisation,3821.7491759558334,
2:3:4:4:4:2:4:4:2:,initialisation,4181.947169382288,
3:4:4:4:4:1:1:1:4:,initialisation,3781.5452850350457,
4:4:4:4:4:2:3:3:4:,initialisation,4425.852734199495,
4:3:4:4:4:3:2:4:4:,initialisation,4527.039790085709,
2:3:4:4:4:2:3:4:2:,initialisation,4034.0854337635556,
2:2:4:4:4:3:4:4:1:,initialisation,4484.698403451298,
3:4:4:4:4:3:3:4:3:,initialisation,4313.303629084865,
4:3:4:4:4:3:3:4:4:,initialisation,4519.744578794384,
4:4:4:4:4:1:2:4:4:,initialisation,3742.1335893082005,
2:2:4:4:4:3:4:4:2:,initialisation,4979.925539197537,
3:4:4:4:4:2:3:4:3:,initialisation,4552.018248758328,
4:4:4:4:4:2:2:3:4:,initialisation,3768.2446925237273,
4:3:4:4:4:2:3:4:4:,initialisation,4350.1505694754505,
3:3:4:4:4:1:2:3:3:,initialisation,3666.5553259121693,
3:3:4:4:4:3:2:4:3:,initialisation,4526.533433732667,
1:2:4:2:0:4:4:4:0:,initialisation,5100.792034907837,
4:3:4:4:4:1:2:1:4:,initialisation,4567.694764686439,
3:3:4:4:4:4:3:4:2:,initialisation,4995.981246988138,
2:3:4:4:4:2:3:4:2:,initialisation,3818.4501005447405,
3:3:4:4:4:4:4:4:2:,initialisation,5126.593613334783,
4:3:4:4:4:3:3:3:4:,initialisation,4803.143640160827,
4:3:4:4:4:1:2:3:4:,initialisation,4006.390462324057,
4:3:4:4:4:1:2:3:4:,initialisation,3877.5570552328522,
3:3:4:4:4:2:2:4:3:,initialisation,3887.8000287552377,
3:4:4:4:4:2:3:4:3:,initialisation,4302.760699439115,
4:4:4:4:4:1:1:2:4:,initialisation,3636.552889146399,
4:4:4:4:4:0:1:0:4:,initialisation,3567.623915703068,
4:4:4:4:4:1:1:2:4:,initialisation,3594.432401031384,
4:4:4:4:4:3:3:4:3:,initialisation,4730.66062906897,
2:2:4:4:4:3:3:4:2:,initialisation,4417.151695105112,
2:2:4:4:4:3:4:4:2:,initialisation,4728.768548180298,
4:3:4:4:4:3:3:4:4:,initialisation,4337.22411487256,
3:3:4:4:4:2:2:4:3:,initialisation,3755.3106079006707,
2:3:4:4:4:4:4:4:2:,initialisation,5179.911274358365,
4:4:4:4:4:3:3:4:4:,initialisation,4444.036858400517,
3:3:4:4:4:1:1:1:3:,initialisation,3453.758789621277,
4:4:4:4:4:1:1:1:4:,initialisation,3176.916614767713,
4:4:4:4:4:0:1:3:4:,initialisation,4464.858465755404,
4:4:4:4:4:1:0:2:4:,initialisation,4371.659419167267,
0:2:4:2:0:4:4:4:0:,initialisation,4725.618692043638,
4:3:4:4:4:1:2:4:4:,initialisation,4070.972089223129,
2:2:4:4:3:4:4:4:1:,initialisation,4727.256695538143,
2:2:4:4:4:2:3:3:2:,initialisation,4323.801214273755,
1:2:4:4:4:3:4:4:1:,initialisation,4243.699869853731,
1:2:4:2:0:4:4:4:0:,initialisation,4915.6886512991605,
4:4:2:4:4:0:1:2:4:,initialisation,5283.500042503194,
4:4:4:4:4:2:3:3:4:,initialisation,4414.2679199606355,
4:4:4:4:4:0:0:1:4:,initialisation,3680.1976691310283,
4:3:4:4:4:2:2:2:4:,initialisation,3934.7669385165236,
3:3:4:4:4:3:3:3:3:,initialisation,4115.840319574339,
4:4:4:4:4:1:0:1:4:,initialisation,4193.902230287351,
1:2:4:4:4:4:4:4:1:,initialisation,4595.980874954951,
4:3:4:4:4:1:1:2:4:,initialisation,3556.3021160760472,
3:3:4:4:4:3:2:4:3:,initialisation,4360.891774086677,
2:3:4:4:4:3:3:4:2:,initialisation,3973.8930225037657,
3:3:4:4:4:2:2:2:3:,initialisation,3933.1370861478185,
1:2:4:4:4:3:3:4:1:,initialisation,4370.923873255816,
4:3:4:4:4:2:3:4:4:,initialisation,4211.7029720509045,
4:4:4:4:4:0:0:1:4:,clone,3615.578079480448,4:4:4:4:4:0:0:0:4
3:3:4:4:4:2:2:4:3:,clone,3752.1266664483906,3:3:4:4:4:2:2:4:3
4:4:4:4:4:0:1:0:4:,recombination,3439.9929324804966,4:4:4:4:4:1:1:3:4,4:4:4:4:4:0:1:0:4,MUTATE
3:3:4:4:4:3:2:3:3:,recombination,4138.265431492395,3:3:4:4:4:3:2:4:3,3:3:4:4:4:3:3:4:3,MUTATE
3:3:4:4:4:1:1:1:4:,recombination,3716.3453862808783,4:3:4:4:4:2:3:4:4,3:3:4:4:4:2:2:2:3
4:4:4:4:4:0:1:3:4:,recombination,3554.7264440203508,4:4:4:4:4:3:3:4:4,4:4:4:4:4:0:1:2:4,MUTATE
4:3:4:4:4:2:1:3:4:,recombination,3960.273873786956,4:3:4:4:4:2:1:2:4,4:4:4:4:4:3:3:4:4,MUTATE
4:4:3:4:4:1:1:4:4:,recombination,5163.5750783170415,4:3:4:4:4:3:3:4:3,4:4:3:4:4:1:1:3:4
4:4:4:4:4:2:2:3:4:,clone,3726.609215697173,4:4:4:4:4:2:2:3:4
3:3:4:4:4:1:2:2:3:,recombination,3560.220012319723,4:4:4:4:4:1:2:4:4,4:4:4:4:4:1:2:1:4,MUTATE
2:3:4:4:4:3:3:4:2:,recombination,3889.1862996157924,2:3:4:4:4:4:3:4:2,3:3:4:4:4:3:3:4:3
2:2:4:4:4:2:3:3:2:,clone,4171.2410979331635,2:2:4:4:4:3:3:3:2
3:3:4:4:4:2:2:4:3:,clone,3749.9884121390705,3:3:4:4:4:2:2:4:3
3:3:4:4:4:3:2:4:3:,clone,4138.265431492395,3:3:4:4:4:3:2:3:3
3:3:4:4:4:2:2:4:3:,clone,3454.5702997716935,3:3:4:4:4:3:3:4:3
4:4:4:4:4:1:1:2:4:,recombination,3491.3473704601065,4:4:4:4:4:2:2:2:4,4:4:4:4:4:2:1:4:4
4:4:4:4:4:2:2:3:4:,recombination,3659.1920426465917,4:4:4:4:4:0:1:2:4,3:3:4:4:4:2:2:4:3
2:2:4:4:4:3:3:4:2:,recombination,4003.8568865786283,3:3:4:4:4:3:3:4:3,2:3:4:4:4:3:3:4:2,MUTATE
3:3:4:4:4:3:3:4:2:,recombination,4404.481986021696,3:4:4:4:4:3:3:4:3,3:3:4:4:4:3:4:4:3,MUTATE
4:4:4:4:4:1:2:3:4:,recombination,3603.6048727798593,4:4:4:4:4:2:1:3:4,2:3:4:4:4:2:3:4:2,MUTATE
4:4:4:4:4:2:2:4:4:,recombination,3787.256707391493,3:3:4:4:4:4:3:4:2,4:4:4:4:4:2:2:4:4,MUTATE
2:2:4:4:4:3:4:4:2:,recombination,4310.2188621517125,3:3:4:4:4:1:1:1:3,2:3:4:4:4:4:3:4:2
1:2:4:4:2:3:4:4:1:,recombination,4508.5787848089985,1:2:4:2:0:4:4:4:0,3:3:4:4:4:2:2:2:3,MUTATE
3:3:4:4:4:1:2:3:3:,clone,3560.220012319723,3:3:4:4:4:1:2:2:3
4:4:4:4:4:2:1:4:4:,clone,4300.508826132482,4:4:4:4:4:2:1:4:4
4:3:4:4:4:2:2:4:4:,recombination,3754.3285529805457,4:4:4:4:4:2:2:4:4,4:4:4:4:4:2:2:3:4
3:3:4:4:4:3:4:4:3:,clone,4814.035745665925,3:3:4:4:4:3:4:4:3
3:3:4:4:4:3:4:4:2:,recombination,4476.502485140639,1:2:4:2:0:4:4:4:0,4:4:4:4:4:1:2:3:4,MUTATE
4:4:4:4:4:3:3:4:3:,recombination,4563.3281334907115,4:4:4:4:4:3:3:4:4,3:3:4:4:4:1:2:4:3
4:4:4:4:4:1:1:3:4:,recombination,3662.332555669105,4:4:4:4:4:1:2:3:4,4:4:4:4:4:2:2:4:4,MUTATE
4:3:4:4:4:3:2:4:4:,clone,4527.039790085708,4:3:4:4:4:3:2:4:4
3:3:4:4:4:1:2:2:3:,clone,3408.90397477004,3:3:4:4:4:1:2:3:3
3:3:4:4:4:3:3:4:2:,clone,4312.690929664039,3:3:4:4:4:3:3:4:2
3:3:4:4:4:3:2:4:3:,clone,4023.7410110764163,3:3:4:4:4:3:2:4:3
4:4:3:4:4:0:1:3:4:,clone,5210.970306180303,4:4:3:4:4:0:1:3:4
4:3:4:4:4:0:1:2:4:,recombination,3422.540644002025,4:4:4:4:4:0:1:2:4,4:4:4:4:4:0:1:0:4
4:4:4:4:4:0:0:0:4:,recombination,3375.4781243361786,4:4:4:4:4:2:1:3:4,4:4:4:4:4:0:0:1:4
4:3:4:4:4:3:2:4:4:,clone,4486.173134413321,4:3:4:4:4:3:2:4:4
4:4:4:4:4:2:1:4:4:,clone,4269.265737536518,4:4:4:4:4:2:1:4:4
3:3:4:4:4:2:3:3:3:,clone,3748.9614307651746,3:3:4:4:4:2:3:4:3
4:4:4:4:4:1:2:3:4:,clone,3583.885371001996,4:4:4:4:4:2:2:4:4
4:4:4:4:4:3:3:4:4:,recombination,4026.064030144152,4:4:4:4:4:2:3:4:4,4:4:4:4:4:3:3:4:3,MUTATE
4:4:3:4:4:1:1:3:4:,clone,5035.34626486736,4:4:3:4:4:1:1:4:4
4:4:4:4:4:3:2:4:4:,clone,4109.287871216397,3:3:4:4:4:3:2:4:3
4:4:4:4:4:0:0:1:4:,clone,3566.822721519828,4:4:4:4:4:0:0:1:4
2:3:4:4:4:2:2:4:2:,clone,4096.325267664918,2:3:4:4:4:2:2:4:2
4:3:4:4:4:2:2:3:4:,recombination,3729.6341544343823,4:4:4:4:4:1:2:3:4,3:3:4:4:4:1:2:2:3,MUTATE
4:4:4:4:4:1:1:2:4:,clone,3475.171959375189,4:4:4:4:4:0:1:3:4
4:4:4:4:4:1:1:3:4:,clone,3653.928149520294,4:4:4:4:4:1:1:4:4
1:2:4:4:2:4:4:4:1:,clone,4644.816870082819,1:2:4:4:2:3:4:4:1
4:4:4:4:4:0:1:1:4:,clone,3628.2913649580278,4:4:4:4:4:0:0:1:4
4:4:4:4:4:1:2:4:4:,clone,3550.957216591049,4:4:4:4:4:1:2:3:4
4:4:4:4:4:1:1:3:4:,clone,3648.3515433432794,4:4:4:4:4:1:1:3:4
3:3:4:4:4:3:4:4:3:,clone,4712.2539336042,3:3:4:4:4:3:4:4:3
4:4:3:4:4:1:1:4:4:,recombination,5035.34626486736,4:4:3:4:4:1:1:4:4,4:3:4:4:4:2:2:4:4
3:3:4:4:4:3:3:4:2:,recombination,4233.2285933736675,3:4:4:4:4:3:3:4:3,1:2:4:4:4:3:3:4:1
2:2:4:4:4:4:4:4:2:,clone,4400.008712971658,2:2:4:4:4:4:4:4:2
1:3:4:4:4:3:3:4:1:,recombination,4153.138886029838,2:2:4:4:4:3:4:4:2,1:2:4:4:4:3:3:4:1
1:2:4:4:2:4:4:4:1:,clone,4554.566954550039,1:2:4:4:2:4:4:4:1
4:4:4:4:4:2:1:3:4:,recombination,3992.673788878818,4:3:4:4:4:1:1:2:4,4:4:4:4:4:2:1:3:4,MUTATE
4:4:4:4:4:2:3:4:4:,clone,3876.064030144152,4:4:4:4:4:3:3:4:4
4:4:4:4:4:0:1:1:4:,recombination,3423.1757341624,4:4:4:4:4:0:0:0:4,4:3:4:4:4:2:3:4:4
2:3:4:4:4:3:3:3:2:,recombination,3972.373661904633,2:2:4:4:4:3:4:4:2,4:3:4:4:4:2:3:4:4
4:3:4:4:4:1:2:3:4:,clone,3539.2271070300512,4:3:4:4:4:2:2:3:4
4:4:4:4:4:0:1:2:4:,recombination,3355.798199419013,4:4:4:4:4:0:1:1:4,4:4:4:4:4:1:2:3:4
1:2:4:2:0:4:4:4:0:,clone,4825.438735766379,1:2:4:2:0:4:4:4:0
4:3:4:4:4:1:1:2:4:,recombination,3427.1450246527465,4:4:4:4:4:1:1:2:4,3:4:4:4:4:2:2:4:3,MUTATE
4:3:4:4:4:2:2:3:4:,recombination,3652.326625780538,4:4:4:4:4:2:1:3:4,3:3:4:4:4:2:3:3:3,MUTATE
4:3:4:4:4:1:2:4:4:,clone,3666.241396182883,4:4:4:4:4:2:2:4:4
1:3:4:4:3:3:4:4:1:,clone,4470.218344208196,1:3:4:4:3:3:4:4:1
1:2:4:4:4:3:4:4:1:,clone,4134.534688577285,1:2:4:4:4:3:4:4:1
2:3:4:4:4:4:4:4:2:,recombination,4587.212908451033,3:3:4:4:4:3:4:4:3,2:3:4:4:4:3:3:4:2,MUTATE
4:4:3:4:4:1:1:3:4:,clone,4958.148470517136,4:4:3:4:4:1:1:3:4
4:4:4:4:4:2:2:4:4:,recombination,3784.0205814943115,4:4:4:4:4:1:2:4:4,4:4:4:4:4:1:2:3:4
4:3:4:4:4:1:1:3:4:,clone,3571.459198929952,4:4:4:4:4:1:1:3:4
3:3:4:4:4:1:2:4:3:,recombination,3666.153129095349,4:4:4:4:4:1:1:2:4,2:3:4:4:4:2:2:4:2
4:3:4:4:4:3:3:4:3:,recombination,4256.295879980114,4:4:4:4:4:3:3:4:4,1:2:4:2:0:4:4:4:0
4:4:3:4:4:1:1:3:4:,clone,4917.281814844749,4:4:3:4:4:1:1:3:4
1:2:4:4:4:4:4:4:1:,recombination,4447.627440766628,2:2:4:4:4:3:4:4:1,3:3:4:4:4:3:4:4:3
4:4:4:4:4:2:3:3:4:,clone,4120.946665818546,4:3:4:4:4:2:3:3:4
2:3:4:4:4:2:4:4:2:,clone,4180.82581722775,2:3:4:4:4:2:4:4:2
1:2:4:3:1:4:4:4:0:,recombination,4815.651331377393,4:3:4:4:4:1:1:2:4,0:2:4:2:0:4:4:4:0,MUTATE
1:2:4:4:2:4:4:4:1:,clone,4499.199471208786,1:2:4:4:2:4:4:4:1
3:3:4:4:4:3:4:4:3:,clone,4642.240861656709,3:3:4:4:4:3:4:4:3
2:3:4:4:4:4:4:4:2:,clone,4532.7137302057745,2:3:4:4:4:4:4:4:2
3:3:4:4:4:4:4:4:2:,recombination,4836.723906409052,4:3:4:4:4:3:4:4:3,4:4:4:4:4:3:3:4:3,MUTATE
2:2:4:4:3:4:4:4:1:,clone,4228.233593241227,2:2:4:4:3:4:4:4:1
4:3:4:4:4:1:1:3:4:,recombination,3488.4367218568923,4:4:4:4:4:0:1:3:4,4:4:4:4:4:2:2:2:4
2:2:4:4:3:3:4:4:1:,clone,4133.282729292997,2:2:4:4:3:4:4:4:1
4:3:4:4:4:1:1:3:4:,recombination,3464.270285420336,4:4:4:4:4:2:1:4:4,4:3:4:4:4:1:1:2:4,MUTATE
4:4:4:4:4:1:1:3:4:,clone,3512.2972201427788,4:4:4:4:4:1:1:3:4
2:2:4:4:4:4:4:4:1:,recombination,4442.794209734219,4:4:4:4:4:1:1:4:4,2:3:4:4:4:3:3:4:2
4:4:4:4:4:1:1:2:4:,recombination,3421.2294698156707,4:4:4:4:4:2:2:2:4,3:3:4:4:4:1:1:2:3
2:2:4:4:3:4:4:4:1:,recombination,4212.38316922653,2:2:4:4:4:3:3:4:2,3:4:4:4:4:2:3:4:3
0:2:4:2:0:4:4:4:0:,clone,4488.252873562968,0:2:4:2:0:4:4:4:0
3:3:4:4:4:4:4:4:2:,clone,4674.63238921508,3:3:4:4:4:3:3:4:3
4:4:4:4:4:1:2:2:4:,clone,3421.2294698156707,4:4:4:4:4:1:2:2:4
4:4:4:4:4:1:2:3:4:,recombination,3573.101740134358,2:3:4:4:4:2:2:4:2,4:3:4:4:4:1:2:3:4,MUTATE
1:2:4:4:2:4:4:4:1:,clone,4184.525376974238,2:2:4:4:3:4:4:4:1
2:3:4:4:3:3:4:4:2:,recombination,4780.516663581476,4:4:4:4:4:1:2:4:4,3:3:4:4:4:3:4:4:3,MUTATE
3:3:4:4:4:2:3:4:3:,clone,3722.813235778865,3:3:4:4:4:2:3:4:3
4:4:4:4:4:2:2:2:4:,clone,3543.465254173375,4:4:4:4:4:1:2:2:4
1:3:4:4:3:3:4:4:1:,recombination,4468.470340201047,1:2:4:4:4:3:4:4:1,4:4:4:4:4:2:2:3:4
0:2:4:2:0:4:4:4:0:,clone,4473.271808094794,0:2:4:2:0:4:4:4:0
3:3:4:4:4:2:2:3:3:,recombination,3712.311907850377,4:4:4:4:4:2:1:3:4,2:3:4:4:4:2:3:3:2
4:4:4:4:4:2:3:3:4:,clone,3982.077304291459,4:4:4:4:4:2:3:3:4
4:3:4:4:4:2:3:4:4:,clone,4110.058899084237,3:3:4:4:4:3:3:4:3
4:4:4:4:4:1:1:2:4:,clone,3303.593421914786,4:4:4:4:4:1:1:1:4
4:3:4:4:4:3:3:4:4:,clone,4247.95414581536,4:3:4:4:4:2:3:4:4
2:3:4:4:4:3:4:4:2:,clone,4283.063989775501,2:3:4:4:4:3:4:4:2
1:2:4:3:0:4:4:4:0:,recombination,4839.782750934011,1:2:4:2:0:4:4:4:0,4:4:4:4:4:1:0:2:4,MUTATE
4:3:4:4:4:4:3:4:3:,recombination,5204.5112543106125,4:4:3:4:4:1:1:3:4,4:3:4:4:4:4:3:4:3
3:3:4:4:4:4:4:4:2:,recombination,4612.318149721918,3:3:4:4:4:3:3:4:2,2:3:4:4:4:3:3:4:2
3:3:4:4:4:1:2:4:3:,recombination,3657.6307900475076,4:3:4:4:4:2:2:4:4,4:4:4:4:4:0:1:3:4,MUTATE
3:3:4:4:4:4:3:4:3:,recombination,4828.327870276988,4:4:4:4:4:3:3:4:3,4:4:4:4:4:2:3:4:4,MUTATE
4:4:4:4:4:2:3:4:4:,clone,3740.7877239613526,4:4:4:4:4:2:3:4:4
3:3:4:4:4:1:3:3:3:,clone,3721.76622664889,4:4:4:4:4:2:3:3:4
1:2:4:3:0:4:4:4:0:,recombination,4684.281851084403,1:2:4:2:0:4:4:4:0,2:3:4:4:4:3:3:4:2,MUTATE
4:4:3:4:4:0:1:3:4:,clone,5053.7894748394865,4:4:3:4:4:0:1:3:4
4:3:4:4:4:4:3:4:3:,recombination,5072.964037088609,1:2:4:4:4:3:3:4:1,4:3:4:4:4:4:3:4:3,MUTATE
4:4:4:4:4:2:1:3:4:,recombination,3922.339618193857,4:4:4:4:4:0:0:1:4,4:4:4:4:4:1:1:3:4
3:3:4:4:4:3:3:3:3:,recombination,3968.283514565859,4:4:4:4:4:2:2:2:4,2:3:4:4:4:3:4:4:2
3:3:4:4:4:3:3:3:3:,clone,3893.775859523759,3:3:4:4:4:3:3:3:3
3:3:4:4:4:4:3:4:2:,clone,4827.996393791562,3:3:4:4:4:3:3:4:3
1:2:4:4:1:4:4:4:1:,recombination,5136.069063223511,4:4:4:4:4:1:1:3:4,1:2:4:3:0:4:4:4:0,MUTATE
1:2:4:4:3:4:4:4:1:,recombination,4662.262787623387,3:3:4:4:4:3:3:3:3,0:2:4:2:0:4:4:4:0
4:4:4:4:4:2:1:3:4:,clone,3912.8816775413625,4:4:4:4:4:2:1:3:4
4:3:4:4:4:2:2:2:4:,clone,3877.303855169467,4:3:4:4:4:2:2:2:4
4:4:3:4:4:0:1:3:4:,clone,4912.8049909355705,4:4:3:4:4:0:1:3:4
4:4:4:4:4:0:0:0:4:,recombination,3365.9485072461425,2:3:4:4:4:2:2:4:2,4:4:4:4:4:0:0:0:4,MUTATE
1:2:4:4:1:4:4:4:1:,clone,5097.716144192724,1:2:4:4:1:4:4:4:1
2:3:4:4:3:4:4:4:2:,clone,4490.5670925005015,2:2:4:4:3:4:4:4:1
3:3:4:4:4:4:3:4:2:,recombination,4815.967681964262,1:2:4:4:2:4:4:4:1,3:3:4:4:4:1:2:3:3
2:2:4:4:4:3:3:4:2:,recombination,3880.113907946703,3:3:4:4:4:1:2:3:3,2:3:4:4:4:2:3:3:2,MUTATE
2:2:4:4:4:2:3:4:2:,recombination,3946.897675357671,1:2:4:4:4:3:4:4:1,2:2:4:4:4:3:3:3:2,MUTATE
2:3:4:4:4:4:4:4:2:,clone,4468.733047707296,2:3:4:4:4:4:4:4:2
1:2:4:4:1:4:4:4:1:,clone,5075.646212588824,1:2:4:4:1:4:4:4:1
2:3:4:4:3:3:4:4:1:,recombination,4365.134962637801,4:3:4:4:4:2:3:4:4,2:3:4:4:4:2:2:4:2
4:3:4:4:4:2:2:4:4:,recombination,3729.216882530669,4:4:4:4:4:2:2:4:4,4:4:4:4:4:2:2:2:4,MUTATE
2:3:4:4:4:2:3:4:2:,clone,3604.837509565328,2:3:4:4:4:2:3:4:2
1:2:4:3:1:4:4:4:0:,clone,4787.197281445175,1:2:4:3:1:4:4:4:0
2:3:4:4:4:2:3:4:2:,recombination,3595.6690217457613,2:3:4:4:4:2:3:4:2,3:3:4:4:4:4:4:4:2,MUTATE
2:2:4:4:4:4:4:4:1:,clone,4423.09363418443,2:3:4:4:4:4:4:4:2
3:3:4:4:4:3:4:4:2:,clone,4325.6291554713425,3:3:4:4:4:3:3:4:3
2:2:4:4:4:4:4:4:1:,recombination,4145.054941356881,4:4:4:4:4:2:1:4:4,2:2:4:4:4:3:3:4:2,MUTATE
2:2:4:4:2:4:4:4:1:,clone,4404.69153447012,2:2:4:4:3:4:4:4:1
4:4:4:4:4:2:2:4:4:,clone,3741.2262996792897,4:4:4:4:4:1:2:3:4
4:3:4:4:4:1:2:3:4:,recombination,3471.9216810125567,2:3:4:4:4:2:3:4:2,4:4:4:4:4:1:1:3:4,MUTATE
1:2:4:4:4:4:4:4:1:,clone,4439.362295443707,1:2:4:4:4:4:4:4:1
1:2:4:2:0:4:4:4:0:,clone,4804.8436409508695,0:2:4:2:0:4:4:4:0
2:2:4:4:4:3:3:4:2:,clone,3679.349587761788,2:2:4:4:4:3:3:4:2
2:3:4:4:2:4:4:4:1:,recombination,4720.888848042902,1:3:4:4:3:3:4:4:1,2:2:4:4:4:3:4:4:2,MUTATE
2:2:4:4:4:3:3:3:2:,clone,3850.1147565515657,2:3:4:4:4:3:3:3:2
3:2:4:4:4:3:3:4:2:,clone,4203.707553591189,2:2:4:4:4:3:3:4:2
2:2:4:4:4:3:4:4:2:,clone,4155.298036406005,2:3:4:4:4:3:4:4:2
3:3:4:4:4:3:3:4:2:,clone,4121.933995705496,3:3:4:4:4:3:3:4:3
1:2:4:2:0:4:4:4:0:,recombination,4768.475923411466,3:3:4:4:4:3:4:4:2,4:3:4:4:4:3:3:4:3,MUTATE
1:2:4:2:0:4:4:4:0:,clone,4726.90578388686,1:2:4:2:0:4:4:4:0
1:2:4:4:4:3:3:4:1:,recombination,3911.6641747030353,2:2:4:4:4:3:3:3:2,2:3:4:4:4:3:3:4:2
1:2:4:4:1:4:4:4:1:,recombination,4652.301928259796,4:3:4:4:4:3:2:4:4,1:2:4:4:4:4:4:4:1,MUTATE
1:2:4:3:1:4:4:4:0:,recombination,4579.618816102669,1:2:4:4:1:4:4:4:1,4:4:4:4:4:3:3:4:4,MUTATE
0:2:4:2:0:4:4:4:0:,clone,4461.40173642852,0:2:4:2:0:4:4:4:0
1:2:4:3:1:4:4:4:0:,recombination,4567.6816114977255,3:3:4:4:4:3:4:4:2,1:2:4:3:1:4:4:4:0
1:2:4:3:1:4:4:4:0:,clone,4504.0680363279425,1:2:4:3:1:4:4:4:0
3:3:4:4:4:3:3:4:2:,recombination,4076.403218202926,3:3:4:4:4:3:3:3:3,3:3:4:4:4:2:3:4:3,MUTATE
4:3:4:4:4:2:3:4:4:,clone,4096.778455049276,4:4:4:4:4:2:2:4:4
3:3:4:4:4:1:2:3:3:,clone,3504.0333964615943,3:3:4:4:4:1:2:3:3
4:3:4:4:4:2:3:4:4:,clone,4096.440279911945,4:3:4:4:4:2:3:4:4
4:3:4:4:4:3:3:4:3:,clone,4096.778455049276,4:3:4:4:4:2:3:4:4
2:3:4:4:4:3:4:4:2:,clone,4162.392480829578,2:3:4:4:4:3:4:4:2
2:2:4:4:2:4:4:4:1:,clone,4306.16459364563,2:2:4:4:2:4:4:4:1
1:2:4:4:2:4:4:4:0:,recombination,4641.3029855426075,4:3:4:4:4:0:1:2:4,1:2:4:2:0:4:4:4:0,MUTATE
2:2:4:4:4:4:4:4:1:,recombination,4059.7802120242222,2:2:4:4:4:4:4:4:1,1:2:4:4:4:3:4:4:1,MUTATE
4:3:4:4:4:4:3:4:3:,clone,4909.562363666178,4:3:4:4:4:4:3:4:3
4:3:4:4:4:3:3:4:3:,clone,4096.440279911945,4:3:4:4:4:3:3:4:3
1:1:4:2:0:4:4:4:0:,clone,5033.549860521984,1:2:4:2:0:4:4:4:0
4:3:4:4:4:2:2:4:4:,recombination,3647.545141532865,4:4:4:4:4:1:1:4:4,3:3:4:4:4:1:2:2:3
4:3:4:4:4:1:2:2:4:,clone,3655.673504773562,4:3:4:4:4:1:2:2:4
4:3:4:4:4:2:3:4:4:,clone,3837.466569420441,4:3:4:4:4:2:3:4:4
3:3:4:4:4:2:3:4:3:,clone,3647.545141532865,4:3:4:4:4:2:2:4:4
4:3:4:4:4:2:3:4:3:,clone,4097.973654042392,3:3:4:4:4:3:3:4:3
3:3:4:4:4:2:3:4:2:,recombination,4121.684846337075,2:3:4:4:3:3:4:4:1,3:3:4:4:4:1:3:3:3,MUTATE
4:4:4:4:4:1:2:3:4:,recombination,3570.642644283986,4:4:4:4:4:1:1:2:4,2:2:4:4:4:3:3:4:2,MUTATE
1:2:4:4:3:4:4:4:1:,recombination,4618.357508554954,4:3:4:4:4:3:2:4:4,1:2:4:4:4:4:4:4:1,MUTATE
2:3:4:4:4:4:4:4:1:,recombination,4438.796652491981,2:3:4:4:4:3:3:4:2,2:3:4:4:4:2:3:4:2,MUTATE
4:4:3:4:4:0:1:2:4:,clone,4788.177575176507,4:4:3:4:4:0:1:3:4
3:3:4:4:4:4:4:4:3:,recombination,4909.562363666178,4:3:4:4:4:4:3:4:3,3:3:4:4:4:2:2:2:3
1:1:4:2:0:4:4:4:0:,clone,5027.542451002835,1:1:4:2:0:4:4:4:0
1:2:4:4:1:4:4:4:1:,clone,4632.584943909836,1:2:4:4:1:4:4:4:1
2:3:4:4:4:3:4:4:1:,recombination,4368.4735517235,4:3:4:4:4:3:3:4:3,1:2:4:3:1:4:4:4:0
4:3:4:4:4:3:3:4:4:,recombination,4178.557598013837,3:3:4:4:4:2:3:4:3,4:3:4:4:4:2:2:2:4,MUTATE
3:3:4:4:4:2:3:4:2:,clone,3996.9626782353407,3:3:4:4:4:2:3:4:2
1:2:4:3:1:4:4:4:0:,recombination,4303.932229560164,2:3:4:4:4:4:4:4:2,4:4:4:4:4:3:3:4:4
3:3:4:4:4:4:4:4:2:,recombination,4599.968749517341,4:4:4:4:4:0:1:2:4,2:3:4:4:4:3:3:4:2,MUTATE
1:2:4:4:4:3:3:4:1:,clone,3850.1147565515657,2:2:4:4:4:3:3:3:2
2:3:4:4:3:3:4:4:2:,clone,4755.310848185183,2:3:4:4:3:3:4:4:2
2:2:4:4:3:4:4:4:2:,recombination,5078.618574033415,3:3:4:4:4:1:2:3:3,3:3:4:4:4:3:3:4:3,MUTATE
2:3:4:4:4:4:4:4:1:,recombination,4394.516545543292,4:3:4:4:4:3:3:4:3,2:3:4:4:4:4:4:4:1
2:3:4:4:4:3:4:4:2:,recombination,4116.318806222294,2:2:4:4:4:3:4:4:2,3:3:4:4:4:3:3:4:2,MUTATE
1:2:4:4:1:4:4:4:1:,clone,4601.526878063082,1:2:4:4:1:4:4:4:1
2:3:4:4:4:3:4:4:2:,clone,4042.728300975344,2:3:4:4:4:3:4:4:2
2:2:4:4:3:4:4:4:2:,recombination,5015.947982219436,2:2:4:4:4:3:3:4:2,4:4:4:4:4:3:3:4:3
2:2:4:4:4:4:4:4:2:,clone,4308.635821865326,3:3:4:4:4:3:3:4:2
0:2:4:2:0:4:4:4:0:,clone,4421.636602013003,0:2:4:2:0:4:4:4:0
2:2:4:4:4:3:4:4:1:,clone,4116.5788723542355,2:3:4:4:4:3:4:4:2
1:2:4:4:1:4:4:4:1:,recombination,4591.322114258755,4:4:4:4:4:2:3:4:4,1:2:4:4:1:4:4:4:1
1:2:4:4:4:3:3:4:1:,clone,3822.6148815751308,1:2:4:4:4:3:3:4:1
2:2:4:4:4:3:4:4:1:,clone,3974.435084217475,2:2:4:4:4:3:4:4:1
2:2:4:4:1:4:4:4:1:,clone,4959.5032964247985,2:2:4:4:1:4:4:4:1
1:2:4:3:1:4:4:4:0:,clone,4273.3858822672355,1:2:4:3:1:4:4:4:0
1:2:4:4:1:4:4:4:1:,recombination,4577.341201286932,0:2:4:2:0:4:4:4:0,2:2:4:4:3:4:4:4:1,MUTATE
1:2:4:3:1:4:4:4:1:,clone,4580.681998269508,1:2:4:3:1:4:4:4:1
1:2:4:4:3:4:4:4:1:,recombination,4534.917640750307,1:2:4:3:1:4:4:4:0,4:4:4:4:4:2:1:3:4
3:3:4:4:4:3:3:4:2:,recombination,3917.4720246023276,4:3:4:4:4:3:3:4:3,4:4:4:4:4:2:1:3:4
3:3:4:4:4:3:4:4:2:,recombination,4225.2604885654155,3:3:4:4:4:3:3:3:3,4:4:4:4:4:1:2:4:4
1:2:4:4:3:4:4:4:1:,recombination,4362.317149294187,3:3:4:4:4:2:3:4:3,1:2:4:2:0:4:4:4:0,MUTATE
2:2:4:4:3:4:4:4:2:,recombination,4467.092020763497,3:3:4:4:4:1:2:3:3,2:3:4:4:4:3:4:4:2,MUTATE
2:3:4:4:3:4:4:4:1:,recombination,4788.458371893001,4:4:4:4:4:0:1:2:4,4:4:4:4:4:2:3:4:4,MUTATE
2:2:4:4:4:3:4:4:1:,recombination,3911.8814248562676,4:4:4:4:4:1:1:2:4,4:4:4:4:4:1:1:4:4,MUTATE
1:2:4:3:0:4:4:4:0:,clone,4464.260492641315,1:2:4:3:0:4:4:4:0
2:2:4:4:3:3:4:4:2:,recombination,4647.475400977205,4:3:4:4:4:1:2:4:4,2:2:4:4:3:4:4:4:2,MUTATE
0:1:4:2:0:4:4:4:0:,recombination,4743.041122187881,1:1:4:2:0:4:4:4:0,2:3:4:4:4:3:3:4:2,MUTATE
4:4:4:4:4:0:0:2:4:,clone,4366.6963877795715,4:4:4:4:4:0:0:2:4
4:4:4:4:4:1:2:3:4:,clone,3519.512771294389,4:4:4:4:4:1:1:2:4
3:3:4:4:4:2:3:4:3:,recombination,3588.5689066935383,4:3:4:4:4:3:3:4:3,3:4:4:4:4:2:3:4:3
3:3:4:4:4:3:4:4:3:,clone,4555.145137998765,3:3:4:4:4:3:4:4:3
3:3:4:4:4:2:3:4:3:,clone,3461.4047258474993,3:3:4:4:4:2:3:4:3
4:4:4:4:4:2:2:3:4:,clone,3624.3687911679704,4:4:4:4:4:1:2:3:4
1:2:4:3:0:4:4:4:1:,clone,4941.937967572303,1:2:4:3:0:4:4:4:1
3:3:4:4:4:3:4:4:3:,clone,4463.046012381323,3:3:4:4:4:3:4:4:3
2:3:4:4:3:4:4:4:2:,recombination,4477.419417566508,3:3:4:4:4:1:2:4:3,1:2:4:3:0:4:4:4:0,MUTATE
2:2:4:4:2:4:4:4:2:,clone,5027.353689682169,2:2:4:4:2:4:4:4:1
4:3:4:4:4:2:2:3:4:,clone,3511.2393513569286,4:4:4:4:4:2:2:4:4
1:2:4:3:0:4:4:4:1:,clone,4894.335673578556,1:2:4:3:0:4:4:4:1
4:3:4:4:4:3:2:4:4:,recombination,4363.261401607382,3:3:4:4:4:4:3:4:3,4:4:4:4:4:1:2:3:4
1:2:4:4:3:3:4:4:1:,clone,4118.968013172022,2:2:4:4:4:3:4:4:1
1:2:4:3:0:4:4:4:1:,clone,4796.4752233316685,1:2:4:3:0:4:4:4:1
1:2:4:2:0:4:4:4:0:,recombination,4695.062485528303,4:4:4:4:4:3:3:4:4,2:3:4:4:2:4:4:4:1
4:3:4:4:4:2:2:4:3:,clone,4309.686979585778,4:3:4:4:4:2:2:4:3
2:2:4:4:3:3:4:4:2:,clone,4482.774836930596,3:3:4:4:4:3:4:4:2
1:2:4:4:3:4:4:4:1:,recombination,4345.113762909514,4:4:4:4:4:1:2:4:4,4:4:4:4:4:2:3:4:4,MUTATE
0:2:4:2:0:4:4:4:0:,clone,4421.636602013002,0:2:4:2:0:4:4:4:0
2:3:4:4:3:3:4:4:2:,clone,4265.511955959092,2:2:4:4:3:3:4:4:2
3:2:4:4:4:3:3:4:2:,recombination,4190.8345358494,3:2:4:4:4:3:3:4:2,3:3:4:4:4:3:3:4:2
2:2:4:4:2:4:4:4:2:,clone,4935.085197275144,2:2:4:4:2:4:4:4:2
1:1:4:2:0:4:4:4:0:,clone,4963.384906274718,1:1:4:2:0:4:4:4:0
2:2:4:4:2:4:4:4:2:,clone,4932.82219691718,2:2:4:4:2:4:4:4:2
1:2:4:3:0:4:4:4:1:,clone,4723.883959248169,1:2:4:3:0:4:4:4:1
4:3:4:4:4:2:3:2:4:,clone,4505.518188709535,4:3:4:4:4:1:2:2:4
3:3:4:4:3:4:4:4:2:,clone,4493.515472510417,3:3:4:4:4:3:4:4:3
1:2:4:3:0:4:4:4:1:,recombination,4713.4300140774585,2:3:4:4:4:2:3:4:2,2:3:4:4:2:4:4:4:1,MUTATE
2:2:4:4:2:4:4:4:2:,clone,4859.956737228042,2:2:4:4:1:4:4:4:1
2:2:4:4:1:4:4:4:1:,recombination,4852.15322415362,2:3:4:4:4:2:3:4:2,2:3:4:4:4:3:3:4:2,MUTATE
1:2:4:4:1:4:4:4:0:,recombination,4898.13558045412,3:4:4:4:4:3:3:4:3,1:2:4:2:0:4:4:4:0,MUTATE
1:2:4:3:0:4:4:4:1:,recombination,4576.641528292647,1:2:4:3:0:4:4:4:1,2:2:4:4:4:3:4:4:2
1:2:4:4:3:3:4:4:1:,clone,4114.52142095639,1:2:4:4:3:3:4:4:1
2:3:4:4:3:4:4:4:2:,recombination,4193.039965708207,3:3:4:4:4:2:2:4:3,2:3:4:4:4:3:4:4:2
2:3:4:4:2:4:4:4:2:,clone,5108.482811444844,2:2:4:4:1:4:4:4:1
1:2:4:3:0:4:4:4:1:,clone,4568.339103135083,1:2:4:3:0:4:4:4:1
2:3:4:4:2:4:4:4:1:,recombination,4535.643243400745,4:3:4:4:4:2:3:4:4,4:4:4:4:4:3:3:4:4,MUTATE
2:2:4:4:1:4:4:4:1:,recombination,4806.053960541262,4:4:4:4:4:2:2:3:4,2:2:4:4:4:4:4:4:2,MUTATE
1:2:4:4:1:4:4:4:1:,clone,4493.721595259166,1:2:4:4:2:4:4:4:1
1:2:4:4:3:3:4:4:1:,recombination,4073.3318604163987,4:4:4:4:4:1:1:4:4,1:2:4:4:4:3:4:4:1
2:2:4:4:3:3:4:4:2:,recombination,4369.612046888232,3:3:4:4:4:3:3:4:2,4:4:4:4:4:2:2:2:4
3:3:4:4:4:4:3:4:3:,recombination,4818.036490992782,2:2:4:4:4:3:3:4:2,3:3:4:4:4:4:3:4:2
3:3:4:4:4:4:3:4:2:,recombination,4815.59891757264,3:3:4:4:4:3:3:4:3,4:3:4:4:4:3:2:4:4,MUTATE
2:2:4:4:3:4:4:4:2:,recombination,4243.382801261215,4:3:4:4:4:2:2:4:4,3:3:4:4:4:3:4:4:2
2:2:4:4:1:4:4:4:1:,clone,4680.851416978533,2:2:4:4:2:4:4:4:1
2:2:4:4:3:3:4:4:2:,clone,4018.5980080426816,2:2:4:4:3:4:4:4:2
2:2:4:4:2:4:4:4:1:,recombination,4300.05357529333,4:4:4:4:4:2:2:2:4,1:2:4:3:0:4:4:4:1,MUTATE
2:2:4:4:3:3:4:4:2:,recombination,3868.3282506062633,2:2:4:4:3:4:4:4:2,4:4:4:4:4:1:2:2:4,MUTATE
3:3:4:4:3:3:4:4:2:,clone,5077.535192929951,3:3:4:4:3:3:4:4:2
4:3:4:4:4:3:2:4:4:,recombination,4311.824889489541,4:4:4:4:4:0:1:2:4,1:2:4:3:0:4:4:4:1,MUTATE
2:2:4:4:3:3:4:4:1:,recombination,4054.984745744839,4:4:4:4:4:1:1:4:4,4:4:4:4:4:2:2:4:4
2:2:4:4:2:4:4:4:1:,recombination,4005.504427167916,4:4:4:4:4:2:2:3:4,2:2:4:4:3:3:4:4:2,MUTATE
2:2:4:3:0:4:4:4:1:,recombination,5340.198854734794,2:3:4:4:4:2:3:4:2,3:3:4:4:4:4:4:4:2,MUTATE
1:2:4:2:0:4:4:4:0:,recombination,4530.41406183685,1:2:4:4:3:4:4:4:1,1:2:4:3:1:4:4:4:0
1:2:4:3:2:3:4:4:1:,recombination,3922.24019875464,4:4:4:4:4:2:1:3:4,2:2:4:4:3:3:4:4:2
3:3:4:4:4:3:4:4:2:,clone,4084.9506957618446,3:3:4:4:4:2:3:4:2
2:2:4:4:4:3:3:4:1:,clone,4551.328306066308,2:2:4:4:4:3:3:4:2
2:2:4:4:2:3:4:4:1:,recombination,3863.868074197533,4:3:4:4:4:3:3:4:4,2:2:4:4:3:3:4:4:2
3:3:4:4:3:3:4:4:2:,clone,4657.1539314113015,3:3:4:4:3:3:4:4:2
3:3:4:4:4:4:3:4:2:,recombination,4568.9783923829755,2:2:4:4:1:4:4:4:1,3:3:4:4:4:4:3:4:2
2:3:4:4:3:4:4:4:2:,recombination,4146.751380875165,2:3:4:4:3:4:4:4:2,4:4:4:4:4:1:1:4:4,MUTATE
1:2:4:3:0:4:4:4:0:,recombination,4396.480927142157,2:2:4:4:2:4:4:4:1,1:2:4:2:0:4:4:4:0
4:3:4:4:4:3:3:4:4:,recombination,4058.786781601667,4:3:4:4:4:3:2:4:4,4:3:4:4:4:2:1:2:4
2:2:4:4:3:4:4:4:2:,recombination,4174.48459509324,2:2:4:4:2:4:4:4:1,3:3:4:4:4:3:4:4:3
2:3:4:4:3:3:4:4:1:,recombination,4236.117340325055,3:3:4:4:4:2:3:4:3,0:2:4:2:0:4:4:4:0
1:2:4:3:1:4:4:4:1:,clone,4394.477977645655,1:2:4:3:1:4:4:4:1
1:2:4:3:1:4:4:4:1:,clone,4272.126055873238,1:2:4:3:1:4:4:4:1
1:1:4:2:0:4:4:4:0:,clone,4955.1045133451,1:1:4:2:0:4:4:4:0
2:2:4:4:1:4:4:4:1:,recombination,4571.457342355367,2:3:4:4:3:4:4:4:1,1:3:4:4:3:3:4:4:1,MUTATE
2:3:4:4:2:4:4:4:2:,recombination,5061.172276703019,2:3:4:4:4:2:3:4:2,1:2:4:4:4:3:3:4:1
2:3:4:4:2:4:4:4:2:,recombination,4815.856495004371,3:3:4:4:4:1:2:3:3,3:3:4:4:4:3:3:3:3
3:3:4:4:4:4:3:4:3:,clone,4693.605808142037,3:3:4:4:4:4:3:4:2
2:3:4:4:2:4:4:4:2:,clone,4741.376312122376,2:3:4:4:2:4:4:4:2
1:1:4:2:0:4:4:4:0:,clone,4932.658451189617,1:1:4:2:0:4:4:4:0
4:3:4:4:4:1:3:3:4:,clone,4459.378448883735,4:3:4:4:4:2:3:2:4
1:2:4:4:2:3:4:4:1:,clone,4282.995670463784,1:2:4:4:2:3:4:4:1
1:1:4:2:0:4:4:4:0:,clone,4600.110364756643,1:2:4:2:0:4:4:4:0
1:2:4:3:0:4:4:4:1:,clone,4442.275963208811,1:2:4:3:0:4:4:4:1
1:2:4:4:2:4:4:4:0:,clone,4474.510864535528,1:2:4:3:1:4:4:4:0
1:2:4:4:1:4:4:4:0:,recombination,4692.426759552242,3:3:4:4:4:3:4:4:2,2:2:4:4:1:4:4:4:1,MUTATE
2:3:4:4:4:4:3:4:2:,clone,4201.479907782729,2:3:4:4:4:3:3:4:2
1:1:4:2:0:4:4:4:0:,clone,4419.769163722585,1:1:4:2:0:4:4:4:0
1:2:4:4:1:4:4:4:1:,recombination,4433.671957941047,4:4:4:4:4:2:3:4:4,1:2:4:4:2:3:4:4:1,MUTATE
2:2:4:4:4:4:3:4:1:,clone,4799.29046555447,2:2:4:4:4:4:3:4:1
4:4:3:4:4:0:0:1:4:,recombination,4760.7378184500785,4:4:3:4:4:0:0:0:4,4:3:4:4:4:2:3:4:4
2:2:4:4:4:4:3:4:1:,recombination,4674.454243700801,2:2:4:4:4:3:3:4:1,1:2:4:3:0:4:4:4:0,MUTATE
1:2:4:2:0:4:4:4:0:,clone,4475.951967220152,0:2:4:2:0:4:4:4:0
3:3:4:4:4:4:4:4:2:,recombination,4554.667883716978,3:3:4:4:4:4:4:4:2,3:2:4:4:4:3:3:4:2,MUTATE
2:3:4:4:4:3:4:4:2:,clone,4006.0928135797167,3:3:4:4:4:3:3:4:2
2:2:4:4:4:3:4:4:2:,recombination,3929.913838018222,3:3:4:4:4:2:3:4:3,3:3:4:4:4:1:3:3:3,MUTATE
2:3:4:4:4:4:4:4:2:,clone,4363.419974985445,2:3:4:4:4:3:3:4:2
2:2:4:3:0:4:4:4:1:,recombination,4513.286152868713,4:4:3:4:4:0:1:3:4,1:2:4:3:0:4:4:4:1
2:3:4:4:4:4:4:4:2:,recombination,4235.793864811221,4:3:4:4:4:3:3:4:4,1:3:4:4:3:3:4:4:1
2:3:4:4:4:3:4:4:2:,recombination,3982.888931225852,1:2:4:4:2:4:4:4:1,4:4:4:4:4:2:3:3:4
2:2:4:4:4:4:3:4:1:,clone,4656.7375748334725,2:2:4:4:4:4:3:4:1
1:2:4:2:0:4:4:4:0:,clone,4450.539580666602,1:2:4:2:0:4:4:4:0
1:2:4:3:1:4:4:4:1:,recombination,4189.324017714958,1:2:4:2:0:4:4:4:0,3:3:4:4:4:2:3:4:3,MUTATE
2:2:4:4:3:3:4:4:1:,recombination,4016.3400802615424,4:3:4:4:4:3:3:4:3,2:2:4:4:4:3:4:4:2
3:3:4:4:4:4:3:4:2:,clone,4505.525219772536,3:3:4:4:4:3:3:4:3
1:2:4:4:3:4:4:4:1:,recombination,4124.62664788548,2:2:4:4:4:4:3:4:1,2:3:4:4:4:3:4:4:2,MUTATE
2:2:4:4:3:3:4:4:1:,recombination,3996.950889966827,3:3:4:4:4:3:4:4:3,2:2:4:4:4:3:4:4:2
2:2:4:4:2:3:4:4:1:,recombination,3848.439523310528,1:2:4:4:3:4:4:4:1,2:2:4:4:3:3:4:4:2
2:2:4:4:4:4:3:4:2:,recombination,4925.921812897638,4:4:4:4:4:1:1:1:4,4:4:4:4:4:0:1:1:4
2:2:4:4:2:3:4:4:1:,clone,3848.4395233105274,2:2:4:4:2:3:4:4:1
3:3:4:4:3:3:4:4:2:,recombination,4080.1617673151454,2:2:4:3:0:4:4:4:1,3:3:4:4:4:3:4:4:2
1:2:4:4:4:2:3:4:1:,clone,3991.040704089388,1:2:4:4:4:2:3:4:1
2:2:4:3:1:4:4:4:1:,recombination,4647.03404844623,3:3:4:4:4:3:4:4:3,1:1:4:2:0:4:4:4:0,MUTATE
2:2:4:4:4:4:3:4:2:,recombination,4755.417517991243,1:2:4:4:4:4:4:4:1,2:3:4:4:4:3:4:4:2,MUTATE
4:4:3:4:4:0:0:1:4:,clone,4638.540202646488,4:4:3:4:4:0:0:1:4
1:2:4:3:0:4:4:4:0:,clone,4335.832803104955,1:2:4:3:0:4:4:4:0
3:3:4:4:4:4:4:4:3:,recombination,4628.766849670373,3:3:4:4:3:3:4:4:2,2:3:4:4:3:3:4:4:2,MUTATE
4:3:4:4:4:1:3:3:4:,clone,4429.343156870595,4:3:4:4:4:1:3:3:4
1:2:4:2:0:4:4:4:0:,recombination,4201.534402123598,1:2:4:4:3:4:4:4:1,1:2:4:4:2:3:4:4:1,MUTATE
1:2:4:4:3:4:4:4:1:,clone,4107.863892998816,1:2:4:4:3:4:4:4:1
3:3:4:4:4:4:4:4:3:,clone,4609.236547934418,3:3:4:4:4:4:4:4:3
2:3:4:4:3:4:4:4:1:,recombination,4732.183629181423,2:2:4:3:1:4:4:4:1,4:3:4:4:4:3:3:4:4
1:2:4:3:1:4:4:4:0:,recombination,4205.6649311257825,4:3:4:4:4:2:2:3:4,2:2:4:4:2:4:4:4:1,MUTATE
0:2:4:2:0:4:4:4:0:,clone,4216.791091868415,0:2:4:2:0:4:4:4:0
1:2:4:3:0:4:4:4:0:,recombination,4182.510280847747,1:2:4:3:0:4:4:4:0,4:4:4:4:4:0:1:0:4,MUTATE
1:2:4:4:2:3:4:4:1:,recombination,4169.019377279696,3:3:4:4:4:3:4:4:3,3:3:4:4:4:1:3:3:3,MUTATE
1:2:4:4:3:4:4:4:0:,recombination,4675.4508635436305,2:3:4:4:2:4:4:4:2,1:2:4:4:4:4:4:4:1,MUTATE
1:2:4:4:2:4:4:4:0:,clone,4414.582663975975,1:2:4:2:0:4:4:4:0
1:2:4:3:1:4:4:4:0:,clone,4148.0351461939445,1:2:4:3:1:4:4:4:0
0:2:4:2:0:4:4:4:0:,clone,4159.161306936576,0:2:4:2:0:4:4:4:0
0:2:4:2:0:4:4:4:0:,clone,4052.061529398069,0:2:4:2:0:4:4:4:0
2:2:4:3:1:4:4:4:1:,clone,4392.5034884625675,2:2:4:3:1:4:4:4:1
1:2:4:2:0:4:4:4:0:,clone,4041.232166455101,1:2:4:2:0:4:4:4:0
1:2:4:3:0:4:4:4:0:,clone,4170.778006149089,1:2:4:2:0:4:4:4:0
2:2:4:4:4:3:3:4:1:,recombination,4470.767094994492,0:2:4:2:0:4:4:4:0,4:4:4:4:4:0:0:0:4,MUTATE
1:2:4:4:2:3:4:4:1:,recombination,4143.330432925119,1:2:4:4:2:3:4:4:1,3:3:4:4:4:4:3:4:2
1:2:4:4:1:4:4:4:0:,recombination,4616.031374041903,2:3:4:4:4:3:4:4:2,3:3:4:4:4:4:3:4:2
2:3:4:4:4:4:4:4:1:,recombination,4393.150105046209,3:4:4:4:4:2:2:4:3,1:2:4:3:1:4:4:4:0,MUTATE
2:2:4:4:4:3:3:4:1:,recombination,4361.597655764197,4:3:4:4:4:2:2:3:4,4:4:4:4:4:0:0:0:4,MUTATE
1:2:4:4:1:4:4:4:0:,recombination,4583.944895181983,4:3:4:4:4:2:3:4:4,4:3:4:4:4:3:2:4:4,MUTATE
4:3:4:4:4:1:3:2:4:,recombination,4489.399723503504,4:3:4:4:4:1:2:1:4,4:3:4:4:4:1:3:3:4
2:2:4:4:4:4:3:4:2:,recombination,4228.796310344745,3:3:4:4:4:4:3:4:3,4:4:3:4:4:1:1:3:4,MUTATE
0:1:4:2:0:4:4:4:0:,clone,4630.8193006364845,0:1:4:2:0:4:4:4:0
1:2:4:4:2:3:4:4:1:,clone,3889.8577435431707,1:2:4:4:2:3:4:4:1
0:1:4:2:0:4:4:4:0:,clone,4583.367201177507,0:2:4:2:0:4:4:4:0
1:2:4:4:2:4:4:4:0:,clone,4342.249535673053,1:2:4:4:2:4:4:4:0
2:3:4:4:3:4:4:4:1:,recombination,4460.845732164682,3:3:4:4:4:3:3:4:2,1:3:4:4:4:3:3:4:1
1:2:4:3:1:4:4:4:0:,clone,4059.956726845372,1:2:4:3:1:4:4:4:0
0:1:4:2:0:4:4:4:0:,clone,4452.895855878842,0:1:4:2:0:4:4:4:0
1:2:4:4:2:4:4:4:0:,clone,4339.114779102834,1:2:4:4:2:4:4:4:0
1:2:4:3:1:3:4:4:0:,recombination,4290.771767470735,1:2:4:4:2:4:4:4:1,1:2:4:4:2:3:4:4:1
1:2:4:4:2:4:4:4:1:,recombination,4112.2208946509845,2:3:4:4:4:3:4:4:2,1:3:4:4:4:3:3:4:1,MUTATE
2:2:4:4:2:4:4:4:2:,clone,4712.742228439035,2:2:4:4:2:4:4:4:2
2:2:4:4:2:4:4:4:2:,clone,4551.41121395847,2:2:4:4:2:4:4:4:2
1:2:4:4:2:4:4:4:1:,clone,4083.163744420381,1:2:4:4:2:4:4:4:1
1:2:4:4:1:4:4:4:1:,clone,4344.976460210941,1:2:4:4:1:4:4:4:1
1:2:4:3:1:4:4:4:0:,clone,3977.6014440262843,1:2:4:3:1:4:4:4:0
1:2:4:4:1:4:4:4:0:,clone,4579.88195727227,1:2:4:4:1:4:4:4:0
4:3:4:4:4:1:3:2:4:,clone,4456.575723030041,4:3:4:4:4:1:3:2:4
4:3:4:4:4:1:3:3:4:,clone,4323.721785462943,4:3:4:4:4:1:3:2:4
4:3:4:4:4:1:3:3:4:,clone,4293.728767232807,4:3:4:4:4:1:3:3:4
2:3:4:4:1:4:4:4:1:,clone,5143.060321460684,2:2:4:4:1:4:4:4:1
0:1:4:2:0:4:4:4:0:,recombination,4357.192249369166,2:2:4:4:3:4:4:4:2,4:3:4:4:4:2:2:3:4
1:1:4:2:0:4:4:4:0:,recombination,4283.902647637085,1:2:4:3:0:4:4:4:0,4:4:4:4:4:3:2:4:4
0:1:4:2:0:4:4:4:0:,clone,4319.90094961884,0:1:4:2:0:4:4:4:0
4:3:4:4:4:4:3:4:4:,recombination,4779.543301478193,4:3:4:4:4:3:3:4:4,4:4:4:4:4:2:1:4:4,MUTATE
1:2:4:4:2:4:4:4:1:,recombination,3997.7560980524627,0:2:4:2:0:4:4:4:0,2:3:4:4:4:2:2:4:2,MUTATE
2:3:4:4:4:4:4:4:1:,recombination,4305.6620681248905,2:2:4:4:4:3:4:4:2,3:3:4:4:4:1:1:1:4
2:3:4:4:4:4:4:4:1:,clone,4285.007201480079,2:3:4:4:4:4:4:4:1
2:3:4:4:2:4:4:4:2:,recombination,4525.806886297067,4:4:3:4:4:0:1:2:4,1:2:4:3:0:4:4:4:1
2:2:4:4:3:4:4:4:1:,recombination,4100.093257990773,4:3:4:4:4:3:3:4:3,4:4:4:4:4:2:1:4:4,MUTATE
0:1:4:2:0:4:4:4:0:,recombination,4200.132139814753,1:1:4:2:0:4:4:4:0,1:1:4:2:0:4:4:4:0,MUTATE
2:2:4:4:3:4:4:4:1:,recombination,4090.239135952642,4:4:4:4:4:2:1:4:4,1:2:4:4:2:4:4:4:1,MUTATE
1:2:4:3:0:4:4:4:1:,recombination,4399.662665341002,2:2:4:4:2:4:4:4:2,0:2:4:2:0:4:4:4:0
1:2:4:4:2:4:4:4:1:,clone,3928.3292199623124,1:2:4:4:2:4:4:4:1
2:2:4:4:3:4:4:4:1:,clone,4080.019960290442,2:2:4:4:3:4:4:4:1
1:2:4:3:0:4:4:4:0:,recombination,4166.74758127886,0:2:4:2:0:4:4:4:0,2:3:4:4:4:4:4:4:1
3:3:4:4:4:4:4:4:2:,recombination,4511.614567384813,2:2:4:3:0:4:4:4:1,4:4:4:4:4:1:2:1:4
1:1:4:3:0:4:4:4:0:,recombination,4856.269810040228,4:3:4:4:4:3:3:4:4,2:3:4:4:4:3:4:4:2,MUTATE
2:3:4:4:2:4:4:4:2:,clone,4481.807954074459,2:3:4:4:2:4:4:4:2
3:3:4:4:4:4:4:4:2:,clone,4508.239145749587,3:3:4:4:4:4:4:4:2
2:3:4:4:4:4:4:4:1:,clone,4231.553167503158,2:3:4:4:4:4:4:4:1
1:2:4:3:1:4:4:4:0:,clone,3964.7296545871714,1:2:4:3:1:4:4:4:0
1:2:4:3:0:4:4:4:1:,recombination,4385.504274115393,3:3:4:4:4:4:4:4:2,1:1:4:2:0:4:4:4:0,MUTATE
3:3:4:4:4:4:4:4:2:,recombination,4345.480817265733,2:2:4:4:2:4:4:4:2,2:3:4:4:4:4:4:4:1,MUTATE
2:2:4:3:1:4:4:4:1:,recombination,4281.261766735337,1:2:4:3:0:4:4:4:1,1:2:4:2:0:4:4:4:0,MUTATE
3:3:4:4:3:4:4:4:2:,clone,4435.894786598486,3:3:4:4:4:4:4:4:2
3:3:4:4:3:4:4:4:2:,clone,4361.957977929821,3:3:4:4:4:4:4:4:2
4:4:4:4:4:2:1:4:4:,recombination,4265.201611704707,0:1:4:2:0:4:4:4:0,4:4:4:4:4:1:0:1:4
3:3:4:4:4:4:3:4:3:,recombination,4684.3383721051005,2:3:4:4:3:4:4:4:1,2:2:4:4:4:3:4:4:2
3:2:4:4:4:3:4:4:2:,recombination,4937.700694558796,3:3:4:4:4:3:3:4:3,4:4:3:4:4:0:1:2:4
3:3:4:4:4:2:2:2:3:,clone,3818.6705458026354,4:4:4:4:4:1:1:2:4
3:3:4:4:4:3:4:4:3:,clone,4422.8711402713025,3:3:4:4:4:3:4:4:3
1:1:4:3:1:4:4:4:0:,clone,5084.102212327562,1:2:4:4:2:4:4:4:1
1:1:4:3:1:4:4:4:0:,clone,4672.654349450437,1:1:4:3:1:4:4:4:0
1:1:4:3:1:4:4:4:0:,recombination,4549.176553818565,4:3:4:4:4:3:3:4:4,4:3:4:4:4:1:1:3:4,MUTATE
2:2:4:4:4:3:3:4:1:,recombination,4333.5576739984535,3:3:4:4:4:2:2:2:3,4:3:4:4:4:3:2:4:4,MUTATE
3:3:4:4:4:3:3:4:3:,clone,3710.925816561795,3:3:4:4:4:3:3:4:3
3:3:4:4:4:3:3:4:2:,recombination,3902.3692782400744,1:1:4:2:0:4:4:4:0,1:2:4:4:2:4:4:4:0
3:3:4:4:4:3:3:4:2:,clone,3870.02371534481,3:3:4:4:4:3:3:4:2
1:2:4:4:3:4:4:4:0:,clone,4640.193138011566,1:2:4:3:1:4:4:4:0
1:2:4:3:0:4:4:4:0:,recombination,4162.5444294486115,4:3:4:4:4:2:3:4:4,1:2:4:4:1:4:4:4:1,MUTATE
1:1:4:2:0:4:4:4:0:,recombination,4208.480583861761,1:2:4:3:0:4:4:4:0,4:3:4:4:4:3:3:4:3
1:1:4:2:0:4:4:4:0:,clone,4191.209489442827,1:1:4:2:0:4:4:4:0
4:3:4:4:4:4:4:4:3:,recombination,4578.062035623307,4:4:2:4:4:0:1:2:4,0:2:4:2:0:4:4:4:0
1:2:4:4:2:4:4:4:0:,recombination,4298.561091936335,4:4:4:4:4:2:1:4:4,1:2:4:3:0:4:4:4:1,MUTATE
1:2:4:3:0:4:4:4:0:,clone,4152.444798760034,1:2:4:3:0:4:4:4:0
1:2:4:4:3:4:4:4:0:,recombination,4440.132667294541,3:3:4:4:3:4:4:4:2,1:2:4:4:2:4:4:4:0,MUTATE
1:2:4:4:4:4:4:4:1:,clone,4367.041529222998,1:2:4:4:4:4:4:4:1
1:2:4:4:3:4:4:4:0:,clone,4328.472898283852,1:2:4:4:3:4:4:4:0
1:2:4:4:4:4:4:4:0:,recombination,4410.621077077586,2:2:4:4:4:4:3:4:1,1:2:4:4:2:4:4:4:0,MUTATE
1:1:4:2:0:4:4:4:0:,clone,4129.442821439576,1:1:4:2:0:4:4:4:0
2:3:4:4:3:4:4:4:1:,recombination,4249.897128369179,4:3:4:4:4:3:3:4:3,4:4:4:4:4:0:0:2:4,MUTATE
3:3:4:4:4:4:3:4:3:,recombination,4565.033431640923,4:3:4:4:4:4:4:4:3,4:4:4:4:4:3:3:4:4
0:2:4:2:0:4:4:4:0:,clone,4051.5602477171597,0:2:4:2:0:4:4:4:0
1:2:4:4:3:4:4:4:0:,recombination,4309.676719254421,1:2:4:4:2:4:4:4:0,2:2:4:4:3:3:4:4:2,MUTATE
2:2:4:4:1:4:4:4:1:,recombination,4472.619284840749,1:2:4:4:2:4:4:4:1,4:3:4:4:4:1:2:1:4
2:2:4:4:4:2:3:4:1:,recombination,3773.0933484342568,3:3:4:4:4:4:3:4:2,3:3:4:4:4:1:1:1:3
1:2:4:4:1:4:4:4:0:,recombination,4481.953248927672,2:2:4:4:1:4:4:4:1,2:2:4:4:4:3:3:3:2,MUTATE
0:1:4:2:0:4:4:4:0:,clone,4161.2273416562675,0:1:4:2:0:4:4:4:0
2:2:4:4:4:3:3:4:1:,clone,3883.451054257509,2:2:4:4:4:2:3:4:1
0:1:4:2:0:4:4:4:0:,clone,4030.8172755998003,0:1:4:2:0:4:4:4:0
1:2:4:4:1:4:4:4:0:,recombination,4394.125296429418,4:4:4:4:4:2:2:4:4,1:2:4:4:1:4:4:4:0,MUTATE
1:2:4:4:1:4:4:4:0:,clone,4362.882207833456,1:2:4:4:1:4:4:4:0
1:2:4:4:4:3:3:4:1:,clone,3804.7753280809966,2:2:4:4:4:3:3:4:1
1:2:4:4:4:3:4:4:1:,recombination,3933.423699929309,2:2:4:4:4:4:4:4:1,1:2:4:4:4:3:3:4:1,MUTATE
0:2:4:2:0:4:4:4:0:,clone,4021.6090825515407,0:2:4:2:0:4:4:4:0
2:2:4:4:4:3:3:4:1:,clone,3848.2672759951047,1:2:4:4:4:3:3:4:1
0:1:4:2:0:4:4:4:0:,clone,4012.5019794861587,0:2:4:2:0:4:4:4:0
0:2:4:2:0:4:4:4:0:,clone,4014.1809918421786,0:2:4:2:0:4:4:4:0
0:2:4:2:0:4:4:4:0:,recombination,4005.073888776797,0:1:4:2:0:4:4:4:0,2:3:4:4:2:4:4:4:2
1:2:4:4:2:3:4:4:1:,recombination,3787.5143149287305,1:2:4:4:4:3:3:4:1,4:4:4:4:4:1:2:3:4
1:2:4:4:3:3:4:4:1:,clone,3655.576433723215,1:2:4:4:3:3:4:4:1
1:2:4:4:4:2:3:4:1:,clone,3650.925674343637,1:2:4:4:4:2:3:4:1
2:2:4:4:1:4:4:4:1:,recombination,4452.597807441364,4:3:4:4:4:4:4:4:3,4:4:4:4:4:1:1:1:4,MUTATE
3:2:4:4:4:4:4:4:2:,recombination,5049.737098535382,2:2:4:4:4:2:3:3:2,4:4:4:4:4:0:1:2:4,MUTATE
1:1:4:3:1:4:4:4:0:,clone,4143.3243644026115,1:1:4:3:1:4:4:4:0
1:1:4:3:1:4:4:4:0:,recombination,4104.215829455698,1:2:4:4:2:3:4:4:1,2:3:4:4:4:2:3:4:2
1:1:4:3:0:4:4:4:0:,recombination,4692.675876543937,4:3:4:4:4:3:2:4:4,3:3:4:4:4:1:2:2:3,MUTATE
1:1:4:4:2:4:4:4:0:,recombination,4610.414618068327,2:2:4:4:4:2:3:4:1,4:4:4:4:4:2:3:4:4
1:1:4:3:0:4:4:4:0:,recombination,4661.556582725217,4:4:4:4:4:0:1:1:4,2:2:4:4:1:4:4:4:1,MUTATE
1:3:4:4:3:4:4:4:1:,recombination,4565.554691828021,2:3:4:4:4:4:4:4:1,4:4:4:4:4:3:3:3:4,MUTATE
3:3:4:4:4:4:3:4:2:,clone,4475.735713977916,3:3:4:4:4:4:3:4:2
3:3:4:4:4:4:3:4:2:,clone,4412.121598780826,3:3:4:4:4:4:3:4:2
3:3:4:4:4:4:3:4:3:,clone,4407.619787015361,3:3:4:4:4:4:3:4:2
1:1:4:4:1:4:4:4:0:,recombination,4902.3324847212125,2:3:4:4:4:4:4:4:2,4:4:4:4:4:2:1:4:4
1:2:4:4:4:4:4:4:1:,recombination,4273.939172280396,1:2:4:4:1:4:4:4:0,2:3:4:4:4:2:3:4:2,MUTATE
1:2:4:4:4:4:3:4:1:,recombination,4417.063054579879,1:1:4:2:0:4:4:4:0,1:1:4:3:0:4:4:4:0,MUTATE
3:3:4:4:4:3:4:4:2:,recombination,3961.2813000548535,2:3:4:4:4:4:4:4:1,3:3:4:4:4:3:3:4:3
4:4:4:4:4:3:3:4:3:,recombination,4523.840182069657,3:3:4:4:4:2:3:4:2,1:2:4:3:0:4:4:4:0
1:2:4:4:2:4:4:4:1:,recombination,3925.673900079135,0:1:4:2:0:4:4:4:0,1:1:4:2:0:4:4:4:0
3:3:4:4:4:3:4:4:3:,clone,4334.285448502064,3:3:4:4:4:3:4:4:2
3:2:4:4:4:3:4:4:2:,recombination,4508.554473122768,1:2:4:4:4:3:4:4:1,4:3:4:4:4:1:2:3:4,MUTATE
2:2:4:4:3:4:4:4:1:,clone,4030.709868118574,2:2:4:4:3:4:4:4:1
1:2:4:3:1:4:4:4:1:,clone,4150.512493120486,1:2:4:3:1:4:4:4:1
1:2:4:3:2:4:4:4:1:,recombination,4025.6393605374105,1:2:4:4:2:4:4:4:1,4:3:4:4:4:1:1:2:4
3:3:4:4:4:3:4:4:3:,clone,4212.034941883184,3:3:4:4:4:4:4:4:3
2:3:4:4:2:4:4:4:1:,recombination,4530.4398626927305,3:3:4:4:4:2:2:4:3,4:3:4:4:4:2:2:4:4
1:1:4:3:0:4:4:4:0:,recombination,4581.841902059075,1:1:4:3:0:4:4:4:0,1:2:4:3:0:4:4:4:0
2:3:4:4:2:4:4:4:1:,clone,4390.259160555868,2:3:4:4:2:4:4:4:1
1:2:4:3:1:3:4:4:0:,clone,4112.547664872042,1:2:4:3:1:3:4:4:0
1:1:4:3:0:4:4:4:0:,recombination,4535.866344865186,1:1:4:3:0:4:4:4:0,1:2:4:4:1:4:4:4:1
2:2:4:4:3:3:4:4:1:,recombination,3887.017457853712,1:2:4:4:1:4:4:4:0,4:4:4:4:4:2:2:3:4
2:3:4:4:3:3:4:4:2:,recombination,4258.409866052295,4:3:4:4:4:2:2:4:4,1:2:4:4:4:4:4:4:1
2:3:4:4:3:3:4:4:2:,clone,4137.060387132336,2:3:4:4:3:3:4:4:2
4:4:4:4:4:1:0:3:4:,clone,4887.914065102802,4:4:4:4:4:1:0:3:4
4:4:3:4:4:0:0:2:4:,clone,5072.245687316137,4:4:3:4:4:0:0:2:4
4:4:3:4:4:0:0:2:4:,clone,5056.415049461752,4:4:3:4:4:0:0:2:4
4:4:4:4:4:0:0:2:4:,recombination,4203.16042501193,3:3:4:4:4:1:2:3:3,2:3:4:4:4:4:4:4:1
2:2:4:4:4:2:3:4:2:,clone,3940.1701052207213,2:2:4:4:4:2:3:4:2
2:3:4:4:4:4:4:4:2:,recombination,3970.293838679308,4:4:4:4:4:2:2:4:4,3:3:4:4:4:3:4:4:3
1:2:4:4:2:4:4:4:0:,recombination,4238.518010987034,4:4:4:4:4:0:0:2:4,3:3:4:4:4:3:3:4:2
4:3:4:4:4:4:3:4:3:,recombination,4895.426073347463,4:4:4:4:4:3:3:4:4,4:3:4:4:4:3:3:4:4
4:4:4:4:4:4:3:4:3:,recombination,4956.242819063959,4:3:4:4:4:4:3:4:3,1:2:4:4:4:2:3:4:1
3:4:4:4:4:4:3:4:3:,recombination,5026.649597983887,4:3:4:4:4:4:3:4:3,2:2:4:4:4:3:4:4:1,MUTATE
1:3:4:4:2:4:4:4:1:,recombination,4920.469213503449,2:2:4:4:2:4:4:4:2,3:4:4:4:4:2:3:4:3,MUTATE
2:2:4:4:1:4:4:4:1:,recombination,4451.363168828891,1:2:4:3:0:4:4:4:0,4:4:4:4:4:1:1:3:4
4:3:4:4:4:3:4:4:3:,recombination,4519.129870381447,3:3:4:4:4:3:4:4:3,3:3:4:4:4:3:2:4:3
1:2:4:4:1:4:4:4:1:,recombination,4327.005871961527,1:2:4:4:2:4:4:4:1,4:4:3:4:4:0:1:3:4,MUTATE
3:3:4:4:4:3:4:4:3:,recombination,4120.52042493623,3:3:4:4:4:3:4:4:2,0:1:4:2:0:4:4:4:0,MUTATE
1:2:4:2:0:4:4:4:0:,clone,4025.989434413671,1:2:4:2:0:4:4:4:0
2:3:4:4:3:3:4:4:2:,recombination,3991.9961633580892,3:3:4:4:4:4:4:4:2,2:2:4:4:3:4:4:4:1
1:3:4:4:1:4:4:4:1:,clone,4915.604372614403,1:2:4:4:1:4:4:4:1
3:3:4:4:4:4:3:4:2:,recombination,4242.4422167421035,3:3:4:4:4:2:3:4:2,2:3:4:4:2:4:4:4:2
3:3:4:4:4:4:3:4:2:,clone,4235.475711519031,3:3:4:4:4:4:3:4:2
2:3:4:4:4:4:3:4:2:,clone,4158.862455366344,3:3:4:4:4:4:3:4:2
3:3:4:4:4:4:3:4:3:,clone,4260.596100577762,3:3:4:4:4:4:3:4:2
2:2:4:4:4:4:3:4:1:,recombination,4471.782379736898,1:2:4:4:2:4:4:4:1,3:3:4:4:4:1:2:3:3,MUTATE
2:2:4:4:4:4:3:4:2:,clone,4212.956412172302,2:2:4:4:4:4:3:4:2
2:2:4:4:4:4:3:4:2:,clone,4188.699193911709,2:2:4:4:4:4:3:4:2
4:4:4:4:4:0:0:2:4:,clone,3889.1035289205065,4:4:4:4:4:0:0:2:4
3:4:4:4:4:2:3:4:3:,recombination,3957.8572910614175,3:3:4:4:4:2:3:4:2,4:4:4:4:4:3:3:4:3,MUTATE
4:4:4:4:4:0:0:2:4:,clone,3574.786043052243,4:4:4:4:4:0:0:2:4
2:3:4:4:4:4:3:4:1:,clone,4804.191723803437,2:3:4:4:4:4:3:4:1
3:3:4:4:4:4:4:4:2:,clone,4171.264701042799,3:3:4:4:4:4:4:4:2
3:3:4:4:4:4:4:4:2:,recombination,4137.08636418866,2:3:4:4:4:4:3:4:2,0:2:4:2:0:4:4:4:0
2:2:4:4:4:4:4:4:2:,recombination,4239.379826811359,1:2:4:3:0:4:4:4:0,0:1:4:2:0:4:4:4:0
4:3:4:4:4:2:2:4:3:,clone,4187.571049274122,4:3:4:4:4:2:2:4:3
3:2:4:4:4:4:4:4:2:,recombination,4657.281862895963,2:2:4:4:4:3:3:4:1,1:2:4:2:0:4:4:4:0
4:3:4:4:4:4:3:4:3:,recombination,4700.238151154532,2:2:4:4:3:4:4:4:2,3:3:4:4:3:3:4:4:2
3:2:4:4:4:4:3:4:2:,recombination,4584.986243431928,4:4:4:4:4:0:1:1:4,1:2:4:3:0:4:4:4:1,MUTATE
4:4:4:4:4:2:1:4:4:,recombination,4058.2164198931378,2:3:4:4:3:4:4:4:2,2:2:4:4:2:4:4:4:2,MUTATE
1:2:4:4:3:4:4:4:0:,recombination,4273.253310500719,1:2:4:4:2:3:4:4:1,2:3:4:4:4:3:3:4:2,MUTATE
1:1:4:3:0:4:4:4:0:,recombination,4499.126943779148,1:2:4:4:4:4:4:4:1,2:2:4:4:4:3:3:4:1,MUTATE
1:2:4:4:3:4:4:4:0:,clone,4238.775142031842,1:2:4:4:3:4:4:4:0
1:2:4:4:1:4:4:4:1:,clone,4307.5315895579015,2:2:4:4:2:4:4:4:1
1:2:4:3:1:4:4:4:1:,clone,4146.92110013905,1:2:4:3:1:4:4:4:1
1:2:4:3:1:4:4:4:1:,recombination,4137.915151043037,1:2:4:3:1:4:4:4:0,4:3:4:4:4:4:3:4:3,MUTATE
1:2:4:4:1:4:4:4:1:,recombination,4280.839378426925,2:2:4:4:4:3:4:4:2,4:3:4:4:4:2:2:4:4,MUTATE
1:1:4:4:2:4:4:4:0:,recombination,4566.4193149338425,1:1:4:3:1:4:4:4:0,3:3:4:4:4:2:2:4:3
1:2:4:3:0:4:4:4:0:,recombination,4151.7387363091775,4:3:4:4:4:2:3:4:3,4:4:4:4:4:0:0:1:4
1:2:4:3:0:4:4:4:0:,recombination,4146.934592480176,2:3:4:4:4:4:4:4:2,1:2:4:3:0:4:4:4:0
1:2:4:3:0:4:4:4:0:,clone,4127.545402185461,1:2:4:3:0:4:4:4:0
1:2:4:4:1:4:4:4:1:,recombination,4260.555974956341,2:2:4:4:4:3:3:3:2,2:2:4:4:4:3:4:4:2,MUTATE
4:3:4:4:4:3:2:4:4:,clone,4167.579415695876,4:3:4:4:4:3:2:4:4
1:2:4:3:1:4:4:4:0:,clone,3959.9609632717356,1:2:4:3:1:4:4:4:0
2:3:4:4:2:4:4:4:1:,clone,4363.690777013248,2:3:4:4:2:4:4:4:1
2:3:4:4:2:3:4:4:1:,recombination,4384.000315007143,1:2:4:3:0:4:4:4:0,1:2:4:3:0:4:4:4:0,MUTATE
1:2:4:3:0:4:4:4:0:,clone,4108.986968388283,1:2:4:3:0:4:4:4:0
1:2:4:4:2:4:4:4:0:,clone,4048.2413075586874,1:2:4:4:2:4:4:4:0
1:2:4:4:2:4:4:4:0:,clone,4033.897292391055,1:2:4:4:2:4:4:4:0
2:3:4:4:4:3:4:4:2:,recombination,3966.6103435668833,2:3:4:4:3:3:4:4:2,3:3:4:4:4:3:4:4:3
2:3:4:4:2:4:4:4:2:,recombination,4463.865489921232,3:3:4:4:4:3:4:4:2,2:2:4:4:1:4:4:4:1,MUTATE
2:2:4:4:4:4:4:4:2:,recombination,4230.157225789233,4:3:4:4:4:2:2:4:4,2:2:4:4:3:4:4:4:1
2:3:4:4:4:4:3:4:1:,recombination,4767.146629508692,4:4:2:4:4:0:1:2:4,3:4:4:4:4:4:3:4:3
2:2:4:4:4:4:4:4:2:,recombination,4182.620241215861,2:3:4:4:3:4:4:4:2,4:3:4:4:4:1:2:3:4
2:3:4:4:4:4:3:4:1:,recombination,4707.553785813834,2:3:4:4:4:4:3:4:1,1:2:4:4:2:4:4:4:1,MUTATE
2:2:4:4:4:2:4:4:2:,recombination,4338.34545036411,2:2:4:4:2:4:4:4:2,1:2:4:4:1:4:4:4:1
2:2:4:4:4:3:4:4:1:,clone,3904.2270242528793,2:2:4:4:4:3:4:4:1
2:2:4:4:1:4:4:4:1:,clone,4328.446883152234,2:2:4:4:1:4:4:4:1
4:4:4:4:4:0:0:1:4:,recombination,3539.6710344504695,2:3:4:4:4:2:3:4:2,1:2:4:4:1:4:4:4:1
4:4:2:4:4:0:0:0:4:,clone,4825.249275521747,1:1:4:2:0:4:4:4:0
4:4:2:4:4:0:0:0:4:,clone,4687.7598910879615,4:4:2:4:4:0:0:0:4
4:4:3:4:4:0:0:0:4:,clone,4428.475528010522,1:2:4:2:0:4:4:4:0
2:2:4:4:3:3:4:4:1:,clone,3839.3804066735397,3:3:4:4:4:4:4:4:2
2:2:4:4:3:4:4:4:1:,recombination,4028.6484536444855,1:1:4:2:0:4:4:4:0,4:4:4:4:4:0:1:2:4
2:2:4:4:4:4:4:4:2:,clone,4144.293653531721,2:2:4:4:4:4:4:4:2
1:2:4:4:2:4:4:4:0:,recombination,3929.989678193097,1:2:4:4:4:4:4:4:1,1:2:4:4:2:4:4:4:1
2:2:4:4:4:4:4:4:2:,clone,4040.1318225626574,2:2:4:4:4:4:4:4:2
2:3:4:4:4:3:3:4:2:,recombination,3773.246002603685,2:2:4:4:4:4:4:4:2,2:3:4:4:4:4:3:4:2
3:3:4:4:4:4:3:4:2:,recombination,4169.978696127255,4:3:4:4:4:2:1:2:4,2:2:4:4:4:4:4:4:2,MUTATE
2:2:4:4:3:4:4:4:1:,clone,3957.881499431126,2:2:4:4:3:4:4:4:1
1:2:4:4:3:4:4:4:1:,recombination,4100.327312682323,1:2:4:3:1:3:4:4:0,1:1:4:2:0:4:4:4:0,MUTATE
1:2:4:4:3:4:4:4:1:,clone,4088.3118673035397,1:2:4:4:3:4:4:4:1
2:2:4:4:4:4:3:4:2:,clone,4188.316210970954,2:2:4:4:4:4:3:4:2
2:2:4:4:4:4:3:4:2:,recombination,4085.072095577258,2:2:4:4:3:4:4:4:1,4:4:4:4:4:2:1:3:4,MUTATE
3:3:4:4:4:3:3:4:2:,clone,3836.904981797887,3:3:4:4:4:3:3:4:2
2:2:4:4:4:3:4:4:2:,clone,3814.458919642405,2:2:4:4:4:3:4:4:2
1:2:4:4:3:3:4:4:1:,clone,3376.945413153164,2:2:4:4:4:3:3:4:2
2:2:4:4:3:3:4:4:1:,clone,3656.7488090459665,2:2:4:4:3:3:4:4:1
2:2:4:4:3:3:4:4:1:,clone,3563.3479841676362,2:2:4:4:3:3:4:4:1
4:4:4:4:4:0:1:1:4:,clone,3394.347014386972,4:4:4:4:4:0:1:1:4
4:4:4:4:4:2:2:3:4:,recombination,3581.1134552013145,2:2:4:4:1:4:4:4:1,1:2:4:4:3:3:4:4:1
2:2:4:4:3:3:4:4:1:,clone,3464.1921221619914,2:2:4:4:3:3:4:4:1
4:4:4:4:4:3:2:4:4:,recombination,4056.93438613482,1:1:4:2:0:4:4:4:0,3:3:4:4:4:4:4:4:2
4:3:4:4:4:2:2:4:4:,clone,3556.518061803389,4:4:4:4:4:2:2:3:4
4:4:4:4:4:2:2:4:4:,recombination,3720.9570655809034,4:4:4:4:4:2:2:3:4,2:2:4:4:4:3:3:4:2,MUTATE
4:3:4:4:4:2:2:4:4:,recombination,3541.9048200965694,3:3:4:4:4:3:3:4:3,3:3:4:4:4:2:3:4:3,MUTATE
4:4:4:4:4:1:2:2:4:,clone,3408.1180193048085,4:4:4:4:4:1:2:2:4
2:2:4:4:3:4:4:4:1:,recombination,3844.8657152352107,1:2:4:3:1:4:4:4:0,2:2:4:4:3:3:4:4:1
4:4:4:4:4:0:1:1:4:,recombination,3156.942870168928,4:4:4:4:4:0:1:1:4,1:1:4:2:0:4:4:4:0
4:4:4:4:4:1:2:3:4:,clone,3483.8129288383325,4:4:4:4:4:1:1:2:4
4:4:4:4:4:1:1:2:4:,clone,3289.6127930824546,4:4:4:4:4:1:1:2:4
2:2:4:4:4:3:4:4:1:,recombination,3860.269137701705,1:2:4:4:2:4:4:4:0,2:2:4:4:4:4:4:4:1,MUTATE
4:3:4:4:4:1:2:4:4:,recombination,3568.916910402306,4:4:4:4:4:1:2:2:4,4:4:4:4:4:0:1:2:4,MUTATE
4:4:4:4:4:2:3:2:4:,clone,4204.31141610202,4:4:4:4:4:2:2:2:4
4:4:4:4:4:3:2:4:4:,clone,4038.307416616076,4:4:4:4:4:2:2:4:4
4:4:4:4:4:3:2:4:4:,clone,4035.7928421240495,4:4:4:4:4:3:2:4:4
3:3:4:4:4:4:4:4:2:,recombination,4080.6328506563855,1:2:4:3:0:4:4:4:1,2:2:4:4:4:3:4:4:2
3:3:4:4:4:4:4:4:3:,recombination,4515.767753320911,2:2:4:3:0:4:4:4:1,4:3:4:4:4:2:2:2:4
3:3:4:4:4:4:3:4:3:,recombination,4212.571001508235,2:3:4:4:3:3:4:4:2,1:2:4:2:0:4:4:4:0
4:3:4:4:4:4:3:4:4:,clone,4266.016197231645,4:3:4:4:4:4:3:4:3
4:3:4:4:4:4:3:4:4:,recombination,4266.016197231644,0:1:4:2:0:4:4:4:0,3:3:4:4:4:3:4:4:3,MUTATE
3:2:4:4:4:4:3:4:2:,recombination,4395.905369289826,2:3:4:4:3:4:4:4:2,1:2:4:4:4:3:3:4:1
3:3:4:4:4:4:4:4:3:,clone,4367.880269702859,4:3:4:4:4:4:3:4:3
1:2:4:3:0:4:4:4:1:,recombination,4281.447804148989,0:2:4:2:0:4:4:4:0,4:4:4:4:4:2:2:3:4,MUTATE
1:2:4:2:0:4:4:4:1:,recombination,4196.373930707946,3:3:4:4:4:4:4:4:3,1:1:4:2:0:4:4:4:0,MUTATE
1:2:4:2:0:4:4:4:1:,clone,4188.832118350576,1:2:4:3:0:4:4:4:1
1:1:4:4:1:4:4:4:0:,recombination,4682.725738537758,1:1:4:3:1:4:4:4:0,2:2:4:4:4:4:4:4:2,MUTATE
1:2:4:3:1:4:4:4:0:,clone,3895.2558464428175,1:2:4:3:1:4:4:4:0
0:2:4:2:0:4:4:4:0:,recombination,3964.568378521028,4:4:4:4:4:1:1:2:4,2:3:4:4:4:4:4:4:1,MUTATE
1:1:4:2:0:4:4:4:0:,recombination,4013.5572979271847,0:2:4:2:0:4:4:4:0,1:2:4:4:2:4:4:4:0,MUTATE
3:2:4:4:4:3:4:4:2:,clone,4387.391484640151,3:2:4:4:4:3:4:4:2
4:4:4:4:4:1:0:2:4:,clone,4344.215742808856,4:4:4:4:4:1:1:2:4
2:3:4:4:1:4:4:4:1:,recombination,4502.243767969569,3:3:4:4:4:3:3:4:3,3:2:4:4:4:3:4:4:2
2:2:4:4:1:4:4:4:1:,clone,4319.413650835324,2:2:4:4:1:4:4:4:1
1:2:4:3:1:4:4:4:0:,clone,3684.7242452806013,1:2:4:3:1:4:4:4:0
4:4:4:4:4:0:0:1:4:,recombination,3357.0902947288205,0:1:4:2:0:4:4:4:0,4:3:4:4:4:2:2:3:4,MUTATE
1:2:4:3:1:3:4:4:0:,clone,4061.282165419827,1:2:4:3:1:4:4:4:0
1:2:4:3:1:4:4:4:1:,recombination,4084.9592235815485,3:3:4:4:4:4:3:4:3,2:2:4:4:3:4:4:4:1
4:4:4:4:4:2:1:3:4:,recombination,3749.288098442276,4:4:4:4:4:1:1:2:4,4:3:4:4:4:2:2:3:4
3:2:4:4:3:4:4:4:2:,clone,5283.500042503195,2:2:4:4:4:3:4:4:2
2:2:4:3:0:4:4:4:1:,clone,4496.2015166935325,2:2:4:3:0:4:4:4:1
2:2:4:3:0:4:4:4:1:,recombination,4490.434936900582,4:4:4:4:4:1:1:2:4,4:4:3:4:4:1:1:3:4,MUTATE
3:2:4:4:3:4:4:4:2:,recombination,4310.053986051248,2:3:4:4:4:3:4:4:2,4:3:4:4:4:1:2:1:4
2:2:4:3:1:4:4:4:1:,recombination,4271.982336133942,2:3:4:4:3:3:4:4:2,1:2:4:3:1:4:4:4:0
1:2:4:3:1:4:4:4:1:,recombination,4067.156921026421,2:3:4:4:4:3:4:4:2,4:3:4:4:4:1:2:4:4
1:2:4:3:1:4:4:4:1:,clone,3928.980748719617,1:2:4:3:1:4:4:4:1
1:2:4:2:1:4:4:4:0:,recombination,3945.421024030538,3:3:4:4:4:2:3:4:2,1:2:4:4:2:4:4:4:1,MUTATE
0:1:4:2:0:4:4:4:0:,clone,3991.138053613625,0:2:4:2:0:4:4:4:0
3:3:4:4:4:3:3:4:3:,recombination,3583.8847524644993,3:2:4:4:4:3:4:4:2,2:2:4:4:4:4:4:4:2
4:3:4:4:4:2:3:4:3:,recombination,4075.5256940596046,1:2:4:4:2:3:4:4:1,4:4:4:4:4:2:1:3:4,MUTATE
2:3:4:4:2:4:4:4:2:,clone,4231.431421888088,2:3:4:4:2:4:4:4:2
3:3:4:4:4:3:4:4:3:,recombination,4019.4373658447444,3:3:4:4:4:1:1:1:3,2:3:4:4:3:3:4:4:1
3:3:4:4:4:3:4:4:2:,clone,3888.7516195673434,3:3:4:4:4:3:4:4:2
2:2:4:4:3:4:4:4:2:,clone,3963.507342311767,2:2:4:4:3:4:4:4:2
2:3:4:4:3:3:4:4:2:,clone,3957.385578500581,2:3:4:4:3:3:4:4:2
2:2:4:4:2:4:4:4:2:,clone,4501.270372154108,2:2:4:4:2:4:4:4:2
2:2:4:4:3:4:4:4:1:,clone,3807.737549361916,2:2:4:4:3:4:4:4:1
3:3:4:4:4:3:3:4:2:,recombination,3807.737549361916,2:2:4:4:3:4:4:4:1,2:2:4:4:4:3:4:4:2
2:2:4:4:4:3:4:4:1:,clone,3744.5005179483073,2:2:4:4:3:4:4:4:1
4:4:4:4:4:3:3:4:4:,recombination,3923.321822851901,2:3:4:4:3:3:4:4:2,1:1:4:2:0:4:4:4:0,MUTATE
2:2:4:4:4:4:4:4:2:,recombination,3908.7409290444666,3:3:4:4:4:3:3:4:2,1:2:4:4:1:4:4:4:1
2:2:4:3:1:4:4:4:1:,clone,4081.583871338519,2:2:4:3:1:4:4:4:1
2:2:4:4:4:4:4:4:2:,clone,3889.020322588735,2:2:4:4:4:4:4:4:2
3:3:4:4:4:4:4:4:2:,recombination,4021.1556281863677,2:2:4:4:3:4:4:4:2,3:2:4:4:4:3:4:4:2
3:3:4:4:4:4:3:4:2:,clone,3998.6474092812714,2:3:4:4:4:4:4:4:2
2:2:4:4:2:4:4:4:2:,recombination,4097.713327865012,1:2:4:3:1:4:4:4:0,2:3:4:4:3:3:4:4:2,MUTATE
3:3:4:4:4:4:3:4:3:,recombination,4068.2977892544695,2:2:4:4:3:4:4:4:2,0:2:4:2:0:4:4:4:0,MUTATE
3:3:4:4:4:4:4:4:2:,recombination,4020.395986921482,2:2:4:3:1:4:4:4:1,2:2:4:4:4:3:4:4:1,MUTATE
2:3:4:4:3:4:4:4:2:,recombination,4124.163833239319,2:3:4:4:2:4:4:4:1,3:3:4:4:4:4:3:4:2,MUTATE
2:2:4:3:1:4:4:4:1:,recombination,4031.55058042537,1:2:4:3:1:4:4:4:0,4:3:4:4:4:3:3:4:3,MUTATE
2:2:4:4:4:4:4:4:2:,clone,3887.979613865429,2:2:4:4:4:4:4:4:2
3:3:4:4:4:4:3:4:2:,recombination,3997.6748654060975,4:4:4:4:4:1:1:4:4,3:3:4:4:4:4:3:4:3
2:2:4:4:2:4:4:4:1:,recombination,3968.7402676091583,4:4:4:4:4:2:1:3:4,3:3:4:4:4:4:4:4:2,MUTATE
2:2:4:4:2:4:4:4:1:,clone,3938.7749006066892,2:2:4:4:3:4:4:4:1
1:2:4:3:1:4:4:4:1:,recombination,3902.673137661252,2:3:4:4:4:3:4:4:2,2:3:4:4:4:4:4:4:1,MUTATE
2:2:4:4:2:4:4:4:2:,recombination,4096.246111075623,3:3:4:4:4:4:4:4:2,2:3:4:4:2:4:4:4:2,MUTATE
1:2:4:3:2:4:4:4:1:,recombination,3922.5594200572527,3:2:4:4:4:3:4:4:2,1:2:4:3:1:4:4:4:1,MUTATE
4:3:4:4:4:2:3:4:4:,recombination,3739.7504950853127,4:4:2:4:4:0:0:0:4,1:2:4:3:0:4:4:4:1,MUTATE
4:3:4:4:4:3:3:4:4:,clone,3917.8006683984863,3:3:4:4:4:3:3:4:3
4:3:4:4:4:2:3:4:4:,clone,3710.773377257233,3:3:4:4:4:2:3:4:3
1:2:4:3:0:4:4:4:1:,recombination,4250.598708743641,2:3:4:4:4:4:4:4:2,2:2:4:4:2:4:4:4:1
1:2:4:2:0:4:4:4:1:,recombination,3930.718283170759,1:2:4:3:0:4:4:4:1,1:2:4:4:4:3:3:4:1,MUTATE
1:2:4:2:0:4:4:4:0:,recombination,3956.8124640217047,0:2:4:2:0:4:4:4:0,1:2:4:4:2:3:4:4:1
3:3:4:4:4:3:3:4:2:,recombination,3771.6609482097756,4:3:4:4:4:2:2:4:4,1:2:4:2:0:4:4:4:0,MUTATE
3:3:4:4:4:3:3:4:2:,recombination,3676.731633642767,1:2:4:2:0:4:4:4:0,4:3:4:4:4:3:3:4:4,MUTATE
2:2:4:4:4:3:3:4:2:,clone,3674.7785802773565,2:2:4:4:4:3:3:4:2
2:3:4:4:4:3:3:4:2:,clone,3544.06171072924,2:3:4:4:4:3:3:4:2
3:2:4:4:4:3:3:4:2:,clone,4066.5984008531564,3:2:4:4:4:3:3:4:2
1:2:4:4:3:4:4:4:1:,clone,3909.8895700222993,1:2:4:4:3:4:4:4:1
1:2:4:4:4:4:4:4:1:,recombination,4249.032949468443,2:2:4:4:3:3:4:4:2,3:2:4:4:4:3:4:4:2
1:2:4:2:0:4:4:4:0:,clone,3925.6869878207644,1:2:4:2:0:4:4:4:0
0:2:4:2:0:4:4:4:0:,recombination,3939.598234715148,3:3:4:4:4:3:3:4:2,3:3:4:4:4:4:3:4:2
2:3:4:4:3:4:4:4:1:,clone,4194.580543079343,2:3:4:4:3:4:4:4:1
0:1:4:2:0:4:4:4:0:,recombination,3943.5603576154767,2:2:4:4:3:4:4:4:1,2:3:4:4:4:3:3:4:2,MUTATE
0:2:4:2:0:4:4:4:0:,clone,3929.124365316791,0:2:4:2:0:4:4:4:0
1:1:4:2:0:4:4:4:0:,clone,3935.4880328806144,1:1:4:2:0:4:4:4:0
0:1:4:2:0:4:4:4:0:,recombination,3935.2587310661447,2:2:4:4:4:3:4:4:1,3:3:4:4:4:4:3:4:2,MUTATE
0:1:4:2:0:4:4:4:0:,clone,3916.6221372903406,0:1:4:2:0:4:4:4:0
4:4:3:4:4:0:0:0:4:,recombination,4238.660185591218,3:3:4:4:4:3:2:3:3,2:2:4:4:4:3:3:4:1,MUTATE
2:2:4:3:2:4:4:4:1:,clone,4016.1827390644285,2:2:4:3:2:4:4:4:1
2:2:4:3:2:4:4:4:1:,recombination,3732.0032051040616,2:3:4:4:3:3:4:4:2,3:3:4:4:4:4:3:4:2,MUTATE
2:3:4:4:2:3:4:4:2:,recombination,4998.208674604748,2:2:4:4:4:3:4:4:1,4:4:4:4:4:1:2:4:4,MUTATE
1:2:4:2:1:4:4:4:0:,recombination,3898.358248845776,2:2:4:4:3:3:4:4:1,0:1:4:2:0:4:4:4:0,MUTATE
2:3:4:4:2:4:4:4:2:,clone,4203.876761849791,2:3:4:4:2:4:4:4:2
4:4:4:4:4:2:2:4:4:,clone,3700.034490600996,4:4:4:4:4:1:2:4:4
1:2:4:4:4:4:4:4:1:,clone,4175.6174853096745,1:2:4:4:4:4:4:4:1
1:2:4:4:4:4:4:4:1:,recombination,4171.6170086261245,3:3:4:4:4:2:3:4:3,4:4:4:4:4:1:1:3:4
1:2:4:4:4:4:4:4:1:,clone,4137.438671771984,1:2:4:4:4:4:4:4:1
4:3:4:4:4:4:3:4:3:,recombination,4663.63507758021,4:4:4:4:4:0:1:1:4,4:4:4:4:4:2:2:3:4
4:3:4:4:4:4:3:4:3:,clone,4414.642464786263,4:3:4:4:4:4:3:4:3
1:2:4:4:4:4:4:4:1:,recombination,4132.445101366859,1:2:4:3:0:4:4:4:0,3:3:4:4:4:3:4:4:3
3:3:4:4:4:3:2:4:3:,recombination,3931.1637062957084,1:1:4:2:0:4:4:4:0,3:3:4:4:4:3:3:4:2,MUTATE
4:3:4:4:4:3:3:4:3:,clone,4094.1204630984494,4:3:4:4:4:3:2:4:3
2:2:4:4:4:4:4:4:1:,clone,3903.083197552448,2:2:4:4:4:4:4:4:1
0:2:4:2:0:4:4:4:0:,recombination,3881.040065055576,1:2:4:3:0:4:4:4:1,1:2:4:4:3:4:4:4:1
1:1:4:3:1:4:4:4:0:,clone,3972.7912508180416,1:1:4:3:1:4:4:4:0
1:2:4:4:3:3:4:4:0:,clone,4501.120998350192,1:2:4:4:3:3:4:4:0
2:2:4:4:2:3:4:4:2:,recombination,4528.670893459238,4:3:4:4:4:4:3:4:3,2:2:4:4:4:3:3:3:2,MUTATE
2:3:4:4:2:3:4:4:2:,clone,4264.394924580076,2:3:4:4:2:3:4:4:2
2:2:4:4:2:3:4:4:2:,recombination,4263.258223867224,1:1:4:3:1:4:4:4:0,4:3:4:4:4:0:1:2:4,MUTATE
1:2:4:4:3:3:4:4:0:,clone,4444.010329621318,1:2:4:4:3:3:4:4:0
0:2:4:2:0:4:4:4:0:,clone,3879.206548890778,0:2:4:2:0:4:4:4:0
4:3:4:4:4:4:3:4:3:,clone,4402.753325078889,4:3:4:4:4:4:3:4:3
4:3:4:4:4:4:3:4:3:,clone,4369.150317794957,4:3:4:4:4:4:3:4:3
2:3:4:4:2:4:4:4:2:,recombination,4018.9651232955293,1:1:4:2:0:4:4:4:0,2:2:4:3:1:4:4:4:1
3:3:4:4:4:4:4:4:3:,clone,4076.8836983305423,3:3:4:4:4:4:4:4:3
2:3:4:4:2:4:4:4:1:,recombination,4317.218364562726,1:2:4:3:1:4:4:4:1,4:4:4:4:4:1:0:3:4
1:3:4:3:0:4:4:4:1:,recombination,5060.623004358634,3:3:4:4:4:3:3:4:2,2:3:4:4:3:3:4:4:2
2:2:4:4:3:3:4:4:2:,recombination,3625.9372616901237,2:2:4:4:1:4:4:4:1,0:2:4:2:0:4:4:4:0
2:2:4:4:4:2:4:4:2:,recombination,3714.823387989315,4:4:4:4:4:2:3:2:4,1:1:4:2:0:4:4:4:0,MUTATE
4:4:4:4:4:1:1:2:4:,clone,3107.3144915638104,4:4:4:4:4:1:1:3:4
4:4:4:4:4:1:2:3:4:,recombination,3410.4727110669546,4:4:4:4:4:3:2:4:4,4:3:4:4:4:2:3:4:3
4:4:4:4:4:1:2:3:4:,recombination,3357.8373960133804,4:3:4:4:4:4:3:4:3,4:3:4:4:4:3:3:4:3
4:4:4:4:4:0:1:2:4:,clone,3160.5083363715144,4:4:4:4:4:0:1:2:4
4:4:4:4:4:0:0:0:4:,clone,2779.6129942051493,4:4:4:4:4:0:0:0:4
4:4:4:4:4:0:0:1:4:,recombination,3140.2600607470404,4:4:4:4:4:2:2:4:4,3:3:4:4:4:3:4:4:2,MUTATE
4:3:4:4:4:1:2:3:4:,recombination,3346.812105505518,3:3:4:4:4:4:4:4:2,4:4:4:4:4:1:2:3:4
4:4:4:4:4:0:1:1:4:,clone,3110.116917493065,4:4:4:4:4:0:1:1:4
4:4:4:4:4:1:1:3:4:,clone,3498.084195422435,4:4:4:4:4:1:1:3:4
4:4:3:4:4:0:0:2:4:,recombination,4764.060883195894,2:2:4:3:0:4:4:4:1,4:4:4:4:4:0:1:2:4
2:3:4:4:3:4:4:4:2:,recombination,4092.7314579301824,3:3:4:4:4:3:3:4:3,3:3:4:4:4:3:3:4:2,MUTATE
4:4:4:4:4:2:2:3:4:,clone,3483.076118066433,4:4:4:4:4:2:2:4:4
1:2:4:4:4:3:4:4:1:,recombination,3931.2495984684883,1:2:4:4:4:3:4:4:1,4:4:4:4:4:1:2:3:4,MUTATE
4:3:4:4:4:2:3:4:4:,recombination,3631.854628379599,4:4:4:4:4:2:3:3:4,4:4:4:4:4:2:2:3:4
4:3:4:4:4:3:3:4:4:,clone,3754.183635268008,4:3:4:4:4:3:3:4:4
4:4:4:4:4:2:1:4:4:,clone,3811.1041510437203,4:4:4:4:4:2:1:4:4
4:4:4:4:4:1:1:4:4:,recombination,3626.3130038862237,2:2:4:4:1:4:4:4:1,0:1:4:2:0:4:4:4:0,MUTATE
4:4:4:4:4:2:2:4:4:,recombination,3599.099149357267,2:2:4:4:1:4:4:4:1,2:2:4:4:1:4:4:4:1
4:4:4:4:4:2:2:4:4:,recombination,3571.152202069749,4:4:4:4:4:3:3:4:4,2:2:4:3:1:4:4:4:1
4:3:4:4:4:3:3:4:3:,clone,4041.571902574279,4:3:4:4:4:3:3:4:3
1:2:4:4:4:3:3:4:1:,clone,3563.648707663619,3:3:4:4:4:3:3:4:2
2:2:4:4:4:3:3:4:2:,recombination,3598.952566722967,1:1:4:3:1:4:4:4:0,2:2:4:4:2:4:4:4:2,MUTATE
2:2:4:4:4:3:4:4:1:,clone,3732.0152807605764,2:2:4:4:4:3:4:4:1
1:2:4:4:2:4:4:4:1:,clone,3860.7396652904863,1:2:4:4:2:4:4:4:1
1:2:4:4:2:4:4:4:1:,clone,3852.646328246172,1:2:4:4:2:4:4:4:1
2:2:4:4:4:4:3:4:1:,clone,4415.627919316828,2:2:4:4:4:4:3:4:1
2:2:4:4:4:4:3:4:1:,recombination,4300.520305914904,1:2:4:4:4:4:3:4:1,4:4:4:4:4:1:2:1:4,MUTATE
3:2:4:4:4:3:3:4:2:,clone,3990.6662489085484,3:3:4:4:4:3:3:4:2
1:2:4:4:3:4:4:4:1:,recombination,3909.860354056304,4:3:4:4:4:3:3:4:4,1:2:4:2:0:4:4:4:0
2:2:4:4:3:4:4:4:1:,clone,3803.75155671452,2:2:4:4:3:4:4:4:1
2:2:4:4:2:3:4:4:2:,recombination,4088.1551281704387,3:3:4:4:4:3:4:4:3,2:2:4:4:4:3:4:4:1
1:2:4:3:0:4:4:4:0:,clone,4074.032352522209,1:2:4:3:0:4:4:4:0
3:2:4:4:4:3:4:4:2:,clone,4353.452874341055,3:2:4:4:4:3:4:4:2
3:3:4:4:3:4:4:4:2:,clone,4173.937697238582,3:3:4:4:4:3:4:4:3
4:3:4:4:4:4:4:4:3:,recombination,4500.9691637719,4:4:4:4:4:2:2:3:4,1:1:4:3:0:4:4:4:0,MUTATE
3:3:4:4:3:4:4:4:2:,clone,4136.251640142085,3:3:4:4:3:4:4:4:2
2:2:4:4:2:4:4:4:2:,clone,3892.57695656118,2:2:4:4:2:4:4:4:2
4:3:4:4:4:3:3:4:3:,recombination,3949.9664709722383,3:3:4:4:4:3:4:4:3,1:1:4:2:0:4:4:4:0
3:3:4:4:4:3:2:4:3:,clone,3862.2312498510364,4:3:4:4:4:2:2:4:4
1:2:4:3:2:4:4:4:1:,clone,3885.1536440900263,1:2:4:3:2:4:4:4:1
2:2:4:4:1:4:4:4:1:,clone,4280.2999199041315,2:2:4:4:1:4:4:4:1
1:2:4:3:1:4:4:4:1:,clone,3898.568146365835,1:2:4:3:1:4:4:4:1
1:2:4:3:1:4:4:4:1:,clone,3854.305044379796,1:2:4:3:1:4:4:4:1
3:3:4:4:4:2:3:4:2:,clone,3929.9610144739,3:3:4:4:4:2:3:4:2
2:3:4:4:4:4:3:4:2:,recombination,4130.87624866504,4:4:4:4:4:1:1:4:4,4:3:4:4:4:3:3:4:3
1:2:4:4:3:4:4:4:0:,recombination,4175.510544917424,4:3:4:4:4:2:2:4:4,4:4:4:4:4:0:1:3:4,MUTATE
2:2:4:4:4:4:3:4:1:,recombination,4218.423627686319,1:2:4:4:3:4:4:4:0,2:3:4:4:2:4:4:4:1,MUTATE
1:3:4:4:2:4:4:4:1:,clone,4793.1112050816155,1:3:4:4:2:4:4:4:1
0:2:4:2:0:4:4:4:0:,recombination,3861.133532397581,4:4:4:4:4:1:1:4:4,1:2:4:2:0:4:4:4:0,MUTATE
2:3:4:4:4:3:4:4:2:,clone,3906.1478022900915,2:3:4:4:4:3:4:4:2
0:1:4:2:0:4:4:4:0:,clone,3839.635924376817,0:1:4:2:0:4:4:4:0
1:2:4:4:2:3:4:4:1:,clone,3630.150835392821,3:2:4:4:4:3:4:4:2
1:2:4:2:1:4:4:4:0:,clone,3796.793762186977,1:2:4:2:1:4:4:4:0
2:3:4:4:3:3:4:4:2:,recombination,3773.022711830614,3:3:4:4:4:3:4:4:3,2:3:4:4:3:4:4:4:2
2:2:4:4:4:3:3:4:1:,clone,3713.1260407883583,2:2:4:4:4:3:4:4:1
1:1:4:4:2:4:4:4:0:,recombination,4512.076286903074,1:2:4:4:2:4:4:4:0,1:2:4:2:0:4:4:4:0
1:2:4:3:2:4:4:4:0:,recombination,4119.1750386865215,4:4:4:4:4:3:3:4:4,2:3:4:4:4:3:4:4:2,MUTATE
4:4:1:4:4:0:0:0:4:,clone,5283.500042503196,4:4:3:4:4:0:0:0:4
4:4:1:4:4:0:0:0:4:,clone,5149.968871363152,4:4:1:4:4:0:0:0:4
4:4:2:4:4:0:0:1:4:,recombination,5007.955999769369,2:2:4:4:4:3:3:4:2,3:2:4:4:4:3:3:4:2
4:4:2:4:4:0:0:1:4:,clone,4904.855782988178,4:4:2:4:4:0:0:1:4
4:4:2:4:4:1:0:2:4:,clone,5042.8690938246455,4:4:2:4:4:0:0:1:4
4:4:3:4:4:1:1:2:4:,recombination,5032.377906019007,1:2:4:3:1:4:4:4:1,1:2:4:3:2:4:4:4:1
4:4:3:4:4:1:1:2:4:,clone,4843.067832602054,4:4:3:4:4:1:1:2:4
1:1:4:4:3:4:4:4:0:,clone,4668.125374353816,1:2:4:3:1:4:4:4:0
4:4:3:4:4:0:0:1:4:,recombination,4379.002103236538,1:2:4:3:1:4:4:4:1,1:2:4:2:0:4:4:4:0,MUTATE
4:4:4:4:4:1:1:3:4:,recombination,3375.114642057638,3:3:4:4:4:4:4:4:2,4:4:4:4:4:1:1:2:4,MUTATE
4:4:4:4:4:1:2:4:4:,clone,3501.638811961612,4:4:4:4:4:1:2:4:4
3:3:4:4:4:2:4:4:2:,clone,4316.33037284891,3:3:4:4:4:2:4:4:2
2:3:4:4:4:3:4:4:2:,clone,3904.1580515504734,3:3:4:4:4:3:3:4:2
1:3:4:4:1:4:4:4:1:,recombination,4722.729650332137,2:3:4:4:4:4:4:4:2,2:2:4:4:1:4:4:4:1
1:1:4:3:0:4:4:4:0:,recombination,4365.5246163619595,1:1:4:4:2:4:4:4:0,1:2:4:4:3:4:4:4:0,MUTATE
0:2:4:2:0:4:4:4:0:,clone,3833.4284759011593,0:2:4:2:0:4:4:4:0
0:1:4:2:0:4:4:4:0:,clone,3834.695690536037,0:1:4:2:0:4:4:4:0
4:4:4:4:4:1:0:2:4:,recombination,4101.090864903335,3:2:4:4:4:4:3:4:2,4:4:4:4:4:2:1:3:4,MUTATE
4:4:4:4:4:3:2:3:4:,recombination,4477.425510469728,4:3:4:4:4:3:3:4:3,4:4:4:4:4:2:1:3:4
4:4:3:4:4:0:0:0:4:,recombination,4124.163735960758,4:3:4:4:4:2:3:4:4,4:3:4:4:4:3:3:4:4
4:4:3:4:4:0:0:0:4:,clone,4119.151848952583,4:4:3:4:4:0:0:0:4
4:4:3:4:4:0:0:0:4:,clone,4091.818173065493,4:4:3:4:4:0:0:0:4
4:4:3:4:4:0:0:0:4:,clone,3975.341316627842,4:4:3:4:4:0:0:0:4
1:1:4:4:1:4:4:4:0:,clone,4370.315683902292,1:1:4:4:1:4:4:4:0
1:1:4:3:0:4:4:4:0:,recombination,4316.6324136190005,4:4:4:4:4:1:1:3:4,2:2:4:4:3:4:4:4:1,MUTATE
1:2:4:3:1:4:4:4:0:,recombination,3684.5964970575164,1:2:4:4:4:3:3:4:1,3:3:4:4:4:4:3:4:3,MUTATE
1:2:4:2:0:4:4:4:0:,clone,3921.940724165125,1:2:4:2:0:4:4:4:0
1:2:4:3:2:4:4:4:0:,clone,3699.603036912815,1:2:4:3:1:4:4:4:0
1:2:4:3:1:4:4:4:0:,recombination,3675.52500946596,3:3:4:4:4:4:3:4:3,2:2:4:4:4:4:3:4:1
1:2:4:3:1:4:4:4:0:,recombination,3619.6797885403535,4:4:4:4:4:1:2:2:4,2:2:4:4:3:4:4:4:1,MUTATE
0:1:4:2:0:4:4:4:0:,clone,3808.1885863564703,0:2:4:1:0:4:4:4:0
0:2:4:1:0:4:4:4:0:,clone,3783.907741259616,0:1:4:2:0:4:4:4:0
0:2:4:2:0:4:4:4:0:,clone,3823.6894374123194,0:2:4:1:0:4:4:4:0
0:1:4:1:0:4:4:4:0:,recombination,3758.0956669061993,4:4:4:4:4:1:2:3:4,1:2:4:2:0:4:4:4:0
1:2:4:2:0:4:4:4:0:,clone,3920.367877027473,1:2:4:2:0:4:4:4:0
1:2:4:2:0:4:4:4:0:,recombination,3919.678578318447,4:3:4:4:4:4:3:4:3,3:3:4:4:4:3:3:4:2,MUTATE
0:2:4:2:0:4:4:4:0:,recombination,3823.6559856837243,4:4:4:4:4:2:2:3:4,4:4:3:4:4:0:0:0:4,MUTATE
4:4:2:4:4:0:0:0:4:,clone,4642.324166089923,1:2:4:2:0:4:4:4:0
2:3:4:4:4:3:4:4:1:,recombination,4324.20153514694,2:2:4:4:4:3:4:4:1,1:2:4:4:4:4:4:4:1,MUTATE
3:2:4:4:4:2:3:4:2:,clone,4141.661621491068,3:3:4:4:4:2:3:4:3
2:2:4:4:2:3:4:4:2:,recombination,3966.797598901486,3:3:4:4:4:3:3:4:2,1:1:4:2:0:4:4:4:0
2:2:4:3:0:4:4:4:1:,recombination,4473.50928133818,4:3:4:4:4:4:3:4:3,2:2:4:4:4:4:3:4:2,MUTATE
1:2:4:4:1:4:4:4:0:,recombination,4280.683376002144,0:2:4:2:0:4:4:4:0,1:1:4:3:0:4:4:4:0,MUTATE
3:3:4:4:4:2:4:4:2:,clone,4219.9558336567225,3:3:4:4:4:2:4:4:2
4:3:4:4:4:1:2:3:4:,clone,3311.3465110927027,4:3:4:4:4:1:2:3:4
4:3:4:4:4:2:2:3:4:,recombination,3496.265501658425,4:4:3:4:4:0:0:1:4,1:1:4:3:1:4:4:4:0
4:3:4:4:4:2:2:4:4:,clone,3444.7171327923156,4:3:4:4:4:2:2:4:4
4:4:4:4:4:2:2:4:4:,recombination,3544.5056593107342,1:1:4:3:0:4:4:4:0,1:2:4:4:3:4:4:4:0
4:4:4:4:4:2:2:3:4:,clone,3267.7546545523687,4:4:4:4:4:2:2:4:4
3:2:4:4:3:3:4:4:2:,clone,4607.147445516447,3:2:4:4:3:3:4:4:2
4:4:4:4:4:2:2:4:4:,clone,3461.665974223033,4:4:4:4:4:2:2:4:4
2:3:4:4:4:4:4:4:2:,clone,3914.596513119463,2:3:4:4:4:4:4:4:2
2:3:4:4:4:4:4:4:1:,clone,4174.235516681997,2:3:4:4:4:4:4:4:1
2:2:4:4:2:4:4:4:1:,clone,3909.597951577812,2:2:4:4:2:4:4:4:1
3:3:4:4:4:2:3:4:3:,recombination,3371.4847626111377,4:4:4:4:4:2:2:4:4,3:2:4:4:4:4:3:4:2
3:3:4:4:4:2:3:4:2:,clone,3807.01203880456,3:3:4:4:4:2:3:4:2
3:3:4:4:4:2:3:4:2:,clone,3708.219113222808,3:3:4:4:4:2:3:4:2
4:3:4:4:4:2:3:4:3:,recombination,4072.0038136961684,2:2:4:3:1:4:4:4:1,3:2:4:4:4:3:4:4:2
2:2:4:4:4:4:3:4:1:,recombination,4126.168665014004,1:2:4:4:4:3:4:4:1,2:2:4:4:4:3:4:4:2,MUTATE
1:2:4:4:3:4:4:4:0:,recombination,4037.029694432451,4:4:4:4:4:3:3:4:4,2:3:4:4:3:4:4:4:2,MUTATE
3:3:4:4:4:2:4:4:3:,recombination,4446.773812413594,1:2:4:3:1:3:4:4:0,4:4:4:4:4:2:1:3:4,MUTATE
3:2:4:4:4:2:3:4:2:,recombination,3800.119973003687,3:3:4:4:4:3:2:4:3,4:4:4:4:4:1:1:2:4,MUTATE
1:2:4:3:2:4:4:4:1:,clone,3738.0371900817004,1:2:4:3:2:4:4:4:1
1:2:4:3:0:4:4:4:0:,clone,4031.7867763022396,1:2:4:2:0:4:4:4:0
4:4:4:4:4:0:0:3:4:,clone,4467.370127732292,4:4:4:4:4:0:0:3:4
2:3:4:4:4:3:4:4:2:,recombination,3876.650379644639,4:4:4:4:4:1:1:3:4,4:4:4:4:4:2:3:4:4,MUTATE
2:2:4:4:4:3:4:4:2:,clone,3625.4961787945354,2:2:4:4:4:3:4:4:2
2:2:4:4:4:2:4:4:1:,clone,3701.4642886210277,2:2:4:4:4:2:4:4:1
3:3:4:4:4:3:4:4:2:,recombination,3802.830466104018,3:3:4:4:4:4:3:4:2,4:4:4:4:4:0:1:1:4,MUTATE
4:3:4:4:4:3:4:4:4:,recombination,5010.689819107858,4:4:4:4:4:1:2:3:4,4:3:4:4:4:4:3:4:4,MUTATE
1:1:4:3:0:4:4:4:0:,recombination,4250.395145783409,4:4:3:4:4:1:1:4:4,2:3:4:4:4:4:4:4:2,MUTATE
3:2:4:4:4:3:4:4:2:,recombination,4218.374568193538,1:1:4:3:1:4:4:4:0,3:3:4:4:4:3:3:4:2
4:4:4:4:4:1:0:1:4:,clone,3868.2867667172045,4:4:4:4:4:1:0:1:4
3:2:4:4:4:4:4:4:2:,clone,4455.959347573963,3:3:4:4:4:3:3:4:3
2:3:4:4:2:4:4:4:1:,clone,4276.95725316378,2:3:4:4:2:4:4:4:1
2:3:4:4:3:4:4:4:2:,clone,3966.391015981784,2:2:4:4:3:3:4:4:2
3:2:4:4:4:3:4:4:2:,recombination,4041.6230911924004,1:2:4:3:2:4:4:4:1,4:4:4:4:4:2:1:4:4,MUTATE
2:2:4:3:2:4:4:4:1:,clone,3674.857064408776,2:3:4:4:3:3:4:4:2
2:2:4:3:0:4:4:4:1:,clone,4463.637512293676,2:2:4:3:0:4:4:4:1
2:2:4:3:2:4:4:4:1:,clone,3602.2028539419944,2:2:4:4:2:3:4:4:1
2:2:4:3:0:4:4:4:1:,clone,4393.014588445305,2:2:4:3:0:4:4:4:1
2:2:4:4:2:4:4:4:1:,recombination,3725.0518539693817,3:3:4:4:4:3:3:4:2,2:2:4:4:4:3:3:4:1
1:2:4:3:1:4:4:4:1:,recombination,3823.234793893774,2:2:4:3:2:4:4:4:1,1:2:4:4:4:3:4:4:1
1:3:4:4:2:4:4:4:1:,clone,4546.292160465834,1:3:4:4:2:4:4:4:1
1:1:4:2:0:4:4:4:0:,clone,3931.631285094044,1:2:4:2:0:4:4:4:0
4:4:2:4:4:0:0:0:4:,clone,4592.705441832416,4:4:2:4:4:0:0:0:4
1:2:4:4:3:4:4:4:1:,recombination,3862.9270456042595,4:4:4:4:4:0:0:0:4,4:4:4:4:4:1:0:1:4,MUTATE
