3:3:4:4:4:2:3:4:3:,initialisation,12471.950934752813,
4:4:4:4:4:2:2:4:4:,initialisation,12304.532239002498,
4:4:4:4:4:2:2:4:4:,initialisation,12221.027780102055,
4:4:4:4:4:1:2:3:4:,initialisation,12023.428686061232,
2:3:4:4:4:2:2:2:3:,initialisation,12405.754742673773,
4:4:4:4:4:2:2:4:4:,initialisation,11853.36898439644,
3:3:4:4:4:2:3:4:3:,initialisation,12349.174052313047,
4:4:3:4:4:2:2:4:4:,initialisation,13204.18847940369,
4:4:3:4:4:1:2:3:4:,initialisation,12260.735387175097,
4:4:3:4:4:2:2:4:4:,initialisation,13204.188479403683,
4:4:4:4:4:2:3:4:4:,initialisation,13043.81521521117,
4:4:4:4:4:2:2:3:4:,initialisation,11803.22241134988,
3:3:4:4:4:1:2:3:3:,initialisation,10928.702866870428,
4:4:4:4:4:1:1:2:4:,initialisation,12062.875676770105,
4:4:4:4:4:3:3:4:4:,initialisation,13204.188479403689,
3:4:4:4:4:2:3:4:3:,initialisation,12643.994866323168,
3:3:4:4:4:3:3:4:3:,initialisation,12501.25020704915,
4:4:4:4:4:2:2:4:4:,initialisation,11678.286445290976,
2:3:4:4:4:1:2:1:2:,initialisation,9433.530573697131,
3:4:4:4:4:2:2:4:3:,initialisation,12023.096478017342,
4:4:3:4:4:1:1:2:4:,initialisation,11889.52260103954,
3:4:4:4:4:1:2:2:3:,initialisation,11587.04308201164,
4:4:4:4:4:1:2:4:4:,initialisation,11856.83689713295,
3:3:4:4:4:2:3:4:3:,initialisation,12347.248017328615,
3:4:4:4:4:2:2:3:4:,initialisation,11188.760251986549,
3:4:4:4:4:2:3:4:3:,initialisation,12515.087320171455,
3:4:4:4:4:2:3:4:3:,initialisation,12323.191369256621,
3:4:4:4:4:2:2:3:3:,initialisation,12045.809697459981,
3:3:4:4:4:2:3:4:3:,initialisation,12038.05956322668,
3:4:4:4:4:2:3:3:3:,initialisation,12631.115812641608,
3:3:4:4:4:1:2:2:3:,initialisation,10252.261224734959,
4:4:4:4:4:1:2:3:4:,initialisation,11812.073106325854,
4:4:3:4:4:3:2:4:4:,initialisation,13204.188479403689,
4:4:4:4:4:2:3:4:4:,initialisation,12507.103163704433,
4:4:4:4:4:1:1:3:4:,initialisation,11737.827120491358,
2:3:4:4:4:2:2:2:3:,initialisation,11702.743976830372,
4:4:4:4:4:1:2:4:4:,initialisation,11641.717367740433,
3:3:4:4:4:2:2:4:3:,initialisation,12562.34740973654,
2:3:4:4:4:1:2:1:3:,initialisation,10919.287884680734,
4:4:3:4:4:1:2:3:4:,initialisation,11747.708371972,
3:4:4:4:4:1:2:2:3:,initialisation,11553.342347575017,
4:4:4:4:4:2:2:4:4:,initialisation,11650.477981759117,
4:4:4:4:4:2:2:4:4:,initialisation,11631.302711025553,
3:3:4:4:4:2:3:4:3:,initialisation,11900.754655132498,
3:4:4:4:4:1:2:3:4:,initialisation,10923.753097586734,
4:4:4:4:4:2:2:4:4:,initialisation,11558.596659642773,
4:4:4:4:4:0:0:1:4:,initialisation,10942.986160423068,
3:4:4:4:4:1:2:2:3:,initialisation,10702.49562002242,
4:4:4:4:4:2:2:3:4:,initialisation,11162.574484184679,
4:4:3:4:4:2:2:4:4:,initialisation,12849.322259827988,
2:3:4:4:4:3:3:4:2:,initialisation,12057.078119192525,
2:3:4:4:4:1:2:2:3:,initialisation,11163.633889540499,
4:4:4:4:4:1:2:3:4:,initialisation,11401.981342654362,
3:3:4:4:4:3:3:4:3:,initialisation,12318.725301416258,
4:4:4:4:4:1:2:3:4:,initialisation,11075.106800737361,
3:4:4:4:4:2:3:4:3:,initialisation,12244.83746214001,
4:4:4:4:4:1:1:3:4:,initialisation,11266.303961734833,
3:3:4:4:4:3:3:4:3:,initialisation,11998.022535564558,
3:4:4:4:4:2:3:4:3:,initialisation,11439.980955730156,
3:4:4:4:4:2:2:4:3:,initialisation,11879.611891246077,
2:3:4:4:4:2:3:3:2:,initialisation,12563.312816251671,
4:4:3:4:4:1:1:3:4:,initialisation,11996.6626007668,
4:4:4:4:4:2:2:4:4:,initialisation,11465.62864092333,
4:4:3:4:4:2:2:4:4:,initialisation,12664.528710177978,
4:4:2:4:4:2:1:4:4:,initialisation,13204.188479403687,
3:3:4:4:4:2:2:3:3:,initialisation,11899.7264667893,
4:4:4:4:4:1:2:2:4:,initialisation,11752.518931847719,
2:3:4:4:4:2:2:3:2:,initialisation,10804.615602170721,
3:3:4:4:4:2:3:3:3:,initialisation,12703.798043304054,
2:3:4:4:4:2:3:3:2:,initialisation,12504.467044163539,
4:4:4:4:4:1:1:2:4:,initialisation,11920.93282947458,
3:4:4:4:4:2:2:3:3:,initialisation,11896.720919520461,
4:4:4:4:4:1:1:2:4:,initialisation,11728.828444364455,
2:3:4:4:4:2:3:2:2:,initialisation,11303.9705647708,
2:3:4:4:4:2:3:4:2:,initialisation,12733.102897520352,
4:3:3:4:4:1:2:3:4:,initialisation,11366.894644062952,
2:3:4:4:4:2:2:2:3:,initialisation,10687.46696253706,
4:4:3:4:4:1:2:4:4:,initialisation,11930.772109348272,
3:4:4:4:4:1:2:3:3:,initialisation,11598.022689609412,
3:3:4:4:4:2:3:3:3:,initialisation,12049.36583179002,
4:4:4:4:4:3:2:4:4:,initialisation,13204.188479403689,
3:3:4:4:4:2:2:4:3:,initialisation,11489.954779666594,
3:4:4:4:4:2:2:3:3:,initialisation,11669.920191443905,
4:3:4:4:4:2:2:4:4:,initialisation,12711.681672811244,
2:3:4:4:4:3:3:3:2:,initialisation,12998.50628001308,
3:3:4:4:4:2:2:2:3:,initialisation,12161.95568210254,
4:4:0:4:4:0:0:0:4:,initialisation,13204.188479403687,
3:3:4:4:4:2:3:3:3:,initialisation,11847.983515155125,
4:4:4:4:4:2:2:4:4:,initialisation,11296.812714692842,
4:4:4:4:4:2:2:2:4:,initialisation,12007.597400367387,
3:3:4:4:4:2:2:3:3:,initialisation,11148.893018157989,
3:3:4:4:4:1:2:3:3:,initialisation,10064.185625988977,
4:4:4:4:4:3:3:4:4:,initialisation,12679.70939761045,
4:4:3:4:4:1:1:3:4:,initialisation,11467.652106486777,
3:3:4:4:4:2:2:3:3:,initialisation,11051.523169718866,
2:3:4:4:4:3:3:3:2:,initialisation,12937.97667412561,
2:3:4:4:4:2:2:2:2:,initialisation,10908.662910977017,
2:3:4:4:4:2:3:3:2:,initialisation,11063.931881291715,
4:4:4:4:4:3:2:4:4:,initialisation,13204.188479403685,
4:4:3:4:4:2:2:4:4:,initialisation,12609.31107737335,
3:3:4:4:4:2:3:2:3:,initialisation,12689.680626008794,
4:4:2:4:4:2:1:4:4:,initialisation,13204.188479403685,
4:4:4:4:4:1:2:4:4:,initialisation,11488.75297062902,
3:3:4:4:4:2:2:2:3:,initialisation,11811.836194888267,
4:4:4:4:4:1:1:2:4:,initialisation,10441.385410641478,
3:4:4:4:4:2:2:4:3:,initialisation,11862.890503651455,
2:3:4:4:4:2:3:2:3:,initialisation,12191.571426888911,
1:2:4:4:3:3:4:4:1:,initialisation,13709.295002927502,
4:4:4:4:4:1:1:3:4:,initialisation,11204.74217405466,
4:3:4:4:4:2:3:4:4:,initialisation,12785.655430755482,
3:4:4:4:4:2:2:2:3:,initialisation,11814.748996871627,
2:3:4:4:3:3:3:4:2:,initialisation,13297.972930107491,
3:4:4:4:4:1:2:2:3:,initialisation,10113.220383633523,
3:3:4:4:4:2:2:4:3:,initialisation,11301.740669803286,
2:3:4:4:4:1:2:2:3:,initialisation,10477.31966012486,
3:4:4:4:4:3:3:4:3:,initialisation,13189.640385532357,
3:3:4:4:4:3:3:4:3:,initialisation,11967.145797552641,
4:4:3:4:4:2:2:4:4:,initialisation,11677.071710305163,
3:3:4:4:4:3:3:4:2:,initialisation,13553.514698849965,
3:3:4:4:4:3:3:4:2:,initialisation,12993.22778615546,
3:4:4:4:4:3:3:4:3:,initialisation,12668.445677272244,
3:3:4:4:4:2:3:2:3:,initialisation,12293.842916107227,
3:4:4:4:4:2:2:4:3:,initialisation,11720.88119404628,
3:4:4:4:4:2:2:4:3:,initialisation,11641.400307879336,
4:4:2:4:4:1:1:4:4:,initialisation,13204.188479403689,
3:4:4:4:4:2:3:3:4:,initialisation,12910.627299675241,
4:4:3:4:4:3:2:4:4:,initialisation,13204.188479403685,
4:4:2:4:4:1:1:4:4:,initialisation,13204.188479403685,
4:4:4:4:4:2:2:4:4:,initialisation,11215.261455891465,
4:4:3:4:4:2:2:3:4:,initialisation,12793.24806924762,
3:3:4:4:4:2:3:4:3:,initialisation,11835.137252303552,
3:4:4:4:4:1:1:2:4:,initialisation,9567.12291908644,
3:4:4:4:4:2:2:4:3:,initialisation,11555.113870494064,
3:3:4:4:4:2:2:2:3:,initialisation,11246.081811745433,
3:3:4:4:4:1:2:1:3:,initialisation,10176.299239518508,
2:3:4:4:4:2:3:4:2:,initialisation,12302.010142105799,
4:4:4:4:4:2:2:4:4:,initialisation,11190.839199880857,
2:3:4:4:3:3:4:4:2:,initialisation,14132.985884981686,
4:4:4:4:4:1:1:3:4:,initialisation,10977.64863046946,
4:4:4:4:4:3:3:4:4:,initialisation,12623.886933564676,
4:4:4:4:4:1:2:3:4:,initialisation,10880.598325733044,
2:3:4:4:4:2:2:2:2:,initialisation,10859.521231485662,
4:4:3:4:4:1:1:3:4:,initialisation,11264.46326028294,
2:3:4:4:4:3:3:3:2:,initialisation,12240.418380237365,
4:4:4:4:4:1:2:4:4:,initialisation,11291.024655226354,
4:4:3:4:4:2:2:4:4:,initialisation,11652.881462483678,
4:4:4:4:4:1:2:2:4:,initialisation,11005.291292725233,
3:3:4:4:4:2:2:2:3:,initialisation,11143.5268962575,
4:4:3:4:4:1:1:2:4:,initialisation,11254.782538808486,
4:4:4:4:4:3:2:4:4:,initialisation,12842.63542613381,
4:4:4:4:4:0:1:2:4:,initialisation,11059.116216631186,
4:3:4:4:4:2:2:4:4:,initialisation,12278.733587514123,
3:3:4:4:4:1:1:1:3:,initialisation,9749.495404786152,
3:4:4:4:4:3:3:4:3:,initialisation,12192.035998175932,
4:4:3:4:4:1:2:4:4:,initialisation,11703.407888950274,
4:4:4:4:4:1:1:3:4:,initialisation,10770.835713269855,
4:4:3:4:4:2:2:3:4:,initialisation,12423.145955657224,
3:4:4:4:4:3:2:4:3:,initialisation,12059.171885812562,
4:3:4:4:4:2:2:4:4:,initialisation,11834.44442132573,
4:4:4:4:4:2:3:4:4:,initialisation,12132.739466197907,
4:4:4:4:4:1:2:2:4:,initialisation,11004.915493534445,
4:4:3:4:4:2:2:3:4:,initialisation,12054.16258217635,
1:2:4:4:3:3:4:3:1:,initialisation,13882.731106317558,
3:3:4:4:4:2:2:4:3:,initialisation,11052.526601059448,
3:3:4:4:4:2:3:3:3:,initialisation,11715.405721379988,
2:2:4:4:4:2:3:3:2:,initialisation,11372.913995974854,
3:4:4:4:4:1:1:2:3:,initialisation,10301.220830187487,
2:3:4:4:4:2:3:4:2:,initialisation,11608.87967587319,
3:4:4:4:4:1:2:3:4:,initialisation,10741.920808147883,
4:4:3:4:4:2:2:3:4:,initialisation,11822.995426467216,
4:4:2:4:4:1:1:3:4:,initialisation,13204.188479403689,
3:4:4:4:4:1:1:2:3:,initialisation,9783.99636356809,
2:3:4:4:3:3:3:3:2:,initialisation,14416.03439152524,
2:3:4:4:4:2:3:4:2:,initialisation,11449.187808379334,
4:4:4:4:4:1:2:4:4:,initialisation,11236.096217952472,
2:3:4:4:4:1:2:2:2:,initialisation,11489.45086986554,
3:4:4:4:4:1:1:1:3:,initialisation,10009.303533300974,
1:3:4:4:4:3:3:3:1:,initialisation,13330.840834016539,
3:4:4:4:4:2:2:4:3:,initialisation,11521.100774951487,
3:4:4:4:4:1:2:3:3:,initialisation,11471.269808800222,
3:4:4:4:4:1:2:4:3:,initialisation,11243.085553855648,
4:4:4:4:4:2:3:3:4:,initialisation,13391.458700313495,
4:4:4:4:4:1:1:4:4:,initialisation,12583.277810503008,
3:4:4:4:4:1:2:2:4:,initialisation,12000.635903404385,
4:4:4:4:4:2:2:3:4:,initialisation,11080.959051006532,
3:3:4:4:4:2:2:3:3:,initialisation,10301.711805023746,
3:4:4:4:4:2:3:3:4:,initialisation,12662.06447602626,
3:4:4:4:4:2:2:4:3:,initialisation,11452.187892355743,
3:3:3:4:4:2:3:4:3:,initialisation,13229.213541868912,
3:4:4:4:4:1:2:3:3:,initialisation,10530.81437436169,
3:3:4:4:4:3:3:4:2:,initialisation,12835.925507644351,
2:3:4:4:4:2:3:2:2:,initialisation,11289.123945700596,
3:3:4:4:4:2:2:3:3:,initialisation,10195.027453322351,
3:3:4:4:4:1:1:2:3:,initialisation,9729.352463828465,
3:4:4:4:4:2:2:2:3:,initialisation,11470.0235116819,
3:4:4:4:4:1:2:2:4:,initialisation,11632.57527549912,
2:3:4:4:3:3:3:4:2:,initialisation,13129.429172663655,
4:4:4:4:4:1:2:4:4:,initialisation,11160.927313834694,
4:4:3:4:4:2:1:4:4:,initialisation,13097.29660264742,
4:3:3:4:4:2:2:4:4:,initialisation,11627.494052522712,
3:3:4:4:4:2:3:4:2:,initialisation,12336.240335415696,
3:3:4:4:4:1:2:2:3:,initialisation,10148.165589479522,
2:2:4:4:4:3:3:4:2:,initialisation,13275.817524538013,
4:4:4:4:4:1:1:2:4:,initialisation,10419.684397798743,
3:4:4:4:4:1:1:1:4:,initialisation,11043.983525866128,
3:4:4:4:4:2:2:3:3:,initialisation,11458.848219301577,
4:4:3:4:4:1:1:3:4:,initialisation,10736.950777542275,
3:4:4:4:4:2:2:3:3:,initialisation,11224.278612664115,
3:3:4:4:4:2:2:2:3:,initialisation,11046.250520600324,
4:4:4:4:4:2:3:3:4:,initialisation,12987.648848476401,
2:3:4:4:4:1:2:2:2:,initialisation,10504.195489729524,
4:3:4:4:4:3:3:4:4:,initialisation,13657.628602167222,
2:3:4:4:4:2:2:3:2:,initialisation,10723.32695578893,
3:3:4:4:4:2:3:4:3:,initialisation,11547.428383350227,
2:3:4:4:4:1:2:3:2:,initialisation,10755.788938655063,
4:4:4:4:4:1:1:1:4:,initialisation,11524.336688069874,
3:4:4:4:4:2:2:2:3:,initialisation,11449.203784089379,
3:3:4:4:4:3:3:4:2:,initialisation,12746.294653749019,
3:3:4:4:4:3:3:3:3:,initialisation,12695.181750889345,
3:3:4:4:4:4:3:4:3:,initialisation,14034.487982723955,
3:4:4:4:4:2:2:2:3:,initialisation,11424.532356849395,
3:3:4:4:4:1:2:2:3:,initialisation,10137.204710348518,
4:4:4:4:4:1:2:4:4:,initialisation,11046.699158909856,
3:4:4:4:4:2:3:3:4:,initialisation,12483.790779101135,
3:3:4:4:4:2:3:4:3:,initialisation,11541.221570822847,
3:4:4:4:4:1:1:1:4:,initialisation,10206.020248635845,
3:3:4:4:4:1:2:1:3:,initialisation,9948.542344659423,
2:3:4:4:3:3:4:4:2:,initialisation,12987.056041977849,
3:4:4:4:4:2:2:4:3:,initialisation,11348.606681679206,
2:3:4:4:4:2:2:2:2:,initialisation,10666.495542209912,
4:4:3:4:4:1:2:3:4:,initialisation,11059.99291009465,
4:4:4:4:4:1:2:4:4:,initialisation,10732.524580242272,
4:4:4:4:4:3:2:4:4:,initialisation,12321.369364677199,
4:4:3:4:4:1:2:4:4:,initialisation,11490.294046627969,
2:3:4:4:4:2:3:4:2:,initialisation,10830.48046363374,
4:4:3:4:4:0:0:1:4:,initialisation,10709.083997823827,
3:3:4:4:4:1:2:2:3:,initialisation,9959.406244767353,
3:4:4:4:4:1:2:1:3:,initialisation,12552.644061257633,
2:3:4:4:4:1:2:2:2:,initialisation,9952.451013655704,
3:3:4:4:4:3:3:4:2:,initialisation,12486.930573882863,
3:4:4:4:4:1:1:1:4:,initialisation,10055.286585498232,
2:3:4:4:4:2:2:3:2:,initialisation,10518.249567974242,
4:4:2:4:4:1:1:3:4:,initialisation,13204.188479403687,
3:4:4:4:4:2:3:3:3:,initialisation,11881.000933318624,
3:3:4:4:4:0:1:1:3:,initialisation,9346.755178657897,
3:3:4:4:4:2:2:3:4:,initialisation,12000.555732671544,
3:4:4:4:4:2:2:4:3:,initialisation,11170.945024272176,
1:2:4:4:3:3:3:3:1:,initialisation,12896.537497405387,
3:3:4:4:4:2:3:3:3:,initialisation,11614.116873549241,
2:3:4:4:3:3:3:4:1:,initialisation,13082.687259779628,
3:4:4:4:4:2:2:3:3:,initialisation,11078.529920270606,
3:3:4:4:4:1:2:4:3:,initialisation,11277.694207262115,
3:3:4:4:4:3:3:4:2:,initialisation,11984.374255816192,
4:4:4:4:4:3:3:4:4:,initialisation,12548.872684990996,
3:3:4:4:4:2:3:3:3:,initialisation,11353.605956577754,
2:2:4:4:4:2:3:3:2:,initialisation,11189.743819274669,
1:2:4:4:3:3:4:3:1:,initialisation,13340.10221391475,
2:3:4:4:4:3:3:4:2:,initialisation,11908.739280338443,
2:3:4:4:4:1:1:2:3:,initialisation,9613.43317099173,
2:3:4:4:4:2:3:2:2:,initialisation,10997.881096754456,
2:3:4:4:4:2:3:2:3:,initialisation,11664.806186098436,
4:4:4:4:4:2:2:4:4:,initialisation,11145.253562487034,
4:4:3:4:4:2:1:3:4:,initialisation,13043.448495399942,
2:2:4:4:4:3:3:3:2:,initialisation,13590.760847042126,
2:2:4:4:4:2:3:2:2:,initialisation,12494.426570013627,
3:4:4:4:4:1:2:1:4:,initialisation,11182.919272770254,
3:3:4:4:4:2:3:4:2:,initialisation,11911.509709881699,
3:3:4:4:4:1:1:2:3:,initialisation,9472.952390468625,
0:2:4:1:0:4:4:4:0:,initialisation,13932.191529686788,
4:3:4:4:4:3:3:4:3:,initialisation,13204.188479403687,
3:3:4:4:4:3:2:4:3:,initialisation,12412.43516377138,
2:3:4:4:4:1:3:2:2:,initialisation,11206.699803498093,
4:4:3:4:4:1:1:4:4:,initialisation,12032.83779561656,
3:4:4:4:4:1:2:2:4:,initialisation,11044.9908069625,
4:4:4:4:4:2:1:3:4:,initialisation,11636.847198448579,
3:4:4:4:4:1:1:2:3:,initialisation,9729.549101081258,
4:4:4:4:4:2:2:4:4:,initialisation,11030.531567142561,
4:4:3:4:4:2:1:3:4:,initialisation,11876.216422886193,
4:4:4:4:4:2:2:2:4:,initialisation,11594.611494405162,
3:4:4:4:4:2:3:2:3:,initialisation,12648.16732320398,
4:4:2:4:4:1:1:4:4:,initialisation,13204.188479403683,
3:3:4:4:4:1:2:2:3:,initialisation,9820.196360334905,
2:2:4:4:4:3:3:2:2:,initialisation,12804.27477614565,
3:4:4:4:4:2:2:2:3:,initialisation,11292.708767053447,
2:3:4:4:4:1:2:2:3:,initialisation,9974.38434269562,
2:3:4:4:3:3:3:3:2:,initialisation,12813.022458640662,
4:3:4:4:4:1:2:4:4:,initialisation,11570.792824098042,
4:4:4:4:4:1:1:3:4:,clone,10694.50095815971,4:4:4:4:4:1:1:3:4
2:2:4:4:3:3:3:3:2:,clone,12955.950560937032,2:3:4:4:3:3:3:3:2
4:4:3:4:4:1:1:1:4:,recombination,11828.97037896751,2:3:4:4:4:2:2:2:2,4:4:0:4:4:0:0:0:4,MUTATE
3:3:4:4:4:2:2:4:3:,recombination,10659.37283927436,3:3:4:4:4:2:3:4:3,4:4:4:4:4:1:1:3:4
3:4:4:4:4:2:2:3:4:,recombination,11110.283391029689,3:4:4:4:4:2:2:3:3,4:4:4:4:4:2:2:3:4,MUTATE
4:4:3:4:4:1:1:2:4:,recombination,10965.448591968086,4:4:3:4:4:2:2:4:4,4:4:3:4:4:1:2:3:4,MUTATE
4:4:4:4:4:1:1:2:4:,recombination,10296.965856117753,4:4:3:4:4:1:1:2:4,3:3:4:4:4:2:3:3:3
3:3:4:4:4:2:3:4:3:,recombination,11537.359078649155,3:3:4:4:4:2:3:4:3,3:4:4:4:4:1:1:1:4,MUTATE
4:4:4:4:4:1:2:2:4:,clone,10828.582374300106,4:4:4:4:4:1:1:2:4
2:3:4:4:3:3:3:4:2:,recombination,12716.600321864924,4:4:4:4:4:2:3:4:4,0:2:4:1:0:4:4:4:0
4:4:4:4:4:3:3:4:4:,clone,12454.401243465732,4:4:4:4:4:3:2:4:4
3:3:4:4:4:1:1:2:3:,recombination,9352.303483637626,4:4:4:4:4:1:1:2:4,3:3:4:4:4:1:2:2:3,MUTATE
3:3:4:4:4:2:3:4:3:,recombination,11439.980955730156,3:3:4:4:4:2:2:3:3,3:4:4:4:4:2:3:4:3
4:4:4:4:4:1:1:2:4:,recombination,9703.47614609787,4:4:4:4:4:3:3:4:4,3:4:4:4:4:1:1:2:4,MUTATE
3:4:4:4:4:1:2:2:4:,recombination,10846.669214961183,3:4:4:4:4:1:2:3:4,2:3:4:4:4:2:3:2:2,MUTATE
3:3:4:4:4:1:2:3:3:,recombination,9274.372308511924,3:4:4:4:4:1:2:2:3,2:3:4:4:4:2:3:4:2
3:4:4:4:4:1:2:3:4:,clone,10719.57576041205,4:4:4:4:4:1:2:3:4
3:4:4:4:4:2:2:3:3:,recombination,11070.036286394996,3:4:4:4:4:2:2:3:3,3:4:4:4:4:2:2:3:4
1:3:4:4:4:3:3:4:1:,clone,13341.466920815188,1:3:4:4:4:3:3:3:1
4:3:4:4:4:3:3:4:3:,clone,13138.552211059305,4:3:4:4:4:3:3:4:3
3:3:4:4:4:1:2:3:3:,clone,9209.788266964792,3:3:4:4:4:1:2:3:3
3:3:4:4:4:1:2:4:3:,recombination,10841.986972303306,4:4:3:4:4:2:2:4:4,3:3:4:4:4:2:3:4:2
4:3:3:4:4:2:2:3:4:,clone,11697.888164855403,4:3:3:4:4:1:2:3:4
2:2:4:4:4:3:3:2:2:,clone,12645.008366431908,2:2:4:4:4:3:3:2:2
2:3:4:4:4:2:3:3:2:,recombination,11014.61899120861,2:3:4:4:4:2:2:2:2,2:3:4:4:4:1:2:1:2
4:4:4:4:4:2:2:4:4:,clone,10916.953271197675,4:4:4:4:4:2:2:4:4
4:4:4:4:4:1:2:3:4:,recombination,10829.120264906074,4:4:3:4:4:1:1:3:4,3:4:4:4:4:3:3:4:3
2:2:4:4:4:3:3:2:2:,clone,12606.478674909866,2:2:4:4:4:3:3:2:2
1:2:4:4:4:2:3:3:1:,clone,11304.074378227773,2:2:4:4:4:2:3:3:2
4:4:3:4:4:1:1:4:4:,recombination,11882.543318079152,2:3:4:4:4:2:3:2:2,4:4:3:4:4:1:1:4:4
4:4:3:4:4:2:2:3:4:,recombination,11644.256455820225,4:4:3:4:4:2:2:3:4,4:4:4:4:4:2:2:3:4,MUTATE
2:3:4:4:4:3:3:4:1:,clone,13429.39191848152,1:3:4:4:4:3:3:4:1
2:3:4:4:4:1:2:4:2:,recombination,10298.833981881247,2:3:4:4:4:2:3:4:2,4:4:4:4:4:3:3:4:4
2:3:4:4:4:2:3:3:2:,recombination,10983.666553178247,4:4:4:4:4:3:2:4:4,2:3:4:4:4:2:3:3:2
3:3:4:4:4:2:3:4:2:,recombination,11647.673674161788,3:3:4:4:4:2:3:4:3,2:2:4:4:4:2:3:3:2
3:3:4:4:4:1:1:3:3:,recombination,10028.702812856403,3:4:4:4:4:2:2:3:3,3:3:4:4:4:1:1:2:3
4:4:4:4:4:1:1:2:4:,recombination,9454.374770984914,2:3:4:4:3:3:4:4:2,4:4:4:4:4:1:1:2:4
1:2:4:4:3:3:4:4:1:,clone,13615.524444268318,1:2:4:4:3:3:4:4:1
3:4:4:4:4:2:2:2:3:,recombination,11239.232468257682,3:4:4:4:4:1:2:1:3,3:4:4:4:4:1:2:2:3
3:3:4:4:4:3:3:4:2:,recombination,11701.229935352663,2:3:4:4:4:3:3:4:2,4:4:4:4:4:2:2:3:4
3:4:4:4:4:1:1:3:4:,recombination,10032.769451703638,4:4:4:4:4:1:2:3:4,4:4:4:4:4:1:1:2:4,MUTATE
2:3:4:4:4:1:2:3:2:,recombination,10173.861264798225,4:4:4:4:4:1:1:2:4,2:3:4:4:4:1:3:2:2
3:4:4:4:4:2:2:3:4:,recombination,10877.857221945296,4:4:4:4:4:1:1:2:4,3:3:3:4:4:2:3:4:3,MUTATE
3:4:4:4:4:2:2:3:3:,recombination,10945.535147498113,3:4:4:4:4:2:2:3:3,3:3:4:4:4:3:2:4:3,MUTATE
4:4:3:4:4:1:1:2:4:,clone,10669.227459308799,4:4:3:4:4:1:1:2:4
4:3:4:4:4:2:2:4:4:,recombination,11210.670630535084,4:4:3:4:4:1:2:3:4,3:4:4:4:4:2:2:2:3,MUTATE
2:3:4:4:3:3:4:4:2:,clone,12926.706278514765,2:3:4:4:3:3:4:4:2
4:3:4:4:4:2:2:4:4:,clone,11194.685997777322,4:3:4:4:4:2:2:4:4
3:4:4:4:4:1:2:3:4:,recombination,10490.250153755396,4:3:4:4:4:2:2:4:4,3:4:4:4:4:2:2:2:3
3:4:4:4:4:1:2:3:3:,recombination,10374.694264711798,4:4:4:4:4:3:3:4:4,2:3:4:4:4:2:3:4:2
4:4:3:4:4:1:1:3:4:,clone,10717.751824080022,4:4:3:4:4:1:1:3:4
3:3:4:4:4:2:3:4:3:,clone,11397.041436016358,3:3:4:4:4:2:3:4:3
3:3:4:4:4:1:1:2:4:,recombination,9930.64188253604,3:3:4:4:4:1:2:4:3,2:3:4:4:4:2:3:2:2
3:4:4:4:4:1:1:1:4:,clone,9897.786685027007,3:4:4:4:4:1:1:1:4
3:4:4:4:4:3:3:4:3:,clone,11945.449000589206,3:4:4:4:4:3:3:4:3
2:3:4:4:4:2:3:4:2:,clone,10775.75126680396,2:3:4:4:4:2:3:4:2
1:2:4:4:3:3:3:2:1:,clone,12606.478674909866,2:2:4:4:4:3:3:2:2
3:4:4:4:4:1:2:2:4:,clone,10605.169265273558,3:4:4:4:4:1:2:2:4
4:3:4:4:4:2:3:4:4:,recombination,12400.611417443672,4:4:4:4:4:2:3:3:4,3:3:4:4:4:1:2:2:3
4:4:2:4:4:1:1:4:4:,clone,13204.188479403681,4:4:2:4:4:1:1:4:4
3:3:4:4:4:2:2:4:3:,recombination,10377.884754147592,4:4:4:4:4:2:2:4:4,2:3:4:4:4:2:3:2:2
3:4:4:4:4:1:2:4:3:,clone,11149.24457087522,4:4:4:4:4:1:2:4:4
4:4:4:4:4:1:2:2:4:,clone,10744.68320410981,3:4:4:4:4:1:2:2:4
2:3:4:4:3:2:3:4:2:,clone,11647.673674161788,2:3:4:4:3:2:3:4:2
3:4:4:4:4:2:2:2:3:,clone,10985.837476312443,3:4:4:4:4:2:2:3:3
3:3:3:4:4:2:2:3:4:,clone,11583.882525054463,4:3:3:4:4:2:2:3:4
3:4:4:4:4:1:1:1:4:,clone,9817.782275147783,3:4:4:4:4:1:1:1:4
4:4:2:4:4:2:1:4:4:,recombination,13204.188479403681,4:4:2:4:4:1:1:4:4,3:3:4:4:4:3:3:4:2,MUTATE
3:4:4:4:4:1:2:3:4:,recombination,10424.755045411139,4:4:3:4:4:2:2:4:4,4:4:4:4:4:2:2:4:4,MUTATE
3:3:4:4:4:1:2:3:4:,recombination,11654.885815983718,3:3:4:4:4:1:2:4:3,3:4:4:4:4:2:3:3:4
3:3:4:4:4:2:2:4:3:,recombination,10375.007864744428,3:3:4:4:4:2:3:4:3,3:3:4:4:4:2:2:4:3
3:4:4:4:4:0:1:1:3:,recombination,9231.24905936875,3:3:4:4:4:1:1:1:3,3:4:4:4:4:2:2:2:3
4:4:2:4:4:0:1:1:4:,recombination,11572.375062138404,4:4:3:4:4:1:1:2:4,4:4:0:4:4:0:0:0:4
4:4:4:4:4:3:3:4:4:,clone,12415.135053489837,4:4:4:4:4:3:3:4:4
4:4:4:4:4:1:1:1:4:,clone,9775.912800054317,3:4:4:4:4:1:1:1:4
3:3:4:4:4:2:3:4:3:,clone,11089.979581611156,3:3:4:4:4:2:3:4:3
3:4:4:4:4:1:2:2:4:,clone,10025.668742072678,4:4:4:4:4:1:1:2:4
2:3:4:4:3:3:4:4:1:,recombination,12743.02007008955,4:3:4:4:4:3:3:4:3,2:3:4:4:3:2:3:4:2,MUTATE
4:4:4:4:4:1:2:3:4:,recombination,10787.146400429414,4:4:4:4:4:1:1:2:4,4:4:4:4:4:1:2:2:4,MUTATE
1:2:4:4:3:3:3:4:1:,recombination,13357.434932169244,4:4:4:4:4:1:2:4:4,1:3:4:4:4:3:3:4:1,MUTATE
4:3:3:4:4:1:2:3:4:,clone,10669.227459308799,4:4:3:4:4:1:1:2:4
3:4:4:4:4:1:2:4:3:,clone,11149.244570875218,3:4:4:4:4:1:2:4:3
4:4:3:4:4:2:1:4:4:,recombination,12861.5669926553,4:4:2:4:4:2:1:4:4,4:3:3:4:4:1:2:3:4
4:4:4:4:4:1:2:2:4:,clone,10504.345913759335,3:4:4:4:4:1:2:2:4
3:3:4:4:4:2:3:4:3:,recombination,10885.239620461305,3:3:4:4:4:2:3:4:3,2:2:4:4:4:3:3:2:2
3:4:4:4:4:1:2:2:3:,clone,10025.668742072678,3:4:4:4:4:1:2:2:4
4:4:1:4:4:0:0:0:4:,recombination,13240.69271888773,4:4:0:4:4:0:0:0:4,4:4:4:4:4:3:3:4:4,MUTATE
2:3:4:4:4:1:2:3:2:,clone,10060.423383312569,2:3:4:4:4:1:2:3:2
3:4:4:4:4:1:1:3:4:,recombination,9989.510268932914,3:3:4:4:4:1:2:3:3,3:4:4:4:4:2:2:3:3
3:3:4:4:4:2:2:4:3:,clone,10001.770285756815,3:3:4:4:4:2:2:4:3
3:4:4:4:4:2:2:3:3:,clone,10849.660899885455,3:4:4:4:4:2:2:3:3
1:2:4:4:3:3:4:4:1:,recombination,13028.418157963257,3:3:4:4:4:2:3:3:3,1:2:4:4:3:3:4:4:1,MUTATE
3:4:4:4:4:1:2:3:3:,clone,10178.691109061681,3:4:4:4:4:1:1:3:4
3:4:4:4:4:2:2:2:3:,clone,10303.196181267322,3:4:4:4:4:2:2:2:3
3:4:4:4:4:1:2:3:4:,clone,10247.212974869848,3:4:4:4:4:1:2:3:4
2:3:4:4:4:1:2:2:3:,recombination,9337.214192290254,3:3:4:4:4:1:2:3:4,3:3:4:4:4:1:2:2:3
2:2:4:4:3:3:3:2:2:,clone,12767.50124023086,1:2:4:4:3:3:3:2:1
3:4:4:4:4:1:1:1:4:,clone,9643.612455828412,3:4:4:4:4:1:1:2:4
3:3:4:4:4:2:2:3:4:,recombination,11855.674027064411,4:3:3:4:4:2:2:3:4,2:2:4:4:3:3:3:3:2
3:3:4:4:4:2:3:3:4:,clone,12653.637925589064,3:4:4:4:4:2:3:3:4
3:4:4:4:4:2:2:4:3:,clone,11053.98240563291,3:4:4:4:4:2:2:4:3
3:4:4:4:4:2:2:4:3:,clone,10940.733245072535,3:4:4:4:4:2:2:4:3
4:4:3:4:4:0:1:1:4:,recombination,11507.063387729135,3:4:4:4:4:1:1:2:3,4:4:2:4:4:0:1:1:4,MUTATE
3:4:4:4:4:1:2:3:3:,clone,9630.499954672527,3:4:4:4:4:1:2:3:3
3:4:4:4:4:1:2:4:3:,recombination,11148.634784320982,4:4:4:4:4:2:2:4:4,4:4:4:4:4:1:2:4:4
4:4:2:4:4:1:1:2:4:,recombination,12715.684123512094,4:4:4:4:4:3:3:4:4,4:4:2:4:4:0:1:1:4,MUTATE
2:3:4:4:4:1:2:4:2:,clone,10253.823168464516,2:3:4:4:4:1:2:4:2
3:4:4:4:4:1:2:4:3:,recombination,10518.160824653174,4:4:4:4:4:1:2:4:4,3:3:4:4:4:2:2:4:3
3:3:4:4:4:2:2:3:4:,clone,11586.777036141382,3:3:4:4:4:2:2:3:4
4:4:3:4:4:1:2:3:4:,clone,10963.452373291842,4:4:3:4:4:1:2:3:4
2:3:4:4:4:2:3:3:2:,recombination,10633.280994375884,2:3:4:4:4:1:2:3:2,2:2:4:4:4:3:3:2:2
2:3:4:4:3:3:4:4:2:,clone,12791.400894270791,2:3:4:4:3:3:4:4:2
2:2:4:4:3:3:3:3:2:,clone,12842.86385861171,1:2:4:4:3:3:3:2:1
3:4:4:4:4:0:1:1:4:,recombination,9515.073493206943,3:4:4:4:4:0:1:1:3,4:4:2:4:4:2:1:4:4,MUTATE
1:3:4:4:3:3:3:3:1:,clone,13323.953340026006,1:2:4:4:3:3:4:3:1
3:4:4:4:4:2:2:4:3:,clone,10137.582254773426,3:3:4:4:4:2:2:4:3
2:2:4:4:4:3:3:3:2:,clone,13003.886423932705,2:2:4:4:4:3:3:3:2
4:4:4:4:4:1:1:4:4:,clone,12107.551720227115,4:4:3:4:4:1:1:4:4
4:4:4:4:4:2:2:4:4:,recombination,10831.171688619868,3:4:4:4:4:1:2:2:4,4:4:4:4:4:2:2:4:4,MUTATE
3:3:4:4:4:1:2:1:3:,recombination,9913.564034533543,3:4:4:4:4:0:1:1:3,2:3:4:4:4:1:2:2:3
4:4:3:4:4:1:1:3:4:,clone,10653.357512327435,4:4:3:4:4:1:1:3:4
2:2:4:4:3:3:3:3:2:,clone,12748.462446864767,2:2:4:4:3:3:3:3:2
2:2:4:4:4:3:3:4:1:,recombination,12091.740268164005,0:2:4:1:0:4:4:4:0,2:2:4:4:4:2:3:3:2
2:3:4:4:4:3:3:2:2:,recombination,13301.472278791043,2:2:4:4:4:3:3:3:2,3:3:4:4:4:2:3:3:3,MUTATE
2:3:4:4:3:4:4:4:2:,recombination,13217.481709232556,2:3:4:4:3:3:4:4:2,3:4:4:4:4:1:1:2:4
3:4:4:4:4:2:2:3:3:,recombination,10213.679433171623,4:4:4:4:4:2:1:3:4,4:4:4:4:4:1:1:2:4,MUTATE
2:3:4:4:3:3:3:4:2:,clone,11769.351558236493,2:3:4:4:3:3:3:4:2
4:4:4:4:4:1:2:4:4:,recombination,10655.148084387842,4:3:4:4:4:2:2:4:4,3:4:4:4:4:1:2:3:4,MUTATE
3:4:4:4:4:2:2:3:4:,recombination,10633.039943019512,4:4:4:4:4:1:2:2:4,3:4:4:4:4:1:2:3:3,MUTATE
3:4:4:4:4:2:2:3:4:,clone,10408.61822754695,3:4:4:4:4:2:2:3:3
2:3:4:4:3:3:3:4:2:,recombination,11498.437275750235,2:3:4:4:3:3:4:4:2,2:3:4:4:3:2:3:4:2
3:4:4:4:4:1:2:1:3:,clone,9957.997942177712,3:3:4:4:4:1:2:1:3
1:2:4:3:2:4:4:4:1:,recombination,13559.687647490822,1:2:4:4:3:3:4:4:1,4:4:4:4:4:1:2:2:4
1:2:4:2:0:4:4:4:0:,recombination,14083.705494701602,0:2:4:1:0:4:4:4:0,3:3:4:4:4:2:3:2:3
3:4:4:4:4:1:1:1:4:,clone,9508.465396775955,3:4:4:4:4:1:1:2:4
3:3:4:4:4:2:2:3:4:,clone,11586.77703614138,3:3:4:4:4:2:2:3:4
1:2:4:4:3:3:4:3:1:,recombination,13176.44692393578,2:2:4:4:3:3:3:3:2,4:4:4:4:4:2:3:4:4
0:2:4:1:0:4:4:4:0:,recombination,13818.978448416165,2:3:4:4:3:4:4:4:2,0:2:4:1:0:4:4:4:0,MUTATE
2:3:4:4:4:3:3:4:2:,recombination,11818.415761958599,3:4:4:4:4:1:2:2:3,4:4:4:4:4:2:2:4:4,MUTATE
2:3:4:4:4:2:3:3:2:,clone,10504.937855983957,2:3:4:4:4:2:3:3:2
2:3:4:4:4:2:2:2:3:,clone,10675.27402585129,2:3:4:4:4:2:2:2:3
3:3:4:4:4:1:2:4:3:,recombination,10570.103968767153,3:4:4:4:4:1:2:3:4,2:3:4:4:4:2:3:3:2,MUTATE
3:4:4:4:4:1:1:1:3:,recombination,9601.154881153552,3:4:4:4:4:1:1:1:4,2:3:4:4:4:1:2:2:3,MUTATE
3:4:4:4:4:1:1:2:4:,clone,9551.435189463835,3:4:4:4:4:1:1:1:4
4:4:4:4:4:3:3:4:3:,recombination,12672.176323357593,4:4:3:4:4:2:1:4:4,3:3:4:4:4:3:3:4:2,MUTATE
3:4:4:4:4:0:1:1:4:,clone,9416.21729600478,3:4:4:4:4:1:1:1:4
1:2:4:3:2:3:4:4:1:,recombination,13588.175403067406,3:3:4:4:4:3:3:4:2,2:2:4:4:4:3:3:4:2
3:4:4:4:4:2:2:2:4:,clone,12314.275748723034,3:4:4:4:4:2:2:2:3
3:3:4:4:4:2:3:4:3:,recombination,10862.22309292256,4:4:4:4:4:1:1:2:4,3:4:4:4:4:1:2:3:3,MUTATE
4:3:3:4:4:1:2:2:4:,recombination,10904.205425859864,2:2:4:4:4:3:3:3:2,4:4:3:4:4:1:2:3:4,MUTATE
2:3:4:4:3:3:3:3:2:,clone,12744.391186199186,2:3:4:4:3:3:3:3:2
4:4:4:4:4:1:1:1:4:,recombination,9588.067132418562,3:4:4:4:4:0:1:1:4,2:2:4:4:3:3:3:2:2,MUTATE
3:3:4:4:4:1:1:2:3:,clone,9205.975877538784,3:3:4:4:4:1:1:2:3
3:3:4:4:4:2:3:4:3:,clone,10745.889201300319,3:3:4:4:4:2:3:4:3
2:3:4:4:4:1:3:3:2:,clone,10060.423383312569,2:3:4:4:4:1:3:3:2
1:2:4:2:1:4:4:4:1:,recombination,13602.14580946304,0:2:4:1:0:4:4:4:0,3:3:4:4:4:4:3:4:3
2:2:4:4:3:3:4:4:1:,recombination,13161.551448946648,2:3:4:4:3:3:3:3:2,4:4:4:4:4:2:2:4:4,MUTATE
3:3:4:4:4:0:1:1:3:,clone,9056.300329202317,3:3:4:4:4:1:1:2:3
2:3:4:4:4:1:3:3:2:,recombination,9703.426805953806,2:3:4:4:4:1:2:3:2,3:4:4:4:4:2:3:3:3
4:4:4:4:4:2:2:3:4:,recombination,11027.232066145034,4:4:3:4:4:1:2:4:4,4:4:4:4:4:2:2:2:4
3:3:4:4:4:1:2:2:3:,clone,9517.490679783308,3:3:4:4:4:1:1:2:3
1:2:4:4:3:3:4:3:1:,clone,12901.488375339359,2:3:4:4:3:3:3:3:2
1:2:4:3:2:4:4:4:1:,recombination,12960.160230901189,2:3:4:4:4:2:2:3:2,0:2:4:1:0:4:4:4:0
2:3:4:4:4:2:3:4:2:,recombination,10550.85107914513,2:3:4:4:4:2:3:3:2,3:3:4:4:4:2:3:4:3,MUTATE
2:3:4:3:2:4:4:4:1:,clone,13418.887543191006,2:3:4:3:2:4:4:4:1
4:4:4:4:4:2:2:4:4:,clone,10723.669950196007,3:4:4:4:4:2:2:4:3
3:3:4:4:4:2:2:3:4:,clone,11537.508667665352,3:3:4:4:4:2:2:3:4
2:3:4:4:4:1:2:2:2:,clone,9846.231595939149,2:3:4:4:4:1:2:2:2
2:3:4:3:2:3:4:4:1:,clone,13313.0128461887,2:3:4:4:3:3:4:4:2
1:2:4:4:2:3:4:4:1:,clone,13112.131934051093,1:2:4:4:3:3:4:3:1
3:3:4:4:4:3:3:4:3:,clone,11817.020239818412,3:4:4:4:4:3:3:4:3
4:4:1:4:4:0:0:1:4:,recombination,13131.131453590418,4:4:3:4:4:3:2:4:4,4:4:1:4:4:0:0:0:4
2:2:4:4:3:3:3:4:1:,recombination,12497.758164700945,1:2:4:4:3:3:4:4:1,2:2:4:4:3:3:3:2:2,MUTATE
3:3:4:4:4:1:1:3:3:,recombination,9257.01015466624,4:4:4:4:4:2:2:4:4,3:3:4:4:4:0:1:1:3,MUTATE
1:2:4:2:1:4:4:4:1:,clone,13558.319950064153,1:2:4:2:1:4:4:4:1
3:3:4:4:4:1:1:2:3:,clone,9125.399794713052,3:3:4:4:4:1:1:2:3
2:3:4:3:2:4:4:4:1:,recombination,13326.334400268139,3:4:4:4:4:2:2:4:3,1:2:4:2:1:4:4:4:1,MUTATE
2:3:4:4:3:3:4:4:2:,clone,12297.04385744773,2:3:4:4:3:3:4:4:2
3:3:4:4:4:3:2:4:3:,clone,12279.304548893142,3:3:4:4:4:3:3:4:3
2:2:4:4:3:3:3:4:2:,recombination,12607.306983267259,2:3:4:4:4:1:2:3:2,2:2:4:4:4:3:3:3:2,MUTATE
4:4:4:4:4:1:2:2:4:,recombination,10337.272087333695,4:4:4:4:4:2:2:3:4,3:3:4:4:4:1:1:2:3,MUTATE
2:3:4:3:2:3:4:4:1:,clone,13253.643275409391,2:3:4:3:2:3:4:4:1
1:3:4:4:3:3:4:4:1:,clone,12351.519682942067,2:3:4:4:3:3:3:4:1
2:3:4:4:4:2:3:2:2:,clone,10769.05575894164,2:3:4:4:4:2:3:2:2
2:2:4:4:4:2:3:3:2:,clone,11076.872531021185,2:2:4:4:4:2:3:3:2
2:3:4:4:4:3:3:4:2:,recombination,11419.79482279491,3:4:4:4:4:1:2:3:3,3:3:4:4:4:2:2:3:4,MUTATE
3:3:4:4:4:1:2:3:4:,clone,11316.00221692873,3:3:4:4:4:1:2:3:4
1:2:4:4:2:3:4:4:1:,clone,12968.253471352507,1:2:4:4:2:3:4:4:1
4:4:2:4:4:0:0:0:4:,recombination,12506.717453526839,4:4:1:4:4:0:0:0:4,3:4:4:4:4:1:1:1:3,MUTATE
4:4:2:4:4:0:1:2:4:,clone,11954.78577845309,4:4:2:4:4:0:1:2:4
4:4:2:4:4:1:1:2:4:,clone,11954.78577845309,4:4:2:4:4:0:1:2:4
3:3:4:4:4:3:3:4:3:,clone,11808.405378679947,3:3:4:4:4:3:3:4:3
3:3:4:4:4:1:1:1:3:,recombination,9273.110340524794,3:4:4:4:4:1:2:1:3,3:4:4:4:4:1:1:1:4
4:4:4:4:4:1:1:1:4:,clone,9528.759529092571,4:4:4:4:4:1:1:1:4
2:2:4:4:3:2:3:4:1:,recombination,10633.280894441476,2:3:4:4:4:1:3:3:2,3:3:4:4:4:3:3:4:2,MUTATE
2:2:4:4:4:3:3:4:2:,clone,13056.047461023929,2:2:4:4:4:3:3:4:2
4:4:3:4:4:2:1:4:4:,recombination,12824.897507271193,4:4:2:4:4:1:1:4:4,3:4:4:4:4:1:2:3:4
2:3:4:3:2:3:4:4:1:,recombination,12855.893349442475,2:3:4:4:3:3:4:4:2,0:2:4:1:0:4:4:4:0,MUTATE
2:3:4:4:4:1:2:2:2:,clone,9533.329284813455,2:3:4:4:4:1:2:2:2
4:4:1:4:4:0:0:1:4:,recombination,12669.130510049776,4:4:0:4:4:0:0:0:4,4:4:3:4:4:1:1:4:4,MUTATE
4:4:4:4:4:1:2:3:4:,clone,10740.523021099058,4:4:4:4:4:2:2:3:4
3:3:4:4:4:2:3:3:3:,recombination,10699.555219052605,2:3:4:4:4:2:3:3:2,3:3:4:4:4:1:2:1:3
1:2:4:4:3:3:4:4:1:,recombination,12906.719741476274,4:4:4:4:4:1:1:2:4,2:2:4:4:4:3:3:4:2,MUTATE
1:2:4:2:0:4:4:4:0:,clone,13956.967089469725,1:2:4:2:0:4:4:4:0
2:2:4:4:4:2:3:4:2:,clone,11036.040520929102,2:3:4:4:4:2:3:4:2
1:2:4:2:1:4:4:4:0:,recombination,13828.616864939599,2:3:4:4:3:3:3:3:2,2:3:4:3:2:3:4:4:1,MUTATE
3:3:4:4:4:2:2:3:4:,clone,11443.025586155498,3:3:4:4:4:2:2:3:4
2:3:4:4:4:1:2:2:2:,clone,9379.136193154118,2:3:4:4:4:1:2:2:2
2:2:4:4:4:2:3:4:2:,clone,10990.127297767927,2:2:4:4:4:2:3:4:2
2:3:4:4:4:1:2:3:2:,clone,9917.173128556922,2:3:4:4:4:2:2:3:2
1:2:4:3:2:3:4:4:1:,recombination,13295.608227643086,2:3:4:4:3:3:3:4:2,2:3:4:4:4:2:2:2:2,MUTATE
1:2:4:4:3:2:3:4:1:,clone,11264.43289186598,2:2:4:4:4:2:3:4:2
2:2:4:4:3:3:4:4:1:,clone,12780.858512128721,2:2:4:4:3:3:4:4:1
2:2:4:3:2:3:4:4:1:,clone,13401.850230245516,1:2:4:3:2:3:4:4:1
1:2:4:4:3:3:3:4:1:,clone,12091.740268164005,2:2:4:4:4:3:3:4:1
4:4:4:4:4:2:2:3:4:,clone,10957.68482668494,4:4:4:4:4:2:2:3:4
3:3:4:4:4:3:3:4:2:,recombination,11654.426592550702,2:3:4:4:3:3:3:4:2,3:3:4:4:4:2:3:4:3,MUTATE
4:4:2:4:4:1:1:3:4:,clone,12233.345231287967,4:4:2:4:4:1:1:3:4
2:3:4:4:4:2:2:2:3:,clone,10405.468012340853,2:3:4:4:4:2:2:2:3
4:4:1:4:4:0:0:0:4:,recombination,12343.675341575437,4:4:0:4:4:0:0:0:4,3:4:4:4:4:1:1:1:4,MUTATE
2:3:4:3:2:3:4:4:1:,recombination,12838.535882595197,2:3:4:3:2:3:4:4:1,4:3:4:4:4:1:2:4:4,MUTATE
3:3:4:4:4:2:2:2:3:,recombination,10737.010555898643,3:3:4:4:4:2:2:2:3,1:2:4:4:3:3:3:3:1,MUTATE
4:4:4:4:4:2:2:3:4:,clone,10811.756873016453,4:4:4:4:4:2:2:3:4
1:2:4:2:1:4:4:4:1:,recombination,13240.739165233694,4:4:4:4:4:1:1:2:4,1:2:4:2:1:4:4:4:1,MUTATE
4:4:2:4:4:0:0:1:4:,recombination,12530.491444700245,4:4:1:4:4:0:0:1:4,2:3:4:4:4:2:3:4:2,MUTATE
1:2:4:3:1:4:4:4:1:,recombination,13959.718589744007,2:3:4:4:4:3:3:2:2,2:3:4:3:2:4:4:4:1
1:2:4:4:3:3:4:4:1:,recombination,12451.083421563995,4:4:4:4:4:1:1:2:4,1:2:4:4:3:3:3:4:1
2:2:4:4:3:3:4:4:2:,recombination,13178.44676964606,2:2:4:4:4:2:3:4:2,1:2:4:4:2:3:4:4:1
4:4:4:4:4:1:2:3:4:,clone,10679.073054714776,4:4:4:4:4:1:2:3:4
1:2:4:2:1:4:4:4:0:,recombination,12884.642651814256,1:2:4:2:1:4:4:4:1,3:4:4:4:4:2:2:3:3,MUTATE
2:2:4:3:2:4:4:4:1:,recombination,13146.068319921395,2:3:4:3:2:4:4:4:1,2:2:4:4:4:2:3:3:2,MUTATE
1:2:4:2:1:4:4:4:1:,clone,13117.1512363747,1:2:4:2:1:4:4:4:1
1:3:4:4:3:3:3:4:1:,recombination,13180.098117888485,3:3:4:4:4:2:3:4:3,1:3:4:4:3:3:3:3:1
1:2:4:4:4:2:3:3:1:,clone,11076.872531021185,1:2:4:4:4:2:3:3:1
4:4:4:4:4:2:3:4:4:,recombination,12086.55213050284,3:4:4:4:4:1:2:3:4,4:4:4:4:4:2:2:3:4
1:2:4:3:2:3:4:4:1:,recombination,12665.152189233431,4:4:4:4:4:3:3:4:4,2:2:4:4:3:3:3:4:1,MUTATE
3:4:4:4:4:3:3:4:3:,clone,11909.226942905258,3:3:4:4:4:3:3:4:3
2:3:4:4:4:2:3:4:1:,recombination,12769.46126294155,2:3:4:4:4:1:2:1:3,0:2:4:1:0:4:4:4:0
2:3:4:4:4:2:2:3:2:,recombination,10160.797618709348,1:2:4:4:3:3:4:4:1,2:3:4:4:4:1:2:1:2,MUTATE
2:2:4:4:3:3:3:4:2:,recombination,12417.497155423405,1:2:4:4:3:2:3:4:1,4:4:3:4:4:1:2:3:4,MUTATE
2:3:4:4:3:4:3:4:2:,recombination,13451.765968002603,4:4:4:4:4:3:2:4:4,3:3:4:4:4:3:3:4:3,MUTATE
2:3:4:3:2:4:4:4:1:,clone,13326.334400268135,2:3:4:3:2:4:4:4:1
2:3:4:4:4:2:2:2:2:,clone,10207.4038177787,2:3:4:4:4:2:2:2:3
4:3:3:4:4:2:3:4:4:,recombination,13279.076113354222,3:3:3:4:4:2:3:4:3,3:3:4:4:4:2:3:4:3,MUTATE
4:4:4:4:4:2:3:4:4:,clone,12086.552130502838,4:4:4:4:4:2:3:4:4
2:3:4:4:4:2:2:4:2:,recombination,10728.400964965893,3:4:4:4:4:1:1:2:3,2:3:4:3:2:3:4:4:1,MUTATE
3:3:4:4:4:3:3:3:3:,recombination,12406.849425270655,4:4:2:4:4:1:1:4:4,1:2:4:4:3:3:3:3:1
2:3:4:3:2:3:4:4:1:,clone,12441.153080851649,2:3:4:3:2:3:4:4:1
2:3:4:4:3:3:3:4:2:,clone,11366.486202722761,2:3:4:4:3:3:3:4:2
4:4:4:4:4:0:1:1:4:,recombination,10857.121988751864,3:4:4:4:4:0:1:1:3,4:4:2:4:4:0:0:1:4,MUTATE
2:3:4:3:2:3:4:4:2:,recombination,13226.854713472352,4:4:4:4:4:2:3:3:4,2:3:4:3:2:4:4:4:1
2:3:4:4:3:3:4:4:2:,clone,12194.930615923391,2:3:4:4:3:3:4:4:2
3:3:4:4:4:2:3:4:2:,recombination,11647.26292725097,3:3:4:4:4:3:3:4:3,2:3:4:4:4:1:3:3:2,MUTATE
2:3:4:3:2:4:4:4:2:,recombination,14204.659571154367,1:2:4:4:3:3:4:3:1,3:3:4:4:4:4:3:4:3
4:4:4:4:4:2:2:4:4:,recombination,10656.780806027069,4:4:4:4:4:2:3:3:4,3:4:4:4:4:1:2:3:4
2:3:4:4:3:3:3:4:2:,clone,11243.648122108489,2:3:4:4:3:3:3:4:2
4:4:2:4:4:0:0:1:4:,clone,12014.928045091576,4:4:2:4:4:0:0:0:4
2:3:4:4:4:2:2:3:2:,recombination,10059.067527115702,2:3:4:4:4:2:2:2:2,3:4:4:4:4:1:2:3:3
2:3:4:4:3:3:4:4:1:,recombination,12084.307732301833,3:3:4:4:4:2:3:4:3,3:3:4:4:4:3:3:4:3,MUTATE
2:2:4:4:2:3:4:4:1:,recombination,13712.930145307306,2:2:4:4:4:3:3:2:2,3:4:4:4:4:2:2:2:3
4:4:2:4:4:0:0:1:4:,recombination,11760.672441057015,2:3:4:4:4:1:2:1:3,4:4:1:4:4:0:0:1:4
4:4:2:4:4:0:0:1:4:,clone,11641.765058218347,4:4:2:4:4:0:0:1:4
2:2:4:4:3:4:4:4:1:,clone,13169.54792700498,2:3:4:4:3:3:3:4:2
1:2:4:3:2:3:4:4:1:,recombination,12375.748945766918,2:3:4:4:3:4:4:4:2,1:2:4:4:3:3:4:3:1,MUTATE
1:2:4:3:2:3:4:4:1:,recombination,12202.898076785157,1:3:4:4:3:3:3:4:1,2:3:4:3:2:3:4:4:1
3:4:4:4:4:3:2:4:3:,clone,11425.760458155486,3:4:4:4:4:2:2:4:3
1:2:4:3:2:3:4:4:1:,recombination,12115.408629838978,2:3:4:4:4:2:3:2:2,2:3:4:3:2:3:4:4:1,MUTATE
2:2:4:3:2:3:4:4:1:,recombination,13220.905971137263,4:4:4:4:4:1:2:4:4,2:2:4:3:2:3:4:4:1
2:2:4:3:2:3:4:4:1:,clone,11970.059477290313,2:2:4:3:2:3:4:4:1
3:3:4:4:4:2:3:4:2:,recombination,11469.676993002699,4:4:4:4:4:2:2:4:4,1:2:4:3:2:3:4:4:1
2:3:4:4:3:4:4:4:2:,clone,13020.919727903956,2:3:4:4:3:4:4:4:2
3:3:4:4:4:1:2:3:4:,recombination,11239.594072112024,2:3:4:4:4:1:1:2:3,3:3:4:4:4:2:2:3:4
2:2:4:4:3:3:3:4:1:,clone,12495.61225618686,2:2:4:4:4:3:3:4:1
2:2:4:4:4:3:3:4:1:,clone,11785.630045480913,2:2:4:4:4:3:3:4:1
2:3:4:4:3:3:4:4:2:,clone,12041.301782818173,2:3:4:4:3:3:4:4:2
2:2:4:4:3:3:3:4:1:,recombination,11925.988963881699,1:2:4:3:2:3:4:4:1,2:2:4:3:2:4:4:4:1
2:2:4:4:3:3:4:4:2:,clone,12946.46778742324,2:2:4:4:3:3:4:4:2
1:2:4:3:2:4:4:4:1:,recombination,12953.574169647065,3:4:4:4:4:2:2:3:4,2:2:4:3:2:3:4:4:1
2:3:4:4:4:2:2:4:2:,recombination,10267.378367901705,3:4:4:4:4:2:2:3:3,2:3:4:4:4:2:2:3:2
2:3:4:4:4:2:3:4:1:,clone,12422.533802831427,1:3:4:4:4:2:3:4:1
4:4:3:4:4:2:1:4:4:,clone,12419.051451380557,4:4:3:4:4:2:1:4:4
4:4:4:4:4:2:1:4:4:,clone,11850.596457987556,4:4:4:4:4:1:1:4:4
2:2:4:4:2:4:4:4:1:,recombination,13765.699312193656,3:3:3:4:4:2:2:3:4,3:3:4:4:4:2:3:4:3,MUTATE
2:3:4:4:4:2:3:3:2:,recombination,10270.546372992263,2:3:4:4:4:1:2:2:2,3:4:4:4:4:1:2:2:4,MUTATE
3:3:4:4:4:2:3:4:2:,recombination,11274.15293037401,1:2:4:3:2:3:4:4:1,2:3:4:4:4:1:2:3:2
2:2:4:4:3:3:4:4:1:,clone,12542.733220212704,2:3:4:4:3:3:4:4:2
2:3:4:3:2:4:4:4:1:,clone,12820.54081140413,2:3:4:3:2:4:4:4:1
2:2:4:4:3:4:4:4:1:,clone,12362.158259205939,2:2:4:4:3:4:4:4:1
3:3:4:4:3:3:3:4:2:,recombination,12729.41751684529,2:3:4:4:3:3:4:4:2,3:4:4:4:4:2:2:3:3,MUTATE
2:3:4:3:3:3:4:4:1:,clone,12090.68746418701,2:2:4:4:3:3:3:4:1
2:2:4:4:3:3:4:4:1:,recombination,12447.436928774667,1:2:4:4:3:3:4:4:1,3:4:4:4:4:2:2:3:4
4:4:3:4:4:1:2:2:4:,recombination,13329.374746192432,4:4:2:4:4:0:0:1:4,4:4:4:4:4:1:1:1:4
2:2:4:3:2:3:4:4:1:,recombination,11776.88133602732,3:4:4:4:4:1:2:3:3,2:3:4:4:3:3:4:4:2
2:2:4:3:2:4:4:4:1:,clone,12602.381440217889,2:2:4:3:2:4:4:4:1
2:2:4:4:3:3:3:4:1:,clone,11746.888221431553,2:2:4:4:3:3:3:4:1
2:3:4:4:2:3:4:4:2:,clone,13133.747696238534,2:3:4:4:4:3:3:4:2
1:2:4:3:2:3:4:4:1:,clone,12042.136179111909,1:2:4:3:2:3:4:4:1
2:3:4:4:3:3:3:4:1:,recombination,12395.001683450962,4:4:4:4:4:1:1:2:4,3:4:4:4:4:2:3:2:3,MUTATE
4:4:4:4:4:0:0:0:4:,clone,10414.901891598378,2:3:4:3:2:4:4:4:1
3:4:4:4:4:3:3:4:3:,clone,11733.687702288962,3:4:4:4:4:3:2:4:3
4:4:3:4:4:0:0:0:4:,clone,10411.586910786842,4:4:3:4:4:0:0:0:4
4:4:3:4:4:2:1:3:4:,clone,11876.216422886191,4:4:3:4:4:2:1:3:4
4:4:4:4:4:0:1:1:4:,recombination,10768.948538103636,3:4:4:4:4:1:2:2:4,4:4:4:4:4:1:2:4:4
2:3:4:4:4:1:1:1:2:,recombination,8406.282461474198,3:3:4:4:4:1:2:3:4,2:3:4:4:4:1:2:2:2,MUTATE
4:4:4:4:4:2:3:3:4:,clone,12910.094606341894,4:4:4:4:4:2:3:4:4
2:2:4:4:3:3:3:4:1:,clone,11561.87982035795,2:2:4:4:3:3:3:4:1
4:4:4:4:4:0:0:1:4:,recombination,10338.03915463501,2:2:4:4:3:3:4:4:1,2:3:4:4:4:1:2:2:2,MUTATE
4:4:1:4:4:0:0:1:4:,clone,12252.418235889532,4:4:1:4:4:0:0:1:4
3:3:4:4:4:3:3:4:3:,recombination,11781.646680975411,4:4:3:4:4:2:2:3:4,1:2:4:2:1:4:4:4:1,MUTATE
4:4:4:4:4:0:1:2:4:,clone,10510.854492076633,4:4:4:4:4:0:1:2:4
4:4:4:4:4:0:1:0:4:,recombination,11595.325267541239,2:2:4:4:4:3:3:4:2,3:3:4:4:4:2:3:4:3
3:3:4:4:4:3:3:4:3:,recombination,11778.177191941477,3:4:4:4:4:2:2:4:3,4:4:4:4:4:1:2:4:4,MUTATE
3:3:4:4:4:2:3:4:2:,clone,11181.37095480144,3:3:4:4:4:2:3:4:2
4:3:4:4:4:2:3:4:3:,recombination,12771.070871147424,4:4:3:4:4:2:2:4:4,4:4:3:4:4:2:2:3:4
1:3:4:4:4:3:3:3:1:,clone,12997.553284925158,1:3:4:4:4:3:3:3:1
4:4:4:4:4:0:0:1:4:,clone,9889.498160395508,4:4:4:4:4:0:0:0:4
4:4:4:4:4:1:2:1:4:,recombination,12293.884578767393,3:3:4:4:4:2:2:2:3,3:3:4:4:4:2:3:4:3
3:3:4:4:4:3:3:4:3:,clone,11737.61227586156,3:3:4:4:4:3:3:4:3
3:3:4:4:4:1:2:2:4:,clone,10470.641182436873,4:4:4:4:4:1:2:2:4
1:2:4:2:0:4:4:4:0:,clone,13866.961062511651,1:2:4:2:0:4:4:4:0
4:4:2:4:4:1:1:1:4:,clone,12547.588376227235,4:4:2:4:4:1:1:1:4
1:2:4:3:2:3:4:4:1:,clone,11935.441530830904,1:2:4:3:2:3:4:4:1
4:4:3:4:4:2:1:4:4:,clone,11782.15676254102,4:4:3:4:4:2:1:3:4
2:2:4:3:3:3:4:4:1:,clone,11668.626836833997,2:2:4:3:3:3:3:4:1
4:3:4:4:4:2:2:4:3:,recombination,12600.689335220895,4:4:3:4:4:1:1:2:4,4:3:4:4:4:2:3:4:3,MUTATE
3:3:4:4:4:1:3:3:3:,clone,11100.72423826123,3:3:4:4:4:1:2:3:3
0:2:4:1:0:4:4:4:0:,clone,13728.972421458091,0:2:4:1:0:4:4:4:0
2:2:4:4:4:3:3:4:2:,clone,12949.49359647546,2:2:4:4:4:3:3:4:2
1:2:4:2:1:3:4:4:1:,recombination,11738.763241548731,2:3:4:3:2:3:4:4:1,3:4:4:4:4:0:1:1:4,MUTATE
0:2:4:1:0:4:4:4:0:,clone,13554.782409225463,0:2:4:1:0:4:4:4:0
1:2:4:3:2:4:4:4:1:,clone,12938.854995855638,1:2:4:3:2:4:4:4:1
1:2:4:2:1:3:4:4:0:,clone,12199.97440951596,1:2:4:2:1:3:4:4:0
2:3:4:4:3:3:3:4:1:,clone,11861.519160760066,2:3:4:4:3:3:3:4:2
2:3:4:4:3:4:3:4:2:,recombination,13299.483376735518,2:3:4:3:2:3:4:4:2,3:4:4:4:4:1:2:3:4,MUTATE
1:2:4:3:2:3:4:4:1:,clone,11806.081147927547,1:2:4:3:2:3:4:4:1
1:2:4:2:1:4:4:4:0:,clone,12545.07115528178,1:2:4:2:1:4:4:4:0
2:3:4:4:2:4:4:4:1:,recombination,13346.05125762768,3:4:4:4:4:3:2:4:3,2:3:4:4:3:4:3:4:2
2:3:4:4:3:4:3:4:2:,recombination,12553.941742348996,4:4:3:4:4:1:1:1:4,3:3:4:4:4:3:3:4:3
2:3:4:4:4:4:3:4:2:,recombination,14158.01675132559,3:3:4:4:4:2:2:4:3,3:3:4:4:4:4:3:4:3
4:4:4:4:4:3:3:4:3:,recombination,12317.129899834572,4:4:4:4:4:2:2:4:4,4:4:3:4:4:1:1:3:4,MUTATE
1:2:4:3:1:4:4:4:1:,clone,13081.470843827059,1:2:4:3:1:4:4:4:1
4:4:2:4:4:1:2:2:4:,recombination,13451.742801962888,4:4:3:4:4:1:2:2:4,3:4:4:4:4:2:2:2:3
1:2:4:3:1:4:4:4:1:,clone,12974.72382735101,1:2:4:3:1:4:4:4:1
1:2:4:3:2:4:4:4:1:,recombination,12718.445668698827,1:2:4:4:3:3:4:3:1,2:3:4:4:3:3:3:4:2
2:3:4:4:3:4:3:4:1:,recombination,12943.961518441352,3:3:4:4:4:2:2:4:3,4:4:4:4:4:1:2:4:4
1:2:4:2:1:4:4:4:1:,recombination,12907.503150362552,1:2:4:2:1:4:4:4:0,1:2:4:3:2:3:4:4:1
2:2:4:3:2:3:4:4:2:,recombination,13050.759854741225,3:3:4:4:4:2:2:4:3,2:3:4:4:3:3:3:4:2,MUTATE
2:2:4:3:1:4:4:4:1:,recombination,13218.394953758392,3:3:4:4:4:2:3:3:3,1:2:4:2:1:4:4:4:1
4:4:2:4:4:1:1:1:4:,clone,12436.533392093785,4:4:2:4:4:1:1:1:4
2:3:4:4:3:4:3:4:1:,clone,12777.58693074999,2:3:4:4:3:4:3:4:2
0:2:4:1:0:4:4:4:0:,clone,13331.421221495713,2:3:4:4:3:4:3:4:2
4:4:4:4:4:2:3:4:3:,recombination,12737.62991140153,2:2:4:3:2:4:4:4:1,2:2:4:3:2:3:4:4:1,MUTATE
1:2:4:1:0:4:4:4:0:,recombination,12940.177713877642,3:4:4:4:4:2:2:4:3,3:3:4:4:4:0:1:1:3,MUTATE
0:2:4:1:0:4:4:4:0:,recombination,13280.480715516847,2:3:4:4:3:4:3:4:2,2:2:4:4:3:3:3:4:2,MUTATE
0:2:4:1:0:4:4:4:0:,recombination,12983.333735862878,1:2:4:3:2:3:4:4:1,3:4:4:4:4:3:3:4:3
2:3:4:3:2:3:4:4:1:,recombination,12385.800062125958,4:4:4:4:4:2:2:4:4,2:3:4:4:3:4:3:4:2,MUTATE
3:3:4:4:3:3:4:4:2:,clone,13142.93992812971,3:3:4:4:3:3:4:4:2
2:3:4:4:2:3:4:4:1:,clone,13611.220830693082,2:3:4:4:3:3:4:4:2
4:4:4:4:4:2:3:4:3:,clone,12570.80672856634,4:4:4:4:4:2:3:4:3
2:2:4:4:4:3:3:4:2:,clone,12559.983914794173,2:2:4:4:3:3:3:4:2
2:3:4:3:2:4:4:4:2:,recombination,13524.400585233256,3:4:4:4:4:2:3:4:3,1:2:4:4:3:3:4:4:1
3:3:4:4:4:4:3:4:2:,clone,14187.106929918067,3:3:4:4:4:4:3:4:2
2:3:4:3:2:4:4:4:1:,recombination,12543.455092562901,4:4:4:4:4:2:2:4:4,3:4:4:4:4:2:2:4:3
4:4:1:4:4:0:1:1:4:,recombination,12738.074855709427,4:4:4:4:4:2:2:4:4,4:4:1:4:4:0:0:1:4
2:3:4:3:2:3:4:4:2:,clone,12971.641165563446,2:3:4:3:2:3:4:4:2
2:2:4:3:1:4:4:4:1:,clone,13183.225032266759,2:2:4:3:1:4:4:4:1
4:4:4:4:4:2:1:4:4:,recombination,11648.818241533218,3:3:4:4:4:1:1:1:3,4:4:3:4:4:2:1:3:4
2:3:4:4:4:2:3:2:3:,clone,10651.780935520299,2:3:4:4:4:2:3:2:3
2:3:4:4:4:1:1:2:3:,clone,9338.332405154122,2:3:4:4:4:1:2:2:2
1:2:4:3:1:4:4:4:0:,recombination,13226.418291518648,3:4:4:4:4:2:2:4:3,1:3:4:4:4:3:3:3:1,MUTATE
2:2:4:4:2:4:4:4:1:,clone,13239.718171518394,2:3:4:4:3:4:4:4:2
2:2:4:4:3:4:4:4:2:,recombination,14604.77522131076,2:2:4:4:3:3:3:2:2,4:4:4:4:4:1:2:3:4
2:2:4:4:2:3:4:4:1:,clone,13346.506899133743,2:2:4:4:2:3:4:4:1
4:3:3:4:4:2:2:4:4:,clone,11627.49405252271,4:3:3:4:4:2:2:4:4
1:2:4:2:0:4:4:4:0:,recombination,13441.851410570016,3:4:4:4:4:1:2:2:4,3:4:4:4:4:2:2:4:3,MUTATE
2:2:4:3:2:4:4:4:1:,clone,12543.455092562901,2:2:4:3:2:4:4:4:1
1:2:4:3:1:4:4:4:1:,recombination,12543.455092562901,2:3:4:3:2:3:4:4:1,3:3:4:4:4:3:3:4:3
0:1:4:1:0:4:4:4:0:,clone,13450.373256460003,0:2:4:1:0:4:4:4:0
1:2:4:2:0:4:4:4:0:,recombination,13405.84608958992,3:3:4:4:4:2:3:4:3,1:2:4:2:0:4:4:4:0,MUTATE
4:4:1:4:4:0:1:1:4:,clone,12698.883721768632,4:4:1:4:4:0:0:1:4
1:2:4:2:0:4:4:4:0:,recombination,12944.92233355812,0:2:4:1:0:4:4:4:0,4:3:4:4:4:2:2:4:4,MUTATE
2:3:4:4:3:4:4:4:1:,clone,13156.049293658836,2:3:4:4:3:4:4:4:1
3:3:4:4:4:3:3:4:2:,recombination,11616.118421362267,2:3:4:4:4:2:2:3:2,4:4:4:4:4:1:2:4:4,MUTATE
1:2:4:3:2:4:4:4:1:,recombination,12543.380109901358,2:3:4:4:3:3:3:4:2,1:2:4:3:1:4:4:4:1,MUTATE
0:2:4:1:0:4:4:4:0:,recombination,12623.235879498323,3:3:4:4:4:2:2:2:3,3:4:4:4:4:3:3:4:3,MUTATE
2:3:4:4:3:4:4:4:1:,recombination,12875.590312206223,4:4:4:4:4:3:3:4:3,2:2:4:3:1:4:4:4:1
2:3:4:4:2:3:4:4:1:,clone,13184.978746824932,2:3:4:3:2:3:4:4:1
1:2:4:2:0:4:4:4:0:,clone,12796.255303538705,1:2:4:2:0:4:4:4:0
1:2:4:4:3:4:4:4:1:,recombination,13074.262066982074,3:3:4:4:4:2:2:3:4,3:4:4:4:4:2:2:4:3,MUTATE
4:4:2:4:4:2:2:3:4:,recombination,13522.6601686954,4:4:3:4:4:1:2:2:4,3:3:3:4:4:2:3:4:3
2:3:4:4:4:1:2:2:2:,recombination,9219.246020597851,2:3:4:4:4:1:1:2:3,2:2:4:4:3:3:3:4:1,MUTATE
0:2:4:1:0:4:4:4:0:,clone,12609.696957553264,0:2:4:1:0:4:4:4:0
1:2:4:2:1:4:4:4:1:,recombination,12821.711418997978,3:3:4:4:4:2:3:3:3,1:2:4:2:1:3:4:4:1
2:3:4:3:2:3:4:4:2:,clone,12794.12625650394,2:3:4:3:2:3:4:4:2
2:2:4:3:2:4:4:4:1:,recombination,12431.366536899852,2:3:4:3:2:3:4:4:1,1:2:4:2:1:3:4:4:0,MUTATE
4:4:3:4:4:1:2:2:4:,recombination,13091.28422797831,4:4:3:4:4:1:2:2:4,1:2:4:4:3:3:3:2:1
1:3:4:3:2:4:4:4:1:,recombination,13473.941057212214,1:2:4:2:0:4:4:4:0,2:2:4:4:3:3:4:4:2
4:4:2:4:4:1:2:2:4:,clone,13069.452296150625,4:4:2:4:4:1:2:2:4
1:2:4:2:1:4:4:4:1:,recombination,12780.528961748532,2:2:4:3:2:4:4:4:1,2:3:4:3:2:4:4:4:1
1:2:4:2:1:4:4:4:1:,clone,12752.991140758824,1:2:4:3:1:4:4:4:1
0:2:4:1:0:4:4:4:0:,clone,12586.071457181328,0:2:4:1:0:4:4:4:0
1:2:4:2:1:4:4:4:1:,clone,12700.951640859825,1:2:4:2:1:4:4:4:1
4:4:1:4:4:1:1:2:4:,recombination,12057.24566915917,4:4:2:4:4:0:0:0:4,4:4:2:4:4:1:1:3:4
4:3:3:4:4:1:2:4:4:,clone,11458.083084596246,4:3:3:4:4:2:2:4:4
4:4:2:4:4:1:2:2:4:,recombination,12947.852742650428,3:4:4:4:4:1:2:2:4,4:4:2:4:4:1:2:2:4
4:4:2:4:4:1:2:3:4:,recombination,12806.272565907346,4:4:1:4:4:0:1:1:4,2:3:4:4:3:4:3:4:1,MUTATE
4:4:2:4:4:1:1:3:4:,recombination,11880.662893579422,4:4:1:4:4:1:1:2:4,2:3:4:4:3:4:4:4:1,MUTATE
1:3:4:4:2:3:4:4:1:,recombination,14363.636328656336,2:2:4:4:3:3:3:3:2,2:3:4:4:4:2:3:2:3,MUTATE
1:2:4:2:1:4:4:4:1:,clone,12680.593298639254,1:2:4:2:1:4:4:4:1
2:2:4:4:4:3:3:4:2:,clone,12336.353564704363,2:2:4:4:4:3:3:4:2
1:2:4:2:1:4:4:4:1:,clone,12680.593298639253,1:2:4:2:1:4:4:4:1
2:3:4:4:3:3:3:4:1:,recombination,11782.510354420217,2:2:4:4:3:4:4:4:1,2:3:4:3:3:3:4:4:1
2:3:4:4:2:3:4:4:1:,recombination,13149.423877615433,3:4:4:4:4:2:3:3:3,2:3:4:4:4:3:3:2:2
2:3:4:4:3:3:3:4:1:,recombination,11712.23304866692,2:3:4:4:4:3:3:4:2,3:4:4:4:4:2:2:4:3
4:4:2:4:4:1:1:2:4:,recombination,11351.19347733546,4:4:2:4:4:1:1:3:4,3:3:4:4:4:2:2:3:4,MUTATE
1:2:4:2:1:4:4:4:0:,recombination,12534.807992477628,4:4:4:4:4:2:2:4:4,3:4:4:4:4:1:2:4:3
4:4:2:4:4:1:1:2:4:,recombination,11217.753476276457,4:3:3:4:4:2:2:4:4,4:4:1:4:4:0:0:1:4
0:2:4:2:0:4:4:4:0:,recombination,13998.484403623052,2:3:4:4:4:2:3:4:1,3:4:4:4:4:2:2:4:3,MUTATE
1:2:4:3:2:4:4:4:1:,recombination,12534.124236108395,3:4:4:4:4:1:2:4:3,4:4:4:4:4:2:2:4:4,MUTATE
0:2:4:2:0:4:4:4:0:,recombination,13145.687196325562,2:2:4:4:3:3:3:3:2,0:2:4:1:0:4:4:4:0
1:2:4:3:2:3:4:4:0:,recombination,12182.47576135119,2:3:4:4:4:1:2:2:2,3:3:4:4:4:3:3:4:3
1:2:4:1:0:4:4:4:0:,clone,12804.816554987134,1:2:4:1:0:4:4:4:0
4:4:3:4:4:1:2:2:4:,clone,12503.963956712094,4:4:3:4:4:1:2:2:4
2:2:4:4:4:3:3:4:2:,clone,12226.069631702414,2:2:4:4:4:3:3:4:2
2:3:4:3:2:4:4:4:2:,recombination,12828.195989723135,3:3:4:4:4:1:1:2:4,4:3:4:4:4:2:2:4:4
4:4:2:4:4:1:1:3:4:,clone,11858.566299179309,4:4:2:4:4:1:1:3:4
1:2:4:2:1:4:4:4:1:,clone,12645.629670783583,1:2:4:3:1:4:4:4:1
1:2:4:2:1:4:4:4:0:,clone,12430.975455731586,1:2:4:2:1:4:4:4:0
1:2:4:4:3:3:3:4:1:,clone,11862.867822161703,1:2:4:4:3:3:3:4:1
2:3:4:4:4:3:3:4:1:,clone,12916.608509122349,2:3:4:4:4:3:3:4:2
1:3:4:4:4:3:3:4:1:,clone,12685.660503757992,2:3:4:4:4:3:3:4:1
2:2:4:4:3:3:4:4:1:,clone,12077.588214483349,2:2:4:3:3:3:4:4:1
1:3:4:4:3:3:3:4:1:,clone,12966.269913386024,1:3:4:4:3:3:3:4:1
4:4:3:4:4:1:2:2:4:,clone,12347.713474051212,4:4:3:4:4:1:2:2:4
4:4:2:4:4:1:2:3:4:,clone,12212.599769761831,4:4:2:4:4:1:2:3:4
3:3:4:4:4:1:2:4:3:,recombination,10298.458164346317,1:2:4:3:2:4:4:4:1,2:3:4:4:4:1:2:3:2,MUTATE
4:4:3:4:4:1:2:2:4:,clone,12225.826769423289,4:4:3:4:4:1:2:2:4
1:2:4:2:1:4:4:4:0:,clone,12371.423082540456,1:2:4:2:1:4:4:4:0
1:2:4:3:2:3:4:4:0:,recombination,11685.993583558517,2:3:4:4:4:1:2:2:2,3:3:4:4:4:2:2:4:3
4:4:3:4:4:1:2:2:4:,clone,12105.717722430341,4:4:3:4:4:1:2:2:4
1:2:4:3:2:3:4:4:1:,recombination,11526.825230666685,1:2:4:3:2:3:4:4:0,2:3:4:4:3:3:4:4:2,MUTATE
4:3:3:4:4:1:2:4:4:,clone,11357.394019414642,4:3:3:4:4:1:2:4:4
4:4:3:4:4:1:2:2:4:,clone,11924.106252251628,4:4:3:4:4:1:2:2:4
3:3:4:4:4:4:3:4:2:,clone,14153.593170804428,3:3:4:4:4:4:3:4:2
1:2:4:2:1:4:4:4:0:,clone,12329.716141700106,1:2:4:2:1:4:4:4:0
2:2:4:3:1:3:4:4:1:,recombination,13036.897473207428,4:4:4:4:4:1:1:1:4,2:3:4:4:3:2:3:4:2
3:3:4:4:4:1:2:4:3:,clone,10269.46967750226,3:3:4:4:4:1:2:4:3
2:2:4:4:4:3:3:4:2:,recombination,11875.982046866944,3:3:4:4:4:1:1:2:4,4:4:4:4:4:3:3:4:3,MUTATE
0:1:4:1:0:4:4:4:0:,clone,13378.836582121356,0:1:4:1:0:4:4:4:0
1:2:4:3:3:3:4:4:1:,recombination,11956.001767122245,1:2:4:2:1:4:4:4:0,2:2:4:4:4:2:3:4:2
1:2:4:3:2:4:4:4:1:,clone,12217.666224637953,1:2:4:3:2:3:4:4:1
2:2:4:4:2:3:4:4:1:,recombination,13150.870058140998,3:3:4:4:4:1:1:3:3,2:2:4:4:3:3:4:4:1
1:2:4:3:2:4:4:4:0:,recombination,12632.76814795086,3:3:4:4:4:3:3:4:3,3:4:4:4:4:1:1:2:3,MUTATE
1:2:4:3:1:3:4:4:0:,clone,12106.30914089794,1:2:4:3:2:3:4:4:1
1:2:4:4:3:3:4:4:1:,clone,12275.619143651242,1:2:4:3:2:3:4:4:1
2:2:4:4:3:3:3:4:2:,clone,12269.313504319947,2:2:4:4:3:3:3:4:2
1:2:4:3:1:3:4:4:1:,recombination,12742.66374910785,1:2:4:3:2:3:4:4:1,2:3:4:4:3:3:3:4:2,MUTATE
1:2:4:4:3:4:4:4:1:,recombination,12838.999651751512,2:3:4:3:2:3:4:4:1,2:2:4:4:4:2:3:2:2,MUTATE
1:2:4:2:1:4:4:4:0:,clone,12313.804904712144,1:2:4:2:1:4:4:4:0
1:2:4:4:3:4:4:4:1:,clone,12691.443073191358,1:2:4:4:3:4:4:4:1
1:2:4:2:1:4:4:4:0:,clone,12247.969332248564,1:2:4:2:1:4:4:4:0
1:2:4:2:1:4:4:4:0:,clone,11955.27712961699,1:2:4:2:1:4:4:4:0
1:2:4:3:1:4:4:4:1:,clone,12138.088897382784,1:2:4:3:1:4:4:4:1
0:1:4:1:0:4:4:4:0:,clone,13311.22348563229,0:1:4:1:0:4:4:4:0
1:3:4:4:3:3:3:4:1:,recombination,12075.733871409613,3:3:4:4:4:2:3:4:3,3:4:4:4:4:1:1:2:3
1:2:4:2:1:4:4:4:0:,clone,11955.277129616989,1:2:4:2:1:4:4:4:0
1:2:4:2:1:4:4:4:1:,clone,12527.985557357148,1:2:4:2:1:4:4:4:1
1:2:4:2:1:4:4:4:1:,clone,12372.263638768081,1:2:4:2:1:4:4:4:1
0:2:4:1:0:4:4:4:0:,recombination,12476.607359967124,2:3:4:4:3:3:3:4:1,3:3:4:4:4:2:3:4:3
0:1:4:1:0:4:4:4:0:,recombination,13185.321898173876,3:4:4:4:4:1:2:2:3,1:2:4:3:1:4:4:4:1,MUTATE
1:2:4:3:1:4:4:4:0:,clone,12872.118960174794,1:2:4:3:2:4:4:4:0
1:2:4:2:1:4:4:4:1:,clone,12211.237823007903,1:2:4:2:1:4:4:4:1
2:2:4:4:3:3:3:4:1:,recombination,11348.358710595157,2:3:4:4:4:1:2:2:2,2:3:4:4:4:2:2:3:2
1:2:4:2:1:4:4:4:1:,recombination,12211.237823007901,1:2:4:2:1:4:4:4:1,2:3:4:4:4:3:3:4:2,MUTATE
1:2:4:1:0:4:4:4:0:,clone,12716.212624724349,1:2:4:1:0:4:4:4:0
1:2:4:3:1:3:4:4:1:,clone,12544.79918018976,1:2:4:3:2:3:4:4:1
1:3:4:3:1:4:4:4:1:,recombination,13623.57914459674,3:4:4:4:4:1:2:3:4,3:3:4:4:4:2:3:3:3
2:3:4:3:2:3:4:4:1:,recombination,12310.087877088834,3:3:4:4:4:2:3:4:2,4:3:4:4:4:3:3:4:3,MUTATE
1:2:4:3:2:4:4:4:1:,recombination,12044.455423103464,1:2:4:2:1:4:4:4:1,1:2:4:3:2:3:4:4:1,MUTATE
1:3:4:4:3:3:3:4:1:,clone,11883.344957657571,2:3:4:4:3:3:3:4:1
2:3:4:4:2:4:4:4:1:,clone,13334.277682415874,2:3:4:4:2:3:4:4:1
3:3:4:4:4:4:3:4:2:,clone,13979.101826285503,3:3:4:4:4:4:3:4:2
1:2:4:3:2:4:4:4:1:,clone,11730.502817546243,1:2:4:3:2:4:4:4:1
1:2:4:2:0:4:4:4:0:,clone,12794.586907354511,1:2:4:2:0:4:4:4:0
1:2:4:2:0:4:4:4:0:,clone,12655.148211524971,1:2:4:2:0:4:4:4:0
1:2:4:2:0:4:4:4:0:,clone,12391.402792164268,1:2:4:2:0:4:4:4:0
2:3:4:4:4:3:3:4:1:,recombination,12620.243641922743,3:3:4:4:4:1:1:2:4,1:3:4:4:3:3:3:3:1
1:2:4:2:1:4:4:4:1:,recombination,12100.078085405805,4:4:3:4:4:2:2:3:4,4:4:4:4:4:1:1:2:4
1:2:4:3:1:3:4:4:1:,clone,11877.839769768807,1:2:4:2:1:4:4:4:1
1:2:4:3:2:3:4:4:1:,recombination,11356.627133568467,1:2:4:2:1:4:4:4:1,4:4:4:4:4:2:2:2:4,MUTATE
2:3:4:3:2:3:4:4:1:,recombination,12238.069114390753,2:3:4:3:2:4:4:4:1,2:3:4:3:2:3:4:4:1
1:1:4:1:0:4:4:4:0:,recombination,13636.44215928066,3:4:4:4:4:2:2:3:3,3:3:4:4:4:2:2:4:3
2:3:4:4:3:4:4:4:2:,recombination,12974.034307256943,3:4:4:4:4:2:2:2:3,4:3:4:4:4:3:3:4:3
1:2:4:2:1:3:4:4:1:,recombination,11708.431278238215,1:2:4:2:1:4:4:4:1,2:2:4:4:2:4:4:4:1,MUTATE
1:3:4:3:1:4:4:4:1:,clone,13517.858642074645,1:3:4:3:1:4:4:4:1
2:3:4:3:2:3:4:4:1:,clone,12204.955994239348,2:3:4:3:2:3:4:4:1
1:2:4:2:0:4:4:4:0:,clone,12256.79724752248,1:2:4:2:0:4:4:4:0
2:2:4:4:4:3:3:4:1:,recombination,11677.416091525762,3:3:4:4:4:3:3:4:3,2:3:4:4:4:2:3:2:2
2:3:4:4:4:3:3:4:1:,clone,11969.200159948272,2:2:4:4:4:3:3:4:1
2:3:4:4:3:3:3:4:1:,recombination,11596.46174484805,3:3:4:4:4:1:2:4:3,1:2:4:2:1:4:4:4:1,MUTATE
3:3:4:4:4:1:2:4:3:,clone,10192.100103822424,3:3:4:4:4:1:2:4:3
1:2:4:1:0:4:4:4:0:,recombination,12482.581650091133,1:2:4:2:0:4:4:4:0,2:3:4:4:4:2:3:4:2,MUTATE
2:3:4:4:4:4:3:4:2:,clone,14140.40268263195,2:3:4:4:4:4:3:4:2
2:3:4:4:4:4:3:4:2:,clone,13979.101826285503,2:3:4:4:4:4:3:4:2
2:3:4:4:4:3:3:4:1:,clone,11916.33571638332,2:3:4:4:3:3:3:4:1
2:3:4:4:3:4:3:4:1:,recombination,12212.889712309116,1:2:4:3:2:4:4:4:1,2:2:4:4:4:3:3:4:2
1:3:4:3:2:3:4:4:1:,recombination,12503.068737804679,4:4:4:4:4:1:1:2:4,3:3:4:4:4:2:3:2:3
2:3:4:4:4:3:3:4:2:,recombination,11393.48162364332,4:4:3:4:4:1:1:2:4,4:4:3:4:4:2:1:4:4,MUTATE
2:3:4:4:4:3:3:4:1:,recombination,11142.32495491436,1:2:4:3:2:3:4:4:1,2:2:4:4:4:3:3:4:1
2:2:4:4:3:3:4:4:2:,recombination,12910.20641310204,3:3:4:4:4:1:2:2:3,3:3:4:4:4:2:2:3:4,MUTATE
2:3:4:4:4:4:3:4:2:,clone,13781.130747272866,2:3:4:4:4:4:3:4:2
2:2:4:4:3:3:3:4:2:,recombination,12180.260630370678,2:2:4:4:4:2:3:3:2,4:4:2:4:4:1:1:2:4,MUTATE
1:2:4:2:2:3:4:4:1:,recombination,10785.189254323412,1:2:4:2:1:4:4:4:1,3:3:4:4:4:3:3:4:2,MUTATE
2:3:4:4:4:3:3:4:2:,clone,11172.987237178073,2:3:4:4:4:3:3:4:2
1:2:4:3:1:4:4:4:0:,recombination,12682.917721322636,4:4:4:4:4:1:1:2:4,2:2:4:4:3:3:3:4:1
1:3:4:3:1:4:4:4:1:,recombination,13277.631824240967,3:3:4:4:4:2:3:4:2,4:3:3:4:4:2:2:3:4,MUTATE
1:2:4:2:0:4:4:4:0:,recombination,12103.131670289047,1:2:4:3:2:4:4:4:1,1:2:4:2:1:4:4:4:1,MUTATE
1:2:4:2:0:4:4:4:0:,recombination,11652.814794152093,1:2:4:2:0:4:4:4:0,0:2:4:1:0:4:4:4:0
2:2:4:4:4:3:3:3:2:,clone,12923.224736209188,2:3:4:4:4:2:3:3:2
1:2:4:2:1:3:4:4:0:,clone,10654.219119138344,1:2:4:2:1:3:4:4:0
1:2:4:4:3:3:3:4:1:,recombination,11579.324356224468,3:3:4:4:4:1:2:2:3,2:3:4:4:4:3:3:4:1,MUTATE
2:2:4:4:3:4:4:4:2:,recombination,14134.334154885411,2:2:4:4:3:3:3:4:1,4:4:4:4:4:2:3:4:4,MUTATE
0:1:4:1:0:4:4:4:0:,recombination,13139.323287101308,2:3:4:4:3:4:4:4:2,3:3:4:4:4:2:2:4:3
2:2:4:4:3:4:4:4:2:,recombination,13704.975042171163,2:3:4:4:4:1:2:3:2,2:2:4:4:3:4:4:4:2
2:3:4:4:2:4:4:4:1:,clone,13322.829922757479,2:3:4:4:2:4:4:4:1
2:3:4:4:2:4:4:4:1:,clone,13322.829922757475,2:3:4:4:2:4:4:4:1
1:2:4:4:3:3:4:4:1:,recombination,12192.070744906425,2:3:4:4:4:3:3:4:1,2:3:4:4:4:2:3:2:2,MUTATE
2:2:4:4:2:3:4:4:1:,clone,13020.33080034495,2:2:4:4:2:3:4:4:1
2:2:4:4:3:4:4:4:2:,clone,13568.859790854323,2:2:4:4:3:4:4:4:2
2:3:4:3:2:3:4:4:2:,recombination,12747.631258837982,4:4:4:4:4:1:1:1:4,4:4:2:4:4:2:2:3:4,MUTATE
1:3:4:4:3:3:4:4:1:,clone,12336.830491719546,2:2:4:4:3:3:4:4:1
2:3:4:4:2:4:4:4:1:,recombination,13131.625130645225,2:3:4:4:4:2:3:3:2,1:2:4:2:1:4:4:4:1,MUTATE
2:2:4:4:3:3:4:4:1:,recombination,12069.9877048604,2:3:4:4:4:3:3:4:1,2:3:4:4:4:3:3:4:1,MUTATE
1:3:4:3:2:4:4:4:1:,recombination,12972.493122533313,2:3:4:4:3:3:3:4:2,2:3:4:4:4:2:3:3:2
2:3:4:3:2:3:4:4:2:,recombination,12727.158343192054,3:4:4:4:4:0:1:1:4,4:4:3:4:4:2:2:3:4,MUTATE
0:1:4:1:0:4:4:4:0:,recombination,13009.851574926182,1:2:4:3:1:4:4:4:1,3:4:4:4:4:2:2:3:3,MUTATE
1:2:4:1:0:4:4:4:0:,clone,12160.918090787336,1:2:4:1:0:4:4:4:0
1:3:4:3:2:3:4:4:1:,recombination,12235.75888520015,4:4:4:4:4:1:2:3:4,2:3:4:4:4:1:2:2:2
1:3:4:3:2:4:4:4:1:,clone,12963.939369100064,1:3:4:3:2:4:4:4:1
1:2:4:1:0:4:4:4:0:,clone,12069.937451019026,1:2:4:1:0:4:4:4:0
1:2:4:3:2:4:4:3:0:,clone,14476.435819021994,1:2:4:3:2:4:4:4:0
0:1:4:2:0:4:4:4:0:,recombination,14364.692837479406,1:2:4:2:1:4:4:4:0,2:2:4:4:3:3:3:3:2,MUTATE
0:1:4:1:0:4:4:4:0:,clone,12918.870935157875,0:1:4:1:0:4:4:4:0
4:4:2:4:4:0:0:0:4:,recombination,11242.91284248114,2:3:4:4:3:4:4:4:2,4:4:3:4:4:1:2:3:4,MUTATE
2:3:4:4:2:4:4:4:2:,recombination,14411.04883145692,3:4:4:4:4:2:2:2:4,2:3:4:4:4:1:2:4:2
0:1:4:2:0:4:4:4:0:,clone,14343.46532389003,0:1:4:2:0:4:4:4:0
2:3:4:4:2:4:4:4:2:,recombination,13816.681141661225,2:3:4:4:4:1:2:2:3,4:4:3:4:4:2:2:4:4,MUTATE
0:1:4:2:0:4:4:4:0:,clone,14245.920718647403,0:1:4:2:0:4:4:4:0
2:3:4:4:3:4:4:4:1:,clone,12849.10503319161,2:3:4:4:3:4:4:4:1
0:1:4:2:0:4:4:4:0:,clone,14237.727866019259,0:1:4:2:0:4:4:4:0
1:3:4:3:2:4:4:4:1:,clone,12902.13382385932,1:3:4:3:2:4:4:4:1
0:1:4:2:0:4:4:4:0:,clone,14119.239388253023,0:1:4:2:0:4:4:4:0
2:3:4:4:3:4:4:4:1:,clone,12838.479641398091,2:3:4:4:3:4:4:4:1
0:1:4:2:0:4:4:4:0:,clone,14098.940170562819,0:1:4:2:0:4:4:4:0
1:3:4:3:1:4:4:4:1:,recombination,12824.950421400945,3:4:4:4:4:1:1:1:4,3:4:4:4:4:1:2:2:4,MUTATE
2:2:4:3:2:3:4:4:1:,clone,11441.260787657591,2:2:4:3:2:3:4:4:1
2:2:4:4:3:3:3:4:2:,recombination,12141.429436717362,2:2:4:4:4:3:3:4:2,4:4:3:4:4:2:1:3:4
1:3:4:2:1:4:4:4:1:,clone,13407.119131267697,1:3:4:2:1:4:4:4:1
1:3:4:2:1:4:4:4:1:,clone,13248.430892975288,1:3:4:2:1:4:4:4:1
2:2:4:3:1:4:4:4:1:,recombination,12943.839571789202,3:4:4:4:4:1:2:3:3,1:2:4:2:1:3:4:4:0,MUTATE
2:3:4:3:2:3:4:4:1:,recombination,11588.229965321281,4:3:4:4:4:2:2:4:4,2:3:4:3:2:4:4:4:1,MUTATE
2:3:4:4:2:3:4:4:1:,clone,12825.037152330275,2:3:4:4:2:3:4:4:1
2:2:4:3:1:4:4:4:1:,recombination,12836.62220673612,3:4:4:4:4:1:2:2:4,2:2:4:3:1:4:4:4:1
2:2:4:4:3:4:4:4:2:,recombination,13502.783936687612,4:4:2:4:4:1:1:4:4,4:4:4:4:4:1:2:4:4
0:2:4:3:1:4:4:4:0:,clone,14277.911579117106,1:2:4:3:2:4:4:4:0
1:3:4:3:2:4:4:4:1:,recombination,12801.405214831766,3:3:4:4:4:2:3:4:3,2:3:4:3:2:3:4:4:2,MUTATE
2:3:4:3:2:3:4:4:1:,clone,11525.172957072356,2:3:4:3:2:3:4:4:1
1:3:4:2:1:4:4:4:1:,recombination,13096.657361050846,4:4:4:4:4:0:1:2:4,3:4:4:4:4:1:2:3:3,MUTATE
2:3:4:3:2:3:4:4:2:,recombination,12700.533207123193,2:3:4:4:3:3:4:4:1,2:2:4:4:3:4:4:4:2
1:3:4:2:1:4:4:4:1:,clone,13053.903473122573,1:3:4:2:1:4:4:4:1
2:3:4:3:2:3:4:4:2:,recombination,11549.916725698376,1:3:4:3:2:4:4:4:1,2:3:4:3:2:3:4:4:1,MUTATE
2:3:4:3:2:3:4:4:1:,recombination,11373.678146371605,4:4:4:4:4:1:1:1:4,2:2:4:3:2:3:4:4:1
2:2:4:4:3:4:3:4:2:,recombination,13590.311977943122,4:4:2:4:4:0:0:1:4,1:2:4:4:3:3:3:3:1
1:2:4:2:1:4:4:4:1:,clone,12054.128919376755,1:2:4:2:1:4:4:4:1
1:3:4:3:1:4:4:4:1:,clone,12684.247828615982,1:3:4:3:2:3:4:4:1
3:3:3:4:4:3:3:4:3:,clone,13558.809427099826,4:3:3:4:4:2:3:4:4
3:3:4:4:3:2:3:4:2:,recombination,12034.397314098152,4:4:4:4:4:1:1:3:4,4:3:4:4:4:2:2:4:4,MUTATE
3:3:4:4:3:4:4:4:2:,recombination,14069.337354942174,4:4:3:4:4:2:2:4:4,4:4:2:4:4:1:1:2:4,MUTATE
3:3:4:4:3:3:3:4:3:,recombination,14048.813469442235,4:4:3:4:4:2:2:4:4,2:3:4:4:4:1:2:4:2,MUTATE
3:3:4:4:4:3:2:4:3:,clone,12072.792356250453,3:4:4:4:4:2:2:4:3
0:2:4:2:0:4:4:4:0:,recombination,12793.622240783425,1:2:4:3:2:3:4:4:1,3:4:4:4:4:3:3:4:3
1:2:4:2:1:4:4:4:0:,clone,11712.832741727405,1:2:4:2:1:4:4:4:0
3:3:4:4:4:3:2:4:3:,clone,11882.753325591993,3:3:4:4:4:3:2:4:3
2:2:4:4:3:4:3:4:2:,clone,13467.263830753895,2:2:4:4:3:4:3:4:2
1:2:4:4:3:3:4:4:1:,recombination,12150.221870299081,4:4:3:4:4:1:1:3:4,1:2:4:4:3:3:4:4:1
2:2:4:4:3:3:4:4:2:,clone,12836.383324755976,2:2:4:4:3:3:3:4:2
1:2:4:4:2:3:4:4:1:,clone,12752.674270909525,1:2:4:3:2:3:4:4:1
1:2:4:3:3:3:3:4:1:,clone,11579.535732789218,1:2:4:4:3:3:3:4:1
0:2:4:3:1:4:4:4:0:,clone,13891.56302584945,0:2:4:3:1:4:4:4:0
1:2:4:3:2:4:4:4:0:,clone,12616.7166722574,1:2:4:3:2:4:4:4:0
2:3:4:4:3:4:4:4:2:,clone,12925.93541159922,2:3:4:4:3:4:4:4:2
1:2:4:4:2:4:4:4:1:,recombination,13387.65032874003,1:2:4:3:2:4:4:4:0,2:2:4:4:3:4:3:4:2,MUTATE
0:2:4:2:1:4:4:4:0:,recombination,13748.37987473362,1:3:4:4:2:3:4:4:1,3:3:4:4:4:1:1:2:3
2:2:4:4:2:4:4:4:1:,clone,13000.888240925377,2:2:4:4:2:4:4:4:1
2:2:4:4:3:3:3:4:2:,clone,12042.980132705645,2:2:4:4:3:3:3:4:2
0:2:4:2:1:4:4:4:0:,recombination,13745.530817431325,0:2:4:2:1:4:4:4:0,2:3:4:4:3:4:4:4:2
1:2:4:3:2:4:4:4:0:,recombination,12395.092816087867,2:2:4:4:4:3:3:4:1,1:2:4:2:1:4:4:4:0,MUTATE
0:2:4:2:1:4:4:4:0:,clone,13100.373313917786,0:2:4:2:1:4:4:4:0
2:2:4:4:3:3:3:4:2:,recombination,12001.384110893381,4:4:3:4:4:2:2:3:4,4:4:3:4:4:2:1:4:4,MUTATE
2:2:4:4:3:3:4:4:2:,clone,12818.841058279626,2:2:4:4:3:3:3:4:2
1:3:4:4:3:2:3:4:1:,recombination,11619.245824161251,3:3:4:4:4:3:3:4:2,4:4:4:4:4:1:1:3:4
2:2:4:3:2:4:4:4:1:,clone,12422.434340361315,2:2:4:3:2:4:4:4:1
2:2:4:4:3:3:4:4:2:,recombination,12524.616144296584,4:4:3:4:4:2:2:4:4,2:2:4:4:3:3:4:4:2
1:3:4:4:2:4:4:4:1:,clone,13700.610127137035,1:3:4:4:2:4:4:4:1
1:2:4:2:1:4:4:4:1:,clone,12051.902699490853,1:2:4:3:2:4:4:4:1
2:2:4:3:2:4:4:4:1:,recombination,12183.680816134081,1:2:4:2:1:4:4:4:1,4:4:3:4:4:2:2:4:4
3:3:4:4:3:3:3:4:2:,clone,12712.841902020898,3:3:4:4:3:3:3:4:2
3:3:4:4:3:3:3:4:2:,clone,12397.70405358203,3:3:4:4:3:3:3:4:2
1:2:4:3:1:4:4:4:0:,recombination,12643.504446186105,3:3:4:4:4:2:3:4:3,2:3:4:4:4:3:3:4:1,MUTATE
2:2:4:4:3:3:3:4:2:,recombination,11823.374148196539,3:4:4:4:4:1:2:3:3,4:4:3:4:4:2:1:4:4
2:2:4:4:3:3:3:4:2:,clone,11815.101038459845,2:2:4:4:3:3:3:4:2
3:3:4:4:4:3:3:4:2:,recombination,11021.711210604844,2:2:4:3:2:4:4:4:1,3:3:4:4:4:3:3:3:3,MUTATE
2:3:4:4:3:3:3:4:1:,recombination,11503.852685413347,3:3:4:4:4:3:3:4:2,2:2:4:4:3:4:3:4:2
2:2:4:4:3:3:4:4:2:,clone,12396.811879444307,2:3:4:4:3:3:3:4:2
0:2:4:1:0:4:4:4:0:,recombination,12295.196747202446,2:3:4:4:3:3:3:4:1,2:3:4:3:2:3:4:4:2,MUTATE
2:2:4:4:3:3:4:4:2:,recombination,12298.718742401743,2:3:4:4:4:1:2:3:2,3:4:4:4:4:1:2:3:4
2:2:4:4:3:4:4:4:2:,clone,12982.590354686854,2:2:4:4:3:4:4:4:2
2:2:4:3:2:4:4:4:2:,recombination,12843.702545158703,2:2:4:4:3:4:4:4:2,4:4:4:4:4:2:2:4:4,MUTATE
2:3:4:4:3:4:4:4:2:,clone,12803.314276369707,2:2:4:4:3:4:4:4:2
1:2:4:2:1:4:4:4:1:,recombination,11824.088297693503,2:3:4:4:3:3:3:4:1,2:3:4:4:3:2:3:4:2
2:3:4:4:4:4:3:4:2:,clone,13038.48570375349,2:3:4:4:4:3:3:4:2
2:3:4:4:4:4:3:4:2:,clone,13038.485703753488,2:3:4:4:4:4:3:4:2
1:2:4:2:1:4:4:4:0:,clone,11648.869522461704,1:2:4:2:1:4:4:4:0
2:3:4:4:4:4:3:4:2:,clone,12700.957607007958,2:3:4:4:4:4:3:4:2
3:3:4:4:4:4:3:4:2:,clone,12408.463406931774,3:3:4:4:4:4:3:4:2
2:2:4:4:3:3:4:4:1:,recombination,11890.921295698545,1:2:4:2:1:4:4:4:0,2:2:4:4:3:4:4:4:2
2:2:4:4:3:4:3:4:1:,clone,12834.967110256033,2:2:4:4:3:3:3:4:1
2:3:4:4:4:4:3:4:2:,clone,12682.716050139501,2:3:4:4:4:4:3:4:2
2:2:4:4:4:3:3:4:2:,clone,11850.191900029178,2:2:4:4:4:3:3:4:2
4:4:3:4:4:1:1:1:4:,clone,11525.49920678506,4:4:3:4:4:1:1:1:4
1:3:4:3:2:4:4:4:1:,recombination,12441.020234578495,2:3:4:4:3:3:3:4:1,2:2:4:4:3:4:3:4:1,MUTATE
2:3:4:4:3:4:4:4:1:,recombination,12304.806576457946,2:3:4:4:4:4:3:4:2,3:4:4:4:4:1:2:3:4,MUTATE
2:2:4:4:3:4:3:4:1:,clone,12645.061362405457,2:2:4:4:3:4:3:4:1
2:3:4:4:3:4:3:4:2:,recombination,12480.295628671754,2:3:4:4:3:4:4:4:1,3:4:4:4:4:1:1:2:4,MUTATE
2:3:4:4:2:4:4:4:2:,clone,13504.650896214851,2:2:4:4:2:4:4:4:1
2:2:4:4:3:4:4:4:1:,recombination,12218.21352462991,2:3:4:4:3:4:4:4:1,1:2:4:2:0:4:4:4:0,MUTATE
4:4:4:4:4:0:1:1:4:,clone,10484.796322651955,4:4:4:4:4:0:0:1:4
4:4:4:4:4:0:1:2:4:,clone,10484.796322651955,4:4:4:4:4:0:1:1:4
2:2:4:4:3:3:3:4:1:,clone,11318.297666956383,2:2:4:4:3:3:3:4:1
4:4:4:4:4:0:1:2:4:,clone,10477.98847016564,4:4:4:4:4:0:1:2:4
2:3:4:4:2:4:4:4:2:,clone,13271.387602112129,2:3:4:4:2:4:4:4:2
2:2:4:4:3:3:3:4:1:,recombination,11160.511804747375,2:2:4:4:3:3:3:4:1,2:2:4:4:3:3:3:4:2
1:2:4:2:1:4:4:4:0:,clone,11584.791318971598,1:2:4:2:1:3:4:4:0
1:2:4:2:1:4:4:4:0:,clone,11388.879077187825,1:2:4:2:1:4:4:4:0
0:1:4:1:0:4:4:4:0:,recombination,12849.735616647646,3:3:4:4:4:3:3:4:2,1:2:4:2:1:3:4:4:0
0:1:4:2:1:4:4:4:0:,clone,14389.177469838341,0:2:4:2:1:4:4:4:0
1:2:4:2:1:4:4:4:0:,recombination,11260.846004363868,3:3:4:4:4:3:3:4:2,1:2:4:2:1:4:4:4:0
0:1:4:1:0:4:4:4:0:,clone,12706.435157748041,0:1:4:1:0:4:4:4:0
0:1:4:2:1:4:4:4:0:,recombination,14111.540130892314,3:4:4:4:4:2:2:3:4,0:2:4:3:1:4:4:4:0,MUTATE
4:4:3:4:4:0:1:2:4:,clone,10966.090668713807,4:4:3:4:4:0:1:2:4
0:1:4:1:0:4:4:4:0:,clone,12591.60082183959,0:1:4:1:0:4:4:4:0
2:3:4:3:3:4:4:4:1:,clone,12292.079972679649,2:3:4:4:3:4:4:4:1
1:2:4:3:1:4:4:4:0:,clone,12422.836431984682,1:2:4:3:1:4:4:4:0
4:4:4:4:4:2:2:4:3:,recombination,12623.70960943555,3:4:4:4:4:1:1:1:4,3:3:4:4:4:3:2:4:3
0:1:4:2:1:4:4:4:0:,clone,14032.541174112735,0:1:4:2:1:4:4:4:0
1:2:4:3:3:3:4:4:1:,clone,11701.77226199365,1:2:4:3:3:3:4:4:1
2:2:4:3:2:4:4:4:1:,clone,12133.904396111078,2:2:4:3:2:4:4:4:1
2:2:4:4:3:4:3:4:2:,clone,12981.392860054262,2:3:4:4:3:4:3:4:2
2:2:4:4:3:4:3:4:1:,recombination,12613.993576062161,3:3:4:4:4:4:3:4:2,2:3:4:4:2:4:4:4:2,MUTATE
0:1:4:1:0:4:4:4:0:,clone,12521.176551734901,0:1:4:1:0:4:4:4:0
2:3:4:4:4:4:3:4:2:,clone,12660.71100633786,2:3:4:4:4:4:3:4:2
0:2:4:2:1:4:4:4:0:,clone,11819.29488103733,0:2:4:2:1:4:4:4:0
0:2:4:2:0:4:4:4:0:,clone,12435.689032125609,0:2:4:2:0:4:4:4:0
2:2:4:3:2:4:4:4:1:,clone,12089.273501139663,2:2:4:3:2:4:4:4:1
2:2:4:3:2:4:4:4:1:,clone,12089.273501139662,2:2:4:3:2:4:4:4:1
1:2:4:3:2:4:4:4:0:,recombination,11849.754452344501,1:2:4:3:3:3:4:4:1,1:2:4:3:1:4:4:4:0,MUTATE
1:2:4:3:1:4:4:4:0:,recombination,12376.11848149615,1:3:4:3:2:4:4:4:1,3:3:4:4:4:3:3:4:2
2:3:4:4:3:4:3:4:2:,clone,12359.765892155487,2:3:4:4:3:4:3:4:2
0:2:4:1:0:4:4:4:0:,recombination,11976.957791101659,1:2:4:3:2:4:4:4:1,2:3:4:4:3:3:4:4:2
0:2:4:1:0:4:4:4:0:,clone,11516.097402135778,0:2:4:1:0:4:4:4:0
2:2:4:4:3:4:3:4:1:,recombination,12256.05866990126,2:3:4:3:2:3:4:4:1,2:2:4:3:2:4:4:4:1,MUTATE
2:2:4:4:3:4:3:4:2:,recombination,12708.782771819378,2:2:4:3:1:4:4:4:1,4:4:3:4:4:2:2:3:4,MUTATE
0:2:4:1:0:4:4:4:0:,clone,11466.356355664979,0:2:4:1:0:4:4:4:0
2:3:4:4:4:2:3:4:1:,recombination,11344.017681073037,2:2:4:4:3:3:3:4:1,3:4:4:4:4:1:1:2:3,MUTATE
2:2:4:3:3:4:4:4:1:,recombination,12256.335460351776,2:3:4:4:4:4:3:4:2,4:3:3:4:4:2:2:3:4
0:1:4:1:0:4:4:4:0:,recombination,12355.222438273422,0:1:4:1:0:4:4:4:0,2:2:4:4:3:4:3:4:2
1:3:4:4:2:3:4:4:1:,clone,13560.783932018128,1:2:4:4:3:3:4:4:1
4:4:2:4:4:0:0:0:4:,clone,10656.118896223574,1:2:4:3:1:4:4:4:0
1:1:4:2:1:4:4:4:0:,clone,14235.289442879539,1:1:4:2:1:4:4:4:0
4:3:4:4:4:3:3:4:3:,clone,13008.363256036337,4:3:4:4:4:3:3:4:3
4:4:2:4:4:0:0:0:4:,clone,10647.565135245557,4:4:2:4:4:0:0:0:4
4:4:3:4:4:0:1:1:4:,clone,11008.952825932838,4:4:3:4:4:0:1:1:4
2:2:4:4:2:3:4:4:1:,clone,12827.484439332151,2:2:4:4:2:3:4:4:1
4:4:3:4:4:0:1:1:4:,clone,10739.255466670207,4:4:3:4:4:0:1:1:4
1:2:4:3:2:3:4:4:1:,clone,11244.508326482448,1:2:4:3:2:3:4:4:1
4:4:1:4:4:0:0:0:4:,clone,11885.125875226293,2:2:4:3:2:4:4:4:1
4:4:2:4:4:0:0:2:4:,recombination,11926.939497260471,4:4:4:4:4:2:2:4:4,1:3:4:2:1:4:4:4:1,MUTATE
2:3:4:4:2:4:4:4:1:,clone,13110.59516615234,2:3:4:4:2:4:4:4:1
3:4:4:4:4:3:3:3:3:,clone,13427.734180831721,3:3:4:4:4:3:3:3:3
4:4:4:4:4:1:1:4:4:,recombination,11908.918095415424,4:4:2:4:4:0:0:2:4,4:4:2:4:4:1:1:1:4
4:4:4:4:4:1:1:4:4:,clone,11844.17594927854,4:4:4:4:4:1:1:4:4
1:2:4:2:0:4:4:4:1:,recombination,13788.987672604893,3:4:4:4:4:2:3:3:4,3:3:4:4:4:1:1:2:3
4:4:4:4:4:2:3:4:3:,recombination,12532.563440659947,4:4:4:4:4:1:1:4:4,1:2:4:3:2:4:4:4:1,MUTATE
4:4:4:4:4:2:3:4:3:,recombination,12439.363913785523,4:4:4:4:4:2:3:4:3,2:2:4:4:3:3:3:4:1
2:3:4:4:3:3:3:4:1:,recombination,11027.550247317246,3:3:4:4:4:3:2:4:3,3:3:4:4:3:3:3:4:2
1:2:4:3:1:4:4:4:0:,recombination,12334.652572719824,1:2:4:2:1:4:4:4:0,2:3:4:3:2:3:4:4:1
0:1:4:1:0:4:4:4:0:,clone,12299.197015409056,0:1:4:1:0:4:4:4:0
3:3:3:4:4:2:3:4:3:,clone,12547.21285943976,3:3:3:4:4:2:3:4:3
1:2:4:2:0:4:4:4:1:,clone,13610.669331376264,1:2:4:2:0:4:4:4:1
1:2:4:4:3:3:3:4:1:,recombination,10866.459503065107,2:2:4:4:3:3:3:4:1,3:3:4:4:4:2:2:3:3,MUTATE
2:2:4:3:1:4:4:4:1:,recombination,12780.921718348629,2:3:4:3:2:3:4:4:1,1:2:4:3:1:4:4:4:0,MUTATE
0:1:4:1:0:4:4:4:0:,clone,12242.104415459753,0:1:4:1:0:4:4:4:0
3:3:3:4:4:3:3:4:3:,clone,13087.076087656038,3:3:3:4:4:3:3:4:3
0:1:4:1:0:4:4:4:0:,recombination,12151.123775691443,0:1:4:1:0:4:4:4:0,1:2:4:2:1:4:4:4:1
2:2:4:4:4:3:3:4:2:,recombination,11221.404756142523,4:4:2:4:4:0:0:0:4,1:2:4:4:3:3:3:4:1,MUTATE
2:2:4:4:4:2:3:4:2:,clone,10980.073596498836,2:2:4:4:4:3:3:4:2
2:2:4:4:3:3:3:4:1:,clone,11122.80533001114,2:2:4:4:3:3:3:4:1
3:4:4:4:4:3:3:3:3:,clone,13346.083514121028,3:4:4:4:4:3:3:3:3
2:2:4:3:3:3:3:4:1:,clone,11635.786085839687,2:2:4:3:3:3:3:4:1
4:3:4:4:4:3:3:4:4:,recombination,13444.934693775485,3:3:4:4:4:2:3:4:3,3:4:4:4:4:1:1:2:4
2:2:4:4:3:3:4:4:1:,clone,11889.791889936747,2:2:4:4:3:3:4:4:1
1:2:4:4:2:4:4:4:1:,recombination,13312.793144283542,4:4:4:4:4:2:3:4:3,2:3:4:4:4:1:1:2:3,MUTATE
0:1:4:2:0:4:4:4:0:,recombination,13767.455361001466,1:2:4:3:2:3:4:4:1,2:2:4:3:1:4:4:4:1,MUTATE
1:1:4:2:0:4:4:4:0:,recombination,14424.90304712105,3:3:3:4:4:3:3:4:3,0:2:4:2:0:4:4:4:0,MUTATE
1:1:4:1:0:4:4:4:0:,recombination,13162.99842887198,3:3:4:4:4:3:3:4:2,1:3:4:4:3:3:4:4:1,MUTATE
1:3:4:4:2:3:4:4:1:,recombination,13160.4137170167,1:3:4:4:2:3:4:4:1,1:2:4:4:3:3:3:4:1
1:3:4:4:2:3:4:4:1:,recombination,13019.008181979736,1:3:4:4:2:3:4:4:1,3:4:4:4:4:2:2:4:3,MUTATE
1:3:4:3:2:3:4:4:1:,recombination,12113.48829492096,4:4:4:4:4:1:1:3:4,3:3:4:4:4:3:3:4:3,MUTATE
2:3:4:3:1:4:4:4:1:,recombination,13948.80966101385,3:4:4:4:4:3:3:3:3,2:3:4:4:3:3:3:4:2
1:1:4:2:0:4:4:4:0:,recombination,13260.66557704766,1:2:4:3:1:4:4:4:1,2:3:4:3:2:4:4:4:2,MUTATE
1:1:4:1:0:4:4:4:0:,clone,12791.863725408142,1:1:4:1:0:4:4:4:0
1:1:4:1:0:4:4:4:0:,clone,12780.10115875041,1:1:4:1:0:4:4:4:0
4:4:3:4:4:0:0:2:4:,clone,11080.48356965153,4:4:3:4:4:0:0:1:4
2:3:4:4:3:4:4:4:2:,recombination,12597.97341722067,1:2:4:2:1:4:4:4:0,2:3:4:4:4:2:3:2:3,MUTATE
2:3:4:4:3:4:4:4:2:,clone,12597.201050765616,2:3:4:4:3:4:4:4:2
2:2:4:4:3:4:4:4:2:,clone,12647.075574287845,2:3:4:4:3:4:4:4:2
0:1:4:2:0:4:4:4:0:,recombination,13322.47603473759,4:4:3:4:4:2:2:4:4,2:3:4:4:4:1:2:2:2
1:3:4:3:2:4:4:4:1:,recombination,12332.338577016719,1:3:4:3:2:4:4:4:1,2:2:4:3:1:4:4:4:1,MUTATE
2:3:4:4:2:4:4:4:1:,recombination,12790.315326318685,2:3:4:4:3:4:3:4:1,1:2:4:2:1:4:4:4:1
1:3:4:3:2:3:4:4:1:,clone,12094.567714971137,1:3:4:3:2:3:4:4:1
1:2:4:3:1:4:4:4:1:,recombination,11766.530758130291,1:2:4:4:3:3:3:4:1,3:3:4:4:4:4:3:4:2,MUTATE
2:3:4:4:2:3:4:4:2:,recombination,12842.20484823651,1:2:4:2:1:4:4:4:1,4:4:4:4:4:2:3:4:3
2:2:4:3:1:4:4:4:1:,recombination,12420.450163134255,2:3:4:4:2:4:4:4:1,2:3:4:4:4:2:3:4:2
2:3:4:3:1:4:4:4:1:,recombination,13416.85526678436,2:3:4:3:1:4:4:4:1,4:3:4:4:4:2:3:4:4,MUTATE
2:3:4:4:3:3:4:4:1:,recombination,12083.297640421915,1:2:4:4:3:3:3:4:1,3:4:4:4:4:2:2:4:3
4:3:4:4:4:2:3:4:3:,recombination,12513.14883268167,2:2:4:4:3:4:4:4:1,4:4:4:4:4:0:0:0:4,MUTATE
2:3:4:4:2:4:4:4:2:,clone,13219.798659719523,2:3:4:4:2:4:4:4:2
2:2:4:4:2:4:4:4:2:,clone,13503.315037172704,2:2:4:4:3:4:4:4:2
2:3:4:3:3:3:4:4:1:,recombination,12080.52694518659,0:1:4:1:0:4:4:4:0,4:4:4:4:4:1:1:2:4
2:3:4:2:1:4:4:4:1:,recombination,13724.89760844197,2:3:4:3:1:4:4:4:1,2:3:4:4:4:2:2:3:2,MUTATE
3:3:4:4:4:2:2:2:4:,clone,12239.951738439535,3:4:4:4:4:2:2:2:4
4:4:3:4:4:0:0:0:4:,recombination,10187.130480907346,3:4:4:4:4:2:3:3:4,4:4:4:4:4:2:2:4:4,MUTATE
4:4:2:4:4:0:1:2:4:,recombination,11773.783007872244,4:3:4:4:4:1:2:4:4,1:3:4:3:2:3:4:4:1,MUTATE
1:1:4:1:0:4:4:4:0:,recombination,12713.783654827086,1:2:4:3:1:4:4:4:1,2:3:4:4:4:3:3:2:2,MUTATE
4:4:4:4:4:1:2:3:4:,clone,10599.994815075403,4:4:4:4:4:1:2:3:4
4:4:3:4:4:1:0:1:4:,clone,11416.711290353478,4:4:3:4:4:0:0:1:4
4:4:4:4:4:0:0:0:4:,clone,10329.832181471904,0:2:4:1:0:4:4:4:0
4:4:3:4:4:1:2:2:4:,recombination,11686.773961268153,4:3:3:4:4:1:2:3:4,1:2:4:2:0:4:4:4:0,MUTATE
2:3:4:3:3:3:4:4:2:,clone,11943.301867347736,2:3:4:3:3:3:4:4:2
4:4:3:4:4:1:1:1:4:,clone,11416.711290353478,4:4:3:4:4:1:0:1:4
2:3:4:3:2:4:4:4:1:,recombination,12351.84352952797,1:3:4:3:2:4:4:4:1,0:1:4:1:0:4:4:4:0
4:4:3:4:4:1:1:1:4:,clone,11276.857556329387,4:4:3:4:4:1:1:1:4
2:3:4:3:2:4:4:4:1:,clone,12272.176606927624,2:3:4:3:2:4:4:4:1
2:3:4:3:2:4:4:4:1:,clone,12196.617516247661,2:3:4:3:2:4:4:4:1
4:4:3:4:4:1:0:1:4:,clone,11164.322742468808,4:4:3:4:4:1:1:1:4
4:4:3:4:4:1:0:1:4:,recombination,11100.571863856112,1:2:4:2:1:3:4:4:0,4:4:3:4:4:1:1:1:4
3:3:4:4:4:4:3:4:3:,clone,13425.211015252995,3:3:4:4:4:4:3:4:3
3:3:4:4:4:4:3:4:3:,clone,13200.517949625455,3:3:4:4:4:4:3:4:3
3:3:4:4:4:4:3:4:3:,clone,13162.397588003574,3:3:4:4:4:4:3:4:3
3:3:4:4:4:4:3:4:3:,recombination,12734.445193127913,0:2:4:1:0:4:4:4:0,4:4:4:4:4:1:1:2:4
1:2:4:4:3:4:4:4:1:,recombination,12152.935113653128,4:4:4:4:4:1:2:4:4,4:4:4:4:4:2:1:3:4,MUTATE
4:4:3:4:4:0:0:0:4:,clone,10132.577951455005,4:4:3:4:4:0:0:0:4
1:2:4:2:1:4:4:4:1:,recombination,11229.417144448218,1:2:4:2:1:4:4:4:0,3:4:4:4:4:2:3:3:4
4:4:3:4:4:0:0:0:4:,clone,10124.978180494581,4:4:3:4:4:0:0:0:4
4:4:3:4:4:0:0:0:4:,clone,10061.08731389036,4:4:3:4:4:0:0:0:4
2:2:4:3:3:3:3:4:1:,recombination,11437.709532495652,1:2:4:2:1:4:4:4:1,4:4:3:4:4:0:0:1:4,MUTATE
4:4:3:4:4:0:0:0:4:,clone,10057.331728596026,4:4:3:4:4:0:0:0:4
2:2:4:3:3:3:3:4:1:,clone,11284.802833473306,2:2:4:3:3:3:3:4:1
3:3:4:4:3:4:3:4:2:,clone,13015.865716432114,3:3:4:4:4:4:3:4:2
4:4:4:4:4:0:1:1:4:,clone,10396.374928125357,4:4:4:4:4:0:1:1:4
2:3:4:3:3:3:3:4:1:,clone,11401.258536591122,1:2:4:3:3:3:3:4:1
4:4:3:4:4:0:0:1:4:,clone,10357.270196849955,4:4:3:4:4:0:0:1:4
4:4:2:4:4:0:0:1:4:,recombination,11323.679889314151,4:4:4:4:4:1:2:4:4,4:4:4:4:4:1:2:3:4
4:4:4:4:4:0:1:2:4:,clone,10330.992286005974,4:4:4:4:4:0:1:2:4
3:3:4:4:4:3:3:4:3:,clone,11549.447831795082,3:3:4:4:4:3:3:4:3
3:3:4:4:4:3:3:4:3:,recombination,11303.832471655829,2:3:4:4:4:2:3:2:2,1:2:4:2:1:4:4:4:1
4:4:3:4:4:0:0:2:4:,clone,11052.696696984092,4:4:3:4:4:0:0:1:4
3:3:4:4:4:3:3:4:3:,clone,11209.33251235495,3:3:4:4:4:3:3:4:3
1:2:4:3:1:4:4:4:0:,recombination,12225.461414355274,4:4:3:4:4:0:0:0:4,1:2:4:2:1:4:4:4:0
4:4:2:4:4:1:0:1:4:,clone,11932.85637916473,4:4:2:4:4:1:0:1:4
2:2:4:3:3:3:3:4:1:,clone,11083.591394598183,2:2:4:3:3:3:3:4:1
0:1:4:2:0:4:4:4:0:,clone,13105.339685009607,0:2:4:1:0:4:4:4:0
0:1:4:2:0:4:4:4:0:,clone,12963.152845243629,0:1:4:2:0:4:4:4:0
1:2:4:3:2:4:4:4:1:,recombination,11611.786762382115,2:3:4:4:2:4:4:4:1,4:4:4:4:4:2:2:3:4
0:1:4:2:0:4:4:4:0:,clone,12840.66327202669,0:2:4:2:0:4:4:4:0
2:2:4:3:3:3:4:4:1:,recombination,11534.232560784138,2:2:4:3:3:3:3:4:1,2:3:4:3:2:3:4:4:1,MUTATE
1:2:4:4:2:4:4:4:1:,recombination,12809.84336368212,1:3:4:4:3:3:3:4:1,4:4:4:4:4:0:1:1:4,MUTATE
4:4:3:4:4:2:2:4:4:,clone,11434.827378564918,4:4:3:4:4:2:2:4:4
4:3:3:4:4:2:2:4:4:,clone,11541.733584189718,4:4:3:4:4:2:2:4:4
0:1:4:1:0:4:4:4:0:,clone,12105.935434323179,0:1:4:1:0:4:4:4:0
4:4:2:4:4:0:0:0:4:,clone,10042.913790565724,4:4:3:4:4:0:0:0:4
2:2:4:4:2:3:4:4:2:,recombination,14271.3344798184,3:3:3:4:4:3:3:4:3,0:1:4:2:0:4:4:4:0
2:2:4:2:1:4:4:4:1:,clone,13999.249063624748,2:2:4:2:1:4:4:4:1
2:2:4:2:1:4:4:4:1:,clone,12849.227682552946,2:2:4:2:1:4:4:4:1
1:2:4:2:0:4:4:4:1:,clone,12795.737163564845,1:2:4:2:1:4:4:4:1
4:4:3:4:4:1:2:2:4:,clone,11294.071654394664,4:4:4:4:4:1:2:2:4
2:2:4:3:2:4:4:4:1:,recombination,11980.684065222358,2:2:4:3:1:4:4:4:1,0:1:4:1:0:4:4:4:0
2:3:4:4:3:3:4:4:1:,clone,11993.500829510866,2:3:4:4:3:3:4:4:1
2:3:4:3:2:4:4:4:1:,clone,11980.684065222358,2:3:4:3:2:4:4:4:1
2:3:4:4:3:3:4:4:2:,recombination,11993.500829510866,2:3:4:4:3:3:4:4:1,2:3:4:4:3:4:4:4:2
2:2:4:4:3:3:3:4:2:,recombination,11715.488359484052,1:2:4:3:3:3:4:4:1,3:3:4:4:4:3:3:4:3
2:2:4:3:2:4:4:4:1:,clone,11937.635559748149,2:2:4:3:2:4:4:4:1
2:3:4:4:3:3:4:4:2:,clone,11981.923328791256,2:3:4:4:3:3:4:4:2
2:2:4:2:1:4:4:4:1:,clone,12368.770551174526,2:2:4:2:1:4:4:4:1
2:2:4:2:1:4:4:4:1:,clone,12076.078348542951,2:2:4:2:1:4:4:4:1
1:2:4:1:0:4:4:4:0:,clone,12056.18793679969,1:2:4:1:0:4:4:4:0
2:2:4:2:1:4:4:4:1:,clone,11953.205140111473,2:2:4:2:1:4:4:4:1
2:2:4:3:1:4:4:4:1:,recombination,12354.73695765743,2:2:4:4:3:3:3:4:2,4:4:4:4:4:0:1:2:4,MUTATE
2:3:4:4:3:4:4:4:2:,recombination,12412.879623107876,3:3:4:4:4:3:3:4:2,3:4:4:4:4:2:3:2:3,MUTATE
4:4:4:4:4:1:1:3:4:,recombination,10532.332076714296,3:4:4:4:4:2:2:3:3,1:1:4:1:0:4:4:4:0
4:4:3:4:4:1:2:2:4:,recombination,11124.013757357838,4:4:4:4:4:2:2:4:4,1:2:4:3:3:3:4:4:1
4:4:4:4:4:1:2:3:4:,recombination,10509.441074021719,2:2:4:3:3:3:3:4:1,1:1:4:1:0:4:4:4:0
4:4:4:4:4:1:1:3:4:,recombination,10277.352493445987,4:3:4:4:4:2:2:4:4,1:1:4:1:0:4:4:4:0
4:3:4:4:4:2:2:4:4:,clone,11144.072043550692,4:3:4:4:4:2:2:4:4
4:4:4:4:4:1:1:3:4:,recombination,10215.410962117332,2:3:4:4:2:4:4:4:2,1:1:4:1:0:4:4:4:0
2:2:4:3:2:4:4:4:2:,recombination,12704.210619852029,3:3:4:4:4:3:3:4:2,1:3:4:3:2:3:4:4:1,MUTATE
4:4:2:4:4:0:0:1:4:,clone,11312.675718147264,4:4:2:4:4:0:0:1:4
4:4:2:4:4:1:1:1:4:,clone,11334.436926128683,4:4:2:4:4:1:1:1:4
4:4:2:4:4:0:0:1:4:,recombination,11283.052138694698,4:4:2:4:4:0:0:1:4,3:4:4:4:4:2:2:3:3,MUTATE
3:3:4:4:3:4:3:4:2:,clone,12900.751073983458,3:3:4:4:3:4:3:4:2
2:3:4:3:3:4:4:4:2:,recombination,12573.844758106994,3:3:4:4:4:2:3:4:2,1:2:4:2:1:4:4:4:1,MUTATE
2:3:4:3:2:4:4:4:2:,clone,12573.844758106996,2:3:4:3:2:4:4:4:2
2:2:4:3:2:4:4:4:2:,recombination,12698.60799364435,0:1:4:1:0:4:4:4:0,2:2:4:2:1:4:4:4:1
2:3:4:3:2:4:4:4:2:,recombination,12340.811783680281,1:2:4:2:1:4:4:4:1,2:3:4:4:4:3:3:4:2
2:3:4:3:2:4:4:4:2:,clone,12245.647638560948,2:3:4:3:2:4:4:4:2
2:2:4:3:1:4:4:4:1:,clone,12047.77731516406,2:2:4:3:1:4:4:4:1
2:2:4:4:2:3:4:4:1:,recombination,12767.80657027501,1:2:4:3:1:4:4:4:0,4:4:2:4:4:1:1:1:4,MUTATE
0:1:4:1:0:4:4:4:0:,clone,11939.171657034483,0:1:4:1:0:4:4:4:0
4:4:3:4:4:0:0:0:4:,clone,9487.432397877485,0:2:4:1:0:4:4:4:0
4:4:4:4:4:0:0:1:4:,recombination,9777.994315663947,0:2:4:1:0:4:4:4:0,3:3:4:4:4:1:2:4:3,MUTATE
4:4:4:4:4:0:0:0:4:,clone,9307.92148614971,4:4:4:4:4:0:0:0:4
4:4:4:4:4:0:1:1:4:,clone,9885.54077373964,4:4:4:4:4:0:1:1:4
3:4:4:4:4:0:1:0:4:,clone,8975.651727207947,4:4:4:4:4:0:1:1:4
3:4:4:4:4:0:1:1:4:,recombination,9273.767260502927,4:4:4:4:4:0:0:1:4,3:3:4:4:4:2:3:4:3
3:3:4:4:4:0:1:1:4:,clone,9270.280849426625,3:4:4:4:4:0:1:1:4
3:4:4:4:4:0:1:1:4:,clone,9267.153294145559,3:3:4:4:4:0:1:1:4
3:3:4:4:4:0:1:1:4:,clone,9267.153294145559,3:3:4:4:4:0:1:1:4
4:4:4:4:4:0:1:2:4:,clone,10260.163436086272,4:4:4:4:4:0:1:2:4
2:2:4:4:3:3:3:4:1:,recombination,11103.087931286907,1:2:4:2:1:4:4:4:1,3:4:4:4:4:0:1:1:4,MUTATE
2:2:4:4:3:3:3:4:1:,clone,11095.279291104564,2:2:4:4:3:3:3:4:1
4:4:2:4:4:0:0:1:4:,clone,10993.819752570462,4:4:2:4:4:0:0:1:4
4:4:2:4:4:0:1:2:4:,recombination,11111.548708956576,1:2:4:1:0:4:4:4:0,3:4:4:4:4:1:2:3:4,MUTATE
2:2:4:4:2:4:4:4:1:,recombination,12908.982153459405,1:2:4:4:2:4:4:4:1,2:3:4:4:3:4:4:4:1,MUTATE
3:3:4:4:4:1:2:3:4:,recombination,10633.618547818272,1:3:4:3:2:4:4:4:1,4:4:4:4:4:3:3:4:3
0:2:4:2:0:4:4:4:0:,clone,12307.244067308431,0:2:4:2:0:4:4:4:0
3:3:4:4:4:2:3:4:2:,recombination,11087.47808574454,0:2:4:2:0:4:4:4:0,3:4:4:4:4:1:2:3:4
2:2:4:4:3:2:3:4:2:,recombination,11377.287604293746,3:3:4:4:4:1:2:3:4,2:2:4:4:3:3:3:3:2,MUTATE
1:2:4:1:0:4:4:4:0:,recombination,12003.350655895765,1:3:4:3:2:3:4:4:1,1:3:4:4:3:3:4:4:1
0:2:4:2:0:4:4:4:0:,recombination,12261.120233902418,3:4:4:4:4:1:1:2:3,2:3:4:3:2:3:4:4:1
0:2:4:2:0:4:4:4:0:,clone,12199.268175302439,0:2:4:2:0:4:4:4:0
0:2:4:2:0:4:4:4:0:,clone,12118.653353296384,0:2:4:2:0:4:4:4:0
0:2:4:2:0:4:4:4:0:,clone,11762.357332946603,0:2:4:2:0:4:4:4:0
4:4:3:4:4:1:1:1:4:,recombination,11251.050876538966,1:2:4:2:1:4:4:4:1,1:1:4:1:0:4:4:4:0
4:4:3:4:4:0:1:2:4:,clone,10802.396668312822,4:4:3:4:4:0:1:1:4
2:3:4:4:2:3:4:4:1:,recombination,12720.48034162928,2:3:4:3:2:4:4:4:2,4:4:2:4:4:0:0:0:4
2:2:4:4:2:4:4:4:1:,recombination,12890.699672087716,3:4:4:4:4:3:3:4:3,0:2:4:1:0:4:4:4:0
4:4:4:4:4:2:3:3:4:,clone,12571.307571648354,4:4:4:4:4:2:2:3:4
4:3:4:4:4:2:3:4:4:,recombination,12391.908916860248,3:3:4:4:4:2:3:4:3,4:4:3:4:4:1:1:1:4
4:4:4:4:4:1:0:1:4:,recombination,11001.870830440765,3:3:4:4:4:1:1:1:3,4:4:4:4:4:2:3:4:4,MUTATE
1:2:4:4:3:3:4:4:1:,clone,12018.831902397766,1:2:4:4:3:3:4:4:1
1:2:4:4:3:3:4:4:1:,clone,11898.782927480188,1:2:4:4:3:3:4:4:1
4:4:4:4:4:0:0:2:4:,clone,11383.128122836908,4:4:4:4:4:0:0:2:4
4:4:4:4:4:1:1:4:4:,recombination,11546.077466799028,4:4:4:4:4:2:2:3:4,3:3:4:4:4:2:2:3:3,MUTATE
2:2:4:4:4:3:3:4:1:,recombination,11569.68492112043,1:2:4:3:2:4:4:4:1,2:3:4:4:4:1:3:2:2
2:2:4:4:4:3:3:4:1:,clone,11323.191960583345,2:2:4:4:4:3:3:4:1
2:2:4:4:4:3:3:4:1:,clone,11263.310704957927,2:2:4:4:4:3:3:4:1
1:2:4:4:4:3:3:4:1:,clone,11326.03739472201,1:2:4:4:4:3:3:4:1
1:2:4:4:4:3:3:4:1:,clone,11012.350171822523,1:2:4:4:4:3:3:4:1
1:3:4:2:1:4:4:4:1:,recombination,12966.386795869666,3:4:4:4:4:1:2:3:4,3:4:4:4:4:2:3:4:3
1:2:4:1:0:4:4:4:0:,recombination,11592.029461089687,2:2:4:3:1:4:4:4:1,4:4:4:4:4:1:2:3:4
1:2:4:1:0:4:4:4:0:,clone,11517.689141664187,1:2:4:1:0:4:4:4:0
2:3:4:4:2:4:4:4:2:,clone,13031.50215425574,2:3:4:4:3:3:4:4:2
4:4:4:4:4:2:2:2:4:,clone,11354.269312852233,3:4:4:4:4:2:2:3:4
2:3:4:4:4:3:3:4:2:,clone,10995.540206668516,3:3:4:4:4:3:3:4:2
2:3:4:4:2:4:4:4:2:,recombination,12969.204276148763,4:4:4:4:4:0:1:2:4,1:3:4:2:1:4:4:4:1,MUTATE
4:4:4:4:4:0:0:1:4:,recombination,9495.274484423666,1:3:4:3:2:4:4:4:1,0:1:4:1:0:4:4:4:0
4:4:3:4:4:1:0:1:4:,recombination,10810.211188648924,1:2:4:2:1:4:4:4:0,2:3:4:3:2:4:4:4:1
4:4:4:4:4:2:2:3:4:,recombination,10719.403253346005,3:4:4:4:4:1:1:1:4,4:4:4:4:4:1:2:3:4
4:4:3:4:4:0:0:1:4:,recombination,10187.513394152606,1:2:4:2:1:4:4:4:0,4:4:4:4:4:2:2:2:4,MUTATE
3:3:4:4:4:2:2:3:4:,clone,11329.812709965372,3:3:4:4:4:2:2:3:4
3:3:4:4:4:2:2:3:4:,clone,11267.144181672476,3:3:4:4:4:2:2:3:4
4:4:3:4:4:1:1:1:4:,clone,11028.894293298406,4:4:3:4:4:1:0:1:4
4:4:3:4:4:1:0:1:4:,clone,10482.575556509053,4:4:3:4:4:1:0:1:4
2:3:4:4:4:4:3:4:2:,clone,12240.55267787441,2:3:4:4:4:4:3:4:2
2:2:4:4:3:4:3:4:1:,recombination,12236.694360393094,2:3:4:4:4:4:3:4:2,4:4:4:4:4:1:1:2:4
2:2:4:4:3:4:3:4:1:,clone,12216.622849148545,2:2:4:4:3:4:3:4:1
4:4:4:4:4:2:3:4:4:,recombination,11963.914396578439,2:3:4:4:4:3:3:4:2,1:2:4:2:0:4:4:4:0,MUTATE
2:2:4:3:2:3:4:4:2:,clone,12692.287353028629,2:2:4:3:2:4:4:4:2
2:2:4:3:3:4:4:4:1:,clone,12245.144272701653,2:2:4:3:3:4:4:4:1
2:2:4:4:2:4:4:4:1:,clone,12796.034770116401,2:2:4:4:2:4:4:4:1
2:2:4:3:3:4:4:4:1:,clone,11947.944262792023,2:2:4:3:3:4:4:4:1
1:2:4:3:2:4:4:4:1:,recombination,11333.20402796402,1:2:4:1:0:4:4:4:0,1:2:4:3:1:3:4:4:1,MUTATE
2:2:4:4:3:4:4:4:1:,clone,12132.52453636172,2:2:4:4:3:4:4:4:1
2:3:4:4:3:4:3:4:1:,clone,12196.166598240643,2:3:4:4:3:4:3:4:1
2:2:4:4:3:4:4:4:1:,clone,12108.790178681651,2:2:4:4:3:4:4:4:1
2:3:4:4:3:4:3:4:1:,recombination,12064.498832040896,2:2:4:4:2:3:4:4:1,2:2:4:4:4:3:3:4:1
2:3:4:3:2:4:4:4:1:,clone,11973.237407564284,1:2:4:3:1:4:4:4:1
2:3:4:3:2:4:4:4:1:,clone,11859.988247003907,2:3:4:3:2:4:4:4:1
2:2:4:3:2:4:4:4:1:,clone,11905.385999924989,1:2:4:3:1:4:4:4:1
2:2:4:3:2:4:4:4:1:,clone,11879.166858629853,2:2:4:3:2:4:4:4:1
2:3:4:4:3:4:4:4:2:,recombination,12283.561810035939,1:2:4:3:2:4:4:4:1,4:4:3:4:4:1:0:1:4
2:3:4:3:1:4:4:4:1:,clone,13218.201894781823,1:2:4:2:1:4:4:4:1
4:4:4:4:4:2:2:4:4:,clone,10567.147770288633,4:4:4:4:4:2:2:4:4
1:2:4:3:1:4:4:4:0:,recombination,12103.681592612347,2:3:4:4:3:3:3:4:1,4:4:4:4:4:0:1:1:4,MUTATE
4:4:3:4:4:0:1:1:4:,clone,10722.97947356826,4:4:3:4:4:0:1:1:4
0:2:4:3:2:4:4:4:0:,recombination,13053.621506351446,2:2:4:4:3:3:4:4:2,2:3:4:4:3:3:3:4:1
4:4:1:4:4:0:0:0:4:,clone,11445.137297406684,0:2:4:1:0:4:4:4:0
1:3:4:3:1:4:4:4:1:,recombination,12525.660747350681,3:3:4:4:4:3:3:4:3,1:2:4:3:2:3:4:4:1,MUTATE
2:2:4:3:3:3:3:4:1:,clone,10926.881592760597,2:2:4:3:3:3:3:4:1
2:2:4:4:3:3:3:4:2:,clone,11626.821667179052,2:2:4:4:3:3:3:4:2
2:2:4:3:3:3:4:4:1:,clone,11526.83502410585,2:2:4:3:3:3:4:4:1
2:2:4:3:2:3:4:4:1:,recombination,11330.614226069492,0:1:4:1:0:4:4:4:0,1:2:4:3:2:3:4:4:1
1:2:4:3:1:3:4:4:1:,recombination,11844.31725204395,2:2:4:3:2:3:4:4:1,1:2:4:2:0:4:4:4:0
4:4:3:4:4:1:2:4:4:,recombination,11165.101160860886,2:3:4:4:3:4:4:4:1,1:2:4:3:2:4:4:4:0
4:4:3:4:4:2:2:4:4:,clone,11433.120818405936,4:4:3:4:4:2:2:4:4
3:3:3:4:4:2:2:4:3:,clone,12327.930741845914,3:3:3:4:4:2:2:4:3
3:3:3:4:4:2:2:4:3:,recombination,12327.930741845912,4:4:3:4:4:1:2:4:4,2:2:4:4:3:4:3:4:2,MUTATE
4:4:3:4:4:2:2:4:4:,recombination,11355.306539138228,1:2:4:2:0:4:4:4:1,3:4:4:4:4:1:1:3:4,MUTATE
1:2:4:3:3:3:4:4:1:,recombination,11655.046368116344,4:4:3:4:4:2:2:4:4,4:3:3:4:4:2:2:4:4
2:2:4:4:2:3:4:4:2:,recombination,13863.939807361503,1:2:4:2:1:3:4:4:1,0:1:4:2:0:4:4:4:0,MUTATE
4:4:3:4:4:1:1:2:4:,clone,10638.909419277681,4:4:3:4:4:1:1:1:4
4:4:3:4:4:1:1:2:4:,recombination,10464.72868359728,2:3:4:4:2:4:4:4:1,2:3:4:4:4:2:3:2:2
4:4:3:4:4:0:0:2:4:,clone,10629.233599766681,4:4:3:4:4:0:0:2:4
4:4:3:4:4:1:1:3:4:,clone,10630.508600930463,4:4:3:4:4:1:1:2:4
4:4:3:4:4:1:1:3:4:,clone,10605.773772555,4:4:3:4:4:1:1:2:4
2:2:4:4:3:3:3:4:2:,recombination,11579.810509261866,4:4:3:4:4:1:1:3:4,1:2:4:3:3:3:3:4:1,MUTATE
4:4:3:4:4:2:2:2:4:,clone,12507.362985888365,4:4:3:4:4:2:2:2:4
4:4:3:4:4:2:2:2:4:,clone,12355.958361351975,4:4:3:4:4:2:2:2:4
0:1:4:1:0:4:4:4:0:,clone,11929.78759180828,0:2:4:1:0:4:4:4:0
3:3:4:4:3:3:3:4:2:,clone,12236.596052355653,3:3:4:4:3:3:3:4:2
3:3:4:4:3:3:3:4:2:,recombination,12034.501694512104,2:2:4:3:3:4:4:4:1,3:3:4:4:4:2:2:3:4,MUTATE
3:3:4:4:3:3:3:4:3:,clone,12618.587590378405,3:3:4:4:3:3:3:4:3
3:3:4:4:3:3:3:4:3:,recombination,12077.029281414021,1:2:4:3:2:4:4:4:1,3:3:4:4:4:4:3:4:2,MUTATE
4:4:3:4:4:1:1:1:4:,clone,11006.324107339731,4:4:3:4:4:1:1:1:4
4:3:4:4:4:2:3:4:3:,clone,12511.688234486619,4:3:4:4:4:2:3:4:3
4:3:4:4:4:2:3:4:3:,clone,12378.770818941734,4:3:4:4:4:2:3:4:3
3:3:4:4:3:3:4:4:2:,clone,12973.491932257522,2:3:4:4:3:3:4:4:2
4:4:4:4:4:3:2:4:4:,recombination,11792.61083604787,0:1:4:1:0:4:4:4:0,4:4:3:4:4:1:2:3:4,MUTATE
4:4:3:4:4:2:2:3:4:,clone,11456.339813801465,4:4:3:4:4:2:2:3:4
2:3:4:4:2:3:4:4:2:,clone,12816.177458205473,2:3:4:4:2:3:4:4:2
2:3:4:4:3:4:3:4:2:,recombination,12153.093567498152,3:3:4:4:4:3:3:4:2,2:2:4:4:3:4:4:4:2
2:2:4:4:3:4:3:4:1:,recombination,12171.359492810449,1:3:4:3:2:4:4:4:1,2:2:4:4:3:3:3:4:2
1:1:4:1:0:4:4:4:0:,recombination,12710.219667031304,2:3:4:3:2:4:4:4:2,4:4:3:4:4:1:1:4:4,MUTATE
3:3:4:4:4:2:2:4:2:,clone,10962.43005884834,3:3:4:4:4:2:2:4:2
0:1:4:1:0:4:4:4:0:,clone,11838.058973607103,0:2:4:1:0:4:4:4:0
1:1:4:2:0:4:4:4:0:,recombination,13118.826928629958,3:4:4:4:4:1:1:1:4,0:1:4:2:0:4:4:4:0,MUTATE
1:2:4:2:0:4:4:4:0:,recombination,11594.441321923701,1:2:4:3:1:3:4:4:1,3:4:4:4:4:2:2:2:3
1:1:4:1:0:4:4:4:0:,clone,12463.4645533692,1:1:4:1:0:4:4:4:0
3:3:4:4:4:3:2:4:3:,recombination,11012.306441961233,4:4:1:4:4:0:0:0:4,3:4:4:4:4:2:2:4:3,MUTATE
2:2:4:4:2:4:4:4:1:,recombination,12793.782780951771,2:3:4:4:3:4:3:4:1,3:4:4:4:4:1:2:2:3
4:4:3:4:4:0:1:1:4:,clone,10671.77302692954,4:4:3:4:4:0:0:1:4
1:2:4:2:0:4:4:4:0:,recombination,11493.52696045897,4:4:4:4:4:2:2:4:4,0:1:4:1:0:4:4:4:0
1:3:4:3:2:3:4:4:1:,clone,11972.175845031239,1:3:4:3:2:3:4:4:1
1:3:4:3:2:3:4:4:1:,clone,11757.260112829073,2:3:4:3:2:3:4:4:1
1:2:4:3:1:3:4:4:1:,clone,11794.62703515725,1:2:4:3:1:3:4:4:1
4:4:4:4:4:0:0:1:4:,recombination,9446.951432965718,2:2:4:4:3:3:4:4:1,1:2:4:2:1:4:4:4:0
3:4:4:4:4:2:3:4:3:,clone,11077.140923305098,3:4:4:4:4:2:3:4:3
4:4:4:4:4:0:1:2:4:,clone,9929.854432886244,4:4:4:4:4:0:1:2:4
3:3:4:4:4:2:3:4:3:,clone,10691.602610929203,3:3:4:4:4:2:3:4:3
3:3:3:4:4:2:3:4:3:,clone,12009.57699555661,4:3:4:4:4:2:2:4:4
1:1:4:2:0:4:4:4:0:,clone,12877.920745922751,1:1:4:2:0:4:4:4:0
4:4:4:4:4:2:1:3:4:,recombination,11479.260409474524,4:4:2:4:4:0:1:2:4,2:3:4:4:3:4:4:4:2,MUTATE
1:1:4:2:0:4:4:4:0:,clone,12756.434596530802,1:1:4:2:0:4:4:4:0
1:1:4:2:0:4:4:4:0:,clone,12728.748552921117,1:1:4:2:0:4:4:4:0
2:2:4:3:2:3:4:4:2:,clone,12043.84587400369,2:2:4:3:2:3:4:4:1
2:2:4:4:2:3:4:4:2:,recombination,13853.270926669316,2:2:4:3:2:3:4:4:2,2:3:4:4:4:1:2:3:2,MUTATE
4:4:4:4:4:3:3:4:4:,recombination,12265.957342926587,4:4:4:4:4:2:3:3:4,2:3:4:4:4:1:3:3:2
4:4:3:4:4:0:1:2:4:,clone,10522.619823582889,4:4:3:4:4:0:1:2:4
2:3:4:4:3:3:4:4:1:,clone,11876.445708691153,2:3:4:4:3:3:3:4:1
2:3:4:3:3:3:4:4:1:,clone,12006.348743301196,2:3:4:3:3:3:4:4:1
1:3:4:2:1:4:4:4:1:,clone,12712.0232257152,1:3:4:2:1:4:4:4:1
1:1:4:1:0:4:4:4:0:,recombination,12409.045703052514,1:2:4:2:0:4:4:4:0,0:1:4:1:0:4:4:4:0,MUTATE
2:3:4:4:4:4:3:4:1:,recombination,13268.08674228728,2:3:4:3:2:3:4:4:2,4:4:4:4:4:1:2:1:4
4:4:2:4:4:0:0:1:4:,clone,10872.283064700952,4:4:2:4:4:0:0:1:4
2:3:4:3:3:3:4:4:1:,clone,11901.345062376076,2:3:4:3:3:3:4:4:1
4:4:3:4:4:0:0:1:4:,recombination,9701.017145901475,2:3:4:4:3:4:4:4:2,2:3:4:4:4:1:2:2:2,MUTATE
4:4:2:4:4:0:0:1:4:,clone,10805.453815115601,4:4:3:4:4:0:0:1:4
4:4:1:4:4:0:0:1:4:,clone,11791.444487953038,4:4:1:4:4:0:0:1:4
2:3:4:4:2:4:4:4:2:,clone,12942.925954744962,2:3:4:4:2:4:4:4:2
2:3:4:4:3:4:4:4:1:,recombination,12269.670543796103,4:4:3:4:4:2:2:3:4,1:2:4:3:1:4:4:4:0,MUTATE
4:4:3:4:4:1:2:3:4:,clone,10926.502368407573,4:4:4:4:4:1:2:3:4
2:3:4:4:2:4:4:4:1:,clone,12721.59591254891,2:3:4:4:2:4:4:4:1
2:2:4:4:3:3:3:4:1:,recombination,11093.07861323438,1:2:4:1:0:4:4:4:0,4:4:3:4:4:1:1:2:4
4:4:3:4:4:1:1:3:4:,recombination,10318.246738424203,3:3:4:4:4:3:2:4:3,2:3:4:4:4:1:2:1:2,MUTATE
2:2:4:4:3:3:3:4:2:,clone,11491.83774902009,2:2:4:4:3:3:3:4:2
4:4:4:4:4:1:1:3:4:,clone,10169.75564177863,4:4:3:4:4:1:1:3:4
4:3:4:4:4:2:2:4:4:,clone,10875.052141257685,4:3:4:4:4:2:2:4:4
4:4:3:4:4:1:2:2:4:,clone,10269.99303712592,4:4:4:4:4:1:2:2:4
4:3:4:4:4:2:2:3:4:,recombination,11523.860679444639,1:2:4:4:3:3:3:4:1,4:4:3:4:4:1:2:2:4,MUTATE
4:4:1:4:4:0:0:0:4:,recombination,11180.835283460789,4:4:2:4:4:0:0:1:4,1:1:4:1:0:4:4:4:0,MUTATE
2:3:4:3:2:4:4:4:2:,recombination,12225.877635881225,4:3:4:4:4:2:3:4:4,1:3:4:3:2:3:4:4:1,MUTATE
2:2:4:3:2:4:4:4:2:,recombination,12503.869286447229,1:2:4:2:1:4:4:4:0,4:4:4:4:4:2:3:4:4
2:3:4:4:2:4:4:4:2:,clone,12875.280984255804,2:3:4:4:2:4:4:4:2
4:4:4:4:4:1:0:1:4:,clone,10991.741089199428,4:4:4:4:4:0:0:1:4
1:1:4:2:1:4:4:4:0:,recombination,12864.779239784713,3:3:4:4:4:3:3:4:3,4:4:4:4:4:2:2:4:4,MUTATE
2:3:4:3:3:4:4:4:2:,recombination,12520.827368523342,0:1:4:1:0:4:4:4:0,2:3:4:4:4:3:3:4:1
2:3:4:3:3:4:4:4:2:,clone,12518.897755829652,2:3:4:3:3:4:4:4:2
2:2:4:3:2:4:4:4:1:,clone,11588.821369496367,2:2:4:3:2:4:4:4:1
2:3:4:4:3:4:3:4:1:,clone,11882.238935678984,2:3:4:4:3:4:3:4:1
2:2:4:4:3:4:4:4:2:,recombination,12389.906752211147,0:1:4:1:0:4:4:4:0,1:3:4:4:4:3:3:3:1,MUTATE
4:3:4:4:4:3:3:4:3:,clone,12479.297717401709,3:3:4:4:4:3:3:4:3
2:3:4:3:3:4:4:4:1:,recombination,12189.823653857131,0:1:4:1:0:4:4:4:0,2:2:4:4:3:3:3:4:2,MUTATE
4:4:3:4:4:1:1:4:4:,clone,11749.562882008353,4:4:3:4:4:1:1:4:4
2:3:4:4:3:4:4:4:2:,clone,12233.699990724812,2:3:4:4:3:4:4:4:2
2:3:4:4:3:3:3:4:2:,recombination,11101.669887501437,2:2:4:4:3:4:3:4:1,3:3:4:4:4:2:3:4:2
2:3:4:3:1:4:4:4:1:,clone,13184.124726328851,2:3:4:3:1:4:4:4:1
2:3:4:3:2:4:4:4:1:,clone,11829.792652361848,2:2:4:3:2:4:4:4:1
1:3:4:3:1:4:4:4:1:,clone,12479.31080624953,1:2:4:3:1:4:4:4:1
1:3:4:4:2:3:4:4:1:,clone,12995.600867970592,1:3:4:3:2:3:4:4:1
4:4:3:4:4:1:1:2:4:,recombination,10455.526520294583,3:3:3:4:4:2:2:3:4,3:3:4:4:4:2:3:3:3,MUTATE
4:4:4:4:4:1:2:3:4:,recombination,10488.585323416513,4:4:3:4:4:1:1:2:4,1:2:4:2:1:4:4:4:0,MUTATE
2:3:4:3:3:3:3:4:1:,recombination,11390.034655132045,1:3:4:4:3:3:4:4:1,4:4:4:4:4:1:2:3:4,MUTATE
2:2:4:4:2:4:4:4:1:,recombination,12760.225842530475,3:4:4:4:4:2:3:4:3,4:4:4:4:4:1:2:3:4,MUTATE
2:2:4:4:2:3:4:4:2:,recombination,13727.34193876396,2:2:4:4:2:4:4:4:1,2:2:4:4:4:3:3:4:2
2:2:4:4:2:3:4:4:2:,clone,13536.956767697025,2:3:4:4:3:3:4:4:2
2:2:4:4:3:3:4:4:1:,clone,11835.310316843053,2:2:4:4:3:3:4:4:1
2:2:4:4:2:3:4:4:1:,recombination,12758.88627038392,3:4:4:4:4:2:3:4:3,2:3:4:4:3:3:3:4:2
1:3:4:3:2:3:4:4:1:,clone,11647.93361876243,1:3:4:3:2:3:4:4:1
1:3:4:3:2:3:4:4:1:,clone,11647.933618762429,1:3:4:3:2:3:4:4:1
1:2:4:3:3:4:4:4:1:,clone,12340.199809827742,1:2:4:3:2:4:4:4:1
2:2:4:4:2:3:4:4:1:,recombination,12733.115232619992,2:3:4:4:2:4:4:4:1,1:2:4:3:1:3:4:4:1
2:3:4:3:3:3:3:4:1:,recombination,11315.342382766692,3:3:4:4:4:2:2:2:3,0:2:4:1:0:4:4:4:0
2:2:4:4:3:4:4:4:1:,recombination,11997.787888527266,1:2:4:3:1:4:4:4:0,2:3:4:4:3:3:3:4:2,MUTATE
2:3:4:3:2:3:4:4:2:,clone,11519.51890793746,2:3:4:3:2:3:4:4:2
2:3:4:4:3:3:3:4:1:,clone,11024.586525107285,2:3:4:4:3:3:3:4:1
2:2:4:3:1:3:4:4:1:,clone,12779.547138641132,2:2:4:3:2:3:4:4:1
3:3:4:4:3:4:3:4:2:,clone,12844.9022017881,3:3:4:4:4:3:3:4:2
3:3:4:4:3:4:3:4:2:,clone,12417.927500246562,3:3:4:4:3:4:3:4:2
4:4:2:4:4:1:1:4:4:,recombination,13054.955204563175,2:2:4:4:2:3:4:4:1,2:2:4:3:2:4:4:4:1,MUTATE
4:4:2:4:4:1:1:4:4:,clone,12846.717809815178,4:4:2:4:4:1:1:4:4
2:3:4:3:3:4:4:4:2:,clone,12205.273990575062,2:3:4:3:3:4:4:4:2
3:3:3:4:4:2:2:4:3:,recombination,12018.058171307372,3:3:4:4:4:1:2:3:4,3:3:4:4:4:2:2:3:3
4:3:4:4:4:2:3:4:4:,clone,12195.071450139307,4:3:4:4:4:2:3:4:4
3:3:4:4:3:3:4:4:2:,clone,12821.699781523805,3:3:4:4:3:3:4:4:2
0:1:4:1:0:4:4:4:0:,clone,11798.028183926961,0:1:4:1:0:4:4:4:0
