3:4:4:4:4:2:3:4:3:,initialisation,12937.087766167217,
3:4:4:4:4:2:2:3:4:,initialisation,12784.4562966566,
4:4:4:4:4:2:2:4:4:,initialisation,12215.29273768329,
4:4:4:4:4:1:2:3:4:,initialisation,11524.860623783221,
4:4:4:4:4:2:2:3:4:,initialisation,12007.418508806413,
4:4:4:4:4:2:3:4:4:,initialisation,13204.18847940369,
4:4:4:4:4:2:2:4:4:,initialisation,11967.541449933065,
3:3:4:4:4:2:2:4:3:,initialisation,12224.52000199632,
3:3:4:4:4:2:3:4:3:,initialisation,12153.089114955463,
3:4:4:4:4:3:3:4:3:,initialisation,13163.55354830248,
2:3:4:4:4:2:2:2:2:,initialisation,11836.268684512477,
4:4:4:4:4:2:2:3:4:,initialisation,11922.687719469614,
4:4:3:4:4:2:2:4:4:,initialisation,13204.18847940369,
4:4:3:4:4:2:2:4:4:,initialisation,13011.21293481894,
4:4:4:4:4:2:2:2:4:,initialisation,12203.393293310672,
3:3:4:4:4:2:3:4:3:,initialisation,12121.553741293294,
3:3:4:4:4:1:1:2:3:,initialisation,9716.659269963626,
3:4:4:4:4:2:3:3:3:,initialisation,13085.777127574778,
2:3:4:4:4:2:3:3:2:,initialisation,12192.236853911512,
3:3:4:4:4:2:2:3:3:,initialisation,11703.20560303758,
4:4:4:4:4:1:1:3:4:,initialisation,11225.252666001814,
3:4:4:4:4:3:3:4:3:,initialisation,13077.060206341748,
3:4:4:4:4:2:2:4:3:,initialisation,12309.845158733715,
2:3:4:4:4:2:2:2:3:,initialisation,11515.650648855919,
4:4:4:4:4:1:1:2:4:,initialisation,11003.97484065213,
3:3:4:4:4:3:3:4:2:,initialisation,13796.364421749711,
3:3:4:4:4:3:3:4:2:,initialisation,12557.35393759448,
2:3:4:4:3:3:3:4:2:,initialisation,13690.516526446008,
3:4:4:4:4:2:2:3:4:,initialisation,11820.996612046793,
4:4:4:4:4:1:2:3:4:,initialisation,11444.433773174647,
4:4:4:4:4:3:2:4:4:,initialisation,13059.78310975663,
3:3:4:4:4:3:2:4:3:,initialisation,11504.678823963623,
4:4:4:4:4:1:2:4:4:,initialisation,12184.563533668768,
3:4:4:4:4:1:2:2:3:,initialisation,11274.473567786246,
4:4:4:4:4:1:2:3:4:,initialisation,11257.337934771049,
2:3:4:4:4:3:3:4:2:,initialisation,12403.682680587175,
3:4:4:4:4:2:3:4:3:,initialisation,12246.619477515433,
3:3:4:4:4:3:3:4:3:,initialisation,13502.952043897001,
2:3:4:4:4:3:3:3:2:,initialisation,13699.286667685612,
2:3:4:4:4:2:2:3:2:,initialisation,11727.800209511664,
3:3:4:4:4:3:3:4:3:,initialisation,12018.010247804348,
3:4:4:4:4:2:2:4:3:,initialisation,12091.43469282211,
3:4:4:4:4:1:2:2:3:,initialisation,10391.314948188066,
4:4:4:4:4:2:2:4:4:,initialisation,11859.61861191864,
4:4:4:4:4:1:2:4:4:,initialisation,11406.747268478228,
4:4:3:4:4:1:2:4:4:,initialisation,11988.130926549607,
4:4:4:4:4:2:2:4:4:,initialisation,11784.03249098899,
4:4:4:4:4:2:3:4:4:,initialisation,13168.205905536817,
1:2:4:4:3:2:3:3:1:,initialisation,12372.80339345985,
3:4:4:4:4:3:3:4:3:,initialisation,12683.930842077412,
3:4:4:4:4:1:1:2:4:,initialisation,10136.682823962155,
4:4:4:4:4:3:3:4:4:,initialisation,13413.500778775267,
4:4:4:4:4:1:1:2:4:,initialisation,10987.222197219335,
3:4:4:4:4:2:2:4:3:,initialisation,12033.65675130941,
3:4:4:4:4:2:2:4:3:,initialisation,11351.47614291205,
3:3:4:4:4:2:2:4:3:,initialisation,11849.011837921154,
4:4:4:4:4:2:2:3:4:,initialisation,11891.395174376094,
4:4:2:4:4:1:1:4:4:,initialisation,13204.188479403683,
3:4:4:4:4:1:2:3:3:,initialisation,11275.748779646246,
2:3:4:4:4:2:3:3:2:,initialisation,11639.322437748362,
3:4:4:4:4:3:3:4:3:,initialisation,12663.957826763934,
3:3:4:4:4:2:3:4:3:,initialisation,11788.168162922148,
3:4:4:4:4:2:2:3:3:,initialisation,11478.762458244146,
3:3:4:4:4:2:2:4:3:,initialisation,11820.205163714354,
4:4:4:4:4:1:2:3:4:,initialisation,11115.979494364896,
4:4:4:4:4:1:2:2:4:,initialisation,12744.417953254779,
2:3:4:4:4:2:3:4:2:,initialisation,13156.095251536914,
4:4:3:4:4:2:2:4:4:,initialisation,12849.596420136473,
4:4:4:4:4:2:3:4:4:,initialisation,12559.009847015304,
4:4:4:4:4:2:2:4:4:,initialisation,11708.641285727383,
3:3:4:4:4:2:3:4:2:,initialisation,12633.504928872773,
4:4:4:4:4:2:2:3:4:,initialisation,11419.67231807598,
4:4:4:4:4:1:1:2:4:,initialisation,10882.173325000991,
3:3:4:4:4:2:3:3:3:,initialisation,13055.508231903748,
4:4:4:4:4:2:2:4:4:,initialisation,11481.842262288506,
4:4:2:4:4:2:1:4:4:,initialisation,13204.18847940369,
2:2:4:4:4:2:3:2:2:,initialisation,12443.391269120862,
4:4:3:4:4:2:2:3:4:,initialisation,11910.202905071832,
3:3:4:4:4:2:3:4:3:,initialisation,11301.87232691214,
4:4:3:4:4:2:2:4:4:,initialisation,12448.81686770563,
3:3:4:4:4:2:2:3:3:,initialisation,11451.363336032819,
2:3:4:4:4:2:3:3:2:,initialisation,10365.549658607604,
4:4:4:4:4:1:2:3:4:,initialisation,11070.783607107787,
2:3:4:4:3:3:3:4:2:,initialisation,12394.034935253918,
3:3:4:4:4:2:2:2:3:,initialisation,12143.327263012729,
2:3:4:4:4:1:2:2:3:,initialisation,11279.682460636363,
3:3:4:4:4:2:2:3:3:,initialisation,11434.712254407126,
2:3:4:4:4:2:3:4:2:,initialisation,12158.548123640434,
3:3:4:4:4:2:2:2:3:,initialisation,11045.494503182985,
4:4:4:4:4:1:2:2:4:,initialisation,11826.062816219119,
4:4:3:4:4:1:2:3:4:,initialisation,12388.69518859374,
4:4:4:4:4:2:2:3:4:,initialisation,11350.371995261343,
3:4:4:4:4:1:2:1:3:,initialisation,10582.501425671284,
4:4:4:4:4:3:3:4:4:,initialisation,13405.913517318675,
2:3:4:4:4:2:2:2:2:,initialisation,11781.28746219493,
4:4:4:4:4:1:2:2:4:,initialisation,11317.97141120531,
3:4:4:4:4:1:1:1:4:,initialisation,10230.347368504279,
3:4:4:4:4:2:2:4:3:,initialisation,11302.481637406376,
3:4:4:4:4:3:2:4:3:,initialisation,13322.161219028167,
2:3:4:4:4:2:3:2:2:,initialisation,12505.630827559668,
3:4:4:4:4:1:2:3:4:,initialisation,11134.065758521077,
3:3:4:4:4:2:2:4:3:,initialisation,11679.482189714703,
2:3:4:4:4:2:2:2:2:,initialisation,11600.485662554014,
3:4:4:4:4:1:2:2:4:,initialisation,10397.585003060018,
4:3:4:4:4:3:3:4:3:,initialisation,13204.188479403687,
3:3:4:4:4:1:2:2:3:,initialisation,10498.178623327556,
4:4:3:4:4:1:1:2:4:,initialisation,12186.165532915267,
2:3:4:4:4:2:3:2:2:,initialisation,12180.34752476909,
2:3:4:4:4:3:3:3:2:,initialisation,12271.440244439875,
4:4:4:4:4:1:1:2:4:,initialisation,10790.21713712913,
2:3:4:4:4:3:3:4:2:,initialisation,12008.92989691802,
3:4:4:4:4:1:1:2:3:,initialisation,10263.501990761593,
3:3:4:4:4:1:2:2:3:,initialisation,10322.787521755949,
4:4:3:4:4:1:1:2:4:,initialisation,11010.219025155391,
3:4:4:4:4:1:1:1:3:,initialisation,10517.541450611225,
3:4:4:4:4:1:1:1:3:,initialisation,9945.840186964375,
2:3:4:4:4:2:2:2:2:,initialisation,11347.639362457912,
4:4:4:4:4:1:2:4:4:,initialisation,11334.919802311333,
4:4:3:4:4:1:2:4:4:,initialisation,11824.286657260225,
4:4:4:4:4:1:1:3:4:,initialisation,11138.960999222592,
4:4:4:4:4:3:3:4:4:,initialisation,13189.049278500548,
3:4:4:4:4:2:2:2:3:,initialisation,11692.36914735155,
3:4:4:4:4:2:2:3:4:,initialisation,11798.611771325563,
4:4:4:4:4:2:1:2:4:,initialisation,12223.292588391449,
3:4:4:4:4:2:3:4:3:,initialisation,12096.1881474263,
2:3:4:4:4:2:2:3:2:,initialisation,11669.929922167139,
4:4:4:4:4:1:1:3:4:,initialisation,11106.321294913976,
4:4:4:4:4:3:3:4:4:,initialisation,13145.081509856913,
2:3:4:4:4:2:2:3:2:,initialisation,11147.535584353222,
4:4:4:4:4:2:3:3:4:,initialisation,13440.657416895136,
3:3:4:4:4:2:2:4:3:,initialisation,11435.544750717903,
3:3:4:4:4:2:2:4:3:,initialisation,11117.279589533384,
4:3:4:4:4:2:2:4:4:,initialisation,12595.570791726008,
4:4:4:4:4:2:2:4:4:,initialisation,11454.707626712165,
1:3:4:4:3:3:4:4:1:,initialisation,13683.419499733238,
4:4:3:4:4:3:2:4:4:,initialisation,13204.188479403689,
3:3:4:4:4:2:2:3:3:,initialisation,11172.728497153228,
2:3:4:4:4:2:2:2:2:,initialisation,10373.485205514009,
4:4:4:4:4:3:3:4:4:,initialisation,12697.900408323083,
3:3:4:4:4:1:2:3:3:,initialisation,11591.601758928433,
2:3:4:4:4:2:2:2:3:,initialisation,11040.395182264894,
4:4:2:4:4:1:1:2:4:,initialisation,11687.628707821626,
2:3:4:4:4:1:2:2:3:,initialisation,11216.670472409784,
3:4:4:4:4:1:2:4:3:,initialisation,10647.445305565645,
2:3:4:4:4:1:2:2:2:,initialisation,11184.513103897818,
4:4:4:4:4:2:2:2:4:,initialisation,12067.906604609923,
3:3:4:4:4:1:2:4:3:,initialisation,11926.865465559578,
2:3:4:4:4:2:3:2:2:,initialisation,11897.290336854769,
3:4:4:4:4:2:2:2:3:,initialisation,11174.505416365648,
3:3:4:4:4:1:1:2:3:,initialisation,9611.882219589519,
3:3:4:4:4:1:2:2:3:,initialisation,9969.40732917565,
4:4:3:4:4:3:2:4:4:,initialisation,13204.188479403687,
2:2:4:4:4:2:3:3:2:,initialisation,12319.599906502082,
4:4:3:4:4:1:2:3:4:,initialisation,11848.43798704906,
4:4:4:4:4:1:2:4:4:,initialisation,11102.555060140403,
3:4:4:4:4:2:2:3:4:,initialisation,11577.57565177033,
1:2:4:4:3:3:4:3:1:,initialisation,13610.66649343696,
4:4:4:4:4:2:2:4:4:,initialisation,11231.096835141863,
4:4:4:4:4:1:1:3:4:,initialisation,11003.446872782099,
2:3:4:4:4:2:3:4:2:,initialisation,11961.471574727197,
2:3:4:4:4:2:3:2:3:,initialisation,11928.156882710688,
4:4:2:4:4:2:1:4:4:,initialisation,13092.183304627442,
3:4:4:4:4:1:2:1:4:,initialisation,10958.5061212727,
3:3:4:4:4:3:3:4:2:,initialisation,12330.972531703152,
3:4:4:4:4:2:3:3:3:,initialisation,12886.444664735818,
3:4:4:4:4:2:2:3:3:,initialisation,11368.814861701863,
4:4:3:4:4:2:2:4:4:,initialisation,12021.43895635557,
0:1:4:1:0:4:4:4:0:,initialisation,14686.828331487744,
3:4:4:4:4:1:1:1:4:,initialisation,9882.709228771651,
2:3:4:4:4:2:3:4:2:,initialisation,11288.688827649212,
4:4:4:4:4:2:1:3:4:,initialisation,11695.86853803074,
2:3:4:4:4:2:3:2:2:,initialisation,11835.349967253525,
4:4:4:4:4:2:2:4:4:,initialisation,11180.735299369184,
4:4:3:4:4:1:1:3:4:,initialisation,11908.641663669072,
4:4:4:4:4:2:3:4:4:,initialisation,12382.192711222706,
3:3:4:4:4:2:3:3:3:,initialisation,12749.005315530607,
2:3:4:4:4:1:2:2:2:,initialisation,10587.060805431202,
2:3:4:4:4:1:2:2:2:,initialisation,10200.961400072525,
2:3:4:4:4:1:2:2:2:,initialisation,9866.208327692815,
3:3:4:4:4:2:3:2:3:,initialisation,11613.716274338005,
2:3:4:4:4:2:3:2:3:,initialisation,11710.330733705607,
4:4:4:4:4:2:2:4:4:,initialisation,11173.566333231607,
3:3:4:4:4:1:2:3:3:,initialisation,10811.999794653262,
2:3:4:4:4:2:3:3:2:,initialisation,10015.694467691912,
2:3:4:4:4:3:3:3:2:,initialisation,12254.583836052376,
3:4:4:4:4:2:3:3:3:,initialisation,12608.564047590398,
3:4:4:4:4:2:3:3:4:,initialisation,14365.159162719365,
4:4:3:4:4:1:2:3:4:,initialisation,11468.288170764667,
2:3:4:4:3:3:4:4:2:,initialisation,12969.534959063421,
2:3:4:4:4:1:2:3:2:,initialisation,11268.158459330549,
4:4:4:4:4:2:3:4:4:,initialisation,12125.59837043999,
3:4:4:4:4:2:2:4:3:,initialisation,11100.783856762384,
3:4:4:4:4:1:2:2:3:,initialisation,10316.83193760093,
2:3:4:4:4:1:2:2:3:,initialisation,11179.519765172214,
2:3:4:4:4:2:2:3:2:,initialisation,11027.01972832538,
2:2:4:4:4:2:3:2:2:,initialisation,11794.85129682401,
4:4:4:4:4:1:2:4:4:,initialisation,10789.521805012348,
3:3:4:4:4:3:3:3:3:,initialisation,12836.085154056007,
3:3:4:4:4:2:3:3:3:,initialisation,12326.676608927464,
4:4:3:4:4:2:2:2:4:,initialisation,13164.061934990359,
2:2:4:4:4:3:3:2:2:,initialisation,13351.9611004688,
3:4:4:4:4:2:3:3:4:,initialisation,12815.450671497076,
2:3:4:4:4:1:2:3:2:,initialisation,10874.77129219944,
3:3:4:4:4:2:3:4:2:,initialisation,11837.598977123871,
4:4:3:4:4:1:1:4:4:,initialisation,12545.819104443364,
2:2:4:4:4:2:3:3:2:,initialisation,11536.427646455737,
2:3:4:4:4:2:2:3:2:,initialisation,10875.753616464288,
3:3:4:4:4:2:2:3:4:,initialisation,11520.182819383,
3:3:4:4:4:1:2:1:3:,initialisation,11032.170368955523,
3:3:4:4:4:2:3:3:3:,initialisation,11498.392445983962,
3:4:4:4:4:2:2:3:3:,initialisation,11350.13713311327,
1:2:4:4:4:3:3:3:1:,initialisation,12331.402896438563,
3:3:4:4:4:1:2:1:3:,initialisation,10292.242971400132,
2:3:4:4:4:1:2:2:3:,initialisation,10767.755850513222,
3:4:4:4:4:3:3:4:3:,initialisation,12509.112384865703,
4:4:4:4:4:1:1:3:4:,initialisation,10573.783774961485,
4:4:3:4:4:1:1:3:4:,initialisation,11237.862482663731,
4:4:4:4:4:2:2:3:4:,initialisation,11208.793844501484,
3:4:4:4:4:1:2:3:3:,initialisation,10540.548612634566,
3:4:4:4:4:2:3:4:3:,initialisation,11936.235566757747,
4:4:4:4:4:3:3:4:4:,initialisation,12655.755242645686,
2:3:4:4:4:3:3:4:1:,initialisation,12688.773193613004,
2:2:4:4:3:3:3:3:2:,initialisation,13635.8781354197,
3:4:4:4:4:2:2:2:4:,initialisation,13046.797970980688,
1:2:4:4:3:3:3:3:1:,initialisation,13292.49368077192,
4:4:4:4:4:1:1:2:4:,initialisation,10753.561498350819,
3:3:4:4:4:1:2:2:3:,initialisation,9757.170354494734,
4:4:4:4:4:0:1:2:4:,initialisation,11129.33601016361,
3:4:4:4:4:3:3:4:3:,initialisation,12472.049354460847,
3:3:4:4:4:1:2:3:3:,initialisation,10665.865436534643,
3:3:4:4:4:1:2:3:3:,initialisation,10491.294109908198,
3:3:4:4:4:1:2:3:3:,initialisation,10203.73070049056,
3:3:4:4:4:2:2:1:3:,initialisation,11892.794896532754,
2:3:4:4:4:2:2:2:3:,initialisation,10195.136181288422,
4:4:4:4:4:1:2:3:4:,initialisation,10966.927077926082,
4:3:4:4:4:2:3:4:4:,initialisation,13071.877961494481,
3:3:4:4:4:2:2:3:3:,initialisation,11048.793077278242,
4:4:4:4:4:2:3:3:4:,initialisation,12821.35852567882,
4:4:3:4:4:1:2:3:4:,initialisation,11103.532402190061,
3:3:4:4:4:1:2:1:3:,initialisation,9541.20565311585,
4:4:4:4:4:1:2:3:4:,initialisation,10957.701505875079,
3:3:4:4:4:2:2:4:3:,initialisation,11069.765771732737,
2:3:4:4:4:2:2:3:2:,initialisation,10709.720221739497,
2:3:4:4:4:2:2:3:2:,initialisation,10429.567340114174,
4:4:4:4:4:3:2:4:4:,initialisation,12991.498122002447,
4:4:4:4:4:2:3:3:4:,initialisation,12821.192490829,
3:3:4:4:4:3:3:4:3:,initialisation,12006.790178583577,
3:4:4:4:4:2:2:4:3:,initialisation,10991.642245474426,
3:3:4:4:4:3:3:4:2:,initialisation,12321.496614424761,
3:4:4:4:4:2:3:4:3:,initialisation,11710.60428942007,
4:4:4:4:4:3:2:4:4:,initialisation,12639.8999351806,
1:2:4:4:3:3:3:4:1:,initialisation,13636.040641921056,
4:4:3:4:4:1:2:2:4:,initialisation,11483.088313722446,
4:3:4:4:4:2:2:4:4:,initialisation,12452.390896605137,
2:3:4:4:4:1:2:2:2:,initialisation,9617.973734583267,
2:3:4:4:4:2:3:2:2:,initialisation,11771.110256395199,
3:4:4:4:4:2:2:3:3:,initialisation,11316.95954234274,
4:4:4:4:4:1:2:2:4:,initialisation,10990.949662549265,
4:4:4:4:4:0:0:0:4:,initialisation,8681.125787536668,
2:3:4:4:4:2:3:2:2:,initialisation,11567.044447687967,
3:3:4:4:4:2:2:2:3:,initialisation,10435.295396770032,
4:4:3:4:4:1:2:4:4:,initialisation,11674.26095146877,
1:3:4:4:4:2:3:3:1:,initialisation,11856.502642449022,
4:4:3:4:4:2:1:3:4:,initialisation,11663.471789905925,
4:4:4:4:4:1:1:2:4:,initialisation,10664.307511576711,
3:3:4:4:4:1:2:3:4:,initialisation,11717.44587411023,
4:4:4:4:4:1:2:3:4:,initialisation,10941.942201022348,
4:3:4:4:4:2:2:4:4:,initialisation,11659.28351009432,
4:3:4:4:4:2:2:4:4:,initialisation,11102.549685099895,
3:4:4:4:4:1:1:2:3:,initialisation,10005.016649891235,
2:3:4:4:3:2:3:3:2:,initialisation,11749.813627421325,
3:4:4:4:4:2:2:3:3:,initialisation,11297.582795319637,
3:3:4:4:4:2:2:4:3:,initialisation,10969.74763057132,
4:4:4:4:4:2:2:4:4:,initialisation,11112.916467895637,
2:3:4:4:4:2:2:3:2:,initialisation,10300.483186455827,
2:3:4:4:4:3:3:4:1:,initialisation,11764.801840903232,
4:3:4:4:4:2:3:4:4:,initialisation,12352.594527924959,
3:3:4:4:4:2:3:4:2:,initialisation,11458.685865615504,
3:3:4:4:4:3:3:4:3:,initialisation,11855.880138584482,
4:4:3:4:4:2:2:4:4:,initialisation,11811.203763011401,
3:4:4:4:4:1:1:3:4:,initialisation,10191.450142917458,
2:3:4:4:4:2:2:3:2:,initialisation,10226.233453356524,
3:3:4:4:4:1:1:1:3:,initialisation,9930.980309362278,
3:4:4:4:4:3:2:4:3:,initialisation,12470.499652143435,
2:3:4:4:4:1:2:3:2:,initialisation,10661.372965425338,
3:4:4:4:4:1:2:2:3:,initialisation,10242.680771528372,
3:4:4:4:4:2:2:2:4:,initialisation,11641.74190385948,
3:4:4:4:4:1:1:2:4:,initialisation,9985.325502332727,
2:3:4:4:4:1:2:2:3:,initialisation,10442.004640487712,
4:4:2:4:4:1:1:3:4:,initialisation,13204.188479403689,
4:4:4:4:4:1:1:2:4:,initialisation,10598.656319713387,
4:4:4:4:4:1:1:4:4:,initialisation,12124.478729306491,
4:4:2:4:4:2:2:4:4:,initialisation,13204.188479403692,
3:4:4:4:4:1:2:3:4:,initialisation,10690.05630812292,
3:4:4:4:4:1:1:1:3:,initialisation,9656.880564719193,
3:3:4:4:4:2:3:3:3:,initialisation,11383.748372048889,
4:4:4:4:4:1:2:3:4:,recombination,10615.483948535319,3:4:4:4:4:2:2:4:3,4:4:4:4:4:1:1:2:4
2:3:4:4:4:2:3:4:2:,clone,11024.179313942777,2:3:4:4:4:2:3:4:2
3:3:4:4:4:2:3:3:3:,recombination,11336.16692453947,4:4:4:4:4:1:2:2:4,2:3:4:4:4:2:2:3:2,MUTATE
3:4:4:4:4:1:1:1:3:,clone,9563.56675576944,3:4:4:4:4:1:1:1:3
3:3:4:4:4:1:1:2:3:,recombination,9369.76107799559,2:3:4:4:4:3:3:4:1,3:3:4:4:4:1:1:2:3,MUTATE
4:4:4:4:4:2:2:4:4:,clone,10984.244371388782,4:4:4:4:4:2:2:4:4
4:4:2:4:4:1:1:3:4:,clone,11636.351536268545,4:4:2:4:4:1:1:2:4
2:3:4:4:4:1:2:2:3:,recombination,10372.08461868403,2:2:4:4:4:2:3:3:2,2:3:4:4:4:2:2:2:3
4:4:4:4:4:2:2:4:4:,recombination,10981.649207118122,4:4:4:4:4:2:2:4:4,4:4:3:4:4:1:2:3:4
3:3:4:4:4:1:1:3:4:,clone,10187.147274324137,3:4:4:4:4:1:1:3:4
3:4:4:4:4:1:2:2:3:,recombination,9763.497989449157,3:4:4:4:4:1:1:1:4,2:3:4:4:4:2:2:2:3
2:2:4:4:4:2:3:3:2:,clone,11515.514446591524,2:2:4:4:4:2:3:3:2
3:4:4:4:4:1:2:3:4:,recombination,10511.355962724489,2:3:4:4:4:2:2:3:2,4:4:4:4:4:1:1:2:4,MUTATE
3:3:4:4:4:1:2:2:3:,recombination,9724.720613052274,4:4:4:4:4:1:2:3:4,3:3:4:4:4:1:2:2:3
3:4:4:4:4:2:2:3:3:,recombination,11221.340692280317,3:4:4:4:4:2:2:3:4,2:2:4:4:4:2:3:3:2,MUTATE
2:3:4:4:4:1:2:2:3:,recombination,9548.433266466376,2:3:4:4:4:1:2:2:2,4:4:4:4:4:1:1:2:4
3:4:4:4:4:2:2:3:4:,recombination,10709.836800543037,3:4:4:4:4:2:2:4:3,4:4:4:4:4:1:1:3:4
4:4:3:4:4:2:2:4:4:,clone,11745.013570756722,4:4:3:4:4:2:2:4:4
3:4:4:4:4:3:2:4:3:,clone,12446.365023184702,3:4:4:4:4:3:2:4:3
3:3:4:4:4:3:3:4:3:,clone,11805.615749749146,3:3:4:4:4:3:2:4:3
3:4:4:4:4:2:3:4:3:,clone,11483.876707714115,3:3:4:4:4:2:3:4:3
2:2:4:4:4:3:3:3:2:,recombination,13248.437412376219,2:2:4:4:4:3:3:2:2,2:3:4:4:4:3:3:4:2
2:3:4:4:4:2:2:3:2:,recombination,9916.60506252669,1:3:4:4:4:2:3:3:1,2:3:4:4:4:2:2:3:2,MUTATE
4:4:4:4:4:1:2:4:4:,clone,10711.567657176343,4:4:4:4:4:1:1:3:4
3:3:4:4:4:2:2:3:3:,recombination,10670.674275312076,2:3:4:4:4:2:2:2:3,3:4:4:4:4:2:2:3:4,MUTATE
1:3:4:4:3:3:3:4:1:,clone,12659.514900988039,2:3:4:4:3:3:3:4:1
3:4:4:4:4:2:2:3:3:,recombination,11079.153852514335,3:4:4:4:4:2:2:3:3,3:4:4:4:4:1:1:2:4,MUTATE
3:3:4:4:4:1:1:1:4:,recombination,9513.36563862067,3:3:4:4:4:1:2:1:3,3:4:4:4:4:2:3:3:4
2:3:4:4:3:3:3:4:1:,recombination,12258.173493946737,2:3:4:4:4:3:3:4:1,3:3:4:4:4:3:3:4:3
3:3:4:4:4:2:2:4:3:,clone,10825.338684046725,3:3:4:4:4:2:2:4:3
2:2:4:4:4:2:3:3:2:,recombination,10378.11532167361,2:3:4:4:4:2:2:3:2,2:3:4:4:4:1:2:2:2
4:4:4:4:4:1:1:3:4:,recombination,10314.356540051936,4:4:4:4:4:1:2:4:4,3:4:4:4:4:2:2:2:4,MUTATE
3:3:4:4:4:1:2:2:3:,clone,9546.216657668472,3:4:4:4:4:1:2:2:3
4:4:3:4:4:1:1:3:4:,clone,10962.810715950953,4:4:3:4:4:1:2:3:4
0:2:4:1:0:4:4:4:0:,recombination,13771.009631116262,4:4:4:4:4:2:2:4:4,3:4:4:4:4:1:2:3:4,MUTATE
2:3:4:4:3:3:3:4:1:,recombination,11928.810147152395,2:3:4:4:3:3:3:4:2,3:3:4:4:4:2:3:3:3
2:3:4:4:4:1:3:2:2:,clone,9756.874717013761,2:3:4:4:4:1:2:2:2
4:4:4:4:4:2:2:4:4:,recombination,10838.238218431794,2:3:4:4:4:2:2:3:2,3:4:4:4:4:2:2:3:4
4:4:4:4:4:3:3:4:3:,recombination,12655.755242645686,4:4:4:4:4:3:3:4:4,3:4:4:4:4:2:2:4:3
2:2:4:4:4:3:3:4:2:,recombination,13706.0107003386,2:2:4:4:4:3:3:3:2,4:4:3:4:4:3:2:4:4
1:3:4:4:3:3:3:3:1:,clone,12109.981936191107,2:3:4:4:3:2:3:3:2
2:3:4:4:4:2:2:4:2:,clone,10260.749554967368,2:3:4:4:4:2:2:3:2
2:3:4:4:3:4:4:4:1:,recombination,13124.527510245249,0:2:4:1:0:4:4:4:0,4:4:3:4:4:2:2:4:4
4:4:4:4:4:2:2:4:4:,clone,10711.567657176343,4:4:4:4:4:1:2:4:4
4:4:4:4:4:1:1:2:4:,recombination,10328.640311230205,4:4:4:4:4:2:2:4:4,3:3:4:4:4:1:1:1:4,MUTATE
3:4:4:4:4:1:1:2:3:,recombination,9322.207901501079,3:3:4:4:4:1:2:2:3,2:3:4:4:4:1:2:2:3,MUTATE
3:3:4:4:4:1:1:1:3:,recombination,9027.602734132408,3:3:4:4:4:1:2:1:3,3:4:4:4:4:1:1:2:3
3:4:4:4:4:2:3:3:3:,clone,12253.064196760382,3:4:4:4:4:2:2:3:4
4:4:2:4:4:2:2:4:4:,clone,13204.18847940369,4:4:2:4:4:2:2:4:4
2:3:4:4:4:2:3:4:2:,recombination,11023.86079499549,4:4:4:4:4:2:3:3:4,2:3:4:4:4:2:3:4:2,MUTATE
3:4:4:4:4:3:2:4:3:,recombination,12005.710026986857,3:4:4:4:4:3:3:4:3,3:3:4:4:4:2:2:4:3
3:3:4:4:4:3:3:4:2:,recombination,11720.374655149471,2:3:4:4:4:2:3:3:2,3:3:4:4:4:3:3:4:3,MUTATE
2:3:4:4:4:1:2:2:2:,recombination,9253.325800392735,3:3:4:4:4:2:2:3:3,3:3:4:4:4:1:1:1:3
3:3:4:4:4:3:3:4:3:,clone,11798.282761894603,3:3:4:4:4:3:3:4:3
3:4:4:4:4:2:2:3:3:,recombination,11019.181854142887,3:4:4:4:4:1:2:3:3,3:4:4:4:4:1:2:4:3,MUTATE
4:4:4:4:4:1:1:2:4:,recombination,10178.93578353628,3:3:4:4:4:2:2:2:3,4:4:4:4:4:1:1:3:4
4:4:4:4:4:1:1:2:4:,recombination,10038.1652092472,4:4:3:4:4:2:2:4:4,3:3:4:4:4:1:2:2:3,MUTATE
2:3:4:4:4:2:2:3:2:,clone,9536.557275051722,2:3:4:4:4:2:3:3:2
3:4:4:4:4:2:2:3:3:,recombination,10855.572670695288,3:4:4:4:4:1:2:2:3,4:4:4:4:4:1:2:3:4
2:2:4:4:4:1:2:2:2:,clone,9878.07474822557,2:3:4:4:4:2:3:3:2
3:3:4:4:4:2:2:3:3:,recombination,10394.59521755967,3:3:4:4:4:2:2:3:3,2:3:4:4:4:2:2:3:2,MUTATE
2:3:4:4:4:2:3:2:3:,clone,11709.155095885404,2:3:4:4:4:2:3:2:3
3:4:4:4:4:1:2:2:3:,recombination,9721.866272903706,4:4:4:4:4:2:2:4:4,3:3:4:4:4:1:2:2:3
4:4:4:4:4:1:1:1:4:,recombination,9981.990420005744,4:4:4:4:4:2:2:2:4,3:4:4:4:4:1:1:1:4
1:2:4:4:3:2:3:3:1:,recombination,12235.906865334022,1:2:4:4:3:2:3:3:1,4:4:4:4:4:1:1:3:4,MUTATE
4:4:4:4:4:1:1:2:4:,recombination,9608.233185586676,4:4:3:4:4:3:2:4:4,3:4:4:4:4:1:1:1:4
4:4:4:4:4:0:1:2:4:,clone,10990.570834960767,4:4:4:4:4:0:1:2:4
1:2:4:4:3:3:3:4:1:,recombination,12153.173019263753,2:2:4:4:4:2:3:2:2,3:3:4:4:4:2:3:4:2,MUTATE
2:3:4:4:4:2:2:2:2:,recombination,9578.421071296558,2:3:4:4:4:1:2:2:2,4:4:4:4:4:1:2:3:4
3:3:4:4:4:2:3:4:3:,recombination,11223.464655798552,3:4:4:4:4:2:3:4:3,3:3:4:4:4:2:2:3:3
3:4:4:4:4:2:2:4:3:,recombination,10954.88077259331,4:4:4:4:4:2:2:4:4,3:4:4:4:4:2:2:3:3
2:3:4:4:4:2:3:4:2:,recombination,10265.155027725576,3:3:4:4:4:3:3:4:2,2:3:4:4:4:1:2:2:3,MUTATE
2:3:4:4:4:2:3:3:2:,recombination,9883.86344251091,2:3:4:4:4:2:2:3:2,2:3:4:4:4:2:3:4:2
3:3:4:4:4:2:2:4:3:,recombination,10718.387602705528,2:3:4:4:4:2:3:4:2,3:3:4:4:4:2:2:4:3
3:3:4:4:4:1:2:3:3:,recombination,9878.591423851776,3:4:4:4:4:1:2:2:3,4:4:4:4:4:2:1:3:4
2:3:4:4:4:1:2:2:3:,clone,9525.893137507916,2:3:4:4:4:1:2:2:3
2:3:4:4:4:2:3:4:2:,clone,10198.720793845747,2:3:4:4:4:2:3:4:2
1:2:4:4:3:3:4:4:1:,clone,12548.182712463933,1:2:4:4:3:3:3:4:1
2:3:4:4:4:3:3:4:2:,recombination,11866.996180360093,2:3:4:4:3:3:3:4:2,4:3:4:4:4:2:3:4:4
2:3:4:4:4:3:3:4:1:,recombination,11627.096365876048,2:3:4:4:4:3:3:4:1,2:3:4:4:4:2:3:2:3
3:3:4:4:4:1:2:2:3:,clone,9188.929493758684,2:3:4:4:4:1:2:2:3
3:4:4:4:4:1:1:2:4:,recombination,9719.12683252683,4:4:4:4:4:1:2:3:4,3:3:4:4:4:1:1:1:3
2:3:4:4:4:1:2:2:3:,clone,9188.929493758684,3:3:4:4:4:1:2:2:3
2:3:4:4:4:3:3:4:2:,recombination,11539.217688205117,2:2:4:4:4:2:3:2:2,3:3:4:4:4:3:3:4:2,MUTATE
2:3:4:4:4:2:3:4:1:,clone,10639.54996110677,2:3:4:4:4:2:3:4:2
2:3:4:4:4:3:3:4:1:,clone,10830.906991533166,2:3:4:4:4:2:3:4:1
1:2:4:4:3:3:3:4:1:,recombination,11396.372626203489,4:4:4:4:4:2:2:4:4,2:3:4:4:4:2:3:4:2,MUTATE
4:4:3:4:4:3:2:4:4:,clone,13022.753912852315,4:4:3:4:4:3:2:4:4
2:3:4:4:4:2:3:3:2:,clone,9678.155594595262,2:3:4:4:4:2:2:3:2
1:2:4:3:2:4:4:4:1:,recombination,13235.564050646577,2:3:4:4:3:4:4:4:1,3:3:4:4:4:2:2:4:3,MUTATE
3:4:4:4:4:0:0:1:4:,recombination,9312.002717836878,2:3:4:4:4:2:2:3:2,4:4:4:4:4:0:0:0:4
3:4:4:4:4:2:3:3:3:,recombination,12216.724599555662,4:4:4:4:4:2:3:4:4,3:4:4:4:4:2:2:2:3
2:3:4:4:3:3:3:4:1:,clone,10907.569530270302,1:2:4:4:3:3:3:4:1
3:4:4:4:4:1:2:3:3:,recombination,10460.974158234612,3:3:4:4:4:1:2:3:3,3:3:4:4:4:1:2:3:3
1:2:4:4:3:3:3:3:1:,recombination,12780.087337232479,2:3:4:4:4:2:2:3:2,1:2:4:4:3:2:3:3:1
4:4:4:4:4:3:3:4:4:,clone,12251.328302287684,4:4:4:4:4:2:2:4:4
3:3:4:4:4:2:2:4:3:,recombination,10711.533439729934,4:4:3:4:4:1:2:2:4,3:3:4:4:4:2:2:4:3,MUTATE
4:4:4:4:4:3:3:4:4:,clone,12146.168848215892,4:4:4:4:4:3:3:4:4
2:3:4:4:4:2:3:2:2:,clone,9940.818615611044,2:3:4:4:4:2:3:2:2
3:3:4:4:4:2:2:3:3:,recombination,10321.15013369942,4:4:4:4:4:1:2:2:4,2:3:4:4:4:1:2:2:3,MUTATE
3:3:4:4:4:2:3:3:3:,clone,10743.590293598363,3:3:4:4:4:2:3:3:3
1:2:4:4:4:3:3:4:1:,clone,12483.819463466927,1:2:4:4:4:3:3:3:1
3:4:4:4:4:3:3:4:3:,clone,12359.33223229211,3:4:4:4:4:3:2:4:3
3:4:4:4:4:2:3:3:3:,clone,12111.56514548387,3:4:4:4:4:2:3:3:3
4:4:4:4:4:2:3:4:4:,clone,12067.492419326227,4:4:4:4:4:3:3:4:4
3:3:4:4:4:3:3:4:3:,recombination,11624.789069896024,3:3:4:4:4:2:2:4:3,3:3:4:4:4:2:3:4:2,MUTATE
4:4:4:4:4:1:2:2:4:,recombination,10190.97444310721,3:4:4:4:4:1:2:3:3,4:4:4:4:4:1:1:3:4
3:4:4:4:4:1:2:3:4:,clone,10420.13671760832,3:4:4:4:4:1:2:2:4
3:4:4:4:4:1:2:2:4:,clone,10376.376832409642,3:4:4:4:4:1:2:3:3
2:2:4:4:3:3:4:3:2:,clone,14054.653922335372,2:2:4:4:3:3:3:3:2
2:3:4:4:3:3:3:4:2:,clone,10979.387395203736,2:3:4:4:3:3:3:4:2
2:3:4:4:3:2:3:4:2:,clone,10869.079974676722,2:3:4:4:3:3:3:4:2
3:4:4:4:4:1:2:3:3:,recombination,10420.688535585048,3:4:4:4:4:1:2:3:4,3:4:4:4:4:1:2:3:4,MUTATE
3:4:4:4:4:1:2:3:4:,clone,10179.769096850081,3:4:4:4:4:1:2:3:4
4:4:4:4:4:0:1:1:4:,recombination,9383.790676466195,3:3:4:4:4:1:2:2:3,4:4:4:4:4:0:0:0:4,MUTATE
2:2:4:4:3:3:4:4:2:,clone,12342.542695433389,2:2:4:4:3:3:3:4:1
3:4:4:4:4:1:2:3:3:,recombination,10398.863831909533,2:3:4:4:4:2:2:2:2,4:4:4:4:4:1:1:2:4
2:2:4:4:3:3:3:4:2:,clone,11728.392187132322,2:2:4:4:3:3:3:4:1
2:2:4:4:3:3:4:3:2:,recombination,13357.812603266408,3:4:4:4:4:2:3:3:4,1:2:4:4:3:3:3:3:1
3:4:4:4:4:3:3:4:3:,recombination,12350.897187845469,3:3:4:4:4:3:3:4:2,4:4:4:4:4:2:2:3:4
3:4:4:4:4:1:2:3:4:,clone,10074.119608741288,3:4:4:4:4:1:2:3:3
2:3:4:4:3:4:4:4:1:,clone,13023.1140263624,2:3:4:4:3:4:4:4:1
3:4:4:4:4:1:2:3:3:,clone,10179.769096850081,3:4:4:4:4:1:2:3:3
2:3:4:4:4:3:3:4:2:,clone,11120.117384125406,2:3:4:4:4:3:3:4:2
4:4:4:4:4:1:2:3:4:,recombination,10591.612189974034,3:3:4:4:4:1:1:1:4,4:4:3:4:4:1:1:2:4,MUTATE
4:3:4:4:4:2:2:4:4:,recombination,11017.299055719483,3:4:4:4:4:2:2:3:4,3:4:4:4:4:1:1:3:4
2:3:4:4:4:1:2:3:2:,recombination,9842.832725723256,3:3:4:4:4:1:1:3:4,2:3:4:4:4:2:2:3:2
3:3:4:4:4:2:3:4:3:,clone,11182.375782027051,3:3:4:4:4:2:2:4:3
3:3:4:4:4:1:2:3:3:,clone,9854.17654812272,3:3:4:4:4:2:2:3:3
2:2:4:4:3:3:3:4:1:,recombination,11824.025073170495,1:2:4:4:3:3:3:4:1,3:4:4:4:4:1:1:2:3
3:3:4:4:4:2:3:4:3:,clone,10996.914087686844,3:3:4:4:4:2:2:4:3
4:3:4:4:4:2:2:4:4:,recombination,11011.022272607897,3:3:4:4:4:1:2:2:3,4:4:3:4:4:3:2:4:4
3:3:4:4:4:1:2:3:3:,recombination,9483.333325239279,2:3:4:4:4:1:2:3:2,3:4:4:4:4:2:3:4:3,MUTATE
4:4:4:4:4:1:2:3:4:,clone,10241.369129938406,3:4:4:4:4:1:2:3:4
4:4:4:4:4:0:1:2:4:,recombination,10790.925070064895,4:4:4:4:4:1:1:1:4,4:4:4:4:4:0:1:2:4
1:2:4:3:2:3:4:4:1:,recombination,11731.012426091369,2:3:4:4:3:4:4:4:1,2:3:4:4:4:1:2:2:3,MUTATE
2:2:4:4:4:3:3:3:2:,recombination,11957.40855854326,2:2:4:4:4:2:3:2:2,3:4:4:4:4:1:1:2:4
4:3:4:4:4:2:2:4:4:,clone,11011.022272607896,4:3:4:4:4:2:2:4:4
2:3:4:4:4:2:3:2:3:,clone,11691.686728535742,2:3:4:4:4:2:3:2:3
3:3:4:4:4:2:3:4:3:,recombination,10985.048334734089,2:3:4:4:4:2:2:2:2,3:4:4:4:4:1:2:3:4
4:4:4:4:4:2:2:3:4:,recombination,11185.974459865765,4:4:4:4:4:2:2:3:4,4:4:3:4:4:2:2:4:4,MUTATE
3:3:4:4:4:2:2:4:3:,recombination,10552.496760934562,3:4:4:4:4:2:3:4:3,2:3:4:4:4:1:2:3:2,MUTATE
4:4:4:4:4:0:0:1:4:,clone,9355.00037294732,4:4:4:4:4:0:0:1:4
2:2:4:4:3:3:3:3:2:,clone,13321.117270130713,2:2:4:4:3:3:4:3:2
3:4:4:4:4:2:2:4:3:,recombination,10831.542430780795,4:4:4:4:4:2:2:4:4,4:4:4:4:4:1:1:2:4,MUTATE
1:2:4:4:3:3:3:4:1:,clone,11251.91673921812,1:2:4:4:3:3:3:4:1
2:3:4:4:4:2:3:2:2:,clone,9756.874717013761,2:3:4:4:4:2:3:2:2
2:3:4:4:4:3:3:4:2:,clone,10975.529658694524,2:3:4:4:3:3:3:4:1
3:3:4:4:4:2:2:4:3:,clone,10426.52234742874,3:4:4:4:4:1:2:3:3
3:4:4:4:4:2:2:4:3:,recombination,10511.799133094011,3:3:4:4:4:2:2:4:3,3:4:4:4:4:2:2:4:3,MUTATE
2:3:4:3:2:4:4:4:1:,clone,13023.1140263624,2:3:4:4:3:4:4:4:1
2:2:4:4:3:3:3:4:1:,clone,10875.707459889178,2:2:4:4:3:3:3:4:1
1:3:4:4:3:3:3:4:1:,recombination,12406.655733336702,3:4:4:4:4:1:1:1:3,1:2:4:4:3:3:4:3:1
3:3:4:4:3:3:3:4:2:,clone,13434.220414711212,3:3:4:4:4:3:3:4:3
1:2:4:3:2:4:4:4:1:,clone,13023.1140263624,2:3:4:3:2:4:4:4:1
4:4:4:4:4:0:0:1:4:,clone,9343.842094057525,4:4:4:4:4:0:0:1:4
3:4:4:4:4:2:3:4:3:,clone,11440.113431316346,3:4:4:4:4:2:3:4:3
1:3:4:4:3:3:3:4:1:,recombination,11871.283345792455,4:4:4:4:4:1:1:3:4,2:2:4:4:3:3:4:4:2
2:3:4:3:2:4:4:4:1:,recombination,12779.297084193808,2:3:4:4:4:1:2:2:2,1:2:4:3:2:4:4:4:1,MUTATE
3:4:4:4:4:2:2:4:3:,recombination,10494.639090522462,4:4:4:4:4:1:2:3:4,2:3:4:4:4:3:3:4:1,MUTATE
2:3:4:4:3:3:4:4:2:,recombination,12673.942777555489,3:3:4:4:4:2:3:3:3,2:3:4:4:3:4:4:4:1
2:3:4:4:4:2:3:4:2:,clone,10028.381437629463,2:3:4:4:4:2:3:4:2
4:4:3:4:4:0:0:0:4:,clone,10158.403404059762,4:4:3:4:4:0:0:0:4
2:2:4:4:4:2:3:4:2:,recombination,10626.383809386085,2:3:4:4:4:3:3:4:1,3:3:4:4:4:1:2:3:3,MUTATE
4:3:3:4:4:2:2:4:4:,recombination,11458.083106154694,3:3:4:4:4:2:3:4:3,4:4:3:4:4:1:2:3:4,MUTATE
2:2:4:3:2:4:4:4:1:,recombination,12334.284452622698,2:3:4:4:4:1:2:2:3,1:3:4:4:3:3:3:4:1,MUTATE
3:3:4:4:4:1:2:3:4:,recombination,11339.611616012611,4:3:3:4:4:2:2:4:4,3:4:4:4:4:1:2:1:3,MUTATE
4:4:4:4:4:2:2:3:4:,recombination,11095.847259960326,3:3:4:4:4:2:2:4:3,4:4:4:4:4:1:1:2:4
1:3:4:3:2:4:4:4:1:,recombination,12993.793697697962,4:4:4:4:4:1:2:4:4,2:3:4:3:2:4:4:4:1
1:3:4:4:3:3:4:4:1:,recombination,12906.940472520346,0:2:4:1:0:4:4:4:0,2:2:4:4:3:3:3:3:2
4:4:4:4:4:1:2:1:4:,recombination,12027.250518234912,3:3:4:4:4:2:2:1:3,3:4:4:4:4:2:3:3:3,MUTATE
1:2:4:3:2:4:4:4:1:,clone,12214.934561901866,1:2:4:3:2:4:4:4:1
2:2:4:4:4:3:3:4:2:,clone,11216.055220118826,2:2:4:4:4:3:3:4:2
4:4:3:4:4:0:0:1:4:,recombination,11038.420915613859,2:3:4:4:4:1:2:2:2,4:4:3:4:4:0:0:0:4,MUTATE
2:3:4:4:3:3:4:4:1:,recombination,12459.660731449687,3:3:4:4:4:2:2:3:3,3:3:4:4:4:2:2:4:3,MUTATE
2:2:4:4:3:3:3:3:2:,recombination,12407.986609836136,1:2:4:4:3:3:4:4:1,2:2:4:4:4:2:3:2:2,MUTATE
2:3:4:3:3:4:4:4:1:,recombination,12129.693373204864,2:3:4:4:3:4:4:4:1,4:4:4:4:4:3:3:4:4,MUTATE
4:4:4:4:4:0:1:2:4:,recombination,10029.995848200193,4:4:4:4:4:0:0:1:4,4:4:2:4:4:2:1:4:4
4:4:3:4:4:1:1:2:4:,recombination,10990.206126736484,3:4:4:4:4:2:2:3:3,1:3:4:3:2:4:4:4:1,MUTATE
4:4:4:4:4:2:1:3:4:,clone,11673.334816749457,4:4:3:4:4:2:1:3:4
1:2:4:4:3:2:3:4:1:,recombination,12139.067381227984,1:2:4:4:3:3:3:3:1,3:3:4:4:4:1:2:1:3,MUTATE
2:2:4:3:2:3:4:4:1:,clone,12414.864502778557,2:2:4:3:2:3:4:4:1
3:3:4:4:4:3:3:4:2:,recombination,11615.800005532214,1:2:4:4:3:3:3:4:1,3:4:4:4:4:2:2:4:3,MUTATE
1:2:4:2:1:4:4:4:0:,clone,13321.310370738673,1:2:4:2:1:4:4:4:0
1:2:4:2:1:4:4:4:1:,recombination,12433.328850871058,2:3:4:4:3:3:4:4:2,2:3:4:4:4:2:2:3:2
4:4:4:4:4:0:1:2:4:,clone,9974.942727737447,4:4:4:4:4:0:1:2:4
4:4:4:4:4:1:2:1:4:,clone,12027.25051823491,4:4:4:4:4:1:2:1:4
2:3:4:4:4:3:3:4:2:,clone,10909.738654141496,2:3:4:4:4:3:3:4:2
4:4:3:4:4:0:1:1:4:,clone,11460.381489704405,4:4:4:4:4:0:1:1:4
2:2:4:4:2:3:4:4:1:,clone,12922.910226686477,1:2:4:3:2:3:4:4:1
1:2:4:2:1:4:4:4:0:,recombination,12967.5770741771,2:3:4:3:2:4:4:4:1,3:4:4:4:4:1:2:2:3,MUTATE
2:3:4:4:3:4:4:4:2:,recombination,13450.666605453824,2:3:4:4:3:2:3:3:2,3:3:4:4:3:3:3:4:2,MUTATE
2:3:4:4:4:3:3:4:2:,clone,10885.221626831888,2:3:4:4:3:3:3:4:2
2:3:4:4:4:3:3:4:2:,clone,10743.623307288348,2:3:4:4:4:3:3:4:2
4:4:3:4:4:0:1:1:4:,recombination,11138.745614358713,3:3:4:4:4:1:1:3:4,3:4:4:4:4:2:2:3:3
3:3:4:4:4:1:2:4:3:,recombination,10631.113927993512,4:4:2:4:4:1:1:3:4,3:4:4:4:4:1:2:4:3
4:4:3:4:4:0:1:1:4:,clone,11138.745614358711,4:4:3:4:4:0:1:1:4
2:3:4:3:2:4:4:4:2:,clone,13176.138920766249,2:3:4:3:2:4:4:4:2
1:2:4:4:3:3:4:4:1:,recombination,12348.860354190998,2:3:4:4:3:3:4:4:2,1:2:4:4:3:2:3:4:1
2:2:4:4:2:3:4:4:2:,clone,13433.490110111914,2:2:4:3:2:3:4:4:1
2:3:4:4:3:3:4:4:2:,recombination,12514.64830650229,2:3:4:4:4:1:2:2:2,3:3:4:4:4:2:3:3:3
3:3:4:4:4:2:3:4:3:,recombination,10836.512905341417,2:3:4:4:4:2:3:3:2,4:4:4:4:4:3:3:4:4,MUTATE
4:4:4:4:4:1:2:1:4:,clone,11608.589072996907,4:4:4:4:4:1:2:1:4
3:3:4:4:4:2:3:4:2:,recombination,11354.831679601748,4:4:4:4:4:1:2:4:4,3:3:4:4:4:1:2:2:3,MUTATE
2:3:4:4:3:3:4:4:2:,clone,12360.227406621716,2:3:4:4:3:3:4:4:2
2:3:4:4:3:4:4:4:2:,clone,13272.08514110797,2:3:4:4:3:4:4:4:2
2:3:4:4:3:4:4:4:2:,clone,13123.653176506841,2:3:4:4:3:4:4:4:2
1:3:4:4:2:3:4:4:1:,recombination,13526.413902963048,3:3:4:4:4:2:2:4:3,1:3:4:4:3:3:4:4:1
1:2:4:1:0:4:4:4:0:,clone,13376.59796507801,1:2:4:1:0:4:4:4:0
2:3:4:3:2:3:4:4:1:,recombination,13036.722688469574,1:2:4:2:1:4:4:4:1,2:2:4:4:3:3:4:3:2,MUTATE
2:2:4:4:3:3:4:4:1:,clone,12855.764844077989,2:2:4:4:3:3:4:4:1
2:3:4:4:2:4:4:4:2:,recombination,13970.385993430156,3:3:4:4:4:2:2:3:3,3:4:4:4:4:2:3:4:3
2:2:4:4:3:3:4:4:1:,clone,12436.009815392625,2:2:4:4:3:3:4:4:1
1:2:4:4:3:4:4:4:1:,recombination,12948.722020812984,1:2:4:2:1:4:4:4:0,4:4:3:4:4:0:0:1:4,MUTATE
3:4:4:4:4:2:2:3:3:,recombination,10830.502503680582,3:3:4:4:4:2:2:2:3,4:3:4:4:4:2:2:4:4
2:3:4:4:3:4:3:4:2:,recombination,13244.56892697096,2:3:4:4:4:1:2:2:2,3:3:4:4:4:3:3:4:3
2:3:4:4:2:4:4:4:2:,recombination,13479.546594818776,4:4:4:4:4:3:3:4:4,3:3:4:4:4:1:2:2:3,MUTATE
2:3:4:4:3:3:4:4:1:,clone,12264.001045666628,2:3:4:4:3:3:3:4:2
1:2:4:2:0:4:4:4:0:,clone,13094.505973883704,1:2:4:2:1:4:4:4:0
1:2:4:3:1:4:4:4:1:,recombination,13120.106468682477,2:3:4:4:3:4:4:4:1,4:4:4:4:4:2:2:3:4,MUTATE
3:4:4:4:4:2:2:2:4:,recombination,11411.461879949522,3:4:4:4:4:1:2:1:4,2:2:4:4:3:3:4:3:2
1:3:4:4:3:3:3:4:1:,recombination,11316.462802943228,2:3:4:4:3:4:4:4:1,3:4:4:4:4:2:2:2:3,MUTATE
1:2:4:2:1:4:4:4:0:,recombination,12733.844513835904,1:3:4:4:3:3:3:4:1,1:2:4:3:2:4:4:4:1,MUTATE
1:2:4:4:3:3:4:3:1:,clone,13244.63374304045,1:2:4:4:3:3:3:3:1
4:4:4:4:4:0:1:2:4:,recombination,9950.847881973223,4:4:4:4:4:0:0:1:4,2:3:4:4:3:4:4:4:2,MUTATE
2:3:4:4:3:4:3:4:2:,recombination,12865.359325548017,2:3:4:4:4:2:2:3:2,2:3:4:4:4:1:2:2:2
2:3:4:4:2:3:4:4:1:,clone,14037.514129376745,2:3:4:4:3:3:4:4:2
2:3:4:4:2:3:4:4:1:,recombination,13232.84611115938,4:4:4:4:4:2:2:3:4,2:3:4:4:4:3:3:4:2
1:3:4:4:2:3:4:4:1:,clone,13023.55947234501,1:2:4:3:2:3:4:4:1
1:2:4:1:0:4:4:4:0:,clone,12805.99053517849,1:2:4:1:0:4:4:4:0
1:2:4:1:0:4:4:4:0:,clone,12798.720295243096,1:2:4:1:0:4:4:4:0
2:3:4:3:2:4:4:4:1:,recombination,12545.689647386202,2:3:4:4:3:4:3:4:2,3:4:4:4:4:2:3:4:3,MUTATE
4:4:3:4:4:1:1:4:4:,clone,11674.190322324412,4:4:3:4:4:1:1:3:4
1:3:4:4:2:3:4:4:1:,clone,12983.095871884603,1:3:4:4:2:3:4:4:1
4:4:4:4:4:0:1:2:4:,clone,9926.094605151797,4:4:4:4:4:0:1:2:4
4:3:4:4:4:3:3:4:3:,recombination,13105.317255186066,3:3:4:4:4:3:3:4:3,4:3:4:4:4:3:3:4:3,MUTATE
2:2:4:4:2:3:4:4:2:,clone,13345.357569754262,2:2:4:4:2:3:4:4:2
2:3:4:4:2:4:4:4:1:,clone,13586.011002122552,2:3:4:4:2:4:4:4:1
4:4:3:4:4:2:1:4:4:,clone,12046.06099477899,4:4:3:4:4:1:1:4:4
4:3:4:4:4:3:3:4:3:,clone,12803.655012875732,4:3:4:4:4:3:3:4:3
1:2:4:2:0:4:4:4:0:,recombination,13023.19065870699,2:3:4:4:4:2:2:2:2,1:2:4:2:1:4:4:4:0
2:2:4:3:3:3:4:4:1:,recombination,11760.262495235589,2:3:4:4:4:1:2:2:3,4:4:4:4:4:1:1:2:4,MUTATE
2:2:4:3:2:3:4:4:1:,recombination,12243.397024086777,2:3:4:4:4:1:2:2:2,3:3:4:4:4:1:1:2:3
2:3:4:4:3:3:3:4:2:,recombination,10972.697620224508,2:3:4:4:4:2:3:2:2,2:2:4:4:4:3:3:4:2,MUTATE
0:2:4:1:0:4:4:4:0:,clone,12805.990535178491,0:2:4:1:0:4:4:4:0
2:2:4:3:2:3:4:4:1:,clone,12206.43837262191,2:2:4:4:3:3:3:4:1
2:3:4:4:2:3:4:4:2:,recombination,13753.414925703073,2:2:4:4:3:3:4:4:2,3:3:4:4:4:2:3:3:3
1:2:4:2:1:4:4:4:0:,recombination,12708.650823433873,2:3:4:4:4:1:2:2:2,1:2:4:2:1:4:4:4:0
1:2:4:2:1:4:4:4:0:,clone,12553.63584276652,1:2:4:2:1:4:4:4:0
2:3:4:4:2:3:4:4:2:,clone,13606.269855198167,2:3:4:4:2:3:4:4:2
1:2:4:2:0:4:4:4:0:,recombination,12841.319031853804,2:3:4:4:4:2:2:2:2,3:4:4:4:4:2:2:4:3
1:2:4:1:0:4:4:4:0:,clone,12522.707401480819,1:2:4:1:0:4:4:4:0
3:3:4:4:3:3:3:4:3:,recombination,13568.244908093566,2:3:4:4:2:4:4:4:2,4:4:4:4:4:1:1:2:4,MUTATE
2:3:4:4:3:4:3:4:1:,clone,13288.958244920226,2:2:4:4:3:3:3:4:1
0:1:4:1:0:4:4:4:0:,clone,14582.28357874671,0:1:4:1:0:4:4:4:0
2:2:4:4:3:4:4:4:1:,recombination,12859.376088478319,3:3:4:4:4:1:2:2:3,3:3:4:4:4:1:2:3:3,MUTATE
1:2:4:3:3:3:4:4:1:,clone,12103.033473041314,1:2:4:3:3:3:4:4:1
2:2:4:4:3:3:4:4:1:,clone,12189.94822030081,2:2:4:3:2:4:4:4:1
1:2:4:3:1:4:4:4:1:,recombination,12577.418150001291,2:3:4:4:3:4:4:4:1,2:3:4:4:4:2:2:3:2
2:2:4:4:3:3:3:4:2:,clone,11606.633750317482,2:3:4:4:3:3:3:4:2
2:3:4:3:2:3:4:4:1:,clone,12267.641784876256,2:3:4:3:2:3:4:4:1
2:2:4:3:1:4:4:4:1:,recombination,13624.732320913216,3:3:4:4:4:2:2:3:3,3:3:4:4:4:2:2:3:3
2:2:4:4:3:3:4:4:1:,clone,12102.440686816097,2:2:4:4:3:3:4:4:1
1:3:4:3:2:3:4:4:1:,recombination,13673.65563136403,1:3:4:4:3:3:3:3:1,4:3:4:4:4:2:2:4:4,MUTATE
2:2:4:3:1:4:4:4:1:,clone,13492.3515542797,2:2:4:3:1:4:4:4:1
1:2:4:3:2:4:4:4:1:,recombination,12191.900746776746,2:3:4:4:3:4:4:4:2,4:4:4:4:4:1:2:4:4,MUTATE
2:2:4:4:3:3:4:4:1:,recombination,12068.913004173097,2:3:4:4:4:2:2:2:2,4:4:4:4:4:2:2:4:4,MUTATE
4:3:4:4:4:3:3:4:3:,clone,12672.209069991744,4:3:4:4:4:3:3:4:3
2:3:4:4:2:3:4:4:1:,recombination,13051.150819343753,1:3:4:4:3:3:4:4:1,3:4:4:4:4:1:2:3:4
2:2:4:3:1:4:4:4:1:,clone,13352.132179370346,2:2:4:3:1:4:4:4:1
1:2:4:3:1:4:4:4:1:,clone,11983.634556805178,1:2:4:3:1:4:4:4:1
1:2:4:3:3:3:4:4:1:,clone,11885.209389435255,2:2:4:4:3:4:4:4:1
2:2:4:3:1:4:4:4:1:,clone,13174.227683188334,2:2:4:3:1:4:4:4:1
2:2:4:4:3:4:4:4:1:,clone,12706.663396224652,2:2:4:4:3:4:4:4:1
3:3:4:4:4:2:3:4:2:,recombination,11183.99520144207,2:3:4:4:3:3:4:4:2,4:4:4:4:4:0:0:1:4,MUTATE
2:2:4:4:3:4:4:4:1:,clone,12657.612216946689,2:2:4:4:3:4:4:4:1
0:1:4:1:0:4:4:4:0:,clone,14436.967637414225,0:1:4:1:0:4:4:4:0
2:3:4:4:3:4:3:4:1:,clone,13255.58160887789,2:3:4:4:3:4:3:4:1
4:4:4:4:4:2:1:3:4:,clone,11642.131699991634,4:4:4:4:4:1:1:3:4
1:2:4:3:2:4:4:4:1:,recombination,12105.340378197277,2:3:4:4:4:2:2:3:2,3:3:4:4:4:1:2:2:3,MUTATE
2:2:4:3:2:3:4:4:1:,clone,12158.670722277597,2:2:4:3:2:3:4:4:1
0:1:4:1:0:4:4:4:0:,recombination,14424.05952253689,4:4:4:4:4:2:2:4:4,0:1:4:1:0:4:4:4:0,MUTATE
1:3:4:3:2:3:4:4:1:,clone,12983.213796145,1:3:4:3:2:3:4:4:1
3:3:4:4:4:2:2:4:3:,recombination,10135.456450104288,3:3:4:4:4:2:2:2:3,4:4:4:4:4:1:2:4:4,MUTATE
3:3:4:4:4:2:2:4:3:,clone,10117.02466165034,3:3:4:4:4:2:2:4:3
2:3:4:4:2:4:4:4:1:,recombination,13480.206574123946,2:3:4:4:4:1:2:2:3,3:4:4:4:4:2:2:2:4,MUTATE
2:3:4:3:2:3:4:4:2:,recombination,13354.614879375782,4:4:4:4:4:1:2:4:4,4:4:3:4:4:1:2:3:4,MUTATE
4:4:2:4:4:1:1:4:4:,clone,13077.09590257292,4:4:2:4:4:1:1:4:4
2:3:4:4:3:4:4:4:1:,recombination,12906.870235967805,2:3:4:4:4:2:2:3:2,1:2:4:4:3:3:4:4:1,MUTATE
2:3:4:4:2:3:4:4:1:,clone,12974.551198984977,2:3:4:4:2:3:4:4:1
3:3:4:4:4:2:3:4:3:,recombination,10782.049306540595,3:3:4:4:4:2:2:4:3,2:2:4:4:3:3:4:4:2
2:3:4:4:2:3:4:4:2:,recombination,13466.000786145065,2:2:4:4:3:3:4:3:2,3:3:4:4:4:2:3:3:3,MUTATE
2:3:4:3:2:3:4:4:2:,clone,13343.351426456074,2:3:4:4:2:3:4:4:2
3:3:4:4:3:3:3:4:2:,recombination,13200.060319137356,4:4:4:4:4:1:2:3:4,4:4:3:4:4:1:2:3:4,MUTATE
2:2:4:3:2:4:4:4:1:,recombination,12240.214516073967,3:4:4:4:4:3:2:4:3,0:2:4:1:0:4:4:4:0
2:3:4:4:3:4:4:4:1:,clone,12780.8844588767,2:3:4:4:3:4:4:4:1
3:3:4:4:4:3:3:4:2:,clone,11312.618775123148,2:3:4:4:4:3:3:4:2
2:2:4:2:1:4:4:4:1:,recombination,13342.25135727314,2:2:4:3:1:4:4:4:1,2:2:4:4:3:3:4:4:2,MUTATE
4:4:4:4:4:2:1:3:4:,clone,11466.91336610377,4:4:4:4:4:2:1:3:4
3:3:4:4:4:1:2:4:3:,clone,10455.89559410565,3:3:4:4:4:1:2:4:3
3:4:4:4:4:1:2:3:3:,recombination,10149.500667154694,3:4:4:4:4:2:2:3:3,3:4:4:4:4:1:1:1:3
1:2:4:4:2:4:4:4:1:,recombination,13124.29759599327,3:3:4:4:4:1:2:3:3,4:4:4:4:4:2:2:4:4
1:2:4:3:1:4:4:4:0:,recombination,12712.161003782361,1:2:4:4:3:3:4:3:1,4:4:4:4:4:1:2:4:4
4:4:4:4:4:2:1:3:4:,recombination,11421.697499061642,4:4:3:4:4:2:1:4:4,4:4:2:4:4:1:1:3:4,MUTATE
1:2:4:4:2:3:4:4:1:,recombination,13698.194876090482,3:3:4:4:4:1:2:3:3,1:3:4:4:3:3:4:4:1,MUTATE
1:2:4:4:2:3:4:4:1:,clone,12800.44812435807,1:2:4:4:3:3:4:4:1
1:3:4:3:2:3:4:4:1:,clone,12529.34049540813,1:3:4:3:2:3:4:4:1
2:3:4:3:2:3:4:4:2:,recombination,13059.062197640467,3:3:4:4:4:3:3:4:2,4:4:4:4:4:1:1:2:4
3:4:4:4:4:2:2:3:3:,recombination,10760.640068187035,3:3:4:4:4:3:3:4:2,3:4:4:4:4:1:2:3:3
1:3:4:3:2:3:4:4:1:,clone,12108.19333888339,1:3:4:3:2:3:4:4:1
3:3:4:4:4:2:2:3:3:,recombination,10256.499450171777,3:3:4:4:4:1:1:2:3,3:4:4:4:4:2:2:3:4
3:3:4:4:4:3:3:4:2:,clone,11243.15050648548,3:3:4:4:4:3:3:4:2
2:3:4:4:2:3:4:4:1:,clone,12923.402599306588,2:3:4:4:2:3:4:4:1
3:4:4:4:4:1:2:3:3:,clone,9782.087072531105,3:4:4:4:4:1:2:3:3
1:2:4:4:2:4:4:4:1:,clone,12939.731079122788,1:2:4:4:2:4:4:4:1
1:2:4:2:0:4:4:4:0:,recombination,12649.4805324464,2:2:4:4:4:2:3:3:2,2:2:4:4:3:3:3:4:1,MUTATE
4:4:2:4:4:2:1:4:4:,clone,13077.09590257292,4:4:2:4:4:2:1:4:4
1:2:4:2:0:4:4:4:0:,clone,12523.494755355296,1:2:4:2:0:4:4:4:0
2:2:4:4:4:3:3:4:1:,recombination,11798.025555335478,4:4:4:4:4:1:2:4:4,3:3:4:4:4:1:1:2:3
1:2:4:3:1:3:4:4:1:,recombination,13267.491574324227,1:2:4:3:2:4:4:4:1,2:2:4:4:3:3:4:3:2,MUTATE
1:2:4:4:2:4:4:4:1:,clone,12930.953895817353,1:2:4:4:2:4:4:4:1
0:1:4:1:0:4:4:4:0:,recombination,13152.68917941882,2:2:4:4:3:3:3:4:1,1:2:4:4:3:3:3:4:1
2:3:4:3:2:3:4:4:1:,clone,12216.79170624308,2:3:4:3:2:3:4:4:1
2:2:4:4:4:2:3:4:1:,clone,11258.439707798445,2:2:4:4:4:2:3:4:1
0:1:4:1:0:4:4:4:0:,recombination,12916.959059635752,4:4:4:4:4:1:1:2:4,1:2:4:1:0:4:4:4:0
3:3:4:4:4:2:2:3:3:,recombination,10238.737191236001,4:4:4:4:4:2:3:4:4,3:3:4:4:4:2:2:3:3
2:3:4:3:2:3:4:4:2:,clone,12667.5359578815,2:3:4:3:2:3:4:4:2
1:2:4:3:1:4:4:4:0:,recombination,12402.118710112389,1:2:4:4:4:3:3:3:1,3:4:4:4:4:2:2:4:3,MUTATE
1:2:4:3:2:4:4:4:0:,recombination,12965.735529728227,3:3:4:4:4:2:2:4:3,2:2:4:4:4:3:3:4:2,MUTATE
1:2:4:2:0:4:4:4:0:,recombination,12327.199154099031,2:2:4:3:2:3:4:4:1,3:3:4:4:4:1:2:2:3
1:3:4:3:1:4:4:4:1:,recombination,14092.910523918898,2:3:4:4:2:3:4:4:1,2:2:4:2:1:4:4:4:1
1:3:4:3:2:4:4:4:1:,recombination,12816.69110123189,3:4:4:4:4:1:1:1:3,1:2:4:2:0:4:4:4:0,MUTATE
3:3:4:4:3:4:3:4:2:,recombination,13691.252602676863,3:4:4:4:4:2:3:3:3,3:4:4:4:4:2:2:3:4,MUTATE
2:2:4:3:2:3:4:4:1:,recombination,11551.678809722946,1:3:4:3:1:4:4:4:1,3:3:4:4:4:2:3:4:3
2:3:4:4:3:4:3:4:2:,clone,12848.241136105276,2:3:4:4:3:4:3:4:2
2:3:4:3:2:3:4:4:2:,clone,12266.320150613585,2:3:4:3:2:3:4:4:2
2:2:4:3:3:3:3:4:1:,recombination,11567.046578261668,2:2:4:3:2:3:4:4:1,4:4:4:4:4:2:2:3:4,MUTATE
2:2:4:4:2:4:4:4:1:,recombination,13599.928250543673,2:3:4:4:4:2:3:4:2,2:3:4:4:4:2:3:2:2
2:2:4:4:4:3:3:4:1:,clone,11241.307425583263,2:2:4:4:4:3:3:4:1
1:3:4:2:1:4:4:4:1:,clone,13436.090103741579,1:3:4:2:1:4:4:4:1
2:3:4:4:3:3:4:4:2:,clone,12319.586045533455,2:3:4:4:3:3:4:4:2
2:2:4:4:4:3:3:4:1:,clone,11114.214848752501,2:2:4:4:4:3:3:4:1
2:3:4:4:3:4:4:4:2:,recombination,12871.334326184635,2:3:4:3:2:3:4:4:2,3:3:4:4:4:1:2:3:3,MUTATE
1:2:4:2:1:4:4:4:1:,recombination,12151.81341755905,2:3:4:4:4:2:3:4:2,4:4:4:4:4:2:2:3:4,MUTATE
2:2:4:3:3:3:3:4:1:,recombination,11424.532157324717,4:4:4:4:4:0:0:0:4,2:2:4:3:2:3:4:4:1,MUTATE
1:2:4:3:2:4:4:4:0:,recombination,12400.251369878228,3:3:4:4:4:3:3:4:2,1:2:4:2:0:4:4:4:0,MUTATE
1:2:4:3:1:3:4:4:0:,recombination,12670.187864547064,2:2:4:3:2:3:4:4:1,2:3:4:4:4:3:3:4:1
1:2:4:2:1:4:4:4:0:,recombination,12412.539817595796,4:3:4:4:4:2:2:4:4,2:2:4:3:3:3:3:4:1
1:3:4:4:4:2:3:4:1:,clone,12179.494536731449,1:3:4:4:4:2:3:3:1
2:3:4:4:4:2:2:4:2:,recombination,10141.95660793072,4:4:4:4:4:1:2:4:4,3:3:4:4:4:1:1:2:3
2:3:4:3:3:3:4:4:1:,clone,12329.293218175073,2:3:4:3:3:3:4:4:1
2:2:4:3:3:3:4:4:1:,recombination,11656.953812251242,3:4:4:4:4:2:2:3:3,4:4:4:4:4:1:2:2:4,MUTATE
2:3:4:4:3:3:4:4:2:,clone,12184.342240173783,2:3:4:4:3:3:4:4:2
1:2:4:2:1:4:4:4:0:,recombination,12386.557525676095,2:2:4:3:3:3:3:4:1,4:4:3:4:4:1:1:3:4,MUTATE
1:2:4:2:1:4:4:4:1:,clone,12098.928236514997,1:2:4:2:1:4:4:4:1
1:2:4:3:1:4:4:4:0:,clone,12348.213692432008,1:2:4:3:1:4:4:4:0
2:3:4:4:2:3:4:4:1:,recombination,12913.706139775131,3:4:4:4:4:2:2:4:3,4:4:4:4:4:1:1:1:4
2:3:4:4:3:4:3:4:2:,clone,12814.73276961011,2:3:4:4:3:4:3:4:2
2:3:4:4:3:4:4:4:2:,recombination,12832.838495981161,4:4:2:4:4:1:1:4:4,4:4:4:4:4:2:3:4:4,MUTATE
2:3:4:4:3:4:3:4:2:,clone,12560.300158492304,2:3:4:4:3:4:3:4:2
2:3:4:4:3:4:3:4:2:,clone,12353.203779388403,2:3:4:4:3:4:3:4:2
1:2:4:3:2:4:4:4:1:,clone,11899.844445030325,1:2:4:3:2:4:4:4:1
2:3:4:4:3:4:3:4:2:,clone,12348.000017261842,2:3:4:4:3:3:3:4:2
0:2:4:2:0:4:4:4:0:,recombination,13286.000174466913,3:4:4:4:4:1:1:2:4,1:2:4:4:3:3:3:4:1,MUTATE
2:3:4:3:2:3:4:4:1:,recombination,11818.639868011065,2:3:4:3:3:3:4:4:1,3:4:4:4:4:1:2:2:4,MUTATE
4:3:3:4:4:3:3:4:4:,recombination,13790.271830319052,1:2:4:4:3:3:3:4:1,4:4:2:4:4:2:2:4:4
1:1:4:2:0:4:4:4:0:,recombination,14376.526817304813,2:3:4:4:3:3:3:4:2,2:3:4:4:4:2:3:4:2
2:2:4:3:2:4:4:4:1:,recombination,12094.966709523418,2:3:4:3:2:3:4:4:1,2:2:4:4:4:2:3:4:2,MUTATE
1:3:4:3:1:4:4:4:1:,recombination,13299.364723216202,4:4:4:4:4:1:1:2:4,1:3:4:3:2:3:4:4:1
1:2:4:2:1:4:4:4:1:,clone,12076.913597788956,1:2:4:2:1:4:4:4:1
2:2:4:3:3:4:4:4:1:,clone,12057.892790247315,2:2:4:3:2:4:4:4:1
1:2:4:2:1:4:4:4:1:,clone,12050.262110404097,1:2:4:2:1:4:4:4:1
2:2:4:4:2:4:4:4:1:,recombination,12827.135092034872,2:3:4:3:2:3:4:4:1,2:3:4:3:2:4:4:4:2,MUTATE
2:3:4:4:3:3:3:3:2:,clone,12782.893807368922,2:3:4:4:3:3:3:3:2
1:2:4:3:2:3:4:4:1:,recombination,11677.035287064962,2:3:4:4:4:2:3:2:2,3:3:4:4:4:3:3:4:2,MUTATE
2:3:4:4:3:4:4:4:2:,clone,12282.566168869644,2:3:4:4:3:4:4:4:2
1:2:4:3:2:3:4:4:1:,clone,11421.093829620117,1:2:4:3:2:3:4:4:1
2:3:4:3:2:4:4:4:2:,recombination,11915.766266268047,1:2:4:3:1:4:4:4:1,2:3:4:4:3:4:3:4:2
1:2:4:2:1:4:4:4:1:,clone,11891.447027324482,1:2:4:2:1:4:4:4:1
1:2:4:2:1:4:4:4:1:,clone,11762.954023323022,1:2:4:2:1:4:4:4:1
2:3:4:3:2:4:4:4:1:,recombination,12479.460923033199,3:4:4:4:4:3:2:4:3,2:3:4:4:4:2:3:2:2
1:2:4:4:3:3:4:4:1:,clone,12248.91883966923,2:2:4:4:3:3:3:4:1
0:2:4:2:0:4:4:4:0:,recombination,12955.166785092557,2:2:4:4:4:1:2:2:2,2:2:4:4:2:3:4:4:1,MUTATE
0:2:4:1:0:4:4:4:0:,recombination,12435.456630165538,2:2:4:4:3:3:3:4:1,2:3:4:4:4:2:3:4:2,MUTATE
3:3:4:4:4:3:3:4:3:,clone,11617.04367030455,3:3:4:4:4:2:3:4:3
2:3:4:4:2:4:4:4:1:,recombination,13310.472502314036,2:3:4:4:3:4:3:4:1,4:4:3:4:4:2:2:3:4,MUTATE
1:2:4:2:1:4:4:4:0:,clone,12172.2387996347,1:2:4:2:1:4:4:4:0
0:2:4:1:0:4:4:4:0:,clone,12336.945080817553,0:2:4:1:0:4:4:4:0
1:2:4:2:1:4:4:4:0:,clone,12048.76619160727,1:2:4:2:1:4:4:4:0
1:2:4:2:1:4:4:4:0:,clone,11915.266834907094,1:2:4:2:1:4:4:4:0
1:3:4:4:3:3:3:3:1:,clone,12106.240288039853,1:3:4:4:4:2:3:3:1
3:3:4:4:4:2:3:4:2:,clone,11166.022803435382,3:3:4:4:4:2:3:4:3
1:2:4:2:1:3:4:4:0:,recombination,11856.911961042668,2:3:4:4:4:2:3:4:2,3:3:4:4:4:2:2:1:3,MUTATE
1:2:4:1:0:4:4:4:0:,clone,12429.53479955252,1:2:4:1:0:4:4:4:0
4:4:4:4:4:2:2:3:4:,recombination,11078.193176619592,4:3:4:4:4:2:3:4:4,4:4:4:4:4:1:2:1:4
1:2:4:3:1:4:4:4:0:,clone,12250.051829010132,1:2:4:3:1:4:4:4:0
2:3:4:4:2:3:4:4:2:,recombination,12992.379111555472,4:4:4:4:4:2:3:3:4,2:3:4:4:4:3:3:4:2,MUTATE
1:2:4:3:2:3:4:4:0:,clone,11604.554529967605,1:2:4:3:1:4:4:4:0
2:3:4:3:2:3:4:4:1:,recombination,11809.29457465124,3:4:4:4:4:1:2:3:3,2:3:4:4:4:3:3:4:2
1:2:4:2:1:3:4:4:1:,recombination,12326.456447047465,2:3:4:4:4:2:3:4:2,3:4:4:4:4:2:2:2:4
1:2:4:2:1:3:4:4:0:,clone,11564.487060448619,1:2:4:3:2:3:4:4:0
1:2:4:3:1:3:4:4:1:,recombination,12458.37846917145,3:4:4:4:4:3:3:4:3,1:3:4:3:1:4:4:4:1,MUTATE
1:2:4:2:0:4:4:4:0:,recombination,12281.984352481351,2:2:4:4:4:1:2:2:2,4:4:4:4:4:1:1:2:4,MUTATE
0:2:4:1:0:4:4:4:0:,clone,12129.083725996274,0:2:4:1:0:4:4:4:0
1:2:4:2:0:4:4:4:0:,clone,12243.271100638398,1:2:4:2:0:4:4:4:0
4:4:4:4:4:3:3:3:4:,recombination,13357.527735013991,3:3:4:4:4:1:2:3:3,4:4:4:4:4:2:2:2:4,MUTATE
1:2:4:4:3:3:4:4:1:,recombination,12086.728640831268,4:4:4:4:4:2:1:3:4,4:4:4:4:4:1:2:2:4
1:1:4:1:0:4:4:4:0:,recombination,14337.224580760867,1:2:4:4:3:4:4:4:1,3:4:4:4:4:1:2:3:4,MUTATE
0:2:4:2:0:4:4:4:0:,recombination,12779.114109848564,0:2:4:2:0:4:4:4:0,3:3:4:4:4:2:2:4:3,MUTATE
0:1:4:1:0:4:4:4:0:,clone,12881.109068228787,0:1:4:1:0:4:4:4:0
2:2:4:2:1:4:4:4:1:,clone,13204.18847940369,1:2:4:2:1:4:4:4:1
1:2:4:2:0:4:4:4:0:,recombination,12113.658998673196,4:4:4:4:4:1:2:3:4,1:2:4:2:0:4:4:4:0
1:2:4:2:1:4:4:4:0:,clone,11666.179889185603,1:2:4:2:1:4:4:4:0
1:3:4:4:3:3:4:4:1:,recombination,12520.722568737461,2:3:4:3:2:3:4:4:1,3:4:4:4:4:1:2:3:3
1:2:4:3:1:4:4:4:0:,clone,12224.198064728165,1:2:4:3:1:4:4:4:0
0:1:4:1:0:4:4:4:0:,recombination,12607.33703053949,1:2:4:2:0:4:4:4:0,3:3:4:4:4:2:2:4:3
0:1:4:1:0:4:4:4:0:,clone,12597.020166234113,0:1:4:1:0:4:4:4:0
1:3:4:4:3:4:4:4:1:,recombination,13659.667272878365,2:3:4:4:3:4:4:4:2,3:4:4:4:4:2:2:2:4,MUTATE
2:3:4:4:3:3:4:4:1:,clone,12166.664494739487,2:3:4:3:2:3:4:4:1
2:3:4:4:3:4:4:4:1:,recombination,12678.71229574111,3:4:4:4:4:3:2:4:3,2:3:4:4:3:3:4:4:2
2:3:4:4:3:4:3:4:1:,clone,12543.620887024472,2:3:4:4:3:4:4:4:1
2:3:4:4:3:4:3:4:1:,clone,12406.17781917285,2:3:4:4:3:4:3:4:1
2:3:4:4:3:3:4:4:1:,clone,12018.173398093913,2:3:4:4:3:3:4:4:1
2:3:4:4:2:4:4:4:2:,clone,13465.442634992874,2:3:4:4:2:4:4:4:2
1:3:4:4:4:3:3:4:1:,clone,12384.803068354538,2:3:4:4:4:2:3:4:2
0:2:4:2:0:4:4:4:0:,recombination,12775.63815083329,1:2:4:2:0:4:4:4:0,2:3:4:4:4:3:3:4:1
1:3:4:3:2:3:4:4:1:,recombination,11797.181862632664,1:2:4:2:1:4:4:4:0,2:3:4:3:2:4:4:4:1
1:3:4:3:3:3:3:4:1:,recombination,11648.582961025702,4:4:4:4:4:1:1:3:4,3:4:4:4:4:1:2:1:3
1:3:4:4:4:2:3:4:1:,clone,11848.519954027974,1:3:4:4:4:2:3:4:1
2:3:4:3:2:4:4:4:1:,clone,12409.327142339236,2:3:4:3:2:4:4:4:1
1:3:4:4:3:3:4:4:1:,recombination,12437.812739222385,2:2:4:4:4:3:3:3:2,2:3:4:4:4:3:3:4:1,MUTATE
2:3:4:4:2:4:4:4:1:,recombination,13290.773919085954,4:4:4:4:4:1:1:2:4,4:4:3:4:4:3:2:4:4,MUTATE
1:2:4:3:1:3:4:4:1:,clone,12443.867870396789,1:2:4:3:1:3:4:4:1
4:3:4:4:4:2:3:4:3:,clone,12228.221925751843,3:3:4:4:4:2:3:4:3
1:3:4:3:3:3:4:4:1:,recombination,12152.544549727709,4:4:4:4:4:1:1:2:4,3:4:4:4:4:1:2:1:3
2:2:4:4:2:3:4:4:2:,recombination,13017.426843885063,4:4:4:4:4:2:3:3:4,4:4:3:4:4:1:1:2:4,MUTATE
1:2:4:3:3:3:4:4:1:,clone,11802.0053125783,1:2:4:3:2:3:4:4:1
1:3:4:3:3:3:4:4:1:,clone,12059.654584362695,1:3:4:3:3:3:4:4:1
2:2:4:3:2:3:4:4:2:,recombination,13165.320774900969,4:4:4:4:4:2:3:3:4,4:4:4:4:4:1:2:3:4,MUTATE
1:2:4:3:1:3:4:4:1:,recombination,12314.845499164358,3:3:4:4:4:2:2:3:3,2:2:4:4:4:1:2:2:2,MUTATE
2:2:4:4:3:3:4:4:1:,recombination,12067.1230456643,3:3:4:4:4:2:2:3:3,4:4:4:4:4:1:2:3:4,MUTATE
2:2:4:3:2:3:4:4:2:,recombination,12913.923657241801,2:2:4:3:2:3:4:4:2,2:3:4:4:4:3:3:4:1
1:2:4:3:2:4:4:4:0:,recombination,12347.94823560971,1:2:4:3:2:3:4:4:0,1:2:4:4:3:4:4:4:1
2:3:4:3:3:3:4:4:1:,recombination,12115.383557343417,1:2:4:3:1:4:4:4:0,3:4:4:4:4:1:1:3:4
0:1:4:1:0:4:4:4:0:,clone,12561.469729032622,0:1:4:1:0:4:4:4:0
2:2:4:4:3:4:4:4:2:,recombination,14038.920162343882,4:4:3:4:4:0:1:1:4,2:3:4:4:4:2:2:4:2,MUTATE
1:3:4:4:3:3:4:4:1:,recombination,12173.362400334487,1:3:4:4:4:2:3:3:1,2:3:4:4:2:4:4:4:2,MUTATE
0:1:4:1:0:4:4:4:0:,recombination,12380.152090724967,2:3:4:4:4:1:2:2:2,2:3:4:4:4:2:3:4:2,MUTATE
1:3:4:3:2:4:4:4:1:,recombination,12436.30492061687,2:2:4:4:3:3:4:4:1,2:2:4:4:2:3:4:4:2,MUTATE
2:2:4:4:3:4:4:4:2:,recombination,13285.190595920843,4:4:3:4:4:3:2:4:4,2:2:4:4:3:3:4:4:1
2:3:4:4:2:4:4:4:1:,recombination,13167.188404188875,4:4:3:4:4:0:1:1:4,2:3:4:4:4:2:3:3:2,MUTATE
0:1:4:1:0:4:4:4:0:,recombination,12358.311186247123,2:3:4:4:4:3:3:4:1,3:3:4:4:4:1:2:3:3,MUTATE
4:3:4:4:4:3:2:4:3:,recombination,12759.512008810165,3:3:4:4:4:2:3:3:3,4:4:2:4:4:2:2:4:4,MUTATE
0:1:4:1:0:4:4:4:0:,recombination,12161.988910530388,0:1:4:1:0:4:4:4:0,2:3:4:4:4:3:3:4:2,MUTATE
1:1:4:1:0:4:4:4:0:,recombination,12845.931104467052,2:2:4:4:3:3:3:4:1,3:4:4:4:4:1:2:3:3
4:4:4:4:4:2:2:4:3:,recombination,12571.958844119612,4:4:4:4:4:1:2:4:4,4:4:2:4:4:2:2:4:4,MUTATE
0:2:4:2:1:4:4:4:0:,recombination,13263.52591161232,3:3:4:4:4:2:2:2:3,1:3:4:4:4:2:3:4:1
2:3:4:4:2:4:4:4:1:,recombination,13161.377272888854,4:4:3:4:4:2:2:4:4,4:4:4:4:4:2:2:3:4,MUTATE
0:2:4:2:1:4:4:4:0:,clone,13171.761857642363,0:2:4:2:1:4:4:4:0
4:4:3:4:4:1:2:4:4:,clone,11500.17982251796,4:4:4:4:4:1:2:3:4
4:4:3:4:4:2:2:4:4:,clone,11734.689021892167,4:4:3:4:4:1:2:4:4
4:4:2:4:4:0:0:0:4:,clone,11653.102832718096,0:2:4:1:0:4:4:4:0
4:4:2:4:4:0:0:0:4:,clone,11548.815954056981,4:4:2:4:4:0:0:0:4
4:4:3:4:4:2:2:4:4:,recombination,11619.551845486874,1:2:4:3:3:3:4:4:1,4:4:3:4:4:2:1:3:4,MUTATE
4:3:3:4:4:2:2:4:4:,clone,11340.523279967,4:3:3:4:4:2:2:4:4
4:4:3:4:4:0:1:2:4:,clone,11729.914214422242,4:4:3:4:4:0:1:2:4
3:4:4:4:4:3:3:4:3:,clone,12281.8924329018,3:4:4:4:4:3:3:4:3
2:2:4:3:2:4:4:4:2:,recombination,13998.187523903061,1:2:4:3:1:4:4:4:1,3:4:4:4:4:2:2:4:3
2:2:4:3:2:4:4:4:2:,recombination,13391.403627574631,4:3:4:4:4:2:2:4:4,2:3:4:4:4:2:3:4:2,MUTATE
2:2:4:3:1:4:4:4:1:,recombination,12708.063809843161,2:3:4:4:4:1:2:2:3,2:3:4:4:3:4:3:4:1
3:3:4:4:4:2:2:4:2:,clone,11730.924507717062,3:3:4:4:4:2:2:4:3
3:3:4:4:4:2:2:4:2:,recombination,11548.94336686946,4:4:3:4:4:2:2:4:4,2:3:4:4:2:3:4:4:1,MUTATE
1:2:4:1:0:4:4:4:0:,clone,12392.495216428584,1:2:4:1:0:4:4:4:0
4:4:1:4:4:0:0:0:4:,clone,11871.928108260241,1:2:4:2:0:4:4:4:0
2:3:4:4:2:3:4:4:1:,recombination,12909.357102750135,1:2:4:3:2:3:4:4:1,3:3:4:4:4:1:2:4:3
2:2:4:4:3:4:3:4:1:,recombination,13502.400394765416,4:4:4:4:4:2:3:4:4,4:4:3:4:4:1:2:4:4,MUTATE
4:4:2:4:4:0:0:1:4:,recombination,11827.510079309191,1:2:4:2:1:4:4:4:0,1:2:4:4:3:3:4:4:1
3:3:4:4:3:3:3:4:2:,recombination,13074.242966243699,2:3:4:4:4:2:2:2:3,2:2:4:2:1:4:4:4:1
2:3:4:4:2:4:4:4:2:,clone,13210.440594394266,2:3:4:4:2:4:4:4:2
2:3:4:4:3:4:4:4:1:,recombination,12620.35060724466,3:4:4:4:4:3:3:4:3,4:4:3:4:4:0:1:1:4,MUTATE
4:4:2:4:4:0:0:0:4:,recombination,10635.424808743834,4:4:3:4:4:2:1:4:4,4:4:4:4:4:2:3:4:4,MUTATE
4:4:2:4:4:0:0:1:4:,recombination,11133.46789429696,4:4:2:4:4:1:1:2:4,2:3:4:4:3:4:3:4:2,MUTATE
1:2:4:3:1:3:4:4:0:,recombination,12306.418847449673,0:1:4:1:0:4:4:4:0,3:3:4:4:4:2:2:3:3,MUTATE
4:4:3:4:4:1:1:2:4:,recombination,10789.940158021518,1:2:4:1:0:4:4:4:0,4:4:2:4:4:0:0:0:4,MUTATE
2:3:4:3:1:4:4:4:1:,recombination,13642.68542476937,4:3:4:4:4:3:3:4:3,2:3:4:3:3:3:4:4:1,MUTATE
4:4:3:4:4:0:1:1:4:,clone,11086.7878201239,4:4:3:4:4:0:1:1:4
4:4:3:4:4:0:1:2:4:,clone,11398.963211755678,4:4:3:4:4:0:1:1:4
2:3:4:4:3:4:3:4:1:,recombination,12251.678135554064,1:2:4:2:0:4:4:4:0,2:3:4:4:3:4:4:4:1,MUTATE
2:3:4:4:3:4:3:4:1:,clone,12235.574795433342,2:3:4:4:3:4:3:4:1
2:3:4:4:2:4:4:4:1:,recombination,12840.724967746022,2:3:4:4:3:4:4:4:1,3:4:4:4:4:2:3:3:3,MUTATE
1:3:4:3:1:3:4:4:1:,clone,13453.374626291228,1:2:4:3:2:3:4:4:1
0:1:4:2:0:4:4:4:0:,recombination,13475.447035924988,1:2:4:4:2:3:4:4:1,3:3:4:4:4:1:1:1:3,MUTATE
4:4:4:4:4:3:2:4:4:,recombination,12513.698799329497,1:2:4:3:1:4:4:4:0,2:3:4:4:4:2:2:2:2,MUTATE
1:1:4:2:0:4:4:4:0:,clone,14083.330256737614,1:2:4:2:0:4:4:4:0
1:1:4:2:0:4:4:4:0:,clone,13798.777078786969,1:2:4:2:1:4:4:4:0
2:3:4:4:2:3:4:4:1:,clone,12881.156250301578,2:3:4:4:2:3:4:4:1
2:3:4:4:2:3:4:4:1:,clone,12835.078802604827,2:3:4:4:2:3:4:4:1
2:3:4:4:2:4:4:4:2:,clone,13204.18847940369,1:3:4:3:2:4:4:4:1
2:3:4:3:1:4:4:4:1:,recombination,13538.585999876743,2:3:4:4:2:3:4:4:1,3:3:4:4:4:2:2:4:3,MUTATE
2:2:4:2:1:4:4:4:1:,recombination,12990.991597289805,2:3:4:4:4:2:3:4:2,3:4:4:4:4:3:3:4:3,MUTATE
4:4:3:4:4:1:1:1:4:,clone,12312.009248700942,4:4:4:4:4:1:1:1:4
3:3:4:4:3:3:3:4:3:,recombination,13526.058986724813,4:4:4:4:4:1:1:2:4,4:4:4:4:4:2:2:2:4
3:3:4:4:4:3:3:4:3:,recombination,11325.841074883287,2:3:4:3:3:3:4:4:1,2:2:4:3:2:3:4:4:1
1:3:4:4:3:4:4:4:1:,recombination,12899.479790914105,2:3:4:4:4:3:3:3:2,3:3:4:4:4:3:3:3:3
3:3:4:4:3:3:3:4:2:,recombination,12850.80149463237,3:4:4:4:4:3:3:4:3,2:3:4:4:2:4:4:4:1
2:3:4:3:2:4:4:4:1:,recombination,12320.302206207527,3:3:4:4:4:3:3:4:3,4:3:4:4:4:2:3:4:3,MUTATE
2:2:4:4:3:4:3:4:1:,recombination,13161.455807159218,1:2:4:2:0:4:4:4:0,3:3:4:4:4:2:2:1:3,MUTATE
1:3:4:4:3:4:4:4:1:,clone,12875.506347705854,1:3:4:4:3:4:4:4:1
2:2:4:4:3:4:3:4:1:,recombination,12918.613766391867,3:3:4:4:4:2:2:3:3,2:2:4:4:3:4:3:4:1
2:3:4:4:4:4:3:4:2:,clone,13948.254142380893,2:3:4:4:4:3:3:4:2
2:2:4:4:3:4:4:4:1:,clone,12548.7855591105,2:2:4:4:3:4:4:4:1
1:3:4:3:2:4:4:4:1:,recombination,12277.392375655583,2:3:4:3:2:4:4:4:1,3:3:4:4:4:2:2:3:3,MUTATE
1:3:4:3:2:4:4:4:1:,recombination,12160.666666714993,2:3:4:3:2:4:4:4:1,4:4:4:4:4:3:3:4:4,MUTATE
1:3:4:3:2:4:4:4:1:,recombination,12152.726591595496,1:3:4:3:2:4:4:4:1,4:4:2:4:4:0:0:1:4,MUTATE
1:2:4:4:3:3:4:4:1:,clone,12079.27978824513,1:2:4:4:3:3:4:4:1
1:3:4:4:3:4:4:4:1:,clone,12862.601932590074,1:3:4:4:3:4:4:4:1
1:3:4:4:3:4:4:4:1:,clone,12862.601932590072,1:3:4:4:3:4:4:4:1
1:2:4:3:2:4:4:4:0:,recombination,12324.024448211272,1:3:4:4:3:4:4:4:1,2:3:4:4:4:2:3:4:2
1:3:4:4:3:4:4:4:1:,clone,12760.62072379131,1:3:4:4:3:4:3:4:1
2:3:4:3:2:3:4:4:1:,recombination,11780.346712255421,0:2:4:2:0:4:4:4:0,0:2:4:2:1:4:4:4:0
2:3:4:3:3:3:4:4:1:,recombination,11869.7806938436,0:2:4:2:0:4:4:4:0,2:3:4:4:4:1:2:2:3,MUTATE
2:3:4:4:3:3:4:4:2:,clone,12151.02017802913,2:3:4:4:3:3:4:4:2
2:3:4:3:3:3:4:4:2:,recombination,11877.17147135217,1:2:4:2:0:4:4:4:0,3:3:4:4:4:1:2:3:3
2:3:4:4:3:3:4:4:2:,clone,12094.125244811088,2:3:4:4:3:3:4:4:2
1:2:4:2:1:3:4:4:0:,recombination,11545.503886309181,2:3:4:4:4:2:2:3:2,1:2:4:2:0:4:4:4:0
1:2:4:2:1:3:4:4:1:,recombination,12058.884614888451,3:4:4:4:4:1:2:2:3,2:3:4:4:3:3:4:4:2,MUTATE
1:2:4:3:2:4:4:4:1:,recombination,11762.662482172798,2:3:4:3:3:3:4:4:2,2:3:4:4:3:2:3:3:2,MUTATE
0:2:4:3:2:4:4:4:0:,clone,13126.93060235564,0:2:4:3:2:4:4:4:0
0:2:4:3:2:4:4:4:0:,recombination,13027.567627431488,1:2:4:4:3:3:4:4:1,1:3:4:3:1:4:4:4:1,MUTATE
2:3:4:4:2:3:4:4:2:,clone,12892.151566224535,2:3:4:3:2:3:4:4:2
0:2:4:2:1:4:4:4:0:,clone,13092.398297293865,0:2:4:2:1:4:4:4:0
0:2:4:2:1:4:4:4:0:,clone,13031.18604991303,0:2:4:2:1:4:4:4:0
2:2:4:4:3:3:4:4:1:,recombination,11899.260356222747,3:4:4:4:4:1:1:3:4,4:4:1:4:4:0:0:0:4
2:2:4:4:3:4:4:4:1:,recombination,12534.572649457794,2:2:4:4:3:3:4:4:1,1:2:4:4:3:4:4:4:1
2:2:4:4:3:4:4:4:1:,clone,12462.816596703116,2:2:4:4:3:4:4:4:1
1:2:4:1:0:4:4:4:0:,clone,12319.456151583092,1:2:4:1:0:4:4:4:0
4:4:3:4:4:0:0:1:4:,clone,10914.737060959354,4:4:3:4:4:0:0:1:4
1:1:4:1:0:4:4:4:0:,recombination,12607.094646089708,3:3:4:4:4:1:2:3:3,2:2:4:3:2:4:4:4:1,MUTATE
4:4:3:4:4:0:1:1:4:,clone,10913.023499627763,4:4:3:4:4:0:1:1:4
4:4:3:4:4:0:1:2:4:,clone,10382.18962157618,4:4:3:4:4:0:1:1:4
4:4:3:4:4:1:1:3:4:,recombination,10920.504153059073,4:4:4:4:4:1:2:3:4,3:3:4:4:4:1:2:3:3
4:4:3:4:4:0:1:2:4:,clone,10119.213453591541,4:4:3:4:4:0:1:2:4
4:3:4:4:4:1:2:4:4:,clone,11402.303975206052,3:3:4:4:4:1:2:3:4
4:4:3:4:4:1:1:1:4:,clone,11330.57245953198,4:4:3:4:4:1:1:1:4
1:2:4:2:0:4:4:4:0:,recombination,12101.828233431295,2:3:4:4:2:3:4:4:1,1:2:4:2:0:4:4:4:0,MUTATE
1:2:4:1:0:4:4:4:0:,clone,12277.978882901378,1:2:4:1:0:4:4:4:0
4:3:4:4:4:1:2:4:4:,clone,11182.376876443392,4:3:4:4:4:1:2:4:4
1:3:4:4:2:3:4:4:1:,recombination,12898.00655907569,3:3:4:4:4:1:2:2:3,1:1:4:2:0:4:4:4:0,MUTATE
4:4:3:4:4:0:0:1:4:,recombination,10706.42472049091,3:3:4:4:4:3:3:4:3,2:3:4:4:3:3:3:3:2,MUTATE
4:4:2:4:4:0:0:0:4:,clone,10606.862970458273,1:2:4:2:1:4:4:4:0
4:4:2:4:4:0:0:0:4:,clone,10391.1632774756,4:4:2:4:4:0:0:0:4
4:4:3:4:4:1:1:1:4:,recombination,11119.059325749511,3:3:4:4:4:2:3:3:3,4:4:2:4:4:0:0:0:4
3:3:4:4:4:2:3:4:2:,clone,10878.895392615386,3:3:4:4:4:2:3:4:2
2:2:4:4:3:4:3:4:1:,clone,12619.796213300448,2:2:4:4:3:4:3:4:1
4:4:3:4:4:0:0:1:4:,recombination,10338.593919198425,4:4:2:4:4:2:1:4:4,2:3:4:4:4:3:3:4:2
2:3:4:4:3:4:3:4:2:,recombination,12081.404925425126,1:3:4:4:3:4:4:4:1,2:3:4:4:2:3:4:4:1
2:2:4:4:2:3:4:4:1:,recombination,12762.558541666216,1:2:4:3:1:4:4:4:0,1:2:4:2:1:4:4:4:1,MUTATE
2:3:4:3:2:3:4:4:1:,recombination,11751.101274993836,3:3:4:4:4:2:3:4:2,3:3:4:4:4:2:2:4:3
4:4:3:4:4:1:1:3:4:,clone,10848.322439463253,4:4:3:4:4:1:1:3:4
2:3:4:3:2:3:4:4:1:,recombination,11593.237967429013,1:2:4:2:0:4:4:4:0,3:3:4:4:4:2:2:3:4
1:2:4:3:2:3:4:4:1:,recombination,11391.549503818233,3:3:4:4:4:2:3:4:2,3:3:4:4:4:2:3:4:3,MUTATE
4:4:3:4:4:0:0:1:4:,clone,10153.538493172418,4:4:3:4:4:0:0:1:4
2:3:4:3:3:3:4:4:1:,recombination,11728.924871097972,3:3:4:4:4:2:3:4:2,4:4:2:4:4:2:2:4:4
2:3:4:3:2:4:4:4:1:,recombination,12297.637989680496,2:3:4:4:2:4:4:4:2,2:3:4:3:2:4:4:4:1
1:3:4:3:1:4:4:4:1:,clone,13168.705940577653,2:3:4:3:2:4:4:4:1
2:3:4:4:2:3:4:4:2:,recombination,12824.493139584272,2:3:4:4:2:3:4:4:1,1:3:4:3:1:4:4:4:1
4:4:3:4:4:0:1:1:4:,clone,10568.886784663404,4:4:3:4:4:0:1:1:4
3:3:4:4:3:3:3:4:2:,recombination,12692.78796235442,4:4:3:4:4:0:1:1:4,1:3:4:2:1:4:4:4:1,MUTATE
2:3:4:3:1:4:4:4:1:,recombination,13450.853645352896,3:3:4:4:4:3:3:4:3,1:3:4:4:3:4:4:4:1,MUTATE
2:3:4:2:1:4:4:4:1:,recombination,13176.07174300675,1:2:4:3:1:4:4:4:0,1:2:4:2:1:4:4:4:1
2:3:4:3:1:4:4:4:1:,recombination,13309.932106474118,2:3:4:3:2:4:4:4:1,1:3:4:4:3:4:4:4:1
1:3:4:2:1:4:4:4:1:,clone,13414.164208143608,1:3:4:2:1:4:4:4:1
1:3:4:2:1:4:4:4:1:,recombination,13203.483768373177,2:3:4:4:2:3:4:4:1,2:3:4:3:2:4:4:4:1,MUTATE
1:3:4:2:1:4:4:4:1:,clone,12670.262534380596,1:3:4:2:1:4:4:4:1
1:3:4:3:1:4:4:4:1:,clone,12854.845552050283,1:3:4:3:1:4:4:4:1
1:3:4:3:1:4:4:4:1:,clone,12853.966212004678,1:3:4:3:1:4:4:4:1
0:1:4:1:0:4:4:4:0:,clone,12054.087952577289,0:1:4:1:0:4:4:4:0
2:3:4:4:4:4:3:4:2:,clone,13790.585611636181,2:3:4:4:4:4:3:4:2
0:2:4:2:0:4:4:4:0:,clone,12640.721854868474,0:2:4:2:0:4:4:4:0
1:2:4:1:0:4:4:4:0:,clone,12244.789090247274,1:2:4:1:0:4:4:4:0
1:2:4:2:0:4:4:4:0:,recombination,11808.809323468757,1:3:4:2:1:4:4:4:1,3:3:4:4:4:1:1:2:3
1:2:4:1:0:4:4:4:0:,clone,11763.65509633751,1:2:4:2:0:4:4:4:0
1:2:4:1:0:4:4:4:0:,clone,11712.32617950432,1:2:4:1:0:4:4:4:0
1:2:4:3:2:4:4:4:0:,recombination,12219.508719356325,2:2:4:3:1:4:4:4:1,3:4:4:4:4:1:1:2:4
1:2:4:3:1:4:4:4:0:,recombination,12103.862221609887,1:2:4:3:3:3:4:4:1,1:2:4:4:3:3:3:4:1,MUTATE
2:2:4:4:2:4:4:4:2:,clone,13808.026294099907,2:2:4:4:2:4:4:4:2
2:2:4:3:2:4:4:4:2:,recombination,13168.747662846734,3:3:4:4:4:2:2:4:3,3:4:4:4:4:1:2:3:3
1:2:4:4:3:4:4:4:1:,recombination,12368.011113414103,2:3:4:4:3:3:3:3:2,3:3:4:4:4:2:2:4:3
3:3:4:4:3:3:3:4:2:,recombination,12398.76132592572,1:2:4:2:1:3:4:4:0,0:1:4:1:0:4:4:4:0
1:3:4:4:2:3:4:4:1:,recombination,12841.792235401343,1:2:4:4:3:3:4:4:1,4:4:4:4:4:1:2:3:4
4:4:4:4:4:2:3:4:4:,recombination,11767.716235670023,2:3:4:4:4:2:2:3:2,3:3:4:4:4:1:2:3:3,MUTATE
4:4:2:4:4:0:1:1:4:,clone,11658.715983858016,4:4:3:4:4:0:1:1:4
0:2:4:2:0:4:4:4:0:,clone,12614.309230466557,0:2:4:2:0:4:4:4:0
0:2:4:2:0:4:4:4:0:,clone,12579.581470916375,0:2:4:2:0:4:4:4:0
0:2:4:2:0:4:4:4:0:,clone,12474.276437554603,1:2:4:2:1:4:4:4:0
4:3:4:4:4:2:2:4:3:,clone,11988.32560463074,4:4:4:4:4:2:2:4:4
4:4:4:4:4:2:2:4:3:,clone,12226.105899013659,4:3:4:4:4:2:3:4:3
4:3:4:4:4:2:3:4:3:,clone,12185.915548230298,4:3:4:4:4:2:3:4:3
4:3:4:4:4:3:3:4:3:,recombination,12456.097265768776,4:4:4:4:4:2:3:4:4,2:3:4:4:4:2:2:3:2
2:2:4:4:2:4:4:4:2:,recombination,13542.361532093413,3:4:4:4:4:2:2:3:4,2:3:4:4:4:2:3:4:2
0:2:4:2:0:4:4:4:0:,clone,12349.826490050968,0:2:4:2:0:4:4:4:0
0:2:4:2:0:4:4:4:0:,clone,12098.4293723918,0:2:4:2:0:4:4:4:0
0:2:4:2:0:4:4:4:0:,clone,11957.067929525874,0:2:4:2:0:4:4:4:0
4:4:1:4:4:0:0:0:4:,recombination,11113.864121383074,4:4:3:4:4:0:1:1:4,3:3:4:4:4:2:3:4:3,MUTATE
4:4:1:4:4:0:0:0:4:,clone,11083.134431691888,4:4:1:4:4:0:0:0:4
0:2:4:1:0:4:4:4:0:,recombination,12039.409169994968,1:3:4:4:3:4:4:4:1,0:2:4:2:0:4:4:4:0,MUTATE
0:2:4:1:0:4:4:4:0:,clone,11930.004694054307,0:2:4:1:0:4:4:4:0
4:4:4:4:4:3:2:4:4:,recombination,12295.74811748509,4:4:3:4:4:1:1:1:4,3:3:4:4:4:3:3:4:3
2:2:4:2:1:4:4:4:1:,recombination,12818.978461444312,4:4:2:4:4:2:1:4:4,2:3:4:4:4:2:3:2:2,MUTATE
2:3:4:4:4:4:3:4:2:,recombination,13730.930100079484,2:2:4:2:1:4:4:4:1,4:4:4:4:4:1:1:4:4
4:4:4:4:4:1:0:1:4:,clone,10873.384090390324,4:4:4:4:4:1:1:1:4
4:4:2:4:4:0:0:2:4:,recombination,12400.523556195898,1:3:4:4:3:3:3:4:1,2:2:4:4:3:3:3:4:1
4:4:2:4:4:0:0:2:4:,clone,12270.591769695257,4:4:2:4:4:0:0:2:4
4:4:2:4:4:0:0:2:4:,recombination,12223.573976776132,3:3:4:4:4:1:2:3:3,1:3:4:4:3:3:3:4:1,MUTATE
4:4:2:4:4:0:1:2:4:,clone,12223.573976776132,4:4:2:4:4:0:0:2:4
2:3:4:4:4:4:3:4:2:,clone,13451.309068775487,2:3:4:4:4:4:3:4:2
2:2:4:4:3:4:4:4:1:,recombination,12459.906728210884,1:1:4:2:0:4:4:4:0,3:4:4:4:4:2:3:3:3
0:2:4:2:1:4:4:4:0:,clone,13012.263812934098,0:2:4:2:1:4:4:4:0
0:2:4:2:1:4:4:4:0:,clone,12901.544488075995,0:2:4:2:1:4:4:4:0
1:2:4:3:2:4:4:4:0:,recombination,11949.333071383211,1:2:4:2:1:4:4:4:0,2:3:4:4:3:4:3:4:1,MUTATE
0:2:4:2:1:4:4:4:0:,recombination,12437.115421256569,0:1:4:1:0:4:4:4:0,2:3:4:4:2:4:4:4:1,MUTATE
1:2:4:3:2:3:4:4:1:,recombination,11253.589430244072,4:3:4:4:4:2:2:4:4,2:2:4:4:3:3:4:4:1,MUTATE
1:2:4:2:1:3:4:4:1:,clone,12033.936112230684,1:2:4:2:1:3:4:4:1
2:2:4:4:2:4:4:4:1:,recombination,12752.201995701162,2:2:4:4:4:3:3:3:2,2:3:4:3:2:3:4:4:1
4:4:3:4:4:1:1:1:4:,clone,10953.739266054163,4:4:3:4:4:1:1:1:4
3:4:4:4:4:3:3:4:3:,recombination,12237.316399026184,4:4:3:4:4:1:1:1:4,3:3:4:4:4:2:3:4:3
4:4:4:4:4:3:3:4:3:,clone,12371.810669939303,4:4:4:4:4:3:3:4:3
2:3:4:4:2:4:4:4:2:,recombination,13163.550154433842,0:1:4:1:0:4:4:4:0,4:4:4:4:4:0:1:2:4,MUTATE
2:3:4:4:2:4:4:4:2:,clone,12831.715182205016,2:3:4:4:2:4:4:4:2
4:4:2:4:4:0:0:1:4:,clone,10890.71197000175,4:4:2:4:4:0:0:1:4
4:4:2:4:4:0:0:1:4:,clone,10596.397928669587,4:4:2:4:4:0:0:1:4
4:4:2:4:4:0:1:2:4:,clone,11101.334554639343,4:4:2:4:4:0:1:2:4
1:2:4:2:0:4:4:4:1:,clone,13538.820750390074,1:2:4:2:0:4:4:4:1
1:2:4:2:0:4:4:4:1:,clone,13297.686996555427,1:2:4:2:0:4:4:4:1
1:1:4:2:0:4:4:4:0:,recombination,13371.51787595395,2:3:4:4:2:4:4:4:2,3:3:4:4:4:2:3:4:3,MUTATE
2:2:4:4:3:4:4:4:2:,recombination,12823.577495136136,0:1:4:1:0:4:4:4:0,1:2:4:2:0:4:4:4:0,MUTATE
2:2:4:4:3:3:4:4:2:,recombination,12231.36690423536,3:4:4:4:4:2:2:3:3,4:3:4:4:4:1:2:4:4
1:2:4:3:3:3:4:4:1:,clone,11760.530347265854,1:2:4:3:3:3:4:4:1
1:2:4:4:3:3:4:4:1:,clone,12066.232292071096,1:2:4:3:3:3:4:4:1
2:2:4:4:3:4:3:4:2:,clone,13564.727997843092,2:2:4:4:3:4:3:4:2
1:3:4:4:3:4:4:4:1:,recombination,12683.336344964708,4:4:3:4:4:1:2:2:4,4:4:3:4:4:0:0:1:4,MUTATE
2:3:4:4:4:4:3:4:2:,recombination,13250.04725080852,4:4:4:4:4:2:1:2:4,3:3:4:4:4:2:3:3:3,MUTATE
2:3:4:4:3:4:4:4:1:,recombination,12422.417130088885,1:3:4:4:3:3:3:3:1,3:4:4:4:4:2:2:3:3,MUTATE
2:3:4:4:3:4:4:4:1:,clone,12422.417130088883,2:3:4:4:3:4:4:4:1
2:2:4:3:2:3:4:4:1:,recombination,11517.812566318935,2:3:4:4:3:3:4:4:2,0:1:4:1:0:4:4:4:0
3:3:4:4:3:4:3:4:2:,recombination,13533.260393093455,1:2:4:3:1:4:4:4:0,2:3:4:4:4:2:3:4:2,MUTATE
3:3:4:4:3:4:4:4:2:,clone,13662.609586435134,3:3:4:4:3:4:4:4:2
2:3:4:3:2:4:4:4:1:,clone,12234.33871812708,2:3:4:3:2:4:4:4:1
2:3:4:3:2:4:4:4:1:,clone,12134.027756584273,2:3:4:3:2:4:4:4:1
0:2:4:1:0:4:4:4:0:,recombination,11907.483116052543,2:2:4:3:2:3:4:4:1,4:4:4:4:4:1:1:2:4,MUTATE
1:1:4:2:0:4:4:4:0:,recombination,13351.094163980992,3:3:4:4:4:3:2:4:3,2:3:4:4:4:3:3:4:1
3:4:4:4:4:3:3:4:3:,clone,12218.396764463097,3:4:4:4:4:3:3:4:3
4:4:2:4:4:0:0:2:4:,recombination,11887.004647487089,1:3:4:4:2:3:4:4:1,2:3:4:4:3:4:3:4:2
4:4:2:4:4:1:0:2:4:,recombination,11844.695826012381,4:4:2:4:4:0:0:2:4,4:4:4:4:4:2:2:4:4
4:4:3:4:4:0:0:2:4:,clone,12040.450754811476,4:4:2:4:4:0:0:2:4
2:2:4:4:4:2:3:4:1:,clone,10652.483255435101,2:3:4:4:4:2:3:4:2
4:4:3:4:4:0:0:2:4:,recombination,11988.875751053352,1:3:4:4:2:3:4:4:1,2:3:4:4:4:2:2:2:2,MUTATE
2:2:4:4:3:3:3:4:2:,recombination,11602.682792947628,2:3:4:4:4:2:3:2:2,0:1:4:1:0:4:4:4:0,MUTATE
2:3:4:3:2:4:4:4:1:,recombination,12065.695255568244,1:2:4:3:1:3:4:4:0,0:1:4:1:0:4:4:4:0,MUTATE
4:4:3:4:4:1:1:4:4:,clone,11663.477855379122,4:4:3:4:4:1:1:4:4
4:4:4:4:4:1:1:4:4:,clone,11727.974000185788,4:4:4:4:4:1:1:4:4
1:3:4:4:2:4:4:4:1:,clone,13263.756384017417,1:3:4:3:2:3:4:4:1
2:3:4:4:2:3:4:4:1:,recombination,12798.061359229952,3:4:4:4:4:2:2:4:3,4:4:4:4:4:1:1:1:4,MUTATE
2:2:4:3:2:4:4:4:1:,recombination,11980.782970098642,2:3:4:4:4:3:3:4:1,1:2:4:4:3:3:4:4:1
2:2:4:4:3:4:3:4:1:,recombination,12213.34857590789,2:3:4:4:3:4:3:4:2,1:2:4:1:0:4:4:4:0
4:4:3:4:4:1:1:2:4:,clone,10716.535329205819,4:4:4:4:4:1:1:2:4
2:2:4:4:2:4:4:4:2:,recombination,13198.708678665264,3:4:4:4:4:1:1:1:4,4:4:2:4:4:0:0:2:4,MUTATE
2:2:4:3:2:4:4:4:2:,clone,13109.67470365616,2:2:4:3:2:4:4:4:2
2:2:4:3:2:4:4:4:2:,clone,12836.090421892774,2:2:4:3:2:4:4:4:2
4:4:4:4:4:1:1:1:4:,clone,9876.757584296574,4:4:4:4:4:1:1:1:4
4:4:4:4:4:0:0:2:4:,clone,11557.94757216605,4:4:4:4:4:0:0:1:4
4:4:4:4:4:1:1:3:4:,recombination,10002.264209874851,1:2:4:3:2:4:4:4:1,2:2:4:4:2:3:4:4:2
4:4:3:4:4:0:0:0:4:,recombination,10026.319077810174,0:2:4:2:1:4:4:4:0,2:3:4:4:3:4:3:4:2,MUTATE
4:4:3:4:4:1:1:2:4:,recombination,10622.049454069696,0:2:4:2:1:4:4:4:0,1:2:4:2:0:4:4:4:1
4:4:3:4:4:0:0:0:4:,clone,9969.918240281519,4:4:3:4:4:0:0:0:4
4:4:3:4:4:0:1:1:4:,recombination,10130.684625084927,0:2:4:2:1:4:4:4:0,2:2:4:4:3:4:3:4:1
3:3:4:4:4:2:2:3:4:,recombination,11215.34115326788,4:4:3:4:4:1:1:2:4,4:4:3:4:4:1:1:1:4,MUTATE
4:4:3:4:4:1:1:2:4:,clone,10386.625930270835,4:4:3:4:4:1:1:2:4
3:3:4:4:4:1:1:2:4:,clone,10269.824401820202,3:4:4:4:4:1:1:3:4
3:3:3:4:4:1:2:4:3:,clone,11102.097854830396,3:3:3:4:4:1:2:4:3
3:3:3:4:4:2:3:4:3:,clone,11994.284650479924,3:3:3:4:4:2:3:4:3
4:4:4:4:4:2:2:2:4:,clone,11231.328538865191,4:4:4:4:4:1:1:2:4
2:3:4:3:1:4:4:4:1:,clone,13160.028121302617,2:3:4:3:1:4:4:4:1
2:2:4:2:1:4:4:4:1:,recombination,12238.002549293638,1:2:4:2:1:4:4:4:1,4:4:3:4:4:1:1:4:4
3:4:4:4:4:2:2:2:3:,clone,11118.481797649913,3:4:4:4:4:2:2:2:3
1:2:4:3:2:4:4:4:0:,clone,11827.285381027052,1:2:4:3:2:4:4:4:0
1:2:4:3:2:4:4:4:0:,clone,11590.24685433199,1:2:4:3:2:4:4:4:0
1:2:4:3:2:4:4:4:1:,clone,11660.141775908607,1:2:4:3:2:4:4:4:1
1:2:4:3:3:4:4:4:1:,recombination,12383.392737357537,2:3:4:4:3:3:4:4:1,4:4:4:4:4:1:1:3:4
1:1:4:2:0:4:4:4:0:,recombination,13319.444282053342,2:3:4:3:2:4:4:4:1,0:2:4:2:1:4:4:4:0
2:2:4:4:3:4:4:4:1:,clone,12448.935938414757,2:2:4:4:3:4:4:4:1
4:4:3:4:4:0:0:2:4:,clone,11363.227942561542,4:4:3:4:4:0:0:2:4
2:3:4:4:4:4:3:4:2:,recombination,13152.208566418632,2:3:4:4:4:2:3:3:2,2:3:4:4:3:4:4:4:2
1:3:4:2:0:4:4:4:0:,recombination,14219.593665231603,2:3:4:4:3:4:3:4:2,1:2:4:2:1:3:4:4:0,MUTATE
2:3:4:4:4:4:3:4:2:,clone,13095.324309179525,2:3:4:4:4:4:3:4:2
1:2:4:2:1:4:4:4:0:,recombination,11662.701578903881,2:3:4:4:4:2:3:4:2,4:4:4:4:4:2:3:4:4,MUTATE
0:2:4:1:0:4:4:4:0:,recombination,11815.894799648242,3:4:4:4:4:2:2:3:3,2:2:4:4:3:4:3:4:1
0:1:4:2:0:4:4:4:0:,recombination,13105.94743494589,2:3:4:4:3:4:3:4:2,2:2:4:3:2:4:4:4:1,MUTATE
0:1:4:1:0:4:4:4:0:,clone,11978.384619726148,0:1:4:1:0:4:4:4:0
4:4:3:4:4:1:1:2:4:,recombination,10199.381889561546,3:3:4:4:4:1:1:2:4,3:3:4:4:4:1:2:2:3
4:4:2:4:4:0:0:0:4:,clone,10020.977266162485,4:4:2:4:4:0:0:0:4
3:3:3:4:4:3:3:4:3:,recombination,13308.171800322847,3:3:4:4:4:1:1:3:4,4:4:2:4:4:0:0:0:4,MUTATE
4:3:4:4:4:3:3:4:4:,clone,12877.449034809986,3:3:4:4:4:3:3:4:3
4:4:3:4:4:1:0:1:4:,clone,11073.24523710387,4:4:3:4:4:1:0:1:4
4:4:3:4:4:1:0:1:4:,clone,11052.469976398515,4:4:3:4:4:1:0:1:4
2:3:4:4:3:4:3:4:2:,recombination,11916.103070949379,0:2:4:1:0:4:4:4:0,1:2:4:3:1:4:4:4:0
2:2:4:4:3:4:4:4:1:,clone,12359.784010985855,2:2:4:4:3:4:4:4:1
2:3:4:4:4:4:3:4:2:,recombination,13059.150743675547,1:2:4:4:3:3:4:4:1,1:1:4:2:0:4:4:4:0
2:2:4:4:3:4:3:4:2:,clone,12925.290337484517,2:2:4:4:3:4:3:4:2
1:1:4:2:0:4:4:4:0:,clone,13051.140429031506,1:2:4:2:0:4:4:4:0
1:1:4:2:0:4:4:4:0:,recombination,13001.437052809795,2:2:4:4:3:4:4:4:1,4:4:3:4:4:0:1:1:4,MUTATE
1:2:4:4:2:3:4:4:1:,clone,12781.304009800013,1:2:4:4:2:3:4:4:1
2:3:4:4:3:3:4:4:1:,recombination,11876.409861655211,1:2:4:3:2:4:4:4:0,3:3:4:4:4:2:2:4:3
1:1:4:2:0:4:4:4:0:,clone,12861.268446554775,1:2:4:2:1:4:4:4:0
1:1:4:2:0:4:4:4:0:,clone,12724.9430430819,1:1:4:2:0:4:4:4:0
4:4:3:4:4:0:0:0:4:,clone,9793.771074654453,0:2:4:1:0:4:4:4:0
4:4:3:4:4:0:0:1:4:,recombination,9967.519181556361,2:3:4:4:2:3:4:4:2,2:3:4:4:4:2:3:4:2
4:4:3:4:4:0:0:0:4:,clone,9609.34668066515,4:4:3:4:4:0:0:0:4
4:4:3:4:4:0:0:0:4:,clone,9585.274786881519,4:4:3:4:4:0:0:0:4
4:4:4:4:4:2:2:4:4:,recombination,10522.825390297254,2:3:4:4:4:2:3:3:2,2:3:4:4:2:3:4:4:1,MUTATE
2:3:4:4:3:4:4:4:1:,clone,12392.541651641863,2:3:4:4:3:4:4:4:1
4:4:2:4:4:0:1:1:4:,clone,11604.931677089635,4:4:2:4:4:0:0:1:4
4:4:4:4:4:1:2:1:4:,recombination,10618.805544095423,3:4:4:4:4:2:2:2:4,3:3:3:4:4:2:3:4:3,MUTATE
4:4:3:4:4:0:0:0:4:,clone,9108.011696756652,1:2:4:2:0:4:4:4:0
4:4:3:4:4:1:1:3:4:,recombination,10826.016195355314,1:2:4:2:1:4:4:4:0,2:2:4:4:3:3:3:4:2,MUTATE
4:4:4:4:4:1:1:1:4:,recombination,9751.833157279665,2:3:4:4:4:4:3:4:2,2:3:4:3:2:4:4:4:2
3:3:4:4:4:2:2:3:4:,recombination,10877.03684628943,4:4:3:4:4:1:1:2:4,2:2:4:4:3:4:4:4:1,MUTATE
4:4:3:4:4:1:1:3:4:,clone,10599.585944124008,4:4:3:4:4:1:1:3:4
4:4:3:4:4:2:2:3:4:,clone,11474.71288663025,4:4:4:4:4:2:2:3:4
3:3:3:4:4:1:2:3:4:,recombination,10867.770958338033,2:3:4:4:4:4:3:4:2,4:4:2:4:4:0:1:1:4
4:4:4:4:4:1:2:4:4:,recombination,10651.839407651181,2:2:4:4:3:3:3:4:2,1:2:4:2:1:4:4:4:0,MUTATE
1:2:4:3:1:3:4:4:1:,recombination,12278.683357477308,4:4:3:4:4:0:0:0:4,4:4:4:4:4:1:1:2:4
2:3:4:3:1:4:4:4:1:,clone,12992.332926556799,2:3:4:3:1:4:4:4:1
2:3:4:3:2:3:4:4:2:,recombination,11827.781318324129,2:2:4:4:2:4:4:4:1,2:3:4:4:4:2:2:3:2
1:2:4:3:3:3:4:4:1:,recombination,11683.64551212127,2:3:4:4:4:2:3:4:2,2:2:4:4:2:4:4:4:1,MUTATE
2:2:4:4:3:2:3:4:1:,recombination,11586.437514379035,4:4:2:4:4:2:2:4:4,2:3:4:4:4:2:3:4:2
0:1:4:2:0:4:4:4:0:,recombination,12804.738477113006,2:3:4:4:4:2:2:2:2,2:3:4:3:2:3:4:4:1
1:1:4:1:0:4:4:4:0:,recombination,12515.90152037987,2:2:4:3:2:3:4:4:1,2:2:4:4:3:3:3:4:2,MUTATE
2:2:4:4:2:3:4:4:2:,recombination,12931.26999529999,2:3:4:3:2:3:4:4:2,4:4:4:4:4:1:2:4:4
4:3:4:4:4:3:3:4:3:,recombination,12284.110007249918,1:2:4:4:3:3:4:3:1,4:4:4:4:4:2:2:3:4
3:3:3:4:4:3:3:4:3:,clone,12709.129470719792,3:3:3:4:4:2:3:4:3
4:4:4:4:4:2:3:3:4:,clone,12634.023835542333,4:4:4:4:4:2:3:3:4
2:2:4:3:2:3:4:4:2:,clone,12838.952860833451,2:3:4:4:3:3:4:4:2
1:2:4:3:2:4:4:4:1:,recombination,11593.057054986823,4:4:3:4:4:1:1:2:4,3:4:4:4:4:2:2:4:3,MUTATE
2:2:4:3:2:3:4:4:2:,clone,12664.030007282781,2:2:4:3:2:3:4:4:2
2:2:4:3:2:4:4:4:1:,recombination,11966.699955774373,1:2:4:2:0:4:4:4:0,1:3:4:3:2:4:4:4:1,MUTATE
4:4:2:4:4:0:1:1:4:,recombination,11137.393192234647,1:3:4:4:3:4:4:4:1,0:2:4:2:1:4:4:4:0,MUTATE
3:3:4:4:4:1:2:3:4:,clone,10822.682315052942,3:3:4:4:4:1:2:3:4
3:3:3:4:4:2:2:4:3:,clone,12257.811711699576,3:3:3:4:4:2:2:3:3
2:2:3:4:4:3:3:4:2:,clone,12588.622164083428,2:3:3:4:4:3:3:4:2
4:4:4:4:4:0:0:2:4:,clone,10823.565505388207,4:4:4:4:4:0:1:1:4
1:2:4:3:1:3:4:4:1:,clone,12276.81930633939,1:2:4:2:1:4:4:4:1
4:4:4:4:4:1:1:4:4:,clone,10787.090460113268,4:4:4:4:4:1:1:4:4
4:4:4:4:4:3:2:4:4:,recombination,12235.711884391565,3:3:4:4:4:2:2:4:2,2:3:4:4:2:3:4:4:2
4:3:4:4:4:2:3:4:4:,recombination,11968.11889291146,4:4:3:4:4:0:0:1:4,2:3:4:4:4:1:2:3:2,MUTATE
3:3:4:4:4:2:3:4:2:,clone,10714.489615975664,3:3:4:4:4:2:3:4:2
4:4:2:4:4:1:1:1:4:,recombination,12459.696425223086,2:3:4:4:3:4:4:4:1,4:4:3:4:4:0:1:2:4
4:4:2:4:4:1:1:1:4:,clone,12342.544874682768,4:4:2:4:4:1:1:1:4
1:2:4:3:2:3:4:4:1:,recombination,11001.761651137283,4:4:3:4:4:1:1:2:4,3:3:4:4:4:1:2:3:3
1:2:4:2:1:4:4:4:0:,recombination,11336.322972422535,2:3:4:3:2:4:4:4:1,2:3:4:4:3:3:4:4:1,MUTATE
1:1:4:2:1:4:4:4:0:,clone,13048.956687539585,1:1:4:2:1:4:4:4:0
3:3:4:4:3:3:3:4:2:,clone,12329.774316064826,3:3:4:4:3:3:3:4:2
4:4:2:4:4:0:0:0:4:,recombination,9996.446723497926,4:4:2:4:4:0:1:2:4,4:4:4:4:4:1:2:3:4,MUTATE
4:4:3:4:4:1:2:2:4:,recombination,11132.753427914718,4:4:2:4:4:0:1:2:4,2:2:4:4:4:2:3:2:2,MUTATE
4:4:2:4:4:0:0:1:4:,clone,10339.060645646137,4:4:2:4:4:0:0:1:4
4:4:1:4:4:0:0:0:4:,clone,10856.69539888633,1:2:4:2:0:4:4:4:0
3:3:4:4:3:3:3:4:2:,clone,12288.961633042218,3:3:4:4:3:3:3:4:2
2:2:4:3:2:3:4:4:2:,recombination,12325.958472268227,3:4:4:4:4:2:2:2:3,4:4:4:4:4:1:2:4:4
4:4:2:4:4:0:1:1:4:,clone,10480.708133410993,4:4:2:4:4:0:1:1:4
4:4:3:4:4:1:1:1:4:,recombination,10802.146138537259,4:4:2:4:4:0:0:1:4,2:2:4:3:1:4:4:4:1
4:4:2:4:4:1:1:2:4:,recombination,11328.465109339668,4:4:4:4:4:2:3:4:4,3:3:4:4:4:2:3:4:2,MUTATE
4:4:2:4:4:1:1:2:4:,clone,11178.282875889405,4:4:3:4:4:1:1:2:4
4:4:3:4:4:1:2:3:4:,recombination,11051.716546852282,4:4:3:4:4:1:2:2:4,3:3:4:4:4:3:3:4:2,MUTATE
4:4:2:4:4:1:1:3:4:,clone,11501.30866412159,4:4:2:4:4:1:1:3:4
4:4:3:4:4:1:2:4:4:,recombination,11432.392025122934,1:2:4:2:1:4:4:4:0,4:4:2:4:4:1:1:2:4,MUTATE
4:4:3:4:4:1:2:4:4:,clone,11207.353942517806,4:4:3:4:4:1:2:4:4
4:4:3:4:4:1:2:4:4:,clone,11191.031155957338,4:4:3:4:4:1:2:4:4
2:2:4:3:2:4:4:4:1:,recombination,11738.81173819975,4:4:4:4:4:2:3:3:4,3:3:4:4:4:3:3:4:2,MUTATE
2:2:4:4:3:4:3:4:2:,clone,12497.562596388969,2:2:4:4:3:4:3:4:2
2:2:4:4:3:4:4:4:2:,clone,12704.035401517358,2:2:4:4:3:4:3:4:2
3:3:4:4:4:4:3:4:2:,clone,13791.732494246091,3:3:4:4:4:4:3:4:2
4:4:4:4:4:2:3:4:3:,recombination,13011.596653191215,4:4:4:4:4:2:3:4:4,3:4:4:4:4:2:2:3:3
3:3:4:4:4:4:3:4:2:,clone,13757.940463591527,3:3:4:4:4:4:3:4:2
3:3:4:4:4:4:3:4:2:,clone,13752.515489993097,3:3:4:4:4:4:3:4:2
3:3:4:4:4:4:3:4:2:,recombination,13256.609965650012,2:3:4:4:4:2:2:2:3,1:2:4:4:3:3:4:4:1
2:3:4:4:3:4:4:4:1:,recombination,12058.70023026341,2:2:4:3:1:4:4:4:1,2:3:4:4:3:4:4:4:1
2:2:4:4:3:4:4:4:1:,recombination,12306.664728510592,3:4:4:4:4:2:2:3:4,1:2:4:3:2:3:4:4:1
2:2:4:4:3:4:4:4:1:,recombination,12192.417270909007,0:2:4:2:1:4:4:4:0,4:4:4:4:4:1:2:1:4
1:1:4:1:0:4:4:4:0:,clone,12475.48839621596,1:1:4:1:0:4:4:4:0
3:3:3:4:4:2:2:3:3:,clone,12043.124274030026,3:3:3:4:4:2:2:3:3
1:3:4:3:1:4:4:4:1:,clone,12618.522755220556,1:3:4:3:1:4:4:4:1
1:2:4:4:2:4:4:4:1:,recombination,12882.26106775265,4:4:3:4:4:2:2:4:4,1:2:4:4:3:3:3:4:1
1:2:4:3:1:3:4:4:1:,clone,12164.10087800893,1:2:4:3:1:3:4:4:1
4:4:4:4:4:0:1:0:4:,recombination,11393.317069871402,3:3:4:4:4:3:3:3:3,2:3:4:3:2:4:4:4:1
1:2:4:3:1:3:4:4:1:,recombination,12020.813183702621,1:2:4:3:1:3:4:4:1,4:4:2:4:4:2:2:4:4,MUTATE
1:2:4:2:1:3:4:4:1:,recombination,11998.585597360514,4:4:4:4:4:2:2:4:4,1:2:4:3:1:3:4:4:1,MUTATE
1:2:4:3:1:3:4:4:1:,clone,11936.716469428384,1:2:4:3:1:3:4:4:1
1:2:4:2:1:3:4:4:1:,clone,11871.866108198497,1:3:4:3:1:3:4:4:1
0:1:4:2:1:4:4:4:0:,recombination,12952.355465642959,4:4:4:4:4:1:2:3:4,2:2:4:3:2:4:4:4:2,MUTATE
4:4:3:4:4:1:2:2:4:,recombination,10995.418372095472,2:3:4:3:2:4:4:4:1,2:3:4:4:4:1:2:2:3,MUTATE
4:4:2:4:4:0:0:2:4:,recombination,11054.737971967972,2:3:4:4:4:2:3:2:2,2:3:4:4:4:1:2:2:3,MUTATE
4:4:3:4:4:0:0:2:4:,recombination,10881.184333898827,3:3:4:4:4:2:2:3:3,3:3:4:4:4:1:2:2:3
4:4:4:4:4:2:2:3:4:,clone,11014.79666947662,4:4:4:4:4:2:2:3:4
4:4:3:4:4:1:1:1:4:,recombination,10613.71091875352,2:2:4:3:2:3:4:4:2,1:2:4:2:0:4:4:4:1
