4:4:4:4:4:1:2:3:4:,initialisation,10674.781032745555,
4:4:4:4:4:3:3:4:4:,initialisation,11321.686080396103,
4:4:3:4:4:3:2:4:4:,initialisation,11212.057292046717,
4:4:4:4:4:2:3:4:4:,initialisation,10584.527276695962,
4:4:4:4:4:2:2:4:4:,initialisation,11903.275233031616,
3:3:4:4:4:3:3:4:3:,initialisation,12766.914851864507,
3:3:4:4:4:2:3:4:3:,initialisation,11460.649242435416,
4:4:4:4:4:1:2:4:4:,initialisation,11262.010917384618,
4:4:3:4:4:2:2:4:4:,initialisation,10607.158298526738,
3:3:4:4:4:3:3:4:3:,initialisation,12582.215409089564,
4:4:4:4:4:2:2:4:4:,initialisation,11584.40404164111,
4:4:4:4:4:2:2:4:4:,initialisation,11128.122664982158,
4:4:4:4:4:1:2:3:4:,initialisation,9635.030506589635,
4:4:4:4:4:2:2:3:4:,initialisation,11447.003819076894,
3:3:4:4:4:2:3:4:3:,initialisation,11339.117003440335,
4:4:4:4:4:2:2:4:4:,initialisation,10994.437933767344,
4:4:4:4:4:1:1:2:4:,initialisation,9956.60340681574,
3:3:4:4:4:2:2:3:3:,initialisation,10934.08716539304,
2:3:4:4:4:2:3:4:2:,initialisation,11335.084341789976,
4:4:2:4:4:1:1:4:4:,initialisation,11212.057292046715,
3:3:4:4:4:2:3:4:3:,initialisation,11337.93842455494,
4:4:4:4:4:2:2:4:4:,initialisation,9819.880255252781,
3:3:4:4:3:3:3:4:3:,initialisation,12158.438008774428,
4:4:4:4:4:1:1:4:4:,initialisation,10295.692211499441,
3:3:4:4:4:2:3:4:3:,initialisation,11167.73272995103,
4:3:4:4:4:2:2:4:4:,initialisation,10986.274715466157,
4:4:4:4:4:1:2:4:4:,initialisation,10893.076357494707,
4:3:4:4:4:3:3:4:4:,initialisation,11287.689841927084,
4:4:3:4:4:3:3:4:4:,initialisation,11212.057292046713,
4:4:4:4:4:2:2:3:4:,initialisation,10155.323796084991,
3:4:4:4:4:2:3:3:4:,initialisation,12028.495383001953,
2:3:4:4:4:2:3:4:2:,initialisation,11061.079090479088,
2:3:4:4:4:2:3:3:2:,initialisation,11452.574567411997,
4:4:4:4:4:0:1:2:4:,initialisation,10156.318961022504,
3:3:4:4:4:2:3:4:3:,initialisation,11148.36931785774,
4:4:4:4:4:1:1:2:4:,initialisation,9742.473249470284,
4:3:4:4:4:2:3:4:4:,initialisation,11844.1070567137,
3:4:4:4:4:2:2:3:4:,initialisation,10768.218897266437,
4:4:3:4:4:1:2:4:4:,initialisation,11998.937746707512,
4:4:3:4:4:1:2:3:4:,initialisation,10016.730254828755,
3:3:4:4:4:2:2:4:3:,initialisation,11098.276719410382,
4:4:4:4:4:1:2:4:4:,initialisation,10037.782422008424,
4:4:2:4:4:1:2:4:4:,initialisation,11212.057292046717,
3:3:4:4:4:2:3:3:3:,initialisation,11138.252664493575,
3:3:4:4:4:3:3:4:3:,initialisation,11844.703468366095,
4:3:4:4:4:2:3:4:4:,initialisation,11814.818178328345,
4:3:4:4:4:2:3:4:4:,initialisation,11283.794778727965,
4:4:3:4:4:1:2:4:4:,initialisation,10295.616796275026,
4:4:4:4:4:1:1:3:4:,initialisation,10130.133641486424,
4:4:2:4:4:2:2:4:4:,initialisation,11212.057292046718,
4:4:2:4:4:2:2:4:4:,initialisation,11212.057292046717,
2:3:4:4:4:2:3:4:2:,initialisation,10984.803983565507,
3:3:4:4:4:2:3:4:3:,initialisation,11076.432042248163,
4:4:4:4:4:2:2:2:4:,initialisation,12094.169064504633,
4:3:4:4:4:2:2:4:4:,initialisation,9773.754957370993,
3:3:4:4:4:2:3:4:3:,initialisation,10681.248909180465,
3:4:4:4:4:1:2:3:4:,initialisation,11347.78431843424,
4:3:4:4:4:2:3:4:4:,initialisation,11176.932169126247,
4:4:4:4:4:1:2:2:4:,initialisation,11245.94091284183,
4:3:4:4:4:3:3:4:3:,initialisation,12415.157511007663,
4:4:2:4:4:2:2:4:4:,initialisation,11212.057292046713,
3:3:4:4:4:3:3:4:3:,initialisation,11156.365516655067,
4:4:4:4:4:2:3:4:4:,initialisation,10144.967457857845,
4:4:3:4:4:2:2:4:4:,initialisation,10446.083135140758,
3:3:4:4:4:1:2:3:3:,initialisation,9898.717169176038,
2:3:4:3:2:3:4:4:2:,initialisation,12792.566528745718,
4:4:2:4:4:0:0:0:4:,initialisation,10042.341583633852,
3:4:4:4:4:1:1:1:4:,initialisation,10109.120128164606,
3:3:4:4:4:1:2:2:4:,initialisation,10648.396039535024,
4:3:4:4:4:3:3:4:4:,initialisation,11206.686554138925,
4:3:4:4:4:1:2:4:4:,initialisation,9893.827603665975,
3:3:4:4:3:3:3:4:3:,initialisation,11678.897828797592,
4:3:4:4:4:2:3:4:4:,initialisation,10988.559598018948,
3:3:4:4:4:1:2:3:3:,initialisation,9007.566186423295,
4:3:4:4:4:2:3:4:3:,initialisation,12026.119418996259,
4:3:4:4:4:2:3:4:4:,initialisation,10466.228054918161,
2:3:4:4:3:3:3:4:2:,initialisation,13045.937391336722,
3:3:4:4:4:2:2:4:3:,initialisation,10637.943431552549,
4:4:4:4:4:1:1:3:4:,initialisation,9802.2536528796,
3:3:4:4:4:2:2:2:3:,initialisation,11696.375147571043,
3:4:4:4:4:1:2:2:4:,initialisation,11062.27887821062,
4:4:2:4:4:2:2:4:4:,initialisation,11199.108797584262,
3:3:4:4:4:3:3:4:3:,initialisation,11004.596662762104,
4:4:4:4:4:1:2:4:4:,initialisation,9877.863450178738,
4:4:3:4:4:2:3:4:4:,initialisation,11212.057292046718,
4:4:2:4:4:2:1:4:4:,initialisation,11212.057292046718,
4:4:2:4:4:1:2:4:4:,initialisation,11016.331135024951,
4:4:3:4:4:2:3:4:4:,initialisation,11212.057292046715,
3:4:4:4:4:2:2:2:3:,initialisation,11588.26645674384,
4:4:4:4:4:1:2:2:4:,initialisation,11087.860997506325,
4:4:4:4:4:1:2:4:4:,initialisation,9804.480790427562,
4:4:2:4:4:1:2:4:4:,initialisation,11004.18846120447,
3:3:4:4:4:2:3:3:3:,initialisation,10847.651220383543,
4:4:4:4:4:1:2:2:4:,initialisation,10841.107356057792,
3:3:4:4:4:1:2:2:3:,initialisation,10388.652433766703,
3:3:4:4:3:3:3:4:2:,initialisation,12562.115424555335,
4:4:4:4:4:1:1:4:4:,initialisation,10079.031314028085,
4:3:4:4:4:3:3:4:3:,initialisation,11684.937127538575,
3:3:4:4:4:2:2:3:3:,initialisation,10691.687632465913,
2:3:4:4:4:3:3:3:2:,initialisation,12469.849106886886,
2:3:4:4:4:3:3:4:2:,initialisation,12029.97162660204,
3:3:4:4:3:3:3:4:3:,initialisation,11628.923123513243,
4:4:4:4:4:1:2:2:4:,initialisation,10488.267058912455,
4:4:3:4:4:2:2:3:4:,initialisation,11430.28625957776,
2:3:4:4:4:2:3:3:2:,initialisation,10998.058567130127,
4:3:4:4:4:3:3:4:3:,initialisation,11161.138043619156,
2:2:4:4:4:3:3:4:2:,initialisation,12735.141462122974,
4:3:4:4:4:2:3:4:4:,initialisation,10455.11556697901,
4:4:2:4:4:2:1:4:4:,initialisation,11212.057292046715,
4:4:3:4:4:2:3:4:4:,initialisation,11212.057292046711,
4:3:3:4:4:2:2:4:4:,initialisation,11398.84718387677,
3:4:4:4:4:1:2:1:4:,initialisation,11538.829456426218,
2:3:4:4:4:1:2:2:3:,initialisation,10633.983829181881,
4:4:4:4:4:1:1:3:4:,initialisation,9654.199825298949,
4:4:3:4:4:1:1:4:4:,initialisation,10862.759193461374,
3:4:4:4:4:1:2:3:4:,initialisation,10895.172132727144,
4:4:2:4:4:2:1:4:4:,initialisation,11212.057292046711,
2:3:4:4:4:2:2:3:2:,initialisation,10891.998730378124,
4:4:4:4:4:1:2:3:4:,initialisation,9557.758792035747,
4:4:3:4:4:1:2:4:4:,initialisation,9378.163931798474,
4:4:3:4:4:1:1:3:4:,initialisation,11173.287901719319,
3:3:4:4:4:2:2:3:3:,initialisation,10689.843160445273,
4:3:4:4:4:3:3:4:4:,initialisation,10845.236768164734,
3:3:4:4:4:2:2:4:3:,initialisation,10588.675253085734,
3:3:4:4:4:2:3:4:3:,initialisation,10576.941594515532,
4:3:4:4:4:2:3:4:3:,initialisation,11567.985984135472,
3:3:4:4:4:1:2:2:3:,initialisation,10220.762394416568,
3:3:4:4:4:1:2:2:3:,initialisation,10159.437262488136,
4:3:4:4:4:2:3:4:3:,initialisation,11058.456624523496,
3:3:4:4:4:1:2:2:3:,initialisation,10056.926314848732,
3:3:4:4:4:2:3:3:3:,initialisation,10707.094641309372,
4:4:2:4:4:1:1:4:4:,initialisation,11212.057292046711,
3:3:4:4:4:1:2:2:3:,initialisation,9509.576461671439,
3:4:4:4:4:2:2:3:3:,initialisation,11096.93936484935,
4:4:4:4:4:1:2:2:4:,initialisation,10282.466804852687,
4:4:3:4:4:3:2:4:4:,initialisation,11212.057292046715,
4:4:3:4:4:1:1:4:4:,initialisation,10320.023594401302,
3:3:4:4:4:2:2:4:3:,initialisation,9930.042449854336,
2:3:4:4:3:3:3:4:2:,initialisation,13000.549777946579,
4:4:2:4:4:2:2:4:4:,initialisation,11146.537238138144,
4:4:4:4:4:1:1:2:4:,initialisation,9609.206045111612,
4:4:3:4:4:1:1:2:4:,initialisation,9729.966250642281,
4:4:4:4:4:3:3:4:4:,initialisation,11217.01766994161,
3:4:4:4:4:2:3:4:3:,initialisation,11422.457751989541,
2:3:4:4:4:1:2:2:2:,initialisation,9730.638611357701,
2:3:4:4:3:3:3:4:2:,initialisation,12896.010114193712,
3:3:4:4:4:2:2:3:3:,initialisation,9988.50716191953,
4:4:2:4:4:2:1:4:4:,initialisation,11114.558597613015,
3:4:4:4:4:1:2:3:3:,initialisation,10575.278497726005,
4:4:4:4:4:2:1:4:4:,initialisation,11110.33751559037,
2:3:4:4:4:3:3:4:2:,initialisation,11836.450804725457,
4:4:4:4:4:1:2:3:4:,initialisation,9512.344532614155,
3:3:4:4:4:3:3:4:2:,initialisation,11697.93722928972,
4:3:4:4:4:3:2:4:4:,initialisation,10572.605345034062,
3:4:4:4:4:1:2:2:4:,initialisation,9769.120283873755,
3:3:4:4:4:2:3:2:3:,initialisation,11717.7008966124,
4:4:2:4:4:0:0:0:4:,initialisation,9939.143038211327,
4:4:3:4:4:1:1:3:4:,initialisation,10501.349539309183,
3:3:4:4:4:1:1:2:3:,initialisation,9424.125102053915,
3:4:4:4:4:1:2:3:4:,initialisation,10737.088819667764,
4:3:4:4:4:2:3:4:3:,initialisation,10849.583538595149,
4:4:4:4:4:1:1:1:4:,initialisation,9408.984689819077,
3:3:4:4:4:2:2:2:3:,initialisation,11574.402385371004,
3:3:4:4:4:2:3:4:3:,initialisation,10402.194732847382,
4:4:2:4:4:2:2:4:4:,initialisation,11088.459895090544,
3:3:4:4:4:2:3:3:3:,initialisation,10100.384369356385,
4:4:4:4:4:3:2:4:4:,initialisation,12167.381597897172,
3:3:4:4:4:2:2:2:3:,initialisation,11561.938526421745,
4:4:4:4:4:1:1:4:4:,initialisation,9873.029714485825,
4:4:4:4:4:1:2:3:4:,initialisation,9504.813853646223,
2:3:4:4:3:2:3:4:2:,initialisation,12093.397570367672,
2:3:4:4:3:3:3:4:2:,initialisation,12612.842550572434,
3:3:4:4:3:3:3:4:3:,initialisation,11026.133660939386,
4:4:4:4:4:3:2:4:4:,initialisation,11790.383711388013,
3:3:4:4:4:2:2:2:3:,initialisation,11484.389178903974,
3:3:4:4:4:2:2:2:3:,initialisation,11333.031095930093,
4:4:4:4:4:1:2:4:4:,initialisation,9721.188778457878,
4:4:4:4:4:2:2:4:4:,initialisation,9623.401765443767,
4:4:4:4:4:1:2:4:4:,initialisation,9699.236933070508,
3:3:4:4:4:2:2:2:3:,initialisation,10506.544576774173,
4:4:2:4:4:2:2:4:4:,initialisation,11065.057037417964,
4:4:4:4:4:1:1:2:4:,initialisation,9110.632535421686,
3:3:4:4:4:2:3:3:4:,initialisation,12101.001789824162,
2:3:4:4:3:3:3:4:2:,initialisation,11538.338952109201,
4:4:3:4:4:2:2:4:4:,initialisation,10333.184992068464,
4:4:4:4:4:1:2:3:4:,initialisation,9456.529825032521,
4:4:4:4:4:1:1:4:4:,initialisation,9726.009879507734,
3:3:4:4:4:3:3:4:3:,initialisation,10570.004774050532,
3:4:4:4:4:2:3:3:3:,initialisation,12096.27656227273,
4:4:3:4:4:1:1:4:4:,initialisation,10131.150390675768,
4:4:4:4:4:1:1:4:4:,initialisation,9639.232339583497,
4:4:4:4:4:1:1:2:4:,initialisation,9071.393554016626,
4:4:2:4:4:1:1:3:4:,initialisation,11435.300905644584,
4:3:4:4:4:2:3:4:3:,initialisation,10273.850827466846,
4:4:2:4:4:2:2:4:4:,initialisation,11014.820737916416,
3:3:4:4:3:3:3:4:2:,initialisation,11863.709991364423,
4:3:3:4:4:3:3:4:4:,initialisation,11212.057292046717,
3:4:4:4:4:2:2:2:4:,initialisation,11283.761917640159,
2:3:4:4:4:2:3:3:2:,initialisation,10846.124959732053,
3:3:4:4:4:2:3:2:3:,initialisation,10525.71977204177,
3:4:4:4:4:2:3:4:3:,initialisation,11361.24306015526,
3:3:4:4:4:2:2:3:3:,initialisation,9892.462472804971,
4:3:4:4:3:3:3:4:4:,initialisation,12350.050641824155,
4:4:3:4:4:2:1:3:4:,initialisation,10564.349923258616,
3:3:4:4:4:1:3:3:3:,initialisation,11307.98827993557,
3:4:4:4:4:2:2:3:3:,initialisation,11052.70037792112,
2:3:4:4:4:2:2:3:2:,initialisation,10709.983258714534,
4:3:4:4:4:1:2:3:4:,initialisation,9952.576528961257,
4:4:4:4:4:2:1:4:4:,initialisation,10772.703725814525,
2:3:4:4:4:2:3:3:2:,initialisation,10628.420523877028,
4:4:4:4:4:1:1:3:4:,initialisation,9239.23020588934,
3:3:4:4:4:3:3:4:2:,initialisation,11454.361509033804,
4:4:3:4:4:1:1:4:4:,initialisation,10039.790760953732,
4:4:4:4:4:3:2:4:4:,initialisation,11444.247053851566,
3:3:4:4:4:2:3:4:3:,initialisation,10086.552655568892,
4:4:4:4:4:2:1:4:4:,initialisation,10668.74617683176,
3:3:4:4:4:3:3:4:3:,initialisation,10529.99243080908,
3:3:4:4:4:1:1:2:4:,initialisation,9589.467265900374,
2:3:4:4:4:1:2:2:3:,initialisation,9820.01046920679,
2:3:4:4:3:2:3:4:2:,initialisation,11741.44228505609,
4:4:3:4:4:3:2:4:4:,initialisation,11212.057292046713,
2:3:4:4:4:2:3:4:2:,initialisation,10944.664191445861,
3:4:4:4:4:3:3:4:3:,initialisation,12961.237341881957,
3:4:4:4:4:1:2:1:4:,initialisation,10587.576708585852,
4:4:4:4:4:2:2:2:4:,initialisation,10970.707668511117,
3:4:4:4:4:1:2:2:3:,initialisation,10905.570047194067,
2:3:4:4:4:2:3:4:2:,initialisation,10824.834165489867,
4:3:4:4:4:2:3:4:4:,initialisation,10394.448561585124,
3:4:4:4:4:2:2:3:3:,initialisation,10826.754425407466,
4:4:3:4:4:1:1:3:4:,initialisation,10303.86418776738,
3:3:4:4:4:2:2:4:3:,initialisation,9504.979080795207,
3:4:4:4:4:2:2:2:3:,initialisation,11325.534714820795,
3:4:4:4:4:2:3:3:3:,initialisation,11403.636405774645,
3:3:4:4:4:1:2:1:3:,initialisation,10008.591336252903,
3:4:4:4:4:1:2:2:3:,initialisation,10805.086016531062,
4:3:3:4:4:3:3:4:4:,initialisation,11212.057292046715,
3:3:4:4:4:2:2:3:4:,initialisation,11201.64459711988,
3:3:4:4:4:2:3:4:3:,clone,9984.386716775498,3:3:4:4:4:2:3:4:3
3:3:4:4:4:2:2:2:3:,recombination,9567.110001163519,3:3:4:4:4:2:3:3:3,4:4:4:4:4:2:2:2:4
3:4:4:4:4:1:2:2:4:,clone,9734.548002663036,3:4:4:4:4:1:2:2:4
3:3:4:4:4:2:2:3:3:,recombination,9827.088884430605,3:3:4:4:4:2:2:2:3,4:3:4:4:4:3:3:4:4,MUTATE
3:3:4:4:4:2:2:3:3:,clone,9610.840591787859,3:3:4:4:4:2:2:3:3
3:4:4:4:4:1:2:2:4:,clone,9469.83670562175,3:4:4:4:4:1:2:2:4
4:4:2:4:4:2:1:4:4:,recombination,10885.37378669857,4:3:4:4:4:2:3:4:4,4:4:2:4:4:2:2:4:4
4:4:3:4:4:2:1:4:4:,recombination,10802.155369101472,4:4:4:4:4:1:1:4:4,4:4:2:4:4:2:1:4:4
4:4:4:4:4:1:1:4:4:,recombination,9628.260180274641,4:4:4:4:4:2:2:3:4,4:4:4:4:4:1:1:4:4
4:4:4:4:4:1:2:4:4:,clone,9536.839360429121,4:4:3:4:4:1:2:4:4
3:3:4:4:4:2:3:4:3:,clone,9951.145393516716,3:3:4:4:4:2:3:4:3
4:4:2:4:4:2:2:4:4:,clone,10798.950756320302,4:4:2:4:4:2:2:4:4
3:3:4:4:4:3:3:4:3:,recombination,10451.995633793942,3:3:4:4:4:2:2:4:3,3:3:4:4:4:2:3:4:3,MUTATE
4:4:3:4:4:3:2:4:4:,clone,11069.070167395788,4:4:3:4:4:3:2:4:4
4:4:4:4:4:1:1:2:4:,recombination,9034.593587490468,3:4:4:4:4:2:3:3:3,4:4:4:4:4:1:1:2:4,MUTATE
4:4:3:4:4:3:3:4:4:,recombination,11146.929149625616,4:3:3:4:4:3:3:4:4,2:3:4:4:4:2:3:3:2,MUTATE
4:4:4:4:4:0:1:2:4:,clone,10155.54644694382,4:4:4:4:4:0:1:2:4
4:3:4:4:4:2:2:4:3:,recombination,9873.021170035732,3:3:4:4:3:3:3:4:2,3:3:4:4:4:2:3:4:3,MUTATE
4:3:4:4:4:2:2:4:4:,recombination,9758.422177637143,3:3:4:4:4:3:3:4:3,3:3:4:4:3:3:3:4:3,MUTATE
4:4:3:4:4:2:2:4:4:,recombination,10261.532070803709,4:4:3:4:4:1:1:4:4,4:4:4:4:4:3:3:4:4,MUTATE
3:3:4:4:4:1:2:2:4:,recombination,9825.256982481731,2:3:4:4:4:2:3:4:2,4:4:4:4:4:1:1:2:4
3:3:4:4:4:2:3:4:3:,recombination,9749.816662253495,3:4:4:4:4:1:2:3:3,3:3:4:4:4:3:3:4:3
4:4:2:4:4:2:2:4:4:,clone,10798.950756320299,4:4:2:4:4:2:2:4:4
4:3:4:4:4:3:2:4:4:,clone,10370.551146819706,4:3:4:4:4:3:2:4:4
3:3:4:4:4:1:1:2:4:,recombination,9438.386164124053,3:3:4:4:4:1:2:2:3,3:4:4:4:4:2:2:3:4,MUTATE
4:4:4:4:4:1:2:3:4:,recombination,9210.110926360281,3:3:4:4:4:1:2:2:3,4:4:4:4:4:1:2:3:4,MUTATE
3:3:4:4:4:1:2:1:4:,recombination,11242.369406188045,3:4:4:4:4:1:2:1:4,3:3:4:4:4:1:2:2:3,MUTATE
4:4:4:4:4:0:1:2:4:,clone,9983.41576796124,4:4:4:4:4:0:1:2:4
4:3:4:4:4:1:1:2:4:,clone,8862.292877210206,4:4:4:4:4:1:1:2:4
3:3:4:4:4:2:2:2:4:,clone,11455.049599753587,3:4:4:4:4:2:2:2:4
4:4:3:4:4:0:0:0:4:,clone,9904.21622949221,4:4:2:4:4:0:0:0:4
3:4:4:4:4:2:3:4:3:,clone,11313.69555617537,3:4:4:4:4:2:3:4:3
4:3:4:4:4:2:2:4:4:,recombination,9509.990423650135,4:4:4:4:4:3:2:4:4,3:3:4:4:4:2:2:4:3
4:3:4:4:4:3:3:4:3:,clone,10845.236768164734,4:3:4:4:4:3:3:4:4
3:3:4:4:4:3:3:4:3:,clone,10155.938335372855,3:3:4:4:4:3:3:4:3
3:3:4:4:4:2:3:4:2:,clone,9731.310401722654,3:3:4:4:4:2:3:4:3
4:4:3:4:4:2:1:4:4:,clone,10693.38186899698,4:4:3:4:4:2:1:4:4
3:3:4:4:4:1:2:2:4:,clone,9488.199246275268,3:4:4:4:4:1:2:2:4
4:4:3:4:4:0:1:1:4:,recombination,10960.831985196148,2:3:4:4:4:2:3:3:2,4:4:2:4:4:0:0:0:4,MUTATE
2:3:4:4:4:3:3:4:2:,clone,11403.140802627155,3:3:4:4:4:3:3:4:2
3:3:4:4:4:1:2:2:4:,clone,9367.532482485902,3:3:4:4:4:1:1:2:4
3:3:4:4:4:1:2:3:4:,clone,9210.110926360281,4:4:4:4:4:1:2:3:4
4:4:4:4:4:2:2:2:4:,recombination,10462.374719449961,4:4:3:4:4:2:1:3:4,3:3:4:4:4:2:3:3:3
4:4:3:4:4:2:2:3:4:,clone,11290.752289957118,4:4:3:4:4:2:2:3:4
3:4:4:4:4:1:2:3:4:,recombination,10038.888240537324,4:4:4:4:4:1:1:2:4,2:3:4:4:4:2:3:4:2
4:4:4:4:4:0:1:1:4:,recombination,9788.42515330139,4:4:4:4:4:1:2:3:4,4:4:2:4:4:0:0:0:4,MUTATE
3:3:4:4:4:1:1:2:4:,recombination,8959.380081973368,3:3:4:4:4:2:3:4:3,3:3:4:4:4:1:1:2:4
4:4:3:4:4:1:1:4:4:,clone,9958.858520563641,4:4:3:4:4:1:1:4:4
4:3:4:4:4:2:2:4:3:,clone,9449.619400077367,4:3:4:4:4:2:2:4:3
3:3:4:4:4:3:3:4:2:,clone,10235.126069350701,3:3:4:4:4:2:3:4:2
3:3:4:4:4:2:3:4:2:,clone,9627.665138902268,3:3:4:4:4:2:3:4:2
4:4:4:4:4:0:1:1:4:,recombination,9375.414959818516,4:4:4:4:4:1:1:1:4,3:4:4:4:4:3:3:4:3,MUTATE
4:4:4:4:4:3:2:4:4:,clone,11326.643311177679,4:4:4:4:4:3:2:4:4
2:3:4:4:4:3:3:4:2:,clone,11112.42869211631,2:3:4:4:4:2:3:4:2
3:4:4:4:4:2:2:3:4:,clone,10037.043799702678,3:4:4:4:4:1:2:3:4
2:3:4:4:4:2:3:4:2:,recombination,10581.067414477942,3:3:4:4:4:2:3:4:3,2:3:4:4:3:3:3:4:2
4:4:4:4:4:0:1:2:4:,recombination,9902.720235853789,4:4:3:4:4:1:1:3:4,4:4:3:4:4:0:0:0:4
3:3:4:4:4:2:2:3:4:,recombination,10248.05652519029,3:3:4:4:4:2:2:3:3,4:4:4:4:4:2:2:4:4,MUTATE
3:3:4:4:4:3:3:4:3:,recombination,10099.384383614131,4:3:4:4:4:3:2:4:4,3:3:4:4:4:2:2:4:3,MUTATE
4:3:4:4:4:2:2:3:4:,recombination,10932.954301786176,4:4:4:4:4:1:2:4:4,3:3:4:4:4:2:2:2:3,MUTATE
4:3:4:4:4:2:2:4:3:,clone,9449.619400077365,4:3:4:4:4:2:2:4:3
4:4:2:4:4:1:2:4:4:,recombination,10786.007319008322,4:4:2:4:4:1:2:4:4,3:3:4:4:4:2:2:3:4
4:4:3:4:4:2:1:4:4:,recombination,10686.974271357147,2:3:4:4:4:2:3:4:2,4:4:3:4:4:2:1:4:4
2:3:4:4:4:1:2:3:2:,clone,9847.565164510646,2:3:4:4:4:1:2:2:2
4:4:3:4:4:0:1:2:4:,clone,9974.474102229198,4:4:4:4:4:0:1:2:4
4:4:3:4:4:3:3:4:4:,clone,11069.070167395788,4:4:3:4:4:3:2:4:4
3:3:4:4:4:1:2:2:3:,clone,9309.968541873863,3:3:4:4:4:1:1:2:4
3:3:4:4:4:3:2:4:3:,clone,9983.886263115108,3:3:4:4:4:3:3:4:3
4:3:4:4:4:2:3:4:3:,recombination,9984.1376506113,3:3:4:4:4:2:2:4:3,4:4:3:4:4:3:3:4:4,MUTATE
4:3:4:4:4:2:2:3:4:,recombination,10611.75203787597,4:4:2:4:4:2:2:4:4,2:3:4:4:4:2:3:3:2
4:4:3:4:4:1:1:4:4:,clone,9939.379190379927,4:4:3:4:4:1:1:4:4
4:4:2:4:4:1:2:4:4:,recombination,10655.59648388954,4:3:4:4:4:2:3:4:4,4:4:2:4:4:1:2:4:4,MUTATE
3:3:4:4:4:2:3:4:3:,clone,9511.306027374634,3:3:4:4:4:2:3:4:3
3:4:4:4:4:3:3:4:3:,clone,12957.930274613796,3:4:4:4:4:3:3:4:3
4:4:4:4:4:1:2:4:4:,clone,9293.773660092675,4:4:4:4:4:1:2:4:4
3:3:4:4:4:1:3:3:3:,recombination,11211.861680117885,3:3:4:4:4:1:2:1:3,3:3:4:4:4:1:3:3:3,MUTATE
4:3:4:4:4:3:3:4:3:,recombination,10702.825652423195,3:3:4:4:3:3:3:4:3,4:4:2:4:4:2:2:4:4,MUTATE
3:3:4:4:4:3:3:4:3:,recombination,10065.867668272072,3:3:4:4:4:3:2:4:3,3:3:4:4:4:3:3:4:3
4:3:4:4:4:2:3:4:4:,recombination,9979.59649005544,3:3:4:4:4:2:3:2:3,4:4:4:4:4:2:3:4:4
4:3:4:4:3:3:3:4:4:,clone,12350.050641824153,4:3:4:4:3:3:3:4:4
3:3:4:4:3:3:3:4:2:,recombination,11121.403142497189,4:3:4:4:4:3:3:4:3,3:3:4:4:3:3:3:4:3,MUTATE
4:4:3:4:4:2:1:4:4:,clone,10599.285611232135,4:4:3:4:4:2:1:3:4
2:3:4:4:3:2:3:4:2:,recombination,11266.580621677134,4:4:4:4:4:1:2:4:4,2:3:4:4:3:3:3:4:2,MUTATE
3:3:4:4:4:2:2:3:4:,recombination,10112.980342232464,4:4:4:4:4:1:2:4:4,3:3:4:4:4:2:2:3:3
3:3:4:4:4:1:2:3:3:,recombination,8817.02415088906,3:3:4:4:4:1:2:2:3,3:4:4:4:4:2:2:3:4
3:3:4:4:4:2:3:4:3:,recombination,9358.593764509054,4:4:4:4:4:1:2:4:4,3:3:4:4:4:2:3:4:3
4:4:4:4:4:2:2:3:4:,recombination,10004.927507942248,3:3:4:4:4:2:2:3:4,4:4:4:4:4:1:1:4:4,MUTATE
2:3:4:4:4:3:3:4:2:,recombination,10235.126069350701,3:3:4:4:4:1:1:2:4,3:3:4:4:4:3:3:4:2
3:3:4:4:4:2:2:4:3:,clone,9450.867368062518,3:3:4:4:4:2:2:4:3
2:3:4:4:3:3:3:4:2:,clone,10235.126069350701,2:3:4:4:4:3:3:4:2
3:3:4:4:3:2:3:4:3:,clone,9358.593764509054,3:3:4:4:3:2:3:4:3
3:4:4:4:4:1:1:1:4:,clone,9145.514096260773,3:4:4:4:4:1:2:2:4
3:3:4:4:4:3:3:4:3:,clone,9626.087656660127,3:3:4:4:4:2:3:4:3
2:2:4:4:4:2:3:3:2:,recombination,11340.778671304533,3:3:4:4:4:2:3:2:3,2:3:4:4:4:2:3:3:2
4:4:3:4:4:2:2:4:4:,clone,10135.289423976888,4:4:3:4:4:2:2:4:4
3:3:4:4:4:1:2:1:3:,clone,9919.040551483846,3:3:4:4:4:1:2:1:3
3:3:4:4:4:2:3:4:3:,recombination,9128.050350262227,3:3:4:4:3:2:3:4:3,3:3:4:4:4:2:2:3:3,MUTATE
3:3:4:4:4:2:3:4:3:,clone,9111.893447987746,3:3:4:4:4:2:3:4:3
4:4:4:4:4:1:2:2:4:,clone,9878.515577848962,4:4:4:4:4:1:1:2:4
4:4:4:4:4:3:3:4:4:,recombination,11158.477001389385,4:3:3:4:4:3:3:4:4,4:3:4:4:4:2:3:4:4
3:3:4:4:4:1:1:2:3:,recombination,9155.441057163303,3:3:4:4:4:1:1:2:3,4:4:4:4:4:2:2:4:4
3:3:4:4:4:1:2:1:4:,clone,10823.981337685605,3:4:4:4:4:1:2:1:4
2:3:4:4:4:2:2:2:3:,clone,10060.782420560801,2:3:4:4:4:2:2:2:3
4:3:4:4:4:3:2:4:4:,clone,10122.073130992098,4:3:4:4:4:3:2:4:4
4:4:4:4:4:1:1:3:4:,clone,9142.956377510518,4:4:4:4:4:1:1:3:4
2:3:4:4:4:1:2:3:2:,recombination,9728.372362116792,4:3:4:4:4:2:3:4:4,2:3:4:4:4:1:2:3:2
4:4:2:4:4:1:2:4:4:,clone,10655.596483889538,4:4:2:4:4:1:2:4:4
3:3:4:4:3:3:3:4:2:,clone,11026.133660939386,3:3:4:4:3:3:3:4:2
2:3:4:4:4:2:3:4:2:,recombination,10295.385741185199,3:3:4:4:4:2:3:3:3,4:3:4:4:4:2:3:4:3
4:4:4:4:4:1:1:3:4:,clone,9093.649964902905,4:4:4:4:4:1:1:3:4
4:3:4:4:4:1:2:3:4:,recombination,9569.030826572623,3:3:4:4:4:2:2:2:3,4:4:4:4:4:0:1:2:4
4:3:3:4:4:3:3:4:4:,recombination,10898.507229076686,3:3:4:4:4:3:3:4:3,4:4:4:4:4:3:3:4:4
4:3:4:4:4:3:3:4:3:,clone,10665.45777733453,4:3:4:4:4:3:3:4:3
3:3:4:4:4:1:2:1:3:,clone,9904.475581453567,3:3:4:4:4:1:2:1:3
4:3:4:4:4:3:3:4:4:,recombination,10522.612861932836,4:4:4:4:4:2:2:4:4,4:3:4:4:4:3:3:4:3,MUTATE
4:3:4:4:4:3:3:4:3:,clone,10122.073130992098,4:3:4:4:4:3:2:4:4
4:3:4:4:4:2:2:3:4:,recombination,9402.223607329293,4:3:4:4:4:1:2:3:4,4:4:2:4:4:2:1:4:4,MUTATE
3:3:4:4:4:1:2:4:3:,recombination,9405.047068283322,3:4:4:4:4:1:1:1:4,3:3:4:4:4:2:2:4:3,MUTATE
4:4:3:4:4:2:1:4:4:,recombination,10563.742657937868,4:4:3:4:4:2:1:4:4,4:4:4:4:4:3:2:4:4
4:3:4:4:4:3:2:4:3:,recombination,10492.248505461283,3:3:4:4:4:3:3:4:2,4:3:4:4:4:3:3:4:4,MUTATE
4:3:4:4:4:2:2:4:4:,recombination,9054.304465469111,4:3:4:4:4:2:3:4:4,3:3:4:4:3:2:3:4:3,MUTATE
3:4:4:4:4:1:2:1:4:,clone,10298.327242070884,3:4:4:4:4:1:2:1:4
3:3:4:4:4:2:2:4:3:,recombination,9402.273091905923,4:3:4:4:4:3:3:4:3,4:3:4:4:4:2:2:4:4,MUTATE
3:4:4:4:4:2:2:4:3:,recombination,10528.676587807075,3:4:4:4:4:1:2:2:4,3:3:4:4:4:3:3:4:2,MUTATE
4:4:3:4:4:2:1:4:4:,clone,10563.742657937866,4:4:3:4:4:2:1:4:4
4:4:4:4:4:3:2:4:4:,recombination,11043.921092166536,4:4:3:4:4:3:2:4:4,4:3:4:4:4:3:3:4:3,MUTATE
3:3:4:4:3:3:3:4:3:,recombination,10425.260367079713,4:3:4:4:4:2:3:4:4,4:3:4:4:4:3:3:4:4
2:3:4:4:4:2:3:3:2:,clone,9843.965770141574,2:3:4:4:4:2:3:3:2
4:3:4:4:4:1:1:3:4:,recombination,9010.37328546328,2:3:4:4:4:1:2:2:3,4:4:4:4:4:1:1:3:4
2:3:4:4:4:2:3:3:2:,clone,9815.928008741443,2:3:4:4:4:2:3:3:2
4:3:4:4:4:1:2:3:4:,recombination,9358.51776173353,4:3:4:4:4:1:2:3:4,4:4:4:4:4:1:2:3:4
4:4:4:4:4:3:2:4:4:,recombination,11007.96112199621,4:4:4:4:4:2:2:4:4,3:3:4:4:4:3:3:4:3,MUTATE
4:4:4:4:4:2:2:3:4:,recombination,9875.494774538094,3:3:4:4:4:2:3:4:3,4:3:4:4:4:1:2:3:4
2:2:4:4:3:3:3:4:2:,clone,10180.651682698506,2:2:4:4:3:3:3:4:2
3:4:4:4:4:1:2:2:4:,clone,9422.29070383677,3:4:4:4:4:1:2:2:4
4:4:4:4:4:2:2:4:4:,clone,9549.771390382402,4:4:4:4:4:2:2:4:4
3:3:4:4:4:2:2:4:3:,clone,9355.556124190454,3:3:4:4:4:2:2:4:3
3:3:4:4:4:2:2:4:3:,recombination,9042.474657842511,4:3:4:4:4:2:2:4:4,3:3:4:4:4:1:2:1:4,MUTATE
3:3:4:4:4:2:2:4:3:,recombination,8989.610113501496,4:4:4:4:4:1:1:1:4,3:3:4:4:4:2:2:4:3
3:3:4:4:4:2:2:4:3:,clone,8950.097749531686,3:3:4:4:4:2:2:4:3
2:3:4:4:4:2:3:3:2:,recombination,9734.712993945821,3:3:4:4:4:1:2:2:3,2:3:4:4:4:2:3:3:2
3:3:4:4:4:2:2:3:4:,clone,9580.094795705878,3:3:4:4:4:2:2:3:4
2:3:4:4:4:2:3:4:2:,clone,10247.482913688127,2:3:4:4:4:2:3:4:2
3:3:4:4:3:3:3:4:2:,recombination,10975.055975753892,3:3:4:4:4:2:3:4:3,3:3:4:4:4:2:2:2:3
4:4:3:4:4:3:2:4:4:,recombination,11042.075720367699,4:4:4:4:4:2:2:2:4,4:4:3:4:4:3:3:4:4
4:4:4:4:4:1:1:3:4:,clone,8995.685092703874,4:4:4:4:4:1:1:3:4
2:3:4:4:4:1:2:3:2:,recombination,9680.54756272665,4:3:4:4:4:3:2:4:3,2:3:4:4:4:1:2:3:2,MUTATE
3:4:4:4:4:1:2:3:3:,clone,10545.180661205957,3:4:4:4:4:1:2:3:3
2:3:4:4:4:3:3:4:2:,recombination,10085.213176969655,4:3:4:4:4:2:2:3:4,2:3:4:4:4:2:3:4:2,MUTATE
3:4:4:4:4:2:3:3:4:,recombination,11332.819612239171,2:3:4:4:4:2:3:3:2,3:4:4:4:4:2:3:3:3,MUTATE
4:4:3:4:4:2:1:4:4:,recombination,10126.705082646073,4:4:4:4:4:1:1:4:4,4:4:3:4:4:3:2:4:4
2:3:4:4:4:2:2:3:2:,clone,9599.811016165342,2:3:4:4:4:2:3:3:2
4:4:3:4:4:2:3:4:4:,clone,11185.062845018625,4:4:3:4:4:2:3:4:4
4:4:4:4:4:2:1:4:4:,recombination,10470.13842449397,3:3:4:4:4:1:2:2:3,4:4:3:4:4:2:1:4:4
3:3:4:4:4:2:2:2:4:,clone,11394.456954614376,3:3:4:4:4:2:2:2:4
4:4:4:4:4:3:2:4:4:,recombination,10948.371041992976,4:4:3:4:4:2:2:4:4,4:3:4:4:4:3:3:4:3
4:4:3:4:4:3:2:4:4:,recombination,10931.24515682781,4:4:3:4:4:3:3:4:4,4:4:4:4:4:1:2:2:4
4:4:3:4:4:1:1:3:4:,clone,10005.54189775324,4:4:3:4:4:1:1:3:4
3:3:4:4:4:2:2:3:3:,clone,9518.98729353928,3:3:4:4:4:1:2:3:3
2:3:4:4:4:2:2:4:2:,clone,10194.284702132978,2:3:4:4:4:2:2:4:2
3:3:4:4:4:2:2:3:3:,clone,9469.680880931668,3:3:4:4:4:1:2:3:3
4:4:4:4:4:3:3:4:4:,recombination,10725.477373628077,4:4:4:4:4:2:2:4:4,3:3:4:4:4:2:3:3:3,MUTATE
3:3:4:4:4:2:2:3:3:,clone,9411.262377654075,3:3:4:4:4:2:2:3:3
4:3:4:4:4:1:2:4:4:,recombination,9761.843148737049,2:3:4:4:4:2:3:3:2,4:4:4:4:4:2:2:3:4
4:4:3:4:4:2:1:4:4:,clone,10080.914581688154,4:4:3:4:4:2:1:4:4
3:3:4:4:4:1:1:2:4:,clone,8948.057145930297,3:3:4:4:4:1:1:2:4
2:3:4:4:4:2:3:4:2:,clone,10049.126582414643,2:3:4:4:4:2:3:4:2
4:4:3:4:4:3:2:4:4:,clone,10931.245156827808,4:4:3:4:4:3:2:4:4
4:4:4:4:4:1:1:2:4:,recombination,8441.702516943242,2:3:4:4:4:2:3:4:2,3:4:4:4:4:1:2:2:3
2:3:4:4:3:3:4:4:2:,recombination,12717.82808857674,2:3:4:3:2:3:4:4:2,3:3:4:4:4:2:3:4:3,MUTATE
3:3:4:4:4:1:1:3:4:,clone,9384.50783433532,3:3:4:4:4:1:1:2:4
3:3:4:4:3:4:3:4:3:,recombination,11650.209550194262,4:4:3:4:4:3:2:4:4,2:3:4:4:3:3:3:4:2,MUTATE
2:3:4:4:4:2:2:4:2:,clone,10137.813934933056,2:3:4:4:4:2:2:4:2
4:3:4:4:4:3:3:4:4:,clone,10394.750994101127,4:3:4:4:4:3:3:4:4
2:3:4:4:3:3:4:4:2:,recombination,12509.545983436787,2:3:4:4:3:3:3:4:2,2:3:4:4:4:2:3:4:2,MUTATE
3:3:4:4:4:1:2:4:3:,recombination,9249.187954871393,3:3:4:4:4:1:1:2:3,4:3:4:4:4:2:3:4:3
3:4:4:4:4:1:2:3:4:,recombination,9315.877503246458,4:4:4:4:4:1:1:2:4,4:4:4:4:4:1:2:4:4,MUTATE
2:3:4:3:2:3:4:4:2:,clone,11946.984136547359,2:3:4:3:2:3:4:4:2
2:3:4:4:4:1:2:3:2:,clone,9634.307545773476,2:3:4:4:4:1:2:3:2
4:4:3:4:4:0:0:1:4:,clone,10864.257059618945,4:4:3:4:4:0:1:1:4
4:4:4:4:4:3:3:4:4:,recombination,10511.08912349169,4:4:4:4:4:2:2:4:4,4:4:2:4:4:2:2:4:4
2:3:4:4:4:2:3:4:2:,recombination,9973.147984523506,2:3:4:4:4:1:2:3:2,3:3:4:4:3:3:3:4:3
3:3:4:4:4:1:1:2:3:,recombination,8991.294841949202,3:3:4:4:4:1:1:2:4,2:3:4:4:4:1:2:2:3,MUTATE
2:2:4:3:2:3:4:4:1:,clone,11870.964571382023,2:2:4:3:2:3:4:4:1
2:2:4:4:4:2:3:4:2:,clone,10184.397528658794,2:2:4:4:4:2:3:4:2
2:2:4:4:4:3:3:4:2:,clone,11050.074963073832,2:2:4:4:3:3:3:4:2
4:3:3:4:4:3:3:4:4:,clone,10804.287914016866,4:3:3:4:4:3:2:4:4
4:4:4:4:4:0:1:2:4:,clone,9878.311312454567,4:4:4:4:4:1:1:2:4
2:2:4:4:4:3:3:4:2:,recombination,10879.622820938765,2:3:4:4:4:2:3:4:2,3:4:4:4:4:2:2:4:3
4:4:3:4:4:0:1:1:4:,recombination,10378.27906225722,3:3:4:4:4:3:3:4:2,4:4:3:4:4:0:1:1:4,MUTATE
3:3:4:4:4:2:2:2:4:,clone,10666.31534785151,3:3:4:4:4:2:2:3:4
3:3:4:4:4:1:3:3:3:,clone,10848.294649091544,3:3:4:4:4:1:3:3:3
2:2:4:3:2:3:3:4:1:,recombination,11229.645325234405,3:3:4:4:4:2:2:2:3,4:3:4:4:4:3:3:4:3
3:3:4:4:3:3:3:4:2:,clone,10654.08259269159,3:3:4:4:3:3:3:4:2
2:2:4:3:2:3:4:4:1:,clone,11367.148903753978,2:2:4:3:2:3:4:4:1
4:4:4:4:4:1:1:3:4:,clone,8979.164292697951,4:4:4:4:4:1:1:3:4
4:4:3:4:4:2:2:4:4:,recombination,9860.502940919008,3:3:4:4:3:3:3:4:2,4:4:3:4:4:2:1:4:4,MUTATE
4:3:3:4:4:3:2:4:4:,recombination,10967.413318595763,4:4:3:4:4:0:0:1:4,4:4:3:4:4:3:2:4:4
4:4:4:4:4:1:2:3:4:,clone,9065.780964341815,4:4:4:4:4:1:1:3:4
2:2:4:3:3:3:3:4:1:,recombination,11308.619894828922,3:3:4:4:4:1:1:2:4,2:3:4:4:4:3:3:4:2,MUTATE
2:2:4:4:3:3:4:4:1:,clone,12049.011380319242,2:3:4:4:3:3:3:4:2
4:3:4:4:3:3:3:4:3:,recombination,10961.02405583476,4:3:4:4:4:2:3:4:4,4:4:4:4:4:2:2:4:4,MUTATE
3:3:4:3:3:3:3:4:2:,clone,11282.83800297421,3:3:4:3:3:3:3:4:2
4:4:4:4:4:3:3:4:4:,recombination,10468.158037021873,4:4:2:4:4:2:2:4:4,4:4:4:4:4:3:3:4:4,MUTATE
3:4:4:4:4:1:2:3:4:,clone,9022.71165677223,4:4:4:4:4:1:2:3:4
3:3:4:3:3:3:3:4:2:,recombination,11084.057184542164,3:3:4:4:3:3:3:4:2,3:3:4:3:3:3:3:4:2
2:3:4:4:3:3:4:4:2:,recombination,12287.35249160663,3:3:4:4:4:2:2:3:4,2:2:4:4:3:3:4:4:1
2:2:4:4:3:3:3:4:1:,recombination,11855.511686006646,2:3:4:4:4:2:2:3:2,3:4:4:4:4:3:3:4:3,MUTATE
4:4:2:4:4:1:1:4:4:,clone,11063.829897490581,4:4:2:4:4:1:1:4:4
4:4:3:4:4:0:0:1:4:,recombination,10062.504260743915,4:4:3:4:4:2:1:4:4,4:4:3:4:4:0:0:0:4
4:3:4:4:4:1:2:2:4:,recombination,10369.029997900912,4:4:2:4:4:0:0:0:4,3:4:4:4:4:1:2:1:4
4:3:3:4:4:3:2:4:4:,recombination,10916.45113018755,2:3:4:4:4:2:2:4:2,4:3:3:4:4:3:3:4:4
2:2:4:3:2:3:4:4:2:,recombination,12282.961508648681,3:3:4:4:3:3:3:4:3,3:3:4:4:4:2:2:2:3
2:3:4:4:4:2:2:4:2:,recombination,9947.916406477394,3:3:4:4:4:1:2:4:3,2:3:4:4:3:3:4:4:2
0:1:4:1:0:4:4:4:0:,clone,12525.097268326746,4:4:4:4:4:2:2:4:4
1:2:4:4:3:3:3:4:1:,clone,11774.108948335503,1:2:4:4:3:3:3:4:1
1:2:4:4:3:3:3:4:1:,clone,11333.895303154908,1:2:4:4:3:3:3:4:1
4:4:2:4:4:0:0:0:4:,clone,9840.528677760034,4:4:2:4:4:0:0:0:4
3:3:4:4:4:2:2:4:2:,recombination,10724.869555678282,2:3:4:4:4:1:2:2:3,4:4:3:4:4:3:3:4:4,MUTATE
4:4:3:4:4:2:3:4:4:,clone,11160.103753783531,4:4:3:4:4:2:3:4:4
2:2:4:3:3:3:4:4:1:,recombination,12065.09544991691,1:2:4:4:3:3:3:4:1,3:3:4:4:4:2:2:2:3,MUTATE
2:2:4:3:2:3:4:4:2:,clone,12139.300973450583,2:3:4:4:3:3:4:4:2
1:2:4:3:2:3:4:4:1:,clone,11744.973657928216,2:2:4:3:2:3:4:4:1
2:2:4:3:3:3:4:4:2:,clone,11676.260379576846,2:2:4:3:3:3:3:4:2
2:3:4:4:4:3:3:4:2:,recombination,10016.176042570853,4:4:3:4:4:1:1:3:4,2:3:4:4:4:2:3:4:2,MUTATE
2:2:4:3:2:4:4:4:1:,recombination,11983.529630054238,2:3:4:4:3:2:3:4:2,3:3:4:4:4:2:3:4:3
2:2:4:3:2:3:4:4:1:,recombination,11069.386757288825,2:3:4:4:4:2:2:3:2,2:3:4:4:4:2:2:4:2
2:2:4:3:2:3:3:4:2:,recombination,11075.62667353145,4:4:4:4:4:2:2:3:4,3:3:4:4:4:1:1:2:3
4:4:4:4:4:3:3:4:4:,clone,10409.561685326633,4:4:4:4:4:3:3:4:4
4:3:4:4:4:1:2:4:4:,recombination,9530.180577836487,4:4:4:4:4:1:1:4:4,4:3:4:4:4:1:2:3:4
1:2:4:2:1:4:4:4:1:,recombination,12489.960506521567,4:4:4:4:4:1:2:4:4,2:3:4:4:3:3:3:4:2
4:3:3:4:4:3:2:4:4:,recombination,10710.980586507832,4:3:3:4:4:3:3:4:4,2:3:4:4:4:2:3:4:2,MUTATE
2:2:4:3:3:3:4:4:2:,clone,11660.635537099173,2:2:4:3:3:3:4:4:2
2:3:4:3:2:4:4:4:2:,recombination,11981.580197746634,4:3:4:4:4:2:3:4:4,4:4:4:4:4:3:2:4:4
1:2:4:2:0:4:4:4:0:,recombination,12161.590382855673,3:3:4:4:4:1:2:3:4,4:4:4:4:4:1:2:4:4
2:2:4:2:1:4:4:4:1:,recombination,11658.228173003705,4:4:4:4:4:1:2:4:4,2:3:4:4:4:3:3:4:2,MUTATE
1:2:4:4:3:3:3:4:1:,clone,11042.838033768465,1:2:4:4:3:3:3:4:1
1:2:4:3:2:4:4:4:1:,clone,11983.529630054238,1:2:4:3:2:4:4:4:1
0:1:4:1:0:4:4:4:0:,clone,12426.492163822342,0:1:4:1:0:4:4:4:0
1:2:4:2:1:4:4:4:1:,recombination,11856.334138264649,4:4:4:4:4:1:2:4:4,2:3:4:4:4:3:3:4:2,MUTATE
3:3:4:4:4:1:1:4:3:,clone,8772.28405800297,3:3:4:4:4:1:1:4:3
2:2:4:3:2:3:4:4:2:,clone,11432.841874692442,2:2:4:4:3:3:3:4:2
4:4:2:4:4:1:0:2:4:,recombination,10899.97245238219,4:4:2:4:4:1:1:4:4,4:4:3:4:4:0:0:1:4
2:2:4:3:2:3:4:4:2:,clone,11400.891164993087,2:2:4:3:2:3:4:4:2
4:4:3:4:4:3:2:4:4:,recombination,10930.636657171666,2:3:4:4:4:3:3:4:2,4:4:2:4:4:2:1:4:4,MUTATE
4:3:3:4:4:3:3:4:3:,clone,10929.909411680399,4:3:3:4:4:3:3:4:3
2:2:4:3:2:3:4:4:2:,recombination,11259.5502159307,3:3:4:4:4:3:3:4:3,4:4:2:4:4:2:1:4:4
1:2:4:2:1:4:4:4:1:,clone,11853.901460959467,1:2:4:2:1:4:4:4:1
3:3:4:4:3:4:3:4:3:,clone,11332.70701246911,3:3:4:4:3:4:3:4:3
2:2:4:4:3:4:4:4:1:,recombination,13116.234231263905,3:3:4:4:4:2:3:3:3,4:3:4:4:4:3:3:4:3,MUTATE
2:2:4:3:2:4:4:4:1:,clone,11548.42859972794,2:2:4:3:2:4:4:4:1
4:4:3:4:4:2:3:4:4:,clone,11160.10375378353,4:4:3:4:4:2:3:4:4
2:2:4:3:2:4:4:4:2:,recombination,12460.6254940521,4:4:2:4:4:2:2:4:4,2:2:4:4:3:3:3:4:1
3:3:4:3:3:3:3:4:2:,recombination,10824.555425996947,3:3:4:4:4:2:2:4:3,3:3:4:4:3:3:3:4:3
2:3:4:4:4:2:3:4:2:,recombination,9924.313499020844,2:3:4:4:4:3:3:4:2,4:3:3:4:4:3:2:4:4,MUTATE
4:4:3:4:4:1:1:1:4:,recombination,11208.962478523583,4:4:3:4:4:0:0:0:4,2:3:4:4:3:2:3:4:2,MUTATE
2:3:4:4:3:4:3:4:2:,recombination,12520.91214037252,2:2:4:3:2:3:4:4:1,4:4:4:4:4:3:2:4:4
1:2:4:3:2:3:4:4:1:,recombination,11189.5033875751,1:2:4:3:2:3:4:4:1,2:2:4:3:2:3:4:4:2
1:2:4:3:2:3:4:4:1:,clone,11123.498360887006,1:2:4:4:3:3:3:4:1
2:2:4:2:1:3:4:4:1:,recombination,11705.91872108795,3:3:4:4:4:2:3:4:3,1:2:4:2:0:4:4:4:0,MUTATE
2:2:4:3:3:3:3:4:1:,recombination,10920.79801595771,4:4:4:4:4:2:2:3:4,4:4:3:4:4:3:2:4:4,MUTATE
3:3:4:4:4:2:2:4:2:,recombination,9788.072055886869,2:3:4:4:4:2:3:4:2,2:3:4:4:3:2:3:4:2
1:2:4:3:1:4:4:4:1:,recombination,13486.592460673119,3:3:4:4:4:2:2:4:2,2:2:4:4:4:2:3:4:2,MUTATE
3:3:4:3:3:3:4:4:2:,clone,11499.655475767831,3:3:4:4:3:3:3:4:3
3:3:4:3:2:3:4:4:2:,recombination,11473.687830659132,3:3:4:4:4:2:2:4:3,3:3:4:4:4:3:3:4:3
3:3:4:4:3:4:3:4:2:,clone,11387.097104526982,3:3:4:4:3:4:3:4:2
2:3:4:4:3:4:3:4:2:,recombination,11963.169515420896,2:3:4:3:2:4:4:4:2,4:4:4:4:4:3:2:4:4,MUTATE
4:3:3:4:4:3:3:4:3:,clone,10913.226066976871,4:3:3:4:4:3:3:4:3
2:2:4:3:2:3:3:4:1:,recombination,11007.02889436473,2:2:4:3:2:3:4:4:2,2:2:4:4:4:3:3:4:2,MUTATE
4:4:3:4:4:3:2:4:4:,clone,10875.097911397772,4:4:3:4:4:3:2:4:4
0:1:4:1:0:4:4:4:0:,clone,12404.349552131953,0:1:4:1:0:4:4:4:0
1:2:4:3:1:4:4:4:1:,clone,13390.626110175583,1:2:4:3:2:4:4:4:1
2:3:4:4:3:4:4:4:2:,clone,12301.684610892307,2:3:4:4:3:4:3:4:2
4:4:4:4:4:3:2:4:4:,recombination,10897.916994541709,4:4:3:4:4:3:2:4:4,4:4:3:4:4:1:1:4:4
1:2:4:3:1:4:4:4:1:,recombination,12815.137371759016,3:3:4:4:4:1:1:2:4,3:3:4:4:4:2:2:2:3
1:2:4:2:1:4:4:4:0:,recombination,12006.723178994042,0:1:4:1:0:4:4:4:0,1:2:4:4:3:3:3:4:1,MUTATE
3:3:4:3:2:3:4:4:3:,recombination,12314.62232432212,3:3:4:3:3:3:3:4:2,2:3:4:4:4:2:3:3:2,MUTATE
1:2:4:2:1:4:4:4:1:,recombination,11844.07175532746,0:1:4:1:0:4:4:4:0,3:3:4:4:4:2:2:3:3
2:2:4:4:4:3:3:4:2:,clone,10437.12676120884,2:3:4:4:4:3:3:4:2
2:2:4:3:1:4:4:4:1:,clone,12806.329896776075,2:2:4:3:2:4:4:4:1
2:3:4:4:4:2:2:4:2:,clone,9856.669034053504,2:3:4:4:4:2:2:4:2
2:2:4:3:2:4:4:4:2:,clone,12114.84755499854,2:2:4:3:2:4:4:4:2
1:1:4:1:0:4:4:4:0:,recombination,12928.387198440443,1:2:4:2:1:4:4:4:1,2:3:4:3:2:3:4:4:2,MUTATE
3:3:3:4:4:3:3:4:3:,clone,10887.564272579577,4:3:3:4:4:3:3:4:3
2:2:4:3:1:4:4:4:1:,recombination,12631.384119563512,2:2:4:3:2:3:4:4:1,4:3:4:4:4:3:3:4:3
2:2:4:3:1:4:4:4:1:,recombination,12620.458298269928,2:3:4:4:3:4:4:4:2,3:3:4:4:4:2:3:4:2,MUTATE
2:2:4:4:3:4:4:4:2:,recombination,12166.27922089975,4:3:4:4:4:2:3:4:4,3:4:4:4:4:2:2:4:3,MUTATE
2:2:4:3:2:3:4:4:1:,recombination,11007.97595137405,3:3:4:4:4:2:2:4:2,2:2:4:3:2:4:4:4:1
3:3:4:4:4:1:2:4:3:,clone,8892.256090615625,3:3:4:4:4:1:2:4:3
3:3:4:4:4:3:3:4:2:,clone,10222.689603601224,2:3:4:4:4:3:3:4:2
1:2:4:2:0:4:4:4:1:,recombination,11967.610513805052,0:1:4:1:0:4:4:4:0,2:2:4:4:4:3:3:4:2,MUTATE
2:2:4:3:2:4:4:4:2:,recombination,11915.315435923172,2:2:4:3:2:3:4:4:2,2:2:4:3:2:3:3:4:1,MUTATE
2:2:4:3:2:4:4:4:2:,clone,11735.55128217802,2:2:4:3:2:4:4:4:2
2:3:4:3:3:3:4:4:2:,recombination,11645.931896934106,3:3:4:4:4:2:2:2:4,3:3:4:3:3:3:4:4:2
2:2:4:4:3:3:3:4:1:,recombination,11600.22802825336,3:3:4:4:4:1:1:2:4,4:4:2:4:4:1:2:4:4
4:4:3:4:4:2:2:3:4:,clone,11140.40723194759,4:4:3:4:4:2:2:3:4
2:3:4:3:2:3:4:4:2:,recombination,11372.873492936866,3:4:4:4:4:1:2:3:4,2:3:4:4:4:2:3:4:2,MUTATE
2:2:4:4:3:3:4:4:2:,recombination,12119.02623943654,3:3:4:4:4:1:2:3:3,1:2:4:2:1:4:4:4:0,MUTATE
1:2:4:1:0:4:4:4:0:,recombination,12578.32446263596,3:4:4:4:4:2:3:3:3,4:4:4:4:4:1:2:4:4
3:4:4:4:4:2:2:3:3:,clone,10819.703495302929,3:4:4:4:4:2:2:3:3
2:3:4:3:3:4:4:4:2:,recombination,11802.874737977885,3:3:4:4:4:1:2:4:3,2:3:4:4:3:4:3:4:2
4:4:2:4:4:0:0:2:4:,clone,10282.072253287866,4:4:2:4:4:0:0:2:4
2:3:4:3:2:4:4:4:2:,clone,11773.018027824783,2:3:4:3:2:4:4:4:2
2:2:4:3:2:4:4:4:1:,recombination,11430.126934878966,4:4:4:4:4:1:1:2:4,2:2:4:3:3:3:4:4:2,MUTATE
2:2:4:3:1:4:4:4:1:,recombination,12105.505015770506,4:4:3:4:4:1:2:4:4,2:3:4:3:2:3:4:4:2,MUTATE
2:3:4:4:3:4:4:4:2:,clone,12130.453071474945,2:3:4:4:3:4:4:4:2
2:2:4:3:3:4:4:4:2:,recombination,11714.003268292405,3:3:4:4:4:2:3:4:3,4:3:3:4:4:3:2:4:4
1:2:4:3:1:4:4:4:0:,recombination,12712.537216084527,3:3:4:4:4:3:3:4:3,3:3:4:4:4:1:1:2:3,MUTATE
0:2:4:1:0:4:4:4:0:,clone,12445.531153973307,0:1:4:1:0:4:4:4:0
3:3:4:4:3:3:4:4:2:,recombination,12065.806143244221,2:3:4:4:3:4:3:4:2,2:2:4:3:2:3:4:4:2,MUTATE
1:2:4:2:0:4:4:4:0:,recombination,12021.78264674206,3:3:4:4:4:2:2:3:4,1:2:4:4:3:3:3:4:1
2:2:4:4:3:4:3:4:2:,recombination,11928.820028075395,2:3:4:4:4:2:3:3:2,4:4:4:4:4:3:2:4:4
1:2:4:1:0:4:4:4:0:,recombination,11875.326148269047,1:2:4:2:1:4:4:4:1,3:3:4:3:3:3:3:4:2,MUTATE
2:2:4:3:3:4:4:4:2:,clone,11672.309631007402,2:2:4:3:3:4:3:4:2
2:3:4:3:3:3:3:4:2:,clone,11546.616703869646,2:3:4:3:2:3:4:4:2
1:2:4:1:0:4:4:4:0:,clone,11826.762532465002,1:2:4:1:0:4:4:4:0
2:3:4:4:4:2:3:4:2:,clone,9899.642715756238,2:3:4:4:4:2:3:4:2
2:2:4:3:3:3:3:4:2:,clone,10729.11124536771,2:2:4:4:3:3:3:4:2
2:2:4:3:2:4:4:4:2:,recombination,11448.93386323475,2:3:4:3:2:4:4:4:2,4:3:3:4:4:3:3:4:3
2:3:4:3:2:4:4:4:2:,clone,11591.539057548896,2:2:4:3:2:4:4:4:2
3:3:4:3:2:3:4:4:2:,clone,11140.637685184183,3:3:4:3:3:3:3:4:2
3:2:4:3:2:3:3:4:2:,clone,10800.400044086786,3:3:4:3:2:3:4:4:2
3:3:4:3:2:3:3:4:2:,recombination,11186.179168947054,4:3:4:4:4:2:2:4:4,3:3:4:4:4:3:3:4:2,MUTATE
4:4:3:4:4:0:0:1:4:,clone,9840.528677760034,4:4:3:4:4:0:0:0:4
2:2:4:4:4:2:3:4:2:,clone,10122.803686771622,2:2:4:4:4:2:3:4:2
1:2:4:3:1:4:4:4:1:,clone,12042.068350660682,1:2:4:3:1:4:4:4:1
2:2:4:3:3:3:4:4:1:,clone,11963.611913115486,2:2:4:3:3:3:4:4:1
3:3:4:3:2:3:4:4:2:,clone,11068.791350170579,3:3:4:3:3:3:3:4:3
1:1:4:1:0:4:4:4:0:,recombination,11936.178388517366,2:3:4:4:4:2:3:3:2,0:1:4:1:0:4:4:4:0
2:2:4:3:3:3:4:4:1:,clone,11924.817171553814,2:2:4:3:3:3:4:4:1
1:2:4:2:0:4:4:4:0:,clone,11978.82402860199,1:2:4:2:0:4:4:4:0
2:2:4:3:2:3:4:4:2:,recombination,11049.932069623588,4:4:4:4:4:2:3:4:4,3:3:4:3:3:3:3:4:2
2:2:4:3:2:4:4:4:2:,recombination,11179.634873297398,4:4:4:4:4:1:2:4:4,2:3:4:3:3:4:4:4:2,MUTATE
3:3:4:3:3:3:3:4:2:,recombination,10716.987724042812,4:4:4:4:4:3:3:4:4,2:2:4:3:3:3:3:4:2
2:2:4:2:1:4:4:4:2:,recombination,11718.049422644975,3:3:4:4:4:2:2:4:3,2:3:4:4:4:2:3:4:2,MUTATE
1:2:4:2:1:4:4:4:0:,recombination,11624.388865226434,2:3:4:4:4:2:3:3:2,3:3:4:4:4:1:1:3:4
1:2:4:1:0:4:4:4:1:,recombination,11505.327680666029,0:1:4:1:0:4:4:4:0,3:3:4:4:4:2:2:4:3,MUTATE
1:2:4:3:2:4:4:4:1:,clone,11817.638091932693,1:2:4:3:2:4:4:4:1
2:2:4:3:2:3:3:4:2:,clone,10729.11124536771,2:2:4:3:3:3:3:4:2
2:2:4:3:2:4:4:4:1:,recombination,11285.579842341676,4:3:4:4:4:2:2:4:4,2:2:4:3:1:4:4:4:1
2:2:4:3:2:3:3:4:1:,recombination,11001.72910948457,3:3:4:4:4:2:3:3:3,3:4:4:4:4:2:2:3:3
2:2:4:2:1:4:4:4:1:,recombination,11577.328307803637,3:3:4:4:4:1:1:4:3,1:2:4:1:0:4:4:4:1,MUTATE
3:4:4:4:4:2:3:4:3:,recombination,11058.181174090323,4:4:4:4:4:3:3:4:4,3:4:4:4:4:2:2:3:3,MUTATE
2:2:4:2:1:4:4:4:2:,clone,11658.918507522116,2:2:4:2:1:4:4:4:2
2:3:4:3:3:4:3:4:2:,clone,11392.940868957356,2:2:4:3:2:4:4:4:2
2:3:4:3:2:3:3:4:2:,clone,11052.189124052818,2:3:4:3:2:3:4:4:2
3:3:4:3:2:3:3:4:2:,clone,11009.66043504772,3:3:4:3:2:3:3:4:2
2:2:4:3:2:3:4:4:1:,clone,11001.729109484568,2:2:4:3:2:3:4:4:1
2:2:4:3:2:3:3:4:2:,clone,10486.41168331702,2:2:4:3:2:3:3:4:2
2:3:4:3:3:4:4:4:2:,clone,11592.105591587464,2:3:4:3:3:4:4:4:2
2:3:4:4:3:4:4:4:2:,clone,11979.67646408358,2:3:4:4:3:4:4:4:2
2:2:4:3:2:4:3:4:2:,recombination,11234.542678204241,2:3:4:3:2:3:4:4:2,3:3:4:4:4:2:3:4:3,MUTATE
1:2:4:2:1:4:4:4:1:,recombination,11688.479851811062,1:2:4:2:1:4:4:4:1,2:2:4:3:1:4:4:4:1,MUTATE
3:3:4:3:2:3:4:4:2:,clone,10810.237062803468,3:3:4:3:2:3:4:4:2
2:2:4:2:1:4:4:4:1:,clone,11218.333774770326,2:2:4:2:1:4:4:4:1
1:2:4:2:0:4:4:4:0:,recombination,11610.116788361809,3:3:4:4:4:2:2:2:3,1:2:4:3:2:3:4:4:1
4:3:4:4:3:3:3:4:4:,clone,12171.783018752245,4:3:4:4:3:3:3:4:4
2:2:4:3:2:3:4:4:2:,recombination,10699.635413438285,2:2:4:3:2:3:4:4:2,3:3:4:4:4:1:1:2:4,MUTATE
1:2:4:1:0:4:4:4:0:,recombination,11798.36710493647,4:4:3:4:4:1:2:4:4,3:3:4:4:4:3:3:4:3
2:2:4:3:2:4:3:4:1:,recombination,10866.613160721467,3:3:4:4:4:3:3:4:2,4:4:4:4:4:1:2:2:4
4:4:3:4:4:0:0:2:4:,recombination,9736.930167735647,3:3:4:3:3:3:3:4:2,4:4:3:4:4:0:0:1:4
2:2:4:4:3:4:4:4:1:,recombination,12616.054109076642,3:3:4:4:4:1:2:2:3,3:3:4:4:3:3:3:4:3
1:1:4:1:0:4:4:4:0:,clone,11724.274693997246,1:1:4:1:0:4:4:4:0
3:3:4:3:2:3:3:4:2:,clone,10978.237861851305,3:3:4:3:2:3:3:4:2
3:3:4:3:3:3:3:4:2:,clone,10672.840436364584,3:3:4:3:3:3:3:4:2
2:2:4:3:3:4:3:4:2:,recombination,11546.922042515487,4:4:4:4:4:3:3:4:4,2:2:4:3:3:3:4:4:2,MUTATE
4:4:3:4:4:0:0:1:4:,clone,9641.090470287212,4:4:3:4:4:0:0:1:4
2:2:4:3:3:3:4:4:1:,clone,11689.926943679458,2:2:4:3:2:3:4:4:1
1:2:4:2:0:4:4:4:1:,recombination,11945.264420735424,4:4:4:4:4:1:2:4:4,3:3:4:3:3:3:3:4:2,MUTATE
1:2:4:3:3:3:4:4:1:,clone,12187.74471798375,2:2:4:4:3:3:3:4:1
3:3:4:3:2:4:4:4:2:,recombination,11496.020288929003,4:4:3:4:4:3:3:4:4,3:3:4:4:4:2:2:2:3,MUTATE
2:2:4:3:3:3:3:4:2:,recombination,10710.126210790551,2:3:4:3:2:4:4:4:2,1:2:4:3:2:3:4:4:1,MUTATE
2:3:4:4:3:4:4:4:2:,clone,11977.61254580873,2:3:4:4:3:4:4:4:2
2:3:4:3:3:3:3:4:2:,recombination,11092.306739718639,4:4:4:4:4:2:3:4:4,3:3:4:4:4:3:3:4:3,MUTATE
3:4:4:4:4:2:3:4:3:,clone,10827.853670818407,3:4:4:4:4:2:3:4:3
4:4:4:4:4:0:0:1:4:,recombination,9543.66704752742,4:4:4:4:4:3:3:4:4,4:4:3:4:4:0:0:2:4
2:3:4:3:2:4:4:4:1:,recombination,12189.322247687316,4:4:4:4:4:1:1:2:4,4:4:2:4:4:2:1:4:4
3:2:4:3:2:4:4:4:2:,clone,11280.15030733289,3:2:4:3:2:4:4:4:2
1:2:4:2:1:4:4:4:1:,recombination,11440.886308305146,3:3:4:3:3:3:3:4:2,1:2:4:1:0:4:4:4:0
4:4:2:4:4:0:1:2:4:,clone,11305.405201696765,4:4:2:4:4:0:1:2:4
1:2:4:3:2:3:4:4:1:,clone,11020.311542647303,1:2:4:3:2:3:4:4:1
1:2:4:3:2:3:4:4:1:,clone,10850.334748718937,1:2:4:3:2:3:4:4:1
3:4:4:4:4:2:3:4:3:,clone,10748.028780178287,3:4:4:4:4:2:3:4:3
1:2:4:3:2:4:4:4:1:,clone,11563.241618015312,1:2:4:3:2:4:4:4:1
1:2:4:1:0:4:4:4:0:,recombination,11406.697626405024,1:2:4:2:0:4:4:4:0,1:2:4:2:1:4:4:4:1,MUTATE
2:3:4:3:2:3:4:4:2:,clone,11173.122363059381,2:3:4:3:2:3:4:4:2
1:2:4:1:0:4:4:4:0:,clone,11264.289602401619,1:2:4:1:0:4:4:4:0
2:3:4:3:2:4:4:4:2:,recombination,11362.549516650886,4:4:4:4:4:1:2:3:4,3:4:4:4:4:3:3:4:3
4:4:2:4:4:0:1:2:4:,recombination,11303.817816196288,4:4:2:4:4:0:1:2:4,4:4:4:4:4:0:1:2:4
2:2:4:3:2:4:3:4:2:,clone,10959.75670112933,2:2:4:3:2:4:4:4:2
4:4:2:4:4:0:0:1:4:,recombination,10029.775298713368,4:4:3:4:4:0:0:1:4,4:4:2:4:4:0:1:2:4,MUTATE
1:2:4:3:2:3:4:4:1:,clone,10818.743730704613,1:2:4:3:2:3:4:4:1
2:3:4:4:3:3:4:4:2:,recombination,12253.48973315635,2:3:4:4:3:3:3:4:2,4:4:4:4:4:0:1:2:4,MUTATE
2:2:4:3:3:3:3:4:2:,clone,10632.161305038337,2:2:4:3:3:3:3:4:2
1:2:4:2:0:4:4:4:1:,recombination,11674.74060392518,4:3:3:4:4:3:2:4:4,1:2:4:2:1:4:4:4:0,MUTATE
1:2:4:3:2:3:4:4:1:,recombination,10371.699284660604,4:3:4:4:4:2:2:3:4,2:2:4:3:2:3:4:4:1
1:2:4:3:2:4:4:4:1:,clone,11319.819243335323,1:2:4:3:2:4:4:4:1
2:3:4:4:3:4:4:4:2:,recombination,11952.648533315525,2:3:4:4:3:3:4:4:2,2:3:4:4:3:4:4:4:2
2:3:4:4:3:3:4:4:1:,recombination,13014.05127313827,2:3:4:4:3:2:3:4:2,2:3:4:4:4:3:3:3:2
1:2:4:1:0:4:4:4:0:,recombination,11163.275251725037,1:2:4:2:0:4:4:4:0,1:2:4:4:3:3:3:4:1,MUTATE
2:2:4:3:2:4:4:4:1:,clone,11013.164421854675,2:2:4:3:2:4:4:4:1
2:2:4:4:3:3:3:4:1:,recombination,11196.652894662428,1:2:4:2:0:4:4:4:0,4:4:3:4:4:0:1:2:4,MUTATE
2:2:4:3:2:4:4:4:1:,clone,10770.464859803988,2:2:4:3:2:4:4:4:1
4:4:3:4:4:2:3:4:4:,recombination,11102.666728816608,2:2:4:3:2:4:3:4:2,3:3:4:4:4:1:3:3:3,MUTATE
4:3:4:4:4:3:3:4:4:,recombination,10140.53434084495,4:4:4:4:4:2:2:4:4,4:3:4:4:3:3:3:4:4
4:4:2:4:4:1:1:2:4:,clone,11739.556995033889,4:4:2:4:4:1:1:2:4
2:3:4:3:3:3:3:4:2:,recombination,10821.420985903176,3:3:4:4:4:2:2:4:3,4:4:3:4:4:3:3:4:4
1:2:4:2:1:3:4:4:1:,recombination,12118.395091494269,4:4:4:4:4:3:2:4:4,1:2:4:3:2:3:4:4:1
3:2:4:3:2:3:4:4:2:,recombination,11523.045923703652,2:3:4:3:3:3:3:4:2,4:4:2:4:4:1:1:4:4,MUTATE
2:3:4:3:2:3:4:4:2:,recombination,11163.271391959457,3:3:4:4:4:2:2:4:3,2:3:4:3:3:3:3:4:2,MUTATE
3:4:4:4:4:2:3:4:3:,clone,10734.445145692214,3:4:4:4:4:2:3:4:3
2:2:4:4:3:3:4:4:2:,recombination,11984.769701524176,1:2:4:3:2:4:4:4:1,3:4:4:4:4:1:2:3:4
2:3:4:3:2:3:4:4:1:,clone,11997.30459528463,2:2:4:3:2:3:4:4:1
2:2:4:3:1:4:4:4:2:,recombination,12446.757313476197,3:3:4:4:4:2:2:4:3,2:2:4:4:4:3:3:4:2
1:2:4:2:0:4:4:4:1:,recombination,11653.691308067779,1:2:4:2:0:4:4:4:1,2:3:4:3:2:3:4:4:2,MUTATE
1:2:4:2:1:4:4:4:1:,recombination,11328.834080542902,2:3:4:4:4:2:2:3:2,4:4:3:4:4:3:3:4:4,MUTATE
2:3:4:3:2:4:4:4:1:,recombination,12024.819143319362,3:3:4:4:4:3:3:4:3,2:3:4:4:4:1:2:3:2
0:1:4:1:0:4:4:4:0:,clone,12200.290540232792,0:1:4:1:0:4:4:4:0
1:2:4:2:1:4:4:4:0:,clone,11456.398113392092,1:2:4:2:1:4:4:4:0
2:3:4:3:2:4:4:4:1:,clone,11792.969528099915,2:3:4:3:3:3:4:4:2
4:4:4:4:4:2:3:4:4:,clone,10101.416977314277,4:4:4:4:4:2:3:4:4
3:3:4:4:3:3:3:4:3:,recombination,10304.901014749583,4:4:4:4:4:2:3:4:4,4:4:3:4:4:3:3:4:4,MUTATE
3:3:4:4:3:3:3:4:2:,recombination,10110.849320526155,3:3:4:3:3:3:3:4:2,4:3:4:4:4:3:3:4:3
2:2:4:4:3:3:3:4:1:,clone,11171.592976588452,2:2:4:3:3:3:3:4:1
3:3:4:4:3:3:3:4:2:,clone,9995.934114521624,3:3:4:4:3:3:3:4:2
2:2:4:2:1:3:4:4:1:,clone,11682.523542416786,2:2:4:2:1:3:4:4:1
2:2:4:3:2:3:4:4:1:,recombination,10983.450311283314,4:3:4:4:4:3:3:4:3,1:2:4:3:2:3:4:4:1
2:2:4:3:1:4:4:4:1:,clone,11999.772928840666,2:2:4:3:1:4:4:4:1
4:4:1:4:4:0:0:0:4:,clone,9991.928443084189,4:3:4:4:4:2:2:4:4
2:3:4:4:3:3:3:4:2:,clone,9995.155572262454,3:3:4:4:3:3:3:4:2
2:2:4:2:1:4:4:4:1:,clone,11216.552685111088,2:2:4:2:1:4:4:4:1
2:2:4:3:2:3:4:4:1:,clone,10969.039342835995,2:2:4:3:2:3:4:4:1
2:3:4:4:3:3:4:4:2:,recombination,12147.278069065844,3:3:4:4:4:2:2:4:3,2:3:4:3:3:4:3:4:2
2:2:4:3:1:4:4:4:1:,clone,11998.706756738544,2:2:4:3:1:4:4:4:1
2:2:4:2:1:4:4:4:1:,clone,11157.619561948446,2:2:4:2:1:4:4:4:1
2:3:4:3:3:3:3:4:2:,clone,9995.155572262456,2:3:4:3:3:3:3:4:2
2:2:4:2:1:4:4:4:1:,recombination,10597.58884125441,2:2:4:2:1:4:4:4:1,3:3:4:3:2:3:3:4:2,MUTATE
2:2:4:3:2:3:4:4:1:,recombination,10513.914096695376,3:3:4:3:2:3:4:4:2,2:2:4:3:3:3:3:4:1,MUTATE
2:3:4:3:3:3:3:4:2:,clone,9995.155572262454,2:3:4:3:3:3:3:4:2
2:2:4:4:3:3:3:4:2:,recombination,9826.892844697602,2:2:4:3:2:3:4:4:1,4:4:4:4:4:2:2:4:4,MUTATE
2:2:4:3:1:4:4:4:1:,clone,11959.519822556054,2:2:4:3:1:4:4:4:1
2:2:4:2:1:3:4:4:1:,recombination,11354.27006371983,3:3:4:4:4:2:2:4:3,4:4:3:4:4:3:2:4:4
2:3:4:3:2:3:3:4:2:,clone,10866.42451750921,2:3:4:3:2:3:3:4:2
2:2:4:3:3:3:3:4:1:,clone,10110.070778266985,2:3:4:3:3:3:3:4:2
1:2:4:2:1:4:4:4:1:,clone,11183.786008463947,1:2:4:2:1:4:4:4:1
2:2:4:2:1:3:4:4:1:,clone,11208.547976148859,2:2:4:2:1:3:4:4:1
1:2:4:2:1:4:4:4:0:,recombination,11394.045234953504,2:3:4:4:3:4:4:4:2,2:2:4:3:2:4:3:4:1,MUTATE
1:2:4:2:1:4:4:4:1:,recombination,10564.822164607267,3:3:4:3:2:3:3:4:2,2:2:4:2:1:4:4:4:1,MUTATE
1:2:4:2:1:3:4:4:1:,recombination,11730.208686009548,2:2:4:2:1:3:4:4:1,2:2:4:3:2:3:3:4:2
2:2:4:2:1:4:4:4:1:,clone,10543.244689153655,2:2:4:2:2:3:4:4:1
3:3:4:4:3:4:4:4:2:,recombination,12804.575838947756,4:4:3:4:4:3:2:4:4,4:4:3:4:4:1:1:3:4
1:1:4:1:0:4:4:4:0:,clone,11212.057292046715,0:2:4:1:0:4:4:4:0
1:2:4:3:1:4:4:4:1:,clone,11903.49391099655,1:2:4:3:1:4:4:4:1
2:2:4:2:2:3:4:4:1:,clone,10720.753433063634,2:2:4:2:2:3:4:4:1
1:2:4:2:2:3:4:4:1:,clone,10688.33630548655,1:2:4:2:2:3:4:4:1
2:2:4:3:2:3:4:4:1:,recombination,10462.955283864481,2:3:4:3:3:3:3:4:2,1:2:4:2:1:4:4:4:1,MUTATE
2:3:4:3:2:3:4:4:1:,recombination,11680.28794455338,2:2:4:3:3:3:3:4:1,2:3:4:4:3:2:3:4:2
3:3:4:4:3:3:3:4:3:,clone,10101.416977314277,3:3:4:4:4:3:3:4:3
1:2:4:2:1:3:4:4:1:,clone,10871.481680389472,1:2:4:2:1:3:4:4:1
2:3:4:3:2:4:4:4:2:,recombination,10413.749236894255,4:4:4:4:4:3:3:4:4,4:4:4:4:4:1:2:4:4,MUTATE
3:3:4:4:3:4:4:4:2:,clone,12574.330178319615,3:3:4:4:3:4:3:4:2
1:2:4:2:1:4:4:4:0:,recombination,11157.160576847558,3:3:4:4:3:3:3:4:2,4:4:4:4:4:1:2:4:4
2:2:4:3:2:3:3:4:1:,clone,10973.678905345396,2:2:4:3:2:3:4:4:1
3:3:4:4:3:3:3:4:2:,clone,9948.166590765037,3:3:4:4:3:3:3:4:3
2:2:4:3:2:4:4:4:2:,recombination,10744.317322274688,2:3:4:3:2:4:4:4:2,3:3:4:4:4:1:1:2:3
3:3:4:4:3:4:4:4:2:,clone,12508.09245998265,3:3:4:4:3:4:3:4:2
3:3:4:3:3:3:3:4:2:,recombination,10204.356126319812,2:3:4:3:3:4:4:4:2,4:4:4:4:4:2:2:4:4,MUTATE
1:2:4:2:1:4:4:4:0:,recombination,11073.697479317847,4:3:4:4:4:3:2:4:4,4:4:4:4:4:1:2:4:4,MUTATE
1:2:4:2:1:4:4:4:0:,recombination,11001.146811136889,1:2:4:2:1:4:4:4:1,4:4:4:4:4:3:2:4:4
2:2:4:4:3:3:4:4:2:,recombination,11916.64066423314,4:4:4:4:4:2:2:2:4,2:2:4:3:2:3:4:4:2
2:2:4:3:2:4:4:4:1:,recombination,10752.732265067134,4:4:4:4:4:2:2:4:4,2:3:4:4:4:2:2:4:2,MUTATE
2:3:4:3:2:3:3:4:2:,recombination,10551.120490141253,4:4:4:4:4:3:3:4:4,3:3:4:4:4:1:2:2:4,MUTATE
2:3:4:4:3:3:4:4:2:,recombination,12139.256181015753,3:4:4:4:4:2:2:3:3,2:2:4:4:3:3:3:4:1
1:2:4:2:0:4:4:4:0:,clone,11606.928411237017,1:2:4:2:0:4:4:4:0
3:3:4:3:3:3:3:4:2:,clone,10035.075366900617,3:3:4:4:3:3:3:4:2
1:2:4:1:0:4:4:4:0:,recombination,11018.663570811672,1:2:4:2:1:3:4:4:1,4:4:3:4:4:1:2:4:4,MUTATE
3:3:4:4:3:3:3:4:2:,clone,9797.473406907871,3:3:4:3:3:3:3:4:2
3:3:4:3:3:3:3:4:2:,clone,9921.42531946481,3:3:4:3:3:3:3:4:2
2:2:4:3:2:4:4:4:1:,clone,10665.823488931554,2:2:4:3:2:4:4:4:1
4:4:2:4:4:0:1:1:4:,recombination,10594.934977929142,4:4:1:4:4:0:0:0:4,4:4:4:4:4:2:2:3:4,MUTATE
2:2:4:3:3:4:4:4:1:,recombination,12324.678703067995,2:3:4:4:4:1:2:3:2,4:4:4:4:4:3:2:4:4
2:3:4:3:2:3:4:4:2:,recombination,10931.829584215464,3:3:4:4:3:3:4:4:2,4:3:4:4:4:3:3:4:4,MUTATE
2:3:4:3:3:3:3:4:2:,clone,9899.24497954641,3:3:4:3:3:3:3:4:2
3:3:4:4:3:3:3:4:2:,clone,9710.564630772291,3:3:4:4:3:3:3:4:2
2:2:4:4:2:4:4:4:1:,recombination,12927.560025706462,4:4:4:4:4:3:3:4:4,2:3:4:4:3:4:3:4:2
1:2:4:1:0:4:4:4:0:,recombination,10597.117733518427,1:2:4:2:1:4:4:4:0,4:3:4:4:4:1:1:3:4
3:3:4:4:3:3:3:4:3:,recombination,9972.75232883404,4:4:4:4:4:3:3:4:4,3:3:4:3:3:3:3:4:2
1:2:4:2:1:4:4:4:0:,recombination,10597.117733518427,1:2:4:1:0:4:4:4:0,4:4:3:4:4:3:3:4:4
2:2:4:2:2:4:4:4:1:,clone,10416.05721925013,2:2:4:2:2:4:4:4:1
2:2:4:3:2:3:3:4:2:,recombination,9945.65876859383,2:3:4:3:3:3:3:4:2,4:4:4:4:4:1:2:4:4
2:2:4:3:2:4:4:4:2:,recombination,10356.074797087775,2:2:4:4:2:4:4:4:1,2:3:4:3:2:4:4:4:2,MUTATE
3:3:4:3:3:3:3:4:2:,clone,9748.609507317557,3:3:4:3:3:3:3:4:2
2:3:4:3:2:3:3:4:2:,clone,10285.782130701713,2:3:4:3:2:3:3:4:2
4:4:2:4:4:0:1:1:4:,clone,10562.762768164173,4:4:2:4:4:0:1:1:4
2:2:4:3:2:4:4:4:1:,recombination,10619.864036065424,4:4:3:4:4:2:2:4:4,2:2:4:3:2:4:4:4:1,MUTATE
2:2:4:3:3:4:3:4:1:,clone,11547.06185007177,2:2:4:3:3:4:4:4:1
2:2:4:3:2:3:4:4:2:,clone,10461.777035598756,2:2:4:3:2:3:4:4:2
2:2:4:3:3:4:4:4:2:,clone,11634.58105026823,2:2:4:3:3:4:4:4:1
2:2:4:4:3:4:4:4:2:,recombination,12086.387033578432,2:3:4:4:4:2:3:3:2,3:4:4:4:4:1:2:3:4,MUTATE
1:2:4:2:0:4:4:4:0:,recombination,11548.5541694378,4:4:4:4:4:1:1:4:4,4:4:4:4:4:1:2:4:4
4:4:3:4:4:2:3:4:4:,clone,11015.614178870455,4:4:3:4:4:2:3:4:4
2:2:4:3:1:4:4:4:1:,recombination,11797.794657674758,4:4:4:4:4:1:2:3:4,4:3:4:4:4:3:3:4:4
4:4:4:4:4:2:3:4:3:,recombination,11758.971218992128,3:4:4:4:4:2:2:3:3,4:4:2:4:4:1:2:4:4
0:1:4:1:0:4:4:4:0:,recombination,11802.688476327814,2:2:4:2:1:4:4:4:1,4:4:4:4:4:2:2:4:4
2:2:4:3:2:4:4:4:1:,clone,9846.579422230632,2:2:4:3:2:4:4:4:1
2:2:4:3:2:3:3:4:1:,clone,10468.110857072916,2:2:4:3:2:3:3:4:1
2:2:4:3:2:3:3:4:1:,recombination,10268.692589019582,4:4:4:4:4:1:1:3:4,4:4:4:4:4:1:1:2:4
1:2:4:1:0:4:4:4:0:,recombination,10421.29902350919,2:2:4:3:2:4:4:4:1,4:4:2:4:4:2:1:4:4,MUTATE
0:1:4:1:0:4:4:4:0:,recombination,11559.614725989757,1:2:4:3:2:4:4:4:1,2:2:4:4:3:4:4:4:1
1:2:4:2:0:4:4:4:0:,recombination,11470.562340691105,2:2:4:3:1:4:4:4:1,3:3:4:3:2:3:4:4:3,MUTATE
2:2:4:3:2:3:4:4:1:,recombination,10014.533726085141,1:2:4:1:0:4:4:4:0,4:4:4:4:4:1:1:2:4
1:2:4:2:1:4:4:4:1:,clone,9627.08744039499,2:2:4:3:2:4:4:4:1
2:2:4:3:2:3:4:4:1:,recombination,9815.189116653495,3:3:4:4:4:3:3:4:3,4:4:4:4:4:1:2:3:4,MUTATE
1:2:4:2:1:4:4:4:0:,recombination,10553.212622100686,4:4:4:4:4:1:2:2:4,1:2:4:1:0:4:4:4:0,MUTATE
2:2:4:3:2:3:3:4:1:,clone,10128.813320402995,2:2:4:3:2:3:3:4:1
4:4:2:4:4:0:0:2:4:,recombination,10264.264753008067,2:3:4:4:3:4:4:4:2,4:4:1:4:4:0:0:0:4
1:2:4:3:2:3:4:4:1:,recombination,10227.052805144474,4:4:4:4:4:1:1:3:4,2:2:4:3:2:3:4:4:1,MUTATE
2:2:4:3:1:4:4:4:1:,clone,11576.585532654628,2:2:4:2:1:4:4:4:1
4:4:2:4:4:1:1:2:4:,recombination,10334.741026360585,4:4:2:4:4:0:1:1:4,4:3:4:4:4:2:3:4:4,MUTATE
2:2:4:2:1:3:4:4:1:,recombination,11126.559381852736,4:4:4:4:4:1:1:3:4,2:3:4:4:3:2:3:4:2,MUTATE
1:2:4:2:0:4:4:4:0:,recombination,11317.860362570049,2:2:4:3:2:3:4:4:1,1:2:4:1:0:4:4:4:0,MUTATE
0:2:4:1:0:4:4:4:0:,recombination,12111.58999239107,4:4:4:4:4:2:2:3:4,2:2:4:3:2:3:3:4:2
2:2:4:2:2:3:4:4:1:,clone,9847.709641687183,2:2:4:2:2:3:4:4:1
1:2:4:3:2:4:4:4:1:,clone,10924.038808778332,1:2:4:3:2:4:4:4:1
0:1:4:1:0:4:4:4:0:,recombination,11557.340421393295,1:2:4:2:0:4:4:4:1,2:3:4:4:3:3:4:4:2
1:1:4:1:0:4:4:4:0:,clone,11159.603639979518,1:1:4:1:0:4:4:4:0
0:1:4:1:0:4:4:4:0:,clone,11514.326043012297,0:1:4:1:0:4:4:4:0
1:2:4:3:2:4:4:4:1:,clone,10847.386252344739,1:2:4:3:2:4:4:4:1
0:1:4:1:0:4:4:4:0:,recombination,11500.576398564677,2:3:4:4:4:2:2:3:2,4:3:4:4:3:3:3:4:3
1:2:4:2:2:4:4:4:1:,clone,11062.326849367146,1:2:4:2:2:4:4:4:1
3:3:4:4:3:2:3:4:2:,recombination,12221.876231518814,2:3:4:3:2:4:4:4:2,3:4:4:4:4:2:2:3:3
2:3:4:3:1:4:4:4:1:,recombination,13022.882064120215,3:3:4:4:4:2:2:3:3,2:2:4:3:2:3:4:4:1
1:2:4:2:0:4:4:4:1:,recombination,11635.8973160953,1:1:4:1:0:4:4:4:0,3:4:4:4:4:2:3:3:4
4:3:4:4:3:3:3:4:4:,recombination,12046.303573173249,4:3:4:4:3:3:3:4:4,4:4:3:4:4:3:3:4:4
0:1:4:1:0:4:4:4:0:,recombination,11354.90648263892,1:2:4:1:0:4:4:4:0,3:3:4:4:4:2:3:4:3,MUTATE
2:3:4:3:3:3:4:4:1:,recombination,11723.286766302077,2:3:4:3:2:3:4:4:1,3:3:4:4:4:2:2:3:3,MUTATE
2:3:4:4:2:3:4:4:2:,recombination,13345.758300507405,3:4:4:4:4:2:3:4:3,2:2:4:2:2:4:4:4:1
1:1:4:1:0:4:4:4:0:,recombination,11051.13361339478,4:4:4:4:4:1:2:4:4,4:4:3:4:4:2:2:4:4,MUTATE
0:1:4:1:0:4:4:4:0:,clone,11327.740055736116,0:1:4:1:0:4:4:4:0
0:2:4:1:0:4:4:4:0:,recombination,11879.822536814876,3:3:4:4:4:1:2:2:3,1:2:4:1:0:4:4:4:0
2:3:4:3:2:3:4:4:1:,clone,11256.79890372894,2:3:4:3:2:3:4:4:1
1:2:4:2:0:4:4:4:1:,clone,11527.427289510562,1:2:4:2:0:4:4:4:1
1:1:4:1:0:4:4:4:0:,clone,11008.582544012317,1:1:4:1:0:4:4:4:0
1:2:4:2:0:4:4:4:1:,clone,11484.8762201281,1:2:4:2:0:4:4:4:1
2:2:4:3:1:3:4:4:1:,recombination,12172.897583656639,2:3:4:4:3:3:4:4:2,1:2:4:3:1:4:4:4:0
4:3:4:4:3:3:3:4:4:,clone,12009.852665479448,4:3:4:4:3:3:3:4:4
0:1:4:1:0:4:4:4:0:,recombination,11060.213818621402,1:2:4:3:2:4:4:4:1,4:4:4:4:4:1:2:4:4,MUTATE
2:3:4:3:3:3:4:4:2:,recombination,11576.757937192802,4:3:4:4:4:3:2:4:4,3:4:4:4:4:2:3:4:3,MUTATE
0:2:4:1:0:4:4:4:0:,clone,11785.252436211898,0:2:4:1:0:4:4:4:0
2:2:4:4:3:2:3:4:1:,recombination,10773.581174398494,3:3:4:4:4:2:3:4:3,3:3:4:4:4:1:2:1:3
2:3:4:4:3:2:3:4:2:,recombination,10644.159765501829,2:3:4:3:3:3:3:4:2,3:4:4:4:4:2:2:3:3,MUTATE
1:1:4:1:0:4:4:4:0:,recombination,10768.153407417694,3:3:4:4:4:2:3:4:3,1:2:4:2:1:4:4:4:0,MUTATE
2:2:4:4:3:2:3:4:1:,clone,10624.95412437058,2:2:4:4:3:2:3:4:1
3:3:4:3:3:3:3:4:3:,recombination,11457.476953188292,3:3:4:4:3:4:3:4:3,4:4:2:4:4:1:2:4:4
0:2:4:1:0:4:4:4:0:,clone,11676.576298922635,0:2:4:1:0:4:4:4:0
4:4:2:4:4:0:1:2:4:,clone,10693.548010269842,4:4:2:4:4:0:1:2:4
2:3:4:4:3:3:4:4:2:,recombination,12010.801514685212,2:3:4:4:3:4:4:4:2,3:4:4:4:4:2:2:3:3,MUTATE
0:2:4:2:0:4:4:4:0:,recombination,13253.975470548241,1:2:4:4:3:3:3:4:1,2:3:4:4:4:2:2:4:2
2:2:4:4:3:4:4:4:1:,recombination,11889.035014230436,4:4:4:4:4:2:2:2:4,2:2:4:3:2:4:4:4:1,MUTATE
0:1:4:1:0:4:4:4:0:,clone,11037.260782482692,0:1:4:1:0:4:4:4:0
1:2:4:2:1:4:4:4:0:,clone,10354.993907466072,1:2:4:2:1:4:4:4:0
0:2:4:1:0:4:4:4:0:,recombination,11482.847516758331,1:2:4:2:1:4:4:4:0,4:3:4:4:4:2:3:4:3
4:4:3:4:4:0:1:1:4:,recombination,10187.056057638332,4:4:3:4:4:1:1:2:4,4:3:3:4:4:2:2:4:4,MUTATE
1:1:4:2:1:4:4:4:0:,recombination,11307.942619206606,4:4:2:4:4:2:2:4:4,1:2:4:2:1:4:4:4:0,MUTATE
1:2:4:2:0:4:4:4:1:,clone,11483.220535887736,1:2:4:2:0:4:4:4:1
4:4:3:4:4:0:1:1:4:,clone,10162.290801685494,4:4:3:4:4:0:1:1:4
0:1:4:1:0:4:4:4:0:,clone,10891.550037562312,0:1:4:1:0:4:4:4:0
2:2:4:4:3:2:3:4:1:,clone,10502.67744681489,2:2:4:4:3:2:3:4:1
4:4:3:4:4:2:3:4:4:,recombination,10463.712045091437,4:4:3:4:4:1:1:3:4,4:4:4:4:4:2:2:2:4,MUTATE
1:1:4:2:1:4:4:4:0:,recombination,10993.988837999055,1:1:4:2:1:4:4:4:0,3:3:4:4:4:2:3:4:3
2:2:4:4:4:3:3:4:1:,recombination,12520.549297798021,3:3:4:4:4:1:2:1:4,1:2:4:1:0:4:4:4:0
4:4:3:4:4:0:1:1:4:,clone,10067.08708736027,4:4:3:4:4:0:1:1:4
2:2:4:4:3:3:3:4:1:,recombination,10999.17340265671,3:3:4:4:4:1:2:2:3,3:4:4:4:4:1:2:1:4
4:4:4:4:4:2:2:4:4:,recombination,9410.069557615356,3:3:4:4:4:2:3:4:3,4:4:3:4:4:1:1:2:4,MUTATE
1:2:4:2:0:4:4:4:1:,clone,11414.626634820228,1:2:4:2:0:4:4:4:1
4:4:2:4:4:1:1:3:4:,clone,10297.870116785674,4:4:2:4:4:1:1:3:4
1:2:4:4:3:3:3:4:1:,recombination,10560.454427331448,2:3:4:4:4:2:3:3:2,3:3:4:4:4:1:2:1:4,MUTATE
3:3:4:4:3:3:4:4:2:,recombination,11876.47484994119,2:2:4:3:2:4:4:4:2,4:4:2:4:4:1:2:4:4,MUTATE
1:2:4:4:3:3:3:4:1:,recombination,10202.704010368017,2:2:4:2:1:3:4:4:1,1:2:4:4:3:3:3:4:1
4:4:4:4:4:2:3:4:4:,clone,10091.021056846352,4:4:4:4:4:2:2:4:4
3:3:4:4:4:3:3:3:3:,recombination,13312.67219414392,3:3:4:4:4:2:3:3:4,4:4:4:4:4:3:2:4:4
3:3:4:4:3:4:4:4:2:,recombination,12429.280678762252,4:4:3:4:4:1:2:3:4,4:4:3:4:4:3:2:4:4
3:3:4:4:3:4:4:4:2:,clone,12356.13964193551,3:3:4:4:3:4:4:4:2
2:3:4:4:4:3:3:4:1:,clone,11770.135390478014,2:2:4:4:4:2:3:4:1
2:3:4:4:3:4:3:4:2:,recombination,11849.578763592926,4:3:4:4:4:2:3:4:3,3:4:4:4:4:2:2:3:4
1:1:4:2:0:4:4:4:0:,recombination,11952.944098492286,3:3:4:4:3:3:3:4:2,3:3:4:4:4:3:3:4:3
4:3:4:4:3:2:3:4:3:,recombination,10825.25633845243,4:4:2:4:4:0:0:0:4,4:4:4:4:4:1:2:4:4
1:2:4:3:1:3:4:4:1:,clone,12549.150258058786,2:2:4:3:2:3:4:4:1
2:3:4:4:3:3:3:4:1:,recombination,11767.491936719607,1:1:4:1:0:4:4:4:0,2:3:4:4:4:3:3:4:1
1:2:4:2:0:4:4:4:1:,recombination,11347.261658354419,0:1:4:1:0:4:4:4:0,4:4:3:4:4:1:1:4:4,MUTATE
2:3:4:4:3:4:3:4:2:,recombination,11780.513910364945,2:3:4:4:3:4:3:4:2,2:3:4:4:4:2:2:4:2
1:2:4:2:0:4:4:4:1:,clone,11000.839688773609,1:2:4:2:0:4:4:4:1
1:2:4:3:1:4:4:4:1:,recombination,11898.187711087116,2:2:4:4:3:2:3:4:1,3:4:4:4:4:1:2:3:4
1:1:4:2:1:4:4:4:0:,clone,10955.009889267436,1:2:4:2:1:4:4:4:0
1:2:4:2:0:4:4:4:1:,recombination,10647.13874868832,2:2:4:4:3:3:4:4:1,1:2:4:2:0:4:4:4:1,MUTATE
2:3:4:4:3:4:3:4:2:,recombination,11085.57275466262,3:4:4:4:4:2:3:4:3,2:3:4:4:3:4:3:4:2,MUTATE
1:2:4:2:0:4:4:4:0:,clone,11237.994536472024,1:2:4:2:0:4:4:4:0
3:3:4:3:3:3:3:4:3:,recombination,11207.064891195598,4:4:3:4:4:0:0:0:4,4:3:4:4:4:3:3:4:3,MUTATE
2:2:4:3:1:4:4:4:2:,recombination,11564.137934642984,2:3:4:3:3:4:4:4:2,4:4:2:4:4:1:1:4:4
1:2:4:3:1:3:4:4:1:,clone,12120.49507312767,1:2:4:3:1:3:4:4:1
2:2:4:4:2:4:4:4:2:,recombination,14315.888375988023,4:4:2:4:4:1:0:2:4,2:3:4:4:3:3:3:4:2,MUTATE
3:3:4:4:3:3:4:4:3:,recombination,12254.139743887032,3:3:4:4:3:3:4:4:2,4:4:4:4:4:1:1:3:4
3:3:4:3:2:3:4:4:3:,clone,11424.333707530137,3:3:4:3:2:3:4:4:3
2:2:4:3:2:4:3:4:2:,clone,10921.3811779816,2:2:4:3:2:4:3:4:2
4:4:1:4:4:0:0:1:4:,clone,10482.885866390738,4:4:1:4:4:0:0:0:4
3:3:4:3:2:3:4:4:3:,recombination,10973.517979226013,4:3:4:4:3:2:3:4:3,3:3:4:3:3:3:3:4:3,MUTATE
3:2:4:4:3:3:3:4:2:,clone,11211.350408258071,3:3:4:4:3:3:3:4:2
2:2:4:4:3:4:3:4:2:,recombination,11706.3686975463,2:2:4:3:2:4:4:4:1,3:3:4:4:4:3:3:4:3,MUTATE
3:3:4:4:3:2:3:4:2:,clone,10759.246751302266,3:3:4:4:3:2:3:4:2
2:2:4:3:3:3:4:4:1:,recombination,11661.647454641548,2:2:4:3:1:4:4:4:1,2:3:4:4:3:3:4:4:1,MUTATE
3:2:4:3:2:3:4:4:2:,recombination,11204.618773985307,2:2:4:3:1:4:4:4:2,4:3:3:4:4:3:2:4:4,MUTATE
2:2:4:3:3:4:3:4:2:,recombination,11194.540412540944,3:3:4:4:4:3:3:4:3,2:2:4:3:2:3:4:4:1
3:3:4:3:2:3:3:4:2:,clone,10646.627044768755,3:3:4:3:2:3:4:4:2
3:3:4:3:2:3:3:4:3:,clone,10723.735543179348,3:3:4:3:2:3:3:4:3
3:3:4:3:3:3:3:4:3:,clone,10815.765331529004,3:3:4:3:2:3:3:4:2
2:2:4:4:3:4:3:4:2:,recombination,10692.59297931612,3:3:4:4:4:3:3:4:3,3:3:4:4:4:2:2:3:3
1:2:4:2:2:3:4:4:1:,clone,10663.87631461667,1:2:4:2:2:3:4:4:1
2:2:4:4:3:4:4:4:2:,clone,11966.112102867415,2:2:4:3:2:4:4:4:2
3:3:4:3:2:3:3:4:2:,clone,10558.132367429713,3:3:4:3:2:3:3:4:2
2:2:4:3:3:4:4:4:1:,recombination,11803.43018222886,3:4:4:4:4:2:2:3:4,2:2:4:4:3:4:3:4:2
3:3:4:4:4:3:3:4:2:,clone,10127.502117829534,3:3:4:4:4:3:3:4:2
2:3:4:4:2:3:4:4:2:,recombination,12873.336911969915,3:4:4:4:4:2:3:3:4,4:3:4:4:4:1:1:3:4
3:3:4:3:2:3:4:4:2:,clone,10412.116320852994,3:3:4:3:2:3:4:4:2
2:3:4:2:1:3:4:4:1:,recombination,11118.914628559214,3:3:4:4:3:3:3:4:3,4:4:3:4:4:0:0:1:4,MUTATE
1:2:4:3:2:3:4:4:0:,recombination,12832.204078176903,1:2:4:3:2:4:4:4:1,1:2:4:4:3:3:3:4:1,MUTATE
2:3:4:3:2:3:4:4:2:,clone,10487.606194171565,2:3:4:3:2:3:4:4:2
2:3:4:2:2:3:4:4:2:,recombination,10705.870346548787,2:3:4:3:2:3:4:4:2,2:2:4:3:2:4:4:4:2
1:2:4:4:2:3:4:4:1:,clone,12970.264805303934,1:2:4:3:2:3:4:4:1
2:3:4:2:1:3:4:4:2:,clone,11461.301528380087,2:3:4:2:1:3:4:4:2
2:3:4:2:1:3:4:4:2:,clone,10920.252938497348,2:3:4:2:1:3:4:4:2
2:3:4:2:1:4:4:4:2:,recombination,11606.995609776599,3:3:4:3:2:3:3:4:2,3:3:4:4:4:2:3:4:3,MUTATE
1:2:4:3:2:3:4:4:0:,clone,11674.42273605123,1:2:4:3:2:3:4:4:0
1:2:4:3:2:4:4:4:0:,clone,11915.664142250129,1:2:4:3:2:3:4:4:0
0:2:4:1:0:4:4:4:0:,recombination,11470.160340543467,4:4:4:4:4:3:3:4:4,4:4:4:4:4:1:1:3:4
1:2:4:3:2:3:4:4:0:,clone,11085.109932321637,1:2:4:3:2:3:4:4:0
1:2:4:4:3:3:4:4:1:,clone,12979.759856107079,2:2:4:4:3:3:4:4:1
2:2:4:2:1:4:4:4:2:,clone,11322.504196070522,2:2:4:2:1:4:4:4:2
1:2:4:3:2:3:4:4:0:,clone,10849.075191378837,1:2:4:3:2:3:4:4:0
0:2:4:1:0:4:4:4:0:,clone,11436.455690053286,0:2:4:1:0:4:4:4:0
2:2:4:3:3:3:3:4:2:,recombination,10526.453245844617,1:2:4:3:2:3:4:4:0,4:4:3:4:4:1:1:4:4
4:4:4:4:4:3:3:4:3:,recombination,12298.770334386994,1:2:4:4:3:3:3:4:1,3:4:4:4:4:3:3:4:3
2:2:4:4:2:3:4:4:1:,recombination,13927.285084887357,4:4:4:4:4:3:2:4:4,4:4:4:4:4:0:1:2:4,MUTATE
1:2:4:2:0:4:4:4:0:,recombination,11105.85931871904,4:4:4:4:4:1:2:3:4,1:2:4:4:3:3:3:4:1,MUTATE
2:3:4:4:3:3:4:4:1:,recombination,12880.866371970444,3:3:4:4:3:3:3:4:2,3:3:4:4:4:3:3:3:3
1:2:4:3:2:4:4:4:0:,recombination,11817.595311608658,2:3:4:4:3:4:4:4:2,1:2:4:3:2:3:4:4:0
2:3:4:3:1:3:4:4:2:,recombination,12378.251103072966,2:3:4:2:1:4:4:4:2,1:2:4:2:0:4:4:4:1
2:3:4:4:2:4:4:4:2:,recombination,14177.296294082129,3:4:4:4:4:1:1:1:4,1:2:4:3:3:3:4:4:1,MUTATE
1:2:4:3:1:4:4:4:0:,recombination,12063.56481243232,4:4:4:4:4:1:1:4:4,1:2:4:4:3:3:3:4:1
2:2:4:2:1:3:4:4:2:,clone,11767.61449052576,2:2:4:2:1:4:4:4:1
2:2:4:2:0:4:4:4:1:,recombination,11827.4677921338,4:4:3:4:4:3:2:4:4,3:3:4:3:2:3:4:4:2
2:3:4:4:3:3:4:4:2:,recombination,11969.947705263226,2:2:4:3:2:3:4:4:1,4:4:3:4:4:1:1:4:4
2:2:4:4:2:3:4:4:2:,recombination,13326.529086858527,2:3:4:4:4:3:3:4:2,3:4:4:4:4:1:1:1:4
1:2:4:2:1:3:4:4:0:,recombination,11797.84263979729,3:3:4:4:3:3:3:4:3,2:3:4:4:3:3:4:4:1,MUTATE
1:2:4:3:1:4:4:4:1:,clone,11698.710902978939,1:2:4:2:1:4:4:4:1
2:3:4:3:1:4:4:4:1:,recombination,12498.985767635379,3:3:4:4:3:2:3:4:2,2:3:4:4:3:3:4:4:2
0:1:4:2:0:4:4:4:0:,recombination,13246.923359439434,3:3:4:4:4:1:2:2:4,1:2:4:1:0:4:4:4:0,MUTATE
2:2:4:2:1:3:4:4:2:,clone,11406.624014336054,2:2:4:3:2:3:4:4:2
2:3:4:3:3:3:3:4:1:,recombination,10746.113123261312,4:3:3:4:4:3:3:4:4,3:4:4:4:4:2:2:2:3,MUTATE
4:4:4:4:4:0:0:0:4:,recombination,9098.872990345744,3:3:4:4:4:2:2:2:3,3:3:4:4:4:1:2:2:3,MUTATE
2:2:4:3:3:3:3:4:2:,clone,10335.47229409214,2:2:4:3:3:3:3:4:1
2:2:4:3:1:3:4:4:1:,clone,11715.626930393906,2:2:4:2:1:3:4:4:1
2:3:4:3:3:3:3:4:1:,clone,10434.660761286133,2:2:4:3:3:3:3:4:1
2:2:4:2:1:3:4:4:1:,clone,11123.798620373487,2:2:4:2:1:3:4:4:1
0:2:4:1:0:4:4:4:0:,recombination,11435.180974182385,2:2:4:4:4:2:3:4:2,4:4:3:4:4:3:3:4:4
4:4:2:4:4:0:0:0:4:,clone,9560.409503462866,0:1:4:1:0:4:4:4:0
4:4:3:4:4:0:0:0:4:,clone,9560.7666745267,4:4:3:4:4:0:0:0:4
4:4:3:4:4:0:0:0:4:,clone,9206.813502933875,4:4:3:4:4:0:0:0:4
4:4:4:4:4:0:0:1:4:,clone,9385.818727223837,4:4:4:4:4:0:0:0:4
4:4:4:4:4:0:0:1:4:,clone,9307.466512120893,4:4:4:4:4:0:0:1:4
4:4:3:4:4:0:0:1:4:,clone,9560.041353623954,4:4:4:4:4:0:0:1:4
1:2:4:2:0:4:4:4:0:,recombination,11027.487266791602,4:4:3:4:4:2:3:4:4,4:4:4:4:4:1:1:4:4,MUTATE
1:2:4:2:0:4:4:4:0:,clone,10925.139235740267,1:2:4:2:0:4:4:4:0
4:4:3:4:4:1:1:2:4:,clone,9646.644454240666,4:4:3:4:4:1:1:2:4
4:4:3:4:4:1:1:2:4:,clone,9555.92991227863,4:4:3:4:4:1:1:2:4
4:4:3:4:4:1:1:3:4:,recombination,9985.589184009066,3:3:4:4:4:2:2:4:3,1:2:4:2:1:4:4:4:1
4:4:3:4:4:1:1:3:4:,clone,9915.88338204249,4:4:3:4:4:1:1:3:4
4:4:3:4:4:1:1:3:4:,recombination,9854.409222644146,4:4:3:4:4:1:1:2:4,3:3:4:4:4:2:2:3:3,MUTATE
1:2:4:2:0:4:4:4:0:,recombination,10847.576054964826,2:2:4:3:2:3:4:4:1,1:2:4:2:0:4:4:4:0
1:2:4:2:0:4:4:4:0:,clone,10838.661136865212,1:2:4:2:0:4:4:4:0
1:2:4:2:0:4:4:4:0:,clone,10731.308966282888,1:2:4:2:0:4:4:4:0
1:2:4:2:2:3:4:4:1:,clone,10585.784068762518,1:2:4:2:2:3:4:4:1
3:3:4:4:4:4:3:4:2:,recombination,11415.159730068988,2:2:4:3:2:4:4:4:1,2:2:4:3:3:3:3:4:1
2:2:4:4:2:3:4:4:2:,clone,13094.511417994265,2:2:4:4:3:3:4:4:2
2:2:4:4:3:3:3:4:1:,clone,10550.884570792754,2:2:4:4:3:3:3:4:1
2:2:4:3:3:3:4:4:2:,clone,11633.438533320832,2:2:4:3:3:3:4:4:2
2:2:4:4:3:3:3:4:1:,clone,10540.947225010535,2:2:4:4:3:3:3:4:1
0:2:4:1:0:4:4:4:0:,clone,11217.946096863321,0:2:4:1:0:4:4:4:0
1:2:4:2:2:3:4:4:1:,clone,10229.04457305685,1:2:4:2:2:3:4:4:1
3:3:4:4:3:4:3:4:2:,clone,11212.057292046717,2:2:4:3:2:3:4:4:2
2:2:4:2:1:3:4:4:1:,recombination,10665.71633425197,4:4:3:4:4:0:1:1:4,2:3:4:2:1:3:4:4:2,MUTATE
3:2:4:3:3:4:3:4:2:,clone,11374.884135143102,3:2:4:3:3:4:3:4:2
4:4:4:4:4:0:0:2:4:,recombination,9768.275117522568,2:3:4:4:4:2:2:3:2,4:3:4:4:4:1:1:3:4
2:3:4:4:2:4:4:4:2:,recombination,13223.064204298544,4:4:3:4:4:1:2:4:4,3:2:4:3:2:3:4:4:2
2:3:4:4:2:4:4:4:2:,clone,13163.941785946266,2:3:4:4:3:3:4:4:2
4:4:3:4:4:0:1:1:4:,recombination,9749.437056692253,4:3:4:4:4:1:1:3:4,4:4:2:4:4:0:0:0:4,MUTATE
4:4:3:4:4:0:0:1:4:,clone,9489.877913679375,4:4:3:4:4:0:0:1:4
0:2:4:1:0:4:4:4:0:,clone,11082.99895381031,0:2:4:1:0:4:4:4:0
1:2:4:3:1:3:4:4:0:,recombination,13025.44685075193,2:3:4:3:2:3:4:4:2,2:2:4:4:3:3:3:4:1
2:3:4:4:3:3:3:4:1:,recombination,11517.4058750465,1:2:4:3:1:4:4:4:1,3:3:4:4:4:1:3:3:3,MUTATE
1:2:4:3:2:3:3:4:1:,clone,10862.030705288642,1:2:4:3:2:3:4:4:1
2:3:4:3:2:3:4:4:1:,clone,11033.933576298052,2:3:4:3:2:3:4:4:1
1:2:4:3:1:3:4:4:0:,clone,12681.53743873843,1:2:4:3:1:3:4:4:0
1:2:4:3:1:4:4:4:0:,recombination,12046.763528420017,2:3:4:4:4:2:2:4:2,2:3:4:3:3:3:3:4:1
1:1:4:1:0:4:4:4:0:,recombination,10733.47410781025,2:3:4:4:4:1:2:3:2,1:2:4:1:0:4:4:4:0
4:4:2:4:4:0:0:0:4:,clone,9553.584789360595,4:4:3:4:4:0:0:0:4
4:4:2:4:4:0:0:0:4:,clone,9418.776470301611,4:4:3:4:4:0:0:0:4
4:4:2:4:4:1:1:3:4:,recombination,9898.43377008203,3:4:4:4:4:1:2:2:4,4:4:2:4:4:1:1:4:4
3:4:4:4:4:3:3:4:3:,recombination,11838.902578329547,2:3:4:4:2:3:4:4:2,4:4:3:4:4:2:2:3:4
2:2:4:3:1:3:4:4:1:,recombination,11621.37085846777,1:2:4:2:2:3:4:4:1,3:4:4:4:4:2:3:4:3
4:4:3:4:4:1:1:3:4:,clone,9723.51142339517,4:4:3:4:4:1:1:3:4
4:4:3:4:4:1:1:3:4:,clone,9690.531732469593,4:4:3:4:4:1:1:3:4
4:4:2:4:4:0:0:1:4:,clone,9422.180396565229,4:4:3:4:4:0:0:1:4
1:2:4:3:1:4:4:4:0:,recombination,11952.141354906864,2:3:4:4:4:3:3:4:2,2:3:4:3:3:3:3:4:1
4:4:3:4:4:0:0:1:4:,recombination,9155.102442138425,3:4:4:4:4:1:1:1:4,2:2:4:3:3:3:3:4:2,MUTATE
4:4:3:4:4:0:0:1:4:,clone,8990.574359000273,4:4:3:4:4:0:0:1:4
4:4:3:4:4:1:1:3:4:,recombination,9598.384065228212,4:4:3:4:4:0:0:1:4,4:4:3:4:4:1:1:3:4
2:3:4:4:3:3:4:4:1:,recombination,12763.685319684757,2:2:4:3:2:3:4:4:2,3:3:4:4:4:1:3:3:3
2:3:4:4:3:3:4:4:1:,clone,12680.311474117054,2:3:4:4:3:3:4:4:1
4:4:4:4:4:0:0:1:4:,clone,9133.289280406401,4:4:4:4:4:0:0:1:4
4:4:4:4:4:0:0:1:4:,clone,8660.037513608026,4:4:4:4:4:0:0:1:4
2:3:4:3:3:4:3:4:2:,recombination,11135.737925907333,4:4:4:4:4:1:2:2:4,4:4:3:4:4:0:0:0:4
4:4:3:4:4:1:1:3:4:,recombination,9207.343914877705,4:4:2:4:4:0:0:1:4,4:3:4:4:4:1:2:4:4
0:1:4:1:0:4:4:4:0:,recombination,10741.508142347355,1:2:4:3:2:3:3:4:1,1:2:4:2:1:4:4:4:1,MUTATE
4:4:3:4:4:1:1:1:4:,clone,10527.756376033654,4:4:3:4:4:1:1:1:4
3:3:4:4:2:3:4:4:2:,recombination,12925.317565825919,3:3:4:4:3:4:3:4:2,3:4:4:4:4:2:3:4:3,MUTATE
2:3:4:4:3:3:4:4:1:,clone,12445.429663412564,2:3:4:4:3:3:4:4:1
2:2:4:3:3:4:3:4:2:,clone,11016.630600975988,2:3:4:4:3:4:3:4:2
2:3:4:4:2:4:4:4:2:,clone,12891.576837869712,2:3:4:4:3:3:4:4:2
2:3:4:4:2:4:4:4:2:,clone,12836.169289175414,2:3:4:4:2:4:4:4:2
2:3:4:4:2:3:4:4:2:,recombination,12750.668673291077,4:4:3:4:4:1:1:3:4,2:3:4:3:2:3:4:4:2
1:2:4:4:3:3:4:4:1:,recombination,12216.207067676965,3:4:4:4:4:2:2:2:3,2:3:4:4:3:3:4:4:2
1:1:4:1:0:4:4:4:0:,recombination,10704.93284866839,2:2:4:3:3:3:4:4:1,2:2:4:2:1:3:4:4:2
3:3:4:4:4:4:3:4:3:,clone,12345.769493511501,3:3:4:4:4:4:3:4:3
2:2:4:4:2:3:4:4:2:,clone,13024.28130240401,2:2:4:4:2:3:4:4:2
2:2:4:3:3:3:4:4:2:,recombination,11455.512827175626,2:2:4:2:1:3:4:4:1,3:3:4:4:4:2:2:2:4,MUTATE
0:2:4:1:0:4:4:4:0:,recombination,10952.771234487282,3:3:4:3:3:3:3:4:2,2:2:4:3:2:3:3:4:1,MUTATE
4:4:3:4:4:2:2:3:4:,clone,10941.489111919976,4:4:3:4:4:2:2:3:4
4:4:3:4:4:2:2:3:4:,clone,10785.417238734195,4:4:3:4:4:2:2:3:4
4:4:3:4:4:2:2:3:4:,clone,10753.27624520843,4:4:3:4:4:2:2:3:4
4:4:3:4:4:2:2:3:4:,clone,10723.561218844137,4:4:3:4:4:2:2:3:4
4:3:3:4:4:2:2:4:4:,clone,11192.06347255484,4:4:3:4:4:2:2:4:4
4:3:3:4:4:3:2:4:3:,clone,10980.296410840368,3:3:4:4:4:3:3:4:3
4:3:3:4:4:2:2:4:3:,clone,10859.891044119335,4:3:3:4:4:3:2:4:3
0:1:4:1:0:4:4:4:0:,clone,10704.836195739883,0:1:4:1:0:4:4:4:0
0:1:4:1:0:4:4:4:0:,clone,10486.06561125808,0:1:4:1:0:4:4:4:0
3:2:4:4:4:3:3:4:2:,clone,11422.158687113719,3:3:4:4:4:3:3:4:2
4:4:3:4:4:0:0:0:4:,recombination,9198.745275811076,3:3:4:4:4:2:2:3:3,4:3:4:4:4:3:3:4:4,MUTATE
4:4:3:4:4:0:0:0:4:,clone,9174.992576324668,4:4:3:4:4:0:0:0:4
4:4:3:4:4:1:1:1:4:,recombination,10256.104572043914,3:3:4:3:3:3:3:4:2,2:2:4:2:1:3:4:4:1,MUTATE
4:4:4:4:4:0:1:2:4:,clone,9851.701841322396,4:4:4:4:4:0:1:2:4
3:3:4:4:3:4:4:4:3:,recombination,13247.195326568797,4:4:4:4:4:3:3:4:4,3:2:4:4:3:3:3:4:2,MUTATE
4:4:3:4:4:0:0:2:4:,clone,9501.252602880651,4:4:3:4:4:0:0:2:4
3:3:4:3:3:4:4:4:2:,recombination,11702.655885511498,4:4:3:4:4:1:1:3:4,1:2:4:3:1:4:4:4:0,MUTATE
4:4:3:4:4:1:1:2:4:,recombination,9343.039868887749,4:4:3:4:4:0:0:1:4,4:4:3:4:4:0:1:1:4
3:3:4:3:2:4:4:4:2:,clone,11494.686928520878,3:3:4:3:2:4:4:4:2
2:2:4:3:3:3:4:4:1:,clone,11521.095285956633,2:2:4:3:3:3:4:4:1
4:4:3:4:4:0:1:1:4:,clone,9641.573644247805,4:4:3:4:4:0:1:1:4
4:4:3:4:4:0:1:1:4:,recombination,9256.369466222997,4:4:3:4:4:0:1:1:4,2:3:4:3:2:3:4:4:2
4:4:3:4:4:1:1:1:4:,clone,10120.596925095871,4:4:3:4:4:1:1:1:4
4:4:3:4:4:1:1:1:4:,clone,10011.240808373313,4:4:3:4:4:1:1:1:4
4:4:2:4:4:0:0:0:4:,clone,8957.462213268846,0:1:4:1:0:4:4:4:0
4:4:3:4:4:0:1:2:4:,clone,9813.67645567584,4:4:3:4:4:1:1:2:4
4:4:3:4:4:0:0:0:4:,clone,8980.263633964785,4:4:2:4:4:0:0:0:4
2:2:4:3:1:3:4:4:2:,clone,12205.821227270575,2:3:4:3:2:3:4:4:2
3:3:4:4:4:2:3:3:4:,recombination,11577.285527097936,2:3:4:4:4:2:2:3:2,4:4:2:4:4:1:1:3:4
4:4:2:4:4:0:0:0:4:,clone,8952.973420458633,4:4:2:4:4:0:0:0:4
4:4:3:4:4:0:0:0:4:,clone,8952.973420458633,4:4:2:4:4:0:0:0:4
4:4:3:4:4:0:1:2:4:,recombination,9635.756482550112,2:2:4:3:2:4:4:4:1,4:4:3:4:4:2:1:4:4
4:4:4:4:4:0:1:1:4:,recombination,9302.461967585441,2:3:4:4:4:2:3:3:2,2:2:4:2:1:3:4:4:2,MUTATE
4:4:3:4:4:0:0:0:4:,recombination,8787.24975766652,4:4:4:4:4:1:2:3:4,3:4:4:4:4:1:2:2:4,MUTATE
2:3:4:4:3:2:3:3:2:,clone,11678.837845082542,2:3:4:4:3:2:3:3:2
4:4:4:4:4:0:1:2:4:,recombination,9370.442532193878,4:4:4:4:4:3:3:4:3,1:2:4:3:2:4:4:4:1
4:4:3:4:4:0:0:0:4:,recombination,8677.926441554835,4:4:3:4:4:0:0:0:4,4:4:3:4:4:0:0:0:4
2:3:4:4:4:2:3:4:2:,clone,9739.220949716184,2:3:4:4:3:2:3:4:2
4:4:4:4:4:0:1:1:4:,clone,9168.496802481992,4:4:4:4:4:0:1:1:4
4:4:2:4:4:0:0:0:4:,clone,8863.629757912842,4:4:2:4:4:0:0:0:4
4:4:3:4:4:0:0:1:4:,recombination,8863.90600464422,2:2:4:3:2:4:4:4:1,4:3:4:4:4:3:3:4:4
3:3:4:4:3:2:3:4:2:,recombination,10385.807767428212,1:2:4:3:2:4:4:4:1,4:4:3:4:4:2:3:4:4
4:4:3:4:4:0:1:2:4:,clone,9610.454315224584,4:4:3:4:4:0:0:1:4
4:4:3:4:4:0:1:2:4:,clone,9345.793019653547,4:4:3:4:4:0:1:2:4
4:4:3:4:4:0:1:2:4:,clone,9341.687199429316,4:4:3:4:4:0:1:2:4
4:4:3:4:4:1:1:2:4:,recombination,9156.503610310147,2:3:4:4:4:2:3:4:2,1:2:4:3:2:3:4:4:1,MUTATE
4:4:4:4:4:2:3:3:4:,recombination,11958.536130872111,3:3:4:4:4:2:3:3:4,1:2:4:3:2:4:4:4:1
2:2:4:3:3:3:3:4:2:,recombination,10315.331052806261,2:2:4:3:2:3:4:4:1,4:3:4:4:4:2:3:4:4,MUTATE
4:4:4:4:4:1:1:4:4:,recombination,9081.701936872432,4:4:3:4:4:0:0:0:4,3:3:4:4:3:3:4:4:3,MUTATE
2:2:4:3:2:3:4:4:2:,clone,10305.700806254796,2:2:4:3:2:3:4:4:2
2:2:4:2:1:3:4:4:2:,recombination,10582.304304111141,4:4:4:4:4:0:1:1:4,3:3:4:4:3:2:3:4:3,MUTATE
2:2:4:2:1:4:4:4:1:,clone,10527.753390713553,2:2:4:2:1:4:4:4:1
2:2:4:2:1:4:4:4:1:,recombination,10309.134316044565,2:2:4:2:1:4:4:4:1,3:3:4:4:4:2:2:4:3
3:3:4:3:2:3:4:4:2:,recombination,10404.37756698769,2:3:4:4:4:2:3:4:2,4:4:4:4:4:3:2:4:4,MUTATE
3:3:4:3:3:3:4:4:3:,recombination,11910.556126043533,2:3:4:3:3:4:4:4:2,4:4:4:4:4:1:1:3:4
2:3:4:3:3:3:4:4:2:,recombination,11433.906650452558,2:3:4:3:2:3:3:4:2,4:4:3:4:4:1:2:3:4
1:1:4:1:0:4:4:4:0:,clone,10631.821801905278,1:1:4:1:0:4:4:4:0
2:2:4:3:3:4:4:4:2:,recombination,11521.446438285368,4:4:3:4:4:2:3:4:4,3:4:4:4:4:1:2:2:4,MUTATE
3:3:4:3:2:4:4:4:2:,recombination,11435.966957492821,2:2:4:3:2:3:3:4:2,3:2:4:3:3:4:3:4:2
0:2:4:2:1:4:4:4:0:,recombination,13362.867758384033,2:3:4:4:4:1:2:3:2,2:2:4:3:3:3:4:4:1
0:2:4:2:0:4:4:4:0:,recombination,13167.023229359944,2:2:4:4:2:4:4:4:1,3:2:4:4:4:3:3:4:2
1:1:4:2:0:4:4:4:0:,recombination,11360.715874896954,3:3:4:4:4:1:2:2:3,2:3:4:4:3:3:3:4:2,MUTATE
3:3:4:3:2:3:3:4:2:,recombination,10482.505980232176,3:3:4:4:4:2:3:4:3,3:3:4:4:4:4:3:4:2
1:2:4:2:2:4:4:4:1:,recombination,10737.762490965444,3:3:4:4:4:2:2:2:3,0:1:4:1:0:4:4:4:0
0:2:4:2:0:4:4:4:0:,clone,12407.313741973527,0:2:4:1:0:4:4:4:0
0:2:4:2:0:4:4:4:0:,clone,12137.751193121047,0:2:4:2:0:4:4:4:0
1:1:4:1:0:4:4:4:0:,clone,10549.976804041686,1:1:4:1:0:4:4:4:0
4:4:4:4:4:0:0:0:4:,clone,8970.70585580882,0:2:4:1:0:4:4:4:0
2:3:4:2:1:4:4:4:1:,clone,12027.05076394059,2:3:4:2:1:4:4:4:1
2:2:4:4:2:3:4:4:2:,recombination,12828.00103724265,2:3:4:4:4:3:3:3:2,3:3:4:4:3:3:3:4:2
1:1:4:1:0:4:4:4:0:,recombination,10153.669448363284,3:3:4:3:2:3:4:4:2,4:4:3:4:4:1:1:3:4,MUTATE
1:1:4:1:0:4:4:4:0:,recombination,9950.865115091357,1:1:4:1:0:4:4:4:0,1:2:4:2:1:4:4:4:1
2:3:4:4:3:3:4:4:2:,clone,11942.447501645009,2:2:4:4:3:3:3:4:2
2:2:4:4:2:4:4:4:2:,clone,13220.178638417214,2:2:4:4:3:3:4:4:2
1:2:4:3:1:3:4:4:1:,recombination,12042.65640954097,1:2:4:2:0:4:4:4:1,3:4:4:4:4:2:3:4:3
2:2:4:4:2:4:4:4:2:,clone,13010.652427289962,2:2:4:4:2:4:4:4:2
4:4:3:4:4:0:0:0:4:,clone,8463.623913187528,0:1:4:1:0:4:4:4:0
4:4:3:4:4:0:0:1:4:,recombination,8801.058239564825,4:4:4:4:4:0:1:1:4,0:1:4:1:0:4:4:4:0
4:4:4:4:4:0:1:2:4:,clone,9279.03171309232,4:4:4:4:4:0:1:2:4
4:4:4:4:4:0:1:2:4:,clone,9246.162557222875,4:4:4:4:4:0:1:2:4
4:4:4:4:4:0:1:2:4:,recombination,8964.664417798882,0:1:4:1:0:4:4:4:0,3:3:4:4:3:3:3:4:3
1:2:4:1:0:4:4:4:1:,recombination,11341.367906069014,2:3:4:4:4:2:3:4:2,2:3:4:4:3:3:4:4:2,MUTATE
1:2:4:1:0:4:4:4:1:,recombination,11314.087345740278,2:3:4:4:4:2:2:3:2,4:4:2:4:4:1:1:3:4,MUTATE
3:2:4:3:3:3:3:4:2:,clone,11213.550341874517,3:2:4:3:3:3:3:4:2
2:2:4:4:3:4:3:4:1:,clone,11526.720102671035,2:2:4:4:3:4:3:4:1
2:3:4:4:3:3:4:4:2:,recombination,11915.896083160489,2:3:4:4:3:3:4:4:1,3:3:4:4:4:2:3:2:3,MUTATE
2:3:4:3:1:4:4:4:2:,recombination,13281.300315930956,4:4:3:4:4:0:0:1:4,3:3:4:4:3:3:3:4:3
3:3:4:3:3:3:3:4:3:,clone,10781.640326813149,3:3:4:3:3:3:3:4:3
1:2:4:2:1:3:4:4:1:,recombination,10763.320078229604,1:1:4:2:1:4:4:4:0,3:3:4:3:3:4:4:4:2,MUTATE
1:2:4:2:1:3:4:4:1:,recombination,10659.157094321465,1:2:4:2:1:4:4:4:0,3:3:4:4:4:2:2:2:3
1:2:4:2:1:3:4:4:1:,clone,10324.399205509344,1:2:4:2:1:3:4:4:1
3:3:4:4:2:4:4:4:2:,recombination,13722.534800831956,4:4:4:4:4:2:2:2:4,4:3:4:4:4:3:3:4:3,MUTATE
3:3:4:3:2:3:3:4:2:,clone,10461.77526812041,3:3:4:3:2:3:3:4:2
0:2:4:1:0:4:4:4:0:,clone,10807.251790483395,0:1:4:1:0:4:4:4:0
2:3:4:3:2:3:4:4:2:,clone,10484.240571384624,2:3:4:3:2:3:4:4:2
4:3:3:4:4:3:2:4:4:,recombination,10233.445112319092,2:2:4:3:2:4:4:4:1,2:3:4:4:2:4:4:4:2,MUTATE
1:2:4:1:0:4:4:4:0:,recombination,10148.753619743466,1:2:4:1:0:4:4:4:0,4:4:4:4:4:2:2:3:4
1:2:4:1:0:4:4:4:0:,clone,10121.587192840661,1:2:4:1:0:4:4:4:0
0:2:4:1:0:4:4:4:0:,clone,10052.439971145051,0:1:4:1:0:4:4:4:0
2:3:4:3:2:3:4:4:2:,clone,10039.53681077559,2:3:4:3:2:3:4:4:2
0:2:4:2:1:4:4:4:0:,recombination,12714.112799400173,1:2:4:2:1:4:4:4:1,2:3:4:3:3:3:4:4:1,MUTATE
1:2:4:2:1:4:4:4:0:,clone,10228.854604163527,1:2:4:2:1:4:4:4:0
0:2:4:2:1:4:4:4:0:,clone,12591.278279444752,0:2:4:2:1:4:4:4:0
1:1:4:2:0:4:4:4:0:,recombination,11049.785373864066,1:2:4:1:0:4:4:4:0,1:2:4:2:1:4:4:4:0,MUTATE
4:4:3:4:4:1:1:1:4:,clone,9870.626193608055,4:4:3:4:4:0:0:1:4
2:2:4:2:1:4:4:4:1:,recombination,10151.178260873901,0:2:4:1:0:4:4:4:0,2:2:4:3:3:3:3:4:2
2:2:4:2:1:4:4:4:2:,recombination,11132.71369191786,1:2:4:3:2:3:4:4:0,2:2:4:2:1:4:4:4:1,MUTATE
1:2:4:1:0:4:4:4:1:,clone,11038.356801421696,1:2:4:1:0:4:4:4:1
3:2:4:3:2:4:4:4:2:,clone,11219.633326864016,3:2:4:3:2:4:4:4:2
1:2:4:1:0:4:4:4:1:,clone,10872.464256665753,1:2:4:1:0:4:4:4:1
2:2:4:2:1:4:4:4:2:,clone,10884.784067147622,2:2:4:2:1:4:4:4:2
2:2:4:2:0:4:4:4:1:,recombination,11488.141488567628,1:2:4:3:1:4:4:4:1,4:4:2:4:4:0:0:0:4
3:3:4:3:3:4:3:4:3:,clone,11286.777095622914,3:3:4:4:3:3:3:4:3
4:3:4:4:3:3:3:4:4:,recombination,11020.907331538714,4:4:4:4:4:1:2:3:4,2:3:4:4:4:2:3:3:2
3:3:4:3:1:3:4:4:2:,recombination,12247.800651244503,4:4:3:4:4:1:1:4:4,4:4:3:4:4:0:1:2:4
2:3:4:4:3:3:4:4:1:,recombination,12301.702521733327,3:3:4:4:4:3:3:4:2,2:2:4:3:3:3:4:4:1
4:3:4:4:3:3:3:4:3:,clone,10853.482935317596,4:3:4:4:3:3:3:4:3
4:4:4:4:4:2:1:4:4:,recombination,10443.607168503584,2:2:4:3:1:4:4:4:2,4:4:4:4:4:2:2:2:4
3:2:4:3:2:4:4:4:2:,recombination,11212.057292046717,4:3:4:4:4:2:3:4:4,4:3:4:4:4:2:3:4:4,MUTATE
2:3:4:4:2:3:4:4:1:,recombination,12986.368313116136,2:3:4:4:3:3:4:4:1,4:4:3:4:4:0:0:0:4,MUTATE
3:3:4:3:2:4:4:4:2:,recombination,11390.410927618634,2:2:4:3:2:3:4:4:1,3:3:4:4:4:2:2:3:3
2:2:4:2:2:4:4:4:2:,recombination,11210.865402927235,1:2:4:1:0:4:4:4:0,4:4:3:4:4:1:2:4:4
3:3:4:3:2:4:4:4:2:,clone,11243.143047506164,3:3:4:3:2:4:4:4:2
3:3:4:3:2:4:4:4:2:,recombination,11230.326534452144,4:4:4:4:4:1:1:4:4,2:2:4:3:3:4:3:4:2,MUTATE
3:2:4:2:2:4:4:4:2:,recombination,10977.725266964617,2:2:4:3:2:3:4:4:2,2:2:4:3:2:3:4:4:1
2:2:4:2:2:4:4:4:2:,clone,11188.03120985628,2:2:4:2:2:4:4:4:2
2:2:4:1:0:4:4:4:1:,recombination,11937.925832981478,4:4:4:4:4:1:1:4:4,2:2:4:3:3:3:4:4:1
2:2:4:1:0:4:4:4:1:,clone,11665.16797455475,2:2:4:1:0:4:4:4:1
2:2:4:1:0:4:4:4:1:,recombination,11596.494031401477,4:4:4:4:4:1:1:3:4,2:3:4:4:3:3:4:4:2
2:2:4:1:0:4:4:4:1:,clone,11482.142465423343,2:2:4:1:0:4:4:4:1
3:3:4:3:3:4:4:4:2:,recombination,11609.352133283246,4:4:3:4:4:1:1:4:4,4:4:4:4:4:1:2:4:4,MUTATE
3:3:4:4:3:4:4:4:2:,recombination,12265.97112731851,4:3:4:4:4:2:2:4:4,3:2:4:3:3:3:3:4:2,MUTATE
3:3:4:3:3:4:3:4:2:,recombination,11077.602143603728,4:4:3:4:4:1:1:4:4,1:2:4:3:2:4:4:4:0,MUTATE
3:3:4:3:2:4:4:4:3:,clone,11838.037160129797,3:3:4:3:2:4:4:4:3
2:3:4:3:1:4:4:4:2:,recombination,13039.357994626249,3:3:4:4:3:4:4:4:2,2:3:4:4:4:3:3:4:2,MUTATE
2:3:4:4:4:2:2:4:2:,clone,9308.27987410562,2:3:4:4:4:2:2:4:2
1:2:4:3:2:4:4:4:1:,recombination,10755.020053252216,3:3:4:3:3:3:3:4:3,1:2:4:2:0:4:4:4:1,MUTATE
1:2:4:3:2:4:4:4:0:,clone,11705.803536288195,1:2:4:3:2:4:4:4:0
2:2:4:4:3:3:3:4:2:,recombination,9541.5687298441,3:4:4:4:4:1:2:3:4,3:3:4:3:2:3:4:4:2
3:3:4:4:4:2:3:4:2:,clone,9572.025213701134,3:3:4:4:4:2:3:4:2
2:3:4:4:4:3:3:4:2:,recombination,9681.447998460688,2:2:4:4:3:3:3:4:2,2:2:4:3:2:3:4:4:2,MUTATE
1:2:4:1:0:4:4:4:1:,clone,10868.278342451045,1:2:4:1:0:4:4:4:1
0:1:4:2:0:4:4:4:0:,recombination,13051.497805533849,3:3:4:4:4:1:3:3:3,2:3:4:4:3:4:3:4:2,MUTATE
3:3:4:3:3:3:4:4:3:,clone,11708.770060220024,3:3:4:3:3:3:4:4:3
2:2:4:3:1:3:4:4:1:,recombination,11596.170132597976,1:2:4:2:0:4:4:4:0,2:2:4:1:0:4:4:4:1,MUTATE
2:2:4:3:1:3:4:4:1:,clone,11570.543045166973,2:2:4:3:1:3:4:4:1
0:2:4:2:1:4:4:4:0:,clone,12156.29311499459,0:2:4:2:1:4:4:4:0
2:2:4:2:2:3:4:4:2:,clone,11062.119994744846,2:2:4:2:2:3:4:4:2
2:2:4:2:2:3:4:4:2:,clone,10817.80298600154,2:2:4:2:2:3:4:4:2
0:2:4:2:1:4:4:4:0:,clone,12099.46827295503,1:2:4:2:1:4:4:4:0
3:3:4:3:3:3:4:4:3:,clone,11545.546671522132,3:3:4:3:3:3:4:4:3
3:3:4:4:3:3:4:4:3:,clone,12165.464270103434,3:3:4:4:3:3:3:4:3
4:4:4:4:4:0:0:0:4:,recombination,8765.501626256619,1:1:4:1:0:4:4:4:0,3:3:4:4:3:4:3:4:2,MUTATE
2:2:4:3:3:3:3:4:2:,recombination,10299.108602830021,2:2:4:3:3:4:4:4:2,4:4:4:4:4:1:1:4:4,MUTATE
3:3:4:3:3:3:3:4:3:,clone,10643.797949794396,3:3:4:3:3:3:3:4:3
2:2:4:2:2:4:4:4:2:,recombination,10701.072913618142,3:3:4:4:3:3:3:4:3,4:3:4:4:4:2:2:3:4,MUTATE
3:3:4:3:3:3:3:4:3:,clone,10620.427878306977,3:3:4:3:3:3:3:4:3
4:4:2:4:4:0:1:2:4:,clone,10425.643777068832,4:4:3:4:4:0:1:2:4
2:2:4:4:2:3:4:4:1:,clone,13447.280788300977,2:2:4:4:2:3:4:4:1
2:3:4:4:3:3:4:4:2:,recombination,11903.172483595285,1:2:4:2:1:3:4:4:1,4:3:4:4:4:2:3:4:3,MUTATE
4:4:4:4:4:2:3:4:3:,recombination,11346.989663914706,2:2:4:3:1:4:4:4:1,4:4:2:4:4:1:1:4:4
4:3:3:4:4:3:3:4:4:,clone,10592.675910855922,4:3:3:4:4:3:3:4:4
3:3:4:3:2:3:3:4:2:,recombination,10272.940001347446,2:2:4:4:3:4:3:4:2,4:4:2:4:4:0:1:2:4
3:2:4:3:3:4:3:4:2:,recombination,11198.633206738708,2:3:4:4:4:1:2:2:3,4:4:3:4:4:0:0:0:4,MUTATE
3:2:4:3:3:3:3:4:2:,recombination,10853.291472888783,0:1:4:1:0:4:4:4:0,2:2:4:3:3:3:3:4:1,MUTATE
3:2:4:3:2:4:4:4:2:,recombination,11130.643807621203,4:4:2:4:4:2:2:4:4,0:1:4:1:0:4:4:4:0
3:2:4:3:3:3:3:4:2:,recombination,10753.420212974159,2:2:4:4:3:3:3:4:2,4:4:3:4:4:0:0:1:4,MUTATE
3:2:4:3:3:3:3:4:2:,clone,10705.609590237107,3:2:4:3:3:3:3:4:2
3:2:4:4:3:3:3:4:2:,clone,10805.557331035685,3:2:4:4:3:3:3:4:2
2:2:4:3:3:3:3:4:2:,recombination,10026.900117316498,4:4:4:4:4:1:1:4:4,2:2:4:3:3:3:3:4:1,MUTATE
1:2:4:3:3:3:3:4:1:,clone,10687.319192687553,1:2:4:3:2:3:3:4:1
2:2:4:4:3:3:3:4:1:,recombination,10496.667378501203,2:2:4:3:3:3:3:4:2,4:4:2:4:4:2:2:4:4
3:3:4:4:3:4:3:4:3:,recombination,11115.998365721533,2:2:4:3:3:4:4:4:1,4:4:3:4:4:3:2:4:4
4:4:2:4:4:0:1:2:4:,recombination,9978.619564117527,4:4:4:4:4:1:2:2:4,3:3:4:4:4:2:2:3:3,MUTATE
4:4:2:4:4:0:1:3:4:,clone,9987.432970564358,4:4:2:4:4:0:1:2:4
4:4:2:4:4:0:0:2:4:,clone,9951.905327821041,4:4:2:4:4:0:0:2:4
4:4:2:4:4:0:0:2:4:,clone,9619.556476578402,4:4:2:4:4:0:0:2:4
4:4:2:4:4:0:1:3:4:,clone,9869.135112304537,4:4:2:4:4:0:1:3:4
4:4:2:4:4:0:0:2:4:,clone,9441.730918354999,4:4:2:4:4:0:0:2:4
4:4:2:4:4:1:1:3:4:,clone,9869.135112304537,4:4:2:4:4:1:1:3:4
4:4:2:4:4:0:0:2:4:,clone,9379.948954956428,4:4:2:4:4:0:0:2:4
4:4:2:4:4:1:1:3:4:,clone,9608.448256864482,4:4:2:4:4:1:1:3:4
4:4:3:4:4:1:1:4:4:,clone,9864.135107083644,4:4:3:4:4:1:1:4:4
4:4:3:4:4:1:1:4:4:,clone,9722.629259534315,4:4:3:4:4:1:1:4:4
4:4:2:4:4:1:1:4:4:,clone,9590.943130626358,4:4:3:4:4:1:1:4:4
4:4:3:4:4:1:1:4:4:,clone,9677.79040345311,4:4:3:4:4:1:1:4:4
4:4:3:4:4:1:1:4:4:,recombination,9587.19393959634,4:4:2:4:4:1:1:3:4,1:2:4:1:0:4:4:4:1,MUTATE
4:3:3:4:4:2:3:4:4:,clone,11000.861231934232,4:4:3:4:4:2:2:4:4
4:4:3:4:4:1:0:2:4:,clone,10775.183906010867,4:4:3:4:4:1:0:2:4
2:3:4:4:3:3:4:4:2:,recombination,11881.19153229796,4:4:2:4:4:0:0:0:4,4:4:3:4:4:0:0:1:4
0:1:4:1:0:4:4:4:0:,recombination,10462.01420435046,4:4:3:4:4:0:1:2:4,3:3:4:4:4:2:3:3:3,MUTATE
0:1:4:1:0:4:4:4:0:,recombination,10220.587706045053,3:3:4:4:4:2:3:4:2,2:3:4:3:2:3:4:4:2
4:3:4:4:4:2:3:4:4:,recombination,9825.879157946238,3:3:4:3:2:3:4:4:2,2:3:4:3:2:3:4:4:1,MUTATE
3:3:4:3:2:3:3:4:3:,clone,10338.620484301297,3:3:4:3:2:3:3:4:3
2:3:4:3:2:3:3:4:2:,clone,10218.756287492062,2:3:4:3:2:3:3:4:2
2:2:4:3:2:3:4:4:2:,recombination,10244.302695900255,0:1:4:1:0:4:4:4:0,3:3:4:3:3:3:4:4:3
2:2:4:3:2:3:4:4:2:,recombination,9986.216701749741,1:2:4:3:2:4:4:4:0,2:2:4:3:2:3:4:4:2
2:2:4:2:2:3:4:4:1:,clone,9706.606154588064,2:2:4:3:2:3:4:4:2
2:3:4:3:2:3:3:4:2:,clone,10000.1676327087,2:3:4:3:2:3:3:4:2
2:2:4:2:1:3:4:4:1:,clone,9916.214245584611,2:2:4:2:1:3:4:4:1
1:2:4:2:1:3:4:4:1:,recombination,10137.468275639316,4:4:3:4:4:0:0:1:4,2:2:4:2:2:3:4:4:1
2:2:4:4:3:3:3:4:1:,clone,10483.251728554926,2:2:4:4:3:3:3:4:2
1:2:4:2:0:4:4:4:0:,clone,10599.692244805374,1:2:4:2:0:4:4:4:0
1:2:4:2:2:4:4:4:1:,clone,10658.650812112426,1:2:4:2:2:4:4:4:1
1:2:4:2:2:4:4:4:1:,clone,10393.736167070821,1:2:4:2:2:4:4:4:1
4:4:3:4:4:0:0:2:4:,recombination,9484.418300325933,1:2:4:1:0:4:4:4:0,4:3:4:4:4:1:2:3:4
2:3:4:3:1:4:4:4:2:,recombination,12992.789039552259,1:2:4:3:3:3:3:4:1,4:4:2:4:4:0:0:0:4
4:4:4:4:4:2:2:4:4:,recombination,9221.516236164976,1:2:4:1:0:4:4:4:0,4:4:3:4:4:0:1:2:4
4:4:3:4:4:1:1:3:4:,clone,9026.556211478763,4:4:3:4:4:1:1:3:4
4:3:4:4:4:1:2:4:4:,clone,9271.246971802484,4:3:4:4:4:2:2:4:4
4:4:3:4:4:1:1:3:4:,clone,8826.668434877896,4:4:3:4:4:1:1:3:4
3:3:4:4:4:1:2:4:3:,clone,8703.923135137746,3:3:4:4:4:1:2:4:3
2:3:4:4:3:4:4:4:1:,recombination,11996.15658459271,4:4:4:4:4:3:3:4:3,4:4:2:4:4:2:1:4:4,MUTATE
2:2:4:4:3:2:3:4:2:,recombination,9541.217696580645,4:4:3:4:4:1:1:3:4,2:2:4:3:2:3:3:4:1,MUTATE
2:2:4:3:3:3:3:4:2:,recombination,9668.121449174858,3:3:4:4:4:2:2:2:3,3:3:4:4:4:1:1:2:4
2:2:4:3:3:4:4:4:1:,clone,11754.617774961227,2:2:4:3:3:4:4:4:1
2:2:4:3:3:4:3:4:1:,clone,11466.133861861972,2:2:4:3:3:4:3:4:1
2:2:4:3:3:4:4:4:1:,clone,11571.261978584067,2:2:4:3:3:4:4:4:1
4:4:4:4:4:0:0:2:4:,clone,9493.269732389714,4:4:4:4:4:0:0:2:4
4:4:3:4:4:0:0:2:4:,clone,9463.041265274356,4:4:3:4:4:0:0:2:4
4:4:4:4:4:1:2:4:4:,clone,9178.58290972989,4:4:4:4:4:1:2:4:4
4:4:3:4:4:1:2:2:4:,clone,10890.324650369554,4:4:3:4:4:1:2:2:4
3:3:4:3:3:3:3:4:3:,clone,10411.894933454389,3:3:4:3:3:3:3:4:3
2:3:4:2:1:4:4:4:2:,clone,10826.69315613095,2:3:4:2:1:4:4:4:2
2:3:4:2:2:4:4:4:2:,clone,11253.916043807121,2:3:4:2:2:4:4:4:2
2:3:4:4:3:2:3:4:2:,recombination,10016.612781616514,1:2:4:2:0:4:4:4:0,2:2:4:3:2:3:3:4:1,MUTATE
4:3:3:4:4:2:3:4:4:,recombination,10510.346348231966,1:1:4:1:0:4:4:4:0,4:4:2:4:4:2:2:4:4,MUTATE
2:3:4:4:3:3:3:4:2:,clone,9896.486045834354,2:3:4:4:3:3:3:4:2
2:2:4:3:2:3:4:4:2:,clone,9830.647340721016,2:2:4:3:2:3:4:4:2
2:3:4:3:2:3:3:4:2:,recombination,9775.424928110086,0:1:4:1:0:4:4:4:0,4:4:4:4:4:2:2:2:4
4:4:4:4:4:0:0:0:4:,clone,8573.903841568763,1:2:4:2:1:4:4:4:0
3:3:4:3:2:4:4:4:2:,clone,11212.057292046717,2:2:4:3:2:4:4:4:1
4:3:4:4:4:3:3:4:3:,recombination,10031.24457534316,2:2:4:3:2:3:4:4:2,2:2:4:3:2:4:4:4:1
2:2:4:4:3:3:3:4:1:,recombination,9984.102144372871,1:2:4:2:1:4:4:4:0,1:2:4:2:2:3:4:4:1,MUTATE
2:2:4:1:0:4:4:4:1:,recombination,11462.965977301425,0:1:4:1:0:4:4:4:0,3:3:4:4:3:3:3:4:2,MUTATE
1:2:4:3:3:3:3:4:1:,recombination,10241.130042656736,4:3:4:4:4:2:2:3:4,2:3:4:4:3:3:3:4:2
2:2:4:3:2:3:3:4:1:,recombination,9683.982230094669,3:3:4:4:3:4:4:4:2,2:2:4:4:3:3:3:4:1
3:3:4:4:3:4:4:4:2:,recombination,12146.032542784747,3:3:4:3:2:3:3:4:2,2:2:4:3:2:4:3:4:2,MUTATE
4:4:2:4:4:0:0:1:4:,clone,9348.228381472469,4:4:2:4:4:0:0:1:4
4:4:3:4:4:2:2:4:4:,recombination,9847.773950498613,4:4:2:4:4:0:0:1:4,4:3:4:4:4:3:3:4:4
2:2:4:4:3:3:4:4:2:,recombination,11893.063242792321,4:3:4:4:4:2:3:4:4,2:3:4:4:3:4:3:4:2
2:3:4:4:3:3:4:4:2:,recombination,11854.998311680083,2:3:4:4:3:3:3:4:2,2:2:4:2:2:3:4:4:1,MUTATE
4:4:3:4:4:0:0:2:4:,clone,9385.54050227619,4:4:3:4:4:0:0:2:4
3:3:4:4:3:3:3:4:3:,clone,9868.67190638502,3:3:4:4:3:3:3:4:3
4:3:4:4:4:3:3:4:3:,clone,9895.000528417431,4:3:4:4:4:3:3:4:3
4:3:4:4:4:2:3:4:3:,clone,9700.333240691934,4:3:4:4:4:3:3:4:3
4:4:3:4:4:1:1:4:4:,recombination,9379.420938909027,4:4:3:4:4:1:1:3:4,4:3:4:4:4:2:3:4:4,MUTATE
2:2:4:2:1:4:4:4:1:,recombination,10128.378851007488,4:4:3:4:4:0:1:2:4,2:2:4:3:3:3:3:4:2
1:2:4:3:3:3:3:4:1:,recombination,10223.39905460777,2:3:4:4:4:2:3:4:2,4:3:4:4:4:3:3:4:4
1:2:4:4:3:3:3:4:1:,clone,10060.559969851176,1:2:4:4:3:3:3:4:1
1:2:4:3:3:3:3:4:1:,clone,9716.047090350648,1:2:4:3:3:3:3:4:1
1:2:4:3:2:3:4:4:1:,clone,10182.161614177501,1:2:4:3:2:3:4:4:1
1:2:4:2:1:3:4:4:0:,recombination,10923.479845455755,4:4:3:4:4:3:3:4:4,3:4:4:4:4:1:2:3:4
1:2:4:2:2:3:4:4:1:,clone,9852.80994251514,1:2:4:2:2:3:4:4:1
1:2:4:3:2:3:4:4:1:,clone,10100.320236142557,1:2:4:3:2:3:4:4:1
1:2:4:3:2:3:3:4:1:,recombination,9938.076831887664,2:3:4:4:4:2:3:4:2,3:3:4:4:4:2:3:4:2,MUTATE
1:2:4:3:2:3:4:4:1:,recombination,10049.155882883335,4:4:3:4:4:2:3:4:4,4:4:2:4:4:0:0:0:4
1:2:4:2:1:3:4:4:0:,clone,10238.657240691238,1:2:4:2:1:3:4:4:0
1:2:4:3:2:4:4:4:1:,clone,10510.751456080463,1:2:4:3:2:4:4:4:1
2:3:4:4:3:2:3:4:2:,clone,9922.843229758098,2:3:4:4:3:2:3:4:2
1:2:4:3:1:4:4:4:1:,recombination,11586.37642327992,1:2:4:2:1:4:4:4:0,0:1:4:1:0:4:4:4:0,MUTATE
4:4:1:4:4:0:0:0:4:,clone,9852.284278510786,1:1:4:1:0:4:4:4:0
4:4:1:4:4:0:1:1:4:,recombination,10808.474193106484,4:4:3:4:4:2:2:3:4,4:4:1:4:4:0:0:1:4
4:4:1:4:4:0:0:0:4:,clone,9847.35777904949,4:4:1:4:4:0:0:0:4
4:4:4:4:4:2:3:4:4:,clone,9986.931507466854,4:4:4:4:4:2:3:4:4
4:3:4:4:4:2:3:4:4:,clone,9754.0460543076,4:4:4:4:4:2:3:4:4
4:3:4:4:4:2:3:4:4:,recombination,9645.53225230513,2:2:4:4:3:3:4:4:2,1:2:4:3:3:3:3:4:1,MUTATE
4:4:4:4:4:1:2:3:4:,recombination,9055.103390240974,2:2:4:3:2:3:4:4:2,1:2:4:2:1:4:4:4:0
4:3:3:4:4:2:2:4:4:,recombination,10837.445836553148,3:3:4:4:4:2:2:2:4,2:2:4:3:3:3:4:4:1,MUTATE
4:3:3:4:4:2:2:4:4:,clone,10832.22502640566,4:4:3:4:4:2:2:4:4
1:2:4:2:1:4:4:4:0:,recombination,10170.788730585986,4:3:4:4:4:3:3:4:3,4:4:3:4:4:1:1:3:4
2:2:4:3:3:4:3:4:1:,clone,11427.626751285037,2:2:4:3:3:4:3:4:1
2:2:4:4:3:4:3:4:1:,clone,11444.386958484512,2:2:4:4:3:4:3:4:1
4:4:2:4:4:1:1:2:4:,clone,10326.787725881712,4:4:2:4:4:1:1:2:4
4:4:2:4:4:1:1:2:4:,clone,9940.226561385936,4:4:2:4:4:1:1:2:4
2:2:4:4:2:3:4:4:1:,recombination,13367.976529762875,2:2:4:3:3:3:4:4:1,3:3:4:3:2:4:4:4:2,MUTATE
0:1:4:1:0:4:4:4:0:,clone,10142.316857723856,0:1:4:1:0:4:4:4:0
3:2:4:3:2:3:4:4:2:,recombination,11055.215042368318,0:1:4:1:0:4:4:4:0,2:3:4:4:3:3:4:4:2
3:2:4:3:2:3:3:4:2:,recombination,10635.786301262337,3:3:4:3:3:3:3:4:2,2:2:4:3:2:3:4:4:2
1:2:4:3:1:3:4:4:1:,clone,11971.672756547287,1:2:4:3:1:4:4:4:1
0:1:4:2:1:4:4:4:0:,clone,13203.658615023098,1:1:4:2:1:4:4:4:0
0:1:4:2:1:4:4:4:0:,recombination,13138.138561114525,2:2:4:3:3:3:4:4:1,4:4:4:4:4:2:2:4:4,MUTATE
0:1:4:2:1:4:4:4:0:,clone,13059.463607849637,0:1:4:2:1:4:4:4:0
2:3:4:2:2:4:4:4:2:,clone,10648.683900863338,2:3:4:2:2:4:4:4:2
2:2:4:2:2:4:4:4:2:,clone,10683.761125183939,2:2:4:2:2:4:4:4:2
3:3:4:4:2:4:4:4:2:,clone,12882.567047154213,2:3:4:3:2:4:4:4:2
4:3:3:4:4:3:3:4:3:,clone,10637.84748914599,4:3:3:4:4:3:3:4:4
1:2:4:3:1:3:4:4:1:,recombination,11917.74970030369,2:2:4:2:1:3:4:4:1,2:3:4:4:4:3:3:4:2
2:2:4:4:3:3:4:4:2:,clone,11876.384556454652,2:2:4:4:3:3:4:4:2
3:2:4:4:3:4:4:4:2:,recombination,12031.672208083075,3:4:4:4:4:2:2:2:3,2:3:4:3:1:4:4:4:1
4:4:4:4:4:2:2:3:4:,recombination,9755.388713803433,2:3:4:3:2:3:3:4:2,1:2:4:1:0:4:4:4:1
2:2:4:3:3:4:4:4:2:,clone,11494.536701811376,2:2:4:3:3:4:4:4:2
3:3:4:4:3:4:4:4:2:,recombination,11877.651884489636,3:2:4:3:2:4:4:4:2,2:2:4:4:3:4:4:4:1,MUTATE
1:1:4:2:0:4:4:4:0:,recombination,10806.390700166809,1:2:4:2:0:4:4:4:0,4:3:3:4:4:3:2:4:4
3:3:4:4:3:2:3:4:2:,recombination,10078.028223154639,2:2:4:3:2:4:4:4:1,2:3:4:4:4:2:3:3:2,MUTATE
3:3:4:3:2:3:3:4:2:,clone,10145.792585938985,3:3:4:3:2:3:3:4:2
3:3:4:4:4:3:3:4:2:,clone,10006.654890570186,3:3:4:4:4:3:3:4:2
2:2:4:4:4:3:3:4:2:,recombination,10394.417632097606,0:2:4:1:0:4:4:4:0,2:2:4:3:3:3:4:4:2,MUTATE
2:2:4:3:3:3:3:4:2:,recombination,9661.245192649358,4:4:3:4:4:1:1:4:4,2:2:4:3:1:4:4:4:1
2:3:4:4:3:2:3:4:2:,clone,9480.846653294851,2:3:4:4:3:2:3:4:2
2:3:4:4:3:3:3:4:2:,recombination,9603.73364642554,4:4:4:4:4:2:2:3:4,4:4:4:4:4:1:2:3:4,MUTATE
3:3:4:4:3:2:3:4:2:,clone,9636.351949720583,3:3:4:4:3:2:3:4:3
2:2:4:4:3:2:3:4:2:,recombination,9537.010470693318,0:1:4:1:0:4:4:4:0,2:2:4:3:2:3:4:4:1
2:2:4:4:3:2:3:4:2:,clone,9344.37624859261,2:2:4:4:3:2:3:4:2
1:2:4:2:1:4:4:4:0:,recombination,9805.074086944263,4:4:2:4:4:0:0:0:4,2:2:4:2:1:4:4:4:1
1:2:4:1:0:4:4:4:1:,recombination,10688.97087726502,1:2:4:2:1:4:4:4:0,1:2:4:4:3:3:4:4:1,MUTATE
1:2:4:1:0:4:4:4:1:,clone,10321.919443988047,1:2:4:1:0:4:4:4:1
2:2:4:2:2:4:4:4:1:,clone,10211.27571652115,2:2:4:2:2:4:4:4:1
3:3:4:4:3:4:3:4:2:,recombination,11141.983163550336,0:1:4:1:0:4:4:4:0,3:3:4:4:4:1:2:3:3,MUTATE
2:3:4:3:2:4:3:4:2:,recombination,10794.848178189757,3:3:4:3:2:3:3:4:2,1:1:4:1:0:4:4:4:0
2:2:4:4:3:4:3:4:2:,recombination,10509.893966983433,2:3:4:4:3:3:4:4:2,3:3:4:4:4:2:2:2:4
2:3:4:4:3:4:3:4:2:,clone,10502.462886321346,2:3:4:4:3:4:3:4:2
2:2:4:4:3:4:4:4:2:,recombination,11883.088029637505,4:4:3:4:4:0:1:1:4,3:3:4:4:4:3:3:4:3,MUTATE
4:4:4:4:4:2:1:4:4:,clone,9772.479388820873,4:4:4:4:4:1:1:4:4
3:3:4:4:3:3:4:4:3:,recombination,12133.406533492016,3:3:4:4:3:3:3:4:3,3:3:4:4:4:2:2:2:3
2:2:4:1:0:4:4:4:1:,clone,11271.02365666588,2:2:4:1:0:4:4:4:1
4:4:4:4:4:1:2:2:4:,recombination,9872.963877546998,2:3:4:4:3:3:4:4:2,2:3:4:4:3:3:4:4:2,MUTATE
4:4:4:4:4:1:2:2:4:,recombination,9625.70196036773,4:4:2:4:4:0:0:0:4,2:3:4:4:3:3:4:4:2,MUTATE
4:4:4:4:4:2:3:4:4:,recombination,9958.60811133168,4:4:4:4:4:1:1:2:4,3:3:4:4:4:3:3:4:3,MUTATE
4:4:4:4:4:0:0:1:4:,clone,8502.957512375491,4:4:4:4:4:0:0:1:4
4:3:4:4:4:2:2:4:4:,recombination,8974.20258753668,2:2:4:1:0:4:4:4:1,3:3:4:4:4:3:3:4:3,MUTATE
2:2:4:3:2:4:3:4:2:,clone,10818.445722689961,2:2:4:3:2:4:3:4:2
2:2:4:4:3:4:4:4:2:,clone,11857.124269929864,2:2:4:3:3:4:4:4:2
4:4:3:4:4:0:0:0:4:,recombination,8450.356133159115,0:1:4:1:0:4:4:4:0,4:4:3:4:4:1:1:4:4
4:4:3:4:4:0:1:2:4:,clone,9299.279829291583,4:4:4:4:4:0:1:2:4
4:4:4:4:4:2:2:4:4:,clone,9129.470051227148,4:4:4:4:4:2:2:4:4
4:4:3:4:4:0:1:2:4:,recombination,9208.880076844996,2:2:4:3:2:4:4:4:1,2:2:4:2:2:4:4:4:1
4:4:4:4:4:0:1:3:4:,clone,10509.902563483949,4:4:4:4:4:0:1:3:4
3:2:4:3:2:3:4:4:2:,recombination,10938.584654729293,2:2:4:3:2:4:4:4:2,4:4:3:4:4:0:1:2:4
2:2:4:3:3:4:3:4:1:,clone,10917.995050338139,2:2:4:3:3:4:3:4:1
4:4:2:4:4:1:1:2:4:,recombination,9817.317742632433,3:3:4:3:2:3:3:4:2,4:4:3:4:4:0:0:0:4
4:4:3:4:4:2:2:4:4:,recombination,9782.971298890085,0:2:4:1:0:4:4:4:0,1:2:4:2:0:4:4:4:1,MUTATE
4:3:3:4:4:2:2:4:4:,clone,9840.007616361892,4:3:4:4:4:2:2:4:4
3:3:4:4:4:3:3:4:2:,recombination,9982.630129014568,3:3:4:4:3:3:3:4:2,1:2:4:2:0:4:4:4:0
4:3:3:4:4:1:2:4:4:,clone,9732.660173392882,4:3:3:4:4:1:2:4:4
2:2:4:4:3:3:4:4:1:,clone,12015.864179420663,2:2:4:4:3:3:4:4:1
4:4:3:4:4:2:2:3:4:,clone,10382.459928744844,4:4:3:4:4:2:2:3:4
4:4:4:4:4:2:1:3:4:,clone,10305.549713814273,4:4:4:4:4:2:1:3:4
2:3:4:3:3:4:3:4:2:,clone,10667.552446277308,2:3:4:3:3:4:3:4:2
2:2:4:4:3:3:4:4:1:,recombination,11953.86060804873,3:3:4:3:2:3:4:4:2,2:2:4:2:1:4:4:4:2
2:2:4:2:1:4:4:4:2:,clone,10565.724452918023,2:2:4:2:1:4:4:4:2
2:2:4:2:2:3:4:4:2:,clone,10721.712417969333,2:2:4:2:2:3:4:4:2
0:1:4:2:0:4:4:4:0:,recombination,12592.230221685513,4:4:3:4:4:2:2:3:4,3:2:4:3:2:4:4:4:2,MUTATE
0:1:4:2:0:4:4:4:0:,clone,12521.818655843612,0:1:4:2:0:4:4:4:0
3:3:4:4:3:3:3:4:3:,recombination,9675.340365169039,3:3:4:4:3:4:3:4:2,3:3:4:3:3:3:3:4:3,MUTATE
4:3:4:4:4:2:3:4:4:,recombination,9578.0806368296,4:4:3:4:4:0:0:0:4,0:1:4:1:0:4:4:4:0,MUTATE
2:3:4:4:3:3:3:4:2:,recombination,9522.360849662658,3:3:4:4:3:3:3:4:3,2:3:4:4:4:2:3:3:2
2:2:4:3:2:3:3:4:1:,recombination,9377.643268858154,3:3:4:4:4:2:3:4:2,2:2:4:3:2:3:3:4:1
2:2:4:3:2:3:4:4:1:,clone,9440.809235604356,2:2:4:3:2:3:3:4:1
1:2:4:3:2:3:4:4:1:,clone,9402.189749700685,1:2:4:3:2:3:4:4:1
2:2:4:4:3:3:3:4:2:,recombination,9409.700353940925,4:4:4:4:4:1:2:3:4,0:1:4:2:1:4:4:4:0
1:2:4:2:2:3:4:4:1:,recombination,9724.772767128967,4:4:3:4:4:1:1:3:4,1:2:4:3:2:3:4:4:1,MUTATE
2:2:4:2:1:4:4:4:1:,recombination,10049.330733105002,2:2:4:4:2:4:4:4:1,1:2:4:3:2:3:4:4:1
1:2:4:2:2:3:4:4:1:,clone,9516.22301731226,1:2:4:2:2:3:4:4:1
2:2:4:3:1:4:4:4:1:,recombination,11574.59177269862,3:3:4:4:4:1:3:3:3,3:3:4:3:2:3:4:4:2
4:4:2:4:4:1:1:1:4:,recombination,11582.314509528323,4:4:2:4:4:1:2:4:4,0:1:4:1:0:4:4:4:0,MUTATE
4:4:1:4:4:0:1:2:4:,recombination,11024.297899120187,4:4:2:4:4:1:2:4:4,1:1:4:2:0:4:4:4:0
4:4:1:4:4:0:1:2:4:,clone,10752.02168154013,4:4:1:4:4:0:0:2:4
3:3:4:4:3:3:4:4:2:,recombination,11837.732604319293,4:4:2:4:4:0:0:0:4,4:4:4:4:4:0:0:1:4,MUTATE
4:4:1:4:4:1:1:2:4:,recombination,10725.187829677287,4:4:2:4:4:1:2:4:4,1:2:4:1:0:4:4:4:1,MUTATE
4:4:1:4:4:1:1:2:4:,clone,10533.840539343983,4:4:1:4:4:1:1:2:4
4:4:1:4:4:1:1:2:4:,clone,10393.471746557561,4:4:1:4:4:1:1:2:4
0:1:4:2:0:4:4:4:0:,clone,12205.68980482583,0:1:4:2:0:4:4:4:0
0:1:4:2:0:4:4:4:0:,clone,12138.005795860094,0:1:4:2:0:4:4:4:0
4:4:2:4:4:0:1:2:4:,clone,9703.425096490622,4:4:2:4:4:0:1:2:4
3:3:4:3:3:3:4:4:2:,clone,11498.550314804523,3:3:4:3:3:3:4:4:2
4:4:3:4:4:2:2:3:4:,clone,10180.996888738087,4:4:3:4:4:2:2:3:4
4:4:3:4:4:0:0:2:4:,clone,9092.161333578011,4:4:3:4:4:0:0:2:4
4:4:3:4:4:1:1:2:4:,clone,8958.607886299535,4:4:4:4:4:1:1:2:4
4:4:3:4:4:1:2:3:4:,clone,9962.670167144965,4:4:3:4:4:1:1:3:4
4:4:3:4:4:1:2:3:4:,recombination,9962.670167144963,4:4:4:4:4:0:0:1:4,4:4:3:4:4:1:1:2:4,MUTATE
4:4:4:4:4:0:1:2:4:,clone,8824.374897720163,4:4:4:4:4:0:1:2:4
3:2:4:3:2:3:3:4:2:,clone,10470.785831650692,3:2:4:3:2:3:3:4:2
4:4:3:4:4:3:3:4:4:,recombination,11022.249370544901,2:3:4:4:3:4:3:4:2,2:2:4:3:2:4:4:4:1,MUTATE
2:3:4:3:3:2:3:4:2:,clone,10022.17097427591,2:3:4:3:3:2:3:4:2
2:3:4:3:3:2:3:4:2:,recombination,9887.472125847724,1:1:4:1:0:4:4:4:0,0:2:4:1:0:4:4:4:0,MUTATE
