4:3:4:4:4:2:2:4:4:,initialisation,3961.8237943069407,
4:3:4:4:4:1:2:4:4:,initialisation,3789.7949711205633,
4:3:4:4:4:2:2:4:4:,initialisation,3283.6969514290154,
4:3:4:4:4:2:3:4:4:,initialisation,4281.435206800254,
4:3:4:4:4:2:3:4:4:,initialisation,3926.6301334693776,
4:4:4:4:4:2:2:4:4:,initialisation,3749.8247786104066,
4:3:3:4:4:2:2:4:4:,initialisation,3283.696951429015,
4:3:4:4:4:1:2:4:4:,initialisation,3259.6985738680837,
4:2:4:4:4:2:3:4:4:,initialisation,4946.689165689256,
4:3:4:4:4:1:2:3:4:,initialisation,4552.050199000974,
4:4:4:4:4:1:1:4:4:,initialisation,3315.368329613634,
4:3:4:4:4:2:3:4:4:,initialisation,3819.195918014497,
4:3:4:4:4:2:3:4:4:,initialisation,3283.6969514290154,
4:3:4:4:4:1:1:4:4:,initialisation,3301.533196504221,
4:4:4:4:4:1:2:4:4:,initialisation,3922.433226566602,
4:4:4:4:4:1:2:4:4:,initialisation,3617.2212822376455,
4:2:4:4:4:3:3:4:4:,initialisation,4230.916287802939,
4:4:4:4:4:1:1:3:4:,initialisation,3691.1120314477275,
4:3:4:4:4:3:3:4:4:,initialisation,4003.403152331287,
4:2:4:4:4:2:3:4:4:,initialisation,4095.7461112139904,
4:2:4:4:4:2:3:4:4:,initialisation,3906.0576716664227,
4:3:4:4:4:1:3:4:4:,initialisation,3971.004615747071,
4:3:4:4:4:1:2:3:4:,initialisation,3702.960258031853,
4:2:4:4:4:2:3:4:4:,initialisation,3724.429511649684,
4:4:3:4:4:2:2:4:4:,initialisation,3283.696951429016,
4:4:3:4:4:2:2:4:4:,initialisation,3283.696951429015,
4:2:4:4:4:3:3:4:4:,initialisation,3731.197405279588,
4:4:4:4:4:1:2:4:4:,initialisation,3527.3602638083603,
4:3:4:4:4:0:1:1:4:,initialisation,3605.0145552487725,
4:4:4:4:4:2:3:4:4:,initialisation,3415.5562005673437,
4:4:4:4:4:2:2:4:4:,initialisation,3696.631698536106,
4:3:4:4:4:3:3:4:4:,initialisation,3815.2314304689426,
4:4:4:4:4:2:2:4:4:,initialisation,3544.090133410807,
4:4:3:4:4:3:2:4:4:,initialisation,3283.696951429015,
4:3:4:4:4:3:3:4:4:,initialisation,3283.696951429015,
4:4:4:4:4:2:2:4:4:,initialisation,3282.2947263604215,
4:3:4:4:4:3:3:4:4:,initialisation,3283.6969514290145,
4:3:4:4:4:3:2:4:4:,initialisation,3283.6969514290154,
4:4:3:4:4:1:2:4:4:,initialisation,3283.6969514290163,
4:4:3:4:4:1:1:4:4:,initialisation,3283.6969514290154,
4:4:4:4:4:1:2:3:4:,initialisation,3948.89867807478,
4:4:3:4:4:1:2:4:4:,initialisation,3283.6969514290154,
4:4:4:4:4:1:2:4:4:,initialisation,3426.4373896648153,
4:2:4:4:4:3:3:4:4:,initialisation,3714.2831115920158,
4:3:4:4:4:1:1:4:4:,initialisation,3117.7930642402052,
4:4:3:4:4:2:2:4:4:,initialisation,3283.6969514290145,
4:4:3:4:4:1:2:4:4:,initialisation,3262.975336355224,
4:4:4:4:4:1:2:4:4:,initialisation,3396.3423907604433,
4:3:4:4:4:2:2:4:4:,initialisation,3238.51856573587,
4:4:3:4:4:2:1:4:4:,initialisation,3283.6969514290145,
4:4:4:4:4:1:2:4:4:,initialisation,3301.4182290979616,
4:4:4:4:4:2:2:4:4:,initialisation,3257.961444208527,
4:4:4:4:4:1:1:4:4:,initialisation,3185.359905325578,
4:2:4:4:4:2:3:4:4:,initialisation,3521.4141135711307,
4:4:4:4:4:1:2:4:4:,initialisation,3270.44571055979,
3:2:4:4:4:3:3:4:3:,initialisation,5468.677101858564,
4:3:4:4:4:2:2:4:4:,initialisation,3180.722627492553,
4:4:3:4:4:2:2:4:4:,initialisation,3283.696951429014,
4:2:4:4:4:1:2:4:4:,initialisation,3964.7978871924793,
4:4:3:4:4:2:2:4:4:,initialisation,3262.961226823952,
4:2:4:4:4:3:4:4:4:,initialisation,5654.872695771508,
4:2:4:4:4:3:4:4:4:,initialisation,4381.039142595581,
1:1:4:2:0:4:4:4:0:,initialisation,4285.729947132938,
4:2:4:4:4:2:3:3:4:,initialisation,4958.539389184882,
3:2:4:4:4:3:4:4:2:,initialisation,4967.010799492666,
4:4:4:4:4:1:1:4:4:,initialisation,3183.8244903296427,
4:4:4:4:4:1:1:4:4:,initialisation,3151.726966934264,
4:4:4:4:4:2:1:4:4:,initialisation,3615.320036202176,
4:3:4:4:4:1:1:3:4:,initialisation,3436.097545932713,
4:2:4:4:4:3:3:4:4:,initialisation,3612.8145286516633,
4:3:4:4:4:3:4:4:4:,initialisation,4784.871099787514,
3:2:4:4:4:2:3:4:3:,initialisation,4692.091478427985,
4:4:4:4:4:2:2:4:4:,initialisation,3240.7139151922397,
3:2:4:4:4:2:3:4:3:,initialisation,4365.358497547143,
4:3:4:4:4:1:2:2:4:,initialisation,3891.207245900333,
4:3:4:4:4:1:3:4:4:,initialisation,3729.276006970552,
4:3:4:4:4:1:2:3:4:,initialisation,3605.804239372734,
4:4:4:4:4:0:1:4:4:,initialisation,3089.7900504226386,
4:4:4:4:4:1:2:2:4:,initialisation,3913.5081931553027,
4:3:4:4:4:3:4:4:4:,initialisation,4493.684393812381,
3:2:4:4:4:3:3:4:3:,initialisation,4957.207309560388,
4:4:4:4:4:2:1:4:4:,initialisation,3232.335762751118,
4:3:4:4:4:1:2:3:4:,initialisation,3555.332110941892,
3:2:4:4:4:3:4:4:3:,initialisation,4672.416710418429,
4:2:4:4:4:3:4:4:4:,initialisation,4167.786020829448,
4:4:4:4:4:1:1:3:4:,initialisation,3623.674476438014,
4:3:4:4:4:2:2:4:4:,initialisation,3098.2832243306316,
4:4:2:4:4:2:1:4:4:,initialisation,3283.6969514290154,
4:4:4:4:4:1:1:3:4:,initialisation,3575.4823691469505,
4:4:4:4:4:1:1:3:4:,initialisation,3479.363249939786,
4:4:4:4:4:1:1:4:4:,initialisation,3135.9385376661216,
3:2:4:4:4:3:4:4:2:,initialisation,4728.9883997648185,
4:4:4:4:4:1:2:4:4:,initialisation,3165.323921902975,
4:3:4:4:4:2:3:4:4:,initialisation,3283.6969514290145,
4:2:4:4:4:2:3:4:3:,initialisation,4665.0488342191575,
4:2:4:4:4:2:2:4:4:,initialisation,3691.9114404017896,
3:2:4:4:3:3:4:4:2:,initialisation,5387.212041430503,
4:2:4:4:4:3:3:4:4:,initialisation,3607.8573462623976,
4:2:4:4:4:1:3:4:4:,initialisation,4768.393955068193,
4:3:4:4:4:2:4:4:4:,initialisation,5092.818292794084,
4:4:3:4:4:1:1:4:4:,initialisation,3283.6969514290145,
4:4:3:4:4:1:2:4:4:,initialisation,3250.029169917876,
4:4:4:4:4:1:1:4:4:,initialisation,3009.4723861298676,
4:2:4:4:4:3:4:4:3:,initialisation,5335.517088678786,
4:4:4:4:4:2:2:4:4:,initialisation,3199.2732992963815,
4:2:4:4:4:3:3:4:4:,initialisation,3510.28864107394,
4:4:4:4:4:0:0:0:4:,initialisation,3264.7947254674164,
4:2:4:4:4:3:2:4:4:,initialisation,3981.455350716327,
4:3:4:4:4:1:1:4:4:,initialisation,3099.5504412893088,
4:4:2:4:4:2:1:4:4:,initialisation,3274.894596518948,
4:4:2:4:4:1:1:4:4:,initialisation,3283.696951429016,
4:3:4:4:4:1:1:3:4:,initialisation,3269.3565371954073,
4:3:4:4:4:3:2:4:4:,initialisation,3283.696951429015,
4:3:4:4:4:2:1:4:4:,initialisation,3408.5479303805864,
4:4:4:4:4:1:1:3:4:,initialisation,3367.1769451425766,
4:3:3:4:4:2:2:4:4:,initialisation,3281.1947038123203,
4:4:4:4:4:1:1:4:4:,initialisation,2971.380450151886,
4:3:4:4:4:2:3:3:4:,initialisation,4990.546889303847,
4:4:3:4:4:2:1:4:4:,initialisation,3270.8051102247455,
3:2:4:4:4:3:3:4:3:,initialisation,4725.358127445975,
4:3:4:4:4:1:2:4:4:,initialisation,3051.8615574359183,
4:2:4:4:4:1:2:4:4:,initialisation,3876.1087638479794,
4:4:3:4:4:1:1:4:4:,initialisation,3266.2853207848293,
4:2:4:4:4:2:3:3:4:,initialisation,4652.431987627775,
4:4:4:4:4:1:2:3:4:,initialisation,3701.305959014258,
4:3:4:4:4:3:2:4:4:,initialisation,3283.6969514290145,
4:4:4:4:4:2:1:4:4:,initialisation,3227.160795424625,
4:3:3:4:4:2:2:4:4:,initialisation,3249.9585800668806,
4:3:4:4:4:1:1:2:4:,initialisation,3656.622677717955,
4:2:4:4:4:4:4:4:4:,initialisation,4064.5467931313333,
4:4:3:4:4:2:1:4:4:,initialisation,3239.1121610591044,
4:2:4:4:4:3:3:4:3:,initialisation,4561.432438285677,
4:4:4:4:4:1:3:4:4:,initialisation,4368.310099915251,
4:4:4:4:4:2:1:4:4:,initialisation,3210.602666577367,
4:3:4:4:4:2:3:4:4:,initialisation,3162.4446504379125,
4:3:3:4:4:3:2:4:4:,initialisation,3283.6969514290163,
4:4:2:4:4:1:1:4:4:,initialisation,3283.6969514290154,
4:3:4:4:4:2:2:3:4:,initialisation,4598.2117445989015,
4:4:2:4:4:1:1:4:4:,initialisation,3283.6969514290145,
4:2:4:4:4:4:4:4:3:,initialisation,4400.366156142828,
4:4:3:4:4:3:2:4:4:,initialisation,3283.6969514290145,
4:4:4:4:4:2:2:4:4:,initialisation,3189.3819245975333,
4:3:4:4:4:0:1:1:4:,initialisation,3530.142758065002,
4:4:4:4:4:3:2:4:4:,initialisation,4451.858544100123,
4:3:4:4:4:0:1:1:4:,initialisation,3444.3556596743115,
4:2:4:4:4:3:4:4:4:,initialisation,4159.749501397155,
1:1:4:2:0:4:4:4:0:,initialisation,4231.266906500677,
4:2:4:4:4:1:2:4:4:,initialisation,3807.2111161189323,
4:3:4:4:4:2:2:4:4:,initialisation,3068.6591563020547,
3:2:4:4:4:3:4:4:2:,initialisation,4503.001529354372,
4:3:4:4:4:2:2:3:4:,initialisation,4580.371072874323,
4:3:3:4:4:3:2:4:4:,initialisation,3283.696951429015,
4:3:4:4:4:0:1:3:4:,initialisation,3704.9692537557216,
4:3:4:4:4:2:2:3:4:,initialisation,4443.6827221036165,
4:3:4:4:4:0:0:0:4:,initialisation,3189.391507683164,
4:3:4:4:4:0:1:2:4:,initialisation,3462.3643602542847,
4:4:4:4:4:0:0:2:4:,initialisation,3187.2478241680165,
4:4:1:4:4:0:0:0:4:,initialisation,3283.6969514290145,
4:3:4:4:4:3:2:4:4:,initialisation,3257.961444208527,
4:4:4:4:4:0:0:3:4:,initialisation,3137.5815323737156,
2:2:4:4:1:4:4:4:2:,initialisation,5560.116707237201,
4:4:4:4:4:0:1:3:4:,initialisation,3478.3261621952875,
4:4:3:4:4:2:2:4:4:,initialisation,3244.8902435796012,
4:4:4:4:4:2:2:4:4:,initialisation,3038.8004096722348,
4:2:4:4:4:4:3:4:4:,initialisation,3283.6969514290154,
4:3:4:4:4:2:3:3:4:,initialisation,4578.648603963383,
4:2:4:4:4:3:3:4:4:,initialisation,3503.0003705997515,
4:2:4:4:4:3:3:4:4:,initialisation,3283.6969514290154,
4:3:3:4:4:3:2:4:4:,initialisation,3283.6969514290145,
4:4:4:4:4:1:2:4:4:,initialisation,3148.99466805144,
4:3:4:4:4:3:3:4:4:,initialisation,3217.8080061437217,
4:3:4:4:4:1:1:2:4:,initialisation,3643.7004703205657,
2:2:4:4:4:3:4:4:2:,initialisation,5707.454195314178,
4:4:4:4:4:2:1:4:4:,initialisation,3192.979750683911,
4:3:4:4:4:0:1:2:4:,initialisation,3210.548622907193,
4:2:4:4:4:2:4:4:4:,initialisation,5229.874700033388,
4:2:4:4:4:3:4:4:4:,initialisation,3987.9133915186417,
4:3:4:4:4:2:3:3:4:,initialisation,4298.776053697324,
4:4:4:4:4:1:1:3:4:,initialisation,3324.635422368007,
4:3:4:4:4:1:2:2:4:,initialisation,3654.8139602077463,
4:3:4:4:4:2:2:4:4:,initialisation,3057.6903813368403,
4:3:4:4:4:2:2:4:4:,initialisation,3024.360612897925,
4:4:4:4:4:0:0:1:4:,initialisation,3024.977676399545,
3:2:4:4:4:4:4:4:3:,initialisation,5551.430604059538,
4:3:4:4:4:2:1:4:4:,initialisation,3181.4362785723765,
4:3:4:4:4:1:1:1:4:,initialisation,3563.3831307094583,
3:2:4:4:4:3:3:4:3:,initialisation,4201.89650133665,
4:4:3:4:4:1:1:4:4:,recombination,3205.0024181447598,4:3:4:4:4:2:2:4:4,4:4:2:4:4:1:1:4:4,MUTATE
3:2:4:4:4:3:4:4:2:,recombination,4466.847334508971,1:1:4:2:0:4:4:4:0,4:3:4:4:4:1:2:2:4
4:2:4:4:4:3:4:4:4:,clone,3852.9605722173574,4:2:4:4:4:4:4:4:4
3:2:4:4:4:4:4:4:3:,recombination,5249.866479592805,4:2:4:4:4:4:3:4:4,3:2:4:4:4:4:4:4:3,MUTATE
4:3:4:4:4:3:2:4:4:,recombination,3227.7415967626125,4:3:4:4:4:3:2:4:4,4:3:4:4:4:2:3:4:4,MUTATE
4:4:4:4:4:0:1:2:4:,recombination,3302.4499054097782,4:4:4:4:4:0:0:3:4,4:3:4:4:4:0:1:1:4,MUTATE
4:2:4:4:4:4:4:4:3:,clone,4253.448282193625,4:2:4:4:4:4:4:4:3
4:4:4:4:4:1:2:4:4:,recombination,3088.355067909771,4:4:4:4:4:1:2:4:4,4:4:4:4:4:1:2:4:4,MUTATE
4:2:4:4:4:2:3:3:4:,clone,4555.278368883525,4:2:4:4:4:2:3:4:4
4:2:4:4:4:3:4:4:4:,clone,3760.0672482204254,4:2:4:4:4:3:4:4:4
4:4:4:4:4:1:1:3:4:,clone,3299.93458791862,4:4:4:4:4:1:1:3:4
4:4:4:4:4:0:1:3:4:,recombination,2863.751077850371,4:3:4:4:4:0:1:2:4,4:3:4:4:4:2:2:4:4
4:3:4:4:4:2:2:4:4:,clone,3013.9033764023125,4:3:4:4:4:2:2:4:4
3:2:4:4:2:3:4:4:2:,recombination,5249.36006660755,2:2:4:4:1:4:4:4:2,4:4:4:4:4:0:1:3:4,MUTATE
4:3:4:4:4:3:2:4:4:,clone,3167.1019966209437,4:3:4:4:4:3:2:4:4
4:3:4:4:4:0:0:1:4:,clone,3189.391507683164,4:3:4:4:4:0:0:0:4
4:3:4:4:4:3:3:4:4:,recombination,3212.4510241448484,4:4:4:4:4:1:2:4:4,4:3:4:4:4:3:3:4:4,MUTATE
4:3:4:4:4:2:2:4:4:,clone,2999.1733334048663,4:3:4:4:4:2:2:4:4
4:3:4:4:4:2:1:4:4:,recombination,3126.045987819559,4:3:4:4:4:1:1:4:4,4:2:4:4:4:3:4:4:4
4:3:4:4:4:2:2:4:4:,clone,2945.2654856671743,4:3:4:4:4:2:2:4:4
4:4:2:4:4:1:1:4:4:,recombination,3278.33996943014,4:3:4:4:4:3:3:4:4,4:4:2:4:4:1:1:4:4,MUTATE
4:3:4:4:4:2:2:4:4:,clone,2928.061129059636,4:3:4:4:4:2:2:4:4
4:3:4:4:4:3:3:4:4:,recombination,3212.451024144848,4:3:4:4:4:3:3:4:4,4:3:4:4:4:3:3:4:4,MUTATE
4:3:4:4:4:3:3:4:4:,clone,3103.1809748159394,4:3:4:4:4:3:2:4:4
4:2:4:4:4:4:4:4:4:,recombination,3784.9622676748386,4:4:4:4:4:2:1:4:4,4:2:4:4:4:3:4:4:4,MUTATE
4:2:4:4:4:2:3:4:4:,recombination,3416.0828557359373,4:2:4:4:4:3:3:4:4,4:4:4:4:4:1:2:4:4
4:3:4:4:4:1:1:2:4:,clone,3564.7076960550744,4:3:4:4:4:1:2:2:4
3:1:4:4:3:4:4:4:2:,recombination,4904.693647703505,3:2:4:4:4:3:4:4:2,4:4:4:4:4:1:1:3:4
4:3:4:4:4:2:2:4:4:,clone,2887.9117794752833,4:3:4:4:4:2:2:4:4
4:2:4:4:4:2:2:4:4:,recombination,3264.370249914101,4:2:4:4:4:3:3:4:4,4:2:4:4:4:3:4:4:3,MUTATE
4:4:4:4:4:1:3:4:4:,clone,4358.368661303383,4:4:4:4:4:1:3:4:4
3:2:4:4:4:3:4:4:3:,clone,4606.424719719075,4:2:4:4:4:3:3:4:3
4:2:4:4:4:3:3:4:4:,recombination,3160.639473567604,4:2:4:4:4:2:3:4:4,4:3:4:4:4:3:3:4:4,MUTATE
3:2:4:4:4:3:4:4:2:,clone,4445.976806516547,3:2:4:4:4:3:4:4:2
3:2:4:4:3:4:4:4:2:,recombination,4557.447174238209,4:2:4:4:4:3:4:4:4,3:2:4:4:4:3:3:4:3,MUTATE
4:3:4:4:4:0:1:1:4:,clone,3383.535223416004,4:3:4:4:4:0:1:1:4
4:3:4:4:4:1:2:4:4:,recombination,2960.6460699822464,4:3:4:4:4:2:2:4:4,4:3:4:4:4:0:1:1:4,MUTATE
3:2:4:4:4:3:4:4:2:,clone,4418.606301527305,3:2:4:4:4:3:4:4:2
3:2:4:4:4:4:4:4:3:,clone,5238.072608096414,3:2:4:4:4:4:4:4:3
4:4:4:4:4:0:0:2:4:,clone,3174.045378891194,4:4:4:4:4:0:0:2:4
4:3:4:4:4:0:1:3:4:,recombination,3269.3565371954073,4:3:4:4:4:1:1:3:4,3:2:4:4:4:3:4:4:3
4:4:4:4:4:1:1:4:4:,recombination,2911.3139105932264,4:3:4:4:4:0:1:2:4,4:4:3:4:4:2:2:4:4,MUTATE
4:3:4:4:4:2:2:4:4:,recombination,2884.122369427816,4:3:4:4:4:2:2:4:4,4:3:3:4:4:2:2:4:4
4:4:4:4:4:1:1:4:4:,clone,2863.751077850371,4:4:4:4:4:0:1:3:4
3:2:4:4:4:3:3:4:2:,recombination,4019.35427409888,3:2:4:4:4:3:3:4:3,3:2:4:4:4:3:4:4:2
4:3:3:4:4:2:2:4:4:,clone,3244.8902435796012,4:3:3:4:4:2:2:4:4
3:2:4:4:4:4:4:4:3:,recombination,5214.439344795883,4:3:4:4:4:1:2:3:4,3:2:4:4:4:4:4:4:3,MUTATE
4:3:4:4:4:1:2:2:4:,recombination,3635.1900133950912,4:3:4:4:4:1:2:2:4,4:4:4:4:4:1:1:3:4
4:3:4:4:4:1:1:3:4:,clone,3260.7831058980973,4:3:4:4:4:1:1:3:4
4:4:4:4:4:1:1:2:4:,recombination,4086.377890931255,4:4:1:4:4:0:0:0:4,4:3:4:4:4:2:2:3:4,MUTATE
4:4:4:4:4:0:0:3:4:,recombination,3097.2364517950136,4:3:3:4:4:2:2:4:4,4:4:4:4:4:0:1:3:4,MUTATE
4:4:4:4:4:1:1:2:4:,clone,3963.950493229331,4:4:4:4:4:1:1:2:4
4:4:4:4:4:1:1:4:4:,recombination,2838.9492054086227,4:4:4:4:4:1:1:4:4,4:4:3:4:4:1:2:4:4,MUTATE
4:4:4:4:4:0:0:1:4:,clone,2990.429475431404,4:4:4:4:4:0:0:1:4
4:3:4:4:4:1:1:3:4:,clone,3237.4638875682867,4:3:4:4:4:1:1:3:4
4:2:4:4:4:4:4:4:3:,clone,4124.895261952396,4:2:4:4:4:4:4:4:3
2:2:4:3:1:4:4:4:1:,recombination,4779.285596218638,2:2:4:4:1:4:4:4:2,1:1:4:2:0:4:4:4:0
4:4:4:4:4:2:2:4:4:,recombination,2899.829991476634,4:3:4:4:4:2:2:4:4,4:4:4:4:4:2:1:4:4
4:4:4:4:4:0:0:2:4:,recombination,2990.429475431404,4:3:4:4:4:2:2:4:4,4:4:4:4:4:0:0:1:4,MUTATE
4:3:4:4:4:1:1:2:4:,recombination,3437.38390903252,4:3:4:4:4:0:0:1:4,4:2:4:4:4:3:3:4:3
4:2:4:4:4:3:3:4:3:,clone,3855.0448643997297,3:2:4:4:4:3:3:4:3
4:4:4:4:4:1:1:4:4:,clone,2811.0795332681046,4:4:4:4:4:1:1:4:4
4:3:4:4:4:1:3:4:4:,clone,3704.987753995444,4:3:4:4:4:1:3:4:4
4:2:4:4:4:3:4:4:4:,recombination,3555.877618799027,4:2:4:4:4:4:4:4:4,4:3:4:4:4:1:3:4:4,MUTATE
4:4:3:4:4:1:2:4:4:,clone,3213.3436234078185,4:4:3:4:4:1:1:4:4
2:2:4:4:2:4:4:4:1:,recombination,4572.714825443659,3:2:4:4:4:3:4:4:2,3:2:4:4:3:3:4:4:2,MUTATE
3:1:4:4:2:4:4:4:2:,recombination,4478.461967685029,3:2:4:4:4:3:4:4:2,4:3:4:4:4:3:3:4:4,MUTATE
4:3:4:4:4:0:1:3:4:,recombination,3033.6290709219693,4:3:4:4:4:0:1:2:4,4:3:3:4:4:2:2:4:4
4:4:4:4:4:0:1:2:4:,clone,3260.985745857374,4:4:4:4:4:0:1:2:4
4:2:4:4:3:4:4:4:3:,clone,4155.5116484922655,4:2:4:4:4:4:4:4:3
3:2:4:4:4:3:4:4:2:,clone,4392.946007131993,3:2:4:4:4:3:4:4:2
3:2:4:4:3:3:4:4:2:,recombination,5246.403872002753,4:3:3:4:4:3:2:4:4,3:2:4:4:3:3:4:4:2
4:4:4:4:4:0:1:3:4:,clone,2808.395240370712,4:4:4:4:4:1:1:4:4
3:2:4:4:4:3:4:4:2:,clone,4194.4745131113,3:2:4:4:4:3:4:4:2
4:3:4:4:4:0:1:1:4:,clone,3327.1955294107956,4:3:4:4:4:0:0:1:4
4:4:4:4:4:1:2:4:4:,clone,3074.355688033988,4:3:4:4:4:1:2:4:4
4:4:3:4:4:0:0:1:4:,recombination,3352.4732888704793,4:4:1:4:4:0:0:0:4,4:4:4:4:4:2:2:4:4,MUTATE
4:4:4:4:4:1:1:3:4:,recombination,3231.700972969605,4:3:4:4:4:2:2:4:4,4:4:4:4:4:0:1:2:4
4:4:4:4:4:1:1:2:4:,clone,3963.0133723112162,4:4:4:4:4:1:1:2:4
3:2:4:4:4:3:3:4:3:,recombination,3855.0448643997297,4:2:4:4:4:3:3:4:3,4:2:4:4:4:2:2:4:4
4:2:4:4:3:4:4:4:3:,clone,4116.362368547767,4:2:4:4:4:4:4:4:3
4:3:4:4:4:3:3:4:4:,recombination,3030.1742684891055,4:3:4:4:4:2:2:4:4,4:4:3:4:4:2:2:4:4,MUTATE
4:2:4:4:3:3:4:4:4:,recombination,4541.684341861639,2:2:4:3:1:4:4:4:1,4:3:4:4:4:2:3:4:4,MUTATE
3:2:4:4:3:3:4:4:3:,recombination,5172.126841170054,3:2:4:4:3:3:4:4:2,3:2:4:4:4:3:4:4:2
4:4:4:4:4:0:0:3:4:,recombination,2808.395240370712,4:4:4:4:4:0:1:3:4,4:3:4:4:4:1:3:4:4
4:3:4:4:4:0:1:2:4:,clone,3203.065262049437,4:3:4:4:4:0:1:2:4
4:2:4:4:4:4:4:4:4:,clone,3770.873778233043,4:2:4:4:4:4:4:4:4
3:2:4:4:4:3:4:4:3:,recombination,4552.322856702113,4:4:4:4:4:0:1:2:4,3:2:4:4:3:3:4:4:2,MUTATE
4:2:4:4:4:3:3:4:3:,recombination,3829.704501455922,3:2:4:4:4:3:3:4:2,4:2:4:4:4:3:3:4:4
4:4:4:4:4:0:0:2:4:,recombination,2852.132997904422,4:4:4:4:4:1:1:4:4,4:3:4:4:4:0:1:3:4
3:2:4:4:3:4:4:4:2:,recombination,4346.833846338657,3:2:4:4:4:3:4:4:2,3:2:4:4:4:4:4:4:3
4:4:4:4:4:1:1:4:4:,recombination,2811.079533268104,4:4:4:4:4:1:1:4:4,4:3:3:4:4:3:2:4:4
4:3:4:4:4:1:1:4:4:,recombination,2935.556338501328,4:4:4:4:4:1:1:4:4,3:1:4:4:2:4:4:4:2
4:4:4:4:4:1:1:2:4:,clone,3826.088179074833,4:4:4:4:4:1:1:2:4
4:3:4:4:4:1:1:4:4:,recombination,2922.6770563760574,4:4:4:4:4:1:2:4:4,4:4:4:4:4:1:2:2:4,MUTATE
3:1:4:4:2:4:4:4:2:,recombination,4052.741154203356,3:2:4:4:4:3:4:4:2,4:2:4:4:4:4:4:4:3
4:2:4:4:3:4:4:4:4:,clone,3771.9269222684047,4:2:4:4:4:3:4:4:4
4:4:4:4:4:1:1:4:4:,clone,2799.3357877712533,4:4:4:4:4:1:1:4:4
4:4:3:4:4:2:1:4:4:,recombination,3236.344346031665,4:4:2:4:4:2:1:4:4,4:3:4:4:4:2:2:4:4,MUTATE
4:3:4:4:4:1:1:3:4:,recombination,3180.5504495413315,4:4:4:4:4:0:0:2:4,4:3:4:4:4:1:2:2:4,MUTATE
4:2:4:4:3:4:4:4:3:,recombination,3894.84958474311,4:2:4:4:4:4:4:4:4,3:2:4:4:4:3:3:4:3
4:4:4:4:4:1:1:2:4:,clone,3798.078759235595,4:4:4:4:4:1:1:2:4
4:2:4:4:4:3:4:4:3:,recombination,4432.707091333478,4:3:4:4:4:1:1:2:4,3:2:4:4:3:3:4:4:2
3:2:4:4:3:3:4:4:3:,recombination,4932.12595799058,2:2:4:3:1:4:4:4:1,4:3:4:4:4:0:1:1:4
4:3:4:4:4:0:1:1:4:,recombination,3313.0648300202597,4:3:4:4:4:0:1:1:4,4:3:4:4:4:0:1:1:4,MUTATE
4:3:4:4:4:2:1:4:4:,recombination,2902.927874022667,3:2:4:4:4:3:3:4:3,4:4:4:4:4:2:2:4:4,MUTATE
4:4:4:4:4:1:1:4:4:,clone,2790.445548561722,4:4:4:4:4:1:1:4:4
4:4:4:4:4:1:2:2:4:,clone,3899.0278849930787,4:4:4:4:4:1:2:3:4
2:2:4:4:1:4:4:4:1:,clone,4770.901845508039,2:2:4:3:1:4:4:4:1
4:4:4:4:4:1:1:3:4:,clone,2991.4346395996986,4:4:4:4:4:0:0:3:4
4:4:4:4:4:2:1:4:4:,recombination,3101.9467393098644,4:4:3:4:4:2:1:4:4,4:4:4:4:4:1:2:4:4
3:2:4:4:4:4:4:4:2:,clone,4371.664607471519,3:2:4:4:4:3:4:4:2
4:2:4:3:1:4:4:4:3:,recombination,4037.9363915559393,4:2:4:4:4:3:3:4:4,4:2:4:4:4:3:4:4:4,MUTATE
3:1:4:3:1:4:4:4:2:,clone,4052.741154203356,3:1:4:3:1:4:4:4:2
4:2:4:4:4:3:4:4:3:,clone,4403.929163652988,3:2:4:4:4:3:4:4:3
3:2:4:4:4:3:4:4:3:,clone,4238.994287256841,3:2:4:4:4:3:4:4:3
3:2:4:4:4:3:4:4:3:,recombination,4052.876982549097,4:2:4:4:4:3:3:4:3,4:2:4:4:4:3:4:4:3
4:2:4:4:4:3:4:4:3:,recombination,4318.866105407514,3:2:4:4:4:4:4:4:3,4:2:4:4:3:3:4:4:4
3:2:4:4:2:4:4:4:2:,recombination,5468.621215344702,4:2:4:4:4:3:4:4:4,4:2:4:4:4:2:4:4:4,MUTATE
4:4:4:4:4:2:1:4:4:,clone,2952.5362076746446,4:4:4:4:4:2:1:4:4
4:4:4:4:4:1:1:2:4:,clone,3791.0002109947013,4:4:4:4:4:1:2:3:4
3:1:4:3:1:4:4:4:1:,clone,4052.741154203356,3:1:4:3:1:4:4:4:2
4:2:4:4:3:3:4:4:3:,clone,4633.847280730775,4:2:4:4:4:3:4:4:3
4:4:4:4:4:1:2:3:4:,recombination,3505.6259621453737,4:4:4:4:4:1:3:4:4,4:4:4:4:4:0:1:3:4
2:1:4:4:1:4:4:4:1:,recombination,5096.699240912893,3:2:4:4:4:4:4:4:3,4:2:4:4:4:3:4:4:4,MUTATE
3:1:4:4:3:4:4:4:2:,recombination,4201.386827615339,3:2:4:4:4:3:4:4:2,4:4:2:4:4:2:1:4:4
4:2:4:4:4:3:4:4:3:,clone,4044.8405758516883,3:2:4:4:4:3:4:4:3
4:2:4:4:4:2:4:4:4:,recombination,5036.8672487086615,4:2:4:4:4:2:4:4:4,4:2:4:4:4:3:4:4:4
4:3:4:4:4:1:1:2:4:,recombination,3127.711256025993,4:3:4:4:4:1:1:1:4,3:2:4:4:4:3:4:4:3,MUTATE
4:4:4:4:4:1:3:3:4:,clone,4519.027681067577,4:4:4:4:4:1:3:3:4
3:2:4:4:3:3:4:4:3:,clone,4525.51830438623,3:2:4:4:4:3:4:4:3
2:1:4:4:3:4:4:4:2:,recombination,4845.871191296929,2:1:4:4:1:4:4:4:1,3:2:4:4:4:3:4:4:3
3:2:4:4:3:3:4:4:2:,clone,4863.619277995712,3:2:4:4:3:3:4:4:2
4:3:4:4:4:1:1:3:4:,recombination,3086.897259393473,4:3:4:4:4:2:1:4:4,4:3:4:4:4:1:1:2:4
4:2:4:4:4:2:3:4:4:,clone,3371.8498614194314,4:2:4:4:4:2:3:4:4
4:2:4:4:3:4:4:4:4:,clone,3713.4294715546826,4:2:4:4:3:4:4:4:3
4:2:4:4:2:4:4:4:3:,recombination,4130.235078121474,4:4:3:4:4:2:2:4:4,4:2:4:4:4:3:4:4:4
4:3:4:4:4:3:2:4:4:,recombination,2998.1557817906123,4:3:4:4:4:0:1:3:4,4:2:4:4:4:4:3:4:4,MUTATE
3:2:4:4:3:3:4:4:2:,clone,4582.160609061191,3:2:4:4:3:3:4:4:3
3:2:4:4:4:3:4:4:2:,recombination,4109.519287224059,4:2:4:4:4:3:3:4:3,4:2:4:4:4:3:4:4:3
2:1:4:3:1:4:4:4:1:,clone,4050.75785287919,2:1:4:3:1:4:4:4:1
3:2:4:4:4:3:4:4:3:,clone,4021.1825956810108,3:2:4:4:4:3:4:4:2
4:2:4:4:4:3:3:4:4:,clone,2998.1557817906123,4:3:4:4:4:3:2:4:4
3:2:4:4:4:3:3:4:3:,clone,3725.299344361183,3:2:4:4:4:3:4:4:2
3:2:4:4:2:3:4:4:2:,recombination,4769.814368301934,3:2:4:4:2:3:4:4:2,3:2:4:4:3:4:4:4:2
4:2:4:4:3:3:4:4:3:,recombination,3821.8905888154895,4:3:4:4:4:2:2:4:4,4:2:4:4:4:3:4:4:4
3:2:4:4:3:3:4:4:3:,clone,4498.465672246392,3:2:4:4:3:3:4:4:2
3:2:4:4:3:3:4:4:3:,clone,4487.991586673073,3:2:4:4:3:3:4:4:3
4:2:4:4:4:2:3:4:4:,clone,3365.1403393205774,4:2:4:4:4:2:3:4:4
3:2:4:4:2:4:4:4:3:,recombination,4913.440284000105,2:2:4:4:1:4:4:4:2,4:2:4:4:3:3:4:4:3
3:2:4:4:3:3:4:4:3:,clone,4454.378657898916,3:2:4:4:3:3:4:4:3
2:2:4:4:1:4:4:4:2:,clone,5503.652026545278,2:2:4:4:1:4:4:4:2
4:2:4:4:4:3:3:4:3:,clone,3472.467188482359,4:2:4:4:4:3:3:4:3
1:1:4:2:0:4:4:4:0:,clone,4005.4453652356933,1:1:4:2:0:4:4:4:0
2:2:4:4:4:3:3:4:2:,recombination,4147.710191477152,2:1:4:4:3:4:4:4:2,3:2:4:4:4:3:3:4:3
3:2:4:4:4:3:3:4:2:,recombination,3730.45452821,3:2:4:4:4:3:3:4:3,3:2:4:4:4:3:3:4:3
3:2:4:4:4:3:4:4:2:,clone,4026.3377795298275,3:2:4:4:4:3:4:4:2
3:2:4:4:2:4:4:4:2:,recombination,4444.6152044638175,4:2:4:4:4:2:2:4:4,2:2:4:3:1:4:4:4:1,MUTATE
4:2:4:4:4:4:4:4:3:,clone,3938.564045075441,4:2:4:4:3:4:4:4:3
2:2:4:4:3:4:4:4:2:,recombination,4876.723385357538,3:2:4:4:2:4:4:4:3,3:2:4:4:4:3:4:4:2
4:2:4:4:2:4:4:4:3:,clone,3891.7626741819304,4:2:4:4:2:4:4:4:3
4:4:3:4:4:0:1:3:4:,clone,3344.4136393819276,4:4:3:4:4:0:0:2:4
4:2:4:4:3:4:4:4:3:,clone,3491.8913941145042,4:2:4:4:3:4:4:4:3
4:2:4:4:4:3:4:4:3:,recombination,3855.360338590031,4:2:4:4:4:3:4:4:4,4:4:4:4:4:0:0:2:4,MUTATE
3:1:4:4:3:3:4:4:2:,recombination,4212.394943356005,4:4:4:4:4:0:1:3:4,4:2:4:4:3:4:4:4:3,MUTATE
2:2:4:4:4:3:4:4:2:,recombination,4473.212538037908,2:1:4:4:1:4:4:4:1,3:2:4:4:4:3:4:4:2
4:2:4:4:4:3:4:4:3:,recombination,3764.1357413401056,4:2:4:4:4:4:4:4:3,4:4:4:4:4:1:1:4:4,MUTATE
4:4:4:4:4:1:3:4:4:,clone,4302.115812478117,4:4:4:4:4:1:3:4:4
3:2:4:4:4:3:3:4:2:,clone,3670.7404243334795,3:2:4:4:4:3:3:4:2
2:1:4:4:3:4:4:4:1:,recombination,4404.336476780802,2:1:4:3:1:4:4:4:1,4:3:4:4:4:0:0:0:4
2:1:4:4:2:4:4:4:2:,recombination,5011.210957585655,2:1:4:4:1:4:4:4:1,4:2:4:4:4:3:4:4:3,MUTATE
4:3:4:4:4:2:2:3:4:,clone,3824.3850123111747,4:3:4:4:4:1:2:3:4
3:2:4:4:4:3:3:4:2:,clone,3660.168564197772,3:2:4:4:4:3:3:4:2
2:2:4:4:3:3:4:4:2:,clone,4462.640677902202,2:2:4:4:3:3:4:4:2
2:2:4:4:4:3:4:4:2:,clone,4158.217525071631,2:2:4:4:4:3:4:4:2
2:2:4:4:1:4:4:4:2:,clone,5361.108442269529,2:2:4:4:1:4:4:4:2
4:2:4:4:4:1:3:4:4:,clone,4723.459693076473,4:2:4:4:4:1:3:4:4
3:2:4:4:4:3:4:4:2:,clone,3996.2348386675994,3:2:4:4:4:3:4:4:2
4:4:4:4:4:1:1:2:4:,recombination,3339.6974786847595,4:3:4:4:4:0:1:1:4,4:3:4:4:4:2:3:4:4,MUTATE
2:2:4:4:4:3:4:4:2:,recombination,4098.50342119511,2:2:4:4:4:3:4:4:2,3:2:4:4:4:3:3:4:2
4:2:4:4:4:4:4:4:3:,clone,3930.9505239219884,4:2:4:4:4:4:4:4:3
2:1:4:4:2:4:4:4:2:,recombination,5001.09419913851,2:1:4:4:2:4:4:4:2,4:2:4:4:4:2:3:4:4
3:2:4:4:1:4:4:4:2:,clone,4629.175568703895,2:2:4:3:1:4:4:4:1
2:2:4:4:2:4:4:4:2:,clone,4614.62620492898,3:2:4:4:3:3:4:4:2
4:2:4:4:4:4:4:4:3:,clone,3682.3468422067017,4:2:4:4:3:4:4:4:3
2:1:4:4:3:4:4:4:1:,recombination,4215.83375684087,3:2:4:4:3:4:4:4:2,3:2:4:4:4:3:4:4:2
3:2:4:4:4:3:4:4:2:,clone,3860.303417053762,3:2:4:4:4:3:4:4:2
2:2:4:4:1:4:4:4:2:,recombination,5307.428579078538,2:2:4:4:1:4:4:4:2,4:2:4:4:4:4:3:4:4
3:2:4:4:3:3:4:4:2:,clone,4337.586493619143,3:2:4:4:3:3:4:4:2
3:2:4:4:4:4:4:4:2:,clone,4170.9402873949975,3:2:4:4:4:4:4:4:2
3:2:4:4:4:3:4:4:2:,clone,3794.10673804783,3:2:4:4:4:3:4:4:2
3:2:4:4:4:2:4:4:3:,recombination,3969.48394414547,4:4:4:4:4:0:1:3:4,3:2:4:4:4:2:3:4:3,MUTATE
2:1:4:4:1:4:4:4:2:,clone,5254.268333775843,2:1:4:4:1:4:4:4:2
2:1:4:4:3:4:4:4:1:,recombination,4002.789882238645,2:2:4:4:4:3:4:4:2,2:1:4:4:3:4:4:4:1
4:2:4:4:4:4:4:4:3:,clone,3455.78213429824,4:2:4:4:4:4:4:4:3
4:4:2:4:4:0:0:1:4:,clone,3292.0983038332697,4:4:2:4:4:0:0:1:4
3:2:4:4:4:3:3:4:2:,clone,3415.6357752243744,3:2:4:4:4:3:3:4:2
3:1:4:3:1:4:4:4:2:,recombination,3970.37134012974,4:2:4:4:3:4:4:4:3,4:3:4:4:4:1:2:4:4
3:2:4:4:4:3:3:4:3:,clone,3410.480591375557,3:2:4:4:4:3:3:4:2
4:3:4:4:4:0:1:2:4:,clone,3164.920576659541,4:3:4:4:4:0:1:2:4
3:2:4:4:4:4:4:4:3:,clone,4736.579904846181,3:2:4:4:4:4:4:4:3
4:2:4:4:4:2:3:4:3:,recombination,3993.6858451730795,4:4:4:4:4:0:1:3:4,2:2:4:4:1:4:4:4:2
1:1:4:3:1:4:4:4:0:,recombination,4470.954934428497,3:2:4:4:4:4:4:4:2,3:2:4:4:4:3:3:4:3,MUTATE
4:2:4:4:3:4:4:4:3:,recombination,3455.78213429824,4:2:4:4:4:4:4:4:3,4:4:3:4:4:2:1:4:4
4:2:4:4:4:4:4:4:3:,clone,3455.7821342982397,4:2:4:4:4:4:4:4:3
3:2:4:4:4:4:4:4:3:,recombination,4522.444336268918,4:4:4:4:4:2:2:4:4,2:2:4:4:3:3:4:4:2
1:1:4:2:0:4:4:4:0:,clone,3813.9699960194444,1:1:4:2:0:4:4:4:0
3:2:4:4:2:4:4:4:2:,clone,3455.78213429824,4:2:4:4:3:4:4:4:3
2:1:4:3:1:4:4:4:1:,clone,3949.8529888750754,2:1:4:3:1:4:4:4:1
3:2:4:4:3:3:4:4:3:,recombination,4142.390044041178,3:2:4:4:2:4:4:4:3,3:2:4:4:4:3:4:4:2,MUTATE
4:2:4:4:3:3:4:4:3:,clone,3460.7161726102718,4:2:4:4:3:4:4:4:3
3:2:4:4:3:3:4:4:2:,clone,3994.9232208304866,3:2:4:4:4:3:4:4:3
3:2:4:4:3:4:4:4:2:,clone,4282.16503166672,3:2:4:4:3:4:4:4:2
4:2:4:4:4:1:2:4:4:,recombination,3263.3534949065147,4:2:4:4:4:1:3:4:4,4:2:4:4:4:4:4:4:3
3:2:4:4:4:3:4:4:2:,clone,3751.68809049634,3:2:4:4:4:3:4:4:2
3:2:4:4:4:4:4:4:2:,clone,3979.4649181787477,3:2:4:4:4:4:4:4:2
3:1:4:4:3:4:4:4:2:,recombination,4153.4061374899065,4:2:4:4:4:4:4:4:3,2:2:4:4:4:3:4:4:2
3:1:4:4:2:4:4:4:2:,recombination,3670.5079973615248,4:3:4:4:4:3:2:4:4,4:2:4:4:4:4:4:4:4
3:2:4:4:3:4:4:4:2:,clone,3651.4969707990304,3:2:4:4:3:4:4:4:2
3:2:4:4:4:3:3:4:2:,clone,3391.9989316586507,3:2:4:4:4:3:3:4:2
4:4:4:4:4:1:3:4:4:,recombination,4155.357534829596,4:4:4:4:4:1:3:4:4,4:4:4:4:4:1:2:2:4
3:2:4:4:4:3:3:4:2:,clone,3323.768073966138,3:2:4:4:4:3:3:4:2
3:2:4:4:3:4:4:4:3:,recombination,4933.559905822041,2:2:4:4:1:4:4:4:2,4:2:4:4:4:3:4:4:4
3:2:4:4:3:3:4:4:2:,recombination,3697.0008563332776,4:4:4:4:4:1:1:4:4,4:2:4:4:4:3:3:4:4
2:1:4:4:4:4:4:4:1:,clone,4268.0195486544435,2:1:4:4:3:4:4:4:1
3:2:4:4:3:4:4:4:3:,recombination,4443.3747868038,2:1:4:4:1:4:4:4:1,4:3:4:4:4:2:2:4:4,MUTATE
3:2:4:4:4:2:3:4:3:,clone,4291.686917010523,3:2:4:4:4:2:3:4:3
3:1:4:4:3:3:4:4:2:,recombination,3650.043058390501,4:3:4:4:4:3:3:4:4,3:2:4:4:4:3:4:4:2
2:1:4:4:2:4:4:4:1:,recombination,4058.0513764527045,1:1:4:3:1:4:4:4:0,4:3:3:4:4:2:2:4:4
3:2:4:4:4:2:4:4:2:,clone,4735.838042083011,3:2:4:4:4:2:3:4:3
3:1:4:4:4:3:3:4:2:,clone,3323.768073966138,3:1:4:4:4:3:3:4:2
2:1:4:4:3:4:4:4:1:,recombination,3869.0800555737383,2:1:4:4:3:4:4:4:1,2:1:4:4:2:4:4:4:1
3:1:4:3:1:4:4:4:2:,clone,3941.8953300778703,3:1:4:3:1:4:4:4:2
3:2:4:4:4:3:3:4:2:,clone,3286.2535073126205,3:2:4:4:4:3:3:4:2
2:1:4:4:2:3:4:4:1:,recombination,4899.5311503365165,4:4:4:4:4:1:1:4:4,3:2:4:4:4:3:3:4:2
4:2:4:4:3:3:4:4:4:,recombination,4429.328139298201,4:2:4:4:4:3:3:4:4,4:4:4:4:4:2:2:4:4
3:1:4:4:4:3:4:4:2:,clone,3658.9567570256963,3:1:4:4:3:3:4:4:2
4:2:4:4:4:3:3:4:3:,clone,3326.8923693771885,4:2:4:4:4:3:3:4:3
4:4:3:4:4:0:0:2:4:,clone,3295.925349706237,4:4:2:4:4:0:0:2:4
4:2:4:4:4:3:4:4:3:,clone,3409.120233705839,4:2:4:4:4:3:3:4:3
4:2:4:4:4:3:4:4:3:,clone,3322.7876459857534,4:2:4:4:4:3:4:4:3
3:1:4:3:2:4:4:4:2:,clone,4047.092273147653,3:1:4:3:2:4:4:4:2
4:2:4:4:4:2:3:4:4:,recombination,3290.3397511684916,3:2:4:4:4:3:3:4:2,4:4:4:4:4:0:1:3:4
3:2:4:4:4:2:4:4:2:,recombination,4245.391294271544,4:4:4:4:4:1:1:4:4,4:2:4:4:4:2:3:4:4
2:1:4:4:2:4:4:4:1:,clone,3942.7917063140626,2:1:4:3:1:4:4:4:1
2:1:4:4:2:4:4:4:1:,clone,3821.8486639802754,2:1:4:4:2:4:4:4:1
4:2:4:4:4:1:3:4:4:,clone,3646.63570068856,4:2:4:4:4:1:3:4:4
2:1:4:4:2:3:4:4:1:,recombination,4565.6091618208075,4:4:4:4:4:1:1:3:4,3:2:4:4:4:3:4:4:2,MUTATE
4:4:3:4:4:1:0:3:4:,recombination,3255.26673351404,4:3:4:4:4:2:1:4:4,4:4:2:4:4:0:0:1:4
2:1:4:3:1:4:4:4:1:,clone,3917.9819082254894,2:1:4:3:1:4:4:4:1
3:1:4:4:3:4:4:4:2:,clone,3972.441946380898,3:1:4:4:3:4:4:4:2
1:1:4:3:0:4:4:4:0:,recombination,5177.768548868533,3:2:4:4:3:3:4:4:2,1:1:4:3:1:4:4:4:0
2:1:4:2:0:4:4:4:0:,recombination,3776.6517838143577,1:1:4:2:0:4:4:4:0,3:2:4:4:3:3:4:4:2
4:3:4:4:4:1:3:4:4:,recombination,3647.482213420496,4:3:4:4:4:0:1:2:4,4:4:4:4:4:1:1:3:4,MUTATE
4:1:4:4:4:3:4:4:3:,recombination,3332.842051533394,3:2:4:4:4:3:4:4:2,1:1:4:2:0:4:4:4:0
3:2:4:3:1:4:4:4:2:,clone,4284.23229197323,3:2:4:4:2:3:4:4:2
4:4:4:4:4:1:3:4:4:,recombination,4086.332633470984,4:4:4:4:4:1:3:4:4,4:4:4:4:4:1:3:3:4
4:4:3:4:4:0:0:2:4:,clone,3272.0228842621914,4:4:3:4:4:0:0:2:4
4:3:4:4:4:1:3:4:4:,recombination,3581.069902547588,4:3:4:4:4:1:3:4:4,4:4:4:4:4:1:3:4:4
3:1:4:4:2:3:4:4:2:,recombination,4010.2278865072594,4:3:4:4:4:1:2:4:4,3:2:4:4:3:3:4:4:2,MUTATE
4:2:4:4:4:2:3:4:3:,recombination,3654.4954027896665,4:3:4:4:4:1:1:3:4,3:2:4:4:4:2:4:4:2,MUTATE
2:2:4:4:1:4:4:4:2:,clone,5111.755396054283,2:2:4:4:1:4:4:4:2
4:2:4:4:3:3:4:4:4:,recombination,4136.8652310403195,4:4:4:4:4:1:1:4:4,4:2:4:4:4:4:3:4:4
4:2:4:4:4:2:3:4:3:,recombination,3146.7963390217005,4:3:4:4:4:1:3:4:4,3:2:4:4:4:3:4:4:3
2:1:4:3:2:4:4:4:1:,clone,3872.2899029287532,2:1:4:3:2:4:4:4:1
4:2:4:4:3:3:4:4:3:,recombination,3418.935874827121,3:2:4:4:4:3:4:4:2,3:2:4:4:3:3:4:4:3
4:2:4:4:2:3:4:4:3:,recombination,4236.438227346188,4:2:4:4:4:3:3:4:4,4:4:4:4:4:0:1:3:4,MUTATE
3:2:4:4:2:3:4:4:2:,recombination,4205.614745817449,4:3:4:4:4:3:2:4:4,4:4:4:4:4:2:1:4:4
2:1:4:3:0:4:4:4:1:,recombination,5186.652467796175,2:1:4:4:2:4:4:4:2,4:2:4:4:4:4:4:4:3,MUTATE
3:2:4:4:2:3:4:4:2:,clone,3811.9076309772677,4:2:4:4:3:3:4:4:3
1:1:4:3:0:4:4:4:0:,recombination,4989.50096380507,4:2:4:4:4:3:3:4:4,3:1:4:3:1:4:4:4:1,MUTATE
3:1:4:4:2:3:4:4:2:,clone,3809.696385978512,3:1:4:4:2:3:4:4:2
2:1:4:3:1:4:4:4:1:,recombination,3709.3148831411063,1:1:4:2:0:4:4:4:0,4:4:4:4:4:2:1:4:4
1:1:4:1:0:4:4:4:0:,clone,3663.336311899587,1:1:4:2:0:4:4:4:0
2:1:4:4:1:4:4:4:2:,recombination,5120.356573625758,2:1:4:4:2:4:4:4:2,4:3:4:4:4:1:2:3:4,MUTATE
3:2:4:4:4:3:4:4:3:,clone,3929.7505792260886,3:2:4:4:4:3:4:4:2
2:1:4:3:0:4:4:4:1:,clone,4502.6141862629465,2:1:4:3:0:4:4:4:1
3:1:4:4:2:3:4:4:2:,clone,3598.0451542978644,3:1:4:4:2:3:4:4:2
3:1:4:3:1:4:4:4:1:,clone,3707.1797617810153,2:1:4:3:1:4:4:4:1
3:2:4:4:4:3:4:4:2:,recombination,3673.516393710295,4:2:4:4:4:2:3:4:4,1:1:4:3:0:4:4:4:0,MUTATE
2:1:4:4:1:4:4:4:1:,recombination,4548.039126038226,2:1:4:4:3:4:4:4:1,4:2:4:4:4:3:3:4:4
3:1:4:4:2:4:4:4:2:,clone,3645.6991703203157,3:1:4:4:2:4:4:4:2
2:1:4:2:0:4:4:4:1:,recombination,4115.492129575316,3:1:4:3:1:4:4:4:2,4:4:4:4:4:1:1:4:4,MUTATE
2:1:4:3:0:4:4:4:1:,recombination,4487.194839962808,4:3:4:4:4:3:2:4:4,3:2:4:4:4:3:3:4:3,MUTATE
3:1:4:3:2:4:4:4:1:,recombination,3621.8410050192606,3:1:4:4:4:3:4:4:2,4:2:4:4:4:3:3:4:4
3:1:4:4:3:4:4:4:2:,recombination,3968.9436898748886,4:4:3:4:4:1:2:4:4,3:2:4:4:3:3:4:4:2,MUTATE
2:1:4:4:3:3:4:4:2:,clone,4144.601236202355,3:2:4:4:3:3:4:4:2
2:1:4:3:0:4:4:4:1:,clone,4091.0903619946707,2:1:4:3:0:4:4:4:1
2:2:4:4:1:4:4:4:2:,recombination,4765.044512219678,3:1:4:4:4:3:4:4:2,2:2:4:4:1:4:4:4:2,MUTATE
3:1:4:3:2:4:4:4:2:,recombination,3799.1758799833924,4:2:4:4:4:2:3:4:4,2:1:4:2:0:4:4:4:0,MUTATE
3:1:4:3:2:4:4:4:2:,clone,3723.3972776913265,3:1:4:3:2:4:4:4:2
3:2:4:4:1:4:4:4:2:,recombination,4525.678081015913,2:1:4:4:2:4:4:4:1,2:2:4:4:1:4:4:4:2,MUTATE
2:2:4:4:2:4:4:4:2:,recombination,4608.899677777705,4:2:4:4:4:2:3:4:3,2:2:4:4:1:4:4:4:2
3:1:4:3:2:4:4:4:2:,recombination,3658.4218445847487,3:2:4:4:4:3:3:4:2,3:2:4:4:4:4:4:4:3,MUTATE
4:2:4:4:2:4:4:4:3:,clone,3832.8816257623866,4:2:4:4:2:4:4:4:3
3:1:4:4:4:4:4:4:2:,recombination,4139.041469596885,3:2:4:4:4:3:4:4:3,4:2:4:4:4:3:3:4:3,MUTATE
3:1:4:4:1:4:4:4:2:,recombination,4903.528980096034,4:4:4:4:4:1:1:4:4,3:2:4:4:4:4:4:4:3
2:2:4:4:1:4:4:4:2:,clone,4651.831008414938,2:2:4:4:1:4:4:4:2
4:2:4:4:2:3:4:4:3:,recombination,3822.423029786811,3:1:4:3:2:4:4:4:2,4:4:4:4:4:1:1:4:4,MUTATE
3:1:4:4:1:4:4:4:2:,clone,4738.57824752154,3:1:4:4:1:4:4:4:2
4:2:4:4:2:4:4:4:3:,recombination,3812.0778210834724,4:4:4:4:4:0:0:2:4,4:2:4:4:2:4:4:4:3
3:2:4:4:4:2:3:4:3:,clone,4084.529797092968,3:2:4:4:4:2:3:4:3
3:1:4:3:1:4:4:4:2:,clone,3895.956614784069,3:1:4:3:1:4:4:4:2
3:1:4:3:1:4:4:4:2:,clone,3756.3258001633326,3:1:4:3:1:4:4:4:2
4:2:4:4:4:2:3:4:4:,recombination,3262.582130387308,4:2:4:4:4:1:3:4:4,3:2:4:4:4:3:4:4:3
2:1:4:4:1:4:4:4:1:,recombination,4524.144902182442,3:2:4:4:4:4:4:4:2,4:4:3:4:4:2:2:4:4
2:1:4:4:1:4:4:4:1:,clone,4405.1345419641,2:1:4:3:1:4:4:4:1
3:2:4:4:4:2:4:4:3:,recombination,3893.383351158524,3:1:4:3:1:4:4:4:2,4:2:4:4:4:1:2:4:4
3:1:4:3:1:4:4:4:1:,clone,3500.2559704544856,3:1:4:3:1:4:4:4:1
1:1:4:1:0:4:4:4:0:,clone,3604.9110833328236,1:1:4:1:0:4:4:4:0
2:1:4:4:2:4:4:4:1:,recombination,3514.2043914705155,1:1:4:2:0:4:4:4:0,4:3:4:4:4:1:1:4:4
3:1:4:3:1:4:4:4:2:,clone,3754.1485989922926,3:1:4:3:1:4:4:4:2
3:1:4:3:1:4:4:4:2:,clone,3655.7920696923807,3:1:4:3:1:4:4:4:2
3:2:4:4:4:2:3:4:2:,recombination,4245.448542159336,3:2:4:4:4:2:3:4:3,3:2:4:4:3:4:4:4:2
4:4:4:4:4:0:1:0:4:,clone,3677.1737529511315,4:4:4:4:4:0:0:0:4
2:1:4:4:2:4:4:4:2:,clone,4835.947838209106,2:1:4:4:2:4:4:4:2
4:4:4:4:4:1:0:3:4:,clone,3260.3654003265424,4:4:4:4:4:0:0:3:4
3:1:4:3:1:4:4:4:2:,clone,3603.5823708571943,3:1:4:3:1:4:4:4:2
4:3:4:4:4:1:3:3:4:,recombination,4482.775830699182,4:2:4:4:4:1:2:4:4,4:2:4:4:4:2:3:3:4
3:1:4:3:1:3:4:4:2:,recombination,3983.1230058719184,4:2:4:4:4:3:3:4:3,2:1:4:4:2:4:4:4:2,MUTATE
2:1:4:4:4:4:4:4:2:,recombination,5147.176884536734,4:3:4:4:4:1:1:4:4,4:2:4:4:4:1:3:4:4,MUTATE
4:2:4:4:4:2:3:4:4:,clone,3252.174948354777,4:2:4:4:4:2:3:4:4
4:4:4:4:4:1:0:3:4:,recombination,3260.3654003265415,4:4:3:4:4:0:0:2:4,4:4:4:4:4:1:0:3:4
4:2:4:4:4:2:4:4:4:,recombination,4552.221493671877,2:2:4:4:4:3:4:4:2,4:3:4:4:4:0:1:1:4,MUTATE
1:1:4:3:1:4:4:4:0:,recombination,4458.560024941782,4:2:4:4:4:3:3:4:4,2:1:4:4:2:3:4:4:1
3:2:4:4:4:2:3:4:2:,recombination,4140.032504860299,3:2:4:4:4:2:3:4:3,4:4:4:4:4:1:2:4:4,MUTATE
2:1:4:3:1:4:4:4:0:,recombination,4084.494778605243,4:4:4:4:4:1:1:4:4,3:1:4:3:2:4:4:4:1,MUTATE
4:2:4:4:4:2:3:4:4:,clone,3226.520452000767,4:2:4:4:4:2:3:4:4
3:2:4:4:2:3:4:4:3:,recombination,4323.902185276363,3:2:4:4:2:4:4:4:3,4:3:4:4:4:1:3:4:4,MUTATE
2:1:4:4:2:3:4:4:1:,clone,4449.231714609522,2:1:4:4:2:3:4:4:1
3:2:4:4:4:2:3:4:3:,clone,3988.4623102326527,3:2:4:4:4:2:3:4:2
1:1:4:3:0:4:4:4:0:,clone,4641.817119935986,1:1:4:3:0:4:4:4:0
2:1:4:3:0:4:4:4:0:,recombination,4714.422472211998,4:3:4:4:4:3:3:4:4,4:2:4:4:3:4:4:4:3,MUTATE
1:1:4:3:1:4:4:4:0:,recombination,4339.543557765791,4:3:4:4:4:0:1:3:4,2:2:4:4:4:3:3:4:2,MUTATE
4:2:4:4:4:2:3:4:4:,clone,3081.255480875206,4:2:4:4:4:2:3:4:4
4:2:4:4:4:2:4:4:4:,clone,4499.0343471855085,4:2:4:4:4:2:4:4:4
2:1:4:4:4:3:4:4:2:,recombination,5219.233596998878,2:1:4:4:2:4:4:4:1,2:2:4:4:2:4:4:4:2,MUTATE
4:4:4:4:4:0:0:0:4:,clone,2891.7543555936945,3:2:4:4:2:3:4:4:2
4:2:4:4:1:4:4:4:3:,recombination,4519.341260560353,1:1:4:2:0:4:4:4:0,2:1:4:4:4:4:4:4:1,MUTATE
2:1:4:3:1:4:4:4:1:,recombination,3597.1066217864586,4:3:4:4:4:2:3:4:4,3:2:4:4:2:4:4:4:2
4:2:4:4:4:2:2:4:4:,recombination,3250.6167243381615,4:2:4:4:4:1:2:4:4,3:2:4:4:4:2:3:4:2
4:4:4:4:4:1:0:4:4:,clone,3260.3654003265415,4:4:4:4:4:1:0:3:4
4:2:4:4:4:2:2:4:4:,recombination,3095.73945849502,4:2:4:4:4:2:3:4:4,4:2:4:4:4:2:3:4:4
2:2:4:4:2:3:4:4:2:,recombination,4747.184540739592,4:4:4:4:4:1:2:4:4,4:2:4:4:3:4:4:4:3
3:1:4:4:3:3:4:4:2:,recombination,3431.471341972842,4:2:4:4:3:4:4:4:3,4:4:4:4:4:0:0:2:4
4:4:4:4:4:0:0:1:4:,clone,2928.08370051915,4:4:4:4:4:0:0:1:4
3:2:4:4:1:4:4:4:2:,clone,4466.076850504839,4:2:4:4:2:4:4:4:3
2:1:4:3:2:4:4:4:1:,recombination,3546.942509414205,4:4:3:4:4:2:1:4:4,3:2:4:4:3:3:4:4:2,MUTATE
3:1:4:4:2:4:4:4:2:,clone,3565.58561935581,3:1:4:4:2:4:4:4:2
3:1:4:4:3:4:4:4:2:,recombination,3561.796060658182,3:2:4:4:4:3:4:4:2,4:3:4:4:4:3:2:4:4
2:2:4:4:3:4:4:4:1:,recombination,4837.256522107279,2:2:4:4:2:3:4:4:2,2:1:4:2:0:4:4:4:0
4:2:4:4:4:2:2:4:4:,clone,3057.0611685068725,4:2:4:4:4:2:2:4:4
3:1:4:4:2:4:4:4:2:,recombination,3543.125628330854,4:3:4:4:4:0:1:3:4,3:1:4:4:2:4:4:4:2
4:2:4:4:3:3:4:4:4:,clone,4118.256997050108,4:2:4:4:3:3:4:4:4
2:1:4:2:0:4:4:4:1:,recombination,4047.0991261745216,4:3:4:4:4:3:2:4:4,2:2:4:4:1:4:4:4:2
4:2:4:4:4:2:3:4:4:,clone,3022.5351836699756,4:2:4:4:4:2:3:4:4
3:2:4:4:3:3:4:4:3:,clone,4067.7967786182785,3:2:4:4:3:3:4:4:3
2:1:4:2:0:4:4:4:1:,clone,3919.164498905954,2:1:4:3:1:4:4:4:1
3:2:4:3:1:4:4:4:2:,clone,4269.637753541646,4:2:4:4:2:4:4:4:3
2:2:4:4:4:4:4:4:2:,recombination,5114.45119458579,4:3:4:4:4:3:3:4:4,4:3:4:4:4:2:3:3:4
3:1:4:3:2:4:4:4:2:,recombination,3654.5794822921403,3:1:4:4:3:4:4:4:2,2:1:4:3:1:4:4:4:1
3:2:4:4:3:3:4:4:3:,recombination,3831.554550293438,3:2:4:4:3:3:4:4:3,4:2:4:4:4:3:4:4:3
2:1:4:2:0:4:4:4:1:,recombination,3762.9483136951562,3:1:4:4:2:4:4:4:2,3:1:4:3:2:4:4:4:2,MUTATE
2:1:4:2:1:4:4:4:1:,clone,3283.696951429015,2:1:4:2:0:4:4:4:0
3:2:4:4:2:4:4:4:3:,clone,4657.8414367747655,4:2:4:4:3:4:4:4:3
3:2:4:4:4:4:4:4:3:,clone,4437.244390536313,3:2:4:4:4:4:4:4:3
2:1:4:2:1:4:4:4:1:,clone,3256.9956987217847,2:1:4:2:1:4:4:4:1
3:1:4:4:1:4:4:4:2:,recombination,4387.157846685436,4:4:4:4:4:1:1:3:4,2:2:4:4:2:4:4:4:2
4:1:4:3:2:4:4:4:2:,clone,4041.4860922997755,4:1:4:3:2:4:4:4:2
4:1:4:4:3:3:4:4:3:,recombination,3327.560089159451,4:2:4:4:4:2:2:4:4,3:2:4:4:2:4:4:4:2,MUTATE
3:1:4:3:1:4:4:4:1:,recombination,3391.3869311220838,3:1:4:3:2:4:4:4:2,4:2:4:4:3:4:4:4:3
3:1:4:3:2:4:4:4:1:,recombination,3364.271866937233,2:1:4:3:2:4:4:4:1,3:2:4:4:3:3:4:4:3,MUTATE
2:1:4:2:0:4:4:4:0:,recombination,3404.1005952652854,2:1:4:2:0:4:4:4:1,3:1:4:4:1:4:4:4:2,MUTATE
3:1:4:3:2:4:4:4:2:,recombination,3470.838348652731,4:2:4:4:4:2:3:4:4,4:2:4:4:4:3:3:4:4,MUTATE
4:4:4:4:4:1:2:3:4:,clone,3443.862048340434,4:4:4:4:4:1:2:4:4
1:1:4:4:2:4:4:4:0:,clone,5097.385656100883,2:1:4:4:2:4:4:4:1
2:1:4:3:1:4:4:4:1:,recombination,3541.531000707587,4:2:4:4:3:4:4:4:3,2:1:4:4:1:4:4:4:1,MUTATE
4:2:4:4:2:3:4:4:4:,recombination,4303.368307816571,3:2:4:4:1:4:4:4:2,3:2:4:3:1:4:4:4:2,MUTATE
4:1:4:4:2:4:4:4:2:,recombination,3600.4184455621216,4:4:4:4:4:1:0:3:4,3:1:4:4:3:3:4:4:2,MUTATE
2:2:4:4:3:4:4:4:2:,recombination,4743.825709316298,2:1:4:4:2:4:4:4:2,4:2:4:4:3:3:4:4:3,MUTATE
2:1:4:4:1:4:4:4:2:,recombination,4924.255882995198,4:3:4:4:4:3:3:4:4,3:2:4:4:1:4:4:4:2,MUTATE
1:1:4:4:2:4:4:4:0:,clone,4965.201458090583,1:1:4:4:2:4:4:4:0
3:2:4:4:2:4:4:4:3:,clone,4630.192064414621,3:2:4:3:1:4:4:4:2
1:1:4:4:1:4:4:4:1:,recombination,5682.8818881152865,2:2:4:4:2:4:4:4:2,3:2:4:4:1:4:4:4:2
3:2:4:4:3:4:4:4:3:,clone,4183.882913610618,3:2:4:4:3:4:4:4:3
4:3:4:4:4:2:4:4:4:,recombination,4783.222514406039,4:4:4:4:4:1:2:3:4,3:2:4:4:3:3:4:4:3,MUTATE
1:1:4:4:2:4:4:4:0:,clone,4809.738955750225,1:1:4:4:2:4:4:4:0
1:1:4:3:0:4:4:4:0:,clone,4615.610714465592,1:1:4:3:0:4:4:4:0
2:1:4:4:2:4:4:4:2:,recombination,4763.744698507457,4:2:4:4:4:2:3:4:4,3:2:4:4:4:3:4:4:2,MUTATE
1:1:4:3:0:4:4:4:0:,clone,4610.479320836451,1:1:4:3:0:4:4:4:0
1:1:4:3:0:4:4:4:0:,recombination,4599.617640168918,3:1:4:4:2:3:4:4:2,3:1:4:3:1:4:4:4:2,MUTATE
2:1:4:3:0:4:4:4:0:,clone,4442.88483072216,2:1:4:3:0:4:4:4:0
1:1:4:4:2:4:4:4:1:,clone,5349.998702300876,2:1:4:4:2:4:4:4:1
1:1:4:4:1:4:4:4:0:,recombination,5494.776338757664,1:1:4:4:2:4:4:4:0,4:3:4:4:4:1:1:4:4
2:1:4:3:0:4:4:4:0:,recombination,4359.913666476205,4:3:4:4:4:0:1:3:4,4:2:4:4:4:3:3:4:3,MUTATE
2:1:4:3:0:4:4:4:0:,recombination,4281.731216444913,2:1:4:4:2:3:4:4:1,4:2:4:4:4:3:4:4:3,MUTATE
1:1:4:3:0:4:4:4:0:,clone,4564.0925027620215,1:1:4:3:0:4:4:4:0
1:1:4:3:0:4:4:4:0:,recombination,4400.139161799755,3:2:4:4:4:3:3:4:3,4:3:4:4:4:1:2:4:4,MUTATE
1:1:4:3:0:4:4:4:0:,clone,4362.775569462947,1:1:4:3:0:4:4:4:0
2:1:4:3:0:4:4:4:0:,clone,4205.1317871098,2:1:4:3:0:4:4:4:0
1:1:4:3:0:4:4:4:0:,recombination,4359.288518070339,3:2:4:4:4:3:3:4:2,4:3:4:4:4:2:2:4:4,MUTATE
2:2:4:4:4:4:4:4:2:,recombination,4729.52407617685,3:1:4:3:1:4:4:4:2,4:3:4:4:4:1:1:4:4,MUTATE
3:2:4:4:3:3:4:4:2:,recombination,3590.9353901952804,4:3:4:4:4:0:1:2:4,2:1:4:3:2:4:4:4:1
2:2:4:3:0:4:4:4:1:,recombination,4939.089959495446,4:2:4:4:4:3:4:4:4,3:1:4:4:3:4:4:4:2,MUTATE
4:3:4:4:4:2:4:4:4:,clone,4608.319208290897,4:3:4:4:4:2:3:4:4
3:1:4:2:1:4:4:4:1:,clone,3283.6969514290154,2:1:4:3:1:4:4:4:1
3:1:4:4:2:4:4:4:1:,recombination,4025.4287213474063,3:1:4:4:3:4:4:4:2,3:2:4:4:4:3:4:4:2
2:1:4:2:0:4:4:4:1:,clone,3431.8977250291587,3:1:4:2:1:4:4:4:1
3:1:4:4:2:4:4:4:1:,recombination,3665.9756622651576,4:3:4:4:4:3:2:4:4,3:1:4:4:2:4:4:4:1
2:1:4:2:0:4:4:4:0:,recombination,3273.362422147091,4:3:4:4:4:2:3:3:4,2:1:4:2:0:4:4:4:1,MUTATE
2:1:4:4:1:4:4:4:1:,recombination,4384.246852869929,2:2:4:4:1:4:4:4:2,4:3:4:4:4:0:1:3:4
1:1:4:3:1:4:4:4:0:,clone,4337.130373555483,1:1:4:3:1:4:4:4:0
4:2:4:4:4:4:3:4:3:,recombination,4160.216248510496,4:3:4:4:4:1:3:4:4,4:2:4:4:4:2:3:3:4
3:2:4:4:1:3:4:4:2:,recombination,5231.326660674815,3:2:4:4:4:3:4:4:2,2:1:4:2:0:4:4:4:1,MUTATE
2:2:4:3:1:4:4:4:1:,recombination,4665.3850696036325,4:2:4:4:4:4:4:4:4,4:4:4:4:4:0:1:3:4,MUTATE
4:2:4:4:3:3:4:4:4:,recombination,4034.3002058871725,2:1:4:2:0:4:4:4:1,4:4:4:4:4:2:3:4:4,MUTATE
3:2:4:4:1:3:4:4:2:,recombination,4691.285544798118,4:4:4:4:4:0:0:1:4,4:2:4:4:4:3:3:4:4,MUTATE
3:1:4:3:1:3:4:4:2:,recombination,3892.3844170573298,1:1:4:1:0:4:4:4:0,4:4:4:4:4:1:2:4:4,MUTATE
2:1:4:4:2:3:4:4:2:,clone,4606.607181437565,2:1:4:4:2:3:4:4:2
2:2:4:4:2:4:4:4:1:,recombination,4358.764833238522,4:3:3:4:4:2:2:4:4,3:2:4:4:3:3:4:4:2
3:2:4:3:1:4:4:4:2:,clone,4166.254700748894,3:2:4:3:1:4:4:4:2
3:2:4:3:1:4:4:4:2:,clone,4098.20889924954,3:2:4:3:1:4:4:4:2
2:2:4:4:1:4:4:4:1:,recombination,4638.584839191515,4:3:3:4:4:2:2:4:4,4:3:4:4:4:0:1:3:4
2:1:4:1:0:4:4:4:1:,clone,3283.696951429016,2:1:4:2:0:4:4:4:1
1:1:4:3:0:4:4:4:0:,recombination,4145.540019084759,3:1:4:3:2:4:4:4:2,3:1:4:4:3:3:4:4:2
3:1:4:3:2:4:4:4:2:,clone,3458.864624202297,3:1:4:3:2:4:4:4:2
2:1:4:4:2:3:4:4:1:,clone,4033.9420020371163,2:1:4:4:2:3:4:4:1
1:1:4:1:0:4:4:4:0:,clone,3455.927194922844,1:1:4:1:0:4:4:4:0
2:1:4:3:0:4:4:4:0:,clone,4148.940357926135,2:1:4:3:0:4:4:4:0
3:1:4:2:0:4:4:4:1:,recombination,4188.141787058586,3:2:4:4:4:4:4:4:2,4:4:4:4:4:1:1:4:4
2:1:4:4:1:4:4:4:1:,recombination,4380.709378558999,4:2:4:4:4:3:4:4:3,4:4:4:4:4:1:1:3:4,MUTATE
4:1:4:3:1:4:4:4:2:,recombination,3780.883783580559,2:1:4:4:2:4:4:4:1,4:3:4:4:4:1:1:3:4,MUTATE
3:2:4:4:1:4:4:4:2:,recombination,4348.753252085333,4:3:4:4:4:3:2:4:4,4:4:3:4:4:2:2:4:4,MUTATE
2:2:4:4:1:4:4:4:1:,clone,4503.244694949373,3:2:4:4:2:4:4:4:2
3:1:4:4:2:3:4:4:2:,clone,3550.2073953336267,3:1:4:4:2:3:4:4:2
3:1:4:4:2:3:4:4:2:,clone,3424.139842446173,3:1:4:4:2:3:4:4:2
0:1:4:3:0:4:4:4:0:,clone,6393.216040734349,1:1:4:3:0:4:4:4:0
4:4:4:4:4:0:1:1:4:,recombination,3805.2802299268496,2:1:4:3:1:4:4:4:1,4:4:4:4:4:0:1:0:4,MUTATE
1:1:4:4:1:4:4:4:0:,recombination,4321.454643729409,3:2:4:4:3:3:4:4:3,3:1:4:3:2:4:4:4:2,MUTATE
1:1:4:3:0:4:4:4:1:,clone,5942.403922093384,1:1:4:4:0:4:4:4:1
1:1:4:4:0:4:4:4:1:,clone,6144.665704800092,1:1:4:4:0:4:4:4:1
4:4:4:4:4:0:1:1:4:,recombination,3784.2211492402466,4:4:4:4:4:0:1:0:4,4:3:4:4:4:0:1:2:4,MUTATE
3:2:4:3:1:4:4:4:2:,clone,4028.8335713562196,3:2:4:3:1:4:4:4:2
2:2:4:4:3:4:4:4:2:,recombination,4565.342757676746,4:4:4:4:4:1:2:4:4,4:3:4:4:4:0:1:1:4
1:1:4:4:1:4:4:4:0:,clone,4309.184072793503,1:1:4:4:1:4:4:4:0
2:1:4:3:0:4:4:4:1:,recombination,4028.83357135622,4:2:4:4:4:2:3:4:4,4:4:3:4:4:2:2:4:4,MUTATE
2:1:4:4:1:4:4:4:1:,clone,4379.119816808813,2:1:4:4:1:4:4:4:1
1:1:4:3:0:4:4:4:0:,clone,4129.201712494831,1:1:4:3:0:4:4:4:0
2:2:4:3:1:4:4:4:1:,clone,4417.922281979468,2:1:4:3:1:4:4:4:1
2:1:4:3:0:4:4:4:0:,recombination,4143.460716862942,3:1:4:4:2:4:4:4:2,1:1:4:3:0:4:4:4:0,MUTATE
2:1:4:3:0:4:4:4:0:,clone,4140.060378021565,2:1:4:3:0:4:4:4:0
3:2:4:3:0:4:4:4:2:,clone,4899.210808135438,3:2:4:3:0:4:4:4:2
1:1:4:3:1:4:4:4:0:,recombination,4116.193409208467,3:1:4:4:3:4:4:4:2,4:3:4:4:4:0:0:0:4
1:1:4:2:0:4:4:4:0:,recombination,3792.03309311492,2:1:4:2:1:4:4:4:1,2:1:4:4:1:4:4:4:1,MUTATE
1:1:4:3:1:4:4:4:0:,clone,4108.605314839936,1:1:4:3:1:4:4:4:0
3:2:4:4:4:4:4:4:3:,clone,4386.668220430405,3:2:4:4:4:4:4:4:3
2:1:4:3:1:4:4:4:0:,clone,3974.4253793321263,1:1:4:3:1:4:4:4:0
3:2:4:3:0:4:4:4:2:,clone,4723.916699218301,3:2:4:3:0:4:4:4:2
2:1:4:3:1:4:4:4:0:,clone,3777.033308581719,2:1:4:3:1:4:4:4:0
3:1:4:3:1:4:4:4:2:,clone,3553.3783047608335,3:1:4:3:1:4:4:4:2
3:2:4:3:1:4:4:4:2:,recombination,3947.7697459622486,4:1:4:3:1:4:4:4:2,4:3:4:4:4:2:4:4:4
3:2:4:3:1:4:4:4:2:,clone,3801.2186886437253,3:2:4:3:1:4:4:4:2
3:1:4:4:4:4:4:4:2:,clone,3967.8666546372033,3:1:4:4:4:4:4:4:2
3:1:4:2:0:4:4:4:1:,recombination,3941.64365142381,3:2:4:4:4:3:4:4:2,4:3:4:4:4:1:1:3:4,MUTATE
4:2:4:4:4:3:4:4:4:,recombination,3476.1899937027833,4:4:4:4:4:0:1:4:4,3:1:4:3:2:4:4:4:2,MUTATE
3:1:4:3:2:3:4:4:2:,recombination,4046.711000057966,3:2:4:4:4:2:3:4:2,4:3:4:4:4:1:1:3:4
3:2:4:4:4:3:4:4:3:,recombination,3924.193918399295,1:1:4:2:0:4:4:4:0,3:2:4:4:4:2:3:4:2
4:2:4:4:4:2:4:4:4:,recombination,3976.1277420072906,3:2:4:4:4:2:3:4:3,3:2:4:4:4:4:4:4:3,MUTATE
4:2:4:4:2:3:4:4:3:,recombination,3727.2999544601234,4:2:4:4:4:2:4:4:4,2:1:4:4:2:3:4:4:1,MUTATE
2:1:4:4:2:3:4:4:2:,recombination,4594.144258339513,3:1:4:3:2:3:4:4:2,4:3:4:4:4:0:1:2:4,MUTATE
4:2:4:4:4:2:4:4:3:,clone,4043.3154026196694,4:2:4:4:4:2:4:4:3
3:1:4:4:4:3:4:4:2:,recombination,3626.113431316622,3:2:4:4:4:4:4:4:3,2:1:4:4:1:4:4:4:2,MUTATE
4:2:4:4:4:2:4:4:3:,clone,3997.6653669888747,4:2:4:4:4:2:4:4:3
0:1:4:3:0:4:4:4:0:,clone,6281.16741992726,1:1:4:2:0:4:4:4:0
2:2:4:4:2:4:4:4:2:,recombination,4501.492977324584,4:4:4:4:4:0:1:3:4,4:2:4:4:4:2:4:4:3,MUTATE
1:1:4:4:2:4:4:4:0:,recombination,4726.411945939028,2:1:4:3:1:4:4:4:1,3:1:4:4:4:4:4:4:2,MUTATE
1:1:4:4:2:4:4:4:0:,clone,4675.262915370369,1:1:4:4:2:4:4:4:0
2:1:4:4:4:4:4:4:2:,recombination,4777.057301697506,4:3:4:4:4:2:1:4:4,3:2:4:4:4:4:4:4:3
1:1:4:4:2:4:4:4:0:,recombination,4027.2435129018363,4:2:4:4:4:3:3:4:4,3:1:4:4:4:4:4:4:2
2:1:4:4:3:3:4:4:1:,clone,3913.364742643629,2:1:4:4:2:4:4:4:1
2:1:4:4:4:3:4:4:1:,recombination,3962.6572144630713,4:2:4:4:3:4:4:4:3,3:2:4:4:4:2:3:4:2,MUTATE
2:1:4:4:3:3:4:4:1:,recombination,3654.0158351497926,2:1:4:2:0:4:4:4:1,3:1:4:3:2:3:4:4:2
3:2:4:4:3:3:4:4:2:,clone,3444.223227896703,3:2:4:4:3:3:4:4:2
2:1:4:4:2:4:4:4:1:,recombination,3413.663724801187,3:2:4:4:4:3:3:4:3,2:2:4:4:2:4:4:4:2,MUTATE
2:1:4:1:0:4:4:4:0:,recombination,3453.6949260916954,3:1:4:4:2:4:4:4:2,3:1:4:4:1:4:4:4:2
2:1:4:3:1:4:4:4:1:,recombination,3483.4640451268524,4:3:4:4:4:0:1:3:4,3:2:4:4:3:3:4:4:2
2:1:4:3:1:4:4:4:0:,recombination,3671.8133325922513,3:2:4:4:2:4:4:4:2,2:1:4:4:2:4:4:4:1
1:1:4:3:1:4:4:4:0:,recombination,3789.0691321134086,2:1:4:3:1:4:4:4:0,4:4:4:4:4:1:1:4:4
2:1:4:4:3:4:4:4:1:,recombination,3741.785852662828,4:4:4:4:4:0:0:3:4,3:2:4:4:4:3:4:4:3
4:2:4:4:4:4:3:4:3:,clone,3756.961118299407,4:2:4:4:4:4:3:4:3
2:2:4:4:4:3:4:4:1:,clone,5229.499519312009,2:2:4:4:4:3:4:4:2
1:1:4:4:1:4:4:4:1:,recombination,5276.329349973346,3:1:4:3:2:3:4:4:2,3:1:4:4:3:4:4:4:2
1:1:4:4:2:4:4:4:1:,recombination,5323.416744864902,4:4:4:4:4:0:1:3:4,3:2:4:4:4:3:4:4:3,MUTATE
2:2:4:4:4:3:4:4:1:,recombination,5153.099951290781,3:2:4:4:4:3:4:4:3,4:4:4:4:4:1:1:2:4
1:1:4:4:4:3:4:4:1:,recombination,5259.658895797716,3:2:4:4:4:3:4:4:3,2:2:4:4:3:4:4:4:1
1:1:4:4:2:3:4:4:1:,recombination,5021.49461455484,3:1:4:4:2:4:4:4:2,3:2:4:4:3:3:4:4:2,MUTATE
1:1:4:4:2:3:4:4:1:,clone,4678.768003225007,1:1:4:4:2:3:4:4:1
2:2:4:4:3:3:4:4:1:,recombination,4651.208209536429,4:4:2:4:4:2:1:4:4,3:1:4:3:2:3:4:4:2
1:1:4:3:1:3:4:4:1:,clone,4965.490094338645,2:1:4:4:2:3:4:4:1
2:2:4:3:1:4:4:4:1:,clone,4366.842045028434,2:2:4:3:1:4:4:4:1
4:2:4:4:3:3:4:4:4:,recombination,3807.055477408325,3:2:4:4:4:3:4:4:2,4:2:4:4:4:4:3:4:4,MUTATE
1:1:4:4:4:3:4:4:1:,recombination,4754.246977775373,3:2:4:4:4:3:4:4:3,4:2:4:4:3:3:4:4:3
1:1:4:4:1:3:4:4:1:,recombination,5051.82268205873,3:2:4:4:4:2:3:4:2,2:1:4:4:1:4:4:4:2,MUTATE
4:2:4:4:2:4:4:4:3:,recombination,3756.7450129992326,4:2:4:4:3:3:4:4:4,1:1:4:4:1:4:4:4:0
3:2:4:4:4:3:4:4:3:,recombination,3788.145912611033,4:2:4:4:4:3:3:4:3,4:4:4:4:4:1:1:2:4,MUTATE
4:2:4:4:2:4:4:4:3:,recombination,3627.9484499063315,3:2:4:4:4:3:3:4:3,4:2:4:4:4:4:4:4:4,MUTATE
2:1:4:3:0:4:4:4:0:,clone,4113.088800429089,1:1:4:2:0:4:4:4:0
3:1:4:4:4:3:4:4:2:,clone,3603.786752693495,3:1:4:4:4:3:4:4:2
4:2:4:4:2:4:4:4:3:,clone,3480.9509136010615,4:2:4:4:2:4:4:4:3
1:1:4:3:1:3:4:4:1:,clone,4874.260845937776,2:1:4:3:1:3:4:4:1
2:1:4:4:1:3:4:4:1:,clone,4765.739935781281,2:1:4:4:1:3:4:4:1
2:2:4:4:3:3:4:4:1:,clone,4372.820347964285,2:2:4:4:3:3:4:4:1
2:1:4:3:1:3:4:4:1:,clone,4629.573120165745,2:1:4:3:1:3:4:4:1
3:2:4:4:4:3:4:4:2:,clone,3624.771892651501,3:2:4:4:2:4:4:4:2
2:1:4:2:1:4:4:4:0:,clone,3708.3761095005343,2:1:4:2:1:4:4:4:0
1:1:4:2:1:4:4:4:0:,recombination,3760.917209061043,2:2:4:3:1:4:4:4:1,2:1:4:3:2:4:4:4:1
2:2:4:4:3:4:4:4:1:,recombination,4548.459077552061,4:4:3:4:4:2:2:4:4,4:2:4:4:4:3:3:4:3,MUTATE
2:2:4:4:3:3:4:4:2:,recombination,4416.969882041789,3:2:4:4:2:3:4:4:2,3:1:4:4:3:4:4:4:2
2:2:4:4:3:3:4:4:2:,clone,4408.578807670909,2:1:4:4:3:3:4:4:2
2:2:4:4:3:3:4:4:2:,clone,4322.246219950824,2:2:4:4:3:3:4:4:2
2:1:4:4:2:4:4:4:2:,recombination,4532.130035287365,3:1:4:3:1:4:4:4:1,2:2:4:4:4:3:4:4:2,MUTATE
1:1:4:4:4:4:4:4:0:,recombination,4624.342218061473,1:1:4:4:1:4:4:4:1,3:2:4:4:4:2:3:4:3,MUTATE
1:1:4:4:3:4:4:4:0:,clone,4681.888359316762,1:1:4:4:4:4:4:4:0
2:1:4:2:1:4:4:4:0:,recombination,3603.313416968662,1:1:4:4:2:4:4:4:0,1:1:4:3:1:4:4:4:0,MUTATE
1:1:4:4:1:4:4:4:0:,clone,4287.8114329139125,1:1:4:3:1:4:4:4:0
1:1:4:3:0:4:4:4:0:,clone,4124.5044192989,1:1:4:3:0:4:4:4:0
1:1:4:4:4:4:4:4:0:,recombination,4312.154776000473,1:1:4:4:4:3:4:4:1,4:4:4:4:4:1:1:4:4
1:1:4:4:4:4:4:4:0:,clone,4224.852877258993,1:1:4:4:4:4:4:4:0
1:1:4:4:4:4:4:4:0:,recombination,3917.87383086256,3:2:4:4:4:3:4:4:2,1:1:4:4:4:4:4:4:0
1:1:4:3:0:4:4:4:0:,clone,4109.059675193753,1:1:4:3:0:4:4:4:0
2:1:4:4:4:4:4:4:1:,recombination,3830.130907096666,1:1:4:4:3:4:4:4:0,4:4:4:4:4:1:1:2:4,MUTATE
1:1:4:4:3:4:4:4:0:,clone,4127.142675285214,1:1:4:4:3:4:4:4:0
3:1:4:2:0:4:4:4:1:,recombination,3602.7771654717853,1:1:4:4:1:4:4:4:0,3:1:4:3:2:4:4:4:2,MUTATE
1:1:4:3:1:4:4:4:0:,clone,3770.774233130755,1:1:4:3:1:4:4:4:0
1:1:4:4:4:3:4:4:0:,recombination,4502.380098563822,2:2:4:4:4:3:4:4:1,4:4:4:4:4:2:1:4:4
2:2:4:4:3:4:4:4:2:,recombination,4493.521258963908,4:3:4:4:4:2:2:3:4,4:4:4:4:4:2:1:4:4,MUTATE
1:1:4:3:1:4:4:4:0:,recombination,3698.549915625568,2:1:4:2:1:4:4:4:0,1:1:4:3:1:4:4:4:0
2:1:4:4:2:4:4:4:2:,recombination,4513.598006963528,3:2:4:4:2:3:4:4:2,4:3:4:4:4:2:2:3:4
4:2:4:4:3:3:4:4:4:,recombination,3658.2247384489515,3:1:4:4:3:3:4:4:2,4:4:3:4:4:3:2:4:4,MUTATE
2:1:4:3:2:4:4:4:0:,clone,4093.4025136733726,2:1:4:3:2:4:4:4:0
1:1:4:3:2:4:4:4:0:,clone,4005.034294984152,1:1:4:3:2:4:4:4:0
4:2:4:4:4:4:3:4:4:,clone,3283.696951429015,4:2:4:4:4:4:3:4:4
4:4:4:4:4:1:0:3:4:,clone,3122.2992137430615,4:4:4:4:4:1:0:3:4
4:2:4:4:3:4:4:4:3:,clone,3283.6969514290154,4:2:4:4:3:4:4:4:3
2:1:4:3:2:4:4:4:0:,clone,3731.0702640698946,2:1:4:3:2:4:4:4:0
4:2:4:4:4:4:3:4:4:,clone,3220.3715778659475,4:2:4:4:4:4:3:4:4
4:4:4:4:4:1:0:3:4:,clone,2989.052782187398,4:4:4:4:4:1:0:3:4
4:1:4:4:3:4:4:4:3:,clone,3283.6969514290154,4:1:4:4:3:4:4:4:3
4:1:4:4:2:4:4:4:2:,clone,3357.340010790417,4:1:4:4:3:4:4:4:3
3:1:4:4:4:4:4:4:2:,clone,3790.548786709503,3:1:4:4:4:4:4:4:2
3:1:4:3:1:4:4:4:1:,clone,3357.3400107904167,3:1:4:3:2:4:4:4:2
4:1:4:4:2:4:4:4:2:,clone,3309.6859947679654,4:1:4:4:2:4:4:4:2
3:2:4:4:4:4:4:4:3:,recombination,4285.6066476771,2:1:4:4:1:4:4:4:1,3:2:4:4:4:3:3:4:2
3:2:4:4:2:3:4:4:2:,clone,3727.8029904043037,3:2:4:4:3:3:4:4:2
4:2:4:4:4:4:4:4:4:,recombination,3634.1737633644893,4:3:4:4:4:3:2:4:4,4:2:4:4:4:3:4:4:4
3:1:4:4:3:3:4:4:2:,recombination,3293.0372147595017,3:1:4:3:2:4:4:4:2,1:1:4:3:0:4:4:4:0
1:1:4:3:2:4:4:4:0:,clone,3731.0702640698946,1:1:4:3:2:4:4:4:0
3:1:4:4:3:4:4:4:1:,clone,3250.3537408336465,3:1:4:3:2:4:4:4:2
2:1:4:3:1:4:4:4:0:,clone,3643.4395679102436,2:1:4:3:1:4:4:4:1
3:2:4:4:4:4:4:4:3:,recombination,4220.352441619156,2:1:4:4:1:4:4:4:2,3:2:4:4:3:3:4:4:3,MUTATE
2:1:4:2:1:4:4:4:0:,recombination,3460.564468771452,4:2:4:4:4:3:3:4:4,1:1:4:2:0:4:4:4:0
2:1:4:3:1:4:4:4:0:,clone,3643.439567910243,2:1:4:3:1:4:4:4:0
2:1:4:3:1:4:4:4:0:,clone,3639.2207439683357,2:1:4:3:1:4:4:4:0
3:1:4:4:2:4:4:4:2:,recombination,3485.1733860675618,3:1:4:3:2:4:4:4:2,1:1:4:3:1:4:4:4:0
3:1:4:4:3:4:4:4:2:,recombination,3417.028778403531,4:2:4:4:4:4:4:4:4,3:2:4:4:3:3:4:4:2,MUTATE
2:1:4:4:3:4:4:4:1:,recombination,3718.153397102972,4:3:4:4:4:1:1:3:4,3:2:4:4:4:3:4:4:3
4:2:4:4:4:3:4:4:3:,recombination,3189.521219987479,3:1:4:4:2:4:4:4:2,1:1:4:1:0:4:4:4:0
3:1:4:4:2:4:4:4:2:,recombination,3191.259543649677,3:1:4:4:2:4:4:4:2,3:1:4:2:0:4:4:4:1
2:1:4:3:1:4:4:4:0:,recombination,3475.2664063420425,4:2:4:4:4:4:4:4:3,3:2:4:4:3:3:4:4:3,MUTATE
3:1:4:4:3:4:4:4:2:,recombination,3232.650509272899,3:2:4:4:4:3:4:4:2,2:1:4:3:1:4:4:4:0,MUTATE
3:2:4:4:3:4:4:4:2:,clone,3172.1219677622335,3:2:4:4:3:4:4:4:2
3:2:4:4:3:3:4:4:2:,recombination,3356.4038453391026,4:2:4:4:4:3:4:4:3,3:1:4:4:4:4:4:4:2
3:2:4:4:4:3:4:4:2:,clone,3587.1629667402526,3:2:4:4:4:3:4:4:2
3:1:4:4:4:3:4:4:2:,clone,3552.7115623383993,3:2:4:4:4:3:4:4:2
3:2:4:4:2:3:4:4:2:,recombination,3406.8449079471184,3:2:4:4:3:3:4:4:2,2:1:4:2:0:4:4:4:1,MUTATE
4:2:4:4:2:4:4:4:4:,recombination,4350.007557188214,2:1:4:4:1:4:4:4:1,4:4:4:4:4:1:0:3:4,MUTATE
4:2:4:3:2:4:4:4:3:,recombination,4009.890218866151,4:4:4:4:4:2:1:4:4,1:1:4:4:2:4:4:4:0
2:1:4:3:1:4:4:4:0:,clone,3434.166707528931,2:1:4:3:1:4:4:4:0
3:1:4:3:2:4:4:4:2:,recombination,3396.9680119742097,4:3:3:4:4:3:2:4:4,1:1:4:4:4:3:4:4:1
2:1:4:4:3:3:4:4:2:,recombination,4023.7853121029716,4:3:4:4:4:2:3:3:4,3:1:4:3:1:4:4:4:2,MUTATE
2:1:4:1:0:4:4:4:0:,clone,3283.6969514290154,1:1:4:2:0:4:4:4:0
3:1:4:2:1:4:4:4:2:,clone,3791.7696924984352,3:1:4:2:1:4:4:4:2
3:2:4:4:4:4:3:4:2:,recombination,4273.322199782283,3:2:4:4:4:4:4:4:2,4:2:4:4:4:3:2:4:4
1:1:4:1:0:4:4:4:0:,clone,3221.9117202661073,1:1:4:1:0:4:4:4:0
3:1:4:2:1:4:4:4:2:,recombination,3755.535145486574,3:2:4:4:4:3:3:4:3,4:4:4:4:4:2:2:4:4
4:4:4:4:4:0:1:0:4:,clone,3559.200938094597,4:4:4:4:4:0:0:0:4
4:2:4:3:1:4:4:4:3:,recombination,3947.734401952702,4:4:4:4:4:2:3:4:4,2:1:4:4:2:3:4:4:1
4:3:4:4:4:3:4:4:4:,recombination,4372.198564473022,4:3:4:4:4:1:2:3:4,2:1:4:4:3:4:4:4:2,MUTATE
4:4:4:4:4:0:1:1:4:,clone,3559.200938094597,4:4:4:4:4:0:1:1:4
3:1:4:4:4:4:3:4:2:,clone,4167.731398558713,3:1:4:4:4:4:3:4:2
4:2:4:4:1:4:4:4:3:,recombination,4501.018208634599,4:2:4:3:1:4:4:4:3,4:4:4:4:4:1:1:4:4
2:1:4:4:1:4:4:4:1:,recombination,4336.4123628969255,4:4:2:4:4:1:1:4:4,4:3:4:4:4:2:3:4:4,MUTATE
2:1:4:3:0:4:4:4:0:,recombination,4085.7766516800652,3:2:4:4:4:2:3:4:3,4:3:4:4:4:1:1:3:4,MUTATE
3:1:4:4:4:4:3:4:2:,clone,3908.166321853732,3:1:4:4:4:4:3:4:2
4:4:4:4:4:0:1:1:4:,clone,3526.5664295998,4:4:4:4:4:0:1:1:4
2:1:4:4:3:3:4:4:2:,clone,3888.956417351406,2:1:4:4:3:3:4:4:2
4:4:4:4:4:1:1:1:4:,recombination,3559.200938094597,4:2:4:4:4:2:3:3:4,4:2:4:4:4:2:3:4:3,MUTATE
3:2:4:4:4:4:4:4:2:,clone,3700.5613239706017,3:2:4:4:3:4:4:4:2
2:1:4:4:3:3:4:4:1:,recombination,3498.6483550720523,4:3:4:4:4:2:3:3:4,4:2:4:4:4:2:3:4:4,MUTATE
3:2:4:4:4:4:4:4:2:,recombination,3607.4478979846435,4:2:4:4:4:2:2:4:4,3:2:4:4:4:4:4:4:2
2:1:4:4:2:4:4:4:2:,clone,4472.079339009928,2:2:4:4:3:3:4:4:2
4:2:4:3:1:4:4:4:3:,recombination,3814.439223807676,4:2:4:4:1:4:4:4:3,1:1:4:4:1:4:4:4:0,MUTATE
4:2:4:3:1:4:4:4:3:,clone,3780.7409534779076,4:2:4:3:1:4:4:4:3
2:1:4:4:2:3:4:4:2:,recombination,4034.083211184208,2:1:4:4:2:4:4:4:2,4:2:4:4:4:3:2:4:4
2:2:4:3:1:4:4:4:1:,recombination,4332.117546227081,4:2:4:4:4:3:4:4:4,4:3:4:4:4:1:2:2:4,MUTATE
1:1:4:4:1:4:4:4:1:,clone,5250.651564661245,1:1:4:4:1:4:4:4:1
2:2:4:4:2:3:4:4:2:,clone,4595.573793184127,2:1:4:4:3:3:4:4:2
4:2:4:4:1:4:4:4:3:,clone,4294.297754688091,4:2:4:4:1:4:4:4:3
2:1:4:4:2:3:4:4:1:,clone,3746.978951461824,2:1:4:4:2:3:4:4:1
2:2:4:3:0:4:4:4:1:,recombination,4715.343576883799,4:3:4:4:4:3:4:4:4,3:1:4:4:3:3:4:4:2,MUTATE
2:2:4:4:2:3:4:4:1:,recombination,4653.328747167183,4:3:4:4:4:2:3:3:4,4:2:4:4:4:2:3:4:4
3:2:4:3:2:4:4:4:2:,clone,3949.726393064501,3:2:4:3:2:4:4:4:2
2:2:4:4:2:3:4:4:1:,clone,4127.574047532201,2:2:4:4:2:3:4:4:1
2:2:4:3:1:4:4:4:1:,recombination,4195.457830135106,1:1:4:4:1:3:4:4:1,2:2:4:4:2:3:4:4:1,MUTATE
2:1:4:3:2:3:4:4:1:,clone,3848.925976826559,2:2:4:3:2:3:4:4:1
2:1:4:3:2:3:4:4:1:,recombination,3753.8874341382843,2:2:4:4:2:3:4:4:1,4:4:4:4:4:0:0:3:4,MUTATE
4:2:4:4:4:3:2:4:4:,clone,3711.2002775829274,4:2:4:4:4:3:2:4:4
3:1:4:4:1:4:4:4:2:,recombination,4284.318651474487,2:2:4:4:2:3:4:4:2,2:2:4:3:1:4:4:4:1,MUTATE
4:2:4:4:4:4:3:4:3:,recombination,3685.790955644209,3:1:4:3:2:4:4:4:2,4:3:4:4:4:2:3:3:4,MUTATE
4:2:4:4:2:3:4:4:4:,recombination,4189.09600302302,4:2:4:4:1:4:4:4:3,4:2:4:4:4:2:3:4:3,MUTATE
3:1:4:4:2:4:4:4:1:,recombination,3552.534070933578,3:1:4:3:2:4:4:4:2,4:2:4:4:4:4:4:4:3,MUTATE
2:1:4:4:3:4:4:4:2:,recombination,4812.739016416346,4:3:4:4:4:1:1:1:4,4:4:4:4:4:1:0:3:4,MUTATE
3:2:4:3:2:4:4:4:2:,recombination,3820.5868469838047,2:1:4:4:2:3:4:4:1,2:1:4:4:3:4:4:4:1,MUTATE
2:2:4:4:2:4:4:4:2:,recombination,4446.363237682614,1:1:4:4:1:4:4:4:0,4:2:4:4:4:1:3:4:4,MUTATE
2:2:4:4:2:4:4:4:2:,clone,4296.686046826919,2:2:4:4:2:4:4:4:2
3:2:4:4:4:4:4:4:3:,recombination,4176.318994336877,4:4:3:4:4:1:1:4:4,2:1:4:4:3:3:4:4:2
2:2:4:3:1:4:4:4:1:,recombination,4048.1156807136845,2:2:4:4:2:3:4:4:1,3:1:4:4:2:4:4:4:1,MUTATE
2:1:4:3:1:4:4:4:2:,recombination,5625.08875852336,3:2:4:4:4:4:3:4:2,2:1:4:4:2:3:4:4:1,MUTATE
4:3:4:4:4:4:3:4:4:,recombination,4001.9818740905966,2:1:4:3:0:4:4:4:0,4:4:4:4:4:3:2:4:4
2:1:4:4:1:4:4:4:1:,clone,4336.280373830767,2:1:4:4:1:4:4:4:1
2:1:4:2:0:4:4:4:1:,recombination,3283.6969514290154,4:3:4:4:4:1:3:3:4,3:1:4:4:3:3:4:4:2,MUTATE
2:1:4:4:4:3:4:4:2:,recombination,4256.754004357293,2:1:4:3:0:4:4:4:0,4:4:4:4:4:0:1:1:4,MUTATE
4:2:4:3:2:4:4:4:3:,recombination,3964.400911931977,2:1:4:3:2:3:4:4:1,2:1:4:3:0:4:4:4:1
4:1:4:3:2:4:4:4:3:,recombination,3791.973274843449,4:3:4:4:4:1:1:4:4,2:1:4:4:2:3:4:4:1,MUTATE
3:2:4:3:1:4:4:4:2:,recombination,3666.017575103984,2:1:4:4:2:4:4:4:2,2:2:4:4:3:4:4:4:2
2:1:4:2:0:4:4:4:1:,recombination,3217.4777911646474,2:2:4:4:2:4:4:4:2,4:4:4:4:4:2:2:4:4
3:1:4:3:1:4:4:4:2:,recombination,3453.7005742535875,4:4:4:4:4:2:2:4:4,2:1:4:4:3:3:4:4:1
3:1:4:3:2:3:4:4:2:,clone,3359.475148370744,3:1:4:3:1:4:4:4:2
4:2:4:4:2:3:4:4:3:,recombination,3580.586916348113,2:1:4:4:3:3:4:4:1,3:2:4:3:1:4:4:4:2,MUTATE
3:1:4:3:2:3:4:4:2:,clone,3332.773895663514,3:1:4:3:2:3:4:4:2
2:1:4:4:1:3:4:4:1:,clone,4751.881808951278,2:1:4:4:1:3:4:4:1
2:1:4:4:1:3:4:4:1:,recombination,4615.350572351596,2:2:4:4:2:3:4:4:2,4:3:4:4:4:1:3:4:4,MUTATE
1:1:4:1:0:4:4:4:0:,recombination,3188.153313251962,4:2:4:4:4:4:4:4:3,3:2:4:4:4:3:4:4:3,MUTATE
3:1:4:4:2:4:4:4:1:,clone,3545.930949692153,3:1:4:4:2:4:4:4:1
2:1:4:1:0:4:4:4:0:,clone,3208.7693629568366,1:1:4:1:0:4:4:4:0
2:1:4:4:2:4:4:4:0:,recombination,3657.5463189894253,2:2:4:3:1:4:4:4:1,4:2:4:4:4:4:3:4:3
3:1:4:4:4:4:4:4:2:,recombination,3756.8243654574567,1:1:4:4:1:4:4:4:1,4:2:4:4:4:4:4:4:3
1:1:4:2:0:4:4:4:0:,recombination,3728.822530576128,4:2:4:4:4:3:3:4:4,3:2:4:3:1:4:4:4:2,MUTATE
4:3:4:4:4:4:3:4:4:,recombination,3939.5868673581936,4:4:4:4:4:3:2:4:4,2:2:4:4:4:4:4:4:2
0:1:4:3:0:4:4:4:0:,recombination,5976.691101386587,4:4:4:4:4:1:1:2:4,4:3:4:4:4:3:3:4:4,MUTATE
4:2:4:4:3:4:4:4:4:,clone,3591.9287844829037,4:2:4:4:3:4:4:4:4
3:2:4:3:2:4:4:4:2:,clone,3460.9622600789844,3:2:4:3:2:4:4:4:2
4:2:4:4:3:3:4:4:4:,clone,3559.001842995071,4:2:4:4:4:3:4:4:4
4:2:4:3:2:4:4:4:3:,clone,3630.5702417135176,4:2:4:3:2:4:4:4:3
3:2:4:3:1:4:4:4:2:,recombination,3650.8389684070635,3:2:4:4:3:4:4:4:2,3:1:4:4:1:4:4:4:2,MUTATE
3:2:4:4:2:4:4:4:3:,recombination,4409.71511777522,3:2:4:4:4:3:4:4:2,1:1:4:3:2:4:4:4:0,MUTATE
4:2:4:4:3:4:4:4:4:,recombination,3581.99204970976,3:2:4:4:4:3:3:4:3,1:1:4:3:0:4:4:4:0
2:1:4:3:1:4:4:4:1:,recombination,3345.924069146914,2:1:4:2:1:4:4:4:0,3:2:4:4:3:4:4:4:2,MUTATE
2:1:4:3:1:4:4:4:1:,clone,3343.7128241481582,2:1:4:3:1:4:4:4:1
3:2:4:4:4:4:4:4:3:,recombination,3981.85467598741,3:2:4:4:4:3:3:4:2,4:4:4:4:4:0:1:0:4
1:1:4:3:0:4:4:4:0:,recombination,4096.519621699208,4:3:4:4:4:1:2:4:4,2:1:4:3:1:4:4:4:1
2:1:4:4:2:4:4:4:1:,recombination,3247.3993392634266,3:1:4:2:1:4:4:4:2,3:2:4:4:3:3:4:4:2
1:1:4:2:1:4:4:4:0:,recombination,3700.2546927391018,3:2:4:4:3:3:4:4:2,3:2:4:4:2:4:4:4:3,MUTATE
3:1:4:3:2:4:4:4:2:,recombination,3197.792892687158,1:1:4:1:0:4:4:4:0,2:1:4:4:2:4:4:4:1,MUTATE
2:1:4:2:1:4:4:4:0:,recombination,3166.8229406489513,2:1:4:3:1:4:4:4:1,3:1:4:3:1:4:4:4:2
1:1:4:2:1:4:4:4:0:,clone,3483.061391448447,1:1:4:2:1:4:4:4:0
4:2:4:4:4:4:3:4:3:,recombination,3316.6247261310573,2:1:4:4:2:3:4:4:1,3:2:4:4:3:3:4:4:3
4:1:4:4:2:4:4:4:3:,clone,3283.696951429014,3:2:4:4:1:4:4:4:2
2:1:4:3:2:4:4:4:1:,clone,3434.059715541869,2:1:4:3:2:4:4:4:1
4:2:4:4:2:4:4:4:3:,clone,3460.1649498438733,4:2:4:4:2:4:4:4:3
4:1:4:4:2:4:4:4:2:,recombination,3283.696951429015,3:1:4:3:1:4:4:4:2,4:2:4:4:2:4:4:4:3,MUTATE
3:1:4:3:1:4:4:4:2:,clone,3347.280243229299,4:1:4:4:2:4:4:4:2
4:1:4:3:2:4:4:4:2:,clone,3639.6096359441794,3:1:4:4:2:4:4:4:2
4:4:4:4:4:0:0:1:4:,recombination,2926.936326121777,4:4:4:4:4:2:2:4:4,3:2:4:4:4:3:4:4:3,MUTATE
4:4:4:4:4:0:0:1:4:,clone,2886.2974640572083,4:4:4:4:4:0:0:1:4
4:4:4:4:4:0:1:2:4:,clone,3245.385311677076,4:4:4:4:4:0:1:2:4
4:4:4:4:4:0:1:2:4:,clone,3237.348904979667,4:4:4:4:4:0:1:2:4
4:4:4:4:4:0:1:2:4:,clone,3207.5561342832434,4:4:4:4:4:0:1:2:4
2:1:4:4:4:4:4:4:2:,clone,4641.565890176724,3:2:4:4:4:3:4:4:2
3:1:4:4:1:4:4:4:2:,recombination,4280.644797361772,3:2:4:4:3:3:4:4:3,3:1:4:3:1:4:4:4:2,MUTATE
2:2:4:4:3:3:4:4:2:,clone,4203.671454245929,2:2:4:4:3:3:4:4:2
2:1:4:4:4:4:4:4:2:,clone,4170.179420132311,2:1:4:4:4:4:4:4:2
4:2:4:4:4:4:4:4:3:,clone,3430.7156920104467,4:2:4:4:4:4:4:4:3
4:4:4:4:4:0:1:1:4:,clone,3521.9682979897084,4:4:4:4:4:0:1:1:4
4:4:4:4:4:0:1:1:4:,clone,3499.3236380197122,4:4:4:4:4:0:1:1:4
2:1:4:3:1:4:4:4:2:,recombination,4686.602778687215,4:4:3:4:4:0:0:1:4,2:2:4:4:4:4:4:4:2
2:1:4:4:3:4:4:4:2:,recombination,4484.997683235559,4:3:4:4:4:2:1:4:4,4:4:4:4:4:0:0:3:4,MUTATE
2:2:4:4:4:4:4:4:2:,recombination,4438.283029646617,4:2:4:4:4:3:4:4:3,2:1:4:2:0:4:4:4:1,MUTATE
2:1:4:4:3:4:4:4:2:,clone,4329.976572870064,3:2:4:4:4:4:4:4:2
2:1:4:4:3:4:4:4:1:,clone,3646.6416556553568,2:1:4:4:3:4:4:4:1
3:2:4:4:2:4:4:4:3:,recombination,4388.396408511106,3:2:4:4:2:3:4:4:2,4:3:4:4:4:1:1:3:4,MUTATE
2:1:4:4:3:4:4:4:1:,clone,3610.0782975397387,2:1:4:4:3:4:4:4:1
2:1:4:3:2:4:4:4:0:,recombination,3609.6145381700267,1:1:4:4:4:4:4:4:0,2:1:4:4:2:4:4:4:1,MUTATE
4:4:4:4:4:0:1:1:4:,clone,3453.010212866818,4:4:4:4:4:0:1:1:4
4:4:4:4:4:1:2:2:4:,clone,3785.2378652022508,4:4:4:4:4:1:2:2:4
0:1:4:3:0:4:4:4:0:,clone,5758.000358929105,1:1:4:2:0:4:4:4:0
0:1:4:2:0:4:4:4:0:,recombination,5654.135565807842,2:1:4:4:4:4:4:4:1,3:2:4:4:4:2:3:4:2,MUTATE
0:1:4:3:0:4:4:4:0:,recombination,5739.257595523003,1:1:4:3:1:3:4:4:1,3:1:4:2:1:4:4:4:2,MUTATE
0:1:4:2:0:4:4:4:0:,clone,5650.108571075195,1:1:4:2:0:4:4:4:0
0:1:4:2:0:4:4:4:0:,recombination,5484.508459116603,4:2:4:4:4:3:3:4:4,0:1:4:2:0:4:4:4:0
4:1:4:3:2:4:4:4:3:,recombination,3422.066977133542,4:2:4:3:1:4:4:4:3,4:2:4:4:4:1:3:4:4,MUTATE
2:1:4:4:1:4:4:4:1:,recombination,4323.923656916911,4:4:4:4:4:2:2:4:4,4:4:3:4:4:2:2:4:4
2:1:4:4:1:4:4:4:1:,clone,4305.212016150871,2:1:4:4:1:4:4:4:1
3:2:4:4:3:4:4:4:3:,clone,4141.962630693679,3:2:4:4:3:4:4:4:3
2:2:4:4:2:4:4:4:1:,clone,4216.046701152908,2:2:4:4:2:4:4:4:1
2:2:4:4:1:4:4:4:2:,recombination,4630.896294432362,4:3:4:4:4:2:4:4:4,4:2:4:4:2:3:4:4:3,MUTATE
4:1:4:3:1:4:4:4:2:,recombination,3283.6969514290154,4:4:3:4:4:1:1:4:4,1:1:4:3:0:4:4:4:0
2:1:4:4:1:4:4:4:1:,clone,4287.664456418512,2:1:4:4:2:4:4:4:1
3:1:4:3:1:4:4:4:2:,recombination,3205.651814858744,4:4:4:4:4:0:1:1:4,4:4:3:4:4:1:1:4:4,MUTATE
4:2:4:4:4:3:3:4:3:,recombination,3311.901966698848,1:1:4:3:0:4:4:4:0,4:1:4:3:1:4:4:4:2
3:1:4:2:0:4:4:4:1:,clone,3562.315393671811,3:1:4:2:0:4:4:4:1
3:1:4:2:0:4:4:4:1:,clone,3205.651814858744,3:1:4:2:0:4:4:4:1
3:2:4:4:2:4:4:4:3:,recombination,4333.531356823253,3:2:4:4:4:4:4:4:3,4:4:4:4:4:2:2:4:4,MUTATE
2:2:4:3:1:4:4:4:2:,clone,4861.363018182966,2:2:4:3:1:4:4:4:2
2:2:4:4:3:4:4:4:1:,recombination,4461.82107783316,4:4:4:4:4:1:2:4:4,4:3:4:4:4:1:1:4:4
4:4:4:4:4:3:3:4:4:,recombination,4242.919540618468,3:2:4:4:3:3:4:4:3,3:2:4:3:2:4:4:4:2
4:3:4:4:4:3:4:4:4:,recombination,4349.321298944266,2:1:4:4:4:4:4:4:1,2:1:4:4:2:4:4:4:2
2:2:4:4:3:4:4:4:1:,clone,4459.314199646771,2:2:4:4:3:4:4:4:1
2:1:4:4:4:3:4:4:2:,recombination,3842.7889754453745,3:2:4:4:4:3:3:4:2,4:2:4:4:4:4:3:4:3,MUTATE
2:2:4:4:3:4:4:4:2:,recombination,4329.109891922476,3:2:4:4:4:4:4:4:3,4:4:4:4:4:0:1:0:4,MUTATE
1:1:4:3:1:4:4:4:0:,clone,3565.636694293102,1:1:4:3:1:4:4:4:0
1:1:4:3:1:4:4:4:0:,recombination,3273.7457069178295,3:1:4:4:4:3:4:4:2,3:1:4:3:1:4:4:4:2
4:4:4:4:4:0:0:0:4:,clone,2866.8122980467833,4:4:4:4:4:0:0:0:4
3:2:4:4:1:4:4:4:2:,clone,4335.397415191937,3:2:4:4:1:4:4:4:2
4:2:4:4:4:3:4:4:4:,recombination,3465.1611120457546,2:1:4:3:1:4:4:4:1,1:1:4:3:0:4:4:4:0
4:2:4:4:4:3:4:4:4:,recombination,3360.677555092735,4:2:4:4:4:4:4:4:3,2:1:4:2:1:4:4:4:0
2:2:4:3:0:4:4:4:1:,recombination,4265.646875503881,4:4:4:4:4:2:1:4:4,4:4:4:4:4:1:3:4:4,MUTATE
4:2:4:4:3:3:4:4:3:,recombination,3338.646469947925,2:1:4:3:1:4:4:4:1,3:1:4:2:0:4:4:4:1
4:1:4:4:4:3:3:4:3:,recombination,3523.197471270226,4:4:4:4:4:0:0:1:4,3:1:4:2:1:4:4:4:1
4:2:4:4:4:3:3:4:3:,clone,3272.2343676500473,4:2:4:4:4:3:4:4:3
4:1:4:4:1:4:4:4:3:,recombination,4292.338186903835,2:1:4:4:1:4:4:4:1,3:2:4:4:4:2:4:4:2,MUTATE
4:2:4:4:3:4:4:4:4:,recombination,3545.4170586732375,4:4:3:4:4:1:0:3:4,4:3:4:4:4:1:1:3:4
4:1:4:3:2:4:4:4:2:,clone,3518.5506922272734,3:1:4:4:2:4:4:4:2
4:2:4:4:4:4:4:4:4:,clone,3580.9847953402877,4:2:4:4:4:4:4:4:4
4:2:4:4:2:4:4:4:4:,clone,3803.5145143836003,4:2:4:4:2:4:4:4:4
1:1:4:2:0:4:4:4:0:,recombination,3659.829179346247,3:1:4:4:3:3:4:4:2,4:2:4:4:4:3:4:4:4,MUTATE
4:4:4:4:4:0:1:2:4:,recombination,3156.832438080977,4:3:4:4:4:1:2:2:4,3:2:4:4:4:3:4:4:2
1:1:4:1:0:4:4:4:0:,clone,3116.0607221298687,1:1:4:1:0:4:4:4:0
4:1:4:4:3:4:4:4:2:,recombination,3431.675960163948,4:4:2:4:4:1:1:4:4,2:1:4:2:1:4:4:4:0
4:3:4:4:4:3:4:4:4:,recombination,4267.432985742193,2:2:4:4:3:4:4:4:2,4:2:4:4:4:1:3:4:4,MUTATE
3:2:4:4:4:3:4:4:2:,recombination,3492.428245492059,4:3:4:4:4:0:0:0:4,4:4:3:4:4:1:2:4:4,MUTATE
3:1:4:4:1:4:4:4:2:,recombination,4273.085760654065,4:2:4:4:4:4:4:4:3,4:2:4:4:4:3:2:4:4,MUTATE
2:1:4:2:0:4:4:4:0:,clone,3208.7693629568366,2:1:4:2:0:4:4:4:0
2:2:4:4:1:3:4:4:1:,clone,5858.892787547516,3:1:4:4:1:4:4:4:2
2:2:4:4:1:3:4:4:1:,clone,5732.791675862417,2:2:4:4:1:3:4:4:1
2:2:4:4:1:3:4:4:1:,clone,5332.737913589062,2:2:4:4:1:3:4:4:1
1:1:4:3:1:4:4:4:1:,clone,5517.490609712912,1:1:4:3:1:4:4:4:1
2:2:4:4:4:4:4:4:1:,clone,4590.7153782790165,2:2:4:4:3:4:4:4:1
2:1:4:3:0:4:4:4:0:,recombination,4080.3176492000116,4:4:4:4:4:1:0:3:4,2:1:4:3:0:4:4:4:1
2:2:4:4:3:4:4:4:1:,recombination,4453.266096211723,2:1:4:3:0:4:4:4:1,2:1:4:4:4:3:4:4:2,MUTATE
2:2:4:4:3:4:4:4:1:,recombination,4419.187449905406,3:1:4:4:2:4:4:4:2,4:3:4:4:4:3:3:4:4
1:1:4:4:0:4:4:4:0:,clone,6266.2864879784765,1:1:4:4:0:4:4:4:0
1:1:4:4:3:4:4:4:1:,clone,5128.081087490291,1:1:4:4:3:4:4:4:1
3:1:4:4:1:4:4:4:1:,clone,4410.103265644089,2:1:4:3:1:4:4:4:1
4:2:4:4:2:4:4:4:4:,recombination,3607.7875812673137,4:4:4:4:4:0:1:2:4,4:3:4:4:4:2:1:4:4
4:4:4:4:4:0:0:0:4:,clone,2842.9093631876603,4:4:4:4:4:0:0:0:4
4:4:4:4:4:0:0:1:4:,recombination,2842.9093631876603,4:3:4:4:4:2:2:4:4,4:3:4:4:4:2:1:4:4
4:4:4:4:4:0:1:4:4:,clone,2942.617681861482,4:4:4:4:4:0:1:4:4
4:4:4:4:4:0:1:4:4:,clone,2904.337866068214,4:4:4:4:4:0:1:4:4
4:3:4:4:4:1:2:4:4:,recombination,2862.3824061525133,4:3:4:4:4:1:2:4:4,4:2:4:4:4:4:4:4:3
4:3:4:4:4:1:3:4:4:,clone,3415.210497563501,4:3:4:4:4:1:3:4:4
2:1:4:3:1:3:4:4:1:,recombination,3825.721528720816,4:4:4:4:4:2:1:4:4,4:2:4:4:4:2:3:4:4,MUTATE
4:2:4:4:2:4:4:4:3:,clone,3418.9980571055767,4:2:4:4:2:4:4:4:3
2:1:4:3:2:4:4:4:1:,recombination,3273.066393232656,2:1:4:4:4:4:4:4:1,3:2:4:4:3:3:4:4:2,MUTATE
3:2:4:4:4:4:3:4:2:,recombination,3804.240381069864,2:1:4:3:1:4:4:4:2,4:4:4:4:4:1:3:4:4,MUTATE
4:4:4:4:4:0:1:2:4:,recombination,3134.915994492241,3:1:4:3:2:3:4:4:2,3:2:4:4:4:4:4:4:2
4:2:4:4:4:4:4:4:3:,recombination,3350.321805529367,2:1:4:3:1:4:4:4:2,2:1:4:4:3:3:4:4:2
2:2:4:3:1:4:4:4:1:,recombination,3841.7354791431612,1:1:4:3:0:4:4:4:0,4:4:4:4:4:1:3:4:4
3:2:4:4:1:4:4:4:2:,recombination,4321.755024813682,4:2:4:4:2:4:4:4:4,2:2:4:4:2:4:4:4:1,MUTATE
2:1:4:4:1:4:4:4:1:,recombination,4284.413076436772,4:4:4:4:4:0:0:1:4,0:1:4:3:0:4:4:4:0
3:1:4:4:4:4:4:4:2:,recombination,3696.494686854131,4:4:3:4:4:0:0:2:4,0:1:4:3:0:4:4:4:0,MUTATE
3:2:4:4:4:3:4:4:3:,clone,3777.2742908225573,3:2:4:4:4:3:3:4:3
2:2:4:4:3:4:4:4:2:,recombination,4258.176594137989,4:2:4:4:4:2:3:4:4,4:3:4:4:4:2:2:4:4
3:2:4:4:4:3:4:4:3:,recombination,3644.5618126914396,3:2:4:4:4:3:4:4:3,2:1:4:2:0:4:4:4:1
3:1:4:3:0:4:4:4:2:,clone,4870.475625838738,3:1:4:4:1:4:4:4:2
4:2:4:4:4:3:2:4:4:,clone,3071.2741906794577,4:2:4:4:4:3:2:4:4
3:2:4:4:4:4:4:4:3:,recombination,3735.365054904148,3:2:4:4:4:2:3:4:3,3:1:4:2:1:4:4:4:2
4:2:4:4:4:3:2:4:4:,recombination,3005.820370727792,4:2:4:4:4:4:4:4:4,4:3:4:4:4:2:2:4:4
3:1:4:4:2:4:4:4:1:,recombination,3451.173352690355,4:1:4:4:2:4:4:4:2,4:2:4:4:4:2:3:4:4
3:1:4:2:1:4:4:4:2:,recombination,3464.52978643999,3:1:4:3:1:4:4:4:2,2:1:4:4:2:4:4:4:2,MUTATE
3:1:4:3:1:4:4:4:1:,clone,3262.5194244663935,3:1:4:3:1:4:4:4:1
2:1:4:4:1:4:4:4:0:,recombination,4394.535075364184,4:4:4:4:4:1:1:4:4,3:1:4:3:1:4:4:4:2
2:2:4:3:1:4:4:4:2:,recombination,4551.079723382453,4:4:4:4:4:2:3:4:4,3:1:4:4:3:4:4:4:2,MUTATE
4:3:4:4:4:3:4:4:4:,recombination,3967.4551582291724,3:2:4:4:4:3:3:4:3,1:1:4:3:0:4:4:4:0
4:2:4:4:2:4:4:4:3:,clone,3361.8094462479357,4:2:4:4:2:4:4:4:3
2:2:4:4:2:4:4:4:1:,clone,4072.77028939438,2:2:4:4:2:4:4:4:1
3:1:4:4:2:4:4:4:3:,recombination,4940.372794915034,2:2:4:4:3:4:4:4:2,4:3:4:4:4:3:4:4:4
4:2:4:3:2:4:4:4:3:,clone,3395.2621484871643,4:2:4:3:2:4:4:4:3
4:2:4:4:3:3:4:4:4:,recombination,3441.8873678327586,4:3:4:4:4:2:2:3:4,2:1:4:3:2:4:4:4:1
4:2:4:3:2:4:4:4:3:,clone,3239.799646146805,4:2:4:3:2:4:4:4:3
3:2:4:3:1:4:4:4:3:,clone,4157.750198038313,4:2:4:3:1:4:4:4:3
3:2:4:4:2:4:4:4:3:,recombination,4312.7183376316925,3:2:4:4:4:3:3:4:2,1:1:4:4:1:4:4:4:0
3:2:4:3:1:4:4:4:2:,recombination,3573.8945862012265,3:2:4:4:2:4:4:4:3,3:2:4:4:3:3:4:4:3,MUTATE
2:2:4:3:1:4:4:4:1:,recombination,3534.9504420886774,3:2:4:4:4:3:3:4:3,3:2:4:3:1:4:4:4:2
3:2:4:4:3:3:4:4:3:,clone,3733.55085690007,3:2:4:4:3:3:4:4:3
3:2:4:4:3:3:4:4:3:,recombination,3552.230332430571,1:1:4:2:0:4:4:4:0,3:2:4:4:4:4:4:4:3
3:2:4:4:3:3:4:4:3:,clone,3552.2303324305703,3:2:4:4:3:3:4:4:3
2:2:4:3:1:4:4:4:1:,clone,3534.0270129082332,2:2:4:3:1:4:4:4:1
2:2:4:4:2:4:4:4:2:,clone,4222.286299928788,3:2:4:4:2:4:4:4:2
1:1:4:3:1:4:4:4:1:,recombination,5186.094520056844,3:2:4:4:3:3:4:4:3,4:2:4:4:4:1:2:4:4
2:1:4:4:1:4:4:4:2:,recombination,4905.422358964575,1:1:4:4:4:4:4:4:0,4:4:4:4:4:1:2:3:4
3:1:4:4:4:4:3:4:2:,recombination,3477.561881064799,2:1:4:2:0:4:4:4:1,4:2:4:4:4:3:2:4:4
3:1:4:4:4:4:4:4:2:,clone,3664.5305215810195,3:1:4:4:4:4:4:4:2
4:1:4:4:3:4:4:4:3:,recombination,3262.986850595504,2:2:4:4:2:3:4:4:1,1:1:4:3:0:4:4:4:0
4:2:4:4:3:3:4:4:3:,recombination,3097.579736204908,3:2:4:4:3:3:4:4:2,4:2:4:4:4:2:3:4:3,MUTATE
4:2:4:4:4:3:3:4:3:,clone,3174.0302665798954,4:2:4:4:4:3:3:4:3
4:2:4:4:3:4:4:4:4:,clone,3411.8732046485406,4:2:4:4:3:4:4:4:4
4:4:4:4:4:0:1:1:4:,clone,3395.968149886406,4:4:4:4:4:0:1:1:4
3:1:4:3:0:4:4:4:1:,recombination,4147.967690033287,4:3:4:4:4:3:2:4:4,4:2:4:4:4:1:3:4:4
3:1:4:3:2:4:4:4:1:,recombination,3333.402181790492,2:1:4:3:1:4:4:4:0,4:3:4:4:4:3:2:4:4,MUTATE
0:1:4:3:0:4:4:4:0:,clone,5728.440983715293,1:1:4:2:0:4:4:4:0
0:1:4:2:0:4:4:4:0:,clone,5426.876559764044,0:1:4:2:0:4:4:4:0
3:2:4:4:4:4:3:4:2:,recombination,3651.111087175315,4:3:4:4:4:2:2:4:4,4:4:4:4:4:2:2:4:4,MUTATE
3:1:4:3:2:4:4:4:1:,recombination,3268.5520228713476,2:1:4:3:1:4:4:4:1,2:2:4:4:2:3:4:4:2
4:2:4:4:4:4:4:4:4:,recombination,3394.332645207353,3:1:4:3:2:4:4:4:2,4:2:4:4:4:3:4:4:4
4:4:4:4:4:0:1:1:4:,clone,3348.2189138645426,4:4:4:4:4:0:1:1:4
4:4:4:4:4:0:1:1:4:,clone,3282.9621141351545,4:4:4:4:4:0:1:1:4
4:4:4:4:4:0:1:2:4:,recombination,3063.516411790492,3:2:4:4:3:3:4:4:3,1:1:4:2:0:4:4:4:0
4:2:4:4:2:3:4:4:3:,clone,3318.6156317524074,4:2:4:4:2:3:4:4:3
4:2:4:4:2:4:4:4:3:,clone,3316.4043867536507,4:2:4:4:2:4:4:4:3
2:2:4:4:2:4:4:4:2:,recombination,4218.576646078345,4:4:4:4:4:2:3:4:4,3:1:4:3:2:3:4:4:2
2:1:4:4:2:3:4:4:1:,clone,3731.401853442706,2:1:4:4:2:3:4:4:1
2:1:4:3:0:4:4:4:0:,recombination,4072.563034305163,3:2:4:4:3:3:4:4:3,2:2:4:4:3:3:4:4:2
3:1:4:3:0:4:4:4:2:,recombination,4339.022158533046,2:1:4:4:1:4:4:4:2,4:2:4:4:4:1:3:4:4
0:1:4:3:0:4:4:4:0:,clone,5700.268979100668,1:1:4:2:0:4:4:4:0
3:1:4:4:3:3:4:4:3:,recombination,3826.1972420365596,4:3:4:4:4:1:1:4:4,1:1:4:4:1:4:4:4:1,MUTATE
1:1:4:4:2:4:4:4:0:,clone,4006.7106689026355,1:1:4:4:2:4:4:4:0
4:4:4:4:4:1:1:2:4:,clone,3132.7038921186167,4:4:4:4:4:0:1:2:4
4:4:4:4:4:0:1:2:4:,clone,3049.4287320593135,4:4:4:4:4:0:1:2:4
4:4:4:4:4:1:1:2:4:,recombination,3130.6229648749995,1:1:4:2:0:4:4:4:0,4:4:4:4:4:1:1:2:4,MUTATE
2:1:4:3:1:4:4:4:0:,recombination,3360.6664826453266,1:1:4:4:2:4:4:4:0,2:1:4:4:2:4:4:4:2
2:1:4:4:0:4:4:4:1:,recombination,6215.18277688043,4:4:4:4:4:1:1:4:4,4:3:4:4:4:2:2:4:4
4:2:4:4:2:4:4:4:2:,recombination,3784.8615823207138,4:3:4:4:4:1:2:3:4,1:1:4:2:1:4:4:4:0,MUTATE
4:4:4:4:4:1:0:4:4:,recombination,3010.333885663719,3:2:4:3:1:4:4:4:2,3:2:4:4:4:3:4:4:2,MUTATE
2:1:4:4:4:3:4:4:1:,recombination,3616.277423800744,4:3:4:4:4:3:2:4:4,3:1:4:3:2:4:4:4:2,MUTATE
3:2:4:4:4:4:3:4:2:,recombination,3647.6435190510033,4:2:4:4:4:4:3:4:4,3:1:4:3:2:4:4:4:2
2:2:4:4:3:4:4:4:1:,clone,4263.005963105373,2:2:4:4:3:4:4:4:1
4:4:4:4:4:1:2:4:4:,recombination,3055.072358524051,3:1:4:4:2:4:4:4:1,2:1:4:4:3:4:4:4:1
3:1:4:2:0:4:4:4:2:,recombination,4444.767522502553,4:4:4:4:4:1:1:2:4,4:2:4:4:4:4:4:4:4
3:2:4:4:1:4:4:4:2:,clone,4289.562632224767,3:1:4:3:0:4:4:4:2
3:1:4:2:0:4:4:4:2:,clone,4050.893083870219,3:1:4:2:0:4:4:4:2
3:1:4:2:0:4:4:4:2:,clone,3912.177674600454,3:1:4:2:0:4:4:4:2
1:1:4:3:0:4:4:4:0:,clone,4077.622009120568,2:1:4:2:0:4:4:4:0
3:2:4:4:3:4:4:4:3:,recombination,4076.545175068892,4:2:4:4:4:4:4:4:3,4:2:4:4:4:2:3:4:4,MUTATE
1:1:4:2:0:4:4:4:0:,clone,3613.8882550727185,1:1:4:2:0:4:4:4:0
3:2:4:4:2:4:4:4:2:,clone,3326.4130172656073,3:2:4:4:2:4:4:4:2
4:2:4:4:3:4:4:4:3:,recombination,3268.61438117291,4:4:3:4:4:1:1:4:4,2:1:4:4:1:4:4:4:1
2:1:4:4:3:4:4:4:2:,clone,3952.262276545621,3:1:4:4:3:4:4:4:2
3:2:4:4:4:3:4:4:3:,recombination,3638.3606294789824,3:1:4:2:0:4:4:4:1,1:1:4:4:4:4:4:4:0
2:2:4:4:2:4:4:4:2:,recombination,4160.8580162255885,3:1:4:2:0:4:4:4:1,3:2:4:4:2:4:4:4:2,MUTATE
4:2:4:4:4:4:4:4:3:,recombination,3345.930170854899,4:4:3:4:4:2:2:4:4,4:2:4:4:4:3:2:4:4,MUTATE
4:2:4:4:3:4:4:4:3:,recombination,3195.8644385557755,1:1:4:3:1:4:4:4:0,2:1:4:4:1:4:4:4:1,MUTATE
4:2:4:4:4:4:3:4:4:,recombination,3202.039319869377,1:1:4:3:1:4:4:4:0,4:4:4:4:4:0:1:2:4,MUTATE
3:1:4:3:0:4:4:4:1:,clone,4129.266800634997,3:1:4:3:0:4:4:4:1
4:2:4:4:4:3:3:4:3:,recombination,3124.3391207808804,0:1:4:2:0:4:4:4:0,4:2:4:4:2:4:4:4:3
2:2:4:4:4:3:4:4:2:,recombination,3944.9870623613506,4:1:4:4:3:4:4:4:3,2:2:4:4:1:4:4:4:2,MUTATE
2:2:4:4:3:4:4:4:2:,clone,3974.605560393392,2:2:4:4:3:4:4:4:2
2:2:4:4:3:4:4:4:2:,clone,3776.134066372699,2:2:4:4:3:4:4:4:2
2:2:4:4:2:4:4:4:1:,clone,4064.4043706508405,2:2:4:4:2:4:4:4:1
1:1:4:3:0:4:4:4:0:,recombination,4075.342315825704,3:2:4:4:1:3:4:4:2,3:2:4:4:3:3:4:4:3,MUTATE
4:1:4:4:4:4:4:4:3:,clone,4122.315486894899,4:2:4:4:4:3:3:4:3
3:1:4:4:4:4:4:4:2:,recombination,3631.9779191822577,2:1:4:4:3:4:4:4:1,1:1:4:1:0:4:4:4:0
3:2:4:4:4:4:3:4:2:,clone,3402.57650360426,3:2:4:4:4:4:3:4:2
1:1:4:4:2:4:4:4:0:,clone,3873.8397815397925,1:1:4:2:0:4:4:4:0
3:2:4:3:0:4:4:4:2:,recombination,4522.349511973366,4:1:4:3:2:4:4:4:3,4:4:3:4:4:1:2:4:4,MUTATE
3:1:4:3:0:4:4:4:2:,recombination,4321.321872713309,2:2:4:4:3:4:4:4:1,2:1:4:3:1:4:4:4:1
2:1:4:4:2:3:4:4:1:,recombination,3665.9316100535716,4:4:2:4:4:0:0:1:4,2:2:4:4:1:3:4:4:1
3:2:4:4:1:4:4:4:3:,clone,4551.5814184826795,3:2:4:4:1:4:4:4:3
4:1:4:4:3:4:4:4:2:,clone,3382.68231251762,4:1:4:4:3:4:4:4:2
3:2:4:4:2:3:4:4:3:,recombination,4313.920103636428,2:1:4:3:0:4:4:4:1,4:4:4:4:4:1:1:2:4
2:2:4:4:1:4:4:4:1:,clone,4312.371549802897,2:2:4:4:1:4:4:4:1
2:2:4:4:2:4:4:4:1:,recombination,4034.7477425864045,4:2:4:4:4:3:2:4:4,3:1:4:3:1:4:4:4:1
3:2:4:4:4:3:4:4:2:,recombination,3453.735466432362,2:1:4:4:2:4:4:4:2,4:3:4:4:4:1:1:4:4
2:1:4:1:0:4:4:4:0:,clone,3198.800588035697,2:1:4:1:0:4:4:4:0
1:1:4:3:0:4:4:4:1:,clone,5797.058063810411,2:1:4:3:1:4:4:4:1
1:1:4:3:0:4:4:4:1:,clone,5514.946867376546,1:1:4:3:0:4:4:4:1
1:2:4:2:0:4:4:4:0:,recombination,4916.717980437274,4:4:4:4:4:1:3:4:4,1:1:4:4:1:3:4:4:1
3:1:4:4:4:3:4:4:2:,recombination,3491.786410878467,3:1:4:4:1:4:4:4:2,1:1:4:1:0:4:4:4:0
4:4:3:4:4:0:0:0:4:,clone,3220.4430448171297,1:1:4:3:1:4:4:4:0
2:1:4:4:2:4:4:4:1:,clone,3231.8554496766196,2:1:4:4:2:4:4:4:1
2:1:4:3:1:4:4:4:1:,recombination,3320.6672318933192,4:2:4:3:2:4:4:4:3,2:2:4:4:3:4:4:4:1,MUTATE
3:1:4:4:4:4:4:4:2:,recombination,3305.0338047179034,4:4:4:4:4:1:1:2:4,3:1:4:3:2:4:4:4:2
1:1:4:4:2:4:4:4:1:,clone,5313.694056404463,1:1:4:4:2:4:4:4:1
2:2:4:4:3:3:4:4:1:,recombination,4308.26424354658,1:1:4:3:0:4:4:4:0,3:2:4:3:2:4:4:4:2
1:1:4:2:0:4:4:4:0:,recombination,3536.852201631474,4:4:4:4:4:1:2:4:4,2:1:4:4:3:4:4:4:1
3:1:4:3:0:4:4:4:1:,clone,4091.7550593217943,3:1:4:3:0:4:4:4:1
1:1:4:3:0:4:4:4:0:,clone,4063.9418339303065,1:1:4:2:0:4:4:4:0
2:2:4:4:4:3:4:4:1:,clone,4652.606256102023,3:2:4:4:4:3:4:4:2
2:2:4:4:4:3:4:4:1:,clone,4454.54487078698,2:2:4:4:4:3:4:4:1
2:2:4:4:3:4:4:4:1:,clone,4245.401863139962,2:2:4:4:3:4:4:4:1
2:2:4:4:2:3:4:4:2:,clone,4252.165407993664,2:2:4:4:2:4:4:4:1
4:4:4:4:4:1:2:2:4:,clone,3645.0087128717214,4:4:4:4:4:1:2:2:4
4:4:4:4:4:1:2:3:4:,clone,3393.8917290994114,4:4:4:4:4:1:1:3:4
4:2:4:4:2:3:4:4:4:,recombination,4032.3725219443645,2:1:4:4:3:3:4:4:2,4:4:2:4:4:1:1:4:4,MUTATE
3:2:4:4:2:4:4:4:3:,recombination,4111.540372979678,2:1:4:4:2:4:4:4:2,4:2:4:4:3:3:4:4:4,MUTATE
2:1:4:4:1:4:4:4:1:,recombination,4249.414292416793,3:2:4:4:1:4:4:4:2,4:4:4:4:4:1:1:4:4
4:1:4:3:2:4:4:4:2:,clone,3518.297659596995,4:1:4:3:2:4:4:4:2
3:2:4:4:2:4:4:4:2:,recombination,3298.3924386295203,4:3:4:4:4:3:3:4:4,4:2:4:4:4:1:2:4:4
4:4:4:4:4:1:1:2:4:,recombination,3087.5795695845204,2:1:4:4:3:3:4:4:2,4:4:4:4:4:1:2:4:4,MUTATE
4:2:4:4:4:4:3:4:3:,recombination,3290.8611442341544,3:1:4:3:1:4:4:4:2,4:2:4:4:4:2:2:4:4,MUTATE
2:1:4:4:2:4:4:4:2:,recombination,4405.635441670819,2:1:4:4:4:4:4:4:2,3:2:4:4:2:4:4:4:3
2:1:4:4:2:4:4:4:2:,clone,4343.81801891769,3:1:4:4:2:4:4:4:2
2:1:4:4:2:4:4:4:2:,clone,4259.882491893517,2:1:4:4:2:4:4:4:2
3:1:4:4:4:3:4:4:2:,recombination,3310.8448554806437,2:2:4:3:0:4:4:4:1,2:2:4:4:1:4:4:4:2
2:2:4:4:3:4:4:4:1:,recombination,4240.775687031068,4:4:4:4:4:1:2:4:4,4:2:4:3:2:4:4:4:3
2:2:4:4:3:4:4:4:1:,clone,4106.214954322176,2:2:4:4:3:4:4:4:1
1:1:4:3:1:4:4:4:1:,recombination,5180.269064954302,0:1:4:3:0:4:4:4:0,2:2:4:4:1:4:4:4:1,MUTATE
3:1:4:4:3:4:4:4:2:,clone,3197.790034891678,3:1:4:4:3:4:4:4:2
1:1:4:4:2:4:4:4:1:,clone,5227.146791648273,1:1:4:4:2:4:4:4:1
1:1:4:4:2:4:4:4:1:,clone,4925.3758063948835,1:1:4:4:2:4:4:4:1
3:2:4:4:2:4:4:4:3:,recombination,4024.5115810042416,2:1:4:3:0:4:4:4:0,2:1:4:3:1:3:4:4:1
2:1:4:3:0:4:4:4:1:,recombination,4026.980036259791,3:2:4:4:2:3:4:4:2,4:3:4:4:4:0:1:1:4
2:1:4:3:2:3:4:4:1:,recombination,3697.5544987205913,4:4:4:4:4:1:1:3:4,4:3:4:4:4:1:1:3:4,MUTATE
4:3:4:4:4:2:3:4:4:,clone,3062.702023020267,4:3:4:4:4:2:3:4:4
4:4:4:4:4:1:0:3:4:,clone,2932.855914199429,4:4:4:4:4:1:0:3:4
4:2:4:4:4:2:3:4:4:,recombination,3021.8366438615813,3:1:4:4:3:4:4:4:2,3:1:4:3:2:4:4:4:2,MUTATE
2:1:4:4:3:4:4:4:1:,clone,3609.115984002849,2:1:4:4:3:4:4:4:1
3:1:4:3:2:4:4:4:2:,recombination,3191.353170678861,0:1:4:2:0:4:4:4:0,3:1:4:4:3:4:4:4:2
4:2:4:4:4:3:3:4:3:,clone,3123.829914905313,4:2:4:4:4:3:3:4:3
2:1:4:4:3:4:4:4:1:,recombination,3508.6176542597045,3:2:4:4:3:3:4:4:3,3:2:4:4:3:3:4:4:3,MUTATE
2:1:4:2:1:4:4:4:1:,clone,3206.262510790386,2:1:4:2:1:4:4:4:1
3:1:4:2:1:4:4:4:1:,clone,3283.6969514290145,2:1:4:3:0:4:4:4:1
2:1:4:3:1:4:4:4:1:,clone,3312.9775722794598,2:1:4:3:1:4:4:4:1
4:2:4:4:3:4:4:4:2:,clone,3312.9775722794598,4:2:4:4:3:4:4:4:2
4:4:3:4:4:0:0:0:4:,clone,3110.696547133959,2:1:4:2:0:4:4:4:0
2:1:4:3:0:4:4:4:0:,recombination,4070.7830231089742,2:2:4:4:2:4:4:4:1,3:1:4:4:2:4:4:4:1
4:4:4:4:4:1:3:4:4:,recombination,4061.44812789731,4:2:4:4:4:4:4:4:3,4:4:3:4:4:0:0:0:4
2:2:4:4:3:3:4:4:1:,clone,4062.9365611284793,2:2:4:4:3:3:4:4:1
4:4:4:4:4:0:1:2:4:,clone,3047.45643732067,4:4:4:4:4:0:1:2:4
3:2:4:4:3:4:4:4:3:,recombination,4062.6649672163007,4:2:4:4:4:4:3:4:3,1:1:4:1:0:4:4:4:0
4:1:4:4:2:4:4:4:3:,recombination,3269.175173798933,3:2:4:4:1:4:4:4:2,4:4:4:4:4:1:1:1:4
4:1:4:4:3:3:4:4:3:,clone,3149.5270009362894,4:2:4:4:3:3:4:4:3
3:2:4:4:4:3:3:4:3:,clone,3389.0414169177166,3:2:4:4:4:3:3:4:3
4:2:4:4:4:3:3:4:3:,clone,3060.4077315797226,4:2:4:4:4:3:3:4:3
4:4:3:4:4:2:2:4:4:,recombination,3234.8609023878525,4:4:4:4:4:0:1:3:4,3:1:4:4:3:4:4:4:2,MUTATE
4:3:3:4:4:2:2:4:4:,recombination,3230.2601783389455,2:2:4:4:4:4:4:4:2,3:1:4:4:3:4:4:4:2
4:2:4:4:4:3:4:4:4:,clone,3283.6969514290154,4:2:4:4:4:3:3:4:4
4:1:4:3:2:4:4:4:2:,recombination,3350.122712846707,3:1:4:4:3:4:4:4:2,2:2:4:4:4:3:4:4:2
2:1:4:4:4:3:3:4:2:,recombination,4252.9245648443275,2:1:4:4:2:4:4:4:2,1:1:4:4:3:4:4:4:0,MUTATE
3:2:4:3:2:3:4:4:2:,recombination,3943.4999920019814,4:3:4:4:4:2:1:4:4,3:2:4:4:3:4:4:4:2
3:2:4:3:2:3:4:4:2:,recombination,3591.2245997776463,4:2:4:4:4:3:4:4:4,4:2:4:4:4:1:3:4:4,MUTATE
1:1:4:1:0:4:4:4:0:,clone,3080.396519721558,1:1:4:1:0:4:4:4:0
1:1:4:3:0:4:4:4:0:,recombination,4058.6747381052905,4:2:4:4:4:4:4:4:3,4:2:4:4:4:3:4:4:4,MUTATE
3:2:4:4:4:4:4:4:2:,recombination,3489.3160733542572,4:3:4:4:4:1:1:4:4,4:4:4:4:4:1:2:4:4,MUTATE
4:3:4:4:4:3:4:4:4:,recombination,3625.9860467704507,3:2:4:4:3:4:4:4:3,2:1:4:2:0:4:4:4:1
2:1:4:3:0:4:4:4:0:,clone,4062.2079289751314,2:1:4:3:0:4:4:4:0
3:1:4:4:2:4:4:4:3:,clone,4743.011402530105,3:1:4:4:2:4:4:4:3
3:1:4:2:1:4:4:4:2:,recombination,3366.151905887478,3:2:4:4:3:4:4:4:3,4:4:4:4:4:0:0:3:4
4:4:4:4:4:0:1:1:4:,clone,3260.2275966190855,4:4:4:4:4:0:0:1:4
4:4:4:4:4:0:1:1:4:,clone,3255.865792720528,4:4:4:4:4:0:1:1:4
4:4:4:4:4:3:2:4:4:,clone,3778.3783920494143,4:4:4:4:4:3:2:4:4
3:2:4:4:4:4:3:4:3:,recombination,4395.826292520073,4:1:4:4:2:4:4:4:2,4:4:4:4:4:0:1:1:4,MUTATE
2:2:4:4:1:4:4:4:2:,clone,4625.785319053888,2:2:4:4:1:4:4:4:2
1:1:4:4:2:4:4:4:1:,clone,4846.452067166735,1:1:4:4:1:4:4:4:0
3:1:4:4:1:3:4:4:2:,clone,4481.150403982236,3:1:4:3:1:4:4:4:2
3:2:4:4:2:3:4:4:3:,clone,3939.591582953444,3:2:4:4:2:3:4:4:3
4:4:4:4:4:0:0:0:4:,clone,2840.853326637282,1:1:4:3:0:4:4:4:0
2:1:4:4:3:4:4:4:1:,clone,3457.0039112519044,2:1:4:4:3:4:4:4:1
2:2:4:4:4:3:4:4:2:,recombination,3891.8152595795145,4:1:4:4:3:4:4:4:2,3:1:4:4:3:4:4:4:2,MUTATE
2:1:4:3:1:4:4:4:1:,recombination,3307.2065427228117,4:4:3:4:4:1:0:3:4,3:1:4:4:2:4:4:4:2,MUTATE
2:2:4:4:2:4:4:4:1:,clone,3870.875472674805,2:1:4:4:2:4:4:4:1
