4:3:4:4:4:2:3:4:4:,initialisation,4462.905647886648,
4:3:4:4:4:2:2:4:4:,initialisation,3652.742439912417,
4:4:4:4:4:1:2:4:4:,initialisation,3812.4536407390283,
4:3:4:4:4:2:3:4:4:,initialisation,3936.322994119433,
4:4:3:4:4:2:2:4:4:,initialisation,3283.696951429015,
4:3:4:4:4:1:2:4:4:,initialisation,3598.6514330424316,
4:4:4:4:4:2:2:4:4:,initialisation,3723.5832117389614,
4:3:4:4:4:1:2:3:4:,initialisation,4079.1496976514813,
4:4:4:4:4:1:1:4:4:,initialisation,3578.280119099898,
4:2:4:4:4:2:3:4:4:,initialisation,3981.886425608755,
4:2:4:4:4:3:3:4:4:,initialisation,3832.1678324314344,
4:4:4:4:4:2:2:4:4:,initialisation,3455.368342598006,
4:3:4:4:4:3:3:4:4:,initialisation,3711.374168564802,
4:4:3:4:4:2:2:4:4:,initialisation,3283.6969514290145,
4:4:3:4:4:2:1:4:4:,initialisation,3283.696951429016,
3:2:4:4:4:2:3:4:3:,initialisation,5208.735280895108,
4:4:4:4:4:2:2:4:4:,initialisation,3375.1784455124002,
4:4:4:4:4:1:2:4:4:,initialisation,3439.7743767654165,
4:3:4:4:4:2:2:4:4:,initialisation,3283.6969514290154,
4:4:4:4:4:1:1:4:4:,initialisation,3469.843100720139,
4:3:4:4:4:2:3:4:4:,initialisation,3894.47440327698,
4:4:4:4:4:1:2:3:4:,initialisation,3951.6809477203824,
4:3:4:4:4:2:3:4:4:,initialisation,3849.780395891479,
4:3:4:4:4:2:2:4:4:,initialisation,3153.704328212523,
4:4:4:4:4:1:1:4:4:,initialisation,3442.1922518757547,
3:2:4:4:4:3:4:4:3:,initialisation,5245.411144544853,
4:3:4:4:4:2:3:4:4:,initialisation,3818.860415683014,
4:4:3:4:4:1:1:4:4:,initialisation,3283.6969514290154,
4:2:4:4:4:3:3:4:4:,initialisation,3283.696951429016,
4:4:3:4:4:2:1:4:4:,initialisation,3283.6969514290145,
4:4:4:4:4:1:2:4:4:,initialisation,3429.5573297994324,
4:2:4:4:4:2:3:4:4:,initialisation,3890.2970450276202,
4:3:4:4:4:2:3:4:4:,initialisation,3794.769776883128,
4:3:3:4:4:2:2:4:4:,initialisation,3283.696951429015,
4:4:4:4:4:1:2:4:4:,initialisation,3323.7236789296708,
4:4:3:4:4:1:2:4:4:,initialisation,3283.696951429016,
4:2:4:4:4:3:4:4:4:,initialisation,4980.197311594939,
4:3:4:4:4:1:2:2:4:,initialisation,4467.173989114093,
4:4:4:4:4:1:2:4:4:,initialisation,3168.6317427751687,
4:2:4:4:4:3:4:4:4:,initialisation,4911.918532564115,
4:4:4:4:4:1:1:4:4:,initialisation,3397.6788075388367,
4:3:4:4:4:3:3:4:4:,initialisation,3283.696951429015,
4:3:4:4:4:1:2:4:4:,initialisation,3459.7113830730686,
4:2:4:4:4:2:2:4:4:,initialisation,3735.391418728428,
4:4:4:4:4:1:1:4:4:,initialisation,3274.69551768129,
4:3:4:4:4:1:2:4:4:,initialisation,3207.4435276604795,
4:3:4:4:4:3:4:4:4:,initialisation,5247.6808135254205,
4:3:4:4:4:2:3:4:4:,initialisation,3718.175296765751,
4:4:2:4:4:1:1:4:4:,initialisation,3283.696951429015,
4:4:4:4:4:2:3:4:4:,initialisation,4313.758182650225,
4:3:4:4:4:1:1:2:4:,initialisation,3622.515760862869,
4:4:4:4:4:2:2:4:4:,initialisation,3209.8515150709472,
4:3:4:4:4:2:3:4:4:,initialisation,3283.6969514290154,
4:4:4:4:4:2:3:4:4:,initialisation,3977.439746802423,
4:3:4:4:4:3:4:4:4:,initialisation,4742.560626520661,
4:3:4:4:4:2:2:4:4:,initialisation,3134.614715498934,
4:4:3:4:4:1:2:4:4:,initialisation,3283.6969514290145,
4:2:4:4:4:2:3:4:4:,initialisation,3625.241875202381,
4:3:4:4:4:1:3:4:4:,initialisation,4456.3128669003145,
4:3:4:4:4:1:1:3:4:,initialisation,3807.891149921041,
4:4:4:4:4:0:0:0:4:,initialisation,3157.3273826980435,
4:3:4:4:4:1:3:4:4:,initialisation,4262.988061848822,
4:4:4:4:4:1:1:4:4:,initialisation,3248.8657758289874,
4:3:4:4:4:1:2:4:4:,initialisation,3188.589032639981,
4:4:4:4:4:2:3:4:4:,initialisation,3937.4507138786053,
4:3:4:4:4:3:2:4:4:,initialisation,3283.6969514290145,
4:4:4:4:4:1:1:4:4:,initialisation,3055.1318965710648,
4:3:4:4:4:1:1:4:4:,initialisation,3439.36892855097,
4:4:2:4:4:2:1:4:4:,initialisation,3283.696951429016,
4:3:3:4:4:2:2:4:4:,initialisation,3283.6969514290145,
4:2:4:4:4:1:2:4:4:,initialisation,4268.47236616125,
4:2:4:4:4:3:4:4:4:,initialisation,4683.834100367709,
3:2:4:4:4:3:3:4:3:,initialisation,4858.041098726612,
4:2:4:4:4:3:4:4:4:,initialisation,4337.792190528494,
4:4:4:4:4:2:1:4:4:,initialisation,3302.235954947094,
4:3:4:4:4:1:2:2:4:,initialisation,4104.676943706522,
4:4:3:4:4:2:2:4:4:,initialisation,3262.975336355224,
4:2:4:4:4:4:4:4:3:,initialisation,5440.310660843346,
4:4:4:4:4:0:0:0:4:,initialisation,3137.8102078364022,
4:2:4:4:4:2:4:4:4:,initialisation,4895.91960485953,
4:3:4:4:4:1:1:3:4:,initialisation,3471.9187956301757,
4:3:4:4:4:1:2:3:4:,initialisation,4037.646442126438,
4:4:4:4:4:0:1:3:4:,initialisation,3266.353404804051,
4:3:4:4:4:2:3:3:4:,initialisation,5222.834191792926,
1:1:4:2:0:4:4:4:0:,initialisation,5326.169680051825,
4:3:4:4:4:3:4:4:4:,initialisation,4598.971822888343,
4:4:4:4:4:0:1:2:4:,initialisation,3256.8419360344383,
4:2:4:4:4:3:3:4:3:,initialisation,4893.825136114211,
4:4:4:4:4:1:2:3:4:,initialisation,3830.0447248269006,
4:4:4:4:4:1:2:3:4:,initialisation,3816.4374218561397,
4:3:4:4:4:1:1:4:4:,initialisation,3397.8647908019543,
4:3:4:4:4:2:2:3:4:,initialisation,4170.121673347526,
4:3:4:4:4:2:3:4:4:,initialisation,3217.0849577901877,
4:2:4:4:4:2:3:3:4:,initialisation,5205.621870094291,
4:3:4:4:4:1:3:4:4:,initialisation,3899.931751790983,
4:4:4:4:4:0:1:4:4:,initialisation,3277.342822455931,
4:4:4:4:4:2:3:4:4:,initialisation,3753.8140439665326,
3:2:4:4:4:3:4:4:3:,initialisation,4619.721704538264,
4:4:4:4:4:1:1:3:4:,initialisation,3764.4999577494686,
4:3:4:4:4:1:1:4:4:,initialisation,3393.4170795788123,
4:4:3:4:4:3:2:4:4:,initialisation,3283.696951429016,
4:4:4:4:4:1:1:1:4:,initialisation,3663.258957079267,
4:4:4:4:4:2:3:4:4:,initialisation,3460.2331097162814,
4:4:4:4:4:0:0:3:4:,initialisation,3023.1344849025695,
4:2:4:4:4:3:4:4:3:,initialisation,5160.189436408313,
4:3:4:4:4:1:2:3:4:,initialisation,3483.6127371926486,
4:3:3:4:4:3:2:4:4:,initialisation,3283.6969514290167,
4:3:4:4:4:1:1:3:4:,initialisation,3420.0565173729797,
4:3:4:4:4:1:2:4:4:,initialisation,3077.17010807124,
4:2:4:4:4:4:4:4:3:,initialisation,4739.901554376909,
4:3:4:4:4:1:1:2:4:,initialisation,3321.243343256914,
4:4:3:4:4:1:1:4:4:,initialisation,3283.696951429015,
4:4:4:4:4:1:1:3:4:,initialisation,3196.032183612417,
4:2:4:4:4:3:4:4:4:,initialisation,4301.47756247767,
4:2:4:4:4:2:2:4:4:,initialisation,3265.0012533275467,
4:4:2:4:4:2:1:4:4:,initialisation,3283.6969514290154,
4:2:4:4:4:4:4:4:4:,initialisation,4582.668299354638,
4:3:4:4:4:1:1:4:4:,initialisation,3321.042882750576,
3:2:4:4:4:2:3:4:3:,initialisation,4783.025065478956,
4:2:4:4:3:3:4:4:4:,initialisation,4517.465033201515,
4:3:4:4:4:0:1:3:4:,initialisation,3354.0749837574917,
4:2:4:4:4:2:3:4:4:,initialisation,3553.2538684903075,
4:4:3:4:4:2:2:4:4:,initialisation,3261.8071129068135,
4:2:4:4:4:2:3:4:4:,initialisation,3503.096997737133,
4:4:3:4:4:1:2:4:4:,initialisation,3228.0541387913454,
4:4:4:4:4:1:3:4:4:,initialisation,4188.625868036526,
3:2:4:4:4:3:4:4:2:,initialisation,4934.92003879923,
4:3:4:4:4:1:3:3:4:,initialisation,4654.9852354036975,
4:2:4:4:4:2:3:4:4:,initialisation,3399.2595443249093,
4:3:4:4:4:1:1:1:4:,initialisation,3849.789259901148,
4:3:3:4:4:2:2:4:4:,initialisation,3283.696951429014,
4:2:4:4:4:3:4:4:3:,initialisation,4202.74473945584,
4:4:4:4:4:2:1:4:4:,initialisation,3246.927824838456,
4:4:4:4:4:0:0:1:4:,initialisation,3160.354039711411,
4:4:4:4:4:1:2:4:4:,initialisation,3131.4843171786747,
4:4:3:4:4:2:2:4:4:,initialisation,3251.3818846099134,
4:3:3:4:4:3:2:4:4:,initialisation,3283.6969514290145,
4:4:3:4:4:3:2:4:4:,initialisation,3283.6969514290145,
4:3:4:4:4:2:3:3:4:,initialisation,4906.132479403721,
4:3:4:4:4:1:2:1:4:,initialisation,4669.671355565391,
4:3:4:4:4:0:1:2:4:,initialisation,3438.210378042077,
3:2:4:4:4:3:4:4:2:,initialisation,4933.826057302286,
4:2:4:4:4:3:4:4:4:,initialisation,4287.915050949109,
4:3:4:4:4:3:3:4:4:,initialisation,3247.198494103393,
4:3:4:4:4:0:1:2:4:,initialisation,3362.922432102808,
4:2:4:4:4:3:3:4:3:,initialisation,4575.3306978989,
4:3:4:4:4:2:3:2:4:,initialisation,4935.707832511565,
4:3:4:4:4:1:1:3:4:,initialisation,3370.757486237226,
4:3:4:4:4:2:1:4:4:,initialisation,3120.905396601819,
4:4:2:4:4:2:1:4:4:,initialisation,3283.6969514290145,
4:2:4:4:4:3:4:4:4:,initialisation,4173.3689017479655,
4:2:4:4:4:2:3:3:4:,initialisation,4502.032377941919,
4:3:4:4:4:1:1:3:4:,initialisation,3299.82800750972,
4:3:4:4:4:1:1:4:4:,initialisation,3235.1736265419336,
4:4:4:4:4:0:1:3:4:,initialisation,3099.1888130081425,
2:2:4:4:4:3:4:4:2:,initialisation,5940.042696984778,
4:3:4:4:4:1:2:2:4:,initialisation,3742.648000991763,
4:3:4:4:4:1:3:4:4:,initialisation,3790.647781182348,
4:3:4:4:4:1:1:4:4:,initialisation,3162.282781167864,
4:2:4:4:4:3:3:4:4:,initialisation,3283.6969514290154,
4:4:4:4:4:0:0:2:4:,initialisation,3229.1786229428894,
4:2:4:4:4:3:4:4:4:,initialisation,3796.2367123932518,
4:4:4:4:4:3:2:4:4:,initialisation,4519.522755032669,
2:2:4:4:3:4:4:4:2:,initialisation,5437.243203344061,
4:4:3:4:4:2:2:4:4:,initialisation,3230.395932145193,
4:3:4:4:4:2:3:3:4:,initialisation,4687.174363950131,
4:2:4:4:4:1:2:3:4:,initialisation,4430.091175055899,
4:4:3:4:4:2:1:4:4:,initialisation,3259.794485984969,
4:4:2:4:4:1:1:4:4:,initialisation,3283.6969514290145,
4:2:4:4:4:2:3:4:4:,initialisation,3124.3739440945333,
3:2:4:4:3:4:4:4:2:,initialisation,6112.65563350352,
3:2:4:4:4:2:3:4:3:,initialisation,4118.459940765666,
4:2:4:4:4:1:2:4:4:,initialisation,3857.7994600625066,
4:4:4:4:4:1:2:3:4:,initialisation,3750.627517711781,
1:1:4:2:0:4:4:4:0:,initialisation,4443.002125641239,
4:4:4:4:4:3:3:4:4:,initialisation,4424.812203701729,
4:3:4:4:4:3:4:4:4:,initialisation,4483.485505370485,
4:2:4:4:4:4:3:4:4:,initialisation,4541.899563175541,
4:3:4:4:4:2:3:3:4:,initialisation,4660.096452814549,
2:1:4:1:0:4:4:4:0:,initialisation,3283.696951429015,
4:4:3:4:4:1:1:4:4:,recombination,3283.6969514290145,4:4:2:4:4:2:1:4:4,4:3:3:4:4:3:2:4:4
4:4:3:4:4:2:1:4:4:,recombination,3259.4804359108716,4:4:4:4:4:1:2:4:4,4:4:3:4:4:2:1:4:4,MUTATE
4:4:4:4:4:0:0:4:4:,clone,3058.79868731088,4:4:4:4:4:0:0:3:4
4:4:4:4:4:1:0:3:4:,recombination,2985.830631654707,4:3:4:4:4:1:1:3:4,4:4:3:4:4:1:2:4:4,MUTATE
4:4:4:4:4:3:3:4:4:,clone,4414.758981076183,4:4:4:4:4:3:3:4:4
4:3:4:4:4:1:3:4:4:,clone,3759.154536592786,4:3:4:4:4:1:3:4:4
4:3:4:4:4:1:1:1:4:,clone,3838.7163078464405,4:3:4:4:4:1:1:1:4
4:4:4:4:4:1:2:4:4:,clone,3100.849851248372,4:3:4:4:4:1:2:4:4
4:4:4:4:4:0:0:0:4:,clone,3127.022388926618,4:3:4:4:4:2:3:3:4
4:2:4:4:4:4:4:4:3:,clone,4715.227264744933,4:2:4:4:4:4:4:4:3
4:4:4:4:4:1:2:4:4:,clone,3067.306436232266,4:3:4:4:4:1:2:4:4
4:3:4:4:4:0:0:2:4:,recombination,3109.9805332557726,4:4:2:4:4:2:1:4:4,4:3:4:4:4:0:1:2:4,MUTATE
4:4:4:4:4:1:2:4:4:,clone,3066.7880433642113,4:4:4:4:4:1:2:4:4
4:3:4:4:4:1:1:1:4:,recombination,3831.816132386549,4:3:4:4:4:1:1:1:4,4:4:4:4:4:1:1:3:4
4:4:4:4:4:0:1:1:4:,clone,3631.700371125061,4:4:4:4:4:1:1:1:4
4:3:4:4:4:1:1:1:4:,clone,3662.577803430356,4:3:4:4:4:1:1:1:4
4:4:4:4:4:3:2:4:4:,recombination,3539.2891366084773,4:4:3:4:4:3:2:4:4,4:3:4:4:4:2:3:4:4
4:4:3:4:4:2:2:4:4:,clone,3228.0541387913454,4:4:3:4:4:1:2:4:4
4:4:4:4:4:2:2:4:4:,recombination,3083.558144148171,4:4:4:4:4:1:2:4:4,4:3:4:4:4:3:3:4:4
4:4:4:4:4:0:0:0:4:,clone,3125.0380991828406,4:4:4:4:4:0:0:0:4
4:4:4:4:4:0:0:0:4:,clone,3105.9804895695015,4:4:4:4:4:0:0:0:4
4:4:4:4:4:1:1:1:4:,clone,3654.373581792634,4:3:4:4:4:1:1:1:4
4:4:4:4:4:1:2:3:4:,clone,3552.5246906653556,4:4:4:4:4:1:2:3:4
3:2:4:4:4:2:3:4:3:,clone,4049.8240494589704,3:2:4:4:4:2:3:4:3
4:3:4:4:4:1:3:4:4:,clone,3711.924008058134,4:3:4:4:4:1:3:4:4
4:3:4:4:4:1:2:4:4:,recombination,3018.2168527920026,4:3:4:4:4:1:2:4:4,4:4:4:4:4:3:2:4:4,MUTATE
3:2:4:4:4:2:3:4:3:,clone,4031.650126204902,3:2:4:4:4:2:3:4:3
4:4:4:4:4:0:0:2:4:,clone,3169.9164198329604,4:4:4:4:4:0:0:2:4
4:4:4:4:4:1:2:3:4:,recombination,3536.7223576323177,4:4:4:4:4:1:2:3:4,4:4:4:4:4:1:2:4:4
4:4:4:4:4:0:0:0:4:,clone,3056.7401500360334,4:4:4:4:4:0:0:0:4
4:2:4:4:3:3:4:4:3:,recombination,4129.293866964951,4:2:4:4:4:3:4:4:3,4:3:4:4:4:1:3:4:4,MUTATE
4:3:4:4:4:3:3:4:4:,recombination,3228.0541387913445,4:4:3:4:4:2:2:4:4,4:2:4:4:4:3:3:4:4,MUTATE
4:3:4:4:4:1:1:4:4:,recombination,3115.303935250653,4:3:4:4:4:1:1:3:4,4:3:4:4:4:1:1:4:4,MUTATE
4:3:4:4:4:0:1:3:4:,clone,3169.9164198329604,4:4:4:4:4:0:0:2:4
4:4:4:4:4:0:0:0:4:,recombination,2981.363344362437,4:3:4:4:4:1:1:3:4,4:4:4:4:4:0:0:0:4,MUTATE
4:3:4:4:4:1:1:4:4:,recombination,3006.3257812642537,4:2:4:4:4:2:3:4:4,4:4:4:4:4:1:0:3:4
4:4:3:4:4:2:1:4:4:,clone,3257.8817401141932,4:4:2:4:4:2:1:4:4
4:4:4:4:4:0:1:1:4:,recombination,3568.2282195315215,4:3:4:4:4:1:1:3:4,4:4:4:4:4:1:1:1:4
4:3:4:4:4:1:1:2:4:,clone,3214.7065010960387,4:3:4:4:4:1:1:2:4
4:4:4:4:4:1:2:4:4:,clone,3055.1318965710648,4:4:4:4:4:1:1:4:4
4:4:4:4:4:0:1:4:4:,clone,3229.3616028138467,4:4:4:4:4:0:1:4:4
2:2:4:4:3:4:4:4:2:,clone,5258.424561470917,2:2:4:4:3:4:4:4:2
4:4:4:4:4:0:0:0:4:,clone,2940.612215528062,4:4:4:4:4:0:0:0:4
3:2:4:4:4:3:3:4:3:,recombination,4752.649194438708,4:3:4:4:4:0:1:2:4,4:2:4:4:4:3:3:4:3,MUTATE
4:4:4:4:4:1:1:4:4:,recombination,3048.057171482527,4:4:3:4:4:1:1:4:4,4:4:4:4:4:0:0:0:4,MUTATE
4:2:4:4:3:4:4:4:3:,recombination,3961.4116175601434,4:3:4:4:4:1:2:4:4,1:1:4:2:0:4:4:4:0
4:4:4:4:4:1:1:2:4:,recombination,3776.147190111701,4:3:4:4:4:1:1:1:4,4:4:4:4:4:1:2:4:4,MUTATE
4:3:4:4:4:1:3:4:4:,recombination,3678.327767160563,4:4:4:4:4:1:2:3:4,4:3:4:4:4:1:3:4:4,MUTATE
4:4:4:4:4:1:1:4:4:,recombination,3019.019810350877,4:4:2:4:4:2:1:4:4,4:4:4:4:4:1:1:4:4
4:4:4:4:4:0:1:4:4:,recombination,3133.580487281172,4:3:4:4:4:1:1:4:4,4:4:4:4:4:0:1:3:4
4:2:4:4:4:2:2:4:4:,clone,3186.1781407047556,4:2:4:4:4:2:2:4:4
4:4:4:4:4:1:0:4:4:,clone,3059.29980917465,4:4:4:4:4:1:1:4:4
4:3:4:4:4:0:1:2:4:,recombination,3362.9119469851785,4:3:4:4:4:0:1:2:4,4:3:4:4:4:1:1:4:4,MUTATE
4:3:4:4:4:1:3:4:4:,clone,3623.70134122274,4:3:4:4:4:1:3:4:4
4:3:4:4:4:1:3:4:4:,clone,3577.9791343868646,4:3:4:4:4:1:3:4:4
4:4:4:4:4:1:1:2:4:,recombination,3476.218952897568,4:3:4:4:4:2:3:3:4,4:3:4:4:4:1:1:2:4
4:4:4:4:4:1:3:4:4:,clone,4164.555817769704,4:4:4:4:4:1:3:4:4
4:3:4:4:4:1:2:2:4:,recombination,3659.712047121788,4:3:4:4:4:1:2:2:4,4:3:4:4:4:1:1:1:4
3:2:4:4:3:4:4:4:2:,clone,4278.90018077311,3:2:4:4:3:4:4:4:2
4:4:4:4:4:0:1:1:4:,recombination,3336.959439768967,4:3:4:4:4:1:3:4:4,4:4:4:4:4:0:0:0:4
4:4:4:4:4:2:1:4:4:,clone,3230.6917136914335,4:4:4:4:4:2:1:4:4
4:4:4:4:4:0:0:2:4:,recombination,3128.2078639145793,4:4:4:4:4:0:0:0:4,4:3:4:4:4:1:2:4:4,MUTATE
3:1:4:4:2:4:4:4:2:,recombination,3864.704245713948,4:2:4:4:4:3:4:4:3,4:3:4:4:4:3:3:4:4
4:3:4:4:4:1:3:4:4:,clone,3547.813848070843,4:3:4:4:4:1:3:4:4
3:2:4:4:3:4:4:4:2:,clone,4194.664957426757,3:2:4:4:3:4:4:4:2
4:3:4:4:4:2:2:4:4:,clone,3101.6698657754646,4:3:4:4:4:1:2:4:4
1:1:4:2:0:4:4:4:0:,clone,4413.14294228005,1:1:4:2:0:4:4:4:0
3:2:4:4:3:3:4:4:2:,clone,5102.2328088325185,2:2:4:4:3:4:4:4:2
4:4:4:4:4:0:2:2:4:,recombination,3060.3341111713185,4:4:4:4:4:0:1:3:4,3:2:4:4:4:3:4:4:3,MUTATE
1:1:4:2:0:4:4:4:0:,clone,4229.220499296966,1:1:4:2:0:4:4:4:0
4:3:4:4:4:2:3:2:4:,recombination,4841.956146930719,2:2:4:4:4:3:4:4:2,4:3:4:4:4:1:1:1:4,MUTATE
4:2:4:4:4:2:2:4:4:,clone,3143.9666804538347,4:2:4:4:4:2:2:4:4
4:4:4:4:4:0:0:1:4:,recombination,2996.864390463561,4:2:4:4:4:2:3:4:4,4:4:4:4:4:0:0:0:4,MUTATE
4:2:4:4:4:4:4:4:3:,clone,4711.250325217191,4:2:4:4:4:4:4:4:3
3:2:4:4:3:4:4:4:2:,clone,3953.4939328394053,3:2:4:4:3:4:4:4:2
4:2:4:4:4:4:4:4:3:,clone,4644.777208130356,4:2:4:4:4:4:4:4:3
4:2:4:4:4:3:3:4:3:,clone,4045.198431178292,4:2:4:4:4:3:4:4:3
4:4:4:4:4:1:1:3:4:,recombination,3110.3082874685683,4:2:4:4:4:2:2:4:4,4:3:4:4:4:2:3:3:4
4:2:4:4:4:2:2:4:4:,clone,3028.1052861538114,4:2:4:4:4:2:2:4:4
4:4:4:4:4:3:3:4:4:,clone,4403.208782584632,4:3:4:4:4:3:3:4:4
4:4:4:4:4:1:2:2:4:,clone,4022.0968232837367,4:4:4:4:4:1:2:2:4
4:3:4:4:4:1:2:2:4:,clone,3608.9535184763895,4:4:4:4:4:1:2:2:4
4:3:4:4:4:2:3:2:4:,clone,4832.221568250688,4:3:4:4:4:2:3:2:4
4:4:4:4:4:0:1:4:4:,clone,3125.337521992891,4:4:4:4:4:0:1:4:4
4:2:4:4:4:3:3:4:3:,recombination,3310.0355208170026,4:3:4:4:4:1:2:4:4,4:2:4:4:4:2:2:4:4
4:4:4:4:4:1:2:2:4:,clone,4012.153333040499,4:4:4:4:4:1:2:2:4
4:3:4:4:4:2:1:4:4:,clone,3092.7803380201212,4:3:4:4:4:2:1:4:4
3:2:4:4:4:4:4:4:3:,clone,4601.491030103359,4:2:4:4:4:4:4:4:3
4:4:4:4:4:0:1:2:4:,recombination,3245.850019632305,4:4:4:4:4:1:1:2:4,4:2:4:4:4:1:2:4:4,MUTATE
2:2:4:4:3:4:4:4:1:,recombination,4169.45966417389,4:2:4:4:4:3:4:4:3,3:2:4:4:3:4:4:4:2,MUTATE
4:4:4:4:4:1:2:2:4:,recombination,3686.5449359518157,4:4:4:4:4:0:1:4:4,4:3:4:4:4:1:2:2:4
1:1:4:2:0:4:4:4:0:,clone,4090.285584869508,1:1:4:2:0:4:4:4:0
4:4:4:4:4:1:1:2:4:,clone,3244.8503169886003,4:4:4:4:4:1:1:2:4
4:4:4:4:4:1:2:2:4:,recombination,3634.5546364423276,4:4:4:4:4:3:3:4:4,4:4:4:4:4:1:2:2:4,MUTATE
1:1:4:2:0:4:4:4:0:,clone,3947.29457402227,1:1:4:2:0:4:4:4:0
4:2:4:4:4:1:2:4:4:,recombination,3433.3758070928534,4:2:4:4:4:2:2:4:4,3:2:4:4:4:3:4:4:3,MUTATE
4:4:4:4:4:0:0:2:4:,recombination,3000.5258218412732,3:2:4:4:4:3:4:4:2,4:4:4:4:4:0:0:1:4
4:2:4:4:2:4:4:4:3:,recombination,4659.709052535631,4:2:4:4:4:4:4:4:4,3:2:4:4:3:4:4:4:2,MUTATE
4:2:4:4:4:4:3:4:4:,clone,3569.988294653611,4:2:4:4:4:4:3:4:4
4:3:4:4:4:2:2:3:4:,clone,4147.808734919525,4:3:4:4:4:1:2:3:4
2:1:4:4:2:4:4:4:1:,recombination,3947.0903362536187,4:2:4:4:4:2:2:4:4,3:2:4:4:3:4:4:4:2
3:2:4:4:4:3:4:4:3:,recombination,4094.168598980152,3:2:4:4:3:3:4:4:2,4:2:4:4:4:4:3:4:4
2:1:4:4:2:4:4:4:1:,clone,3931.77024327899,2:1:4:4:2:4:4:4:1
3:2:4:4:3:4:4:4:3:,recombination,4356.540479338515,4:2:4:4:4:3:4:4:4,4:3:4:4:4:3:4:4:4,MUTATE
4:4:4:4:4:0:1:1:4:,recombination,3285.843504953123,4:2:4:4:4:2:4:4:4,4:4:4:4:4:0:0:0:4
3:2:4:4:4:3:4:4:3:,recombination,3951.1539768473463,3:2:4:4:3:4:4:4:2,4:3:4:4:4:1:3:4:4,MUTATE
4:2:4:4:4:4:4:4:3:,clone,4586.126401568792,4:2:4:4:4:4:4:4:3
3:2:4:4:4:3:3:4:3:,clone,3467.8664897025583,3:2:4:4:4:3:3:4:3
3:2:4:4:3:3:4:4:3:,clone,4904.695183502036,3:2:4:4:3:3:4:4:2
4:3:4:4:4:2:2:3:4:,clone,4017.1741909531156,4:3:4:4:4:1:2:3:4
4:2:4:4:4:3:3:4:3:,recombination,3238.801081289833,4:4:4:4:4:1:2:4:4,3:2:4:4:4:3:3:4:3
3:2:4:4:4:3:4:4:2:,recombination,4306.34427534704,3:2:4:4:3:4:4:4:2,4:3:4:4:4:1:1:2:4
2:1:4:2:0:4:4:4:0:,recombination,4116.135568513799,4:4:4:4:4:1:3:4:4,1:1:4:2:0:4:4:4:0
3:1:4:3:2:4:4:4:2:,recombination,3284.735774880264,4:3:4:4:4:1:2:1:4,2:1:4:1:0:4:4:4:0,MUTATE
4:2:4:4:4:2:4:4:4:,clone,4835.3673581430085,4:2:4:4:4:2:3:4:4
2:1:4:4:3:4:4:4:1:,recombination,3653.874942453414,2:1:4:4:2:4:4:4:1,4:2:4:4:4:2:3:4:4,MUTATE
2:2:4:4:4:3:4:4:2:,clone,5686.064932674608,2:2:4:4:4:3:4:4:2
3:2:4:4:4:3:3:4:2:,recombination,3238.801081289833,3:2:4:4:4:3:3:4:3,4:2:4:4:4:2:2:4:4
4:2:4:4:4:4:4:4:4:,recombination,4024.209600203081,4:2:4:4:4:2:3:4:4,4:2:4:4:4:3:3:4:4,MUTATE
4:3:4:4:4:2:4:4:4:,recombination,4917.794041418572,4:3:4:4:4:1:3:4:4,4:4:4:4:4:0:1:4:4,MUTATE
3:2:4:4:2:4:4:4:2:,recombination,4624.947292622104,4:4:4:4:4:1:2:4:4,1:1:4:2:0:4:4:4:0
2:1:4:3:2:4:4:4:1:,recombination,3645.6507421817773,1:1:4:2:0:4:4:4:0,4:4:4:4:4:0:0:2:4
3:2:4:4:4:3:4:4:3:,clone,3912.792637713214,3:2:4:4:4:3:4:4:3
4:2:4:4:3:4:4:4:4:,recombination,4431.967976298099,4:3:4:4:4:3:4:4:4,4:2:4:4:4:4:3:4:4,MUTATE
3:2:4:4:4:3:4:4:3:,clone,3900.4777474639045,3:2:4:4:4:3:4:4:3
4:3:4:4:4:1:1:3:4:,clone,3183.0569909238698,4:3:4:4:4:0:1:3:4
3:2:4:4:4:4:4:4:3:,clone,4586.126401568792,4:2:4:4:4:4:4:4:3
1:1:4:2:0:4:4:4:0:,recombination,3894.9339414424644,2:1:4:1:0:4:4:4:0,2:1:4:4:2:4:4:4:1
4:3:4:4:4:1:1:3:4:,clone,3087.6371356248865,4:3:4:4:4:1:1:3:4
4:4:4:4:4:1:1:4:4:,clone,3010.2313955170566,4:4:4:4:4:1:1:4:4
4:2:4:4:4:3:4:4:3:,recombination,4143.432614724726,4:2:4:4:4:2:3:4:4,4:2:4:4:4:3:3:4:4,MUTATE
3:2:4:4:3:4:4:4:3:,clone,4221.244328224081,3:2:4:4:3:4:4:4:3
2:1:4:2:0:4:4:4:0:,recombination,3894.9339414424644,1:1:4:2:0:4:4:4:0,4:3:4:4:4:1:3:3:4
4:2:4:4:4:4:4:4:3:,clone,4438.769117339081,3:2:4:4:4:4:4:4:3
3:2:4:4:4:4:4:4:3:,clone,4585.1354547518495,4:2:4:4:4:4:4:4:3
4:2:4:4:3:4:4:4:3:,recombination,3453.615185551887,4:2:4:4:4:4:3:4:4,4:2:4:4:4:4:4:4:3
3:1:4:3:2:4:4:4:1:,recombination,3752.1751769448238,2:1:4:2:0:4:4:4:0,4:2:4:4:4:2:2:4:4,MUTATE
3:2:4:4:3:3:4:4:2:,recombination,3565.6824054642666,3:2:4:4:4:3:3:4:2,3:2:4:4:3:4:4:4:2
3:2:4:4:2:4:4:4:2:,recombination,4071.002643243694,4:2:4:4:4:4:4:4:4,4:2:4:4:3:4:4:4:3
3:2:4:4:3:3:4:4:3:,clone,4680.564702937424,4:2:4:4:4:3:4:4:3
4:2:4:4:3:3:4:4:4:,clone,4455.325419193618,4:2:4:4:4:3:4:4:4
3:1:4:3:1:4:4:4:2:,recombination,3832.841616380494,4:3:4:4:4:2:2:3:4,1:1:4:2:0:4:4:4:0
4:2:4:4:4:4:4:4:4:,clone,3616.162390076352,4:2:4:4:4:4:3:4:4
3:1:4:2:1:4:4:4:2:,recombination,3272.189373931486,4:3:4:4:4:2:2:3:4,2:1:4:1:0:4:4:4:0,MUTATE
4:3:4:4:4:0:0:3:4:,clone,3009.480021455446,4:3:4:4:4:1:1:3:4
4:2:4:4:3:3:4:4:3:,recombination,3793.794029978166,4:4:3:4:4:2:1:4:4,3:2:4:4:3:4:4:4:2
4:2:4:4:4:3:4:4:4:,recombination,3789.4710344290093,4:2:4:4:4:3:4:4:3,4:2:4:4:4:3:4:4:3,MUTATE
2:1:4:3:1:4:4:4:1:,clone,4196.874269835505,2:1:4:3:1:4:4:4:1
4:2:4:4:3:4:4:4:3:,recombination,3303.37183586008,4:2:4:4:4:2:3:4:4,4:2:4:4:3:4:4:4:3
4:2:4:4:4:4:3:4:4:,clone,3426.877528252879,4:2:4:4:4:4:3:4:4
3:2:4:4:2:4:4:4:2:,recombination,3786.005265358092,3:2:4:4:3:3:4:4:3,3:1:4:3:2:4:4:4:2
4:2:4:4:4:4:4:4:3:,recombination,4328.931192979337,4:2:4:4:4:4:4:4:3,4:3:4:4:4:3:4:4:4
4:2:4:4:4:4:4:4:4:,recombination,3560.5730666373142,4:2:4:4:4:4:4:4:4,4:3:4:4:4:2:3:4:4,MUTATE
2:1:4:2:1:4:4:4:1:,recombination,3623.405109632025,4:3:4:4:4:1:2:2:4,1:1:4:2:0:4:4:4:0,MUTATE
4:2:4:4:4:3:4:4:3:,clone,4064.9094208556567,4:2:4:4:4:3:4:4:3
4:2:4:4:4:3:4:4:3:,recombination,3661.1464105335303,3:2:4:4:4:3:3:4:2,4:2:4:4:4:4:4:4:4
4:2:4:4:2:4:4:4:3:,clone,4323.009733236281,4:2:4:4:3:3:4:4:3
4:2:4:4:4:4:4:4:4:,recombination,3497.660125087653,4:3:4:4:4:3:3:4:4,4:2:4:4:4:2:3:4:4,MUTATE
3:1:4:4:3:4:4:4:2:,clone,3469.8831708314697,3:1:4:4:3:4:4:4:2
2:1:4:2:0:4:4:4:1:,recombination,4152.275538517479,1:1:4:2:0:4:4:4:0,4:4:2:4:4:2:1:4:4,MUTATE
2:1:4:2:1:4:4:4:1:,clone,3613.242943683925,2:1:4:2:1:4:4:4:1
4:2:4:4:4:3:2:4:4:,recombination,3233.7815547754767,4:3:4:4:4:3:3:4:4,4:4:4:4:4:1:1:3:4,MUTATE
4:2:4:4:4:3:3:4:4:,clone,3225.9380547227693,4:2:4:4:4:3:3:4:4
4:2:4:4:4:4:4:4:4:,clone,3385.9168941866265,4:2:4:4:4:4:4:4:4
2:1:4:3:1:4:4:4:1:,clone,4048.5377239067598,3:1:4:4:2:4:4:4:2
4:2:4:4:4:2:4:4:4:,clone,4618.045227169498,4:2:4:4:4:2:3:4:4
3:2:4:4:3:4:4:4:2:,clone,3816.8302089682325,4:2:4:4:3:3:4:4:3
4:3:4:4:4:3:2:4:4:,recombination,3258.7741709604593,4:3:3:4:4:3:2:4:4,4:4:4:4:4:0:0:1:4,MUTATE
4:2:4:4:4:3:4:4:4:,recombination,3745.001005150882,4:2:4:4:3:3:4:4:4,4:2:4:4:4:2:3:4:4,MUTATE
3:1:4:3:1:4:4:4:2:,clone,3434.2282252409327,3:1:4:3:1:4:4:4:2
4:2:4:4:4:4:4:4:4:,recombination,3371.2347156152077,4:2:4:4:4:3:3:4:4,4:2:4:4:4:4:4:4:4,MUTATE
4:2:4:4:4:3:3:4:4:,recombination,3131.0332565341632,4:2:4:4:4:3:3:4:4,4:3:4:4:4:2:3:2:4
4:2:4:4:4:4:3:4:4:,recombination,3383.7611994932913,4:2:4:4:4:4:4:4:4,4:2:4:4:4:4:4:4:3
4:2:4:4:3:4:4:4:4:,recombination,3923.0908298434583,2:1:4:2:0:4:4:4:0,4:4:4:4:4:2:3:4:4,MUTATE
2:2:4:4:4:3:4:4:2:,clone,5653.230762024151,2:2:4:4:4:3:4:4:2
3:2:4:4:3:4:4:4:2:,clone,3696.2198018680047,3:2:4:4:3:4:4:4:2
3:1:4:3:1:4:4:4:1:,recombination,4263.302841276665,1:1:4:2:0:4:4:4:0,4:3:4:4:4:1:1:4:4,MUTATE
4:2:4:4:3:3:4:4:4:,clone,4185.719243216023,4:2:4:4:4:3:4:4:4
3:2:4:4:3:4:4:4:2:,clone,3651.2250903218924,3:2:4:4:3:4:4:4:2
4:2:4:4:2:4:4:4:3:,clone,4249.17858741048,4:2:4:4:2:4:4:4:3
4:2:4:4:3:3:4:4:3:,recombination,3740.645917156862,4:4:4:4:4:0:0:3:4,3:1:4:2:1:4:4:4:2
4:2:4:4:4:2:3:4:3:,recombination,3956.9339562377245,4:2:4:4:4:3:3:4:3,4:2:4:4:4:1:2:4:4,MUTATE
4:2:4:4:3:4:4:4:4:,recombination,3760.188018695718,3:2:4:4:3:3:4:4:2,4:4:4:4:4:3:2:4:4
4:2:4:4:4:2:4:4:4:,recombination,4345.060553618625,4:3:4:4:4:1:3:4:4,3:2:4:4:4:3:4:4:3,MUTATE
4:3:4:4:4:3:2:4:4:,clone,3249.6743272798944,4:3:4:4:4:3:2:4:4
4:1:4:4:3:4:4:4:3:,clone,3663.5845637442017,4:2:4:4:3:4:4:4:3
4:2:4:4:4:3:4:4:4:,recombination,3659.160695072834,4:4:4:4:4:2:2:4:4,3:2:4:4:3:4:4:4:2
3:2:4:4:2:3:4:4:3:,recombination,4604.355810697553,3:1:4:2:1:4:4:4:2,3:2:4:4:3:4:4:4:3,MUTATE
3:2:4:4:4:4:4:4:2:,recombination,4548.231230388003,4:2:4:4:4:2:2:4:4,4:2:4:4:4:3:3:4:3,MUTATE
4:1:4:4:3:4:4:4:3:,clone,3524.9394977158345,4:1:4:4:3:4:4:4:3
4:2:4:4:2:4:4:4:3:,recombination,3713.081723792879,4:2:4:4:3:4:4:4:3,4:2:4:4:3:3:4:4:4
4:2:4:4:4:3:4:4:4:,clone,3652.7476448686284,4:2:4:4:4:3:4:4:4
3:1:4:4:2:4:4:4:2:,clone,3483.594569561527,3:1:4:4:2:4:4:4:2
3:1:4:4:1:4:4:4:2:,recombination,4336.8250842405205,4:2:4:4:3:3:4:4:3,2:1:4:3:1:4:4:4:1,MUTATE
2:1:4:3:0:4:4:4:1:,clone,4463.326022287901,2:1:4:3:0:4:4:4:1
3:2:4:4:4:3:4:4:2:,clone,3803.2815416069284,3:2:4:4:4:3:4:4:2
4:1:4:4:3:4:4:4:3:,clone,3409.317538728828,4:1:4:4:3:4:4:4:3
4:2:4:4:4:4:4:4:3:,recombination,4265.135938067965,4:2:4:4:4:1:2:4:4,4:2:4:4:4:4:4:4:3
3:1:4:3:1:4:4:4:1:,recombination,4205.303251788101,4:2:4:4:3:4:4:4:4,3:1:4:3:1:4:4:4:1,MUTATE
4:2:4:4:4:3:4:4:3:,clone,3651.7071478696867,4:2:4:4:4:3:4:4:3
3:1:4:4:3:3:4:4:2:,clone,3991.9467398583383,3:2:4:4:3:3:4:4:2
3:2:4:4:3:3:4:4:3:,clone,4625.187533290855,3:2:4:4:3:3:4:4:3
3:2:4:4:3:3:4:4:3:,clone,4613.918420221236,3:2:4:4:3:3:4:4:3
4:2:4:4:4:4:4:4:3:,recombination,3973.530699885528,4:3:4:4:4:3:3:4:4,4:2:4:4:4:2:3:4:4
3:2:4:4:4:2:3:4:2:,recombination,4279.5933107427845,1:1:4:2:0:4:4:4:0,2:2:4:4:4:3:4:4:2,MUTATE
3:2:4:4:3:3:4:4:3:,recombination,4578.7781222635,4:3:4:4:4:3:4:4:4,3:2:4:4:3:3:4:4:3,MUTATE
2:1:4:3:1:4:4:4:1:,recombination,4014.9083518175366,4:4:4:4:4:2:2:4:4,3:2:4:4:3:3:4:4:2
2:1:4:4:3:4:4:4:2:,recombination,5512.61585387389,2:2:4:4:4:3:4:4:2,4:3:4:4:4:1:1:4:4,MUTATE
2:1:4:3:1:4:4:4:0:,recombination,4109.735790287667,4:2:4:4:4:4:4:4:4,2:1:4:3:2:4:4:4:1,MUTATE
3:1:4:4:3:3:4:4:2:,recombination,3834.0453286074066,3:2:4:4:4:3:4:4:2,4:2:4:4:4:4:4:4:4,MUTATE
4:2:4:4:2:3:4:4:3:,clone,4560.441192720371,3:2:4:4:3:3:4:4:3
2:1:4:3:1:4:4:4:1:,recombination,4008.81500526812,4:3:4:4:4:2:3:2:4,3:1:4:3:1:4:4:4:2
3:1:4:4:3:3:4:4:2:,clone,3797.5468712817847,3:1:4:4:3:3:4:4:2
3:1:4:2:1:4:4:4:1:,clone,3863.1527111550517,3:1:4:2:1:4:4:4:1
3:1:4:3:1:4:4:4:1:,clone,4036.0813790751095,3:1:4:3:1:4:4:4:1
3:1:4:2:1:4:4:4:1:,clone,3693.930838442061,3:1:4:2:1:4:4:4:1
3:2:4:4:3:3:4:4:3:,clone,4477.18675976789,3:2:4:4:3:3:4:4:3
2:1:4:3:0:4:4:4:1:,clone,4461.144685441358,2:1:4:3:0:4:4:4:1
2:1:4:3:1:4:4:4:1:,clone,3790.2400187533162,3:1:4:2:1:4:4:4:1
4:2:4:4:4:3:4:4:3:,recombination,3638.181728363125,4:2:4:4:4:3:4:4:4,3:2:4:4:2:4:4:4:2
2:2:4:4:2:4:4:4:2:,recombination,5833.728141853441,2:2:4:4:4:3:4:4:2,2:2:4:4:3:4:4:4:2
3:1:4:2:1:4:4:4:1:,clone,3624.4441333289183,3:1:4:2:1:4:4:4:1
3:1:4:2:1:4:4:4:1:,clone,3585.7007740472263,2:1:4:3:1:4:4:4:1
3:2:4:3:1:4:4:4:2:,recombination,4524.858047160065,4:4:4:4:4:1:1:4:4,3:2:4:4:4:3:4:4:3
3:1:4:3:1:4:4:4:1:,clone,3777.7388642978835,3:1:4:3:1:4:4:4:1
4:2:4:4:3:3:4:4:3:,recombination,3662.875186834815,3:1:4:2:1:4:4:4:2,4:2:4:4:2:4:4:4:3,MUTATE
4:2:4:4:4:4:4:4:3:,recombination,3647.787774550227,4:4:3:4:4:2:2:4:4,1:1:4:2:0:4:4:4:0,MUTATE
2:1:4:4:1:4:4:4:1:,recombination,5218.457407947822,3:2:4:4:3:4:4:4:2,4:2:4:4:4:4:4:4:4,MUTATE
4:2:4:4:3:3:4:4:4:,recombination,3915.2827209087563,3:1:4:3:1:4:4:4:1,4:3:4:4:4:1:3:4:4
2:1:4:2:0:4:4:4:1:,clone,3777.7388642978835,3:1:4:3:1:4:4:4:1
3:2:4:4:4:4:4:4:2:,recombination,3997.524399512703,4:3:4:4:4:1:1:3:4,2:1:4:2:0:4:4:4:0
4:2:4:4:4:3:4:4:3:,clone,3597.1008248423086,4:2:4:4:4:3:4:4:3
2:1:4:3:1:4:4:4:1:,recombination,3711.7961661175495,4:2:4:4:4:4:4:4:3,1:1:4:2:0:4:4:4:0,MUTATE
1:1:4:3:0:4:4:4:0:,recombination,4806.341223464626,1:1:4:2:0:4:4:4:0,4:2:4:4:4:4:3:4:4
3:2:4:4:2:3:4:4:2:,clone,4238.21983235549,3:2:4:4:2:3:4:4:2
4:2:4:4:2:4:4:4:3:,recombination,3685.8444705878933,2:1:4:2:1:4:4:4:1,4:2:4:4:3:4:4:4:3,MUTATE
3:2:4:4:1:4:4:4:2:,recombination,4600.16105912662,4:4:4:4:4:1:2:4:4,4:2:4:4:4:3:3:4:3
3:2:4:4:2:3:4:4:2:,clone,4047.363775123544,3:2:4:4:2:3:4:4:2
3:1:4:2:1:4:4:4:1:,recombination,3540.0968221884636,4:2:4:4:2:4:4:4:3,2:1:4:2:0:4:4:4:1
4:3:4:4:4:3:4:4:4:,clone,4264.584225460433,4:3:4:4:4:3:4:4:4
1:1:4:3:0:4:4:4:0:,clone,4604.308068808638,1:1:4:3:0:4:4:4:0
3:2:4:3:1:4:4:4:2:,recombination,4316.650631274978,4:4:4:4:4:1:1:4:4,3:1:4:3:1:4:4:4:1,MUTATE
2:1:4:4:2:4:4:4:2:,clone,5708.0458282963355,2:1:4:4:2:4:4:4:2
2:1:4:4:1:4:4:4:1:,recombination,4657.992295358031,3:2:4:4:3:4:4:4:2,4:3:4:4:4:1:1:4:4
3:1:4:4:4:3:4:4:2:,recombination,4624.071745302846,4:4:4:4:4:1:1:3:4,2:2:4:4:4:3:4:4:2
2:2:4:4:3:3:4:4:2:,recombination,4907.216034599821,4:3:4:4:4:2:2:4:4,4:2:4:4:3:3:4:4:4
3:2:4:4:4:4:4:4:2:,clone,3844.575394495517,3:2:4:4:4:4:4:4:2
4:2:4:4:4:4:3:4:3:,recombination,4172.897619735009,3:2:4:4:3:4:4:4:2,4:3:4:4:4:2:2:4:4,MUTATE
4:2:4:4:2:4:4:4:3:,recombination,3576.235560969597,3:1:4:2:1:4:4:4:1,4:4:4:4:4:2:2:4:4,MUTATE
4:2:4:4:4:3:4:4:3:,recombination,3594.424420768591,4:4:3:4:4:3:2:4:4,4:2:4:4:4:3:4:4:4
2:1:4:3:1:4:4:4:1:,clone,3645.333718369288,2:1:4:3:1:4:4:4:1
2:1:4:4:1:4:4:4:1:,clone,4569.288294455722,2:1:4:4:1:4:4:4:1
4:2:4:4:2:4:4:4:3:,recombination,3530.3432499424357,4:1:4:4:3:4:4:4:3,4:2:4:4:2:4:4:4:3,MUTATE
4:2:4:4:4:3:4:4:3:,recombination,3396.560414674867,2:1:4:3:1:4:4:4:1,4:2:4:4:4:3:4:4:3
4:2:4:4:3:3:4:4:3:,recombination,3635.395495165199,4:2:4:4:2:4:4:4:3,4:3:4:4:4:1:3:4:4
4:2:4:4:4:4:4:4:3:,recombination,3428.7018572392503,4:4:3:4:4:1:1:4:4,4:2:4:4:4:3:4:4:3,MUTATE
2:1:4:3:1:4:4:4:1:,clone,3299.303441048728,2:1:4:3:1:4:4:4:1
3:1:4:4:4:4:4:4:2:,recombination,4724.209523722661,4:2:4:4:3:3:4:4:4,2:2:4:4:4:3:4:4:2,MUTATE
2:1:4:3:0:4:4:4:1:,recombination,4370.199793466454,3:1:4:2:1:4:4:4:1,3:2:4:4:2:4:4:4:2,MUTATE
3:2:4:4:2:3:4:4:2:,clone,3754.2064714610806,3:2:4:4:2:3:4:4:2
3:2:4:3:1:4:4:4:2:,clone,4089.43895050668,3:2:4:3:1:4:4:4:2
2:2:4:4:2:4:4:4:2:,clone,5774.032695418683,2:2:4:4:2:4:4:4:2
2:1:4:4:4:3:4:4:2:,recombination,4596.441760412516,4:2:4:4:4:2:2:4:4,3:1:4:4:4:3:4:4:2,MUTATE
2:2:4:4:2:4:4:4:1:,clone,4623.181835939176,2:1:4:4:2:4:4:4:1
2:2:4:4:4:4:4:4:2:,recombination,5431.079696077135,4:3:4:4:4:2:3:2:4,2:1:4:4:1:4:4:4:1
3:2:4:4:4:4:4:4:3:,recombination,4566.865992398193,4:2:4:4:4:3:4:4:4,4:3:4:4:4:1:2:2:4,MUTATE
3:2:4:3:2:3:4:4:2:,clone,3972.7436894218113,3:2:4:3:2:3:4:4:2
3:1:4:4:4:4:4:4:2:,recombination,4408.085149989454,4:3:4:4:4:2:2:4:4,4:4:4:4:4:1:2:4:4
3:2:4:4:3:3:4:4:3:,recombination,4476.881064389144,4:2:4:4:3:3:4:4:4,4:3:4:4:4:1:1:1:4
2:1:4:4:1:4:4:4:1:,recombination,4359.9330157316435,2:1:4:1:0:4:4:4:0,4:2:4:4:4:3:3:4:3,MUTATE
3:2:4:4:2:4:4:4:3:,recombination,4715.972321850058,3:1:4:4:2:4:4:4:2,2:2:4:4:3:4:4:4:2
2:1:4:4:3:4:4:4:2:,clone,5251.464219280804,2:1:4:4:4:3:4:4:2
3:1:4:4:4:4:4:4:2:,recombination,4018.7497598024383,3:1:4:3:2:4:4:4:1,4:3:4:4:4:1:2:4:4,MUTATE
2:2:4:4:2:4:4:4:2:,recombination,5105.888943336666,3:2:4:4:3:3:4:4:3,3:2:4:4:4:2:3:4:3,MUTATE
2:1:4:3:0:4:4:4:1:,clone,4356.746367749642,2:1:4:3:0:4:4:4:1
3:2:4:4:3:3:4:4:3:,recombination,4300.351644075691,3:1:4:4:2:4:4:4:2,4:3:4:4:4:1:3:4:4
3:2:4:4:4:4:4:4:2:,recombination,3466.4219324869764,4:3:4:4:4:1:1:1:4,3:2:4:4:4:3:4:4:3
3:2:4:3:2:4:4:4:2:,recombination,3708.688484275159,4:2:4:4:2:4:4:4:3,4:2:4:4:4:3:3:4:4,MUTATE
2:2:4:4:4:3:4:4:2:,recombination,5477.594031820287,2:2:4:4:4:3:4:4:2,2:2:4:4:4:3:4:4:2
4:2:4:4:2:3:4:4:3:,recombination,4197.485628047664,4:2:4:4:4:2:4:4:4,4:2:4:4:3:3:4:4:3
4:2:4:4:4:3:3:4:3:,recombination,3151.8706699644126,4:3:4:4:4:3:2:4:4,4:4:4:4:4:0:1:4:4
3:1:4:4:2:3:4:4:2:,recombination,4000.5533135988308,3:2:4:4:3:3:4:4:3,4:2:4:4:3:3:4:4:3,MUTATE
2:1:4:4:1:4:4:4:1:,recombination,4340.949877996257,4:2:4:4:4:3:4:4:4,2:1:4:4:1:4:4:4:1
2:1:4:4:2:4:4:4:2:,clone,4971.840432356056,2:1:4:4:2:4:4:4:2
2:1:4:4:4:4:4:4:1:,clone,4306.476692712826,2:1:4:4:3:4:4:4:1
4:2:4:4:4:4:3:4:3:,recombination,3509.0629944549087,4:2:4:4:4:4:4:4:4,4:3:4:4:4:3:2:4:4
2:1:4:4:3:3:4:4:1:,clone,5617.369019445829,2:2:4:4:4:3:4:4:2
3:1:4:4:4:3:4:4:2:,recombination,3733.9518313577937,4:2:4:4:4:3:3:4:4,4:4:4:4:4:1:2:3:4,MUTATE
2:1:4:3:0:4:4:4:1:,clone,4304.816743337181,2:1:4:3:0:4:4:4:1
2:2:4:3:0:4:4:4:1:,recombination,4572.413620601127,4:2:4:4:4:3:4:4:3,3:2:4:4:1:4:4:4:2,MUTATE
2:1:4:4:1:4:4:4:1:,clone,4322.486739359373,2:1:4:4:1:4:4:4:1
3:2:4:4:2:4:4:4:2:,recombination,3724.086939349488,4:4:4:4:4:1:2:3:4,4:2:4:4:4:3:3:4:4
4:2:4:4:4:4:3:4:3:,clone,3509.062994454908,4:2:4:4:4:4:3:4:3
3:1:4:3:1:4:4:4:1:,clone,3283.696951429015,2:1:4:4:1:4:4:4:1
3:2:4:4:3:4:4:4:2:,recombination,3552.0742397529775,4:2:4:4:4:3:4:4:3,4:3:4:4:4:1:1:4:4,MUTATE
3:1:4:3:2:4:4:4:1:,recombination,3454.2197341544547,1:1:4:3:0:4:4:4:0,4:2:4:4:4:3:4:4:3,MUTATE
4:2:4:4:3:3:4:4:3:,recombination,3580.377725101621,3:2:4:4:3:4:4:4:3,4:4:4:4:4:0:1:4:4
2:1:4:3:0:4:4:4:1:,clone,4243.483341707443,2:1:4:2:0:4:4:4:1
2:2:4:4:4:3:4:4:2:,clone,4625.904708669046,2:2:4:4:4:3:4:4:2
3:1:4:2:1:4:4:4:1:,recombination,3287.724140756386,2:1:4:3:1:4:4:4:1,4:4:4:4:4:1:1:2:4,MUTATE
3:2:4:4:3:4:4:4:2:,recombination,3448.1666370748667,3:2:4:4:3:4:4:4:2,4:2:4:4:3:4:4:4:3,MUTATE
4:2:4:4:4:3:4:4:4:,recombination,3441.852177221386,3:2:4:4:2:4:4:4:2,4:4:4:4:4:0:0:0:4,MUTATE
2:1:4:2:0:4:4:4:0:,clone,3833.7779553992755,2:1:4:2:0:4:4:4:0
4:2:4:4:4:4:4:4:3:,recombination,3309.713746899342,4:2:4:4:4:4:3:4:3,4:4:4:4:4:0:1:3:4
2:1:4:4:2:4:4:4:1:,recombination,3496.0964244100146,4:2:4:4:4:3:3:4:4,3:2:4:4:3:3:4:4:3
2:1:4:2:1:4:4:4:1:,recombination,3542.5497650378416,4:2:4:4:4:4:4:4:3,1:1:4:3:0:4:4:4:0
2:1:4:2:0:4:4:4:0:,clone,3818.7957178301294,2:1:4:2:0:4:4:4:0
2:1:4:2:0:4:4:4:0:,recombination,3765.0581569009596,3:1:4:3:1:4:4:4:1,3:1:4:4:2:3:4:4:2
1:1:4:2:0:4:4:4:0:,clone,3826.4998449753366,1:1:4:2:0:4:4:4:0
2:1:4:2:0:4:4:4:0:,clone,3690.9516995921917,2:1:4:2:0:4:4:4:0
1:1:4:2:0:4:4:4:0:,recombination,3825.3178119566255,3:2:4:4:3:4:4:4:2,1:1:4:2:0:4:4:4:0
4:2:4:4:3:3:4:4:4:,clone,3455.271799633009,4:2:4:4:4:3:3:4:4
2:1:4:2:1:4:4:4:1:,clone,3312.415984122595,2:1:4:2:1:4:4:4:1
2:1:4:2:1:4:4:4:0:,clone,3627.518248163313,2:1:4:2:1:4:4:4:0
2:1:4:2:1:4:4:4:1:,recombination,3312.4159841225946,4:4:4:4:4:2:2:4:4,2:1:4:3:1:4:4:4:1
2:1:4:3:0:4:4:4:1:,recombination,4242.301308688732,2:1:4:3:0:4:4:4:1,3:1:4:3:1:4:4:4:1,MUTATE
3:1:4:4:2:4:4:4:2:,clone,3475.2962536220816,3:1:4:4:2:4:4:4:2
2:1:4:2:0:4:4:4:0:,recombination,3667.258634938241,2:1:4:2:0:4:4:4:0,2:1:4:2:0:4:4:4:0,MUTATE
3:2:4:4:2:4:4:4:2:,clone,3695.0652506002157,3:2:4:4:2:4:4:4:2
4:2:4:4:4:3:4:4:4:,recombination,3392.4767424372494,2:1:4:2:0:4:4:4:0,4:4:4:4:4:2:3:4:4,MUTATE
2:1:4:2:1:4:4:4:0:,clone,3450.431707344067,2:1:4:2:1:4:4:4:0
3:2:4:4:2:4:4:4:2:,recombination,3619.6941347640873,4:2:4:4:4:3:4:4:3,3:1:4:4:2:4:4:4:2,MUTATE
3:2:4:3:1:4:4:4:2:,recombination,3694.7275644509737,3:1:4:4:2:4:4:4:2,4:2:4:4:4:3:4:4:4
3:1:4:4:2:4:4:4:1:,clone,4124.374377189936,3:1:4:4:2:4:4:4:1
3:1:4:2:0:4:4:4:1:,recombination,3732.2043859706678,4:4:3:4:4:2:1:4:4,1:1:4:2:0:4:4:4:0
3:1:4:4:2:4:4:4:1:,recombination,3529.258380624156,4:2:4:4:4:3:4:4:4,3:2:4:4:4:3:3:4:3,MUTATE
3:1:4:4:2:3:4:4:2:,clone,3794.1100334535245,3:1:4:4:2:3:4:4:2
2:2:4:4:2:4:4:4:1:,recombination,4271.289671442988,2:2:4:4:2:4:4:4:1,4:2:4:4:4:3:4:4:3
3:2:4:4:2:4:4:4:2:,clone,3504.551041981795,3:2:4:4:2:4:4:4:2
3:2:4:3:1:4:4:4:2:,clone,3585.3234090644946,3:2:4:3:1:4:4:4:2
1:1:4:1:0:4:4:4:0:,recombination,3797.574117700177,4:2:4:4:4:3:4:4:4,4:3:4:4:4:2:2:4:4,MUTATE
3:2:4:3:2:4:4:4:2:,recombination,3599.68579407475,3:2:4:3:1:4:4:4:2,4:2:4:4:3:3:4:4:3,MUTATE
2:1:4:2:0:4:4:4:0:,recombination,3652.21919020388,4:3:4:4:4:1:1:4:4,3:2:4:4:4:3:4:4:3,MUTATE
3:1:4:4:2:4:4:4:1:,clone,3380.600067371725,3:1:4:4:2:4:4:4:1
2:1:4:2:0:4:4:4:0:,clone,3602.5764316277086,2:1:4:2:0:4:4:4:0
3:1:4:4:4:4:4:4:2:,recombination,3732.993863948109,4:2:4:4:4:3:3:4:3,2:1:4:3:1:4:4:4:1
2:1:4:4:3:3:4:4:1:,recombination,4893.264648808729,2:2:4:4:4:3:4:4:2,3:1:4:3:1:4:4:4:2
4:1:4:3:1:4:4:4:2:,recombination,3401.4587708500817,2:1:4:3:1:4:4:4:1,3:2:4:3:2:4:4:4:2
2:1:4:4:3:3:4:4:1:,clone,4860.812448552182,2:1:4:4:3:3:4:4:1
2:1:4:4:3:3:4:4:1:,clone,4789.798332994969,2:1:4:4:3:3:4:4:1
4:2:4:4:4:4:3:4:3:,recombination,3448.3094814986666,2:2:4:4:2:4:4:4:1,4:2:4:4:4:4:3:4:3
2:1:4:4:3:3:4:4:1:,clone,4643.911844359836,2:1:4:4:3:3:4:4:1
3:2:4:4:3:3:4:4:3:,recombination,3770.135651996564,4:2:4:4:4:3:4:4:4,4:2:4:4:3:3:4:4:3,MUTATE
3:1:4:2:1:4:4:4:2:,clone,3249.5077035761733,3:1:4:2:1:4:4:4:2
2:1:4:4:4:3:4:4:1:,clone,4386.01170485096,2:1:4:4:4:3:4:4:1
4:2:4:4:2:3:4:4:3:,clone,4018.3707772958587,4:2:4:4:2:3:4:4:3
4:2:4:3:2:4:4:4:3:,recombination,3392.4767424372494,1:1:4:2:0:4:4:4:0,4:2:4:4:4:3:4:4:4
4:3:4:4:4:3:4:4:4:,recombination,4070.8701488055162,4:3:4:4:4:1:2:2:4,3:2:4:3:2:4:4:4:2
4:2:4:4:2:3:4:4:3:,clone,3739.5215091180744,3:2:4:4:2:4:4:4:2
4:2:4:4:3:3:4:4:3:,clone,3522.680168920748,4:2:4:4:3:3:4:4:3
2:1:4:2:0:4:4:4:1:,clone,3676.909596790608,2:1:4:2:0:4:4:4:1
1:1:4:4:1:4:4:4:0:,recombination,5757.81248404577,2:1:4:4:1:4:4:4:1,2:1:4:4:3:3:4:4:1,MUTATE
2:1:4:2:0:4:4:4:1:,recombination,3640.5015341027424,3:2:4:3:1:4:4:4:2,3:2:4:4:4:2:3:4:3
2:1:4:3:0:4:4:4:1:,clone,4215.475423501718,2:1:4:2:0:4:4:4:1
1:1:4:3:1:4:4:4:0:,clone,4788.755437993164,1:1:4:3:1:4:4:4:0
2:1:4:2:0:4:4:4:1:,clone,3481.3473082524097,2:1:4:2:0:4:4:4:1
2:1:4:3:0:4:4:4:1:,clone,4210.467776264322,2:1:4:3:0:4:4:4:1
4:2:4:4:2:3:4:4:3:,recombination,3537.5446469837602,4:4:4:4:4:0:0:3:4,4:2:4:4:3:3:4:4:3,MUTATE
2:1:4:2:0:4:4:4:1:,recombination,3376.6921953740716,2:1:4:2:0:4:4:4:1,4:2:4:4:4:2:2:4:4,MUTATE
2:1:4:3:1:4:4:4:0:,recombination,4049.239783242526,4:2:4:4:4:4:4:4:3,3:2:4:4:4:3:4:4:2
1:1:4:3:1:4:4:4:0:,recombination,4625.661129247717,2:2:4:4:4:3:4:4:2,2:1:4:3:0:4:4:4:1,MUTATE
2:1:4:3:0:4:4:4:1:,clone,4189.893950021462,2:1:4:3:0:4:4:4:1
1:1:4:1:0:4:4:4:0:,recombination,3781.438745310642,3:2:4:4:3:4:4:4:2,2:1:4:2:0:4:4:4:0
2:1:4:3:0:4:4:4:1:,clone,4172.173539504697,2:1:4:3:0:4:4:4:1
3:1:4:3:0:4:4:4:2:,recombination,4730.897812650256,4:4:4:4:4:0:0:0:4,2:1:4:2:0:4:4:4:1
2:1:4:3:0:4:4:4:0:,clone,4173.8863586665675,2:1:4:3:1:4:4:4:1
2:1:4:3:0:4:4:4:1:,recombination,4155.255838669645,2:1:4:4:2:4:4:4:1,2:1:4:4:3:4:4:4:1,MUTATE
3:2:4:3:0:4:4:4:2:,clone,4711.64861382763,3:2:4:3:0:4:4:4:2
1:1:4:4:1:4:4:4:0:,recombination,4742.446615392805,4:3:4:4:4:2:2:4:4,2:1:4:2:0:4:4:4:0,MUTATE
1:1:4:3:0:4:4:4:0:,recombination,4467.096839898878,1:1:4:3:1:4:4:4:0,4:2:4:4:4:3:4:4:3
3:2:4:4:4:3:4:4:2:,recombination,3771.0571432391334,4:2:4:4:4:3:4:4:3,3:2:4:4:4:2:3:4:3
2:2:4:3:1:4:4:4:1:,recombination,4073.4618811758796,4:2:4:4:4:3:4:4:3,4:2:4:4:4:3:4:4:4
1:1:4:3:1:4:4:4:0:,clone,4432.43656004393,1:1:4:3:0:4:4:4:0
2:1:4:2:0:4:4:4:0:,recombination,3478.308070719681,3:1:4:4:2:4:4:4:1,2:1:4:3:1:4:4:4:1
1:1:4:1:0:4:4:4:0:,recombination,3671.9730444642964,1:1:4:2:0:4:4:4:0,3:1:4:2:1:4:4:4:1
2:1:4:3:2:4:4:4:1:,clone,3596.1135563416824,2:1:4:3:2:4:4:4:1
3:2:4:4:4:3:4:4:2:,recombination,3626.659262097127,3:2:4:4:4:3:4:4:2,4:3:4:4:4:1:2:2:4
1:1:4:3:1:4:4:4:0:,clone,3707.6829225268975,1:1:4:3:1:4:4:4:0
2:2:4:4:2:4:4:4:1:,clone,4002.9975192475817,2:2:4:4:2:4:4:4:1
3:2:4:4:2:3:4:4:2:,recombination,3694.370568396708,4:3:4:4:4:1:1:3:4,4:4:4:4:4:0:1:3:4,MUTATE
2:1:4:4:3:3:4:4:1:,recombination,3947.734490774253,4:2:4:4:4:3:4:4:4,2:1:4:4:1:4:4:4:1,MUTATE
2:2:4:3:0:4:4:4:1:,recombination,4075.889174029554,3:2:4:3:1:4:4:4:2,2:1:4:3:1:4:4:4:0,MUTATE
3:2:4:4:2:4:4:4:3:,recombination,4022.7520143463357,4:2:4:4:2:3:4:4:3,2:2:4:4:4:3:4:4:2,MUTATE
2:1:4:4:3:3:4:4:1:,clone,3835.613699414731,2:1:4:4:3:3:4:4:1
2:1:4:3:1:4:4:4:0:,clone,3915.8177742985154,2:1:4:3:1:4:4:4:0
3:2:4:4:4:4:4:4:3:,clone,4415.152642241904,3:2:4:4:4:4:4:4:3
2:2:4:4:4:4:4:4:1:,clone,5138.151236816335,4:2:4:4:4:4:4:4:3
3:2:4:4:2:3:4:4:3:,recombination,4137.4819292240745,3:2:4:4:2:3:4:4:2,4:3:4:4:4:3:4:4:4,MUTATE
2:2:4:4:3:4:4:4:2:,recombination,4472.204232166051,4:2:4:4:4:2:3:3:4,4:3:4:4:4:1:3:4:4,MUTATE
2:1:4:4:3:4:4:4:2:,recombination,4732.4264183641935,4:2:4:4:4:3:4:4:4,4:4:4:4:4:1:1:4:4,MUTATE
3:2:4:4:4:4:4:4:3:,clone,4349.091019762751,3:2:4:4:3:4:4:4:3
1:2:4:4:2:4:4:4:1:,clone,5252.647420360919,1:2:4:4:2:4:4:4:1
1:1:4:4:2:4:4:4:1:,recombination,5019.588534744335,4:3:4:4:4:2:3:4:4,4:3:4:4:4:2:2:3:4,MUTATE
1:1:4:2:0:4:4:4:0:,clone,3813.439757461562,1:1:4:1:0:4:4:4:0
3:1:4:4:3:3:4:4:2:,recombination,3747.6406905482745,4:3:3:4:4:2:2:4:4,2:1:4:4:3:3:4:4:1
1:1:4:1:0:4:4:4:0:,clone,3540.757014351329,1:1:4:1:0:4:4:4:0
1:1:4:2:0:4:4:4:0:,clone,3808.7014158751717,1:1:4:1:0:4:4:4:0
1:1:4:1:0:4:4:4:0:,recombination,3519.5425263551347,4:2:4:4:4:4:4:4:4,2:1:4:2:0:4:4:4:0
1:1:4:4:2:4:4:4:1:,clone,4952.432297542805,1:1:4:4:2:4:4:4:1
2:2:4:4:3:4:4:4:1:,recombination,3741.911008871229,4:4:4:4:4:0:0:0:4,3:2:4:4:3:3:4:4:3
2:1:4:2:0:4:4:4:0:,recombination,3449.5684401860426,3:2:4:3:2:3:4:4:2,4:2:4:4:4:3:4:4:3
2:1:4:3:1:4:4:4:0:,recombination,3879.351158655734,4:2:4:4:4:3:3:4:3,2:1:4:4:2:4:4:4:1
2:1:4:4:3:4:4:4:1:,clone,3608.529357429626,2:1:4:4:3:4:4:4:1
1:1:4:3:0:4:4:4:0:,recombination,4368.238382375602,4:4:4:4:4:0:0:2:4,2:2:4:4:2:4:4:4:1,MUTATE
2:1:4:3:0:4:4:4:1:,clone,4097.02271744325,2:1:4:3:0:4:4:4:1
2:2:4:4:4:4:4:4:1:,recombination,4658.276580047878,1:1:4:4:1:4:4:4:0,4:3:4:4:4:1:2:1:4,MUTATE
2:1:4:3:0:4:4:4:1:,clone,4080.7188353230704,2:1:4:3:0:4:4:4:1
1:1:4:4:2:4:4:4:0:,recombination,4965.7036329723605,4:4:4:4:4:2:2:4:4,4:3:4:4:4:2:3:4:4,MUTATE
2:1:4:4:4:4:4:4:1:,recombination,4118.379665346509,2:1:4:3:1:4:4:4:0,2:2:4:4:4:4:4:4:1,MUTATE
3:1:4:4:2:3:4:4:2:,recombination,3693.2312913361584,2:1:4:3:0:4:4:4:1,4:2:4:4:2:3:4:4:3
3:1:4:4:4:3:3:4:2:,recombination,3401.336085172874,4:4:4:4:4:1:1:4:4,4:3:4:4:4:0:1:2:4,MUTATE
1:1:4:4:2:4:4:4:0:,recombination,4938.450885116801,3:1:4:4:2:4:4:4:2,1:1:4:4:2:4:4:4:0,MUTATE
1:2:4:4:3:4:4:4:1:,recombination,5144.09615567624,4:3:4:4:4:2:3:4:4,2:1:4:3:1:4:4:4:1,MUTATE
2:2:4:4:3:3:4:4:1:,clone,5920.610858324344,4:2:4:4:2:3:4:4:3
2:2:4:4:3:3:4:4:1:,recombination,5732.307566385474,4:4:3:4:4:1:2:4:4,4:2:4:4:4:2:3:4:4
3:1:4:4:4:3:4:4:2:,recombination,3652.0937901812144,3:1:4:4:4:3:3:4:2,4:2:4:4:4:2:2:4:4
1:1:4:3:0:4:4:4:0:,recombination,4274.853427135218,3:2:4:4:4:3:4:4:2,2:1:4:3:1:4:4:4:1
2:1:4:2:0:4:4:4:0:,recombination,3376.551677710925,2:1:4:2:0:4:4:4:0,4:2:4:4:4:3:4:4:3
1:1:4:3:0:4:4:4:0:,clone,4228.60499527684,1:1:4:2:0:4:4:4:0
1:1:4:3:0:4:4:4:0:,clone,4222.48574551981,1:1:4:3:0:4:4:4:0
2:2:4:4:3:3:4:4:1:,clone,5220.07631718078,2:1:4:4:3:3:4:4:1
2:1:4:4:4:3:4:4:1:,recombination,3761.129559941898,1:1:4:4:1:4:4:4:0,3:2:4:3:2:4:4:4:2
3:1:4:4:3:4:4:4:1:,recombination,3967.24971187234,4:2:4:4:4:2:2:4:4,2:1:4:4:4:4:4:4:1,MUTATE
2:2:4:4:1:4:4:4:1:,recombination,5089.370966677638,3:2:4:4:4:4:4:4:2,4:2:4:4:4:4:4:4:4,MUTATE
3:2:4:4:4:4:4:4:3:,recombination,4155.8735309266585,4:3:4:4:4:3:3:4:4,4:4:4:4:4:2:2:4:4
4:2:4:4:3:4:4:4:4:,clone,3740.6960276257128,4:2:4:4:3:4:4:4:4
4:2:4:4:4:4:3:4:3:,clone,3446.4873087150536,4:2:4:4:4:4:4:4:3
3:1:4:4:4:4:4:4:2:,recombination,3517.252101477112,2:1:4:3:1:4:4:4:1,3:1:4:4:4:3:4:4:2,MUTATE
2:2:4:3:1:4:4:4:1:,recombination,3904.2671014443454,2:1:4:2:0:4:4:4:1,3:2:4:4:4:4:4:4:2
3:2:4:4:4:4:3:4:2:,clone,3723.5484732431373,3:2:4:4:3:4:4:4:2
3:1:4:3:0:4:4:4:2:,recombination,4401.096007843267,3:1:4:3:1:4:4:4:1,2:1:4:2:0:4:4:4:1,MUTATE
3:1:4:4:2:3:4:4:2:,recombination,3624.865646774287,3:2:4:4:3:4:4:4:2,4:3:4:4:4:1:3:4:4,MUTATE
4:1:4:4:2:4:4:4:2:,recombination,3353.4386786923915,3:2:4:4:3:4:4:4:2,3:1:4:4:4:4:4:4:2,MUTATE
2:2:4:4:3:3:4:4:2:,recombination,4538.24403352373,4:2:4:4:4:4:4:4:4,4:4:4:4:4:1:1:4:4
1:1:4:1:0:4:4:4:0:,recombination,3485.6200089348586,4:2:4:4:4:4:3:4:3,3:2:4:4:3:3:4:4:3,MUTATE
3:1:4:2:0:4:4:4:2:,recombination,3962.6872386002074,3:2:4:4:4:3:4:4:3,2:2:4:3:0:4:4:4:1
3:1:4:4:2:4:4:4:2:,recombination,3404.1059763599933,3:2:4:4:4:4:4:4:2,4:4:3:4:4:1:1:4:4
3:2:4:4:1:4:4:4:2:,recombination,4439.7813134352455,4:3:4:4:4:1:2:4:4,2:1:4:3:1:4:4:4:0,MUTATE
2:1:4:3:1:4:4:4:0:,clone,3835.2295790504345,2:1:4:3:1:4:4:4:0
2:1:4:3:1:4:4:4:0:,clone,3820.4227147341467,2:1:4:3:1:4:4:4:0
2:2:4:4:1:4:4:4:1:,clone,4595.8678495878185,2:1:4:4:1:4:4:4:1
1:1:4:4:2:4:4:4:0:,clone,4502.011016203377,1:1:4:4:2:4:4:4:0
2:2:4:4:1:4:4:4:1:,clone,4481.440210027237,2:2:4:4:1:4:4:4:1
1:1:4:1:0:4:4:4:0:,clone,3471.1386884068556,1:1:4:1:0:4:4:4:0
1:1:4:1:0:4:4:4:0:,clone,3459.505174878081,1:1:4:1:0:4:4:4:0
1:1:4:2:0:4:4:4:0:,recombination,3801.294196025919,3:2:4:4:2:3:4:4:2,2:1:4:2:0:4:4:4:0,MUTATE
4:2:4:4:2:4:4:4:3:,recombination,3412.4758672062194,4:4:4:4:4:1:3:4:4,1:1:4:2:0:4:4:4:0
1:1:4:1:0:4:4:4:0:,clone,3452.730091800219,1:1:4:1:0:4:4:4:0
3:1:4:4:3:4:4:4:1:,recombination,3697.5770114600114,3:2:4:4:4:4:3:4:2,3:1:4:3:1:4:4:4:1
4:2:4:4:1:4:4:4:3:,clone,4471.782537813052,4:2:4:4:2:4:4:4:3
2:2:4:4:2:4:4:4:2:,clone,4791.966818468932,2:2:4:4:2:4:4:4:2
3:1:4:4:3:3:4:4:2:,recombination,3588.0010274978185,2:2:4:4:1:4:4:4:1,4:2:4:4:4:1:2:4:4
2:2:4:4:4:4:4:4:2:,recombination,5005.368858226644,4:4:4:4:4:0:0:1:4,4:3:4:4:4:1:3:3:4
2:1:4:4:2:4:4:4:1:,recombination,3243.9705791970364,4:4:4:4:4:1:1:3:4,4:3:4:4:4:2:2:4:4,MUTATE
1:1:4:4:1:4:4:4:0:,recombination,4702.187261709442,4:3:4:4:4:1:1:4:4,2:1:4:2:1:4:4:4:1
3:2:4:4:4:3:4:4:3:,clone,3679.853031542729,3:2:4:4:4:3:4:4:3
2:1:4:3:2:4:4:4:1:,clone,3324.0722328351544,2:1:4:3:2:4:4:4:1
3:2:4:4:4:3:4:4:2:,recombination,3459.471086552383,4:2:4:4:4:4:4:4:3,3:1:4:4:3:3:4:4:2
2:1:4:3:1:4:4:4:0:,recombination,3691.790967242793,3:2:4:4:3:4:4:4:2,2:1:4:3:2:4:4:4:1
4:1:4:4:3:3:4:4:3:,recombination,3638.0151154471937,2:1:4:3:0:4:4:4:1,4:2:4:4:3:3:4:4:3
3:1:4:4:2:3:4:4:2:,recombination,3575.8916702835727,3:2:4:4:4:3:4:4:2,4:2:4:4:4:2:4:4:4
3:1:4:4:2:4:4:4:2:,recombination,3231.8485698277036,4:2:4:4:2:4:4:4:3,2:1:4:3:2:4:4:4:1
1:1:4:4:2:4:4:4:0:,clone,3937.901393292175,2:1:4:4:2:4:4:4:0
3:1:4:4:2:3:4:4:2:,clone,3575.891670283572,3:1:4:4:2:3:4:4:2
4:1:4:4:3:3:4:4:3:,recombination,3368.0147735152627,4:2:4:4:4:3:3:4:4,3:1:4:3:1:4:4:4:2
4:2:4:4:3:3:4:4:3:,clone,3506.8436718673356,4:1:4:4:3:3:4:4:3
3:2:4:4:3:4:4:4:2:,clone,3425.156949050719,3:2:4:4:3:4:4:4:2
3:1:4:4:1:4:4:4:2:,recombination,4285.403524646098,4:4:4:4:4:2:3:4:4,4:4:4:4:4:0:0:0:4,MUTATE
2:1:4:3:1:4:4:4:0:,clone,3603.124266430004,2:1:4:3:1:4:4:4:0
3:2:4:4:1:4:4:4:2:,clone,4345.314617170434,3:1:4:4:1:4:4:4:2
3:1:4:4:4:3:4:4:2:,recombination,3604.270616131916,4:2:4:4:3:4:4:4:4,3:2:4:4:4:3:4:4:3
3:2:4:3:2:4:4:4:2:,recombination,3564.0025039789552,4:3:4:4:4:0:1:2:4,3:2:4:3:1:4:4:4:2
3:1:4:3:1:4:4:4:2:,recombination,3388.2411146422105,4:2:4:4:1:4:4:4:3,2:1:4:2:0:4:4:4:1
2:1:4:4:1:4:4:4:1:,clone,4278.142726135657,2:1:4:3:1:4:4:4:1
2:1:4:2:0:4:4:4:0:,clone,3217.1496735056135,2:1:4:2:0:4:4:4:0
2:1:4:2:0:4:4:4:0:,clone,3171.699501631891,2:1:4:2:0:4:4:4:0
2:1:4:2:0:4:4:4:1:,recombination,3227.3423142695624,4:3:4:4:4:0:1:2:4,2:1:4:2:0:4:4:4:0,MUTATE
2:1:4:4:4:4:4:4:1:,recombination,3912.1134335938655,2:1:4:2:1:4:4:4:0,4:3:4:4:4:1:2:3:4,MUTATE
1:1:4:2:0:4:4:4:0:,recombination,3801.112706165405,2:1:4:3:0:4:4:4:1,3:1:4:3:0:4:4:4:2,MUTATE
1:1:4:1:0:4:4:4:0:,recombination,3352.1804713539013,2:1:4:2:0:4:4:4:1,3:2:4:4:1:4:4:4:2
1:1:4:1:0:4:4:4:0:,recombination,3292.2693788295655,2:1:4:2:0:4:4:4:1,1:1:4:1:0:4:4:4:0,MUTATE
2:1:4:3:0:4:4:4:0:,recombination,4148.837131620698,2:1:4:3:1:4:4:4:1,4:1:4:4:3:4:4:4:3
2:1:4:4:2:4:4:4:0:,recombination,3974.854420177818,4:2:4:4:4:4:3:4:4,4:4:4:4:4:0:1:2:4,MUTATE
2:1:4:4:4:3:3:4:1:,clone,3593.054229698333,2:1:4:4:4:3:3:4:1
2:1:4:3:2:4:4:4:0:,recombination,3795.3619990893653,3:2:4:4:4:3:4:4:3,4:3:4:4:4:2:3:4:4,MUTATE
3:1:4:3:2:4:4:4:1:,recombination,3316.4004076553865,3:1:4:4:2:4:4:4:1,3:2:4:4:4:2:3:4:3,MUTATE
1:1:4:3:2:4:4:4:0:,recombination,4014.2138243055483,4:2:4:4:4:3:3:4:3,4:3:4:4:4:2:3:4:4
2:1:4:4:2:3:4:4:1:,clone,4361.655750619356,2:1:4:4:2:4:4:4:1
2:1:4:4:2:3:4:4:1:,clone,4259.4657459599675,2:1:4:4:2:3:4:4:1
2:2:4:4:2:4:4:4:2:,recombination,4702.557668878185,4:2:4:4:2:3:4:4:3,4:2:4:4:1:4:4:4:3,MUTATE
3:1:4:4:4:4:3:4:2:,recombination,3874.7061077564285,3:2:4:4:4:3:4:4:3,4:4:4:4:4:2:1:4:4,MUTATE
1:1:4:4:3:4:4:4:0:,recombination,3603.4325992554905,4:2:4:4:4:4:3:4:3,4:3:4:4:4:0:1:2:4
2:1:4:4:4:3:4:4:1:,clone,3711.234862994246,2:1:4:4:4:3:4:4:1
2:1:4:4:2:3:4:4:1:,clone,4113.090382376468,2:1:4:4:2:3:4:4:1
1:1:4:4:3:4:4:4:0:,clone,3459.034718113485,1:1:4:4:3:4:4:4:0
2:1:4:4:4:3:4:4:1:,clone,3497.8730138198484,2:1:4:4:4:3:4:4:1
2:1:4:3:0:4:4:4:0:,recombination,4125.616714409538,2:1:4:2:1:4:4:4:1,2:1:4:4:2:4:4:4:1
2:1:4:4:3:4:4:4:2:,recombination,4706.8523197345585,3:2:4:4:3:4:4:4:3,4:3:4:4:4:1:1:2:4,MUTATE
2:2:4:4:4:4:4:4:2:,clone,4874.109900695165,3:2:4:4:2:4:4:4:2
2:1:4:4:2:3:4:4:1:,clone,4044.041805133847,2:1:4:4:2:3:4:4:1
1:1:4:2:1:4:4:4:0:,clone,3790.36560529301,2:1:4:2:1:4:4:4:0
1:1:4:3:0:4:4:4:0:,recombination,4172.514866843444,4:2:4:4:4:1:2:4:4,4:3:4:4:4:1:3:4:4,MUTATE
1:1:4:3:0:4:4:4:0:,clone,4137.39938393755,1:1:4:3:0:4:4:4:0
1:1:4:3:2:4:4:4:0:,recombination,3986.0028371285034,1:1:4:1:0:4:4:4:0,1:2:4:4:2:4:4:4:1,MUTATE
2:2:4:4:4:3:4:4:2:,recombination,4554.184168086953,4:2:4:4:4:1:2:3:4,4:4:3:4:4:2:2:4:4
2:2:4:4:4:3:4:4:2:,clone,4547.34659874795,2:2:4:4:4:3:4:4:2
2:2:4:4:4:3:4:4:2:,clone,4326.742100438047,2:2:4:4:4:3:4:4:2
2:1:4:4:1:4:4:4:1:,recombination,4262.596971452617,2:1:4:4:4:3:4:4:2,2:2:4:4:3:4:4:4:2
0:1:4:3:0:4:4:4:0:,clone,6425.53878570612,1:1:4:3:0:4:4:4:0
2:1:4:4:4:3:4:4:2:,clone,4506.735225173852,2:2:4:4:4:3:4:4:2
2:1:4:4:3:4:4:4:0:,clone,3660.8446210142565,1:1:4:4:3:4:4:4:0
2:1:4:4:4:4:3:4:1:,recombination,4121.109749712828,2:2:4:4:4:3:4:4:2,2:1:4:4:2:4:4:4:0
3:2:4:4:4:4:4:4:3:,recombination,3935.5540325301417,2:1:4:2:0:4:4:4:0,4:4:4:4:4:2:1:4:4
2:1:4:4:2:4:4:4:2:,recombination,4872.40051812055,2:2:4:4:3:4:4:4:2,4:2:4:4:4:2:2:4:4
1:1:4:2:0:4:4:4:0:,recombination,3799.432764701028,3:2:4:4:4:3:4:4:3,4:3:4:4:4:2:3:2:4
2:1:4:3:0:4:4:4:0:,recombination,4066.053016279716,1:1:4:2:0:4:4:4:0,2:1:4:3:1:4:4:4:0
1:1:4:4:1:4:4:4:0:,recombination,4608.706396533765,2:2:4:4:4:4:4:4:2,4:3:4:4:4:3:4:4:4,MUTATE
1:1:4:2:0:4:4:4:0:,recombination,3723.6145214960893,3:2:4:4:4:3:4:4:3,3:1:4:3:1:4:4:4:2,MUTATE
1:1:4:2:1:4:4:4:0:,clone,3766.9481598788702,1:1:4:2:1:4:4:4:0
2:1:4:4:4:3:4:4:2:,recombination,4217.047631111961,4:3:4:4:4:1:3:4:4,4:2:4:4:4:1:2:3:4,MUTATE
4:2:4:4:3:4:4:4:4:,clone,3654.8447706030634,4:2:4:4:3:4:4:4:4
4:1:4:3:2:4:4:4:3:,clone,3419.9078203545077,4:2:4:3:2:4:4:4:3
3:2:4:4:3:4:4:4:3:,recombination,4003.835881938769,4:2:4:4:4:2:2:4:4,4:3:4:4:4:3:2:4:4
2:1:4:3:2:3:4:4:1:,recombination,3642.8343615839476,2:1:4:4:4:3:4:4:1,4:3:4:4:4:1:3:4:4,MUTATE
3:2:4:3:0:4:4:4:2:,recombination,4130.389272964521,2:2:4:4:3:4:4:4:1,3:2:4:4:4:3:3:4:3,MUTATE
2:2:4:4:3:4:4:4:2:,recombination,4100.157937689673,4:2:4:4:4:4:3:4:3,3:2:4:4:3:4:4:4:2,MUTATE
2:1:4:4:4:4:4:4:1:,clone,3686.8171770630156,2:1:4:4:4:4:4:4:1
2:2:4:3:1:4:4:4:2:,recombination,5162.913536827865,4:2:4:4:4:2:2:4:4,4:4:4:4:4:1:2:3:4,MUTATE
4:2:4:3:1:3:4:4:3:,recombination,4176.582683610063,4:3:4:4:4:1:2:3:4,4:3:4:4:4:1:2:4:4
4:2:4:4:1:4:4:4:3:,clone,4337.489767005583,4:2:4:4:2:3:4:4:3
4:2:4:4:1:4:4:4:3:,clone,4302.496041250057,4:2:4:4:1:4:4:4:3
4:2:4:4:2:3:4:4:4:,recombination,4140.754809690195,4:3:4:4:4:1:2:3:4,4:4:4:4:4:1:2:3:4
4:1:4:4:4:4:4:4:3:,clone,4411.528034484029,4:1:4:4:4:4:4:4:3
4:3:4:4:4:3:4:4:4:,recombination,4018.3453939938277,4:2:4:4:4:4:4:4:3,4:4:4:4:4:1:3:4:4
2:1:4:3:1:4:4:4:2:,recombination,4915.882575214736,4:2:4:4:3:3:4:4:3,3:2:4:4:2:4:4:4:3,MUTATE
2:2:4:4:1:4:4:4:2:,recombination,4971.2095157143285,2:2:4:4:3:4:4:4:2,2:1:4:4:3:4:4:4:2
4:4:4:4:4:0:0:3:4:,clone,3022.409630239901,4:4:4:4:4:0:1:3:4
4:1:4:4:4:3:4:4:3:,recombination,3763.9833151506828,4:4:4:4:4:1:1:3:4,4:2:4:4:4:2:2:4:4
4:2:4:4:4:4:3:4:3:,clone,3427.125207187822,4:2:4:4:4:4:3:4:3
4:1:4:4:2:4:4:4:3:,recombination,4123.752921119586,2:1:4:3:0:4:4:4:0,3:1:4:4:2:4:4:4:1,MUTATE
0:1:4:3:0:4:4:4:0:,clone,6374.700903255171,1:1:4:2:0:4:4:4:0
3:2:4:3:2:4:4:4:2:,clone,3538.273838536663,3:2:4:3:2:4:4:4:2
0:1:4:3:0:4:4:4:0:,clone,6077.972859999116,1:1:4:3:0:4:4:4:0
1:1:4:3:0:4:4:4:1:,recombination,5978.604978174972,4:3:4:4:4:1:3:4:4,4:4:4:4:4:1:1:4:4,MUTATE
3:2:4:4:2:4:4:4:2:,clone,3494.224908314985,3:2:4:4:2:4:4:4:2
4:2:4:4:4:4:3:4:4:,clone,3283.6969514290154,4:2:4:4:3:4:4:4:3
4:1:4:3:2:4:4:4:2:,clone,3519.2696764760676,4:1:4:3:2:4:4:4:2
3:2:4:4:2:4:4:4:2:,clone,3482.0113681749717,3:2:4:4:2:4:4:4:2
1:1:4:3:0:4:4:4:1:,recombination,5907.246418566845,2:1:4:3:0:4:4:4:1,4:4:4:4:4:1:1:4:4,MUTATE
4:2:4:4:4:4:3:4:4:,clone,3283.696951429015,4:2:4:4:4:4:3:4:4
1:1:4:4:1:4:4:4:1:,recombination,5448.632319259268,2:1:4:4:2:4:4:4:2,0:1:4:3:0:4:4:4:0
2:2:4:4:3:3:4:4:2:,clone,4511.225136043174,2:2:4:4:3:3:4:4:2
4:2:4:4:2:4:4:4:4:,recombination,3878.0070762863106,4:2:4:4:4:3:4:4:3,2:1:4:4:2:4:4:4:2
4:2:4:4:2:4:4:4:3:,clone,3281.2477643715097,4:2:4:4:2:4:4:4:3
3:1:4:4:4:4:4:4:2:,recombination,3443.4725612612206,3:2:4:4:4:4:4:4:3,4:4:2:4:4:2:1:4:4
3:1:4:3:1:4:4:4:1:,clone,3283.6969514290145,2:1:4:4:3:4:4:4:1
3:1:4:3:2:4:4:4:2:,recombination,3283.6969514290145,4:2:4:4:4:3:4:4:4,4:1:4:4:3:4:4:4:3
3:2:4:4:1:4:4:4:2:,clone,4277.226251872962,3:2:4:3:1:4:4:4:2
2:2:4:4:2:3:4:4:1:,recombination,4872.5237584805145,4:4:4:4:4:0:2:2:4,3:2:4:4:3:3:4:4:3
4:1:4:3:1:4:4:4:2:,clone,3321.348038936934,4:1:4:3:1:4:4:4:2
2:1:4:2:1:4:4:4:1:,recombination,3283.696951429014,3:1:4:3:1:4:4:4:1,4:2:4:3:2:4:4:4:3
2:1:4:2:1:4:4:4:1:,clone,3282.5149184103034,2:1:4:2:1:4:4:4:1
4:2:4:3:1:4:4:4:3:,recombination,4069.633146843315,4:4:4:4:4:0:0:0:4,3:1:4:4:1:4:4:4:2
3:1:4:2:0:4:4:4:1:,clone,3613.5368310591425,3:1:4:3:1:4:4:4:1
2:1:4:2:0:4:4:4:1:,clone,3187.450818739543,2:1:4:2:0:4:4:4:1
2:1:4:4:3:4:4:4:1:,clone,3471.8904209567613,2:1:4:4:3:4:4:4:1
1:1:4:1:0:4:4:4:0:,clone,3268.5052572829077,1:1:4:1:0:4:4:4:0
2:1:4:4:3:4:4:4:1:,clone,3454.2599243211894,2:1:4:4:3:4:4:4:1
1:1:4:4:1:4:4:4:0:,recombination,4599.374960781365,4:3:4:4:4:2:2:4:4,4:2:4:4:4:4:4:4:3
3:1:4:2:1:4:4:4:1:,clone,3283.6969514290145,3:1:4:2:1:4:4:4:1
2:1:4:4:3:4:4:4:1:,clone,3408.199211533352,2:1:4:4:3:4:4:4:1
2:1:4:1:0:4:4:4:0:,recombination,3283.6969514290145,4:2:4:4:4:4:3:4:4,3:2:4:4:4:3:4:4:2,MUTATE
2:1:4:4:1:4:4:4:2:,recombination,5030.27601842654,4:2:4:4:4:2:3:3:4,4:3:4:4:4:1:2:3:4
2:1:4:4:3:4:4:4:0:,recombination,3433.91902122423,3:1:4:4:4:4:4:4:2,1:1:4:4:3:4:4:4:0
3:1:4:3:1:4:4:4:1:,recombination,3268.5052572829077,2:2:4:4:2:4:4:4:1,1:1:4:3:0:4:4:4:0
1:1:4:1:0:4:4:4:0:,clone,3210.4322385933583,1:1:4:1:0:4:4:4:0
4:4:2:4:4:0:0:0:4:,clone,3212.8850807656745,1:1:4:2:0:4:4:4:0
4:4:2:4:4:0:0:1:4:,clone,3249.257212981891,4:4:2:4:4:0:0:1:4
4:4:4:4:4:2:1:4:4:,recombination,3194.443918395523,3:1:4:4:2:3:4:4:2,4:3:4:4:4:1:3:4:4,MUTATE
4:3:4:4:4:3:3:4:4:,clone,3182.168550962477,4:3:4:4:4:3:3:4:4
3:2:4:4:4:4:3:4:3:,clone,3720.9692149165116,3:2:4:4:4:4:3:4:3
3:1:4:4:3:4:4:4:1:,clone,3387.993805890936,2:1:4:4:3:4:4:4:1
3:2:4:4:1:3:4:4:2:,recombination,4909.240412375638,2:1:4:3:2:4:4:4:1,4:3:4:4:4:2:3:3:4
2:2:4:4:2:4:4:4:2:,clone,4480.820141240866,2:2:4:4:2:4:4:4:2
2:2:4:4:4:4:4:4:1:,recombination,4451.788163903276,0:1:4:3:0:4:4:4:0,4:2:4:4:4:4:3:4:3,MUTATE
3:2:4:4:1:4:4:4:2:,clone,4276.054489361269,3:2:4:4:1:4:4:4:2
3:2:4:4:4:4:3:4:2:,clone,3683.6826805060687,3:2:4:4:4:3:3:4:3
4:2:4:4:3:4:4:4:2:,clone,3575.9718484085843,4:2:4:4:3:4:4:4:2
2:2:4:4:2:4:4:4:1:,recombination,3880.1316929878353,4:3:4:4:4:1:2:4:4,3:2:4:4:2:4:4:4:2,MUTATE
3:1:4:4:3:4:4:4:2:,recombination,3321.131817766467,2:1:4:3:1:4:4:4:0,4:2:4:4:4:3:4:4:3,MUTATE
4:2:4:4:2:3:4:4:4:,clone,3976.010387940401,4:2:4:4:3:3:4:4:4
4:2:4:4:3:4:4:4:4:,clone,3632.39431464451,4:2:4:4:3:4:4:4:4
1:1:4:4:1:4:4:4:0:,recombination,4594.595970595918,2:2:4:4:2:4:4:4:1,4:4:4:4:4:1:2:2:4,MUTATE
1:1:4:2:0:4:4:4:0:,clone,3528.8276323201676,1:1:4:2:0:4:4:4:0
2:1:4:4:3:3:4:4:2:,recombination,4382.686059550382,1:1:4:3:0:4:4:4:0,4:2:4:4:4:2:3:3:4
1:1:4:3:1:4:4:4:0:,recombination,3605.7448856258156,1:1:4:2:0:4:4:4:0,2:1:4:2:0:4:4:4:0
3:2:4:4:4:4:3:4:2:,recombination,3269.250546915683,2:1:4:4:4:4:4:4:1,4:4:4:4:4:0:1:2:4
2:1:4:3:0:4:4:4:0:,recombination,4066.018683600699,4:3:4:4:4:0:1:3:4,3:1:4:3:2:4:4:4:1
3:1:4:4:4:4:3:4:2:,clone,3338.8821181424787,3:2:4:4:4:4:3:4:2
1:1:4:3:0:4:4:4:0:,clone,4047.0586343412842,1:1:4:3:0:4:4:4:0
3:1:4:4:4:4:3:4:2:,clone,3295.951799622913,3:1:4:4:4:4:3:4:2
3:1:4:4:3:4:4:4:2:,recombination,3243.5358183441845,4:2:4:4:4:2:4:4:4,3:2:4:4:4:4:3:4:2
2:2:4:2:0:4:4:4:1:,clone,4623.141412979814,2:2:4:2:0:4:4:4:1
2:1:4:4:2:4:4:4:2:,recombination,4602.621941020429,4:2:4:4:4:3:4:4:3,4:2:4:4:4:2:3:3:4
1:1:4:3:1:4:4:4:0:,recombination,3602.0807344746418,3:2:4:4:4:4:4:4:3,2:1:4:4:4:3:4:4:2
2:1:4:3:1:4:4:4:0:,clone,3411.6692904949573,2:1:4:3:1:4:4:4:0
2:1:4:4:4:4:4:4:2:,recombination,4770.48833395546,4:2:4:4:4:1:2:3:4,2:1:4:3:0:4:4:4:0,MUTATE
3:2:4:3:1:3:4:4:2:,recombination,4288.375345743564,4:2:4:4:4:3:4:4:4,4:3:3:4:4:2:2:4:4
2:1:4:4:4:4:4:4:2:,clone,4757.402457454468,2:1:4:4:4:4:4:4:2
2:2:4:4:1:4:4:4:1:,recombination,4433.3805684798745,4:4:4:4:4:0:0:3:4,2:1:4:3:0:4:4:4:0,MUTATE
3:2:4:3:1:3:4:4:2:,clone,4053.3247864149075,3:2:4:3:1:3:4:4:2
2:2:4:4:2:4:4:4:2:,recombination,4388.383677349959,4:2:4:4:4:3:4:4:3,4:2:4:4:3:4:4:4:3
2:1:4:4:4:4:4:4:2:,clone,4612.565450807044,2:1:4:4:4:4:4:4:2
2:1:4:4:4:4:4:4:2:,clone,4575.7867591043805,2:1:4:4:4:4:4:4:2
2:2:4:4:3:3:4:4:2:,recombination,4198.431355146638,4:4:4:4:4:1:1:3:4,2:2:4:4:3:4:4:4:2
2:1:4:4:4:4:4:4:2:,clone,4535.147897039812,2:1:4:4:4:4:4:4:2
4:2:4:4:3:3:4:4:3:,clone,3368.957923204185,4:2:4:4:3:3:4:4:3
4:2:4:4:3:3:4:4:3:,clone,3368.9579232041847,4:2:4:4:3:3:4:4:3
4:2:4:4:2:3:4:4:3:,clone,3533.918193164836,4:2:4:4:2:3:4:4:3
2:2:4:3:1:4:4:4:1:,recombination,3736.34101886351,2:1:4:4:3:4:4:4:1,2:2:4:4:1:4:4:4:1
3:2:4:3:1:4:4:4:1:,recombination,3699.908549671781,2:1:4:4:3:4:4:4:1,2:2:4:3:1:4:4:4:1,MUTATE
3:1:4:3:2:3:4:4:2:,recombination,3597.1617163247784,4:2:4:4:4:2:2:4:4,4:2:4:4:3:3:4:4:3,MUTATE
2:2:4:3:1:4:4:4:1:,clone,3647.1587597364655,2:2:4:3:1:4:4:4:1
3:1:4:4:3:3:4:4:2:,recombination,3302.3454865473523,2:1:4:4:1:4:4:4:1,4:3:4:4:4:0:0:3:4,MUTATE
2:1:4:3:0:4:4:4:1:,recombination,4068.0373761712754,4:3:4:4:4:1:3:4:4,3:1:4:4:2:3:4:4:2,MUTATE
3:2:4:3:2:4:4:4:2:,clone,3262.0484566962755,3:2:4:3:2:4:4:4:2
2:1:4:4:3:3:4:4:1:,recombination,3742.596281903416,4:2:4:4:3:4:4:4:3,4:3:4:4:4:1:3:4:4,MUTATE
3:2:4:4:2:4:4:4:2:,clone,3455.6549858023586,3:2:4:4:2:4:4:4:2
4:2:4:4:4:2:3:4:3:,clone,3419.84456157554,4:2:4:4:4:2:3:4:3
3:2:4:4:2:3:4:4:2:,recombination,3471.441326868616,4:2:4:4:4:3:4:4:3,1:1:4:3:0:4:4:4:0,MUTATE
3:1:4:3:2:4:4:4:1:,recombination,3307.23353928484,2:1:4:4:1:4:4:4:1,4:3:4:4:4:1:1:1:4,MUTATE
1:1:4:4:2:4:4:4:0:,recombination,3861.442349986708,2:2:4:4:3:4:4:4:1,4:2:4:4:3:3:4:4:3,MUTATE
3:1:4:2:0:4:4:4:1:,clone,3599.843721434198,3:1:4:2:0:4:4:4:1
3:1:4:4:1:4:4:4:2:,recombination,4274.140965446593,2:2:4:4:2:4:4:4:1,3:2:4:4:4:3:3:4:3,MUTATE
2:1:4:4:2:4:4:4:0:,clone,3860.6097242563364,2:1:4:4:2:4:4:4:0
3:1:4:2:0:4:4:4:1:,recombination,3571.3472081065065,2:1:4:4:4:4:4:4:1,3:1:4:2:0:4:4:4:1
2:1:4:3:2:4:4:4:0:,clone,3603.4426167600086,2:1:4:3:2:4:4:4:0
2:1:4:3:2:4:4:4:0:,clone,3551.793023364039,2:1:4:3:2:4:4:4:0
1:1:4:2:1:4:4:4:0:,clone,3581.6056482656268,2:1:4:2:1:4:4:4:0
2:1:4:2:1:4:4:4:0:,recombination,3286.292109933951,3:2:4:4:4:4:3:4:3,4:3:4:4:4:2:3:3:4
2:1:4:4:2:4:4:4:0:,clone,3750.8869301059926,1:1:4:2:0:4:4:4:0
1:1:4:4:2:4:4:4:0:,clone,3770.7563451167402,1:1:4:4:2:4:4:4:0
1:1:4:4:2:4:4:4:0:,clone,3760.2290949312664,1:1:4:4:2:4:4:4:0
1:1:4:4:2:4:4:4:0:,clone,3700.096541317001,1:1:4:4:2:4:4:4:0
4:4:4:4:4:0:0:1:4:,recombination,2929.1703666430253,1:1:4:2:0:4:4:4:0,3:2:4:4:2:4:4:4:2,MUTATE
4:3:4:4:4:1:2:4:4:,recombination,2994.212485544911,1:1:4:3:1:4:4:4:0,4:2:4:4:4:4:3:4:3
2:1:4:4:2:4:4:4:0:,recombination,3681.3018121307555,3:1:4:3:1:4:4:4:2,2:1:4:4:3:4:4:4:1
2:1:4:4:2:4:4:4:0:,clone,3624.8505698913336,2:1:4:4:2:4:4:4:0
2:2:4:4:2:4:4:4:2:,recombination,4210.376373475802,1:1:4:2:0:4:4:4:0,4:2:4:4:4:3:4:4:3,MUTATE
4:2:4:4:3:4:4:4:3:,clone,3300.771455399764,4:2:4:4:3:4:4:4:3
4:1:4:4:2:4:4:4:3:,recombination,3275.011153755618,2:1:4:3:0:4:4:4:1,3:2:4:4:1:4:4:4:2,MUTATE
4:1:4:4:3:4:4:4:2:,clone,3526.6480345079867,4:2:4:4:3:3:4:4:3
2:2:4:3:2:4:4:4:1:,recombination,3647.2187847780524,2:2:4:3:1:4:4:4:1,2:1:4:3:2:3:4:4:1,MUTATE
4:2:4:4:3:3:4:4:4:,clone,3355.0037428194287,4:2:4:4:3:3:4:4:4
4:2:4:3:2:3:4:4:3:,recombination,3440.38443263057,3:2:4:4:3:3:4:4:3,3:1:4:2:1:4:4:4:1
3:2:4:4:2:4:4:4:2:,recombination,3309.2593416364803,3:2:4:4:3:3:4:4:3,4:4:4:4:4:1:2:4:4,MUTATE
2:2:4:4:2:3:4:4:2:,recombination,4869.716622915897,4:4:4:4:4:3:3:4:4,2:1:4:4:3:3:4:4:1
3:2:4:4:3:4:4:4:2:,clone,3381.73082304065,3:2:4:4:3:4:4:4:2
4:4:4:4:4:1:2:3:4:,clone,3469.379590828366,4:4:4:4:4:1:2:3:4
4:4:4:4:4:1:2:3:4:,clone,3426.591912763122,4:4:4:4:4:1:2:3:4
4:4:4:4:4:1:3:4:4:,clone,4067.3136755497994,4:4:4:4:4:1:3:4:4
4:4:4:4:4:1:3:4:4:,recombination,4055.468897509045,4:4:4:4:4:1:3:4:4,3:2:4:4:4:4:4:4:3
4:3:4:4:4:3:4:4:4:,recombination,3986.0785351097134,2:1:4:2:0:4:4:4:0,4:4:4:4:4:2:1:4:4
3:1:4:3:0:4:4:4:1:,recombination,4206.075035908973,2:1:4:4:4:3:4:4:2,2:2:4:4:3:4:4:4:2,MUTATE
4:2:4:4:3:4:4:4:3:,clone,3283.696951429015,3:1:4:4:3:4:4:4:2
4:2:4:4:3:4:4:4:3:,recombination,3200.9570855231877,1:1:4:2:0:4:4:4:0,3:2:4:4:3:4:4:4:2
1:1:4:3:2:4:4:4:0:,recombination,3872.4780655689938,2:1:4:4:4:4:4:4:2,3:2:4:3:2:4:4:4:2
3:1:4:3:2:4:4:4:2:,clone,3280.539449304626,3:2:4:3:2:4:4:4:2
1:1:4:3:1:4:4:4:0:,recombination,3518.0692021856,2:1:4:4:3:4:4:4:0,2:1:4:3:1:4:4:4:0,MUTATE
3:1:4:3:1:4:4:4:2:,clone,3280.539449304626,3:1:4:3:2:4:4:4:2
2:1:4:4:3:3:4:4:1:,recombination,3639.3703562178757,3:2:4:4:4:4:4:4:3,4:3:4:4:4:1:2:4:4
2:1:4:4:3:3:4:4:1:,clone,3476.814752253735,2:1:4:4:3:3:4:4:1
2:1:4:4:4:3:3:4:2:,clone,4500.723501140873,3:2:4:4:4:3:3:4:2
4:4:3:4:4:0:0:0:4:,clone,3269.095332056502,1:1:4:2:0:4:4:4:0
4:3:4:4:4:2:3:4:4:,recombination,3181.8838564618936,4:2:4:4:1:4:4:4:3,4:4:4:4:4:1:3:4:4
2:1:4:4:3:4:4:4:2:,recombination,4575.093890145162,4:4:4:4:4:1:0:3:4,2:1:4:4:4:4:4:4:2
2:1:4:3:0:4:4:4:1:,recombination,4054.131611247823,4:3:4:4:4:2:3:4:4,4:2:4:4:4:2:3:4:4,MUTATE
4:2:4:3:1:4:4:4:3:,recombination,4032.881648011575,3:2:4:4:3:4:4:4:2,2:1:4:4:3:3:4:4:1,MUTATE
4:1:4:3:2:4:4:4:2:,recombination,3373.425485954547,1:1:4:3:0:4:4:4:1,3:2:4:3:2:3:4:4:2
4:1:4:4:3:4:4:4:3:,recombination,3315.4749745246672,4:3:4:4:4:3:2:4:4,4:4:3:4:4:0:0:0:4,MUTATE
4:1:4:2:1:4:4:4:2:,recombination,3284.2994225284597,4:2:4:4:4:1:2:4:4,1:1:4:1:0:4:4:4:0,MUTATE
4:1:4:3:1:4:4:4:2:,recombination,3250.056936157733,3:1:4:4:2:3:4:4:2,4:3:4:4:4:1:3:4:4
3:1:4:3:1:4:4:4:2:,recombination,3223.355683450503,2:1:4:4:4:3:3:4:1,3:2:4:4:4:3:4:4:2,MUTATE
2:1:4:3:1:4:4:4:1:,recombination,3240.3017638445313,4:4:4:4:4:2:1:4:4,3:1:4:2:1:4:4:4:2,MUTATE
3:1:4:3:1:4:4:4:1:,recombination,3267.903465673193,3:1:4:4:2:3:4:4:2,4:4:4:4:4:1:1:4:4,MUTATE
2:1:4:3:1:4:4:4:1:,clone,3240.301763844531,2:1:4:3:1:4:4:4:1
3:1:4:3:2:4:4:4:2:,clone,3267.903465673193,3:1:4:3:2:4:4:4:2
3:1:4:4:2:3:4:4:2:,recombination,3432.8752132017453,2:1:4:4:3:3:4:4:1,2:1:4:4:2:4:4:4:2
3:1:4:4:2:3:4:4:2:,recombination,3191.092522970742,3:1:4:4:4:4:4:4:2,3:1:4:4:2:3:4:4:2,MUTATE
3:2:4:4:2:3:4:4:2:,clone,3174.9427478519738,3:1:4:4:2:3:4:4:2
2:1:4:1:0:4:4:4:0:,recombination,3204.873838806224,2:1:4:4:3:3:4:4:1,4:1:4:4:2:4:4:4:2
1:1:4:1:0:4:4:4:0:,clone,3159.4236669325014,2:1:4:1:0:4:4:4:0
1:1:4:1:0:4:4:4:0:,clone,3147.578888891747,1:1:4:1:0:4:4:4:0
3:1:4:3:2:4:4:4:2:,recombination,3252.6243423800083,4:2:4:3:2:3:4:4:3,2:2:4:4:4:4:4:4:1
3:1:4:3:2:4:4:4:1:,recombination,3298.4129871765304,4:4:4:4:4:1:2:3:4,3:1:4:4:2:3:4:4:2
1:1:4:2:0:4:4:4:0:,recombination,3424.2765668756642,4:2:4:4:4:4:3:4:3,1:1:4:4:2:4:4:4:0
4:1:4:4:4:4:4:4:3:,recombination,3491.954057157908,4:3:4:4:4:0:0:3:4,2:2:4:4:4:4:4:4:1
1:1:4:2:1:4:4:4:0:,recombination,3574.629893322955,4:2:4:4:3:3:4:4:4,4:3:3:4:4:2:2:4:4
2:1:4:4:3:3:4:4:2:,recombination,4179.011666564216,3:1:4:3:1:4:4:4:1,4:2:4:4:4:2:3:3:4
2:1:4:4:4:3:4:4:2:,clone,4110.247279341631,2:1:4:4:4:3:4:4:2
2:1:4:4:4:3:4:4:2:,recombination,4039.491325114396,4:3:4:4:4:1:2:4:4,2:1:4:4:4:3:4:4:2,MUTATE
4:4:4:4:4:0:0:0:4:,clone,2937.053135088584,4:4:4:4:4:0:0:0:4
4:4:4:4:4:0:0:1:4:,clone,2924.31715997052,4:4:4:4:4:0:0:1:4
4:3:4:4:4:2:2:4:4:,recombination,3082.965984396737,4:2:4:4:4:4:4:4:4,3:1:4:4:4:4:4:4:2
4:4:4:4:4:0:0:0:4:,recombination,2870.572722855782,1:1:4:1:0:4:4:4:0,3:1:4:2:1:4:4:4:2,MUTATE
4:4:4:4:4:1:2:3:4:,recombination,3323.712541176116,2:1:4:3:1:4:4:4:0,2:1:4:2:0:4:4:4:1
4:4:4:4:4:1:2:4:4:,recombination,3017.208798463734,3:1:4:4:4:4:4:4:2,4:4:3:4:4:2:2:4:4
4:2:4:4:2:4:4:4:4:,clone,3859.266134357822,4:2:4:4:2:4:4:4:4
4:4:4:4:4:0:1:2:4:,clone,3013.762347396169,4:4:4:4:4:0:1:2:4
2:1:4:4:4:3:4:4:2:,clone,4015.9303998619125,2:1:4:4:4:3:4:4:2
4:4:4:4:4:1:1:3:4:,recombination,3102.383232088722,4:4:4:4:4:1:2:4:4,4:4:4:4:4:0:0:0:4
2:1:4:4:4:3:4:4:2:,recombination,4009.8361378894338,2:1:4:4:4:3:4:4:2,4:2:4:4:4:4:4:4:3
3:2:4:4:2:3:4:4:3:,clone,4044.8498938365337,3:2:4:4:2:3:4:4:3
2:1:4:4:4:3:4:4:2:,clone,4007.3802544315217,2:1:4:4:4:3:4:4:2
3:1:4:3:1:3:4:4:2:,clone,3979.153495510226,3:1:4:3:1:3:4:4:2
3:2:4:4:4:3:4:4:3:,recombination,3671.034648840669,4:4:4:4:4:1:2:3:4,4:4:4:4:4:0:0:4:4
1:1:4:1:0:4:4:4:0:,clone,3128.890746478283,1:1:4:1:0:4:4:4:0
1:1:4:1:0:4:4:4:0:,clone,3123.148923610076,1:1:4:1:0:4:4:4:0
2:1:4:2:1:4:4:4:1:,recombination,3280.7828545783805,3:1:4:3:1:4:4:4:1,4:2:4:4:3:4:4:4:4,MUTATE
4:2:4:4:2:4:4:4:2:,recombination,3997.6787849118136,2:2:4:4:2:4:4:4:1,2:1:4:2:0:4:4:4:1
3:1:4:3:1:4:4:4:2:,recombination,3219.803076583141,1:1:4:3:1:4:4:4:0,2:1:4:3:1:4:4:4:1
2:2:4:4:3:3:4:4:2:,recombination,4192.673313667432,3:2:4:4:2:3:4:4:3,4:3:4:4:4:3:4:4:4,MUTATE
1:1:4:3:2:4:4:4:0:,recombination,3370.612502489127,2:1:4:4:4:3:3:4:1,2:1:4:4:3:4:4:4:2,MUTATE
4:4:4:4:4:0:0:0:4:,clone,2847.0833797718187,4:2:4:4:2:4:4:4:3
4:4:4:4:4:0:0:0:4:,clone,2797.5301383491865,4:4:4:4:4:0:0:0:4
4:4:4:4:4:0:0:0:4:,clone,2777.569192877798,4:4:4:4:4:0:0:0:4
3:2:4:4:1:4:4:4:3:,clone,5082.249228119092,3:2:4:4:1:4:4:4:3
3:2:4:4:3:4:4:4:3:,recombination,3909.980034747285,1:1:4:1:0:4:4:4:0,3:2:4:4:2:3:4:4:2
4:4:4:4:4:0:0:1:4:,clone,2834.5591787309504,4:4:4:4:4:0:0:1:4
4:4:4:4:4:0:0:1:4:,clone,2834.2586057418644,4:4:4:4:4:0:0:1:4
4:2:4:4:2:4:4:4:4:,recombination,3574.888956271983,4:4:4:4:4:1:1:4:4,4:4:4:4:4:1:1:2:4,MUTATE
4:4:4:4:4:1:1:3:4:,recombination,2888.3950508274625,2:1:4:4:2:3:4:4:1,3:2:4:4:4:4:4:4:3
4:4:4:4:4:1:1:3:4:,recombination,2843.7261228717834,4:4:4:4:4:0:0:3:4,2:1:4:4:3:4:4:4:2,MUTATE
2:1:4:4:2:3:4:4:1:,recombination,3564.9854302572794,4:4:4:4:4:1:1:2:4,4:4:3:4:4:3:2:4:4,MUTATE
3:1:4:2:0:4:4:4:2:,recombination,3921.230827075846,4:4:4:4:4:1:1:4:4,1:1:4:4:2:4:4:4:1
2:1:4:3:2:3:4:4:1:,clone,3369.7489716322325,2:1:4:3:2:3:4:4:1
3:2:4:4:2:4:4:4:3:,recombination,3976.435960055817,4:3:4:4:4:1:2:4:4,3:2:4:4:3:4:4:4:3,MUTATE
3:2:4:3:1:4:4:4:2:,recombination,3565.978066630742,4:4:4:4:4:1:1:4:4,3:2:4:4:3:4:4:4:2,MUTATE
3:2:4:3:1:4:4:4:2:,clone,3538.4574361671844,3:2:4:3:1:4:4:4:2
2:1:4:4:4:3:4:4:2:,clone,3997.2002195170876,2:1:4:4:4:3:4:4:2
3:2:4:4:1:4:4:4:3:,recombination,4999.25137664806,4:4:4:4:4:0:1:4:4,1:1:4:4:1:4:4:4:1
3:1:4:3:0:4:4:4:2:,recombination,4357.286512490997,4:4:4:4:4:0:1:3:4,4:3:4:4:4:1:2:4:4,MUTATE
2:1:4:4:1:4:4:4:2:,clone,4999.443161014389,2:1:4:3:1:4:4:4:1
3:2:4:3:1:4:4:4:3:,recombination,4428.179605691163,3:1:4:2:1:4:4:4:2,3:2:4:3:1:4:4:4:2,MUTATE
4:2:4:3:1:4:4:4:3:,recombination,3915.0891366489027,3:2:4:4:1:4:4:4:3,1:1:4:2:0:4:4:4:0
3:1:4:2:0:4:4:4:2:,recombination,3905.9836519708874,2:2:4:3:1:4:4:4:2,3:2:4:3:1:4:4:4:2,MUTATE
4:2:4:3:1:3:4:4:3:,clone,3970.670852840062,4:2:4:3:1:3:4:4:3
2:1:4:4:2:4:4:4:2:,clone,4418.430701689495,2:1:4:4:2:4:4:4:2
3:2:4:3:1:3:4:4:2:,clone,4047.030676052334,3:2:4:3:1:3:4:4:2
2:2:4:2:0:4:4:4:1:,recombination,4133.419992947844,2:1:4:4:3:4:4:4:1,4:4:4:4:4:3:3:4:4
3:1:4:2:0:4:4:4:1:,recombination,3462.1401957728453,4:4:4:4:4:0:1:4:4,2:1:4:4:2:3:4:4:1,MUTATE
2:1:4:4:3:4:4:4:2:,recombination,4492.892172809375,4:4:4:4:4:1:1:3:4,1:1:4:3:0:4:4:4:0
4:2:4:4:2:3:4:4:4:,recombination,3953.2390050054646,4:3:4:4:4:1:1:2:4,4:2:4:4:4:4:4:4:4,MUTATE
2:1:4:1:0:4:4:4:0:,recombination,3187.532176658444,3:1:4:4:2:3:4:4:2,4:4:4:4:4:1:1:3:4,MUTATE
3:2:4:3:2:3:4:4:2:,recombination,3874.4172234125263,2:1:4:4:3:4:4:4:0,4:2:4:4:4:3:4:4:3
3:1:4:2:1:4:4:4:1:,recombination,3247.4509141963968,4:3:4:4:4:3:4:4:4,2:2:4:4:3:4:4:4:2,MUTATE
3:2:4:3:1:4:4:4:2:,clone,3529.290966723965,3:2:4:3:2:4:4:4:2
1:1:4:3:0:4:4:4:1:,clone,5881.47279496318,1:1:4:3:0:4:4:4:0
0:1:4:3:0:4:4:4:0:,recombination,5850.661871854119,4:2:4:4:4:3:3:4:3,4:3:4:4:4:2:2:4:4,MUTATE
4:4:4:4:4:1:1:4:4:,recombination,3002.5888227590417,4:4:4:4:4:0:0:0:4,1:1:4:3:1:4:4:4:0,MUTATE
4:4:4:4:4:0:1:3:4:,clone,3055.814384618585,4:4:4:4:4:0:1:3:4
4:4:4:4:4:1:1:4:4:,clone,2994.743736595842,4:4:4:4:4:1:1:4:4
4:4:4:4:4:1:1:4:4:,recombination,2992.735258260365,4:4:4:4:4:1:1:3:4,4:4:4:4:4:0:0:0:4
4:4:4:4:4:0:0:2:4:,clone,2999.0569423320567,4:4:4:4:4:0:0:2:4
4:2:4:4:4:3:4:4:4:,clone,3198.1747466559377,4:2:4:4:4:3:4:4:4
4:4:4:4:4:0:1:2:4:,clone,2983.4917864471236,4:4:4:4:4:0:1:2:4
4:4:4:4:4:0:1:3:4:,recombination,3001.347805465785,2:1:4:4:3:4:4:4:2,4:4:4:4:4:1:1:2:4
3:1:4:4:3:3:4:4:2:,recombination,3251.1424849763507,4:2:4:4:4:3:4:4:4,2:2:4:4:2:4:4:4:2
3:1:4:4:3:3:4:4:2:,clone,3185.088857076925,3:1:4:4:3:3:4:4:2
1:1:4:4:3:4:4:4:1:,clone,4521.544280235071,2:1:4:4:2:4:4:4:1
1:1:4:4:2:4:4:4:1:,clone,4575.520748976456,2:1:4:4:2:4:4:4:1
4:4:4:4:4:1:3:4:4:,recombination,3930.026501987451,4:4:4:4:4:1:1:3:4,4:3:4:4:4:1:1:1:4
3:2:4:2:0:4:4:4:2:,clone,3875.024243055028,3:2:4:2:0:4:4:4:2
2:2:4:4:4:3:4:4:2:,recombination,3819.3774500563786,2:1:4:3:0:4:4:4:0,3:2:4:4:2:4:4:4:2,MUTATE
2:1:4:4:3:4:4:4:2:,clone,4452.2645773758595,2:1:4:4:3:4:4:4:2
2:2:4:4:4:3:4:4:2:,clone,3761.519361470075,3:2:4:4:3:3:4:4:2
4:2:4:4:3:4:4:4:4:,recombination,3541.8017859370398,2:1:4:3:0:4:4:4:1,2:1:4:2:0:4:4:4:0
2:1:4:4:1:4:4:4:2:,recombination,4930.39965764364,3:1:4:2:1:4:4:4:1,2:1:4:4:4:3:4:4:2,MUTATE
4:3:4:4:4:2:3:4:4:,clone,3180.9512985335973,4:3:4:4:4:2:3:4:4
4:3:4:4:4:2:3:4:4:,recombination,3179.7881483414812,4:3:4:4:4:2:3:4:4,3:2:4:4:4:2:3:4:3,MUTATE
4:2:4:4:2:3:4:4:3:,recombination,3391.564804262172,1:1:4:1:0:4:4:4:0,4:3:4:4:4:2:2:4:4
3:2:4:4:1:4:4:4:3:,recombination,4625.428322946741,3:2:4:4:4:3:4:4:3,4:2:4:4:4:4:3:4:3
4:3:4:4:4:3:4:4:4:,recombination,3964.6260263125923,2:1:4:1:0:4:4:4:0,3:1:4:4:4:4:4:4:2
4:4:4:4:4:0:0:2:4:,clone,2979.549754301998,4:4:4:4:4:0:0:2:4
4:2:4:3:2:4:4:4:2:,clone,3265.018912511146,4:2:4:3:2:4:4:4:2
4:2:4:4:2:3:4:4:4:,clone,3727.8801977056737,4:2:4:4:2:3:4:4:4
4:1:4:3:1:4:4:4:3:,recombination,3598.748714584057,3:1:4:3:1:4:4:4:1,3:1:4:4:2:3:4:4:2
4:3:4:4:4:3:4:4:4:,clone,3855.9894398287206,4:3:4:4:4:3:4:4:4
4:2:4:4:3:3:4:4:4:,clone,3277.4631380594574,4:2:4:4:3:3:4:4:4
4:2:4:4:2:3:4:4:4:,clone,3714.6200398328597,4:2:4:4:2:3:4:4:4
4:4:4:4:4:1:1:2:4:,clone,3113.330617848624,4:4:4:4:4:1:1:2:4
4:2:4:4:3:3:4:4:4:,clone,3244.461899221654,4:2:4:4:3:3:4:4:4
4:2:4:4:2:4:4:4:4:,clone,3423.908663744215,4:2:4:4:2:4:4:4:4
4:2:4:4:3:3:4:4:4:,clone,3209.062693419303,4:2:4:4:3:3:4:4:4
4:2:4:4:2:3:4:4:4:,clone,3353.098485705527,4:2:4:4:2:3:4:4:4
4:2:4:3:2:4:4:4:3:,recombination,3355.4048904471942,1:1:4:3:1:4:4:4:0,3:1:4:3:2:4:4:4:1,MUTATE
4:2:4:4:3:3:4:4:3:,recombination,3230.444240893152,2:1:4:3:2:4:4:4:0,3:2:4:4:3:4:4:4:3,MUTATE
4:2:4:3:2:4:4:4:3:,clone,3318.4189898717614,4:2:4:3:2:4:4:4:3
2:1:4:2:0:4:4:4:1:,clone,3160.238740505351,2:1:4:2:0:4:4:4:1
3:2:4:3:2:4:4:4:2:,recombination,3181.5091963138575,4:4:4:4:4:1:1:2:4,3:1:4:4:2:3:4:4:2,MUTATE
3:2:4:4:3:3:4:4:2:,recombination,3539.118745028841,2:1:4:3:2:4:4:4:0,4:4:4:4:4:0:0:0:4,MUTATE
3:2:4:4:3:3:4:4:2:,recombination,3348.9984621923413,1:1:4:4:2:4:4:4:0,4:4:4:4:4:1:1:4:4,MUTATE
2:1:4:2:1:4:4:4:1:,clone,3273.2096887506536,2:1:4:2:1:4:4:4:1
2:1:4:3:2:4:4:4:1:,clone,3284.8577839905906,2:1:4:3:2:4:4:4:1
4:3:4:4:4:1:1:4:4:,recombination,2978.1559738785622,4:2:4:4:4:4:3:4:4,4:4:4:4:4:1:1:2:4
3:1:4:4:3:4:4:4:3:,recombination,4748.515698984061,4:2:4:4:4:4:3:4:3,4:3:4:4:4:1:2:2:4
3:1:4:3:1:4:4:4:1:,recombination,3256.392660331682,4:2:4:3:2:4:4:4:3,3:2:4:4:4:2:3:4:3
3:2:4:4:3:4:4:4:2:,recombination,3351.238940691537,2:1:4:3:2:4:4:4:1,4:4:4:4:4:0:0:2:4
2:1:4:2:0:4:4:4:0:,recombination,3156.483969811257,2:1:4:2:1:4:4:4:0,4:3:4:4:4:3:4:4:4
2:2:4:4:2:4:4:4:1:,recombination,3876.584220339227,4:4:4:4:4:0:1:4:4,4:3:4:4:4:0:1:2:4
2:1:4:2:1:4:4:4:1:,recombination,3121.4902440557303,2:1:4:2:0:4:4:4:0,2:1:4:4:3:4:4:4:1
2:1:4:4:2:4:4:4:0:,recombination,3525.0775837322335,4:3:4:4:4:2:3:4:4,4:2:4:3:1:4:4:4:3
1:1:4:3:1:4:4:4:0:,recombination,3371.038733866239,3:2:4:4:3:4:4:4:3,1:1:4:3:1:4:4:4:0
4:1:4:4:4:3:3:4:3:,recombination,3441.5528539119287,4:3:4:4:4:1:1:4:4,2:1:4:3:0:4:4:4:1
2:2:4:4:3:3:4:4:1:,recombination,4756.395121966306,3:2:4:4:4:3:4:4:2,4:3:4:4:4:1:3:4:4,MUTATE
2:2:4:4:1:4:4:4:1:,recombination,4404.428122089562,2:1:4:3:1:4:4:4:1,4:4:4:4:4:1:3:4:4,MUTATE
1:1:4:2:1:4:4:4:0:,clone,3555.760260936547,1:1:4:2:1:4:4:4:0
1:1:4:2:1:4:4:4:0:,recombination,3522.2204568883294,4:4:4:4:4:0:0:4:4,1:1:4:4:2:4:4:4:1,MUTATE
1:1:4:2:1:4:4:4:0:,recombination,3249.2550281570702,1:1:4:2:0:4:4:4:0,1:1:4:4:2:4:4:4:1,MUTATE
1:1:4:1:0:4:4:4:0:,clone,3059.4106718161274,1:1:4:1:0:4:4:4:0
3:2:4:3:1:4:4:4:2:,clone,3348.6212155293083,3:2:4:3:1:4:4:4:2
2:1:4:4:4:4:3:4:2:,recombination,4244.281793350322,2:2:4:4:2:4:4:4:2,0:1:4:3:0:4:4:4:0,MUTATE
2:1:4:2:0:4:4:4:0:,clone,3142.1079269732218,2:1:4:2:0:4:4:4:0
2:1:4:2:0:4:4:4:0:,clone,3142.1079269732213,2:1:4:2:0:4:4:4:0
3:2:4:2:1:4:4:4:2:,clone,3699.368601608567,3:2:4:2:1:4:4:4:2
2:1:4:3:0:4:4:4:2:,recombination,5733.828269783501,2:1:4:4:3:3:4:4:2,3:1:4:4:3:4:4:4:1
3:2:4:2:1:4:4:4:2:,clone,3570.6713248309843,3:2:4:2:1:4:4:4:2
3:1:4:2:0:4:4:4:1:,clone,3347.427107615288,3:1:4:2:1:4:4:4:2
0:1:4:2:0:4:4:4:0:,clone,5694.101551834045,1:1:4:2:0:4:4:4:0
4:1:4:4:3:4:4:4:3:,clone,3309.140056646744,4:1:4:4:3:4:4:4:3
4:2:4:4:4:4:3:4:3:,clone,3251.6533163779523,4:1:4:4:3:4:4:4:3
3:1:4:3:1:4:4:4:1:,recombination,3233.315955544653,4:2:4:4:2:4:4:4:3,3:2:4:4:4:4:3:4:3,MUTATE
1:1:4:3:1:4:4:4:1:,clone,5465.479771897279,1:1:4:3:1:4:4:4:1
2:2:4:2:0:4:4:4:1:,recombination,3953.40975008995,2:2:4:4:2:4:4:4:1,4:2:4:4:4:4:4:4:3,MUTATE
4:2:4:4:3:4:4:4:4:,recombination,3283.696951429015,3:2:4:4:3:4:4:4:2,3:2:4:4:2:4:4:4:3,MUTATE
4:1:4:3:2:4:4:4:2:,recombination,3281.2410679711024,3:2:4:4:4:3:4:4:3,2:1:4:3:2:4:4:4:1
4:1:4:3:2:4:4:4:2:,clone,3249.454594839693,4:1:4:3:2:4:4:4:2
4:2:4:4:3:3:4:4:3:,recombination,3209.083789994871,0:1:4:3:0:4:4:4:0,4:2:4:4:3:4:4:4:4
4:1:4:4:2:4:4:4:3:,clone,3212.1163279378734,4:1:4:4:2:4:4:4:3
4:2:4:4:3:4:4:4:4:,clone,3251.9104782976056,4:2:4:4:3:4:4:4:4
4:2:4:4:3:4:4:4:4:,clone,3238.246779555293,4:2:4:4:3:4:4:4:4
4:2:4:3:1:4:4:4:3:,recombination,3827.6191973623427,2:1:4:4:2:4:4:4:0,4:3:4:4:4:3:4:4:4,MUTATE
4:2:4:4:3:4:4:4:4:,clone,3173.0873656748136,4:2:4:4:3:4:4:4:4
4:2:4:4:2:4:4:4:3:,recombination,3148.1438058337462,1:1:4:2:0:4:4:4:0,1:1:4:1:0:4:4:4:0
3:2:4:3:1:4:4:4:3:,recombination,4100.614570061639,1:1:4:1:0:4:4:4:0,1:1:4:2:1:4:4:4:0,MUTATE
4:2:4:3:1:4:4:4:3:,recombination,3754.1224625067516,1:1:4:1:0:4:4:4:0,3:1:4:3:1:4:4:4:2
3:1:4:4:3:4:4:4:2:,recombination,3235.761738306068,1:1:4:3:1:4:4:4:0,4:4:4:4:4:1:1:3:4
3:1:4:2:0:4:4:4:2:,recombination,3839.140749817637,4:2:4:3:1:4:4:4:3,4:4:4:4:4:1:2:4:4,MUTATE
4:2:4:3:1:4:4:4:3:,recombination,3483.1126687103506,1:1:4:1:0:4:4:4:0,3:2:4:4:1:4:4:4:2
3:1:4:2:1:4:4:4:1:,recombination,3239.149095125524,1:1:4:4:2:4:4:4:0,3:2:4:4:4:4:4:4:3
3:2:4:4:3:4:4:4:2:,clone,3159.366800635939,3:2:4:4:3:4:4:4:2
3:1:4:4:4:4:4:4:2:,recombination,3431.133312041677,4:4:2:4:4:1:1:4:4,1:1:4:1:0:4:4:4:0
3:1:4:2:0:4:4:4:2:,clone,3611.658928917267,3:1:4:2:0:4:4:4:2
2:2:4:2:0:4:4:4:1:,recombination,3940.8635778584453,2:2:4:2:0:4:4:4:1,3:2:4:3:1:4:4:4:2
3:1:4:4:4:4:4:4:2:,clone,3385.683140167955,3:1:4:4:4:4:4:4:2
3:1:4:3:0:4:4:4:2:,recombination,4118.619548251148,2:1:4:2:0:4:4:4:1,3:1:4:2:0:4:4:4:2,MUTATE
4:4:4:4:4:1:0:2:4:,clone,3167.712181227179,4:4:4:4:4:1:1:3:4
4:3:4:4:4:3:4:4:4:,clone,3852.1379943258094,4:3:4:4:4:3:4:4:4
2:1:4:4:4:3:4:4:2:,clone,3873.574027340353,2:1:4:4:4:3:4:4:2
2:1:4:4:4:3:3:4:2:,clone,3562.798773307104,2:1:4:4:4:3:3:4:2
3:1:4:4:4:3:3:4:2:,recombination,3280.1728607371037,2:1:4:4:2:4:4:4:1,1:1:4:2:1:4:4:4:0
1:1:4:2:0:4:4:4:0:,clone,3389.515745849517,1:1:4:2:0:4:4:4:0
2:1:4:4:4:3:3:4:1:,recombination,3409.6508540228638,4:1:4:4:4:3:3:4:3,3:2:4:4:4:3:4:4:3
3:1:4:4:4:3:4:4:2:,recombination,3552.4155003177275,3:1:4:4:4:3:3:4:2,2:1:4:3:2:4:4:4:0,MUTATE
2:1:4:4:4:3:4:4:2:,clone,3603.4292868587513,2:1:4:4:4:3:4:4:2
2:1:4:4:3:4:4:4:2:,recombination,4277.849588174719,2:1:4:4:4:3:4:4:2,4:4:4:4:4:2:3:4:4
3:1:4:4:4:3:4:4:2:,clone,3428.0626274198203,3:1:4:4:3:4:4:4:2
3:1:4:4:3:3:4:4:2:,recombination,3150.8920839482453,1:1:4:2:0:4:4:4:0,3:1:4:4:4:3:4:4:2,MUTATE
3:2:4:4:3:3:4:4:2:,clone,3329.7107258213896,3:1:4:4:3:3:4:4:2
3:1:4:2:1:4:4:4:2:,clone,3232.3541289350087,3:1:4:2:1:4:4:4:2
2:1:4:3:2:4:4:4:1:,clone,3224.930381180365,2:1:4:3:2:4:4:4:1
3:2:4:4:4:3:3:4:3:,clone,3364.598111604314,3:2:4:4:4:3:3:4:3
3:2:4:4:2:4:4:4:2:,clone,3292.550228121378,3:2:4:4:2:4:4:4:2
1:1:4:3:1:4:4:4:0:,clone,3297.6661196836435,1:1:4:3:1:4:4:4:0
2:2:4:4:2:4:4:4:1:,clone,3595.3543424832596,2:1:4:4:2:4:4:4:1
4:3:4:4:4:3:2:4:4:,recombination,3103.935896603641,2:1:4:3:2:4:4:4:0,4:2:4:4:2:4:4:4:3,MUTATE
4:3:4:4:4:2:2:4:4:,clone,3057.949409860977,4:3:4:4:4:2:2:4:4
4:3:4:4:4:2:2:4:4:,clone,3034.252574172083,4:3:4:4:4:2:2:4:4
4:3:4:4:4:2:2:4:4:,recombination,2988.4647996313656,2:1:4:2:1:4:4:4:0,4:3:4:4:4:2:3:4:4
4:3:4:4:4:2:3:4:4:,clone,3104.478017812101,4:3:4:4:4:2:3:4:4
4:2:4:4:4:4:3:4:3:,recombination,3215.004912653749,3:2:4:3:1:4:4:4:2,2:1:4:3:0:4:4:4:1
4:4:4:4:4:2:1:4:4:,recombination,3135.189925066129,3:2:4:4:2:4:4:4:3,1:1:4:2:0:4:4:4:0
4:3:4:4:4:3:3:4:4:,clone,3050.4527887248587,4:3:4:4:4:3:3:4:4
4:2:4:4:4:3:3:4:4:,clone,3072.8796364699756,4:2:4:4:4:3:3:4:4
1:1:4:4:1:4:4:4:0:,recombination,4555.162911831121,3:1:4:4:4:4:4:4:2,4:4:4:4:4:2:3:4:4
4:2:4:4:4:3:3:4:3:,clone,3114.1968514127675,4:2:4:4:4:3:3:4:3
4:2:4:4:2:4:4:4:2:,clone,3496.1366059427432,3:1:4:3:2:4:4:4:2
3:1:4:3:1:3:4:4:2:,clone,3839.1021010963013,3:1:4:3:1:3:4:4:2
2:1:4:4:2:4:4:4:2:,recombination,4246.861846462802,4:3:4:4:4:1:2:4:4,0:1:4:3:0:4:4:4:0
2:2:4:4:2:3:4:4:2:,clone,4275.342992080007,2:2:4:4:2:4:4:4:2
3:1:4:4:2:4:4:4:2:,recombination,3123.202392401347,4:4:4:4:4:1:0:2:4,2:2:4:4:4:3:4:4:2
3:1:4:4:3:4:4:4:2:,clone,3202.025505024139,3:1:4:4:2:4:4:4:2
2:2:4:2:0:4:4:4:1:,recombination,3745.6569205476035,2:1:4:4:3:4:4:4:0,4:2:4:4:2:3:4:4:4,MUTATE
2:2:4:2:1:4:4:4:1:,clone,3756.3007508621567,2:2:4:2:1:4:4:4:1
4:2:4:3:1:4:4:4:3:,clone,3435.157679562474,4:2:4:3:1:4:4:4:3
2:2:4:4:1:4:4:4:2:,recombination,4882.199113795365,2:1:4:3:0:4:4:4:1,4:3:4:4:4:1:2:2:4
4:2:4:4:4:3:4:4:3:,recombination,3365.6754628601675,3:1:4:4:2:3:4:4:2,4:4:3:4:4:2:2:4:4
3:1:4:4:1:4:4:4:1:,recombination,4543.650390643191,4:2:4:4:4:3:4:4:4,4:4:3:4:4:2:2:4:4,MUTATE
2:1:4:2:1:4:4:4:0:,clone,3278.4042715701753,2:1:4:2:1:4:4:4:0
2:1:4:2:1:4:4:4:0:,clone,3232.9540996964533,2:1:4:2:1:4:4:4:0
1:1:4:1:0:4:4:4:0:,clone,3031.746288525007,1:1:4:1:0:4:4:4:0
2:1:4:2:0:4:4:4:0:,recombination,3130.0994483427176,1:1:4:3:0:4:4:4:1,2:1:4:2:1:4:4:4:1,MUTATE
0:1:4:2:0:4:4:4:0:,clone,5365.2803651771865,1:1:4:2:0:4:4:4:0
4:2:4:4:2:3:4:4:3:,recombination,3318.407411003259,4:4:4:4:4:1:2:4:4,2:2:4:4:3:4:4:4:1
3:1:4:4:2:4:4:4:1:,recombination,3374.040212704299,3:1:4:4:2:3:4:4:2,4:4:4:4:4:0:1:1:4
4:4:4:4:4:0:1:4:4:,recombination,2964.844577454514,3:1:4:4:4:3:4:4:2,4:3:4:4:4:1:1:3:4
4:4:4:4:4:0:0:2:4:,clone,2856.451121173052,4:4:4:4:4:0:0:1:4
3:2:4:4:3:3:4:4:3:,clone,3715.3604230398973,3:2:4:4:3:3:4:4:3
3:2:4:2:1:4:4:4:2:,clone,3492.965395698417,3:2:4:2:1:4:4:4:2
2:2:4:3:0:4:4:4:1:,recombination,4042.308452371699,2:1:4:3:0:4:4:4:0,3:2:4:4:3:4:4:4:2,MUTATE
2:2:4:4:3:4:4:4:1:,recombination,3738.2319231134343,2:2:4:4:4:3:4:4:2,1:1:4:2:1:4:4:4:0,MUTATE
1:2:4:3:1:4:4:4:1:,clone,5717.107965191978,1:2:4:3:1:4:4:4:1
2:1:4:4:4:4:4:4:1:,recombination,3436.4675606807,3:1:4:4:3:3:4:4:2,2:2:4:4:1:4:4:4:1
2:2:4:4:3:3:4:4:2:,recombination,3949.080022850211,2:2:4:4:1:4:4:4:1,3:2:4:4:3:4:4:4:3,MUTATE
3:2:4:4:4:4:4:4:3:,recombination,3739.8255682975096,4:3:4:4:4:2:2:4:4,2:1:4:4:3:4:4:4:1
2:1:4:4:2:3:4:4:1:,clone,3382.839097055708,2:1:4:4:2:3:4:4:1
3:1:4:3:2:4:4:4:1:,recombination,3158.681664468876,4:3:4:4:4:2:3:4:4,3:2:4:4:4:3:4:4:3
2:1:4:2:0:4:4:4:0:,clone,3119.6785245780907,2:1:4:2:0:4:4:4:0
4:2:4:4:4:3:4:4:3:,clone,3226.7129817040586,4:2:4:4:4:3:4:4:3
2:1:4:4:2:4:4:4:1:,clone,3242.8461016826227,2:1:4:4:2:4:4:4:1
2:2:4:4:4:4:4:4:2:,recombination,4315.538184295399,3:1:4:4:2:4:4:4:2,2:1:4:4:1:4:4:4:2,MUTATE
2:1:4:3:1:4:4:4:1:,clone,3140.323964422513,2:1:4:3:1:4:4:4:1
2:1:4:2:0:4:4:4:0:,clone,3098.7702756712106,2:1:4:2:0:4:4:4:0
3:1:4:2:0:4:4:4:2:,clone,3409.474539635206,3:1:4:2:0:4:4:4:2
3:1:4:2:0:4:4:4:2:,clone,3358.4482173182305,3:1:4:2:0:4:4:4:2
2:1:4:1:0:4:4:4:0:,recombination,3146.7733150691242,1:1:4:2:0:4:4:4:0,0:1:4:2:0:4:4:4:0,MUTATE
4:1:4:3:2:4:4:4:2:,clone,3163.830377894538,3:1:4:3:2:4:4:4:2
3:2:4:4:3:3:4:4:2:,clone,3325.28743681999,3:2:4:4:3:3:4:4:2
3:2:4:4:3:3:4:4:2:,clone,3279.5773158319153,3:2:4:4:3:3:4:4:2
3:1:4:4:3:4:4:4:2:,clone,3077.6852913755215,3:2:4:4:3:4:4:4:2
3:2:4:4:3:4:4:4:2:,clone,3110.041779298036,3:1:4:4:3:4:4:4:2
3:1:4:4:2:3:4:4:2:,recombination,3149.181089586759,2:1:4:2:0:4:4:4:0,2:1:4:4:3:3:4:4:1
3:1:4:4:3:4:4:4:2:,clone,3077.685291375521,3:1:4:4:3:4:4:4:2
3:1:4:3:2:4:4:4:2:,clone,3142.844705256,3:1:4:4:3:4:4:4:2
3:1:4:3:2:4:4:4:2:,recombination,3091.575831827458,1:1:4:4:1:4:4:4:0,2:1:4:2:1:4:4:4:1,MUTATE
2:1:4:2:1:4:4:4:1:,clone,3077.6852913755215,2:1:4:2:1:4:4:4:1
2:1:4:2:1:4:4:4:1:,clone,3050.9840386682918,2:1:4:2:1:4:4:4:1
3:2:4:4:2:4:4:4:3:,clone,3887.5668837948438,3:2:4:4:2:4:4:4:3
2:2:4:3:1:4:4:4:1:,clone,3558.4435419637234,2:2:4:3:1:4:4:4:1
2:2:4:3:1:4:4:4:1:,clone,3416.5707543426442,2:2:4:3:1:4:4:4:1
3:1:4:4:4:3:3:4:2:,recombination,3233.969786377575,3:1:4:3:0:4:4:4:2,4:4:4:4:4:0:0:0:4
2:2:4:3:2:4:4:4:1:,recombination,3521.7331362004675,4:2:4:4:2:3:4:4:3,3:1:4:4:2:3:4:4:2
2:1:4:2:0:4:4:4:0:,recombination,3086.600812756082,3:1:4:3:2:4:4:4:1,1:1:4:2:1:4:4:4:0
1:1:4:4:2:4:4:4:0:,recombination,3601.5828196626926,4:4:4:4:4:0:0:0:4,3:2:4:4:2:4:4:4:2,MUTATE
4:2:4:4:4:3:3:4:4:,clone,3028.9741856540168,4:2:4:4:4:3:3:4:4
2:2:4:4:1:4:4:4:1:,recombination,4313.421266331379,4:2:4:4:4:4:4:4:3,4:1:4:4:3:3:4:4:3
4:2:4:3:1:4:4:4:2:,clone,3642.033607859861,4:2:4:3:1:4:4:4:2
4:4:4:4:4:3:2:4:4:,clone,3509.869994533194,4:3:4:4:4:3:2:4:4
4:2:4:4:4:3:4:4:3:,recombination,3204.9259800530267,2:1:4:2:0:4:4:4:0,4:3:4:4:4:3:2:4:4
3:1:4:4:4:3:3:4:2:,clone,3209.8704164343244,3:1:4:4:4:3:3:4:2
3:1:4:4:4:3:4:4:2:,recombination,3336.2930871224276,2:2:4:4:4:4:4:4:2,3:1:4:4:4:3:3:4:2
3:1:4:4:4:3:3:4:2:,clone,3182.647405194281,3:1:4:4:4:3:3:4:2
3:1:4:4:4:3:3:4:2:,clone,3165.2481529690353,3:1:4:4:4:3:3:4:2
3:1:4:4:4:4:4:4:2:,recombination,3304.584331300374,2:1:4:2:0:4:4:4:0,4:2:4:4:3:3:4:4:4
2:1:4:4:3:4:4:4:1:,clone,3392.2757586822236,2:1:4:4:3:4:4:4:1
3:2:4:4:3:4:4:4:2:,clone,3075.8248381381495,3:2:4:4:3:4:4:4:2
3:2:4:4:3:4:4:4:2:,clone,3075.824838138149,3:2:4:4:3:4:4:4:2
2:1:4:3:2:4:4:4:1:,recombination,3137.2603379550624,2:1:4:2:1:4:4:4:0,3:2:4:4:3:4:4:4:2
2:1:4:4:3:4:4:4:1:,recombination,3366.486972543219,4:3:4:4:4:2:2:4:4,2:1:4:2:0:4:4:4:1
3:1:4:2:1:4:4:4:1:,clone,3023.3969471518744,3:1:4:2:1:4:4:4:1
4:1:4:4:4:4:4:4:3:,clone,3353.3078198385506,4:1:4:4:4:4:4:4:3
2:1:4:4:1:4:4:4:0:,recombination,4271.708798996475,4:3:4:4:4:1:2:3:4,3:2:4:4:3:3:4:4:3,MUTATE
2:2:4:4:3:4:4:4:1:,clone,3653.783291894401,2:2:4:4:2:4:4:4:1
3:2:4:4:2:4:4:4:2:,recombination,3178.329097275581,3:1:4:2:0:4:4:4:1,4:1:4:3:2:4:4:4:2,MUTATE
2:2:4:4:2:4:4:4:1:,clone,3427.148938952189,2:2:4:4:2:4:4:4:1
4:2:4:3:2:4:4:4:3:,clone,3310.9360818636324,4:2:4:3:2:4:4:4:3
4:2:4:3:2:4:4:4:3:,clone,3276.442849650689,4:2:4:3:2:4:4:4:3
4:2:4:3:2:4:4:4:3:,clone,3252.7439248183387,4:2:4:3:2:4:4:4:3
4:2:4:4:3:3:4:4:3:,clone,3100.14109740553,3:1:4:4:2:4:4:4:2
3:2:4:4:2:4:4:4:2:,clone,3173.8661934844886,3:2:4:4:2:4:4:4:2
3:2:4:2:1:4:4:4:2:,clone,3368.337160491234,3:2:4:2:1:4:4:4:2
3:1:4:2:1:4:4:4:2:,recombination,3144.576422499827,2:1:4:2:1:4:4:4:1,3:1:4:4:3:4:4:4:1,MUTATE
3:1:4:2:0:4:4:4:1:,recombination,3217.9352696011506,3:1:4:4:4:3:4:4:2,3:1:4:2:1:4:4:4:2
3:1:4:2:0:4:4:4:2:,clone,3286.338277883536,3:1:4:2:0:4:4:4:2
2:1:4:3:0:4:4:4:1:,clone,4044.7786664938785,2:1:4:3:0:4:4:4:1
2:1:4:3:2:4:4:4:0:,recombination,3485.4996065841465,2:1:4:3:1:4:4:4:1,2:1:4:1:0:4:4:4:0,MUTATE
1:1:4:4:1:4:4:4:0:,recombination,4523.433302367407,4:4:4:4:4:0:0:1:4,4:4:4:4:4:0:0:4:4
1:1:4:1:0:4:4:4:0:,clone,3029.7010373463013,1:1:4:1:0:4:4:4:0
4:4:4:4:4:0:1:0:4:,clone,3548.7297125074188,4:4:4:4:4:0:1:0:4
2:2:4:4:4:4:4:4:2:,recombination,4303.75829495616,4:2:4:4:2:4:4:4:3,3:2:4:4:4:3:4:4:2,MUTATE
3:1:4:3:0:4:4:4:1:,recombination,4172.229281461679,3:2:4:4:4:4:3:4:2,4:4:4:4:4:1:1:4:4
3:2:4:4:3:4:4:4:3:,recombination,3896.9316607752753,4:3:4:4:4:2:3:4:4,3:2:4:3:1:4:4:4:3,MUTATE
4:2:4:4:4:3:4:4:4:,clone,3142.4575947019043,4:2:4:4:4:3:4:4:4
4:4:4:4:4:1:0:3:4:,recombination,2952.7640111121013,4:3:4:4:4:1:1:4:4,3:1:4:2:0:4:4:4:1,MUTATE
4:3:4:4:4:3:4:4:4:,recombination,3839.8762078205664,2:1:4:4:2:4:4:4:1,4:3:4:4:4:3:4:4:4
4:4:4:4:4:0:0:3:4:,clone,2990.7177389644335,4:4:4:4:4:0:0:3:4
2:2:4:4:1:4:4:4:1:,recombination,4291.6975513073185,4:4:4:4:4:2:2:4:4,3:1:4:3:1:4:4:4:2
2:1:4:2:0:4:4:4:0:,clone,3081.8140770708605,2:1:4:2:0:4:4:4:0
2:1:4:3:1:4:4:4:0:,recombination,3340.306645612547,2:1:4:2:1:4:4:4:1,4:4:3:4:4:2:2:4:4,MUTATE
4:2:4:4:3:4:3:4:4:,clone,3038.597980865089,4:2:4:4:3:4:4:4:4
4:2:4:4:4:4:3:4:3:,clone,3187.70943443313,4:2:4:4:4:4:3:4:3
4:2:4:4:3:4:4:4:3:,recombination,3180.470768486168,3:1:4:4:3:4:4:4:2,3:1:4:2:0:4:4:4:2,MUTATE
4:2:4:4:4:3:3:4:4:,clone,2995.023621465306,4:2:4:4:4:3:3:4:4
2:1:4:2:0:4:4:4:1:,clone,3113.6847697914213,2:1:4:2:0:4:4:4:1
3:1:4:3:1:4:4:4:1:,recombination,2953.4746328436586,4:3:4:4:4:2:2:4:4,2:1:4:3:1:4:4:4:0,MUTATE
2:1:4:2:1:4:4:4:1:,clone,2971.550640217758,2:1:4:2:1:4:4:4:1
2:1:4:1:0:4:4:4:0:,clone,3106.90968671356,2:1:4:1:0:4:4:4:0
3:1:4:4:2:4:4:4:2:,clone,3105.6110707153084,3:1:4:4:2:4:4:4:2
1:1:4:2:0:4:4:4:0:,clone,3323.3187228928728,1:1:4:2:0:4:4:4:0
3:2:4:3:2:4:4:4:2:,clone,3159.0763400157657,3:2:4:3:2:4:4:4:2
4:1:4:4:2:4:4:4:2:,recombination,3319.969866382743,0:1:4:3:0:4:4:4:0,4:3:4:4:4:3:4:4:4
4:4:4:4:4:1:1:4:4:,clone,2965.182491070607,4:4:4:4:4:1:1:4:4
4:2:4:4:4:4:4:4:4:,recombination,3338.58412442309,4:2:4:4:4:3:4:4:4,2:1:4:3:1:4:4:4:1
4:4:4:4:4:2:1:4:4:,recombination,3011.2269555884113,3:2:4:4:2:4:4:4:2,3:1:4:3:2:4:4:4:1,MUTATE
4:4:4:4:4:2:1:4:4:,recombination,3009.19668566703,3:1:4:4:4:4:4:4:2,1:1:4:4:2:4:4:4:1,MUTATE
3:2:4:3:1:4:4:4:2:,clone,3276.477201177406,3:2:4:3:1:4:4:4:2
4:2:4:4:4:3:4:4:3:,clone,3188.4886128688777,4:2:4:4:4:3:4:4:3
3:2:4:4:3:3:4:4:2:,recombination,3192.6642787719197,3:1:4:4:2:4:4:4:2,2:1:4:2:0:4:4:4:0
2:1:4:3:2:4:4:4:1:,clone,3071.023235390947,2:1:4:3:2:4:4:4:1
4:4:4:4:4:1:3:4:4:,recombination,3694.422791161699,3:1:4:4:4:4:4:4:2,4:4:4:4:4:1:1:4:4,MUTATE
4:4:4:4:4:3:3:4:4:,clone,3819.2070305607117,4:4:4:4:4:3:3:4:4
3:1:4:4:4:4:4:4:3:,recombination,4680.927041374271,4:4:4:4:4:0:0:0:4,4:4:4:4:4:0:0:2:4
2:1:4:2:0:4:4:4:0:,clone,3019.073232102943,2:1:4:2:0:4:4:4:0
1:1:4:2:0:4:4:4:0:,clone,3213.761515719676,1:1:4:2:0:4:4:4:0
2:1:4:3:2:4:4:4:0:,clone,3460.979472844311,2:1:4:3:2:4:4:4:0
2:1:4:2:1:4:4:4:0:,recombination,3078.5528112169673,2:2:4:3:1:4:4:4:1,3:2:4:4:4:3:4:4:2
4:2:4:4:4:4:3:4:4:,clone,3238.2467795552925,4:2:4:4:4:4:3:4:4
3:2:4:4:3:3:4:4:2:,clone,3154.407997312857,3:2:4:4:3:3:4:4:2
2:1:4:1:0:4:4:4:0:,recombination,3061.4875104777107,3:1:4:4:2:3:4:4:2,4:2:4:4:3:4:3:4:4,MUTATE
2:1:4:3:1:4:4:4:1:,clone,3115.020239751316,2:1:4:3:1:4:4:4:1
3:2:4:4:1:3:4:4:2:,recombination,4866.241798198974,4:4:4:4:4:0:0:1:4,2:1:4:3:1:4:4:4:1
3:2:4:4:2:3:4:4:3:,recombination,4032.54049572248,3:1:4:4:4:4:3:4:2,1:1:4:2:0:4:4:4:0,MUTATE
3:2:4:4:3:3:4:4:3:,clone,3695.22545672299,3:2:4:4:3:3:4:4:3
2:2:4:4:1:4:4:4:2:,recombination,4496.786026685961,4:2:4:4:4:4:4:4:4,3:2:4:4:4:2:3:4:3,MUTATE
4:2:4:4:4:2:3:4:4:,recombination,3021.023496415429,2:2:4:2:0:4:4:4:1,3:2:4:4:3:3:4:4:2
4:1:4:4:3:4:4:4:2:,clone,3397.117034602481,3:1:4:4:2:4:4:4:2
2:1:4:4:4:4:4:4:2:,clone,4491.003327131125,3:1:4:4:3:4:4:4:2
1:1:4:4:1:4:4:4:0:,recombination,4411.9537841494675,2:1:4:2:0:4:4:4:0,4:4:4:4:4:1:1:2:4,MUTATE
4:2:4:4:4:4:4:4:4:,recombination,3283.6969514290154,4:1:4:4:4:4:4:4:3,3:2:4:4:3:4:4:4:2,MUTATE
2:1:4:4:1:4:4:4:1:,recombination,4254.725576431072,3:1:4:4:4:4:4:4:3,2:1:4:4:3:4:4:4:1
4:2:4:4:3:4:4:4:3:,clone,3167.6217879306323,4:2:4:4:3:4:4:4:3
4:2:4:4:2:4:4:4:4:,recombination,3416.307727986266,3:1:4:4:4:3:3:4:2,2:2:4:4:2:4:4:4:1
2:1:4:3:0:4:4:4:1:,recombination,4035.063950068041,3:1:4:3:2:4:4:4:1,4:2:4:4:1:4:4:4:3
2:1:4:4:1:4:4:4:2:,clone,4579.33069485596,3:1:4:4:1:4:4:4:2
3:1:4:4:1:4:4:4:2:,recombination,4257.166362548773,4:2:4:4:4:1:2:4:4,1:1:4:4:2:4:4:4:1,MUTATE
2:1:4:4:3:4:4:4:2:,clone,4180.359604284144,2:1:4:4:3:4:4:4:2
3:2:4:4:3:4:4:4:3:,clone,3853.7310537048265,3:2:4:4:3:4:4:4:3
1:1:4:4:1:4:4:4:1:,clone,5249.369252223325,2:1:4:4:2:4:4:4:1
4:4:4:4:4:1:0:2:4:,clone,3000.80981343585,4:4:4:4:4:1:0:2:4
4:4:4:4:4:1:1:4:4:,clone,2923.0785388470636,4:4:4:4:4:1:1:4:4
4:4:4:4:4:1:1:4:4:,clone,2905.049546828018,4:4:4:4:4:1:1:4:4
3:2:4:4:2:4:4:4:3:,recombination,3737.202416744195,4:2:4:4:4:3:3:4:4,4:2:4:4:4:3:4:4:4
4:2:4:4:2:3:4:4:3:,clone,3295.8002284061427,4:2:4:4:2:3:4:4:3
2:1:4:3:1:4:4:4:2:,recombination,4428.542114856219,4:2:4:4:4:3:3:4:4,3:2:4:4:4:3:3:4:3
2:1:4:3:1:4:4:4:2:,clone,4341.730376976737,2:1:4:3:1:4:4:4:2
1:1:4:4:1:4:4:4:1:,clone,5170.8628425975985,1:1:4:4:1:4:4:4:1
4:2:4:4:4:3:3:4:3:,recombination,3086.0922830584523,3:1:4:2:1:4:4:4:2,4:4:4:4:4:1:1:4:4,MUTATE
2:2:4:4:3:4:4:4:1:,clone,3533.419274575421,2:2:4:4:2:4:4:4:1
4:2:4:4:2:4:4:4:4:,clone,3327.7459756304243,4:2:4:4:2:4:4:4:4
4:4:4:4:4:0:1:3:4:,clone,2986.6073088028934,4:4:4:4:4:0:1:3:4
4:1:4:3:1:4:4:4:2:,recombination,3172.8820845769355,4:2:4:4:4:3:4:4:4,1:1:4:4:2:4:4:4:0,MUTATE
4:2:4:4:2:3:4:4:3:,recombination,3225.7266509298865,2:1:4:2:1:4:4:4:1,4:2:4:4:3:4:4:4:3
4:3:4:4:4:1:1:4:4:,clone,2914.4789429136817,4:3:4:4:4:2:2:4:4
2:1:4:3:0:4:4:4:0:,recombination,4056.6039318338276,4:4:4:4:4:0:0:0:4,2:1:4:3:0:4:4:4:1,MUTATE
4:3:4:4:4:2:3:4:4:,recombination,3076.93096795839,2:2:4:4:2:4:4:4:1,3:1:4:3:1:4:4:4:1
4:2:4:3:2:4:4:4:3:,clone,3225.5630602711108,4:2:4:3:2:4:4:4:3
3:1:4:4:4:3:4:4:2:,recombination,3238.8737117496603,4:3:4:4:4:1:2:4:4,2:1:4:4:3:4:4:4:2,MUTATE
2:2:4:3:2:4:4:4:1:,clone,3477.638328280251,2:1:4:3:1:4:4:4:1
4:4:4:4:4:2:2:4:4:,clone,3024.8934177497968,4:4:4:4:4:2:2:4:4
4:4:4:4:4:1:2:4:4:,recombination,3014.196093583481,3:1:4:2:1:4:4:4:1,2:1:4:2:0:4:4:4:0
3:2:4:4:3:4:4:4:3:,clone,3806.3753084963582,3:2:4:4:3:4:4:4:3
4:3:4:4:4:3:3:4:4:,clone,3045.7041977956105,4:3:4:4:4:3:3:4:4
3:2:4:4:3:3:4:4:3:,clone,3598.411032975517,4:2:4:4:4:3:4:4:3
3:1:4:3:0:4:4:4:2:,recombination,4056.9593895340654,3:1:4:4:1:4:4:4:1,3:1:4:4:3:4:4:4:2,MUTATE
2:1:4:3:0:4:4:4:1:,clone,4032.801246067131,2:1:4:2:0:4:4:4:1
4:3:4:4:4:2:2:4:4:,clone,2984.579460669402,4:3:4:4:4:2:2:4:4
4:2:4:4:4:3:3:4:3:,recombination,3078.815322822228,4:1:4:4:2:4:4:4:2,4:2:4:4:3:4:4:4:4
3:1:4:4:2:4:4:4:1:,clone,3139.039563823126,3:1:4:4:2:4:4:4:1
3:1:4:4:2:4:4:4:1:,clone,3105.666623074057,3:1:4:4:2:4:4:4:1
3:1:4:3:2:3:4:4:2:,clone,3484.925845010817,4:2:4:4:2:3:4:4:3
2:1:4:4:3:3:4:4:1:,recombination,3423.1913139403136,2:1:4:4:3:4:4:4:2,3:2:4:3:1:3:4:4:2,MUTATE
4:4:4:4:4:3:3:4:4:,clone,3678.5849765707662,4:4:4:4:4:3:3:4:4
4:4:4:4:4:3:3:4:4:,clone,3656.9201363716916,4:4:4:4:4:3:3:4:4
4:4:4:4:4:3:3:4:4:,clone,3655.588943727439,4:4:4:4:4:3:3:4:4
4:4:4:4:4:3:3:4:4:,clone,3623.8524321015916,4:4:4:4:4:3:3:4:4
4:3:4:4:4:4:3:4:4:,clone,4240.228436878791,4:2:4:4:4:4:3:4:4
2:2:4:4:4:4:4:4:1:,recombination,4321.948460614308,3:2:4:4:3:3:4:4:3,4:2:4:4:3:4:4:4:4
2:1:4:3:2:4:4:4:0:,recombination,3202.8081176946343,3:1:4:2:1:4:4:4:2,4:2:4:4:2:3:4:4:4,MUTATE
2:2:4:4:4:3:4:4:1:,recombination,3851.1598288997584,4:2:4:4:4:3:3:4:4,2:1:4:2:1:4:4:4:1
2:2:4:4:4:4:4:4:1:,clone,4099.87285763724,2:1:4:4:4:4:4:4:1
0:1:4:3:0:4:4:4:0:,recombination,5797.287526262329,4:4:4:4:4:0:0:0:4,3:2:4:4:3:3:4:4:3,MUTATE
1:1:4:1:0:4:4:4:0:,clone,2973.0609382237426,1:1:4:1:0:4:4:4:0
4:2:4:4:3:4:4:4:3:,clone,3133.8900774752265,4:2:4:4:3:4:4:4:3
3:1:4:4:2:4:4:4:2:,recombination,3088.4399056015045,3:2:4:3:2:4:4:4:2,4:2:4:4:3:4:4:4:3
2:2:4:4:4:4:4:4:2:,clone,4139.712740306752,2:2:4:4:4:4:4:4:2
2:2:4:4:4:3:3:4:2:,clone,3829.06686671394,3:2:4:4:4:4:4:4:2
2:1:4:4:4:4:3:4:1:,clone,3782.663668228727,2:1:4:4:4:4:3:4:1
3:2:4:4:4:4:4:4:2:,clone,3464.895546431615,3:2:4:4:4:4:4:4:2
3:2:4:4:4:3:4:4:3:,clone,3575.649480524888,3:2:4:4:4:3:4:4:3
4:2:4:4:2:4:4:4:3:,recombination,3129.6876448980256,3:1:4:3:2:4:4:4:1,4:3:4:4:4:2:3:4:4,MUTATE
2:1:4:3:1:4:4:4:1:,clone,3044.5566173515367,2:1:4:3:1:4:4:4:1
3:1:4:2:1:4:4:4:1:,recombination,3005.693399215091,4:4:4:4:4:1:2:3:4,2:1:4:3:1:4:4:4:1,MUTATE
4:2:4:4:4:3:3:4:3:,recombination,3066.4076106729317,4:2:4:4:4:3:4:4:3,1:1:4:4:1:4:4:4:1
3:2:4:4:3:4:4:4:3:,recombination,3793.128413098832,4:2:4:4:2:3:4:4:3,4:4:4:4:4:0:0:1:4
4:2:4:4:4:3:2:4:4:,clone,3167.911255244319,4:2:4:4:4:3:2:4:4
4:2:4:4:4:4:3:4:4:,clone,3163.5479238535236,4:2:4:4:4:4:3:4:4
3:2:4:4:4:3:4:4:2:,clone,3419.203470970364,3:1:4:4:4:3:4:4:2
3:2:4:4:4:3:4:4:2:,clone,3350.0099553325363,3:1:4:4:4:3:4:4:2
2:1:4:4:3:4:4:4:1:,clone,3352.902978034892,2:1:4:4:3:4:4:4:1
2:1:4:4:3:4:4:4:1:,clone,3294.005511164447,2:1:4:4:3:4:4:4:1
2:1:4:4:3:4:4:4:1:,clone,3271.225510500904,2:1:4:4:3:4:4:4:1
1:1:4:4:4:4:4:4:1:,recombination,4899.326294239074,4:2:4:4:4:4:3:4:4,4:3:4:4:4:2:2:4:4,MUTATE
3:1:4:3:2:3:4:4:2:,recombination,3459.4230863062544,4:4:4:4:4:0:1:3:4,4:3:4:4:4:2:3:4:4
3:1:4:3:2:3:4:4:2:,clone,3342.6723218576913,3:1:4:3:2:3:4:4:2
3:1:4:3:2:3:4:4:2:,recombination,3263.8492092348993,3:1:4:3:2:4:4:4:1,4:3:4:4:4:2:3:4:4,MUTATE
3:1:4:4:3:4:4:4:1:,clone,3282.019388855769,3:1:4:4:3:4:4:4:1
4:3:4:4:4:1:2:4:4:,recombination,2968.987926750137,2:1:4:2:0:4:4:4:0,3:1:4:4:4:3:3:4:2
4:3:4:4:4:1:2:4:4:,clone,2948.7202866373,4:3:4:4:4:1:2:4:4
4:2:4:4:4:2:3:4:4:,clone,2939.3585763304377,4:2:4:4:4:2:3:4:4
3:2:4:4:4:4:4:4:3:,clone,3609.9956796157694,3:2:4:4:4:4:4:4:3
3:2:4:4:3:3:4:4:3:,clone,3517.7035244339672,3:2:4:4:3:3:4:4:3
4:2:4:4:4:3:3:4:3:,clone,3022.4570054900705,4:2:4:4:4:2:3:4:4
3:2:4:4:4:3:4:4:3:,recombination,3513.032389407982,3:2:4:4:3:3:4:4:3,4:4:4:4:4:1:2:4:4,MUTATE
2:1:4:3:1:3:4:4:1:,clone,3455.0015485516274,2:1:4:3:1:3:4:4:1
2:1:4:3:1:3:4:4:1:,clone,3404.82687954063,2:1:4:3:1:3:4:4:1
3:2:4:3:2:3:4:4:2:,recombination,3703.9978736280373,3:1:4:4:3:3:4:4:2,4:2:4:4:4:3:4:4:3
2:1:4:4:2:3:4:4:1:,recombination,3344.8641923987207,3:1:4:4:3:3:4:4:2,4:2:4:4:4:4:4:4:3,MUTATE
2:1:4:3:2:3:4:4:1:,recombination,3353.897203854264,3:1:4:4:3:3:4:4:2,4:1:4:3:1:4:4:4:2,MUTATE
2:1:4:3:0:4:4:4:0:,recombination,4044.6852784263515,2:1:4:4:1:4:4:4:2,4:3:4:4:4:1:1:4:4,MUTATE
1:1:4:3:0:4:4:4:0:,recombination,4042.7244059149916,2:1:4:2:0:4:4:4:0,2:1:4:3:0:4:4:4:0,MUTATE
3:2:4:4:4:4:4:4:2:,recombination,3443.2675563726884,4:4:3:4:4:2:1:4:4,1:1:4:3:1:4:4:4:1,MUTATE
2:1:4:4:4:4:4:4:2:,recombination,4441.897770542699,0:1:4:3:0:4:4:4:0,3:2:4:3:2:4:4:4:2
4:3:4:4:4:3:4:4:4:,recombination,3824.2569323652,3:1:4:3:1:4:4:4:1,2:1:4:3:1:4:4:4:0,MUTATE
2:1:4:4:4:4:3:4:1:,recombination,3491.316256007226,4:2:4:4:3:4:4:4:3,2:1:4:4:4:4:4:4:2
2:1:4:4:4:4:3:4:1:,recombination,3276.059975290124,4:2:4:4:2:3:4:4:4,2:1:4:4:4:4:3:4:1,MUTATE
3:1:4:4:4:4:4:4:2:,recombination,3287.440163978366,3:2:4:4:4:3:4:4:2,4:4:4:4:4:1:2:4:4,MUTATE
4:3:4:4:4:1:1:4:4:,clone,2895.239177180126,4:3:4:4:4:1:1:4:4
3:2:4:4:4:3:4:4:3:,clone,3499.042950801964,3:2:4:4:4:3:4:4:3
4:2:4:4:4:1:2:4:4:,recombination,3222.0367106438334,2:2:4:4:1:4:4:4:1,3:2:4:4:3:3:4:4:3
2:1:4:4:2:3:4:4:1:,recombination,3216.6525483647047,4:2:4:4:3:3:4:4:4,3:2:4:4:4:3:4:4:3
2:1:4:3:1:4:4:4:0:,clone,3221.372708582904,2:1:4:3:1:4:4:4:0
3:1:4:3:1:4:4:4:2:,clone,3179.940534488734,3:1:4:3:2:4:4:4:2
4:3:4:4:4:2:1:4:4:,clone,3057.6435827085597,4:4:4:4:4:1:1:4:4
4:3:4:4:4:2:1:4:4:,clone,2982.5801447707613,4:3:4:4:4:2:2:4:4
4:3:4:4:4:2:2:4:4:,clone,2916.5004705412753,4:3:4:4:4:2:2:4:4
4:3:4:4:4:2:2:4:4:,clone,2916.500470541275,4:3:4:4:4:2:2:4:4
3:2:4:3:2:3:4:4:2:,clone,3227.758823449949,3:2:4:3:2:3:4:4:2
3:2:4:4:3:4:4:4:3:,recombination,3773.5353365696665,4:2:4:4:2:3:4:4:3,2:1:4:4:3:4:4:4:1,MUTATE
3:2:4:4:3:4:4:4:3:,recombination,3730.532641194958,3:1:4:4:3:4:4:4:1,2:1:4:4:3:3:4:4:1
3:2:4:4:3:4:4:4:3:,recombination,3581.1248218127657,4:3:4:4:4:2:2:4:4,0:1:4:3:0:4:4:4:0,MUTATE
4:3:4:4:4:2:3:4:4:,clone,3029.6571740931404,4:3:4:4:4:2:2:4:4
4:2:4:4:3:3:4:4:4:,clone,3175.74106431694,4:2:4:4:3:3:4:4:4
4:2:4:4:2:3:4:4:3:,recombination,3175.74106431694,3:2:4:4:3:4:4:4:2,4:4:4:4:4:1:2:3:4
3:1:4:3:1:4:4:4:2:,clone,3127.324069139586,3:1:4:3:1:4:4:4:2
3:2:4:3:1:3:4:4:2:,recombination,4040.0365446555656,4:3:4:4:4:1:2:3:4,4:2:4:4:4:3:3:4:4,MUTATE
3:2:4:3:1:3:4:4:2:,clone,3605.7232919519756,3:2:4:3:1:3:4:4:2
3:2:4:3:1:3:4:4:2:,recombination,3576.564653892232,3:2:4:3:1:3:4:4:2,2:2:4:3:1:4:4:4:1
3:2:4:3:1:3:4:4:2:,recombination,3521.6568039234135,3:2:4:3:1:3:4:4:2,3:1:4:2:0:4:4:4:2
3:2:4:3:1:3:4:4:2:,recombination,3362.389793671373,3:2:4:3:1:3:4:4:2,3:1:4:2:0:4:4:4:2
3:2:4:4:1:3:4:4:2:,recombination,4469.31431455986,3:2:4:3:1:3:4:4:2,4:1:4:3:1:4:4:4:3,MUTATE
3:2:4:4:1:3:4:4:2:,recombination,4308.0120090696355,3:2:4:4:1:3:4:4:2,4:2:4:4:4:3:3:4:4,MUTATE
3:1:4:3:1:3:4:4:2:,clone,3768.246633420757,3:1:4:3:1:3:4:4:2
3:1:4:3:1:3:4:4:2:,clone,3629.8590508085376,3:1:4:3:1:3:4:4:2
4:3:4:4:4:1:3:4:4:,recombination,3472.189247656232,2:2:4:3:2:4:4:4:1,2:1:4:4:2:4:4:4:2
3:2:4:3:1:4:4:4:2:,recombination,3259.553706855294,3:2:4:4:4:4:4:4:2,4:3:4:4:4:2:3:4:4
4:2:4:4:4:4:4:4:3:,clone,3295.6156900297933,4:2:4:4:4:4:4:4:3
2:1:4:4:3:3:4:4:2:,recombination,3921.278249510231,3:2:4:4:3:3:4:4:3,4:2:4:4:2:4:4:4:3
2:2:4:2:1:4:4:4:1:,clone,3746.0247831300435,2:2:4:2:1:4:4:4:1
3:2:4:4:2:3:4:4:3:,clone,4015.0266032992463,3:2:4:4:2:3:4:4:3
3:2:4:4:2:3:4:4:3:,recombination,3829.621550928431,4:2:4:3:1:4:4:4:3,4:3:4:4:4:1:1:1:4,MUTATE
3:1:4:4:3:3:4:4:3:,recombination,5016.77792449672,4:4:4:4:4:0:0:1:4,3:2:4:3:2:4:4:4:2,MUTATE
4:2:4:4:3:4:4:4:3:,clone,3106.01656547822,4:2:4:4:3:4:4:4:3
4:1:4:3:2:4:4:4:3:,recombination,3179.353608183957,3:2:4:4:3:4:4:4:2,4:2:4:4:3:4:4:4:3,MUTATE
4:4:4:4:4:2:1:4:4:,recombination,3007.0864751026043,2:2:4:4:3:4:4:4:1,4:2:4:4:4:4:4:4:3
4:2:4:4:2:4:4:4:4:,recombination,3240.203990002533,2:1:4:1:0:4:4:4:0,2:1:4:3:0:4:4:4:1,MUTATE
4:4:4:4:4:2:2:4:4:,clone,3023.1710330650676,4:4:4:4:4:2:2:4:4
3:2:4:4:4:4:3:4:3:,clone,3715.566565353484,3:2:4:4:4:3:3:4:3
