4:3:4:4:4:1:2:4:4:,initialisation,4570.799793136413,
4:3:4:4:4:2:3:4:4:,initialisation,3846.8144247341306,
4:2:4:4:4:3:3:4:4:,initialisation,4248.723604061423,
4:2:4:4:4:2:3:4:4:,initialisation,5179.150882970439,
4:3:4:4:4:2:2:4:4:,initialisation,4008.4440240962717,
4:3:3:4:4:2:1:4:4:,initialisation,3348.830746847525,
4:2:4:4:4:3:4:4:4:,initialisation,5696.545735458967,
4:2:4:4:4:3:3:4:4:,initialisation,4154.072068569218,
4:2:4:4:4:2:2:4:4:,initialisation,3659.226252442402,
4:2:4:4:4:2:3:4:4:,initialisation,3881.1177003946077,
4:3:4:4:4:3:3:4:4:,initialisation,4322.712876104262,
4:2:4:4:4:2:2:4:4:,initialisation,3348.8307468475246,
4:3:4:4:4:1:1:4:4:,initialisation,3276.362594158599,
4:2:4:4:4:1:2:4:4:,initialisation,4570.444962499133,
4:3:4:4:4:2:2:4:4:,initialisation,3961.1756586508855,
4:3:4:4:4:2:2:4:4:,initialisation,3607.421118622843,
4:3:4:4:4:1:2:4:4:,initialisation,3365.4117369637997,
4:3:3:4:4:2:2:4:4:,initialisation,3348.830746847524,
4:2:4:4:4:2:3:4:4:,initialisation,3877.03843610279,
4:2:4:4:4:3:3:4:4:,initialisation,3348.8307468475255,
4:2:4:4:4:1:2:4:4:,initialisation,4409.802049032546,
4:2:4:4:4:3:3:4:4:,initialisation,3348.830746847525,
4:3:4:4:4:2:3:4:4:,initialisation,3832.9436196311785,
4:3:4:4:4:2:2:4:4:,initialisation,3348.830746847525,
4:2:4:4:4:1:1:4:4:,initialisation,3675.0577912237513,
4:3:4:4:4:2:2:4:4:,initialisation,3325.8881621112405,
4:3:3:4:4:1:1:4:4:,initialisation,3381.056598529754,
4:2:4:4:4:3:4:4:3:,initialisation,6079.110920769357,
4:3:3:4:4:2:1:4:4:,initialisation,3309.6082600278987,
4:2:4:4:4:2:3:4:4:,initialisation,3812.627626471706,
4:3:4:4:4:3:2:4:4:,initialisation,3348.830746847524,
4:3:3:4:4:1:2:4:4:,initialisation,3348.8307468475255,
4:3:4:4:4:1:3:4:4:,initialisation,4509.840784491041,
4:3:4:4:4:1:1:3:4:,initialisation,3922.847023855814,
4:2:4:4:4:3:4:4:4:,initialisation,5115.77962215959,
4:2:4:4:4:1:2:4:4:,initialisation,4116.609820729548,
4:2:4:4:4:3:3:4:4:,initialisation,3348.830746847524,
4:2:4:4:4:2:3:4:4:,initialisation,3645.2761939497527,
4:2:4:4:4:1:2:4:4:,initialisation,3666.8489914310485,
4:3:4:4:4:1:1:4:4:,initialisation,3236.2853448287788,
4:2:4:4:4:3:4:4:4:,initialisation,4732.194160733972,
4:3:4:4:4:2:3:4:4:,initialisation,3702.8021954950436,
4:2:4:4:4:3:3:4:3:,initialisation,5426.363717639695,
4:3:4:4:4:1:2:4:4:,initialisation,3303.881380699333,
4:3:3:4:4:1:1:4:4:,initialisation,3348.830746847526,
4:2:4:4:4:2:3:4:4:,initialisation,3348.8307468475246,
4:3:3:4:4:1:2:4:4:,initialisation,3348.8307468475246,
4:2:4:4:4:3:2:4:4:,initialisation,3348.8307468475255,
4:3:4:4:4:1:0:4:4:,initialisation,3323.6657357356967,
4:1:4:4:4:3:3:4:4:,initialisation,4851.060224662435,
4:3:4:4:4:2:2:4:4:,initialisation,3309.320222904129,
4:4:2:4:4:1:1:4:4:,initialisation,3348.8307468475246,
4:2:4:4:4:1:2:3:4:,initialisation,4459.570823676451,
4:2:3:4:4:2:2:4:4:,initialisation,3348.8307468475255,
4:2:4:4:4:1:1:3:4:,initialisation,4124.911658311042,
4:1:4:4:4:3:4:4:3:,initialisation,5832.911754480055,
4:3:4:4:4:2:2:4:4:,initialisation,3302.1327596320075,
4:3:4:4:4:2:3:4:4:,initialisation,3522.020464443443,
4:2:4:4:4:1:2:2:4:,initialisation,4049.959903451063,
4:2:4:4:4:1:2:4:4:,initialisation,3445.797381026865,
4:2:3:4:4:2:2:4:4:,initialisation,3348.830746847524,
4:1:4:4:4:3:4:4:4:,initialisation,5339.6245625741985,
4:2:4:4:4:1:3:4:4:,initialisation,4207.45770260448,
4:3:4:4:4:2:3:4:4:,initialisation,3515.4391479397736,
4:3:3:4:4:1:2:4:4:,initialisation,3348.830746847524,
4:3:3:4:4:2:2:4:4:,initialisation,3348.8307468475236,
4:4:2:4:4:1:1:4:4:,initialisation,3348.830746847524,
4:2:4:4:4:3:4:4:4:,initialisation,4555.4547056168585,
4:3:3:4:4:1:1:4:4:,initialisation,3348.830746847525,
4:2:4:4:4:3:4:4:3:,initialisation,5836.301545979261,
4:2:4:4:4:1:2:3:4:,initialisation,4141.732933958224,
4:2:4:4:4:2:2:4:4:,initialisation,3348.830746847524,
4:1:4:4:3:4:4:4:3:,initialisation,5753.1516056474775,
4:4:4:4:4:1:1:4:4:,initialisation,3807.222482190573,
4:2:4:4:4:3:2:4:4:,initialisation,3348.830746847525,
4:2:4:4:4:2:2:4:4:,initialisation,3348.8307468475236,
4:2:4:4:4:1:2:3:4:,initialisation,3987.6951903968384,
4:2:4:4:4:3:2:4:4:,initialisation,3348.8307468475246,
3:1:4:4:4:4:4:4:2:,initialisation,5228.794207573011,
4:1:4:4:4:3:3:4:4:,initialisation,4546.405996773944,
4:2:4:4:4:4:4:4:4:,initialisation,4923.067737650582,
4:3:4:4:4:1:3:4:4:,initialisation,4454.500574069915,
4:4:4:4:4:1:2:4:4:,initialisation,3808.1172572577707,
4:2:4:4:4:3:4:4:4:,initialisation,4465.47429723953,
4:3:4:4:4:1:2:3:4:,initialisation,4373.947409997958,
4:1:4:4:4:3:3:4:4:,initialisation,4407.178190249601,
4:4:3:4:4:1:1:4:4:,initialisation,3348.8307468475246,
4:3:4:4:4:1:3:4:4:,initialisation,4006.514001728338,
3:1:4:4:4:3:4:4:2:,initialisation,6512.560450205004,
4:2:4:4:4:2:2:4:4:,initialisation,3267.066075500976,
4:3:4:4:4:2:3:4:4:,initialisation,3348.830746847524,
4:3:4:4:4:1:2:2:4:,initialisation,4385.0615144611575,
4:3:4:4:4:0:0:0:4:,initialisation,3166.0421520051054,
2:0:4:1:0:4:4:4:0:,initialisation,3348.8307468475255,
4:3:4:4:4:2:1:4:4:,initialisation,3381.7301529579718,
4:3:3:4:4:1:1:4:4:,initialisation,3348.8307468475246,
3:1:4:4:4:4:4:4:3:,initialisation,6792.094341249315,
4:3:4:4:4:0:1:2:4:,initialisation,3733.246055715018,
1:1:4:2:0:4:4:4:0:,initialisation,4519.55646845335,
4:3:3:4:4:2:2:4:4:,initialisation,3293.568005091283,
4:1:4:4:3:4:4:4:4:,initialisation,5355.538458472143,
4:2:4:4:4:2:3:3:4:,initialisation,5620.342177040379,
3:1:4:4:4:3:4:4:3:,initialisation,6297.798542768322,
4:2:4:4:4:1:1:4:4:,initialisation,3492.0513814321466,
4:3:4:4:4:1:2:3:4:,initialisation,4263.224124075093,
1:1:4:3:0:4:4:4:0:,initialisation,7495.58686325788,
4:3:4:4:4:1:1:4:4:,initialisation,3208.5422559313583,
4:3:3:4:4:1:2:4:4:,initialisation,3345.0390059910305,
3:1:4:4:4:2:3:4:3:,initialisation,5585.817263791029,
4:4:2:4:4:2:1:4:4:,initialisation,3348.830746847524,
4:2:4:4:4:3:3:4:4:,initialisation,3334.2657572297976,
4:3:4:4:4:1:1:3:4:,initialisation,3748.628140077105,
3:1:4:4:4:3:4:4:3:,initialisation,5544.412681319583,
4:3:4:4:4:1:1:4:4:,initialisation,3201.8596129021457,
4:3:2:4:4:1:1:4:4:,initialisation,3287.7523213266513,
4:4:3:4:4:2:1:4:4:,initialisation,3348.8307468475246,
3:1:4:4:4:3:4:4:2:,initialisation,6369.952449261061,
4:1:4:4:4:3:3:4:4:,initialisation,3771.2706643756856,
4:2:4:4:4:2:3:4:4:,initialisation,3348.830746847524,
4:4:4:4:4:1:1:4:4:,initialisation,3456.0751380280867,
4:3:4:4:4:1:1:4:4:,initialisation,3164.8534241642674,
4:2:4:4:4:3:2:4:4:,initialisation,3348.830746847524,
4:1:4:4:4:3:4:4:4:,initialisation,4568.228937757798,
4:3:3:4:4:1:1:4:4:,initialisation,3346.34055083366,
4:2:4:4:4:2:2:4:4:,initialisation,3248.3062143935567,
2:1:4:4:2:4:4:4:2:,initialisation,7006.2147947661,
4:3:2:4:4:2:1:4:4:,initialisation,3348.8307468475246,
4:2:4:4:4:2:4:4:4:,initialisation,5448.771142828184,
4:3:3:4:4:2:2:4:4:,initialisation,3287.6650553942604,
4:3:4:4:4:2:3:3:4:,initialisation,5158.078168836331,
4:2:4:4:4:3:3:4:4:,initialisation,3330.5464756000642,
4:2:4:4:4:1:3:4:4:,initialisation,4040.6087640580417,
4:3:4:4:4:1:1:4:4:,recombination,3110.1354232163358,4:3:4:4:4:1:1:4:4,4:3:4:4:4:1:1:3:4,MUTATE
4:3:2:4:4:1:1:4:4:,recombination,3287.75232132665,4:3:3:4:4:2:2:4:4,4:3:2:4:4:1:1:4:4,MUTATE
4:2:4:4:4:2:1:4:4:,recombination,3523.9996629702027,4:2:4:4:4:1:1:4:4,4:2:4:4:4:2:3:4:4,MUTATE
4:3:4:4:4:2:2:4:4:,recombination,3287.873361227037,4:3:4:4:4:1:1:4:4,4:3:4:4:4:2:3:4:4,MUTATE
4:1:4:4:4:3:3:4:4:,recombination,3527.6940456213974,4:1:4:4:4:3:3:4:4,4:2:4:4:4:2:3:4:4
4:2:4:4:4:2:3:3:4:,recombination,5582.032314201369,4:2:4:4:4:2:3:3:4,4:1:4:4:4:3:4:4:3,MUTATE
4:3:4:4:4:2:3:4:4:,clone,3339.05303081119,4:3:4:4:4:2:3:4:4
4:2:4:4:4:2:3:4:4:,recombination,3339.053030811191,4:2:4:4:4:3:2:4:4,4:3:4:4:4:2:3:4:4
4:3:4:4:4:2:2:4:4:,clone,3247.044483256537,4:3:4:4:4:2:2:4:4
3:1:4:4:4:3:4:4:2:,recombination,5940.494567805565,4:1:4:4:4:3:3:4:4,3:1:4:4:4:3:4:4:2
4:3:2:4:4:2:1:4:4:,recombination,3348.830746847524,4:4:2:4:4:2:1:4:4,4:3:4:4:4:2:3:4:4
4:2:4:4:4:2:3:4:4:,recombination,3316.3710360001696,4:2:4:4:4:2:3:4:4,4:2:4:4:4:2:2:4:4
4:3:4:4:4:1:0:4:4:,clone,3270.079886772792,4:3:4:4:4:1:0:4:4
3:1:4:4:4:4:4:4:2:,clone,5152.623054708459,3:1:4:4:4:4:4:4:2
4:3:4:4:4:2:2:4:4:,clone,3225.942173070343,4:3:4:4:4:2:2:4:4
4:1:4:4:3:4:4:4:3:,recombination,5257.288767104561,4:1:4:4:4:3:4:4:4,2:1:4:4:2:4:4:4:2
4:4:4:4:4:1:2:4:4:,recombination,3789.842587222209,4:3:4:4:4:2:3:4:4,4:3:4:4:4:1:1:3:4
4:4:3:4:4:1:1:4:4:,recombination,3326.148752036503,4:3:4:4:4:2:3:4:4,4:4:2:4:4:1:1:4:4
4:2:4:4:4:3:3:4:3:,clone,5281.64104269085,4:2:4:4:4:3:3:4:3
4:3:4:4:4:1:2:4:4:,recombination,3228.5386012773133,4:3:3:4:4:2:2:4:4,4:3:4:4:4:1:1:4:4
4:4:2:4:4:1:1:4:4:,recombination,3309.6082600278987,4:3:3:4:4:2:1:4:4,4:3:3:4:4:1:2:4:4
4:1:4:4:4:3:3:4:4:,recombination,3301.7281424162647,4:2:4:4:4:2:2:4:4,2:0:4:1:0:4:4:4:0,MUTATE
4:1:4:4:4:3:3:4:4:,clone,3298.1207402182235,4:1:4:4:4:3:3:4:4
4:2:4:4:4:1:1:4:4:,recombination,3393.6144363406183,4:2:4:4:4:1:1:4:4,4:3:4:4:4:2:2:4:4
4:3:4:4:4:1:2:3:4:,clone,4260.247594364457,4:3:4:4:4:1:2:3:4
4:3:3:4:4:2:1:4:4:,clone,3287.75232132665,4:3:3:4:4:1:1:4:4
4:3:3:4:4:2:1:4:4:,clone,3206.235687589641,4:3:3:4:4:2:1:4:4
4:3:4:4:4:0:1:3:4:,recombination,3651.6712192625714,4:3:4:4:4:0:1:2:4,4:2:4:4:4:3:3:4:4
3:1:4:4:4:3:4:4:3:,recombination,4901.66972825039,3:1:4:4:4:3:4:4:3,4:2:4:4:4:2:2:4:4
4:2:4:4:4:3:2:4:4:,recombination,3253.358446555027,4:2:4:4:4:3:3:4:4,4:2:4:4:4:3:3:4:4,MUTATE
4:1:4:4:2:4:4:4:4:,recombination,5710.215976195355,4:3:4:4:4:1:3:4:4,4:1:4:4:3:4:4:4:4,MUTATE
4:3:3:4:4:1:1:4:4:,recombination,3332.4903083505897,4:3:3:4:4:2:1:4:4,4:3:4:4:4:1:0:4:4,MUTATE
4:2:4:4:4:3:3:4:4:,recombination,3298.1207402182235,4:1:4:4:4:3:3:4:4,4:3:3:4:4:2:2:4:4,MUTATE
4:3:3:4:4:2:2:4:4:,recombination,3267.3141131105153,4:3:4:4:4:1:2:4:4,4:3:2:4:4:1:1:4:4,MUTATE
4:3:4:4:4:2:2:4:4:,recombination,3197.4164219830286,4:2:4:4:4:3:3:4:4,4:3:3:4:4:1:1:4:4,MUTATE
4:3:4:4:4:1:3:4:4:,recombination,3944.529529169035,4:3:4:4:4:1:3:4:4,4:2:4:4:4:1:3:4:4,MUTATE
4:2:4:4:4:4:4:4:4:,recombination,4353.134093626692,4:3:2:4:4:2:1:4:4,1:1:4:2:0:4:4:4:0
4:1:4:4:4:3:4:4:3:,recombination,5219.56703440171,4:2:4:4:4:3:3:4:3,4:1:4:4:3:4:4:4:3,MUTATE
2:1:4:4:2:4:4:4:1:,recombination,6797.354790844163,4:3:4:4:4:1:0:4:4,1:1:4:3:0:4:4:4:0,MUTATE
3:1:4:4:4:4:4:4:3:,clone,6624.290228433639,3:1:4:4:4:4:4:4:3
2:1:4:4:3:4:4:4:1:,recombination,6263.98154072571,3:1:4:4:4:3:4:4:3,2:1:4:4:2:4:4:4:2
3:1:4:4:4:2:3:4:3:,clone,5446.590276887021,3:1:4:4:4:2:3:4:3
4:1:4:4:3:3:4:4:4:,recombination,5198.477049234628,2:1:4:4:2:4:4:4:1,4:2:4:4:4:3:3:4:4,MUTATE
1:1:4:3:0:4:4:4:0:,clone,7296.908873178654,1:1:4:3:0:4:4:4:0
3:1:4:4:4:4:4:4:3:,clone,6462.899343594974,3:1:4:4:4:4:4:4:3
4:1:4:4:4:3:4:4:4:,clone,4520.665329610054,4:1:4:4:4:3:4:4:4
4:3:3:4:4:1:1:4:4:,clone,3309.6082600278987,4:3:2:4:4:1:1:4:4
4:1:4:4:2:4:4:4:4:,clone,5637.896661052284,4:1:4:4:2:4:4:4:4
3:1:4:4:4:3:4:4:2:,recombination,5197.729278957645,3:1:4:4:4:3:4:4:3,4:1:4:4:4:3:3:4:4,MUTATE
3:1:4:4:4:4:4:4:3:,recombination,5419.909724831305,3:1:4:4:4:3:4:4:3,4:1:4:4:3:4:4:4:4,MUTATE
4:1:4:4:4:3:4:4:3:,recombination,5065.675713627351,4:3:3:4:4:2:1:4:4,4:1:4:4:4:3:4:4:3,MUTATE
4:2:4:4:4:2:3:4:4:,recombination,3304.7778727404693,4:2:4:4:4:3:3:4:4,4:4:2:4:4:1:1:4:4,MUTATE
3:1:4:4:3:4:4:4:2:,clone,5230.3741185149,3:1:4:4:4:4:4:4:2
3:2:4:4:4:2:3:4:3:,clone,5670.831441875171,3:1:4:4:4:2:3:4:3
4:2:4:4:4:3:4:4:3:,clone,5674.180373486925,4:2:4:4:4:3:4:4:3
3:1:4:4:3:4:4:4:2:,clone,5143.2442486118225,3:1:4:4:3:4:4:4:2
2:1:4:4:2:4:4:4:2:,clone,6663.080533610266,2:1:4:4:2:4:4:4:1
4:1:4:4:4:4:4:4:4:,clone,4353.134093626692,4:2:4:4:4:4:4:4:4
3:1:4:4:4:3:4:4:2:,clone,5154.2505666253055,3:1:4:4:4:3:4:4:2
2:1:4:4:2:4:4:4:2:,clone,6490.552179013886,2:1:4:4:2:4:4:4:2
4:1:4:4:4:3:4:4:3:,recombination,4720.347715891202,3:1:4:4:4:3:4:4:2,4:1:4:4:3:4:4:4:3
4:2:4:4:4:1:1:3:4:,recombination,3938.6749367278485,4:2:4:4:4:3:4:4:3,4:2:4:4:4:1:2:3:4
4:2:4:4:4:4:4:4:4:,clone,4283.8470916241795,4:1:4:4:4:4:4:4:4
4:2:4:4:4:3:4:4:4:,recombination,4222.978718192296,4:2:4:4:4:3:3:4:4,4:1:4:4:4:3:4:4:3
4:1:4:4:4:3:4:4:3:,clone,4538.0396552168295,4:1:4:4:4:3:4:4:3
1:1:4:2:0:4:4:4:0:,clone,4466.400778410918,1:1:4:2:0:4:4:4:0
4:1:4:4:4:3:4:4:4:,clone,4509.074232217126,4:1:4:4:4:3:4:4:4
4:1:4:4:3:4:4:4:4:,recombination,4474.094581988687,3:1:4:4:4:2:3:4:3,4:2:4:4:4:4:4:4:4,MUTATE
2:1:4:4:2:4:4:4:2:,clone,6464.663898837156,2:1:4:4:2:4:4:4:2
4:1:4:4:3:3:4:4:3:,clone,5242.454399685709,4:1:4:4:3:3:4:4:3
4:1:4:4:3:4:4:4:3:,recombination,4414.602056020863,3:1:4:4:4:4:4:4:3,4:1:4:4:4:4:4:4:4
4:2:4:4:4:4:4:4:4:,clone,4170.968567490823,4:1:4:4:4:4:4:4:4
4:1:4:4:4:3:4:4:4:,clone,3351.401734159298,4:1:4:4:4:3:3:4:4
4:2:4:4:4:2:2:4:4:,recombination,3209.9784906852146,4:3:3:4:4:1:1:4:4,4:2:4:4:4:3:3:4:4,MUTATE
4:2:4:4:4:2:3:4:4:,clone,3296.5661129777245,4:2:4:4:4:2:3:4:4
4:1:4:4:4:2:4:4:4:,recombination,5693.217161648176,2:1:4:4:2:4:4:4:2,4:2:4:4:4:3:3:4:3,MUTATE
4:2:4:4:4:3:4:4:4:,clone,4213.278763982116,4:2:4:4:4:3:4:4:4
2:1:4:4:2:4:4:4:1:,recombination,6332.527820199708,4:1:4:4:3:3:4:4:4,1:1:4:3:0:4:4:4:0,MUTATE
3:1:4:4:3:4:4:4:2:,clone,4414.602056020863,4:1:4:4:3:4:4:4:3
4:1:4:4:4:4:4:4:3:,clone,5249.928255966779,3:1:4:4:4:4:4:4:3
4:1:4:4:2:4:4:4:3:,clone,5540.23450733083,4:1:4:4:2:4:4:4:3
4:2:4:4:4:3:4:4:3:,clone,5508.740491869433,4:2:4:4:4:3:4:4:3
4:2:4:4:3:3:4:4:4:,clone,4536.568775561112,4:2:4:4:3:3:4:4:4
3:1:4:4:2:4:4:4:2:,clone,4414.602056020863,3:1:4:4:3:4:4:4:2
4:3:4:4:4:2:1:4:4:,recombination,3230.5921677235187,4:4:2:4:4:1:1:4:4,4:3:4:4:4:2:2:4:4,MUTATE
4:1:4:4:4:4:4:4:3:,clone,5034.314268703756,4:1:4:4:4:4:4:4:3
4:2:4:4:4:2:2:4:4:,recombination,3204.539379245517,4:2:4:4:4:3:4:4:4,4:2:4:4:4:2:2:4:4
2:1:4:4:2:4:4:4:1:,clone,4591.6773171084615,3:1:4:4:2:4:4:4:2
4:1:4:4:3:4:4:4:3:,recombination,3716.830118921729,4:1:4:4:4:3:3:4:4,4:1:4:4:4:3:3:4:4
2:1:4:4:2:4:4:4:2:,clone,6312.54902963693,2:1:4:4:2:4:4:4:2
3:1:4:3:1:4:4:4:1:,recombination,4199.729527516604,1:1:4:2:0:4:4:4:0,4:2:4:4:4:4:4:4:4,MUTATE
2:1:4:4:3:4:4:4:2:,recombination,6563.001963654421,1:1:4:3:0:4:4:4:0,4:2:4:4:4:3:4:4:3
4:1:4:4:4:3:4:4:3:,clone,4401.517063405094,4:1:4:4:4:3:4:4:3
4:2:4:4:4:3:4:4:4:,clone,3670.2062575029004,4:2:4:4:4:3:4:4:4
4:2:4:4:4:3:4:4:3:,recombination,5359.444035071682,4:3:4:4:4:1:0:4:4,4:2:4:4:4:3:4:4:3,MUTATE
2:1:4:4:3:4:4:4:2:,recombination,6563.001963654419,4:3:4:4:4:2:3:4:4,2:1:4:4:3:4:4:4:2
4:1:4:4:3:4:4:4:4:,recombination,4379.103114306051,4:2:4:4:4:4:4:4:4,4:1:4:4:3:4:4:4:4
4:3:4:4:4:0:0:4:4:,clone,3279.083047440401,4:3:4:4:4:1:1:4:4
4:1:4:4:3:4:4:4:3:,clone,3712.3543477877683,4:1:4:4:3:4:4:4:3
2:1:4:4:2:4:4:4:1:,recombination,4429.799166818152,4:2:4:4:4:3:4:4:3,1:1:4:2:0:4:4:4:0,MUTATE
4:1:4:4:4:4:4:4:3:,recombination,4494.394512970492,4:1:4:4:4:3:4:4:3,4:3:4:4:4:2:3:4:4,MUTATE
2:1:4:4:3:4:4:4:2:,recombination,5795.596928333553,3:1:4:4:4:3:4:4:3,3:1:4:4:4:4:4:4:2,MUTATE
4:1:4:4:2:4:4:4:3:,recombination,4358.087559248825,4:2:4:4:4:3:4:4:3,4:1:4:4:3:4:4:4:4
4:1:4:4:3:4:4:4:2:,recombination,3709.0735159739365,4:3:4:4:4:1:3:4:4,4:1:4:4:3:4:4:4:3
4:1:4:4:3:3:4:4:4:,recombination,4916.434208564441,4:3:4:4:4:1:1:4:4,4:1:4:4:3:3:4:4:4
3:1:4:4:2:4:4:4:2:,clone,4327.7842631876765,3:1:4:4:2:4:4:4:2
4:1:4:4:2:4:4:4:4:,recombination,3889.0149011116528,4:3:4:4:4:1:1:4:4,4:1:4:4:4:3:4:4:4
4:1:4:4:4:4:4:4:3:,recombination,4451.020784196265,1:1:4:2:0:4:4:4:0,4:1:4:4:4:3:4:4:3,MUTATE
1:1:4:3:0:4:4:4:0:,recombination,6829.41708942216,1:1:4:3:0:4:4:4:0,4:2:4:4:4:2:3:4:4,MUTATE
2:1:4:4:3:3:4:4:2:,recombination,5985.536126871374,3:1:4:4:4:3:4:4:3,4:2:4:4:4:3:4:4:3
2:0:4:2:0:4:4:4:0:,clone,4001.0581773046397,2:0:4:1:0:4:4:4:0
3:1:4:4:3:4:4:4:3:,clone,5617.980941559955,3:1:4:4:3:4:4:4:2
1:0:4:2:0:4:4:4:0:,clone,4164.598838970662,1:0:4:2:0:4:4:4:0
4:1:4:4:3:3:4:4:3:,recombination,3984.988084783663,4:3:4:4:4:0:1:2:4,4:1:4:4:3:4:4:4:4,MUTATE
4:1:4:4:4:4:4:4:3:,recombination,4129.526831862903,4:1:4:4:4:3:3:4:4,4:2:4:4:4:1:1:4:4
4:1:4:4:2:4:4:4:3:,clone,4282.090920685595,4:1:4:4:2:4:4:4:3
3:1:4:3:1:4:4:4:1:,recombination,4095.3821161675796,4:2:4:4:3:3:4:4:4,1:0:4:2:0:4:4:4:0
1:1:4:2:0:4:4:4:0:,clone,4358.280989050418,1:0:4:2:0:4:4:4:0
3:1:4:4:3:4:4:4:2:,clone,4365.986470813714,4:1:4:4:4:4:4:4:3
4:3:4:4:4:3:3:4:4:,recombination,4039.7715290734272,4:4:2:4:4:2:1:4:4,3:1:4:4:4:4:4:4:3,MUTATE
4:1:4:4:2:4:4:4:3:,recombination,4211.658083177406,4:1:4:4:4:3:4:4:3,4:1:4:4:4:3:3:4:4
4:2:4:4:4:3:3:4:3:,clone,5232.413407927385,4:2:4:4:4:3:3:4:3
4:1:4:4:1:4:4:4:2:,recombination,4426.813595634442,2:0:4:2:0:4:4:4:0,4:2:4:4:4:4:4:4:4
4:1:4:4:1:4:4:4:2:,clone,4303.661404945445,4:1:4:4:1:4:4:4:2
4:1:4:4:2:4:4:4:2:,clone,4184.962109046375,4:1:4:4:2:4:4:4:2
3:1:4:4:3:4:4:4:1:,clone,4450.2505265663,3:1:4:4:3:4:4:4:1
4:4:4:4:4:2:1:4:4:,recombination,3304.786996024774,4:2:4:4:4:1:2:3:4,4:4:3:4:4:2:1:4:4,MUTATE
3:1:4:4:2:4:4:4:1:,recombination,4357.43498000923,2:1:4:4:2:4:4:4:1,4:1:4:4:4:3:3:4:4,MUTATE
2:1:4:3:1:4:4:4:1:,recombination,4770.340714551469,2:0:4:1:0:4:4:4:0,3:1:4:4:4:3:4:4:2
4:1:4:4:3:4:4:4:4:,recombination,4289.185596472134,4:3:4:4:4:2:3:4:4,3:1:4:4:3:4:4:4:2,MUTATE
4:1:4:4:1:4:4:4:2:,clone,4282.090920685596,4:1:4:4:1:4:4:4:2
4:1:4:4:4:4:4:4:4:,clone,4283.746485032438,4:1:4:4:3:4:4:4:4
3:1:4:4:3:4:4:4:2:,recombination,4319.630947963665,4:2:4:4:4:3:4:4:4,4:1:4:4:4:4:4:4:3,MUTATE
4:2:4:4:4:1:1:3:4:,recombination,3731.3886905431386,4:3:4:4:4:1:2:4:4,4:2:4:4:4:1:1:3:4
4:1:4:4:4:4:4:4:4:,recombination,4183.553554505803,4:3:4:4:4:2:1:4:4,4:2:4:4:4:3:4:4:4
4:1:4:4:2:4:4:4:2:,clone,3983.3932594957873,4:1:4:4:2:4:4:4:2
3:1:4:3:1:4:4:4:2:,recombination,4214.280695262355,4:1:4:4:2:4:4:4:3,4:1:4:4:4:3:3:4:4,MUTATE
3:1:4:3:1:4:4:4:2:,recombination,4081.6376933214137,4:1:4:4:2:4:4:4:3,3:1:4:4:2:4:4:4:2
4:1:4:4:4:4:4:4:3:,recombination,4094.565216856615,4:2:4:4:4:2:3:4:4,4:2:4:4:4:3:3:4:4,MUTATE
3:1:4:4:3:4:4:4:2:,recombination,4277.219717690131,4:1:4:4:3:4:4:4:3,3:1:4:4:3:4:4:4:2
4:1:4:4:4:4:4:4:4:,recombination,4091.130664024234,4:3:4:4:4:3:3:4:4,4:1:4:4:3:4:4:4:3,MUTATE
4:1:4:4:4:4:4:4:3:,recombination,4074.1638892942365,4:3:4:4:4:2:1:4:4,4:2:4:4:4:3:3:4:4
3:1:4:3:0:4:4:4:1:,recombination,4438.83124992622,4:3:4:4:4:3:2:4:4,1:1:4:2:0:4:4:4:0
2:1:4:3:1:4:4:4:0:,recombination,4530.688607035547,1:1:4:2:0:4:4:4:0,3:1:4:4:4:3:4:4:2,MUTATE
4:1:4:4:4:3:4:4:3:,clone,4224.118876681312,4:1:4:4:4:3:4:4:3
4:1:4:4:3:4:4:4:4:,recombination,4207.792108752493,4:1:4:4:4:4:4:4:4,4:1:4:4:4:4:4:4:4,MUTATE
3:1:4:4:4:4:4:4:2:,clone,4455.619730664145,3:1:4:4:3:4:4:4:2
2:1:4:4:3:4:4:4:1:,recombination,4461.058842103842,2:1:4:4:2:4:4:4:1,3:1:4:4:4:4:4:4:2
4:3:4:4:4:1:1:3:4:,clone,3476.9860024778213,4:3:4:4:4:1:1:3:4
4:2:4:4:4:2:3:3:4:,clone,5510.79106375823,4:2:4:4:4:2:3:3:4
2:1:4:4:4:4:4:4:1:,clone,4606.836696822691,3:1:4:4:4:4:4:4:2
4:1:4:4:4:2:3:4:4:,recombination,4204.315229792849,4:2:4:4:4:1:2:2:4,4:1:4:4:4:3:3:4:4,MUTATE
1:1:4:4:0:4:4:4:0:,clone,7346.523279323669,1:1:4:4:0:4:4:4:0
2:1:4:4:1:4:4:4:1:,clone,4952.05537844036,2:1:4:4:1:4:4:4:1
2:1:4:4:1:4:4:4:1:,recombination,4801.605627075706,1:1:4:2:0:4:4:4:0,3:1:4:4:2:4:4:4:1,MUTATE
3:1:4:4:1:4:4:4:1:,recombination,4850.782208276978,3:1:4:4:3:4:4:4:2,1:0:4:2:0:4:4:4:0,MUTATE
4:1:4:4:4:3:3:4:3:,recombination,5540.610411601656,2:1:4:4:4:4:4:4:1,3:1:4:4:4:2:3:4:3
3:2:4:4:4:3:3:4:3:,clone,5842.262635202935,3:1:4:4:4:3:3:4:3
2:1:4:4:2:4:4:4:2:,clone,6246.381968388789,2:1:4:4:2:4:4:4:2
3:1:4:4:4:4:4:4:2:,recombination,4265.917097992048,3:1:4:4:4:4:4:4:2,4:1:4:4:2:4:4:4:3,MUTATE
3:1:4:4:4:3:4:4:2:,clone,4879.250597172134,3:1:4:4:4:4:4:4:2
4:1:4:4:4:3:3:4:3:,clone,4441.040149808188,4:1:4:4:4:3:3:4:4
3:2:4:4:4:3:3:4:3:,recombination,5487.945006665324,4:2:4:4:4:3:3:4:3,4:1:4:4:2:4:4:4:3,MUTATE
3:1:4:4:4:3:4:4:3:,recombination,4892.913818531201,4:1:4:4:4:2:3:4:4,4:1:4:4:4:3:3:4:4
2:1:4:2:0:4:4:4:0:,recombination,5104.774323706711,1:1:4:2:0:4:4:4:0,4:1:4:4:4:3:3:4:4,MUTATE
3:1:4:4:1:4:4:4:2:,clone,4799.734438243665,3:1:4:4:1:4:4:4:2
3:1:4:4:4:3:4:4:3:,recombination,4741.6968523726555,3:1:4:4:4:3:4:4:3,4:3:4:4:4:2:3:4:4
2:1:4:2:0:4:4:4:0:,clone,5036.51694721595,2:1:4:2:0:4:4:4:0
1:1:4:4:0:4:4:4:0:,clone,7223.177765312722,1:1:4:4:0:4:4:4:0
3:1:4:4:1:4:4:4:2:,clone,4630.1751862108285,3:1:4:4:1:4:4:4:2
3:1:4:4:4:3:3:4:2:,recombination,4175.6112349047235,4:1:4:4:4:4:4:4:4,4:2:4:4:4:2:3:4:4,MUTATE
1:1:4:3:0:4:4:4:0:,clone,6773.814031871284,1:1:4:3:0:4:4:4:0
3:1:4:4:4:3:4:4:2:,recombination,4507.4270477774735,4:1:4:4:3:4:4:4:4,3:1:4:4:2:4:4:4:1
4:3:4:4:4:0:1:1:4:,recombination,3630.577448454336,4:3:4:4:4:0:0:0:4,4:3:3:4:4:2:2:4:4,MUTATE
1:1:4:3:0:4:4:4:0:,clone,6759.59783798684,1:1:4:3:0:4:4:4:0
4:1:4:4:4:3:3:4:3:,recombination,4340.951224074118,4:1:4:4:3:3:4:4:3,4:2:4:4:4:2:3:3:4,MUTATE
3:1:4:4:4:3:3:4:3:,clone,5779.867627403258,3:1:4:4:4:2:3:4:3
2:1:4:3:0:4:4:4:0:,clone,5159.16205795126,2:1:4:3:0:4:4:4:0
2:1:4:2:0:4:4:4:0:,recombination,4977.443837045833,4:1:4:4:2:4:4:4:3,2:1:4:2:0:4:4:4:0
2:1:4:3:1:4:4:4:1:,recombination,4181.052155453716,3:1:4:4:4:3:4:4:2,1:1:4:2:0:4:4:4:0,MUTATE
3:1:4:4:4:4:3:4:2:,clone,4291.677718843029,3:1:4:4:4:4:4:4:2
1:1:4:3:0:4:4:4:0:,clone,6593.956654124314,1:1:4:3:0:4:4:4:0
3:1:4:4:4:3:3:4:2:,clone,4139.522940357162,3:1:4:4:4:3:3:4:2
4:1:4:4:4:3:3:4:3:,recombination,4336.433371227237,4:2:4:4:4:2:3:4:4,4:3:3:4:4:1:1:4:4
3:1:4:4:1:4:4:4:2:,recombination,4581.713884582182,4:1:4:4:2:4:4:4:3,2:0:4:2:0:4:4:4:0,MUTATE
4:2:4:4:4:3:4:4:3:,recombination,5186.199854521888,3:1:4:4:3:4:4:4:2,4:2:4:4:4:2:4:4:4,MUTATE
3:1:4:4:3:3:4:4:2:,recombination,4771.9170781127505,4:2:4:4:4:2:2:4:4,3:1:4:4:4:3:4:4:2,MUTATE
2:1:4:3:0:4:4:4:0:,recombination,4928.938735936719,1:1:4:2:0:4:4:4:0,3:1:4:4:4:3:4:4:2
1:1:4:3:0:4:4:4:0:,recombination,6210.176181870288,1:1:4:3:0:4:4:4:0,1:1:4:3:0:4:4:4:0
3:1:4:4:3:4:4:4:3:,recombination,5406.948203572508,4:2:4:4:4:3:4:4:3,4:1:4:4:3:3:4:4:4
2:1:4:4:1:4:4:4:1:,clone,4732.358245663832,2:1:4:4:1:4:4:4:1
1:1:4:3:0:4:4:4:0:,clone,6192.020616766825,1:1:4:3:0:4:4:4:0
2:1:4:4:4:3:4:4:2:,recombination,5931.867506569298,3:2:4:4:4:2:3:4:3,4:2:4:4:4:2:2:4:4
2:1:4:3:0:4:4:4:0:,recombination,4726.365456738913,3:1:4:3:1:4:4:4:1,4:1:4:4:4:3:3:4:4,MUTATE
2:1:4:3:0:4:4:4:0:,clone,4718.419003654791,2:1:4:3:0:4:4:4:0
4:3:4:4:4:0:0:2:4:,recombination,3362.121415756469,4:1:4:4:3:4:4:4:3,4:3:4:4:4:0:0:0:4
2:1:4:2:0:4:4:4:0:,recombination,4867.190818978673,1:1:4:2:0:4:4:4:0,4:1:4:4:3:4:4:4:3
1:1:4:3:0:4:4:4:0:,clone,6033.129518307293,1:1:4:3:0:4:4:4:0
2:1:4:3:0:4:4:4:1:,clone,4515.951472126437,2:1:4:3:0:4:4:4:1
4:2:4:4:4:2:3:3:4:,clone,5405.106052071871,4:2:4:4:4:2:3:3:4
1:1:4:3:0:4:4:4:0:,clone,6006.9945236407975,1:1:4:3:0:4:4:4:0
4:2:4:4:4:4:4:4:3:,recombination,5500.550222353235,2:1:4:4:3:4:4:4:2,4:2:4:4:4:3:4:4:3,MUTATE
4:2:4:4:4:2:3:3:4:,clone,5049.84797398507,4:2:4:4:4:2:3:3:4
1:1:4:3:0:4:4:4:0:,clone,5843.572539060505,1:1:4:3:0:4:4:4:0
2:1:4:2:0:4:4:4:0:,clone,4421.243483928099,2:1:4:2:0:4:4:4:0
2:1:4:4:3:4:4:4:2:,recombination,5759.088356773424,3:1:4:4:4:4:4:4:2,4:2:4:4:4:2:4:4:4
3:1:4:4:2:4:4:4:2:,clone,4237.189277685289,3:1:4:4:2:4:4:4:2
3:1:4:4:2:4:4:4:1:,clone,4253.8892847014195,3:1:4:4:2:4:4:4:1
4:3:4:4:4:0:1:2:4:,recombination,3489.194086347945,4:3:4:4:4:0:1:1:4,4:3:3:4:4:1:2:4:4,MUTATE
3:1:4:4:2:4:4:4:1:,clone,4179.9454577530005,3:1:4:4:2:4:4:4:1
4:1:4:3:2:4:4:4:3:,recombination,4014.2834939636646,1:1:4:2:0:4:4:4:0,4:3:4:4:4:1:1:4:4
3:1:4:4:2:4:4:4:1:,clone,4179.945457753,3:1:4:4:2:4:4:4:1
1:1:4:3:0:4:4:4:0:,clone,5728.871156670686,1:1:4:3:0:4:4:4:0
3:1:4:4:3:4:4:4:2:,clone,3964.5601817023517,3:1:4:4:3:4:4:4:2
3:1:4:4:1:4:4:4:1:,recombination,4490.189521161936,4:1:4:4:4:3:3:4:3,4:1:4:4:2:4:4:4:4,MUTATE
4:1:4:4:4:2:3:4:3:,clone,4524.017096770545,4:1:4:4:4:2:3:4:3
3:1:4:4:3:3:4:4:2:,recombination,4215.83411838494,2:1:4:4:1:4:4:4:1,4:3:4:4:4:0:1:3:4,MUTATE
4:1:4:4:4:2:3:4:4:,recombination,3626.088230217332,4:1:4:4:4:2:3:4:4,3:1:4:4:4:3:3:4:2,MUTATE
2:1:4:4:1:4:4:4:1:,clone,4541.518668263763,3:1:4:4:2:4:4:4:1
4:3:4:4:4:3:2:4:4:,clone,3347.4037792786576,4:3:4:4:4:3:2:4:4
3:1:4:4:3:3:4:4:2:,recombination,4184.634576941205,3:1:4:4:3:4:4:4:2,3:1:4:4:3:3:4:4:2
4:1:4:4:3:3:4:4:4:,recombination,4339.516445416748,4:1:4:3:2:4:4:4:3,4:3:4:4:4:1:2:4:4
1:1:4:3:0:4:4:4:0:,recombination,5329.380455421051,3:1:4:4:4:4:4:4:2,1:1:4:3:0:4:4:4:0,MUTATE
2:1:4:3:0:4:4:4:0:,recombination,4532.223820403426,4:3:4:4:4:2:1:4:4,2:1:4:4:1:4:4:4:1
4:1:4:4:1:4:4:4:3:,recombination,4721.2266365794485,4:1:4:4:4:3:3:4:4,4:1:4:3:2:4:4:4:3
4:1:4:4:4:3:3:4:3:,clone,4184.939983691925,3:1:4:4:4:3:3:4:3
3:1:4:4:1:4:4:4:1:,recombination,4485.6274096443,4:2:4:4:4:2:3:4:4,3:1:4:4:3:4:4:4:2
2:1:4:4:2:4:4:4:1:,clone,4214.745838504067,2:1:4:4:2:4:4:4:1
1:1:4:3:0:4:4:4:0:,clone,5233.66903800131,1:1:4:3:0:4:4:4:0
3:1:4:4:4:3:3:4:3:,recombination,4260.791309359294,4:1:4:4:4:3:3:4:3,3:1:4:4:2:4:4:4:1
4:2:4:4:3:3:4:4:4:,clone,4323.351015426405,4:2:4:4:3:3:4:4:4
3:1:4:4:3:3:4:4:2:,clone,4130.395801290221,2:1:4:4:2:4:4:4:1
3:1:4:4:4:3:4:4:2:,clone,4107.603555443513,3:1:4:4:4:3:4:4:2
2:1:4:4:2:4:4:4:2:,clone,5615.303317109214,2:1:4:4:2:4:4:4:1
4:3:4:4:4:1:2:2:4:,clone,4318.513449921579,4:3:4:4:4:1:2:2:4
4:2:4:4:4:1:1:4:4:,clone,3222.9220864118593,4:2:4:4:4:1:1:4:4
4:2:4:4:3:3:4:4:4:,clone,4272.096206389857,4:2:4:4:3:3:4:4:4
4:1:4:4:3:3:4:4:4:,recombination,4178.540136180103,4:3:4:4:4:1:1:4:4,3:1:4:4:3:3:4:4:2,MUTATE
4:3:4:4:4:1:1:2:4:,recombination,4211.30100659337,4:3:4:4:4:1:2:3:4,4:3:4:4:4:0:0:0:4
4:2:4:4:4:0:0:4:4:,clone,3077.350353541218,4:2:4:4:4:1:1:4:4
3:1:4:3:1:4:4:4:2:,recombination,4076.846723526849,4:3:3:4:4:1:2:4:4,2:1:4:4:1:4:4:4:1
4:2:4:4:4:3:4:4:4:,recombination,3504.9787258862702,4:3:4:4:4:2:3:4:4,4:3:3:4:4:1:2:4:4
4:3:4:4:4:0:0:1:4:,clone,3378.7851592430093,4:3:4:4:4:0:1:2:4
4:1:4:2:1:4:4:4:2:,clone,3348.8307468475255,3:1:4:3:1:4:4:4:2
3:1:4:4:2:4:4:4:1:,recombination,3958.793592649569,4:2:4:4:4:3:3:4:4,4:2:4:4:4:2:2:4:4
4:2:4:4:3:3:4:4:4:,clone,3504.9787258862702,4:2:4:4:4:3:4:4:4
2:1:4:3:1:4:4:4:1:,clone,3972.075829452733,2:1:4:3:1:4:4:4:1
2:1:4:2:1:4:4:4:1:,clone,3837.7977292518926,2:1:4:2:1:4:4:4:1
2:1:4:2:0:4:4:4:0:,recombination,3472.9585430894494,2:1:4:4:1:4:4:4:1,2:1:4:3:0:4:4:4:0,MUTATE
1:1:4:2:0:4:4:4:0:,clone,4271.578030716551,1:1:4:2:0:4:4:4:0
3:1:4:4:3:4:4:4:1:,clone,3808.7573906961934,3:1:4:4:3:4:4:4:1
4:3:4:4:4:1:1:2:4:,clone,4179.756599101249,4:3:4:4:4:1:1:2:4
4:1:4:4:3:3:4:4:4:,recombination,3753.2607020071205,4:1:4:4:4:3:4:4:3,4:2:4:4:3:3:4:4:4
3:1:4:4:2:4:4:4:2:,recombination,4070.4809422948097,4:3:4:4:4:2:2:4:4,4:2:4:4:4:1:2:4:4,MUTATE
4:1:4:4:3:3:4:4:4:,recombination,3504.9787258862702,4:2:4:4:4:3:4:4:4,3:1:4:4:3:4:4:4:2,MUTATE
3:1:4:2:1:4:4:4:2:,clone,3736.8796198661894,3:1:4:2:1:4:4:4:2
2:1:4:2:0:4:4:4:1:,recombination,3925.6859924420305,3:1:4:4:4:4:4:4:2,3:1:4:4:3:4:4:4:2
2:1:4:4:1:4:4:4:0:,recombination,5131.176333257468,3:1:4:3:1:4:4:4:1,2:1:4:4:4:3:4:4:2,MUTATE
3:1:4:3:1:4:4:4:1:,clone,3978.0485247458887,3:1:4:3:1:4:4:4:1
4:1:4:4:2:4:4:4:3:,recombination,3645.7657168110277,4:2:4:4:4:3:4:4:4,4:2:4:4:4:2:3:4:4,MUTATE
4:1:4:3:2:4:4:4:3:,recombination,3880.2335976152285,4:1:4:4:3:3:4:4:4,1:1:4:2:0:4:4:4:0,MUTATE
3:1:4:3:1:4:4:4:1:,clone,3564.2160228981734,3:1:4:3:1:4:4:4:2
4:1:4:4:2:4:4:4:3:,clone,3626.968950832599,4:1:4:4:2:4:4:4:3
2:1:4:4:4:3:4:4:2:,clone,5477.650382660924,2:1:4:4:4:3:4:4:2
2:1:4:3:0:4:4:4:1:,clone,4499.120501904299,2:1:4:3:0:4:4:4:1
3:1:4:3:1:4:4:4:1:,recombination,3518.3899988803614,2:1:4:4:1:4:4:4:1,3:1:4:3:1:4:4:4:1
3:1:4:3:1:4:4:4:2:,clone,4044.722708049711,3:1:4:3:1:4:4:4:2
4:1:4:3:2:4:4:4:3:,recombination,3865.664366677121,4:1:4:3:2:4:4:4:3,4:1:4:4:3:4:4:4:4,MUTATE
4:1:4:3:2:4:4:4:3:,clone,3727.61379109027,4:1:4:3:2:4:4:4:3
2:0:4:2:0:4:4:4:0:,clone,3807.397011972514,2:0:4:1:0:4:4:4:0
4:1:4:4:3:4:4:4:4:,clone,3667.399578103678,4:1:4:4:3:4:4:4:4
4:1:4:3:2:4:4:4:2:,recombination,3972.910580416038,4:1:4:4:3:4:4:4:4,3:1:4:3:1:4:4:4:2,MUTATE
2:1:4:2:0:4:4:4:1:,recombination,3899.844179867427,1:1:4:3:0:4:4:4:0,4:1:4:4:2:4:4:4:3,MUTATE
3:1:4:4:4:3:4:4:2:,recombination,3820.6603320605423,4:3:4:4:4:0:0:1:4,2:1:4:2:0:4:4:4:0
3:1:4:4:3:3:4:4:2:,recombination,4083.7686122577156,4:3:4:4:4:0:1:3:4,4:1:4:4:4:3:4:4:3
2:1:4:3:0:4:4:4:1:,recombination,4456.981053008539,4:2:4:4:4:3:4:4:4,4:1:4:4:3:4:4:4:3,MUTATE
4:3:4:4:4:0:0:1:4:,clone,3358.6751332677495,4:3:4:4:4:0:0:1:4
2:1:4:3:0:4:4:4:1:,clone,4314.980479778237,2:1:4:3:0:4:4:4:1
4:1:4:4:4:4:4:4:4:,recombination,3971.8114990939685,4:4:4:4:4:1:2:4:4,4:3:4:4:4:2:2:4:4,MUTATE
4:1:4:3:1:4:4:4:2:,recombination,4648.672677246463,3:1:4:4:4:4:4:4:2,4:1:4:4:1:4:4:4:3,MUTATE
2:1:4:4:3:4:4:4:0:,recombination,4512.217035888431,4:1:4:4:3:4:4:4:3,4:1:4:4:4:3:3:4:3,MUTATE
4:1:4:4:4:4:4:4:4:,recombination,3830.098305236411,4:1:4:4:3:4:4:4:4,4:1:4:4:4:4:4:4:4
3:1:4:4:2:3:4:4:2:,recombination,4009.5631728413427,4:2:4:4:4:3:2:4:4,2:1:4:4:2:4:4:4:1,MUTATE
4:3:4:4:4:1:1:2:4:,recombination,3891.0687919070274,4:3:4:4:4:0:1:1:4,4:2:4:4:4:1:2:4:4,MUTATE
4:1:4:3:1:4:4:4:2:,recombination,4092.3301587594724,4:1:4:4:4:4:4:4:4,4:1:4:4:2:4:4:4:3,MUTATE
3:1:4:4:4:4:4:4:2:,recombination,4116.64986819833,3:1:4:4:3:4:4:4:2,3:1:4:4:4:3:4:4:2
1:1:4:3:1:4:4:4:0:,recombination,5115.8338045074315,1:1:4:3:0:4:4:4:0,2:1:4:4:2:4:4:4:1
4:2:4:4:4:3:4:4:3:,clone,5145.062297147195,3:1:4:4:4:3:4:4:3
4:3:4:4:4:1:1:3:4:,clone,3434.058533303558,4:3:4:4:4:1:1:3:4
4:1:4:4:1:4:4:4:3:,recombination,4684.520868482622,2:1:4:4:2:4:4:4:1,4:1:4:4:1:4:4:4:3
4:3:4:4:4:0:0:1:4:,clone,3334.552611889876,4:3:4:4:4:0:0:1:4
4:2:4:4:3:4:4:4:4:,recombination,5138.893206611456,4:3:3:4:4:2:1:4:4,4:2:4:4:4:3:4:4:4,MUTATE
4:2:4:4:4:3:4:4:3:,clone,4978.428083325117,3:1:4:4:4:3:4:4:3
2:1:4:4:1:4:4:4:1:,recombination,4289.921735835094,4:2:4:4:4:2:3:4:4,2:1:4:4:2:4:4:4:1
4:1:4:4:3:3:4:4:2:,clone,3919.3196818484553,3:1:4:4:3:3:4:4:2
2:1:4:4:2:4:4:4:1:,clone,4210.81416230325,2:1:4:4:2:4:4:4:1
4:1:4:4:4:3:3:4:3:,recombination,4150.8669691866235,2:1:4:4:3:4:4:4:1,4:3:4:4:4:2:3:3:4,MUTATE
3:1:4:4:2:4:4:4:3:,clone,6245.0026556641915,4:1:4:4:3:3:4:4:3
4:1:4:4:4:3:3:4:3:,clone,4023.6708089674003,4:1:4:4:4:3:3:4:3
4:2:4:4:3:3:4:4:3:,clone,5164.305688811307,4:2:4:4:3:3:4:4:3
1:1:4:4:1:4:4:4:0:,clone,5568.759200848121,1:1:4:4:1:4:4:4:0
3:1:4:4:2:3:4:4:2:,clone,3681.851077693898,3:1:4:4:2:3:4:4:2
2:1:4:3:1:4:4:4:0:,recombination,4505.855407440866,2:1:4:3:0:4:4:4:0,4:3:3:4:4:1:1:4:4,MUTATE
4:1:4:4:4:3:3:4:3:,recombination,3722.909580782833,4:1:4:4:4:3:3:4:3,4:2:4:4:4:1:1:4:4,MUTATE
4:1:4:4:2:3:4:4:3:,recombination,4472.069844349016,4:3:2:4:4:1:1:4:4,4:1:4:4:3:3:4:4:4,MUTATE
4:3:4:4:4:1:1:2:4:,clone,3865.091458583312,4:3:4:4:4:1:1:2:4
1:1:4:3:1:4:4:4:0:,clone,5050.082601055346,1:1:4:3:1:4:4:4:0
4:3:4:4:4:1:1:3:4:,clone,3419.6134592632125,4:3:4:4:4:1:1:3:4
2:1:4:3:0:4:4:4:0:,recombination,4183.435784367369,2:1:4:2:0:4:4:4:1,4:2:4:4:4:3:2:4:4
4:3:4:4:4:1:1:3:4:,clone,3393.043908614439,4:3:4:4:4:1:1:3:4
1:1:4:3:1:4:4:4:0:,recombination,4985.755542232717,2:1:4:4:1:4:4:4:1,4:1:4:4:4:4:4:4:3
4:1:4:4:2:4:4:4:2:,recombination,3763.5035140250952,4:3:3:4:4:1:2:4:4,2:1:4:3:0:4:4:4:1
4:3:4:4:4:1:2:3:4:,recombination,4239.677059944621,4:3:4:4:4:1:2:2:4,4:3:4:4:4:1:1:3:4,MUTATE
4:2:4:4:4:4:4:4:3:,clone,5416.505920229075,4:1:4:4:4:4:4:4:3
3:1:4:3:0:4:4:4:1:,clone,4371.774162573802,3:1:4:3:0:4:4:4:1
3:1:4:3:1:4:4:4:2:,clone,3610.371890186734,3:1:4:3:1:4:4:4:2
2:1:4:3:0:4:4:4:1:,clone,4260.736318627513,2:1:4:2:0:4:4:4:1
3:1:4:3:0:4:4:4:2:,recombination,4672.302044588618,4:3:4:4:4:0:0:1:4,3:1:4:4:1:4:4:4:2
3:1:4:4:1:4:4:4:1:,recombination,4384.481963066979,4:1:4:4:1:4:4:4:3,4:4:2:4:4:1:1:4:4,MUTATE
2:1:4:3:0:4:4:4:1:,clone,4221.160622646367,2:1:4:2:0:4:4:4:1
1:1:4:2:0:4:4:4:0:,clone,4096.027892541031,1:1:4:2:0:4:4:4:0
3:1:4:2:0:4:4:4:1:,recombination,4589.919793100782,3:1:4:3:0:4:4:4:1,3:1:4:4:4:3:4:4:2,MUTATE
4:2:4:4:3:4:4:4:4:,recombination,4791.993226082817,3:1:4:4:4:3:4:4:2,4:3:3:4:4:1:2:4:4
4:1:4:4:4:2:2:4:4:,recombination,4256.816580773256,4:2:4:4:4:2:3:3:4,4:1:4:4:2:4:4:4:2,MUTATE
1:1:4:4:0:4:4:4:0:,recombination,6181.645653830524,4:3:4:4:4:2:2:4:4,2:1:4:4:1:4:4:4:1
1:1:4:4:0:4:4:4:0:,recombination,6113.267283010336,3:1:4:4:2:4:4:4:2,2:1:4:4:2:4:4:4:1,MUTATE
1:1:4:3:0:4:4:4:0:,recombination,5004.6694085512345,1:1:4:3:0:4:4:4:0,2:1:4:4:2:4:4:4:1,MUTATE
4:2:4:4:4:4:4:4:3:,clone,5254.312192517176,4:2:4:4:4:4:4:4:3
1:1:4:3:0:4:4:4:0:,clone,4926.294429216187,1:1:4:3:0:4:4:4:0
2:1:4:4:2:3:4:4:1:,recombination,4546.9317568690885,4:2:4:4:4:2:3:3:4,1:1:4:3:0:4:4:4:0
3:1:4:4:2:4:4:4:2:,recombination,3978.695967652208,3:1:4:4:2:3:4:4:2,4:3:3:4:4:1:1:4:4,MUTATE
1:1:4:3:0:4:4:4:0:,recombination,4833.756152669673,1:1:4:3:0:4:4:4:0,4:2:4:4:3:3:4:4:4
3:1:4:4:1:4:4:4:2:,recombination,4581.475528830882,4:2:4:4:4:1:3:4:4,4:1:4:4:2:4:4:4:4
4:2:4:4:4:3:3:4:3:,recombination,4410.141150970685,4:2:4:4:4:2:1:4:4,3:1:4:4:3:4:4:4:1
4:2:4:4:3:4:4:4:3:,clone,5364.595662552033,4:2:4:4:3:4:4:4:3
4:2:4:4:4:3:4:4:3:,recombination,4733.130138955147,4:1:4:4:2:4:4:4:3,4:3:4:4:4:1:2:2:4,MUTATE
3:1:4:4:2:4:4:4:3:,recombination,6134.496504714214,4:3:4:4:4:1:2:4:4,4:2:4:4:4:2:4:4:4,MUTATE
3:1:4:3:2:4:4:4:2:,recombination,3713.8213332339005,1:1:4:3:0:4:4:4:0,4:4:4:4:4:1:2:4:4,MUTATE
2:1:4:3:1:4:4:4:0:,recombination,4317.917739839519,4:2:4:4:4:2:3:4:4,4:1:4:4:4:3:3:4:3
2:1:4:4:4:4:4:4:2:,recombination,5730.032359968986,3:1:4:4:4:2:3:4:3,4:2:4:4:4:3:4:4:4,MUTATE
4:1:4:4:3:4:4:4:3:,recombination,3648.210911748096,4:3:4:4:4:1:1:2:4,4:2:4:4:3:3:4:4:4,MUTATE
4:1:4:4:3:4:4:4:3:,recombination,3644.1247940487488,3:1:4:4:4:3:4:4:3,4:1:4:4:3:4:4:4:3,MUTATE
4:1:4:4:2:3:4:4:3:,recombination,4348.655392216001,3:1:4:4:1:4:4:4:2,4:3:4:4:4:0:1:2:4,MUTATE
4:1:4:4:3:4:4:4:2:,clone,3612.5320261781085,4:1:4:4:3:4:4:4:2
2:1:4:4:2:4:4:4:1:,recombination,4179.684631026709,1:1:4:2:0:4:4:4:0,4:1:4:4:4:3:3:4:3
3:1:4:4:2:4:4:4:2:,recombination,3969.041479265605,4:3:4:4:4:1:1:2:4,4:1:4:3:1:4:4:4:2,MUTATE
3:1:4:4:1:4:4:4:2:,clone,4429.81821450629,3:1:4:4:1:4:4:4:2
4:1:4:4:4:3:4:4:3:,recombination,4161.884624631704,4:2:4:4:3:4:4:4:4,4:2:4:4:4:1:2:3:4
1:0:4:3:0:4:4:4:0:,clone,5706.094554348801,1:0:4:3:0:4:4:4:0
2:1:4:4:2:4:4:4:1:,recombination,4100.317459944028,3:1:4:4:1:4:4:4:1,2:1:4:4:2:4:4:4:1
4:1:4:4:2:3:4:4:3:,recombination,4190.407248298698,3:1:4:4:1:4:4:4:2,4:1:4:4:2:3:4:4:3,MUTATE
4:1:4:4:2:3:4:4:3:,clone,4041.8137831865674,4:1:4:4:2:3:4:4:3
3:1:4:4:1:4:4:4:1:,recombination,4284.660514433433,2:1:4:4:3:4:4:4:1,4:1:4:4:3:4:4:4:3
4:1:4:4:4:3:4:4:3:,clone,4045.398735087314,4:1:4:4:4:4:4:4:3
4:1:4:4:4:4:4:4:3:,clone,4020.0572220477284,4:1:4:4:4:4:4:4:3
3:1:4:4:3:4:4:4:2:,recombination,3923.900584545739,4:1:4:4:4:3:4:4:3,3:1:4:4:3:4:4:4:2,MUTATE
2:1:4:3:1:4:4:4:0:,recombination,4103.125994486244,2:1:4:4:2:4:4:4:1,4:2:4:4:4:3:4:4:4,MUTATE
4:1:4:4:3:3:4:4:3:,recombination,3894.2638326444867,2:1:4:4:2:4:4:4:1,4:3:4:4:4:0:1:1:4
3:1:4:4:2:4:4:4:1:,recombination,3940.2579903039855,4:2:4:4:4:2:2:4:4,4:1:4:4:4:3:3:4:3,MUTATE
3:1:4:4:3:3:4:4:3:,clone,5805.778030068996,4:1:4:4:3:3:4:4:3
3:1:4:4:2:4:4:4:1:,clone,3894.2224477322147,3:1:4:4:2:4:4:4:1
3:1:4:4:2:3:4:4:3:,clone,5956.250829474278,3:1:4:4:2:3:4:4:3
2:1:4:4:4:3:4:4:1:,recombination,5186.932077552199,4:2:4:4:4:2:3:3:4,4:1:4:4:3:4:4:4:4
4:2:4:4:3:4:4:4:3:,recombination,5309.807039851363,3:1:4:4:1:4:4:4:2,4:4:4:4:4:1:2:4:4,MUTATE
2:1:4:3:2:4:4:4:1:,recombination,4076.4695030555235,3:1:4:4:1:4:4:4:1,2:1:4:4:2:4:4:4:1,MUTATE
1:1:4:4:1:4:4:4:0:,recombination,5526.748101915908,4:1:4:4:4:3:4:4:3,1:1:4:3:1:4:4:4:0,MUTATE
3:1:4:4:2:4:4:4:3:,clone,5779.634281338704,3:1:4:4:2:4:4:4:2
4:1:4:4:3:3:4:4:3:,clone,3878.0816291169785,4:1:4:4:3:3:4:4:3
2:1:4:3:1:4:4:4:0:,recombination,4092.685918264603,2:1:4:3:1:4:4:4:0,3:1:4:4:4:3:4:4:3
2:1:4:4:4:3:4:4:1:,clone,4798.7398007339,2:1:4:4:4:3:4:4:1
2:1:4:4:1:4:4:4:0:,recombination,4966.2414181185,4:2:4:4:4:2:3:4:4,4:3:4:4:4:1:2:4:4
2:1:4:4:4:3:4:4:1:,clone,4765.6310725021885,2:1:4:4:4:3:4:4:1
2:1:4:4:4:3:4:4:1:,clone,4543.711047746493,2:1:4:4:4:3:4:4:1
4:1:4:4:3:3:4:4:3:,clone,3809.521869936855,4:1:4:4:3:3:4:4:3
2:1:4:3:1:4:4:4:0:,recombination,3854.927271365681,2:1:4:4:2:4:4:4:1,4:2:4:4:4:2:3:4:4,MUTATE
4:1:4:4:3:3:4:4:3:,clone,3540.9881067248834,4:1:4:4:3:3:4:4:3
4:1:4:4:3:4:4:4:3:,clone,3388.4773969380285,4:1:4:4:3:3:4:4:3
1:0:4:2:0:4:4:4:0:,clone,3987.685318196342,1:0:4:2:0:4:4:4:0
2:1:4:3:2:4:4:4:1:,clone,4070.4126274553637,2:1:4:3:2:4:4:4:1
4:1:4:4:3:3:4:4:3:,clone,3348.314068136041,4:1:4:4:3:3:4:4:3
2:1:4:4:2:4:4:4:1:,recombination,3999.1023616702614,3:1:4:4:2:4:4:4:1,4:1:4:4:4:4:4:4:3
2:1:4:4:2:4:4:4:1:,clone,3963.805158230946,2:1:4:4:2:4:4:4:1
2:1:4:2:0:4:4:4:1:,clone,3894.080514618844,2:1:4:2:0:4:4:4:1
1:1:4:2:0:4:4:4:0:,recombination,3860.5381967382077,4:1:4:4:3:4:4:4:3,3:1:4:3:1:4:4:4:2,MUTATE
4:1:4:4:2:3:4:4:2:,clone,3497.2690569690794,4:1:4:4:2:3:4:4:2
2:1:4:4:3:4:4:4:1:,recombination,4278.136717632124,4:3:4:4:4:2:2:4:4,4:2:4:4:4:2:3:3:4,MUTATE
4:1:4:4:2:4:4:4:2:,clone,3704.072834156692,4:1:4:4:2:4:4:4:2
1:1:4:4:1:4:4:4:0:,recombination,4866.106694173421,2:1:4:4:3:4:4:4:1,2:1:4:2:0:4:4:4:1
4:1:4:4:4:3:3:4:3:,recombination,3651.9422741181684,3:1:4:4:1:4:4:4:2,2:1:4:4:3:4:4:4:1,MUTATE
3:1:4:4:3:3:4:4:2:,clone,3868.260934275048,3:1:4:4:3:3:4:4:2
2:1:4:4:1:4:4:4:0:,recombination,4745.6765184222995,1:1:4:3:0:4:4:4:0,1:1:4:4:1:4:4:4:0,MUTATE
2:1:4:4:2:4:4:4:0:,recombination,4944.2965467142985,4:3:3:4:4:2:2:4:4,3:1:4:4:2:4:4:4:1
2:1:4:4:2:4:4:4:0:,recombination,4425.690771012105,3:1:4:4:4:3:4:4:2,4:1:4:4:3:3:4:4:3
3:1:4:4:2:4:4:4:2:,clone,3914.2449124985187,3:1:4:4:2:4:4:4:2
4:1:4:4:4:4:3:4:4:,recombination,3348.8307468475264,2:1:4:4:2:4:4:4:1,4:2:4:4:4:1:2:4:4,MUTATE
2:1:4:3:0:4:4:4:1:,clone,4186.152296423614,2:1:4:3:1:4:4:4:1
4:1:4:4:4:4:4:4:4:,clone,3683.016602796299,4:1:4:4:4:4:4:4:4
4:1:4:4:4:4:4:4:4:,recombination,3642.352495751839,3:1:4:4:4:3:4:4:2,4:1:4:4:4:4:3:4:4
4:1:4:4:4:4:4:4:4:,clone,3508.0743955509984,4:1:4:4:4:4:4:4:4
4:1:4:3:1:4:4:4:3:,recombination,5078.932013324933,4:2:4:4:4:1:2:4:4,2:1:4:4:4:3:4:4:1
3:1:4:4:4:4:4:4:3:,recombination,5380.441278218668,4:2:4:4:4:1:2:2:4,2:1:4:4:1:4:4:4:0,MUTATE
3:1:4:4:4:4:4:4:2:,clone,4102.445513570807,3:1:4:4:4:4:4:4:2
4:1:4:3:1:4:4:4:3:,recombination,4688.864163984684,4:2:4:4:4:1:2:4:4,4:1:4:4:3:3:4:4:4,MUTATE
2:1:4:2:1:4:4:4:0:,clone,3920.1445647333185,2:1:4:3:1:4:4:4:0
2:1:4:3:1:4:4:4:1:,clone,3880.611744326462,2:1:4:3:1:4:4:4:1
2:1:4:2:1:4:4:4:1:,clone,3759.9556934062134,2:1:4:2:1:4:4:4:1
4:1:4:4:4:3:4:4:3:,clone,4031.843855325651,4:1:4:4:4:3:4:4:3
2:1:4:3:1:4:4:4:1:,clone,3644.452931111782,2:1:4:2:1:4:4:4:1
2:1:4:2:1:4:4:4:1:,recombination,3570.812746344392,4:1:4:4:4:4:4:4:4,3:1:4:4:2:4:4:4:2,MUTATE
2:1:4:2:0:4:4:4:1:,recombination,3808.954997436276,3:1:4:4:2:4:4:4:2,4:3:4:4:4:1:1:4:4,MUTATE
3:1:4:2:1:4:4:4:1:,clone,3348.830746847524,2:1:4:3:1:4:4:4:1
4:1:4:3:1:4:4:4:3:,recombination,4248.696988793954,4:2:4:4:4:1:2:4:4,2:1:4:2:1:4:4:4:0
3:1:4:3:2:4:4:4:1:,recombination,3997.2339281365485,4:1:4:4:3:3:4:4:2,4:2:4:4:4:0:0:4:4
4:2:4:4:4:4:3:4:4:,recombination,4985.938104949919,3:1:4:4:2:4:4:4:2,4:3:4:4:4:1:0:4:4,MUTATE
4:1:4:3:0:4:4:4:2:,recombination,4348.261783862831,4:1:4:3:1:4:4:4:3,4:1:4:3:1:4:4:4:2
2:0:4:1:0:4:4:4:0:,recombination,3348.830746847525,4:3:4:4:4:2:3:4:4,4:2:4:4:4:2:3:4:4,MUTATE
1:0:4:2:0:4:4:4:0:,recombination,3957.2748380192,2:1:4:2:0:4:4:4:0,4:4:2:4:4:1:1:4:4,MUTATE
2:1:4:1:0:4:4:4:0:,recombination,3788.0050660701445,3:1:4:4:3:4:4:4:1,4:1:4:3:2:4:4:4:3
2:0:4:2:0:4:4:4:0:,recombination,3643.226349522007,4:1:4:4:4:3:4:4:4,4:2:4:4:4:3:2:4:4,MUTATE
4:1:4:4:1:4:4:4:3:,recombination,4515.143454093701,4:1:4:3:0:4:4:4:2,4:2:4:4:4:3:3:4:3
2:1:4:4:1:4:4:4:0:,clone,4643.655113891032,2:1:4:3:1:4:4:4:0
4:1:4:2:0:4:4:4:2:,clone,4168.055297651725,4:1:4:2:0:4:4:4:2
2:1:4:4:1:4:4:4:0:,recombination,4454.919771018666,2:1:4:4:1:4:4:4:0,4:2:4:4:4:3:4:4:4,MUTATE
3:1:4:3:0:4:4:4:2:,recombination,4472.047331473145,4:1:4:2:0:4:4:4:2,1:1:4:3:0:4:4:4:0
2:1:4:2:0:4:4:4:1:,clone,3726.5221045844733,2:1:4:2:0:4:4:4:1
2:1:4:2:0:4:4:4:1:,clone,3452.216903005469,2:1:4:2:0:4:4:4:1
3:1:4:2:0:4:4:4:1:,recombination,4421.749368359506,3:1:4:4:3:4:4:4:2,3:1:4:3:0:4:4:4:2
3:1:4:4:4:4:4:4:3:,clone,5335.212711067339,3:1:4:4:4:4:4:4:3
4:1:4:4:4:4:4:4:3:,recombination,3841.327545584006,4:3:4:4:4:1:1:2:4,4:3:4:4:4:1:1:4:4
3:1:4:4:2:4:4:4:2:,recombination,3889.7033848453198,4:1:4:4:4:4:4:4:4,4:3:4:4:4:1:3:4:4
3:1:4:2:0:4:4:4:1:,clone,3347.9602861954068,3:1:4:2:0:4:4:4:1
4:2:4:4:4:4:3:4:4:,clone,4739.392053510208,4:2:4:4:4:4:3:4:4
2:0:4:2:0:4:4:4:0:,recombination,3540.2311864248522,4:1:4:4:4:3:4:4:4,2:1:4:3:1:4:4:4:1,MUTATE
3:1:4:4:2:4:4:4:2:,clone,3888.8143900587115,3:1:4:3:1:4:4:4:1
2:1:4:3:0:4:4:4:1:,recombination,4034.108518941097,4:3:4:4:4:1:1:4:4,4:3:4:4:4:0:0:0:4
2:0:4:2:0:4:4:4:0:,clone,3540.231186424852,2:0:4:2:0:4:4:4:0
3:1:4:4:2:4:4:4:2:,recombination,3764.334870698513,4:2:4:4:4:3:2:4:4,4:1:4:4:4:3:4:4:3
3:1:4:4:4:4:4:4:2:,recombination,4034.7215980182546,4:1:4:4:3:3:4:4:4,4:2:4:4:4:1:2:4:4,MUTATE
3:1:4:4:2:4:4:4:2:,clone,3737.348426793518,3:1:4:4:2:4:4:4:2
4:1:4:4:4:4:4:4:3:,recombination,3838.317204465959,4:1:4:4:4:4:4:4:3,4:1:4:4:4:4:4:4:3
4:1:4:2:0:4:4:4:2:,recombination,3967.017530262891,4:1:4:2:0:4:4:4:2,2:1:4:3:1:4:4:4:1
2:1:4:1:0:4:4:4:0:,recombination,3730.323580827141,4:1:4:4:3:3:4:4:3,4:2:4:4:4:3:4:4:4,MUTATE
3:1:4:3:0:4:4:4:2:,recombination,4172.631688190984,4:2:4:4:4:1:2:4:4,3:1:4:2:1:4:4:4:1
2:1:4:4:3:3:4:4:1:,recombination,5002.862038605291,3:1:4:4:4:4:4:4:3,3:1:4:4:4:2:3:4:3,MUTATE
3:1:4:2:0:4:4:4:2:,recombination,4296.030738538499,4:2:4:4:4:1:2:4:4,4:1:4:4:3:3:4:4:3
3:1:4:3:0:4:4:4:1:,recombination,4180.4102596795665,3:1:4:4:3:4:4:4:2,3:1:4:3:0:4:4:4:2,MUTATE
3:1:4:3:0:4:4:4:2:,recombination,4037.1223439205555,3:1:4:3:0:4:4:4:1,4:3:4:4:4:1:3:4:4
1:0:4:2:0:4:4:4:0:,recombination,3935.4753307234146,4:2:4:4:4:2:2:4:4,4:1:4:4:3:4:4:4:3
3:1:4:2:0:4:4:4:2:,clone,4246.0225716107,3:1:4:2:0:4:4:4:2
3:1:4:4:3:4:4:4:2:,clone,3910.5767242664992,3:1:4:4:3:4:4:4:2
4:1:4:4:4:4:4:4:3:,recombination,3716.8932025009476,3:1:4:4:3:4:4:4:2,4:3:4:4:4:3:2:4:4,MUTATE
4:1:4:4:4:4:4:4:2:,recombination,4046.3326428087207,4:1:4:4:4:4:4:4:3,4:2:4:4:4:2:2:4:4,MUTATE
2:1:4:4:3:3:4:4:1:,clone,4540.611210811948,2:1:4:4:3:4:4:4:1
3:1:4:4:4:3:4:4:1:,recombination,4639.127889044678,4:1:4:4:4:4:4:4:2,3:1:4:4:4:2:3:4:3
4:4:4:4:4:0:0:0:4:,clone,3359.615701985429,1:0:4:2:0:4:4:4:0
3:1:4:4:2:4:4:4:3:,clone,5672.584501669239,3:1:4:4:2:4:4:4:3
3:1:4:4:2:4:4:4:3:,recombination,5219.470646631891,3:1:4:4:2:4:4:4:3,2:1:4:2:0:4:4:4:1,MUTATE
3:1:4:4:3:3:4:4:3:,recombination,5048.453702537283,2:1:4:3:1:4:4:4:1,3:1:4:4:2:4:4:4:3
4:4:4:4:4:0:0:1:4:,clone,3413.815536571431,4:4:4:4:4:0:0:1:4
4:1:4:4:3:4:4:4:4:,recombination,3629.788462895556,4:1:4:4:3:4:4:4:3,4:3:4:4:4:1:2:3:4
3:1:4:4:1:4:4:4:2:,recombination,4397.570687261202,4:1:4:4:4:3:3:4:3,3:1:4:4:3:4:4:4:2,MUTATE
3:1:4:4:1:4:4:4:2:,recombination,4303.853958382375,3:1:4:4:1:4:4:4:2,2:1:4:3:0:4:4:4:1
4:4:4:4:4:0:1:3:4:,clone,3488.3133058761223,4:4:4:4:4:0:0:3:4
3:1:4:4:3:3:4:4:2:,recombination,3769.72939967057,1:1:4:4:1:4:4:4:0,3:1:4:4:2:4:4:4:2
3:1:4:2:0:4:4:4:2:,recombination,3915.1823449487565,1:1:4:2:0:4:4:4:0,4:3:4:4:4:1:2:3:4,MUTATE
4:1:4:4:2:3:4:4:3:,clone,3912.911440650079,4:1:4:4:2:3:4:4:3
2:1:4:4:2:4:4:4:1:,recombination,3886.861831579228,4:1:4:4:3:4:4:4:4,4:1:4:4:4:2:3:4:4,MUTATE
3:1:4:3:1:4:4:4:1:,recombination,3348.830746847526,4:1:4:4:4:3:3:4:4,4:1:4:4:4:2:4:4:4,MUTATE
3:1:4:3:2:4:4:4:1:,recombination,3813.774938871324,4:1:4:4:1:4:4:4:3,2:1:4:4:2:4:4:4:1,MUTATE
2:1:4:2:1:4:4:4:0:,clone,3670.54430535207,2:1:4:2:1:4:4:4:0
3:1:4:4:4:4:4:4:1:,recombination,4673.685280135264,4:2:4:4:4:1:2:4:4,3:1:4:4:4:4:4:4:3
2:1:4:3:1:4:4:4:0:,clone,3847.1432904193034,2:1:4:3:1:4:4:4:0
2:1:4:3:1:4:4:4:0:,recombination,3722.6535138368763,3:1:4:4:1:4:4:4:2,4:1:4:4:3:4:4:4:4,MUTATE
2:1:4:2:1:4:4:4:0:,recombination,3670.5443053520694,2:1:4:4:2:4:4:4:1,2:1:4:3:1:4:4:4:1,MUTATE
2:1:4:4:0:4:4:4:1:,recombination,6360.216158647631,4:1:4:4:1:4:4:4:2,3:1:4:4:4:3:4:4:3
4:4:4:4:4:0:0:0:4:,clone,3340.6021933402053,4:4:4:4:4:0:0:0:4
2:1:4:4:2:4:4:4:0:,recombination,4401.8529209213175,3:1:4:4:4:4:4:4:2,3:1:4:4:4:3:4:4:2
4:4:4:4:4:0:0:1:4:,recombination,3398.6799368205493,3:1:4:4:1:4:4:4:2,3:2:4:4:4:3:3:4:3,MUTATE
4:4:4:4:4:0:0:0:4:,clone,3308.4659668211584,4:4:4:4:4:0:0:0:4
4:4:4:4:4:0:0:1:4:,clone,3387.2419581642807,4:4:4:4:4:0:0:1:4
4:4:4:4:4:0:0:3:4:,recombination,3407.3562911267554,3:1:4:4:2:4:4:4:3,4:4:4:4:4:0:0:0:4
4:4:4:4:4:0:0:2:4:,clone,3407.3562911267545,4:4:4:4:4:0:0:2:4
4:4:4:4:4:1:1:3:4:,clone,3753.540080745341,4:4:4:4:4:1:1:3:4
4:4:4:4:4:0:1:2:4:,recombination,3598.1171090350044,3:1:4:2:1:4:4:4:2,4:1:4:4:3:4:4:4:4,MUTATE
4:4:4:4:4:0:1:2:4:,recombination,3515.4883141043274,3:1:4:4:2:4:4:4:3,4:4:4:4:4:0:0:0:4,MUTATE
4:4:4:4:4:0:1:2:4:,recombination,3487.3971427698266,4:4:4:4:4:0:0:0:4,4:1:4:4:4:3:3:4:4
4:1:4:4:2:3:4:4:4:,recombination,4253.459910757743,2:1:4:3:0:4:4:4:1,2:1:4:2:1:4:4:4:1,MUTATE
4:4:4:4:4:0:1:1:4:,clone,3536.313821469016,4:4:4:4:4:0:1:1:4
4:4:4:4:4:0:0:2:4:,clone,3400.3057774956173,4:4:4:4:4:0:1:2:4
4:1:4:3:2:4:4:4:2:,clone,3970.8680806346574,4:1:4:3:2:4:4:4:2
4:3:4:4:4:1:2:3:4:,recombination,3859.8502764137793,4:4:4:4:4:0:1:2:4,4:1:4:4:4:3:3:4:4,MUTATE
4:2:4:4:4:1:2:4:4:,recombination,3437.8716467763234,4:4:4:4:4:0:0:3:4,3:1:4:2:0:4:4:4:1
2:1:4:4:0:4:4:4:1:,recombination,6300.722453723118,3:1:4:4:4:3:4:4:1,2:0:4:1:0:4:4:4:0
4:1:4:4:4:3:4:4:3:,clone,4031.669447271679,4:1:4:4:3:4:4:4:3
2:0:4:1:0:4:4:4:0:,recombination,3348.8307468475236,4:3:3:4:4:1:2:4:4,4:1:4:4:3:4:4:4:4,MUTATE
3:1:4:4:2:4:4:4:1:,recombination,3636.6924189725364,4:4:4:4:4:0:0:1:4,2:1:4:4:1:4:4:4:0
2:1:4:1:0:4:4:4:0:,clone,3668.0532829486483,2:1:4:1:0:4:4:4:0
2:1:4:4:0:4:4:4:1:,recombination,6144.436514536847,4:3:2:4:4:2:1:4:4,4:2:4:4:4:3:3:4:4
1:1:4:4:2:4:4:4:0:,recombination,5276.34290594353,3:2:4:4:4:2:3:4:3,2:1:4:4:1:4:4:4:1
4:2:4:4:3:4:4:4:4:,recombination,4570.465638356465,4:1:4:4:2:4:4:4:4,4:3:3:4:4:2:1:4:4,MUTATE
2:1:4:3:2:4:4:4:1:,recombination,4049.5672261085842,3:1:4:2:0:4:4:4:2,3:1:4:3:1:4:4:4:2,MUTATE
2:1:4:3:2:4:4:4:1:,recombination,3944.1768496149707,2:1:4:3:1:4:4:4:1,2:1:4:3:2:4:4:4:1
2:1:4:3:2:4:4:4:1:,clone,3656.068007947977,2:1:4:3:2:4:4:4:1
4:4:4:4:4:0:0:0:4:,clone,3252.760445870534,1:1:4:2:0:4:4:4:0
4:4:4:4:4:0:0:0:4:,clone,3241.635844271293,4:4:4:4:4:0:0:0:4
3:1:4:4:2:4:4:4:2:,recombination,3536.1619710397204,4:1:4:3:2:4:4:4:2,4:1:4:4:4:3:3:4:3
4:4:4:4:4:0:0:0:4:,clone,3222.413789470335,4:4:4:4:4:0:0:0:4
4:4:4:4:4:0:0:1:4:,recombination,3361.201144050598,3:1:4:4:2:4:4:4:2,4:4:4:4:4:0:0:0:4
4:2:4:4:3:4:4:4:3:,clone,5174.546886528666,4:2:4:4:3:4:4:4:3
4:2:4:4:3:4:4:4:3:,clone,5093.05925775969,4:2:4:4:3:4:4:4:3
4:4:4:4:4:0:1:3:4:,clone,3483.055790957646,4:4:4:4:4:0:1:3:4
4:4:4:4:4:1:1:3:4:,recombination,3654.601811083265,1:1:4:3:0:4:4:4:0,4:4:4:4:4:0:0:0:4,MUTATE
4:4:4:4:4:0:1:3:4:,clone,3464.8243972901596,4:4:4:4:4:0:1:3:4
4:2:4:4:3:4:4:4:3:,recombination,4944.9190758149525,4:4:4:4:4:0:1:3:4,4:1:4:4:3:4:4:4:4
1:1:4:3:1:4:4:4:0:,recombination,4928.71131618376,2:1:4:3:1:4:4:4:0,2:1:4:3:0:4:4:4:1
1:1:4:4:0:4:4:4:0:,recombination,6086.273826845474,2:1:4:4:4:3:4:4:1,3:1:4:4:4:2:3:4:3,MUTATE
4:2:4:4:4:4:3:4:4:,recombination,4640.831539547752,4:3:4:4:4:3:2:4:4,3:1:4:4:4:4:4:4:2,MUTATE
4:2:4:4:4:4:3:4:4:,clone,4411.189012133271,4:2:4:4:4:4:3:4:4
2:1:4:3:0:4:4:4:0:,clone,4122.169014440913,2:1:4:3:0:4:4:4:0
4:2:4:4:4:4:3:4:4:,recombination,4274.272642806048,4:4:4:4:4:0:0:1:4,4:3:4:4:4:3:2:4:4,MUTATE
2:1:4:3:0:4:4:4:0:,recombination,4107.306624010796,3:1:4:2:1:4:4:4:1,2:1:4:3:2:4:4:4:1
2:1:4:2:1:4:4:4:0:,recombination,3549.2089920869985,1:1:4:4:1:4:4:4:0,4:3:3:4:4:2:1:4:4
1:1:4:4:0:4:4:4:0:,recombination,5925.962732890925,3:1:4:4:4:4:4:4:2,4:1:4:4:4:3:4:4:4,MUTATE
4:2:4:4:4:4:4:4:3:,clone,5034.4744233576375,4:2:4:4:4:4:4:4:3
4:4:4:4:4:1:1:2:4:,recombination,3753.3553093182027,2:1:4:3:1:4:4:4:1,2:0:4:1:0:4:4:4:0,MUTATE
4:4:4:4:4:1:1:3:4:,recombination,3566.972162840915,4:1:4:4:4:3:4:4:3,4:3:4:4:4:1:1:3:4,MUTATE
2:1:4:4:1:4:4:4:0:,recombination,4429.096657196232,4:1:4:4:4:3:3:4:3,1:1:4:4:2:4:4:4:0
4:3:4:4:4:0:1:4:4:,clone,3408.346791123579,4:3:4:4:4:0:1:4:4
4:3:4:4:4:1:2:2:4:,clone,4057.4873761527106,4:4:4:4:4:0:1:2:4
4:1:4:4:4:3:4:4:3:,recombination,3874.805866381602,4:1:4:4:4:3:3:4:3,4:1:4:4:3:3:4:4:3,MUTATE
4:1:4:3:1:4:4:4:2:,recombination,3896.308389245081,3:2:4:4:4:3:3:4:3,4:1:4:4:4:3:3:4:3
4:1:4:4:4:3:3:4:3:,clone,3598.963582315694,4:1:4:4:4:3:3:4:3
4:1:4:4:4:3:4:4:3:,clone,3734.3173016493256,4:1:4:4:4:3:4:4:3
3:1:4:4:3:4:4:4:2:,recombination,3848.319928114253,4:1:4:4:4:3:4:4:3,2:1:4:4:1:4:4:4:0
3:1:4:3:2:4:4:4:1:,recombination,3707.4995237618996,4:1:4:4:4:3:3:4:3,3:1:4:4:1:4:4:4:2
2:1:4:3:0:4:4:4:0:,recombination,4101.045722734427,3:1:4:4:2:4:4:4:2,4:1:4:4:4:4:4:4:4,MUTATE
2:1:4:4:0:4:4:4:1:,clone,5961.8773613790945,2:1:4:3:0:4:4:4:1
2:1:4:4:1:4:4:4:0:,recombination,4385.462834777677,1:1:4:3:1:4:4:4:0,2:1:4:4:1:4:4:4:0
1:1:4:4:2:4:4:4:0:,clone,5106.835555037879,1:1:4:4:2:4:4:4:0
2:1:4:4:2:4:4:4:0:,recombination,4331.597837717838,2:1:4:4:1:4:4:4:0,4:1:4:4:1:4:4:4:3,MUTATE
2:1:4:1:0:4:4:4:0:,recombination,3658.332219191737,4:1:4:3:2:4:4:4:2,3:1:4:4:3:3:4:4:2,MUTATE
2:1:4:4:2:4:4:4:0:,clone,4051.026884869793,2:1:4:4:2:4:4:4:0
1:1:4:4:3:4:4:4:0:,recombination,5252.863066603556,1:1:4:4:2:4:4:4:0,2:1:4:4:3:3:4:4:1
1:0:4:3:0:4:4:4:0:,clone,5702.879705737113,1:0:4:2:0:4:4:4:0
4:4:4:4:4:0:0:2:4:,clone,3264.534640631697,4:4:4:4:4:0:0:2:4
4:4:4:4:4:0:1:4:4:,clone,3411.267064771601,4:4:4:4:4:0:1:4:4
4:2:4:4:3:3:4:4:3:,clone,4852.060640636727,4:2:4:4:3:3:4:4:3
2:0:4:3:0:4:4:4:0:,clone,4583.709498926151,2:0:4:3:0:4:4:4:0
2:1:4:4:3:4:4:4:2:,clone,5599.963334431495,2:1:4:4:3:4:4:4:2
1:1:4:4:0:4:4:4:1:,recombination,6630.223721558962,4:2:4:4:4:4:4:4:4,1:1:4:3:0:4:4:4:0
4:2:4:4:4:4:4:4:3:,recombination,4960.937313501889,4:4:4:4:4:0:0:1:4,4:1:4:4:3:3:4:4:4,MUTATE
4:2:4:4:3:4:4:4:3:,clone,4944.553879063461,4:2:4:4:4:3:4:4:4
4:2:4:4:3:4:4:4:3:,recombination,4817.73415896299,4:1:4:4:2:4:4:4:3,4:2:4:4:3:4:4:4:3,MUTATE
4:2:4:4:4:3:4:4:3:,recombination,4604.575369611921,3:1:4:4:2:4:4:4:2,4:1:4:4:4:4:4:4:2,MUTATE
4:1:4:4:4:4:4:4:3:,clone,3596.909821991913,4:1:4:4:4:4:4:4:3
4:2:4:4:4:2:3:4:4:,recombination,3260.400138585985,4:4:4:4:4:0:1:4:4,4:4:2:4:4:1:1:4:4,MUTATE
4:2:4:4:3:4:4:4:3:,recombination,4640.016969982837,3:1:4:4:2:4:4:4:2,3:1:4:2:0:4:4:4:2,MUTATE
4:1:4:4:4:4:4:4:2:,recombination,3736.6355034504713,4:3:3:4:4:2:2:4:4,4:4:2:4:4:1:1:4:4
2:1:4:4:4:4:4:4:1:,recombination,4558.510737060242,2:1:4:3:0:4:4:4:1,3:1:4:4:3:4:4:4:3,MUTATE
4:2:4:4:3:4:4:4:4:,recombination,4226.800852923392,4:2:4:4:4:3:3:4:4,4:2:4:4:4:4:3:4:4
4:1:4:4:4:3:4:4:3:,recombination,3733.340883154994,2:1:4:4:2:4:4:4:1,4:1:4:3:2:4:4:4:3
4:1:4:4:3:4:4:4:3:,recombination,3345.6271690381163,4:1:4:4:4:3:4:4:3,1:1:4:3:0:4:4:4:0,MUTATE
4:1:4:4:3:4:4:4:4:,clone,3584.3225848826387,4:1:4:4:3:4:4:4:4
4:1:4:4:2:4:4:4:2:,clone,3699.4421292339625,4:1:4:4:2:4:4:4:2
4:1:4:4:2:4:4:4:2:,recombination,3699.442129233962,4:1:4:4:4:4:4:4:3,4:1:4:4:4:3:4:4:3
1:0:4:2:0:4:4:4:0:,recombination,3912.3332481200814,4:2:4:4:4:2:2:4:4,4:1:4:4:4:3:4:4:3,MUTATE
2:1:4:4:3:4:4:4:0:,clone,4237.158911471646,2:1:4:4:3:4:4:4:0
2:1:4:4:3:4:4:4:0:,clone,4179.695979639316,2:1:4:4:3:4:4:4:0
3:1:4:3:2:4:4:4:2:,recombination,3610.1506425847697,4:2:4:4:4:1:2:3:4,4:3:3:4:4:2:1:4:4
1:0:4:2:0:4:4:4:0:,clone,3848.3534562927525,1:0:4:2:0:4:4:4:0
3:1:4:4:3:4:4:4:2:,recombination,3830.5391996231738,4:3:4:4:4:1:2:3:4,4:2:4:4:4:1:3:4:4,MUTATE
3:1:4:4:3:4:4:4:2:,clone,3754.7596212764656,3:1:4:4:3:4:4:4:2
3:1:4:4:3:4:4:4:2:,clone,3564.3959433276605,3:1:4:4:3:4:4:4:2
4:1:4:4:4:4:3:4:3:,recombination,3894.6151611789574,4:2:4:4:4:4:4:4:4,3:1:4:4:4:3:4:4:2,MUTATE
4:1:4:3:2:4:4:4:2:,recombination,3943.6540329934633,4:1:4:3:1:4:4:4:3,4:2:4:4:4:4:4:4:4,MUTATE
4:1:4:4:2:4:4:4:3:,recombination,3504.2849384558117,4:2:4:4:4:4:4:4:4,2:1:4:2:0:4:4:4:0,MUTATE
3:1:4:3:1:4:4:4:2:,recombination,3608.1014901847084,4:1:4:4:2:4:4:4:2,4:1:4:4:2:4:4:4:3,MUTATE
3:1:4:4:1:4:4:4:2:,recombination,4303.253186067597,3:1:4:4:3:4:4:4:2,4:2:4:4:4:4:3:4:4
4:4:4:4:4:0:0:1:4:,recombination,3315.0577578982598,4:1:4:4:4:3:3:4:3,4:3:2:4:4:2:1:4:4,MUTATE
3:1:4:4:3:4:4:4:2:,clone,3522.1270993880153,3:1:4:4:3:4:4:4:2
2:1:4:2:0:4:4:4:0:,recombination,3447.4394505715336,4:2:4:4:4:1:2:4:4,2:1:4:4:4:4:4:4:1,MUTATE
4:1:4:4:3:4:4:4:2:,clone,3580.6691208112243,4:1:4:4:3:4:4:4:2
4:2:4:4:4:4:4:4:4:,recombination,3941.5598753825293,2:1:4:3:1:4:4:4:0,4:4:4:4:4:0:1:1:4,MUTATE
4:1:4:3:2:4:4:4:2:,recombination,3915.646110044874,4:3:3:4:4:1:1:4:4,2:1:4:3:0:4:4:4:0
3:1:4:4:4:4:4:4:2:,clone,3910.1106783196697,3:1:4:4:2:4:4:4:1
4:2:4:4:2:4:4:4:3:,recombination,5423.766481490601,3:1:4:3:2:4:4:4:1,4:2:4:4:4:4:4:4:3
4:4:4:4:4:0:0:0:4:,recombination,3195.6969348473913,2:1:4:4:3:4:4:4:1,4:1:4:4:4:3:3:4:4,MUTATE
4:4:4:4:4:0:0:2:4:,recombination,3244.4813093416183,4:1:4:4:4:3:4:4:4,3:1:4:4:2:3:4:4:3,MUTATE
4:2:4:4:4:4:3:4:4:,clone,3797.5092933957103,4:2:4:4:4:4:3:4:4
4:4:4:4:4:1:1:4:4:,clone,3348.549600628451,4:4:4:4:4:1:1:4:4
4:1:4:4:2:4:4:4:4:,recombination,3682.049241581488,3:1:4:4:3:3:4:4:2,4:4:2:4:4:1:1:4:4,MUTATE
4:1:4:3:2:4:4:4:2:,recombination,3856.267366040365,3:1:4:3:1:4:4:4:1,4:3:4:4:4:1:2:4:4
4:1:4:3:1:4:4:4:3:,clone,4107.503638567728,4:1:4:3:1:4:4:4:3
4:1:4:4:3:4:4:4:4:,recombination,3461.8169259683386,3:1:4:3:2:4:4:4:1,4:2:4:4:4:4:3:4:4
4:1:4:3:1:4:4:4:2:,recombination,3594.755342664128,1:1:4:2:0:4:4:4:0,4:1:4:4:2:4:4:4:4
4:1:4:4:2:4:4:4:3:,clone,3461.816925968339,4:1:4:4:2:4:4:4:3
4:2:4:4:3:3:4:4:4:,recombination,3470.5269933134095,4:1:4:3:1:4:4:4:2,4:1:4:4:4:4:4:4:3,MUTATE
4:1:4:4:2:4:4:4:3:,clone,3381.4855689785445,4:1:4:3:2:4:4:4:3
4:2:4:4:3:4:4:4:4:,clone,4151.271883933901,4:2:4:4:3:4:4:4:4
4:1:4:3:2:4:4:4:2:,clone,3676.8917532098885,4:1:4:3:2:4:4:4:2
3:1:4:3:1:4:4:4:2:,clone,3596.560396220093,3:1:4:3:1:4:4:4:2
3:1:4:4:1:4:4:4:2:,clone,4294.677598665364,3:1:4:4:1:4:4:4:2
4:2:4:4:4:3:4:4:3:,recombination,4467.512151592939,2:1:4:3:0:4:4:4:1,3:1:4:4:2:4:4:4:2,MUTATE
4:2:4:4:4:3:4:4:3:,recombination,4467.512151592938,4:2:4:4:4:3:4:4:3,4:2:4:4:4:3:4:4:3,MUTATE
4:3:4:4:4:1:2:4:4:,recombination,3174.652434563016,4:4:4:4:4:1:1:4:4,2:1:4:4:1:4:4:4:1
4:1:4:4:4:3:4:4:3:,recombination,3381.1545483905425,4:3:4:4:4:1:2:4:4,4:2:4:4:3:3:4:4:4,MUTATE
4:1:4:4:2:4:4:4:2:,recombination,3636.1298881885623,2:1:4:4:1:4:4:4:0,4:2:4:4:4:4:3:4:4,MUTATE
3:1:4:1:0:4:4:4:1:,clone,3502.8090955855723,3:1:4:1:0:4:4:4:1
4:2:4:4:3:3:4:4:3:,clone,4580.867421203947,4:2:4:4:3:3:4:4:3
4:1:4:4:3:3:4:4:2:,recombination,3879.214868764453,4:1:4:4:2:3:4:4:2,2:1:4:2:1:4:4:4:0
3:1:4:4:4:3:3:4:2:,clone,3700.136587142617,3:1:4:4:4:3:3:4:2
4:2:4:4:3:3:4:4:3:,recombination,4532.295410383651,4:1:4:4:4:3:3:4:3,4:1:4:4:3:4:4:4:3,MUTATE
4:2:4:4:4:3:4:4:3:,recombination,4100.257742674175,3:1:4:4:2:4:4:4:2,2:1:4:3:0:4:4:4:0,MUTATE
4:2:4:4:3:3:4:4:3:,clone,4090.9157642499226,4:2:4:4:3:3:4:4:3
4:3:4:4:4:0:1:3:4:,recombination,3349.6938002227075,3:1:4:4:1:4:4:4:1,4:2:4:4:4:1:2:2:4,MUTATE
4:4:4:4:4:0:0:1:4:,clone,3230.9890786272927,4:4:4:4:4:0:0:1:4
4:4:4:4:4:0:0:2:4:,clone,3219.492225878557,4:4:4:4:4:0:0:2:4
4:3:4:4:4:0:0:2:4:,recombination,3236.036222513638,4:2:4:4:3:3:4:4:4,4:4:4:4:4:0:0:2:4
4:4:4:4:4:0:0:0:4:,recombination,3144.783658266551,3:1:4:3:2:4:4:4:1,3:1:4:4:1:4:4:4:1,MUTATE
4:4:4:4:4:0:0:1:4:,clone,3196.438950753668,4:4:4:4:4:0:0:1:4
4:3:4:4:4:0:0:3:4:,recombination,3191.644033527093,2:1:4:4:0:4:4:4:1,2:1:4:2:0:4:4:4:0,MUTATE
4:4:4:4:4:0:0:2:4:,clone,3186.27096896258,4:4:4:4:4:0:0:2:4
1:1:4:4:2:4:4:4:0:,clone,5088.37559128165,1:1:4:4:2:4:4:4:0
2:0:4:1:0:4:4:4:0:,clone,3304.9922403531004,2:0:4:1:0:4:4:4:0
2:0:4:3:1:4:4:4:0:,clone,5215.532472187132,1:1:4:3:1:4:4:4:0
4:4:4:4:4:0:0:3:4:,recombination,3318.400179618051,4:3:2:4:4:2:1:4:4,3:1:4:4:4:2:3:4:3
4:4:4:4:4:0:0:3:4:,clone,3287.4227063176318,4:4:4:4:4:0:0:3:4
4:4:4:4:4:0:0:3:4:,clone,3271.6179769169876,4:4:4:4:4:0:0:3:4
2:1:4:3:0:4:4:4:0:,recombination,4051.7753630933043,4:3:4:4:4:0:0:2:4,4:1:4:4:3:3:4:4:4,MUTATE
2:1:4:3:0:4:4:4:0:,clone,4047.5786184845224,2:1:4:3:0:4:4:4:0
4:1:4:4:2:3:4:4:3:,clone,3783.996901181206,4:1:4:4:2:3:4:4:3
4:1:4:4:2:3:4:4:3:,clone,3662.328354009385,4:1:4:4:2:3:4:4:3
4:1:4:3:1:4:4:4:3:,recombination,3892.790671158876,3:1:4:4:4:3:4:4:3,4:3:4:4:4:0:0:1:4
4:1:4:4:3:3:4:4:2:,recombination,3743.3435667429144,1:1:4:4:2:4:4:4:0,3:1:4:3:0:4:4:4:1
4:1:4:4:3:3:4:4:2:,clone,3590.9309480105926,4:1:4:4:3:3:4:4:2
1:1:4:2:0:4:4:4:0:,clone,3836.8818585963927,1:1:4:2:0:4:4:4:0
1:0:4:1:0:4:4:4:0:,clone,3738.2904976252194,1:1:4:2:0:4:4:4:0
2:1:4:1:0:4:4:4:0:,clone,3657.4237132392436,2:1:4:1:0:4:4:4:0
1:1:4:4:2:4:4:4:0:,recombination,4831.684848718317,3:1:4:4:3:4:4:4:2,4:1:4:4:1:4:4:4:2,MUTATE
4:4:4:4:4:0:1:3:4:,clone,3392.9670158507492,4:4:4:4:4:0:1:3:4
3:1:4:3:2:4:4:4:1:,clone,3681.797745947995,3:1:4:3:2:4:4:4:1
2:0:4:2:0:4:4:4:0:,recombination,3476.895102758661,4:2:4:4:4:3:2:4:4,1:1:4:3:0:4:4:4:0
4:1:4:4:2:4:4:4:2:,recombination,3622.589981393534,2:1:4:3:0:4:4:4:0,4:4:4:4:4:0:0:3:4
2:0:4:2:0:4:4:4:0:,recombination,3347.960286195407,4:2:4:4:3:4:4:4:3,2:1:4:3:1:4:4:4:1,MUTATE
1:1:4:4:3:4:4:4:0:,recombination,5200.277180057051,4:4:4:4:4:0:0:1:4,3:1:4:4:2:4:4:4:1
1:1:4:4:3:4:4:4:0:,clone,5106.975221943982,1:1:4:4:3:4:4:4:0
1:1:4:4:3:4:4:4:0:,recombination,4967.1808748545445,4:4:4:4:4:0:0:1:4,4:1:4:4:4:3:3:4:3
2:1:4:4:4:4:4:4:1:,clone,4435.497842202425,2:1:4:4:4:4:4:4:1
3:1:4:4:4:4:4:4:1:,recombination,4290.429125205906,3:1:4:4:4:4:4:4:3,4:1:4:3:2:4:4:4:3,MUTATE
1:1:4:4:3:4:4:4:0:,clone,4896.0058912847335,1:1:4:4:3:4:4:4:0
4:2:4:4:4:3:3:4:3:,recombination,4277.076668347129,3:1:4:4:1:4:4:4:1,1:1:4:4:3:4:4:4:0,MUTATE
4:1:4:4:4:3:4:4:2:,recombination,4290.787096313106,4:2:4:4:4:2:2:4:4,4:1:4:4:3:4:4:4:3,MUTATE
4:2:4:4:4:4:4:4:3:,recombination,4327.334996163821,4:1:4:4:2:3:4:4:3,3:1:4:4:1:4:4:4:2
4:1:4:4:4:3:4:4:2:,clone,4082.9510837692796,4:1:4:4:4:3:4:4:2
3:1:4:4:1:4:4:4:2:,recombination,4287.665437045141,4:2:4:4:4:3:4:4:4,4:4:4:4:4:0:0:1:4
3:1:4:4:1:4:4:4:2:,clone,4287.66543704514,3:1:4:4:1:4:4:4:2
2:0:4:3:1:4:4:4:0:,clone,4108.54435504653,2:1:4:3:1:4:4:4:0
4:2:4:4:3:4:4:4:3:,recombination,4380.994331081889,4:2:4:4:3:4:4:4:3,2:1:4:3:0:4:4:4:0,MUTATE
4:1:4:4:1:4:4:4:4:,recombination,4719.830225063825,4:2:4:4:4:3:3:4:4,3:1:4:4:4:3:4:4:3,MUTATE
4:2:4:4:2:4:4:4:4:,clone,4121.840648202385,4:2:4:4:2:4:4:4:4
4:2:4:4:2:4:4:4:3:,clone,5221.346737388347,4:2:4:4:2:4:4:4:3
4:2:4:4:2:4:4:4:3:,clone,5002.278907480998,4:2:4:4:2:4:4:4:3
4:2:4:4:2:4:4:4:3:,recombination,4799.760547467387,4:1:4:4:4:4:4:4:4,3:1:4:4:3:4:4:4:2,MUTATE
4:1:4:4:2:4:4:4:2:,clone,3348.830746847525,3:1:4:4:4:4:4:4:2
3:1:4:3:1:4:4:4:2:,clone,3523.228202547574,3:1:4:3:1:4:4:4:2
3:1:4:4:4:4:4:4:1:,recombination,4286.5732585814585,3:1:4:4:4:3:4:4:3,2:1:4:4:3:4:4:4:2,MUTATE
3:1:4:4:4:4:4:4:1:,clone,3973.390670951036,3:1:4:4:4:4:4:4:1
2:1:4:4:4:4:4:4:1:,clone,4343.223487138233,3:1:4:4:4:4:4:4:1
3:1:4:4:4:4:4:4:1:,clone,3828.398585339972,3:1:4:4:4:4:4:4:1
3:1:4:4:4:4:3:4:1:,recombination,4735.765814745351,3:1:4:4:4:3:3:4:2,3:1:4:4:4:3:4:4:2,MUTATE
2:1:4:4:3:4:4:4:1:,clone,3925.70182321644,2:1:4:4:3:4:4:4:1
1:1:4:3:1:4:4:4:0:,recombination,4885.847481217404,4:1:4:4:4:4:4:4:3,4:1:4:4:4:3:3:4:3
2:1:4:2:0:4:4:4:0:,clone,3390.96912003096,2:1:4:2:0:4:4:4:0
2:1:4:2:0:4:4:4:0:,clone,3390.9691200309594,2:1:4:2:0:4:4:4:0
4:4:4:4:4:1:1:4:4:,recombination,3325.94559058261,3:1:4:4:4:3:4:4:3,4:1:4:4:2:4:4:4:3
4:4:4:4:4:0:0:4:4:,recombination,3195.6643918656046,4:1:4:4:4:4:4:4:3,4:1:4:4:3:4:4:4:4,MUTATE
4:2:4:4:2:3:4:4:3:,recombination,4773.626399824561,4:2:4:4:4:4:4:4:3,4:1:4:4:4:4:4:4:4,MUTATE
4:3:4:4:4:0:1:4:4:,recombination,3248.7404153077623,4:3:4:4:4:1:2:2:4,4:1:4:3:1:4:4:4:3
4:1:4:4:1:4:4:4:3:,recombination,4453.7968251407665,4:1:4:4:4:3:3:4:3,2:1:4:4:3:3:4:4:1,MUTATE
0:1:4:4:0:4:4:4:0:,clone,7693.347790119808,1:1:4:3:0:4:4:4:0
3:1:4:3:0:4:4:4:1:,clone,4137.814612722714,3:1:4:3:0:4:4:4:1
1:1:4:3:1:4:4:4:0:,clone,4880.86775490844,2:1:4:2:0:4:4:4:0
2:1:4:2:1:4:4:4:1:,recombination,3547.277597548564,4:3:4:4:4:1:1:3:4,4:1:4:4:3:4:4:4:3
4:1:4:4:4:4:3:4:3:,recombination,3867.6270770804,4:1:4:4:2:3:4:4:3,4:1:4:4:4:2:2:4:4
4:4:2:4:4:0:0:0:4:,clone,3293.3025293076926,2:0:4:1:0:4:4:4:0
4:4:4:4:4:1:1:4:4:,recombination,3278.1133337327765,4:1:4:4:3:3:4:4:4,2:1:4:3:0:4:4:4:0
4:4:2:4:4:0:0:2:4:,clone,3269.6245409091425,4:4:2:4:4:0:0:1:4
4:4:3:4:4:0:0:2:4:,recombination,3463.867960805732,4:1:4:4:2:3:4:4:3,2:1:4:4:4:4:4:4:1,MUTATE
4:4:2:4:4:0:0:1:4:,clone,3269.6245409091425,4:4:2:4:4:0:0:1:4
4:4:3:4:4:0:0:3:4:,clone,3269.6245409091425,4:4:2:4:4:0:0:2:4
4:2:4:4:2:3:4:4:4:,recombination,4649.5723113347685,3:1:4:4:4:3:4:4:3,4:1:4:4:3:3:4:4:3,MUTATE
4:4:3:4:4:0:0:4:4:,clone,3219.6944836982093,4:4:3:4:4:0:0:3:4
4:1:4:4:2:3:4:4:4:,recombination,4122.376994549324,4:2:4:4:2:3:4:4:3,4:2:4:4:4:2:2:4:4
4:4:3:4:4:1:1:4:4:,clone,3219.6944836982093,4:4:3:4:4:0:0:4:4
4:1:4:3:1:4:4:4:2:,clone,3585.8187685693883,4:1:4:2:1:4:4:4:2
4:1:4:4:3:3:4:4:4:,clone,3348.8307468475264,4:1:4:4:3:3:4:4:4
4:1:4:3:2:4:4:4:3:,clone,3585.8187685693883,4:1:4:3:2:4:4:4:3
4:4:4:4:4:0:0:3:4:,recombination,3252.1386079181802,4:1:4:4:3:4:4:4:4,4:4:3:4:4:0:0:4:4
4:1:4:3:1:4:4:4:2:,clone,3567.812615891717,4:1:4:3:1:4:4:4:2
4:4:4:4:4:0:0:3:4:,recombination,3146.3942776079084,4:4:4:4:4:0:0:0:4,2:1:4:3:0:4:4:4:0,MUTATE
4:1:4:3:1:4:4:4:3:,recombination,3734.7325760451413,4:3:4:4:4:2:3:4:4,4:1:4:3:2:4:4:4:3,MUTATE
2:1:4:4:1:4:4:4:0:,clone,4383.0210925874435,2:1:4:4:1:4:4:4:0
4:2:4:4:1:4:4:4:3:,clone,5080.29136379379,4:2:4:4:1:4:4:4:3
4:2:4:4:2:3:4:4:4:,recombination,4539.821232334696,3:1:4:2:0:4:4:4:1,4:1:4:4:3:4:4:4:4,MUTATE
4:1:4:4:4:3:3:4:3:,clone,3534.6355300948853,4:1:4:4:4:3:3:4:3
4:4:4:4:4:0:1:4:4:,recombination,3320.462541912508,4:2:4:4:4:4:4:4:3,3:1:4:3:1:4:4:4:1,MUTATE
4:4:4:4:4:0:0:2:4:,recombination,3171.9311938345413,1:1:4:3:0:4:4:4:0,4:4:2:4:4:0:0:1:4,MUTATE
4:4:4:4:4:0:0:2:4:,clone,3129.1550510343677,4:4:4:4:4:0:0:2:4
4:4:4:4:4:0:0:3:4:,clone,3129.1550510343677,4:4:4:4:4:0:0:2:4
4:4:4:4:4:0:1:3:4:,clone,3345.2018593388416,4:4:4:4:4:0:0:3:4
4:4:4:4:4:0:1:3:4:,clone,3289.9363528410813,4:4:4:4:4:0:1:3:4
2:1:4:3:1:4:4:4:1:,clone,3581.7013041039136,2:1:4:3:1:4:4:4:1
3:1:4:3:1:4:4:4:1:,recombination,3327.287371051257,1:1:4:2:0:4:4:4:0,3:1:4:4:4:4:4:4:1,MUTATE
2:1:4:1:0:4:4:4:0:,clone,3654.4198075667814,2:1:4:1:0:4:4:4:0
2:1:4:1:0:4:4:4:0:,recombination,3587.181536751635,3:1:4:4:4:4:4:4:2,2:1:4:4:2:4:4:4:1,MUTATE
2:1:4:1:0:4:4:4:0:,clone,3539.5111937751803,2:1:4:1:0:4:4:4:0
4:1:4:4:4:4:4:4:3:,recombination,3536.956909472968,4:2:4:4:4:4:4:4:3,3:1:4:4:2:4:4:4:2,MUTATE
3:1:4:4:4:4:4:4:2:,recombination,3902.449614966098,4:1:4:4:4:3:4:4:3,3:1:4:4:2:4:4:4:2,MUTATE
3:1:4:4:4:4:4:4:2:,recombination,3889.828065756213,4:3:4:4:4:2:2:4:4,4:1:4:4:4:4:4:4:3,MUTATE
4:1:4:4:2:4:4:4:3:,recombination,3348.8307468475255,2:1:4:4:3:4:4:4:2,4:1:4:2:1:4:4:4:2,MUTATE
4:4:4:4:4:1:2:3:4:,clone,3787.8109050423714,4:4:4:4:4:1:2:3:4
4:1:4:3:1:4:4:4:2:,clone,3348.830746847526,4:1:4:3:1:4:4:4:2
2:1:4:2:0:4:4:4:0:,recombination,3354.4659136268833,4:1:4:4:4:3:3:4:3,2:1:4:2:0:4:4:4:0
4:4:4:4:4:1:0:4:4:,recombination,3380.486049515694,4:2:4:4:3:4:4:4:4,4:1:4:4:4:4:4:4:3
4:4:4:4:4:1:0:4:4:,recombination,3353.071934400085,4:1:4:4:4:4:4:4:3,2:1:4:2:0:4:4:4:1,MUTATE
4:2:4:4:3:4:4:4:4:,clone,4135.019426276715,4:2:4:4:3:4:4:4:4
4:2:4:4:4:4:4:4:3:,clone,4204.191739380627,4:2:4:4:4:3:4:4:4
4:4:4:4:4:0:0:0:4:,recombination,3098.606062189663,4:2:4:4:4:3:4:4:4,4:2:4:4:4:3:2:4:4,MUTATE
4:3:4:4:4:0:0:3:4:,clone,3186.606723992205,4:4:4:4:4:0:0:3:4
4:4:4:4:4:1:1:3:4:,clone,3524.6079781673716,4:4:4:4:4:1:1:3:4
4:1:4:4:1:4:4:4:3:,clone,4443.104408839422,4:1:4:4:1:4:4:4:3
3:2:4:4:4:3:4:4:3:,clone,5691.135621513084,4:2:4:4:4:3:3:4:4
3:2:4:4:4:3:4:4:3:,clone,5688.858287937448,3:2:4:4:4:3:4:4:3
4:1:4:3:2:4:4:4:3:,clone,3519.8553520285886,4:1:4:3:2:4:4:4:3
4:1:4:4:4:4:3:4:3:,clone,3673.433916192971,4:1:4:4:4:3:3:4:4
4:1:4:4:4:4:4:4:3:,recombination,3528.8350658240224,4:1:4:4:2:3:4:4:2,3:1:4:4:2:4:4:4:2
1:0:4:2:0:4:4:4:0:,clone,3847.0717212736663,2:0:4:2:0:4:4:4:0
3:1:4:4:4:3:4:4:2:,clone,3676.6651451510756,3:1:4:4:4:3:4:4:2
4:2:4:4:3:4:4:4:4:,clone,3960.695537095688,4:2:4:4:3:4:4:4:4
2:1:4:1:0:4:4:4:0:,recombination,3480.9915842580194,2:1:4:4:2:4:4:4:1,2:1:4:3:1:4:4:4:0
3:1:4:4:4:3:4:4:3:,recombination,4625.312076218824,3:1:4:4:2:4:4:4:2,1:1:4:3:0:4:4:4:0,MUTATE
4:1:4:4:1:4:4:4:2:,recombination,4266.171068239403,2:1:4:3:1:4:4:4:1,4:1:4:4:3:4:4:4:3,MUTATE
4:4:4:4:4:1:1:4:4:,recombination,3232.798082673392,2:1:4:1:0:4:4:4:0,2:1:4:3:1:4:4:4:0,MUTATE
4:2:4:4:4:3:4:4:3:,clone,4054.9630307308707,4:1:4:4:4:3:4:4:3
3:1:4:3:2:4:4:4:1:,recombination,3603.8758976687786,4:3:3:4:4:1:1:4:4,3:1:4:4:3:4:4:4:3,MUTATE
2:0:4:3:0:4:4:4:0:,recombination,4575.473503324196,4:1:4:3:1:4:4:4:3,4:1:4:4:3:3:4:4:4
4:2:4:4:3:4:4:4:3:,recombination,4374.064779419355,4:2:4:4:3:4:4:4:3,4:1:4:4:4:2:3:4:3
4:4:4:4:4:0:1:3:4:,clone,3162.803791674559,4:4:4:4:4:0:1:3:4
4:4:4:4:4:1:1:4:4:,clone,3207.05988501538,4:4:4:4:4:1:1:4:4
4:4:4:4:4:1:1:4:4:,clone,3167.884763043164,4:4:4:4:4:1:1:4:4
1:0:4:3:0:4:4:4:0:,recombination,5700.136721924278,4:1:4:4:4:2:3:4:4,3:1:4:4:4:4:3:4:2,MUTATE
1:0:4:3:0:4:4:4:0:,recombination,5699.93185232014,4:2:4:4:4:2:3:3:4,3:1:4:3:2:4:4:4:1,MUTATE
1:1:4:4:1:4:4:4:1:,clone,7088.484790316989,3:1:4:4:2:4:4:4:2
1:1:4:4:1:4:4:4:1:,clone,6849.335329418952,1:1:4:4:1:4:4:4:1
3:2:4:4:4:4:4:4:3:,recombination,5597.785772796856,3:1:4:2:0:4:4:4:2,4:1:4:4:3:4:4:4:2
1:0:4:1:0:4:4:4:0:,recombination,3731.384709468848,2:1:4:3:0:4:4:4:0,2:1:4:4:3:4:4:4:2,MUTATE
1:0:4:2:0:4:4:4:0:,recombination,3808.5461562573105,4:1:4:4:2:3:4:4:3,4:2:4:4:3:3:4:4:3,MUTATE
4:1:4:4:4:3:3:4:4:,recombination,3280.832292349425,3:1:4:4:4:3:4:4:2,2:1:4:3:0:4:4:4:1,MUTATE
4:4:3:4:4:0:0:0:4:,clone,3363.960160883888,2:0:4:2:0:4:4:4:0
4:2:4:3:1:4:4:4:3:,recombination,4369.6792328658885,4:2:4:4:3:4:4:4:3,2:1:4:4:4:3:4:4:1
4:2:4:4:1:4:4:4:3:,recombination,4923.1584806170285,3:1:4:4:2:4:4:4:2,1:1:4:4:3:4:4:4:0,MUTATE
2:1:4:4:1:4:4:4:2:,clone,5942.999021216042,2:1:4:4:1:4:4:4:2
3:1:4:3:1:4:4:4:2:,recombination,3500.557777129854,4:1:4:4:4:3:3:4:3,4:1:4:4:3:4:4:4:4
1:1:4:3:1:4:4:4:0:,clone,4778.197152361504,1:1:4:3:1:4:4:4:0
4:3:4:4:4:0:0:1:4:,clone,3316.6030591039166,4:4:4:4:4:0:0:1:4
3:1:4:4:3:3:4:4:2:,clone,3745.638162869464,3:1:4:4:3:3:4:4:2
3:1:4:4:3:4:4:4:1:,recombination,3808.7114118128566,3:1:4:4:4:4:3:4:2,4:1:4:3:1:4:4:4:2
2:1:4:2:1:4:4:4:1:,recombination,3410.0443554349235,4:4:3:4:4:0:0:2:4,4:4:4:4:4:0:1:2:4,MUTATE
3:1:4:2:1:4:4:4:1:,clone,3273.200144513252,2:1:4:2:1:4:4:4:1
2:1:4:2:1:4:4:4:0:,recombination,3485.542547077845,2:1:4:2:0:4:4:4:0,4:4:2:4:4:0:0:1:4,MUTATE
2:1:4:2:0:4:4:4:0:,recombination,3330.2487565066094,2:1:4:4:4:4:4:4:1,4:4:2:4:4:0:0:0:4,MUTATE
2:1:4:2:0:4:4:4:0:,recombination,3273.200144513252,4:4:4:4:4:0:0:3:4,4:2:4:4:4:3:4:4:4
4:3:4:4:4:0:0:2:4:,recombination,3210.0076190022846,2:1:4:3:0:4:4:4:0,4:4:4:4:4:0:0:2:4
4:3:4:4:4:0:0:3:4:,clone,3081.1857453444463,4:3:4:4:4:0:0:3:4
2:1:4:4:0:4:4:4:1:,recombination,5949.744266856704,4:2:4:4:3:3:4:4:3,2:1:4:2:0:4:4:4:0
4:1:4:4:4:3:3:4:3:,recombination,3471.8792611611216,4:2:4:4:4:2:2:4:4,4:4:2:4:4:0:0:0:4,MUTATE
4:4:4:4:4:0:0:0:4:,clone,3035.536762401063,4:1:4:4:3:4:4:4:3
4:4:4:4:4:0:0:1:4:,clone,3059.214750799613,4:4:4:4:4:0:0:1:4
4:4:4:4:4:0:0:1:4:,recombination,3035.536762401063,4:4:4:4:4:0:0:0:4,4:4:3:4:4:1:1:4:4,MUTATE
4:4:4:4:4:0:0:2:4:,clone,3055.925861731057,4:4:4:4:4:0:0:2:4
4:4:4:4:4:0:0:2:4:,clone,3019.07778206356,4:4:4:4:4:0:0:1:4
4:3:4:4:4:0:1:3:4:,clone,3318.462511037651,4:4:4:4:4:0:1:3:4
4:3:4:4:4:0:1:3:4:,clone,3291.0447637073235,4:4:4:4:4:0:1:3:4
4:4:4:4:4:1:1:3:4:,clone,3393.9782062685344,4:4:4:4:4:1:1:4:4
4:2:4:4:4:3:3:4:4:,clone,3198.5495561704724,4:2:4:4:4:3:3:4:4
1:1:4:2:0:4:4:4:0:,clone,3826.5787872278706,1:1:4:2:0:4:4:4:0
4:4:4:4:4:1:2:4:4:,clone,3633.3986212358163,4:4:4:4:4:1:1:4:4
4:3:4:4:4:3:3:4:4:,clone,3650.3109216806633,4:3:4:4:4:2:3:4:4
4:1:4:4:2:3:4:4:4:,recombination,4059.278856138416,1:1:4:3:0:4:4:4:0,4:3:4:4:4:2:2:4:4
4:1:4:4:2:3:4:4:4:,recombination,3982.7512988692833,4:1:4:4:1:4:4:4:3,4:3:3:4:4:2:2:4:4
4:2:4:4:2:4:4:4:3:,clone,4428.804749820189,4:2:4:4:2:4:4:4:3
4:2:4:4:2:3:4:4:4:,clone,4346.866500755583,4:2:4:4:4:3:4:4:4
3:1:4:4:3:4:4:4:3:,recombination,5212.65023257024,4:4:4:4:4:0:0:3:4,4:2:4:4:4:4:4:4:4
3:2:4:4:1:4:4:4:2:,clone,5834.06739094956,4:2:4:4:1:4:4:4:3
3:2:4:4:2:4:4:4:3:,recombination,5765.500752772213,1:1:4:4:0:4:4:4:0,2:1:4:1:0:4:4:4:0,MUTATE
2:1:4:4:4:4:4:4:2:,recombination,5593.040734225666,1:1:4:3:0:4:4:4:0,4:4:4:4:4:1:0:4:4,MUTATE
2:1:4:4:4:4:4:4:2:,clone,5311.160700983209,2:1:4:4:4:4:4:4:2
4:1:4:4:4:4:3:4:4:,clone,3348.8307468475255,4:1:4:4:4:4:4:4:4
4:1:4:4:4:4:3:4:3:,recombination,3495.290519043795,2:1:4:4:4:4:4:4:1,4:1:4:3:2:4:4:4:3
4:1:4:4:4:4:4:4:4:,clone,3496.467882710705,4:1:4:4:4:4:3:4:4
4:1:4:4:4:4:4:4:4:,clone,3496.467882710704,4:1:4:4:4:4:4:4:4
4:1:4:4:4:4:4:4:3:,clone,3455.0573036923483,4:1:4:4:4:4:4:4:3
4:2:4:4:4:4:4:4:3:,clone,4190.568232603833,4:2:4:4:4:4:4:4:3
3:1:4:3:1:4:4:4:1:,clone,3325.152758448976,3:1:4:3:1:4:4:4:1
4:1:4:4:4:3:4:4:2:,clone,4032.0451796348393,4:1:4:4:4:3:4:4:2
3:2:4:4:3:4:4:4:3:,recombination,5933.794320225969,4:1:4:4:4:3:4:4:3,3:1:4:3:1:4:4:4:1,MUTATE
4:4:4:4:4:1:1:2:4:,clone,3674.649907673695,4:4:4:4:4:1:1:2:4
4:1:4:3:2:4:4:4:4:,clone,3348.830746847525,4:1:4:4:2:3:4:4:3
3:1:4:3:0:4:4:4:1:,clone,4074.5900296373898,3:1:4:3:0:4:4:4:1
3:1:4:3:0:4:4:4:1:,recombination,4060.6238849148267,4:4:4:4:4:0:0:0:4,2:1:4:3:0:4:4:4:0,MUTATE
1:1:4:4:1:4:4:4:1:,recombination,6191.2055534327565,3:1:4:4:2:4:4:4:2,1:1:4:3:0:4:4:4:0,MUTATE
4:4:4:4:4:0:1:2:4:,clone,3484.882186068924,4:4:4:4:4:0:1:2:4
2:1:4:4:4:4:4:4:0:,recombination,4655.609026703265,3:1:4:2:1:4:4:4:2,1:1:4:3:0:4:4:4:0,MUTATE
1:1:4:2:0:4:4:4:0:,clone,3804.9242362870364,1:1:4:2:0:4:4:4:0
4:1:4:4:1:4:4:4:3:,recombination,4440.5569892139865,4:2:4:4:3:4:4:4:3,4:1:4:4:3:3:4:4:4,MUTATE
4:4:3:4:4:0:0:2:4:,clone,3376.244911100932,4:4:3:4:4:0:0:1:4
4:4:3:4:4:0:0:2:4:,clone,3376.1416195462007,4:4:3:4:4:0:0:2:4
4:4:3:4:4:0:1:3:4:,recombination,3600.9264337464947,4:1:4:4:4:4:3:4:4,4:1:4:4:4:4:4:4:3
4:4:3:4:4:0:1:4:4:,clone,3600.9264337464947,4:4:3:4:4:0:1:3:4
3:1:4:3:2:4:4:4:2:,clone,3601.7552299903646,3:1:4:3:2:4:4:4:2
3:1:4:4:1:4:4:4:1:,recombination,4267.622948001644,1:1:4:3:1:4:4:4:0,2:1:4:3:0:4:4:4:1,MUTATE
4:1:4:4:3:4:4:4:4:,clone,3348.830746847526,4:2:4:4:3:4:4:4:4
4:4:4:4:4:1:2:4:4:,clone,3530.7461307642066,4:4:4:4:4:1:1:4:4
4:2:4:4:3:4:4:4:4:,clone,3617.8687601563406,4:2:4:4:3:4:4:4:4
4:2:4:4:4:4:4:4:4:,clone,3695.3192185058347,4:2:4:4:4:4:4:4:4
4:3:4:4:4:0:0:4:4:,recombination,3210.910120877796,2:1:4:2:0:4:4:4:0,4:1:4:4:2:4:4:4:3,MUTATE
3:1:4:4:4:3:4:4:2:,recombination,3600.3254906591746,3:1:4:4:4:4:4:4:3,4:2:4:4:2:3:4:4:4
3:1:4:3:2:4:4:4:2:,recombination,3576.096902597877,4:4:4:4:4:0:0:0:4,4:2:4:4:4:4:4:4:4
